<?xml version="1.0" encoding="UTF-8"?>
<testsuite xmlns:xsi="http://www.w3.org/2001/XMLSchema-instance" xsi:noNamespaceSchemaLocation="https://maven.apache.org/surefire/maven-surefire-plugin/xsd/surefire-test-report.xsd" name="org.apache.hadoop.fs.ozone.TestRootedOzoneFileSystem" time="333.162" tests="160" errors="0" skipped="18" failures="3">
  <properties>
    <property name="awt.toolkit" value="sun.awt.X11.XToolkit"/>
    <property name="file.encoding.pkg" value="sun.io"/>
    <property name="java.specification.version" value="1.8"/>
    <property name="sun.cpu.isalist" value=""/>
    <property name="sun.jnu.encoding" value="UTF-8"/>
    <property name="java.class.path" value="/home/runner/work/ozone/ozone/hadoop-ozone/integration-test/target/test-classes:/home/runner/work/ozone/ozone/hadoop-ozone/integration-test/target/classes:/home/runner/.m2/repository/org/apache/ozone/ozone-common/1.3.0-SNAPSHOT/ozone-common-1.3.0-SNAPSHOT.jar:/home/runner/.m2/repository/org/apache/commons/commons-compress/1.21/commons-compress-1.21.jar:/home/runner/.m2/repository/org/apache/ozone/hdds-common/1.3.0-SNAPSHOT/hdds-common-1.3.0-SNAPSHOT.jar:/home/runner/.m2/repository/org/apache/ozone/hdds-client/1.3.0-SNAPSHOT/hdds-client-1.3.0-SNAPSHOT.jar:/home/runner/.m2/repository/org/apache/ozone/ozone-interface-client/1.3.0-SNAPSHOT/ozone-interface-client-1.3.0-SNAPSHOT.jar:/home/runner/.m2/repository/org/apache/ozone/hdds-test-utils/1.3.0-SNAPSHOT/hdds-test-utils-1.3.0-SNAPSHOT.jar:/home/runner/.m2/repository/com/google/guava/guava/30.1.1-jre/guava-30.1.1-jre.jar:/home/runner/.m2/repository/com/google/guava/failureaccess/1.0.1/failureaccess-1.0.1.jar:/home/runner/.m2/repository/com/google/guava/listenablefuture/9999.0-empty-to-avoid-conflict-with-guava/listenablefuture-9999.0-empty-to-avoid-conflict-with-guava.jar:/home/runner/.m2/repository/com/google/code/findbugs/jsr305/3.0.0/jsr305-3.0.0.jar:/home/runner/.m2/repository/org/checkerframework/checker-qual/3.8.0/checker-qual-3.8.0.jar:/home/runner/.m2/repository/com/google/errorprone/error_prone_annotations/2.2.0/error_prone_annotations-2.2.0.jar:/home/runner/.m2/repository/com/google/j2objc/j2objc-annotations/1.3/j2objc-annotations-1.3.jar:/home/runner/.m2/repository/commons-io/commons-io/2.11.0/commons-io-2.11.0.jar:/home/runner/.m2/repository/commons-logging/commons-logging/1.2/commons-logging-1.2.jar:/home/runner/.m2/repository/log4j/log4j/1.2.17/log4j-1.2.17.jar:/home/runner/.m2/repository/org/slf4j/slf4j-api/1.7.30/slf4j-api-1.7.30.jar:/home/runner/.m2/repository/org/apache/ozone/hdds-server-scm/1.3.0-SNAPSHOT/hdds-server-scm-1.3.0-SNAPSHOT.jar:/home/runner/.m2/repository/org/apache/ozone/hdds-container-service/1.3.0-SNAPSHOT/hdds-container-service-1.3.0-SNAPSHOT.jar:/home/runner/.m2/repository/org/apache/ozone/hdds-hadoop-dependency-server/1.3.0-SNAPSHOT/hdds-hadoop-dependency-server-1.3.0-SNAPSHOT.jar:/home/runner/.m2/repository/org/apache/hadoop/hadoop-hdfs/3.3.1/hadoop-hdfs-3.3.1.jar:/home/runner/.m2/repository/org/apache/ozone/hdds-server-framework/1.3.0-SNAPSHOT/hdds-server-framework-1.3.0-SNAPSHOT.jar:/home/runner/.m2/repository/org/apache/ozone/hdds-interface-server/1.3.0-SNAPSHOT/hdds-interface-server-1.3.0-SNAPSHOT.jar:/home/runner/.m2/repository/org/eclipse/jetty/jetty-servlet/9.4.43.v20210629/jetty-servlet-9.4.43.v20210629.jar:/home/runner/.m2/repository/org/eclipse/jetty/jetty-security/9.4.43.v20210629/jetty-security-9.4.43.v20210629.jar:/home/runner/.m2/repository/org/rocksdb/rocksdbjni/6.25.3/rocksdbjni-6.25.3.jar:/home/runner/.m2/repository/io/prometheus/simpleclient_dropwizard/0.7.0/simpleclient_dropwizard-0.7.0.jar:/home/runner/.m2/repository/io/prometheus/simpleclient/0.7.0/simpleclient-0.7.0.jar:/home/runner/.m2/repository/io/prometheus/simpleclient_common/0.7.0/simpleclient_common-0.7.0.jar:/home/runner/.m2/repository/com/fasterxml/jackson/datatype/jackson-datatype-jsr310/2.12.1/jackson-datatype-jsr310-2.12.1.jar:/home/runner/.m2/repository/io/dropwizard/metrics/metrics-core/3.2.4/metrics-core-3.2.4.jar:/home/runner/.m2/repository/org/apache/hadoop/hadoop-hdfs-client/3.3.1/hadoop-hdfs-client-3.3.1.jar:/home/runner/.m2/repository/org/bouncycastle/bcprov-jdk15on/1.67/bcprov-jdk15on-1.67.jar:/home/runner/.m2/repository/com/google/protobuf/protobuf-java/2.5.0/protobuf-java-2.5.0.jar:/home/runner/.m2/repository/org/apache/ozone/ozone-manager/1.3.0-SNAPSHOT/ozone-manager-1.3.0-SNAPSHOT.jar:/home/runner/.m2/repository/org/aspectj/aspectjrt/1.9.7/aspectjrt-1.9.7.jar:/home/runner/.m2/repository/org/aspectj/aspectjweaver/1.9.7/aspectjweaver-1.9.7.jar:/home/runner/.m2/repository/org/apache/ozone/hdds-interface-client/1.3.0-SNAPSHOT/hdds-interface-client-1.3.0-SNAPSHOT.jar:/home/runner/.m2/repository/org/apache/hadoop/thirdparty/hadoop-shaded-protobuf_3_7/1.1.1/hadoop-shaded-protobuf_3_7-1.1.1.jar:/home/runner/.m2/repository/org/apache/ozone/ozone-interface-storage/1.3.0-SNAPSHOT/ozone-interface-storage-1.3.0-SNAPSHOT.jar:/home/runner/.m2/repository/org/reflections/reflections/0.9.11/reflections-0.9.11.jar:/home/runner/.m2/repository/org/apache/hadoop/hadoop-minikdc/3.3.1/hadoop-minikdc-3.3.1.jar:/home/runner/.m2/repository/org/apache/kerby/kerb-simplekdc/1.0.1/kerb-simplekdc-1.0.1.jar:/home/runner/.m2/repository/org/apache/kerby/kerb-client/1.0.1/kerb-client-1.0.1.jar:/home/runner/.m2/repository/org/apache/kerby/kerby-config/1.0.1/kerby-config-1.0.1.jar:/home/runner/.m2/repository/org/apache/kerby/kerb-common/1.0.1/kerb-common-1.0.1.jar:/home/runner/.m2/repository/org/apache/kerby/kerb-crypto/1.0.1/kerb-crypto-1.0.1.jar:/home/runner/.m2/repository/org/apache/kerby/kerb-util/1.0.1/kerb-util-1.0.1.jar:/home/runner/.m2/repository/org/apache/kerby/token-provider/1.0.1/token-provider-1.0.1.jar:/home/runner/.m2/repository/org/apache/kerby/kerb-admin/1.0.1/kerb-admin-1.0.1.jar:/home/runner/.m2/repository/org/apache/kerby/kerb-server/1.0.1/kerb-server-1.0.1.jar:/home/runner/.m2/repository/org/apache/kerby/kerb-identity/1.0.1/kerb-identity-1.0.1.jar:/home/runner/.m2/repository/org/apache/kerby/kerby-xdr/1.0.1/kerby-xdr-1.0.1.jar:/home/runner/.m2/repository/org/slf4j/slf4j-log4j12/1.7.30/slf4j-log4j12-1.7.30.jar:/home/runner/.m2/repository/org/apache/ozone/ozone-s3gateway/1.3.0-SNAPSHOT/ozone-s3gateway-1.3.0-SNAPSHOT.jar:/home/runner/.m2/repository/org/javassist/javassist/3.21.0-GA/javassist-3.21.0-GA.jar:/home/runner/.m2/repository/org/jboss/weld/servlet/weld-servlet/2.4.7.Final/weld-servlet-2.4.7.Final.jar:/home/runner/.m2/repository/org/glassfish/jersey/containers/jersey-container-servlet-core/2.33/jersey-container-servlet-core-2.33.jar:/home/runner/.m2/repository/org/glassfish/hk2/external/jakarta.inject/2.6.1/jakarta.inject-2.6.1.jar:/home/runner/.m2/repository/org/glassfish/jersey/core/jersey-common/2.33/jersey-common-2.33.jar:/home/runner/.m2/repository/jakarta/ws/rs/jakarta.ws.rs-api/2.1.6/jakarta.ws.rs-api-2.1.6.jar:/home/runner/.m2/repository/org/glassfish/jersey/ext/cdi/jersey-cdi1x/2.33/jersey-cdi1x-2.33.jar:/home/runner/.m2/repository/org/glassfish/jersey/inject/jersey-hk2/2.33/jersey-hk2-2.33.jar:/home/runner/.m2/repository/org/glassfish/hk2/hk2-locator/2.6.1/hk2-locator-2.6.1.jar:/home/runner/.m2/repository/org/glassfish/jersey/media/jersey-media-jaxb/2.33/jersey-media-jaxb-2.33.jar:/home/runner/.m2/repository/org/glassfish/hk2/osgi-resource-locator/1.0.3/osgi-resource-locator-1.0.3.jar:/home/runner/.m2/repository/org/glassfish/hk2/hk2-api/2.5.0/hk2-api-2.5.0.jar:/home/runner/.m2/repository/org/glassfish/hk2/hk2-utils/2.5.0/hk2-utils-2.5.0.jar:/home/runner/.m2/repository/org/glassfish/hk2/external/aopalliance-repackaged/2.5.0/aopalliance-repackaged-2.5.0.jar:/home/runner/.m2/repository/com/fasterxml/jackson/dataformat/jackson-dataformat-xml/2.12.1/jackson-dataformat-xml-2.12.1.jar:/home/runner/.m2/repository/com/fasterxml/jackson/core/jackson-core/2.12.1/jackson-core-2.12.1.jar:/home/runner/.m2/repository/com/fasterxml/jackson/module/jackson-module-jaxb-annotations/2.12.1/jackson-module-jaxb-annotations-2.12.1.jar:/home/runner/.m2/repository/jakarta/xml/bind/jakarta.xml.bind-api/2.3.2/jakarta.xml.bind-api-2.3.2.jar:/home/runner/.m2/repository/org/codehaus/woodstox/stax2-api/3.1.4/stax2-api-3.1.4.jar:/home/runner/.m2/repository/com/fasterxml/woodstox/woodstox-core/5.0.3/woodstox-core-5.0.3.jar:/home/runner/.m2/repository/javax/enterprise/cdi-api/1.2/cdi-api-1.2.jar:/home/runner/.m2/repository/javax/el/javax.el-api/3.0.0/javax.el-api-3.0.0.jar:/home/runner/.m2/repository/javax/interceptor/javax.interceptor-api/1.2/javax.interceptor-api-1.2.jar:/home/runner/.m2/repository/javax/inject/javax.inject/1/javax.inject-1.jar:/home/runner/.m2/repository/javax/xml/bind/jaxb-api/2.3.0/jaxb-api-2.3.0.jar:/home/runner/.m2/repository/org/glassfish/jaxb/jaxb-runtime/2.3.0.1/jaxb-runtime-2.3.0.1.jar:/home/runner/.m2/repository/org/glassfish/jaxb/jaxb-core/2.3.0.1/jaxb-core-2.3.0.1.jar:/home/runner/.m2/repository/org/glassfish/jaxb/txw2/2.3.0.1/txw2-2.3.0.1.jar:/home/runner/.m2/repository/com/sun/istack/istack-commons-runtime/3.0.5/istack-commons-runtime-3.0.5.jar:/home/runner/.m2/repository/org/jvnet/staxex/stax-ex/1.7.8/stax-ex-1.7.8.jar:/home/runner/.m2/repository/com/sun/xml/fastinfoset/FastInfoset/1.2.13/FastInfoset-1.2.13.jar:/home/runner/.m2/repository/javax/activation/activation/1.1.1/activation-1.1.1.jar:/home/runner/.m2/repository/org/apache/ozone/ozone-csi/1.3.0-SNAPSHOT/ozone-csi-1.3.0-SNAPSHOT.jar:/home/runner/.m2/repository/com/google/protobuf/protobuf-java-util/3.12.0/protobuf-java-util-3.12.0.jar:/home/runner/.m2/repository/com/google/code/gson/gson/2.2.4/gson-2.2.4.jar:/home/runner/.m2/repository/org/apache/ozone/hdds-config/1.3.0-SNAPSHOT/hdds-config-1.3.0-SNAPSHOT.jar:/home/runner/.m2/repository/io/grpc/grpc-netty/1.33.0/grpc-netty-1.33.0.jar:/home/runner/.m2/repository/io/grpc/grpc-core/1.33.0/grpc-core-1.33.0.jar:/home/runner/.m2/repository/com/google/android/annotations/4.1.1.4/annotations-4.1.1.4.jar:/home/runner/.m2/repository/io/netty/netty-codec-http2/4.1.63.Final/netty-codec-http2-4.1.63.Final.jar:/home/runner/.m2/repository/io/netty/netty-codec-http/4.1.63.Final/netty-codec-http-4.1.63.Final.jar:/home/runner/.m2/repository/io/netty/netty-handler-proxy/4.1.63.Final/netty-handler-proxy-4.1.63.Final.jar:/home/runner/.m2/repository/io/netty/netty-codec-socks/4.1.63.Final/netty-codec-socks-4.1.63.Final.jar:/home/runner/.m2/repository/io/perfmark/perfmark-api/0.19.0/perfmark-api-0.19.0.jar:/home/runner/.m2/repository/org/codehaus/mojo/animal-sniffer-annotations/1.18/animal-sniffer-annotations-1.18.jar:/home/runner/.m2/repository/io/netty/netty-transport-native-epoll/4.1.63.Final/netty-transport-native-epoll-4.1.63.Final.jar:/home/runner/.m2/repository/io/netty/netty-common/4.1.63.Final/netty-common-4.1.63.Final.jar:/home/runner/.m2/repository/io/netty/netty-buffer/4.1.63.Final/netty-buffer-4.1.63.Final.jar:/home/runner/.m2/repository/io/netty/netty-transport-native-unix-common/4.1.63.Final/netty-transport-native-unix-common-4.1.63.Final.jar:/home/runner/.m2/repository/io/grpc/grpc-protobuf/1.33.0/grpc-protobuf-1.33.0.jar:/home/runner/.m2/repository/io/grpc/grpc-api/1.33.0/grpc-api-1.33.0.jar:/home/runner/.m2/repository/io/grpc/grpc-context/1.33.0/grpc-context-1.33.0.jar:/home/runner/.m2/repository/com/google/api/grpc/proto-google-common-protos/1.17.0/proto-google-common-protos-1.17.0.jar:/home/runner/.m2/repository/io/grpc/grpc-protobuf-lite/1.33.0/grpc-protobuf-lite-1.33.0.jar:/home/runner/.m2/repository/io/grpc/grpc-stub/1.33.0/grpc-stub-1.33.0.jar:/home/runner/.m2/repository/org/apache/ozone/ozone-recon/1.3.0-SNAPSHOT/ozone-recon-1.3.0-SNAPSHOT.jar:/home/runner/.m2/repository/org/apache/ozone/ozone-reconcodegen/1.3.0-SNAPSHOT/ozone-reconcodegen-1.3.0-SNAPSHOT.jar:/home/runner/.m2/repository/com/google/inject/extensions/guice-multibindings/4.0/guice-multibindings-4.0.jar:/home/runner/.m2/repository/com/google/inject/guice/4.0/guice-4.0.jar:/home/runner/.m2/repository/aopalliance/aopalliance/1.0/aopalliance-1.0.jar:/home/runner/.m2/repository/com/google/inject/extensions/guice-assistedinject/4.0/guice-assistedinject-4.0.jar:/home/runner/.m2/repository/com/google/inject/extensions/guice-servlet/4.0/guice-servlet-4.0.jar:/home/runner/.m2/repository/org/glassfish/jersey/containers/jersey-container-servlet/2.33/jersey-container-servlet-2.33.jar:/home/runner/.m2/repository/org/glassfish/hk2/guice-bridge/2.5.0/guice-bridge-2.5.0.jar:/home/runner/.m2/repository/org/glassfish/jersey/core/jersey-server/2.33/jersey-server-2.33.jar:/home/runner/.m2/repository/org/glassfish/jersey/core/jersey-client/2.33/jersey-client-2.33.jar:/home/runner/.m2/repository/jakarta/annotation/jakarta.annotation-api/1.3.5/jakarta.annotation-api-1.3.5.jar:/home/runner/.m2/repository/jakarta/validation/jakarta.validation-api/2.0.2/jakarta.validation-api-2.0.2.jar:/home/runner/.m2/repository/org/glassfish/jersey/media/jersey-media-json-jackson/2.33/jersey-media-json-jackson-2.33.jar:/home/runner/.m2/repository/org/glassfish/jersey/ext/jersey-entity-filtering/2.33/jersey-entity-filtering-2.33.jar:/home/runner/.m2/repository/org/jooq/jooq/3.11.10/jooq-3.11.10.jar:/home/runner/.m2/repository/org/jooq/jooq-meta/3.11.10/jooq-meta-3.11.10.jar:/home/runner/.m2/repository/org/jooq/jooq-codegen/3.11.10/jooq-codegen-3.11.10.jar:/home/runner/.m2/repository/com/jolbox/bonecp/0.8.0.RELEASE/bonecp-0.8.0.RELEASE.jar:/home/runner/.m2/repository/org/apache/derby/derby/10.14.2.0/derby-10.14.2.0.jar:/home/runner/.m2/repository/org/xerial/sqlite-jdbc/3.25.2/sqlite-jdbc-3.25.2.jar:/home/runner/.m2/repository/org/springframework/spring-jdbc/5.2.18.RELEASE/spring-jdbc-5.2.18.RELEASE.jar:/home/runner/.m2/repository/org/springframework/spring-beans/5.2.18.RELEASE/spring-beans-5.2.18.RELEASE.jar:/home/runner/.m2/repository/org/springframework/spring-core/5.2.18.RELEASE/spring-core-5.2.18.RELEASE.jar:/home/runner/.m2/repository/org/springframework/spring-jcl/5.2.18.RELEASE/spring-jcl-5.2.18.RELEASE.jar:/home/runner/.m2/repository/org/springframework/spring-tx/5.2.18.RELEASE/spring-tx-5.2.18.RELEASE.jar:/home/runner/.m2/repository/org/apache/ozone/ozone-client/1.3.0-SNAPSHOT/ozone-client-1.3.0-SNAPSHOT.jar:/home/runner/.m2/repository/org/apache/ozone/ozone-filesystem/1.3.0-SNAPSHOT/ozone-filesystem-1.3.0-SNAPSHOT.jar:/home/runner/.m2/repository/org/apache/ozone/ozone-filesystem-common/1.3.0-SNAPSHOT/ozone-filesystem-common-1.3.0-SNAPSHOT.jar:/home/runner/.m2/repository/org/apache/ozone/ozone-tools/1.3.0-SNAPSHOT/ozone-tools-1.3.0-SNAPSHOT.jar:/home/runner/.m2/repository/org/apache/ratis/ratis-tools/2.2.0/ratis-tools-2.2.0.jar:/home/runner/.m2/repository/com/amazonaws/aws-java-sdk-core/1.12.124/aws-java-sdk-core-1.12.124.jar:/home/runner/.m2/repository/org/apache/httpcomponents/httpclient/4.5.13/httpclient-4.5.13.jar:/home/runner/.m2/repository/org/apache/httpcomponents/httpcore/4.4.13/httpcore-4.4.13.jar:/home/runner/.m2/repository/software/amazon/ion/ion-java/1.0.2/ion-java-1.0.2.jar:/home/runner/.m2/repository/com/fasterxml/jackson/dataformat/jackson-dataformat-cbor/2.12.1/jackson-dataformat-cbor-2.12.1.jar:/home/runner/.m2/repository/joda-time/joda-time/2.8.1/joda-time-2.8.1.jar:/home/runner/.m2/repository/com/amazonaws/aws-java-sdk-s3/1.12.124/aws-java-sdk-s3-1.12.124.jar:/home/runner/.m2/repository/com/amazonaws/aws-java-sdk-kms/1.12.124/aws-java-sdk-kms-1.12.124.jar:/home/runner/.m2/repository/com/amazonaws/jmespath-java/1.12.124/jmespath-java-1.12.124.jar:/home/runner/.m2/repository/org/kohsuke/metainf-services/metainf-services/1.8/metainf-services-1.8.jar:/home/runner/.m2/repository/org/apache/ozone/hdds-tools/1.3.0-SNAPSHOT/hdds-tools-1.3.0-SNAPSHOT.jar:/home/runner/.m2/repository/commons-cli/commons-cli/1.2/commons-cli-1.2.jar:/home/runner/.m2/repository/org/apache/commons/commons-lang3/3.7/commons-lang3-3.7.jar:/home/runner/.m2/repository/org/apache/ozone/ozone-manager/1.3.0-SNAPSHOT/ozone-manager-1.3.0-SNAPSHOT-tests.jar:/home/runner/.m2/repository/org/apache/ozone/hdds-common/1.3.0-SNAPSHOT/hdds-common-1.3.0-SNAPSHOT-tests.jar:/home/runner/.m2/repository/org/apache/ozone/hdds-hadoop-dependency-client/1.3.0-SNAPSHOT/hdds-hadoop-dependency-client-1.3.0-SNAPSHOT.jar:/home/runner/.m2/repository/info/picocli/picocli/4.6.1/picocli-4.6.1.jar:/home/runner/.m2/repository/com/fasterxml/jackson/core/jackson-annotations/2.12.1/jackson-annotations-2.12.1.jar:/home/runner/.m2/repository/javax/annotation/javax.annotation-api/1.2/javax.annotation-api-1.2.jar:/home/runner/.m2/repository/org/apache/ratis/ratis-server/2.2.0/ratis-server-2.2.0.jar:/home/runner/.m2/repository/org/apache/ratis/ratis-client/2.2.0/ratis-client-2.2.0.jar:/home/runner/.m2/repository/org/apache/ratis/ratis-server-api/2.2.0/ratis-server-api-2.2.0.jar:/home/runner/.m2/repository/org/apache/ratis/ratis-metrics/2.2.0/ratis-metrics-2.2.0.jar:/home/runner/.m2/repository/org/apache/ratis/ratis-netty/2.2.0/ratis-netty-2.2.0.jar:/home/runner/.m2/repository/org/apache/ratis/ratis-grpc/2.2.0/ratis-grpc-2.2.0.jar:/home/runner/.m2/repository/org/apache/logging/log4j/log4j-api/2.13.3/log4j-api-2.13.3.jar:/home/runner/.m2/repository/org/apache/logging/log4j/log4j-core/2.13.3/log4j-core-2.13.3.jar:/home/runner/.m2/repository/com/lmax/disruptor/3.4.2/disruptor-3.4.2.jar:/home/runner/.m2/repository/org/apache/commons/commons-pool2/2.6.0/commons-pool2-2.6.0.jar:/home/runner/.m2/repository/org/bouncycastle/bcpkix-jdk15on/1.67/bcpkix-jdk15on-1.67.jar:/home/runner/.m2/repository/commons-validator/commons-validator/1.6/commons-validator-1.6.jar:/home/runner/.m2/repository/commons-beanutils/commons-beanutils/1.9.4/commons-beanutils-1.9.4.jar:/home/runner/.m2/repository/commons-digester/commons-digester/1.8.1/commons-digester-1.8.1.jar:/home/runner/.m2/repository/commons-collections/commons-collections/3.2.2/commons-collections-3.2.2.jar:/home/runner/.m2/repository/io/jaegertracing/jaeger-client/1.6.0/jaeger-client-1.6.0.jar:/home/runner/.m2/repository/io/jaegertracing/jaeger-thrift/1.6.0/jaeger-thrift-1.6.0.jar:/home/runner/.m2/repository/org/apache/thrift/libthrift/0.14.1/libthrift-0.14.1.jar:/home/runner/.m2/repository/com/squareup/okhttp3/okhttp/4.9.0/okhttp-4.9.0.jar:/home/runner/.m2/repository/com/squareup/okio/okio/2.8.0/okio-2.8.0.jar:/home/runner/.m2/repository/io/jaegertracing/jaeger-core/1.6.0/jaeger-core-1.6.0.jar:/home/runner/.m2/repository/io/jaegertracing/jaeger-tracerresolver/1.6.0/jaeger-tracerresolver-1.6.0.jar:/home/runner/.m2/repository/io/opentracing/contrib/opentracing-tracerresolver/0.1.8/opentracing-tracerresolver-0.1.8.jar:/home/runner/.m2/repository/org/jetbrains/kotlin/kotlin-stdlib/1.4.31/kotlin-stdlib-1.4.31.jar:/home/runner/.m2/repository/org/jetbrains/kotlin/kotlin-stdlib-common/1.4.31/kotlin-stdlib-common-1.4.31.jar:/home/runner/.m2/repository/org/jetbrains/annotations/13.0/annotations-13.0.jar:/home/runner/.m2/repository/io/opentracing/opentracing-util/0.33.0/opentracing-util-0.33.0.jar:/home/runner/.m2/repository/io/opentracing/opentracing-api/0.33.0/opentracing-api-0.33.0.jar:/home/runner/.m2/repository/io/opentracing/opentracing-noop/0.33.0/opentracing-noop-0.33.0.jar:/home/runner/.m2/repository/org/yaml/snakeyaml/1.26/snakeyaml-1.26.jar:/home/runner/.m2/repository/org/apache/ozone/hdds-interface-admin/1.3.0-SNAPSHOT/hdds-interface-admin-1.3.0-SNAPSHOT.jar:/home/runner/.m2/repository/junit/junit/4.13.1/junit-4.13.1.jar:/home/runner/.m2/repository/org/hamcrest/hamcrest-core/1.3/hamcrest-core-1.3.jar:/home/runner/.m2/repository/org/junit/jupiter/junit-jupiter-api/5.7.0/junit-jupiter-api-5.7.0.jar:/home/runner/.m2/repository/org/apiguardian/apiguardian-api/1.1.0/apiguardian-api-1.1.0.jar:/home/runner/.m2/repository/org/opentest4j/opentest4j/1.2.0/opentest4j-1.2.0.jar:/home/runner/.m2/repository/org/junit/platform/junit-platform-commons/1.7.0/junit-platform-commons-1.7.0.jar:/home/runner/.m2/repository/org/junit/jupiter/junit-jupiter-engine/5.7.0/junit-jupiter-engine-5.7.0.jar:/home/runner/.m2/repository/org/junit/platform/junit-platform-engine/1.7.0/junit-platform-engine-1.7.0.jar:/home/runner/.m2/repository/org/junit/vintage/junit-vintage-engine/5.7.0/junit-vintage-engine-5.7.0.jar:/home/runner/.m2/repository/org/junit/platform/junit-platform-launcher/1.7.0/junit-platform-launcher-1.7.0.jar:/home/runner/.m2/repository/org/openjdk/jmh/jmh-core/1.19/jmh-core-1.19.jar:/home/runner/.m2/repository/net/sf/jopt-simple/jopt-simple/4.6/jopt-simple-4.6.jar:/home/runner/.m2/repository/org/apache/commons/commons-math3/3.1.1/commons-math3-3.1.1.jar:/home/runner/.m2/repository/org/openjdk/jmh/jmh-generator-annprocess/1.19/jmh-generator-annprocess-1.19.jar:/home/runner/.m2/repository/org/mockito/mockito-core/2.28.2/mockito-core-2.28.2.jar:/home/runner/.m2/repository/net/bytebuddy/byte-buddy/1.9.10/byte-buddy-1.9.10.jar:/home/runner/.m2/repository/net/bytebuddy/byte-buddy-agent/1.9.10/byte-buddy-agent-1.9.10.jar:/home/runner/.m2/repository/org/objenesis/objenesis/1.0/objenesis-1.0.jar:/home/runner/.m2/repository/org/apache/hadoop/hadoop-kms/3.3.1/hadoop-kms-3.3.1.jar:/home/runner/.m2/repository/org/apache/hadoop/hadoop-auth/3.3.1/hadoop-auth-3.3.1.jar:/home/runner/.m2/repository/com/nimbusds/nimbus-jose-jwt/7.9/nimbus-jose-jwt-7.9.jar:/home/runner/.m2/repository/com/github/stephenc/jcip/jcip-annotations/1.0-1/jcip-annotations-1.0-1.jar:/home/runner/.m2/repository/net/minidev/json-smart/2.3.1/json-smart-2.3.1.jar:/home/runner/.m2/repository/net/minidev/accessors-smart/2.3.1/accessors-smart-2.3.1.jar:/home/runner/.m2/repository/org/ow2/asm/asm/5.0.4/asm-5.0.4.jar:/home/runner/.m2/repository/org/apache/zookeeper/zookeeper/3.5.6/zookeeper-3.5.6.jar:/home/runner/.m2/repository/org/apache/zookeeper/zookeeper-jute/3.5.6/zookeeper-jute-3.5.6.jar:/home/runner/.m2/repository/org/apache/yetus/audience-annotations/0.5.0/audience-annotations-0.5.0.jar:/home/runner/.m2/repository/org/apache/curator/curator-framework/4.2.0/curator-framework-4.2.0.jar:/home/runner/.m2/repository/org/apache/hadoop/thirdparty/hadoop-shaded-guava/1.1.1/hadoop-shaded-guava-1.1.1.jar:/home/runner/.m2/repository/com/sun/jersey/jersey-core/1.19/jersey-core-1.19.jar:/home/runner/.m2/repository/javax/ws/rs/jsr311-api/1.1.1/jsr311-api-1.1.1.jar:/home/runner/.m2/repository/com/sun/jersey/jersey-server/1.19/jersey-server-1.19.jar:/home/runner/.m2/repository/javax/servlet/javax.servlet-api/3.1.0/javax.servlet-api-3.1.0.jar:/home/runner/.m2/repository/org/eclipse/jetty/jetty-server/9.4.43.v20210629/jetty-server-9.4.43.v20210629.jar:/home/runner/.m2/repository/org/eclipse/jetty/jetty-http/9.4.43.v20210629/jetty-http-9.4.43.v20210629.jar:/home/runner/.m2/repository/org/eclipse/jetty/jetty-io/9.4.43.v20210629/jetty-io-9.4.43.v20210629.jar:/home/runner/.m2/repository/org/eclipse/jetty/jetty-webapp/9.4.43.v20210629/jetty-webapp-9.4.43.v20210629.jar:/home/runner/.m2/repository/org/eclipse/jetty/jetty-xml/9.4.43.v20210629/jetty-xml-9.4.43.v20210629.jar:/home/runner/.m2/repository/org/apache/hadoop/hadoop-common/3.3.1/hadoop-common-3.3.1.jar:/home/runner/.m2/repository/commons-net/commons-net/3.6/commons-net-3.6.jar:/home/runner/.m2/repository/jakarta/activation/jakarta.activation-api/1.2.1/jakarta.activation-api-1.2.1.jar:/home/runner/.m2/repository/com/sun/jersey/jersey-servlet/1.19/jersey-servlet-1.19.jar:/home/runner/.m2/repository/com/sun/jersey/jersey-json/1.19/jersey-json-1.19.jar:/home/runner/.m2/repository/org/codehaus/jettison/jettison/1.1/jettison-1.1.jar:/home/runner/.m2/repository/com/sun/xml/bind/jaxb-impl/2.2.3-1/jaxb-impl-2.2.3-1.jar:/home/runner/.m2/repository/org/codehaus/jackson/jackson-jaxrs/1.9.2/jackson-jaxrs-1.9.2.jar:/home/runner/.m2/repository/org/codehaus/jackson/jackson-xc/1.9.2/jackson-xc-1.9.2.jar:/home/runner/.m2/repository/org/apache/commons/commons-configuration2/2.1.1/commons-configuration2-2.1.1.jar:/home/runner/.m2/repository/org/apache/commons/commons-text/1.4/commons-text-1.4.jar:/home/runner/.m2/repository/com/google/re2j/re2j/1.1/re2j-1.1.jar:/home/runner/.m2/repository/com/jcraft/jsch/0.1.54/jsch-0.1.54.jar:/home/runner/.m2/repository/org/apache/curator/curator-client/4.2.0/curator-client-4.2.0.jar:/home/runner/.m2/repository/org/apache/curator/curator-recipes/4.2.0/curator-recipes-4.2.0.jar:/home/runner/.m2/repository/org/apache/kerby/kerb-core/1.0.1/kerb-core-1.0.1.jar:/home/runner/.m2/repository/org/apache/kerby/kerby-pkix/1.0.1/kerby-pkix-1.0.1.jar:/home/runner/.m2/repository/org/apache/kerby/kerby-asn1/1.0.1/kerby-asn1-1.0.1.jar:/home/runner/.m2/repository/org/apache/kerby/kerby-util/1.0.1/kerby-util-1.0.1.jar:/home/runner/.m2/repository/dnsjava/dnsjava/2.1.7/dnsjava-2.1.7.jar:/home/runner/.m2/repository/org/xerial/snappy/snappy-java/1.1.8.2/snappy-java-1.1.8.2.jar:/home/runner/.m2/repository/org/slf4j/jul-to-slf4j/1.7.30/jul-to-slf4j-1.7.30.jar:/home/runner/.m2/repository/org/eclipse/jetty/jetty-util/9.4.43.v20210629/jetty-util-9.4.43.v20210629.jar:/home/runner/.m2/repository/com/fasterxml/jackson/core/jackson-databind/2.12.1/jackson-databind-2.12.1.jar:/home/runner/.m2/repository/org/apache/hadoop/hadoop-kms/3.3.1/hadoop-kms-3.3.1-tests.jar:/home/runner/.m2/repository/org/apache/ozone/hdds-server-scm/1.3.0-SNAPSHOT/hdds-server-scm-1.3.0-SNAPSHOT-tests.jar:/home/runner/.m2/repository/org/apache/ozone/hdds-container-service/1.3.0-SNAPSHOT/hdds-container-service-1.3.0-SNAPSHOT-tests.jar:/home/runner/.m2/repository/commons-codec/commons-codec/1.11/commons-codec-1.11.jar:/home/runner/.m2/repository/io/netty/netty-transport/4.1.63.Final/netty-transport-4.1.63.Final.jar:/home/runner/.m2/repository/io/netty/netty-resolver/4.1.63.Final/netty-resolver-4.1.63.Final.jar:/home/runner/.m2/repository/io/netty/netty-codec/4.1.63.Final/netty-codec-4.1.63.Final.jar:/home/runner/.m2/repository/io/netty/netty-handler/4.1.63.Final/netty-handler-4.1.63.Final.jar:/home/runner/.m2/repository/org/apache/ozone/hdds-hadoop-dependency-test/1.3.0-SNAPSHOT/hdds-hadoop-dependency-test-1.3.0-SNAPSHOT.jar:/home/runner/.m2/repository/org/apache/hadoop/hadoop-common/3.3.1/hadoop-common-3.3.1-tests.jar:/home/runner/.m2/repository/org/assertj/assertj-core/3.12.2/assertj-core-3.12.2.jar:/home/runner/.m2/repository/org/apache/hadoop/hadoop-hdfs/3.3.1/hadoop-hdfs-3.3.1-tests.jar:/home/runner/.m2/repository/org/eclipse/jetty/jetty-util-ajax/9.4.43.v20210629/jetty-util-ajax-9.4.43.v20210629.jar:/home/runner/.m2/repository/commons-daemon/commons-daemon/1.0.13/commons-daemon-1.0.13.jar:/home/runner/.m2/repository/io/netty/netty/3.10.6.Final/netty-3.10.6.Final.jar:/home/runner/.m2/repository/io/netty/netty-all/4.1.63.Final/netty-all-4.1.63.Final.jar:/home/runner/.m2/repository/org/apache/htrace/htrace-core4/4.1.0-incubating/htrace-core4-4.1.0-incubating.jar:/home/runner/.m2/repository/org/fusesource/leveldbjni/leveldbjni-all/1.8/leveldbjni-all-1.8.jar:/home/runner/.m2/repository/org/apache/hadoop/hadoop-distcp/3.3.1/hadoop-distcp-3.3.1.jar:/home/runner/.m2/repository/org/apache/hadoop/hadoop-mapreduce-client-jobclient/3.3.1/hadoop-mapreduce-client-jobclient-3.3.1.jar:/home/runner/.m2/repository/org/apache/hadoop/hadoop-mapreduce-client-common/3.3.1/hadoop-mapreduce-client-common-3.3.1.jar:/home/runner/.m2/repository/org/apache/hadoop/hadoop-yarn-common/3.3.1/hadoop-yarn-common-3.3.1.jar:/home/runner/.m2/repository/org/apache/hadoop/hadoop-yarn-api/3.3.1/hadoop-yarn-api-3.3.1.jar:/home/runner/.m2/repository/com/sun/jersey/jersey-client/1.19/jersey-client-1.19.jar:/home/runner/.m2/repository/com/sun/jersey/contribs/jersey-guice/1.19/jersey-guice-1.19.jar:/home/runner/.m2/repository/com/fasterxml/jackson/jaxrs/jackson-jaxrs-json-provider/2.12.1/jackson-jaxrs-json-provider-2.12.1.jar:/home/runner/.m2/repository/com/fasterxml/jackson/jaxrs/jackson-jaxrs-base/2.12.1/jackson-jaxrs-base-2.12.1.jar:/home/runner/.m2/repository/org/apache/hadoop/hadoop-yarn-client/3.3.1/hadoop-yarn-client-3.3.1.jar:/home/runner/.m2/repository/org/eclipse/jetty/websocket/websocket-client/9.4.40.v20210413/websocket-client-9.4.40.v20210413.jar:/home/runner/.m2/repository/org/eclipse/jetty/jetty-client/9.4.40.v20210413/jetty-client-9.4.40.v20210413.jar:/home/runner/.m2/repository/org/eclipse/jetty/websocket/websocket-common/9.4.40.v20210413/websocket-common-9.4.40.v20210413.jar:/home/runner/.m2/repository/org/eclipse/jetty/websocket/websocket-api/9.4.40.v20210413/websocket-api-9.4.40.v20210413.jar:/home/runner/.m2/repository/org/jline/jline/3.9.0/jline-3.9.0.jar:/home/runner/.m2/repository/org/apache/hadoop/hadoop-mapreduce-client-core/3.3.1/hadoop-mapreduce-client-core-3.3.1.jar:/home/runner/.m2/repository/org/apache/avro/avro/1.7.7/avro-1.7.7.jar:/home/runner/.m2/repository/org/codehaus/jackson/jackson-core-asl/1.9.13/jackson-core-asl-1.9.13.jar:/home/runner/.m2/repository/org/codehaus/jackson/jackson-mapper-asl/1.9.13/jackson-mapper-asl-1.9.13.jar:/home/runner/.m2/repository/com/thoughtworks/paranamer/paranamer/2.3/paranamer-2.3.jar:/home/runner/.m2/repository/org/apache/hadoop/hadoop-annotations/3.3.1/hadoop-annotations-3.3.1.jar:/usr/lib/jvm/adoptopenjdk-8-hotspot-amd64/jre/../lib/tools.jar:/home/runner/.m2/repository/org/apache/hadoop/hadoop-distcp/3.3.1/hadoop-distcp-3.3.1-tests.jar:/home/runner/.m2/repository/org/apache/ratis/ratis-common/2.2.0/ratis-common-2.2.0.jar:/home/runner/.m2/repository/org/apache/ratis/ratis-thirdparty-misc/0.7.0/ratis-thirdparty-misc-0.7.0.jar:/home/runner/.m2/repository/org/apache/ratis/ratis-proto/2.2.0/ratis-proto-2.2.0.jar:"/>
    <property name="java.vm.vendor" value="AdoptOpenJDK"/>
    <property name="sun.arch.data.model" value="64"/>
    <property name="test.build.dir" value="/home/runner/work/ozone/ozone/hadoop-ozone/integration-test/target/test-dir"/>
    <property name="test.cache.data" value=""/>
    <property name="java.vendor.url" value="https://adoptopenjdk.net/"/>
    <property name="user.timezone" value=""/>
    <property name="java.vm.specification.version" value="1.8"/>
    <property name="os.name" value="Linux"/>
    <property name="test.build.data" value="/home/runner/work/ozone/ozone/hadoop-ozone/integration-test/target/test-dir"/>
    <property name="sun.java.launcher" value="SUN_STANDARD"/>
    <property name="sun.boot.library.path" value="/usr/lib/jvm/adoptopenjdk-8-hotspot-amd64/jre/lib/amd64"/>
    <property name="sun.java.command" value="/home/runner/work/ozone/ozone/hadoop-ozone/integration-test/target/surefire/surefirebooter5285839416165018891.jar /home/runner/work/ozone/ozone/hadoop-ozone/integration-test/target/surefire 2021-12-08T15-38-01_439-jvmRun1 surefire4345972838249856729tmp surefire_254589686032314152855tmp"/>
    <property name="surefire.test.class.path" value="/home/runner/work/ozone/ozone/hadoop-ozone/integration-test/target/test-classes:/home/runner/work/ozone/ozone/hadoop-ozone/integration-test/target/classes:/home/runner/.m2/repository/org/apache/ozone/ozone-common/1.3.0-SNAPSHOT/ozone-common-1.3.0-SNAPSHOT.jar:/home/runner/.m2/repository/org/apache/commons/commons-compress/1.21/commons-compress-1.21.jar:/home/runner/.m2/repository/org/apache/ozone/hdds-common/1.3.0-SNAPSHOT/hdds-common-1.3.0-SNAPSHOT.jar:/home/runner/.m2/repository/org/apache/ozone/hdds-client/1.3.0-SNAPSHOT/hdds-client-1.3.0-SNAPSHOT.jar:/home/runner/.m2/repository/org/apache/ozone/ozone-interface-client/1.3.0-SNAPSHOT/ozone-interface-client-1.3.0-SNAPSHOT.jar:/home/runner/.m2/repository/org/apache/ozone/hdds-test-utils/1.3.0-SNAPSHOT/hdds-test-utils-1.3.0-SNAPSHOT.jar:/home/runner/.m2/repository/com/google/guava/guava/30.1.1-jre/guava-30.1.1-jre.jar:/home/runner/.m2/repository/com/google/guava/failureaccess/1.0.1/failureaccess-1.0.1.jar:/home/runner/.m2/repository/com/google/guava/listenablefuture/9999.0-empty-to-avoid-conflict-with-guava/listenablefuture-9999.0-empty-to-avoid-conflict-with-guava.jar:/home/runner/.m2/repository/com/google/code/findbugs/jsr305/3.0.0/jsr305-3.0.0.jar:/home/runner/.m2/repository/org/checkerframework/checker-qual/3.8.0/checker-qual-3.8.0.jar:/home/runner/.m2/repository/com/google/errorprone/error_prone_annotations/2.2.0/error_prone_annotations-2.2.0.jar:/home/runner/.m2/repository/com/google/j2objc/j2objc-annotations/1.3/j2objc-annotations-1.3.jar:/home/runner/.m2/repository/commons-io/commons-io/2.11.0/commons-io-2.11.0.jar:/home/runner/.m2/repository/commons-logging/commons-logging/1.2/commons-logging-1.2.jar:/home/runner/.m2/repository/log4j/log4j/1.2.17/log4j-1.2.17.jar:/home/runner/.m2/repository/org/slf4j/slf4j-api/1.7.30/slf4j-api-1.7.30.jar:/home/runner/.m2/repository/org/apache/ozone/hdds-server-scm/1.3.0-SNAPSHOT/hdds-server-scm-1.3.0-SNAPSHOT.jar:/home/runner/.m2/repository/org/apache/ozone/hdds-container-service/1.3.0-SNAPSHOT/hdds-container-service-1.3.0-SNAPSHOT.jar:/home/runner/.m2/repository/org/apache/ozone/hdds-hadoop-dependency-server/1.3.0-SNAPSHOT/hdds-hadoop-dependency-server-1.3.0-SNAPSHOT.jar:/home/runner/.m2/repository/org/apache/hadoop/hadoop-hdfs/3.3.1/hadoop-hdfs-3.3.1.jar:/home/runner/.m2/repository/org/apache/ozone/hdds-server-framework/1.3.0-SNAPSHOT/hdds-server-framework-1.3.0-SNAPSHOT.jar:/home/runner/.m2/repository/org/apache/ozone/hdds-interface-server/1.3.0-SNAPSHOT/hdds-interface-server-1.3.0-SNAPSHOT.jar:/home/runner/.m2/repository/org/eclipse/jetty/jetty-servlet/9.4.43.v20210629/jetty-servlet-9.4.43.v20210629.jar:/home/runner/.m2/repository/org/eclipse/jetty/jetty-security/9.4.43.v20210629/jetty-security-9.4.43.v20210629.jar:/home/runner/.m2/repository/org/rocksdb/rocksdbjni/6.25.3/rocksdbjni-6.25.3.jar:/home/runner/.m2/repository/io/prometheus/simpleclient_dropwizard/0.7.0/simpleclient_dropwizard-0.7.0.jar:/home/runner/.m2/repository/io/prometheus/simpleclient/0.7.0/simpleclient-0.7.0.jar:/home/runner/.m2/repository/io/prometheus/simpleclient_common/0.7.0/simpleclient_common-0.7.0.jar:/home/runner/.m2/repository/com/fasterxml/jackson/datatype/jackson-datatype-jsr310/2.12.1/jackson-datatype-jsr310-2.12.1.jar:/home/runner/.m2/repository/io/dropwizard/metrics/metrics-core/3.2.4/metrics-core-3.2.4.jar:/home/runner/.m2/repository/org/apache/hadoop/hadoop-hdfs-client/3.3.1/hadoop-hdfs-client-3.3.1.jar:/home/runner/.m2/repository/org/bouncycastle/bcprov-jdk15on/1.67/bcprov-jdk15on-1.67.jar:/home/runner/.m2/repository/com/google/protobuf/protobuf-java/2.5.0/protobuf-java-2.5.0.jar:/home/runner/.m2/repository/org/apache/ozone/ozone-manager/1.3.0-SNAPSHOT/ozone-manager-1.3.0-SNAPSHOT.jar:/home/runner/.m2/repository/org/aspectj/aspectjrt/1.9.7/aspectjrt-1.9.7.jar:/home/runner/.m2/repository/org/aspectj/aspectjweaver/1.9.7/aspectjweaver-1.9.7.jar:/home/runner/.m2/repository/org/apache/ozone/hdds-interface-client/1.3.0-SNAPSHOT/hdds-interface-client-1.3.0-SNAPSHOT.jar:/home/runner/.m2/repository/org/apache/hadoop/thirdparty/hadoop-shaded-protobuf_3_7/1.1.1/hadoop-shaded-protobuf_3_7-1.1.1.jar:/home/runner/.m2/repository/org/apache/ozone/ozone-interface-storage/1.3.0-SNAPSHOT/ozone-interface-storage-1.3.0-SNAPSHOT.jar:/home/runner/.m2/repository/org/reflections/reflections/0.9.11/reflections-0.9.11.jar:/home/runner/.m2/repository/org/apache/hadoop/hadoop-minikdc/3.3.1/hadoop-minikdc-3.3.1.jar:/home/runner/.m2/repository/org/apache/kerby/kerb-simplekdc/1.0.1/kerb-simplekdc-1.0.1.jar:/home/runner/.m2/repository/org/apache/kerby/kerb-client/1.0.1/kerb-client-1.0.1.jar:/home/runner/.m2/repository/org/apache/kerby/kerby-config/1.0.1/kerby-config-1.0.1.jar:/home/runner/.m2/repository/org/apache/kerby/kerb-common/1.0.1/kerb-common-1.0.1.jar:/home/runner/.m2/repository/org/apache/kerby/kerb-crypto/1.0.1/kerb-crypto-1.0.1.jar:/home/runner/.m2/repository/org/apache/kerby/kerb-util/1.0.1/kerb-util-1.0.1.jar:/home/runner/.m2/repository/org/apache/kerby/token-provider/1.0.1/token-provider-1.0.1.jar:/home/runner/.m2/repository/org/apache/kerby/kerb-admin/1.0.1/kerb-admin-1.0.1.jar:/home/runner/.m2/repository/org/apache/kerby/kerb-server/1.0.1/kerb-server-1.0.1.jar:/home/runner/.m2/repository/org/apache/kerby/kerb-identity/1.0.1/kerb-identity-1.0.1.jar:/home/runner/.m2/repository/org/apache/kerby/kerby-xdr/1.0.1/kerby-xdr-1.0.1.jar:/home/runner/.m2/repository/org/slf4j/slf4j-log4j12/1.7.30/slf4j-log4j12-1.7.30.jar:/home/runner/.m2/repository/org/apache/ozone/ozone-s3gateway/1.3.0-SNAPSHOT/ozone-s3gateway-1.3.0-SNAPSHOT.jar:/home/runner/.m2/repository/org/javassist/javassist/3.21.0-GA/javassist-3.21.0-GA.jar:/home/runner/.m2/repository/org/jboss/weld/servlet/weld-servlet/2.4.7.Final/weld-servlet-2.4.7.Final.jar:/home/runner/.m2/repository/org/glassfish/jersey/containers/jersey-container-servlet-core/2.33/jersey-container-servlet-core-2.33.jar:/home/runner/.m2/repository/org/glassfish/hk2/external/jakarta.inject/2.6.1/jakarta.inject-2.6.1.jar:/home/runner/.m2/repository/org/glassfish/jersey/core/jersey-common/2.33/jersey-common-2.33.jar:/home/runner/.m2/repository/jakarta/ws/rs/jakarta.ws.rs-api/2.1.6/jakarta.ws.rs-api-2.1.6.jar:/home/runner/.m2/repository/org/glassfish/jersey/ext/cdi/jersey-cdi1x/2.33/jersey-cdi1x-2.33.jar:/home/runner/.m2/repository/org/glassfish/jersey/inject/jersey-hk2/2.33/jersey-hk2-2.33.jar:/home/runner/.m2/repository/org/glassfish/hk2/hk2-locator/2.6.1/hk2-locator-2.6.1.jar:/home/runner/.m2/repository/org/glassfish/jersey/media/jersey-media-jaxb/2.33/jersey-media-jaxb-2.33.jar:/home/runner/.m2/repository/org/glassfish/hk2/osgi-resource-locator/1.0.3/osgi-resource-locator-1.0.3.jar:/home/runner/.m2/repository/org/glassfish/hk2/hk2-api/2.5.0/hk2-api-2.5.0.jar:/home/runner/.m2/repository/org/glassfish/hk2/hk2-utils/2.5.0/hk2-utils-2.5.0.jar:/home/runner/.m2/repository/org/glassfish/hk2/external/aopalliance-repackaged/2.5.0/aopalliance-repackaged-2.5.0.jar:/home/runner/.m2/repository/com/fasterxml/jackson/dataformat/jackson-dataformat-xml/2.12.1/jackson-dataformat-xml-2.12.1.jar:/home/runner/.m2/repository/com/fasterxml/jackson/core/jackson-core/2.12.1/jackson-core-2.12.1.jar:/home/runner/.m2/repository/com/fasterxml/jackson/module/jackson-module-jaxb-annotations/2.12.1/jackson-module-jaxb-annotations-2.12.1.jar:/home/runner/.m2/repository/jakarta/xml/bind/jakarta.xml.bind-api/2.3.2/jakarta.xml.bind-api-2.3.2.jar:/home/runner/.m2/repository/org/codehaus/woodstox/stax2-api/3.1.4/stax2-api-3.1.4.jar:/home/runner/.m2/repository/com/fasterxml/woodstox/woodstox-core/5.0.3/woodstox-core-5.0.3.jar:/home/runner/.m2/repository/javax/enterprise/cdi-api/1.2/cdi-api-1.2.jar:/home/runner/.m2/repository/javax/el/javax.el-api/3.0.0/javax.el-api-3.0.0.jar:/home/runner/.m2/repository/javax/interceptor/javax.interceptor-api/1.2/javax.interceptor-api-1.2.jar:/home/runner/.m2/repository/javax/inject/javax.inject/1/javax.inject-1.jar:/home/runner/.m2/repository/javax/xml/bind/jaxb-api/2.3.0/jaxb-api-2.3.0.jar:/home/runner/.m2/repository/org/glassfish/jaxb/jaxb-runtime/2.3.0.1/jaxb-runtime-2.3.0.1.jar:/home/runner/.m2/repository/org/glassfish/jaxb/jaxb-core/2.3.0.1/jaxb-core-2.3.0.1.jar:/home/runner/.m2/repository/org/glassfish/jaxb/txw2/2.3.0.1/txw2-2.3.0.1.jar:/home/runner/.m2/repository/com/sun/istack/istack-commons-runtime/3.0.5/istack-commons-runtime-3.0.5.jar:/home/runner/.m2/repository/org/jvnet/staxex/stax-ex/1.7.8/stax-ex-1.7.8.jar:/home/runner/.m2/repository/com/sun/xml/fastinfoset/FastInfoset/1.2.13/FastInfoset-1.2.13.jar:/home/runner/.m2/repository/javax/activation/activation/1.1.1/activation-1.1.1.jar:/home/runner/.m2/repository/org/apache/ozone/ozone-csi/1.3.0-SNAPSHOT/ozone-csi-1.3.0-SNAPSHOT.jar:/home/runner/.m2/repository/com/google/protobuf/protobuf-java-util/3.12.0/protobuf-java-util-3.12.0.jar:/home/runner/.m2/repository/com/google/code/gson/gson/2.2.4/gson-2.2.4.jar:/home/runner/.m2/repository/org/apache/ozone/hdds-config/1.3.0-SNAPSHOT/hdds-config-1.3.0-SNAPSHOT.jar:/home/runner/.m2/repository/io/grpc/grpc-netty/1.33.0/grpc-netty-1.33.0.jar:/home/runner/.m2/repository/io/grpc/grpc-core/1.33.0/grpc-core-1.33.0.jar:/home/runner/.m2/repository/com/google/android/annotations/4.1.1.4/annotations-4.1.1.4.jar:/home/runner/.m2/repository/io/netty/netty-codec-http2/4.1.63.Final/netty-codec-http2-4.1.63.Final.jar:/home/runner/.m2/repository/io/netty/netty-codec-http/4.1.63.Final/netty-codec-http-4.1.63.Final.jar:/home/runner/.m2/repository/io/netty/netty-handler-proxy/4.1.63.Final/netty-handler-proxy-4.1.63.Final.jar:/home/runner/.m2/repository/io/netty/netty-codec-socks/4.1.63.Final/netty-codec-socks-4.1.63.Final.jar:/home/runner/.m2/repository/io/perfmark/perfmark-api/0.19.0/perfmark-api-0.19.0.jar:/home/runner/.m2/repository/org/codehaus/mojo/animal-sniffer-annotations/1.18/animal-sniffer-annotations-1.18.jar:/home/runner/.m2/repository/io/netty/netty-transport-native-epoll/4.1.63.Final/netty-transport-native-epoll-4.1.63.Final.jar:/home/runner/.m2/repository/io/netty/netty-common/4.1.63.Final/netty-common-4.1.63.Final.jar:/home/runner/.m2/repository/io/netty/netty-buffer/4.1.63.Final/netty-buffer-4.1.63.Final.jar:/home/runner/.m2/repository/io/netty/netty-transport-native-unix-common/4.1.63.Final/netty-transport-native-unix-common-4.1.63.Final.jar:/home/runner/.m2/repository/io/grpc/grpc-protobuf/1.33.0/grpc-protobuf-1.33.0.jar:/home/runner/.m2/repository/io/grpc/grpc-api/1.33.0/grpc-api-1.33.0.jar:/home/runner/.m2/repository/io/grpc/grpc-context/1.33.0/grpc-context-1.33.0.jar:/home/runner/.m2/repository/com/google/api/grpc/proto-google-common-protos/1.17.0/proto-google-common-protos-1.17.0.jar:/home/runner/.m2/repository/io/grpc/grpc-protobuf-lite/1.33.0/grpc-protobuf-lite-1.33.0.jar:/home/runner/.m2/repository/io/grpc/grpc-stub/1.33.0/grpc-stub-1.33.0.jar:/home/runner/.m2/repository/org/apache/ozone/ozone-recon/1.3.0-SNAPSHOT/ozone-recon-1.3.0-SNAPSHOT.jar:/home/runner/.m2/repository/org/apache/ozone/ozone-reconcodegen/1.3.0-SNAPSHOT/ozone-reconcodegen-1.3.0-SNAPSHOT.jar:/home/runner/.m2/repository/com/google/inject/extensions/guice-multibindings/4.0/guice-multibindings-4.0.jar:/home/runner/.m2/repository/com/google/inject/guice/4.0/guice-4.0.jar:/home/runner/.m2/repository/aopalliance/aopalliance/1.0/aopalliance-1.0.jar:/home/runner/.m2/repository/com/google/inject/extensions/guice-assistedinject/4.0/guice-assistedinject-4.0.jar:/home/runner/.m2/repository/com/google/inject/extensions/guice-servlet/4.0/guice-servlet-4.0.jar:/home/runner/.m2/repository/org/glassfish/jersey/containers/jersey-container-servlet/2.33/jersey-container-servlet-2.33.jar:/home/runner/.m2/repository/org/glassfish/hk2/guice-bridge/2.5.0/guice-bridge-2.5.0.jar:/home/runner/.m2/repository/org/glassfish/jersey/core/jersey-server/2.33/jersey-server-2.33.jar:/home/runner/.m2/repository/org/glassfish/jersey/core/jersey-client/2.33/jersey-client-2.33.jar:/home/runner/.m2/repository/jakarta/annotation/jakarta.annotation-api/1.3.5/jakarta.annotation-api-1.3.5.jar:/home/runner/.m2/repository/jakarta/validation/jakarta.validation-api/2.0.2/jakarta.validation-api-2.0.2.jar:/home/runner/.m2/repository/org/glassfish/jersey/media/jersey-media-json-jackson/2.33/jersey-media-json-jackson-2.33.jar:/home/runner/.m2/repository/org/glassfish/jersey/ext/jersey-entity-filtering/2.33/jersey-entity-filtering-2.33.jar:/home/runner/.m2/repository/org/jooq/jooq/3.11.10/jooq-3.11.10.jar:/home/runner/.m2/repository/org/jooq/jooq-meta/3.11.10/jooq-meta-3.11.10.jar:/home/runner/.m2/repository/org/jooq/jooq-codegen/3.11.10/jooq-codegen-3.11.10.jar:/home/runner/.m2/repository/com/jolbox/bonecp/0.8.0.RELEASE/bonecp-0.8.0.RELEASE.jar:/home/runner/.m2/repository/org/apache/derby/derby/10.14.2.0/derby-10.14.2.0.jar:/home/runner/.m2/repository/org/xerial/sqlite-jdbc/3.25.2/sqlite-jdbc-3.25.2.jar:/home/runner/.m2/repository/org/springframework/spring-jdbc/5.2.18.RELEASE/spring-jdbc-5.2.18.RELEASE.jar:/home/runner/.m2/repository/org/springframework/spring-beans/5.2.18.RELEASE/spring-beans-5.2.18.RELEASE.jar:/home/runner/.m2/repository/org/springframework/spring-core/5.2.18.RELEASE/spring-core-5.2.18.RELEASE.jar:/home/runner/.m2/repository/org/springframework/spring-jcl/5.2.18.RELEASE/spring-jcl-5.2.18.RELEASE.jar:/home/runner/.m2/repository/org/springframework/spring-tx/5.2.18.RELEASE/spring-tx-5.2.18.RELEASE.jar:/home/runner/.m2/repository/org/apache/ozone/ozone-client/1.3.0-SNAPSHOT/ozone-client-1.3.0-SNAPSHOT.jar:/home/runner/.m2/repository/org/apache/ozone/ozone-filesystem/1.3.0-SNAPSHOT/ozone-filesystem-1.3.0-SNAPSHOT.jar:/home/runner/.m2/repository/org/apache/ozone/ozone-filesystem-common/1.3.0-SNAPSHOT/ozone-filesystem-common-1.3.0-SNAPSHOT.jar:/home/runner/.m2/repository/org/apache/ozone/ozone-tools/1.3.0-SNAPSHOT/ozone-tools-1.3.0-SNAPSHOT.jar:/home/runner/.m2/repository/org/apache/ratis/ratis-tools/2.2.0/ratis-tools-2.2.0.jar:/home/runner/.m2/repository/com/amazonaws/aws-java-sdk-core/1.12.124/aws-java-sdk-core-1.12.124.jar:/home/runner/.m2/repository/org/apache/httpcomponents/httpclient/4.5.13/httpclient-4.5.13.jar:/home/runner/.m2/repository/org/apache/httpcomponents/httpcore/4.4.13/httpcore-4.4.13.jar:/home/runner/.m2/repository/software/amazon/ion/ion-java/1.0.2/ion-java-1.0.2.jar:/home/runner/.m2/repository/com/fasterxml/jackson/dataformat/jackson-dataformat-cbor/2.12.1/jackson-dataformat-cbor-2.12.1.jar:/home/runner/.m2/repository/joda-time/joda-time/2.8.1/joda-time-2.8.1.jar:/home/runner/.m2/repository/com/amazonaws/aws-java-sdk-s3/1.12.124/aws-java-sdk-s3-1.12.124.jar:/home/runner/.m2/repository/com/amazonaws/aws-java-sdk-kms/1.12.124/aws-java-sdk-kms-1.12.124.jar:/home/runner/.m2/repository/com/amazonaws/jmespath-java/1.12.124/jmespath-java-1.12.124.jar:/home/runner/.m2/repository/org/kohsuke/metainf-services/metainf-services/1.8/metainf-services-1.8.jar:/home/runner/.m2/repository/org/apache/ozone/hdds-tools/1.3.0-SNAPSHOT/hdds-tools-1.3.0-SNAPSHOT.jar:/home/runner/.m2/repository/commons-cli/commons-cli/1.2/commons-cli-1.2.jar:/home/runner/.m2/repository/org/apache/commons/commons-lang3/3.7/commons-lang3-3.7.jar:/home/runner/.m2/repository/org/apache/ozone/ozone-manager/1.3.0-SNAPSHOT/ozone-manager-1.3.0-SNAPSHOT-tests.jar:/home/runner/.m2/repository/org/apache/ozone/hdds-common/1.3.0-SNAPSHOT/hdds-common-1.3.0-SNAPSHOT-tests.jar:/home/runner/.m2/repository/org/apache/ozone/hdds-hadoop-dependency-client/1.3.0-SNAPSHOT/hdds-hadoop-dependency-client-1.3.0-SNAPSHOT.jar:/home/runner/.m2/repository/info/picocli/picocli/4.6.1/picocli-4.6.1.jar:/home/runner/.m2/repository/com/fasterxml/jackson/core/jackson-annotations/2.12.1/jackson-annotations-2.12.1.jar:/home/runner/.m2/repository/javax/annotation/javax.annotation-api/1.2/javax.annotation-api-1.2.jar:/home/runner/.m2/repository/org/apache/ratis/ratis-server/2.2.0/ratis-server-2.2.0.jar:/home/runner/.m2/repository/org/apache/ratis/ratis-client/2.2.0/ratis-client-2.2.0.jar:/home/runner/.m2/repository/org/apache/ratis/ratis-server-api/2.2.0/ratis-server-api-2.2.0.jar:/home/runner/.m2/repository/org/apache/ratis/ratis-metrics/2.2.0/ratis-metrics-2.2.0.jar:/home/runner/.m2/repository/org/apache/ratis/ratis-netty/2.2.0/ratis-netty-2.2.0.jar:/home/runner/.m2/repository/org/apache/ratis/ratis-grpc/2.2.0/ratis-grpc-2.2.0.jar:/home/runner/.m2/repository/org/apache/logging/log4j/log4j-api/2.13.3/log4j-api-2.13.3.jar:/home/runner/.m2/repository/org/apache/logging/log4j/log4j-core/2.13.3/log4j-core-2.13.3.jar:/home/runner/.m2/repository/com/lmax/disruptor/3.4.2/disruptor-3.4.2.jar:/home/runner/.m2/repository/org/apache/commons/commons-pool2/2.6.0/commons-pool2-2.6.0.jar:/home/runner/.m2/repository/org/bouncycastle/bcpkix-jdk15on/1.67/bcpkix-jdk15on-1.67.jar:/home/runner/.m2/repository/commons-validator/commons-validator/1.6/commons-validator-1.6.jar:/home/runner/.m2/repository/commons-beanutils/commons-beanutils/1.9.4/commons-beanutils-1.9.4.jar:/home/runner/.m2/repository/commons-digester/commons-digester/1.8.1/commons-digester-1.8.1.jar:/home/runner/.m2/repository/commons-collections/commons-collections/3.2.2/commons-collections-3.2.2.jar:/home/runner/.m2/repository/io/jaegertracing/jaeger-client/1.6.0/jaeger-client-1.6.0.jar:/home/runner/.m2/repository/io/jaegertracing/jaeger-thrift/1.6.0/jaeger-thrift-1.6.0.jar:/home/runner/.m2/repository/org/apache/thrift/libthrift/0.14.1/libthrift-0.14.1.jar:/home/runner/.m2/repository/com/squareup/okhttp3/okhttp/4.9.0/okhttp-4.9.0.jar:/home/runner/.m2/repository/com/squareup/okio/okio/2.8.0/okio-2.8.0.jar:/home/runner/.m2/repository/io/jaegertracing/jaeger-core/1.6.0/jaeger-core-1.6.0.jar:/home/runner/.m2/repository/io/jaegertracing/jaeger-tracerresolver/1.6.0/jaeger-tracerresolver-1.6.0.jar:/home/runner/.m2/repository/io/opentracing/contrib/opentracing-tracerresolver/0.1.8/opentracing-tracerresolver-0.1.8.jar:/home/runner/.m2/repository/org/jetbrains/kotlin/kotlin-stdlib/1.4.31/kotlin-stdlib-1.4.31.jar:/home/runner/.m2/repository/org/jetbrains/kotlin/kotlin-stdlib-common/1.4.31/kotlin-stdlib-common-1.4.31.jar:/home/runner/.m2/repository/org/jetbrains/annotations/13.0/annotations-13.0.jar:/home/runner/.m2/repository/io/opentracing/opentracing-util/0.33.0/opentracing-util-0.33.0.jar:/home/runner/.m2/repository/io/opentracing/opentracing-api/0.33.0/opentracing-api-0.33.0.jar:/home/runner/.m2/repository/io/opentracing/opentracing-noop/0.33.0/opentracing-noop-0.33.0.jar:/home/runner/.m2/repository/org/yaml/snakeyaml/1.26/snakeyaml-1.26.jar:/home/runner/.m2/repository/org/apache/ozone/hdds-interface-admin/1.3.0-SNAPSHOT/hdds-interface-admin-1.3.0-SNAPSHOT.jar:/home/runner/.m2/repository/junit/junit/4.13.1/junit-4.13.1.jar:/home/runner/.m2/repository/org/hamcrest/hamcrest-core/1.3/hamcrest-core-1.3.jar:/home/runner/.m2/repository/org/junit/jupiter/junit-jupiter-api/5.7.0/junit-jupiter-api-5.7.0.jar:/home/runner/.m2/repository/org/apiguardian/apiguardian-api/1.1.0/apiguardian-api-1.1.0.jar:/home/runner/.m2/repository/org/opentest4j/opentest4j/1.2.0/opentest4j-1.2.0.jar:/home/runner/.m2/repository/org/junit/platform/junit-platform-commons/1.7.0/junit-platform-commons-1.7.0.jar:/home/runner/.m2/repository/org/junit/jupiter/junit-jupiter-engine/5.7.0/junit-jupiter-engine-5.7.0.jar:/home/runner/.m2/repository/org/junit/platform/junit-platform-engine/1.7.0/junit-platform-engine-1.7.0.jar:/home/runner/.m2/repository/org/junit/vintage/junit-vintage-engine/5.7.0/junit-vintage-engine-5.7.0.jar:/home/runner/.m2/repository/org/junit/platform/junit-platform-launcher/1.7.0/junit-platform-launcher-1.7.0.jar:/home/runner/.m2/repository/org/openjdk/jmh/jmh-core/1.19/jmh-core-1.19.jar:/home/runner/.m2/repository/net/sf/jopt-simple/jopt-simple/4.6/jopt-simple-4.6.jar:/home/runner/.m2/repository/org/apache/commons/commons-math3/3.1.1/commons-math3-3.1.1.jar:/home/runner/.m2/repository/org/openjdk/jmh/jmh-generator-annprocess/1.19/jmh-generator-annprocess-1.19.jar:/home/runner/.m2/repository/org/mockito/mockito-core/2.28.2/mockito-core-2.28.2.jar:/home/runner/.m2/repository/net/bytebuddy/byte-buddy/1.9.10/byte-buddy-1.9.10.jar:/home/runner/.m2/repository/net/bytebuddy/byte-buddy-agent/1.9.10/byte-buddy-agent-1.9.10.jar:/home/runner/.m2/repository/org/objenesis/objenesis/1.0/objenesis-1.0.jar:/home/runner/.m2/repository/org/apache/hadoop/hadoop-kms/3.3.1/hadoop-kms-3.3.1.jar:/home/runner/.m2/repository/org/apache/hadoop/hadoop-auth/3.3.1/hadoop-auth-3.3.1.jar:/home/runner/.m2/repository/com/nimbusds/nimbus-jose-jwt/7.9/nimbus-jose-jwt-7.9.jar:/home/runner/.m2/repository/com/github/stephenc/jcip/jcip-annotations/1.0-1/jcip-annotations-1.0-1.jar:/home/runner/.m2/repository/net/minidev/json-smart/2.3.1/json-smart-2.3.1.jar:/home/runner/.m2/repository/net/minidev/accessors-smart/2.3.1/accessors-smart-2.3.1.jar:/home/runner/.m2/repository/org/ow2/asm/asm/5.0.4/asm-5.0.4.jar:/home/runner/.m2/repository/org/apache/zookeeper/zookeeper/3.5.6/zookeeper-3.5.6.jar:/home/runner/.m2/repository/org/apache/zookeeper/zookeeper-jute/3.5.6/zookeeper-jute-3.5.6.jar:/home/runner/.m2/repository/org/apache/yetus/audience-annotations/0.5.0/audience-annotations-0.5.0.jar:/home/runner/.m2/repository/org/apache/curator/curator-framework/4.2.0/curator-framework-4.2.0.jar:/home/runner/.m2/repository/org/apache/hadoop/thirdparty/hadoop-shaded-guava/1.1.1/hadoop-shaded-guava-1.1.1.jar:/home/runner/.m2/repository/com/sun/jersey/jersey-core/1.19/jersey-core-1.19.jar:/home/runner/.m2/repository/javax/ws/rs/jsr311-api/1.1.1/jsr311-api-1.1.1.jar:/home/runner/.m2/repository/com/sun/jersey/jersey-server/1.19/jersey-server-1.19.jar:/home/runner/.m2/repository/javax/servlet/javax.servlet-api/3.1.0/javax.servlet-api-3.1.0.jar:/home/runner/.m2/repository/org/eclipse/jetty/jetty-server/9.4.43.v20210629/jetty-server-9.4.43.v20210629.jar:/home/runner/.m2/repository/org/eclipse/jetty/jetty-http/9.4.43.v20210629/jetty-http-9.4.43.v20210629.jar:/home/runner/.m2/repository/org/eclipse/jetty/jetty-io/9.4.43.v20210629/jetty-io-9.4.43.v20210629.jar:/home/runner/.m2/repository/org/eclipse/jetty/jetty-webapp/9.4.43.v20210629/jetty-webapp-9.4.43.v20210629.jar:/home/runner/.m2/repository/org/eclipse/jetty/jetty-xml/9.4.43.v20210629/jetty-xml-9.4.43.v20210629.jar:/home/runner/.m2/repository/org/apache/hadoop/hadoop-common/3.3.1/hadoop-common-3.3.1.jar:/home/runner/.m2/repository/commons-net/commons-net/3.6/commons-net-3.6.jar:/home/runner/.m2/repository/jakarta/activation/jakarta.activation-api/1.2.1/jakarta.activation-api-1.2.1.jar:/home/runner/.m2/repository/com/sun/jersey/jersey-servlet/1.19/jersey-servlet-1.19.jar:/home/runner/.m2/repository/com/sun/jersey/jersey-json/1.19/jersey-json-1.19.jar:/home/runner/.m2/repository/org/codehaus/jettison/jettison/1.1/jettison-1.1.jar:/home/runner/.m2/repository/com/sun/xml/bind/jaxb-impl/2.2.3-1/jaxb-impl-2.2.3-1.jar:/home/runner/.m2/repository/org/codehaus/jackson/jackson-jaxrs/1.9.2/jackson-jaxrs-1.9.2.jar:/home/runner/.m2/repository/org/codehaus/jackson/jackson-xc/1.9.2/jackson-xc-1.9.2.jar:/home/runner/.m2/repository/org/apache/commons/commons-configuration2/2.1.1/commons-configuration2-2.1.1.jar:/home/runner/.m2/repository/org/apache/commons/commons-text/1.4/commons-text-1.4.jar:/home/runner/.m2/repository/com/google/re2j/re2j/1.1/re2j-1.1.jar:/home/runner/.m2/repository/com/jcraft/jsch/0.1.54/jsch-0.1.54.jar:/home/runner/.m2/repository/org/apache/curator/curator-client/4.2.0/curator-client-4.2.0.jar:/home/runner/.m2/repository/org/apache/curator/curator-recipes/4.2.0/curator-recipes-4.2.0.jar:/home/runner/.m2/repository/org/apache/kerby/kerb-core/1.0.1/kerb-core-1.0.1.jar:/home/runner/.m2/repository/org/apache/kerby/kerby-pkix/1.0.1/kerby-pkix-1.0.1.jar:/home/runner/.m2/repository/org/apache/kerby/kerby-asn1/1.0.1/kerby-asn1-1.0.1.jar:/home/runner/.m2/repository/org/apache/kerby/kerby-util/1.0.1/kerby-util-1.0.1.jar:/home/runner/.m2/repository/dnsjava/dnsjava/2.1.7/dnsjava-2.1.7.jar:/home/runner/.m2/repository/org/xerial/snappy/snappy-java/1.1.8.2/snappy-java-1.1.8.2.jar:/home/runner/.m2/repository/org/slf4j/jul-to-slf4j/1.7.30/jul-to-slf4j-1.7.30.jar:/home/runner/.m2/repository/org/eclipse/jetty/jetty-util/9.4.43.v20210629/jetty-util-9.4.43.v20210629.jar:/home/runner/.m2/repository/com/fasterxml/jackson/core/jackson-databind/2.12.1/jackson-databind-2.12.1.jar:/home/runner/.m2/repository/org/apache/hadoop/hadoop-kms/3.3.1/hadoop-kms-3.3.1-tests.jar:/home/runner/.m2/repository/org/apache/ozone/hdds-server-scm/1.3.0-SNAPSHOT/hdds-server-scm-1.3.0-SNAPSHOT-tests.jar:/home/runner/.m2/repository/org/apache/ozone/hdds-container-service/1.3.0-SNAPSHOT/hdds-container-service-1.3.0-SNAPSHOT-tests.jar:/home/runner/.m2/repository/commons-codec/commons-codec/1.11/commons-codec-1.11.jar:/home/runner/.m2/repository/io/netty/netty-transport/4.1.63.Final/netty-transport-4.1.63.Final.jar:/home/runner/.m2/repository/io/netty/netty-resolver/4.1.63.Final/netty-resolver-4.1.63.Final.jar:/home/runner/.m2/repository/io/netty/netty-codec/4.1.63.Final/netty-codec-4.1.63.Final.jar:/home/runner/.m2/repository/io/netty/netty-handler/4.1.63.Final/netty-handler-4.1.63.Final.jar:/home/runner/.m2/repository/org/apache/ozone/hdds-hadoop-dependency-test/1.3.0-SNAPSHOT/hdds-hadoop-dependency-test-1.3.0-SNAPSHOT.jar:/home/runner/.m2/repository/org/apache/hadoop/hadoop-common/3.3.1/hadoop-common-3.3.1-tests.jar:/home/runner/.m2/repository/org/assertj/assertj-core/3.12.2/assertj-core-3.12.2.jar:/home/runner/.m2/repository/org/apache/hadoop/hadoop-hdfs/3.3.1/hadoop-hdfs-3.3.1-tests.jar:/home/runner/.m2/repository/org/eclipse/jetty/jetty-util-ajax/9.4.43.v20210629/jetty-util-ajax-9.4.43.v20210629.jar:/home/runner/.m2/repository/commons-daemon/commons-daemon/1.0.13/commons-daemon-1.0.13.jar:/home/runner/.m2/repository/io/netty/netty/3.10.6.Final/netty-3.10.6.Final.jar:/home/runner/.m2/repository/io/netty/netty-all/4.1.63.Final/netty-all-4.1.63.Final.jar:/home/runner/.m2/repository/org/apache/htrace/htrace-core4/4.1.0-incubating/htrace-core4-4.1.0-incubating.jar:/home/runner/.m2/repository/org/fusesource/leveldbjni/leveldbjni-all/1.8/leveldbjni-all-1.8.jar:/home/runner/.m2/repository/org/apache/hadoop/hadoop-distcp/3.3.1/hadoop-distcp-3.3.1.jar:/home/runner/.m2/repository/org/apache/hadoop/hadoop-mapreduce-client-jobclient/3.3.1/hadoop-mapreduce-client-jobclient-3.3.1.jar:/home/runner/.m2/repository/org/apache/hadoop/hadoop-mapreduce-client-common/3.3.1/hadoop-mapreduce-client-common-3.3.1.jar:/home/runner/.m2/repository/org/apache/hadoop/hadoop-yarn-common/3.3.1/hadoop-yarn-common-3.3.1.jar:/home/runner/.m2/repository/org/apache/hadoop/hadoop-yarn-api/3.3.1/hadoop-yarn-api-3.3.1.jar:/home/runner/.m2/repository/com/sun/jersey/jersey-client/1.19/jersey-client-1.19.jar:/home/runner/.m2/repository/com/sun/jersey/contribs/jersey-guice/1.19/jersey-guice-1.19.jar:/home/runner/.m2/repository/com/fasterxml/jackson/jaxrs/jackson-jaxrs-json-provider/2.12.1/jackson-jaxrs-json-provider-2.12.1.jar:/home/runner/.m2/repository/com/fasterxml/jackson/jaxrs/jackson-jaxrs-base/2.12.1/jackson-jaxrs-base-2.12.1.jar:/home/runner/.m2/repository/org/apache/hadoop/hadoop-yarn-client/3.3.1/hadoop-yarn-client-3.3.1.jar:/home/runner/.m2/repository/org/eclipse/jetty/websocket/websocket-client/9.4.40.v20210413/websocket-client-9.4.40.v20210413.jar:/home/runner/.m2/repository/org/eclipse/jetty/jetty-client/9.4.40.v20210413/jetty-client-9.4.40.v20210413.jar:/home/runner/.m2/repository/org/eclipse/jetty/websocket/websocket-common/9.4.40.v20210413/websocket-common-9.4.40.v20210413.jar:/home/runner/.m2/repository/org/eclipse/jetty/websocket/websocket-api/9.4.40.v20210413/websocket-api-9.4.40.v20210413.jar:/home/runner/.m2/repository/org/jline/jline/3.9.0/jline-3.9.0.jar:/home/runner/.m2/repository/org/apache/hadoop/hadoop-mapreduce-client-core/3.3.1/hadoop-mapreduce-client-core-3.3.1.jar:/home/runner/.m2/repository/org/apache/avro/avro/1.7.7/avro-1.7.7.jar:/home/runner/.m2/repository/org/codehaus/jackson/jackson-core-asl/1.9.13/jackson-core-asl-1.9.13.jar:/home/runner/.m2/repository/org/codehaus/jackson/jackson-mapper-asl/1.9.13/jackson-mapper-asl-1.9.13.jar:/home/runner/.m2/repository/com/thoughtworks/paranamer/paranamer/2.3/paranamer-2.3.jar:/home/runner/.m2/repository/org/apache/hadoop/hadoop-annotations/3.3.1/hadoop-annotations-3.3.1.jar:/usr/lib/jvm/adoptopenjdk-8-hotspot-amd64/jre/../lib/tools.jar:/home/runner/.m2/repository/org/apache/hadoop/hadoop-distcp/3.3.1/hadoop-distcp-3.3.1-tests.jar:/home/runner/.m2/repository/org/apache/ratis/ratis-common/2.2.0/ratis-common-2.2.0.jar:/home/runner/.m2/repository/org/apache/ratis/ratis-thirdparty-misc/0.7.0/ratis-thirdparty-misc-0.7.0.jar:/home/runner/.m2/repository/org/apache/ratis/ratis-proto/2.2.0/ratis-proto-2.2.0.jar:"/>
    <property name="sun.cpu.endian" value="little"/>
    <property name="user.home" value="/home/runner"/>
    <property name="user.language" value="en"/>
    <property name="java.specification.vendor" value="Oracle Corporation"/>
    <property name="java.home" value="/usr/lib/jvm/adoptopenjdk-8-hotspot-amd64/jre"/>
    <property name="java.security.krb5.conf" value="/home/runner/work/ozone/ozone/hadoop-ozone/integration-test/target/test-classes/krb5.conf"/>
    <property name="basedir" value="/home/runner/work/ozone/ozone/hadoop-ozone/integration-test"/>
    <property name="file.separator" value="/"/>
    <property name="line.separator" value="&#10;"/>
    <property name="java.vm.specification.vendor" value="Oracle Corporation"/>
    <property name="java.specification.name" value="Java Platform API Specification"/>
    <property name="java.awt.graphicsenv" value="sun.awt.X11GraphicsEnvironment"/>
    <property name="skip.installnpx" value="true"/>
    <property name="surefire.real.class.path" value="/home/runner/work/ozone/ozone/hadoop-ozone/integration-test/target/surefire/surefirebooter5285839416165018891.jar:/home/runner/.m2/repository/org/jacoco/org.jacoco.agent/0.8.5/org.jacoco.agent-0.8.5-runtime.jar"/>
    <property name="hadoop.log.dir" value="/home/runner/work/ozone/ozone/hadoop-ozone/integration-test/target/log"/>
    <property name="sun.boot.class.path" value="/usr/lib/jvm/adoptopenjdk-8-hotspot-amd64/jre/lib/resources.jar:/usr/lib/jvm/adoptopenjdk-8-hotspot-amd64/jre/lib/rt.jar:/usr/lib/jvm/adoptopenjdk-8-hotspot-amd64/jre/lib/sunrsasign.jar:/usr/lib/jvm/adoptopenjdk-8-hotspot-amd64/jre/lib/jsse.jar:/usr/lib/jvm/adoptopenjdk-8-hotspot-amd64/jre/lib/jce.jar:/usr/lib/jvm/adoptopenjdk-8-hotspot-amd64/jre/lib/charsets.jar:/usr/lib/jvm/adoptopenjdk-8-hotspot-amd64/jre/lib/jfr.jar:/usr/lib/jvm/adoptopenjdk-8-hotspot-amd64/jre/classes"/>
    <property name="sun.management.compiler" value="HotSpot 64-Bit Tiered Compilers"/>
    <property name="skip.npx" value="true"/>
    <property name="java.runtime.version" value="1.8.0_292-b10"/>
    <property name="java.net.preferIPv4Stack" value="true"/>
    <property name="user.name" value="runner"/>
    <property name="path.separator" value=":"/>
    <property name="java.security.egd" value="file:///dev/urandom"/>
    <property name="os.version" value="5.4.0-1063-azure"/>
    <property name="java.endorsed.dirs" value="/usr/lib/jvm/adoptopenjdk-8-hotspot-amd64/jre/lib/endorsed"/>
    <property name="java.runtime.name" value="OpenJDK Runtime Environment"/>
    <property name="file.encoding" value="UTF-8"/>
    <property name="java.vm.name" value="OpenJDK 64-Bit Server VM"/>
    <property name="test.build.webapps" value=""/>
    <property name="localRepository" value="/home/runner/.m2/repository"/>
    <property name="java.vendor.url.bug" value="https://github.com/AdoptOpenJDK/openjdk-support/issues"/>
    <property name="java.io.tmpdir" value="/tmp"/>
    <property name="require.test.libhadoop" value=""/>
    <property name="java.version" value="1.8.0_292"/>
    <property name="user.dir" value="/home/runner/work/ozone/ozone/hadoop-ozone/integration-test"/>
    <property name="os.arch" value="amd64"/>
    <property name="java.vm.specification.name" value="Java Virtual Machine Specification"/>
    <property name="test.build.classes" value="/home/runner/work/ozone/ozone/hadoop-ozone/integration-test/target/test-classes"/>
    <property name="java.awt.printerjob" value="sun.print.PSPrinterJob"/>
    <property name="sun.os.patch.level" value="unknown"/>
    <property name="hadoop.tmp.dir" value="/home/runner/work/ozone/ozone/hadoop-ozone/integration-test/target/tmp"/>
    <property name="java.library.path" value="/usr/java/packages/lib/amd64:/usr/lib64:/lib64:/lib:/usr/lib"/>
    <property name="java.vm.info" value="mixed mode"/>
    <property name="java.vendor" value="AdoptOpenJDK"/>
    <property name="java.vm.version" value="25.292-b10"/>
    <property name="java.ext.dirs" value="/usr/lib/jvm/adoptopenjdk-8-hotspot-amd64/jre/lib/ext:/usr/java/packages/lib/ext"/>
    <property name="sun.io.unicode.encoding" value="UnicodeLittle"/>
    <property name="java.class.version" value="52.0"/>
  </properties>
  <testcase name="testNonPrivilegedUserMkdirCreateBucket[0]" classname="org.apache.hadoop.fs.ozone.TestRootedOzoneFileSystem" time="0.065"/>
  <testcase name="testRenameFile[0]" classname="org.apache.hadoop.fs.ozone.TestRootedOzoneFileSystem" time="0.288"/>
  <testcase name="testListStatusRootAndVolumeRecursive[0]" classname="org.apache.hadoop.fs.ozone.TestRootedOzoneFileSystem" time="0.991"/>
  <testcase name="testTempMount[0]" classname="org.apache.hadoop.fs.ozone.TestRootedOzoneFileSystem" time="0.119"/>
  <testcase name="testListStatusRootAndVolumeNonRecursive[0]" classname="org.apache.hadoop.fs.ozone.TestRootedOzoneFileSystem" time="0.283"/>
  <testcase name="testDeleteVolumeAndBucket[0]" classname="org.apache.hadoop.fs.ozone.TestRootedOzoneFileSystem" time="0.042"/>
  <testcase name="testRenameDirToItsOwnSubDir[0]" classname="org.apache.hadoop.fs.ozone.TestRootedOzoneFileSystem" time="0.012"/>
  <testcase name="testOzoneFsServiceLoader[0]" classname="org.apache.hadoop.fs.ozone.TestRootedOzoneFileSystem" time="0.02"/>
  <testcase name="testTrash[0]" classname="org.apache.hadoop.fs.ozone.TestRootedOzoneFileSystem" time="0">
    <skipped/>
  </testcase>
  <testcase name="testRenameDestinationParentDoesntExist[0]" classname="org.apache.hadoop.fs.ozone.TestRootedOzoneFileSystem" time="0.037"/>
  <testcase name="testGetFileStatusRoot[0]" classname="org.apache.hadoop.fs.ozone.TestRootedOzoneFileSystem" time="0.003"/>
  <testcase name="testCreateWithInvalidPaths[0]" classname="org.apache.hadoop.fs.ozone.TestRootedOzoneFileSystem" time="0.004"/>
  <testcase name="testDeleteEmptyVolume[0]" classname="org.apache.hadoop.fs.ozone.TestRootedOzoneFileSystem" time="0.012"/>
  <testcase name="testListStatusRootAndVolumeContinuation[0]" classname="org.apache.hadoop.fs.ozone.TestRootedOzoneFileSystem" time="0">
    <skipped message="FS Path is enabled. Skipping this test as it is not tuned for FS Path yet" type="org.junit.AssumptionViolatedException">org.junit.AssumptionViolatedException: FS Path is enabled. Skipping this test as it is not tuned for FS Path yet
	at org.junit.Assume.assumeTrue(Assume.java:68)
	at org.apache.hadoop.fs.ozone.TestRootedOzoneFileSystem.testListStatusRootAndVolumeContinuation(TestRootedOzoneFileSystem.java:887)
	at sun.reflect.NativeMethodAccessorImpl.invoke0(Native Method)
	at sun.reflect.NativeMethodAccessorImpl.invoke(NativeMethodAccessorImpl.java:62)
	at sun.reflect.DelegatingMethodAccessorImpl.invoke(DelegatingMethodAccessorImpl.java:43)
	at java.lang.reflect.Method.invoke(Method.java:498)
	at org.junit.runners.model.FrameworkMethod$1.runReflectiveCall(FrameworkMethod.java:59)
	at org.junit.internal.runners.model.ReflectiveCallable.run(ReflectiveCallable.java:12)
	at org.junit.runners.model.FrameworkMethod.invokeExplosively(FrameworkMethod.java:56)
	at org.junit.internal.runners.statements.InvokeMethod.evaluate(InvokeMethod.java:17)
	at org.junit.internal.runners.statements.FailOnTimeout$CallableStatement.call(FailOnTimeout.java:288)
	at org.junit.internal.runners.statements.FailOnTimeout$CallableStatement.call(FailOnTimeout.java:282)
	at java.util.concurrent.FutureTask.run(FutureTask.java:266)
	at java.lang.Thread.run(Thread.java:748)
</skipped>
  </testcase>
  <testcase name="testDeleteVolumeBucketAndKey[0]" classname="org.apache.hadoop.fs.ozone.TestRootedOzoneFileSystem" time="0.111"/>
  <testcase name="testRenameToParentDir[0]" classname="org.apache.hadoop.fs.ozone.TestRootedOzoneFileSystem" time="0.085"/>
  <testcase name="testMkdirNonExistentVolumeBucket[0]" classname="org.apache.hadoop.fs.ozone.TestRootedOzoneFileSystem" time="0.032"/>
  <testcase name="testFailToDeleteRoot[0]" classname="org.apache.hadoop.fs.ozone.TestRootedOzoneFileSystem" time="0.004"/>
  <testcase name="testListStatusOnSubDirs[0]" classname="org.apache.hadoop.fs.ozone.TestRootedOzoneFileSystem" time="0.067"/>
  <testcase name="testListStatus[0]" classname="org.apache.hadoop.fs.ozone.TestRootedOzoneFileSystem" time="0.073"/>
  <testcase name="testGetTrashRoots[0]" classname="org.apache.hadoop.fs.ozone.TestRootedOzoneFileSystem" time="0.574"/>
  <testcase name="testCreateDoesNotAddParentDirKeys[0]" classname="org.apache.hadoop.fs.ozone.TestRootedOzoneFileSystem" time="0.069"/>
  <testcase name="testMkdirNonExistentVolume[0]" classname="org.apache.hadoop.fs.ozone.TestRootedOzoneFileSystem" time="0.01"/>
  <testcase name="testDeleteCreatesFakeParentDir[0]" classname="org.apache.hadoop.fs.ozone.TestRootedOzoneFileSystem" time="0">
    <skipped message="FS Path is enabled. Skipping this test as it is not tuned for FS Path yet" type="org.junit.AssumptionViolatedException">org.junit.AssumptionViolatedException: FS Path is enabled. Skipping this test as it is not tuned for FS Path yet
	at org.junit.Assume.assumeTrue(Assume.java:68)
	at org.apache.hadoop.fs.ozone.TestRootedOzoneFileSystem.testDeleteCreatesFakeParentDir(TestRootedOzoneFileSystem.java:302)
	at sun.reflect.NativeMethodAccessorImpl.invoke0(Native Method)
	at sun.reflect.NativeMethodAccessorImpl.invoke(NativeMethodAccessorImpl.java:62)
	at sun.reflect.DelegatingMethodAccessorImpl.invoke(DelegatingMethodAccessorImpl.java:43)
	at java.lang.reflect.Method.invoke(Method.java:498)
	at org.junit.runners.model.FrameworkMethod$1.runReflectiveCall(FrameworkMethod.java:59)
	at org.junit.internal.runners.model.ReflectiveCallable.run(ReflectiveCallable.java:12)
	at org.junit.runners.model.FrameworkMethod.invokeExplosively(FrameworkMethod.java:56)
	at org.junit.internal.runners.statements.InvokeMethod.evaluate(InvokeMethod.java:17)
	at org.junit.internal.runners.statements.FailOnTimeout$CallableStatement.call(FailOnTimeout.java:288)
	at org.junit.internal.runners.statements.FailOnTimeout$CallableStatement.call(FailOnTimeout.java:282)
	at java.util.concurrent.FutureTask.run(FutureTask.java:266)
	at java.lang.Thread.run(Thread.java:748)
</skipped>
  </testcase>
  <testcase name="testNonExplicitlyCreatedPathExistsAfterItsLeafsWereRemoved[0]" classname="org.apache.hadoop.fs.ozone.TestRootedOzoneFileSystem" time="0.052"/>
  <testcase name="testFileDelete[0]" classname="org.apache.hadoop.fs.ozone.TestRootedOzoneFileSystem" time="0.181"/>
  <testcase name="testRenameToTrashEnabled[0]" classname="org.apache.hadoop.fs.ozone.TestRootedOzoneFileSystem" time="0.104">
    <failure type="java.lang.AssertionError">java.lang.AssertionError
	at org.junit.Assert.fail(Assert.java:87)
	at org.junit.Assert.assertTrue(Assert.java:42)
	at org.junit.Assert.assertTrue(Assert.java:53)
	at org.apache.hadoop.fs.ozone.TestRootedOzoneFileSystem.testRenameToTrashEnabled(TestRootedOzoneFileSystem.java:1260)
	at sun.reflect.NativeMethodAccessorImpl.invoke0(Native Method)
	at sun.reflect.NativeMethodAccessorImpl.invoke(NativeMethodAccessorImpl.java:62)
	at sun.reflect.DelegatingMethodAccessorImpl.invoke(DelegatingMethodAccessorImpl.java:43)
	at java.lang.reflect.Method.invoke(Method.java:498)
	at org.junit.runners.model.FrameworkMethod$1.runReflectiveCall(FrameworkMethod.java:59)
	at org.junit.internal.runners.model.ReflectiveCallable.run(ReflectiveCallable.java:12)
	at org.junit.runners.model.FrameworkMethod.invokeExplosively(FrameworkMethod.java:56)
	at org.junit.internal.runners.statements.InvokeMethod.evaluate(InvokeMethod.java:17)
	at org.junit.internal.runners.statements.FailOnTimeout$CallableStatement.call(FailOnTimeout.java:288)
	at org.junit.internal.runners.statements.FailOnTimeout$CallableStatement.call(FailOnTimeout.java:282)
	at java.util.concurrent.FutureTask.run(FutureTask.java:266)
	at java.lang.Thread.run(Thread.java:748)
</failure>
    <system-out><![CDATA[16:18:30.000 [IPC Server handler 12 on default port 35129] ERROR OMAudit - user=runner | ip=127.0.0.1 | op=GET_FILE_STATUS {volume=volume60191, bucket=bucket52061, key=.Trash/runner/Current/volume60191/bucket52061/testKey2, dataSize=0, replicationConfig=null} | ret=FAILURE
org.apache.hadoop.ozone.om.exceptions.OMException: Unable to get file status: volume: volume60191 bucket: bucket52061 key: .Trash/runner/Current/volume60191/bucket52061/testKey2
	at org.apache.hadoop.ozone.om.KeyManagerImpl.getOzoneFileStatus(KeyManagerImpl.java:2069) ~[ozone-manager-1.3.0-SNAPSHOT.jar:?]
	at org.apache.hadoop.ozone.om.KeyManagerImpl.getFileStatus(KeyManagerImpl.java:2001) ~[ozone-manager-1.3.0-SNAPSHOT.jar:?]
	at org.apache.hadoop.ozone.om.OzoneManager.getFileStatus(OzoneManager.java:2928) ~[ozone-manager-1.3.0-SNAPSHOT.jar:?]
	at org.apache.hadoop.ozone.protocolPB.OzoneManagerRequestHandler.getOzoneFileStatus(OzoneManagerRequestHandler.java:561) ~[ozone-manager-1.3.0-SNAPSHOT.jar:?]
	at org.apache.hadoop.ozone.protocolPB.OzoneManagerRequestHandler.handleReadRequest(OzoneManagerRequestHandler.java:191) ~[ozone-manager-1.3.0-SNAPSHOT.jar:?]
	at org.apache.hadoop.ozone.protocolPB.OzoneManagerProtocolServerSideTranslatorPB.submitReadRequestToOM(OzoneManagerProtocolServerSideTranslatorPB.java:189) ~[ozone-manager-1.3.0-SNAPSHOT.jar:?]
	at org.apache.hadoop.ozone.protocolPB.OzoneManagerProtocolServerSideTranslatorPB.processRequest(OzoneManagerProtocolServerSideTranslatorPB.java:150) ~[ozone-manager-1.3.0-SNAPSHOT.jar:?]
	at org.apache.hadoop.hdds.server.OzoneProtocolMessageDispatcher.processRequest(OzoneProtocolMessageDispatcher.java:87) [hdds-server-framework-1.3.0-SNAPSHOT.jar:?]
	at org.apache.hadoop.ozone.protocolPB.OzoneManagerProtocolServerSideTranslatorPB.submitRequest(OzoneManagerProtocolServerSideTranslatorPB.java:124) [ozone-manager-1.3.0-SNAPSHOT.jar:?]
	at org.apache.hadoop.ozone.protocol.proto.OzoneManagerProtocolProtos$OzoneManagerService$2.callBlockingMethod(OzoneManagerProtocolProtos.java) [ozone-interface-client-1.3.0-SNAPSHOT.jar:?]
	at org.apache.hadoop.ipc.ProtobufRpcEngine$Server.processCall(ProtobufRpcEngine.java:466) [hadoop-common-3.3.1.jar:?]
	at org.apache.hadoop.ipc.ProtobufRpcEngine2$Server$ProtoBufRpcInvoker.call(ProtobufRpcEngine2.java:574) [hadoop-common-3.3.1.jar:?]
	at org.apache.hadoop.ipc.ProtobufRpcEngine2$Server$ProtoBufRpcInvoker.call(ProtobufRpcEngine2.java:552) [hadoop-common-3.3.1.jar:?]
	at org.apache.hadoop.ipc.RPC$Server.call(RPC.java:1093) [hadoop-common-3.3.1.jar:?]
	at org.apache.hadoop.ipc.Server$RpcCall.run(Server.java:1035) [hadoop-common-3.3.1.jar:?]
	at org.apache.hadoop.ipc.Server$RpcCall.run(Server.java:963) [hadoop-common-3.3.1.jar:?]
	at java.security.AccessController.doPrivileged(Native Method) ~[?:1.8.0_292]
	at javax.security.auth.Subject.doAs(Subject.java:422) [?:1.8.0_292]
	at org.apache.hadoop.security.UserGroupInformation.doAs(UserGroupInformation.java:1878) [hadoop-common-3.3.1.jar:?]
	at org.apache.hadoop.ipc.Server$Handler.run(Server.java:2966) [hadoop-common-3.3.1.jar:?]
16:18:30.006 [IPC Server handler 15 on default port 35129] ERROR OMAudit - user=runner | ip=127.0.0.1 | op=GET_FILE_STATUS {volume=volume60191, bucket=bucket52061, key=.Trash/runner/Current/volume60191/bucket52061/testKey2, dataSize=0, replicationConfig=null} | ret=FAILURE
org.apache.hadoop.ozone.om.exceptions.OMException: Unable to get file status: volume: volume60191 bucket: bucket52061 key: .Trash/runner/Current/volume60191/bucket52061/testKey2
	at org.apache.hadoop.ozone.om.KeyManagerImpl.getOzoneFileStatus(KeyManagerImpl.java:2069) ~[ozone-manager-1.3.0-SNAPSHOT.jar:?]
	at org.apache.hadoop.ozone.om.KeyManagerImpl.getFileStatus(KeyManagerImpl.java:2001) ~[ozone-manager-1.3.0-SNAPSHOT.jar:?]
	at org.apache.hadoop.ozone.om.OzoneManager.getFileStatus(OzoneManager.java:2928) ~[ozone-manager-1.3.0-SNAPSHOT.jar:?]
	at org.apache.hadoop.ozone.protocolPB.OzoneManagerRequestHandler.getOzoneFileStatus(OzoneManagerRequestHandler.java:561) ~[ozone-manager-1.3.0-SNAPSHOT.jar:?]
	at org.apache.hadoop.ozone.protocolPB.OzoneManagerRequestHandler.handleReadRequest(OzoneManagerRequestHandler.java:191) ~[ozone-manager-1.3.0-SNAPSHOT.jar:?]
	at org.apache.hadoop.ozone.protocolPB.OzoneManagerProtocolServerSideTranslatorPB.submitReadRequestToOM(OzoneManagerProtocolServerSideTranslatorPB.java:189) ~[ozone-manager-1.3.0-SNAPSHOT.jar:?]
	at org.apache.hadoop.ozone.protocolPB.OzoneManagerProtocolServerSideTranslatorPB.processRequest(OzoneManagerProtocolServerSideTranslatorPB.java:150) ~[ozone-manager-1.3.0-SNAPSHOT.jar:?]
	at org.apache.hadoop.hdds.server.OzoneProtocolMessageDispatcher.processRequest(OzoneProtocolMessageDispatcher.java:87) [hdds-server-framework-1.3.0-SNAPSHOT.jar:?]
	at org.apache.hadoop.ozone.protocolPB.OzoneManagerProtocolServerSideTranslatorPB.submitRequest(OzoneManagerProtocolServerSideTranslatorPB.java:124) [ozone-manager-1.3.0-SNAPSHOT.jar:?]
	at org.apache.hadoop.ozone.protocol.proto.OzoneManagerProtocolProtos$OzoneManagerService$2.callBlockingMethod(OzoneManagerProtocolProtos.java) [ozone-interface-client-1.3.0-SNAPSHOT.jar:?]
	at org.apache.hadoop.ipc.ProtobufRpcEngine$Server.processCall(ProtobufRpcEngine.java:466) [hadoop-common-3.3.1.jar:?]
	at org.apache.hadoop.ipc.ProtobufRpcEngine2$Server$ProtoBufRpcInvoker.call(ProtobufRpcEngine2.java:574) [hadoop-common-3.3.1.jar:?]
	at org.apache.hadoop.ipc.ProtobufRpcEngine2$Server$ProtoBufRpcInvoker.call(ProtobufRpcEngine2.java:552) [hadoop-common-3.3.1.jar:?]
	at org.apache.hadoop.ipc.RPC$Server.call(RPC.java:1093) [hadoop-common-3.3.1.jar:?]
	at org.apache.hadoop.ipc.Server$RpcCall.run(Server.java:1035) [hadoop-common-3.3.1.jar:?]
	at org.apache.hadoop.ipc.Server$RpcCall.run(Server.java:963) [hadoop-common-3.3.1.jar:?]
	at java.security.AccessController.doPrivileged(Native Method) ~[?:1.8.0_292]
	at javax.security.auth.Subject.doAs(Subject.java:422) [?:1.8.0_292]
	at org.apache.hadoop.security.UserGroupInformation.doAs(UserGroupInformation.java:1878) [hadoop-common-3.3.1.jar:?]
	at org.apache.hadoop.ipc.Server$Handler.run(Server.java:2966) [hadoop-common-3.3.1.jar:?]
2021-12-08 16:18:30,017 [Time-limited test] INFO  fs.TrashPolicyDefault (TrashPolicyDefault.java:moveToTrash(188)) - Moved: '/volume60191/bucket52061/testKey2' to trash at: ofs:/volume60191/bucket52061/.Trash/runner/Current/volume60191/bucket52061/testKey2
16:18:30.018 [IPC Server handler 9 on default port 35129] ERROR OMAudit - user=runner | ip=127.0.0.1 | op=GET_FILE_STATUS {volume=volume60191, bucket=bucket52061, key=.Trash/runner/Current, dataSize=0, replicationConfig=null} | ret=FAILURE
org.apache.hadoop.ozone.om.exceptions.OMException: Unable to get file status: volume: volume60191 bucket: bucket52061 key: .Trash/runner/Current
	at org.apache.hadoop.ozone.om.KeyManagerImpl.getOzoneFileStatus(KeyManagerImpl.java:2069) ~[ozone-manager-1.3.0-SNAPSHOT.jar:?]
	at org.apache.hadoop.ozone.om.KeyManagerImpl.getFileStatus(KeyManagerImpl.java:2001) ~[ozone-manager-1.3.0-SNAPSHOT.jar:?]
	at org.apache.hadoop.ozone.om.OzoneManager.getFileStatus(OzoneManager.java:2928) ~[ozone-manager-1.3.0-SNAPSHOT.jar:?]
	at org.apache.hadoop.ozone.protocolPB.OzoneManagerRequestHandler.getOzoneFileStatus(OzoneManagerRequestHandler.java:561) ~[ozone-manager-1.3.0-SNAPSHOT.jar:?]
	at org.apache.hadoop.ozone.protocolPB.OzoneManagerRequestHandler.handleReadRequest(OzoneManagerRequestHandler.java:191) ~[ozone-manager-1.3.0-SNAPSHOT.jar:?]
	at org.apache.hadoop.ozone.protocolPB.OzoneManagerProtocolServerSideTranslatorPB.submitReadRequestToOM(OzoneManagerProtocolServerSideTranslatorPB.java:189) ~[ozone-manager-1.3.0-SNAPSHOT.jar:?]
	at org.apache.hadoop.ozone.protocolPB.OzoneManagerProtocolServerSideTranslatorPB.processRequest(OzoneManagerProtocolServerSideTranslatorPB.java:150) ~[ozone-manager-1.3.0-SNAPSHOT.jar:?]
	at org.apache.hadoop.hdds.server.OzoneProtocolMessageDispatcher.processRequest(OzoneProtocolMessageDispatcher.java:87) [hdds-server-framework-1.3.0-SNAPSHOT.jar:?]
	at org.apache.hadoop.ozone.protocolPB.OzoneManagerProtocolServerSideTranslatorPB.submitRequest(OzoneManagerProtocolServerSideTranslatorPB.java:124) [ozone-manager-1.3.0-SNAPSHOT.jar:?]
	at org.apache.hadoop.ozone.protocol.proto.OzoneManagerProtocolProtos$OzoneManagerService$2.callBlockingMethod(OzoneManagerProtocolProtos.java) [ozone-interface-client-1.3.0-SNAPSHOT.jar:?]
	at org.apache.hadoop.ipc.ProtobufRpcEngine$Server.processCall(ProtobufRpcEngine.java:466) [hadoop-common-3.3.1.jar:?]
	at org.apache.hadoop.ipc.ProtobufRpcEngine2$Server$ProtoBufRpcInvoker.call(ProtobufRpcEngine2.java:574) [hadoop-common-3.3.1.jar:?]
	at org.apache.hadoop.ipc.ProtobufRpcEngine2$Server$ProtoBufRpcInvoker.call(ProtobufRpcEngine2.java:552) [hadoop-common-3.3.1.jar:?]
	at org.apache.hadoop.ipc.RPC$Server.call(RPC.java:1093) [hadoop-common-3.3.1.jar:?]
	at org.apache.hadoop.ipc.Server$RpcCall.run(Server.java:1035) [hadoop-common-3.3.1.jar:?]
	at org.apache.hadoop.ipc.Server$RpcCall.run(Server.java:963) [hadoop-common-3.3.1.jar:?]
	at java.security.AccessController.doPrivileged(Native Method) ~[?:1.8.0_292]
	at javax.security.auth.Subject.doAs(Subject.java:422) [?:1.8.0_292]
	at org.apache.hadoop.security.UserGroupInformation.doAs(UserGroupInformation.java:1878) [hadoop-common-3.3.1.jar:?]
	at org.apache.hadoop.ipc.Server$Handler.run(Server.java:2966) [hadoop-common-3.3.1.jar:?]
]]></system-out>
  </testcase>
  <testcase name="testMkdirOnNonExistentVolumeBucketDir[0]" classname="org.apache.hadoop.fs.ozone.TestRootedOzoneFileSystem" time="0">
    <skipped message="FS Path is enabled. Skipping this test as it is not tuned for FS Path yet" type="org.junit.AssumptionViolatedException">org.junit.AssumptionViolatedException: FS Path is enabled. Skipping this test as it is not tuned for FS Path yet
	at org.junit.Assume.assumeTrue(Assume.java:68)
	at org.apache.hadoop.fs.ozone.TestRootedOzoneFileSystem.testMkdirOnNonExistentVolumeBucketDir(TestRootedOzoneFileSystem.java:405)
	at sun.reflect.NativeMethodAccessorImpl.invoke0(Native Method)
	at sun.reflect.NativeMethodAccessorImpl.invoke(NativeMethodAccessorImpl.java:62)
	at sun.reflect.DelegatingMethodAccessorImpl.invoke(DelegatingMethodAccessorImpl.java:43)
	at java.lang.reflect.Method.invoke(Method.java:498)
	at org.junit.runners.model.FrameworkMethod$1.runReflectiveCall(FrameworkMethod.java:59)
	at org.junit.internal.runners.model.ReflectiveCallable.run(ReflectiveCallable.java:12)
	at org.junit.runners.model.FrameworkMethod.invokeExplosively(FrameworkMethod.java:56)
	at org.junit.internal.runners.statements.InvokeMethod.evaluate(InvokeMethod.java:17)
	at org.junit.internal.runners.statements.FailOnTimeout$CallableStatement.call(FailOnTimeout.java:288)
	at org.junit.internal.runners.statements.FailOnTimeout$CallableStatement.call(FailOnTimeout.java:282)
	at java.util.concurrent.FutureTask.run(FutureTask.java:266)
	at java.lang.Thread.run(Thread.java:748)
</skipped>
  </testcase>
  <testcase name="testListStatusOnLargeDirectory[0]" classname="org.apache.hadoop.fs.ozone.TestRootedOzoneFileSystem" time="3.586">
    <failure message="Total directories listed do not match the existing directories expected:&lt;1536&gt; but was:&lt;1537&gt;" type="java.lang.AssertionError"><![CDATA[java.lang.AssertionError: Total directories listed do not match the existing directories expected:<1536> but was:<1537>
	at org.junit.Assert.fail(Assert.java:89)
	at org.junit.Assert.failNotEquals(Assert.java:835)
	at org.junit.Assert.assertEquals(Assert.java:647)
	at org.apache.hadoop.fs.ozone.TestRootedOzoneFileSystem.testListStatusOnLargeDirectory(TestRootedOzoneFileSystem.java:556)
	at sun.reflect.NativeMethodAccessorImpl.invoke0(Native Method)
	at sun.reflect.NativeMethodAccessorImpl.invoke(NativeMethodAccessorImpl.java:62)
	at sun.reflect.DelegatingMethodAccessorImpl.invoke(DelegatingMethodAccessorImpl.java:43)
	at java.lang.reflect.Method.invoke(Method.java:498)
	at org.junit.runners.model.FrameworkMethod$1.runReflectiveCall(FrameworkMethod.java:59)
	at org.junit.internal.runners.model.ReflectiveCallable.run(ReflectiveCallable.java:12)
	at org.junit.runners.model.FrameworkMethod.invokeExplosively(FrameworkMethod.java:56)
	at org.junit.internal.runners.statements.InvokeMethod.evaluate(InvokeMethod.java:17)
	at org.junit.internal.runners.statements.FailOnTimeout$CallableStatement.call(FailOnTimeout.java:288)
	at org.junit.internal.runners.statements.FailOnTimeout$CallableStatement.call(FailOnTimeout.java:282)
	at java.util.concurrent.FutureTask.run(FutureTask.java:266)
	at java.lang.Thread.run(Thread.java:748)
]]></failure>
    <system-out><![CDATA[2021-12-08 16:18:31,545 [7f1e10eb-d80c-441a-8f23-17d47eda459e@group-CE4B335A003B-FollowerState] INFO  impl.FollowerState (FollowerState.java:run(134)) - 7f1e10eb-d80c-441a-8f23-17d47eda459e@group-CE4B335A003B-FollowerState: change to CANDIDATE, lastRpcElapsedTime:5020336768ns, electionTimeout:5019ms
2021-12-08 16:18:31,546 [7f1e10eb-d80c-441a-8f23-17d47eda459e@group-CE4B335A003B-FollowerState] INFO  impl.RoleInfo (RoleInfo.java:shutdownFollowerState(108)) - 7f1e10eb-d80c-441a-8f23-17d47eda459e: shutdown 7f1e10eb-d80c-441a-8f23-17d47eda459e@group-CE4B335A003B-FollowerState
2021-12-08 16:18:31,546 [7f1e10eb-d80c-441a-8f23-17d47eda459e@group-CE4B335A003B-FollowerState] INFO  server.RaftServer$Division (RaftServerImpl.java:setRole(290)) - 7f1e10eb-d80c-441a-8f23-17d47eda459e@group-CE4B335A003B: changes role from  FOLLOWER to CANDIDATE at term 1 for changeToCandidate
2021-12-08 16:18:31,546 [7f1e10eb-d80c-441a-8f23-17d47eda459e@group-CE4B335A003B-FollowerState] INFO  server.RaftServerConfigKeys (ConfUtils.java:logGet(44)) - raft.server.leaderelection.pre-vote = false (custom)
2021-12-08 16:18:31,546 [7f1e10eb-d80c-441a-8f23-17d47eda459e@group-CE4B335A003B-FollowerState] INFO  impl.RoleInfo (RoleInfo.java:updateAndGet(130)) - 7f1e10eb-d80c-441a-8f23-17d47eda459e: start 7f1e10eb-d80c-441a-8f23-17d47eda459e@group-CE4B335A003B-LeaderElection9
2021-12-08 16:18:31,558 [7f1e10eb-d80c-441a-8f23-17d47eda459e@group-CE4B335A003B-LeaderElection9] INFO  impl.LeaderElection (LeaderElection.java:askForVotes(306)) - 7f1e10eb-d80c-441a-8f23-17d47eda459e@group-CE4B335A003B-LeaderElection9 ELECTION round 0: submit vote requests at term 2 for -1: [7f1e10eb-d80c-441a-8f23-17d47eda459e|rpc:10.1.0.47:45553|priority:0, 0b73e2cc-3015-4dd6-90fe-7108e702dc90|rpc:10.1.0.47:37727|priority:0, 7b68650f-dcbc-43cf-b868-684d0b910f02|rpc:10.1.0.47:40451|priority:1], old=null
2021-12-08 16:18:31,567 [grpc-default-executor-0] INFO  server.RaftServer$Division (RaftServerImpl.java:requestVote(1046)) - 0b73e2cc-3015-4dd6-90fe-7108e702dc90@group-CE4B335A003B: receive requestVote(ELECTION, 7f1e10eb-d80c-441a-8f23-17d47eda459e, group-CE4B335A003B, 2, (t:0, i:0))
2021-12-08 16:18:31,568 [grpc-default-executor-0] INFO  impl.VoteContext (VoteContext.java:log(48)) - 0b73e2cc-3015-4dd6-90fe-7108e702dc90@group-CE4B335A003B-FOLLOWER: accept ELECTION from 7f1e10eb-d80c-441a-8f23-17d47eda459e: our priority 0 <= candidate's priority 0
2021-12-08 16:18:31,568 [grpc-default-executor-0] INFO  server.RaftServer$Division (RaftServerImpl.java:setRole(290)) - 0b73e2cc-3015-4dd6-90fe-7108e702dc90@group-CE4B335A003B: changes role from  FOLLOWER to FOLLOWER at term 2 for candidate:7f1e10eb-d80c-441a-8f23-17d47eda459e
2021-12-08 16:18:31,568 [grpc-default-executor-0] INFO  impl.RoleInfo (RoleInfo.java:shutdownFollowerState(108)) - 0b73e2cc-3015-4dd6-90fe-7108e702dc90: shutdown 0b73e2cc-3015-4dd6-90fe-7108e702dc90@group-CE4B335A003B-FollowerState
2021-12-08 16:18:31,568 [grpc-default-executor-0] INFO  impl.RoleInfo (RoleInfo.java:updateAndGet(130)) - 0b73e2cc-3015-4dd6-90fe-7108e702dc90: start 0b73e2cc-3015-4dd6-90fe-7108e702dc90@group-CE4B335A003B-FollowerState
2021-12-08 16:18:31,568 [0b73e2cc-3015-4dd6-90fe-7108e702dc90@group-CE4B335A003B-FollowerState] INFO  impl.FollowerState (FollowerState.java:run(143)) - 0b73e2cc-3015-4dd6-90fe-7108e702dc90@group-CE4B335A003B-FollowerState was interrupted: {}
java.lang.InterruptedException: sleep interrupted
	at java.lang.Thread.sleep(Native Method)
	at java.lang.Thread.sleep(Thread.java:340)
	at java.util.concurrent.TimeUnit.sleep(TimeUnit.java:386)
	at org.apache.ratis.util.TimeDuration.sleep(TimeDuration.java:324)
	at org.apache.ratis.util.TimeDuration.sleep(TimeDuration.java:309)
	at org.apache.ratis.server.impl.FollowerState.run(FollowerState.java:118)
2021-12-08 16:18:31,576 [grpc-default-executor-0] INFO  server.RaftServer$Division (RaftServerImpl.java:requestVote(1078)) - 0b73e2cc-3015-4dd6-90fe-7108e702dc90@group-CE4B335A003B replies to ELECTION vote request: 7f1e10eb-d80c-441a-8f23-17d47eda459e<-0b73e2cc-3015-4dd6-90fe-7108e702dc90#0:OK-t2. Peer's state: 0b73e2cc-3015-4dd6-90fe-7108e702dc90@group-CE4B335A003B:t2, leader=null, voted=7f1e10eb-d80c-441a-8f23-17d47eda459e, raftlog=0b73e2cc-3015-4dd6-90fe-7108e702dc90@group-CE4B335A003B-SegmentedRaftLog:OPENED:c-1, conf=-1: [7f1e10eb-d80c-441a-8f23-17d47eda459e|rpc:10.1.0.47:45553|priority:0, 0b73e2cc-3015-4dd6-90fe-7108e702dc90|rpc:10.1.0.47:37727|priority:0, 7b68650f-dcbc-43cf-b868-684d0b910f02|rpc:10.1.0.47:40451|priority:1], old=null
2021-12-08 16:18:31,584 [grpc-default-executor-0] INFO  server.RaftServer$Division (RaftServerImpl.java:requestVote(1046)) - 7b68650f-dcbc-43cf-b868-684d0b910f02@group-CE4B335A003B: receive requestVote(ELECTION, 7f1e10eb-d80c-441a-8f23-17d47eda459e, group-CE4B335A003B, 2, (t:0, i:0))
2021-12-08 16:18:31,584 [grpc-default-executor-0] INFO  impl.VoteContext (VoteContext.java:log(48)) - 7b68650f-dcbc-43cf-b868-684d0b910f02@group-CE4B335A003B-FOLLOWER: reject ELECTION from 7f1e10eb-d80c-441a-8f23-17d47eda459e: our priority 1 > candidate's priority 0
2021-12-08 16:18:31,584 [grpc-default-executor-0] INFO  server.RaftServer$Division (RaftServerImpl.java:setRole(290)) - 7b68650f-dcbc-43cf-b868-684d0b910f02@group-CE4B335A003B: changes role from  FOLLOWER to FOLLOWER at term 2 for candidate:7f1e10eb-d80c-441a-8f23-17d47eda459e
2021-12-08 16:18:31,584 [grpc-default-executor-0] INFO  impl.RoleInfo (RoleInfo.java:shutdownFollowerState(108)) - 7b68650f-dcbc-43cf-b868-684d0b910f02: shutdown 7b68650f-dcbc-43cf-b868-684d0b910f02@group-CE4B335A003B-FollowerState
2021-12-08 16:18:31,585 [grpc-default-executor-0] INFO  impl.RoleInfo (RoleInfo.java:updateAndGet(130)) - 7b68650f-dcbc-43cf-b868-684d0b910f02: start 7b68650f-dcbc-43cf-b868-684d0b910f02@group-CE4B335A003B-FollowerState
2021-12-08 16:18:31,585 [7b68650f-dcbc-43cf-b868-684d0b910f02@group-CE4B335A003B-FollowerState] INFO  impl.FollowerState (FollowerState.java:run(143)) - 7b68650f-dcbc-43cf-b868-684d0b910f02@group-CE4B335A003B-FollowerState was interrupted: {}
java.lang.InterruptedException: sleep interrupted
	at java.lang.Thread.sleep(Native Method)
	at java.lang.Thread.sleep(Thread.java:340)
	at java.util.concurrent.TimeUnit.sleep(TimeUnit.java:386)
	at org.apache.ratis.util.TimeDuration.sleep(TimeDuration.java:324)
	at org.apache.ratis.util.TimeDuration.sleep(TimeDuration.java:309)
	at org.apache.ratis.server.impl.FollowerState.run(FollowerState.java:118)
2021-12-08 16:18:31,586 [grpc-default-executor-0] INFO  server.RaftServer$Division (RaftServerImpl.java:requestVote(1078)) - 7b68650f-dcbc-43cf-b868-684d0b910f02@group-CE4B335A003B replies to ELECTION vote request: 7f1e10eb-d80c-441a-8f23-17d47eda459e<-7b68650f-dcbc-43cf-b868-684d0b910f02#0:FAIL-t2. Peer's state: 7b68650f-dcbc-43cf-b868-684d0b910f02@group-CE4B335A003B:t2, leader=null, voted=null, raftlog=7b68650f-dcbc-43cf-b868-684d0b910f02@group-CE4B335A003B-SegmentedRaftLog:OPENED:c-1, conf=-1: [7f1e10eb-d80c-441a-8f23-17d47eda459e|rpc:10.1.0.47:45553|priority:0, 0b73e2cc-3015-4dd6-90fe-7108e702dc90|rpc:10.1.0.47:37727|priority:0, 7b68650f-dcbc-43cf-b868-684d0b910f02|rpc:10.1.0.47:40451|priority:1], old=null
2021-12-08 16:18:31,590 [7f1e10eb-d80c-441a-8f23-17d47eda459e@group-CE4B335A003B-LeaderElection9] INFO  impl.LeaderElection (LeaderElection.java:logAndReturn(89)) - 7f1e10eb-d80c-441a-8f23-17d47eda459e@group-CE4B335A003B-LeaderElection9: ELECTION REJECTED received 2 response(s) and 0 exception(s):
2021-12-08 16:18:31,590 [7f1e10eb-d80c-441a-8f23-17d47eda459e@group-CE4B335A003B-LeaderElection9] INFO  impl.LeaderElection (LeaderElection.java:logAndReturn(93)) -   Response 0: 7f1e10eb-d80c-441a-8f23-17d47eda459e<-0b73e2cc-3015-4dd6-90fe-7108e702dc90#0:OK-t2
2021-12-08 16:18:31,590 [7f1e10eb-d80c-441a-8f23-17d47eda459e@group-CE4B335A003B-LeaderElection9] INFO  impl.LeaderElection (LeaderElection.java:logAndReturn(93)) -   Response 1: 7f1e10eb-d80c-441a-8f23-17d47eda459e<-7b68650f-dcbc-43cf-b868-684d0b910f02#0:FAIL-t2
2021-12-08 16:18:31,590 [7f1e10eb-d80c-441a-8f23-17d47eda459e@group-CE4B335A003B-LeaderElection9] INFO  impl.LeaderElection (LeaderElection.java:askForVotes(308)) - 7f1e10eb-d80c-441a-8f23-17d47eda459e@group-CE4B335A003B-LeaderElection9 ELECTION round 0: result REJECTED
2021-12-08 16:18:31,591 [7f1e10eb-d80c-441a-8f23-17d47eda459e@group-CE4B335A003B-LeaderElection9] INFO  server.RaftServer$Division (RaftServerImpl.java:setRole(290)) - 7f1e10eb-d80c-441a-8f23-17d47eda459e@group-CE4B335A003B: changes role from CANDIDATE to FOLLOWER at term 2 for REJECTED
2021-12-08 16:18:31,591 [7f1e10eb-d80c-441a-8f23-17d47eda459e@group-CE4B335A003B-LeaderElection9] INFO  impl.RoleInfo (RoleInfo.java:shutdownLeaderElection(121)) - 7f1e10eb-d80c-441a-8f23-17d47eda459e: shutdown 7f1e10eb-d80c-441a-8f23-17d47eda459e@group-CE4B335A003B-LeaderElection9
2021-12-08 16:18:31,591 [7f1e10eb-d80c-441a-8f23-17d47eda459e@group-CE4B335A003B-LeaderElection9] INFO  impl.RoleInfo (RoleInfo.java:updateAndGet(130)) - 7f1e10eb-d80c-441a-8f23-17d47eda459e: start 7f1e10eb-d80c-441a-8f23-17d47eda459e@group-CE4B335A003B-FollowerState
]]></system-out>
  </testcase>
  <testcase name="testRenameToDifferentBucket[0]" classname="org.apache.hadoop.fs.ozone.TestRootedOzoneFileSystem" time="0.029"/>
  <testcase name="testListStatusInBucket[0]" classname="org.apache.hadoop.fs.ozone.TestRootedOzoneFileSystem" time="0.07">
    <failure message="FileStatus should return only the immediate children expected:&lt;2&gt; but was:&lt;1539&gt;" type="java.lang.AssertionError"><![CDATA[java.lang.AssertionError: FileStatus should return only the immediate children expected:<2> but was:<1539>
	at org.junit.Assert.fail(Assert.java:89)
	at org.junit.Assert.failNotEquals(Assert.java:835)
	at org.junit.Assert.assertEquals(Assert.java:647)
	at org.apache.hadoop.fs.ozone.TestRootedOzoneFileSystem.testListStatusInBucket(TestRootedOzoneFileSystem.java:530)
	at sun.reflect.NativeMethodAccessorImpl.invoke0(Native Method)
	at sun.reflect.NativeMethodAccessorImpl.invoke(NativeMethodAccessorImpl.java:62)
	at sun.reflect.DelegatingMethodAccessorImpl.invoke(DelegatingMethodAccessorImpl.java:43)
	at java.lang.reflect.Method.invoke(Method.java:498)
	at org.junit.runners.model.FrameworkMethod$1.runReflectiveCall(FrameworkMethod.java:59)
	at org.junit.internal.runners.model.ReflectiveCallable.run(ReflectiveCallable.java:12)
	at org.junit.runners.model.FrameworkMethod.invokeExplosively(FrameworkMethod.java:56)
	at org.junit.internal.runners.statements.InvokeMethod.evaluate(InvokeMethod.java:17)
	at org.junit.internal.runners.statements.FailOnTimeout$CallableStatement.call(FailOnTimeout.java:288)
	at org.junit.internal.runners.statements.FailOnTimeout$CallableStatement.call(FailOnTimeout.java:282)
	at java.util.concurrent.FutureTask.run(FutureTask.java:266)
	at java.lang.Thread.run(Thread.java:748)
]]></failure>
  </testcase>
  <testcase name="testRenameFileToDir[0]" classname="org.apache.hadoop.fs.ozone.TestRootedOzoneFileSystem" time="0.618"/>
  <testcase name="testNonPrivilegedUserMkdirCreateBucket[1]" classname="org.apache.hadoop.fs.ozone.TestRootedOzoneFileSystem" time="0">
    <skipped message="ACL is not enabled. Skipping this test as it requires ACL to be enabled to be meaningful." type="org.junit.AssumptionViolatedException">org.junit.AssumptionViolatedException: ACL is not enabled. Skipping this test as it requires ACL to be enabled to be meaningful.
	at org.junit.Assume.assumeTrue(Assume.java:68)
	at org.apache.hadoop.fs.ozone.TestRootedOzoneFileSystem.testNonPrivilegedUserMkdirCreateBucket(TestRootedOzoneFileSystem.java:1582)
	at sun.reflect.NativeMethodAccessorImpl.invoke0(Native Method)
	at sun.reflect.NativeMethodAccessorImpl.invoke(NativeMethodAccessorImpl.java:62)
	at sun.reflect.DelegatingMethodAccessorImpl.invoke(DelegatingMethodAccessorImpl.java:43)
	at java.lang.reflect.Method.invoke(Method.java:498)
	at org.junit.runners.model.FrameworkMethod$1.runReflectiveCall(FrameworkMethod.java:59)
	at org.junit.internal.runners.model.ReflectiveCallable.run(ReflectiveCallable.java:12)
	at org.junit.runners.model.FrameworkMethod.invokeExplosively(FrameworkMethod.java:56)
	at org.junit.internal.runners.statements.InvokeMethod.evaluate(InvokeMethod.java:17)
	at org.junit.internal.runners.statements.FailOnTimeout$CallableStatement.call(FailOnTimeout.java:288)
	at org.junit.internal.runners.statements.FailOnTimeout$CallableStatement.call(FailOnTimeout.java:282)
	at java.util.concurrent.FutureTask.run(FutureTask.java:266)
	at java.lang.Thread.run(Thread.java:748)
</skipped>
    <system-out><![CDATA[2021-12-08 16:18:34,328 [Listener at 127.0.0.1/35129] INFO  ozone.MiniOzoneClusterImpl (MiniOzoneClusterImpl.java:shutdown(453)) - Shutting down the Mini Ozone Cluster
2021-12-08 16:18:34,329 [Listener at 127.0.0.1/35129] INFO  ozone.MiniOzoneClusterImpl (MiniOzoneClusterImpl.java:stop(468)) - Stopping the Mini Ozone Cluster
2021-12-08 16:18:34,329 [Listener at 127.0.0.1/35129] INFO  ozone.MiniOzoneClusterImpl (MiniOzoneClusterImpl.java:stopOM(550)) - Stopping the OzoneManager
2021-12-08 16:18:34,329 [Listener at 127.0.0.1/35129] INFO  om.OzoneManager (OzoneManager.java:stop(1829)) - om1[localhost:0]: Stopping Ozone Manager
2021-12-08 16:18:34,329 [Listener at 127.0.0.1/35129] INFO  ipc.Server (Server.java:stop(3414)) - Stopping server on 35129
2021-12-08 16:18:34,334 [IPC Server Responder] INFO  ipc.Server (Server.java:run(1512)) - Stopping IPC Server Responder
2021-12-08 16:18:34,334 [IPC Server listener on 0] INFO  ipc.Server (Server.java:run(1376)) - Stopping IPC Server listener on 0
2021-12-08 16:18:34,335 [Listener at 127.0.0.1/35129] INFO  server.RaftServer (RaftServerProxy.java:lambda$close$6(391)) - om1: close
2021-12-08 16:18:34,336 [Listener at 127.0.0.1/35129] INFO  server.RaftServer$Division (RaftServerImpl.java:lambda$close$4(412)) - om1@group-C5BA1605619E: shutdown
2021-12-08 16:18:34,336 [Listener at 127.0.0.1/35129] INFO  util.JmxRegister (JmxRegister.java:unregister(73)) - Successfully un-registered JMX Bean with object name Ratis:service=RaftServer,group=group-C5BA1605619E,id=om1
2021-12-08 16:18:34,336 [Listener at 127.0.0.1/35129] INFO  impl.RoleInfo (RoleInfo.java:shutdownLeaderState(91)) - om1: shutdown om1@group-C5BA1605619E-LeaderStateImpl
2021-12-08 16:18:34,338 [Listener at 127.0.0.1/35129] INFO  impl.PendingRequests (PendingRequests.java:sendNotLeaderResponses(282)) - om1@group-C5BA1605619E-PendingRequests: sendNotLeaderResponses
2021-12-08 16:18:34,341 [om1@group-C5BA1605619E-StateMachineUpdater] INFO  ratis.OzoneManagerStateMachine (OzoneManagerStateMachine.java:takeSnapshot(417)) - Current Snapshot Index (t:1, i:4113)
2021-12-08 16:18:34,343 [om1@group-C5BA1605619E-StateMachineUpdater] INFO  impl.StateMachineUpdater (StateMachineUpdater.java:takeSnapshot(281)) - om1@group-C5BA1605619E-StateMachineUpdater: Took a snapshot at index 4113
2021-12-08 16:18:34,343 [om1@group-C5BA1605619E-StateMachineUpdater] INFO  impl.StateMachineUpdater (StateMachineUpdater.java:lambda$new$0(89)) - om1@group-C5BA1605619E-StateMachineUpdater: snapshotIndex: updateIncreasingly -1 -> 4113
2021-12-08 16:18:34,343 [om1@group-C5BA1605619E-StateMachineUpdater] INFO  ratis.OzoneManagerStateMachine (OzoneManagerStateMachine.java:close(471)) - StateMachine has shutdown. Shutdown OzoneManager if not already shutdown.
2021-12-08 16:18:34,343 [Listener at 127.0.0.1/35129] INFO  impl.StateMachineUpdater (StateMachineUpdater.java:stopAndJoin(149)) - om1@group-C5BA1605619E-StateMachineUpdater: set stopIndex = 4113
2021-12-08 16:18:34,344 [Listener at 127.0.0.1/35129] INFO  server.RaftServer$Division (ServerState.java:close(419)) - om1@group-C5BA1605619E: closes. applyIndex: 4113
2021-12-08 16:18:34,349 [om1@group-C5BA1605619E-SegmentedRaftLogWorker] INFO  segmented.SegmentedRaftLogWorker (SegmentedRaftLogWorker.java:run(327)) - om1@group-C5BA1605619E-SegmentedRaftLogWorker was interrupted, exiting. There are 0 tasks remaining in the queue.
2021-12-08 16:18:34,351 [Listener at 127.0.0.1/35129] INFO  segmented.SegmentedRaftLogWorker (SegmentedRaftLogWorker.java:close(237)) - om1@group-C5BA1605619E-SegmentedRaftLogWorker close()
2021-12-08 16:18:34,352 [Listener at 127.0.0.1/35129] INFO  server.GrpcService (GrpcService.java:closeImpl(262)) - om1: shutdown server with port 9872 now
2021-12-08 16:18:34,355 [Listener at 127.0.0.1/35129] INFO  server.GrpcService (GrpcService.java:closeImpl(271)) - om1: shutdown server with port 9872 successfully
2021-12-08 16:18:34,356 [org.apache.ratis.util.JvmPauseMonitor$$Lambda$523/2003369902@23195ebe] INFO  util.JvmPauseMonitor (JvmPauseMonitor.java:run(109)) - JvmPauseMonitor-om1: Stopped
2021-12-08 16:18:34,357 [Listener at 127.0.0.1/35129] INFO  ratis.OzoneManagerDoubleBuffer (OzoneManagerDoubleBuffer.java:stop(437)) - Stopping OMDoubleBuffer flush thread
2021-12-08 16:18:34,358 [OMDoubleBufferFlushThread] INFO  ratis.OzoneManagerDoubleBuffer (OzoneManagerDoubleBuffer.java:flushTransactions(356)) - OMDoubleBuffer flush thread OMDoubleBufferFlushThread is interrupted and will exit. OMDoubleBufferFlushThread
2021-12-08 16:18:34,359 [Listener at 127.0.0.1/35129] INFO  utils.BackgroundService (BackgroundService.java:shutdown(132)) - Shutting down service KeyDeletingService
2021-12-08 16:18:34,359 [Listener at 127.0.0.1/35129] INFO  utils.BackgroundService (BackgroundService.java:shutdown(132)) - Shutting down service DirectoryDeletingService
2021-12-08 16:18:34,363 [Listener at 127.0.0.1/35129] INFO  handler.ContextHandler (ContextHandler.java:doStop(1153)) - Stopped o.e.j.w.WebAppContext@12136fc6{ozoneManager,/,null,STOPPED}{file:/home/runner/work/ozone/ozone/hadoop-ozone/integration-test/target/test-classes/webapps/ozoneManager}
2021-12-08 16:18:34,368 [Listener at 127.0.0.1/35129] INFO  server.AbstractConnector (AbstractConnector.java:doStop(381)) - Stopped ServerConnector@7d5fb53a{HTTP/1.1, (http/1.1)}{0.0.0.0:0}
2021-12-08 16:18:34,368 [Listener at 127.0.0.1/35129] INFO  server.session (HouseKeeper.java:stopScavenging(149)) - node0 Stopped scavenging
2021-12-08 16:18:34,368 [Listener at 127.0.0.1/35129] INFO  handler.ContextHandler (ContextHandler.java:doStop(1153)) - Stopped o.e.j.s.ServletContextHandler@650f4d76{static,/static,file:///home/runner/work/ozone/ozone/hadoop-ozone/integration-test/target/test-classes/webapps/static,STOPPED}
2021-12-08 16:18:34,368 [Listener at 127.0.0.1/35129] INFO  handler.ContextHandler (ContextHandler.java:doStop(1153)) - Stopped o.e.j.s.ServletContextHandler@172e4d3a{logs,/logs,file:///home/runner/work/ozone/ozone/hadoop-ozone/integration-test/target/log,STOPPED}
2021-12-08 16:18:34,370 [Trash Emptier] ERROR om.TrashPolicyOzone (TrashPolicyOzone.java:run(251)) - Error attempting to shutdown
java.lang.InterruptedException
	at java.util.concurrent.locks.AbstractQueuedSynchronizer$ConditionObject.awaitNanos(AbstractQueuedSynchronizer.java:2067)
	at java.util.concurrent.ThreadPoolExecutor.awaitTermination(ThreadPoolExecutor.java:1475)
	at org.apache.hadoop.ozone.om.TrashPolicyOzone$Emptier.run(TrashPolicyOzone.java:249)
	at java.lang.Thread.run(Thread.java:748)
2021-12-08 16:18:34,373 [Listener at 127.0.0.1/35129] INFO  ozone.MiniOzoneClusterImpl (MiniOzoneClusterImpl.java:stopDatanodes(527)) - Stopping the HddsDatanodes
2021-12-08 16:18:36,604 [7f1e10eb-d80c-441a-8f23-17d47eda459e@group-CE4B335A003B-FollowerState] INFO  impl.FollowerState (FollowerState.java:run(134)) - 7f1e10eb-d80c-441a-8f23-17d47eda459e@group-CE4B335A003B-FollowerState: change to CANDIDATE, lastRpcElapsedTime:5013529517ns, electionTimeout:5002ms
2021-12-08 16:18:36,604 [7f1e10eb-d80c-441a-8f23-17d47eda459e@group-CE4B335A003B-FollowerState] INFO  impl.RoleInfo (RoleInfo.java:shutdownFollowerState(108)) - 7f1e10eb-d80c-441a-8f23-17d47eda459e: shutdown 7f1e10eb-d80c-441a-8f23-17d47eda459e@group-CE4B335A003B-FollowerState
2021-12-08 16:18:36,604 [7f1e10eb-d80c-441a-8f23-17d47eda459e@group-CE4B335A003B-FollowerState] INFO  server.RaftServer$Division (RaftServerImpl.java:setRole(290)) - 7f1e10eb-d80c-441a-8f23-17d47eda459e@group-CE4B335A003B: changes role from  FOLLOWER to CANDIDATE at term 2 for changeToCandidate
2021-12-08 16:18:36,605 [7f1e10eb-d80c-441a-8f23-17d47eda459e@group-CE4B335A003B-FollowerState] INFO  server.RaftServerConfigKeys (ConfUtils.java:logGet(44)) - raft.server.leaderelection.pre-vote = false (custom)
2021-12-08 16:18:36,605 [7f1e10eb-d80c-441a-8f23-17d47eda459e@group-CE4B335A003B-FollowerState] INFO  impl.RoleInfo (RoleInfo.java:updateAndGet(130)) - 7f1e10eb-d80c-441a-8f23-17d47eda459e: start 7f1e10eb-d80c-441a-8f23-17d47eda459e@group-CE4B335A003B-LeaderElection10
2021-12-08 16:18:36,608 [7f1e10eb-d80c-441a-8f23-17d47eda459e@group-CE4B335A003B-LeaderElection10] INFO  impl.LeaderElection (LeaderElection.java:askForVotes(306)) - 7f1e10eb-d80c-441a-8f23-17d47eda459e@group-CE4B335A003B-LeaderElection10 ELECTION round 0: submit vote requests at term 3 for -1: [7f1e10eb-d80c-441a-8f23-17d47eda459e|rpc:10.1.0.47:45553|priority:0, 0b73e2cc-3015-4dd6-90fe-7108e702dc90|rpc:10.1.0.47:37727|priority:0, 7b68650f-dcbc-43cf-b868-684d0b910f02|rpc:10.1.0.47:40451|priority:1], old=null
2021-12-08 16:18:36,611 [grpc-default-executor-0] INFO  server.RaftServer$Division (RaftServerImpl.java:requestVote(1046)) - 0b73e2cc-3015-4dd6-90fe-7108e702dc90@group-CE4B335A003B: receive requestVote(ELECTION, 7f1e10eb-d80c-441a-8f23-17d47eda459e, group-CE4B335A003B, 3, (t:0, i:0))
2021-12-08 16:18:36,611 [grpc-default-executor-0] INFO  impl.VoteContext (VoteContext.java:log(48)) - 0b73e2cc-3015-4dd6-90fe-7108e702dc90@group-CE4B335A003B-FOLLOWER: accept ELECTION from 7f1e10eb-d80c-441a-8f23-17d47eda459e: our priority 0 <= candidate's priority 0
2021-12-08 16:18:36,611 [grpc-default-executor-0] INFO  server.RaftServer$Division (RaftServerImpl.java:setRole(290)) - 0b73e2cc-3015-4dd6-90fe-7108e702dc90@group-CE4B335A003B: changes role from  FOLLOWER to FOLLOWER at term 3 for candidate:7f1e10eb-d80c-441a-8f23-17d47eda459e
2021-12-08 16:18:36,611 [grpc-default-executor-0] INFO  impl.RoleInfo (RoleInfo.java:shutdownFollowerState(108)) - 0b73e2cc-3015-4dd6-90fe-7108e702dc90: shutdown 0b73e2cc-3015-4dd6-90fe-7108e702dc90@group-CE4B335A003B-FollowerState
2021-12-08 16:18:36,611 [grpc-default-executor-0] INFO  impl.RoleInfo (RoleInfo.java:updateAndGet(130)) - 0b73e2cc-3015-4dd6-90fe-7108e702dc90: start 0b73e2cc-3015-4dd6-90fe-7108e702dc90@group-CE4B335A003B-FollowerState
2021-12-08 16:18:36,612 [0b73e2cc-3015-4dd6-90fe-7108e702dc90@group-CE4B335A003B-FollowerState] INFO  impl.FollowerState (FollowerState.java:run(143)) - 0b73e2cc-3015-4dd6-90fe-7108e702dc90@group-CE4B335A003B-FollowerState was interrupted: {}
java.lang.InterruptedException: sleep interrupted
	at java.lang.Thread.sleep(Native Method)
	at java.lang.Thread.sleep(Thread.java:340)
	at java.util.concurrent.TimeUnit.sleep(TimeUnit.java:386)
	at org.apache.ratis.util.TimeDuration.sleep(TimeDuration.java:324)
	at org.apache.ratis.util.TimeDuration.sleep(TimeDuration.java:309)
	at org.apache.ratis.server.impl.FollowerState.run(FollowerState.java:118)
2021-12-08 16:18:36,613 [grpc-default-executor-0] INFO  server.RaftServer$Division (RaftServerImpl.java:requestVote(1078)) - 0b73e2cc-3015-4dd6-90fe-7108e702dc90@group-CE4B335A003B replies to ELECTION vote request: 7f1e10eb-d80c-441a-8f23-17d47eda459e<-0b73e2cc-3015-4dd6-90fe-7108e702dc90#0:OK-t3. Peer's state: 0b73e2cc-3015-4dd6-90fe-7108e702dc90@group-CE4B335A003B:t3, leader=null, voted=7f1e10eb-d80c-441a-8f23-17d47eda459e, raftlog=0b73e2cc-3015-4dd6-90fe-7108e702dc90@group-CE4B335A003B-SegmentedRaftLog:OPENED:c-1, conf=-1: [7f1e10eb-d80c-441a-8f23-17d47eda459e|rpc:10.1.0.47:45553|priority:0, 0b73e2cc-3015-4dd6-90fe-7108e702dc90|rpc:10.1.0.47:37727|priority:0, 7b68650f-dcbc-43cf-b868-684d0b910f02|rpc:10.1.0.47:40451|priority:1], old=null
2021-12-08 16:18:36,617 [grpc-default-executor-0] INFO  server.RaftServer$Division (RaftServerImpl.java:requestVote(1046)) - 7b68650f-dcbc-43cf-b868-684d0b910f02@group-CE4B335A003B: receive requestVote(ELECTION, 7f1e10eb-d80c-441a-8f23-17d47eda459e, group-CE4B335A003B, 3, (t:0, i:0))
2021-12-08 16:18:36,617 [grpc-default-executor-0] INFO  impl.VoteContext (VoteContext.java:log(48)) - 7b68650f-dcbc-43cf-b868-684d0b910f02@group-CE4B335A003B-FOLLOWER: reject ELECTION from 7f1e10eb-d80c-441a-8f23-17d47eda459e: our priority 1 > candidate's priority 0
2021-12-08 16:18:36,617 [grpc-default-executor-0] INFO  server.RaftServer$Division (RaftServerImpl.java:setRole(290)) - 7b68650f-dcbc-43cf-b868-684d0b910f02@group-CE4B335A003B: changes role from  FOLLOWER to FOLLOWER at term 3 for candidate:7f1e10eb-d80c-441a-8f23-17d47eda459e
2021-12-08 16:18:36,617 [grpc-default-executor-0] INFO  impl.RoleInfo (RoleInfo.java:shutdownFollowerState(108)) - 7b68650f-dcbc-43cf-b868-684d0b910f02: shutdown 7b68650f-dcbc-43cf-b868-684d0b910f02@group-CE4B335A003B-FollowerState
2021-12-08 16:18:36,617 [grpc-default-executor-0] INFO  impl.RoleInfo (RoleInfo.java:updateAndGet(130)) - 7b68650f-dcbc-43cf-b868-684d0b910f02: start 7b68650f-dcbc-43cf-b868-684d0b910f02@group-CE4B335A003B-FollowerState
2021-12-08 16:18:36,617 [7b68650f-dcbc-43cf-b868-684d0b910f02@group-CE4B335A003B-FollowerState] INFO  impl.FollowerState (FollowerState.java:run(143)) - 7b68650f-dcbc-43cf-b868-684d0b910f02@group-CE4B335A003B-FollowerState was interrupted: {}
java.lang.InterruptedException: sleep interrupted
	at java.lang.Thread.sleep(Native Method)
	at java.lang.Thread.sleep(Thread.java:340)
	at java.util.concurrent.TimeUnit.sleep(TimeUnit.java:386)
	at org.apache.ratis.util.TimeDuration.sleep(TimeDuration.java:324)
	at org.apache.ratis.util.TimeDuration.sleep(TimeDuration.java:309)
	at org.apache.ratis.server.impl.FollowerState.run(FollowerState.java:118)
2021-12-08 16:18:36,625 [grpc-default-executor-0] INFO  server.RaftServer$Division (RaftServerImpl.java:requestVote(1078)) - 7b68650f-dcbc-43cf-b868-684d0b910f02@group-CE4B335A003B replies to ELECTION vote request: 7f1e10eb-d80c-441a-8f23-17d47eda459e<-7b68650f-dcbc-43cf-b868-684d0b910f02#0:FAIL-t3. Peer's state: 7b68650f-dcbc-43cf-b868-684d0b910f02@group-CE4B335A003B:t3, leader=null, voted=null, raftlog=7b68650f-dcbc-43cf-b868-684d0b910f02@group-CE4B335A003B-SegmentedRaftLog:OPENED:c-1, conf=-1: [7f1e10eb-d80c-441a-8f23-17d47eda459e|rpc:10.1.0.47:45553|priority:0, 0b73e2cc-3015-4dd6-90fe-7108e702dc90|rpc:10.1.0.47:37727|priority:0, 7b68650f-dcbc-43cf-b868-684d0b910f02|rpc:10.1.0.47:40451|priority:1], old=null
2021-12-08 16:18:36,631 [7f1e10eb-d80c-441a-8f23-17d47eda459e@group-CE4B335A003B-LeaderElection10] INFO  impl.LeaderElection (LeaderElection.java:logAndReturn(89)) - 7f1e10eb-d80c-441a-8f23-17d47eda459e@group-CE4B335A003B-LeaderElection10: ELECTION REJECTED received 2 response(s) and 0 exception(s):
2021-12-08 16:18:36,631 [7f1e10eb-d80c-441a-8f23-17d47eda459e@group-CE4B335A003B-LeaderElection10] INFO  impl.LeaderElection (LeaderElection.java:logAndReturn(93)) -   Response 0: 7f1e10eb-d80c-441a-8f23-17d47eda459e<-0b73e2cc-3015-4dd6-90fe-7108e702dc90#0:OK-t3
2021-12-08 16:18:36,631 [7f1e10eb-d80c-441a-8f23-17d47eda459e@group-CE4B335A003B-LeaderElection10] INFO  impl.LeaderElection (LeaderElection.java:logAndReturn(93)) -   Response 1: 7f1e10eb-d80c-441a-8f23-17d47eda459e<-7b68650f-dcbc-43cf-b868-684d0b910f02#0:FAIL-t3
2021-12-08 16:18:36,631 [7f1e10eb-d80c-441a-8f23-17d47eda459e@group-CE4B335A003B-LeaderElection10] INFO  impl.LeaderElection (LeaderElection.java:askForVotes(308)) - 7f1e10eb-d80c-441a-8f23-17d47eda459e@group-CE4B335A003B-LeaderElection10 ELECTION round 0: result REJECTED
2021-12-08 16:18:36,632 [7f1e10eb-d80c-441a-8f23-17d47eda459e@group-CE4B335A003B-LeaderElection10] INFO  server.RaftServer$Division (RaftServerImpl.java:setRole(290)) - 7f1e10eb-d80c-441a-8f23-17d47eda459e@group-CE4B335A003B: changes role from CANDIDATE to FOLLOWER at term 3 for REJECTED
2021-12-08 16:18:36,632 [7f1e10eb-d80c-441a-8f23-17d47eda459e@group-CE4B335A003B-LeaderElection10] INFO  impl.RoleInfo (RoleInfo.java:shutdownLeaderElection(121)) - 7f1e10eb-d80c-441a-8f23-17d47eda459e: shutdown 7f1e10eb-d80c-441a-8f23-17d47eda459e@group-CE4B335A003B-LeaderElection10
2021-12-08 16:18:36,632 [7f1e10eb-d80c-441a-8f23-17d47eda459e@group-CE4B335A003B-LeaderElection10] INFO  impl.RoleInfo (RoleInfo.java:updateAndGet(130)) - 7f1e10eb-d80c-441a-8f23-17d47eda459e: start 7f1e10eb-d80c-441a-8f23-17d47eda459e@group-CE4B335A003B-FollowerState
2021-12-08 16:18:39,377 [ForkJoinPool.commonPool-worker-0] INFO  ozoneimpl.OzoneContainer (OzoneContainer.java:stop(325)) - Attempting to stop container services.
2021-12-08 16:18:39,377 [Listener at 127.0.0.1/35129] INFO  ozoneimpl.OzoneContainer (OzoneContainer.java:stop(325)) - Attempting to stop container services.
2021-12-08 16:18:39,378 [ForkJoinPool.commonPool-worker-0] INFO  server.RaftServer (RaftServerProxy.java:lambda$close$6(391)) - 7f1e10eb-d80c-441a-8f23-17d47eda459e: close
2021-12-08 16:18:39,378 [ForkJoinPool.commonPool-worker-0] INFO  server.RaftServer$Division (RaftServerImpl.java:lambda$close$4(412)) - 7f1e10eb-d80c-441a-8f23-17d47eda459e@group-694EA6E161F7: shutdown
2021-12-08 16:18:39,378 [Listener at 127.0.0.1/35129] INFO  server.RaftServer (RaftServerProxy.java:lambda$close$6(391)) - 7b68650f-dcbc-43cf-b868-684d0b910f02: close
2021-12-08 16:18:39,378 [ForkJoinPool.commonPool-worker-0] INFO  util.JmxRegister (JmxRegister.java:unregister(73)) - Successfully un-registered JMX Bean with object name Ratis:service=RaftServer,group=group-694EA6E161F7,id=7f1e10eb-d80c-441a-8f23-17d47eda459e
2021-12-08 16:18:39,379 [ForkJoinPool.commonPool-worker-0] INFO  impl.RoleInfo (RoleInfo.java:shutdownLeaderState(91)) - 7f1e10eb-d80c-441a-8f23-17d47eda459e: shutdown 7f1e10eb-d80c-441a-8f23-17d47eda459e@group-694EA6E161F7-LeaderStateImpl
2021-12-08 16:18:39,378 [Listener at 127.0.0.1/35129] INFO  server.RaftServer$Division (RaftServerImpl.java:lambda$close$4(412)) - 7b68650f-dcbc-43cf-b868-684d0b910f02@group-765B0C7C8EBC: shutdown
2021-12-08 16:18:39,379 [Listener at 127.0.0.1/35129] INFO  util.JmxRegister (JmxRegister.java:unregister(73)) - Successfully un-registered JMX Bean with object name Ratis:service=RaftServer,group=group-765B0C7C8EBC,id=7b68650f-dcbc-43cf-b868-684d0b910f02
2021-12-08 16:18:39,380 [Listener at 127.0.0.1/35129] INFO  impl.RoleInfo (RoleInfo.java:shutdownFollowerState(108)) - 7b68650f-dcbc-43cf-b868-684d0b910f02: shutdown 7b68650f-dcbc-43cf-b868-684d0b910f02@group-765B0C7C8EBC-FollowerState
2021-12-08 16:18:39,379 [ForkJoinPool.commonPool-worker-0] INFO  impl.PendingRequests (PendingRequests.java:sendNotLeaderResponses(282)) - 7f1e10eb-d80c-441a-8f23-17d47eda459e@group-694EA6E161F7-PendingRequests: sendNotLeaderResponses
2021-12-08 16:18:39,380 [7b68650f-dcbc-43cf-b868-684d0b910f02@group-765B0C7C8EBC-StateMachineUpdater] INFO  ratis.ContainerStateMachine (ContainerStateMachine.java:takeSnapshot(299)) - group-765B0C7C8EBC: Taking a snapshot at:(t:1, i:28) file /home/runner/work/ozone/ozone/hadoop-ozone/integration-test/target/test-dir/MiniOzoneClusterImpl-342c6473-b8f2-47f0-851b-3da0ce2c7dbb/datanode-1/data/ratis/c3e42d7e-74af-4542-984b-765b0c7c8ebc/sm/snapshot.1_28
2021-12-08 16:18:39,380 [ForkJoinPool.commonPool-worker-0] INFO  impl.StateMachineUpdater (StateMachineUpdater.java:stopAndJoin(149)) - 7f1e10eb-d80c-441a-8f23-17d47eda459e@group-694EA6E161F7-StateMachineUpdater: set stopIndex = 0
2021-12-08 16:18:39,383 [7f1e10eb-d80c-441a-8f23-17d47eda459e@group-694EA6E161F7-StateMachineUpdater] INFO  ratis.ContainerStateMachine (ContainerStateMachine.java:takeSnapshot(299)) - group-694EA6E161F7: Taking a snapshot at:(t:1, i:0) file /home/runner/work/ozone/ozone/hadoop-ozone/integration-test/target/test-dir/MiniOzoneClusterImpl-342c6473-b8f2-47f0-851b-3da0ce2c7dbb/datanode-0/data/ratis/37aaa7e3-0b3f-4d4b-a377-694ea6e161f7/sm/snapshot.1_0
2021-12-08 16:18:39,380 [7b68650f-dcbc-43cf-b868-684d0b910f02@group-765B0C7C8EBC-FollowerState] INFO  impl.FollowerState (FollowerState.java:run(143)) - 7b68650f-dcbc-43cf-b868-684d0b910f02@group-765B0C7C8EBC-FollowerState was interrupted: {}
java.lang.InterruptedException: sleep interrupted
	at java.lang.Thread.sleep(Native Method)
	at java.lang.Thread.sleep(Thread.java:340)
	at java.util.concurrent.TimeUnit.sleep(TimeUnit.java:386)
	at org.apache.ratis.util.TimeDuration.sleep(TimeDuration.java:324)
	at org.apache.ratis.util.TimeDuration.sleep(TimeDuration.java:309)
	at org.apache.ratis.server.impl.FollowerState.run(FollowerState.java:118)
2021-12-08 16:18:39,383 [Listener at 127.0.0.1/35129] INFO  impl.StateMachineUpdater (StateMachineUpdater.java:stopAndJoin(149)) - 7b68650f-dcbc-43cf-b868-684d0b910f02@group-765B0C7C8EBC-StateMachineUpdater: set stopIndex = 28
2021-12-08 16:18:39,413 [7f1e10eb-d80c-441a-8f23-17d47eda459e@group-694EA6E161F7-StateMachineUpdater] INFO  ratis.ContainerStateMachine (ContainerStateMachine.java:takeSnapshot(310)) - group-694EA6E161F7: Finished taking a snapshot at:(t:1, i:0) file:/home/runner/work/ozone/ozone/hadoop-ozone/integration-test/target/test-dir/MiniOzoneClusterImpl-342c6473-b8f2-47f0-851b-3da0ce2c7dbb/datanode-0/data/ratis/37aaa7e3-0b3f-4d4b-a377-694ea6e161f7/sm/snapshot.1_0 took: 30 ms
2021-12-08 16:18:39,414 [7f1e10eb-d80c-441a-8f23-17d47eda459e@group-694EA6E161F7-StateMachineUpdater] INFO  impl.StateMachineUpdater (StateMachineUpdater.java:takeSnapshot(281)) - 7f1e10eb-d80c-441a-8f23-17d47eda459e@group-694EA6E161F7-StateMachineUpdater: Took a snapshot at index 0
2021-12-08 16:18:39,414 [7f1e10eb-d80c-441a-8f23-17d47eda459e@group-694EA6E161F7-StateMachineUpdater] INFO  impl.StateMachineUpdater (StateMachineUpdater.java:lambda$new$0(89)) - 7f1e10eb-d80c-441a-8f23-17d47eda459e@group-694EA6E161F7-StateMachineUpdater: snapshotIndex: updateIncreasingly -1 -> 0
2021-12-08 16:18:39,414 [7b68650f-dcbc-43cf-b868-684d0b910f02@group-765B0C7C8EBC-StateMachineUpdater] INFO  ratis.ContainerStateMachine (ContainerStateMachine.java:takeSnapshot(310)) - group-765B0C7C8EBC: Finished taking a snapshot at:(t:1, i:28) file:/home/runner/work/ozone/ozone/hadoop-ozone/integration-test/target/test-dir/MiniOzoneClusterImpl-342c6473-b8f2-47f0-851b-3da0ce2c7dbb/datanode-1/data/ratis/c3e42d7e-74af-4542-984b-765b0c7c8ebc/sm/snapshot.1_28 took: 34 ms
2021-12-08 16:18:39,415 [7b68650f-dcbc-43cf-b868-684d0b910f02@group-765B0C7C8EBC-StateMachineUpdater] INFO  impl.StateMachineUpdater (StateMachineUpdater.java:takeSnapshot(281)) - 7b68650f-dcbc-43cf-b868-684d0b910f02@group-765B0C7C8EBC-StateMachineUpdater: Took a snapshot at index 28
2021-12-08 16:18:39,415 [7b68650f-dcbc-43cf-b868-684d0b910f02@group-765B0C7C8EBC-StateMachineUpdater] INFO  impl.StateMachineUpdater (StateMachineUpdater.java:lambda$new$0(89)) - 7b68650f-dcbc-43cf-b868-684d0b910f02@group-765B0C7C8EBC-StateMachineUpdater: snapshotIndex: updateIncreasingly -1 -> 28
2021-12-08 16:18:39,420 [Listener at 127.0.0.1/35129] INFO  server.RaftServer$Division (ServerState.java:close(419)) - 7b68650f-dcbc-43cf-b868-684d0b910f02@group-765B0C7C8EBC: closes. applyIndex: 28
2021-12-08 16:18:39,420 [ForkJoinPool.commonPool-worker-0] INFO  server.RaftServer$Division (ServerState.java:close(419)) - 7f1e10eb-d80c-441a-8f23-17d47eda459e@group-694EA6E161F7: closes. applyIndex: 0
2021-12-08 16:18:39,421 [7b68650f-dcbc-43cf-b868-684d0b910f02@group-765B0C7C8EBC-SegmentedRaftLogWorker] INFO  segmented.SegmentedRaftLogWorker (SegmentedRaftLogWorker.java:run(327)) - 7b68650f-dcbc-43cf-b868-684d0b910f02@group-765B0C7C8EBC-SegmentedRaftLogWorker was interrupted, exiting. There are 0 tasks remaining in the queue.
2021-12-08 16:18:39,421 [Listener at 127.0.0.1/35129] INFO  segmented.SegmentedRaftLogWorker (SegmentedRaftLogWorker.java:close(237)) - 7b68650f-dcbc-43cf-b868-684d0b910f02@group-765B0C7C8EBC-SegmentedRaftLogWorker close()
2021-12-08 16:18:39,422 [7f1e10eb-d80c-441a-8f23-17d47eda459e@group-694EA6E161F7-SegmentedRaftLogWorker] INFO  segmented.SegmentedRaftLogWorker (SegmentedRaftLogWorker.java:run(327)) - 7f1e10eb-d80c-441a-8f23-17d47eda459e@group-694EA6E161F7-SegmentedRaftLogWorker was interrupted, exiting. There are 0 tasks remaining in the queue.
2021-12-08 16:18:39,422 [Listener at 127.0.0.1/35129] INFO  server.RaftServer$Division (RaftServerImpl.java:lambda$close$4(412)) - 7b68650f-dcbc-43cf-b868-684d0b910f02@group-CE4B335A003B: shutdown
2021-12-08 16:18:39,422 [Listener at 127.0.0.1/35129] INFO  util.JmxRegister (JmxRegister.java:unregister(73)) - Successfully un-registered JMX Bean with object name Ratis:service=RaftServer,group=group-CE4B335A003B,id=7b68650f-dcbc-43cf-b868-684d0b910f02
2021-12-08 16:18:39,422 [Listener at 127.0.0.1/35129] INFO  impl.RoleInfo (RoleInfo.java:shutdownFollowerState(108)) - 7b68650f-dcbc-43cf-b868-684d0b910f02: shutdown 7b68650f-dcbc-43cf-b868-684d0b910f02@group-CE4B335A003B-FollowerState
2021-12-08 16:18:39,422 [Listener at 127.0.0.1/35129] INFO  impl.StateMachineUpdater (StateMachineUpdater.java:stopAndJoin(149)) - 7b68650f-dcbc-43cf-b868-684d0b910f02@group-CE4B335A003B-StateMachineUpdater: set stopIndex = -1
2021-12-08 16:18:39,425 [7b68650f-dcbc-43cf-b868-684d0b910f02@group-CE4B335A003B-FollowerState] INFO  impl.FollowerState (FollowerState.java:run(143)) - 7b68650f-dcbc-43cf-b868-684d0b910f02@group-CE4B335A003B-FollowerState was interrupted: {}
java.lang.InterruptedException: sleep interrupted
	at java.lang.Thread.sleep(Native Method)
	at java.lang.Thread.sleep(Thread.java:340)
	at java.util.concurrent.TimeUnit.sleep(TimeUnit.java:386)
	at org.apache.ratis.util.TimeDuration.sleep(TimeDuration.java:324)
	at org.apache.ratis.util.TimeDuration.sleep(TimeDuration.java:309)
	at org.apache.ratis.server.impl.FollowerState.run(FollowerState.java:118)
2021-12-08 16:18:39,425 [Listener at 127.0.0.1/35129] INFO  server.RaftServer$Division (ServerState.java:close(419)) - 7b68650f-dcbc-43cf-b868-684d0b910f02@group-CE4B335A003B: closes. applyIndex: -1
2021-12-08 16:18:39,422 [ForkJoinPool.commonPool-worker-0] INFO  segmented.SegmentedRaftLogWorker (SegmentedRaftLogWorker.java:close(237)) - 7f1e10eb-d80c-441a-8f23-17d47eda459e@group-694EA6E161F7-SegmentedRaftLogWorker close()
2021-12-08 16:18:39,426 [7b68650f-dcbc-43cf-b868-684d0b910f02@group-CE4B335A003B-SegmentedRaftLogWorker] INFO  segmented.SegmentedRaftLogWorker (SegmentedRaftLogWorker.java:run(327)) - 7b68650f-dcbc-43cf-b868-684d0b910f02@group-CE4B335A003B-SegmentedRaftLogWorker was interrupted, exiting. There are 0 tasks remaining in the queue.
2021-12-08 16:18:39,426 [Listener at 127.0.0.1/35129] INFO  segmented.SegmentedRaftLogWorker (SegmentedRaftLogWorker.java:close(237)) - 7b68650f-dcbc-43cf-b868-684d0b910f02@group-CE4B335A003B-SegmentedRaftLogWorker close()
2021-12-08 16:18:39,427 [ForkJoinPool.commonPool-worker-0] INFO  server.RaftServer$Division (RaftServerImpl.java:lambda$close$4(412)) - 7f1e10eb-d80c-441a-8f23-17d47eda459e@group-765B0C7C8EBC: shutdown
2021-12-08 16:18:39,427 [ForkJoinPool.commonPool-worker-0] INFO  util.JmxRegister (JmxRegister.java:unregister(73)) - Successfully un-registered JMX Bean with object name Ratis:service=RaftServer,group=group-765B0C7C8EBC,id=7f1e10eb-d80c-441a-8f23-17d47eda459e
2021-12-08 16:18:39,427 [ForkJoinPool.commonPool-worker-0] INFO  impl.RoleInfo (RoleInfo.java:shutdownLeaderState(91)) - 7f1e10eb-d80c-441a-8f23-17d47eda459e: shutdown 7f1e10eb-d80c-441a-8f23-17d47eda459e@group-765B0C7C8EBC-LeaderStateImpl
2021-12-08 16:18:39,427 [ForkJoinPool.commonPool-worker-0] INFO  impl.PendingRequests (PendingRequests.java:sendNotLeaderResponses(282)) - 7f1e10eb-d80c-441a-8f23-17d47eda459e@group-765B0C7C8EBC-PendingRequests: sendNotLeaderResponses
2021-12-08 16:18:39,427 [7f1e10eb-d80c-441a-8f23-17d47eda459e@group-765B0C7C8EBC->7b68650f-dcbc-43cf-b868-684d0b910f02-GrpcLogAppender-LogAppenderDaemon] WARN  server.GrpcLogAppender (GrpcLogAppender.java:mayWait(177)) - 7f1e10eb-d80c-441a-8f23-17d47eda459e@group-765B0C7C8EBC->7b68650f-dcbc-43cf-b868-684d0b910f02-GrpcLogAppender: Wait interrupted by java.lang.InterruptedException
2021-12-08 16:18:39,428 [7f1e10eb-d80c-441a-8f23-17d47eda459e@group-765B0C7C8EBC->0b73e2cc-3015-4dd6-90fe-7108e702dc90-GrpcLogAppender-LogAppenderDaemon] WARN  server.GrpcLogAppender (GrpcLogAppender.java:mayWait(177)) - 7f1e10eb-d80c-441a-8f23-17d47eda459e@group-765B0C7C8EBC->0b73e2cc-3015-4dd6-90fe-7108e702dc90-GrpcLogAppender: Wait interrupted by java.lang.InterruptedException
2021-12-08 16:18:39,428 [Listener at 127.0.0.1/35129] INFO  server.RaftServer$Division (RaftServerImpl.java:lambda$close$4(412)) - 7b68650f-dcbc-43cf-b868-684d0b910f02@group-138A3B17FBBC: shutdown
2021-12-08 16:18:39,429 [Listener at 127.0.0.1/35129] INFO  util.JmxRegister (JmxRegister.java:unregister(73)) - Successfully un-registered JMX Bean with object name Ratis:service=RaftServer,group=group-138A3B17FBBC,id=7b68650f-dcbc-43cf-b868-684d0b910f02
2021-12-08 16:18:39,429 [Listener at 127.0.0.1/35129] INFO  impl.RoleInfo (RoleInfo.java:shutdownLeaderState(91)) - 7b68650f-dcbc-43cf-b868-684d0b910f02: shutdown 7b68650f-dcbc-43cf-b868-684d0b910f02@group-138A3B17FBBC-LeaderStateImpl
2021-12-08 16:18:39,429 [Listener at 127.0.0.1/35129] INFO  impl.PendingRequests (PendingRequests.java:sendNotLeaderResponses(282)) - 7b68650f-dcbc-43cf-b868-684d0b910f02@group-138A3B17FBBC-PendingRequests: sendNotLeaderResponses
2021-12-08 16:18:39,429 [Listener at 127.0.0.1/35129] INFO  impl.StateMachineUpdater (StateMachineUpdater.java:stopAndJoin(149)) - 7b68650f-dcbc-43cf-b868-684d0b910f02@group-138A3B17FBBC-StateMachineUpdater: set stopIndex = 0
2021-12-08 16:18:39,429 [grpc-default-executor-2] INFO  server.GrpcServerProtocolService (GrpcServerProtocolService.java:onCompleted(140)) - 0b73e2cc-3015-4dd6-90fe-7108e702dc90: Completed APPEND_ENTRIES, lastRequest: 7f1e10eb-d80c-441a-8f23-17d47eda459e->0b73e2cc-3015-4dd6-90fe-7108e702dc90#297-t1,previous=(t:1, i:27),leaderCommit=26,initializing? true,entries: size=1, first=(t:1, i:28), METADATAENTRY(c:26)
2021-12-08 16:18:39,430 [7b68650f-dcbc-43cf-b868-684d0b910f02@group-138A3B17FBBC-StateMachineUpdater] INFO  ratis.ContainerStateMachine (ContainerStateMachine.java:takeSnapshot(299)) - group-138A3B17FBBC: Taking a snapshot at:(t:1, i:0) file /home/runner/work/ozone/ozone/hadoop-ozone/integration-test/target/test-dir/MiniOzoneClusterImpl-342c6473-b8f2-47f0-851b-3da0ce2c7dbb/datanode-1/data/ratis/53fe7283-8f30-4cda-85c9-138a3b17fbbc/sm/snapshot.1_0
2021-12-08 16:18:39,431 [grpc-default-executor-1] INFO  server.GrpcLogAppender (GrpcLogAppender.java:onCompleted(346)) - 7f1e10eb-d80c-441a-8f23-17d47eda459e@group-765B0C7C8EBC->0b73e2cc-3015-4dd6-90fe-7108e702dc90-AppendLogResponseHandler: follower responses appendEntries COMPLETED
2021-12-08 16:18:39,431 [7b68650f-dcbc-43cf-b868-684d0b910f02@group-138A3B17FBBC-StateMachineUpdater] INFO  ratis.ContainerStateMachine (ContainerStateMachine.java:takeSnapshot(310)) - group-138A3B17FBBC: Finished taking a snapshot at:(t:1, i:0) file:/home/runner/work/ozone/ozone/hadoop-ozone/integration-test/target/test-dir/MiniOzoneClusterImpl-342c6473-b8f2-47f0-851b-3da0ce2c7dbb/datanode-1/data/ratis/53fe7283-8f30-4cda-85c9-138a3b17fbbc/sm/snapshot.1_0 took: 1 ms
2021-12-08 16:18:39,432 [7b68650f-dcbc-43cf-b868-684d0b910f02@group-138A3B17FBBC-StateMachineUpdater] INFO  impl.StateMachineUpdater (StateMachineUpdater.java:takeSnapshot(281)) - 7b68650f-dcbc-43cf-b868-684d0b910f02@group-138A3B17FBBC-StateMachineUpdater: Took a snapshot at index 0
2021-12-08 16:18:39,432 [7b68650f-dcbc-43cf-b868-684d0b910f02@group-138A3B17FBBC-StateMachineUpdater] INFO  impl.StateMachineUpdater (StateMachineUpdater.java:lambda$new$0(89)) - 7b68650f-dcbc-43cf-b868-684d0b910f02@group-138A3B17FBBC-StateMachineUpdater: snapshotIndex: updateIncreasingly -1 -> 0
2021-12-08 16:18:39,432 [Listener at 127.0.0.1/35129] INFO  server.RaftServer$Division (ServerState.java:close(419)) - 7b68650f-dcbc-43cf-b868-684d0b910f02@group-138A3B17FBBC: closes. applyIndex: 0
2021-12-08 16:18:39,432 [7b68650f-dcbc-43cf-b868-684d0b910f02@group-138A3B17FBBC-SegmentedRaftLogWorker] INFO  segmented.SegmentedRaftLogWorker (SegmentedRaftLogWorker.java:run(327)) - 7b68650f-dcbc-43cf-b868-684d0b910f02@group-138A3B17FBBC-SegmentedRaftLogWorker was interrupted, exiting. There are 0 tasks remaining in the queue.
2021-12-08 16:18:39,432 [Listener at 127.0.0.1/35129] INFO  segmented.SegmentedRaftLogWorker (SegmentedRaftLogWorker.java:close(237)) - 7b68650f-dcbc-43cf-b868-684d0b910f02@group-138A3B17FBBC-SegmentedRaftLogWorker close()
2021-12-08 16:18:39,434 [grpc-default-executor-1] INFO  leader.FollowerInfo (FollowerInfoImpl.java:lambda$new$0(47)) - 7f1e10eb-d80c-441a-8f23-17d47eda459e@group-765B0C7C8EBC->0b73e2cc-3015-4dd6-90fe-7108e702dc90: nextIndex: updateUnconditionally 29 -> 28
2021-12-08 16:18:39,436 [ForkJoinPool.commonPool-worker-0] INFO  impl.StateMachineUpdater (StateMachineUpdater.java:stopAndJoin(149)) - 7f1e10eb-d80c-441a-8f23-17d47eda459e@group-765B0C7C8EBC-StateMachineUpdater: set stopIndex = 28
2021-12-08 16:18:39,430 [grpc-default-executor-0] INFO  server.GrpcServerProtocolService (GrpcServerProtocolService.java:onCompleted(140)) - 7b68650f-dcbc-43cf-b868-684d0b910f02: Completed APPEND_ENTRIES, lastRequest: 7f1e10eb-d80c-441a-8f23-17d47eda459e->7b68650f-dcbc-43cf-b868-684d0b910f02#269-t1,previous=(t:1, i:27),leaderCommit=26,initializing? true,entries: size=1, first=(t:1, i:28), METADATAENTRY(c:26)
2021-12-08 16:18:39,436 [Listener at 127.0.0.1/35129] INFO  server.GrpcService (GrpcService.java:closeImpl(262)) - 7b68650f-dcbc-43cf-b868-684d0b910f02: shutdown server with port 40451 now
2021-12-08 16:18:39,436 [7f1e10eb-d80c-441a-8f23-17d47eda459e@group-765B0C7C8EBC-StateMachineUpdater] INFO  ratis.ContainerStateMachine (ContainerStateMachine.java:takeSnapshot(299)) - group-765B0C7C8EBC: Taking a snapshot at:(t:1, i:28) file /home/runner/work/ozone/ozone/hadoop-ozone/integration-test/target/test-dir/MiniOzoneClusterImpl-342c6473-b8f2-47f0-851b-3da0ce2c7dbb/datanode-0/data/ratis/c3e42d7e-74af-4542-984b-765b0c7c8ebc/sm/snapshot.1_28
2021-12-08 16:18:39,438 [grpc-default-executor-2] INFO  server.GrpcLogAppender (GrpcLogAppender.java:onCompleted(346)) - 7f1e10eb-d80c-441a-8f23-17d47eda459e@group-765B0C7C8EBC->7b68650f-dcbc-43cf-b868-684d0b910f02-AppendLogResponseHandler: follower responses appendEntries COMPLETED
2021-12-08 16:18:39,438 [7f1e10eb-d80c-441a-8f23-17d47eda459e@group-765B0C7C8EBC-StateMachineUpdater] INFO  ratis.ContainerStateMachine (ContainerStateMachine.java:takeSnapshot(310)) - group-765B0C7C8EBC: Finished taking a snapshot at:(t:1, i:28) file:/home/runner/work/ozone/ozone/hadoop-ozone/integration-test/target/test-dir/MiniOzoneClusterImpl-342c6473-b8f2-47f0-851b-3da0ce2c7dbb/datanode-0/data/ratis/c3e42d7e-74af-4542-984b-765b0c7c8ebc/sm/snapshot.1_28 took: 2 ms
2021-12-08 16:18:39,438 [7f1e10eb-d80c-441a-8f23-17d47eda459e@group-765B0C7C8EBC-StateMachineUpdater] INFO  impl.StateMachineUpdater (StateMachineUpdater.java:takeSnapshot(281)) - 7f1e10eb-d80c-441a-8f23-17d47eda459e@group-765B0C7C8EBC-StateMachineUpdater: Took a snapshot at index 28
2021-12-08 16:18:39,438 [7f1e10eb-d80c-441a-8f23-17d47eda459e@group-765B0C7C8EBC-StateMachineUpdater] INFO  impl.StateMachineUpdater (StateMachineUpdater.java:lambda$new$0(89)) - 7f1e10eb-d80c-441a-8f23-17d47eda459e@group-765B0C7C8EBC-StateMachineUpdater: snapshotIndex: updateIncreasingly -1 -> 28
2021-12-08 16:18:39,438 [grpc-default-executor-2] INFO  leader.FollowerInfo (FollowerInfoImpl.java:lambda$new$0(47)) - 7f1e10eb-d80c-441a-8f23-17d47eda459e@group-765B0C7C8EBC->7b68650f-dcbc-43cf-b868-684d0b910f02: nextIndex: updateUnconditionally 29 -> 28
2021-12-08 16:18:39,447 [ForkJoinPool.commonPool-worker-0] INFO  server.RaftServer$Division (ServerState.java:close(419)) - 7f1e10eb-d80c-441a-8f23-17d47eda459e@group-765B0C7C8EBC: closes. applyIndex: 28
2021-12-08 16:18:39,448 [7f1e10eb-d80c-441a-8f23-17d47eda459e@group-765B0C7C8EBC-SegmentedRaftLogWorker] INFO  segmented.SegmentedRaftLogWorker (SegmentedRaftLogWorker.java:run(327)) - 7f1e10eb-d80c-441a-8f23-17d47eda459e@group-765B0C7C8EBC-SegmentedRaftLogWorker was interrupted, exiting. There are 0 tasks remaining in the queue.
2021-12-08 16:18:39,448 [ForkJoinPool.commonPool-worker-0] INFO  segmented.SegmentedRaftLogWorker (SegmentedRaftLogWorker.java:close(237)) - 7f1e10eb-d80c-441a-8f23-17d47eda459e@group-765B0C7C8EBC-SegmentedRaftLogWorker close()
2021-12-08 16:18:39,451 [Listener at 127.0.0.1/35129] INFO  server.GrpcService (GrpcService.java:closeImpl(271)) - 7b68650f-dcbc-43cf-b868-684d0b910f02: shutdown server with port 40451 successfully
2021-12-08 16:18:39,451 [org.apache.ratis.util.JvmPauseMonitor$$Lambda$523/2003369902@42ebcd26] INFO  util.JvmPauseMonitor (JvmPauseMonitor.java:run(109)) - JvmPauseMonitor-7b68650f-dcbc-43cf-b868-684d0b910f02: Stopped
2021-12-08 16:18:39,452 [ForkJoinPool.commonPool-worker-0] INFO  server.RaftServer$Division (RaftServerImpl.java:lambda$close$4(412)) - 7f1e10eb-d80c-441a-8f23-17d47eda459e@group-CE4B335A003B: shutdown
2021-12-08 16:18:39,452 [ForkJoinPool.commonPool-worker-0] INFO  util.JmxRegister (JmxRegister.java:unregister(73)) - Successfully un-registered JMX Bean with object name Ratis:service=RaftServer,group=group-CE4B335A003B,id=7f1e10eb-d80c-441a-8f23-17d47eda459e
2021-12-08 16:18:39,452 [ForkJoinPool.commonPool-worker-0] INFO  impl.RoleInfo (RoleInfo.java:shutdownFollowerState(108)) - 7f1e10eb-d80c-441a-8f23-17d47eda459e: shutdown 7f1e10eb-d80c-441a-8f23-17d47eda459e@group-CE4B335A003B-FollowerState
2021-12-08 16:18:39,452 [ForkJoinPool.commonPool-worker-0] INFO  impl.StateMachineUpdater (StateMachineUpdater.java:stopAndJoin(149)) - 7f1e10eb-d80c-441a-8f23-17d47eda459e@group-CE4B335A003B-StateMachineUpdater: set stopIndex = -1
2021-12-08 16:18:39,452 [7f1e10eb-d80c-441a-8f23-17d47eda459e@group-CE4B335A003B-FollowerState] INFO  impl.FollowerState (FollowerState.java:run(143)) - 7f1e10eb-d80c-441a-8f23-17d47eda459e@group-CE4B335A003B-FollowerState was interrupted: {}
java.lang.InterruptedException: sleep interrupted
	at java.lang.Thread.sleep(Native Method)
	at java.lang.Thread.sleep(Thread.java:340)
	at java.util.concurrent.TimeUnit.sleep(TimeUnit.java:386)
	at org.apache.ratis.util.TimeDuration.sleep(TimeDuration.java:324)
	at org.apache.ratis.util.TimeDuration.sleep(TimeDuration.java:309)
	at org.apache.ratis.server.impl.FollowerState.run(FollowerState.java:118)
2021-12-08 16:18:39,453 [ForkJoinPool.commonPool-worker-0] INFO  server.RaftServer$Division (ServerState.java:close(419)) - 7f1e10eb-d80c-441a-8f23-17d47eda459e@group-CE4B335A003B: closes. applyIndex: -1
2021-12-08 16:18:39,453 [7f1e10eb-d80c-441a-8f23-17d47eda459e@group-CE4B335A003B-SegmentedRaftLogWorker] INFO  segmented.SegmentedRaftLogWorker (SegmentedRaftLogWorker.java:run(327)) - 7f1e10eb-d80c-441a-8f23-17d47eda459e@group-CE4B335A003B-SegmentedRaftLogWorker was interrupted, exiting. There are 0 tasks remaining in the queue.
2021-12-08 16:18:39,453 [ForkJoinPool.commonPool-worker-0] INFO  segmented.SegmentedRaftLogWorker (SegmentedRaftLogWorker.java:close(237)) - 7f1e10eb-d80c-441a-8f23-17d47eda459e@group-CE4B335A003B-SegmentedRaftLogWorker close()
2021-12-08 16:18:39,456 [ForkJoinPool.commonPool-worker-0] INFO  server.GrpcService (GrpcService.java:closeImpl(262)) - 7f1e10eb-d80c-441a-8f23-17d47eda459e: shutdown server with port 45553 now
2021-12-08 16:18:39,460 [grpc-default-executor-1] WARN  client.GrpcClientProtocolService (LogUtils.java:warn(122)) - 1-UnorderedRequestStreamObserver1: onError: org.apache.ratis.thirdparty.io.grpc.StatusRuntimeException: CANCELLED: client cancelled
2021-12-08 16:18:39,465 [ForkJoinPool.commonPool-worker-0] INFO  server.GrpcService (GrpcService.java:closeImpl(271)) - 7f1e10eb-d80c-441a-8f23-17d47eda459e: shutdown server with port 45553 successfully
2021-12-08 16:18:39,465 [org.apache.ratis.util.JvmPauseMonitor$$Lambda$523/2003369902@1559deb] INFO  util.JvmPauseMonitor (JvmPauseMonitor.java:run(109)) - JvmPauseMonitor-7f1e10eb-d80c-441a-8f23-17d47eda459e: Stopped
2021-12-08 16:18:45,977 [0b73e2cc-3015-4dd6-90fe-7108e702dc90@group-765B0C7C8EBC-FollowerState] INFO  impl.FollowerState (FollowerState.java:run(134)) - 0b73e2cc-3015-4dd6-90fe-7108e702dc90@group-765B0C7C8EBC-FollowerState: change to CANDIDATE, lastRpcElapsedTime:8489210178ns, electionTimeout:5118ms
2021-12-08 16:18:45,977 [0b73e2cc-3015-4dd6-90fe-7108e702dc90@group-765B0C7C8EBC-FollowerState] INFO  impl.RoleInfo (RoleInfo.java:shutdownFollowerState(108)) - 0b73e2cc-3015-4dd6-90fe-7108e702dc90: shutdown 0b73e2cc-3015-4dd6-90fe-7108e702dc90@group-765B0C7C8EBC-FollowerState
2021-12-08 16:18:45,977 [0b73e2cc-3015-4dd6-90fe-7108e702dc90@group-765B0C7C8EBC-FollowerState] INFO  server.RaftServer$Division (RaftServerImpl.java:setRole(290)) - 0b73e2cc-3015-4dd6-90fe-7108e702dc90@group-765B0C7C8EBC: changes role from  FOLLOWER to CANDIDATE at term 1 for changeToCandidate
2021-12-08 16:18:45,977 [0b73e2cc-3015-4dd6-90fe-7108e702dc90@group-765B0C7C8EBC-FollowerState] INFO  server.RaftServerConfigKeys (ConfUtils.java:logGet(44)) - raft.server.leaderelection.pre-vote = false (custom)
2021-12-08 16:18:45,977 [0b73e2cc-3015-4dd6-90fe-7108e702dc90@group-765B0C7C8EBC-FollowerState] INFO  impl.RoleInfo (RoleInfo.java:updateAndGet(130)) - 0b73e2cc-3015-4dd6-90fe-7108e702dc90: start 0b73e2cc-3015-4dd6-90fe-7108e702dc90@group-765B0C7C8EBC-LeaderElection11
2021-12-08 16:18:45,979 [0b73e2cc-3015-4dd6-90fe-7108e702dc90@group-765B0C7C8EBC-LeaderElection11] INFO  server.RaftServer$Division (ServerState.java:setLeader(285)) - 0b73e2cc-3015-4dd6-90fe-7108e702dc90@group-765B0C7C8EBC: change Leader from 7f1e10eb-d80c-441a-8f23-17d47eda459e to null at term 1 for ELECTION
2021-12-08 16:18:45,981 [0b73e2cc-3015-4dd6-90fe-7108e702dc90@group-765B0C7C8EBC-LeaderElection11] INFO  impl.LeaderElection (LeaderElection.java:askForVotes(306)) - 0b73e2cc-3015-4dd6-90fe-7108e702dc90@group-765B0C7C8EBC-LeaderElection11 ELECTION round 0: submit vote requests at term 2 for 0: [7f1e10eb-d80c-441a-8f23-17d47eda459e|rpc:10.1.0.47:45553|dataStream:|priority:1, 0b73e2cc-3015-4dd6-90fe-7108e702dc90|rpc:10.1.0.47:37727|dataStream:|priority:0, 7b68650f-dcbc-43cf-b868-684d0b910f02|rpc:10.1.0.47:40451|dataStream:|priority:0], old=null
2021-12-08 16:18:45,994 [0b73e2cc-3015-4dd6-90fe-7108e702dc90@group-765B0C7C8EBC-LeaderElection11] INFO  impl.LeaderElection (LogUtils.java:infoOrTrace(137)) - 0b73e2cc-3015-4dd6-90fe-7108e702dc90@group-765B0C7C8EBC-LeaderElection11 got exception when requesting votes: java.util.concurrent.ExecutionException: org.apache.ratis.thirdparty.io.grpc.StatusRuntimeException: UNAVAILABLE: io exception
2021-12-08 16:18:45,997 [0b73e2cc-3015-4dd6-90fe-7108e702dc90@group-765B0C7C8EBC-LeaderElection11] INFO  impl.LeaderElection (LogUtils.java:infoOrTrace(137)) - 0b73e2cc-3015-4dd6-90fe-7108e702dc90@group-765B0C7C8EBC-LeaderElection11 got exception when requesting votes: java.util.concurrent.ExecutionException: org.apache.ratis.thirdparty.io.grpc.StatusRuntimeException: UNAVAILABLE: io exception
2021-12-08 16:18:45,998 [0b73e2cc-3015-4dd6-90fe-7108e702dc90@group-765B0C7C8EBC-LeaderElection11] INFO  impl.LeaderElection (LeaderElection.java:logAndReturn(89)) - 0b73e2cc-3015-4dd6-90fe-7108e702dc90@group-765B0C7C8EBC-LeaderElection11: ELECTION REJECTED received 0 response(s) and 2 exception(s):
2021-12-08 16:18:45,998 [0b73e2cc-3015-4dd6-90fe-7108e702dc90@group-765B0C7C8EBC-LeaderElection11] INFO  impl.LeaderElection (LogUtils.java:infoOrTrace(137)) -   Exception 0: java.util.concurrent.ExecutionException: org.apache.ratis.thirdparty.io.grpc.StatusRuntimeException: UNAVAILABLE: io exception
2021-12-08 16:18:45,998 [0b73e2cc-3015-4dd6-90fe-7108e702dc90@group-765B0C7C8EBC-LeaderElection11] INFO  impl.LeaderElection (LogUtils.java:infoOrTrace(137)) -   Exception 1: java.util.concurrent.ExecutionException: org.apache.ratis.thirdparty.io.grpc.StatusRuntimeException: UNAVAILABLE: io exception
2021-12-08 16:18:45,998 [0b73e2cc-3015-4dd6-90fe-7108e702dc90@group-765B0C7C8EBC-LeaderElection11] INFO  impl.LeaderElection (LeaderElection.java:askForVotes(308)) - 0b73e2cc-3015-4dd6-90fe-7108e702dc90@group-765B0C7C8EBC-LeaderElection11 ELECTION round 0: result REJECTED
2021-12-08 16:18:45,998 [0b73e2cc-3015-4dd6-90fe-7108e702dc90@group-765B0C7C8EBC-LeaderElection11] INFO  server.RaftServer$Division (RaftServerImpl.java:setRole(290)) - 0b73e2cc-3015-4dd6-90fe-7108e702dc90@group-765B0C7C8EBC: changes role from CANDIDATE to FOLLOWER at term 2 for REJECTED
2021-12-08 16:18:45,998 [0b73e2cc-3015-4dd6-90fe-7108e702dc90@group-765B0C7C8EBC-LeaderElection11] INFO  impl.RoleInfo (RoleInfo.java:shutdownLeaderElection(121)) - 0b73e2cc-3015-4dd6-90fe-7108e702dc90: shutdown 0b73e2cc-3015-4dd6-90fe-7108e702dc90@group-765B0C7C8EBC-LeaderElection11
2021-12-08 16:18:45,998 [0b73e2cc-3015-4dd6-90fe-7108e702dc90@group-765B0C7C8EBC-LeaderElection11] INFO  impl.RoleInfo (RoleInfo.java:updateAndGet(130)) - 0b73e2cc-3015-4dd6-90fe-7108e702dc90: start 0b73e2cc-3015-4dd6-90fe-7108e702dc90@group-765B0C7C8EBC-FollowerState
2021-12-08 16:18:46,469 [Listener at 127.0.0.1/35129] INFO  utils.BackgroundService (BackgroundService.java:shutdown(132)) - Shutting down service BlockDeletingService
2021-12-08 16:18:46,481 [ForkJoinPool.commonPool-worker-0] INFO  utils.BackgroundService (BackgroundService.java:shutdown(132)) - Shutting down service BlockDeletingService
2021-12-08 16:18:46,876 [0b73e2cc-3015-4dd6-90fe-7108e702dc90@group-CE4B335A003B-FollowerState] INFO  impl.FollowerState (FollowerState.java:run(134)) - 0b73e2cc-3015-4dd6-90fe-7108e702dc90@group-CE4B335A003B-FollowerState: change to CANDIDATE, lastRpcElapsedTime:10263305031ns, electionTimeout:5135ms
2021-12-08 16:18:46,876 [0b73e2cc-3015-4dd6-90fe-7108e702dc90@group-CE4B335A003B-FollowerState] INFO  impl.RoleInfo (RoleInfo.java:shutdownFollowerState(108)) - 0b73e2cc-3015-4dd6-90fe-7108e702dc90: shutdown 0b73e2cc-3015-4dd6-90fe-7108e702dc90@group-CE4B335A003B-FollowerState
2021-12-08 16:18:46,876 [0b73e2cc-3015-4dd6-90fe-7108e702dc90@group-CE4B335A003B-FollowerState] INFO  server.RaftServer$Division (RaftServerImpl.java:setRole(290)) - 0b73e2cc-3015-4dd6-90fe-7108e702dc90@group-CE4B335A003B: changes role from  FOLLOWER to CANDIDATE at term 3 for changeToCandidate
2021-12-08 16:18:46,877 [0b73e2cc-3015-4dd6-90fe-7108e702dc90@group-CE4B335A003B-FollowerState] INFO  server.RaftServerConfigKeys (ConfUtils.java:logGet(44)) - raft.server.leaderelection.pre-vote = false (custom)
2021-12-08 16:18:46,877 [0b73e2cc-3015-4dd6-90fe-7108e702dc90@group-CE4B335A003B-FollowerState] INFO  impl.RoleInfo (RoleInfo.java:updateAndGet(130)) - 0b73e2cc-3015-4dd6-90fe-7108e702dc90: start 0b73e2cc-3015-4dd6-90fe-7108e702dc90@group-CE4B335A003B-LeaderElection12
2021-12-08 16:18:46,884 [0b73e2cc-3015-4dd6-90fe-7108e702dc90@group-CE4B335A003B-LeaderElection12] INFO  impl.LeaderElection (LeaderElection.java:askForVotes(306)) - 0b73e2cc-3015-4dd6-90fe-7108e702dc90@group-CE4B335A003B-LeaderElection12 ELECTION round 0: submit vote requests at term 4 for -1: [7f1e10eb-d80c-441a-8f23-17d47eda459e|rpc:10.1.0.47:45553|priority:0, 0b73e2cc-3015-4dd6-90fe-7108e702dc90|rpc:10.1.0.47:37727|priority:0, 7b68650f-dcbc-43cf-b868-684d0b910f02|rpc:10.1.0.47:40451|priority:1], old=null
2021-12-08 16:18:46,885 [0b73e2cc-3015-4dd6-90fe-7108e702dc90@group-CE4B335A003B-LeaderElection12] INFO  impl.LeaderElection (LogUtils.java:infoOrTrace(137)) - 0b73e2cc-3015-4dd6-90fe-7108e702dc90@group-CE4B335A003B-LeaderElection12 got exception when requesting votes: java.util.concurrent.ExecutionException: org.apache.ratis.thirdparty.io.grpc.StatusRuntimeException: UNAVAILABLE: io exception
2021-12-08 16:18:46,886 [0b73e2cc-3015-4dd6-90fe-7108e702dc90@group-CE4B335A003B-LeaderElection12] INFO  impl.LeaderElection (LogUtils.java:infoOrTrace(137)) - 0b73e2cc-3015-4dd6-90fe-7108e702dc90@group-CE4B335A003B-LeaderElection12 got exception when requesting votes: java.util.concurrent.ExecutionException: org.apache.ratis.thirdparty.io.grpc.StatusRuntimeException: UNAVAILABLE: io exception
2021-12-08 16:18:46,886 [0b73e2cc-3015-4dd6-90fe-7108e702dc90@group-CE4B335A003B-LeaderElection12] INFO  impl.LeaderElection (LeaderElection.java:logAndReturn(89)) - 0b73e2cc-3015-4dd6-90fe-7108e702dc90@group-CE4B335A003B-LeaderElection12: ELECTION REJECTED received 0 response(s) and 2 exception(s):
2021-12-08 16:18:46,886 [0b73e2cc-3015-4dd6-90fe-7108e702dc90@group-CE4B335A003B-LeaderElection12] INFO  impl.LeaderElection (LogUtils.java:infoOrTrace(137)) -   Exception 0: java.util.concurrent.ExecutionException: org.apache.ratis.thirdparty.io.grpc.StatusRuntimeException: UNAVAILABLE: io exception
2021-12-08 16:18:46,886 [0b73e2cc-3015-4dd6-90fe-7108e702dc90@group-CE4B335A003B-LeaderElection12] INFO  impl.LeaderElection (LogUtils.java:infoOrTrace(137)) -   Exception 1: java.util.concurrent.ExecutionException: org.apache.ratis.thirdparty.io.grpc.StatusRuntimeException: UNAVAILABLE: io exception
2021-12-08 16:18:46,886 [0b73e2cc-3015-4dd6-90fe-7108e702dc90@group-CE4B335A003B-LeaderElection12] INFO  impl.LeaderElection (LeaderElection.java:askForVotes(308)) - 0b73e2cc-3015-4dd6-90fe-7108e702dc90@group-CE4B335A003B-LeaderElection12 ELECTION round 0: result REJECTED
2021-12-08 16:18:46,886 [0b73e2cc-3015-4dd6-90fe-7108e702dc90@group-CE4B335A003B-LeaderElection12] INFO  server.RaftServer$Division (RaftServerImpl.java:setRole(290)) - 0b73e2cc-3015-4dd6-90fe-7108e702dc90@group-CE4B335A003B: changes role from CANDIDATE to FOLLOWER at term 4 for REJECTED
2021-12-08 16:18:46,886 [0b73e2cc-3015-4dd6-90fe-7108e702dc90@group-CE4B335A003B-LeaderElection12] INFO  impl.RoleInfo (RoleInfo.java:shutdownLeaderElection(121)) - 0b73e2cc-3015-4dd6-90fe-7108e702dc90: shutdown 0b73e2cc-3015-4dd6-90fe-7108e702dc90@group-CE4B335A003B-LeaderElection12
2021-12-08 16:18:46,886 [0b73e2cc-3015-4dd6-90fe-7108e702dc90@group-CE4B335A003B-LeaderElection12] INFO  impl.RoleInfo (RoleInfo.java:updateAndGet(130)) - 0b73e2cc-3015-4dd6-90fe-7108e702dc90: start 0b73e2cc-3015-4dd6-90fe-7108e702dc90@group-CE4B335A003B-FollowerState
2021-12-08 16:18:49,472 [Listener at 127.0.0.1/35129] INFO  statemachine.DatanodeStateMachine (DatanodeStateMachine.java:stopDaemon(526)) - Ozone container server stopped.
2021-12-08 16:18:49,473 [Listener at 127.0.0.1/35129] INFO  handler.ContextHandler (ContextHandler.java:doStop(1153)) - Stopped o.e.j.w.WebAppContext@661a5ac0{hddsDatanode,/,null,STOPPED}{jar:file:/home/runner/.m2/repository/org/apache/ozone/hdds-container-service/1.3.0-SNAPSHOT/hdds-container-service-1.3.0-SNAPSHOT.jar!/webapps/hddsDatanode}
2021-12-08 16:18:49,475 [Listener at 127.0.0.1/35129] INFO  server.AbstractConnector (AbstractConnector.java:doStop(381)) - Stopped ServerConnector@28e3bcb8{HTTP/1.1, (http/1.1)}{0.0.0.0:0}
2021-12-08 16:18:49,475 [Listener at 127.0.0.1/35129] INFO  server.session (HouseKeeper.java:stopScavenging(149)) - node0 Stopped scavenging
2021-12-08 16:18:49,475 [Listener at 127.0.0.1/35129] INFO  handler.ContextHandler (ContextHandler.java:doStop(1153)) - Stopped o.e.j.s.ServletContextHandler@24a1ccb{static,/static,jar:file:/home/runner/.m2/repository/org/apache/ozone/hdds-container-service/1.3.0-SNAPSHOT/hdds-container-service-1.3.0-SNAPSHOT.jar!/webapps/static,STOPPED}
2021-12-08 16:18:49,475 [Listener at 127.0.0.1/35129] INFO  handler.ContextHandler (ContextHandler.java:doStop(1153)) - Stopped o.e.j.s.ServletContextHandler@629eeeec{logs,/logs,file:///home/runner/work/ozone/ozone/hadoop-ozone/integration-test/target/log,STOPPED}
2021-12-08 16:18:49,485 [ForkJoinPool.commonPool-worker-0] INFO  statemachine.DatanodeStateMachine (DatanodeStateMachine.java:stopDaemon(526)) - Ozone container server stopped.
2021-12-08 16:18:49,488 [ForkJoinPool.commonPool-worker-0] INFO  handler.ContextHandler (ContextHandler.java:doStop(1153)) - Stopped o.e.j.w.WebAppContext@3bd6ce4e{hddsDatanode,/,null,STOPPED}{jar:file:/home/runner/.m2/repository/org/apache/ozone/hdds-container-service/1.3.0-SNAPSHOT/hdds-container-service-1.3.0-SNAPSHOT.jar!/webapps/hddsDatanode}
2021-12-08 16:18:49,488 [ForkJoinPool.commonPool-worker-0] INFO  server.AbstractConnector (AbstractConnector.java:doStop(381)) - Stopped ServerConnector@244ba147{HTTP/1.1, (http/1.1)}{0.0.0.0:0}
2021-12-08 16:18:49,488 [ForkJoinPool.commonPool-worker-0] INFO  server.session (HouseKeeper.java:stopScavenging(149)) - node0 Stopped scavenging
2021-12-08 16:18:49,489 [ForkJoinPool.commonPool-worker-0] INFO  handler.ContextHandler (ContextHandler.java:doStop(1153)) - Stopped o.e.j.s.ServletContextHandler@24ab83c8{static,/static,jar:file:/home/runner/.m2/repository/org/apache/ozone/hdds-container-service/1.3.0-SNAPSHOT/hdds-container-service-1.3.0-SNAPSHOT.jar!/webapps/static,STOPPED}
2021-12-08 16:18:49,489 [ForkJoinPool.commonPool-worker-0] INFO  handler.ContextHandler (ContextHandler.java:doStop(1153)) - Stopped o.e.j.s.ServletContextHandler@33260ecd{logs,/logs,file:///home/runner/work/ozone/ozone/hadoop-ozone/integration-test/target/log,STOPPED}
2021-12-08 16:18:51,078 [0b73e2cc-3015-4dd6-90fe-7108e702dc90@group-765B0C7C8EBC-FollowerState] INFO  impl.FollowerState (FollowerState.java:run(134)) - 0b73e2cc-3015-4dd6-90fe-7108e702dc90@group-765B0C7C8EBC-FollowerState: change to CANDIDATE, lastRpcElapsedTime:5079835407ns, electionTimeout:5078ms
2021-12-08 16:18:51,078 [0b73e2cc-3015-4dd6-90fe-7108e702dc90@group-765B0C7C8EBC-FollowerState] INFO  impl.RoleInfo (RoleInfo.java:shutdownFollowerState(108)) - 0b73e2cc-3015-4dd6-90fe-7108e702dc90: shutdown 0b73e2cc-3015-4dd6-90fe-7108e702dc90@group-765B0C7C8EBC-FollowerState
2021-12-08 16:18:51,078 [0b73e2cc-3015-4dd6-90fe-7108e702dc90@group-765B0C7C8EBC-FollowerState] INFO  server.RaftServer$Division (RaftServerImpl.java:setRole(290)) - 0b73e2cc-3015-4dd6-90fe-7108e702dc90@group-765B0C7C8EBC: changes role from  FOLLOWER to CANDIDATE at term 2 for changeToCandidate
2021-12-08 16:18:51,079 [0b73e2cc-3015-4dd6-90fe-7108e702dc90@group-765B0C7C8EBC-FollowerState] INFO  server.RaftServerConfigKeys (ConfUtils.java:logGet(44)) - raft.server.leaderelection.pre-vote = false (custom)
2021-12-08 16:18:51,079 [0b73e2cc-3015-4dd6-90fe-7108e702dc90@group-765B0C7C8EBC-FollowerState] INFO  impl.RoleInfo (RoleInfo.java:updateAndGet(130)) - 0b73e2cc-3015-4dd6-90fe-7108e702dc90: start 0b73e2cc-3015-4dd6-90fe-7108e702dc90@group-765B0C7C8EBC-LeaderElection13
2021-12-08 16:18:51,094 [0b73e2cc-3015-4dd6-90fe-7108e702dc90@group-765B0C7C8EBC-LeaderElection13] INFO  impl.LeaderElection (LeaderElection.java:askForVotes(306)) - 0b73e2cc-3015-4dd6-90fe-7108e702dc90@group-765B0C7C8EBC-LeaderElection13 ELECTION round 0: submit vote requests at term 3 for 0: [7f1e10eb-d80c-441a-8f23-17d47eda459e|rpc:10.1.0.47:45553|dataStream:|priority:1, 0b73e2cc-3015-4dd6-90fe-7108e702dc90|rpc:10.1.0.47:37727|dataStream:|priority:0, 7b68650f-dcbc-43cf-b868-684d0b910f02|rpc:10.1.0.47:40451|dataStream:|priority:0], old=null
2021-12-08 16:18:51,108 [0b73e2cc-3015-4dd6-90fe-7108e702dc90@group-765B0C7C8EBC-LeaderElection13] INFO  impl.LeaderElection (LogUtils.java:infoOrTrace(137)) - 0b73e2cc-3015-4dd6-90fe-7108e702dc90@group-765B0C7C8EBC-LeaderElection13 got exception when requesting votes: java.util.concurrent.ExecutionException: org.apache.ratis.thirdparty.io.grpc.StatusRuntimeException: UNAVAILABLE: io exception
2021-12-08 16:18:51,109 [0b73e2cc-3015-4dd6-90fe-7108e702dc90@group-765B0C7C8EBC-LeaderElection13] INFO  impl.LeaderElection (LogUtils.java:infoOrTrace(137)) - 0b73e2cc-3015-4dd6-90fe-7108e702dc90@group-765B0C7C8EBC-LeaderElection13 got exception when requesting votes: java.util.concurrent.ExecutionException: org.apache.ratis.thirdparty.io.grpc.StatusRuntimeException: UNAVAILABLE: io exception
2021-12-08 16:18:51,109 [0b73e2cc-3015-4dd6-90fe-7108e702dc90@group-765B0C7C8EBC-LeaderElection13] INFO  impl.LeaderElection (LeaderElection.java:logAndReturn(89)) - 0b73e2cc-3015-4dd6-90fe-7108e702dc90@group-765B0C7C8EBC-LeaderElection13: ELECTION REJECTED received 0 response(s) and 2 exception(s):
2021-12-08 16:18:51,109 [0b73e2cc-3015-4dd6-90fe-7108e702dc90@group-765B0C7C8EBC-LeaderElection13] INFO  impl.LeaderElection (LogUtils.java:infoOrTrace(137)) -   Exception 0: java.util.concurrent.ExecutionException: org.apache.ratis.thirdparty.io.grpc.StatusRuntimeException: UNAVAILABLE: io exception
2021-12-08 16:18:51,109 [0b73e2cc-3015-4dd6-90fe-7108e702dc90@group-765B0C7C8EBC-LeaderElection13] INFO  impl.LeaderElection (LogUtils.java:infoOrTrace(137)) -   Exception 1: java.util.concurrent.ExecutionException: org.apache.ratis.thirdparty.io.grpc.StatusRuntimeException: UNAVAILABLE: io exception
2021-12-08 16:18:51,109 [0b73e2cc-3015-4dd6-90fe-7108e702dc90@group-765B0C7C8EBC-LeaderElection13] INFO  impl.LeaderElection (LeaderElection.java:askForVotes(308)) - 0b73e2cc-3015-4dd6-90fe-7108e702dc90@group-765B0C7C8EBC-LeaderElection13 ELECTION round 0: result REJECTED
2021-12-08 16:18:51,109 [0b73e2cc-3015-4dd6-90fe-7108e702dc90@group-765B0C7C8EBC-LeaderElection13] INFO  server.RaftServer$Division (RaftServerImpl.java:setRole(290)) - 0b73e2cc-3015-4dd6-90fe-7108e702dc90@group-765B0C7C8EBC: changes role from CANDIDATE to FOLLOWER at term 3 for REJECTED
2021-12-08 16:18:51,109 [0b73e2cc-3015-4dd6-90fe-7108e702dc90@group-765B0C7C8EBC-LeaderElection13] INFO  impl.RoleInfo (RoleInfo.java:shutdownLeaderElection(121)) - 0b73e2cc-3015-4dd6-90fe-7108e702dc90: shutdown 0b73e2cc-3015-4dd6-90fe-7108e702dc90@group-765B0C7C8EBC-LeaderElection13
2021-12-08 16:18:51,109 [0b73e2cc-3015-4dd6-90fe-7108e702dc90@group-765B0C7C8EBC-LeaderElection13] INFO  impl.RoleInfo (RoleInfo.java:updateAndGet(130)) - 0b73e2cc-3015-4dd6-90fe-7108e702dc90: start 0b73e2cc-3015-4dd6-90fe-7108e702dc90@group-765B0C7C8EBC-FollowerState
2021-12-08 16:18:52,069 [0b73e2cc-3015-4dd6-90fe-7108e702dc90@group-CE4B335A003B-FollowerState] INFO  impl.FollowerState (FollowerState.java:run(134)) - 0b73e2cc-3015-4dd6-90fe-7108e702dc90@group-CE4B335A003B-FollowerState: change to CANDIDATE, lastRpcElapsedTime:5183155452ns, electionTimeout:5173ms
2021-12-08 16:18:52,071 [0b73e2cc-3015-4dd6-90fe-7108e702dc90@group-CE4B335A003B-FollowerState] INFO  impl.RoleInfo (RoleInfo.java:shutdownFollowerState(108)) - 0b73e2cc-3015-4dd6-90fe-7108e702dc90: shutdown 0b73e2cc-3015-4dd6-90fe-7108e702dc90@group-CE4B335A003B-FollowerState
2021-12-08 16:18:52,071 [0b73e2cc-3015-4dd6-90fe-7108e702dc90@group-CE4B335A003B-FollowerState] INFO  server.RaftServer$Division (RaftServerImpl.java:setRole(290)) - 0b73e2cc-3015-4dd6-90fe-7108e702dc90@group-CE4B335A003B: changes role from  FOLLOWER to CANDIDATE at term 4 for changeToCandidate
2021-12-08 16:18:52,071 [0b73e2cc-3015-4dd6-90fe-7108e702dc90@group-CE4B335A003B-FollowerState] INFO  server.RaftServerConfigKeys (ConfUtils.java:logGet(44)) - raft.server.leaderelection.pre-vote = false (custom)
2021-12-08 16:18:52,071 [0b73e2cc-3015-4dd6-90fe-7108e702dc90@group-CE4B335A003B-FollowerState] INFO  impl.RoleInfo (RoleInfo.java:updateAndGet(130)) - 0b73e2cc-3015-4dd6-90fe-7108e702dc90: start 0b73e2cc-3015-4dd6-90fe-7108e702dc90@group-CE4B335A003B-LeaderElection14
2021-12-08 16:18:52,084 [0b73e2cc-3015-4dd6-90fe-7108e702dc90@group-CE4B335A003B-LeaderElection14] INFO  impl.LeaderElection (LeaderElection.java:askForVotes(306)) - 0b73e2cc-3015-4dd6-90fe-7108e702dc90@group-CE4B335A003B-LeaderElection14 ELECTION round 0: submit vote requests at term 5 for -1: [7f1e10eb-d80c-441a-8f23-17d47eda459e|rpc:10.1.0.47:45553|priority:0, 0b73e2cc-3015-4dd6-90fe-7108e702dc90|rpc:10.1.0.47:37727|priority:0, 7b68650f-dcbc-43cf-b868-684d0b910f02|rpc:10.1.0.47:40451|priority:1], old=null
2021-12-08 16:18:52,095 [0b73e2cc-3015-4dd6-90fe-7108e702dc90@group-CE4B335A003B-LeaderElection14] INFO  impl.LeaderElection (LogUtils.java:infoOrTrace(137)) - 0b73e2cc-3015-4dd6-90fe-7108e702dc90@group-CE4B335A003B-LeaderElection14 got exception when requesting votes: java.util.concurrent.ExecutionException: org.apache.ratis.thirdparty.io.grpc.StatusRuntimeException: UNAVAILABLE: io exception
2021-12-08 16:18:52,100 [0b73e2cc-3015-4dd6-90fe-7108e702dc90@group-CE4B335A003B-LeaderElection14] INFO  impl.LeaderElection (LogUtils.java:infoOrTrace(137)) - 0b73e2cc-3015-4dd6-90fe-7108e702dc90@group-CE4B335A003B-LeaderElection14 got exception when requesting votes: java.util.concurrent.ExecutionException: org.apache.ratis.thirdparty.io.grpc.StatusRuntimeException: UNAVAILABLE: io exception
2021-12-08 16:18:52,101 [0b73e2cc-3015-4dd6-90fe-7108e702dc90@group-CE4B335A003B-LeaderElection14] INFO  impl.LeaderElection (LeaderElection.java:logAndReturn(89)) - 0b73e2cc-3015-4dd6-90fe-7108e702dc90@group-CE4B335A003B-LeaderElection14: ELECTION REJECTED received 0 response(s) and 2 exception(s):
2021-12-08 16:18:52,101 [0b73e2cc-3015-4dd6-90fe-7108e702dc90@group-CE4B335A003B-LeaderElection14] INFO  impl.LeaderElection (LogUtils.java:infoOrTrace(137)) -   Exception 0: java.util.concurrent.ExecutionException: org.apache.ratis.thirdparty.io.grpc.StatusRuntimeException: UNAVAILABLE: io exception
2021-12-08 16:18:52,101 [0b73e2cc-3015-4dd6-90fe-7108e702dc90@group-CE4B335A003B-LeaderElection14] INFO  impl.LeaderElection (LogUtils.java:infoOrTrace(137)) -   Exception 1: java.util.concurrent.ExecutionException: org.apache.ratis.thirdparty.io.grpc.StatusRuntimeException: UNAVAILABLE: io exception
2021-12-08 16:18:52,101 [0b73e2cc-3015-4dd6-90fe-7108e702dc90@group-CE4B335A003B-LeaderElection14] INFO  impl.LeaderElection (LeaderElection.java:askForVotes(308)) - 0b73e2cc-3015-4dd6-90fe-7108e702dc90@group-CE4B335A003B-LeaderElection14 ELECTION round 0: result REJECTED
2021-12-08 16:18:52,101 [0b73e2cc-3015-4dd6-90fe-7108e702dc90@group-CE4B335A003B-LeaderElection14] INFO  server.RaftServer$Division (RaftServerImpl.java:setRole(290)) - 0b73e2cc-3015-4dd6-90fe-7108e702dc90@group-CE4B335A003B: changes role from CANDIDATE to FOLLOWER at term 5 for REJECTED
2021-12-08 16:18:52,116 [0b73e2cc-3015-4dd6-90fe-7108e702dc90@group-CE4B335A003B-LeaderElection14] INFO  impl.RoleInfo (RoleInfo.java:shutdownLeaderElection(121)) - 0b73e2cc-3015-4dd6-90fe-7108e702dc90: shutdown 0b73e2cc-3015-4dd6-90fe-7108e702dc90@group-CE4B335A003B-LeaderElection14
2021-12-08 16:18:52,116 [0b73e2cc-3015-4dd6-90fe-7108e702dc90@group-CE4B335A003B-LeaderElection14] INFO  impl.RoleInfo (RoleInfo.java:updateAndGet(130)) - 0b73e2cc-3015-4dd6-90fe-7108e702dc90: start 0b73e2cc-3015-4dd6-90fe-7108e702dc90@group-CE4B335A003B-FollowerState
2021-12-08 16:18:54,480 [Listener at 127.0.0.1/35129] INFO  ozoneimpl.OzoneContainer (OzoneContainer.java:stop(325)) - Attempting to stop container services.
2021-12-08 16:18:54,481 [Listener at 127.0.0.1/35129] INFO  server.RaftServer (RaftServerProxy.java:lambda$close$6(391)) - 0b73e2cc-3015-4dd6-90fe-7108e702dc90: close
2021-12-08 16:18:54,484 [Listener at 127.0.0.1/35129] INFO  server.RaftServer$Division (RaftServerImpl.java:lambda$close$4(412)) - 0b73e2cc-3015-4dd6-90fe-7108e702dc90@group-C073E6C4C3A4: shutdown
2021-12-08 16:18:54,484 [Listener at 127.0.0.1/35129] INFO  util.JmxRegister (JmxRegister.java:unregister(73)) - Successfully un-registered JMX Bean with object name Ratis:service=RaftServer,group=group-C073E6C4C3A4,id=0b73e2cc-3015-4dd6-90fe-7108e702dc90
2021-12-08 16:18:54,484 [Listener at 127.0.0.1/35129] INFO  impl.RoleInfo (RoleInfo.java:shutdownLeaderState(91)) - 0b73e2cc-3015-4dd6-90fe-7108e702dc90: shutdown 0b73e2cc-3015-4dd6-90fe-7108e702dc90@group-C073E6C4C3A4-LeaderStateImpl
2021-12-08 16:18:54,484 [Listener at 127.0.0.1/35129] INFO  impl.PendingRequests (PendingRequests.java:sendNotLeaderResponses(282)) - 0b73e2cc-3015-4dd6-90fe-7108e702dc90@group-C073E6C4C3A4-PendingRequests: sendNotLeaderResponses
2021-12-08 16:18:54,485 [Listener at 127.0.0.1/35129] INFO  impl.StateMachineUpdater (StateMachineUpdater.java:stopAndJoin(149)) - 0b73e2cc-3015-4dd6-90fe-7108e702dc90@group-C073E6C4C3A4-StateMachineUpdater: set stopIndex = 0
2021-12-08 16:18:54,485 [0b73e2cc-3015-4dd6-90fe-7108e702dc90@group-C073E6C4C3A4-StateMachineUpdater] INFO  ratis.ContainerStateMachine (ContainerStateMachine.java:takeSnapshot(299)) - group-C073E6C4C3A4: Taking a snapshot at:(t:1, i:0) file /home/runner/work/ozone/ozone/hadoop-ozone/integration-test/target/test-dir/MiniOzoneClusterImpl-342c6473-b8f2-47f0-851b-3da0ce2c7dbb/datanode-2/data/ratis/3cafb970-c90e-409f-9a7d-c073e6c4c3a4/sm/snapshot.1_0
2021-12-08 16:18:54,486 [0b73e2cc-3015-4dd6-90fe-7108e702dc90@group-C073E6C4C3A4-StateMachineUpdater] INFO  ratis.ContainerStateMachine (ContainerStateMachine.java:takeSnapshot(310)) - group-C073E6C4C3A4: Finished taking a snapshot at:(t:1, i:0) file:/home/runner/work/ozone/ozone/hadoop-ozone/integration-test/target/test-dir/MiniOzoneClusterImpl-342c6473-b8f2-47f0-851b-3da0ce2c7dbb/datanode-2/data/ratis/3cafb970-c90e-409f-9a7d-c073e6c4c3a4/sm/snapshot.1_0 took: 1 ms
2021-12-08 16:18:54,487 [0b73e2cc-3015-4dd6-90fe-7108e702dc90@group-C073E6C4C3A4-StateMachineUpdater] INFO  impl.StateMachineUpdater (StateMachineUpdater.java:takeSnapshot(281)) - 0b73e2cc-3015-4dd6-90fe-7108e702dc90@group-C073E6C4C3A4-StateMachineUpdater: Took a snapshot at index 0
2021-12-08 16:18:54,487 [0b73e2cc-3015-4dd6-90fe-7108e702dc90@group-C073E6C4C3A4-StateMachineUpdater] INFO  impl.StateMachineUpdater (StateMachineUpdater.java:lambda$new$0(89)) - 0b73e2cc-3015-4dd6-90fe-7108e702dc90@group-C073E6C4C3A4-StateMachineUpdater: snapshotIndex: updateIncreasingly -1 -> 0
2021-12-08 16:18:54,487 [ForkJoinPool.commonPool-worker-1] INFO  server.RaftServer$Division (RaftServerImpl.java:lambda$close$4(412)) - 0b73e2cc-3015-4dd6-90fe-7108e702dc90@group-CE4B335A003B: shutdown
2021-12-08 16:18:54,487 [ForkJoinPool.commonPool-worker-1] INFO  util.JmxRegister (JmxRegister.java:unregister(73)) - Successfully un-registered JMX Bean with object name Ratis:service=RaftServer,group=group-CE4B335A003B,id=0b73e2cc-3015-4dd6-90fe-7108e702dc90
2021-12-08 16:18:54,487 [ForkJoinPool.commonPool-worker-1] INFO  impl.RoleInfo (RoleInfo.java:shutdownFollowerState(108)) - 0b73e2cc-3015-4dd6-90fe-7108e702dc90: shutdown 0b73e2cc-3015-4dd6-90fe-7108e702dc90@group-CE4B335A003B-FollowerState
2021-12-08 16:18:54,487 [0b73e2cc-3015-4dd6-90fe-7108e702dc90@group-CE4B335A003B-FollowerState] INFO  impl.FollowerState (FollowerState.java:run(143)) - 0b73e2cc-3015-4dd6-90fe-7108e702dc90@group-CE4B335A003B-FollowerState was interrupted: {}
java.lang.InterruptedException: sleep interrupted
	at java.lang.Thread.sleep(Native Method)
	at java.lang.Thread.sleep(Thread.java:340)
	at java.util.concurrent.TimeUnit.sleep(TimeUnit.java:386)
	at org.apache.ratis.util.TimeDuration.sleep(TimeDuration.java:324)
	at org.apache.ratis.util.TimeDuration.sleep(TimeDuration.java:309)
	at org.apache.ratis.server.impl.FollowerState.run(FollowerState.java:118)
2021-12-08 16:18:54,487 [ForkJoinPool.commonPool-worker-1] INFO  impl.StateMachineUpdater (StateMachineUpdater.java:stopAndJoin(149)) - 0b73e2cc-3015-4dd6-90fe-7108e702dc90@group-CE4B335A003B-StateMachineUpdater: set stopIndex = -1
2021-12-08 16:18:54,488 [ForkJoinPool.commonPool-worker-1] INFO  server.RaftServer$Division (ServerState.java:close(419)) - 0b73e2cc-3015-4dd6-90fe-7108e702dc90@group-CE4B335A003B: closes. applyIndex: -1
2021-12-08 16:18:54,488 [Listener at 127.0.0.1/35129] INFO  server.RaftServer$Division (ServerState.java:close(419)) - 0b73e2cc-3015-4dd6-90fe-7108e702dc90@group-C073E6C4C3A4: closes. applyIndex: 0
2021-12-08 16:18:54,488 [0b73e2cc-3015-4dd6-90fe-7108e702dc90@group-CE4B335A003B-SegmentedRaftLogWorker] INFO  segmented.SegmentedRaftLogWorker (SegmentedRaftLogWorker.java:run(327)) - 0b73e2cc-3015-4dd6-90fe-7108e702dc90@group-CE4B335A003B-SegmentedRaftLogWorker was interrupted, exiting. There are 0 tasks remaining in the queue.
2021-12-08 16:18:54,488 [ForkJoinPool.commonPool-worker-1] INFO  segmented.SegmentedRaftLogWorker (SegmentedRaftLogWorker.java:close(237)) - 0b73e2cc-3015-4dd6-90fe-7108e702dc90@group-CE4B335A003B-SegmentedRaftLogWorker close()
2021-12-08 16:18:54,488 [0b73e2cc-3015-4dd6-90fe-7108e702dc90@group-C073E6C4C3A4-SegmentedRaftLogWorker] INFO  segmented.SegmentedRaftLogWorker (SegmentedRaftLogWorker.java:run(327)) - 0b73e2cc-3015-4dd6-90fe-7108e702dc90@group-C073E6C4C3A4-SegmentedRaftLogWorker was interrupted, exiting. There are 0 tasks remaining in the queue.
2021-12-08 16:18:54,489 [Listener at 127.0.0.1/35129] INFO  segmented.SegmentedRaftLogWorker (SegmentedRaftLogWorker.java:close(237)) - 0b73e2cc-3015-4dd6-90fe-7108e702dc90@group-C073E6C4C3A4-SegmentedRaftLogWorker close()
2021-12-08 16:18:54,490 [Listener at 127.0.0.1/35129] INFO  server.RaftServer$Division (RaftServerImpl.java:lambda$close$4(412)) - 0b73e2cc-3015-4dd6-90fe-7108e702dc90@group-765B0C7C8EBC: shutdown
2021-12-08 16:18:54,491 [Listener at 127.0.0.1/35129] INFO  util.JmxRegister (JmxRegister.java:unregister(73)) - Successfully un-registered JMX Bean with object name Ratis:service=RaftServer,group=group-765B0C7C8EBC,id=0b73e2cc-3015-4dd6-90fe-7108e702dc90
2021-12-08 16:18:54,491 [Listener at 127.0.0.1/35129] INFO  impl.RoleInfo (RoleInfo.java:shutdownFollowerState(108)) - 0b73e2cc-3015-4dd6-90fe-7108e702dc90: shutdown 0b73e2cc-3015-4dd6-90fe-7108e702dc90@group-765B0C7C8EBC-FollowerState
2021-12-08 16:18:54,491 [0b73e2cc-3015-4dd6-90fe-7108e702dc90@group-765B0C7C8EBC-FollowerState] INFO  impl.FollowerState (FollowerState.java:run(143)) - 0b73e2cc-3015-4dd6-90fe-7108e702dc90@group-765B0C7C8EBC-FollowerState was interrupted: {}
java.lang.InterruptedException: sleep interrupted
	at java.lang.Thread.sleep(Native Method)
	at java.lang.Thread.sleep(Thread.java:340)
	at java.util.concurrent.TimeUnit.sleep(TimeUnit.java:386)
	at org.apache.ratis.util.TimeDuration.sleep(TimeDuration.java:324)
	at org.apache.ratis.util.TimeDuration.sleep(TimeDuration.java:309)
	at org.apache.ratis.server.impl.FollowerState.run(FollowerState.java:118)
2021-12-08 16:18:54,491 [Listener at 127.0.0.1/35129] INFO  impl.StateMachineUpdater (StateMachineUpdater.java:stopAndJoin(149)) - 0b73e2cc-3015-4dd6-90fe-7108e702dc90@group-765B0C7C8EBC-StateMachineUpdater: set stopIndex = 28
2021-12-08 16:18:54,495 [0b73e2cc-3015-4dd6-90fe-7108e702dc90@group-765B0C7C8EBC-StateMachineUpdater] INFO  ratis.ContainerStateMachine (ContainerStateMachine.java:takeSnapshot(299)) - group-765B0C7C8EBC: Taking a snapshot at:(t:1, i:28) file /home/runner/work/ozone/ozone/hadoop-ozone/integration-test/target/test-dir/MiniOzoneClusterImpl-342c6473-b8f2-47f0-851b-3da0ce2c7dbb/datanode-2/data/ratis/c3e42d7e-74af-4542-984b-765b0c7c8ebc/sm/snapshot.1_28
2021-12-08 16:18:54,496 [0b73e2cc-3015-4dd6-90fe-7108e702dc90@group-765B0C7C8EBC-StateMachineUpdater] INFO  ratis.ContainerStateMachine (ContainerStateMachine.java:takeSnapshot(310)) - group-765B0C7C8EBC: Finished taking a snapshot at:(t:1, i:28) file:/home/runner/work/ozone/ozone/hadoop-ozone/integration-test/target/test-dir/MiniOzoneClusterImpl-342c6473-b8f2-47f0-851b-3da0ce2c7dbb/datanode-2/data/ratis/c3e42d7e-74af-4542-984b-765b0c7c8ebc/sm/snapshot.1_28 took: 5 ms
2021-12-08 16:18:54,496 [0b73e2cc-3015-4dd6-90fe-7108e702dc90@group-765B0C7C8EBC-StateMachineUpdater] INFO  impl.StateMachineUpdater (StateMachineUpdater.java:takeSnapshot(281)) - 0b73e2cc-3015-4dd6-90fe-7108e702dc90@group-765B0C7C8EBC-StateMachineUpdater: Took a snapshot at index 28
2021-12-08 16:18:54,496 [0b73e2cc-3015-4dd6-90fe-7108e702dc90@group-765B0C7C8EBC-StateMachineUpdater] INFO  impl.StateMachineUpdater (StateMachineUpdater.java:lambda$new$0(89)) - 0b73e2cc-3015-4dd6-90fe-7108e702dc90@group-765B0C7C8EBC-StateMachineUpdater: snapshotIndex: updateIncreasingly -1 -> 28
2021-12-08 16:18:54,497 [Listener at 127.0.0.1/35129] INFO  server.RaftServer$Division (ServerState.java:close(419)) - 0b73e2cc-3015-4dd6-90fe-7108e702dc90@group-765B0C7C8EBC: closes. applyIndex: 28
2021-12-08 16:18:54,497 [0b73e2cc-3015-4dd6-90fe-7108e702dc90@group-765B0C7C8EBC-SegmentedRaftLogWorker] INFO  segmented.SegmentedRaftLogWorker (SegmentedRaftLogWorker.java:run(327)) - 0b73e2cc-3015-4dd6-90fe-7108e702dc90@group-765B0C7C8EBC-SegmentedRaftLogWorker was interrupted, exiting. There are 0 tasks remaining in the queue.
2021-12-08 16:18:54,497 [Listener at 127.0.0.1/35129] INFO  segmented.SegmentedRaftLogWorker (SegmentedRaftLogWorker.java:close(237)) - 0b73e2cc-3015-4dd6-90fe-7108e702dc90@group-765B0C7C8EBC-SegmentedRaftLogWorker close()
2021-12-08 16:18:54,498 [Listener at 127.0.0.1/35129] INFO  server.GrpcService (GrpcService.java:closeImpl(262)) - 0b73e2cc-3015-4dd6-90fe-7108e702dc90: shutdown server with port 37727 now
2021-12-08 16:18:54,509 [Listener at 127.0.0.1/35129] INFO  server.GrpcService (GrpcService.java:closeImpl(271)) - 0b73e2cc-3015-4dd6-90fe-7108e702dc90: shutdown server with port 37727 successfully
2021-12-08 16:18:54,509 [org.apache.ratis.util.JvmPauseMonitor$$Lambda$523/2003369902@453be7df] INFO  util.JvmPauseMonitor (JvmPauseMonitor.java:run(109)) - JvmPauseMonitor-0b73e2cc-3015-4dd6-90fe-7108e702dc90: Stopped
2021-12-08 16:19:01,519 [Listener at 127.0.0.1/35129] INFO  utils.BackgroundService (BackgroundService.java:shutdown(132)) - Shutting down service BlockDeletingService
2021-12-08 16:19:04,521 [Listener at 127.0.0.1/35129] INFO  statemachine.DatanodeStateMachine (DatanodeStateMachine.java:stopDaemon(526)) - Ozone container server stopped.
2021-12-08 16:19:04,522 [Listener at 127.0.0.1/35129] INFO  handler.ContextHandler (ContextHandler.java:doStop(1153)) - Stopped o.e.j.w.WebAppContext@3d9188de{hddsDatanode,/,null,STOPPED}{jar:file:/home/runner/.m2/repository/org/apache/ozone/hdds-container-service/1.3.0-SNAPSHOT/hdds-container-service-1.3.0-SNAPSHOT.jar!/webapps/hddsDatanode}
2021-12-08 16:19:04,523 [Listener at 127.0.0.1/35129] INFO  server.AbstractConnector (AbstractConnector.java:doStop(381)) - Stopped ServerConnector@7647eff0{HTTP/1.1, (http/1.1)}{0.0.0.0:0}
2021-12-08 16:19:04,523 [Listener at 127.0.0.1/35129] INFO  server.session (HouseKeeper.java:stopScavenging(149)) - node0 Stopped scavenging
2021-12-08 16:19:04,523 [Listener at 127.0.0.1/35129] INFO  handler.ContextHandler (ContextHandler.java:doStop(1153)) - Stopped o.e.j.s.ServletContextHandler@60c88b78{static,/static,jar:file:/home/runner/.m2/repository/org/apache/ozone/hdds-container-service/1.3.0-SNAPSHOT/hdds-container-service-1.3.0-SNAPSHOT.jar!/webapps/static,STOPPED}
2021-12-08 16:19:04,524 [Listener at 127.0.0.1/35129] INFO  handler.ContextHandler (ContextHandler.java:doStop(1153)) - Stopped o.e.j.s.ServletContextHandler@2229079d{logs,/logs,file:///home/runner/work/ozone/ozone/hadoop-ozone/integration-test/target/log,STOPPED}
2021-12-08 16:19:04,526 [Listener at 127.0.0.1/35129] INFO  ozone.MiniOzoneClusterImpl (MiniOzoneClusterImpl.java:stopSCM(542)) - Stopping the StorageContainerManager
2021-12-08 16:19:04,527 [Listener at 127.0.0.1/35129] INFO  server.StorageContainerManager (StorageContainerManager.java:stop(1395)) - Stopping Container Balancer service.
2021-12-08 16:19:04,527 [Listener at 127.0.0.1/35129] INFO  balancer.ContainerBalancer (ContainerBalancer.java:stop(734)) - Container Balancer is not running.
2021-12-08 16:19:04,527 [Listener at 127.0.0.1/35129] INFO  server.StorageContainerManager (StorageContainerManager.java:stop(1402)) - Stopping Replication Manager Service.
2021-12-08 16:19:04,527 [Listener at 127.0.0.1/35129] INFO  container.ReplicationManager (ReplicationManager.java:stop(350)) - Stopping Replication Monitor Thread.
2021-12-08 16:19:04,527 [Listener at 127.0.0.1/35129] INFO  server.StorageContainerManager (StorageContainerManager.java:stop(1409)) - Stopping the Datanode Admin Monitor.
2021-12-08 16:19:04,528 [Listener at 127.0.0.1/35129] INFO  server.StorageContainerManager (StorageContainerManager.java:stop(1416)) - Stopping Lease Manager of the command watchers
2021-12-08 16:19:04,528 [Listener at 127.0.0.1/35129] INFO  server.StorageContainerManager (StorageContainerManager.java:stop(1423)) - Stopping datanode service RPC server
2021-12-08 16:19:04,528 [Listener at 127.0.0.1/35129] INFO  server.SCMDatanodeProtocolServer (SCMDatanodeProtocolServer.java:stop(389)) - Stopping the RPC server for DataNodes
2021-12-08 16:19:04,528 [Listener at 127.0.0.1/35129] INFO  ipc.Server (Server.java:stop(3414)) - Stopping server on 39003
2021-12-08 16:19:04,530 [IPC Server listener on 0] INFO  ipc.Server (Server.java:run(1376)) - Stopping IPC Server listener on 0
2021-12-08 16:19:04,531 [IPC Server Responder] INFO  ipc.Server (Server.java:run(1512)) - Stopping IPC Server Responder
2021-12-08 16:19:04,630 [SCM Heartbeat Processing Thread - 0] WARN  node.NodeStateManager (NodeStateManager.java:scheduleNextHealthCheck(799)) - Current Thread is interrupted, shutting down HB processing thread for Node Manager.
2021-12-08 16:19:04,631 [Listener at 127.0.0.1/35129] INFO  server.StorageContainerManager (StorageContainerManager.java:stop(1431)) - Stopping block service RPC server
2021-12-08 16:19:04,631 [Listener at 127.0.0.1/35129] INFO  server.SCMBlockProtocolServer (SCMBlockProtocolServer.java:stop(160)) - Stopping the RPC server for Block Protocol
2021-12-08 16:19:04,631 [Listener at 127.0.0.1/35129] INFO  ipc.Server (Server.java:stop(3414)) - Stopping server on 40071
2021-12-08 16:19:04,632 [IPC Server listener on 0] INFO  ipc.Server (Server.java:run(1376)) - Stopping IPC Server listener on 0
2021-12-08 16:19:04,632 [Listener at 127.0.0.1/35129] INFO  server.StorageContainerManager (StorageContainerManager.java:stop(1438)) - Stopping the StorageContainerLocationProtocol RPC server
2021-12-08 16:19:04,633 [Listener at 127.0.0.1/35129] INFO  server.SCMClientProtocolServer (SCMClientProtocolServer.java:stop(173)) - Stopping the RPC server for Client Protocol
2021-12-08 16:19:04,633 [Listener at 127.0.0.1/35129] INFO  ipc.Server (Server.java:stop(3414)) - Stopping server on 42177
2021-12-08 16:19:04,633 [IPC Server Responder] INFO  ipc.Server (Server.java:run(1512)) - Stopping IPC Server Responder
2021-12-08 16:19:04,634 [IPC Server listener on 0] INFO  ipc.Server (Server.java:run(1376)) - Stopping IPC Server listener on 0
2021-12-08 16:19:04,634 [Listener at 127.0.0.1/35129] INFO  server.StorageContainerManager (StorageContainerManager.java:stop(1445)) - Stopping Storage Container Manager HTTP server.
2021-12-08 16:19:04,634 [IPC Server Responder] INFO  ipc.Server (Server.java:run(1512)) - Stopping IPC Server Responder
2021-12-08 16:19:04,636 [Listener at 127.0.0.1/35129] INFO  handler.ContextHandler (ContextHandler.java:doStop(1153)) - Stopped o.e.j.w.WebAppContext@531bec12{scm,/,null,STOPPED}{file:/home/runner/work/ozone/ozone/hadoop-ozone/integration-test/target/test-classes/webapps/scm}
2021-12-08 16:19:04,637 [Listener at 127.0.0.1/35129] INFO  server.AbstractConnector (AbstractConnector.java:doStop(381)) - Stopped ServerConnector@7120daa6{HTTP/1.1, (http/1.1)}{0.0.0.0:0}
2021-12-08 16:19:04,637 [Listener at 127.0.0.1/35129] INFO  server.session (HouseKeeper.java:stopScavenging(149)) - node0 Stopped scavenging
2021-12-08 16:19:04,637 [Listener at 127.0.0.1/35129] INFO  handler.ContextHandler (ContextHandler.java:doStop(1153)) - Stopped o.e.j.s.ServletContextHandler@1999e1f5{static,/static,file:///home/runner/work/ozone/ozone/hadoop-ozone/integration-test/target/test-classes/webapps/static,STOPPED}
2021-12-08 16:19:04,638 [Listener at 127.0.0.1/35129] INFO  handler.ContextHandler (ContextHandler.java:doStop(1153)) - Stopped o.e.j.s.ServletContextHandler@da67c46{logs,/logs,file:///home/runner/work/ozone/ozone/hadoop-ozone/integration-test/target/log,STOPPED}
2021-12-08 16:19:04,638 [Listener at 127.0.0.1/35129] INFO  server.StorageContainerManager (StorageContainerManager.java:stop(1456)) - Stopping Block Manager Service.
2021-12-08 16:19:04,638 [Listener at 127.0.0.1/35129] INFO  utils.BackgroundService (BackgroundService.java:shutdown(132)) - Shutting down service SCMBlockDeletingService
2021-12-08 16:19:04,639 [Listener at 127.0.0.1/35129] INFO  utils.BackgroundService (BackgroundService.java:shutdown(132)) - Shutting down service SCMBlockDeletingService
2021-12-08 16:19:04,639 [Listener at 127.0.0.1/35129] INFO  server.StorageContainerManager (StorageContainerManager.java:stop(1483)) - Stopping SCM Event Queue.
2021-12-08 16:19:04,641 [Listener at 127.0.0.1/35129] INFO  server.StorageContainerManager (StorageContainerManager.java:stop(1494)) - Stopping SCM HA services.
2021-12-08 16:19:04,641 [Listener at 127.0.0.1/35129] INFO  pipeline.BackgroundPipelineCreator (BackgroundPipelineCreator.java:stop(158)) - Stopping RatisPipelineUtilsThread.
2021-12-08 16:19:04,642 [Listener at 127.0.0.1/35129] INFO  server.StorageContainerManager (StorageContainerManager.java:stop(1504)) - Stopping SCM MetadataStore.
2021-12-08 16:19:04,651 [Listener at 127.0.0.1/35129] INFO  impl.MetricsSystemImpl (MetricsSystemImpl.java:stop(210)) - Stopping XceiverClientMetrics metrics system...
2021-12-08 16:19:04,664 [prometheus] INFO  impl.MetricsSinkAdapter (MetricsSinkAdapter.java:publishMetricsFromQueue(141)) - prometheus thread interrupted.
2021-12-08 16:19:04,667 [Listener at 127.0.0.1/35129] INFO  impl.MetricsSystemImpl (MetricsSystemImpl.java:stop(216)) - XceiverClientMetrics metrics system stopped.
2021-12-08 16:19:04,810 [Listener at 127.0.0.1/35129] WARN  server.ServerUtils (ServerUtils.java:getScmDbDir(148)) - ozone.scm.db.dirs is not configured. We recommend adding this setting. Falling back to ozone.metadata.dirs instead.
2021-12-08 16:19:04,821 [Listener at 127.0.0.1/35129] INFO  ha.SCMHANodeDetails (SCMHANodeDetails.java:loadSCMHAConfig(157)) - ServiceID for StorageContainerManager is null
2021-12-08 16:19:04,821 [Listener at 127.0.0.1/35129] INFO  ha.SCMHANodeDetails (SCMHANodeDetails.java:loadSCMHAConfig(162)) - ozone.scm.default.service.id is not defined, falling back to ozone.scm.service.ids to find serviceID for StorageContainerManager if it is HA enabled cluster
2021-12-08 16:19:04,844 [Listener at 127.0.0.1/35129] WARN  server.ServerUtils (ServerUtils.java:getScmDbDir(148)) - ozone.scm.db.dirs is not configured. We recommend adding this setting. Falling back to ozone.metadata.dirs instead.
2021-12-08 16:19:04,844 [Listener at 127.0.0.1/35129] INFO  upgrade.AbstractLayoutVersionManager (AbstractLayoutVersionManager.java:init(79)) - Initializing Layout version manager with metadata layout = SCM_HA (version = 2), software layout = SCM_HA (version = 2)
2021-12-08 16:19:04,927 [Listener at 127.0.0.1/35129] INFO  reflections.Reflections (Reflections.java:scan(232)) - Reflections took 82 ms to scan 7 urls, producing 119 keys and 279 values 
2021-12-08 16:19:04,928 [Listener at 127.0.0.1/35129] WARN  utils.HAUtils (HAUtils.java:getMetaDir(342)) - ozone.scm.db.dirs is not configured. We recommend adding this setting. Falling back to ozone.metadata.dirs instead.
2021-12-08 16:19:04,935 [Listener at 127.0.0.1/35129] WARN  db.DBStoreBuilder (DBStoreBuilder.java:applyDBDefinition(145)) - ozone.scm.db.dirs is not configured. We recommend adding this setting. Falling back to ozone.metadata.dirs instead.
2021-12-08 16:19:05,069 [Listener at 127.0.0.1/35129] INFO  net.NodeSchemaLoader (NodeSchemaLoader.java:loadSchemaFromFile(129)) - Loading schema from [jar:file:/home/runner/.m2/repository/org/apache/ozone/hdds-common/1.3.0-SNAPSHOT/hdds-common-1.3.0-SNAPSHOT.jar!/network-topology-default.xml]
2021-12-08 16:19:05,069 [Listener at 127.0.0.1/35129] INFO  net.NodeSchemaLoader (NodeSchemaLoader.java:loadSchema(176)) - Loading network topology layer schema file
2021-12-08 16:19:05,074 [Listener at 127.0.0.1/35129] INFO  ha.SequenceIdGenerator (SequenceIdGenerator.java:upgradeToSequenceId(347)) - upgrade localId to 107544261427200000
2021-12-08 16:19:05,074 [Listener at 127.0.0.1/35129] INFO  ha.SequenceIdGenerator (SequenceIdGenerator.java:upgradeToSequenceId(357)) - upgrade delTxnId to 0
2021-12-08 16:19:05,075 [Listener at 127.0.0.1/35129] INFO  ha.SequenceIdGenerator (SequenceIdGenerator.java:upgradeToSequenceId(371)) - upgrade containerId to 0
2021-12-08 16:19:05,075 [Listener at 127.0.0.1/35129] INFO  ha.SequenceIdGenerator (SequenceIdGenerator.java:<init>(218)) - Init the HA SequenceIdGenerator.
2021-12-08 16:19:05,079 [Listener at 127.0.0.1/35129] WARN  server.ServerUtils (ServerUtils.java:sanitizeUserArgs(73)) - ozone.scm.stale.node.interval value = 300000 is larger than max = 100000 based on the key value of ozone.scm.heartbeat.thread.interval, reset to the max value 100000.
2021-12-08 16:19:05,079 [Listener at 127.0.0.1/35129] WARN  server.ServerUtils (ServerUtils.java:sanitizeUserArgs(73)) - ozone.scm.stale.node.interval value = 300000 is larger than max = 100000 based on the key value of ozone.scm.heartbeat.thread.interval, reset to the max value 100000.
2021-12-08 16:19:05,091 [Listener at 127.0.0.1/35129] INFO  node.SCMNodeManager (SCMNodeManager.java:<init>(144)) - Entering startup safe mode.
2021-12-08 16:19:05,091 [Listener at 127.0.0.1/35129] INFO  algorithms.ContainerPlacementPolicyFactory (ContainerPlacementPolicyFactory.java:getPolicy(60)) - Create container placement policy of type org.apache.hadoop.hdds.scm.container.placement.algorithms.SCMContainerPlacementRandom
2021-12-08 16:19:05,091 [Listener at 127.0.0.1/35129] INFO  pipeline.PipelineStateManagerImpl (PipelineStateManagerImpl.java:initialize(78)) - No pipeline exists in current db
2021-12-08 16:19:05,092 [Listener at 127.0.0.1/35129] INFO  algorithms.LeaderChoosePolicyFactory (LeaderChoosePolicyFactory.java:getPolicy(57)) - Create leader choose policy of type org.apache.hadoop.hdds.scm.pipeline.leader.choose.algorithms.MinLeaderCountChoosePolicy
2021-12-08 16:19:05,092 [Listener at 127.0.0.1/35129] INFO  ha.SCMServiceManager (SCMServiceManager.java:register(43)) - Registering service BackgroundPipelineCreator.
2021-12-08 16:19:05,092 [Listener at 127.0.0.1/35129] INFO  pipeline.BackgroundPipelineCreator (BackgroundPipelineCreator.java:start(130)) - Starting RatisPipelineUtilsThread.
2021-12-08 16:19:05,099 [Listener at 127.0.0.1/35129] INFO  algorithms.PipelineChoosePolicyFactory (PipelineChoosePolicyFactory.java:createPipelineChoosePolicyFromClass(73)) - Create pipeline choose policy of type org.apache.hadoop.hdds.scm.pipeline.choose.algorithms.RandomPipelineChoosePolicy
2021-12-08 16:19:05,100 [Listener at 127.0.0.1/35129] INFO  ha.SCMServiceManager (SCMServiceManager.java:register(43)) - Registering service SCMBlockDeletingService.
2021-12-08 16:19:05,100 [Listener at 127.0.0.1/35129] INFO  ha.SCMServiceManager (SCMServiceManager.java:register(43)) - Registering service ReplicationManager.
2021-12-08 16:19:05,100 [Listener at 127.0.0.1/35129] INFO  container.ReplicationManager (ReplicationManager.java:start(319)) - Starting Replication Monitor Thread.
2021-12-08 16:19:05,101 [Listener at 127.0.0.1/35129] INFO  safemode.ContainerSafeModeRule (ContainerSafeModeRule.java:<init>(89)) - containers with one replica threshold count 0
2021-12-08 16:19:05,102 [Listener at 127.0.0.1/35129] INFO  safemode.HealthyPipelineSafeModeRule (HealthyPipelineSafeModeRule.java:initializeRule(156)) - Total pipeline count is 0, healthy pipeline threshold count is 1
2021-12-08 16:19:05,102 [Listener at 127.0.0.1/35129] INFO  safemode.OneReplicaPipelineSafeModeRule (OneReplicaPipelineSafeModeRule.java:initializeRule(180)) - Total pipeline count is 0, pipeline's with at least one datanode reported threshold count is 0
2021-12-08 16:19:05,103 [Listener at 127.0.0.1/35129] INFO  ipc.CallQueueManager (CallQueueManager.java:<init>(90)) - Using callQueue: class java.util.concurrent.LinkedBlockingQueue, queueCapacity: 2000, scheduler: class org.apache.hadoop.ipc.DefaultRpcScheduler, ipcBackoff: false.
2021-12-08 16:19:05,111 [ReplicationMonitor] INFO  container.ReplicationManager (ReplicationManager.java:processAll(371)) - Replication Monitor Thread took 0 milliseconds for processing 0 containers.
2021-12-08 16:19:05,119 [Socket Reader #1 for port 0] INFO  ipc.Server (Server.java:run(1265)) - Starting Socket Reader #1 for port 0
2021-12-08 16:19:05,119 [Listener at 0.0.0.0/40681] INFO  ipc.CallQueueManager (CallQueueManager.java:<init>(90)) - Using callQueue: class java.util.concurrent.LinkedBlockingQueue, queueCapacity: 2000, scheduler: class org.apache.hadoop.ipc.DefaultRpcScheduler, ipcBackoff: false.
2021-12-08 16:19:05,131 [Socket Reader #1 for port 0] INFO  ipc.Server (Server.java:run(1265)) - Starting Socket Reader #1 for port 0
2021-12-08 16:19:05,140 [Listener at 0.0.0.0/33051] INFO  ipc.CallQueueManager (CallQueueManager.java:<init>(90)) - Using callQueue: class java.util.concurrent.LinkedBlockingQueue, queueCapacity: 2000, scheduler: class org.apache.hadoop.ipc.DefaultRpcScheduler, ipcBackoff: false.
2021-12-08 16:19:05,140 [Socket Reader #1 for port 0] INFO  ipc.Server (Server.java:run(1265)) - Starting Socket Reader #1 for port 0
2021-12-08 16:19:05,174 [Listener at 0.0.0.0/34547] INFO  algorithms.ContainerPlacementPolicyFactory (ContainerPlacementPolicyFactory.java:getPolicy(60)) - Create container placement policy of type org.apache.hadoop.hdds.scm.container.placement.algorithms.SCMContainerPlacementRandom
2021-12-08 16:19:05,174 [Listener at 0.0.0.0/34547] INFO  server.StorageContainerManager (StorageContainerManager.java:<init>(388)) - 
Container Balancer status:
Key                            Value
Running                        false
Container Balancer Configuration values:
Key                                                Value
Threshold                                          0.1
Max Datanodes to Involve per Iteration(ratio)      0.2
Max Size to Move per Iteration                     30GB
Max Size Entering Target per Iteration             1GB
Max Size Leaving Source per Iteration              1GB

2021-12-08 16:19:05,174 [Listener at 0.0.0.0/34547] WARN  events.EventQueue (EventQueue.java:fireEvent(194)) - No event handler registered for event TypedEvent{payloadType=SafeModeStatus, name='Safe mode status'}
2021-12-08 16:19:05,175 [Listener at 0.0.0.0/34547] INFO  ha.SCMContext (SCMContext.java:updateSafeModeStatus(211)) - Update SafeModeStatus from SafeModeStatus{safeModeStatus=true, preCheckPassed=false} to SafeModeStatus{safeModeStatus=true, preCheckPassed=false}.
2021-12-08 16:19:05,175 [Listener at 0.0.0.0/34547] INFO  server.StorageContainerManager (StorageContainerManager.java:start(1303)) - StorageContainerLocationProtocol RPC server is listening at /0.0.0.0:34547
2021-12-08 16:19:05,176 [Listener at 0.0.0.0/34547] WARN  impl.MetricsConfig (MetricsConfig.java:loadFirst(136)) - Cannot locate configuration: tried hadoop-metrics2-storagecontainermanager.properties,hadoop-metrics2.properties
2021-12-08 16:19:05,177 [Listener at 0.0.0.0/34547] INFO  impl.MetricsSystemImpl (MetricsSystemImpl.java:startTimer(378)) - Scheduled Metric snapshot period at 10 second(s).
2021-12-08 16:19:05,177 [Listener at 0.0.0.0/34547] INFO  impl.MetricsSystemImpl (MetricsSystemImpl.java:start(191)) - StorageContainerManager metrics system started
2021-12-08 16:19:05,213 [Listener at 0.0.0.0/34547] INFO  impl.MetricsSinkAdapter (MetricsSinkAdapter.java:start(204)) - Sink prometheus started
2021-12-08 16:19:05,213 [Listener at 0.0.0.0/34547] INFO  impl.MetricsSystemImpl (MetricsSystemImpl.java:registerSink(305)) - Registered sink prometheus
2021-12-08 16:19:05,237 [Listener at 0.0.0.0/34547] INFO  server.SCMClientProtocolServer (SCMClientProtocolServer.java:start(164)) - RPC server for Client  is listening at /0.0.0.0:34547
2021-12-08 16:19:05,242 [IPC Server Responder] INFO  ipc.Server (Server.java:run(1507)) - IPC Server Responder: starting
2021-12-08 16:19:05,243 [IPC Server listener on 0] INFO  ipc.Server (Server.java:run(1344)) - IPC Server listener on 0: starting
2021-12-08 16:19:05,309 [Listener at 0.0.0.0/34547] INFO  server.StorageContainerManager (StorageContainerManager.java:start(1318)) - ScmBlockLocationProtocol RPC server is listening at /0.0.0.0:33051
2021-12-08 16:19:05,309 [Listener at 0.0.0.0/34547] INFO  server.SCMBlockProtocolServer (SCMBlockProtocolServer.java:start(151)) - RPC server for Block Protocol is listening at /0.0.0.0:33051
2021-12-08 16:19:05,319 [IPC Server Responder] INFO  ipc.Server (Server.java:run(1507)) - IPC Server Responder: starting
2021-12-08 16:19:05,322 [IPC Server listener on 0] INFO  ipc.Server (Server.java:run(1344)) - IPC Server listener on 0: starting
2021-12-08 16:19:05,406 [Listener at 0.0.0.0/34547] INFO  server.StorageContainerManager (StorageContainerManager.java:start(1324)) - ScmDatanodeProtocl RPC server is listening at /0.0.0.0:40681
2021-12-08 16:19:05,406 [Listener at 0.0.0.0/34547] INFO  server.SCMDatanodeProtocolServer (SCMDatanodeProtocolServer.java:start(181)) - RPC server for DataNodes is listening at /0.0.0.0:40681
2021-12-08 16:19:05,419 [IPC Server Responder] INFO  ipc.Server (Server.java:run(1507)) - IPC Server Responder: starting
2021-12-08 16:19:05,419 [IPC Server listener on 0] INFO  ipc.Server (Server.java:run(1344)) - IPC Server listener on 0: starting
2021-12-08 16:19:05,491 [Listener at 0.0.0.0/34547] INFO  http.BaseHttpServer (BaseHttpServer.java:newHttpServer2BuilderForOzone(209)) - Starting Web-server for scm at: http://0.0.0.0:0
2021-12-08 16:19:05,491 [Listener at 0.0.0.0/34547] INFO  http.BaseHttpServer (BaseHttpServer.java:<init>(107)) - Hadoop Security Enabled: false Ozone Security Enabled: false Ozone HTTP Security Enabled: false 
2021-12-08 16:19:05,492 [Listener at 0.0.0.0/34547] INFO  server.AuthenticationFilter (AuthenticationFilter.java:constructSecretProvider(240)) - Unable to initialize FileSignerSecretProvider, falling back to use random secrets.
2021-12-08 16:19:05,499 [Listener at 0.0.0.0/34547] WARN  http.HttpRequestLog (HttpRequestLog.java:getRequestLog(103)) - Jetty request log can only be enabled using Log4j
2021-12-08 16:19:05,500 [Listener at 0.0.0.0/34547] INFO  http.HttpServer2 (HttpServer2.java:addGlobalFilter(1030)) - Added global filter 'safety' (class=org.apache.hadoop.hdds.server.http.HttpServer2$QuotingInputFilter)
2021-12-08 16:19:05,501 [Listener at 0.0.0.0/34547] INFO  http.HttpServer2 (HttpServer2.java:addFilter(1006)) - Added filter static_user_filter (class=org.apache.hadoop.http.lib.StaticUserWebFilter$StaticUserFilter) to context scm
2021-12-08 16:19:05,501 [Listener at 0.0.0.0/34547] INFO  http.HttpServer2 (HttpServer2.java:addFilter(1014)) - Added filter static_user_filter (class=org.apache.hadoop.http.lib.StaticUserWebFilter$StaticUserFilter) to context static
2021-12-08 16:19:05,501 [Listener at 0.0.0.0/34547] INFO  http.HttpServer2 (HttpServer2.java:addFilter(1014)) - Added filter static_user_filter (class=org.apache.hadoop.http.lib.StaticUserWebFilter$StaticUserFilter) to context logs
2021-12-08 16:19:05,502 [Listener at 0.0.0.0/34547] INFO  http.HttpServer2 (HttpServer2.java:bindListener(1249)) - Jetty bound to port 37427
2021-12-08 16:19:05,502 [Listener at 0.0.0.0/34547] INFO  server.Server (Server.java:doStart(375)) - jetty-9.4.43.v20210629; built: 2021-06-30T11:07:22.254Z; git: 526006ecfa3af7f1a27ef3a288e2bef7ea9dd7e8; jvm 1.8.0_292-b10
2021-12-08 16:19:05,506 [org.apache.hadoop.util.JvmPauseMonitor$Monitor@4d0aa772] INFO  util.JvmPauseMonitor (JvmPauseMonitor.java:run(188)) - Starting JVM pause monitor
2021-12-08 16:19:05,562 [Listener at 0.0.0.0/34547] INFO  server.session (DefaultSessionIdManager.java:doStart(334)) - DefaultSessionIdManager workerName=node0
2021-12-08 16:19:05,562 [Listener at 0.0.0.0/34547] INFO  server.session (DefaultSessionIdManager.java:doStart(339)) - No SessionScavenger set, using defaults
2021-12-08 16:19:05,562 [Listener at 0.0.0.0/34547] INFO  server.session (HouseKeeper.java:startScavenging(132)) - node0 Scavenging every 660000ms
2021-12-08 16:19:05,563 [Listener at 0.0.0.0/34547] INFO  handler.ContextHandler (ContextHandler.java:doStart(915)) - Started o.e.j.s.ServletContextHandler@67943f4b{logs,/logs,file:///home/runner/work/ozone/ozone/hadoop-ozone/integration-test/target/log,AVAILABLE}
2021-12-08 16:19:05,564 [Listener at 0.0.0.0/34547] INFO  handler.ContextHandler (ContextHandler.java:doStart(915)) - Started o.e.j.s.ServletContextHandler@123414e6{static,/static,file:///home/runner/work/ozone/ozone/hadoop-ozone/integration-test/target/test-classes/webapps/static,AVAILABLE}
2021-12-08 16:19:05,573 [Listener at 0.0.0.0/34547] INFO  handler.ContextHandler (ContextHandler.java:doStart(915)) - Started o.e.j.w.WebAppContext@5be38ef2{scm,/,file:///home/runner/work/ozone/ozone/hadoop-ozone/integration-test/target/test-classes/webapps/scm/,AVAILABLE}{file:/home/runner/work/ozone/ozone/hadoop-ozone/integration-test/target/test-classes/webapps/scm}
2021-12-08 16:19:05,580 [Listener at 0.0.0.0/34547] INFO  server.AbstractConnector (AbstractConnector.java:doStart(331)) - Started ServerConnector@552b5799{HTTP/1.1, (http/1.1)}{0.0.0.0:37427}
2021-12-08 16:19:05,580 [Listener at 0.0.0.0/34547] INFO  server.Server (Server.java:doStart(415)) - Started @57784ms
2021-12-08 16:19:05,580 [Listener at 0.0.0.0/34547] WARN  impl.MetricsSystemImpl (MetricsSystemImpl.java:register(279)) - Sink prometheus already exists!
2021-12-08 16:19:05,581 [Listener at 0.0.0.0/34547] INFO  http.BaseHttpServer (BaseHttpServer.java:updateConnectorAddress(329)) - HTTP server of scm listening at http://0.0.0.0:37427
2021-12-08 16:19:05,581 [Listener at 0.0.0.0/34547] WARN  server.ServerUtils (ServerUtils.java:getDBPath(225)) - ozone.om.db.dirs is not configured. We recommend adding this setting. Falling back to ozone.metadata.dirs instead.
2021-12-08 16:19:05,584 [Listener at 0.0.0.0/34547] INFO  ha.OMHANodeDetails (OMHANodeDetails.java:loadOMHAConfig(112)) - ozone.om.internal.service.id is not defined, falling back to ozone.om.service.ids to find serviceID for OzoneManager if it is HA enabled cluster
2021-12-08 16:19:05,584 [Listener at 0.0.0.0/34547] INFO  ha.OMHANodeDetails (OMHANodeDetails.java:loadOMHAConfig(217)) - Configuration does not have ozone.om.address set. Falling back to the default OM address /127.0.0.1:0
2021-12-08 16:19:05,584 [Listener at 0.0.0.0/34547] INFO  ha.OMHANodeDetails (OMHANodeDetails.java:getOMNodeDetailsForNonHA(245)) - OM Service ID is not set. Setting it to the default ID: omServiceIdDefault
2021-12-08 16:19:05,584 [Listener at 0.0.0.0/34547] INFO  ha.OMHANodeDetails (OMHANodeDetails.java:getOMNodeDetailsForNonHA(252)) - OM Node ID is not set. Setting it to the default ID: om1
2021-12-08 16:19:05,584 [Listener at 0.0.0.0/34547] WARN  server.ServerUtils (ServerUtils.java:getDBPath(225)) - ozone.om.db.dirs is not configured. We recommend adding this setting. Falling back to ozone.metadata.dirs instead.
2021-12-08 16:19:05,585 [Listener at 0.0.0.0/34547] INFO  upgrade.AbstractLayoutVersionManager (AbstractLayoutVersionManager.java:init(79)) - Initializing Layout version manager with metadata layout = INITIAL_VERSION (version = 0), software layout = INITIAL_VERSION (version = 0)
2021-12-08 16:19:05,676 [Listener at 0.0.0.0/34547] INFO  reflections.Reflections (Reflections.java:scan(232)) - Reflections took 89 ms to scan 2 urls, producing 132 keys and 344 values [using 2 cores]
2021-12-08 16:19:05,677 [Listener at 0.0.0.0/34547] INFO  upgrade.OMLayoutVersionManager (OMLayoutVersionManager.java:lambda$0(115)) - Skipping Upgrade Action MockOmUpgradeAction since it has been finalized.
2021-12-08 16:19:05,677 [Listener at 0.0.0.0/34547] WARN  server.ServerUtils (ServerUtils.java:getDBPath(225)) - ozone.om.db.dirs is not configured. We recommend adding this setting. Falling back to ozone.metadata.dirs instead.
2021-12-08 16:19:05,692 [Listener at 0.0.0.0/34547] WARN  server.ServerUtils (ServerUtils.java:getDBPath(225)) - ozone.om.db.dirs is not configured. We recommend adding this setting. Falling back to ozone.metadata.dirs instead.
2021-12-08 16:19:05,693 [Listener at 0.0.0.0/34547] INFO  codec.OmKeyInfoCodec (OmKeyInfoCodec.java:<init>(50)) - OmKeyInfoCodec ignorePipeline = true
2021-12-08 16:19:05,693 [Listener at 0.0.0.0/34547] INFO  codec.RepeatedOmKeyInfoCodec (RepeatedOmKeyInfoCodec.java:<init>(42)) - RepeatedOmKeyInfoCodec ignorePipeline = true
2021-12-08 16:19:05,953 [Listener at 0.0.0.0/34547] INFO  om.OzoneManager (OzoneManager.java:addS3GVolumeToDB(3660)) - Created Volume s3v With Owner runner required for S3Gateway operations.
2021-12-08 16:19:05,953 [Listener at 0.0.0.0/34547] WARN  server.ServerUtils (ServerUtils.java:getDefaultRatisDirectory(237)) - Storage directory for Ratis is not configured. It is a good idea to map this to an SSD disk. Falling back to ozone.metadata.dirs
2021-12-08 16:19:05,953 [Listener at 0.0.0.0/34547] WARN  utils.OzoneManagerRatisUtils (OzoneManagerRatisUtils.java:getOMRatisSnapshotDirectory(323)) - ozone.om.ratis.snapshot.dir is not configured. Falling back to ozone.metadata.dirs config
2021-12-08 16:19:05,953 [Listener at 0.0.0.0/34547] WARN  server.ServerUtils (ServerUtils.java:getDefaultRatisDirectory(237)) - Storage directory for Ratis is not configured. It is a good idea to map this to an SSD disk. Falling back to ozone.metadata.dirs
2021-12-08 16:19:05,964 [Listener at 0.0.0.0/34547] INFO  ratis.OzoneManagerRatisServer (OzoneManagerRatisServer.java:<init>(159)) - Instantiating OM Ratis server with groupID: omServiceIdDefault and peers: localhost:9872
2021-12-08 16:19:05,965 [Listener at 0.0.0.0/34547] INFO  ratis.OzoneManagerStateMachine (OzoneManagerStateMachine.java:loadSnapshotInfoFromDB(605)) - LastAppliedIndex is set from TransactionInfo from OM DB as (t:0, i:~)
2021-12-08 16:19:05,970 [Listener at 0.0.0.0/34547] INFO  server.RaftServer (ConfUtils.java:logGet(44)) - raft.rpc.type = GRPC (default)
2021-12-08 16:19:05,970 [Listener at 0.0.0.0/34547] INFO  grpc.GrpcFactory (GrpcFactory.java:checkPooledByteBufAllocatorUseCacheForAllThreads(48)) - PERFORMANCE WARNING: useCacheForAllThreads is true that may cause Netty to create a lot garbage objects and, as a result, trigger GC.
	It is recommended to disable useCacheForAllThreads by setting -Dorg.apache.ratis.thirdparty.io.netty.allocator.useCacheForAllThreads=false in command line.
2021-12-08 16:19:05,970 [Listener at 0.0.0.0/34547] INFO  grpc.GrpcConfigKeys (ConfUtils.java:logGet(44)) - raft.grpc.admin.port = -1 (default)
2021-12-08 16:19:05,971 [Listener at 0.0.0.0/34547] INFO  grpc.GrpcConfigKeys (ConfUtils.java:logGet(44)) - raft.grpc.server.port = 9872 (custom)
2021-12-08 16:19:05,971 [Listener at 0.0.0.0/34547] INFO  grpc.GrpcConfigKeys (ConfUtils.java:logGet(44)) - raft.grpc.client.port = -1 (default)
2021-12-08 16:19:05,971 [Listener at 0.0.0.0/34547] INFO  grpc.GrpcConfigKeys (ConfUtils.java:logGet(44)) - raft.grpc.server.port = 9872 (custom)
2021-12-08 16:19:05,971 [Listener at 0.0.0.0/34547] INFO  grpc.GrpcConfigKeys (ConfUtils.java:logGet(44)) - raft.grpc.server.port = 9872 (custom)
2021-12-08 16:19:05,971 [Listener at 0.0.0.0/34547] INFO  server.GrpcService (ConfUtils.java:logGet(44)) - raft.grpc.message.size.max = 33554432 (custom)
2021-12-08 16:19:05,971 [Listener at 0.0.0.0/34547] INFO  server.RaftServerConfigKeys (ConfUtils.java:logGet(44)) - raft.server.log.appender.buffer.byte-limit = 33554432 (custom)
2021-12-08 16:19:05,971 [Listener at 0.0.0.0/34547] INFO  server.GrpcService (ConfUtils.java:logGet(44)) - raft.grpc.flow.control.window = 1MB (=1048576) (default)
2021-12-08 16:19:05,971 [Listener at 0.0.0.0/34547] INFO  server.RaftServerConfigKeys (ConfUtils.java:logGet(44)) - raft.server.rpc.request.timeout = 3000ms (default)
2021-12-08 16:19:05,973 [Listener at 0.0.0.0/34547] INFO  impl.DataStreamServerImpl (ConfUtils.java:logGet(44)) - raft.datastream.type = DISABLED (default)
2021-12-08 16:19:05,973 [Listener at 0.0.0.0/34547] INFO  server.RaftServerConfigKeys (ConfUtils.java:logGet(44)) - raft.server.rpc.slowness.timeout = 120s (custom)
2021-12-08 16:19:05,973 [Listener at 0.0.0.0/34547] INFO  server.RaftServerConfigKeys (ConfUtils.java:logGet(44)) - raft.server.leaderelection.leader.step-down.wait-time = 10s (default)
2021-12-08 16:19:05,973 [Listener at 0.0.0.0/34547] INFO  server.RaftServerConfigKeys (ConfUtils.java:logGet(44)) - raft.server.storage.dir = [/home/runner/work/ozone/ozone/hadoop-ozone/integration-test/target/test-dir/MiniOzoneClusterImpl-52fbfdab-5ffe-473a-8528-eacaa1fd0e12/ozone-meta/ratis] (custom)
2021-12-08 16:19:05,977 [Listener at 0.0.0.0/34547] INFO  server.RaftServer (RaftServerProxy.java:addNew(95)) - om1: addNew group-C5BA1605619E:[om1|rpc:localhost:9872|priority:0] returns group-C5BA1605619E:java.util.concurrent.CompletableFuture@7544c962[Not completed]
2021-12-08 16:19:05,977 [Listener at 0.0.0.0/34547] INFO  om.OzoneManager (OzoneManager.java:initializeRatisServer(1770)) - OzoneManager Ratis server initialized at port 9872
2021-12-08 16:19:05,978 [Listener at 0.0.0.0/34547] INFO  ipc.CallQueueManager (CallQueueManager.java:<init>(90)) - Using callQueue: class java.util.concurrent.LinkedBlockingQueue, queueCapacity: 2000, scheduler: class org.apache.hadoop.ipc.DefaultRpcScheduler, ipcBackoff: false.
2021-12-08 16:19:05,980 [Socket Reader #1 for port 0] INFO  ipc.Server (Server.java:run(1265)) - Starting Socket Reader #1 for port 0
2021-12-08 16:19:05,977 [pool-185-thread-1] INFO  server.RaftServer$Division (RaftServerImpl.java:<init>(184)) - om1: new RaftServerImpl for group-C5BA1605619E:[om1|rpc:localhost:9872|priority:0] with OzoneManagerStateMachine:uninitialized
2021-12-08 16:19:05,995 [pool-185-thread-1] INFO  server.RaftServerConfigKeys (ConfUtils.java:logGet(44)) - raft.server.rpc.timeout.min = 1s (custom)
2021-12-08 16:19:05,995 [pool-185-thread-1] INFO  server.RaftServerConfigKeys (ConfUtils.java:logGet(44)) - raft.server.rpc.timeout.max = 1200ms (custom)
2021-12-08 16:19:05,995 [pool-185-thread-1] INFO  server.RaftServerConfigKeys (ConfUtils.java:logGet(44)) - raft.server.rpc.sleep.time = 25ms (default)
2021-12-08 16:19:05,995 [pool-185-thread-1] INFO  server.RaftServerConfigKeys (ConfUtils.java:logGet(44)) - raft.server.rpc.slowness.timeout = 120s (custom)
2021-12-08 16:19:05,995 [pool-185-thread-1] INFO  server.RaftServerConfigKeys (ConfUtils.java:logGet(44)) - raft.server.leaderelection.leader.step-down.wait-time = 10s (default)
2021-12-08 16:19:05,995 [pool-185-thread-1] INFO  server.RaftServerConfigKeys (ConfUtils.java:logGet(44)) - raft.server.sleep.deviation.threshold = 300ms (default)
2021-12-08 16:19:05,996 [pool-185-thread-1] INFO  server.RaftServerConfigKeys (ConfUtils.java:logGet(44)) - raft.server.log.appender.install.snapshot.enabled = false (custom)
2021-12-08 16:19:05,996 [pool-185-thread-1] INFO  server.RaftServer$Division (ServerState.java:<init>(105)) - om1@group-C5BA1605619E: ConfigurationManager, init=-1: [om1|rpc:localhost:9872|priority:0], old=null, confs=<EMPTY_MAP>
2021-12-08 16:19:05,996 [pool-185-thread-1] INFO  server.RaftServerConfigKeys (ConfUtils.java:logGet(44)) - raft.server.storage.dir = [/home/runner/work/ozone/ozone/hadoop-ozone/integration-test/target/test-dir/MiniOzoneClusterImpl-52fbfdab-5ffe-473a-8528-eacaa1fd0e12/ozone-meta/ratis] (custom)
2021-12-08 16:19:05,996 [pool-185-thread-1] INFO  server.RaftServerConfigKeys (ConfUtils.java:logGet(44)) - raft.server.log.corruption.policy = EXCEPTION (default)
2021-12-08 16:19:05,996 [pool-185-thread-1] INFO  server.RaftServerConfigKeys (ConfUtils.java:logGet(44)) - raft.server.storage.free-space.min = 0MB (=0) (default)
2021-12-08 16:19:05,996 [pool-185-thread-1] INFO  storage.RaftStorageDirectory (RaftStorageDirectoryImpl.java:analyzeStorage(135)) - The storage directory /home/runner/work/ozone/ozone/hadoop-ozone/integration-test/target/test-dir/MiniOzoneClusterImpl-52fbfdab-5ffe-473a-8528-eacaa1fd0e12/ozone-meta/ratis/bf265839-605b-3f16-9796-c5ba1605619e does not exist. Creating ...
2021-12-08 16:19:05,997 [pool-185-thread-1] INFO  storage.RaftStorageDirectory (RaftStorageDirectoryImpl.java:tryLock(230)) - Lock on /home/runner/work/ozone/ozone/hadoop-ozone/integration-test/target/test-dir/MiniOzoneClusterImpl-52fbfdab-5ffe-473a-8528-eacaa1fd0e12/ozone-meta/ratis/bf265839-605b-3f16-9796-c5ba1605619e/in_use.lock acquired by nodename 9760@fv-az59-681
2021-12-08 16:19:05,998 [pool-185-thread-1] INFO  storage.RaftStorage (RaftStorageImpl.java:format(89)) - Storage directory /home/runner/work/ozone/ozone/hadoop-ozone/integration-test/target/test-dir/MiniOzoneClusterImpl-52fbfdab-5ffe-473a-8528-eacaa1fd0e12/ozone-meta/ratis/bf265839-605b-3f16-9796-c5ba1605619e has been successfully formatted.
2021-12-08 16:19:05,998 [pool-185-thread-1] INFO  server.RaftServerConfigKeys (ConfUtils.java:logGet(44)) - raft.server.notification.no-leader.timeout = 120s (custom)
2021-12-08 16:19:05,998 [pool-185-thread-1] INFO  server.RaftServerConfigKeys (ConfUtils.java:logGet(44)) - raft.server.log.use.memory = false (default)
2021-12-08 16:19:05,998 [pool-185-thread-1] INFO  server.RaftServerConfigKeys (ConfUtils.java:logGet(44)) - raft.server.log.purge.gap = 1000000 (custom)
2021-12-08 16:19:05,999 [pool-185-thread-1] INFO  server.RaftServerConfigKeys (ConfUtils.java:logGet(44)) - raft.server.log.appender.buffer.byte-limit = 33554432 (custom)
2021-12-08 16:19:05,999 [pool-185-thread-1] INFO  server.RaftServerConfigKeys (ConfUtils.java:logGet(44)) - raft.server.log.segment.size.max = 4194304 (custom)
2021-12-08 16:19:06,000 [pool-185-thread-1] INFO  server.RaftServerConfigKeys (ConfUtils.java:logGet(44)) - raft.server.log.segment.cache.num.max = 2 (custom)
2021-12-08 16:19:06,000 [pool-185-thread-1] INFO  server.RaftServerConfigKeys (ConfUtils.java:logGet(44)) - raft.server.log.segment.cache.size.max = 200MB (=209715200) (default)
2021-12-08 16:19:06,000 [pool-185-thread-1] INFO  segmented.SegmentedRaftLogWorker (SegmentedRaftLogWorker.java:<init>(182)) - new om1@group-C5BA1605619E-SegmentedRaftLogWorker for RaftStorageImpl:Storage Directory /home/runner/work/ozone/ozone/hadoop-ozone/integration-test/target/test-dir/MiniOzoneClusterImpl-52fbfdab-5ffe-473a-8528-eacaa1fd0e12/ozone-meta/ratis/bf265839-605b-3f16-9796-c5ba1605619e
2021-12-08 16:19:06,000 [pool-185-thread-1] INFO  server.RaftServerConfigKeys (ConfUtils.java:logGet(44)) - raft.server.log.queue.byte-limit = 64MB (=67108864) (default)
2021-12-08 16:19:06,000 [pool-185-thread-1] INFO  server.RaftServerConfigKeys (ConfUtils.java:logGet(44)) - raft.server.log.queue.element-limit = 4096 (default)
2021-12-08 16:19:06,000 [pool-185-thread-1] INFO  server.RaftServerConfigKeys (ConfUtils.java:logGet(44)) - raft.server.log.segment.size.max = 4194304 (custom)
2021-12-08 16:19:06,000 [pool-185-thread-1] INFO  server.RaftServerConfigKeys (ConfUtils.java:logGet(44)) - raft.server.log.preallocated.size = 4194304 (custom)
2021-12-08 16:19:06,000 [pool-185-thread-1] INFO  server.RaftServerConfigKeys (ConfUtils.java:logGet(44)) - raft.server.log.force.sync.num = 128 (default)
2021-12-08 16:19:06,000 [pool-185-thread-1] INFO  server.RaftServerConfigKeys (ConfUtils.java:logGet(44)) - raft.server.log.statemachine.data.sync = true (default)
2021-12-08 16:19:06,000 [pool-185-thread-1] INFO  server.RaftServerConfigKeys (ConfUtils.java:logGet(44)) - raft.server.log.statemachine.data.sync.timeout = 10s (default)
2021-12-08 16:19:06,000 [pool-185-thread-1] INFO  server.RaftServerConfigKeys (ConfUtils.java:logGet(44)) - raft.server.log.statemachine.data.sync.timeout.retry = -1 (default)
2021-12-08 16:19:06,001 [pool-185-thread-1] INFO  server.RaftServerConfigKeys (ConfUtils.java:logGet(44)) - raft.server.log.write.buffer.size = 64KB (=65536) (default)
2021-12-08 16:19:06,001 [pool-185-thread-1] INFO  server.RaftServerConfigKeys (ConfUtils.java:logGet(44)) - raft.server.log.statemachine.data.caching.enabled = false (default)
2021-12-08 16:19:06,011 [pool-185-thread-1] INFO  segmented.SegmentedRaftLogWorker (SegmentedRaftLogWorker.java:lambda$new$0(133)) - om1@group-C5BA1605619E-SegmentedRaftLogWorker: flushIndex: setUnconditionally 0 -> -1
2021-12-08 16:19:06,011 [pool-185-thread-1] INFO  segmented.SegmentedRaftLogWorker (SegmentedRaftLogWorker.java:lambda$new$0(133)) - om1@group-C5BA1605619E-SegmentedRaftLogWorker: safeCacheEvictIndex: setUnconditionally 0 -> -1
2021-12-08 16:19:06,017 [Listener at 127.0.0.1/42249] INFO  impl.MetricsSystemImpl (MetricsSystemImpl.java:init(158)) - OzoneManager metrics system started (again)
2021-12-08 16:19:06,031 [pool-185-thread-1] INFO  server.RaftServerConfigKeys (ConfUtils.java:logGet(44)) - raft.server.snapshot.auto.trigger.enabled = true (custom)
2021-12-08 16:19:06,031 [pool-185-thread-1] INFO  server.RaftServerConfigKeys (ConfUtils.java:logGet(44)) - raft.server.snapshot.auto.trigger.threshold = 400000 (default)
2021-12-08 16:19:06,031 [pool-185-thread-1] INFO  server.RaftServerConfigKeys (ConfUtils.java:logGet(44)) - raft.server.snapshot.retention.file.num = -1 (default)
2021-12-08 16:19:06,031 [pool-185-thread-1] INFO  server.RaftServerConfigKeys (ConfUtils.java:logGet(44)) - raft.server.log.purge.upto.snapshot.index = true (custom)
2021-12-08 16:19:06,031 [pool-185-thread-1] INFO  server.RaftServerConfigKeys (ConfUtils.java:logGet(44)) - raft.server.retrycache.expirytime = 300s (custom)
2021-12-08 16:19:06,031 [pool-185-thread-1] INFO  server.RaftServerConfigKeys (ConfUtils.java:logGet(44)) - raft.server.retrycache.statistics.expirytime = 100μs (default)
2021-12-08 16:19:06,043 [Listener at 127.0.0.1/42249] INFO  om.OzoneManager (OzoneManager.java:start(1365)) - OzoneManager RPC server is listening at localhost/127.0.0.1:42249
2021-12-08 16:19:06,047 [Listener at 127.0.0.1/42249] INFO  ratis.OzoneManagerRatisServer (OzoneManagerRatisServer.java:start(516)) - Starting OzoneManagerRatisServer om1 at port 9872
2021-12-08 16:19:06,047 [Listener at 127.0.0.1/42249] INFO  server.RaftServer$Division (RaftServerImpl.java:start(301)) - om1@group-C5BA1605619E: start as a follower, conf=-1: [om1|rpc:localhost:9872|priority:0], old=null
2021-12-08 16:19:06,047 [Listener at 127.0.0.1/42249] INFO  server.RaftServer$Division (RaftServerImpl.java:setRole(290)) - om1@group-C5BA1605619E: changes role from      null to FOLLOWER at term 0 for startAsFollower
2021-12-08 16:19:06,047 [Listener at 127.0.0.1/42249] INFO  impl.RoleInfo (RoleInfo.java:updateAndGet(130)) - om1: start om1@group-C5BA1605619E-FollowerState
2021-12-08 16:19:06,051 [Listener at 127.0.0.1/42249] INFO  util.JmxRegister (JmxRegister.java:tryRegister(44)) - Successfully registered JMX Bean with object name Ratis:service=RaftServer,group=group-C5BA1605619E,id=om1
2021-12-08 16:19:06,055 [Listener at 127.0.0.1/42249] INFO  server.RaftServer (RaftServerProxy.java:lambda$start$5(374)) - om1: start RPC server
2021-12-08 16:19:06,071 [Listener at 127.0.0.1/42249] INFO  server.GrpcService (GrpcService.java:startImpl(253)) - om1: GrpcService started, listening on 9872
2021-12-08 16:19:06,083 [Listener at 127.0.0.1/42249] INFO  om.OzoneManager (OzoneManager.java:start(1381)) - Version File has different layout version (0) than OM DB (null). That is expected if this OM has never been finalized to a newer layout version.
2021-12-08 16:19:06,087 [org.apache.ratis.util.JvmPauseMonitor$$Lambda$523/2003369902@1db47316] INFO  util.JvmPauseMonitor (JvmPauseMonitor.java:run(103)) - JvmPauseMonitor-om1: Started
2021-12-08 16:19:06,103 [Listener at 127.0.0.1/42249] INFO  http.BaseHttpServer (BaseHttpServer.java:newHttpServer2BuilderForOzone(209)) - Starting Web-server for ozoneManager at: http://0.0.0.0:0
2021-12-08 16:19:06,103 [Listener at 127.0.0.1/42249] INFO  http.BaseHttpServer (BaseHttpServer.java:<init>(107)) - Hadoop Security Enabled: false Ozone Security Enabled: false Ozone HTTP Security Enabled: false 
2021-12-08 16:19:06,104 [Listener at 127.0.0.1/42249] INFO  server.AuthenticationFilter (AuthenticationFilter.java:constructSecretProvider(240)) - Unable to initialize FileSignerSecretProvider, falling back to use random secrets.
2021-12-08 16:19:06,115 [Listener at 127.0.0.1/42249] WARN  http.HttpRequestLog (HttpRequestLog.java:getRequestLog(103)) - Jetty request log can only be enabled using Log4j
2021-12-08 16:19:06,117 [Listener at 127.0.0.1/42249] INFO  http.HttpServer2 (HttpServer2.java:addGlobalFilter(1030)) - Added global filter 'safety' (class=org.apache.hadoop.hdds.server.http.HttpServer2$QuotingInputFilter)
2021-12-08 16:19:06,118 [Listener at 127.0.0.1/42249] INFO  http.HttpServer2 (HttpServer2.java:addFilter(1006)) - Added filter static_user_filter (class=org.apache.hadoop.http.lib.StaticUserWebFilter$StaticUserFilter) to context ozoneManager
2021-12-08 16:19:06,118 [Listener at 127.0.0.1/42249] INFO  http.HttpServer2 (HttpServer2.java:addFilter(1014)) - Added filter static_user_filter (class=org.apache.hadoop.http.lib.StaticUserWebFilter$StaticUserFilter) to context static
2021-12-08 16:19:06,118 [Listener at 127.0.0.1/42249] INFO  http.HttpServer2 (HttpServer2.java:addFilter(1014)) - Added filter static_user_filter (class=org.apache.hadoop.http.lib.StaticUserWebFilter$StaticUserFilter) to context logs
2021-12-08 16:19:06,119 [Listener at 127.0.0.1/42249] INFO  http.HttpServer2 (HttpServer2.java:bindListener(1249)) - Jetty bound to port 44483
2021-12-08 16:19:06,119 [Listener at 127.0.0.1/42249] INFO  server.Server (Server.java:doStart(375)) - jetty-9.4.43.v20210629; built: 2021-06-30T11:07:22.254Z; git: 526006ecfa3af7f1a27ef3a288e2bef7ea9dd7e8; jvm 1.8.0_292-b10
2021-12-08 16:19:06,171 [Listener at 127.0.0.1/42249] INFO  server.session (DefaultSessionIdManager.java:doStart(334)) - DefaultSessionIdManager workerName=node0
2021-12-08 16:19:06,171 [Listener at 127.0.0.1/42249] INFO  server.session (DefaultSessionIdManager.java:doStart(339)) - No SessionScavenger set, using defaults
2021-12-08 16:19:06,171 [Listener at 127.0.0.1/42249] INFO  server.session (HouseKeeper.java:startScavenging(132)) - node0 Scavenging every 600000ms
2021-12-08 16:19:06,184 [Listener at 127.0.0.1/42249] INFO  handler.ContextHandler (ContextHandler.java:doStart(915)) - Started o.e.j.s.ServletContextHandler@6201a108{logs,/logs,file:///home/runner/work/ozone/ozone/hadoop-ozone/integration-test/target/log,AVAILABLE}
2021-12-08 16:19:06,184 [Listener at 127.0.0.1/42249] INFO  handler.ContextHandler (ContextHandler.java:doStart(915)) - Started o.e.j.s.ServletContextHandler@38554a34{static,/static,file:///home/runner/work/ozone/ozone/hadoop-ozone/integration-test/target/test-classes/webapps/static,AVAILABLE}
2021-12-08 16:19:06,188 [Listener at 127.0.0.1/42249] INFO  handler.ContextHandler (ContextHandler.java:doStart(915)) - Started o.e.j.w.WebAppContext@32235be0{ozoneManager,/,file:///home/runner/work/ozone/ozone/hadoop-ozone/integration-test/target/test-classes/webapps/ozoneManager/,AVAILABLE}{file:/home/runner/work/ozone/ozone/hadoop-ozone/integration-test/target/test-classes/webapps/ozoneManager}
2021-12-08 16:19:06,189 [Listener at 127.0.0.1/42249] INFO  server.AbstractConnector (AbstractConnector.java:doStart(331)) - Started ServerConnector@308254c3{HTTP/1.1, (http/1.1)}{0.0.0.0:44483}
2021-12-08 16:19:06,189 [Listener at 127.0.0.1/42249] INFO  server.Server (Server.java:doStart(415)) - Started @58394ms
2021-12-08 16:19:06,189 [Listener at 127.0.0.1/42249] WARN  impl.MetricsSystemImpl (MetricsSystemImpl.java:register(279)) - Sink prometheus already exists!
2021-12-08 16:19:06,191 [Listener at 127.0.0.1/42249] INFO  http.BaseHttpServer (BaseHttpServer.java:updateConnectorAddress(329)) - HTTP server of ozoneManager listening at http://0.0.0.0:44483
2021-12-08 16:19:06,197 [IPC Server Responder] INFO  ipc.Server (Server.java:run(1507)) - IPC Server Responder: starting
2021-12-08 16:19:06,207 [IPC Server listener on 0] INFO  ipc.Server (Server.java:run(1344)) - IPC Server listener on 0: starting
2021-12-08 16:19:06,254 [Listener at 127.0.0.1/42249] INFO  om.TrashPolicyOzone (TrashPolicyOzone.java:<init>(178)) - Ozone Manager trash configuration: Deletion interval = 0 minutes, Emptier interval = 0 minutes.
2021-12-08 16:19:06,277 [org.apache.hadoop.util.JvmPauseMonitor$Monitor@15ab938d] INFO  util.JvmPauseMonitor (JvmPauseMonitor.java:run(188)) - Starting JVM pause monitor
2021-12-08 16:19:06,279 [Listener at 127.0.0.1/42249] WARN  impl.MetricRegistriesImpl (MetricRegistriesImpl.java:addReporterRegistration(111)) - New reporters are added after registries were created. Some metrics will be missing from the reporter. Please add reporter before adding any new registry.
2021-12-08 16:19:06,280 [Listener at 127.0.0.1/42249] WARN  impl.MetricRegistriesImpl (MetricRegistriesImpl.java:addReporterRegistration(111)) - New reporters are added after registries were created. Some metrics will be missing from the reporter. Please add reporter before adding any new registry.
2021-12-08 16:19:06,280 [Listener at 127.0.0.1/42249] INFO  impl.MetricsSystemImpl (MetricsSystemImpl.java:init(158)) - HddsDatanode metrics system started (again)
2021-12-08 16:19:06,302 [Listener at 127.0.0.1/42249] INFO  ozone.HddsDatanodeService (HddsDatanodeService.java:start(234)) - HddsDatanodeService host:fv-az59-681.csjynl4pkq3e1pkirw3ssqjfoh.cx.internal.cloudapp.net ip:10.1.0.47
2021-12-08 16:19:06,341 [Listener at 127.0.0.1/42249] INFO  upgrade.AbstractLayoutVersionManager (AbstractLayoutVersionManager.java:init(79)) - Initializing Layout version manager with metadata layout = SCM_HA (version = 2), software layout = SCM_HA (version = 2)
2021-12-08 16:19:06,455 [Listener at 127.0.0.1/42249] INFO  reflections.Reflections (Reflections.java:scan(232)) - Reflections took 113 ms to scan 7 urls, producing 119 keys and 279 values 
2021-12-08 16:19:06,464 [Listener at 127.0.0.1/42249] INFO  statemachine.DatanodeStateMachine (DatanodeStateMachine.java:getEndPointTaskThreadPoolSize(219)) - Datanode State Machine Task Thread Pool size 2
2021-12-08 16:19:06,477 [Listener at 127.0.0.1/42249] INFO  volume.HddsVolume (HddsVolume.java:<init>(120)) - Creating HddsVolume: /home/runner/work/ozone/ozone/hadoop-ozone/integration-test/target/test-dir/MiniOzoneClusterImpl-52fbfdab-5ffe-473a-8528-eacaa1fd0e12/datanode-0/data-0/containers/hdds of storage type : DISK capacity : 9223372036854775807
2021-12-08 16:19:06,478 [Listener at 127.0.0.1/42249] INFO  volume.MutableVolumeSet (MutableVolumeSet.java:initializeVolumeSet(168)) - Added Volume : /home/runner/work/ozone/ozone/hadoop-ozone/integration-test/target/test-dir/MiniOzoneClusterImpl-52fbfdab-5ffe-473a-8528-eacaa1fd0e12/datanode-0/data-0/containers/hdds to VolumeSet
2021-12-08 16:19:06,478 [Listener at 127.0.0.1/42249] INFO  volume.ThrottledAsyncChecker (ThrottledAsyncChecker.java:schedule(141)) - Scheduling a check for /home/runner/work/ozone/ozone/hadoop-ozone/integration-test/target/test-dir/MiniOzoneClusterImpl-52fbfdab-5ffe-473a-8528-eacaa1fd0e12/datanode-0/data-0/containers/hdds
2021-12-08 16:19:06,499 [Listener at 127.0.0.1/42249] INFO  volume.StorageVolumeChecker (StorageVolumeChecker.java:checkAllVolumes(202)) - Scheduled health check for volume /home/runner/work/ozone/ozone/hadoop-ozone/integration-test/target/test-dir/MiniOzoneClusterImpl-52fbfdab-5ffe-473a-8528-eacaa1fd0e12/datanode-0/data-0/containers/hdds
2021-12-08 16:19:06,539 [Listener at 127.0.0.1/42249] INFO  volume.MutableVolumeSet (MutableVolumeSet.java:initializeVolumeSet(168)) - Added Volume : /home/runner/work/ozone/ozone/hadoop-ozone/integration-test/target/test-dir/MiniOzoneClusterImpl-52fbfdab-5ffe-473a-8528-eacaa1fd0e12/datanode-0/data/ratis to VolumeSet
2021-12-08 16:19:06,540 [Listener at 127.0.0.1/42249] INFO  volume.ThrottledAsyncChecker (ThrottledAsyncChecker.java:schedule(141)) - Scheduling a check for /home/runner/work/ozone/ozone/hadoop-ozone/integration-test/target/test-dir/MiniOzoneClusterImpl-52fbfdab-5ffe-473a-8528-eacaa1fd0e12/datanode-0/data/ratis
2021-12-08 16:19:06,540 [Listener at 127.0.0.1/42249] INFO  volume.StorageVolumeChecker (StorageVolumeChecker.java:checkAllVolumes(202)) - Scheduled health check for volume /home/runner/work/ozone/ozone/hadoop-ozone/integration-test/target/test-dir/MiniOzoneClusterImpl-52fbfdab-5ffe-473a-8528-eacaa1fd0e12/datanode-0/data/ratis
2021-12-08 16:19:06,579 [Thread-494] INFO  ozoneimpl.ContainerReader (ContainerReader.java:readVolume(172)) - Finish verifying containers on volume /home/runner/work/ozone/ozone/hadoop-ozone/integration-test/target/test-dir/MiniOzoneClusterImpl-52fbfdab-5ffe-473a-8528-eacaa1fd0e12/datanode-0/data-0/containers/hdds
2021-12-08 16:19:06,579 [Listener at 127.0.0.1/42249] INFO  ozoneimpl.OzoneContainer (OzoneContainer.java:buildContainerSet(236)) - Build ContainerSet costs 0s
2021-12-08 16:19:06,581 [Listener at 127.0.0.1/42249] INFO  server.RaftServer (ConfUtils.java:logGet(44)) - raft.rpc.type = GRPC (default)
2021-12-08 16:19:06,582 [Listener at 127.0.0.1/42249] INFO  grpc.GrpcFactory (GrpcFactory.java:checkPooledByteBufAllocatorUseCacheForAllThreads(48)) - PERFORMANCE WARNING: useCacheForAllThreads is true that may cause Netty to create a lot garbage objects and, as a result, trigger GC.
	It is recommended to disable useCacheForAllThreads by setting -Dorg.apache.ratis.thirdparty.io.netty.allocator.useCacheForAllThreads=false in command line.
2021-12-08 16:19:06,582 [Listener at 127.0.0.1/42249] INFO  grpc.GrpcConfigKeys (ConfUtils.java:logGet(44)) - raft.grpc.admin.port = 0 (custom)
2021-12-08 16:19:06,582 [Listener at 127.0.0.1/42249] INFO  grpc.GrpcConfigKeys (ConfUtils.java:logGet(44)) - raft.grpc.client.port = 0 (custom)
2021-12-08 16:19:06,582 [Listener at 127.0.0.1/42249] INFO  grpc.GrpcConfigKeys (ConfUtils.java:logGet(44)) - raft.grpc.server.port = 0 (default)
2021-12-08 16:19:06,582 [Listener at 127.0.0.1/42249] INFO  server.GrpcService (ConfUtils.java:logGet(44)) - raft.grpc.message.size.max = 32MB (=33554432) (custom)
2021-12-08 16:19:06,582 [Listener at 127.0.0.1/42249] INFO  server.RaftServerConfigKeys (ConfUtils.java:logGet(44)) - raft.server.log.appender.buffer.byte-limit = 33554432 (custom)
2021-12-08 16:19:06,582 [Listener at 127.0.0.1/42249] INFO  server.GrpcService (ConfUtils.java:logGet(44)) - raft.grpc.flow.control.window = 5MB (=5242880) (custom)
2021-12-08 16:19:06,583 [Listener at 127.0.0.1/42249] INFO  server.RaftServerConfigKeys (ConfUtils.java:logGet(44)) - raft.server.rpc.request.timeout = 60s (custom)
2021-12-08 16:19:06,584 [Listener at 127.0.0.1/42249] INFO  impl.DataStreamServerImpl (ConfUtils.java:logGet(44)) - raft.datastream.type = DISABLED (default)
2021-12-08 16:19:06,585 [Listener at 127.0.0.1/42249] INFO  server.RaftServerConfigKeys (ConfUtils.java:logGet(44)) - raft.server.rpc.slowness.timeout = 300s (custom)
2021-12-08 16:19:06,585 [Listener at 127.0.0.1/42249] INFO  server.RaftServerConfigKeys (ConfUtils.java:logGet(44)) - raft.server.leaderelection.leader.step-down.wait-time = 10s (default)
2021-12-08 16:19:06,585 [Listener at 127.0.0.1/42249] INFO  server.RaftServerConfigKeys (ConfUtils.java:logGet(44)) - raft.server.storage.dir = [/home/runner/work/ozone/ozone/hadoop-ozone/integration-test/target/test-dir/MiniOzoneClusterImpl-52fbfdab-5ffe-473a-8528-eacaa1fd0e12/datanode-0/data/ratis] (custom)
2021-12-08 16:19:06,586 [Listener at 127.0.0.1/42249] INFO  server.XceiverServerGrpc (XceiverServerGrpc.java:<init>(132)) - GrpcServer channel type EpollServerSocketChannel
2021-12-08 16:19:06,615 [Listener at 127.0.0.1/42249] INFO  http.BaseHttpServer (BaseHttpServer.java:newHttpServer2BuilderForOzone(209)) - Starting Web-server for hddsDatanode at: http://0.0.0.0:0
2021-12-08 16:19:06,615 [Listener at 127.0.0.1/42249] INFO  http.BaseHttpServer (BaseHttpServer.java:<init>(107)) - Hadoop Security Enabled: false Ozone Security Enabled: false Ozone HTTP Security Enabled: false 
2021-12-08 16:19:06,616 [Listener at 127.0.0.1/42249] INFO  server.AuthenticationFilter (AuthenticationFilter.java:constructSecretProvider(240)) - Unable to initialize FileSignerSecretProvider, falling back to use random secrets.
2021-12-08 16:19:06,625 [Listener at 127.0.0.1/42249] WARN  http.HttpRequestLog (HttpRequestLog.java:getRequestLog(103)) - Jetty request log can only be enabled using Log4j
2021-12-08 16:19:06,639 [Listener at 127.0.0.1/42249] INFO  http.HttpServer2 (HttpServer2.java:addGlobalFilter(1030)) - Added global filter 'safety' (class=org.apache.hadoop.hdds.server.http.HttpServer2$QuotingInputFilter)
2021-12-08 16:19:06,641 [Listener at 127.0.0.1/42249] INFO  http.HttpServer2 (HttpServer2.java:addFilter(1006)) - Added filter static_user_filter (class=org.apache.hadoop.http.lib.StaticUserWebFilter$StaticUserFilter) to context hddsDatanode
2021-12-08 16:19:06,641 [Listener at 127.0.0.1/42249] INFO  http.HttpServer2 (HttpServer2.java:addFilter(1014)) - Added filter static_user_filter (class=org.apache.hadoop.http.lib.StaticUserWebFilter$StaticUserFilter) to context logs
2021-12-08 16:19:06,642 [Listener at 127.0.0.1/42249] INFO  http.HttpServer2 (HttpServer2.java:addFilter(1014)) - Added filter static_user_filter (class=org.apache.hadoop.http.lib.StaticUserWebFilter$StaticUserFilter) to context static
2021-12-08 16:19:06,643 [Listener at 127.0.0.1/42249] INFO  http.HttpServer2 (HttpServer2.java:bindListener(1249)) - Jetty bound to port 38367
2021-12-08 16:19:06,643 [Listener at 127.0.0.1/42249] INFO  server.Server (Server.java:doStart(375)) - jetty-9.4.43.v20210629; built: 2021-06-30T11:07:22.254Z; git: 526006ecfa3af7f1a27ef3a288e2bef7ea9dd7e8; jvm 1.8.0_292-b10
2021-12-08 16:19:06,699 [Listener at 127.0.0.1/42249] INFO  server.session (DefaultSessionIdManager.java:doStart(334)) - DefaultSessionIdManager workerName=node0
2021-12-08 16:19:06,699 [Listener at 127.0.0.1/42249] INFO  server.session (DefaultSessionIdManager.java:doStart(339)) - No SessionScavenger set, using defaults
2021-12-08 16:19:06,699 [Listener at 127.0.0.1/42249] INFO  server.session (HouseKeeper.java:startScavenging(132)) - node0 Scavenging every 600000ms
2021-12-08 16:19:06,701 [Listener at 127.0.0.1/42249] INFO  handler.ContextHandler (ContextHandler.java:doStart(915)) - Started o.e.j.s.ServletContextHandler@1447e086{logs,/logs,file:///home/runner/work/ozone/ozone/hadoop-ozone/integration-test/target/log,AVAILABLE}
2021-12-08 16:19:06,701 [Listener at 127.0.0.1/42249] INFO  handler.ContextHandler (ContextHandler.java:doStart(915)) - Started o.e.j.s.ServletContextHandler@1e264875{static,/static,jar:file:/home/runner/.m2/repository/org/apache/ozone/hdds-container-service/1.3.0-SNAPSHOT/hdds-container-service-1.3.0-SNAPSHOT.jar!/webapps/static,AVAILABLE}
2021-12-08 16:19:06,797 [Listener at 127.0.0.1/42249] INFO  handler.ContextHandler (ContextHandler.java:doStart(915)) - Started o.e.j.w.WebAppContext@69d7b1f9{hddsDatanode,/,file:///tmp/jetty-0_0_0_0-38367-hdds-container-service-1_3_0-SNAPSHOT_jar-_-any-4348575097962395364/webapp/,AVAILABLE}{jar:file:/home/runner/.m2/repository/org/apache/ozone/hdds-container-service/1.3.0-SNAPSHOT/hdds-container-service-1.3.0-SNAPSHOT.jar!/webapps/hddsDatanode}
2021-12-08 16:19:06,809 [Listener at 127.0.0.1/42249] INFO  server.AbstractConnector (AbstractConnector.java:doStart(331)) - Started ServerConnector@58095469{HTTP/1.1, (http/1.1)}{0.0.0.0:38367}
2021-12-08 16:19:06,809 [Listener at 127.0.0.1/42249] INFO  server.Server (Server.java:doStart(415)) - Started @59013ms
2021-12-08 16:19:06,809 [Listener at 127.0.0.1/42249] WARN  impl.MetricsSystemImpl (MetricsSystemImpl.java:register(279)) - Sink prometheus already exists!
2021-12-08 16:19:06,810 [Listener at 127.0.0.1/42249] INFO  http.BaseHttpServer (BaseHttpServer.java:updateConnectorAddress(329)) - HTTP server of hddsDatanode listening at http://0.0.0.0:38367
2021-12-08 16:19:06,827 [Listener at 127.0.0.1/42249] WARN  impl.MetricRegistriesImpl (MetricRegistriesImpl.java:addReporterRegistration(111)) - New reporters are added after registries were created. Some metrics will be missing from the reporter. Please add reporter before adding any new registry.
2021-12-08 16:19:06,827 [Listener at 127.0.0.1/42249] WARN  impl.MetricRegistriesImpl (MetricRegistriesImpl.java:addReporterRegistration(111)) - New reporters are added after registries were created. Some metrics will be missing from the reporter. Please add reporter before adding any new registry.
2021-12-08 16:19:06,827 [Listener at 127.0.0.1/42249] INFO  impl.MetricsSystemImpl (MetricsSystemImpl.java:init(158)) - HddsDatanode metrics system started (again)
2021-12-08 16:19:06,835 [Datanode State Machine Daemon Thread] INFO  statemachine.DatanodeStateMachine (DatanodeStateMachine.java:lambda$startDaemon$0(467)) - Ozone container server started.
2021-12-08 16:19:06,844 [Listener at 127.0.0.1/42249] INFO  ozone.HddsDatanodeService (HddsDatanodeService.java:start(234)) - HddsDatanodeService host:fv-az59-681.csjynl4pkq3e1pkirw3ssqjfoh.cx.internal.cloudapp.net ip:10.1.0.47
2021-12-08 16:19:06,871 [org.apache.hadoop.util.JvmPauseMonitor$Monitor@54ec0b15] INFO  util.JvmPauseMonitor (JvmPauseMonitor.java:run(188)) - Starting JVM pause monitor
2021-12-08 16:19:06,883 [Listener at 127.0.0.1/42249] INFO  upgrade.AbstractLayoutVersionManager (AbstractLayoutVersionManager.java:init(79)) - Initializing Layout version manager with metadata layout = SCM_HA (version = 2), software layout = SCM_HA (version = 2)
2021-12-08 16:19:06,897 [Datanode State Machine Task Thread - 0] INFO  datanode.InitDatanodeState (InitDatanodeState.java:persistContainerDatanodeDetails(145)) - DatanodeDetails is persisted to /home/runner/work/ozone/ozone/hadoop-ozone/integration-test/target/test-dir/MiniOzoneClusterImpl-52fbfdab-5ffe-473a-8528-eacaa1fd0e12/datanode-0/meta/datanode.id
2021-12-08 16:19:07,008 [Listener at 127.0.0.1/42249] INFO  reflections.Reflections (Reflections.java:scan(232)) - Reflections took 123 ms to scan 7 urls, producing 119 keys and 279 values 
2021-12-08 16:19:07,020 [Listener at 127.0.0.1/42249] INFO  statemachine.DatanodeStateMachine (DatanodeStateMachine.java:getEndPointTaskThreadPoolSize(219)) - Datanode State Machine Task Thread Pool size 2
2021-12-08 16:19:07,027 [Listener at 127.0.0.1/42249] INFO  volume.HddsVolume (HddsVolume.java:<init>(120)) - Creating HddsVolume: /home/runner/work/ozone/ozone/hadoop-ozone/integration-test/target/test-dir/MiniOzoneClusterImpl-52fbfdab-5ffe-473a-8528-eacaa1fd0e12/datanode-1/data-0/containers/hdds of storage type : DISK capacity : 9223372036854775807
2021-12-08 16:19:07,028 [Listener at 127.0.0.1/42249] INFO  volume.MutableVolumeSet (MutableVolumeSet.java:initializeVolumeSet(168)) - Added Volume : /home/runner/work/ozone/ozone/hadoop-ozone/integration-test/target/test-dir/MiniOzoneClusterImpl-52fbfdab-5ffe-473a-8528-eacaa1fd0e12/datanode-1/data-0/containers/hdds to VolumeSet
2021-12-08 16:19:07,028 [Listener at 127.0.0.1/42249] INFO  volume.ThrottledAsyncChecker (ThrottledAsyncChecker.java:schedule(141)) - Scheduling a check for /home/runner/work/ozone/ozone/hadoop-ozone/integration-test/target/test-dir/MiniOzoneClusterImpl-52fbfdab-5ffe-473a-8528-eacaa1fd0e12/datanode-1/data-0/containers/hdds
2021-12-08 16:19:07,055 [Listener at 127.0.0.1/42249] INFO  volume.StorageVolumeChecker (StorageVolumeChecker.java:checkAllVolumes(202)) - Scheduled health check for volume /home/runner/work/ozone/ozone/hadoop-ozone/integration-test/target/test-dir/MiniOzoneClusterImpl-52fbfdab-5ffe-473a-8528-eacaa1fd0e12/datanode-1/data-0/containers/hdds
2021-12-08 16:19:07,087 [Listener at 127.0.0.1/42249] INFO  volume.MutableVolumeSet (MutableVolumeSet.java:initializeVolumeSet(168)) - Added Volume : /home/runner/work/ozone/ozone/hadoop-ozone/integration-test/target/test-dir/MiniOzoneClusterImpl-52fbfdab-5ffe-473a-8528-eacaa1fd0e12/datanode-1/data/ratis to VolumeSet
2021-12-08 16:19:07,087 [Listener at 127.0.0.1/42249] INFO  volume.ThrottledAsyncChecker (ThrottledAsyncChecker.java:schedule(141)) - Scheduling a check for /home/runner/work/ozone/ozone/hadoop-ozone/integration-test/target/test-dir/MiniOzoneClusterImpl-52fbfdab-5ffe-473a-8528-eacaa1fd0e12/datanode-1/data/ratis
2021-12-08 16:19:07,087 [Listener at 127.0.0.1/42249] INFO  volume.StorageVolumeChecker (StorageVolumeChecker.java:checkAllVolumes(202)) - Scheduled health check for volume /home/runner/work/ozone/ozone/hadoop-ozone/integration-test/target/test-dir/MiniOzoneClusterImpl-52fbfdab-5ffe-473a-8528-eacaa1fd0e12/datanode-1/data/ratis
2021-12-08 16:19:07,141 [Thread-506] INFO  ozoneimpl.ContainerReader (ContainerReader.java:readVolume(172)) - Finish verifying containers on volume /home/runner/work/ozone/ozone/hadoop-ozone/integration-test/target/test-dir/MiniOzoneClusterImpl-52fbfdab-5ffe-473a-8528-eacaa1fd0e12/datanode-1/data-0/containers/hdds
2021-12-08 16:19:07,141 [Listener at 127.0.0.1/42249] INFO  ozoneimpl.OzoneContainer (OzoneContainer.java:buildContainerSet(236)) - Build ContainerSet costs 0s
2021-12-08 16:19:07,143 [Listener at 127.0.0.1/42249] INFO  server.RaftServer (ConfUtils.java:logGet(44)) - raft.rpc.type = GRPC (default)
2021-12-08 16:19:07,144 [Listener at 127.0.0.1/42249] INFO  grpc.GrpcFactory (GrpcFactory.java:checkPooledByteBufAllocatorUseCacheForAllThreads(48)) - PERFORMANCE WARNING: useCacheForAllThreads is true that may cause Netty to create a lot garbage objects and, as a result, trigger GC.
	It is recommended to disable useCacheForAllThreads by setting -Dorg.apache.ratis.thirdparty.io.netty.allocator.useCacheForAllThreads=false in command line.
2021-12-08 16:19:07,144 [Listener at 127.0.0.1/42249] INFO  grpc.GrpcConfigKeys (ConfUtils.java:logGet(44)) - raft.grpc.admin.port = 0 (custom)
2021-12-08 16:19:07,144 [Listener at 127.0.0.1/42249] INFO  grpc.GrpcConfigKeys (ConfUtils.java:logGet(44)) - raft.grpc.client.port = 0 (custom)
2021-12-08 16:19:07,144 [Listener at 127.0.0.1/42249] INFO  grpc.GrpcConfigKeys (ConfUtils.java:logGet(44)) - raft.grpc.server.port = 0 (default)
2021-12-08 16:19:07,144 [Listener at 127.0.0.1/42249] INFO  server.GrpcService (ConfUtils.java:logGet(44)) - raft.grpc.message.size.max = 32MB (=33554432) (custom)
2021-12-08 16:19:07,144 [Listener at 127.0.0.1/42249] INFO  server.RaftServerConfigKeys (ConfUtils.java:logGet(44)) - raft.server.log.appender.buffer.byte-limit = 33554432 (custom)
2021-12-08 16:19:07,144 [Listener at 127.0.0.1/42249] INFO  server.GrpcService (ConfUtils.java:logGet(44)) - raft.grpc.flow.control.window = 5MB (=5242880) (custom)
2021-12-08 16:19:07,144 [Listener at 127.0.0.1/42249] INFO  server.RaftServerConfigKeys (ConfUtils.java:logGet(44)) - raft.server.rpc.request.timeout = 60s (custom)
2021-12-08 16:19:07,145 [Listener at 127.0.0.1/42249] INFO  impl.DataStreamServerImpl (ConfUtils.java:logGet(44)) - raft.datastream.type = DISABLED (default)
2021-12-08 16:19:07,146 [Listener at 127.0.0.1/42249] INFO  server.RaftServerConfigKeys (ConfUtils.java:logGet(44)) - raft.server.rpc.slowness.timeout = 300s (custom)
2021-12-08 16:19:07,146 [Listener at 127.0.0.1/42249] INFO  server.RaftServerConfigKeys (ConfUtils.java:logGet(44)) - raft.server.leaderelection.leader.step-down.wait-time = 10s (default)
2021-12-08 16:19:07,146 [Listener at 127.0.0.1/42249] INFO  server.RaftServerConfigKeys (ConfUtils.java:logGet(44)) - raft.server.storage.dir = [/home/runner/work/ozone/ozone/hadoop-ozone/integration-test/target/test-dir/MiniOzoneClusterImpl-52fbfdab-5ffe-473a-8528-eacaa1fd0e12/datanode-1/data/ratis] (custom)
2021-12-08 16:19:07,147 [Listener at 127.0.0.1/42249] INFO  server.XceiverServerGrpc (XceiverServerGrpc.java:<init>(132)) - GrpcServer channel type EpollServerSocketChannel
2021-12-08 16:19:07,163 [Listener at 127.0.0.1/42249] INFO  http.BaseHttpServer (BaseHttpServer.java:newHttpServer2BuilderForOzone(209)) - Starting Web-server for hddsDatanode at: http://0.0.0.0:0
2021-12-08 16:19:07,164 [Listener at 127.0.0.1/42249] INFO  http.BaseHttpServer (BaseHttpServer.java:<init>(107)) - Hadoop Security Enabled: false Ozone Security Enabled: false Ozone HTTP Security Enabled: false 
2021-12-08 16:19:07,165 [Listener at 127.0.0.1/42249] INFO  server.AuthenticationFilter (AuthenticationFilter.java:constructSecretProvider(240)) - Unable to initialize FileSignerSecretProvider, falling back to use random secrets.
2021-12-08 16:19:07,183 [Listener at 127.0.0.1/42249] WARN  http.HttpRequestLog (HttpRequestLog.java:getRequestLog(103)) - Jetty request log can only be enabled using Log4j
2021-12-08 16:19:07,184 [Listener at 127.0.0.1/42249] INFO  http.HttpServer2 (HttpServer2.java:addGlobalFilter(1030)) - Added global filter 'safety' (class=org.apache.hadoop.hdds.server.http.HttpServer2$QuotingInputFilter)
2021-12-08 16:19:07,184 [Listener at 127.0.0.1/42249] INFO  http.HttpServer2 (HttpServer2.java:addFilter(1006)) - Added filter static_user_filter (class=org.apache.hadoop.http.lib.StaticUserWebFilter$StaticUserFilter) to context hddsDatanode
2021-12-08 16:19:07,185 [Listener at 127.0.0.1/42249] INFO  http.HttpServer2 (HttpServer2.java:addFilter(1014)) - Added filter static_user_filter (class=org.apache.hadoop.http.lib.StaticUserWebFilter$StaticUserFilter) to context logs
2021-12-08 16:19:07,185 [Listener at 127.0.0.1/42249] INFO  http.HttpServer2 (HttpServer2.java:addFilter(1014)) - Added filter static_user_filter (class=org.apache.hadoop.http.lib.StaticUserWebFilter$StaticUserFilter) to context static
2021-12-08 16:19:07,185 [Listener at 127.0.0.1/42249] INFO  http.HttpServer2 (HttpServer2.java:bindListener(1249)) - Jetty bound to port 43627
2021-12-08 16:19:07,186 [Listener at 127.0.0.1/42249] INFO  server.Server (Server.java:doStart(375)) - jetty-9.4.43.v20210629; built: 2021-06-30T11:07:22.254Z; git: 526006ecfa3af7f1a27ef3a288e2bef7ea9dd7e8; jvm 1.8.0_292-b10
2021-12-08 16:19:07,234 [om1@group-C5BA1605619E-FollowerState] INFO  impl.FollowerState (FollowerState.java:run(134)) - om1@group-C5BA1605619E-FollowerState: change to CANDIDATE, lastRpcElapsedTime:1186526830ns, electionTimeout:1182ms
2021-12-08 16:19:07,234 [om1@group-C5BA1605619E-FollowerState] INFO  impl.RoleInfo (RoleInfo.java:shutdownFollowerState(108)) - om1: shutdown om1@group-C5BA1605619E-FollowerState
2021-12-08 16:19:07,234 [om1@group-C5BA1605619E-FollowerState] INFO  server.RaftServer$Division (RaftServerImpl.java:setRole(290)) - om1@group-C5BA1605619E: changes role from  FOLLOWER to CANDIDATE at term 0 for changeToCandidate
2021-12-08 16:19:07,239 [om1@group-C5BA1605619E-FollowerState] INFO  server.RaftServerConfigKeys (ConfUtils.java:logGet(44)) - raft.server.leaderelection.pre-vote = false (custom)
2021-12-08 16:19:07,239 [om1@group-C5BA1605619E-FollowerState] INFO  impl.RoleInfo (RoleInfo.java:updateAndGet(130)) - om1: start om1@group-C5BA1605619E-LeaderElection15
2021-12-08 16:19:07,247 [Listener at 127.0.0.1/42249] INFO  server.session (DefaultSessionIdManager.java:doStart(334)) - DefaultSessionIdManager workerName=node0
2021-12-08 16:19:07,247 [Listener at 127.0.0.1/42249] INFO  server.session (DefaultSessionIdManager.java:doStart(339)) - No SessionScavenger set, using defaults
2021-12-08 16:19:07,247 [Listener at 127.0.0.1/42249] INFO  server.session (HouseKeeper.java:startScavenging(132)) - node0 Scavenging every 600000ms
2021-12-08 16:19:07,253 [Listener at 127.0.0.1/42249] INFO  handler.ContextHandler (ContextHandler.java:doStart(915)) - Started o.e.j.s.ServletContextHandler@2dc59d{logs,/logs,file:///home/runner/work/ozone/ozone/hadoop-ozone/integration-test/target/log,AVAILABLE}
2021-12-08 16:19:07,253 [Listener at 127.0.0.1/42249] INFO  handler.ContextHandler (ContextHandler.java:doStart(915)) - Started o.e.j.s.ServletContextHandler@3eabb64{static,/static,jar:file:/home/runner/.m2/repository/org/apache/ozone/hdds-container-service/1.3.0-SNAPSHOT/hdds-container-service-1.3.0-SNAPSHOT.jar!/webapps/static,AVAILABLE}
2021-12-08 16:19:07,273 [om1@group-C5BA1605619E-LeaderElection15] INFO  impl.LeaderElection (LeaderElection.java:askForVotes(306)) - om1@group-C5BA1605619E-LeaderElection15 ELECTION round 0: submit vote requests at term 1 for -1: [om1|rpc:localhost:9872|priority:0], old=null
2021-12-08 16:19:07,273 [om1@group-C5BA1605619E-LeaderElection15] INFO  impl.LeaderElection (LeaderElection.java:askForVotes(308)) - om1@group-C5BA1605619E-LeaderElection15 ELECTION round 0: result PASSED (term=1)
2021-12-08 16:19:07,273 [om1@group-C5BA1605619E-LeaderElection15] INFO  impl.RoleInfo (RoleInfo.java:shutdownLeaderElection(121)) - om1: shutdown om1@group-C5BA1605619E-LeaderElection15
2021-12-08 16:19:07,273 [om1@group-C5BA1605619E-LeaderElection15] INFO  server.RaftServer$Division (RaftServerImpl.java:setRole(290)) - om1@group-C5BA1605619E: changes role from CANDIDATE to LEADER at term 1 for changeToLeader
2021-12-08 16:19:07,273 [om1@group-C5BA1605619E-LeaderElection15] INFO  server.RaftServer$Division (ServerState.java:setLeader(285)) - om1@group-C5BA1605619E: change Leader from null to om1 at term 1 for becomeLeader, leader elected after 1274ms
2021-12-08 16:19:07,273 [om1@group-C5BA1605619E-LeaderElection15] INFO  server.RaftServerConfigKeys (ConfUtils.java:logGet(44)) - raft.server.staging.catchup.gap = 1000 (default)
2021-12-08 16:19:07,273 [om1@group-C5BA1605619E-LeaderElection15] INFO  server.RaftServerConfigKeys (ConfUtils.java:logGet(44)) - raft.server.write.element-limit = 4096 (default)
2021-12-08 16:19:07,273 [om1@group-C5BA1605619E-LeaderElection15] INFO  server.RaftServerConfigKeys (ConfUtils.java:logGet(44)) - raft.server.write.byte-limit = 64MB (=67108864) (default)
2021-12-08 16:19:07,274 [om1@group-C5BA1605619E-LeaderElection15] INFO  server.RaftServerConfigKeys (ConfUtils.java:logGet(44)) - raft.server.watch.timeout = 10s (default)
2021-12-08 16:19:07,274 [om1@group-C5BA1605619E-LeaderElection15] INFO  server.RaftServerConfigKeys (ConfUtils.java:logGet(44)) - raft.server.watch.timeout.denomination = 1s (default)
2021-12-08 16:19:07,274 [om1@group-C5BA1605619E-LeaderElection15] INFO  server.RaftServerConfigKeys (ConfUtils.java:logGet(44)) - raft.server.watch.element-limit = 65536 (default)
2021-12-08 16:19:07,274 [om1@group-C5BA1605619E-LeaderElection15] INFO  server.RaftServerConfigKeys (ConfUtils.java:logGet(44)) - raft.server.write.element-limit = 4096 (default)
2021-12-08 16:19:07,274 [om1@group-C5BA1605619E-LeaderElection15] INFO  server.RaftServerConfigKeys (ConfUtils.java:logGet(44)) - raft.server.write.follower.gap.ratio.max = -1.0 (default)
2021-12-08 16:19:07,274 [om1@group-C5BA1605619E-LeaderElection15] INFO  impl.RoleInfo (RoleInfo.java:updateAndGet(130)) - om1: start om1@group-C5BA1605619E-LeaderStateImpl
2021-12-08 16:19:07,275 [om1@group-C5BA1605619E-LeaderElection15] INFO  segmented.SegmentedRaftLogWorker (SegmentedRaftLogWorker.java:startLogSegment(394)) - om1@group-C5BA1605619E-SegmentedRaftLogWorker: Starting segment from index:0
2021-12-08 16:19:07,286 [om1@group-C5BA1605619E-SegmentedRaftLogWorker] INFO  segmented.SegmentedRaftLogWorker (SegmentedRaftLogWorker.java:execute(601)) - om1@group-C5BA1605619E-SegmentedRaftLogWorker: created new log segment /home/runner/work/ozone/ozone/hadoop-ozone/integration-test/target/test-dir/MiniOzoneClusterImpl-52fbfdab-5ffe-473a-8528-eacaa1fd0e12/ozone-meta/ratis/bf265839-605b-3f16-9796-c5ba1605619e/current/log_inprogress_0
2021-12-08 16:19:07,286 [om1@group-C5BA1605619E-LeaderElection15] INFO  server.RaftServer$Division (ServerState.java:setRaftConf(387)) - om1@group-C5BA1605619E: set configuration 0: [om1|rpc:localhost:9872|admin:|client:|dataStream:|priority:0], old=null
2021-12-08 16:19:07,295 [om1@group-C5BA1605619E-StateMachineUpdater] INFO  ratis.OzoneManagerStateMachine (OzoneManagerStateMachine.java:notifyConfigurationChanged(188)) - Received Configuration change notification from Ratis. New Peer list:
[id: "om1"
address: "localhost:9872"
]
2021-12-08 16:19:07,353 [Listener at 127.0.0.1/42249] INFO  handler.ContextHandler (ContextHandler.java:doStart(915)) - Started o.e.j.w.WebAppContext@5d0637ba{hddsDatanode,/,file:///tmp/jetty-0_0_0_0-43627-hdds-container-service-1_3_0-SNAPSHOT_jar-_-any-7579605868231722714/webapp/,AVAILABLE}{jar:file:/home/runner/.m2/repository/org/apache/ozone/hdds-container-service/1.3.0-SNAPSHOT/hdds-container-service-1.3.0-SNAPSHOT.jar!/webapps/hddsDatanode}
2021-12-08 16:19:07,363 [Listener at 127.0.0.1/42249] INFO  server.AbstractConnector (AbstractConnector.java:doStart(331)) - Started ServerConnector@23940ca8{HTTP/1.1, (http/1.1)}{0.0.0.0:43627}
2021-12-08 16:19:07,364 [Listener at 127.0.0.1/42249] INFO  server.Server (Server.java:doStart(415)) - Started @59568ms
2021-12-08 16:19:07,364 [Listener at 127.0.0.1/42249] WARN  impl.MetricsSystemImpl (MetricsSystemImpl.java:register(279)) - Sink prometheus already exists!
2021-12-08 16:19:07,364 [Listener at 127.0.0.1/42249] INFO  http.BaseHttpServer (BaseHttpServer.java:updateConnectorAddress(329)) - HTTP server of hddsDatanode listening at http://0.0.0.0:43627
2021-12-08 16:19:07,365 [Listener at 127.0.0.1/42249] WARN  impl.MetricRegistriesImpl (MetricRegistriesImpl.java:addReporterRegistration(111)) - New reporters are added after registries were created. Some metrics will be missing from the reporter. Please add reporter before adding any new registry.
2021-12-08 16:19:07,365 [Listener at 127.0.0.1/42249] WARN  impl.MetricRegistriesImpl (MetricRegistriesImpl.java:addReporterRegistration(111)) - New reporters are added after registries were created. Some metrics will be missing from the reporter. Please add reporter before adding any new registry.
2021-12-08 16:19:07,365 [Listener at 127.0.0.1/42249] INFO  impl.MetricsSystemImpl (MetricsSystemImpl.java:init(158)) - HddsDatanode metrics system started (again)
2021-12-08 16:19:07,383 [Datanode State Machine Daemon Thread] INFO  statemachine.DatanodeStateMachine (DatanodeStateMachine.java:lambda$startDaemon$0(467)) - Ozone container server started.
2021-12-08 16:19:07,402 [Listener at 127.0.0.1/42249] INFO  ozone.HddsDatanodeService (HddsDatanodeService.java:start(234)) - HddsDatanodeService host:fv-az59-681.csjynl4pkq3e1pkirw3ssqjfoh.cx.internal.cloudapp.net ip:10.1.0.47
2021-12-08 16:19:07,445 [Listener at 127.0.0.1/42249] INFO  upgrade.AbstractLayoutVersionManager (AbstractLayoutVersionManager.java:init(79)) - Initializing Layout version manager with metadata layout = SCM_HA (version = 2), software layout = SCM_HA (version = 2)
2021-12-08 16:19:07,459 [org.apache.hadoop.util.JvmPauseMonitor$Monitor@4788a136] INFO  util.JvmPauseMonitor (JvmPauseMonitor.java:run(188)) - Starting JVM pause monitor
2021-12-08 16:19:07,476 [Datanode State Machine Task Thread - 0] INFO  datanode.InitDatanodeState (InitDatanodeState.java:persistContainerDatanodeDetails(145)) - DatanodeDetails is persisted to /home/runner/work/ozone/ozone/hadoop-ozone/integration-test/target/test-dir/MiniOzoneClusterImpl-52fbfdab-5ffe-473a-8528-eacaa1fd0e12/datanode-1/meta/datanode.id
2021-12-08 16:19:07,518 [Listener at 127.0.0.1/42249] INFO  reflections.Reflections (Reflections.java:scan(232)) - Reflections took 63 ms to scan 7 urls, producing 119 keys and 279 values 
2021-12-08 16:19:07,524 [Listener at 127.0.0.1/42249] INFO  statemachine.DatanodeStateMachine (DatanodeStateMachine.java:getEndPointTaskThreadPoolSize(219)) - Datanode State Machine Task Thread Pool size 2
2021-12-08 16:19:07,539 [Listener at 127.0.0.1/42249] INFO  volume.HddsVolume (HddsVolume.java:<init>(120)) - Creating HddsVolume: /home/runner/work/ozone/ozone/hadoop-ozone/integration-test/target/test-dir/MiniOzoneClusterImpl-52fbfdab-5ffe-473a-8528-eacaa1fd0e12/datanode-2/data-0/containers/hdds of storage type : DISK capacity : 9223372036854775807
2021-12-08 16:19:07,540 [Listener at 127.0.0.1/42249] INFO  volume.MutableVolumeSet (MutableVolumeSet.java:initializeVolumeSet(168)) - Added Volume : /home/runner/work/ozone/ozone/hadoop-ozone/integration-test/target/test-dir/MiniOzoneClusterImpl-52fbfdab-5ffe-473a-8528-eacaa1fd0e12/datanode-2/data-0/containers/hdds to VolumeSet
2021-12-08 16:19:07,540 [Listener at 127.0.0.1/42249] INFO  volume.ThrottledAsyncChecker (ThrottledAsyncChecker.java:schedule(141)) - Scheduling a check for /home/runner/work/ozone/ozone/hadoop-ozone/integration-test/target/test-dir/MiniOzoneClusterImpl-52fbfdab-5ffe-473a-8528-eacaa1fd0e12/datanode-2/data-0/containers/hdds
2021-12-08 16:19:07,557 [Listener at 127.0.0.1/42249] INFO  volume.StorageVolumeChecker (StorageVolumeChecker.java:checkAllVolumes(202)) - Scheduled health check for volume /home/runner/work/ozone/ozone/hadoop-ozone/integration-test/target/test-dir/MiniOzoneClusterImpl-52fbfdab-5ffe-473a-8528-eacaa1fd0e12/datanode-2/data-0/containers/hdds
2021-12-08 16:19:07,586 [Listener at 127.0.0.1/42249] INFO  volume.MutableVolumeSet (MutableVolumeSet.java:initializeVolumeSet(168)) - Added Volume : /home/runner/work/ozone/ozone/hadoop-ozone/integration-test/target/test-dir/MiniOzoneClusterImpl-52fbfdab-5ffe-473a-8528-eacaa1fd0e12/datanode-2/data/ratis to VolumeSet
2021-12-08 16:19:07,586 [Listener at 127.0.0.1/42249] INFO  volume.ThrottledAsyncChecker (ThrottledAsyncChecker.java:schedule(141)) - Scheduling a check for /home/runner/work/ozone/ozone/hadoop-ozone/integration-test/target/test-dir/MiniOzoneClusterImpl-52fbfdab-5ffe-473a-8528-eacaa1fd0e12/datanode-2/data/ratis
2021-12-08 16:19:07,586 [Listener at 127.0.0.1/42249] INFO  volume.StorageVolumeChecker (StorageVolumeChecker.java:checkAllVolumes(202)) - Scheduled health check for volume /home/runner/work/ozone/ozone/hadoop-ozone/integration-test/target/test-dir/MiniOzoneClusterImpl-52fbfdab-5ffe-473a-8528-eacaa1fd0e12/datanode-2/data/ratis
2021-12-08 16:19:07,635 [Thread-520] INFO  ozoneimpl.ContainerReader (ContainerReader.java:readVolume(172)) - Finish verifying containers on volume /home/runner/work/ozone/ozone/hadoop-ozone/integration-test/target/test-dir/MiniOzoneClusterImpl-52fbfdab-5ffe-473a-8528-eacaa1fd0e12/datanode-2/data-0/containers/hdds
2021-12-08 16:19:07,635 [Listener at 127.0.0.1/42249] INFO  ozoneimpl.OzoneContainer (OzoneContainer.java:buildContainerSet(236)) - Build ContainerSet costs 0s
2021-12-08 16:19:07,638 [Listener at 127.0.0.1/42249] INFO  server.RaftServer (ConfUtils.java:logGet(44)) - raft.rpc.type = GRPC (default)
2021-12-08 16:19:07,638 [Listener at 127.0.0.1/42249] INFO  grpc.GrpcFactory (GrpcFactory.java:checkPooledByteBufAllocatorUseCacheForAllThreads(48)) - PERFORMANCE WARNING: useCacheForAllThreads is true that may cause Netty to create a lot garbage objects and, as a result, trigger GC.
	It is recommended to disable useCacheForAllThreads by setting -Dorg.apache.ratis.thirdparty.io.netty.allocator.useCacheForAllThreads=false in command line.
2021-12-08 16:19:07,638 [Listener at 127.0.0.1/42249] INFO  grpc.GrpcConfigKeys (ConfUtils.java:logGet(44)) - raft.grpc.admin.port = 0 (custom)
2021-12-08 16:19:07,638 [Listener at 127.0.0.1/42249] INFO  grpc.GrpcConfigKeys (ConfUtils.java:logGet(44)) - raft.grpc.client.port = 0 (custom)
2021-12-08 16:19:07,638 [Listener at 127.0.0.1/42249] INFO  grpc.GrpcConfigKeys (ConfUtils.java:logGet(44)) - raft.grpc.server.port = 0 (default)
2021-12-08 16:19:07,638 [Listener at 127.0.0.1/42249] INFO  server.GrpcService (ConfUtils.java:logGet(44)) - raft.grpc.message.size.max = 32MB (=33554432) (custom)
2021-12-08 16:19:07,638 [Listener at 127.0.0.1/42249] INFO  server.RaftServerConfigKeys (ConfUtils.java:logGet(44)) - raft.server.log.appender.buffer.byte-limit = 33554432 (custom)
2021-12-08 16:19:07,638 [Listener at 127.0.0.1/42249] INFO  server.GrpcService (ConfUtils.java:logGet(44)) - raft.grpc.flow.control.window = 5MB (=5242880) (custom)
2021-12-08 16:19:07,639 [Listener at 127.0.0.1/42249] INFO  server.RaftServerConfigKeys (ConfUtils.java:logGet(44)) - raft.server.rpc.request.timeout = 60s (custom)
2021-12-08 16:19:07,640 [Listener at 127.0.0.1/42249] INFO  impl.DataStreamServerImpl (ConfUtils.java:logGet(44)) - raft.datastream.type = DISABLED (default)
2021-12-08 16:19:07,640 [Listener at 127.0.0.1/42249] INFO  server.RaftServerConfigKeys (ConfUtils.java:logGet(44)) - raft.server.rpc.slowness.timeout = 300s (custom)
2021-12-08 16:19:07,640 [Listener at 127.0.0.1/42249] INFO  server.RaftServerConfigKeys (ConfUtils.java:logGet(44)) - raft.server.leaderelection.leader.step-down.wait-time = 10s (default)
2021-12-08 16:19:07,640 [Listener at 127.0.0.1/42249] INFO  server.RaftServerConfigKeys (ConfUtils.java:logGet(44)) - raft.server.storage.dir = [/home/runner/work/ozone/ozone/hadoop-ozone/integration-test/target/test-dir/MiniOzoneClusterImpl-52fbfdab-5ffe-473a-8528-eacaa1fd0e12/datanode-2/data/ratis] (custom)
2021-12-08 16:19:07,655 [Listener at 127.0.0.1/42249] INFO  server.XceiverServerGrpc (XceiverServerGrpc.java:<init>(132)) - GrpcServer channel type EpollServerSocketChannel
2021-12-08 16:19:07,667 [Listener at 127.0.0.1/42249] INFO  http.BaseHttpServer (BaseHttpServer.java:newHttpServer2BuilderForOzone(209)) - Starting Web-server for hddsDatanode at: http://0.0.0.0:0
2021-12-08 16:19:07,667 [Listener at 127.0.0.1/42249] INFO  http.BaseHttpServer (BaseHttpServer.java:<init>(107)) - Hadoop Security Enabled: false Ozone Security Enabled: false Ozone HTTP Security Enabled: false 
2021-12-08 16:19:07,668 [Listener at 127.0.0.1/42249] INFO  server.AuthenticationFilter (AuthenticationFilter.java:constructSecretProvider(240)) - Unable to initialize FileSignerSecretProvider, falling back to use random secrets.
2021-12-08 16:19:07,675 [Listener at 127.0.0.1/42249] WARN  http.HttpRequestLog (HttpRequestLog.java:getRequestLog(103)) - Jetty request log can only be enabled using Log4j
2021-12-08 16:19:07,675 [Listener at 127.0.0.1/42249] INFO  http.HttpServer2 (HttpServer2.java:addGlobalFilter(1030)) - Added global filter 'safety' (class=org.apache.hadoop.hdds.server.http.HttpServer2$QuotingInputFilter)
2021-12-08 16:19:07,676 [Listener at 127.0.0.1/42249] INFO  http.HttpServer2 (HttpServer2.java:addFilter(1006)) - Added filter static_user_filter (class=org.apache.hadoop.http.lib.StaticUserWebFilter$StaticUserFilter) to context hddsDatanode
2021-12-08 16:19:07,676 [Listener at 127.0.0.1/42249] INFO  http.HttpServer2 (HttpServer2.java:addFilter(1014)) - Added filter static_user_filter (class=org.apache.hadoop.http.lib.StaticUserWebFilter$StaticUserFilter) to context logs
2021-12-08 16:19:07,676 [Listener at 127.0.0.1/42249] INFO  http.HttpServer2 (HttpServer2.java:addFilter(1014)) - Added filter static_user_filter (class=org.apache.hadoop.http.lib.StaticUserWebFilter$StaticUserFilter) to context static
2021-12-08 16:19:07,677 [Listener at 127.0.0.1/42249] INFO  http.HttpServer2 (HttpServer2.java:bindListener(1249)) - Jetty bound to port 44979
2021-12-08 16:19:07,677 [Listener at 127.0.0.1/42249] INFO  server.Server (Server.java:doStart(375)) - jetty-9.4.43.v20210629; built: 2021-06-30T11:07:22.254Z; git: 526006ecfa3af7f1a27ef3a288e2bef7ea9dd7e8; jvm 1.8.0_292-b10
2021-12-08 16:19:07,730 [Listener at 127.0.0.1/42249] INFO  server.session (DefaultSessionIdManager.java:doStart(334)) - DefaultSessionIdManager workerName=node0
2021-12-08 16:19:07,730 [Listener at 127.0.0.1/42249] INFO  server.session (DefaultSessionIdManager.java:doStart(339)) - No SessionScavenger set, using defaults
2021-12-08 16:19:07,730 [Listener at 127.0.0.1/42249] INFO  server.session (HouseKeeper.java:startScavenging(132)) - node0 Scavenging every 660000ms
2021-12-08 16:19:07,731 [Listener at 127.0.0.1/42249] INFO  handler.ContextHandler (ContextHandler.java:doStart(915)) - Started o.e.j.s.ServletContextHandler@3e881258{logs,/logs,file:///home/runner/work/ozone/ozone/hadoop-ozone/integration-test/target/log,AVAILABLE}
2021-12-08 16:19:07,732 [Listener at 127.0.0.1/42249] INFO  handler.ContextHandler (ContextHandler.java:doStart(915)) - Started o.e.j.s.ServletContextHandler@1869512f{static,/static,jar:file:/home/runner/.m2/repository/org/apache/ozone/hdds-container-service/1.3.0-SNAPSHOT/hdds-container-service-1.3.0-SNAPSHOT.jar!/webapps/static,AVAILABLE}
2021-12-08 16:19:07,814 [Listener at 127.0.0.1/42249] INFO  handler.ContextHandler (ContextHandler.java:doStart(915)) - Started o.e.j.w.WebAppContext@10130823{hddsDatanode,/,file:///tmp/jetty-0_0_0_0-44979-hdds-container-service-1_3_0-SNAPSHOT_jar-_-any-5648552604083114210/webapp/,AVAILABLE}{jar:file:/home/runner/.m2/repository/org/apache/ozone/hdds-container-service/1.3.0-SNAPSHOT/hdds-container-service-1.3.0-SNAPSHOT.jar!/webapps/hddsDatanode}
2021-12-08 16:19:07,821 [Listener at 127.0.0.1/42249] INFO  server.AbstractConnector (AbstractConnector.java:doStart(331)) - Started ServerConnector@47b0bffc{HTTP/1.1, (http/1.1)}{0.0.0.0:44979}
2021-12-08 16:19:07,821 [Listener at 127.0.0.1/42249] INFO  server.Server (Server.java:doStart(415)) - Started @60025ms
2021-12-08 16:19:07,827 [Listener at 127.0.0.1/42249] WARN  impl.MetricsSystemImpl (MetricsSystemImpl.java:register(279)) - Sink prometheus already exists!
2021-12-08 16:19:07,827 [Listener at 127.0.0.1/42249] INFO  http.BaseHttpServer (BaseHttpServer.java:updateConnectorAddress(329)) - HTTP server of hddsDatanode listening at http://0.0.0.0:44979
2021-12-08 16:19:07,835 [Listener at 127.0.0.1/42249] INFO  ozone.MiniOzoneClusterImpl (MiniOzoneClusterImpl.java:lambda$waitForClusterToBeReady$0(235)) - Waiting for nodes to be ready. Got 0 of 3 DN Heartbeats.
2021-12-08 16:19:07,835 [Listener at 127.0.0.1/42249] INFO  ozone.MiniOzoneClusterImpl (MiniOzoneClusterImpl.java:lambda$waitForClusterToBeReady$0(238)) - Waiting for cluster to exit safe mode
2021-12-08 16:19:07,835 [Listener at 127.0.0.1/42249] INFO  ozone.MiniOzoneClusterImpl (MiniOzoneClusterImpl.java:lambda$waitForClusterToBeReady$0(240)) - SCM became leader
2021-12-08 16:19:07,839 [Datanode State Machine Daemon Thread] INFO  statemachine.DatanodeStateMachine (DatanodeStateMachine.java:lambda$startDaemon$0(467)) - Ozone container server started.
2021-12-08 16:19:07,867 [org.apache.hadoop.util.JvmPauseMonitor$Monitor@4229ec3d] INFO  util.JvmPauseMonitor (JvmPauseMonitor.java:run(188)) - Starting JVM pause monitor
2021-12-08 16:19:07,878 [Datanode State Machine Task Thread - 0] INFO  datanode.InitDatanodeState (InitDatanodeState.java:persistContainerDatanodeDetails(145)) - DatanodeDetails is persisted to /home/runner/work/ozone/ozone/hadoop-ozone/integration-test/target/test-dir/MiniOzoneClusterImpl-52fbfdab-5ffe-473a-8528-eacaa1fd0e12/datanode-2/meta/datanode.id
2021-12-08 16:19:08,835 [Listener at 127.0.0.1/42249] INFO  ozone.MiniOzoneClusterImpl (MiniOzoneClusterImpl.java:lambda$waitForClusterToBeReady$0(235)) - Waiting for nodes to be ready. Got 0 of 3 DN Heartbeats.
2021-12-08 16:19:08,835 [Listener at 127.0.0.1/42249] INFO  ozone.MiniOzoneClusterImpl (MiniOzoneClusterImpl.java:lambda$waitForClusterToBeReady$0(238)) - Waiting for cluster to exit safe mode
2021-12-08 16:19:08,836 [Listener at 127.0.0.1/42249] INFO  ozone.MiniOzoneClusterImpl (MiniOzoneClusterImpl.java:lambda$waitForClusterToBeReady$0(240)) - SCM became leader
2021-12-08 16:19:08,904 [EndpointStateMachine task thread for /0.0.0.0:40681 - 0 ] INFO  ozoneimpl.OzoneContainer (OzoneContainer.java:start(304)) - Attempting to start container services.
2021-12-08 16:19:08,905 [EndpointStateMachine task thread for /0.0.0.0:40681 - 0 ] INFO  ozoneimpl.OzoneContainer (OzoneContainer.java:startContainerScrub(249)) - Background container scanner has been disabled.
2021-12-08 16:19:08,905 [EndpointStateMachine task thread for /0.0.0.0:40681 - 0 ] INFO  replication.ReplicationServer (ReplicationServer.java:start(107)) - ReplicationServer is started using port 43507
2021-12-08 16:19:08,906 [EndpointStateMachine task thread for /0.0.0.0:40681 - 0 ] INFO  ratis.XceiverServerRatis (XceiverServerRatis.java:start(484)) - Starting XceiverServerRatis c93cc91d-158f-4bbd-affd-12041f62a0d5
2021-12-08 16:19:08,907 [EndpointStateMachine task thread for /0.0.0.0:40681 - 0 ] INFO  server.RaftServer (RaftServerProxy.java:lambda$start$5(374)) - c93cc91d-158f-4bbd-affd-12041f62a0d5: start RPC server
2021-12-08 16:19:08,907 [EndpointStateMachine task thread for /0.0.0.0:40681 - 0 ] INFO  server.GrpcService (GrpcService.java:startImpl(253)) - c93cc91d-158f-4bbd-affd-12041f62a0d5: GrpcService started, listening on 38941
2021-12-08 16:19:08,907 [EndpointStateMachine task thread for /0.0.0.0:40681 - 0 ] INFO  ratis.XceiverServerRatis (XceiverServerRatis.java:getRealPort(505)) - XceiverServerRatis c93cc91d-158f-4bbd-affd-12041f62a0d5 is started using port 38941 for RATIS
2021-12-08 16:19:08,907 [EndpointStateMachine task thread for /0.0.0.0:40681 - 0 ] INFO  ratis.XceiverServerRatis (XceiverServerRatis.java:getRealPort(505)) - XceiverServerRatis c93cc91d-158f-4bbd-affd-12041f62a0d5 is started using port 38941 for RATIS_ADMIN
2021-12-08 16:19:08,907 [EndpointStateMachine task thread for /0.0.0.0:40681 - 0 ] INFO  ratis.XceiverServerRatis (XceiverServerRatis.java:getRealPort(505)) - XceiverServerRatis c93cc91d-158f-4bbd-affd-12041f62a0d5 is started using port 38941 for RATIS_SERVER
2021-12-08 16:19:08,908 [org.apache.ratis.util.JvmPauseMonitor$$Lambda$523/2003369902@725261c9] INFO  util.JvmPauseMonitor (JvmPauseMonitor.java:run(103)) - JvmPauseMonitor-c93cc91d-158f-4bbd-affd-12041f62a0d5: Started
2021-12-08 16:19:08,909 [EndpointStateMachine task thread for /0.0.0.0:40681 - 0 ] INFO  server.XceiverServerGrpc (XceiverServerGrpc.java:start(180)) - XceiverServerGrpc c93cc91d-158f-4bbd-affd-12041f62a0d5 is started using port 36195
2021-12-08 16:19:09,475 [EndpointStateMachine task thread for /0.0.0.0:40681 - 0 ] INFO  ozoneimpl.OzoneContainer (OzoneContainer.java:start(304)) - Attempting to start container services.
2021-12-08 16:19:09,475 [EndpointStateMachine task thread for /0.0.0.0:40681 - 0 ] INFO  ozoneimpl.OzoneContainer (OzoneContainer.java:startContainerScrub(249)) - Background container scanner has been disabled.
2021-12-08 16:19:09,475 [EndpointStateMachine task thread for /0.0.0.0:40681 - 0 ] INFO  replication.ReplicationServer (ReplicationServer.java:start(107)) - ReplicationServer is started using port 38309
2021-12-08 16:19:09,477 [EndpointStateMachine task thread for /0.0.0.0:40681 - 0 ] INFO  ratis.XceiverServerRatis (XceiverServerRatis.java:start(484)) - Starting XceiverServerRatis fa0680b8-425f-47f5-898a-3d606569156e
2021-12-08 16:19:09,491 [EndpointStateMachine task thread for /0.0.0.0:40681 - 0 ] INFO  server.RaftServer (RaftServerProxy.java:lambda$start$5(374)) - fa0680b8-425f-47f5-898a-3d606569156e: start RPC server
2021-12-08 16:19:09,492 [EndpointStateMachine task thread for /0.0.0.0:40681 - 0 ] INFO  server.GrpcService (GrpcService.java:startImpl(253)) - fa0680b8-425f-47f5-898a-3d606569156e: GrpcService started, listening on 34705
2021-12-08 16:19:09,494 [EndpointStateMachine task thread for /0.0.0.0:40681 - 0 ] INFO  ratis.XceiverServerRatis (XceiverServerRatis.java:getRealPort(505)) - XceiverServerRatis fa0680b8-425f-47f5-898a-3d606569156e is started using port 34705 for RATIS
2021-12-08 16:19:09,494 [EndpointStateMachine task thread for /0.0.0.0:40681 - 0 ] INFO  ratis.XceiverServerRatis (XceiverServerRatis.java:getRealPort(505)) - XceiverServerRatis fa0680b8-425f-47f5-898a-3d606569156e is started using port 34705 for RATIS_ADMIN
2021-12-08 16:19:09,494 [EndpointStateMachine task thread for /0.0.0.0:40681 - 0 ] INFO  ratis.XceiverServerRatis (XceiverServerRatis.java:getRealPort(505)) - XceiverServerRatis fa0680b8-425f-47f5-898a-3d606569156e is started using port 34705 for RATIS_SERVER
2021-12-08 16:19:09,496 [org.apache.ratis.util.JvmPauseMonitor$$Lambda$523/2003369902@56fdf00b] INFO  util.JvmPauseMonitor (JvmPauseMonitor.java:run(103)) - JvmPauseMonitor-fa0680b8-425f-47f5-898a-3d606569156e: Started
2021-12-08 16:19:09,496 [EndpointStateMachine task thread for /0.0.0.0:40681 - 0 ] INFO  server.XceiverServerGrpc (XceiverServerGrpc.java:start(180)) - XceiverServerGrpc fa0680b8-425f-47f5-898a-3d606569156e is started using port 38741
2021-12-08 16:19:09,836 [Listener at 127.0.0.1/42249] INFO  ozone.MiniOzoneClusterImpl (MiniOzoneClusterImpl.java:lambda$waitForClusterToBeReady$0(235)) - Waiting for nodes to be ready. Got 0 of 3 DN Heartbeats.
2021-12-08 16:19:09,836 [Listener at 127.0.0.1/42249] INFO  ozone.MiniOzoneClusterImpl (MiniOzoneClusterImpl.java:lambda$waitForClusterToBeReady$0(238)) - Waiting for cluster to exit safe mode
2021-12-08 16:19:09,836 [Listener at 127.0.0.1/42249] INFO  ozone.MiniOzoneClusterImpl (MiniOzoneClusterImpl.java:lambda$waitForClusterToBeReady$0(240)) - SCM became leader
2021-12-08 16:19:09,886 [EndpointStateMachine task thread for /0.0.0.0:40681 - 0 ] INFO  ozoneimpl.OzoneContainer (OzoneContainer.java:start(304)) - Attempting to start container services.
2021-12-08 16:19:09,886 [EndpointStateMachine task thread for /0.0.0.0:40681 - 0 ] INFO  ozoneimpl.OzoneContainer (OzoneContainer.java:startContainerScrub(249)) - Background container scanner has been disabled.
2021-12-08 16:19:09,890 [EndpointStateMachine task thread for /0.0.0.0:40681 - 0 ] INFO  replication.ReplicationServer (ReplicationServer.java:start(107)) - ReplicationServer is started using port 36823
2021-12-08 16:19:09,897 [EndpointStateMachine task thread for /0.0.0.0:40681 - 0 ] INFO  ratis.XceiverServerRatis (XceiverServerRatis.java:start(484)) - Starting XceiverServerRatis f4224ab0-cbd9-4206-a0cf-eead8be6075d
2021-12-08 16:19:09,904 [EndpointStateMachine task thread for /0.0.0.0:40681 - 0 ] INFO  server.RaftServer (RaftServerProxy.java:lambda$start$5(374)) - f4224ab0-cbd9-4206-a0cf-eead8be6075d: start RPC server
2021-12-08 16:19:09,905 [EndpointStateMachine task thread for /0.0.0.0:40681 - 0 ] INFO  server.GrpcService (GrpcService.java:startImpl(253)) - f4224ab0-cbd9-4206-a0cf-eead8be6075d: GrpcService started, listening on 43145
2021-12-08 16:19:09,905 [EndpointStateMachine task thread for /0.0.0.0:40681 - 0 ] INFO  ratis.XceiverServerRatis (XceiverServerRatis.java:getRealPort(505)) - XceiverServerRatis f4224ab0-cbd9-4206-a0cf-eead8be6075d is started using port 43145 for RATIS
2021-12-08 16:19:09,905 [EndpointStateMachine task thread for /0.0.0.0:40681 - 0 ] INFO  ratis.XceiverServerRatis (XceiverServerRatis.java:getRealPort(505)) - XceiverServerRatis f4224ab0-cbd9-4206-a0cf-eead8be6075d is started using port 43145 for RATIS_ADMIN
2021-12-08 16:19:09,905 [EndpointStateMachine task thread for /0.0.0.0:40681 - 0 ] INFO  ratis.XceiverServerRatis (XceiverServerRatis.java:getRealPort(505)) - XceiverServerRatis f4224ab0-cbd9-4206-a0cf-eead8be6075d is started using port 43145 for RATIS_SERVER
2021-12-08 16:19:09,906 [org.apache.ratis.util.JvmPauseMonitor$$Lambda$523/2003369902@3a3c8352] INFO  util.JvmPauseMonitor (JvmPauseMonitor.java:run(103)) - JvmPauseMonitor-f4224ab0-cbd9-4206-a0cf-eead8be6075d: Started
2021-12-08 16:19:09,912 [EndpointStateMachine task thread for /0.0.0.0:40681 - 0 ] INFO  server.XceiverServerGrpc (XceiverServerGrpc.java:start(180)) - XceiverServerGrpc f4224ab0-cbd9-4206-a0cf-eead8be6075d is started using port 38643
2021-12-08 16:19:10,836 [Listener at 127.0.0.1/42249] INFO  ozone.MiniOzoneClusterImpl (MiniOzoneClusterImpl.java:lambda$waitForClusterToBeReady$0(235)) - Waiting for nodes to be ready. Got 0 of 3 DN Heartbeats.
2021-12-08 16:19:10,837 [Listener at 127.0.0.1/42249] INFO  ozone.MiniOzoneClusterImpl (MiniOzoneClusterImpl.java:lambda$waitForClusterToBeReady$0(238)) - Waiting for cluster to exit safe mode
2021-12-08 16:19:10,837 [Listener at 127.0.0.1/42249] INFO  ozone.MiniOzoneClusterImpl (MiniOzoneClusterImpl.java:lambda$waitForClusterToBeReady$0(240)) - SCM became leader
2021-12-08 16:19:10,872 [IPC Server handler 0 on default port 40681] INFO  net.NetworkTopologyImpl (NetworkTopologyImpl.java:add(112)) - Added a new node: /default-rack/c93cc91d-158f-4bbd-affd-12041f62a0d5
2021-12-08 16:19:10,872 [IPC Server handler 0 on default port 40681] INFO  node.SCMNodeManager (SCMNodeManager.java:register(389)) - Registered Data node : c93cc91d-158f-4bbd-affd-12041f62a0d5{ip: 10.1.0.47, host: fv-az59-681.csjynl4pkq3e1pkirw3ssqjfoh.cx.internal.cloudapp.net, ports: [REPLICATION=43507, RATIS=38941, RATIS_ADMIN=38941, RATIS_SERVER=38941, STANDALONE=36195], networkLocation: /default-rack, certSerialId: null, persistedOpState: null, persistedOpStateExpiryEpochSec: 0}
2021-12-08 16:19:10,874 [EventQueue-NodeRegistrationContainerReportForDataNodeSafeModeRule] INFO  safemode.SCMSafeModeManager (DataNodeSafeModeRule.java:process(71)) - SCM in safe mode. 1 DataNodes registered, 3 required.
2021-12-08 16:19:10,875 [EventQueue-NodeRegistrationContainerReportForContainerSafeModeRule] INFO  safemode.SCMSafeModeManager (SCMSafeModeManager.java:validateSafeModeExitRules(204)) - ContainerSafeModeRule rule is successfully validated
2021-12-08 16:19:10,879 [EventQueue-NewNodeForNewNodeHandler] INFO  pipeline.BackgroundPipelineCreator (BackgroundPipelineCreator.java:notifyEventTriggered(285)) - trigger a one-shot run on RatisPipelineUtilsThread.
2021-12-08 16:19:10,880 [RatisPipelineUtilsThread - 0] INFO  pipeline.RatisPipelineProvider (RatisPipelineProvider.java:lambda$create$0(183)) - Sending CreatePipelineCommand for pipeline:PipelineID=80a635b9-d5f0-4776-8e85-539dae66f782 to datanode:c93cc91d-158f-4bbd-affd-12041f62a0d5
2021-12-08 16:19:10,880 [EventQueue-PipelineReportForOneReplicaPipelineSafeModeRule] INFO  safemode.SCMSafeModeManager (SCMSafeModeManager.java:validateSafeModeExitRules(204)) - AtleastOneDatanodeReportedRule rule is successfully validated
2021-12-08 16:19:10,881 [RatisPipelineUtilsThread - 0] INFO  pipeline.PipelineStateManagerImpl (PipelineStateManagerImpl.java:addPipeline(101)) - Created pipeline Pipeline[ Id: 80a635b9-d5f0-4776-8e85-539dae66f782, Nodes: c93cc91d-158f-4bbd-affd-12041f62a0d5{ip: 10.1.0.47, host: fv-az59-681.csjynl4pkq3e1pkirw3ssqjfoh.cx.internal.cloudapp.net, ports: [REPLICATION=43507, RATIS=38941, RATIS_ADMIN=38941, RATIS_SERVER=38941, STANDALONE=36195], networkLocation: /default-rack, certSerialId: null, persistedOpState: IN_SERVICE, persistedOpStateExpiryEpochSec: 0}, ReplicationConfig: RATIS/ONE, State:ALLOCATED, leaderId:, CreationTimestamp2021-12-08T16:19:10.880Z[Etc/UTC]].
2021-12-08 16:19:11,462 [IPC Server handler 5 on default port 40681] INFO  net.NetworkTopologyImpl (NetworkTopologyImpl.java:add(112)) - Added a new node: /default-rack/fa0680b8-425f-47f5-898a-3d606569156e
2021-12-08 16:19:11,462 [IPC Server handler 5 on default port 40681] INFO  node.SCMNodeManager (SCMNodeManager.java:register(389)) - Registered Data node : fa0680b8-425f-47f5-898a-3d606569156e{ip: 10.1.0.47, host: fv-az59-681.csjynl4pkq3e1pkirw3ssqjfoh.cx.internal.cloudapp.net, ports: [REPLICATION=38309, RATIS=34705, RATIS_ADMIN=34705, RATIS_SERVER=34705, STANDALONE=38741], networkLocation: /default-rack, certSerialId: null, persistedOpState: null, persistedOpStateExpiryEpochSec: 0}
2021-12-08 16:19:11,462 [EventQueue-NewNodeForNewNodeHandler] INFO  pipeline.BackgroundPipelineCreator (BackgroundPipelineCreator.java:notifyEventTriggered(285)) - trigger a one-shot run on RatisPipelineUtilsThread.
2021-12-08 16:19:11,467 [EventQueue-NodeRegistrationContainerReportForDataNodeSafeModeRule] INFO  safemode.SCMSafeModeManager (DataNodeSafeModeRule.java:process(71)) - SCM in safe mode. 2 DataNodes registered, 3 required.
2021-12-08 16:19:11,483 [RatisPipelineUtilsThread - 0] INFO  pipeline.RatisPipelineProvider (RatisPipelineProvider.java:lambda$create$0(183)) - Sending CreatePipelineCommand for pipeline:PipelineID=15000e1d-3d84-407f-b27e-b1933db6f93e to datanode:fa0680b8-425f-47f5-898a-3d606569156e
2021-12-08 16:19:11,484 [RatisPipelineUtilsThread - 0] INFO  pipeline.PipelineStateManagerImpl (PipelineStateManagerImpl.java:addPipeline(101)) - Created pipeline Pipeline[ Id: 15000e1d-3d84-407f-b27e-b1933db6f93e, Nodes: fa0680b8-425f-47f5-898a-3d606569156e{ip: 10.1.0.47, host: fv-az59-681.csjynl4pkq3e1pkirw3ssqjfoh.cx.internal.cloudapp.net, ports: [REPLICATION=38309, RATIS=34705, RATIS_ADMIN=34705, RATIS_SERVER=34705, STANDALONE=38741], networkLocation: /default-rack, certSerialId: null, persistedOpState: IN_SERVICE, persistedOpStateExpiryEpochSec: 0}, ReplicationConfig: RATIS/ONE, State:ALLOCATED, leaderId:, CreationTimestamp2021-12-08T16:19:11.483Z[Etc/UTC]].
2021-12-08 16:19:11,837 [Listener at 127.0.0.1/42249] INFO  ozone.MiniOzoneClusterImpl (MiniOzoneClusterImpl.java:lambda$waitForClusterToBeReady$0(235)) - Waiting for nodes to be ready. Got 2 of 3 DN Heartbeats.
2021-12-08 16:19:11,837 [Listener at 127.0.0.1/42249] INFO  ozone.MiniOzoneClusterImpl (MiniOzoneClusterImpl.java:lambda$waitForClusterToBeReady$0(238)) - Waiting for cluster to exit safe mode
2021-12-08 16:19:11,837 [Listener at 127.0.0.1/42249] INFO  ozone.MiniOzoneClusterImpl (MiniOzoneClusterImpl.java:lambda$waitForClusterToBeReady$0(240)) - SCM became leader
2021-12-08 16:19:11,869 [IPC Server handler 0 on default port 40681] INFO  net.NetworkTopologyImpl (NetworkTopologyImpl.java:add(112)) - Added a new node: /default-rack/f4224ab0-cbd9-4206-a0cf-eead8be6075d
2021-12-08 16:19:11,870 [IPC Server handler 0 on default port 40681] INFO  node.SCMNodeManager (SCMNodeManager.java:register(389)) - Registered Data node : f4224ab0-cbd9-4206-a0cf-eead8be6075d{ip: 10.1.0.47, host: fv-az59-681.csjynl4pkq3e1pkirw3ssqjfoh.cx.internal.cloudapp.net, ports: [REPLICATION=36823, RATIS=43145, RATIS_ADMIN=43145, RATIS_SERVER=43145, STANDALONE=38643], networkLocation: /default-rack, certSerialId: null, persistedOpState: null, persistedOpStateExpiryEpochSec: 0}
2021-12-08 16:19:11,871 [EventQueue-NewNodeForNewNodeHandler] INFO  pipeline.BackgroundPipelineCreator (BackgroundPipelineCreator.java:notifyEventTriggered(285)) - trigger a one-shot run on RatisPipelineUtilsThread.
2021-12-08 16:19:11,871 [EventQueue-NodeRegistrationContainerReportForDataNodeSafeModeRule] INFO  safemode.SCMSafeModeManager (DataNodeSafeModeRule.java:process(71)) - SCM in safe mode. 3 DataNodes registered, 3 required.
2021-12-08 16:19:11,871 [EventQueue-NodeRegistrationContainerReportForDataNodeSafeModeRule] INFO  safemode.SCMSafeModeManager (SCMSafeModeManager.java:validateSafeModeExitRules(204)) - DataNodeSafeModeRule rule is successfully validated
2021-12-08 16:19:11,871 [EventQueue-NodeRegistrationContainerReportForDataNodeSafeModeRule] INFO  safemode.SCMSafeModeManager (SCMSafeModeManager.java:completePreCheck(233)) - All SCM safe mode pre check rules have passed
2021-12-08 16:19:11,871 [EventQueue-NodeRegistrationContainerReportForDataNodeSafeModeRule] WARN  events.EventQueue (EventQueue.java:fireEvent(194)) - No event handler registered for event TypedEvent{payloadType=SafeModeStatus, name='Safe mode status'}
2021-12-08 16:19:11,871 [EventQueue-NodeRegistrationContainerReportForDataNodeSafeModeRule] INFO  ha.SCMContext (SCMContext.java:updateSafeModeStatus(211)) - Update SafeModeStatus from SafeModeStatus{safeModeStatus=true, preCheckPassed=false} to SafeModeStatus{safeModeStatus=true, preCheckPassed=true}.
2021-12-08 16:19:11,871 [EventQueue-NodeRegistrationContainerReportForDataNodeSafeModeRule] INFO  pipeline.BackgroundPipelineCreator (BackgroundPipelineCreator.java:notifyEventTriggered(285)) - trigger a one-shot run on RatisPipelineUtilsThread.
2021-12-08 16:19:11,872 [RatisPipelineUtilsThread - 0] INFO  pipeline.RatisPipelineProvider (RatisPipelineProvider.java:lambda$create$0(183)) - Sending CreatePipelineCommand for pipeline:PipelineID=a68a6d48-cb80-4727-997c-7443ba848253 to datanode:f4224ab0-cbd9-4206-a0cf-eead8be6075d
2021-12-08 16:19:11,872 [RatisPipelineUtilsThread - 0] INFO  pipeline.PipelineStateManagerImpl (PipelineStateManagerImpl.java:addPipeline(101)) - Created pipeline Pipeline[ Id: a68a6d48-cb80-4727-997c-7443ba848253, Nodes: f4224ab0-cbd9-4206-a0cf-eead8be6075d{ip: 10.1.0.47, host: fv-az59-681.csjynl4pkq3e1pkirw3ssqjfoh.cx.internal.cloudapp.net, ports: [REPLICATION=36823, RATIS=43145, RATIS_ADMIN=43145, RATIS_SERVER=43145, STANDALONE=38643], networkLocation: /default-rack, certSerialId: null, persistedOpState: IN_SERVICE, persistedOpStateExpiryEpochSec: 0}, ReplicationConfig: RATIS/ONE, State:ALLOCATED, leaderId:, CreationTimestamp2021-12-08T16:19:11.872Z[Etc/UTC]].
2021-12-08 16:19:11,873 [RatisPipelineUtilsThread - 0] INFO  pipeline.RatisPipelineProvider (RatisPipelineProvider.java:lambda$create$0(183)) - Sending CreatePipelineCommand for pipeline:PipelineID=808f5cee-7d2f-4e00-bd74-dff0bb80c9dd to datanode:fa0680b8-425f-47f5-898a-3d606569156e
2021-12-08 16:19:11,873 [RatisPipelineUtilsThread - 0] INFO  pipeline.RatisPipelineProvider (RatisPipelineProvider.java:lambda$create$0(183)) - Sending CreatePipelineCommand for pipeline:PipelineID=808f5cee-7d2f-4e00-bd74-dff0bb80c9dd to datanode:c93cc91d-158f-4bbd-affd-12041f62a0d5
2021-12-08 16:19:11,873 [RatisPipelineUtilsThread - 0] INFO  pipeline.RatisPipelineProvider (RatisPipelineProvider.java:lambda$create$0(183)) - Sending CreatePipelineCommand for pipeline:PipelineID=808f5cee-7d2f-4e00-bd74-dff0bb80c9dd to datanode:f4224ab0-cbd9-4206-a0cf-eead8be6075d
2021-12-08 16:19:11,873 [RatisPipelineUtilsThread - 0] INFO  pipeline.PipelineStateManagerImpl (PipelineStateManagerImpl.java:addPipeline(101)) - Created pipeline Pipeline[ Id: 808f5cee-7d2f-4e00-bd74-dff0bb80c9dd, Nodes: fa0680b8-425f-47f5-898a-3d606569156e{ip: 10.1.0.47, host: fv-az59-681.csjynl4pkq3e1pkirw3ssqjfoh.cx.internal.cloudapp.net, ports: [REPLICATION=38309, RATIS=34705, RATIS_ADMIN=34705, RATIS_SERVER=34705, STANDALONE=38741], networkLocation: /default-rack, certSerialId: null, persistedOpState: IN_SERVICE, persistedOpStateExpiryEpochSec: 0}c93cc91d-158f-4bbd-affd-12041f62a0d5{ip: 10.1.0.47, host: fv-az59-681.csjynl4pkq3e1pkirw3ssqjfoh.cx.internal.cloudapp.net, ports: [REPLICATION=43507, RATIS=38941, RATIS_ADMIN=38941, RATIS_SERVER=38941, STANDALONE=36195], networkLocation: /default-rack, certSerialId: null, persistedOpState: IN_SERVICE, persistedOpStateExpiryEpochSec: 0}f4224ab0-cbd9-4206-a0cf-eead8be6075d{ip: 10.1.0.47, host: fv-az59-681.csjynl4pkq3e1pkirw3ssqjfoh.cx.internal.cloudapp.net, ports: [REPLICATION=36823, RATIS=43145, RATIS_ADMIN=43145, RATIS_SERVER=43145, STANDALONE=38643], networkLocation: /default-rack, certSerialId: null, persistedOpState: IN_SERVICE, persistedOpStateExpiryEpochSec: 0}, ReplicationConfig: RATIS/THREE, State:ALLOCATED, leaderId:, CreationTimestamp2021-12-08T16:19:11.873Z[Etc/UTC]].
2021-12-08 16:19:11,874 [RatisPipelineUtilsThread - 0] INFO  pipeline.RatisPipelineProvider (RatisPipelineProvider.java:lambda$create$0(183)) - Sending CreatePipelineCommand for pipeline:PipelineID=b84f50df-25f7-45c4-a520-4d1c0f2cac41 to datanode:fa0680b8-425f-47f5-898a-3d606569156e
2021-12-08 16:19:11,874 [RatisPipelineUtilsThread - 0] INFO  pipeline.RatisPipelineProvider (RatisPipelineProvider.java:lambda$create$0(183)) - Sending CreatePipelineCommand for pipeline:PipelineID=b84f50df-25f7-45c4-a520-4d1c0f2cac41 to datanode:f4224ab0-cbd9-4206-a0cf-eead8be6075d
2021-12-08 16:19:11,874 [RatisPipelineUtilsThread - 0] INFO  pipeline.RatisPipelineProvider (RatisPipelineProvider.java:lambda$create$0(183)) - Sending CreatePipelineCommand for pipeline:PipelineID=b84f50df-25f7-45c4-a520-4d1c0f2cac41 to datanode:c93cc91d-158f-4bbd-affd-12041f62a0d5
2021-12-08 16:19:11,874 [RatisPipelineUtilsThread - 0] INFO  pipeline.PipelineStateManagerImpl (PipelineStateManagerImpl.java:addPipeline(101)) - Created pipeline Pipeline[ Id: b84f50df-25f7-45c4-a520-4d1c0f2cac41, Nodes: fa0680b8-425f-47f5-898a-3d606569156e{ip: 10.1.0.47, host: fv-az59-681.csjynl4pkq3e1pkirw3ssqjfoh.cx.internal.cloudapp.net, ports: [REPLICATION=38309, RATIS=34705, RATIS_ADMIN=34705, RATIS_SERVER=34705, STANDALONE=38741], networkLocation: /default-rack, certSerialId: null, persistedOpState: IN_SERVICE, persistedOpStateExpiryEpochSec: 0}f4224ab0-cbd9-4206-a0cf-eead8be6075d{ip: 10.1.0.47, host: fv-az59-681.csjynl4pkq3e1pkirw3ssqjfoh.cx.internal.cloudapp.net, ports: [REPLICATION=36823, RATIS=43145, RATIS_ADMIN=43145, RATIS_SERVER=43145, STANDALONE=38643], networkLocation: /default-rack, certSerialId: null, persistedOpState: IN_SERVICE, persistedOpStateExpiryEpochSec: 0}c93cc91d-158f-4bbd-affd-12041f62a0d5{ip: 10.1.0.47, host: fv-az59-681.csjynl4pkq3e1pkirw3ssqjfoh.cx.internal.cloudapp.net, ports: [REPLICATION=43507, RATIS=38941, RATIS_ADMIN=38941, RATIS_SERVER=38941, STANDALONE=36195], networkLocation: /default-rack, certSerialId: null, persistedOpState: IN_SERVICE, persistedOpStateExpiryEpochSec: 0}, ReplicationConfig: RATIS/THREE, State:ALLOCATED, leaderId:, CreationTimestamp2021-12-08T16:19:11.873Z[Etc/UTC]].
2021-12-08 16:19:11,874 [RatisPipelineUtilsThread - 0] INFO  pipeline.PipelineManagerImpl (PipelineManagerImpl.java:recordMetricsForPipeline(639)) - Pipeline: PipelineID=b84f50df-25f7-45c4-a520-4d1c0f2cac41 contains same datanodes as previous pipelines: PipelineID=808f5cee-7d2f-4e00-bd74-dff0bb80c9dd nodeIds: fa0680b8-425f-47f5-898a-3d606569156e, f4224ab0-cbd9-4206-a0cf-eead8be6075d, c93cc91d-158f-4bbd-affd-12041f62a0d5
2021-12-08 16:19:12,837 [Listener at 127.0.0.1/42249] INFO  ozone.MiniOzoneClusterImpl (MiniOzoneClusterImpl.java:lambda$waitForClusterToBeReady$0(235)) - Nodes are ready. Got 3 of 3 DN Heartbeats.
2021-12-08 16:19:12,839 [Listener at 127.0.0.1/42249] INFO  ozone.MiniOzoneClusterImpl (MiniOzoneClusterImpl.java:lambda$waitForClusterToBeReady$0(238)) - Waiting for cluster to exit safe mode
2021-12-08 16:19:12,839 [Listener at 127.0.0.1/42249] INFO  ozone.MiniOzoneClusterImpl (MiniOzoneClusterImpl.java:lambda$waitForClusterToBeReady$0(240)) - SCM became leader
2021-12-08 16:19:13,839 [Listener at 127.0.0.1/42249] INFO  ozone.MiniOzoneClusterImpl (MiniOzoneClusterImpl.java:lambda$waitForClusterToBeReady$0(235)) - Nodes are ready. Got 3 of 3 DN Heartbeats.
2021-12-08 16:19:13,839 [Listener at 127.0.0.1/42249] INFO  ozone.MiniOzoneClusterImpl (MiniOzoneClusterImpl.java:lambda$waitForClusterToBeReady$0(238)) - Waiting for cluster to exit safe mode
2021-12-08 16:19:13,839 [Listener at 127.0.0.1/42249] INFO  ozone.MiniOzoneClusterImpl (MiniOzoneClusterImpl.java:lambda$waitForClusterToBeReady$0(240)) - SCM became leader
2021-12-08 16:19:13,872 [Command processor thread] INFO  server.RaftServer (RaftServerProxy.java:addNew(95)) - c93cc91d-158f-4bbd-affd-12041f62a0d5: addNew group-539DAE66F782:[c93cc91d-158f-4bbd-affd-12041f62a0d5|rpc:10.1.0.47:38941|priority:1] returns group-539DAE66F782:java.util.concurrent.CompletableFuture@52d87127[Not completed]
2021-12-08 16:19:13,880 [pool-200-thread-1] INFO  server.RaftServer$Division (RaftServerImpl.java:<init>(184)) - c93cc91d-158f-4bbd-affd-12041f62a0d5: new RaftServerImpl for group-539DAE66F782:[c93cc91d-158f-4bbd-affd-12041f62a0d5|rpc:10.1.0.47:38941|priority:1] with ContainerStateMachine:uninitialized
2021-12-08 16:19:13,880 [pool-200-thread-1] INFO  server.RaftServerConfigKeys (ConfUtils.java:logGet(44)) - raft.server.rpc.timeout.min = 5s (custom)
2021-12-08 16:19:13,880 [pool-200-thread-1] INFO  server.RaftServerConfigKeys (ConfUtils.java:logGet(44)) - raft.server.rpc.timeout.max = 5200ms (custom)
2021-12-08 16:19:13,880 [pool-200-thread-1] INFO  server.RaftServerConfigKeys (ConfUtils.java:logGet(44)) - raft.server.rpc.sleep.time = 25ms (default)
2021-12-08 16:19:13,881 [pool-200-thread-1] INFO  server.RaftServerConfigKeys (ConfUtils.java:logGet(44)) - raft.server.rpc.slowness.timeout = 300s (custom)
2021-12-08 16:19:13,881 [pool-200-thread-1] INFO  server.RaftServerConfigKeys (ConfUtils.java:logGet(44)) - raft.server.leaderelection.leader.step-down.wait-time = 10s (default)
2021-12-08 16:19:13,881 [pool-200-thread-1] INFO  server.RaftServerConfigKeys (ConfUtils.java:logGet(44)) - raft.server.sleep.deviation.threshold = 300ms (default)
2021-12-08 16:19:13,881 [pool-200-thread-1] INFO  server.RaftServerConfigKeys (ConfUtils.java:logGet(44)) - raft.server.log.appender.install.snapshot.enabled = false (custom)
2021-12-08 16:19:13,881 [pool-200-thread-1] INFO  server.RaftServer$Division (ServerState.java:<init>(105)) - c93cc91d-158f-4bbd-affd-12041f62a0d5@group-539DAE66F782: ConfigurationManager, init=-1: [c93cc91d-158f-4bbd-affd-12041f62a0d5|rpc:10.1.0.47:38941|priority:1], old=null, confs=<EMPTY_MAP>
2021-12-08 16:19:13,881 [pool-200-thread-1] INFO  server.RaftServerConfigKeys (ConfUtils.java:logGet(44)) - raft.server.storage.dir = [/home/runner/work/ozone/ozone/hadoop-ozone/integration-test/target/test-dir/MiniOzoneClusterImpl-52fbfdab-5ffe-473a-8528-eacaa1fd0e12/datanode-0/data/ratis] (custom)
2021-12-08 16:19:13,881 [pool-200-thread-1] INFO  server.RaftServerConfigKeys (ConfUtils.java:logGet(44)) - raft.server.log.corruption.policy = EXCEPTION (default)
2021-12-08 16:19:13,881 [pool-200-thread-1] INFO  server.RaftServerConfigKeys (ConfUtils.java:logGet(44)) - raft.server.storage.free-space.min = 0MB (=0) (default)
2021-12-08 16:19:13,881 [pool-200-thread-1] INFO  storage.RaftStorageDirectory (RaftStorageDirectoryImpl.java:analyzeStorage(135)) - The storage directory /home/runner/work/ozone/ozone/hadoop-ozone/integration-test/target/test-dir/MiniOzoneClusterImpl-52fbfdab-5ffe-473a-8528-eacaa1fd0e12/datanode-0/data/ratis/80a635b9-d5f0-4776-8e85-539dae66f782 does not exist. Creating ...
2021-12-08 16:19:13,894 [pool-200-thread-1] INFO  storage.RaftStorageDirectory (RaftStorageDirectoryImpl.java:tryLock(230)) - Lock on /home/runner/work/ozone/ozone/hadoop-ozone/integration-test/target/test-dir/MiniOzoneClusterImpl-52fbfdab-5ffe-473a-8528-eacaa1fd0e12/datanode-0/data/ratis/80a635b9-d5f0-4776-8e85-539dae66f782/in_use.lock acquired by nodename 9760@fv-az59-681
2021-12-08 16:19:13,895 [pool-200-thread-1] INFO  storage.RaftStorage (RaftStorageImpl.java:format(89)) - Storage directory /home/runner/work/ozone/ozone/hadoop-ozone/integration-test/target/test-dir/MiniOzoneClusterImpl-52fbfdab-5ffe-473a-8528-eacaa1fd0e12/datanode-0/data/ratis/80a635b9-d5f0-4776-8e85-539dae66f782 has been successfully formatted.
2021-12-08 16:19:13,896 [pool-200-thread-1] INFO  ratis.ContainerStateMachine (ContainerStateMachine.java:loadSnapshot(231)) - group-539DAE66F782: The snapshot info is null. Setting the last applied indexto:(t:0, i:~)
2021-12-08 16:19:13,896 [pool-200-thread-1] INFO  server.RaftServerConfigKeys (ConfUtils.java:logGet(44)) - raft.server.notification.no-leader.timeout = 300s (custom)
2021-12-08 16:19:13,897 [pool-200-thread-1] INFO  server.RaftServerConfigKeys (ConfUtils.java:logGet(44)) - raft.server.log.use.memory = false (default)
2021-12-08 16:19:13,897 [pool-200-thread-1] INFO  server.RaftServerConfigKeys (ConfUtils.java:logGet(44)) - raft.server.log.purge.gap = 1000000 (custom)
2021-12-08 16:19:13,897 [pool-200-thread-1] INFO  server.RaftServerConfigKeys (ConfUtils.java:logGet(44)) - raft.server.log.appender.buffer.byte-limit = 33554432 (custom)
2021-12-08 16:19:13,897 [pool-200-thread-1] INFO  server.RaftServerConfigKeys (ConfUtils.java:logGet(44)) - raft.server.log.segment.size.max = 1048576 (custom)
2021-12-08 16:19:13,897 [pool-200-thread-1] INFO  server.RaftServerConfigKeys (ConfUtils.java:logGet(44)) - raft.server.log.segment.cache.num.max = 2 (custom)
2021-12-08 16:19:13,897 [pool-200-thread-1] INFO  server.RaftServerConfigKeys (ConfUtils.java:logGet(44)) - raft.server.log.segment.cache.size.max = 200MB (=209715200) (default)
2021-12-08 16:19:13,897 [pool-200-thread-1] INFO  segmented.SegmentedRaftLogWorker (SegmentedRaftLogWorker.java:<init>(182)) - new c93cc91d-158f-4bbd-affd-12041f62a0d5@group-539DAE66F782-SegmentedRaftLogWorker for RaftStorageImpl:Storage Directory /home/runner/work/ozone/ozone/hadoop-ozone/integration-test/target/test-dir/MiniOzoneClusterImpl-52fbfdab-5ffe-473a-8528-eacaa1fd0e12/datanode-0/data/ratis/80a635b9-d5f0-4776-8e85-539dae66f782
2021-12-08 16:19:13,897 [pool-200-thread-1] INFO  server.RaftServerConfigKeys (ConfUtils.java:logGet(44)) - raft.server.log.queue.byte-limit = 2147483647 (custom)
2021-12-08 16:19:13,897 [pool-200-thread-1] INFO  server.RaftServerConfigKeys (ConfUtils.java:logGet(44)) - raft.server.log.queue.element-limit = 1024 (custom)
2021-12-08 16:19:13,897 [pool-200-thread-1] INFO  server.RaftServerConfigKeys (ConfUtils.java:logGet(44)) - raft.server.log.segment.size.max = 1048576 (custom)
2021-12-08 16:19:13,897 [pool-200-thread-1] INFO  server.RaftServerConfigKeys (ConfUtils.java:logGet(44)) - raft.server.log.preallocated.size = 16384 (custom)
2021-12-08 16:19:13,898 [pool-200-thread-1] INFO  server.RaftServerConfigKeys (ConfUtils.java:logGet(44)) - raft.server.log.force.sync.num = 128 (default)
2021-12-08 16:19:13,898 [pool-200-thread-1] INFO  server.RaftServerConfigKeys (ConfUtils.java:logGet(44)) - raft.server.log.statemachine.data.sync = true (default)
2021-12-08 16:19:13,898 [pool-200-thread-1] INFO  server.RaftServerConfigKeys (ConfUtils.java:logGet(44)) - raft.server.log.statemachine.data.sync.timeout = 10s (default)
2021-12-08 16:19:13,898 [pool-200-thread-1] INFO  server.RaftServerConfigKeys (ConfUtils.java:logGet(44)) - raft.server.log.statemachine.data.sync.timeout.retry = -1 (default)
2021-12-08 16:19:13,898 [EventQueue-PipelineReportForPipelineReportHandler] INFO  pipeline.PipelineManagerImpl (PipelineManagerImpl.java:openPipeline(291)) - Pipeline Pipeline[ Id: 80a635b9-d5f0-4776-8e85-539dae66f782, Nodes: c93cc91d-158f-4bbd-affd-12041f62a0d5{ip: 10.1.0.47, host: fv-az59-681.csjynl4pkq3e1pkirw3ssqjfoh.cx.internal.cloudapp.net, ports: [REPLICATION=43507, RATIS=38941, RATIS_ADMIN=38941, RATIS_SERVER=38941, STANDALONE=36195], networkLocation: /default-rack, certSerialId: null, persistedOpState: IN_SERVICE, persistedOpStateExpiryEpochSec: 0}, ReplicationConfig: RATIS/ONE, State:ALLOCATED, leaderId:c93cc91d-158f-4bbd-affd-12041f62a0d5, CreationTimestamp2021-12-08T16:19:10.880Z[Etc/UTC]] moved to OPEN state
2021-12-08 16:19:13,906 [pool-200-thread-1] INFO  server.RaftServerConfigKeys (ConfUtils.java:logGet(44)) - raft.server.log.write.buffer.size = 1048576 (custom)
2021-12-08 16:19:13,907 [pool-200-thread-1] INFO  server.RaftServerConfigKeys (ConfUtils.java:logGet(44)) - raft.server.log.statemachine.data.caching.enabled = true (custom)
2021-12-08 16:19:13,907 [pool-200-thread-1] INFO  segmented.SegmentedRaftLogWorker (SegmentedRaftLogWorker.java:lambda$new$0(133)) - c93cc91d-158f-4bbd-affd-12041f62a0d5@group-539DAE66F782-SegmentedRaftLogWorker: flushIndex: setUnconditionally 0 -> -1
2021-12-08 16:19:13,907 [pool-200-thread-1] INFO  segmented.SegmentedRaftLogWorker (SegmentedRaftLogWorker.java:lambda$new$0(133)) - c93cc91d-158f-4bbd-affd-12041f62a0d5@group-539DAE66F782-SegmentedRaftLogWorker: safeCacheEvictIndex: setUnconditionally 0 -> -1
2021-12-08 16:19:13,911 [pool-200-thread-1] INFO  server.RaftServerConfigKeys (ConfUtils.java:logGet(44)) - raft.server.snapshot.auto.trigger.enabled = true (custom)
2021-12-08 16:19:13,911 [pool-200-thread-1] INFO  server.RaftServerConfigKeys (ConfUtils.java:logGet(44)) - raft.server.snapshot.auto.trigger.threshold = 10000 (custom)
2021-12-08 16:19:13,911 [pool-200-thread-1] INFO  server.RaftServerConfigKeys (ConfUtils.java:logGet(44)) - raft.server.snapshot.retention.file.num = 5 (custom)
2021-12-08 16:19:13,911 [pool-200-thread-1] INFO  server.RaftServerConfigKeys (ConfUtils.java:logGet(44)) - raft.server.log.purge.upto.snapshot.index = false (default)
2021-12-08 16:19:13,911 [pool-200-thread-1] INFO  server.RaftServerConfigKeys (ConfUtils.java:logGet(44)) - raft.server.retrycache.expirytime = 600000ms (custom)
2021-12-08 16:19:13,911 [pool-200-thread-1] INFO  server.RaftServerConfigKeys (ConfUtils.java:logGet(44)) - raft.server.retrycache.statistics.expirytime = 100μs (default)
2021-12-08 16:19:13,912 [pool-200-thread-1] INFO  server.RaftServer$Division (RaftServerImpl.java:start(301)) - c93cc91d-158f-4bbd-affd-12041f62a0d5@group-539DAE66F782: start as a follower, conf=-1: [c93cc91d-158f-4bbd-affd-12041f62a0d5|rpc:10.1.0.47:38941|priority:1], old=null
2021-12-08 16:19:13,915 [pool-200-thread-1] INFO  server.RaftServer$Division (RaftServerImpl.java:setRole(290)) - c93cc91d-158f-4bbd-affd-12041f62a0d5@group-539DAE66F782: changes role from      null to FOLLOWER at term 0 for startAsFollower
2021-12-08 16:19:13,915 [EventQueue-OpenPipelineForHealthyPipelineSafeModeRule] INFO  safemode.SCMSafeModeManager (HealthyPipelineSafeModeRule.java:process(124)) - SCM in safe mode. Healthy pipelines reported count is 0, required healthy pipeline reported count is 1
2021-12-08 16:19:13,927 [pool-200-thread-1] INFO  impl.RoleInfo (RoleInfo.java:updateAndGet(130)) - c93cc91d-158f-4bbd-affd-12041f62a0d5: start c93cc91d-158f-4bbd-affd-12041f62a0d5@group-539DAE66F782-FollowerState
2021-12-08 16:19:13,931 [pool-200-thread-1] INFO  util.JmxRegister (JmxRegister.java:tryRegister(44)) - Successfully registered JMX Bean with object name Ratis:service=RaftServer,group=group-539DAE66F782,id=c93cc91d-158f-4bbd-affd-12041f62a0d5
2021-12-08 16:19:13,935 [Command processor thread] INFO  ratis.XceiverServerRatis (XceiverServerRatis.java:addGroup(768)) - Created group PipelineID=80a635b9-d5f0-4776-8e85-539dae66f782
2021-12-08 16:19:13,935 [Command processor thread] INFO  commandhandler.CreatePipelineCommandHandler (CreatePipelineCommandHandler.java:handle(106)) - Created Pipeline RATIS ONE PipelineID=80a635b9-d5f0-4776-8e85-539dae66f782.
2021-12-08 16:19:13,935 [Command processor thread] INFO  server.RaftServer (RaftServerProxy.java:addNew(95)) - c93cc91d-158f-4bbd-affd-12041f62a0d5: addNew group-DFF0BB80C9DD:[c93cc91d-158f-4bbd-affd-12041f62a0d5|rpc:10.1.0.47:38941|priority:0, f4224ab0-cbd9-4206-a0cf-eead8be6075d|rpc:10.1.0.47:43145|priority:1, fa0680b8-425f-47f5-898a-3d606569156e|rpc:10.1.0.47:34705|priority:0] returns group-DFF0BB80C9DD:java.util.concurrent.CompletableFuture@56e7efa4[Not completed]
2021-12-08 16:19:13,938 [pool-200-thread-1] INFO  server.RaftServer$Division (RaftServerImpl.java:<init>(184)) - c93cc91d-158f-4bbd-affd-12041f62a0d5: new RaftServerImpl for group-DFF0BB80C9DD:[c93cc91d-158f-4bbd-affd-12041f62a0d5|rpc:10.1.0.47:38941|priority:0, f4224ab0-cbd9-4206-a0cf-eead8be6075d|rpc:10.1.0.47:43145|priority:1, fa0680b8-425f-47f5-898a-3d606569156e|rpc:10.1.0.47:34705|priority:0] with ContainerStateMachine:uninitialized
2021-12-08 16:19:13,938 [pool-200-thread-1] INFO  server.RaftServerConfigKeys (ConfUtils.java:logGet(44)) - raft.server.rpc.timeout.min = 5s (custom)
2021-12-08 16:19:13,938 [pool-200-thread-1] INFO  server.RaftServerConfigKeys (ConfUtils.java:logGet(44)) - raft.server.rpc.timeout.max = 5200ms (custom)
2021-12-08 16:19:13,938 [pool-200-thread-1] INFO  server.RaftServerConfigKeys (ConfUtils.java:logGet(44)) - raft.server.rpc.sleep.time = 25ms (default)
2021-12-08 16:19:13,938 [pool-200-thread-1] INFO  server.RaftServerConfigKeys (ConfUtils.java:logGet(44)) - raft.server.rpc.slowness.timeout = 300s (custom)
2021-12-08 16:19:13,938 [pool-200-thread-1] INFO  server.RaftServerConfigKeys (ConfUtils.java:logGet(44)) - raft.server.leaderelection.leader.step-down.wait-time = 10s (default)
2021-12-08 16:19:13,938 [pool-200-thread-1] INFO  server.RaftServerConfigKeys (ConfUtils.java:logGet(44)) - raft.server.sleep.deviation.threshold = 300ms (default)
2021-12-08 16:19:13,938 [pool-200-thread-1] INFO  server.RaftServerConfigKeys (ConfUtils.java:logGet(44)) - raft.server.log.appender.install.snapshot.enabled = false (custom)
2021-12-08 16:19:13,938 [pool-200-thread-1] INFO  server.RaftServer$Division (ServerState.java:<init>(105)) - c93cc91d-158f-4bbd-affd-12041f62a0d5@group-DFF0BB80C9DD: ConfigurationManager, init=-1: [c93cc91d-158f-4bbd-affd-12041f62a0d5|rpc:10.1.0.47:38941|priority:0, f4224ab0-cbd9-4206-a0cf-eead8be6075d|rpc:10.1.0.47:43145|priority:1, fa0680b8-425f-47f5-898a-3d606569156e|rpc:10.1.0.47:34705|priority:0], old=null, confs=<EMPTY_MAP>
2021-12-08 16:19:13,938 [pool-200-thread-1] INFO  server.RaftServerConfigKeys (ConfUtils.java:logGet(44)) - raft.server.storage.dir = [/home/runner/work/ozone/ozone/hadoop-ozone/integration-test/target/test-dir/MiniOzoneClusterImpl-52fbfdab-5ffe-473a-8528-eacaa1fd0e12/datanode-0/data/ratis] (custom)
2021-12-08 16:19:13,939 [pool-200-thread-1] INFO  server.RaftServerConfigKeys (ConfUtils.java:logGet(44)) - raft.server.log.corruption.policy = EXCEPTION (default)
2021-12-08 16:19:13,939 [pool-200-thread-1] INFO  server.RaftServerConfigKeys (ConfUtils.java:logGet(44)) - raft.server.storage.free-space.min = 0MB (=0) (default)
2021-12-08 16:19:13,939 [pool-200-thread-1] INFO  storage.RaftStorageDirectory (RaftStorageDirectoryImpl.java:analyzeStorage(135)) - The storage directory /home/runner/work/ozone/ozone/hadoop-ozone/integration-test/target/test-dir/MiniOzoneClusterImpl-52fbfdab-5ffe-473a-8528-eacaa1fd0e12/datanode-0/data/ratis/808f5cee-7d2f-4e00-bd74-dff0bb80c9dd does not exist. Creating ...
2021-12-08 16:19:13,947 [pool-200-thread-1] INFO  storage.RaftStorageDirectory (RaftStorageDirectoryImpl.java:tryLock(230)) - Lock on /home/runner/work/ozone/ozone/hadoop-ozone/integration-test/target/test-dir/MiniOzoneClusterImpl-52fbfdab-5ffe-473a-8528-eacaa1fd0e12/datanode-0/data/ratis/808f5cee-7d2f-4e00-bd74-dff0bb80c9dd/in_use.lock acquired by nodename 9760@fv-az59-681
2021-12-08 16:19:13,948 [pool-200-thread-1] INFO  storage.RaftStorage (RaftStorageImpl.java:format(89)) - Storage directory /home/runner/work/ozone/ozone/hadoop-ozone/integration-test/target/test-dir/MiniOzoneClusterImpl-52fbfdab-5ffe-473a-8528-eacaa1fd0e12/datanode-0/data/ratis/808f5cee-7d2f-4e00-bd74-dff0bb80c9dd has been successfully formatted.
2021-12-08 16:19:13,949 [pool-200-thread-1] INFO  ratis.ContainerStateMachine (ContainerStateMachine.java:loadSnapshot(231)) - group-DFF0BB80C9DD: The snapshot info is null. Setting the last applied indexto:(t:0, i:~)
2021-12-08 16:19:13,949 [EventQueue-OpenPipelineForHealthyPipelineSafeModeRule] INFO  safemode.SCMSafeModeManager (HealthyPipelineSafeModeRule.java:process(124)) - SCM in safe mode. Healthy pipelines reported count is 0, required healthy pipeline reported count is 1
2021-12-08 16:19:13,950 [pool-200-thread-1] INFO  server.RaftServerConfigKeys (ConfUtils.java:logGet(44)) - raft.server.notification.no-leader.timeout = 300s (custom)
2021-12-08 16:19:13,950 [pool-200-thread-1] INFO  server.RaftServerConfigKeys (ConfUtils.java:logGet(44)) - raft.server.log.use.memory = false (default)
2021-12-08 16:19:13,950 [pool-200-thread-1] INFO  server.RaftServerConfigKeys (ConfUtils.java:logGet(44)) - raft.server.log.purge.gap = 1000000 (custom)
2021-12-08 16:19:13,950 [pool-200-thread-1] INFO  server.RaftServerConfigKeys (ConfUtils.java:logGet(44)) - raft.server.log.appender.buffer.byte-limit = 33554432 (custom)
2021-12-08 16:19:13,950 [pool-200-thread-1] INFO  server.RaftServerConfigKeys (ConfUtils.java:logGet(44)) - raft.server.log.segment.size.max = 1048576 (custom)
2021-12-08 16:19:13,951 [pool-200-thread-1] INFO  server.RaftServerConfigKeys (ConfUtils.java:logGet(44)) - raft.server.log.segment.cache.num.max = 2 (custom)
2021-12-08 16:19:13,951 [pool-200-thread-1] INFO  server.RaftServerConfigKeys (ConfUtils.java:logGet(44)) - raft.server.log.segment.cache.size.max = 200MB (=209715200) (default)
2021-12-08 16:19:13,951 [pool-200-thread-1] INFO  segmented.SegmentedRaftLogWorker (SegmentedRaftLogWorker.java:<init>(182)) - new c93cc91d-158f-4bbd-affd-12041f62a0d5@group-DFF0BB80C9DD-SegmentedRaftLogWorker for RaftStorageImpl:Storage Directory /home/runner/work/ozone/ozone/hadoop-ozone/integration-test/target/test-dir/MiniOzoneClusterImpl-52fbfdab-5ffe-473a-8528-eacaa1fd0e12/datanode-0/data/ratis/808f5cee-7d2f-4e00-bd74-dff0bb80c9dd
2021-12-08 16:19:13,951 [pool-200-thread-1] INFO  server.RaftServerConfigKeys (ConfUtils.java:logGet(44)) - raft.server.log.queue.byte-limit = 2147483647 (custom)
2021-12-08 16:19:13,951 [pool-200-thread-1] INFO  server.RaftServerConfigKeys (ConfUtils.java:logGet(44)) - raft.server.log.queue.element-limit = 1024 (custom)
2021-12-08 16:19:13,951 [pool-200-thread-1] INFO  server.RaftServerConfigKeys (ConfUtils.java:logGet(44)) - raft.server.log.segment.size.max = 1048576 (custom)
2021-12-08 16:19:13,951 [pool-200-thread-1] INFO  server.RaftServerConfigKeys (ConfUtils.java:logGet(44)) - raft.server.log.preallocated.size = 16384 (custom)
2021-12-08 16:19:13,951 [pool-200-thread-1] INFO  server.RaftServerConfigKeys (ConfUtils.java:logGet(44)) - raft.server.log.force.sync.num = 128 (default)
2021-12-08 16:19:13,951 [pool-200-thread-1] INFO  server.RaftServerConfigKeys (ConfUtils.java:logGet(44)) - raft.server.log.statemachine.data.sync = true (default)
2021-12-08 16:19:13,951 [pool-200-thread-1] INFO  server.RaftServerConfigKeys (ConfUtils.java:logGet(44)) - raft.server.log.statemachine.data.sync.timeout = 10s (default)
2021-12-08 16:19:13,951 [pool-200-thread-1] INFO  server.RaftServerConfigKeys (ConfUtils.java:logGet(44)) - raft.server.log.statemachine.data.sync.timeout.retry = -1 (default)
2021-12-08 16:19:13,952 [pool-200-thread-1] INFO  server.RaftServerConfigKeys (ConfUtils.java:logGet(44)) - raft.server.log.write.buffer.size = 1048576 (custom)
2021-12-08 16:19:13,953 [pool-200-thread-1] INFO  server.RaftServerConfigKeys (ConfUtils.java:logGet(44)) - raft.server.log.statemachine.data.caching.enabled = true (custom)
2021-12-08 16:19:13,953 [pool-200-thread-1] INFO  segmented.SegmentedRaftLogWorker (SegmentedRaftLogWorker.java:lambda$new$0(133)) - c93cc91d-158f-4bbd-affd-12041f62a0d5@group-DFF0BB80C9DD-SegmentedRaftLogWorker: flushIndex: setUnconditionally 0 -> -1
2021-12-08 16:19:13,953 [pool-200-thread-1] INFO  segmented.SegmentedRaftLogWorker (SegmentedRaftLogWorker.java:lambda$new$0(133)) - c93cc91d-158f-4bbd-affd-12041f62a0d5@group-DFF0BB80C9DD-SegmentedRaftLogWorker: safeCacheEvictIndex: setUnconditionally 0 -> -1
2021-12-08 16:19:13,962 [pool-200-thread-1] INFO  server.RaftServerConfigKeys (ConfUtils.java:logGet(44)) - raft.server.snapshot.auto.trigger.enabled = true (custom)
2021-12-08 16:19:13,963 [pool-200-thread-1] INFO  server.RaftServerConfigKeys (ConfUtils.java:logGet(44)) - raft.server.snapshot.auto.trigger.threshold = 10000 (custom)
2021-12-08 16:19:13,963 [pool-200-thread-1] INFO  server.RaftServerConfigKeys (ConfUtils.java:logGet(44)) - raft.server.snapshot.retention.file.num = 5 (custom)
2021-12-08 16:19:13,963 [pool-200-thread-1] INFO  server.RaftServerConfigKeys (ConfUtils.java:logGet(44)) - raft.server.log.purge.upto.snapshot.index = false (default)
2021-12-08 16:19:13,963 [pool-200-thread-1] INFO  server.RaftServerConfigKeys (ConfUtils.java:logGet(44)) - raft.server.retrycache.expirytime = 600000ms (custom)
2021-12-08 16:19:13,963 [pool-200-thread-1] INFO  server.RaftServerConfigKeys (ConfUtils.java:logGet(44)) - raft.server.retrycache.statistics.expirytime = 100μs (default)
2021-12-08 16:19:13,964 [pool-200-thread-1] INFO  server.RaftServer$Division (RaftServerImpl.java:start(301)) - c93cc91d-158f-4bbd-affd-12041f62a0d5@group-DFF0BB80C9DD: start as a follower, conf=-1: [c93cc91d-158f-4bbd-affd-12041f62a0d5|rpc:10.1.0.47:38941|priority:0, f4224ab0-cbd9-4206-a0cf-eead8be6075d|rpc:10.1.0.47:43145|priority:1, fa0680b8-425f-47f5-898a-3d606569156e|rpc:10.1.0.47:34705|priority:0], old=null
2021-12-08 16:19:13,964 [pool-200-thread-1] INFO  server.RaftServer$Division (RaftServerImpl.java:setRole(290)) - c93cc91d-158f-4bbd-affd-12041f62a0d5@group-DFF0BB80C9DD: changes role from      null to FOLLOWER at term 0 for startAsFollower
2021-12-08 16:19:13,964 [pool-200-thread-1] INFO  impl.RoleInfo (RoleInfo.java:updateAndGet(130)) - c93cc91d-158f-4bbd-affd-12041f62a0d5: start c93cc91d-158f-4bbd-affd-12041f62a0d5@group-DFF0BB80C9DD-FollowerState
2021-12-08 16:19:13,966 [pool-200-thread-1] INFO  util.JmxRegister (JmxRegister.java:tryRegister(44)) - Successfully registered JMX Bean with object name Ratis:service=RaftServer,group=group-DFF0BB80C9DD,id=c93cc91d-158f-4bbd-affd-12041f62a0d5
2021-12-08 16:19:13,975 [Command processor thread] INFO  ratis.XceiverServerRatis (XceiverServerRatis.java:addGroup(768)) - Created group PipelineID=808f5cee-7d2f-4e00-bd74-dff0bb80c9dd
2021-12-08 16:19:14,012 [grpc-default-executor-0] INFO  server.RaftServer (RaftServerProxy.java:addNew(95)) - fa0680b8-425f-47f5-898a-3d606569156e: addNew group-DFF0BB80C9DD:[c93cc91d-158f-4bbd-affd-12041f62a0d5|rpc:10.1.0.47:38941|dataStream:|priority:0, f4224ab0-cbd9-4206-a0cf-eead8be6075d|rpc:10.1.0.47:43145|dataStream:|priority:1, fa0680b8-425f-47f5-898a-3d606569156e|rpc:10.1.0.47:34705|dataStream:|priority:0] returns group-DFF0BB80C9DD:java.util.concurrent.CompletableFuture@5702276d[Not completed]
2021-12-08 16:19:14,023 [pool-221-thread-1] INFO  server.RaftServer$Division (RaftServerImpl.java:<init>(184)) - fa0680b8-425f-47f5-898a-3d606569156e: new RaftServerImpl for group-DFF0BB80C9DD:[c93cc91d-158f-4bbd-affd-12041f62a0d5|rpc:10.1.0.47:38941|dataStream:|priority:0, f4224ab0-cbd9-4206-a0cf-eead8be6075d|rpc:10.1.0.47:43145|dataStream:|priority:1, fa0680b8-425f-47f5-898a-3d606569156e|rpc:10.1.0.47:34705|dataStream:|priority:0] with ContainerStateMachine:uninitialized
2021-12-08 16:19:14,031 [pool-221-thread-1] INFO  server.RaftServerConfigKeys (ConfUtils.java:logGet(44)) - raft.server.rpc.timeout.min = 5s (custom)
2021-12-08 16:19:14,031 [pool-221-thread-1] INFO  server.RaftServerConfigKeys (ConfUtils.java:logGet(44)) - raft.server.rpc.timeout.max = 5200ms (custom)
2021-12-08 16:19:14,031 [pool-221-thread-1] INFO  server.RaftServerConfigKeys (ConfUtils.java:logGet(44)) - raft.server.rpc.sleep.time = 25ms (default)
2021-12-08 16:19:14,031 [pool-221-thread-1] INFO  server.RaftServerConfigKeys (ConfUtils.java:logGet(44)) - raft.server.rpc.slowness.timeout = 300s (custom)
2021-12-08 16:19:14,031 [pool-221-thread-1] INFO  server.RaftServerConfigKeys (ConfUtils.java:logGet(44)) - raft.server.leaderelection.leader.step-down.wait-time = 10s (default)
2021-12-08 16:19:14,031 [pool-221-thread-1] INFO  server.RaftServerConfigKeys (ConfUtils.java:logGet(44)) - raft.server.sleep.deviation.threshold = 300ms (default)
2021-12-08 16:19:14,031 [pool-221-thread-1] INFO  server.RaftServerConfigKeys (ConfUtils.java:logGet(44)) - raft.server.log.appender.install.snapshot.enabled = false (custom)
2021-12-08 16:19:14,031 [pool-221-thread-1] INFO  server.RaftServer$Division (ServerState.java:<init>(105)) - fa0680b8-425f-47f5-898a-3d606569156e@group-DFF0BB80C9DD: ConfigurationManager, init=-1: [c93cc91d-158f-4bbd-affd-12041f62a0d5|rpc:10.1.0.47:38941|dataStream:|priority:0, f4224ab0-cbd9-4206-a0cf-eead8be6075d|rpc:10.1.0.47:43145|dataStream:|priority:1, fa0680b8-425f-47f5-898a-3d606569156e|rpc:10.1.0.47:34705|dataStream:|priority:0], old=null, confs=<EMPTY_MAP>
2021-12-08 16:19:14,031 [pool-221-thread-1] INFO  server.RaftServerConfigKeys (ConfUtils.java:logGet(44)) - raft.server.storage.dir = [/home/runner/work/ozone/ozone/hadoop-ozone/integration-test/target/test-dir/MiniOzoneClusterImpl-52fbfdab-5ffe-473a-8528-eacaa1fd0e12/datanode-1/data/ratis] (custom)
2021-12-08 16:19:14,031 [pool-221-thread-1] INFO  server.RaftServerConfigKeys (ConfUtils.java:logGet(44)) - raft.server.log.corruption.policy = EXCEPTION (default)
2021-12-08 16:19:14,031 [pool-221-thread-1] INFO  server.RaftServerConfigKeys (ConfUtils.java:logGet(44)) - raft.server.storage.free-space.min = 0MB (=0) (default)
2021-12-08 16:19:14,032 [pool-221-thread-1] INFO  storage.RaftStorageDirectory (RaftStorageDirectoryImpl.java:analyzeStorage(135)) - The storage directory /home/runner/work/ozone/ozone/hadoop-ozone/integration-test/target/test-dir/MiniOzoneClusterImpl-52fbfdab-5ffe-473a-8528-eacaa1fd0e12/datanode-1/data/ratis/808f5cee-7d2f-4e00-bd74-dff0bb80c9dd does not exist. Creating ...
2021-12-08 16:19:14,033 [pool-221-thread-1] INFO  storage.RaftStorageDirectory (RaftStorageDirectoryImpl.java:tryLock(230)) - Lock on /home/runner/work/ozone/ozone/hadoop-ozone/integration-test/target/test-dir/MiniOzoneClusterImpl-52fbfdab-5ffe-473a-8528-eacaa1fd0e12/datanode-1/data/ratis/808f5cee-7d2f-4e00-bd74-dff0bb80c9dd/in_use.lock acquired by nodename 9760@fv-az59-681
2021-12-08 16:19:14,033 [pool-221-thread-1] INFO  storage.RaftStorage (RaftStorageImpl.java:format(89)) - Storage directory /home/runner/work/ozone/ozone/hadoop-ozone/integration-test/target/test-dir/MiniOzoneClusterImpl-52fbfdab-5ffe-473a-8528-eacaa1fd0e12/datanode-1/data/ratis/808f5cee-7d2f-4e00-bd74-dff0bb80c9dd has been successfully formatted.
2021-12-08 16:19:14,034 [pool-221-thread-1] INFO  ratis.ContainerStateMachine (ContainerStateMachine.java:loadSnapshot(231)) - group-DFF0BB80C9DD: The snapshot info is null. Setting the last applied indexto:(t:0, i:~)
2021-12-08 16:19:14,035 [pool-221-thread-1] INFO  server.RaftServerConfigKeys (ConfUtils.java:logGet(44)) - raft.server.notification.no-leader.timeout = 300s (custom)
2021-12-08 16:19:14,037 [pool-221-thread-1] INFO  server.RaftServerConfigKeys (ConfUtils.java:logGet(44)) - raft.server.log.use.memory = false (default)
2021-12-08 16:19:14,037 [pool-221-thread-1] INFO  server.RaftServerConfigKeys (ConfUtils.java:logGet(44)) - raft.server.log.purge.gap = 1000000 (custom)
2021-12-08 16:19:14,037 [pool-221-thread-1] INFO  server.RaftServerConfigKeys (ConfUtils.java:logGet(44)) - raft.server.log.appender.buffer.byte-limit = 33554432 (custom)
2021-12-08 16:19:14,037 [pool-221-thread-1] INFO  server.RaftServerConfigKeys (ConfUtils.java:logGet(44)) - raft.server.log.segment.size.max = 1048576 (custom)
2021-12-08 16:19:14,038 [pool-221-thread-1] INFO  server.RaftServerConfigKeys (ConfUtils.java:logGet(44)) - raft.server.log.segment.cache.num.max = 2 (custom)
2021-12-08 16:19:14,038 [pool-221-thread-1] INFO  server.RaftServerConfigKeys (ConfUtils.java:logGet(44)) - raft.server.log.segment.cache.size.max = 200MB (=209715200) (default)
2021-12-08 16:19:14,038 [pool-221-thread-1] INFO  segmented.SegmentedRaftLogWorker (SegmentedRaftLogWorker.java:<init>(182)) - new fa0680b8-425f-47f5-898a-3d606569156e@group-DFF0BB80C9DD-SegmentedRaftLogWorker for RaftStorageImpl:Storage Directory /home/runner/work/ozone/ozone/hadoop-ozone/integration-test/target/test-dir/MiniOzoneClusterImpl-52fbfdab-5ffe-473a-8528-eacaa1fd0e12/datanode-1/data/ratis/808f5cee-7d2f-4e00-bd74-dff0bb80c9dd
2021-12-08 16:19:14,038 [pool-221-thread-1] INFO  server.RaftServerConfigKeys (ConfUtils.java:logGet(44)) - raft.server.log.queue.byte-limit = 2147483647 (custom)
2021-12-08 16:19:14,038 [pool-221-thread-1] INFO  server.RaftServerConfigKeys (ConfUtils.java:logGet(44)) - raft.server.log.queue.element-limit = 1024 (custom)
2021-12-08 16:19:14,038 [pool-221-thread-1] INFO  server.RaftServerConfigKeys (ConfUtils.java:logGet(44)) - raft.server.log.segment.size.max = 1048576 (custom)
2021-12-08 16:19:14,038 [pool-221-thread-1] INFO  server.RaftServerConfigKeys (ConfUtils.java:logGet(44)) - raft.server.log.preallocated.size = 16384 (custom)
2021-12-08 16:19:14,038 [pool-221-thread-1] INFO  server.RaftServerConfigKeys (ConfUtils.java:logGet(44)) - raft.server.log.force.sync.num = 128 (default)
2021-12-08 16:19:14,038 [pool-221-thread-1] INFO  server.RaftServerConfigKeys (ConfUtils.java:logGet(44)) - raft.server.log.statemachine.data.sync = true (default)
2021-12-08 16:19:14,038 [pool-221-thread-1] INFO  server.RaftServerConfigKeys (ConfUtils.java:logGet(44)) - raft.server.log.statemachine.data.sync.timeout = 10s (default)
2021-12-08 16:19:14,039 [pool-221-thread-1] INFO  server.RaftServerConfigKeys (ConfUtils.java:logGet(44)) - raft.server.log.statemachine.data.sync.timeout.retry = -1 (default)
2021-12-08 16:19:14,039 [pool-221-thread-1] INFO  server.RaftServerConfigKeys (ConfUtils.java:logGet(44)) - raft.server.log.write.buffer.size = 1048576 (custom)
2021-12-08 16:19:14,040 [pool-221-thread-1] INFO  server.RaftServerConfigKeys (ConfUtils.java:logGet(44)) - raft.server.log.statemachine.data.caching.enabled = true (custom)
2021-12-08 16:19:14,040 [pool-221-thread-1] INFO  segmented.SegmentedRaftLogWorker (SegmentedRaftLogWorker.java:lambda$new$0(133)) - fa0680b8-425f-47f5-898a-3d606569156e@group-DFF0BB80C9DD-SegmentedRaftLogWorker: flushIndex: setUnconditionally 0 -> -1
2021-12-08 16:19:14,040 [pool-221-thread-1] INFO  segmented.SegmentedRaftLogWorker (SegmentedRaftLogWorker.java:lambda$new$0(133)) - fa0680b8-425f-47f5-898a-3d606569156e@group-DFF0BB80C9DD-SegmentedRaftLogWorker: safeCacheEvictIndex: setUnconditionally 0 -> -1
2021-12-08 16:19:14,040 [pool-221-thread-1] INFO  server.RaftServerConfigKeys (ConfUtils.java:logGet(44)) - raft.server.snapshot.auto.trigger.enabled = true (custom)
2021-12-08 16:19:14,040 [pool-221-thread-1] INFO  server.RaftServerConfigKeys (ConfUtils.java:logGet(44)) - raft.server.snapshot.auto.trigger.threshold = 10000 (custom)
2021-12-08 16:19:14,040 [pool-221-thread-1] INFO  server.RaftServerConfigKeys (ConfUtils.java:logGet(44)) - raft.server.snapshot.retention.file.num = 5 (custom)
2021-12-08 16:19:14,040 [pool-221-thread-1] INFO  server.RaftServerConfigKeys (ConfUtils.java:logGet(44)) - raft.server.log.purge.upto.snapshot.index = false (default)
2021-12-08 16:19:14,040 [pool-221-thread-1] INFO  server.RaftServerConfigKeys (ConfUtils.java:logGet(44)) - raft.server.retrycache.expirytime = 600000ms (custom)
2021-12-08 16:19:14,040 [pool-221-thread-1] INFO  server.RaftServerConfigKeys (ConfUtils.java:logGet(44)) - raft.server.retrycache.statistics.expirytime = 100μs (default)
2021-12-08 16:19:14,041 [pool-221-thread-1] INFO  server.RaftServer$Division (RaftServerImpl.java:start(301)) - fa0680b8-425f-47f5-898a-3d606569156e@group-DFF0BB80C9DD: start as a follower, conf=-1: [c93cc91d-158f-4bbd-affd-12041f62a0d5|rpc:10.1.0.47:38941|dataStream:|priority:0, f4224ab0-cbd9-4206-a0cf-eead8be6075d|rpc:10.1.0.47:43145|dataStream:|priority:1, fa0680b8-425f-47f5-898a-3d606569156e|rpc:10.1.0.47:34705|dataStream:|priority:0], old=null
2021-12-08 16:19:14,041 [pool-221-thread-1] INFO  server.RaftServer$Division (RaftServerImpl.java:setRole(290)) - fa0680b8-425f-47f5-898a-3d606569156e@group-DFF0BB80C9DD: changes role from      null to FOLLOWER at term 0 for startAsFollower
2021-12-08 16:19:14,041 [pool-221-thread-1] INFO  impl.RoleInfo (RoleInfo.java:updateAndGet(130)) - fa0680b8-425f-47f5-898a-3d606569156e: start fa0680b8-425f-47f5-898a-3d606569156e@group-DFF0BB80C9DD-FollowerState
2021-12-08 16:19:14,042 [pool-221-thread-1] INFO  util.JmxRegister (JmxRegister.java:tryRegister(44)) - Successfully registered JMX Bean with object name Ratis:service=RaftServer,group=group-DFF0BB80C9DD,id=fa0680b8-425f-47f5-898a-3d606569156e
2021-12-08 16:19:14,108 [grpc-default-executor-0] INFO  server.RaftServer (RaftServerProxy.java:addNew(95)) - f4224ab0-cbd9-4206-a0cf-eead8be6075d: addNew group-DFF0BB80C9DD:[c93cc91d-158f-4bbd-affd-12041f62a0d5|rpc:10.1.0.47:38941|dataStream:|priority:0, f4224ab0-cbd9-4206-a0cf-eead8be6075d|rpc:10.1.0.47:43145|dataStream:|priority:1, fa0680b8-425f-47f5-898a-3d606569156e|rpc:10.1.0.47:34705|dataStream:|priority:0] returns group-DFF0BB80C9DD:java.util.concurrent.CompletableFuture@2911b403[Not completed]
2021-12-08 16:19:14,123 [pool-242-thread-1] INFO  server.RaftServer$Division (RaftServerImpl.java:<init>(184)) - f4224ab0-cbd9-4206-a0cf-eead8be6075d: new RaftServerImpl for group-DFF0BB80C9DD:[c93cc91d-158f-4bbd-affd-12041f62a0d5|rpc:10.1.0.47:38941|dataStream:|priority:0, f4224ab0-cbd9-4206-a0cf-eead8be6075d|rpc:10.1.0.47:43145|dataStream:|priority:1, fa0680b8-425f-47f5-898a-3d606569156e|rpc:10.1.0.47:34705|dataStream:|priority:0] with ContainerStateMachine:uninitialized
2021-12-08 16:19:14,131 [pool-242-thread-1] INFO  server.RaftServerConfigKeys (ConfUtils.java:logGet(44)) - raft.server.rpc.timeout.min = 5s (custom)
2021-12-08 16:19:14,131 [pool-242-thread-1] INFO  server.RaftServerConfigKeys (ConfUtils.java:logGet(44)) - raft.server.rpc.timeout.max = 5200ms (custom)
2021-12-08 16:19:14,131 [pool-242-thread-1] INFO  server.RaftServerConfigKeys (ConfUtils.java:logGet(44)) - raft.server.rpc.sleep.time = 25ms (default)
2021-12-08 16:19:14,131 [pool-242-thread-1] INFO  server.RaftServerConfigKeys (ConfUtils.java:logGet(44)) - raft.server.rpc.slowness.timeout = 300s (custom)
2021-12-08 16:19:14,131 [pool-242-thread-1] INFO  server.RaftServerConfigKeys (ConfUtils.java:logGet(44)) - raft.server.leaderelection.leader.step-down.wait-time = 10s (default)
2021-12-08 16:19:14,131 [pool-242-thread-1] INFO  server.RaftServerConfigKeys (ConfUtils.java:logGet(44)) - raft.server.sleep.deviation.threshold = 300ms (default)
2021-12-08 16:19:14,131 [pool-242-thread-1] INFO  server.RaftServerConfigKeys (ConfUtils.java:logGet(44)) - raft.server.log.appender.install.snapshot.enabled = false (custom)
2021-12-08 16:19:14,131 [pool-242-thread-1] INFO  server.RaftServer$Division (ServerState.java:<init>(105)) - f4224ab0-cbd9-4206-a0cf-eead8be6075d@group-DFF0BB80C9DD: ConfigurationManager, init=-1: [c93cc91d-158f-4bbd-affd-12041f62a0d5|rpc:10.1.0.47:38941|dataStream:|priority:0, f4224ab0-cbd9-4206-a0cf-eead8be6075d|rpc:10.1.0.47:43145|dataStream:|priority:1, fa0680b8-425f-47f5-898a-3d606569156e|rpc:10.1.0.47:34705|dataStream:|priority:0], old=null, confs=<EMPTY_MAP>
2021-12-08 16:19:14,131 [pool-242-thread-1] INFO  server.RaftServerConfigKeys (ConfUtils.java:logGet(44)) - raft.server.storage.dir = [/home/runner/work/ozone/ozone/hadoop-ozone/integration-test/target/test-dir/MiniOzoneClusterImpl-52fbfdab-5ffe-473a-8528-eacaa1fd0e12/datanode-2/data/ratis] (custom)
2021-12-08 16:19:14,131 [pool-242-thread-1] INFO  server.RaftServerConfigKeys (ConfUtils.java:logGet(44)) - raft.server.log.corruption.policy = EXCEPTION (default)
2021-12-08 16:19:14,131 [pool-242-thread-1] INFO  server.RaftServerConfigKeys (ConfUtils.java:logGet(44)) - raft.server.storage.free-space.min = 0MB (=0) (default)
2021-12-08 16:19:14,131 [pool-242-thread-1] INFO  storage.RaftStorageDirectory (RaftStorageDirectoryImpl.java:analyzeStorage(135)) - The storage directory /home/runner/work/ozone/ozone/hadoop-ozone/integration-test/target/test-dir/MiniOzoneClusterImpl-52fbfdab-5ffe-473a-8528-eacaa1fd0e12/datanode-2/data/ratis/808f5cee-7d2f-4e00-bd74-dff0bb80c9dd does not exist. Creating ...
2021-12-08 16:19:14,132 [pool-242-thread-1] INFO  storage.RaftStorageDirectory (RaftStorageDirectoryImpl.java:tryLock(230)) - Lock on /home/runner/work/ozone/ozone/hadoop-ozone/integration-test/target/test-dir/MiniOzoneClusterImpl-52fbfdab-5ffe-473a-8528-eacaa1fd0e12/datanode-2/data/ratis/808f5cee-7d2f-4e00-bd74-dff0bb80c9dd/in_use.lock acquired by nodename 9760@fv-az59-681
2021-12-08 16:19:14,133 [pool-242-thread-1] INFO  storage.RaftStorage (RaftStorageImpl.java:format(89)) - Storage directory /home/runner/work/ozone/ozone/hadoop-ozone/integration-test/target/test-dir/MiniOzoneClusterImpl-52fbfdab-5ffe-473a-8528-eacaa1fd0e12/datanode-2/data/ratis/808f5cee-7d2f-4e00-bd74-dff0bb80c9dd has been successfully formatted.
2021-12-08 16:19:14,134 [pool-242-thread-1] INFO  ratis.ContainerStateMachine (ContainerStateMachine.java:loadSnapshot(231)) - group-DFF0BB80C9DD: The snapshot info is null. Setting the last applied indexto:(t:0, i:~)
2021-12-08 16:19:14,134 [pool-242-thread-1] INFO  server.RaftServerConfigKeys (ConfUtils.java:logGet(44)) - raft.server.notification.no-leader.timeout = 300s (custom)
2021-12-08 16:19:14,134 [pool-242-thread-1] INFO  server.RaftServerConfigKeys (ConfUtils.java:logGet(44)) - raft.server.log.use.memory = false (default)
2021-12-08 16:19:14,134 [pool-242-thread-1] INFO  server.RaftServerConfigKeys (ConfUtils.java:logGet(44)) - raft.server.log.purge.gap = 1000000 (custom)
2021-12-08 16:19:14,134 [pool-242-thread-1] INFO  server.RaftServerConfigKeys (ConfUtils.java:logGet(44)) - raft.server.log.appender.buffer.byte-limit = 33554432 (custom)
2021-12-08 16:19:14,134 [pool-242-thread-1] INFO  server.RaftServerConfigKeys (ConfUtils.java:logGet(44)) - raft.server.log.segment.size.max = 1048576 (custom)
2021-12-08 16:19:14,141 [pool-242-thread-1] INFO  server.RaftServerConfigKeys (ConfUtils.java:logGet(44)) - raft.server.log.segment.cache.num.max = 2 (custom)
2021-12-08 16:19:14,141 [pool-242-thread-1] INFO  server.RaftServerConfigKeys (ConfUtils.java:logGet(44)) - raft.server.log.segment.cache.size.max = 200MB (=209715200) (default)
2021-12-08 16:19:14,141 [pool-242-thread-1] INFO  segmented.SegmentedRaftLogWorker (SegmentedRaftLogWorker.java:<init>(182)) - new f4224ab0-cbd9-4206-a0cf-eead8be6075d@group-DFF0BB80C9DD-SegmentedRaftLogWorker for RaftStorageImpl:Storage Directory /home/runner/work/ozone/ozone/hadoop-ozone/integration-test/target/test-dir/MiniOzoneClusterImpl-52fbfdab-5ffe-473a-8528-eacaa1fd0e12/datanode-2/data/ratis/808f5cee-7d2f-4e00-bd74-dff0bb80c9dd
2021-12-08 16:19:14,141 [pool-242-thread-1] INFO  server.RaftServerConfigKeys (ConfUtils.java:logGet(44)) - raft.server.log.queue.byte-limit = 2147483647 (custom)
2021-12-08 16:19:14,141 [pool-242-thread-1] INFO  server.RaftServerConfigKeys (ConfUtils.java:logGet(44)) - raft.server.log.queue.element-limit = 1024 (custom)
2021-12-08 16:19:14,141 [pool-242-thread-1] INFO  server.RaftServerConfigKeys (ConfUtils.java:logGet(44)) - raft.server.log.segment.size.max = 1048576 (custom)
2021-12-08 16:19:14,141 [pool-242-thread-1] INFO  server.RaftServerConfigKeys (ConfUtils.java:logGet(44)) - raft.server.log.preallocated.size = 16384 (custom)
2021-12-08 16:19:14,141 [pool-242-thread-1] INFO  server.RaftServerConfigKeys (ConfUtils.java:logGet(44)) - raft.server.log.force.sync.num = 128 (default)
2021-12-08 16:19:14,141 [pool-242-thread-1] INFO  server.RaftServerConfigKeys (ConfUtils.java:logGet(44)) - raft.server.log.statemachine.data.sync = true (default)
2021-12-08 16:19:14,141 [pool-242-thread-1] INFO  server.RaftServerConfigKeys (ConfUtils.java:logGet(44)) - raft.server.log.statemachine.data.sync.timeout = 10s (default)
2021-12-08 16:19:14,141 [pool-242-thread-1] INFO  server.RaftServerConfigKeys (ConfUtils.java:logGet(44)) - raft.server.log.statemachine.data.sync.timeout.retry = -1 (default)
2021-12-08 16:19:14,142 [pool-242-thread-1] INFO  server.RaftServerConfigKeys (ConfUtils.java:logGet(44)) - raft.server.log.write.buffer.size = 1048576 (custom)
2021-12-08 16:19:14,143 [pool-242-thread-1] INFO  server.RaftServerConfigKeys (ConfUtils.java:logGet(44)) - raft.server.log.statemachine.data.caching.enabled = true (custom)
2021-12-08 16:19:14,143 [pool-242-thread-1] INFO  segmented.SegmentedRaftLogWorker (SegmentedRaftLogWorker.java:lambda$new$0(133)) - f4224ab0-cbd9-4206-a0cf-eead8be6075d@group-DFF0BB80C9DD-SegmentedRaftLogWorker: flushIndex: setUnconditionally 0 -> -1
2021-12-08 16:19:14,143 [pool-242-thread-1] INFO  segmented.SegmentedRaftLogWorker (SegmentedRaftLogWorker.java:lambda$new$0(133)) - f4224ab0-cbd9-4206-a0cf-eead8be6075d@group-DFF0BB80C9DD-SegmentedRaftLogWorker: safeCacheEvictIndex: setUnconditionally 0 -> -1
2021-12-08 16:19:14,147 [pool-242-thread-1] INFO  server.RaftServerConfigKeys (ConfUtils.java:logGet(44)) - raft.server.snapshot.auto.trigger.enabled = true (custom)
2021-12-08 16:19:14,147 [pool-242-thread-1] INFO  server.RaftServerConfigKeys (ConfUtils.java:logGet(44)) - raft.server.snapshot.auto.trigger.threshold = 10000 (custom)
2021-12-08 16:19:14,147 [pool-242-thread-1] INFO  server.RaftServerConfigKeys (ConfUtils.java:logGet(44)) - raft.server.snapshot.retention.file.num = 5 (custom)
2021-12-08 16:19:14,147 [pool-242-thread-1] INFO  server.RaftServerConfigKeys (ConfUtils.java:logGet(44)) - raft.server.log.purge.upto.snapshot.index = false (default)
2021-12-08 16:19:14,147 [pool-242-thread-1] INFO  server.RaftServerConfigKeys (ConfUtils.java:logGet(44)) - raft.server.retrycache.expirytime = 600000ms (custom)
2021-12-08 16:19:14,147 [pool-242-thread-1] INFO  server.RaftServerConfigKeys (ConfUtils.java:logGet(44)) - raft.server.retrycache.statistics.expirytime = 100μs (default)
2021-12-08 16:19:14,148 [pool-242-thread-1] INFO  server.RaftServer$Division (RaftServerImpl.java:start(301)) - f4224ab0-cbd9-4206-a0cf-eead8be6075d@group-DFF0BB80C9DD: start as a follower, conf=-1: [c93cc91d-158f-4bbd-affd-12041f62a0d5|rpc:10.1.0.47:38941|dataStream:|priority:0, f4224ab0-cbd9-4206-a0cf-eead8be6075d|rpc:10.1.0.47:43145|dataStream:|priority:1, fa0680b8-425f-47f5-898a-3d606569156e|rpc:10.1.0.47:34705|dataStream:|priority:0], old=null
2021-12-08 16:19:14,157 [pool-242-thread-1] INFO  server.RaftServer$Division (RaftServerImpl.java:setRole(290)) - f4224ab0-cbd9-4206-a0cf-eead8be6075d@group-DFF0BB80C9DD: changes role from      null to FOLLOWER at term 0 for startAsFollower
2021-12-08 16:19:14,157 [pool-242-thread-1] INFO  impl.RoleInfo (RoleInfo.java:updateAndGet(130)) - f4224ab0-cbd9-4206-a0cf-eead8be6075d: start f4224ab0-cbd9-4206-a0cf-eead8be6075d@group-DFF0BB80C9DD-FollowerState
2021-12-08 16:19:14,165 [pool-242-thread-1] INFO  util.JmxRegister (JmxRegister.java:tryRegister(44)) - Successfully registered JMX Bean with object name Ratis:service=RaftServer,group=group-DFF0BB80C9DD,id=f4224ab0-cbd9-4206-a0cf-eead8be6075d
2021-12-08 16:19:14,199 [Command processor thread] INFO  commandhandler.CreatePipelineCommandHandler (CreatePipelineCommandHandler.java:handle(106)) - Created Pipeline RATIS THREE PipelineID=808f5cee-7d2f-4e00-bd74-dff0bb80c9dd.
2021-12-08 16:19:14,200 [Command processor thread] INFO  server.RaftServer (RaftServerProxy.java:addNew(95)) - c93cc91d-158f-4bbd-affd-12041f62a0d5: addNew group-4D1C0F2CAC41:[c93cc91d-158f-4bbd-affd-12041f62a0d5|rpc:10.1.0.47:38941|priority:0, f4224ab0-cbd9-4206-a0cf-eead8be6075d|rpc:10.1.0.47:43145|priority:0, fa0680b8-425f-47f5-898a-3d606569156e|rpc:10.1.0.47:34705|priority:1] returns group-4D1C0F2CAC41:java.util.concurrent.CompletableFuture@3badcb60[Not completed]
2021-12-08 16:19:14,200 [pool-200-thread-1] INFO  server.RaftServer$Division (RaftServerImpl.java:<init>(184)) - c93cc91d-158f-4bbd-affd-12041f62a0d5: new RaftServerImpl for group-4D1C0F2CAC41:[c93cc91d-158f-4bbd-affd-12041f62a0d5|rpc:10.1.0.47:38941|priority:0, f4224ab0-cbd9-4206-a0cf-eead8be6075d|rpc:10.1.0.47:43145|priority:0, fa0680b8-425f-47f5-898a-3d606569156e|rpc:10.1.0.47:34705|priority:1] with ContainerStateMachine:uninitialized
2021-12-08 16:19:14,201 [pool-200-thread-1] INFO  server.RaftServerConfigKeys (ConfUtils.java:logGet(44)) - raft.server.rpc.timeout.min = 5s (custom)
2021-12-08 16:19:14,201 [pool-200-thread-1] INFO  server.RaftServerConfigKeys (ConfUtils.java:logGet(44)) - raft.server.rpc.timeout.max = 5200ms (custom)
2021-12-08 16:19:14,201 [pool-200-thread-1] INFO  server.RaftServerConfigKeys (ConfUtils.java:logGet(44)) - raft.server.rpc.sleep.time = 25ms (default)
2021-12-08 16:19:14,201 [pool-200-thread-1] INFO  server.RaftServerConfigKeys (ConfUtils.java:logGet(44)) - raft.server.rpc.slowness.timeout = 300s (custom)
2021-12-08 16:19:14,201 [pool-200-thread-1] INFO  server.RaftServerConfigKeys (ConfUtils.java:logGet(44)) - raft.server.leaderelection.leader.step-down.wait-time = 10s (default)
2021-12-08 16:19:14,201 [pool-200-thread-1] INFO  server.RaftServerConfigKeys (ConfUtils.java:logGet(44)) - raft.server.sleep.deviation.threshold = 300ms (default)
2021-12-08 16:19:14,201 [pool-200-thread-1] INFO  server.RaftServerConfigKeys (ConfUtils.java:logGet(44)) - raft.server.log.appender.install.snapshot.enabled = false (custom)
2021-12-08 16:19:14,201 [pool-200-thread-1] INFO  server.RaftServer$Division (ServerState.java:<init>(105)) - c93cc91d-158f-4bbd-affd-12041f62a0d5@group-4D1C0F2CAC41: ConfigurationManager, init=-1: [c93cc91d-158f-4bbd-affd-12041f62a0d5|rpc:10.1.0.47:38941|priority:0, f4224ab0-cbd9-4206-a0cf-eead8be6075d|rpc:10.1.0.47:43145|priority:0, fa0680b8-425f-47f5-898a-3d606569156e|rpc:10.1.0.47:34705|priority:1], old=null, confs=<EMPTY_MAP>
2021-12-08 16:19:14,201 [pool-200-thread-1] INFO  server.RaftServerConfigKeys (ConfUtils.java:logGet(44)) - raft.server.storage.dir = [/home/runner/work/ozone/ozone/hadoop-ozone/integration-test/target/test-dir/MiniOzoneClusterImpl-52fbfdab-5ffe-473a-8528-eacaa1fd0e12/datanode-0/data/ratis] (custom)
2021-12-08 16:19:14,201 [pool-200-thread-1] INFO  server.RaftServerConfigKeys (ConfUtils.java:logGet(44)) - raft.server.log.corruption.policy = EXCEPTION (default)
2021-12-08 16:19:14,201 [pool-200-thread-1] INFO  server.RaftServerConfigKeys (ConfUtils.java:logGet(44)) - raft.server.storage.free-space.min = 0MB (=0) (default)
2021-12-08 16:19:14,201 [pool-200-thread-1] INFO  storage.RaftStorageDirectory (RaftStorageDirectoryImpl.java:analyzeStorage(135)) - The storage directory /home/runner/work/ozone/ozone/hadoop-ozone/integration-test/target/test-dir/MiniOzoneClusterImpl-52fbfdab-5ffe-473a-8528-eacaa1fd0e12/datanode-0/data/ratis/b84f50df-25f7-45c4-a520-4d1c0f2cac41 does not exist. Creating ...
2021-12-08 16:19:14,202 [pool-200-thread-1] INFO  storage.RaftStorageDirectory (RaftStorageDirectoryImpl.java:tryLock(230)) - Lock on /home/runner/work/ozone/ozone/hadoop-ozone/integration-test/target/test-dir/MiniOzoneClusterImpl-52fbfdab-5ffe-473a-8528-eacaa1fd0e12/datanode-0/data/ratis/b84f50df-25f7-45c4-a520-4d1c0f2cac41/in_use.lock acquired by nodename 9760@fv-az59-681
2021-12-08 16:19:14,203 [pool-200-thread-1] INFO  storage.RaftStorage (RaftStorageImpl.java:format(89)) - Storage directory /home/runner/work/ozone/ozone/hadoop-ozone/integration-test/target/test-dir/MiniOzoneClusterImpl-52fbfdab-5ffe-473a-8528-eacaa1fd0e12/datanode-0/data/ratis/b84f50df-25f7-45c4-a520-4d1c0f2cac41 has been successfully formatted.
2021-12-08 16:19:14,204 [pool-200-thread-1] INFO  ratis.ContainerStateMachine (ContainerStateMachine.java:loadSnapshot(231)) - group-4D1C0F2CAC41: The snapshot info is null. Setting the last applied indexto:(t:0, i:~)
2021-12-08 16:19:14,204 [pool-200-thread-1] INFO  server.RaftServerConfigKeys (ConfUtils.java:logGet(44)) - raft.server.notification.no-leader.timeout = 300s (custom)
2021-12-08 16:19:14,204 [pool-200-thread-1] INFO  server.RaftServerConfigKeys (ConfUtils.java:logGet(44)) - raft.server.log.use.memory = false (default)
2021-12-08 16:19:14,204 [pool-200-thread-1] INFO  server.RaftServerConfigKeys (ConfUtils.java:logGet(44)) - raft.server.log.purge.gap = 1000000 (custom)
2021-12-08 16:19:14,205 [pool-200-thread-1] INFO  server.RaftServerConfigKeys (ConfUtils.java:logGet(44)) - raft.server.log.appender.buffer.byte-limit = 33554432 (custom)
2021-12-08 16:19:14,205 [pool-200-thread-1] INFO  server.RaftServerConfigKeys (ConfUtils.java:logGet(44)) - raft.server.log.segment.size.max = 1048576 (custom)
2021-12-08 16:19:14,205 [pool-200-thread-1] INFO  server.RaftServerConfigKeys (ConfUtils.java:logGet(44)) - raft.server.log.segment.cache.num.max = 2 (custom)
2021-12-08 16:19:14,205 [pool-200-thread-1] INFO  server.RaftServerConfigKeys (ConfUtils.java:logGet(44)) - raft.server.log.segment.cache.size.max = 200MB (=209715200) (default)
2021-12-08 16:19:14,205 [pool-200-thread-1] INFO  segmented.SegmentedRaftLogWorker (SegmentedRaftLogWorker.java:<init>(182)) - new c93cc91d-158f-4bbd-affd-12041f62a0d5@group-4D1C0F2CAC41-SegmentedRaftLogWorker for RaftStorageImpl:Storage Directory /home/runner/work/ozone/ozone/hadoop-ozone/integration-test/target/test-dir/MiniOzoneClusterImpl-52fbfdab-5ffe-473a-8528-eacaa1fd0e12/datanode-0/data/ratis/b84f50df-25f7-45c4-a520-4d1c0f2cac41
2021-12-08 16:19:14,206 [pool-200-thread-1] INFO  server.RaftServerConfigKeys (ConfUtils.java:logGet(44)) - raft.server.log.queue.byte-limit = 2147483647 (custom)
2021-12-08 16:19:14,206 [EventQueue-OpenPipelineForHealthyPipelineSafeModeRule] INFO  safemode.SCMSafeModeManager (HealthyPipelineSafeModeRule.java:process(124)) - SCM in safe mode. Healthy pipelines reported count is 0, required healthy pipeline reported count is 1
2021-12-08 16:19:14,206 [pool-200-thread-1] INFO  server.RaftServerConfigKeys (ConfUtils.java:logGet(44)) - raft.server.log.queue.element-limit = 1024 (custom)
2021-12-08 16:19:14,211 [pool-200-thread-1] INFO  server.RaftServerConfigKeys (ConfUtils.java:logGet(44)) - raft.server.log.segment.size.max = 1048576 (custom)
2021-12-08 16:19:14,211 [pool-200-thread-1] INFO  server.RaftServerConfigKeys (ConfUtils.java:logGet(44)) - raft.server.log.preallocated.size = 16384 (custom)
2021-12-08 16:19:14,211 [pool-200-thread-1] INFO  server.RaftServerConfigKeys (ConfUtils.java:logGet(44)) - raft.server.log.force.sync.num = 128 (default)
2021-12-08 16:19:14,211 [pool-200-thread-1] INFO  server.RaftServerConfigKeys (ConfUtils.java:logGet(44)) - raft.server.log.statemachine.data.sync = true (default)
2021-12-08 16:19:14,211 [pool-200-thread-1] INFO  server.RaftServerConfigKeys (ConfUtils.java:logGet(44)) - raft.server.log.statemachine.data.sync.timeout = 10s (default)
2021-12-08 16:19:14,211 [pool-200-thread-1] INFO  server.RaftServerConfigKeys (ConfUtils.java:logGet(44)) - raft.server.log.statemachine.data.sync.timeout.retry = -1 (default)
2021-12-08 16:19:14,212 [pool-200-thread-1] INFO  server.RaftServerConfigKeys (ConfUtils.java:logGet(44)) - raft.server.log.write.buffer.size = 1048576 (custom)
2021-12-08 16:19:14,212 [pool-200-thread-1] INFO  server.RaftServerConfigKeys (ConfUtils.java:logGet(44)) - raft.server.log.statemachine.data.caching.enabled = true (custom)
2021-12-08 16:19:14,213 [pool-200-thread-1] INFO  segmented.SegmentedRaftLogWorker (SegmentedRaftLogWorker.java:lambda$new$0(133)) - c93cc91d-158f-4bbd-affd-12041f62a0d5@group-4D1C0F2CAC41-SegmentedRaftLogWorker: flushIndex: setUnconditionally 0 -> -1
2021-12-08 16:19:14,213 [pool-200-thread-1] INFO  segmented.SegmentedRaftLogWorker (SegmentedRaftLogWorker.java:lambda$new$0(133)) - c93cc91d-158f-4bbd-affd-12041f62a0d5@group-4D1C0F2CAC41-SegmentedRaftLogWorker: safeCacheEvictIndex: setUnconditionally 0 -> -1
2021-12-08 16:19:14,219 [pool-200-thread-1] INFO  server.RaftServerConfigKeys (ConfUtils.java:logGet(44)) - raft.server.snapshot.auto.trigger.enabled = true (custom)
2021-12-08 16:19:14,219 [pool-200-thread-1] INFO  server.RaftServerConfigKeys (ConfUtils.java:logGet(44)) - raft.server.snapshot.auto.trigger.threshold = 10000 (custom)
2021-12-08 16:19:14,219 [pool-200-thread-1] INFO  server.RaftServerConfigKeys (ConfUtils.java:logGet(44)) - raft.server.snapshot.retention.file.num = 5 (custom)
2021-12-08 16:19:14,219 [pool-200-thread-1] INFO  server.RaftServerConfigKeys (ConfUtils.java:logGet(44)) - raft.server.log.purge.upto.snapshot.index = false (default)
2021-12-08 16:19:14,219 [pool-200-thread-1] INFO  server.RaftServerConfigKeys (ConfUtils.java:logGet(44)) - raft.server.retrycache.expirytime = 600000ms (custom)
2021-12-08 16:19:14,219 [pool-200-thread-1] INFO  server.RaftServerConfigKeys (ConfUtils.java:logGet(44)) - raft.server.retrycache.statistics.expirytime = 100μs (default)
2021-12-08 16:19:14,220 [pool-200-thread-1] INFO  server.RaftServer$Division (RaftServerImpl.java:start(301)) - c93cc91d-158f-4bbd-affd-12041f62a0d5@group-4D1C0F2CAC41: start as a follower, conf=-1: [c93cc91d-158f-4bbd-affd-12041f62a0d5|rpc:10.1.0.47:38941|priority:0, f4224ab0-cbd9-4206-a0cf-eead8be6075d|rpc:10.1.0.47:43145|priority:0, fa0680b8-425f-47f5-898a-3d606569156e|rpc:10.1.0.47:34705|priority:1], old=null
2021-12-08 16:19:14,220 [pool-200-thread-1] INFO  server.RaftServer$Division (RaftServerImpl.java:setRole(290)) - c93cc91d-158f-4bbd-affd-12041f62a0d5@group-4D1C0F2CAC41: changes role from      null to FOLLOWER at term 0 for startAsFollower
2021-12-08 16:19:14,220 [pool-200-thread-1] INFO  impl.RoleInfo (RoleInfo.java:updateAndGet(130)) - c93cc91d-158f-4bbd-affd-12041f62a0d5: start c93cc91d-158f-4bbd-affd-12041f62a0d5@group-4D1C0F2CAC41-FollowerState
2021-12-08 16:19:14,220 [pool-200-thread-1] INFO  util.JmxRegister (JmxRegister.java:tryRegister(44)) - Successfully registered JMX Bean with object name Ratis:service=RaftServer,group=group-4D1C0F2CAC41,id=c93cc91d-158f-4bbd-affd-12041f62a0d5
2021-12-08 16:19:14,227 [Command processor thread] INFO  ratis.XceiverServerRatis (XceiverServerRatis.java:addGroup(768)) - Created group PipelineID=b84f50df-25f7-45c4-a520-4d1c0f2cac41
2021-12-08 16:19:14,238 [grpc-default-executor-0] INFO  server.RaftServer (RaftServerProxy.java:addNew(95)) - fa0680b8-425f-47f5-898a-3d606569156e: addNew group-4D1C0F2CAC41:[c93cc91d-158f-4bbd-affd-12041f62a0d5|rpc:10.1.0.47:38941|dataStream:|priority:0, f4224ab0-cbd9-4206-a0cf-eead8be6075d|rpc:10.1.0.47:43145|dataStream:|priority:0, fa0680b8-425f-47f5-898a-3d606569156e|rpc:10.1.0.47:34705|dataStream:|priority:1] returns group-4D1C0F2CAC41:java.util.concurrent.CompletableFuture@6482c797[Not completed]
2021-12-08 16:19:14,239 [pool-221-thread-1] INFO  server.RaftServer$Division (RaftServerImpl.java:<init>(184)) - fa0680b8-425f-47f5-898a-3d606569156e: new RaftServerImpl for group-4D1C0F2CAC41:[c93cc91d-158f-4bbd-affd-12041f62a0d5|rpc:10.1.0.47:38941|dataStream:|priority:0, f4224ab0-cbd9-4206-a0cf-eead8be6075d|rpc:10.1.0.47:43145|dataStream:|priority:0, fa0680b8-425f-47f5-898a-3d606569156e|rpc:10.1.0.47:34705|dataStream:|priority:1] with ContainerStateMachine:uninitialized
2021-12-08 16:19:14,239 [pool-221-thread-1] INFO  server.RaftServerConfigKeys (ConfUtils.java:logGet(44)) - raft.server.rpc.timeout.min = 5s (custom)
2021-12-08 16:19:14,239 [pool-221-thread-1] INFO  server.RaftServerConfigKeys (ConfUtils.java:logGet(44)) - raft.server.rpc.timeout.max = 5200ms (custom)
2021-12-08 16:19:14,239 [pool-221-thread-1] INFO  server.RaftServerConfigKeys (ConfUtils.java:logGet(44)) - raft.server.rpc.sleep.time = 25ms (default)
2021-12-08 16:19:14,239 [pool-221-thread-1] INFO  server.RaftServerConfigKeys (ConfUtils.java:logGet(44)) - raft.server.rpc.slowness.timeout = 300s (custom)
2021-12-08 16:19:14,239 [pool-221-thread-1] INFO  server.RaftServerConfigKeys (ConfUtils.java:logGet(44)) - raft.server.leaderelection.leader.step-down.wait-time = 10s (default)
2021-12-08 16:19:14,239 [pool-221-thread-1] INFO  server.RaftServerConfigKeys (ConfUtils.java:logGet(44)) - raft.server.sleep.deviation.threshold = 300ms (default)
2021-12-08 16:19:14,239 [pool-221-thread-1] INFO  server.RaftServerConfigKeys (ConfUtils.java:logGet(44)) - raft.server.log.appender.install.snapshot.enabled = false (custom)
2021-12-08 16:19:14,239 [pool-221-thread-1] INFO  server.RaftServer$Division (ServerState.java:<init>(105)) - fa0680b8-425f-47f5-898a-3d606569156e@group-4D1C0F2CAC41: ConfigurationManager, init=-1: [c93cc91d-158f-4bbd-affd-12041f62a0d5|rpc:10.1.0.47:38941|dataStream:|priority:0, f4224ab0-cbd9-4206-a0cf-eead8be6075d|rpc:10.1.0.47:43145|dataStream:|priority:0, fa0680b8-425f-47f5-898a-3d606569156e|rpc:10.1.0.47:34705|dataStream:|priority:1], old=null, confs=<EMPTY_MAP>
2021-12-08 16:19:14,239 [pool-221-thread-1] INFO  server.RaftServerConfigKeys (ConfUtils.java:logGet(44)) - raft.server.storage.dir = [/home/runner/work/ozone/ozone/hadoop-ozone/integration-test/target/test-dir/MiniOzoneClusterImpl-52fbfdab-5ffe-473a-8528-eacaa1fd0e12/datanode-1/data/ratis] (custom)
2021-12-08 16:19:14,239 [pool-221-thread-1] INFO  server.RaftServerConfigKeys (ConfUtils.java:logGet(44)) - raft.server.log.corruption.policy = EXCEPTION (default)
2021-12-08 16:19:14,239 [pool-221-thread-1] INFO  server.RaftServerConfigKeys (ConfUtils.java:logGet(44)) - raft.server.storage.free-space.min = 0MB (=0) (default)
2021-12-08 16:19:14,239 [pool-221-thread-1] INFO  storage.RaftStorageDirectory (RaftStorageDirectoryImpl.java:analyzeStorage(135)) - The storage directory /home/runner/work/ozone/ozone/hadoop-ozone/integration-test/target/test-dir/MiniOzoneClusterImpl-52fbfdab-5ffe-473a-8528-eacaa1fd0e12/datanode-1/data/ratis/b84f50df-25f7-45c4-a520-4d1c0f2cac41 does not exist. Creating ...
2021-12-08 16:19:14,240 [pool-221-thread-1] INFO  storage.RaftStorageDirectory (RaftStorageDirectoryImpl.java:tryLock(230)) - Lock on /home/runner/work/ozone/ozone/hadoop-ozone/integration-test/target/test-dir/MiniOzoneClusterImpl-52fbfdab-5ffe-473a-8528-eacaa1fd0e12/datanode-1/data/ratis/b84f50df-25f7-45c4-a520-4d1c0f2cac41/in_use.lock acquired by nodename 9760@fv-az59-681
2021-12-08 16:19:14,241 [pool-221-thread-1] INFO  storage.RaftStorage (RaftStorageImpl.java:format(89)) - Storage directory /home/runner/work/ozone/ozone/hadoop-ozone/integration-test/target/test-dir/MiniOzoneClusterImpl-52fbfdab-5ffe-473a-8528-eacaa1fd0e12/datanode-1/data/ratis/b84f50df-25f7-45c4-a520-4d1c0f2cac41 has been successfully formatted.
2021-12-08 16:19:14,244 [pool-221-thread-1] INFO  ratis.ContainerStateMachine (ContainerStateMachine.java:loadSnapshot(231)) - group-4D1C0F2CAC41: The snapshot info is null. Setting the last applied indexto:(t:0, i:~)
2021-12-08 16:19:14,244 [pool-221-thread-1] INFO  server.RaftServerConfigKeys (ConfUtils.java:logGet(44)) - raft.server.notification.no-leader.timeout = 300s (custom)
2021-12-08 16:19:14,244 [pool-221-thread-1] INFO  server.RaftServerConfigKeys (ConfUtils.java:logGet(44)) - raft.server.log.use.memory = false (default)
2021-12-08 16:19:14,244 [pool-221-thread-1] INFO  server.RaftServerConfigKeys (ConfUtils.java:logGet(44)) - raft.server.log.purge.gap = 1000000 (custom)
2021-12-08 16:19:14,244 [pool-221-thread-1] INFO  server.RaftServerConfigKeys (ConfUtils.java:logGet(44)) - raft.server.log.appender.buffer.byte-limit = 33554432 (custom)
2021-12-08 16:19:14,244 [pool-221-thread-1] INFO  server.RaftServerConfigKeys (ConfUtils.java:logGet(44)) - raft.server.log.segment.size.max = 1048576 (custom)
2021-12-08 16:19:14,245 [pool-221-thread-1] INFO  server.RaftServerConfigKeys (ConfUtils.java:logGet(44)) - raft.server.log.segment.cache.num.max = 2 (custom)
2021-12-08 16:19:14,245 [pool-221-thread-1] INFO  server.RaftServerConfigKeys (ConfUtils.java:logGet(44)) - raft.server.log.segment.cache.size.max = 200MB (=209715200) (default)
2021-12-08 16:19:14,245 [pool-221-thread-1] INFO  segmented.SegmentedRaftLogWorker (SegmentedRaftLogWorker.java:<init>(182)) - new fa0680b8-425f-47f5-898a-3d606569156e@group-4D1C0F2CAC41-SegmentedRaftLogWorker for RaftStorageImpl:Storage Directory /home/runner/work/ozone/ozone/hadoop-ozone/integration-test/target/test-dir/MiniOzoneClusterImpl-52fbfdab-5ffe-473a-8528-eacaa1fd0e12/datanode-1/data/ratis/b84f50df-25f7-45c4-a520-4d1c0f2cac41
2021-12-08 16:19:14,245 [pool-221-thread-1] INFO  server.RaftServerConfigKeys (ConfUtils.java:logGet(44)) - raft.server.log.queue.byte-limit = 2147483647 (custom)
2021-12-08 16:19:14,245 [pool-221-thread-1] INFO  server.RaftServerConfigKeys (ConfUtils.java:logGet(44)) - raft.server.log.queue.element-limit = 1024 (custom)
2021-12-08 16:19:14,245 [pool-221-thread-1] INFO  server.RaftServerConfigKeys (ConfUtils.java:logGet(44)) - raft.server.log.segment.size.max = 1048576 (custom)
2021-12-08 16:19:14,245 [pool-221-thread-1] INFO  server.RaftServerConfigKeys (ConfUtils.java:logGet(44)) - raft.server.log.preallocated.size = 16384 (custom)
2021-12-08 16:19:14,245 [pool-221-thread-1] INFO  server.RaftServerConfigKeys (ConfUtils.java:logGet(44)) - raft.server.log.force.sync.num = 128 (default)
2021-12-08 16:19:14,245 [pool-221-thread-1] INFO  server.RaftServerConfigKeys (ConfUtils.java:logGet(44)) - raft.server.log.statemachine.data.sync = true (default)
2021-12-08 16:19:14,245 [pool-221-thread-1] INFO  server.RaftServerConfigKeys (ConfUtils.java:logGet(44)) - raft.server.log.statemachine.data.sync.timeout = 10s (default)
2021-12-08 16:19:14,245 [pool-221-thread-1] INFO  server.RaftServerConfigKeys (ConfUtils.java:logGet(44)) - raft.server.log.statemachine.data.sync.timeout.retry = -1 (default)
2021-12-08 16:19:14,246 [pool-221-thread-1] INFO  server.RaftServerConfigKeys (ConfUtils.java:logGet(44)) - raft.server.log.write.buffer.size = 1048576 (custom)
2021-12-08 16:19:14,246 [pool-221-thread-1] INFO  server.RaftServerConfigKeys (ConfUtils.java:logGet(44)) - raft.server.log.statemachine.data.caching.enabled = true (custom)
2021-12-08 16:19:14,246 [pool-221-thread-1] INFO  segmented.SegmentedRaftLogWorker (SegmentedRaftLogWorker.java:lambda$new$0(133)) - fa0680b8-425f-47f5-898a-3d606569156e@group-4D1C0F2CAC41-SegmentedRaftLogWorker: flushIndex: setUnconditionally 0 -> -1
2021-12-08 16:19:14,246 [pool-221-thread-1] INFO  segmented.SegmentedRaftLogWorker (SegmentedRaftLogWorker.java:lambda$new$0(133)) - fa0680b8-425f-47f5-898a-3d606569156e@group-4D1C0F2CAC41-SegmentedRaftLogWorker: safeCacheEvictIndex: setUnconditionally 0 -> -1
2021-12-08 16:19:14,255 [pool-221-thread-1] INFO  server.RaftServerConfigKeys (ConfUtils.java:logGet(44)) - raft.server.snapshot.auto.trigger.enabled = true (custom)
2021-12-08 16:19:14,255 [pool-221-thread-1] INFO  server.RaftServerConfigKeys (ConfUtils.java:logGet(44)) - raft.server.snapshot.auto.trigger.threshold = 10000 (custom)
2021-12-08 16:19:14,255 [pool-221-thread-1] INFO  server.RaftServerConfigKeys (ConfUtils.java:logGet(44)) - raft.server.snapshot.retention.file.num = 5 (custom)
2021-12-08 16:19:14,255 [pool-221-thread-1] INFO  server.RaftServerConfigKeys (ConfUtils.java:logGet(44)) - raft.server.log.purge.upto.snapshot.index = false (default)
2021-12-08 16:19:14,255 [pool-221-thread-1] INFO  server.RaftServerConfigKeys (ConfUtils.java:logGet(44)) - raft.server.retrycache.expirytime = 600000ms (custom)
2021-12-08 16:19:14,255 [pool-221-thread-1] INFO  server.RaftServerConfigKeys (ConfUtils.java:logGet(44)) - raft.server.retrycache.statistics.expirytime = 100μs (default)
2021-12-08 16:19:14,256 [pool-221-thread-1] INFO  server.RaftServer$Division (RaftServerImpl.java:start(301)) - fa0680b8-425f-47f5-898a-3d606569156e@group-4D1C0F2CAC41: start as a follower, conf=-1: [c93cc91d-158f-4bbd-affd-12041f62a0d5|rpc:10.1.0.47:38941|dataStream:|priority:0, f4224ab0-cbd9-4206-a0cf-eead8be6075d|rpc:10.1.0.47:43145|dataStream:|priority:0, fa0680b8-425f-47f5-898a-3d606569156e|rpc:10.1.0.47:34705|dataStream:|priority:1], old=null
2021-12-08 16:19:14,257 [pool-221-thread-1] INFO  server.RaftServer$Division (RaftServerImpl.java:setRole(290)) - fa0680b8-425f-47f5-898a-3d606569156e@group-4D1C0F2CAC41: changes role from      null to FOLLOWER at term 0 for startAsFollower
2021-12-08 16:19:14,257 [pool-221-thread-1] INFO  impl.RoleInfo (RoleInfo.java:updateAndGet(130)) - fa0680b8-425f-47f5-898a-3d606569156e: start fa0680b8-425f-47f5-898a-3d606569156e@group-4D1C0F2CAC41-FollowerState
2021-12-08 16:19:14,265 [pool-221-thread-1] INFO  util.JmxRegister (JmxRegister.java:tryRegister(44)) - Successfully registered JMX Bean with object name Ratis:service=RaftServer,group=group-4D1C0F2CAC41,id=fa0680b8-425f-47f5-898a-3d606569156e
2021-12-08 16:19:14,298 [grpc-default-executor-0] INFO  server.RaftServer (RaftServerProxy.java:addNew(95)) - f4224ab0-cbd9-4206-a0cf-eead8be6075d: addNew group-4D1C0F2CAC41:[c93cc91d-158f-4bbd-affd-12041f62a0d5|rpc:10.1.0.47:38941|dataStream:|priority:0, f4224ab0-cbd9-4206-a0cf-eead8be6075d|rpc:10.1.0.47:43145|dataStream:|priority:0, fa0680b8-425f-47f5-898a-3d606569156e|rpc:10.1.0.47:34705|dataStream:|priority:1] returns group-4D1C0F2CAC41:java.util.concurrent.CompletableFuture@467c6eda[Not completed]
2021-12-08 16:19:14,307 [pool-242-thread-1] INFO  server.RaftServer$Division (RaftServerImpl.java:<init>(184)) - f4224ab0-cbd9-4206-a0cf-eead8be6075d: new RaftServerImpl for group-4D1C0F2CAC41:[c93cc91d-158f-4bbd-affd-12041f62a0d5|rpc:10.1.0.47:38941|dataStream:|priority:0, f4224ab0-cbd9-4206-a0cf-eead8be6075d|rpc:10.1.0.47:43145|dataStream:|priority:0, fa0680b8-425f-47f5-898a-3d606569156e|rpc:10.1.0.47:34705|dataStream:|priority:1] with ContainerStateMachine:uninitialized
2021-12-08 16:19:14,307 [pool-242-thread-1] INFO  server.RaftServerConfigKeys (ConfUtils.java:logGet(44)) - raft.server.rpc.timeout.min = 5s (custom)
2021-12-08 16:19:14,307 [pool-242-thread-1] INFO  server.RaftServerConfigKeys (ConfUtils.java:logGet(44)) - raft.server.rpc.timeout.max = 5200ms (custom)
2021-12-08 16:19:14,307 [pool-242-thread-1] INFO  server.RaftServerConfigKeys (ConfUtils.java:logGet(44)) - raft.server.rpc.sleep.time = 25ms (default)
2021-12-08 16:19:14,307 [pool-242-thread-1] INFO  server.RaftServerConfigKeys (ConfUtils.java:logGet(44)) - raft.server.rpc.slowness.timeout = 300s (custom)
2021-12-08 16:19:14,307 [pool-242-thread-1] INFO  server.RaftServerConfigKeys (ConfUtils.java:logGet(44)) - raft.server.leaderelection.leader.step-down.wait-time = 10s (default)
2021-12-08 16:19:14,307 [pool-242-thread-1] INFO  server.RaftServerConfigKeys (ConfUtils.java:logGet(44)) - raft.server.sleep.deviation.threshold = 300ms (default)
2021-12-08 16:19:14,307 [pool-242-thread-1] INFO  server.RaftServerConfigKeys (ConfUtils.java:logGet(44)) - raft.server.log.appender.install.snapshot.enabled = false (custom)
2021-12-08 16:19:14,307 [pool-242-thread-1] INFO  server.RaftServer$Division (ServerState.java:<init>(105)) - f4224ab0-cbd9-4206-a0cf-eead8be6075d@group-4D1C0F2CAC41: ConfigurationManager, init=-1: [c93cc91d-158f-4bbd-affd-12041f62a0d5|rpc:10.1.0.47:38941|dataStream:|priority:0, f4224ab0-cbd9-4206-a0cf-eead8be6075d|rpc:10.1.0.47:43145|dataStream:|priority:0, fa0680b8-425f-47f5-898a-3d606569156e|rpc:10.1.0.47:34705|dataStream:|priority:1], old=null, confs=<EMPTY_MAP>
2021-12-08 16:19:14,307 [pool-242-thread-1] INFO  server.RaftServerConfigKeys (ConfUtils.java:logGet(44)) - raft.server.storage.dir = [/home/runner/work/ozone/ozone/hadoop-ozone/integration-test/target/test-dir/MiniOzoneClusterImpl-52fbfdab-5ffe-473a-8528-eacaa1fd0e12/datanode-2/data/ratis] (custom)
2021-12-08 16:19:14,308 [pool-242-thread-1] INFO  server.RaftServerConfigKeys (ConfUtils.java:logGet(44)) - raft.server.log.corruption.policy = EXCEPTION (default)
2021-12-08 16:19:14,308 [pool-242-thread-1] INFO  server.RaftServerConfigKeys (ConfUtils.java:logGet(44)) - raft.server.storage.free-space.min = 0MB (=0) (default)
2021-12-08 16:19:14,308 [pool-242-thread-1] INFO  storage.RaftStorageDirectory (RaftStorageDirectoryImpl.java:analyzeStorage(135)) - The storage directory /home/runner/work/ozone/ozone/hadoop-ozone/integration-test/target/test-dir/MiniOzoneClusterImpl-52fbfdab-5ffe-473a-8528-eacaa1fd0e12/datanode-2/data/ratis/b84f50df-25f7-45c4-a520-4d1c0f2cac41 does not exist. Creating ...
2021-12-08 16:19:14,309 [pool-242-thread-1] INFO  storage.RaftStorageDirectory (RaftStorageDirectoryImpl.java:tryLock(230)) - Lock on /home/runner/work/ozone/ozone/hadoop-ozone/integration-test/target/test-dir/MiniOzoneClusterImpl-52fbfdab-5ffe-473a-8528-eacaa1fd0e12/datanode-2/data/ratis/b84f50df-25f7-45c4-a520-4d1c0f2cac41/in_use.lock acquired by nodename 9760@fv-az59-681
2021-12-08 16:19:14,310 [pool-242-thread-1] INFO  storage.RaftStorage (RaftStorageImpl.java:format(89)) - Storage directory /home/runner/work/ozone/ozone/hadoop-ozone/integration-test/target/test-dir/MiniOzoneClusterImpl-52fbfdab-5ffe-473a-8528-eacaa1fd0e12/datanode-2/data/ratis/b84f50df-25f7-45c4-a520-4d1c0f2cac41 has been successfully formatted.
2021-12-08 16:19:14,310 [pool-242-thread-1] INFO  ratis.ContainerStateMachine (ContainerStateMachine.java:loadSnapshot(231)) - group-4D1C0F2CAC41: The snapshot info is null. Setting the last applied indexto:(t:0, i:~)
2021-12-08 16:19:14,310 [pool-242-thread-1] INFO  server.RaftServerConfigKeys (ConfUtils.java:logGet(44)) - raft.server.notification.no-leader.timeout = 300s (custom)
2021-12-08 16:19:14,310 [pool-242-thread-1] INFO  server.RaftServerConfigKeys (ConfUtils.java:logGet(44)) - raft.server.log.use.memory = false (default)
2021-12-08 16:19:14,310 [pool-242-thread-1] INFO  server.RaftServerConfigKeys (ConfUtils.java:logGet(44)) - raft.server.log.purge.gap = 1000000 (custom)
2021-12-08 16:19:14,310 [pool-242-thread-1] INFO  server.RaftServerConfigKeys (ConfUtils.java:logGet(44)) - raft.server.log.appender.buffer.byte-limit = 33554432 (custom)
2021-12-08 16:19:14,310 [pool-242-thread-1] INFO  server.RaftServerConfigKeys (ConfUtils.java:logGet(44)) - raft.server.log.segment.size.max = 1048576 (custom)
2021-12-08 16:19:14,311 [pool-242-thread-1] INFO  server.RaftServerConfigKeys (ConfUtils.java:logGet(44)) - raft.server.log.segment.cache.num.max = 2 (custom)
2021-12-08 16:19:14,311 [pool-242-thread-1] INFO  server.RaftServerConfigKeys (ConfUtils.java:logGet(44)) - raft.server.log.segment.cache.size.max = 200MB (=209715200) (default)
2021-12-08 16:19:14,311 [pool-242-thread-1] INFO  segmented.SegmentedRaftLogWorker (SegmentedRaftLogWorker.java:<init>(182)) - new f4224ab0-cbd9-4206-a0cf-eead8be6075d@group-4D1C0F2CAC41-SegmentedRaftLogWorker for RaftStorageImpl:Storage Directory /home/runner/work/ozone/ozone/hadoop-ozone/integration-test/target/test-dir/MiniOzoneClusterImpl-52fbfdab-5ffe-473a-8528-eacaa1fd0e12/datanode-2/data/ratis/b84f50df-25f7-45c4-a520-4d1c0f2cac41
2021-12-08 16:19:14,311 [pool-242-thread-1] INFO  server.RaftServerConfigKeys (ConfUtils.java:logGet(44)) - raft.server.log.queue.byte-limit = 2147483647 (custom)
2021-12-08 16:19:14,311 [pool-242-thread-1] INFO  server.RaftServerConfigKeys (ConfUtils.java:logGet(44)) - raft.server.log.queue.element-limit = 1024 (custom)
2021-12-08 16:19:14,311 [pool-242-thread-1] INFO  server.RaftServerConfigKeys (ConfUtils.java:logGet(44)) - raft.server.log.segment.size.max = 1048576 (custom)
2021-12-08 16:19:14,311 [pool-242-thread-1] INFO  server.RaftServerConfigKeys (ConfUtils.java:logGet(44)) - raft.server.log.preallocated.size = 16384 (custom)
2021-12-08 16:19:14,311 [pool-242-thread-1] INFO  server.RaftServerConfigKeys (ConfUtils.java:logGet(44)) - raft.server.log.force.sync.num = 128 (default)
2021-12-08 16:19:14,311 [pool-242-thread-1] INFO  server.RaftServerConfigKeys (ConfUtils.java:logGet(44)) - raft.server.log.statemachine.data.sync = true (default)
2021-12-08 16:19:14,311 [pool-242-thread-1] INFO  server.RaftServerConfigKeys (ConfUtils.java:logGet(44)) - raft.server.log.statemachine.data.sync.timeout = 10s (default)
2021-12-08 16:19:14,311 [pool-242-thread-1] INFO  server.RaftServerConfigKeys (ConfUtils.java:logGet(44)) - raft.server.log.statemachine.data.sync.timeout.retry = -1 (default)
2021-12-08 16:19:14,312 [pool-242-thread-1] INFO  server.RaftServerConfigKeys (ConfUtils.java:logGet(44)) - raft.server.log.write.buffer.size = 1048576 (custom)
2021-12-08 16:19:14,312 [pool-242-thread-1] INFO  server.RaftServerConfigKeys (ConfUtils.java:logGet(44)) - raft.server.log.statemachine.data.caching.enabled = true (custom)
2021-12-08 16:19:14,312 [pool-242-thread-1] INFO  segmented.SegmentedRaftLogWorker (SegmentedRaftLogWorker.java:lambda$new$0(133)) - f4224ab0-cbd9-4206-a0cf-eead8be6075d@group-4D1C0F2CAC41-SegmentedRaftLogWorker: flushIndex: setUnconditionally 0 -> -1
2021-12-08 16:19:14,313 [pool-242-thread-1] INFO  segmented.SegmentedRaftLogWorker (SegmentedRaftLogWorker.java:lambda$new$0(133)) - f4224ab0-cbd9-4206-a0cf-eead8be6075d@group-4D1C0F2CAC41-SegmentedRaftLogWorker: safeCacheEvictIndex: setUnconditionally 0 -> -1
2021-12-08 16:19:14,331 [pool-242-thread-1] INFO  server.RaftServerConfigKeys (ConfUtils.java:logGet(44)) - raft.server.snapshot.auto.trigger.enabled = true (custom)
2021-12-08 16:19:14,332 [pool-242-thread-1] INFO  server.RaftServerConfigKeys (ConfUtils.java:logGet(44)) - raft.server.snapshot.auto.trigger.threshold = 10000 (custom)
2021-12-08 16:19:14,332 [pool-242-thread-1] INFO  server.RaftServerConfigKeys (ConfUtils.java:logGet(44)) - raft.server.snapshot.retention.file.num = 5 (custom)
2021-12-08 16:19:14,332 [pool-242-thread-1] INFO  server.RaftServerConfigKeys (ConfUtils.java:logGet(44)) - raft.server.log.purge.upto.snapshot.index = false (default)
2021-12-08 16:19:14,332 [pool-242-thread-1] INFO  server.RaftServerConfigKeys (ConfUtils.java:logGet(44)) - raft.server.retrycache.expirytime = 600000ms (custom)
2021-12-08 16:19:14,332 [pool-242-thread-1] INFO  server.RaftServerConfigKeys (ConfUtils.java:logGet(44)) - raft.server.retrycache.statistics.expirytime = 100μs (default)
2021-12-08 16:19:14,333 [pool-242-thread-1] INFO  server.RaftServer$Division (RaftServerImpl.java:start(301)) - f4224ab0-cbd9-4206-a0cf-eead8be6075d@group-4D1C0F2CAC41: start as a follower, conf=-1: [c93cc91d-158f-4bbd-affd-12041f62a0d5|rpc:10.1.0.47:38941|dataStream:|priority:0, f4224ab0-cbd9-4206-a0cf-eead8be6075d|rpc:10.1.0.47:43145|dataStream:|priority:0, fa0680b8-425f-47f5-898a-3d606569156e|rpc:10.1.0.47:34705|dataStream:|priority:1], old=null
2021-12-08 16:19:14,333 [pool-242-thread-1] INFO  server.RaftServer$Division (RaftServerImpl.java:setRole(290)) - f4224ab0-cbd9-4206-a0cf-eead8be6075d@group-4D1C0F2CAC41: changes role from      null to FOLLOWER at term 0 for startAsFollower
2021-12-08 16:19:14,333 [pool-242-thread-1] INFO  impl.RoleInfo (RoleInfo.java:updateAndGet(130)) - f4224ab0-cbd9-4206-a0cf-eead8be6075d: start f4224ab0-cbd9-4206-a0cf-eead8be6075d@group-4D1C0F2CAC41-FollowerState
2021-12-08 16:19:14,345 [pool-242-thread-1] INFO  util.JmxRegister (JmxRegister.java:tryRegister(44)) - Successfully registered JMX Bean with object name Ratis:service=RaftServer,group=group-4D1C0F2CAC41,id=f4224ab0-cbd9-4206-a0cf-eead8be6075d
2021-12-08 16:19:14,378 [Command processor thread] INFO  commandhandler.CreatePipelineCommandHandler (CreatePipelineCommandHandler.java:handle(106)) - Created Pipeline RATIS THREE PipelineID=b84f50df-25f7-45c4-a520-4d1c0f2cac41.
2021-12-08 16:19:14,467 [Command processor thread] INFO  server.RaftServer (RaftServerProxy.java:addNew(95)) - fa0680b8-425f-47f5-898a-3d606569156e: addNew group-B1933DB6F93E:[fa0680b8-425f-47f5-898a-3d606569156e|rpc:10.1.0.47:34705|priority:1] returns group-B1933DB6F93E:java.util.concurrent.CompletableFuture@3f95fad2[Not completed]
2021-12-08 16:19:14,468 [pool-221-thread-1] INFO  server.RaftServer$Division (RaftServerImpl.java:<init>(184)) - fa0680b8-425f-47f5-898a-3d606569156e: new RaftServerImpl for group-B1933DB6F93E:[fa0680b8-425f-47f5-898a-3d606569156e|rpc:10.1.0.47:34705|priority:1] with ContainerStateMachine:uninitialized
2021-12-08 16:19:14,468 [pool-221-thread-1] INFO  server.RaftServerConfigKeys (ConfUtils.java:logGet(44)) - raft.server.rpc.timeout.min = 5s (custom)
2021-12-08 16:19:14,468 [pool-221-thread-1] INFO  server.RaftServerConfigKeys (ConfUtils.java:logGet(44)) - raft.server.rpc.timeout.max = 5200ms (custom)
2021-12-08 16:19:14,468 [pool-221-thread-1] INFO  server.RaftServerConfigKeys (ConfUtils.java:logGet(44)) - raft.server.rpc.sleep.time = 25ms (default)
2021-12-08 16:19:14,468 [pool-221-thread-1] INFO  server.RaftServerConfigKeys (ConfUtils.java:logGet(44)) - raft.server.rpc.slowness.timeout = 300s (custom)
2021-12-08 16:19:14,468 [pool-221-thread-1] INFO  server.RaftServerConfigKeys (ConfUtils.java:logGet(44)) - raft.server.leaderelection.leader.step-down.wait-time = 10s (default)
2021-12-08 16:19:14,468 [pool-221-thread-1] INFO  server.RaftServerConfigKeys (ConfUtils.java:logGet(44)) - raft.server.sleep.deviation.threshold = 300ms (default)
2021-12-08 16:19:14,468 [pool-221-thread-1] INFO  server.RaftServerConfigKeys (ConfUtils.java:logGet(44)) - raft.server.log.appender.install.snapshot.enabled = false (custom)
2021-12-08 16:19:14,468 [pool-221-thread-1] INFO  server.RaftServer$Division (ServerState.java:<init>(105)) - fa0680b8-425f-47f5-898a-3d606569156e@group-B1933DB6F93E: ConfigurationManager, init=-1: [fa0680b8-425f-47f5-898a-3d606569156e|rpc:10.1.0.47:34705|priority:1], old=null, confs=<EMPTY_MAP>
2021-12-08 16:19:14,468 [pool-221-thread-1] INFO  server.RaftServerConfigKeys (ConfUtils.java:logGet(44)) - raft.server.storage.dir = [/home/runner/work/ozone/ozone/hadoop-ozone/integration-test/target/test-dir/MiniOzoneClusterImpl-52fbfdab-5ffe-473a-8528-eacaa1fd0e12/datanode-1/data/ratis] (custom)
2021-12-08 16:19:14,469 [pool-221-thread-1] INFO  server.RaftServerConfigKeys (ConfUtils.java:logGet(44)) - raft.server.log.corruption.policy = EXCEPTION (default)
2021-12-08 16:19:14,469 [pool-221-thread-1] INFO  server.RaftServerConfigKeys (ConfUtils.java:logGet(44)) - raft.server.storage.free-space.min = 0MB (=0) (default)
2021-12-08 16:19:14,469 [pool-221-thread-1] INFO  storage.RaftStorageDirectory (RaftStorageDirectoryImpl.java:analyzeStorage(135)) - The storage directory /home/runner/work/ozone/ozone/hadoop-ozone/integration-test/target/test-dir/MiniOzoneClusterImpl-52fbfdab-5ffe-473a-8528-eacaa1fd0e12/datanode-1/data/ratis/15000e1d-3d84-407f-b27e-b1933db6f93e does not exist. Creating ...
2021-12-08 16:19:14,470 [pool-221-thread-1] INFO  storage.RaftStorageDirectory (RaftStorageDirectoryImpl.java:tryLock(230)) - Lock on /home/runner/work/ozone/ozone/hadoop-ozone/integration-test/target/test-dir/MiniOzoneClusterImpl-52fbfdab-5ffe-473a-8528-eacaa1fd0e12/datanode-1/data/ratis/15000e1d-3d84-407f-b27e-b1933db6f93e/in_use.lock acquired by nodename 9760@fv-az59-681
2021-12-08 16:19:14,475 [pool-221-thread-1] INFO  storage.RaftStorage (RaftStorageImpl.java:format(89)) - Storage directory /home/runner/work/ozone/ozone/hadoop-ozone/integration-test/target/test-dir/MiniOzoneClusterImpl-52fbfdab-5ffe-473a-8528-eacaa1fd0e12/datanode-1/data/ratis/15000e1d-3d84-407f-b27e-b1933db6f93e has been successfully formatted.
2021-12-08 16:19:14,477 [pool-221-thread-1] INFO  ratis.ContainerStateMachine (ContainerStateMachine.java:loadSnapshot(231)) - group-B1933DB6F93E: The snapshot info is null. Setting the last applied indexto:(t:0, i:~)
2021-12-08 16:19:14,477 [pool-221-thread-1] INFO  server.RaftServerConfigKeys (ConfUtils.java:logGet(44)) - raft.server.notification.no-leader.timeout = 300s (custom)
2021-12-08 16:19:14,478 [pool-221-thread-1] INFO  server.RaftServerConfigKeys (ConfUtils.java:logGet(44)) - raft.server.log.use.memory = false (default)
2021-12-08 16:19:14,478 [EventQueue-PipelineReportForPipelineReportHandler] INFO  pipeline.PipelineManagerImpl (PipelineManagerImpl.java:openPipeline(291)) - Pipeline Pipeline[ Id: 15000e1d-3d84-407f-b27e-b1933db6f93e, Nodes: fa0680b8-425f-47f5-898a-3d606569156e{ip: 10.1.0.47, host: fv-az59-681.csjynl4pkq3e1pkirw3ssqjfoh.cx.internal.cloudapp.net, ports: [REPLICATION=38309, RATIS=34705, RATIS_ADMIN=34705, RATIS_SERVER=34705, STANDALONE=38741], networkLocation: /default-rack, certSerialId: null, persistedOpState: IN_SERVICE, persistedOpStateExpiryEpochSec: 0}, ReplicationConfig: RATIS/ONE, State:ALLOCATED, leaderId:fa0680b8-425f-47f5-898a-3d606569156e, CreationTimestamp2021-12-08T16:19:11.483Z[Etc/UTC]] moved to OPEN state
2021-12-08 16:19:14,478 [EventQueue-OpenPipelineForHealthyPipelineSafeModeRule] INFO  safemode.SCMSafeModeManager (HealthyPipelineSafeModeRule.java:process(124)) - SCM in safe mode. Healthy pipelines reported count is 0, required healthy pipeline reported count is 1
2021-12-08 16:19:14,479 [pool-221-thread-1] INFO  server.RaftServerConfigKeys (ConfUtils.java:logGet(44)) - raft.server.log.purge.gap = 1000000 (custom)
2021-12-08 16:19:14,490 [pool-221-thread-1] INFO  server.RaftServerConfigKeys (ConfUtils.java:logGet(44)) - raft.server.log.appender.buffer.byte-limit = 33554432 (custom)
2021-12-08 16:19:14,490 [pool-221-thread-1] INFO  server.RaftServerConfigKeys (ConfUtils.java:logGet(44)) - raft.server.log.segment.size.max = 1048576 (custom)
2021-12-08 16:19:14,490 [pool-221-thread-1] INFO  server.RaftServerConfigKeys (ConfUtils.java:logGet(44)) - raft.server.log.segment.cache.num.max = 2 (custom)
2021-12-08 16:19:14,490 [pool-221-thread-1] INFO  server.RaftServerConfigKeys (ConfUtils.java:logGet(44)) - raft.server.log.segment.cache.size.max = 200MB (=209715200) (default)
2021-12-08 16:19:14,490 [pool-221-thread-1] INFO  segmented.SegmentedRaftLogWorker (SegmentedRaftLogWorker.java:<init>(182)) - new fa0680b8-425f-47f5-898a-3d606569156e@group-B1933DB6F93E-SegmentedRaftLogWorker for RaftStorageImpl:Storage Directory /home/runner/work/ozone/ozone/hadoop-ozone/integration-test/target/test-dir/MiniOzoneClusterImpl-52fbfdab-5ffe-473a-8528-eacaa1fd0e12/datanode-1/data/ratis/15000e1d-3d84-407f-b27e-b1933db6f93e
2021-12-08 16:19:14,490 [pool-221-thread-1] INFO  server.RaftServerConfigKeys (ConfUtils.java:logGet(44)) - raft.server.log.queue.byte-limit = 2147483647 (custom)
2021-12-08 16:19:14,491 [pool-221-thread-1] INFO  server.RaftServerConfigKeys (ConfUtils.java:logGet(44)) - raft.server.log.queue.element-limit = 1024 (custom)
2021-12-08 16:19:14,491 [pool-221-thread-1] INFO  server.RaftServerConfigKeys (ConfUtils.java:logGet(44)) - raft.server.log.segment.size.max = 1048576 (custom)
2021-12-08 16:19:14,491 [pool-221-thread-1] INFO  server.RaftServerConfigKeys (ConfUtils.java:logGet(44)) - raft.server.log.preallocated.size = 16384 (custom)
2021-12-08 16:19:14,491 [pool-221-thread-1] INFO  server.RaftServerConfigKeys (ConfUtils.java:logGet(44)) - raft.server.log.force.sync.num = 128 (default)
2021-12-08 16:19:14,491 [pool-221-thread-1] INFO  server.RaftServerConfigKeys (ConfUtils.java:logGet(44)) - raft.server.log.statemachine.data.sync = true (default)
2021-12-08 16:19:14,491 [pool-221-thread-1] INFO  server.RaftServerConfigKeys (ConfUtils.java:logGet(44)) - raft.server.log.statemachine.data.sync.timeout = 10s (default)
2021-12-08 16:19:14,491 [pool-221-thread-1] INFO  server.RaftServerConfigKeys (ConfUtils.java:logGet(44)) - raft.server.log.statemachine.data.sync.timeout.retry = -1 (default)
2021-12-08 16:19:14,491 [pool-221-thread-1] INFO  server.RaftServerConfigKeys (ConfUtils.java:logGet(44)) - raft.server.log.write.buffer.size = 1048576 (custom)
2021-12-08 16:19:14,492 [pool-221-thread-1] INFO  server.RaftServerConfigKeys (ConfUtils.java:logGet(44)) - raft.server.log.statemachine.data.caching.enabled = true (custom)
2021-12-08 16:19:14,492 [pool-221-thread-1] INFO  segmented.SegmentedRaftLogWorker (SegmentedRaftLogWorker.java:lambda$new$0(133)) - fa0680b8-425f-47f5-898a-3d606569156e@group-B1933DB6F93E-SegmentedRaftLogWorker: flushIndex: setUnconditionally 0 -> -1
2021-12-08 16:19:14,492 [pool-221-thread-1] INFO  segmented.SegmentedRaftLogWorker (SegmentedRaftLogWorker.java:lambda$new$0(133)) - fa0680b8-425f-47f5-898a-3d606569156e@group-B1933DB6F93E-SegmentedRaftLogWorker: safeCacheEvictIndex: setUnconditionally 0 -> -1
2021-12-08 16:19:14,496 [pool-221-thread-1] INFO  server.RaftServerConfigKeys (ConfUtils.java:logGet(44)) - raft.server.snapshot.auto.trigger.enabled = true (custom)
2021-12-08 16:19:14,496 [pool-221-thread-1] INFO  server.RaftServerConfigKeys (ConfUtils.java:logGet(44)) - raft.server.snapshot.auto.trigger.threshold = 10000 (custom)
2021-12-08 16:19:14,496 [pool-221-thread-1] INFO  server.RaftServerConfigKeys (ConfUtils.java:logGet(44)) - raft.server.snapshot.retention.file.num = 5 (custom)
2021-12-08 16:19:14,496 [pool-221-thread-1] INFO  server.RaftServerConfigKeys (ConfUtils.java:logGet(44)) - raft.server.log.purge.upto.snapshot.index = false (default)
2021-12-08 16:19:14,496 [pool-221-thread-1] INFO  server.RaftServerConfigKeys (ConfUtils.java:logGet(44)) - raft.server.retrycache.expirytime = 600000ms (custom)
2021-12-08 16:19:14,496 [pool-221-thread-1] INFO  server.RaftServerConfigKeys (ConfUtils.java:logGet(44)) - raft.server.retrycache.statistics.expirytime = 100μs (default)
2021-12-08 16:19:14,497 [pool-221-thread-1] INFO  server.RaftServer$Division (RaftServerImpl.java:start(301)) - fa0680b8-425f-47f5-898a-3d606569156e@group-B1933DB6F93E: start as a follower, conf=-1: [fa0680b8-425f-47f5-898a-3d606569156e|rpc:10.1.0.47:34705|priority:1], old=null
2021-12-08 16:19:14,497 [pool-221-thread-1] INFO  server.RaftServer$Division (RaftServerImpl.java:setRole(290)) - fa0680b8-425f-47f5-898a-3d606569156e@group-B1933DB6F93E: changes role from      null to FOLLOWER at term 0 for startAsFollower
2021-12-08 16:19:14,497 [pool-221-thread-1] INFO  impl.RoleInfo (RoleInfo.java:updateAndGet(130)) - fa0680b8-425f-47f5-898a-3d606569156e: start fa0680b8-425f-47f5-898a-3d606569156e@group-B1933DB6F93E-FollowerState
2021-12-08 16:19:14,503 [pool-221-thread-1] INFO  util.JmxRegister (JmxRegister.java:tryRegister(44)) - Successfully registered JMX Bean with object name Ratis:service=RaftServer,group=group-B1933DB6F93E,id=fa0680b8-425f-47f5-898a-3d606569156e
2021-12-08 16:19:14,511 [Command processor thread] INFO  ratis.XceiverServerRatis (XceiverServerRatis.java:addGroup(768)) - Created group PipelineID=15000e1d-3d84-407f-b27e-b1933db6f93e
2021-12-08 16:19:14,511 [Command processor thread] INFO  commandhandler.CreatePipelineCommandHandler (CreatePipelineCommandHandler.java:handle(106)) - Created Pipeline RATIS ONE PipelineID=15000e1d-3d84-407f-b27e-b1933db6f93e.
2021-12-08 16:19:14,840 [Listener at 127.0.0.1/42249] INFO  ozone.MiniOzoneClusterImpl (MiniOzoneClusterImpl.java:lambda$waitForClusterToBeReady$0(235)) - Nodes are ready. Got 3 of 3 DN Heartbeats.
2021-12-08 16:19:14,840 [Listener at 127.0.0.1/42249] INFO  ozone.MiniOzoneClusterImpl (MiniOzoneClusterImpl.java:lambda$waitForClusterToBeReady$0(238)) - Waiting for cluster to exit safe mode
2021-12-08 16:19:14,840 [Listener at 127.0.0.1/42249] INFO  ozone.MiniOzoneClusterImpl (MiniOzoneClusterImpl.java:lambda$waitForClusterToBeReady$0(240)) - SCM became leader
2021-12-08 16:19:14,867 [Command processor thread] INFO  server.RaftServer (RaftServerProxy.java:addNew(95)) - f4224ab0-cbd9-4206-a0cf-eead8be6075d: addNew group-7443BA848253:[f4224ab0-cbd9-4206-a0cf-eead8be6075d|rpc:10.1.0.47:43145|priority:1] returns group-7443BA848253:java.util.concurrent.CompletableFuture@55f24fb0[Not completed]
2021-12-08 16:19:14,868 [pool-242-thread-1] INFO  server.RaftServer$Division (RaftServerImpl.java:<init>(184)) - f4224ab0-cbd9-4206-a0cf-eead8be6075d: new RaftServerImpl for group-7443BA848253:[f4224ab0-cbd9-4206-a0cf-eead8be6075d|rpc:10.1.0.47:43145|priority:1] with ContainerStateMachine:uninitialized
2021-12-08 16:19:14,868 [pool-242-thread-1] INFO  server.RaftServerConfigKeys (ConfUtils.java:logGet(44)) - raft.server.rpc.timeout.min = 5s (custom)
2021-12-08 16:19:14,868 [pool-242-thread-1] INFO  server.RaftServerConfigKeys (ConfUtils.java:logGet(44)) - raft.server.rpc.timeout.max = 5200ms (custom)
2021-12-08 16:19:14,868 [pool-242-thread-1] INFO  server.RaftServerConfigKeys (ConfUtils.java:logGet(44)) - raft.server.rpc.sleep.time = 25ms (default)
2021-12-08 16:19:14,868 [pool-242-thread-1] INFO  server.RaftServerConfigKeys (ConfUtils.java:logGet(44)) - raft.server.rpc.slowness.timeout = 300s (custom)
2021-12-08 16:19:14,868 [pool-242-thread-1] INFO  server.RaftServerConfigKeys (ConfUtils.java:logGet(44)) - raft.server.leaderelection.leader.step-down.wait-time = 10s (default)
2021-12-08 16:19:14,868 [pool-242-thread-1] INFO  server.RaftServerConfigKeys (ConfUtils.java:logGet(44)) - raft.server.sleep.deviation.threshold = 300ms (default)
2021-12-08 16:19:14,869 [pool-242-thread-1] INFO  server.RaftServerConfigKeys (ConfUtils.java:logGet(44)) - raft.server.log.appender.install.snapshot.enabled = false (custom)
2021-12-08 16:19:14,869 [pool-242-thread-1] INFO  server.RaftServer$Division (ServerState.java:<init>(105)) - f4224ab0-cbd9-4206-a0cf-eead8be6075d@group-7443BA848253: ConfigurationManager, init=-1: [f4224ab0-cbd9-4206-a0cf-eead8be6075d|rpc:10.1.0.47:43145|priority:1], old=null, confs=<EMPTY_MAP>
2021-12-08 16:19:14,869 [pool-242-thread-1] INFO  server.RaftServerConfigKeys (ConfUtils.java:logGet(44)) - raft.server.storage.dir = [/home/runner/work/ozone/ozone/hadoop-ozone/integration-test/target/test-dir/MiniOzoneClusterImpl-52fbfdab-5ffe-473a-8528-eacaa1fd0e12/datanode-2/data/ratis] (custom)
2021-12-08 16:19:14,869 [pool-242-thread-1] INFO  server.RaftServerConfigKeys (ConfUtils.java:logGet(44)) - raft.server.log.corruption.policy = EXCEPTION (default)
2021-12-08 16:19:14,869 [pool-242-thread-1] INFO  server.RaftServerConfigKeys (ConfUtils.java:logGet(44)) - raft.server.storage.free-space.min = 0MB (=0) (default)
2021-12-08 16:19:14,869 [pool-242-thread-1] INFO  storage.RaftStorageDirectory (RaftStorageDirectoryImpl.java:analyzeStorage(135)) - The storage directory /home/runner/work/ozone/ozone/hadoop-ozone/integration-test/target/test-dir/MiniOzoneClusterImpl-52fbfdab-5ffe-473a-8528-eacaa1fd0e12/datanode-2/data/ratis/a68a6d48-cb80-4727-997c-7443ba848253 does not exist. Creating ...
2021-12-08 16:19:14,870 [pool-242-thread-1] INFO  storage.RaftStorageDirectory (RaftStorageDirectoryImpl.java:tryLock(230)) - Lock on /home/runner/work/ozone/ozone/hadoop-ozone/integration-test/target/test-dir/MiniOzoneClusterImpl-52fbfdab-5ffe-473a-8528-eacaa1fd0e12/datanode-2/data/ratis/a68a6d48-cb80-4727-997c-7443ba848253/in_use.lock acquired by nodename 9760@fv-az59-681
2021-12-08 16:19:14,871 [pool-242-thread-1] INFO  storage.RaftStorage (RaftStorageImpl.java:format(89)) - Storage directory /home/runner/work/ozone/ozone/hadoop-ozone/integration-test/target/test-dir/MiniOzoneClusterImpl-52fbfdab-5ffe-473a-8528-eacaa1fd0e12/datanode-2/data/ratis/a68a6d48-cb80-4727-997c-7443ba848253 has been successfully formatted.
2021-12-08 16:19:14,872 [pool-242-thread-1] INFO  ratis.ContainerStateMachine (ContainerStateMachine.java:loadSnapshot(231)) - group-7443BA848253: The snapshot info is null. Setting the last applied indexto:(t:0, i:~)
2021-12-08 16:19:14,872 [pool-242-thread-1] INFO  server.RaftServerConfigKeys (ConfUtils.java:logGet(44)) - raft.server.notification.no-leader.timeout = 300s (custom)
2021-12-08 16:19:14,872 [pool-242-thread-1] INFO  server.RaftServerConfigKeys (ConfUtils.java:logGet(44)) - raft.server.log.use.memory = false (default)
2021-12-08 16:19:14,872 [pool-242-thread-1] INFO  server.RaftServerConfigKeys (ConfUtils.java:logGet(44)) - raft.server.log.purge.gap = 1000000 (custom)
2021-12-08 16:19:14,872 [pool-242-thread-1] INFO  server.RaftServerConfigKeys (ConfUtils.java:logGet(44)) - raft.server.log.appender.buffer.byte-limit = 33554432 (custom)
2021-12-08 16:19:14,872 [pool-242-thread-1] INFO  server.RaftServerConfigKeys (ConfUtils.java:logGet(44)) - raft.server.log.segment.size.max = 1048576 (custom)
2021-12-08 16:19:14,873 [EventQueue-PipelineReportForPipelineReportHandler] INFO  pipeline.PipelineManagerImpl (PipelineManagerImpl.java:openPipeline(291)) - Pipeline Pipeline[ Id: a68a6d48-cb80-4727-997c-7443ba848253, Nodes: f4224ab0-cbd9-4206-a0cf-eead8be6075d{ip: 10.1.0.47, host: fv-az59-681.csjynl4pkq3e1pkirw3ssqjfoh.cx.internal.cloudapp.net, ports: [REPLICATION=36823, RATIS=43145, RATIS_ADMIN=43145, RATIS_SERVER=43145, STANDALONE=38643], networkLocation: /default-rack, certSerialId: null, persistedOpState: IN_SERVICE, persistedOpStateExpiryEpochSec: 0}, ReplicationConfig: RATIS/ONE, State:ALLOCATED, leaderId:f4224ab0-cbd9-4206-a0cf-eead8be6075d, CreationTimestamp2021-12-08T16:19:11.872Z[Etc/UTC]] moved to OPEN state
2021-12-08 16:19:14,873 [pool-242-thread-1] INFO  server.RaftServerConfigKeys (ConfUtils.java:logGet(44)) - raft.server.log.segment.cache.num.max = 2 (custom)
2021-12-08 16:19:14,873 [EventQueue-OpenPipelineForHealthyPipelineSafeModeRule] INFO  safemode.SCMSafeModeManager (HealthyPipelineSafeModeRule.java:process(124)) - SCM in safe mode. Healthy pipelines reported count is 0, required healthy pipeline reported count is 1
2021-12-08 16:19:14,876 [pool-242-thread-1] INFO  server.RaftServerConfigKeys (ConfUtils.java:logGet(44)) - raft.server.log.segment.cache.size.max = 200MB (=209715200) (default)
2021-12-08 16:19:14,877 [pool-242-thread-1] INFO  segmented.SegmentedRaftLogWorker (SegmentedRaftLogWorker.java:<init>(182)) - new f4224ab0-cbd9-4206-a0cf-eead8be6075d@group-7443BA848253-SegmentedRaftLogWorker for RaftStorageImpl:Storage Directory /home/runner/work/ozone/ozone/hadoop-ozone/integration-test/target/test-dir/MiniOzoneClusterImpl-52fbfdab-5ffe-473a-8528-eacaa1fd0e12/datanode-2/data/ratis/a68a6d48-cb80-4727-997c-7443ba848253
2021-12-08 16:19:14,877 [pool-242-thread-1] INFO  server.RaftServerConfigKeys (ConfUtils.java:logGet(44)) - raft.server.log.queue.byte-limit = 2147483647 (custom)
2021-12-08 16:19:14,877 [pool-242-thread-1] INFO  server.RaftServerConfigKeys (ConfUtils.java:logGet(44)) - raft.server.log.queue.element-limit = 1024 (custom)
2021-12-08 16:19:14,877 [pool-242-thread-1] INFO  server.RaftServerConfigKeys (ConfUtils.java:logGet(44)) - raft.server.log.segment.size.max = 1048576 (custom)
2021-12-08 16:19:14,877 [pool-242-thread-1] INFO  server.RaftServerConfigKeys (ConfUtils.java:logGet(44)) - raft.server.log.preallocated.size = 16384 (custom)
2021-12-08 16:19:14,877 [pool-242-thread-1] INFO  server.RaftServerConfigKeys (ConfUtils.java:logGet(44)) - raft.server.log.force.sync.num = 128 (default)
2021-12-08 16:19:14,877 [pool-242-thread-1] INFO  server.RaftServerConfigKeys (ConfUtils.java:logGet(44)) - raft.server.log.statemachine.data.sync = true (default)
2021-12-08 16:19:14,877 [pool-242-thread-1] INFO  server.RaftServerConfigKeys (ConfUtils.java:logGet(44)) - raft.server.log.statemachine.data.sync.timeout = 10s (default)
2021-12-08 16:19:14,877 [pool-242-thread-1] INFO  server.RaftServerConfigKeys (ConfUtils.java:logGet(44)) - raft.server.log.statemachine.data.sync.timeout.retry = -1 (default)
2021-12-08 16:19:14,878 [pool-242-thread-1] INFO  server.RaftServerConfigKeys (ConfUtils.java:logGet(44)) - raft.server.log.write.buffer.size = 1048576 (custom)
2021-12-08 16:19:14,878 [pool-242-thread-1] INFO  server.RaftServerConfigKeys (ConfUtils.java:logGet(44)) - raft.server.log.statemachine.data.caching.enabled = true (custom)
2021-12-08 16:19:14,883 [pool-242-thread-1] INFO  segmented.SegmentedRaftLogWorker (SegmentedRaftLogWorker.java:lambda$new$0(133)) - f4224ab0-cbd9-4206-a0cf-eead8be6075d@group-7443BA848253-SegmentedRaftLogWorker: flushIndex: setUnconditionally 0 -> -1
2021-12-08 16:19:14,883 [pool-242-thread-1] INFO  segmented.SegmentedRaftLogWorker (SegmentedRaftLogWorker.java:lambda$new$0(133)) - f4224ab0-cbd9-4206-a0cf-eead8be6075d@group-7443BA848253-SegmentedRaftLogWorker: safeCacheEvictIndex: setUnconditionally 0 -> -1
2021-12-08 16:19:14,888 [pool-242-thread-1] INFO  server.RaftServerConfigKeys (ConfUtils.java:logGet(44)) - raft.server.snapshot.auto.trigger.enabled = true (custom)
2021-12-08 16:19:14,888 [pool-242-thread-1] INFO  server.RaftServerConfigKeys (ConfUtils.java:logGet(44)) - raft.server.snapshot.auto.trigger.threshold = 10000 (custom)
2021-12-08 16:19:14,888 [pool-242-thread-1] INFO  server.RaftServerConfigKeys (ConfUtils.java:logGet(44)) - raft.server.snapshot.retention.file.num = 5 (custom)
2021-12-08 16:19:14,888 [pool-242-thread-1] INFO  server.RaftServerConfigKeys (ConfUtils.java:logGet(44)) - raft.server.log.purge.upto.snapshot.index = false (default)
2021-12-08 16:19:14,888 [pool-242-thread-1] INFO  server.RaftServerConfigKeys (ConfUtils.java:logGet(44)) - raft.server.retrycache.expirytime = 600000ms (custom)
2021-12-08 16:19:14,888 [pool-242-thread-1] INFO  server.RaftServerConfigKeys (ConfUtils.java:logGet(44)) - raft.server.retrycache.statistics.expirytime = 100μs (default)
2021-12-08 16:19:14,889 [pool-242-thread-1] INFO  server.RaftServer$Division (RaftServerImpl.java:start(301)) - f4224ab0-cbd9-4206-a0cf-eead8be6075d@group-7443BA848253: start as a follower, conf=-1: [f4224ab0-cbd9-4206-a0cf-eead8be6075d|rpc:10.1.0.47:43145|priority:1], old=null
2021-12-08 16:19:14,889 [pool-242-thread-1] INFO  server.RaftServer$Division (RaftServerImpl.java:setRole(290)) - f4224ab0-cbd9-4206-a0cf-eead8be6075d@group-7443BA848253: changes role from      null to FOLLOWER at term 0 for startAsFollower
2021-12-08 16:19:14,889 [pool-242-thread-1] INFO  impl.RoleInfo (RoleInfo.java:updateAndGet(130)) - f4224ab0-cbd9-4206-a0cf-eead8be6075d: start f4224ab0-cbd9-4206-a0cf-eead8be6075d@group-7443BA848253-FollowerState
2021-12-08 16:19:14,899 [pool-242-thread-1] INFO  util.JmxRegister (JmxRegister.java:tryRegister(44)) - Successfully registered JMX Bean with object name Ratis:service=RaftServer,group=group-7443BA848253,id=f4224ab0-cbd9-4206-a0cf-eead8be6075d
2021-12-08 16:19:14,900 [Command processor thread] INFO  ratis.XceiverServerRatis (XceiverServerRatis.java:addGroup(768)) - Created group PipelineID=a68a6d48-cb80-4727-997c-7443ba848253
2021-12-08 16:19:14,900 [Command processor thread] INFO  commandhandler.CreatePipelineCommandHandler (CreatePipelineCommandHandler.java:handle(106)) - Created Pipeline RATIS ONE PipelineID=a68a6d48-cb80-4727-997c-7443ba848253.
2021-12-08 16:19:15,840 [Listener at 127.0.0.1/42249] INFO  ozone.MiniOzoneClusterImpl (MiniOzoneClusterImpl.java:lambda$waitForClusterToBeReady$0(235)) - Nodes are ready. Got 3 of 3 DN Heartbeats.
2021-12-08 16:19:15,841 [Listener at 127.0.0.1/42249] INFO  ozone.MiniOzoneClusterImpl (MiniOzoneClusterImpl.java:lambda$waitForClusterToBeReady$0(238)) - Waiting for cluster to exit safe mode
2021-12-08 16:19:15,841 [Listener at 127.0.0.1/42249] INFO  ozone.MiniOzoneClusterImpl (MiniOzoneClusterImpl.java:lambda$waitForClusterToBeReady$0(240)) - SCM became leader
2021-12-08 16:19:16,841 [Listener at 127.0.0.1/42249] INFO  ozone.MiniOzoneClusterImpl (MiniOzoneClusterImpl.java:lambda$waitForClusterToBeReady$0(235)) - Nodes are ready. Got 3 of 3 DN Heartbeats.
2021-12-08 16:19:16,841 [Listener at 127.0.0.1/42249] INFO  ozone.MiniOzoneClusterImpl (MiniOzoneClusterImpl.java:lambda$waitForClusterToBeReady$0(238)) - Waiting for cluster to exit safe mode
2021-12-08 16:19:16,841 [Listener at 127.0.0.1/42249] INFO  ozone.MiniOzoneClusterImpl (MiniOzoneClusterImpl.java:lambda$waitForClusterToBeReady$0(240)) - SCM became leader
2021-12-08 16:19:17,841 [Listener at 127.0.0.1/42249] INFO  ozone.MiniOzoneClusterImpl (MiniOzoneClusterImpl.java:lambda$waitForClusterToBeReady$0(235)) - Nodes are ready. Got 3 of 3 DN Heartbeats.
2021-12-08 16:19:17,842 [Listener at 127.0.0.1/42249] INFO  ozone.MiniOzoneClusterImpl (MiniOzoneClusterImpl.java:lambda$waitForClusterToBeReady$0(238)) - Waiting for cluster to exit safe mode
2021-12-08 16:19:17,842 [Listener at 127.0.0.1/42249] INFO  ozone.MiniOzoneClusterImpl (MiniOzoneClusterImpl.java:lambda$waitForClusterToBeReady$0(240)) - SCM became leader
2021-12-08 16:19:18,842 [Listener at 127.0.0.1/42249] INFO  ozone.MiniOzoneClusterImpl (MiniOzoneClusterImpl.java:lambda$waitForClusterToBeReady$0(235)) - Nodes are ready. Got 3 of 3 DN Heartbeats.
2021-12-08 16:19:18,842 [Listener at 127.0.0.1/42249] INFO  ozone.MiniOzoneClusterImpl (MiniOzoneClusterImpl.java:lambda$waitForClusterToBeReady$0(238)) - Waiting for cluster to exit safe mode
2021-12-08 16:19:18,842 [Listener at 127.0.0.1/42249] INFO  ozone.MiniOzoneClusterImpl (MiniOzoneClusterImpl.java:lambda$waitForClusterToBeReady$0(240)) - SCM became leader
2021-12-08 16:19:19,002 [c93cc91d-158f-4bbd-affd-12041f62a0d5@group-539DAE66F782-FollowerState] INFO  impl.FollowerState (FollowerState.java:run(134)) - c93cc91d-158f-4bbd-affd-12041f62a0d5@group-539DAE66F782-FollowerState: change to CANDIDATE, lastRpcElapsedTime:5075456877ns, electionTimeout:5071ms
2021-12-08 16:19:19,002 [c93cc91d-158f-4bbd-affd-12041f62a0d5@group-539DAE66F782-FollowerState] INFO  impl.RoleInfo (RoleInfo.java:shutdownFollowerState(108)) - c93cc91d-158f-4bbd-affd-12041f62a0d5: shutdown c93cc91d-158f-4bbd-affd-12041f62a0d5@group-539DAE66F782-FollowerState
2021-12-08 16:19:19,002 [c93cc91d-158f-4bbd-affd-12041f62a0d5@group-539DAE66F782-FollowerState] INFO  server.RaftServer$Division (RaftServerImpl.java:setRole(290)) - c93cc91d-158f-4bbd-affd-12041f62a0d5@group-539DAE66F782: changes role from  FOLLOWER to CANDIDATE at term 0 for changeToCandidate
2021-12-08 16:19:19,003 [c93cc91d-158f-4bbd-affd-12041f62a0d5@group-539DAE66F782-FollowerState] INFO  server.RaftServerConfigKeys (ConfUtils.java:logGet(44)) - raft.server.leaderelection.pre-vote = false (custom)
2021-12-08 16:19:19,004 [c93cc91d-158f-4bbd-affd-12041f62a0d5@group-539DAE66F782-FollowerState] INFO  impl.RoleInfo (RoleInfo.java:updateAndGet(130)) - c93cc91d-158f-4bbd-affd-12041f62a0d5: start c93cc91d-158f-4bbd-affd-12041f62a0d5@group-539DAE66F782-LeaderElection16
2021-12-08 16:19:19,023 [c93cc91d-158f-4bbd-affd-12041f62a0d5@group-539DAE66F782-LeaderElection16] INFO  impl.LeaderElection (LeaderElection.java:askForVotes(306)) - c93cc91d-158f-4bbd-affd-12041f62a0d5@group-539DAE66F782-LeaderElection16 ELECTION round 0: submit vote requests at term 1 for -1: [c93cc91d-158f-4bbd-affd-12041f62a0d5|rpc:10.1.0.47:38941|priority:1], old=null
2021-12-08 16:19:19,023 [c93cc91d-158f-4bbd-affd-12041f62a0d5@group-539DAE66F782-LeaderElection16] INFO  impl.LeaderElection (LeaderElection.java:askForVotes(308)) - c93cc91d-158f-4bbd-affd-12041f62a0d5@group-539DAE66F782-LeaderElection16 ELECTION round 0: result PASSED (term=1)
2021-12-08 16:19:19,023 [c93cc91d-158f-4bbd-affd-12041f62a0d5@group-539DAE66F782-LeaderElection16] INFO  impl.RoleInfo (RoleInfo.java:shutdownLeaderElection(121)) - c93cc91d-158f-4bbd-affd-12041f62a0d5: shutdown c93cc91d-158f-4bbd-affd-12041f62a0d5@group-539DAE66F782-LeaderElection16
2021-12-08 16:19:19,023 [c93cc91d-158f-4bbd-affd-12041f62a0d5@group-539DAE66F782-LeaderElection16] INFO  server.RaftServer$Division (RaftServerImpl.java:setRole(290)) - c93cc91d-158f-4bbd-affd-12041f62a0d5@group-539DAE66F782: changes role from CANDIDATE to LEADER at term 1 for changeToLeader
2021-12-08 16:19:19,023 [c93cc91d-158f-4bbd-affd-12041f62a0d5@group-539DAE66F782-LeaderElection16] INFO  ratis.XceiverServerRatis (XceiverServerRatis.java:handleLeaderChangedNotification(866)) - Leader change notification received for group: group-539DAE66F782 with new leaderId: c93cc91d-158f-4bbd-affd-12041f62a0d5
2021-12-08 16:19:19,023 [c93cc91d-158f-4bbd-affd-12041f62a0d5@group-539DAE66F782-LeaderElection16] INFO  server.RaftServer$Division (ServerState.java:setLeader(285)) - c93cc91d-158f-4bbd-affd-12041f62a0d5@group-539DAE66F782: change Leader from null to c93cc91d-158f-4bbd-affd-12041f62a0d5 at term 1 for becomeLeader, leader elected after 5126ms
2021-12-08 16:19:19,023 [c93cc91d-158f-4bbd-affd-12041f62a0d5@group-539DAE66F782-LeaderElection16] INFO  server.RaftServerConfigKeys (ConfUtils.java:logGet(44)) - raft.server.staging.catchup.gap = 1000 (default)
2021-12-08 16:19:19,024 [EventQueue-OpenPipelineForHealthyPipelineSafeModeRule] INFO  safemode.SCMSafeModeManager (HealthyPipelineSafeModeRule.java:process(124)) - SCM in safe mode. Healthy pipelines reported count is 0, required healthy pipeline reported count is 1
2021-12-08 16:19:19,025 [c93cc91d-158f-4bbd-affd-12041f62a0d5@group-539DAE66F782-LeaderElection16] INFO  server.RaftServerConfigKeys (ConfUtils.java:logGet(44)) - raft.server.write.element-limit = 1024 (custom)
2021-12-08 16:19:19,026 [c93cc91d-158f-4bbd-affd-12041f62a0d5@group-539DAE66F782-LeaderElection16] INFO  server.RaftServerConfigKeys (ConfUtils.java:logGet(44)) - raft.server.write.byte-limit = 1024 M (=1073741824) (custom)
2021-12-08 16:19:19,035 [c93cc91d-158f-4bbd-affd-12041f62a0d5@group-539DAE66F782-LeaderElection16] INFO  server.RaftServerConfigKeys (ConfUtils.java:logGet(44)) - raft.server.watch.timeout = 180s (custom)
2021-12-08 16:19:19,035 [c93cc91d-158f-4bbd-affd-12041f62a0d5@group-539DAE66F782-LeaderElection16] INFO  server.RaftServerConfigKeys (ConfUtils.java:logGet(44)) - raft.server.watch.timeout.denomination = 1s (default)
2021-12-08 16:19:19,035 [c93cc91d-158f-4bbd-affd-12041f62a0d5@group-539DAE66F782-LeaderElection16] INFO  server.RaftServerConfigKeys (ConfUtils.java:logGet(44)) - raft.server.watch.element-limit = 65536 (default)
2021-12-08 16:19:19,035 [c93cc91d-158f-4bbd-affd-12041f62a0d5@group-539DAE66F782-LeaderElection16] INFO  server.RaftServerConfigKeys (ConfUtils.java:logGet(44)) - raft.server.write.element-limit = 1024 (custom)
2021-12-08 16:19:19,035 [c93cc91d-158f-4bbd-affd-12041f62a0d5@group-539DAE66F782-LeaderElection16] INFO  server.RaftServerConfigKeys (ConfUtils.java:logGet(44)) - raft.server.write.follower.gap.ratio.max = -1.0 (default)
2021-12-08 16:19:19,035 [c93cc91d-158f-4bbd-affd-12041f62a0d5@group-539DAE66F782-LeaderElection16] INFO  impl.RoleInfo (RoleInfo.java:updateAndGet(130)) - c93cc91d-158f-4bbd-affd-12041f62a0d5: start c93cc91d-158f-4bbd-affd-12041f62a0d5@group-539DAE66F782-LeaderStateImpl
2021-12-08 16:19:19,036 [c93cc91d-158f-4bbd-affd-12041f62a0d5@group-539DAE66F782-LeaderElection16] INFO  segmented.SegmentedRaftLogWorker (SegmentedRaftLogWorker.java:startLogSegment(394)) - c93cc91d-158f-4bbd-affd-12041f62a0d5@group-539DAE66F782-SegmentedRaftLogWorker: Starting segment from index:0
2021-12-08 16:19:19,039 [c93cc91d-158f-4bbd-affd-12041f62a0d5@group-539DAE66F782-LeaderElection16] INFO  server.RaftServer$Division (ServerState.java:setRaftConf(387)) - c93cc91d-158f-4bbd-affd-12041f62a0d5@group-539DAE66F782: set configuration 0: [c93cc91d-158f-4bbd-affd-12041f62a0d5|rpc:10.1.0.47:38941|dataStream:|priority:1], old=null
2021-12-08 16:19:19,047 [c93cc91d-158f-4bbd-affd-12041f62a0d5@group-539DAE66F782-SegmentedRaftLogWorker] INFO  segmented.SegmentedRaftLogWorker (SegmentedRaftLogWorker.java:execute(601)) - c93cc91d-158f-4bbd-affd-12041f62a0d5@group-539DAE66F782-SegmentedRaftLogWorker: created new log segment /home/runner/work/ozone/ozone/hadoop-ozone/integration-test/target/test-dir/MiniOzoneClusterImpl-52fbfdab-5ffe-473a-8528-eacaa1fd0e12/datanode-0/data/ratis/80a635b9-d5f0-4776-8e85-539dae66f782/current/log_inprogress_0
2021-12-08 16:19:19,061 [c93cc91d-158f-4bbd-affd-12041f62a0d5@group-DFF0BB80C9DD-FollowerState] INFO  impl.FollowerState (FollowerState.java:run(134)) - c93cc91d-158f-4bbd-affd-12041f62a0d5@group-DFF0BB80C9DD-FollowerState: change to CANDIDATE, lastRpcElapsedTime:5096686152ns, electionTimeout:5094ms
2021-12-08 16:19:19,061 [c93cc91d-158f-4bbd-affd-12041f62a0d5@group-DFF0BB80C9DD-FollowerState] INFO  impl.RoleInfo (RoleInfo.java:shutdownFollowerState(108)) - c93cc91d-158f-4bbd-affd-12041f62a0d5: shutdown c93cc91d-158f-4bbd-affd-12041f62a0d5@group-DFF0BB80C9DD-FollowerState
2021-12-08 16:19:19,061 [c93cc91d-158f-4bbd-affd-12041f62a0d5@group-DFF0BB80C9DD-FollowerState] INFO  server.RaftServer$Division (RaftServerImpl.java:setRole(290)) - c93cc91d-158f-4bbd-affd-12041f62a0d5@group-DFF0BB80C9DD: changes role from  FOLLOWER to CANDIDATE at term 0 for changeToCandidate
2021-12-08 16:19:19,061 [c93cc91d-158f-4bbd-affd-12041f62a0d5@group-DFF0BB80C9DD-FollowerState] INFO  server.RaftServerConfigKeys (ConfUtils.java:logGet(44)) - raft.server.leaderelection.pre-vote = false (custom)
2021-12-08 16:19:19,061 [c93cc91d-158f-4bbd-affd-12041f62a0d5@group-DFF0BB80C9DD-FollowerState] INFO  impl.RoleInfo (RoleInfo.java:updateAndGet(130)) - c93cc91d-158f-4bbd-affd-12041f62a0d5: start c93cc91d-158f-4bbd-affd-12041f62a0d5@group-DFF0BB80C9DD-LeaderElection17
2021-12-08 16:19:19,089 [c93cc91d-158f-4bbd-affd-12041f62a0d5@group-DFF0BB80C9DD-LeaderElection17] INFO  impl.LeaderElection (LeaderElection.java:askForVotes(306)) - c93cc91d-158f-4bbd-affd-12041f62a0d5@group-DFF0BB80C9DD-LeaderElection17 ELECTION round 0: submit vote requests at term 1 for -1: [c93cc91d-158f-4bbd-affd-12041f62a0d5|rpc:10.1.0.47:38941|priority:0, f4224ab0-cbd9-4206-a0cf-eead8be6075d|rpc:10.1.0.47:43145|priority:1, fa0680b8-425f-47f5-898a-3d606569156e|rpc:10.1.0.47:34705|priority:0], old=null
2021-12-08 16:19:19,115 [grpc-default-executor-0] INFO  server.RaftServer$Division (RaftServerImpl.java:requestVote(1046)) - f4224ab0-cbd9-4206-a0cf-eead8be6075d@group-DFF0BB80C9DD: receive requestVote(ELECTION, c93cc91d-158f-4bbd-affd-12041f62a0d5, group-DFF0BB80C9DD, 1, (t:0, i:0))
2021-12-08 16:19:19,115 [grpc-default-executor-0] INFO  impl.VoteContext (VoteContext.java:log(48)) - f4224ab0-cbd9-4206-a0cf-eead8be6075d@group-DFF0BB80C9DD-FOLLOWER: reject ELECTION from c93cc91d-158f-4bbd-affd-12041f62a0d5: our priority 1 > candidate's priority 0
2021-12-08 16:19:19,116 [grpc-default-executor-0] INFO  server.RaftServer$Division (RaftServerImpl.java:setRole(290)) - f4224ab0-cbd9-4206-a0cf-eead8be6075d@group-DFF0BB80C9DD: changes role from  FOLLOWER to FOLLOWER at term 1 for candidate:c93cc91d-158f-4bbd-affd-12041f62a0d5
2021-12-08 16:19:19,116 [grpc-default-executor-0] INFO  impl.RoleInfo (RoleInfo.java:shutdownFollowerState(108)) - f4224ab0-cbd9-4206-a0cf-eead8be6075d: shutdown f4224ab0-cbd9-4206-a0cf-eead8be6075d@group-DFF0BB80C9DD-FollowerState
2021-12-08 16:19:19,116 [grpc-default-executor-0] INFO  impl.RoleInfo (RoleInfo.java:updateAndGet(130)) - f4224ab0-cbd9-4206-a0cf-eead8be6075d: start f4224ab0-cbd9-4206-a0cf-eead8be6075d@group-DFF0BB80C9DD-FollowerState
2021-12-08 16:19:19,116 [f4224ab0-cbd9-4206-a0cf-eead8be6075d@group-DFF0BB80C9DD-FollowerState] INFO  impl.FollowerState (FollowerState.java:run(143)) - f4224ab0-cbd9-4206-a0cf-eead8be6075d@group-DFF0BB80C9DD-FollowerState was interrupted: {}
java.lang.InterruptedException: sleep interrupted
	at java.lang.Thread.sleep(Native Method)
	at java.lang.Thread.sleep(Thread.java:340)
	at java.util.concurrent.TimeUnit.sleep(TimeUnit.java:386)
	at org.apache.ratis.util.TimeDuration.sleep(TimeDuration.java:324)
	at org.apache.ratis.util.TimeDuration.sleep(TimeDuration.java:309)
	at org.apache.ratis.server.impl.FollowerState.run(FollowerState.java:118)
2021-12-08 16:19:19,119 [grpc-default-executor-0] INFO  server.RaftServer$Division (RaftServerImpl.java:requestVote(1078)) - f4224ab0-cbd9-4206-a0cf-eead8be6075d@group-DFF0BB80C9DD replies to ELECTION vote request: c93cc91d-158f-4bbd-affd-12041f62a0d5<-f4224ab0-cbd9-4206-a0cf-eead8be6075d#0:FAIL-t1. Peer's state: f4224ab0-cbd9-4206-a0cf-eead8be6075d@group-DFF0BB80C9DD:t1, leader=null, voted=null, raftlog=f4224ab0-cbd9-4206-a0cf-eead8be6075d@group-DFF0BB80C9DD-SegmentedRaftLog:OPENED:c-1, conf=-1: [c93cc91d-158f-4bbd-affd-12041f62a0d5|rpc:10.1.0.47:38941|dataStream:|priority:0, f4224ab0-cbd9-4206-a0cf-eead8be6075d|rpc:10.1.0.47:43145|dataStream:|priority:1, fa0680b8-425f-47f5-898a-3d606569156e|rpc:10.1.0.47:34705|dataStream:|priority:0], old=null
2021-12-08 16:19:19,120 [c93cc91d-158f-4bbd-affd-12041f62a0d5@group-DFF0BB80C9DD-LeaderElection17] INFO  impl.LeaderElection (LeaderElection.java:logAndReturn(89)) - c93cc91d-158f-4bbd-affd-12041f62a0d5@group-DFF0BB80C9DD-LeaderElection17: ELECTION REJECTED received 1 response(s) and 0 exception(s):
2021-12-08 16:19:19,120 [c93cc91d-158f-4bbd-affd-12041f62a0d5@group-DFF0BB80C9DD-LeaderElection17] INFO  impl.LeaderElection (LeaderElection.java:logAndReturn(93)) -   Response 0: c93cc91d-158f-4bbd-affd-12041f62a0d5<-f4224ab0-cbd9-4206-a0cf-eead8be6075d#0:FAIL-t1
2021-12-08 16:19:19,120 [c93cc91d-158f-4bbd-affd-12041f62a0d5@group-DFF0BB80C9DD-LeaderElection17] INFO  impl.LeaderElection (LeaderElection.java:askForVotes(308)) - c93cc91d-158f-4bbd-affd-12041f62a0d5@group-DFF0BB80C9DD-LeaderElection17 ELECTION round 0: result REJECTED
2021-12-08 16:19:19,120 [c93cc91d-158f-4bbd-affd-12041f62a0d5@group-DFF0BB80C9DD-LeaderElection17] INFO  server.RaftServer$Division (RaftServerImpl.java:setRole(290)) - c93cc91d-158f-4bbd-affd-12041f62a0d5@group-DFF0BB80C9DD: changes role from CANDIDATE to FOLLOWER at term 1 for REJECTED
2021-12-08 16:19:19,120 [c93cc91d-158f-4bbd-affd-12041f62a0d5@group-DFF0BB80C9DD-LeaderElection17] INFO  impl.RoleInfo (RoleInfo.java:shutdownLeaderElection(121)) - c93cc91d-158f-4bbd-affd-12041f62a0d5: shutdown c93cc91d-158f-4bbd-affd-12041f62a0d5@group-DFF0BB80C9DD-LeaderElection17
2021-12-08 16:19:19,121 [c93cc91d-158f-4bbd-affd-12041f62a0d5@group-DFF0BB80C9DD-LeaderElection17] INFO  impl.RoleInfo (RoleInfo.java:updateAndGet(130)) - c93cc91d-158f-4bbd-affd-12041f62a0d5: start c93cc91d-158f-4bbd-affd-12041f62a0d5@group-DFF0BB80C9DD-FollowerState
2021-12-08 16:19:19,134 [grpc-default-executor-1] INFO  server.RaftServer$Division (RaftServerImpl.java:requestVote(1046)) - fa0680b8-425f-47f5-898a-3d606569156e@group-DFF0BB80C9DD: receive requestVote(ELECTION, c93cc91d-158f-4bbd-affd-12041f62a0d5, group-DFF0BB80C9DD, 1, (t:0, i:0))
2021-12-08 16:19:19,135 [grpc-default-executor-1] INFO  impl.VoteContext (VoteContext.java:log(48)) - fa0680b8-425f-47f5-898a-3d606569156e@group-DFF0BB80C9DD-FOLLOWER: accept ELECTION from c93cc91d-158f-4bbd-affd-12041f62a0d5: our priority 0 <= candidate's priority 0
2021-12-08 16:19:19,135 [grpc-default-executor-1] INFO  server.RaftServer$Division (RaftServerImpl.java:setRole(290)) - fa0680b8-425f-47f5-898a-3d606569156e@group-DFF0BB80C9DD: changes role from  FOLLOWER to FOLLOWER at term 1 for candidate:c93cc91d-158f-4bbd-affd-12041f62a0d5
2021-12-08 16:19:19,135 [grpc-default-executor-1] INFO  impl.RoleInfo (RoleInfo.java:shutdownFollowerState(108)) - fa0680b8-425f-47f5-898a-3d606569156e: shutdown fa0680b8-425f-47f5-898a-3d606569156e@group-DFF0BB80C9DD-FollowerState
2021-12-08 16:19:19,135 [grpc-default-executor-1] INFO  impl.RoleInfo (RoleInfo.java:updateAndGet(130)) - fa0680b8-425f-47f5-898a-3d606569156e: start fa0680b8-425f-47f5-898a-3d606569156e@group-DFF0BB80C9DD-FollowerState
2021-12-08 16:19:19,135 [fa0680b8-425f-47f5-898a-3d606569156e@group-DFF0BB80C9DD-FollowerState] INFO  impl.FollowerState (FollowerState.java:run(143)) - fa0680b8-425f-47f5-898a-3d606569156e@group-DFF0BB80C9DD-FollowerState was interrupted: {}
java.lang.InterruptedException: sleep interrupted
	at java.lang.Thread.sleep(Native Method)
	at java.lang.Thread.sleep(Thread.java:340)
	at java.util.concurrent.TimeUnit.sleep(TimeUnit.java:386)
	at org.apache.ratis.util.TimeDuration.sleep(TimeDuration.java:324)
	at org.apache.ratis.util.TimeDuration.sleep(TimeDuration.java:309)
	at org.apache.ratis.server.impl.FollowerState.run(FollowerState.java:118)
2021-12-08 16:19:19,152 [grpc-default-executor-1] INFO  server.RaftServer$Division (RaftServerImpl.java:requestVote(1078)) - fa0680b8-425f-47f5-898a-3d606569156e@group-DFF0BB80C9DD replies to ELECTION vote request: c93cc91d-158f-4bbd-affd-12041f62a0d5<-fa0680b8-425f-47f5-898a-3d606569156e#0:OK-t1. Peer's state: fa0680b8-425f-47f5-898a-3d606569156e@group-DFF0BB80C9DD:t1, leader=null, voted=c93cc91d-158f-4bbd-affd-12041f62a0d5, raftlog=fa0680b8-425f-47f5-898a-3d606569156e@group-DFF0BB80C9DD-SegmentedRaftLog:OPENED:c-1, conf=-1: [c93cc91d-158f-4bbd-affd-12041f62a0d5|rpc:10.1.0.47:38941|dataStream:|priority:0, f4224ab0-cbd9-4206-a0cf-eead8be6075d|rpc:10.1.0.47:43145|dataStream:|priority:1, fa0680b8-425f-47f5-898a-3d606569156e|rpc:10.1.0.47:34705|dataStream:|priority:0], old=null
2021-12-08 16:19:19,292 [c93cc91d-158f-4bbd-affd-12041f62a0d5@group-4D1C0F2CAC41-FollowerState] INFO  impl.FollowerState (FollowerState.java:run(134)) - c93cc91d-158f-4bbd-affd-12041f62a0d5@group-4D1C0F2CAC41-FollowerState: change to CANDIDATE, lastRpcElapsedTime:5072027143ns, electionTimeout:5071ms
2021-12-08 16:19:19,292 [c93cc91d-158f-4bbd-affd-12041f62a0d5@group-4D1C0F2CAC41-FollowerState] INFO  impl.RoleInfo (RoleInfo.java:shutdownFollowerState(108)) - c93cc91d-158f-4bbd-affd-12041f62a0d5: shutdown c93cc91d-158f-4bbd-affd-12041f62a0d5@group-4D1C0F2CAC41-FollowerState
2021-12-08 16:19:19,292 [c93cc91d-158f-4bbd-affd-12041f62a0d5@group-4D1C0F2CAC41-FollowerState] INFO  server.RaftServer$Division (RaftServerImpl.java:setRole(290)) - c93cc91d-158f-4bbd-affd-12041f62a0d5@group-4D1C0F2CAC41: changes role from  FOLLOWER to CANDIDATE at term 0 for changeToCandidate
2021-12-08 16:19:19,292 [c93cc91d-158f-4bbd-affd-12041f62a0d5@group-4D1C0F2CAC41-FollowerState] INFO  server.RaftServerConfigKeys (ConfUtils.java:logGet(44)) - raft.server.leaderelection.pre-vote = false (custom)
2021-12-08 16:19:19,292 [c93cc91d-158f-4bbd-affd-12041f62a0d5@group-4D1C0F2CAC41-FollowerState] INFO  impl.RoleInfo (RoleInfo.java:updateAndGet(130)) - c93cc91d-158f-4bbd-affd-12041f62a0d5: start c93cc91d-158f-4bbd-affd-12041f62a0d5@group-4D1C0F2CAC41-LeaderElection18
2021-12-08 16:19:19,309 [c93cc91d-158f-4bbd-affd-12041f62a0d5@group-4D1C0F2CAC41-LeaderElection18] INFO  impl.LeaderElection (LeaderElection.java:askForVotes(306)) - c93cc91d-158f-4bbd-affd-12041f62a0d5@group-4D1C0F2CAC41-LeaderElection18 ELECTION round 0: submit vote requests at term 1 for -1: [c93cc91d-158f-4bbd-affd-12041f62a0d5|rpc:10.1.0.47:38941|priority:0, f4224ab0-cbd9-4206-a0cf-eead8be6075d|rpc:10.1.0.47:43145|priority:0, fa0680b8-425f-47f5-898a-3d606569156e|rpc:10.1.0.47:34705|priority:1], old=null
2021-12-08 16:19:19,329 [grpc-default-executor-1] INFO  server.RaftServer$Division (RaftServerImpl.java:requestVote(1046)) - fa0680b8-425f-47f5-898a-3d606569156e@group-4D1C0F2CAC41: receive requestVote(ELECTION, c93cc91d-158f-4bbd-affd-12041f62a0d5, group-4D1C0F2CAC41, 1, (t:0, i:0))
2021-12-08 16:19:19,329 [grpc-default-executor-1] INFO  impl.VoteContext (VoteContext.java:log(48)) - fa0680b8-425f-47f5-898a-3d606569156e@group-4D1C0F2CAC41-FOLLOWER: reject ELECTION from c93cc91d-158f-4bbd-affd-12041f62a0d5: our priority 1 > candidate's priority 0
2021-12-08 16:19:19,329 [grpc-default-executor-1] INFO  server.RaftServer$Division (RaftServerImpl.java:setRole(290)) - fa0680b8-425f-47f5-898a-3d606569156e@group-4D1C0F2CAC41: changes role from  FOLLOWER to FOLLOWER at term 1 for candidate:c93cc91d-158f-4bbd-affd-12041f62a0d5
2021-12-08 16:19:19,329 [grpc-default-executor-1] INFO  impl.RoleInfo (RoleInfo.java:shutdownFollowerState(108)) - fa0680b8-425f-47f5-898a-3d606569156e: shutdown fa0680b8-425f-47f5-898a-3d606569156e@group-4D1C0F2CAC41-FollowerState
2021-12-08 16:19:19,329 [grpc-default-executor-1] INFO  impl.RoleInfo (RoleInfo.java:updateAndGet(130)) - fa0680b8-425f-47f5-898a-3d606569156e: start fa0680b8-425f-47f5-898a-3d606569156e@group-4D1C0F2CAC41-FollowerState
2021-12-08 16:19:19,332 [fa0680b8-425f-47f5-898a-3d606569156e@group-4D1C0F2CAC41-FollowerState] INFO  impl.FollowerState (FollowerState.java:run(143)) - fa0680b8-425f-47f5-898a-3d606569156e@group-4D1C0F2CAC41-FollowerState was interrupted: {}
java.lang.InterruptedException: sleep interrupted
	at java.lang.Thread.sleep(Native Method)
	at java.lang.Thread.sleep(Thread.java:340)
	at java.util.concurrent.TimeUnit.sleep(TimeUnit.java:386)
	at org.apache.ratis.util.TimeDuration.sleep(TimeDuration.java:324)
	at org.apache.ratis.util.TimeDuration.sleep(TimeDuration.java:309)
	at org.apache.ratis.server.impl.FollowerState.run(FollowerState.java:118)
2021-12-08 16:19:19,346 [grpc-default-executor-1] INFO  server.RaftServer$Division (RaftServerImpl.java:requestVote(1078)) - fa0680b8-425f-47f5-898a-3d606569156e@group-4D1C0F2CAC41 replies to ELECTION vote request: c93cc91d-158f-4bbd-affd-12041f62a0d5<-fa0680b8-425f-47f5-898a-3d606569156e#0:FAIL-t1. Peer's state: fa0680b8-425f-47f5-898a-3d606569156e@group-4D1C0F2CAC41:t1, leader=null, voted=null, raftlog=fa0680b8-425f-47f5-898a-3d606569156e@group-4D1C0F2CAC41-SegmentedRaftLog:OPENED:c-1, conf=-1: [c93cc91d-158f-4bbd-affd-12041f62a0d5|rpc:10.1.0.47:38941|dataStream:|priority:0, f4224ab0-cbd9-4206-a0cf-eead8be6075d|rpc:10.1.0.47:43145|dataStream:|priority:0, fa0680b8-425f-47f5-898a-3d606569156e|rpc:10.1.0.47:34705|dataStream:|priority:1], old=null
2021-12-08 16:19:19,347 [grpc-default-executor-0] INFO  server.RaftServer$Division (RaftServerImpl.java:requestVote(1046)) - f4224ab0-cbd9-4206-a0cf-eead8be6075d@group-4D1C0F2CAC41: receive requestVote(ELECTION, c93cc91d-158f-4bbd-affd-12041f62a0d5, group-4D1C0F2CAC41, 1, (t:0, i:0))
2021-12-08 16:19:19,347 [grpc-default-executor-0] INFO  impl.VoteContext (VoteContext.java:log(48)) - f4224ab0-cbd9-4206-a0cf-eead8be6075d@group-4D1C0F2CAC41-FOLLOWER: accept ELECTION from c93cc91d-158f-4bbd-affd-12041f62a0d5: our priority 0 <= candidate's priority 0
2021-12-08 16:19:19,347 [grpc-default-executor-0] INFO  server.RaftServer$Division (RaftServerImpl.java:setRole(290)) - f4224ab0-cbd9-4206-a0cf-eead8be6075d@group-4D1C0F2CAC41: changes role from  FOLLOWER to FOLLOWER at term 1 for candidate:c93cc91d-158f-4bbd-affd-12041f62a0d5
2021-12-08 16:19:19,347 [grpc-default-executor-0] INFO  impl.RoleInfo (RoleInfo.java:shutdownFollowerState(108)) - f4224ab0-cbd9-4206-a0cf-eead8be6075d: shutdown f4224ab0-cbd9-4206-a0cf-eead8be6075d@group-4D1C0F2CAC41-FollowerState
2021-12-08 16:19:19,347 [grpc-default-executor-0] INFO  impl.RoleInfo (RoleInfo.java:updateAndGet(130)) - f4224ab0-cbd9-4206-a0cf-eead8be6075d: start f4224ab0-cbd9-4206-a0cf-eead8be6075d@group-4D1C0F2CAC41-FollowerState
2021-12-08 16:19:19,352 [f4224ab0-cbd9-4206-a0cf-eead8be6075d@group-4D1C0F2CAC41-FollowerState] INFO  impl.FollowerState (FollowerState.java:run(143)) - f4224ab0-cbd9-4206-a0cf-eead8be6075d@group-4D1C0F2CAC41-FollowerState was interrupted: {}
java.lang.InterruptedException: sleep interrupted
	at java.lang.Thread.sleep(Native Method)
	at java.lang.Thread.sleep(Thread.java:340)
	at java.util.concurrent.TimeUnit.sleep(TimeUnit.java:386)
	at org.apache.ratis.util.TimeDuration.sleep(TimeDuration.java:324)
	at org.apache.ratis.util.TimeDuration.sleep(TimeDuration.java:309)
	at org.apache.ratis.server.impl.FollowerState.run(FollowerState.java:118)
2021-12-08 16:19:19,359 [grpc-default-executor-0] INFO  server.RaftServer$Division (RaftServerImpl.java:requestVote(1078)) - f4224ab0-cbd9-4206-a0cf-eead8be6075d@group-4D1C0F2CAC41 replies to ELECTION vote request: c93cc91d-158f-4bbd-affd-12041f62a0d5<-f4224ab0-cbd9-4206-a0cf-eead8be6075d#0:OK-t1. Peer's state: f4224ab0-cbd9-4206-a0cf-eead8be6075d@group-4D1C0F2CAC41:t1, leader=null, voted=c93cc91d-158f-4bbd-affd-12041f62a0d5, raftlog=f4224ab0-cbd9-4206-a0cf-eead8be6075d@group-4D1C0F2CAC41-SegmentedRaftLog:OPENED:c-1, conf=-1: [c93cc91d-158f-4bbd-affd-12041f62a0d5|rpc:10.1.0.47:38941|dataStream:|priority:0, f4224ab0-cbd9-4206-a0cf-eead8be6075d|rpc:10.1.0.47:43145|dataStream:|priority:0, fa0680b8-425f-47f5-898a-3d606569156e|rpc:10.1.0.47:34705|dataStream:|priority:1], old=null
2021-12-08 16:19:19,355 [c93cc91d-158f-4bbd-affd-12041f62a0d5@group-4D1C0F2CAC41-LeaderElection18] INFO  impl.LeaderElection (LeaderElection.java:logAndReturn(89)) - c93cc91d-158f-4bbd-affd-12041f62a0d5@group-4D1C0F2CAC41-LeaderElection18: ELECTION REJECTED received 1 response(s) and 0 exception(s):
2021-12-08 16:19:19,367 [c93cc91d-158f-4bbd-affd-12041f62a0d5@group-4D1C0F2CAC41-LeaderElection18] INFO  impl.LeaderElection (LeaderElection.java:logAndReturn(93)) -   Response 0: c93cc91d-158f-4bbd-affd-12041f62a0d5<-fa0680b8-425f-47f5-898a-3d606569156e#0:FAIL-t1
2021-12-08 16:19:19,367 [c93cc91d-158f-4bbd-affd-12041f62a0d5@group-4D1C0F2CAC41-LeaderElection18] INFO  impl.LeaderElection (LeaderElection.java:askForVotes(308)) - c93cc91d-158f-4bbd-affd-12041f62a0d5@group-4D1C0F2CAC41-LeaderElection18 ELECTION round 0: result REJECTED
2021-12-08 16:19:19,367 [c93cc91d-158f-4bbd-affd-12041f62a0d5@group-4D1C0F2CAC41-LeaderElection18] INFO  server.RaftServer$Division (RaftServerImpl.java:setRole(290)) - c93cc91d-158f-4bbd-affd-12041f62a0d5@group-4D1C0F2CAC41: changes role from CANDIDATE to FOLLOWER at term 1 for REJECTED
2021-12-08 16:19:19,367 [c93cc91d-158f-4bbd-affd-12041f62a0d5@group-4D1C0F2CAC41-LeaderElection18] INFO  impl.RoleInfo (RoleInfo.java:shutdownLeaderElection(121)) - c93cc91d-158f-4bbd-affd-12041f62a0d5: shutdown c93cc91d-158f-4bbd-affd-12041f62a0d5@group-4D1C0F2CAC41-LeaderElection18
2021-12-08 16:19:19,367 [c93cc91d-158f-4bbd-affd-12041f62a0d5@group-4D1C0F2CAC41-LeaderElection18] INFO  impl.RoleInfo (RoleInfo.java:updateAndGet(130)) - c93cc91d-158f-4bbd-affd-12041f62a0d5: start c93cc91d-158f-4bbd-affd-12041f62a0d5@group-4D1C0F2CAC41-FollowerState
2021-12-08 16:19:19,661 [fa0680b8-425f-47f5-898a-3d606569156e@group-B1933DB6F93E-FollowerState] INFO  impl.FollowerState (FollowerState.java:run(134)) - fa0680b8-425f-47f5-898a-3d606569156e@group-B1933DB6F93E-FollowerState: change to CANDIDATE, lastRpcElapsedTime:5164383700ns, electionTimeout:5158ms
2021-12-08 16:19:19,662 [fa0680b8-425f-47f5-898a-3d606569156e@group-B1933DB6F93E-FollowerState] INFO  impl.RoleInfo (RoleInfo.java:shutdownFollowerState(108)) - fa0680b8-425f-47f5-898a-3d606569156e: shutdown fa0680b8-425f-47f5-898a-3d606569156e@group-B1933DB6F93E-FollowerState
2021-12-08 16:19:19,663 [fa0680b8-425f-47f5-898a-3d606569156e@group-B1933DB6F93E-FollowerState] INFO  server.RaftServer$Division (RaftServerImpl.java:setRole(290)) - fa0680b8-425f-47f5-898a-3d606569156e@group-B1933DB6F93E: changes role from  FOLLOWER to CANDIDATE at term 0 for changeToCandidate
2021-12-08 16:19:19,663 [fa0680b8-425f-47f5-898a-3d606569156e@group-B1933DB6F93E-FollowerState] INFO  server.RaftServerConfigKeys (ConfUtils.java:logGet(44)) - raft.server.leaderelection.pre-vote = false (custom)
2021-12-08 16:19:19,663 [fa0680b8-425f-47f5-898a-3d606569156e@group-B1933DB6F93E-FollowerState] INFO  impl.RoleInfo (RoleInfo.java:updateAndGet(130)) - fa0680b8-425f-47f5-898a-3d606569156e: start fa0680b8-425f-47f5-898a-3d606569156e@group-B1933DB6F93E-LeaderElection19
2021-12-08 16:19:19,681 [fa0680b8-425f-47f5-898a-3d606569156e@group-B1933DB6F93E-LeaderElection19] INFO  impl.LeaderElection (LeaderElection.java:askForVotes(306)) - fa0680b8-425f-47f5-898a-3d606569156e@group-B1933DB6F93E-LeaderElection19 ELECTION round 0: submit vote requests at term 1 for -1: [fa0680b8-425f-47f5-898a-3d606569156e|rpc:10.1.0.47:34705|priority:1], old=null
2021-12-08 16:19:19,681 [fa0680b8-425f-47f5-898a-3d606569156e@group-B1933DB6F93E-LeaderElection19] INFO  impl.LeaderElection (LeaderElection.java:askForVotes(308)) - fa0680b8-425f-47f5-898a-3d606569156e@group-B1933DB6F93E-LeaderElection19 ELECTION round 0: result PASSED (term=1)
2021-12-08 16:19:19,681 [fa0680b8-425f-47f5-898a-3d606569156e@group-B1933DB6F93E-LeaderElection19] INFO  impl.RoleInfo (RoleInfo.java:shutdownLeaderElection(121)) - fa0680b8-425f-47f5-898a-3d606569156e: shutdown fa0680b8-425f-47f5-898a-3d606569156e@group-B1933DB6F93E-LeaderElection19
2021-12-08 16:19:19,681 [fa0680b8-425f-47f5-898a-3d606569156e@group-B1933DB6F93E-LeaderElection19] INFO  server.RaftServer$Division (RaftServerImpl.java:setRole(290)) - fa0680b8-425f-47f5-898a-3d606569156e@group-B1933DB6F93E: changes role from CANDIDATE to LEADER at term 1 for changeToLeader
2021-12-08 16:19:19,681 [fa0680b8-425f-47f5-898a-3d606569156e@group-B1933DB6F93E-LeaderElection19] INFO  ratis.XceiverServerRatis (XceiverServerRatis.java:handleLeaderChangedNotification(866)) - Leader change notification received for group: group-B1933DB6F93E with new leaderId: fa0680b8-425f-47f5-898a-3d606569156e
2021-12-08 16:19:19,682 [fa0680b8-425f-47f5-898a-3d606569156e@group-B1933DB6F93E-LeaderElection19] INFO  server.RaftServer$Division (ServerState.java:setLeader(285)) - fa0680b8-425f-47f5-898a-3d606569156e@group-B1933DB6F93E: change Leader from null to fa0680b8-425f-47f5-898a-3d606569156e at term 1 for becomeLeader, leader elected after 5204ms
2021-12-08 16:19:19,682 [fa0680b8-425f-47f5-898a-3d606569156e@group-B1933DB6F93E-LeaderElection19] INFO  server.RaftServerConfigKeys (ConfUtils.java:logGet(44)) - raft.server.staging.catchup.gap = 1000 (default)
2021-12-08 16:19:19,683 [EventQueue-OpenPipelineForHealthyPipelineSafeModeRule] INFO  safemode.SCMSafeModeManager (HealthyPipelineSafeModeRule.java:process(124)) - SCM in safe mode. Healthy pipelines reported count is 0, required healthy pipeline reported count is 1
2021-12-08 16:19:19,684 [fa0680b8-425f-47f5-898a-3d606569156e@group-B1933DB6F93E-LeaderElection19] INFO  server.RaftServerConfigKeys (ConfUtils.java:logGet(44)) - raft.server.write.element-limit = 1024 (custom)
2021-12-08 16:19:19,684 [fa0680b8-425f-47f5-898a-3d606569156e@group-B1933DB6F93E-LeaderElection19] INFO  server.RaftServerConfigKeys (ConfUtils.java:logGet(44)) - raft.server.write.byte-limit = 1024 M (=1073741824) (custom)
2021-12-08 16:19:19,684 [fa0680b8-425f-47f5-898a-3d606569156e@group-B1933DB6F93E-LeaderElection19] INFO  server.RaftServerConfigKeys (ConfUtils.java:logGet(44)) - raft.server.watch.timeout = 180s (custom)
2021-12-08 16:19:19,684 [fa0680b8-425f-47f5-898a-3d606569156e@group-B1933DB6F93E-LeaderElection19] INFO  server.RaftServerConfigKeys (ConfUtils.java:logGet(44)) - raft.server.watch.timeout.denomination = 1s (default)
2021-12-08 16:19:19,684 [fa0680b8-425f-47f5-898a-3d606569156e@group-B1933DB6F93E-LeaderElection19] INFO  server.RaftServerConfigKeys (ConfUtils.java:logGet(44)) - raft.server.watch.element-limit = 65536 (default)
2021-12-08 16:19:19,685 [fa0680b8-425f-47f5-898a-3d606569156e@group-B1933DB6F93E-LeaderElection19] INFO  server.RaftServerConfigKeys (ConfUtils.java:logGet(44)) - raft.server.write.element-limit = 1024 (custom)
2021-12-08 16:19:19,685 [fa0680b8-425f-47f5-898a-3d606569156e@group-B1933DB6F93E-LeaderElection19] INFO  server.RaftServerConfigKeys (ConfUtils.java:logGet(44)) - raft.server.write.follower.gap.ratio.max = -1.0 (default)
2021-12-08 16:19:19,685 [fa0680b8-425f-47f5-898a-3d606569156e@group-B1933DB6F93E-LeaderElection19] INFO  impl.RoleInfo (RoleInfo.java:updateAndGet(130)) - fa0680b8-425f-47f5-898a-3d606569156e: start fa0680b8-425f-47f5-898a-3d606569156e@group-B1933DB6F93E-LeaderStateImpl
2021-12-08 16:19:19,685 [fa0680b8-425f-47f5-898a-3d606569156e@group-B1933DB6F93E-LeaderElection19] INFO  segmented.SegmentedRaftLogWorker (SegmentedRaftLogWorker.java:startLogSegment(394)) - fa0680b8-425f-47f5-898a-3d606569156e@group-B1933DB6F93E-SegmentedRaftLogWorker: Starting segment from index:0
2021-12-08 16:19:19,687 [fa0680b8-425f-47f5-898a-3d606569156e@group-B1933DB6F93E-LeaderElection19] INFO  server.RaftServer$Division (ServerState.java:setRaftConf(387)) - fa0680b8-425f-47f5-898a-3d606569156e@group-B1933DB6F93E: set configuration 0: [fa0680b8-425f-47f5-898a-3d606569156e|rpc:10.1.0.47:34705|dataStream:|priority:1], old=null
2021-12-08 16:19:19,692 [fa0680b8-425f-47f5-898a-3d606569156e@group-B1933DB6F93E-SegmentedRaftLogWorker] INFO  segmented.SegmentedRaftLogWorker (SegmentedRaftLogWorker.java:execute(601)) - fa0680b8-425f-47f5-898a-3d606569156e@group-B1933DB6F93E-SegmentedRaftLogWorker: created new log segment /home/runner/work/ozone/ozone/hadoop-ozone/integration-test/target/test-dir/MiniOzoneClusterImpl-52fbfdab-5ffe-473a-8528-eacaa1fd0e12/datanode-1/data/ratis/15000e1d-3d84-407f-b27e-b1933db6f93e/current/log_inprogress_0
2021-12-08 16:19:19,843 [Listener at 127.0.0.1/42249] INFO  ozone.MiniOzoneClusterImpl (MiniOzoneClusterImpl.java:lambda$waitForClusterToBeReady$0(235)) - Nodes are ready. Got 3 of 3 DN Heartbeats.
2021-12-08 16:19:19,843 [Listener at 127.0.0.1/42249] INFO  ozone.MiniOzoneClusterImpl (MiniOzoneClusterImpl.java:lambda$waitForClusterToBeReady$0(238)) - Waiting for cluster to exit safe mode
2021-12-08 16:19:19,843 [Listener at 127.0.0.1/42249] INFO  ozone.MiniOzoneClusterImpl (MiniOzoneClusterImpl.java:lambda$waitForClusterToBeReady$0(240)) - SCM became leader
2021-12-08 16:19:20,005 [f4224ab0-cbd9-4206-a0cf-eead8be6075d@group-7443BA848253-FollowerState] INFO  impl.FollowerState (FollowerState.java:run(134)) - f4224ab0-cbd9-4206-a0cf-eead8be6075d@group-7443BA848253-FollowerState: change to CANDIDATE, lastRpcElapsedTime:5116079495ns, electionTimeout:5108ms
2021-12-08 16:19:20,005 [f4224ab0-cbd9-4206-a0cf-eead8be6075d@group-7443BA848253-FollowerState] INFO  impl.RoleInfo (RoleInfo.java:shutdownFollowerState(108)) - f4224ab0-cbd9-4206-a0cf-eead8be6075d: shutdown f4224ab0-cbd9-4206-a0cf-eead8be6075d@group-7443BA848253-FollowerState
2021-12-08 16:19:20,006 [f4224ab0-cbd9-4206-a0cf-eead8be6075d@group-7443BA848253-FollowerState] INFO  server.RaftServer$Division (RaftServerImpl.java:setRole(290)) - f4224ab0-cbd9-4206-a0cf-eead8be6075d@group-7443BA848253: changes role from  FOLLOWER to CANDIDATE at term 0 for changeToCandidate
2021-12-08 16:19:20,006 [f4224ab0-cbd9-4206-a0cf-eead8be6075d@group-7443BA848253-FollowerState] INFO  server.RaftServerConfigKeys (ConfUtils.java:logGet(44)) - raft.server.leaderelection.pre-vote = false (custom)
2021-12-08 16:19:20,006 [f4224ab0-cbd9-4206-a0cf-eead8be6075d@group-7443BA848253-FollowerState] INFO  impl.RoleInfo (RoleInfo.java:updateAndGet(130)) - f4224ab0-cbd9-4206-a0cf-eead8be6075d: start f4224ab0-cbd9-4206-a0cf-eead8be6075d@group-7443BA848253-LeaderElection20
2021-12-08 16:19:20,016 [f4224ab0-cbd9-4206-a0cf-eead8be6075d@group-7443BA848253-LeaderElection20] INFO  impl.LeaderElection (LeaderElection.java:askForVotes(306)) - f4224ab0-cbd9-4206-a0cf-eead8be6075d@group-7443BA848253-LeaderElection20 ELECTION round 0: submit vote requests at term 1 for -1: [f4224ab0-cbd9-4206-a0cf-eead8be6075d|rpc:10.1.0.47:43145|priority:1], old=null
2021-12-08 16:19:20,016 [f4224ab0-cbd9-4206-a0cf-eead8be6075d@group-7443BA848253-LeaderElection20] INFO  impl.LeaderElection (LeaderElection.java:askForVotes(308)) - f4224ab0-cbd9-4206-a0cf-eead8be6075d@group-7443BA848253-LeaderElection20 ELECTION round 0: result PASSED (term=1)
2021-12-08 16:19:20,016 [f4224ab0-cbd9-4206-a0cf-eead8be6075d@group-7443BA848253-LeaderElection20] INFO  impl.RoleInfo (RoleInfo.java:shutdownLeaderElection(121)) - f4224ab0-cbd9-4206-a0cf-eead8be6075d: shutdown f4224ab0-cbd9-4206-a0cf-eead8be6075d@group-7443BA848253-LeaderElection20
2021-12-08 16:19:20,016 [f4224ab0-cbd9-4206-a0cf-eead8be6075d@group-7443BA848253-LeaderElection20] INFO  server.RaftServer$Division (RaftServerImpl.java:setRole(290)) - f4224ab0-cbd9-4206-a0cf-eead8be6075d@group-7443BA848253: changes role from CANDIDATE to LEADER at term 1 for changeToLeader
2021-12-08 16:19:20,016 [f4224ab0-cbd9-4206-a0cf-eead8be6075d@group-7443BA848253-LeaderElection20] INFO  ratis.XceiverServerRatis (XceiverServerRatis.java:handleLeaderChangedNotification(866)) - Leader change notification received for group: group-7443BA848253 with new leaderId: f4224ab0-cbd9-4206-a0cf-eead8be6075d
2021-12-08 16:19:20,018 [f4224ab0-cbd9-4206-a0cf-eead8be6075d@group-7443BA848253-LeaderElection20] INFO  server.RaftServer$Division (ServerState.java:setLeader(285)) - f4224ab0-cbd9-4206-a0cf-eead8be6075d@group-7443BA848253: change Leader from null to f4224ab0-cbd9-4206-a0cf-eead8be6075d at term 1 for becomeLeader, leader elected after 5144ms
2021-12-08 16:19:20,019 [EventQueue-OpenPipelineForHealthyPipelineSafeModeRule] INFO  safemode.SCMSafeModeManager (HealthyPipelineSafeModeRule.java:process(124)) - SCM in safe mode. Healthy pipelines reported count is 0, required healthy pipeline reported count is 1
2021-12-08 16:19:20,019 [f4224ab0-cbd9-4206-a0cf-eead8be6075d@group-7443BA848253-LeaderElection20] INFO  server.RaftServerConfigKeys (ConfUtils.java:logGet(44)) - raft.server.staging.catchup.gap = 1000 (default)
2021-12-08 16:19:20,019 [f4224ab0-cbd9-4206-a0cf-eead8be6075d@group-7443BA848253-LeaderElection20] INFO  server.RaftServerConfigKeys (ConfUtils.java:logGet(44)) - raft.server.write.element-limit = 1024 (custom)
2021-12-08 16:19:20,019 [f4224ab0-cbd9-4206-a0cf-eead8be6075d@group-7443BA848253-LeaderElection20] INFO  server.RaftServerConfigKeys (ConfUtils.java:logGet(44)) - raft.server.write.byte-limit = 1024 M (=1073741824) (custom)
2021-12-08 16:19:20,019 [f4224ab0-cbd9-4206-a0cf-eead8be6075d@group-7443BA848253-LeaderElection20] INFO  server.RaftServerConfigKeys (ConfUtils.java:logGet(44)) - raft.server.watch.timeout = 180s (custom)
2021-12-08 16:19:20,020 [f4224ab0-cbd9-4206-a0cf-eead8be6075d@group-7443BA848253-LeaderElection20] INFO  server.RaftServerConfigKeys (ConfUtils.java:logGet(44)) - raft.server.watch.timeout.denomination = 1s (default)
2021-12-08 16:19:20,020 [f4224ab0-cbd9-4206-a0cf-eead8be6075d@group-7443BA848253-LeaderElection20] INFO  server.RaftServerConfigKeys (ConfUtils.java:logGet(44)) - raft.server.watch.element-limit = 65536 (default)
2021-12-08 16:19:20,020 [f4224ab0-cbd9-4206-a0cf-eead8be6075d@group-7443BA848253-LeaderElection20] INFO  server.RaftServerConfigKeys (ConfUtils.java:logGet(44)) - raft.server.write.element-limit = 1024 (custom)
2021-12-08 16:19:20,020 [f4224ab0-cbd9-4206-a0cf-eead8be6075d@group-7443BA848253-LeaderElection20] INFO  server.RaftServerConfigKeys (ConfUtils.java:logGet(44)) - raft.server.write.follower.gap.ratio.max = -1.0 (default)
2021-12-08 16:19:20,020 [f4224ab0-cbd9-4206-a0cf-eead8be6075d@group-7443BA848253-LeaderElection20] INFO  impl.RoleInfo (RoleInfo.java:updateAndGet(130)) - f4224ab0-cbd9-4206-a0cf-eead8be6075d: start f4224ab0-cbd9-4206-a0cf-eead8be6075d@group-7443BA848253-LeaderStateImpl
2021-12-08 16:19:20,020 [f4224ab0-cbd9-4206-a0cf-eead8be6075d@group-7443BA848253-LeaderElection20] INFO  segmented.SegmentedRaftLogWorker (SegmentedRaftLogWorker.java:startLogSegment(394)) - f4224ab0-cbd9-4206-a0cf-eead8be6075d@group-7443BA848253-SegmentedRaftLogWorker: Starting segment from index:0
2021-12-08 16:19:20,021 [f4224ab0-cbd9-4206-a0cf-eead8be6075d@group-7443BA848253-SegmentedRaftLogWorker] INFO  segmented.SegmentedRaftLogWorker (SegmentedRaftLogWorker.java:execute(601)) - f4224ab0-cbd9-4206-a0cf-eead8be6075d@group-7443BA848253-SegmentedRaftLogWorker: created new log segment /home/runner/work/ozone/ozone/hadoop-ozone/integration-test/target/test-dir/MiniOzoneClusterImpl-52fbfdab-5ffe-473a-8528-eacaa1fd0e12/datanode-2/data/ratis/a68a6d48-cb80-4727-997c-7443ba848253/current/log_inprogress_0
2021-12-08 16:19:20,038 [f4224ab0-cbd9-4206-a0cf-eead8be6075d@group-7443BA848253-LeaderElection20] INFO  server.RaftServer$Division (ServerState.java:setRaftConf(387)) - f4224ab0-cbd9-4206-a0cf-eead8be6075d@group-7443BA848253: set configuration 0: [f4224ab0-cbd9-4206-a0cf-eead8be6075d|rpc:10.1.0.47:43145|dataStream:|priority:1], old=null
2021-12-08 16:19:20,843 [Listener at 127.0.0.1/42249] INFO  ozone.MiniOzoneClusterImpl (MiniOzoneClusterImpl.java:lambda$waitForClusterToBeReady$0(235)) - Nodes are ready. Got 3 of 3 DN Heartbeats.
2021-12-08 16:19:20,843 [Listener at 127.0.0.1/42249] INFO  ozone.MiniOzoneClusterImpl (MiniOzoneClusterImpl.java:lambda$waitForClusterToBeReady$0(238)) - Waiting for cluster to exit safe mode
2021-12-08 16:19:20,843 [Listener at 127.0.0.1/42249] INFO  ozone.MiniOzoneClusterImpl (MiniOzoneClusterImpl.java:lambda$waitForClusterToBeReady$0(240)) - SCM became leader
2021-12-08 16:19:21,844 [Listener at 127.0.0.1/42249] INFO  ozone.MiniOzoneClusterImpl (MiniOzoneClusterImpl.java:lambda$waitForClusterToBeReady$0(235)) - Nodes are ready. Got 3 of 3 DN Heartbeats.
2021-12-08 16:19:21,844 [Listener at 127.0.0.1/42249] INFO  ozone.MiniOzoneClusterImpl (MiniOzoneClusterImpl.java:lambda$waitForClusterToBeReady$0(238)) - Waiting for cluster to exit safe mode
2021-12-08 16:19:21,844 [Listener at 127.0.0.1/42249] INFO  ozone.MiniOzoneClusterImpl (MiniOzoneClusterImpl.java:lambda$waitForClusterToBeReady$0(240)) - SCM became leader
2021-12-08 16:19:22,844 [Listener at 127.0.0.1/42249] INFO  ozone.MiniOzoneClusterImpl (MiniOzoneClusterImpl.java:lambda$waitForClusterToBeReady$0(235)) - Nodes are ready. Got 3 of 3 DN Heartbeats.
2021-12-08 16:19:22,844 [Listener at 127.0.0.1/42249] INFO  ozone.MiniOzoneClusterImpl (MiniOzoneClusterImpl.java:lambda$waitForClusterToBeReady$0(238)) - Waiting for cluster to exit safe mode
2021-12-08 16:19:22,845 [Listener at 127.0.0.1/42249] INFO  ozone.MiniOzoneClusterImpl (MiniOzoneClusterImpl.java:lambda$waitForClusterToBeReady$0(240)) - SCM became leader
2021-12-08 16:19:23,845 [Listener at 127.0.0.1/42249] INFO  ozone.MiniOzoneClusterImpl (MiniOzoneClusterImpl.java:lambda$waitForClusterToBeReady$0(235)) - Nodes are ready. Got 3 of 3 DN Heartbeats.
2021-12-08 16:19:23,845 [Listener at 127.0.0.1/42249] INFO  ozone.MiniOzoneClusterImpl (MiniOzoneClusterImpl.java:lambda$waitForClusterToBeReady$0(238)) - Waiting for cluster to exit safe mode
2021-12-08 16:19:23,845 [Listener at 127.0.0.1/42249] INFO  ozone.MiniOzoneClusterImpl (MiniOzoneClusterImpl.java:lambda$waitForClusterToBeReady$0(240)) - SCM became leader
2021-12-08 16:19:24,194 [fa0680b8-425f-47f5-898a-3d606569156e@group-DFF0BB80C9DD-FollowerState] INFO  impl.FollowerState (FollowerState.java:run(134)) - fa0680b8-425f-47f5-898a-3d606569156e@group-DFF0BB80C9DD-FollowerState: change to CANDIDATE, lastRpcElapsedTime:5041436007ns, electionTimeout:5041ms
2021-12-08 16:19:24,194 [fa0680b8-425f-47f5-898a-3d606569156e@group-DFF0BB80C9DD-FollowerState] INFO  impl.RoleInfo (RoleInfo.java:shutdownFollowerState(108)) - fa0680b8-425f-47f5-898a-3d606569156e: shutdown fa0680b8-425f-47f5-898a-3d606569156e@group-DFF0BB80C9DD-FollowerState
2021-12-08 16:19:24,194 [fa0680b8-425f-47f5-898a-3d606569156e@group-DFF0BB80C9DD-FollowerState] INFO  server.RaftServer$Division (RaftServerImpl.java:setRole(290)) - fa0680b8-425f-47f5-898a-3d606569156e@group-DFF0BB80C9DD: changes role from  FOLLOWER to CANDIDATE at term 1 for changeToCandidate
2021-12-08 16:19:24,194 [fa0680b8-425f-47f5-898a-3d606569156e@group-DFF0BB80C9DD-FollowerState] INFO  server.RaftServerConfigKeys (ConfUtils.java:logGet(44)) - raft.server.leaderelection.pre-vote = false (custom)
2021-12-08 16:19:24,194 [fa0680b8-425f-47f5-898a-3d606569156e@group-DFF0BB80C9DD-FollowerState] INFO  impl.RoleInfo (RoleInfo.java:updateAndGet(130)) - fa0680b8-425f-47f5-898a-3d606569156e: start fa0680b8-425f-47f5-898a-3d606569156e@group-DFF0BB80C9DD-LeaderElection21
2021-12-08 16:19:24,207 [fa0680b8-425f-47f5-898a-3d606569156e@group-DFF0BB80C9DD-LeaderElection21] INFO  impl.LeaderElection (LeaderElection.java:askForVotes(306)) - fa0680b8-425f-47f5-898a-3d606569156e@group-DFF0BB80C9DD-LeaderElection21 ELECTION round 0: submit vote requests at term 2 for -1: [c93cc91d-158f-4bbd-affd-12041f62a0d5|rpc:10.1.0.47:38941|dataStream:|priority:0, f4224ab0-cbd9-4206-a0cf-eead8be6075d|rpc:10.1.0.47:43145|dataStream:|priority:1, fa0680b8-425f-47f5-898a-3d606569156e|rpc:10.1.0.47:34705|dataStream:|priority:0], old=null
2021-12-08 16:19:24,223 [c93cc91d-158f-4bbd-affd-12041f62a0d5@group-DFF0BB80C9DD-FollowerState] INFO  impl.FollowerState (FollowerState.java:run(134)) - c93cc91d-158f-4bbd-affd-12041f62a0d5@group-DFF0BB80C9DD-FollowerState: change to CANDIDATE, lastRpcElapsedTime:5101133399ns, electionTimeout:5092ms
2021-12-08 16:19:24,223 [c93cc91d-158f-4bbd-affd-12041f62a0d5@group-DFF0BB80C9DD-FollowerState] INFO  impl.RoleInfo (RoleInfo.java:shutdownFollowerState(108)) - c93cc91d-158f-4bbd-affd-12041f62a0d5: shutdown c93cc91d-158f-4bbd-affd-12041f62a0d5@group-DFF0BB80C9DD-FollowerState
2021-12-08 16:19:24,223 [c93cc91d-158f-4bbd-affd-12041f62a0d5@group-DFF0BB80C9DD-FollowerState] INFO  server.RaftServer$Division (RaftServerImpl.java:setRole(290)) - c93cc91d-158f-4bbd-affd-12041f62a0d5@group-DFF0BB80C9DD: changes role from  FOLLOWER to CANDIDATE at term 1 for changeToCandidate
2021-12-08 16:19:24,223 [c93cc91d-158f-4bbd-affd-12041f62a0d5@group-DFF0BB80C9DD-FollowerState] INFO  server.RaftServerConfigKeys (ConfUtils.java:logGet(44)) - raft.server.leaderelection.pre-vote = false (custom)
2021-12-08 16:19:24,223 [c93cc91d-158f-4bbd-affd-12041f62a0d5@group-DFF0BB80C9DD-FollowerState] INFO  impl.RoleInfo (RoleInfo.java:updateAndGet(130)) - c93cc91d-158f-4bbd-affd-12041f62a0d5: start c93cc91d-158f-4bbd-affd-12041f62a0d5@group-DFF0BB80C9DD-LeaderElection22
2021-12-08 16:19:24,229 [grpc-default-executor-0] INFO  server.RaftServer$Division (RaftServerImpl.java:requestVote(1046)) - c93cc91d-158f-4bbd-affd-12041f62a0d5@group-DFF0BB80C9DD: receive requestVote(ELECTION, fa0680b8-425f-47f5-898a-3d606569156e, group-DFF0BB80C9DD, 2, (t:0, i:0))
2021-12-08 16:19:24,230 [grpc-default-executor-0] INFO  impl.VoteContext (VoteContext.java:log(48)) - c93cc91d-158f-4bbd-affd-12041f62a0d5@group-DFF0BB80C9DD-CANDIDATE: accept ELECTION from fa0680b8-425f-47f5-898a-3d606569156e: our priority 0 <= candidate's priority 0
2021-12-08 16:19:24,230 [grpc-default-executor-0] INFO  server.RaftServer$Division (RaftServerImpl.java:setRole(290)) - c93cc91d-158f-4bbd-affd-12041f62a0d5@group-DFF0BB80C9DD: changes role from CANDIDATE to FOLLOWER at term 2 for candidate:fa0680b8-425f-47f5-898a-3d606569156e
2021-12-08 16:19:24,230 [grpc-default-executor-0] INFO  impl.RoleInfo (RoleInfo.java:shutdownLeaderElection(121)) - c93cc91d-158f-4bbd-affd-12041f62a0d5: shutdown c93cc91d-158f-4bbd-affd-12041f62a0d5@group-DFF0BB80C9DD-LeaderElection22
2021-12-08 16:19:24,230 [grpc-default-executor-0] INFO  impl.RoleInfo (RoleInfo.java:updateAndGet(130)) - c93cc91d-158f-4bbd-affd-12041f62a0d5: start c93cc91d-158f-4bbd-affd-12041f62a0d5@group-DFF0BB80C9DD-FollowerState
2021-12-08 16:19:24,231 [c93cc91d-158f-4bbd-affd-12041f62a0d5@group-DFF0BB80C9DD-LeaderElection22] INFO  impl.LeaderElection (LeaderElection.java:run(230)) - c93cc91d-158f-4bbd-affd-12041f62a0d5@group-DFF0BB80C9DD-LeaderElection22: skip running since this is already CLOSING
2021-12-08 16:19:24,231 [grpc-default-executor-0] INFO  server.RaftServer$Division (RaftServerImpl.java:requestVote(1078)) - c93cc91d-158f-4bbd-affd-12041f62a0d5@group-DFF0BB80C9DD replies to ELECTION vote request: fa0680b8-425f-47f5-898a-3d606569156e<-c93cc91d-158f-4bbd-affd-12041f62a0d5#0:OK-t2. Peer's state: c93cc91d-158f-4bbd-affd-12041f62a0d5@group-DFF0BB80C9DD:t2, leader=null, voted=fa0680b8-425f-47f5-898a-3d606569156e, raftlog=c93cc91d-158f-4bbd-affd-12041f62a0d5@group-DFF0BB80C9DD-SegmentedRaftLog:OPENED:c-1, conf=-1: [c93cc91d-158f-4bbd-affd-12041f62a0d5|rpc:10.1.0.47:38941|priority:0, f4224ab0-cbd9-4206-a0cf-eead8be6075d|rpc:10.1.0.47:43145|priority:1, fa0680b8-425f-47f5-898a-3d606569156e|rpc:10.1.0.47:34705|priority:0], old=null
2021-12-08 16:19:24,247 [grpc-default-executor-0] INFO  server.RaftServer$Division (RaftServerImpl.java:requestVote(1046)) - f4224ab0-cbd9-4206-a0cf-eead8be6075d@group-DFF0BB80C9DD: receive requestVote(ELECTION, fa0680b8-425f-47f5-898a-3d606569156e, group-DFF0BB80C9DD, 2, (t:0, i:0))
2021-12-08 16:19:24,247 [grpc-default-executor-0] INFO  impl.VoteContext (VoteContext.java:log(48)) - f4224ab0-cbd9-4206-a0cf-eead8be6075d@group-DFF0BB80C9DD-FOLLOWER: reject ELECTION from fa0680b8-425f-47f5-898a-3d606569156e: our priority 1 > candidate's priority 0
2021-12-08 16:19:24,247 [grpc-default-executor-0] INFO  server.RaftServer$Division (RaftServerImpl.java:setRole(290)) - f4224ab0-cbd9-4206-a0cf-eead8be6075d@group-DFF0BB80C9DD: changes role from  FOLLOWER to FOLLOWER at term 2 for candidate:fa0680b8-425f-47f5-898a-3d606569156e
2021-12-08 16:19:24,247 [grpc-default-executor-0] INFO  impl.RoleInfo (RoleInfo.java:shutdownFollowerState(108)) - f4224ab0-cbd9-4206-a0cf-eead8be6075d: shutdown f4224ab0-cbd9-4206-a0cf-eead8be6075d@group-DFF0BB80C9DD-FollowerState
2021-12-08 16:19:24,247 [grpc-default-executor-0] INFO  impl.RoleInfo (RoleInfo.java:updateAndGet(130)) - f4224ab0-cbd9-4206-a0cf-eead8be6075d: start f4224ab0-cbd9-4206-a0cf-eead8be6075d@group-DFF0BB80C9DD-FollowerState
2021-12-08 16:19:24,247 [f4224ab0-cbd9-4206-a0cf-eead8be6075d@group-DFF0BB80C9DD-FollowerState] INFO  impl.FollowerState (FollowerState.java:run(143)) - f4224ab0-cbd9-4206-a0cf-eead8be6075d@group-DFF0BB80C9DD-FollowerState was interrupted: {}
java.lang.InterruptedException: sleep interrupted
	at java.lang.Thread.sleep(Native Method)
	at java.lang.Thread.sleep(Thread.java:340)
	at java.util.concurrent.TimeUnit.sleep(TimeUnit.java:386)
	at org.apache.ratis.util.TimeDuration.sleep(TimeDuration.java:324)
	at org.apache.ratis.util.TimeDuration.sleep(TimeDuration.java:309)
	at org.apache.ratis.server.impl.FollowerState.run(FollowerState.java:118)
2021-12-08 16:19:24,255 [grpc-default-executor-0] INFO  server.RaftServer$Division (RaftServerImpl.java:requestVote(1078)) - f4224ab0-cbd9-4206-a0cf-eead8be6075d@group-DFF0BB80C9DD replies to ELECTION vote request: fa0680b8-425f-47f5-898a-3d606569156e<-f4224ab0-cbd9-4206-a0cf-eead8be6075d#0:FAIL-t2. Peer's state: f4224ab0-cbd9-4206-a0cf-eead8be6075d@group-DFF0BB80C9DD:t2, leader=null, voted=null, raftlog=f4224ab0-cbd9-4206-a0cf-eead8be6075d@group-DFF0BB80C9DD-SegmentedRaftLog:OPENED:c-1, conf=-1: [c93cc91d-158f-4bbd-affd-12041f62a0d5|rpc:10.1.0.47:38941|dataStream:|priority:0, f4224ab0-cbd9-4206-a0cf-eead8be6075d|rpc:10.1.0.47:43145|dataStream:|priority:1, fa0680b8-425f-47f5-898a-3d606569156e|rpc:10.1.0.47:34705|dataStream:|priority:0], old=null
2021-12-08 16:19:24,256 [fa0680b8-425f-47f5-898a-3d606569156e@group-DFF0BB80C9DD-LeaderElection21] INFO  impl.LeaderElection (LeaderElection.java:logAndReturn(89)) - fa0680b8-425f-47f5-898a-3d606569156e@group-DFF0BB80C9DD-LeaderElection21: ELECTION REJECTED received 2 response(s) and 0 exception(s):
2021-12-08 16:19:24,256 [fa0680b8-425f-47f5-898a-3d606569156e@group-DFF0BB80C9DD-LeaderElection21] INFO  impl.LeaderElection (LeaderElection.java:logAndReturn(93)) -   Response 0: fa0680b8-425f-47f5-898a-3d606569156e<-c93cc91d-158f-4bbd-affd-12041f62a0d5#0:OK-t2
2021-12-08 16:19:24,256 [fa0680b8-425f-47f5-898a-3d606569156e@group-DFF0BB80C9DD-LeaderElection21] INFO  impl.LeaderElection (LeaderElection.java:logAndReturn(93)) -   Response 1: fa0680b8-425f-47f5-898a-3d606569156e<-f4224ab0-cbd9-4206-a0cf-eead8be6075d#0:FAIL-t2
2021-12-08 16:19:24,256 [fa0680b8-425f-47f5-898a-3d606569156e@group-DFF0BB80C9DD-LeaderElection21] INFO  impl.LeaderElection (LeaderElection.java:askForVotes(308)) - fa0680b8-425f-47f5-898a-3d606569156e@group-DFF0BB80C9DD-LeaderElection21 ELECTION round 0: result REJECTED
2021-12-08 16:19:24,256 [fa0680b8-425f-47f5-898a-3d606569156e@group-DFF0BB80C9DD-LeaderElection21] INFO  server.RaftServer$Division (RaftServerImpl.java:setRole(290)) - fa0680b8-425f-47f5-898a-3d606569156e@group-DFF0BB80C9DD: changes role from CANDIDATE to FOLLOWER at term 2 for REJECTED
2021-12-08 16:19:24,256 [fa0680b8-425f-47f5-898a-3d606569156e@group-DFF0BB80C9DD-LeaderElection21] INFO  impl.RoleInfo (RoleInfo.java:shutdownLeaderElection(121)) - fa0680b8-425f-47f5-898a-3d606569156e: shutdown fa0680b8-425f-47f5-898a-3d606569156e@group-DFF0BB80C9DD-LeaderElection21
2021-12-08 16:19:24,256 [fa0680b8-425f-47f5-898a-3d606569156e@group-DFF0BB80C9DD-LeaderElection21] INFO  impl.RoleInfo (RoleInfo.java:updateAndGet(130)) - fa0680b8-425f-47f5-898a-3d606569156e: start fa0680b8-425f-47f5-898a-3d606569156e@group-DFF0BB80C9DD-FollowerState
2021-12-08 16:19:24,386 [fa0680b8-425f-47f5-898a-3d606569156e@group-4D1C0F2CAC41-FollowerState] INFO  impl.FollowerState (FollowerState.java:run(134)) - fa0680b8-425f-47f5-898a-3d606569156e@group-4D1C0F2CAC41-FollowerState: change to CANDIDATE, lastRpcElapsedTime:5056437828ns, electionTimeout:5030ms
2021-12-08 16:19:24,386 [fa0680b8-425f-47f5-898a-3d606569156e@group-4D1C0F2CAC41-FollowerState] INFO  impl.RoleInfo (RoleInfo.java:shutdownFollowerState(108)) - fa0680b8-425f-47f5-898a-3d606569156e: shutdown fa0680b8-425f-47f5-898a-3d606569156e@group-4D1C0F2CAC41-FollowerState
2021-12-08 16:19:24,386 [fa0680b8-425f-47f5-898a-3d606569156e@group-4D1C0F2CAC41-FollowerState] INFO  server.RaftServer$Division (RaftServerImpl.java:setRole(290)) - fa0680b8-425f-47f5-898a-3d606569156e@group-4D1C0F2CAC41: changes role from  FOLLOWER to CANDIDATE at term 1 for changeToCandidate
2021-12-08 16:19:24,387 [fa0680b8-425f-47f5-898a-3d606569156e@group-4D1C0F2CAC41-FollowerState] INFO  server.RaftServerConfigKeys (ConfUtils.java:logGet(44)) - raft.server.leaderelection.pre-vote = false (custom)
2021-12-08 16:19:24,387 [fa0680b8-425f-47f5-898a-3d606569156e@group-4D1C0F2CAC41-FollowerState] INFO  impl.RoleInfo (RoleInfo.java:updateAndGet(130)) - fa0680b8-425f-47f5-898a-3d606569156e: start fa0680b8-425f-47f5-898a-3d606569156e@group-4D1C0F2CAC41-LeaderElection23
2021-12-08 16:19:24,394 [fa0680b8-425f-47f5-898a-3d606569156e@group-4D1C0F2CAC41-LeaderElection23] INFO  impl.LeaderElection (LeaderElection.java:askForVotes(306)) - fa0680b8-425f-47f5-898a-3d606569156e@group-4D1C0F2CAC41-LeaderElection23 ELECTION round 0: submit vote requests at term 2 for -1: [c93cc91d-158f-4bbd-affd-12041f62a0d5|rpc:10.1.0.47:38941|dataStream:|priority:0, f4224ab0-cbd9-4206-a0cf-eead8be6075d|rpc:10.1.0.47:43145|dataStream:|priority:0, fa0680b8-425f-47f5-898a-3d606569156e|rpc:10.1.0.47:34705|dataStream:|priority:1], old=null
2021-12-08 16:19:24,407 [grpc-default-executor-0] INFO  server.RaftServer$Division (RaftServerImpl.java:requestVote(1046)) - c93cc91d-158f-4bbd-affd-12041f62a0d5@group-4D1C0F2CAC41: receive requestVote(ELECTION, fa0680b8-425f-47f5-898a-3d606569156e, group-4D1C0F2CAC41, 2, (t:0, i:0))
2021-12-08 16:19:24,407 [grpc-default-executor-0] INFO  impl.VoteContext (VoteContext.java:log(48)) - c93cc91d-158f-4bbd-affd-12041f62a0d5@group-4D1C0F2CAC41-FOLLOWER: accept ELECTION from fa0680b8-425f-47f5-898a-3d606569156e: our priority 0 <= candidate's priority 1
2021-12-08 16:19:24,407 [grpc-default-executor-0] INFO  server.RaftServer$Division (RaftServerImpl.java:setRole(290)) - c93cc91d-158f-4bbd-affd-12041f62a0d5@group-4D1C0F2CAC41: changes role from  FOLLOWER to FOLLOWER at term 2 for candidate:fa0680b8-425f-47f5-898a-3d606569156e
2021-12-08 16:19:24,407 [grpc-default-executor-0] INFO  impl.RoleInfo (RoleInfo.java:shutdownFollowerState(108)) - c93cc91d-158f-4bbd-affd-12041f62a0d5: shutdown c93cc91d-158f-4bbd-affd-12041f62a0d5@group-4D1C0F2CAC41-FollowerState
2021-12-08 16:19:24,408 [grpc-default-executor-0] INFO  impl.RoleInfo (RoleInfo.java:updateAndGet(130)) - c93cc91d-158f-4bbd-affd-12041f62a0d5: start c93cc91d-158f-4bbd-affd-12041f62a0d5@group-4D1C0F2CAC41-FollowerState
2021-12-08 16:19:24,412 [c93cc91d-158f-4bbd-affd-12041f62a0d5@group-4D1C0F2CAC41-FollowerState] INFO  impl.FollowerState (FollowerState.java:run(143)) - c93cc91d-158f-4bbd-affd-12041f62a0d5@group-4D1C0F2CAC41-FollowerState was interrupted: {}
java.lang.InterruptedException: sleep interrupted
	at java.lang.Thread.sleep(Native Method)
	at java.lang.Thread.sleep(Thread.java:340)
	at java.util.concurrent.TimeUnit.sleep(TimeUnit.java:386)
	at org.apache.ratis.util.TimeDuration.sleep(TimeDuration.java:324)
	at org.apache.ratis.util.TimeDuration.sleep(TimeDuration.java:309)
	at org.apache.ratis.server.impl.FollowerState.run(FollowerState.java:118)
2021-12-08 16:19:24,412 [grpc-default-executor-0] INFO  server.RaftServer$Division (RaftServerImpl.java:requestVote(1078)) - c93cc91d-158f-4bbd-affd-12041f62a0d5@group-4D1C0F2CAC41 replies to ELECTION vote request: fa0680b8-425f-47f5-898a-3d606569156e<-c93cc91d-158f-4bbd-affd-12041f62a0d5#0:OK-t2. Peer's state: c93cc91d-158f-4bbd-affd-12041f62a0d5@group-4D1C0F2CAC41:t2, leader=null, voted=fa0680b8-425f-47f5-898a-3d606569156e, raftlog=c93cc91d-158f-4bbd-affd-12041f62a0d5@group-4D1C0F2CAC41-SegmentedRaftLog:OPENED:c-1, conf=-1: [c93cc91d-158f-4bbd-affd-12041f62a0d5|rpc:10.1.0.47:38941|priority:0, f4224ab0-cbd9-4206-a0cf-eead8be6075d|rpc:10.1.0.47:43145|priority:0, fa0680b8-425f-47f5-898a-3d606569156e|rpc:10.1.0.47:34705|priority:1], old=null
2021-12-08 16:19:24,418 [grpc-default-executor-0] INFO  server.RaftServer$Division (RaftServerImpl.java:requestVote(1046)) - f4224ab0-cbd9-4206-a0cf-eead8be6075d@group-4D1C0F2CAC41: receive requestVote(ELECTION, fa0680b8-425f-47f5-898a-3d606569156e, group-4D1C0F2CAC41, 2, (t:0, i:0))
2021-12-08 16:19:24,418 [grpc-default-executor-0] INFO  impl.VoteContext (VoteContext.java:log(48)) - f4224ab0-cbd9-4206-a0cf-eead8be6075d@group-4D1C0F2CAC41-FOLLOWER: accept ELECTION from fa0680b8-425f-47f5-898a-3d606569156e: our priority 0 <= candidate's priority 1
2021-12-08 16:19:24,418 [grpc-default-executor-0] INFO  server.RaftServer$Division (RaftServerImpl.java:setRole(290)) - f4224ab0-cbd9-4206-a0cf-eead8be6075d@group-4D1C0F2CAC41: changes role from  FOLLOWER to FOLLOWER at term 2 for candidate:fa0680b8-425f-47f5-898a-3d606569156e
2021-12-08 16:19:24,418 [grpc-default-executor-0] INFO  impl.RoleInfo (RoleInfo.java:shutdownFollowerState(108)) - f4224ab0-cbd9-4206-a0cf-eead8be6075d: shutdown f4224ab0-cbd9-4206-a0cf-eead8be6075d@group-4D1C0F2CAC41-FollowerState
2021-12-08 16:19:24,418 [grpc-default-executor-0] INFO  impl.RoleInfo (RoleInfo.java:updateAndGet(130)) - f4224ab0-cbd9-4206-a0cf-eead8be6075d: start f4224ab0-cbd9-4206-a0cf-eead8be6075d@group-4D1C0F2CAC41-FollowerState
2021-12-08 16:19:24,418 [f4224ab0-cbd9-4206-a0cf-eead8be6075d@group-4D1C0F2CAC41-FollowerState] INFO  impl.FollowerState (FollowerState.java:run(143)) - f4224ab0-cbd9-4206-a0cf-eead8be6075d@group-4D1C0F2CAC41-FollowerState was interrupted: {}
java.lang.InterruptedException: sleep interrupted
	at java.lang.Thread.sleep(Native Method)
	at java.lang.Thread.sleep(Thread.java:340)
	at java.util.concurrent.TimeUnit.sleep(TimeUnit.java:386)
	at org.apache.ratis.util.TimeDuration.sleep(TimeDuration.java:324)
	at org.apache.ratis.util.TimeDuration.sleep(TimeDuration.java:309)
	at org.apache.ratis.server.impl.FollowerState.run(FollowerState.java:118)
2021-12-08 16:19:24,423 [fa0680b8-425f-47f5-898a-3d606569156e@group-4D1C0F2CAC41-LeaderElection23] INFO  impl.LeaderElection (LeaderElection.java:logAndReturn(89)) - fa0680b8-425f-47f5-898a-3d606569156e@group-4D1C0F2CAC41-LeaderElection23: ELECTION PASSED received 1 response(s) and 0 exception(s):
2021-12-08 16:19:24,428 [fa0680b8-425f-47f5-898a-3d606569156e@group-4D1C0F2CAC41-LeaderElection23] INFO  impl.LeaderElection (LeaderElection.java:logAndReturn(93)) -   Response 0: fa0680b8-425f-47f5-898a-3d606569156e<-c93cc91d-158f-4bbd-affd-12041f62a0d5#0:OK-t2
2021-12-08 16:19:24,428 [fa0680b8-425f-47f5-898a-3d606569156e@group-4D1C0F2CAC41-LeaderElection23] INFO  impl.LeaderElection (LeaderElection.java:askForVotes(308)) - fa0680b8-425f-47f5-898a-3d606569156e@group-4D1C0F2CAC41-LeaderElection23 ELECTION round 0: result PASSED
2021-12-08 16:19:24,428 [fa0680b8-425f-47f5-898a-3d606569156e@group-4D1C0F2CAC41-LeaderElection23] INFO  impl.RoleInfo (RoleInfo.java:shutdownLeaderElection(121)) - fa0680b8-425f-47f5-898a-3d606569156e: shutdown fa0680b8-425f-47f5-898a-3d606569156e@group-4D1C0F2CAC41-LeaderElection23
2021-12-08 16:19:24,428 [fa0680b8-425f-47f5-898a-3d606569156e@group-4D1C0F2CAC41-LeaderElection23] INFO  server.RaftServer$Division (RaftServerImpl.java:setRole(290)) - fa0680b8-425f-47f5-898a-3d606569156e@group-4D1C0F2CAC41: changes role from CANDIDATE to LEADER at term 2 for changeToLeader
2021-12-08 16:19:24,429 [fa0680b8-425f-47f5-898a-3d606569156e@group-4D1C0F2CAC41-LeaderElection23] INFO  ratis.XceiverServerRatis (XceiverServerRatis.java:handleLeaderChangedNotification(866)) - Leader change notification received for group: group-4D1C0F2CAC41 with new leaderId: fa0680b8-425f-47f5-898a-3d606569156e
2021-12-08 16:19:24,429 [fa0680b8-425f-47f5-898a-3d606569156e@group-4D1C0F2CAC41-LeaderElection23] INFO  server.RaftServer$Division (ServerState.java:setLeader(285)) - fa0680b8-425f-47f5-898a-3d606569156e@group-4D1C0F2CAC41: change Leader from null to fa0680b8-425f-47f5-898a-3d606569156e at term 2 for becomeLeader, leader elected after 10184ms
2021-12-08 16:19:24,429 [fa0680b8-425f-47f5-898a-3d606569156e@group-4D1C0F2CAC41-LeaderElection23] INFO  server.RaftServerConfigKeys (ConfUtils.java:logGet(44)) - raft.server.staging.catchup.gap = 1000 (default)
2021-12-08 16:19:24,429 [fa0680b8-425f-47f5-898a-3d606569156e@group-4D1C0F2CAC41-LeaderElection23] INFO  server.RaftServerConfigKeys (ConfUtils.java:logGet(44)) - raft.server.write.element-limit = 1024 (custom)
2021-12-08 16:19:24,429 [fa0680b8-425f-47f5-898a-3d606569156e@group-4D1C0F2CAC41-LeaderElection23] INFO  server.RaftServerConfigKeys (ConfUtils.java:logGet(44)) - raft.server.write.byte-limit = 1024 M (=1073741824) (custom)
2021-12-08 16:19:24,429 [fa0680b8-425f-47f5-898a-3d606569156e@group-4D1C0F2CAC41-LeaderElection23] INFO  server.RaftServerConfigKeys (ConfUtils.java:logGet(44)) - raft.server.watch.timeout = 180s (custom)
2021-12-08 16:19:24,430 [fa0680b8-425f-47f5-898a-3d606569156e@group-4D1C0F2CAC41-LeaderElection23] INFO  server.RaftServerConfigKeys (ConfUtils.java:logGet(44)) - raft.server.watch.timeout.denomination = 1s (default)
2021-12-08 16:19:24,430 [fa0680b8-425f-47f5-898a-3d606569156e@group-4D1C0F2CAC41-LeaderElection23] INFO  server.RaftServerConfigKeys (ConfUtils.java:logGet(44)) - raft.server.watch.element-limit = 65536 (default)
2021-12-08 16:19:24,430 [fa0680b8-425f-47f5-898a-3d606569156e@group-4D1C0F2CAC41-LeaderElection23] INFO  server.RaftServerConfigKeys (ConfUtils.java:logGet(44)) - raft.server.write.element-limit = 1024 (custom)
2021-12-08 16:19:24,430 [fa0680b8-425f-47f5-898a-3d606569156e@group-4D1C0F2CAC41-LeaderElection23] INFO  server.RaftServerConfigKeys (ConfUtils.java:logGet(44)) - raft.server.write.follower.gap.ratio.max = -1.0 (default)
2021-12-08 16:19:24,430 [fa0680b8-425f-47f5-898a-3d606569156e@group-4D1C0F2CAC41-LeaderElection23] INFO  server.RaftServerConfigKeys (ConfUtils.java:logGet(44)) - raft.server.log.appender.snapshot.chunk.size.max = 16MB (=16777216) (default)
2021-12-08 16:19:24,430 [fa0680b8-425f-47f5-898a-3d606569156e@group-4D1C0F2CAC41-LeaderElection23] INFO  server.RaftServerConfigKeys (ConfUtils.java:logGet(44)) - raft.server.log.appender.buffer.byte-limit = 33554432 (custom)
2021-12-08 16:19:24,430 [fa0680b8-425f-47f5-898a-3d606569156e@group-4D1C0F2CAC41-LeaderElection23] INFO  server.RaftServerConfigKeys (ConfUtils.java:logGet(44)) - raft.server.log.appender.buffer.element-limit = 1 (custom)
2021-12-08 16:19:24,430 [fa0680b8-425f-47f5-898a-3d606569156e@group-4D1C0F2CAC41-LeaderElection23] INFO  grpc.GrpcConfigKeys (ConfUtils.java:logGet(44)) - raft.grpc.server.leader.outstanding.appends.max = 128 (default)
2021-12-08 16:19:24,430 [fa0680b8-425f-47f5-898a-3d606569156e@group-4D1C0F2CAC41-LeaderElection23] INFO  server.RaftServerConfigKeys (ConfUtils.java:logGet(44)) - raft.server.rpc.request.timeout = 60s (custom)
2021-12-08 16:19:24,430 [fa0680b8-425f-47f5-898a-3d606569156e@group-4D1C0F2CAC41-LeaderElection23] INFO  server.RaftServerConfigKeys (ConfUtils.java:logGet(44)) - raft.server.log.appender.install.snapshot.enabled = false (custom)
2021-12-08 16:19:24,430 [EventQueue-PipelineReportForPipelineReportHandler] INFO  pipeline.PipelineManagerImpl (PipelineManagerImpl.java:openPipeline(291)) - Pipeline Pipeline[ Id: b84f50df-25f7-45c4-a520-4d1c0f2cac41, Nodes: fa0680b8-425f-47f5-898a-3d606569156e{ip: 10.1.0.47, host: fv-az59-681.csjynl4pkq3e1pkirw3ssqjfoh.cx.internal.cloudapp.net, ports: [REPLICATION=38309, RATIS=34705, RATIS_ADMIN=34705, RATIS_SERVER=34705, STANDALONE=38741], networkLocation: /default-rack, certSerialId: null, persistedOpState: IN_SERVICE, persistedOpStateExpiryEpochSec: 0}f4224ab0-cbd9-4206-a0cf-eead8be6075d{ip: 10.1.0.47, host: fv-az59-681.csjynl4pkq3e1pkirw3ssqjfoh.cx.internal.cloudapp.net, ports: [REPLICATION=36823, RATIS=43145, RATIS_ADMIN=43145, RATIS_SERVER=43145, STANDALONE=38643], networkLocation: /default-rack, certSerialId: null, persistedOpState: IN_SERVICE, persistedOpStateExpiryEpochSec: 0}c93cc91d-158f-4bbd-affd-12041f62a0d5{ip: 10.1.0.47, host: fv-az59-681.csjynl4pkq3e1pkirw3ssqjfoh.cx.internal.cloudapp.net, ports: [REPLICATION=43507, RATIS=38941, RATIS_ADMIN=38941, RATIS_SERVER=38941, STANDALONE=36195], networkLocation: /default-rack, certSerialId: null, persistedOpState: IN_SERVICE, persistedOpStateExpiryEpochSec: 0}, ReplicationConfig: RATIS/THREE, State:ALLOCATED, leaderId:fa0680b8-425f-47f5-898a-3d606569156e, CreationTimestamp2021-12-08T16:19:11.873Z[Etc/UTC]] moved to OPEN state
2021-12-08 16:19:24,420 [grpc-default-executor-0] INFO  server.RaftServer$Division (RaftServerImpl.java:requestVote(1078)) - f4224ab0-cbd9-4206-a0cf-eead8be6075d@group-4D1C0F2CAC41 replies to ELECTION vote request: fa0680b8-425f-47f5-898a-3d606569156e<-f4224ab0-cbd9-4206-a0cf-eead8be6075d#0:OK-t2. Peer's state: f4224ab0-cbd9-4206-a0cf-eead8be6075d@group-4D1C0F2CAC41:t2, leader=null, voted=fa0680b8-425f-47f5-898a-3d606569156e, raftlog=f4224ab0-cbd9-4206-a0cf-eead8be6075d@group-4D1C0F2CAC41-SegmentedRaftLog:OPENED:c-1, conf=-1: [c93cc91d-158f-4bbd-affd-12041f62a0d5|rpc:10.1.0.47:38941|dataStream:|priority:0, f4224ab0-cbd9-4206-a0cf-eead8be6075d|rpc:10.1.0.47:43145|dataStream:|priority:0, fa0680b8-425f-47f5-898a-3d606569156e|rpc:10.1.0.47:34705|dataStream:|priority:1], old=null
2021-12-08 16:19:24,431 [EventQueue-OpenPipelineForHealthyPipelineSafeModeRule] INFO  safemode.SCMSafeModeManager (HealthyPipelineSafeModeRule.java:process(124)) - SCM in safe mode. Healthy pipelines reported count is 1, required healthy pipeline reported count is 1
2021-12-08 16:19:24,433 [fa0680b8-425f-47f5-898a-3d606569156e@group-4D1C0F2CAC41-LeaderElection23] INFO  server.RaftServerConfigKeys (ConfUtils.java:logGet(44)) - raft.server.log.appender.snapshot.chunk.size.max = 16MB (=16777216) (default)
2021-12-08 16:19:24,434 [EventQueue-OpenPipelineForHealthyPipelineSafeModeRule] INFO  safemode.SCMSafeModeManager (SCMSafeModeManager.java:validateSafeModeExitRules(204)) - HealthyPipelineSafeModeRule rule is successfully validated
2021-12-08 16:19:24,435 [EventQueue-OpenPipelineForHealthyPipelineSafeModeRule] INFO  safemode.SCMSafeModeManager (SCMSafeModeManager.java:validateSafeModeExitRules(219)) - ScmSafeModeManager, all rules are successfully validated
2021-12-08 16:19:24,435 [EventQueue-OpenPipelineForHealthyPipelineSafeModeRule] INFO  safemode.SCMSafeModeManager (SCMSafeModeManager.java:exitSafeMode(248)) - SCM exiting safe mode.
2021-12-08 16:19:24,434 [fa0680b8-425f-47f5-898a-3d606569156e@group-4D1C0F2CAC41-LeaderElection23] INFO  server.RaftServerConfigKeys (ConfUtils.java:logGet(44)) - raft.server.log.appender.buffer.byte-limit = 33554432 (custom)
2021-12-08 16:19:24,435 [fa0680b8-425f-47f5-898a-3d606569156e@group-4D1C0F2CAC41-LeaderElection23] INFO  server.RaftServerConfigKeys (ConfUtils.java:logGet(44)) - raft.server.log.appender.buffer.element-limit = 1 (custom)
2021-12-08 16:19:24,435 [EventQueue-OpenPipelineForHealthyPipelineSafeModeRule] WARN  events.EventQueue (EventQueue.java:fireEvent(194)) - No event handler registered for event TypedEvent{payloadType=SafeModeStatus, name='Safe mode status'}
2021-12-08 16:19:24,435 [EventQueue-OpenPipelineForHealthyPipelineSafeModeRule] INFO  ha.SCMContext (SCMContext.java:updateSafeModeStatus(211)) - Update SafeModeStatus from SafeModeStatus{safeModeStatus=true, preCheckPassed=true} to SafeModeStatus{safeModeStatus=false, preCheckPassed=true}.
2021-12-08 16:19:24,435 [fa0680b8-425f-47f5-898a-3d606569156e@group-4D1C0F2CAC41-LeaderElection23] INFO  grpc.GrpcConfigKeys (ConfUtils.java:logGet(44)) - raft.grpc.server.leader.outstanding.appends.max = 128 (default)
2021-12-08 16:19:24,435 [EventQueue-OpenPipelineForHealthyPipelineSafeModeRule] INFO  pipeline.BackgroundPipelineCreator (BackgroundPipelineCreator.java:notifyStatusChanged(264)) - Service BackgroundPipelineCreator transitions to RUNNING.
2021-12-08 16:19:24,435 [fa0680b8-425f-47f5-898a-3d606569156e@group-4D1C0F2CAC41-LeaderElection23] INFO  server.RaftServerConfigKeys (ConfUtils.java:logGet(44)) - raft.server.rpc.request.timeout = 60s (custom)
2021-12-08 16:19:24,435 [fa0680b8-425f-47f5-898a-3d606569156e@group-4D1C0F2CAC41-LeaderElection23] INFO  server.RaftServerConfigKeys (ConfUtils.java:logGet(44)) - raft.server.log.appender.install.snapshot.enabled = false (custom)
2021-12-08 16:19:24,435 [EventQueue-OpenPipelineForHealthyPipelineSafeModeRule] INFO  container.ReplicationManager (ReplicationManager.java:notifyStatusChanged(1758)) - Service ReplicationManager transitions to RUNNING.
2021-12-08 16:19:24,439 [fa0680b8-425f-47f5-898a-3d606569156e@group-4D1C0F2CAC41-LeaderElection23] INFO  impl.RoleInfo (RoleInfo.java:updateAndGet(130)) - fa0680b8-425f-47f5-898a-3d606569156e: start fa0680b8-425f-47f5-898a-3d606569156e@group-4D1C0F2CAC41-LeaderStateImpl
2021-12-08 16:19:24,439 [fa0680b8-425f-47f5-898a-3d606569156e@group-4D1C0F2CAC41-LeaderElection23] INFO  segmented.SegmentedRaftLogWorker (SegmentedRaftLogWorker.java:startLogSegment(394)) - fa0680b8-425f-47f5-898a-3d606569156e@group-4D1C0F2CAC41-SegmentedRaftLogWorker: Starting segment from index:0
2021-12-08 16:19:24,440 [fa0680b8-425f-47f5-898a-3d606569156e@group-4D1C0F2CAC41-SegmentedRaftLogWorker] INFO  segmented.SegmentedRaftLogWorker (SegmentedRaftLogWorker.java:execute(601)) - fa0680b8-425f-47f5-898a-3d606569156e@group-4D1C0F2CAC41-SegmentedRaftLogWorker: created new log segment /home/runner/work/ozone/ozone/hadoop-ozone/integration-test/target/test-dir/MiniOzoneClusterImpl-52fbfdab-5ffe-473a-8528-eacaa1fd0e12/datanode-1/data/ratis/b84f50df-25f7-45c4-a520-4d1c0f2cac41/current/log_inprogress_0
2021-12-08 16:19:24,460 [grpc-default-executor-0] INFO  ratis.XceiverServerRatis (XceiverServerRatis.java:handleLeaderChangedNotification(866)) - Leader change notification received for group: group-4D1C0F2CAC41 with new leaderId: fa0680b8-425f-47f5-898a-3d606569156e
2021-12-08 16:19:24,460 [grpc-default-executor-0] INFO  server.RaftServer$Division (ServerState.java:setLeader(285)) - f4224ab0-cbd9-4206-a0cf-eead8be6075d@group-4D1C0F2CAC41: change Leader from null to fa0680b8-425f-47f5-898a-3d606569156e at term 2 for appendEntries, leader elected after 10149ms
2021-12-08 16:19:24,460 [fa0680b8-425f-47f5-898a-3d606569156e@group-4D1C0F2CAC41-LeaderElection23] INFO  server.RaftServer$Division (ServerState.java:setRaftConf(387)) - fa0680b8-425f-47f5-898a-3d606569156e@group-4D1C0F2CAC41: set configuration 0: [c93cc91d-158f-4bbd-affd-12041f62a0d5|rpc:10.1.0.47:38941|dataStream:|priority:0, f4224ab0-cbd9-4206-a0cf-eead8be6075d|rpc:10.1.0.47:43145|dataStream:|priority:0, fa0680b8-425f-47f5-898a-3d606569156e|rpc:10.1.0.47:34705|dataStream:|priority:1], old=null
2021-12-08 16:19:24,490 [grpc-default-executor-0] INFO  server.RaftServer$Division (ServerState.java:setRaftConf(387)) - f4224ab0-cbd9-4206-a0cf-eead8be6075d@group-4D1C0F2CAC41: set configuration 0: [c93cc91d-158f-4bbd-affd-12041f62a0d5|rpc:10.1.0.47:38941|dataStream:|priority:0, f4224ab0-cbd9-4206-a0cf-eead8be6075d|rpc:10.1.0.47:43145|dataStream:|priority:0, fa0680b8-425f-47f5-898a-3d606569156e|rpc:10.1.0.47:34705|dataStream:|priority:1], old=null
2021-12-08 16:19:24,491 [grpc-default-executor-0] INFO  segmented.SegmentedRaftLogWorker (SegmentedRaftLogWorker.java:startLogSegment(394)) - f4224ab0-cbd9-4206-a0cf-eead8be6075d@group-4D1C0F2CAC41-SegmentedRaftLogWorker: Starting segment from index:0
2021-12-08 16:19:24,493 [f4224ab0-cbd9-4206-a0cf-eead8be6075d@group-4D1C0F2CAC41-SegmentedRaftLogWorker] INFO  segmented.SegmentedRaftLogWorker (SegmentedRaftLogWorker.java:execute(601)) - f4224ab0-cbd9-4206-a0cf-eead8be6075d@group-4D1C0F2CAC41-SegmentedRaftLogWorker: created new log segment /home/runner/work/ozone/ozone/hadoop-ozone/integration-test/target/test-dir/MiniOzoneClusterImpl-52fbfdab-5ffe-473a-8528-eacaa1fd0e12/datanode-2/data/ratis/b84f50df-25f7-45c4-a520-4d1c0f2cac41/current/log_inprogress_0
2021-12-08 16:19:24,495 [grpc-default-executor-2] INFO  ratis.XceiverServerRatis (XceiverServerRatis.java:handleLeaderChangedNotification(866)) - Leader change notification received for group: group-4D1C0F2CAC41 with new leaderId: fa0680b8-425f-47f5-898a-3d606569156e
2021-12-08 16:19:24,496 [grpc-default-executor-2] INFO  server.RaftServer$Division (ServerState.java:setLeader(285)) - c93cc91d-158f-4bbd-affd-12041f62a0d5@group-4D1C0F2CAC41: change Leader from null to fa0680b8-425f-47f5-898a-3d606569156e at term 2 for appendEntries, leader elected after 10291ms
2021-12-08 16:19:24,503 [grpc-default-executor-2] INFO  server.RaftServer$Division (ServerState.java:setRaftConf(387)) - c93cc91d-158f-4bbd-affd-12041f62a0d5@group-4D1C0F2CAC41: set configuration 0: [c93cc91d-158f-4bbd-affd-12041f62a0d5|rpc:10.1.0.47:38941|dataStream:|priority:0, f4224ab0-cbd9-4206-a0cf-eead8be6075d|rpc:10.1.0.47:43145|dataStream:|priority:0, fa0680b8-425f-47f5-898a-3d606569156e|rpc:10.1.0.47:34705|dataStream:|priority:1], old=null
2021-12-08 16:19:24,503 [grpc-default-executor-2] INFO  segmented.SegmentedRaftLogWorker (SegmentedRaftLogWorker.java:startLogSegment(394)) - c93cc91d-158f-4bbd-affd-12041f62a0d5@group-4D1C0F2CAC41-SegmentedRaftLogWorker: Starting segment from index:0
2021-12-08 16:19:24,505 [c93cc91d-158f-4bbd-affd-12041f62a0d5@group-4D1C0F2CAC41-SegmentedRaftLogWorker] INFO  segmented.SegmentedRaftLogWorker (SegmentedRaftLogWorker.java:execute(601)) - c93cc91d-158f-4bbd-affd-12041f62a0d5@group-4D1C0F2CAC41-SegmentedRaftLogWorker: created new log segment /home/runner/work/ozone/ozone/hadoop-ozone/integration-test/target/test-dir/MiniOzoneClusterImpl-52fbfdab-5ffe-473a-8528-eacaa1fd0e12/datanode-0/data/ratis/b84f50df-25f7-45c4-a520-4d1c0f2cac41/current/log_inprogress_0
2021-12-08 16:19:24,845 [Listener at 127.0.0.1/42249] INFO  ozone.MiniOzoneClusterImpl (MiniOzoneClusterImpl.java:lambda$waitForClusterToBeReady$0(235)) - Nodes are ready. Got 3 of 3 DN Heartbeats.
2021-12-08 16:19:24,846 [Listener at 127.0.0.1/42249] INFO  ozone.MiniOzoneClusterImpl (MiniOzoneClusterImpl.java:lambda$waitForClusterToBeReady$0(238)) - Cluster exits safe mode
2021-12-08 16:19:24,846 [Listener at 127.0.0.1/42249] INFO  ozone.MiniOzoneClusterImpl (MiniOzoneClusterImpl.java:lambda$waitForClusterToBeReady$0(240)) - SCM became leader
2021-12-08 16:19:24,900 [Listener at 127.0.0.1/42249] INFO  rpc.RpcClient (RpcClient.java:createVolume(389)) - Creating Volume: volume55447, with user43778 as owner and space quota set to -1 bytes, counts quota set to -1
2021-12-08 16:19:24,918 [OM StateMachine ApplyTransaction Thread - 0] INFO  volume.OMVolumeCreateRequest (OMVolumeCreateRequest.java:validateAndUpdateCache(195)) - created volume:volume55447 for user:user43778
2021-12-08 16:19:24,935 [Listener at 127.0.0.1/42249] INFO  rpc.RpcClient (RpcClient.java:createBucket(552)) - Creating Bucket: volume55447/bucket17976, with runner as owner and Versioning false and Storage Type set to DISK and Encryption set to false 
]]></system-out>
    <system-err><![CDATA[Exception in thread "Trash Emptier" java.lang.UnsupportedOperationException: fs.getUri() not implemented in TrashOzoneFileSystem
	at org.apache.hadoop.ozone.om.TrashOzoneFileSystem.getUri(TrashOzoneFileSystem.java:124)
	at org.apache.hadoop.fs.FileSystem.close(FileSystem.java:2592)
	at org.apache.hadoop.ozone.om.TrashPolicyOzone$Emptier.run(TrashPolicyOzone.java:243)
	at java.lang.Thread.run(Thread.java:748)
]]></system-err>
  </testcase>
  <testcase name="testRenameFile[1]" classname="org.apache.hadoop.fs.ozone.TestRootedOzoneFileSystem" time="0.13"/>
  <testcase name="testListStatusRootAndVolumeRecursive[1]" classname="org.apache.hadoop.fs.ozone.TestRootedOzoneFileSystem" time="0.655"/>
  <testcase name="testTempMount[1]" classname="org.apache.hadoop.fs.ozone.TestRootedOzoneFileSystem" time="0.298"/>
  <testcase name="testListStatusRootAndVolumeNonRecursive[1]" classname="org.apache.hadoop.fs.ozone.TestRootedOzoneFileSystem" time="0.415"/>
  <testcase name="testDeleteVolumeAndBucket[1]" classname="org.apache.hadoop.fs.ozone.TestRootedOzoneFileSystem" time="0.039"/>
  <testcase name="testRenameDirToItsOwnSubDir[1]" classname="org.apache.hadoop.fs.ozone.TestRootedOzoneFileSystem" time="0.023"/>
  <testcase name="testOzoneFsServiceLoader[1]" classname="org.apache.hadoop.fs.ozone.TestRootedOzoneFileSystem" time="0.074"/>
  <testcase name="testTrash[1]" classname="org.apache.hadoop.fs.ozone.TestRootedOzoneFileSystem" time="0">
    <skipped/>
  </testcase>
  <testcase name="testRenameDestinationParentDoesntExist[1]" classname="org.apache.hadoop.fs.ozone.TestRootedOzoneFileSystem" time="0.036"/>
  <testcase name="testGetFileStatusRoot[1]" classname="org.apache.hadoop.fs.ozone.TestRootedOzoneFileSystem" time="0.009"/>
  <testcase name="testCreateWithInvalidPaths[1]" classname="org.apache.hadoop.fs.ozone.TestRootedOzoneFileSystem" time="0.014"/>
  <testcase name="testDeleteEmptyVolume[1]" classname="org.apache.hadoop.fs.ozone.TestRootedOzoneFileSystem" time="0.03"/>
  <testcase name="testListStatusRootAndVolumeContinuation[1]" classname="org.apache.hadoop.fs.ozone.TestRootedOzoneFileSystem" time="0">
    <skipped message="FS Path is enabled. Skipping this test as it is not tuned for FS Path yet" type="org.junit.AssumptionViolatedException">org.junit.AssumptionViolatedException: FS Path is enabled. Skipping this test as it is not tuned for FS Path yet
	at org.junit.Assume.assumeTrue(Assume.java:68)
	at org.apache.hadoop.fs.ozone.TestRootedOzoneFileSystem.testListStatusRootAndVolumeContinuation(TestRootedOzoneFileSystem.java:887)
	at sun.reflect.NativeMethodAccessorImpl.invoke0(Native Method)
	at sun.reflect.NativeMethodAccessorImpl.invoke(NativeMethodAccessorImpl.java:62)
	at sun.reflect.DelegatingMethodAccessorImpl.invoke(DelegatingMethodAccessorImpl.java:43)
	at java.lang.reflect.Method.invoke(Method.java:498)
	at org.junit.runners.model.FrameworkMethod$1.runReflectiveCall(FrameworkMethod.java:59)
	at org.junit.internal.runners.model.ReflectiveCallable.run(ReflectiveCallable.java:12)
	at org.junit.runners.model.FrameworkMethod.invokeExplosively(FrameworkMethod.java:56)
	at org.junit.internal.runners.statements.InvokeMethod.evaluate(InvokeMethod.java:17)
	at org.junit.internal.runners.statements.FailOnTimeout$CallableStatement.call(FailOnTimeout.java:288)
	at org.junit.internal.runners.statements.FailOnTimeout$CallableStatement.call(FailOnTimeout.java:282)
	at java.util.concurrent.FutureTask.run(FutureTask.java:266)
	at java.lang.Thread.run(Thread.java:748)
</skipped>
  </testcase>
  <testcase name="testDeleteVolumeBucketAndKey[1]" classname="org.apache.hadoop.fs.ozone.TestRootedOzoneFileSystem" time="0.094"/>
  <testcase name="testRenameToParentDir[1]" classname="org.apache.hadoop.fs.ozone.TestRootedOzoneFileSystem" time="0.06"/>
  <testcase name="testMkdirNonExistentVolumeBucket[1]" classname="org.apache.hadoop.fs.ozone.TestRootedOzoneFileSystem" time="0.049"/>
  <testcase name="testFailToDeleteRoot[1]" classname="org.apache.hadoop.fs.ozone.TestRootedOzoneFileSystem" time="0.015"/>
  <testcase name="testListStatusOnSubDirs[1]" classname="org.apache.hadoop.fs.ozone.TestRootedOzoneFileSystem" time="0.054"/>
  <testcase name="testListStatus[1]" classname="org.apache.hadoop.fs.ozone.TestRootedOzoneFileSystem" time="0.052"/>
  <testcase name="testGetTrashRoots[1]" classname="org.apache.hadoop.fs.ozone.TestRootedOzoneFileSystem" time="0.487"/>
  <testcase name="testCreateDoesNotAddParentDirKeys[1]" classname="org.apache.hadoop.fs.ozone.TestRootedOzoneFileSystem" time="0.109"/>
  <testcase name="testMkdirNonExistentVolume[1]" classname="org.apache.hadoop.fs.ozone.TestRootedOzoneFileSystem" time="0.02"/>
  <testcase name="testDeleteCreatesFakeParentDir[1]" classname="org.apache.hadoop.fs.ozone.TestRootedOzoneFileSystem" time="0">
    <skipped message="FS Path is enabled. Skipping this test as it is not tuned for FS Path yet" type="org.junit.AssumptionViolatedException">org.junit.AssumptionViolatedException: FS Path is enabled. Skipping this test as it is not tuned for FS Path yet
	at org.junit.Assume.assumeTrue(Assume.java:68)
	at org.apache.hadoop.fs.ozone.TestRootedOzoneFileSystem.testDeleteCreatesFakeParentDir(TestRootedOzoneFileSystem.java:302)
	at sun.reflect.NativeMethodAccessorImpl.invoke0(Native Method)
	at sun.reflect.NativeMethodAccessorImpl.invoke(NativeMethodAccessorImpl.java:62)
	at sun.reflect.DelegatingMethodAccessorImpl.invoke(DelegatingMethodAccessorImpl.java:43)
	at java.lang.reflect.Method.invoke(Method.java:498)
	at org.junit.runners.model.FrameworkMethod$1.runReflectiveCall(FrameworkMethod.java:59)
	at org.junit.internal.runners.model.ReflectiveCallable.run(ReflectiveCallable.java:12)
	at org.junit.runners.model.FrameworkMethod.invokeExplosively(FrameworkMethod.java:56)
	at org.junit.internal.runners.statements.InvokeMethod.evaluate(InvokeMethod.java:17)
	at org.junit.internal.runners.statements.FailOnTimeout$CallableStatement.call(FailOnTimeout.java:288)
	at org.junit.internal.runners.statements.FailOnTimeout$CallableStatement.call(FailOnTimeout.java:282)
	at java.util.concurrent.FutureTask.run(FutureTask.java:266)
	at java.lang.Thread.run(Thread.java:748)
</skipped>
  </testcase>
  <testcase name="testNonExplicitlyCreatedPathExistsAfterItsLeafsWereRemoved[1]" classname="org.apache.hadoop.fs.ozone.TestRootedOzoneFileSystem" time="0.055"/>
  <testcase name="testFileDelete[1]" classname="org.apache.hadoop.fs.ozone.TestRootedOzoneFileSystem" time="0.15"/>
  <testcase name="testRenameToTrashEnabled[1]" classname="org.apache.hadoop.fs.ozone.TestRootedOzoneFileSystem" time="0.197"/>
  <testcase name="testMkdirOnNonExistentVolumeBucketDir[1]" classname="org.apache.hadoop.fs.ozone.TestRootedOzoneFileSystem" time="0">
    <skipped message="FS Path is enabled. Skipping this test as it is not tuned for FS Path yet" type="org.junit.AssumptionViolatedException">org.junit.AssumptionViolatedException: FS Path is enabled. Skipping this test as it is not tuned for FS Path yet
	at org.junit.Assume.assumeTrue(Assume.java:68)
	at org.apache.hadoop.fs.ozone.TestRootedOzoneFileSystem.testMkdirOnNonExistentVolumeBucketDir(TestRootedOzoneFileSystem.java:405)
	at sun.reflect.NativeMethodAccessorImpl.invoke0(Native Method)
	at sun.reflect.NativeMethodAccessorImpl.invoke(NativeMethodAccessorImpl.java:62)
	at sun.reflect.DelegatingMethodAccessorImpl.invoke(DelegatingMethodAccessorImpl.java:43)
	at java.lang.reflect.Method.invoke(Method.java:498)
	at org.junit.runners.model.FrameworkMethod$1.runReflectiveCall(FrameworkMethod.java:59)
	at org.junit.internal.runners.model.ReflectiveCallable.run(ReflectiveCallable.java:12)
	at org.junit.runners.model.FrameworkMethod.invokeExplosively(FrameworkMethod.java:56)
	at org.junit.internal.runners.statements.InvokeMethod.evaluate(InvokeMethod.java:17)
	at org.junit.internal.runners.statements.FailOnTimeout$CallableStatement.call(FailOnTimeout.java:288)
	at org.junit.internal.runners.statements.FailOnTimeout$CallableStatement.call(FailOnTimeout.java:282)
	at java.util.concurrent.FutureTask.run(FutureTask.java:266)
	at java.lang.Thread.run(Thread.java:748)
</skipped>
  </testcase>
  <testcase name="testListStatusOnLargeDirectory[1]" classname="org.apache.hadoop.fs.ozone.TestRootedOzoneFileSystem" time="11.501"/>
  <testcase name="testRenameToDifferentBucket[1]" classname="org.apache.hadoop.fs.ozone.TestRootedOzoneFileSystem" time="0.029"/>
  <testcase name="testListStatusInBucket[1]" classname="org.apache.hadoop.fs.ozone.TestRootedOzoneFileSystem" time="0.019"/>
  <testcase name="testRenameFileToDir[1]" classname="org.apache.hadoop.fs.ozone.TestRootedOzoneFileSystem" time="0.083"/>
  <testcase name="testNonPrivilegedUserMkdirCreateBucket[2]" classname="org.apache.hadoop.fs.ozone.TestRootedOzoneFileSystem" time="0">
    <skipped message="ACL is not enabled. Skipping this test as it requires ACL to be enabled to be meaningful." type="org.junit.AssumptionViolatedException">org.junit.AssumptionViolatedException: ACL is not enabled. Skipping this test as it requires ACL to be enabled to be meaningful.
	at org.junit.Assume.assumeTrue(Assume.java:68)
	at org.apache.hadoop.fs.ozone.TestRootedOzoneFileSystem.testNonPrivilegedUserMkdirCreateBucket(TestRootedOzoneFileSystem.java:1582)
	at sun.reflect.NativeMethodAccessorImpl.invoke0(Native Method)
	at sun.reflect.NativeMethodAccessorImpl.invoke(NativeMethodAccessorImpl.java:62)
	at sun.reflect.DelegatingMethodAccessorImpl.invoke(DelegatingMethodAccessorImpl.java:43)
	at java.lang.reflect.Method.invoke(Method.java:498)
	at org.junit.runners.model.FrameworkMethod$1.runReflectiveCall(FrameworkMethod.java:59)
	at org.junit.internal.runners.model.ReflectiveCallable.run(ReflectiveCallable.java:12)
	at org.junit.runners.model.FrameworkMethod.invokeExplosively(FrameworkMethod.java:56)
	at org.junit.internal.runners.statements.InvokeMethod.evaluate(InvokeMethod.java:17)
	at org.junit.internal.runners.statements.FailOnTimeout$CallableStatement.call(FailOnTimeout.java:288)
	at org.junit.internal.runners.statements.FailOnTimeout$CallableStatement.call(FailOnTimeout.java:282)
	at java.util.concurrent.FutureTask.run(FutureTask.java:266)
	at java.lang.Thread.run(Thread.java:748)
</skipped>
    <system-out><![CDATA[2021-12-08 16:19:39,691 [Listener at 127.0.0.1/42249] INFO  ozone.MiniOzoneClusterImpl (MiniOzoneClusterImpl.java:shutdown(453)) - Shutting down the Mini Ozone Cluster
2021-12-08 16:19:39,692 [Listener at 127.0.0.1/42249] INFO  ozone.MiniOzoneClusterImpl (MiniOzoneClusterImpl.java:stop(468)) - Stopping the Mini Ozone Cluster
2021-12-08 16:19:39,692 [Listener at 127.0.0.1/42249] INFO  ozone.MiniOzoneClusterImpl (MiniOzoneClusterImpl.java:stopOM(550)) - Stopping the OzoneManager
2021-12-08 16:19:39,693 [Listener at 127.0.0.1/42249] INFO  om.OzoneManager (OzoneManager.java:stop(1829)) - om1[localhost:0]: Stopping Ozone Manager
2021-12-08 16:19:39,693 [Listener at 127.0.0.1/42249] INFO  ipc.Server (Server.java:stop(3414)) - Stopping server on 42249
2021-12-08 16:19:39,698 [IPC Server Responder] INFO  ipc.Server (Server.java:run(1512)) - Stopping IPC Server Responder
2021-12-08 16:19:39,698 [IPC Server listener on 0] INFO  ipc.Server (Server.java:run(1376)) - Stopping IPC Server listener on 0
2021-12-08 16:19:39,698 [Listener at 127.0.0.1/42249] INFO  server.RaftServer (RaftServerProxy.java:lambda$close$6(391)) - om1: close
2021-12-08 16:19:39,698 [Listener at 127.0.0.1/42249] INFO  server.RaftServer$Division (RaftServerImpl.java:lambda$close$4(412)) - om1@group-C5BA1605619E: shutdown
2021-12-08 16:19:39,705 [Listener at 127.0.0.1/42249] INFO  util.JmxRegister (JmxRegister.java:unregister(73)) - Successfully un-registered JMX Bean with object name Ratis:service=RaftServer,group=group-C5BA1605619E,id=om1
2021-12-08 16:19:39,705 [Listener at 127.0.0.1/42249] INFO  impl.RoleInfo (RoleInfo.java:shutdownLeaderState(91)) - om1: shutdown om1@group-C5BA1605619E-LeaderStateImpl
2021-12-08 16:19:39,705 [Listener at 127.0.0.1/42249] INFO  impl.PendingRequests (PendingRequests.java:sendNotLeaderResponses(282)) - om1@group-C5BA1605619E-PendingRequests: sendNotLeaderResponses
2021-12-08 16:19:39,730 [Listener at 127.0.0.1/42249] INFO  impl.StateMachineUpdater (StateMachineUpdater.java:stopAndJoin(149)) - om1@group-C5BA1605619E-StateMachineUpdater: set stopIndex = 6554
2021-12-08 16:19:39,731 [om1@group-C5BA1605619E-StateMachineUpdater] INFO  ratis.OzoneManagerStateMachine (OzoneManagerStateMachine.java:takeSnapshot(417)) - Current Snapshot Index (t:1, i:6554)
2021-12-08 16:19:39,731 [om1@group-C5BA1605619E-StateMachineUpdater] INFO  impl.StateMachineUpdater (StateMachineUpdater.java:takeSnapshot(281)) - om1@group-C5BA1605619E-StateMachineUpdater: Took a snapshot at index 6554
2021-12-08 16:19:39,731 [om1@group-C5BA1605619E-StateMachineUpdater] INFO  impl.StateMachineUpdater (StateMachineUpdater.java:lambda$new$0(89)) - om1@group-C5BA1605619E-StateMachineUpdater: snapshotIndex: updateIncreasingly -1 -> 6554
2021-12-08 16:19:39,731 [om1@group-C5BA1605619E-StateMachineUpdater] INFO  ratis.OzoneManagerStateMachine (OzoneManagerStateMachine.java:close(471)) - StateMachine has shutdown. Shutdown OzoneManager if not already shutdown.
2021-12-08 16:19:39,731 [Listener at 127.0.0.1/42249] INFO  server.RaftServer$Division (ServerState.java:close(419)) - om1@group-C5BA1605619E: closes. applyIndex: 6554
2021-12-08 16:19:39,732 [om1@group-C5BA1605619E-SegmentedRaftLogWorker] INFO  segmented.SegmentedRaftLogWorker (SegmentedRaftLogWorker.java:run(327)) - om1@group-C5BA1605619E-SegmentedRaftLogWorker was interrupted, exiting. There are 0 tasks remaining in the queue.
2021-12-08 16:19:39,743 [Listener at 127.0.0.1/42249] INFO  segmented.SegmentedRaftLogWorker (SegmentedRaftLogWorker.java:close(237)) - om1@group-C5BA1605619E-SegmentedRaftLogWorker close()
2021-12-08 16:19:39,759 [Listener at 127.0.0.1/42249] INFO  server.GrpcService (GrpcService.java:closeImpl(262)) - om1: shutdown server with port 9872 now
2021-12-08 16:19:39,759 [Listener at 127.0.0.1/42249] INFO  server.GrpcService (GrpcService.java:closeImpl(271)) - om1: shutdown server with port 9872 successfully
2021-12-08 16:19:39,761 [org.apache.ratis.util.JvmPauseMonitor$$Lambda$523/2003369902@1db47316] INFO  util.JvmPauseMonitor (JvmPauseMonitor.java:run(109)) - JvmPauseMonitor-om1: Stopped
2021-12-08 16:19:39,761 [Listener at 127.0.0.1/42249] INFO  ratis.OzoneManagerDoubleBuffer (OzoneManagerDoubleBuffer.java:stop(437)) - Stopping OMDoubleBuffer flush thread
2021-12-08 16:19:39,761 [f4224ab0-cbd9-4206-a0cf-eead8be6075d@group-DFF0BB80C9DD-FollowerState] INFO  impl.FollowerState (FollowerState.java:run(134)) - f4224ab0-cbd9-4206-a0cf-eead8be6075d@group-DFF0BB80C9DD-FollowerState: change to CANDIDATE, lastRpcElapsedTime:5105663674ns, electionTimeout:5105ms
2021-12-08 16:19:39,761 [OMDoubleBufferFlushThread] INFO  ratis.OzoneManagerDoubleBuffer (OzoneManagerDoubleBuffer.java:flushTransactions(356)) - OMDoubleBuffer flush thread OMDoubleBufferFlushThread is interrupted and will exit. OMDoubleBufferFlushThread
2021-12-08 16:19:39,761 [f4224ab0-cbd9-4206-a0cf-eead8be6075d@group-DFF0BB80C9DD-FollowerState] INFO  impl.RoleInfo (RoleInfo.java:shutdownFollowerState(108)) - f4224ab0-cbd9-4206-a0cf-eead8be6075d: shutdown f4224ab0-cbd9-4206-a0cf-eead8be6075d@group-DFF0BB80C9DD-FollowerState
2021-12-08 16:19:39,761 [f4224ab0-cbd9-4206-a0cf-eead8be6075d@group-DFF0BB80C9DD-FollowerState] INFO  server.RaftServer$Division (RaftServerImpl.java:setRole(290)) - f4224ab0-cbd9-4206-a0cf-eead8be6075d@group-DFF0BB80C9DD: changes role from  FOLLOWER to CANDIDATE at term 4 for changeToCandidate
2021-12-08 16:19:39,762 [f4224ab0-cbd9-4206-a0cf-eead8be6075d@group-DFF0BB80C9DD-FollowerState] INFO  server.RaftServerConfigKeys (ConfUtils.java:logGet(44)) - raft.server.leaderelection.pre-vote = false (custom)
2021-12-08 16:19:39,762 [f4224ab0-cbd9-4206-a0cf-eead8be6075d@group-DFF0BB80C9DD-FollowerState] INFO  impl.RoleInfo (RoleInfo.java:updateAndGet(130)) - f4224ab0-cbd9-4206-a0cf-eead8be6075d: start f4224ab0-cbd9-4206-a0cf-eead8be6075d@group-DFF0BB80C9DD-LeaderElection28
2021-12-08 16:19:39,762 [Listener at 127.0.0.1/42249] INFO  utils.BackgroundService (BackgroundService.java:shutdown(132)) - Shutting down service KeyDeletingService
2021-12-08 16:19:39,775 [Listener at 127.0.0.1/42249] INFO  utils.BackgroundService (BackgroundService.java:shutdown(132)) - Shutting down service DirectoryDeletingService
2021-12-08 16:19:39,776 [Listener at 127.0.0.1/42249] INFO  handler.ContextHandler (ContextHandler.java:doStop(1153)) - Stopped o.e.j.w.WebAppContext@32235be0{ozoneManager,/,null,STOPPED}{file:/home/runner/work/ozone/ozone/hadoop-ozone/integration-test/target/test-classes/webapps/ozoneManager}
2021-12-08 16:19:39,777 [Listener at 127.0.0.1/42249] INFO  server.AbstractConnector (AbstractConnector.java:doStop(381)) - Stopped ServerConnector@308254c3{HTTP/1.1, (http/1.1)}{0.0.0.0:0}
2021-12-08 16:19:39,777 [Listener at 127.0.0.1/42249] INFO  server.session (HouseKeeper.java:stopScavenging(149)) - node0 Stopped scavenging
2021-12-08 16:19:39,777 [f4224ab0-cbd9-4206-a0cf-eead8be6075d@group-DFF0BB80C9DD-LeaderElection28] INFO  impl.LeaderElection (LeaderElection.java:askForVotes(306)) - f4224ab0-cbd9-4206-a0cf-eead8be6075d@group-DFF0BB80C9DD-LeaderElection28 ELECTION round 0: submit vote requests at term 5 for -1: [c93cc91d-158f-4bbd-affd-12041f62a0d5|rpc:10.1.0.47:38941|dataStream:|priority:0, f4224ab0-cbd9-4206-a0cf-eead8be6075d|rpc:10.1.0.47:43145|dataStream:|priority:1, fa0680b8-425f-47f5-898a-3d606569156e|rpc:10.1.0.47:34705|dataStream:|priority:0], old=null
2021-12-08 16:19:39,778 [Listener at 127.0.0.1/42249] INFO  handler.ContextHandler (ContextHandler.java:doStop(1153)) - Stopped o.e.j.s.ServletContextHandler@38554a34{static,/static,file:///home/runner/work/ozone/ozone/hadoop-ozone/integration-test/target/test-classes/webapps/static,STOPPED}
2021-12-08 16:19:39,778 [Listener at 127.0.0.1/42249] INFO  handler.ContextHandler (ContextHandler.java:doStop(1153)) - Stopped o.e.j.s.ServletContextHandler@6201a108{logs,/logs,file:///home/runner/work/ozone/ozone/hadoop-ozone/integration-test/target/log,STOPPED}
2021-12-08 16:19:39,799 [grpc-default-executor-3] INFO  server.RaftServer$Division (RaftServerImpl.java:requestVote(1046)) - c93cc91d-158f-4bbd-affd-12041f62a0d5@group-DFF0BB80C9DD: receive requestVote(ELECTION, f4224ab0-cbd9-4206-a0cf-eead8be6075d, group-DFF0BB80C9DD, 5, (t:0, i:0))
2021-12-08 16:19:39,800 [c93cc91d-158f-4bbd-affd-12041f62a0d5@group-DFF0BB80C9DD-FollowerState] INFO  impl.FollowerState (FollowerState.java:run(134)) - c93cc91d-158f-4bbd-affd-12041f62a0d5@group-DFF0BB80C9DD-FollowerState: change to CANDIDATE, lastRpcElapsedTime:5165918768ns, electionTimeout:5141ms
2021-12-08 16:19:39,800 [c93cc91d-158f-4bbd-affd-12041f62a0d5@group-DFF0BB80C9DD-FollowerState] INFO  impl.RoleInfo (RoleInfo.java:shutdownFollowerState(108)) - c93cc91d-158f-4bbd-affd-12041f62a0d5: shutdown c93cc91d-158f-4bbd-affd-12041f62a0d5@group-DFF0BB80C9DD-FollowerState
2021-12-08 16:19:39,800 [c93cc91d-158f-4bbd-affd-12041f62a0d5@group-DFF0BB80C9DD-FollowerState] INFO  server.RaftServer$Division (RaftServerImpl.java:setRole(290)) - c93cc91d-158f-4bbd-affd-12041f62a0d5@group-DFF0BB80C9DD: changes role from  FOLLOWER to CANDIDATE at term 4 for changeToCandidate
2021-12-08 16:19:39,800 [c93cc91d-158f-4bbd-affd-12041f62a0d5@group-DFF0BB80C9DD-FollowerState] INFO  server.RaftServerConfigKeys (ConfUtils.java:logGet(44)) - raft.server.leaderelection.pre-vote = false (custom)
2021-12-08 16:19:39,800 [c93cc91d-158f-4bbd-affd-12041f62a0d5@group-DFF0BB80C9DD-FollowerState] INFO  impl.RoleInfo (RoleInfo.java:updateAndGet(130)) - c93cc91d-158f-4bbd-affd-12041f62a0d5: start c93cc91d-158f-4bbd-affd-12041f62a0d5@group-DFF0BB80C9DD-LeaderElection29
2021-12-08 16:19:39,800 [grpc-default-executor-3] INFO  impl.VoteContext (VoteContext.java:log(48)) - c93cc91d-158f-4bbd-affd-12041f62a0d5@group-DFF0BB80C9DD-CANDIDATE: accept ELECTION from f4224ab0-cbd9-4206-a0cf-eead8be6075d: our priority 0 <= candidate's priority 1
2021-12-08 16:19:39,800 [grpc-default-executor-3] INFO  server.RaftServer$Division (RaftServerImpl.java:setRole(290)) - c93cc91d-158f-4bbd-affd-12041f62a0d5@group-DFF0BB80C9DD: changes role from CANDIDATE to FOLLOWER at term 5 for candidate:f4224ab0-cbd9-4206-a0cf-eead8be6075d
2021-12-08 16:19:39,801 [grpc-default-executor-3] INFO  impl.RoleInfo (RoleInfo.java:shutdownLeaderElection(121)) - c93cc91d-158f-4bbd-affd-12041f62a0d5: shutdown c93cc91d-158f-4bbd-affd-12041f62a0d5@group-DFF0BB80C9DD-LeaderElection29
2021-12-08 16:19:39,801 [grpc-default-executor-3] INFO  impl.RoleInfo (RoleInfo.java:updateAndGet(130)) - c93cc91d-158f-4bbd-affd-12041f62a0d5: start c93cc91d-158f-4bbd-affd-12041f62a0d5@group-DFF0BB80C9DD-FollowerState
2021-12-08 16:19:39,801 [c93cc91d-158f-4bbd-affd-12041f62a0d5@group-DFF0BB80C9DD-LeaderElection29] INFO  impl.LeaderElection (LeaderElection.java:run(230)) - c93cc91d-158f-4bbd-affd-12041f62a0d5@group-DFF0BB80C9DD-LeaderElection29: skip running since this is already CLOSING
2021-12-08 16:19:39,808 [grpc-default-executor-3] INFO  server.RaftServer$Division (RaftServerImpl.java:requestVote(1078)) - c93cc91d-158f-4bbd-affd-12041f62a0d5@group-DFF0BB80C9DD replies to ELECTION vote request: f4224ab0-cbd9-4206-a0cf-eead8be6075d<-c93cc91d-158f-4bbd-affd-12041f62a0d5#0:OK-t5. Peer's state: c93cc91d-158f-4bbd-affd-12041f62a0d5@group-DFF0BB80C9DD:t5, leader=null, voted=f4224ab0-cbd9-4206-a0cf-eead8be6075d, raftlog=c93cc91d-158f-4bbd-affd-12041f62a0d5@group-DFF0BB80C9DD-SegmentedRaftLog:OPENED:c-1, conf=-1: [c93cc91d-158f-4bbd-affd-12041f62a0d5|rpc:10.1.0.47:38941|priority:0, f4224ab0-cbd9-4206-a0cf-eead8be6075d|rpc:10.1.0.47:43145|priority:1, fa0680b8-425f-47f5-898a-3d606569156e|rpc:10.1.0.47:34705|priority:0], old=null
2021-12-08 16:19:39,809 [f4224ab0-cbd9-4206-a0cf-eead8be6075d@group-DFF0BB80C9DD-LeaderElection28] INFO  impl.LeaderElection (LeaderElection.java:logAndReturn(89)) - f4224ab0-cbd9-4206-a0cf-eead8be6075d@group-DFF0BB80C9DD-LeaderElection28: ELECTION PASSED received 1 response(s) and 0 exception(s):
2021-12-08 16:19:39,810 [f4224ab0-cbd9-4206-a0cf-eead8be6075d@group-DFF0BB80C9DD-LeaderElection28] INFO  impl.LeaderElection (LeaderElection.java:logAndReturn(93)) -   Response 0: f4224ab0-cbd9-4206-a0cf-eead8be6075d<-c93cc91d-158f-4bbd-affd-12041f62a0d5#0:OK-t5
2021-12-08 16:19:39,810 [f4224ab0-cbd9-4206-a0cf-eead8be6075d@group-DFF0BB80C9DD-LeaderElection28] INFO  impl.LeaderElection (LeaderElection.java:askForVotes(308)) - f4224ab0-cbd9-4206-a0cf-eead8be6075d@group-DFF0BB80C9DD-LeaderElection28 ELECTION round 0: result PASSED
2021-12-08 16:19:39,810 [f4224ab0-cbd9-4206-a0cf-eead8be6075d@group-DFF0BB80C9DD-LeaderElection28] INFO  impl.RoleInfo (RoleInfo.java:shutdownLeaderElection(121)) - f4224ab0-cbd9-4206-a0cf-eead8be6075d: shutdown f4224ab0-cbd9-4206-a0cf-eead8be6075d@group-DFF0BB80C9DD-LeaderElection28
2021-12-08 16:19:39,810 [f4224ab0-cbd9-4206-a0cf-eead8be6075d@group-DFF0BB80C9DD-LeaderElection28] INFO  server.RaftServer$Division (RaftServerImpl.java:setRole(290)) - f4224ab0-cbd9-4206-a0cf-eead8be6075d@group-DFF0BB80C9DD: changes role from CANDIDATE to LEADER at term 5 for changeToLeader
2021-12-08 16:19:39,810 [f4224ab0-cbd9-4206-a0cf-eead8be6075d@group-DFF0BB80C9DD-LeaderElection28] INFO  ratis.XceiverServerRatis (XceiverServerRatis.java:handleLeaderChangedNotification(866)) - Leader change notification received for group: group-DFF0BB80C9DD with new leaderId: f4224ab0-cbd9-4206-a0cf-eead8be6075d
2021-12-08 16:19:39,810 [f4224ab0-cbd9-4206-a0cf-eead8be6075d@group-DFF0BB80C9DD-LeaderElection28] INFO  server.RaftServer$Division (ServerState.java:setLeader(285)) - f4224ab0-cbd9-4206-a0cf-eead8be6075d@group-DFF0BB80C9DD: change Leader from null to f4224ab0-cbd9-4206-a0cf-eead8be6075d at term 5 for becomeLeader, leader elected after 25675ms
2021-12-08 16:19:39,810 [f4224ab0-cbd9-4206-a0cf-eead8be6075d@group-DFF0BB80C9DD-LeaderElection28] INFO  server.RaftServerConfigKeys (ConfUtils.java:logGet(44)) - raft.server.staging.catchup.gap = 1000 (default)
2021-12-08 16:19:39,811 [f4224ab0-cbd9-4206-a0cf-eead8be6075d@group-DFF0BB80C9DD-LeaderElection28] INFO  server.RaftServerConfigKeys (ConfUtils.java:logGet(44)) - raft.server.write.element-limit = 1024 (custom)
2021-12-08 16:19:39,811 [f4224ab0-cbd9-4206-a0cf-eead8be6075d@group-DFF0BB80C9DD-LeaderElection28] INFO  server.RaftServerConfigKeys (ConfUtils.java:logGet(44)) - raft.server.write.byte-limit = 1024 M (=1073741824) (custom)
2021-12-08 16:19:39,811 [f4224ab0-cbd9-4206-a0cf-eead8be6075d@group-DFF0BB80C9DD-LeaderElection28] INFO  server.RaftServerConfigKeys (ConfUtils.java:logGet(44)) - raft.server.watch.timeout = 180s (custom)
2021-12-08 16:19:39,811 [f4224ab0-cbd9-4206-a0cf-eead8be6075d@group-DFF0BB80C9DD-LeaderElection28] INFO  server.RaftServerConfigKeys (ConfUtils.java:logGet(44)) - raft.server.watch.timeout.denomination = 1s (default)
2021-12-08 16:19:39,811 [f4224ab0-cbd9-4206-a0cf-eead8be6075d@group-DFF0BB80C9DD-LeaderElection28] INFO  server.RaftServerConfigKeys (ConfUtils.java:logGet(44)) - raft.server.watch.element-limit = 65536 (default)
2021-12-08 16:19:39,811 [f4224ab0-cbd9-4206-a0cf-eead8be6075d@group-DFF0BB80C9DD-LeaderElection28] INFO  server.RaftServerConfigKeys (ConfUtils.java:logGet(44)) - raft.server.write.element-limit = 1024 (custom)
2021-12-08 16:19:39,811 [f4224ab0-cbd9-4206-a0cf-eead8be6075d@group-DFF0BB80C9DD-LeaderElection28] INFO  server.RaftServerConfigKeys (ConfUtils.java:logGet(44)) - raft.server.write.follower.gap.ratio.max = -1.0 (default)
2021-12-08 16:19:39,811 [f4224ab0-cbd9-4206-a0cf-eead8be6075d@group-DFF0BB80C9DD-LeaderElection28] INFO  server.RaftServerConfigKeys (ConfUtils.java:logGet(44)) - raft.server.log.appender.snapshot.chunk.size.max = 16MB (=16777216) (default)
2021-12-08 16:19:39,811 [f4224ab0-cbd9-4206-a0cf-eead8be6075d@group-DFF0BB80C9DD-LeaderElection28] INFO  server.RaftServerConfigKeys (ConfUtils.java:logGet(44)) - raft.server.log.appender.buffer.byte-limit = 33554432 (custom)
2021-12-08 16:19:39,811 [f4224ab0-cbd9-4206-a0cf-eead8be6075d@group-DFF0BB80C9DD-LeaderElection28] INFO  server.RaftServerConfigKeys (ConfUtils.java:logGet(44)) - raft.server.log.appender.buffer.element-limit = 1 (custom)
2021-12-08 16:19:39,811 [f4224ab0-cbd9-4206-a0cf-eead8be6075d@group-DFF0BB80C9DD-LeaderElection28] INFO  grpc.GrpcConfigKeys (ConfUtils.java:logGet(44)) - raft.grpc.server.leader.outstanding.appends.max = 128 (default)
2021-12-08 16:19:39,811 [f4224ab0-cbd9-4206-a0cf-eead8be6075d@group-DFF0BB80C9DD-LeaderElection28] INFO  server.RaftServerConfigKeys (ConfUtils.java:logGet(44)) - raft.server.rpc.request.timeout = 60s (custom)
2021-12-08 16:19:39,811 [f4224ab0-cbd9-4206-a0cf-eead8be6075d@group-DFF0BB80C9DD-LeaderElection28] INFO  server.RaftServerConfigKeys (ConfUtils.java:logGet(44)) - raft.server.log.appender.install.snapshot.enabled = false (custom)
2021-12-08 16:19:39,812 [f4224ab0-cbd9-4206-a0cf-eead8be6075d@group-DFF0BB80C9DD-LeaderElection28] INFO  server.RaftServerConfigKeys (ConfUtils.java:logGet(44)) - raft.server.log.appender.snapshot.chunk.size.max = 16MB (=16777216) (default)
2021-12-08 16:19:39,812 [f4224ab0-cbd9-4206-a0cf-eead8be6075d@group-DFF0BB80C9DD-LeaderElection28] INFO  server.RaftServerConfigKeys (ConfUtils.java:logGet(44)) - raft.server.log.appender.buffer.byte-limit = 33554432 (custom)
2021-12-08 16:19:39,812 [f4224ab0-cbd9-4206-a0cf-eead8be6075d@group-DFF0BB80C9DD-LeaderElection28] INFO  server.RaftServerConfigKeys (ConfUtils.java:logGet(44)) - raft.server.log.appender.buffer.element-limit = 1 (custom)
2021-12-08 16:19:39,812 [f4224ab0-cbd9-4206-a0cf-eead8be6075d@group-DFF0BB80C9DD-LeaderElection28] INFO  grpc.GrpcConfigKeys (ConfUtils.java:logGet(44)) - raft.grpc.server.leader.outstanding.appends.max = 128 (default)
2021-12-08 16:19:39,812 [f4224ab0-cbd9-4206-a0cf-eead8be6075d@group-DFF0BB80C9DD-LeaderElection28] INFO  server.RaftServerConfigKeys (ConfUtils.java:logGet(44)) - raft.server.rpc.request.timeout = 60s (custom)
2021-12-08 16:19:39,812 [f4224ab0-cbd9-4206-a0cf-eead8be6075d@group-DFF0BB80C9DD-LeaderElection28] INFO  server.RaftServerConfigKeys (ConfUtils.java:logGet(44)) - raft.server.log.appender.install.snapshot.enabled = false (custom)
2021-12-08 16:19:39,813 [f4224ab0-cbd9-4206-a0cf-eead8be6075d@group-DFF0BB80C9DD-LeaderElection28] INFO  impl.RoleInfo (RoleInfo.java:updateAndGet(130)) - f4224ab0-cbd9-4206-a0cf-eead8be6075d: start f4224ab0-cbd9-4206-a0cf-eead8be6075d@group-DFF0BB80C9DD-LeaderStateImpl
2021-12-08 16:19:39,813 [f4224ab0-cbd9-4206-a0cf-eead8be6075d@group-DFF0BB80C9DD-LeaderElection28] INFO  segmented.SegmentedRaftLogWorker (SegmentedRaftLogWorker.java:startLogSegment(394)) - f4224ab0-cbd9-4206-a0cf-eead8be6075d@group-DFF0BB80C9DD-SegmentedRaftLogWorker: Starting segment from index:0
2021-12-08 16:19:39,814 [EventQueue-PipelineReportForPipelineReportHandler] INFO  pipeline.PipelineManagerImpl (PipelineManagerImpl.java:openPipeline(291)) - Pipeline Pipeline[ Id: 808f5cee-7d2f-4e00-bd74-dff0bb80c9dd, Nodes: fa0680b8-425f-47f5-898a-3d606569156e{ip: 10.1.0.47, host: fv-az59-681.csjynl4pkq3e1pkirw3ssqjfoh.cx.internal.cloudapp.net, ports: [REPLICATION=38309, RATIS=34705, RATIS_ADMIN=34705, RATIS_SERVER=34705, STANDALONE=38741], networkLocation: /default-rack, certSerialId: null, persistedOpState: IN_SERVICE, persistedOpStateExpiryEpochSec: 0}c93cc91d-158f-4bbd-affd-12041f62a0d5{ip: 10.1.0.47, host: fv-az59-681.csjynl4pkq3e1pkirw3ssqjfoh.cx.internal.cloudapp.net, ports: [REPLICATION=43507, RATIS=38941, RATIS_ADMIN=38941, RATIS_SERVER=38941, STANDALONE=36195], networkLocation: /default-rack, certSerialId: null, persistedOpState: IN_SERVICE, persistedOpStateExpiryEpochSec: 0}f4224ab0-cbd9-4206-a0cf-eead8be6075d{ip: 10.1.0.47, host: fv-az59-681.csjynl4pkq3e1pkirw3ssqjfoh.cx.internal.cloudapp.net, ports: [REPLICATION=36823, RATIS=43145, RATIS_ADMIN=43145, RATIS_SERVER=43145, STANDALONE=38643], networkLocation: /default-rack, certSerialId: null, persistedOpState: IN_SERVICE, persistedOpStateExpiryEpochSec: 0}, ReplicationConfig: RATIS/THREE, State:ALLOCATED, leaderId:f4224ab0-cbd9-4206-a0cf-eead8be6075d, CreationTimestamp2021-12-08T16:19:11.873Z[Etc/UTC]] moved to OPEN state
2021-12-08 16:19:39,827 [Listener at 127.0.0.1/42249] INFO  ozone.MiniOzoneClusterImpl (MiniOzoneClusterImpl.java:stopDatanodes(527)) - Stopping the HddsDatanodes
2021-12-08 16:19:39,827 [grpc-default-executor-2] INFO  server.RaftServer$Division (RaftServerImpl.java:requestVote(1046)) - fa0680b8-425f-47f5-898a-3d606569156e@group-DFF0BB80C9DD: receive requestVote(ELECTION, f4224ab0-cbd9-4206-a0cf-eead8be6075d, group-DFF0BB80C9DD, 5, (t:0, i:0))
2021-12-08 16:19:39,835 [grpc-default-executor-2] INFO  impl.VoteContext (VoteContext.java:log(48)) - fa0680b8-425f-47f5-898a-3d606569156e@group-DFF0BB80C9DD-FOLLOWER: accept ELECTION from f4224ab0-cbd9-4206-a0cf-eead8be6075d: our priority 0 <= candidate's priority 1
2021-12-08 16:19:39,835 [grpc-default-executor-2] INFO  server.RaftServer$Division (RaftServerImpl.java:setRole(290)) - fa0680b8-425f-47f5-898a-3d606569156e@group-DFF0BB80C9DD: changes role from  FOLLOWER to FOLLOWER at term 5 for candidate:f4224ab0-cbd9-4206-a0cf-eead8be6075d
2021-12-08 16:19:39,836 [grpc-default-executor-2] INFO  impl.RoleInfo (RoleInfo.java:shutdownFollowerState(108)) - fa0680b8-425f-47f5-898a-3d606569156e: shutdown fa0680b8-425f-47f5-898a-3d606569156e@group-DFF0BB80C9DD-FollowerState
2021-12-08 16:19:39,836 [grpc-default-executor-2] INFO  impl.RoleInfo (RoleInfo.java:updateAndGet(130)) - fa0680b8-425f-47f5-898a-3d606569156e: start fa0680b8-425f-47f5-898a-3d606569156e@group-DFF0BB80C9DD-FollowerState
2021-12-08 16:19:39,815 [f4224ab0-cbd9-4206-a0cf-eead8be6075d@group-DFF0BB80C9DD-SegmentedRaftLogWorker] INFO  segmented.SegmentedRaftLogWorker (SegmentedRaftLogWorker.java:execute(601)) - f4224ab0-cbd9-4206-a0cf-eead8be6075d@group-DFF0BB80C9DD-SegmentedRaftLogWorker: created new log segment /home/runner/work/ozone/ozone/hadoop-ozone/integration-test/target/test-dir/MiniOzoneClusterImpl-52fbfdab-5ffe-473a-8528-eacaa1fd0e12/datanode-2/data/ratis/808f5cee-7d2f-4e00-bd74-dff0bb80c9dd/current/log_inprogress_0
2021-12-08 16:19:39,836 [fa0680b8-425f-47f5-898a-3d606569156e@group-DFF0BB80C9DD-FollowerState] INFO  impl.FollowerState (FollowerState.java:run(143)) - fa0680b8-425f-47f5-898a-3d606569156e@group-DFF0BB80C9DD-FollowerState was interrupted: {}
java.lang.InterruptedException: sleep interrupted
	at java.lang.Thread.sleep(Native Method)
	at java.lang.Thread.sleep(Thread.java:340)
	at java.util.concurrent.TimeUnit.sleep(TimeUnit.java:386)
	at org.apache.ratis.util.TimeDuration.sleep(TimeDuration.java:324)
	at org.apache.ratis.util.TimeDuration.sleep(TimeDuration.java:309)
	at org.apache.ratis.server.impl.FollowerState.run(FollowerState.java:118)
2021-12-08 16:19:39,843 [grpc-default-executor-2] INFO  server.RaftServer$Division (RaftServerImpl.java:requestVote(1078)) - fa0680b8-425f-47f5-898a-3d606569156e@group-DFF0BB80C9DD replies to ELECTION vote request: f4224ab0-cbd9-4206-a0cf-eead8be6075d<-fa0680b8-425f-47f5-898a-3d606569156e#0:OK-t5. Peer's state: fa0680b8-425f-47f5-898a-3d606569156e@group-DFF0BB80C9DD:t5, leader=null, voted=f4224ab0-cbd9-4206-a0cf-eead8be6075d, raftlog=fa0680b8-425f-47f5-898a-3d606569156e@group-DFF0BB80C9DD-SegmentedRaftLog:OPENED:c-1, conf=-1: [c93cc91d-158f-4bbd-affd-12041f62a0d5|rpc:10.1.0.47:38941|dataStream:|priority:0, f4224ab0-cbd9-4206-a0cf-eead8be6075d|rpc:10.1.0.47:43145|dataStream:|priority:1, fa0680b8-425f-47f5-898a-3d606569156e|rpc:10.1.0.47:34705|dataStream:|priority:0], old=null
2021-12-08 16:19:39,854 [grpc-default-executor-2] INFO  ratis.XceiverServerRatis (XceiverServerRatis.java:handleLeaderChangedNotification(866)) - Leader change notification received for group: group-DFF0BB80C9DD with new leaderId: f4224ab0-cbd9-4206-a0cf-eead8be6075d
2021-12-08 16:19:39,854 [grpc-default-executor-2] INFO  server.RaftServer$Division (ServerState.java:setLeader(285)) - c93cc91d-158f-4bbd-affd-12041f62a0d5@group-DFF0BB80C9DD: change Leader from null to f4224ab0-cbd9-4206-a0cf-eead8be6075d at term 5 for appendEntries, leader elected after 25904ms
2021-12-08 16:19:39,866 [f4224ab0-cbd9-4206-a0cf-eead8be6075d@group-DFF0BB80C9DD-LeaderElection28] INFO  server.RaftServer$Division (ServerState.java:setRaftConf(387)) - f4224ab0-cbd9-4206-a0cf-eead8be6075d@group-DFF0BB80C9DD: set configuration 0: [c93cc91d-158f-4bbd-affd-12041f62a0d5|rpc:10.1.0.47:38941|dataStream:|priority:0, f4224ab0-cbd9-4206-a0cf-eead8be6075d|rpc:10.1.0.47:43145|dataStream:|priority:1, fa0680b8-425f-47f5-898a-3d606569156e|rpc:10.1.0.47:34705|dataStream:|priority:0], old=null
2021-12-08 16:19:39,868 [grpc-default-executor-0] INFO  ratis.XceiverServerRatis (XceiverServerRatis.java:handleLeaderChangedNotification(866)) - Leader change notification received for group: group-DFF0BB80C9DD with new leaderId: f4224ab0-cbd9-4206-a0cf-eead8be6075d
2021-12-08 16:19:39,868 [grpc-default-executor-0] INFO  server.RaftServer$Division (ServerState.java:setLeader(285)) - fa0680b8-425f-47f5-898a-3d606569156e@group-DFF0BB80C9DD: change Leader from null to f4224ab0-cbd9-4206-a0cf-eead8be6075d at term 5 for appendEntries, leader elected after 25832ms
2021-12-08 16:19:39,891 [grpc-default-executor-2] INFO  server.RaftServer$Division (ServerState.java:setRaftConf(387)) - c93cc91d-158f-4bbd-affd-12041f62a0d5@group-DFF0BB80C9DD: set configuration 0: [c93cc91d-158f-4bbd-affd-12041f62a0d5|rpc:10.1.0.47:38941|dataStream:|priority:0, f4224ab0-cbd9-4206-a0cf-eead8be6075d|rpc:10.1.0.47:43145|dataStream:|priority:1, fa0680b8-425f-47f5-898a-3d606569156e|rpc:10.1.0.47:34705|dataStream:|priority:0], old=null
2021-12-08 16:19:39,891 [grpc-default-executor-2] INFO  segmented.SegmentedRaftLogWorker (SegmentedRaftLogWorker.java:startLogSegment(394)) - c93cc91d-158f-4bbd-affd-12041f62a0d5@group-DFF0BB80C9DD-SegmentedRaftLogWorker: Starting segment from index:0
2021-12-08 16:19:39,891 [grpc-default-executor-0] INFO  server.RaftServer$Division (ServerState.java:setRaftConf(387)) - fa0680b8-425f-47f5-898a-3d606569156e@group-DFF0BB80C9DD: set configuration 0: [c93cc91d-158f-4bbd-affd-12041f62a0d5|rpc:10.1.0.47:38941|dataStream:|priority:0, f4224ab0-cbd9-4206-a0cf-eead8be6075d|rpc:10.1.0.47:43145|dataStream:|priority:1, fa0680b8-425f-47f5-898a-3d606569156e|rpc:10.1.0.47:34705|dataStream:|priority:0], old=null
2021-12-08 16:19:39,892 [grpc-default-executor-0] INFO  segmented.SegmentedRaftLogWorker (SegmentedRaftLogWorker.java:startLogSegment(394)) - fa0680b8-425f-47f5-898a-3d606569156e@group-DFF0BB80C9DD-SegmentedRaftLogWorker: Starting segment from index:0
2021-12-08 16:19:39,892 [c93cc91d-158f-4bbd-affd-12041f62a0d5@group-DFF0BB80C9DD-SegmentedRaftLogWorker] INFO  segmented.SegmentedRaftLogWorker (SegmentedRaftLogWorker.java:execute(601)) - c93cc91d-158f-4bbd-affd-12041f62a0d5@group-DFF0BB80C9DD-SegmentedRaftLogWorker: created new log segment /home/runner/work/ozone/ozone/hadoop-ozone/integration-test/target/test-dir/MiniOzoneClusterImpl-52fbfdab-5ffe-473a-8528-eacaa1fd0e12/datanode-0/data/ratis/808f5cee-7d2f-4e00-bd74-dff0bb80c9dd/current/log_inprogress_0
2021-12-08 16:19:39,895 [fa0680b8-425f-47f5-898a-3d606569156e@group-DFF0BB80C9DD-SegmentedRaftLogWorker] INFO  segmented.SegmentedRaftLogWorker (SegmentedRaftLogWorker.java:execute(601)) - fa0680b8-425f-47f5-898a-3d606569156e@group-DFF0BB80C9DD-SegmentedRaftLogWorker: created new log segment /home/runner/work/ozone/ozone/hadoop-ozone/integration-test/target/test-dir/MiniOzoneClusterImpl-52fbfdab-5ffe-473a-8528-eacaa1fd0e12/datanode-1/data/ratis/808f5cee-7d2f-4e00-bd74-dff0bb80c9dd/current/log_inprogress_0
2021-12-08 16:19:44,828 [Listener at 127.0.0.1/42249] INFO  ozoneimpl.OzoneContainer (OzoneContainer.java:stop(325)) - Attempting to stop container services.
2021-12-08 16:19:44,829 [Listener at 127.0.0.1/42249] INFO  server.RaftServer (RaftServerProxy.java:lambda$close$6(391)) - fa0680b8-425f-47f5-898a-3d606569156e: close
2021-12-08 16:19:44,829 [Listener at 127.0.0.1/42249] INFO  server.RaftServer$Division (RaftServerImpl.java:lambda$close$4(412)) - fa0680b8-425f-47f5-898a-3d606569156e@group-4D1C0F2CAC41: shutdown
2021-12-08 16:19:44,830 [Listener at 127.0.0.1/42249] INFO  util.JmxRegister (JmxRegister.java:unregister(73)) - Successfully un-registered JMX Bean with object name Ratis:service=RaftServer,group=group-4D1C0F2CAC41,id=fa0680b8-425f-47f5-898a-3d606569156e
2021-12-08 16:19:44,830 [Listener at 127.0.0.1/42249] INFO  impl.RoleInfo (RoleInfo.java:shutdownLeaderState(91)) - fa0680b8-425f-47f5-898a-3d606569156e: shutdown fa0680b8-425f-47f5-898a-3d606569156e@group-4D1C0F2CAC41-LeaderStateImpl
2021-12-08 16:19:44,830 [Listener at 127.0.0.1/42249] INFO  impl.PendingRequests (PendingRequests.java:sendNotLeaderResponses(282)) - fa0680b8-425f-47f5-898a-3d606569156e@group-4D1C0F2CAC41-PendingRequests: sendNotLeaderResponses
2021-12-08 16:19:44,830 [fa0680b8-425f-47f5-898a-3d606569156e@group-4D1C0F2CAC41->c93cc91d-158f-4bbd-affd-12041f62a0d5-GrpcLogAppender-LogAppenderDaemon] WARN  server.GrpcLogAppender (GrpcLogAppender.java:mayWait(177)) - fa0680b8-425f-47f5-898a-3d606569156e@group-4D1C0F2CAC41->c93cc91d-158f-4bbd-affd-12041f62a0d5-GrpcLogAppender: Wait interrupted by java.lang.InterruptedException
2021-12-08 16:19:44,830 [fa0680b8-425f-47f5-898a-3d606569156e@group-4D1C0F2CAC41->f4224ab0-cbd9-4206-a0cf-eead8be6075d-GrpcLogAppender-LogAppenderDaemon] WARN  server.GrpcLogAppender (GrpcLogAppender.java:mayWait(177)) - fa0680b8-425f-47f5-898a-3d606569156e@group-4D1C0F2CAC41->f4224ab0-cbd9-4206-a0cf-eead8be6075d-GrpcLogAppender: Wait interrupted by java.lang.InterruptedException
2021-12-08 16:19:44,834 [fa0680b8-425f-47f5-898a-3d606569156e@group-4D1C0F2CAC41-StateMachineUpdater] INFO  ratis.ContainerStateMachine (ContainerStateMachine.java:takeSnapshot(299)) - group-4D1C0F2CAC41: Taking a snapshot at:(t:2, i:27) file /home/runner/work/ozone/ozone/hadoop-ozone/integration-test/target/test-dir/MiniOzoneClusterImpl-52fbfdab-5ffe-473a-8528-eacaa1fd0e12/datanode-1/data/ratis/b84f50df-25f7-45c4-a520-4d1c0f2cac41/sm/snapshot.2_27
2021-12-08 16:19:44,835 [Listener at 127.0.0.1/42249] INFO  impl.StateMachineUpdater (StateMachineUpdater.java:stopAndJoin(149)) - fa0680b8-425f-47f5-898a-3d606569156e@group-4D1C0F2CAC41-StateMachineUpdater: set stopIndex = 27
2021-12-08 16:19:44,835 [fa0680b8-425f-47f5-898a-3d606569156e@group-4D1C0F2CAC41-StateMachineUpdater] INFO  ratis.ContainerStateMachine (ContainerStateMachine.java:takeSnapshot(310)) - group-4D1C0F2CAC41: Finished taking a snapshot at:(t:2, i:27) file:/home/runner/work/ozone/ozone/hadoop-ozone/integration-test/target/test-dir/MiniOzoneClusterImpl-52fbfdab-5ffe-473a-8528-eacaa1fd0e12/datanode-1/data/ratis/b84f50df-25f7-45c4-a520-4d1c0f2cac41/sm/snapshot.2_27 took: 1 ms
2021-12-08 16:19:44,836 [fa0680b8-425f-47f5-898a-3d606569156e@group-4D1C0F2CAC41-StateMachineUpdater] INFO  impl.StateMachineUpdater (StateMachineUpdater.java:takeSnapshot(281)) - fa0680b8-425f-47f5-898a-3d606569156e@group-4D1C0F2CAC41-StateMachineUpdater: Took a snapshot at index 27
2021-12-08 16:19:44,836 [fa0680b8-425f-47f5-898a-3d606569156e@group-4D1C0F2CAC41-StateMachineUpdater] INFO  impl.StateMachineUpdater (StateMachineUpdater.java:lambda$new$0(89)) - fa0680b8-425f-47f5-898a-3d606569156e@group-4D1C0F2CAC41-StateMachineUpdater: snapshotIndex: updateIncreasingly -1 -> 27
2021-12-08 16:19:44,836 [Listener at 127.0.0.1/42249] INFO  server.RaftServer$Division (ServerState.java:close(419)) - fa0680b8-425f-47f5-898a-3d606569156e@group-4D1C0F2CAC41: closes. applyIndex: 27
2021-12-08 16:19:44,837 [fa0680b8-425f-47f5-898a-3d606569156e@group-4D1C0F2CAC41-SegmentedRaftLogWorker] INFO  segmented.SegmentedRaftLogWorker (SegmentedRaftLogWorker.java:run(327)) - fa0680b8-425f-47f5-898a-3d606569156e@group-4D1C0F2CAC41-SegmentedRaftLogWorker was interrupted, exiting. There are 0 tasks remaining in the queue.
2021-12-08 16:19:44,837 [Listener at 127.0.0.1/42249] INFO  segmented.SegmentedRaftLogWorker (SegmentedRaftLogWorker.java:close(237)) - fa0680b8-425f-47f5-898a-3d606569156e@group-4D1C0F2CAC41-SegmentedRaftLogWorker close()
2021-12-08 16:19:44,837 [grpc-default-executor-2] INFO  server.GrpcServerProtocolService (GrpcServerProtocolService.java:onCompleted(140)) - c93cc91d-158f-4bbd-affd-12041f62a0d5: Completed APPEND_ENTRIES, lastRequest: fa0680b8-425f-47f5-898a-3d606569156e->c93cc91d-158f-4bbd-affd-12041f62a0d5#280-t2,previous=(t:2, i:26),leaderCommit=25,initializing? true,entries: size=1, first=(t:2, i:27), METADATAENTRY(c:25)
2021-12-08 16:19:44,837 [grpc-default-executor-0] INFO  server.GrpcServerProtocolService (GrpcServerProtocolService.java:onCompleted(140)) - f4224ab0-cbd9-4206-a0cf-eead8be6075d: Completed APPEND_ENTRIES, lastRequest: fa0680b8-425f-47f5-898a-3d606569156e->f4224ab0-cbd9-4206-a0cf-eead8be6075d#289-t2,previous=(t:2, i:26),leaderCommit=25,initializing? true,entries: size=1, first=(t:2, i:27), METADATAENTRY(c:25)
2021-12-08 16:19:44,838 [grpc-default-executor-1] INFO  server.GrpcLogAppender (GrpcLogAppender.java:onCompleted(346)) - fa0680b8-425f-47f5-898a-3d606569156e@group-4D1C0F2CAC41->f4224ab0-cbd9-4206-a0cf-eead8be6075d-AppendLogResponseHandler: follower responses appendEntries COMPLETED
2021-12-08 16:19:44,838 [grpc-default-executor-1] INFO  leader.FollowerInfo (FollowerInfoImpl.java:lambda$new$0(47)) - fa0680b8-425f-47f5-898a-3d606569156e@group-4D1C0F2CAC41->f4224ab0-cbd9-4206-a0cf-eead8be6075d: nextIndex: updateUnconditionally 28 -> 27
2021-12-08 16:19:44,839 [grpc-default-executor-3] INFO  server.GrpcLogAppender (GrpcLogAppender.java:onCompleted(346)) - fa0680b8-425f-47f5-898a-3d606569156e@group-4D1C0F2CAC41->c93cc91d-158f-4bbd-affd-12041f62a0d5-AppendLogResponseHandler: follower responses appendEntries COMPLETED
2021-12-08 16:19:44,839 [grpc-default-executor-3] INFO  leader.FollowerInfo (FollowerInfoImpl.java:lambda$new$0(47)) - fa0680b8-425f-47f5-898a-3d606569156e@group-4D1C0F2CAC41->c93cc91d-158f-4bbd-affd-12041f62a0d5: nextIndex: updateUnconditionally 28 -> 27
2021-12-08 16:19:44,842 [Listener at 127.0.0.1/42249] INFO  server.RaftServer$Division (RaftServerImpl.java:lambda$close$4(412)) - fa0680b8-425f-47f5-898a-3d606569156e@group-B1933DB6F93E: shutdown
2021-12-08 16:19:44,843 [Listener at 127.0.0.1/42249] INFO  util.JmxRegister (JmxRegister.java:unregister(73)) - Successfully un-registered JMX Bean with object name Ratis:service=RaftServer,group=group-B1933DB6F93E,id=fa0680b8-425f-47f5-898a-3d606569156e
2021-12-08 16:19:44,843 [Listener at 127.0.0.1/42249] INFO  impl.RoleInfo (RoleInfo.java:shutdownLeaderState(91)) - fa0680b8-425f-47f5-898a-3d606569156e: shutdown fa0680b8-425f-47f5-898a-3d606569156e@group-B1933DB6F93E-LeaderStateImpl
2021-12-08 16:19:44,843 [Listener at 127.0.0.1/42249] INFO  impl.PendingRequests (PendingRequests.java:sendNotLeaderResponses(282)) - fa0680b8-425f-47f5-898a-3d606569156e@group-B1933DB6F93E-PendingRequests: sendNotLeaderResponses
2021-12-08 16:19:44,843 [Listener at 127.0.0.1/42249] INFO  impl.StateMachineUpdater (StateMachineUpdater.java:stopAndJoin(149)) - fa0680b8-425f-47f5-898a-3d606569156e@group-B1933DB6F93E-StateMachineUpdater: set stopIndex = 0
2021-12-08 16:19:44,843 [fa0680b8-425f-47f5-898a-3d606569156e@group-B1933DB6F93E-StateMachineUpdater] INFO  ratis.ContainerStateMachine (ContainerStateMachine.java:takeSnapshot(299)) - group-B1933DB6F93E: Taking a snapshot at:(t:1, i:0) file /home/runner/work/ozone/ozone/hadoop-ozone/integration-test/target/test-dir/MiniOzoneClusterImpl-52fbfdab-5ffe-473a-8528-eacaa1fd0e12/datanode-1/data/ratis/15000e1d-3d84-407f-b27e-b1933db6f93e/sm/snapshot.1_0
2021-12-08 16:19:44,844 [fa0680b8-425f-47f5-898a-3d606569156e@group-B1933DB6F93E-StateMachineUpdater] INFO  ratis.ContainerStateMachine (ContainerStateMachine.java:takeSnapshot(310)) - group-B1933DB6F93E: Finished taking a snapshot at:(t:1, i:0) file:/home/runner/work/ozone/ozone/hadoop-ozone/integration-test/target/test-dir/MiniOzoneClusterImpl-52fbfdab-5ffe-473a-8528-eacaa1fd0e12/datanode-1/data/ratis/15000e1d-3d84-407f-b27e-b1933db6f93e/sm/snapshot.1_0 took: 1 ms
2021-12-08 16:19:44,844 [fa0680b8-425f-47f5-898a-3d606569156e@group-B1933DB6F93E-StateMachineUpdater] INFO  impl.StateMachineUpdater (StateMachineUpdater.java:takeSnapshot(281)) - fa0680b8-425f-47f5-898a-3d606569156e@group-B1933DB6F93E-StateMachineUpdater: Took a snapshot at index 0
2021-12-08 16:19:44,844 [fa0680b8-425f-47f5-898a-3d606569156e@group-B1933DB6F93E-StateMachineUpdater] INFO  impl.StateMachineUpdater (StateMachineUpdater.java:lambda$new$0(89)) - fa0680b8-425f-47f5-898a-3d606569156e@group-B1933DB6F93E-StateMachineUpdater: snapshotIndex: updateIncreasingly -1 -> 0
2021-12-08 16:19:44,846 [Listener at 127.0.0.1/42249] INFO  server.RaftServer$Division (ServerState.java:close(419)) - fa0680b8-425f-47f5-898a-3d606569156e@group-B1933DB6F93E: closes. applyIndex: 0
2021-12-08 16:19:44,846 [ForkJoinPool.commonPool-worker-1] INFO  ozoneimpl.OzoneContainer (OzoneContainer.java:stop(325)) - Attempting to stop container services.
2021-12-08 16:19:44,846 [fa0680b8-425f-47f5-898a-3d606569156e@group-B1933DB6F93E-SegmentedRaftLogWorker] INFO  segmented.SegmentedRaftLogWorker (SegmentedRaftLogWorker.java:run(327)) - fa0680b8-425f-47f5-898a-3d606569156e@group-B1933DB6F93E-SegmentedRaftLogWorker was interrupted, exiting. There are 0 tasks remaining in the queue.
2021-12-08 16:19:44,846 [Listener at 127.0.0.1/42249] INFO  segmented.SegmentedRaftLogWorker (SegmentedRaftLogWorker.java:close(237)) - fa0680b8-425f-47f5-898a-3d606569156e@group-B1933DB6F93E-SegmentedRaftLogWorker close()
2021-12-08 16:19:44,847 [ForkJoinPool.commonPool-worker-1] INFO  server.RaftServer (RaftServerProxy.java:lambda$close$6(391)) - c93cc91d-158f-4bbd-affd-12041f62a0d5: close
2021-12-08 16:19:44,848 [ForkJoinPool.commonPool-worker-1] INFO  server.RaftServer$Division (RaftServerImpl.java:lambda$close$4(412)) - c93cc91d-158f-4bbd-affd-12041f62a0d5@group-4D1C0F2CAC41: shutdown
2021-12-08 16:19:44,848 [ForkJoinPool.commonPool-worker-1] INFO  util.JmxRegister (JmxRegister.java:unregister(73)) - Successfully un-registered JMX Bean with object name Ratis:service=RaftServer,group=group-4D1C0F2CAC41,id=c93cc91d-158f-4bbd-affd-12041f62a0d5
2021-12-08 16:19:44,848 [ForkJoinPool.commonPool-worker-1] INFO  impl.RoleInfo (RoleInfo.java:shutdownFollowerState(108)) - c93cc91d-158f-4bbd-affd-12041f62a0d5: shutdown c93cc91d-158f-4bbd-affd-12041f62a0d5@group-4D1C0F2CAC41-FollowerState
2021-12-08 16:19:44,848 [ForkJoinPool.commonPool-worker-1] INFO  impl.StateMachineUpdater (StateMachineUpdater.java:stopAndJoin(149)) - c93cc91d-158f-4bbd-affd-12041f62a0d5@group-4D1C0F2CAC41-StateMachineUpdater: set stopIndex = 27
2021-12-08 16:19:44,848 [c93cc91d-158f-4bbd-affd-12041f62a0d5@group-4D1C0F2CAC41-FollowerState] INFO  impl.FollowerState (FollowerState.java:run(143)) - c93cc91d-158f-4bbd-affd-12041f62a0d5@group-4D1C0F2CAC41-FollowerState was interrupted: {}
java.lang.InterruptedException: sleep interrupted
	at java.lang.Thread.sleep(Native Method)
	at java.lang.Thread.sleep(Thread.java:340)
	at java.util.concurrent.TimeUnit.sleep(TimeUnit.java:386)
	at org.apache.ratis.util.TimeDuration.sleep(TimeDuration.java:324)
	at org.apache.ratis.util.TimeDuration.sleep(TimeDuration.java:309)
	at org.apache.ratis.server.impl.FollowerState.run(FollowerState.java:118)
2021-12-08 16:19:44,849 [c93cc91d-158f-4bbd-affd-12041f62a0d5@group-4D1C0F2CAC41-StateMachineUpdater] INFO  ratis.ContainerStateMachine (ContainerStateMachine.java:takeSnapshot(299)) - group-4D1C0F2CAC41: Taking a snapshot at:(t:2, i:27) file /home/runner/work/ozone/ozone/hadoop-ozone/integration-test/target/test-dir/MiniOzoneClusterImpl-52fbfdab-5ffe-473a-8528-eacaa1fd0e12/datanode-0/data/ratis/b84f50df-25f7-45c4-a520-4d1c0f2cac41/sm/snapshot.2_27
2021-12-08 16:19:44,850 [c93cc91d-158f-4bbd-affd-12041f62a0d5@group-4D1C0F2CAC41-StateMachineUpdater] INFO  ratis.ContainerStateMachine (ContainerStateMachine.java:takeSnapshot(310)) - group-4D1C0F2CAC41: Finished taking a snapshot at:(t:2, i:27) file:/home/runner/work/ozone/ozone/hadoop-ozone/integration-test/target/test-dir/MiniOzoneClusterImpl-52fbfdab-5ffe-473a-8528-eacaa1fd0e12/datanode-0/data/ratis/b84f50df-25f7-45c4-a520-4d1c0f2cac41/sm/snapshot.2_27 took: 1 ms
2021-12-08 16:19:44,850 [c93cc91d-158f-4bbd-affd-12041f62a0d5@group-4D1C0F2CAC41-StateMachineUpdater] INFO  impl.StateMachineUpdater (StateMachineUpdater.java:takeSnapshot(281)) - c93cc91d-158f-4bbd-affd-12041f62a0d5@group-4D1C0F2CAC41-StateMachineUpdater: Took a snapshot at index 27
2021-12-08 16:19:44,850 [c93cc91d-158f-4bbd-affd-12041f62a0d5@group-4D1C0F2CAC41-StateMachineUpdater] INFO  impl.StateMachineUpdater (StateMachineUpdater.java:lambda$new$0(89)) - c93cc91d-158f-4bbd-affd-12041f62a0d5@group-4D1C0F2CAC41-StateMachineUpdater: snapshotIndex: updateIncreasingly -1 -> 27
2021-12-08 16:19:44,851 [ForkJoinPool.commonPool-worker-1] INFO  server.RaftServer$Division (ServerState.java:close(419)) - c93cc91d-158f-4bbd-affd-12041f62a0d5@group-4D1C0F2CAC41: closes. applyIndex: 27
2021-12-08 16:19:44,851 [c93cc91d-158f-4bbd-affd-12041f62a0d5@group-4D1C0F2CAC41-SegmentedRaftLogWorker] INFO  segmented.SegmentedRaftLogWorker (SegmentedRaftLogWorker.java:run(327)) - c93cc91d-158f-4bbd-affd-12041f62a0d5@group-4D1C0F2CAC41-SegmentedRaftLogWorker was interrupted, exiting. There are 0 tasks remaining in the queue.
2021-12-08 16:19:44,851 [ForkJoinPool.commonPool-worker-1] INFO  segmented.SegmentedRaftLogWorker (SegmentedRaftLogWorker.java:close(237)) - c93cc91d-158f-4bbd-affd-12041f62a0d5@group-4D1C0F2CAC41-SegmentedRaftLogWorker close()
2021-12-08 16:19:44,852 [ForkJoinPool.commonPool-worker-1] INFO  server.RaftServer$Division (RaftServerImpl.java:lambda$close$4(412)) - c93cc91d-158f-4bbd-affd-12041f62a0d5@group-539DAE66F782: shutdown
2021-12-08 16:19:44,852 [ForkJoinPool.commonPool-worker-1] INFO  util.JmxRegister (JmxRegister.java:unregister(73)) - Successfully un-registered JMX Bean with object name Ratis:service=RaftServer,group=group-539DAE66F782,id=c93cc91d-158f-4bbd-affd-12041f62a0d5
2021-12-08 16:19:44,852 [ForkJoinPool.commonPool-worker-1] INFO  impl.RoleInfo (RoleInfo.java:shutdownLeaderState(91)) - c93cc91d-158f-4bbd-affd-12041f62a0d5: shutdown c93cc91d-158f-4bbd-affd-12041f62a0d5@group-539DAE66F782-LeaderStateImpl
2021-12-08 16:19:44,852 [ForkJoinPool.commonPool-worker-1] INFO  impl.PendingRequests (PendingRequests.java:sendNotLeaderResponses(282)) - c93cc91d-158f-4bbd-affd-12041f62a0d5@group-539DAE66F782-PendingRequests: sendNotLeaderResponses
2021-12-08 16:19:44,852 [Listener at 127.0.0.1/42249] INFO  server.RaftServer$Division (RaftServerImpl.java:lambda$close$4(412)) - fa0680b8-425f-47f5-898a-3d606569156e@group-DFF0BB80C9DD: shutdown
2021-12-08 16:19:44,853 [ForkJoinPool.commonPool-worker-1] INFO  impl.StateMachineUpdater (StateMachineUpdater.java:stopAndJoin(149)) - c93cc91d-158f-4bbd-affd-12041f62a0d5@group-539DAE66F782-StateMachineUpdater: set stopIndex = 0
2021-12-08 16:19:44,853 [c93cc91d-158f-4bbd-affd-12041f62a0d5@group-539DAE66F782-StateMachineUpdater] INFO  ratis.ContainerStateMachine (ContainerStateMachine.java:takeSnapshot(299)) - group-539DAE66F782: Taking a snapshot at:(t:1, i:0) file /home/runner/work/ozone/ozone/hadoop-ozone/integration-test/target/test-dir/MiniOzoneClusterImpl-52fbfdab-5ffe-473a-8528-eacaa1fd0e12/datanode-0/data/ratis/80a635b9-d5f0-4776-8e85-539dae66f782/sm/snapshot.1_0
2021-12-08 16:19:44,853 [Listener at 127.0.0.1/42249] INFO  util.JmxRegister (JmxRegister.java:unregister(73)) - Successfully un-registered JMX Bean with object name Ratis:service=RaftServer,group=group-DFF0BB80C9DD,id=fa0680b8-425f-47f5-898a-3d606569156e
2021-12-08 16:19:44,853 [Listener at 127.0.0.1/42249] INFO  impl.RoleInfo (RoleInfo.java:shutdownFollowerState(108)) - fa0680b8-425f-47f5-898a-3d606569156e: shutdown fa0680b8-425f-47f5-898a-3d606569156e@group-DFF0BB80C9DD-FollowerState
2021-12-08 16:19:44,853 [fa0680b8-425f-47f5-898a-3d606569156e@group-DFF0BB80C9DD-FollowerState] INFO  impl.FollowerState (FollowerState.java:run(143)) - fa0680b8-425f-47f5-898a-3d606569156e@group-DFF0BB80C9DD-FollowerState was interrupted: {}
java.lang.InterruptedException: sleep interrupted
	at java.lang.Thread.sleep(Native Method)
	at java.lang.Thread.sleep(Thread.java:340)
	at java.util.concurrent.TimeUnit.sleep(TimeUnit.java:386)
	at org.apache.ratis.util.TimeDuration.sleep(TimeDuration.java:324)
	at org.apache.ratis.util.TimeDuration.sleep(TimeDuration.java:309)
	at org.apache.ratis.server.impl.FollowerState.run(FollowerState.java:118)
2021-12-08 16:19:44,853 [Listener at 127.0.0.1/42249] INFO  impl.StateMachineUpdater (StateMachineUpdater.java:stopAndJoin(149)) - fa0680b8-425f-47f5-898a-3d606569156e@group-DFF0BB80C9DD-StateMachineUpdater: set stopIndex = 0
2021-12-08 16:19:44,853 [fa0680b8-425f-47f5-898a-3d606569156e@group-DFF0BB80C9DD-StateMachineUpdater] INFO  ratis.ContainerStateMachine (ContainerStateMachine.java:takeSnapshot(299)) - group-DFF0BB80C9DD: Taking a snapshot at:(t:5, i:0) file /home/runner/work/ozone/ozone/hadoop-ozone/integration-test/target/test-dir/MiniOzoneClusterImpl-52fbfdab-5ffe-473a-8528-eacaa1fd0e12/datanode-1/data/ratis/808f5cee-7d2f-4e00-bd74-dff0bb80c9dd/sm/snapshot.5_0
2021-12-08 16:19:44,859 [c93cc91d-158f-4bbd-affd-12041f62a0d5@group-539DAE66F782-StateMachineUpdater] INFO  ratis.ContainerStateMachine (ContainerStateMachine.java:takeSnapshot(310)) - group-539DAE66F782: Finished taking a snapshot at:(t:1, i:0) file:/home/runner/work/ozone/ozone/hadoop-ozone/integration-test/target/test-dir/MiniOzoneClusterImpl-52fbfdab-5ffe-473a-8528-eacaa1fd0e12/datanode-0/data/ratis/80a635b9-d5f0-4776-8e85-539dae66f782/sm/snapshot.1_0 took: 6 ms
2021-12-08 16:19:44,860 [c93cc91d-158f-4bbd-affd-12041f62a0d5@group-539DAE66F782-StateMachineUpdater] INFO  impl.StateMachineUpdater (StateMachineUpdater.java:takeSnapshot(281)) - c93cc91d-158f-4bbd-affd-12041f62a0d5@group-539DAE66F782-StateMachineUpdater: Took a snapshot at index 0
2021-12-08 16:19:44,860 [c93cc91d-158f-4bbd-affd-12041f62a0d5@group-539DAE66F782-StateMachineUpdater] INFO  impl.StateMachineUpdater (StateMachineUpdater.java:lambda$new$0(89)) - c93cc91d-158f-4bbd-affd-12041f62a0d5@group-539DAE66F782-StateMachineUpdater: snapshotIndex: updateIncreasingly -1 -> 0
2021-12-08 16:19:44,860 [fa0680b8-425f-47f5-898a-3d606569156e@group-DFF0BB80C9DD-StateMachineUpdater] INFO  ratis.ContainerStateMachine (ContainerStateMachine.java:takeSnapshot(310)) - group-DFF0BB80C9DD: Finished taking a snapshot at:(t:5, i:0) file:/home/runner/work/ozone/ozone/hadoop-ozone/integration-test/target/test-dir/MiniOzoneClusterImpl-52fbfdab-5ffe-473a-8528-eacaa1fd0e12/datanode-1/data/ratis/808f5cee-7d2f-4e00-bd74-dff0bb80c9dd/sm/snapshot.5_0 took: 7 ms
2021-12-08 16:19:44,861 [fa0680b8-425f-47f5-898a-3d606569156e@group-DFF0BB80C9DD-StateMachineUpdater] INFO  impl.StateMachineUpdater (StateMachineUpdater.java:takeSnapshot(281)) - fa0680b8-425f-47f5-898a-3d606569156e@group-DFF0BB80C9DD-StateMachineUpdater: Took a snapshot at index 0
2021-12-08 16:19:44,861 [fa0680b8-425f-47f5-898a-3d606569156e@group-DFF0BB80C9DD-StateMachineUpdater] INFO  impl.StateMachineUpdater (StateMachineUpdater.java:lambda$new$0(89)) - fa0680b8-425f-47f5-898a-3d606569156e@group-DFF0BB80C9DD-StateMachineUpdater: snapshotIndex: updateIncreasingly -1 -> 0
2021-12-08 16:19:44,861 [ForkJoinPool.commonPool-worker-1] INFO  server.RaftServer$Division (ServerState.java:close(419)) - c93cc91d-158f-4bbd-affd-12041f62a0d5@group-539DAE66F782: closes. applyIndex: 0
2021-12-08 16:19:44,861 [c93cc91d-158f-4bbd-affd-12041f62a0d5@group-539DAE66F782-SegmentedRaftLogWorker] INFO  segmented.SegmentedRaftLogWorker (SegmentedRaftLogWorker.java:run(327)) - c93cc91d-158f-4bbd-affd-12041f62a0d5@group-539DAE66F782-SegmentedRaftLogWorker was interrupted, exiting. There are 0 tasks remaining in the queue.
2021-12-08 16:19:44,861 [ForkJoinPool.commonPool-worker-1] INFO  segmented.SegmentedRaftLogWorker (SegmentedRaftLogWorker.java:close(237)) - c93cc91d-158f-4bbd-affd-12041f62a0d5@group-539DAE66F782-SegmentedRaftLogWorker close()
2021-12-08 16:19:44,861 [Listener at 127.0.0.1/42249] INFO  server.RaftServer$Division (ServerState.java:close(419)) - fa0680b8-425f-47f5-898a-3d606569156e@group-DFF0BB80C9DD: closes. applyIndex: 0
2021-12-08 16:19:44,862 [fa0680b8-425f-47f5-898a-3d606569156e@group-DFF0BB80C9DD-SegmentedRaftLogWorker] INFO  segmented.SegmentedRaftLogWorker (SegmentedRaftLogWorker.java:run(327)) - fa0680b8-425f-47f5-898a-3d606569156e@group-DFF0BB80C9DD-SegmentedRaftLogWorker was interrupted, exiting. There are 0 tasks remaining in the queue.
2021-12-08 16:19:44,871 [ForkJoinPool.commonPool-worker-1] INFO  server.RaftServer$Division (RaftServerImpl.java:lambda$close$4(412)) - c93cc91d-158f-4bbd-affd-12041f62a0d5@group-DFF0BB80C9DD: shutdown
2021-12-08 16:19:44,871 [ForkJoinPool.commonPool-worker-1] INFO  util.JmxRegister (JmxRegister.java:unregister(73)) - Successfully un-registered JMX Bean with object name Ratis:service=RaftServer,group=group-DFF0BB80C9DD,id=c93cc91d-158f-4bbd-affd-12041f62a0d5
2021-12-08 16:19:44,871 [ForkJoinPool.commonPool-worker-1] INFO  impl.RoleInfo (RoleInfo.java:shutdownFollowerState(108)) - c93cc91d-158f-4bbd-affd-12041f62a0d5: shutdown c93cc91d-158f-4bbd-affd-12041f62a0d5@group-DFF0BB80C9DD-FollowerState
2021-12-08 16:19:44,872 [ForkJoinPool.commonPool-worker-1] INFO  impl.StateMachineUpdater (StateMachineUpdater.java:stopAndJoin(149)) - c93cc91d-158f-4bbd-affd-12041f62a0d5@group-DFF0BB80C9DD-StateMachineUpdater: set stopIndex = 0
2021-12-08 16:19:44,872 [c93cc91d-158f-4bbd-affd-12041f62a0d5@group-DFF0BB80C9DD-FollowerState] INFO  impl.FollowerState (FollowerState.java:run(143)) - c93cc91d-158f-4bbd-affd-12041f62a0d5@group-DFF0BB80C9DD-FollowerState was interrupted: {}
java.lang.InterruptedException: sleep interrupted
	at java.lang.Thread.sleep(Native Method)
	at java.lang.Thread.sleep(Thread.java:340)
	at java.util.concurrent.TimeUnit.sleep(TimeUnit.java:386)
	at org.apache.ratis.util.TimeDuration.sleep(TimeDuration.java:324)
	at org.apache.ratis.util.TimeDuration.sleep(TimeDuration.java:309)
	at org.apache.ratis.server.impl.FollowerState.run(FollowerState.java:118)
2021-12-08 16:19:44,872 [Listener at 127.0.0.1/42249] INFO  segmented.SegmentedRaftLogWorker (SegmentedRaftLogWorker.java:close(237)) - fa0680b8-425f-47f5-898a-3d606569156e@group-DFF0BB80C9DD-SegmentedRaftLogWorker close()
2021-12-08 16:19:44,872 [c93cc91d-158f-4bbd-affd-12041f62a0d5@group-DFF0BB80C9DD-StateMachineUpdater] INFO  ratis.ContainerStateMachine (ContainerStateMachine.java:takeSnapshot(299)) - group-DFF0BB80C9DD: Taking a snapshot at:(t:5, i:0) file /home/runner/work/ozone/ozone/hadoop-ozone/integration-test/target/test-dir/MiniOzoneClusterImpl-52fbfdab-5ffe-473a-8528-eacaa1fd0e12/datanode-0/data/ratis/808f5cee-7d2f-4e00-bd74-dff0bb80c9dd/sm/snapshot.5_0
2021-12-08 16:19:44,873 [c93cc91d-158f-4bbd-affd-12041f62a0d5@group-DFF0BB80C9DD-StateMachineUpdater] INFO  ratis.ContainerStateMachine (ContainerStateMachine.java:takeSnapshot(310)) - group-DFF0BB80C9DD: Finished taking a snapshot at:(t:5, i:0) file:/home/runner/work/ozone/ozone/hadoop-ozone/integration-test/target/test-dir/MiniOzoneClusterImpl-52fbfdab-5ffe-473a-8528-eacaa1fd0e12/datanode-0/data/ratis/808f5cee-7d2f-4e00-bd74-dff0bb80c9dd/sm/snapshot.5_0 took: 1 ms
2021-12-08 16:19:44,873 [c93cc91d-158f-4bbd-affd-12041f62a0d5@group-DFF0BB80C9DD-StateMachineUpdater] INFO  impl.StateMachineUpdater (StateMachineUpdater.java:takeSnapshot(281)) - c93cc91d-158f-4bbd-affd-12041f62a0d5@group-DFF0BB80C9DD-StateMachineUpdater: Took a snapshot at index 0
2021-12-08 16:19:44,873 [c93cc91d-158f-4bbd-affd-12041f62a0d5@group-DFF0BB80C9DD-StateMachineUpdater] INFO  impl.StateMachineUpdater (StateMachineUpdater.java:lambda$new$0(89)) - c93cc91d-158f-4bbd-affd-12041f62a0d5@group-DFF0BB80C9DD-StateMachineUpdater: snapshotIndex: updateIncreasingly -1 -> 0
2021-12-08 16:19:44,874 [Listener at 127.0.0.1/42249] INFO  server.GrpcService (GrpcService.java:closeImpl(262)) - fa0680b8-425f-47f5-898a-3d606569156e: shutdown server with port 34705 now
2021-12-08 16:19:44,874 [ForkJoinPool.commonPool-worker-1] INFO  server.RaftServer$Division (ServerState.java:close(419)) - c93cc91d-158f-4bbd-affd-12041f62a0d5@group-DFF0BB80C9DD: closes. applyIndex: 0
2021-12-08 16:19:44,875 [c93cc91d-158f-4bbd-affd-12041f62a0d5@group-DFF0BB80C9DD-SegmentedRaftLogWorker] INFO  segmented.SegmentedRaftLogWorker (SegmentedRaftLogWorker.java:run(327)) - c93cc91d-158f-4bbd-affd-12041f62a0d5@group-DFF0BB80C9DD-SegmentedRaftLogWorker was interrupted, exiting. There are 0 tasks remaining in the queue.
2021-12-08 16:19:44,879 [grpc-default-executor-1] WARN  server.GrpcServerProtocolService (LogUtils.java:warn(122)) - fa0680b8-425f-47f5-898a-3d606569156e: installSnapshot onError, lastRequest: f4224ab0-cbd9-4206-a0cf-eead8be6075d->fa0680b8-425f-47f5-898a-3d606569156e#1-t5,previous=(t:0, i:0),leaderCommit=-1,initializing? true,entries: size=1, first=(t:5, i:0), CONFIGURATIONENTRY: org.apache.ratis.thirdparty.io.grpc.StatusRuntimeException: CANCELLED: client cancelled
2021-12-08 16:19:44,888 [grpc-default-executor-4] WARN  server.GrpcLogAppender (LogUtils.java:warn(122)) - f4224ab0-cbd9-4206-a0cf-eead8be6075d@group-DFF0BB80C9DD->fa0680b8-425f-47f5-898a-3d606569156e-AppendLogResponseHandler: Failed appendEntries: org.apache.ratis.thirdparty.io.grpc.StatusRuntimeException: CANCELLED: HTTP/2 error code: CANCEL
Received Rst Stream
2021-12-08 16:19:44,888 [grpc-default-executor-4] WARN  server.GrpcLogAppender (GrpcLogAppender.java:resetClient(110)) - f4224ab0-cbd9-4206-a0cf-eead8be6075d@group-DFF0BB80C9DD->fa0680b8-425f-47f5-898a-3d606569156e-GrpcLogAppender: Leader has not got in touch with Follower f4224ab0-cbd9-4206-a0cf-eead8be6075d@group-DFF0BB80C9DD->fa0680b8-425f-47f5-898a-3d606569156e(c0,m0,n1, attendVote=true, lastRpcSendTime=2462, lastRpcResponseTime=2448) yet, just keep nextIndex unchanged and retry.
2021-12-08 16:19:44,888 [ForkJoinPool.commonPool-worker-1] INFO  segmented.SegmentedRaftLogWorker (SegmentedRaftLogWorker.java:close(237)) - c93cc91d-158f-4bbd-affd-12041f62a0d5@group-DFF0BB80C9DD-SegmentedRaftLogWorker close()
2021-12-08 16:19:44,877 [grpc-default-executor-2] WARN  client.GrpcClientProtocolService (LogUtils.java:warn(122)) - 1-UnorderedRequestStreamObserver1: onError: org.apache.ratis.thirdparty.io.grpc.StatusRuntimeException: CANCELLED: client cancelled
2021-12-08 16:19:44,890 [ForkJoinPool.commonPool-worker-1] INFO  server.GrpcService (GrpcService.java:closeImpl(262)) - c93cc91d-158f-4bbd-affd-12041f62a0d5: shutdown server with port 38941 now
2021-12-08 16:19:44,891 [grpc-default-executor-1] WARN  server.GrpcServerProtocolService (LogUtils.java:warn(122)) - c93cc91d-158f-4bbd-affd-12041f62a0d5: installSnapshot onError, lastRequest: f4224ab0-cbd9-4206-a0cf-eead8be6075d->c93cc91d-158f-4bbd-affd-12041f62a0d5#1-t5,previous=(t:0, i:0),leaderCommit=-1,initializing? true,entries: size=1, first=(t:5, i:0), CONFIGURATIONENTRY: org.apache.ratis.thirdparty.io.grpc.StatusRuntimeException: CANCELLED: client cancelled
2021-12-08 16:19:44,891 [grpc-default-executor-2] WARN  server.GrpcLogAppender (LogUtils.java:warn(122)) - f4224ab0-cbd9-4206-a0cf-eead8be6075d@group-DFF0BB80C9DD->c93cc91d-158f-4bbd-affd-12041f62a0d5-AppendLogResponseHandler: Failed appendEntries: org.apache.ratis.thirdparty.io.grpc.StatusRuntimeException: CANCELLED: HTTP/2 error code: CANCEL
Received Rst Stream
2021-12-08 16:19:44,891 [grpc-default-executor-2] WARN  server.GrpcLogAppender (GrpcLogAppender.java:resetClient(110)) - f4224ab0-cbd9-4206-a0cf-eead8be6075d@group-DFF0BB80C9DD->c93cc91d-158f-4bbd-affd-12041f62a0d5-GrpcLogAppender: Leader has not got in touch with Follower f4224ab0-cbd9-4206-a0cf-eead8be6075d@group-DFF0BB80C9DD->c93cc91d-158f-4bbd-affd-12041f62a0d5(c0,m0,n1, attendVote=true, lastRpcSendTime=2474, lastRpcResponseTime=2473) yet, just keep nextIndex unchanged and retry.
2021-12-08 16:19:44,894 [ForkJoinPool.commonPool-worker-1] INFO  server.GrpcService (GrpcService.java:closeImpl(271)) - c93cc91d-158f-4bbd-affd-12041f62a0d5: shutdown server with port 38941 successfully
2021-12-08 16:19:44,894 [org.apache.ratis.util.JvmPauseMonitor$$Lambda$523/2003369902@725261c9] INFO  util.JvmPauseMonitor (JvmPauseMonitor.java:run(109)) - JvmPauseMonitor-c93cc91d-158f-4bbd-affd-12041f62a0d5: Stopped
2021-12-08 16:19:44,920 [Listener at 127.0.0.1/42249] INFO  server.GrpcService (GrpcService.java:closeImpl(271)) - fa0680b8-425f-47f5-898a-3d606569156e: shutdown server with port 34705 successfully
2021-12-08 16:19:44,920 [org.apache.ratis.util.JvmPauseMonitor$$Lambda$523/2003369902@56fdf00b] INFO  util.JvmPauseMonitor (JvmPauseMonitor.java:run(109)) - JvmPauseMonitor-fa0680b8-425f-47f5-898a-3d606569156e: Stopped
2021-12-08 16:19:44,939 [grpc-default-executor-1] WARN  server.GrpcLogAppender (LogUtils.java:warn(122)) - f4224ab0-cbd9-4206-a0cf-eead8be6075d@group-DFF0BB80C9DD->c93cc91d-158f-4bbd-affd-12041f62a0d5-AppendLogResponseHandler: Failed appendEntries: org.apache.ratis.thirdparty.io.grpc.StatusRuntimeException: UNAVAILABLE: io exception
2021-12-08 16:19:44,940 [grpc-default-executor-1] WARN  server.GrpcLogAppender (GrpcLogAppender.java:resetClient(110)) - f4224ab0-cbd9-4206-a0cf-eead8be6075d@group-DFF0BB80C9DD->c93cc91d-158f-4bbd-affd-12041f62a0d5-GrpcLogAppender: Leader has not got in touch with Follower f4224ab0-cbd9-4206-a0cf-eead8be6075d@group-DFF0BB80C9DD->c93cc91d-158f-4bbd-affd-12041f62a0d5(c0,m0,n1, attendVote=true, lastRpcSendTime=0, lastRpcResponseTime=2522) yet, just keep nextIndex unchanged and retry.
2021-12-08 16:19:44,948 [grpc-default-executor-1] WARN  server.GrpcLogAppender (LogUtils.java:warn(122)) - f4224ab0-cbd9-4206-a0cf-eead8be6075d@group-DFF0BB80C9DD->fa0680b8-425f-47f5-898a-3d606569156e-AppendLogResponseHandler: Failed appendEntries: org.apache.ratis.thirdparty.io.grpc.StatusRuntimeException: UNAVAILABLE: io exception
2021-12-08 16:19:44,955 [grpc-default-executor-1] WARN  server.GrpcLogAppender (GrpcLogAppender.java:resetClient(110)) - f4224ab0-cbd9-4206-a0cf-eead8be6075d@group-DFF0BB80C9DD->fa0680b8-425f-47f5-898a-3d606569156e-GrpcLogAppender: Leader has not got in touch with Follower f4224ab0-cbd9-4206-a0cf-eead8be6075d@group-DFF0BB80C9DD->fa0680b8-425f-47f5-898a-3d606569156e(c0,m0,n1, attendVote=true, lastRpcSendTime=6, lastRpcResponseTime=2515) yet, just keep nextIndex unchanged and retry.
2021-12-08 16:19:47,440 [grpc-default-executor-1] WARN  server.GrpcLogAppender (LogUtils.java:warn(122)) - f4224ab0-cbd9-4206-a0cf-eead8be6075d@group-DFF0BB80C9DD->c93cc91d-158f-4bbd-affd-12041f62a0d5-AppendLogResponseHandler: Failed appendEntries: org.apache.ratis.thirdparty.io.grpc.StatusRuntimeException: UNAVAILABLE: io exception
2021-12-08 16:19:47,441 [grpc-default-executor-1] WARN  server.GrpcLogAppender (GrpcLogAppender.java:resetClient(110)) - f4224ab0-cbd9-4206-a0cf-eead8be6075d@group-DFF0BB80C9DD->c93cc91d-158f-4bbd-affd-12041f62a0d5-GrpcLogAppender: Leader has not got in touch with Follower f4224ab0-cbd9-4206-a0cf-eead8be6075d@group-DFF0BB80C9DD->c93cc91d-158f-4bbd-affd-12041f62a0d5(c0,m0,n1, attendVote=true, lastRpcSendTime=2501, lastRpcResponseTime=5022) yet, just keep nextIndex unchanged and retry.
2021-12-08 16:19:47,451 [grpc-default-executor-1] WARN  server.GrpcLogAppender (LogUtils.java:warn(122)) - f4224ab0-cbd9-4206-a0cf-eead8be6075d@group-DFF0BB80C9DD->fa0680b8-425f-47f5-898a-3d606569156e-AppendLogResponseHandler: Failed appendEntries: org.apache.ratis.thirdparty.io.grpc.StatusRuntimeException: UNAVAILABLE: io exception
2021-12-08 16:19:47,454 [grpc-default-executor-1] WARN  server.GrpcLogAppender (GrpcLogAppender.java:resetClient(110)) - f4224ab0-cbd9-4206-a0cf-eead8be6075d@group-DFF0BB80C9DD->fa0680b8-425f-47f5-898a-3d606569156e-GrpcLogAppender: Leader has not got in touch with Follower f4224ab0-cbd9-4206-a0cf-eead8be6075d@group-DFF0BB80C9DD->fa0680b8-425f-47f5-898a-3d606569156e(c0,m0,n1, attendVote=true, lastRpcSendTime=2505, lastRpcResponseTime=5014) yet, just keep nextIndex unchanged and retry.
2021-12-08 16:19:49,942 [grpc-default-executor-1] WARN  server.GrpcLogAppender (LogUtils.java:warn(122)) - f4224ab0-cbd9-4206-a0cf-eead8be6075d@group-DFF0BB80C9DD->c93cc91d-158f-4bbd-affd-12041f62a0d5-AppendLogResponseHandler: Failed appendEntries: org.apache.ratis.thirdparty.io.grpc.StatusRuntimeException: UNAVAILABLE: io exception
2021-12-08 16:19:49,943 [grpc-default-executor-1] WARN  server.GrpcLogAppender (GrpcLogAppender.java:resetClient(110)) - f4224ab0-cbd9-4206-a0cf-eead8be6075d@group-DFF0BB80C9DD->c93cc91d-158f-4bbd-affd-12041f62a0d5-GrpcLogAppender: Leader has not got in touch with Follower f4224ab0-cbd9-4206-a0cf-eead8be6075d@group-DFF0BB80C9DD->c93cc91d-158f-4bbd-affd-12041f62a0d5(c0,m0,n1, attendVote=true, lastRpcSendTime=0, lastRpcResponseTime=7525) yet, just keep nextIndex unchanged and retry.
2021-12-08 16:19:49,963 [grpc-default-executor-1] WARN  server.GrpcLogAppender (LogUtils.java:warn(122)) - f4224ab0-cbd9-4206-a0cf-eead8be6075d@group-DFF0BB80C9DD->fa0680b8-425f-47f5-898a-3d606569156e-AppendLogResponseHandler: Failed appendEntries: org.apache.ratis.thirdparty.io.grpc.StatusRuntimeException: UNAVAILABLE: io exception
2021-12-08 16:19:49,963 [grpc-default-executor-1] WARN  server.GrpcLogAppender (GrpcLogAppender.java:resetClient(110)) - f4224ab0-cbd9-4206-a0cf-eead8be6075d@group-DFF0BB80C9DD->fa0680b8-425f-47f5-898a-3d606569156e-GrpcLogAppender: Leader has not got in touch with Follower f4224ab0-cbd9-4206-a0cf-eead8be6075d@group-DFF0BB80C9DD->fa0680b8-425f-47f5-898a-3d606569156e(c0,m0,n1, attendVote=true, lastRpcSendTime=2508, lastRpcResponseTime=7524) yet, just keep nextIndex unchanged and retry.
2021-12-08 16:19:50,093 [f4224ab0-cbd9-4206-a0cf-eead8be6075d@group-4D1C0F2CAC41-FollowerState] INFO  impl.FollowerState (FollowerState.java:run(134)) - f4224ab0-cbd9-4206-a0cf-eead8be6075d@group-4D1C0F2CAC41-FollowerState: change to CANDIDATE, lastRpcElapsedTime:7063973884ns, electionTimeout:5130ms
2021-12-08 16:19:50,093 [f4224ab0-cbd9-4206-a0cf-eead8be6075d@group-4D1C0F2CAC41-FollowerState] INFO  impl.RoleInfo (RoleInfo.java:shutdownFollowerState(108)) - f4224ab0-cbd9-4206-a0cf-eead8be6075d: shutdown f4224ab0-cbd9-4206-a0cf-eead8be6075d@group-4D1C0F2CAC41-FollowerState
2021-12-08 16:19:50,093 [f4224ab0-cbd9-4206-a0cf-eead8be6075d@group-4D1C0F2CAC41-FollowerState] INFO  server.RaftServer$Division (RaftServerImpl.java:setRole(290)) - f4224ab0-cbd9-4206-a0cf-eead8be6075d@group-4D1C0F2CAC41: changes role from  FOLLOWER to CANDIDATE at term 2 for changeToCandidate
2021-12-08 16:19:50,093 [f4224ab0-cbd9-4206-a0cf-eead8be6075d@group-4D1C0F2CAC41-FollowerState] INFO  server.RaftServerConfigKeys (ConfUtils.java:logGet(44)) - raft.server.leaderelection.pre-vote = false (custom)
2021-12-08 16:19:50,093 [f4224ab0-cbd9-4206-a0cf-eead8be6075d@group-4D1C0F2CAC41-FollowerState] INFO  impl.RoleInfo (RoleInfo.java:updateAndGet(130)) - f4224ab0-cbd9-4206-a0cf-eead8be6075d: start f4224ab0-cbd9-4206-a0cf-eead8be6075d@group-4D1C0F2CAC41-LeaderElection30
2021-12-08 16:19:50,099 [f4224ab0-cbd9-4206-a0cf-eead8be6075d@group-4D1C0F2CAC41-LeaderElection30] INFO  server.RaftServer$Division (ServerState.java:setLeader(285)) - f4224ab0-cbd9-4206-a0cf-eead8be6075d@group-4D1C0F2CAC41: change Leader from fa0680b8-425f-47f5-898a-3d606569156e to null at term 2 for ELECTION
2021-12-08 16:19:50,115 [f4224ab0-cbd9-4206-a0cf-eead8be6075d@group-4D1C0F2CAC41-LeaderElection30] INFO  impl.LeaderElection (LeaderElection.java:askForVotes(306)) - f4224ab0-cbd9-4206-a0cf-eead8be6075d@group-4D1C0F2CAC41-LeaderElection30 ELECTION round 0: submit vote requests at term 3 for 0: [c93cc91d-158f-4bbd-affd-12041f62a0d5|rpc:10.1.0.47:38941|dataStream:|priority:0, f4224ab0-cbd9-4206-a0cf-eead8be6075d|rpc:10.1.0.47:43145|dataStream:|priority:0, fa0680b8-425f-47f5-898a-3d606569156e|rpc:10.1.0.47:34705|dataStream:|priority:1], old=null
2021-12-08 16:19:50,132 [f4224ab0-cbd9-4206-a0cf-eead8be6075d@group-4D1C0F2CAC41-LeaderElection30] INFO  impl.LeaderElection (LogUtils.java:infoOrTrace(137)) - f4224ab0-cbd9-4206-a0cf-eead8be6075d@group-4D1C0F2CAC41-LeaderElection30 got exception when requesting votes: java.util.concurrent.ExecutionException: org.apache.ratis.thirdparty.io.grpc.StatusRuntimeException: UNAVAILABLE: io exception
2021-12-08 16:19:50,136 [f4224ab0-cbd9-4206-a0cf-eead8be6075d@group-4D1C0F2CAC41-LeaderElection30] INFO  impl.LeaderElection (LogUtils.java:infoOrTrace(137)) - f4224ab0-cbd9-4206-a0cf-eead8be6075d@group-4D1C0F2CAC41-LeaderElection30 got exception when requesting votes: java.util.concurrent.ExecutionException: org.apache.ratis.thirdparty.io.grpc.StatusRuntimeException: UNAVAILABLE: io exception
2021-12-08 16:19:50,136 [f4224ab0-cbd9-4206-a0cf-eead8be6075d@group-4D1C0F2CAC41-LeaderElection30] INFO  impl.LeaderElection (LeaderElection.java:logAndReturn(89)) - f4224ab0-cbd9-4206-a0cf-eead8be6075d@group-4D1C0F2CAC41-LeaderElection30: ELECTION REJECTED received 0 response(s) and 2 exception(s):
2021-12-08 16:19:50,136 [f4224ab0-cbd9-4206-a0cf-eead8be6075d@group-4D1C0F2CAC41-LeaderElection30] INFO  impl.LeaderElection (LogUtils.java:infoOrTrace(137)) -   Exception 0: java.util.concurrent.ExecutionException: org.apache.ratis.thirdparty.io.grpc.StatusRuntimeException: UNAVAILABLE: io exception
2021-12-08 16:19:50,136 [f4224ab0-cbd9-4206-a0cf-eead8be6075d@group-4D1C0F2CAC41-LeaderElection30] INFO  impl.LeaderElection (LogUtils.java:infoOrTrace(137)) -   Exception 1: java.util.concurrent.ExecutionException: org.apache.ratis.thirdparty.io.grpc.StatusRuntimeException: UNAVAILABLE: io exception
2021-12-08 16:19:50,136 [f4224ab0-cbd9-4206-a0cf-eead8be6075d@group-4D1C0F2CAC41-LeaderElection30] INFO  impl.LeaderElection (LeaderElection.java:askForVotes(308)) - f4224ab0-cbd9-4206-a0cf-eead8be6075d@group-4D1C0F2CAC41-LeaderElection30 ELECTION round 0: result REJECTED
2021-12-08 16:19:50,136 [f4224ab0-cbd9-4206-a0cf-eead8be6075d@group-4D1C0F2CAC41-LeaderElection30] INFO  server.RaftServer$Division (RaftServerImpl.java:setRole(290)) - f4224ab0-cbd9-4206-a0cf-eead8be6075d@group-4D1C0F2CAC41: changes role from CANDIDATE to FOLLOWER at term 3 for REJECTED
2021-12-08 16:19:50,136 [f4224ab0-cbd9-4206-a0cf-eead8be6075d@group-4D1C0F2CAC41-LeaderElection30] INFO  impl.RoleInfo (RoleInfo.java:shutdownLeaderElection(121)) - f4224ab0-cbd9-4206-a0cf-eead8be6075d: shutdown f4224ab0-cbd9-4206-a0cf-eead8be6075d@group-4D1C0F2CAC41-LeaderElection30
2021-12-08 16:19:50,136 [f4224ab0-cbd9-4206-a0cf-eead8be6075d@group-4D1C0F2CAC41-LeaderElection30] INFO  impl.RoleInfo (RoleInfo.java:updateAndGet(130)) - f4224ab0-cbd9-4206-a0cf-eead8be6075d: start f4224ab0-cbd9-4206-a0cf-eead8be6075d@group-4D1C0F2CAC41-FollowerState
2021-12-08 16:19:50,269 [f4224ab0-cbd9-4206-a0cf-eead8be6075d@group-DFF0BB80C9DD-LeaderStateImpl] WARN  server.RaftServer$Division (LeaderStateImpl.java:checkLeadership(974)) - f4224ab0-cbd9-4206-a0cf-eead8be6075d@group-DFF0BB80C9DD-LeaderStateImpl: Lost leadership on term: 5. Election timeout: 5200ms. In charge for: 10459ms. Conf: 0: [c93cc91d-158f-4bbd-affd-12041f62a0d5|rpc:10.1.0.47:38941|dataStream:|priority:0, f4224ab0-cbd9-4206-a0cf-eead8be6075d|rpc:10.1.0.47:43145|dataStream:|priority:1, fa0680b8-425f-47f5-898a-3d606569156e|rpc:10.1.0.47:34705|dataStream:|priority:0], old=null
2021-12-08 16:19:50,271 [f4224ab0-cbd9-4206-a0cf-eead8be6075d@group-DFF0BB80C9DD-LeaderStateImpl] WARN  server.RaftServer$Division (LeaderStateImpl.java:lambda$checkLeadership$15(978)) - Follower f4224ab0-cbd9-4206-a0cf-eead8be6075d@group-DFF0BB80C9DD->c93cc91d-158f-4bbd-affd-12041f62a0d5(c0,m0,n1, attendVote=true, lastRpcSendTime=328, lastRpcResponseTime=7853)
2021-12-08 16:19:50,271 [f4224ab0-cbd9-4206-a0cf-eead8be6075d@group-DFF0BB80C9DD-LeaderStateImpl] WARN  server.RaftServer$Division (LeaderStateImpl.java:lambda$checkLeadership$15(978)) - Follower f4224ab0-cbd9-4206-a0cf-eead8be6075d@group-DFF0BB80C9DD->fa0680b8-425f-47f5-898a-3d606569156e(c0,m0,n1, attendVote=true, lastRpcSendTime=298, lastRpcResponseTime=7832)
2021-12-08 16:19:50,271 [f4224ab0-cbd9-4206-a0cf-eead8be6075d@group-DFF0BB80C9DD-LeaderStateImpl] INFO  server.RaftServer$Division (RaftServerImpl.java:setRole(290)) - f4224ab0-cbd9-4206-a0cf-eead8be6075d@group-DFF0BB80C9DD: changes role from    LEADER to FOLLOWER at term 5 for StepDownReason:LOST_MAJORITY_HEARTBEATS
2021-12-08 16:19:50,271 [f4224ab0-cbd9-4206-a0cf-eead8be6075d@group-DFF0BB80C9DD-LeaderStateImpl] INFO  impl.RoleInfo (RoleInfo.java:shutdownLeaderState(91)) - f4224ab0-cbd9-4206-a0cf-eead8be6075d: shutdown f4224ab0-cbd9-4206-a0cf-eead8be6075d@group-DFF0BB80C9DD-LeaderStateImpl
2021-12-08 16:19:50,272 [f4224ab0-cbd9-4206-a0cf-eead8be6075d@group-DFF0BB80C9DD-LeaderStateImpl] INFO  impl.PendingRequests (PendingRequests.java:sendNotLeaderResponses(282)) - f4224ab0-cbd9-4206-a0cf-eead8be6075d@group-DFF0BB80C9DD-PendingRequests: sendNotLeaderResponses
2021-12-08 16:19:50,272 [f4224ab0-cbd9-4206-a0cf-eead8be6075d@group-DFF0BB80C9DD-LeaderStateImpl] INFO  impl.RoleInfo (RoleInfo.java:updateAndGet(130)) - f4224ab0-cbd9-4206-a0cf-eead8be6075d: start f4224ab0-cbd9-4206-a0cf-eead8be6075d@group-DFF0BB80C9DD-FollowerState
2021-12-08 16:19:51,918 [ForkJoinPool.commonPool-worker-1] INFO  utils.BackgroundService (BackgroundService.java:shutdown(132)) - Shutting down service BlockDeletingService
2021-12-08 16:19:51,971 [Listener at 127.0.0.1/42249] INFO  utils.BackgroundService (BackgroundService.java:shutdown(132)) - Shutting down service BlockDeletingService
2021-12-08 16:19:54,925 [ForkJoinPool.commonPool-worker-1] INFO  statemachine.DatanodeStateMachine (DatanodeStateMachine.java:stopDaemon(526)) - Ozone container server stopped.
2021-12-08 16:19:54,927 [ForkJoinPool.commonPool-worker-1] INFO  handler.ContextHandler (ContextHandler.java:doStop(1153)) - Stopped o.e.j.w.WebAppContext@69d7b1f9{hddsDatanode,/,null,STOPPED}{jar:file:/home/runner/.m2/repository/org/apache/ozone/hdds-container-service/1.3.0-SNAPSHOT/hdds-container-service-1.3.0-SNAPSHOT.jar!/webapps/hddsDatanode}
2021-12-08 16:19:54,929 [ForkJoinPool.commonPool-worker-1] INFO  server.AbstractConnector (AbstractConnector.java:doStop(381)) - Stopped ServerConnector@58095469{HTTP/1.1, (http/1.1)}{0.0.0.0:0}
2021-12-08 16:19:54,929 [ForkJoinPool.commonPool-worker-1] INFO  server.session (HouseKeeper.java:stopScavenging(149)) - node0 Stopped scavenging
2021-12-08 16:19:54,930 [ForkJoinPool.commonPool-worker-1] INFO  handler.ContextHandler (ContextHandler.java:doStop(1153)) - Stopped o.e.j.s.ServletContextHandler@1e264875{static,/static,jar:file:/home/runner/.m2/repository/org/apache/ozone/hdds-container-service/1.3.0-SNAPSHOT/hdds-container-service-1.3.0-SNAPSHOT.jar!/webapps/static,STOPPED}
2021-12-08 16:19:54,931 [ForkJoinPool.commonPool-worker-1] INFO  handler.ContextHandler (ContextHandler.java:doStop(1153)) - Stopped o.e.j.s.ServletContextHandler@1447e086{logs,/logs,file:///home/runner/work/ozone/ozone/hadoop-ozone/integration-test/target/log,STOPPED}
2021-12-08 16:19:54,977 [Listener at 127.0.0.1/42249] INFO  statemachine.DatanodeStateMachine (DatanodeStateMachine.java:stopDaemon(526)) - Ozone container server stopped.
2021-12-08 16:19:54,978 [Listener at 127.0.0.1/42249] INFO  handler.ContextHandler (ContextHandler.java:doStop(1153)) - Stopped o.e.j.w.WebAppContext@5d0637ba{hddsDatanode,/,null,STOPPED}{jar:file:/home/runner/.m2/repository/org/apache/ozone/hdds-container-service/1.3.0-SNAPSHOT/hdds-container-service-1.3.0-SNAPSHOT.jar!/webapps/hddsDatanode}
2021-12-08 16:19:54,978 [Listener at 127.0.0.1/42249] INFO  server.AbstractConnector (AbstractConnector.java:doStop(381)) - Stopped ServerConnector@23940ca8{HTTP/1.1, (http/1.1)}{0.0.0.0:0}
2021-12-08 16:19:54,978 [Listener at 127.0.0.1/42249] INFO  server.session (HouseKeeper.java:stopScavenging(149)) - node0 Stopped scavenging
2021-12-08 16:19:54,978 [Listener at 127.0.0.1/42249] INFO  handler.ContextHandler (ContextHandler.java:doStop(1153)) - Stopped o.e.j.s.ServletContextHandler@3eabb64{static,/static,jar:file:/home/runner/.m2/repository/org/apache/ozone/hdds-container-service/1.3.0-SNAPSHOT/hdds-container-service-1.3.0-SNAPSHOT.jar!/webapps/static,STOPPED}
2021-12-08 16:19:54,979 [Listener at 127.0.0.1/42249] INFO  handler.ContextHandler (ContextHandler.java:doStop(1153)) - Stopped o.e.j.s.ServletContextHandler@2dc59d{logs,/logs,file:///home/runner/work/ozone/ozone/hadoop-ozone/integration-test/target/log,STOPPED}
2021-12-08 16:19:55,200 [f4224ab0-cbd9-4206-a0cf-eead8be6075d@group-4D1C0F2CAC41-FollowerState] INFO  impl.FollowerState (FollowerState.java:run(134)) - f4224ab0-cbd9-4206-a0cf-eead8be6075d@group-4D1C0F2CAC41-FollowerState: change to CANDIDATE, lastRpcElapsedTime:5064160984ns, electionTimeout:5056ms
2021-12-08 16:19:55,200 [f4224ab0-cbd9-4206-a0cf-eead8be6075d@group-4D1C0F2CAC41-FollowerState] INFO  impl.RoleInfo (RoleInfo.java:shutdownFollowerState(108)) - f4224ab0-cbd9-4206-a0cf-eead8be6075d: shutdown f4224ab0-cbd9-4206-a0cf-eead8be6075d@group-4D1C0F2CAC41-FollowerState
2021-12-08 16:19:55,200 [f4224ab0-cbd9-4206-a0cf-eead8be6075d@group-4D1C0F2CAC41-FollowerState] INFO  server.RaftServer$Division (RaftServerImpl.java:setRole(290)) - f4224ab0-cbd9-4206-a0cf-eead8be6075d@group-4D1C0F2CAC41: changes role from  FOLLOWER to CANDIDATE at term 3 for changeToCandidate
2021-12-08 16:19:55,200 [f4224ab0-cbd9-4206-a0cf-eead8be6075d@group-4D1C0F2CAC41-FollowerState] INFO  server.RaftServerConfigKeys (ConfUtils.java:logGet(44)) - raft.server.leaderelection.pre-vote = false (custom)
2021-12-08 16:19:55,200 [f4224ab0-cbd9-4206-a0cf-eead8be6075d@group-4D1C0F2CAC41-FollowerState] INFO  impl.RoleInfo (RoleInfo.java:updateAndGet(130)) - f4224ab0-cbd9-4206-a0cf-eead8be6075d: start f4224ab0-cbd9-4206-a0cf-eead8be6075d@group-4D1C0F2CAC41-LeaderElection31
2021-12-08 16:19:55,229 [f4224ab0-cbd9-4206-a0cf-eead8be6075d@group-4D1C0F2CAC41-LeaderElection31] INFO  impl.LeaderElection (LeaderElection.java:askForVotes(306)) - f4224ab0-cbd9-4206-a0cf-eead8be6075d@group-4D1C0F2CAC41-LeaderElection31 ELECTION round 0: submit vote requests at term 4 for 0: [c93cc91d-158f-4bbd-affd-12041f62a0d5|rpc:10.1.0.47:38941|dataStream:|priority:0, f4224ab0-cbd9-4206-a0cf-eead8be6075d|rpc:10.1.0.47:43145|dataStream:|priority:0, fa0680b8-425f-47f5-898a-3d606569156e|rpc:10.1.0.47:34705|dataStream:|priority:1], old=null
2021-12-08 16:19:55,231 [f4224ab0-cbd9-4206-a0cf-eead8be6075d@group-4D1C0F2CAC41-LeaderElection31] INFO  impl.LeaderElection (LogUtils.java:infoOrTrace(137)) - f4224ab0-cbd9-4206-a0cf-eead8be6075d@group-4D1C0F2CAC41-LeaderElection31 got exception when requesting votes: java.util.concurrent.ExecutionException: org.apache.ratis.thirdparty.io.grpc.StatusRuntimeException: UNAVAILABLE: io exception
2021-12-08 16:19:55,237 [f4224ab0-cbd9-4206-a0cf-eead8be6075d@group-4D1C0F2CAC41-LeaderElection31] INFO  impl.LeaderElection (LogUtils.java:infoOrTrace(137)) - f4224ab0-cbd9-4206-a0cf-eead8be6075d@group-4D1C0F2CAC41-LeaderElection31 got exception when requesting votes: java.util.concurrent.ExecutionException: org.apache.ratis.thirdparty.io.grpc.StatusRuntimeException: UNAVAILABLE: io exception
2021-12-08 16:19:55,237 [f4224ab0-cbd9-4206-a0cf-eead8be6075d@group-4D1C0F2CAC41-LeaderElection31] INFO  impl.LeaderElection (LeaderElection.java:logAndReturn(89)) - f4224ab0-cbd9-4206-a0cf-eead8be6075d@group-4D1C0F2CAC41-LeaderElection31: ELECTION REJECTED received 0 response(s) and 2 exception(s):
2021-12-08 16:19:55,237 [f4224ab0-cbd9-4206-a0cf-eead8be6075d@group-4D1C0F2CAC41-LeaderElection31] INFO  impl.LeaderElection (LogUtils.java:infoOrTrace(137)) -   Exception 0: java.util.concurrent.ExecutionException: org.apache.ratis.thirdparty.io.grpc.StatusRuntimeException: UNAVAILABLE: io exception
2021-12-08 16:19:55,237 [f4224ab0-cbd9-4206-a0cf-eead8be6075d@group-4D1C0F2CAC41-LeaderElection31] INFO  impl.LeaderElection (LogUtils.java:infoOrTrace(137)) -   Exception 1: java.util.concurrent.ExecutionException: org.apache.ratis.thirdparty.io.grpc.StatusRuntimeException: UNAVAILABLE: io exception
2021-12-08 16:19:55,237 [f4224ab0-cbd9-4206-a0cf-eead8be6075d@group-4D1C0F2CAC41-LeaderElection31] INFO  impl.LeaderElection (LeaderElection.java:askForVotes(308)) - f4224ab0-cbd9-4206-a0cf-eead8be6075d@group-4D1C0F2CAC41-LeaderElection31 ELECTION round 0: result REJECTED
2021-12-08 16:19:55,237 [f4224ab0-cbd9-4206-a0cf-eead8be6075d@group-4D1C0F2CAC41-LeaderElection31] INFO  server.RaftServer$Division (RaftServerImpl.java:setRole(290)) - f4224ab0-cbd9-4206-a0cf-eead8be6075d@group-4D1C0F2CAC41: changes role from CANDIDATE to FOLLOWER at term 4 for REJECTED
2021-12-08 16:19:55,237 [f4224ab0-cbd9-4206-a0cf-eead8be6075d@group-4D1C0F2CAC41-LeaderElection31] INFO  impl.RoleInfo (RoleInfo.java:shutdownLeaderElection(121)) - f4224ab0-cbd9-4206-a0cf-eead8be6075d: shutdown f4224ab0-cbd9-4206-a0cf-eead8be6075d@group-4D1C0F2CAC41-LeaderElection31
2021-12-08 16:19:55,237 [f4224ab0-cbd9-4206-a0cf-eead8be6075d@group-4D1C0F2CAC41-LeaderElection31] INFO  impl.RoleInfo (RoleInfo.java:updateAndGet(130)) - f4224ab0-cbd9-4206-a0cf-eead8be6075d: start f4224ab0-cbd9-4206-a0cf-eead8be6075d@group-4D1C0F2CAC41-FollowerState
2021-12-08 16:19:55,354 [f4224ab0-cbd9-4206-a0cf-eead8be6075d@group-DFF0BB80C9DD-FollowerState] INFO  impl.FollowerState (FollowerState.java:lostMajorityHeartbeatsRecently(107)) - f4224ab0-cbd9-4206-a0cf-eead8be6075d@group-DFF0BB80C9DD-FollowerState: Skipping leader election since it stepped down recently (elapsed = 5081ms < waitTime = 10s)
2021-12-08 16:19:59,933 [ForkJoinPool.commonPool-worker-1] INFO  ozoneimpl.OzoneContainer (OzoneContainer.java:stop(325)) - Attempting to stop container services.
2021-12-08 16:19:59,933 [ForkJoinPool.commonPool-worker-1] INFO  server.RaftServer (RaftServerProxy.java:lambda$close$6(391)) - f4224ab0-cbd9-4206-a0cf-eead8be6075d: close
2021-12-08 16:19:59,934 [ForkJoinPool.commonPool-worker-1] INFO  server.RaftServer$Division (RaftServerImpl.java:lambda$close$4(412)) - f4224ab0-cbd9-4206-a0cf-eead8be6075d@group-4D1C0F2CAC41: shutdown
2021-12-08 16:19:59,934 [ForkJoinPool.commonPool-worker-1] INFO  util.JmxRegister (JmxRegister.java:unregister(73)) - Successfully un-registered JMX Bean with object name Ratis:service=RaftServer,group=group-4D1C0F2CAC41,id=f4224ab0-cbd9-4206-a0cf-eead8be6075d
2021-12-08 16:19:59,934 [ForkJoinPool.commonPool-worker-1] INFO  impl.RoleInfo (RoleInfo.java:shutdownFollowerState(108)) - f4224ab0-cbd9-4206-a0cf-eead8be6075d: shutdown f4224ab0-cbd9-4206-a0cf-eead8be6075d@group-4D1C0F2CAC41-FollowerState
2021-12-08 16:19:59,934 [ForkJoinPool.commonPool-worker-1] INFO  impl.StateMachineUpdater (StateMachineUpdater.java:stopAndJoin(149)) - f4224ab0-cbd9-4206-a0cf-eead8be6075d@group-4D1C0F2CAC41-StateMachineUpdater: set stopIndex = 27
2021-12-08 16:19:59,934 [f4224ab0-cbd9-4206-a0cf-eead8be6075d@group-4D1C0F2CAC41-FollowerState] INFO  impl.FollowerState (FollowerState.java:run(143)) - f4224ab0-cbd9-4206-a0cf-eead8be6075d@group-4D1C0F2CAC41-FollowerState was interrupted: {}
java.lang.InterruptedException: sleep interrupted
	at java.lang.Thread.sleep(Native Method)
	at java.lang.Thread.sleep(Thread.java:340)
	at java.util.concurrent.TimeUnit.sleep(TimeUnit.java:386)
	at org.apache.ratis.util.TimeDuration.sleep(TimeDuration.java:324)
	at org.apache.ratis.util.TimeDuration.sleep(TimeDuration.java:309)
	at org.apache.ratis.server.impl.FollowerState.run(FollowerState.java:118)
2021-12-08 16:19:59,935 [f4224ab0-cbd9-4206-a0cf-eead8be6075d@group-4D1C0F2CAC41-StateMachineUpdater] INFO  ratis.ContainerStateMachine (ContainerStateMachine.java:takeSnapshot(299)) - group-4D1C0F2CAC41: Taking a snapshot at:(t:2, i:27) file /home/runner/work/ozone/ozone/hadoop-ozone/integration-test/target/test-dir/MiniOzoneClusterImpl-52fbfdab-5ffe-473a-8528-eacaa1fd0e12/datanode-2/data/ratis/b84f50df-25f7-45c4-a520-4d1c0f2cac41/sm/snapshot.2_27
2021-12-08 16:19:59,936 [f4224ab0-cbd9-4206-a0cf-eead8be6075d@group-4D1C0F2CAC41-StateMachineUpdater] INFO  ratis.ContainerStateMachine (ContainerStateMachine.java:takeSnapshot(310)) - group-4D1C0F2CAC41: Finished taking a snapshot at:(t:2, i:27) file:/home/runner/work/ozone/ozone/hadoop-ozone/integration-test/target/test-dir/MiniOzoneClusterImpl-52fbfdab-5ffe-473a-8528-eacaa1fd0e12/datanode-2/data/ratis/b84f50df-25f7-45c4-a520-4d1c0f2cac41/sm/snapshot.2_27 took: 2 ms
2021-12-08 16:19:59,936 [f4224ab0-cbd9-4206-a0cf-eead8be6075d@group-4D1C0F2CAC41-StateMachineUpdater] INFO  impl.StateMachineUpdater (StateMachineUpdater.java:takeSnapshot(281)) - f4224ab0-cbd9-4206-a0cf-eead8be6075d@group-4D1C0F2CAC41-StateMachineUpdater: Took a snapshot at index 27
2021-12-08 16:19:59,936 [f4224ab0-cbd9-4206-a0cf-eead8be6075d@group-4D1C0F2CAC41-StateMachineUpdater] INFO  impl.StateMachineUpdater (StateMachineUpdater.java:lambda$new$0(89)) - f4224ab0-cbd9-4206-a0cf-eead8be6075d@group-4D1C0F2CAC41-StateMachineUpdater: snapshotIndex: updateIncreasingly -1 -> 27
2021-12-08 16:19:59,937 [ForkJoinPool.commonPool-worker-1] INFO  server.RaftServer$Division (ServerState.java:close(419)) - f4224ab0-cbd9-4206-a0cf-eead8be6075d@group-4D1C0F2CAC41: closes. applyIndex: 27
2021-12-08 16:19:59,937 [f4224ab0-cbd9-4206-a0cf-eead8be6075d@group-4D1C0F2CAC41-SegmentedRaftLogWorker] INFO  segmented.SegmentedRaftLogWorker (SegmentedRaftLogWorker.java:run(327)) - f4224ab0-cbd9-4206-a0cf-eead8be6075d@group-4D1C0F2CAC41-SegmentedRaftLogWorker was interrupted, exiting. There are 0 tasks remaining in the queue.
2021-12-08 16:19:59,938 [ForkJoinPool.commonPool-worker-1] INFO  segmented.SegmentedRaftLogWorker (SegmentedRaftLogWorker.java:close(237)) - f4224ab0-cbd9-4206-a0cf-eead8be6075d@group-4D1C0F2CAC41-SegmentedRaftLogWorker close()
2021-12-08 16:19:59,939 [ForkJoinPool.commonPool-worker-1] INFO  server.RaftServer$Division (RaftServerImpl.java:lambda$close$4(412)) - f4224ab0-cbd9-4206-a0cf-eead8be6075d@group-DFF0BB80C9DD: shutdown
2021-12-08 16:19:59,939 [ForkJoinPool.commonPool-worker-1] INFO  util.JmxRegister (JmxRegister.java:unregister(73)) - Successfully un-registered JMX Bean with object name Ratis:service=RaftServer,group=group-DFF0BB80C9DD,id=f4224ab0-cbd9-4206-a0cf-eead8be6075d
2021-12-08 16:19:59,939 [ForkJoinPool.commonPool-worker-1] INFO  impl.RoleInfo (RoleInfo.java:shutdownFollowerState(108)) - f4224ab0-cbd9-4206-a0cf-eead8be6075d: shutdown f4224ab0-cbd9-4206-a0cf-eead8be6075d@group-DFF0BB80C9DD-FollowerState
2021-12-08 16:19:59,939 [ForkJoinPool.commonPool-worker-1] INFO  impl.StateMachineUpdater (StateMachineUpdater.java:stopAndJoin(149)) - f4224ab0-cbd9-4206-a0cf-eead8be6075d@group-DFF0BB80C9DD-StateMachineUpdater: set stopIndex = 0
2021-12-08 16:19:59,939 [f4224ab0-cbd9-4206-a0cf-eead8be6075d@group-DFF0BB80C9DD-FollowerState] INFO  impl.FollowerState (FollowerState.java:run(143)) - f4224ab0-cbd9-4206-a0cf-eead8be6075d@group-DFF0BB80C9DD-FollowerState was interrupted: {}
java.lang.InterruptedException: sleep interrupted
	at java.lang.Thread.sleep(Native Method)
	at java.lang.Thread.sleep(Thread.java:340)
	at java.util.concurrent.TimeUnit.sleep(TimeUnit.java:386)
	at org.apache.ratis.util.TimeDuration.sleep(TimeDuration.java:324)
	at org.apache.ratis.util.TimeDuration.sleep(TimeDuration.java:309)
	at org.apache.ratis.server.impl.FollowerState.run(FollowerState.java:118)
2021-12-08 16:19:59,939 [f4224ab0-cbd9-4206-a0cf-eead8be6075d@group-DFF0BB80C9DD-StateMachineUpdater] INFO  ratis.ContainerStateMachine (ContainerStateMachine.java:takeSnapshot(299)) - group-DFF0BB80C9DD: Taking a snapshot at:(t:5, i:0) file /home/runner/work/ozone/ozone/hadoop-ozone/integration-test/target/test-dir/MiniOzoneClusterImpl-52fbfdab-5ffe-473a-8528-eacaa1fd0e12/datanode-2/data/ratis/808f5cee-7d2f-4e00-bd74-dff0bb80c9dd/sm/snapshot.5_0
2021-12-08 16:19:59,940 [f4224ab0-cbd9-4206-a0cf-eead8be6075d@group-DFF0BB80C9DD-StateMachineUpdater] INFO  ratis.ContainerStateMachine (ContainerStateMachine.java:takeSnapshot(310)) - group-DFF0BB80C9DD: Finished taking a snapshot at:(t:5, i:0) file:/home/runner/work/ozone/ozone/hadoop-ozone/integration-test/target/test-dir/MiniOzoneClusterImpl-52fbfdab-5ffe-473a-8528-eacaa1fd0e12/datanode-2/data/ratis/808f5cee-7d2f-4e00-bd74-dff0bb80c9dd/sm/snapshot.5_0 took: 1 ms
2021-12-08 16:19:59,940 [f4224ab0-cbd9-4206-a0cf-eead8be6075d@group-DFF0BB80C9DD-StateMachineUpdater] INFO  impl.StateMachineUpdater (StateMachineUpdater.java:takeSnapshot(281)) - f4224ab0-cbd9-4206-a0cf-eead8be6075d@group-DFF0BB80C9DD-StateMachineUpdater: Took a snapshot at index 0
2021-12-08 16:19:59,940 [f4224ab0-cbd9-4206-a0cf-eead8be6075d@group-DFF0BB80C9DD-StateMachineUpdater] INFO  impl.StateMachineUpdater (StateMachineUpdater.java:lambda$new$0(89)) - f4224ab0-cbd9-4206-a0cf-eead8be6075d@group-DFF0BB80C9DD-StateMachineUpdater: snapshotIndex: updateIncreasingly -1 -> 0
2021-12-08 16:19:59,940 [ForkJoinPool.commonPool-worker-1] INFO  server.RaftServer$Division (ServerState.java:close(419)) - f4224ab0-cbd9-4206-a0cf-eead8be6075d@group-DFF0BB80C9DD: closes. applyIndex: 0
2021-12-08 16:19:59,940 [f4224ab0-cbd9-4206-a0cf-eead8be6075d@group-DFF0BB80C9DD-SegmentedRaftLogWorker] INFO  segmented.SegmentedRaftLogWorker (SegmentedRaftLogWorker.java:run(327)) - f4224ab0-cbd9-4206-a0cf-eead8be6075d@group-DFF0BB80C9DD-SegmentedRaftLogWorker was interrupted, exiting. There are 0 tasks remaining in the queue.
2021-12-08 16:19:59,944 [ForkJoinPool.commonPool-worker-1] INFO  segmented.SegmentedRaftLogWorker (SegmentedRaftLogWorker.java:close(237)) - f4224ab0-cbd9-4206-a0cf-eead8be6075d@group-DFF0BB80C9DD-SegmentedRaftLogWorker close()
2021-12-08 16:19:59,945 [ForkJoinPool.commonPool-worker-1] INFO  server.RaftServer$Division (RaftServerImpl.java:lambda$close$4(412)) - f4224ab0-cbd9-4206-a0cf-eead8be6075d@group-7443BA848253: shutdown
2021-12-08 16:19:59,945 [ForkJoinPool.commonPool-worker-1] INFO  util.JmxRegister (JmxRegister.java:unregister(73)) - Successfully un-registered JMX Bean with object name Ratis:service=RaftServer,group=group-7443BA848253,id=f4224ab0-cbd9-4206-a0cf-eead8be6075d
2021-12-08 16:19:59,945 [ForkJoinPool.commonPool-worker-1] INFO  impl.RoleInfo (RoleInfo.java:shutdownLeaderState(91)) - f4224ab0-cbd9-4206-a0cf-eead8be6075d: shutdown f4224ab0-cbd9-4206-a0cf-eead8be6075d@group-7443BA848253-LeaderStateImpl
2021-12-08 16:19:59,945 [ForkJoinPool.commonPool-worker-1] INFO  impl.PendingRequests (PendingRequests.java:sendNotLeaderResponses(282)) - f4224ab0-cbd9-4206-a0cf-eead8be6075d@group-7443BA848253-PendingRequests: sendNotLeaderResponses
2021-12-08 16:19:59,951 [f4224ab0-cbd9-4206-a0cf-eead8be6075d@group-7443BA848253-StateMachineUpdater] INFO  ratis.ContainerStateMachine (ContainerStateMachine.java:takeSnapshot(299)) - group-7443BA848253: Taking a snapshot at:(t:1, i:0) file /home/runner/work/ozone/ozone/hadoop-ozone/integration-test/target/test-dir/MiniOzoneClusterImpl-52fbfdab-5ffe-473a-8528-eacaa1fd0e12/datanode-2/data/ratis/a68a6d48-cb80-4727-997c-7443ba848253/sm/snapshot.1_0
2021-12-08 16:19:59,951 [ForkJoinPool.commonPool-worker-1] INFO  impl.StateMachineUpdater (StateMachineUpdater.java:stopAndJoin(149)) - f4224ab0-cbd9-4206-a0cf-eead8be6075d@group-7443BA848253-StateMachineUpdater: set stopIndex = 0
2021-12-08 16:19:59,952 [f4224ab0-cbd9-4206-a0cf-eead8be6075d@group-7443BA848253-StateMachineUpdater] INFO  ratis.ContainerStateMachine (ContainerStateMachine.java:takeSnapshot(310)) - group-7443BA848253: Finished taking a snapshot at:(t:1, i:0) file:/home/runner/work/ozone/ozone/hadoop-ozone/integration-test/target/test-dir/MiniOzoneClusterImpl-52fbfdab-5ffe-473a-8528-eacaa1fd0e12/datanode-2/data/ratis/a68a6d48-cb80-4727-997c-7443ba848253/sm/snapshot.1_0 took: 1 ms
2021-12-08 16:19:59,952 [f4224ab0-cbd9-4206-a0cf-eead8be6075d@group-7443BA848253-StateMachineUpdater] INFO  impl.StateMachineUpdater (StateMachineUpdater.java:takeSnapshot(281)) - f4224ab0-cbd9-4206-a0cf-eead8be6075d@group-7443BA848253-StateMachineUpdater: Took a snapshot at index 0
2021-12-08 16:19:59,952 [f4224ab0-cbd9-4206-a0cf-eead8be6075d@group-7443BA848253-StateMachineUpdater] INFO  impl.StateMachineUpdater (StateMachineUpdater.java:lambda$new$0(89)) - f4224ab0-cbd9-4206-a0cf-eead8be6075d@group-7443BA848253-StateMachineUpdater: snapshotIndex: updateIncreasingly -1 -> 0
2021-12-08 16:19:59,952 [ForkJoinPool.commonPool-worker-1] INFO  server.RaftServer$Division (ServerState.java:close(419)) - f4224ab0-cbd9-4206-a0cf-eead8be6075d@group-7443BA848253: closes. applyIndex: 0
2021-12-08 16:19:59,952 [f4224ab0-cbd9-4206-a0cf-eead8be6075d@group-7443BA848253-SegmentedRaftLogWorker] INFO  segmented.SegmentedRaftLogWorker (SegmentedRaftLogWorker.java:run(327)) - f4224ab0-cbd9-4206-a0cf-eead8be6075d@group-7443BA848253-SegmentedRaftLogWorker was interrupted, exiting. There are 0 tasks remaining in the queue.
2021-12-08 16:19:59,952 [ForkJoinPool.commonPool-worker-1] INFO  segmented.SegmentedRaftLogWorker (SegmentedRaftLogWorker.java:close(237)) - f4224ab0-cbd9-4206-a0cf-eead8be6075d@group-7443BA848253-SegmentedRaftLogWorker close()
2021-12-08 16:19:59,954 [ForkJoinPool.commonPool-worker-1] INFO  server.GrpcService (GrpcService.java:closeImpl(262)) - f4224ab0-cbd9-4206-a0cf-eead8be6075d: shutdown server with port 43145 now
2021-12-08 16:19:59,976 [ForkJoinPool.commonPool-worker-1] INFO  server.GrpcService (GrpcService.java:closeImpl(271)) - f4224ab0-cbd9-4206-a0cf-eead8be6075d: shutdown server with port 43145 successfully
2021-12-08 16:19:59,976 [org.apache.ratis.util.JvmPauseMonitor$$Lambda$523/2003369902@3a3c8352] INFO  util.JvmPauseMonitor (JvmPauseMonitor.java:run(109)) - JvmPauseMonitor-f4224ab0-cbd9-4206-a0cf-eead8be6075d: Stopped
2021-12-08 16:20:06,999 [ForkJoinPool.commonPool-worker-1] INFO  utils.BackgroundService (BackgroundService.java:shutdown(132)) - Shutting down service BlockDeletingService
2021-12-08 16:20:10,001 [ForkJoinPool.commonPool-worker-1] INFO  statemachine.DatanodeStateMachine (DatanodeStateMachine.java:stopDaemon(526)) - Ozone container server stopped.
2021-12-08 16:20:10,004 [ForkJoinPool.commonPool-worker-1] INFO  handler.ContextHandler (ContextHandler.java:doStop(1153)) - Stopped o.e.j.w.WebAppContext@10130823{hddsDatanode,/,null,STOPPED}{jar:file:/home/runner/.m2/repository/org/apache/ozone/hdds-container-service/1.3.0-SNAPSHOT/hdds-container-service-1.3.0-SNAPSHOT.jar!/webapps/hddsDatanode}
2021-12-08 16:20:10,007 [ForkJoinPool.commonPool-worker-1] INFO  server.AbstractConnector (AbstractConnector.java:doStop(381)) - Stopped ServerConnector@47b0bffc{HTTP/1.1, (http/1.1)}{0.0.0.0:0}
2021-12-08 16:20:10,007 [ForkJoinPool.commonPool-worker-1] INFO  server.session (HouseKeeper.java:stopScavenging(149)) - node0 Stopped scavenging
2021-12-08 16:20:10,008 [ForkJoinPool.commonPool-worker-1] INFO  handler.ContextHandler (ContextHandler.java:doStop(1153)) - Stopped o.e.j.s.ServletContextHandler@1869512f{static,/static,jar:file:/home/runner/.m2/repository/org/apache/ozone/hdds-container-service/1.3.0-SNAPSHOT/hdds-container-service-1.3.0-SNAPSHOT.jar!/webapps/static,STOPPED}
2021-12-08 16:20:10,008 [ForkJoinPool.commonPool-worker-1] INFO  handler.ContextHandler (ContextHandler.java:doStop(1153)) - Stopped o.e.j.s.ServletContextHandler@3e881258{logs,/logs,file:///home/runner/work/ozone/ozone/hadoop-ozone/integration-test/target/log,STOPPED}
2021-12-08 16:20:10,010 [Listener at 127.0.0.1/42249] INFO  ozone.MiniOzoneClusterImpl (MiniOzoneClusterImpl.java:stopSCM(542)) - Stopping the StorageContainerManager
2021-12-08 16:20:10,010 [Listener at 127.0.0.1/42249] INFO  server.StorageContainerManager (StorageContainerManager.java:stop(1395)) - Stopping Container Balancer service.
2021-12-08 16:20:10,011 [Listener at 127.0.0.1/42249] INFO  balancer.ContainerBalancer (ContainerBalancer.java:stop(734)) - Container Balancer is not running.
2021-12-08 16:20:10,011 [Listener at 127.0.0.1/42249] INFO  server.StorageContainerManager (StorageContainerManager.java:stop(1402)) - Stopping Replication Manager Service.
2021-12-08 16:20:10,011 [Listener at 127.0.0.1/42249] INFO  container.ReplicationManager (ReplicationManager.java:stop(350)) - Stopping Replication Monitor Thread.
2021-12-08 16:20:10,011 [Listener at 127.0.0.1/42249] INFO  server.StorageContainerManager (StorageContainerManager.java:stop(1409)) - Stopping the Datanode Admin Monitor.
2021-12-08 16:20:10,011 [Listener at 127.0.0.1/42249] INFO  server.StorageContainerManager (StorageContainerManager.java:stop(1416)) - Stopping Lease Manager of the command watchers
2021-12-08 16:20:10,011 [Listener at 127.0.0.1/42249] INFO  server.StorageContainerManager (StorageContainerManager.java:stop(1423)) - Stopping datanode service RPC server
2021-12-08 16:20:10,011 [Listener at 127.0.0.1/42249] INFO  server.SCMDatanodeProtocolServer (SCMDatanodeProtocolServer.java:stop(389)) - Stopping the RPC server for DataNodes
2021-12-08 16:20:10,011 [Listener at 127.0.0.1/42249] INFO  ipc.Server (Server.java:stop(3414)) - Stopping server on 40681
2021-12-08 16:20:10,013 [IPC Server listener on 0] INFO  ipc.Server (Server.java:run(1376)) - Stopping IPC Server listener on 0
2021-12-08 16:20:10,013 [IPC Server Responder] INFO  ipc.Server (Server.java:run(1512)) - Stopping IPC Server Responder
2021-12-08 16:20:10,067 [SCM Heartbeat Processing Thread - 0] WARN  node.NodeStateManager (NodeStateManager.java:scheduleNextHealthCheck(799)) - Current Thread is interrupted, shutting down HB processing thread for Node Manager.
2021-12-08 16:20:10,067 [Listener at 127.0.0.1/42249] INFO  server.StorageContainerManager (StorageContainerManager.java:stop(1431)) - Stopping block service RPC server
2021-12-08 16:20:10,068 [Listener at 127.0.0.1/42249] INFO  server.SCMBlockProtocolServer (SCMBlockProtocolServer.java:stop(160)) - Stopping the RPC server for Block Protocol
2021-12-08 16:20:10,068 [Listener at 127.0.0.1/42249] INFO  ipc.Server (Server.java:stop(3414)) - Stopping server on 33051
2021-12-08 16:20:10,079 [Listener at 127.0.0.1/42249] INFO  server.StorageContainerManager (StorageContainerManager.java:stop(1438)) - Stopping the StorageContainerLocationProtocol RPC server
2021-12-08 16:20:10,079 [Listener at 127.0.0.1/42249] INFO  server.SCMClientProtocolServer (SCMClientProtocolServer.java:stop(173)) - Stopping the RPC server for Client Protocol
2021-12-08 16:20:10,079 [Listener at 127.0.0.1/42249] INFO  ipc.Server (Server.java:stop(3414)) - Stopping server on 34547
2021-12-08 16:20:10,079 [IPC Server Responder] INFO  ipc.Server (Server.java:run(1512)) - Stopping IPC Server Responder
2021-12-08 16:20:10,081 [IPC Server listener on 0] INFO  ipc.Server (Server.java:run(1376)) - Stopping IPC Server listener on 0
2021-12-08 16:20:10,083 [Listener at 127.0.0.1/42249] INFO  server.StorageContainerManager (StorageContainerManager.java:stop(1445)) - Stopping Storage Container Manager HTTP server.
2021-12-08 16:20:10,084 [Listener at 127.0.0.1/42249] INFO  handler.ContextHandler (ContextHandler.java:doStop(1153)) - Stopped o.e.j.w.WebAppContext@5be38ef2{scm,/,null,STOPPED}{file:/home/runner/work/ozone/ozone/hadoop-ozone/integration-test/target/test-classes/webapps/scm}
2021-12-08 16:20:10,084 [IPC Server Responder] INFO  ipc.Server (Server.java:run(1512)) - Stopping IPC Server Responder
2021-12-08 16:20:10,085 [IPC Server listener on 0] INFO  ipc.Server (Server.java:run(1376)) - Stopping IPC Server listener on 0
2021-12-08 16:20:10,093 [Listener at 127.0.0.1/42249] INFO  server.AbstractConnector (AbstractConnector.java:doStop(381)) - Stopped ServerConnector@552b5799{HTTP/1.1, (http/1.1)}{0.0.0.0:0}
2021-12-08 16:20:10,093 [Listener at 127.0.0.1/42249] INFO  server.session (HouseKeeper.java:stopScavenging(149)) - node0 Stopped scavenging
2021-12-08 16:20:10,093 [Listener at 127.0.0.1/42249] INFO  handler.ContextHandler (ContextHandler.java:doStop(1153)) - Stopped o.e.j.s.ServletContextHandler@123414e6{static,/static,file:///home/runner/work/ozone/ozone/hadoop-ozone/integration-test/target/test-classes/webapps/static,STOPPED}
2021-12-08 16:20:10,093 [Listener at 127.0.0.1/42249] INFO  handler.ContextHandler (ContextHandler.java:doStop(1153)) - Stopped o.e.j.s.ServletContextHandler@67943f4b{logs,/logs,file:///home/runner/work/ozone/ozone/hadoop-ozone/integration-test/target/log,STOPPED}
2021-12-08 16:20:10,096 [Listener at 127.0.0.1/42249] INFO  server.StorageContainerManager (StorageContainerManager.java:stop(1456)) - Stopping Block Manager Service.
2021-12-08 16:20:10,097 [Listener at 127.0.0.1/42249] INFO  utils.BackgroundService (BackgroundService.java:shutdown(132)) - Shutting down service SCMBlockDeletingService
2021-12-08 16:20:10,097 [Listener at 127.0.0.1/42249] INFO  utils.BackgroundService (BackgroundService.java:shutdown(132)) - Shutting down service SCMBlockDeletingService
2021-12-08 16:20:10,097 [Listener at 127.0.0.1/42249] INFO  server.StorageContainerManager (StorageContainerManager.java:stop(1483)) - Stopping SCM Event Queue.
2021-12-08 16:20:10,098 [Listener at 127.0.0.1/42249] INFO  server.StorageContainerManager (StorageContainerManager.java:stop(1494)) - Stopping SCM HA services.
2021-12-08 16:20:10,098 [Listener at 127.0.0.1/42249] INFO  pipeline.BackgroundPipelineCreator (BackgroundPipelineCreator.java:stop(158)) - Stopping RatisPipelineUtilsThread.
2021-12-08 16:20:10,098 [Listener at 127.0.0.1/42249] INFO  server.StorageContainerManager (StorageContainerManager.java:stop(1504)) - Stopping SCM MetadataStore.
2021-12-08 16:20:10,100 [Listener at 127.0.0.1/42249] INFO  impl.MetricsSystemImpl (MetricsSystemImpl.java:stop(210)) - Stopping HddsDatanode metrics system...
2021-12-08 16:20:10,125 [prometheus] INFO  impl.MetricsSinkAdapter (MetricsSinkAdapter.java:publishMetricsFromQueue(141)) - prometheus thread interrupted.
2021-12-08 16:20:10,127 [Listener at 127.0.0.1/42249] INFO  impl.MetricsSystemImpl (MetricsSystemImpl.java:stop(216)) - HddsDatanode metrics system stopped.
2021-12-08 16:20:10,305 [Listener at 127.0.0.1/42249] WARN  server.ServerUtils (ServerUtils.java:getScmDbDir(148)) - ozone.scm.db.dirs is not configured. We recommend adding this setting. Falling back to ozone.metadata.dirs instead.
2021-12-08 16:20:10,313 [Listener at 127.0.0.1/42249] INFO  ha.SCMHANodeDetails (SCMHANodeDetails.java:loadSCMHAConfig(157)) - ServiceID for StorageContainerManager is null
2021-12-08 16:20:10,313 [Listener at 127.0.0.1/42249] INFO  ha.SCMHANodeDetails (SCMHANodeDetails.java:loadSCMHAConfig(162)) - ozone.scm.default.service.id is not defined, falling back to ozone.scm.service.ids to find serviceID for StorageContainerManager if it is HA enabled cluster
2021-12-08 16:20:10,314 [Listener at 127.0.0.1/42249] WARN  server.ServerUtils (ServerUtils.java:getScmDbDir(148)) - ozone.scm.db.dirs is not configured. We recommend adding this setting. Falling back to ozone.metadata.dirs instead.
2021-12-08 16:20:10,314 [Listener at 127.0.0.1/42249] INFO  upgrade.AbstractLayoutVersionManager (AbstractLayoutVersionManager.java:init(79)) - Initializing Layout version manager with metadata layout = SCM_HA (version = 2), software layout = SCM_HA (version = 2)
2021-12-08 16:20:10,413 [Listener at 127.0.0.1/42249] INFO  reflections.Reflections (Reflections.java:scan(232)) - Reflections took 98 ms to scan 7 urls, producing 119 keys and 279 values 
2021-12-08 16:20:10,415 [Listener at 127.0.0.1/42249] WARN  utils.HAUtils (HAUtils.java:getMetaDir(342)) - ozone.scm.db.dirs is not configured. We recommend adding this setting. Falling back to ozone.metadata.dirs instead.
2021-12-08 16:20:10,427 [Listener at 127.0.0.1/42249] WARN  db.DBStoreBuilder (DBStoreBuilder.java:applyDBDefinition(145)) - ozone.scm.db.dirs is not configured. We recommend adding this setting. Falling back to ozone.metadata.dirs instead.
2021-12-08 16:20:10,676 [Listener at 127.0.0.1/42249] INFO  net.NodeSchemaLoader (NodeSchemaLoader.java:loadSchemaFromFile(129)) - Loading schema from [jar:file:/home/runner/.m2/repository/org/apache/ozone/hdds-common/1.3.0-SNAPSHOT/hdds-common-1.3.0-SNAPSHOT.jar!/network-topology-default.xml]
2021-12-08 16:20:10,677 [Listener at 127.0.0.1/42249] INFO  net.NodeSchemaLoader (NodeSchemaLoader.java:loadSchema(176)) - Loading network topology layer schema file
2021-12-08 16:20:10,701 [Listener at 127.0.0.1/42249] INFO  ha.SequenceIdGenerator (SequenceIdGenerator.java:upgradeToSequenceId(347)) - upgrade localId to 107544261427200000
2021-12-08 16:20:10,707 [Listener at 127.0.0.1/42249] INFO  ha.SequenceIdGenerator (SequenceIdGenerator.java:upgradeToSequenceId(357)) - upgrade delTxnId to 0
2021-12-08 16:20:10,707 [Listener at 127.0.0.1/42249] INFO  ha.SequenceIdGenerator (SequenceIdGenerator.java:upgradeToSequenceId(371)) - upgrade containerId to 0
2021-12-08 16:20:10,707 [Listener at 127.0.0.1/42249] INFO  ha.SequenceIdGenerator (SequenceIdGenerator.java:<init>(218)) - Init the HA SequenceIdGenerator.
2021-12-08 16:20:10,707 [Listener at 127.0.0.1/42249] WARN  server.ServerUtils (ServerUtils.java:sanitizeUserArgs(73)) - ozone.scm.stale.node.interval value = 300000 is larger than max = 100000 based on the key value of ozone.scm.heartbeat.thread.interval, reset to the max value 100000.
2021-12-08 16:20:10,711 [Listener at 127.0.0.1/42249] WARN  server.ServerUtils (ServerUtils.java:sanitizeUserArgs(73)) - ozone.scm.stale.node.interval value = 300000 is larger than max = 100000 based on the key value of ozone.scm.heartbeat.thread.interval, reset to the max value 100000.
2021-12-08 16:20:10,715 [Listener at 127.0.0.1/42249] INFO  node.SCMNodeManager (SCMNodeManager.java:<init>(144)) - Entering startup safe mode.
2021-12-08 16:20:10,715 [Listener at 127.0.0.1/42249] INFO  algorithms.ContainerPlacementPolicyFactory (ContainerPlacementPolicyFactory.java:getPolicy(60)) - Create container placement policy of type org.apache.hadoop.hdds.scm.container.placement.algorithms.SCMContainerPlacementRandom
2021-12-08 16:20:10,715 [Listener at 127.0.0.1/42249] INFO  pipeline.PipelineStateManagerImpl (PipelineStateManagerImpl.java:initialize(78)) - No pipeline exists in current db
2021-12-08 16:20:10,716 [Listener at 127.0.0.1/42249] INFO  algorithms.LeaderChoosePolicyFactory (LeaderChoosePolicyFactory.java:getPolicy(57)) - Create leader choose policy of type org.apache.hadoop.hdds.scm.pipeline.leader.choose.algorithms.MinLeaderCountChoosePolicy
2021-12-08 16:20:10,716 [Listener at 127.0.0.1/42249] INFO  ha.SCMServiceManager (SCMServiceManager.java:register(43)) - Registering service BackgroundPipelineCreator.
2021-12-08 16:20:10,716 [Listener at 127.0.0.1/42249] INFO  pipeline.BackgroundPipelineCreator (BackgroundPipelineCreator.java:start(130)) - Starting RatisPipelineUtilsThread.
2021-12-08 16:20:10,731 [Listener at 127.0.0.1/42249] INFO  algorithms.PipelineChoosePolicyFactory (PipelineChoosePolicyFactory.java:createPipelineChoosePolicyFromClass(73)) - Create pipeline choose policy of type org.apache.hadoop.hdds.scm.pipeline.choose.algorithms.RandomPipelineChoosePolicy
2021-12-08 16:20:10,732 [Listener at 127.0.0.1/42249] INFO  ha.SCMServiceManager (SCMServiceManager.java:register(43)) - Registering service SCMBlockDeletingService.
2021-12-08 16:20:10,732 [Listener at 127.0.0.1/42249] INFO  ha.SCMServiceManager (SCMServiceManager.java:register(43)) - Registering service ReplicationManager.
2021-12-08 16:20:10,732 [Listener at 127.0.0.1/42249] INFO  container.ReplicationManager (ReplicationManager.java:start(319)) - Starting Replication Monitor Thread.
2021-12-08 16:20:10,747 [Listener at 127.0.0.1/42249] INFO  safemode.ContainerSafeModeRule (ContainerSafeModeRule.java:<init>(89)) - containers with one replica threshold count 0
2021-12-08 16:20:10,747 [Listener at 127.0.0.1/42249] INFO  safemode.HealthyPipelineSafeModeRule (HealthyPipelineSafeModeRule.java:initializeRule(156)) - Total pipeline count is 0, healthy pipeline threshold count is 1
2021-12-08 16:20:10,748 [Listener at 127.0.0.1/42249] INFO  safemode.OneReplicaPipelineSafeModeRule (OneReplicaPipelineSafeModeRule.java:initializeRule(180)) - Total pipeline count is 0, pipeline's with at least one datanode reported threshold count is 0
2021-12-08 16:20:10,755 [ReplicationMonitor] INFO  container.ReplicationManager (ReplicationManager.java:processAll(371)) - Replication Monitor Thread took 0 milliseconds for processing 0 containers.
2021-12-08 16:20:10,758 [Listener at 127.0.0.1/42249] INFO  ipc.CallQueueManager (CallQueueManager.java:<init>(90)) - Using callQueue: class java.util.concurrent.LinkedBlockingQueue, queueCapacity: 2000, scheduler: class org.apache.hadoop.ipc.DefaultRpcScheduler, ipcBackoff: false.
2021-12-08 16:20:10,767 [Socket Reader #1 for port 0] INFO  ipc.Server (Server.java:run(1265)) - Starting Socket Reader #1 for port 0
2021-12-08 16:20:10,791 [Listener at 0.0.0.0/38675] INFO  ipc.CallQueueManager (CallQueueManager.java:<init>(90)) - Using callQueue: class java.util.concurrent.LinkedBlockingQueue, queueCapacity: 2000, scheduler: class org.apache.hadoop.ipc.DefaultRpcScheduler, ipcBackoff: false.
2021-12-08 16:20:10,799 [Socket Reader #1 for port 0] INFO  ipc.Server (Server.java:run(1265)) - Starting Socket Reader #1 for port 0
2021-12-08 16:20:10,819 [Listener at 0.0.0.0/45623] INFO  ipc.CallQueueManager (CallQueueManager.java:<init>(90)) - Using callQueue: class java.util.concurrent.LinkedBlockingQueue, queueCapacity: 2000, scheduler: class org.apache.hadoop.ipc.DefaultRpcScheduler, ipcBackoff: false.
2021-12-08 16:20:10,820 [Socket Reader #1 for port 0] INFO  ipc.Server (Server.java:run(1265)) - Starting Socket Reader #1 for port 0
2021-12-08 16:20:10,856 [Listener at 0.0.0.0/37731] INFO  algorithms.ContainerPlacementPolicyFactory (ContainerPlacementPolicyFactory.java:getPolicy(60)) - Create container placement policy of type org.apache.hadoop.hdds.scm.container.placement.algorithms.SCMContainerPlacementRandom
2021-12-08 16:20:10,856 [Listener at 0.0.0.0/37731] INFO  server.StorageContainerManager (StorageContainerManager.java:<init>(388)) - 
Container Balancer status:
Key                            Value
Running                        false
Container Balancer Configuration values:
Key                                                Value
Threshold                                          0.1
Max Datanodes to Involve per Iteration(ratio)      0.2
Max Size to Move per Iteration                     30GB
Max Size Entering Target per Iteration             1GB
Max Size Leaving Source per Iteration              1GB

2021-12-08 16:20:10,857 [Listener at 0.0.0.0/37731] WARN  events.EventQueue (EventQueue.java:fireEvent(194)) - No event handler registered for event TypedEvent{payloadType=SafeModeStatus, name='Safe mode status'}
2021-12-08 16:20:10,857 [Listener at 0.0.0.0/37731] INFO  ha.SCMContext (SCMContext.java:updateSafeModeStatus(211)) - Update SafeModeStatus from SafeModeStatus{safeModeStatus=true, preCheckPassed=false} to SafeModeStatus{safeModeStatus=true, preCheckPassed=false}.
2021-12-08 16:20:10,857 [Listener at 0.0.0.0/37731] INFO  server.StorageContainerManager (StorageContainerManager.java:start(1303)) - StorageContainerLocationProtocol RPC server is listening at /0.0.0.0:37731
2021-12-08 16:20:10,860 [Listener at 0.0.0.0/37731] WARN  impl.MetricsConfig (MetricsConfig.java:loadFirst(136)) - Cannot locate configuration: tried hadoop-metrics2-storagecontainermanager.properties,hadoop-metrics2.properties
2021-12-08 16:20:10,871 [Listener at 0.0.0.0/37731] INFO  impl.MetricsSystemImpl (MetricsSystemImpl.java:startTimer(378)) - Scheduled Metric snapshot period at 10 second(s).
2021-12-08 16:20:10,871 [Listener at 0.0.0.0/37731] INFO  impl.MetricsSystemImpl (MetricsSystemImpl.java:start(191)) - StorageContainerManager metrics system started
2021-12-08 16:20:10,888 [Listener at 0.0.0.0/37731] INFO  impl.MetricsSinkAdapter (MetricsSinkAdapter.java:start(204)) - Sink prometheus started
2021-12-08 16:20:10,888 [Listener at 0.0.0.0/37731] INFO  impl.MetricsSystemImpl (MetricsSystemImpl.java:registerSink(305)) - Registered sink prometheus
2021-12-08 16:20:10,923 [Listener at 0.0.0.0/37731] INFO  server.SCMClientProtocolServer (SCMClientProtocolServer.java:start(164)) - RPC server for Client  is listening at /0.0.0.0:37731
2021-12-08 16:20:10,931 [IPC Server Responder] INFO  ipc.Server (Server.java:run(1507)) - IPC Server Responder: starting
2021-12-08 16:20:10,931 [IPC Server listener on 0] INFO  ipc.Server (Server.java:run(1344)) - IPC Server listener on 0: starting
2021-12-08 16:20:11,105 [Listener at 0.0.0.0/37731] INFO  server.StorageContainerManager (StorageContainerManager.java:start(1318)) - ScmBlockLocationProtocol RPC server is listening at /0.0.0.0:45623
2021-12-08 16:20:11,106 [Listener at 0.0.0.0/37731] INFO  server.SCMBlockProtocolServer (SCMBlockProtocolServer.java:start(151)) - RPC server for Block Protocol is listening at /0.0.0.0:45623
2021-12-08 16:20:11,106 [IPC Server Responder] INFO  ipc.Server (Server.java:run(1507)) - IPC Server Responder: starting
2021-12-08 16:20:11,106 [IPC Server listener on 0] INFO  ipc.Server (Server.java:run(1344)) - IPC Server listener on 0: starting
2021-12-08 16:20:11,108 [Listener at 0.0.0.0/37731] INFO  server.StorageContainerManager (StorageContainerManager.java:start(1324)) - ScmDatanodeProtocl RPC server is listening at /0.0.0.0:38675
2021-12-08 16:20:11,108 [Listener at 0.0.0.0/37731] INFO  server.SCMDatanodeProtocolServer (SCMDatanodeProtocolServer.java:start(181)) - RPC server for DataNodes is listening at /0.0.0.0:38675
2021-12-08 16:20:11,108 [IPC Server Responder] INFO  ipc.Server (Server.java:run(1507)) - IPC Server Responder: starting
2021-12-08 16:20:11,109 [IPC Server listener on 0] INFO  ipc.Server (Server.java:run(1344)) - IPC Server listener on 0: starting
2021-12-08 16:20:11,135 [Listener at 0.0.0.0/37731] INFO  http.BaseHttpServer (BaseHttpServer.java:newHttpServer2BuilderForOzone(209)) - Starting Web-server for scm at: http://0.0.0.0:0
2021-12-08 16:20:11,135 [Listener at 0.0.0.0/37731] INFO  http.BaseHttpServer (BaseHttpServer.java:<init>(107)) - Hadoop Security Enabled: false Ozone Security Enabled: false Ozone HTTP Security Enabled: false 
2021-12-08 16:20:11,137 [Listener at 0.0.0.0/37731] INFO  server.AuthenticationFilter (AuthenticationFilter.java:constructSecretProvider(240)) - Unable to initialize FileSignerSecretProvider, falling back to use random secrets.
2021-12-08 16:20:11,137 [org.apache.hadoop.util.JvmPauseMonitor$Monitor@59e97f75] INFO  util.JvmPauseMonitor (JvmPauseMonitor.java:run(188)) - Starting JVM pause monitor
2021-12-08 16:20:11,139 [Listener at 0.0.0.0/37731] WARN  http.HttpRequestLog (HttpRequestLog.java:getRequestLog(103)) - Jetty request log can only be enabled using Log4j
2021-12-08 16:20:11,143 [Listener at 0.0.0.0/37731] INFO  http.HttpServer2 (HttpServer2.java:addGlobalFilter(1030)) - Added global filter 'safety' (class=org.apache.hadoop.hdds.server.http.HttpServer2$QuotingInputFilter)
2021-12-08 16:20:11,147 [Listener at 0.0.0.0/37731] INFO  http.HttpServer2 (HttpServer2.java:addFilter(1006)) - Added filter static_user_filter (class=org.apache.hadoop.http.lib.StaticUserWebFilter$StaticUserFilter) to context scm
2021-12-08 16:20:11,147 [Listener at 0.0.0.0/37731] INFO  http.HttpServer2 (HttpServer2.java:addFilter(1014)) - Added filter static_user_filter (class=org.apache.hadoop.http.lib.StaticUserWebFilter$StaticUserFilter) to context static
2021-12-08 16:20:11,147 [Listener at 0.0.0.0/37731] INFO  http.HttpServer2 (HttpServer2.java:addFilter(1014)) - Added filter static_user_filter (class=org.apache.hadoop.http.lib.StaticUserWebFilter$StaticUserFilter) to context logs
2021-12-08 16:20:11,148 [Listener at 0.0.0.0/37731] INFO  http.HttpServer2 (HttpServer2.java:bindListener(1249)) - Jetty bound to port 36559
2021-12-08 16:20:11,148 [Listener at 0.0.0.0/37731] INFO  server.Server (Server.java:doStart(375)) - jetty-9.4.43.v20210629; built: 2021-06-30T11:07:22.254Z; git: 526006ecfa3af7f1a27ef3a288e2bef7ea9dd7e8; jvm 1.8.0_292-b10
2021-12-08 16:20:11,223 [Listener at 0.0.0.0/37731] INFO  server.session (DefaultSessionIdManager.java:doStart(334)) - DefaultSessionIdManager workerName=node0
2021-12-08 16:20:11,223 [Listener at 0.0.0.0/37731] INFO  server.session (DefaultSessionIdManager.java:doStart(339)) - No SessionScavenger set, using defaults
2021-12-08 16:20:11,223 [Listener at 0.0.0.0/37731] INFO  server.session (HouseKeeper.java:startScavenging(132)) - node0 Scavenging every 600000ms
2021-12-08 16:20:11,224 [Listener at 0.0.0.0/37731] INFO  handler.ContextHandler (ContextHandler.java:doStart(915)) - Started o.e.j.s.ServletContextHandler@7b21879f{logs,/logs,file:///home/runner/work/ozone/ozone/hadoop-ozone/integration-test/target/log,AVAILABLE}
2021-12-08 16:20:11,224 [Listener at 0.0.0.0/37731] INFO  handler.ContextHandler (ContextHandler.java:doStart(915)) - Started o.e.j.s.ServletContextHandler@1d4d84fb{static,/static,file:///home/runner/work/ozone/ozone/hadoop-ozone/integration-test/target/test-classes/webapps/static,AVAILABLE}
2021-12-08 16:20:11,252 [Listener at 0.0.0.0/37731] INFO  handler.ContextHandler (ContextHandler.java:doStart(915)) - Started o.e.j.w.WebAppContext@4e3db1c6{scm,/,file:///home/runner/work/ozone/ozone/hadoop-ozone/integration-test/target/test-classes/webapps/scm/,AVAILABLE}{file:/home/runner/work/ozone/ozone/hadoop-ozone/integration-test/target/test-classes/webapps/scm}
2021-12-08 16:20:11,256 [Listener at 0.0.0.0/37731] INFO  server.AbstractConnector (AbstractConnector.java:doStart(331)) - Started ServerConnector@44e666df{HTTP/1.1, (http/1.1)}{0.0.0.0:36559}
2021-12-08 16:20:11,256 [Listener at 0.0.0.0/37731] INFO  server.Server (Server.java:doStart(415)) - Started @123460ms
2021-12-08 16:20:11,256 [Listener at 0.0.0.0/37731] WARN  impl.MetricsSystemImpl (MetricsSystemImpl.java:register(279)) - Sink prometheus already exists!
2021-12-08 16:20:11,263 [Listener at 0.0.0.0/37731] INFO  http.BaseHttpServer (BaseHttpServer.java:updateConnectorAddress(329)) - HTTP server of scm listening at http://0.0.0.0:36559
2021-12-08 16:20:11,263 [Listener at 0.0.0.0/37731] WARN  server.ServerUtils (ServerUtils.java:getDBPath(225)) - ozone.om.db.dirs is not configured. We recommend adding this setting. Falling back to ozone.metadata.dirs instead.
2021-12-08 16:20:11,271 [Listener at 0.0.0.0/37731] INFO  ha.OMHANodeDetails (OMHANodeDetails.java:loadOMHAConfig(112)) - ozone.om.internal.service.id is not defined, falling back to ozone.om.service.ids to find serviceID for OzoneManager if it is HA enabled cluster
2021-12-08 16:20:11,271 [Listener at 0.0.0.0/37731] INFO  ha.OMHANodeDetails (OMHANodeDetails.java:loadOMHAConfig(217)) - Configuration does not have ozone.om.address set. Falling back to the default OM address /127.0.0.1:0
2021-12-08 16:20:11,271 [Listener at 0.0.0.0/37731] INFO  ha.OMHANodeDetails (OMHANodeDetails.java:getOMNodeDetailsForNonHA(245)) - OM Service ID is not set. Setting it to the default ID: omServiceIdDefault
2021-12-08 16:20:11,271 [Listener at 0.0.0.0/37731] INFO  ha.OMHANodeDetails (OMHANodeDetails.java:getOMNodeDetailsForNonHA(252)) - OM Node ID is not set. Setting it to the default ID: om1
2021-12-08 16:20:11,271 [Listener at 0.0.0.0/37731] WARN  server.ServerUtils (ServerUtils.java:getDBPath(225)) - ozone.om.db.dirs is not configured. We recommend adding this setting. Falling back to ozone.metadata.dirs instead.
2021-12-08 16:20:11,272 [Listener at 0.0.0.0/37731] INFO  upgrade.AbstractLayoutVersionManager (AbstractLayoutVersionManager.java:init(79)) - Initializing Layout version manager with metadata layout = INITIAL_VERSION (version = 0), software layout = INITIAL_VERSION (version = 0)
2021-12-08 16:20:11,400 [Listener at 0.0.0.0/37731] INFO  reflections.Reflections (Reflections.java:scan(232)) - Reflections took 128 ms to scan 2 urls, producing 132 keys and 344 values [using 2 cores]
2021-12-08 16:20:11,400 [Listener at 0.0.0.0/37731] INFO  upgrade.OMLayoutVersionManager (OMLayoutVersionManager.java:lambda$0(115)) - Skipping Upgrade Action MockOmUpgradeAction since it has been finalized.
2021-12-08 16:20:11,400 [Listener at 0.0.0.0/37731] WARN  server.ServerUtils (ServerUtils.java:getDBPath(225)) - ozone.om.db.dirs is not configured. We recommend adding this setting. Falling back to ozone.metadata.dirs instead.
2021-12-08 16:20:11,428 [Listener at 0.0.0.0/37731] WARN  server.ServerUtils (ServerUtils.java:getDBPath(225)) - ozone.om.db.dirs is not configured. We recommend adding this setting. Falling back to ozone.metadata.dirs instead.
2021-12-08 16:20:11,428 [Listener at 0.0.0.0/37731] INFO  codec.OmKeyInfoCodec (OmKeyInfoCodec.java:<init>(50)) - OmKeyInfoCodec ignorePipeline = true
2021-12-08 16:20:11,429 [Listener at 0.0.0.0/37731] INFO  codec.RepeatedOmKeyInfoCodec (RepeatedOmKeyInfoCodec.java:<init>(42)) - RepeatedOmKeyInfoCodec ignorePipeline = true
2021-12-08 16:20:11,681 [Listener at 0.0.0.0/37731] INFO  om.OzoneManager (OzoneManager.java:addS3GVolumeToDB(3660)) - Created Volume s3v With Owner runner required for S3Gateway operations.
2021-12-08 16:20:11,682 [Listener at 0.0.0.0/37731] INFO  ipc.CallQueueManager (CallQueueManager.java:<init>(90)) - Using callQueue: class java.util.concurrent.LinkedBlockingQueue, queueCapacity: 2000, scheduler: class org.apache.hadoop.ipc.DefaultRpcScheduler, ipcBackoff: false.
2021-12-08 16:20:11,699 [Socket Reader #1 for port 0] INFO  ipc.Server (Server.java:run(1265)) - Starting Socket Reader #1 for port 0
2021-12-08 16:20:11,760 [Listener at 127.0.0.1/46549] INFO  impl.MetricsSystemImpl (MetricsSystemImpl.java:init(158)) - OzoneManager metrics system started (again)
2021-12-08 16:20:11,794 [Listener at 127.0.0.1/46549] INFO  om.OzoneManager (OzoneManager.java:start(1365)) - OzoneManager RPC server is listening at localhost/127.0.0.1:46549
2021-12-08 16:20:11,819 [Listener at 127.0.0.1/46549] INFO  om.OzoneManager (OzoneManager.java:start(1381)) - Version File has different layout version (0) than OM DB (null). That is expected if this OM has never been finalized to a newer layout version.
2021-12-08 16:20:11,840 [Listener at 127.0.0.1/46549] INFO  http.BaseHttpServer (BaseHttpServer.java:newHttpServer2BuilderForOzone(209)) - Starting Web-server for ozoneManager at: http://0.0.0.0:0
2021-12-08 16:20:11,840 [Listener at 127.0.0.1/46549] INFO  http.BaseHttpServer (BaseHttpServer.java:<init>(107)) - Hadoop Security Enabled: false Ozone Security Enabled: false Ozone HTTP Security Enabled: false 
2021-12-08 16:20:11,841 [Listener at 127.0.0.1/46549] INFO  server.AuthenticationFilter (AuthenticationFilter.java:constructSecretProvider(240)) - Unable to initialize FileSignerSecretProvider, falling back to use random secrets.
2021-12-08 16:20:11,847 [Listener at 127.0.0.1/46549] WARN  http.HttpRequestLog (HttpRequestLog.java:getRequestLog(103)) - Jetty request log can only be enabled using Log4j
2021-12-08 16:20:11,848 [Listener at 127.0.0.1/46549] INFO  http.HttpServer2 (HttpServer2.java:addGlobalFilter(1030)) - Added global filter 'safety' (class=org.apache.hadoop.hdds.server.http.HttpServer2$QuotingInputFilter)
2021-12-08 16:20:11,848 [Listener at 127.0.0.1/46549] INFO  http.HttpServer2 (HttpServer2.java:addFilter(1006)) - Added filter static_user_filter (class=org.apache.hadoop.http.lib.StaticUserWebFilter$StaticUserFilter) to context ozoneManager
2021-12-08 16:20:11,848 [Listener at 127.0.0.1/46549] INFO  http.HttpServer2 (HttpServer2.java:addFilter(1014)) - Added filter static_user_filter (class=org.apache.hadoop.http.lib.StaticUserWebFilter$StaticUserFilter) to context static
2021-12-08 16:20:11,848 [Listener at 127.0.0.1/46549] INFO  http.HttpServer2 (HttpServer2.java:addFilter(1014)) - Added filter static_user_filter (class=org.apache.hadoop.http.lib.StaticUserWebFilter$StaticUserFilter) to context logs
2021-12-08 16:20:11,849 [Listener at 127.0.0.1/46549] INFO  http.HttpServer2 (HttpServer2.java:bindListener(1249)) - Jetty bound to port 46095
2021-12-08 16:20:11,849 [Listener at 127.0.0.1/46549] INFO  server.Server (Server.java:doStart(375)) - jetty-9.4.43.v20210629; built: 2021-06-30T11:07:22.254Z; git: 526006ecfa3af7f1a27ef3a288e2bef7ea9dd7e8; jvm 1.8.0_292-b10
2021-12-08 16:20:11,887 [Listener at 127.0.0.1/46549] INFO  server.session (DefaultSessionIdManager.java:doStart(334)) - DefaultSessionIdManager workerName=node0
2021-12-08 16:20:11,887 [Listener at 127.0.0.1/46549] INFO  server.session (DefaultSessionIdManager.java:doStart(339)) - No SessionScavenger set, using defaults
2021-12-08 16:20:11,887 [Listener at 127.0.0.1/46549] INFO  server.session (HouseKeeper.java:startScavenging(132)) - node0 Scavenging every 600000ms
2021-12-08 16:20:11,890 [Listener at 127.0.0.1/46549] INFO  handler.ContextHandler (ContextHandler.java:doStart(915)) - Started o.e.j.s.ServletContextHandler@e6d4002{logs,/logs,file:///home/runner/work/ozone/ozone/hadoop-ozone/integration-test/target/log,AVAILABLE}
2021-12-08 16:20:11,890 [Listener at 127.0.0.1/46549] INFO  handler.ContextHandler (ContextHandler.java:doStart(915)) - Started o.e.j.s.ServletContextHandler@33795ac7{static,/static,file:///home/runner/work/ozone/ozone/hadoop-ozone/integration-test/target/test-classes/webapps/static,AVAILABLE}
2021-12-08 16:20:11,893 [Listener at 127.0.0.1/46549] INFO  handler.ContextHandler (ContextHandler.java:doStart(915)) - Started o.e.j.w.WebAppContext@6ffd0408{ozoneManager,/,file:///home/runner/work/ozone/ozone/hadoop-ozone/integration-test/target/test-classes/webapps/ozoneManager/,AVAILABLE}{file:/home/runner/work/ozone/ozone/hadoop-ozone/integration-test/target/test-classes/webapps/ozoneManager}
2021-12-08 16:20:11,911 [Listener at 127.0.0.1/46549] INFO  server.AbstractConnector (AbstractConnector.java:doStart(331)) - Started ServerConnector@43424634{HTTP/1.1, (http/1.1)}{0.0.0.0:46095}
2021-12-08 16:20:11,911 [Listener at 127.0.0.1/46549] INFO  server.Server (Server.java:doStart(415)) - Started @124115ms
2021-12-08 16:20:11,911 [Listener at 127.0.0.1/46549] WARN  impl.MetricsSystemImpl (MetricsSystemImpl.java:register(279)) - Sink prometheus already exists!
2021-12-08 16:20:11,915 [Listener at 127.0.0.1/46549] INFO  http.BaseHttpServer (BaseHttpServer.java:updateConnectorAddress(329)) - HTTP server of ozoneManager listening at http://0.0.0.0:46095
2021-12-08 16:20:11,920 [IPC Server Responder] INFO  ipc.Server (Server.java:run(1507)) - IPC Server Responder: starting
2021-12-08 16:20:11,921 [IPC Server listener on 0] INFO  ipc.Server (Server.java:run(1344)) - IPC Server listener on 0: starting
2021-12-08 16:20:11,923 [Listener at 127.0.0.1/46549] INFO  om.TrashPolicyOzone (TrashPolicyOzone.java:<init>(178)) - Ozone Manager trash configuration: Deletion interval = 0 minutes, Emptier interval = 0 minutes.
2021-12-08 16:20:11,935 [org.apache.hadoop.util.JvmPauseMonitor$Monitor@2b1d39b2] INFO  util.JvmPauseMonitor (JvmPauseMonitor.java:run(188)) - Starting JVM pause monitor
2021-12-08 16:20:11,950 [Listener at 127.0.0.1/46549] INFO  impl.MetricsSystemImpl (MetricsSystemImpl.java:init(158)) - HddsDatanode metrics system started (again)
2021-12-08 16:20:11,994 [Listener at 127.0.0.1/46549] INFO  ozone.HddsDatanodeService (HddsDatanodeService.java:start(234)) - HddsDatanodeService host:fv-az59-681.csjynl4pkq3e1pkirw3ssqjfoh.cx.internal.cloudapp.net ip:10.1.0.47
2021-12-08 16:20:12,058 [Listener at 127.0.0.1/46549] INFO  upgrade.AbstractLayoutVersionManager (AbstractLayoutVersionManager.java:init(79)) - Initializing Layout version manager with metadata layout = SCM_HA (version = 2), software layout = SCM_HA (version = 2)
2021-12-08 16:20:12,150 [Listener at 127.0.0.1/46549] INFO  reflections.Reflections (Reflections.java:scan(232)) - Reflections took 87 ms to scan 7 urls, producing 119 keys and 279 values 
2021-12-08 16:20:12,171 [Listener at 127.0.0.1/46549] INFO  statemachine.DatanodeStateMachine (DatanodeStateMachine.java:getEndPointTaskThreadPoolSize(219)) - Datanode State Machine Task Thread Pool size 2
2021-12-08 16:20:12,183 [Listener at 127.0.0.1/46549] INFO  volume.HddsVolume (HddsVolume.java:<init>(120)) - Creating HddsVolume: /home/runner/work/ozone/ozone/hadoop-ozone/integration-test/target/test-dir/MiniOzoneClusterImpl-102f87ea-2986-4930-8fc4-c674960d3cfd/datanode-0/data-0/containers/hdds of storage type : DISK capacity : 9223372036854775807
2021-12-08 16:20:12,184 [Listener at 127.0.0.1/46549] INFO  volume.MutableVolumeSet (MutableVolumeSet.java:initializeVolumeSet(168)) - Added Volume : /home/runner/work/ozone/ozone/hadoop-ozone/integration-test/target/test-dir/MiniOzoneClusterImpl-102f87ea-2986-4930-8fc4-c674960d3cfd/datanode-0/data-0/containers/hdds to VolumeSet
2021-12-08 16:20:12,184 [Listener at 127.0.0.1/46549] INFO  volume.ThrottledAsyncChecker (ThrottledAsyncChecker.java:schedule(141)) - Scheduling a check for /home/runner/work/ozone/ozone/hadoop-ozone/integration-test/target/test-dir/MiniOzoneClusterImpl-102f87ea-2986-4930-8fc4-c674960d3cfd/datanode-0/data-0/containers/hdds
2021-12-08 16:20:12,185 [Listener at 127.0.0.1/46549] INFO  volume.StorageVolumeChecker (StorageVolumeChecker.java:checkAllVolumes(202)) - Scheduled health check for volume /home/runner/work/ozone/ozone/hadoop-ozone/integration-test/target/test-dir/MiniOzoneClusterImpl-102f87ea-2986-4930-8fc4-c674960d3cfd/datanode-0/data-0/containers/hdds
2021-12-08 16:20:12,198 [Listener at 127.0.0.1/46549] INFO  volume.MutableVolumeSet (MutableVolumeSet.java:initializeVolumeSet(168)) - Added Volume : /home/runner/work/ozone/ozone/hadoop-ozone/integration-test/target/test-dir/MiniOzoneClusterImpl-102f87ea-2986-4930-8fc4-c674960d3cfd/datanode-0/data/ratis to VolumeSet
2021-12-08 16:20:12,198 [Listener at 127.0.0.1/46549] INFO  volume.ThrottledAsyncChecker (ThrottledAsyncChecker.java:schedule(141)) - Scheduling a check for /home/runner/work/ozone/ozone/hadoop-ozone/integration-test/target/test-dir/MiniOzoneClusterImpl-102f87ea-2986-4930-8fc4-c674960d3cfd/datanode-0/data/ratis
2021-12-08 16:20:12,198 [Listener at 127.0.0.1/46549] INFO  volume.StorageVolumeChecker (StorageVolumeChecker.java:checkAllVolumes(202)) - Scheduled health check for volume /home/runner/work/ozone/ozone/hadoop-ozone/integration-test/target/test-dir/MiniOzoneClusterImpl-102f87ea-2986-4930-8fc4-c674960d3cfd/datanode-0/data/ratis
2021-12-08 16:20:12,223 [Thread-877] INFO  ozoneimpl.ContainerReader (ContainerReader.java:readVolume(172)) - Finish verifying containers on volume /home/runner/work/ozone/ozone/hadoop-ozone/integration-test/target/test-dir/MiniOzoneClusterImpl-102f87ea-2986-4930-8fc4-c674960d3cfd/datanode-0/data-0/containers/hdds
2021-12-08 16:20:12,223 [Listener at 127.0.0.1/46549] INFO  ozoneimpl.OzoneContainer (OzoneContainer.java:buildContainerSet(236)) - Build ContainerSet costs 0s
2021-12-08 16:20:12,225 [Listener at 127.0.0.1/46549] INFO  server.RaftServer (ConfUtils.java:logGet(44)) - raft.rpc.type = GRPC (default)
2021-12-08 16:20:12,225 [Listener at 127.0.0.1/46549] INFO  grpc.GrpcFactory (GrpcFactory.java:checkPooledByteBufAllocatorUseCacheForAllThreads(48)) - PERFORMANCE WARNING: useCacheForAllThreads is true that may cause Netty to create a lot garbage objects and, as a result, trigger GC.
	It is recommended to disable useCacheForAllThreads by setting -Dorg.apache.ratis.thirdparty.io.netty.allocator.useCacheForAllThreads=false in command line.
2021-12-08 16:20:12,225 [Listener at 127.0.0.1/46549] INFO  grpc.GrpcConfigKeys (ConfUtils.java:logGet(44)) - raft.grpc.admin.port = 0 (custom)
2021-12-08 16:20:12,225 [Listener at 127.0.0.1/46549] INFO  grpc.GrpcConfigKeys (ConfUtils.java:logGet(44)) - raft.grpc.client.port = 0 (custom)
2021-12-08 16:20:12,225 [Listener at 127.0.0.1/46549] INFO  grpc.GrpcConfigKeys (ConfUtils.java:logGet(44)) - raft.grpc.server.port = 0 (default)
2021-12-08 16:20:12,226 [Listener at 127.0.0.1/46549] INFO  server.GrpcService (ConfUtils.java:logGet(44)) - raft.grpc.message.size.max = 32MB (=33554432) (custom)
2021-12-08 16:20:12,226 [Listener at 127.0.0.1/46549] INFO  server.RaftServerConfigKeys (ConfUtils.java:logGet(44)) - raft.server.log.appender.buffer.byte-limit = 33554432 (custom)
2021-12-08 16:20:12,226 [Listener at 127.0.0.1/46549] INFO  server.GrpcService (ConfUtils.java:logGet(44)) - raft.grpc.flow.control.window = 5MB (=5242880) (custom)
2021-12-08 16:20:12,226 [Listener at 127.0.0.1/46549] INFO  server.RaftServerConfigKeys (ConfUtils.java:logGet(44)) - raft.server.rpc.request.timeout = 60s (custom)
2021-12-08 16:20:12,227 [Listener at 127.0.0.1/46549] INFO  impl.DataStreamServerImpl (ConfUtils.java:logGet(44)) - raft.datastream.type = DISABLED (default)
2021-12-08 16:20:12,227 [Listener at 127.0.0.1/46549] INFO  server.RaftServerConfigKeys (ConfUtils.java:logGet(44)) - raft.server.rpc.slowness.timeout = 300s (custom)
2021-12-08 16:20:12,228 [Listener at 127.0.0.1/46549] INFO  server.RaftServerConfigKeys (ConfUtils.java:logGet(44)) - raft.server.leaderelection.leader.step-down.wait-time = 10s (default)
2021-12-08 16:20:12,228 [Listener at 127.0.0.1/46549] INFO  server.RaftServerConfigKeys (ConfUtils.java:logGet(44)) - raft.server.storage.dir = [/home/runner/work/ozone/ozone/hadoop-ozone/integration-test/target/test-dir/MiniOzoneClusterImpl-102f87ea-2986-4930-8fc4-c674960d3cfd/datanode-0/data/ratis] (custom)
2021-12-08 16:20:12,233 [Listener at 127.0.0.1/46549] INFO  server.XceiverServerGrpc (XceiverServerGrpc.java:<init>(132)) - GrpcServer channel type EpollServerSocketChannel
2021-12-08 16:20:12,263 [Listener at 127.0.0.1/46549] INFO  http.BaseHttpServer (BaseHttpServer.java:newHttpServer2BuilderForOzone(209)) - Starting Web-server for hddsDatanode at: http://0.0.0.0:0
2021-12-08 16:20:12,263 [Listener at 127.0.0.1/46549] INFO  http.BaseHttpServer (BaseHttpServer.java:<init>(107)) - Hadoop Security Enabled: false Ozone Security Enabled: false Ozone HTTP Security Enabled: false 
2021-12-08 16:20:12,265 [Listener at 127.0.0.1/46549] INFO  server.AuthenticationFilter (AuthenticationFilter.java:constructSecretProvider(240)) - Unable to initialize FileSignerSecretProvider, falling back to use random secrets.
2021-12-08 16:20:12,275 [Listener at 127.0.0.1/46549] WARN  http.HttpRequestLog (HttpRequestLog.java:getRequestLog(103)) - Jetty request log can only be enabled using Log4j
2021-12-08 16:20:12,277 [Listener at 127.0.0.1/46549] INFO  http.HttpServer2 (HttpServer2.java:addGlobalFilter(1030)) - Added global filter 'safety' (class=org.apache.hadoop.hdds.server.http.HttpServer2$QuotingInputFilter)
2021-12-08 16:20:12,279 [Listener at 127.0.0.1/46549] INFO  http.HttpServer2 (HttpServer2.java:addFilter(1006)) - Added filter static_user_filter (class=org.apache.hadoop.http.lib.StaticUserWebFilter$StaticUserFilter) to context hddsDatanode
2021-12-08 16:20:12,279 [Listener at 127.0.0.1/46549] INFO  http.HttpServer2 (HttpServer2.java:addFilter(1014)) - Added filter static_user_filter (class=org.apache.hadoop.http.lib.StaticUserWebFilter$StaticUserFilter) to context static
2021-12-08 16:20:12,280 [Listener at 127.0.0.1/46549] INFO  http.HttpServer2 (HttpServer2.java:addFilter(1014)) - Added filter static_user_filter (class=org.apache.hadoop.http.lib.StaticUserWebFilter$StaticUserFilter) to context logs
2021-12-08 16:20:12,280 [Listener at 127.0.0.1/46549] INFO  http.HttpServer2 (HttpServer2.java:bindListener(1249)) - Jetty bound to port 34567
2021-12-08 16:20:12,280 [Listener at 127.0.0.1/46549] INFO  server.Server (Server.java:doStart(375)) - jetty-9.4.43.v20210629; built: 2021-06-30T11:07:22.254Z; git: 526006ecfa3af7f1a27ef3a288e2bef7ea9dd7e8; jvm 1.8.0_292-b10
2021-12-08 16:20:12,331 [Listener at 127.0.0.1/46549] INFO  server.session (DefaultSessionIdManager.java:doStart(334)) - DefaultSessionIdManager workerName=node0
2021-12-08 16:20:12,331 [Listener at 127.0.0.1/46549] INFO  server.session (DefaultSessionIdManager.java:doStart(339)) - No SessionScavenger set, using defaults
2021-12-08 16:20:12,331 [Listener at 127.0.0.1/46549] INFO  server.session (HouseKeeper.java:startScavenging(132)) - node0 Scavenging every 600000ms
2021-12-08 16:20:12,339 [Listener at 127.0.0.1/46549] INFO  handler.ContextHandler (ContextHandler.java:doStart(915)) - Started o.e.j.s.ServletContextHandler@16a4961f{logs,/logs,file:///home/runner/work/ozone/ozone/hadoop-ozone/integration-test/target/log,AVAILABLE}
2021-12-08 16:20:12,339 [Listener at 127.0.0.1/46549] INFO  handler.ContextHandler (ContextHandler.java:doStart(915)) - Started o.e.j.s.ServletContextHandler@7ebc160d{static,/static,jar:file:/home/runner/.m2/repository/org/apache/ozone/hdds-container-service/1.3.0-SNAPSHOT/hdds-container-service-1.3.0-SNAPSHOT.jar!/webapps/static,AVAILABLE}
2021-12-08 16:20:12,407 [Listener at 127.0.0.1/46549] INFO  handler.ContextHandler (ContextHandler.java:doStart(915)) - Started o.e.j.w.WebAppContext@59c99b5{hddsDatanode,/,file:///tmp/jetty-0_0_0_0-34567-hdds-container-service-1_3_0-SNAPSHOT_jar-_-any-706598053799163831/webapp/,AVAILABLE}{jar:file:/home/runner/.m2/repository/org/apache/ozone/hdds-container-service/1.3.0-SNAPSHOT/hdds-container-service-1.3.0-SNAPSHOT.jar!/webapps/hddsDatanode}
2021-12-08 16:20:12,414 [Listener at 127.0.0.1/46549] INFO  server.AbstractConnector (AbstractConnector.java:doStart(331)) - Started ServerConnector@194ec701{HTTP/1.1, (http/1.1)}{0.0.0.0:34567}
2021-12-08 16:20:12,414 [Listener at 127.0.0.1/46549] INFO  server.Server (Server.java:doStart(415)) - Started @124618ms
2021-12-08 16:20:12,414 [Listener at 127.0.0.1/46549] WARN  impl.MetricsSystemImpl (MetricsSystemImpl.java:register(279)) - Sink prometheus already exists!
2021-12-08 16:20:12,419 [Listener at 127.0.0.1/46549] INFO  http.BaseHttpServer (BaseHttpServer.java:updateConnectorAddress(329)) - HTTP server of hddsDatanode listening at http://0.0.0.0:34567
2021-12-08 16:20:12,423 [Listener at 127.0.0.1/46549] INFO  impl.MetricsSystemImpl (MetricsSystemImpl.java:init(158)) - HddsDatanode metrics system started (again)
2021-12-08 16:20:12,428 [Datanode State Machine Daemon Thread] INFO  statemachine.DatanodeStateMachine (DatanodeStateMachine.java:lambda$startDaemon$0(467)) - Ozone container server started.
2021-12-08 16:20:12,472 [Listener at 127.0.0.1/46549] INFO  ozone.HddsDatanodeService (HddsDatanodeService.java:start(234)) - HddsDatanodeService host:fv-az59-681.csjynl4pkq3e1pkirw3ssqjfoh.cx.internal.cloudapp.net ip:10.1.0.47
2021-12-08 16:20:12,505 [Listener at 127.0.0.1/46549] INFO  upgrade.AbstractLayoutVersionManager (AbstractLayoutVersionManager.java:init(79)) - Initializing Layout version manager with metadata layout = SCM_HA (version = 2), software layout = SCM_HA (version = 2)
2021-12-08 16:20:12,551 [org.apache.hadoop.util.JvmPauseMonitor$Monitor@4a5c0d44] INFO  util.JvmPauseMonitor (JvmPauseMonitor.java:run(188)) - Starting JVM pause monitor
2021-12-08 16:20:12,571 [Datanode State Machine Task Thread - 0] INFO  datanode.InitDatanodeState (InitDatanodeState.java:persistContainerDatanodeDetails(145)) - DatanodeDetails is persisted to /home/runner/work/ozone/ozone/hadoop-ozone/integration-test/target/test-dir/MiniOzoneClusterImpl-102f87ea-2986-4930-8fc4-c674960d3cfd/datanode-0/meta/datanode.id
2021-12-08 16:20:12,624 [Listener at 127.0.0.1/46549] INFO  reflections.Reflections (Reflections.java:scan(232)) - Reflections took 118 ms to scan 7 urls, producing 119 keys and 279 values 
2021-12-08 16:20:12,626 [Listener at 127.0.0.1/46549] INFO  statemachine.DatanodeStateMachine (DatanodeStateMachine.java:getEndPointTaskThreadPoolSize(219)) - Datanode State Machine Task Thread Pool size 2
2021-12-08 16:20:12,627 [Listener at 127.0.0.1/46549] INFO  volume.HddsVolume (HddsVolume.java:<init>(120)) - Creating HddsVolume: /home/runner/work/ozone/ozone/hadoop-ozone/integration-test/target/test-dir/MiniOzoneClusterImpl-102f87ea-2986-4930-8fc4-c674960d3cfd/datanode-1/data-0/containers/hdds of storage type : DISK capacity : 9223372036854775807
2021-12-08 16:20:12,628 [Listener at 127.0.0.1/46549] INFO  volume.MutableVolumeSet (MutableVolumeSet.java:initializeVolumeSet(168)) - Added Volume : /home/runner/work/ozone/ozone/hadoop-ozone/integration-test/target/test-dir/MiniOzoneClusterImpl-102f87ea-2986-4930-8fc4-c674960d3cfd/datanode-1/data-0/containers/hdds to VolumeSet
2021-12-08 16:20:12,628 [Listener at 127.0.0.1/46549] INFO  volume.ThrottledAsyncChecker (ThrottledAsyncChecker.java:schedule(141)) - Scheduling a check for /home/runner/work/ozone/ozone/hadoop-ozone/integration-test/target/test-dir/MiniOzoneClusterImpl-102f87ea-2986-4930-8fc4-c674960d3cfd/datanode-1/data-0/containers/hdds
2021-12-08 16:20:12,643 [Listener at 127.0.0.1/46549] INFO  volume.StorageVolumeChecker (StorageVolumeChecker.java:checkAllVolumes(202)) - Scheduled health check for volume /home/runner/work/ozone/ozone/hadoop-ozone/integration-test/target/test-dir/MiniOzoneClusterImpl-102f87ea-2986-4930-8fc4-c674960d3cfd/datanode-1/data-0/containers/hdds
2021-12-08 16:20:12,665 [Listener at 127.0.0.1/46549] INFO  volume.MutableVolumeSet (MutableVolumeSet.java:initializeVolumeSet(168)) - Added Volume : /home/runner/work/ozone/ozone/hadoop-ozone/integration-test/target/test-dir/MiniOzoneClusterImpl-102f87ea-2986-4930-8fc4-c674960d3cfd/datanode-1/data/ratis to VolumeSet
2021-12-08 16:20:12,666 [Listener at 127.0.0.1/46549] INFO  volume.ThrottledAsyncChecker (ThrottledAsyncChecker.java:schedule(141)) - Scheduling a check for /home/runner/work/ozone/ozone/hadoop-ozone/integration-test/target/test-dir/MiniOzoneClusterImpl-102f87ea-2986-4930-8fc4-c674960d3cfd/datanode-1/data/ratis
2021-12-08 16:20:12,666 [Listener at 127.0.0.1/46549] INFO  volume.StorageVolumeChecker (StorageVolumeChecker.java:checkAllVolumes(202)) - Scheduled health check for volume /home/runner/work/ozone/ozone/hadoop-ozone/integration-test/target/test-dir/MiniOzoneClusterImpl-102f87ea-2986-4930-8fc4-c674960d3cfd/datanode-1/data/ratis
2021-12-08 16:20:12,687 [Thread-889] INFO  ozoneimpl.ContainerReader (ContainerReader.java:readVolume(172)) - Finish verifying containers on volume /home/runner/work/ozone/ozone/hadoop-ozone/integration-test/target/test-dir/MiniOzoneClusterImpl-102f87ea-2986-4930-8fc4-c674960d3cfd/datanode-1/data-0/containers/hdds
2021-12-08 16:20:12,687 [Listener at 127.0.0.1/46549] INFO  ozoneimpl.OzoneContainer (OzoneContainer.java:buildContainerSet(236)) - Build ContainerSet costs 0s
2021-12-08 16:20:12,689 [Listener at 127.0.0.1/46549] INFO  server.RaftServer (ConfUtils.java:logGet(44)) - raft.rpc.type = GRPC (default)
2021-12-08 16:20:12,689 [Listener at 127.0.0.1/46549] INFO  grpc.GrpcFactory (GrpcFactory.java:checkPooledByteBufAllocatorUseCacheForAllThreads(48)) - PERFORMANCE WARNING: useCacheForAllThreads is true that may cause Netty to create a lot garbage objects and, as a result, trigger GC.
	It is recommended to disable useCacheForAllThreads by setting -Dorg.apache.ratis.thirdparty.io.netty.allocator.useCacheForAllThreads=false in command line.
2021-12-08 16:20:12,690 [Listener at 127.0.0.1/46549] INFO  grpc.GrpcConfigKeys (ConfUtils.java:logGet(44)) - raft.grpc.admin.port = 0 (custom)
2021-12-08 16:20:12,690 [Listener at 127.0.0.1/46549] INFO  grpc.GrpcConfigKeys (ConfUtils.java:logGet(44)) - raft.grpc.client.port = 0 (custom)
2021-12-08 16:20:12,690 [Listener at 127.0.0.1/46549] INFO  grpc.GrpcConfigKeys (ConfUtils.java:logGet(44)) - raft.grpc.server.port = 0 (default)
2021-12-08 16:20:12,690 [Listener at 127.0.0.1/46549] INFO  server.GrpcService (ConfUtils.java:logGet(44)) - raft.grpc.message.size.max = 32MB (=33554432) (custom)
2021-12-08 16:20:12,690 [Listener at 127.0.0.1/46549] INFO  server.RaftServerConfigKeys (ConfUtils.java:logGet(44)) - raft.server.log.appender.buffer.byte-limit = 33554432 (custom)
2021-12-08 16:20:12,690 [Listener at 127.0.0.1/46549] INFO  server.GrpcService (ConfUtils.java:logGet(44)) - raft.grpc.flow.control.window = 5MB (=5242880) (custom)
2021-12-08 16:20:12,690 [Listener at 127.0.0.1/46549] INFO  server.RaftServerConfigKeys (ConfUtils.java:logGet(44)) - raft.server.rpc.request.timeout = 60s (custom)
2021-12-08 16:20:12,692 [Listener at 127.0.0.1/46549] INFO  impl.DataStreamServerImpl (ConfUtils.java:logGet(44)) - raft.datastream.type = DISABLED (default)
2021-12-08 16:20:12,692 [Listener at 127.0.0.1/46549] INFO  server.RaftServerConfigKeys (ConfUtils.java:logGet(44)) - raft.server.rpc.slowness.timeout = 300s (custom)
2021-12-08 16:20:12,692 [Listener at 127.0.0.1/46549] INFO  server.RaftServerConfigKeys (ConfUtils.java:logGet(44)) - raft.server.leaderelection.leader.step-down.wait-time = 10s (default)
2021-12-08 16:20:12,692 [Listener at 127.0.0.1/46549] INFO  server.RaftServerConfigKeys (ConfUtils.java:logGet(44)) - raft.server.storage.dir = [/home/runner/work/ozone/ozone/hadoop-ozone/integration-test/target/test-dir/MiniOzoneClusterImpl-102f87ea-2986-4930-8fc4-c674960d3cfd/datanode-1/data/ratis] (custom)
2021-12-08 16:20:12,695 [Listener at 127.0.0.1/46549] INFO  server.XceiverServerGrpc (XceiverServerGrpc.java:<init>(132)) - GrpcServer channel type EpollServerSocketChannel
2021-12-08 16:20:12,698 [Listener at 127.0.0.1/46549] INFO  http.BaseHttpServer (BaseHttpServer.java:newHttpServer2BuilderForOzone(209)) - Starting Web-server for hddsDatanode at: http://0.0.0.0:0
2021-12-08 16:20:12,699 [Listener at 127.0.0.1/46549] INFO  http.BaseHttpServer (BaseHttpServer.java:<init>(107)) - Hadoop Security Enabled: false Ozone Security Enabled: false Ozone HTTP Security Enabled: false 
2021-12-08 16:20:12,699 [Listener at 127.0.0.1/46549] INFO  server.AuthenticationFilter (AuthenticationFilter.java:constructSecretProvider(240)) - Unable to initialize FileSignerSecretProvider, falling back to use random secrets.
2021-12-08 16:20:12,700 [Listener at 127.0.0.1/46549] WARN  http.HttpRequestLog (HttpRequestLog.java:getRequestLog(103)) - Jetty request log can only be enabled using Log4j
2021-12-08 16:20:12,701 [Listener at 127.0.0.1/46549] INFO  http.HttpServer2 (HttpServer2.java:addGlobalFilter(1030)) - Added global filter 'safety' (class=org.apache.hadoop.hdds.server.http.HttpServer2$QuotingInputFilter)
2021-12-08 16:20:12,701 [Listener at 127.0.0.1/46549] INFO  http.HttpServer2 (HttpServer2.java:addFilter(1006)) - Added filter static_user_filter (class=org.apache.hadoop.http.lib.StaticUserWebFilter$StaticUserFilter) to context hddsDatanode
2021-12-08 16:20:12,701 [Listener at 127.0.0.1/46549] INFO  http.HttpServer2 (HttpServer2.java:addFilter(1014)) - Added filter static_user_filter (class=org.apache.hadoop.http.lib.StaticUserWebFilter$StaticUserFilter) to context logs
2021-12-08 16:20:12,701 [Listener at 127.0.0.1/46549] INFO  http.HttpServer2 (HttpServer2.java:addFilter(1014)) - Added filter static_user_filter (class=org.apache.hadoop.http.lib.StaticUserWebFilter$StaticUserFilter) to context static
2021-12-08 16:20:12,702 [Listener at 127.0.0.1/46549] INFO  http.HttpServer2 (HttpServer2.java:bindListener(1249)) - Jetty bound to port 46065
2021-12-08 16:20:12,702 [Listener at 127.0.0.1/46549] INFO  server.Server (Server.java:doStart(375)) - jetty-9.4.43.v20210629; built: 2021-06-30T11:07:22.254Z; git: 526006ecfa3af7f1a27ef3a288e2bef7ea9dd7e8; jvm 1.8.0_292-b10
2021-12-08 16:20:12,744 [Listener at 127.0.0.1/46549] INFO  server.session (DefaultSessionIdManager.java:doStart(334)) - DefaultSessionIdManager workerName=node0
2021-12-08 16:20:12,744 [Listener at 127.0.0.1/46549] INFO  server.session (DefaultSessionIdManager.java:doStart(339)) - No SessionScavenger set, using defaults
2021-12-08 16:20:12,745 [Listener at 127.0.0.1/46549] INFO  server.session (HouseKeeper.java:startScavenging(132)) - node0 Scavenging every 600000ms
2021-12-08 16:20:12,745 [Listener at 127.0.0.1/46549] INFO  handler.ContextHandler (ContextHandler.java:doStart(915)) - Started o.e.j.s.ServletContextHandler@50f771c6{logs,/logs,file:///home/runner/work/ozone/ozone/hadoop-ozone/integration-test/target/log,AVAILABLE}
2021-12-08 16:20:12,746 [Listener at 127.0.0.1/46549] INFO  handler.ContextHandler (ContextHandler.java:doStart(915)) - Started o.e.j.s.ServletContextHandler@6a9cdf61{static,/static,jar:file:/home/runner/.m2/repository/org/apache/ozone/hdds-container-service/1.3.0-SNAPSHOT/hdds-container-service-1.3.0-SNAPSHOT.jar!/webapps/static,AVAILABLE}
2021-12-08 16:20:12,845 [Listener at 127.0.0.1/46549] INFO  handler.ContextHandler (ContextHandler.java:doStart(915)) - Started o.e.j.w.WebAppContext@7c5ccc7c{hddsDatanode,/,file:///tmp/jetty-0_0_0_0-46065-hdds-container-service-1_3_0-SNAPSHOT_jar-_-any-565027955613839104/webapp/,AVAILABLE}{jar:file:/home/runner/.m2/repository/org/apache/ozone/hdds-container-service/1.3.0-SNAPSHOT/hdds-container-service-1.3.0-SNAPSHOT.jar!/webapps/hddsDatanode}
2021-12-08 16:20:12,864 [Listener at 127.0.0.1/46549] INFO  server.AbstractConnector (AbstractConnector.java:doStart(331)) - Started ServerConnector@2126cfaf{HTTP/1.1, (http/1.1)}{0.0.0.0:46065}
2021-12-08 16:20:12,864 [Listener at 127.0.0.1/46549] INFO  server.Server (Server.java:doStart(415)) - Started @125068ms
2021-12-08 16:20:12,864 [Listener at 127.0.0.1/46549] WARN  impl.MetricsSystemImpl (MetricsSystemImpl.java:register(279)) - Sink prometheus already exists!
2021-12-08 16:20:12,875 [Listener at 127.0.0.1/46549] INFO  http.BaseHttpServer (BaseHttpServer.java:updateConnectorAddress(329)) - HTTP server of hddsDatanode listening at http://0.0.0.0:46065
2021-12-08 16:20:12,891 [Datanode State Machine Daemon Thread] INFO  statemachine.DatanodeStateMachine (DatanodeStateMachine.java:lambda$startDaemon$0(467)) - Ozone container server started.
2021-12-08 16:20:12,891 [Listener at 127.0.0.1/46549] INFO  impl.MetricsSystemImpl (MetricsSystemImpl.java:init(158)) - HddsDatanode metrics system started (again)
2021-12-08 16:20:12,922 [org.apache.hadoop.util.JvmPauseMonitor$Monitor@73f5d07b] INFO  util.JvmPauseMonitor (JvmPauseMonitor.java:run(188)) - Starting JVM pause monitor
2021-12-08 16:20:12,947 [Datanode State Machine Task Thread - 0] INFO  datanode.InitDatanodeState (InitDatanodeState.java:persistContainerDatanodeDetails(145)) - DatanodeDetails is persisted to /home/runner/work/ozone/ozone/hadoop-ozone/integration-test/target/test-dir/MiniOzoneClusterImpl-102f87ea-2986-4930-8fc4-c674960d3cfd/datanode-1/meta/datanode.id
2021-12-08 16:20:12,964 [Listener at 127.0.0.1/46549] INFO  ozone.HddsDatanodeService (HddsDatanodeService.java:start(234)) - HddsDatanodeService host:fv-az59-681.csjynl4pkq3e1pkirw3ssqjfoh.cx.internal.cloudapp.net ip:10.1.0.47
2021-12-08 16:20:13,001 [Listener at 127.0.0.1/46549] INFO  upgrade.AbstractLayoutVersionManager (AbstractLayoutVersionManager.java:init(79)) - Initializing Layout version manager with metadata layout = SCM_HA (version = 2), software layout = SCM_HA (version = 2)
2021-12-08 16:20:13,103 [Listener at 127.0.0.1/46549] INFO  reflections.Reflections (Reflections.java:scan(232)) - Reflections took 101 ms to scan 7 urls, producing 119 keys and 279 values 
2021-12-08 16:20:13,104 [Listener at 127.0.0.1/46549] INFO  statemachine.DatanodeStateMachine (DatanodeStateMachine.java:getEndPointTaskThreadPoolSize(219)) - Datanode State Machine Task Thread Pool size 2
2021-12-08 16:20:13,111 [Listener at 127.0.0.1/46549] INFO  volume.HddsVolume (HddsVolume.java:<init>(120)) - Creating HddsVolume: /home/runner/work/ozone/ozone/hadoop-ozone/integration-test/target/test-dir/MiniOzoneClusterImpl-102f87ea-2986-4930-8fc4-c674960d3cfd/datanode-2/data-0/containers/hdds of storage type : DISK capacity : 9223372036854775807
2021-12-08 16:20:13,111 [Listener at 127.0.0.1/46549] INFO  volume.MutableVolumeSet (MutableVolumeSet.java:initializeVolumeSet(168)) - Added Volume : /home/runner/work/ozone/ozone/hadoop-ozone/integration-test/target/test-dir/MiniOzoneClusterImpl-102f87ea-2986-4930-8fc4-c674960d3cfd/datanode-2/data-0/containers/hdds to VolumeSet
2021-12-08 16:20:13,117 [Listener at 127.0.0.1/46549] INFO  volume.ThrottledAsyncChecker (ThrottledAsyncChecker.java:schedule(141)) - Scheduling a check for /home/runner/work/ozone/ozone/hadoop-ozone/integration-test/target/test-dir/MiniOzoneClusterImpl-102f87ea-2986-4930-8fc4-c674960d3cfd/datanode-2/data-0/containers/hdds
2021-12-08 16:20:13,127 [Listener at 127.0.0.1/46549] INFO  volume.StorageVolumeChecker (StorageVolumeChecker.java:checkAllVolumes(202)) - Scheduled health check for volume /home/runner/work/ozone/ozone/hadoop-ozone/integration-test/target/test-dir/MiniOzoneClusterImpl-102f87ea-2986-4930-8fc4-c674960d3cfd/datanode-2/data-0/containers/hdds
2021-12-08 16:20:13,168 [Listener at 127.0.0.1/46549] INFO  volume.MutableVolumeSet (MutableVolumeSet.java:initializeVolumeSet(168)) - Added Volume : /home/runner/work/ozone/ozone/hadoop-ozone/integration-test/target/test-dir/MiniOzoneClusterImpl-102f87ea-2986-4930-8fc4-c674960d3cfd/datanode-2/data/ratis to VolumeSet
2021-12-08 16:20:13,169 [Listener at 127.0.0.1/46549] INFO  volume.ThrottledAsyncChecker (ThrottledAsyncChecker.java:schedule(141)) - Scheduling a check for /home/runner/work/ozone/ozone/hadoop-ozone/integration-test/target/test-dir/MiniOzoneClusterImpl-102f87ea-2986-4930-8fc4-c674960d3cfd/datanode-2/data/ratis
2021-12-08 16:20:13,169 [Listener at 127.0.0.1/46549] INFO  volume.StorageVolumeChecker (StorageVolumeChecker.java:checkAllVolumes(202)) - Scheduled health check for volume /home/runner/work/ozone/ozone/hadoop-ozone/integration-test/target/test-dir/MiniOzoneClusterImpl-102f87ea-2986-4930-8fc4-c674960d3cfd/datanode-2/data/ratis
2021-12-08 16:20:13,227 [Thread-901] INFO  ozoneimpl.ContainerReader (ContainerReader.java:readVolume(172)) - Finish verifying containers on volume /home/runner/work/ozone/ozone/hadoop-ozone/integration-test/target/test-dir/MiniOzoneClusterImpl-102f87ea-2986-4930-8fc4-c674960d3cfd/datanode-2/data-0/containers/hdds
2021-12-08 16:20:13,227 [Listener at 127.0.0.1/46549] INFO  ozoneimpl.OzoneContainer (OzoneContainer.java:buildContainerSet(236)) - Build ContainerSet costs 0s
2021-12-08 16:20:13,229 [Listener at 127.0.0.1/46549] INFO  server.RaftServer (ConfUtils.java:logGet(44)) - raft.rpc.type = GRPC (default)
2021-12-08 16:20:13,229 [Listener at 127.0.0.1/46549] INFO  grpc.GrpcFactory (GrpcFactory.java:checkPooledByteBufAllocatorUseCacheForAllThreads(48)) - PERFORMANCE WARNING: useCacheForAllThreads is true that may cause Netty to create a lot garbage objects and, as a result, trigger GC.
	It is recommended to disable useCacheForAllThreads by setting -Dorg.apache.ratis.thirdparty.io.netty.allocator.useCacheForAllThreads=false in command line.
2021-12-08 16:20:13,229 [Listener at 127.0.0.1/46549] INFO  grpc.GrpcConfigKeys (ConfUtils.java:logGet(44)) - raft.grpc.admin.port = 0 (custom)
2021-12-08 16:20:13,229 [Listener at 127.0.0.1/46549] INFO  grpc.GrpcConfigKeys (ConfUtils.java:logGet(44)) - raft.grpc.client.port = 0 (custom)
2021-12-08 16:20:13,229 [Listener at 127.0.0.1/46549] INFO  grpc.GrpcConfigKeys (ConfUtils.java:logGet(44)) - raft.grpc.server.port = 0 (default)
2021-12-08 16:20:13,230 [Listener at 127.0.0.1/46549] INFO  server.GrpcService (ConfUtils.java:logGet(44)) - raft.grpc.message.size.max = 32MB (=33554432) (custom)
2021-12-08 16:20:13,230 [Listener at 127.0.0.1/46549] INFO  server.RaftServerConfigKeys (ConfUtils.java:logGet(44)) - raft.server.log.appender.buffer.byte-limit = 33554432 (custom)
2021-12-08 16:20:13,230 [Listener at 127.0.0.1/46549] INFO  server.GrpcService (ConfUtils.java:logGet(44)) - raft.grpc.flow.control.window = 5MB (=5242880) (custom)
2021-12-08 16:20:13,230 [Listener at 127.0.0.1/46549] INFO  server.RaftServerConfigKeys (ConfUtils.java:logGet(44)) - raft.server.rpc.request.timeout = 60s (custom)
2021-12-08 16:20:13,231 [Listener at 127.0.0.1/46549] INFO  impl.DataStreamServerImpl (ConfUtils.java:logGet(44)) - raft.datastream.type = DISABLED (default)
2021-12-08 16:20:13,231 [Listener at 127.0.0.1/46549] INFO  server.RaftServerConfigKeys (ConfUtils.java:logGet(44)) - raft.server.rpc.slowness.timeout = 300s (custom)
2021-12-08 16:20:13,231 [Listener at 127.0.0.1/46549] INFO  server.RaftServerConfigKeys (ConfUtils.java:logGet(44)) - raft.server.leaderelection.leader.step-down.wait-time = 10s (default)
2021-12-08 16:20:13,231 [Listener at 127.0.0.1/46549] INFO  server.RaftServerConfigKeys (ConfUtils.java:logGet(44)) - raft.server.storage.dir = [/home/runner/work/ozone/ozone/hadoop-ozone/integration-test/target/test-dir/MiniOzoneClusterImpl-102f87ea-2986-4930-8fc4-c674960d3cfd/datanode-2/data/ratis] (custom)
2021-12-08 16:20:13,232 [Listener at 127.0.0.1/46549] INFO  server.XceiverServerGrpc (XceiverServerGrpc.java:<init>(132)) - GrpcServer channel type EpollServerSocketChannel
2021-12-08 16:20:13,240 [Listener at 127.0.0.1/46549] INFO  http.BaseHttpServer (BaseHttpServer.java:newHttpServer2BuilderForOzone(209)) - Starting Web-server for hddsDatanode at: http://0.0.0.0:0
2021-12-08 16:20:13,240 [Listener at 127.0.0.1/46549] INFO  http.BaseHttpServer (BaseHttpServer.java:<init>(107)) - Hadoop Security Enabled: false Ozone Security Enabled: false Ozone HTTP Security Enabled: false 
2021-12-08 16:20:13,241 [Listener at 127.0.0.1/46549] INFO  server.AuthenticationFilter (AuthenticationFilter.java:constructSecretProvider(240)) - Unable to initialize FileSignerSecretProvider, falling back to use random secrets.
2021-12-08 16:20:13,243 [Listener at 127.0.0.1/46549] WARN  http.HttpRequestLog (HttpRequestLog.java:getRequestLog(103)) - Jetty request log can only be enabled using Log4j
2021-12-08 16:20:13,244 [Listener at 127.0.0.1/46549] INFO  http.HttpServer2 (HttpServer2.java:addGlobalFilter(1030)) - Added global filter 'safety' (class=org.apache.hadoop.hdds.server.http.HttpServer2$QuotingInputFilter)
2021-12-08 16:20:13,244 [Listener at 127.0.0.1/46549] INFO  http.HttpServer2 (HttpServer2.java:addFilter(1006)) - Added filter static_user_filter (class=org.apache.hadoop.http.lib.StaticUserWebFilter$StaticUserFilter) to context hddsDatanode
2021-12-08 16:20:13,245 [Listener at 127.0.0.1/46549] INFO  http.HttpServer2 (HttpServer2.java:addFilter(1014)) - Added filter static_user_filter (class=org.apache.hadoop.http.lib.StaticUserWebFilter$StaticUserFilter) to context logs
2021-12-08 16:20:13,245 [Listener at 127.0.0.1/46549] INFO  http.HttpServer2 (HttpServer2.java:addFilter(1014)) - Added filter static_user_filter (class=org.apache.hadoop.http.lib.StaticUserWebFilter$StaticUserFilter) to context static
2021-12-08 16:20:13,245 [Listener at 127.0.0.1/46549] INFO  http.HttpServer2 (HttpServer2.java:bindListener(1249)) - Jetty bound to port 36401
2021-12-08 16:20:13,245 [Listener at 127.0.0.1/46549] INFO  server.Server (Server.java:doStart(375)) - jetty-9.4.43.v20210629; built: 2021-06-30T11:07:22.254Z; git: 526006ecfa3af7f1a27ef3a288e2bef7ea9dd7e8; jvm 1.8.0_292-b10
2021-12-08 16:20:13,293 [Listener at 127.0.0.1/46549] INFO  server.session (DefaultSessionIdManager.java:doStart(334)) - DefaultSessionIdManager workerName=node0
2021-12-08 16:20:13,294 [Listener at 127.0.0.1/46549] INFO  server.session (DefaultSessionIdManager.java:doStart(339)) - No SessionScavenger set, using defaults
2021-12-08 16:20:13,294 [Listener at 127.0.0.1/46549] INFO  server.session (HouseKeeper.java:startScavenging(132)) - node0 Scavenging every 660000ms
2021-12-08 16:20:13,295 [Listener at 127.0.0.1/46549] INFO  handler.ContextHandler (ContextHandler.java:doStart(915)) - Started o.e.j.s.ServletContextHandler@346079da{logs,/logs,file:///home/runner/work/ozone/ozone/hadoop-ozone/integration-test/target/log,AVAILABLE}
2021-12-08 16:20:13,295 [Listener at 127.0.0.1/46549] INFO  handler.ContextHandler (ContextHandler.java:doStart(915)) - Started o.e.j.s.ServletContextHandler@44d92f46{static,/static,jar:file:/home/runner/.m2/repository/org/apache/ozone/hdds-container-service/1.3.0-SNAPSHOT/hdds-container-service-1.3.0-SNAPSHOT.jar!/webapps/static,AVAILABLE}
2021-12-08 16:20:13,403 [Listener at 127.0.0.1/46549] INFO  handler.ContextHandler (ContextHandler.java:doStart(915)) - Started o.e.j.w.WebAppContext@1d5ba943{hddsDatanode,/,file:///tmp/jetty-0_0_0_0-36401-hdds-container-service-1_3_0-SNAPSHOT_jar-_-any-5004204652582720214/webapp/,AVAILABLE}{jar:file:/home/runner/.m2/repository/org/apache/ozone/hdds-container-service/1.3.0-SNAPSHOT/hdds-container-service-1.3.0-SNAPSHOT.jar!/webapps/hddsDatanode}
2021-12-08 16:20:13,419 [Listener at 127.0.0.1/46549] INFO  server.AbstractConnector (AbstractConnector.java:doStart(331)) - Started ServerConnector@128d0580{HTTP/1.1, (http/1.1)}{0.0.0.0:36401}
2021-12-08 16:20:13,419 [Listener at 127.0.0.1/46549] INFO  server.Server (Server.java:doStart(415)) - Started @125624ms
2021-12-08 16:20:13,420 [Listener at 127.0.0.1/46549] WARN  impl.MetricsSystemImpl (MetricsSystemImpl.java:register(279)) - Sink prometheus already exists!
2021-12-08 16:20:13,421 [Listener at 127.0.0.1/46549] INFO  http.BaseHttpServer (BaseHttpServer.java:updateConnectorAddress(329)) - HTTP server of hddsDatanode listening at http://0.0.0.0:36401
2021-12-08 16:20:13,426 [Listener at 127.0.0.1/46549] INFO  ozone.MiniOzoneClusterImpl (MiniOzoneClusterImpl.java:lambda$waitForClusterToBeReady$0(235)) - Waiting for nodes to be ready. Got 0 of 3 DN Heartbeats.
2021-12-08 16:20:13,426 [Listener at 127.0.0.1/46549] INFO  ozone.MiniOzoneClusterImpl (MiniOzoneClusterImpl.java:lambda$waitForClusterToBeReady$0(238)) - Waiting for cluster to exit safe mode
2021-12-08 16:20:13,426 [Listener at 127.0.0.1/46549] INFO  ozone.MiniOzoneClusterImpl (MiniOzoneClusterImpl.java:lambda$waitForClusterToBeReady$0(240)) - SCM became leader
2021-12-08 16:20:13,431 [Datanode State Machine Daemon Thread] INFO  statemachine.DatanodeStateMachine (DatanodeStateMachine.java:lambda$startDaemon$0(467)) - Ozone container server started.
2021-12-08 16:20:13,451 [org.apache.hadoop.util.JvmPauseMonitor$Monitor@43628240] INFO  util.JvmPauseMonitor (JvmPauseMonitor.java:run(188)) - Starting JVM pause monitor
2021-12-08 16:20:13,461 [Datanode State Machine Task Thread - 0] INFO  datanode.InitDatanodeState (InitDatanodeState.java:persistContainerDatanodeDetails(145)) - DatanodeDetails is persisted to /home/runner/work/ozone/ozone/hadoop-ozone/integration-test/target/test-dir/MiniOzoneClusterImpl-102f87ea-2986-4930-8fc4-c674960d3cfd/datanode-2/meta/datanode.id
2021-12-08 16:20:14,426 [Listener at 127.0.0.1/46549] INFO  ozone.MiniOzoneClusterImpl (MiniOzoneClusterImpl.java:lambda$waitForClusterToBeReady$0(235)) - Waiting for nodes to be ready. Got 0 of 3 DN Heartbeats.
2021-12-08 16:20:14,427 [Listener at 127.0.0.1/46549] INFO  ozone.MiniOzoneClusterImpl (MiniOzoneClusterImpl.java:lambda$waitForClusterToBeReady$0(238)) - Waiting for cluster to exit safe mode
2021-12-08 16:20:14,427 [Listener at 127.0.0.1/46549] INFO  ozone.MiniOzoneClusterImpl (MiniOzoneClusterImpl.java:lambda$waitForClusterToBeReady$0(240)) - SCM became leader
2021-12-08 16:20:14,584 [EndpointStateMachine task thread for /0.0.0.0:38675 - 0 ] INFO  ozoneimpl.OzoneContainer (OzoneContainer.java:start(304)) - Attempting to start container services.
2021-12-08 16:20:14,584 [EndpointStateMachine task thread for /0.0.0.0:38675 - 0 ] INFO  ozoneimpl.OzoneContainer (OzoneContainer.java:startContainerScrub(249)) - Background container scanner has been disabled.
2021-12-08 16:20:14,591 [EndpointStateMachine task thread for /0.0.0.0:38675 - 0 ] INFO  replication.ReplicationServer (ReplicationServer.java:start(107)) - ReplicationServer is started using port 43379
2021-12-08 16:20:14,593 [EndpointStateMachine task thread for /0.0.0.0:38675 - 0 ] INFO  ratis.XceiverServerRatis (XceiverServerRatis.java:start(484)) - Starting XceiverServerRatis 27d2eb57-a972-4dc6-9799-c8417eae57ce
2021-12-08 16:20:14,599 [EndpointStateMachine task thread for /0.0.0.0:38675 - 0 ] INFO  server.RaftServer (RaftServerProxy.java:lambda$start$5(374)) - 27d2eb57-a972-4dc6-9799-c8417eae57ce: start RPC server
2021-12-08 16:20:14,616 [EndpointStateMachine task thread for /0.0.0.0:38675 - 0 ] INFO  server.GrpcService (GrpcService.java:startImpl(253)) - 27d2eb57-a972-4dc6-9799-c8417eae57ce: GrpcService started, listening on 39277
2021-12-08 16:20:14,617 [EndpointStateMachine task thread for /0.0.0.0:38675 - 0 ] INFO  ratis.XceiverServerRatis (XceiverServerRatis.java:getRealPort(505)) - XceiverServerRatis 27d2eb57-a972-4dc6-9799-c8417eae57ce is started using port 39277 for RATIS
2021-12-08 16:20:14,617 [EndpointStateMachine task thread for /0.0.0.0:38675 - 0 ] INFO  ratis.XceiverServerRatis (XceiverServerRatis.java:getRealPort(505)) - XceiverServerRatis 27d2eb57-a972-4dc6-9799-c8417eae57ce is started using port 39277 for RATIS_ADMIN
2021-12-08 16:20:14,617 [EndpointStateMachine task thread for /0.0.0.0:38675 - 0 ] INFO  ratis.XceiverServerRatis (XceiverServerRatis.java:getRealPort(505)) - XceiverServerRatis 27d2eb57-a972-4dc6-9799-c8417eae57ce is started using port 39277 for RATIS_SERVER
2021-12-08 16:20:14,620 [org.apache.ratis.util.JvmPauseMonitor$$Lambda$523/2003369902@72d8272f] INFO  util.JvmPauseMonitor (JvmPauseMonitor.java:run(103)) - JvmPauseMonitor-27d2eb57-a972-4dc6-9799-c8417eae57ce: Started
2021-12-08 16:20:14,620 [EndpointStateMachine task thread for /0.0.0.0:38675 - 0 ] INFO  server.XceiverServerGrpc (XceiverServerGrpc.java:start(180)) - XceiverServerGrpc 27d2eb57-a972-4dc6-9799-c8417eae57ce is started using port 44327
2021-12-08 16:20:14,946 [EndpointStateMachine task thread for /0.0.0.0:38675 - 0 ] INFO  ozoneimpl.OzoneContainer (OzoneContainer.java:start(304)) - Attempting to start container services.
2021-12-08 16:20:14,947 [EndpointStateMachine task thread for /0.0.0.0:38675 - 0 ] INFO  ozoneimpl.OzoneContainer (OzoneContainer.java:startContainerScrub(249)) - Background container scanner has been disabled.
2021-12-08 16:20:14,947 [EndpointStateMachine task thread for /0.0.0.0:38675 - 0 ] INFO  replication.ReplicationServer (ReplicationServer.java:start(107)) - ReplicationServer is started using port 43413
2021-12-08 16:20:14,955 [EndpointStateMachine task thread for /0.0.0.0:38675 - 0 ] INFO  ratis.XceiverServerRatis (XceiverServerRatis.java:start(484)) - Starting XceiverServerRatis 6b9f135a-20fd-4e81-a28d-527c97df21c1
2021-12-08 16:20:14,959 [EndpointStateMachine task thread for /0.0.0.0:38675 - 0 ] INFO  server.RaftServer (RaftServerProxy.java:lambda$start$5(374)) - 6b9f135a-20fd-4e81-a28d-527c97df21c1: start RPC server
2021-12-08 16:20:14,964 [EndpointStateMachine task thread for /0.0.0.0:38675 - 0 ] INFO  server.GrpcService (GrpcService.java:startImpl(253)) - 6b9f135a-20fd-4e81-a28d-527c97df21c1: GrpcService started, listening on 43913
2021-12-08 16:20:14,967 [EndpointStateMachine task thread for /0.0.0.0:38675 - 0 ] INFO  ratis.XceiverServerRatis (XceiverServerRatis.java:getRealPort(505)) - XceiverServerRatis 6b9f135a-20fd-4e81-a28d-527c97df21c1 is started using port 43913 for RATIS
2021-12-08 16:20:14,967 [EndpointStateMachine task thread for /0.0.0.0:38675 - 0 ] INFO  ratis.XceiverServerRatis (XceiverServerRatis.java:getRealPort(505)) - XceiverServerRatis 6b9f135a-20fd-4e81-a28d-527c97df21c1 is started using port 43913 for RATIS_ADMIN
2021-12-08 16:20:14,967 [EndpointStateMachine task thread for /0.0.0.0:38675 - 0 ] INFO  ratis.XceiverServerRatis (XceiverServerRatis.java:getRealPort(505)) - XceiverServerRatis 6b9f135a-20fd-4e81-a28d-527c97df21c1 is started using port 43913 for RATIS_SERVER
2021-12-08 16:20:14,971 [org.apache.ratis.util.JvmPauseMonitor$$Lambda$523/2003369902@2910a3d] INFO  util.JvmPauseMonitor (JvmPauseMonitor.java:run(103)) - JvmPauseMonitor-6b9f135a-20fd-4e81-a28d-527c97df21c1: Started
2021-12-08 16:20:14,983 [EndpointStateMachine task thread for /0.0.0.0:38675 - 0 ] INFO  server.XceiverServerGrpc (XceiverServerGrpc.java:start(180)) - XceiverServerGrpc 6b9f135a-20fd-4e81-a28d-527c97df21c1 is started using port 37319
2021-12-08 16:20:15,431 [Listener at 127.0.0.1/46549] INFO  ozone.MiniOzoneClusterImpl (MiniOzoneClusterImpl.java:lambda$waitForClusterToBeReady$0(235)) - Waiting for nodes to be ready. Got 0 of 3 DN Heartbeats.
2021-12-08 16:20:15,431 [Listener at 127.0.0.1/46549] INFO  ozone.MiniOzoneClusterImpl (MiniOzoneClusterImpl.java:lambda$waitForClusterToBeReady$0(238)) - Waiting for cluster to exit safe mode
2021-12-08 16:20:15,431 [Listener at 127.0.0.1/46549] INFO  ozone.MiniOzoneClusterImpl (MiniOzoneClusterImpl.java:lambda$waitForClusterToBeReady$0(240)) - SCM became leader
2021-12-08 16:20:15,462 [EndpointStateMachine task thread for /0.0.0.0:38675 - 0 ] INFO  ozoneimpl.OzoneContainer (OzoneContainer.java:start(304)) - Attempting to start container services.
2021-12-08 16:20:15,463 [EndpointStateMachine task thread for /0.0.0.0:38675 - 0 ] INFO  ozoneimpl.OzoneContainer (OzoneContainer.java:startContainerScrub(249)) - Background container scanner has been disabled.
2021-12-08 16:20:15,467 [EndpointStateMachine task thread for /0.0.0.0:38675 - 0 ] INFO  replication.ReplicationServer (ReplicationServer.java:start(107)) - ReplicationServer is started using port 39143
2021-12-08 16:20:15,468 [EndpointStateMachine task thread for /0.0.0.0:38675 - 0 ] INFO  ratis.XceiverServerRatis (XceiverServerRatis.java:start(484)) - Starting XceiverServerRatis 244676ad-e546-497d-9019-d858b1c3095a
2021-12-08 16:20:15,471 [EndpointStateMachine task thread for /0.0.0.0:38675 - 0 ] INFO  server.RaftServer (RaftServerProxy.java:lambda$start$5(374)) - 244676ad-e546-497d-9019-d858b1c3095a: start RPC server
2021-12-08 16:20:15,475 [EndpointStateMachine task thread for /0.0.0.0:38675 - 0 ] INFO  server.GrpcService (GrpcService.java:startImpl(253)) - 244676ad-e546-497d-9019-d858b1c3095a: GrpcService started, listening on 46005
2021-12-08 16:20:15,491 [EndpointStateMachine task thread for /0.0.0.0:38675 - 0 ] INFO  ratis.XceiverServerRatis (XceiverServerRatis.java:getRealPort(505)) - XceiverServerRatis 244676ad-e546-497d-9019-d858b1c3095a is started using port 46005 for RATIS
2021-12-08 16:20:15,491 [EndpointStateMachine task thread for /0.0.0.0:38675 - 0 ] INFO  ratis.XceiverServerRatis (XceiverServerRatis.java:getRealPort(505)) - XceiverServerRatis 244676ad-e546-497d-9019-d858b1c3095a is started using port 46005 for RATIS_ADMIN
2021-12-08 16:20:15,491 [EndpointStateMachine task thread for /0.0.0.0:38675 - 0 ] INFO  ratis.XceiverServerRatis (XceiverServerRatis.java:getRealPort(505)) - XceiverServerRatis 244676ad-e546-497d-9019-d858b1c3095a is started using port 46005 for RATIS_SERVER
2021-12-08 16:20:15,491 [org.apache.ratis.util.JvmPauseMonitor$$Lambda$523/2003369902@1854dba8] INFO  util.JvmPauseMonitor (JvmPauseMonitor.java:run(103)) - JvmPauseMonitor-244676ad-e546-497d-9019-d858b1c3095a: Started
2021-12-08 16:20:15,499 [EndpointStateMachine task thread for /0.0.0.0:38675 - 0 ] INFO  server.XceiverServerGrpc (XceiverServerGrpc.java:start(180)) - XceiverServerGrpc 244676ad-e546-497d-9019-d858b1c3095a is started using port 43905
2021-12-08 16:20:16,431 [Listener at 127.0.0.1/46549] INFO  ozone.MiniOzoneClusterImpl (MiniOzoneClusterImpl.java:lambda$waitForClusterToBeReady$0(235)) - Waiting for nodes to be ready. Got 0 of 3 DN Heartbeats.
2021-12-08 16:20:16,431 [Listener at 127.0.0.1/46549] INFO  ozone.MiniOzoneClusterImpl (MiniOzoneClusterImpl.java:lambda$waitForClusterToBeReady$0(238)) - Waiting for cluster to exit safe mode
2021-12-08 16:20:16,431 [Listener at 127.0.0.1/46549] INFO  ozone.MiniOzoneClusterImpl (MiniOzoneClusterImpl.java:lambda$waitForClusterToBeReady$0(240)) - SCM became leader
2021-12-08 16:20:16,554 [IPC Server handler 1 on default port 38675] INFO  net.NetworkTopologyImpl (NetworkTopologyImpl.java:add(112)) - Added a new node: /default-rack/27d2eb57-a972-4dc6-9799-c8417eae57ce
2021-12-08 16:20:16,554 [IPC Server handler 1 on default port 38675] INFO  node.SCMNodeManager (SCMNodeManager.java:register(389)) - Registered Data node : 27d2eb57-a972-4dc6-9799-c8417eae57ce{ip: 10.1.0.47, host: fv-az59-681.csjynl4pkq3e1pkirw3ssqjfoh.cx.internal.cloudapp.net, ports: [REPLICATION=43379, RATIS=39277, RATIS_ADMIN=39277, RATIS_SERVER=39277, STANDALONE=44327], networkLocation: /default-rack, certSerialId: null, persistedOpState: null, persistedOpStateExpiryEpochSec: 0}
2021-12-08 16:20:16,559 [EventQueue-NodeRegistrationContainerReportForDataNodeSafeModeRule] INFO  safemode.SCMSafeModeManager (DataNodeSafeModeRule.java:process(71)) - SCM in safe mode. 1 DataNodes registered, 3 required.
2021-12-08 16:20:16,559 [EventQueue-NodeRegistrationContainerReportForContainerSafeModeRule] INFO  safemode.SCMSafeModeManager (SCMSafeModeManager.java:validateSafeModeExitRules(204)) - ContainerSafeModeRule rule is successfully validated
2021-12-08 16:20:16,569 [EventQueue-NewNodeForNewNodeHandler] INFO  pipeline.BackgroundPipelineCreator (BackgroundPipelineCreator.java:notifyEventTriggered(285)) - trigger a one-shot run on RatisPipelineUtilsThread.
2021-12-08 16:20:16,569 [RatisPipelineUtilsThread - 0] INFO  pipeline.RatisPipelineProvider (RatisPipelineProvider.java:lambda$create$0(183)) - Sending CreatePipelineCommand for pipeline:PipelineID=9cac0573-f97c-44f8-b53f-a4af1f8b0387 to datanode:27d2eb57-a972-4dc6-9799-c8417eae57ce
2021-12-08 16:20:16,570 [RatisPipelineUtilsThread - 0] INFO  pipeline.PipelineStateManagerImpl (PipelineStateManagerImpl.java:addPipeline(101)) - Created pipeline Pipeline[ Id: 9cac0573-f97c-44f8-b53f-a4af1f8b0387, Nodes: 27d2eb57-a972-4dc6-9799-c8417eae57ce{ip: 10.1.0.47, host: fv-az59-681.csjynl4pkq3e1pkirw3ssqjfoh.cx.internal.cloudapp.net, ports: [REPLICATION=43379, RATIS=39277, RATIS_ADMIN=39277, RATIS_SERVER=39277, STANDALONE=44327], networkLocation: /default-rack, certSerialId: null, persistedOpState: IN_SERVICE, persistedOpStateExpiryEpochSec: 0}, ReplicationConfig: RATIS/ONE, State:ALLOCATED, leaderId:, CreationTimestamp2021-12-08T16:20:16.569Z[Etc/UTC]].
2021-12-08 16:20:16,598 [EventQueue-PipelineReportForOneReplicaPipelineSafeModeRule] INFO  safemode.SCMSafeModeManager (SCMSafeModeManager.java:validateSafeModeExitRules(204)) - AtleastOneDatanodeReportedRule rule is successfully validated
2021-12-08 16:20:16,924 [IPC Server handler 3 on default port 38675] INFO  net.NetworkTopologyImpl (NetworkTopologyImpl.java:add(112)) - Added a new node: /default-rack/6b9f135a-20fd-4e81-a28d-527c97df21c1
2021-12-08 16:20:16,926 [IPC Server handler 3 on default port 38675] INFO  node.SCMNodeManager (SCMNodeManager.java:register(389)) - Registered Data node : 6b9f135a-20fd-4e81-a28d-527c97df21c1{ip: 10.1.0.47, host: fv-az59-681.csjynl4pkq3e1pkirw3ssqjfoh.cx.internal.cloudapp.net, ports: [REPLICATION=43413, RATIS=43913, RATIS_ADMIN=43913, RATIS_SERVER=43913, STANDALONE=37319], networkLocation: /default-rack, certSerialId: null, persistedOpState: null, persistedOpStateExpiryEpochSec: 0}
2021-12-08 16:20:16,926 [EventQueue-NewNodeForNewNodeHandler] INFO  pipeline.BackgroundPipelineCreator (BackgroundPipelineCreator.java:notifyEventTriggered(285)) - trigger a one-shot run on RatisPipelineUtilsThread.
2021-12-08 16:20:16,927 [EventQueue-NodeRegistrationContainerReportForDataNodeSafeModeRule] INFO  safemode.SCMSafeModeManager (DataNodeSafeModeRule.java:process(71)) - SCM in safe mode. 2 DataNodes registered, 3 required.
2021-12-08 16:20:16,937 [RatisPipelineUtilsThread - 0] INFO  pipeline.RatisPipelineProvider (RatisPipelineProvider.java:lambda$create$0(183)) - Sending CreatePipelineCommand for pipeline:PipelineID=0e198a50-c5ae-48ed-94b3-b0c380767fbc to datanode:6b9f135a-20fd-4e81-a28d-527c97df21c1
2021-12-08 16:20:16,938 [RatisPipelineUtilsThread - 0] INFO  pipeline.PipelineStateManagerImpl (PipelineStateManagerImpl.java:addPipeline(101)) - Created pipeline Pipeline[ Id: 0e198a50-c5ae-48ed-94b3-b0c380767fbc, Nodes: 6b9f135a-20fd-4e81-a28d-527c97df21c1{ip: 10.1.0.47, host: fv-az59-681.csjynl4pkq3e1pkirw3ssqjfoh.cx.internal.cloudapp.net, ports: [REPLICATION=43413, RATIS=43913, RATIS_ADMIN=43913, RATIS_SERVER=43913, STANDALONE=37319], networkLocation: /default-rack, certSerialId: null, persistedOpState: IN_SERVICE, persistedOpStateExpiryEpochSec: 0}, ReplicationConfig: RATIS/ONE, State:ALLOCATED, leaderId:, CreationTimestamp2021-12-08T16:20:16.937Z[Etc/UTC]].
2021-12-08 16:20:17,435 [Listener at 127.0.0.1/46549] INFO  ozone.MiniOzoneClusterImpl (MiniOzoneClusterImpl.java:lambda$waitForClusterToBeReady$0(235)) - Waiting for nodes to be ready. Got 2 of 3 DN Heartbeats.
2021-12-08 16:20:17,435 [Listener at 127.0.0.1/46549] INFO  ozone.MiniOzoneClusterImpl (MiniOzoneClusterImpl.java:lambda$waitForClusterToBeReady$0(238)) - Waiting for cluster to exit safe mode
2021-12-08 16:20:17,435 [Listener at 127.0.0.1/46549] INFO  ozone.MiniOzoneClusterImpl (MiniOzoneClusterImpl.java:lambda$waitForClusterToBeReady$0(240)) - SCM became leader
2021-12-08 16:20:17,452 [IPC Server handler 0 on default port 38675] INFO  net.NetworkTopologyImpl (NetworkTopologyImpl.java:add(112)) - Added a new node: /default-rack/244676ad-e546-497d-9019-d858b1c3095a
2021-12-08 16:20:17,457 [IPC Server handler 0 on default port 38675] INFO  node.SCMNodeManager (SCMNodeManager.java:register(389)) - Registered Data node : 244676ad-e546-497d-9019-d858b1c3095a{ip: 10.1.0.47, host: fv-az59-681.csjynl4pkq3e1pkirw3ssqjfoh.cx.internal.cloudapp.net, ports: [REPLICATION=39143, RATIS=46005, RATIS_ADMIN=46005, RATIS_SERVER=46005, STANDALONE=43905], networkLocation: /default-rack, certSerialId: null, persistedOpState: null, persistedOpStateExpiryEpochSec: 0}
2021-12-08 16:20:17,459 [EventQueue-NewNodeForNewNodeHandler] INFO  pipeline.BackgroundPipelineCreator (BackgroundPipelineCreator.java:notifyEventTriggered(285)) - trigger a one-shot run on RatisPipelineUtilsThread.
2021-12-08 16:20:17,463 [EventQueue-NodeRegistrationContainerReportForDataNodeSafeModeRule] INFO  safemode.SCMSafeModeManager (DataNodeSafeModeRule.java:process(71)) - SCM in safe mode. 3 DataNodes registered, 3 required.
2021-12-08 16:20:17,464 [EventQueue-NodeRegistrationContainerReportForDataNodeSafeModeRule] INFO  safemode.SCMSafeModeManager (SCMSafeModeManager.java:validateSafeModeExitRules(204)) - DataNodeSafeModeRule rule is successfully validated
2021-12-08 16:20:17,464 [EventQueue-NodeRegistrationContainerReportForDataNodeSafeModeRule] INFO  safemode.SCMSafeModeManager (SCMSafeModeManager.java:completePreCheck(233)) - All SCM safe mode pre check rules have passed
2021-12-08 16:20:17,464 [EventQueue-NodeRegistrationContainerReportForDataNodeSafeModeRule] WARN  events.EventQueue (EventQueue.java:fireEvent(194)) - No event handler registered for event TypedEvent{payloadType=SafeModeStatus, name='Safe mode status'}
2021-12-08 16:20:17,464 [EventQueue-NodeRegistrationContainerReportForDataNodeSafeModeRule] INFO  ha.SCMContext (SCMContext.java:updateSafeModeStatus(211)) - Update SafeModeStatus from SafeModeStatus{safeModeStatus=true, preCheckPassed=false} to SafeModeStatus{safeModeStatus=true, preCheckPassed=true}.
2021-12-08 16:20:17,464 [EventQueue-NodeRegistrationContainerReportForDataNodeSafeModeRule] INFO  pipeline.BackgroundPipelineCreator (BackgroundPipelineCreator.java:notifyEventTriggered(285)) - trigger a one-shot run on RatisPipelineUtilsThread.
2021-12-08 16:20:17,464 [RatisPipelineUtilsThread - 0] INFO  pipeline.RatisPipelineProvider (RatisPipelineProvider.java:lambda$create$0(183)) - Sending CreatePipelineCommand for pipeline:PipelineID=271c7cb6-d7fb-4524-8f5c-699eed74c1b8 to datanode:244676ad-e546-497d-9019-d858b1c3095a
2021-12-08 16:20:17,465 [RatisPipelineUtilsThread - 0] INFO  pipeline.PipelineStateManagerImpl (PipelineStateManagerImpl.java:addPipeline(101)) - Created pipeline Pipeline[ Id: 271c7cb6-d7fb-4524-8f5c-699eed74c1b8, Nodes: 244676ad-e546-497d-9019-d858b1c3095a{ip: 10.1.0.47, host: fv-az59-681.csjynl4pkq3e1pkirw3ssqjfoh.cx.internal.cloudapp.net, ports: [REPLICATION=39143, RATIS=46005, RATIS_ADMIN=46005, RATIS_SERVER=46005, STANDALONE=43905], networkLocation: /default-rack, certSerialId: null, persistedOpState: IN_SERVICE, persistedOpStateExpiryEpochSec: 0}, ReplicationConfig: RATIS/ONE, State:ALLOCATED, leaderId:, CreationTimestamp2021-12-08T16:20:17.464Z[Etc/UTC]].
2021-12-08 16:20:17,465 [RatisPipelineUtilsThread - 0] INFO  pipeline.RatisPipelineProvider (RatisPipelineProvider.java:lambda$create$0(183)) - Sending CreatePipelineCommand for pipeline:PipelineID=b5b43d9d-e47a-43c8-9c70-b8a05e5ef970 to datanode:6b9f135a-20fd-4e81-a28d-527c97df21c1
2021-12-08 16:20:17,465 [RatisPipelineUtilsThread - 0] INFO  pipeline.RatisPipelineProvider (RatisPipelineProvider.java:lambda$create$0(183)) - Sending CreatePipelineCommand for pipeline:PipelineID=b5b43d9d-e47a-43c8-9c70-b8a05e5ef970 to datanode:27d2eb57-a972-4dc6-9799-c8417eae57ce
2021-12-08 16:20:17,465 [RatisPipelineUtilsThread - 0] INFO  pipeline.RatisPipelineProvider (RatisPipelineProvider.java:lambda$create$0(183)) - Sending CreatePipelineCommand for pipeline:PipelineID=b5b43d9d-e47a-43c8-9c70-b8a05e5ef970 to datanode:244676ad-e546-497d-9019-d858b1c3095a
2021-12-08 16:20:17,465 [RatisPipelineUtilsThread - 0] INFO  pipeline.PipelineStateManagerImpl (PipelineStateManagerImpl.java:addPipeline(101)) - Created pipeline Pipeline[ Id: b5b43d9d-e47a-43c8-9c70-b8a05e5ef970, Nodes: 6b9f135a-20fd-4e81-a28d-527c97df21c1{ip: 10.1.0.47, host: fv-az59-681.csjynl4pkq3e1pkirw3ssqjfoh.cx.internal.cloudapp.net, ports: [REPLICATION=43413, RATIS=43913, RATIS_ADMIN=43913, RATIS_SERVER=43913, STANDALONE=37319], networkLocation: /default-rack, certSerialId: null, persistedOpState: IN_SERVICE, persistedOpStateExpiryEpochSec: 0}27d2eb57-a972-4dc6-9799-c8417eae57ce{ip: 10.1.0.47, host: fv-az59-681.csjynl4pkq3e1pkirw3ssqjfoh.cx.internal.cloudapp.net, ports: [REPLICATION=43379, RATIS=39277, RATIS_ADMIN=39277, RATIS_SERVER=39277, STANDALONE=44327], networkLocation: /default-rack, certSerialId: null, persistedOpState: IN_SERVICE, persistedOpStateExpiryEpochSec: 0}244676ad-e546-497d-9019-d858b1c3095a{ip: 10.1.0.47, host: fv-az59-681.csjynl4pkq3e1pkirw3ssqjfoh.cx.internal.cloudapp.net, ports: [REPLICATION=39143, RATIS=46005, RATIS_ADMIN=46005, RATIS_SERVER=46005, STANDALONE=43905], networkLocation: /default-rack, certSerialId: null, persistedOpState: IN_SERVICE, persistedOpStateExpiryEpochSec: 0}, ReplicationConfig: RATIS/THREE, State:ALLOCATED, leaderId:, CreationTimestamp2021-12-08T16:20:17.465Z[Etc/UTC]].
2021-12-08 16:20:17,466 [RatisPipelineUtilsThread - 0] INFO  pipeline.RatisPipelineProvider (RatisPipelineProvider.java:lambda$create$0(183)) - Sending CreatePipelineCommand for pipeline:PipelineID=b5c2bffc-37f8-4a21-beff-e178d35dbc74 to datanode:244676ad-e546-497d-9019-d858b1c3095a
2021-12-08 16:20:17,466 [RatisPipelineUtilsThread - 0] INFO  pipeline.RatisPipelineProvider (RatisPipelineProvider.java:lambda$create$0(183)) - Sending CreatePipelineCommand for pipeline:PipelineID=b5c2bffc-37f8-4a21-beff-e178d35dbc74 to datanode:6b9f135a-20fd-4e81-a28d-527c97df21c1
2021-12-08 16:20:17,466 [RatisPipelineUtilsThread - 0] INFO  pipeline.RatisPipelineProvider (RatisPipelineProvider.java:lambda$create$0(183)) - Sending CreatePipelineCommand for pipeline:PipelineID=b5c2bffc-37f8-4a21-beff-e178d35dbc74 to datanode:27d2eb57-a972-4dc6-9799-c8417eae57ce
2021-12-08 16:20:17,466 [RatisPipelineUtilsThread - 0] INFO  pipeline.PipelineStateManagerImpl (PipelineStateManagerImpl.java:addPipeline(101)) - Created pipeline Pipeline[ Id: b5c2bffc-37f8-4a21-beff-e178d35dbc74, Nodes: 244676ad-e546-497d-9019-d858b1c3095a{ip: 10.1.0.47, host: fv-az59-681.csjynl4pkq3e1pkirw3ssqjfoh.cx.internal.cloudapp.net, ports: [REPLICATION=39143, RATIS=46005, RATIS_ADMIN=46005, RATIS_SERVER=46005, STANDALONE=43905], networkLocation: /default-rack, certSerialId: null, persistedOpState: IN_SERVICE, persistedOpStateExpiryEpochSec: 0}6b9f135a-20fd-4e81-a28d-527c97df21c1{ip: 10.1.0.47, host: fv-az59-681.csjynl4pkq3e1pkirw3ssqjfoh.cx.internal.cloudapp.net, ports: [REPLICATION=43413, RATIS=43913, RATIS_ADMIN=43913, RATIS_SERVER=43913, STANDALONE=37319], networkLocation: /default-rack, certSerialId: null, persistedOpState: IN_SERVICE, persistedOpStateExpiryEpochSec: 0}27d2eb57-a972-4dc6-9799-c8417eae57ce{ip: 10.1.0.47, host: fv-az59-681.csjynl4pkq3e1pkirw3ssqjfoh.cx.internal.cloudapp.net, ports: [REPLICATION=43379, RATIS=39277, RATIS_ADMIN=39277, RATIS_SERVER=39277, STANDALONE=44327], networkLocation: /default-rack, certSerialId: null, persistedOpState: IN_SERVICE, persistedOpStateExpiryEpochSec: 0}, ReplicationConfig: RATIS/THREE, State:ALLOCATED, leaderId:, CreationTimestamp2021-12-08T16:20:17.466Z[Etc/UTC]].
2021-12-08 16:20:17,466 [RatisPipelineUtilsThread - 0] INFO  pipeline.PipelineManagerImpl (PipelineManagerImpl.java:recordMetricsForPipeline(639)) - Pipeline: PipelineID=b5c2bffc-37f8-4a21-beff-e178d35dbc74 contains same datanodes as previous pipelines: PipelineID=b5b43d9d-e47a-43c8-9c70-b8a05e5ef970 nodeIds: 244676ad-e546-497d-9019-d858b1c3095a, 6b9f135a-20fd-4e81-a28d-527c97df21c1, 27d2eb57-a972-4dc6-9799-c8417eae57ce
2021-12-08 16:20:18,435 [Listener at 127.0.0.1/46549] INFO  ozone.MiniOzoneClusterImpl (MiniOzoneClusterImpl.java:lambda$waitForClusterToBeReady$0(235)) - Nodes are ready. Got 3 of 3 DN Heartbeats.
2021-12-08 16:20:18,436 [Listener at 127.0.0.1/46549] INFO  ozone.MiniOzoneClusterImpl (MiniOzoneClusterImpl.java:lambda$waitForClusterToBeReady$0(238)) - Waiting for cluster to exit safe mode
2021-12-08 16:20:18,436 [Listener at 127.0.0.1/46549] INFO  ozone.MiniOzoneClusterImpl (MiniOzoneClusterImpl.java:lambda$waitForClusterToBeReady$0(240)) - SCM became leader
2021-12-08 16:20:19,437 [Listener at 127.0.0.1/46549] INFO  ozone.MiniOzoneClusterImpl (MiniOzoneClusterImpl.java:lambda$waitForClusterToBeReady$0(235)) - Nodes are ready. Got 3 of 3 DN Heartbeats.
2021-12-08 16:20:19,437 [Listener at 127.0.0.1/46549] INFO  ozone.MiniOzoneClusterImpl (MiniOzoneClusterImpl.java:lambda$waitForClusterToBeReady$0(238)) - Waiting for cluster to exit safe mode
2021-12-08 16:20:19,437 [Listener at 127.0.0.1/46549] INFO  ozone.MiniOzoneClusterImpl (MiniOzoneClusterImpl.java:lambda$waitForClusterToBeReady$0(240)) - SCM became leader
2021-12-08 16:20:19,554 [Command processor thread] INFO  server.RaftServer (RaftServerProxy.java:addNew(95)) - 27d2eb57-a972-4dc6-9799-c8417eae57ce: addNew group-A4AF1F8B0387:[27d2eb57-a972-4dc6-9799-c8417eae57ce|rpc:10.1.0.47:39277|priority:1] returns group-A4AF1F8B0387:java.util.concurrent.CompletableFuture@7fd6d259[Not completed]
2021-12-08 16:20:19,562 [pool-340-thread-1] INFO  server.RaftServer$Division (RaftServerImpl.java:<init>(184)) - 27d2eb57-a972-4dc6-9799-c8417eae57ce: new RaftServerImpl for group-A4AF1F8B0387:[27d2eb57-a972-4dc6-9799-c8417eae57ce|rpc:10.1.0.47:39277|priority:1] with ContainerStateMachine:uninitialized
2021-12-08 16:20:19,563 [pool-340-thread-1] INFO  server.RaftServerConfigKeys (ConfUtils.java:logGet(44)) - raft.server.rpc.timeout.min = 5s (custom)
2021-12-08 16:20:19,563 [pool-340-thread-1] INFO  server.RaftServerConfigKeys (ConfUtils.java:logGet(44)) - raft.server.rpc.timeout.max = 5200ms (custom)
2021-12-08 16:20:19,563 [pool-340-thread-1] INFO  server.RaftServerConfigKeys (ConfUtils.java:logGet(44)) - raft.server.rpc.sleep.time = 25ms (default)
2021-12-08 16:20:19,563 [pool-340-thread-1] INFO  server.RaftServerConfigKeys (ConfUtils.java:logGet(44)) - raft.server.rpc.slowness.timeout = 300s (custom)
2021-12-08 16:20:19,563 [pool-340-thread-1] INFO  server.RaftServerConfigKeys (ConfUtils.java:logGet(44)) - raft.server.leaderelection.leader.step-down.wait-time = 10s (default)
2021-12-08 16:20:19,563 [pool-340-thread-1] INFO  server.RaftServerConfigKeys (ConfUtils.java:logGet(44)) - raft.server.sleep.deviation.threshold = 300ms (default)
2021-12-08 16:20:19,563 [pool-340-thread-1] INFO  server.RaftServerConfigKeys (ConfUtils.java:logGet(44)) - raft.server.log.appender.install.snapshot.enabled = false (custom)
2021-12-08 16:20:19,563 [pool-340-thread-1] INFO  server.RaftServer$Division (ServerState.java:<init>(105)) - 27d2eb57-a972-4dc6-9799-c8417eae57ce@group-A4AF1F8B0387: ConfigurationManager, init=-1: [27d2eb57-a972-4dc6-9799-c8417eae57ce|rpc:10.1.0.47:39277|priority:1], old=null, confs=<EMPTY_MAP>
2021-12-08 16:20:19,563 [pool-340-thread-1] INFO  server.RaftServerConfigKeys (ConfUtils.java:logGet(44)) - raft.server.storage.dir = [/home/runner/work/ozone/ozone/hadoop-ozone/integration-test/target/test-dir/MiniOzoneClusterImpl-102f87ea-2986-4930-8fc4-c674960d3cfd/datanode-0/data/ratis] (custom)
2021-12-08 16:20:19,564 [pool-340-thread-1] INFO  server.RaftServerConfigKeys (ConfUtils.java:logGet(44)) - raft.server.log.corruption.policy = EXCEPTION (default)
2021-12-08 16:20:19,564 [pool-340-thread-1] INFO  server.RaftServerConfigKeys (ConfUtils.java:logGet(44)) - raft.server.storage.free-space.min = 0MB (=0) (default)
2021-12-08 16:20:19,564 [pool-340-thread-1] INFO  storage.RaftStorageDirectory (RaftStorageDirectoryImpl.java:analyzeStorage(135)) - The storage directory /home/runner/work/ozone/ozone/hadoop-ozone/integration-test/target/test-dir/MiniOzoneClusterImpl-102f87ea-2986-4930-8fc4-c674960d3cfd/datanode-0/data/ratis/9cac0573-f97c-44f8-b53f-a4af1f8b0387 does not exist. Creating ...
2021-12-08 16:20:19,575 [pool-340-thread-1] INFO  storage.RaftStorageDirectory (RaftStorageDirectoryImpl.java:tryLock(230)) - Lock on /home/runner/work/ozone/ozone/hadoop-ozone/integration-test/target/test-dir/MiniOzoneClusterImpl-102f87ea-2986-4930-8fc4-c674960d3cfd/datanode-0/data/ratis/9cac0573-f97c-44f8-b53f-a4af1f8b0387/in_use.lock acquired by nodename 9760@fv-az59-681
2021-12-08 16:20:19,576 [pool-340-thread-1] INFO  storage.RaftStorage (RaftStorageImpl.java:format(89)) - Storage directory /home/runner/work/ozone/ozone/hadoop-ozone/integration-test/target/test-dir/MiniOzoneClusterImpl-102f87ea-2986-4930-8fc4-c674960d3cfd/datanode-0/data/ratis/9cac0573-f97c-44f8-b53f-a4af1f8b0387 has been successfully formatted.
2021-12-08 16:20:19,577 [pool-340-thread-1] INFO  ratis.ContainerStateMachine (ContainerStateMachine.java:loadSnapshot(231)) - group-A4AF1F8B0387: The snapshot info is null. Setting the last applied indexto:(t:0, i:~)
2021-12-08 16:20:19,578 [pool-340-thread-1] INFO  server.RaftServerConfigKeys (ConfUtils.java:logGet(44)) - raft.server.notification.no-leader.timeout = 300s (custom)
2021-12-08 16:20:19,578 [pool-340-thread-1] INFO  server.RaftServerConfigKeys (ConfUtils.java:logGet(44)) - raft.server.log.use.memory = false (default)
2021-12-08 16:20:19,578 [pool-340-thread-1] INFO  server.RaftServerConfigKeys (ConfUtils.java:logGet(44)) - raft.server.log.purge.gap = 1000000 (custom)
2021-12-08 16:20:19,578 [pool-340-thread-1] INFO  server.RaftServerConfigKeys (ConfUtils.java:logGet(44)) - raft.server.log.appender.buffer.byte-limit = 33554432 (custom)
2021-12-08 16:20:19,578 [pool-340-thread-1] INFO  server.RaftServerConfigKeys (ConfUtils.java:logGet(44)) - raft.server.log.segment.size.max = 1048576 (custom)
2021-12-08 16:20:19,580 [EventQueue-PipelineReportForPipelineReportHandler] INFO  pipeline.PipelineManagerImpl (PipelineManagerImpl.java:openPipeline(291)) - Pipeline Pipeline[ Id: 9cac0573-f97c-44f8-b53f-a4af1f8b0387, Nodes: 27d2eb57-a972-4dc6-9799-c8417eae57ce{ip: 10.1.0.47, host: fv-az59-681.csjynl4pkq3e1pkirw3ssqjfoh.cx.internal.cloudapp.net, ports: [REPLICATION=43379, RATIS=39277, RATIS_ADMIN=39277, RATIS_SERVER=39277, STANDALONE=44327], networkLocation: /default-rack, certSerialId: null, persistedOpState: IN_SERVICE, persistedOpStateExpiryEpochSec: 0}, ReplicationConfig: RATIS/ONE, State:ALLOCATED, leaderId:27d2eb57-a972-4dc6-9799-c8417eae57ce, CreationTimestamp2021-12-08T16:20:16.569Z[Etc/UTC]] moved to OPEN state
2021-12-08 16:20:19,588 [pool-340-thread-1] INFO  server.RaftServerConfigKeys (ConfUtils.java:logGet(44)) - raft.server.log.segment.cache.num.max = 2 (custom)
2021-12-08 16:20:19,588 [pool-340-thread-1] INFO  server.RaftServerConfigKeys (ConfUtils.java:logGet(44)) - raft.server.log.segment.cache.size.max = 200MB (=209715200) (default)
2021-12-08 16:20:19,588 [pool-340-thread-1] INFO  segmented.SegmentedRaftLogWorker (SegmentedRaftLogWorker.java:<init>(182)) - new 27d2eb57-a972-4dc6-9799-c8417eae57ce@group-A4AF1F8B0387-SegmentedRaftLogWorker for RaftStorageImpl:Storage Directory /home/runner/work/ozone/ozone/hadoop-ozone/integration-test/target/test-dir/MiniOzoneClusterImpl-102f87ea-2986-4930-8fc4-c674960d3cfd/datanode-0/data/ratis/9cac0573-f97c-44f8-b53f-a4af1f8b0387
2021-12-08 16:20:19,588 [pool-340-thread-1] INFO  server.RaftServerConfigKeys (ConfUtils.java:logGet(44)) - raft.server.log.queue.byte-limit = 2147483647 (custom)
2021-12-08 16:20:19,588 [pool-340-thread-1] INFO  server.RaftServerConfigKeys (ConfUtils.java:logGet(44)) - raft.server.log.queue.element-limit = 1024 (custom)
2021-12-08 16:20:19,588 [pool-340-thread-1] INFO  server.RaftServerConfigKeys (ConfUtils.java:logGet(44)) - raft.server.log.segment.size.max = 1048576 (custom)
2021-12-08 16:20:19,588 [pool-340-thread-1] INFO  server.RaftServerConfigKeys (ConfUtils.java:logGet(44)) - raft.server.log.preallocated.size = 16384 (custom)
2021-12-08 16:20:19,588 [pool-340-thread-1] INFO  server.RaftServerConfigKeys (ConfUtils.java:logGet(44)) - raft.server.log.force.sync.num = 128 (default)
2021-12-08 16:20:19,588 [pool-340-thread-1] INFO  server.RaftServerConfigKeys (ConfUtils.java:logGet(44)) - raft.server.log.statemachine.data.sync = true (default)
2021-12-08 16:20:19,588 [pool-340-thread-1] INFO  server.RaftServerConfigKeys (ConfUtils.java:logGet(44)) - raft.server.log.statemachine.data.sync.timeout = 10s (default)
2021-12-08 16:20:19,588 [pool-340-thread-1] INFO  server.RaftServerConfigKeys (ConfUtils.java:logGet(44)) - raft.server.log.statemachine.data.sync.timeout.retry = -1 (default)
2021-12-08 16:20:19,589 [pool-340-thread-1] INFO  server.RaftServerConfigKeys (ConfUtils.java:logGet(44)) - raft.server.log.write.buffer.size = 1048576 (custom)
2021-12-08 16:20:19,590 [pool-340-thread-1] INFO  server.RaftServerConfigKeys (ConfUtils.java:logGet(44)) - raft.server.log.statemachine.data.caching.enabled = true (custom)
2021-12-08 16:20:19,590 [pool-340-thread-1] INFO  segmented.SegmentedRaftLogWorker (SegmentedRaftLogWorker.java:lambda$new$0(133)) - 27d2eb57-a972-4dc6-9799-c8417eae57ce@group-A4AF1F8B0387-SegmentedRaftLogWorker: flushIndex: setUnconditionally 0 -> -1
2021-12-08 16:20:19,590 [pool-340-thread-1] INFO  segmented.SegmentedRaftLogWorker (SegmentedRaftLogWorker.java:lambda$new$0(133)) - 27d2eb57-a972-4dc6-9799-c8417eae57ce@group-A4AF1F8B0387-SegmentedRaftLogWorker: safeCacheEvictIndex: setUnconditionally 0 -> -1
2021-12-08 16:20:19,601 [EventQueue-OpenPipelineForHealthyPipelineSafeModeRule] INFO  safemode.SCMSafeModeManager (HealthyPipelineSafeModeRule.java:process(124)) - SCM in safe mode. Healthy pipelines reported count is 0, required healthy pipeline reported count is 1
2021-12-08 16:20:19,607 [pool-340-thread-1] INFO  server.RaftServerConfigKeys (ConfUtils.java:logGet(44)) - raft.server.snapshot.auto.trigger.enabled = true (custom)
2021-12-08 16:20:19,611 [pool-340-thread-1] INFO  server.RaftServerConfigKeys (ConfUtils.java:logGet(44)) - raft.server.snapshot.auto.trigger.threshold = 10000 (custom)
2021-12-08 16:20:19,611 [pool-340-thread-1] INFO  server.RaftServerConfigKeys (ConfUtils.java:logGet(44)) - raft.server.snapshot.retention.file.num = 5 (custom)
2021-12-08 16:20:19,612 [pool-340-thread-1] INFO  server.RaftServerConfigKeys (ConfUtils.java:logGet(44)) - raft.server.log.purge.upto.snapshot.index = false (default)
2021-12-08 16:20:19,612 [pool-340-thread-1] INFO  server.RaftServerConfigKeys (ConfUtils.java:logGet(44)) - raft.server.retrycache.expirytime = 600000ms (custom)
2021-12-08 16:20:19,612 [pool-340-thread-1] INFO  server.RaftServerConfigKeys (ConfUtils.java:logGet(44)) - raft.server.retrycache.statistics.expirytime = 100μs (default)
2021-12-08 16:20:19,613 [pool-340-thread-1] INFO  server.RaftServer$Division (RaftServerImpl.java:start(301)) - 27d2eb57-a972-4dc6-9799-c8417eae57ce@group-A4AF1F8B0387: start as a follower, conf=-1: [27d2eb57-a972-4dc6-9799-c8417eae57ce|rpc:10.1.0.47:39277|priority:1], old=null
2021-12-08 16:20:19,613 [pool-340-thread-1] INFO  server.RaftServer$Division (RaftServerImpl.java:setRole(290)) - 27d2eb57-a972-4dc6-9799-c8417eae57ce@group-A4AF1F8B0387: changes role from      null to FOLLOWER at term 0 for startAsFollower
2021-12-08 16:20:19,613 [pool-340-thread-1] INFO  impl.RoleInfo (RoleInfo.java:updateAndGet(130)) - 27d2eb57-a972-4dc6-9799-c8417eae57ce: start 27d2eb57-a972-4dc6-9799-c8417eae57ce@group-A4AF1F8B0387-FollowerState
2021-12-08 16:20:19,614 [pool-340-thread-1] INFO  util.JmxRegister (JmxRegister.java:tryRegister(44)) - Successfully registered JMX Bean with object name Ratis:service=RaftServer,group=group-A4AF1F8B0387,id=27d2eb57-a972-4dc6-9799-c8417eae57ce
2021-12-08 16:20:19,623 [Command processor thread] INFO  ratis.XceiverServerRatis (XceiverServerRatis.java:addGroup(768)) - Created group PipelineID=9cac0573-f97c-44f8-b53f-a4af1f8b0387
2021-12-08 16:20:19,623 [Command processor thread] INFO  commandhandler.CreatePipelineCommandHandler (CreatePipelineCommandHandler.java:handle(106)) - Created Pipeline RATIS ONE PipelineID=9cac0573-f97c-44f8-b53f-a4af1f8b0387.
2021-12-08 16:20:19,623 [Command processor thread] INFO  server.RaftServer (RaftServerProxy.java:addNew(95)) - 27d2eb57-a972-4dc6-9799-c8417eae57ce: addNew group-B8A05E5EF970:[27d2eb57-a972-4dc6-9799-c8417eae57ce|rpc:10.1.0.47:39277|priority:0, 244676ad-e546-497d-9019-d858b1c3095a|rpc:10.1.0.47:46005|priority:0, 6b9f135a-20fd-4e81-a28d-527c97df21c1|rpc:10.1.0.47:43913|priority:1] returns group-B8A05E5EF970:java.util.concurrent.CompletableFuture@7be9497b[Not completed]
2021-12-08 16:20:19,625 [pool-340-thread-1] INFO  server.RaftServer$Division (RaftServerImpl.java:<init>(184)) - 27d2eb57-a972-4dc6-9799-c8417eae57ce: new RaftServerImpl for group-B8A05E5EF970:[27d2eb57-a972-4dc6-9799-c8417eae57ce|rpc:10.1.0.47:39277|priority:0, 244676ad-e546-497d-9019-d858b1c3095a|rpc:10.1.0.47:46005|priority:0, 6b9f135a-20fd-4e81-a28d-527c97df21c1|rpc:10.1.0.47:43913|priority:1] with ContainerStateMachine:uninitialized
2021-12-08 16:20:19,625 [pool-340-thread-1] INFO  server.RaftServerConfigKeys (ConfUtils.java:logGet(44)) - raft.server.rpc.timeout.min = 5s (custom)
2021-12-08 16:20:19,626 [pool-340-thread-1] INFO  server.RaftServerConfigKeys (ConfUtils.java:logGet(44)) - raft.server.rpc.timeout.max = 5200ms (custom)
2021-12-08 16:20:19,626 [pool-340-thread-1] INFO  server.RaftServerConfigKeys (ConfUtils.java:logGet(44)) - raft.server.rpc.sleep.time = 25ms (default)
2021-12-08 16:20:19,626 [pool-340-thread-1] INFO  server.RaftServerConfigKeys (ConfUtils.java:logGet(44)) - raft.server.rpc.slowness.timeout = 300s (custom)
2021-12-08 16:20:19,626 [pool-340-thread-1] INFO  server.RaftServerConfigKeys (ConfUtils.java:logGet(44)) - raft.server.leaderelection.leader.step-down.wait-time = 10s (default)
2021-12-08 16:20:19,626 [pool-340-thread-1] INFO  server.RaftServerConfigKeys (ConfUtils.java:logGet(44)) - raft.server.sleep.deviation.threshold = 300ms (default)
2021-12-08 16:20:19,626 [pool-340-thread-1] INFO  server.RaftServerConfigKeys (ConfUtils.java:logGet(44)) - raft.server.log.appender.install.snapshot.enabled = false (custom)
2021-12-08 16:20:19,626 [pool-340-thread-1] INFO  server.RaftServer$Division (ServerState.java:<init>(105)) - 27d2eb57-a972-4dc6-9799-c8417eae57ce@group-B8A05E5EF970: ConfigurationManager, init=-1: [27d2eb57-a972-4dc6-9799-c8417eae57ce|rpc:10.1.0.47:39277|priority:0, 244676ad-e546-497d-9019-d858b1c3095a|rpc:10.1.0.47:46005|priority:0, 6b9f135a-20fd-4e81-a28d-527c97df21c1|rpc:10.1.0.47:43913|priority:1], old=null, confs=<EMPTY_MAP>
2021-12-08 16:20:19,626 [pool-340-thread-1] INFO  server.RaftServerConfigKeys (ConfUtils.java:logGet(44)) - raft.server.storage.dir = [/home/runner/work/ozone/ozone/hadoop-ozone/integration-test/target/test-dir/MiniOzoneClusterImpl-102f87ea-2986-4930-8fc4-c674960d3cfd/datanode-0/data/ratis] (custom)
2021-12-08 16:20:19,626 [pool-340-thread-1] INFO  server.RaftServerConfigKeys (ConfUtils.java:logGet(44)) - raft.server.log.corruption.policy = EXCEPTION (default)
2021-12-08 16:20:19,626 [pool-340-thread-1] INFO  server.RaftServerConfigKeys (ConfUtils.java:logGet(44)) - raft.server.storage.free-space.min = 0MB (=0) (default)
2021-12-08 16:20:19,626 [pool-340-thread-1] INFO  storage.RaftStorageDirectory (RaftStorageDirectoryImpl.java:analyzeStorage(135)) - The storage directory /home/runner/work/ozone/ozone/hadoop-ozone/integration-test/target/test-dir/MiniOzoneClusterImpl-102f87ea-2986-4930-8fc4-c674960d3cfd/datanode-0/data/ratis/b5b43d9d-e47a-43c8-9c70-b8a05e5ef970 does not exist. Creating ...
2021-12-08 16:20:19,627 [pool-340-thread-1] INFO  storage.RaftStorageDirectory (RaftStorageDirectoryImpl.java:tryLock(230)) - Lock on /home/runner/work/ozone/ozone/hadoop-ozone/integration-test/target/test-dir/MiniOzoneClusterImpl-102f87ea-2986-4930-8fc4-c674960d3cfd/datanode-0/data/ratis/b5b43d9d-e47a-43c8-9c70-b8a05e5ef970/in_use.lock acquired by nodename 9760@fv-az59-681
2021-12-08 16:20:19,628 [pool-340-thread-1] INFO  storage.RaftStorage (RaftStorageImpl.java:format(89)) - Storage directory /home/runner/work/ozone/ozone/hadoop-ozone/integration-test/target/test-dir/MiniOzoneClusterImpl-102f87ea-2986-4930-8fc4-c674960d3cfd/datanode-0/data/ratis/b5b43d9d-e47a-43c8-9c70-b8a05e5ef970 has been successfully formatted.
2021-12-08 16:20:19,628 [pool-340-thread-1] INFO  ratis.ContainerStateMachine (ContainerStateMachine.java:loadSnapshot(231)) - group-B8A05E5EF970: The snapshot info is null. Setting the last applied indexto:(t:0, i:~)
2021-12-08 16:20:19,628 [pool-340-thread-1] INFO  server.RaftServerConfigKeys (ConfUtils.java:logGet(44)) - raft.server.notification.no-leader.timeout = 300s (custom)
2021-12-08 16:20:19,628 [pool-340-thread-1] INFO  server.RaftServerConfigKeys (ConfUtils.java:logGet(44)) - raft.server.log.use.memory = false (default)
2021-12-08 16:20:19,628 [pool-340-thread-1] INFO  server.RaftServerConfigKeys (ConfUtils.java:logGet(44)) - raft.server.log.purge.gap = 1000000 (custom)
2021-12-08 16:20:19,628 [pool-340-thread-1] INFO  server.RaftServerConfigKeys (ConfUtils.java:logGet(44)) - raft.server.log.appender.buffer.byte-limit = 33554432 (custom)
2021-12-08 16:20:19,629 [pool-340-thread-1] INFO  server.RaftServerConfigKeys (ConfUtils.java:logGet(44)) - raft.server.log.segment.size.max = 1048576 (custom)
2021-12-08 16:20:19,629 [pool-340-thread-1] INFO  server.RaftServerConfigKeys (ConfUtils.java:logGet(44)) - raft.server.log.segment.cache.num.max = 2 (custom)
2021-12-08 16:20:19,629 [pool-340-thread-1] INFO  server.RaftServerConfigKeys (ConfUtils.java:logGet(44)) - raft.server.log.segment.cache.size.max = 200MB (=209715200) (default)
2021-12-08 16:20:19,629 [pool-340-thread-1] INFO  segmented.SegmentedRaftLogWorker (SegmentedRaftLogWorker.java:<init>(182)) - new 27d2eb57-a972-4dc6-9799-c8417eae57ce@group-B8A05E5EF970-SegmentedRaftLogWorker for RaftStorageImpl:Storage Directory /home/runner/work/ozone/ozone/hadoop-ozone/integration-test/target/test-dir/MiniOzoneClusterImpl-102f87ea-2986-4930-8fc4-c674960d3cfd/datanode-0/data/ratis/b5b43d9d-e47a-43c8-9c70-b8a05e5ef970
2021-12-08 16:20:19,629 [pool-340-thread-1] INFO  server.RaftServerConfigKeys (ConfUtils.java:logGet(44)) - raft.server.log.queue.byte-limit = 2147483647 (custom)
2021-12-08 16:20:19,629 [pool-340-thread-1] INFO  server.RaftServerConfigKeys (ConfUtils.java:logGet(44)) - raft.server.log.queue.element-limit = 1024 (custom)
2021-12-08 16:20:19,629 [pool-340-thread-1] INFO  server.RaftServerConfigKeys (ConfUtils.java:logGet(44)) - raft.server.log.segment.size.max = 1048576 (custom)
2021-12-08 16:20:19,629 [pool-340-thread-1] INFO  server.RaftServerConfigKeys (ConfUtils.java:logGet(44)) - raft.server.log.preallocated.size = 16384 (custom)
2021-12-08 16:20:19,629 [pool-340-thread-1] INFO  server.RaftServerConfigKeys (ConfUtils.java:logGet(44)) - raft.server.log.force.sync.num = 128 (default)
2021-12-08 16:20:19,629 [pool-340-thread-1] INFO  server.RaftServerConfigKeys (ConfUtils.java:logGet(44)) - raft.server.log.statemachine.data.sync = true (default)
2021-12-08 16:20:19,629 [pool-340-thread-1] INFO  server.RaftServerConfigKeys (ConfUtils.java:logGet(44)) - raft.server.log.statemachine.data.sync.timeout = 10s (default)
2021-12-08 16:20:19,629 [pool-340-thread-1] INFO  server.RaftServerConfigKeys (ConfUtils.java:logGet(44)) - raft.server.log.statemachine.data.sync.timeout.retry = -1 (default)
2021-12-08 16:20:19,630 [pool-340-thread-1] INFO  server.RaftServerConfigKeys (ConfUtils.java:logGet(44)) - raft.server.log.write.buffer.size = 1048576 (custom)
2021-12-08 16:20:19,633 [EventQueue-OpenPipelineForHealthyPipelineSafeModeRule] INFO  safemode.SCMSafeModeManager (HealthyPipelineSafeModeRule.java:process(124)) - SCM in safe mode. Healthy pipelines reported count is 0, required healthy pipeline reported count is 1
2021-12-08 16:20:19,634 [pool-340-thread-1] INFO  server.RaftServerConfigKeys (ConfUtils.java:logGet(44)) - raft.server.log.statemachine.data.caching.enabled = true (custom)
2021-12-08 16:20:19,634 [pool-340-thread-1] INFO  segmented.SegmentedRaftLogWorker (SegmentedRaftLogWorker.java:lambda$new$0(133)) - 27d2eb57-a972-4dc6-9799-c8417eae57ce@group-B8A05E5EF970-SegmentedRaftLogWorker: flushIndex: setUnconditionally 0 -> -1
2021-12-08 16:20:19,634 [pool-340-thread-1] INFO  segmented.SegmentedRaftLogWorker (SegmentedRaftLogWorker.java:lambda$new$0(133)) - 27d2eb57-a972-4dc6-9799-c8417eae57ce@group-B8A05E5EF970-SegmentedRaftLogWorker: safeCacheEvictIndex: setUnconditionally 0 -> -1
2021-12-08 16:20:19,654 [pool-340-thread-1] INFO  server.RaftServerConfigKeys (ConfUtils.java:logGet(44)) - raft.server.snapshot.auto.trigger.enabled = true (custom)
2021-12-08 16:20:19,654 [pool-340-thread-1] INFO  server.RaftServerConfigKeys (ConfUtils.java:logGet(44)) - raft.server.snapshot.auto.trigger.threshold = 10000 (custom)
2021-12-08 16:20:19,654 [pool-340-thread-1] INFO  server.RaftServerConfigKeys (ConfUtils.java:logGet(44)) - raft.server.snapshot.retention.file.num = 5 (custom)
2021-12-08 16:20:19,654 [pool-340-thread-1] INFO  server.RaftServerConfigKeys (ConfUtils.java:logGet(44)) - raft.server.log.purge.upto.snapshot.index = false (default)
2021-12-08 16:20:19,654 [pool-340-thread-1] INFO  server.RaftServerConfigKeys (ConfUtils.java:logGet(44)) - raft.server.retrycache.expirytime = 600000ms (custom)
2021-12-08 16:20:19,654 [pool-340-thread-1] INFO  server.RaftServerConfigKeys (ConfUtils.java:logGet(44)) - raft.server.retrycache.statistics.expirytime = 100μs (default)
2021-12-08 16:20:19,655 [pool-340-thread-1] INFO  server.RaftServer$Division (RaftServerImpl.java:start(301)) - 27d2eb57-a972-4dc6-9799-c8417eae57ce@group-B8A05E5EF970: start as a follower, conf=-1: [27d2eb57-a972-4dc6-9799-c8417eae57ce|rpc:10.1.0.47:39277|priority:0, 244676ad-e546-497d-9019-d858b1c3095a|rpc:10.1.0.47:46005|priority:0, 6b9f135a-20fd-4e81-a28d-527c97df21c1|rpc:10.1.0.47:43913|priority:1], old=null
2021-12-08 16:20:19,655 [pool-340-thread-1] INFO  server.RaftServer$Division (RaftServerImpl.java:setRole(290)) - 27d2eb57-a972-4dc6-9799-c8417eae57ce@group-B8A05E5EF970: changes role from      null to FOLLOWER at term 0 for startAsFollower
2021-12-08 16:20:19,655 [pool-340-thread-1] INFO  impl.RoleInfo (RoleInfo.java:updateAndGet(130)) - 27d2eb57-a972-4dc6-9799-c8417eae57ce: start 27d2eb57-a972-4dc6-9799-c8417eae57ce@group-B8A05E5EF970-FollowerState
2021-12-08 16:20:19,666 [pool-340-thread-1] INFO  util.JmxRegister (JmxRegister.java:tryRegister(44)) - Successfully registered JMX Bean with object name Ratis:service=RaftServer,group=group-B8A05E5EF970,id=27d2eb57-a972-4dc6-9799-c8417eae57ce
2021-12-08 16:20:19,667 [Command processor thread] INFO  ratis.XceiverServerRatis (XceiverServerRatis.java:addGroup(768)) - Created group PipelineID=b5b43d9d-e47a-43c8-9c70-b8a05e5ef970
2021-12-08 16:20:19,690 [grpc-default-executor-0] INFO  server.RaftServer (RaftServerProxy.java:addNew(95)) - 6b9f135a-20fd-4e81-a28d-527c97df21c1: addNew group-B8A05E5EF970:[27d2eb57-a972-4dc6-9799-c8417eae57ce|rpc:10.1.0.47:39277|dataStream:|priority:0, 244676ad-e546-497d-9019-d858b1c3095a|rpc:10.1.0.47:46005|dataStream:|priority:0, 6b9f135a-20fd-4e81-a28d-527c97df21c1|rpc:10.1.0.47:43913|dataStream:|priority:1] returns group-B8A05E5EF970:java.util.concurrent.CompletableFuture@7edb939c[Not completed]
2021-12-08 16:20:19,691 [pool-361-thread-1] INFO  server.RaftServer$Division (RaftServerImpl.java:<init>(184)) - 6b9f135a-20fd-4e81-a28d-527c97df21c1: new RaftServerImpl for group-B8A05E5EF970:[27d2eb57-a972-4dc6-9799-c8417eae57ce|rpc:10.1.0.47:39277|dataStream:|priority:0, 244676ad-e546-497d-9019-d858b1c3095a|rpc:10.1.0.47:46005|dataStream:|priority:0, 6b9f135a-20fd-4e81-a28d-527c97df21c1|rpc:10.1.0.47:43913|dataStream:|priority:1] with ContainerStateMachine:uninitialized
2021-12-08 16:20:19,697 [pool-361-thread-1] INFO  server.RaftServerConfigKeys (ConfUtils.java:logGet(44)) - raft.server.rpc.timeout.min = 5s (custom)
2021-12-08 16:20:19,697 [pool-361-thread-1] INFO  server.RaftServerConfigKeys (ConfUtils.java:logGet(44)) - raft.server.rpc.timeout.max = 5200ms (custom)
2021-12-08 16:20:19,697 [pool-361-thread-1] INFO  server.RaftServerConfigKeys (ConfUtils.java:logGet(44)) - raft.server.rpc.sleep.time = 25ms (default)
2021-12-08 16:20:19,697 [pool-361-thread-1] INFO  server.RaftServerConfigKeys (ConfUtils.java:logGet(44)) - raft.server.rpc.slowness.timeout = 300s (custom)
2021-12-08 16:20:19,697 [pool-361-thread-1] INFO  server.RaftServerConfigKeys (ConfUtils.java:logGet(44)) - raft.server.leaderelection.leader.step-down.wait-time = 10s (default)
2021-12-08 16:20:19,697 [pool-361-thread-1] INFO  server.RaftServerConfigKeys (ConfUtils.java:logGet(44)) - raft.server.sleep.deviation.threshold = 300ms (default)
2021-12-08 16:20:19,697 [pool-361-thread-1] INFO  server.RaftServerConfigKeys (ConfUtils.java:logGet(44)) - raft.server.log.appender.install.snapshot.enabled = false (custom)
2021-12-08 16:20:19,699 [pool-361-thread-1] INFO  server.RaftServer$Division (ServerState.java:<init>(105)) - 6b9f135a-20fd-4e81-a28d-527c97df21c1@group-B8A05E5EF970: ConfigurationManager, init=-1: [27d2eb57-a972-4dc6-9799-c8417eae57ce|rpc:10.1.0.47:39277|dataStream:|priority:0, 244676ad-e546-497d-9019-d858b1c3095a|rpc:10.1.0.47:46005|dataStream:|priority:0, 6b9f135a-20fd-4e81-a28d-527c97df21c1|rpc:10.1.0.47:43913|dataStream:|priority:1], old=null, confs=<EMPTY_MAP>
2021-12-08 16:20:19,700 [pool-361-thread-1] INFO  server.RaftServerConfigKeys (ConfUtils.java:logGet(44)) - raft.server.storage.dir = [/home/runner/work/ozone/ozone/hadoop-ozone/integration-test/target/test-dir/MiniOzoneClusterImpl-102f87ea-2986-4930-8fc4-c674960d3cfd/datanode-1/data/ratis] (custom)
2021-12-08 16:20:19,700 [pool-361-thread-1] INFO  server.RaftServerConfigKeys (ConfUtils.java:logGet(44)) - raft.server.log.corruption.policy = EXCEPTION (default)
2021-12-08 16:20:19,700 [pool-361-thread-1] INFO  server.RaftServerConfigKeys (ConfUtils.java:logGet(44)) - raft.server.storage.free-space.min = 0MB (=0) (default)
2021-12-08 16:20:19,700 [pool-361-thread-1] INFO  storage.RaftStorageDirectory (RaftStorageDirectoryImpl.java:analyzeStorage(135)) - The storage directory /home/runner/work/ozone/ozone/hadoop-ozone/integration-test/target/test-dir/MiniOzoneClusterImpl-102f87ea-2986-4930-8fc4-c674960d3cfd/datanode-1/data/ratis/b5b43d9d-e47a-43c8-9c70-b8a05e5ef970 does not exist. Creating ...
2021-12-08 16:20:19,711 [pool-361-thread-1] INFO  storage.RaftStorageDirectory (RaftStorageDirectoryImpl.java:tryLock(230)) - Lock on /home/runner/work/ozone/ozone/hadoop-ozone/integration-test/target/test-dir/MiniOzoneClusterImpl-102f87ea-2986-4930-8fc4-c674960d3cfd/datanode-1/data/ratis/b5b43d9d-e47a-43c8-9c70-b8a05e5ef970/in_use.lock acquired by nodename 9760@fv-az59-681
2021-12-08 16:20:19,715 [pool-361-thread-1] INFO  storage.RaftStorage (RaftStorageImpl.java:format(89)) - Storage directory /home/runner/work/ozone/ozone/hadoop-ozone/integration-test/target/test-dir/MiniOzoneClusterImpl-102f87ea-2986-4930-8fc4-c674960d3cfd/datanode-1/data/ratis/b5b43d9d-e47a-43c8-9c70-b8a05e5ef970 has been successfully formatted.
2021-12-08 16:20:19,716 [pool-361-thread-1] INFO  ratis.ContainerStateMachine (ContainerStateMachine.java:loadSnapshot(231)) - group-B8A05E5EF970: The snapshot info is null. Setting the last applied indexto:(t:0, i:~)
2021-12-08 16:20:19,716 [pool-361-thread-1] INFO  server.RaftServerConfigKeys (ConfUtils.java:logGet(44)) - raft.server.notification.no-leader.timeout = 300s (custom)
2021-12-08 16:20:19,717 [pool-361-thread-1] INFO  server.RaftServerConfigKeys (ConfUtils.java:logGet(44)) - raft.server.log.use.memory = false (default)
2021-12-08 16:20:19,717 [pool-361-thread-1] INFO  server.RaftServerConfigKeys (ConfUtils.java:logGet(44)) - raft.server.log.purge.gap = 1000000 (custom)
2021-12-08 16:20:19,717 [pool-361-thread-1] INFO  server.RaftServerConfigKeys (ConfUtils.java:logGet(44)) - raft.server.log.appender.buffer.byte-limit = 33554432 (custom)
2021-12-08 16:20:19,717 [pool-361-thread-1] INFO  server.RaftServerConfigKeys (ConfUtils.java:logGet(44)) - raft.server.log.segment.size.max = 1048576 (custom)
2021-12-08 16:20:19,719 [pool-361-thread-1] INFO  server.RaftServerConfigKeys (ConfUtils.java:logGet(44)) - raft.server.log.segment.cache.num.max = 2 (custom)
2021-12-08 16:20:19,719 [pool-361-thread-1] INFO  server.RaftServerConfigKeys (ConfUtils.java:logGet(44)) - raft.server.log.segment.cache.size.max = 200MB (=209715200) (default)
2021-12-08 16:20:19,719 [pool-361-thread-1] INFO  segmented.SegmentedRaftLogWorker (SegmentedRaftLogWorker.java:<init>(182)) - new 6b9f135a-20fd-4e81-a28d-527c97df21c1@group-B8A05E5EF970-SegmentedRaftLogWorker for RaftStorageImpl:Storage Directory /home/runner/work/ozone/ozone/hadoop-ozone/integration-test/target/test-dir/MiniOzoneClusterImpl-102f87ea-2986-4930-8fc4-c674960d3cfd/datanode-1/data/ratis/b5b43d9d-e47a-43c8-9c70-b8a05e5ef970
2021-12-08 16:20:19,719 [pool-361-thread-1] INFO  server.RaftServerConfigKeys (ConfUtils.java:logGet(44)) - raft.server.log.queue.byte-limit = 2147483647 (custom)
2021-12-08 16:20:19,719 [pool-361-thread-1] INFO  server.RaftServerConfigKeys (ConfUtils.java:logGet(44)) - raft.server.log.queue.element-limit = 1024 (custom)
2021-12-08 16:20:19,719 [pool-361-thread-1] INFO  server.RaftServerConfigKeys (ConfUtils.java:logGet(44)) - raft.server.log.segment.size.max = 1048576 (custom)
2021-12-08 16:20:19,719 [pool-361-thread-1] INFO  server.RaftServerConfigKeys (ConfUtils.java:logGet(44)) - raft.server.log.preallocated.size = 16384 (custom)
2021-12-08 16:20:19,719 [pool-361-thread-1] INFO  server.RaftServerConfigKeys (ConfUtils.java:logGet(44)) - raft.server.log.force.sync.num = 128 (default)
2021-12-08 16:20:19,719 [pool-361-thread-1] INFO  server.RaftServerConfigKeys (ConfUtils.java:logGet(44)) - raft.server.log.statemachine.data.sync = true (default)
2021-12-08 16:20:19,720 [pool-361-thread-1] INFO  server.RaftServerConfigKeys (ConfUtils.java:logGet(44)) - raft.server.log.statemachine.data.sync.timeout = 10s (default)
2021-12-08 16:20:19,720 [pool-361-thread-1] INFO  server.RaftServerConfigKeys (ConfUtils.java:logGet(44)) - raft.server.log.statemachine.data.sync.timeout.retry = -1 (default)
2021-12-08 16:20:19,726 [pool-361-thread-1] INFO  server.RaftServerConfigKeys (ConfUtils.java:logGet(44)) - raft.server.log.write.buffer.size = 1048576 (custom)
2021-12-08 16:20:19,726 [pool-361-thread-1] INFO  server.RaftServerConfigKeys (ConfUtils.java:logGet(44)) - raft.server.log.statemachine.data.caching.enabled = true (custom)
2021-12-08 16:20:19,726 [pool-361-thread-1] INFO  segmented.SegmentedRaftLogWorker (SegmentedRaftLogWorker.java:lambda$new$0(133)) - 6b9f135a-20fd-4e81-a28d-527c97df21c1@group-B8A05E5EF970-SegmentedRaftLogWorker: flushIndex: setUnconditionally 0 -> -1
2021-12-08 16:20:19,726 [pool-361-thread-1] INFO  segmented.SegmentedRaftLogWorker (SegmentedRaftLogWorker.java:lambda$new$0(133)) - 6b9f135a-20fd-4e81-a28d-527c97df21c1@group-B8A05E5EF970-SegmentedRaftLogWorker: safeCacheEvictIndex: setUnconditionally 0 -> -1
2021-12-08 16:20:19,732 [pool-361-thread-1] INFO  server.RaftServerConfigKeys (ConfUtils.java:logGet(44)) - raft.server.snapshot.auto.trigger.enabled = true (custom)
2021-12-08 16:20:19,732 [pool-361-thread-1] INFO  server.RaftServerConfigKeys (ConfUtils.java:logGet(44)) - raft.server.snapshot.auto.trigger.threshold = 10000 (custom)
2021-12-08 16:20:19,732 [pool-361-thread-1] INFO  server.RaftServerConfigKeys (ConfUtils.java:logGet(44)) - raft.server.snapshot.retention.file.num = 5 (custom)
2021-12-08 16:20:19,732 [pool-361-thread-1] INFO  server.RaftServerConfigKeys (ConfUtils.java:logGet(44)) - raft.server.log.purge.upto.snapshot.index = false (default)
2021-12-08 16:20:19,732 [pool-361-thread-1] INFO  server.RaftServerConfigKeys (ConfUtils.java:logGet(44)) - raft.server.retrycache.expirytime = 600000ms (custom)
2021-12-08 16:20:19,732 [pool-361-thread-1] INFO  server.RaftServerConfigKeys (ConfUtils.java:logGet(44)) - raft.server.retrycache.statistics.expirytime = 100μs (default)
2021-12-08 16:20:19,733 [pool-361-thread-1] INFO  server.RaftServer$Division (RaftServerImpl.java:start(301)) - 6b9f135a-20fd-4e81-a28d-527c97df21c1@group-B8A05E5EF970: start as a follower, conf=-1: [27d2eb57-a972-4dc6-9799-c8417eae57ce|rpc:10.1.0.47:39277|dataStream:|priority:0, 244676ad-e546-497d-9019-d858b1c3095a|rpc:10.1.0.47:46005|dataStream:|priority:0, 6b9f135a-20fd-4e81-a28d-527c97df21c1|rpc:10.1.0.47:43913|dataStream:|priority:1], old=null
2021-12-08 16:20:19,733 [pool-361-thread-1] INFO  server.RaftServer$Division (RaftServerImpl.java:setRole(290)) - 6b9f135a-20fd-4e81-a28d-527c97df21c1@group-B8A05E5EF970: changes role from      null to FOLLOWER at term 0 for startAsFollower
2021-12-08 16:20:19,733 [pool-361-thread-1] INFO  impl.RoleInfo (RoleInfo.java:updateAndGet(130)) - 6b9f135a-20fd-4e81-a28d-527c97df21c1: start 6b9f135a-20fd-4e81-a28d-527c97df21c1@group-B8A05E5EF970-FollowerState
2021-12-08 16:20:19,743 [pool-361-thread-1] INFO  util.JmxRegister (JmxRegister.java:tryRegister(44)) - Successfully registered JMX Bean with object name Ratis:service=RaftServer,group=group-B8A05E5EF970,id=6b9f135a-20fd-4e81-a28d-527c97df21c1
2021-12-08 16:20:19,863 [grpc-default-executor-0] INFO  server.RaftServer (RaftServerProxy.java:addNew(95)) - 244676ad-e546-497d-9019-d858b1c3095a: addNew group-B8A05E5EF970:[27d2eb57-a972-4dc6-9799-c8417eae57ce|rpc:10.1.0.47:39277|dataStream:|priority:0, 244676ad-e546-497d-9019-d858b1c3095a|rpc:10.1.0.47:46005|dataStream:|priority:0, 6b9f135a-20fd-4e81-a28d-527c97df21c1|rpc:10.1.0.47:43913|dataStream:|priority:1] returns group-B8A05E5EF970:java.util.concurrent.CompletableFuture@5acf3f93[Not completed]
2021-12-08 16:20:19,863 [pool-382-thread-1] INFO  server.RaftServer$Division (RaftServerImpl.java:<init>(184)) - 244676ad-e546-497d-9019-d858b1c3095a: new RaftServerImpl for group-B8A05E5EF970:[27d2eb57-a972-4dc6-9799-c8417eae57ce|rpc:10.1.0.47:39277|dataStream:|priority:0, 244676ad-e546-497d-9019-d858b1c3095a|rpc:10.1.0.47:46005|dataStream:|priority:0, 6b9f135a-20fd-4e81-a28d-527c97df21c1|rpc:10.1.0.47:43913|dataStream:|priority:1] with ContainerStateMachine:uninitialized
2021-12-08 16:20:19,864 [pool-382-thread-1] INFO  server.RaftServerConfigKeys (ConfUtils.java:logGet(44)) - raft.server.rpc.timeout.min = 5s (custom)
2021-12-08 16:20:19,864 [pool-382-thread-1] INFO  server.RaftServerConfigKeys (ConfUtils.java:logGet(44)) - raft.server.rpc.timeout.max = 5200ms (custom)
2021-12-08 16:20:19,864 [pool-382-thread-1] INFO  server.RaftServerConfigKeys (ConfUtils.java:logGet(44)) - raft.server.rpc.sleep.time = 25ms (default)
2021-12-08 16:20:19,865 [pool-382-thread-1] INFO  server.RaftServerConfigKeys (ConfUtils.java:logGet(44)) - raft.server.rpc.slowness.timeout = 300s (custom)
2021-12-08 16:20:19,865 [pool-382-thread-1] INFO  server.RaftServerConfigKeys (ConfUtils.java:logGet(44)) - raft.server.leaderelection.leader.step-down.wait-time = 10s (default)
2021-12-08 16:20:19,865 [pool-382-thread-1] INFO  server.RaftServerConfigKeys (ConfUtils.java:logGet(44)) - raft.server.sleep.deviation.threshold = 300ms (default)
2021-12-08 16:20:19,865 [pool-382-thread-1] INFO  server.RaftServerConfigKeys (ConfUtils.java:logGet(44)) - raft.server.log.appender.install.snapshot.enabled = false (custom)
2021-12-08 16:20:19,865 [pool-382-thread-1] INFO  server.RaftServer$Division (ServerState.java:<init>(105)) - 244676ad-e546-497d-9019-d858b1c3095a@group-B8A05E5EF970: ConfigurationManager, init=-1: [27d2eb57-a972-4dc6-9799-c8417eae57ce|rpc:10.1.0.47:39277|dataStream:|priority:0, 244676ad-e546-497d-9019-d858b1c3095a|rpc:10.1.0.47:46005|dataStream:|priority:0, 6b9f135a-20fd-4e81-a28d-527c97df21c1|rpc:10.1.0.47:43913|dataStream:|priority:1], old=null, confs=<EMPTY_MAP>
2021-12-08 16:20:19,865 [pool-382-thread-1] INFO  server.RaftServerConfigKeys (ConfUtils.java:logGet(44)) - raft.server.storage.dir = [/home/runner/work/ozone/ozone/hadoop-ozone/integration-test/target/test-dir/MiniOzoneClusterImpl-102f87ea-2986-4930-8fc4-c674960d3cfd/datanode-2/data/ratis] (custom)
2021-12-08 16:20:19,865 [pool-382-thread-1] INFO  server.RaftServerConfigKeys (ConfUtils.java:logGet(44)) - raft.server.log.corruption.policy = EXCEPTION (default)
2021-12-08 16:20:19,865 [pool-382-thread-1] INFO  server.RaftServerConfigKeys (ConfUtils.java:logGet(44)) - raft.server.storage.free-space.min = 0MB (=0) (default)
2021-12-08 16:20:19,865 [pool-382-thread-1] INFO  storage.RaftStorageDirectory (RaftStorageDirectoryImpl.java:analyzeStorage(135)) - The storage directory /home/runner/work/ozone/ozone/hadoop-ozone/integration-test/target/test-dir/MiniOzoneClusterImpl-102f87ea-2986-4930-8fc4-c674960d3cfd/datanode-2/data/ratis/b5b43d9d-e47a-43c8-9c70-b8a05e5ef970 does not exist. Creating ...
2021-12-08 16:20:19,872 [pool-382-thread-1] INFO  storage.RaftStorageDirectory (RaftStorageDirectoryImpl.java:tryLock(230)) - Lock on /home/runner/work/ozone/ozone/hadoop-ozone/integration-test/target/test-dir/MiniOzoneClusterImpl-102f87ea-2986-4930-8fc4-c674960d3cfd/datanode-2/data/ratis/b5b43d9d-e47a-43c8-9c70-b8a05e5ef970/in_use.lock acquired by nodename 9760@fv-az59-681
2021-12-08 16:20:19,873 [pool-382-thread-1] INFO  storage.RaftStorage (RaftStorageImpl.java:format(89)) - Storage directory /home/runner/work/ozone/ozone/hadoop-ozone/integration-test/target/test-dir/MiniOzoneClusterImpl-102f87ea-2986-4930-8fc4-c674960d3cfd/datanode-2/data/ratis/b5b43d9d-e47a-43c8-9c70-b8a05e5ef970 has been successfully formatted.
2021-12-08 16:20:19,875 [pool-382-thread-1] INFO  ratis.ContainerStateMachine (ContainerStateMachine.java:loadSnapshot(231)) - group-B8A05E5EF970: The snapshot info is null. Setting the last applied indexto:(t:0, i:~)
2021-12-08 16:20:19,876 [pool-382-thread-1] INFO  server.RaftServerConfigKeys (ConfUtils.java:logGet(44)) - raft.server.notification.no-leader.timeout = 300s (custom)
2021-12-08 16:20:19,876 [pool-382-thread-1] INFO  server.RaftServerConfigKeys (ConfUtils.java:logGet(44)) - raft.server.log.use.memory = false (default)
2021-12-08 16:20:19,876 [pool-382-thread-1] INFO  server.RaftServerConfigKeys (ConfUtils.java:logGet(44)) - raft.server.log.purge.gap = 1000000 (custom)
2021-12-08 16:20:19,876 [pool-382-thread-1] INFO  server.RaftServerConfigKeys (ConfUtils.java:logGet(44)) - raft.server.log.appender.buffer.byte-limit = 33554432 (custom)
2021-12-08 16:20:19,876 [pool-382-thread-1] INFO  server.RaftServerConfigKeys (ConfUtils.java:logGet(44)) - raft.server.log.segment.size.max = 1048576 (custom)
2021-12-08 16:20:19,876 [pool-382-thread-1] INFO  server.RaftServerConfigKeys (ConfUtils.java:logGet(44)) - raft.server.log.segment.cache.num.max = 2 (custom)
2021-12-08 16:20:19,877 [pool-382-thread-1] INFO  server.RaftServerConfigKeys (ConfUtils.java:logGet(44)) - raft.server.log.segment.cache.size.max = 200MB (=209715200) (default)
2021-12-08 16:20:19,877 [pool-382-thread-1] INFO  segmented.SegmentedRaftLogWorker (SegmentedRaftLogWorker.java:<init>(182)) - new 244676ad-e546-497d-9019-d858b1c3095a@group-B8A05E5EF970-SegmentedRaftLogWorker for RaftStorageImpl:Storage Directory /home/runner/work/ozone/ozone/hadoop-ozone/integration-test/target/test-dir/MiniOzoneClusterImpl-102f87ea-2986-4930-8fc4-c674960d3cfd/datanode-2/data/ratis/b5b43d9d-e47a-43c8-9c70-b8a05e5ef970
2021-12-08 16:20:19,877 [pool-382-thread-1] INFO  server.RaftServerConfigKeys (ConfUtils.java:logGet(44)) - raft.server.log.queue.byte-limit = 2147483647 (custom)
2021-12-08 16:20:19,877 [pool-382-thread-1] INFO  server.RaftServerConfigKeys (ConfUtils.java:logGet(44)) - raft.server.log.queue.element-limit = 1024 (custom)
2021-12-08 16:20:19,877 [pool-382-thread-1] INFO  server.RaftServerConfigKeys (ConfUtils.java:logGet(44)) - raft.server.log.segment.size.max = 1048576 (custom)
2021-12-08 16:20:19,877 [pool-382-thread-1] INFO  server.RaftServerConfigKeys (ConfUtils.java:logGet(44)) - raft.server.log.preallocated.size = 16384 (custom)
2021-12-08 16:20:19,877 [pool-382-thread-1] INFO  server.RaftServerConfigKeys (ConfUtils.java:logGet(44)) - raft.server.log.force.sync.num = 128 (default)
2021-12-08 16:20:19,877 [pool-382-thread-1] INFO  server.RaftServerConfigKeys (ConfUtils.java:logGet(44)) - raft.server.log.statemachine.data.sync = true (default)
2021-12-08 16:20:19,877 [pool-382-thread-1] INFO  server.RaftServerConfigKeys (ConfUtils.java:logGet(44)) - raft.server.log.statemachine.data.sync.timeout = 10s (default)
2021-12-08 16:20:19,877 [pool-382-thread-1] INFO  server.RaftServerConfigKeys (ConfUtils.java:logGet(44)) - raft.server.log.statemachine.data.sync.timeout.retry = -1 (default)
2021-12-08 16:20:19,878 [pool-382-thread-1] INFO  server.RaftServerConfigKeys (ConfUtils.java:logGet(44)) - raft.server.log.write.buffer.size = 1048576 (custom)
2021-12-08 16:20:19,878 [pool-382-thread-1] INFO  server.RaftServerConfigKeys (ConfUtils.java:logGet(44)) - raft.server.log.statemachine.data.caching.enabled = true (custom)
2021-12-08 16:20:19,879 [pool-382-thread-1] INFO  segmented.SegmentedRaftLogWorker (SegmentedRaftLogWorker.java:lambda$new$0(133)) - 244676ad-e546-497d-9019-d858b1c3095a@group-B8A05E5EF970-SegmentedRaftLogWorker: flushIndex: setUnconditionally 0 -> -1
2021-12-08 16:20:19,881 [pool-382-thread-1] INFO  segmented.SegmentedRaftLogWorker (SegmentedRaftLogWorker.java:lambda$new$0(133)) - 244676ad-e546-497d-9019-d858b1c3095a@group-B8A05E5EF970-SegmentedRaftLogWorker: safeCacheEvictIndex: setUnconditionally 0 -> -1
2021-12-08 16:20:19,902 [pool-382-thread-1] INFO  server.RaftServerConfigKeys (ConfUtils.java:logGet(44)) - raft.server.snapshot.auto.trigger.enabled = true (custom)
2021-12-08 16:20:19,902 [pool-382-thread-1] INFO  server.RaftServerConfigKeys (ConfUtils.java:logGet(44)) - raft.server.snapshot.auto.trigger.threshold = 10000 (custom)
2021-12-08 16:20:19,902 [pool-382-thread-1] INFO  server.RaftServerConfigKeys (ConfUtils.java:logGet(44)) - raft.server.snapshot.retention.file.num = 5 (custom)
2021-12-08 16:20:19,902 [pool-382-thread-1] INFO  server.RaftServerConfigKeys (ConfUtils.java:logGet(44)) - raft.server.log.purge.upto.snapshot.index = false (default)
2021-12-08 16:20:19,902 [pool-382-thread-1] INFO  server.RaftServerConfigKeys (ConfUtils.java:logGet(44)) - raft.server.retrycache.expirytime = 600000ms (custom)
2021-12-08 16:20:19,902 [pool-382-thread-1] INFO  server.RaftServerConfigKeys (ConfUtils.java:logGet(44)) - raft.server.retrycache.statistics.expirytime = 100μs (default)
2021-12-08 16:20:19,903 [pool-382-thread-1] INFO  server.RaftServer$Division (RaftServerImpl.java:start(301)) - 244676ad-e546-497d-9019-d858b1c3095a@group-B8A05E5EF970: start as a follower, conf=-1: [27d2eb57-a972-4dc6-9799-c8417eae57ce|rpc:10.1.0.47:39277|dataStream:|priority:0, 244676ad-e546-497d-9019-d858b1c3095a|rpc:10.1.0.47:46005|dataStream:|priority:0, 6b9f135a-20fd-4e81-a28d-527c97df21c1|rpc:10.1.0.47:43913|dataStream:|priority:1], old=null
2021-12-08 16:20:19,904 [pool-382-thread-1] INFO  server.RaftServer$Division (RaftServerImpl.java:setRole(290)) - 244676ad-e546-497d-9019-d858b1c3095a@group-B8A05E5EF970: changes role from      null to FOLLOWER at term 0 for startAsFollower
2021-12-08 16:20:19,904 [pool-382-thread-1] INFO  impl.RoleInfo (RoleInfo.java:updateAndGet(130)) - 244676ad-e546-497d-9019-d858b1c3095a: start 244676ad-e546-497d-9019-d858b1c3095a@group-B8A05E5EF970-FollowerState
2021-12-08 16:20:19,919 [pool-382-thread-1] INFO  util.JmxRegister (JmxRegister.java:tryRegister(44)) - Successfully registered JMX Bean with object name Ratis:service=RaftServer,group=group-B8A05E5EF970,id=244676ad-e546-497d-9019-d858b1c3095a
2021-12-08 16:20:19,935 [Command processor thread] INFO  server.RaftServer (RaftServerProxy.java:addNew(95)) - 6b9f135a-20fd-4e81-a28d-527c97df21c1: addNew group-B0C380767FBC:[6b9f135a-20fd-4e81-a28d-527c97df21c1|rpc:10.1.0.47:43913|priority:1] returns group-B0C380767FBC:java.util.concurrent.CompletableFuture@6e29d9fd[Not completed]
2021-12-08 16:20:19,936 [pool-361-thread-1] INFO  server.RaftServer$Division (RaftServerImpl.java:<init>(184)) - 6b9f135a-20fd-4e81-a28d-527c97df21c1: new RaftServerImpl for group-B0C380767FBC:[6b9f135a-20fd-4e81-a28d-527c97df21c1|rpc:10.1.0.47:43913|priority:1] with ContainerStateMachine:uninitialized
2021-12-08 16:20:19,936 [pool-361-thread-1] INFO  server.RaftServerConfigKeys (ConfUtils.java:logGet(44)) - raft.server.rpc.timeout.min = 5s (custom)
2021-12-08 16:20:19,936 [pool-361-thread-1] INFO  server.RaftServerConfigKeys (ConfUtils.java:logGet(44)) - raft.server.rpc.timeout.max = 5200ms (custom)
2021-12-08 16:20:19,936 [pool-361-thread-1] INFO  server.RaftServerConfigKeys (ConfUtils.java:logGet(44)) - raft.server.rpc.sleep.time = 25ms (default)
2021-12-08 16:20:19,936 [pool-361-thread-1] INFO  server.RaftServerConfigKeys (ConfUtils.java:logGet(44)) - raft.server.rpc.slowness.timeout = 300s (custom)
2021-12-08 16:20:19,936 [pool-361-thread-1] INFO  server.RaftServerConfigKeys (ConfUtils.java:logGet(44)) - raft.server.leaderelection.leader.step-down.wait-time = 10s (default)
2021-12-08 16:20:19,936 [pool-361-thread-1] INFO  server.RaftServerConfigKeys (ConfUtils.java:logGet(44)) - raft.server.sleep.deviation.threshold = 300ms (default)
2021-12-08 16:20:19,936 [pool-361-thread-1] INFO  server.RaftServerConfigKeys (ConfUtils.java:logGet(44)) - raft.server.log.appender.install.snapshot.enabled = false (custom)
2021-12-08 16:20:19,936 [pool-361-thread-1] INFO  server.RaftServer$Division (ServerState.java:<init>(105)) - 6b9f135a-20fd-4e81-a28d-527c97df21c1@group-B0C380767FBC: ConfigurationManager, init=-1: [6b9f135a-20fd-4e81-a28d-527c97df21c1|rpc:10.1.0.47:43913|priority:1], old=null, confs=<EMPTY_MAP>
2021-12-08 16:20:19,937 [pool-361-thread-1] INFO  server.RaftServerConfigKeys (ConfUtils.java:logGet(44)) - raft.server.storage.dir = [/home/runner/work/ozone/ozone/hadoop-ozone/integration-test/target/test-dir/MiniOzoneClusterImpl-102f87ea-2986-4930-8fc4-c674960d3cfd/datanode-1/data/ratis] (custom)
2021-12-08 16:20:19,937 [pool-361-thread-1] INFO  server.RaftServerConfigKeys (ConfUtils.java:logGet(44)) - raft.server.log.corruption.policy = EXCEPTION (default)
2021-12-08 16:20:19,937 [pool-361-thread-1] INFO  server.RaftServerConfigKeys (ConfUtils.java:logGet(44)) - raft.server.storage.free-space.min = 0MB (=0) (default)
2021-12-08 16:20:19,937 [pool-361-thread-1] INFO  storage.RaftStorageDirectory (RaftStorageDirectoryImpl.java:analyzeStorage(135)) - The storage directory /home/runner/work/ozone/ozone/hadoop-ozone/integration-test/target/test-dir/MiniOzoneClusterImpl-102f87ea-2986-4930-8fc4-c674960d3cfd/datanode-1/data/ratis/0e198a50-c5ae-48ed-94b3-b0c380767fbc does not exist. Creating ...
2021-12-08 16:20:19,941 [Command processor thread] INFO  commandhandler.CreatePipelineCommandHandler (CreatePipelineCommandHandler.java:handle(106)) - Created Pipeline RATIS THREE PipelineID=b5b43d9d-e47a-43c8-9c70-b8a05e5ef970.
2021-12-08 16:20:19,941 [Command processor thread] INFO  server.RaftServer (RaftServerProxy.java:addNew(95)) - 27d2eb57-a972-4dc6-9799-c8417eae57ce: addNew group-E178D35DBC74:[27d2eb57-a972-4dc6-9799-c8417eae57ce|rpc:10.1.0.47:39277|priority:0, 244676ad-e546-497d-9019-d858b1c3095a|rpc:10.1.0.47:46005|priority:1, 6b9f135a-20fd-4e81-a28d-527c97df21c1|rpc:10.1.0.47:43913|priority:0] returns group-E178D35DBC74:java.util.concurrent.CompletableFuture@7c43b1d[Not completed]
2021-12-08 16:20:19,942 [pool-340-thread-1] INFO  server.RaftServer$Division (RaftServerImpl.java:<init>(184)) - 27d2eb57-a972-4dc6-9799-c8417eae57ce: new RaftServerImpl for group-E178D35DBC74:[27d2eb57-a972-4dc6-9799-c8417eae57ce|rpc:10.1.0.47:39277|priority:0, 244676ad-e546-497d-9019-d858b1c3095a|rpc:10.1.0.47:46005|priority:1, 6b9f135a-20fd-4e81-a28d-527c97df21c1|rpc:10.1.0.47:43913|priority:0] with ContainerStateMachine:uninitialized
2021-12-08 16:20:19,942 [pool-340-thread-1] INFO  server.RaftServerConfigKeys (ConfUtils.java:logGet(44)) - raft.server.rpc.timeout.min = 5s (custom)
2021-12-08 16:20:19,942 [pool-340-thread-1] INFO  server.RaftServerConfigKeys (ConfUtils.java:logGet(44)) - raft.server.rpc.timeout.max = 5200ms (custom)
2021-12-08 16:20:19,942 [pool-340-thread-1] INFO  server.RaftServerConfigKeys (ConfUtils.java:logGet(44)) - raft.server.rpc.sleep.time = 25ms (default)
2021-12-08 16:20:19,942 [pool-340-thread-1] INFO  server.RaftServerConfigKeys (ConfUtils.java:logGet(44)) - raft.server.rpc.slowness.timeout = 300s (custom)
2021-12-08 16:20:19,942 [pool-340-thread-1] INFO  server.RaftServerConfigKeys (ConfUtils.java:logGet(44)) - raft.server.leaderelection.leader.step-down.wait-time = 10s (default)
2021-12-08 16:20:19,942 [pool-340-thread-1] INFO  server.RaftServerConfigKeys (ConfUtils.java:logGet(44)) - raft.server.sleep.deviation.threshold = 300ms (default)
2021-12-08 16:20:19,942 [pool-340-thread-1] INFO  server.RaftServerConfigKeys (ConfUtils.java:logGet(44)) - raft.server.log.appender.install.snapshot.enabled = false (custom)
2021-12-08 16:20:19,942 [pool-340-thread-1] INFO  server.RaftServer$Division (ServerState.java:<init>(105)) - 27d2eb57-a972-4dc6-9799-c8417eae57ce@group-E178D35DBC74: ConfigurationManager, init=-1: [27d2eb57-a972-4dc6-9799-c8417eae57ce|rpc:10.1.0.47:39277|priority:0, 244676ad-e546-497d-9019-d858b1c3095a|rpc:10.1.0.47:46005|priority:1, 6b9f135a-20fd-4e81-a28d-527c97df21c1|rpc:10.1.0.47:43913|priority:0], old=null, confs=<EMPTY_MAP>
2021-12-08 16:20:19,942 [pool-340-thread-1] INFO  server.RaftServerConfigKeys (ConfUtils.java:logGet(44)) - raft.server.storage.dir = [/home/runner/work/ozone/ozone/hadoop-ozone/integration-test/target/test-dir/MiniOzoneClusterImpl-102f87ea-2986-4930-8fc4-c674960d3cfd/datanode-0/data/ratis] (custom)
2021-12-08 16:20:19,943 [pool-340-thread-1] INFO  server.RaftServerConfigKeys (ConfUtils.java:logGet(44)) - raft.server.log.corruption.policy = EXCEPTION (default)
2021-12-08 16:20:19,943 [pool-340-thread-1] INFO  server.RaftServerConfigKeys (ConfUtils.java:logGet(44)) - raft.server.storage.free-space.min = 0MB (=0) (default)
2021-12-08 16:20:19,943 [pool-340-thread-1] INFO  storage.RaftStorageDirectory (RaftStorageDirectoryImpl.java:analyzeStorage(135)) - The storage directory /home/runner/work/ozone/ozone/hadoop-ozone/integration-test/target/test-dir/MiniOzoneClusterImpl-102f87ea-2986-4930-8fc4-c674960d3cfd/datanode-0/data/ratis/b5c2bffc-37f8-4a21-beff-e178d35dbc74 does not exist. Creating ...
2021-12-08 16:20:19,945 [pool-340-thread-1] INFO  storage.RaftStorageDirectory (RaftStorageDirectoryImpl.java:tryLock(230)) - Lock on /home/runner/work/ozone/ozone/hadoop-ozone/integration-test/target/test-dir/MiniOzoneClusterImpl-102f87ea-2986-4930-8fc4-c674960d3cfd/datanode-0/data/ratis/b5c2bffc-37f8-4a21-beff-e178d35dbc74/in_use.lock acquired by nodename 9760@fv-az59-681
2021-12-08 16:20:19,945 [pool-361-thread-1] INFO  storage.RaftStorageDirectory (RaftStorageDirectoryImpl.java:tryLock(230)) - Lock on /home/runner/work/ozone/ozone/hadoop-ozone/integration-test/target/test-dir/MiniOzoneClusterImpl-102f87ea-2986-4930-8fc4-c674960d3cfd/datanode-1/data/ratis/0e198a50-c5ae-48ed-94b3-b0c380767fbc/in_use.lock acquired by nodename 9760@fv-az59-681
2021-12-08 16:20:19,951 [pool-340-thread-1] INFO  storage.RaftStorage (RaftStorageImpl.java:format(89)) - Storage directory /home/runner/work/ozone/ozone/hadoop-ozone/integration-test/target/test-dir/MiniOzoneClusterImpl-102f87ea-2986-4930-8fc4-c674960d3cfd/datanode-0/data/ratis/b5c2bffc-37f8-4a21-beff-e178d35dbc74 has been successfully formatted.
2021-12-08 16:20:19,951 [pool-361-thread-1] INFO  storage.RaftStorage (RaftStorageImpl.java:format(89)) - Storage directory /home/runner/work/ozone/ozone/hadoop-ozone/integration-test/target/test-dir/MiniOzoneClusterImpl-102f87ea-2986-4930-8fc4-c674960d3cfd/datanode-1/data/ratis/0e198a50-c5ae-48ed-94b3-b0c380767fbc has been successfully formatted.
2021-12-08 16:20:19,952 [EventQueue-OpenPipelineForHealthyPipelineSafeModeRule] INFO  safemode.SCMSafeModeManager (HealthyPipelineSafeModeRule.java:process(124)) - SCM in safe mode. Healthy pipelines reported count is 0, required healthy pipeline reported count is 1
2021-12-08 16:20:19,952 [pool-340-thread-1] INFO  ratis.ContainerStateMachine (ContainerStateMachine.java:loadSnapshot(231)) - group-E178D35DBC74: The snapshot info is null. Setting the last applied indexto:(t:0, i:~)
2021-12-08 16:20:19,952 [pool-340-thread-1] INFO  server.RaftServerConfigKeys (ConfUtils.java:logGet(44)) - raft.server.notification.no-leader.timeout = 300s (custom)
2021-12-08 16:20:19,952 [pool-340-thread-1] INFO  server.RaftServerConfigKeys (ConfUtils.java:logGet(44)) - raft.server.log.use.memory = false (default)
2021-12-08 16:20:19,952 [pool-340-thread-1] INFO  server.RaftServerConfigKeys (ConfUtils.java:logGet(44)) - raft.server.log.purge.gap = 1000000 (custom)
2021-12-08 16:20:19,953 [pool-340-thread-1] INFO  server.RaftServerConfigKeys (ConfUtils.java:logGet(44)) - raft.server.log.appender.buffer.byte-limit = 33554432 (custom)
2021-12-08 16:20:19,953 [pool-340-thread-1] INFO  server.RaftServerConfigKeys (ConfUtils.java:logGet(44)) - raft.server.log.segment.size.max = 1048576 (custom)
2021-12-08 16:20:19,954 [EventQueue-PipelineReportForPipelineReportHandler] INFO  pipeline.PipelineManagerImpl (PipelineManagerImpl.java:openPipeline(291)) - Pipeline Pipeline[ Id: 0e198a50-c5ae-48ed-94b3-b0c380767fbc, Nodes: 6b9f135a-20fd-4e81-a28d-527c97df21c1{ip: 10.1.0.47, host: fv-az59-681.csjynl4pkq3e1pkirw3ssqjfoh.cx.internal.cloudapp.net, ports: [REPLICATION=43413, RATIS=43913, RATIS_ADMIN=43913, RATIS_SERVER=43913, STANDALONE=37319], networkLocation: /default-rack, certSerialId: null, persistedOpState: IN_SERVICE, persistedOpStateExpiryEpochSec: 0}, ReplicationConfig: RATIS/ONE, State:ALLOCATED, leaderId:6b9f135a-20fd-4e81-a28d-527c97df21c1, CreationTimestamp2021-12-08T16:20:16.937Z[Etc/UTC]] moved to OPEN state
2021-12-08 16:20:19,955 [pool-361-thread-1] INFO  ratis.ContainerStateMachine (ContainerStateMachine.java:loadSnapshot(231)) - group-B0C380767FBC: The snapshot info is null. Setting the last applied indexto:(t:0, i:~)
2021-12-08 16:20:19,955 [pool-361-thread-1] INFO  server.RaftServerConfigKeys (ConfUtils.java:logGet(44)) - raft.server.notification.no-leader.timeout = 300s (custom)
2021-12-08 16:20:19,955 [pool-361-thread-1] INFO  server.RaftServerConfigKeys (ConfUtils.java:logGet(44)) - raft.server.log.use.memory = false (default)
2021-12-08 16:20:19,955 [pool-361-thread-1] INFO  server.RaftServerConfigKeys (ConfUtils.java:logGet(44)) - raft.server.log.purge.gap = 1000000 (custom)
2021-12-08 16:20:19,955 [EventQueue-OpenPipelineForHealthyPipelineSafeModeRule] INFO  safemode.SCMSafeModeManager (HealthyPipelineSafeModeRule.java:process(124)) - SCM in safe mode. Healthy pipelines reported count is 0, required healthy pipeline reported count is 1
2021-12-08 16:20:19,956 [pool-340-thread-1] INFO  server.RaftServerConfigKeys (ConfUtils.java:logGet(44)) - raft.server.log.segment.cache.num.max = 2 (custom)
2021-12-08 16:20:19,956 [pool-340-thread-1] INFO  server.RaftServerConfigKeys (ConfUtils.java:logGet(44)) - raft.server.log.segment.cache.size.max = 200MB (=209715200) (default)
2021-12-08 16:20:19,956 [pool-340-thread-1] INFO  segmented.SegmentedRaftLogWorker (SegmentedRaftLogWorker.java:<init>(182)) - new 27d2eb57-a972-4dc6-9799-c8417eae57ce@group-E178D35DBC74-SegmentedRaftLogWorker for RaftStorageImpl:Storage Directory /home/runner/work/ozone/ozone/hadoop-ozone/integration-test/target/test-dir/MiniOzoneClusterImpl-102f87ea-2986-4930-8fc4-c674960d3cfd/datanode-0/data/ratis/b5c2bffc-37f8-4a21-beff-e178d35dbc74
2021-12-08 16:20:19,956 [pool-340-thread-1] INFO  server.RaftServerConfigKeys (ConfUtils.java:logGet(44)) - raft.server.log.queue.byte-limit = 2147483647 (custom)
2021-12-08 16:20:19,956 [pool-340-thread-1] INFO  server.RaftServerConfigKeys (ConfUtils.java:logGet(44)) - raft.server.log.queue.element-limit = 1024 (custom)
2021-12-08 16:20:19,956 [pool-340-thread-1] INFO  server.RaftServerConfigKeys (ConfUtils.java:logGet(44)) - raft.server.log.segment.size.max = 1048576 (custom)
2021-12-08 16:20:19,956 [pool-340-thread-1] INFO  server.RaftServerConfigKeys (ConfUtils.java:logGet(44)) - raft.server.log.preallocated.size = 16384 (custom)
2021-12-08 16:20:19,956 [pool-340-thread-1] INFO  server.RaftServerConfigKeys (ConfUtils.java:logGet(44)) - raft.server.log.force.sync.num = 128 (default)
2021-12-08 16:20:19,956 [pool-340-thread-1] INFO  server.RaftServerConfigKeys (ConfUtils.java:logGet(44)) - raft.server.log.statemachine.data.sync = true (default)
2021-12-08 16:20:19,956 [pool-340-thread-1] INFO  server.RaftServerConfigKeys (ConfUtils.java:logGet(44)) - raft.server.log.statemachine.data.sync.timeout = 10s (default)
2021-12-08 16:20:19,956 [pool-340-thread-1] INFO  server.RaftServerConfigKeys (ConfUtils.java:logGet(44)) - raft.server.log.statemachine.data.sync.timeout.retry = -1 (default)
2021-12-08 16:20:19,957 [pool-340-thread-1] INFO  server.RaftServerConfigKeys (ConfUtils.java:logGet(44)) - raft.server.log.write.buffer.size = 1048576 (custom)
2021-12-08 16:20:19,958 [pool-340-thread-1] INFO  server.RaftServerConfigKeys (ConfUtils.java:logGet(44)) - raft.server.log.statemachine.data.caching.enabled = true (custom)
2021-12-08 16:20:19,958 [pool-340-thread-1] INFO  segmented.SegmentedRaftLogWorker (SegmentedRaftLogWorker.java:lambda$new$0(133)) - 27d2eb57-a972-4dc6-9799-c8417eae57ce@group-E178D35DBC74-SegmentedRaftLogWorker: flushIndex: setUnconditionally 0 -> -1
2021-12-08 16:20:19,958 [pool-340-thread-1] INFO  segmented.SegmentedRaftLogWorker (SegmentedRaftLogWorker.java:lambda$new$0(133)) - 27d2eb57-a972-4dc6-9799-c8417eae57ce@group-E178D35DBC74-SegmentedRaftLogWorker: safeCacheEvictIndex: setUnconditionally 0 -> -1
2021-12-08 16:20:19,955 [pool-361-thread-1] INFO  server.RaftServerConfigKeys (ConfUtils.java:logGet(44)) - raft.server.log.appender.buffer.byte-limit = 33554432 (custom)
2021-12-08 16:20:19,958 [pool-361-thread-1] INFO  server.RaftServerConfigKeys (ConfUtils.java:logGet(44)) - raft.server.log.segment.size.max = 1048576 (custom)
2021-12-08 16:20:19,958 [pool-361-thread-1] INFO  server.RaftServerConfigKeys (ConfUtils.java:logGet(44)) - raft.server.log.segment.cache.num.max = 2 (custom)
2021-12-08 16:20:19,958 [pool-361-thread-1] INFO  server.RaftServerConfigKeys (ConfUtils.java:logGet(44)) - raft.server.log.segment.cache.size.max = 200MB (=209715200) (default)
2021-12-08 16:20:19,958 [pool-361-thread-1] INFO  segmented.SegmentedRaftLogWorker (SegmentedRaftLogWorker.java:<init>(182)) - new 6b9f135a-20fd-4e81-a28d-527c97df21c1@group-B0C380767FBC-SegmentedRaftLogWorker for RaftStorageImpl:Storage Directory /home/runner/work/ozone/ozone/hadoop-ozone/integration-test/target/test-dir/MiniOzoneClusterImpl-102f87ea-2986-4930-8fc4-c674960d3cfd/datanode-1/data/ratis/0e198a50-c5ae-48ed-94b3-b0c380767fbc
2021-12-08 16:20:19,958 [pool-361-thread-1] INFO  server.RaftServerConfigKeys (ConfUtils.java:logGet(44)) - raft.server.log.queue.byte-limit = 2147483647 (custom)
2021-12-08 16:20:19,959 [pool-361-thread-1] INFO  server.RaftServerConfigKeys (ConfUtils.java:logGet(44)) - raft.server.log.queue.element-limit = 1024 (custom)
2021-12-08 16:20:19,959 [pool-361-thread-1] INFO  server.RaftServerConfigKeys (ConfUtils.java:logGet(44)) - raft.server.log.segment.size.max = 1048576 (custom)
2021-12-08 16:20:19,959 [pool-361-thread-1] INFO  server.RaftServerConfigKeys (ConfUtils.java:logGet(44)) - raft.server.log.preallocated.size = 16384 (custom)
2021-12-08 16:20:19,959 [pool-361-thread-1] INFO  server.RaftServerConfigKeys (ConfUtils.java:logGet(44)) - raft.server.log.force.sync.num = 128 (default)
2021-12-08 16:20:19,959 [pool-361-thread-1] INFO  server.RaftServerConfigKeys (ConfUtils.java:logGet(44)) - raft.server.log.statemachine.data.sync = true (default)
2021-12-08 16:20:19,959 [pool-361-thread-1] INFO  server.RaftServerConfigKeys (ConfUtils.java:logGet(44)) - raft.server.log.statemachine.data.sync.timeout = 10s (default)
2021-12-08 16:20:19,959 [pool-361-thread-1] INFO  server.RaftServerConfigKeys (ConfUtils.java:logGet(44)) - raft.server.log.statemachine.data.sync.timeout.retry = -1 (default)
2021-12-08 16:20:19,963 [pool-340-thread-1] INFO  server.RaftServerConfigKeys (ConfUtils.java:logGet(44)) - raft.server.snapshot.auto.trigger.enabled = true (custom)
2021-12-08 16:20:19,963 [pool-340-thread-1] INFO  server.RaftServerConfigKeys (ConfUtils.java:logGet(44)) - raft.server.snapshot.auto.trigger.threshold = 10000 (custom)
2021-12-08 16:20:19,963 [pool-340-thread-1] INFO  server.RaftServerConfigKeys (ConfUtils.java:logGet(44)) - raft.server.snapshot.retention.file.num = 5 (custom)
2021-12-08 16:20:19,963 [pool-340-thread-1] INFO  server.RaftServerConfigKeys (ConfUtils.java:logGet(44)) - raft.server.log.purge.upto.snapshot.index = false (default)
2021-12-08 16:20:19,963 [pool-340-thread-1] INFO  server.RaftServerConfigKeys (ConfUtils.java:logGet(44)) - raft.server.retrycache.expirytime = 600000ms (custom)
2021-12-08 16:20:19,963 [pool-340-thread-1] INFO  server.RaftServerConfigKeys (ConfUtils.java:logGet(44)) - raft.server.retrycache.statistics.expirytime = 100μs (default)
2021-12-08 16:20:19,972 [pool-361-thread-1] INFO  server.RaftServerConfigKeys (ConfUtils.java:logGet(44)) - raft.server.log.write.buffer.size = 1048576 (custom)
2021-12-08 16:20:19,972 [pool-361-thread-1] INFO  server.RaftServerConfigKeys (ConfUtils.java:logGet(44)) - raft.server.log.statemachine.data.caching.enabled = true (custom)
2021-12-08 16:20:19,972 [pool-361-thread-1] INFO  segmented.SegmentedRaftLogWorker (SegmentedRaftLogWorker.java:lambda$new$0(133)) - 6b9f135a-20fd-4e81-a28d-527c97df21c1@group-B0C380767FBC-SegmentedRaftLogWorker: flushIndex: setUnconditionally 0 -> -1
2021-12-08 16:20:19,972 [pool-361-thread-1] INFO  segmented.SegmentedRaftLogWorker (SegmentedRaftLogWorker.java:lambda$new$0(133)) - 6b9f135a-20fd-4e81-a28d-527c97df21c1@group-B0C380767FBC-SegmentedRaftLogWorker: safeCacheEvictIndex: setUnconditionally 0 -> -1
2021-12-08 16:20:19,973 [pool-340-thread-1] INFO  server.RaftServer$Division (RaftServerImpl.java:start(301)) - 27d2eb57-a972-4dc6-9799-c8417eae57ce@group-E178D35DBC74: start as a follower, conf=-1: [27d2eb57-a972-4dc6-9799-c8417eae57ce|rpc:10.1.0.47:39277|priority:0, 244676ad-e546-497d-9019-d858b1c3095a|rpc:10.1.0.47:46005|priority:1, 6b9f135a-20fd-4e81-a28d-527c97df21c1|rpc:10.1.0.47:43913|priority:0], old=null
2021-12-08 16:20:19,974 [pool-340-thread-1] INFO  server.RaftServer$Division (RaftServerImpl.java:setRole(290)) - 27d2eb57-a972-4dc6-9799-c8417eae57ce@group-E178D35DBC74: changes role from      null to FOLLOWER at term 0 for startAsFollower
2021-12-08 16:20:19,990 [pool-361-thread-1] INFO  server.RaftServerConfigKeys (ConfUtils.java:logGet(44)) - raft.server.snapshot.auto.trigger.enabled = true (custom)
2021-12-08 16:20:19,990 [pool-361-thread-1] INFO  server.RaftServerConfigKeys (ConfUtils.java:logGet(44)) - raft.server.snapshot.auto.trigger.threshold = 10000 (custom)
2021-12-08 16:20:19,990 [pool-361-thread-1] INFO  server.RaftServerConfigKeys (ConfUtils.java:logGet(44)) - raft.server.snapshot.retention.file.num = 5 (custom)
2021-12-08 16:20:19,990 [pool-361-thread-1] INFO  server.RaftServerConfigKeys (ConfUtils.java:logGet(44)) - raft.server.log.purge.upto.snapshot.index = false (default)
2021-12-08 16:20:19,990 [pool-361-thread-1] INFO  server.RaftServerConfigKeys (ConfUtils.java:logGet(44)) - raft.server.retrycache.expirytime = 600000ms (custom)
2021-12-08 16:20:19,990 [pool-361-thread-1] INFO  server.RaftServerConfigKeys (ConfUtils.java:logGet(44)) - raft.server.retrycache.statistics.expirytime = 100μs (default)
2021-12-08 16:20:19,991 [pool-361-thread-1] INFO  server.RaftServer$Division (RaftServerImpl.java:start(301)) - 6b9f135a-20fd-4e81-a28d-527c97df21c1@group-B0C380767FBC: start as a follower, conf=-1: [6b9f135a-20fd-4e81-a28d-527c97df21c1|rpc:10.1.0.47:43913|priority:1], old=null
2021-12-08 16:20:19,991 [pool-361-thread-1] INFO  server.RaftServer$Division (RaftServerImpl.java:setRole(290)) - 6b9f135a-20fd-4e81-a28d-527c97df21c1@group-B0C380767FBC: changes role from      null to FOLLOWER at term 0 for startAsFollower
2021-12-08 16:20:19,991 [pool-361-thread-1] INFO  impl.RoleInfo (RoleInfo.java:updateAndGet(130)) - 6b9f135a-20fd-4e81-a28d-527c97df21c1: start 6b9f135a-20fd-4e81-a28d-527c97df21c1@group-B0C380767FBC-FollowerState
2021-12-08 16:20:19,993 [pool-361-thread-1] INFO  util.JmxRegister (JmxRegister.java:tryRegister(44)) - Successfully registered JMX Bean with object name Ratis:service=RaftServer,group=group-B0C380767FBC,id=6b9f135a-20fd-4e81-a28d-527c97df21c1
2021-12-08 16:20:19,993 [pool-340-thread-1] INFO  impl.RoleInfo (RoleInfo.java:updateAndGet(130)) - 27d2eb57-a972-4dc6-9799-c8417eae57ce: start 27d2eb57-a972-4dc6-9799-c8417eae57ce@group-E178D35DBC74-FollowerState
2021-12-08 16:20:19,994 [Command processor thread] INFO  ratis.XceiverServerRatis (XceiverServerRatis.java:addGroup(768)) - Created group PipelineID=0e198a50-c5ae-48ed-94b3-b0c380767fbc
2021-12-08 16:20:19,994 [Command processor thread] INFO  commandhandler.CreatePipelineCommandHandler (CreatePipelineCommandHandler.java:handle(106)) - Created Pipeline RATIS ONE PipelineID=0e198a50-c5ae-48ed-94b3-b0c380767fbc.
2021-12-08 16:20:19,994 [Command processor thread] INFO  server.RaftServer (RaftServerProxy.java:addNew(95)) - 6b9f135a-20fd-4e81-a28d-527c97df21c1: addNew group-E178D35DBC74:[27d2eb57-a972-4dc6-9799-c8417eae57ce|rpc:10.1.0.47:39277|priority:0, 244676ad-e546-497d-9019-d858b1c3095a|rpc:10.1.0.47:46005|priority:1, 6b9f135a-20fd-4e81-a28d-527c97df21c1|rpc:10.1.0.47:43913|priority:0] returns group-E178D35DBC74:java.util.concurrent.CompletableFuture@60ee2a48[Not completed]
2021-12-08 16:20:19,995 [pool-361-thread-1] INFO  server.RaftServer$Division (RaftServerImpl.java:<init>(184)) - 6b9f135a-20fd-4e81-a28d-527c97df21c1: new RaftServerImpl for group-E178D35DBC74:[27d2eb57-a972-4dc6-9799-c8417eae57ce|rpc:10.1.0.47:39277|priority:0, 244676ad-e546-497d-9019-d858b1c3095a|rpc:10.1.0.47:46005|priority:1, 6b9f135a-20fd-4e81-a28d-527c97df21c1|rpc:10.1.0.47:43913|priority:0] with ContainerStateMachine:uninitialized
2021-12-08 16:20:19,995 [pool-361-thread-1] INFO  server.RaftServerConfigKeys (ConfUtils.java:logGet(44)) - raft.server.rpc.timeout.min = 5s (custom)
2021-12-08 16:20:19,995 [pool-361-thread-1] INFO  server.RaftServerConfigKeys (ConfUtils.java:logGet(44)) - raft.server.rpc.timeout.max = 5200ms (custom)
2021-12-08 16:20:19,996 [pool-361-thread-1] INFO  server.RaftServerConfigKeys (ConfUtils.java:logGet(44)) - raft.server.rpc.sleep.time = 25ms (default)
2021-12-08 16:20:19,996 [pool-361-thread-1] INFO  server.RaftServerConfigKeys (ConfUtils.java:logGet(44)) - raft.server.rpc.slowness.timeout = 300s (custom)
2021-12-08 16:20:19,996 [pool-361-thread-1] INFO  server.RaftServerConfigKeys (ConfUtils.java:logGet(44)) - raft.server.leaderelection.leader.step-down.wait-time = 10s (default)
2021-12-08 16:20:19,996 [pool-361-thread-1] INFO  server.RaftServerConfigKeys (ConfUtils.java:logGet(44)) - raft.server.sleep.deviation.threshold = 300ms (default)
2021-12-08 16:20:19,996 [pool-361-thread-1] INFO  server.RaftServerConfigKeys (ConfUtils.java:logGet(44)) - raft.server.log.appender.install.snapshot.enabled = false (custom)
2021-12-08 16:20:19,996 [pool-361-thread-1] INFO  server.RaftServer$Division (ServerState.java:<init>(105)) - 6b9f135a-20fd-4e81-a28d-527c97df21c1@group-E178D35DBC74: ConfigurationManager, init=-1: [27d2eb57-a972-4dc6-9799-c8417eae57ce|rpc:10.1.0.47:39277|priority:0, 244676ad-e546-497d-9019-d858b1c3095a|rpc:10.1.0.47:46005|priority:1, 6b9f135a-20fd-4e81-a28d-527c97df21c1|rpc:10.1.0.47:43913|priority:0], old=null, confs=<EMPTY_MAP>
2021-12-08 16:20:19,996 [pool-361-thread-1] INFO  server.RaftServerConfigKeys (ConfUtils.java:logGet(44)) - raft.server.storage.dir = [/home/runner/work/ozone/ozone/hadoop-ozone/integration-test/target/test-dir/MiniOzoneClusterImpl-102f87ea-2986-4930-8fc4-c674960d3cfd/datanode-1/data/ratis] (custom)
2021-12-08 16:20:19,996 [pool-361-thread-1] INFO  server.RaftServerConfigKeys (ConfUtils.java:logGet(44)) - raft.server.log.corruption.policy = EXCEPTION (default)
2021-12-08 16:20:19,996 [pool-361-thread-1] INFO  server.RaftServerConfigKeys (ConfUtils.java:logGet(44)) - raft.server.storage.free-space.min = 0MB (=0) (default)
2021-12-08 16:20:19,996 [pool-361-thread-1] INFO  storage.RaftStorageDirectory (RaftStorageDirectoryImpl.java:analyzeStorage(135)) - The storage directory /home/runner/work/ozone/ozone/hadoop-ozone/integration-test/target/test-dir/MiniOzoneClusterImpl-102f87ea-2986-4930-8fc4-c674960d3cfd/datanode-1/data/ratis/b5c2bffc-37f8-4a21-beff-e178d35dbc74 does not exist. Creating ...
2021-12-08 16:20:20,004 [pool-340-thread-1] INFO  util.JmxRegister (JmxRegister.java:tryRegister(44)) - Successfully registered JMX Bean with object name Ratis:service=RaftServer,group=group-E178D35DBC74,id=27d2eb57-a972-4dc6-9799-c8417eae57ce
2021-12-08 16:20:20,004 [pool-361-thread-1] INFO  storage.RaftStorageDirectory (RaftStorageDirectoryImpl.java:tryLock(230)) - Lock on /home/runner/work/ozone/ozone/hadoop-ozone/integration-test/target/test-dir/MiniOzoneClusterImpl-102f87ea-2986-4930-8fc4-c674960d3cfd/datanode-1/data/ratis/b5c2bffc-37f8-4a21-beff-e178d35dbc74/in_use.lock acquired by nodename 9760@fv-az59-681
2021-12-08 16:20:20,006 [pool-361-thread-1] INFO  storage.RaftStorage (RaftStorageImpl.java:format(89)) - Storage directory /home/runner/work/ozone/ozone/hadoop-ozone/integration-test/target/test-dir/MiniOzoneClusterImpl-102f87ea-2986-4930-8fc4-c674960d3cfd/datanode-1/data/ratis/b5c2bffc-37f8-4a21-beff-e178d35dbc74 has been successfully formatted.
2021-12-08 16:20:20,027 [pool-361-thread-1] INFO  ratis.ContainerStateMachine (ContainerStateMachine.java:loadSnapshot(231)) - group-E178D35DBC74: The snapshot info is null. Setting the last applied indexto:(t:0, i:~)
2021-12-08 16:20:20,028 [pool-361-thread-1] INFO  server.RaftServerConfigKeys (ConfUtils.java:logGet(44)) - raft.server.notification.no-leader.timeout = 300s (custom)
2021-12-08 16:20:20,028 [pool-361-thread-1] INFO  server.RaftServerConfigKeys (ConfUtils.java:logGet(44)) - raft.server.log.use.memory = false (default)
2021-12-08 16:20:20,028 [pool-361-thread-1] INFO  server.RaftServerConfigKeys (ConfUtils.java:logGet(44)) - raft.server.log.purge.gap = 1000000 (custom)
2021-12-08 16:20:20,028 [pool-361-thread-1] INFO  server.RaftServerConfigKeys (ConfUtils.java:logGet(44)) - raft.server.log.appender.buffer.byte-limit = 33554432 (custom)
2021-12-08 16:20:20,028 [pool-361-thread-1] INFO  server.RaftServerConfigKeys (ConfUtils.java:logGet(44)) - raft.server.log.segment.size.max = 1048576 (custom)
2021-12-08 16:20:20,028 [pool-361-thread-1] INFO  server.RaftServerConfigKeys (ConfUtils.java:logGet(44)) - raft.server.log.segment.cache.num.max = 2 (custom)
2021-12-08 16:20:20,028 [pool-361-thread-1] INFO  server.RaftServerConfigKeys (ConfUtils.java:logGet(44)) - raft.server.log.segment.cache.size.max = 200MB (=209715200) (default)
2021-12-08 16:20:20,028 [pool-361-thread-1] INFO  segmented.SegmentedRaftLogWorker (SegmentedRaftLogWorker.java:<init>(182)) - new 6b9f135a-20fd-4e81-a28d-527c97df21c1@group-E178D35DBC74-SegmentedRaftLogWorker for RaftStorageImpl:Storage Directory /home/runner/work/ozone/ozone/hadoop-ozone/integration-test/target/test-dir/MiniOzoneClusterImpl-102f87ea-2986-4930-8fc4-c674960d3cfd/datanode-1/data/ratis/b5c2bffc-37f8-4a21-beff-e178d35dbc74
2021-12-08 16:20:20,028 [pool-361-thread-1] INFO  server.RaftServerConfigKeys (ConfUtils.java:logGet(44)) - raft.server.log.queue.byte-limit = 2147483647 (custom)
2021-12-08 16:20:20,028 [pool-361-thread-1] INFO  server.RaftServerConfigKeys (ConfUtils.java:logGet(44)) - raft.server.log.queue.element-limit = 1024 (custom)
2021-12-08 16:20:20,028 [pool-361-thread-1] INFO  server.RaftServerConfigKeys (ConfUtils.java:logGet(44)) - raft.server.log.segment.size.max = 1048576 (custom)
2021-12-08 16:20:20,029 [pool-361-thread-1] INFO  server.RaftServerConfigKeys (ConfUtils.java:logGet(44)) - raft.server.log.preallocated.size = 16384 (custom)
2021-12-08 16:20:20,029 [pool-361-thread-1] INFO  server.RaftServerConfigKeys (ConfUtils.java:logGet(44)) - raft.server.log.force.sync.num = 128 (default)
2021-12-08 16:20:20,029 [pool-361-thread-1] INFO  server.RaftServerConfigKeys (ConfUtils.java:logGet(44)) - raft.server.log.statemachine.data.sync = true (default)
2021-12-08 16:20:20,029 [pool-361-thread-1] INFO  server.RaftServerConfigKeys (ConfUtils.java:logGet(44)) - raft.server.log.statemachine.data.sync.timeout = 10s (default)
2021-12-08 16:20:20,029 [pool-361-thread-1] INFO  server.RaftServerConfigKeys (ConfUtils.java:logGet(44)) - raft.server.log.statemachine.data.sync.timeout.retry = -1 (default)
2021-12-08 16:20:20,029 [pool-361-thread-1] INFO  server.RaftServerConfigKeys (ConfUtils.java:logGet(44)) - raft.server.log.write.buffer.size = 1048576 (custom)
2021-12-08 16:20:20,030 [pool-361-thread-1] INFO  server.RaftServerConfigKeys (ConfUtils.java:logGet(44)) - raft.server.log.statemachine.data.caching.enabled = true (custom)
2021-12-08 16:20:20,030 [pool-361-thread-1] INFO  segmented.SegmentedRaftLogWorker (SegmentedRaftLogWorker.java:lambda$new$0(133)) - 6b9f135a-20fd-4e81-a28d-527c97df21c1@group-E178D35DBC74-SegmentedRaftLogWorker: flushIndex: setUnconditionally 0 -> -1
2021-12-08 16:20:20,030 [pool-361-thread-1] INFO  segmented.SegmentedRaftLogWorker (SegmentedRaftLogWorker.java:lambda$new$0(133)) - 6b9f135a-20fd-4e81-a28d-527c97df21c1@group-E178D35DBC74-SegmentedRaftLogWorker: safeCacheEvictIndex: setUnconditionally 0 -> -1
2021-12-08 16:20:20,030 [Command processor thread] INFO  ratis.XceiverServerRatis (XceiverServerRatis.java:addGroup(768)) - Created group PipelineID=b5c2bffc-37f8-4a21-beff-e178d35dbc74
2021-12-08 16:20:20,031 [EventQueue-OpenPipelineForHealthyPipelineSafeModeRule] INFO  safemode.SCMSafeModeManager (HealthyPipelineSafeModeRule.java:process(124)) - SCM in safe mode. Healthy pipelines reported count is 0, required healthy pipeline reported count is 1
2021-12-08 16:20:20,034 [pool-361-thread-1] INFO  server.RaftServerConfigKeys (ConfUtils.java:logGet(44)) - raft.server.snapshot.auto.trigger.enabled = true (custom)
2021-12-08 16:20:20,034 [pool-361-thread-1] INFO  server.RaftServerConfigKeys (ConfUtils.java:logGet(44)) - raft.server.snapshot.auto.trigger.threshold = 10000 (custom)
2021-12-08 16:20:20,034 [pool-361-thread-1] INFO  server.RaftServerConfigKeys (ConfUtils.java:logGet(44)) - raft.server.snapshot.retention.file.num = 5 (custom)
2021-12-08 16:20:20,034 [pool-361-thread-1] INFO  server.RaftServerConfigKeys (ConfUtils.java:logGet(44)) - raft.server.log.purge.upto.snapshot.index = false (default)
2021-12-08 16:20:20,034 [pool-361-thread-1] INFO  server.RaftServerConfigKeys (ConfUtils.java:logGet(44)) - raft.server.retrycache.expirytime = 600000ms (custom)
2021-12-08 16:20:20,034 [pool-361-thread-1] INFO  server.RaftServerConfigKeys (ConfUtils.java:logGet(44)) - raft.server.retrycache.statistics.expirytime = 100μs (default)
2021-12-08 16:20:20,035 [pool-361-thread-1] INFO  server.RaftServer$Division (RaftServerImpl.java:start(301)) - 6b9f135a-20fd-4e81-a28d-527c97df21c1@group-E178D35DBC74: start as a follower, conf=-1: [27d2eb57-a972-4dc6-9799-c8417eae57ce|rpc:10.1.0.47:39277|priority:0, 244676ad-e546-497d-9019-d858b1c3095a|rpc:10.1.0.47:46005|priority:1, 6b9f135a-20fd-4e81-a28d-527c97df21c1|rpc:10.1.0.47:43913|priority:0], old=null
2021-12-08 16:20:20,036 [pool-361-thread-1] INFO  server.RaftServer$Division (RaftServerImpl.java:setRole(290)) - 6b9f135a-20fd-4e81-a28d-527c97df21c1@group-E178D35DBC74: changes role from      null to FOLLOWER at term 0 for startAsFollower
2021-12-08 16:20:20,036 [pool-361-thread-1] INFO  impl.RoleInfo (RoleInfo.java:updateAndGet(130)) - 6b9f135a-20fd-4e81-a28d-527c97df21c1: start 6b9f135a-20fd-4e81-a28d-527c97df21c1@group-E178D35DBC74-FollowerState
2021-12-08 16:20:20,061 [pool-361-thread-1] INFO  util.JmxRegister (JmxRegister.java:tryRegister(44)) - Successfully registered JMX Bean with object name Ratis:service=RaftServer,group=group-E178D35DBC74,id=6b9f135a-20fd-4e81-a28d-527c97df21c1
2021-12-08 16:20:20,062 [grpc-default-executor-0] INFO  server.RaftServer (RaftServerProxy.java:addNew(95)) - 244676ad-e546-497d-9019-d858b1c3095a: addNew group-E178D35DBC74:[27d2eb57-a972-4dc6-9799-c8417eae57ce|rpc:10.1.0.47:39277|dataStream:|priority:0, 244676ad-e546-497d-9019-d858b1c3095a|rpc:10.1.0.47:46005|dataStream:|priority:1, 6b9f135a-20fd-4e81-a28d-527c97df21c1|rpc:10.1.0.47:43913|dataStream:|priority:0] returns group-E178D35DBC74:java.util.concurrent.CompletableFuture@23ad5b9a[Not completed]
2021-12-08 16:20:20,062 [pool-382-thread-1] INFO  server.RaftServer$Division (RaftServerImpl.java:<init>(184)) - 244676ad-e546-497d-9019-d858b1c3095a: new RaftServerImpl for group-E178D35DBC74:[27d2eb57-a972-4dc6-9799-c8417eae57ce|rpc:10.1.0.47:39277|dataStream:|priority:0, 244676ad-e546-497d-9019-d858b1c3095a|rpc:10.1.0.47:46005|dataStream:|priority:1, 6b9f135a-20fd-4e81-a28d-527c97df21c1|rpc:10.1.0.47:43913|dataStream:|priority:0] with ContainerStateMachine:uninitialized
2021-12-08 16:20:20,063 [pool-382-thread-1] INFO  server.RaftServerConfigKeys (ConfUtils.java:logGet(44)) - raft.server.rpc.timeout.min = 5s (custom)
2021-12-08 16:20:20,063 [pool-382-thread-1] INFO  server.RaftServerConfigKeys (ConfUtils.java:logGet(44)) - raft.server.rpc.timeout.max = 5200ms (custom)
2021-12-08 16:20:20,063 [pool-382-thread-1] INFO  server.RaftServerConfigKeys (ConfUtils.java:logGet(44)) - raft.server.rpc.sleep.time = 25ms (default)
2021-12-08 16:20:20,063 [pool-382-thread-1] INFO  server.RaftServerConfigKeys (ConfUtils.java:logGet(44)) - raft.server.rpc.slowness.timeout = 300s (custom)
2021-12-08 16:20:20,063 [pool-382-thread-1] INFO  server.RaftServerConfigKeys (ConfUtils.java:logGet(44)) - raft.server.leaderelection.leader.step-down.wait-time = 10s (default)
2021-12-08 16:20:20,063 [pool-382-thread-1] INFO  server.RaftServerConfigKeys (ConfUtils.java:logGet(44)) - raft.server.sleep.deviation.threshold = 300ms (default)
2021-12-08 16:20:20,063 [pool-382-thread-1] INFO  server.RaftServerConfigKeys (ConfUtils.java:logGet(44)) - raft.server.log.appender.install.snapshot.enabled = false (custom)
2021-12-08 16:20:20,063 [pool-382-thread-1] INFO  server.RaftServer$Division (ServerState.java:<init>(105)) - 244676ad-e546-497d-9019-d858b1c3095a@group-E178D35DBC74: ConfigurationManager, init=-1: [27d2eb57-a972-4dc6-9799-c8417eae57ce|rpc:10.1.0.47:39277|dataStream:|priority:0, 244676ad-e546-497d-9019-d858b1c3095a|rpc:10.1.0.47:46005|dataStream:|priority:1, 6b9f135a-20fd-4e81-a28d-527c97df21c1|rpc:10.1.0.47:43913|dataStream:|priority:0], old=null, confs=<EMPTY_MAP>
2021-12-08 16:20:20,063 [pool-382-thread-1] INFO  server.RaftServerConfigKeys (ConfUtils.java:logGet(44)) - raft.server.storage.dir = [/home/runner/work/ozone/ozone/hadoop-ozone/integration-test/target/test-dir/MiniOzoneClusterImpl-102f87ea-2986-4930-8fc4-c674960d3cfd/datanode-2/data/ratis] (custom)
2021-12-08 16:20:20,063 [pool-382-thread-1] INFO  server.RaftServerConfigKeys (ConfUtils.java:logGet(44)) - raft.server.log.corruption.policy = EXCEPTION (default)
2021-12-08 16:20:20,063 [pool-382-thread-1] INFO  server.RaftServerConfigKeys (ConfUtils.java:logGet(44)) - raft.server.storage.free-space.min = 0MB (=0) (default)
2021-12-08 16:20:20,063 [pool-382-thread-1] INFO  storage.RaftStorageDirectory (RaftStorageDirectoryImpl.java:analyzeStorage(135)) - The storage directory /home/runner/work/ozone/ozone/hadoop-ozone/integration-test/target/test-dir/MiniOzoneClusterImpl-102f87ea-2986-4930-8fc4-c674960d3cfd/datanode-2/data/ratis/b5c2bffc-37f8-4a21-beff-e178d35dbc74 does not exist. Creating ...
2021-12-08 16:20:20,064 [pool-382-thread-1] INFO  storage.RaftStorageDirectory (RaftStorageDirectoryImpl.java:tryLock(230)) - Lock on /home/runner/work/ozone/ozone/hadoop-ozone/integration-test/target/test-dir/MiniOzoneClusterImpl-102f87ea-2986-4930-8fc4-c674960d3cfd/datanode-2/data/ratis/b5c2bffc-37f8-4a21-beff-e178d35dbc74/in_use.lock acquired by nodename 9760@fv-az59-681
2021-12-08 16:20:20,065 [pool-382-thread-1] INFO  storage.RaftStorage (RaftStorageImpl.java:format(89)) - Storage directory /home/runner/work/ozone/ozone/hadoop-ozone/integration-test/target/test-dir/MiniOzoneClusterImpl-102f87ea-2986-4930-8fc4-c674960d3cfd/datanode-2/data/ratis/b5c2bffc-37f8-4a21-beff-e178d35dbc74 has been successfully formatted.
2021-12-08 16:20:20,070 [Command processor thread] INFO  ratis.XceiverServerRatis (XceiverServerRatis.java:addGroup(768)) - Created group PipelineID=b5c2bffc-37f8-4a21-beff-e178d35dbc74
2021-12-08 16:20:20,087 [pool-382-thread-1] INFO  ratis.ContainerStateMachine (ContainerStateMachine.java:loadSnapshot(231)) - group-E178D35DBC74: The snapshot info is null. Setting the last applied indexto:(t:0, i:~)
2021-12-08 16:20:20,087 [pool-382-thread-1] INFO  server.RaftServerConfigKeys (ConfUtils.java:logGet(44)) - raft.server.notification.no-leader.timeout = 300s (custom)
2021-12-08 16:20:20,087 [pool-382-thread-1] INFO  server.RaftServerConfigKeys (ConfUtils.java:logGet(44)) - raft.server.log.use.memory = false (default)
2021-12-08 16:20:20,087 [pool-382-thread-1] INFO  server.RaftServerConfigKeys (ConfUtils.java:logGet(44)) - raft.server.log.purge.gap = 1000000 (custom)
2021-12-08 16:20:20,087 [pool-382-thread-1] INFO  server.RaftServerConfigKeys (ConfUtils.java:logGet(44)) - raft.server.log.appender.buffer.byte-limit = 33554432 (custom)
2021-12-08 16:20:20,087 [pool-382-thread-1] INFO  server.RaftServerConfigKeys (ConfUtils.java:logGet(44)) - raft.server.log.segment.size.max = 1048576 (custom)
2021-12-08 16:20:20,087 [pool-382-thread-1] INFO  server.RaftServerConfigKeys (ConfUtils.java:logGet(44)) - raft.server.log.segment.cache.num.max = 2 (custom)
2021-12-08 16:20:20,088 [pool-382-thread-1] INFO  server.RaftServerConfigKeys (ConfUtils.java:logGet(44)) - raft.server.log.segment.cache.size.max = 200MB (=209715200) (default)
2021-12-08 16:20:20,088 [pool-382-thread-1] INFO  segmented.SegmentedRaftLogWorker (SegmentedRaftLogWorker.java:<init>(182)) - new 244676ad-e546-497d-9019-d858b1c3095a@group-E178D35DBC74-SegmentedRaftLogWorker for RaftStorageImpl:Storage Directory /home/runner/work/ozone/ozone/hadoop-ozone/integration-test/target/test-dir/MiniOzoneClusterImpl-102f87ea-2986-4930-8fc4-c674960d3cfd/datanode-2/data/ratis/b5c2bffc-37f8-4a21-beff-e178d35dbc74
2021-12-08 16:20:20,088 [pool-382-thread-1] INFO  server.RaftServerConfigKeys (ConfUtils.java:logGet(44)) - raft.server.log.queue.byte-limit = 2147483647 (custom)
2021-12-08 16:20:20,088 [pool-382-thread-1] INFO  server.RaftServerConfigKeys (ConfUtils.java:logGet(44)) - raft.server.log.queue.element-limit = 1024 (custom)
2021-12-08 16:20:20,088 [pool-382-thread-1] INFO  server.RaftServerConfigKeys (ConfUtils.java:logGet(44)) - raft.server.log.segment.size.max = 1048576 (custom)
2021-12-08 16:20:20,088 [pool-382-thread-1] INFO  server.RaftServerConfigKeys (ConfUtils.java:logGet(44)) - raft.server.log.preallocated.size = 16384 (custom)
2021-12-08 16:20:20,088 [pool-382-thread-1] INFO  server.RaftServerConfigKeys (ConfUtils.java:logGet(44)) - raft.server.log.force.sync.num = 128 (default)
2021-12-08 16:20:20,088 [pool-382-thread-1] INFO  server.RaftServerConfigKeys (ConfUtils.java:logGet(44)) - raft.server.log.statemachine.data.sync = true (default)
2021-12-08 16:20:20,088 [pool-382-thread-1] INFO  server.RaftServerConfigKeys (ConfUtils.java:logGet(44)) - raft.server.log.statemachine.data.sync.timeout = 10s (default)
2021-12-08 16:20:20,088 [pool-382-thread-1] INFO  server.RaftServerConfigKeys (ConfUtils.java:logGet(44)) - raft.server.log.statemachine.data.sync.timeout.retry = -1 (default)
2021-12-08 16:20:20,089 [pool-382-thread-1] INFO  server.RaftServerConfigKeys (ConfUtils.java:logGet(44)) - raft.server.log.write.buffer.size = 1048576 (custom)
2021-12-08 16:20:20,089 [pool-382-thread-1] INFO  server.RaftServerConfigKeys (ConfUtils.java:logGet(44)) - raft.server.log.statemachine.data.caching.enabled = true (custom)
2021-12-08 16:20:20,089 [pool-382-thread-1] INFO  segmented.SegmentedRaftLogWorker (SegmentedRaftLogWorker.java:lambda$new$0(133)) - 244676ad-e546-497d-9019-d858b1c3095a@group-E178D35DBC74-SegmentedRaftLogWorker: flushIndex: setUnconditionally 0 -> -1
2021-12-08 16:20:20,089 [pool-382-thread-1] INFO  segmented.SegmentedRaftLogWorker (SegmentedRaftLogWorker.java:lambda$new$0(133)) - 244676ad-e546-497d-9019-d858b1c3095a@group-E178D35DBC74-SegmentedRaftLogWorker: safeCacheEvictIndex: setUnconditionally 0 -> -1
2021-12-08 16:20:20,103 [pool-382-thread-1] INFO  server.RaftServerConfigKeys (ConfUtils.java:logGet(44)) - raft.server.snapshot.auto.trigger.enabled = true (custom)
2021-12-08 16:20:20,103 [pool-382-thread-1] INFO  server.RaftServerConfigKeys (ConfUtils.java:logGet(44)) - raft.server.snapshot.auto.trigger.threshold = 10000 (custom)
2021-12-08 16:20:20,103 [pool-382-thread-1] INFO  server.RaftServerConfigKeys (ConfUtils.java:logGet(44)) - raft.server.snapshot.retention.file.num = 5 (custom)
2021-12-08 16:20:20,103 [pool-382-thread-1] INFO  server.RaftServerConfigKeys (ConfUtils.java:logGet(44)) - raft.server.log.purge.upto.snapshot.index = false (default)
2021-12-08 16:20:20,103 [pool-382-thread-1] INFO  server.RaftServerConfigKeys (ConfUtils.java:logGet(44)) - raft.server.retrycache.expirytime = 600000ms (custom)
2021-12-08 16:20:20,103 [pool-382-thread-1] INFO  server.RaftServerConfigKeys (ConfUtils.java:logGet(44)) - raft.server.retrycache.statistics.expirytime = 100μs (default)
2021-12-08 16:20:20,104 [pool-382-thread-1] INFO  server.RaftServer$Division (RaftServerImpl.java:start(301)) - 244676ad-e546-497d-9019-d858b1c3095a@group-E178D35DBC74: start as a follower, conf=-1: [27d2eb57-a972-4dc6-9799-c8417eae57ce|rpc:10.1.0.47:39277|dataStream:|priority:0, 244676ad-e546-497d-9019-d858b1c3095a|rpc:10.1.0.47:46005|dataStream:|priority:1, 6b9f135a-20fd-4e81-a28d-527c97df21c1|rpc:10.1.0.47:43913|dataStream:|priority:0], old=null
2021-12-08 16:20:20,104 [pool-382-thread-1] INFO  server.RaftServer$Division (RaftServerImpl.java:setRole(290)) - 244676ad-e546-497d-9019-d858b1c3095a@group-E178D35DBC74: changes role from      null to FOLLOWER at term 0 for startAsFollower
2021-12-08 16:20:20,104 [pool-382-thread-1] INFO  impl.RoleInfo (RoleInfo.java:updateAndGet(130)) - 244676ad-e546-497d-9019-d858b1c3095a: start 244676ad-e546-497d-9019-d858b1c3095a@group-E178D35DBC74-FollowerState
2021-12-08 16:20:20,106 [pool-382-thread-1] INFO  util.JmxRegister (JmxRegister.java:tryRegister(44)) - Successfully registered JMX Bean with object name Ratis:service=RaftServer,group=group-E178D35DBC74,id=244676ad-e546-497d-9019-d858b1c3095a
2021-12-08 16:20:20,228 [Command processor thread] INFO  commandhandler.CreatePipelineCommandHandler (CreatePipelineCommandHandler.java:handle(106)) - Created Pipeline RATIS THREE PipelineID=b5c2bffc-37f8-4a21-beff-e178d35dbc74.
2021-12-08 16:20:20,315 [Command processor thread] INFO  commandhandler.CreatePipelineCommandHandler (CreatePipelineCommandHandler.java:handle(106)) - Created Pipeline RATIS THREE PipelineID=b5c2bffc-37f8-4a21-beff-e178d35dbc74.
2021-12-08 16:20:20,437 [Listener at 127.0.0.1/46549] INFO  ozone.MiniOzoneClusterImpl (MiniOzoneClusterImpl.java:lambda$waitForClusterToBeReady$0(235)) - Nodes are ready. Got 3 of 3 DN Heartbeats.
2021-12-08 16:20:20,437 [Listener at 127.0.0.1/46549] INFO  ozone.MiniOzoneClusterImpl (MiniOzoneClusterImpl.java:lambda$waitForClusterToBeReady$0(238)) - Waiting for cluster to exit safe mode
2021-12-08 16:20:20,438 [Listener at 127.0.0.1/46549] INFO  ozone.MiniOzoneClusterImpl (MiniOzoneClusterImpl.java:lambda$waitForClusterToBeReady$0(240)) - SCM became leader
2021-12-08 16:20:20,451 [Command processor thread] INFO  server.RaftServer (RaftServerProxy.java:addNew(95)) - 244676ad-e546-497d-9019-d858b1c3095a: addNew group-699EED74C1B8:[244676ad-e546-497d-9019-d858b1c3095a|rpc:10.1.0.47:46005|priority:1] returns group-699EED74C1B8:java.util.concurrent.CompletableFuture@61b24d94[Not completed]
2021-12-08 16:20:20,452 [pool-382-thread-1] INFO  server.RaftServer$Division (RaftServerImpl.java:<init>(184)) - 244676ad-e546-497d-9019-d858b1c3095a: new RaftServerImpl for group-699EED74C1B8:[244676ad-e546-497d-9019-d858b1c3095a|rpc:10.1.0.47:46005|priority:1] with ContainerStateMachine:uninitialized
2021-12-08 16:20:20,452 [pool-382-thread-1] INFO  server.RaftServerConfigKeys (ConfUtils.java:logGet(44)) - raft.server.rpc.timeout.min = 5s (custom)
2021-12-08 16:20:20,452 [pool-382-thread-1] INFO  server.RaftServerConfigKeys (ConfUtils.java:logGet(44)) - raft.server.rpc.timeout.max = 5200ms (custom)
2021-12-08 16:20:20,452 [pool-382-thread-1] INFO  server.RaftServerConfigKeys (ConfUtils.java:logGet(44)) - raft.server.rpc.sleep.time = 25ms (default)
2021-12-08 16:20:20,453 [pool-382-thread-1] INFO  server.RaftServerConfigKeys (ConfUtils.java:logGet(44)) - raft.server.rpc.slowness.timeout = 300s (custom)
2021-12-08 16:20:20,453 [pool-382-thread-1] INFO  server.RaftServerConfigKeys (ConfUtils.java:logGet(44)) - raft.server.leaderelection.leader.step-down.wait-time = 10s (default)
2021-12-08 16:20:20,453 [pool-382-thread-1] INFO  server.RaftServerConfigKeys (ConfUtils.java:logGet(44)) - raft.server.sleep.deviation.threshold = 300ms (default)
2021-12-08 16:20:20,453 [pool-382-thread-1] INFO  server.RaftServerConfigKeys (ConfUtils.java:logGet(44)) - raft.server.log.appender.install.snapshot.enabled = false (custom)
2021-12-08 16:20:20,453 [pool-382-thread-1] INFO  server.RaftServer$Division (ServerState.java:<init>(105)) - 244676ad-e546-497d-9019-d858b1c3095a@group-699EED74C1B8: ConfigurationManager, init=-1: [244676ad-e546-497d-9019-d858b1c3095a|rpc:10.1.0.47:46005|priority:1], old=null, confs=<EMPTY_MAP>
2021-12-08 16:20:20,453 [pool-382-thread-1] INFO  server.RaftServerConfigKeys (ConfUtils.java:logGet(44)) - raft.server.storage.dir = [/home/runner/work/ozone/ozone/hadoop-ozone/integration-test/target/test-dir/MiniOzoneClusterImpl-102f87ea-2986-4930-8fc4-c674960d3cfd/datanode-2/data/ratis] (custom)
2021-12-08 16:20:20,453 [pool-382-thread-1] INFO  server.RaftServerConfigKeys (ConfUtils.java:logGet(44)) - raft.server.log.corruption.policy = EXCEPTION (default)
2021-12-08 16:20:20,453 [pool-382-thread-1] INFO  server.RaftServerConfigKeys (ConfUtils.java:logGet(44)) - raft.server.storage.free-space.min = 0MB (=0) (default)
2021-12-08 16:20:20,453 [pool-382-thread-1] INFO  storage.RaftStorageDirectory (RaftStorageDirectoryImpl.java:analyzeStorage(135)) - The storage directory /home/runner/work/ozone/ozone/hadoop-ozone/integration-test/target/test-dir/MiniOzoneClusterImpl-102f87ea-2986-4930-8fc4-c674960d3cfd/datanode-2/data/ratis/271c7cb6-d7fb-4524-8f5c-699eed74c1b8 does not exist. Creating ...
2021-12-08 16:20:20,454 [pool-382-thread-1] INFO  storage.RaftStorageDirectory (RaftStorageDirectoryImpl.java:tryLock(230)) - Lock on /home/runner/work/ozone/ozone/hadoop-ozone/integration-test/target/test-dir/MiniOzoneClusterImpl-102f87ea-2986-4930-8fc4-c674960d3cfd/datanode-2/data/ratis/271c7cb6-d7fb-4524-8f5c-699eed74c1b8/in_use.lock acquired by nodename 9760@fv-az59-681
2021-12-08 16:20:20,457 [pool-382-thread-1] INFO  storage.RaftStorage (RaftStorageImpl.java:format(89)) - Storage directory /home/runner/work/ozone/ozone/hadoop-ozone/integration-test/target/test-dir/MiniOzoneClusterImpl-102f87ea-2986-4930-8fc4-c674960d3cfd/datanode-2/data/ratis/271c7cb6-d7fb-4524-8f5c-699eed74c1b8 has been successfully formatted.
2021-12-08 16:20:20,458 [pool-382-thread-1] INFO  ratis.ContainerStateMachine (ContainerStateMachine.java:loadSnapshot(231)) - group-699EED74C1B8: The snapshot info is null. Setting the last applied indexto:(t:0, i:~)
2021-12-08 16:20:20,458 [pool-382-thread-1] INFO  server.RaftServerConfigKeys (ConfUtils.java:logGet(44)) - raft.server.notification.no-leader.timeout = 300s (custom)
2021-12-08 16:20:20,458 [pool-382-thread-1] INFO  server.RaftServerConfigKeys (ConfUtils.java:logGet(44)) - raft.server.log.use.memory = false (default)
2021-12-08 16:20:20,458 [pool-382-thread-1] INFO  server.RaftServerConfigKeys (ConfUtils.java:logGet(44)) - raft.server.log.purge.gap = 1000000 (custom)
2021-12-08 16:20:20,458 [pool-382-thread-1] INFO  server.RaftServerConfigKeys (ConfUtils.java:logGet(44)) - raft.server.log.appender.buffer.byte-limit = 33554432 (custom)
2021-12-08 16:20:20,459 [EventQueue-PipelineReportForPipelineReportHandler] INFO  pipeline.PipelineManagerImpl (PipelineManagerImpl.java:openPipeline(291)) - Pipeline Pipeline[ Id: 271c7cb6-d7fb-4524-8f5c-699eed74c1b8, Nodes: 244676ad-e546-497d-9019-d858b1c3095a{ip: 10.1.0.47, host: fv-az59-681.csjynl4pkq3e1pkirw3ssqjfoh.cx.internal.cloudapp.net, ports: [REPLICATION=39143, RATIS=46005, RATIS_ADMIN=46005, RATIS_SERVER=46005, STANDALONE=43905], networkLocation: /default-rack, certSerialId: null, persistedOpState: IN_SERVICE, persistedOpStateExpiryEpochSec: 0}, ReplicationConfig: RATIS/ONE, State:ALLOCATED, leaderId:244676ad-e546-497d-9019-d858b1c3095a, CreationTimestamp2021-12-08T16:20:17.464Z[Etc/UTC]] moved to OPEN state
2021-12-08 16:20:20,459 [pool-382-thread-1] INFO  server.RaftServerConfigKeys (ConfUtils.java:logGet(44)) - raft.server.log.segment.size.max = 1048576 (custom)
2021-12-08 16:20:20,459 [EventQueue-OpenPipelineForHealthyPipelineSafeModeRule] INFO  safemode.SCMSafeModeManager (HealthyPipelineSafeModeRule.java:process(124)) - SCM in safe mode. Healthy pipelines reported count is 0, required healthy pipeline reported count is 1
2021-12-08 16:20:20,471 [pool-382-thread-1] INFO  server.RaftServerConfigKeys (ConfUtils.java:logGet(44)) - raft.server.log.segment.cache.num.max = 2 (custom)
2021-12-08 16:20:20,471 [pool-382-thread-1] INFO  server.RaftServerConfigKeys (ConfUtils.java:logGet(44)) - raft.server.log.segment.cache.size.max = 200MB (=209715200) (default)
2021-12-08 16:20:20,471 [pool-382-thread-1] INFO  segmented.SegmentedRaftLogWorker (SegmentedRaftLogWorker.java:<init>(182)) - new 244676ad-e546-497d-9019-d858b1c3095a@group-699EED74C1B8-SegmentedRaftLogWorker for RaftStorageImpl:Storage Directory /home/runner/work/ozone/ozone/hadoop-ozone/integration-test/target/test-dir/MiniOzoneClusterImpl-102f87ea-2986-4930-8fc4-c674960d3cfd/datanode-2/data/ratis/271c7cb6-d7fb-4524-8f5c-699eed74c1b8
2021-12-08 16:20:20,471 [pool-382-thread-1] INFO  server.RaftServerConfigKeys (ConfUtils.java:logGet(44)) - raft.server.log.queue.byte-limit = 2147483647 (custom)
2021-12-08 16:20:20,471 [pool-382-thread-1] INFO  server.RaftServerConfigKeys (ConfUtils.java:logGet(44)) - raft.server.log.queue.element-limit = 1024 (custom)
2021-12-08 16:20:20,471 [pool-382-thread-1] INFO  server.RaftServerConfigKeys (ConfUtils.java:logGet(44)) - raft.server.log.segment.size.max = 1048576 (custom)
2021-12-08 16:20:20,471 [pool-382-thread-1] INFO  server.RaftServerConfigKeys (ConfUtils.java:logGet(44)) - raft.server.log.preallocated.size = 16384 (custom)
2021-12-08 16:20:20,471 [pool-382-thread-1] INFO  server.RaftServerConfigKeys (ConfUtils.java:logGet(44)) - raft.server.log.force.sync.num = 128 (default)
2021-12-08 16:20:20,471 [pool-382-thread-1] INFO  server.RaftServerConfigKeys (ConfUtils.java:logGet(44)) - raft.server.log.statemachine.data.sync = true (default)
2021-12-08 16:20:20,472 [pool-382-thread-1] INFO  server.RaftServerConfigKeys (ConfUtils.java:logGet(44)) - raft.server.log.statemachine.data.sync.timeout = 10s (default)
2021-12-08 16:20:20,472 [pool-382-thread-1] INFO  server.RaftServerConfigKeys (ConfUtils.java:logGet(44)) - raft.server.log.statemachine.data.sync.timeout.retry = -1 (default)
2021-12-08 16:20:20,479 [pool-382-thread-1] INFO  server.RaftServerConfigKeys (ConfUtils.java:logGet(44)) - raft.server.log.write.buffer.size = 1048576 (custom)
2021-12-08 16:20:20,480 [pool-382-thread-1] INFO  server.RaftServerConfigKeys (ConfUtils.java:logGet(44)) - raft.server.log.statemachine.data.caching.enabled = true (custom)
2021-12-08 16:20:20,480 [pool-382-thread-1] INFO  segmented.SegmentedRaftLogWorker (SegmentedRaftLogWorker.java:lambda$new$0(133)) - 244676ad-e546-497d-9019-d858b1c3095a@group-699EED74C1B8-SegmentedRaftLogWorker: flushIndex: setUnconditionally 0 -> -1
2021-12-08 16:20:20,480 [pool-382-thread-1] INFO  segmented.SegmentedRaftLogWorker (SegmentedRaftLogWorker.java:lambda$new$0(133)) - 244676ad-e546-497d-9019-d858b1c3095a@group-699EED74C1B8-SegmentedRaftLogWorker: safeCacheEvictIndex: setUnconditionally 0 -> -1
2021-12-08 16:20:20,482 [pool-382-thread-1] INFO  server.RaftServerConfigKeys (ConfUtils.java:logGet(44)) - raft.server.snapshot.auto.trigger.enabled = true (custom)
2021-12-08 16:20:20,482 [pool-382-thread-1] INFO  server.RaftServerConfigKeys (ConfUtils.java:logGet(44)) - raft.server.snapshot.auto.trigger.threshold = 10000 (custom)
2021-12-08 16:20:20,482 [pool-382-thread-1] INFO  server.RaftServerConfigKeys (ConfUtils.java:logGet(44)) - raft.server.snapshot.retention.file.num = 5 (custom)
2021-12-08 16:20:20,482 [pool-382-thread-1] INFO  server.RaftServerConfigKeys (ConfUtils.java:logGet(44)) - raft.server.log.purge.upto.snapshot.index = false (default)
2021-12-08 16:20:20,482 [pool-382-thread-1] INFO  server.RaftServerConfigKeys (ConfUtils.java:logGet(44)) - raft.server.retrycache.expirytime = 600000ms (custom)
2021-12-08 16:20:20,482 [pool-382-thread-1] INFO  server.RaftServerConfigKeys (ConfUtils.java:logGet(44)) - raft.server.retrycache.statistics.expirytime = 100μs (default)
2021-12-08 16:20:20,483 [pool-382-thread-1] INFO  server.RaftServer$Division (RaftServerImpl.java:start(301)) - 244676ad-e546-497d-9019-d858b1c3095a@group-699EED74C1B8: start as a follower, conf=-1: [244676ad-e546-497d-9019-d858b1c3095a|rpc:10.1.0.47:46005|priority:1], old=null
2021-12-08 16:20:20,484 [pool-382-thread-1] INFO  server.RaftServer$Division (RaftServerImpl.java:setRole(290)) - 244676ad-e546-497d-9019-d858b1c3095a@group-699EED74C1B8: changes role from      null to FOLLOWER at term 0 for startAsFollower
2021-12-08 16:20:20,485 [pool-382-thread-1] INFO  impl.RoleInfo (RoleInfo.java:updateAndGet(130)) - 244676ad-e546-497d-9019-d858b1c3095a: start 244676ad-e546-497d-9019-d858b1c3095a@group-699EED74C1B8-FollowerState
2021-12-08 16:20:20,495 [pool-382-thread-1] INFO  util.JmxRegister (JmxRegister.java:tryRegister(44)) - Successfully registered JMX Bean with object name Ratis:service=RaftServer,group=group-699EED74C1B8,id=244676ad-e546-497d-9019-d858b1c3095a
2021-12-08 16:20:20,512 [Command processor thread] INFO  ratis.XceiverServerRatis (XceiverServerRatis.java:addGroup(768)) - Created group PipelineID=271c7cb6-d7fb-4524-8f5c-699eed74c1b8
2021-12-08 16:20:20,512 [Command processor thread] INFO  commandhandler.CreatePipelineCommandHandler (CreatePipelineCommandHandler.java:handle(106)) - Created Pipeline RATIS ONE PipelineID=271c7cb6-d7fb-4524-8f5c-699eed74c1b8.
2021-12-08 16:20:21,438 [Listener at 127.0.0.1/46549] INFO  ozone.MiniOzoneClusterImpl (MiniOzoneClusterImpl.java:lambda$waitForClusterToBeReady$0(235)) - Nodes are ready. Got 3 of 3 DN Heartbeats.
2021-12-08 16:20:21,438 [Listener at 127.0.0.1/46549] INFO  ozone.MiniOzoneClusterImpl (MiniOzoneClusterImpl.java:lambda$waitForClusterToBeReady$0(238)) - Waiting for cluster to exit safe mode
2021-12-08 16:20:21,438 [Listener at 127.0.0.1/46549] INFO  ozone.MiniOzoneClusterImpl (MiniOzoneClusterImpl.java:lambda$waitForClusterToBeReady$0(240)) - SCM became leader
2021-12-08 16:20:22,438 [Listener at 127.0.0.1/46549] INFO  ozone.MiniOzoneClusterImpl (MiniOzoneClusterImpl.java:lambda$waitForClusterToBeReady$0(235)) - Nodes are ready. Got 3 of 3 DN Heartbeats.
2021-12-08 16:20:22,439 [Listener at 127.0.0.1/46549] INFO  ozone.MiniOzoneClusterImpl (MiniOzoneClusterImpl.java:lambda$waitForClusterToBeReady$0(238)) - Waiting for cluster to exit safe mode
2021-12-08 16:20:22,439 [Listener at 127.0.0.1/46549] INFO  ozone.MiniOzoneClusterImpl (MiniOzoneClusterImpl.java:lambda$waitForClusterToBeReady$0(240)) - SCM became leader
2021-12-08 16:20:23,439 [Listener at 127.0.0.1/46549] INFO  ozone.MiniOzoneClusterImpl (MiniOzoneClusterImpl.java:lambda$waitForClusterToBeReady$0(235)) - Nodes are ready. Got 3 of 3 DN Heartbeats.
2021-12-08 16:20:23,439 [Listener at 127.0.0.1/46549] INFO  ozone.MiniOzoneClusterImpl (MiniOzoneClusterImpl.java:lambda$waitForClusterToBeReady$0(238)) - Waiting for cluster to exit safe mode
2021-12-08 16:20:23,439 [Listener at 127.0.0.1/46549] INFO  ozone.MiniOzoneClusterImpl (MiniOzoneClusterImpl.java:lambda$waitForClusterToBeReady$0(240)) - SCM became leader
2021-12-08 16:20:24,440 [Listener at 127.0.0.1/46549] INFO  ozone.MiniOzoneClusterImpl (MiniOzoneClusterImpl.java:lambda$waitForClusterToBeReady$0(235)) - Nodes are ready. Got 3 of 3 DN Heartbeats.
2021-12-08 16:20:24,440 [Listener at 127.0.0.1/46549] INFO  ozone.MiniOzoneClusterImpl (MiniOzoneClusterImpl.java:lambda$waitForClusterToBeReady$0(238)) - Waiting for cluster to exit safe mode
2021-12-08 16:20:24,440 [Listener at 127.0.0.1/46549] INFO  ozone.MiniOzoneClusterImpl (MiniOzoneClusterImpl.java:lambda$waitForClusterToBeReady$0(240)) - SCM became leader
2021-12-08 16:20:24,713 [27d2eb57-a972-4dc6-9799-c8417eae57ce@group-A4AF1F8B0387-FollowerState] INFO  impl.FollowerState (FollowerState.java:run(134)) - 27d2eb57-a972-4dc6-9799-c8417eae57ce@group-A4AF1F8B0387-FollowerState: change to CANDIDATE, lastRpcElapsedTime:5099792912ns, electionTimeout:5090ms
2021-12-08 16:20:24,713 [27d2eb57-a972-4dc6-9799-c8417eae57ce@group-A4AF1F8B0387-FollowerState] INFO  impl.RoleInfo (RoleInfo.java:shutdownFollowerState(108)) - 27d2eb57-a972-4dc6-9799-c8417eae57ce: shutdown 27d2eb57-a972-4dc6-9799-c8417eae57ce@group-A4AF1F8B0387-FollowerState
2021-12-08 16:20:24,713 [27d2eb57-a972-4dc6-9799-c8417eae57ce@group-A4AF1F8B0387-FollowerState] INFO  server.RaftServer$Division (RaftServerImpl.java:setRole(290)) - 27d2eb57-a972-4dc6-9799-c8417eae57ce@group-A4AF1F8B0387: changes role from  FOLLOWER to CANDIDATE at term 0 for changeToCandidate
2021-12-08 16:20:24,713 [27d2eb57-a972-4dc6-9799-c8417eae57ce@group-A4AF1F8B0387-FollowerState] INFO  server.RaftServerConfigKeys (ConfUtils.java:logGet(44)) - raft.server.leaderelection.pre-vote = false (custom)
2021-12-08 16:20:24,713 [27d2eb57-a972-4dc6-9799-c8417eae57ce@group-A4AF1F8B0387-FollowerState] INFO  impl.RoleInfo (RoleInfo.java:updateAndGet(130)) - 27d2eb57-a972-4dc6-9799-c8417eae57ce: start 27d2eb57-a972-4dc6-9799-c8417eae57ce@group-A4AF1F8B0387-LeaderElection32
2021-12-08 16:20:24,751 [27d2eb57-a972-4dc6-9799-c8417eae57ce@group-A4AF1F8B0387-LeaderElection32] INFO  impl.LeaderElection (LeaderElection.java:askForVotes(306)) - 27d2eb57-a972-4dc6-9799-c8417eae57ce@group-A4AF1F8B0387-LeaderElection32 ELECTION round 0: submit vote requests at term 1 for -1: [27d2eb57-a972-4dc6-9799-c8417eae57ce|rpc:10.1.0.47:39277|priority:1], old=null
2021-12-08 16:20:24,751 [27d2eb57-a972-4dc6-9799-c8417eae57ce@group-A4AF1F8B0387-LeaderElection32] INFO  impl.LeaderElection (LeaderElection.java:askForVotes(308)) - 27d2eb57-a972-4dc6-9799-c8417eae57ce@group-A4AF1F8B0387-LeaderElection32 ELECTION round 0: result PASSED (term=1)
2021-12-08 16:20:24,751 [27d2eb57-a972-4dc6-9799-c8417eae57ce@group-A4AF1F8B0387-LeaderElection32] INFO  impl.RoleInfo (RoleInfo.java:shutdownLeaderElection(121)) - 27d2eb57-a972-4dc6-9799-c8417eae57ce: shutdown 27d2eb57-a972-4dc6-9799-c8417eae57ce@group-A4AF1F8B0387-LeaderElection32
2021-12-08 16:20:24,751 [27d2eb57-a972-4dc6-9799-c8417eae57ce@group-A4AF1F8B0387-LeaderElection32] INFO  server.RaftServer$Division (RaftServerImpl.java:setRole(290)) - 27d2eb57-a972-4dc6-9799-c8417eae57ce@group-A4AF1F8B0387: changes role from CANDIDATE to LEADER at term 1 for changeToLeader
2021-12-08 16:20:24,751 [27d2eb57-a972-4dc6-9799-c8417eae57ce@group-A4AF1F8B0387-LeaderElection32] INFO  ratis.XceiverServerRatis (XceiverServerRatis.java:handleLeaderChangedNotification(866)) - Leader change notification received for group: group-A4AF1F8B0387 with new leaderId: 27d2eb57-a972-4dc6-9799-c8417eae57ce
2021-12-08 16:20:24,752 [27d2eb57-a972-4dc6-9799-c8417eae57ce@group-A4AF1F8B0387-LeaderElection32] INFO  server.RaftServer$Division (ServerState.java:setLeader(285)) - 27d2eb57-a972-4dc6-9799-c8417eae57ce@group-A4AF1F8B0387: change Leader from null to 27d2eb57-a972-4dc6-9799-c8417eae57ce at term 1 for becomeLeader, leader elected after 5173ms
2021-12-08 16:20:24,752 [27d2eb57-a972-4dc6-9799-c8417eae57ce@group-A4AF1F8B0387-LeaderElection32] INFO  server.RaftServerConfigKeys (ConfUtils.java:logGet(44)) - raft.server.staging.catchup.gap = 1000 (default)
2021-12-08 16:20:24,752 [27d2eb57-a972-4dc6-9799-c8417eae57ce@group-A4AF1F8B0387-LeaderElection32] INFO  server.RaftServerConfigKeys (ConfUtils.java:logGet(44)) - raft.server.write.element-limit = 1024 (custom)
2021-12-08 16:20:24,752 [27d2eb57-a972-4dc6-9799-c8417eae57ce@group-A4AF1F8B0387-LeaderElection32] INFO  server.RaftServerConfigKeys (ConfUtils.java:logGet(44)) - raft.server.write.byte-limit = 1024 M (=1073741824) (custom)
2021-12-08 16:20:24,752 [27d2eb57-a972-4dc6-9799-c8417eae57ce@group-A4AF1F8B0387-LeaderElection32] INFO  server.RaftServerConfigKeys (ConfUtils.java:logGet(44)) - raft.server.watch.timeout = 180s (custom)
2021-12-08 16:20:24,752 [27d2eb57-a972-4dc6-9799-c8417eae57ce@group-A4AF1F8B0387-LeaderElection32] INFO  server.RaftServerConfigKeys (ConfUtils.java:logGet(44)) - raft.server.watch.timeout.denomination = 1s (default)
2021-12-08 16:20:24,752 [27d2eb57-a972-4dc6-9799-c8417eae57ce@group-A4AF1F8B0387-LeaderElection32] INFO  server.RaftServerConfigKeys (ConfUtils.java:logGet(44)) - raft.server.watch.element-limit = 65536 (default)
2021-12-08 16:20:24,752 [27d2eb57-a972-4dc6-9799-c8417eae57ce@group-A4AF1F8B0387-LeaderElection32] INFO  server.RaftServerConfigKeys (ConfUtils.java:logGet(44)) - raft.server.write.element-limit = 1024 (custom)
2021-12-08 16:20:24,752 [27d2eb57-a972-4dc6-9799-c8417eae57ce@group-A4AF1F8B0387-LeaderElection32] INFO  server.RaftServerConfigKeys (ConfUtils.java:logGet(44)) - raft.server.write.follower.gap.ratio.max = -1.0 (default)
2021-12-08 16:20:24,753 [27d2eb57-a972-4dc6-9799-c8417eae57ce@group-A4AF1F8B0387-LeaderElection32] INFO  impl.RoleInfo (RoleInfo.java:updateAndGet(130)) - 27d2eb57-a972-4dc6-9799-c8417eae57ce: start 27d2eb57-a972-4dc6-9799-c8417eae57ce@group-A4AF1F8B0387-LeaderStateImpl
2021-12-08 16:20:24,753 [27d2eb57-a972-4dc6-9799-c8417eae57ce@group-A4AF1F8B0387-LeaderElection32] INFO  segmented.SegmentedRaftLogWorker (SegmentedRaftLogWorker.java:startLogSegment(394)) - 27d2eb57-a972-4dc6-9799-c8417eae57ce@group-A4AF1F8B0387-SegmentedRaftLogWorker: Starting segment from index:0
2021-12-08 16:20:24,754 [EventQueue-OpenPipelineForHealthyPipelineSafeModeRule] INFO  safemode.SCMSafeModeManager (HealthyPipelineSafeModeRule.java:process(124)) - SCM in safe mode. Healthy pipelines reported count is 0, required healthy pipeline reported count is 1
2021-12-08 16:20:24,757 [6b9f135a-20fd-4e81-a28d-527c97df21c1@group-B8A05E5EF970-FollowerState] INFO  impl.FollowerState (FollowerState.java:run(134)) - 6b9f135a-20fd-4e81-a28d-527c97df21c1@group-B8A05E5EF970-FollowerState: change to CANDIDATE, lastRpcElapsedTime:5023524898ns, electionTimeout:5013ms
2021-12-08 16:20:24,757 [6b9f135a-20fd-4e81-a28d-527c97df21c1@group-B8A05E5EF970-FollowerState] INFO  impl.RoleInfo (RoleInfo.java:shutdownFollowerState(108)) - 6b9f135a-20fd-4e81-a28d-527c97df21c1: shutdown 6b9f135a-20fd-4e81-a28d-527c97df21c1@group-B8A05E5EF970-FollowerState
2021-12-08 16:20:24,757 [6b9f135a-20fd-4e81-a28d-527c97df21c1@group-B8A05E5EF970-FollowerState] INFO  server.RaftServer$Division (RaftServerImpl.java:setRole(290)) - 6b9f135a-20fd-4e81-a28d-527c97df21c1@group-B8A05E5EF970: changes role from  FOLLOWER to CANDIDATE at term 0 for changeToCandidate
2021-12-08 16:20:24,757 [6b9f135a-20fd-4e81-a28d-527c97df21c1@group-B8A05E5EF970-FollowerState] INFO  server.RaftServerConfigKeys (ConfUtils.java:logGet(44)) - raft.server.leaderelection.pre-vote = false (custom)
2021-12-08 16:20:24,757 [6b9f135a-20fd-4e81-a28d-527c97df21c1@group-B8A05E5EF970-FollowerState] INFO  impl.RoleInfo (RoleInfo.java:updateAndGet(130)) - 6b9f135a-20fd-4e81-a28d-527c97df21c1: start 6b9f135a-20fd-4e81-a28d-527c97df21c1@group-B8A05E5EF970-LeaderElection33
2021-12-08 16:20:24,759 [27d2eb57-a972-4dc6-9799-c8417eae57ce@group-A4AF1F8B0387-SegmentedRaftLogWorker] INFO  segmented.SegmentedRaftLogWorker (SegmentedRaftLogWorker.java:execute(601)) - 27d2eb57-a972-4dc6-9799-c8417eae57ce@group-A4AF1F8B0387-SegmentedRaftLogWorker: created new log segment /home/runner/work/ozone/ozone/hadoop-ozone/integration-test/target/test-dir/MiniOzoneClusterImpl-102f87ea-2986-4930-8fc4-c674960d3cfd/datanode-0/data/ratis/9cac0573-f97c-44f8-b53f-a4af1f8b0387/current/log_inprogress_0
2021-12-08 16:20:24,785 [27d2eb57-a972-4dc6-9799-c8417eae57ce@group-B8A05E5EF970-FollowerState] INFO  impl.FollowerState (FollowerState.java:run(134)) - 27d2eb57-a972-4dc6-9799-c8417eae57ce@group-B8A05E5EF970-FollowerState: change to CANDIDATE, lastRpcElapsedTime:5130121855ns, electionTimeout:5118ms
2021-12-08 16:20:24,785 [27d2eb57-a972-4dc6-9799-c8417eae57ce@group-B8A05E5EF970-FollowerState] INFO  impl.RoleInfo (RoleInfo.java:shutdownFollowerState(108)) - 27d2eb57-a972-4dc6-9799-c8417eae57ce: shutdown 27d2eb57-a972-4dc6-9799-c8417eae57ce@group-B8A05E5EF970-FollowerState
2021-12-08 16:20:24,785 [27d2eb57-a972-4dc6-9799-c8417eae57ce@group-B8A05E5EF970-FollowerState] INFO  server.RaftServer$Division (RaftServerImpl.java:setRole(290)) - 27d2eb57-a972-4dc6-9799-c8417eae57ce@group-B8A05E5EF970: changes role from  FOLLOWER to CANDIDATE at term 0 for changeToCandidate
2021-12-08 16:20:24,786 [27d2eb57-a972-4dc6-9799-c8417eae57ce@group-B8A05E5EF970-FollowerState] INFO  server.RaftServerConfigKeys (ConfUtils.java:logGet(44)) - raft.server.leaderelection.pre-vote = false (custom)
2021-12-08 16:20:24,786 [27d2eb57-a972-4dc6-9799-c8417eae57ce@group-B8A05E5EF970-FollowerState] INFO  impl.RoleInfo (RoleInfo.java:updateAndGet(130)) - 27d2eb57-a972-4dc6-9799-c8417eae57ce: start 27d2eb57-a972-4dc6-9799-c8417eae57ce@group-B8A05E5EF970-LeaderElection34
2021-12-08 16:20:24,811 [27d2eb57-a972-4dc6-9799-c8417eae57ce@group-A4AF1F8B0387-LeaderElection32] INFO  server.RaftServer$Division (ServerState.java:setRaftConf(387)) - 27d2eb57-a972-4dc6-9799-c8417eae57ce@group-A4AF1F8B0387: set configuration 0: [27d2eb57-a972-4dc6-9799-c8417eae57ce|rpc:10.1.0.47:39277|dataStream:|priority:1], old=null
2021-12-08 16:20:24,819 [6b9f135a-20fd-4e81-a28d-527c97df21c1@group-B8A05E5EF970-LeaderElection33] INFO  impl.LeaderElection (LeaderElection.java:askForVotes(306)) - 6b9f135a-20fd-4e81-a28d-527c97df21c1@group-B8A05E5EF970-LeaderElection33 ELECTION round 0: submit vote requests at term 1 for -1: [27d2eb57-a972-4dc6-9799-c8417eae57ce|rpc:10.1.0.47:39277|dataStream:|priority:0, 244676ad-e546-497d-9019-d858b1c3095a|rpc:10.1.0.47:46005|dataStream:|priority:0, 6b9f135a-20fd-4e81-a28d-527c97df21c1|rpc:10.1.0.47:43913|dataStream:|priority:1], old=null
2021-12-08 16:20:24,819 [27d2eb57-a972-4dc6-9799-c8417eae57ce@group-B8A05E5EF970-LeaderElection34] INFO  impl.LeaderElection (LeaderElection.java:askForVotes(306)) - 27d2eb57-a972-4dc6-9799-c8417eae57ce@group-B8A05E5EF970-LeaderElection34 ELECTION round 0: submit vote requests at term 1 for -1: [27d2eb57-a972-4dc6-9799-c8417eae57ce|rpc:10.1.0.47:39277|priority:0, 244676ad-e546-497d-9019-d858b1c3095a|rpc:10.1.0.47:46005|priority:0, 6b9f135a-20fd-4e81-a28d-527c97df21c1|rpc:10.1.0.47:43913|priority:1], old=null
2021-12-08 16:20:24,851 [grpc-default-executor-1] INFO  server.RaftServer$Division (RaftServerImpl.java:requestVote(1046)) - 27d2eb57-a972-4dc6-9799-c8417eae57ce@group-B8A05E5EF970: receive requestVote(ELECTION, 6b9f135a-20fd-4e81-a28d-527c97df21c1, group-B8A05E5EF970, 1, (t:0, i:0))
2021-12-08 16:20:24,852 [grpc-default-executor-1] INFO  impl.VoteContext (VoteContext.java:log(48)) - 27d2eb57-a972-4dc6-9799-c8417eae57ce@group-B8A05E5EF970-CANDIDATE: reject ELECTION from 6b9f135a-20fd-4e81-a28d-527c97df21c1: already has voted for 27d2eb57-a972-4dc6-9799-c8417eae57ce at current term 1
2021-12-08 16:20:24,852 [grpc-default-executor-1] INFO  server.RaftServer$Division (RaftServerImpl.java:requestVote(1078)) - 27d2eb57-a972-4dc6-9799-c8417eae57ce@group-B8A05E5EF970 replies to ELECTION vote request: 6b9f135a-20fd-4e81-a28d-527c97df21c1<-27d2eb57-a972-4dc6-9799-c8417eae57ce#0:FAIL-t1. Peer's state: 27d2eb57-a972-4dc6-9799-c8417eae57ce@group-B8A05E5EF970:t1, leader=null, voted=27d2eb57-a972-4dc6-9799-c8417eae57ce, raftlog=27d2eb57-a972-4dc6-9799-c8417eae57ce@group-B8A05E5EF970-SegmentedRaftLog:OPENED:c-1, conf=-1: [27d2eb57-a972-4dc6-9799-c8417eae57ce|rpc:10.1.0.47:39277|priority:0, 244676ad-e546-497d-9019-d858b1c3095a|rpc:10.1.0.47:46005|priority:0, 6b9f135a-20fd-4e81-a28d-527c97df21c1|rpc:10.1.0.47:43913|priority:1], old=null
2021-12-08 16:20:24,899 [grpc-default-executor-0] INFO  server.RaftServer$Division (RaftServerImpl.java:requestVote(1046)) - 244676ad-e546-497d-9019-d858b1c3095a@group-B8A05E5EF970: receive requestVote(ELECTION, 27d2eb57-a972-4dc6-9799-c8417eae57ce, group-B8A05E5EF970, 1, (t:0, i:0))
2021-12-08 16:20:24,899 [grpc-default-executor-0] INFO  impl.VoteContext (VoteContext.java:log(48)) - 244676ad-e546-497d-9019-d858b1c3095a@group-B8A05E5EF970-FOLLOWER: accept ELECTION from 27d2eb57-a972-4dc6-9799-c8417eae57ce: our priority 0 <= candidate's priority 0
2021-12-08 16:20:24,900 [grpc-default-executor-0] INFO  server.RaftServer$Division (RaftServerImpl.java:setRole(290)) - 244676ad-e546-497d-9019-d858b1c3095a@group-B8A05E5EF970: changes role from  FOLLOWER to FOLLOWER at term 1 for candidate:27d2eb57-a972-4dc6-9799-c8417eae57ce
2021-12-08 16:20:24,900 [grpc-default-executor-0] INFO  impl.RoleInfo (RoleInfo.java:shutdownFollowerState(108)) - 244676ad-e546-497d-9019-d858b1c3095a: shutdown 244676ad-e546-497d-9019-d858b1c3095a@group-B8A05E5EF970-FollowerState
2021-12-08 16:20:24,900 [grpc-default-executor-0] INFO  impl.RoleInfo (RoleInfo.java:updateAndGet(130)) - 244676ad-e546-497d-9019-d858b1c3095a: start 244676ad-e546-497d-9019-d858b1c3095a@group-B8A05E5EF970-FollowerState
2021-12-08 16:20:24,900 [244676ad-e546-497d-9019-d858b1c3095a@group-B8A05E5EF970-FollowerState] INFO  impl.FollowerState (FollowerState.java:run(143)) - 244676ad-e546-497d-9019-d858b1c3095a@group-B8A05E5EF970-FollowerState was interrupted: {}
java.lang.InterruptedException: sleep interrupted
	at java.lang.Thread.sleep(Native Method)
	at java.lang.Thread.sleep(Thread.java:340)
	at java.util.concurrent.TimeUnit.sleep(TimeUnit.java:386)
	at org.apache.ratis.util.TimeDuration.sleep(TimeDuration.java:324)
	at org.apache.ratis.util.TimeDuration.sleep(TimeDuration.java:309)
	at org.apache.ratis.server.impl.FollowerState.run(FollowerState.java:118)
2021-12-08 16:20:24,905 [grpc-default-executor-0] INFO  server.RaftServer$Division (RaftServerImpl.java:requestVote(1078)) - 244676ad-e546-497d-9019-d858b1c3095a@group-B8A05E5EF970 replies to ELECTION vote request: 27d2eb57-a972-4dc6-9799-c8417eae57ce<-244676ad-e546-497d-9019-d858b1c3095a#0:OK-t1. Peer's state: 244676ad-e546-497d-9019-d858b1c3095a@group-B8A05E5EF970:t1, leader=null, voted=27d2eb57-a972-4dc6-9799-c8417eae57ce, raftlog=244676ad-e546-497d-9019-d858b1c3095a@group-B8A05E5EF970-SegmentedRaftLog:OPENED:c-1, conf=-1: [27d2eb57-a972-4dc6-9799-c8417eae57ce|rpc:10.1.0.47:39277|dataStream:|priority:0, 244676ad-e546-497d-9019-d858b1c3095a|rpc:10.1.0.47:46005|dataStream:|priority:0, 6b9f135a-20fd-4e81-a28d-527c97df21c1|rpc:10.1.0.47:43913|dataStream:|priority:1], old=null
2021-12-08 16:20:24,927 [grpc-default-executor-1] INFO  server.RaftServer$Division (RaftServerImpl.java:requestVote(1046)) - 244676ad-e546-497d-9019-d858b1c3095a@group-B8A05E5EF970: receive requestVote(ELECTION, 6b9f135a-20fd-4e81-a28d-527c97df21c1, group-B8A05E5EF970, 1, (t:0, i:0))
2021-12-08 16:20:24,928 [grpc-default-executor-1] INFO  impl.VoteContext (VoteContext.java:log(48)) - 244676ad-e546-497d-9019-d858b1c3095a@group-B8A05E5EF970-FOLLOWER: reject ELECTION from 6b9f135a-20fd-4e81-a28d-527c97df21c1: already has voted for 27d2eb57-a972-4dc6-9799-c8417eae57ce at current term 1
2021-12-08 16:20:24,928 [grpc-default-executor-1] INFO  server.RaftServer$Division (RaftServerImpl.java:requestVote(1078)) - 244676ad-e546-497d-9019-d858b1c3095a@group-B8A05E5EF970 replies to ELECTION vote request: 6b9f135a-20fd-4e81-a28d-527c97df21c1<-244676ad-e546-497d-9019-d858b1c3095a#0:FAIL-t1. Peer's state: 244676ad-e546-497d-9019-d858b1c3095a@group-B8A05E5EF970:t1, leader=null, voted=27d2eb57-a972-4dc6-9799-c8417eae57ce, raftlog=244676ad-e546-497d-9019-d858b1c3095a@group-B8A05E5EF970-SegmentedRaftLog:OPENED:c-1, conf=-1: [27d2eb57-a972-4dc6-9799-c8417eae57ce|rpc:10.1.0.47:39277|dataStream:|priority:0, 244676ad-e546-497d-9019-d858b1c3095a|rpc:10.1.0.47:46005|dataStream:|priority:0, 6b9f135a-20fd-4e81-a28d-527c97df21c1|rpc:10.1.0.47:43913|dataStream:|priority:1], old=null
2021-12-08 16:20:24,930 [6b9f135a-20fd-4e81-a28d-527c97df21c1@group-B8A05E5EF970-LeaderElection33] INFO  impl.LeaderElection (LeaderElection.java:logAndReturn(89)) - 6b9f135a-20fd-4e81-a28d-527c97df21c1@group-B8A05E5EF970-LeaderElection33: ELECTION REJECTED received 2 response(s) and 0 exception(s):
2021-12-08 16:20:24,930 [6b9f135a-20fd-4e81-a28d-527c97df21c1@group-B8A05E5EF970-LeaderElection33] INFO  impl.LeaderElection (LeaderElection.java:logAndReturn(93)) -   Response 0: 6b9f135a-20fd-4e81-a28d-527c97df21c1<-27d2eb57-a972-4dc6-9799-c8417eae57ce#0:FAIL-t1
2021-12-08 16:20:24,930 [6b9f135a-20fd-4e81-a28d-527c97df21c1@group-B8A05E5EF970-LeaderElection33] INFO  impl.LeaderElection (LeaderElection.java:logAndReturn(93)) -   Response 1: 6b9f135a-20fd-4e81-a28d-527c97df21c1<-244676ad-e546-497d-9019-d858b1c3095a#0:FAIL-t1
2021-12-08 16:20:24,931 [6b9f135a-20fd-4e81-a28d-527c97df21c1@group-B8A05E5EF970-LeaderElection33] INFO  impl.LeaderElection (LeaderElection.java:askForVotes(308)) - 6b9f135a-20fd-4e81-a28d-527c97df21c1@group-B8A05E5EF970-LeaderElection33 ELECTION round 0: result REJECTED
2021-12-08 16:20:24,931 [6b9f135a-20fd-4e81-a28d-527c97df21c1@group-B8A05E5EF970-LeaderElection33] INFO  server.RaftServer$Division (RaftServerImpl.java:setRole(290)) - 6b9f135a-20fd-4e81-a28d-527c97df21c1@group-B8A05E5EF970: changes role from CANDIDATE to FOLLOWER at term 1 for REJECTED
2021-12-08 16:20:24,931 [6b9f135a-20fd-4e81-a28d-527c97df21c1@group-B8A05E5EF970-LeaderElection33] INFO  impl.RoleInfo (RoleInfo.java:shutdownLeaderElection(121)) - 6b9f135a-20fd-4e81-a28d-527c97df21c1: shutdown 6b9f135a-20fd-4e81-a28d-527c97df21c1@group-B8A05E5EF970-LeaderElection33
2021-12-08 16:20:24,931 [6b9f135a-20fd-4e81-a28d-527c97df21c1@group-B8A05E5EF970-LeaderElection33] INFO  impl.RoleInfo (RoleInfo.java:updateAndGet(130)) - 6b9f135a-20fd-4e81-a28d-527c97df21c1: start 6b9f135a-20fd-4e81-a28d-527c97df21c1@group-B8A05E5EF970-FollowerState
2021-12-08 16:20:24,952 [grpc-default-executor-2] INFO  server.RaftServer$Division (RaftServerImpl.java:requestVote(1046)) - 6b9f135a-20fd-4e81-a28d-527c97df21c1@group-B8A05E5EF970: receive requestVote(ELECTION, 27d2eb57-a972-4dc6-9799-c8417eae57ce, group-B8A05E5EF970, 1, (t:0, i:0))
2021-12-08 16:20:24,953 [grpc-default-executor-2] INFO  impl.VoteContext (VoteContext.java:log(48)) - 6b9f135a-20fd-4e81-a28d-527c97df21c1@group-B8A05E5EF970-FOLLOWER: reject ELECTION from 27d2eb57-a972-4dc6-9799-c8417eae57ce: already has voted for 6b9f135a-20fd-4e81-a28d-527c97df21c1 at current term 1
2021-12-08 16:20:24,953 [grpc-default-executor-2] INFO  server.RaftServer$Division (RaftServerImpl.java:requestVote(1078)) - 6b9f135a-20fd-4e81-a28d-527c97df21c1@group-B8A05E5EF970 replies to ELECTION vote request: 27d2eb57-a972-4dc6-9799-c8417eae57ce<-6b9f135a-20fd-4e81-a28d-527c97df21c1#0:FAIL-t1. Peer's state: 6b9f135a-20fd-4e81-a28d-527c97df21c1@group-B8A05E5EF970:t1, leader=null, voted=6b9f135a-20fd-4e81-a28d-527c97df21c1, raftlog=6b9f135a-20fd-4e81-a28d-527c97df21c1@group-B8A05E5EF970-SegmentedRaftLog:OPENED:c-1, conf=-1: [27d2eb57-a972-4dc6-9799-c8417eae57ce|rpc:10.1.0.47:39277|dataStream:|priority:0, 244676ad-e546-497d-9019-d858b1c3095a|rpc:10.1.0.47:46005|dataStream:|priority:0, 6b9f135a-20fd-4e81-a28d-527c97df21c1|rpc:10.1.0.47:43913|dataStream:|priority:1], old=null
2021-12-08 16:20:24,955 [27d2eb57-a972-4dc6-9799-c8417eae57ce@group-B8A05E5EF970-LeaderElection34] INFO  impl.LeaderElection (LeaderElection.java:logAndReturn(89)) - 27d2eb57-a972-4dc6-9799-c8417eae57ce@group-B8A05E5EF970-LeaderElection34: ELECTION REJECTED received 2 response(s) and 0 exception(s):
2021-12-08 16:20:24,955 [27d2eb57-a972-4dc6-9799-c8417eae57ce@group-B8A05E5EF970-LeaderElection34] INFO  impl.LeaderElection (LeaderElection.java:logAndReturn(93)) -   Response 0: 27d2eb57-a972-4dc6-9799-c8417eae57ce<-244676ad-e546-497d-9019-d858b1c3095a#0:OK-t1
2021-12-08 16:20:24,955 [27d2eb57-a972-4dc6-9799-c8417eae57ce@group-B8A05E5EF970-LeaderElection34] INFO  impl.LeaderElection (LeaderElection.java:logAndReturn(93)) -   Response 1: 27d2eb57-a972-4dc6-9799-c8417eae57ce<-6b9f135a-20fd-4e81-a28d-527c97df21c1#0:FAIL-t1
2021-12-08 16:20:24,955 [27d2eb57-a972-4dc6-9799-c8417eae57ce@group-B8A05E5EF970-LeaderElection34] INFO  impl.LeaderElection (LeaderElection.java:askForVotes(308)) - 27d2eb57-a972-4dc6-9799-c8417eae57ce@group-B8A05E5EF970-LeaderElection34 ELECTION round 0: result REJECTED
2021-12-08 16:20:24,955 [27d2eb57-a972-4dc6-9799-c8417eae57ce@group-B8A05E5EF970-LeaderElection34] INFO  server.RaftServer$Division (RaftServerImpl.java:setRole(290)) - 27d2eb57-a972-4dc6-9799-c8417eae57ce@group-B8A05E5EF970: changes role from CANDIDATE to FOLLOWER at term 1 for REJECTED
2021-12-08 16:20:24,955 [27d2eb57-a972-4dc6-9799-c8417eae57ce@group-B8A05E5EF970-LeaderElection34] INFO  impl.RoleInfo (RoleInfo.java:shutdownLeaderElection(121)) - 27d2eb57-a972-4dc6-9799-c8417eae57ce: shutdown 27d2eb57-a972-4dc6-9799-c8417eae57ce@group-B8A05E5EF970-LeaderElection34
2021-12-08 16:20:24,955 [27d2eb57-a972-4dc6-9799-c8417eae57ce@group-B8A05E5EF970-LeaderElection34] INFO  impl.RoleInfo (RoleInfo.java:updateAndGet(130)) - 27d2eb57-a972-4dc6-9799-c8417eae57ce: start 27d2eb57-a972-4dc6-9799-c8417eae57ce@group-B8A05E5EF970-FollowerState
2021-12-08 16:20:25,019 [27d2eb57-a972-4dc6-9799-c8417eae57ce@group-E178D35DBC74-FollowerState] INFO  impl.FollowerState (FollowerState.java:run(134)) - 27d2eb57-a972-4dc6-9799-c8417eae57ce@group-E178D35DBC74-FollowerState: change to CANDIDATE, lastRpcElapsedTime:5026216215ns, electionTimeout:5014ms
2021-12-08 16:20:25,021 [27d2eb57-a972-4dc6-9799-c8417eae57ce@group-E178D35DBC74-FollowerState] INFO  impl.RoleInfo (RoleInfo.java:shutdownFollowerState(108)) - 27d2eb57-a972-4dc6-9799-c8417eae57ce: shutdown 27d2eb57-a972-4dc6-9799-c8417eae57ce@group-E178D35DBC74-FollowerState
2021-12-08 16:20:25,021 [27d2eb57-a972-4dc6-9799-c8417eae57ce@group-E178D35DBC74-FollowerState] INFO  server.RaftServer$Division (RaftServerImpl.java:setRole(290)) - 27d2eb57-a972-4dc6-9799-c8417eae57ce@group-E178D35DBC74: changes role from  FOLLOWER to CANDIDATE at term 0 for changeToCandidate
2021-12-08 16:20:25,021 [27d2eb57-a972-4dc6-9799-c8417eae57ce@group-E178D35DBC74-FollowerState] INFO  server.RaftServerConfigKeys (ConfUtils.java:logGet(44)) - raft.server.leaderelection.pre-vote = false (custom)
2021-12-08 16:20:25,021 [27d2eb57-a972-4dc6-9799-c8417eae57ce@group-E178D35DBC74-FollowerState] INFO  impl.RoleInfo (RoleInfo.java:updateAndGet(130)) - 27d2eb57-a972-4dc6-9799-c8417eae57ce: start 27d2eb57-a972-4dc6-9799-c8417eae57ce@group-E178D35DBC74-LeaderElection35
2021-12-08 16:20:25,038 [27d2eb57-a972-4dc6-9799-c8417eae57ce@group-E178D35DBC74-LeaderElection35] INFO  impl.LeaderElection (LeaderElection.java:askForVotes(306)) - 27d2eb57-a972-4dc6-9799-c8417eae57ce@group-E178D35DBC74-LeaderElection35 ELECTION round 0: submit vote requests at term 1 for -1: [27d2eb57-a972-4dc6-9799-c8417eae57ce|rpc:10.1.0.47:39277|priority:0, 244676ad-e546-497d-9019-d858b1c3095a|rpc:10.1.0.47:46005|priority:1, 6b9f135a-20fd-4e81-a28d-527c97df21c1|rpc:10.1.0.47:43913|priority:0], old=null
2021-12-08 16:20:25,067 [grpc-default-executor-2] INFO  server.RaftServer$Division (RaftServerImpl.java:requestVote(1046)) - 244676ad-e546-497d-9019-d858b1c3095a@group-E178D35DBC74: receive requestVote(ELECTION, 27d2eb57-a972-4dc6-9799-c8417eae57ce, group-E178D35DBC74, 1, (t:0, i:0))
2021-12-08 16:20:25,068 [grpc-default-executor-2] INFO  impl.VoteContext (VoteContext.java:log(48)) - 244676ad-e546-497d-9019-d858b1c3095a@group-E178D35DBC74-FOLLOWER: reject ELECTION from 27d2eb57-a972-4dc6-9799-c8417eae57ce: our priority 1 > candidate's priority 0
2021-12-08 16:20:25,068 [grpc-default-executor-2] INFO  server.RaftServer$Division (RaftServerImpl.java:setRole(290)) - 244676ad-e546-497d-9019-d858b1c3095a@group-E178D35DBC74: changes role from  FOLLOWER to FOLLOWER at term 1 for candidate:27d2eb57-a972-4dc6-9799-c8417eae57ce
2021-12-08 16:20:25,068 [grpc-default-executor-2] INFO  impl.RoleInfo (RoleInfo.java:shutdownFollowerState(108)) - 244676ad-e546-497d-9019-d858b1c3095a: shutdown 244676ad-e546-497d-9019-d858b1c3095a@group-E178D35DBC74-FollowerState
2021-12-08 16:20:25,068 [grpc-default-executor-2] INFO  impl.RoleInfo (RoleInfo.java:updateAndGet(130)) - 244676ad-e546-497d-9019-d858b1c3095a: start 244676ad-e546-497d-9019-d858b1c3095a@group-E178D35DBC74-FollowerState
2021-12-08 16:20:25,068 [244676ad-e546-497d-9019-d858b1c3095a@group-E178D35DBC74-FollowerState] INFO  impl.FollowerState (FollowerState.java:run(143)) - 244676ad-e546-497d-9019-d858b1c3095a@group-E178D35DBC74-FollowerState was interrupted: {}
java.lang.InterruptedException: sleep interrupted
	at java.lang.Thread.sleep(Native Method)
	at java.lang.Thread.sleep(Thread.java:340)
	at java.util.concurrent.TimeUnit.sleep(TimeUnit.java:386)
	at org.apache.ratis.util.TimeDuration.sleep(TimeDuration.java:324)
	at org.apache.ratis.util.TimeDuration.sleep(TimeDuration.java:309)
	at org.apache.ratis.server.impl.FollowerState.run(FollowerState.java:118)
2021-12-08 16:20:25,071 [6b9f135a-20fd-4e81-a28d-527c97df21c1@group-B0C380767FBC-FollowerState] INFO  impl.FollowerState (FollowerState.java:run(134)) - 6b9f135a-20fd-4e81-a28d-527c97df21c1@group-B0C380767FBC-FollowerState: change to CANDIDATE, lastRpcElapsedTime:5079460242ns, electionTimeout:5077ms
2021-12-08 16:20:25,071 [6b9f135a-20fd-4e81-a28d-527c97df21c1@group-B0C380767FBC-FollowerState] INFO  impl.RoleInfo (RoleInfo.java:shutdownFollowerState(108)) - 6b9f135a-20fd-4e81-a28d-527c97df21c1: shutdown 6b9f135a-20fd-4e81-a28d-527c97df21c1@group-B0C380767FBC-FollowerState
2021-12-08 16:20:25,071 [6b9f135a-20fd-4e81-a28d-527c97df21c1@group-B0C380767FBC-FollowerState] INFO  server.RaftServer$Division (RaftServerImpl.java:setRole(290)) - 6b9f135a-20fd-4e81-a28d-527c97df21c1@group-B0C380767FBC: changes role from  FOLLOWER to CANDIDATE at term 0 for changeToCandidate
2021-12-08 16:20:25,071 [6b9f135a-20fd-4e81-a28d-527c97df21c1@group-B0C380767FBC-FollowerState] INFO  server.RaftServerConfigKeys (ConfUtils.java:logGet(44)) - raft.server.leaderelection.pre-vote = false (custom)
2021-12-08 16:20:25,071 [6b9f135a-20fd-4e81-a28d-527c97df21c1@group-B0C380767FBC-FollowerState] INFO  impl.RoleInfo (RoleInfo.java:updateAndGet(130)) - 6b9f135a-20fd-4e81-a28d-527c97df21c1: start 6b9f135a-20fd-4e81-a28d-527c97df21c1@group-B0C380767FBC-LeaderElection36
2021-12-08 16:20:25,091 [grpc-default-executor-2] INFO  server.RaftServer$Division (RaftServerImpl.java:requestVote(1078)) - 244676ad-e546-497d-9019-d858b1c3095a@group-E178D35DBC74 replies to ELECTION vote request: 27d2eb57-a972-4dc6-9799-c8417eae57ce<-244676ad-e546-497d-9019-d858b1c3095a#0:FAIL-t1. Peer's state: 244676ad-e546-497d-9019-d858b1c3095a@group-E178D35DBC74:t1, leader=null, voted=null, raftlog=244676ad-e546-497d-9019-d858b1c3095a@group-E178D35DBC74-SegmentedRaftLog:OPENED:c-1, conf=-1: [27d2eb57-a972-4dc6-9799-c8417eae57ce|rpc:10.1.0.47:39277|dataStream:|priority:0, 244676ad-e546-497d-9019-d858b1c3095a|rpc:10.1.0.47:46005|dataStream:|priority:1, 6b9f135a-20fd-4e81-a28d-527c97df21c1|rpc:10.1.0.47:43913|dataStream:|priority:0], old=null
2021-12-08 16:20:25,091 [grpc-default-executor-1] INFO  server.RaftServer$Division (RaftServerImpl.java:requestVote(1046)) - 6b9f135a-20fd-4e81-a28d-527c97df21c1@group-E178D35DBC74: receive requestVote(ELECTION, 27d2eb57-a972-4dc6-9799-c8417eae57ce, group-E178D35DBC74, 1, (t:0, i:0))
2021-12-08 16:20:25,092 [grpc-default-executor-1] INFO  impl.VoteContext (VoteContext.java:log(48)) - 6b9f135a-20fd-4e81-a28d-527c97df21c1@group-E178D35DBC74-FOLLOWER: accept ELECTION from 27d2eb57-a972-4dc6-9799-c8417eae57ce: our priority 0 <= candidate's priority 0
2021-12-08 16:20:25,092 [grpc-default-executor-1] INFO  server.RaftServer$Division (RaftServerImpl.java:setRole(290)) - 6b9f135a-20fd-4e81-a28d-527c97df21c1@group-E178D35DBC74: changes role from  FOLLOWER to FOLLOWER at term 1 for candidate:27d2eb57-a972-4dc6-9799-c8417eae57ce
2021-12-08 16:20:25,092 [grpc-default-executor-1] INFO  impl.RoleInfo (RoleInfo.java:shutdownFollowerState(108)) - 6b9f135a-20fd-4e81-a28d-527c97df21c1: shutdown 6b9f135a-20fd-4e81-a28d-527c97df21c1@group-E178D35DBC74-FollowerState
2021-12-08 16:20:25,092 [grpc-default-executor-1] INFO  impl.RoleInfo (RoleInfo.java:updateAndGet(130)) - 6b9f135a-20fd-4e81-a28d-527c97df21c1: start 6b9f135a-20fd-4e81-a28d-527c97df21c1@group-E178D35DBC74-FollowerState
2021-12-08 16:20:25,092 [6b9f135a-20fd-4e81-a28d-527c97df21c1@group-E178D35DBC74-FollowerState] INFO  impl.FollowerState (FollowerState.java:run(143)) - 6b9f135a-20fd-4e81-a28d-527c97df21c1@group-E178D35DBC74-FollowerState was interrupted: {}
java.lang.InterruptedException: sleep interrupted
	at java.lang.Thread.sleep(Native Method)
	at java.lang.Thread.sleep(Thread.java:340)
	at java.util.concurrent.TimeUnit.sleep(TimeUnit.java:386)
	at org.apache.ratis.util.TimeDuration.sleep(TimeDuration.java:324)
	at org.apache.ratis.util.TimeDuration.sleep(TimeDuration.java:309)
	at org.apache.ratis.server.impl.FollowerState.run(FollowerState.java:118)
2021-12-08 16:20:25,119 [grpc-default-executor-1] INFO  server.RaftServer$Division (RaftServerImpl.java:requestVote(1078)) - 6b9f135a-20fd-4e81-a28d-527c97df21c1@group-E178D35DBC74 replies to ELECTION vote request: 27d2eb57-a972-4dc6-9799-c8417eae57ce<-6b9f135a-20fd-4e81-a28d-527c97df21c1#0:OK-t1. Peer's state: 6b9f135a-20fd-4e81-a28d-527c97df21c1@group-E178D35DBC74:t1, leader=null, voted=27d2eb57-a972-4dc6-9799-c8417eae57ce, raftlog=6b9f135a-20fd-4e81-a28d-527c97df21c1@group-E178D35DBC74-SegmentedRaftLog:OPENED:c-1, conf=-1: [27d2eb57-a972-4dc6-9799-c8417eae57ce|rpc:10.1.0.47:39277|priority:0, 244676ad-e546-497d-9019-d858b1c3095a|rpc:10.1.0.47:46005|priority:1, 6b9f135a-20fd-4e81-a28d-527c97df21c1|rpc:10.1.0.47:43913|priority:0], old=null
2021-12-08 16:20:25,107 [27d2eb57-a972-4dc6-9799-c8417eae57ce@group-E178D35DBC74-LeaderElection35] INFO  impl.LeaderElection (LeaderElection.java:logAndReturn(89)) - 27d2eb57-a972-4dc6-9799-c8417eae57ce@group-E178D35DBC74-LeaderElection35: ELECTION REJECTED received 1 response(s) and 0 exception(s):
2021-12-08 16:20:25,119 [27d2eb57-a972-4dc6-9799-c8417eae57ce@group-E178D35DBC74-LeaderElection35] INFO  impl.LeaderElection (LeaderElection.java:logAndReturn(93)) -   Response 0: 27d2eb57-a972-4dc6-9799-c8417eae57ce<-244676ad-e546-497d-9019-d858b1c3095a#0:FAIL-t1
2021-12-08 16:20:25,119 [27d2eb57-a972-4dc6-9799-c8417eae57ce@group-E178D35DBC74-LeaderElection35] INFO  impl.LeaderElection (LeaderElection.java:askForVotes(308)) - 27d2eb57-a972-4dc6-9799-c8417eae57ce@group-E178D35DBC74-LeaderElection35 ELECTION round 0: result REJECTED
2021-12-08 16:20:25,119 [27d2eb57-a972-4dc6-9799-c8417eae57ce@group-E178D35DBC74-LeaderElection35] INFO  server.RaftServer$Division (RaftServerImpl.java:setRole(290)) - 27d2eb57-a972-4dc6-9799-c8417eae57ce@group-E178D35DBC74: changes role from CANDIDATE to FOLLOWER at term 1 for REJECTED
2021-12-08 16:20:25,119 [27d2eb57-a972-4dc6-9799-c8417eae57ce@group-E178D35DBC74-LeaderElection35] INFO  impl.RoleInfo (RoleInfo.java:shutdownLeaderElection(121)) - 27d2eb57-a972-4dc6-9799-c8417eae57ce: shutdown 27d2eb57-a972-4dc6-9799-c8417eae57ce@group-E178D35DBC74-LeaderElection35
2021-12-08 16:20:25,120 [27d2eb57-a972-4dc6-9799-c8417eae57ce@group-E178D35DBC74-LeaderElection35] INFO  impl.RoleInfo (RoleInfo.java:updateAndGet(130)) - 27d2eb57-a972-4dc6-9799-c8417eae57ce: start 27d2eb57-a972-4dc6-9799-c8417eae57ce@group-E178D35DBC74-FollowerState
2021-12-08 16:20:25,093 [6b9f135a-20fd-4e81-a28d-527c97df21c1@group-B0C380767FBC-LeaderElection36] INFO  impl.LeaderElection (LeaderElection.java:askForVotes(306)) - 6b9f135a-20fd-4e81-a28d-527c97df21c1@group-B0C380767FBC-LeaderElection36 ELECTION round 0: submit vote requests at term 1 for -1: [6b9f135a-20fd-4e81-a28d-527c97df21c1|rpc:10.1.0.47:43913|priority:1], old=null
2021-12-08 16:20:25,128 [6b9f135a-20fd-4e81-a28d-527c97df21c1@group-B0C380767FBC-LeaderElection36] INFO  impl.LeaderElection (LeaderElection.java:askForVotes(308)) - 6b9f135a-20fd-4e81-a28d-527c97df21c1@group-B0C380767FBC-LeaderElection36 ELECTION round 0: result PASSED (term=1)
2021-12-08 16:20:25,128 [6b9f135a-20fd-4e81-a28d-527c97df21c1@group-B0C380767FBC-LeaderElection36] INFO  impl.RoleInfo (RoleInfo.java:shutdownLeaderElection(121)) - 6b9f135a-20fd-4e81-a28d-527c97df21c1: shutdown 6b9f135a-20fd-4e81-a28d-527c97df21c1@group-B0C380767FBC-LeaderElection36
2021-12-08 16:20:25,128 [6b9f135a-20fd-4e81-a28d-527c97df21c1@group-B0C380767FBC-LeaderElection36] INFO  server.RaftServer$Division (RaftServerImpl.java:setRole(290)) - 6b9f135a-20fd-4e81-a28d-527c97df21c1@group-B0C380767FBC: changes role from CANDIDATE to LEADER at term 1 for changeToLeader
2021-12-08 16:20:25,128 [6b9f135a-20fd-4e81-a28d-527c97df21c1@group-B0C380767FBC-LeaderElection36] INFO  ratis.XceiverServerRatis (XceiverServerRatis.java:handleLeaderChangedNotification(866)) - Leader change notification received for group: group-B0C380767FBC with new leaderId: 6b9f135a-20fd-4e81-a28d-527c97df21c1
2021-12-08 16:20:25,128 [6b9f135a-20fd-4e81-a28d-527c97df21c1@group-B0C380767FBC-LeaderElection36] INFO  server.RaftServer$Division (ServerState.java:setLeader(285)) - 6b9f135a-20fd-4e81-a28d-527c97df21c1@group-B0C380767FBC: change Leader from null to 6b9f135a-20fd-4e81-a28d-527c97df21c1 at term 1 for becomeLeader, leader elected after 5173ms
2021-12-08 16:20:25,128 [6b9f135a-20fd-4e81-a28d-527c97df21c1@group-B0C380767FBC-LeaderElection36] INFO  server.RaftServerConfigKeys (ConfUtils.java:logGet(44)) - raft.server.staging.catchup.gap = 1000 (default)
2021-12-08 16:20:25,128 [6b9f135a-20fd-4e81-a28d-527c97df21c1@group-B0C380767FBC-LeaderElection36] INFO  server.RaftServerConfigKeys (ConfUtils.java:logGet(44)) - raft.server.write.element-limit = 1024 (custom)
2021-12-08 16:20:25,128 [6b9f135a-20fd-4e81-a28d-527c97df21c1@group-B0C380767FBC-LeaderElection36] INFO  server.RaftServerConfigKeys (ConfUtils.java:logGet(44)) - raft.server.write.byte-limit = 1024 M (=1073741824) (custom)
2021-12-08 16:20:25,129 [6b9f135a-20fd-4e81-a28d-527c97df21c1@group-B0C380767FBC-LeaderElection36] INFO  server.RaftServerConfigKeys (ConfUtils.java:logGet(44)) - raft.server.watch.timeout = 180s (custom)
2021-12-08 16:20:25,129 [6b9f135a-20fd-4e81-a28d-527c97df21c1@group-B0C380767FBC-LeaderElection36] INFO  server.RaftServerConfigKeys (ConfUtils.java:logGet(44)) - raft.server.watch.timeout.denomination = 1s (default)
2021-12-08 16:20:25,129 [6b9f135a-20fd-4e81-a28d-527c97df21c1@group-B0C380767FBC-LeaderElection36] INFO  server.RaftServerConfigKeys (ConfUtils.java:logGet(44)) - raft.server.watch.element-limit = 65536 (default)
2021-12-08 16:20:25,129 [6b9f135a-20fd-4e81-a28d-527c97df21c1@group-B0C380767FBC-LeaderElection36] INFO  server.RaftServerConfigKeys (ConfUtils.java:logGet(44)) - raft.server.write.element-limit = 1024 (custom)
2021-12-08 16:20:25,129 [6b9f135a-20fd-4e81-a28d-527c97df21c1@group-B0C380767FBC-LeaderElection36] INFO  server.RaftServerConfigKeys (ConfUtils.java:logGet(44)) - raft.server.write.follower.gap.ratio.max = -1.0 (default)
2021-12-08 16:20:25,129 [6b9f135a-20fd-4e81-a28d-527c97df21c1@group-B0C380767FBC-LeaderElection36] INFO  impl.RoleInfo (RoleInfo.java:updateAndGet(130)) - 6b9f135a-20fd-4e81-a28d-527c97df21c1: start 6b9f135a-20fd-4e81-a28d-527c97df21c1@group-B0C380767FBC-LeaderStateImpl
2021-12-08 16:20:25,129 [6b9f135a-20fd-4e81-a28d-527c97df21c1@group-B0C380767FBC-LeaderElection36] INFO  segmented.SegmentedRaftLogWorker (SegmentedRaftLogWorker.java:startLogSegment(394)) - 6b9f135a-20fd-4e81-a28d-527c97df21c1@group-B0C380767FBC-SegmentedRaftLogWorker: Starting segment from index:0
2021-12-08 16:20:25,131 [6b9f135a-20fd-4e81-a28d-527c97df21c1@group-B0C380767FBC-SegmentedRaftLogWorker] INFO  segmented.SegmentedRaftLogWorker (SegmentedRaftLogWorker.java:execute(601)) - 6b9f135a-20fd-4e81-a28d-527c97df21c1@group-B0C380767FBC-SegmentedRaftLogWorker: created new log segment /home/runner/work/ozone/ozone/hadoop-ozone/integration-test/target/test-dir/MiniOzoneClusterImpl-102f87ea-2986-4930-8fc4-c674960d3cfd/datanode-1/data/ratis/0e198a50-c5ae-48ed-94b3-b0c380767fbc/current/log_inprogress_0
2021-12-08 16:20:25,133 [EventQueue-OpenPipelineForHealthyPipelineSafeModeRule] INFO  safemode.SCMSafeModeManager (HealthyPipelineSafeModeRule.java:process(124)) - SCM in safe mode. Healthy pipelines reported count is 0, required healthy pipeline reported count is 1
2021-12-08 16:20:25,134 [6b9f135a-20fd-4e81-a28d-527c97df21c1@group-B0C380767FBC-LeaderElection36] INFO  server.RaftServer$Division (ServerState.java:setRaftConf(387)) - 6b9f135a-20fd-4e81-a28d-527c97df21c1@group-B0C380767FBC: set configuration 0: [6b9f135a-20fd-4e81-a28d-527c97df21c1|rpc:10.1.0.47:43913|dataStream:|priority:1], old=null
2021-12-08 16:20:25,440 [Listener at 127.0.0.1/46549] INFO  ozone.MiniOzoneClusterImpl (MiniOzoneClusterImpl.java:lambda$waitForClusterToBeReady$0(235)) - Nodes are ready. Got 3 of 3 DN Heartbeats.
2021-12-08 16:20:25,440 [Listener at 127.0.0.1/46549] INFO  ozone.MiniOzoneClusterImpl (MiniOzoneClusterImpl.java:lambda$waitForClusterToBeReady$0(238)) - Waiting for cluster to exit safe mode
2021-12-08 16:20:25,440 [Listener at 127.0.0.1/46549] INFO  ozone.MiniOzoneClusterImpl (MiniOzoneClusterImpl.java:lambda$waitForClusterToBeReady$0(240)) - SCM became leader
2021-12-08 16:20:25,643 [244676ad-e546-497d-9019-d858b1c3095a@group-699EED74C1B8-FollowerState] INFO  impl.FollowerState (FollowerState.java:run(134)) - 244676ad-e546-497d-9019-d858b1c3095a@group-699EED74C1B8-FollowerState: change to CANDIDATE, lastRpcElapsedTime:5158648171ns, electionTimeout:5148ms
2021-12-08 16:20:25,643 [244676ad-e546-497d-9019-d858b1c3095a@group-699EED74C1B8-FollowerState] INFO  impl.RoleInfo (RoleInfo.java:shutdownFollowerState(108)) - 244676ad-e546-497d-9019-d858b1c3095a: shutdown 244676ad-e546-497d-9019-d858b1c3095a@group-699EED74C1B8-FollowerState
2021-12-08 16:20:25,644 [244676ad-e546-497d-9019-d858b1c3095a@group-699EED74C1B8-FollowerState] INFO  server.RaftServer$Division (RaftServerImpl.java:setRole(290)) - 244676ad-e546-497d-9019-d858b1c3095a@group-699EED74C1B8: changes role from  FOLLOWER to CANDIDATE at term 0 for changeToCandidate
2021-12-08 16:20:25,644 [244676ad-e546-497d-9019-d858b1c3095a@group-699EED74C1B8-FollowerState] INFO  server.RaftServerConfigKeys (ConfUtils.java:logGet(44)) - raft.server.leaderelection.pre-vote = false (custom)
2021-12-08 16:20:25,644 [244676ad-e546-497d-9019-d858b1c3095a@group-699EED74C1B8-FollowerState] INFO  impl.RoleInfo (RoleInfo.java:updateAndGet(130)) - 244676ad-e546-497d-9019-d858b1c3095a: start 244676ad-e546-497d-9019-d858b1c3095a@group-699EED74C1B8-LeaderElection37
2021-12-08 16:20:25,661 [244676ad-e546-497d-9019-d858b1c3095a@group-699EED74C1B8-LeaderElection37] INFO  impl.LeaderElection (LeaderElection.java:askForVotes(306)) - 244676ad-e546-497d-9019-d858b1c3095a@group-699EED74C1B8-LeaderElection37 ELECTION round 0: submit vote requests at term 1 for -1: [244676ad-e546-497d-9019-d858b1c3095a|rpc:10.1.0.47:46005|priority:1], old=null
2021-12-08 16:20:25,661 [244676ad-e546-497d-9019-d858b1c3095a@group-699EED74C1B8-LeaderElection37] INFO  impl.LeaderElection (LeaderElection.java:askForVotes(308)) - 244676ad-e546-497d-9019-d858b1c3095a@group-699EED74C1B8-LeaderElection37 ELECTION round 0: result PASSED (term=1)
2021-12-08 16:20:25,661 [244676ad-e546-497d-9019-d858b1c3095a@group-699EED74C1B8-LeaderElection37] INFO  impl.RoleInfo (RoleInfo.java:shutdownLeaderElection(121)) - 244676ad-e546-497d-9019-d858b1c3095a: shutdown 244676ad-e546-497d-9019-d858b1c3095a@group-699EED74C1B8-LeaderElection37
2021-12-08 16:20:25,661 [244676ad-e546-497d-9019-d858b1c3095a@group-699EED74C1B8-LeaderElection37] INFO  server.RaftServer$Division (RaftServerImpl.java:setRole(290)) - 244676ad-e546-497d-9019-d858b1c3095a@group-699EED74C1B8: changes role from CANDIDATE to LEADER at term 1 for changeToLeader
2021-12-08 16:20:25,662 [244676ad-e546-497d-9019-d858b1c3095a@group-699EED74C1B8-LeaderElection37] INFO  ratis.XceiverServerRatis (XceiverServerRatis.java:handleLeaderChangedNotification(866)) - Leader change notification received for group: group-699EED74C1B8 with new leaderId: 244676ad-e546-497d-9019-d858b1c3095a
2021-12-08 16:20:25,662 [244676ad-e546-497d-9019-d858b1c3095a@group-699EED74C1B8-LeaderElection37] INFO  server.RaftServer$Division (ServerState.java:setLeader(285)) - 244676ad-e546-497d-9019-d858b1c3095a@group-699EED74C1B8: change Leader from null to 244676ad-e546-497d-9019-d858b1c3095a at term 1 for becomeLeader, leader elected after 5203ms
2021-12-08 16:20:25,662 [244676ad-e546-497d-9019-d858b1c3095a@group-699EED74C1B8-LeaderElection37] INFO  server.RaftServerConfigKeys (ConfUtils.java:logGet(44)) - raft.server.staging.catchup.gap = 1000 (default)
2021-12-08 16:20:25,663 [244676ad-e546-497d-9019-d858b1c3095a@group-699EED74C1B8-LeaderElection37] INFO  server.RaftServerConfigKeys (ConfUtils.java:logGet(44)) - raft.server.write.element-limit = 1024 (custom)
2021-12-08 16:20:25,663 [EventQueue-OpenPipelineForHealthyPipelineSafeModeRule] INFO  safemode.SCMSafeModeManager (HealthyPipelineSafeModeRule.java:process(124)) - SCM in safe mode. Healthy pipelines reported count is 0, required healthy pipeline reported count is 1
2021-12-08 16:20:25,667 [244676ad-e546-497d-9019-d858b1c3095a@group-699EED74C1B8-LeaderElection37] INFO  server.RaftServerConfigKeys (ConfUtils.java:logGet(44)) - raft.server.write.byte-limit = 1024 M (=1073741824) (custom)
2021-12-08 16:20:25,667 [244676ad-e546-497d-9019-d858b1c3095a@group-699EED74C1B8-LeaderElection37] INFO  server.RaftServerConfigKeys (ConfUtils.java:logGet(44)) - raft.server.watch.timeout = 180s (custom)
2021-12-08 16:20:25,669 [244676ad-e546-497d-9019-d858b1c3095a@group-699EED74C1B8-LeaderElection37] INFO  server.RaftServerConfigKeys (ConfUtils.java:logGet(44)) - raft.server.watch.timeout.denomination = 1s (default)
2021-12-08 16:20:25,669 [244676ad-e546-497d-9019-d858b1c3095a@group-699EED74C1B8-LeaderElection37] INFO  server.RaftServerConfigKeys (ConfUtils.java:logGet(44)) - raft.server.watch.element-limit = 65536 (default)
2021-12-08 16:20:25,669 [244676ad-e546-497d-9019-d858b1c3095a@group-699EED74C1B8-LeaderElection37] INFO  server.RaftServerConfigKeys (ConfUtils.java:logGet(44)) - raft.server.write.element-limit = 1024 (custom)
2021-12-08 16:20:25,669 [244676ad-e546-497d-9019-d858b1c3095a@group-699EED74C1B8-LeaderElection37] INFO  server.RaftServerConfigKeys (ConfUtils.java:logGet(44)) - raft.server.write.follower.gap.ratio.max = -1.0 (default)
2021-12-08 16:20:25,669 [244676ad-e546-497d-9019-d858b1c3095a@group-699EED74C1B8-LeaderElection37] INFO  impl.RoleInfo (RoleInfo.java:updateAndGet(130)) - 244676ad-e546-497d-9019-d858b1c3095a: start 244676ad-e546-497d-9019-d858b1c3095a@group-699EED74C1B8-LeaderStateImpl
2021-12-08 16:20:25,670 [244676ad-e546-497d-9019-d858b1c3095a@group-699EED74C1B8-LeaderElection37] INFO  segmented.SegmentedRaftLogWorker (SegmentedRaftLogWorker.java:startLogSegment(394)) - 244676ad-e546-497d-9019-d858b1c3095a@group-699EED74C1B8-SegmentedRaftLogWorker: Starting segment from index:0
2021-12-08 16:20:25,679 [244676ad-e546-497d-9019-d858b1c3095a@group-699EED74C1B8-LeaderElection37] INFO  server.RaftServer$Division (ServerState.java:setRaftConf(387)) - 244676ad-e546-497d-9019-d858b1c3095a@group-699EED74C1B8: set configuration 0: [244676ad-e546-497d-9019-d858b1c3095a|rpc:10.1.0.47:46005|dataStream:|priority:1], old=null
2021-12-08 16:20:25,679 [244676ad-e546-497d-9019-d858b1c3095a@group-699EED74C1B8-SegmentedRaftLogWorker] INFO  segmented.SegmentedRaftLogWorker (SegmentedRaftLogWorker.java:execute(601)) - 244676ad-e546-497d-9019-d858b1c3095a@group-699EED74C1B8-SegmentedRaftLogWorker: created new log segment /home/runner/work/ozone/ozone/hadoop-ozone/integration-test/target/test-dir/MiniOzoneClusterImpl-102f87ea-2986-4930-8fc4-c674960d3cfd/datanode-2/data/ratis/271c7cb6-d7fb-4524-8f5c-699eed74c1b8/current/log_inprogress_0
2021-12-08 16:20:26,441 [Listener at 127.0.0.1/46549] INFO  ozone.MiniOzoneClusterImpl (MiniOzoneClusterImpl.java:lambda$waitForClusterToBeReady$0(235)) - Nodes are ready. Got 3 of 3 DN Heartbeats.
2021-12-08 16:20:26,441 [Listener at 127.0.0.1/46549] INFO  ozone.MiniOzoneClusterImpl (MiniOzoneClusterImpl.java:lambda$waitForClusterToBeReady$0(238)) - Waiting for cluster to exit safe mode
2021-12-08 16:20:26,441 [Listener at 127.0.0.1/46549] INFO  ozone.MiniOzoneClusterImpl (MiniOzoneClusterImpl.java:lambda$waitForClusterToBeReady$0(240)) - SCM became leader
2021-12-08 16:20:27,441 [Listener at 127.0.0.1/46549] INFO  ozone.MiniOzoneClusterImpl (MiniOzoneClusterImpl.java:lambda$waitForClusterToBeReady$0(235)) - Nodes are ready. Got 3 of 3 DN Heartbeats.
2021-12-08 16:20:27,442 [Listener at 127.0.0.1/46549] INFO  ozone.MiniOzoneClusterImpl (MiniOzoneClusterImpl.java:lambda$waitForClusterToBeReady$0(238)) - Waiting for cluster to exit safe mode
2021-12-08 16:20:27,442 [Listener at 127.0.0.1/46549] INFO  ozone.MiniOzoneClusterImpl (MiniOzoneClusterImpl.java:lambda$waitForClusterToBeReady$0(240)) - SCM became leader
2021-12-08 16:20:28,442 [Listener at 127.0.0.1/46549] INFO  ozone.MiniOzoneClusterImpl (MiniOzoneClusterImpl.java:lambda$waitForClusterToBeReady$0(235)) - Nodes are ready. Got 3 of 3 DN Heartbeats.
2021-12-08 16:20:28,442 [Listener at 127.0.0.1/46549] INFO  ozone.MiniOzoneClusterImpl (MiniOzoneClusterImpl.java:lambda$waitForClusterToBeReady$0(238)) - Waiting for cluster to exit safe mode
2021-12-08 16:20:28,442 [Listener at 127.0.0.1/46549] INFO  ozone.MiniOzoneClusterImpl (MiniOzoneClusterImpl.java:lambda$waitForClusterToBeReady$0(240)) - SCM became leader
2021-12-08 16:20:29,442 [Listener at 127.0.0.1/46549] INFO  ozone.MiniOzoneClusterImpl (MiniOzoneClusterImpl.java:lambda$waitForClusterToBeReady$0(235)) - Nodes are ready. Got 3 of 3 DN Heartbeats.
2021-12-08 16:20:29,443 [Listener at 127.0.0.1/46549] INFO  ozone.MiniOzoneClusterImpl (MiniOzoneClusterImpl.java:lambda$waitForClusterToBeReady$0(238)) - Waiting for cluster to exit safe mode
2021-12-08 16:20:29,443 [Listener at 127.0.0.1/46549] INFO  ozone.MiniOzoneClusterImpl (MiniOzoneClusterImpl.java:lambda$waitForClusterToBeReady$0(240)) - SCM became leader
2021-12-08 16:20:30,025 [244676ad-e546-497d-9019-d858b1c3095a@group-B8A05E5EF970-FollowerState] INFO  impl.FollowerState (FollowerState.java:run(134)) - 244676ad-e546-497d-9019-d858b1c3095a@group-B8A05E5EF970-FollowerState: change to CANDIDATE, lastRpcElapsedTime:5120195795ns, electionTimeout:5109ms
2021-12-08 16:20:30,025 [244676ad-e546-497d-9019-d858b1c3095a@group-B8A05E5EF970-FollowerState] INFO  impl.RoleInfo (RoleInfo.java:shutdownFollowerState(108)) - 244676ad-e546-497d-9019-d858b1c3095a: shutdown 244676ad-e546-497d-9019-d858b1c3095a@group-B8A05E5EF970-FollowerState
2021-12-08 16:20:30,025 [244676ad-e546-497d-9019-d858b1c3095a@group-B8A05E5EF970-FollowerState] INFO  server.RaftServer$Division (RaftServerImpl.java:setRole(290)) - 244676ad-e546-497d-9019-d858b1c3095a@group-B8A05E5EF970: changes role from  FOLLOWER to CANDIDATE at term 1 for changeToCandidate
2021-12-08 16:20:30,025 [244676ad-e546-497d-9019-d858b1c3095a@group-B8A05E5EF970-FollowerState] INFO  server.RaftServerConfigKeys (ConfUtils.java:logGet(44)) - raft.server.leaderelection.pre-vote = false (custom)
2021-12-08 16:20:30,025 [244676ad-e546-497d-9019-d858b1c3095a@group-B8A05E5EF970-FollowerState] INFO  impl.RoleInfo (RoleInfo.java:updateAndGet(130)) - 244676ad-e546-497d-9019-d858b1c3095a: start 244676ad-e546-497d-9019-d858b1c3095a@group-B8A05E5EF970-LeaderElection38
2021-12-08 16:20:30,051 [244676ad-e546-497d-9019-d858b1c3095a@group-B8A05E5EF970-LeaderElection38] INFO  impl.LeaderElection (LeaderElection.java:askForVotes(306)) - 244676ad-e546-497d-9019-d858b1c3095a@group-B8A05E5EF970-LeaderElection38 ELECTION round 0: submit vote requests at term 2 for -1: [27d2eb57-a972-4dc6-9799-c8417eae57ce|rpc:10.1.0.47:39277|dataStream:|priority:0, 244676ad-e546-497d-9019-d858b1c3095a|rpc:10.1.0.47:46005|dataStream:|priority:0, 6b9f135a-20fd-4e81-a28d-527c97df21c1|rpc:10.1.0.47:43913|dataStream:|priority:1], old=null
2021-12-08 16:20:30,095 [27d2eb57-a972-4dc6-9799-c8417eae57ce@group-B8A05E5EF970-FollowerState] INFO  impl.FollowerState (FollowerState.java:run(134)) - 27d2eb57-a972-4dc6-9799-c8417eae57ce@group-B8A05E5EF970-FollowerState: change to CANDIDATE, lastRpcElapsedTime:5139554150ns, electionTimeout:5114ms
2021-12-08 16:20:30,095 [27d2eb57-a972-4dc6-9799-c8417eae57ce@group-B8A05E5EF970-FollowerState] INFO  impl.RoleInfo (RoleInfo.java:shutdownFollowerState(108)) - 27d2eb57-a972-4dc6-9799-c8417eae57ce: shutdown 27d2eb57-a972-4dc6-9799-c8417eae57ce@group-B8A05E5EF970-FollowerState
2021-12-08 16:20:30,095 [27d2eb57-a972-4dc6-9799-c8417eae57ce@group-B8A05E5EF970-FollowerState] INFO  server.RaftServer$Division (RaftServerImpl.java:setRole(290)) - 27d2eb57-a972-4dc6-9799-c8417eae57ce@group-B8A05E5EF970: changes role from  FOLLOWER to CANDIDATE at term 1 for changeToCandidate
2021-12-08 16:20:30,095 [27d2eb57-a972-4dc6-9799-c8417eae57ce@group-B8A05E5EF970-FollowerState] INFO  server.RaftServerConfigKeys (ConfUtils.java:logGet(44)) - raft.server.leaderelection.pre-vote = false (custom)
2021-12-08 16:20:30,095 [27d2eb57-a972-4dc6-9799-c8417eae57ce@group-B8A05E5EF970-FollowerState] INFO  impl.RoleInfo (RoleInfo.java:updateAndGet(130)) - 27d2eb57-a972-4dc6-9799-c8417eae57ce: start 27d2eb57-a972-4dc6-9799-c8417eae57ce@group-B8A05E5EF970-LeaderElection39
2021-12-08 16:20:30,095 [grpc-default-executor-1] INFO  server.RaftServer$Division (RaftServerImpl.java:requestVote(1046)) - 27d2eb57-a972-4dc6-9799-c8417eae57ce@group-B8A05E5EF970: receive requestVote(ELECTION, 244676ad-e546-497d-9019-d858b1c3095a, group-B8A05E5EF970, 2, (t:0, i:0))
2021-12-08 16:20:30,108 [27d2eb57-a972-4dc6-9799-c8417eae57ce@group-B8A05E5EF970-LeaderElection39] INFO  impl.LeaderElection (LeaderElection.java:askForVotes(306)) - 27d2eb57-a972-4dc6-9799-c8417eae57ce@group-B8A05E5EF970-LeaderElection39 ELECTION round 0: submit vote requests at term 2 for -1: [27d2eb57-a972-4dc6-9799-c8417eae57ce|rpc:10.1.0.47:39277|priority:0, 244676ad-e546-497d-9019-d858b1c3095a|rpc:10.1.0.47:46005|priority:0, 6b9f135a-20fd-4e81-a28d-527c97df21c1|rpc:10.1.0.47:43913|priority:1], old=null
2021-12-08 16:20:30,108 [grpc-default-executor-1] INFO  impl.VoteContext (VoteContext.java:log(48)) - 27d2eb57-a972-4dc6-9799-c8417eae57ce@group-B8A05E5EF970-CANDIDATE: reject ELECTION from 244676ad-e546-497d-9019-d858b1c3095a: already has voted for 27d2eb57-a972-4dc6-9799-c8417eae57ce at current term 2
2021-12-08 16:20:30,112 [grpc-default-executor-1] INFO  server.RaftServer$Division (RaftServerImpl.java:requestVote(1078)) - 27d2eb57-a972-4dc6-9799-c8417eae57ce@group-B8A05E5EF970 replies to ELECTION vote request: 244676ad-e546-497d-9019-d858b1c3095a<-27d2eb57-a972-4dc6-9799-c8417eae57ce#0:FAIL-t2. Peer's state: 27d2eb57-a972-4dc6-9799-c8417eae57ce@group-B8A05E5EF970:t2, leader=null, voted=27d2eb57-a972-4dc6-9799-c8417eae57ce, raftlog=27d2eb57-a972-4dc6-9799-c8417eae57ce@group-B8A05E5EF970-SegmentedRaftLog:OPENED:c-1, conf=-1: [27d2eb57-a972-4dc6-9799-c8417eae57ce|rpc:10.1.0.47:39277|priority:0, 244676ad-e546-497d-9019-d858b1c3095a|rpc:10.1.0.47:46005|priority:0, 6b9f135a-20fd-4e81-a28d-527c97df21c1|rpc:10.1.0.47:43913|priority:1], old=null
2021-12-08 16:20:30,114 [6b9f135a-20fd-4e81-a28d-527c97df21c1@group-B8A05E5EF970-FollowerState] INFO  impl.FollowerState (FollowerState.java:run(134)) - 6b9f135a-20fd-4e81-a28d-527c97df21c1@group-B8A05E5EF970-FollowerState: change to CANDIDATE, lastRpcElapsedTime:5183261301ns, electionTimeout:5182ms
2021-12-08 16:20:30,114 [6b9f135a-20fd-4e81-a28d-527c97df21c1@group-B8A05E5EF970-FollowerState] INFO  impl.RoleInfo (RoleInfo.java:shutdownFollowerState(108)) - 6b9f135a-20fd-4e81-a28d-527c97df21c1: shutdown 6b9f135a-20fd-4e81-a28d-527c97df21c1@group-B8A05E5EF970-FollowerState
2021-12-08 16:20:30,114 [6b9f135a-20fd-4e81-a28d-527c97df21c1@group-B8A05E5EF970-FollowerState] INFO  server.RaftServer$Division (RaftServerImpl.java:setRole(290)) - 6b9f135a-20fd-4e81-a28d-527c97df21c1@group-B8A05E5EF970: changes role from  FOLLOWER to CANDIDATE at term 1 for changeToCandidate
2021-12-08 16:20:30,146 [6b9f135a-20fd-4e81-a28d-527c97df21c1@group-B8A05E5EF970-FollowerState] INFO  server.RaftServerConfigKeys (ConfUtils.java:logGet(44)) - raft.server.leaderelection.pre-vote = false (custom)
2021-12-08 16:20:30,146 [6b9f135a-20fd-4e81-a28d-527c97df21c1@group-B8A05E5EF970-FollowerState] INFO  impl.RoleInfo (RoleInfo.java:updateAndGet(130)) - 6b9f135a-20fd-4e81-a28d-527c97df21c1: start 6b9f135a-20fd-4e81-a28d-527c97df21c1@group-B8A05E5EF970-LeaderElection40
2021-12-08 16:20:30,185 [grpc-default-executor-1] INFO  server.RaftServer$Division (RaftServerImpl.java:requestVote(1046)) - 6b9f135a-20fd-4e81-a28d-527c97df21c1@group-B8A05E5EF970: receive requestVote(ELECTION, 244676ad-e546-497d-9019-d858b1c3095a, group-B8A05E5EF970, 2, (t:0, i:0))
2021-12-08 16:20:30,203 [grpc-default-executor-1] INFO  impl.VoteContext (VoteContext.java:log(48)) - 6b9f135a-20fd-4e81-a28d-527c97df21c1@group-B8A05E5EF970-CANDIDATE: reject ELECTION from 244676ad-e546-497d-9019-d858b1c3095a: already has voted for 6b9f135a-20fd-4e81-a28d-527c97df21c1 at current term 2
2021-12-08 16:20:30,203 [grpc-default-executor-1] INFO  server.RaftServer$Division (RaftServerImpl.java:requestVote(1078)) - 6b9f135a-20fd-4e81-a28d-527c97df21c1@group-B8A05E5EF970 replies to ELECTION vote request: 244676ad-e546-497d-9019-d858b1c3095a<-6b9f135a-20fd-4e81-a28d-527c97df21c1#0:FAIL-t2. Peer's state: 6b9f135a-20fd-4e81-a28d-527c97df21c1@group-B8A05E5EF970:t2, leader=null, voted=6b9f135a-20fd-4e81-a28d-527c97df21c1, raftlog=6b9f135a-20fd-4e81-a28d-527c97df21c1@group-B8A05E5EF970-SegmentedRaftLog:OPENED:c-1, conf=-1: [27d2eb57-a972-4dc6-9799-c8417eae57ce|rpc:10.1.0.47:39277|dataStream:|priority:0, 244676ad-e546-497d-9019-d858b1c3095a|rpc:10.1.0.47:46005|dataStream:|priority:0, 6b9f135a-20fd-4e81-a28d-527c97df21c1|rpc:10.1.0.47:43913|dataStream:|priority:1], old=null
2021-12-08 16:20:30,189 [244676ad-e546-497d-9019-d858b1c3095a@group-E178D35DBC74-FollowerState] INFO  impl.FollowerState (FollowerState.java:run(134)) - 244676ad-e546-497d-9019-d858b1c3095a@group-E178D35DBC74-FollowerState: change to CANDIDATE, lastRpcElapsedTime:5121386903ns, electionTimeout:5093ms
2021-12-08 16:20:30,203 [244676ad-e546-497d-9019-d858b1c3095a@group-E178D35DBC74-FollowerState] INFO  impl.RoleInfo (RoleInfo.java:shutdownFollowerState(108)) - 244676ad-e546-497d-9019-d858b1c3095a: shutdown 244676ad-e546-497d-9019-d858b1c3095a@group-E178D35DBC74-FollowerState
2021-12-08 16:20:30,203 [244676ad-e546-497d-9019-d858b1c3095a@group-E178D35DBC74-FollowerState] INFO  server.RaftServer$Division (RaftServerImpl.java:setRole(290)) - 244676ad-e546-497d-9019-d858b1c3095a@group-E178D35DBC74: changes role from  FOLLOWER to CANDIDATE at term 1 for changeToCandidate
2021-12-08 16:20:30,203 [244676ad-e546-497d-9019-d858b1c3095a@group-E178D35DBC74-FollowerState] INFO  server.RaftServerConfigKeys (ConfUtils.java:logGet(44)) - raft.server.leaderelection.pre-vote = false (custom)
2021-12-08 16:20:30,203 [244676ad-e546-497d-9019-d858b1c3095a@group-E178D35DBC74-FollowerState] INFO  impl.RoleInfo (RoleInfo.java:updateAndGet(130)) - 244676ad-e546-497d-9019-d858b1c3095a: start 244676ad-e546-497d-9019-d858b1c3095a@group-E178D35DBC74-LeaderElection41
2021-12-08 16:20:30,189 [grpc-default-executor-2] INFO  server.RaftServer$Division (RaftServerImpl.java:requestVote(1046)) - 6b9f135a-20fd-4e81-a28d-527c97df21c1@group-B8A05E5EF970: receive requestVote(ELECTION, 27d2eb57-a972-4dc6-9799-c8417eae57ce, group-B8A05E5EF970, 2, (t:0, i:0))
2021-12-08 16:20:30,220 [grpc-default-executor-2] INFO  impl.VoteContext (VoteContext.java:log(48)) - 6b9f135a-20fd-4e81-a28d-527c97df21c1@group-B8A05E5EF970-CANDIDATE: reject ELECTION from 27d2eb57-a972-4dc6-9799-c8417eae57ce: already has voted for 6b9f135a-20fd-4e81-a28d-527c97df21c1 at current term 2
2021-12-08 16:20:30,186 [6b9f135a-20fd-4e81-a28d-527c97df21c1@group-B8A05E5EF970-LeaderElection40] INFO  impl.LeaderElection (LeaderElection.java:askForVotes(306)) - 6b9f135a-20fd-4e81-a28d-527c97df21c1@group-B8A05E5EF970-LeaderElection40 ELECTION round 0: submit vote requests at term 2 for -1: [27d2eb57-a972-4dc6-9799-c8417eae57ce|rpc:10.1.0.47:39277|dataStream:|priority:0, 244676ad-e546-497d-9019-d858b1c3095a|rpc:10.1.0.47:46005|dataStream:|priority:0, 6b9f135a-20fd-4e81-a28d-527c97df21c1|rpc:10.1.0.47:43913|dataStream:|priority:1], old=null
2021-12-08 16:20:30,220 [grpc-default-executor-2] INFO  server.RaftServer$Division (RaftServerImpl.java:requestVote(1078)) - 6b9f135a-20fd-4e81-a28d-527c97df21c1@group-B8A05E5EF970 replies to ELECTION vote request: 27d2eb57-a972-4dc6-9799-c8417eae57ce<-6b9f135a-20fd-4e81-a28d-527c97df21c1#0:FAIL-t2. Peer's state: 6b9f135a-20fd-4e81-a28d-527c97df21c1@group-B8A05E5EF970:t2, leader=null, voted=6b9f135a-20fd-4e81-a28d-527c97df21c1, raftlog=6b9f135a-20fd-4e81-a28d-527c97df21c1@group-B8A05E5EF970-SegmentedRaftLog:OPENED:c-1, conf=-1: [27d2eb57-a972-4dc6-9799-c8417eae57ce|rpc:10.1.0.47:39277|dataStream:|priority:0, 244676ad-e546-497d-9019-d858b1c3095a|rpc:10.1.0.47:46005|dataStream:|priority:0, 6b9f135a-20fd-4e81-a28d-527c97df21c1|rpc:10.1.0.47:43913|dataStream:|priority:1], old=null
2021-12-08 16:20:30,221 [244676ad-e546-497d-9019-d858b1c3095a@group-B8A05E5EF970-LeaderElection38] INFO  impl.LeaderElection (LeaderElection.java:logAndReturn(89)) - 244676ad-e546-497d-9019-d858b1c3095a@group-B8A05E5EF970-LeaderElection38: ELECTION REJECTED received 2 response(s) and 0 exception(s):
2021-12-08 16:20:30,220 [grpc-default-executor-0] INFO  server.RaftServer$Division (RaftServerImpl.java:requestVote(1046)) - 244676ad-e546-497d-9019-d858b1c3095a@group-B8A05E5EF970: receive requestVote(ELECTION, 27d2eb57-a972-4dc6-9799-c8417eae57ce, group-B8A05E5EF970, 2, (t:0, i:0))
2021-12-08 16:20:30,236 [grpc-default-executor-2] INFO  server.RaftServer$Division (RaftServerImpl.java:requestVote(1046)) - 27d2eb57-a972-4dc6-9799-c8417eae57ce@group-B8A05E5EF970: receive requestVote(ELECTION, 6b9f135a-20fd-4e81-a28d-527c97df21c1, group-B8A05E5EF970, 2, (t:0, i:0))
2021-12-08 16:20:30,243 [grpc-default-executor-2] INFO  impl.VoteContext (VoteContext.java:log(48)) - 27d2eb57-a972-4dc6-9799-c8417eae57ce@group-B8A05E5EF970-CANDIDATE: reject ELECTION from 6b9f135a-20fd-4e81-a28d-527c97df21c1: already has voted for 27d2eb57-a972-4dc6-9799-c8417eae57ce at current term 2
2021-12-08 16:20:30,243 [grpc-default-executor-2] INFO  server.RaftServer$Division (RaftServerImpl.java:requestVote(1078)) - 27d2eb57-a972-4dc6-9799-c8417eae57ce@group-B8A05E5EF970 replies to ELECTION vote request: 6b9f135a-20fd-4e81-a28d-527c97df21c1<-27d2eb57-a972-4dc6-9799-c8417eae57ce#0:FAIL-t2. Peer's state: 27d2eb57-a972-4dc6-9799-c8417eae57ce@group-B8A05E5EF970:t2, leader=null, voted=27d2eb57-a972-4dc6-9799-c8417eae57ce, raftlog=27d2eb57-a972-4dc6-9799-c8417eae57ce@group-B8A05E5EF970-SegmentedRaftLog:OPENED:c-1, conf=-1: [27d2eb57-a972-4dc6-9799-c8417eae57ce|rpc:10.1.0.47:39277|priority:0, 244676ad-e546-497d-9019-d858b1c3095a|rpc:10.1.0.47:46005|priority:0, 6b9f135a-20fd-4e81-a28d-527c97df21c1|rpc:10.1.0.47:43913|priority:1], old=null
2021-12-08 16:20:30,236 [244676ad-e546-497d-9019-d858b1c3095a@group-B8A05E5EF970-LeaderElection38] INFO  impl.LeaderElection (LeaderElection.java:logAndReturn(93)) -   Response 0: 244676ad-e546-497d-9019-d858b1c3095a<-27d2eb57-a972-4dc6-9799-c8417eae57ce#0:FAIL-t2
2021-12-08 16:20:30,243 [244676ad-e546-497d-9019-d858b1c3095a@group-B8A05E5EF970-LeaderElection38] INFO  impl.LeaderElection (LeaderElection.java:logAndReturn(93)) -   Response 1: 244676ad-e546-497d-9019-d858b1c3095a<-6b9f135a-20fd-4e81-a28d-527c97df21c1#0:FAIL-t2
2021-12-08 16:20:30,243 [244676ad-e546-497d-9019-d858b1c3095a@group-B8A05E5EF970-LeaderElection38] INFO  impl.LeaderElection (LeaderElection.java:askForVotes(308)) - 244676ad-e546-497d-9019-d858b1c3095a@group-B8A05E5EF970-LeaderElection38 ELECTION round 0: result REJECTED
2021-12-08 16:20:30,236 [6b9f135a-20fd-4e81-a28d-527c97df21c1@group-E178D35DBC74-FollowerState] INFO  impl.FollowerState (FollowerState.java:run(134)) - 6b9f135a-20fd-4e81-a28d-527c97df21c1@group-E178D35DBC74-FollowerState: change to CANDIDATE, lastRpcElapsedTime:5117597572ns, electionTimeout:5102ms
2021-12-08 16:20:30,245 [6b9f135a-20fd-4e81-a28d-527c97df21c1@group-E178D35DBC74-FollowerState] INFO  impl.RoleInfo (RoleInfo.java:shutdownFollowerState(108)) - 6b9f135a-20fd-4e81-a28d-527c97df21c1: shutdown 6b9f135a-20fd-4e81-a28d-527c97df21c1@group-E178D35DBC74-FollowerState
2021-12-08 16:20:30,245 [6b9f135a-20fd-4e81-a28d-527c97df21c1@group-E178D35DBC74-FollowerState] INFO  server.RaftServer$Division (RaftServerImpl.java:setRole(290)) - 6b9f135a-20fd-4e81-a28d-527c97df21c1@group-E178D35DBC74: changes role from  FOLLOWER to CANDIDATE at term 1 for changeToCandidate
2021-12-08 16:20:30,245 [6b9f135a-20fd-4e81-a28d-527c97df21c1@group-E178D35DBC74-FollowerState] INFO  server.RaftServerConfigKeys (ConfUtils.java:logGet(44)) - raft.server.leaderelection.pre-vote = false (custom)
2021-12-08 16:20:30,245 [6b9f135a-20fd-4e81-a28d-527c97df21c1@group-E178D35DBC74-FollowerState] INFO  impl.RoleInfo (RoleInfo.java:updateAndGet(130)) - 6b9f135a-20fd-4e81-a28d-527c97df21c1: start 6b9f135a-20fd-4e81-a28d-527c97df21c1@group-E178D35DBC74-LeaderElection42
2021-12-08 16:20:30,232 [27d2eb57-a972-4dc6-9799-c8417eae57ce@group-B8A05E5EF970-LeaderElection39] INFO  impl.LeaderElection (LeaderElection.java:logAndReturn(89)) - 27d2eb57-a972-4dc6-9799-c8417eae57ce@group-B8A05E5EF970-LeaderElection39: ELECTION REJECTED received 1 response(s) and 0 exception(s):
2021-12-08 16:20:30,246 [27d2eb57-a972-4dc6-9799-c8417eae57ce@group-B8A05E5EF970-LeaderElection39] INFO  impl.LeaderElection (LeaderElection.java:logAndReturn(93)) -   Response 0: 27d2eb57-a972-4dc6-9799-c8417eae57ce<-6b9f135a-20fd-4e81-a28d-527c97df21c1#0:FAIL-t2
2021-12-08 16:20:30,238 [grpc-default-executor-0] INFO  impl.VoteContext (VoteContext.java:log(48)) - 244676ad-e546-497d-9019-d858b1c3095a@group-B8A05E5EF970-CANDIDATE: reject ELECTION from 27d2eb57-a972-4dc6-9799-c8417eae57ce: already has voted for 244676ad-e546-497d-9019-d858b1c3095a at current term 2
2021-12-08 16:20:30,246 [grpc-default-executor-0] INFO  server.RaftServer$Division (RaftServerImpl.java:requestVote(1078)) - 244676ad-e546-497d-9019-d858b1c3095a@group-B8A05E5EF970 replies to ELECTION vote request: 27d2eb57-a972-4dc6-9799-c8417eae57ce<-244676ad-e546-497d-9019-d858b1c3095a#0:FAIL-t2. Peer's state: 244676ad-e546-497d-9019-d858b1c3095a@group-B8A05E5EF970:t2, leader=null, voted=244676ad-e546-497d-9019-d858b1c3095a, raftlog=244676ad-e546-497d-9019-d858b1c3095a@group-B8A05E5EF970-SegmentedRaftLog:OPENED:c-1, conf=-1: [27d2eb57-a972-4dc6-9799-c8417eae57ce|rpc:10.1.0.47:39277|dataStream:|priority:0, 244676ad-e546-497d-9019-d858b1c3095a|rpc:10.1.0.47:46005|dataStream:|priority:0, 6b9f135a-20fd-4e81-a28d-527c97df21c1|rpc:10.1.0.47:43913|dataStream:|priority:1], old=null
2021-12-08 16:20:30,246 [244676ad-e546-497d-9019-d858b1c3095a@group-B8A05E5EF970-LeaderElection38] INFO  server.RaftServer$Division (RaftServerImpl.java:setRole(290)) - 244676ad-e546-497d-9019-d858b1c3095a@group-B8A05E5EF970: changes role from CANDIDATE to FOLLOWER at term 2 for REJECTED
2021-12-08 16:20:30,246 [244676ad-e546-497d-9019-d858b1c3095a@group-B8A05E5EF970-LeaderElection38] INFO  impl.RoleInfo (RoleInfo.java:shutdownLeaderElection(121)) - 244676ad-e546-497d-9019-d858b1c3095a: shutdown 244676ad-e546-497d-9019-d858b1c3095a@group-B8A05E5EF970-LeaderElection38
2021-12-08 16:20:30,267 [244676ad-e546-497d-9019-d858b1c3095a@group-E178D35DBC74-LeaderElection41] INFO  impl.LeaderElection (LeaderElection.java:askForVotes(306)) - 244676ad-e546-497d-9019-d858b1c3095a@group-E178D35DBC74-LeaderElection41 ELECTION round 0: submit vote requests at term 2 for -1: [27d2eb57-a972-4dc6-9799-c8417eae57ce|rpc:10.1.0.47:39277|dataStream:|priority:0, 244676ad-e546-497d-9019-d858b1c3095a|rpc:10.1.0.47:46005|dataStream:|priority:1, 6b9f135a-20fd-4e81-a28d-527c97df21c1|rpc:10.1.0.47:43913|dataStream:|priority:0], old=null
2021-12-08 16:20:30,292 [grpc-default-executor-0] INFO  server.RaftServer$Division (RaftServerImpl.java:requestVote(1046)) - 244676ad-e546-497d-9019-d858b1c3095a@group-B8A05E5EF970: receive requestVote(ELECTION, 6b9f135a-20fd-4e81-a28d-527c97df21c1, group-B8A05E5EF970, 2, (t:0, i:0))
2021-12-08 16:20:30,279 [27d2eb57-a972-4dc6-9799-c8417eae57ce@group-E178D35DBC74-FollowerState] INFO  impl.FollowerState (FollowerState.java:run(134)) - 27d2eb57-a972-4dc6-9799-c8417eae57ce@group-E178D35DBC74-FollowerState: change to CANDIDATE, lastRpcElapsedTime:5159243205ns, electionTimeout:5144ms
2021-12-08 16:20:30,306 [27d2eb57-a972-4dc6-9799-c8417eae57ce@group-E178D35DBC74-FollowerState] INFO  impl.RoleInfo (RoleInfo.java:shutdownFollowerState(108)) - 27d2eb57-a972-4dc6-9799-c8417eae57ce: shutdown 27d2eb57-a972-4dc6-9799-c8417eae57ce@group-E178D35DBC74-FollowerState
2021-12-08 16:20:30,306 [27d2eb57-a972-4dc6-9799-c8417eae57ce@group-E178D35DBC74-FollowerState] INFO  server.RaftServer$Division (RaftServerImpl.java:setRole(290)) - 27d2eb57-a972-4dc6-9799-c8417eae57ce@group-E178D35DBC74: changes role from  FOLLOWER to CANDIDATE at term 1 for changeToCandidate
2021-12-08 16:20:30,307 [27d2eb57-a972-4dc6-9799-c8417eae57ce@group-E178D35DBC74-FollowerState] INFO  server.RaftServerConfigKeys (ConfUtils.java:logGet(44)) - raft.server.leaderelection.pre-vote = false (custom)
2021-12-08 16:20:30,307 [27d2eb57-a972-4dc6-9799-c8417eae57ce@group-E178D35DBC74-FollowerState] INFO  impl.RoleInfo (RoleInfo.java:updateAndGet(130)) - 27d2eb57-a972-4dc6-9799-c8417eae57ce: start 27d2eb57-a972-4dc6-9799-c8417eae57ce@group-E178D35DBC74-LeaderElection43
2021-12-08 16:20:30,307 [grpc-default-executor-2] INFO  server.RaftServer$Division (RaftServerImpl.java:requestVote(1046)) - 27d2eb57-a972-4dc6-9799-c8417eae57ce@group-E178D35DBC74: receive requestVote(ELECTION, 244676ad-e546-497d-9019-d858b1c3095a, group-E178D35DBC74, 2, (t:0, i:0))
2021-12-08 16:20:30,279 [27d2eb57-a972-4dc6-9799-c8417eae57ce@group-B8A05E5EF970-LeaderElection39] INFO  impl.LeaderElection (LeaderElection.java:askForVotes(308)) - 27d2eb57-a972-4dc6-9799-c8417eae57ce@group-B8A05E5EF970-LeaderElection39 ELECTION round 0: result REJECTED
2021-12-08 16:20:30,307 [27d2eb57-a972-4dc6-9799-c8417eae57ce@group-B8A05E5EF970-LeaderElection39] INFO  server.RaftServer$Division (RaftServerImpl.java:setRole(290)) - 27d2eb57-a972-4dc6-9799-c8417eae57ce@group-B8A05E5EF970: changes role from CANDIDATE to FOLLOWER at term 2 for REJECTED
2021-12-08 16:20:30,307 [27d2eb57-a972-4dc6-9799-c8417eae57ce@group-B8A05E5EF970-LeaderElection39] INFO  impl.RoleInfo (RoleInfo.java:shutdownLeaderElection(121)) - 27d2eb57-a972-4dc6-9799-c8417eae57ce: shutdown 27d2eb57-a972-4dc6-9799-c8417eae57ce@group-B8A05E5EF970-LeaderElection39
2021-12-08 16:20:30,279 [244676ad-e546-497d-9019-d858b1c3095a@group-B8A05E5EF970-LeaderElection38] INFO  impl.RoleInfo (RoleInfo.java:updateAndGet(130)) - 244676ad-e546-497d-9019-d858b1c3095a: start 244676ad-e546-497d-9019-d858b1c3095a@group-B8A05E5EF970-FollowerState
2021-12-08 16:20:30,302 [6b9f135a-20fd-4e81-a28d-527c97df21c1@group-E178D35DBC74-LeaderElection42] INFO  impl.LeaderElection (LeaderElection.java:askForVotes(306)) - 6b9f135a-20fd-4e81-a28d-527c97df21c1@group-E178D35DBC74-LeaderElection42 ELECTION round 0: submit vote requests at term 2 for -1: [27d2eb57-a972-4dc6-9799-c8417eae57ce|rpc:10.1.0.47:39277|priority:0, 244676ad-e546-497d-9019-d858b1c3095a|rpc:10.1.0.47:46005|priority:1, 6b9f135a-20fd-4e81-a28d-527c97df21c1|rpc:10.1.0.47:43913|priority:0], old=null
2021-12-08 16:20:30,307 [grpc-default-executor-2] INFO  impl.VoteContext (VoteContext.java:log(48)) - 27d2eb57-a972-4dc6-9799-c8417eae57ce@group-E178D35DBC74-CANDIDATE: accept ELECTION from 244676ad-e546-497d-9019-d858b1c3095a: our priority 0 <= candidate's priority 1
2021-12-08 16:20:30,307 [grpc-default-executor-2] INFO  server.RaftServer$Division (RaftServerImpl.java:setRole(290)) - 27d2eb57-a972-4dc6-9799-c8417eae57ce@group-E178D35DBC74: changes role from CANDIDATE to FOLLOWER at term 2 for candidate:244676ad-e546-497d-9019-d858b1c3095a
2021-12-08 16:20:30,307 [grpc-default-executor-2] INFO  impl.RoleInfo (RoleInfo.java:shutdownLeaderElection(121)) - 27d2eb57-a972-4dc6-9799-c8417eae57ce: shutdown 27d2eb57-a972-4dc6-9799-c8417eae57ce@group-E178D35DBC74-LeaderElection43
2021-12-08 16:20:30,308 [grpc-default-executor-2] INFO  impl.RoleInfo (RoleInfo.java:updateAndGet(130)) - 27d2eb57-a972-4dc6-9799-c8417eae57ce: start 27d2eb57-a972-4dc6-9799-c8417eae57ce@group-E178D35DBC74-FollowerState
2021-12-08 16:20:30,308 [27d2eb57-a972-4dc6-9799-c8417eae57ce@group-E178D35DBC74-LeaderElection43] INFO  impl.LeaderElection (LeaderElection.java:run(230)) - 27d2eb57-a972-4dc6-9799-c8417eae57ce@group-E178D35DBC74-LeaderElection43: skip running since this is already CLOSING
2021-12-08 16:20:30,308 [grpc-default-executor-1] INFO  server.RaftServer$Division (RaftServerImpl.java:requestVote(1046)) - 6b9f135a-20fd-4e81-a28d-527c97df21c1@group-E178D35DBC74: receive requestVote(ELECTION, 244676ad-e546-497d-9019-d858b1c3095a, group-E178D35DBC74, 2, (t:0, i:0))
2021-12-08 16:20:30,308 [grpc-default-executor-1] INFO  impl.VoteContext (VoteContext.java:log(48)) - 6b9f135a-20fd-4e81-a28d-527c97df21c1@group-E178D35DBC74-CANDIDATE: reject ELECTION from 244676ad-e546-497d-9019-d858b1c3095a: already has voted for 6b9f135a-20fd-4e81-a28d-527c97df21c1 at current term 2
2021-12-08 16:20:30,309 [grpc-default-executor-1] INFO  server.RaftServer$Division (RaftServerImpl.java:requestVote(1078)) - 6b9f135a-20fd-4e81-a28d-527c97df21c1@group-E178D35DBC74 replies to ELECTION vote request: 244676ad-e546-497d-9019-d858b1c3095a<-6b9f135a-20fd-4e81-a28d-527c97df21c1#0:FAIL-t2. Peer's state: 6b9f135a-20fd-4e81-a28d-527c97df21c1@group-E178D35DBC74:t2, leader=null, voted=6b9f135a-20fd-4e81-a28d-527c97df21c1, raftlog=6b9f135a-20fd-4e81-a28d-527c97df21c1@group-E178D35DBC74-SegmentedRaftLog:OPENED:c-1, conf=-1: [27d2eb57-a972-4dc6-9799-c8417eae57ce|rpc:10.1.0.47:39277|priority:0, 244676ad-e546-497d-9019-d858b1c3095a|rpc:10.1.0.47:46005|priority:1, 6b9f135a-20fd-4e81-a28d-527c97df21c1|rpc:10.1.0.47:43913|priority:0], old=null
2021-12-08 16:20:30,309 [grpc-default-executor-2] INFO  server.RaftServer$Division (RaftServerImpl.java:requestVote(1078)) - 27d2eb57-a972-4dc6-9799-c8417eae57ce@group-E178D35DBC74 replies to ELECTION vote request: 244676ad-e546-497d-9019-d858b1c3095a<-27d2eb57-a972-4dc6-9799-c8417eae57ce#0:OK-t2. Peer's state: 27d2eb57-a972-4dc6-9799-c8417eae57ce@group-E178D35DBC74:t2, leader=null, voted=244676ad-e546-497d-9019-d858b1c3095a, raftlog=27d2eb57-a972-4dc6-9799-c8417eae57ce@group-E178D35DBC74-SegmentedRaftLog:OPENED:c-1, conf=-1: [27d2eb57-a972-4dc6-9799-c8417eae57ce|rpc:10.1.0.47:39277|priority:0, 244676ad-e546-497d-9019-d858b1c3095a|rpc:10.1.0.47:46005|priority:1, 6b9f135a-20fd-4e81-a28d-527c97df21c1|rpc:10.1.0.47:43913|priority:0], old=null
2021-12-08 16:20:30,310 [244676ad-e546-497d-9019-d858b1c3095a@group-E178D35DBC74-LeaderElection41] INFO  impl.LeaderElection (LeaderElection.java:logAndReturn(89)) - 244676ad-e546-497d-9019-d858b1c3095a@group-E178D35DBC74-LeaderElection41: ELECTION PASSED received 1 response(s) and 0 exception(s):
2021-12-08 16:20:30,329 [244676ad-e546-497d-9019-d858b1c3095a@group-E178D35DBC74-LeaderElection41] INFO  impl.LeaderElection (LeaderElection.java:logAndReturn(93)) -   Response 0: 244676ad-e546-497d-9019-d858b1c3095a<-27d2eb57-a972-4dc6-9799-c8417eae57ce#0:OK-t2
2021-12-08 16:20:30,329 [grpc-default-executor-0] INFO  impl.VoteContext (VoteContext.java:log(48)) - 244676ad-e546-497d-9019-d858b1c3095a@group-B8A05E5EF970-FOLLOWER: reject ELECTION from 6b9f135a-20fd-4e81-a28d-527c97df21c1: already has voted for 244676ad-e546-497d-9019-d858b1c3095a at current term 2
2021-12-08 16:20:30,335 [grpc-default-executor-0] INFO  server.RaftServer$Division (RaftServerImpl.java:requestVote(1078)) - 244676ad-e546-497d-9019-d858b1c3095a@group-B8A05E5EF970 replies to ELECTION vote request: 6b9f135a-20fd-4e81-a28d-527c97df21c1<-244676ad-e546-497d-9019-d858b1c3095a#0:FAIL-t2. Peer's state: 244676ad-e546-497d-9019-d858b1c3095a@group-B8A05E5EF970:t2, leader=null, voted=244676ad-e546-497d-9019-d858b1c3095a, raftlog=244676ad-e546-497d-9019-d858b1c3095a@group-B8A05E5EF970-SegmentedRaftLog:OPENED:c-1, conf=-1: [27d2eb57-a972-4dc6-9799-c8417eae57ce|rpc:10.1.0.47:39277|dataStream:|priority:0, 244676ad-e546-497d-9019-d858b1c3095a|rpc:10.1.0.47:46005|dataStream:|priority:0, 6b9f135a-20fd-4e81-a28d-527c97df21c1|rpc:10.1.0.47:43913|dataStream:|priority:1], old=null
2021-12-08 16:20:30,335 [27d2eb57-a972-4dc6-9799-c8417eae57ce@group-B8A05E5EF970-LeaderElection39] INFO  impl.RoleInfo (RoleInfo.java:updateAndGet(130)) - 27d2eb57-a972-4dc6-9799-c8417eae57ce: start 27d2eb57-a972-4dc6-9799-c8417eae57ce@group-B8A05E5EF970-FollowerState
2021-12-08 16:20:30,336 [6b9f135a-20fd-4e81-a28d-527c97df21c1@group-B8A05E5EF970-LeaderElection40] INFO  impl.LeaderElection (LeaderElection.java:logAndReturn(89)) - 6b9f135a-20fd-4e81-a28d-527c97df21c1@group-B8A05E5EF970-LeaderElection40: ELECTION REJECTED received 2 response(s) and 0 exception(s):
2021-12-08 16:20:30,337 [6b9f135a-20fd-4e81-a28d-527c97df21c1@group-B8A05E5EF970-LeaderElection40] INFO  impl.LeaderElection (LeaderElection.java:logAndReturn(93)) -   Response 0: 6b9f135a-20fd-4e81-a28d-527c97df21c1<-27d2eb57-a972-4dc6-9799-c8417eae57ce#0:FAIL-t2
2021-12-08 16:20:30,337 [6b9f135a-20fd-4e81-a28d-527c97df21c1@group-B8A05E5EF970-LeaderElection40] INFO  impl.LeaderElection (LeaderElection.java:logAndReturn(93)) -   Response 1: 6b9f135a-20fd-4e81-a28d-527c97df21c1<-244676ad-e546-497d-9019-d858b1c3095a#0:FAIL-t2
2021-12-08 16:20:30,337 [244676ad-e546-497d-9019-d858b1c3095a@group-E178D35DBC74-LeaderElection41] INFO  impl.LeaderElection (LeaderElection.java:askForVotes(308)) - 244676ad-e546-497d-9019-d858b1c3095a@group-E178D35DBC74-LeaderElection41 ELECTION round 0: result PASSED
2021-12-08 16:20:30,337 [244676ad-e546-497d-9019-d858b1c3095a@group-E178D35DBC74-LeaderElection41] INFO  impl.RoleInfo (RoleInfo.java:shutdownLeaderElection(121)) - 244676ad-e546-497d-9019-d858b1c3095a: shutdown 244676ad-e546-497d-9019-d858b1c3095a@group-E178D35DBC74-LeaderElection41
2021-12-08 16:20:30,337 [244676ad-e546-497d-9019-d858b1c3095a@group-E178D35DBC74-LeaderElection41] INFO  server.RaftServer$Division (RaftServerImpl.java:setRole(290)) - 244676ad-e546-497d-9019-d858b1c3095a@group-E178D35DBC74: changes role from CANDIDATE to LEADER at term 2 for changeToLeader
2021-12-08 16:20:30,337 [244676ad-e546-497d-9019-d858b1c3095a@group-E178D35DBC74-LeaderElection41] INFO  ratis.XceiverServerRatis (XceiverServerRatis.java:handleLeaderChangedNotification(866)) - Leader change notification received for group: group-E178D35DBC74 with new leaderId: 244676ad-e546-497d-9019-d858b1c3095a
2021-12-08 16:20:30,337 [244676ad-e546-497d-9019-d858b1c3095a@group-E178D35DBC74-LeaderElection41] INFO  server.RaftServer$Division (ServerState.java:setLeader(285)) - 244676ad-e546-497d-9019-d858b1c3095a@group-E178D35DBC74: change Leader from null to 244676ad-e546-497d-9019-d858b1c3095a at term 2 for becomeLeader, leader elected after 10250ms
2021-12-08 16:20:30,337 [244676ad-e546-497d-9019-d858b1c3095a@group-E178D35DBC74-LeaderElection41] INFO  server.RaftServerConfigKeys (ConfUtils.java:logGet(44)) - raft.server.staging.catchup.gap = 1000 (default)
2021-12-08 16:20:30,338 [244676ad-e546-497d-9019-d858b1c3095a@group-E178D35DBC74-LeaderElection41] INFO  server.RaftServerConfigKeys (ConfUtils.java:logGet(44)) - raft.server.write.element-limit = 1024 (custom)
2021-12-08 16:20:30,338 [244676ad-e546-497d-9019-d858b1c3095a@group-E178D35DBC74-LeaderElection41] INFO  server.RaftServerConfigKeys (ConfUtils.java:logGet(44)) - raft.server.write.byte-limit = 1024 M (=1073741824) (custom)
2021-12-08 16:20:30,338 [244676ad-e546-497d-9019-d858b1c3095a@group-E178D35DBC74-LeaderElection41] INFO  server.RaftServerConfigKeys (ConfUtils.java:logGet(44)) - raft.server.watch.timeout = 180s (custom)
2021-12-08 16:20:30,338 [244676ad-e546-497d-9019-d858b1c3095a@group-E178D35DBC74-LeaderElection41] INFO  server.RaftServerConfigKeys (ConfUtils.java:logGet(44)) - raft.server.watch.timeout.denomination = 1s (default)
2021-12-08 16:20:30,338 [244676ad-e546-497d-9019-d858b1c3095a@group-E178D35DBC74-LeaderElection41] INFO  server.RaftServerConfigKeys (ConfUtils.java:logGet(44)) - raft.server.watch.element-limit = 65536 (default)
2021-12-08 16:20:30,338 [244676ad-e546-497d-9019-d858b1c3095a@group-E178D35DBC74-LeaderElection41] INFO  server.RaftServerConfigKeys (ConfUtils.java:logGet(44)) - raft.server.write.element-limit = 1024 (custom)
2021-12-08 16:20:30,338 [244676ad-e546-497d-9019-d858b1c3095a@group-E178D35DBC74-LeaderElection41] INFO  server.RaftServerConfigKeys (ConfUtils.java:logGet(44)) - raft.server.write.follower.gap.ratio.max = -1.0 (default)
2021-12-08 16:20:30,338 [244676ad-e546-497d-9019-d858b1c3095a@group-E178D35DBC74-LeaderElection41] INFO  server.RaftServerConfigKeys (ConfUtils.java:logGet(44)) - raft.server.log.appender.snapshot.chunk.size.max = 16MB (=16777216) (default)
2021-12-08 16:20:30,338 [244676ad-e546-497d-9019-d858b1c3095a@group-E178D35DBC74-LeaderElection41] INFO  server.RaftServerConfigKeys (ConfUtils.java:logGet(44)) - raft.server.log.appender.buffer.byte-limit = 33554432 (custom)
2021-12-08 16:20:30,338 [244676ad-e546-497d-9019-d858b1c3095a@group-E178D35DBC74-LeaderElection41] INFO  server.RaftServerConfigKeys (ConfUtils.java:logGet(44)) - raft.server.log.appender.buffer.element-limit = 1 (custom)
2021-12-08 16:20:30,338 [244676ad-e546-497d-9019-d858b1c3095a@group-E178D35DBC74-LeaderElection41] INFO  grpc.GrpcConfigKeys (ConfUtils.java:logGet(44)) - raft.grpc.server.leader.outstanding.appends.max = 128 (default)
2021-12-08 16:20:30,338 [244676ad-e546-497d-9019-d858b1c3095a@group-E178D35DBC74-LeaderElection41] INFO  server.RaftServerConfigKeys (ConfUtils.java:logGet(44)) - raft.server.rpc.request.timeout = 60s (custom)
2021-12-08 16:20:30,339 [244676ad-e546-497d-9019-d858b1c3095a@group-E178D35DBC74-LeaderElection41] INFO  server.RaftServerConfigKeys (ConfUtils.java:logGet(44)) - raft.server.log.appender.install.snapshot.enabled = false (custom)
2021-12-08 16:20:30,338 [EventQueue-PipelineReportForPipelineReportHandler] INFO  pipeline.PipelineManagerImpl (PipelineManagerImpl.java:openPipeline(291)) - Pipeline Pipeline[ Id: b5c2bffc-37f8-4a21-beff-e178d35dbc74, Nodes: 244676ad-e546-497d-9019-d858b1c3095a{ip: 10.1.0.47, host: fv-az59-681.csjynl4pkq3e1pkirw3ssqjfoh.cx.internal.cloudapp.net, ports: [REPLICATION=39143, RATIS=46005, RATIS_ADMIN=46005, RATIS_SERVER=46005, STANDALONE=43905], networkLocation: /default-rack, certSerialId: null, persistedOpState: IN_SERVICE, persistedOpStateExpiryEpochSec: 0}6b9f135a-20fd-4e81-a28d-527c97df21c1{ip: 10.1.0.47, host: fv-az59-681.csjynl4pkq3e1pkirw3ssqjfoh.cx.internal.cloudapp.net, ports: [REPLICATION=43413, RATIS=43913, RATIS_ADMIN=43913, RATIS_SERVER=43913, STANDALONE=37319], networkLocation: /default-rack, certSerialId: null, persistedOpState: IN_SERVICE, persistedOpStateExpiryEpochSec: 0}27d2eb57-a972-4dc6-9799-c8417eae57ce{ip: 10.1.0.47, host: fv-az59-681.csjynl4pkq3e1pkirw3ssqjfoh.cx.internal.cloudapp.net, ports: [REPLICATION=43379, RATIS=39277, RATIS_ADMIN=39277, RATIS_SERVER=39277, STANDALONE=44327], networkLocation: /default-rack, certSerialId: null, persistedOpState: IN_SERVICE, persistedOpStateExpiryEpochSec: 0}, ReplicationConfig: RATIS/THREE, State:ALLOCATED, leaderId:244676ad-e546-497d-9019-d858b1c3095a, CreationTimestamp2021-12-08T16:20:17.466Z[Etc/UTC]] moved to OPEN state
2021-12-08 16:20:30,339 [EventQueue-OpenPipelineForHealthyPipelineSafeModeRule] INFO  safemode.SCMSafeModeManager (HealthyPipelineSafeModeRule.java:process(124)) - SCM in safe mode. Healthy pipelines reported count is 1, required healthy pipeline reported count is 1
2021-12-08 16:20:30,339 [EventQueue-OpenPipelineForHealthyPipelineSafeModeRule] INFO  safemode.SCMSafeModeManager (SCMSafeModeManager.java:validateSafeModeExitRules(204)) - HealthyPipelineSafeModeRule rule is successfully validated
2021-12-08 16:20:30,339 [244676ad-e546-497d-9019-d858b1c3095a@group-E178D35DBC74-LeaderElection41] INFO  server.RaftServerConfigKeys (ConfUtils.java:logGet(44)) - raft.server.log.appender.snapshot.chunk.size.max = 16MB (=16777216) (default)
2021-12-08 16:20:30,352 [244676ad-e546-497d-9019-d858b1c3095a@group-E178D35DBC74-LeaderElection41] INFO  server.RaftServerConfigKeys (ConfUtils.java:logGet(44)) - raft.server.log.appender.buffer.byte-limit = 33554432 (custom)
2021-12-08 16:20:30,352 [244676ad-e546-497d-9019-d858b1c3095a@group-E178D35DBC74-LeaderElection41] INFO  server.RaftServerConfigKeys (ConfUtils.java:logGet(44)) - raft.server.log.appender.buffer.element-limit = 1 (custom)
2021-12-08 16:20:30,352 [244676ad-e546-497d-9019-d858b1c3095a@group-E178D35DBC74-LeaderElection41] INFO  grpc.GrpcConfigKeys (ConfUtils.java:logGet(44)) - raft.grpc.server.leader.outstanding.appends.max = 128 (default)
2021-12-08 16:20:30,352 [244676ad-e546-497d-9019-d858b1c3095a@group-E178D35DBC74-LeaderElection41] INFO  server.RaftServerConfigKeys (ConfUtils.java:logGet(44)) - raft.server.rpc.request.timeout = 60s (custom)
2021-12-08 16:20:30,352 [244676ad-e546-497d-9019-d858b1c3095a@group-E178D35DBC74-LeaderElection41] INFO  server.RaftServerConfigKeys (ConfUtils.java:logGet(44)) - raft.server.log.appender.install.snapshot.enabled = false (custom)
2021-12-08 16:20:30,352 [244676ad-e546-497d-9019-d858b1c3095a@group-E178D35DBC74-LeaderElection41] INFO  impl.RoleInfo (RoleInfo.java:updateAndGet(130)) - 244676ad-e546-497d-9019-d858b1c3095a: start 244676ad-e546-497d-9019-d858b1c3095a@group-E178D35DBC74-LeaderStateImpl
2021-12-08 16:20:30,353 [244676ad-e546-497d-9019-d858b1c3095a@group-E178D35DBC74-LeaderElection41] INFO  segmented.SegmentedRaftLogWorker (SegmentedRaftLogWorker.java:startLogSegment(394)) - 244676ad-e546-497d-9019-d858b1c3095a@group-E178D35DBC74-SegmentedRaftLogWorker: Starting segment from index:0
2021-12-08 16:20:30,339 [EventQueue-OpenPipelineForHealthyPipelineSafeModeRule] INFO  safemode.SCMSafeModeManager (SCMSafeModeManager.java:validateSafeModeExitRules(219)) - ScmSafeModeManager, all rules are successfully validated
2021-12-08 16:20:30,354 [EventQueue-OpenPipelineForHealthyPipelineSafeModeRule] INFO  safemode.SCMSafeModeManager (SCMSafeModeManager.java:exitSafeMode(248)) - SCM exiting safe mode.
2021-12-08 16:20:30,354 [EventQueue-OpenPipelineForHealthyPipelineSafeModeRule] WARN  events.EventQueue (EventQueue.java:fireEvent(194)) - No event handler registered for event TypedEvent{payloadType=SafeModeStatus, name='Safe mode status'}
2021-12-08 16:20:30,354 [EventQueue-OpenPipelineForHealthyPipelineSafeModeRule] INFO  ha.SCMContext (SCMContext.java:updateSafeModeStatus(211)) - Update SafeModeStatus from SafeModeStatus{safeModeStatus=true, preCheckPassed=true} to SafeModeStatus{safeModeStatus=false, preCheckPassed=true}.
2021-12-08 16:20:30,354 [EventQueue-OpenPipelineForHealthyPipelineSafeModeRule] INFO  pipeline.BackgroundPipelineCreator (BackgroundPipelineCreator.java:notifyStatusChanged(264)) - Service BackgroundPipelineCreator transitions to RUNNING.
2021-12-08 16:20:30,354 [EventQueue-OpenPipelineForHealthyPipelineSafeModeRule] INFO  container.ReplicationManager (ReplicationManager.java:notifyStatusChanged(1758)) - Service ReplicationManager transitions to RUNNING.
2021-12-08 16:20:30,371 [244676ad-e546-497d-9019-d858b1c3095a@group-E178D35DBC74-SegmentedRaftLogWorker] INFO  segmented.SegmentedRaftLogWorker (SegmentedRaftLogWorker.java:execute(601)) - 244676ad-e546-497d-9019-d858b1c3095a@group-E178D35DBC74-SegmentedRaftLogWorker: created new log segment /home/runner/work/ozone/ozone/hadoop-ozone/integration-test/target/test-dir/MiniOzoneClusterImpl-102f87ea-2986-4930-8fc4-c674960d3cfd/datanode-2/data/ratis/b5c2bffc-37f8-4a21-beff-e178d35dbc74/current/log_inprogress_0
2021-12-08 16:20:30,381 [244676ad-e546-497d-9019-d858b1c3095a@group-E178D35DBC74-LeaderElection41] INFO  server.RaftServer$Division (ServerState.java:setRaftConf(387)) - 244676ad-e546-497d-9019-d858b1c3095a@group-E178D35DBC74: set configuration 0: [27d2eb57-a972-4dc6-9799-c8417eae57ce|rpc:10.1.0.47:39277|dataStream:|priority:0, 244676ad-e546-497d-9019-d858b1c3095a|rpc:10.1.0.47:46005|dataStream:|priority:1, 6b9f135a-20fd-4e81-a28d-527c97df21c1|rpc:10.1.0.47:43913|dataStream:|priority:0], old=null
2021-12-08 16:20:30,387 [6b9f135a-20fd-4e81-a28d-527c97df21c1@group-B8A05E5EF970-LeaderElection40] INFO  impl.LeaderElection (LeaderElection.java:askForVotes(308)) - 6b9f135a-20fd-4e81-a28d-527c97df21c1@group-B8A05E5EF970-LeaderElection40 ELECTION round 0: result REJECTED
2021-12-08 16:20:30,388 [6b9f135a-20fd-4e81-a28d-527c97df21c1@group-B8A05E5EF970-LeaderElection40] INFO  server.RaftServer$Division (RaftServerImpl.java:setRole(290)) - 6b9f135a-20fd-4e81-a28d-527c97df21c1@group-B8A05E5EF970: changes role from CANDIDATE to FOLLOWER at term 2 for REJECTED
2021-12-08 16:20:30,388 [6b9f135a-20fd-4e81-a28d-527c97df21c1@group-B8A05E5EF970-LeaderElection40] INFO  impl.RoleInfo (RoleInfo.java:shutdownLeaderElection(121)) - 6b9f135a-20fd-4e81-a28d-527c97df21c1: shutdown 6b9f135a-20fd-4e81-a28d-527c97df21c1@group-B8A05E5EF970-LeaderElection40
2021-12-08 16:20:30,388 [6b9f135a-20fd-4e81-a28d-527c97df21c1@group-B8A05E5EF970-LeaderElection40] INFO  impl.RoleInfo (RoleInfo.java:updateAndGet(130)) - 6b9f135a-20fd-4e81-a28d-527c97df21c1: start 6b9f135a-20fd-4e81-a28d-527c97df21c1@group-B8A05E5EF970-FollowerState
2021-12-08 16:20:30,415 [grpc-default-executor-1] INFO  server.RaftServer$Division (RaftServerImpl.java:requestVote(1046)) - 244676ad-e546-497d-9019-d858b1c3095a@group-E178D35DBC74: receive requestVote(ELECTION, 6b9f135a-20fd-4e81-a28d-527c97df21c1, group-E178D35DBC74, 2, (t:0, i:0))
2021-12-08 16:20:30,415 [grpc-default-executor-2] INFO  server.RaftServer$Division (RaftServerImpl.java:requestVote(1046)) - 27d2eb57-a972-4dc6-9799-c8417eae57ce@group-E178D35DBC74: receive requestVote(ELECTION, 6b9f135a-20fd-4e81-a28d-527c97df21c1, group-E178D35DBC74, 2, (t:0, i:0))
2021-12-08 16:20:30,415 [grpc-default-executor-2] INFO  impl.VoteContext (VoteContext.java:log(48)) - 27d2eb57-a972-4dc6-9799-c8417eae57ce@group-E178D35DBC74-FOLLOWER: reject ELECTION from 6b9f135a-20fd-4e81-a28d-527c97df21c1: already has voted for 244676ad-e546-497d-9019-d858b1c3095a at current term 2
2021-12-08 16:20:30,416 [grpc-default-executor-2] INFO  server.RaftServer$Division (RaftServerImpl.java:requestVote(1078)) - 27d2eb57-a972-4dc6-9799-c8417eae57ce@group-E178D35DBC74 replies to ELECTION vote request: 6b9f135a-20fd-4e81-a28d-527c97df21c1<-27d2eb57-a972-4dc6-9799-c8417eae57ce#0:FAIL-t2. Peer's state: 27d2eb57-a972-4dc6-9799-c8417eae57ce@group-E178D35DBC74:t2, leader=null, voted=244676ad-e546-497d-9019-d858b1c3095a, raftlog=27d2eb57-a972-4dc6-9799-c8417eae57ce@group-E178D35DBC74-SegmentedRaftLog:OPENED:c-1, conf=-1: [27d2eb57-a972-4dc6-9799-c8417eae57ce|rpc:10.1.0.47:39277|priority:0, 244676ad-e546-497d-9019-d858b1c3095a|rpc:10.1.0.47:46005|priority:1, 6b9f135a-20fd-4e81-a28d-527c97df21c1|rpc:10.1.0.47:43913|priority:0], old=null
2021-12-08 16:20:30,436 [grpc-default-executor-1] INFO  impl.VoteContext (VoteContext.java:log(48)) - 244676ad-e546-497d-9019-d858b1c3095a@group-E178D35DBC74-LEADER: reject ELECTION from 6b9f135a-20fd-4e81-a28d-527c97df21c1: already has voted for 244676ad-e546-497d-9019-d858b1c3095a at current term 2
2021-12-08 16:20:30,437 [grpc-default-executor-1] INFO  server.RaftServer$Division (RaftServerImpl.java:requestVote(1078)) - 244676ad-e546-497d-9019-d858b1c3095a@group-E178D35DBC74 replies to ELECTION vote request: 6b9f135a-20fd-4e81-a28d-527c97df21c1<-244676ad-e546-497d-9019-d858b1c3095a#0:FAIL-t2. Peer's state: 244676ad-e546-497d-9019-d858b1c3095a@group-E178D35DBC74:t2, leader=244676ad-e546-497d-9019-d858b1c3095a, voted=244676ad-e546-497d-9019-d858b1c3095a, raftlog=244676ad-e546-497d-9019-d858b1c3095a@group-E178D35DBC74-SegmentedRaftLog:OPENED:c0, conf=0: [27d2eb57-a972-4dc6-9799-c8417eae57ce|rpc:10.1.0.47:39277|dataStream:|priority:0, 244676ad-e546-497d-9019-d858b1c3095a|rpc:10.1.0.47:46005|dataStream:|priority:1, 6b9f135a-20fd-4e81-a28d-527c97df21c1|rpc:10.1.0.47:43913|dataStream:|priority:0], old=null
2021-12-08 16:20:30,439 [grpc-default-executor-0] INFO  server.RaftServer$Division (RaftServerImpl.java:setRole(290)) - 6b9f135a-20fd-4e81-a28d-527c97df21c1@group-E178D35DBC74: changes role from CANDIDATE to FOLLOWER at term 2 for appendEntries
2021-12-08 16:20:30,450 [grpc-default-executor-0] INFO  impl.RoleInfo (RoleInfo.java:shutdownLeaderElection(121)) - 6b9f135a-20fd-4e81-a28d-527c97df21c1: shutdown 6b9f135a-20fd-4e81-a28d-527c97df21c1@group-E178D35DBC74-LeaderElection42
2021-12-08 16:20:30,451 [grpc-default-executor-0] INFO  impl.RoleInfo (RoleInfo.java:updateAndGet(130)) - 6b9f135a-20fd-4e81-a28d-527c97df21c1: start 6b9f135a-20fd-4e81-a28d-527c97df21c1@group-E178D35DBC74-FollowerState
2021-12-08 16:20:30,447 [Listener at 127.0.0.1/46549] INFO  ozone.MiniOzoneClusterImpl (MiniOzoneClusterImpl.java:lambda$waitForClusterToBeReady$0(235)) - Nodes are ready. Got 3 of 3 DN Heartbeats.
2021-12-08 16:20:30,491 [Listener at 127.0.0.1/46549] INFO  ozone.MiniOzoneClusterImpl (MiniOzoneClusterImpl.java:lambda$waitForClusterToBeReady$0(238)) - Cluster exits safe mode
2021-12-08 16:20:30,491 [Listener at 127.0.0.1/46549] INFO  ozone.MiniOzoneClusterImpl (MiniOzoneClusterImpl.java:lambda$waitForClusterToBeReady$0(240)) - SCM became leader
2021-12-08 16:20:30,479 [grpc-default-executor-3] INFO  ratis.XceiverServerRatis (XceiverServerRatis.java:handleLeaderChangedNotification(866)) - Leader change notification received for group: group-E178D35DBC74 with new leaderId: 244676ad-e546-497d-9019-d858b1c3095a
2021-12-08 16:20:30,491 [grpc-default-executor-3] INFO  server.RaftServer$Division (ServerState.java:setLeader(285)) - 27d2eb57-a972-4dc6-9799-c8417eae57ce@group-E178D35DBC74: change Leader from null to 244676ad-e546-497d-9019-d858b1c3095a at term 2 for appendEntries, leader elected after 10526ms
2021-12-08 16:20:30,466 [6b9f135a-20fd-4e81-a28d-527c97df21c1@group-E178D35DBC74-LeaderElection42] INFO  impl.LeaderElection (LeaderElection.java:logAndReturn(89)) - 6b9f135a-20fd-4e81-a28d-527c97df21c1@group-E178D35DBC74-LeaderElection42: ELECTION REJECTED received 2 response(s) and 0 exception(s):
2021-12-08 16:20:30,491 [6b9f135a-20fd-4e81-a28d-527c97df21c1@group-E178D35DBC74-LeaderElection42] INFO  impl.LeaderElection (LeaderElection.java:logAndReturn(93)) -   Response 0: 6b9f135a-20fd-4e81-a28d-527c97df21c1<-27d2eb57-a972-4dc6-9799-c8417eae57ce#0:FAIL-t2
2021-12-08 16:20:30,491 [6b9f135a-20fd-4e81-a28d-527c97df21c1@group-E178D35DBC74-LeaderElection42] INFO  impl.LeaderElection (LeaderElection.java:logAndReturn(93)) -   Response 1: 6b9f135a-20fd-4e81-a28d-527c97df21c1<-244676ad-e546-497d-9019-d858b1c3095a#0:FAIL-t2
2021-12-08 16:20:30,459 [grpc-default-executor-0] INFO  ratis.XceiverServerRatis (XceiverServerRatis.java:handleLeaderChangedNotification(866)) - Leader change notification received for group: group-E178D35DBC74 with new leaderId: 244676ad-e546-497d-9019-d858b1c3095a
2021-12-08 16:20:30,494 [grpc-default-executor-0] INFO  server.RaftServer$Division (ServerState.java:setLeader(285)) - 6b9f135a-20fd-4e81-a28d-527c97df21c1@group-E178D35DBC74: change Leader from null to 244676ad-e546-497d-9019-d858b1c3095a at term 2 for appendEntries, leader elected after 10431ms
2021-12-08 16:20:30,506 [grpc-default-executor-3] INFO  server.RaftServer$Division (ServerState.java:setRaftConf(387)) - 27d2eb57-a972-4dc6-9799-c8417eae57ce@group-E178D35DBC74: set configuration 0: [27d2eb57-a972-4dc6-9799-c8417eae57ce|rpc:10.1.0.47:39277|dataStream:|priority:0, 244676ad-e546-497d-9019-d858b1c3095a|rpc:10.1.0.47:46005|dataStream:|priority:1, 6b9f135a-20fd-4e81-a28d-527c97df21c1|rpc:10.1.0.47:43913|dataStream:|priority:0], old=null
2021-12-08 16:20:30,506 [grpc-default-executor-3] INFO  segmented.SegmentedRaftLogWorker (SegmentedRaftLogWorker.java:startLogSegment(394)) - 27d2eb57-a972-4dc6-9799-c8417eae57ce@group-E178D35DBC74-SegmentedRaftLogWorker: Starting segment from index:0
2021-12-08 16:20:30,508 [27d2eb57-a972-4dc6-9799-c8417eae57ce@group-E178D35DBC74-SegmentedRaftLogWorker] INFO  segmented.SegmentedRaftLogWorker (SegmentedRaftLogWorker.java:execute(601)) - 27d2eb57-a972-4dc6-9799-c8417eae57ce@group-E178D35DBC74-SegmentedRaftLogWorker: created new log segment /home/runner/work/ozone/ozone/hadoop-ozone/integration-test/target/test-dir/MiniOzoneClusterImpl-102f87ea-2986-4930-8fc4-c674960d3cfd/datanode-0/data/ratis/b5c2bffc-37f8-4a21-beff-e178d35dbc74/current/log_inprogress_0
2021-12-08 16:20:30,512 [6b9f135a-20fd-4e81-a28d-527c97df21c1@group-E178D35DBC74-LeaderElection42] INFO  impl.LeaderElection (LeaderElection.java:askForVotes(308)) - 6b9f135a-20fd-4e81-a28d-527c97df21c1@group-E178D35DBC74-LeaderElection42 ELECTION round 0: result REJECTED
2021-12-08 16:20:30,513 [grpc-default-executor-0] INFO  server.RaftServer$Division (ServerState.java:setRaftConf(387)) - 6b9f135a-20fd-4e81-a28d-527c97df21c1@group-E178D35DBC74: set configuration 0: [27d2eb57-a972-4dc6-9799-c8417eae57ce|rpc:10.1.0.47:39277|dataStream:|priority:0, 244676ad-e546-497d-9019-d858b1c3095a|rpc:10.1.0.47:46005|dataStream:|priority:1, 6b9f135a-20fd-4e81-a28d-527c97df21c1|rpc:10.1.0.47:43913|dataStream:|priority:0], old=null
2021-12-08 16:20:30,513 [grpc-default-executor-0] INFO  segmented.SegmentedRaftLogWorker (SegmentedRaftLogWorker.java:startLogSegment(394)) - 6b9f135a-20fd-4e81-a28d-527c97df21c1@group-E178D35DBC74-SegmentedRaftLogWorker: Starting segment from index:0
2021-12-08 16:20:30,514 [6b9f135a-20fd-4e81-a28d-527c97df21c1@group-E178D35DBC74-SegmentedRaftLogWorker] INFO  segmented.SegmentedRaftLogWorker (SegmentedRaftLogWorker.java:execute(601)) - 6b9f135a-20fd-4e81-a28d-527c97df21c1@group-E178D35DBC74-SegmentedRaftLogWorker: created new log segment /home/runner/work/ozone/ozone/hadoop-ozone/integration-test/target/test-dir/MiniOzoneClusterImpl-102f87ea-2986-4930-8fc4-c674960d3cfd/datanode-1/data/ratis/b5c2bffc-37f8-4a21-beff-e178d35dbc74/current/log_inprogress_0
2021-12-08 16:20:30,552 [Listener at 127.0.0.1/46549] INFO  rpc.RpcClient (RpcClient.java:createVolume(389)) - Creating Volume: volume25783, with user14953 as owner and space quota set to -1 bytes, counts quota set to -1
2021-12-08 16:20:30,559 [IPC Server handler 2 on default port 46549] INFO  volume.OMVolumeCreateRequest (OMVolumeCreateRequest.java:validateAndUpdateCache(195)) - created volume:volume25783 for user:user14953
2021-12-08 16:20:30,603 [Listener at 127.0.0.1/46549] INFO  rpc.RpcClient (RpcClient.java:createBucket(552)) - Creating Bucket: volume25783/bucket44174, with runner as owner and Versioning false and Storage Type set to DISK and Encryption set to false 
]]></system-out>
    <system-err><![CDATA[Exception in thread "Trash Emptier" java.lang.UnsupportedOperationException: fs.getUri() not implemented in TrashOzoneFileSystem
	at org.apache.hadoop.ozone.om.TrashOzoneFileSystem.getUri(TrashOzoneFileSystem.java:124)
	at org.apache.hadoop.fs.FileSystem.close(FileSystem.java:2592)
	at org.apache.hadoop.ozone.om.TrashPolicyOzone$Emptier.run(TrashPolicyOzone.java:243)
	at java.lang.Thread.run(Thread.java:748)
]]></system-err>
  </testcase>
  <testcase name="testRenameFile[2]" classname="org.apache.hadoop.fs.ozone.TestRootedOzoneFileSystem" time="0.109"/>
  <testcase name="testListStatusRootAndVolumeRecursive[2]" classname="org.apache.hadoop.fs.ozone.TestRootedOzoneFileSystem" time="0.843"/>
  <testcase name="testTempMount[2]" classname="org.apache.hadoop.fs.ozone.TestRootedOzoneFileSystem" time="0.256"/>
  <testcase name="testListStatusRootAndVolumeNonRecursive[2]" classname="org.apache.hadoop.fs.ozone.TestRootedOzoneFileSystem" time="0.514"/>
  <testcase name="testDeleteVolumeAndBucket[2]" classname="org.apache.hadoop.fs.ozone.TestRootedOzoneFileSystem" time="0.031"/>
  <testcase name="testRenameDirToItsOwnSubDir[2]" classname="org.apache.hadoop.fs.ozone.TestRootedOzoneFileSystem" time="0.045"/>
  <testcase name="testOzoneFsServiceLoader[2]" classname="org.apache.hadoop.fs.ozone.TestRootedOzoneFileSystem" time="0.07"/>
  <testcase name="testTrash[2]" classname="org.apache.hadoop.fs.ozone.TestRootedOzoneFileSystem" time="0">
    <skipped/>
  </testcase>
  <testcase name="testRenameDestinationParentDoesntExist[2]" classname="org.apache.hadoop.fs.ozone.TestRootedOzoneFileSystem" time="0.042"/>
  <testcase name="testGetFileStatusRoot[2]" classname="org.apache.hadoop.fs.ozone.TestRootedOzoneFileSystem" time="0.007"/>
  <testcase name="testCreateWithInvalidPaths[2]" classname="org.apache.hadoop.fs.ozone.TestRootedOzoneFileSystem" time="0.022"/>
  <testcase name="testDeleteEmptyVolume[2]" classname="org.apache.hadoop.fs.ozone.TestRootedOzoneFileSystem" time="0.025"/>
  <testcase name="testListStatusRootAndVolumeContinuation[2]" classname="org.apache.hadoop.fs.ozone.TestRootedOzoneFileSystem" time="0">
    <skipped message="FS Path is enabled. Skipping this test as it is not tuned for FS Path yet" type="org.junit.AssumptionViolatedException">org.junit.AssumptionViolatedException: FS Path is enabled. Skipping this test as it is not tuned for FS Path yet
	at org.junit.Assume.assumeTrue(Assume.java:68)
	at org.apache.hadoop.fs.ozone.TestRootedOzoneFileSystem.testListStatusRootAndVolumeContinuation(TestRootedOzoneFileSystem.java:887)
	at sun.reflect.NativeMethodAccessorImpl.invoke0(Native Method)
	at sun.reflect.NativeMethodAccessorImpl.invoke(NativeMethodAccessorImpl.java:62)
	at sun.reflect.DelegatingMethodAccessorImpl.invoke(DelegatingMethodAccessorImpl.java:43)
	at java.lang.reflect.Method.invoke(Method.java:498)
	at org.junit.runners.model.FrameworkMethod$1.runReflectiveCall(FrameworkMethod.java:59)
	at org.junit.internal.runners.model.ReflectiveCallable.run(ReflectiveCallable.java:12)
	at org.junit.runners.model.FrameworkMethod.invokeExplosively(FrameworkMethod.java:56)
	at org.junit.internal.runners.statements.InvokeMethod.evaluate(InvokeMethod.java:17)
	at org.junit.internal.runners.statements.FailOnTimeout$CallableStatement.call(FailOnTimeout.java:288)
	at org.junit.internal.runners.statements.FailOnTimeout$CallableStatement.call(FailOnTimeout.java:282)
	at java.util.concurrent.FutureTask.run(FutureTask.java:266)
	at java.lang.Thread.run(Thread.java:748)
</skipped>
  </testcase>
  <testcase name="testDeleteVolumeBucketAndKey[2]" classname="org.apache.hadoop.fs.ozone.TestRootedOzoneFileSystem" time="0.098"/>
  <testcase name="testRenameToParentDir[2]" classname="org.apache.hadoop.fs.ozone.TestRootedOzoneFileSystem" time="0.048"/>
  <testcase name="testMkdirNonExistentVolumeBucket[2]" classname="org.apache.hadoop.fs.ozone.TestRootedOzoneFileSystem" time="0.032"/>
  <testcase name="testFailToDeleteRoot[2]" classname="org.apache.hadoop.fs.ozone.TestRootedOzoneFileSystem" time="0.019"/>
  <testcase name="testListStatusOnSubDirs[2]" classname="org.apache.hadoop.fs.ozone.TestRootedOzoneFileSystem" time="0.054"/>
  <testcase name="testListStatus[2]" classname="org.apache.hadoop.fs.ozone.TestRootedOzoneFileSystem" time="0.082"/>
  <testcase name="testGetTrashRoots[2]" classname="org.apache.hadoop.fs.ozone.TestRootedOzoneFileSystem" time="0.518"/>
  <testcase name="testCreateDoesNotAddParentDirKeys[2]" classname="org.apache.hadoop.fs.ozone.TestRootedOzoneFileSystem" time="0.093"/>
  <testcase name="testMkdirNonExistentVolume[2]" classname="org.apache.hadoop.fs.ozone.TestRootedOzoneFileSystem" time="0.02"/>
  <testcase name="testDeleteCreatesFakeParentDir[2]" classname="org.apache.hadoop.fs.ozone.TestRootedOzoneFileSystem" time="0">
    <skipped message="FS Path is enabled. Skipping this test as it is not tuned for FS Path yet" type="org.junit.AssumptionViolatedException">org.junit.AssumptionViolatedException: FS Path is enabled. Skipping this test as it is not tuned for FS Path yet
	at org.junit.Assume.assumeTrue(Assume.java:68)
	at org.apache.hadoop.fs.ozone.TestRootedOzoneFileSystem.testDeleteCreatesFakeParentDir(TestRootedOzoneFileSystem.java:302)
	at sun.reflect.NativeMethodAccessorImpl.invoke0(Native Method)
	at sun.reflect.NativeMethodAccessorImpl.invoke(NativeMethodAccessorImpl.java:62)
	at sun.reflect.DelegatingMethodAccessorImpl.invoke(DelegatingMethodAccessorImpl.java:43)
	at java.lang.reflect.Method.invoke(Method.java:498)
	at org.junit.runners.model.FrameworkMethod$1.runReflectiveCall(FrameworkMethod.java:59)
	at org.junit.internal.runners.model.ReflectiveCallable.run(ReflectiveCallable.java:12)
	at org.junit.runners.model.FrameworkMethod.invokeExplosively(FrameworkMethod.java:56)
	at org.junit.internal.runners.statements.InvokeMethod.evaluate(InvokeMethod.java:17)
	at org.junit.internal.runners.statements.FailOnTimeout$CallableStatement.call(FailOnTimeout.java:288)
	at org.junit.internal.runners.statements.FailOnTimeout$CallableStatement.call(FailOnTimeout.java:282)
	at java.util.concurrent.FutureTask.run(FutureTask.java:266)
	at java.lang.Thread.run(Thread.java:748)
</skipped>
  </testcase>
  <testcase name="testNonExplicitlyCreatedPathExistsAfterItsLeafsWereRemoved[2]" classname="org.apache.hadoop.fs.ozone.TestRootedOzoneFileSystem" time="0.041"/>
  <testcase name="testFileDelete[2]" classname="org.apache.hadoop.fs.ozone.TestRootedOzoneFileSystem" time="0.093"/>
  <testcase name="testRenameToTrashEnabled[2]" classname="org.apache.hadoop.fs.ozone.TestRootedOzoneFileSystem" time="0.179"/>
  <testcase name="testMkdirOnNonExistentVolumeBucketDir[2]" classname="org.apache.hadoop.fs.ozone.TestRootedOzoneFileSystem" time="0">
    <skipped message="FS Path is enabled. Skipping this test as it is not tuned for FS Path yet" type="org.junit.AssumptionViolatedException">org.junit.AssumptionViolatedException: FS Path is enabled. Skipping this test as it is not tuned for FS Path yet
	at org.junit.Assume.assumeTrue(Assume.java:68)
	at org.apache.hadoop.fs.ozone.TestRootedOzoneFileSystem.testMkdirOnNonExistentVolumeBucketDir(TestRootedOzoneFileSystem.java:405)
	at sun.reflect.NativeMethodAccessorImpl.invoke0(Native Method)
	at sun.reflect.NativeMethodAccessorImpl.invoke(NativeMethodAccessorImpl.java:62)
	at sun.reflect.DelegatingMethodAccessorImpl.invoke(DelegatingMethodAccessorImpl.java:43)
	at java.lang.reflect.Method.invoke(Method.java:498)
	at org.junit.runners.model.FrameworkMethod$1.runReflectiveCall(FrameworkMethod.java:59)
	at org.junit.internal.runners.model.ReflectiveCallable.run(ReflectiveCallable.java:12)
	at org.junit.runners.model.FrameworkMethod.invokeExplosively(FrameworkMethod.java:56)
	at org.junit.internal.runners.statements.InvokeMethod.evaluate(InvokeMethod.java:17)
	at org.junit.internal.runners.statements.FailOnTimeout$CallableStatement.call(FailOnTimeout.java:288)
	at org.junit.internal.runners.statements.FailOnTimeout$CallableStatement.call(FailOnTimeout.java:282)
	at java.util.concurrent.FutureTask.run(FutureTask.java:266)
	at java.lang.Thread.run(Thread.java:748)
</skipped>
  </testcase>
  <testcase name="testListStatusOnLargeDirectory[2]" classname="org.apache.hadoop.fs.ozone.TestRootedOzoneFileSystem" time="10.186"/>
  <testcase name="testRenameToDifferentBucket[2]" classname="org.apache.hadoop.fs.ozone.TestRootedOzoneFileSystem" time="0.035"/>
  <testcase name="testListStatusInBucket[2]" classname="org.apache.hadoop.fs.ozone.TestRootedOzoneFileSystem" time="0.023"/>
  <testcase name="testRenameFileToDir[2]" classname="org.apache.hadoop.fs.ozone.TestRootedOzoneFileSystem" time="0.089"/>
  <testcase name="testNonPrivilegedUserMkdirCreateBucket[3]" classname="org.apache.hadoop.fs.ozone.TestRootedOzoneFileSystem" time="0">
    <skipped message="ACL is not enabled. Skipping this test as it requires ACL to be enabled to be meaningful." type="org.junit.AssumptionViolatedException">org.junit.AssumptionViolatedException: ACL is not enabled. Skipping this test as it requires ACL to be enabled to be meaningful.
	at org.junit.Assume.assumeTrue(Assume.java:68)
	at org.apache.hadoop.fs.ozone.TestRootedOzoneFileSystem.testNonPrivilegedUserMkdirCreateBucket(TestRootedOzoneFileSystem.java:1582)
	at sun.reflect.NativeMethodAccessorImpl.invoke0(Native Method)
	at sun.reflect.NativeMethodAccessorImpl.invoke(NativeMethodAccessorImpl.java:62)
	at sun.reflect.DelegatingMethodAccessorImpl.invoke(DelegatingMethodAccessorImpl.java:43)
	at java.lang.reflect.Method.invoke(Method.java:498)
	at org.junit.runners.model.FrameworkMethod$1.runReflectiveCall(FrameworkMethod.java:59)
	at org.junit.internal.runners.model.ReflectiveCallable.run(ReflectiveCallable.java:12)
	at org.junit.runners.model.FrameworkMethod.invokeExplosively(FrameworkMethod.java:56)
	at org.junit.internal.runners.statements.InvokeMethod.evaluate(InvokeMethod.java:17)
	at org.junit.internal.runners.statements.FailOnTimeout$CallableStatement.call(FailOnTimeout.java:288)
	at org.junit.internal.runners.statements.FailOnTimeout$CallableStatement.call(FailOnTimeout.java:282)
	at java.util.concurrent.FutureTask.run(FutureTask.java:266)
	at java.lang.Thread.run(Thread.java:748)
</skipped>
    <system-out><![CDATA[2021-12-08 16:20:44,368 [Listener at 127.0.0.1/46549] INFO  ozone.MiniOzoneClusterImpl (MiniOzoneClusterImpl.java:shutdown(453)) - Shutting down the Mini Ozone Cluster
2021-12-08 16:20:44,369 [Listener at 127.0.0.1/46549] INFO  ozone.MiniOzoneClusterImpl (MiniOzoneClusterImpl.java:stop(468)) - Stopping the Mini Ozone Cluster
2021-12-08 16:20:44,369 [Listener at 127.0.0.1/46549] INFO  ozone.MiniOzoneClusterImpl (MiniOzoneClusterImpl.java:stopOM(550)) - Stopping the OzoneManager
2021-12-08 16:20:44,369 [Listener at 127.0.0.1/46549] INFO  om.OzoneManager (OzoneManager.java:stop(1829)) - om1[localhost:0]: Stopping Ozone Manager
2021-12-08 16:20:44,369 [Listener at 127.0.0.1/46549] INFO  ipc.Server (Server.java:stop(3414)) - Stopping server on 46549
2021-12-08 16:20:44,373 [IPC Server listener on 0] INFO  ipc.Server (Server.java:run(1376)) - Stopping IPC Server listener on 0
2021-12-08 16:20:44,376 [Listener at 127.0.0.1/46549] INFO  ratis.OzoneManagerDoubleBuffer (OzoneManagerDoubleBuffer.java:stop(437)) - Stopping OMDoubleBuffer flush thread
2021-12-08 16:20:44,376 [IPC Server Responder] INFO  ipc.Server (Server.java:run(1512)) - Stopping IPC Server Responder
2021-12-08 16:20:44,376 [OMDoubleBufferFlushThread] INFO  ratis.OzoneManagerDoubleBuffer (OzoneManagerDoubleBuffer.java:flushTransactions(356)) - OMDoubleBuffer flush thread OMDoubleBufferFlushThread is interrupted and will exit. OMDoubleBufferFlushThread
2021-12-08 16:20:44,377 [Listener at 127.0.0.1/46549] INFO  utils.BackgroundService (BackgroundService.java:shutdown(132)) - Shutting down service KeyDeletingService
2021-12-08 16:20:44,377 [Listener at 127.0.0.1/46549] INFO  utils.BackgroundService (BackgroundService.java:shutdown(132)) - Shutting down service DirectoryDeletingService
2021-12-08 16:20:44,378 [Listener at 127.0.0.1/46549] INFO  handler.ContextHandler (ContextHandler.java:doStop(1153)) - Stopped o.e.j.w.WebAppContext@6ffd0408{ozoneManager,/,null,STOPPED}{file:/home/runner/work/ozone/ozone/hadoop-ozone/integration-test/target/test-classes/webapps/ozoneManager}
2021-12-08 16:20:44,381 [Listener at 127.0.0.1/46549] INFO  server.AbstractConnector (AbstractConnector.java:doStop(381)) - Stopped ServerConnector@43424634{HTTP/1.1, (http/1.1)}{0.0.0.0:0}
2021-12-08 16:20:44,381 [Listener at 127.0.0.1/46549] INFO  server.session (HouseKeeper.java:stopScavenging(149)) - node0 Stopped scavenging
2021-12-08 16:20:44,381 [Listener at 127.0.0.1/46549] INFO  handler.ContextHandler (ContextHandler.java:doStop(1153)) - Stopped o.e.j.s.ServletContextHandler@33795ac7{static,/static,file:///home/runner/work/ozone/ozone/hadoop-ozone/integration-test/target/test-classes/webapps/static,STOPPED}
2021-12-08 16:20:44,381 [Listener at 127.0.0.1/46549] INFO  handler.ContextHandler (ContextHandler.java:doStop(1153)) - Stopped o.e.j.s.ServletContextHandler@e6d4002{logs,/logs,file:///home/runner/work/ozone/ozone/hadoop-ozone/integration-test/target/log,STOPPED}
2021-12-08 16:20:44,383 [Listener at 127.0.0.1/46549] INFO  ozone.MiniOzoneClusterImpl (MiniOzoneClusterImpl.java:stopDatanodes(527)) - Stopping the HddsDatanodes
2021-12-08 16:20:45,763 [27d2eb57-a972-4dc6-9799-c8417eae57ce@group-B8A05E5EF970-FollowerState] INFO  impl.FollowerState (FollowerState.java:run(134)) - 27d2eb57-a972-4dc6-9799-c8417eae57ce@group-B8A05E5EF970-FollowerState: change to CANDIDATE, lastRpcElapsedTime:5047250379ns, electionTimeout:5008ms
2021-12-08 16:20:45,763 [27d2eb57-a972-4dc6-9799-c8417eae57ce@group-B8A05E5EF970-FollowerState] INFO  impl.RoleInfo (RoleInfo.java:shutdownFollowerState(108)) - 27d2eb57-a972-4dc6-9799-c8417eae57ce: shutdown 27d2eb57-a972-4dc6-9799-c8417eae57ce@group-B8A05E5EF970-FollowerState
2021-12-08 16:20:45,763 [27d2eb57-a972-4dc6-9799-c8417eae57ce@group-B8A05E5EF970-FollowerState] INFO  server.RaftServer$Division (RaftServerImpl.java:setRole(290)) - 27d2eb57-a972-4dc6-9799-c8417eae57ce@group-B8A05E5EF970: changes role from  FOLLOWER to CANDIDATE at term 4 for changeToCandidate
2021-12-08 16:20:45,763 [27d2eb57-a972-4dc6-9799-c8417eae57ce@group-B8A05E5EF970-FollowerState] INFO  server.RaftServerConfigKeys (ConfUtils.java:logGet(44)) - raft.server.leaderelection.pre-vote = false (custom)
2021-12-08 16:20:45,763 [27d2eb57-a972-4dc6-9799-c8417eae57ce@group-B8A05E5EF970-FollowerState] INFO  impl.RoleInfo (RoleInfo.java:updateAndGet(130)) - 27d2eb57-a972-4dc6-9799-c8417eae57ce: start 27d2eb57-a972-4dc6-9799-c8417eae57ce@group-B8A05E5EF970-LeaderElection47
2021-12-08 16:20:45,801 [27d2eb57-a972-4dc6-9799-c8417eae57ce@group-B8A05E5EF970-LeaderElection47] INFO  impl.LeaderElection (LeaderElection.java:askForVotes(306)) - 27d2eb57-a972-4dc6-9799-c8417eae57ce@group-B8A05E5EF970-LeaderElection47 ELECTION round 0: submit vote requests at term 5 for -1: [27d2eb57-a972-4dc6-9799-c8417eae57ce|rpc:10.1.0.47:39277|priority:0, 244676ad-e546-497d-9019-d858b1c3095a|rpc:10.1.0.47:46005|priority:0, 6b9f135a-20fd-4e81-a28d-527c97df21c1|rpc:10.1.0.47:43913|priority:1], old=null
2021-12-08 16:20:45,817 [grpc-default-executor-0] INFO  server.RaftServer$Division (RaftServerImpl.java:requestVote(1046)) - 6b9f135a-20fd-4e81-a28d-527c97df21c1@group-B8A05E5EF970: receive requestVote(ELECTION, 27d2eb57-a972-4dc6-9799-c8417eae57ce, group-B8A05E5EF970, 5, (t:0, i:0))
2021-12-08 16:20:45,818 [grpc-default-executor-0] INFO  impl.VoteContext (VoteContext.java:log(48)) - 6b9f135a-20fd-4e81-a28d-527c97df21c1@group-B8A05E5EF970-FOLLOWER: reject ELECTION from 27d2eb57-a972-4dc6-9799-c8417eae57ce: our priority 1 > candidate's priority 0
2021-12-08 16:20:45,818 [grpc-default-executor-0] INFO  server.RaftServer$Division (RaftServerImpl.java:setRole(290)) - 6b9f135a-20fd-4e81-a28d-527c97df21c1@group-B8A05E5EF970: changes role from  FOLLOWER to FOLLOWER at term 5 for candidate:27d2eb57-a972-4dc6-9799-c8417eae57ce
2021-12-08 16:20:45,818 [grpc-default-executor-0] INFO  impl.RoleInfo (RoleInfo.java:shutdownFollowerState(108)) - 6b9f135a-20fd-4e81-a28d-527c97df21c1: shutdown 6b9f135a-20fd-4e81-a28d-527c97df21c1@group-B8A05E5EF970-FollowerState
2021-12-08 16:20:45,818 [grpc-default-executor-0] INFO  impl.RoleInfo (RoleInfo.java:updateAndGet(130)) - 6b9f135a-20fd-4e81-a28d-527c97df21c1: start 6b9f135a-20fd-4e81-a28d-527c97df21c1@group-B8A05E5EF970-FollowerState
2021-12-08 16:20:45,819 [6b9f135a-20fd-4e81-a28d-527c97df21c1@group-B8A05E5EF970-FollowerState] INFO  impl.FollowerState (FollowerState.java:run(143)) - 6b9f135a-20fd-4e81-a28d-527c97df21c1@group-B8A05E5EF970-FollowerState was interrupted: {}
java.lang.InterruptedException: sleep interrupted
	at java.lang.Thread.sleep(Native Method)
	at java.lang.Thread.sleep(Thread.java:340)
	at java.util.concurrent.TimeUnit.sleep(TimeUnit.java:386)
	at org.apache.ratis.util.TimeDuration.sleep(TimeDuration.java:324)
	at org.apache.ratis.util.TimeDuration.sleep(TimeDuration.java:309)
	at org.apache.ratis.server.impl.FollowerState.run(FollowerState.java:118)
2021-12-08 16:20:45,826 [grpc-default-executor-0] INFO  server.RaftServer$Division (RaftServerImpl.java:requestVote(1078)) - 6b9f135a-20fd-4e81-a28d-527c97df21c1@group-B8A05E5EF970 replies to ELECTION vote request: 27d2eb57-a972-4dc6-9799-c8417eae57ce<-6b9f135a-20fd-4e81-a28d-527c97df21c1#0:FAIL-t5. Peer's state: 6b9f135a-20fd-4e81-a28d-527c97df21c1@group-B8A05E5EF970:t5, leader=null, voted=null, raftlog=6b9f135a-20fd-4e81-a28d-527c97df21c1@group-B8A05E5EF970-SegmentedRaftLog:OPENED:c-1, conf=-1: [27d2eb57-a972-4dc6-9799-c8417eae57ce|rpc:10.1.0.47:39277|dataStream:|priority:0, 244676ad-e546-497d-9019-d858b1c3095a|rpc:10.1.0.47:46005|dataStream:|priority:0, 6b9f135a-20fd-4e81-a28d-527c97df21c1|rpc:10.1.0.47:43913|dataStream:|priority:1], old=null
2021-12-08 16:20:45,835 [27d2eb57-a972-4dc6-9799-c8417eae57ce@group-B8A05E5EF970-LeaderElection47] INFO  impl.LeaderElection (LeaderElection.java:logAndReturn(89)) - 27d2eb57-a972-4dc6-9799-c8417eae57ce@group-B8A05E5EF970-LeaderElection47: ELECTION REJECTED received 1 response(s) and 0 exception(s):
2021-12-08 16:20:45,839 [27d2eb57-a972-4dc6-9799-c8417eae57ce@group-B8A05E5EF970-LeaderElection47] INFO  impl.LeaderElection (LeaderElection.java:logAndReturn(93)) -   Response 0: 27d2eb57-a972-4dc6-9799-c8417eae57ce<-6b9f135a-20fd-4e81-a28d-527c97df21c1#0:FAIL-t5
2021-12-08 16:20:45,839 [grpc-default-executor-0] INFO  server.RaftServer$Division (RaftServerImpl.java:requestVote(1046)) - 244676ad-e546-497d-9019-d858b1c3095a@group-B8A05E5EF970: receive requestVote(ELECTION, 27d2eb57-a972-4dc6-9799-c8417eae57ce, group-B8A05E5EF970, 5, (t:0, i:0))
2021-12-08 16:20:45,840 [grpc-default-executor-0] INFO  impl.VoteContext (VoteContext.java:log(48)) - 244676ad-e546-497d-9019-d858b1c3095a@group-B8A05E5EF970-FOLLOWER: accept ELECTION from 27d2eb57-a972-4dc6-9799-c8417eae57ce: our priority 0 <= candidate's priority 0
2021-12-08 16:20:45,840 [grpc-default-executor-0] INFO  server.RaftServer$Division (RaftServerImpl.java:setRole(290)) - 244676ad-e546-497d-9019-d858b1c3095a@group-B8A05E5EF970: changes role from  FOLLOWER to FOLLOWER at term 5 for candidate:27d2eb57-a972-4dc6-9799-c8417eae57ce
2021-12-08 16:20:45,840 [grpc-default-executor-0] INFO  impl.RoleInfo (RoleInfo.java:shutdownFollowerState(108)) - 244676ad-e546-497d-9019-d858b1c3095a: shutdown 244676ad-e546-497d-9019-d858b1c3095a@group-B8A05E5EF970-FollowerState
2021-12-08 16:20:45,840 [grpc-default-executor-0] INFO  impl.RoleInfo (RoleInfo.java:updateAndGet(130)) - 244676ad-e546-497d-9019-d858b1c3095a: start 244676ad-e546-497d-9019-d858b1c3095a@group-B8A05E5EF970-FollowerState
2021-12-08 16:20:45,840 [244676ad-e546-497d-9019-d858b1c3095a@group-B8A05E5EF970-FollowerState] INFO  impl.FollowerState (FollowerState.java:run(143)) - 244676ad-e546-497d-9019-d858b1c3095a@group-B8A05E5EF970-FollowerState was interrupted: {}
java.lang.InterruptedException: sleep interrupted
	at java.lang.Thread.sleep(Native Method)
	at java.lang.Thread.sleep(Thread.java:340)
	at java.util.concurrent.TimeUnit.sleep(TimeUnit.java:386)
	at org.apache.ratis.util.TimeDuration.sleep(TimeDuration.java:324)
	at org.apache.ratis.util.TimeDuration.sleep(TimeDuration.java:309)
	at org.apache.ratis.server.impl.FollowerState.run(FollowerState.java:118)
2021-12-08 16:20:45,844 [grpc-default-executor-0] INFO  server.RaftServer$Division (RaftServerImpl.java:requestVote(1078)) - 244676ad-e546-497d-9019-d858b1c3095a@group-B8A05E5EF970 replies to ELECTION vote request: 27d2eb57-a972-4dc6-9799-c8417eae57ce<-244676ad-e546-497d-9019-d858b1c3095a#0:OK-t5. Peer's state: 244676ad-e546-497d-9019-d858b1c3095a@group-B8A05E5EF970:t5, leader=null, voted=27d2eb57-a972-4dc6-9799-c8417eae57ce, raftlog=244676ad-e546-497d-9019-d858b1c3095a@group-B8A05E5EF970-SegmentedRaftLog:OPENED:c-1, conf=-1: [27d2eb57-a972-4dc6-9799-c8417eae57ce|rpc:10.1.0.47:39277|dataStream:|priority:0, 244676ad-e546-497d-9019-d858b1c3095a|rpc:10.1.0.47:46005|dataStream:|priority:0, 6b9f135a-20fd-4e81-a28d-527c97df21c1|rpc:10.1.0.47:43913|dataStream:|priority:1], old=null
2021-12-08 16:20:45,850 [27d2eb57-a972-4dc6-9799-c8417eae57ce@group-B8A05E5EF970-LeaderElection47] INFO  impl.LeaderElection (LeaderElection.java:askForVotes(308)) - 27d2eb57-a972-4dc6-9799-c8417eae57ce@group-B8A05E5EF970-LeaderElection47 ELECTION round 0: result REJECTED
2021-12-08 16:20:45,850 [27d2eb57-a972-4dc6-9799-c8417eae57ce@group-B8A05E5EF970-LeaderElection47] INFO  server.RaftServer$Division (RaftServerImpl.java:setRole(290)) - 27d2eb57-a972-4dc6-9799-c8417eae57ce@group-B8A05E5EF970: changes role from CANDIDATE to FOLLOWER at term 5 for REJECTED
2021-12-08 16:20:45,850 [27d2eb57-a972-4dc6-9799-c8417eae57ce@group-B8A05E5EF970-LeaderElection47] INFO  impl.RoleInfo (RoleInfo.java:shutdownLeaderElection(121)) - 27d2eb57-a972-4dc6-9799-c8417eae57ce: shutdown 27d2eb57-a972-4dc6-9799-c8417eae57ce@group-B8A05E5EF970-LeaderElection47
2021-12-08 16:20:45,850 [27d2eb57-a972-4dc6-9799-c8417eae57ce@group-B8A05E5EF970-LeaderElection47] INFO  impl.RoleInfo (RoleInfo.java:updateAndGet(130)) - 27d2eb57-a972-4dc6-9799-c8417eae57ce: start 27d2eb57-a972-4dc6-9799-c8417eae57ce@group-B8A05E5EF970-FollowerState
2021-12-08 16:20:49,387 [Listener at 127.0.0.1/46549] INFO  ozoneimpl.OzoneContainer (OzoneContainer.java:stop(325)) - Attempting to stop container services.
2021-12-08 16:20:49,391 [Listener at 127.0.0.1/46549] INFO  server.RaftServer (RaftServerProxy.java:lambda$close$6(391)) - 6b9f135a-20fd-4e81-a28d-527c97df21c1: close
2021-12-08 16:20:49,391 [Listener at 127.0.0.1/46549] INFO  server.RaftServer$Division (RaftServerImpl.java:lambda$close$4(412)) - 6b9f135a-20fd-4e81-a28d-527c97df21c1@group-B0C380767FBC: shutdown
2021-12-08 16:20:49,391 [Listener at 127.0.0.1/46549] INFO  util.JmxRegister (JmxRegister.java:unregister(73)) - Successfully un-registered JMX Bean with object name Ratis:service=RaftServer,group=group-B0C380767FBC,id=6b9f135a-20fd-4e81-a28d-527c97df21c1
2021-12-08 16:20:49,391 [Listener at 127.0.0.1/46549] INFO  impl.RoleInfo (RoleInfo.java:shutdownLeaderState(91)) - 6b9f135a-20fd-4e81-a28d-527c97df21c1: shutdown 6b9f135a-20fd-4e81-a28d-527c97df21c1@group-B0C380767FBC-LeaderStateImpl
2021-12-08 16:20:49,391 [Listener at 127.0.0.1/46549] INFO  impl.PendingRequests (PendingRequests.java:sendNotLeaderResponses(282)) - 6b9f135a-20fd-4e81-a28d-527c97df21c1@group-B0C380767FBC-PendingRequests: sendNotLeaderResponses
2021-12-08 16:20:49,394 [6b9f135a-20fd-4e81-a28d-527c97df21c1@group-B0C380767FBC-StateMachineUpdater] INFO  ratis.ContainerStateMachine (ContainerStateMachine.java:takeSnapshot(299)) - group-B0C380767FBC: Taking a snapshot at:(t:1, i:0) file /home/runner/work/ozone/ozone/hadoop-ozone/integration-test/target/test-dir/MiniOzoneClusterImpl-102f87ea-2986-4930-8fc4-c674960d3cfd/datanode-1/data/ratis/0e198a50-c5ae-48ed-94b3-b0c380767fbc/sm/snapshot.1_0
2021-12-08 16:20:49,394 [Listener at 127.0.0.1/46549] INFO  impl.StateMachineUpdater (StateMachineUpdater.java:stopAndJoin(149)) - 6b9f135a-20fd-4e81-a28d-527c97df21c1@group-B0C380767FBC-StateMachineUpdater: set stopIndex = 0
2021-12-08 16:20:49,395 [6b9f135a-20fd-4e81-a28d-527c97df21c1@group-B0C380767FBC-StateMachineUpdater] INFO  ratis.ContainerStateMachine (ContainerStateMachine.java:takeSnapshot(310)) - group-B0C380767FBC: Finished taking a snapshot at:(t:1, i:0) file:/home/runner/work/ozone/ozone/hadoop-ozone/integration-test/target/test-dir/MiniOzoneClusterImpl-102f87ea-2986-4930-8fc4-c674960d3cfd/datanode-1/data/ratis/0e198a50-c5ae-48ed-94b3-b0c380767fbc/sm/snapshot.1_0 took: 1 ms
2021-12-08 16:20:49,395 [6b9f135a-20fd-4e81-a28d-527c97df21c1@group-B0C380767FBC-StateMachineUpdater] INFO  impl.StateMachineUpdater (StateMachineUpdater.java:takeSnapshot(281)) - 6b9f135a-20fd-4e81-a28d-527c97df21c1@group-B0C380767FBC-StateMachineUpdater: Took a snapshot at index 0
2021-12-08 16:20:49,395 [6b9f135a-20fd-4e81-a28d-527c97df21c1@group-B0C380767FBC-StateMachineUpdater] INFO  impl.StateMachineUpdater (StateMachineUpdater.java:lambda$new$0(89)) - 6b9f135a-20fd-4e81-a28d-527c97df21c1@group-B0C380767FBC-StateMachineUpdater: snapshotIndex: updateIncreasingly -1 -> 0
2021-12-08 16:20:49,395 [ForkJoinPool.commonPool-worker-0] INFO  ozoneimpl.OzoneContainer (OzoneContainer.java:stop(325)) - Attempting to stop container services.
2021-12-08 16:20:49,396 [ForkJoinPool.commonPool-worker-0] INFO  server.RaftServer (RaftServerProxy.java:lambda$close$6(391)) - 27d2eb57-a972-4dc6-9799-c8417eae57ce: close
2021-12-08 16:20:49,395 [Listener at 127.0.0.1/46549] INFO  server.RaftServer$Division (ServerState.java:close(419)) - 6b9f135a-20fd-4e81-a28d-527c97df21c1@group-B0C380767FBC: closes. applyIndex: 0
2021-12-08 16:20:49,396 [ForkJoinPool.commonPool-worker-0] INFO  server.RaftServer$Division (RaftServerImpl.java:lambda$close$4(412)) - 27d2eb57-a972-4dc6-9799-c8417eae57ce@group-B8A05E5EF970: shutdown
2021-12-08 16:20:49,396 [ForkJoinPool.commonPool-worker-0] INFO  util.JmxRegister (JmxRegister.java:unregister(73)) - Successfully un-registered JMX Bean with object name Ratis:service=RaftServer,group=group-B8A05E5EF970,id=27d2eb57-a972-4dc6-9799-c8417eae57ce
2021-12-08 16:20:49,396 [ForkJoinPool.commonPool-worker-0] INFO  impl.RoleInfo (RoleInfo.java:shutdownFollowerState(108)) - 27d2eb57-a972-4dc6-9799-c8417eae57ce: shutdown 27d2eb57-a972-4dc6-9799-c8417eae57ce@group-B8A05E5EF970-FollowerState
2021-12-08 16:20:49,396 [ForkJoinPool.commonPool-worker-0] INFO  impl.StateMachineUpdater (StateMachineUpdater.java:stopAndJoin(149)) - 27d2eb57-a972-4dc6-9799-c8417eae57ce@group-B8A05E5EF970-StateMachineUpdater: set stopIndex = -1
2021-12-08 16:20:49,396 [6b9f135a-20fd-4e81-a28d-527c97df21c1@group-B0C380767FBC-SegmentedRaftLogWorker] INFO  segmented.SegmentedRaftLogWorker (SegmentedRaftLogWorker.java:run(327)) - 6b9f135a-20fd-4e81-a28d-527c97df21c1@group-B0C380767FBC-SegmentedRaftLogWorker was interrupted, exiting. There are 0 tasks remaining in the queue.
2021-12-08 16:20:49,397 [ForkJoinPool.commonPool-worker-0] INFO  server.RaftServer$Division (ServerState.java:close(419)) - 27d2eb57-a972-4dc6-9799-c8417eae57ce@group-B8A05E5EF970: closes. applyIndex: -1
2021-12-08 16:20:49,397 [27d2eb57-a972-4dc6-9799-c8417eae57ce@group-B8A05E5EF970-SegmentedRaftLogWorker] INFO  segmented.SegmentedRaftLogWorker (SegmentedRaftLogWorker.java:run(327)) - 27d2eb57-a972-4dc6-9799-c8417eae57ce@group-B8A05E5EF970-SegmentedRaftLogWorker was interrupted, exiting. There are 0 tasks remaining in the queue.
2021-12-08 16:20:49,397 [ForkJoinPool.commonPool-worker-0] INFO  segmented.SegmentedRaftLogWorker (SegmentedRaftLogWorker.java:close(237)) - 27d2eb57-a972-4dc6-9799-c8417eae57ce@group-B8A05E5EF970-SegmentedRaftLogWorker close()
2021-12-08 16:20:49,398 [27d2eb57-a972-4dc6-9799-c8417eae57ce@group-B8A05E5EF970-FollowerState] INFO  impl.FollowerState (FollowerState.java:run(143)) - 27d2eb57-a972-4dc6-9799-c8417eae57ce@group-B8A05E5EF970-FollowerState was interrupted: {}
java.lang.InterruptedException: sleep interrupted
	at java.lang.Thread.sleep(Native Method)
	at java.lang.Thread.sleep(Thread.java:340)
	at java.util.concurrent.TimeUnit.sleep(TimeUnit.java:386)
	at org.apache.ratis.util.TimeDuration.sleep(TimeDuration.java:324)
	at org.apache.ratis.util.TimeDuration.sleep(TimeDuration.java:309)
	at org.apache.ratis.server.impl.FollowerState.run(FollowerState.java:118)
2021-12-08 16:20:49,398 [ForkJoinPool.commonPool-worker-0] INFO  server.RaftServer$Division (RaftServerImpl.java:lambda$close$4(412)) - 27d2eb57-a972-4dc6-9799-c8417eae57ce@group-A4AF1F8B0387: shutdown
2021-12-08 16:20:49,398 [ForkJoinPool.commonPool-worker-0] INFO  util.JmxRegister (JmxRegister.java:unregister(73)) - Successfully un-registered JMX Bean with object name Ratis:service=RaftServer,group=group-A4AF1F8B0387,id=27d2eb57-a972-4dc6-9799-c8417eae57ce
2021-12-08 16:20:49,398 [ForkJoinPool.commonPool-worker-0] INFO  impl.RoleInfo (RoleInfo.java:shutdownLeaderState(91)) - 27d2eb57-a972-4dc6-9799-c8417eae57ce: shutdown 27d2eb57-a972-4dc6-9799-c8417eae57ce@group-A4AF1F8B0387-LeaderStateImpl
2021-12-08 16:20:49,398 [ForkJoinPool.commonPool-worker-0] INFO  impl.PendingRequests (PendingRequests.java:sendNotLeaderResponses(282)) - 27d2eb57-a972-4dc6-9799-c8417eae57ce@group-A4AF1F8B0387-PendingRequests: sendNotLeaderResponses
2021-12-08 16:20:49,399 [ForkJoinPool.commonPool-worker-0] INFO  impl.StateMachineUpdater (StateMachineUpdater.java:stopAndJoin(149)) - 27d2eb57-a972-4dc6-9799-c8417eae57ce@group-A4AF1F8B0387-StateMachineUpdater: set stopIndex = 0
2021-12-08 16:20:49,399 [27d2eb57-a972-4dc6-9799-c8417eae57ce@group-A4AF1F8B0387-StateMachineUpdater] INFO  ratis.ContainerStateMachine (ContainerStateMachine.java:takeSnapshot(299)) - group-A4AF1F8B0387: Taking a snapshot at:(t:1, i:0) file /home/runner/work/ozone/ozone/hadoop-ozone/integration-test/target/test-dir/MiniOzoneClusterImpl-102f87ea-2986-4930-8fc4-c674960d3cfd/datanode-0/data/ratis/9cac0573-f97c-44f8-b53f-a4af1f8b0387/sm/snapshot.1_0
2021-12-08 16:20:49,399 [27d2eb57-a972-4dc6-9799-c8417eae57ce@group-A4AF1F8B0387-StateMachineUpdater] INFO  ratis.ContainerStateMachine (ContainerStateMachine.java:takeSnapshot(310)) - group-A4AF1F8B0387: Finished taking a snapshot at:(t:1, i:0) file:/home/runner/work/ozone/ozone/hadoop-ozone/integration-test/target/test-dir/MiniOzoneClusterImpl-102f87ea-2986-4930-8fc4-c674960d3cfd/datanode-0/data/ratis/9cac0573-f97c-44f8-b53f-a4af1f8b0387/sm/snapshot.1_0 took: 0 ms
2021-12-08 16:20:49,399 [27d2eb57-a972-4dc6-9799-c8417eae57ce@group-A4AF1F8B0387-StateMachineUpdater] INFO  impl.StateMachineUpdater (StateMachineUpdater.java:takeSnapshot(281)) - 27d2eb57-a972-4dc6-9799-c8417eae57ce@group-A4AF1F8B0387-StateMachineUpdater: Took a snapshot at index 0
2021-12-08 16:20:49,400 [27d2eb57-a972-4dc6-9799-c8417eae57ce@group-A4AF1F8B0387-StateMachineUpdater] INFO  impl.StateMachineUpdater (StateMachineUpdater.java:lambda$new$0(89)) - 27d2eb57-a972-4dc6-9799-c8417eae57ce@group-A4AF1F8B0387-StateMachineUpdater: snapshotIndex: updateIncreasingly -1 -> 0
2021-12-08 16:20:49,400 [ForkJoinPool.commonPool-worker-0] INFO  server.RaftServer$Division (ServerState.java:close(419)) - 27d2eb57-a972-4dc6-9799-c8417eae57ce@group-A4AF1F8B0387: closes. applyIndex: 0
2021-12-08 16:20:49,400 [27d2eb57-a972-4dc6-9799-c8417eae57ce@group-A4AF1F8B0387-SegmentedRaftLogWorker] INFO  segmented.SegmentedRaftLogWorker (SegmentedRaftLogWorker.java:run(327)) - 27d2eb57-a972-4dc6-9799-c8417eae57ce@group-A4AF1F8B0387-SegmentedRaftLogWorker was interrupted, exiting. There are 0 tasks remaining in the queue.
2021-12-08 16:20:49,400 [ForkJoinPool.commonPool-worker-0] INFO  segmented.SegmentedRaftLogWorker (SegmentedRaftLogWorker.java:close(237)) - 27d2eb57-a972-4dc6-9799-c8417eae57ce@group-A4AF1F8B0387-SegmentedRaftLogWorker close()
2021-12-08 16:20:49,404 [ForkJoinPool.commonPool-worker-0] INFO  server.RaftServer$Division (RaftServerImpl.java:lambda$close$4(412)) - 27d2eb57-a972-4dc6-9799-c8417eae57ce@group-E178D35DBC74: shutdown
2021-12-08 16:20:49,405 [ForkJoinPool.commonPool-worker-0] INFO  util.JmxRegister (JmxRegister.java:unregister(73)) - Successfully un-registered JMX Bean with object name Ratis:service=RaftServer,group=group-E178D35DBC74,id=27d2eb57-a972-4dc6-9799-c8417eae57ce
2021-12-08 16:20:49,405 [ForkJoinPool.commonPool-worker-0] INFO  impl.RoleInfo (RoleInfo.java:shutdownFollowerState(108)) - 27d2eb57-a972-4dc6-9799-c8417eae57ce: shutdown 27d2eb57-a972-4dc6-9799-c8417eae57ce@group-E178D35DBC74-FollowerState
2021-12-08 16:20:49,415 [ForkJoinPool.commonPool-worker-0] INFO  impl.StateMachineUpdater (StateMachineUpdater.java:stopAndJoin(149)) - 27d2eb57-a972-4dc6-9799-c8417eae57ce@group-E178D35DBC74-StateMachineUpdater: set stopIndex = 28
2021-12-08 16:20:49,405 [Listener at 127.0.0.1/46549] INFO  segmented.SegmentedRaftLogWorker (SegmentedRaftLogWorker.java:close(237)) - 6b9f135a-20fd-4e81-a28d-527c97df21c1@group-B0C380767FBC-SegmentedRaftLogWorker close()
2021-12-08 16:20:49,415 [27d2eb57-a972-4dc6-9799-c8417eae57ce@group-E178D35DBC74-StateMachineUpdater] INFO  ratis.ContainerStateMachine (ContainerStateMachine.java:takeSnapshot(299)) - group-E178D35DBC74: Taking a snapshot at:(t:2, i:28) file /home/runner/work/ozone/ozone/hadoop-ozone/integration-test/target/test-dir/MiniOzoneClusterImpl-102f87ea-2986-4930-8fc4-c674960d3cfd/datanode-0/data/ratis/b5c2bffc-37f8-4a21-beff-e178d35dbc74/sm/snapshot.2_28
2021-12-08 16:20:49,415 [27d2eb57-a972-4dc6-9799-c8417eae57ce@group-E178D35DBC74-FollowerState] INFO  impl.FollowerState (FollowerState.java:run(143)) - 27d2eb57-a972-4dc6-9799-c8417eae57ce@group-E178D35DBC74-FollowerState was interrupted: {}
java.lang.InterruptedException: sleep interrupted
	at java.lang.Thread.sleep(Native Method)
	at java.lang.Thread.sleep(Thread.java:340)
	at java.util.concurrent.TimeUnit.sleep(TimeUnit.java:386)
	at org.apache.ratis.util.TimeDuration.sleep(TimeDuration.java:324)
	at org.apache.ratis.util.TimeDuration.sleep(TimeDuration.java:309)
	at org.apache.ratis.server.impl.FollowerState.run(FollowerState.java:118)
2021-12-08 16:20:49,416 [Listener at 127.0.0.1/46549] INFO  server.RaftServer$Division (RaftServerImpl.java:lambda$close$4(412)) - 6b9f135a-20fd-4e81-a28d-527c97df21c1@group-B8A05E5EF970: shutdown
2021-12-08 16:20:49,417 [Listener at 127.0.0.1/46549] INFO  util.JmxRegister (JmxRegister.java:unregister(73)) - Successfully un-registered JMX Bean with object name Ratis:service=RaftServer,group=group-B8A05E5EF970,id=6b9f135a-20fd-4e81-a28d-527c97df21c1
2021-12-08 16:20:49,417 [Listener at 127.0.0.1/46549] INFO  impl.RoleInfo (RoleInfo.java:shutdownFollowerState(108)) - 6b9f135a-20fd-4e81-a28d-527c97df21c1: shutdown 6b9f135a-20fd-4e81-a28d-527c97df21c1@group-B8A05E5EF970-FollowerState
2021-12-08 16:20:49,417 [Listener at 127.0.0.1/46549] INFO  impl.StateMachineUpdater (StateMachineUpdater.java:stopAndJoin(149)) - 6b9f135a-20fd-4e81-a28d-527c97df21c1@group-B8A05E5EF970-StateMachineUpdater: set stopIndex = -1
2021-12-08 16:20:49,417 [Listener at 127.0.0.1/46549] INFO  server.RaftServer$Division (ServerState.java:close(419)) - 6b9f135a-20fd-4e81-a28d-527c97df21c1@group-B8A05E5EF970: closes. applyIndex: -1
2021-12-08 16:20:49,417 [6b9f135a-20fd-4e81-a28d-527c97df21c1@group-B8A05E5EF970-FollowerState] INFO  impl.FollowerState (FollowerState.java:run(143)) - 6b9f135a-20fd-4e81-a28d-527c97df21c1@group-B8A05E5EF970-FollowerState was interrupted: {}
java.lang.InterruptedException: sleep interrupted
	at java.lang.Thread.sleep(Native Method)
	at java.lang.Thread.sleep(Thread.java:340)
	at java.util.concurrent.TimeUnit.sleep(TimeUnit.java:386)
	at org.apache.ratis.util.TimeDuration.sleep(TimeDuration.java:324)
	at org.apache.ratis.util.TimeDuration.sleep(TimeDuration.java:309)
	at org.apache.ratis.server.impl.FollowerState.run(FollowerState.java:118)
2021-12-08 16:20:49,417 [6b9f135a-20fd-4e81-a28d-527c97df21c1@group-B8A05E5EF970-SegmentedRaftLogWorker] INFO  segmented.SegmentedRaftLogWorker (SegmentedRaftLogWorker.java:run(327)) - 6b9f135a-20fd-4e81-a28d-527c97df21c1@group-B8A05E5EF970-SegmentedRaftLogWorker was interrupted, exiting. There are 0 tasks remaining in the queue.
2021-12-08 16:20:49,417 [Listener at 127.0.0.1/46549] INFO  segmented.SegmentedRaftLogWorker (SegmentedRaftLogWorker.java:close(237)) - 6b9f135a-20fd-4e81-a28d-527c97df21c1@group-B8A05E5EF970-SegmentedRaftLogWorker close()
2021-12-08 16:20:49,418 [Listener at 127.0.0.1/46549] INFO  server.RaftServer$Division (RaftServerImpl.java:lambda$close$4(412)) - 6b9f135a-20fd-4e81-a28d-527c97df21c1@group-E178D35DBC74: shutdown
2021-12-08 16:20:49,418 [Listener at 127.0.0.1/46549] INFO  util.JmxRegister (JmxRegister.java:unregister(73)) - Successfully un-registered JMX Bean with object name Ratis:service=RaftServer,group=group-E178D35DBC74,id=6b9f135a-20fd-4e81-a28d-527c97df21c1
2021-12-08 16:20:49,418 [Listener at 127.0.0.1/46549] INFO  impl.RoleInfo (RoleInfo.java:shutdownFollowerState(108)) - 6b9f135a-20fd-4e81-a28d-527c97df21c1: shutdown 6b9f135a-20fd-4e81-a28d-527c97df21c1@group-E178D35DBC74-FollowerState
2021-12-08 16:20:49,419 [Listener at 127.0.0.1/46549] INFO  impl.StateMachineUpdater (StateMachineUpdater.java:stopAndJoin(149)) - 6b9f135a-20fd-4e81-a28d-527c97df21c1@group-E178D35DBC74-StateMachineUpdater: set stopIndex = 28
2021-12-08 16:20:49,419 [6b9f135a-20fd-4e81-a28d-527c97df21c1@group-E178D35DBC74-StateMachineUpdater] INFO  ratis.ContainerStateMachine (ContainerStateMachine.java:takeSnapshot(299)) - group-E178D35DBC74: Taking a snapshot at:(t:2, i:28) file /home/runner/work/ozone/ozone/hadoop-ozone/integration-test/target/test-dir/MiniOzoneClusterImpl-102f87ea-2986-4930-8fc4-c674960d3cfd/datanode-1/data/ratis/b5c2bffc-37f8-4a21-beff-e178d35dbc74/sm/snapshot.2_28
2021-12-08 16:20:49,419 [6b9f135a-20fd-4e81-a28d-527c97df21c1@group-E178D35DBC74-FollowerState] INFO  impl.FollowerState (FollowerState.java:run(143)) - 6b9f135a-20fd-4e81-a28d-527c97df21c1@group-E178D35DBC74-FollowerState was interrupted: {}
java.lang.InterruptedException: sleep interrupted
	at java.lang.Thread.sleep(Native Method)
	at java.lang.Thread.sleep(Thread.java:340)
	at java.util.concurrent.TimeUnit.sleep(TimeUnit.java:386)
	at org.apache.ratis.util.TimeDuration.sleep(TimeDuration.java:324)
	at org.apache.ratis.util.TimeDuration.sleep(TimeDuration.java:309)
	at org.apache.ratis.server.impl.FollowerState.run(FollowerState.java:118)
2021-12-08 16:20:49,419 [6b9f135a-20fd-4e81-a28d-527c97df21c1@group-E178D35DBC74-StateMachineUpdater] INFO  ratis.ContainerStateMachine (ContainerStateMachine.java:takeSnapshot(310)) - group-E178D35DBC74: Finished taking a snapshot at:(t:2, i:28) file:/home/runner/work/ozone/ozone/hadoop-ozone/integration-test/target/test-dir/MiniOzoneClusterImpl-102f87ea-2986-4930-8fc4-c674960d3cfd/datanode-1/data/ratis/b5c2bffc-37f8-4a21-beff-e178d35dbc74/sm/snapshot.2_28 took: 1 ms
2021-12-08 16:20:49,420 [6b9f135a-20fd-4e81-a28d-527c97df21c1@group-E178D35DBC74-StateMachineUpdater] INFO  impl.StateMachineUpdater (StateMachineUpdater.java:takeSnapshot(281)) - 6b9f135a-20fd-4e81-a28d-527c97df21c1@group-E178D35DBC74-StateMachineUpdater: Took a snapshot at index 28
2021-12-08 16:20:49,420 [6b9f135a-20fd-4e81-a28d-527c97df21c1@group-E178D35DBC74-StateMachineUpdater] INFO  impl.StateMachineUpdater (StateMachineUpdater.java:lambda$new$0(89)) - 6b9f135a-20fd-4e81-a28d-527c97df21c1@group-E178D35DBC74-StateMachineUpdater: snapshotIndex: updateIncreasingly -1 -> 28
2021-12-08 16:20:49,420 [Listener at 127.0.0.1/46549] INFO  server.RaftServer$Division (ServerState.java:close(419)) - 6b9f135a-20fd-4e81-a28d-527c97df21c1@group-E178D35DBC74: closes. applyIndex: 28
2021-12-08 16:20:49,421 [6b9f135a-20fd-4e81-a28d-527c97df21c1@group-E178D35DBC74-SegmentedRaftLogWorker] INFO  segmented.SegmentedRaftLogWorker (SegmentedRaftLogWorker.java:run(327)) - 6b9f135a-20fd-4e81-a28d-527c97df21c1@group-E178D35DBC74-SegmentedRaftLogWorker was interrupted, exiting. There are 0 tasks remaining in the queue.
2021-12-08 16:20:49,422 [27d2eb57-a972-4dc6-9799-c8417eae57ce@group-E178D35DBC74-StateMachineUpdater] INFO  ratis.ContainerStateMachine (ContainerStateMachine.java:takeSnapshot(310)) - group-E178D35DBC74: Finished taking a snapshot at:(t:2, i:28) file:/home/runner/work/ozone/ozone/hadoop-ozone/integration-test/target/test-dir/MiniOzoneClusterImpl-102f87ea-2986-4930-8fc4-c674960d3cfd/datanode-0/data/ratis/b5c2bffc-37f8-4a21-beff-e178d35dbc74/sm/snapshot.2_28 took: 7 ms
2021-12-08 16:20:49,422 [27d2eb57-a972-4dc6-9799-c8417eae57ce@group-E178D35DBC74-StateMachineUpdater] INFO  impl.StateMachineUpdater (StateMachineUpdater.java:takeSnapshot(281)) - 27d2eb57-a972-4dc6-9799-c8417eae57ce@group-E178D35DBC74-StateMachineUpdater: Took a snapshot at index 28
2021-12-08 16:20:49,422 [27d2eb57-a972-4dc6-9799-c8417eae57ce@group-E178D35DBC74-StateMachineUpdater] INFO  impl.StateMachineUpdater (StateMachineUpdater.java:lambda$new$0(89)) - 27d2eb57-a972-4dc6-9799-c8417eae57ce@group-E178D35DBC74-StateMachineUpdater: snapshotIndex: updateIncreasingly -1 -> 28
2021-12-08 16:20:49,423 [ForkJoinPool.commonPool-worker-0] INFO  server.RaftServer$Division (ServerState.java:close(419)) - 27d2eb57-a972-4dc6-9799-c8417eae57ce@group-E178D35DBC74: closes. applyIndex: 28
2021-12-08 16:20:49,423 [27d2eb57-a972-4dc6-9799-c8417eae57ce@group-E178D35DBC74-SegmentedRaftLogWorker] INFO  segmented.SegmentedRaftLogWorker (SegmentedRaftLogWorker.java:run(327)) - 27d2eb57-a972-4dc6-9799-c8417eae57ce@group-E178D35DBC74-SegmentedRaftLogWorker was interrupted, exiting. There are 0 tasks remaining in the queue.
2021-12-08 16:20:49,435 [ForkJoinPool.commonPool-worker-0] INFO  segmented.SegmentedRaftLogWorker (SegmentedRaftLogWorker.java:close(237)) - 27d2eb57-a972-4dc6-9799-c8417eae57ce@group-E178D35DBC74-SegmentedRaftLogWorker close()
2021-12-08 16:20:49,435 [Listener at 127.0.0.1/46549] INFO  segmented.SegmentedRaftLogWorker (SegmentedRaftLogWorker.java:close(237)) - 6b9f135a-20fd-4e81-a28d-527c97df21c1@group-E178D35DBC74-SegmentedRaftLogWorker close()
2021-12-08 16:20:49,437 [ForkJoinPool.commonPool-worker-0] INFO  server.GrpcService (GrpcService.java:closeImpl(262)) - 27d2eb57-a972-4dc6-9799-c8417eae57ce: shutdown server with port 39277 now
2021-12-08 16:20:49,437 [Listener at 127.0.0.1/46549] INFO  server.GrpcService (GrpcService.java:closeImpl(262)) - 6b9f135a-20fd-4e81-a28d-527c97df21c1: shutdown server with port 43913 now
2021-12-08 16:20:49,449 [grpc-default-executor-3] WARN  server.GrpcServerProtocolService (LogUtils.java:warn(122)) - 27d2eb57-a972-4dc6-9799-c8417eae57ce: installSnapshot onError, lastRequest: 244676ad-e546-497d-9019-d858b1c3095a->27d2eb57-a972-4dc6-9799-c8417eae57ce#293-t2,previous=(t:2, i:27),leaderCommit=26,initializing? true,entries: size=1, first=(t:2, i:28), METADATAENTRY(c:26): org.apache.ratis.thirdparty.io.grpc.StatusRuntimeException: CANCELLED: client cancelled
2021-12-08 16:20:49,453 [grpc-default-executor-1] WARN  server.GrpcServerProtocolService (LogUtils.java:warn(122)) - 6b9f135a-20fd-4e81-a28d-527c97df21c1: installSnapshot onError, lastRequest: 244676ad-e546-497d-9019-d858b1c3095a->6b9f135a-20fd-4e81-a28d-527c97df21c1#301-t2,previous=(t:2, i:27),leaderCommit=26,initializing? true,entries: size=1, first=(t:2, i:28), METADATAENTRY(c:26): org.apache.ratis.thirdparty.io.grpc.StatusRuntimeException: CANCELLED: client cancelled
2021-12-08 16:20:49,467 [grpc-default-executor-1] WARN  server.GrpcLogAppender (LogUtils.java:warn(122)) - 244676ad-e546-497d-9019-d858b1c3095a@group-E178D35DBC74->27d2eb57-a972-4dc6-9799-c8417eae57ce-AppendLogResponseHandler: Failed appendEntries: org.apache.ratis.thirdparty.io.grpc.StatusRuntimeException: CANCELLED: HTTP/2 error code: CANCEL
Received Rst Stream
2021-12-08 16:20:49,467 [grpc-default-executor-1] INFO  leader.FollowerInfo (FollowerInfoImpl.java:lambda$new$0(47)) - 244676ad-e546-497d-9019-d858b1c3095a@group-E178D35DBC74->27d2eb57-a972-4dc6-9799-c8417eae57ce: nextIndex: updateUnconditionally 29 -> 28
2021-12-08 16:20:49,467 [grpc-default-executor-4] WARN  server.GrpcLogAppender (LogUtils.java:warn(122)) - 244676ad-e546-497d-9019-d858b1c3095a@group-E178D35DBC74->6b9f135a-20fd-4e81-a28d-527c97df21c1-AppendLogResponseHandler: Failed appendEntries: org.apache.ratis.thirdparty.io.grpc.StatusRuntimeException: CANCELLED: HTTP/2 error code: CANCEL
Received Rst Stream
2021-12-08 16:20:49,468 [grpc-default-executor-4] INFO  leader.FollowerInfo (FollowerInfoImpl.java:lambda$new$0(47)) - 244676ad-e546-497d-9019-d858b1c3095a@group-E178D35DBC74->6b9f135a-20fd-4e81-a28d-527c97df21c1: nextIndex: updateUnconditionally 29 -> 28
2021-12-08 16:20:49,474 [grpc-default-executor-2] WARN  server.GrpcLogAppender (LogUtils.java:warn(122)) - 244676ad-e546-497d-9019-d858b1c3095a@group-E178D35DBC74->6b9f135a-20fd-4e81-a28d-527c97df21c1-AppendLogResponseHandler: Failed appendEntries: org.apache.ratis.thirdparty.io.grpc.StatusRuntimeException: UNAVAILABLE: io exception
2021-12-08 16:20:49,475 [grpc-default-executor-2] INFO  leader.FollowerInfo (FollowerInfoImpl.java:lambda$new$0(47)) - 244676ad-e546-497d-9019-d858b1c3095a@group-E178D35DBC74->6b9f135a-20fd-4e81-a28d-527c97df21c1: nextIndex: updateUnconditionally 29 -> 28
2021-12-08 16:20:49,478 [grpc-default-executor-2] WARN  server.GrpcLogAppender (LogUtils.java:warn(122)) - 244676ad-e546-497d-9019-d858b1c3095a@group-E178D35DBC74->27d2eb57-a972-4dc6-9799-c8417eae57ce-AppendLogResponseHandler: Failed appendEntries: org.apache.ratis.thirdparty.io.grpc.StatusRuntimeException: UNAVAILABLE: io exception
2021-12-08 16:20:49,478 [grpc-default-executor-2] INFO  leader.FollowerInfo (FollowerInfoImpl.java:lambda$new$0(47)) - 244676ad-e546-497d-9019-d858b1c3095a@group-E178D35DBC74->27d2eb57-a972-4dc6-9799-c8417eae57ce: nextIndex: updateUnconditionally 29 -> 28
2021-12-08 16:20:49,480 [ForkJoinPool.commonPool-worker-0] INFO  server.GrpcService (GrpcService.java:closeImpl(271)) - 27d2eb57-a972-4dc6-9799-c8417eae57ce: shutdown server with port 39277 successfully
2021-12-08 16:20:49,481 [org.apache.ratis.util.JvmPauseMonitor$$Lambda$523/2003369902@72d8272f] INFO  util.JvmPauseMonitor (JvmPauseMonitor.java:run(109)) - JvmPauseMonitor-27d2eb57-a972-4dc6-9799-c8417eae57ce: Stopped
2021-12-08 16:20:49,508 [Listener at 127.0.0.1/46549] INFO  server.GrpcService (GrpcService.java:closeImpl(271)) - 6b9f135a-20fd-4e81-a28d-527c97df21c1: shutdown server with port 43913 successfully
2021-12-08 16:20:49,508 [org.apache.ratis.util.JvmPauseMonitor$$Lambda$523/2003369902@2910a3d] INFO  util.JvmPauseMonitor (JvmPauseMonitor.java:run(109)) - JvmPauseMonitor-6b9f135a-20fd-4e81-a28d-527c97df21c1: Stopped
2021-12-08 16:20:50,938 [244676ad-e546-497d-9019-d858b1c3095a@group-B8A05E5EF970-FollowerState] INFO  impl.FollowerState (FollowerState.java:run(134)) - 244676ad-e546-497d-9019-d858b1c3095a@group-B8A05E5EF970-FollowerState: change to CANDIDATE, lastRpcElapsedTime:5093888977ns, electionTimeout:5075ms
2021-12-08 16:20:50,938 [244676ad-e546-497d-9019-d858b1c3095a@group-B8A05E5EF970-FollowerState] INFO  impl.RoleInfo (RoleInfo.java:shutdownFollowerState(108)) - 244676ad-e546-497d-9019-d858b1c3095a: shutdown 244676ad-e546-497d-9019-d858b1c3095a@group-B8A05E5EF970-FollowerState
2021-12-08 16:20:50,938 [244676ad-e546-497d-9019-d858b1c3095a@group-B8A05E5EF970-FollowerState] INFO  server.RaftServer$Division (RaftServerImpl.java:setRole(290)) - 244676ad-e546-497d-9019-d858b1c3095a@group-B8A05E5EF970: changes role from  FOLLOWER to CANDIDATE at term 5 for changeToCandidate
2021-12-08 16:20:50,938 [244676ad-e546-497d-9019-d858b1c3095a@group-B8A05E5EF970-FollowerState] INFO  server.RaftServerConfigKeys (ConfUtils.java:logGet(44)) - raft.server.leaderelection.pre-vote = false (custom)
2021-12-08 16:20:50,938 [244676ad-e546-497d-9019-d858b1c3095a@group-B8A05E5EF970-FollowerState] INFO  impl.RoleInfo (RoleInfo.java:updateAndGet(130)) - 244676ad-e546-497d-9019-d858b1c3095a: start 244676ad-e546-497d-9019-d858b1c3095a@group-B8A05E5EF970-LeaderElection48
2021-12-08 16:20:50,952 [244676ad-e546-497d-9019-d858b1c3095a@group-B8A05E5EF970-LeaderElection48] INFO  impl.LeaderElection (LeaderElection.java:askForVotes(306)) - 244676ad-e546-497d-9019-d858b1c3095a@group-B8A05E5EF970-LeaderElection48 ELECTION round 0: submit vote requests at term 6 for -1: [27d2eb57-a972-4dc6-9799-c8417eae57ce|rpc:10.1.0.47:39277|dataStream:|priority:0, 244676ad-e546-497d-9019-d858b1c3095a|rpc:10.1.0.47:46005|dataStream:|priority:0, 6b9f135a-20fd-4e81-a28d-527c97df21c1|rpc:10.1.0.47:43913|dataStream:|priority:1], old=null
2021-12-08 16:20:50,968 [244676ad-e546-497d-9019-d858b1c3095a@group-B8A05E5EF970-LeaderElection48] INFO  impl.LeaderElection (LogUtils.java:infoOrTrace(137)) - 244676ad-e546-497d-9019-d858b1c3095a@group-B8A05E5EF970-LeaderElection48 got exception when requesting votes: java.util.concurrent.ExecutionException: org.apache.ratis.thirdparty.io.grpc.StatusRuntimeException: UNAVAILABLE: io exception
2021-12-08 16:20:50,968 [244676ad-e546-497d-9019-d858b1c3095a@group-B8A05E5EF970-LeaderElection48] INFO  impl.LeaderElection (LogUtils.java:infoOrTrace(137)) - 244676ad-e546-497d-9019-d858b1c3095a@group-B8A05E5EF970-LeaderElection48 got exception when requesting votes: java.util.concurrent.ExecutionException: org.apache.ratis.thirdparty.io.grpc.StatusRuntimeException: UNAVAILABLE: io exception
2021-12-08 16:20:50,968 [244676ad-e546-497d-9019-d858b1c3095a@group-B8A05E5EF970-LeaderElection48] INFO  impl.LeaderElection (LeaderElection.java:logAndReturn(89)) - 244676ad-e546-497d-9019-d858b1c3095a@group-B8A05E5EF970-LeaderElection48: ELECTION REJECTED received 0 response(s) and 2 exception(s):
2021-12-08 16:20:50,968 [244676ad-e546-497d-9019-d858b1c3095a@group-B8A05E5EF970-LeaderElection48] INFO  impl.LeaderElection (LogUtils.java:infoOrTrace(137)) -   Exception 0: java.util.concurrent.ExecutionException: org.apache.ratis.thirdparty.io.grpc.StatusRuntimeException: UNAVAILABLE: io exception
2021-12-08 16:20:50,968 [244676ad-e546-497d-9019-d858b1c3095a@group-B8A05E5EF970-LeaderElection48] INFO  impl.LeaderElection (LogUtils.java:infoOrTrace(137)) -   Exception 1: java.util.concurrent.ExecutionException: org.apache.ratis.thirdparty.io.grpc.StatusRuntimeException: UNAVAILABLE: io exception
2021-12-08 16:20:50,968 [244676ad-e546-497d-9019-d858b1c3095a@group-B8A05E5EF970-LeaderElection48] INFO  impl.LeaderElection (LeaderElection.java:askForVotes(308)) - 244676ad-e546-497d-9019-d858b1c3095a@group-B8A05E5EF970-LeaderElection48 ELECTION round 0: result REJECTED
2021-12-08 16:20:50,968 [244676ad-e546-497d-9019-d858b1c3095a@group-B8A05E5EF970-LeaderElection48] INFO  server.RaftServer$Division (RaftServerImpl.java:setRole(290)) - 244676ad-e546-497d-9019-d858b1c3095a@group-B8A05E5EF970: changes role from CANDIDATE to FOLLOWER at term 6 for REJECTED
2021-12-08 16:20:50,968 [244676ad-e546-497d-9019-d858b1c3095a@group-B8A05E5EF970-LeaderElection48] INFO  impl.RoleInfo (RoleInfo.java:shutdownLeaderElection(121)) - 244676ad-e546-497d-9019-d858b1c3095a: shutdown 244676ad-e546-497d-9019-d858b1c3095a@group-B8A05E5EF970-LeaderElection48
2021-12-08 16:20:50,969 [244676ad-e546-497d-9019-d858b1c3095a@group-B8A05E5EF970-LeaderElection48] INFO  impl.RoleInfo (RoleInfo.java:updateAndGet(130)) - 244676ad-e546-497d-9019-d858b1c3095a: start 244676ad-e546-497d-9019-d858b1c3095a@group-B8A05E5EF970-FollowerState
2021-12-08 16:20:51,971 [grpc-default-executor-2] WARN  server.GrpcLogAppender (LogUtils.java:warn(122)) - 244676ad-e546-497d-9019-d858b1c3095a@group-E178D35DBC74->27d2eb57-a972-4dc6-9799-c8417eae57ce-AppendLogResponseHandler: Failed appendEntries: org.apache.ratis.thirdparty.io.grpc.StatusRuntimeException: UNAVAILABLE: io exception
2021-12-08 16:20:51,971 [grpc-default-executor-2] INFO  leader.FollowerInfo (FollowerInfoImpl.java:lambda$new$0(47)) - 244676ad-e546-497d-9019-d858b1c3095a@group-E178D35DBC74->27d2eb57-a972-4dc6-9799-c8417eae57ce: nextIndex: updateUnconditionally 29 -> 28
2021-12-08 16:20:51,974 [grpc-default-executor-2] WARN  server.GrpcLogAppender (LogUtils.java:warn(122)) - 244676ad-e546-497d-9019-d858b1c3095a@group-E178D35DBC74->6b9f135a-20fd-4e81-a28d-527c97df21c1-AppendLogResponseHandler: Failed appendEntries: org.apache.ratis.thirdparty.io.grpc.StatusRuntimeException: UNAVAILABLE: io exception
2021-12-08 16:20:51,975 [grpc-default-executor-2] INFO  leader.FollowerInfo (FollowerInfoImpl.java:lambda$new$0(47)) - 244676ad-e546-497d-9019-d858b1c3095a@group-E178D35DBC74->6b9f135a-20fd-4e81-a28d-527c97df21c1: nextIndex: updateUnconditionally 29 -> 28
2021-12-08 16:20:54,471 [grpc-default-executor-2] WARN  server.GrpcLogAppender (LogUtils.java:warn(122)) - 244676ad-e546-497d-9019-d858b1c3095a@group-E178D35DBC74->27d2eb57-a972-4dc6-9799-c8417eae57ce-AppendLogResponseHandler: Failed appendEntries: org.apache.ratis.thirdparty.io.grpc.StatusRuntimeException: UNAVAILABLE: io exception
2021-12-08 16:20:54,472 [grpc-default-executor-2] INFO  leader.FollowerInfo (FollowerInfoImpl.java:lambda$new$0(47)) - 244676ad-e546-497d-9019-d858b1c3095a@group-E178D35DBC74->27d2eb57-a972-4dc6-9799-c8417eae57ce: nextIndex: updateUnconditionally 29 -> 28
2021-12-08 16:20:54,479 [grpc-default-executor-2] WARN  server.GrpcLogAppender (LogUtils.java:warn(122)) - 244676ad-e546-497d-9019-d858b1c3095a@group-E178D35DBC74->6b9f135a-20fd-4e81-a28d-527c97df21c1-AppendLogResponseHandler: Failed appendEntries: org.apache.ratis.thirdparty.io.grpc.StatusRuntimeException: UNAVAILABLE: io exception
2021-12-08 16:20:54,479 [grpc-default-executor-2] INFO  leader.FollowerInfo (FollowerInfoImpl.java:lambda$new$0(47)) - 244676ad-e546-497d-9019-d858b1c3095a@group-E178D35DBC74->6b9f135a-20fd-4e81-a28d-527c97df21c1: nextIndex: updateUnconditionally 29 -> 28
2021-12-08 16:20:54,740 [244676ad-e546-497d-9019-d858b1c3095a@group-E178D35DBC74-LeaderStateImpl] WARN  server.RaftServer$Division (LeaderStateImpl.java:checkLeadership(974)) - 244676ad-e546-497d-9019-d858b1c3095a@group-E178D35DBC74-LeaderStateImpl: Lost leadership on term: 2. Election timeout: 5200ms. In charge for: 24402ms. Conf: 0: [27d2eb57-a972-4dc6-9799-c8417eae57ce|rpc:10.1.0.47:39277|dataStream:|priority:0, 244676ad-e546-497d-9019-d858b1c3095a|rpc:10.1.0.47:46005|dataStream:|priority:1, 6b9f135a-20fd-4e81-a28d-527c97df21c1|rpc:10.1.0.47:43913|dataStream:|priority:0], old=null
2021-12-08 16:20:54,740 [244676ad-e546-497d-9019-d858b1c3095a@group-E178D35DBC74-LeaderStateImpl] WARN  server.RaftServer$Division (LeaderStateImpl.java:lambda$checkLeadership$15(978)) - Follower 244676ad-e546-497d-9019-d858b1c3095a@group-E178D35DBC74->27d2eb57-a972-4dc6-9799-c8417eae57ce(c28,m28,n28, attendVote=true, lastRpcSendTime=269, lastRpcResponseTime=5793)
2021-12-08 16:20:54,740 [244676ad-e546-497d-9019-d858b1c3095a@group-E178D35DBC74-LeaderStateImpl] WARN  server.RaftServer$Division (LeaderStateImpl.java:lambda$checkLeadership$15(978)) - Follower 244676ad-e546-497d-9019-d858b1c3095a@group-E178D35DBC74->6b9f135a-20fd-4e81-a28d-527c97df21c1(c28,m28,n28, attendVote=true, lastRpcSendTime=265, lastRpcResponseTime=5709)
2021-12-08 16:20:54,740 [244676ad-e546-497d-9019-d858b1c3095a@group-E178D35DBC74-LeaderStateImpl] INFO  server.RaftServer$Division (RaftServerImpl.java:setRole(290)) - 244676ad-e546-497d-9019-d858b1c3095a@group-E178D35DBC74: changes role from    LEADER to FOLLOWER at term 2 for StepDownReason:LOST_MAJORITY_HEARTBEATS
2021-12-08 16:20:54,740 [244676ad-e546-497d-9019-d858b1c3095a@group-E178D35DBC74-LeaderStateImpl] INFO  impl.RoleInfo (RoleInfo.java:shutdownLeaderState(91)) - 244676ad-e546-497d-9019-d858b1c3095a: shutdown 244676ad-e546-497d-9019-d858b1c3095a@group-E178D35DBC74-LeaderStateImpl
2021-12-08 16:20:54,741 [244676ad-e546-497d-9019-d858b1c3095a@group-E178D35DBC74->6b9f135a-20fd-4e81-a28d-527c97df21c1-GrpcLogAppender-LogAppenderDaemon] WARN  server.GrpcLogAppender (GrpcLogAppender.java:mayWait(177)) - 244676ad-e546-497d-9019-d858b1c3095a@group-E178D35DBC74->6b9f135a-20fd-4e81-a28d-527c97df21c1-GrpcLogAppender: Wait interrupted by java.lang.InterruptedException
2021-12-08 16:20:54,741 [244676ad-e546-497d-9019-d858b1c3095a@group-E178D35DBC74->27d2eb57-a972-4dc6-9799-c8417eae57ce-GrpcLogAppender-LogAppenderDaemon] WARN  server.GrpcLogAppender (GrpcLogAppender.java:mayWait(177)) - 244676ad-e546-497d-9019-d858b1c3095a@group-E178D35DBC74->27d2eb57-a972-4dc6-9799-c8417eae57ce-GrpcLogAppender: Wait interrupted by java.lang.InterruptedException
2021-12-08 16:20:54,741 [244676ad-e546-497d-9019-d858b1c3095a@group-E178D35DBC74-LeaderStateImpl] INFO  impl.PendingRequests (PendingRequests.java:sendNotLeaderResponses(282)) - 244676ad-e546-497d-9019-d858b1c3095a@group-E178D35DBC74-PendingRequests: sendNotLeaderResponses
2021-12-08 16:20:54,741 [244676ad-e546-497d-9019-d858b1c3095a@group-E178D35DBC74-LeaderStateImpl] INFO  impl.RoleInfo (RoleInfo.java:updateAndGet(130)) - 244676ad-e546-497d-9019-d858b1c3095a: start 244676ad-e546-497d-9019-d858b1c3095a@group-E178D35DBC74-FollowerState
2021-12-08 16:20:56,123 [244676ad-e546-497d-9019-d858b1c3095a@group-B8A05E5EF970-FollowerState] INFO  impl.FollowerState (FollowerState.java:run(134)) - 244676ad-e546-497d-9019-d858b1c3095a@group-B8A05E5EF970-FollowerState: change to CANDIDATE, lastRpcElapsedTime:5154666886ns, electionTimeout:5133ms
2021-12-08 16:20:56,123 [244676ad-e546-497d-9019-d858b1c3095a@group-B8A05E5EF970-FollowerState] INFO  impl.RoleInfo (RoleInfo.java:shutdownFollowerState(108)) - 244676ad-e546-497d-9019-d858b1c3095a: shutdown 244676ad-e546-497d-9019-d858b1c3095a@group-B8A05E5EF970-FollowerState
2021-12-08 16:20:56,123 [244676ad-e546-497d-9019-d858b1c3095a@group-B8A05E5EF970-FollowerState] INFO  server.RaftServer$Division (RaftServerImpl.java:setRole(290)) - 244676ad-e546-497d-9019-d858b1c3095a@group-B8A05E5EF970: changes role from  FOLLOWER to CANDIDATE at term 6 for changeToCandidate
2021-12-08 16:20:56,124 [244676ad-e546-497d-9019-d858b1c3095a@group-B8A05E5EF970-FollowerState] INFO  server.RaftServerConfigKeys (ConfUtils.java:logGet(44)) - raft.server.leaderelection.pre-vote = false (custom)
2021-12-08 16:20:56,124 [244676ad-e546-497d-9019-d858b1c3095a@group-B8A05E5EF970-FollowerState] INFO  impl.RoleInfo (RoleInfo.java:updateAndGet(130)) - 244676ad-e546-497d-9019-d858b1c3095a: start 244676ad-e546-497d-9019-d858b1c3095a@group-B8A05E5EF970-LeaderElection49
2021-12-08 16:20:56,142 [244676ad-e546-497d-9019-d858b1c3095a@group-B8A05E5EF970-LeaderElection49] INFO  impl.LeaderElection (LeaderElection.java:askForVotes(306)) - 244676ad-e546-497d-9019-d858b1c3095a@group-B8A05E5EF970-LeaderElection49 ELECTION round 0: submit vote requests at term 7 for -1: [27d2eb57-a972-4dc6-9799-c8417eae57ce|rpc:10.1.0.47:39277|dataStream:|priority:0, 244676ad-e546-497d-9019-d858b1c3095a|rpc:10.1.0.47:46005|dataStream:|priority:0, 6b9f135a-20fd-4e81-a28d-527c97df21c1|rpc:10.1.0.47:43913|dataStream:|priority:1], old=null
2021-12-08 16:20:56,149 [244676ad-e546-497d-9019-d858b1c3095a@group-B8A05E5EF970-LeaderElection49] INFO  impl.LeaderElection (LogUtils.java:infoOrTrace(137)) - 244676ad-e546-497d-9019-d858b1c3095a@group-B8A05E5EF970-LeaderElection49 got exception when requesting votes: java.util.concurrent.ExecutionException: org.apache.ratis.thirdparty.io.grpc.StatusRuntimeException: UNAVAILABLE: io exception
2021-12-08 16:20:56,149 [244676ad-e546-497d-9019-d858b1c3095a@group-B8A05E5EF970-LeaderElection49] INFO  impl.LeaderElection (LogUtils.java:infoOrTrace(137)) - 244676ad-e546-497d-9019-d858b1c3095a@group-B8A05E5EF970-LeaderElection49 got exception when requesting votes: java.util.concurrent.ExecutionException: org.apache.ratis.thirdparty.io.grpc.StatusRuntimeException: UNAVAILABLE: io exception
2021-12-08 16:20:56,149 [244676ad-e546-497d-9019-d858b1c3095a@group-B8A05E5EF970-LeaderElection49] INFO  impl.LeaderElection (LeaderElection.java:logAndReturn(89)) - 244676ad-e546-497d-9019-d858b1c3095a@group-B8A05E5EF970-LeaderElection49: ELECTION REJECTED received 0 response(s) and 2 exception(s):
2021-12-08 16:20:56,149 [244676ad-e546-497d-9019-d858b1c3095a@group-B8A05E5EF970-LeaderElection49] INFO  impl.LeaderElection (LogUtils.java:infoOrTrace(137)) -   Exception 0: java.util.concurrent.ExecutionException: org.apache.ratis.thirdparty.io.grpc.StatusRuntimeException: UNAVAILABLE: io exception
2021-12-08 16:20:56,149 [244676ad-e546-497d-9019-d858b1c3095a@group-B8A05E5EF970-LeaderElection49] INFO  impl.LeaderElection (LogUtils.java:infoOrTrace(137)) -   Exception 1: java.util.concurrent.ExecutionException: org.apache.ratis.thirdparty.io.grpc.StatusRuntimeException: UNAVAILABLE: io exception
2021-12-08 16:20:56,149 [244676ad-e546-497d-9019-d858b1c3095a@group-B8A05E5EF970-LeaderElection49] INFO  impl.LeaderElection (LeaderElection.java:askForVotes(308)) - 244676ad-e546-497d-9019-d858b1c3095a@group-B8A05E5EF970-LeaderElection49 ELECTION round 0: result REJECTED
2021-12-08 16:20:56,149 [244676ad-e546-497d-9019-d858b1c3095a@group-B8A05E5EF970-LeaderElection49] INFO  server.RaftServer$Division (RaftServerImpl.java:setRole(290)) - 244676ad-e546-497d-9019-d858b1c3095a@group-B8A05E5EF970: changes role from CANDIDATE to FOLLOWER at term 7 for REJECTED
2021-12-08 16:20:56,149 [244676ad-e546-497d-9019-d858b1c3095a@group-B8A05E5EF970-LeaderElection49] INFO  impl.RoleInfo (RoleInfo.java:shutdownLeaderElection(121)) - 244676ad-e546-497d-9019-d858b1c3095a: shutdown 244676ad-e546-497d-9019-d858b1c3095a@group-B8A05E5EF970-LeaderElection49
2021-12-08 16:20:56,149 [244676ad-e546-497d-9019-d858b1c3095a@group-B8A05E5EF970-LeaderElection49] INFO  impl.RoleInfo (RoleInfo.java:updateAndGet(130)) - 244676ad-e546-497d-9019-d858b1c3095a: start 244676ad-e546-497d-9019-d858b1c3095a@group-B8A05E5EF970-FollowerState
2021-12-08 16:20:56,509 [ForkJoinPool.commonPool-worker-0] INFO  utils.BackgroundService (BackgroundService.java:shutdown(132)) - Shutting down service BlockDeletingService
2021-12-08 16:20:56,541 [Listener at 127.0.0.1/46549] INFO  utils.BackgroundService (BackgroundService.java:shutdown(132)) - Shutting down service BlockDeletingService
2021-12-08 16:20:59,531 [ForkJoinPool.commonPool-worker-0] INFO  statemachine.DatanodeStateMachine (DatanodeStateMachine.java:stopDaemon(526)) - Ozone container server stopped.
2021-12-08 16:20:59,536 [ForkJoinPool.commonPool-worker-0] INFO  handler.ContextHandler (ContextHandler.java:doStop(1153)) - Stopped o.e.j.w.WebAppContext@59c99b5{hddsDatanode,/,null,STOPPED}{jar:file:/home/runner/.m2/repository/org/apache/ozone/hdds-container-service/1.3.0-SNAPSHOT/hdds-container-service-1.3.0-SNAPSHOT.jar!/webapps/hddsDatanode}
2021-12-08 16:20:59,538 [ForkJoinPool.commonPool-worker-0] INFO  server.AbstractConnector (AbstractConnector.java:doStop(381)) - Stopped ServerConnector@194ec701{HTTP/1.1, (http/1.1)}{0.0.0.0:0}
2021-12-08 16:20:59,538 [ForkJoinPool.commonPool-worker-0] INFO  server.session (HouseKeeper.java:stopScavenging(149)) - node0 Stopped scavenging
2021-12-08 16:20:59,541 [ForkJoinPool.commonPool-worker-0] INFO  handler.ContextHandler (ContextHandler.java:doStop(1153)) - Stopped o.e.j.s.ServletContextHandler@7ebc160d{static,/static,jar:file:/home/runner/.m2/repository/org/apache/ozone/hdds-container-service/1.3.0-SNAPSHOT/hdds-container-service-1.3.0-SNAPSHOT.jar!/webapps/static,STOPPED}
2021-12-08 16:20:59,542 [ForkJoinPool.commonPool-worker-0] INFO  handler.ContextHandler (ContextHandler.java:doStop(1153)) - Stopped o.e.j.s.ServletContextHandler@16a4961f{logs,/logs,file:///home/runner/work/ozone/ozone/hadoop-ozone/integration-test/target/log,STOPPED}
2021-12-08 16:20:59,544 [Listener at 127.0.0.1/46549] INFO  statemachine.DatanodeStateMachine (DatanodeStateMachine.java:stopDaemon(526)) - Ozone container server stopped.
2021-12-08 16:20:59,544 [Listener at 127.0.0.1/46549] INFO  handler.ContextHandler (ContextHandler.java:doStop(1153)) - Stopped o.e.j.w.WebAppContext@7c5ccc7c{hddsDatanode,/,null,STOPPED}{jar:file:/home/runner/.m2/repository/org/apache/ozone/hdds-container-service/1.3.0-SNAPSHOT/hdds-container-service-1.3.0-SNAPSHOT.jar!/webapps/hddsDatanode}
2021-12-08 16:20:59,547 [Listener at 127.0.0.1/46549] INFO  server.AbstractConnector (AbstractConnector.java:doStop(381)) - Stopped ServerConnector@2126cfaf{HTTP/1.1, (http/1.1)}{0.0.0.0:0}
2021-12-08 16:20:59,547 [Listener at 127.0.0.1/46549] INFO  server.session (HouseKeeper.java:stopScavenging(149)) - node0 Stopped scavenging
2021-12-08 16:20:59,547 [Listener at 127.0.0.1/46549] INFO  handler.ContextHandler (ContextHandler.java:doStop(1153)) - Stopped o.e.j.s.ServletContextHandler@6a9cdf61{static,/static,jar:file:/home/runner/.m2/repository/org/apache/ozone/hdds-container-service/1.3.0-SNAPSHOT/hdds-container-service-1.3.0-SNAPSHOT.jar!/webapps/static,STOPPED}
2021-12-08 16:20:59,547 [Listener at 127.0.0.1/46549] INFO  handler.ContextHandler (ContextHandler.java:doStop(1153)) - Stopped o.e.j.s.ServletContextHandler@50f771c6{logs,/logs,file:///home/runner/work/ozone/ozone/hadoop-ozone/integration-test/target/log,STOPPED}
2021-12-08 16:20:59,854 [244676ad-e546-497d-9019-d858b1c3095a@group-E178D35DBC74-FollowerState] INFO  impl.FollowerState (FollowerState.java:lostMajorityHeartbeatsRecently(107)) - 244676ad-e546-497d-9019-d858b1c3095a@group-E178D35DBC74-FollowerState: Skipping leader election since it stepped down recently (elapsed = 5112ms < waitTime = 10s)
2021-12-08 16:21:01,303 [244676ad-e546-497d-9019-d858b1c3095a@group-B8A05E5EF970-FollowerState] INFO  impl.FollowerState (FollowerState.java:run(134)) - 244676ad-e546-497d-9019-d858b1c3095a@group-B8A05E5EF970-FollowerState: change to CANDIDATE, lastRpcElapsedTime:5153531902ns, electionTimeout:5153ms
2021-12-08 16:21:01,303 [244676ad-e546-497d-9019-d858b1c3095a@group-B8A05E5EF970-FollowerState] INFO  impl.RoleInfo (RoleInfo.java:shutdownFollowerState(108)) - 244676ad-e546-497d-9019-d858b1c3095a: shutdown 244676ad-e546-497d-9019-d858b1c3095a@group-B8A05E5EF970-FollowerState
2021-12-08 16:21:01,303 [244676ad-e546-497d-9019-d858b1c3095a@group-B8A05E5EF970-FollowerState] INFO  server.RaftServer$Division (RaftServerImpl.java:setRole(290)) - 244676ad-e546-497d-9019-d858b1c3095a@group-B8A05E5EF970: changes role from  FOLLOWER to CANDIDATE at term 7 for changeToCandidate
2021-12-08 16:21:01,303 [244676ad-e546-497d-9019-d858b1c3095a@group-B8A05E5EF970-FollowerState] INFO  server.RaftServerConfigKeys (ConfUtils.java:logGet(44)) - raft.server.leaderelection.pre-vote = false (custom)
2021-12-08 16:21:01,303 [244676ad-e546-497d-9019-d858b1c3095a@group-B8A05E5EF970-FollowerState] INFO  impl.RoleInfo (RoleInfo.java:updateAndGet(130)) - 244676ad-e546-497d-9019-d858b1c3095a: start 244676ad-e546-497d-9019-d858b1c3095a@group-B8A05E5EF970-LeaderElection50
2021-12-08 16:21:01,315 [244676ad-e546-497d-9019-d858b1c3095a@group-B8A05E5EF970-LeaderElection50] INFO  impl.LeaderElection (LeaderElection.java:askForVotes(306)) - 244676ad-e546-497d-9019-d858b1c3095a@group-B8A05E5EF970-LeaderElection50 ELECTION round 0: submit vote requests at term 8 for -1: [27d2eb57-a972-4dc6-9799-c8417eae57ce|rpc:10.1.0.47:39277|dataStream:|priority:0, 244676ad-e546-497d-9019-d858b1c3095a|rpc:10.1.0.47:46005|dataStream:|priority:0, 6b9f135a-20fd-4e81-a28d-527c97df21c1|rpc:10.1.0.47:43913|dataStream:|priority:1], old=null
2021-12-08 16:21:01,339 [244676ad-e546-497d-9019-d858b1c3095a@group-B8A05E5EF970-LeaderElection50] INFO  impl.LeaderElection (LogUtils.java:infoOrTrace(137)) - 244676ad-e546-497d-9019-d858b1c3095a@group-B8A05E5EF970-LeaderElection50 got exception when requesting votes: java.util.concurrent.ExecutionException: org.apache.ratis.thirdparty.io.grpc.StatusRuntimeException: UNAVAILABLE: io exception
2021-12-08 16:21:01,339 [244676ad-e546-497d-9019-d858b1c3095a@group-B8A05E5EF970-LeaderElection50] INFO  impl.LeaderElection (LogUtils.java:infoOrTrace(137)) - 244676ad-e546-497d-9019-d858b1c3095a@group-B8A05E5EF970-LeaderElection50 got exception when requesting votes: java.util.concurrent.ExecutionException: org.apache.ratis.thirdparty.io.grpc.StatusRuntimeException: UNAVAILABLE: io exception
2021-12-08 16:21:01,339 [244676ad-e546-497d-9019-d858b1c3095a@group-B8A05E5EF970-LeaderElection50] INFO  impl.LeaderElection (LeaderElection.java:logAndReturn(89)) - 244676ad-e546-497d-9019-d858b1c3095a@group-B8A05E5EF970-LeaderElection50: ELECTION REJECTED received 0 response(s) and 2 exception(s):
2021-12-08 16:21:01,339 [244676ad-e546-497d-9019-d858b1c3095a@group-B8A05E5EF970-LeaderElection50] INFO  impl.LeaderElection (LogUtils.java:infoOrTrace(137)) -   Exception 0: java.util.concurrent.ExecutionException: org.apache.ratis.thirdparty.io.grpc.StatusRuntimeException: UNAVAILABLE: io exception
2021-12-08 16:21:01,339 [244676ad-e546-497d-9019-d858b1c3095a@group-B8A05E5EF970-LeaderElection50] INFO  impl.LeaderElection (LogUtils.java:infoOrTrace(137)) -   Exception 1: java.util.concurrent.ExecutionException: org.apache.ratis.thirdparty.io.grpc.StatusRuntimeException: UNAVAILABLE: io exception
2021-12-08 16:21:01,339 [244676ad-e546-497d-9019-d858b1c3095a@group-B8A05E5EF970-LeaderElection50] INFO  impl.LeaderElection (LeaderElection.java:askForVotes(308)) - 244676ad-e546-497d-9019-d858b1c3095a@group-B8A05E5EF970-LeaderElection50 ELECTION round 0: result REJECTED
2021-12-08 16:21:01,339 [244676ad-e546-497d-9019-d858b1c3095a@group-B8A05E5EF970-LeaderElection50] INFO  server.RaftServer$Division (RaftServerImpl.java:setRole(290)) - 244676ad-e546-497d-9019-d858b1c3095a@group-B8A05E5EF970: changes role from CANDIDATE to FOLLOWER at term 8 for REJECTED
2021-12-08 16:21:01,339 [244676ad-e546-497d-9019-d858b1c3095a@group-B8A05E5EF970-LeaderElection50] INFO  impl.RoleInfo (RoleInfo.java:shutdownLeaderElection(121)) - 244676ad-e546-497d-9019-d858b1c3095a: shutdown 244676ad-e546-497d-9019-d858b1c3095a@group-B8A05E5EF970-LeaderElection50
2021-12-08 16:21:01,339 [244676ad-e546-497d-9019-d858b1c3095a@group-B8A05E5EF970-LeaderElection50] INFO  impl.RoleInfo (RoleInfo.java:updateAndGet(130)) - 244676ad-e546-497d-9019-d858b1c3095a: start 244676ad-e546-497d-9019-d858b1c3095a@group-B8A05E5EF970-FollowerState
2021-12-08 16:21:04,544 [ForkJoinPool.commonPool-worker-0] INFO  ozoneimpl.OzoneContainer (OzoneContainer.java:stop(325)) - Attempting to stop container services.
2021-12-08 16:21:04,547 [ForkJoinPool.commonPool-worker-0] INFO  server.RaftServer (RaftServerProxy.java:lambda$close$6(391)) - 244676ad-e546-497d-9019-d858b1c3095a: close
2021-12-08 16:21:04,547 [ForkJoinPool.commonPool-worker-0] INFO  server.RaftServer$Division (RaftServerImpl.java:lambda$close$4(412)) - 244676ad-e546-497d-9019-d858b1c3095a@group-B8A05E5EF970: shutdown
2021-12-08 16:21:04,548 [ForkJoinPool.commonPool-worker-0] INFO  util.JmxRegister (JmxRegister.java:unregister(73)) - Successfully un-registered JMX Bean with object name Ratis:service=RaftServer,group=group-B8A05E5EF970,id=244676ad-e546-497d-9019-d858b1c3095a
2021-12-08 16:21:04,548 [ForkJoinPool.commonPool-worker-0] INFO  impl.RoleInfo (RoleInfo.java:shutdownFollowerState(108)) - 244676ad-e546-497d-9019-d858b1c3095a: shutdown 244676ad-e546-497d-9019-d858b1c3095a@group-B8A05E5EF970-FollowerState
2021-12-08 16:21:04,548 [ForkJoinPool.commonPool-worker-0] INFO  impl.StateMachineUpdater (StateMachineUpdater.java:stopAndJoin(149)) - 244676ad-e546-497d-9019-d858b1c3095a@group-B8A05E5EF970-StateMachineUpdater: set stopIndex = -1
2021-12-08 16:21:04,548 [ForkJoinPool.commonPool-worker-0] INFO  server.RaftServer$Division (ServerState.java:close(419)) - 244676ad-e546-497d-9019-d858b1c3095a@group-B8A05E5EF970: closes. applyIndex: -1
2021-12-08 16:21:04,548 [244676ad-e546-497d-9019-d858b1c3095a@group-B8A05E5EF970-SegmentedRaftLogWorker] INFO  segmented.SegmentedRaftLogWorker (SegmentedRaftLogWorker.java:run(327)) - 244676ad-e546-497d-9019-d858b1c3095a@group-B8A05E5EF970-SegmentedRaftLogWorker was interrupted, exiting. There are 0 tasks remaining in the queue.
2021-12-08 16:21:04,548 [ForkJoinPool.commonPool-worker-0] INFO  segmented.SegmentedRaftLogWorker (SegmentedRaftLogWorker.java:close(237)) - 244676ad-e546-497d-9019-d858b1c3095a@group-B8A05E5EF970-SegmentedRaftLogWorker close()
2021-12-08 16:21:04,548 [244676ad-e546-497d-9019-d858b1c3095a@group-B8A05E5EF970-FollowerState] INFO  impl.FollowerState (FollowerState.java:run(143)) - 244676ad-e546-497d-9019-d858b1c3095a@group-B8A05E5EF970-FollowerState was interrupted: {}
java.lang.InterruptedException: sleep interrupted
	at java.lang.Thread.sleep(Native Method)
	at java.lang.Thread.sleep(Thread.java:340)
	at java.util.concurrent.TimeUnit.sleep(TimeUnit.java:386)
	at org.apache.ratis.util.TimeDuration.sleep(TimeDuration.java:324)
	at org.apache.ratis.util.TimeDuration.sleep(TimeDuration.java:309)
	at org.apache.ratis.server.impl.FollowerState.run(FollowerState.java:118)
2021-12-08 16:21:04,549 [ForkJoinPool.commonPool-worker-0] INFO  server.RaftServer$Division (RaftServerImpl.java:lambda$close$4(412)) - 244676ad-e546-497d-9019-d858b1c3095a@group-E178D35DBC74: shutdown
2021-12-08 16:21:04,579 [ForkJoinPool.commonPool-worker-0] INFO  util.JmxRegister (JmxRegister.java:unregister(73)) - Successfully un-registered JMX Bean with object name Ratis:service=RaftServer,group=group-E178D35DBC74,id=244676ad-e546-497d-9019-d858b1c3095a
2021-12-08 16:21:04,579 [ForkJoinPool.commonPool-worker-0] INFO  impl.RoleInfo (RoleInfo.java:shutdownFollowerState(108)) - 244676ad-e546-497d-9019-d858b1c3095a: shutdown 244676ad-e546-497d-9019-d858b1c3095a@group-E178D35DBC74-FollowerState
2021-12-08 16:21:04,579 [ForkJoinPool.commonPool-worker-0] INFO  impl.StateMachineUpdater (StateMachineUpdater.java:stopAndJoin(149)) - 244676ad-e546-497d-9019-d858b1c3095a@group-E178D35DBC74-StateMachineUpdater: set stopIndex = 28
2021-12-08 16:21:04,579 [244676ad-e546-497d-9019-d858b1c3095a@group-E178D35DBC74-FollowerState] INFO  impl.FollowerState (FollowerState.java:run(143)) - 244676ad-e546-497d-9019-d858b1c3095a@group-E178D35DBC74-FollowerState was interrupted: {}
java.lang.InterruptedException: sleep interrupted
	at java.lang.Thread.sleep(Native Method)
	at java.lang.Thread.sleep(Thread.java:340)
	at java.util.concurrent.TimeUnit.sleep(TimeUnit.java:386)
	at org.apache.ratis.util.TimeDuration.sleep(TimeDuration.java:324)
	at org.apache.ratis.util.TimeDuration.sleep(TimeDuration.java:309)
	at org.apache.ratis.server.impl.FollowerState.run(FollowerState.java:118)
2021-12-08 16:21:04,579 [244676ad-e546-497d-9019-d858b1c3095a@group-E178D35DBC74-StateMachineUpdater] INFO  ratis.ContainerStateMachine (ContainerStateMachine.java:takeSnapshot(299)) - group-E178D35DBC74: Taking a snapshot at:(t:2, i:28) file /home/runner/work/ozone/ozone/hadoop-ozone/integration-test/target/test-dir/MiniOzoneClusterImpl-102f87ea-2986-4930-8fc4-c674960d3cfd/datanode-2/data/ratis/b5c2bffc-37f8-4a21-beff-e178d35dbc74/sm/snapshot.2_28
2021-12-08 16:21:04,580 [244676ad-e546-497d-9019-d858b1c3095a@group-E178D35DBC74-StateMachineUpdater] INFO  ratis.ContainerStateMachine (ContainerStateMachine.java:takeSnapshot(310)) - group-E178D35DBC74: Finished taking a snapshot at:(t:2, i:28) file:/home/runner/work/ozone/ozone/hadoop-ozone/integration-test/target/test-dir/MiniOzoneClusterImpl-102f87ea-2986-4930-8fc4-c674960d3cfd/datanode-2/data/ratis/b5c2bffc-37f8-4a21-beff-e178d35dbc74/sm/snapshot.2_28 took: 2 ms
2021-12-08 16:21:04,581 [244676ad-e546-497d-9019-d858b1c3095a@group-E178D35DBC74-StateMachineUpdater] INFO  impl.StateMachineUpdater (StateMachineUpdater.java:takeSnapshot(281)) - 244676ad-e546-497d-9019-d858b1c3095a@group-E178D35DBC74-StateMachineUpdater: Took a snapshot at index 28
2021-12-08 16:21:04,581 [244676ad-e546-497d-9019-d858b1c3095a@group-E178D35DBC74-StateMachineUpdater] INFO  impl.StateMachineUpdater (StateMachineUpdater.java:lambda$new$0(89)) - 244676ad-e546-497d-9019-d858b1c3095a@group-E178D35DBC74-StateMachineUpdater: snapshotIndex: updateIncreasingly -1 -> 28
2021-12-08 16:21:04,583 [ForkJoinPool.commonPool-worker-0] INFO  server.RaftServer$Division (ServerState.java:close(419)) - 244676ad-e546-497d-9019-d858b1c3095a@group-E178D35DBC74: closes. applyIndex: 28
2021-12-08 16:21:04,583 [244676ad-e546-497d-9019-d858b1c3095a@group-E178D35DBC74-SegmentedRaftLogWorker] INFO  segmented.SegmentedRaftLogWorker (SegmentedRaftLogWorker.java:run(327)) - 244676ad-e546-497d-9019-d858b1c3095a@group-E178D35DBC74-SegmentedRaftLogWorker was interrupted, exiting. There are 0 tasks remaining in the queue.
2021-12-08 16:21:04,584 [ForkJoinPool.commonPool-worker-0] INFO  segmented.SegmentedRaftLogWorker (SegmentedRaftLogWorker.java:close(237)) - 244676ad-e546-497d-9019-d858b1c3095a@group-E178D35DBC74-SegmentedRaftLogWorker close()
2021-12-08 16:21:04,584 [ForkJoinPool.commonPool-worker-0] INFO  server.RaftServer$Division (RaftServerImpl.java:lambda$close$4(412)) - 244676ad-e546-497d-9019-d858b1c3095a@group-699EED74C1B8: shutdown
2021-12-08 16:21:04,584 [ForkJoinPool.commonPool-worker-0] INFO  util.JmxRegister (JmxRegister.java:unregister(73)) - Successfully un-registered JMX Bean with object name Ratis:service=RaftServer,group=group-699EED74C1B8,id=244676ad-e546-497d-9019-d858b1c3095a
2021-12-08 16:21:04,584 [ForkJoinPool.commonPool-worker-0] INFO  impl.RoleInfo (RoleInfo.java:shutdownLeaderState(91)) - 244676ad-e546-497d-9019-d858b1c3095a: shutdown 244676ad-e546-497d-9019-d858b1c3095a@group-699EED74C1B8-LeaderStateImpl
2021-12-08 16:21:04,585 [ForkJoinPool.commonPool-worker-0] INFO  impl.PendingRequests (PendingRequests.java:sendNotLeaderResponses(282)) - 244676ad-e546-497d-9019-d858b1c3095a@group-699EED74C1B8-PendingRequests: sendNotLeaderResponses
2021-12-08 16:21:04,585 [ForkJoinPool.commonPool-worker-0] INFO  impl.StateMachineUpdater (StateMachineUpdater.java:stopAndJoin(149)) - 244676ad-e546-497d-9019-d858b1c3095a@group-699EED74C1B8-StateMachineUpdater: set stopIndex = 0
2021-12-08 16:21:04,585 [244676ad-e546-497d-9019-d858b1c3095a@group-699EED74C1B8-StateMachineUpdater] INFO  ratis.ContainerStateMachine (ContainerStateMachine.java:takeSnapshot(299)) - group-699EED74C1B8: Taking a snapshot at:(t:1, i:0) file /home/runner/work/ozone/ozone/hadoop-ozone/integration-test/target/test-dir/MiniOzoneClusterImpl-102f87ea-2986-4930-8fc4-c674960d3cfd/datanode-2/data/ratis/271c7cb6-d7fb-4524-8f5c-699eed74c1b8/sm/snapshot.1_0
2021-12-08 16:21:04,586 [244676ad-e546-497d-9019-d858b1c3095a@group-699EED74C1B8-StateMachineUpdater] INFO  ratis.ContainerStateMachine (ContainerStateMachine.java:takeSnapshot(310)) - group-699EED74C1B8: Finished taking a snapshot at:(t:1, i:0) file:/home/runner/work/ozone/ozone/hadoop-ozone/integration-test/target/test-dir/MiniOzoneClusterImpl-102f87ea-2986-4930-8fc4-c674960d3cfd/datanode-2/data/ratis/271c7cb6-d7fb-4524-8f5c-699eed74c1b8/sm/snapshot.1_0 took: 1 ms
2021-12-08 16:21:04,586 [244676ad-e546-497d-9019-d858b1c3095a@group-699EED74C1B8-StateMachineUpdater] INFO  impl.StateMachineUpdater (StateMachineUpdater.java:takeSnapshot(281)) - 244676ad-e546-497d-9019-d858b1c3095a@group-699EED74C1B8-StateMachineUpdater: Took a snapshot at index 0
2021-12-08 16:21:04,586 [244676ad-e546-497d-9019-d858b1c3095a@group-699EED74C1B8-StateMachineUpdater] INFO  impl.StateMachineUpdater (StateMachineUpdater.java:lambda$new$0(89)) - 244676ad-e546-497d-9019-d858b1c3095a@group-699EED74C1B8-StateMachineUpdater: snapshotIndex: updateIncreasingly -1 -> 0
2021-12-08 16:21:04,587 [ForkJoinPool.commonPool-worker-0] INFO  server.RaftServer$Division (ServerState.java:close(419)) - 244676ad-e546-497d-9019-d858b1c3095a@group-699EED74C1B8: closes. applyIndex: 0
2021-12-08 16:21:04,587 [244676ad-e546-497d-9019-d858b1c3095a@group-699EED74C1B8-SegmentedRaftLogWorker] INFO  segmented.SegmentedRaftLogWorker (SegmentedRaftLogWorker.java:run(327)) - 244676ad-e546-497d-9019-d858b1c3095a@group-699EED74C1B8-SegmentedRaftLogWorker was interrupted, exiting. There are 0 tasks remaining in the queue.
2021-12-08 16:21:04,587 [ForkJoinPool.commonPool-worker-0] INFO  segmented.SegmentedRaftLogWorker (SegmentedRaftLogWorker.java:close(237)) - 244676ad-e546-497d-9019-d858b1c3095a@group-699EED74C1B8-SegmentedRaftLogWorker close()
2021-12-08 16:21:04,587 [ForkJoinPool.commonPool-worker-0] INFO  server.GrpcService (GrpcService.java:closeImpl(262)) - 244676ad-e546-497d-9019-d858b1c3095a: shutdown server with port 46005 now
2021-12-08 16:21:04,621 [grpc-default-executor-4] WARN  client.GrpcClientProtocolService (LogUtils.java:warn(122)) - 1-UnorderedRequestStreamObserver1: onError: org.apache.ratis.thirdparty.io.grpc.StatusRuntimeException: CANCELLED: client cancelled
2021-12-08 16:21:04,621 [ForkJoinPool.commonPool-worker-0] INFO  server.GrpcService (GrpcService.java:closeImpl(271)) - 244676ad-e546-497d-9019-d858b1c3095a: shutdown server with port 46005 successfully
2021-12-08 16:21:04,627 [org.apache.ratis.util.JvmPauseMonitor$$Lambda$523/2003369902@1854dba8] INFO  util.JvmPauseMonitor (JvmPauseMonitor.java:run(109)) - JvmPauseMonitor-244676ad-e546-497d-9019-d858b1c3095a: Stopped
2021-12-08 16:21:11,663 [ForkJoinPool.commonPool-worker-0] INFO  utils.BackgroundService (BackgroundService.java:shutdown(132)) - Shutting down service BlockDeletingService
2021-12-08 16:21:14,687 [ForkJoinPool.commonPool-worker-0] INFO  statemachine.DatanodeStateMachine (DatanodeStateMachine.java:stopDaemon(526)) - Ozone container server stopped.
2021-12-08 16:21:14,690 [ForkJoinPool.commonPool-worker-0] INFO  handler.ContextHandler (ContextHandler.java:doStop(1153)) - Stopped o.e.j.w.WebAppContext@1d5ba943{hddsDatanode,/,null,STOPPED}{jar:file:/home/runner/.m2/repository/org/apache/ozone/hdds-container-service/1.3.0-SNAPSHOT/hdds-container-service-1.3.0-SNAPSHOT.jar!/webapps/hddsDatanode}
2021-12-08 16:21:14,709 [ForkJoinPool.commonPool-worker-0] INFO  server.AbstractConnector (AbstractConnector.java:doStop(381)) - Stopped ServerConnector@128d0580{HTTP/1.1, (http/1.1)}{0.0.0.0:0}
2021-12-08 16:21:14,709 [ForkJoinPool.commonPool-worker-0] INFO  server.session (HouseKeeper.java:stopScavenging(149)) - node0 Stopped scavenging
2021-12-08 16:21:14,709 [ForkJoinPool.commonPool-worker-0] INFO  handler.ContextHandler (ContextHandler.java:doStop(1153)) - Stopped o.e.j.s.ServletContextHandler@44d92f46{static,/static,jar:file:/home/runner/.m2/repository/org/apache/ozone/hdds-container-service/1.3.0-SNAPSHOT/hdds-container-service-1.3.0-SNAPSHOT.jar!/webapps/static,STOPPED}
2021-12-08 16:21:14,712 [ForkJoinPool.commonPool-worker-0] INFO  handler.ContextHandler (ContextHandler.java:doStop(1153)) - Stopped o.e.j.s.ServletContextHandler@346079da{logs,/logs,file:///home/runner/work/ozone/ozone/hadoop-ozone/integration-test/target/log,STOPPED}
2021-12-08 16:21:14,713 [Listener at 127.0.0.1/46549] INFO  ozone.MiniOzoneClusterImpl (MiniOzoneClusterImpl.java:stopSCM(542)) - Stopping the StorageContainerManager
2021-12-08 16:21:14,713 [Listener at 127.0.0.1/46549] INFO  server.StorageContainerManager (StorageContainerManager.java:stop(1395)) - Stopping Container Balancer service.
2021-12-08 16:21:14,713 [Listener at 127.0.0.1/46549] INFO  balancer.ContainerBalancer (ContainerBalancer.java:stop(734)) - Container Balancer is not running.
2021-12-08 16:21:14,713 [Listener at 127.0.0.1/46549] INFO  server.StorageContainerManager (StorageContainerManager.java:stop(1402)) - Stopping Replication Manager Service.
2021-12-08 16:21:14,713 [Listener at 127.0.0.1/46549] INFO  container.ReplicationManager (ReplicationManager.java:stop(350)) - Stopping Replication Monitor Thread.
2021-12-08 16:21:14,713 [Listener at 127.0.0.1/46549] INFO  server.StorageContainerManager (StorageContainerManager.java:stop(1409)) - Stopping the Datanode Admin Monitor.
2021-12-08 16:21:14,714 [Listener at 127.0.0.1/46549] INFO  server.StorageContainerManager (StorageContainerManager.java:stop(1416)) - Stopping Lease Manager of the command watchers
2021-12-08 16:21:14,714 [Listener at 127.0.0.1/46549] INFO  server.StorageContainerManager (StorageContainerManager.java:stop(1423)) - Stopping datanode service RPC server
2021-12-08 16:21:14,714 [Listener at 127.0.0.1/46549] INFO  server.SCMDatanodeProtocolServer (SCMDatanodeProtocolServer.java:stop(389)) - Stopping the RPC server for DataNodes
2021-12-08 16:21:14,714 [Listener at 127.0.0.1/46549] INFO  ipc.Server (Server.java:stop(3414)) - Stopping server on 38675
2021-12-08 16:21:14,736 [IPC Server Responder] INFO  ipc.Server (Server.java:run(1512)) - Stopping IPC Server Responder
2021-12-08 16:21:14,751 [IPC Server listener on 0] INFO  ipc.Server (Server.java:run(1376)) - Stopping IPC Server listener on 0
2021-12-08 16:21:14,819 [SCM Heartbeat Processing Thread - 0] WARN  node.NodeStateManager (NodeStateManager.java:scheduleNextHealthCheck(799)) - Current Thread is interrupted, shutting down HB processing thread for Node Manager.
2021-12-08 16:21:14,819 [Listener at 127.0.0.1/46549] INFO  server.StorageContainerManager (StorageContainerManager.java:stop(1431)) - Stopping block service RPC server
2021-12-08 16:21:14,819 [Listener at 127.0.0.1/46549] INFO  server.SCMBlockProtocolServer (SCMBlockProtocolServer.java:stop(160)) - Stopping the RPC server for Block Protocol
2021-12-08 16:21:14,819 [Listener at 127.0.0.1/46549] INFO  ipc.Server (Server.java:stop(3414)) - Stopping server on 45623
2021-12-08 16:21:14,831 [Listener at 127.0.0.1/46549] INFO  server.StorageContainerManager (StorageContainerManager.java:stop(1438)) - Stopping the StorageContainerLocationProtocol RPC server
2021-12-08 16:21:14,831 [Listener at 127.0.0.1/46549] INFO  server.SCMClientProtocolServer (SCMClientProtocolServer.java:stop(173)) - Stopping the RPC server for Client Protocol
2021-12-08 16:21:14,831 [Listener at 127.0.0.1/46549] INFO  ipc.Server (Server.java:stop(3414)) - Stopping server on 37731
2021-12-08 16:21:14,831 [IPC Server Responder] INFO  ipc.Server (Server.java:run(1512)) - Stopping IPC Server Responder
2021-12-08 16:21:14,837 [IPC Server Responder] INFO  ipc.Server (Server.java:run(1512)) - Stopping IPC Server Responder
2021-12-08 16:21:14,837 [Listener at 127.0.0.1/46549] INFO  server.StorageContainerManager (StorageContainerManager.java:stop(1445)) - Stopping Storage Container Manager HTTP server.
2021-12-08 16:21:14,838 [Listener at 127.0.0.1/46549] INFO  handler.ContextHandler (ContextHandler.java:doStop(1153)) - Stopped o.e.j.w.WebAppContext@4e3db1c6{scm,/,null,STOPPED}{file:/home/runner/work/ozone/ozone/hadoop-ozone/integration-test/target/test-classes/webapps/scm}
2021-12-08 16:21:14,839 [IPC Server listener on 0] INFO  ipc.Server (Server.java:run(1376)) - Stopping IPC Server listener on 0
2021-12-08 16:21:14,839 [Listener at 127.0.0.1/46549] INFO  server.AbstractConnector (AbstractConnector.java:doStop(381)) - Stopped ServerConnector@44e666df{HTTP/1.1, (http/1.1)}{0.0.0.0:0}
2021-12-08 16:21:14,839 [Listener at 127.0.0.1/46549] INFO  server.session (HouseKeeper.java:stopScavenging(149)) - node0 Stopped scavenging
2021-12-08 16:21:14,840 [Listener at 127.0.0.1/46549] INFO  handler.ContextHandler (ContextHandler.java:doStop(1153)) - Stopped o.e.j.s.ServletContextHandler@1d4d84fb{static,/static,file:///home/runner/work/ozone/ozone/hadoop-ozone/integration-test/target/test-classes/webapps/static,STOPPED}
2021-12-08 16:21:14,840 [Listener at 127.0.0.1/46549] INFO  handler.ContextHandler (ContextHandler.java:doStop(1153)) - Stopped o.e.j.s.ServletContextHandler@7b21879f{logs,/logs,file:///home/runner/work/ozone/ozone/hadoop-ozone/integration-test/target/log,STOPPED}
2021-12-08 16:21:14,843 [Listener at 127.0.0.1/46549] INFO  server.StorageContainerManager (StorageContainerManager.java:stop(1456)) - Stopping Block Manager Service.
2021-12-08 16:21:14,843 [Listener at 127.0.0.1/46549] INFO  utils.BackgroundService (BackgroundService.java:shutdown(132)) - Shutting down service SCMBlockDeletingService
2021-12-08 16:21:14,843 [Listener at 127.0.0.1/46549] INFO  utils.BackgroundService (BackgroundService.java:shutdown(132)) - Shutting down service SCMBlockDeletingService
2021-12-08 16:21:14,843 [Listener at 127.0.0.1/46549] INFO  server.StorageContainerManager (StorageContainerManager.java:stop(1483)) - Stopping SCM Event Queue.
2021-12-08 16:21:14,845 [Listener at 127.0.0.1/46549] INFO  server.StorageContainerManager (StorageContainerManager.java:stop(1494)) - Stopping SCM HA services.
2021-12-08 16:21:14,845 [Listener at 127.0.0.1/46549] INFO  pipeline.BackgroundPipelineCreator (BackgroundPipelineCreator.java:stop(158)) - Stopping RatisPipelineUtilsThread.
2021-12-08 16:21:14,845 [Listener at 127.0.0.1/46549] INFO  server.StorageContainerManager (StorageContainerManager.java:stop(1504)) - Stopping SCM MetadataStore.
2021-12-08 16:21:14,846 [Listener at 127.0.0.1/46549] INFO  impl.MetricsSystemImpl (MetricsSystemImpl.java:stop(210)) - Stopping HddsDatanode metrics system...
2021-12-08 16:21:14,853 [IPC Server listener on 0] INFO  ipc.Server (Server.java:run(1376)) - Stopping IPC Server listener on 0
2021-12-08 16:21:14,895 [prometheus] INFO  impl.MetricsSinkAdapter (MetricsSinkAdapter.java:publishMetricsFromQueue(141)) - prometheus thread interrupted.
2021-12-08 16:21:14,896 [Listener at 127.0.0.1/46549] INFO  impl.MetricsSystemImpl (MetricsSystemImpl.java:stop(216)) - HddsDatanode metrics system stopped.
2021-12-08 16:21:15,060 [Listener at 127.0.0.1/46549] WARN  server.ServerUtils (ServerUtils.java:getScmDbDir(148)) - ozone.scm.db.dirs is not configured. We recommend adding this setting. Falling back to ozone.metadata.dirs instead.
2021-12-08 16:21:15,071 [Listener at 127.0.0.1/46549] INFO  ha.SCMHANodeDetails (SCMHANodeDetails.java:loadSCMHAConfig(157)) - ServiceID for StorageContainerManager is null
2021-12-08 16:21:15,071 [Listener at 127.0.0.1/46549] INFO  ha.SCMHANodeDetails (SCMHANodeDetails.java:loadSCMHAConfig(162)) - ozone.scm.default.service.id is not defined, falling back to ozone.scm.service.ids to find serviceID for StorageContainerManager if it is HA enabled cluster
2021-12-08 16:21:15,071 [Listener at 127.0.0.1/46549] WARN  server.ServerUtils (ServerUtils.java:getScmDbDir(148)) - ozone.scm.db.dirs is not configured. We recommend adding this setting. Falling back to ozone.metadata.dirs instead.
2021-12-08 16:21:15,072 [Listener at 127.0.0.1/46549] INFO  upgrade.AbstractLayoutVersionManager (AbstractLayoutVersionManager.java:init(79)) - Initializing Layout version manager with metadata layout = SCM_HA (version = 2), software layout = SCM_HA (version = 2)
2021-12-08 16:21:15,188 [Listener at 127.0.0.1/46549] INFO  reflections.Reflections (Reflections.java:scan(232)) - Reflections took 89 ms to scan 7 urls, producing 119 keys and 279 values 
2021-12-08 16:21:15,195 [Listener at 127.0.0.1/46549] WARN  utils.HAUtils (HAUtils.java:getMetaDir(342)) - ozone.scm.db.dirs is not configured. We recommend adding this setting. Falling back to ozone.metadata.dirs instead.
2021-12-08 16:21:15,196 [Listener at 127.0.0.1/46549] WARN  db.DBStoreBuilder (DBStoreBuilder.java:applyDBDefinition(145)) - ozone.scm.db.dirs is not configured. We recommend adding this setting. Falling back to ozone.metadata.dirs instead.
2021-12-08 16:21:15,395 [Listener at 127.0.0.1/46549] INFO  net.NodeSchemaLoader (NodeSchemaLoader.java:loadSchemaFromFile(129)) - Loading schema from [jar:file:/home/runner/.m2/repository/org/apache/ozone/hdds-common/1.3.0-SNAPSHOT/hdds-common-1.3.0-SNAPSHOT.jar!/network-topology-default.xml]
2021-12-08 16:21:15,396 [Listener at 127.0.0.1/46549] INFO  net.NodeSchemaLoader (NodeSchemaLoader.java:loadSchema(176)) - Loading network topology layer schema file
2021-12-08 16:21:15,402 [Listener at 127.0.0.1/46549] INFO  ha.SequenceIdGenerator (SequenceIdGenerator.java:upgradeToSequenceId(347)) - upgrade localId to 107544261427200000
2021-12-08 16:21:15,402 [Listener at 127.0.0.1/46549] INFO  ha.SequenceIdGenerator (SequenceIdGenerator.java:upgradeToSequenceId(357)) - upgrade delTxnId to 0
2021-12-08 16:21:15,402 [Listener at 127.0.0.1/46549] INFO  ha.SequenceIdGenerator (SequenceIdGenerator.java:upgradeToSequenceId(371)) - upgrade containerId to 0
2021-12-08 16:21:15,402 [Listener at 127.0.0.1/46549] INFO  ha.SequenceIdGenerator (SequenceIdGenerator.java:<init>(218)) - Init the HA SequenceIdGenerator.
2021-12-08 16:21:15,410 [Listener at 127.0.0.1/46549] WARN  server.ServerUtils (ServerUtils.java:sanitizeUserArgs(73)) - ozone.scm.stale.node.interval value = 300000 is larger than max = 100000 based on the key value of ozone.scm.heartbeat.thread.interval, reset to the max value 100000.
2021-12-08 16:21:15,415 [Listener at 127.0.0.1/46549] WARN  server.ServerUtils (ServerUtils.java:sanitizeUserArgs(73)) - ozone.scm.stale.node.interval value = 300000 is larger than max = 100000 based on the key value of ozone.scm.heartbeat.thread.interval, reset to the max value 100000.
2021-12-08 16:21:15,439 [Listener at 127.0.0.1/46549] INFO  node.SCMNodeManager (SCMNodeManager.java:<init>(144)) - Entering startup safe mode.
2021-12-08 16:21:15,440 [Listener at 127.0.0.1/46549] INFO  algorithms.ContainerPlacementPolicyFactory (ContainerPlacementPolicyFactory.java:getPolicy(60)) - Create container placement policy of type org.apache.hadoop.hdds.scm.container.placement.algorithms.SCMContainerPlacementRandom
2021-12-08 16:21:15,440 [Listener at 127.0.0.1/46549] INFO  pipeline.PipelineStateManagerImpl (PipelineStateManagerImpl.java:initialize(78)) - No pipeline exists in current db
2021-12-08 16:21:15,440 [Listener at 127.0.0.1/46549] INFO  algorithms.LeaderChoosePolicyFactory (LeaderChoosePolicyFactory.java:getPolicy(57)) - Create leader choose policy of type org.apache.hadoop.hdds.scm.pipeline.leader.choose.algorithms.MinLeaderCountChoosePolicy
2021-12-08 16:21:15,440 [Listener at 127.0.0.1/46549] INFO  ha.SCMServiceManager (SCMServiceManager.java:register(43)) - Registering service BackgroundPipelineCreator.
2021-12-08 16:21:15,440 [Listener at 127.0.0.1/46549] INFO  pipeline.BackgroundPipelineCreator (BackgroundPipelineCreator.java:start(130)) - Starting RatisPipelineUtilsThread.
2021-12-08 16:21:15,453 [Listener at 127.0.0.1/46549] INFO  algorithms.PipelineChoosePolicyFactory (PipelineChoosePolicyFactory.java:createPipelineChoosePolicyFromClass(73)) - Create pipeline choose policy of type org.apache.hadoop.hdds.scm.pipeline.choose.algorithms.RandomPipelineChoosePolicy
2021-12-08 16:21:15,453 [Listener at 127.0.0.1/46549] INFO  ha.SCMServiceManager (SCMServiceManager.java:register(43)) - Registering service SCMBlockDeletingService.
2021-12-08 16:21:15,453 [Listener at 127.0.0.1/46549] INFO  ha.SCMServiceManager (SCMServiceManager.java:register(43)) - Registering service ReplicationManager.
2021-12-08 16:21:15,454 [Listener at 127.0.0.1/46549] INFO  container.ReplicationManager (ReplicationManager.java:start(319)) - Starting Replication Monitor Thread.
2021-12-08 16:21:15,455 [Listener at 127.0.0.1/46549] INFO  safemode.ContainerSafeModeRule (ContainerSafeModeRule.java:<init>(89)) - containers with one replica threshold count 0
2021-12-08 16:21:15,456 [Listener at 127.0.0.1/46549] INFO  safemode.HealthyPipelineSafeModeRule (HealthyPipelineSafeModeRule.java:initializeRule(156)) - Total pipeline count is 0, healthy pipeline threshold count is 1
2021-12-08 16:21:15,456 [Listener at 127.0.0.1/46549] INFO  safemode.OneReplicaPipelineSafeModeRule (OneReplicaPipelineSafeModeRule.java:initializeRule(180)) - Total pipeline count is 0, pipeline's with at least one datanode reported threshold count is 0
2021-12-08 16:21:15,456 [Listener at 127.0.0.1/46549] INFO  ipc.CallQueueManager (CallQueueManager.java:<init>(90)) - Using callQueue: class java.util.concurrent.LinkedBlockingQueue, queueCapacity: 2000, scheduler: class org.apache.hadoop.ipc.DefaultRpcScheduler, ipcBackoff: false.
2021-12-08 16:21:15,457 [Socket Reader #1 for port 0] INFO  ipc.Server (Server.java:run(1265)) - Starting Socket Reader #1 for port 0
2021-12-08 16:21:15,457 [Listener at 0.0.0.0/41053] INFO  ipc.CallQueueManager (CallQueueManager.java:<init>(90)) - Using callQueue: class java.util.concurrent.LinkedBlockingQueue, queueCapacity: 2000, scheduler: class org.apache.hadoop.ipc.DefaultRpcScheduler, ipcBackoff: false.
2021-12-08 16:21:15,458 [Socket Reader #1 for port 0] INFO  ipc.Server (Server.java:run(1265)) - Starting Socket Reader #1 for port 0
2021-12-08 16:21:15,458 [Listener at 0.0.0.0/37619] INFO  ipc.CallQueueManager (CallQueueManager.java:<init>(90)) - Using callQueue: class java.util.concurrent.LinkedBlockingQueue, queueCapacity: 2000, scheduler: class org.apache.hadoop.ipc.DefaultRpcScheduler, ipcBackoff: false.
2021-12-08 16:21:15,459 [ReplicationMonitor] INFO  container.ReplicationManager (ReplicationManager.java:processAll(371)) - Replication Monitor Thread took 0 milliseconds for processing 0 containers.
2021-12-08 16:21:15,487 [Socket Reader #1 for port 0] INFO  ipc.Server (Server.java:run(1265)) - Starting Socket Reader #1 for port 0
2021-12-08 16:21:15,556 [Listener at 0.0.0.0/42339] INFO  algorithms.ContainerPlacementPolicyFactory (ContainerPlacementPolicyFactory.java:getPolicy(60)) - Create container placement policy of type org.apache.hadoop.hdds.scm.container.placement.algorithms.SCMContainerPlacementRandom
2021-12-08 16:21:15,556 [Listener at 0.0.0.0/42339] INFO  server.StorageContainerManager (StorageContainerManager.java:<init>(388)) - 
Container Balancer status:
Key                            Value
Running                        false
Container Balancer Configuration values:
Key                                                Value
Threshold                                          0.1
Max Datanodes to Involve per Iteration(ratio)      0.2
Max Size to Move per Iteration                     30GB
Max Size Entering Target per Iteration             1GB
Max Size Leaving Source per Iteration              1GB

2021-12-08 16:21:15,556 [Listener at 0.0.0.0/42339] WARN  events.EventQueue (EventQueue.java:fireEvent(194)) - No event handler registered for event TypedEvent{payloadType=SafeModeStatus, name='Safe mode status'}
2021-12-08 16:21:15,556 [Listener at 0.0.0.0/42339] INFO  ha.SCMContext (SCMContext.java:updateSafeModeStatus(211)) - Update SafeModeStatus from SafeModeStatus{safeModeStatus=true, preCheckPassed=false} to SafeModeStatus{safeModeStatus=true, preCheckPassed=false}.
2021-12-08 16:21:15,557 [Listener at 0.0.0.0/42339] INFO  server.StorageContainerManager (StorageContainerManager.java:start(1303)) - StorageContainerLocationProtocol RPC server is listening at /0.0.0.0:42339
2021-12-08 16:21:15,558 [Listener at 0.0.0.0/42339] WARN  impl.MetricsConfig (MetricsConfig.java:loadFirst(136)) - Cannot locate configuration: tried hadoop-metrics2-storagecontainermanager.properties,hadoop-metrics2.properties
2021-12-08 16:21:15,579 [Listener at 0.0.0.0/42339] INFO  impl.MetricsSystemImpl (MetricsSystemImpl.java:startTimer(378)) - Scheduled Metric snapshot period at 10 second(s).
2021-12-08 16:21:15,579 [Listener at 0.0.0.0/42339] INFO  impl.MetricsSystemImpl (MetricsSystemImpl.java:start(191)) - StorageContainerManager metrics system started
2021-12-08 16:21:15,654 [Listener at 0.0.0.0/42339] INFO  impl.MetricsSinkAdapter (MetricsSinkAdapter.java:start(204)) - Sink prometheus started
2021-12-08 16:21:15,671 [Listener at 0.0.0.0/42339] INFO  impl.MetricsSystemImpl (MetricsSystemImpl.java:registerSink(305)) - Registered sink prometheus
2021-12-08 16:21:15,714 [Listener at 0.0.0.0/42339] INFO  server.SCMClientProtocolServer (SCMClientProtocolServer.java:start(164)) - RPC server for Client  is listening at /0.0.0.0:42339
2021-12-08 16:21:15,714 [IPC Server Responder] INFO  ipc.Server (Server.java:run(1507)) - IPC Server Responder: starting
2021-12-08 16:21:15,727 [IPC Server listener on 0] INFO  ipc.Server (Server.java:run(1344)) - IPC Server listener on 0: starting
2021-12-08 16:21:15,787 [Listener at 0.0.0.0/42339] INFO  server.StorageContainerManager (StorageContainerManager.java:start(1318)) - ScmBlockLocationProtocol RPC server is listening at /0.0.0.0:37619
2021-12-08 16:21:15,787 [Listener at 0.0.0.0/42339] INFO  server.SCMBlockProtocolServer (SCMBlockProtocolServer.java:start(151)) - RPC server for Block Protocol is listening at /0.0.0.0:37619
2021-12-08 16:21:15,787 [IPC Server Responder] INFO  ipc.Server (Server.java:run(1507)) - IPC Server Responder: starting
2021-12-08 16:21:15,787 [IPC Server listener on 0] INFO  ipc.Server (Server.java:run(1344)) - IPC Server listener on 0: starting
2021-12-08 16:21:15,790 [Listener at 0.0.0.0/42339] INFO  server.StorageContainerManager (StorageContainerManager.java:start(1324)) - ScmDatanodeProtocl RPC server is listening at /0.0.0.0:41053
2021-12-08 16:21:15,790 [Listener at 0.0.0.0/42339] INFO  server.SCMDatanodeProtocolServer (SCMDatanodeProtocolServer.java:start(181)) - RPC server for DataNodes is listening at /0.0.0.0:41053
2021-12-08 16:21:15,790 [IPC Server Responder] INFO  ipc.Server (Server.java:run(1507)) - IPC Server Responder: starting
2021-12-08 16:21:15,790 [IPC Server listener on 0] INFO  ipc.Server (Server.java:run(1344)) - IPC Server listener on 0: starting
2021-12-08 16:21:15,842 [Listener at 0.0.0.0/42339] INFO  http.BaseHttpServer (BaseHttpServer.java:newHttpServer2BuilderForOzone(209)) - Starting Web-server for scm at: http://0.0.0.0:0
2021-12-08 16:21:15,842 [Listener at 0.0.0.0/42339] INFO  http.BaseHttpServer (BaseHttpServer.java:<init>(107)) - Hadoop Security Enabled: false Ozone Security Enabled: false Ozone HTTP Security Enabled: false 
2021-12-08 16:21:15,863 [org.apache.hadoop.util.JvmPauseMonitor$Monitor@7d1e54a6] INFO  util.JvmPauseMonitor (JvmPauseMonitor.java:run(188)) - Starting JVM pause monitor
2021-12-08 16:21:15,863 [Listener at 0.0.0.0/42339] INFO  server.AuthenticationFilter (AuthenticationFilter.java:constructSecretProvider(240)) - Unable to initialize FileSignerSecretProvider, falling back to use random secrets.
2021-12-08 16:21:15,870 [Listener at 0.0.0.0/42339] WARN  http.HttpRequestLog (HttpRequestLog.java:getRequestLog(103)) - Jetty request log can only be enabled using Log4j
2021-12-08 16:21:15,871 [Listener at 0.0.0.0/42339] INFO  http.HttpServer2 (HttpServer2.java:addGlobalFilter(1030)) - Added global filter 'safety' (class=org.apache.hadoop.hdds.server.http.HttpServer2$QuotingInputFilter)
2021-12-08 16:21:15,872 [Listener at 0.0.0.0/42339] INFO  http.HttpServer2 (HttpServer2.java:addFilter(1006)) - Added filter static_user_filter (class=org.apache.hadoop.http.lib.StaticUserWebFilter$StaticUserFilter) to context scm
2021-12-08 16:21:15,872 [Listener at 0.0.0.0/42339] INFO  http.HttpServer2 (HttpServer2.java:addFilter(1014)) - Added filter static_user_filter (class=org.apache.hadoop.http.lib.StaticUserWebFilter$StaticUserFilter) to context static
2021-12-08 16:21:15,872 [Listener at 0.0.0.0/42339] INFO  http.HttpServer2 (HttpServer2.java:addFilter(1014)) - Added filter static_user_filter (class=org.apache.hadoop.http.lib.StaticUserWebFilter$StaticUserFilter) to context logs
2021-12-08 16:21:15,873 [Listener at 0.0.0.0/42339] INFO  http.HttpServer2 (HttpServer2.java:bindListener(1249)) - Jetty bound to port 45419
2021-12-08 16:21:15,873 [Listener at 0.0.0.0/42339] INFO  server.Server (Server.java:doStart(375)) - jetty-9.4.43.v20210629; built: 2021-06-30T11:07:22.254Z; git: 526006ecfa3af7f1a27ef3a288e2bef7ea9dd7e8; jvm 1.8.0_292-b10
2021-12-08 16:21:15,874 [Listener at 0.0.0.0/42339] INFO  server.session (DefaultSessionIdManager.java:doStart(334)) - DefaultSessionIdManager workerName=node0
2021-12-08 16:21:15,874 [Listener at 0.0.0.0/42339] INFO  server.session (DefaultSessionIdManager.java:doStart(339)) - No SessionScavenger set, using defaults
2021-12-08 16:21:15,874 [Listener at 0.0.0.0/42339] INFO  server.session (HouseKeeper.java:startScavenging(132)) - node0 Scavenging every 660000ms
2021-12-08 16:21:15,879 [Listener at 0.0.0.0/42339] INFO  handler.ContextHandler (ContextHandler.java:doStart(915)) - Started o.e.j.s.ServletContextHandler@47a782a1{logs,/logs,file:///home/runner/work/ozone/ozone/hadoop-ozone/integration-test/target/log,AVAILABLE}
2021-12-08 16:21:15,880 [Listener at 0.0.0.0/42339] INFO  handler.ContextHandler (ContextHandler.java:doStart(915)) - Started o.e.j.s.ServletContextHandler@6e0e8b7b{static,/static,file:///home/runner/work/ozone/ozone/hadoop-ozone/integration-test/target/test-classes/webapps/static,AVAILABLE}
2021-12-08 16:21:15,888 [Listener at 0.0.0.0/42339] INFO  handler.ContextHandler (ContextHandler.java:doStart(915)) - Started o.e.j.w.WebAppContext@524ee953{scm,/,file:///home/runner/work/ozone/ozone/hadoop-ozone/integration-test/target/test-classes/webapps/scm/,AVAILABLE}{file:/home/runner/work/ozone/ozone/hadoop-ozone/integration-test/target/test-classes/webapps/scm}
2021-12-08 16:21:15,893 [Listener at 0.0.0.0/42339] INFO  server.AbstractConnector (AbstractConnector.java:doStart(331)) - Started ServerConnector@1c6d4f34{HTTP/1.1, (http/1.1)}{0.0.0.0:45419}
2021-12-08 16:21:15,893 [Listener at 0.0.0.0/42339] INFO  server.Server (Server.java:doStart(415)) - Started @188097ms
2021-12-08 16:21:15,893 [Listener at 0.0.0.0/42339] WARN  impl.MetricsSystemImpl (MetricsSystemImpl.java:register(279)) - Sink prometheus already exists!
2021-12-08 16:21:15,904 [Listener at 0.0.0.0/42339] INFO  http.BaseHttpServer (BaseHttpServer.java:updateConnectorAddress(329)) - HTTP server of scm listening at http://0.0.0.0:45419
2021-12-08 16:21:15,905 [Listener at 0.0.0.0/42339] WARN  server.ServerUtils (ServerUtils.java:getDBPath(225)) - ozone.om.db.dirs is not configured. We recommend adding this setting. Falling back to ozone.metadata.dirs instead.
2021-12-08 16:21:15,906 [Listener at 0.0.0.0/42339] INFO  ha.OMHANodeDetails (OMHANodeDetails.java:loadOMHAConfig(112)) - ozone.om.internal.service.id is not defined, falling back to ozone.om.service.ids to find serviceID for OzoneManager if it is HA enabled cluster
2021-12-08 16:21:15,906 [Listener at 0.0.0.0/42339] INFO  ha.OMHANodeDetails (OMHANodeDetails.java:loadOMHAConfig(217)) - Configuration does not have ozone.om.address set. Falling back to the default OM address /127.0.0.1:0
2021-12-08 16:21:15,907 [Listener at 0.0.0.0/42339] INFO  ha.OMHANodeDetails (OMHANodeDetails.java:getOMNodeDetailsForNonHA(245)) - OM Service ID is not set. Setting it to the default ID: omServiceIdDefault
2021-12-08 16:21:15,907 [Listener at 0.0.0.0/42339] INFO  ha.OMHANodeDetails (OMHANodeDetails.java:getOMNodeDetailsForNonHA(252)) - OM Node ID is not set. Setting it to the default ID: om1
2021-12-08 16:21:15,907 [Listener at 0.0.0.0/42339] WARN  server.ServerUtils (ServerUtils.java:getDBPath(225)) - ozone.om.db.dirs is not configured. We recommend adding this setting. Falling back to ozone.metadata.dirs instead.
2021-12-08 16:21:15,908 [Listener at 0.0.0.0/42339] INFO  upgrade.AbstractLayoutVersionManager (AbstractLayoutVersionManager.java:init(79)) - Initializing Layout version manager with metadata layout = INITIAL_VERSION (version = 0), software layout = INITIAL_VERSION (version = 0)
2021-12-08 16:21:16,057 [Listener at 0.0.0.0/42339] INFO  reflections.Reflections (Reflections.java:scan(232)) - Reflections took 149 ms to scan 2 urls, producing 132 keys and 344 values [using 2 cores]
2021-12-08 16:21:16,057 [Listener at 0.0.0.0/42339] INFO  upgrade.OMLayoutVersionManager (OMLayoutVersionManager.java:lambda$0(115)) - Skipping Upgrade Action MockOmUpgradeAction since it has been finalized.
2021-12-08 16:21:16,057 [Listener at 0.0.0.0/42339] WARN  server.ServerUtils (ServerUtils.java:getDBPath(225)) - ozone.om.db.dirs is not configured. We recommend adding this setting. Falling back to ozone.metadata.dirs instead.
2021-12-08 16:21:16,116 [Listener at 0.0.0.0/42339] WARN  server.ServerUtils (ServerUtils.java:getDBPath(225)) - ozone.om.db.dirs is not configured. We recommend adding this setting. Falling back to ozone.metadata.dirs instead.
2021-12-08 16:21:16,117 [Listener at 0.0.0.0/42339] INFO  codec.OmKeyInfoCodec (OmKeyInfoCodec.java:<init>(50)) - OmKeyInfoCodec ignorePipeline = true
2021-12-08 16:21:16,117 [Listener at 0.0.0.0/42339] INFO  codec.RepeatedOmKeyInfoCodec (RepeatedOmKeyInfoCodec.java:<init>(42)) - RepeatedOmKeyInfoCodec ignorePipeline = true
2021-12-08 16:21:16,359 [Listener at 0.0.0.0/42339] INFO  om.OzoneManager (OzoneManager.java:addS3GVolumeToDB(3660)) - Created Volume s3v With Owner runner required for S3Gateway operations.
2021-12-08 16:21:16,359 [Listener at 0.0.0.0/42339] WARN  server.ServerUtils (ServerUtils.java:getDefaultRatisDirectory(237)) - Storage directory for Ratis is not configured. It is a good idea to map this to an SSD disk. Falling back to ozone.metadata.dirs
2021-12-08 16:21:16,367 [Listener at 0.0.0.0/42339] WARN  utils.OzoneManagerRatisUtils (OzoneManagerRatisUtils.java:getOMRatisSnapshotDirectory(323)) - ozone.om.ratis.snapshot.dir is not configured. Falling back to ozone.metadata.dirs config
2021-12-08 16:21:16,367 [Listener at 0.0.0.0/42339] WARN  server.ServerUtils (ServerUtils.java:getDefaultRatisDirectory(237)) - Storage directory for Ratis is not configured. It is a good idea to map this to an SSD disk. Falling back to ozone.metadata.dirs
2021-12-08 16:21:16,368 [Listener at 0.0.0.0/42339] INFO  ratis.OzoneManagerRatisServer (OzoneManagerRatisServer.java:<init>(159)) - Instantiating OM Ratis server with groupID: omServiceIdDefault and peers: localhost:9872
2021-12-08 16:21:16,368 [Listener at 0.0.0.0/42339] INFO  ratis.OzoneManagerStateMachine (OzoneManagerStateMachine.java:loadSnapshotInfoFromDB(605)) - LastAppliedIndex is set from TransactionInfo from OM DB as (t:0, i:~)
2021-12-08 16:21:16,375 [Listener at 0.0.0.0/42339] INFO  server.RaftServer (ConfUtils.java:logGet(44)) - raft.rpc.type = GRPC (default)
2021-12-08 16:21:16,375 [Listener at 0.0.0.0/42339] INFO  grpc.GrpcFactory (GrpcFactory.java:checkPooledByteBufAllocatorUseCacheForAllThreads(48)) - PERFORMANCE WARNING: useCacheForAllThreads is true that may cause Netty to create a lot garbage objects and, as a result, trigger GC.
	It is recommended to disable useCacheForAllThreads by setting -Dorg.apache.ratis.thirdparty.io.netty.allocator.useCacheForAllThreads=false in command line.
2021-12-08 16:21:16,375 [Listener at 0.0.0.0/42339] INFO  grpc.GrpcConfigKeys (ConfUtils.java:logGet(44)) - raft.grpc.admin.port = -1 (default)
2021-12-08 16:21:16,375 [Listener at 0.0.0.0/42339] INFO  grpc.GrpcConfigKeys (ConfUtils.java:logGet(44)) - raft.grpc.server.port = 9872 (custom)
2021-12-08 16:21:16,375 [Listener at 0.0.0.0/42339] INFO  grpc.GrpcConfigKeys (ConfUtils.java:logGet(44)) - raft.grpc.client.port = -1 (default)
2021-12-08 16:21:16,375 [Listener at 0.0.0.0/42339] INFO  grpc.GrpcConfigKeys (ConfUtils.java:logGet(44)) - raft.grpc.server.port = 9872 (custom)
2021-12-08 16:21:16,375 [Listener at 0.0.0.0/42339] INFO  grpc.GrpcConfigKeys (ConfUtils.java:logGet(44)) - raft.grpc.server.port = 9872 (custom)
2021-12-08 16:21:16,376 [Listener at 0.0.0.0/42339] INFO  server.GrpcService (ConfUtils.java:logGet(44)) - raft.grpc.message.size.max = 33554432 (custom)
2021-12-08 16:21:16,376 [Listener at 0.0.0.0/42339] INFO  server.RaftServerConfigKeys (ConfUtils.java:logGet(44)) - raft.server.log.appender.buffer.byte-limit = 33554432 (custom)
2021-12-08 16:21:16,376 [Listener at 0.0.0.0/42339] INFO  server.GrpcService (ConfUtils.java:logGet(44)) - raft.grpc.flow.control.window = 1MB (=1048576) (default)
2021-12-08 16:21:16,376 [Listener at 0.0.0.0/42339] INFO  server.RaftServerConfigKeys (ConfUtils.java:logGet(44)) - raft.server.rpc.request.timeout = 3000ms (default)
2021-12-08 16:21:16,377 [Listener at 0.0.0.0/42339] INFO  impl.DataStreamServerImpl (ConfUtils.java:logGet(44)) - raft.datastream.type = DISABLED (default)
2021-12-08 16:21:16,377 [Listener at 0.0.0.0/42339] INFO  server.RaftServerConfigKeys (ConfUtils.java:logGet(44)) - raft.server.rpc.slowness.timeout = 120s (custom)
2021-12-08 16:21:16,377 [Listener at 0.0.0.0/42339] INFO  server.RaftServerConfigKeys (ConfUtils.java:logGet(44)) - raft.server.leaderelection.leader.step-down.wait-time = 10s (default)
2021-12-08 16:21:16,377 [Listener at 0.0.0.0/42339] INFO  server.RaftServerConfigKeys (ConfUtils.java:logGet(44)) - raft.server.storage.dir = [/home/runner/work/ozone/ozone/hadoop-ozone/integration-test/target/test-dir/MiniOzoneClusterImpl-cc1b9559-bfd4-4be1-82a5-849569d2441c/ozone-meta/ratis] (custom)
2021-12-08 16:21:16,379 [Listener at 0.0.0.0/42339] INFO  server.RaftServer (RaftServerProxy.java:addNew(95)) - om1: addNew group-C5BA1605619E:[om1|rpc:localhost:9872|priority:0] returns group-C5BA1605619E:java.util.concurrent.CompletableFuture@7eaca92e[Not completed]
2021-12-08 16:21:16,380 [Listener at 0.0.0.0/42339] INFO  om.OzoneManager (OzoneManager.java:initializeRatisServer(1770)) - OzoneManager Ratis server initialized at port 9872
2021-12-08 16:21:16,381 [Listener at 0.0.0.0/42339] INFO  ipc.CallQueueManager (CallQueueManager.java:<init>(90)) - Using callQueue: class java.util.concurrent.LinkedBlockingQueue, queueCapacity: 2000, scheduler: class org.apache.hadoop.ipc.DefaultRpcScheduler, ipcBackoff: false.
2021-12-08 16:21:16,381 [pool-470-thread-1] INFO  server.RaftServer$Division (RaftServerImpl.java:<init>(184)) - om1: new RaftServerImpl for group-C5BA1605619E:[om1|rpc:localhost:9872|priority:0] with OzoneManagerStateMachine:uninitialized
2021-12-08 16:21:16,383 [pool-470-thread-1] INFO  server.RaftServerConfigKeys (ConfUtils.java:logGet(44)) - raft.server.rpc.timeout.min = 1s (custom)
2021-12-08 16:21:16,383 [pool-470-thread-1] INFO  server.RaftServerConfigKeys (ConfUtils.java:logGet(44)) - raft.server.rpc.timeout.max = 1200ms (custom)
2021-12-08 16:21:16,383 [pool-470-thread-1] INFO  server.RaftServerConfigKeys (ConfUtils.java:logGet(44)) - raft.server.rpc.sleep.time = 25ms (default)
2021-12-08 16:21:16,383 [pool-470-thread-1] INFO  server.RaftServerConfigKeys (ConfUtils.java:logGet(44)) - raft.server.rpc.slowness.timeout = 120s (custom)
2021-12-08 16:21:16,383 [pool-470-thread-1] INFO  server.RaftServerConfigKeys (ConfUtils.java:logGet(44)) - raft.server.leaderelection.leader.step-down.wait-time = 10s (default)
2021-12-08 16:21:16,383 [pool-470-thread-1] INFO  server.RaftServerConfigKeys (ConfUtils.java:logGet(44)) - raft.server.sleep.deviation.threshold = 300ms (default)
2021-12-08 16:21:16,383 [pool-470-thread-1] INFO  server.RaftServerConfigKeys (ConfUtils.java:logGet(44)) - raft.server.log.appender.install.snapshot.enabled = false (custom)
2021-12-08 16:21:16,383 [pool-470-thread-1] INFO  server.RaftServer$Division (ServerState.java:<init>(105)) - om1@group-C5BA1605619E: ConfigurationManager, init=-1: [om1|rpc:localhost:9872|priority:0], old=null, confs=<EMPTY_MAP>
2021-12-08 16:21:16,383 [pool-470-thread-1] INFO  server.RaftServerConfigKeys (ConfUtils.java:logGet(44)) - raft.server.storage.dir = [/home/runner/work/ozone/ozone/hadoop-ozone/integration-test/target/test-dir/MiniOzoneClusterImpl-cc1b9559-bfd4-4be1-82a5-849569d2441c/ozone-meta/ratis] (custom)
2021-12-08 16:21:16,384 [pool-470-thread-1] INFO  server.RaftServerConfigKeys (ConfUtils.java:logGet(44)) - raft.server.log.corruption.policy = EXCEPTION (default)
2021-12-08 16:21:16,384 [pool-470-thread-1] INFO  server.RaftServerConfigKeys (ConfUtils.java:logGet(44)) - raft.server.storage.free-space.min = 0MB (=0) (default)
2021-12-08 16:21:16,384 [pool-470-thread-1] INFO  storage.RaftStorageDirectory (RaftStorageDirectoryImpl.java:analyzeStorage(135)) - The storage directory /home/runner/work/ozone/ozone/hadoop-ozone/integration-test/target/test-dir/MiniOzoneClusterImpl-cc1b9559-bfd4-4be1-82a5-849569d2441c/ozone-meta/ratis/bf265839-605b-3f16-9796-c5ba1605619e does not exist. Creating ...
2021-12-08 16:21:16,391 [pool-470-thread-1] INFO  storage.RaftStorageDirectory (RaftStorageDirectoryImpl.java:tryLock(230)) - Lock on /home/runner/work/ozone/ozone/hadoop-ozone/integration-test/target/test-dir/MiniOzoneClusterImpl-cc1b9559-bfd4-4be1-82a5-849569d2441c/ozone-meta/ratis/bf265839-605b-3f16-9796-c5ba1605619e/in_use.lock acquired by nodename 9760@fv-az59-681
2021-12-08 16:21:16,392 [pool-470-thread-1] INFO  storage.RaftStorage (RaftStorageImpl.java:format(89)) - Storage directory /home/runner/work/ozone/ozone/hadoop-ozone/integration-test/target/test-dir/MiniOzoneClusterImpl-cc1b9559-bfd4-4be1-82a5-849569d2441c/ozone-meta/ratis/bf265839-605b-3f16-9796-c5ba1605619e has been successfully formatted.
2021-12-08 16:21:16,392 [pool-470-thread-1] INFO  server.RaftServerConfigKeys (ConfUtils.java:logGet(44)) - raft.server.notification.no-leader.timeout = 120s (custom)
2021-12-08 16:21:16,392 [pool-470-thread-1] INFO  server.RaftServerConfigKeys (ConfUtils.java:logGet(44)) - raft.server.log.use.memory = false (default)
2021-12-08 16:21:16,392 [pool-470-thread-1] INFO  server.RaftServerConfigKeys (ConfUtils.java:logGet(44)) - raft.server.log.purge.gap = 1000000 (custom)
2021-12-08 16:21:16,392 [pool-470-thread-1] INFO  server.RaftServerConfigKeys (ConfUtils.java:logGet(44)) - raft.server.log.appender.buffer.byte-limit = 33554432 (custom)
2021-12-08 16:21:16,393 [pool-470-thread-1] INFO  server.RaftServerConfigKeys (ConfUtils.java:logGet(44)) - raft.server.log.segment.size.max = 4194304 (custom)
2021-12-08 16:21:16,393 [pool-470-thread-1] INFO  server.RaftServerConfigKeys (ConfUtils.java:logGet(44)) - raft.server.log.segment.cache.num.max = 2 (custom)
2021-12-08 16:21:16,393 [pool-470-thread-1] INFO  server.RaftServerConfigKeys (ConfUtils.java:logGet(44)) - raft.server.log.segment.cache.size.max = 200MB (=209715200) (default)
2021-12-08 16:21:16,393 [pool-470-thread-1] INFO  segmented.SegmentedRaftLogWorker (SegmentedRaftLogWorker.java:<init>(182)) - new om1@group-C5BA1605619E-SegmentedRaftLogWorker for RaftStorageImpl:Storage Directory /home/runner/work/ozone/ozone/hadoop-ozone/integration-test/target/test-dir/MiniOzoneClusterImpl-cc1b9559-bfd4-4be1-82a5-849569d2441c/ozone-meta/ratis/bf265839-605b-3f16-9796-c5ba1605619e
2021-12-08 16:21:16,393 [pool-470-thread-1] INFO  server.RaftServerConfigKeys (ConfUtils.java:logGet(44)) - raft.server.log.queue.byte-limit = 64MB (=67108864) (default)
2021-12-08 16:21:16,393 [pool-470-thread-1] INFO  server.RaftServerConfigKeys (ConfUtils.java:logGet(44)) - raft.server.log.queue.element-limit = 4096 (default)
2021-12-08 16:21:16,393 [pool-470-thread-1] INFO  server.RaftServerConfigKeys (ConfUtils.java:logGet(44)) - raft.server.log.segment.size.max = 4194304 (custom)
2021-12-08 16:21:16,393 [pool-470-thread-1] INFO  server.RaftServerConfigKeys (ConfUtils.java:logGet(44)) - raft.server.log.preallocated.size = 4194304 (custom)
2021-12-08 16:21:16,393 [pool-470-thread-1] INFO  server.RaftServerConfigKeys (ConfUtils.java:logGet(44)) - raft.server.log.force.sync.num = 128 (default)
2021-12-08 16:21:16,393 [pool-470-thread-1] INFO  server.RaftServerConfigKeys (ConfUtils.java:logGet(44)) - raft.server.log.statemachine.data.sync = true (default)
2021-12-08 16:21:16,393 [pool-470-thread-1] INFO  server.RaftServerConfigKeys (ConfUtils.java:logGet(44)) - raft.server.log.statemachine.data.sync.timeout = 10s (default)
2021-12-08 16:21:16,393 [pool-470-thread-1] INFO  server.RaftServerConfigKeys (ConfUtils.java:logGet(44)) - raft.server.log.statemachine.data.sync.timeout.retry = -1 (default)
2021-12-08 16:21:16,394 [pool-470-thread-1] INFO  server.RaftServerConfigKeys (ConfUtils.java:logGet(44)) - raft.server.log.write.buffer.size = 64KB (=65536) (default)
2021-12-08 16:21:16,394 [pool-470-thread-1] INFO  server.RaftServerConfigKeys (ConfUtils.java:logGet(44)) - raft.server.log.statemachine.data.caching.enabled = false (default)
2021-12-08 16:21:16,394 [pool-470-thread-1] INFO  segmented.SegmentedRaftLogWorker (SegmentedRaftLogWorker.java:lambda$new$0(133)) - om1@group-C5BA1605619E-SegmentedRaftLogWorker: flushIndex: setUnconditionally 0 -> -1
2021-12-08 16:21:16,394 [pool-470-thread-1] INFO  segmented.SegmentedRaftLogWorker (SegmentedRaftLogWorker.java:lambda$new$0(133)) - om1@group-C5BA1605619E-SegmentedRaftLogWorker: safeCacheEvictIndex: setUnconditionally 0 -> -1
2021-12-08 16:21:16,407 [pool-470-thread-1] INFO  server.RaftServerConfigKeys (ConfUtils.java:logGet(44)) - raft.server.snapshot.auto.trigger.enabled = true (custom)
2021-12-08 16:21:16,407 [pool-470-thread-1] INFO  server.RaftServerConfigKeys (ConfUtils.java:logGet(44)) - raft.server.snapshot.auto.trigger.threshold = 400000 (default)
2021-12-08 16:21:16,407 [pool-470-thread-1] INFO  server.RaftServerConfigKeys (ConfUtils.java:logGet(44)) - raft.server.snapshot.retention.file.num = -1 (default)
2021-12-08 16:21:16,407 [pool-470-thread-1] INFO  server.RaftServerConfigKeys (ConfUtils.java:logGet(44)) - raft.server.log.purge.upto.snapshot.index = true (custom)
2021-12-08 16:21:16,407 [pool-470-thread-1] INFO  server.RaftServerConfigKeys (ConfUtils.java:logGet(44)) - raft.server.retrycache.expirytime = 300s (custom)
2021-12-08 16:21:16,407 [pool-470-thread-1] INFO  server.RaftServerConfigKeys (ConfUtils.java:logGet(44)) - raft.server.retrycache.statistics.expirytime = 100μs (default)
2021-12-08 16:21:16,411 [Socket Reader #1 for port 0] INFO  ipc.Server (Server.java:run(1265)) - Starting Socket Reader #1 for port 0
2021-12-08 16:21:16,475 [Listener at 127.0.0.1/45609] INFO  impl.MetricsSystemImpl (MetricsSystemImpl.java:init(158)) - OzoneManager metrics system started (again)
2021-12-08 16:21:16,541 [Listener at 127.0.0.1/45609] INFO  om.OzoneManager (OzoneManager.java:start(1365)) - OzoneManager RPC server is listening at localhost/127.0.0.1:45609
2021-12-08 16:21:16,541 [Listener at 127.0.0.1/45609] INFO  ratis.OzoneManagerRatisServer (OzoneManagerRatisServer.java:start(516)) - Starting OzoneManagerRatisServer om1 at port 9872
2021-12-08 16:21:16,541 [Listener at 127.0.0.1/45609] INFO  server.RaftServer$Division (RaftServerImpl.java:start(301)) - om1@group-C5BA1605619E: start as a follower, conf=-1: [om1|rpc:localhost:9872|priority:0], old=null
2021-12-08 16:21:16,542 [Listener at 127.0.0.1/45609] INFO  server.RaftServer$Division (RaftServerImpl.java:setRole(290)) - om1@group-C5BA1605619E: changes role from      null to FOLLOWER at term 0 for startAsFollower
2021-12-08 16:21:16,542 [Listener at 127.0.0.1/45609] INFO  impl.RoleInfo (RoleInfo.java:updateAndGet(130)) - om1: start om1@group-C5BA1605619E-FollowerState
2021-12-08 16:21:16,551 [Listener at 127.0.0.1/45609] INFO  util.JmxRegister (JmxRegister.java:tryRegister(44)) - Successfully registered JMX Bean with object name Ratis:service=RaftServer,group=group-C5BA1605619E,id=om1
2021-12-08 16:21:16,554 [Listener at 127.0.0.1/45609] INFO  server.RaftServer (RaftServerProxy.java:lambda$start$5(374)) - om1: start RPC server
2021-12-08 16:21:16,561 [Listener at 127.0.0.1/45609] INFO  server.GrpcService (GrpcService.java:startImpl(253)) - om1: GrpcService started, listening on 9872
2021-12-08 16:21:16,573 [Listener at 127.0.0.1/45609] INFO  om.OzoneManager (OzoneManager.java:start(1381)) - Version File has different layout version (0) than OM DB (null). That is expected if this OM has never been finalized to a newer layout version.
2021-12-08 16:21:16,581 [Listener at 127.0.0.1/45609] INFO  http.BaseHttpServer (BaseHttpServer.java:newHttpServer2BuilderForOzone(209)) - Starting Web-server for ozoneManager at: http://0.0.0.0:0
2021-12-08 16:21:16,581 [Listener at 127.0.0.1/45609] INFO  http.BaseHttpServer (BaseHttpServer.java:<init>(107)) - Hadoop Security Enabled: false Ozone Security Enabled: false Ozone HTTP Security Enabled: false 
2021-12-08 16:21:16,582 [Listener at 127.0.0.1/45609] INFO  server.AuthenticationFilter (AuthenticationFilter.java:constructSecretProvider(240)) - Unable to initialize FileSignerSecretProvider, falling back to use random secrets.
2021-12-08 16:21:16,582 [Listener at 127.0.0.1/45609] WARN  http.HttpRequestLog (HttpRequestLog.java:getRequestLog(103)) - Jetty request log can only be enabled using Log4j
2021-12-08 16:21:16,583 [Listener at 127.0.0.1/45609] INFO  http.HttpServer2 (HttpServer2.java:addGlobalFilter(1030)) - Added global filter 'safety' (class=org.apache.hadoop.hdds.server.http.HttpServer2$QuotingInputFilter)
2021-12-08 16:21:16,583 [Listener at 127.0.0.1/45609] INFO  http.HttpServer2 (HttpServer2.java:addFilter(1006)) - Added filter static_user_filter (class=org.apache.hadoop.http.lib.StaticUserWebFilter$StaticUserFilter) to context ozoneManager
2021-12-08 16:21:16,584 [Listener at 127.0.0.1/45609] INFO  http.HttpServer2 (HttpServer2.java:addFilter(1014)) - Added filter static_user_filter (class=org.apache.hadoop.http.lib.StaticUserWebFilter$StaticUserFilter) to context static
2021-12-08 16:21:16,584 [Listener at 127.0.0.1/45609] INFO  http.HttpServer2 (HttpServer2.java:addFilter(1014)) - Added filter static_user_filter (class=org.apache.hadoop.http.lib.StaticUserWebFilter$StaticUserFilter) to context logs
2021-12-08 16:21:16,584 [Listener at 127.0.0.1/45609] INFO  http.HttpServer2 (HttpServer2.java:bindListener(1249)) - Jetty bound to port 38445
2021-12-08 16:21:16,584 [Listener at 127.0.0.1/45609] INFO  server.Server (Server.java:doStart(375)) - jetty-9.4.43.v20210629; built: 2021-06-30T11:07:22.254Z; git: 526006ecfa3af7f1a27ef3a288e2bef7ea9dd7e8; jvm 1.8.0_292-b10
2021-12-08 16:21:16,585 [Listener at 127.0.0.1/45609] INFO  server.session (DefaultSessionIdManager.java:doStart(334)) - DefaultSessionIdManager workerName=node0
2021-12-08 16:21:16,586 [Listener at 127.0.0.1/45609] INFO  server.session (DefaultSessionIdManager.java:doStart(339)) - No SessionScavenger set, using defaults
2021-12-08 16:21:16,586 [Listener at 127.0.0.1/45609] INFO  server.session (HouseKeeper.java:startScavenging(132)) - node0 Scavenging every 660000ms
2021-12-08 16:21:16,586 [Listener at 127.0.0.1/45609] INFO  handler.ContextHandler (ContextHandler.java:doStart(915)) - Started o.e.j.s.ServletContextHandler@12909d67{logs,/logs,file:///home/runner/work/ozone/ozone/hadoop-ozone/integration-test/target/log,AVAILABLE}
2021-12-08 16:21:16,587 [Listener at 127.0.0.1/45609] INFO  handler.ContextHandler (ContextHandler.java:doStart(915)) - Started o.e.j.s.ServletContextHandler@6ce32ec2{static,/static,file:///home/runner/work/ozone/ozone/hadoop-ozone/integration-test/target/test-classes/webapps/static,AVAILABLE}
2021-12-08 16:21:16,600 [org.apache.ratis.util.JvmPauseMonitor$$Lambda$523/2003369902@5cf8a5c9] INFO  util.JvmPauseMonitor (JvmPauseMonitor.java:run(103)) - JvmPauseMonitor-om1: Started
2021-12-08 16:21:16,616 [Listener at 127.0.0.1/45609] INFO  handler.ContextHandler (ContextHandler.java:doStart(915)) - Started o.e.j.w.WebAppContext@74b4a3cf{ozoneManager,/,file:///home/runner/work/ozone/ozone/hadoop-ozone/integration-test/target/test-classes/webapps/ozoneManager/,AVAILABLE}{file:/home/runner/work/ozone/ozone/hadoop-ozone/integration-test/target/test-classes/webapps/ozoneManager}
2021-12-08 16:21:16,635 [Listener at 127.0.0.1/45609] INFO  server.AbstractConnector (AbstractConnector.java:doStart(331)) - Started ServerConnector@1f07773e{HTTP/1.1, (http/1.1)}{0.0.0.0:38445}
2021-12-08 16:21:16,635 [Listener at 127.0.0.1/45609] INFO  server.Server (Server.java:doStart(415)) - Started @188840ms
2021-12-08 16:21:16,636 [Listener at 127.0.0.1/45609] WARN  impl.MetricsSystemImpl (MetricsSystemImpl.java:register(279)) - Sink prometheus already exists!
2021-12-08 16:21:16,643 [Listener at 127.0.0.1/45609] INFO  http.BaseHttpServer (BaseHttpServer.java:updateConnectorAddress(329)) - HTTP server of ozoneManager listening at http://0.0.0.0:38445
2021-12-08 16:21:16,647 [IPC Server Responder] INFO  ipc.Server (Server.java:run(1507)) - IPC Server Responder: starting
2021-12-08 16:21:16,663 [IPC Server listener on 0] INFO  ipc.Server (Server.java:run(1344)) - IPC Server listener on 0: starting
2021-12-08 16:21:16,664 [Listener at 127.0.0.1/45609] INFO  om.TrashPolicyOzone (TrashPolicyOzone.java:<init>(178)) - Ozone Manager trash configuration: Deletion interval = 0 minutes, Emptier interval = 0 minutes.
2021-12-08 16:21:16,688 [Listener at 127.0.0.1/45609] WARN  impl.MetricRegistriesImpl (MetricRegistriesImpl.java:addReporterRegistration(111)) - New reporters are added after registries were created. Some metrics will be missing from the reporter. Please add reporter before adding any new registry.
2021-12-08 16:21:16,688 [Listener at 127.0.0.1/45609] WARN  impl.MetricRegistriesImpl (MetricRegistriesImpl.java:addReporterRegistration(111)) - New reporters are added after registries were created. Some metrics will be missing from the reporter. Please add reporter before adding any new registry.
2021-12-08 16:21:16,696 [Listener at 127.0.0.1/45609] INFO  impl.MetricsSystemImpl (MetricsSystemImpl.java:init(158)) - HddsDatanode metrics system started (again)
2021-12-08 16:21:16,696 [org.apache.hadoop.util.JvmPauseMonitor$Monitor@749443e3] INFO  util.JvmPauseMonitor (JvmPauseMonitor.java:run(188)) - Starting JVM pause monitor
2021-12-08 16:21:16,728 [Listener at 127.0.0.1/45609] INFO  ozone.HddsDatanodeService (HddsDatanodeService.java:start(234)) - HddsDatanodeService host:fv-az59-681.csjynl4pkq3e1pkirw3ssqjfoh.cx.internal.cloudapp.net ip:10.1.0.47
2021-12-08 16:21:16,764 [Listener at 127.0.0.1/45609] INFO  upgrade.AbstractLayoutVersionManager (AbstractLayoutVersionManager.java:init(79)) - Initializing Layout version manager with metadata layout = SCM_HA (version = 2), software layout = SCM_HA (version = 2)
2021-12-08 16:21:16,859 [Listener at 127.0.0.1/45609] INFO  reflections.Reflections (Reflections.java:scan(232)) - Reflections took 94 ms to scan 7 urls, producing 119 keys and 279 values 
2021-12-08 16:21:16,862 [Listener at 127.0.0.1/45609] INFO  statemachine.DatanodeStateMachine (DatanodeStateMachine.java:getEndPointTaskThreadPoolSize(219)) - Datanode State Machine Task Thread Pool size 2
2021-12-08 16:21:16,885 [Listener at 127.0.0.1/45609] INFO  volume.HddsVolume (HddsVolume.java:<init>(120)) - Creating HddsVolume: /home/runner/work/ozone/ozone/hadoop-ozone/integration-test/target/test-dir/MiniOzoneClusterImpl-cc1b9559-bfd4-4be1-82a5-849569d2441c/datanode-0/data-0/containers/hdds of storage type : DISK capacity : 9223372036854775807
2021-12-08 16:21:16,886 [Listener at 127.0.0.1/45609] INFO  volume.MutableVolumeSet (MutableVolumeSet.java:initializeVolumeSet(168)) - Added Volume : /home/runner/work/ozone/ozone/hadoop-ozone/integration-test/target/test-dir/MiniOzoneClusterImpl-cc1b9559-bfd4-4be1-82a5-849569d2441c/datanode-0/data-0/containers/hdds to VolumeSet
2021-12-08 16:21:16,886 [Listener at 127.0.0.1/45609] INFO  volume.ThrottledAsyncChecker (ThrottledAsyncChecker.java:schedule(141)) - Scheduling a check for /home/runner/work/ozone/ozone/hadoop-ozone/integration-test/target/test-dir/MiniOzoneClusterImpl-cc1b9559-bfd4-4be1-82a5-849569d2441c/datanode-0/data-0/containers/hdds
2021-12-08 16:21:16,931 [Listener at 127.0.0.1/45609] INFO  volume.StorageVolumeChecker (StorageVolumeChecker.java:checkAllVolumes(202)) - Scheduled health check for volume /home/runner/work/ozone/ozone/hadoop-ozone/integration-test/target/test-dir/MiniOzoneClusterImpl-cc1b9559-bfd4-4be1-82a5-849569d2441c/datanode-0/data-0/containers/hdds
2021-12-08 16:21:16,977 [Listener at 127.0.0.1/45609] INFO  volume.MutableVolumeSet (MutableVolumeSet.java:initializeVolumeSet(168)) - Added Volume : /home/runner/work/ozone/ozone/hadoop-ozone/integration-test/target/test-dir/MiniOzoneClusterImpl-cc1b9559-bfd4-4be1-82a5-849569d2441c/datanode-0/data/ratis to VolumeSet
2021-12-08 16:21:16,977 [Listener at 127.0.0.1/45609] INFO  volume.ThrottledAsyncChecker (ThrottledAsyncChecker.java:schedule(141)) - Scheduling a check for /home/runner/work/ozone/ozone/hadoop-ozone/integration-test/target/test-dir/MiniOzoneClusterImpl-cc1b9559-bfd4-4be1-82a5-849569d2441c/datanode-0/data/ratis
2021-12-08 16:21:16,978 [Listener at 127.0.0.1/45609] INFO  volume.StorageVolumeChecker (StorageVolumeChecker.java:checkAllVolumes(202)) - Scheduled health check for volume /home/runner/work/ozone/ozone/hadoop-ozone/integration-test/target/test-dir/MiniOzoneClusterImpl-cc1b9559-bfd4-4be1-82a5-849569d2441c/datanode-0/data/ratis
2021-12-08 16:21:16,994 [Thread-1267] INFO  ozoneimpl.ContainerReader (ContainerReader.java:readVolume(172)) - Finish verifying containers on volume /home/runner/work/ozone/ozone/hadoop-ozone/integration-test/target/test-dir/MiniOzoneClusterImpl-cc1b9559-bfd4-4be1-82a5-849569d2441c/datanode-0/data-0/containers/hdds
2021-12-08 16:21:17,003 [Listener at 127.0.0.1/45609] INFO  ozoneimpl.OzoneContainer (OzoneContainer.java:buildContainerSet(236)) - Build ContainerSet costs 0s
2021-12-08 16:21:17,004 [Listener at 127.0.0.1/45609] INFO  server.RaftServer (ConfUtils.java:logGet(44)) - raft.rpc.type = GRPC (default)
2021-12-08 16:21:17,004 [Listener at 127.0.0.1/45609] INFO  grpc.GrpcFactory (GrpcFactory.java:checkPooledByteBufAllocatorUseCacheForAllThreads(48)) - PERFORMANCE WARNING: useCacheForAllThreads is true that may cause Netty to create a lot garbage objects and, as a result, trigger GC.
	It is recommended to disable useCacheForAllThreads by setting -Dorg.apache.ratis.thirdparty.io.netty.allocator.useCacheForAllThreads=false in command line.
2021-12-08 16:21:17,004 [Listener at 127.0.0.1/45609] INFO  grpc.GrpcConfigKeys (ConfUtils.java:logGet(44)) - raft.grpc.admin.port = 0 (custom)
2021-12-08 16:21:17,005 [Listener at 127.0.0.1/45609] INFO  grpc.GrpcConfigKeys (ConfUtils.java:logGet(44)) - raft.grpc.client.port = 0 (custom)
2021-12-08 16:21:17,005 [Listener at 127.0.0.1/45609] INFO  grpc.GrpcConfigKeys (ConfUtils.java:logGet(44)) - raft.grpc.server.port = 0 (default)
2021-12-08 16:21:17,005 [Listener at 127.0.0.1/45609] INFO  server.GrpcService (ConfUtils.java:logGet(44)) - raft.grpc.message.size.max = 32MB (=33554432) (custom)
2021-12-08 16:21:17,005 [Listener at 127.0.0.1/45609] INFO  server.RaftServerConfigKeys (ConfUtils.java:logGet(44)) - raft.server.log.appender.buffer.byte-limit = 33554432 (custom)
2021-12-08 16:21:17,005 [Listener at 127.0.0.1/45609] INFO  server.GrpcService (ConfUtils.java:logGet(44)) - raft.grpc.flow.control.window = 5MB (=5242880) (custom)
2021-12-08 16:21:17,005 [Listener at 127.0.0.1/45609] INFO  server.RaftServerConfigKeys (ConfUtils.java:logGet(44)) - raft.server.rpc.request.timeout = 60s (custom)
2021-12-08 16:21:17,028 [Listener at 127.0.0.1/45609] INFO  impl.DataStreamServerImpl (ConfUtils.java:logGet(44)) - raft.datastream.type = DISABLED (default)
2021-12-08 16:21:17,028 [Listener at 127.0.0.1/45609] INFO  server.RaftServerConfigKeys (ConfUtils.java:logGet(44)) - raft.server.rpc.slowness.timeout = 300s (custom)
2021-12-08 16:21:17,028 [Listener at 127.0.0.1/45609] INFO  server.RaftServerConfigKeys (ConfUtils.java:logGet(44)) - raft.server.leaderelection.leader.step-down.wait-time = 10s (default)
2021-12-08 16:21:17,028 [Listener at 127.0.0.1/45609] INFO  server.RaftServerConfigKeys (ConfUtils.java:logGet(44)) - raft.server.storage.dir = [/home/runner/work/ozone/ozone/hadoop-ozone/integration-test/target/test-dir/MiniOzoneClusterImpl-cc1b9559-bfd4-4be1-82a5-849569d2441c/datanode-0/data/ratis] (custom)
2021-12-08 16:21:17,030 [Listener at 127.0.0.1/45609] INFO  server.XceiverServerGrpc (XceiverServerGrpc.java:<init>(132)) - GrpcServer channel type EpollServerSocketChannel
2021-12-08 16:21:17,044 [Listener at 127.0.0.1/45609] INFO  http.BaseHttpServer (BaseHttpServer.java:newHttpServer2BuilderForOzone(209)) - Starting Web-server for hddsDatanode at: http://0.0.0.0:0
2021-12-08 16:21:17,044 [Listener at 127.0.0.1/45609] INFO  http.BaseHttpServer (BaseHttpServer.java:<init>(107)) - Hadoop Security Enabled: false Ozone Security Enabled: false Ozone HTTP Security Enabled: false 
2021-12-08 16:21:17,045 [Listener at 127.0.0.1/45609] INFO  server.AuthenticationFilter (AuthenticationFilter.java:constructSecretProvider(240)) - Unable to initialize FileSignerSecretProvider, falling back to use random secrets.
2021-12-08 16:21:17,053 [Listener at 127.0.0.1/45609] WARN  http.HttpRequestLog (HttpRequestLog.java:getRequestLog(103)) - Jetty request log can only be enabled using Log4j
2021-12-08 16:21:17,054 [Listener at 127.0.0.1/45609] INFO  http.HttpServer2 (HttpServer2.java:addGlobalFilter(1030)) - Added global filter 'safety' (class=org.apache.hadoop.hdds.server.http.HttpServer2$QuotingInputFilter)
2021-12-08 16:21:17,054 [Listener at 127.0.0.1/45609] INFO  http.HttpServer2 (HttpServer2.java:addFilter(1006)) - Added filter static_user_filter (class=org.apache.hadoop.http.lib.StaticUserWebFilter$StaticUserFilter) to context hddsDatanode
2021-12-08 16:21:17,054 [Listener at 127.0.0.1/45609] INFO  http.HttpServer2 (HttpServer2.java:addFilter(1014)) - Added filter static_user_filter (class=org.apache.hadoop.http.lib.StaticUserWebFilter$StaticUserFilter) to context static
2021-12-08 16:21:17,054 [Listener at 127.0.0.1/45609] INFO  http.HttpServer2 (HttpServer2.java:addFilter(1014)) - Added filter static_user_filter (class=org.apache.hadoop.http.lib.StaticUserWebFilter$StaticUserFilter) to context logs
2021-12-08 16:21:17,055 [Listener at 127.0.0.1/45609] INFO  http.HttpServer2 (HttpServer2.java:bindListener(1249)) - Jetty bound to port 36971
2021-12-08 16:21:17,055 [Listener at 127.0.0.1/45609] INFO  server.Server (Server.java:doStart(375)) - jetty-9.4.43.v20210629; built: 2021-06-30T11:07:22.254Z; git: 526006ecfa3af7f1a27ef3a288e2bef7ea9dd7e8; jvm 1.8.0_292-b10
2021-12-08 16:21:17,080 [Listener at 127.0.0.1/45609] INFO  server.session (DefaultSessionIdManager.java:doStart(334)) - DefaultSessionIdManager workerName=node0
2021-12-08 16:21:17,080 [Listener at 127.0.0.1/45609] INFO  server.session (DefaultSessionIdManager.java:doStart(339)) - No SessionScavenger set, using defaults
2021-12-08 16:21:17,081 [Listener at 127.0.0.1/45609] INFO  server.session (HouseKeeper.java:startScavenging(132)) - node0 Scavenging every 660000ms
2021-12-08 16:21:17,081 [Listener at 127.0.0.1/45609] INFO  handler.ContextHandler (ContextHandler.java:doStart(915)) - Started o.e.j.s.ServletContextHandler@69f4cf0{logs,/logs,file:///home/runner/work/ozone/ozone/hadoop-ozone/integration-test/target/log,AVAILABLE}
2021-12-08 16:21:17,082 [Listener at 127.0.0.1/45609] INFO  handler.ContextHandler (ContextHandler.java:doStart(915)) - Started o.e.j.s.ServletContextHandler@17f6db98{static,/static,jar:file:/home/runner/.m2/repository/org/apache/ozone/hdds-container-service/1.3.0-SNAPSHOT/hdds-container-service-1.3.0-SNAPSHOT.jar!/webapps/static,AVAILABLE}
2021-12-08 16:21:17,192 [Listener at 127.0.0.1/45609] INFO  handler.ContextHandler (ContextHandler.java:doStart(915)) - Started o.e.j.w.WebAppContext@3236f72a{hddsDatanode,/,file:///tmp/jetty-0_0_0_0-36971-hdds-container-service-1_3_0-SNAPSHOT_jar-_-any-6901377421503658543/webapp/,AVAILABLE}{jar:file:/home/runner/.m2/repository/org/apache/ozone/hdds-container-service/1.3.0-SNAPSHOT/hdds-container-service-1.3.0-SNAPSHOT.jar!/webapps/hddsDatanode}
2021-12-08 16:21:17,212 [Listener at 127.0.0.1/45609] INFO  server.AbstractConnector (AbstractConnector.java:doStart(331)) - Started ServerConnector@7c5f2945{HTTP/1.1, (http/1.1)}{0.0.0.0:36971}
2021-12-08 16:21:17,212 [Listener at 127.0.0.1/45609] INFO  server.Server (Server.java:doStart(415)) - Started @189417ms
2021-12-08 16:21:17,212 [Listener at 127.0.0.1/45609] WARN  impl.MetricsSystemImpl (MetricsSystemImpl.java:register(279)) - Sink prometheus already exists!
2021-12-08 16:21:17,213 [Listener at 127.0.0.1/45609] INFO  http.BaseHttpServer (BaseHttpServer.java:updateConnectorAddress(329)) - HTTP server of hddsDatanode listening at http://0.0.0.0:36971
2021-12-08 16:21:17,239 [Listener at 127.0.0.1/45609] WARN  impl.MetricRegistriesImpl (MetricRegistriesImpl.java:addReporterRegistration(111)) - New reporters are added after registries were created. Some metrics will be missing from the reporter. Please add reporter before adding any new registry.
2021-12-08 16:21:17,239 [Listener at 127.0.0.1/45609] WARN  impl.MetricRegistriesImpl (MetricRegistriesImpl.java:addReporterRegistration(111)) - New reporters are added after registries were created. Some metrics will be missing from the reporter. Please add reporter before adding any new registry.
2021-12-08 16:21:17,239 [Listener at 127.0.0.1/45609] INFO  impl.MetricsSystemImpl (MetricsSystemImpl.java:init(158)) - HddsDatanode metrics system started (again)
2021-12-08 16:21:17,259 [Datanode State Machine Daemon Thread] INFO  statemachine.DatanodeStateMachine (DatanodeStateMachine.java:lambda$startDaemon$0(467)) - Ozone container server started.
2021-12-08 16:21:17,278 [Listener at 127.0.0.1/45609] INFO  ozone.HddsDatanodeService (HddsDatanodeService.java:start(234)) - HddsDatanodeService host:fv-az59-681.csjynl4pkq3e1pkirw3ssqjfoh.cx.internal.cloudapp.net ip:10.1.0.47
2021-12-08 16:21:17,287 [org.apache.hadoop.util.JvmPauseMonitor$Monitor@26bbcca5] INFO  util.JvmPauseMonitor (JvmPauseMonitor.java:run(188)) - Starting JVM pause monitor
2021-12-08 16:21:17,295 [Datanode State Machine Task Thread - 0] INFO  datanode.InitDatanodeState (InitDatanodeState.java:persistContainerDatanodeDetails(145)) - DatanodeDetails is persisted to /home/runner/work/ozone/ozone/hadoop-ozone/integration-test/target/test-dir/MiniOzoneClusterImpl-cc1b9559-bfd4-4be1-82a5-849569d2441c/datanode-0/meta/datanode.id
2021-12-08 16:21:17,321 [Listener at 127.0.0.1/45609] INFO  upgrade.AbstractLayoutVersionManager (AbstractLayoutVersionManager.java:init(79)) - Initializing Layout version manager with metadata layout = SCM_HA (version = 2), software layout = SCM_HA (version = 2)
2021-12-08 16:21:17,405 [Listener at 127.0.0.1/45609] INFO  reflections.Reflections (Reflections.java:scan(232)) - Reflections took 80 ms to scan 7 urls, producing 119 keys and 279 values 
2021-12-08 16:21:17,406 [Listener at 127.0.0.1/45609] INFO  statemachine.DatanodeStateMachine (DatanodeStateMachine.java:getEndPointTaskThreadPoolSize(219)) - Datanode State Machine Task Thread Pool size 2
2021-12-08 16:21:17,430 [Listener at 127.0.0.1/45609] INFO  volume.HddsVolume (HddsVolume.java:<init>(120)) - Creating HddsVolume: /home/runner/work/ozone/ozone/hadoop-ozone/integration-test/target/test-dir/MiniOzoneClusterImpl-cc1b9559-bfd4-4be1-82a5-849569d2441c/datanode-1/data-0/containers/hdds of storage type : DISK capacity : 9223372036854775807
2021-12-08 16:21:17,430 [Listener at 127.0.0.1/45609] INFO  volume.MutableVolumeSet (MutableVolumeSet.java:initializeVolumeSet(168)) - Added Volume : /home/runner/work/ozone/ozone/hadoop-ozone/integration-test/target/test-dir/MiniOzoneClusterImpl-cc1b9559-bfd4-4be1-82a5-849569d2441c/datanode-1/data-0/containers/hdds to VolumeSet
2021-12-08 16:21:17,430 [Listener at 127.0.0.1/45609] INFO  volume.ThrottledAsyncChecker (ThrottledAsyncChecker.java:schedule(141)) - Scheduling a check for /home/runner/work/ozone/ozone/hadoop-ozone/integration-test/target/test-dir/MiniOzoneClusterImpl-cc1b9559-bfd4-4be1-82a5-849569d2441c/datanode-1/data-0/containers/hdds
2021-12-08 16:21:17,471 [Listener at 127.0.0.1/45609] INFO  volume.StorageVolumeChecker (StorageVolumeChecker.java:checkAllVolumes(202)) - Scheduled health check for volume /home/runner/work/ozone/ozone/hadoop-ozone/integration-test/target/test-dir/MiniOzoneClusterImpl-cc1b9559-bfd4-4be1-82a5-849569d2441c/datanode-1/data-0/containers/hdds
2021-12-08 16:21:17,512 [Listener at 127.0.0.1/45609] INFO  volume.MutableVolumeSet (MutableVolumeSet.java:initializeVolumeSet(168)) - Added Volume : /home/runner/work/ozone/ozone/hadoop-ozone/integration-test/target/test-dir/MiniOzoneClusterImpl-cc1b9559-bfd4-4be1-82a5-849569d2441c/datanode-1/data/ratis to VolumeSet
2021-12-08 16:21:17,512 [Listener at 127.0.0.1/45609] INFO  volume.ThrottledAsyncChecker (ThrottledAsyncChecker.java:schedule(141)) - Scheduling a check for /home/runner/work/ozone/ozone/hadoop-ozone/integration-test/target/test-dir/MiniOzoneClusterImpl-cc1b9559-bfd4-4be1-82a5-849569d2441c/datanode-1/data/ratis
2021-12-08 16:21:17,513 [Listener at 127.0.0.1/45609] INFO  volume.StorageVolumeChecker (StorageVolumeChecker.java:checkAllVolumes(202)) - Scheduled health check for volume /home/runner/work/ozone/ozone/hadoop-ozone/integration-test/target/test-dir/MiniOzoneClusterImpl-cc1b9559-bfd4-4be1-82a5-849569d2441c/datanode-1/data/ratis
2021-12-08 16:21:17,543 [Thread-1279] INFO  ozoneimpl.ContainerReader (ContainerReader.java:readVolume(172)) - Finish verifying containers on volume /home/runner/work/ozone/ozone/hadoop-ozone/integration-test/target/test-dir/MiniOzoneClusterImpl-cc1b9559-bfd4-4be1-82a5-849569d2441c/datanode-1/data-0/containers/hdds
2021-12-08 16:21:17,543 [Listener at 127.0.0.1/45609] INFO  ozoneimpl.OzoneContainer (OzoneContainer.java:buildContainerSet(236)) - Build ContainerSet costs 0s
2021-12-08 16:21:17,553 [Listener at 127.0.0.1/45609] INFO  server.RaftServer (ConfUtils.java:logGet(44)) - raft.rpc.type = GRPC (default)
2021-12-08 16:21:17,553 [Listener at 127.0.0.1/45609] INFO  grpc.GrpcFactory (GrpcFactory.java:checkPooledByteBufAllocatorUseCacheForAllThreads(48)) - PERFORMANCE WARNING: useCacheForAllThreads is true that may cause Netty to create a lot garbage objects and, as a result, trigger GC.
	It is recommended to disable useCacheForAllThreads by setting -Dorg.apache.ratis.thirdparty.io.netty.allocator.useCacheForAllThreads=false in command line.
2021-12-08 16:21:17,553 [Listener at 127.0.0.1/45609] INFO  grpc.GrpcConfigKeys (ConfUtils.java:logGet(44)) - raft.grpc.admin.port = 0 (custom)
2021-12-08 16:21:17,554 [Listener at 127.0.0.1/45609] INFO  grpc.GrpcConfigKeys (ConfUtils.java:logGet(44)) - raft.grpc.client.port = 0 (custom)
2021-12-08 16:21:17,554 [Listener at 127.0.0.1/45609] INFO  grpc.GrpcConfigKeys (ConfUtils.java:logGet(44)) - raft.grpc.server.port = 0 (default)
2021-12-08 16:21:17,554 [Listener at 127.0.0.1/45609] INFO  server.GrpcService (ConfUtils.java:logGet(44)) - raft.grpc.message.size.max = 32MB (=33554432) (custom)
2021-12-08 16:21:17,554 [Listener at 127.0.0.1/45609] INFO  server.RaftServerConfigKeys (ConfUtils.java:logGet(44)) - raft.server.log.appender.buffer.byte-limit = 33554432 (custom)
2021-12-08 16:21:17,554 [Listener at 127.0.0.1/45609] INFO  server.GrpcService (ConfUtils.java:logGet(44)) - raft.grpc.flow.control.window = 5MB (=5242880) (custom)
2021-12-08 16:21:17,554 [Listener at 127.0.0.1/45609] INFO  server.RaftServerConfigKeys (ConfUtils.java:logGet(44)) - raft.server.rpc.request.timeout = 60s (custom)
2021-12-08 16:21:17,560 [Listener at 127.0.0.1/45609] INFO  impl.DataStreamServerImpl (ConfUtils.java:logGet(44)) - raft.datastream.type = DISABLED (default)
2021-12-08 16:21:17,560 [Listener at 127.0.0.1/45609] INFO  server.RaftServerConfigKeys (ConfUtils.java:logGet(44)) - raft.server.rpc.slowness.timeout = 300s (custom)
2021-12-08 16:21:17,560 [Listener at 127.0.0.1/45609] INFO  server.RaftServerConfigKeys (ConfUtils.java:logGet(44)) - raft.server.leaderelection.leader.step-down.wait-time = 10s (default)
2021-12-08 16:21:17,560 [Listener at 127.0.0.1/45609] INFO  server.RaftServerConfigKeys (ConfUtils.java:logGet(44)) - raft.server.storage.dir = [/home/runner/work/ozone/ozone/hadoop-ozone/integration-test/target/test-dir/MiniOzoneClusterImpl-cc1b9559-bfd4-4be1-82a5-849569d2441c/datanode-1/data/ratis] (custom)
2021-12-08 16:21:17,562 [Listener at 127.0.0.1/45609] INFO  server.XceiverServerGrpc (XceiverServerGrpc.java:<init>(132)) - GrpcServer channel type EpollServerSocketChannel
2021-12-08 16:21:17,578 [Listener at 127.0.0.1/45609] INFO  http.BaseHttpServer (BaseHttpServer.java:newHttpServer2BuilderForOzone(209)) - Starting Web-server for hddsDatanode at: http://0.0.0.0:0
2021-12-08 16:21:17,578 [Listener at 127.0.0.1/45609] INFO  http.BaseHttpServer (BaseHttpServer.java:<init>(107)) - Hadoop Security Enabled: false Ozone Security Enabled: false Ozone HTTP Security Enabled: false 
2021-12-08 16:21:17,579 [Listener at 127.0.0.1/45609] INFO  server.AuthenticationFilter (AuthenticationFilter.java:constructSecretProvider(240)) - Unable to initialize FileSignerSecretProvider, falling back to use random secrets.
2021-12-08 16:21:17,586 [Listener at 127.0.0.1/45609] WARN  http.HttpRequestLog (HttpRequestLog.java:getRequestLog(103)) - Jetty request log can only be enabled using Log4j
2021-12-08 16:21:17,586 [Listener at 127.0.0.1/45609] INFO  http.HttpServer2 (HttpServer2.java:addGlobalFilter(1030)) - Added global filter 'safety' (class=org.apache.hadoop.hdds.server.http.HttpServer2$QuotingInputFilter)
2021-12-08 16:21:17,587 [Listener at 127.0.0.1/45609] INFO  http.HttpServer2 (HttpServer2.java:addFilter(1006)) - Added filter static_user_filter (class=org.apache.hadoop.http.lib.StaticUserWebFilter$StaticUserFilter) to context hddsDatanode
2021-12-08 16:21:17,587 [Listener at 127.0.0.1/45609] INFO  http.HttpServer2 (HttpServer2.java:addFilter(1014)) - Added filter static_user_filter (class=org.apache.hadoop.http.lib.StaticUserWebFilter$StaticUserFilter) to context static
2021-12-08 16:21:17,587 [Listener at 127.0.0.1/45609] INFO  http.HttpServer2 (HttpServer2.java:addFilter(1014)) - Added filter static_user_filter (class=org.apache.hadoop.http.lib.StaticUserWebFilter$StaticUserFilter) to context logs
2021-12-08 16:21:17,587 [Listener at 127.0.0.1/45609] INFO  http.HttpServer2 (HttpServer2.java:bindListener(1249)) - Jetty bound to port 35617
2021-12-08 16:21:17,588 [Listener at 127.0.0.1/45609] INFO  server.Server (Server.java:doStart(375)) - jetty-9.4.43.v20210629; built: 2021-06-30T11:07:22.254Z; git: 526006ecfa3af7f1a27ef3a288e2bef7ea9dd7e8; jvm 1.8.0_292-b10
2021-12-08 16:21:17,589 [Listener at 127.0.0.1/45609] INFO  server.session (DefaultSessionIdManager.java:doStart(334)) - DefaultSessionIdManager workerName=node0
2021-12-08 16:21:17,589 [Listener at 127.0.0.1/45609] INFO  server.session (DefaultSessionIdManager.java:doStart(339)) - No SessionScavenger set, using defaults
2021-12-08 16:21:17,589 [Listener at 127.0.0.1/45609] INFO  server.session (HouseKeeper.java:startScavenging(132)) - node0 Scavenging every 600000ms
2021-12-08 16:21:17,590 [Listener at 127.0.0.1/45609] INFO  handler.ContextHandler (ContextHandler.java:doStart(915)) - Started o.e.j.s.ServletContextHandler@2bb4b203{logs,/logs,file:///home/runner/work/ozone/ozone/hadoop-ozone/integration-test/target/log,AVAILABLE}
2021-12-08 16:21:17,590 [Listener at 127.0.0.1/45609] INFO  handler.ContextHandler (ContextHandler.java:doStart(915)) - Started o.e.j.s.ServletContextHandler@28d6d970{static,/static,jar:file:/home/runner/.m2/repository/org/apache/ozone/hdds-container-service/1.3.0-SNAPSHOT/hdds-container-service-1.3.0-SNAPSHOT.jar!/webapps/static,AVAILABLE}
2021-12-08 16:21:17,602 [om1@group-C5BA1605619E-FollowerState] INFO  impl.FollowerState (FollowerState.java:run(134)) - om1@group-C5BA1605619E-FollowerState: change to CANDIDATE, lastRpcElapsedTime:1060364563ns, electionTimeout:1048ms
2021-12-08 16:21:17,602 [om1@group-C5BA1605619E-FollowerState] INFO  impl.RoleInfo (RoleInfo.java:shutdownFollowerState(108)) - om1: shutdown om1@group-C5BA1605619E-FollowerState
2021-12-08 16:21:17,602 [om1@group-C5BA1605619E-FollowerState] INFO  server.RaftServer$Division (RaftServerImpl.java:setRole(290)) - om1@group-C5BA1605619E: changes role from  FOLLOWER to CANDIDATE at term 0 for changeToCandidate
2021-12-08 16:21:17,602 [om1@group-C5BA1605619E-FollowerState] INFO  server.RaftServerConfigKeys (ConfUtils.java:logGet(44)) - raft.server.leaderelection.pre-vote = false (custom)
2021-12-08 16:21:17,602 [om1@group-C5BA1605619E-FollowerState] INFO  impl.RoleInfo (RoleInfo.java:updateAndGet(130)) - om1: start om1@group-C5BA1605619E-LeaderElection51
2021-12-08 16:21:17,620 [om1@group-C5BA1605619E-LeaderElection51] INFO  impl.LeaderElection (LeaderElection.java:askForVotes(306)) - om1@group-C5BA1605619E-LeaderElection51 ELECTION round 0: submit vote requests at term 1 for -1: [om1|rpc:localhost:9872|priority:0], old=null
2021-12-08 16:21:17,620 [om1@group-C5BA1605619E-LeaderElection51] INFO  impl.LeaderElection (LeaderElection.java:askForVotes(308)) - om1@group-C5BA1605619E-LeaderElection51 ELECTION round 0: result PASSED (term=1)
2021-12-08 16:21:17,620 [om1@group-C5BA1605619E-LeaderElection51] INFO  impl.RoleInfo (RoleInfo.java:shutdownLeaderElection(121)) - om1: shutdown om1@group-C5BA1605619E-LeaderElection51
2021-12-08 16:21:17,621 [om1@group-C5BA1605619E-LeaderElection51] INFO  server.RaftServer$Division (RaftServerImpl.java:setRole(290)) - om1@group-C5BA1605619E: changes role from CANDIDATE to LEADER at term 1 for changeToLeader
2021-12-08 16:21:17,621 [om1@group-C5BA1605619E-LeaderElection51] INFO  server.RaftServer$Division (ServerState.java:setLeader(285)) - om1@group-C5BA1605619E: change Leader from null to om1 at term 1 for becomeLeader, leader elected after 1228ms
2021-12-08 16:21:17,621 [om1@group-C5BA1605619E-LeaderElection51] INFO  server.RaftServerConfigKeys (ConfUtils.java:logGet(44)) - raft.server.staging.catchup.gap = 1000 (default)
2021-12-08 16:21:17,621 [om1@group-C5BA1605619E-LeaderElection51] INFO  server.RaftServerConfigKeys (ConfUtils.java:logGet(44)) - raft.server.write.element-limit = 4096 (default)
2021-12-08 16:21:17,621 [om1@group-C5BA1605619E-LeaderElection51] INFO  server.RaftServerConfigKeys (ConfUtils.java:logGet(44)) - raft.server.write.byte-limit = 64MB (=67108864) (default)
2021-12-08 16:21:17,621 [om1@group-C5BA1605619E-LeaderElection51] INFO  server.RaftServerConfigKeys (ConfUtils.java:logGet(44)) - raft.server.watch.timeout = 10s (default)
2021-12-08 16:21:17,621 [om1@group-C5BA1605619E-LeaderElection51] INFO  server.RaftServerConfigKeys (ConfUtils.java:logGet(44)) - raft.server.watch.timeout.denomination = 1s (default)
2021-12-08 16:21:17,621 [om1@group-C5BA1605619E-LeaderElection51] INFO  server.RaftServerConfigKeys (ConfUtils.java:logGet(44)) - raft.server.watch.element-limit = 65536 (default)
2021-12-08 16:21:17,621 [om1@group-C5BA1605619E-LeaderElection51] INFO  server.RaftServerConfigKeys (ConfUtils.java:logGet(44)) - raft.server.write.element-limit = 4096 (default)
2021-12-08 16:21:17,621 [om1@group-C5BA1605619E-LeaderElection51] INFO  server.RaftServerConfigKeys (ConfUtils.java:logGet(44)) - raft.server.write.follower.gap.ratio.max = -1.0 (default)
2021-12-08 16:21:17,621 [om1@group-C5BA1605619E-LeaderElection51] INFO  impl.RoleInfo (RoleInfo.java:updateAndGet(130)) - om1: start om1@group-C5BA1605619E-LeaderStateImpl
2021-12-08 16:21:17,621 [om1@group-C5BA1605619E-LeaderElection51] INFO  segmented.SegmentedRaftLogWorker (SegmentedRaftLogWorker.java:startLogSegment(394)) - om1@group-C5BA1605619E-SegmentedRaftLogWorker: Starting segment from index:0
2021-12-08 16:21:17,639 [om1@group-C5BA1605619E-SegmentedRaftLogWorker] INFO  segmented.SegmentedRaftLogWorker (SegmentedRaftLogWorker.java:execute(601)) - om1@group-C5BA1605619E-SegmentedRaftLogWorker: created new log segment /home/runner/work/ozone/ozone/hadoop-ozone/integration-test/target/test-dir/MiniOzoneClusterImpl-cc1b9559-bfd4-4be1-82a5-849569d2441c/ozone-meta/ratis/bf265839-605b-3f16-9796-c5ba1605619e/current/log_inprogress_0
2021-12-08 16:21:17,640 [om1@group-C5BA1605619E-LeaderElection51] INFO  server.RaftServer$Division (ServerState.java:setRaftConf(387)) - om1@group-C5BA1605619E: set configuration 0: [om1|rpc:localhost:9872|admin:|client:|dataStream:|priority:0], old=null
2021-12-08 16:21:17,660 [om1@group-C5BA1605619E-StateMachineUpdater] INFO  ratis.OzoneManagerStateMachine (OzoneManagerStateMachine.java:notifyConfigurationChanged(188)) - Received Configuration change notification from Ratis. New Peer list:
[id: "om1"
address: "localhost:9872"
]
2021-12-08 16:21:17,715 [Listener at 127.0.0.1/45609] INFO  handler.ContextHandler (ContextHandler.java:doStart(915)) - Started o.e.j.w.WebAppContext@635b5740{hddsDatanode,/,file:///tmp/jetty-0_0_0_0-35617-hdds-container-service-1_3_0-SNAPSHOT_jar-_-any-7580802119623843076/webapp/,AVAILABLE}{jar:file:/home/runner/.m2/repository/org/apache/ozone/hdds-container-service/1.3.0-SNAPSHOT/hdds-container-service-1.3.0-SNAPSHOT.jar!/webapps/hddsDatanode}
2021-12-08 16:21:17,753 [Listener at 127.0.0.1/45609] INFO  server.AbstractConnector (AbstractConnector.java:doStart(331)) - Started ServerConnector@6d5f9907{HTTP/1.1, (http/1.1)}{0.0.0.0:35617}
2021-12-08 16:21:17,753 [Listener at 127.0.0.1/45609] INFO  server.Server (Server.java:doStart(415)) - Started @189957ms
2021-12-08 16:21:17,753 [Listener at 127.0.0.1/45609] WARN  impl.MetricsSystemImpl (MetricsSystemImpl.java:register(279)) - Sink prometheus already exists!
2021-12-08 16:21:17,755 [Listener at 127.0.0.1/45609] INFO  http.BaseHttpServer (BaseHttpServer.java:updateConnectorAddress(329)) - HTTP server of hddsDatanode listening at http://0.0.0.0:35617
2021-12-08 16:21:17,755 [Listener at 127.0.0.1/45609] WARN  impl.MetricRegistriesImpl (MetricRegistriesImpl.java:addReporterRegistration(111)) - New reporters are added after registries were created. Some metrics will be missing from the reporter. Please add reporter before adding any new registry.
2021-12-08 16:21:17,755 [Listener at 127.0.0.1/45609] WARN  impl.MetricRegistriesImpl (MetricRegistriesImpl.java:addReporterRegistration(111)) - New reporters are added after registries were created. Some metrics will be missing from the reporter. Please add reporter before adding any new registry.
2021-12-08 16:21:17,755 [Listener at 127.0.0.1/45609] INFO  impl.MetricsSystemImpl (MetricsSystemImpl.java:init(158)) - HddsDatanode metrics system started (again)
2021-12-08 16:21:17,767 [Datanode State Machine Daemon Thread] INFO  statemachine.DatanodeStateMachine (DatanodeStateMachine.java:lambda$startDaemon$0(467)) - Ozone container server started.
2021-12-08 16:21:17,843 [org.apache.hadoop.util.JvmPauseMonitor$Monitor@4cedd538] INFO  util.JvmPauseMonitor (JvmPauseMonitor.java:run(188)) - Starting JVM pause monitor
2021-12-08 16:21:17,846 [Listener at 127.0.0.1/45609] INFO  ozone.HddsDatanodeService (HddsDatanodeService.java:start(234)) - HddsDatanodeService host:fv-az59-681.csjynl4pkq3e1pkirw3ssqjfoh.cx.internal.cloudapp.net ip:10.1.0.47
2021-12-08 16:21:17,883 [Datanode State Machine Task Thread - 0] INFO  datanode.InitDatanodeState (InitDatanodeState.java:persistContainerDatanodeDetails(145)) - DatanodeDetails is persisted to /home/runner/work/ozone/ozone/hadoop-ozone/integration-test/target/test-dir/MiniOzoneClusterImpl-cc1b9559-bfd4-4be1-82a5-849569d2441c/datanode-1/meta/datanode.id
2021-12-08 16:21:17,885 [Listener at 127.0.0.1/45609] INFO  upgrade.AbstractLayoutVersionManager (AbstractLayoutVersionManager.java:init(79)) - Initializing Layout version manager with metadata layout = SCM_HA (version = 2), software layout = SCM_HA (version = 2)
2021-12-08 16:21:17,996 [Listener at 127.0.0.1/45609] INFO  reflections.Reflections (Reflections.java:scan(232)) - Reflections took 110 ms to scan 7 urls, producing 119 keys and 279 values 
2021-12-08 16:21:17,998 [Listener at 127.0.0.1/45609] INFO  statemachine.DatanodeStateMachine (DatanodeStateMachine.java:getEndPointTaskThreadPoolSize(219)) - Datanode State Machine Task Thread Pool size 2
2021-12-08 16:21:17,999 [Listener at 127.0.0.1/45609] INFO  volume.HddsVolume (HddsVolume.java:<init>(120)) - Creating HddsVolume: /home/runner/work/ozone/ozone/hadoop-ozone/integration-test/target/test-dir/MiniOzoneClusterImpl-cc1b9559-bfd4-4be1-82a5-849569d2441c/datanode-2/data-0/containers/hdds of storage type : DISK capacity : 9223372036854775807
2021-12-08 16:21:17,999 [Listener at 127.0.0.1/45609] INFO  volume.MutableVolumeSet (MutableVolumeSet.java:initializeVolumeSet(168)) - Added Volume : /home/runner/work/ozone/ozone/hadoop-ozone/integration-test/target/test-dir/MiniOzoneClusterImpl-cc1b9559-bfd4-4be1-82a5-849569d2441c/datanode-2/data-0/containers/hdds to VolumeSet
2021-12-08 16:21:17,999 [Listener at 127.0.0.1/45609] INFO  volume.ThrottledAsyncChecker (ThrottledAsyncChecker.java:schedule(141)) - Scheduling a check for /home/runner/work/ozone/ozone/hadoop-ozone/integration-test/target/test-dir/MiniOzoneClusterImpl-cc1b9559-bfd4-4be1-82a5-849569d2441c/datanode-2/data-0/containers/hdds
2021-12-08 16:21:18,001 [Listener at 127.0.0.1/45609] INFO  volume.StorageVolumeChecker (StorageVolumeChecker.java:checkAllVolumes(202)) - Scheduled health check for volume /home/runner/work/ozone/ozone/hadoop-ozone/integration-test/target/test-dir/MiniOzoneClusterImpl-cc1b9559-bfd4-4be1-82a5-849569d2441c/datanode-2/data-0/containers/hdds
2021-12-08 16:21:18,017 [Listener at 127.0.0.1/45609] INFO  volume.MutableVolumeSet (MutableVolumeSet.java:initializeVolumeSet(168)) - Added Volume : /home/runner/work/ozone/ozone/hadoop-ozone/integration-test/target/test-dir/MiniOzoneClusterImpl-cc1b9559-bfd4-4be1-82a5-849569d2441c/datanode-2/data/ratis to VolumeSet
2021-12-08 16:21:18,017 [Listener at 127.0.0.1/45609] INFO  volume.ThrottledAsyncChecker (ThrottledAsyncChecker.java:schedule(141)) - Scheduling a check for /home/runner/work/ozone/ozone/hadoop-ozone/integration-test/target/test-dir/MiniOzoneClusterImpl-cc1b9559-bfd4-4be1-82a5-849569d2441c/datanode-2/data/ratis
2021-12-08 16:21:18,017 [Listener at 127.0.0.1/45609] INFO  volume.StorageVolumeChecker (StorageVolumeChecker.java:checkAllVolumes(202)) - Scheduled health check for volume /home/runner/work/ozone/ozone/hadoop-ozone/integration-test/target/test-dir/MiniOzoneClusterImpl-cc1b9559-bfd4-4be1-82a5-849569d2441c/datanode-2/data/ratis
2021-12-08 16:21:18,049 [Thread-1293] INFO  ozoneimpl.ContainerReader (ContainerReader.java:readVolume(172)) - Finish verifying containers on volume /home/runner/work/ozone/ozone/hadoop-ozone/integration-test/target/test-dir/MiniOzoneClusterImpl-cc1b9559-bfd4-4be1-82a5-849569d2441c/datanode-2/data-0/containers/hdds
2021-12-08 16:21:18,049 [Listener at 127.0.0.1/45609] INFO  ozoneimpl.OzoneContainer (OzoneContainer.java:buildContainerSet(236)) - Build ContainerSet costs 0s
2021-12-08 16:21:18,051 [Listener at 127.0.0.1/45609] INFO  server.RaftServer (ConfUtils.java:logGet(44)) - raft.rpc.type = GRPC (default)
2021-12-08 16:21:18,051 [Listener at 127.0.0.1/45609] INFO  grpc.GrpcFactory (GrpcFactory.java:checkPooledByteBufAllocatorUseCacheForAllThreads(48)) - PERFORMANCE WARNING: useCacheForAllThreads is true that may cause Netty to create a lot garbage objects and, as a result, trigger GC.
	It is recommended to disable useCacheForAllThreads by setting -Dorg.apache.ratis.thirdparty.io.netty.allocator.useCacheForAllThreads=false in command line.
2021-12-08 16:21:18,051 [Listener at 127.0.0.1/45609] INFO  grpc.GrpcConfigKeys (ConfUtils.java:logGet(44)) - raft.grpc.admin.port = 0 (custom)
2021-12-08 16:21:18,051 [Listener at 127.0.0.1/45609] INFO  grpc.GrpcConfigKeys (ConfUtils.java:logGet(44)) - raft.grpc.client.port = 0 (custom)
2021-12-08 16:21:18,051 [Listener at 127.0.0.1/45609] INFO  grpc.GrpcConfigKeys (ConfUtils.java:logGet(44)) - raft.grpc.server.port = 0 (default)
2021-12-08 16:21:18,052 [Listener at 127.0.0.1/45609] INFO  server.GrpcService (ConfUtils.java:logGet(44)) - raft.grpc.message.size.max = 32MB (=33554432) (custom)
2021-12-08 16:21:18,052 [Listener at 127.0.0.1/45609] INFO  server.RaftServerConfigKeys (ConfUtils.java:logGet(44)) - raft.server.log.appender.buffer.byte-limit = 33554432 (custom)
2021-12-08 16:21:18,052 [Listener at 127.0.0.1/45609] INFO  server.GrpcService (ConfUtils.java:logGet(44)) - raft.grpc.flow.control.window = 5MB (=5242880) (custom)
2021-12-08 16:21:18,052 [Listener at 127.0.0.1/45609] INFO  server.RaftServerConfigKeys (ConfUtils.java:logGet(44)) - raft.server.rpc.request.timeout = 60s (custom)
2021-12-08 16:21:18,053 [Listener at 127.0.0.1/45609] INFO  impl.DataStreamServerImpl (ConfUtils.java:logGet(44)) - raft.datastream.type = DISABLED (default)
2021-12-08 16:21:18,053 [Listener at 127.0.0.1/45609] INFO  server.RaftServerConfigKeys (ConfUtils.java:logGet(44)) - raft.server.rpc.slowness.timeout = 300s (custom)
2021-12-08 16:21:18,053 [Listener at 127.0.0.1/45609] INFO  server.RaftServerConfigKeys (ConfUtils.java:logGet(44)) - raft.server.leaderelection.leader.step-down.wait-time = 10s (default)
2021-12-08 16:21:18,053 [Listener at 127.0.0.1/45609] INFO  server.RaftServerConfigKeys (ConfUtils.java:logGet(44)) - raft.server.storage.dir = [/home/runner/work/ozone/ozone/hadoop-ozone/integration-test/target/test-dir/MiniOzoneClusterImpl-cc1b9559-bfd4-4be1-82a5-849569d2441c/datanode-2/data/ratis] (custom)
2021-12-08 16:21:18,054 [Listener at 127.0.0.1/45609] INFO  server.XceiverServerGrpc (XceiverServerGrpc.java:<init>(132)) - GrpcServer channel type EpollServerSocketChannel
2021-12-08 16:21:18,060 [Listener at 127.0.0.1/45609] INFO  http.BaseHttpServer (BaseHttpServer.java:newHttpServer2BuilderForOzone(209)) - Starting Web-server for hddsDatanode at: http://0.0.0.0:0
2021-12-08 16:21:18,060 [Listener at 127.0.0.1/45609] INFO  http.BaseHttpServer (BaseHttpServer.java:<init>(107)) - Hadoop Security Enabled: false Ozone Security Enabled: false Ozone HTTP Security Enabled: false 
2021-12-08 16:21:18,062 [Listener at 127.0.0.1/45609] INFO  server.AuthenticationFilter (AuthenticationFilter.java:constructSecretProvider(240)) - Unable to initialize FileSignerSecretProvider, falling back to use random secrets.
2021-12-08 16:21:18,087 [Listener at 127.0.0.1/45609] WARN  http.HttpRequestLog (HttpRequestLog.java:getRequestLog(103)) - Jetty request log can only be enabled using Log4j
2021-12-08 16:21:18,088 [Listener at 127.0.0.1/45609] INFO  http.HttpServer2 (HttpServer2.java:addGlobalFilter(1030)) - Added global filter 'safety' (class=org.apache.hadoop.hdds.server.http.HttpServer2$QuotingInputFilter)
2021-12-08 16:21:18,098 [Listener at 127.0.0.1/45609] INFO  http.HttpServer2 (HttpServer2.java:addFilter(1006)) - Added filter static_user_filter (class=org.apache.hadoop.http.lib.StaticUserWebFilter$StaticUserFilter) to context hddsDatanode
2021-12-08 16:21:18,098 [Listener at 127.0.0.1/45609] INFO  http.HttpServer2 (HttpServer2.java:addFilter(1014)) - Added filter static_user_filter (class=org.apache.hadoop.http.lib.StaticUserWebFilter$StaticUserFilter) to context static
2021-12-08 16:21:18,098 [Listener at 127.0.0.1/45609] INFO  http.HttpServer2 (HttpServer2.java:addFilter(1014)) - Added filter static_user_filter (class=org.apache.hadoop.http.lib.StaticUserWebFilter$StaticUserFilter) to context logs
2021-12-08 16:21:18,098 [Listener at 127.0.0.1/45609] INFO  http.HttpServer2 (HttpServer2.java:bindListener(1249)) - Jetty bound to port 37751
2021-12-08 16:21:18,098 [Listener at 127.0.0.1/45609] INFO  server.Server (Server.java:doStart(375)) - jetty-9.4.43.v20210629; built: 2021-06-30T11:07:22.254Z; git: 526006ecfa3af7f1a27ef3a288e2bef7ea9dd7e8; jvm 1.8.0_292-b10
2021-12-08 16:21:18,116 [Listener at 127.0.0.1/45609] INFO  server.session (DefaultSessionIdManager.java:doStart(334)) - DefaultSessionIdManager workerName=node0
2021-12-08 16:21:18,116 [Listener at 127.0.0.1/45609] INFO  server.session (DefaultSessionIdManager.java:doStart(339)) - No SessionScavenger set, using defaults
2021-12-08 16:21:18,116 [Listener at 127.0.0.1/45609] INFO  server.session (HouseKeeper.java:startScavenging(132)) - node0 Scavenging every 660000ms
2021-12-08 16:21:18,117 [Listener at 127.0.0.1/45609] INFO  handler.ContextHandler (ContextHandler.java:doStart(915)) - Started o.e.j.s.ServletContextHandler@4135d15d{logs,/logs,file:///home/runner/work/ozone/ozone/hadoop-ozone/integration-test/target/log,AVAILABLE}
2021-12-08 16:21:18,117 [Listener at 127.0.0.1/45609] INFO  handler.ContextHandler (ContextHandler.java:doStart(915)) - Started o.e.j.s.ServletContextHandler@6a50fc81{static,/static,jar:file:/home/runner/.m2/repository/org/apache/ozone/hdds-container-service/1.3.0-SNAPSHOT/hdds-container-service-1.3.0-SNAPSHOT.jar!/webapps/static,AVAILABLE}
2021-12-08 16:21:18,204 [Listener at 127.0.0.1/45609] INFO  handler.ContextHandler (ContextHandler.java:doStart(915)) - Started o.e.j.w.WebAppContext@27180b96{hddsDatanode,/,file:///tmp/jetty-0_0_0_0-37751-hdds-container-service-1_3_0-SNAPSHOT_jar-_-any-4287482391273183587/webapp/,AVAILABLE}{jar:file:/home/runner/.m2/repository/org/apache/ozone/hdds-container-service/1.3.0-SNAPSHOT/hdds-container-service-1.3.0-SNAPSHOT.jar!/webapps/hddsDatanode}
2021-12-08 16:21:18,213 [Listener at 127.0.0.1/45609] INFO  server.AbstractConnector (AbstractConnector.java:doStart(331)) - Started ServerConnector@36f51f69{HTTP/1.1, (http/1.1)}{0.0.0.0:37751}
2021-12-08 16:21:18,213 [Listener at 127.0.0.1/45609] INFO  server.Server (Server.java:doStart(415)) - Started @190417ms
2021-12-08 16:21:18,213 [Listener at 127.0.0.1/45609] WARN  impl.MetricsSystemImpl (MetricsSystemImpl.java:register(279)) - Sink prometheus already exists!
2021-12-08 16:21:18,219 [Listener at 127.0.0.1/45609] INFO  http.BaseHttpServer (BaseHttpServer.java:updateConnectorAddress(329)) - HTTP server of hddsDatanode listening at http://0.0.0.0:37751
2021-12-08 16:21:18,219 [Listener at 127.0.0.1/45609] INFO  ozone.MiniOzoneClusterImpl (MiniOzoneClusterImpl.java:lambda$waitForClusterToBeReady$0(235)) - Waiting for nodes to be ready. Got 0 of 3 DN Heartbeats.
2021-12-08 16:21:18,219 [Listener at 127.0.0.1/45609] INFO  ozone.MiniOzoneClusterImpl (MiniOzoneClusterImpl.java:lambda$waitForClusterToBeReady$0(238)) - Waiting for cluster to exit safe mode
2021-12-08 16:21:18,219 [Listener at 127.0.0.1/45609] INFO  ozone.MiniOzoneClusterImpl (MiniOzoneClusterImpl.java:lambda$waitForClusterToBeReady$0(240)) - SCM became leader
2021-12-08 16:21:18,220 [Datanode State Machine Daemon Thread] INFO  statemachine.DatanodeStateMachine (DatanodeStateMachine.java:lambda$startDaemon$0(467)) - Ozone container server started.
2021-12-08 16:21:18,283 [org.apache.hadoop.util.JvmPauseMonitor$Monitor@589346e9] INFO  util.JvmPauseMonitor (JvmPauseMonitor.java:run(188)) - Starting JVM pause monitor
2021-12-08 16:21:18,287 [Datanode State Machine Task Thread - 0] INFO  datanode.InitDatanodeState (InitDatanodeState.java:persistContainerDatanodeDetails(145)) - DatanodeDetails is persisted to /home/runner/work/ozone/ozone/hadoop-ozone/integration-test/target/test-dir/MiniOzoneClusterImpl-cc1b9559-bfd4-4be1-82a5-849569d2441c/datanode-2/meta/datanode.id
2021-12-08 16:21:19,220 [Listener at 127.0.0.1/45609] INFO  ozone.MiniOzoneClusterImpl (MiniOzoneClusterImpl.java:lambda$waitForClusterToBeReady$0(235)) - Waiting for nodes to be ready. Got 0 of 3 DN Heartbeats.
2021-12-08 16:21:19,220 [Listener at 127.0.0.1/45609] INFO  ozone.MiniOzoneClusterImpl (MiniOzoneClusterImpl.java:lambda$waitForClusterToBeReady$0(238)) - Waiting for cluster to exit safe mode
2021-12-08 16:21:19,220 [Listener at 127.0.0.1/45609] INFO  ozone.MiniOzoneClusterImpl (MiniOzoneClusterImpl.java:lambda$waitForClusterToBeReady$0(240)) - SCM became leader
2021-12-08 16:21:19,380 [EndpointStateMachine task thread for /0.0.0.0:41053 - 0 ] INFO  ozoneimpl.OzoneContainer (OzoneContainer.java:start(304)) - Attempting to start container services.
2021-12-08 16:21:19,380 [EndpointStateMachine task thread for /0.0.0.0:41053 - 0 ] INFO  ozoneimpl.OzoneContainer (OzoneContainer.java:startContainerScrub(249)) - Background container scanner has been disabled.
2021-12-08 16:21:19,380 [EndpointStateMachine task thread for /0.0.0.0:41053 - 0 ] INFO  replication.ReplicationServer (ReplicationServer.java:start(107)) - ReplicationServer is started using port 45753
2021-12-08 16:21:19,383 [EndpointStateMachine task thread for /0.0.0.0:41053 - 0 ] INFO  ratis.XceiverServerRatis (XceiverServerRatis.java:start(484)) - Starting XceiverServerRatis 6776850b-34cd-43e9-bf63-cfd53769401e
2021-12-08 16:21:19,384 [EndpointStateMachine task thread for /0.0.0.0:41053 - 0 ] INFO  server.RaftServer (RaftServerProxy.java:lambda$start$5(374)) - 6776850b-34cd-43e9-bf63-cfd53769401e: start RPC server
2021-12-08 16:21:19,399 [EndpointStateMachine task thread for /0.0.0.0:41053 - 0 ] INFO  server.GrpcService (GrpcService.java:startImpl(253)) - 6776850b-34cd-43e9-bf63-cfd53769401e: GrpcService started, listening on 36301
2021-12-08 16:21:19,419 [EndpointStateMachine task thread for /0.0.0.0:41053 - 0 ] INFO  ratis.XceiverServerRatis (XceiverServerRatis.java:getRealPort(505)) - XceiverServerRatis 6776850b-34cd-43e9-bf63-cfd53769401e is started using port 36301 for RATIS
2021-12-08 16:21:19,419 [EndpointStateMachine task thread for /0.0.0.0:41053 - 0 ] INFO  ratis.XceiverServerRatis (XceiverServerRatis.java:getRealPort(505)) - XceiverServerRatis 6776850b-34cd-43e9-bf63-cfd53769401e is started using port 36301 for RATIS_ADMIN
2021-12-08 16:21:19,419 [EndpointStateMachine task thread for /0.0.0.0:41053 - 0 ] INFO  ratis.XceiverServerRatis (XceiverServerRatis.java:getRealPort(505)) - XceiverServerRatis 6776850b-34cd-43e9-bf63-cfd53769401e is started using port 36301 for RATIS_SERVER
2021-12-08 16:21:19,419 [org.apache.ratis.util.JvmPauseMonitor$$Lambda$523/2003369902@ed3111e] INFO  util.JvmPauseMonitor (JvmPauseMonitor.java:run(103)) - JvmPauseMonitor-6776850b-34cd-43e9-bf63-cfd53769401e: Started
2021-12-08 16:21:19,427 [EndpointStateMachine task thread for /0.0.0.0:41053 - 0 ] INFO  server.XceiverServerGrpc (XceiverServerGrpc.java:start(180)) - XceiverServerGrpc 6776850b-34cd-43e9-bf63-cfd53769401e is started using port 39417
2021-12-08 16:21:19,865 [EndpointStateMachine task thread for /0.0.0.0:41053 - 0 ] INFO  ozoneimpl.OzoneContainer (OzoneContainer.java:start(304)) - Attempting to start container services.
2021-12-08 16:21:19,865 [EndpointStateMachine task thread for /0.0.0.0:41053 - 0 ] INFO  ozoneimpl.OzoneContainer (OzoneContainer.java:startContainerScrub(249)) - Background container scanner has been disabled.
2021-12-08 16:21:19,866 [EndpointStateMachine task thread for /0.0.0.0:41053 - 0 ] INFO  replication.ReplicationServer (ReplicationServer.java:start(107)) - ReplicationServer is started using port 38025
2021-12-08 16:21:19,879 [EndpointStateMachine task thread for /0.0.0.0:41053 - 0 ] INFO  ratis.XceiverServerRatis (XceiverServerRatis.java:start(484)) - Starting XceiverServerRatis 41e2ec05-dc5a-40b5-a7e9-bf8cbfcf53f9
2021-12-08 16:21:19,883 [EndpointStateMachine task thread for /0.0.0.0:41053 - 0 ] INFO  server.RaftServer (RaftServerProxy.java:lambda$start$5(374)) - 41e2ec05-dc5a-40b5-a7e9-bf8cbfcf53f9: start RPC server
2021-12-08 16:21:19,883 [EndpointStateMachine task thread for /0.0.0.0:41053 - 0 ] INFO  server.GrpcService (GrpcService.java:startImpl(253)) - 41e2ec05-dc5a-40b5-a7e9-bf8cbfcf53f9: GrpcService started, listening on 43527
2021-12-08 16:21:19,884 [EndpointStateMachine task thread for /0.0.0.0:41053 - 0 ] INFO  ratis.XceiverServerRatis (XceiverServerRatis.java:getRealPort(505)) - XceiverServerRatis 41e2ec05-dc5a-40b5-a7e9-bf8cbfcf53f9 is started using port 43527 for RATIS
2021-12-08 16:21:19,884 [EndpointStateMachine task thread for /0.0.0.0:41053 - 0 ] INFO  ratis.XceiverServerRatis (XceiverServerRatis.java:getRealPort(505)) - XceiverServerRatis 41e2ec05-dc5a-40b5-a7e9-bf8cbfcf53f9 is started using port 43527 for RATIS_ADMIN
2021-12-08 16:21:19,884 [EndpointStateMachine task thread for /0.0.0.0:41053 - 0 ] INFO  ratis.XceiverServerRatis (XceiverServerRatis.java:getRealPort(505)) - XceiverServerRatis 41e2ec05-dc5a-40b5-a7e9-bf8cbfcf53f9 is started using port 43527 for RATIS_SERVER
2021-12-08 16:21:19,884 [org.apache.ratis.util.JvmPauseMonitor$$Lambda$523/2003369902@5f65ec2f] INFO  util.JvmPauseMonitor (JvmPauseMonitor.java:run(103)) - JvmPauseMonitor-41e2ec05-dc5a-40b5-a7e9-bf8cbfcf53f9: Started
2021-12-08 16:21:19,906 [EndpointStateMachine task thread for /0.0.0.0:41053 - 0 ] INFO  server.XceiverServerGrpc (XceiverServerGrpc.java:start(180)) - XceiverServerGrpc 41e2ec05-dc5a-40b5-a7e9-bf8cbfcf53f9 is started using port 38505
2021-12-08 16:21:20,220 [Listener at 127.0.0.1/45609] INFO  ozone.MiniOzoneClusterImpl (MiniOzoneClusterImpl.java:lambda$waitForClusterToBeReady$0(235)) - Waiting for nodes to be ready. Got 0 of 3 DN Heartbeats.
2021-12-08 16:21:20,220 [Listener at 127.0.0.1/45609] INFO  ozone.MiniOzoneClusterImpl (MiniOzoneClusterImpl.java:lambda$waitForClusterToBeReady$0(238)) - Waiting for cluster to exit safe mode
2021-12-08 16:21:20,221 [Listener at 127.0.0.1/45609] INFO  ozone.MiniOzoneClusterImpl (MiniOzoneClusterImpl.java:lambda$waitForClusterToBeReady$0(240)) - SCM became leader
2021-12-08 16:21:20,299 [EndpointStateMachine task thread for /0.0.0.0:41053 - 0 ] INFO  ozoneimpl.OzoneContainer (OzoneContainer.java:start(304)) - Attempting to start container services.
2021-12-08 16:21:20,299 [EndpointStateMachine task thread for /0.0.0.0:41053 - 0 ] INFO  ozoneimpl.OzoneContainer (OzoneContainer.java:startContainerScrub(249)) - Background container scanner has been disabled.
2021-12-08 16:21:20,301 [EndpointStateMachine task thread for /0.0.0.0:41053 - 0 ] INFO  replication.ReplicationServer (ReplicationServer.java:start(107)) - ReplicationServer is started using port 43395
2021-12-08 16:21:20,302 [EndpointStateMachine task thread for /0.0.0.0:41053 - 0 ] INFO  ratis.XceiverServerRatis (XceiverServerRatis.java:start(484)) - Starting XceiverServerRatis aade3cc6-3956-4ee6-b179-fa53d32d09ed
2021-12-08 16:21:20,359 [EndpointStateMachine task thread for /0.0.0.0:41053 - 0 ] INFO  server.RaftServer (RaftServerProxy.java:lambda$start$5(374)) - aade3cc6-3956-4ee6-b179-fa53d32d09ed: start RPC server
2021-12-08 16:21:20,359 [EndpointStateMachine task thread for /0.0.0.0:41053 - 0 ] INFO  server.GrpcService (GrpcService.java:startImpl(253)) - aade3cc6-3956-4ee6-b179-fa53d32d09ed: GrpcService started, listening on 46851
2021-12-08 16:21:20,366 [EndpointStateMachine task thread for /0.0.0.0:41053 - 0 ] INFO  ratis.XceiverServerRatis (XceiverServerRatis.java:getRealPort(505)) - XceiverServerRatis aade3cc6-3956-4ee6-b179-fa53d32d09ed is started using port 46851 for RATIS
2021-12-08 16:21:20,366 [EndpointStateMachine task thread for /0.0.0.0:41053 - 0 ] INFO  ratis.XceiverServerRatis (XceiverServerRatis.java:getRealPort(505)) - XceiverServerRatis aade3cc6-3956-4ee6-b179-fa53d32d09ed is started using port 46851 for RATIS_ADMIN
2021-12-08 16:21:20,366 [EndpointStateMachine task thread for /0.0.0.0:41053 - 0 ] INFO  ratis.XceiverServerRatis (XceiverServerRatis.java:getRealPort(505)) - XceiverServerRatis aade3cc6-3956-4ee6-b179-fa53d32d09ed is started using port 46851 for RATIS_SERVER
2021-12-08 16:21:20,369 [org.apache.ratis.util.JvmPauseMonitor$$Lambda$523/2003369902@22f2e5a3] INFO  util.JvmPauseMonitor (JvmPauseMonitor.java:run(103)) - JvmPauseMonitor-aade3cc6-3956-4ee6-b179-fa53d32d09ed: Started
2021-12-08 16:21:20,374 [EndpointStateMachine task thread for /0.0.0.0:41053 - 0 ] INFO  server.XceiverServerGrpc (XceiverServerGrpc.java:start(180)) - XceiverServerGrpc aade3cc6-3956-4ee6-b179-fa53d32d09ed is started using port 39137
2021-12-08 16:21:21,223 [Listener at 127.0.0.1/45609] INFO  ozone.MiniOzoneClusterImpl (MiniOzoneClusterImpl.java:lambda$waitForClusterToBeReady$0(235)) - Waiting for nodes to be ready. Got 0 of 3 DN Heartbeats.
2021-12-08 16:21:21,223 [Listener at 127.0.0.1/45609] INFO  ozone.MiniOzoneClusterImpl (MiniOzoneClusterImpl.java:lambda$waitForClusterToBeReady$0(238)) - Waiting for cluster to exit safe mode
2021-12-08 16:21:21,223 [Listener at 127.0.0.1/45609] INFO  ozone.MiniOzoneClusterImpl (MiniOzoneClusterImpl.java:lambda$waitForClusterToBeReady$0(240)) - SCM became leader
2021-12-08 16:21:21,294 [IPC Server handler 2 on default port 41053] INFO  net.NetworkTopologyImpl (NetworkTopologyImpl.java:add(112)) - Added a new node: /default-rack/6776850b-34cd-43e9-bf63-cfd53769401e
2021-12-08 16:21:21,294 [IPC Server handler 2 on default port 41053] INFO  node.SCMNodeManager (SCMNodeManager.java:register(389)) - Registered Data node : 6776850b-34cd-43e9-bf63-cfd53769401e{ip: 10.1.0.47, host: fv-az59-681.csjynl4pkq3e1pkirw3ssqjfoh.cx.internal.cloudapp.net, ports: [REPLICATION=45753, RATIS=36301, RATIS_ADMIN=36301, RATIS_SERVER=36301, STANDALONE=39417], networkLocation: /default-rack, certSerialId: null, persistedOpState: null, persistedOpStateExpiryEpochSec: 0}
2021-12-08 16:21:21,306 [EventQueue-NodeRegistrationContainerReportForContainerSafeModeRule] INFO  safemode.SCMSafeModeManager (SCMSafeModeManager.java:validateSafeModeExitRules(204)) - ContainerSafeModeRule rule is successfully validated
2021-12-08 16:21:21,306 [EventQueue-NodeRegistrationContainerReportForDataNodeSafeModeRule] INFO  safemode.SCMSafeModeManager (DataNodeSafeModeRule.java:process(71)) - SCM in safe mode. 1 DataNodes registered, 3 required.
2021-12-08 16:21:21,314 [EventQueue-NewNodeForNewNodeHandler] INFO  pipeline.BackgroundPipelineCreator (BackgroundPipelineCreator.java:notifyEventTriggered(285)) - trigger a one-shot run on RatisPipelineUtilsThread.
2021-12-08 16:21:21,314 [EventQueue-PipelineReportForOneReplicaPipelineSafeModeRule] INFO  safemode.SCMSafeModeManager (SCMSafeModeManager.java:validateSafeModeExitRules(204)) - AtleastOneDatanodeReportedRule rule is successfully validated
2021-12-08 16:21:21,314 [RatisPipelineUtilsThread - 0] INFO  pipeline.RatisPipelineProvider (RatisPipelineProvider.java:lambda$create$0(183)) - Sending CreatePipelineCommand for pipeline:PipelineID=2257d9b3-c0c1-4970-a5dd-f38156ab3543 to datanode:6776850b-34cd-43e9-bf63-cfd53769401e
2021-12-08 16:21:21,323 [RatisPipelineUtilsThread - 0] INFO  pipeline.PipelineStateManagerImpl (PipelineStateManagerImpl.java:addPipeline(101)) - Created pipeline Pipeline[ Id: 2257d9b3-c0c1-4970-a5dd-f38156ab3543, Nodes: 6776850b-34cd-43e9-bf63-cfd53769401e{ip: 10.1.0.47, host: fv-az59-681.csjynl4pkq3e1pkirw3ssqjfoh.cx.internal.cloudapp.net, ports: [REPLICATION=45753, RATIS=36301, RATIS_ADMIN=36301, RATIS_SERVER=36301, STANDALONE=39417], networkLocation: /default-rack, certSerialId: null, persistedOpState: IN_SERVICE, persistedOpStateExpiryEpochSec: 0}, ReplicationConfig: RATIS/ONE, State:ALLOCATED, leaderId:, CreationTimestamp2021-12-08T16:21:21.314Z[Etc/UTC]].
2021-12-08 16:21:21,848 [IPC Server handler 0 on default port 41053] INFO  net.NetworkTopologyImpl (NetworkTopologyImpl.java:add(112)) - Added a new node: /default-rack/41e2ec05-dc5a-40b5-a7e9-bf8cbfcf53f9
2021-12-08 16:21:21,849 [IPC Server handler 0 on default port 41053] INFO  node.SCMNodeManager (SCMNodeManager.java:register(389)) - Registered Data node : 41e2ec05-dc5a-40b5-a7e9-bf8cbfcf53f9{ip: 10.1.0.47, host: fv-az59-681.csjynl4pkq3e1pkirw3ssqjfoh.cx.internal.cloudapp.net, ports: [REPLICATION=38025, RATIS=43527, RATIS_ADMIN=43527, RATIS_SERVER=43527, STANDALONE=38505], networkLocation: /default-rack, certSerialId: null, persistedOpState: null, persistedOpStateExpiryEpochSec: 0}
2021-12-08 16:21:21,849 [EventQueue-NewNodeForNewNodeHandler] INFO  pipeline.BackgroundPipelineCreator (BackgroundPipelineCreator.java:notifyEventTriggered(285)) - trigger a one-shot run on RatisPipelineUtilsThread.
2021-12-08 16:21:21,855 [EventQueue-NodeRegistrationContainerReportForDataNodeSafeModeRule] INFO  safemode.SCMSafeModeManager (DataNodeSafeModeRule.java:process(71)) - SCM in safe mode. 2 DataNodes registered, 3 required.
2021-12-08 16:21:21,858 [RatisPipelineUtilsThread - 0] INFO  pipeline.RatisPipelineProvider (RatisPipelineProvider.java:lambda$create$0(183)) - Sending CreatePipelineCommand for pipeline:PipelineID=19784f27-05de-4aeb-8510-30ca66f13897 to datanode:41e2ec05-dc5a-40b5-a7e9-bf8cbfcf53f9
2021-12-08 16:21:21,859 [RatisPipelineUtilsThread - 0] INFO  pipeline.PipelineStateManagerImpl (PipelineStateManagerImpl.java:addPipeline(101)) - Created pipeline Pipeline[ Id: 19784f27-05de-4aeb-8510-30ca66f13897, Nodes: 41e2ec05-dc5a-40b5-a7e9-bf8cbfcf53f9{ip: 10.1.0.47, host: fv-az59-681.csjynl4pkq3e1pkirw3ssqjfoh.cx.internal.cloudapp.net, ports: [REPLICATION=38025, RATIS=43527, RATIS_ADMIN=43527, RATIS_SERVER=43527, STANDALONE=38505], networkLocation: /default-rack, certSerialId: null, persistedOpState: IN_SERVICE, persistedOpStateExpiryEpochSec: 0}, ReplicationConfig: RATIS/ONE, State:ALLOCATED, leaderId:, CreationTimestamp2021-12-08T16:21:21.858Z[Etc/UTC]].
2021-12-08 16:21:22,223 [Listener at 127.0.0.1/45609] INFO  ozone.MiniOzoneClusterImpl (MiniOzoneClusterImpl.java:lambda$waitForClusterToBeReady$0(235)) - Waiting for nodes to be ready. Got 2 of 3 DN Heartbeats.
2021-12-08 16:21:22,224 [Listener at 127.0.0.1/45609] INFO  ozone.MiniOzoneClusterImpl (MiniOzoneClusterImpl.java:lambda$waitForClusterToBeReady$0(238)) - Waiting for cluster to exit safe mode
2021-12-08 16:21:22,224 [Listener at 127.0.0.1/45609] INFO  ozone.MiniOzoneClusterImpl (MiniOzoneClusterImpl.java:lambda$waitForClusterToBeReady$0(240)) - SCM became leader
2021-12-08 16:21:22,256 [IPC Server handler 1 on default port 41053] INFO  net.NetworkTopologyImpl (NetworkTopologyImpl.java:add(112)) - Added a new node: /default-rack/aade3cc6-3956-4ee6-b179-fa53d32d09ed
2021-12-08 16:21:22,256 [IPC Server handler 1 on default port 41053] INFO  node.SCMNodeManager (SCMNodeManager.java:register(389)) - Registered Data node : aade3cc6-3956-4ee6-b179-fa53d32d09ed{ip: 10.1.0.47, host: fv-az59-681.csjynl4pkq3e1pkirw3ssqjfoh.cx.internal.cloudapp.net, ports: [REPLICATION=43395, RATIS=46851, RATIS_ADMIN=46851, RATIS_SERVER=46851, STANDALONE=39137], networkLocation: /default-rack, certSerialId: null, persistedOpState: null, persistedOpStateExpiryEpochSec: 0}
2021-12-08 16:21:22,256 [EventQueue-NewNodeForNewNodeHandler] INFO  pipeline.BackgroundPipelineCreator (BackgroundPipelineCreator.java:notifyEventTriggered(285)) - trigger a one-shot run on RatisPipelineUtilsThread.
2021-12-08 16:21:22,260 [EventQueue-NodeRegistrationContainerReportForDataNodeSafeModeRule] INFO  safemode.SCMSafeModeManager (DataNodeSafeModeRule.java:process(71)) - SCM in safe mode. 3 DataNodes registered, 3 required.
2021-12-08 16:21:22,260 [EventQueue-NodeRegistrationContainerReportForDataNodeSafeModeRule] INFO  safemode.SCMSafeModeManager (SCMSafeModeManager.java:validateSafeModeExitRules(204)) - DataNodeSafeModeRule rule is successfully validated
2021-12-08 16:21:22,260 [EventQueue-NodeRegistrationContainerReportForDataNodeSafeModeRule] INFO  safemode.SCMSafeModeManager (SCMSafeModeManager.java:completePreCheck(233)) - All SCM safe mode pre check rules have passed
2021-12-08 16:21:22,260 [EventQueue-NodeRegistrationContainerReportForDataNodeSafeModeRule] WARN  events.EventQueue (EventQueue.java:fireEvent(194)) - No event handler registered for event TypedEvent{payloadType=SafeModeStatus, name='Safe mode status'}
2021-12-08 16:21:22,260 [EventQueue-NodeRegistrationContainerReportForDataNodeSafeModeRule] INFO  ha.SCMContext (SCMContext.java:updateSafeModeStatus(211)) - Update SafeModeStatus from SafeModeStatus{safeModeStatus=true, preCheckPassed=false} to SafeModeStatus{safeModeStatus=true, preCheckPassed=true}.
2021-12-08 16:21:22,260 [EventQueue-NodeRegistrationContainerReportForDataNodeSafeModeRule] INFO  pipeline.BackgroundPipelineCreator (BackgroundPipelineCreator.java:notifyEventTriggered(285)) - trigger a one-shot run on RatisPipelineUtilsThread.
2021-12-08 16:21:22,261 [RatisPipelineUtilsThread - 0] INFO  pipeline.RatisPipelineProvider (RatisPipelineProvider.java:lambda$create$0(183)) - Sending CreatePipelineCommand for pipeline:PipelineID=eeea4004-8849-41e0-b282-f96465653175 to datanode:aade3cc6-3956-4ee6-b179-fa53d32d09ed
2021-12-08 16:21:22,261 [RatisPipelineUtilsThread - 0] INFO  pipeline.PipelineStateManagerImpl (PipelineStateManagerImpl.java:addPipeline(101)) - Created pipeline Pipeline[ Id: eeea4004-8849-41e0-b282-f96465653175, Nodes: aade3cc6-3956-4ee6-b179-fa53d32d09ed{ip: 10.1.0.47, host: fv-az59-681.csjynl4pkq3e1pkirw3ssqjfoh.cx.internal.cloudapp.net, ports: [REPLICATION=43395, RATIS=46851, RATIS_ADMIN=46851, RATIS_SERVER=46851, STANDALONE=39137], networkLocation: /default-rack, certSerialId: null, persistedOpState: IN_SERVICE, persistedOpStateExpiryEpochSec: 0}, ReplicationConfig: RATIS/ONE, State:ALLOCATED, leaderId:, CreationTimestamp2021-12-08T16:21:22.261Z[Etc/UTC]].
2021-12-08 16:21:22,261 [RatisPipelineUtilsThread - 0] INFO  pipeline.RatisPipelineProvider (RatisPipelineProvider.java:lambda$create$0(183)) - Sending CreatePipelineCommand for pipeline:PipelineID=4c632989-2b46-45ec-a670-f9c456c264fd to datanode:41e2ec05-dc5a-40b5-a7e9-bf8cbfcf53f9
2021-12-08 16:21:22,261 [RatisPipelineUtilsThread - 0] INFO  pipeline.RatisPipelineProvider (RatisPipelineProvider.java:lambda$create$0(183)) - Sending CreatePipelineCommand for pipeline:PipelineID=4c632989-2b46-45ec-a670-f9c456c264fd to datanode:aade3cc6-3956-4ee6-b179-fa53d32d09ed
2021-12-08 16:21:22,261 [RatisPipelineUtilsThread - 0] INFO  pipeline.RatisPipelineProvider (RatisPipelineProvider.java:lambda$create$0(183)) - Sending CreatePipelineCommand for pipeline:PipelineID=4c632989-2b46-45ec-a670-f9c456c264fd to datanode:6776850b-34cd-43e9-bf63-cfd53769401e
2021-12-08 16:21:22,262 [RatisPipelineUtilsThread - 0] INFO  pipeline.PipelineStateManagerImpl (PipelineStateManagerImpl.java:addPipeline(101)) - Created pipeline Pipeline[ Id: 4c632989-2b46-45ec-a670-f9c456c264fd, Nodes: 41e2ec05-dc5a-40b5-a7e9-bf8cbfcf53f9{ip: 10.1.0.47, host: fv-az59-681.csjynl4pkq3e1pkirw3ssqjfoh.cx.internal.cloudapp.net, ports: [REPLICATION=38025, RATIS=43527, RATIS_ADMIN=43527, RATIS_SERVER=43527, STANDALONE=38505], networkLocation: /default-rack, certSerialId: null, persistedOpState: IN_SERVICE, persistedOpStateExpiryEpochSec: 0}aade3cc6-3956-4ee6-b179-fa53d32d09ed{ip: 10.1.0.47, host: fv-az59-681.csjynl4pkq3e1pkirw3ssqjfoh.cx.internal.cloudapp.net, ports: [REPLICATION=43395, RATIS=46851, RATIS_ADMIN=46851, RATIS_SERVER=46851, STANDALONE=39137], networkLocation: /default-rack, certSerialId: null, persistedOpState: IN_SERVICE, persistedOpStateExpiryEpochSec: 0}6776850b-34cd-43e9-bf63-cfd53769401e{ip: 10.1.0.47, host: fv-az59-681.csjynl4pkq3e1pkirw3ssqjfoh.cx.internal.cloudapp.net, ports: [REPLICATION=45753, RATIS=36301, RATIS_ADMIN=36301, RATIS_SERVER=36301, STANDALONE=39417], networkLocation: /default-rack, certSerialId: null, persistedOpState: IN_SERVICE, persistedOpStateExpiryEpochSec: 0}, ReplicationConfig: RATIS/THREE, State:ALLOCATED, leaderId:, CreationTimestamp2021-12-08T16:21:22.261Z[Etc/UTC]].
2021-12-08 16:21:22,262 [RatisPipelineUtilsThread - 0] INFO  pipeline.RatisPipelineProvider (RatisPipelineProvider.java:lambda$create$0(183)) - Sending CreatePipelineCommand for pipeline:PipelineID=066f44f4-fd35-44e4-808a-b350b0b50d88 to datanode:41e2ec05-dc5a-40b5-a7e9-bf8cbfcf53f9
2021-12-08 16:21:22,262 [RatisPipelineUtilsThread - 0] INFO  pipeline.RatisPipelineProvider (RatisPipelineProvider.java:lambda$create$0(183)) - Sending CreatePipelineCommand for pipeline:PipelineID=066f44f4-fd35-44e4-808a-b350b0b50d88 to datanode:6776850b-34cd-43e9-bf63-cfd53769401e
2021-12-08 16:21:22,262 [RatisPipelineUtilsThread - 0] INFO  pipeline.RatisPipelineProvider (RatisPipelineProvider.java:lambda$create$0(183)) - Sending CreatePipelineCommand for pipeline:PipelineID=066f44f4-fd35-44e4-808a-b350b0b50d88 to datanode:aade3cc6-3956-4ee6-b179-fa53d32d09ed
2021-12-08 16:21:22,262 [RatisPipelineUtilsThread - 0] INFO  pipeline.PipelineStateManagerImpl (PipelineStateManagerImpl.java:addPipeline(101)) - Created pipeline Pipeline[ Id: 066f44f4-fd35-44e4-808a-b350b0b50d88, Nodes: 41e2ec05-dc5a-40b5-a7e9-bf8cbfcf53f9{ip: 10.1.0.47, host: fv-az59-681.csjynl4pkq3e1pkirw3ssqjfoh.cx.internal.cloudapp.net, ports: [REPLICATION=38025, RATIS=43527, RATIS_ADMIN=43527, RATIS_SERVER=43527, STANDALONE=38505], networkLocation: /default-rack, certSerialId: null, persistedOpState: IN_SERVICE, persistedOpStateExpiryEpochSec: 0}6776850b-34cd-43e9-bf63-cfd53769401e{ip: 10.1.0.47, host: fv-az59-681.csjynl4pkq3e1pkirw3ssqjfoh.cx.internal.cloudapp.net, ports: [REPLICATION=45753, RATIS=36301, RATIS_ADMIN=36301, RATIS_SERVER=36301, STANDALONE=39417], networkLocation: /default-rack, certSerialId: null, persistedOpState: IN_SERVICE, persistedOpStateExpiryEpochSec: 0}aade3cc6-3956-4ee6-b179-fa53d32d09ed{ip: 10.1.0.47, host: fv-az59-681.csjynl4pkq3e1pkirw3ssqjfoh.cx.internal.cloudapp.net, ports: [REPLICATION=43395, RATIS=46851, RATIS_ADMIN=46851, RATIS_SERVER=46851, STANDALONE=39137], networkLocation: /default-rack, certSerialId: null, persistedOpState: IN_SERVICE, persistedOpStateExpiryEpochSec: 0}, ReplicationConfig: RATIS/THREE, State:ALLOCATED, leaderId:, CreationTimestamp2021-12-08T16:21:22.262Z[Etc/UTC]].
2021-12-08 16:21:22,262 [RatisPipelineUtilsThread - 0] INFO  pipeline.PipelineManagerImpl (PipelineManagerImpl.java:recordMetricsForPipeline(639)) - Pipeline: PipelineID=066f44f4-fd35-44e4-808a-b350b0b50d88 contains same datanodes as previous pipelines: PipelineID=4c632989-2b46-45ec-a670-f9c456c264fd nodeIds: 41e2ec05-dc5a-40b5-a7e9-bf8cbfcf53f9, 6776850b-34cd-43e9-bf63-cfd53769401e, aade3cc6-3956-4ee6-b179-fa53d32d09ed
2021-12-08 16:21:23,226 [Listener at 127.0.0.1/45609] INFO  ozone.MiniOzoneClusterImpl (MiniOzoneClusterImpl.java:lambda$waitForClusterToBeReady$0(235)) - Nodes are ready. Got 3 of 3 DN Heartbeats.
2021-12-08 16:21:23,226 [Listener at 127.0.0.1/45609] INFO  ozone.MiniOzoneClusterImpl (MiniOzoneClusterImpl.java:lambda$waitForClusterToBeReady$0(238)) - Waiting for cluster to exit safe mode
2021-12-08 16:21:23,226 [Listener at 127.0.0.1/45609] INFO  ozone.MiniOzoneClusterImpl (MiniOzoneClusterImpl.java:lambda$waitForClusterToBeReady$0(240)) - SCM became leader
2021-12-08 16:21:24,231 [Listener at 127.0.0.1/45609] INFO  ozone.MiniOzoneClusterImpl (MiniOzoneClusterImpl.java:lambda$waitForClusterToBeReady$0(235)) - Nodes are ready. Got 3 of 3 DN Heartbeats.
2021-12-08 16:21:24,231 [Listener at 127.0.0.1/45609] INFO  ozone.MiniOzoneClusterImpl (MiniOzoneClusterImpl.java:lambda$waitForClusterToBeReady$0(238)) - Waiting for cluster to exit safe mode
2021-12-08 16:21:24,231 [Listener at 127.0.0.1/45609] INFO  ozone.MiniOzoneClusterImpl (MiniOzoneClusterImpl.java:lambda$waitForClusterToBeReady$0(240)) - SCM became leader
2021-12-08 16:21:24,295 [Command processor thread] INFO  server.RaftServer (RaftServerProxy.java:addNew(95)) - 6776850b-34cd-43e9-bf63-cfd53769401e: addNew group-F38156AB3543:[6776850b-34cd-43e9-bf63-cfd53769401e|rpc:10.1.0.47:36301|priority:1] returns group-F38156AB3543:java.util.concurrent.CompletableFuture@56012f8[Not completed]
2021-12-08 16:21:24,296 [pool-485-thread-1] INFO  server.RaftServer$Division (RaftServerImpl.java:<init>(184)) - 6776850b-34cd-43e9-bf63-cfd53769401e: new RaftServerImpl for group-F38156AB3543:[6776850b-34cd-43e9-bf63-cfd53769401e|rpc:10.1.0.47:36301|priority:1] with ContainerStateMachine:uninitialized
2021-12-08 16:21:24,297 [pool-485-thread-1] INFO  server.RaftServerConfigKeys (ConfUtils.java:logGet(44)) - raft.server.rpc.timeout.min = 5s (custom)
2021-12-08 16:21:24,297 [pool-485-thread-1] INFO  server.RaftServerConfigKeys (ConfUtils.java:logGet(44)) - raft.server.rpc.timeout.max = 5200ms (custom)
2021-12-08 16:21:24,297 [pool-485-thread-1] INFO  server.RaftServerConfigKeys (ConfUtils.java:logGet(44)) - raft.server.rpc.sleep.time = 25ms (default)
2021-12-08 16:21:24,297 [pool-485-thread-1] INFO  server.RaftServerConfigKeys (ConfUtils.java:logGet(44)) - raft.server.rpc.slowness.timeout = 300s (custom)
2021-12-08 16:21:24,297 [pool-485-thread-1] INFO  server.RaftServerConfigKeys (ConfUtils.java:logGet(44)) - raft.server.leaderelection.leader.step-down.wait-time = 10s (default)
2021-12-08 16:21:24,297 [pool-485-thread-1] INFO  server.RaftServerConfigKeys (ConfUtils.java:logGet(44)) - raft.server.sleep.deviation.threshold = 300ms (default)
2021-12-08 16:21:24,297 [pool-485-thread-1] INFO  server.RaftServerConfigKeys (ConfUtils.java:logGet(44)) - raft.server.log.appender.install.snapshot.enabled = false (custom)
2021-12-08 16:21:24,297 [pool-485-thread-1] INFO  server.RaftServer$Division (ServerState.java:<init>(105)) - 6776850b-34cd-43e9-bf63-cfd53769401e@group-F38156AB3543: ConfigurationManager, init=-1: [6776850b-34cd-43e9-bf63-cfd53769401e|rpc:10.1.0.47:36301|priority:1], old=null, confs=<EMPTY_MAP>
2021-12-08 16:21:24,297 [pool-485-thread-1] INFO  server.RaftServerConfigKeys (ConfUtils.java:logGet(44)) - raft.server.storage.dir = [/home/runner/work/ozone/ozone/hadoop-ozone/integration-test/target/test-dir/MiniOzoneClusterImpl-cc1b9559-bfd4-4be1-82a5-849569d2441c/datanode-0/data/ratis] (custom)
2021-12-08 16:21:24,297 [pool-485-thread-1] INFO  server.RaftServerConfigKeys (ConfUtils.java:logGet(44)) - raft.server.log.corruption.policy = EXCEPTION (default)
2021-12-08 16:21:24,298 [pool-485-thread-1] INFO  server.RaftServerConfigKeys (ConfUtils.java:logGet(44)) - raft.server.storage.free-space.min = 0MB (=0) (default)
2021-12-08 16:21:24,298 [pool-485-thread-1] INFO  storage.RaftStorageDirectory (RaftStorageDirectoryImpl.java:analyzeStorage(135)) - The storage directory /home/runner/work/ozone/ozone/hadoop-ozone/integration-test/target/test-dir/MiniOzoneClusterImpl-cc1b9559-bfd4-4be1-82a5-849569d2441c/datanode-0/data/ratis/2257d9b3-c0c1-4970-a5dd-f38156ab3543 does not exist. Creating ...
2021-12-08 16:21:24,318 [pool-485-thread-1] INFO  storage.RaftStorageDirectory (RaftStorageDirectoryImpl.java:tryLock(230)) - Lock on /home/runner/work/ozone/ozone/hadoop-ozone/integration-test/target/test-dir/MiniOzoneClusterImpl-cc1b9559-bfd4-4be1-82a5-849569d2441c/datanode-0/data/ratis/2257d9b3-c0c1-4970-a5dd-f38156ab3543/in_use.lock acquired by nodename 9760@fv-az59-681
2021-12-08 16:21:24,323 [pool-485-thread-1] INFO  storage.RaftStorage (RaftStorageImpl.java:format(89)) - Storage directory /home/runner/work/ozone/ozone/hadoop-ozone/integration-test/target/test-dir/MiniOzoneClusterImpl-cc1b9559-bfd4-4be1-82a5-849569d2441c/datanode-0/data/ratis/2257d9b3-c0c1-4970-a5dd-f38156ab3543 has been successfully formatted.
2021-12-08 16:21:24,337 [pool-485-thread-1] INFO  ratis.ContainerStateMachine (ContainerStateMachine.java:loadSnapshot(231)) - group-F38156AB3543: The snapshot info is null. Setting the last applied indexto:(t:0, i:~)
2021-12-08 16:21:24,337 [pool-485-thread-1] INFO  server.RaftServerConfigKeys (ConfUtils.java:logGet(44)) - raft.server.notification.no-leader.timeout = 300s (custom)
2021-12-08 16:21:24,337 [pool-485-thread-1] INFO  server.RaftServerConfigKeys (ConfUtils.java:logGet(44)) - raft.server.log.use.memory = false (default)
2021-12-08 16:21:24,338 [pool-485-thread-1] INFO  server.RaftServerConfigKeys (ConfUtils.java:logGet(44)) - raft.server.log.purge.gap = 1000000 (custom)
2021-12-08 16:21:24,338 [pool-485-thread-1] INFO  server.RaftServerConfigKeys (ConfUtils.java:logGet(44)) - raft.server.log.appender.buffer.byte-limit = 33554432 (custom)
2021-12-08 16:21:24,338 [pool-485-thread-1] INFO  server.RaftServerConfigKeys (ConfUtils.java:logGet(44)) - raft.server.log.segment.size.max = 1048576 (custom)
2021-12-08 16:21:24,338 [pool-485-thread-1] INFO  server.RaftServerConfigKeys (ConfUtils.java:logGet(44)) - raft.server.log.segment.cache.num.max = 2 (custom)
2021-12-08 16:21:24,338 [pool-485-thread-1] INFO  server.RaftServerConfigKeys (ConfUtils.java:logGet(44)) - raft.server.log.segment.cache.size.max = 200MB (=209715200) (default)
2021-12-08 16:21:24,338 [pool-485-thread-1] INFO  segmented.SegmentedRaftLogWorker (SegmentedRaftLogWorker.java:<init>(182)) - new 6776850b-34cd-43e9-bf63-cfd53769401e@group-F38156AB3543-SegmentedRaftLogWorker for RaftStorageImpl:Storage Directory /home/runner/work/ozone/ozone/hadoop-ozone/integration-test/target/test-dir/MiniOzoneClusterImpl-cc1b9559-bfd4-4be1-82a5-849569d2441c/datanode-0/data/ratis/2257d9b3-c0c1-4970-a5dd-f38156ab3543
2021-12-08 16:21:24,338 [pool-485-thread-1] INFO  server.RaftServerConfigKeys (ConfUtils.java:logGet(44)) - raft.server.log.queue.byte-limit = 2147483647 (custom)
2021-12-08 16:21:24,340 [EventQueue-PipelineReportForPipelineReportHandler] INFO  pipeline.PipelineManagerImpl (PipelineManagerImpl.java:openPipeline(291)) - Pipeline Pipeline[ Id: 2257d9b3-c0c1-4970-a5dd-f38156ab3543, Nodes: 6776850b-34cd-43e9-bf63-cfd53769401e{ip: 10.1.0.47, host: fv-az59-681.csjynl4pkq3e1pkirw3ssqjfoh.cx.internal.cloudapp.net, ports: [REPLICATION=45753, RATIS=36301, RATIS_ADMIN=36301, RATIS_SERVER=36301, STANDALONE=39417], networkLocation: /default-rack, certSerialId: null, persistedOpState: IN_SERVICE, persistedOpStateExpiryEpochSec: 0}, ReplicationConfig: RATIS/ONE, State:ALLOCATED, leaderId:6776850b-34cd-43e9-bf63-cfd53769401e, CreationTimestamp2021-12-08T16:21:21.314Z[Etc/UTC]] moved to OPEN state
2021-12-08 16:21:24,387 [pool-485-thread-1] INFO  server.RaftServerConfigKeys (ConfUtils.java:logGet(44)) - raft.server.log.queue.element-limit = 1024 (custom)
2021-12-08 16:21:24,387 [pool-485-thread-1] INFO  server.RaftServerConfigKeys (ConfUtils.java:logGet(44)) - raft.server.log.segment.size.max = 1048576 (custom)
2021-12-08 16:21:24,387 [pool-485-thread-1] INFO  server.RaftServerConfigKeys (ConfUtils.java:logGet(44)) - raft.server.log.preallocated.size = 16384 (custom)
2021-12-08 16:21:24,387 [pool-485-thread-1] INFO  server.RaftServerConfigKeys (ConfUtils.java:logGet(44)) - raft.server.log.force.sync.num = 128 (default)
2021-12-08 16:21:24,387 [pool-485-thread-1] INFO  server.RaftServerConfigKeys (ConfUtils.java:logGet(44)) - raft.server.log.statemachine.data.sync = true (default)
2021-12-08 16:21:24,387 [pool-485-thread-1] INFO  server.RaftServerConfigKeys (ConfUtils.java:logGet(44)) - raft.server.log.statemachine.data.sync.timeout = 10s (default)
2021-12-08 16:21:24,387 [pool-485-thread-1] INFO  server.RaftServerConfigKeys (ConfUtils.java:logGet(44)) - raft.server.log.statemachine.data.sync.timeout.retry = -1 (default)
2021-12-08 16:21:24,388 [pool-485-thread-1] INFO  server.RaftServerConfigKeys (ConfUtils.java:logGet(44)) - raft.server.log.write.buffer.size = 1048576 (custom)
2021-12-08 16:21:24,388 [pool-485-thread-1] INFO  server.RaftServerConfigKeys (ConfUtils.java:logGet(44)) - raft.server.log.statemachine.data.caching.enabled = true (custom)
2021-12-08 16:21:24,388 [pool-485-thread-1] INFO  segmented.SegmentedRaftLogWorker (SegmentedRaftLogWorker.java:lambda$new$0(133)) - 6776850b-34cd-43e9-bf63-cfd53769401e@group-F38156AB3543-SegmentedRaftLogWorker: flushIndex: setUnconditionally 0 -> -1
2021-12-08 16:21:24,388 [pool-485-thread-1] INFO  segmented.SegmentedRaftLogWorker (SegmentedRaftLogWorker.java:lambda$new$0(133)) - 6776850b-34cd-43e9-bf63-cfd53769401e@group-F38156AB3543-SegmentedRaftLogWorker: safeCacheEvictIndex: setUnconditionally 0 -> -1
2021-12-08 16:21:24,392 [pool-485-thread-1] INFO  server.RaftServerConfigKeys (ConfUtils.java:logGet(44)) - raft.server.snapshot.auto.trigger.enabled = true (custom)
2021-12-08 16:21:24,392 [pool-485-thread-1] INFO  server.RaftServerConfigKeys (ConfUtils.java:logGet(44)) - raft.server.snapshot.auto.trigger.threshold = 10000 (custom)
2021-12-08 16:21:24,392 [pool-485-thread-1] INFO  server.RaftServerConfigKeys (ConfUtils.java:logGet(44)) - raft.server.snapshot.retention.file.num = 5 (custom)
2021-12-08 16:21:24,392 [pool-485-thread-1] INFO  server.RaftServerConfigKeys (ConfUtils.java:logGet(44)) - raft.server.log.purge.upto.snapshot.index = false (default)
2021-12-08 16:21:24,392 [pool-485-thread-1] INFO  server.RaftServerConfigKeys (ConfUtils.java:logGet(44)) - raft.server.retrycache.expirytime = 600000ms (custom)
2021-12-08 16:21:24,392 [pool-485-thread-1] INFO  server.RaftServerConfigKeys (ConfUtils.java:logGet(44)) - raft.server.retrycache.statistics.expirytime = 100μs (default)
2021-12-08 16:21:24,393 [pool-485-thread-1] INFO  server.RaftServer$Division (RaftServerImpl.java:start(301)) - 6776850b-34cd-43e9-bf63-cfd53769401e@group-F38156AB3543: start as a follower, conf=-1: [6776850b-34cd-43e9-bf63-cfd53769401e|rpc:10.1.0.47:36301|priority:1], old=null
2021-12-08 16:21:24,393 [pool-485-thread-1] INFO  server.RaftServer$Division (RaftServerImpl.java:setRole(290)) - 6776850b-34cd-43e9-bf63-cfd53769401e@group-F38156AB3543: changes role from      null to FOLLOWER at term 0 for startAsFollower
2021-12-08 16:21:24,393 [pool-485-thread-1] INFO  impl.RoleInfo (RoleInfo.java:updateAndGet(130)) - 6776850b-34cd-43e9-bf63-cfd53769401e: start 6776850b-34cd-43e9-bf63-cfd53769401e@group-F38156AB3543-FollowerState
2021-12-08 16:21:24,399 [pool-485-thread-1] INFO  util.JmxRegister (JmxRegister.java:tryRegister(44)) - Successfully registered JMX Bean with object name Ratis:service=RaftServer,group=group-F38156AB3543,id=6776850b-34cd-43e9-bf63-cfd53769401e
2021-12-08 16:21:24,411 [Command processor thread] INFO  ratis.XceiverServerRatis (XceiverServerRatis.java:addGroup(768)) - Created group PipelineID=2257d9b3-c0c1-4970-a5dd-f38156ab3543
2021-12-08 16:21:24,411 [Command processor thread] INFO  commandhandler.CreatePipelineCommandHandler (CreatePipelineCommandHandler.java:handle(106)) - Created Pipeline RATIS ONE PipelineID=2257d9b3-c0c1-4970-a5dd-f38156ab3543.
2021-12-08 16:21:24,411 [Command processor thread] INFO  server.RaftServer (RaftServerProxy.java:addNew(95)) - 6776850b-34cd-43e9-bf63-cfd53769401e: addNew group-F9C456C264FD:[41e2ec05-dc5a-40b5-a7e9-bf8cbfcf53f9|rpc:10.1.0.47:43527|priority:0, aade3cc6-3956-4ee6-b179-fa53d32d09ed|rpc:10.1.0.47:46851|priority:1, 6776850b-34cd-43e9-bf63-cfd53769401e|rpc:10.1.0.47:36301|priority:0] returns group-F9C456C264FD:java.util.concurrent.CompletableFuture@15f968c[Not completed]
2021-12-08 16:21:24,412 [EventQueue-OpenPipelineForHealthyPipelineSafeModeRule] INFO  safemode.SCMSafeModeManager (HealthyPipelineSafeModeRule.java:process(124)) - SCM in safe mode. Healthy pipelines reported count is 0, required healthy pipeline reported count is 1
2021-12-08 16:21:24,424 [pool-485-thread-1] INFO  server.RaftServer$Division (RaftServerImpl.java:<init>(184)) - 6776850b-34cd-43e9-bf63-cfd53769401e: new RaftServerImpl for group-F9C456C264FD:[41e2ec05-dc5a-40b5-a7e9-bf8cbfcf53f9|rpc:10.1.0.47:43527|priority:0, aade3cc6-3956-4ee6-b179-fa53d32d09ed|rpc:10.1.0.47:46851|priority:1, 6776850b-34cd-43e9-bf63-cfd53769401e|rpc:10.1.0.47:36301|priority:0] with ContainerStateMachine:uninitialized
2021-12-08 16:21:24,424 [pool-485-thread-1] INFO  server.RaftServerConfigKeys (ConfUtils.java:logGet(44)) - raft.server.rpc.timeout.min = 5s (custom)
2021-12-08 16:21:24,424 [pool-485-thread-1] INFO  server.RaftServerConfigKeys (ConfUtils.java:logGet(44)) - raft.server.rpc.timeout.max = 5200ms (custom)
2021-12-08 16:21:24,424 [pool-485-thread-1] INFO  server.RaftServerConfigKeys (ConfUtils.java:logGet(44)) - raft.server.rpc.sleep.time = 25ms (default)
2021-12-08 16:21:24,424 [pool-485-thread-1] INFO  server.RaftServerConfigKeys (ConfUtils.java:logGet(44)) - raft.server.rpc.slowness.timeout = 300s (custom)
2021-12-08 16:21:24,424 [pool-485-thread-1] INFO  server.RaftServerConfigKeys (ConfUtils.java:logGet(44)) - raft.server.leaderelection.leader.step-down.wait-time = 10s (default)
2021-12-08 16:21:24,424 [pool-485-thread-1] INFO  server.RaftServerConfigKeys (ConfUtils.java:logGet(44)) - raft.server.sleep.deviation.threshold = 300ms (default)
2021-12-08 16:21:24,424 [pool-485-thread-1] INFO  server.RaftServerConfigKeys (ConfUtils.java:logGet(44)) - raft.server.log.appender.install.snapshot.enabled = false (custom)
2021-12-08 16:21:24,424 [pool-485-thread-1] INFO  server.RaftServer$Division (ServerState.java:<init>(105)) - 6776850b-34cd-43e9-bf63-cfd53769401e@group-F9C456C264FD: ConfigurationManager, init=-1: [41e2ec05-dc5a-40b5-a7e9-bf8cbfcf53f9|rpc:10.1.0.47:43527|priority:0, aade3cc6-3956-4ee6-b179-fa53d32d09ed|rpc:10.1.0.47:46851|priority:1, 6776850b-34cd-43e9-bf63-cfd53769401e|rpc:10.1.0.47:36301|priority:0], old=null, confs=<EMPTY_MAP>
2021-12-08 16:21:24,424 [pool-485-thread-1] INFO  server.RaftServerConfigKeys (ConfUtils.java:logGet(44)) - raft.server.storage.dir = [/home/runner/work/ozone/ozone/hadoop-ozone/integration-test/target/test-dir/MiniOzoneClusterImpl-cc1b9559-bfd4-4be1-82a5-849569d2441c/datanode-0/data/ratis] (custom)
2021-12-08 16:21:24,424 [pool-485-thread-1] INFO  server.RaftServerConfigKeys (ConfUtils.java:logGet(44)) - raft.server.log.corruption.policy = EXCEPTION (default)
2021-12-08 16:21:24,424 [pool-485-thread-1] INFO  server.RaftServerConfigKeys (ConfUtils.java:logGet(44)) - raft.server.storage.free-space.min = 0MB (=0) (default)
2021-12-08 16:21:24,424 [pool-485-thread-1] INFO  storage.RaftStorageDirectory (RaftStorageDirectoryImpl.java:analyzeStorage(135)) - The storage directory /home/runner/work/ozone/ozone/hadoop-ozone/integration-test/target/test-dir/MiniOzoneClusterImpl-cc1b9559-bfd4-4be1-82a5-849569d2441c/datanode-0/data/ratis/4c632989-2b46-45ec-a670-f9c456c264fd does not exist. Creating ...
2021-12-08 16:21:24,431 [pool-485-thread-1] INFO  storage.RaftStorageDirectory (RaftStorageDirectoryImpl.java:tryLock(230)) - Lock on /home/runner/work/ozone/ozone/hadoop-ozone/integration-test/target/test-dir/MiniOzoneClusterImpl-cc1b9559-bfd4-4be1-82a5-849569d2441c/datanode-0/data/ratis/4c632989-2b46-45ec-a670-f9c456c264fd/in_use.lock acquired by nodename 9760@fv-az59-681
2021-12-08 16:21:24,432 [pool-485-thread-1] INFO  storage.RaftStorage (RaftStorageImpl.java:format(89)) - Storage directory /home/runner/work/ozone/ozone/hadoop-ozone/integration-test/target/test-dir/MiniOzoneClusterImpl-cc1b9559-bfd4-4be1-82a5-849569d2441c/datanode-0/data/ratis/4c632989-2b46-45ec-a670-f9c456c264fd has been successfully formatted.
2021-12-08 16:21:24,432 [pool-485-thread-1] INFO  ratis.ContainerStateMachine (ContainerStateMachine.java:loadSnapshot(231)) - group-F9C456C264FD: The snapshot info is null. Setting the last applied indexto:(t:0, i:~)
2021-12-08 16:21:24,432 [pool-485-thread-1] INFO  server.RaftServerConfigKeys (ConfUtils.java:logGet(44)) - raft.server.notification.no-leader.timeout = 300s (custom)
2021-12-08 16:21:24,432 [pool-485-thread-1] INFO  server.RaftServerConfigKeys (ConfUtils.java:logGet(44)) - raft.server.log.use.memory = false (default)
2021-12-08 16:21:24,432 [pool-485-thread-1] INFO  server.RaftServerConfigKeys (ConfUtils.java:logGet(44)) - raft.server.log.purge.gap = 1000000 (custom)
2021-12-08 16:21:24,432 [pool-485-thread-1] INFO  server.RaftServerConfigKeys (ConfUtils.java:logGet(44)) - raft.server.log.appender.buffer.byte-limit = 33554432 (custom)
2021-12-08 16:21:24,435 [pool-485-thread-1] INFO  server.RaftServerConfigKeys (ConfUtils.java:logGet(44)) - raft.server.log.segment.size.max = 1048576 (custom)
2021-12-08 16:21:24,435 [pool-485-thread-1] INFO  server.RaftServerConfigKeys (ConfUtils.java:logGet(44)) - raft.server.log.segment.cache.num.max = 2 (custom)
2021-12-08 16:21:24,435 [pool-485-thread-1] INFO  server.RaftServerConfigKeys (ConfUtils.java:logGet(44)) - raft.server.log.segment.cache.size.max = 200MB (=209715200) (default)
2021-12-08 16:21:24,435 [pool-485-thread-1] INFO  segmented.SegmentedRaftLogWorker (SegmentedRaftLogWorker.java:<init>(182)) - new 6776850b-34cd-43e9-bf63-cfd53769401e@group-F9C456C264FD-SegmentedRaftLogWorker for RaftStorageImpl:Storage Directory /home/runner/work/ozone/ozone/hadoop-ozone/integration-test/target/test-dir/MiniOzoneClusterImpl-cc1b9559-bfd4-4be1-82a5-849569d2441c/datanode-0/data/ratis/4c632989-2b46-45ec-a670-f9c456c264fd
2021-12-08 16:21:24,436 [pool-485-thread-1] INFO  server.RaftServerConfigKeys (ConfUtils.java:logGet(44)) - raft.server.log.queue.byte-limit = 2147483647 (custom)
2021-12-08 16:21:24,436 [pool-485-thread-1] INFO  server.RaftServerConfigKeys (ConfUtils.java:logGet(44)) - raft.server.log.queue.element-limit = 1024 (custom)
2021-12-08 16:21:24,436 [pool-485-thread-1] INFO  server.RaftServerConfigKeys (ConfUtils.java:logGet(44)) - raft.server.log.segment.size.max = 1048576 (custom)
2021-12-08 16:21:24,436 [pool-485-thread-1] INFO  server.RaftServerConfigKeys (ConfUtils.java:logGet(44)) - raft.server.log.preallocated.size = 16384 (custom)
2021-12-08 16:21:24,436 [pool-485-thread-1] INFO  server.RaftServerConfigKeys (ConfUtils.java:logGet(44)) - raft.server.log.force.sync.num = 128 (default)
2021-12-08 16:21:24,436 [pool-485-thread-1] INFO  server.RaftServerConfigKeys (ConfUtils.java:logGet(44)) - raft.server.log.statemachine.data.sync = true (default)
2021-12-08 16:21:24,436 [pool-485-thread-1] INFO  server.RaftServerConfigKeys (ConfUtils.java:logGet(44)) - raft.server.log.statemachine.data.sync.timeout = 10s (default)
2021-12-08 16:21:24,436 [pool-485-thread-1] INFO  server.RaftServerConfigKeys (ConfUtils.java:logGet(44)) - raft.server.log.statemachine.data.sync.timeout.retry = -1 (default)
2021-12-08 16:21:24,437 [pool-485-thread-1] INFO  server.RaftServerConfigKeys (ConfUtils.java:logGet(44)) - raft.server.log.write.buffer.size = 1048576 (custom)
2021-12-08 16:21:24,435 [EventQueue-OpenPipelineForHealthyPipelineSafeModeRule] INFO  safemode.SCMSafeModeManager (HealthyPipelineSafeModeRule.java:process(124)) - SCM in safe mode. Healthy pipelines reported count is 0, required healthy pipeline reported count is 1
2021-12-08 16:21:24,447 [pool-485-thread-1] INFO  server.RaftServerConfigKeys (ConfUtils.java:logGet(44)) - raft.server.log.statemachine.data.caching.enabled = true (custom)
2021-12-08 16:21:24,447 [pool-485-thread-1] INFO  segmented.SegmentedRaftLogWorker (SegmentedRaftLogWorker.java:lambda$new$0(133)) - 6776850b-34cd-43e9-bf63-cfd53769401e@group-F9C456C264FD-SegmentedRaftLogWorker: flushIndex: setUnconditionally 0 -> -1
2021-12-08 16:21:24,447 [pool-485-thread-1] INFO  segmented.SegmentedRaftLogWorker (SegmentedRaftLogWorker.java:lambda$new$0(133)) - 6776850b-34cd-43e9-bf63-cfd53769401e@group-F9C456C264FD-SegmentedRaftLogWorker: safeCacheEvictIndex: setUnconditionally 0 -> -1
2021-12-08 16:21:24,451 [pool-485-thread-1] INFO  server.RaftServerConfigKeys (ConfUtils.java:logGet(44)) - raft.server.snapshot.auto.trigger.enabled = true (custom)
2021-12-08 16:21:24,451 [pool-485-thread-1] INFO  server.RaftServerConfigKeys (ConfUtils.java:logGet(44)) - raft.server.snapshot.auto.trigger.threshold = 10000 (custom)
2021-12-08 16:21:24,451 [pool-485-thread-1] INFO  server.RaftServerConfigKeys (ConfUtils.java:logGet(44)) - raft.server.snapshot.retention.file.num = 5 (custom)
2021-12-08 16:21:24,451 [pool-485-thread-1] INFO  server.RaftServerConfigKeys (ConfUtils.java:logGet(44)) - raft.server.log.purge.upto.snapshot.index = false (default)
2021-12-08 16:21:24,451 [pool-485-thread-1] INFO  server.RaftServerConfigKeys (ConfUtils.java:logGet(44)) - raft.server.retrycache.expirytime = 600000ms (custom)
2021-12-08 16:21:24,451 [pool-485-thread-1] INFO  server.RaftServerConfigKeys (ConfUtils.java:logGet(44)) - raft.server.retrycache.statistics.expirytime = 100μs (default)
2021-12-08 16:21:24,459 [pool-485-thread-1] INFO  server.RaftServer$Division (RaftServerImpl.java:start(301)) - 6776850b-34cd-43e9-bf63-cfd53769401e@group-F9C456C264FD: start as a follower, conf=-1: [41e2ec05-dc5a-40b5-a7e9-bf8cbfcf53f9|rpc:10.1.0.47:43527|priority:0, aade3cc6-3956-4ee6-b179-fa53d32d09ed|rpc:10.1.0.47:46851|priority:1, 6776850b-34cd-43e9-bf63-cfd53769401e|rpc:10.1.0.47:36301|priority:0], old=null
2021-12-08 16:21:24,459 [pool-485-thread-1] INFO  server.RaftServer$Division (RaftServerImpl.java:setRole(290)) - 6776850b-34cd-43e9-bf63-cfd53769401e@group-F9C456C264FD: changes role from      null to FOLLOWER at term 0 for startAsFollower
2021-12-08 16:21:24,459 [pool-485-thread-1] INFO  impl.RoleInfo (RoleInfo.java:updateAndGet(130)) - 6776850b-34cd-43e9-bf63-cfd53769401e: start 6776850b-34cd-43e9-bf63-cfd53769401e@group-F9C456C264FD-FollowerState
2021-12-08 16:21:24,463 [pool-485-thread-1] INFO  util.JmxRegister (JmxRegister.java:tryRegister(44)) - Successfully registered JMX Bean with object name Ratis:service=RaftServer,group=group-F9C456C264FD,id=6776850b-34cd-43e9-bf63-cfd53769401e
2021-12-08 16:21:24,463 [Command processor thread] INFO  ratis.XceiverServerRatis (XceiverServerRatis.java:addGroup(768)) - Created group PipelineID=4c632989-2b46-45ec-a670-f9c456c264fd
2021-12-08 16:21:24,511 [grpc-default-executor-0] INFO  server.RaftServer (RaftServerProxy.java:addNew(95)) - 41e2ec05-dc5a-40b5-a7e9-bf8cbfcf53f9: addNew group-F9C456C264FD:[41e2ec05-dc5a-40b5-a7e9-bf8cbfcf53f9|rpc:10.1.0.47:43527|dataStream:|priority:0, aade3cc6-3956-4ee6-b179-fa53d32d09ed|rpc:10.1.0.47:46851|dataStream:|priority:1, 6776850b-34cd-43e9-bf63-cfd53769401e|rpc:10.1.0.47:36301|dataStream:|priority:0] returns group-F9C456C264FD:java.util.concurrent.CompletableFuture@ba519c5[Not completed]
2021-12-08 16:21:24,531 [pool-506-thread-1] INFO  server.RaftServer$Division (RaftServerImpl.java:<init>(184)) - 41e2ec05-dc5a-40b5-a7e9-bf8cbfcf53f9: new RaftServerImpl for group-F9C456C264FD:[41e2ec05-dc5a-40b5-a7e9-bf8cbfcf53f9|rpc:10.1.0.47:43527|dataStream:|priority:0, aade3cc6-3956-4ee6-b179-fa53d32d09ed|rpc:10.1.0.47:46851|dataStream:|priority:1, 6776850b-34cd-43e9-bf63-cfd53769401e|rpc:10.1.0.47:36301|dataStream:|priority:0] with ContainerStateMachine:uninitialized
2021-12-08 16:21:24,535 [pool-506-thread-1] INFO  server.RaftServerConfigKeys (ConfUtils.java:logGet(44)) - raft.server.rpc.timeout.min = 5s (custom)
2021-12-08 16:21:24,535 [pool-506-thread-1] INFO  server.RaftServerConfigKeys (ConfUtils.java:logGet(44)) - raft.server.rpc.timeout.max = 5200ms (custom)
2021-12-08 16:21:24,535 [pool-506-thread-1] INFO  server.RaftServerConfigKeys (ConfUtils.java:logGet(44)) - raft.server.rpc.sleep.time = 25ms (default)
2021-12-08 16:21:24,535 [pool-506-thread-1] INFO  server.RaftServerConfigKeys (ConfUtils.java:logGet(44)) - raft.server.rpc.slowness.timeout = 300s (custom)
2021-12-08 16:21:24,535 [pool-506-thread-1] INFO  server.RaftServerConfigKeys (ConfUtils.java:logGet(44)) - raft.server.leaderelection.leader.step-down.wait-time = 10s (default)
2021-12-08 16:21:24,535 [pool-506-thread-1] INFO  server.RaftServerConfigKeys (ConfUtils.java:logGet(44)) - raft.server.sleep.deviation.threshold = 300ms (default)
2021-12-08 16:21:24,535 [pool-506-thread-1] INFO  server.RaftServerConfigKeys (ConfUtils.java:logGet(44)) - raft.server.log.appender.install.snapshot.enabled = false (custom)
2021-12-08 16:21:24,535 [pool-506-thread-1] INFO  server.RaftServer$Division (ServerState.java:<init>(105)) - 41e2ec05-dc5a-40b5-a7e9-bf8cbfcf53f9@group-F9C456C264FD: ConfigurationManager, init=-1: [41e2ec05-dc5a-40b5-a7e9-bf8cbfcf53f9|rpc:10.1.0.47:43527|dataStream:|priority:0, aade3cc6-3956-4ee6-b179-fa53d32d09ed|rpc:10.1.0.47:46851|dataStream:|priority:1, 6776850b-34cd-43e9-bf63-cfd53769401e|rpc:10.1.0.47:36301|dataStream:|priority:0], old=null, confs=<EMPTY_MAP>
2021-12-08 16:21:24,535 [pool-506-thread-1] INFO  server.RaftServerConfigKeys (ConfUtils.java:logGet(44)) - raft.server.storage.dir = [/home/runner/work/ozone/ozone/hadoop-ozone/integration-test/target/test-dir/MiniOzoneClusterImpl-cc1b9559-bfd4-4be1-82a5-849569d2441c/datanode-1/data/ratis] (custom)
2021-12-08 16:21:24,535 [pool-506-thread-1] INFO  server.RaftServerConfigKeys (ConfUtils.java:logGet(44)) - raft.server.log.corruption.policy = EXCEPTION (default)
2021-12-08 16:21:24,535 [pool-506-thread-1] INFO  server.RaftServerConfigKeys (ConfUtils.java:logGet(44)) - raft.server.storage.free-space.min = 0MB (=0) (default)
2021-12-08 16:21:24,535 [pool-506-thread-1] INFO  storage.RaftStorageDirectory (RaftStorageDirectoryImpl.java:analyzeStorage(135)) - The storage directory /home/runner/work/ozone/ozone/hadoop-ozone/integration-test/target/test-dir/MiniOzoneClusterImpl-cc1b9559-bfd4-4be1-82a5-849569d2441c/datanode-1/data/ratis/4c632989-2b46-45ec-a670-f9c456c264fd does not exist. Creating ...
2021-12-08 16:21:24,541 [pool-506-thread-1] INFO  storage.RaftStorageDirectory (RaftStorageDirectoryImpl.java:tryLock(230)) - Lock on /home/runner/work/ozone/ozone/hadoop-ozone/integration-test/target/test-dir/MiniOzoneClusterImpl-cc1b9559-bfd4-4be1-82a5-849569d2441c/datanode-1/data/ratis/4c632989-2b46-45ec-a670-f9c456c264fd/in_use.lock acquired by nodename 9760@fv-az59-681
2021-12-08 16:21:24,544 [pool-506-thread-1] INFO  storage.RaftStorage (RaftStorageImpl.java:format(89)) - Storage directory /home/runner/work/ozone/ozone/hadoop-ozone/integration-test/target/test-dir/MiniOzoneClusterImpl-cc1b9559-bfd4-4be1-82a5-849569d2441c/datanode-1/data/ratis/4c632989-2b46-45ec-a670-f9c456c264fd has been successfully formatted.
2021-12-08 16:21:24,550 [pool-506-thread-1] INFO  ratis.ContainerStateMachine (ContainerStateMachine.java:loadSnapshot(231)) - group-F9C456C264FD: The snapshot info is null. Setting the last applied indexto:(t:0, i:~)
2021-12-08 16:21:24,555 [pool-506-thread-1] INFO  server.RaftServerConfigKeys (ConfUtils.java:logGet(44)) - raft.server.notification.no-leader.timeout = 300s (custom)
2021-12-08 16:21:24,555 [pool-506-thread-1] INFO  server.RaftServerConfigKeys (ConfUtils.java:logGet(44)) - raft.server.log.use.memory = false (default)
2021-12-08 16:21:24,555 [pool-506-thread-1] INFO  server.RaftServerConfigKeys (ConfUtils.java:logGet(44)) - raft.server.log.purge.gap = 1000000 (custom)
2021-12-08 16:21:24,555 [pool-506-thread-1] INFO  server.RaftServerConfigKeys (ConfUtils.java:logGet(44)) - raft.server.log.appender.buffer.byte-limit = 33554432 (custom)
2021-12-08 16:21:24,555 [pool-506-thread-1] INFO  server.RaftServerConfigKeys (ConfUtils.java:logGet(44)) - raft.server.log.segment.size.max = 1048576 (custom)
2021-12-08 16:21:24,555 [pool-506-thread-1] INFO  server.RaftServerConfigKeys (ConfUtils.java:logGet(44)) - raft.server.log.segment.cache.num.max = 2 (custom)
2021-12-08 16:21:24,555 [pool-506-thread-1] INFO  server.RaftServerConfigKeys (ConfUtils.java:logGet(44)) - raft.server.log.segment.cache.size.max = 200MB (=209715200) (default)
2021-12-08 16:21:24,555 [pool-506-thread-1] INFO  segmented.SegmentedRaftLogWorker (SegmentedRaftLogWorker.java:<init>(182)) - new 41e2ec05-dc5a-40b5-a7e9-bf8cbfcf53f9@group-F9C456C264FD-SegmentedRaftLogWorker for RaftStorageImpl:Storage Directory /home/runner/work/ozone/ozone/hadoop-ozone/integration-test/target/test-dir/MiniOzoneClusterImpl-cc1b9559-bfd4-4be1-82a5-849569d2441c/datanode-1/data/ratis/4c632989-2b46-45ec-a670-f9c456c264fd
2021-12-08 16:21:24,556 [pool-506-thread-1] INFO  server.RaftServerConfigKeys (ConfUtils.java:logGet(44)) - raft.server.log.queue.byte-limit = 2147483647 (custom)
2021-12-08 16:21:24,556 [pool-506-thread-1] INFO  server.RaftServerConfigKeys (ConfUtils.java:logGet(44)) - raft.server.log.queue.element-limit = 1024 (custom)
2021-12-08 16:21:24,556 [pool-506-thread-1] INFO  server.RaftServerConfigKeys (ConfUtils.java:logGet(44)) - raft.server.log.segment.size.max = 1048576 (custom)
2021-12-08 16:21:24,556 [pool-506-thread-1] INFO  server.RaftServerConfigKeys (ConfUtils.java:logGet(44)) - raft.server.log.preallocated.size = 16384 (custom)
2021-12-08 16:21:24,556 [pool-506-thread-1] INFO  server.RaftServerConfigKeys (ConfUtils.java:logGet(44)) - raft.server.log.force.sync.num = 128 (default)
2021-12-08 16:21:24,556 [pool-506-thread-1] INFO  server.RaftServerConfigKeys (ConfUtils.java:logGet(44)) - raft.server.log.statemachine.data.sync = true (default)
2021-12-08 16:21:24,556 [pool-506-thread-1] INFO  server.RaftServerConfigKeys (ConfUtils.java:logGet(44)) - raft.server.log.statemachine.data.sync.timeout = 10s (default)
2021-12-08 16:21:24,556 [pool-506-thread-1] INFO  server.RaftServerConfigKeys (ConfUtils.java:logGet(44)) - raft.server.log.statemachine.data.sync.timeout.retry = -1 (default)
2021-12-08 16:21:24,557 [pool-506-thread-1] INFO  server.RaftServerConfigKeys (ConfUtils.java:logGet(44)) - raft.server.log.write.buffer.size = 1048576 (custom)
2021-12-08 16:21:24,557 [pool-506-thread-1] INFO  server.RaftServerConfigKeys (ConfUtils.java:logGet(44)) - raft.server.log.statemachine.data.caching.enabled = true (custom)
2021-12-08 16:21:24,571 [pool-506-thread-1] INFO  segmented.SegmentedRaftLogWorker (SegmentedRaftLogWorker.java:lambda$new$0(133)) - 41e2ec05-dc5a-40b5-a7e9-bf8cbfcf53f9@group-F9C456C264FD-SegmentedRaftLogWorker: flushIndex: setUnconditionally 0 -> -1
2021-12-08 16:21:24,571 [pool-506-thread-1] INFO  segmented.SegmentedRaftLogWorker (SegmentedRaftLogWorker.java:lambda$new$0(133)) - 41e2ec05-dc5a-40b5-a7e9-bf8cbfcf53f9@group-F9C456C264FD-SegmentedRaftLogWorker: safeCacheEvictIndex: setUnconditionally 0 -> -1
2021-12-08 16:21:24,575 [pool-506-thread-1] INFO  server.RaftServerConfigKeys (ConfUtils.java:logGet(44)) - raft.server.snapshot.auto.trigger.enabled = true (custom)
2021-12-08 16:21:24,575 [pool-506-thread-1] INFO  server.RaftServerConfigKeys (ConfUtils.java:logGet(44)) - raft.server.snapshot.auto.trigger.threshold = 10000 (custom)
2021-12-08 16:21:24,575 [pool-506-thread-1] INFO  server.RaftServerConfigKeys (ConfUtils.java:logGet(44)) - raft.server.snapshot.retention.file.num = 5 (custom)
2021-12-08 16:21:24,575 [pool-506-thread-1] INFO  server.RaftServerConfigKeys (ConfUtils.java:logGet(44)) - raft.server.log.purge.upto.snapshot.index = false (default)
2021-12-08 16:21:24,575 [pool-506-thread-1] INFO  server.RaftServerConfigKeys (ConfUtils.java:logGet(44)) - raft.server.retrycache.expirytime = 600000ms (custom)
2021-12-08 16:21:24,575 [pool-506-thread-1] INFO  server.RaftServerConfigKeys (ConfUtils.java:logGet(44)) - raft.server.retrycache.statistics.expirytime = 100μs (default)
2021-12-08 16:21:24,576 [pool-506-thread-1] INFO  server.RaftServer$Division (RaftServerImpl.java:start(301)) - 41e2ec05-dc5a-40b5-a7e9-bf8cbfcf53f9@group-F9C456C264FD: start as a follower, conf=-1: [41e2ec05-dc5a-40b5-a7e9-bf8cbfcf53f9|rpc:10.1.0.47:43527|dataStream:|priority:0, aade3cc6-3956-4ee6-b179-fa53d32d09ed|rpc:10.1.0.47:46851|dataStream:|priority:1, 6776850b-34cd-43e9-bf63-cfd53769401e|rpc:10.1.0.47:36301|dataStream:|priority:0], old=null
2021-12-08 16:21:24,576 [pool-506-thread-1] INFO  server.RaftServer$Division (RaftServerImpl.java:setRole(290)) - 41e2ec05-dc5a-40b5-a7e9-bf8cbfcf53f9@group-F9C456C264FD: changes role from      null to FOLLOWER at term 0 for startAsFollower
2021-12-08 16:21:24,576 [pool-506-thread-1] INFO  impl.RoleInfo (RoleInfo.java:updateAndGet(130)) - 41e2ec05-dc5a-40b5-a7e9-bf8cbfcf53f9: start 41e2ec05-dc5a-40b5-a7e9-bf8cbfcf53f9@group-F9C456C264FD-FollowerState
2021-12-08 16:21:24,587 [pool-506-thread-1] INFO  util.JmxRegister (JmxRegister.java:tryRegister(44)) - Successfully registered JMX Bean with object name Ratis:service=RaftServer,group=group-F9C456C264FD,id=41e2ec05-dc5a-40b5-a7e9-bf8cbfcf53f9
2021-12-08 16:21:24,641 [grpc-default-executor-0] INFO  server.RaftServer (RaftServerProxy.java:addNew(95)) - aade3cc6-3956-4ee6-b179-fa53d32d09ed: addNew group-F9C456C264FD:[41e2ec05-dc5a-40b5-a7e9-bf8cbfcf53f9|rpc:10.1.0.47:43527|dataStream:|priority:0, aade3cc6-3956-4ee6-b179-fa53d32d09ed|rpc:10.1.0.47:46851|dataStream:|priority:1, 6776850b-34cd-43e9-bf63-cfd53769401e|rpc:10.1.0.47:36301|dataStream:|priority:0] returns group-F9C456C264FD:java.util.concurrent.CompletableFuture@2d4eb95d[Not completed]
2021-12-08 16:21:24,642 [pool-527-thread-1] INFO  server.RaftServer$Division (RaftServerImpl.java:<init>(184)) - aade3cc6-3956-4ee6-b179-fa53d32d09ed: new RaftServerImpl for group-F9C456C264FD:[41e2ec05-dc5a-40b5-a7e9-bf8cbfcf53f9|rpc:10.1.0.47:43527|dataStream:|priority:0, aade3cc6-3956-4ee6-b179-fa53d32d09ed|rpc:10.1.0.47:46851|dataStream:|priority:1, 6776850b-34cd-43e9-bf63-cfd53769401e|rpc:10.1.0.47:36301|dataStream:|priority:0] with ContainerStateMachine:uninitialized
2021-12-08 16:21:24,643 [pool-527-thread-1] INFO  server.RaftServerConfigKeys (ConfUtils.java:logGet(44)) - raft.server.rpc.timeout.min = 5s (custom)
2021-12-08 16:21:24,643 [pool-527-thread-1] INFO  server.RaftServerConfigKeys (ConfUtils.java:logGet(44)) - raft.server.rpc.timeout.max = 5200ms (custom)
2021-12-08 16:21:24,643 [pool-527-thread-1] INFO  server.RaftServerConfigKeys (ConfUtils.java:logGet(44)) - raft.server.rpc.sleep.time = 25ms (default)
2021-12-08 16:21:24,643 [pool-527-thread-1] INFO  server.RaftServerConfigKeys (ConfUtils.java:logGet(44)) - raft.server.rpc.slowness.timeout = 300s (custom)
2021-12-08 16:21:24,643 [pool-527-thread-1] INFO  server.RaftServerConfigKeys (ConfUtils.java:logGet(44)) - raft.server.leaderelection.leader.step-down.wait-time = 10s (default)
2021-12-08 16:21:24,643 [pool-527-thread-1] INFO  server.RaftServerConfigKeys (ConfUtils.java:logGet(44)) - raft.server.sleep.deviation.threshold = 300ms (default)
2021-12-08 16:21:24,643 [pool-527-thread-1] INFO  server.RaftServerConfigKeys (ConfUtils.java:logGet(44)) - raft.server.log.appender.install.snapshot.enabled = false (custom)
2021-12-08 16:21:24,643 [pool-527-thread-1] INFO  server.RaftServer$Division (ServerState.java:<init>(105)) - aade3cc6-3956-4ee6-b179-fa53d32d09ed@group-F9C456C264FD: ConfigurationManager, init=-1: [41e2ec05-dc5a-40b5-a7e9-bf8cbfcf53f9|rpc:10.1.0.47:43527|dataStream:|priority:0, aade3cc6-3956-4ee6-b179-fa53d32d09ed|rpc:10.1.0.47:46851|dataStream:|priority:1, 6776850b-34cd-43e9-bf63-cfd53769401e|rpc:10.1.0.47:36301|dataStream:|priority:0], old=null, confs=<EMPTY_MAP>
2021-12-08 16:21:24,643 [pool-527-thread-1] INFO  server.RaftServerConfigKeys (ConfUtils.java:logGet(44)) - raft.server.storage.dir = [/home/runner/work/ozone/ozone/hadoop-ozone/integration-test/target/test-dir/MiniOzoneClusterImpl-cc1b9559-bfd4-4be1-82a5-849569d2441c/datanode-2/data/ratis] (custom)
2021-12-08 16:21:24,643 [pool-527-thread-1] INFO  server.RaftServerConfigKeys (ConfUtils.java:logGet(44)) - raft.server.log.corruption.policy = EXCEPTION (default)
2021-12-08 16:21:24,643 [pool-527-thread-1] INFO  server.RaftServerConfigKeys (ConfUtils.java:logGet(44)) - raft.server.storage.free-space.min = 0MB (=0) (default)
2021-12-08 16:21:24,643 [pool-527-thread-1] INFO  storage.RaftStorageDirectory (RaftStorageDirectoryImpl.java:analyzeStorage(135)) - The storage directory /home/runner/work/ozone/ozone/hadoop-ozone/integration-test/target/test-dir/MiniOzoneClusterImpl-cc1b9559-bfd4-4be1-82a5-849569d2441c/datanode-2/data/ratis/4c632989-2b46-45ec-a670-f9c456c264fd does not exist. Creating ...
2021-12-08 16:21:24,644 [pool-527-thread-1] INFO  storage.RaftStorageDirectory (RaftStorageDirectoryImpl.java:tryLock(230)) - Lock on /home/runner/work/ozone/ozone/hadoop-ozone/integration-test/target/test-dir/MiniOzoneClusterImpl-cc1b9559-bfd4-4be1-82a5-849569d2441c/datanode-2/data/ratis/4c632989-2b46-45ec-a670-f9c456c264fd/in_use.lock acquired by nodename 9760@fv-az59-681
2021-12-08 16:21:24,645 [pool-527-thread-1] INFO  storage.RaftStorage (RaftStorageImpl.java:format(89)) - Storage directory /home/runner/work/ozone/ozone/hadoop-ozone/integration-test/target/test-dir/MiniOzoneClusterImpl-cc1b9559-bfd4-4be1-82a5-849569d2441c/datanode-2/data/ratis/4c632989-2b46-45ec-a670-f9c456c264fd has been successfully formatted.
2021-12-08 16:21:24,658 [pool-527-thread-1] INFO  ratis.ContainerStateMachine (ContainerStateMachine.java:loadSnapshot(231)) - group-F9C456C264FD: The snapshot info is null. Setting the last applied indexto:(t:0, i:~)
2021-12-08 16:21:24,659 [pool-527-thread-1] INFO  server.RaftServerConfigKeys (ConfUtils.java:logGet(44)) - raft.server.notification.no-leader.timeout = 300s (custom)
2021-12-08 16:21:24,659 [pool-527-thread-1] INFO  server.RaftServerConfigKeys (ConfUtils.java:logGet(44)) - raft.server.log.use.memory = false (default)
2021-12-08 16:21:24,659 [pool-527-thread-1] INFO  server.RaftServerConfigKeys (ConfUtils.java:logGet(44)) - raft.server.log.purge.gap = 1000000 (custom)
2021-12-08 16:21:24,659 [pool-527-thread-1] INFO  server.RaftServerConfigKeys (ConfUtils.java:logGet(44)) - raft.server.log.appender.buffer.byte-limit = 33554432 (custom)
2021-12-08 16:21:24,659 [pool-527-thread-1] INFO  server.RaftServerConfigKeys (ConfUtils.java:logGet(44)) - raft.server.log.segment.size.max = 1048576 (custom)
2021-12-08 16:21:24,659 [pool-527-thread-1] INFO  server.RaftServerConfigKeys (ConfUtils.java:logGet(44)) - raft.server.log.segment.cache.num.max = 2 (custom)
2021-12-08 16:21:24,659 [pool-527-thread-1] INFO  server.RaftServerConfigKeys (ConfUtils.java:logGet(44)) - raft.server.log.segment.cache.size.max = 200MB (=209715200) (default)
2021-12-08 16:21:24,660 [pool-527-thread-1] INFO  segmented.SegmentedRaftLogWorker (SegmentedRaftLogWorker.java:<init>(182)) - new aade3cc6-3956-4ee6-b179-fa53d32d09ed@group-F9C456C264FD-SegmentedRaftLogWorker for RaftStorageImpl:Storage Directory /home/runner/work/ozone/ozone/hadoop-ozone/integration-test/target/test-dir/MiniOzoneClusterImpl-cc1b9559-bfd4-4be1-82a5-849569d2441c/datanode-2/data/ratis/4c632989-2b46-45ec-a670-f9c456c264fd
2021-12-08 16:21:24,660 [pool-527-thread-1] INFO  server.RaftServerConfigKeys (ConfUtils.java:logGet(44)) - raft.server.log.queue.byte-limit = 2147483647 (custom)
2021-12-08 16:21:24,660 [pool-527-thread-1] INFO  server.RaftServerConfigKeys (ConfUtils.java:logGet(44)) - raft.server.log.queue.element-limit = 1024 (custom)
2021-12-08 16:21:24,660 [pool-527-thread-1] INFO  server.RaftServerConfigKeys (ConfUtils.java:logGet(44)) - raft.server.log.segment.size.max = 1048576 (custom)
2021-12-08 16:21:24,660 [pool-527-thread-1] INFO  server.RaftServerConfigKeys (ConfUtils.java:logGet(44)) - raft.server.log.preallocated.size = 16384 (custom)
2021-12-08 16:21:24,660 [pool-527-thread-1] INFO  server.RaftServerConfigKeys (ConfUtils.java:logGet(44)) - raft.server.log.force.sync.num = 128 (default)
2021-12-08 16:21:24,660 [pool-527-thread-1] INFO  server.RaftServerConfigKeys (ConfUtils.java:logGet(44)) - raft.server.log.statemachine.data.sync = true (default)
2021-12-08 16:21:24,660 [pool-527-thread-1] INFO  server.RaftServerConfigKeys (ConfUtils.java:logGet(44)) - raft.server.log.statemachine.data.sync.timeout = 10s (default)
2021-12-08 16:21:24,660 [pool-527-thread-1] INFO  server.RaftServerConfigKeys (ConfUtils.java:logGet(44)) - raft.server.log.statemachine.data.sync.timeout.retry = -1 (default)
2021-12-08 16:21:24,661 [pool-527-thread-1] INFO  server.RaftServerConfigKeys (ConfUtils.java:logGet(44)) - raft.server.log.write.buffer.size = 1048576 (custom)
2021-12-08 16:21:24,677 [pool-527-thread-1] INFO  server.RaftServerConfigKeys (ConfUtils.java:logGet(44)) - raft.server.log.statemachine.data.caching.enabled = true (custom)
2021-12-08 16:21:24,678 [pool-527-thread-1] INFO  segmented.SegmentedRaftLogWorker (SegmentedRaftLogWorker.java:lambda$new$0(133)) - aade3cc6-3956-4ee6-b179-fa53d32d09ed@group-F9C456C264FD-SegmentedRaftLogWorker: flushIndex: setUnconditionally 0 -> -1
2021-12-08 16:21:24,678 [pool-527-thread-1] INFO  segmented.SegmentedRaftLogWorker (SegmentedRaftLogWorker.java:lambda$new$0(133)) - aade3cc6-3956-4ee6-b179-fa53d32d09ed@group-F9C456C264FD-SegmentedRaftLogWorker: safeCacheEvictIndex: setUnconditionally 0 -> -1
2021-12-08 16:21:24,678 [pool-527-thread-1] INFO  server.RaftServerConfigKeys (ConfUtils.java:logGet(44)) - raft.server.snapshot.auto.trigger.enabled = true (custom)
2021-12-08 16:21:24,678 [pool-527-thread-1] INFO  server.RaftServerConfigKeys (ConfUtils.java:logGet(44)) - raft.server.snapshot.auto.trigger.threshold = 10000 (custom)
2021-12-08 16:21:24,678 [pool-527-thread-1] INFO  server.RaftServerConfigKeys (ConfUtils.java:logGet(44)) - raft.server.snapshot.retention.file.num = 5 (custom)
2021-12-08 16:21:24,678 [pool-527-thread-1] INFO  server.RaftServerConfigKeys (ConfUtils.java:logGet(44)) - raft.server.log.purge.upto.snapshot.index = false (default)
2021-12-08 16:21:24,678 [pool-527-thread-1] INFO  server.RaftServerConfigKeys (ConfUtils.java:logGet(44)) - raft.server.retrycache.expirytime = 600000ms (custom)
2021-12-08 16:21:24,678 [pool-527-thread-1] INFO  server.RaftServerConfigKeys (ConfUtils.java:logGet(44)) - raft.server.retrycache.statistics.expirytime = 100μs (default)
2021-12-08 16:21:24,679 [pool-527-thread-1] INFO  server.RaftServer$Division (RaftServerImpl.java:start(301)) - aade3cc6-3956-4ee6-b179-fa53d32d09ed@group-F9C456C264FD: start as a follower, conf=-1: [41e2ec05-dc5a-40b5-a7e9-bf8cbfcf53f9|rpc:10.1.0.47:43527|dataStream:|priority:0, aade3cc6-3956-4ee6-b179-fa53d32d09ed|rpc:10.1.0.47:46851|dataStream:|priority:1, 6776850b-34cd-43e9-bf63-cfd53769401e|rpc:10.1.0.47:36301|dataStream:|priority:0], old=null
2021-12-08 16:21:24,679 [pool-527-thread-1] INFO  server.RaftServer$Division (RaftServerImpl.java:setRole(290)) - aade3cc6-3956-4ee6-b179-fa53d32d09ed@group-F9C456C264FD: changes role from      null to FOLLOWER at term 0 for startAsFollower
2021-12-08 16:21:24,679 [pool-527-thread-1] INFO  impl.RoleInfo (RoleInfo.java:updateAndGet(130)) - aade3cc6-3956-4ee6-b179-fa53d32d09ed: start aade3cc6-3956-4ee6-b179-fa53d32d09ed@group-F9C456C264FD-FollowerState
2021-12-08 16:21:24,701 [pool-527-thread-1] INFO  util.JmxRegister (JmxRegister.java:tryRegister(44)) - Successfully registered JMX Bean with object name Ratis:service=RaftServer,group=group-F9C456C264FD,id=aade3cc6-3956-4ee6-b179-fa53d32d09ed
2021-12-08 16:21:24,734 [Command processor thread] INFO  commandhandler.CreatePipelineCommandHandler (CreatePipelineCommandHandler.java:handle(106)) - Created Pipeline RATIS THREE PipelineID=4c632989-2b46-45ec-a670-f9c456c264fd.
2021-12-08 16:21:24,734 [Command processor thread] INFO  server.RaftServer (RaftServerProxy.java:addNew(95)) - 6776850b-34cd-43e9-bf63-cfd53769401e: addNew group-B350B0B50D88:[41e2ec05-dc5a-40b5-a7e9-bf8cbfcf53f9|rpc:10.1.0.47:43527|priority:0, aade3cc6-3956-4ee6-b179-fa53d32d09ed|rpc:10.1.0.47:46851|priority:0, 6776850b-34cd-43e9-bf63-cfd53769401e|rpc:10.1.0.47:36301|priority:1] returns group-B350B0B50D88:java.util.concurrent.CompletableFuture@434a29be[Not completed]
2021-12-08 16:21:24,735 [pool-485-thread-1] INFO  server.RaftServer$Division (RaftServerImpl.java:<init>(184)) - 6776850b-34cd-43e9-bf63-cfd53769401e: new RaftServerImpl for group-B350B0B50D88:[41e2ec05-dc5a-40b5-a7e9-bf8cbfcf53f9|rpc:10.1.0.47:43527|priority:0, aade3cc6-3956-4ee6-b179-fa53d32d09ed|rpc:10.1.0.47:46851|priority:0, 6776850b-34cd-43e9-bf63-cfd53769401e|rpc:10.1.0.47:36301|priority:1] with ContainerStateMachine:uninitialized
2021-12-08 16:21:24,735 [pool-485-thread-1] INFO  server.RaftServerConfigKeys (ConfUtils.java:logGet(44)) - raft.server.rpc.timeout.min = 5s (custom)
2021-12-08 16:21:24,735 [pool-485-thread-1] INFO  server.RaftServerConfigKeys (ConfUtils.java:logGet(44)) - raft.server.rpc.timeout.max = 5200ms (custom)
2021-12-08 16:21:24,735 [pool-485-thread-1] INFO  server.RaftServerConfigKeys (ConfUtils.java:logGet(44)) - raft.server.rpc.sleep.time = 25ms (default)
2021-12-08 16:21:24,735 [pool-485-thread-1] INFO  server.RaftServerConfigKeys (ConfUtils.java:logGet(44)) - raft.server.rpc.slowness.timeout = 300s (custom)
2021-12-08 16:21:24,735 [pool-485-thread-1] INFO  server.RaftServerConfigKeys (ConfUtils.java:logGet(44)) - raft.server.leaderelection.leader.step-down.wait-time = 10s (default)
2021-12-08 16:21:24,735 [pool-485-thread-1] INFO  server.RaftServerConfigKeys (ConfUtils.java:logGet(44)) - raft.server.sleep.deviation.threshold = 300ms (default)
2021-12-08 16:21:24,735 [pool-485-thread-1] INFO  server.RaftServerConfigKeys (ConfUtils.java:logGet(44)) - raft.server.log.appender.install.snapshot.enabled = false (custom)
2021-12-08 16:21:24,735 [pool-485-thread-1] INFO  server.RaftServer$Division (ServerState.java:<init>(105)) - 6776850b-34cd-43e9-bf63-cfd53769401e@group-B350B0B50D88: ConfigurationManager, init=-1: [41e2ec05-dc5a-40b5-a7e9-bf8cbfcf53f9|rpc:10.1.0.47:43527|priority:0, aade3cc6-3956-4ee6-b179-fa53d32d09ed|rpc:10.1.0.47:46851|priority:0, 6776850b-34cd-43e9-bf63-cfd53769401e|rpc:10.1.0.47:36301|priority:1], old=null, confs=<EMPTY_MAP>
2021-12-08 16:21:24,735 [pool-485-thread-1] INFO  server.RaftServerConfigKeys (ConfUtils.java:logGet(44)) - raft.server.storage.dir = [/home/runner/work/ozone/ozone/hadoop-ozone/integration-test/target/test-dir/MiniOzoneClusterImpl-cc1b9559-bfd4-4be1-82a5-849569d2441c/datanode-0/data/ratis] (custom)
2021-12-08 16:21:24,735 [pool-485-thread-1] INFO  server.RaftServerConfigKeys (ConfUtils.java:logGet(44)) - raft.server.log.corruption.policy = EXCEPTION (default)
2021-12-08 16:21:24,735 [pool-485-thread-1] INFO  server.RaftServerConfigKeys (ConfUtils.java:logGet(44)) - raft.server.storage.free-space.min = 0MB (=0) (default)
2021-12-08 16:21:24,735 [pool-485-thread-1] INFO  storage.RaftStorageDirectory (RaftStorageDirectoryImpl.java:analyzeStorage(135)) - The storage directory /home/runner/work/ozone/ozone/hadoop-ozone/integration-test/target/test-dir/MiniOzoneClusterImpl-cc1b9559-bfd4-4be1-82a5-849569d2441c/datanode-0/data/ratis/066f44f4-fd35-44e4-808a-b350b0b50d88 does not exist. Creating ...
2021-12-08 16:21:24,736 [pool-485-thread-1] INFO  storage.RaftStorageDirectory (RaftStorageDirectoryImpl.java:tryLock(230)) - Lock on /home/runner/work/ozone/ozone/hadoop-ozone/integration-test/target/test-dir/MiniOzoneClusterImpl-cc1b9559-bfd4-4be1-82a5-849569d2441c/datanode-0/data/ratis/066f44f4-fd35-44e4-808a-b350b0b50d88/in_use.lock acquired by nodename 9760@fv-az59-681
2021-12-08 16:21:24,737 [pool-485-thread-1] INFO  storage.RaftStorage (RaftStorageImpl.java:format(89)) - Storage directory /home/runner/work/ozone/ozone/hadoop-ozone/integration-test/target/test-dir/MiniOzoneClusterImpl-cc1b9559-bfd4-4be1-82a5-849569d2441c/datanode-0/data/ratis/066f44f4-fd35-44e4-808a-b350b0b50d88 has been successfully formatted.
2021-12-08 16:21:24,737 [pool-485-thread-1] INFO  ratis.ContainerStateMachine (ContainerStateMachine.java:loadSnapshot(231)) - group-B350B0B50D88: The snapshot info is null. Setting the last applied indexto:(t:0, i:~)
2021-12-08 16:21:24,737 [pool-485-thread-1] INFO  server.RaftServerConfigKeys (ConfUtils.java:logGet(44)) - raft.server.notification.no-leader.timeout = 300s (custom)
2021-12-08 16:21:24,737 [pool-485-thread-1] INFO  server.RaftServerConfigKeys (ConfUtils.java:logGet(44)) - raft.server.log.use.memory = false (default)
2021-12-08 16:21:24,737 [pool-485-thread-1] INFO  server.RaftServerConfigKeys (ConfUtils.java:logGet(44)) - raft.server.log.purge.gap = 1000000 (custom)
2021-12-08 16:21:24,737 [pool-485-thread-1] INFO  server.RaftServerConfigKeys (ConfUtils.java:logGet(44)) - raft.server.log.appender.buffer.byte-limit = 33554432 (custom)
2021-12-08 16:21:24,737 [pool-485-thread-1] INFO  server.RaftServerConfigKeys (ConfUtils.java:logGet(44)) - raft.server.log.segment.size.max = 1048576 (custom)
2021-12-08 16:21:24,738 [EventQueue-OpenPipelineForHealthyPipelineSafeModeRule] INFO  safemode.SCMSafeModeManager (HealthyPipelineSafeModeRule.java:process(124)) - SCM in safe mode. Healthy pipelines reported count is 0, required healthy pipeline reported count is 1
2021-12-08 16:21:24,738 [pool-485-thread-1] INFO  server.RaftServerConfigKeys (ConfUtils.java:logGet(44)) - raft.server.log.segment.cache.num.max = 2 (custom)
2021-12-08 16:21:24,738 [pool-485-thread-1] INFO  server.RaftServerConfigKeys (ConfUtils.java:logGet(44)) - raft.server.log.segment.cache.size.max = 200MB (=209715200) (default)
2021-12-08 16:21:24,738 [pool-485-thread-1] INFO  segmented.SegmentedRaftLogWorker (SegmentedRaftLogWorker.java:<init>(182)) - new 6776850b-34cd-43e9-bf63-cfd53769401e@group-B350B0B50D88-SegmentedRaftLogWorker for RaftStorageImpl:Storage Directory /home/runner/work/ozone/ozone/hadoop-ozone/integration-test/target/test-dir/MiniOzoneClusterImpl-cc1b9559-bfd4-4be1-82a5-849569d2441c/datanode-0/data/ratis/066f44f4-fd35-44e4-808a-b350b0b50d88
2021-12-08 16:21:24,738 [pool-485-thread-1] INFO  server.RaftServerConfigKeys (ConfUtils.java:logGet(44)) - raft.server.log.queue.byte-limit = 2147483647 (custom)
2021-12-08 16:21:24,738 [pool-485-thread-1] INFO  server.RaftServerConfigKeys (ConfUtils.java:logGet(44)) - raft.server.log.queue.element-limit = 1024 (custom)
2021-12-08 16:21:24,738 [pool-485-thread-1] INFO  server.RaftServerConfigKeys (ConfUtils.java:logGet(44)) - raft.server.log.segment.size.max = 1048576 (custom)
2021-12-08 16:21:24,738 [pool-485-thread-1] INFO  server.RaftServerConfigKeys (ConfUtils.java:logGet(44)) - raft.server.log.preallocated.size = 16384 (custom)
2021-12-08 16:21:24,738 [pool-485-thread-1] INFO  server.RaftServerConfigKeys (ConfUtils.java:logGet(44)) - raft.server.log.force.sync.num = 128 (default)
2021-12-08 16:21:24,738 [pool-485-thread-1] INFO  server.RaftServerConfigKeys (ConfUtils.java:logGet(44)) - raft.server.log.statemachine.data.sync = true (default)
2021-12-08 16:21:24,738 [pool-485-thread-1] INFO  server.RaftServerConfigKeys (ConfUtils.java:logGet(44)) - raft.server.log.statemachine.data.sync.timeout = 10s (default)
2021-12-08 16:21:24,738 [pool-485-thread-1] INFO  server.RaftServerConfigKeys (ConfUtils.java:logGet(44)) - raft.server.log.statemachine.data.sync.timeout.retry = -1 (default)
2021-12-08 16:21:24,739 [pool-485-thread-1] INFO  server.RaftServerConfigKeys (ConfUtils.java:logGet(44)) - raft.server.log.write.buffer.size = 1048576 (custom)
2021-12-08 16:21:24,740 [pool-485-thread-1] INFO  server.RaftServerConfigKeys (ConfUtils.java:logGet(44)) - raft.server.log.statemachine.data.caching.enabled = true (custom)
2021-12-08 16:21:24,740 [pool-485-thread-1] INFO  segmented.SegmentedRaftLogWorker (SegmentedRaftLogWorker.java:lambda$new$0(133)) - 6776850b-34cd-43e9-bf63-cfd53769401e@group-B350B0B50D88-SegmentedRaftLogWorker: flushIndex: setUnconditionally 0 -> -1
2021-12-08 16:21:24,740 [pool-485-thread-1] INFO  segmented.SegmentedRaftLogWorker (SegmentedRaftLogWorker.java:lambda$new$0(133)) - 6776850b-34cd-43e9-bf63-cfd53769401e@group-B350B0B50D88-SegmentedRaftLogWorker: safeCacheEvictIndex: setUnconditionally 0 -> -1
2021-12-08 16:21:24,747 [pool-485-thread-1] INFO  server.RaftServerConfigKeys (ConfUtils.java:logGet(44)) - raft.server.snapshot.auto.trigger.enabled = true (custom)
2021-12-08 16:21:24,747 [pool-485-thread-1] INFO  server.RaftServerConfigKeys (ConfUtils.java:logGet(44)) - raft.server.snapshot.auto.trigger.threshold = 10000 (custom)
2021-12-08 16:21:24,747 [pool-485-thread-1] INFO  server.RaftServerConfigKeys (ConfUtils.java:logGet(44)) - raft.server.snapshot.retention.file.num = 5 (custom)
2021-12-08 16:21:24,747 [pool-485-thread-1] INFO  server.RaftServerConfigKeys (ConfUtils.java:logGet(44)) - raft.server.log.purge.upto.snapshot.index = false (default)
2021-12-08 16:21:24,747 [pool-485-thread-1] INFO  server.RaftServerConfigKeys (ConfUtils.java:logGet(44)) - raft.server.retrycache.expirytime = 600000ms (custom)
2021-12-08 16:21:24,747 [pool-485-thread-1] INFO  server.RaftServerConfigKeys (ConfUtils.java:logGet(44)) - raft.server.retrycache.statistics.expirytime = 100μs (default)
2021-12-08 16:21:24,749 [pool-485-thread-1] INFO  server.RaftServer$Division (RaftServerImpl.java:start(301)) - 6776850b-34cd-43e9-bf63-cfd53769401e@group-B350B0B50D88: start as a follower, conf=-1: [41e2ec05-dc5a-40b5-a7e9-bf8cbfcf53f9|rpc:10.1.0.47:43527|priority:0, aade3cc6-3956-4ee6-b179-fa53d32d09ed|rpc:10.1.0.47:46851|priority:0, 6776850b-34cd-43e9-bf63-cfd53769401e|rpc:10.1.0.47:36301|priority:1], old=null
2021-12-08 16:21:24,749 [pool-485-thread-1] INFO  server.RaftServer$Division (RaftServerImpl.java:setRole(290)) - 6776850b-34cd-43e9-bf63-cfd53769401e@group-B350B0B50D88: changes role from      null to FOLLOWER at term 0 for startAsFollower
2021-12-08 16:21:24,750 [pool-485-thread-1] INFO  impl.RoleInfo (RoleInfo.java:updateAndGet(130)) - 6776850b-34cd-43e9-bf63-cfd53769401e: start 6776850b-34cd-43e9-bf63-cfd53769401e@group-B350B0B50D88-FollowerState
2021-12-08 16:21:24,750 [pool-485-thread-1] INFO  util.JmxRegister (JmxRegister.java:tryRegister(44)) - Successfully registered JMX Bean with object name Ratis:service=RaftServer,group=group-B350B0B50D88,id=6776850b-34cd-43e9-bf63-cfd53769401e
2021-12-08 16:21:24,750 [Command processor thread] INFO  ratis.XceiverServerRatis (XceiverServerRatis.java:addGroup(768)) - Created group PipelineID=066f44f4-fd35-44e4-808a-b350b0b50d88
2021-12-08 16:21:24,794 [grpc-default-executor-0] INFO  server.RaftServer (RaftServerProxy.java:addNew(95)) - 41e2ec05-dc5a-40b5-a7e9-bf8cbfcf53f9: addNew group-B350B0B50D88:[41e2ec05-dc5a-40b5-a7e9-bf8cbfcf53f9|rpc:10.1.0.47:43527|dataStream:|priority:0, aade3cc6-3956-4ee6-b179-fa53d32d09ed|rpc:10.1.0.47:46851|dataStream:|priority:0, 6776850b-34cd-43e9-bf63-cfd53769401e|rpc:10.1.0.47:36301|dataStream:|priority:1] returns group-B350B0B50D88:java.util.concurrent.CompletableFuture@2db07a90[Not completed]
2021-12-08 16:21:24,794 [pool-506-thread-1] INFO  server.RaftServer$Division (RaftServerImpl.java:<init>(184)) - 41e2ec05-dc5a-40b5-a7e9-bf8cbfcf53f9: new RaftServerImpl for group-B350B0B50D88:[41e2ec05-dc5a-40b5-a7e9-bf8cbfcf53f9|rpc:10.1.0.47:43527|dataStream:|priority:0, aade3cc6-3956-4ee6-b179-fa53d32d09ed|rpc:10.1.0.47:46851|dataStream:|priority:0, 6776850b-34cd-43e9-bf63-cfd53769401e|rpc:10.1.0.47:36301|dataStream:|priority:1] with ContainerStateMachine:uninitialized
2021-12-08 16:21:24,794 [pool-506-thread-1] INFO  server.RaftServerConfigKeys (ConfUtils.java:logGet(44)) - raft.server.rpc.timeout.min = 5s (custom)
2021-12-08 16:21:24,794 [pool-506-thread-1] INFO  server.RaftServerConfigKeys (ConfUtils.java:logGet(44)) - raft.server.rpc.timeout.max = 5200ms (custom)
2021-12-08 16:21:24,794 [pool-506-thread-1] INFO  server.RaftServerConfigKeys (ConfUtils.java:logGet(44)) - raft.server.rpc.sleep.time = 25ms (default)
2021-12-08 16:21:24,794 [pool-506-thread-1] INFO  server.RaftServerConfigKeys (ConfUtils.java:logGet(44)) - raft.server.rpc.slowness.timeout = 300s (custom)
2021-12-08 16:21:24,794 [pool-506-thread-1] INFO  server.RaftServerConfigKeys (ConfUtils.java:logGet(44)) - raft.server.leaderelection.leader.step-down.wait-time = 10s (default)
2021-12-08 16:21:24,795 [pool-506-thread-1] INFO  server.RaftServerConfigKeys (ConfUtils.java:logGet(44)) - raft.server.sleep.deviation.threshold = 300ms (default)
2021-12-08 16:21:24,795 [pool-506-thread-1] INFO  server.RaftServerConfigKeys (ConfUtils.java:logGet(44)) - raft.server.log.appender.install.snapshot.enabled = false (custom)
2021-12-08 16:21:24,795 [pool-506-thread-1] INFO  server.RaftServer$Division (ServerState.java:<init>(105)) - 41e2ec05-dc5a-40b5-a7e9-bf8cbfcf53f9@group-B350B0B50D88: ConfigurationManager, init=-1: [41e2ec05-dc5a-40b5-a7e9-bf8cbfcf53f9|rpc:10.1.0.47:43527|dataStream:|priority:0, aade3cc6-3956-4ee6-b179-fa53d32d09ed|rpc:10.1.0.47:46851|dataStream:|priority:0, 6776850b-34cd-43e9-bf63-cfd53769401e|rpc:10.1.0.47:36301|dataStream:|priority:1], old=null, confs=<EMPTY_MAP>
2021-12-08 16:21:24,795 [pool-506-thread-1] INFO  server.RaftServerConfigKeys (ConfUtils.java:logGet(44)) - raft.server.storage.dir = [/home/runner/work/ozone/ozone/hadoop-ozone/integration-test/target/test-dir/MiniOzoneClusterImpl-cc1b9559-bfd4-4be1-82a5-849569d2441c/datanode-1/data/ratis] (custom)
2021-12-08 16:21:24,795 [pool-506-thread-1] INFO  server.RaftServerConfigKeys (ConfUtils.java:logGet(44)) - raft.server.log.corruption.policy = EXCEPTION (default)
2021-12-08 16:21:24,795 [pool-506-thread-1] INFO  server.RaftServerConfigKeys (ConfUtils.java:logGet(44)) - raft.server.storage.free-space.min = 0MB (=0) (default)
2021-12-08 16:21:24,795 [pool-506-thread-1] INFO  storage.RaftStorageDirectory (RaftStorageDirectoryImpl.java:analyzeStorage(135)) - The storage directory /home/runner/work/ozone/ozone/hadoop-ozone/integration-test/target/test-dir/MiniOzoneClusterImpl-cc1b9559-bfd4-4be1-82a5-849569d2441c/datanode-1/data/ratis/066f44f4-fd35-44e4-808a-b350b0b50d88 does not exist. Creating ...
2021-12-08 16:21:24,796 [pool-506-thread-1] INFO  storage.RaftStorageDirectory (RaftStorageDirectoryImpl.java:tryLock(230)) - Lock on /home/runner/work/ozone/ozone/hadoop-ozone/integration-test/target/test-dir/MiniOzoneClusterImpl-cc1b9559-bfd4-4be1-82a5-849569d2441c/datanode-1/data/ratis/066f44f4-fd35-44e4-808a-b350b0b50d88/in_use.lock acquired by nodename 9760@fv-az59-681
2021-12-08 16:21:24,797 [pool-506-thread-1] INFO  storage.RaftStorage (RaftStorageImpl.java:format(89)) - Storage directory /home/runner/work/ozone/ozone/hadoop-ozone/integration-test/target/test-dir/MiniOzoneClusterImpl-cc1b9559-bfd4-4be1-82a5-849569d2441c/datanode-1/data/ratis/066f44f4-fd35-44e4-808a-b350b0b50d88 has been successfully formatted.
2021-12-08 16:21:24,797 [pool-506-thread-1] INFO  ratis.ContainerStateMachine (ContainerStateMachine.java:loadSnapshot(231)) - group-B350B0B50D88: The snapshot info is null. Setting the last applied indexto:(t:0, i:~)
2021-12-08 16:21:24,797 [pool-506-thread-1] INFO  server.RaftServerConfigKeys (ConfUtils.java:logGet(44)) - raft.server.notification.no-leader.timeout = 300s (custom)
2021-12-08 16:21:24,797 [pool-506-thread-1] INFO  server.RaftServerConfigKeys (ConfUtils.java:logGet(44)) - raft.server.log.use.memory = false (default)
2021-12-08 16:21:24,797 [pool-506-thread-1] INFO  server.RaftServerConfigKeys (ConfUtils.java:logGet(44)) - raft.server.log.purge.gap = 1000000 (custom)
2021-12-08 16:21:24,797 [pool-506-thread-1] INFO  server.RaftServerConfigKeys (ConfUtils.java:logGet(44)) - raft.server.log.appender.buffer.byte-limit = 33554432 (custom)
2021-12-08 16:21:24,797 [pool-506-thread-1] INFO  server.RaftServerConfigKeys (ConfUtils.java:logGet(44)) - raft.server.log.segment.size.max = 1048576 (custom)
2021-12-08 16:21:24,798 [pool-506-thread-1] INFO  server.RaftServerConfigKeys (ConfUtils.java:logGet(44)) - raft.server.log.segment.cache.num.max = 2 (custom)
2021-12-08 16:21:24,798 [pool-506-thread-1] INFO  server.RaftServerConfigKeys (ConfUtils.java:logGet(44)) - raft.server.log.segment.cache.size.max = 200MB (=209715200) (default)
2021-12-08 16:21:24,798 [pool-506-thread-1] INFO  segmented.SegmentedRaftLogWorker (SegmentedRaftLogWorker.java:<init>(182)) - new 41e2ec05-dc5a-40b5-a7e9-bf8cbfcf53f9@group-B350B0B50D88-SegmentedRaftLogWorker for RaftStorageImpl:Storage Directory /home/runner/work/ozone/ozone/hadoop-ozone/integration-test/target/test-dir/MiniOzoneClusterImpl-cc1b9559-bfd4-4be1-82a5-849569d2441c/datanode-1/data/ratis/066f44f4-fd35-44e4-808a-b350b0b50d88
2021-12-08 16:21:24,798 [pool-506-thread-1] INFO  server.RaftServerConfigKeys (ConfUtils.java:logGet(44)) - raft.server.log.queue.byte-limit = 2147483647 (custom)
2021-12-08 16:21:24,798 [pool-506-thread-1] INFO  server.RaftServerConfigKeys (ConfUtils.java:logGet(44)) - raft.server.log.queue.element-limit = 1024 (custom)
2021-12-08 16:21:24,798 [pool-506-thread-1] INFO  server.RaftServerConfigKeys (ConfUtils.java:logGet(44)) - raft.server.log.segment.size.max = 1048576 (custom)
2021-12-08 16:21:24,798 [pool-506-thread-1] INFO  server.RaftServerConfigKeys (ConfUtils.java:logGet(44)) - raft.server.log.preallocated.size = 16384 (custom)
2021-12-08 16:21:24,798 [pool-506-thread-1] INFO  server.RaftServerConfigKeys (ConfUtils.java:logGet(44)) - raft.server.log.force.sync.num = 128 (default)
2021-12-08 16:21:24,798 [pool-506-thread-1] INFO  server.RaftServerConfigKeys (ConfUtils.java:logGet(44)) - raft.server.log.statemachine.data.sync = true (default)
2021-12-08 16:21:24,798 [pool-506-thread-1] INFO  server.RaftServerConfigKeys (ConfUtils.java:logGet(44)) - raft.server.log.statemachine.data.sync.timeout = 10s (default)
2021-12-08 16:21:24,798 [pool-506-thread-1] INFO  server.RaftServerConfigKeys (ConfUtils.java:logGet(44)) - raft.server.log.statemachine.data.sync.timeout.retry = -1 (default)
2021-12-08 16:21:24,799 [pool-506-thread-1] INFO  server.RaftServerConfigKeys (ConfUtils.java:logGet(44)) - raft.server.log.write.buffer.size = 1048576 (custom)
2021-12-08 16:21:24,799 [pool-506-thread-1] INFO  server.RaftServerConfigKeys (ConfUtils.java:logGet(44)) - raft.server.log.statemachine.data.caching.enabled = true (custom)
2021-12-08 16:21:24,799 [pool-506-thread-1] INFO  segmented.SegmentedRaftLogWorker (SegmentedRaftLogWorker.java:lambda$new$0(133)) - 41e2ec05-dc5a-40b5-a7e9-bf8cbfcf53f9@group-B350B0B50D88-SegmentedRaftLogWorker: flushIndex: setUnconditionally 0 -> -1
2021-12-08 16:21:24,799 [pool-506-thread-1] INFO  segmented.SegmentedRaftLogWorker (SegmentedRaftLogWorker.java:lambda$new$0(133)) - 41e2ec05-dc5a-40b5-a7e9-bf8cbfcf53f9@group-B350B0B50D88-SegmentedRaftLogWorker: safeCacheEvictIndex: setUnconditionally 0 -> -1
2021-12-08 16:21:24,803 [pool-506-thread-1] INFO  server.RaftServerConfigKeys (ConfUtils.java:logGet(44)) - raft.server.snapshot.auto.trigger.enabled = true (custom)
2021-12-08 16:21:24,803 [pool-506-thread-1] INFO  server.RaftServerConfigKeys (ConfUtils.java:logGet(44)) - raft.server.snapshot.auto.trigger.threshold = 10000 (custom)
2021-12-08 16:21:24,803 [pool-506-thread-1] INFO  server.RaftServerConfigKeys (ConfUtils.java:logGet(44)) - raft.server.snapshot.retention.file.num = 5 (custom)
2021-12-08 16:21:24,803 [pool-506-thread-1] INFO  server.RaftServerConfigKeys (ConfUtils.java:logGet(44)) - raft.server.log.purge.upto.snapshot.index = false (default)
2021-12-08 16:21:24,803 [pool-506-thread-1] INFO  server.RaftServerConfigKeys (ConfUtils.java:logGet(44)) - raft.server.retrycache.expirytime = 600000ms (custom)
2021-12-08 16:21:24,803 [pool-506-thread-1] INFO  server.RaftServerConfigKeys (ConfUtils.java:logGet(44)) - raft.server.retrycache.statistics.expirytime = 100μs (default)
2021-12-08 16:21:24,804 [pool-506-thread-1] INFO  server.RaftServer$Division (RaftServerImpl.java:start(301)) - 41e2ec05-dc5a-40b5-a7e9-bf8cbfcf53f9@group-B350B0B50D88: start as a follower, conf=-1: [41e2ec05-dc5a-40b5-a7e9-bf8cbfcf53f9|rpc:10.1.0.47:43527|dataStream:|priority:0, aade3cc6-3956-4ee6-b179-fa53d32d09ed|rpc:10.1.0.47:46851|dataStream:|priority:0, 6776850b-34cd-43e9-bf63-cfd53769401e|rpc:10.1.0.47:36301|dataStream:|priority:1], old=null
2021-12-08 16:21:24,804 [pool-506-thread-1] INFO  server.RaftServer$Division (RaftServerImpl.java:setRole(290)) - 41e2ec05-dc5a-40b5-a7e9-bf8cbfcf53f9@group-B350B0B50D88: changes role from      null to FOLLOWER at term 0 for startAsFollower
2021-12-08 16:21:24,804 [pool-506-thread-1] INFO  impl.RoleInfo (RoleInfo.java:updateAndGet(130)) - 41e2ec05-dc5a-40b5-a7e9-bf8cbfcf53f9: start 41e2ec05-dc5a-40b5-a7e9-bf8cbfcf53f9@group-B350B0B50D88-FollowerState
2021-12-08 16:21:24,804 [pool-506-thread-1] INFO  util.JmxRegister (JmxRegister.java:tryRegister(44)) - Successfully registered JMX Bean with object name Ratis:service=RaftServer,group=group-B350B0B50D88,id=41e2ec05-dc5a-40b5-a7e9-bf8cbfcf53f9
2021-12-08 16:21:24,867 [Command processor thread] INFO  server.RaftServer (RaftServerProxy.java:addNew(95)) - 41e2ec05-dc5a-40b5-a7e9-bf8cbfcf53f9: addNew group-30CA66F13897:[41e2ec05-dc5a-40b5-a7e9-bf8cbfcf53f9|rpc:10.1.0.47:43527|priority:1] returns group-30CA66F13897:java.util.concurrent.CompletableFuture@60507bfa[Not completed]
2021-12-08 16:21:24,867 [grpc-default-executor-0] INFO  server.RaftServer (RaftServerProxy.java:addNew(95)) - aade3cc6-3956-4ee6-b179-fa53d32d09ed: addNew group-B350B0B50D88:[41e2ec05-dc5a-40b5-a7e9-bf8cbfcf53f9|rpc:10.1.0.47:43527|dataStream:|priority:0, aade3cc6-3956-4ee6-b179-fa53d32d09ed|rpc:10.1.0.47:46851|dataStream:|priority:0, 6776850b-34cd-43e9-bf63-cfd53769401e|rpc:10.1.0.47:36301|dataStream:|priority:1] returns group-B350B0B50D88:java.util.concurrent.CompletableFuture@1e60d253[Not completed]
2021-12-08 16:21:24,867 [pool-506-thread-1] INFO  server.RaftServer$Division (RaftServerImpl.java:<init>(184)) - 41e2ec05-dc5a-40b5-a7e9-bf8cbfcf53f9: new RaftServerImpl for group-30CA66F13897:[41e2ec05-dc5a-40b5-a7e9-bf8cbfcf53f9|rpc:10.1.0.47:43527|priority:1] with ContainerStateMachine:uninitialized
2021-12-08 16:21:24,868 [pool-506-thread-1] INFO  server.RaftServerConfigKeys (ConfUtils.java:logGet(44)) - raft.server.rpc.timeout.min = 5s (custom)
2021-12-08 16:21:24,868 [pool-506-thread-1] INFO  server.RaftServerConfigKeys (ConfUtils.java:logGet(44)) - raft.server.rpc.timeout.max = 5200ms (custom)
2021-12-08 16:21:24,868 [pool-506-thread-1] INFO  server.RaftServerConfigKeys (ConfUtils.java:logGet(44)) - raft.server.rpc.sleep.time = 25ms (default)
2021-12-08 16:21:24,868 [pool-506-thread-1] INFO  server.RaftServerConfigKeys (ConfUtils.java:logGet(44)) - raft.server.rpc.slowness.timeout = 300s (custom)
2021-12-08 16:21:24,868 [pool-506-thread-1] INFO  server.RaftServerConfigKeys (ConfUtils.java:logGet(44)) - raft.server.leaderelection.leader.step-down.wait-time = 10s (default)
2021-12-08 16:21:24,868 [pool-506-thread-1] INFO  server.RaftServerConfigKeys (ConfUtils.java:logGet(44)) - raft.server.sleep.deviation.threshold = 300ms (default)
2021-12-08 16:21:24,868 [pool-506-thread-1] INFO  server.RaftServerConfigKeys (ConfUtils.java:logGet(44)) - raft.server.log.appender.install.snapshot.enabled = false (custom)
2021-12-08 16:21:24,868 [pool-506-thread-1] INFO  server.RaftServer$Division (ServerState.java:<init>(105)) - 41e2ec05-dc5a-40b5-a7e9-bf8cbfcf53f9@group-30CA66F13897: ConfigurationManager, init=-1: [41e2ec05-dc5a-40b5-a7e9-bf8cbfcf53f9|rpc:10.1.0.47:43527|priority:1], old=null, confs=<EMPTY_MAP>
2021-12-08 16:21:24,868 [pool-506-thread-1] INFO  server.RaftServerConfigKeys (ConfUtils.java:logGet(44)) - raft.server.storage.dir = [/home/runner/work/ozone/ozone/hadoop-ozone/integration-test/target/test-dir/MiniOzoneClusterImpl-cc1b9559-bfd4-4be1-82a5-849569d2441c/datanode-1/data/ratis] (custom)
2021-12-08 16:21:24,868 [pool-506-thread-1] INFO  server.RaftServerConfigKeys (ConfUtils.java:logGet(44)) - raft.server.log.corruption.policy = EXCEPTION (default)
2021-12-08 16:21:24,868 [pool-506-thread-1] INFO  server.RaftServerConfigKeys (ConfUtils.java:logGet(44)) - raft.server.storage.free-space.min = 0MB (=0) (default)
2021-12-08 16:21:24,868 [pool-506-thread-1] INFO  storage.RaftStorageDirectory (RaftStorageDirectoryImpl.java:analyzeStorage(135)) - The storage directory /home/runner/work/ozone/ozone/hadoop-ozone/integration-test/target/test-dir/MiniOzoneClusterImpl-cc1b9559-bfd4-4be1-82a5-849569d2441c/datanode-1/data/ratis/19784f27-05de-4aeb-8510-30ca66f13897 does not exist. Creating ...
2021-12-08 16:21:24,870 [pool-527-thread-1] INFO  server.RaftServer$Division (RaftServerImpl.java:<init>(184)) - aade3cc6-3956-4ee6-b179-fa53d32d09ed: new RaftServerImpl for group-B350B0B50D88:[41e2ec05-dc5a-40b5-a7e9-bf8cbfcf53f9|rpc:10.1.0.47:43527|dataStream:|priority:0, aade3cc6-3956-4ee6-b179-fa53d32d09ed|rpc:10.1.0.47:46851|dataStream:|priority:0, 6776850b-34cd-43e9-bf63-cfd53769401e|rpc:10.1.0.47:36301|dataStream:|priority:1] with ContainerStateMachine:uninitialized
2021-12-08 16:21:24,870 [pool-527-thread-1] INFO  server.RaftServerConfigKeys (ConfUtils.java:logGet(44)) - raft.server.rpc.timeout.min = 5s (custom)
2021-12-08 16:21:24,870 [pool-527-thread-1] INFO  server.RaftServerConfigKeys (ConfUtils.java:logGet(44)) - raft.server.rpc.timeout.max = 5200ms (custom)
2021-12-08 16:21:24,870 [pool-527-thread-1] INFO  server.RaftServerConfigKeys (ConfUtils.java:logGet(44)) - raft.server.rpc.sleep.time = 25ms (default)
2021-12-08 16:21:24,870 [pool-527-thread-1] INFO  server.RaftServerConfigKeys (ConfUtils.java:logGet(44)) - raft.server.rpc.slowness.timeout = 300s (custom)
2021-12-08 16:21:24,870 [pool-527-thread-1] INFO  server.RaftServerConfigKeys (ConfUtils.java:logGet(44)) - raft.server.leaderelection.leader.step-down.wait-time = 10s (default)
2021-12-08 16:21:24,870 [pool-527-thread-1] INFO  server.RaftServerConfigKeys (ConfUtils.java:logGet(44)) - raft.server.sleep.deviation.threshold = 300ms (default)
2021-12-08 16:21:24,870 [pool-527-thread-1] INFO  server.RaftServerConfigKeys (ConfUtils.java:logGet(44)) - raft.server.log.appender.install.snapshot.enabled = false (custom)
2021-12-08 16:21:24,870 [pool-527-thread-1] INFO  server.RaftServer$Division (ServerState.java:<init>(105)) - aade3cc6-3956-4ee6-b179-fa53d32d09ed@group-B350B0B50D88: ConfigurationManager, init=-1: [41e2ec05-dc5a-40b5-a7e9-bf8cbfcf53f9|rpc:10.1.0.47:43527|dataStream:|priority:0, aade3cc6-3956-4ee6-b179-fa53d32d09ed|rpc:10.1.0.47:46851|dataStream:|priority:0, 6776850b-34cd-43e9-bf63-cfd53769401e|rpc:10.1.0.47:36301|dataStream:|priority:1], old=null, confs=<EMPTY_MAP>
2021-12-08 16:21:24,870 [pool-527-thread-1] INFO  server.RaftServerConfigKeys (ConfUtils.java:logGet(44)) - raft.server.storage.dir = [/home/runner/work/ozone/ozone/hadoop-ozone/integration-test/target/test-dir/MiniOzoneClusterImpl-cc1b9559-bfd4-4be1-82a5-849569d2441c/datanode-2/data/ratis] (custom)
2021-12-08 16:21:24,870 [pool-527-thread-1] INFO  server.RaftServerConfigKeys (ConfUtils.java:logGet(44)) - raft.server.log.corruption.policy = EXCEPTION (default)
2021-12-08 16:21:24,875 [pool-527-thread-1] INFO  server.RaftServerConfigKeys (ConfUtils.java:logGet(44)) - raft.server.storage.free-space.min = 0MB (=0) (default)
2021-12-08 16:21:24,875 [pool-527-thread-1] INFO  storage.RaftStorageDirectory (RaftStorageDirectoryImpl.java:analyzeStorage(135)) - The storage directory /home/runner/work/ozone/ozone/hadoop-ozone/integration-test/target/test-dir/MiniOzoneClusterImpl-cc1b9559-bfd4-4be1-82a5-849569d2441c/datanode-2/data/ratis/066f44f4-fd35-44e4-808a-b350b0b50d88 does not exist. Creating ...
2021-12-08 16:21:24,876 [pool-527-thread-1] INFO  storage.RaftStorageDirectory (RaftStorageDirectoryImpl.java:tryLock(230)) - Lock on /home/runner/work/ozone/ozone/hadoop-ozone/integration-test/target/test-dir/MiniOzoneClusterImpl-cc1b9559-bfd4-4be1-82a5-849569d2441c/datanode-2/data/ratis/066f44f4-fd35-44e4-808a-b350b0b50d88/in_use.lock acquired by nodename 9760@fv-az59-681
2021-12-08 16:21:24,877 [pool-506-thread-1] INFO  storage.RaftStorageDirectory (RaftStorageDirectoryImpl.java:tryLock(230)) - Lock on /home/runner/work/ozone/ozone/hadoop-ozone/integration-test/target/test-dir/MiniOzoneClusterImpl-cc1b9559-bfd4-4be1-82a5-849569d2441c/datanode-1/data/ratis/19784f27-05de-4aeb-8510-30ca66f13897/in_use.lock acquired by nodename 9760@fv-az59-681
2021-12-08 16:21:24,877 [pool-527-thread-1] INFO  storage.RaftStorage (RaftStorageImpl.java:format(89)) - Storage directory /home/runner/work/ozone/ozone/hadoop-ozone/integration-test/target/test-dir/MiniOzoneClusterImpl-cc1b9559-bfd4-4be1-82a5-849569d2441c/datanode-2/data/ratis/066f44f4-fd35-44e4-808a-b350b0b50d88 has been successfully formatted.
2021-12-08 16:21:24,877 [pool-527-thread-1] INFO  ratis.ContainerStateMachine (ContainerStateMachine.java:loadSnapshot(231)) - group-B350B0B50D88: The snapshot info is null. Setting the last applied indexto:(t:0, i:~)
2021-12-08 16:21:24,877 [pool-527-thread-1] INFO  server.RaftServerConfigKeys (ConfUtils.java:logGet(44)) - raft.server.notification.no-leader.timeout = 300s (custom)
2021-12-08 16:21:24,877 [pool-527-thread-1] INFO  server.RaftServerConfigKeys (ConfUtils.java:logGet(44)) - raft.server.log.use.memory = false (default)
2021-12-08 16:21:24,877 [pool-527-thread-1] INFO  server.RaftServerConfigKeys (ConfUtils.java:logGet(44)) - raft.server.log.purge.gap = 1000000 (custom)
2021-12-08 16:21:24,877 [pool-527-thread-1] INFO  server.RaftServerConfigKeys (ConfUtils.java:logGet(44)) - raft.server.log.appender.buffer.byte-limit = 33554432 (custom)
2021-12-08 16:21:24,877 [pool-527-thread-1] INFO  server.RaftServerConfigKeys (ConfUtils.java:logGet(44)) - raft.server.log.segment.size.max = 1048576 (custom)
2021-12-08 16:21:24,878 [pool-527-thread-1] INFO  server.RaftServerConfigKeys (ConfUtils.java:logGet(44)) - raft.server.log.segment.cache.num.max = 2 (custom)
2021-12-08 16:21:24,878 [pool-527-thread-1] INFO  server.RaftServerConfigKeys (ConfUtils.java:logGet(44)) - raft.server.log.segment.cache.size.max = 200MB (=209715200) (default)
2021-12-08 16:21:24,878 [pool-527-thread-1] INFO  segmented.SegmentedRaftLogWorker (SegmentedRaftLogWorker.java:<init>(182)) - new aade3cc6-3956-4ee6-b179-fa53d32d09ed@group-B350B0B50D88-SegmentedRaftLogWorker for RaftStorageImpl:Storage Directory /home/runner/work/ozone/ozone/hadoop-ozone/integration-test/target/test-dir/MiniOzoneClusterImpl-cc1b9559-bfd4-4be1-82a5-849569d2441c/datanode-2/data/ratis/066f44f4-fd35-44e4-808a-b350b0b50d88
2021-12-08 16:21:24,878 [pool-527-thread-1] INFO  server.RaftServerConfigKeys (ConfUtils.java:logGet(44)) - raft.server.log.queue.byte-limit = 2147483647 (custom)
2021-12-08 16:21:24,878 [pool-527-thread-1] INFO  server.RaftServerConfigKeys (ConfUtils.java:logGet(44)) - raft.server.log.queue.element-limit = 1024 (custom)
2021-12-08 16:21:24,878 [pool-506-thread-1] INFO  storage.RaftStorage (RaftStorageImpl.java:format(89)) - Storage directory /home/runner/work/ozone/ozone/hadoop-ozone/integration-test/target/test-dir/MiniOzoneClusterImpl-cc1b9559-bfd4-4be1-82a5-849569d2441c/datanode-1/data/ratis/19784f27-05de-4aeb-8510-30ca66f13897 has been successfully formatted.
2021-12-08 16:21:24,878 [pool-527-thread-1] INFO  server.RaftServerConfigKeys (ConfUtils.java:logGet(44)) - raft.server.log.segment.size.max = 1048576 (custom)
2021-12-08 16:21:24,878 [pool-527-thread-1] INFO  server.RaftServerConfigKeys (ConfUtils.java:logGet(44)) - raft.server.log.preallocated.size = 16384 (custom)
2021-12-08 16:21:24,879 [pool-527-thread-1] INFO  server.RaftServerConfigKeys (ConfUtils.java:logGet(44)) - raft.server.log.force.sync.num = 128 (default)
2021-12-08 16:21:24,879 [pool-527-thread-1] INFO  server.RaftServerConfigKeys (ConfUtils.java:logGet(44)) - raft.server.log.statemachine.data.sync = true (default)
2021-12-08 16:21:24,879 [EventQueue-PipelineReportForPipelineReportHandler] INFO  pipeline.PipelineManagerImpl (PipelineManagerImpl.java:openPipeline(291)) - Pipeline Pipeline[ Id: 19784f27-05de-4aeb-8510-30ca66f13897, Nodes: 41e2ec05-dc5a-40b5-a7e9-bf8cbfcf53f9{ip: 10.1.0.47, host: fv-az59-681.csjynl4pkq3e1pkirw3ssqjfoh.cx.internal.cloudapp.net, ports: [REPLICATION=38025, RATIS=43527, RATIS_ADMIN=43527, RATIS_SERVER=43527, STANDALONE=38505], networkLocation: /default-rack, certSerialId: null, persistedOpState: IN_SERVICE, persistedOpStateExpiryEpochSec: 0}, ReplicationConfig: RATIS/ONE, State:ALLOCATED, leaderId:41e2ec05-dc5a-40b5-a7e9-bf8cbfcf53f9, CreationTimestamp2021-12-08T16:21:21.858Z[Etc/UTC]] moved to OPEN state
2021-12-08 16:21:24,879 [pool-527-thread-1] INFO  server.RaftServerConfigKeys (ConfUtils.java:logGet(44)) - raft.server.log.statemachine.data.sync.timeout = 10s (default)
2021-12-08 16:21:24,879 [pool-527-thread-1] INFO  server.RaftServerConfigKeys (ConfUtils.java:logGet(44)) - raft.server.log.statemachine.data.sync.timeout.retry = -1 (default)
2021-12-08 16:21:24,879 [EventQueue-OpenPipelineForHealthyPipelineSafeModeRule] INFO  safemode.SCMSafeModeManager (HealthyPipelineSafeModeRule.java:process(124)) - SCM in safe mode. Healthy pipelines reported count is 0, required healthy pipeline reported count is 1
2021-12-08 16:21:24,882 [pool-506-thread-1] INFO  ratis.ContainerStateMachine (ContainerStateMachine.java:loadSnapshot(231)) - group-30CA66F13897: The snapshot info is null. Setting the last applied indexto:(t:0, i:~)
2021-12-08 16:21:24,883 [pool-527-thread-1] INFO  server.RaftServerConfigKeys (ConfUtils.java:logGet(44)) - raft.server.log.write.buffer.size = 1048576 (custom)
2021-12-08 16:21:24,884 [pool-527-thread-1] INFO  server.RaftServerConfigKeys (ConfUtils.java:logGet(44)) - raft.server.log.statemachine.data.caching.enabled = true (custom)
2021-12-08 16:21:24,884 [pool-527-thread-1] INFO  segmented.SegmentedRaftLogWorker (SegmentedRaftLogWorker.java:lambda$new$0(133)) - aade3cc6-3956-4ee6-b179-fa53d32d09ed@group-B350B0B50D88-SegmentedRaftLogWorker: flushIndex: setUnconditionally 0 -> -1
2021-12-08 16:21:24,884 [pool-527-thread-1] INFO  segmented.SegmentedRaftLogWorker (SegmentedRaftLogWorker.java:lambda$new$0(133)) - aade3cc6-3956-4ee6-b179-fa53d32d09ed@group-B350B0B50D88-SegmentedRaftLogWorker: safeCacheEvictIndex: setUnconditionally 0 -> -1
2021-12-08 16:21:24,887 [pool-527-thread-1] INFO  server.RaftServerConfigKeys (ConfUtils.java:logGet(44)) - raft.server.snapshot.auto.trigger.enabled = true (custom)
2021-12-08 16:21:24,887 [pool-527-thread-1] INFO  server.RaftServerConfigKeys (ConfUtils.java:logGet(44)) - raft.server.snapshot.auto.trigger.threshold = 10000 (custom)
2021-12-08 16:21:24,887 [pool-527-thread-1] INFO  server.RaftServerConfigKeys (ConfUtils.java:logGet(44)) - raft.server.snapshot.retention.file.num = 5 (custom)
2021-12-08 16:21:24,887 [pool-527-thread-1] INFO  server.RaftServerConfigKeys (ConfUtils.java:logGet(44)) - raft.server.log.purge.upto.snapshot.index = false (default)
2021-12-08 16:21:24,887 [pool-527-thread-1] INFO  server.RaftServerConfigKeys (ConfUtils.java:logGet(44)) - raft.server.retrycache.expirytime = 600000ms (custom)
2021-12-08 16:21:24,887 [pool-527-thread-1] INFO  server.RaftServerConfigKeys (ConfUtils.java:logGet(44)) - raft.server.retrycache.statistics.expirytime = 100μs (default)
2021-12-08 16:21:24,888 [pool-527-thread-1] INFO  server.RaftServer$Division (RaftServerImpl.java:start(301)) - aade3cc6-3956-4ee6-b179-fa53d32d09ed@group-B350B0B50D88: start as a follower, conf=-1: [41e2ec05-dc5a-40b5-a7e9-bf8cbfcf53f9|rpc:10.1.0.47:43527|dataStream:|priority:0, aade3cc6-3956-4ee6-b179-fa53d32d09ed|rpc:10.1.0.47:46851|dataStream:|priority:0, 6776850b-34cd-43e9-bf63-cfd53769401e|rpc:10.1.0.47:36301|dataStream:|priority:1], old=null
2021-12-08 16:21:24,888 [pool-527-thread-1] INFO  server.RaftServer$Division (RaftServerImpl.java:setRole(290)) - aade3cc6-3956-4ee6-b179-fa53d32d09ed@group-B350B0B50D88: changes role from      null to FOLLOWER at term 0 for startAsFollower
2021-12-08 16:21:24,888 [pool-527-thread-1] INFO  impl.RoleInfo (RoleInfo.java:updateAndGet(130)) - aade3cc6-3956-4ee6-b179-fa53d32d09ed: start aade3cc6-3956-4ee6-b179-fa53d32d09ed@group-B350B0B50D88-FollowerState
2021-12-08 16:21:24,891 [pool-506-thread-1] INFO  server.RaftServerConfigKeys (ConfUtils.java:logGet(44)) - raft.server.notification.no-leader.timeout = 300s (custom)
2021-12-08 16:21:24,891 [pool-506-thread-1] INFO  server.RaftServerConfigKeys (ConfUtils.java:logGet(44)) - raft.server.log.use.memory = false (default)
2021-12-08 16:21:24,891 [pool-506-thread-1] INFO  server.RaftServerConfigKeys (ConfUtils.java:logGet(44)) - raft.server.log.purge.gap = 1000000 (custom)
2021-12-08 16:21:24,891 [pool-506-thread-1] INFO  server.RaftServerConfigKeys (ConfUtils.java:logGet(44)) - raft.server.log.appender.buffer.byte-limit = 33554432 (custom)
2021-12-08 16:21:24,891 [pool-506-thread-1] INFO  server.RaftServerConfigKeys (ConfUtils.java:logGet(44)) - raft.server.log.segment.size.max = 1048576 (custom)
2021-12-08 16:21:24,891 [pool-506-thread-1] INFO  server.RaftServerConfigKeys (ConfUtils.java:logGet(44)) - raft.server.log.segment.cache.num.max = 2 (custom)
2021-12-08 16:21:24,891 [pool-506-thread-1] INFO  server.RaftServerConfigKeys (ConfUtils.java:logGet(44)) - raft.server.log.segment.cache.size.max = 200MB (=209715200) (default)
2021-12-08 16:21:24,891 [pool-506-thread-1] INFO  segmented.SegmentedRaftLogWorker (SegmentedRaftLogWorker.java:<init>(182)) - new 41e2ec05-dc5a-40b5-a7e9-bf8cbfcf53f9@group-30CA66F13897-SegmentedRaftLogWorker for RaftStorageImpl:Storage Directory /home/runner/work/ozone/ozone/hadoop-ozone/integration-test/target/test-dir/MiniOzoneClusterImpl-cc1b9559-bfd4-4be1-82a5-849569d2441c/datanode-1/data/ratis/19784f27-05de-4aeb-8510-30ca66f13897
2021-12-08 16:21:24,891 [pool-506-thread-1] INFO  server.RaftServerConfigKeys (ConfUtils.java:logGet(44)) - raft.server.log.queue.byte-limit = 2147483647 (custom)
2021-12-08 16:21:24,891 [pool-506-thread-1] INFO  server.RaftServerConfigKeys (ConfUtils.java:logGet(44)) - raft.server.log.queue.element-limit = 1024 (custom)
2021-12-08 16:21:24,891 [pool-506-thread-1] INFO  server.RaftServerConfigKeys (ConfUtils.java:logGet(44)) - raft.server.log.segment.size.max = 1048576 (custom)
2021-12-08 16:21:24,891 [pool-506-thread-1] INFO  server.RaftServerConfigKeys (ConfUtils.java:logGet(44)) - raft.server.log.preallocated.size = 16384 (custom)
2021-12-08 16:21:24,891 [pool-506-thread-1] INFO  server.RaftServerConfigKeys (ConfUtils.java:logGet(44)) - raft.server.log.force.sync.num = 128 (default)
2021-12-08 16:21:24,891 [pool-506-thread-1] INFO  server.RaftServerConfigKeys (ConfUtils.java:logGet(44)) - raft.server.log.statemachine.data.sync = true (default)
2021-12-08 16:21:24,891 [pool-506-thread-1] INFO  server.RaftServerConfigKeys (ConfUtils.java:logGet(44)) - raft.server.log.statemachine.data.sync.timeout = 10s (default)
2021-12-08 16:21:24,891 [pool-506-thread-1] INFO  server.RaftServerConfigKeys (ConfUtils.java:logGet(44)) - raft.server.log.statemachine.data.sync.timeout.retry = -1 (default)
2021-12-08 16:21:24,901 [pool-527-thread-1] INFO  util.JmxRegister (JmxRegister.java:tryRegister(44)) - Successfully registered JMX Bean with object name Ratis:service=RaftServer,group=group-B350B0B50D88,id=aade3cc6-3956-4ee6-b179-fa53d32d09ed
2021-12-08 16:21:24,928 [pool-506-thread-1] INFO  server.RaftServerConfigKeys (ConfUtils.java:logGet(44)) - raft.server.log.write.buffer.size = 1048576 (custom)
2021-12-08 16:21:24,929 [pool-506-thread-1] INFO  server.RaftServerConfigKeys (ConfUtils.java:logGet(44)) - raft.server.log.statemachine.data.caching.enabled = true (custom)
2021-12-08 16:21:24,929 [pool-506-thread-1] INFO  segmented.SegmentedRaftLogWorker (SegmentedRaftLogWorker.java:lambda$new$0(133)) - 41e2ec05-dc5a-40b5-a7e9-bf8cbfcf53f9@group-30CA66F13897-SegmentedRaftLogWorker: flushIndex: setUnconditionally 0 -> -1
2021-12-08 16:21:24,929 [pool-506-thread-1] INFO  segmented.SegmentedRaftLogWorker (SegmentedRaftLogWorker.java:lambda$new$0(133)) - 41e2ec05-dc5a-40b5-a7e9-bf8cbfcf53f9@group-30CA66F13897-SegmentedRaftLogWorker: safeCacheEvictIndex: setUnconditionally 0 -> -1
2021-12-08 16:21:24,942 [pool-506-thread-1] INFO  server.RaftServerConfigKeys (ConfUtils.java:logGet(44)) - raft.server.snapshot.auto.trigger.enabled = true (custom)
2021-12-08 16:21:24,942 [pool-506-thread-1] INFO  server.RaftServerConfigKeys (ConfUtils.java:logGet(44)) - raft.server.snapshot.auto.trigger.threshold = 10000 (custom)
2021-12-08 16:21:24,942 [pool-506-thread-1] INFO  server.RaftServerConfigKeys (ConfUtils.java:logGet(44)) - raft.server.snapshot.retention.file.num = 5 (custom)
2021-12-08 16:21:24,943 [pool-506-thread-1] INFO  server.RaftServerConfigKeys (ConfUtils.java:logGet(44)) - raft.server.log.purge.upto.snapshot.index = false (default)
2021-12-08 16:21:24,943 [pool-506-thread-1] INFO  server.RaftServerConfigKeys (ConfUtils.java:logGet(44)) - raft.server.retrycache.expirytime = 600000ms (custom)
2021-12-08 16:21:24,943 [pool-506-thread-1] INFO  server.RaftServerConfigKeys (ConfUtils.java:logGet(44)) - raft.server.retrycache.statistics.expirytime = 100μs (default)
2021-12-08 16:21:24,944 [pool-506-thread-1] INFO  server.RaftServer$Division (RaftServerImpl.java:start(301)) - 41e2ec05-dc5a-40b5-a7e9-bf8cbfcf53f9@group-30CA66F13897: start as a follower, conf=-1: [41e2ec05-dc5a-40b5-a7e9-bf8cbfcf53f9|rpc:10.1.0.47:43527|priority:1], old=null
2021-12-08 16:21:24,944 [pool-506-thread-1] INFO  server.RaftServer$Division (RaftServerImpl.java:setRole(290)) - 41e2ec05-dc5a-40b5-a7e9-bf8cbfcf53f9@group-30CA66F13897: changes role from      null to FOLLOWER at term 0 for startAsFollower
2021-12-08 16:21:24,944 [pool-506-thread-1] INFO  impl.RoleInfo (RoleInfo.java:updateAndGet(130)) - 41e2ec05-dc5a-40b5-a7e9-bf8cbfcf53f9: start 41e2ec05-dc5a-40b5-a7e9-bf8cbfcf53f9@group-30CA66F13897-FollowerState
2021-12-08 16:21:24,944 [pool-506-thread-1] INFO  util.JmxRegister (JmxRegister.java:tryRegister(44)) - Successfully registered JMX Bean with object name Ratis:service=RaftServer,group=group-30CA66F13897,id=41e2ec05-dc5a-40b5-a7e9-bf8cbfcf53f9
2021-12-08 16:21:24,945 [Command processor thread] INFO  ratis.XceiverServerRatis (XceiverServerRatis.java:addGroup(768)) - Created group PipelineID=19784f27-05de-4aeb-8510-30ca66f13897
2021-12-08 16:21:24,945 [Command processor thread] INFO  commandhandler.CreatePipelineCommandHandler (CreatePipelineCommandHandler.java:handle(106)) - Created Pipeline RATIS ONE PipelineID=19784f27-05de-4aeb-8510-30ca66f13897.
2021-12-08 16:21:24,977 [Command processor thread] INFO  commandhandler.CreatePipelineCommandHandler (CreatePipelineCommandHandler.java:handle(106)) - Created Pipeline RATIS THREE PipelineID=066f44f4-fd35-44e4-808a-b350b0b50d88.
2021-12-08 16:21:25,231 [Listener at 127.0.0.1/45609] INFO  ozone.MiniOzoneClusterImpl (MiniOzoneClusterImpl.java:lambda$waitForClusterToBeReady$0(235)) - Nodes are ready. Got 3 of 3 DN Heartbeats.
2021-12-08 16:21:25,231 [Listener at 127.0.0.1/45609] INFO  ozone.MiniOzoneClusterImpl (MiniOzoneClusterImpl.java:lambda$waitForClusterToBeReady$0(238)) - Waiting for cluster to exit safe mode
2021-12-08 16:21:25,231 [Listener at 127.0.0.1/45609] INFO  ozone.MiniOzoneClusterImpl (MiniOzoneClusterImpl.java:lambda$waitForClusterToBeReady$0(240)) - SCM became leader
2021-12-08 16:21:25,255 [Command processor thread] INFO  server.RaftServer (RaftServerProxy.java:addNew(95)) - aade3cc6-3956-4ee6-b179-fa53d32d09ed: addNew group-F96465653175:[aade3cc6-3956-4ee6-b179-fa53d32d09ed|rpc:10.1.0.47:46851|priority:1] returns group-F96465653175:java.util.concurrent.CompletableFuture@72f1b81d[Not completed]
2021-12-08 16:21:25,256 [pool-527-thread-1] INFO  server.RaftServer$Division (RaftServerImpl.java:<init>(184)) - aade3cc6-3956-4ee6-b179-fa53d32d09ed: new RaftServerImpl for group-F96465653175:[aade3cc6-3956-4ee6-b179-fa53d32d09ed|rpc:10.1.0.47:46851|priority:1] with ContainerStateMachine:uninitialized
2021-12-08 16:21:25,256 [pool-527-thread-1] INFO  server.RaftServerConfigKeys (ConfUtils.java:logGet(44)) - raft.server.rpc.timeout.min = 5s (custom)
2021-12-08 16:21:25,256 [pool-527-thread-1] INFO  server.RaftServerConfigKeys (ConfUtils.java:logGet(44)) - raft.server.rpc.timeout.max = 5200ms (custom)
2021-12-08 16:21:25,256 [pool-527-thread-1] INFO  server.RaftServerConfigKeys (ConfUtils.java:logGet(44)) - raft.server.rpc.sleep.time = 25ms (default)
2021-12-08 16:21:25,256 [pool-527-thread-1] INFO  server.RaftServerConfigKeys (ConfUtils.java:logGet(44)) - raft.server.rpc.slowness.timeout = 300s (custom)
2021-12-08 16:21:25,256 [pool-527-thread-1] INFO  server.RaftServerConfigKeys (ConfUtils.java:logGet(44)) - raft.server.leaderelection.leader.step-down.wait-time = 10s (default)
2021-12-08 16:21:25,256 [pool-527-thread-1] INFO  server.RaftServerConfigKeys (ConfUtils.java:logGet(44)) - raft.server.sleep.deviation.threshold = 300ms (default)
2021-12-08 16:21:25,256 [pool-527-thread-1] INFO  server.RaftServerConfigKeys (ConfUtils.java:logGet(44)) - raft.server.log.appender.install.snapshot.enabled = false (custom)
2021-12-08 16:21:25,256 [pool-527-thread-1] INFO  server.RaftServer$Division (ServerState.java:<init>(105)) - aade3cc6-3956-4ee6-b179-fa53d32d09ed@group-F96465653175: ConfigurationManager, init=-1: [aade3cc6-3956-4ee6-b179-fa53d32d09ed|rpc:10.1.0.47:46851|priority:1], old=null, confs=<EMPTY_MAP>
2021-12-08 16:21:25,256 [pool-527-thread-1] INFO  server.RaftServerConfigKeys (ConfUtils.java:logGet(44)) - raft.server.storage.dir = [/home/runner/work/ozone/ozone/hadoop-ozone/integration-test/target/test-dir/MiniOzoneClusterImpl-cc1b9559-bfd4-4be1-82a5-849569d2441c/datanode-2/data/ratis] (custom)
2021-12-08 16:21:25,257 [pool-527-thread-1] INFO  server.RaftServerConfigKeys (ConfUtils.java:logGet(44)) - raft.server.log.corruption.policy = EXCEPTION (default)
2021-12-08 16:21:25,257 [pool-527-thread-1] INFO  server.RaftServerConfigKeys (ConfUtils.java:logGet(44)) - raft.server.storage.free-space.min = 0MB (=0) (default)
2021-12-08 16:21:25,257 [pool-527-thread-1] INFO  storage.RaftStorageDirectory (RaftStorageDirectoryImpl.java:analyzeStorage(135)) - The storage directory /home/runner/work/ozone/ozone/hadoop-ozone/integration-test/target/test-dir/MiniOzoneClusterImpl-cc1b9559-bfd4-4be1-82a5-849569d2441c/datanode-2/data/ratis/eeea4004-8849-41e0-b282-f96465653175 does not exist. Creating ...
2021-12-08 16:21:25,258 [pool-527-thread-1] INFO  storage.RaftStorageDirectory (RaftStorageDirectoryImpl.java:tryLock(230)) - Lock on /home/runner/work/ozone/ozone/hadoop-ozone/integration-test/target/test-dir/MiniOzoneClusterImpl-cc1b9559-bfd4-4be1-82a5-849569d2441c/datanode-2/data/ratis/eeea4004-8849-41e0-b282-f96465653175/in_use.lock acquired by nodename 9760@fv-az59-681
2021-12-08 16:21:25,259 [pool-527-thread-1] INFO  storage.RaftStorage (RaftStorageImpl.java:format(89)) - Storage directory /home/runner/work/ozone/ozone/hadoop-ozone/integration-test/target/test-dir/MiniOzoneClusterImpl-cc1b9559-bfd4-4be1-82a5-849569d2441c/datanode-2/data/ratis/eeea4004-8849-41e0-b282-f96465653175 has been successfully formatted.
2021-12-08 16:21:25,260 [pool-527-thread-1] INFO  ratis.ContainerStateMachine (ContainerStateMachine.java:loadSnapshot(231)) - group-F96465653175: The snapshot info is null. Setting the last applied indexto:(t:0, i:~)
2021-12-08 16:21:25,260 [EventQueue-PipelineReportForPipelineReportHandler] INFO  pipeline.PipelineManagerImpl (PipelineManagerImpl.java:openPipeline(291)) - Pipeline Pipeline[ Id: eeea4004-8849-41e0-b282-f96465653175, Nodes: aade3cc6-3956-4ee6-b179-fa53d32d09ed{ip: 10.1.0.47, host: fv-az59-681.csjynl4pkq3e1pkirw3ssqjfoh.cx.internal.cloudapp.net, ports: [REPLICATION=43395, RATIS=46851, RATIS_ADMIN=46851, RATIS_SERVER=46851, STANDALONE=39137], networkLocation: /default-rack, certSerialId: null, persistedOpState: IN_SERVICE, persistedOpStateExpiryEpochSec: 0}, ReplicationConfig: RATIS/ONE, State:ALLOCATED, leaderId:aade3cc6-3956-4ee6-b179-fa53d32d09ed, CreationTimestamp2021-12-08T16:21:22.261Z[Etc/UTC]] moved to OPEN state
2021-12-08 16:21:25,261 [EventQueue-OpenPipelineForHealthyPipelineSafeModeRule] INFO  safemode.SCMSafeModeManager (HealthyPipelineSafeModeRule.java:process(124)) - SCM in safe mode. Healthy pipelines reported count is 0, required healthy pipeline reported count is 1
2021-12-08 16:21:25,261 [pool-527-thread-1] INFO  server.RaftServerConfigKeys (ConfUtils.java:logGet(44)) - raft.server.notification.no-leader.timeout = 300s (custom)
2021-12-08 16:21:25,262 [pool-527-thread-1] INFO  server.RaftServerConfigKeys (ConfUtils.java:logGet(44)) - raft.server.log.use.memory = false (default)
2021-12-08 16:21:25,262 [pool-527-thread-1] INFO  server.RaftServerConfigKeys (ConfUtils.java:logGet(44)) - raft.server.log.purge.gap = 1000000 (custom)
2021-12-08 16:21:25,262 [pool-527-thread-1] INFO  server.RaftServerConfigKeys (ConfUtils.java:logGet(44)) - raft.server.log.appender.buffer.byte-limit = 33554432 (custom)
2021-12-08 16:21:25,262 [pool-527-thread-1] INFO  server.RaftServerConfigKeys (ConfUtils.java:logGet(44)) - raft.server.log.segment.size.max = 1048576 (custom)
2021-12-08 16:21:25,263 [pool-527-thread-1] INFO  server.RaftServerConfigKeys (ConfUtils.java:logGet(44)) - raft.server.log.segment.cache.num.max = 2 (custom)
2021-12-08 16:21:25,263 [pool-527-thread-1] INFO  server.RaftServerConfigKeys (ConfUtils.java:logGet(44)) - raft.server.log.segment.cache.size.max = 200MB (=209715200) (default)
2021-12-08 16:21:25,263 [pool-527-thread-1] INFO  segmented.SegmentedRaftLogWorker (SegmentedRaftLogWorker.java:<init>(182)) - new aade3cc6-3956-4ee6-b179-fa53d32d09ed@group-F96465653175-SegmentedRaftLogWorker for RaftStorageImpl:Storage Directory /home/runner/work/ozone/ozone/hadoop-ozone/integration-test/target/test-dir/MiniOzoneClusterImpl-cc1b9559-bfd4-4be1-82a5-849569d2441c/datanode-2/data/ratis/eeea4004-8849-41e0-b282-f96465653175
2021-12-08 16:21:25,263 [pool-527-thread-1] INFO  server.RaftServerConfigKeys (ConfUtils.java:logGet(44)) - raft.server.log.queue.byte-limit = 2147483647 (custom)
2021-12-08 16:21:25,263 [pool-527-thread-1] INFO  server.RaftServerConfigKeys (ConfUtils.java:logGet(44)) - raft.server.log.queue.element-limit = 1024 (custom)
2021-12-08 16:21:25,263 [pool-527-thread-1] INFO  server.RaftServerConfigKeys (ConfUtils.java:logGet(44)) - raft.server.log.segment.size.max = 1048576 (custom)
2021-12-08 16:21:25,263 [pool-527-thread-1] INFO  server.RaftServerConfigKeys (ConfUtils.java:logGet(44)) - raft.server.log.preallocated.size = 16384 (custom)
2021-12-08 16:21:25,263 [pool-527-thread-1] INFO  server.RaftServerConfigKeys (ConfUtils.java:logGet(44)) - raft.server.log.force.sync.num = 128 (default)
2021-12-08 16:21:25,263 [pool-527-thread-1] INFO  server.RaftServerConfigKeys (ConfUtils.java:logGet(44)) - raft.server.log.statemachine.data.sync = true (default)
2021-12-08 16:21:25,263 [pool-527-thread-1] INFO  server.RaftServerConfigKeys (ConfUtils.java:logGet(44)) - raft.server.log.statemachine.data.sync.timeout = 10s (default)
2021-12-08 16:21:25,263 [pool-527-thread-1] INFO  server.RaftServerConfigKeys (ConfUtils.java:logGet(44)) - raft.server.log.statemachine.data.sync.timeout.retry = -1 (default)
2021-12-08 16:21:25,264 [pool-527-thread-1] INFO  server.RaftServerConfigKeys (ConfUtils.java:logGet(44)) - raft.server.log.write.buffer.size = 1048576 (custom)
2021-12-08 16:21:25,264 [pool-527-thread-1] INFO  server.RaftServerConfigKeys (ConfUtils.java:logGet(44)) - raft.server.log.statemachine.data.caching.enabled = true (custom)
2021-12-08 16:21:25,265 [pool-527-thread-1] INFO  segmented.SegmentedRaftLogWorker (SegmentedRaftLogWorker.java:lambda$new$0(133)) - aade3cc6-3956-4ee6-b179-fa53d32d09ed@group-F96465653175-SegmentedRaftLogWorker: flushIndex: setUnconditionally 0 -> -1
2021-12-08 16:21:25,265 [pool-527-thread-1] INFO  segmented.SegmentedRaftLogWorker (SegmentedRaftLogWorker.java:lambda$new$0(133)) - aade3cc6-3956-4ee6-b179-fa53d32d09ed@group-F96465653175-SegmentedRaftLogWorker: safeCacheEvictIndex: setUnconditionally 0 -> -1
2021-12-08 16:21:25,267 [pool-527-thread-1] INFO  server.RaftServerConfigKeys (ConfUtils.java:logGet(44)) - raft.server.snapshot.auto.trigger.enabled = true (custom)
2021-12-08 16:21:25,267 [pool-527-thread-1] INFO  server.RaftServerConfigKeys (ConfUtils.java:logGet(44)) - raft.server.snapshot.auto.trigger.threshold = 10000 (custom)
2021-12-08 16:21:25,267 [pool-527-thread-1] INFO  server.RaftServerConfigKeys (ConfUtils.java:logGet(44)) - raft.server.snapshot.retention.file.num = 5 (custom)
2021-12-08 16:21:25,267 [pool-527-thread-1] INFO  server.RaftServerConfigKeys (ConfUtils.java:logGet(44)) - raft.server.log.purge.upto.snapshot.index = false (default)
2021-12-08 16:21:25,267 [pool-527-thread-1] INFO  server.RaftServerConfigKeys (ConfUtils.java:logGet(44)) - raft.server.retrycache.expirytime = 600000ms (custom)
2021-12-08 16:21:25,267 [pool-527-thread-1] INFO  server.RaftServerConfigKeys (ConfUtils.java:logGet(44)) - raft.server.retrycache.statistics.expirytime = 100μs (default)
2021-12-08 16:21:25,268 [pool-527-thread-1] INFO  server.RaftServer$Division (RaftServerImpl.java:start(301)) - aade3cc6-3956-4ee6-b179-fa53d32d09ed@group-F96465653175: start as a follower, conf=-1: [aade3cc6-3956-4ee6-b179-fa53d32d09ed|rpc:10.1.0.47:46851|priority:1], old=null
2021-12-08 16:21:25,268 [pool-527-thread-1] INFO  server.RaftServer$Division (RaftServerImpl.java:setRole(290)) - aade3cc6-3956-4ee6-b179-fa53d32d09ed@group-F96465653175: changes role from      null to FOLLOWER at term 0 for startAsFollower
2021-12-08 16:21:25,268 [pool-527-thread-1] INFO  impl.RoleInfo (RoleInfo.java:updateAndGet(130)) - aade3cc6-3956-4ee6-b179-fa53d32d09ed: start aade3cc6-3956-4ee6-b179-fa53d32d09ed@group-F96465653175-FollowerState
2021-12-08 16:21:25,268 [pool-527-thread-1] INFO  util.JmxRegister (JmxRegister.java:tryRegister(44)) - Successfully registered JMX Bean with object name Ratis:service=RaftServer,group=group-F96465653175,id=aade3cc6-3956-4ee6-b179-fa53d32d09ed
2021-12-08 16:21:25,269 [Command processor thread] INFO  ratis.XceiverServerRatis (XceiverServerRatis.java:addGroup(768)) - Created group PipelineID=eeea4004-8849-41e0-b282-f96465653175
2021-12-08 16:21:25,269 [Command processor thread] INFO  commandhandler.CreatePipelineCommandHandler (CreatePipelineCommandHandler.java:handle(106)) - Created Pipeline RATIS ONE PipelineID=eeea4004-8849-41e0-b282-f96465653175.
2021-12-08 16:21:26,232 [Listener at 127.0.0.1/45609] INFO  ozone.MiniOzoneClusterImpl (MiniOzoneClusterImpl.java:lambda$waitForClusterToBeReady$0(235)) - Nodes are ready. Got 3 of 3 DN Heartbeats.
2021-12-08 16:21:26,232 [Listener at 127.0.0.1/45609] INFO  ozone.MiniOzoneClusterImpl (MiniOzoneClusterImpl.java:lambda$waitForClusterToBeReady$0(238)) - Waiting for cluster to exit safe mode
2021-12-08 16:21:26,232 [Listener at 127.0.0.1/45609] INFO  ozone.MiniOzoneClusterImpl (MiniOzoneClusterImpl.java:lambda$waitForClusterToBeReady$0(240)) - SCM became leader
2021-12-08 16:21:27,232 [Listener at 127.0.0.1/45609] INFO  ozone.MiniOzoneClusterImpl (MiniOzoneClusterImpl.java:lambda$waitForClusterToBeReady$0(235)) - Nodes are ready. Got 3 of 3 DN Heartbeats.
2021-12-08 16:21:27,232 [Listener at 127.0.0.1/45609] INFO  ozone.MiniOzoneClusterImpl (MiniOzoneClusterImpl.java:lambda$waitForClusterToBeReady$0(238)) - Waiting for cluster to exit safe mode
2021-12-08 16:21:27,233 [Listener at 127.0.0.1/45609] INFO  ozone.MiniOzoneClusterImpl (MiniOzoneClusterImpl.java:lambda$waitForClusterToBeReady$0(240)) - SCM became leader
2021-12-08 16:21:28,233 [Listener at 127.0.0.1/45609] INFO  ozone.MiniOzoneClusterImpl (MiniOzoneClusterImpl.java:lambda$waitForClusterToBeReady$0(235)) - Nodes are ready. Got 3 of 3 DN Heartbeats.
2021-12-08 16:21:28,233 [Listener at 127.0.0.1/45609] INFO  ozone.MiniOzoneClusterImpl (MiniOzoneClusterImpl.java:lambda$waitForClusterToBeReady$0(238)) - Waiting for cluster to exit safe mode
2021-12-08 16:21:28,233 [Listener at 127.0.0.1/45609] INFO  ozone.MiniOzoneClusterImpl (MiniOzoneClusterImpl.java:lambda$waitForClusterToBeReady$0(240)) - SCM became leader
2021-12-08 16:21:29,233 [Listener at 127.0.0.1/45609] INFO  ozone.MiniOzoneClusterImpl (MiniOzoneClusterImpl.java:lambda$waitForClusterToBeReady$0(235)) - Nodes are ready. Got 3 of 3 DN Heartbeats.
2021-12-08 16:21:29,234 [Listener at 127.0.0.1/45609] INFO  ozone.MiniOzoneClusterImpl (MiniOzoneClusterImpl.java:lambda$waitForClusterToBeReady$0(238)) - Waiting for cluster to exit safe mode
2021-12-08 16:21:29,234 [Listener at 127.0.0.1/45609] INFO  ozone.MiniOzoneClusterImpl (MiniOzoneClusterImpl.java:lambda$waitForClusterToBeReady$0(240)) - SCM became leader
2021-12-08 16:21:29,510 [6776850b-34cd-43e9-bf63-cfd53769401e@group-F38156AB3543-FollowerState] INFO  impl.FollowerState (FollowerState.java:run(134)) - 6776850b-34cd-43e9-bf63-cfd53769401e@group-F38156AB3543-FollowerState: change to CANDIDATE, lastRpcElapsedTime:5117277824ns, electionTimeout:5111ms
2021-12-08 16:21:29,510 [6776850b-34cd-43e9-bf63-cfd53769401e@group-F38156AB3543-FollowerState] INFO  impl.RoleInfo (RoleInfo.java:shutdownFollowerState(108)) - 6776850b-34cd-43e9-bf63-cfd53769401e: shutdown 6776850b-34cd-43e9-bf63-cfd53769401e@group-F38156AB3543-FollowerState
2021-12-08 16:21:29,511 [6776850b-34cd-43e9-bf63-cfd53769401e@group-F38156AB3543-FollowerState] INFO  server.RaftServer$Division (RaftServerImpl.java:setRole(290)) - 6776850b-34cd-43e9-bf63-cfd53769401e@group-F38156AB3543: changes role from  FOLLOWER to CANDIDATE at term 0 for changeToCandidate
2021-12-08 16:21:29,515 [6776850b-34cd-43e9-bf63-cfd53769401e@group-F38156AB3543-FollowerState] INFO  server.RaftServerConfigKeys (ConfUtils.java:logGet(44)) - raft.server.leaderelection.pre-vote = false (custom)
2021-12-08 16:21:29,516 [6776850b-34cd-43e9-bf63-cfd53769401e@group-F38156AB3543-FollowerState] INFO  impl.RoleInfo (RoleInfo.java:updateAndGet(130)) - 6776850b-34cd-43e9-bf63-cfd53769401e: start 6776850b-34cd-43e9-bf63-cfd53769401e@group-F38156AB3543-LeaderElection52
2021-12-08 16:21:29,553 [6776850b-34cd-43e9-bf63-cfd53769401e@group-F38156AB3543-LeaderElection52] INFO  impl.LeaderElection (LeaderElection.java:askForVotes(306)) - 6776850b-34cd-43e9-bf63-cfd53769401e@group-F38156AB3543-LeaderElection52 ELECTION round 0: submit vote requests at term 1 for -1: [6776850b-34cd-43e9-bf63-cfd53769401e|rpc:10.1.0.47:36301|priority:1], old=null
2021-12-08 16:21:29,553 [6776850b-34cd-43e9-bf63-cfd53769401e@group-F38156AB3543-LeaderElection52] INFO  impl.LeaderElection (LeaderElection.java:askForVotes(308)) - 6776850b-34cd-43e9-bf63-cfd53769401e@group-F38156AB3543-LeaderElection52 ELECTION round 0: result PASSED (term=1)
2021-12-08 16:21:29,553 [6776850b-34cd-43e9-bf63-cfd53769401e@group-F38156AB3543-LeaderElection52] INFO  impl.RoleInfo (RoleInfo.java:shutdownLeaderElection(121)) - 6776850b-34cd-43e9-bf63-cfd53769401e: shutdown 6776850b-34cd-43e9-bf63-cfd53769401e@group-F38156AB3543-LeaderElection52
2021-12-08 16:21:29,553 [6776850b-34cd-43e9-bf63-cfd53769401e@group-F38156AB3543-LeaderElection52] INFO  server.RaftServer$Division (RaftServerImpl.java:setRole(290)) - 6776850b-34cd-43e9-bf63-cfd53769401e@group-F38156AB3543: changes role from CANDIDATE to LEADER at term 1 for changeToLeader
2021-12-08 16:21:29,553 [6776850b-34cd-43e9-bf63-cfd53769401e@group-F38156AB3543-LeaderElection52] INFO  ratis.XceiverServerRatis (XceiverServerRatis.java:handleLeaderChangedNotification(866)) - Leader change notification received for group: group-F38156AB3543 with new leaderId: 6776850b-34cd-43e9-bf63-cfd53769401e
2021-12-08 16:21:29,553 [6776850b-34cd-43e9-bf63-cfd53769401e@group-F38156AB3543-LeaderElection52] INFO  server.RaftServer$Division (ServerState.java:setLeader(285)) - 6776850b-34cd-43e9-bf63-cfd53769401e@group-F38156AB3543: change Leader from null to 6776850b-34cd-43e9-bf63-cfd53769401e at term 1 for becomeLeader, leader elected after 5215ms
2021-12-08 16:21:29,553 [6776850b-34cd-43e9-bf63-cfd53769401e@group-F38156AB3543-LeaderElection52] INFO  server.RaftServerConfigKeys (ConfUtils.java:logGet(44)) - raft.server.staging.catchup.gap = 1000 (default)
2021-12-08 16:21:29,553 [6776850b-34cd-43e9-bf63-cfd53769401e@group-F38156AB3543-LeaderElection52] INFO  server.RaftServerConfigKeys (ConfUtils.java:logGet(44)) - raft.server.write.element-limit = 1024 (custom)
2021-12-08 16:21:29,553 [6776850b-34cd-43e9-bf63-cfd53769401e@group-F38156AB3543-LeaderElection52] INFO  server.RaftServerConfigKeys (ConfUtils.java:logGet(44)) - raft.server.write.byte-limit = 1024 M (=1073741824) (custom)
2021-12-08 16:21:29,554 [6776850b-34cd-43e9-bf63-cfd53769401e@group-F38156AB3543-LeaderElection52] INFO  server.RaftServerConfigKeys (ConfUtils.java:logGet(44)) - raft.server.watch.timeout = 180s (custom)
2021-12-08 16:21:29,554 [6776850b-34cd-43e9-bf63-cfd53769401e@group-F38156AB3543-LeaderElection52] INFO  server.RaftServerConfigKeys (ConfUtils.java:logGet(44)) - raft.server.watch.timeout.denomination = 1s (default)
2021-12-08 16:21:29,554 [6776850b-34cd-43e9-bf63-cfd53769401e@group-F38156AB3543-LeaderElection52] INFO  server.RaftServerConfigKeys (ConfUtils.java:logGet(44)) - raft.server.watch.element-limit = 65536 (default)
2021-12-08 16:21:29,554 [6776850b-34cd-43e9-bf63-cfd53769401e@group-F38156AB3543-LeaderElection52] INFO  server.RaftServerConfigKeys (ConfUtils.java:logGet(44)) - raft.server.write.element-limit = 1024 (custom)
2021-12-08 16:21:29,554 [6776850b-34cd-43e9-bf63-cfd53769401e@group-F38156AB3543-LeaderElection52] INFO  server.RaftServerConfigKeys (ConfUtils.java:logGet(44)) - raft.server.write.follower.gap.ratio.max = -1.0 (default)
2021-12-08 16:21:29,554 [6776850b-34cd-43e9-bf63-cfd53769401e@group-F38156AB3543-LeaderElection52] INFO  impl.RoleInfo (RoleInfo.java:updateAndGet(130)) - 6776850b-34cd-43e9-bf63-cfd53769401e: start 6776850b-34cd-43e9-bf63-cfd53769401e@group-F38156AB3543-LeaderStateImpl
2021-12-08 16:21:29,554 [6776850b-34cd-43e9-bf63-cfd53769401e@group-F38156AB3543-LeaderElection52] INFO  segmented.SegmentedRaftLogWorker (SegmentedRaftLogWorker.java:startLogSegment(394)) - 6776850b-34cd-43e9-bf63-cfd53769401e@group-F38156AB3543-SegmentedRaftLogWorker: Starting segment from index:0
2021-12-08 16:21:29,556 [6776850b-34cd-43e9-bf63-cfd53769401e@group-F38156AB3543-SegmentedRaftLogWorker] INFO  segmented.SegmentedRaftLogWorker (SegmentedRaftLogWorker.java:execute(601)) - 6776850b-34cd-43e9-bf63-cfd53769401e@group-F38156AB3543-SegmentedRaftLogWorker: created new log segment /home/runner/work/ozone/ozone/hadoop-ozone/integration-test/target/test-dir/MiniOzoneClusterImpl-cc1b9559-bfd4-4be1-82a5-849569d2441c/datanode-0/data/ratis/2257d9b3-c0c1-4970-a5dd-f38156ab3543/current/log_inprogress_0
2021-12-08 16:21:29,559 [6776850b-34cd-43e9-bf63-cfd53769401e@group-F38156AB3543-LeaderElection52] INFO  server.RaftServer$Division (ServerState.java:setRaftConf(387)) - 6776850b-34cd-43e9-bf63-cfd53769401e@group-F38156AB3543: set configuration 0: [6776850b-34cd-43e9-bf63-cfd53769401e|rpc:10.1.0.47:36301|dataStream:|priority:1], old=null
2021-12-08 16:21:29,572 [EventQueue-OpenPipelineForHealthyPipelineSafeModeRule] INFO  safemode.SCMSafeModeManager (HealthyPipelineSafeModeRule.java:process(124)) - SCM in safe mode. Healthy pipelines reported count is 0, required healthy pipeline reported count is 1
2021-12-08 16:21:29,575 [6776850b-34cd-43e9-bf63-cfd53769401e@group-F9C456C264FD-FollowerState] INFO  impl.FollowerState (FollowerState.java:run(134)) - 6776850b-34cd-43e9-bf63-cfd53769401e@group-F9C456C264FD-FollowerState: change to CANDIDATE, lastRpcElapsedTime:5115992714ns, electionTimeout:5112ms
2021-12-08 16:21:29,575 [6776850b-34cd-43e9-bf63-cfd53769401e@group-F9C456C264FD-FollowerState] INFO  impl.RoleInfo (RoleInfo.java:shutdownFollowerState(108)) - 6776850b-34cd-43e9-bf63-cfd53769401e: shutdown 6776850b-34cd-43e9-bf63-cfd53769401e@group-F9C456C264FD-FollowerState
2021-12-08 16:21:29,575 [6776850b-34cd-43e9-bf63-cfd53769401e@group-F9C456C264FD-FollowerState] INFO  server.RaftServer$Division (RaftServerImpl.java:setRole(290)) - 6776850b-34cd-43e9-bf63-cfd53769401e@group-F9C456C264FD: changes role from  FOLLOWER to CANDIDATE at term 0 for changeToCandidate
2021-12-08 16:21:29,575 [6776850b-34cd-43e9-bf63-cfd53769401e@group-F9C456C264FD-FollowerState] INFO  server.RaftServerConfigKeys (ConfUtils.java:logGet(44)) - raft.server.leaderelection.pre-vote = false (custom)
2021-12-08 16:21:29,575 [6776850b-34cd-43e9-bf63-cfd53769401e@group-F9C456C264FD-FollowerState] INFO  impl.RoleInfo (RoleInfo.java:updateAndGet(130)) - 6776850b-34cd-43e9-bf63-cfd53769401e: start 6776850b-34cd-43e9-bf63-cfd53769401e@group-F9C456C264FD-LeaderElection53
2021-12-08 16:21:29,634 [41e2ec05-dc5a-40b5-a7e9-bf8cbfcf53f9@group-F9C456C264FD-FollowerState] INFO  impl.FollowerState (FollowerState.java:run(134)) - 41e2ec05-dc5a-40b5-a7e9-bf8cbfcf53f9@group-F9C456C264FD-FollowerState: change to CANDIDATE, lastRpcElapsedTime:5058201458ns, electionTimeout:5047ms
2021-12-08 16:21:29,634 [41e2ec05-dc5a-40b5-a7e9-bf8cbfcf53f9@group-F9C456C264FD-FollowerState] INFO  impl.RoleInfo (RoleInfo.java:shutdownFollowerState(108)) - 41e2ec05-dc5a-40b5-a7e9-bf8cbfcf53f9: shutdown 41e2ec05-dc5a-40b5-a7e9-bf8cbfcf53f9@group-F9C456C264FD-FollowerState
2021-12-08 16:21:29,634 [41e2ec05-dc5a-40b5-a7e9-bf8cbfcf53f9@group-F9C456C264FD-FollowerState] INFO  server.RaftServer$Division (RaftServerImpl.java:setRole(290)) - 41e2ec05-dc5a-40b5-a7e9-bf8cbfcf53f9@group-F9C456C264FD: changes role from  FOLLOWER to CANDIDATE at term 0 for changeToCandidate
2021-12-08 16:21:29,635 [41e2ec05-dc5a-40b5-a7e9-bf8cbfcf53f9@group-F9C456C264FD-FollowerState] INFO  server.RaftServerConfigKeys (ConfUtils.java:logGet(44)) - raft.server.leaderelection.pre-vote = false (custom)
2021-12-08 16:21:29,635 [41e2ec05-dc5a-40b5-a7e9-bf8cbfcf53f9@group-F9C456C264FD-FollowerState] INFO  impl.RoleInfo (RoleInfo.java:updateAndGet(130)) - 41e2ec05-dc5a-40b5-a7e9-bf8cbfcf53f9: start 41e2ec05-dc5a-40b5-a7e9-bf8cbfcf53f9@group-F9C456C264FD-LeaderElection54
2021-12-08 16:21:29,636 [6776850b-34cd-43e9-bf63-cfd53769401e@group-F9C456C264FD-LeaderElection53] INFO  impl.LeaderElection (LeaderElection.java:askForVotes(306)) - 6776850b-34cd-43e9-bf63-cfd53769401e@group-F9C456C264FD-LeaderElection53 ELECTION round 0: submit vote requests at term 1 for -1: [41e2ec05-dc5a-40b5-a7e9-bf8cbfcf53f9|rpc:10.1.0.47:43527|priority:0, aade3cc6-3956-4ee6-b179-fa53d32d09ed|rpc:10.1.0.47:46851|priority:1, 6776850b-34cd-43e9-bf63-cfd53769401e|rpc:10.1.0.47:36301|priority:0], old=null
2021-12-08 16:21:29,671 [41e2ec05-dc5a-40b5-a7e9-bf8cbfcf53f9@group-F9C456C264FD-LeaderElection54] INFO  impl.LeaderElection (LeaderElection.java:askForVotes(306)) - 41e2ec05-dc5a-40b5-a7e9-bf8cbfcf53f9@group-F9C456C264FD-LeaderElection54 ELECTION round 0: submit vote requests at term 1 for -1: [41e2ec05-dc5a-40b5-a7e9-bf8cbfcf53f9|rpc:10.1.0.47:43527|dataStream:|priority:0, aade3cc6-3956-4ee6-b179-fa53d32d09ed|rpc:10.1.0.47:46851|dataStream:|priority:1, 6776850b-34cd-43e9-bf63-cfd53769401e|rpc:10.1.0.47:36301|dataStream:|priority:0], old=null
2021-12-08 16:21:29,750 [aade3cc6-3956-4ee6-b179-fa53d32d09ed@group-F9C456C264FD-FollowerState] INFO  impl.FollowerState (FollowerState.java:run(134)) - aade3cc6-3956-4ee6-b179-fa53d32d09ed@group-F9C456C264FD-FollowerState: change to CANDIDATE, lastRpcElapsedTime:5070650355ns, electionTimeout:5036ms
2021-12-08 16:21:29,750 [aade3cc6-3956-4ee6-b179-fa53d32d09ed@group-F9C456C264FD-FollowerState] INFO  impl.RoleInfo (RoleInfo.java:shutdownFollowerState(108)) - aade3cc6-3956-4ee6-b179-fa53d32d09ed: shutdown aade3cc6-3956-4ee6-b179-fa53d32d09ed@group-F9C456C264FD-FollowerState
2021-12-08 16:21:29,750 [aade3cc6-3956-4ee6-b179-fa53d32d09ed@group-F9C456C264FD-FollowerState] INFO  server.RaftServer$Division (RaftServerImpl.java:setRole(290)) - aade3cc6-3956-4ee6-b179-fa53d32d09ed@group-F9C456C264FD: changes role from  FOLLOWER to CANDIDATE at term 0 for changeToCandidate
2021-12-08 16:21:29,750 [aade3cc6-3956-4ee6-b179-fa53d32d09ed@group-F9C456C264FD-FollowerState] INFO  server.RaftServerConfigKeys (ConfUtils.java:logGet(44)) - raft.server.leaderelection.pre-vote = false (custom)
2021-12-08 16:21:29,750 [aade3cc6-3956-4ee6-b179-fa53d32d09ed@group-F9C456C264FD-FollowerState] INFO  impl.RoleInfo (RoleInfo.java:updateAndGet(130)) - aade3cc6-3956-4ee6-b179-fa53d32d09ed: start aade3cc6-3956-4ee6-b179-fa53d32d09ed@group-F9C456C264FD-LeaderElection55
2021-12-08 16:21:29,798 [grpc-default-executor-1] INFO  server.RaftServer$Division (RaftServerImpl.java:requestVote(1046)) - 41e2ec05-dc5a-40b5-a7e9-bf8cbfcf53f9@group-F9C456C264FD: receive requestVote(ELECTION, 6776850b-34cd-43e9-bf63-cfd53769401e, group-F9C456C264FD, 1, (t:0, i:0))
2021-12-08 16:21:29,802 [grpc-default-executor-1] INFO  impl.VoteContext (VoteContext.java:log(48)) - 41e2ec05-dc5a-40b5-a7e9-bf8cbfcf53f9@group-F9C456C264FD-CANDIDATE: reject ELECTION from 6776850b-34cd-43e9-bf63-cfd53769401e: already has voted for 41e2ec05-dc5a-40b5-a7e9-bf8cbfcf53f9 at current term 1
2021-12-08 16:21:29,802 [grpc-default-executor-1] INFO  server.RaftServer$Division (RaftServerImpl.java:requestVote(1078)) - 41e2ec05-dc5a-40b5-a7e9-bf8cbfcf53f9@group-F9C456C264FD replies to ELECTION vote request: 6776850b-34cd-43e9-bf63-cfd53769401e<-41e2ec05-dc5a-40b5-a7e9-bf8cbfcf53f9#0:FAIL-t1. Peer's state: 41e2ec05-dc5a-40b5-a7e9-bf8cbfcf53f9@group-F9C456C264FD:t1, leader=null, voted=41e2ec05-dc5a-40b5-a7e9-bf8cbfcf53f9, raftlog=41e2ec05-dc5a-40b5-a7e9-bf8cbfcf53f9@group-F9C456C264FD-SegmentedRaftLog:OPENED:c-1, conf=-1: [41e2ec05-dc5a-40b5-a7e9-bf8cbfcf53f9|rpc:10.1.0.47:43527|dataStream:|priority:0, aade3cc6-3956-4ee6-b179-fa53d32d09ed|rpc:10.1.0.47:46851|dataStream:|priority:1, 6776850b-34cd-43e9-bf63-cfd53769401e|rpc:10.1.0.47:36301|dataStream:|priority:0], old=null
2021-12-08 16:21:29,804 [aade3cc6-3956-4ee6-b179-fa53d32d09ed@group-F9C456C264FD-LeaderElection55] INFO  impl.LeaderElection (LeaderElection.java:askForVotes(306)) - aade3cc6-3956-4ee6-b179-fa53d32d09ed@group-F9C456C264FD-LeaderElection55 ELECTION round 0: submit vote requests at term 1 for -1: [41e2ec05-dc5a-40b5-a7e9-bf8cbfcf53f9|rpc:10.1.0.47:43527|dataStream:|priority:0, aade3cc6-3956-4ee6-b179-fa53d32d09ed|rpc:10.1.0.47:46851|dataStream:|priority:1, 6776850b-34cd-43e9-bf63-cfd53769401e|rpc:10.1.0.47:36301|dataStream:|priority:0], old=null
2021-12-08 16:21:29,811 [grpc-default-executor-0] INFO  server.RaftServer$Division (RaftServerImpl.java:requestVote(1046)) - 6776850b-34cd-43e9-bf63-cfd53769401e@group-F9C456C264FD: receive requestVote(ELECTION, 41e2ec05-dc5a-40b5-a7e9-bf8cbfcf53f9, group-F9C456C264FD, 1, (t:0, i:0))
2021-12-08 16:21:29,811 [grpc-default-executor-0] INFO  impl.VoteContext (VoteContext.java:log(48)) - 6776850b-34cd-43e9-bf63-cfd53769401e@group-F9C456C264FD-CANDIDATE: reject ELECTION from 41e2ec05-dc5a-40b5-a7e9-bf8cbfcf53f9: already has voted for 6776850b-34cd-43e9-bf63-cfd53769401e at current term 1
2021-12-08 16:21:29,811 [grpc-default-executor-0] INFO  server.RaftServer$Division (RaftServerImpl.java:requestVote(1078)) - 6776850b-34cd-43e9-bf63-cfd53769401e@group-F9C456C264FD replies to ELECTION vote request: 41e2ec05-dc5a-40b5-a7e9-bf8cbfcf53f9<-6776850b-34cd-43e9-bf63-cfd53769401e#0:FAIL-t1. Peer's state: 6776850b-34cd-43e9-bf63-cfd53769401e@group-F9C456C264FD:t1, leader=null, voted=6776850b-34cd-43e9-bf63-cfd53769401e, raftlog=6776850b-34cd-43e9-bf63-cfd53769401e@group-F9C456C264FD-SegmentedRaftLog:OPENED:c-1, conf=-1: [41e2ec05-dc5a-40b5-a7e9-bf8cbfcf53f9|rpc:10.1.0.47:43527|priority:0, aade3cc6-3956-4ee6-b179-fa53d32d09ed|rpc:10.1.0.47:46851|priority:1, 6776850b-34cd-43e9-bf63-cfd53769401e|rpc:10.1.0.47:36301|priority:0], old=null
2021-12-08 16:21:29,813 [grpc-default-executor-2] INFO  server.RaftServer$Division (RaftServerImpl.java:requestVote(1046)) - aade3cc6-3956-4ee6-b179-fa53d32d09ed@group-F9C456C264FD: receive requestVote(ELECTION, 41e2ec05-dc5a-40b5-a7e9-bf8cbfcf53f9, group-F9C456C264FD, 1, (t:0, i:0))
2021-12-08 16:21:29,813 [grpc-default-executor-2] INFO  impl.VoteContext (VoteContext.java:log(48)) - aade3cc6-3956-4ee6-b179-fa53d32d09ed@group-F9C456C264FD-CANDIDATE: reject ELECTION from 41e2ec05-dc5a-40b5-a7e9-bf8cbfcf53f9: already has voted for aade3cc6-3956-4ee6-b179-fa53d32d09ed at current term 1
2021-12-08 16:21:29,813 [grpc-default-executor-2] INFO  server.RaftServer$Division (RaftServerImpl.java:requestVote(1078)) - aade3cc6-3956-4ee6-b179-fa53d32d09ed@group-F9C456C264FD replies to ELECTION vote request: 41e2ec05-dc5a-40b5-a7e9-bf8cbfcf53f9<-aade3cc6-3956-4ee6-b179-fa53d32d09ed#0:FAIL-t1. Peer's state: aade3cc6-3956-4ee6-b179-fa53d32d09ed@group-F9C456C264FD:t1, leader=null, voted=aade3cc6-3956-4ee6-b179-fa53d32d09ed, raftlog=aade3cc6-3956-4ee6-b179-fa53d32d09ed@group-F9C456C264FD-SegmentedRaftLog:OPENED:c-1, conf=-1: [41e2ec05-dc5a-40b5-a7e9-bf8cbfcf53f9|rpc:10.1.0.47:43527|dataStream:|priority:0, aade3cc6-3956-4ee6-b179-fa53d32d09ed|rpc:10.1.0.47:46851|dataStream:|priority:1, 6776850b-34cd-43e9-bf63-cfd53769401e|rpc:10.1.0.47:36301|dataStream:|priority:0], old=null
2021-12-08 16:21:29,835 [41e2ec05-dc5a-40b5-a7e9-bf8cbfcf53f9@group-F9C456C264FD-LeaderElection54] INFO  impl.LeaderElection (LeaderElection.java:logAndReturn(89)) - 41e2ec05-dc5a-40b5-a7e9-bf8cbfcf53f9@group-F9C456C264FD-LeaderElection54: ELECTION REJECTED received 2 response(s) and 0 exception(s):
2021-12-08 16:21:29,835 [41e2ec05-dc5a-40b5-a7e9-bf8cbfcf53f9@group-F9C456C264FD-LeaderElection54] INFO  impl.LeaderElection (LeaderElection.java:logAndReturn(93)) -   Response 0: 41e2ec05-dc5a-40b5-a7e9-bf8cbfcf53f9<-aade3cc6-3956-4ee6-b179-fa53d32d09ed#0:FAIL-t1
2021-12-08 16:21:29,835 [41e2ec05-dc5a-40b5-a7e9-bf8cbfcf53f9@group-F9C456C264FD-LeaderElection54] INFO  impl.LeaderElection (LeaderElection.java:logAndReturn(93)) -   Response 1: 41e2ec05-dc5a-40b5-a7e9-bf8cbfcf53f9<-6776850b-34cd-43e9-bf63-cfd53769401e#0:FAIL-t1
2021-12-08 16:21:29,835 [41e2ec05-dc5a-40b5-a7e9-bf8cbfcf53f9@group-F9C456C264FD-LeaderElection54] INFO  impl.LeaderElection (LeaderElection.java:askForVotes(308)) - 41e2ec05-dc5a-40b5-a7e9-bf8cbfcf53f9@group-F9C456C264FD-LeaderElection54 ELECTION round 0: result REJECTED
2021-12-08 16:21:29,835 [41e2ec05-dc5a-40b5-a7e9-bf8cbfcf53f9@group-F9C456C264FD-LeaderElection54] INFO  server.RaftServer$Division (RaftServerImpl.java:setRole(290)) - 41e2ec05-dc5a-40b5-a7e9-bf8cbfcf53f9@group-F9C456C264FD: changes role from CANDIDATE to FOLLOWER at term 1 for REJECTED
2021-12-08 16:21:29,835 [41e2ec05-dc5a-40b5-a7e9-bf8cbfcf53f9@group-F9C456C264FD-LeaderElection54] INFO  impl.RoleInfo (RoleInfo.java:shutdownLeaderElection(121)) - 41e2ec05-dc5a-40b5-a7e9-bf8cbfcf53f9: shutdown 41e2ec05-dc5a-40b5-a7e9-bf8cbfcf53f9@group-F9C456C264FD-LeaderElection54
2021-12-08 16:21:29,835 [41e2ec05-dc5a-40b5-a7e9-bf8cbfcf53f9@group-F9C456C264FD-LeaderElection54] INFO  impl.RoleInfo (RoleInfo.java:updateAndGet(130)) - 41e2ec05-dc5a-40b5-a7e9-bf8cbfcf53f9: start 41e2ec05-dc5a-40b5-a7e9-bf8cbfcf53f9@group-F9C456C264FD-FollowerState
2021-12-08 16:21:29,851 [grpc-default-executor-2] INFO  server.RaftServer$Division (RaftServerImpl.java:requestVote(1046)) - aade3cc6-3956-4ee6-b179-fa53d32d09ed@group-F9C456C264FD: receive requestVote(ELECTION, 6776850b-34cd-43e9-bf63-cfd53769401e, group-F9C456C264FD, 1, (t:0, i:0))
2021-12-08 16:21:29,851 [grpc-default-executor-2] INFO  impl.VoteContext (VoteContext.java:log(48)) - aade3cc6-3956-4ee6-b179-fa53d32d09ed@group-F9C456C264FD-CANDIDATE: reject ELECTION from 6776850b-34cd-43e9-bf63-cfd53769401e: already has voted for aade3cc6-3956-4ee6-b179-fa53d32d09ed at current term 1
2021-12-08 16:21:29,851 [grpc-default-executor-2] INFO  server.RaftServer$Division (RaftServerImpl.java:requestVote(1078)) - aade3cc6-3956-4ee6-b179-fa53d32d09ed@group-F9C456C264FD replies to ELECTION vote request: 6776850b-34cd-43e9-bf63-cfd53769401e<-aade3cc6-3956-4ee6-b179-fa53d32d09ed#0:FAIL-t1. Peer's state: aade3cc6-3956-4ee6-b179-fa53d32d09ed@group-F9C456C264FD:t1, leader=null, voted=aade3cc6-3956-4ee6-b179-fa53d32d09ed, raftlog=aade3cc6-3956-4ee6-b179-fa53d32d09ed@group-F9C456C264FD-SegmentedRaftLog:OPENED:c-1, conf=-1: [41e2ec05-dc5a-40b5-a7e9-bf8cbfcf53f9|rpc:10.1.0.47:43527|dataStream:|priority:0, aade3cc6-3956-4ee6-b179-fa53d32d09ed|rpc:10.1.0.47:46851|dataStream:|priority:1, 6776850b-34cd-43e9-bf63-cfd53769401e|rpc:10.1.0.47:36301|dataStream:|priority:0], old=null
2021-12-08 16:21:29,853 [grpc-default-executor-0] INFO  server.RaftServer$Division (RaftServerImpl.java:requestVote(1046)) - 41e2ec05-dc5a-40b5-a7e9-bf8cbfcf53f9@group-F9C456C264FD: receive requestVote(ELECTION, aade3cc6-3956-4ee6-b179-fa53d32d09ed, group-F9C456C264FD, 1, (t:0, i:0))
2021-12-08 16:21:29,853 [grpc-default-executor-0] INFO  impl.VoteContext (VoteContext.java:log(48)) - 41e2ec05-dc5a-40b5-a7e9-bf8cbfcf53f9@group-F9C456C264FD-FOLLOWER: reject ELECTION from aade3cc6-3956-4ee6-b179-fa53d32d09ed: already has voted for 41e2ec05-dc5a-40b5-a7e9-bf8cbfcf53f9 at current term 1
2021-12-08 16:21:29,853 [grpc-default-executor-0] INFO  server.RaftServer$Division (RaftServerImpl.java:requestVote(1078)) - 41e2ec05-dc5a-40b5-a7e9-bf8cbfcf53f9@group-F9C456C264FD replies to ELECTION vote request: aade3cc6-3956-4ee6-b179-fa53d32d09ed<-41e2ec05-dc5a-40b5-a7e9-bf8cbfcf53f9#0:FAIL-t1. Peer's state: 41e2ec05-dc5a-40b5-a7e9-bf8cbfcf53f9@group-F9C456C264FD:t1, leader=null, voted=41e2ec05-dc5a-40b5-a7e9-bf8cbfcf53f9, raftlog=41e2ec05-dc5a-40b5-a7e9-bf8cbfcf53f9@group-F9C456C264FD-SegmentedRaftLog:OPENED:c-1, conf=-1: [41e2ec05-dc5a-40b5-a7e9-bf8cbfcf53f9|rpc:10.1.0.47:43527|dataStream:|priority:0, aade3cc6-3956-4ee6-b179-fa53d32d09ed|rpc:10.1.0.47:46851|dataStream:|priority:1, 6776850b-34cd-43e9-bf63-cfd53769401e|rpc:10.1.0.47:36301|dataStream:|priority:0], old=null
2021-12-08 16:21:29,878 [6776850b-34cd-43e9-bf63-cfd53769401e@group-F9C456C264FD-LeaderElection53] INFO  impl.LeaderElection (LeaderElection.java:logAndReturn(89)) - 6776850b-34cd-43e9-bf63-cfd53769401e@group-F9C456C264FD-LeaderElection53: ELECTION REJECTED received 2 response(s) and 0 exception(s):
2021-12-08 16:21:29,878 [6776850b-34cd-43e9-bf63-cfd53769401e@group-F9C456C264FD-LeaderElection53] INFO  impl.LeaderElection (LeaderElection.java:logAndReturn(93)) -   Response 0: 6776850b-34cd-43e9-bf63-cfd53769401e<-41e2ec05-dc5a-40b5-a7e9-bf8cbfcf53f9#0:FAIL-t1
2021-12-08 16:21:29,878 [6776850b-34cd-43e9-bf63-cfd53769401e@group-F9C456C264FD-LeaderElection53] INFO  impl.LeaderElection (LeaderElection.java:logAndReturn(93)) -   Response 1: 6776850b-34cd-43e9-bf63-cfd53769401e<-aade3cc6-3956-4ee6-b179-fa53d32d09ed#0:FAIL-t1
2021-12-08 16:21:29,878 [6776850b-34cd-43e9-bf63-cfd53769401e@group-F9C456C264FD-LeaderElection53] INFO  impl.LeaderElection (LeaderElection.java:askForVotes(308)) - 6776850b-34cd-43e9-bf63-cfd53769401e@group-F9C456C264FD-LeaderElection53 ELECTION round 0: result REJECTED
2021-12-08 16:21:29,878 [6776850b-34cd-43e9-bf63-cfd53769401e@group-F9C456C264FD-LeaderElection53] INFO  server.RaftServer$Division (RaftServerImpl.java:setRole(290)) - 6776850b-34cd-43e9-bf63-cfd53769401e@group-F9C456C264FD: changes role from CANDIDATE to FOLLOWER at term 1 for REJECTED
2021-12-08 16:21:29,878 [6776850b-34cd-43e9-bf63-cfd53769401e@group-F9C456C264FD-LeaderElection53] INFO  impl.RoleInfo (RoleInfo.java:shutdownLeaderElection(121)) - 6776850b-34cd-43e9-bf63-cfd53769401e: shutdown 6776850b-34cd-43e9-bf63-cfd53769401e@group-F9C456C264FD-LeaderElection53
2021-12-08 16:21:29,878 [6776850b-34cd-43e9-bf63-cfd53769401e@group-F9C456C264FD-LeaderElection53] INFO  impl.RoleInfo (RoleInfo.java:updateAndGet(130)) - 6776850b-34cd-43e9-bf63-cfd53769401e: start 6776850b-34cd-43e9-bf63-cfd53769401e@group-F9C456C264FD-FollowerState
2021-12-08 16:21:29,893 [grpc-default-executor-3] INFO  server.RaftServer$Division (RaftServerImpl.java:requestVote(1046)) - 6776850b-34cd-43e9-bf63-cfd53769401e@group-F9C456C264FD: receive requestVote(ELECTION, aade3cc6-3956-4ee6-b179-fa53d32d09ed, group-F9C456C264FD, 1, (t:0, i:0))
2021-12-08 16:21:29,893 [grpc-default-executor-3] INFO  impl.VoteContext (VoteContext.java:log(48)) - 6776850b-34cd-43e9-bf63-cfd53769401e@group-F9C456C264FD-FOLLOWER: reject ELECTION from aade3cc6-3956-4ee6-b179-fa53d32d09ed: already has voted for 6776850b-34cd-43e9-bf63-cfd53769401e at current term 1
2021-12-08 16:21:29,893 [grpc-default-executor-3] INFO  server.RaftServer$Division (RaftServerImpl.java:requestVote(1078)) - 6776850b-34cd-43e9-bf63-cfd53769401e@group-F9C456C264FD replies to ELECTION vote request: aade3cc6-3956-4ee6-b179-fa53d32d09ed<-6776850b-34cd-43e9-bf63-cfd53769401e#0:FAIL-t1. Peer's state: 6776850b-34cd-43e9-bf63-cfd53769401e@group-F9C456C264FD:t1, leader=null, voted=6776850b-34cd-43e9-bf63-cfd53769401e, raftlog=6776850b-34cd-43e9-bf63-cfd53769401e@group-F9C456C264FD-SegmentedRaftLog:OPENED:c-1, conf=-1: [41e2ec05-dc5a-40b5-a7e9-bf8cbfcf53f9|rpc:10.1.0.47:43527|priority:0, aade3cc6-3956-4ee6-b179-fa53d32d09ed|rpc:10.1.0.47:46851|priority:1, 6776850b-34cd-43e9-bf63-cfd53769401e|rpc:10.1.0.47:36301|priority:0], old=null
2021-12-08 16:21:29,910 [aade3cc6-3956-4ee6-b179-fa53d32d09ed@group-F9C456C264FD-LeaderElection55] INFO  impl.LeaderElection (LeaderElection.java:logAndReturn(89)) - aade3cc6-3956-4ee6-b179-fa53d32d09ed@group-F9C456C264FD-LeaderElection55: ELECTION REJECTED received 2 response(s) and 0 exception(s):
2021-12-08 16:21:29,910 [aade3cc6-3956-4ee6-b179-fa53d32d09ed@group-F9C456C264FD-LeaderElection55] INFO  impl.LeaderElection (LeaderElection.java:logAndReturn(93)) -   Response 0: aade3cc6-3956-4ee6-b179-fa53d32d09ed<-41e2ec05-dc5a-40b5-a7e9-bf8cbfcf53f9#0:FAIL-t1
2021-12-08 16:21:29,910 [aade3cc6-3956-4ee6-b179-fa53d32d09ed@group-F9C456C264FD-LeaderElection55] INFO  impl.LeaderElection (LeaderElection.java:logAndReturn(93)) -   Response 1: aade3cc6-3956-4ee6-b179-fa53d32d09ed<-6776850b-34cd-43e9-bf63-cfd53769401e#0:FAIL-t1
2021-12-08 16:21:29,910 [aade3cc6-3956-4ee6-b179-fa53d32d09ed@group-F9C456C264FD-LeaderElection55] INFO  impl.LeaderElection (LeaderElection.java:askForVotes(308)) - aade3cc6-3956-4ee6-b179-fa53d32d09ed@group-F9C456C264FD-LeaderElection55 ELECTION round 0: result REJECTED
2021-12-08 16:21:29,910 [aade3cc6-3956-4ee6-b179-fa53d32d09ed@group-F9C456C264FD-LeaderElection55] INFO  server.RaftServer$Division (RaftServerImpl.java:setRole(290)) - aade3cc6-3956-4ee6-b179-fa53d32d09ed@group-F9C456C264FD: changes role from CANDIDATE to FOLLOWER at term 1 for REJECTED
2021-12-08 16:21:29,910 [aade3cc6-3956-4ee6-b179-fa53d32d09ed@group-F9C456C264FD-LeaderElection55] INFO  impl.RoleInfo (RoleInfo.java:shutdownLeaderElection(121)) - aade3cc6-3956-4ee6-b179-fa53d32d09ed: shutdown aade3cc6-3956-4ee6-b179-fa53d32d09ed@group-F9C456C264FD-LeaderElection55
2021-12-08 16:21:29,910 [aade3cc6-3956-4ee6-b179-fa53d32d09ed@group-F9C456C264FD-LeaderElection55] INFO  impl.RoleInfo (RoleInfo.java:updateAndGet(130)) - aade3cc6-3956-4ee6-b179-fa53d32d09ed: start aade3cc6-3956-4ee6-b179-fa53d32d09ed@group-F9C456C264FD-FollowerState
2021-12-08 16:21:29,910 [6776850b-34cd-43e9-bf63-cfd53769401e@group-B350B0B50D88-FollowerState] INFO  impl.FollowerState (FollowerState.java:run(134)) - 6776850b-34cd-43e9-bf63-cfd53769401e@group-B350B0B50D88-FollowerState: change to CANDIDATE, lastRpcElapsedTime:5160868962ns, electionTimeout:5160ms
2021-12-08 16:21:29,911 [6776850b-34cd-43e9-bf63-cfd53769401e@group-B350B0B50D88-FollowerState] INFO  impl.RoleInfo (RoleInfo.java:shutdownFollowerState(108)) - 6776850b-34cd-43e9-bf63-cfd53769401e: shutdown 6776850b-34cd-43e9-bf63-cfd53769401e@group-B350B0B50D88-FollowerState
2021-12-08 16:21:29,911 [6776850b-34cd-43e9-bf63-cfd53769401e@group-B350B0B50D88-FollowerState] INFO  server.RaftServer$Division (RaftServerImpl.java:setRole(290)) - 6776850b-34cd-43e9-bf63-cfd53769401e@group-B350B0B50D88: changes role from  FOLLOWER to CANDIDATE at term 0 for changeToCandidate
2021-12-08 16:21:29,922 [6776850b-34cd-43e9-bf63-cfd53769401e@group-B350B0B50D88-FollowerState] INFO  server.RaftServerConfigKeys (ConfUtils.java:logGet(44)) - raft.server.leaderelection.pre-vote = false (custom)
2021-12-08 16:21:29,922 [6776850b-34cd-43e9-bf63-cfd53769401e@group-B350B0B50D88-FollowerState] INFO  impl.RoleInfo (RoleInfo.java:updateAndGet(130)) - 6776850b-34cd-43e9-bf63-cfd53769401e: start 6776850b-34cd-43e9-bf63-cfd53769401e@group-B350B0B50D88-LeaderElection56
2021-12-08 16:21:29,938 [aade3cc6-3956-4ee6-b179-fa53d32d09ed@group-B350B0B50D88-FollowerState] INFO  impl.FollowerState (FollowerState.java:run(134)) - aade3cc6-3956-4ee6-b179-fa53d32d09ed@group-B350B0B50D88-FollowerState: change to CANDIDATE, lastRpcElapsedTime:5050506294ns, electionTimeout:5037ms
2021-12-08 16:21:29,940 [6776850b-34cd-43e9-bf63-cfd53769401e@group-B350B0B50D88-LeaderElection56] INFO  impl.LeaderElection (LeaderElection.java:askForVotes(306)) - 6776850b-34cd-43e9-bf63-cfd53769401e@group-B350B0B50D88-LeaderElection56 ELECTION round 0: submit vote requests at term 1 for -1: [41e2ec05-dc5a-40b5-a7e9-bf8cbfcf53f9|rpc:10.1.0.47:43527|priority:0, aade3cc6-3956-4ee6-b179-fa53d32d09ed|rpc:10.1.0.47:46851|priority:0, 6776850b-34cd-43e9-bf63-cfd53769401e|rpc:10.1.0.47:36301|priority:1], old=null
2021-12-08 16:21:29,960 [aade3cc6-3956-4ee6-b179-fa53d32d09ed@group-B350B0B50D88-FollowerState] INFO  impl.RoleInfo (RoleInfo.java:shutdownFollowerState(108)) - aade3cc6-3956-4ee6-b179-fa53d32d09ed: shutdown aade3cc6-3956-4ee6-b179-fa53d32d09ed@group-B350B0B50D88-FollowerState
2021-12-08 16:21:29,960 [aade3cc6-3956-4ee6-b179-fa53d32d09ed@group-B350B0B50D88-FollowerState] INFO  server.RaftServer$Division (RaftServerImpl.java:setRole(290)) - aade3cc6-3956-4ee6-b179-fa53d32d09ed@group-B350B0B50D88: changes role from  FOLLOWER to CANDIDATE at term 0 for changeToCandidate
2021-12-08 16:21:29,960 [aade3cc6-3956-4ee6-b179-fa53d32d09ed@group-B350B0B50D88-FollowerState] INFO  server.RaftServerConfigKeys (ConfUtils.java:logGet(44)) - raft.server.leaderelection.pre-vote = false (custom)
2021-12-08 16:21:29,960 [aade3cc6-3956-4ee6-b179-fa53d32d09ed@group-B350B0B50D88-FollowerState] INFO  impl.RoleInfo (RoleInfo.java:updateAndGet(130)) - aade3cc6-3956-4ee6-b179-fa53d32d09ed: start aade3cc6-3956-4ee6-b179-fa53d32d09ed@group-B350B0B50D88-LeaderElection57
2021-12-08 16:21:29,979 [grpc-default-executor-3] INFO  server.RaftServer$Division (RaftServerImpl.java:requestVote(1046)) - 41e2ec05-dc5a-40b5-a7e9-bf8cbfcf53f9@group-B350B0B50D88: receive requestVote(ELECTION, 6776850b-34cd-43e9-bf63-cfd53769401e, group-B350B0B50D88, 1, (t:0, i:0))
2021-12-08 16:21:29,980 [grpc-default-executor-3] INFO  impl.VoteContext (VoteContext.java:log(48)) - 41e2ec05-dc5a-40b5-a7e9-bf8cbfcf53f9@group-B350B0B50D88-FOLLOWER: accept ELECTION from 6776850b-34cd-43e9-bf63-cfd53769401e: our priority 0 <= candidate's priority 1
2021-12-08 16:21:29,980 [grpc-default-executor-3] INFO  server.RaftServer$Division (RaftServerImpl.java:setRole(290)) - 41e2ec05-dc5a-40b5-a7e9-bf8cbfcf53f9@group-B350B0B50D88: changes role from  FOLLOWER to FOLLOWER at term 1 for candidate:6776850b-34cd-43e9-bf63-cfd53769401e
2021-12-08 16:21:29,980 [grpc-default-executor-3] INFO  impl.RoleInfo (RoleInfo.java:shutdownFollowerState(108)) - 41e2ec05-dc5a-40b5-a7e9-bf8cbfcf53f9: shutdown 41e2ec05-dc5a-40b5-a7e9-bf8cbfcf53f9@group-B350B0B50D88-FollowerState
2021-12-08 16:21:29,980 [grpc-default-executor-3] INFO  impl.RoleInfo (RoleInfo.java:updateAndGet(130)) - 41e2ec05-dc5a-40b5-a7e9-bf8cbfcf53f9: start 41e2ec05-dc5a-40b5-a7e9-bf8cbfcf53f9@group-B350B0B50D88-FollowerState
2021-12-08 16:21:29,980 [41e2ec05-dc5a-40b5-a7e9-bf8cbfcf53f9@group-B350B0B50D88-FollowerState] INFO  impl.FollowerState (FollowerState.java:run(143)) - 41e2ec05-dc5a-40b5-a7e9-bf8cbfcf53f9@group-B350B0B50D88-FollowerState was interrupted: {}
java.lang.InterruptedException: sleep interrupted
	at java.lang.Thread.sleep(Native Method)
	at java.lang.Thread.sleep(Thread.java:340)
	at java.util.concurrent.TimeUnit.sleep(TimeUnit.java:386)
	at org.apache.ratis.util.TimeDuration.sleep(TimeDuration.java:324)
	at org.apache.ratis.util.TimeDuration.sleep(TimeDuration.java:309)
	at org.apache.ratis.server.impl.FollowerState.run(FollowerState.java:118)
2021-12-08 16:21:29,980 [grpc-default-executor-2] INFO  server.RaftServer$Division (RaftServerImpl.java:requestVote(1046)) - aade3cc6-3956-4ee6-b179-fa53d32d09ed@group-B350B0B50D88: receive requestVote(ELECTION, 6776850b-34cd-43e9-bf63-cfd53769401e, group-B350B0B50D88, 1, (t:0, i:0))
2021-12-08 16:21:29,987 [grpc-default-executor-3] INFO  server.RaftServer$Division (RaftServerImpl.java:requestVote(1078)) - 41e2ec05-dc5a-40b5-a7e9-bf8cbfcf53f9@group-B350B0B50D88 replies to ELECTION vote request: 6776850b-34cd-43e9-bf63-cfd53769401e<-41e2ec05-dc5a-40b5-a7e9-bf8cbfcf53f9#0:OK-t1. Peer's state: 41e2ec05-dc5a-40b5-a7e9-bf8cbfcf53f9@group-B350B0B50D88:t1, leader=null, voted=6776850b-34cd-43e9-bf63-cfd53769401e, raftlog=41e2ec05-dc5a-40b5-a7e9-bf8cbfcf53f9@group-B350B0B50D88-SegmentedRaftLog:OPENED:c-1, conf=-1: [41e2ec05-dc5a-40b5-a7e9-bf8cbfcf53f9|rpc:10.1.0.47:43527|dataStream:|priority:0, aade3cc6-3956-4ee6-b179-fa53d32d09ed|rpc:10.1.0.47:46851|dataStream:|priority:0, 6776850b-34cd-43e9-bf63-cfd53769401e|rpc:10.1.0.47:36301|dataStream:|priority:1], old=null
2021-12-08 16:21:29,989 [6776850b-34cd-43e9-bf63-cfd53769401e@group-B350B0B50D88-LeaderElection56] INFO  impl.LeaderElection (LeaderElection.java:logAndReturn(89)) - 6776850b-34cd-43e9-bf63-cfd53769401e@group-B350B0B50D88-LeaderElection56: ELECTION PASSED received 1 response(s) and 0 exception(s):
2021-12-08 16:21:29,989 [6776850b-34cd-43e9-bf63-cfd53769401e@group-B350B0B50D88-LeaderElection56] INFO  impl.LeaderElection (LeaderElection.java:logAndReturn(93)) -   Response 0: 6776850b-34cd-43e9-bf63-cfd53769401e<-41e2ec05-dc5a-40b5-a7e9-bf8cbfcf53f9#0:OK-t1
2021-12-08 16:21:29,989 [6776850b-34cd-43e9-bf63-cfd53769401e@group-B350B0B50D88-LeaderElection56] INFO  impl.LeaderElection (LeaderElection.java:askForVotes(308)) - 6776850b-34cd-43e9-bf63-cfd53769401e@group-B350B0B50D88-LeaderElection56 ELECTION round 0: result PASSED
2021-12-08 16:21:29,989 [6776850b-34cd-43e9-bf63-cfd53769401e@group-B350B0B50D88-LeaderElection56] INFO  impl.RoleInfo (RoleInfo.java:shutdownLeaderElection(121)) - 6776850b-34cd-43e9-bf63-cfd53769401e: shutdown 6776850b-34cd-43e9-bf63-cfd53769401e@group-B350B0B50D88-LeaderElection56
2021-12-08 16:21:29,989 [6776850b-34cd-43e9-bf63-cfd53769401e@group-B350B0B50D88-LeaderElection56] INFO  server.RaftServer$Division (RaftServerImpl.java:setRole(290)) - 6776850b-34cd-43e9-bf63-cfd53769401e@group-B350B0B50D88: changes role from CANDIDATE to LEADER at term 1 for changeToLeader
2021-12-08 16:21:29,989 [6776850b-34cd-43e9-bf63-cfd53769401e@group-B350B0B50D88-LeaderElection56] INFO  ratis.XceiverServerRatis (XceiverServerRatis.java:handleLeaderChangedNotification(866)) - Leader change notification received for group: group-B350B0B50D88 with new leaderId: 6776850b-34cd-43e9-bf63-cfd53769401e
2021-12-08 16:21:29,990 [6776850b-34cd-43e9-bf63-cfd53769401e@group-B350B0B50D88-LeaderElection56] INFO  server.RaftServer$Division (ServerState.java:setLeader(285)) - 6776850b-34cd-43e9-bf63-cfd53769401e@group-B350B0B50D88: change Leader from null to 6776850b-34cd-43e9-bf63-cfd53769401e at term 1 for becomeLeader, leader elected after 5252ms
2021-12-08 16:21:29,990 [6776850b-34cd-43e9-bf63-cfd53769401e@group-B350B0B50D88-LeaderElection56] INFO  server.RaftServerConfigKeys (ConfUtils.java:logGet(44)) - raft.server.staging.catchup.gap = 1000 (default)
2021-12-08 16:21:29,990 [6776850b-34cd-43e9-bf63-cfd53769401e@group-B350B0B50D88-LeaderElection56] INFO  server.RaftServerConfigKeys (ConfUtils.java:logGet(44)) - raft.server.write.element-limit = 1024 (custom)
2021-12-08 16:21:29,990 [6776850b-34cd-43e9-bf63-cfd53769401e@group-B350B0B50D88-LeaderElection56] INFO  server.RaftServerConfigKeys (ConfUtils.java:logGet(44)) - raft.server.write.byte-limit = 1024 M (=1073741824) (custom)
2021-12-08 16:21:29,990 [6776850b-34cd-43e9-bf63-cfd53769401e@group-B350B0B50D88-LeaderElection56] INFO  server.RaftServerConfigKeys (ConfUtils.java:logGet(44)) - raft.server.watch.timeout = 180s (custom)
2021-12-08 16:21:29,990 [6776850b-34cd-43e9-bf63-cfd53769401e@group-B350B0B50D88-LeaderElection56] INFO  server.RaftServerConfigKeys (ConfUtils.java:logGet(44)) - raft.server.watch.timeout.denomination = 1s (default)
2021-12-08 16:21:29,990 [6776850b-34cd-43e9-bf63-cfd53769401e@group-B350B0B50D88-LeaderElection56] INFO  server.RaftServerConfigKeys (ConfUtils.java:logGet(44)) - raft.server.watch.element-limit = 65536 (default)
2021-12-08 16:21:29,990 [6776850b-34cd-43e9-bf63-cfd53769401e@group-B350B0B50D88-LeaderElection56] INFO  server.RaftServerConfigKeys (ConfUtils.java:logGet(44)) - raft.server.write.element-limit = 1024 (custom)
2021-12-08 16:21:29,990 [6776850b-34cd-43e9-bf63-cfd53769401e@group-B350B0B50D88-LeaderElection56] INFO  server.RaftServerConfigKeys (ConfUtils.java:logGet(44)) - raft.server.write.follower.gap.ratio.max = -1.0 (default)
2021-12-08 16:21:29,990 [6776850b-34cd-43e9-bf63-cfd53769401e@group-B350B0B50D88-LeaderElection56] INFO  server.RaftServerConfigKeys (ConfUtils.java:logGet(44)) - raft.server.log.appender.snapshot.chunk.size.max = 16MB (=16777216) (default)
2021-12-08 16:21:29,990 [6776850b-34cd-43e9-bf63-cfd53769401e@group-B350B0B50D88-LeaderElection56] INFO  server.RaftServerConfigKeys (ConfUtils.java:logGet(44)) - raft.server.log.appender.buffer.byte-limit = 33554432 (custom)
2021-12-08 16:21:29,990 [6776850b-34cd-43e9-bf63-cfd53769401e@group-B350B0B50D88-LeaderElection56] INFO  server.RaftServerConfigKeys (ConfUtils.java:logGet(44)) - raft.server.log.appender.buffer.element-limit = 1 (custom)
2021-12-08 16:21:29,991 [6776850b-34cd-43e9-bf63-cfd53769401e@group-B350B0B50D88-LeaderElection56] INFO  grpc.GrpcConfigKeys (ConfUtils.java:logGet(44)) - raft.grpc.server.leader.outstanding.appends.max = 128 (default)
2021-12-08 16:21:29,991 [6776850b-34cd-43e9-bf63-cfd53769401e@group-B350B0B50D88-LeaderElection56] INFO  server.RaftServerConfigKeys (ConfUtils.java:logGet(44)) - raft.server.rpc.request.timeout = 60s (custom)
2021-12-08 16:21:29,991 [6776850b-34cd-43e9-bf63-cfd53769401e@group-B350B0B50D88-LeaderElection56] INFO  server.RaftServerConfigKeys (ConfUtils.java:logGet(44)) - raft.server.log.appender.install.snapshot.enabled = false (custom)
2021-12-08 16:21:29,991 [6776850b-34cd-43e9-bf63-cfd53769401e@group-B350B0B50D88-LeaderElection56] INFO  server.RaftServerConfigKeys (ConfUtils.java:logGet(44)) - raft.server.log.appender.snapshot.chunk.size.max = 16MB (=16777216) (default)
2021-12-08 16:21:29,991 [6776850b-34cd-43e9-bf63-cfd53769401e@group-B350B0B50D88-LeaderElection56] INFO  server.RaftServerConfigKeys (ConfUtils.java:logGet(44)) - raft.server.log.appender.buffer.byte-limit = 33554432 (custom)
2021-12-08 16:21:29,991 [6776850b-34cd-43e9-bf63-cfd53769401e@group-B350B0B50D88-LeaderElection56] INFO  server.RaftServerConfigKeys (ConfUtils.java:logGet(44)) - raft.server.log.appender.buffer.element-limit = 1 (custom)
2021-12-08 16:21:29,991 [6776850b-34cd-43e9-bf63-cfd53769401e@group-B350B0B50D88-LeaderElection56] INFO  grpc.GrpcConfigKeys (ConfUtils.java:logGet(44)) - raft.grpc.server.leader.outstanding.appends.max = 128 (default)
2021-12-08 16:21:29,992 [6776850b-34cd-43e9-bf63-cfd53769401e@group-B350B0B50D88-LeaderElection56] INFO  server.RaftServerConfigKeys (ConfUtils.java:logGet(44)) - raft.server.rpc.request.timeout = 60s (custom)
2021-12-08 16:21:29,992 [6776850b-34cd-43e9-bf63-cfd53769401e@group-B350B0B50D88-LeaderElection56] INFO  server.RaftServerConfigKeys (ConfUtils.java:logGet(44)) - raft.server.log.appender.install.snapshot.enabled = false (custom)
2021-12-08 16:21:29,992 [6776850b-34cd-43e9-bf63-cfd53769401e@group-B350B0B50D88-LeaderElection56] INFO  impl.RoleInfo (RoleInfo.java:updateAndGet(130)) - 6776850b-34cd-43e9-bf63-cfd53769401e: start 6776850b-34cd-43e9-bf63-cfd53769401e@group-B350B0B50D88-LeaderStateImpl
2021-12-08 16:21:29,992 [6776850b-34cd-43e9-bf63-cfd53769401e@group-B350B0B50D88-LeaderElection56] INFO  segmented.SegmentedRaftLogWorker (SegmentedRaftLogWorker.java:startLogSegment(394)) - 6776850b-34cd-43e9-bf63-cfd53769401e@group-B350B0B50D88-SegmentedRaftLogWorker: Starting segment from index:0
2021-12-08 16:21:29,993 [EventQueue-PipelineReportForPipelineReportHandler] INFO  pipeline.PipelineManagerImpl (PipelineManagerImpl.java:openPipeline(291)) - Pipeline Pipeline[ Id: 066f44f4-fd35-44e4-808a-b350b0b50d88, Nodes: 41e2ec05-dc5a-40b5-a7e9-bf8cbfcf53f9{ip: 10.1.0.47, host: fv-az59-681.csjynl4pkq3e1pkirw3ssqjfoh.cx.internal.cloudapp.net, ports: [REPLICATION=38025, RATIS=43527, RATIS_ADMIN=43527, RATIS_SERVER=43527, STANDALONE=38505], networkLocation: /default-rack, certSerialId: null, persistedOpState: IN_SERVICE, persistedOpStateExpiryEpochSec: 0}6776850b-34cd-43e9-bf63-cfd53769401e{ip: 10.1.0.47, host: fv-az59-681.csjynl4pkq3e1pkirw3ssqjfoh.cx.internal.cloudapp.net, ports: [REPLICATION=45753, RATIS=36301, RATIS_ADMIN=36301, RATIS_SERVER=36301, STANDALONE=39417], networkLocation: /default-rack, certSerialId: null, persistedOpState: IN_SERVICE, persistedOpStateExpiryEpochSec: 0}aade3cc6-3956-4ee6-b179-fa53d32d09ed{ip: 10.1.0.47, host: fv-az59-681.csjynl4pkq3e1pkirw3ssqjfoh.cx.internal.cloudapp.net, ports: [REPLICATION=43395, RATIS=46851, RATIS_ADMIN=46851, RATIS_SERVER=46851, STANDALONE=39137], networkLocation: /default-rack, certSerialId: null, persistedOpState: IN_SERVICE, persistedOpStateExpiryEpochSec: 0}, ReplicationConfig: RATIS/THREE, State:ALLOCATED, leaderId:6776850b-34cd-43e9-bf63-cfd53769401e, CreationTimestamp2021-12-08T16:21:22.262Z[Etc/UTC]] moved to OPEN state
2021-12-08 16:21:29,993 [EventQueue-OpenPipelineForHealthyPipelineSafeModeRule] INFO  safemode.SCMSafeModeManager (HealthyPipelineSafeModeRule.java:process(124)) - SCM in safe mode. Healthy pipelines reported count is 0, required healthy pipeline reported count is 1
2021-12-08 16:21:29,993 [EventQueue-OpenPipelineForHealthyPipelineSafeModeRule] INFO  safemode.SCMSafeModeManager (HealthyPipelineSafeModeRule.java:process(124)) - SCM in safe mode. Healthy pipelines reported count is 1, required healthy pipeline reported count is 1
2021-12-08 16:21:29,993 [EventQueue-OpenPipelineForHealthyPipelineSafeModeRule] INFO  safemode.SCMSafeModeManager (SCMSafeModeManager.java:validateSafeModeExitRules(204)) - HealthyPipelineSafeModeRule rule is successfully validated
2021-12-08 16:21:29,994 [EventQueue-OpenPipelineForHealthyPipelineSafeModeRule] INFO  safemode.SCMSafeModeManager (SCMSafeModeManager.java:validateSafeModeExitRules(219)) - ScmSafeModeManager, all rules are successfully validated
2021-12-08 16:21:29,994 [EventQueue-OpenPipelineForHealthyPipelineSafeModeRule] INFO  safemode.SCMSafeModeManager (SCMSafeModeManager.java:exitSafeMode(248)) - SCM exiting safe mode.
2021-12-08 16:21:29,994 [EventQueue-OpenPipelineForHealthyPipelineSafeModeRule] WARN  events.EventQueue (EventQueue.java:fireEvent(194)) - No event handler registered for event TypedEvent{payloadType=SafeModeStatus, name='Safe mode status'}
2021-12-08 16:21:29,994 [EventQueue-OpenPipelineForHealthyPipelineSafeModeRule] INFO  ha.SCMContext (SCMContext.java:updateSafeModeStatus(211)) - Update SafeModeStatus from SafeModeStatus{safeModeStatus=true, preCheckPassed=true} to SafeModeStatus{safeModeStatus=false, preCheckPassed=true}.
2021-12-08 16:21:29,994 [EventQueue-OpenPipelineForHealthyPipelineSafeModeRule] INFO  pipeline.BackgroundPipelineCreator (BackgroundPipelineCreator.java:notifyStatusChanged(264)) - Service BackgroundPipelineCreator transitions to RUNNING.
2021-12-08 16:21:29,994 [EventQueue-OpenPipelineForHealthyPipelineSafeModeRule] INFO  container.ReplicationManager (ReplicationManager.java:notifyStatusChanged(1758)) - Service ReplicationManager transitions to RUNNING.
2021-12-08 16:21:29,996 [6776850b-34cd-43e9-bf63-cfd53769401e@group-B350B0B50D88-SegmentedRaftLogWorker] INFO  segmented.SegmentedRaftLogWorker (SegmentedRaftLogWorker.java:execute(601)) - 6776850b-34cd-43e9-bf63-cfd53769401e@group-B350B0B50D88-SegmentedRaftLogWorker: created new log segment /home/runner/work/ozone/ozone/hadoop-ozone/integration-test/target/test-dir/MiniOzoneClusterImpl-cc1b9559-bfd4-4be1-82a5-849569d2441c/datanode-0/data/ratis/066f44f4-fd35-44e4-808a-b350b0b50d88/current/log_inprogress_0
2021-12-08 16:21:30,019 [grpc-default-executor-2] INFO  impl.VoteContext (VoteContext.java:log(48)) - aade3cc6-3956-4ee6-b179-fa53d32d09ed@group-B350B0B50D88-CANDIDATE: accept ELECTION from 6776850b-34cd-43e9-bf63-cfd53769401e: our priority 0 <= candidate's priority 1
2021-12-08 16:21:30,019 [grpc-default-executor-2] INFO  server.RaftServer$Division (RaftServerImpl.java:setRole(290)) - aade3cc6-3956-4ee6-b179-fa53d32d09ed@group-B350B0B50D88: changes role from CANDIDATE to FOLLOWER at term 1 for candidate:6776850b-34cd-43e9-bf63-cfd53769401e
2021-12-08 16:21:30,019 [grpc-default-executor-2] INFO  impl.RoleInfo (RoleInfo.java:shutdownLeaderElection(121)) - aade3cc6-3956-4ee6-b179-fa53d32d09ed: shutdown aade3cc6-3956-4ee6-b179-fa53d32d09ed@group-B350B0B50D88-LeaderElection57
2021-12-08 16:21:30,020 [grpc-default-executor-2] INFO  impl.RoleInfo (RoleInfo.java:updateAndGet(130)) - aade3cc6-3956-4ee6-b179-fa53d32d09ed: start aade3cc6-3956-4ee6-b179-fa53d32d09ed@group-B350B0B50D88-FollowerState
2021-12-08 16:21:30,023 [grpc-default-executor-2] INFO  server.RaftServer$Division (RaftServerImpl.java:requestVote(1078)) - aade3cc6-3956-4ee6-b179-fa53d32d09ed@group-B350B0B50D88 replies to ELECTION vote request: 6776850b-34cd-43e9-bf63-cfd53769401e<-aade3cc6-3956-4ee6-b179-fa53d32d09ed#0:OK-t1. Peer's state: aade3cc6-3956-4ee6-b179-fa53d32d09ed@group-B350B0B50D88:t1, leader=null, voted=6776850b-34cd-43e9-bf63-cfd53769401e, raftlog=aade3cc6-3956-4ee6-b179-fa53d32d09ed@group-B350B0B50D88-SegmentedRaftLog:OPENED:c-1, conf=-1: [41e2ec05-dc5a-40b5-a7e9-bf8cbfcf53f9|rpc:10.1.0.47:43527|dataStream:|priority:0, aade3cc6-3956-4ee6-b179-fa53d32d09ed|rpc:10.1.0.47:46851|dataStream:|priority:0, 6776850b-34cd-43e9-bf63-cfd53769401e|rpc:10.1.0.47:36301|dataStream:|priority:1], old=null
2021-12-08 16:21:30,024 [grpc-default-executor-0] INFO  ratis.XceiverServerRatis (XceiverServerRatis.java:handleLeaderChangedNotification(866)) - Leader change notification received for group: group-B350B0B50D88 with new leaderId: 6776850b-34cd-43e9-bf63-cfd53769401e
2021-12-08 16:21:30,024 [grpc-default-executor-0] INFO  server.RaftServer$Division (ServerState.java:setLeader(285)) - aade3cc6-3956-4ee6-b179-fa53d32d09ed@group-B350B0B50D88: change Leader from null to 6776850b-34cd-43e9-bf63-cfd53769401e at term 1 for appendEntries, leader elected after 5146ms
2021-12-08 16:21:30,058 [41e2ec05-dc5a-40b5-a7e9-bf8cbfcf53f9@group-30CA66F13897-FollowerState] INFO  impl.FollowerState (FollowerState.java:run(134)) - 41e2ec05-dc5a-40b5-a7e9-bf8cbfcf53f9@group-30CA66F13897-FollowerState: change to CANDIDATE, lastRpcElapsedTime:5114287894ns, electionTimeout:5113ms
2021-12-08 16:21:30,058 [41e2ec05-dc5a-40b5-a7e9-bf8cbfcf53f9@group-30CA66F13897-FollowerState] INFO  impl.RoleInfo (RoleInfo.java:shutdownFollowerState(108)) - 41e2ec05-dc5a-40b5-a7e9-bf8cbfcf53f9: shutdown 41e2ec05-dc5a-40b5-a7e9-bf8cbfcf53f9@group-30CA66F13897-FollowerState
2021-12-08 16:21:30,058 [41e2ec05-dc5a-40b5-a7e9-bf8cbfcf53f9@group-30CA66F13897-FollowerState] INFO  server.RaftServer$Division (RaftServerImpl.java:setRole(290)) - 41e2ec05-dc5a-40b5-a7e9-bf8cbfcf53f9@group-30CA66F13897: changes role from  FOLLOWER to CANDIDATE at term 0 for changeToCandidate
2021-12-08 16:21:30,066 [41e2ec05-dc5a-40b5-a7e9-bf8cbfcf53f9@group-30CA66F13897-FollowerState] INFO  server.RaftServerConfigKeys (ConfUtils.java:logGet(44)) - raft.server.leaderelection.pre-vote = false (custom)
2021-12-08 16:21:30,066 [41e2ec05-dc5a-40b5-a7e9-bf8cbfcf53f9@group-30CA66F13897-FollowerState] INFO  impl.RoleInfo (RoleInfo.java:updateAndGet(130)) - 41e2ec05-dc5a-40b5-a7e9-bf8cbfcf53f9: start 41e2ec05-dc5a-40b5-a7e9-bf8cbfcf53f9@group-30CA66F13897-LeaderElection58
2021-12-08 16:21:30,077 [6776850b-34cd-43e9-bf63-cfd53769401e@group-B350B0B50D88-LeaderElection56] INFO  server.RaftServer$Division (ServerState.java:setRaftConf(387)) - 6776850b-34cd-43e9-bf63-cfd53769401e@group-B350B0B50D88: set configuration 0: [41e2ec05-dc5a-40b5-a7e9-bf8cbfcf53f9|rpc:10.1.0.47:43527|dataStream:|priority:0, aade3cc6-3956-4ee6-b179-fa53d32d09ed|rpc:10.1.0.47:46851|dataStream:|priority:0, 6776850b-34cd-43e9-bf63-cfd53769401e|rpc:10.1.0.47:36301|dataStream:|priority:1], old=null
2021-12-08 16:21:30,077 [grpc-default-executor-3] INFO  server.RaftServer$Division (ServerState.java:setRaftConf(387)) - aade3cc6-3956-4ee6-b179-fa53d32d09ed@group-B350B0B50D88: set configuration 0: [41e2ec05-dc5a-40b5-a7e9-bf8cbfcf53f9|rpc:10.1.0.47:43527|dataStream:|priority:0, aade3cc6-3956-4ee6-b179-fa53d32d09ed|rpc:10.1.0.47:46851|dataStream:|priority:0, 6776850b-34cd-43e9-bf63-cfd53769401e|rpc:10.1.0.47:36301|dataStream:|priority:1], old=null
2021-12-08 16:21:30,078 [grpc-default-executor-3] INFO  segmented.SegmentedRaftLogWorker (SegmentedRaftLogWorker.java:startLogSegment(394)) - aade3cc6-3956-4ee6-b179-fa53d32d09ed@group-B350B0B50D88-SegmentedRaftLogWorker: Starting segment from index:0
2021-12-08 16:21:30,078 [grpc-default-executor-2] INFO  ratis.XceiverServerRatis (XceiverServerRatis.java:handleLeaderChangedNotification(866)) - Leader change notification received for group: group-B350B0B50D88 with new leaderId: 6776850b-34cd-43e9-bf63-cfd53769401e
2021-12-08 16:21:30,078 [grpc-default-executor-2] INFO  server.RaftServer$Division (ServerState.java:setLeader(285)) - 41e2ec05-dc5a-40b5-a7e9-bf8cbfcf53f9@group-B350B0B50D88: change Leader from null to 6776850b-34cd-43e9-bf63-cfd53769401e at term 1 for appendEntries, leader elected after 5280ms
2021-12-08 16:21:30,080 [aade3cc6-3956-4ee6-b179-fa53d32d09ed@group-B350B0B50D88-SegmentedRaftLogWorker] INFO  segmented.SegmentedRaftLogWorker (SegmentedRaftLogWorker.java:execute(601)) - aade3cc6-3956-4ee6-b179-fa53d32d09ed@group-B350B0B50D88-SegmentedRaftLogWorker: created new log segment /home/runner/work/ozone/ozone/hadoop-ozone/integration-test/target/test-dir/MiniOzoneClusterImpl-cc1b9559-bfd4-4be1-82a5-849569d2441c/datanode-2/data/ratis/066f44f4-fd35-44e4-808a-b350b0b50d88/current/log_inprogress_0
2021-12-08 16:21:30,101 [41e2ec05-dc5a-40b5-a7e9-bf8cbfcf53f9@group-30CA66F13897-LeaderElection58] INFO  impl.LeaderElection (LeaderElection.java:askForVotes(306)) - 41e2ec05-dc5a-40b5-a7e9-bf8cbfcf53f9@group-30CA66F13897-LeaderElection58 ELECTION round 0: submit vote requests at term 1 for -1: [41e2ec05-dc5a-40b5-a7e9-bf8cbfcf53f9|rpc:10.1.0.47:43527|priority:1], old=null
2021-12-08 16:21:30,101 [41e2ec05-dc5a-40b5-a7e9-bf8cbfcf53f9@group-30CA66F13897-LeaderElection58] INFO  impl.LeaderElection (LeaderElection.java:askForVotes(308)) - 41e2ec05-dc5a-40b5-a7e9-bf8cbfcf53f9@group-30CA66F13897-LeaderElection58 ELECTION round 0: result PASSED (term=1)
2021-12-08 16:21:30,101 [41e2ec05-dc5a-40b5-a7e9-bf8cbfcf53f9@group-30CA66F13897-LeaderElection58] INFO  impl.RoleInfo (RoleInfo.java:shutdownLeaderElection(121)) - 41e2ec05-dc5a-40b5-a7e9-bf8cbfcf53f9: shutdown 41e2ec05-dc5a-40b5-a7e9-bf8cbfcf53f9@group-30CA66F13897-LeaderElection58
2021-12-08 16:21:30,101 [41e2ec05-dc5a-40b5-a7e9-bf8cbfcf53f9@group-30CA66F13897-LeaderElection58] INFO  server.RaftServer$Division (RaftServerImpl.java:setRole(290)) - 41e2ec05-dc5a-40b5-a7e9-bf8cbfcf53f9@group-30CA66F13897: changes role from CANDIDATE to LEADER at term 1 for changeToLeader
2021-12-08 16:21:30,101 [41e2ec05-dc5a-40b5-a7e9-bf8cbfcf53f9@group-30CA66F13897-LeaderElection58] INFO  ratis.XceiverServerRatis (XceiverServerRatis.java:handleLeaderChangedNotification(866)) - Leader change notification received for group: group-30CA66F13897 with new leaderId: 41e2ec05-dc5a-40b5-a7e9-bf8cbfcf53f9
2021-12-08 16:21:30,101 [41e2ec05-dc5a-40b5-a7e9-bf8cbfcf53f9@group-30CA66F13897-LeaderElection58] INFO  server.RaftServer$Division (ServerState.java:setLeader(285)) - 41e2ec05-dc5a-40b5-a7e9-bf8cbfcf53f9@group-30CA66F13897: change Leader from null to 41e2ec05-dc5a-40b5-a7e9-bf8cbfcf53f9 at term 1 for becomeLeader, leader elected after 5210ms
2021-12-08 16:21:30,101 [41e2ec05-dc5a-40b5-a7e9-bf8cbfcf53f9@group-30CA66F13897-LeaderElection58] INFO  server.RaftServerConfigKeys (ConfUtils.java:logGet(44)) - raft.server.staging.catchup.gap = 1000 (default)
2021-12-08 16:21:30,101 [41e2ec05-dc5a-40b5-a7e9-bf8cbfcf53f9@group-30CA66F13897-LeaderElection58] INFO  server.RaftServerConfigKeys (ConfUtils.java:logGet(44)) - raft.server.write.element-limit = 1024 (custom)
2021-12-08 16:21:30,101 [41e2ec05-dc5a-40b5-a7e9-bf8cbfcf53f9@group-30CA66F13897-LeaderElection58] INFO  server.RaftServerConfigKeys (ConfUtils.java:logGet(44)) - raft.server.write.byte-limit = 1024 M (=1073741824) (custom)
2021-12-08 16:21:30,102 [41e2ec05-dc5a-40b5-a7e9-bf8cbfcf53f9@group-30CA66F13897-LeaderElection58] INFO  server.RaftServerConfigKeys (ConfUtils.java:logGet(44)) - raft.server.watch.timeout = 180s (custom)
2021-12-08 16:21:30,102 [41e2ec05-dc5a-40b5-a7e9-bf8cbfcf53f9@group-30CA66F13897-LeaderElection58] INFO  server.RaftServerConfigKeys (ConfUtils.java:logGet(44)) - raft.server.watch.timeout.denomination = 1s (default)
2021-12-08 16:21:30,102 [41e2ec05-dc5a-40b5-a7e9-bf8cbfcf53f9@group-30CA66F13897-LeaderElection58] INFO  server.RaftServerConfigKeys (ConfUtils.java:logGet(44)) - raft.server.watch.element-limit = 65536 (default)
2021-12-08 16:21:30,102 [41e2ec05-dc5a-40b5-a7e9-bf8cbfcf53f9@group-30CA66F13897-LeaderElection58] INFO  server.RaftServerConfigKeys (ConfUtils.java:logGet(44)) - raft.server.write.element-limit = 1024 (custom)
2021-12-08 16:21:30,102 [41e2ec05-dc5a-40b5-a7e9-bf8cbfcf53f9@group-30CA66F13897-LeaderElection58] INFO  server.RaftServerConfigKeys (ConfUtils.java:logGet(44)) - raft.server.write.follower.gap.ratio.max = -1.0 (default)
2021-12-08 16:21:30,102 [41e2ec05-dc5a-40b5-a7e9-bf8cbfcf53f9@group-30CA66F13897-LeaderElection58] INFO  impl.RoleInfo (RoleInfo.java:updateAndGet(130)) - 41e2ec05-dc5a-40b5-a7e9-bf8cbfcf53f9: start 41e2ec05-dc5a-40b5-a7e9-bf8cbfcf53f9@group-30CA66F13897-LeaderStateImpl
2021-12-08 16:21:30,102 [41e2ec05-dc5a-40b5-a7e9-bf8cbfcf53f9@group-30CA66F13897-LeaderElection58] INFO  segmented.SegmentedRaftLogWorker (SegmentedRaftLogWorker.java:startLogSegment(394)) - 41e2ec05-dc5a-40b5-a7e9-bf8cbfcf53f9@group-30CA66F13897-SegmentedRaftLogWorker: Starting segment from index:0
2021-12-08 16:21:30,104 [41e2ec05-dc5a-40b5-a7e9-bf8cbfcf53f9@group-30CA66F13897-SegmentedRaftLogWorker] INFO  segmented.SegmentedRaftLogWorker (SegmentedRaftLogWorker.java:execute(601)) - 41e2ec05-dc5a-40b5-a7e9-bf8cbfcf53f9@group-30CA66F13897-SegmentedRaftLogWorker: created new log segment /home/runner/work/ozone/ozone/hadoop-ozone/integration-test/target/test-dir/MiniOzoneClusterImpl-cc1b9559-bfd4-4be1-82a5-849569d2441c/datanode-1/data/ratis/19784f27-05de-4aeb-8510-30ca66f13897/current/log_inprogress_0
2021-12-08 16:21:30,115 [grpc-default-executor-2] INFO  server.RaftServer$Division (ServerState.java:setRaftConf(387)) - 41e2ec05-dc5a-40b5-a7e9-bf8cbfcf53f9@group-B350B0B50D88: set configuration 0: [41e2ec05-dc5a-40b5-a7e9-bf8cbfcf53f9|rpc:10.1.0.47:43527|dataStream:|priority:0, aade3cc6-3956-4ee6-b179-fa53d32d09ed|rpc:10.1.0.47:46851|dataStream:|priority:0, 6776850b-34cd-43e9-bf63-cfd53769401e|rpc:10.1.0.47:36301|dataStream:|priority:1], old=null
2021-12-08 16:21:30,115 [grpc-default-executor-2] INFO  segmented.SegmentedRaftLogWorker (SegmentedRaftLogWorker.java:startLogSegment(394)) - 41e2ec05-dc5a-40b5-a7e9-bf8cbfcf53f9@group-B350B0B50D88-SegmentedRaftLogWorker: Starting segment from index:0
2021-12-08 16:21:30,117 [41e2ec05-dc5a-40b5-a7e9-bf8cbfcf53f9@group-B350B0B50D88-SegmentedRaftLogWorker] INFO  segmented.SegmentedRaftLogWorker (SegmentedRaftLogWorker.java:execute(601)) - 41e2ec05-dc5a-40b5-a7e9-bf8cbfcf53f9@group-B350B0B50D88-SegmentedRaftLogWorker: created new log segment /home/runner/work/ozone/ozone/hadoop-ozone/integration-test/target/test-dir/MiniOzoneClusterImpl-cc1b9559-bfd4-4be1-82a5-849569d2441c/datanode-1/data/ratis/066f44f4-fd35-44e4-808a-b350b0b50d88/current/log_inprogress_0
2021-12-08 16:21:30,118 [41e2ec05-dc5a-40b5-a7e9-bf8cbfcf53f9@group-30CA66F13897-LeaderElection58] INFO  server.RaftServer$Division (ServerState.java:setRaftConf(387)) - 41e2ec05-dc5a-40b5-a7e9-bf8cbfcf53f9@group-30CA66F13897: set configuration 0: [41e2ec05-dc5a-40b5-a7e9-bf8cbfcf53f9|rpc:10.1.0.47:43527|dataStream:|priority:1], old=null
2021-12-08 16:21:30,234 [Listener at 127.0.0.1/45609] INFO  ozone.MiniOzoneClusterImpl (MiniOzoneClusterImpl.java:lambda$waitForClusterToBeReady$0(235)) - Nodes are ready. Got 3 of 3 DN Heartbeats.
2021-12-08 16:21:30,235 [Listener at 127.0.0.1/45609] INFO  ozone.MiniOzoneClusterImpl (MiniOzoneClusterImpl.java:lambda$waitForClusterToBeReady$0(238)) - Cluster exits safe mode
2021-12-08 16:21:30,235 [Listener at 127.0.0.1/45609] INFO  ozone.MiniOzoneClusterImpl (MiniOzoneClusterImpl.java:lambda$waitForClusterToBeReady$0(240)) - SCM became leader
2021-12-08 16:21:30,311 [Listener at 127.0.0.1/45609] INFO  rpc.RpcClient (RpcClient.java:createVolume(389)) - Creating Volume: volume16195, with user39092 as owner and space quota set to -1 bytes, counts quota set to -1
2021-12-08 16:21:30,335 [OM StateMachine ApplyTransaction Thread - 0] INFO  volume.OMVolumeCreateRequest (OMVolumeCreateRequest.java:validateAndUpdateCache(195)) - created volume:volume16195 for user:user39092
2021-12-08 16:21:30,384 [Listener at 127.0.0.1/45609] INFO  rpc.RpcClient (RpcClient.java:createBucket(552)) - Creating Bucket: volume16195/bucket72116, with runner as owner and Versioning false and Storage Type set to DISK and Encryption set to false 
2021-12-08 16:21:30,401 [aade3cc6-3956-4ee6-b179-fa53d32d09ed@group-F96465653175-FollowerState] INFO  impl.FollowerState (FollowerState.java:run(134)) - aade3cc6-3956-4ee6-b179-fa53d32d09ed@group-F96465653175-FollowerState: change to CANDIDATE, lastRpcElapsedTime:5133114338ns, electionTimeout:5132ms
2021-12-08 16:21:30,401 [aade3cc6-3956-4ee6-b179-fa53d32d09ed@group-F96465653175-FollowerState] INFO  impl.RoleInfo (RoleInfo.java:shutdownFollowerState(108)) - aade3cc6-3956-4ee6-b179-fa53d32d09ed: shutdown aade3cc6-3956-4ee6-b179-fa53d32d09ed@group-F96465653175-FollowerState
2021-12-08 16:21:30,401 [aade3cc6-3956-4ee6-b179-fa53d32d09ed@group-F96465653175-FollowerState] INFO  server.RaftServer$Division (RaftServerImpl.java:setRole(290)) - aade3cc6-3956-4ee6-b179-fa53d32d09ed@group-F96465653175: changes role from  FOLLOWER to CANDIDATE at term 0 for changeToCandidate
2021-12-08 16:21:30,402 [aade3cc6-3956-4ee6-b179-fa53d32d09ed@group-F96465653175-FollowerState] INFO  server.RaftServerConfigKeys (ConfUtils.java:logGet(44)) - raft.server.leaderelection.pre-vote = false (custom)
2021-12-08 16:21:30,402 [aade3cc6-3956-4ee6-b179-fa53d32d09ed@group-F96465653175-FollowerState] INFO  impl.RoleInfo (RoleInfo.java:updateAndGet(130)) - aade3cc6-3956-4ee6-b179-fa53d32d09ed: start aade3cc6-3956-4ee6-b179-fa53d32d09ed@group-F96465653175-LeaderElection59
2021-12-08 16:21:30,467 [aade3cc6-3956-4ee6-b179-fa53d32d09ed@group-F96465653175-LeaderElection59] INFO  impl.LeaderElection (LeaderElection.java:askForVotes(306)) - aade3cc6-3956-4ee6-b179-fa53d32d09ed@group-F96465653175-LeaderElection59 ELECTION round 0: submit vote requests at term 1 for -1: [aade3cc6-3956-4ee6-b179-fa53d32d09ed|rpc:10.1.0.47:46851|priority:1], old=null
2021-12-08 16:21:30,467 [aade3cc6-3956-4ee6-b179-fa53d32d09ed@group-F96465653175-LeaderElection59] INFO  impl.LeaderElection (LeaderElection.java:askForVotes(308)) - aade3cc6-3956-4ee6-b179-fa53d32d09ed@group-F96465653175-LeaderElection59 ELECTION round 0: result PASSED (term=1)
2021-12-08 16:21:30,467 [aade3cc6-3956-4ee6-b179-fa53d32d09ed@group-F96465653175-LeaderElection59] INFO  impl.RoleInfo (RoleInfo.java:shutdownLeaderElection(121)) - aade3cc6-3956-4ee6-b179-fa53d32d09ed: shutdown aade3cc6-3956-4ee6-b179-fa53d32d09ed@group-F96465653175-LeaderElection59
2021-12-08 16:21:30,467 [aade3cc6-3956-4ee6-b179-fa53d32d09ed@group-F96465653175-LeaderElection59] INFO  server.RaftServer$Division (RaftServerImpl.java:setRole(290)) - aade3cc6-3956-4ee6-b179-fa53d32d09ed@group-F96465653175: changes role from CANDIDATE to LEADER at term 1 for changeToLeader
2021-12-08 16:21:30,467 [aade3cc6-3956-4ee6-b179-fa53d32d09ed@group-F96465653175-LeaderElection59] INFO  ratis.XceiverServerRatis (XceiverServerRatis.java:handleLeaderChangedNotification(866)) - Leader change notification received for group: group-F96465653175 with new leaderId: aade3cc6-3956-4ee6-b179-fa53d32d09ed
2021-12-08 16:21:30,485 [aade3cc6-3956-4ee6-b179-fa53d32d09ed@group-F96465653175-LeaderElection59] INFO  server.RaftServer$Division (ServerState.java:setLeader(285)) - aade3cc6-3956-4ee6-b179-fa53d32d09ed@group-F96465653175: change Leader from null to aade3cc6-3956-4ee6-b179-fa53d32d09ed at term 1 for becomeLeader, leader elected after 5205ms
2021-12-08 16:21:30,485 [aade3cc6-3956-4ee6-b179-fa53d32d09ed@group-F96465653175-LeaderElection59] INFO  server.RaftServerConfigKeys (ConfUtils.java:logGet(44)) - raft.server.staging.catchup.gap = 1000 (default)
2021-12-08 16:21:30,485 [aade3cc6-3956-4ee6-b179-fa53d32d09ed@group-F96465653175-LeaderElection59] INFO  server.RaftServerConfigKeys (ConfUtils.java:logGet(44)) - raft.server.write.element-limit = 1024 (custom)
2021-12-08 16:21:30,485 [aade3cc6-3956-4ee6-b179-fa53d32d09ed@group-F96465653175-LeaderElection59] INFO  server.RaftServerConfigKeys (ConfUtils.java:logGet(44)) - raft.server.write.byte-limit = 1024 M (=1073741824) (custom)
2021-12-08 16:21:30,485 [aade3cc6-3956-4ee6-b179-fa53d32d09ed@group-F96465653175-LeaderElection59] INFO  server.RaftServerConfigKeys (ConfUtils.java:logGet(44)) - raft.server.watch.timeout = 180s (custom)
2021-12-08 16:21:30,485 [aade3cc6-3956-4ee6-b179-fa53d32d09ed@group-F96465653175-LeaderElection59] INFO  server.RaftServerConfigKeys (ConfUtils.java:logGet(44)) - raft.server.watch.timeout.denomination = 1s (default)
2021-12-08 16:21:30,485 [aade3cc6-3956-4ee6-b179-fa53d32d09ed@group-F96465653175-LeaderElection59] INFO  server.RaftServerConfigKeys (ConfUtils.java:logGet(44)) - raft.server.watch.element-limit = 65536 (default)
2021-12-08 16:21:30,485 [aade3cc6-3956-4ee6-b179-fa53d32d09ed@group-F96465653175-LeaderElection59] INFO  server.RaftServerConfigKeys (ConfUtils.java:logGet(44)) - raft.server.write.element-limit = 1024 (custom)
2021-12-08 16:21:30,485 [aade3cc6-3956-4ee6-b179-fa53d32d09ed@group-F96465653175-LeaderElection59] INFO  server.RaftServerConfigKeys (ConfUtils.java:logGet(44)) - raft.server.write.follower.gap.ratio.max = -1.0 (default)
2021-12-08 16:21:30,485 [aade3cc6-3956-4ee6-b179-fa53d32d09ed@group-F96465653175-LeaderElection59] INFO  impl.RoleInfo (RoleInfo.java:updateAndGet(130)) - aade3cc6-3956-4ee6-b179-fa53d32d09ed: start aade3cc6-3956-4ee6-b179-fa53d32d09ed@group-F96465653175-LeaderStateImpl
2021-12-08 16:21:30,499 [aade3cc6-3956-4ee6-b179-fa53d32d09ed@group-F96465653175-LeaderElection59] INFO  segmented.SegmentedRaftLogWorker (SegmentedRaftLogWorker.java:startLogSegment(394)) - aade3cc6-3956-4ee6-b179-fa53d32d09ed@group-F96465653175-SegmentedRaftLogWorker: Starting segment from index:0
2021-12-08 16:21:30,500 [aade3cc6-3956-4ee6-b179-fa53d32d09ed@group-F96465653175-SegmentedRaftLogWorker] INFO  segmented.SegmentedRaftLogWorker (SegmentedRaftLogWorker.java:execute(601)) - aade3cc6-3956-4ee6-b179-fa53d32d09ed@group-F96465653175-SegmentedRaftLogWorker: created new log segment /home/runner/work/ozone/ozone/hadoop-ozone/integration-test/target/test-dir/MiniOzoneClusterImpl-cc1b9559-bfd4-4be1-82a5-849569d2441c/datanode-2/data/ratis/eeea4004-8849-41e0-b282-f96465653175/current/log_inprogress_0
2021-12-08 16:21:30,529 [aade3cc6-3956-4ee6-b179-fa53d32d09ed@group-F96465653175-LeaderElection59] INFO  server.RaftServer$Division (ServerState.java:setRaftConf(387)) - aade3cc6-3956-4ee6-b179-fa53d32d09ed@group-F96465653175: set configuration 0: [aade3cc6-3956-4ee6-b179-fa53d32d09ed|rpc:10.1.0.47:46851|dataStream:|priority:1], old=null
]]></system-out>
    <system-err><![CDATA[Exception in thread "Trash Emptier" java.lang.UnsupportedOperationException: fs.getUri() not implemented in TrashOzoneFileSystem
	at org.apache.hadoop.ozone.om.TrashOzoneFileSystem.getUri(TrashOzoneFileSystem.java:124)
	at org.apache.hadoop.fs.FileSystem.close(FileSystem.java:2592)
	at org.apache.hadoop.ozone.om.TrashPolicyOzone$Emptier.run(TrashPolicyOzone.java:243)
	at java.lang.Thread.run(Thread.java:748)
]]></system-err>
  </testcase>
  <testcase name="testRenameFile[3]" classname="org.apache.hadoop.fs.ozone.TestRootedOzoneFileSystem" time="0.13"/>
  <testcase name="testListStatusRootAndVolumeRecursive[3]" classname="org.apache.hadoop.fs.ozone.TestRootedOzoneFileSystem" time="0.893"/>
  <testcase name="testTempMount[3]" classname="org.apache.hadoop.fs.ozone.TestRootedOzoneFileSystem" time="0.305"/>
  <testcase name="testListStatusRootAndVolumeNonRecursive[3]" classname="org.apache.hadoop.fs.ozone.TestRootedOzoneFileSystem" time="0.571"/>
  <testcase name="testDeleteVolumeAndBucket[3]" classname="org.apache.hadoop.fs.ozone.TestRootedOzoneFileSystem" time="0.048"/>
  <testcase name="testRenameDirToItsOwnSubDir[3]" classname="org.apache.hadoop.fs.ozone.TestRootedOzoneFileSystem" time="0.033"/>
  <testcase name="testOzoneFsServiceLoader[3]" classname="org.apache.hadoop.fs.ozone.TestRootedOzoneFileSystem" time="0.051"/>
  <testcase name="testTrash[3]" classname="org.apache.hadoop.fs.ozone.TestRootedOzoneFileSystem" time="0">
    <skipped/>
  </testcase>
  <testcase name="testRenameDestinationParentDoesntExist[3]" classname="org.apache.hadoop.fs.ozone.TestRootedOzoneFileSystem" time="0.047"/>
  <testcase name="testGetFileStatusRoot[3]" classname="org.apache.hadoop.fs.ozone.TestRootedOzoneFileSystem" time="0.024"/>
  <testcase name="testCreateWithInvalidPaths[3]" classname="org.apache.hadoop.fs.ozone.TestRootedOzoneFileSystem" time="0.04"/>
  <testcase name="testDeleteEmptyVolume[3]" classname="org.apache.hadoop.fs.ozone.TestRootedOzoneFileSystem" time="0.034"/>
  <testcase name="testListStatusRootAndVolumeContinuation[3]" classname="org.apache.hadoop.fs.ozone.TestRootedOzoneFileSystem" time="1.224"/>
  <testcase name="testDeleteVolumeBucketAndKey[3]" classname="org.apache.hadoop.fs.ozone.TestRootedOzoneFileSystem" time="0.086"/>
  <testcase name="testRenameToParentDir[3]" classname="org.apache.hadoop.fs.ozone.TestRootedOzoneFileSystem" time="0.067"/>
  <testcase name="testMkdirNonExistentVolumeBucket[3]" classname="org.apache.hadoop.fs.ozone.TestRootedOzoneFileSystem" time="0.036"/>
  <testcase name="testFailToDeleteRoot[3]" classname="org.apache.hadoop.fs.ozone.TestRootedOzoneFileSystem" time="0.009"/>
  <testcase name="testListStatusOnSubDirs[3]" classname="org.apache.hadoop.fs.ozone.TestRootedOzoneFileSystem" time="0.08"/>
  <testcase name="testListStatus[3]" classname="org.apache.hadoop.fs.ozone.TestRootedOzoneFileSystem" time="0.069"/>
  <testcase name="testGetTrashRoots[3]" classname="org.apache.hadoop.fs.ozone.TestRootedOzoneFileSystem" time="0.626"/>
  <testcase name="testCreateDoesNotAddParentDirKeys[3]" classname="org.apache.hadoop.fs.ozone.TestRootedOzoneFileSystem" time="0.27"/>
  <testcase name="testMkdirNonExistentVolume[3]" classname="org.apache.hadoop.fs.ozone.TestRootedOzoneFileSystem" time="0.024"/>
  <testcase name="testDeleteCreatesFakeParentDir[3]" classname="org.apache.hadoop.fs.ozone.TestRootedOzoneFileSystem" time="0.248"/>
  <testcase name="testNonExplicitlyCreatedPathExistsAfterItsLeafsWereRemoved[3]" classname="org.apache.hadoop.fs.ozone.TestRootedOzoneFileSystem" time="0.064"/>
  <testcase name="testFileDelete[3]" classname="org.apache.hadoop.fs.ozone.TestRootedOzoneFileSystem" time="0.208"/>
  <testcase name="testRenameToTrashEnabled[3]" classname="org.apache.hadoop.fs.ozone.TestRootedOzoneFileSystem" time="0.262"/>
  <testcase name="testMkdirOnNonExistentVolumeBucketDir[3]" classname="org.apache.hadoop.fs.ozone.TestRootedOzoneFileSystem" time="0.077"/>
  <testcase name="testListStatusOnLargeDirectory[3]" classname="org.apache.hadoop.fs.ozone.TestRootedOzoneFileSystem" time="12.83"/>
  <testcase name="testRenameToDifferentBucket[3]" classname="org.apache.hadoop.fs.ozone.TestRootedOzoneFileSystem" time="0.043"/>
  <testcase name="testListStatusInBucket[3]" classname="org.apache.hadoop.fs.ozone.TestRootedOzoneFileSystem" time="0.03"/>
  <testcase name="testRenameFileToDir[3]" classname="org.apache.hadoop.fs.ozone.TestRootedOzoneFileSystem" time="0.08"/>
  <testcase name="testNonPrivilegedUserMkdirCreateBucket[4]" classname="org.apache.hadoop.fs.ozone.TestRootedOzoneFileSystem" time="0">
    <skipped message="ACL is not enabled. Skipping this test as it requires ACL to be enabled to be meaningful." type="org.junit.AssumptionViolatedException">org.junit.AssumptionViolatedException: ACL is not enabled. Skipping this test as it requires ACL to be enabled to be meaningful.
	at org.junit.Assume.assumeTrue(Assume.java:68)
	at org.apache.hadoop.fs.ozone.TestRootedOzoneFileSystem.testNonPrivilegedUserMkdirCreateBucket(TestRootedOzoneFileSystem.java:1582)
	at sun.reflect.NativeMethodAccessorImpl.invoke0(Native Method)
	at sun.reflect.NativeMethodAccessorImpl.invoke(NativeMethodAccessorImpl.java:62)
	at sun.reflect.DelegatingMethodAccessorImpl.invoke(DelegatingMethodAccessorImpl.java:43)
	at java.lang.reflect.Method.invoke(Method.java:498)
	at org.junit.runners.model.FrameworkMethod$1.runReflectiveCall(FrameworkMethod.java:59)
	at org.junit.internal.runners.model.ReflectiveCallable.run(ReflectiveCallable.java:12)
	at org.junit.runners.model.FrameworkMethod.invokeExplosively(FrameworkMethod.java:56)
	at org.junit.internal.runners.statements.InvokeMethod.evaluate(InvokeMethod.java:17)
	at org.junit.internal.runners.statements.FailOnTimeout$CallableStatement.call(FailOnTimeout.java:288)
	at org.junit.internal.runners.statements.FailOnTimeout$CallableStatement.call(FailOnTimeout.java:282)
	at java.util.concurrent.FutureTask.run(FutureTask.java:266)
	at java.lang.Thread.run(Thread.java:748)
</skipped>
    <system-out><![CDATA[2021-12-08 16:21:49,037 [Listener at 127.0.0.1/45609] INFO  ozone.MiniOzoneClusterImpl (MiniOzoneClusterImpl.java:shutdown(453)) - Shutting down the Mini Ozone Cluster
2021-12-08 16:21:49,037 [Listener at 127.0.0.1/45609] INFO  ozone.MiniOzoneClusterImpl (MiniOzoneClusterImpl.java:stop(468)) - Stopping the Mini Ozone Cluster
2021-12-08 16:21:49,037 [Listener at 127.0.0.1/45609] INFO  ozone.MiniOzoneClusterImpl (MiniOzoneClusterImpl.java:stopOM(550)) - Stopping the OzoneManager
2021-12-08 16:21:49,037 [Listener at 127.0.0.1/45609] INFO  om.OzoneManager (OzoneManager.java:stop(1829)) - om1[localhost:0]: Stopping Ozone Manager
2021-12-08 16:21:49,038 [Listener at 127.0.0.1/45609] INFO  ipc.Server (Server.java:stop(3414)) - Stopping server on 45609
2021-12-08 16:21:49,043 [IPC Server listener on 0] INFO  ipc.Server (Server.java:run(1376)) - Stopping IPC Server listener on 0
2021-12-08 16:21:49,055 [IPC Server Responder] INFO  ipc.Server (Server.java:run(1512)) - Stopping IPC Server Responder
2021-12-08 16:21:49,055 [Listener at 127.0.0.1/45609] INFO  server.RaftServer (RaftServerProxy.java:lambda$close$6(391)) - om1: close
2021-12-08 16:21:49,055 [Listener at 127.0.0.1/45609] INFO  server.RaftServer$Division (RaftServerImpl.java:lambda$close$4(412)) - om1@group-C5BA1605619E: shutdown
2021-12-08 16:21:49,056 [Listener at 127.0.0.1/45609] INFO  util.JmxRegister (JmxRegister.java:unregister(73)) - Successfully un-registered JMX Bean with object name Ratis:service=RaftServer,group=group-C5BA1605619E,id=om1
2021-12-08 16:21:49,056 [Listener at 127.0.0.1/45609] INFO  impl.RoleInfo (RoleInfo.java:shutdownLeaderState(91)) - om1: shutdown om1@group-C5BA1605619E-LeaderStateImpl
2021-12-08 16:21:49,056 [Listener at 127.0.0.1/45609] INFO  impl.PendingRequests (PendingRequests.java:sendNotLeaderResponses(282)) - om1@group-C5BA1605619E-PendingRequests: sendNotLeaderResponses
2021-12-08 16:21:49,079 [Listener at 127.0.0.1/45609] INFO  impl.StateMachineUpdater (StateMachineUpdater.java:stopAndJoin(149)) - om1@group-C5BA1605619E-StateMachineUpdater: set stopIndex = 6688
2021-12-08 16:21:49,082 [om1@group-C5BA1605619E-StateMachineUpdater] INFO  ratis.OzoneManagerStateMachine (OzoneManagerStateMachine.java:takeSnapshot(417)) - Current Snapshot Index (t:1, i:6688)
2021-12-08 16:21:49,082 [om1@group-C5BA1605619E-StateMachineUpdater] INFO  impl.StateMachineUpdater (StateMachineUpdater.java:takeSnapshot(281)) - om1@group-C5BA1605619E-StateMachineUpdater: Took a snapshot at index 6688
2021-12-08 16:21:49,082 [om1@group-C5BA1605619E-StateMachineUpdater] INFO  impl.StateMachineUpdater (StateMachineUpdater.java:lambda$new$0(89)) - om1@group-C5BA1605619E-StateMachineUpdater: snapshotIndex: updateIncreasingly -1 -> 6688
2021-12-08 16:21:49,082 [om1@group-C5BA1605619E-StateMachineUpdater] INFO  ratis.OzoneManagerStateMachine (OzoneManagerStateMachine.java:close(471)) - StateMachine has shutdown. Shutdown OzoneManager if not already shutdown.
2021-12-08 16:21:49,082 [Listener at 127.0.0.1/45609] INFO  server.RaftServer$Division (ServerState.java:close(419)) - om1@group-C5BA1605619E: closes. applyIndex: 6688
2021-12-08 16:21:49,083 [om1@group-C5BA1605619E-SegmentedRaftLogWorker] INFO  segmented.SegmentedRaftLogWorker (SegmentedRaftLogWorker.java:run(327)) - om1@group-C5BA1605619E-SegmentedRaftLogWorker was interrupted, exiting. There are 0 tasks remaining in the queue.
2021-12-08 16:21:49,086 [Listener at 127.0.0.1/45609] INFO  segmented.SegmentedRaftLogWorker (SegmentedRaftLogWorker.java:close(237)) - om1@group-C5BA1605619E-SegmentedRaftLogWorker close()
2021-12-08 16:21:49,087 [Listener at 127.0.0.1/45609] INFO  server.GrpcService (GrpcService.java:closeImpl(262)) - om1: shutdown server with port 9872 now
2021-12-08 16:21:49,087 [Listener at 127.0.0.1/45609] INFO  server.GrpcService (GrpcService.java:closeImpl(271)) - om1: shutdown server with port 9872 successfully
2021-12-08 16:21:49,087 [org.apache.ratis.util.JvmPauseMonitor$$Lambda$523/2003369902@5cf8a5c9] INFO  util.JvmPauseMonitor (JvmPauseMonitor.java:run(109)) - JvmPauseMonitor-om1: Stopped
2021-12-08 16:21:49,087 [Listener at 127.0.0.1/45609] INFO  ratis.OzoneManagerDoubleBuffer (OzoneManagerDoubleBuffer.java:stop(437)) - Stopping OMDoubleBuffer flush thread
2021-12-08 16:21:49,087 [OMDoubleBufferFlushThread] INFO  ratis.OzoneManagerDoubleBuffer (OzoneManagerDoubleBuffer.java:flushTransactions(356)) - OMDoubleBuffer flush thread OMDoubleBufferFlushThread is interrupted and will exit. OMDoubleBufferFlushThread
2021-12-08 16:21:49,088 [Listener at 127.0.0.1/45609] INFO  utils.BackgroundService (BackgroundService.java:shutdown(132)) - Shutting down service KeyDeletingService
2021-12-08 16:21:49,088 [Listener at 127.0.0.1/45609] INFO  utils.BackgroundService (BackgroundService.java:shutdown(132)) - Shutting down service DirectoryDeletingService
2021-12-08 16:21:49,089 [Listener at 127.0.0.1/45609] INFO  handler.ContextHandler (ContextHandler.java:doStop(1153)) - Stopped o.e.j.w.WebAppContext@74b4a3cf{ozoneManager,/,null,STOPPED}{file:/home/runner/work/ozone/ozone/hadoop-ozone/integration-test/target/test-classes/webapps/ozoneManager}
2021-12-08 16:21:49,089 [Listener at 127.0.0.1/45609] INFO  server.AbstractConnector (AbstractConnector.java:doStop(381)) - Stopped ServerConnector@1f07773e{HTTP/1.1, (http/1.1)}{0.0.0.0:0}
2021-12-08 16:21:49,089 [Listener at 127.0.0.1/45609] INFO  server.session (HouseKeeper.java:stopScavenging(149)) - node0 Stopped scavenging
2021-12-08 16:21:49,090 [Listener at 127.0.0.1/45609] INFO  handler.ContextHandler (ContextHandler.java:doStop(1153)) - Stopped o.e.j.s.ServletContextHandler@6ce32ec2{static,/static,file:///home/runner/work/ozone/ozone/hadoop-ozone/integration-test/target/test-classes/webapps/static,STOPPED}
2021-12-08 16:21:49,090 [Listener at 127.0.0.1/45609] INFO  handler.ContextHandler (ContextHandler.java:doStop(1153)) - Stopped o.e.j.s.ServletContextHandler@12909d67{logs,/logs,file:///home/runner/work/ozone/ozone/hadoop-ozone/integration-test/target/log,STOPPED}
2021-12-08 16:21:49,099 [Trash Emptier] ERROR om.TrashPolicyOzone (TrashPolicyOzone.java:run(251)) - Error attempting to shutdown
java.lang.InterruptedException
	at java.util.concurrent.locks.AbstractQueuedSynchronizer$ConditionObject.awaitNanos(AbstractQueuedSynchronizer.java:2067)
	at java.util.concurrent.ThreadPoolExecutor.awaitTermination(ThreadPoolExecutor.java:1475)
	at org.apache.hadoop.ozone.om.TrashPolicyOzone$Emptier.run(TrashPolicyOzone.java:249)
	at java.lang.Thread.run(Thread.java:748)
2021-12-08 16:21:49,105 [Listener at 127.0.0.1/45609] INFO  ozone.MiniOzoneClusterImpl (MiniOzoneClusterImpl.java:stopDatanodes(527)) - Stopping the HddsDatanodes
2021-12-08 16:21:54,109 [Listener at 127.0.0.1/45609] INFO  ozoneimpl.OzoneContainer (OzoneContainer.java:stop(325)) - Attempting to stop container services.
2021-12-08 16:21:54,113 [Listener at 127.0.0.1/45609] INFO  server.RaftServer (RaftServerProxy.java:lambda$close$6(391)) - 41e2ec05-dc5a-40b5-a7e9-bf8cbfcf53f9: close
2021-12-08 16:21:54,113 [Listener at 127.0.0.1/45609] INFO  server.RaftServer$Division (RaftServerImpl.java:lambda$close$4(412)) - 41e2ec05-dc5a-40b5-a7e9-bf8cbfcf53f9@group-30CA66F13897: shutdown
2021-12-08 16:21:54,113 [Listener at 127.0.0.1/45609] INFO  util.JmxRegister (JmxRegister.java:unregister(73)) - Successfully un-registered JMX Bean with object name Ratis:service=RaftServer,group=group-30CA66F13897,id=41e2ec05-dc5a-40b5-a7e9-bf8cbfcf53f9
2021-12-08 16:21:54,113 [Listener at 127.0.0.1/45609] INFO  impl.RoleInfo (RoleInfo.java:shutdownLeaderState(91)) - 41e2ec05-dc5a-40b5-a7e9-bf8cbfcf53f9: shutdown 41e2ec05-dc5a-40b5-a7e9-bf8cbfcf53f9@group-30CA66F13897-LeaderStateImpl
2021-12-08 16:21:54,114 [Listener at 127.0.0.1/45609] INFO  impl.PendingRequests (PendingRequests.java:sendNotLeaderResponses(282)) - 41e2ec05-dc5a-40b5-a7e9-bf8cbfcf53f9@group-30CA66F13897-PendingRequests: sendNotLeaderResponses
2021-12-08 16:21:54,114 [Listener at 127.0.0.1/45609] INFO  impl.StateMachineUpdater (StateMachineUpdater.java:stopAndJoin(149)) - 41e2ec05-dc5a-40b5-a7e9-bf8cbfcf53f9@group-30CA66F13897-StateMachineUpdater: set stopIndex = 0
2021-12-08 16:21:54,117 [41e2ec05-dc5a-40b5-a7e9-bf8cbfcf53f9@group-30CA66F13897-StateMachineUpdater] INFO  ratis.ContainerStateMachine (ContainerStateMachine.java:takeSnapshot(299)) - group-30CA66F13897: Taking a snapshot at:(t:1, i:0) file /home/runner/work/ozone/ozone/hadoop-ozone/integration-test/target/test-dir/MiniOzoneClusterImpl-cc1b9559-bfd4-4be1-82a5-849569d2441c/datanode-1/data/ratis/19784f27-05de-4aeb-8510-30ca66f13897/sm/snapshot.1_0
2021-12-08 16:21:54,117 [ForkJoinPool.commonPool-worker-0] INFO  ozoneimpl.OzoneContainer (OzoneContainer.java:stop(325)) - Attempting to stop container services.
2021-12-08 16:21:54,117 [41e2ec05-dc5a-40b5-a7e9-bf8cbfcf53f9@group-30CA66F13897-StateMachineUpdater] INFO  ratis.ContainerStateMachine (ContainerStateMachine.java:takeSnapshot(310)) - group-30CA66F13897: Finished taking a snapshot at:(t:1, i:0) file:/home/runner/work/ozone/ozone/hadoop-ozone/integration-test/target/test-dir/MiniOzoneClusterImpl-cc1b9559-bfd4-4be1-82a5-849569d2441c/datanode-1/data/ratis/19784f27-05de-4aeb-8510-30ca66f13897/sm/snapshot.1_0 took: 1 ms
2021-12-08 16:21:54,118 [ForkJoinPool.commonPool-worker-0] INFO  server.RaftServer (RaftServerProxy.java:lambda$close$6(391)) - 6776850b-34cd-43e9-bf63-cfd53769401e: close
2021-12-08 16:21:54,118 [ForkJoinPool.commonPool-worker-0] INFO  server.RaftServer$Division (RaftServerImpl.java:lambda$close$4(412)) - 6776850b-34cd-43e9-bf63-cfd53769401e@group-F38156AB3543: shutdown
2021-12-08 16:21:54,118 [ForkJoinPool.commonPool-worker-0] INFO  util.JmxRegister (JmxRegister.java:unregister(73)) - Successfully un-registered JMX Bean with object name Ratis:service=RaftServer,group=group-F38156AB3543,id=6776850b-34cd-43e9-bf63-cfd53769401e
2021-12-08 16:21:54,118 [ForkJoinPool.commonPool-worker-0] INFO  impl.RoleInfo (RoleInfo.java:shutdownLeaderState(91)) - 6776850b-34cd-43e9-bf63-cfd53769401e: shutdown 6776850b-34cd-43e9-bf63-cfd53769401e@group-F38156AB3543-LeaderStateImpl
2021-12-08 16:21:54,118 [ForkJoinPool.commonPool-worker-0] INFO  impl.PendingRequests (PendingRequests.java:sendNotLeaderResponses(282)) - 6776850b-34cd-43e9-bf63-cfd53769401e@group-F38156AB3543-PendingRequests: sendNotLeaderResponses
2021-12-08 16:21:54,119 [41e2ec05-dc5a-40b5-a7e9-bf8cbfcf53f9@group-30CA66F13897-StateMachineUpdater] INFO  impl.StateMachineUpdater (StateMachineUpdater.java:takeSnapshot(281)) - 41e2ec05-dc5a-40b5-a7e9-bf8cbfcf53f9@group-30CA66F13897-StateMachineUpdater: Took a snapshot at index 0
2021-12-08 16:21:54,119 [41e2ec05-dc5a-40b5-a7e9-bf8cbfcf53f9@group-30CA66F13897-StateMachineUpdater] INFO  impl.StateMachineUpdater (StateMachineUpdater.java:lambda$new$0(89)) - 41e2ec05-dc5a-40b5-a7e9-bf8cbfcf53f9@group-30CA66F13897-StateMachineUpdater: snapshotIndex: updateIncreasingly -1 -> 0
2021-12-08 16:21:54,119 [ForkJoinPool.commonPool-worker-0] INFO  impl.StateMachineUpdater (StateMachineUpdater.java:stopAndJoin(149)) - 6776850b-34cd-43e9-bf63-cfd53769401e@group-F38156AB3543-StateMachineUpdater: set stopIndex = 0
2021-12-08 16:21:54,119 [6776850b-34cd-43e9-bf63-cfd53769401e@group-F38156AB3543-StateMachineUpdater] INFO  ratis.ContainerStateMachine (ContainerStateMachine.java:takeSnapshot(299)) - group-F38156AB3543: Taking a snapshot at:(t:1, i:0) file /home/runner/work/ozone/ozone/hadoop-ozone/integration-test/target/test-dir/MiniOzoneClusterImpl-cc1b9559-bfd4-4be1-82a5-849569d2441c/datanode-0/data/ratis/2257d9b3-c0c1-4970-a5dd-f38156ab3543/sm/snapshot.1_0
2021-12-08 16:21:54,119 [Listener at 127.0.0.1/45609] INFO  server.RaftServer$Division (ServerState.java:close(419)) - 41e2ec05-dc5a-40b5-a7e9-bf8cbfcf53f9@group-30CA66F13897: closes. applyIndex: 0
2021-12-08 16:21:54,120 [41e2ec05-dc5a-40b5-a7e9-bf8cbfcf53f9@group-30CA66F13897-SegmentedRaftLogWorker] INFO  segmented.SegmentedRaftLogWorker (SegmentedRaftLogWorker.java:run(327)) - 41e2ec05-dc5a-40b5-a7e9-bf8cbfcf53f9@group-30CA66F13897-SegmentedRaftLogWorker was interrupted, exiting. There are 0 tasks remaining in the queue.
2021-12-08 16:21:54,120 [6776850b-34cd-43e9-bf63-cfd53769401e@group-F38156AB3543-StateMachineUpdater] INFO  ratis.ContainerStateMachine (ContainerStateMachine.java:takeSnapshot(310)) - group-F38156AB3543: Finished taking a snapshot at:(t:1, i:0) file:/home/runner/work/ozone/ozone/hadoop-ozone/integration-test/target/test-dir/MiniOzoneClusterImpl-cc1b9559-bfd4-4be1-82a5-849569d2441c/datanode-0/data/ratis/2257d9b3-c0c1-4970-a5dd-f38156ab3543/sm/snapshot.1_0 took: 1 ms
2021-12-08 16:21:54,120 [6776850b-34cd-43e9-bf63-cfd53769401e@group-F38156AB3543-StateMachineUpdater] INFO  impl.StateMachineUpdater (StateMachineUpdater.java:takeSnapshot(281)) - 6776850b-34cd-43e9-bf63-cfd53769401e@group-F38156AB3543-StateMachineUpdater: Took a snapshot at index 0
2021-12-08 16:21:54,120 [6776850b-34cd-43e9-bf63-cfd53769401e@group-F38156AB3543-StateMachineUpdater] INFO  impl.StateMachineUpdater (StateMachineUpdater.java:lambda$new$0(89)) - 6776850b-34cd-43e9-bf63-cfd53769401e@group-F38156AB3543-StateMachineUpdater: snapshotIndex: updateIncreasingly -1 -> 0
2021-12-08 16:21:54,120 [ForkJoinPool.commonPool-worker-0] INFO  server.RaftServer$Division (ServerState.java:close(419)) - 6776850b-34cd-43e9-bf63-cfd53769401e@group-F38156AB3543: closes. applyIndex: 0
2021-12-08 16:21:54,120 [6776850b-34cd-43e9-bf63-cfd53769401e@group-F38156AB3543-SegmentedRaftLogWorker] INFO  segmented.SegmentedRaftLogWorker (SegmentedRaftLogWorker.java:run(327)) - 6776850b-34cd-43e9-bf63-cfd53769401e@group-F38156AB3543-SegmentedRaftLogWorker was interrupted, exiting. There are 0 tasks remaining in the queue.
2021-12-08 16:21:54,121 [Listener at 127.0.0.1/45609] INFO  segmented.SegmentedRaftLogWorker (SegmentedRaftLogWorker.java:close(237)) - 41e2ec05-dc5a-40b5-a7e9-bf8cbfcf53f9@group-30CA66F13897-SegmentedRaftLogWorker close()
2021-12-08 16:21:54,121 [ForkJoinPool.commonPool-worker-0] INFO  segmented.SegmentedRaftLogWorker (SegmentedRaftLogWorker.java:close(237)) - 6776850b-34cd-43e9-bf63-cfd53769401e@group-F38156AB3543-SegmentedRaftLogWorker close()
2021-12-08 16:21:54,122 [Listener at 127.0.0.1/45609] INFO  server.RaftServer$Division (RaftServerImpl.java:lambda$close$4(412)) - 41e2ec05-dc5a-40b5-a7e9-bf8cbfcf53f9@group-F9C456C264FD: shutdown
2021-12-08 16:21:54,122 [Listener at 127.0.0.1/45609] INFO  util.JmxRegister (JmxRegister.java:unregister(73)) - Successfully un-registered JMX Bean with object name Ratis:service=RaftServer,group=group-F9C456C264FD,id=41e2ec05-dc5a-40b5-a7e9-bf8cbfcf53f9
2021-12-08 16:21:54,123 [Listener at 127.0.0.1/45609] INFO  impl.RoleInfo (RoleInfo.java:shutdownFollowerState(108)) - 41e2ec05-dc5a-40b5-a7e9-bf8cbfcf53f9: shutdown 41e2ec05-dc5a-40b5-a7e9-bf8cbfcf53f9@group-F9C456C264FD-FollowerState
2021-12-08 16:21:54,122 [ForkJoinPool.commonPool-worker-0] INFO  server.RaftServer$Division (RaftServerImpl.java:lambda$close$4(412)) - 6776850b-34cd-43e9-bf63-cfd53769401e@group-F9C456C264FD: shutdown
2021-12-08 16:21:54,123 [ForkJoinPool.commonPool-worker-0] INFO  util.JmxRegister (JmxRegister.java:unregister(73)) - Successfully un-registered JMX Bean with object name Ratis:service=RaftServer,group=group-F9C456C264FD,id=6776850b-34cd-43e9-bf63-cfd53769401e
2021-12-08 16:21:54,123 [ForkJoinPool.commonPool-worker-0] INFO  impl.RoleInfo (RoleInfo.java:shutdownFollowerState(108)) - 6776850b-34cd-43e9-bf63-cfd53769401e: shutdown 6776850b-34cd-43e9-bf63-cfd53769401e@group-F9C456C264FD-FollowerState
2021-12-08 16:21:54,123 [41e2ec05-dc5a-40b5-a7e9-bf8cbfcf53f9@group-F9C456C264FD-FollowerState] INFO  impl.FollowerState (FollowerState.java:run(143)) - 41e2ec05-dc5a-40b5-a7e9-bf8cbfcf53f9@group-F9C456C264FD-FollowerState was interrupted: {}
java.lang.InterruptedException: sleep interrupted
	at java.lang.Thread.sleep(Native Method)
	at java.lang.Thread.sleep(Thread.java:340)
	at java.util.concurrent.TimeUnit.sleep(TimeUnit.java:386)
	at org.apache.ratis.util.TimeDuration.sleep(TimeDuration.java:324)
	at org.apache.ratis.util.TimeDuration.sleep(TimeDuration.java:309)
	at org.apache.ratis.server.impl.FollowerState.run(FollowerState.java:118)
2021-12-08 16:21:54,123 [Listener at 127.0.0.1/45609] INFO  impl.StateMachineUpdater (StateMachineUpdater.java:stopAndJoin(149)) - 41e2ec05-dc5a-40b5-a7e9-bf8cbfcf53f9@group-F9C456C264FD-StateMachineUpdater: set stopIndex = 0
2021-12-08 16:21:54,127 [ForkJoinPool.commonPool-worker-0] INFO  impl.StateMachineUpdater (StateMachineUpdater.java:stopAndJoin(149)) - 6776850b-34cd-43e9-bf63-cfd53769401e@group-F9C456C264FD-StateMachineUpdater: set stopIndex = 0
2021-12-08 16:21:54,127 [6776850b-34cd-43e9-bf63-cfd53769401e@group-F9C456C264FD-FollowerState] INFO  impl.FollowerState (FollowerState.java:run(143)) - 6776850b-34cd-43e9-bf63-cfd53769401e@group-F9C456C264FD-FollowerState was interrupted: {}
java.lang.InterruptedException: sleep interrupted
	at java.lang.Thread.sleep(Native Method)
	at java.lang.Thread.sleep(Thread.java:340)
	at java.util.concurrent.TimeUnit.sleep(TimeUnit.java:386)
	at org.apache.ratis.util.TimeDuration.sleep(TimeDuration.java:324)
	at org.apache.ratis.util.TimeDuration.sleep(TimeDuration.java:309)
	at org.apache.ratis.server.impl.FollowerState.run(FollowerState.java:118)
2021-12-08 16:21:54,123 [41e2ec05-dc5a-40b5-a7e9-bf8cbfcf53f9@group-F9C456C264FD-StateMachineUpdater] INFO  ratis.ContainerStateMachine (ContainerStateMachine.java:takeSnapshot(299)) - group-F9C456C264FD: Taking a snapshot at:(t:3, i:0) file /home/runner/work/ozone/ozone/hadoop-ozone/integration-test/target/test-dir/MiniOzoneClusterImpl-cc1b9559-bfd4-4be1-82a5-849569d2441c/datanode-1/data/ratis/4c632989-2b46-45ec-a670-f9c456c264fd/sm/snapshot.3_0
2021-12-08 16:21:54,131 [6776850b-34cd-43e9-bf63-cfd53769401e@group-F9C456C264FD-StateMachineUpdater] INFO  ratis.ContainerStateMachine (ContainerStateMachine.java:takeSnapshot(299)) - group-F9C456C264FD: Taking a snapshot at:(t:3, i:0) file /home/runner/work/ozone/ozone/hadoop-ozone/integration-test/target/test-dir/MiniOzoneClusterImpl-cc1b9559-bfd4-4be1-82a5-849569d2441c/datanode-0/data/ratis/4c632989-2b46-45ec-a670-f9c456c264fd/sm/snapshot.3_0
2021-12-08 16:21:54,135 [41e2ec05-dc5a-40b5-a7e9-bf8cbfcf53f9@group-F9C456C264FD-StateMachineUpdater] INFO  ratis.ContainerStateMachine (ContainerStateMachine.java:takeSnapshot(310)) - group-F9C456C264FD: Finished taking a snapshot at:(t:3, i:0) file:/home/runner/work/ozone/ozone/hadoop-ozone/integration-test/target/test-dir/MiniOzoneClusterImpl-cc1b9559-bfd4-4be1-82a5-849569d2441c/datanode-1/data/ratis/4c632989-2b46-45ec-a670-f9c456c264fd/sm/snapshot.3_0 took: 12 ms
2021-12-08 16:21:54,135 [41e2ec05-dc5a-40b5-a7e9-bf8cbfcf53f9@group-F9C456C264FD-StateMachineUpdater] INFO  impl.StateMachineUpdater (StateMachineUpdater.java:takeSnapshot(281)) - 41e2ec05-dc5a-40b5-a7e9-bf8cbfcf53f9@group-F9C456C264FD-StateMachineUpdater: Took a snapshot at index 0
2021-12-08 16:21:54,135 [41e2ec05-dc5a-40b5-a7e9-bf8cbfcf53f9@group-F9C456C264FD-StateMachineUpdater] INFO  impl.StateMachineUpdater (StateMachineUpdater.java:lambda$new$0(89)) - 41e2ec05-dc5a-40b5-a7e9-bf8cbfcf53f9@group-F9C456C264FD-StateMachineUpdater: snapshotIndex: updateIncreasingly -1 -> 0
2021-12-08 16:21:54,135 [6776850b-34cd-43e9-bf63-cfd53769401e@group-F9C456C264FD-StateMachineUpdater] INFO  ratis.ContainerStateMachine (ContainerStateMachine.java:takeSnapshot(310)) - group-F9C456C264FD: Finished taking a snapshot at:(t:3, i:0) file:/home/runner/work/ozone/ozone/hadoop-ozone/integration-test/target/test-dir/MiniOzoneClusterImpl-cc1b9559-bfd4-4be1-82a5-849569d2441c/datanode-0/data/ratis/4c632989-2b46-45ec-a670-f9c456c264fd/sm/snapshot.3_0 took: 5 ms
2021-12-08 16:21:54,136 [6776850b-34cd-43e9-bf63-cfd53769401e@group-F9C456C264FD-StateMachineUpdater] INFO  impl.StateMachineUpdater (StateMachineUpdater.java:takeSnapshot(281)) - 6776850b-34cd-43e9-bf63-cfd53769401e@group-F9C456C264FD-StateMachineUpdater: Took a snapshot at index 0
2021-12-08 16:21:54,136 [6776850b-34cd-43e9-bf63-cfd53769401e@group-F9C456C264FD-StateMachineUpdater] INFO  impl.StateMachineUpdater (StateMachineUpdater.java:lambda$new$0(89)) - 6776850b-34cd-43e9-bf63-cfd53769401e@group-F9C456C264FD-StateMachineUpdater: snapshotIndex: updateIncreasingly -1 -> 0
2021-12-08 16:21:54,136 [ForkJoinPool.commonPool-worker-0] INFO  server.RaftServer$Division (ServerState.java:close(419)) - 6776850b-34cd-43e9-bf63-cfd53769401e@group-F9C456C264FD: closes. applyIndex: 0
2021-12-08 16:21:54,136 [6776850b-34cd-43e9-bf63-cfd53769401e@group-F9C456C264FD-SegmentedRaftLogWorker] INFO  segmented.SegmentedRaftLogWorker (SegmentedRaftLogWorker.java:run(327)) - 6776850b-34cd-43e9-bf63-cfd53769401e@group-F9C456C264FD-SegmentedRaftLogWorker was interrupted, exiting. There are 0 tasks remaining in the queue.
2021-12-08 16:21:54,136 [Listener at 127.0.0.1/45609] INFO  server.RaftServer$Division (ServerState.java:close(419)) - 41e2ec05-dc5a-40b5-a7e9-bf8cbfcf53f9@group-F9C456C264FD: closes. applyIndex: 0
2021-12-08 16:21:54,136 [41e2ec05-dc5a-40b5-a7e9-bf8cbfcf53f9@group-F9C456C264FD-SegmentedRaftLogWorker] INFO  segmented.SegmentedRaftLogWorker (SegmentedRaftLogWorker.java:run(327)) - 41e2ec05-dc5a-40b5-a7e9-bf8cbfcf53f9@group-F9C456C264FD-SegmentedRaftLogWorker was interrupted, exiting. There are 0 tasks remaining in the queue.
2021-12-08 16:21:54,141 [ForkJoinPool.commonPool-worker-0] INFO  segmented.SegmentedRaftLogWorker (SegmentedRaftLogWorker.java:close(237)) - 6776850b-34cd-43e9-bf63-cfd53769401e@group-F9C456C264FD-SegmentedRaftLogWorker close()
2021-12-08 16:21:54,141 [Listener at 127.0.0.1/45609] INFO  segmented.SegmentedRaftLogWorker (SegmentedRaftLogWorker.java:close(237)) - 41e2ec05-dc5a-40b5-a7e9-bf8cbfcf53f9@group-F9C456C264FD-SegmentedRaftLogWorker close()
2021-12-08 16:21:54,145 [ForkJoinPool.commonPool-worker-0] INFO  server.RaftServer$Division (RaftServerImpl.java:lambda$close$4(412)) - 6776850b-34cd-43e9-bf63-cfd53769401e@group-B350B0B50D88: shutdown
2021-12-08 16:21:54,145 [ForkJoinPool.commonPool-worker-0] INFO  util.JmxRegister (JmxRegister.java:unregister(73)) - Successfully un-registered JMX Bean with object name Ratis:service=RaftServer,group=group-B350B0B50D88,id=6776850b-34cd-43e9-bf63-cfd53769401e
2021-12-08 16:21:54,145 [ForkJoinPool.commonPool-worker-0] INFO  impl.RoleInfo (RoleInfo.java:shutdownLeaderState(91)) - 6776850b-34cd-43e9-bf63-cfd53769401e: shutdown 6776850b-34cd-43e9-bf63-cfd53769401e@group-B350B0B50D88-LeaderStateImpl
2021-12-08 16:21:54,145 [Listener at 127.0.0.1/45609] INFO  server.RaftServer$Division (RaftServerImpl.java:lambda$close$4(412)) - 41e2ec05-dc5a-40b5-a7e9-bf8cbfcf53f9@group-B350B0B50D88: shutdown
2021-12-08 16:21:54,146 [6776850b-34cd-43e9-bf63-cfd53769401e@group-B350B0B50D88->41e2ec05-dc5a-40b5-a7e9-bf8cbfcf53f9-GrpcLogAppender-LogAppenderDaemon] WARN  server.GrpcLogAppender (GrpcLogAppender.java:mayWait(177)) - 6776850b-34cd-43e9-bf63-cfd53769401e@group-B350B0B50D88->41e2ec05-dc5a-40b5-a7e9-bf8cbfcf53f9-GrpcLogAppender: Wait interrupted by java.lang.InterruptedException
2021-12-08 16:21:54,146 [grpc-default-executor-2] INFO  server.GrpcServerProtocolService (GrpcServerProtocolService.java:onCompleted(140)) - 41e2ec05-dc5a-40b5-a7e9-bf8cbfcf53f9: Completed APPEND_ENTRIES, lastRequest: 6776850b-34cd-43e9-bf63-cfd53769401e->41e2ec05-dc5a-40b5-a7e9-bf8cbfcf53f9#495-t1,previous=(t:1, i:46),leaderCommit=45,initializing? true,entries: size=1, first=(t:1, i:47), METADATAENTRY(c:45)
2021-12-08 16:21:54,146 [6776850b-34cd-43e9-bf63-cfd53769401e@group-B350B0B50D88->aade3cc6-3956-4ee6-b179-fa53d32d09ed-GrpcLogAppender-LogAppenderDaemon] WARN  server.GrpcLogAppender (GrpcLogAppender.java:mayWait(177)) - 6776850b-34cd-43e9-bf63-cfd53769401e@group-B350B0B50D88->aade3cc6-3956-4ee6-b179-fa53d32d09ed-GrpcLogAppender: Wait interrupted by java.lang.InterruptedException
2021-12-08 16:21:54,145 [ForkJoinPool.commonPool-worker-0] INFO  impl.PendingRequests (PendingRequests.java:sendNotLeaderResponses(282)) - 6776850b-34cd-43e9-bf63-cfd53769401e@group-B350B0B50D88-PendingRequests: sendNotLeaderResponses
2021-12-08 16:21:54,147 [grpc-default-executor-0] INFO  server.GrpcServerProtocolService (GrpcServerProtocolService.java:onCompleted(140)) - aade3cc6-3956-4ee6-b179-fa53d32d09ed: Completed APPEND_ENTRIES, lastRequest: 6776850b-34cd-43e9-bf63-cfd53769401e->aade3cc6-3956-4ee6-b179-fa53d32d09ed#541-t1,previous=(t:1, i:46),leaderCommit=45,initializing? true,entries: size=1, first=(t:1, i:47), METADATAENTRY(c:45)
2021-12-08 16:21:54,148 [grpc-default-executor-3] INFO  server.GrpcLogAppender (GrpcLogAppender.java:onCompleted(346)) - 6776850b-34cd-43e9-bf63-cfd53769401e@group-B350B0B50D88->41e2ec05-dc5a-40b5-a7e9-bf8cbfcf53f9-AppendLogResponseHandler: follower responses appendEntries COMPLETED
2021-12-08 16:21:54,148 [grpc-default-executor-3] INFO  leader.FollowerInfo (FollowerInfoImpl.java:lambda$new$0(47)) - 6776850b-34cd-43e9-bf63-cfd53769401e@group-B350B0B50D88->41e2ec05-dc5a-40b5-a7e9-bf8cbfcf53f9: nextIndex: updateUnconditionally 48 -> 47
2021-12-08 16:21:54,148 [grpc-default-executor-0] INFO  server.GrpcLogAppender (GrpcLogAppender.java:onCompleted(346)) - 6776850b-34cd-43e9-bf63-cfd53769401e@group-B350B0B50D88->aade3cc6-3956-4ee6-b179-fa53d32d09ed-AppendLogResponseHandler: follower responses appendEntries COMPLETED
2021-12-08 16:21:54,148 [grpc-default-executor-0] INFO  leader.FollowerInfo (FollowerInfoImpl.java:lambda$new$0(47)) - 6776850b-34cd-43e9-bf63-cfd53769401e@group-B350B0B50D88->aade3cc6-3956-4ee6-b179-fa53d32d09ed: nextIndex: updateUnconditionally 48 -> 47
2021-12-08 16:21:54,148 [Listener at 127.0.0.1/45609] INFO  util.JmxRegister (JmxRegister.java:unregister(73)) - Successfully un-registered JMX Bean with object name Ratis:service=RaftServer,group=group-B350B0B50D88,id=41e2ec05-dc5a-40b5-a7e9-bf8cbfcf53f9
2021-12-08 16:21:54,148 [Listener at 127.0.0.1/45609] INFO  impl.RoleInfo (RoleInfo.java:shutdownFollowerState(108)) - 41e2ec05-dc5a-40b5-a7e9-bf8cbfcf53f9: shutdown 41e2ec05-dc5a-40b5-a7e9-bf8cbfcf53f9@group-B350B0B50D88-FollowerState
2021-12-08 16:21:54,148 [41e2ec05-dc5a-40b5-a7e9-bf8cbfcf53f9@group-B350B0B50D88-FollowerState] INFO  impl.FollowerState (FollowerState.java:run(143)) - 41e2ec05-dc5a-40b5-a7e9-bf8cbfcf53f9@group-B350B0B50D88-FollowerState was interrupted: {}
java.lang.InterruptedException: sleep interrupted
	at java.lang.Thread.sleep(Native Method)
	at java.lang.Thread.sleep(Thread.java:340)
	at java.util.concurrent.TimeUnit.sleep(TimeUnit.java:386)
	at org.apache.ratis.util.TimeDuration.sleep(TimeDuration.java:324)
	at org.apache.ratis.util.TimeDuration.sleep(TimeDuration.java:309)
	at org.apache.ratis.server.impl.FollowerState.run(FollowerState.java:118)
2021-12-08 16:21:54,149 [Listener at 127.0.0.1/45609] INFO  impl.StateMachineUpdater (StateMachineUpdater.java:stopAndJoin(149)) - 41e2ec05-dc5a-40b5-a7e9-bf8cbfcf53f9@group-B350B0B50D88-StateMachineUpdater: set stopIndex = 47
2021-12-08 16:21:54,151 [ForkJoinPool.commonPool-worker-0] INFO  impl.StateMachineUpdater (StateMachineUpdater.java:stopAndJoin(149)) - 6776850b-34cd-43e9-bf63-cfd53769401e@group-B350B0B50D88-StateMachineUpdater: set stopIndex = 47
2021-12-08 16:21:54,152 [6776850b-34cd-43e9-bf63-cfd53769401e@group-B350B0B50D88-StateMachineUpdater] INFO  ratis.ContainerStateMachine (ContainerStateMachine.java:takeSnapshot(299)) - group-B350B0B50D88: Taking a snapshot at:(t:1, i:47) file /home/runner/work/ozone/ozone/hadoop-ozone/integration-test/target/test-dir/MiniOzoneClusterImpl-cc1b9559-bfd4-4be1-82a5-849569d2441c/datanode-0/data/ratis/066f44f4-fd35-44e4-808a-b350b0b50d88/sm/snapshot.1_47
2021-12-08 16:21:54,153 [6776850b-34cd-43e9-bf63-cfd53769401e@group-B350B0B50D88-StateMachineUpdater] INFO  ratis.ContainerStateMachine (ContainerStateMachine.java:takeSnapshot(310)) - group-B350B0B50D88: Finished taking a snapshot at:(t:1, i:47) file:/home/runner/work/ozone/ozone/hadoop-ozone/integration-test/target/test-dir/MiniOzoneClusterImpl-cc1b9559-bfd4-4be1-82a5-849569d2441c/datanode-0/data/ratis/066f44f4-fd35-44e4-808a-b350b0b50d88/sm/snapshot.1_47 took: 1 ms
2021-12-08 16:21:54,153 [6776850b-34cd-43e9-bf63-cfd53769401e@group-B350B0B50D88-StateMachineUpdater] INFO  impl.StateMachineUpdater (StateMachineUpdater.java:takeSnapshot(281)) - 6776850b-34cd-43e9-bf63-cfd53769401e@group-B350B0B50D88-StateMachineUpdater: Took a snapshot at index 47
2021-12-08 16:21:54,153 [6776850b-34cd-43e9-bf63-cfd53769401e@group-B350B0B50D88-StateMachineUpdater] INFO  impl.StateMachineUpdater (StateMachineUpdater.java:lambda$new$0(89)) - 6776850b-34cd-43e9-bf63-cfd53769401e@group-B350B0B50D88-StateMachineUpdater: snapshotIndex: updateIncreasingly -1 -> 47
2021-12-08 16:21:54,154 [ForkJoinPool.commonPool-worker-0] INFO  server.RaftServer$Division (ServerState.java:close(419)) - 6776850b-34cd-43e9-bf63-cfd53769401e@group-B350B0B50D88: closes. applyIndex: 47
2021-12-08 16:21:54,154 [6776850b-34cd-43e9-bf63-cfd53769401e@group-B350B0B50D88-SegmentedRaftLogWorker] INFO  segmented.SegmentedRaftLogWorker (SegmentedRaftLogWorker.java:run(327)) - 6776850b-34cd-43e9-bf63-cfd53769401e@group-B350B0B50D88-SegmentedRaftLogWorker was interrupted, exiting. There are 0 tasks remaining in the queue.
2021-12-08 16:21:54,154 [41e2ec05-dc5a-40b5-a7e9-bf8cbfcf53f9@group-B350B0B50D88-StateMachineUpdater] INFO  ratis.ContainerStateMachine (ContainerStateMachine.java:takeSnapshot(299)) - group-B350B0B50D88: Taking a snapshot at:(t:1, i:47) file /home/runner/work/ozone/ozone/hadoop-ozone/integration-test/target/test-dir/MiniOzoneClusterImpl-cc1b9559-bfd4-4be1-82a5-849569d2441c/datanode-1/data/ratis/066f44f4-fd35-44e4-808a-b350b0b50d88/sm/snapshot.1_47
2021-12-08 16:21:54,157 [41e2ec05-dc5a-40b5-a7e9-bf8cbfcf53f9@group-B350B0B50D88-StateMachineUpdater] INFO  ratis.ContainerStateMachine (ContainerStateMachine.java:takeSnapshot(310)) - group-B350B0B50D88: Finished taking a snapshot at:(t:1, i:47) file:/home/runner/work/ozone/ozone/hadoop-ozone/integration-test/target/test-dir/MiniOzoneClusterImpl-cc1b9559-bfd4-4be1-82a5-849569d2441c/datanode-1/data/ratis/066f44f4-fd35-44e4-808a-b350b0b50d88/sm/snapshot.1_47 took: 3 ms
2021-12-08 16:21:54,157 [41e2ec05-dc5a-40b5-a7e9-bf8cbfcf53f9@group-B350B0B50D88-StateMachineUpdater] INFO  impl.StateMachineUpdater (StateMachineUpdater.java:takeSnapshot(281)) - 41e2ec05-dc5a-40b5-a7e9-bf8cbfcf53f9@group-B350B0B50D88-StateMachineUpdater: Took a snapshot at index 47
2021-12-08 16:21:54,157 [41e2ec05-dc5a-40b5-a7e9-bf8cbfcf53f9@group-B350B0B50D88-StateMachineUpdater] INFO  impl.StateMachineUpdater (StateMachineUpdater.java:lambda$new$0(89)) - 41e2ec05-dc5a-40b5-a7e9-bf8cbfcf53f9@group-B350B0B50D88-StateMachineUpdater: snapshotIndex: updateIncreasingly -1 -> 47
2021-12-08 16:21:54,158 [Listener at 127.0.0.1/45609] INFO  server.RaftServer$Division (ServerState.java:close(419)) - 41e2ec05-dc5a-40b5-a7e9-bf8cbfcf53f9@group-B350B0B50D88: closes. applyIndex: 47
2021-12-08 16:21:54,158 [41e2ec05-dc5a-40b5-a7e9-bf8cbfcf53f9@group-B350B0B50D88-SegmentedRaftLogWorker] INFO  segmented.SegmentedRaftLogWorker (SegmentedRaftLogWorker.java:run(327)) - 41e2ec05-dc5a-40b5-a7e9-bf8cbfcf53f9@group-B350B0B50D88-SegmentedRaftLogWorker was interrupted, exiting. There are 0 tasks remaining in the queue.
2021-12-08 16:21:54,168 [ForkJoinPool.commonPool-worker-0] INFO  segmented.SegmentedRaftLogWorker (SegmentedRaftLogWorker.java:close(237)) - 6776850b-34cd-43e9-bf63-cfd53769401e@group-B350B0B50D88-SegmentedRaftLogWorker close()
2021-12-08 16:21:54,168 [Listener at 127.0.0.1/45609] INFO  segmented.SegmentedRaftLogWorker (SegmentedRaftLogWorker.java:close(237)) - 41e2ec05-dc5a-40b5-a7e9-bf8cbfcf53f9@group-B350B0B50D88-SegmentedRaftLogWorker close()
2021-12-08 16:21:54,180 [ForkJoinPool.commonPool-worker-0] INFO  server.GrpcService (GrpcService.java:closeImpl(262)) - 6776850b-34cd-43e9-bf63-cfd53769401e: shutdown server with port 36301 now
2021-12-08 16:21:54,191 [Listener at 127.0.0.1/45609] INFO  server.GrpcService (GrpcService.java:closeImpl(262)) - 41e2ec05-dc5a-40b5-a7e9-bf8cbfcf53f9: shutdown server with port 43527 now
2021-12-08 16:21:54,192 [grpc-default-executor-0] WARN  client.GrpcClientProtocolService (LogUtils.java:warn(122)) - 1-UnorderedRequestStreamObserver1: onError: org.apache.ratis.thirdparty.io.grpc.StatusRuntimeException: CANCELLED: client cancelled
2021-12-08 16:21:54,193 [grpc-default-executor-1] WARN  server.GrpcServerProtocolService (LogUtils.java:warn(122)) - 41e2ec05-dc5a-40b5-a7e9-bf8cbfcf53f9: installSnapshot onError, lastRequest: aade3cc6-3956-4ee6-b179-fa53d32d09ed->41e2ec05-dc5a-40b5-a7e9-bf8cbfcf53f9#1-t3,previous=(t:0, i:0),leaderCommit=-1,initializing? true,entries: size=1, first=(t:3, i:0), CONFIGURATIONENTRY: org.apache.ratis.thirdparty.io.grpc.StatusRuntimeException: CANCELLED: client cancelled
2021-12-08 16:21:54,227 [grpc-default-executor-4] WARN  server.GrpcLogAppender (LogUtils.java:warn(122)) - aade3cc6-3956-4ee6-b179-fa53d32d09ed@group-F9C456C264FD->41e2ec05-dc5a-40b5-a7e9-bf8cbfcf53f9-AppendLogResponseHandler: Failed appendEntries: org.apache.ratis.thirdparty.io.grpc.StatusRuntimeException: CANCELLED: HTTP/2 error code: CANCEL
Received Rst Stream
2021-12-08 16:21:54,227 [grpc-default-executor-4] WARN  server.GrpcLogAppender (GrpcLogAppender.java:resetClient(110)) - aade3cc6-3956-4ee6-b179-fa53d32d09ed@group-F9C456C264FD->41e2ec05-dc5a-40b5-a7e9-bf8cbfcf53f9-GrpcLogAppender: Leader has not got in touch with Follower aade3cc6-3956-4ee6-b179-fa53d32d09ed@group-F9C456C264FD->41e2ec05-dc5a-40b5-a7e9-bf8cbfcf53f9(c0,m0,n1, attendVote=true, lastRpcSendTime=1337, lastRpcResponseTime=1323) yet, just keep nextIndex unchanged and retry.
2021-12-08 16:21:54,230 [grpc-default-executor-2] WARN  server.GrpcServerProtocolService (LogUtils.java:warn(122)) - 6776850b-34cd-43e9-bf63-cfd53769401e: installSnapshot onError, lastRequest: aade3cc6-3956-4ee6-b179-fa53d32d09ed->6776850b-34cd-43e9-bf63-cfd53769401e#1-t3,previous=(t:0, i:0),leaderCommit=-1,initializing? true,entries: size=1, first=(t:3, i:0), CONFIGURATIONENTRY: org.apache.ratis.thirdparty.io.grpc.StatusRuntimeException: CANCELLED: client cancelled
2021-12-08 16:21:54,230 [ForkJoinPool.commonPool-worker-0] INFO  server.GrpcService (GrpcService.java:closeImpl(271)) - 6776850b-34cd-43e9-bf63-cfd53769401e: shutdown server with port 36301 successfully
2021-12-08 16:21:54,230 [org.apache.ratis.util.JvmPauseMonitor$$Lambda$523/2003369902@ed3111e] INFO  util.JvmPauseMonitor (JvmPauseMonitor.java:run(109)) - JvmPauseMonitor-6776850b-34cd-43e9-bf63-cfd53769401e: Stopped
2021-12-08 16:21:54,230 [Listener at 127.0.0.1/45609] INFO  server.GrpcService (GrpcService.java:closeImpl(271)) - 41e2ec05-dc5a-40b5-a7e9-bf8cbfcf53f9: shutdown server with port 43527 successfully
2021-12-08 16:21:54,231 [org.apache.ratis.util.JvmPauseMonitor$$Lambda$523/2003369902@5f65ec2f] INFO  util.JvmPauseMonitor (JvmPauseMonitor.java:run(109)) - JvmPauseMonitor-41e2ec05-dc5a-40b5-a7e9-bf8cbfcf53f9: Stopped
2021-12-08 16:21:54,235 [grpc-default-executor-4] WARN  server.GrpcLogAppender (LogUtils.java:warn(122)) - aade3cc6-3956-4ee6-b179-fa53d32d09ed@group-F9C456C264FD->6776850b-34cd-43e9-bf63-cfd53769401e-AppendLogResponseHandler: Failed appendEntries: org.apache.ratis.thirdparty.io.grpc.StatusRuntimeException: CANCELLED: HTTP/2 error code: CANCEL
Received Rst Stream
2021-12-08 16:21:54,235 [grpc-default-executor-4] WARN  server.GrpcLogAppender (GrpcLogAppender.java:resetClient(110)) - aade3cc6-3956-4ee6-b179-fa53d32d09ed@group-F9C456C264FD->6776850b-34cd-43e9-bf63-cfd53769401e-GrpcLogAppender: Leader has not got in touch with Follower aade3cc6-3956-4ee6-b179-fa53d32d09ed@group-F9C456C264FD->6776850b-34cd-43e9-bf63-cfd53769401e(c0,m0,n1, attendVote=true, lastRpcSendTime=1411, lastRpcResponseTime=1407) yet, just keep nextIndex unchanged and retry.
2021-12-08 16:21:55,405 [grpc-default-executor-5] WARN  server.GrpcLogAppender (LogUtils.java:warn(122)) - aade3cc6-3956-4ee6-b179-fa53d32d09ed@group-F9C456C264FD->6776850b-34cd-43e9-bf63-cfd53769401e-AppendLogResponseHandler: Failed appendEntries: org.apache.ratis.thirdparty.io.grpc.StatusRuntimeException: UNAVAILABLE: io exception
2021-12-08 16:21:55,406 [grpc-default-executor-5] WARN  server.GrpcLogAppender (GrpcLogAppender.java:resetClient(110)) - aade3cc6-3956-4ee6-b179-fa53d32d09ed@group-F9C456C264FD->6776850b-34cd-43e9-bf63-cfd53769401e-GrpcLogAppender: Leader has not got in touch with Follower aade3cc6-3956-4ee6-b179-fa53d32d09ed@group-F9C456C264FD->6776850b-34cd-43e9-bf63-cfd53769401e(c0,m0,n1, attendVote=true, lastRpcSendTime=3, lastRpcResponseTime=2578) yet, just keep nextIndex unchanged and retry.
2021-12-08 16:21:55,408 [grpc-default-executor-4] WARN  server.GrpcLogAppender (LogUtils.java:warn(122)) - aade3cc6-3956-4ee6-b179-fa53d32d09ed@group-F9C456C264FD->41e2ec05-dc5a-40b5-a7e9-bf8cbfcf53f9-AppendLogResponseHandler: Failed appendEntries: org.apache.ratis.thirdparty.io.grpc.StatusRuntimeException: UNAVAILABLE: io exception
2021-12-08 16:21:55,409 [grpc-default-executor-4] WARN  server.GrpcLogAppender (GrpcLogAppender.java:resetClient(110)) - aade3cc6-3956-4ee6-b179-fa53d32d09ed@group-F9C456C264FD->41e2ec05-dc5a-40b5-a7e9-bf8cbfcf53f9-GrpcLogAppender: Leader has not got in touch with Follower aade3cc6-3956-4ee6-b179-fa53d32d09ed@group-F9C456C264FD->41e2ec05-dc5a-40b5-a7e9-bf8cbfcf53f9(c0,m0,n1, attendVote=true, lastRpcSendTime=0, lastRpcResponseTime=2504) yet, just keep nextIndex unchanged and retry.
2021-12-08 16:21:57,903 [grpc-default-executor-4] WARN  server.GrpcLogAppender (LogUtils.java:warn(122)) - aade3cc6-3956-4ee6-b179-fa53d32d09ed@group-F9C456C264FD->6776850b-34cd-43e9-bf63-cfd53769401e-AppendLogResponseHandler: Failed appendEntries: org.apache.ratis.thirdparty.io.grpc.StatusRuntimeException: UNAVAILABLE: io exception
2021-12-08 16:21:57,915 [grpc-default-executor-5] WARN  server.GrpcLogAppender (LogUtils.java:warn(122)) - aade3cc6-3956-4ee6-b179-fa53d32d09ed@group-F9C456C264FD->41e2ec05-dc5a-40b5-a7e9-bf8cbfcf53f9-AppendLogResponseHandler: Failed appendEntries: org.apache.ratis.thirdparty.io.grpc.StatusRuntimeException: UNAVAILABLE: io exception
2021-12-08 16:21:57,915 [grpc-default-executor-5] WARN  server.GrpcLogAppender (GrpcLogAppender.java:resetClient(110)) - aade3cc6-3956-4ee6-b179-fa53d32d09ed@group-F9C456C264FD->41e2ec05-dc5a-40b5-a7e9-bf8cbfcf53f9-GrpcLogAppender: Leader has not got in touch with Follower aade3cc6-3956-4ee6-b179-fa53d32d09ed@group-F9C456C264FD->41e2ec05-dc5a-40b5-a7e9-bf8cbfcf53f9(c0,m0,n1, attendVote=true, lastRpcSendTime=0, lastRpcResponseTime=5011) yet, just keep nextIndex unchanged and retry.
2021-12-08 16:21:57,922 [grpc-default-executor-4] WARN  server.GrpcLogAppender (GrpcLogAppender.java:resetClient(110)) - aade3cc6-3956-4ee6-b179-fa53d32d09ed@group-F9C456C264FD->6776850b-34cd-43e9-bf63-cfd53769401e-GrpcLogAppender: Leader has not got in touch with Follower aade3cc6-3956-4ee6-b179-fa53d32d09ed@group-F9C456C264FD->6776850b-34cd-43e9-bf63-cfd53769401e(c0,m0,n1, attendVote=true, lastRpcSendTime=0, lastRpcResponseTime=5095) yet, just keep nextIndex unchanged and retry.
2021-12-08 16:22:00,419 [grpc-default-executor-4] WARN  server.GrpcLogAppender (LogUtils.java:warn(122)) - aade3cc6-3956-4ee6-b179-fa53d32d09ed@group-F9C456C264FD->41e2ec05-dc5a-40b5-a7e9-bf8cbfcf53f9-AppendLogResponseHandler: Failed appendEntries: org.apache.ratis.thirdparty.io.grpc.StatusRuntimeException: UNAVAILABLE: io exception
2021-12-08 16:22:00,420 [grpc-default-executor-4] WARN  server.GrpcLogAppender (GrpcLogAppender.java:resetClient(110)) - aade3cc6-3956-4ee6-b179-fa53d32d09ed@group-F9C456C264FD->41e2ec05-dc5a-40b5-a7e9-bf8cbfcf53f9-GrpcLogAppender: Leader has not got in touch with Follower aade3cc6-3956-4ee6-b179-fa53d32d09ed@group-F9C456C264FD->41e2ec05-dc5a-40b5-a7e9-bf8cbfcf53f9(c0,m0,n1, attendVote=true, lastRpcSendTime=0, lastRpcResponseTime=7516) yet, just keep nextIndex unchanged and retry.
2021-12-08 16:22:00,443 [grpc-default-executor-5] WARN  server.GrpcLogAppender (LogUtils.java:warn(122)) - aade3cc6-3956-4ee6-b179-fa53d32d09ed@group-F9C456C264FD->6776850b-34cd-43e9-bf63-cfd53769401e-AppendLogResponseHandler: Failed appendEntries: org.apache.ratis.thirdparty.io.grpc.StatusRuntimeException: UNAVAILABLE: io exception
2021-12-08 16:22:00,443 [grpc-default-executor-5] WARN  server.GrpcLogAppender (GrpcLogAppender.java:resetClient(110)) - aade3cc6-3956-4ee6-b179-fa53d32d09ed@group-F9C456C264FD->6776850b-34cd-43e9-bf63-cfd53769401e-GrpcLogAppender: Leader has not got in touch with Follower aade3cc6-3956-4ee6-b179-fa53d32d09ed@group-F9C456C264FD->6776850b-34cd-43e9-bf63-cfd53769401e(c0,m0,n1, attendVote=true, lastRpcSendTime=2521, lastRpcResponseTime=7615) yet, just keep nextIndex unchanged and retry.
2021-12-08 16:22:00,699 [aade3cc6-3956-4ee6-b179-fa53d32d09ed@group-B350B0B50D88-FollowerState] INFO  impl.FollowerState (FollowerState.java:run(134)) - aade3cc6-3956-4ee6-b179-fa53d32d09ed@group-B350B0B50D88-FollowerState: change to CANDIDATE, lastRpcElapsedTime:7163680860ns, electionTimeout:5199ms
2021-12-08 16:22:00,699 [aade3cc6-3956-4ee6-b179-fa53d32d09ed@group-B350B0B50D88-FollowerState] INFO  impl.RoleInfo (RoleInfo.java:shutdownFollowerState(108)) - aade3cc6-3956-4ee6-b179-fa53d32d09ed: shutdown aade3cc6-3956-4ee6-b179-fa53d32d09ed@group-B350B0B50D88-FollowerState
2021-12-08 16:22:00,699 [aade3cc6-3956-4ee6-b179-fa53d32d09ed@group-B350B0B50D88-FollowerState] INFO  server.RaftServer$Division (RaftServerImpl.java:setRole(290)) - aade3cc6-3956-4ee6-b179-fa53d32d09ed@group-B350B0B50D88: changes role from  FOLLOWER to CANDIDATE at term 1 for changeToCandidate
2021-12-08 16:22:00,699 [aade3cc6-3956-4ee6-b179-fa53d32d09ed@group-B350B0B50D88-FollowerState] INFO  server.RaftServerConfigKeys (ConfUtils.java:logGet(44)) - raft.server.leaderelection.pre-vote = false (custom)
2021-12-08 16:22:00,699 [aade3cc6-3956-4ee6-b179-fa53d32d09ed@group-B350B0B50D88-FollowerState] INFO  impl.RoleInfo (RoleInfo.java:updateAndGet(130)) - aade3cc6-3956-4ee6-b179-fa53d32d09ed: start aade3cc6-3956-4ee6-b179-fa53d32d09ed@group-B350B0B50D88-LeaderElection62
2021-12-08 16:22:00,719 [aade3cc6-3956-4ee6-b179-fa53d32d09ed@group-B350B0B50D88-LeaderElection62] INFO  server.RaftServer$Division (ServerState.java:setLeader(285)) - aade3cc6-3956-4ee6-b179-fa53d32d09ed@group-B350B0B50D88: change Leader from 6776850b-34cd-43e9-bf63-cfd53769401e to null at term 1 for ELECTION
2021-12-08 16:22:00,726 [aade3cc6-3956-4ee6-b179-fa53d32d09ed@group-B350B0B50D88-LeaderElection62] INFO  impl.LeaderElection (LeaderElection.java:askForVotes(306)) - aade3cc6-3956-4ee6-b179-fa53d32d09ed@group-B350B0B50D88-LeaderElection62 ELECTION round 0: submit vote requests at term 2 for 0: [41e2ec05-dc5a-40b5-a7e9-bf8cbfcf53f9|rpc:10.1.0.47:43527|dataStream:|priority:0, aade3cc6-3956-4ee6-b179-fa53d32d09ed|rpc:10.1.0.47:46851|dataStream:|priority:0, 6776850b-34cd-43e9-bf63-cfd53769401e|rpc:10.1.0.47:36301|dataStream:|priority:1], old=null
2021-12-08 16:22:00,773 [aade3cc6-3956-4ee6-b179-fa53d32d09ed@group-B350B0B50D88-LeaderElection62] INFO  impl.LeaderElection (LogUtils.java:infoOrTrace(137)) - aade3cc6-3956-4ee6-b179-fa53d32d09ed@group-B350B0B50D88-LeaderElection62 got exception when requesting votes: java.util.concurrent.ExecutionException: org.apache.ratis.thirdparty.io.grpc.StatusRuntimeException: UNAVAILABLE: io exception
2021-12-08 16:22:00,774 [aade3cc6-3956-4ee6-b179-fa53d32d09ed@group-B350B0B50D88-LeaderElection62] INFO  impl.LeaderElection (LogUtils.java:infoOrTrace(137)) - aade3cc6-3956-4ee6-b179-fa53d32d09ed@group-B350B0B50D88-LeaderElection62 got exception when requesting votes: java.util.concurrent.ExecutionException: org.apache.ratis.thirdparty.io.grpc.StatusRuntimeException: UNAVAILABLE: io exception
2021-12-08 16:22:00,774 [aade3cc6-3956-4ee6-b179-fa53d32d09ed@group-B350B0B50D88-LeaderElection62] INFO  impl.LeaderElection (LeaderElection.java:logAndReturn(89)) - aade3cc6-3956-4ee6-b179-fa53d32d09ed@group-B350B0B50D88-LeaderElection62: ELECTION REJECTED received 0 response(s) and 2 exception(s):
2021-12-08 16:22:00,774 [aade3cc6-3956-4ee6-b179-fa53d32d09ed@group-B350B0B50D88-LeaderElection62] INFO  impl.LeaderElection (LogUtils.java:infoOrTrace(137)) -   Exception 0: java.util.concurrent.ExecutionException: org.apache.ratis.thirdparty.io.grpc.StatusRuntimeException: UNAVAILABLE: io exception
2021-12-08 16:22:00,774 [aade3cc6-3956-4ee6-b179-fa53d32d09ed@group-B350B0B50D88-LeaderElection62] INFO  impl.LeaderElection (LogUtils.java:infoOrTrace(137)) -   Exception 1: java.util.concurrent.ExecutionException: org.apache.ratis.thirdparty.io.grpc.StatusRuntimeException: UNAVAILABLE: io exception
2021-12-08 16:22:00,774 [aade3cc6-3956-4ee6-b179-fa53d32d09ed@group-B350B0B50D88-LeaderElection62] INFO  impl.LeaderElection (LeaderElection.java:askForVotes(308)) - aade3cc6-3956-4ee6-b179-fa53d32d09ed@group-B350B0B50D88-LeaderElection62 ELECTION round 0: result REJECTED
2021-12-08 16:22:00,774 [aade3cc6-3956-4ee6-b179-fa53d32d09ed@group-B350B0B50D88-LeaderElection62] INFO  server.RaftServer$Division (RaftServerImpl.java:setRole(290)) - aade3cc6-3956-4ee6-b179-fa53d32d09ed@group-B350B0B50D88: changes role from CANDIDATE to FOLLOWER at term 2 for REJECTED
2021-12-08 16:22:00,774 [aade3cc6-3956-4ee6-b179-fa53d32d09ed@group-B350B0B50D88-LeaderElection62] INFO  impl.RoleInfo (RoleInfo.java:shutdownLeaderElection(121)) - aade3cc6-3956-4ee6-b179-fa53d32d09ed: shutdown aade3cc6-3956-4ee6-b179-fa53d32d09ed@group-B350B0B50D88-LeaderElection62
2021-12-08 16:22:00,774 [aade3cc6-3956-4ee6-b179-fa53d32d09ed@group-B350B0B50D88-LeaderElection62] INFO  impl.RoleInfo (RoleInfo.java:updateAndGet(130)) - aade3cc6-3956-4ee6-b179-fa53d32d09ed: start aade3cc6-3956-4ee6-b179-fa53d32d09ed@group-B350B0B50D88-FollowerState
2021-12-08 16:22:01,056 [aade3cc6-3956-4ee6-b179-fa53d32d09ed@group-F9C456C264FD-LeaderStateImpl] WARN  server.RaftServer$Division (LeaderStateImpl.java:checkLeadership(974)) - aade3cc6-3956-4ee6-b179-fa53d32d09ed@group-F9C456C264FD-LeaderStateImpl: Lost leadership on term: 3. Election timeout: 5200ms. In charge for: 20900ms. Conf: 0: [41e2ec05-dc5a-40b5-a7e9-bf8cbfcf53f9|rpc:10.1.0.47:43527|dataStream:|priority:0, aade3cc6-3956-4ee6-b179-fa53d32d09ed|rpc:10.1.0.47:46851|dataStream:|priority:1, 6776850b-34cd-43e9-bf63-cfd53769401e|rpc:10.1.0.47:36301|dataStream:|priority:0], old=null
2021-12-08 16:22:01,057 [aade3cc6-3956-4ee6-b179-fa53d32d09ed@group-F9C456C264FD-LeaderStateImpl] WARN  server.RaftServer$Division (LeaderStateImpl.java:lambda$checkLeadership$15(978)) - Follower aade3cc6-3956-4ee6-b179-fa53d32d09ed@group-F9C456C264FD->41e2ec05-dc5a-40b5-a7e9-bf8cbfcf53f9(c0,m0,n1, attendVote=true, lastRpcSendTime=637, lastRpcResponseTime=8152)
2021-12-08 16:22:01,057 [aade3cc6-3956-4ee6-b179-fa53d32d09ed@group-F9C456C264FD-LeaderStateImpl] WARN  server.RaftServer$Division (LeaderStateImpl.java:lambda$checkLeadership$15(978)) - Follower aade3cc6-3956-4ee6-b179-fa53d32d09ed@group-F9C456C264FD->6776850b-34cd-43e9-bf63-cfd53769401e(c0,m0,n1, attendVote=true, lastRpcSendTime=585, lastRpcResponseTime=8229)
2021-12-08 16:22:01,057 [aade3cc6-3956-4ee6-b179-fa53d32d09ed@group-F9C456C264FD-LeaderStateImpl] INFO  server.RaftServer$Division (RaftServerImpl.java:setRole(290)) - aade3cc6-3956-4ee6-b179-fa53d32d09ed@group-F9C456C264FD: changes role from    LEADER to FOLLOWER at term 3 for StepDownReason:LOST_MAJORITY_HEARTBEATS
2021-12-08 16:22:01,057 [aade3cc6-3956-4ee6-b179-fa53d32d09ed@group-F9C456C264FD-LeaderStateImpl] INFO  impl.RoleInfo (RoleInfo.java:shutdownLeaderState(91)) - aade3cc6-3956-4ee6-b179-fa53d32d09ed: shutdown aade3cc6-3956-4ee6-b179-fa53d32d09ed@group-F9C456C264FD-LeaderStateImpl
2021-12-08 16:22:01,057 [aade3cc6-3956-4ee6-b179-fa53d32d09ed@group-F9C456C264FD-LeaderStateImpl] INFO  impl.PendingRequests (PendingRequests.java:sendNotLeaderResponses(282)) - aade3cc6-3956-4ee6-b179-fa53d32d09ed@group-F9C456C264FD-PendingRequests: sendNotLeaderResponses
2021-12-08 16:22:01,057 [aade3cc6-3956-4ee6-b179-fa53d32d09ed@group-F9C456C264FD-LeaderStateImpl] INFO  impl.RoleInfo (RoleInfo.java:updateAndGet(130)) - aade3cc6-3956-4ee6-b179-fa53d32d09ed: start aade3cc6-3956-4ee6-b179-fa53d32d09ed@group-F9C456C264FD-FollowerState
2021-12-08 16:22:01,264 [Listener at 127.0.0.1/45609] INFO  utils.BackgroundService (BackgroundService.java:shutdown(132)) - Shutting down service BlockDeletingService
2021-12-08 16:22:01,342 [ForkJoinPool.commonPool-worker-0] INFO  utils.BackgroundService (BackgroundService.java:shutdown(132)) - Shutting down service BlockDeletingService
2021-12-08 16:22:04,274 [Listener at 127.0.0.1/45609] INFO  statemachine.DatanodeStateMachine (DatanodeStateMachine.java:stopDaemon(526)) - Ozone container server stopped.
2021-12-08 16:22:04,275 [Listener at 127.0.0.1/45609] INFO  handler.ContextHandler (ContextHandler.java:doStop(1153)) - Stopped o.e.j.w.WebAppContext@635b5740{hddsDatanode,/,null,STOPPED}{jar:file:/home/runner/.m2/repository/org/apache/ozone/hdds-container-service/1.3.0-SNAPSHOT/hdds-container-service-1.3.0-SNAPSHOT.jar!/webapps/hddsDatanode}
2021-12-08 16:22:04,275 [Listener at 127.0.0.1/45609] INFO  server.AbstractConnector (AbstractConnector.java:doStop(381)) - Stopped ServerConnector@6d5f9907{HTTP/1.1, (http/1.1)}{0.0.0.0:0}
2021-12-08 16:22:04,276 [Listener at 127.0.0.1/45609] INFO  server.session (HouseKeeper.java:stopScavenging(149)) - node0 Stopped scavenging
2021-12-08 16:22:04,276 [Listener at 127.0.0.1/45609] INFO  handler.ContextHandler (ContextHandler.java:doStop(1153)) - Stopped o.e.j.s.ServletContextHandler@28d6d970{static,/static,jar:file:/home/runner/.m2/repository/org/apache/ozone/hdds-container-service/1.3.0-SNAPSHOT/hdds-container-service-1.3.0-SNAPSHOT.jar!/webapps/static,STOPPED}
2021-12-08 16:22:04,276 [Listener at 127.0.0.1/45609] INFO  handler.ContextHandler (ContextHandler.java:doStop(1153)) - Stopped o.e.j.s.ServletContextHandler@2bb4b203{logs,/logs,file:///home/runner/work/ozone/ozone/hadoop-ozone/integration-test/target/log,STOPPED}
2021-12-08 16:22:04,382 [ForkJoinPool.commonPool-worker-0] INFO  statemachine.DatanodeStateMachine (DatanodeStateMachine.java:stopDaemon(526)) - Ozone container server stopped.
2021-12-08 16:22:04,385 [ForkJoinPool.commonPool-worker-0] INFO  handler.ContextHandler (ContextHandler.java:doStop(1153)) - Stopped o.e.j.w.WebAppContext@3236f72a{hddsDatanode,/,null,STOPPED}{jar:file:/home/runner/.m2/repository/org/apache/ozone/hdds-container-service/1.3.0-SNAPSHOT/hdds-container-service-1.3.0-SNAPSHOT.jar!/webapps/hddsDatanode}
2021-12-08 16:22:04,385 [ForkJoinPool.commonPool-worker-0] INFO  server.AbstractConnector (AbstractConnector.java:doStop(381)) - Stopped ServerConnector@7c5f2945{HTTP/1.1, (http/1.1)}{0.0.0.0:0}
2021-12-08 16:22:04,385 [ForkJoinPool.commonPool-worker-0] INFO  server.session (HouseKeeper.java:stopScavenging(149)) - node0 Stopped scavenging
2021-12-08 16:22:04,386 [ForkJoinPool.commonPool-worker-0] INFO  handler.ContextHandler (ContextHandler.java:doStop(1153)) - Stopped o.e.j.s.ServletContextHandler@17f6db98{static,/static,jar:file:/home/runner/.m2/repository/org/apache/ozone/hdds-container-service/1.3.0-SNAPSHOT/hdds-container-service-1.3.0-SNAPSHOT.jar!/webapps/static,STOPPED}
2021-12-08 16:22:04,410 [ForkJoinPool.commonPool-worker-0] INFO  handler.ContextHandler (ContextHandler.java:doStop(1153)) - Stopped o.e.j.s.ServletContextHandler@69f4cf0{logs,/logs,file:///home/runner/work/ozone/ozone/hadoop-ozone/integration-test/target/log,STOPPED}
2021-12-08 16:22:05,906 [aade3cc6-3956-4ee6-b179-fa53d32d09ed@group-B350B0B50D88-FollowerState] INFO  impl.FollowerState (FollowerState.java:run(134)) - aade3cc6-3956-4ee6-b179-fa53d32d09ed@group-B350B0B50D88-FollowerState: change to CANDIDATE, lastRpcElapsedTime:5131511864ns, electionTimeout:5126ms
2021-12-08 16:22:05,906 [aade3cc6-3956-4ee6-b179-fa53d32d09ed@group-B350B0B50D88-FollowerState] INFO  impl.RoleInfo (RoleInfo.java:shutdownFollowerState(108)) - aade3cc6-3956-4ee6-b179-fa53d32d09ed: shutdown aade3cc6-3956-4ee6-b179-fa53d32d09ed@group-B350B0B50D88-FollowerState
2021-12-08 16:22:05,906 [aade3cc6-3956-4ee6-b179-fa53d32d09ed@group-B350B0B50D88-FollowerState] INFO  server.RaftServer$Division (RaftServerImpl.java:setRole(290)) - aade3cc6-3956-4ee6-b179-fa53d32d09ed@group-B350B0B50D88: changes role from  FOLLOWER to CANDIDATE at term 2 for changeToCandidate
2021-12-08 16:22:05,906 [aade3cc6-3956-4ee6-b179-fa53d32d09ed@group-B350B0B50D88-FollowerState] INFO  server.RaftServerConfigKeys (ConfUtils.java:logGet(44)) - raft.server.leaderelection.pre-vote = false (custom)
2021-12-08 16:22:05,906 [aade3cc6-3956-4ee6-b179-fa53d32d09ed@group-B350B0B50D88-FollowerState] INFO  impl.RoleInfo (RoleInfo.java:updateAndGet(130)) - aade3cc6-3956-4ee6-b179-fa53d32d09ed: start aade3cc6-3956-4ee6-b179-fa53d32d09ed@group-B350B0B50D88-LeaderElection63
2021-12-08 16:22:05,927 [aade3cc6-3956-4ee6-b179-fa53d32d09ed@group-B350B0B50D88-LeaderElection63] INFO  impl.LeaderElection (LeaderElection.java:askForVotes(306)) - aade3cc6-3956-4ee6-b179-fa53d32d09ed@group-B350B0B50D88-LeaderElection63 ELECTION round 0: submit vote requests at term 3 for 0: [41e2ec05-dc5a-40b5-a7e9-bf8cbfcf53f9|rpc:10.1.0.47:43527|dataStream:|priority:0, aade3cc6-3956-4ee6-b179-fa53d32d09ed|rpc:10.1.0.47:46851|dataStream:|priority:0, 6776850b-34cd-43e9-bf63-cfd53769401e|rpc:10.1.0.47:36301|dataStream:|priority:1], old=null
2021-12-08 16:22:05,957 [aade3cc6-3956-4ee6-b179-fa53d32d09ed@group-B350B0B50D88-LeaderElection63] INFO  impl.LeaderElection (LogUtils.java:infoOrTrace(137)) - aade3cc6-3956-4ee6-b179-fa53d32d09ed@group-B350B0B50D88-LeaderElection63 got exception when requesting votes: java.util.concurrent.ExecutionException: org.apache.ratis.thirdparty.io.grpc.StatusRuntimeException: UNAVAILABLE: io exception
2021-12-08 16:22:05,957 [aade3cc6-3956-4ee6-b179-fa53d32d09ed@group-B350B0B50D88-LeaderElection63] INFO  impl.LeaderElection (LogUtils.java:infoOrTrace(137)) - aade3cc6-3956-4ee6-b179-fa53d32d09ed@group-B350B0B50D88-LeaderElection63 got exception when requesting votes: java.util.concurrent.ExecutionException: org.apache.ratis.thirdparty.io.grpc.StatusRuntimeException: UNAVAILABLE: io exception
2021-12-08 16:22:05,957 [aade3cc6-3956-4ee6-b179-fa53d32d09ed@group-B350B0B50D88-LeaderElection63] INFO  impl.LeaderElection (LeaderElection.java:logAndReturn(89)) - aade3cc6-3956-4ee6-b179-fa53d32d09ed@group-B350B0B50D88-LeaderElection63: ELECTION REJECTED received 0 response(s) and 2 exception(s):
2021-12-08 16:22:05,957 [aade3cc6-3956-4ee6-b179-fa53d32d09ed@group-B350B0B50D88-LeaderElection63] INFO  impl.LeaderElection (LogUtils.java:infoOrTrace(137)) -   Exception 0: java.util.concurrent.ExecutionException: org.apache.ratis.thirdparty.io.grpc.StatusRuntimeException: UNAVAILABLE: io exception
2021-12-08 16:22:05,957 [aade3cc6-3956-4ee6-b179-fa53d32d09ed@group-B350B0B50D88-LeaderElection63] INFO  impl.LeaderElection (LogUtils.java:infoOrTrace(137)) -   Exception 1: java.util.concurrent.ExecutionException: org.apache.ratis.thirdparty.io.grpc.StatusRuntimeException: UNAVAILABLE: io exception
2021-12-08 16:22:05,957 [aade3cc6-3956-4ee6-b179-fa53d32d09ed@group-B350B0B50D88-LeaderElection63] INFO  impl.LeaderElection (LeaderElection.java:askForVotes(308)) - aade3cc6-3956-4ee6-b179-fa53d32d09ed@group-B350B0B50D88-LeaderElection63 ELECTION round 0: result REJECTED
2021-12-08 16:22:05,957 [aade3cc6-3956-4ee6-b179-fa53d32d09ed@group-B350B0B50D88-LeaderElection63] INFO  server.RaftServer$Division (RaftServerImpl.java:setRole(290)) - aade3cc6-3956-4ee6-b179-fa53d32d09ed@group-B350B0B50D88: changes role from CANDIDATE to FOLLOWER at term 3 for REJECTED
2021-12-08 16:22:05,957 [aade3cc6-3956-4ee6-b179-fa53d32d09ed@group-B350B0B50D88-LeaderElection63] INFO  impl.RoleInfo (RoleInfo.java:shutdownLeaderElection(121)) - aade3cc6-3956-4ee6-b179-fa53d32d09ed: shutdown aade3cc6-3956-4ee6-b179-fa53d32d09ed@group-B350B0B50D88-LeaderElection63
2021-12-08 16:22:05,957 [aade3cc6-3956-4ee6-b179-fa53d32d09ed@group-B350B0B50D88-LeaderElection63] INFO  impl.RoleInfo (RoleInfo.java:updateAndGet(130)) - aade3cc6-3956-4ee6-b179-fa53d32d09ed: start aade3cc6-3956-4ee6-b179-fa53d32d09ed@group-B350B0B50D88-FollowerState
2021-12-08 16:22:06,207 [aade3cc6-3956-4ee6-b179-fa53d32d09ed@group-F9C456C264FD-FollowerState] INFO  impl.FollowerState (FollowerState.java:lostMajorityHeartbeatsRecently(107)) - aade3cc6-3956-4ee6-b179-fa53d32d09ed@group-F9C456C264FD-FollowerState: Skipping leader election since it stepped down recently (elapsed = 5149ms < waitTime = 10s)
2021-12-08 16:22:09,283 [Listener at 127.0.0.1/45609] INFO  ozoneimpl.OzoneContainer (OzoneContainer.java:stop(325)) - Attempting to stop container services.
2021-12-08 16:22:09,283 [Listener at 127.0.0.1/45609] INFO  server.RaftServer (RaftServerProxy.java:lambda$close$6(391)) - aade3cc6-3956-4ee6-b179-fa53d32d09ed: close
2021-12-08 16:22:09,319 [Listener at 127.0.0.1/45609] INFO  server.RaftServer$Division (RaftServerImpl.java:lambda$close$4(412)) - aade3cc6-3956-4ee6-b179-fa53d32d09ed@group-F96465653175: shutdown
2021-12-08 16:22:09,319 [Listener at 127.0.0.1/45609] INFO  util.JmxRegister (JmxRegister.java:unregister(73)) - Successfully un-registered JMX Bean with object name Ratis:service=RaftServer,group=group-F96465653175,id=aade3cc6-3956-4ee6-b179-fa53d32d09ed
2021-12-08 16:22:09,319 [Listener at 127.0.0.1/45609] INFO  impl.RoleInfo (RoleInfo.java:shutdownLeaderState(91)) - aade3cc6-3956-4ee6-b179-fa53d32d09ed: shutdown aade3cc6-3956-4ee6-b179-fa53d32d09ed@group-F96465653175-LeaderStateImpl
2021-12-08 16:22:09,319 [Listener at 127.0.0.1/45609] INFO  impl.PendingRequests (PendingRequests.java:sendNotLeaderResponses(282)) - aade3cc6-3956-4ee6-b179-fa53d32d09ed@group-F96465653175-PendingRequests: sendNotLeaderResponses
2021-12-08 16:22:09,320 [Listener at 127.0.0.1/45609] INFO  impl.StateMachineUpdater (StateMachineUpdater.java:stopAndJoin(149)) - aade3cc6-3956-4ee6-b179-fa53d32d09ed@group-F96465653175-StateMachineUpdater: set stopIndex = 0
2021-12-08 16:22:09,320 [aade3cc6-3956-4ee6-b179-fa53d32d09ed@group-F96465653175-StateMachineUpdater] INFO  ratis.ContainerStateMachine (ContainerStateMachine.java:takeSnapshot(299)) - group-F96465653175: Taking a snapshot at:(t:1, i:0) file /home/runner/work/ozone/ozone/hadoop-ozone/integration-test/target/test-dir/MiniOzoneClusterImpl-cc1b9559-bfd4-4be1-82a5-849569d2441c/datanode-2/data/ratis/eeea4004-8849-41e0-b282-f96465653175/sm/snapshot.1_0
2021-12-08 16:22:09,321 [aade3cc6-3956-4ee6-b179-fa53d32d09ed@group-F96465653175-StateMachineUpdater] INFO  ratis.ContainerStateMachine (ContainerStateMachine.java:takeSnapshot(310)) - group-F96465653175: Finished taking a snapshot at:(t:1, i:0) file:/home/runner/work/ozone/ozone/hadoop-ozone/integration-test/target/test-dir/MiniOzoneClusterImpl-cc1b9559-bfd4-4be1-82a5-849569d2441c/datanode-2/data/ratis/eeea4004-8849-41e0-b282-f96465653175/sm/snapshot.1_0 took: 1 ms
2021-12-08 16:22:09,321 [aade3cc6-3956-4ee6-b179-fa53d32d09ed@group-F96465653175-StateMachineUpdater] INFO  impl.StateMachineUpdater (StateMachineUpdater.java:takeSnapshot(281)) - aade3cc6-3956-4ee6-b179-fa53d32d09ed@group-F96465653175-StateMachineUpdater: Took a snapshot at index 0
2021-12-08 16:22:09,321 [aade3cc6-3956-4ee6-b179-fa53d32d09ed@group-F96465653175-StateMachineUpdater] INFO  impl.StateMachineUpdater (StateMachineUpdater.java:lambda$new$0(89)) - aade3cc6-3956-4ee6-b179-fa53d32d09ed@group-F96465653175-StateMachineUpdater: snapshotIndex: updateIncreasingly -1 -> 0
2021-12-08 16:22:09,321 [Listener at 127.0.0.1/45609] INFO  server.RaftServer$Division (ServerState.java:close(419)) - aade3cc6-3956-4ee6-b179-fa53d32d09ed@group-F96465653175: closes. applyIndex: 0
2021-12-08 16:22:09,322 [aade3cc6-3956-4ee6-b179-fa53d32d09ed@group-F96465653175-SegmentedRaftLogWorker] INFO  segmented.SegmentedRaftLogWorker (SegmentedRaftLogWorker.java:run(327)) - aade3cc6-3956-4ee6-b179-fa53d32d09ed@group-F96465653175-SegmentedRaftLogWorker was interrupted, exiting. There are 0 tasks remaining in the queue.
2021-12-08 16:22:09,323 [Listener at 127.0.0.1/45609] INFO  segmented.SegmentedRaftLogWorker (SegmentedRaftLogWorker.java:close(237)) - aade3cc6-3956-4ee6-b179-fa53d32d09ed@group-F96465653175-SegmentedRaftLogWorker close()
2021-12-08 16:22:09,327 [Listener at 127.0.0.1/45609] INFO  server.RaftServer$Division (RaftServerImpl.java:lambda$close$4(412)) - aade3cc6-3956-4ee6-b179-fa53d32d09ed@group-F9C456C264FD: shutdown
2021-12-08 16:22:09,328 [Listener at 127.0.0.1/45609] INFO  util.JmxRegister (JmxRegister.java:unregister(73)) - Successfully un-registered JMX Bean with object name Ratis:service=RaftServer,group=group-F9C456C264FD,id=aade3cc6-3956-4ee6-b179-fa53d32d09ed
2021-12-08 16:22:09,328 [Listener at 127.0.0.1/45609] INFO  impl.RoleInfo (RoleInfo.java:shutdownFollowerState(108)) - aade3cc6-3956-4ee6-b179-fa53d32d09ed: shutdown aade3cc6-3956-4ee6-b179-fa53d32d09ed@group-F9C456C264FD-FollowerState
2021-12-08 16:22:09,328 [aade3cc6-3956-4ee6-b179-fa53d32d09ed@group-F9C456C264FD-StateMachineUpdater] INFO  ratis.ContainerStateMachine (ContainerStateMachine.java:takeSnapshot(299)) - group-F9C456C264FD: Taking a snapshot at:(t:3, i:0) file /home/runner/work/ozone/ozone/hadoop-ozone/integration-test/target/test-dir/MiniOzoneClusterImpl-cc1b9559-bfd4-4be1-82a5-849569d2441c/datanode-2/data/ratis/4c632989-2b46-45ec-a670-f9c456c264fd/sm/snapshot.3_0
2021-12-08 16:22:09,328 [Listener at 127.0.0.1/45609] INFO  impl.StateMachineUpdater (StateMachineUpdater.java:stopAndJoin(149)) - aade3cc6-3956-4ee6-b179-fa53d32d09ed@group-F9C456C264FD-StateMachineUpdater: set stopIndex = 0
2021-12-08 16:22:09,328 [aade3cc6-3956-4ee6-b179-fa53d32d09ed@group-F9C456C264FD-FollowerState] INFO  impl.FollowerState (FollowerState.java:run(143)) - aade3cc6-3956-4ee6-b179-fa53d32d09ed@group-F9C456C264FD-FollowerState was interrupted: {}
java.lang.InterruptedException: sleep interrupted
	at java.lang.Thread.sleep(Native Method)
	at java.lang.Thread.sleep(Thread.java:340)
	at java.util.concurrent.TimeUnit.sleep(TimeUnit.java:386)
	at org.apache.ratis.util.TimeDuration.sleep(TimeDuration.java:324)
	at org.apache.ratis.util.TimeDuration.sleep(TimeDuration.java:309)
	at org.apache.ratis.server.impl.FollowerState.run(FollowerState.java:118)
2021-12-08 16:22:09,331 [aade3cc6-3956-4ee6-b179-fa53d32d09ed@group-F9C456C264FD-StateMachineUpdater] INFO  ratis.ContainerStateMachine (ContainerStateMachine.java:takeSnapshot(310)) - group-F9C456C264FD: Finished taking a snapshot at:(t:3, i:0) file:/home/runner/work/ozone/ozone/hadoop-ozone/integration-test/target/test-dir/MiniOzoneClusterImpl-cc1b9559-bfd4-4be1-82a5-849569d2441c/datanode-2/data/ratis/4c632989-2b46-45ec-a670-f9c456c264fd/sm/snapshot.3_0 took: 3 ms
2021-12-08 16:22:09,331 [aade3cc6-3956-4ee6-b179-fa53d32d09ed@group-F9C456C264FD-StateMachineUpdater] INFO  impl.StateMachineUpdater (StateMachineUpdater.java:takeSnapshot(281)) - aade3cc6-3956-4ee6-b179-fa53d32d09ed@group-F9C456C264FD-StateMachineUpdater: Took a snapshot at index 0
2021-12-08 16:22:09,331 [aade3cc6-3956-4ee6-b179-fa53d32d09ed@group-F9C456C264FD-StateMachineUpdater] INFO  impl.StateMachineUpdater (StateMachineUpdater.java:lambda$new$0(89)) - aade3cc6-3956-4ee6-b179-fa53d32d09ed@group-F9C456C264FD-StateMachineUpdater: snapshotIndex: updateIncreasingly -1 -> 0
2021-12-08 16:22:09,344 [Listener at 127.0.0.1/45609] INFO  server.RaftServer$Division (ServerState.java:close(419)) - aade3cc6-3956-4ee6-b179-fa53d32d09ed@group-F9C456C264FD: closes. applyIndex: 0
2021-12-08 16:22:09,344 [aade3cc6-3956-4ee6-b179-fa53d32d09ed@group-F9C456C264FD-SegmentedRaftLogWorker] INFO  segmented.SegmentedRaftLogWorker (SegmentedRaftLogWorker.java:run(327)) - aade3cc6-3956-4ee6-b179-fa53d32d09ed@group-F9C456C264FD-SegmentedRaftLogWorker was interrupted, exiting. There are 0 tasks remaining in the queue.
2021-12-08 16:22:09,344 [Listener at 127.0.0.1/45609] INFO  segmented.SegmentedRaftLogWorker (SegmentedRaftLogWorker.java:close(237)) - aade3cc6-3956-4ee6-b179-fa53d32d09ed@group-F9C456C264FD-SegmentedRaftLogWorker close()
2021-12-08 16:22:09,376 [Listener at 127.0.0.1/45609] INFO  server.RaftServer$Division (RaftServerImpl.java:lambda$close$4(412)) - aade3cc6-3956-4ee6-b179-fa53d32d09ed@group-B350B0B50D88: shutdown
2021-12-08 16:22:09,376 [Listener at 127.0.0.1/45609] INFO  util.JmxRegister (JmxRegister.java:unregister(73)) - Successfully un-registered JMX Bean with object name Ratis:service=RaftServer,group=group-B350B0B50D88,id=aade3cc6-3956-4ee6-b179-fa53d32d09ed
2021-12-08 16:22:09,377 [Listener at 127.0.0.1/45609] INFO  impl.RoleInfo (RoleInfo.java:shutdownFollowerState(108)) - aade3cc6-3956-4ee6-b179-fa53d32d09ed: shutdown aade3cc6-3956-4ee6-b179-fa53d32d09ed@group-B350B0B50D88-FollowerState
2021-12-08 16:22:09,377 [Listener at 127.0.0.1/45609] INFO  impl.StateMachineUpdater (StateMachineUpdater.java:stopAndJoin(149)) - aade3cc6-3956-4ee6-b179-fa53d32d09ed@group-B350B0B50D88-StateMachineUpdater: set stopIndex = 47
2021-12-08 16:22:09,377 [aade3cc6-3956-4ee6-b179-fa53d32d09ed@group-B350B0B50D88-FollowerState] INFO  impl.FollowerState (FollowerState.java:run(143)) - aade3cc6-3956-4ee6-b179-fa53d32d09ed@group-B350B0B50D88-FollowerState was interrupted: {}
java.lang.InterruptedException: sleep interrupted
	at java.lang.Thread.sleep(Native Method)
	at java.lang.Thread.sleep(Thread.java:340)
	at java.util.concurrent.TimeUnit.sleep(TimeUnit.java:386)
	at org.apache.ratis.util.TimeDuration.sleep(TimeDuration.java:324)
	at org.apache.ratis.util.TimeDuration.sleep(TimeDuration.java:309)
	at org.apache.ratis.server.impl.FollowerState.run(FollowerState.java:118)
2021-12-08 16:22:09,377 [aade3cc6-3956-4ee6-b179-fa53d32d09ed@group-B350B0B50D88-StateMachineUpdater] INFO  ratis.ContainerStateMachine (ContainerStateMachine.java:takeSnapshot(299)) - group-B350B0B50D88: Taking a snapshot at:(t:1, i:47) file /home/runner/work/ozone/ozone/hadoop-ozone/integration-test/target/test-dir/MiniOzoneClusterImpl-cc1b9559-bfd4-4be1-82a5-849569d2441c/datanode-2/data/ratis/066f44f4-fd35-44e4-808a-b350b0b50d88/sm/snapshot.1_47
2021-12-08 16:22:09,378 [aade3cc6-3956-4ee6-b179-fa53d32d09ed@group-B350B0B50D88-StateMachineUpdater] INFO  ratis.ContainerStateMachine (ContainerStateMachine.java:takeSnapshot(310)) - group-B350B0B50D88: Finished taking a snapshot at:(t:1, i:47) file:/home/runner/work/ozone/ozone/hadoop-ozone/integration-test/target/test-dir/MiniOzoneClusterImpl-cc1b9559-bfd4-4be1-82a5-849569d2441c/datanode-2/data/ratis/066f44f4-fd35-44e4-808a-b350b0b50d88/sm/snapshot.1_47 took: 1 ms
2021-12-08 16:22:09,378 [aade3cc6-3956-4ee6-b179-fa53d32d09ed@group-B350B0B50D88-StateMachineUpdater] INFO  impl.StateMachineUpdater (StateMachineUpdater.java:takeSnapshot(281)) - aade3cc6-3956-4ee6-b179-fa53d32d09ed@group-B350B0B50D88-StateMachineUpdater: Took a snapshot at index 47
2021-12-08 16:22:09,378 [aade3cc6-3956-4ee6-b179-fa53d32d09ed@group-B350B0B50D88-StateMachineUpdater] INFO  impl.StateMachineUpdater (StateMachineUpdater.java:lambda$new$0(89)) - aade3cc6-3956-4ee6-b179-fa53d32d09ed@group-B350B0B50D88-StateMachineUpdater: snapshotIndex: updateIncreasingly -1 -> 47
2021-12-08 16:22:09,383 [Listener at 127.0.0.1/45609] INFO  server.RaftServer$Division (ServerState.java:close(419)) - aade3cc6-3956-4ee6-b179-fa53d32d09ed@group-B350B0B50D88: closes. applyIndex: 47
2021-12-08 16:22:09,383 [aade3cc6-3956-4ee6-b179-fa53d32d09ed@group-B350B0B50D88-SegmentedRaftLogWorker] INFO  segmented.SegmentedRaftLogWorker (SegmentedRaftLogWorker.java:run(327)) - aade3cc6-3956-4ee6-b179-fa53d32d09ed@group-B350B0B50D88-SegmentedRaftLogWorker was interrupted, exiting. There are 0 tasks remaining in the queue.
2021-12-08 16:22:09,395 [Listener at 127.0.0.1/45609] INFO  segmented.SegmentedRaftLogWorker (SegmentedRaftLogWorker.java:close(237)) - aade3cc6-3956-4ee6-b179-fa53d32d09ed@group-B350B0B50D88-SegmentedRaftLogWorker close()
2021-12-08 16:22:09,407 [Listener at 127.0.0.1/45609] INFO  server.GrpcService (GrpcService.java:closeImpl(262)) - aade3cc6-3956-4ee6-b179-fa53d32d09ed: shutdown server with port 46851 now
2021-12-08 16:22:09,420 [Listener at 127.0.0.1/45609] INFO  server.GrpcService (GrpcService.java:closeImpl(271)) - aade3cc6-3956-4ee6-b179-fa53d32d09ed: shutdown server with port 46851 successfully
2021-12-08 16:22:09,420 [org.apache.ratis.util.JvmPauseMonitor$$Lambda$523/2003369902@22f2e5a3] INFO  util.JvmPauseMonitor (JvmPauseMonitor.java:run(109)) - JvmPauseMonitor-aade3cc6-3956-4ee6-b179-fa53d32d09ed: Stopped
2021-12-08 16:22:16,435 [Listener at 127.0.0.1/45609] INFO  utils.BackgroundService (BackgroundService.java:shutdown(132)) - Shutting down service BlockDeletingService
2021-12-08 16:22:19,467 [Listener at 127.0.0.1/45609] INFO  statemachine.DatanodeStateMachine (DatanodeStateMachine.java:stopDaemon(526)) - Ozone container server stopped.
2021-12-08 16:22:19,468 [Listener at 127.0.0.1/45609] INFO  handler.ContextHandler (ContextHandler.java:doStop(1153)) - Stopped o.e.j.w.WebAppContext@27180b96{hddsDatanode,/,null,STOPPED}{jar:file:/home/runner/.m2/repository/org/apache/ozone/hdds-container-service/1.3.0-SNAPSHOT/hdds-container-service-1.3.0-SNAPSHOT.jar!/webapps/hddsDatanode}
2021-12-08 16:22:19,469 [Listener at 127.0.0.1/45609] INFO  server.AbstractConnector (AbstractConnector.java:doStop(381)) - Stopped ServerConnector@36f51f69{HTTP/1.1, (http/1.1)}{0.0.0.0:0}
2021-12-08 16:22:19,469 [Listener at 127.0.0.1/45609] INFO  server.session (HouseKeeper.java:stopScavenging(149)) - node0 Stopped scavenging
2021-12-08 16:22:19,469 [Listener at 127.0.0.1/45609] INFO  handler.ContextHandler (ContextHandler.java:doStop(1153)) - Stopped o.e.j.s.ServletContextHandler@6a50fc81{static,/static,jar:file:/home/runner/.m2/repository/org/apache/ozone/hdds-container-service/1.3.0-SNAPSHOT/hdds-container-service-1.3.0-SNAPSHOT.jar!/webapps/static,STOPPED}
2021-12-08 16:22:19,469 [Listener at 127.0.0.1/45609] INFO  handler.ContextHandler (ContextHandler.java:doStop(1153)) - Stopped o.e.j.s.ServletContextHandler@4135d15d{logs,/logs,file:///home/runner/work/ozone/ozone/hadoop-ozone/integration-test/target/log,STOPPED}
2021-12-08 16:22:19,483 [Listener at 127.0.0.1/45609] INFO  ozone.MiniOzoneClusterImpl (MiniOzoneClusterImpl.java:stopSCM(542)) - Stopping the StorageContainerManager
2021-12-08 16:22:19,483 [Listener at 127.0.0.1/45609] INFO  server.StorageContainerManager (StorageContainerManager.java:stop(1395)) - Stopping Container Balancer service.
2021-12-08 16:22:19,483 [Listener at 127.0.0.1/45609] INFO  balancer.ContainerBalancer (ContainerBalancer.java:stop(734)) - Container Balancer is not running.
2021-12-08 16:22:19,483 [Listener at 127.0.0.1/45609] INFO  server.StorageContainerManager (StorageContainerManager.java:stop(1402)) - Stopping Replication Manager Service.
2021-12-08 16:22:19,483 [Listener at 127.0.0.1/45609] INFO  container.ReplicationManager (ReplicationManager.java:stop(350)) - Stopping Replication Monitor Thread.
2021-12-08 16:22:19,484 [Listener at 127.0.0.1/45609] INFO  server.StorageContainerManager (StorageContainerManager.java:stop(1409)) - Stopping the Datanode Admin Monitor.
2021-12-08 16:22:19,484 [Listener at 127.0.0.1/45609] INFO  server.StorageContainerManager (StorageContainerManager.java:stop(1416)) - Stopping Lease Manager of the command watchers
2021-12-08 16:22:19,484 [Listener at 127.0.0.1/45609] INFO  server.StorageContainerManager (StorageContainerManager.java:stop(1423)) - Stopping datanode service RPC server
2021-12-08 16:22:19,484 [Listener at 127.0.0.1/45609] INFO  server.SCMDatanodeProtocolServer (SCMDatanodeProtocolServer.java:stop(389)) - Stopping the RPC server for DataNodes
2021-12-08 16:22:19,484 [Listener at 127.0.0.1/45609] INFO  ipc.Server (Server.java:stop(3414)) - Stopping server on 41053
2021-12-08 16:22:19,486 [IPC Server listener on 0] INFO  ipc.Server (Server.java:run(1376)) - Stopping IPC Server listener on 0
2021-12-08 16:22:19,505 [IPC Server Responder] INFO  ipc.Server (Server.java:run(1512)) - Stopping IPC Server Responder
2021-12-08 16:22:19,531 [SCM Heartbeat Processing Thread - 0] WARN  node.NodeStateManager (NodeStateManager.java:scheduleNextHealthCheck(799)) - Current Thread is interrupted, shutting down HB processing thread for Node Manager.
2021-12-08 16:22:19,532 [Listener at 127.0.0.1/45609] INFO  server.StorageContainerManager (StorageContainerManager.java:stop(1431)) - Stopping block service RPC server
2021-12-08 16:22:19,532 [Listener at 127.0.0.1/45609] INFO  server.SCMBlockProtocolServer (SCMBlockProtocolServer.java:stop(160)) - Stopping the RPC server for Block Protocol
2021-12-08 16:22:19,532 [Listener at 127.0.0.1/45609] INFO  ipc.Server (Server.java:stop(3414)) - Stopping server on 37619
2021-12-08 16:22:19,535 [IPC Server Responder] INFO  ipc.Server (Server.java:run(1512)) - Stopping IPC Server Responder
2021-12-08 16:22:19,535 [Listener at 127.0.0.1/45609] INFO  server.StorageContainerManager (StorageContainerManager.java:stop(1438)) - Stopping the StorageContainerLocationProtocol RPC server
2021-12-08 16:22:19,536 [Listener at 127.0.0.1/45609] INFO  server.SCMClientProtocolServer (SCMClientProtocolServer.java:stop(173)) - Stopping the RPC server for Client Protocol
2021-12-08 16:22:19,536 [Listener at 127.0.0.1/45609] INFO  ipc.Server (Server.java:stop(3414)) - Stopping server on 42339
2021-12-08 16:22:19,536 [IPC Server listener on 0] INFO  ipc.Server (Server.java:run(1376)) - Stopping IPC Server listener on 0
2021-12-08 16:22:19,557 [IPC Server listener on 0] INFO  ipc.Server (Server.java:run(1376)) - Stopping IPC Server listener on 0
2021-12-08 16:22:19,557 [Listener at 127.0.0.1/45609] INFO  server.StorageContainerManager (StorageContainerManager.java:stop(1445)) - Stopping Storage Container Manager HTTP server.
2021-12-08 16:22:19,558 [IPC Server Responder] INFO  ipc.Server (Server.java:run(1512)) - Stopping IPC Server Responder
2021-12-08 16:22:19,579 [Listener at 127.0.0.1/45609] INFO  handler.ContextHandler (ContextHandler.java:doStop(1153)) - Stopped o.e.j.w.WebAppContext@524ee953{scm,/,null,STOPPED}{file:/home/runner/work/ozone/ozone/hadoop-ozone/integration-test/target/test-classes/webapps/scm}
2021-12-08 16:22:19,580 [Listener at 127.0.0.1/45609] INFO  server.AbstractConnector (AbstractConnector.java:doStop(381)) - Stopped ServerConnector@1c6d4f34{HTTP/1.1, (http/1.1)}{0.0.0.0:0}
2021-12-08 16:22:19,580 [Listener at 127.0.0.1/45609] INFO  server.session (HouseKeeper.java:stopScavenging(149)) - node0 Stopped scavenging
2021-12-08 16:22:19,580 [Listener at 127.0.0.1/45609] INFO  handler.ContextHandler (ContextHandler.java:doStop(1153)) - Stopped o.e.j.s.ServletContextHandler@6e0e8b7b{static,/static,file:///home/runner/work/ozone/ozone/hadoop-ozone/integration-test/target/test-classes/webapps/static,STOPPED}
2021-12-08 16:22:19,580 [Listener at 127.0.0.1/45609] INFO  handler.ContextHandler (ContextHandler.java:doStop(1153)) - Stopped o.e.j.s.ServletContextHandler@47a782a1{logs,/logs,file:///home/runner/work/ozone/ozone/hadoop-ozone/integration-test/target/log,STOPPED}
2021-12-08 16:22:19,581 [Listener at 127.0.0.1/45609] INFO  server.StorageContainerManager (StorageContainerManager.java:stop(1456)) - Stopping Block Manager Service.
2021-12-08 16:22:19,581 [Listener at 127.0.0.1/45609] INFO  utils.BackgroundService (BackgroundService.java:shutdown(132)) - Shutting down service SCMBlockDeletingService
2021-12-08 16:22:19,581 [Listener at 127.0.0.1/45609] INFO  utils.BackgroundService (BackgroundService.java:shutdown(132)) - Shutting down service SCMBlockDeletingService
2021-12-08 16:22:19,581 [Listener at 127.0.0.1/45609] INFO  server.StorageContainerManager (StorageContainerManager.java:stop(1483)) - Stopping SCM Event Queue.
2021-12-08 16:22:19,582 [Listener at 127.0.0.1/45609] INFO  server.StorageContainerManager (StorageContainerManager.java:stop(1494)) - Stopping SCM HA services.
2021-12-08 16:22:19,583 [Listener at 127.0.0.1/45609] INFO  pipeline.BackgroundPipelineCreator (BackgroundPipelineCreator.java:stop(158)) - Stopping RatisPipelineUtilsThread.
2021-12-08 16:22:19,583 [Listener at 127.0.0.1/45609] INFO  server.StorageContainerManager (StorageContainerManager.java:stop(1504)) - Stopping SCM MetadataStore.
2021-12-08 16:22:19,584 [Listener at 127.0.0.1/45609] INFO  impl.MetricsSystemImpl (MetricsSystemImpl.java:stop(210)) - Stopping HddsDatanode metrics system...
2021-12-08 16:22:19,625 [prometheus] INFO  impl.MetricsSinkAdapter (MetricsSinkAdapter.java:publishMetricsFromQueue(141)) - prometheus thread interrupted.
2021-12-08 16:22:19,626 [Listener at 127.0.0.1/45609] INFO  impl.MetricsSystemImpl (MetricsSystemImpl.java:stop(216)) - HddsDatanode metrics system stopped.
2021-12-08 16:22:19,830 [Listener at 127.0.0.1/45609] WARN  server.ServerUtils (ServerUtils.java:getScmDbDir(148)) - ozone.scm.db.dirs is not configured. We recommend adding this setting. Falling back to ozone.metadata.dirs instead.
2021-12-08 16:22:19,847 [Listener at 127.0.0.1/45609] INFO  ha.SCMHANodeDetails (SCMHANodeDetails.java:loadSCMHAConfig(157)) - ServiceID for StorageContainerManager is null
2021-12-08 16:22:19,847 [Listener at 127.0.0.1/45609] INFO  ha.SCMHANodeDetails (SCMHANodeDetails.java:loadSCMHAConfig(162)) - ozone.scm.default.service.id is not defined, falling back to ozone.scm.service.ids to find serviceID for StorageContainerManager if it is HA enabled cluster
2021-12-08 16:22:19,847 [Listener at 127.0.0.1/45609] WARN  server.ServerUtils (ServerUtils.java:getScmDbDir(148)) - ozone.scm.db.dirs is not configured. We recommend adding this setting. Falling back to ozone.metadata.dirs instead.
2021-12-08 16:22:19,848 [Listener at 127.0.0.1/45609] INFO  upgrade.AbstractLayoutVersionManager (AbstractLayoutVersionManager.java:init(79)) - Initializing Layout version manager with metadata layout = SCM_HA (version = 2), software layout = SCM_HA (version = 2)
2021-12-08 16:22:19,983 [Listener at 127.0.0.1/45609] INFO  reflections.Reflections (Reflections.java:scan(232)) - Reflections took 134 ms to scan 7 urls, producing 119 keys and 279 values 
2021-12-08 16:22:19,992 [Listener at 127.0.0.1/45609] WARN  utils.HAUtils (HAUtils.java:getMetaDir(342)) - ozone.scm.db.dirs is not configured. We recommend adding this setting. Falling back to ozone.metadata.dirs instead.
2021-12-08 16:22:20,000 [Listener at 127.0.0.1/45609] WARN  db.DBStoreBuilder (DBStoreBuilder.java:applyDBDefinition(145)) - ozone.scm.db.dirs is not configured. We recommend adding this setting. Falling back to ozone.metadata.dirs instead.
2021-12-08 16:22:20,214 [Listener at 127.0.0.1/45609] INFO  net.NodeSchemaLoader (NodeSchemaLoader.java:loadSchemaFromFile(129)) - Loading schema from [jar:file:/home/runner/.m2/repository/org/apache/ozone/hdds-common/1.3.0-SNAPSHOT/hdds-common-1.3.0-SNAPSHOT.jar!/network-topology-default.xml]
2021-12-08 16:22:20,214 [Listener at 127.0.0.1/45609] INFO  net.NodeSchemaLoader (NodeSchemaLoader.java:loadSchema(176)) - Loading network topology layer schema file
2021-12-08 16:22:20,230 [Listener at 127.0.0.1/45609] INFO  ha.SequenceIdGenerator (SequenceIdGenerator.java:upgradeToSequenceId(347)) - upgrade localId to 107544261427200000
2021-12-08 16:22:20,230 [Listener at 127.0.0.1/45609] INFO  ha.SequenceIdGenerator (SequenceIdGenerator.java:upgradeToSequenceId(357)) - upgrade delTxnId to 0
2021-12-08 16:22:20,231 [Listener at 127.0.0.1/45609] INFO  ha.SequenceIdGenerator (SequenceIdGenerator.java:upgradeToSequenceId(371)) - upgrade containerId to 0
2021-12-08 16:22:20,231 [Listener at 127.0.0.1/45609] INFO  ha.SequenceIdGenerator (SequenceIdGenerator.java:<init>(218)) - Init the HA SequenceIdGenerator.
2021-12-08 16:22:20,231 [Listener at 127.0.0.1/45609] WARN  server.ServerUtils (ServerUtils.java:sanitizeUserArgs(73)) - ozone.scm.stale.node.interval value = 300000 is larger than max = 100000 based on the key value of ozone.scm.heartbeat.thread.interval, reset to the max value 100000.
2021-12-08 16:22:20,231 [Listener at 127.0.0.1/45609] WARN  server.ServerUtils (ServerUtils.java:sanitizeUserArgs(73)) - ozone.scm.stale.node.interval value = 300000 is larger than max = 100000 based on the key value of ozone.scm.heartbeat.thread.interval, reset to the max value 100000.
2021-12-08 16:22:20,248 [Listener at 127.0.0.1/45609] INFO  node.SCMNodeManager (SCMNodeManager.java:<init>(144)) - Entering startup safe mode.
2021-12-08 16:22:20,249 [Listener at 127.0.0.1/45609] INFO  algorithms.ContainerPlacementPolicyFactory (ContainerPlacementPolicyFactory.java:getPolicy(60)) - Create container placement policy of type org.apache.hadoop.hdds.scm.container.placement.algorithms.SCMContainerPlacementRandom
2021-12-08 16:22:20,249 [Listener at 127.0.0.1/45609] INFO  pipeline.PipelineStateManagerImpl (PipelineStateManagerImpl.java:initialize(78)) - No pipeline exists in current db
2021-12-08 16:22:20,249 [Listener at 127.0.0.1/45609] INFO  algorithms.LeaderChoosePolicyFactory (LeaderChoosePolicyFactory.java:getPolicy(57)) - Create leader choose policy of type org.apache.hadoop.hdds.scm.pipeline.leader.choose.algorithms.MinLeaderCountChoosePolicy
2021-12-08 16:22:20,249 [Listener at 127.0.0.1/45609] INFO  ha.SCMServiceManager (SCMServiceManager.java:register(43)) - Registering service BackgroundPipelineCreator.
2021-12-08 16:22:20,249 [Listener at 127.0.0.1/45609] INFO  pipeline.BackgroundPipelineCreator (BackgroundPipelineCreator.java:start(130)) - Starting RatisPipelineUtilsThread.
2021-12-08 16:22:20,251 [Listener at 127.0.0.1/45609] INFO  algorithms.PipelineChoosePolicyFactory (PipelineChoosePolicyFactory.java:createPipelineChoosePolicyFromClass(73)) - Create pipeline choose policy of type org.apache.hadoop.hdds.scm.pipeline.choose.algorithms.RandomPipelineChoosePolicy
2021-12-08 16:22:20,251 [Listener at 127.0.0.1/45609] INFO  ha.SCMServiceManager (SCMServiceManager.java:register(43)) - Registering service SCMBlockDeletingService.
2021-12-08 16:22:20,252 [Listener at 127.0.0.1/45609] INFO  ha.SCMServiceManager (SCMServiceManager.java:register(43)) - Registering service ReplicationManager.
2021-12-08 16:22:20,252 [Listener at 127.0.0.1/45609] INFO  container.ReplicationManager (ReplicationManager.java:start(319)) - Starting Replication Monitor Thread.
2021-12-08 16:22:20,252 [Listener at 127.0.0.1/45609] INFO  safemode.ContainerSafeModeRule (ContainerSafeModeRule.java:<init>(89)) - containers with one replica threshold count 0
2021-12-08 16:22:20,252 [Listener at 127.0.0.1/45609] INFO  safemode.HealthyPipelineSafeModeRule (HealthyPipelineSafeModeRule.java:initializeRule(156)) - Total pipeline count is 0, healthy pipeline threshold count is 1
2021-12-08 16:22:20,253 [Listener at 127.0.0.1/45609] INFO  safemode.OneReplicaPipelineSafeModeRule (OneReplicaPipelineSafeModeRule.java:initializeRule(180)) - Total pipeline count is 0, pipeline's with at least one datanode reported threshold count is 0
2021-12-08 16:22:20,253 [Listener at 127.0.0.1/45609] INFO  ipc.CallQueueManager (CallQueueManager.java:<init>(90)) - Using callQueue: class java.util.concurrent.LinkedBlockingQueue, queueCapacity: 2000, scheduler: class org.apache.hadoop.ipc.DefaultRpcScheduler, ipcBackoff: false.
2021-12-08 16:22:20,254 [Socket Reader #1 for port 0] INFO  ipc.Server (Server.java:run(1265)) - Starting Socket Reader #1 for port 0
2021-12-08 16:22:20,254 [Listener at 0.0.0.0/39153] INFO  ipc.CallQueueManager (CallQueueManager.java:<init>(90)) - Using callQueue: class java.util.concurrent.LinkedBlockingQueue, queueCapacity: 2000, scheduler: class org.apache.hadoop.ipc.DefaultRpcScheduler, ipcBackoff: false.
2021-12-08 16:22:20,255 [Socket Reader #1 for port 0] INFO  ipc.Server (Server.java:run(1265)) - Starting Socket Reader #1 for port 0
2021-12-08 16:22:20,255 [Listener at 0.0.0.0/39645] INFO  ipc.CallQueueManager (CallQueueManager.java:<init>(90)) - Using callQueue: class java.util.concurrent.LinkedBlockingQueue, queueCapacity: 2000, scheduler: class org.apache.hadoop.ipc.DefaultRpcScheduler, ipcBackoff: false.
2021-12-08 16:22:20,256 [Socket Reader #1 for port 0] INFO  ipc.Server (Server.java:run(1265)) - Starting Socket Reader #1 for port 0
2021-12-08 16:22:20,267 [ReplicationMonitor] INFO  container.ReplicationManager (ReplicationManager.java:processAll(371)) - Replication Monitor Thread took 0 milliseconds for processing 0 containers.
2021-12-08 16:22:20,315 [Listener at 0.0.0.0/43173] INFO  algorithms.ContainerPlacementPolicyFactory (ContainerPlacementPolicyFactory.java:getPolicy(60)) - Create container placement policy of type org.apache.hadoop.hdds.scm.container.placement.algorithms.SCMContainerPlacementRandom
2021-12-08 16:22:20,324 [Listener at 0.0.0.0/43173] INFO  server.StorageContainerManager (StorageContainerManager.java:<init>(388)) - 
Container Balancer status:
Key                            Value
Running                        false
Container Balancer Configuration values:
Key                                                Value
Threshold                                          0.1
Max Datanodes to Involve per Iteration(ratio)      0.2
Max Size to Move per Iteration                     30GB
Max Size Entering Target per Iteration             1GB
Max Size Leaving Source per Iteration              1GB

2021-12-08 16:22:20,325 [Listener at 0.0.0.0/43173] WARN  events.EventQueue (EventQueue.java:fireEvent(194)) - No event handler registered for event TypedEvent{payloadType=SafeModeStatus, name='Safe mode status'}
2021-12-08 16:22:20,325 [Listener at 0.0.0.0/43173] INFO  ha.SCMContext (SCMContext.java:updateSafeModeStatus(211)) - Update SafeModeStatus from SafeModeStatus{safeModeStatus=true, preCheckPassed=false} to SafeModeStatus{safeModeStatus=true, preCheckPassed=false}.
2021-12-08 16:22:20,325 [Listener at 0.0.0.0/43173] INFO  server.StorageContainerManager (StorageContainerManager.java:start(1303)) - StorageContainerLocationProtocol RPC server is listening at /0.0.0.0:43173
2021-12-08 16:22:20,328 [Listener at 0.0.0.0/43173] WARN  impl.MetricsConfig (MetricsConfig.java:loadFirst(136)) - Cannot locate configuration: tried hadoop-metrics2-storagecontainermanager.properties,hadoop-metrics2.properties
2021-12-08 16:22:20,336 [Listener at 0.0.0.0/43173] INFO  impl.MetricsSystemImpl (MetricsSystemImpl.java:startTimer(378)) - Scheduled Metric snapshot period at 10 second(s).
2021-12-08 16:22:20,337 [Listener at 0.0.0.0/43173] INFO  impl.MetricsSystemImpl (MetricsSystemImpl.java:start(191)) - StorageContainerManager metrics system started
2021-12-08 16:22:20,451 [Listener at 0.0.0.0/43173] INFO  impl.MetricsSinkAdapter (MetricsSinkAdapter.java:start(204)) - Sink prometheus started
2021-12-08 16:22:20,451 [Listener at 0.0.0.0/43173] INFO  impl.MetricsSystemImpl (MetricsSystemImpl.java:registerSink(305)) - Registered sink prometheus
2021-12-08 16:22:20,535 [Listener at 0.0.0.0/43173] INFO  server.SCMClientProtocolServer (SCMClientProtocolServer.java:start(164)) - RPC server for Client  is listening at /0.0.0.0:43173
2021-12-08 16:22:20,535 [IPC Server Responder] INFO  ipc.Server (Server.java:run(1507)) - IPC Server Responder: starting
2021-12-08 16:22:20,560 [IPC Server listener on 0] INFO  ipc.Server (Server.java:run(1344)) - IPC Server listener on 0: starting
2021-12-08 16:22:20,628 [Listener at 0.0.0.0/43173] INFO  server.StorageContainerManager (StorageContainerManager.java:start(1318)) - ScmBlockLocationProtocol RPC server is listening at /0.0.0.0:39645
2021-12-08 16:22:20,628 [Listener at 0.0.0.0/43173] INFO  server.SCMBlockProtocolServer (SCMBlockProtocolServer.java:start(151)) - RPC server for Block Protocol is listening at /0.0.0.0:39645
2021-12-08 16:22:20,629 [IPC Server Responder] INFO  ipc.Server (Server.java:run(1507)) - IPC Server Responder: starting
2021-12-08 16:22:20,629 [IPC Server listener on 0] INFO  ipc.Server (Server.java:run(1344)) - IPC Server listener on 0: starting
2021-12-08 16:22:20,630 [Listener at 0.0.0.0/43173] INFO  server.StorageContainerManager (StorageContainerManager.java:start(1324)) - ScmDatanodeProtocl RPC server is listening at /0.0.0.0:39153
2021-12-08 16:22:20,630 [Listener at 0.0.0.0/43173] INFO  server.SCMDatanodeProtocolServer (SCMDatanodeProtocolServer.java:start(181)) - RPC server for DataNodes is listening at /0.0.0.0:39153
2021-12-08 16:22:20,631 [IPC Server Responder] INFO  ipc.Server (Server.java:run(1507)) - IPC Server Responder: starting
2021-12-08 16:22:20,657 [Listener at 0.0.0.0/43173] INFO  http.BaseHttpServer (BaseHttpServer.java:newHttpServer2BuilderForOzone(209)) - Starting Web-server for scm at: http://0.0.0.0:0
2021-12-08 16:22:20,657 [Listener at 0.0.0.0/43173] INFO  http.BaseHttpServer (BaseHttpServer.java:<init>(107)) - Hadoop Security Enabled: false Ozone Security Enabled: false Ozone HTTP Security Enabled: false 
2021-12-08 16:22:20,667 [IPC Server listener on 0] INFO  ipc.Server (Server.java:run(1344)) - IPC Server listener on 0: starting
2021-12-08 16:22:20,695 [Listener at 0.0.0.0/43173] INFO  server.AuthenticationFilter (AuthenticationFilter.java:constructSecretProvider(240)) - Unable to initialize FileSignerSecretProvider, falling back to use random secrets.
2021-12-08 16:22:20,695 [org.apache.hadoop.util.JvmPauseMonitor$Monitor@172aa171] INFO  util.JvmPauseMonitor (JvmPauseMonitor.java:run(188)) - Starting JVM pause monitor
2021-12-08 16:22:20,715 [Listener at 0.0.0.0/43173] WARN  http.HttpRequestLog (HttpRequestLog.java:getRequestLog(103)) - Jetty request log can only be enabled using Log4j
2021-12-08 16:22:20,715 [Listener at 0.0.0.0/43173] INFO  http.HttpServer2 (HttpServer2.java:addGlobalFilter(1030)) - Added global filter 'safety' (class=org.apache.hadoop.hdds.server.http.HttpServer2$QuotingInputFilter)
2021-12-08 16:22:20,716 [Listener at 0.0.0.0/43173] INFO  http.HttpServer2 (HttpServer2.java:addFilter(1006)) - Added filter static_user_filter (class=org.apache.hadoop.http.lib.StaticUserWebFilter$StaticUserFilter) to context scm
2021-12-08 16:22:20,716 [Listener at 0.0.0.0/43173] INFO  http.HttpServer2 (HttpServer2.java:addFilter(1014)) - Added filter static_user_filter (class=org.apache.hadoop.http.lib.StaticUserWebFilter$StaticUserFilter) to context static
2021-12-08 16:22:20,716 [Listener at 0.0.0.0/43173] INFO  http.HttpServer2 (HttpServer2.java:addFilter(1014)) - Added filter static_user_filter (class=org.apache.hadoop.http.lib.StaticUserWebFilter$StaticUserFilter) to context logs
2021-12-08 16:22:20,717 [Listener at 0.0.0.0/43173] INFO  http.HttpServer2 (HttpServer2.java:bindListener(1249)) - Jetty bound to port 46781
2021-12-08 16:22:20,717 [Listener at 0.0.0.0/43173] INFO  server.Server (Server.java:doStart(375)) - jetty-9.4.43.v20210629; built: 2021-06-30T11:07:22.254Z; git: 526006ecfa3af7f1a27ef3a288e2bef7ea9dd7e8; jvm 1.8.0_292-b10
2021-12-08 16:22:20,799 [Listener at 0.0.0.0/43173] INFO  server.session (DefaultSessionIdManager.java:doStart(334)) - DefaultSessionIdManager workerName=node0
2021-12-08 16:22:20,800 [Listener at 0.0.0.0/43173] INFO  server.session (DefaultSessionIdManager.java:doStart(339)) - No SessionScavenger set, using defaults
2021-12-08 16:22:20,813 [Listener at 0.0.0.0/43173] INFO  server.session (HouseKeeper.java:startScavenging(132)) - node0 Scavenging every 660000ms
2021-12-08 16:22:20,833 [Listener at 0.0.0.0/43173] INFO  handler.ContextHandler (ContextHandler.java:doStart(915)) - Started o.e.j.s.ServletContextHandler@64b6ba7a{logs,/logs,file:///home/runner/work/ozone/ozone/hadoop-ozone/integration-test/target/log,AVAILABLE}
2021-12-08 16:22:20,833 [Listener at 0.0.0.0/43173] INFO  handler.ContextHandler (ContextHandler.java:doStart(915)) - Started o.e.j.s.ServletContextHandler@6cd2a401{static,/static,file:///home/runner/work/ozone/ozone/hadoop-ozone/integration-test/target/test-classes/webapps/static,AVAILABLE}
2021-12-08 16:22:20,862 [Listener at 0.0.0.0/43173] INFO  handler.ContextHandler (ContextHandler.java:doStart(915)) - Started o.e.j.w.WebAppContext@8f911ab{scm,/,file:///home/runner/work/ozone/ozone/hadoop-ozone/integration-test/target/test-classes/webapps/scm/,AVAILABLE}{file:/home/runner/work/ozone/ozone/hadoop-ozone/integration-test/target/test-classes/webapps/scm}
2021-12-08 16:22:20,868 [Listener at 0.0.0.0/43173] INFO  server.AbstractConnector (AbstractConnector.java:doStart(331)) - Started ServerConnector@46a2760a{HTTP/1.1, (http/1.1)}{0.0.0.0:46781}
2021-12-08 16:22:20,868 [Listener at 0.0.0.0/43173] INFO  server.Server (Server.java:doStart(415)) - Started @253072ms
2021-12-08 16:22:20,868 [Listener at 0.0.0.0/43173] WARN  impl.MetricsSystemImpl (MetricsSystemImpl.java:register(279)) - Sink prometheus already exists!
2021-12-08 16:22:20,869 [Listener at 0.0.0.0/43173] INFO  http.BaseHttpServer (BaseHttpServer.java:updateConnectorAddress(329)) - HTTP server of scm listening at http://0.0.0.0:46781
2021-12-08 16:22:20,869 [Listener at 0.0.0.0/43173] WARN  server.ServerUtils (ServerUtils.java:getDBPath(225)) - ozone.om.db.dirs is not configured. We recommend adding this setting. Falling back to ozone.metadata.dirs instead.
2021-12-08 16:22:20,870 [Listener at 0.0.0.0/43173] INFO  ha.OMHANodeDetails (OMHANodeDetails.java:loadOMHAConfig(112)) - ozone.om.internal.service.id is not defined, falling back to ozone.om.service.ids to find serviceID for OzoneManager if it is HA enabled cluster
2021-12-08 16:22:20,870 [Listener at 0.0.0.0/43173] INFO  ha.OMHANodeDetails (OMHANodeDetails.java:loadOMHAConfig(217)) - Configuration does not have ozone.om.address set. Falling back to the default OM address /127.0.0.1:0
2021-12-08 16:22:20,870 [Listener at 0.0.0.0/43173] INFO  ha.OMHANodeDetails (OMHANodeDetails.java:getOMNodeDetailsForNonHA(245)) - OM Service ID is not set. Setting it to the default ID: omServiceIdDefault
2021-12-08 16:22:20,870 [Listener at 0.0.0.0/43173] INFO  ha.OMHANodeDetails (OMHANodeDetails.java:getOMNodeDetailsForNonHA(252)) - OM Node ID is not set. Setting it to the default ID: om1
2021-12-08 16:22:20,871 [Listener at 0.0.0.0/43173] WARN  server.ServerUtils (ServerUtils.java:getDBPath(225)) - ozone.om.db.dirs is not configured. We recommend adding this setting. Falling back to ozone.metadata.dirs instead.
2021-12-08 16:22:20,871 [Listener at 0.0.0.0/43173] INFO  upgrade.AbstractLayoutVersionManager (AbstractLayoutVersionManager.java:init(79)) - Initializing Layout version manager with metadata layout = INITIAL_VERSION (version = 0), software layout = INITIAL_VERSION (version = 0)
2021-12-08 16:22:21,019 [Listener at 0.0.0.0/43173] INFO  reflections.Reflections (Reflections.java:scan(232)) - Reflections took 147 ms to scan 2 urls, producing 132 keys and 344 values [using 2 cores]
2021-12-08 16:22:21,019 [Listener at 0.0.0.0/43173] INFO  upgrade.OMLayoutVersionManager (OMLayoutVersionManager.java:lambda$0(115)) - Skipping Upgrade Action MockOmUpgradeAction since it has been finalized.
2021-12-08 16:22:21,019 [Listener at 0.0.0.0/43173] WARN  server.ServerUtils (ServerUtils.java:getDBPath(225)) - ozone.om.db.dirs is not configured. We recommend adding this setting. Falling back to ozone.metadata.dirs instead.
2021-12-08 16:22:21,057 [Listener at 0.0.0.0/43173] WARN  server.ServerUtils (ServerUtils.java:getDBPath(225)) - ozone.om.db.dirs is not configured. We recommend adding this setting. Falling back to ozone.metadata.dirs instead.
2021-12-08 16:22:21,057 [Listener at 0.0.0.0/43173] INFO  codec.OmKeyInfoCodec (OmKeyInfoCodec.java:<init>(50)) - OmKeyInfoCodec ignorePipeline = true
2021-12-08 16:22:21,057 [Listener at 0.0.0.0/43173] INFO  codec.RepeatedOmKeyInfoCodec (RepeatedOmKeyInfoCodec.java:<init>(42)) - RepeatedOmKeyInfoCodec ignorePipeline = true
2021-12-08 16:22:21,395 [Listener at 0.0.0.0/43173] INFO  om.OzoneManager (OzoneManager.java:addS3GVolumeToDB(3660)) - Created Volume s3v With Owner runner required for S3Gateway operations.
2021-12-08 16:22:21,408 [Listener at 0.0.0.0/43173] INFO  ipc.CallQueueManager (CallQueueManager.java:<init>(90)) - Using callQueue: class java.util.concurrent.LinkedBlockingQueue, queueCapacity: 2000, scheduler: class org.apache.hadoop.ipc.DefaultRpcScheduler, ipcBackoff: false.
2021-12-08 16:22:21,424 [Socket Reader #1 for port 0] INFO  ipc.Server (Server.java:run(1265)) - Starting Socket Reader #1 for port 0
2021-12-08 16:22:21,470 [Listener at 127.0.0.1/38865] INFO  impl.MetricsSystemImpl (MetricsSystemImpl.java:init(158)) - OzoneManager metrics system started (again)
2021-12-08 16:22:21,517 [Listener at 127.0.0.1/38865] INFO  om.OzoneManager (OzoneManager.java:start(1365)) - OzoneManager RPC server is listening at localhost/127.0.0.1:38865
2021-12-08 16:22:21,517 [Listener at 127.0.0.1/38865] INFO  om.OzoneManager (OzoneManager.java:start(1381)) - Version File has different layout version (0) than OM DB (null). That is expected if this OM has never been finalized to a newer layout version.
2021-12-08 16:22:21,519 [Listener at 127.0.0.1/38865] INFO  http.BaseHttpServer (BaseHttpServer.java:newHttpServer2BuilderForOzone(209)) - Starting Web-server for ozoneManager at: http://0.0.0.0:0
2021-12-08 16:22:21,519 [Listener at 127.0.0.1/38865] INFO  http.BaseHttpServer (BaseHttpServer.java:<init>(107)) - Hadoop Security Enabled: false Ozone Security Enabled: false Ozone HTTP Security Enabled: false 
2021-12-08 16:22:21,520 [Listener at 127.0.0.1/38865] INFO  server.AuthenticationFilter (AuthenticationFilter.java:constructSecretProvider(240)) - Unable to initialize FileSignerSecretProvider, falling back to use random secrets.
2021-12-08 16:22:21,532 [Listener at 127.0.0.1/38865] WARN  http.HttpRequestLog (HttpRequestLog.java:getRequestLog(103)) - Jetty request log can only be enabled using Log4j
2021-12-08 16:22:21,533 [Listener at 127.0.0.1/38865] INFO  http.HttpServer2 (HttpServer2.java:addGlobalFilter(1030)) - Added global filter 'safety' (class=org.apache.hadoop.hdds.server.http.HttpServer2$QuotingInputFilter)
2021-12-08 16:22:21,533 [Listener at 127.0.0.1/38865] INFO  http.HttpServer2 (HttpServer2.java:addFilter(1006)) - Added filter static_user_filter (class=org.apache.hadoop.http.lib.StaticUserWebFilter$StaticUserFilter) to context ozoneManager
2021-12-08 16:22:21,533 [Listener at 127.0.0.1/38865] INFO  http.HttpServer2 (HttpServer2.java:addFilter(1014)) - Added filter static_user_filter (class=org.apache.hadoop.http.lib.StaticUserWebFilter$StaticUserFilter) to context logs
2021-12-08 16:22:21,534 [Listener at 127.0.0.1/38865] INFO  http.HttpServer2 (HttpServer2.java:addFilter(1014)) - Added filter static_user_filter (class=org.apache.hadoop.http.lib.StaticUserWebFilter$StaticUserFilter) to context static
2021-12-08 16:22:21,534 [Listener at 127.0.0.1/38865] INFO  http.HttpServer2 (HttpServer2.java:bindListener(1249)) - Jetty bound to port 32865
2021-12-08 16:22:21,534 [Listener at 127.0.0.1/38865] INFO  server.Server (Server.java:doStart(375)) - jetty-9.4.43.v20210629; built: 2021-06-30T11:07:22.254Z; git: 526006ecfa3af7f1a27ef3a288e2bef7ea9dd7e8; jvm 1.8.0_292-b10
2021-12-08 16:22:21,537 [Listener at 127.0.0.1/38865] INFO  server.session (DefaultSessionIdManager.java:doStart(334)) - DefaultSessionIdManager workerName=node0
2021-12-08 16:22:21,537 [Listener at 127.0.0.1/38865] INFO  server.session (DefaultSessionIdManager.java:doStart(339)) - No SessionScavenger set, using defaults
2021-12-08 16:22:21,537 [Listener at 127.0.0.1/38865] INFO  server.session (HouseKeeper.java:startScavenging(132)) - node0 Scavenging every 600000ms
2021-12-08 16:22:21,538 [Listener at 127.0.0.1/38865] INFO  handler.ContextHandler (ContextHandler.java:doStart(915)) - Started o.e.j.s.ServletContextHandler@14616362{logs,/logs,file:///home/runner/work/ozone/ozone/hadoop-ozone/integration-test/target/log,AVAILABLE}
2021-12-08 16:22:21,539 [Listener at 127.0.0.1/38865] INFO  handler.ContextHandler (ContextHandler.java:doStart(915)) - Started o.e.j.s.ServletContextHandler@7fd7bf93{static,/static,file:///home/runner/work/ozone/ozone/hadoop-ozone/integration-test/target/test-classes/webapps/static,AVAILABLE}
2021-12-08 16:22:21,583 [Listener at 127.0.0.1/38865] INFO  handler.ContextHandler (ContextHandler.java:doStart(915)) - Started o.e.j.w.WebAppContext@62989583{ozoneManager,/,file:///home/runner/work/ozone/ozone/hadoop-ozone/integration-test/target/test-classes/webapps/ozoneManager/,AVAILABLE}{file:/home/runner/work/ozone/ozone/hadoop-ozone/integration-test/target/test-classes/webapps/ozoneManager}
2021-12-08 16:22:21,584 [Listener at 127.0.0.1/38865] INFO  server.AbstractConnector (AbstractConnector.java:doStart(331)) - Started ServerConnector@79d0d204{HTTP/1.1, (http/1.1)}{0.0.0.0:32865}
2021-12-08 16:22:21,584 [Listener at 127.0.0.1/38865] INFO  server.Server (Server.java:doStart(415)) - Started @253789ms
2021-12-08 16:22:21,584 [Listener at 127.0.0.1/38865] WARN  impl.MetricsSystemImpl (MetricsSystemImpl.java:register(279)) - Sink prometheus already exists!
2021-12-08 16:22:21,590 [Listener at 127.0.0.1/38865] INFO  http.BaseHttpServer (BaseHttpServer.java:updateConnectorAddress(329)) - HTTP server of ozoneManager listening at http://0.0.0.0:32865
2021-12-08 16:22:21,599 [IPC Server Responder] INFO  ipc.Server (Server.java:run(1507)) - IPC Server Responder: starting
2021-12-08 16:22:21,599 [IPC Server listener on 0] INFO  ipc.Server (Server.java:run(1344)) - IPC Server listener on 0: starting
2021-12-08 16:22:21,612 [Listener at 127.0.0.1/38865] INFO  om.TrashPolicyOzone (TrashPolicyOzone.java:<init>(178)) - Ozone Manager trash configuration: Deletion interval = 0 minutes, Emptier interval = 0 minutes.
2021-12-08 16:22:21,683 [org.apache.hadoop.util.JvmPauseMonitor$Monitor@22aa6b3b] INFO  util.JvmPauseMonitor (JvmPauseMonitor.java:run(188)) - Starting JVM pause monitor
2021-12-08 16:22:21,693 [Listener at 127.0.0.1/38865] INFO  impl.MetricsSystemImpl (MetricsSystemImpl.java:init(158)) - HddsDatanode metrics system started (again)
2021-12-08 16:22:21,734 [Listener at 127.0.0.1/38865] INFO  ozone.HddsDatanodeService (HddsDatanodeService.java:start(234)) - HddsDatanodeService host:fv-az59-681.csjynl4pkq3e1pkirw3ssqjfoh.cx.internal.cloudapp.net ip:10.1.0.47
2021-12-08 16:22:21,783 [Listener at 127.0.0.1/38865] INFO  upgrade.AbstractLayoutVersionManager (AbstractLayoutVersionManager.java:init(79)) - Initializing Layout version manager with metadata layout = SCM_HA (version = 2), software layout = SCM_HA (version = 2)
2021-12-08 16:22:21,856 [Listener at 127.0.0.1/38865] INFO  reflections.Reflections (Reflections.java:scan(232)) - Reflections took 72 ms to scan 7 urls, producing 119 keys and 279 values 
2021-12-08 16:22:21,857 [Listener at 127.0.0.1/38865] INFO  statemachine.DatanodeStateMachine (DatanodeStateMachine.java:getEndPointTaskThreadPoolSize(219)) - Datanode State Machine Task Thread Pool size 2
2021-12-08 16:22:21,858 [Listener at 127.0.0.1/38865] INFO  volume.HddsVolume (HddsVolume.java:<init>(120)) - Creating HddsVolume: /home/runner/work/ozone/ozone/hadoop-ozone/integration-test/target/test-dir/MiniOzoneClusterImpl-8a14d41c-4846-44e3-adb6-ff9e2c85b320/datanode-0/data-0/containers/hdds of storage type : DISK capacity : 9223372036854775807
2021-12-08 16:22:21,858 [Listener at 127.0.0.1/38865] INFO  volume.MutableVolumeSet (MutableVolumeSet.java:initializeVolumeSet(168)) - Added Volume : /home/runner/work/ozone/ozone/hadoop-ozone/integration-test/target/test-dir/MiniOzoneClusterImpl-8a14d41c-4846-44e3-adb6-ff9e2c85b320/datanode-0/data-0/containers/hdds to VolumeSet
2021-12-08 16:22:21,859 [Listener at 127.0.0.1/38865] INFO  volume.ThrottledAsyncChecker (ThrottledAsyncChecker.java:schedule(141)) - Scheduling a check for /home/runner/work/ozone/ozone/hadoop-ozone/integration-test/target/test-dir/MiniOzoneClusterImpl-8a14d41c-4846-44e3-adb6-ff9e2c85b320/datanode-0/data-0/containers/hdds
2021-12-08 16:22:21,859 [Listener at 127.0.0.1/38865] INFO  volume.StorageVolumeChecker (StorageVolumeChecker.java:checkAllVolumes(202)) - Scheduled health check for volume /home/runner/work/ozone/ozone/hadoop-ozone/integration-test/target/test-dir/MiniOzoneClusterImpl-8a14d41c-4846-44e3-adb6-ff9e2c85b320/datanode-0/data-0/containers/hdds
2021-12-08 16:22:21,900 [Listener at 127.0.0.1/38865] INFO  volume.MutableVolumeSet (MutableVolumeSet.java:initializeVolumeSet(168)) - Added Volume : /home/runner/work/ozone/ozone/hadoop-ozone/integration-test/target/test-dir/MiniOzoneClusterImpl-8a14d41c-4846-44e3-adb6-ff9e2c85b320/datanode-0/data/ratis to VolumeSet
2021-12-08 16:22:21,900 [Listener at 127.0.0.1/38865] INFO  volume.ThrottledAsyncChecker (ThrottledAsyncChecker.java:schedule(141)) - Scheduling a check for /home/runner/work/ozone/ozone/hadoop-ozone/integration-test/target/test-dir/MiniOzoneClusterImpl-8a14d41c-4846-44e3-adb6-ff9e2c85b320/datanode-0/data/ratis
2021-12-08 16:22:21,900 [Listener at 127.0.0.1/38865] INFO  volume.StorageVolumeChecker (StorageVolumeChecker.java:checkAllVolumes(202)) - Scheduled health check for volume /home/runner/work/ozone/ozone/hadoop-ozone/integration-test/target/test-dir/MiniOzoneClusterImpl-8a14d41c-4846-44e3-adb6-ff9e2c85b320/datanode-0/data/ratis
2021-12-08 16:22:21,956 [Thread-1700] INFO  ozoneimpl.ContainerReader (ContainerReader.java:readVolume(172)) - Finish verifying containers on volume /home/runner/work/ozone/ozone/hadoop-ozone/integration-test/target/test-dir/MiniOzoneClusterImpl-8a14d41c-4846-44e3-adb6-ff9e2c85b320/datanode-0/data-0/containers/hdds
2021-12-08 16:22:21,956 [Listener at 127.0.0.1/38865] INFO  ozoneimpl.OzoneContainer (OzoneContainer.java:buildContainerSet(236)) - Build ContainerSet costs 0s
2021-12-08 16:22:21,957 [Listener at 127.0.0.1/38865] INFO  server.RaftServer (ConfUtils.java:logGet(44)) - raft.rpc.type = GRPC (default)
2021-12-08 16:22:21,958 [Listener at 127.0.0.1/38865] INFO  grpc.GrpcFactory (GrpcFactory.java:checkPooledByteBufAllocatorUseCacheForAllThreads(48)) - PERFORMANCE WARNING: useCacheForAllThreads is true that may cause Netty to create a lot garbage objects and, as a result, trigger GC.
	It is recommended to disable useCacheForAllThreads by setting -Dorg.apache.ratis.thirdparty.io.netty.allocator.useCacheForAllThreads=false in command line.
2021-12-08 16:22:21,958 [Listener at 127.0.0.1/38865] INFO  grpc.GrpcConfigKeys (ConfUtils.java:logGet(44)) - raft.grpc.admin.port = 0 (custom)
2021-12-08 16:22:21,958 [Listener at 127.0.0.1/38865] INFO  grpc.GrpcConfigKeys (ConfUtils.java:logGet(44)) - raft.grpc.client.port = 0 (custom)
2021-12-08 16:22:21,958 [Listener at 127.0.0.1/38865] INFO  grpc.GrpcConfigKeys (ConfUtils.java:logGet(44)) - raft.grpc.server.port = 0 (default)
2021-12-08 16:22:21,958 [Listener at 127.0.0.1/38865] INFO  server.GrpcService (ConfUtils.java:logGet(44)) - raft.grpc.message.size.max = 32MB (=33554432) (custom)
2021-12-08 16:22:21,958 [Listener at 127.0.0.1/38865] INFO  server.RaftServerConfigKeys (ConfUtils.java:logGet(44)) - raft.server.log.appender.buffer.byte-limit = 33554432 (custom)
2021-12-08 16:22:21,958 [Listener at 127.0.0.1/38865] INFO  server.GrpcService (ConfUtils.java:logGet(44)) - raft.grpc.flow.control.window = 5MB (=5242880) (custom)
2021-12-08 16:22:21,958 [Listener at 127.0.0.1/38865] INFO  server.RaftServerConfigKeys (ConfUtils.java:logGet(44)) - raft.server.rpc.request.timeout = 60s (custom)
2021-12-08 16:22:21,959 [Listener at 127.0.0.1/38865] INFO  impl.DataStreamServerImpl (ConfUtils.java:logGet(44)) - raft.datastream.type = DISABLED (default)
2021-12-08 16:22:21,960 [Listener at 127.0.0.1/38865] INFO  server.RaftServerConfigKeys (ConfUtils.java:logGet(44)) - raft.server.rpc.slowness.timeout = 300s (custom)
2021-12-08 16:22:21,960 [Listener at 127.0.0.1/38865] INFO  server.RaftServerConfigKeys (ConfUtils.java:logGet(44)) - raft.server.leaderelection.leader.step-down.wait-time = 10s (default)
2021-12-08 16:22:21,960 [Listener at 127.0.0.1/38865] INFO  server.RaftServerConfigKeys (ConfUtils.java:logGet(44)) - raft.server.storage.dir = [/home/runner/work/ozone/ozone/hadoop-ozone/integration-test/target/test-dir/MiniOzoneClusterImpl-8a14d41c-4846-44e3-adb6-ff9e2c85b320/datanode-0/data/ratis] (custom)
2021-12-08 16:22:21,961 [Listener at 127.0.0.1/38865] INFO  server.XceiverServerGrpc (XceiverServerGrpc.java:<init>(132)) - GrpcServer channel type EpollServerSocketChannel
2021-12-08 16:22:21,964 [Listener at 127.0.0.1/38865] INFO  http.BaseHttpServer (BaseHttpServer.java:newHttpServer2BuilderForOzone(209)) - Starting Web-server for hddsDatanode at: http://0.0.0.0:0
2021-12-08 16:22:21,964 [Listener at 127.0.0.1/38865] INFO  http.BaseHttpServer (BaseHttpServer.java:<init>(107)) - Hadoop Security Enabled: false Ozone Security Enabled: false Ozone HTTP Security Enabled: false 
2021-12-08 16:22:21,964 [Listener at 127.0.0.1/38865] INFO  server.AuthenticationFilter (AuthenticationFilter.java:constructSecretProvider(240)) - Unable to initialize FileSignerSecretProvider, falling back to use random secrets.
2021-12-08 16:22:21,965 [Listener at 127.0.0.1/38865] WARN  http.HttpRequestLog (HttpRequestLog.java:getRequestLog(103)) - Jetty request log can only be enabled using Log4j
2021-12-08 16:22:21,965 [Listener at 127.0.0.1/38865] INFO  http.HttpServer2 (HttpServer2.java:addGlobalFilter(1030)) - Added global filter 'safety' (class=org.apache.hadoop.hdds.server.http.HttpServer2$QuotingInputFilter)
2021-12-08 16:22:21,966 [Listener at 127.0.0.1/38865] INFO  http.HttpServer2 (HttpServer2.java:addFilter(1006)) - Added filter static_user_filter (class=org.apache.hadoop.http.lib.StaticUserWebFilter$StaticUserFilter) to context hddsDatanode
2021-12-08 16:22:21,966 [Listener at 127.0.0.1/38865] INFO  http.HttpServer2 (HttpServer2.java:addFilter(1014)) - Added filter static_user_filter (class=org.apache.hadoop.http.lib.StaticUserWebFilter$StaticUserFilter) to context static
2021-12-08 16:22:21,966 [Listener at 127.0.0.1/38865] INFO  http.HttpServer2 (HttpServer2.java:addFilter(1014)) - Added filter static_user_filter (class=org.apache.hadoop.http.lib.StaticUserWebFilter$StaticUserFilter) to context logs
2021-12-08 16:22:21,966 [Listener at 127.0.0.1/38865] INFO  http.HttpServer2 (HttpServer2.java:bindListener(1249)) - Jetty bound to port 41293
2021-12-08 16:22:21,966 [Listener at 127.0.0.1/38865] INFO  server.Server (Server.java:doStart(375)) - jetty-9.4.43.v20210629; built: 2021-06-30T11:07:22.254Z; git: 526006ecfa3af7f1a27ef3a288e2bef7ea9dd7e8; jvm 1.8.0_292-b10
2021-12-08 16:22:21,968 [Listener at 127.0.0.1/38865] INFO  server.session (DefaultSessionIdManager.java:doStart(334)) - DefaultSessionIdManager workerName=node0
2021-12-08 16:22:21,968 [Listener at 127.0.0.1/38865] INFO  server.session (DefaultSessionIdManager.java:doStart(339)) - No SessionScavenger set, using defaults
2021-12-08 16:22:21,968 [Listener at 127.0.0.1/38865] INFO  server.session (HouseKeeper.java:startScavenging(132)) - node0 Scavenging every 660000ms
2021-12-08 16:22:21,968 [Listener at 127.0.0.1/38865] INFO  handler.ContextHandler (ContextHandler.java:doStart(915)) - Started o.e.j.s.ServletContextHandler@1e4ee672{logs,/logs,file:///home/runner/work/ozone/ozone/hadoop-ozone/integration-test/target/log,AVAILABLE}
2021-12-08 16:22:21,969 [Listener at 127.0.0.1/38865] INFO  handler.ContextHandler (ContextHandler.java:doStart(915)) - Started o.e.j.s.ServletContextHandler@71ff6f39{static,/static,jar:file:/home/runner/.m2/repository/org/apache/ozone/hdds-container-service/1.3.0-SNAPSHOT/hdds-container-service-1.3.0-SNAPSHOT.jar!/webapps/static,AVAILABLE}
2021-12-08 16:22:22,071 [Listener at 127.0.0.1/38865] INFO  handler.ContextHandler (ContextHandler.java:doStart(915)) - Started o.e.j.w.WebAppContext@1f811284{hddsDatanode,/,file:///tmp/jetty-0_0_0_0-41293-hdds-container-service-1_3_0-SNAPSHOT_jar-_-any-4150690643648994510/webapp/,AVAILABLE}{jar:file:/home/runner/.m2/repository/org/apache/ozone/hdds-container-service/1.3.0-SNAPSHOT/hdds-container-service-1.3.0-SNAPSHOT.jar!/webapps/hddsDatanode}
2021-12-08 16:22:22,075 [Listener at 127.0.0.1/38865] INFO  server.AbstractConnector (AbstractConnector.java:doStart(331)) - Started ServerConnector@4ef0df44{HTTP/1.1, (http/1.1)}{0.0.0.0:41293}
2021-12-08 16:22:22,084 [Listener at 127.0.0.1/38865] INFO  server.Server (Server.java:doStart(415)) - Started @254288ms
2021-12-08 16:22:22,084 [Listener at 127.0.0.1/38865] WARN  impl.MetricsSystemImpl (MetricsSystemImpl.java:register(279)) - Sink prometheus already exists!
2021-12-08 16:22:22,085 [Listener at 127.0.0.1/38865] INFO  http.BaseHttpServer (BaseHttpServer.java:updateConnectorAddress(329)) - HTTP server of hddsDatanode listening at http://0.0.0.0:41293
2021-12-08 16:22:22,104 [Listener at 127.0.0.1/38865] INFO  impl.MetricsSystemImpl (MetricsSystemImpl.java:init(158)) - HddsDatanode metrics system started (again)
2021-12-08 16:22:22,115 [Datanode State Machine Daemon Thread] INFO  statemachine.DatanodeStateMachine (DatanodeStateMachine.java:lambda$startDaemon$0(467)) - Ozone container server started.
2021-12-08 16:22:22,139 [org.apache.hadoop.util.JvmPauseMonitor$Monitor@2aa66173] INFO  util.JvmPauseMonitor (JvmPauseMonitor.java:run(188)) - Starting JVM pause monitor
2021-12-08 16:22:22,144 [Listener at 127.0.0.1/38865] INFO  ozone.HddsDatanodeService (HddsDatanodeService.java:start(234)) - HddsDatanodeService host:fv-az59-681.csjynl4pkq3e1pkirw3ssqjfoh.cx.internal.cloudapp.net ip:10.1.0.47
2021-12-08 16:22:22,161 [Datanode State Machine Task Thread - 0] INFO  datanode.InitDatanodeState (InitDatanodeState.java:persistContainerDatanodeDetails(145)) - DatanodeDetails is persisted to /home/runner/work/ozone/ozone/hadoop-ozone/integration-test/target/test-dir/MiniOzoneClusterImpl-8a14d41c-4846-44e3-adb6-ff9e2c85b320/datanode-0/meta/datanode.id
2021-12-08 16:22:22,206 [Listener at 127.0.0.1/38865] INFO  upgrade.AbstractLayoutVersionManager (AbstractLayoutVersionManager.java:init(79)) - Initializing Layout version manager with metadata layout = SCM_HA (version = 2), software layout = SCM_HA (version = 2)
2021-12-08 16:22:22,311 [Listener at 127.0.0.1/38865] INFO  reflections.Reflections (Reflections.java:scan(232)) - Reflections took 104 ms to scan 7 urls, producing 119 keys and 279 values 
2021-12-08 16:22:22,315 [Listener at 127.0.0.1/38865] INFO  statemachine.DatanodeStateMachine (DatanodeStateMachine.java:getEndPointTaskThreadPoolSize(219)) - Datanode State Machine Task Thread Pool size 2
2021-12-08 16:22:22,316 [Listener at 127.0.0.1/38865] INFO  volume.HddsVolume (HddsVolume.java:<init>(120)) - Creating HddsVolume: /home/runner/work/ozone/ozone/hadoop-ozone/integration-test/target/test-dir/MiniOzoneClusterImpl-8a14d41c-4846-44e3-adb6-ff9e2c85b320/datanode-1/data-0/containers/hdds of storage type : DISK capacity : 9223372036854775807
2021-12-08 16:22:22,316 [Listener at 127.0.0.1/38865] INFO  volume.MutableVolumeSet (MutableVolumeSet.java:initializeVolumeSet(168)) - Added Volume : /home/runner/work/ozone/ozone/hadoop-ozone/integration-test/target/test-dir/MiniOzoneClusterImpl-8a14d41c-4846-44e3-adb6-ff9e2c85b320/datanode-1/data-0/containers/hdds to VolumeSet
2021-12-08 16:22:22,316 [Listener at 127.0.0.1/38865] INFO  volume.ThrottledAsyncChecker (ThrottledAsyncChecker.java:schedule(141)) - Scheduling a check for /home/runner/work/ozone/ozone/hadoop-ozone/integration-test/target/test-dir/MiniOzoneClusterImpl-8a14d41c-4846-44e3-adb6-ff9e2c85b320/datanode-1/data-0/containers/hdds
2021-12-08 16:22:22,317 [Listener at 127.0.0.1/38865] INFO  volume.StorageVolumeChecker (StorageVolumeChecker.java:checkAllVolumes(202)) - Scheduled health check for volume /home/runner/work/ozone/ozone/hadoop-ozone/integration-test/target/test-dir/MiniOzoneClusterImpl-8a14d41c-4846-44e3-adb6-ff9e2c85b320/datanode-1/data-0/containers/hdds
2021-12-08 16:22:22,330 [Listener at 127.0.0.1/38865] INFO  volume.MutableVolumeSet (MutableVolumeSet.java:initializeVolumeSet(168)) - Added Volume : /home/runner/work/ozone/ozone/hadoop-ozone/integration-test/target/test-dir/MiniOzoneClusterImpl-8a14d41c-4846-44e3-adb6-ff9e2c85b320/datanode-1/data/ratis to VolumeSet
2021-12-08 16:22:22,330 [Listener at 127.0.0.1/38865] INFO  volume.ThrottledAsyncChecker (ThrottledAsyncChecker.java:schedule(141)) - Scheduling a check for /home/runner/work/ozone/ozone/hadoop-ozone/integration-test/target/test-dir/MiniOzoneClusterImpl-8a14d41c-4846-44e3-adb6-ff9e2c85b320/datanode-1/data/ratis
2021-12-08 16:22:22,330 [Listener at 127.0.0.1/38865] INFO  volume.StorageVolumeChecker (StorageVolumeChecker.java:checkAllVolumes(202)) - Scheduled health check for volume /home/runner/work/ozone/ozone/hadoop-ozone/integration-test/target/test-dir/MiniOzoneClusterImpl-8a14d41c-4846-44e3-adb6-ff9e2c85b320/datanode-1/data/ratis
2021-12-08 16:22:22,358 [Thread-1712] INFO  ozoneimpl.ContainerReader (ContainerReader.java:readVolume(172)) - Finish verifying containers on volume /home/runner/work/ozone/ozone/hadoop-ozone/integration-test/target/test-dir/MiniOzoneClusterImpl-8a14d41c-4846-44e3-adb6-ff9e2c85b320/datanode-1/data-0/containers/hdds
2021-12-08 16:22:22,367 [Listener at 127.0.0.1/38865] INFO  ozoneimpl.OzoneContainer (OzoneContainer.java:buildContainerSet(236)) - Build ContainerSet costs 0s
2021-12-08 16:22:22,368 [Listener at 127.0.0.1/38865] INFO  server.RaftServer (ConfUtils.java:logGet(44)) - raft.rpc.type = GRPC (default)
2021-12-08 16:22:22,368 [Listener at 127.0.0.1/38865] INFO  grpc.GrpcFactory (GrpcFactory.java:checkPooledByteBufAllocatorUseCacheForAllThreads(48)) - PERFORMANCE WARNING: useCacheForAllThreads is true that may cause Netty to create a lot garbage objects and, as a result, trigger GC.
	It is recommended to disable useCacheForAllThreads by setting -Dorg.apache.ratis.thirdparty.io.netty.allocator.useCacheForAllThreads=false in command line.
2021-12-08 16:22:22,368 [Listener at 127.0.0.1/38865] INFO  grpc.GrpcConfigKeys (ConfUtils.java:logGet(44)) - raft.grpc.admin.port = 0 (custom)
2021-12-08 16:22:22,368 [Listener at 127.0.0.1/38865] INFO  grpc.GrpcConfigKeys (ConfUtils.java:logGet(44)) - raft.grpc.client.port = 0 (custom)
2021-12-08 16:22:22,368 [Listener at 127.0.0.1/38865] INFO  grpc.GrpcConfigKeys (ConfUtils.java:logGet(44)) - raft.grpc.server.port = 0 (default)
2021-12-08 16:22:22,368 [Listener at 127.0.0.1/38865] INFO  server.GrpcService (ConfUtils.java:logGet(44)) - raft.grpc.message.size.max = 32MB (=33554432) (custom)
2021-12-08 16:22:22,369 [Listener at 127.0.0.1/38865] INFO  server.RaftServerConfigKeys (ConfUtils.java:logGet(44)) - raft.server.log.appender.buffer.byte-limit = 33554432 (custom)
2021-12-08 16:22:22,369 [Listener at 127.0.0.1/38865] INFO  server.GrpcService (ConfUtils.java:logGet(44)) - raft.grpc.flow.control.window = 5MB (=5242880) (custom)
2021-12-08 16:22:22,369 [Listener at 127.0.0.1/38865] INFO  server.RaftServerConfigKeys (ConfUtils.java:logGet(44)) - raft.server.rpc.request.timeout = 60s (custom)
2021-12-08 16:22:22,370 [Listener at 127.0.0.1/38865] INFO  impl.DataStreamServerImpl (ConfUtils.java:logGet(44)) - raft.datastream.type = DISABLED (default)
2021-12-08 16:22:22,370 [Listener at 127.0.0.1/38865] INFO  server.RaftServerConfigKeys (ConfUtils.java:logGet(44)) - raft.server.rpc.slowness.timeout = 300s (custom)
2021-12-08 16:22:22,370 [Listener at 127.0.0.1/38865] INFO  server.RaftServerConfigKeys (ConfUtils.java:logGet(44)) - raft.server.leaderelection.leader.step-down.wait-time = 10s (default)
2021-12-08 16:22:22,370 [Listener at 127.0.0.1/38865] INFO  server.RaftServerConfigKeys (ConfUtils.java:logGet(44)) - raft.server.storage.dir = [/home/runner/work/ozone/ozone/hadoop-ozone/integration-test/target/test-dir/MiniOzoneClusterImpl-8a14d41c-4846-44e3-adb6-ff9e2c85b320/datanode-1/data/ratis] (custom)
2021-12-08 16:22:22,373 [Listener at 127.0.0.1/38865] INFO  server.XceiverServerGrpc (XceiverServerGrpc.java:<init>(132)) - GrpcServer channel type EpollServerSocketChannel
2021-12-08 16:22:22,391 [Listener at 127.0.0.1/38865] INFO  http.BaseHttpServer (BaseHttpServer.java:newHttpServer2BuilderForOzone(209)) - Starting Web-server for hddsDatanode at: http://0.0.0.0:0
2021-12-08 16:22:22,391 [Listener at 127.0.0.1/38865] INFO  http.BaseHttpServer (BaseHttpServer.java:<init>(107)) - Hadoop Security Enabled: false Ozone Security Enabled: false Ozone HTTP Security Enabled: false 
2021-12-08 16:22:22,392 [Listener at 127.0.0.1/38865] INFO  server.AuthenticationFilter (AuthenticationFilter.java:constructSecretProvider(240)) - Unable to initialize FileSignerSecretProvider, falling back to use random secrets.
2021-12-08 16:22:22,403 [Listener at 127.0.0.1/38865] WARN  http.HttpRequestLog (HttpRequestLog.java:getRequestLog(103)) - Jetty request log can only be enabled using Log4j
2021-12-08 16:22:22,403 [Listener at 127.0.0.1/38865] INFO  http.HttpServer2 (HttpServer2.java:addGlobalFilter(1030)) - Added global filter 'safety' (class=org.apache.hadoop.hdds.server.http.HttpServer2$QuotingInputFilter)
2021-12-08 16:22:22,404 [Listener at 127.0.0.1/38865] INFO  http.HttpServer2 (HttpServer2.java:addFilter(1006)) - Added filter static_user_filter (class=org.apache.hadoop.http.lib.StaticUserWebFilter$StaticUserFilter) to context hddsDatanode
2021-12-08 16:22:22,404 [Listener at 127.0.0.1/38865] INFO  http.HttpServer2 (HttpServer2.java:addFilter(1014)) - Added filter static_user_filter (class=org.apache.hadoop.http.lib.StaticUserWebFilter$StaticUserFilter) to context logs
2021-12-08 16:22:22,404 [Listener at 127.0.0.1/38865] INFO  http.HttpServer2 (HttpServer2.java:addFilter(1014)) - Added filter static_user_filter (class=org.apache.hadoop.http.lib.StaticUserWebFilter$StaticUserFilter) to context static
2021-12-08 16:22:22,404 [Listener at 127.0.0.1/38865] INFO  http.HttpServer2 (HttpServer2.java:bindListener(1249)) - Jetty bound to port 33429
2021-12-08 16:22:22,405 [Listener at 127.0.0.1/38865] INFO  server.Server (Server.java:doStart(375)) - jetty-9.4.43.v20210629; built: 2021-06-30T11:07:22.254Z; git: 526006ecfa3af7f1a27ef3a288e2bef7ea9dd7e8; jvm 1.8.0_292-b10
2021-12-08 16:22:22,468 [Listener at 127.0.0.1/38865] INFO  server.session (DefaultSessionIdManager.java:doStart(334)) - DefaultSessionIdManager workerName=node0
2021-12-08 16:22:22,468 [Listener at 127.0.0.1/38865] INFO  server.session (DefaultSessionIdManager.java:doStart(339)) - No SessionScavenger set, using defaults
2021-12-08 16:22:22,468 [Listener at 127.0.0.1/38865] INFO  server.session (HouseKeeper.java:startScavenging(132)) - node0 Scavenging every 660000ms
2021-12-08 16:22:22,475 [Listener at 127.0.0.1/38865] INFO  handler.ContextHandler (ContextHandler.java:doStart(915)) - Started o.e.j.s.ServletContextHandler@fc98772{logs,/logs,file:///home/runner/work/ozone/ozone/hadoop-ozone/integration-test/target/log,AVAILABLE}
2021-12-08 16:22:22,475 [Listener at 127.0.0.1/38865] INFO  handler.ContextHandler (ContextHandler.java:doStart(915)) - Started o.e.j.s.ServletContextHandler@7d0ddcf0{static,/static,jar:file:/home/runner/.m2/repository/org/apache/ozone/hdds-container-service/1.3.0-SNAPSHOT/hdds-container-service-1.3.0-SNAPSHOT.jar!/webapps/static,AVAILABLE}
2021-12-08 16:22:22,681 [Listener at 127.0.0.1/38865] INFO  handler.ContextHandler (ContextHandler.java:doStart(915)) - Started o.e.j.w.WebAppContext@1eb7de01{hddsDatanode,/,file:///tmp/jetty-0_0_0_0-33429-hdds-container-service-1_3_0-SNAPSHOT_jar-_-any-624462964814763813/webapp/,AVAILABLE}{jar:file:/home/runner/.m2/repository/org/apache/ozone/hdds-container-service/1.3.0-SNAPSHOT/hdds-container-service-1.3.0-SNAPSHOT.jar!/webapps/hddsDatanode}
2021-12-08 16:22:22,691 [Listener at 127.0.0.1/38865] INFO  server.AbstractConnector (AbstractConnector.java:doStart(331)) - Started ServerConnector@2b13fc09{HTTP/1.1, (http/1.1)}{0.0.0.0:33429}
2021-12-08 16:22:22,691 [Listener at 127.0.0.1/38865] INFO  server.Server (Server.java:doStart(415)) - Started @254895ms
2021-12-08 16:22:22,691 [Listener at 127.0.0.1/38865] WARN  impl.MetricsSystemImpl (MetricsSystemImpl.java:register(279)) - Sink prometheus already exists!
2021-12-08 16:22:22,692 [Listener at 127.0.0.1/38865] INFO  http.BaseHttpServer (BaseHttpServer.java:updateConnectorAddress(329)) - HTTP server of hddsDatanode listening at http://0.0.0.0:33429
2021-12-08 16:22:22,697 [Listener at 127.0.0.1/38865] INFO  impl.MetricsSystemImpl (MetricsSystemImpl.java:init(158)) - HddsDatanode metrics system started (again)
2021-12-08 16:22:22,735 [Datanode State Machine Daemon Thread] INFO  statemachine.DatanodeStateMachine (DatanodeStateMachine.java:lambda$startDaemon$0(467)) - Ozone container server started.
2021-12-08 16:22:22,746 [Listener at 127.0.0.1/38865] INFO  ozone.HddsDatanodeService (HddsDatanodeService.java:start(234)) - HddsDatanodeService host:fv-az59-681.csjynl4pkq3e1pkirw3ssqjfoh.cx.internal.cloudapp.net ip:10.1.0.47
2021-12-08 16:22:22,776 [org.apache.hadoop.util.JvmPauseMonitor$Monitor@4884f97d] INFO  util.JvmPauseMonitor (JvmPauseMonitor.java:run(188)) - Starting JVM pause monitor
2021-12-08 16:22:22,781 [Listener at 127.0.0.1/38865] INFO  upgrade.AbstractLayoutVersionManager (AbstractLayoutVersionManager.java:init(79)) - Initializing Layout version manager with metadata layout = SCM_HA (version = 2), software layout = SCM_HA (version = 2)
2021-12-08 16:22:22,813 [Datanode State Machine Task Thread - 0] INFO  datanode.InitDatanodeState (InitDatanodeState.java:persistContainerDatanodeDetails(145)) - DatanodeDetails is persisted to /home/runner/work/ozone/ozone/hadoop-ozone/integration-test/target/test-dir/MiniOzoneClusterImpl-8a14d41c-4846-44e3-adb6-ff9e2c85b320/datanode-1/meta/datanode.id
2021-12-08 16:22:22,954 [Listener at 127.0.0.1/38865] INFO  reflections.Reflections (Reflections.java:scan(232)) - Reflections took 172 ms to scan 7 urls, producing 119 keys and 279 values 
2021-12-08 16:22:22,984 [Listener at 127.0.0.1/38865] INFO  statemachine.DatanodeStateMachine (DatanodeStateMachine.java:getEndPointTaskThreadPoolSize(219)) - Datanode State Machine Task Thread Pool size 2
2021-12-08 16:22:22,985 [Listener at 127.0.0.1/38865] INFO  volume.HddsVolume (HddsVolume.java:<init>(120)) - Creating HddsVolume: /home/runner/work/ozone/ozone/hadoop-ozone/integration-test/target/test-dir/MiniOzoneClusterImpl-8a14d41c-4846-44e3-adb6-ff9e2c85b320/datanode-2/data-0/containers/hdds of storage type : DISK capacity : 9223372036854775807
2021-12-08 16:22:22,985 [Listener at 127.0.0.1/38865] INFO  volume.MutableVolumeSet (MutableVolumeSet.java:initializeVolumeSet(168)) - Added Volume : /home/runner/work/ozone/ozone/hadoop-ozone/integration-test/target/test-dir/MiniOzoneClusterImpl-8a14d41c-4846-44e3-adb6-ff9e2c85b320/datanode-2/data-0/containers/hdds to VolumeSet
2021-12-08 16:22:22,985 [Listener at 127.0.0.1/38865] INFO  volume.ThrottledAsyncChecker (ThrottledAsyncChecker.java:schedule(141)) - Scheduling a check for /home/runner/work/ozone/ozone/hadoop-ozone/integration-test/target/test-dir/MiniOzoneClusterImpl-8a14d41c-4846-44e3-adb6-ff9e2c85b320/datanode-2/data-0/containers/hdds
2021-12-08 16:22:22,986 [Listener at 127.0.0.1/38865] INFO  volume.StorageVolumeChecker (StorageVolumeChecker.java:checkAllVolumes(202)) - Scheduled health check for volume /home/runner/work/ozone/ozone/hadoop-ozone/integration-test/target/test-dir/MiniOzoneClusterImpl-8a14d41c-4846-44e3-adb6-ff9e2c85b320/datanode-2/data-0/containers/hdds
2021-12-08 16:22:23,020 [Listener at 127.0.0.1/38865] INFO  volume.MutableVolumeSet (MutableVolumeSet.java:initializeVolumeSet(168)) - Added Volume : /home/runner/work/ozone/ozone/hadoop-ozone/integration-test/target/test-dir/MiniOzoneClusterImpl-8a14d41c-4846-44e3-adb6-ff9e2c85b320/datanode-2/data/ratis to VolumeSet
2021-12-08 16:22:23,021 [Listener at 127.0.0.1/38865] INFO  volume.ThrottledAsyncChecker (ThrottledAsyncChecker.java:schedule(141)) - Scheduling a check for /home/runner/work/ozone/ozone/hadoop-ozone/integration-test/target/test-dir/MiniOzoneClusterImpl-8a14d41c-4846-44e3-adb6-ff9e2c85b320/datanode-2/data/ratis
2021-12-08 16:22:23,021 [Listener at 127.0.0.1/38865] INFO  volume.StorageVolumeChecker (StorageVolumeChecker.java:checkAllVolumes(202)) - Scheduled health check for volume /home/runner/work/ozone/ozone/hadoop-ozone/integration-test/target/test-dir/MiniOzoneClusterImpl-8a14d41c-4846-44e3-adb6-ff9e2c85b320/datanode-2/data/ratis
2021-12-08 16:22:23,063 [Thread-1724] INFO  ozoneimpl.ContainerReader (ContainerReader.java:readVolume(172)) - Finish verifying containers on volume /home/runner/work/ozone/ozone/hadoop-ozone/integration-test/target/test-dir/MiniOzoneClusterImpl-8a14d41c-4846-44e3-adb6-ff9e2c85b320/datanode-2/data-0/containers/hdds
2021-12-08 16:22:23,063 [Listener at 127.0.0.1/38865] INFO  ozoneimpl.OzoneContainer (OzoneContainer.java:buildContainerSet(236)) - Build ContainerSet costs 0s
2021-12-08 16:22:23,068 [Listener at 127.0.0.1/38865] INFO  server.RaftServer (ConfUtils.java:logGet(44)) - raft.rpc.type = GRPC (default)
2021-12-08 16:22:23,068 [Listener at 127.0.0.1/38865] INFO  grpc.GrpcFactory (GrpcFactory.java:checkPooledByteBufAllocatorUseCacheForAllThreads(48)) - PERFORMANCE WARNING: useCacheForAllThreads is true that may cause Netty to create a lot garbage objects and, as a result, trigger GC.
	It is recommended to disable useCacheForAllThreads by setting -Dorg.apache.ratis.thirdparty.io.netty.allocator.useCacheForAllThreads=false in command line.
2021-12-08 16:22:23,068 [Listener at 127.0.0.1/38865] INFO  grpc.GrpcConfigKeys (ConfUtils.java:logGet(44)) - raft.grpc.admin.port = 0 (custom)
2021-12-08 16:22:23,068 [Listener at 127.0.0.1/38865] INFO  grpc.GrpcConfigKeys (ConfUtils.java:logGet(44)) - raft.grpc.client.port = 0 (custom)
2021-12-08 16:22:23,068 [Listener at 127.0.0.1/38865] INFO  grpc.GrpcConfigKeys (ConfUtils.java:logGet(44)) - raft.grpc.server.port = 0 (default)
2021-12-08 16:22:23,068 [Listener at 127.0.0.1/38865] INFO  server.GrpcService (ConfUtils.java:logGet(44)) - raft.grpc.message.size.max = 32MB (=33554432) (custom)
2021-12-08 16:22:23,069 [Listener at 127.0.0.1/38865] INFO  server.RaftServerConfigKeys (ConfUtils.java:logGet(44)) - raft.server.log.appender.buffer.byte-limit = 33554432 (custom)
2021-12-08 16:22:23,069 [Listener at 127.0.0.1/38865] INFO  server.GrpcService (ConfUtils.java:logGet(44)) - raft.grpc.flow.control.window = 5MB (=5242880) (custom)
2021-12-08 16:22:23,069 [Listener at 127.0.0.1/38865] INFO  server.RaftServerConfigKeys (ConfUtils.java:logGet(44)) - raft.server.rpc.request.timeout = 60s (custom)
2021-12-08 16:22:23,070 [Listener at 127.0.0.1/38865] INFO  impl.DataStreamServerImpl (ConfUtils.java:logGet(44)) - raft.datastream.type = DISABLED (default)
2021-12-08 16:22:23,070 [Listener at 127.0.0.1/38865] INFO  server.RaftServerConfigKeys (ConfUtils.java:logGet(44)) - raft.server.rpc.slowness.timeout = 300s (custom)
2021-12-08 16:22:23,070 [Listener at 127.0.0.1/38865] INFO  server.RaftServerConfigKeys (ConfUtils.java:logGet(44)) - raft.server.leaderelection.leader.step-down.wait-time = 10s (default)
2021-12-08 16:22:23,070 [Listener at 127.0.0.1/38865] INFO  server.RaftServerConfigKeys (ConfUtils.java:logGet(44)) - raft.server.storage.dir = [/home/runner/work/ozone/ozone/hadoop-ozone/integration-test/target/test-dir/MiniOzoneClusterImpl-8a14d41c-4846-44e3-adb6-ff9e2c85b320/datanode-2/data/ratis] (custom)
2021-12-08 16:22:23,082 [Listener at 127.0.0.1/38865] INFO  server.XceiverServerGrpc (XceiverServerGrpc.java:<init>(132)) - GrpcServer channel type EpollServerSocketChannel
2021-12-08 16:22:23,090 [Listener at 127.0.0.1/38865] INFO  http.BaseHttpServer (BaseHttpServer.java:newHttpServer2BuilderForOzone(209)) - Starting Web-server for hddsDatanode at: http://0.0.0.0:0
2021-12-08 16:22:23,090 [Listener at 127.0.0.1/38865] INFO  http.BaseHttpServer (BaseHttpServer.java:<init>(107)) - Hadoop Security Enabled: false Ozone Security Enabled: false Ozone HTTP Security Enabled: false 
2021-12-08 16:22:23,091 [Listener at 127.0.0.1/38865] INFO  server.AuthenticationFilter (AuthenticationFilter.java:constructSecretProvider(240)) - Unable to initialize FileSignerSecretProvider, falling back to use random secrets.
2021-12-08 16:22:23,103 [Listener at 127.0.0.1/38865] WARN  http.HttpRequestLog (HttpRequestLog.java:getRequestLog(103)) - Jetty request log can only be enabled using Log4j
2021-12-08 16:22:23,104 [Listener at 127.0.0.1/38865] INFO  http.HttpServer2 (HttpServer2.java:addGlobalFilter(1030)) - Added global filter 'safety' (class=org.apache.hadoop.hdds.server.http.HttpServer2$QuotingInputFilter)
2021-12-08 16:22:23,104 [Listener at 127.0.0.1/38865] INFO  http.HttpServer2 (HttpServer2.java:addFilter(1006)) - Added filter static_user_filter (class=org.apache.hadoop.http.lib.StaticUserWebFilter$StaticUserFilter) to context hddsDatanode
2021-12-08 16:22:23,104 [Listener at 127.0.0.1/38865] INFO  http.HttpServer2 (HttpServer2.java:addFilter(1014)) - Added filter static_user_filter (class=org.apache.hadoop.http.lib.StaticUserWebFilter$StaticUserFilter) to context logs
2021-12-08 16:22:23,105 [Listener at 127.0.0.1/38865] INFO  http.HttpServer2 (HttpServer2.java:addFilter(1014)) - Added filter static_user_filter (class=org.apache.hadoop.http.lib.StaticUserWebFilter$StaticUserFilter) to context static
2021-12-08 16:22:23,105 [Listener at 127.0.0.1/38865] INFO  http.HttpServer2 (HttpServer2.java:bindListener(1249)) - Jetty bound to port 37465
2021-12-08 16:22:23,105 [Listener at 127.0.0.1/38865] INFO  server.Server (Server.java:doStart(375)) - jetty-9.4.43.v20210629; built: 2021-06-30T11:07:22.254Z; git: 526006ecfa3af7f1a27ef3a288e2bef7ea9dd7e8; jvm 1.8.0_292-b10
2021-12-08 16:22:23,196 [Listener at 127.0.0.1/38865] INFO  server.session (DefaultSessionIdManager.java:doStart(334)) - DefaultSessionIdManager workerName=node0
2021-12-08 16:22:23,196 [Listener at 127.0.0.1/38865] INFO  server.session (DefaultSessionIdManager.java:doStart(339)) - No SessionScavenger set, using defaults
2021-12-08 16:22:23,196 [Listener at 127.0.0.1/38865] INFO  server.session (HouseKeeper.java:startScavenging(132)) - node0 Scavenging every 660000ms
2021-12-08 16:22:23,223 [Listener at 127.0.0.1/38865] INFO  handler.ContextHandler (ContextHandler.java:doStart(915)) - Started o.e.j.s.ServletContextHandler@228a1bfd{logs,/logs,file:///home/runner/work/ozone/ozone/hadoop-ozone/integration-test/target/log,AVAILABLE}
2021-12-08 16:22:23,224 [Listener at 127.0.0.1/38865] INFO  handler.ContextHandler (ContextHandler.java:doStart(915)) - Started o.e.j.s.ServletContextHandler@481a6c9d{static,/static,jar:file:/home/runner/.m2/repository/org/apache/ozone/hdds-container-service/1.3.0-SNAPSHOT/hdds-container-service-1.3.0-SNAPSHOT.jar!/webapps/static,AVAILABLE}
2021-12-08 16:22:23,360 [Listener at 127.0.0.1/38865] INFO  handler.ContextHandler (ContextHandler.java:doStart(915)) - Started o.e.j.w.WebAppContext@2843960a{hddsDatanode,/,file:///tmp/jetty-0_0_0_0-37465-hdds-container-service-1_3_0-SNAPSHOT_jar-_-any-2905455440449055538/webapp/,AVAILABLE}{jar:file:/home/runner/.m2/repository/org/apache/ozone/hdds-container-service/1.3.0-SNAPSHOT/hdds-container-service-1.3.0-SNAPSHOT.jar!/webapps/hddsDatanode}
2021-12-08 16:22:23,364 [Listener at 127.0.0.1/38865] INFO  server.AbstractConnector (AbstractConnector.java:doStart(331)) - Started ServerConnector@20b11bd3{HTTP/1.1, (http/1.1)}{0.0.0.0:37465}
2021-12-08 16:22:23,370 [Listener at 127.0.0.1/38865] INFO  server.Server (Server.java:doStart(415)) - Started @255574ms
2021-12-08 16:22:23,370 [Listener at 127.0.0.1/38865] WARN  impl.MetricsSystemImpl (MetricsSystemImpl.java:register(279)) - Sink prometheus already exists!
2021-12-08 16:22:23,371 [Listener at 127.0.0.1/38865] INFO  http.BaseHttpServer (BaseHttpServer.java:updateConnectorAddress(329)) - HTTP server of hddsDatanode listening at http://0.0.0.0:37465
2021-12-08 16:22:23,375 [Listener at 127.0.0.1/38865] INFO  ozone.MiniOzoneClusterImpl (MiniOzoneClusterImpl.java:lambda$waitForClusterToBeReady$0(235)) - Waiting for nodes to be ready. Got 0 of 3 DN Heartbeats.
2021-12-08 16:22:23,375 [Listener at 127.0.0.1/38865] INFO  ozone.MiniOzoneClusterImpl (MiniOzoneClusterImpl.java:lambda$waitForClusterToBeReady$0(238)) - Waiting for cluster to exit safe mode
2021-12-08 16:22:23,375 [Listener at 127.0.0.1/38865] INFO  ozone.MiniOzoneClusterImpl (MiniOzoneClusterImpl.java:lambda$waitForClusterToBeReady$0(240)) - SCM became leader
2021-12-08 16:22:23,375 [Datanode State Machine Daemon Thread] INFO  statemachine.DatanodeStateMachine (DatanodeStateMachine.java:lambda$startDaemon$0(467)) - Ozone container server started.
2021-12-08 16:22:23,419 [org.apache.hadoop.util.JvmPauseMonitor$Monitor@3f741b38] INFO  util.JvmPauseMonitor (JvmPauseMonitor.java:run(188)) - Starting JVM pause monitor
2021-12-08 16:22:23,420 [Datanode State Machine Task Thread - 0] INFO  datanode.InitDatanodeState (InitDatanodeState.java:persistContainerDatanodeDetails(145)) - DatanodeDetails is persisted to /home/runner/work/ozone/ozone/hadoop-ozone/integration-test/target/test-dir/MiniOzoneClusterImpl-8a14d41c-4846-44e3-adb6-ff9e2c85b320/datanode-2/meta/datanode.id
2021-12-08 16:22:24,188 [EndpointStateMachine task thread for /0.0.0.0:39153 - 0 ] INFO  ozoneimpl.OzoneContainer (OzoneContainer.java:start(304)) - Attempting to start container services.
2021-12-08 16:22:24,188 [EndpointStateMachine task thread for /0.0.0.0:39153 - 0 ] INFO  ozoneimpl.OzoneContainer (OzoneContainer.java:startContainerScrub(249)) - Background container scanner has been disabled.
2021-12-08 16:22:24,198 [EndpointStateMachine task thread for /0.0.0.0:39153 - 0 ] INFO  replication.ReplicationServer (ReplicationServer.java:start(107)) - ReplicationServer is started using port 38319
2021-12-08 16:22:24,199 [EndpointStateMachine task thread for /0.0.0.0:39153 - 0 ] INFO  ratis.XceiverServerRatis (XceiverServerRatis.java:start(484)) - Starting XceiverServerRatis a1f7f396-dae1-42dc-8cf6-28579b0999f9
2021-12-08 16:22:24,200 [EndpointStateMachine task thread for /0.0.0.0:39153 - 0 ] INFO  server.RaftServer (RaftServerProxy.java:lambda$start$5(374)) - a1f7f396-dae1-42dc-8cf6-28579b0999f9: start RPC server
2021-12-08 16:22:24,219 [EndpointStateMachine task thread for /0.0.0.0:39153 - 0 ] INFO  server.GrpcService (GrpcService.java:startImpl(253)) - a1f7f396-dae1-42dc-8cf6-28579b0999f9: GrpcService started, listening on 35955
2021-12-08 16:22:24,237 [EndpointStateMachine task thread for /0.0.0.0:39153 - 0 ] INFO  ratis.XceiverServerRatis (XceiverServerRatis.java:getRealPort(505)) - XceiverServerRatis a1f7f396-dae1-42dc-8cf6-28579b0999f9 is started using port 35955 for RATIS
2021-12-08 16:22:24,237 [EndpointStateMachine task thread for /0.0.0.0:39153 - 0 ] INFO  ratis.XceiverServerRatis (XceiverServerRatis.java:getRealPort(505)) - XceiverServerRatis a1f7f396-dae1-42dc-8cf6-28579b0999f9 is started using port 35955 for RATIS_ADMIN
2021-12-08 16:22:24,237 [EndpointStateMachine task thread for /0.0.0.0:39153 - 0 ] INFO  ratis.XceiverServerRatis (XceiverServerRatis.java:getRealPort(505)) - XceiverServerRatis a1f7f396-dae1-42dc-8cf6-28579b0999f9 is started using port 35955 for RATIS_SERVER
2021-12-08 16:22:24,237 [org.apache.ratis.util.JvmPauseMonitor$$Lambda$523/2003369902@4cc303a8] INFO  util.JvmPauseMonitor (JvmPauseMonitor.java:run(103)) - JvmPauseMonitor-a1f7f396-dae1-42dc-8cf6-28579b0999f9: Started
2021-12-08 16:22:24,248 [EndpointStateMachine task thread for /0.0.0.0:39153 - 0 ] INFO  server.XceiverServerGrpc (XceiverServerGrpc.java:start(180)) - XceiverServerGrpc a1f7f396-dae1-42dc-8cf6-28579b0999f9 is started using port 35485
2021-12-08 16:22:24,375 [Listener at 127.0.0.1/38865] INFO  ozone.MiniOzoneClusterImpl (MiniOzoneClusterImpl.java:lambda$waitForClusterToBeReady$0(235)) - Waiting for nodes to be ready. Got 0 of 3 DN Heartbeats.
2021-12-08 16:22:24,375 [Listener at 127.0.0.1/38865] INFO  ozone.MiniOzoneClusterImpl (MiniOzoneClusterImpl.java:lambda$waitForClusterToBeReady$0(238)) - Waiting for cluster to exit safe mode
2021-12-08 16:22:24,375 [Listener at 127.0.0.1/38865] INFO  ozone.MiniOzoneClusterImpl (MiniOzoneClusterImpl.java:lambda$waitForClusterToBeReady$0(240)) - SCM became leader
2021-12-08 16:22:24,794 [EndpointStateMachine task thread for /0.0.0.0:39153 - 0 ] INFO  ozoneimpl.OzoneContainer (OzoneContainer.java:start(304)) - Attempting to start container services.
2021-12-08 16:22:24,794 [EndpointStateMachine task thread for /0.0.0.0:39153 - 0 ] INFO  ozoneimpl.OzoneContainer (OzoneContainer.java:startContainerScrub(249)) - Background container scanner has been disabled.
2021-12-08 16:22:24,798 [EndpointStateMachine task thread for /0.0.0.0:39153 - 0 ] INFO  replication.ReplicationServer (ReplicationServer.java:start(107)) - ReplicationServer is started using port 41987
2021-12-08 16:22:24,825 [EndpointStateMachine task thread for /0.0.0.0:39153 - 0 ] INFO  ratis.XceiverServerRatis (XceiverServerRatis.java:start(484)) - Starting XceiverServerRatis c1245a2b-ba94-48c8-ae92-16a28277bc37
2021-12-08 16:22:24,848 [EndpointStateMachine task thread for /0.0.0.0:39153 - 0 ] INFO  server.RaftServer (RaftServerProxy.java:lambda$start$5(374)) - c1245a2b-ba94-48c8-ae92-16a28277bc37: start RPC server
2021-12-08 16:22:24,849 [EndpointStateMachine task thread for /0.0.0.0:39153 - 0 ] INFO  server.GrpcService (GrpcService.java:startImpl(253)) - c1245a2b-ba94-48c8-ae92-16a28277bc37: GrpcService started, listening on 36095
2021-12-08 16:22:24,849 [EndpointStateMachine task thread for /0.0.0.0:39153 - 0 ] INFO  ratis.XceiverServerRatis (XceiverServerRatis.java:getRealPort(505)) - XceiverServerRatis c1245a2b-ba94-48c8-ae92-16a28277bc37 is started using port 36095 for RATIS
2021-12-08 16:22:24,849 [EndpointStateMachine task thread for /0.0.0.0:39153 - 0 ] INFO  ratis.XceiverServerRatis (XceiverServerRatis.java:getRealPort(505)) - XceiverServerRatis c1245a2b-ba94-48c8-ae92-16a28277bc37 is started using port 36095 for RATIS_ADMIN
2021-12-08 16:22:24,849 [EndpointStateMachine task thread for /0.0.0.0:39153 - 0 ] INFO  ratis.XceiverServerRatis (XceiverServerRatis.java:getRealPort(505)) - XceiverServerRatis c1245a2b-ba94-48c8-ae92-16a28277bc37 is started using port 36095 for RATIS_SERVER
2021-12-08 16:22:24,852 [org.apache.ratis.util.JvmPauseMonitor$$Lambda$523/2003369902@6fb7b1f] INFO  util.JvmPauseMonitor (JvmPauseMonitor.java:run(103)) - JvmPauseMonitor-c1245a2b-ba94-48c8-ae92-16a28277bc37: Started
2021-12-08 16:22:24,852 [EndpointStateMachine task thread for /0.0.0.0:39153 - 0 ] INFO  server.XceiverServerGrpc (XceiverServerGrpc.java:start(180)) - XceiverServerGrpc c1245a2b-ba94-48c8-ae92-16a28277bc37 is started using port 37277
2021-12-08 16:22:25,376 [Listener at 127.0.0.1/38865] INFO  ozone.MiniOzoneClusterImpl (MiniOzoneClusterImpl.java:lambda$waitForClusterToBeReady$0(235)) - Waiting for nodes to be ready. Got 0 of 3 DN Heartbeats.
2021-12-08 16:22:25,376 [Listener at 127.0.0.1/38865] INFO  ozone.MiniOzoneClusterImpl (MiniOzoneClusterImpl.java:lambda$waitForClusterToBeReady$0(238)) - Waiting for cluster to exit safe mode
2021-12-08 16:22:25,376 [Listener at 127.0.0.1/38865] INFO  ozone.MiniOzoneClusterImpl (MiniOzoneClusterImpl.java:lambda$waitForClusterToBeReady$0(240)) - SCM became leader
2021-12-08 16:22:25,471 [EndpointStateMachine task thread for /0.0.0.0:39153 - 0 ] INFO  ozoneimpl.OzoneContainer (OzoneContainer.java:start(304)) - Attempting to start container services.
2021-12-08 16:22:25,471 [EndpointStateMachine task thread for /0.0.0.0:39153 - 0 ] INFO  ozoneimpl.OzoneContainer (OzoneContainer.java:startContainerScrub(249)) - Background container scanner has been disabled.
2021-12-08 16:22:25,474 [EndpointStateMachine task thread for /0.0.0.0:39153 - 0 ] INFO  replication.ReplicationServer (ReplicationServer.java:start(107)) - ReplicationServer is started using port 35009
2021-12-08 16:22:25,491 [EndpointStateMachine task thread for /0.0.0.0:39153 - 0 ] INFO  ratis.XceiverServerRatis (XceiverServerRatis.java:start(484)) - Starting XceiverServerRatis 59207186-1f34-4c82-b1d4-26fdc8060eb3
2021-12-08 16:22:25,498 [EndpointStateMachine task thread for /0.0.0.0:39153 - 0 ] INFO  server.RaftServer (RaftServerProxy.java:lambda$start$5(374)) - 59207186-1f34-4c82-b1d4-26fdc8060eb3: start RPC server
2021-12-08 16:22:25,499 [EndpointStateMachine task thread for /0.0.0.0:39153 - 0 ] INFO  server.GrpcService (GrpcService.java:startImpl(253)) - 59207186-1f34-4c82-b1d4-26fdc8060eb3: GrpcService started, listening on 34387
2021-12-08 16:22:25,511 [EndpointStateMachine task thread for /0.0.0.0:39153 - 0 ] INFO  ratis.XceiverServerRatis (XceiverServerRatis.java:getRealPort(505)) - XceiverServerRatis 59207186-1f34-4c82-b1d4-26fdc8060eb3 is started using port 34387 for RATIS
2021-12-08 16:22:25,511 [EndpointStateMachine task thread for /0.0.0.0:39153 - 0 ] INFO  ratis.XceiverServerRatis (XceiverServerRatis.java:getRealPort(505)) - XceiverServerRatis 59207186-1f34-4c82-b1d4-26fdc8060eb3 is started using port 34387 for RATIS_ADMIN
2021-12-08 16:22:25,511 [EndpointStateMachine task thread for /0.0.0.0:39153 - 0 ] INFO  ratis.XceiverServerRatis (XceiverServerRatis.java:getRealPort(505)) - XceiverServerRatis 59207186-1f34-4c82-b1d4-26fdc8060eb3 is started using port 34387 for RATIS_SERVER
2021-12-08 16:22:25,511 [org.apache.ratis.util.JvmPauseMonitor$$Lambda$523/2003369902@7e749770] INFO  util.JvmPauseMonitor (JvmPauseMonitor.java:run(103)) - JvmPauseMonitor-59207186-1f34-4c82-b1d4-26fdc8060eb3: Started
2021-12-08 16:22:25,529 [EndpointStateMachine task thread for /0.0.0.0:39153 - 0 ] INFO  server.XceiverServerGrpc (XceiverServerGrpc.java:start(180)) - XceiverServerGrpc 59207186-1f34-4c82-b1d4-26fdc8060eb3 is started using port 44613
2021-12-08 16:22:26,140 [IPC Server handler 1 on default port 39153] INFO  net.NetworkTopologyImpl (NetworkTopologyImpl.java:add(112)) - Added a new node: /default-rack/a1f7f396-dae1-42dc-8cf6-28579b0999f9
2021-12-08 16:22:26,140 [IPC Server handler 1 on default port 39153] INFO  node.SCMNodeManager (SCMNodeManager.java:register(389)) - Registered Data node : a1f7f396-dae1-42dc-8cf6-28579b0999f9{ip: 10.1.0.47, host: fv-az59-681.csjynl4pkq3e1pkirw3ssqjfoh.cx.internal.cloudapp.net, ports: [REPLICATION=38319, RATIS=35955, RATIS_ADMIN=35955, RATIS_SERVER=35955, STANDALONE=35485], networkLocation: /default-rack, certSerialId: null, persistedOpState: null, persistedOpStateExpiryEpochSec: 0}
2021-12-08 16:22:26,145 [EventQueue-NodeRegistrationContainerReportForContainerSafeModeRule] INFO  safemode.SCMSafeModeManager (SCMSafeModeManager.java:validateSafeModeExitRules(204)) - ContainerSafeModeRule rule is successfully validated
2021-12-08 16:22:26,145 [EventQueue-NodeRegistrationContainerReportForDataNodeSafeModeRule] INFO  safemode.SCMSafeModeManager (DataNodeSafeModeRule.java:process(71)) - SCM in safe mode. 1 DataNodes registered, 3 required.
2021-12-08 16:22:26,171 [EventQueue-NewNodeForNewNodeHandler] INFO  pipeline.BackgroundPipelineCreator (BackgroundPipelineCreator.java:notifyEventTriggered(285)) - trigger a one-shot run on RatisPipelineUtilsThread.
2021-12-08 16:22:26,172 [RatisPipelineUtilsThread - 0] INFO  pipeline.RatisPipelineProvider (RatisPipelineProvider.java:lambda$create$0(183)) - Sending CreatePipelineCommand for pipeline:PipelineID=ebb98bf6-a7b1-4d40-9116-c07350250565 to datanode:a1f7f396-dae1-42dc-8cf6-28579b0999f9
2021-12-08 16:22:26,172 [RatisPipelineUtilsThread - 0] INFO  pipeline.PipelineStateManagerImpl (PipelineStateManagerImpl.java:addPipeline(101)) - Created pipeline Pipeline[ Id: ebb98bf6-a7b1-4d40-9116-c07350250565, Nodes: a1f7f396-dae1-42dc-8cf6-28579b0999f9{ip: 10.1.0.47, host: fv-az59-681.csjynl4pkq3e1pkirw3ssqjfoh.cx.internal.cloudapp.net, ports: [REPLICATION=38319, RATIS=35955, RATIS_ADMIN=35955, RATIS_SERVER=35955, STANDALONE=35485], networkLocation: /default-rack, certSerialId: null, persistedOpState: IN_SERVICE, persistedOpStateExpiryEpochSec: 0}, ReplicationConfig: RATIS/ONE, State:ALLOCATED, leaderId:, CreationTimestamp2021-12-08T16:22:26.172Z[Etc/UTC]].
2021-12-08 16:22:26,199 [EventQueue-PipelineReportForOneReplicaPipelineSafeModeRule] INFO  safemode.SCMSafeModeManager (SCMSafeModeManager.java:validateSafeModeExitRules(204)) - AtleastOneDatanodeReportedRule rule is successfully validated
2021-12-08 16:22:26,376 [Listener at 127.0.0.1/38865] INFO  ozone.MiniOzoneClusterImpl (MiniOzoneClusterImpl.java:lambda$waitForClusterToBeReady$0(235)) - Waiting for nodes to be ready. Got 1 of 3 DN Heartbeats.
2021-12-08 16:22:26,376 [Listener at 127.0.0.1/38865] INFO  ozone.MiniOzoneClusterImpl (MiniOzoneClusterImpl.java:lambda$waitForClusterToBeReady$0(238)) - Waiting for cluster to exit safe mode
2021-12-08 16:22:26,376 [Listener at 127.0.0.1/38865] INFO  ozone.MiniOzoneClusterImpl (MiniOzoneClusterImpl.java:lambda$waitForClusterToBeReady$0(240)) - SCM became leader
2021-12-08 16:22:26,776 [IPC Server handler 2 on default port 39153] INFO  net.NetworkTopologyImpl (NetworkTopologyImpl.java:add(112)) - Added a new node: /default-rack/c1245a2b-ba94-48c8-ae92-16a28277bc37
2021-12-08 16:22:26,777 [IPC Server handler 2 on default port 39153] INFO  node.SCMNodeManager (SCMNodeManager.java:register(389)) - Registered Data node : c1245a2b-ba94-48c8-ae92-16a28277bc37{ip: 10.1.0.47, host: fv-az59-681.csjynl4pkq3e1pkirw3ssqjfoh.cx.internal.cloudapp.net, ports: [REPLICATION=41987, RATIS=36095, RATIS_ADMIN=36095, RATIS_SERVER=36095, STANDALONE=37277], networkLocation: /default-rack, certSerialId: null, persistedOpState: null, persistedOpStateExpiryEpochSec: 0}
2021-12-08 16:22:26,777 [EventQueue-NewNodeForNewNodeHandler] INFO  pipeline.BackgroundPipelineCreator (BackgroundPipelineCreator.java:notifyEventTriggered(285)) - trigger a one-shot run on RatisPipelineUtilsThread.
2021-12-08 16:22:26,791 [EventQueue-NodeRegistrationContainerReportForDataNodeSafeModeRule] INFO  safemode.SCMSafeModeManager (DataNodeSafeModeRule.java:process(71)) - SCM in safe mode. 2 DataNodes registered, 3 required.
2021-12-08 16:22:26,792 [RatisPipelineUtilsThread - 0] INFO  pipeline.RatisPipelineProvider (RatisPipelineProvider.java:lambda$create$0(183)) - Sending CreatePipelineCommand for pipeline:PipelineID=47daef03-af7e-404f-aa25-723994e96a0c to datanode:c1245a2b-ba94-48c8-ae92-16a28277bc37
2021-12-08 16:22:26,811 [RatisPipelineUtilsThread - 0] INFO  pipeline.PipelineStateManagerImpl (PipelineStateManagerImpl.java:addPipeline(101)) - Created pipeline Pipeline[ Id: 47daef03-af7e-404f-aa25-723994e96a0c, Nodes: c1245a2b-ba94-48c8-ae92-16a28277bc37{ip: 10.1.0.47, host: fv-az59-681.csjynl4pkq3e1pkirw3ssqjfoh.cx.internal.cloudapp.net, ports: [REPLICATION=41987, RATIS=36095, RATIS_ADMIN=36095, RATIS_SERVER=36095, STANDALONE=37277], networkLocation: /default-rack, certSerialId: null, persistedOpState: IN_SERVICE, persistedOpStateExpiryEpochSec: 0}, ReplicationConfig: RATIS/ONE, State:ALLOCATED, leaderId:, CreationTimestamp2021-12-08T16:22:26.792Z[Etc/UTC]].
2021-12-08 16:22:27,377 [Listener at 127.0.0.1/38865] INFO  ozone.MiniOzoneClusterImpl (MiniOzoneClusterImpl.java:lambda$waitForClusterToBeReady$0(235)) - Waiting for nodes to be ready. Got 2 of 3 DN Heartbeats.
2021-12-08 16:22:27,377 [Listener at 127.0.0.1/38865] INFO  ozone.MiniOzoneClusterImpl (MiniOzoneClusterImpl.java:lambda$waitForClusterToBeReady$0(238)) - Waiting for cluster to exit safe mode
2021-12-08 16:22:27,377 [Listener at 127.0.0.1/38865] INFO  ozone.MiniOzoneClusterImpl (MiniOzoneClusterImpl.java:lambda$waitForClusterToBeReady$0(240)) - SCM became leader
2021-12-08 16:22:27,420 [IPC Server handler 12 on default port 39153] INFO  net.NetworkTopologyImpl (NetworkTopologyImpl.java:add(112)) - Added a new node: /default-rack/59207186-1f34-4c82-b1d4-26fdc8060eb3
2021-12-08 16:22:27,420 [IPC Server handler 12 on default port 39153] INFO  node.SCMNodeManager (SCMNodeManager.java:register(389)) - Registered Data node : 59207186-1f34-4c82-b1d4-26fdc8060eb3{ip: 10.1.0.47, host: fv-az59-681.csjynl4pkq3e1pkirw3ssqjfoh.cx.internal.cloudapp.net, ports: [REPLICATION=35009, RATIS=34387, RATIS_ADMIN=34387, RATIS_SERVER=34387, STANDALONE=44613], networkLocation: /default-rack, certSerialId: null, persistedOpState: null, persistedOpStateExpiryEpochSec: 0}
2021-12-08 16:22:27,421 [EventQueue-NewNodeForNewNodeHandler] INFO  pipeline.BackgroundPipelineCreator (BackgroundPipelineCreator.java:notifyEventTriggered(285)) - trigger a one-shot run on RatisPipelineUtilsThread.
2021-12-08 16:22:27,423 [EventQueue-NodeRegistrationContainerReportForDataNodeSafeModeRule] INFO  safemode.SCMSafeModeManager (DataNodeSafeModeRule.java:process(71)) - SCM in safe mode. 3 DataNodes registered, 3 required.
2021-12-08 16:22:27,423 [EventQueue-NodeRegistrationContainerReportForDataNodeSafeModeRule] INFO  safemode.SCMSafeModeManager (SCMSafeModeManager.java:validateSafeModeExitRules(204)) - DataNodeSafeModeRule rule is successfully validated
2021-12-08 16:22:27,423 [EventQueue-NodeRegistrationContainerReportForDataNodeSafeModeRule] INFO  safemode.SCMSafeModeManager (SCMSafeModeManager.java:completePreCheck(233)) - All SCM safe mode pre check rules have passed
2021-12-08 16:22:27,423 [EventQueue-NodeRegistrationContainerReportForDataNodeSafeModeRule] WARN  events.EventQueue (EventQueue.java:fireEvent(194)) - No event handler registered for event TypedEvent{payloadType=SafeModeStatus, name='Safe mode status'}
2021-12-08 16:22:27,423 [EventQueue-NodeRegistrationContainerReportForDataNodeSafeModeRule] INFO  ha.SCMContext (SCMContext.java:updateSafeModeStatus(211)) - Update SafeModeStatus from SafeModeStatus{safeModeStatus=true, preCheckPassed=false} to SafeModeStatus{safeModeStatus=true, preCheckPassed=true}.
2021-12-08 16:22:27,423 [EventQueue-NodeRegistrationContainerReportForDataNodeSafeModeRule] INFO  pipeline.BackgroundPipelineCreator (BackgroundPipelineCreator.java:notifyEventTriggered(285)) - trigger a one-shot run on RatisPipelineUtilsThread.
2021-12-08 16:22:27,424 [RatisPipelineUtilsThread - 0] INFO  pipeline.RatisPipelineProvider (RatisPipelineProvider.java:lambda$create$0(183)) - Sending CreatePipelineCommand for pipeline:PipelineID=697fa00e-a44b-4a50-8061-11acbad8649c to datanode:59207186-1f34-4c82-b1d4-26fdc8060eb3
2021-12-08 16:22:27,424 [RatisPipelineUtilsThread - 0] INFO  pipeline.PipelineStateManagerImpl (PipelineStateManagerImpl.java:addPipeline(101)) - Created pipeline Pipeline[ Id: 697fa00e-a44b-4a50-8061-11acbad8649c, Nodes: 59207186-1f34-4c82-b1d4-26fdc8060eb3{ip: 10.1.0.47, host: fv-az59-681.csjynl4pkq3e1pkirw3ssqjfoh.cx.internal.cloudapp.net, ports: [REPLICATION=35009, RATIS=34387, RATIS_ADMIN=34387, RATIS_SERVER=34387, STANDALONE=44613], networkLocation: /default-rack, certSerialId: null, persistedOpState: IN_SERVICE, persistedOpStateExpiryEpochSec: 0}, ReplicationConfig: RATIS/ONE, State:ALLOCATED, leaderId:, CreationTimestamp2021-12-08T16:22:27.424Z[Etc/UTC]].
2021-12-08 16:22:27,424 [RatisPipelineUtilsThread - 0] INFO  pipeline.RatisPipelineProvider (RatisPipelineProvider.java:lambda$create$0(183)) - Sending CreatePipelineCommand for pipeline:PipelineID=dede2fa2-b5da-4468-ba4c-1a772ba897fb to datanode:a1f7f396-dae1-42dc-8cf6-28579b0999f9
2021-12-08 16:22:27,424 [RatisPipelineUtilsThread - 0] INFO  pipeline.RatisPipelineProvider (RatisPipelineProvider.java:lambda$create$0(183)) - Sending CreatePipelineCommand for pipeline:PipelineID=dede2fa2-b5da-4468-ba4c-1a772ba897fb to datanode:c1245a2b-ba94-48c8-ae92-16a28277bc37
2021-12-08 16:22:27,424 [RatisPipelineUtilsThread - 0] INFO  pipeline.RatisPipelineProvider (RatisPipelineProvider.java:lambda$create$0(183)) - Sending CreatePipelineCommand for pipeline:PipelineID=dede2fa2-b5da-4468-ba4c-1a772ba897fb to datanode:59207186-1f34-4c82-b1d4-26fdc8060eb3
2021-12-08 16:22:27,424 [RatisPipelineUtilsThread - 0] INFO  pipeline.PipelineStateManagerImpl (PipelineStateManagerImpl.java:addPipeline(101)) - Created pipeline Pipeline[ Id: dede2fa2-b5da-4468-ba4c-1a772ba897fb, Nodes: a1f7f396-dae1-42dc-8cf6-28579b0999f9{ip: 10.1.0.47, host: fv-az59-681.csjynl4pkq3e1pkirw3ssqjfoh.cx.internal.cloudapp.net, ports: [REPLICATION=38319, RATIS=35955, RATIS_ADMIN=35955, RATIS_SERVER=35955, STANDALONE=35485], networkLocation: /default-rack, certSerialId: null, persistedOpState: IN_SERVICE, persistedOpStateExpiryEpochSec: 0}c1245a2b-ba94-48c8-ae92-16a28277bc37{ip: 10.1.0.47, host: fv-az59-681.csjynl4pkq3e1pkirw3ssqjfoh.cx.internal.cloudapp.net, ports: [REPLICATION=41987, RATIS=36095, RATIS_ADMIN=36095, RATIS_SERVER=36095, STANDALONE=37277], networkLocation: /default-rack, certSerialId: null, persistedOpState: IN_SERVICE, persistedOpStateExpiryEpochSec: 0}59207186-1f34-4c82-b1d4-26fdc8060eb3{ip: 10.1.0.47, host: fv-az59-681.csjynl4pkq3e1pkirw3ssqjfoh.cx.internal.cloudapp.net, ports: [REPLICATION=35009, RATIS=34387, RATIS_ADMIN=34387, RATIS_SERVER=34387, STANDALONE=44613], networkLocation: /default-rack, certSerialId: null, persistedOpState: IN_SERVICE, persistedOpStateExpiryEpochSec: 0}, ReplicationConfig: RATIS/THREE, State:ALLOCATED, leaderId:, CreationTimestamp2021-12-08T16:22:27.424Z[Etc/UTC]].
2021-12-08 16:22:27,425 [RatisPipelineUtilsThread - 0] INFO  pipeline.RatisPipelineProvider (RatisPipelineProvider.java:lambda$create$0(183)) - Sending CreatePipelineCommand for pipeline:PipelineID=8a2e2327-78e5-4245-9c6f-5fd0a96e2203 to datanode:59207186-1f34-4c82-b1d4-26fdc8060eb3
2021-12-08 16:22:27,425 [RatisPipelineUtilsThread - 0] INFO  pipeline.RatisPipelineProvider (RatisPipelineProvider.java:lambda$create$0(183)) - Sending CreatePipelineCommand for pipeline:PipelineID=8a2e2327-78e5-4245-9c6f-5fd0a96e2203 to datanode:a1f7f396-dae1-42dc-8cf6-28579b0999f9
2021-12-08 16:22:27,425 [RatisPipelineUtilsThread - 0] INFO  pipeline.RatisPipelineProvider (RatisPipelineProvider.java:lambda$create$0(183)) - Sending CreatePipelineCommand for pipeline:PipelineID=8a2e2327-78e5-4245-9c6f-5fd0a96e2203 to datanode:c1245a2b-ba94-48c8-ae92-16a28277bc37
2021-12-08 16:22:27,425 [RatisPipelineUtilsThread - 0] INFO  pipeline.PipelineStateManagerImpl (PipelineStateManagerImpl.java:addPipeline(101)) - Created pipeline Pipeline[ Id: 8a2e2327-78e5-4245-9c6f-5fd0a96e2203, Nodes: 59207186-1f34-4c82-b1d4-26fdc8060eb3{ip: 10.1.0.47, host: fv-az59-681.csjynl4pkq3e1pkirw3ssqjfoh.cx.internal.cloudapp.net, ports: [REPLICATION=35009, RATIS=34387, RATIS_ADMIN=34387, RATIS_SERVER=34387, STANDALONE=44613], networkLocation: /default-rack, certSerialId: null, persistedOpState: IN_SERVICE, persistedOpStateExpiryEpochSec: 0}a1f7f396-dae1-42dc-8cf6-28579b0999f9{ip: 10.1.0.47, host: fv-az59-681.csjynl4pkq3e1pkirw3ssqjfoh.cx.internal.cloudapp.net, ports: [REPLICATION=38319, RATIS=35955, RATIS_ADMIN=35955, RATIS_SERVER=35955, STANDALONE=35485], networkLocation: /default-rack, certSerialId: null, persistedOpState: IN_SERVICE, persistedOpStateExpiryEpochSec: 0}c1245a2b-ba94-48c8-ae92-16a28277bc37{ip: 10.1.0.47, host: fv-az59-681.csjynl4pkq3e1pkirw3ssqjfoh.cx.internal.cloudapp.net, ports: [REPLICATION=41987, RATIS=36095, RATIS_ADMIN=36095, RATIS_SERVER=36095, STANDALONE=37277], networkLocation: /default-rack, certSerialId: null, persistedOpState: IN_SERVICE, persistedOpStateExpiryEpochSec: 0}, ReplicationConfig: RATIS/THREE, State:ALLOCATED, leaderId:, CreationTimestamp2021-12-08T16:22:27.425Z[Etc/UTC]].
2021-12-08 16:22:27,425 [RatisPipelineUtilsThread - 0] INFO  pipeline.PipelineManagerImpl (PipelineManagerImpl.java:recordMetricsForPipeline(639)) - Pipeline: PipelineID=8a2e2327-78e5-4245-9c6f-5fd0a96e2203 contains same datanodes as previous pipelines: PipelineID=dede2fa2-b5da-4468-ba4c-1a772ba897fb nodeIds: 59207186-1f34-4c82-b1d4-26fdc8060eb3, a1f7f396-dae1-42dc-8cf6-28579b0999f9, c1245a2b-ba94-48c8-ae92-16a28277bc37
2021-12-08 16:22:28,383 [Listener at 127.0.0.1/38865] INFO  ozone.MiniOzoneClusterImpl (MiniOzoneClusterImpl.java:lambda$waitForClusterToBeReady$0(235)) - Nodes are ready. Got 3 of 3 DN Heartbeats.
2021-12-08 16:22:28,383 [Listener at 127.0.0.1/38865] INFO  ozone.MiniOzoneClusterImpl (MiniOzoneClusterImpl.java:lambda$waitForClusterToBeReady$0(238)) - Waiting for cluster to exit safe mode
2021-12-08 16:22:28,383 [Listener at 127.0.0.1/38865] INFO  ozone.MiniOzoneClusterImpl (MiniOzoneClusterImpl.java:lambda$waitForClusterToBeReady$0(240)) - SCM became leader
2021-12-08 16:22:29,142 [Command processor thread] INFO  server.RaftServer (RaftServerProxy.java:addNew(95)) - a1f7f396-dae1-42dc-8cf6-28579b0999f9: addNew group-C07350250565:[a1f7f396-dae1-42dc-8cf6-28579b0999f9|rpc:10.1.0.47:35955|priority:1] returns group-C07350250565:java.util.concurrent.CompletableFuture@4c68ffca[Not completed]
2021-12-08 16:22:29,157 [pool-630-thread-1] INFO  server.RaftServer$Division (RaftServerImpl.java:<init>(184)) - a1f7f396-dae1-42dc-8cf6-28579b0999f9: new RaftServerImpl for group-C07350250565:[a1f7f396-dae1-42dc-8cf6-28579b0999f9|rpc:10.1.0.47:35955|priority:1] with ContainerStateMachine:uninitialized
2021-12-08 16:22:29,174 [pool-630-thread-1] INFO  server.RaftServerConfigKeys (ConfUtils.java:logGet(44)) - raft.server.rpc.timeout.min = 5s (custom)
2021-12-08 16:22:29,174 [pool-630-thread-1] INFO  server.RaftServerConfigKeys (ConfUtils.java:logGet(44)) - raft.server.rpc.timeout.max = 5200ms (custom)
2021-12-08 16:22:29,174 [pool-630-thread-1] INFO  server.RaftServerConfigKeys (ConfUtils.java:logGet(44)) - raft.server.rpc.sleep.time = 25ms (default)
2021-12-08 16:22:29,174 [pool-630-thread-1] INFO  server.RaftServerConfigKeys (ConfUtils.java:logGet(44)) - raft.server.rpc.slowness.timeout = 300s (custom)
2021-12-08 16:22:29,174 [pool-630-thread-1] INFO  server.RaftServerConfigKeys (ConfUtils.java:logGet(44)) - raft.server.leaderelection.leader.step-down.wait-time = 10s (default)
2021-12-08 16:22:29,174 [pool-630-thread-1] INFO  server.RaftServerConfigKeys (ConfUtils.java:logGet(44)) - raft.server.sleep.deviation.threshold = 300ms (default)
2021-12-08 16:22:29,174 [pool-630-thread-1] INFO  server.RaftServerConfigKeys (ConfUtils.java:logGet(44)) - raft.server.log.appender.install.snapshot.enabled = false (custom)
2021-12-08 16:22:29,174 [pool-630-thread-1] INFO  server.RaftServer$Division (ServerState.java:<init>(105)) - a1f7f396-dae1-42dc-8cf6-28579b0999f9@group-C07350250565: ConfigurationManager, init=-1: [a1f7f396-dae1-42dc-8cf6-28579b0999f9|rpc:10.1.0.47:35955|priority:1], old=null, confs=<EMPTY_MAP>
2021-12-08 16:22:29,174 [pool-630-thread-1] INFO  server.RaftServerConfigKeys (ConfUtils.java:logGet(44)) - raft.server.storage.dir = [/home/runner/work/ozone/ozone/hadoop-ozone/integration-test/target/test-dir/MiniOzoneClusterImpl-8a14d41c-4846-44e3-adb6-ff9e2c85b320/datanode-0/data/ratis] (custom)
2021-12-08 16:22:29,174 [pool-630-thread-1] INFO  server.RaftServerConfigKeys (ConfUtils.java:logGet(44)) - raft.server.log.corruption.policy = EXCEPTION (default)
2021-12-08 16:22:29,174 [pool-630-thread-1] INFO  server.RaftServerConfigKeys (ConfUtils.java:logGet(44)) - raft.server.storage.free-space.min = 0MB (=0) (default)
2021-12-08 16:22:29,175 [pool-630-thread-1] INFO  storage.RaftStorageDirectory (RaftStorageDirectoryImpl.java:analyzeStorage(135)) - The storage directory /home/runner/work/ozone/ozone/hadoop-ozone/integration-test/target/test-dir/MiniOzoneClusterImpl-8a14d41c-4846-44e3-adb6-ff9e2c85b320/datanode-0/data/ratis/ebb98bf6-a7b1-4d40-9116-c07350250565 does not exist. Creating ...
2021-12-08 16:22:29,176 [pool-630-thread-1] INFO  storage.RaftStorageDirectory (RaftStorageDirectoryImpl.java:tryLock(230)) - Lock on /home/runner/work/ozone/ozone/hadoop-ozone/integration-test/target/test-dir/MiniOzoneClusterImpl-8a14d41c-4846-44e3-adb6-ff9e2c85b320/datanode-0/data/ratis/ebb98bf6-a7b1-4d40-9116-c07350250565/in_use.lock acquired by nodename 9760@fv-az59-681
2021-12-08 16:22:29,176 [pool-630-thread-1] INFO  storage.RaftStorage (RaftStorageImpl.java:format(89)) - Storage directory /home/runner/work/ozone/ozone/hadoop-ozone/integration-test/target/test-dir/MiniOzoneClusterImpl-8a14d41c-4846-44e3-adb6-ff9e2c85b320/datanode-0/data/ratis/ebb98bf6-a7b1-4d40-9116-c07350250565 has been successfully formatted.
2021-12-08 16:22:29,190 [pool-630-thread-1] INFO  ratis.ContainerStateMachine (ContainerStateMachine.java:loadSnapshot(231)) - group-C07350250565: The snapshot info is null. Setting the last applied indexto:(t:0, i:~)
2021-12-08 16:22:29,190 [pool-630-thread-1] INFO  server.RaftServerConfigKeys (ConfUtils.java:logGet(44)) - raft.server.notification.no-leader.timeout = 300s (custom)
2021-12-08 16:22:29,190 [pool-630-thread-1] INFO  server.RaftServerConfigKeys (ConfUtils.java:logGet(44)) - raft.server.log.use.memory = false (default)
2021-12-08 16:22:29,191 [pool-630-thread-1] INFO  server.RaftServerConfigKeys (ConfUtils.java:logGet(44)) - raft.server.log.purge.gap = 1000000 (custom)
2021-12-08 16:22:29,191 [EventQueue-PipelineReportForPipelineReportHandler] INFO  pipeline.PipelineManagerImpl (PipelineManagerImpl.java:openPipeline(291)) - Pipeline Pipeline[ Id: ebb98bf6-a7b1-4d40-9116-c07350250565, Nodes: a1f7f396-dae1-42dc-8cf6-28579b0999f9{ip: 10.1.0.47, host: fv-az59-681.csjynl4pkq3e1pkirw3ssqjfoh.cx.internal.cloudapp.net, ports: [REPLICATION=38319, RATIS=35955, RATIS_ADMIN=35955, RATIS_SERVER=35955, STANDALONE=35485], networkLocation: /default-rack, certSerialId: null, persistedOpState: IN_SERVICE, persistedOpStateExpiryEpochSec: 0}, ReplicationConfig: RATIS/ONE, State:ALLOCATED, leaderId:a1f7f396-dae1-42dc-8cf6-28579b0999f9, CreationTimestamp2021-12-08T16:22:26.172Z[Etc/UTC]] moved to OPEN state
2021-12-08 16:22:29,191 [pool-630-thread-1] INFO  server.RaftServerConfigKeys (ConfUtils.java:logGet(44)) - raft.server.log.appender.buffer.byte-limit = 33554432 (custom)
2021-12-08 16:22:29,209 [pool-630-thread-1] INFO  server.RaftServerConfigKeys (ConfUtils.java:logGet(44)) - raft.server.log.segment.size.max = 1048576 (custom)
2021-12-08 16:22:29,209 [pool-630-thread-1] INFO  server.RaftServerConfigKeys (ConfUtils.java:logGet(44)) - raft.server.log.segment.cache.num.max = 2 (custom)
2021-12-08 16:22:29,209 [pool-630-thread-1] INFO  server.RaftServerConfigKeys (ConfUtils.java:logGet(44)) - raft.server.log.segment.cache.size.max = 200MB (=209715200) (default)
2021-12-08 16:22:29,209 [pool-630-thread-1] INFO  segmented.SegmentedRaftLogWorker (SegmentedRaftLogWorker.java:<init>(182)) - new a1f7f396-dae1-42dc-8cf6-28579b0999f9@group-C07350250565-SegmentedRaftLogWorker for RaftStorageImpl:Storage Directory /home/runner/work/ozone/ozone/hadoop-ozone/integration-test/target/test-dir/MiniOzoneClusterImpl-8a14d41c-4846-44e3-adb6-ff9e2c85b320/datanode-0/data/ratis/ebb98bf6-a7b1-4d40-9116-c07350250565
2021-12-08 16:22:29,210 [pool-630-thread-1] INFO  server.RaftServerConfigKeys (ConfUtils.java:logGet(44)) - raft.server.log.queue.byte-limit = 2147483647 (custom)
2021-12-08 16:22:29,210 [pool-630-thread-1] INFO  server.RaftServerConfigKeys (ConfUtils.java:logGet(44)) - raft.server.log.queue.element-limit = 1024 (custom)
2021-12-08 16:22:29,210 [pool-630-thread-1] INFO  server.RaftServerConfigKeys (ConfUtils.java:logGet(44)) - raft.server.log.segment.size.max = 1048576 (custom)
2021-12-08 16:22:29,210 [pool-630-thread-1] INFO  server.RaftServerConfigKeys (ConfUtils.java:logGet(44)) - raft.server.log.preallocated.size = 16384 (custom)
2021-12-08 16:22:29,210 [pool-630-thread-1] INFO  server.RaftServerConfigKeys (ConfUtils.java:logGet(44)) - raft.server.log.force.sync.num = 128 (default)
2021-12-08 16:22:29,210 [pool-630-thread-1] INFO  server.RaftServerConfigKeys (ConfUtils.java:logGet(44)) - raft.server.log.statemachine.data.sync = true (default)
2021-12-08 16:22:29,210 [pool-630-thread-1] INFO  server.RaftServerConfigKeys (ConfUtils.java:logGet(44)) - raft.server.log.statemachine.data.sync.timeout = 10s (default)
2021-12-08 16:22:29,210 [pool-630-thread-1] INFO  server.RaftServerConfigKeys (ConfUtils.java:logGet(44)) - raft.server.log.statemachine.data.sync.timeout.retry = -1 (default)
2021-12-08 16:22:29,211 [pool-630-thread-1] INFO  server.RaftServerConfigKeys (ConfUtils.java:logGet(44)) - raft.server.log.write.buffer.size = 1048576 (custom)
2021-12-08 16:22:29,211 [pool-630-thread-1] INFO  server.RaftServerConfigKeys (ConfUtils.java:logGet(44)) - raft.server.log.statemachine.data.caching.enabled = true (custom)
2021-12-08 16:22:29,211 [pool-630-thread-1] INFO  segmented.SegmentedRaftLogWorker (SegmentedRaftLogWorker.java:lambda$new$0(133)) - a1f7f396-dae1-42dc-8cf6-28579b0999f9@group-C07350250565-SegmentedRaftLogWorker: flushIndex: setUnconditionally 0 -> -1
2021-12-08 16:22:29,211 [pool-630-thread-1] INFO  segmented.SegmentedRaftLogWorker (SegmentedRaftLogWorker.java:lambda$new$0(133)) - a1f7f396-dae1-42dc-8cf6-28579b0999f9@group-C07350250565-SegmentedRaftLogWorker: safeCacheEvictIndex: setUnconditionally 0 -> -1
2021-12-08 16:22:29,223 [pool-630-thread-1] INFO  server.RaftServerConfigKeys (ConfUtils.java:logGet(44)) - raft.server.snapshot.auto.trigger.enabled = true (custom)
2021-12-08 16:22:29,223 [pool-630-thread-1] INFO  server.RaftServerConfigKeys (ConfUtils.java:logGet(44)) - raft.server.snapshot.auto.trigger.threshold = 10000 (custom)
2021-12-08 16:22:29,223 [pool-630-thread-1] INFO  server.RaftServerConfigKeys (ConfUtils.java:logGet(44)) - raft.server.snapshot.retention.file.num = 5 (custom)
2021-12-08 16:22:29,223 [pool-630-thread-1] INFO  server.RaftServerConfigKeys (ConfUtils.java:logGet(44)) - raft.server.log.purge.upto.snapshot.index = false (default)
2021-12-08 16:22:29,223 [pool-630-thread-1] INFO  server.RaftServerConfigKeys (ConfUtils.java:logGet(44)) - raft.server.retrycache.expirytime = 600000ms (custom)
2021-12-08 16:22:29,223 [pool-630-thread-1] INFO  server.RaftServerConfigKeys (ConfUtils.java:logGet(44)) - raft.server.retrycache.statistics.expirytime = 100μs (default)
2021-12-08 16:22:29,230 [pool-630-thread-1] INFO  server.RaftServer$Division (RaftServerImpl.java:start(301)) - a1f7f396-dae1-42dc-8cf6-28579b0999f9@group-C07350250565: start as a follower, conf=-1: [a1f7f396-dae1-42dc-8cf6-28579b0999f9|rpc:10.1.0.47:35955|priority:1], old=null
2021-12-08 16:22:29,230 [pool-630-thread-1] INFO  server.RaftServer$Division (RaftServerImpl.java:setRole(290)) - a1f7f396-dae1-42dc-8cf6-28579b0999f9@group-C07350250565: changes role from      null to FOLLOWER at term 0 for startAsFollower
2021-12-08 16:22:29,231 [pool-630-thread-1] INFO  impl.RoleInfo (RoleInfo.java:updateAndGet(130)) - a1f7f396-dae1-42dc-8cf6-28579b0999f9: start a1f7f396-dae1-42dc-8cf6-28579b0999f9@group-C07350250565-FollowerState
2021-12-08 16:22:29,231 [EventQueue-OpenPipelineForHealthyPipelineSafeModeRule] INFO  safemode.SCMSafeModeManager (HealthyPipelineSafeModeRule.java:process(124)) - SCM in safe mode. Healthy pipelines reported count is 0, required healthy pipeline reported count is 1
2021-12-08 16:22:29,249 [pool-630-thread-1] INFO  util.JmxRegister (JmxRegister.java:tryRegister(44)) - Successfully registered JMX Bean with object name Ratis:service=RaftServer,group=group-C07350250565,id=a1f7f396-dae1-42dc-8cf6-28579b0999f9
2021-12-08 16:22:29,250 [Command processor thread] INFO  ratis.XceiverServerRatis (XceiverServerRatis.java:addGroup(768)) - Created group PipelineID=ebb98bf6-a7b1-4d40-9116-c07350250565
2021-12-08 16:22:29,250 [Command processor thread] INFO  commandhandler.CreatePipelineCommandHandler (CreatePipelineCommandHandler.java:handle(106)) - Created Pipeline RATIS ONE PipelineID=ebb98bf6-a7b1-4d40-9116-c07350250565.
2021-12-08 16:22:29,250 [Command processor thread] INFO  server.RaftServer (RaftServerProxy.java:addNew(95)) - a1f7f396-dae1-42dc-8cf6-28579b0999f9: addNew group-1A772BA897FB:[a1f7f396-dae1-42dc-8cf6-28579b0999f9|rpc:10.1.0.47:35955|priority:0, c1245a2b-ba94-48c8-ae92-16a28277bc37|rpc:10.1.0.47:36095|priority:1, 59207186-1f34-4c82-b1d4-26fdc8060eb3|rpc:10.1.0.47:34387|priority:0] returns group-1A772BA897FB:java.util.concurrent.CompletableFuture@4857729f[Not completed]
2021-12-08 16:22:29,251 [pool-630-thread-1] INFO  server.RaftServer$Division (RaftServerImpl.java:<init>(184)) - a1f7f396-dae1-42dc-8cf6-28579b0999f9: new RaftServerImpl for group-1A772BA897FB:[a1f7f396-dae1-42dc-8cf6-28579b0999f9|rpc:10.1.0.47:35955|priority:0, c1245a2b-ba94-48c8-ae92-16a28277bc37|rpc:10.1.0.47:36095|priority:1, 59207186-1f34-4c82-b1d4-26fdc8060eb3|rpc:10.1.0.47:34387|priority:0] with ContainerStateMachine:uninitialized
2021-12-08 16:22:29,251 [pool-630-thread-1] INFO  server.RaftServerConfigKeys (ConfUtils.java:logGet(44)) - raft.server.rpc.timeout.min = 5s (custom)
2021-12-08 16:22:29,251 [pool-630-thread-1] INFO  server.RaftServerConfigKeys (ConfUtils.java:logGet(44)) - raft.server.rpc.timeout.max = 5200ms (custom)
2021-12-08 16:22:29,251 [pool-630-thread-1] INFO  server.RaftServerConfigKeys (ConfUtils.java:logGet(44)) - raft.server.rpc.sleep.time = 25ms (default)
2021-12-08 16:22:29,251 [pool-630-thread-1] INFO  server.RaftServerConfigKeys (ConfUtils.java:logGet(44)) - raft.server.rpc.slowness.timeout = 300s (custom)
2021-12-08 16:22:29,251 [pool-630-thread-1] INFO  server.RaftServerConfigKeys (ConfUtils.java:logGet(44)) - raft.server.leaderelection.leader.step-down.wait-time = 10s (default)
2021-12-08 16:22:29,251 [pool-630-thread-1] INFO  server.RaftServerConfigKeys (ConfUtils.java:logGet(44)) - raft.server.sleep.deviation.threshold = 300ms (default)
2021-12-08 16:22:29,251 [pool-630-thread-1] INFO  server.RaftServerConfigKeys (ConfUtils.java:logGet(44)) - raft.server.log.appender.install.snapshot.enabled = false (custom)
2021-12-08 16:22:29,251 [pool-630-thread-1] INFO  server.RaftServer$Division (ServerState.java:<init>(105)) - a1f7f396-dae1-42dc-8cf6-28579b0999f9@group-1A772BA897FB: ConfigurationManager, init=-1: [a1f7f396-dae1-42dc-8cf6-28579b0999f9|rpc:10.1.0.47:35955|priority:0, c1245a2b-ba94-48c8-ae92-16a28277bc37|rpc:10.1.0.47:36095|priority:1, 59207186-1f34-4c82-b1d4-26fdc8060eb3|rpc:10.1.0.47:34387|priority:0], old=null, confs=<EMPTY_MAP>
2021-12-08 16:22:29,251 [pool-630-thread-1] INFO  server.RaftServerConfigKeys (ConfUtils.java:logGet(44)) - raft.server.storage.dir = [/home/runner/work/ozone/ozone/hadoop-ozone/integration-test/target/test-dir/MiniOzoneClusterImpl-8a14d41c-4846-44e3-adb6-ff9e2c85b320/datanode-0/data/ratis] (custom)
2021-12-08 16:22:29,251 [pool-630-thread-1] INFO  server.RaftServerConfigKeys (ConfUtils.java:logGet(44)) - raft.server.log.corruption.policy = EXCEPTION (default)
2021-12-08 16:22:29,251 [pool-630-thread-1] INFO  server.RaftServerConfigKeys (ConfUtils.java:logGet(44)) - raft.server.storage.free-space.min = 0MB (=0) (default)
2021-12-08 16:22:29,251 [pool-630-thread-1] INFO  storage.RaftStorageDirectory (RaftStorageDirectoryImpl.java:analyzeStorage(135)) - The storage directory /home/runner/work/ozone/ozone/hadoop-ozone/integration-test/target/test-dir/MiniOzoneClusterImpl-8a14d41c-4846-44e3-adb6-ff9e2c85b320/datanode-0/data/ratis/dede2fa2-b5da-4468-ba4c-1a772ba897fb does not exist. Creating ...
2021-12-08 16:22:29,253 [pool-630-thread-1] INFO  storage.RaftStorageDirectory (RaftStorageDirectoryImpl.java:tryLock(230)) - Lock on /home/runner/work/ozone/ozone/hadoop-ozone/integration-test/target/test-dir/MiniOzoneClusterImpl-8a14d41c-4846-44e3-adb6-ff9e2c85b320/datanode-0/data/ratis/dede2fa2-b5da-4468-ba4c-1a772ba897fb/in_use.lock acquired by nodename 9760@fv-az59-681
2021-12-08 16:22:29,254 [pool-630-thread-1] INFO  storage.RaftStorage (RaftStorageImpl.java:format(89)) - Storage directory /home/runner/work/ozone/ozone/hadoop-ozone/integration-test/target/test-dir/MiniOzoneClusterImpl-8a14d41c-4846-44e3-adb6-ff9e2c85b320/datanode-0/data/ratis/dede2fa2-b5da-4468-ba4c-1a772ba897fb has been successfully formatted.
2021-12-08 16:22:29,255 [pool-630-thread-1] INFO  ratis.ContainerStateMachine (ContainerStateMachine.java:loadSnapshot(231)) - group-1A772BA897FB: The snapshot info is null. Setting the last applied indexto:(t:0, i:~)
2021-12-08 16:22:29,256 [pool-630-thread-1] INFO  server.RaftServerConfigKeys (ConfUtils.java:logGet(44)) - raft.server.notification.no-leader.timeout = 300s (custom)
2021-12-08 16:22:29,256 [pool-630-thread-1] INFO  server.RaftServerConfigKeys (ConfUtils.java:logGet(44)) - raft.server.log.use.memory = false (default)
2021-12-08 16:22:29,256 [pool-630-thread-1] INFO  server.RaftServerConfigKeys (ConfUtils.java:logGet(44)) - raft.server.log.purge.gap = 1000000 (custom)
2021-12-08 16:22:29,256 [pool-630-thread-1] INFO  server.RaftServerConfigKeys (ConfUtils.java:logGet(44)) - raft.server.log.appender.buffer.byte-limit = 33554432 (custom)
2021-12-08 16:22:29,256 [pool-630-thread-1] INFO  server.RaftServerConfigKeys (ConfUtils.java:logGet(44)) - raft.server.log.segment.size.max = 1048576 (custom)
2021-12-08 16:22:29,256 [pool-630-thread-1] INFO  server.RaftServerConfigKeys (ConfUtils.java:logGet(44)) - raft.server.log.segment.cache.num.max = 2 (custom)
2021-12-08 16:22:29,256 [pool-630-thread-1] INFO  server.RaftServerConfigKeys (ConfUtils.java:logGet(44)) - raft.server.log.segment.cache.size.max = 200MB (=209715200) (default)
2021-12-08 16:22:29,256 [pool-630-thread-1] INFO  segmented.SegmentedRaftLogWorker (SegmentedRaftLogWorker.java:<init>(182)) - new a1f7f396-dae1-42dc-8cf6-28579b0999f9@group-1A772BA897FB-SegmentedRaftLogWorker for RaftStorageImpl:Storage Directory /home/runner/work/ozone/ozone/hadoop-ozone/integration-test/target/test-dir/MiniOzoneClusterImpl-8a14d41c-4846-44e3-adb6-ff9e2c85b320/datanode-0/data/ratis/dede2fa2-b5da-4468-ba4c-1a772ba897fb
2021-12-08 16:22:29,257 [pool-630-thread-1] INFO  server.RaftServerConfigKeys (ConfUtils.java:logGet(44)) - raft.server.log.queue.byte-limit = 2147483647 (custom)
2021-12-08 16:22:29,257 [pool-630-thread-1] INFO  server.RaftServerConfigKeys (ConfUtils.java:logGet(44)) - raft.server.log.queue.element-limit = 1024 (custom)
2021-12-08 16:22:29,257 [pool-630-thread-1] INFO  server.RaftServerConfigKeys (ConfUtils.java:logGet(44)) - raft.server.log.segment.size.max = 1048576 (custom)
2021-12-08 16:22:29,257 [pool-630-thread-1] INFO  server.RaftServerConfigKeys (ConfUtils.java:logGet(44)) - raft.server.log.preallocated.size = 16384 (custom)
2021-12-08 16:22:29,257 [pool-630-thread-1] INFO  server.RaftServerConfigKeys (ConfUtils.java:logGet(44)) - raft.server.log.force.sync.num = 128 (default)
2021-12-08 16:22:29,257 [pool-630-thread-1] INFO  server.RaftServerConfigKeys (ConfUtils.java:logGet(44)) - raft.server.log.statemachine.data.sync = true (default)
2021-12-08 16:22:29,257 [pool-630-thread-1] INFO  server.RaftServerConfigKeys (ConfUtils.java:logGet(44)) - raft.server.log.statemachine.data.sync.timeout = 10s (default)
2021-12-08 16:22:29,257 [pool-630-thread-1] INFO  server.RaftServerConfigKeys (ConfUtils.java:logGet(44)) - raft.server.log.statemachine.data.sync.timeout.retry = -1 (default)
2021-12-08 16:22:29,258 [pool-630-thread-1] INFO  server.RaftServerConfigKeys (ConfUtils.java:logGet(44)) - raft.server.log.write.buffer.size = 1048576 (custom)
2021-12-08 16:22:29,258 [pool-630-thread-1] INFO  server.RaftServerConfigKeys (ConfUtils.java:logGet(44)) - raft.server.log.statemachine.data.caching.enabled = true (custom)
2021-12-08 16:22:29,259 [pool-630-thread-1] INFO  segmented.SegmentedRaftLogWorker (SegmentedRaftLogWorker.java:lambda$new$0(133)) - a1f7f396-dae1-42dc-8cf6-28579b0999f9@group-1A772BA897FB-SegmentedRaftLogWorker: flushIndex: setUnconditionally 0 -> -1
2021-12-08 16:22:29,259 [pool-630-thread-1] INFO  segmented.SegmentedRaftLogWorker (SegmentedRaftLogWorker.java:lambda$new$0(133)) - a1f7f396-dae1-42dc-8cf6-28579b0999f9@group-1A772BA897FB-SegmentedRaftLogWorker: safeCacheEvictIndex: setUnconditionally 0 -> -1
2021-12-08 16:22:29,259 [EventQueue-OpenPipelineForHealthyPipelineSafeModeRule] INFO  safemode.SCMSafeModeManager (HealthyPipelineSafeModeRule.java:process(124)) - SCM in safe mode. Healthy pipelines reported count is 0, required healthy pipeline reported count is 1
2021-12-08 16:22:29,307 [pool-630-thread-1] INFO  server.RaftServerConfigKeys (ConfUtils.java:logGet(44)) - raft.server.snapshot.auto.trigger.enabled = true (custom)
2021-12-08 16:22:29,307 [pool-630-thread-1] INFO  server.RaftServerConfigKeys (ConfUtils.java:logGet(44)) - raft.server.snapshot.auto.trigger.threshold = 10000 (custom)
2021-12-08 16:22:29,307 [pool-630-thread-1] INFO  server.RaftServerConfigKeys (ConfUtils.java:logGet(44)) - raft.server.snapshot.retention.file.num = 5 (custom)
2021-12-08 16:22:29,307 [pool-630-thread-1] INFO  server.RaftServerConfigKeys (ConfUtils.java:logGet(44)) - raft.server.log.purge.upto.snapshot.index = false (default)
2021-12-08 16:22:29,307 [pool-630-thread-1] INFO  server.RaftServerConfigKeys (ConfUtils.java:logGet(44)) - raft.server.retrycache.expirytime = 600000ms (custom)
2021-12-08 16:22:29,307 [pool-630-thread-1] INFO  server.RaftServerConfigKeys (ConfUtils.java:logGet(44)) - raft.server.retrycache.statistics.expirytime = 100μs (default)
2021-12-08 16:22:29,308 [pool-630-thread-1] INFO  server.RaftServer$Division (RaftServerImpl.java:start(301)) - a1f7f396-dae1-42dc-8cf6-28579b0999f9@group-1A772BA897FB: start as a follower, conf=-1: [a1f7f396-dae1-42dc-8cf6-28579b0999f9|rpc:10.1.0.47:35955|priority:0, c1245a2b-ba94-48c8-ae92-16a28277bc37|rpc:10.1.0.47:36095|priority:1, 59207186-1f34-4c82-b1d4-26fdc8060eb3|rpc:10.1.0.47:34387|priority:0], old=null
2021-12-08 16:22:29,308 [pool-630-thread-1] INFO  server.RaftServer$Division (RaftServerImpl.java:setRole(290)) - a1f7f396-dae1-42dc-8cf6-28579b0999f9@group-1A772BA897FB: changes role from      null to FOLLOWER at term 0 for startAsFollower
2021-12-08 16:22:29,308 [pool-630-thread-1] INFO  impl.RoleInfo (RoleInfo.java:updateAndGet(130)) - a1f7f396-dae1-42dc-8cf6-28579b0999f9: start a1f7f396-dae1-42dc-8cf6-28579b0999f9@group-1A772BA897FB-FollowerState
2021-12-08 16:22:29,313 [pool-630-thread-1] INFO  util.JmxRegister (JmxRegister.java:tryRegister(44)) - Successfully registered JMX Bean with object name Ratis:service=RaftServer,group=group-1A772BA897FB,id=a1f7f396-dae1-42dc-8cf6-28579b0999f9
2021-12-08 16:22:29,346 [Command processor thread] INFO  ratis.XceiverServerRatis (XceiverServerRatis.java:addGroup(768)) - Created group PipelineID=dede2fa2-b5da-4468-ba4c-1a772ba897fb
2021-12-08 16:22:29,419 [grpc-default-executor-0] INFO  server.RaftServer (RaftServerProxy.java:addNew(95)) - c1245a2b-ba94-48c8-ae92-16a28277bc37: addNew group-1A772BA897FB:[a1f7f396-dae1-42dc-8cf6-28579b0999f9|rpc:10.1.0.47:35955|dataStream:|priority:0, c1245a2b-ba94-48c8-ae92-16a28277bc37|rpc:10.1.0.47:36095|dataStream:|priority:1, 59207186-1f34-4c82-b1d4-26fdc8060eb3|rpc:10.1.0.47:34387|dataStream:|priority:0] returns group-1A772BA897FB:java.util.concurrent.CompletableFuture@4bc9d451[Not completed]
2021-12-08 16:22:29,420 [pool-651-thread-1] INFO  server.RaftServer$Division (RaftServerImpl.java:<init>(184)) - c1245a2b-ba94-48c8-ae92-16a28277bc37: new RaftServerImpl for group-1A772BA897FB:[a1f7f396-dae1-42dc-8cf6-28579b0999f9|rpc:10.1.0.47:35955|dataStream:|priority:0, c1245a2b-ba94-48c8-ae92-16a28277bc37|rpc:10.1.0.47:36095|dataStream:|priority:1, 59207186-1f34-4c82-b1d4-26fdc8060eb3|rpc:10.1.0.47:34387|dataStream:|priority:0] with ContainerStateMachine:uninitialized
2021-12-08 16:22:29,423 [Listener at 127.0.0.1/38865] INFO  ozone.MiniOzoneClusterImpl (MiniOzoneClusterImpl.java:lambda$waitForClusterToBeReady$0(235)) - Nodes are ready. Got 3 of 3 DN Heartbeats.
2021-12-08 16:22:29,423 [Listener at 127.0.0.1/38865] INFO  ozone.MiniOzoneClusterImpl (MiniOzoneClusterImpl.java:lambda$waitForClusterToBeReady$0(238)) - Waiting for cluster to exit safe mode
2021-12-08 16:22:29,423 [Listener at 127.0.0.1/38865] INFO  ozone.MiniOzoneClusterImpl (MiniOzoneClusterImpl.java:lambda$waitForClusterToBeReady$0(240)) - SCM became leader
2021-12-08 16:22:29,424 [pool-651-thread-1] INFO  server.RaftServerConfigKeys (ConfUtils.java:logGet(44)) - raft.server.rpc.timeout.min = 5s (custom)
2021-12-08 16:22:29,424 [pool-651-thread-1] INFO  server.RaftServerConfigKeys (ConfUtils.java:logGet(44)) - raft.server.rpc.timeout.max = 5200ms (custom)
2021-12-08 16:22:29,424 [pool-651-thread-1] INFO  server.RaftServerConfigKeys (ConfUtils.java:logGet(44)) - raft.server.rpc.sleep.time = 25ms (default)
2021-12-08 16:22:29,424 [pool-651-thread-1] INFO  server.RaftServerConfigKeys (ConfUtils.java:logGet(44)) - raft.server.rpc.slowness.timeout = 300s (custom)
2021-12-08 16:22:29,424 [pool-651-thread-1] INFO  server.RaftServerConfigKeys (ConfUtils.java:logGet(44)) - raft.server.leaderelection.leader.step-down.wait-time = 10s (default)
2021-12-08 16:22:29,424 [pool-651-thread-1] INFO  server.RaftServerConfigKeys (ConfUtils.java:logGet(44)) - raft.server.sleep.deviation.threshold = 300ms (default)
2021-12-08 16:22:29,424 [pool-651-thread-1] INFO  server.RaftServerConfigKeys (ConfUtils.java:logGet(44)) - raft.server.log.appender.install.snapshot.enabled = false (custom)
2021-12-08 16:22:29,424 [pool-651-thread-1] INFO  server.RaftServer$Division (ServerState.java:<init>(105)) - c1245a2b-ba94-48c8-ae92-16a28277bc37@group-1A772BA897FB: ConfigurationManager, init=-1: [a1f7f396-dae1-42dc-8cf6-28579b0999f9|rpc:10.1.0.47:35955|dataStream:|priority:0, c1245a2b-ba94-48c8-ae92-16a28277bc37|rpc:10.1.0.47:36095|dataStream:|priority:1, 59207186-1f34-4c82-b1d4-26fdc8060eb3|rpc:10.1.0.47:34387|dataStream:|priority:0], old=null, confs=<EMPTY_MAP>
2021-12-08 16:22:29,424 [pool-651-thread-1] INFO  server.RaftServerConfigKeys (ConfUtils.java:logGet(44)) - raft.server.storage.dir = [/home/runner/work/ozone/ozone/hadoop-ozone/integration-test/target/test-dir/MiniOzoneClusterImpl-8a14d41c-4846-44e3-adb6-ff9e2c85b320/datanode-1/data/ratis] (custom)
2021-12-08 16:22:29,425 [pool-651-thread-1] INFO  server.RaftServerConfigKeys (ConfUtils.java:logGet(44)) - raft.server.log.corruption.policy = EXCEPTION (default)
2021-12-08 16:22:29,425 [pool-651-thread-1] INFO  server.RaftServerConfigKeys (ConfUtils.java:logGet(44)) - raft.server.storage.free-space.min = 0MB (=0) (default)
2021-12-08 16:22:29,425 [pool-651-thread-1] INFO  storage.RaftStorageDirectory (RaftStorageDirectoryImpl.java:analyzeStorage(135)) - The storage directory /home/runner/work/ozone/ozone/hadoop-ozone/integration-test/target/test-dir/MiniOzoneClusterImpl-8a14d41c-4846-44e3-adb6-ff9e2c85b320/datanode-1/data/ratis/dede2fa2-b5da-4468-ba4c-1a772ba897fb does not exist. Creating ...
2021-12-08 16:22:29,446 [pool-651-thread-1] INFO  storage.RaftStorageDirectory (RaftStorageDirectoryImpl.java:tryLock(230)) - Lock on /home/runner/work/ozone/ozone/hadoop-ozone/integration-test/target/test-dir/MiniOzoneClusterImpl-8a14d41c-4846-44e3-adb6-ff9e2c85b320/datanode-1/data/ratis/dede2fa2-b5da-4468-ba4c-1a772ba897fb/in_use.lock acquired by nodename 9760@fv-az59-681
2021-12-08 16:22:29,447 [pool-651-thread-1] INFO  storage.RaftStorage (RaftStorageImpl.java:format(89)) - Storage directory /home/runner/work/ozone/ozone/hadoop-ozone/integration-test/target/test-dir/MiniOzoneClusterImpl-8a14d41c-4846-44e3-adb6-ff9e2c85b320/datanode-1/data/ratis/dede2fa2-b5da-4468-ba4c-1a772ba897fb has been successfully formatted.
2021-12-08 16:22:29,496 [pool-651-thread-1] INFO  ratis.ContainerStateMachine (ContainerStateMachine.java:loadSnapshot(231)) - group-1A772BA897FB: The snapshot info is null. Setting the last applied indexto:(t:0, i:~)
2021-12-08 16:22:29,497 [pool-651-thread-1] INFO  server.RaftServerConfigKeys (ConfUtils.java:logGet(44)) - raft.server.notification.no-leader.timeout = 300s (custom)
2021-12-08 16:22:29,497 [pool-651-thread-1] INFO  server.RaftServerConfigKeys (ConfUtils.java:logGet(44)) - raft.server.log.use.memory = false (default)
2021-12-08 16:22:29,497 [pool-651-thread-1] INFO  server.RaftServerConfigKeys (ConfUtils.java:logGet(44)) - raft.server.log.purge.gap = 1000000 (custom)
2021-12-08 16:22:29,497 [pool-651-thread-1] INFO  server.RaftServerConfigKeys (ConfUtils.java:logGet(44)) - raft.server.log.appender.buffer.byte-limit = 33554432 (custom)
2021-12-08 16:22:29,497 [pool-651-thread-1] INFO  server.RaftServerConfigKeys (ConfUtils.java:logGet(44)) - raft.server.log.segment.size.max = 1048576 (custom)
2021-12-08 16:22:29,497 [pool-651-thread-1] INFO  server.RaftServerConfigKeys (ConfUtils.java:logGet(44)) - raft.server.log.segment.cache.num.max = 2 (custom)
2021-12-08 16:22:29,497 [pool-651-thread-1] INFO  server.RaftServerConfigKeys (ConfUtils.java:logGet(44)) - raft.server.log.segment.cache.size.max = 200MB (=209715200) (default)
2021-12-08 16:22:29,497 [pool-651-thread-1] INFO  segmented.SegmentedRaftLogWorker (SegmentedRaftLogWorker.java:<init>(182)) - new c1245a2b-ba94-48c8-ae92-16a28277bc37@group-1A772BA897FB-SegmentedRaftLogWorker for RaftStorageImpl:Storage Directory /home/runner/work/ozone/ozone/hadoop-ozone/integration-test/target/test-dir/MiniOzoneClusterImpl-8a14d41c-4846-44e3-adb6-ff9e2c85b320/datanode-1/data/ratis/dede2fa2-b5da-4468-ba4c-1a772ba897fb
2021-12-08 16:22:29,497 [pool-651-thread-1] INFO  server.RaftServerConfigKeys (ConfUtils.java:logGet(44)) - raft.server.log.queue.byte-limit = 2147483647 (custom)
2021-12-08 16:22:29,497 [pool-651-thread-1] INFO  server.RaftServerConfigKeys (ConfUtils.java:logGet(44)) - raft.server.log.queue.element-limit = 1024 (custom)
2021-12-08 16:22:29,497 [pool-651-thread-1] INFO  server.RaftServerConfigKeys (ConfUtils.java:logGet(44)) - raft.server.log.segment.size.max = 1048576 (custom)
2021-12-08 16:22:29,497 [pool-651-thread-1] INFO  server.RaftServerConfigKeys (ConfUtils.java:logGet(44)) - raft.server.log.preallocated.size = 16384 (custom)
2021-12-08 16:22:29,497 [pool-651-thread-1] INFO  server.RaftServerConfigKeys (ConfUtils.java:logGet(44)) - raft.server.log.force.sync.num = 128 (default)
2021-12-08 16:22:29,497 [pool-651-thread-1] INFO  server.RaftServerConfigKeys (ConfUtils.java:logGet(44)) - raft.server.log.statemachine.data.sync = true (default)
2021-12-08 16:22:29,498 [pool-651-thread-1] INFO  server.RaftServerConfigKeys (ConfUtils.java:logGet(44)) - raft.server.log.statemachine.data.sync.timeout = 10s (default)
2021-12-08 16:22:29,498 [pool-651-thread-1] INFO  server.RaftServerConfigKeys (ConfUtils.java:logGet(44)) - raft.server.log.statemachine.data.sync.timeout.retry = -1 (default)
2021-12-08 16:22:29,498 [pool-651-thread-1] INFO  server.RaftServerConfigKeys (ConfUtils.java:logGet(44)) - raft.server.log.write.buffer.size = 1048576 (custom)
2021-12-08 16:22:29,498 [pool-651-thread-1] INFO  server.RaftServerConfigKeys (ConfUtils.java:logGet(44)) - raft.server.log.statemachine.data.caching.enabled = true (custom)
2021-12-08 16:22:29,499 [pool-651-thread-1] INFO  segmented.SegmentedRaftLogWorker (SegmentedRaftLogWorker.java:lambda$new$0(133)) - c1245a2b-ba94-48c8-ae92-16a28277bc37@group-1A772BA897FB-SegmentedRaftLogWorker: flushIndex: setUnconditionally 0 -> -1
2021-12-08 16:22:29,499 [pool-651-thread-1] INFO  segmented.SegmentedRaftLogWorker (SegmentedRaftLogWorker.java:lambda$new$0(133)) - c1245a2b-ba94-48c8-ae92-16a28277bc37@group-1A772BA897FB-SegmentedRaftLogWorker: safeCacheEvictIndex: setUnconditionally 0 -> -1
2021-12-08 16:22:29,519 [pool-651-thread-1] INFO  server.RaftServerConfigKeys (ConfUtils.java:logGet(44)) - raft.server.snapshot.auto.trigger.enabled = true (custom)
2021-12-08 16:22:29,519 [pool-651-thread-1] INFO  server.RaftServerConfigKeys (ConfUtils.java:logGet(44)) - raft.server.snapshot.auto.trigger.threshold = 10000 (custom)
2021-12-08 16:22:29,519 [pool-651-thread-1] INFO  server.RaftServerConfigKeys (ConfUtils.java:logGet(44)) - raft.server.snapshot.retention.file.num = 5 (custom)
2021-12-08 16:22:29,519 [pool-651-thread-1] INFO  server.RaftServerConfigKeys (ConfUtils.java:logGet(44)) - raft.server.log.purge.upto.snapshot.index = false (default)
2021-12-08 16:22:29,520 [pool-651-thread-1] INFO  server.RaftServerConfigKeys (ConfUtils.java:logGet(44)) - raft.server.retrycache.expirytime = 600000ms (custom)
2021-12-08 16:22:29,520 [pool-651-thread-1] INFO  server.RaftServerConfigKeys (ConfUtils.java:logGet(44)) - raft.server.retrycache.statistics.expirytime = 100μs (default)
2021-12-08 16:22:29,521 [pool-651-thread-1] INFO  server.RaftServer$Division (RaftServerImpl.java:start(301)) - c1245a2b-ba94-48c8-ae92-16a28277bc37@group-1A772BA897FB: start as a follower, conf=-1: [a1f7f396-dae1-42dc-8cf6-28579b0999f9|rpc:10.1.0.47:35955|dataStream:|priority:0, c1245a2b-ba94-48c8-ae92-16a28277bc37|rpc:10.1.0.47:36095|dataStream:|priority:1, 59207186-1f34-4c82-b1d4-26fdc8060eb3|rpc:10.1.0.47:34387|dataStream:|priority:0], old=null
2021-12-08 16:22:29,521 [pool-651-thread-1] INFO  server.RaftServer$Division (RaftServerImpl.java:setRole(290)) - c1245a2b-ba94-48c8-ae92-16a28277bc37@group-1A772BA897FB: changes role from      null to FOLLOWER at term 0 for startAsFollower
2021-12-08 16:22:29,521 [pool-651-thread-1] INFO  impl.RoleInfo (RoleInfo.java:updateAndGet(130)) - c1245a2b-ba94-48c8-ae92-16a28277bc37: start c1245a2b-ba94-48c8-ae92-16a28277bc37@group-1A772BA897FB-FollowerState
2021-12-08 16:22:29,536 [pool-651-thread-1] INFO  util.JmxRegister (JmxRegister.java:tryRegister(44)) - Successfully registered JMX Bean with object name Ratis:service=RaftServer,group=group-1A772BA897FB,id=c1245a2b-ba94-48c8-ae92-16a28277bc37
2021-12-08 16:22:29,635 [grpc-default-executor-0] INFO  server.RaftServer (RaftServerProxy.java:addNew(95)) - 59207186-1f34-4c82-b1d4-26fdc8060eb3: addNew group-1A772BA897FB:[a1f7f396-dae1-42dc-8cf6-28579b0999f9|rpc:10.1.0.47:35955|dataStream:|priority:0, c1245a2b-ba94-48c8-ae92-16a28277bc37|rpc:10.1.0.47:36095|dataStream:|priority:1, 59207186-1f34-4c82-b1d4-26fdc8060eb3|rpc:10.1.0.47:34387|dataStream:|priority:0] returns group-1A772BA897FB:java.util.concurrent.CompletableFuture@68c3cf01[Not completed]
2021-12-08 16:22:29,636 [pool-672-thread-1] INFO  server.RaftServer$Division (RaftServerImpl.java:<init>(184)) - 59207186-1f34-4c82-b1d4-26fdc8060eb3: new RaftServerImpl for group-1A772BA897FB:[a1f7f396-dae1-42dc-8cf6-28579b0999f9|rpc:10.1.0.47:35955|dataStream:|priority:0, c1245a2b-ba94-48c8-ae92-16a28277bc37|rpc:10.1.0.47:36095|dataStream:|priority:1, 59207186-1f34-4c82-b1d4-26fdc8060eb3|rpc:10.1.0.47:34387|dataStream:|priority:0] with ContainerStateMachine:uninitialized
2021-12-08 16:22:29,642 [pool-672-thread-1] INFO  server.RaftServerConfigKeys (ConfUtils.java:logGet(44)) - raft.server.rpc.timeout.min = 5s (custom)
2021-12-08 16:22:29,642 [pool-672-thread-1] INFO  server.RaftServerConfigKeys (ConfUtils.java:logGet(44)) - raft.server.rpc.timeout.max = 5200ms (custom)
2021-12-08 16:22:29,642 [pool-672-thread-1] INFO  server.RaftServerConfigKeys (ConfUtils.java:logGet(44)) - raft.server.rpc.sleep.time = 25ms (default)
2021-12-08 16:22:29,643 [pool-672-thread-1] INFO  server.RaftServerConfigKeys (ConfUtils.java:logGet(44)) - raft.server.rpc.slowness.timeout = 300s (custom)
2021-12-08 16:22:29,643 [pool-672-thread-1] INFO  server.RaftServerConfigKeys (ConfUtils.java:logGet(44)) - raft.server.leaderelection.leader.step-down.wait-time = 10s (default)
2021-12-08 16:22:29,643 [pool-672-thread-1] INFO  server.RaftServerConfigKeys (ConfUtils.java:logGet(44)) - raft.server.sleep.deviation.threshold = 300ms (default)
2021-12-08 16:22:29,643 [pool-672-thread-1] INFO  server.RaftServerConfigKeys (ConfUtils.java:logGet(44)) - raft.server.log.appender.install.snapshot.enabled = false (custom)
2021-12-08 16:22:29,643 [pool-672-thread-1] INFO  server.RaftServer$Division (ServerState.java:<init>(105)) - 59207186-1f34-4c82-b1d4-26fdc8060eb3@group-1A772BA897FB: ConfigurationManager, init=-1: [a1f7f396-dae1-42dc-8cf6-28579b0999f9|rpc:10.1.0.47:35955|dataStream:|priority:0, c1245a2b-ba94-48c8-ae92-16a28277bc37|rpc:10.1.0.47:36095|dataStream:|priority:1, 59207186-1f34-4c82-b1d4-26fdc8060eb3|rpc:10.1.0.47:34387|dataStream:|priority:0], old=null, confs=<EMPTY_MAP>
2021-12-08 16:22:29,643 [pool-672-thread-1] INFO  server.RaftServerConfigKeys (ConfUtils.java:logGet(44)) - raft.server.storage.dir = [/home/runner/work/ozone/ozone/hadoop-ozone/integration-test/target/test-dir/MiniOzoneClusterImpl-8a14d41c-4846-44e3-adb6-ff9e2c85b320/datanode-2/data/ratis] (custom)
2021-12-08 16:22:29,643 [pool-672-thread-1] INFO  server.RaftServerConfigKeys (ConfUtils.java:logGet(44)) - raft.server.log.corruption.policy = EXCEPTION (default)
2021-12-08 16:22:29,643 [pool-672-thread-1] INFO  server.RaftServerConfigKeys (ConfUtils.java:logGet(44)) - raft.server.storage.free-space.min = 0MB (=0) (default)
2021-12-08 16:22:29,643 [pool-672-thread-1] INFO  storage.RaftStorageDirectory (RaftStorageDirectoryImpl.java:analyzeStorage(135)) - The storage directory /home/runner/work/ozone/ozone/hadoop-ozone/integration-test/target/test-dir/MiniOzoneClusterImpl-8a14d41c-4846-44e3-adb6-ff9e2c85b320/datanode-2/data/ratis/dede2fa2-b5da-4468-ba4c-1a772ba897fb does not exist. Creating ...
2021-12-08 16:22:29,644 [pool-672-thread-1] INFO  storage.RaftStorageDirectory (RaftStorageDirectoryImpl.java:tryLock(230)) - Lock on /home/runner/work/ozone/ozone/hadoop-ozone/integration-test/target/test-dir/MiniOzoneClusterImpl-8a14d41c-4846-44e3-adb6-ff9e2c85b320/datanode-2/data/ratis/dede2fa2-b5da-4468-ba4c-1a772ba897fb/in_use.lock acquired by nodename 9760@fv-az59-681
2021-12-08 16:22:29,645 [pool-672-thread-1] INFO  storage.RaftStorage (RaftStorageImpl.java:format(89)) - Storage directory /home/runner/work/ozone/ozone/hadoop-ozone/integration-test/target/test-dir/MiniOzoneClusterImpl-8a14d41c-4846-44e3-adb6-ff9e2c85b320/datanode-2/data/ratis/dede2fa2-b5da-4468-ba4c-1a772ba897fb has been successfully formatted.
2021-12-08 16:22:29,655 [pool-672-thread-1] INFO  ratis.ContainerStateMachine (ContainerStateMachine.java:loadSnapshot(231)) - group-1A772BA897FB: The snapshot info is null. Setting the last applied indexto:(t:0, i:~)
2021-12-08 16:22:29,655 [pool-672-thread-1] INFO  server.RaftServerConfigKeys (ConfUtils.java:logGet(44)) - raft.server.notification.no-leader.timeout = 300s (custom)
2021-12-08 16:22:29,655 [pool-672-thread-1] INFO  server.RaftServerConfigKeys (ConfUtils.java:logGet(44)) - raft.server.log.use.memory = false (default)
2021-12-08 16:22:29,655 [pool-672-thread-1] INFO  server.RaftServerConfigKeys (ConfUtils.java:logGet(44)) - raft.server.log.purge.gap = 1000000 (custom)
2021-12-08 16:22:29,655 [pool-672-thread-1] INFO  server.RaftServerConfigKeys (ConfUtils.java:logGet(44)) - raft.server.log.appender.buffer.byte-limit = 33554432 (custom)
2021-12-08 16:22:29,655 [pool-672-thread-1] INFO  server.RaftServerConfigKeys (ConfUtils.java:logGet(44)) - raft.server.log.segment.size.max = 1048576 (custom)
2021-12-08 16:22:29,656 [pool-672-thread-1] INFO  server.RaftServerConfigKeys (ConfUtils.java:logGet(44)) - raft.server.log.segment.cache.num.max = 2 (custom)
2021-12-08 16:22:29,656 [pool-672-thread-1] INFO  server.RaftServerConfigKeys (ConfUtils.java:logGet(44)) - raft.server.log.segment.cache.size.max = 200MB (=209715200) (default)
2021-12-08 16:22:29,656 [pool-672-thread-1] INFO  segmented.SegmentedRaftLogWorker (SegmentedRaftLogWorker.java:<init>(182)) - new 59207186-1f34-4c82-b1d4-26fdc8060eb3@group-1A772BA897FB-SegmentedRaftLogWorker for RaftStorageImpl:Storage Directory /home/runner/work/ozone/ozone/hadoop-ozone/integration-test/target/test-dir/MiniOzoneClusterImpl-8a14d41c-4846-44e3-adb6-ff9e2c85b320/datanode-2/data/ratis/dede2fa2-b5da-4468-ba4c-1a772ba897fb
2021-12-08 16:22:29,656 [pool-672-thread-1] INFO  server.RaftServerConfigKeys (ConfUtils.java:logGet(44)) - raft.server.log.queue.byte-limit = 2147483647 (custom)
2021-12-08 16:22:29,656 [pool-672-thread-1] INFO  server.RaftServerConfigKeys (ConfUtils.java:logGet(44)) - raft.server.log.queue.element-limit = 1024 (custom)
2021-12-08 16:22:29,656 [pool-672-thread-1] INFO  server.RaftServerConfigKeys (ConfUtils.java:logGet(44)) - raft.server.log.segment.size.max = 1048576 (custom)
2021-12-08 16:22:29,656 [pool-672-thread-1] INFO  server.RaftServerConfigKeys (ConfUtils.java:logGet(44)) - raft.server.log.preallocated.size = 16384 (custom)
2021-12-08 16:22:29,656 [pool-672-thread-1] INFO  server.RaftServerConfigKeys (ConfUtils.java:logGet(44)) - raft.server.log.force.sync.num = 128 (default)
2021-12-08 16:22:29,656 [pool-672-thread-1] INFO  server.RaftServerConfigKeys (ConfUtils.java:logGet(44)) - raft.server.log.statemachine.data.sync = true (default)
2021-12-08 16:22:29,656 [pool-672-thread-1] INFO  server.RaftServerConfigKeys (ConfUtils.java:logGet(44)) - raft.server.log.statemachine.data.sync.timeout = 10s (default)
2021-12-08 16:22:29,656 [pool-672-thread-1] INFO  server.RaftServerConfigKeys (ConfUtils.java:logGet(44)) - raft.server.log.statemachine.data.sync.timeout.retry = -1 (default)
2021-12-08 16:22:29,657 [pool-672-thread-1] INFO  server.RaftServerConfigKeys (ConfUtils.java:logGet(44)) - raft.server.log.write.buffer.size = 1048576 (custom)
2021-12-08 16:22:29,658 [pool-672-thread-1] INFO  server.RaftServerConfigKeys (ConfUtils.java:logGet(44)) - raft.server.log.statemachine.data.caching.enabled = true (custom)
2021-12-08 16:22:29,658 [pool-672-thread-1] INFO  segmented.SegmentedRaftLogWorker (SegmentedRaftLogWorker.java:lambda$new$0(133)) - 59207186-1f34-4c82-b1d4-26fdc8060eb3@group-1A772BA897FB-SegmentedRaftLogWorker: flushIndex: setUnconditionally 0 -> -1
2021-12-08 16:22:29,658 [pool-672-thread-1] INFO  segmented.SegmentedRaftLogWorker (SegmentedRaftLogWorker.java:lambda$new$0(133)) - 59207186-1f34-4c82-b1d4-26fdc8060eb3@group-1A772BA897FB-SegmentedRaftLogWorker: safeCacheEvictIndex: setUnconditionally 0 -> -1
2021-12-08 16:22:29,666 [pool-672-thread-1] INFO  server.RaftServerConfigKeys (ConfUtils.java:logGet(44)) - raft.server.snapshot.auto.trigger.enabled = true (custom)
2021-12-08 16:22:29,666 [pool-672-thread-1] INFO  server.RaftServerConfigKeys (ConfUtils.java:logGet(44)) - raft.server.snapshot.auto.trigger.threshold = 10000 (custom)
2021-12-08 16:22:29,666 [pool-672-thread-1] INFO  server.RaftServerConfigKeys (ConfUtils.java:logGet(44)) - raft.server.snapshot.retention.file.num = 5 (custom)
2021-12-08 16:22:29,666 [pool-672-thread-1] INFO  server.RaftServerConfigKeys (ConfUtils.java:logGet(44)) - raft.server.log.purge.upto.snapshot.index = false (default)
2021-12-08 16:22:29,666 [pool-672-thread-1] INFO  server.RaftServerConfigKeys (ConfUtils.java:logGet(44)) - raft.server.retrycache.expirytime = 600000ms (custom)
2021-12-08 16:22:29,666 [pool-672-thread-1] INFO  server.RaftServerConfigKeys (ConfUtils.java:logGet(44)) - raft.server.retrycache.statistics.expirytime = 100μs (default)
2021-12-08 16:22:29,668 [pool-672-thread-1] INFO  server.RaftServer$Division (RaftServerImpl.java:start(301)) - 59207186-1f34-4c82-b1d4-26fdc8060eb3@group-1A772BA897FB: start as a follower, conf=-1: [a1f7f396-dae1-42dc-8cf6-28579b0999f9|rpc:10.1.0.47:35955|dataStream:|priority:0, c1245a2b-ba94-48c8-ae92-16a28277bc37|rpc:10.1.0.47:36095|dataStream:|priority:1, 59207186-1f34-4c82-b1d4-26fdc8060eb3|rpc:10.1.0.47:34387|dataStream:|priority:0], old=null
2021-12-08 16:22:29,668 [pool-672-thread-1] INFO  server.RaftServer$Division (RaftServerImpl.java:setRole(290)) - 59207186-1f34-4c82-b1d4-26fdc8060eb3@group-1A772BA897FB: changes role from      null to FOLLOWER at term 0 for startAsFollower
2021-12-08 16:22:29,668 [pool-672-thread-1] INFO  impl.RoleInfo (RoleInfo.java:updateAndGet(130)) - 59207186-1f34-4c82-b1d4-26fdc8060eb3: start 59207186-1f34-4c82-b1d4-26fdc8060eb3@group-1A772BA897FB-FollowerState
2021-12-08 16:22:29,668 [pool-672-thread-1] INFO  util.JmxRegister (JmxRegister.java:tryRegister(44)) - Successfully registered JMX Bean with object name Ratis:service=RaftServer,group=group-1A772BA897FB,id=59207186-1f34-4c82-b1d4-26fdc8060eb3
2021-12-08 16:22:29,703 [Command processor thread] INFO  commandhandler.CreatePipelineCommandHandler (CreatePipelineCommandHandler.java:handle(106)) - Created Pipeline RATIS THREE PipelineID=dede2fa2-b5da-4468-ba4c-1a772ba897fb.
2021-12-08 16:22:29,703 [Command processor thread] INFO  server.RaftServer (RaftServerProxy.java:addNew(95)) - a1f7f396-dae1-42dc-8cf6-28579b0999f9: addNew group-5FD0A96E2203:[a1f7f396-dae1-42dc-8cf6-28579b0999f9|rpc:10.1.0.47:35955|priority:0, 59207186-1f34-4c82-b1d4-26fdc8060eb3|rpc:10.1.0.47:34387|priority:1, c1245a2b-ba94-48c8-ae92-16a28277bc37|rpc:10.1.0.47:36095|priority:0] returns group-5FD0A96E2203:java.util.concurrent.CompletableFuture@710bd06c[Not completed]
2021-12-08 16:22:29,704 [pool-630-thread-1] INFO  server.RaftServer$Division (RaftServerImpl.java:<init>(184)) - a1f7f396-dae1-42dc-8cf6-28579b0999f9: new RaftServerImpl for group-5FD0A96E2203:[a1f7f396-dae1-42dc-8cf6-28579b0999f9|rpc:10.1.0.47:35955|priority:0, 59207186-1f34-4c82-b1d4-26fdc8060eb3|rpc:10.1.0.47:34387|priority:1, c1245a2b-ba94-48c8-ae92-16a28277bc37|rpc:10.1.0.47:36095|priority:0] with ContainerStateMachine:uninitialized
2021-12-08 16:22:29,704 [pool-630-thread-1] INFO  server.RaftServerConfigKeys (ConfUtils.java:logGet(44)) - raft.server.rpc.timeout.min = 5s (custom)
2021-12-08 16:22:29,704 [pool-630-thread-1] INFO  server.RaftServerConfigKeys (ConfUtils.java:logGet(44)) - raft.server.rpc.timeout.max = 5200ms (custom)
2021-12-08 16:22:29,704 [pool-630-thread-1] INFO  server.RaftServerConfigKeys (ConfUtils.java:logGet(44)) - raft.server.rpc.sleep.time = 25ms (default)
2021-12-08 16:22:29,704 [pool-630-thread-1] INFO  server.RaftServerConfigKeys (ConfUtils.java:logGet(44)) - raft.server.rpc.slowness.timeout = 300s (custom)
2021-12-08 16:22:29,704 [pool-630-thread-1] INFO  server.RaftServerConfigKeys (ConfUtils.java:logGet(44)) - raft.server.leaderelection.leader.step-down.wait-time = 10s (default)
2021-12-08 16:22:29,704 [pool-630-thread-1] INFO  server.RaftServerConfigKeys (ConfUtils.java:logGet(44)) - raft.server.sleep.deviation.threshold = 300ms (default)
2021-12-08 16:22:29,704 [pool-630-thread-1] INFO  server.RaftServerConfigKeys (ConfUtils.java:logGet(44)) - raft.server.log.appender.install.snapshot.enabled = false (custom)
2021-12-08 16:22:29,704 [pool-630-thread-1] INFO  server.RaftServer$Division (ServerState.java:<init>(105)) - a1f7f396-dae1-42dc-8cf6-28579b0999f9@group-5FD0A96E2203: ConfigurationManager, init=-1: [a1f7f396-dae1-42dc-8cf6-28579b0999f9|rpc:10.1.0.47:35955|priority:0, 59207186-1f34-4c82-b1d4-26fdc8060eb3|rpc:10.1.0.47:34387|priority:1, c1245a2b-ba94-48c8-ae92-16a28277bc37|rpc:10.1.0.47:36095|priority:0], old=null, confs=<EMPTY_MAP>
2021-12-08 16:22:29,704 [pool-630-thread-1] INFO  server.RaftServerConfigKeys (ConfUtils.java:logGet(44)) - raft.server.storage.dir = [/home/runner/work/ozone/ozone/hadoop-ozone/integration-test/target/test-dir/MiniOzoneClusterImpl-8a14d41c-4846-44e3-adb6-ff9e2c85b320/datanode-0/data/ratis] (custom)
2021-12-08 16:22:29,705 [pool-630-thread-1] INFO  server.RaftServerConfigKeys (ConfUtils.java:logGet(44)) - raft.server.log.corruption.policy = EXCEPTION (default)
2021-12-08 16:22:29,705 [pool-630-thread-1] INFO  server.RaftServerConfigKeys (ConfUtils.java:logGet(44)) - raft.server.storage.free-space.min = 0MB (=0) (default)
2021-12-08 16:22:29,705 [pool-630-thread-1] INFO  storage.RaftStorageDirectory (RaftStorageDirectoryImpl.java:analyzeStorage(135)) - The storage directory /home/runner/work/ozone/ozone/hadoop-ozone/integration-test/target/test-dir/MiniOzoneClusterImpl-8a14d41c-4846-44e3-adb6-ff9e2c85b320/datanode-0/data/ratis/8a2e2327-78e5-4245-9c6f-5fd0a96e2203 does not exist. Creating ...
2021-12-08 16:22:29,708 [pool-630-thread-1] INFO  storage.RaftStorageDirectory (RaftStorageDirectoryImpl.java:tryLock(230)) - Lock on /home/runner/work/ozone/ozone/hadoop-ozone/integration-test/target/test-dir/MiniOzoneClusterImpl-8a14d41c-4846-44e3-adb6-ff9e2c85b320/datanode-0/data/ratis/8a2e2327-78e5-4245-9c6f-5fd0a96e2203/in_use.lock acquired by nodename 9760@fv-az59-681
2021-12-08 16:22:29,711 [pool-630-thread-1] INFO  storage.RaftStorage (RaftStorageImpl.java:format(89)) - Storage directory /home/runner/work/ozone/ozone/hadoop-ozone/integration-test/target/test-dir/MiniOzoneClusterImpl-8a14d41c-4846-44e3-adb6-ff9e2c85b320/datanode-0/data/ratis/8a2e2327-78e5-4245-9c6f-5fd0a96e2203 has been successfully formatted.
2021-12-08 16:22:29,711 [pool-630-thread-1] INFO  ratis.ContainerStateMachine (ContainerStateMachine.java:loadSnapshot(231)) - group-5FD0A96E2203: The snapshot info is null. Setting the last applied indexto:(t:0, i:~)
2021-12-08 16:22:29,712 [EventQueue-OpenPipelineForHealthyPipelineSafeModeRule] INFO  safemode.SCMSafeModeManager (HealthyPipelineSafeModeRule.java:process(124)) - SCM in safe mode. Healthy pipelines reported count is 0, required healthy pipeline reported count is 1
2021-12-08 16:22:29,712 [pool-630-thread-1] INFO  server.RaftServerConfigKeys (ConfUtils.java:logGet(44)) - raft.server.notification.no-leader.timeout = 300s (custom)
2021-12-08 16:22:29,712 [pool-630-thread-1] INFO  server.RaftServerConfigKeys (ConfUtils.java:logGet(44)) - raft.server.log.use.memory = false (default)
2021-12-08 16:22:29,712 [pool-630-thread-1] INFO  server.RaftServerConfigKeys (ConfUtils.java:logGet(44)) - raft.server.log.purge.gap = 1000000 (custom)
2021-12-08 16:22:29,712 [pool-630-thread-1] INFO  server.RaftServerConfigKeys (ConfUtils.java:logGet(44)) - raft.server.log.appender.buffer.byte-limit = 33554432 (custom)
2021-12-08 16:22:29,713 [pool-630-thread-1] INFO  server.RaftServerConfigKeys (ConfUtils.java:logGet(44)) - raft.server.log.segment.size.max = 1048576 (custom)
2021-12-08 16:22:29,713 [pool-630-thread-1] INFO  server.RaftServerConfigKeys (ConfUtils.java:logGet(44)) - raft.server.log.segment.cache.num.max = 2 (custom)
2021-12-08 16:22:29,713 [pool-630-thread-1] INFO  server.RaftServerConfigKeys (ConfUtils.java:logGet(44)) - raft.server.log.segment.cache.size.max = 200MB (=209715200) (default)
2021-12-08 16:22:29,713 [pool-630-thread-1] INFO  segmented.SegmentedRaftLogWorker (SegmentedRaftLogWorker.java:<init>(182)) - new a1f7f396-dae1-42dc-8cf6-28579b0999f9@group-5FD0A96E2203-SegmentedRaftLogWorker for RaftStorageImpl:Storage Directory /home/runner/work/ozone/ozone/hadoop-ozone/integration-test/target/test-dir/MiniOzoneClusterImpl-8a14d41c-4846-44e3-adb6-ff9e2c85b320/datanode-0/data/ratis/8a2e2327-78e5-4245-9c6f-5fd0a96e2203
2021-12-08 16:22:29,713 [pool-630-thread-1] INFO  server.RaftServerConfigKeys (ConfUtils.java:logGet(44)) - raft.server.log.queue.byte-limit = 2147483647 (custom)
2021-12-08 16:22:29,713 [pool-630-thread-1] INFO  server.RaftServerConfigKeys (ConfUtils.java:logGet(44)) - raft.server.log.queue.element-limit = 1024 (custom)
2021-12-08 16:22:29,713 [pool-630-thread-1] INFO  server.RaftServerConfigKeys (ConfUtils.java:logGet(44)) - raft.server.log.segment.size.max = 1048576 (custom)
2021-12-08 16:22:29,713 [pool-630-thread-1] INFO  server.RaftServerConfigKeys (ConfUtils.java:logGet(44)) - raft.server.log.preallocated.size = 16384 (custom)
2021-12-08 16:22:29,713 [pool-630-thread-1] INFO  server.RaftServerConfigKeys (ConfUtils.java:logGet(44)) - raft.server.log.force.sync.num = 128 (default)
2021-12-08 16:22:29,713 [pool-630-thread-1] INFO  server.RaftServerConfigKeys (ConfUtils.java:logGet(44)) - raft.server.log.statemachine.data.sync = true (default)
2021-12-08 16:22:29,713 [pool-630-thread-1] INFO  server.RaftServerConfigKeys (ConfUtils.java:logGet(44)) - raft.server.log.statemachine.data.sync.timeout = 10s (default)
2021-12-08 16:22:29,713 [pool-630-thread-1] INFO  server.RaftServerConfigKeys (ConfUtils.java:logGet(44)) - raft.server.log.statemachine.data.sync.timeout.retry = -1 (default)
2021-12-08 16:22:29,714 [pool-630-thread-1] INFO  server.RaftServerConfigKeys (ConfUtils.java:logGet(44)) - raft.server.log.write.buffer.size = 1048576 (custom)
2021-12-08 16:22:29,715 [pool-630-thread-1] INFO  server.RaftServerConfigKeys (ConfUtils.java:logGet(44)) - raft.server.log.statemachine.data.caching.enabled = true (custom)
2021-12-08 16:22:29,715 [pool-630-thread-1] INFO  segmented.SegmentedRaftLogWorker (SegmentedRaftLogWorker.java:lambda$new$0(133)) - a1f7f396-dae1-42dc-8cf6-28579b0999f9@group-5FD0A96E2203-SegmentedRaftLogWorker: flushIndex: setUnconditionally 0 -> -1
2021-12-08 16:22:29,715 [pool-630-thread-1] INFO  segmented.SegmentedRaftLogWorker (SegmentedRaftLogWorker.java:lambda$new$0(133)) - a1f7f396-dae1-42dc-8cf6-28579b0999f9@group-5FD0A96E2203-SegmentedRaftLogWorker: safeCacheEvictIndex: setUnconditionally 0 -> -1
2021-12-08 16:22:29,724 [pool-630-thread-1] INFO  server.RaftServerConfigKeys (ConfUtils.java:logGet(44)) - raft.server.snapshot.auto.trigger.enabled = true (custom)
2021-12-08 16:22:29,724 [pool-630-thread-1] INFO  server.RaftServerConfigKeys (ConfUtils.java:logGet(44)) - raft.server.snapshot.auto.trigger.threshold = 10000 (custom)
2021-12-08 16:22:29,724 [pool-630-thread-1] INFO  server.RaftServerConfigKeys (ConfUtils.java:logGet(44)) - raft.server.snapshot.retention.file.num = 5 (custom)
2021-12-08 16:22:29,724 [pool-630-thread-1] INFO  server.RaftServerConfigKeys (ConfUtils.java:logGet(44)) - raft.server.log.purge.upto.snapshot.index = false (default)
2021-12-08 16:22:29,724 [pool-630-thread-1] INFO  server.RaftServerConfigKeys (ConfUtils.java:logGet(44)) - raft.server.retrycache.expirytime = 600000ms (custom)
2021-12-08 16:22:29,724 [pool-630-thread-1] INFO  server.RaftServerConfigKeys (ConfUtils.java:logGet(44)) - raft.server.retrycache.statistics.expirytime = 100μs (default)
2021-12-08 16:22:29,725 [pool-630-thread-1] INFO  server.RaftServer$Division (RaftServerImpl.java:start(301)) - a1f7f396-dae1-42dc-8cf6-28579b0999f9@group-5FD0A96E2203: start as a follower, conf=-1: [a1f7f396-dae1-42dc-8cf6-28579b0999f9|rpc:10.1.0.47:35955|priority:0, 59207186-1f34-4c82-b1d4-26fdc8060eb3|rpc:10.1.0.47:34387|priority:1, c1245a2b-ba94-48c8-ae92-16a28277bc37|rpc:10.1.0.47:36095|priority:0], old=null
2021-12-08 16:22:29,725 [pool-630-thread-1] INFO  server.RaftServer$Division (RaftServerImpl.java:setRole(290)) - a1f7f396-dae1-42dc-8cf6-28579b0999f9@group-5FD0A96E2203: changes role from      null to FOLLOWER at term 0 for startAsFollower
2021-12-08 16:22:29,725 [pool-630-thread-1] INFO  impl.RoleInfo (RoleInfo.java:updateAndGet(130)) - a1f7f396-dae1-42dc-8cf6-28579b0999f9: start a1f7f396-dae1-42dc-8cf6-28579b0999f9@group-5FD0A96E2203-FollowerState
2021-12-08 16:22:29,735 [pool-630-thread-1] INFO  util.JmxRegister (JmxRegister.java:tryRegister(44)) - Successfully registered JMX Bean with object name Ratis:service=RaftServer,group=group-5FD0A96E2203,id=a1f7f396-dae1-42dc-8cf6-28579b0999f9
2021-12-08 16:22:29,738 [Command processor thread] INFO  ratis.XceiverServerRatis (XceiverServerRatis.java:addGroup(768)) - Created group PipelineID=8a2e2327-78e5-4245-9c6f-5fd0a96e2203
2021-12-08 16:22:29,776 [grpc-default-executor-0] INFO  server.RaftServer (RaftServerProxy.java:addNew(95)) - 59207186-1f34-4c82-b1d4-26fdc8060eb3: addNew group-5FD0A96E2203:[a1f7f396-dae1-42dc-8cf6-28579b0999f9|rpc:10.1.0.47:35955|dataStream:|priority:0, 59207186-1f34-4c82-b1d4-26fdc8060eb3|rpc:10.1.0.47:34387|dataStream:|priority:1, c1245a2b-ba94-48c8-ae92-16a28277bc37|rpc:10.1.0.47:36095|dataStream:|priority:0] returns group-5FD0A96E2203:java.util.concurrent.CompletableFuture@2f81521d[Not completed]
2021-12-08 16:22:29,779 [Command processor thread] INFO  server.RaftServer (RaftServerProxy.java:addNew(95)) - c1245a2b-ba94-48c8-ae92-16a28277bc37: addNew group-723994E96A0C:[c1245a2b-ba94-48c8-ae92-16a28277bc37|rpc:10.1.0.47:36095|priority:1] returns group-723994E96A0C:java.util.concurrent.CompletableFuture@66878233[Not completed]
2021-12-08 16:22:29,779 [pool-651-thread-1] INFO  server.RaftServer$Division (RaftServerImpl.java:<init>(184)) - c1245a2b-ba94-48c8-ae92-16a28277bc37: new RaftServerImpl for group-723994E96A0C:[c1245a2b-ba94-48c8-ae92-16a28277bc37|rpc:10.1.0.47:36095|priority:1] with ContainerStateMachine:uninitialized
2021-12-08 16:22:29,779 [pool-651-thread-1] INFO  server.RaftServerConfigKeys (ConfUtils.java:logGet(44)) - raft.server.rpc.timeout.min = 5s (custom)
2021-12-08 16:22:29,779 [pool-651-thread-1] INFO  server.RaftServerConfigKeys (ConfUtils.java:logGet(44)) - raft.server.rpc.timeout.max = 5200ms (custom)
2021-12-08 16:22:29,779 [pool-651-thread-1] INFO  server.RaftServerConfigKeys (ConfUtils.java:logGet(44)) - raft.server.rpc.sleep.time = 25ms (default)
2021-12-08 16:22:29,779 [pool-651-thread-1] INFO  server.RaftServerConfigKeys (ConfUtils.java:logGet(44)) - raft.server.rpc.slowness.timeout = 300s (custom)
2021-12-08 16:22:29,779 [pool-651-thread-1] INFO  server.RaftServerConfigKeys (ConfUtils.java:logGet(44)) - raft.server.leaderelection.leader.step-down.wait-time = 10s (default)
2021-12-08 16:22:29,779 [pool-651-thread-1] INFO  server.RaftServerConfigKeys (ConfUtils.java:logGet(44)) - raft.server.sleep.deviation.threshold = 300ms (default)
2021-12-08 16:22:29,779 [pool-651-thread-1] INFO  server.RaftServerConfigKeys (ConfUtils.java:logGet(44)) - raft.server.log.appender.install.snapshot.enabled = false (custom)
2021-12-08 16:22:29,779 [pool-651-thread-1] INFO  server.RaftServer$Division (ServerState.java:<init>(105)) - c1245a2b-ba94-48c8-ae92-16a28277bc37@group-723994E96A0C: ConfigurationManager, init=-1: [c1245a2b-ba94-48c8-ae92-16a28277bc37|rpc:10.1.0.47:36095|priority:1], old=null, confs=<EMPTY_MAP>
2021-12-08 16:22:29,780 [pool-651-thread-1] INFO  server.RaftServerConfigKeys (ConfUtils.java:logGet(44)) - raft.server.storage.dir = [/home/runner/work/ozone/ozone/hadoop-ozone/integration-test/target/test-dir/MiniOzoneClusterImpl-8a14d41c-4846-44e3-adb6-ff9e2c85b320/datanode-1/data/ratis] (custom)
2021-12-08 16:22:29,780 [pool-651-thread-1] INFO  server.RaftServerConfigKeys (ConfUtils.java:logGet(44)) - raft.server.log.corruption.policy = EXCEPTION (default)
2021-12-08 16:22:29,780 [pool-651-thread-1] INFO  server.RaftServerConfigKeys (ConfUtils.java:logGet(44)) - raft.server.storage.free-space.min = 0MB (=0) (default)
2021-12-08 16:22:29,780 [pool-651-thread-1] INFO  storage.RaftStorageDirectory (RaftStorageDirectoryImpl.java:analyzeStorage(135)) - The storage directory /home/runner/work/ozone/ozone/hadoop-ozone/integration-test/target/test-dir/MiniOzoneClusterImpl-8a14d41c-4846-44e3-adb6-ff9e2c85b320/datanode-1/data/ratis/47daef03-af7e-404f-aa25-723994e96a0c does not exist. Creating ...
2021-12-08 16:22:29,780 [pool-672-thread-1] INFO  server.RaftServer$Division (RaftServerImpl.java:<init>(184)) - 59207186-1f34-4c82-b1d4-26fdc8060eb3: new RaftServerImpl for group-5FD0A96E2203:[a1f7f396-dae1-42dc-8cf6-28579b0999f9|rpc:10.1.0.47:35955|dataStream:|priority:0, 59207186-1f34-4c82-b1d4-26fdc8060eb3|rpc:10.1.0.47:34387|dataStream:|priority:1, c1245a2b-ba94-48c8-ae92-16a28277bc37|rpc:10.1.0.47:36095|dataStream:|priority:0] with ContainerStateMachine:uninitialized
2021-12-08 16:22:29,780 [pool-672-thread-1] INFO  server.RaftServerConfigKeys (ConfUtils.java:logGet(44)) - raft.server.rpc.timeout.min = 5s (custom)
2021-12-08 16:22:29,781 [pool-672-thread-1] INFO  server.RaftServerConfigKeys (ConfUtils.java:logGet(44)) - raft.server.rpc.timeout.max = 5200ms (custom)
2021-12-08 16:22:29,781 [pool-672-thread-1] INFO  server.RaftServerConfigKeys (ConfUtils.java:logGet(44)) - raft.server.rpc.sleep.time = 25ms (default)
2021-12-08 16:22:29,781 [pool-672-thread-1] INFO  server.RaftServerConfigKeys (ConfUtils.java:logGet(44)) - raft.server.rpc.slowness.timeout = 300s (custom)
2021-12-08 16:22:29,781 [pool-672-thread-1] INFO  server.RaftServerConfigKeys (ConfUtils.java:logGet(44)) - raft.server.leaderelection.leader.step-down.wait-time = 10s (default)
2021-12-08 16:22:29,781 [pool-672-thread-1] INFO  server.RaftServerConfigKeys (ConfUtils.java:logGet(44)) - raft.server.sleep.deviation.threshold = 300ms (default)
2021-12-08 16:22:29,781 [pool-672-thread-1] INFO  server.RaftServerConfigKeys (ConfUtils.java:logGet(44)) - raft.server.log.appender.install.snapshot.enabled = false (custom)
2021-12-08 16:22:29,781 [pool-672-thread-1] INFO  server.RaftServer$Division (ServerState.java:<init>(105)) - 59207186-1f34-4c82-b1d4-26fdc8060eb3@group-5FD0A96E2203: ConfigurationManager, init=-1: [a1f7f396-dae1-42dc-8cf6-28579b0999f9|rpc:10.1.0.47:35955|dataStream:|priority:0, 59207186-1f34-4c82-b1d4-26fdc8060eb3|rpc:10.1.0.47:34387|dataStream:|priority:1, c1245a2b-ba94-48c8-ae92-16a28277bc37|rpc:10.1.0.47:36095|dataStream:|priority:0], old=null, confs=<EMPTY_MAP>
2021-12-08 16:22:29,781 [pool-672-thread-1] INFO  server.RaftServerConfigKeys (ConfUtils.java:logGet(44)) - raft.server.storage.dir = [/home/runner/work/ozone/ozone/hadoop-ozone/integration-test/target/test-dir/MiniOzoneClusterImpl-8a14d41c-4846-44e3-adb6-ff9e2c85b320/datanode-2/data/ratis] (custom)
2021-12-08 16:22:29,781 [pool-672-thread-1] INFO  server.RaftServerConfigKeys (ConfUtils.java:logGet(44)) - raft.server.log.corruption.policy = EXCEPTION (default)
2021-12-08 16:22:29,781 [pool-672-thread-1] INFO  server.RaftServerConfigKeys (ConfUtils.java:logGet(44)) - raft.server.storage.free-space.min = 0MB (=0) (default)
2021-12-08 16:22:29,781 [pool-672-thread-1] INFO  storage.RaftStorageDirectory (RaftStorageDirectoryImpl.java:analyzeStorage(135)) - The storage directory /home/runner/work/ozone/ozone/hadoop-ozone/integration-test/target/test-dir/MiniOzoneClusterImpl-8a14d41c-4846-44e3-adb6-ff9e2c85b320/datanode-2/data/ratis/8a2e2327-78e5-4245-9c6f-5fd0a96e2203 does not exist. Creating ...
2021-12-08 16:22:29,782 [pool-672-thread-1] INFO  storage.RaftStorageDirectory (RaftStorageDirectoryImpl.java:tryLock(230)) - Lock on /home/runner/work/ozone/ozone/hadoop-ozone/integration-test/target/test-dir/MiniOzoneClusterImpl-8a14d41c-4846-44e3-adb6-ff9e2c85b320/datanode-2/data/ratis/8a2e2327-78e5-4245-9c6f-5fd0a96e2203/in_use.lock acquired by nodename 9760@fv-az59-681
2021-12-08 16:22:29,782 [pool-651-thread-1] INFO  storage.RaftStorageDirectory (RaftStorageDirectoryImpl.java:tryLock(230)) - Lock on /home/runner/work/ozone/ozone/hadoop-ozone/integration-test/target/test-dir/MiniOzoneClusterImpl-8a14d41c-4846-44e3-adb6-ff9e2c85b320/datanode-1/data/ratis/47daef03-af7e-404f-aa25-723994e96a0c/in_use.lock acquired by nodename 9760@fv-az59-681
2021-12-08 16:22:29,783 [pool-672-thread-1] INFO  storage.RaftStorage (RaftStorageImpl.java:format(89)) - Storage directory /home/runner/work/ozone/ozone/hadoop-ozone/integration-test/target/test-dir/MiniOzoneClusterImpl-8a14d41c-4846-44e3-adb6-ff9e2c85b320/datanode-2/data/ratis/8a2e2327-78e5-4245-9c6f-5fd0a96e2203 has been successfully formatted.
2021-12-08 16:22:29,783 [pool-672-thread-1] INFO  ratis.ContainerStateMachine (ContainerStateMachine.java:loadSnapshot(231)) - group-5FD0A96E2203: The snapshot info is null. Setting the last applied indexto:(t:0, i:~)
2021-12-08 16:22:29,783 [pool-672-thread-1] INFO  server.RaftServerConfigKeys (ConfUtils.java:logGet(44)) - raft.server.notification.no-leader.timeout = 300s (custom)
2021-12-08 16:22:29,783 [pool-672-thread-1] INFO  server.RaftServerConfigKeys (ConfUtils.java:logGet(44)) - raft.server.log.use.memory = false (default)
2021-12-08 16:22:29,783 [pool-672-thread-1] INFO  server.RaftServerConfigKeys (ConfUtils.java:logGet(44)) - raft.server.log.purge.gap = 1000000 (custom)
2021-12-08 16:22:29,783 [pool-672-thread-1] INFO  server.RaftServerConfigKeys (ConfUtils.java:logGet(44)) - raft.server.log.appender.buffer.byte-limit = 33554432 (custom)
2021-12-08 16:22:29,783 [pool-672-thread-1] INFO  server.RaftServerConfigKeys (ConfUtils.java:logGet(44)) - raft.server.log.segment.size.max = 1048576 (custom)
2021-12-08 16:22:29,784 [pool-672-thread-1] INFO  server.RaftServerConfigKeys (ConfUtils.java:logGet(44)) - raft.server.log.segment.cache.num.max = 2 (custom)
2021-12-08 16:22:29,784 [pool-672-thread-1] INFO  server.RaftServerConfigKeys (ConfUtils.java:logGet(44)) - raft.server.log.segment.cache.size.max = 200MB (=209715200) (default)
2021-12-08 16:22:29,784 [pool-672-thread-1] INFO  segmented.SegmentedRaftLogWorker (SegmentedRaftLogWorker.java:<init>(182)) - new 59207186-1f34-4c82-b1d4-26fdc8060eb3@group-5FD0A96E2203-SegmentedRaftLogWorker for RaftStorageImpl:Storage Directory /home/runner/work/ozone/ozone/hadoop-ozone/integration-test/target/test-dir/MiniOzoneClusterImpl-8a14d41c-4846-44e3-adb6-ff9e2c85b320/datanode-2/data/ratis/8a2e2327-78e5-4245-9c6f-5fd0a96e2203
2021-12-08 16:22:29,784 [pool-672-thread-1] INFO  server.RaftServerConfigKeys (ConfUtils.java:logGet(44)) - raft.server.log.queue.byte-limit = 2147483647 (custom)
2021-12-08 16:22:29,784 [pool-672-thread-1] INFO  server.RaftServerConfigKeys (ConfUtils.java:logGet(44)) - raft.server.log.queue.element-limit = 1024 (custom)
2021-12-08 16:22:29,784 [pool-672-thread-1] INFO  server.RaftServerConfigKeys (ConfUtils.java:logGet(44)) - raft.server.log.segment.size.max = 1048576 (custom)
2021-12-08 16:22:29,784 [pool-672-thread-1] INFO  server.RaftServerConfigKeys (ConfUtils.java:logGet(44)) - raft.server.log.preallocated.size = 16384 (custom)
2021-12-08 16:22:29,784 [pool-672-thread-1] INFO  server.RaftServerConfigKeys (ConfUtils.java:logGet(44)) - raft.server.log.force.sync.num = 128 (default)
2021-12-08 16:22:29,784 [pool-672-thread-1] INFO  server.RaftServerConfigKeys (ConfUtils.java:logGet(44)) - raft.server.log.statemachine.data.sync = true (default)
2021-12-08 16:22:29,784 [pool-672-thread-1] INFO  server.RaftServerConfigKeys (ConfUtils.java:logGet(44)) - raft.server.log.statemachine.data.sync.timeout = 10s (default)
2021-12-08 16:22:29,784 [pool-672-thread-1] INFO  server.RaftServerConfigKeys (ConfUtils.java:logGet(44)) - raft.server.log.statemachine.data.sync.timeout.retry = -1 (default)
2021-12-08 16:22:29,785 [pool-672-thread-1] INFO  server.RaftServerConfigKeys (ConfUtils.java:logGet(44)) - raft.server.log.write.buffer.size = 1048576 (custom)
2021-12-08 16:22:29,786 [pool-672-thread-1] INFO  server.RaftServerConfigKeys (ConfUtils.java:logGet(44)) - raft.server.log.statemachine.data.caching.enabled = true (custom)
2021-12-08 16:22:29,786 [pool-672-thread-1] INFO  segmented.SegmentedRaftLogWorker (SegmentedRaftLogWorker.java:lambda$new$0(133)) - 59207186-1f34-4c82-b1d4-26fdc8060eb3@group-5FD0A96E2203-SegmentedRaftLogWorker: flushIndex: setUnconditionally 0 -> -1
2021-12-08 16:22:29,786 [pool-672-thread-1] INFO  segmented.SegmentedRaftLogWorker (SegmentedRaftLogWorker.java:lambda$new$0(133)) - 59207186-1f34-4c82-b1d4-26fdc8060eb3@group-5FD0A96E2203-SegmentedRaftLogWorker: safeCacheEvictIndex: setUnconditionally 0 -> -1
2021-12-08 16:22:29,790 [pool-651-thread-1] INFO  storage.RaftStorage (RaftStorageImpl.java:format(89)) - Storage directory /home/runner/work/ozone/ozone/hadoop-ozone/integration-test/target/test-dir/MiniOzoneClusterImpl-8a14d41c-4846-44e3-adb6-ff9e2c85b320/datanode-1/data/ratis/47daef03-af7e-404f-aa25-723994e96a0c has been successfully formatted.
2021-12-08 16:22:29,807 [pool-672-thread-1] INFO  server.RaftServerConfigKeys (ConfUtils.java:logGet(44)) - raft.server.snapshot.auto.trigger.enabled = true (custom)
2021-12-08 16:22:29,807 [pool-672-thread-1] INFO  server.RaftServerConfigKeys (ConfUtils.java:logGet(44)) - raft.server.snapshot.auto.trigger.threshold = 10000 (custom)
2021-12-08 16:22:29,807 [pool-672-thread-1] INFO  server.RaftServerConfigKeys (ConfUtils.java:logGet(44)) - raft.server.snapshot.retention.file.num = 5 (custom)
2021-12-08 16:22:29,807 [pool-672-thread-1] INFO  server.RaftServerConfigKeys (ConfUtils.java:logGet(44)) - raft.server.log.purge.upto.snapshot.index = false (default)
2021-12-08 16:22:29,807 [pool-672-thread-1] INFO  server.RaftServerConfigKeys (ConfUtils.java:logGet(44)) - raft.server.retrycache.expirytime = 600000ms (custom)
2021-12-08 16:22:29,807 [pool-672-thread-1] INFO  server.RaftServerConfigKeys (ConfUtils.java:logGet(44)) - raft.server.retrycache.statistics.expirytime = 100μs (default)
2021-12-08 16:22:29,808 [pool-672-thread-1] INFO  server.RaftServer$Division (RaftServerImpl.java:start(301)) - 59207186-1f34-4c82-b1d4-26fdc8060eb3@group-5FD0A96E2203: start as a follower, conf=-1: [a1f7f396-dae1-42dc-8cf6-28579b0999f9|rpc:10.1.0.47:35955|dataStream:|priority:0, 59207186-1f34-4c82-b1d4-26fdc8060eb3|rpc:10.1.0.47:34387|dataStream:|priority:1, c1245a2b-ba94-48c8-ae92-16a28277bc37|rpc:10.1.0.47:36095|dataStream:|priority:0], old=null
2021-12-08 16:22:29,808 [pool-672-thread-1] INFO  server.RaftServer$Division (RaftServerImpl.java:setRole(290)) - 59207186-1f34-4c82-b1d4-26fdc8060eb3@group-5FD0A96E2203: changes role from      null to FOLLOWER at term 0 for startAsFollower
2021-12-08 16:22:29,808 [pool-672-thread-1] INFO  impl.RoleInfo (RoleInfo.java:updateAndGet(130)) - 59207186-1f34-4c82-b1d4-26fdc8060eb3: start 59207186-1f34-4c82-b1d4-26fdc8060eb3@group-5FD0A96E2203-FollowerState
2021-12-08 16:22:29,812 [pool-672-thread-1] INFO  util.JmxRegister (JmxRegister.java:tryRegister(44)) - Successfully registered JMX Bean with object name Ratis:service=RaftServer,group=group-5FD0A96E2203,id=59207186-1f34-4c82-b1d4-26fdc8060eb3
2021-12-08 16:22:29,827 [pool-651-thread-1] INFO  ratis.ContainerStateMachine (ContainerStateMachine.java:loadSnapshot(231)) - group-723994E96A0C: The snapshot info is null. Setting the last applied indexto:(t:0, i:~)
2021-12-08 16:22:29,827 [pool-651-thread-1] INFO  server.RaftServerConfigKeys (ConfUtils.java:logGet(44)) - raft.server.notification.no-leader.timeout = 300s (custom)
2021-12-08 16:22:29,827 [pool-651-thread-1] INFO  server.RaftServerConfigKeys (ConfUtils.java:logGet(44)) - raft.server.log.use.memory = false (default)
2021-12-08 16:22:29,827 [pool-651-thread-1] INFO  server.RaftServerConfigKeys (ConfUtils.java:logGet(44)) - raft.server.log.purge.gap = 1000000 (custom)
2021-12-08 16:22:29,827 [pool-651-thread-1] INFO  server.RaftServerConfigKeys (ConfUtils.java:logGet(44)) - raft.server.log.appender.buffer.byte-limit = 33554432 (custom)
2021-12-08 16:22:29,827 [pool-651-thread-1] INFO  server.RaftServerConfigKeys (ConfUtils.java:logGet(44)) - raft.server.log.segment.size.max = 1048576 (custom)
2021-12-08 16:22:29,827 [pool-651-thread-1] INFO  server.RaftServerConfigKeys (ConfUtils.java:logGet(44)) - raft.server.log.segment.cache.num.max = 2 (custom)
2021-12-08 16:22:29,827 [pool-651-thread-1] INFO  server.RaftServerConfigKeys (ConfUtils.java:logGet(44)) - raft.server.log.segment.cache.size.max = 200MB (=209715200) (default)
2021-12-08 16:22:29,827 [pool-651-thread-1] INFO  segmented.SegmentedRaftLogWorker (SegmentedRaftLogWorker.java:<init>(182)) - new c1245a2b-ba94-48c8-ae92-16a28277bc37@group-723994E96A0C-SegmentedRaftLogWorker for RaftStorageImpl:Storage Directory /home/runner/work/ozone/ozone/hadoop-ozone/integration-test/target/test-dir/MiniOzoneClusterImpl-8a14d41c-4846-44e3-adb6-ff9e2c85b320/datanode-1/data/ratis/47daef03-af7e-404f-aa25-723994e96a0c
2021-12-08 16:22:29,828 [pool-651-thread-1] INFO  server.RaftServerConfigKeys (ConfUtils.java:logGet(44)) - raft.server.log.queue.byte-limit = 2147483647 (custom)
2021-12-08 16:22:29,828 [pool-651-thread-1] INFO  server.RaftServerConfigKeys (ConfUtils.java:logGet(44)) - raft.server.log.queue.element-limit = 1024 (custom)
2021-12-08 16:22:29,828 [pool-651-thread-1] INFO  server.RaftServerConfigKeys (ConfUtils.java:logGet(44)) - raft.server.log.segment.size.max = 1048576 (custom)
2021-12-08 16:22:29,828 [pool-651-thread-1] INFO  server.RaftServerConfigKeys (ConfUtils.java:logGet(44)) - raft.server.log.preallocated.size = 16384 (custom)
2021-12-08 16:22:29,828 [pool-651-thread-1] INFO  server.RaftServerConfigKeys (ConfUtils.java:logGet(44)) - raft.server.log.force.sync.num = 128 (default)
2021-12-08 16:22:29,828 [pool-651-thread-1] INFO  server.RaftServerConfigKeys (ConfUtils.java:logGet(44)) - raft.server.log.statemachine.data.sync = true (default)
2021-12-08 16:22:29,828 [pool-651-thread-1] INFO  server.RaftServerConfigKeys (ConfUtils.java:logGet(44)) - raft.server.log.statemachine.data.sync.timeout = 10s (default)
2021-12-08 16:22:29,828 [pool-651-thread-1] INFO  server.RaftServerConfigKeys (ConfUtils.java:logGet(44)) - raft.server.log.statemachine.data.sync.timeout.retry = -1 (default)
2021-12-08 16:22:29,828 [pool-651-thread-1] INFO  server.RaftServerConfigKeys (ConfUtils.java:logGet(44)) - raft.server.log.write.buffer.size = 1048576 (custom)
2021-12-08 16:22:29,829 [pool-651-thread-1] INFO  server.RaftServerConfigKeys (ConfUtils.java:logGet(44)) - raft.server.log.statemachine.data.caching.enabled = true (custom)
2021-12-08 16:22:29,829 [pool-651-thread-1] INFO  segmented.SegmentedRaftLogWorker (SegmentedRaftLogWorker.java:lambda$new$0(133)) - c1245a2b-ba94-48c8-ae92-16a28277bc37@group-723994E96A0C-SegmentedRaftLogWorker: flushIndex: setUnconditionally 0 -> -1
2021-12-08 16:22:29,829 [pool-651-thread-1] INFO  segmented.SegmentedRaftLogWorker (SegmentedRaftLogWorker.java:lambda$new$0(133)) - c1245a2b-ba94-48c8-ae92-16a28277bc37@group-723994E96A0C-SegmentedRaftLogWorker: safeCacheEvictIndex: setUnconditionally 0 -> -1
2021-12-08 16:22:29,830 [EventQueue-PipelineReportForPipelineReportHandler] INFO  pipeline.PipelineManagerImpl (PipelineManagerImpl.java:openPipeline(291)) - Pipeline Pipeline[ Id: 47daef03-af7e-404f-aa25-723994e96a0c, Nodes: c1245a2b-ba94-48c8-ae92-16a28277bc37{ip: 10.1.0.47, host: fv-az59-681.csjynl4pkq3e1pkirw3ssqjfoh.cx.internal.cloudapp.net, ports: [REPLICATION=41987, RATIS=36095, RATIS_ADMIN=36095, RATIS_SERVER=36095, STANDALONE=37277], networkLocation: /default-rack, certSerialId: null, persistedOpState: IN_SERVICE, persistedOpStateExpiryEpochSec: 0}, ReplicationConfig: RATIS/ONE, State:ALLOCATED, leaderId:c1245a2b-ba94-48c8-ae92-16a28277bc37, CreationTimestamp2021-12-08T16:22:26.792Z[Etc/UTC]] moved to OPEN state
2021-12-08 16:22:29,831 [EventQueue-OpenPipelineForHealthyPipelineSafeModeRule] INFO  safemode.SCMSafeModeManager (HealthyPipelineSafeModeRule.java:process(124)) - SCM in safe mode. Healthy pipelines reported count is 0, required healthy pipeline reported count is 1
2021-12-08 16:22:29,836 [pool-651-thread-1] INFO  server.RaftServerConfigKeys (ConfUtils.java:logGet(44)) - raft.server.snapshot.auto.trigger.enabled = true (custom)
2021-12-08 16:22:29,836 [pool-651-thread-1] INFO  server.RaftServerConfigKeys (ConfUtils.java:logGet(44)) - raft.server.snapshot.auto.trigger.threshold = 10000 (custom)
2021-12-08 16:22:29,836 [pool-651-thread-1] INFO  server.RaftServerConfigKeys (ConfUtils.java:logGet(44)) - raft.server.snapshot.retention.file.num = 5 (custom)
2021-12-08 16:22:29,836 [pool-651-thread-1] INFO  server.RaftServerConfigKeys (ConfUtils.java:logGet(44)) - raft.server.log.purge.upto.snapshot.index = false (default)
2021-12-08 16:22:29,836 [pool-651-thread-1] INFO  server.RaftServerConfigKeys (ConfUtils.java:logGet(44)) - raft.server.retrycache.expirytime = 600000ms (custom)
2021-12-08 16:22:29,836 [pool-651-thread-1] INFO  server.RaftServerConfigKeys (ConfUtils.java:logGet(44)) - raft.server.retrycache.statistics.expirytime = 100μs (default)
2021-12-08 16:22:29,837 [pool-651-thread-1] INFO  server.RaftServer$Division (RaftServerImpl.java:start(301)) - c1245a2b-ba94-48c8-ae92-16a28277bc37@group-723994E96A0C: start as a follower, conf=-1: [c1245a2b-ba94-48c8-ae92-16a28277bc37|rpc:10.1.0.47:36095|priority:1], old=null
2021-12-08 16:22:29,837 [pool-651-thread-1] INFO  server.RaftServer$Division (RaftServerImpl.java:setRole(290)) - c1245a2b-ba94-48c8-ae92-16a28277bc37@group-723994E96A0C: changes role from      null to FOLLOWER at term 0 for startAsFollower
2021-12-08 16:22:29,837 [pool-651-thread-1] INFO  impl.RoleInfo (RoleInfo.java:updateAndGet(130)) - c1245a2b-ba94-48c8-ae92-16a28277bc37: start c1245a2b-ba94-48c8-ae92-16a28277bc37@group-723994E96A0C-FollowerState
2021-12-08 16:22:29,839 [pool-651-thread-1] INFO  util.JmxRegister (JmxRegister.java:tryRegister(44)) - Successfully registered JMX Bean with object name Ratis:service=RaftServer,group=group-723994E96A0C,id=c1245a2b-ba94-48c8-ae92-16a28277bc37
2021-12-08 16:22:29,847 [Command processor thread] INFO  ratis.XceiverServerRatis (XceiverServerRatis.java:addGroup(768)) - Created group PipelineID=47daef03-af7e-404f-aa25-723994e96a0c
2021-12-08 16:22:29,856 [Command processor thread] INFO  commandhandler.CreatePipelineCommandHandler (CreatePipelineCommandHandler.java:handle(106)) - Created Pipeline RATIS ONE PipelineID=47daef03-af7e-404f-aa25-723994e96a0c.
2021-12-08 16:22:29,856 [Command processor thread] INFO  server.RaftServer (RaftServerProxy.java:addNew(95)) - c1245a2b-ba94-48c8-ae92-16a28277bc37: addNew group-5FD0A96E2203:[a1f7f396-dae1-42dc-8cf6-28579b0999f9|rpc:10.1.0.47:35955|priority:0, 59207186-1f34-4c82-b1d4-26fdc8060eb3|rpc:10.1.0.47:34387|priority:1, c1245a2b-ba94-48c8-ae92-16a28277bc37|rpc:10.1.0.47:36095|priority:0] returns group-5FD0A96E2203:java.util.concurrent.CompletableFuture@68407093[Not completed]
2021-12-08 16:22:29,856 [pool-651-thread-1] INFO  server.RaftServer$Division (RaftServerImpl.java:<init>(184)) - c1245a2b-ba94-48c8-ae92-16a28277bc37: new RaftServerImpl for group-5FD0A96E2203:[a1f7f396-dae1-42dc-8cf6-28579b0999f9|rpc:10.1.0.47:35955|priority:0, 59207186-1f34-4c82-b1d4-26fdc8060eb3|rpc:10.1.0.47:34387|priority:1, c1245a2b-ba94-48c8-ae92-16a28277bc37|rpc:10.1.0.47:36095|priority:0] with ContainerStateMachine:uninitialized
2021-12-08 16:22:29,856 [pool-651-thread-1] INFO  server.RaftServerConfigKeys (ConfUtils.java:logGet(44)) - raft.server.rpc.timeout.min = 5s (custom)
2021-12-08 16:22:29,856 [pool-651-thread-1] INFO  server.RaftServerConfigKeys (ConfUtils.java:logGet(44)) - raft.server.rpc.timeout.max = 5200ms (custom)
2021-12-08 16:22:29,857 [pool-651-thread-1] INFO  server.RaftServerConfigKeys (ConfUtils.java:logGet(44)) - raft.server.rpc.sleep.time = 25ms (default)
2021-12-08 16:22:29,857 [pool-651-thread-1] INFO  server.RaftServerConfigKeys (ConfUtils.java:logGet(44)) - raft.server.rpc.slowness.timeout = 300s (custom)
2021-12-08 16:22:29,857 [pool-651-thread-1] INFO  server.RaftServerConfigKeys (ConfUtils.java:logGet(44)) - raft.server.leaderelection.leader.step-down.wait-time = 10s (default)
2021-12-08 16:22:29,857 [pool-651-thread-1] INFO  server.RaftServerConfigKeys (ConfUtils.java:logGet(44)) - raft.server.sleep.deviation.threshold = 300ms (default)
2021-12-08 16:22:29,857 [pool-651-thread-1] INFO  server.RaftServerConfigKeys (ConfUtils.java:logGet(44)) - raft.server.log.appender.install.snapshot.enabled = false (custom)
2021-12-08 16:22:29,857 [pool-651-thread-1] INFO  server.RaftServer$Division (ServerState.java:<init>(105)) - c1245a2b-ba94-48c8-ae92-16a28277bc37@group-5FD0A96E2203: ConfigurationManager, init=-1: [a1f7f396-dae1-42dc-8cf6-28579b0999f9|rpc:10.1.0.47:35955|priority:0, 59207186-1f34-4c82-b1d4-26fdc8060eb3|rpc:10.1.0.47:34387|priority:1, c1245a2b-ba94-48c8-ae92-16a28277bc37|rpc:10.1.0.47:36095|priority:0], old=null, confs=<EMPTY_MAP>
2021-12-08 16:22:29,857 [pool-651-thread-1] INFO  server.RaftServerConfigKeys (ConfUtils.java:logGet(44)) - raft.server.storage.dir = [/home/runner/work/ozone/ozone/hadoop-ozone/integration-test/target/test-dir/MiniOzoneClusterImpl-8a14d41c-4846-44e3-adb6-ff9e2c85b320/datanode-1/data/ratis] (custom)
2021-12-08 16:22:29,857 [pool-651-thread-1] INFO  server.RaftServerConfigKeys (ConfUtils.java:logGet(44)) - raft.server.log.corruption.policy = EXCEPTION (default)
2021-12-08 16:22:29,857 [pool-651-thread-1] INFO  server.RaftServerConfigKeys (ConfUtils.java:logGet(44)) - raft.server.storage.free-space.min = 0MB (=0) (default)
2021-12-08 16:22:29,857 [pool-651-thread-1] INFO  storage.RaftStorageDirectory (RaftStorageDirectoryImpl.java:analyzeStorage(135)) - The storage directory /home/runner/work/ozone/ozone/hadoop-ozone/integration-test/target/test-dir/MiniOzoneClusterImpl-8a14d41c-4846-44e3-adb6-ff9e2c85b320/datanode-1/data/ratis/8a2e2327-78e5-4245-9c6f-5fd0a96e2203 does not exist. Creating ...
2021-12-08 16:22:29,858 [pool-651-thread-1] INFO  storage.RaftStorageDirectory (RaftStorageDirectoryImpl.java:tryLock(230)) - Lock on /home/runner/work/ozone/ozone/hadoop-ozone/integration-test/target/test-dir/MiniOzoneClusterImpl-8a14d41c-4846-44e3-adb6-ff9e2c85b320/datanode-1/data/ratis/8a2e2327-78e5-4245-9c6f-5fd0a96e2203/in_use.lock acquired by nodename 9760@fv-az59-681
2021-12-08 16:22:29,867 [pool-651-thread-1] INFO  storage.RaftStorage (RaftStorageImpl.java:format(89)) - Storage directory /home/runner/work/ozone/ozone/hadoop-ozone/integration-test/target/test-dir/MiniOzoneClusterImpl-8a14d41c-4846-44e3-adb6-ff9e2c85b320/datanode-1/data/ratis/8a2e2327-78e5-4245-9c6f-5fd0a96e2203 has been successfully formatted.
2021-12-08 16:22:29,891 [pool-651-thread-1] INFO  ratis.ContainerStateMachine (ContainerStateMachine.java:loadSnapshot(231)) - group-5FD0A96E2203: The snapshot info is null. Setting the last applied indexto:(t:0, i:~)
2021-12-08 16:22:29,891 [pool-651-thread-1] INFO  server.RaftServerConfigKeys (ConfUtils.java:logGet(44)) - raft.server.notification.no-leader.timeout = 300s (custom)
2021-12-08 16:22:29,891 [pool-651-thread-1] INFO  server.RaftServerConfigKeys (ConfUtils.java:logGet(44)) - raft.server.log.use.memory = false (default)
2021-12-08 16:22:29,891 [pool-651-thread-1] INFO  server.RaftServerConfigKeys (ConfUtils.java:logGet(44)) - raft.server.log.purge.gap = 1000000 (custom)
2021-12-08 16:22:29,891 [pool-651-thread-1] INFO  server.RaftServerConfigKeys (ConfUtils.java:logGet(44)) - raft.server.log.appender.buffer.byte-limit = 33554432 (custom)
2021-12-08 16:22:29,891 [pool-651-thread-1] INFO  server.RaftServerConfigKeys (ConfUtils.java:logGet(44)) - raft.server.log.segment.size.max = 1048576 (custom)
2021-12-08 16:22:29,892 [pool-651-thread-1] INFO  server.RaftServerConfigKeys (ConfUtils.java:logGet(44)) - raft.server.log.segment.cache.num.max = 2 (custom)
2021-12-08 16:22:29,892 [pool-651-thread-1] INFO  server.RaftServerConfigKeys (ConfUtils.java:logGet(44)) - raft.server.log.segment.cache.size.max = 200MB (=209715200) (default)
2021-12-08 16:22:29,892 [pool-651-thread-1] INFO  segmented.SegmentedRaftLogWorker (SegmentedRaftLogWorker.java:<init>(182)) - new c1245a2b-ba94-48c8-ae92-16a28277bc37@group-5FD0A96E2203-SegmentedRaftLogWorker for RaftStorageImpl:Storage Directory /home/runner/work/ozone/ozone/hadoop-ozone/integration-test/target/test-dir/MiniOzoneClusterImpl-8a14d41c-4846-44e3-adb6-ff9e2c85b320/datanode-1/data/ratis/8a2e2327-78e5-4245-9c6f-5fd0a96e2203
2021-12-08 16:22:29,892 [pool-651-thread-1] INFO  server.RaftServerConfigKeys (ConfUtils.java:logGet(44)) - raft.server.log.queue.byte-limit = 2147483647 (custom)
2021-12-08 16:22:29,892 [pool-651-thread-1] INFO  server.RaftServerConfigKeys (ConfUtils.java:logGet(44)) - raft.server.log.queue.element-limit = 1024 (custom)
2021-12-08 16:22:29,892 [pool-651-thread-1] INFO  server.RaftServerConfigKeys (ConfUtils.java:logGet(44)) - raft.server.log.segment.size.max = 1048576 (custom)
2021-12-08 16:22:29,892 [pool-651-thread-1] INFO  server.RaftServerConfigKeys (ConfUtils.java:logGet(44)) - raft.server.log.preallocated.size = 16384 (custom)
2021-12-08 16:22:29,892 [pool-651-thread-1] INFO  server.RaftServerConfigKeys (ConfUtils.java:logGet(44)) - raft.server.log.force.sync.num = 128 (default)
2021-12-08 16:22:29,892 [pool-651-thread-1] INFO  server.RaftServerConfigKeys (ConfUtils.java:logGet(44)) - raft.server.log.statemachine.data.sync = true (default)
2021-12-08 16:22:29,892 [pool-651-thread-1] INFO  server.RaftServerConfigKeys (ConfUtils.java:logGet(44)) - raft.server.log.statemachine.data.sync.timeout = 10s (default)
2021-12-08 16:22:29,892 [pool-651-thread-1] INFO  server.RaftServerConfigKeys (ConfUtils.java:logGet(44)) - raft.server.log.statemachine.data.sync.timeout.retry = -1 (default)
2021-12-08 16:22:29,893 [pool-651-thread-1] INFO  server.RaftServerConfigKeys (ConfUtils.java:logGet(44)) - raft.server.log.write.buffer.size = 1048576 (custom)
2021-12-08 16:22:29,893 [pool-651-thread-1] INFO  server.RaftServerConfigKeys (ConfUtils.java:logGet(44)) - raft.server.log.statemachine.data.caching.enabled = true (custom)
2021-12-08 16:22:29,893 [pool-651-thread-1] INFO  segmented.SegmentedRaftLogWorker (SegmentedRaftLogWorker.java:lambda$new$0(133)) - c1245a2b-ba94-48c8-ae92-16a28277bc37@group-5FD0A96E2203-SegmentedRaftLogWorker: flushIndex: setUnconditionally 0 -> -1
2021-12-08 16:22:29,893 [pool-651-thread-1] INFO  segmented.SegmentedRaftLogWorker (SegmentedRaftLogWorker.java:lambda$new$0(133)) - c1245a2b-ba94-48c8-ae92-16a28277bc37@group-5FD0A96E2203-SegmentedRaftLogWorker: safeCacheEvictIndex: setUnconditionally 0 -> -1
2021-12-08 16:22:29,895 [EventQueue-OpenPipelineForHealthyPipelineSafeModeRule] INFO  safemode.SCMSafeModeManager (HealthyPipelineSafeModeRule.java:process(124)) - SCM in safe mode. Healthy pipelines reported count is 0, required healthy pipeline reported count is 1
2021-12-08 16:22:29,899 [pool-651-thread-1] INFO  server.RaftServerConfigKeys (ConfUtils.java:logGet(44)) - raft.server.snapshot.auto.trigger.enabled = true (custom)
2021-12-08 16:22:29,899 [pool-651-thread-1] INFO  server.RaftServerConfigKeys (ConfUtils.java:logGet(44)) - raft.server.snapshot.auto.trigger.threshold = 10000 (custom)
2021-12-08 16:22:29,899 [pool-651-thread-1] INFO  server.RaftServerConfigKeys (ConfUtils.java:logGet(44)) - raft.server.snapshot.retention.file.num = 5 (custom)
2021-12-08 16:22:29,899 [pool-651-thread-1] INFO  server.RaftServerConfigKeys (ConfUtils.java:logGet(44)) - raft.server.log.purge.upto.snapshot.index = false (default)
2021-12-08 16:22:29,899 [pool-651-thread-1] INFO  server.RaftServerConfigKeys (ConfUtils.java:logGet(44)) - raft.server.retrycache.expirytime = 600000ms (custom)
2021-12-08 16:22:29,899 [pool-651-thread-1] INFO  server.RaftServerConfigKeys (ConfUtils.java:logGet(44)) - raft.server.retrycache.statistics.expirytime = 100μs (default)
2021-12-08 16:22:29,903 [pool-651-thread-1] INFO  server.RaftServer$Division (RaftServerImpl.java:start(301)) - c1245a2b-ba94-48c8-ae92-16a28277bc37@group-5FD0A96E2203: start as a follower, conf=-1: [a1f7f396-dae1-42dc-8cf6-28579b0999f9|rpc:10.1.0.47:35955|priority:0, 59207186-1f34-4c82-b1d4-26fdc8060eb3|rpc:10.1.0.47:34387|priority:1, c1245a2b-ba94-48c8-ae92-16a28277bc37|rpc:10.1.0.47:36095|priority:0], old=null
2021-12-08 16:22:29,903 [pool-651-thread-1] INFO  server.RaftServer$Division (RaftServerImpl.java:setRole(290)) - c1245a2b-ba94-48c8-ae92-16a28277bc37@group-5FD0A96E2203: changes role from      null to FOLLOWER at term 0 for startAsFollower
2021-12-08 16:22:29,903 [pool-651-thread-1] INFO  impl.RoleInfo (RoleInfo.java:updateAndGet(130)) - c1245a2b-ba94-48c8-ae92-16a28277bc37: start c1245a2b-ba94-48c8-ae92-16a28277bc37@group-5FD0A96E2203-FollowerState
2021-12-08 16:22:29,911 [pool-651-thread-1] INFO  util.JmxRegister (JmxRegister.java:tryRegister(44)) - Successfully registered JMX Bean with object name Ratis:service=RaftServer,group=group-5FD0A96E2203,id=c1245a2b-ba94-48c8-ae92-16a28277bc37
2021-12-08 16:22:29,915 [Command processor thread] INFO  ratis.XceiverServerRatis (XceiverServerRatis.java:addGroup(768)) - Created group PipelineID=8a2e2327-78e5-4245-9c6f-5fd0a96e2203
2021-12-08 16:22:30,003 [Command processor thread] INFO  commandhandler.CreatePipelineCommandHandler (CreatePipelineCommandHandler.java:handle(106)) - Created Pipeline RATIS THREE PipelineID=8a2e2327-78e5-4245-9c6f-5fd0a96e2203.
2021-12-08 16:22:30,125 [Command processor thread] INFO  commandhandler.CreatePipelineCommandHandler (CreatePipelineCommandHandler.java:handle(106)) - Created Pipeline RATIS THREE PipelineID=8a2e2327-78e5-4245-9c6f-5fd0a96e2203.
2021-12-08 16:22:30,419 [Command processor thread] INFO  server.RaftServer (RaftServerProxy.java:addNew(95)) - 59207186-1f34-4c82-b1d4-26fdc8060eb3: addNew group-11ACBAD8649C:[59207186-1f34-4c82-b1d4-26fdc8060eb3|rpc:10.1.0.47:34387|priority:1] returns group-11ACBAD8649C:java.util.concurrent.CompletableFuture@29614f25[Not completed]
2021-12-08 16:22:30,423 [Listener at 127.0.0.1/38865] INFO  ozone.MiniOzoneClusterImpl (MiniOzoneClusterImpl.java:lambda$waitForClusterToBeReady$0(235)) - Nodes are ready. Got 3 of 3 DN Heartbeats.
2021-12-08 16:22:30,423 [Listener at 127.0.0.1/38865] INFO  ozone.MiniOzoneClusterImpl (MiniOzoneClusterImpl.java:lambda$waitForClusterToBeReady$0(238)) - Waiting for cluster to exit safe mode
2021-12-08 16:22:30,423 [Listener at 127.0.0.1/38865] INFO  ozone.MiniOzoneClusterImpl (MiniOzoneClusterImpl.java:lambda$waitForClusterToBeReady$0(240)) - SCM became leader
2021-12-08 16:22:30,451 [pool-672-thread-1] INFO  server.RaftServer$Division (RaftServerImpl.java:<init>(184)) - 59207186-1f34-4c82-b1d4-26fdc8060eb3: new RaftServerImpl for group-11ACBAD8649C:[59207186-1f34-4c82-b1d4-26fdc8060eb3|rpc:10.1.0.47:34387|priority:1] with ContainerStateMachine:uninitialized
2021-12-08 16:22:30,451 [pool-672-thread-1] INFO  server.RaftServerConfigKeys (ConfUtils.java:logGet(44)) - raft.server.rpc.timeout.min = 5s (custom)
2021-12-08 16:22:30,451 [pool-672-thread-1] INFO  server.RaftServerConfigKeys (ConfUtils.java:logGet(44)) - raft.server.rpc.timeout.max = 5200ms (custom)
2021-12-08 16:22:30,451 [pool-672-thread-1] INFO  server.RaftServerConfigKeys (ConfUtils.java:logGet(44)) - raft.server.rpc.sleep.time = 25ms (default)
2021-12-08 16:22:30,451 [pool-672-thread-1] INFO  server.RaftServerConfigKeys (ConfUtils.java:logGet(44)) - raft.server.rpc.slowness.timeout = 300s (custom)
2021-12-08 16:22:30,452 [pool-672-thread-1] INFO  server.RaftServerConfigKeys (ConfUtils.java:logGet(44)) - raft.server.leaderelection.leader.step-down.wait-time = 10s (default)
2021-12-08 16:22:30,452 [pool-672-thread-1] INFO  server.RaftServerConfigKeys (ConfUtils.java:logGet(44)) - raft.server.sleep.deviation.threshold = 300ms (default)
2021-12-08 16:22:30,452 [pool-672-thread-1] INFO  server.RaftServerConfigKeys (ConfUtils.java:logGet(44)) - raft.server.log.appender.install.snapshot.enabled = false (custom)
2021-12-08 16:22:30,452 [pool-672-thread-1] INFO  server.RaftServer$Division (ServerState.java:<init>(105)) - 59207186-1f34-4c82-b1d4-26fdc8060eb3@group-11ACBAD8649C: ConfigurationManager, init=-1: [59207186-1f34-4c82-b1d4-26fdc8060eb3|rpc:10.1.0.47:34387|priority:1], old=null, confs=<EMPTY_MAP>
2021-12-08 16:22:30,452 [pool-672-thread-1] INFO  server.RaftServerConfigKeys (ConfUtils.java:logGet(44)) - raft.server.storage.dir = [/home/runner/work/ozone/ozone/hadoop-ozone/integration-test/target/test-dir/MiniOzoneClusterImpl-8a14d41c-4846-44e3-adb6-ff9e2c85b320/datanode-2/data/ratis] (custom)
2021-12-08 16:22:30,452 [pool-672-thread-1] INFO  server.RaftServerConfigKeys (ConfUtils.java:logGet(44)) - raft.server.log.corruption.policy = EXCEPTION (default)
2021-12-08 16:22:30,452 [pool-672-thread-1] INFO  server.RaftServerConfigKeys (ConfUtils.java:logGet(44)) - raft.server.storage.free-space.min = 0MB (=0) (default)
2021-12-08 16:22:30,452 [pool-672-thread-1] INFO  storage.RaftStorageDirectory (RaftStorageDirectoryImpl.java:analyzeStorage(135)) - The storage directory /home/runner/work/ozone/ozone/hadoop-ozone/integration-test/target/test-dir/MiniOzoneClusterImpl-8a14d41c-4846-44e3-adb6-ff9e2c85b320/datanode-2/data/ratis/697fa00e-a44b-4a50-8061-11acbad8649c does not exist. Creating ...
2021-12-08 16:22:30,454 [pool-672-thread-1] INFO  storage.RaftStorageDirectory (RaftStorageDirectoryImpl.java:tryLock(230)) - Lock on /home/runner/work/ozone/ozone/hadoop-ozone/integration-test/target/test-dir/MiniOzoneClusterImpl-8a14d41c-4846-44e3-adb6-ff9e2c85b320/datanode-2/data/ratis/697fa00e-a44b-4a50-8061-11acbad8649c/in_use.lock acquired by nodename 9760@fv-az59-681
2021-12-08 16:22:30,479 [pool-672-thread-1] INFO  storage.RaftStorage (RaftStorageImpl.java:format(89)) - Storage directory /home/runner/work/ozone/ozone/hadoop-ozone/integration-test/target/test-dir/MiniOzoneClusterImpl-8a14d41c-4846-44e3-adb6-ff9e2c85b320/datanode-2/data/ratis/697fa00e-a44b-4a50-8061-11acbad8649c has been successfully formatted.
2021-12-08 16:22:30,479 [pool-672-thread-1] INFO  ratis.ContainerStateMachine (ContainerStateMachine.java:loadSnapshot(231)) - group-11ACBAD8649C: The snapshot info is null. Setting the last applied indexto:(t:0, i:~)
2021-12-08 16:22:30,479 [pool-672-thread-1] INFO  server.RaftServerConfigKeys (ConfUtils.java:logGet(44)) - raft.server.notification.no-leader.timeout = 300s (custom)
2021-12-08 16:22:30,479 [pool-672-thread-1] INFO  server.RaftServerConfigKeys (ConfUtils.java:logGet(44)) - raft.server.log.use.memory = false (default)
2021-12-08 16:22:30,479 [pool-672-thread-1] INFO  server.RaftServerConfigKeys (ConfUtils.java:logGet(44)) - raft.server.log.purge.gap = 1000000 (custom)
2021-12-08 16:22:30,479 [pool-672-thread-1] INFO  server.RaftServerConfigKeys (ConfUtils.java:logGet(44)) - raft.server.log.appender.buffer.byte-limit = 33554432 (custom)
2021-12-08 16:22:30,479 [pool-672-thread-1] INFO  server.RaftServerConfigKeys (ConfUtils.java:logGet(44)) - raft.server.log.segment.size.max = 1048576 (custom)
2021-12-08 16:22:30,480 [pool-672-thread-1] INFO  server.RaftServerConfigKeys (ConfUtils.java:logGet(44)) - raft.server.log.segment.cache.num.max = 2 (custom)
2021-12-08 16:22:30,480 [pool-672-thread-1] INFO  server.RaftServerConfigKeys (ConfUtils.java:logGet(44)) - raft.server.log.segment.cache.size.max = 200MB (=209715200) (default)
2021-12-08 16:22:30,480 [pool-672-thread-1] INFO  segmented.SegmentedRaftLogWorker (SegmentedRaftLogWorker.java:<init>(182)) - new 59207186-1f34-4c82-b1d4-26fdc8060eb3@group-11ACBAD8649C-SegmentedRaftLogWorker for RaftStorageImpl:Storage Directory /home/runner/work/ozone/ozone/hadoop-ozone/integration-test/target/test-dir/MiniOzoneClusterImpl-8a14d41c-4846-44e3-adb6-ff9e2c85b320/datanode-2/data/ratis/697fa00e-a44b-4a50-8061-11acbad8649c
2021-12-08 16:22:30,480 [pool-672-thread-1] INFO  server.RaftServerConfigKeys (ConfUtils.java:logGet(44)) - raft.server.log.queue.byte-limit = 2147483647 (custom)
2021-12-08 16:22:30,480 [pool-672-thread-1] INFO  server.RaftServerConfigKeys (ConfUtils.java:logGet(44)) - raft.server.log.queue.element-limit = 1024 (custom)
2021-12-08 16:22:30,480 [pool-672-thread-1] INFO  server.RaftServerConfigKeys (ConfUtils.java:logGet(44)) - raft.server.log.segment.size.max = 1048576 (custom)
2021-12-08 16:22:30,480 [pool-672-thread-1] INFO  server.RaftServerConfigKeys (ConfUtils.java:logGet(44)) - raft.server.log.preallocated.size = 16384 (custom)
2021-12-08 16:22:30,480 [pool-672-thread-1] INFO  server.RaftServerConfigKeys (ConfUtils.java:logGet(44)) - raft.server.log.force.sync.num = 128 (default)
2021-12-08 16:22:30,480 [pool-672-thread-1] INFO  server.RaftServerConfigKeys (ConfUtils.java:logGet(44)) - raft.server.log.statemachine.data.sync = true (default)
2021-12-08 16:22:30,480 [pool-672-thread-1] INFO  server.RaftServerConfigKeys (ConfUtils.java:logGet(44)) - raft.server.log.statemachine.data.sync.timeout = 10s (default)
2021-12-08 16:22:30,480 [pool-672-thread-1] INFO  server.RaftServerConfigKeys (ConfUtils.java:logGet(44)) - raft.server.log.statemachine.data.sync.timeout.retry = -1 (default)
2021-12-08 16:22:30,481 [pool-672-thread-1] INFO  server.RaftServerConfigKeys (ConfUtils.java:logGet(44)) - raft.server.log.write.buffer.size = 1048576 (custom)
2021-12-08 16:22:30,481 [pool-672-thread-1] INFO  server.RaftServerConfigKeys (ConfUtils.java:logGet(44)) - raft.server.log.statemachine.data.caching.enabled = true (custom)
2021-12-08 16:22:30,516 [pool-672-thread-1] INFO  segmented.SegmentedRaftLogWorker (SegmentedRaftLogWorker.java:lambda$new$0(133)) - 59207186-1f34-4c82-b1d4-26fdc8060eb3@group-11ACBAD8649C-SegmentedRaftLogWorker: flushIndex: setUnconditionally 0 -> -1
2021-12-08 16:22:30,516 [pool-672-thread-1] INFO  segmented.SegmentedRaftLogWorker (SegmentedRaftLogWorker.java:lambda$new$0(133)) - 59207186-1f34-4c82-b1d4-26fdc8060eb3@group-11ACBAD8649C-SegmentedRaftLogWorker: safeCacheEvictIndex: setUnconditionally 0 -> -1
2021-12-08 16:22:30,492 [EventQueue-PipelineReportForPipelineReportHandler] INFO  pipeline.PipelineManagerImpl (PipelineManagerImpl.java:openPipeline(291)) - Pipeline Pipeline[ Id: 697fa00e-a44b-4a50-8061-11acbad8649c, Nodes: 59207186-1f34-4c82-b1d4-26fdc8060eb3{ip: 10.1.0.47, host: fv-az59-681.csjynl4pkq3e1pkirw3ssqjfoh.cx.internal.cloudapp.net, ports: [REPLICATION=35009, RATIS=34387, RATIS_ADMIN=34387, RATIS_SERVER=34387, STANDALONE=44613], networkLocation: /default-rack, certSerialId: null, persistedOpState: IN_SERVICE, persistedOpStateExpiryEpochSec: 0}, ReplicationConfig: RATIS/ONE, State:ALLOCATED, leaderId:59207186-1f34-4c82-b1d4-26fdc8060eb3, CreationTimestamp2021-12-08T16:22:27.424Z[Etc/UTC]] moved to OPEN state
2021-12-08 16:22:30,517 [EventQueue-OpenPipelineForHealthyPipelineSafeModeRule] INFO  safemode.SCMSafeModeManager (HealthyPipelineSafeModeRule.java:process(124)) - SCM in safe mode. Healthy pipelines reported count is 0, required healthy pipeline reported count is 1
2021-12-08 16:22:30,519 [pool-672-thread-1] INFO  server.RaftServerConfigKeys (ConfUtils.java:logGet(44)) - raft.server.snapshot.auto.trigger.enabled = true (custom)
2021-12-08 16:22:30,519 [pool-672-thread-1] INFO  server.RaftServerConfigKeys (ConfUtils.java:logGet(44)) - raft.server.snapshot.auto.trigger.threshold = 10000 (custom)
2021-12-08 16:22:30,519 [pool-672-thread-1] INFO  server.RaftServerConfigKeys (ConfUtils.java:logGet(44)) - raft.server.snapshot.retention.file.num = 5 (custom)
2021-12-08 16:22:30,519 [pool-672-thread-1] INFO  server.RaftServerConfigKeys (ConfUtils.java:logGet(44)) - raft.server.log.purge.upto.snapshot.index = false (default)
2021-12-08 16:22:30,519 [pool-672-thread-1] INFO  server.RaftServerConfigKeys (ConfUtils.java:logGet(44)) - raft.server.retrycache.expirytime = 600000ms (custom)
2021-12-08 16:22:30,519 [pool-672-thread-1] INFO  server.RaftServerConfigKeys (ConfUtils.java:logGet(44)) - raft.server.retrycache.statistics.expirytime = 100μs (default)
2021-12-08 16:22:30,520 [pool-672-thread-1] INFO  server.RaftServer$Division (RaftServerImpl.java:start(301)) - 59207186-1f34-4c82-b1d4-26fdc8060eb3@group-11ACBAD8649C: start as a follower, conf=-1: [59207186-1f34-4c82-b1d4-26fdc8060eb3|rpc:10.1.0.47:34387|priority:1], old=null
2021-12-08 16:22:30,520 [pool-672-thread-1] INFO  server.RaftServer$Division (RaftServerImpl.java:setRole(290)) - 59207186-1f34-4c82-b1d4-26fdc8060eb3@group-11ACBAD8649C: changes role from      null to FOLLOWER at term 0 for startAsFollower
2021-12-08 16:22:30,520 [pool-672-thread-1] INFO  impl.RoleInfo (RoleInfo.java:updateAndGet(130)) - 59207186-1f34-4c82-b1d4-26fdc8060eb3: start 59207186-1f34-4c82-b1d4-26fdc8060eb3@group-11ACBAD8649C-FollowerState
2021-12-08 16:22:30,523 [pool-672-thread-1] INFO  util.JmxRegister (JmxRegister.java:tryRegister(44)) - Successfully registered JMX Bean with object name Ratis:service=RaftServer,group=group-11ACBAD8649C,id=59207186-1f34-4c82-b1d4-26fdc8060eb3
2021-12-08 16:22:30,531 [Command processor thread] INFO  ratis.XceiverServerRatis (XceiverServerRatis.java:addGroup(768)) - Created group PipelineID=697fa00e-a44b-4a50-8061-11acbad8649c
2021-12-08 16:22:30,531 [Command processor thread] INFO  commandhandler.CreatePipelineCommandHandler (CreatePipelineCommandHandler.java:handle(106)) - Created Pipeline RATIS ONE PipelineID=697fa00e-a44b-4a50-8061-11acbad8649c.
2021-12-08 16:22:31,423 [Listener at 127.0.0.1/38865] INFO  ozone.MiniOzoneClusterImpl (MiniOzoneClusterImpl.java:lambda$waitForClusterToBeReady$0(235)) - Nodes are ready. Got 3 of 3 DN Heartbeats.
2021-12-08 16:22:31,424 [Listener at 127.0.0.1/38865] INFO  ozone.MiniOzoneClusterImpl (MiniOzoneClusterImpl.java:lambda$waitForClusterToBeReady$0(238)) - Waiting for cluster to exit safe mode
2021-12-08 16:22:31,424 [Listener at 127.0.0.1/38865] INFO  ozone.MiniOzoneClusterImpl (MiniOzoneClusterImpl.java:lambda$waitForClusterToBeReady$0(240)) - SCM became leader
2021-12-08 16:22:32,426 [Listener at 127.0.0.1/38865] INFO  ozone.MiniOzoneClusterImpl (MiniOzoneClusterImpl.java:lambda$waitForClusterToBeReady$0(235)) - Nodes are ready. Got 3 of 3 DN Heartbeats.
2021-12-08 16:22:32,427 [Listener at 127.0.0.1/38865] INFO  ozone.MiniOzoneClusterImpl (MiniOzoneClusterImpl.java:lambda$waitForClusterToBeReady$0(238)) - Waiting for cluster to exit safe mode
2021-12-08 16:22:32,427 [Listener at 127.0.0.1/38865] INFO  ozone.MiniOzoneClusterImpl (MiniOzoneClusterImpl.java:lambda$waitForClusterToBeReady$0(240)) - SCM became leader
2021-12-08 16:22:33,427 [Listener at 127.0.0.1/38865] INFO  ozone.MiniOzoneClusterImpl (MiniOzoneClusterImpl.java:lambda$waitForClusterToBeReady$0(235)) - Nodes are ready. Got 3 of 3 DN Heartbeats.
2021-12-08 16:22:33,427 [Listener at 127.0.0.1/38865] INFO  ozone.MiniOzoneClusterImpl (MiniOzoneClusterImpl.java:lambda$waitForClusterToBeReady$0(238)) - Waiting for cluster to exit safe mode
2021-12-08 16:22:33,427 [Listener at 127.0.0.1/38865] INFO  ozone.MiniOzoneClusterImpl (MiniOzoneClusterImpl.java:lambda$waitForClusterToBeReady$0(240)) - SCM became leader
2021-12-08 16:22:34,347 [a1f7f396-dae1-42dc-8cf6-28579b0999f9@group-1A772BA897FB-FollowerState] INFO  impl.FollowerState (FollowerState.java:run(134)) - a1f7f396-dae1-42dc-8cf6-28579b0999f9@group-1A772BA897FB-FollowerState: change to CANDIDATE, lastRpcElapsedTime:5039356606ns, electionTimeout:5034ms
2021-12-08 16:22:34,348 [a1f7f396-dae1-42dc-8cf6-28579b0999f9@group-1A772BA897FB-FollowerState] INFO  impl.RoleInfo (RoleInfo.java:shutdownFollowerState(108)) - a1f7f396-dae1-42dc-8cf6-28579b0999f9: shutdown a1f7f396-dae1-42dc-8cf6-28579b0999f9@group-1A772BA897FB-FollowerState
2021-12-08 16:22:34,348 [a1f7f396-dae1-42dc-8cf6-28579b0999f9@group-1A772BA897FB-FollowerState] INFO  server.RaftServer$Division (RaftServerImpl.java:setRole(290)) - a1f7f396-dae1-42dc-8cf6-28579b0999f9@group-1A772BA897FB: changes role from  FOLLOWER to CANDIDATE at term 0 for changeToCandidate
2021-12-08 16:22:34,348 [a1f7f396-dae1-42dc-8cf6-28579b0999f9@group-1A772BA897FB-FollowerState] INFO  server.RaftServerConfigKeys (ConfUtils.java:logGet(44)) - raft.server.leaderelection.pre-vote = false (custom)
2021-12-08 16:22:34,348 [a1f7f396-dae1-42dc-8cf6-28579b0999f9@group-1A772BA897FB-FollowerState] INFO  impl.RoleInfo (RoleInfo.java:updateAndGet(130)) - a1f7f396-dae1-42dc-8cf6-28579b0999f9: start a1f7f396-dae1-42dc-8cf6-28579b0999f9@group-1A772BA897FB-LeaderElection64
2021-12-08 16:22:34,369 [a1f7f396-dae1-42dc-8cf6-28579b0999f9@group-C07350250565-FollowerState] INFO  impl.FollowerState (FollowerState.java:run(134)) - a1f7f396-dae1-42dc-8cf6-28579b0999f9@group-C07350250565-FollowerState: change to CANDIDATE, lastRpcElapsedTime:5138313768ns, electionTimeout:5110ms
2021-12-08 16:22:34,369 [a1f7f396-dae1-42dc-8cf6-28579b0999f9@group-C07350250565-FollowerState] INFO  impl.RoleInfo (RoleInfo.java:shutdownFollowerState(108)) - a1f7f396-dae1-42dc-8cf6-28579b0999f9: shutdown a1f7f396-dae1-42dc-8cf6-28579b0999f9@group-C07350250565-FollowerState
2021-12-08 16:22:34,369 [a1f7f396-dae1-42dc-8cf6-28579b0999f9@group-C07350250565-FollowerState] INFO  server.RaftServer$Division (RaftServerImpl.java:setRole(290)) - a1f7f396-dae1-42dc-8cf6-28579b0999f9@group-C07350250565: changes role from  FOLLOWER to CANDIDATE at term 0 for changeToCandidate
2021-12-08 16:22:34,369 [a1f7f396-dae1-42dc-8cf6-28579b0999f9@group-C07350250565-FollowerState] INFO  server.RaftServerConfigKeys (ConfUtils.java:logGet(44)) - raft.server.leaderelection.pre-vote = false (custom)
2021-12-08 16:22:34,369 [a1f7f396-dae1-42dc-8cf6-28579b0999f9@group-C07350250565-FollowerState] INFO  impl.RoleInfo (RoleInfo.java:updateAndGet(130)) - a1f7f396-dae1-42dc-8cf6-28579b0999f9: start a1f7f396-dae1-42dc-8cf6-28579b0999f9@group-C07350250565-LeaderElection65
2021-12-08 16:22:34,394 [a1f7f396-dae1-42dc-8cf6-28579b0999f9@group-1A772BA897FB-LeaderElection64] INFO  impl.LeaderElection (LeaderElection.java:askForVotes(306)) - a1f7f396-dae1-42dc-8cf6-28579b0999f9@group-1A772BA897FB-LeaderElection64 ELECTION round 0: submit vote requests at term 1 for -1: [a1f7f396-dae1-42dc-8cf6-28579b0999f9|rpc:10.1.0.47:35955|priority:0, c1245a2b-ba94-48c8-ae92-16a28277bc37|rpc:10.1.0.47:36095|priority:1, 59207186-1f34-4c82-b1d4-26fdc8060eb3|rpc:10.1.0.47:34387|priority:0], old=null
2021-12-08 16:22:34,424 [a1f7f396-dae1-42dc-8cf6-28579b0999f9@group-C07350250565-LeaderElection65] INFO  impl.LeaderElection (LeaderElection.java:askForVotes(306)) - a1f7f396-dae1-42dc-8cf6-28579b0999f9@group-C07350250565-LeaderElection65 ELECTION round 0: submit vote requests at term 1 for -1: [a1f7f396-dae1-42dc-8cf6-28579b0999f9|rpc:10.1.0.47:35955|priority:1], old=null
2021-12-08 16:22:34,424 [a1f7f396-dae1-42dc-8cf6-28579b0999f9@group-C07350250565-LeaderElection65] INFO  impl.LeaderElection (LeaderElection.java:askForVotes(308)) - a1f7f396-dae1-42dc-8cf6-28579b0999f9@group-C07350250565-LeaderElection65 ELECTION round 0: result PASSED (term=1)
2021-12-08 16:22:34,424 [a1f7f396-dae1-42dc-8cf6-28579b0999f9@group-C07350250565-LeaderElection65] INFO  impl.RoleInfo (RoleInfo.java:shutdownLeaderElection(121)) - a1f7f396-dae1-42dc-8cf6-28579b0999f9: shutdown a1f7f396-dae1-42dc-8cf6-28579b0999f9@group-C07350250565-LeaderElection65
2021-12-08 16:22:34,424 [a1f7f396-dae1-42dc-8cf6-28579b0999f9@group-C07350250565-LeaderElection65] INFO  server.RaftServer$Division (RaftServerImpl.java:setRole(290)) - a1f7f396-dae1-42dc-8cf6-28579b0999f9@group-C07350250565: changes role from CANDIDATE to LEADER at term 1 for changeToLeader
2021-12-08 16:22:34,424 [a1f7f396-dae1-42dc-8cf6-28579b0999f9@group-C07350250565-LeaderElection65] INFO  ratis.XceiverServerRatis (XceiverServerRatis.java:handleLeaderChangedNotification(866)) - Leader change notification received for group: group-C07350250565 with new leaderId: a1f7f396-dae1-42dc-8cf6-28579b0999f9
2021-12-08 16:22:34,424 [a1f7f396-dae1-42dc-8cf6-28579b0999f9@group-C07350250565-LeaderElection65] INFO  server.RaftServer$Division (ServerState.java:setLeader(285)) - a1f7f396-dae1-42dc-8cf6-28579b0999f9@group-C07350250565: change Leader from null to a1f7f396-dae1-42dc-8cf6-28579b0999f9 at term 1 for becomeLeader, leader elected after 5234ms
2021-12-08 16:22:34,424 [a1f7f396-dae1-42dc-8cf6-28579b0999f9@group-C07350250565-LeaderElection65] INFO  server.RaftServerConfigKeys (ConfUtils.java:logGet(44)) - raft.server.staging.catchup.gap = 1000 (default)
2021-12-08 16:22:34,424 [a1f7f396-dae1-42dc-8cf6-28579b0999f9@group-C07350250565-LeaderElection65] INFO  server.RaftServerConfigKeys (ConfUtils.java:logGet(44)) - raft.server.write.element-limit = 1024 (custom)
2021-12-08 16:22:34,424 [a1f7f396-dae1-42dc-8cf6-28579b0999f9@group-C07350250565-LeaderElection65] INFO  server.RaftServerConfigKeys (ConfUtils.java:logGet(44)) - raft.server.write.byte-limit = 1024 M (=1073741824) (custom)
2021-12-08 16:22:34,425 [a1f7f396-dae1-42dc-8cf6-28579b0999f9@group-C07350250565-LeaderElection65] INFO  server.RaftServerConfigKeys (ConfUtils.java:logGet(44)) - raft.server.watch.timeout = 180s (custom)
2021-12-08 16:22:34,425 [a1f7f396-dae1-42dc-8cf6-28579b0999f9@group-C07350250565-LeaderElection65] INFO  server.RaftServerConfigKeys (ConfUtils.java:logGet(44)) - raft.server.watch.timeout.denomination = 1s (default)
2021-12-08 16:22:34,425 [a1f7f396-dae1-42dc-8cf6-28579b0999f9@group-C07350250565-LeaderElection65] INFO  server.RaftServerConfigKeys (ConfUtils.java:logGet(44)) - raft.server.watch.element-limit = 65536 (default)
2021-12-08 16:22:34,425 [a1f7f396-dae1-42dc-8cf6-28579b0999f9@group-C07350250565-LeaderElection65] INFO  server.RaftServerConfigKeys (ConfUtils.java:logGet(44)) - raft.server.write.element-limit = 1024 (custom)
2021-12-08 16:22:34,425 [a1f7f396-dae1-42dc-8cf6-28579b0999f9@group-C07350250565-LeaderElection65] INFO  server.RaftServerConfigKeys (ConfUtils.java:logGet(44)) - raft.server.write.follower.gap.ratio.max = -1.0 (default)
2021-12-08 16:22:34,425 [a1f7f396-dae1-42dc-8cf6-28579b0999f9@group-C07350250565-LeaderElection65] INFO  impl.RoleInfo (RoleInfo.java:updateAndGet(130)) - a1f7f396-dae1-42dc-8cf6-28579b0999f9: start a1f7f396-dae1-42dc-8cf6-28579b0999f9@group-C07350250565-LeaderStateImpl
2021-12-08 16:22:34,425 [a1f7f396-dae1-42dc-8cf6-28579b0999f9@group-C07350250565-LeaderElection65] INFO  segmented.SegmentedRaftLogWorker (SegmentedRaftLogWorker.java:startLogSegment(394)) - a1f7f396-dae1-42dc-8cf6-28579b0999f9@group-C07350250565-SegmentedRaftLogWorker: Starting segment from index:0
2021-12-08 16:22:34,427 [EventQueue-OpenPipelineForHealthyPipelineSafeModeRule] INFO  safemode.SCMSafeModeManager (HealthyPipelineSafeModeRule.java:process(124)) - SCM in safe mode. Healthy pipelines reported count is 0, required healthy pipeline reported count is 1
2021-12-08 16:22:34,427 [a1f7f396-dae1-42dc-8cf6-28579b0999f9@group-C07350250565-SegmentedRaftLogWorker] INFO  segmented.SegmentedRaftLogWorker (SegmentedRaftLogWorker.java:execute(601)) - a1f7f396-dae1-42dc-8cf6-28579b0999f9@group-C07350250565-SegmentedRaftLogWorker: created new log segment /home/runner/work/ozone/ozone/hadoop-ozone/integration-test/target/test-dir/MiniOzoneClusterImpl-8a14d41c-4846-44e3-adb6-ff9e2c85b320/datanode-0/data/ratis/ebb98bf6-a7b1-4d40-9116-c07350250565/current/log_inprogress_0
2021-12-08 16:22:34,427 [Listener at 127.0.0.1/38865] INFO  ozone.MiniOzoneClusterImpl (MiniOzoneClusterImpl.java:lambda$waitForClusterToBeReady$0(235)) - Nodes are ready. Got 3 of 3 DN Heartbeats.
2021-12-08 16:22:34,428 [Listener at 127.0.0.1/38865] INFO  ozone.MiniOzoneClusterImpl (MiniOzoneClusterImpl.java:lambda$waitForClusterToBeReady$0(238)) - Waiting for cluster to exit safe mode
2021-12-08 16:22:34,428 [Listener at 127.0.0.1/38865] INFO  ozone.MiniOzoneClusterImpl (MiniOzoneClusterImpl.java:lambda$waitForClusterToBeReady$0(240)) - SCM became leader
2021-12-08 16:22:34,443 [grpc-default-executor-0] INFO  server.RaftServer$Division (RaftServerImpl.java:requestVote(1046)) - c1245a2b-ba94-48c8-ae92-16a28277bc37@group-1A772BA897FB: receive requestVote(ELECTION, a1f7f396-dae1-42dc-8cf6-28579b0999f9, group-1A772BA897FB, 1, (t:0, i:0))
2021-12-08 16:22:34,443 [grpc-default-executor-0] INFO  impl.VoteContext (VoteContext.java:log(48)) - c1245a2b-ba94-48c8-ae92-16a28277bc37@group-1A772BA897FB-FOLLOWER: reject ELECTION from a1f7f396-dae1-42dc-8cf6-28579b0999f9: our priority 1 > candidate's priority 0
2021-12-08 16:22:34,443 [grpc-default-executor-0] INFO  server.RaftServer$Division (RaftServerImpl.java:setRole(290)) - c1245a2b-ba94-48c8-ae92-16a28277bc37@group-1A772BA897FB: changes role from  FOLLOWER to FOLLOWER at term 1 for candidate:a1f7f396-dae1-42dc-8cf6-28579b0999f9
2021-12-08 16:22:34,444 [grpc-default-executor-0] INFO  impl.RoleInfo (RoleInfo.java:shutdownFollowerState(108)) - c1245a2b-ba94-48c8-ae92-16a28277bc37: shutdown c1245a2b-ba94-48c8-ae92-16a28277bc37@group-1A772BA897FB-FollowerState
2021-12-08 16:22:34,444 [grpc-default-executor-0] INFO  impl.RoleInfo (RoleInfo.java:updateAndGet(130)) - c1245a2b-ba94-48c8-ae92-16a28277bc37: start c1245a2b-ba94-48c8-ae92-16a28277bc37@group-1A772BA897FB-FollowerState
2021-12-08 16:22:34,444 [a1f7f396-dae1-42dc-8cf6-28579b0999f9@group-C07350250565-LeaderElection65] INFO  server.RaftServer$Division (ServerState.java:setRaftConf(387)) - a1f7f396-dae1-42dc-8cf6-28579b0999f9@group-C07350250565: set configuration 0: [a1f7f396-dae1-42dc-8cf6-28579b0999f9|rpc:10.1.0.47:35955|dataStream:|priority:1], old=null
2021-12-08 16:22:34,444 [c1245a2b-ba94-48c8-ae92-16a28277bc37@group-1A772BA897FB-FollowerState] INFO  impl.FollowerState (FollowerState.java:run(143)) - c1245a2b-ba94-48c8-ae92-16a28277bc37@group-1A772BA897FB-FollowerState was interrupted: {}
java.lang.InterruptedException: sleep interrupted
	at java.lang.Thread.sleep(Native Method)
	at java.lang.Thread.sleep(Thread.java:340)
	at java.util.concurrent.TimeUnit.sleep(TimeUnit.java:386)
	at org.apache.ratis.util.TimeDuration.sleep(TimeDuration.java:324)
	at org.apache.ratis.util.TimeDuration.sleep(TimeDuration.java:309)
	at org.apache.ratis.server.impl.FollowerState.run(FollowerState.java:118)
2021-12-08 16:22:34,455 [grpc-default-executor-0] INFO  server.RaftServer$Division (RaftServerImpl.java:requestVote(1078)) - c1245a2b-ba94-48c8-ae92-16a28277bc37@group-1A772BA897FB replies to ELECTION vote request: a1f7f396-dae1-42dc-8cf6-28579b0999f9<-c1245a2b-ba94-48c8-ae92-16a28277bc37#0:FAIL-t1. Peer's state: c1245a2b-ba94-48c8-ae92-16a28277bc37@group-1A772BA897FB:t1, leader=null, voted=null, raftlog=c1245a2b-ba94-48c8-ae92-16a28277bc37@group-1A772BA897FB-SegmentedRaftLog:OPENED:c-1, conf=-1: [a1f7f396-dae1-42dc-8cf6-28579b0999f9|rpc:10.1.0.47:35955|dataStream:|priority:0, c1245a2b-ba94-48c8-ae92-16a28277bc37|rpc:10.1.0.47:36095|dataStream:|priority:1, 59207186-1f34-4c82-b1d4-26fdc8060eb3|rpc:10.1.0.47:34387|dataStream:|priority:0], old=null
2021-12-08 16:22:34,459 [a1f7f396-dae1-42dc-8cf6-28579b0999f9@group-1A772BA897FB-LeaderElection64] INFO  impl.LeaderElection (LeaderElection.java:logAndReturn(89)) - a1f7f396-dae1-42dc-8cf6-28579b0999f9@group-1A772BA897FB-LeaderElection64: ELECTION REJECTED received 1 response(s) and 0 exception(s):
2021-12-08 16:22:34,459 [a1f7f396-dae1-42dc-8cf6-28579b0999f9@group-1A772BA897FB-LeaderElection64] INFO  impl.LeaderElection (LeaderElection.java:logAndReturn(93)) -   Response 0: a1f7f396-dae1-42dc-8cf6-28579b0999f9<-c1245a2b-ba94-48c8-ae92-16a28277bc37#0:FAIL-t1
2021-12-08 16:22:34,459 [a1f7f396-dae1-42dc-8cf6-28579b0999f9@group-1A772BA897FB-LeaderElection64] INFO  impl.LeaderElection (LeaderElection.java:askForVotes(308)) - a1f7f396-dae1-42dc-8cf6-28579b0999f9@group-1A772BA897FB-LeaderElection64 ELECTION round 0: result REJECTED
2021-12-08 16:22:34,459 [a1f7f396-dae1-42dc-8cf6-28579b0999f9@group-1A772BA897FB-LeaderElection64] INFO  server.RaftServer$Division (RaftServerImpl.java:setRole(290)) - a1f7f396-dae1-42dc-8cf6-28579b0999f9@group-1A772BA897FB: changes role from CANDIDATE to FOLLOWER at term 1 for REJECTED
2021-12-08 16:22:34,459 [a1f7f396-dae1-42dc-8cf6-28579b0999f9@group-1A772BA897FB-LeaderElection64] INFO  impl.RoleInfo (RoleInfo.java:shutdownLeaderElection(121)) - a1f7f396-dae1-42dc-8cf6-28579b0999f9: shutdown a1f7f396-dae1-42dc-8cf6-28579b0999f9@group-1A772BA897FB-LeaderElection64
2021-12-08 16:22:34,459 [a1f7f396-dae1-42dc-8cf6-28579b0999f9@group-1A772BA897FB-LeaderElection64] INFO  impl.RoleInfo (RoleInfo.java:updateAndGet(130)) - a1f7f396-dae1-42dc-8cf6-28579b0999f9: start a1f7f396-dae1-42dc-8cf6-28579b0999f9@group-1A772BA897FB-FollowerState
2021-12-08 16:22:34,503 [grpc-default-executor-1] INFO  server.RaftServer$Division (RaftServerImpl.java:requestVote(1046)) - 59207186-1f34-4c82-b1d4-26fdc8060eb3@group-1A772BA897FB: receive requestVote(ELECTION, a1f7f396-dae1-42dc-8cf6-28579b0999f9, group-1A772BA897FB, 1, (t:0, i:0))
2021-12-08 16:22:34,503 [grpc-default-executor-1] INFO  impl.VoteContext (VoteContext.java:log(48)) - 59207186-1f34-4c82-b1d4-26fdc8060eb3@group-1A772BA897FB-FOLLOWER: accept ELECTION from a1f7f396-dae1-42dc-8cf6-28579b0999f9: our priority 0 <= candidate's priority 0
2021-12-08 16:22:34,503 [grpc-default-executor-1] INFO  server.RaftServer$Division (RaftServerImpl.java:setRole(290)) - 59207186-1f34-4c82-b1d4-26fdc8060eb3@group-1A772BA897FB: changes role from  FOLLOWER to FOLLOWER at term 1 for candidate:a1f7f396-dae1-42dc-8cf6-28579b0999f9
2021-12-08 16:22:34,503 [grpc-default-executor-1] INFO  impl.RoleInfo (RoleInfo.java:shutdownFollowerState(108)) - 59207186-1f34-4c82-b1d4-26fdc8060eb3: shutdown 59207186-1f34-4c82-b1d4-26fdc8060eb3@group-1A772BA897FB-FollowerState
2021-12-08 16:22:34,503 [grpc-default-executor-1] INFO  impl.RoleInfo (RoleInfo.java:updateAndGet(130)) - 59207186-1f34-4c82-b1d4-26fdc8060eb3: start 59207186-1f34-4c82-b1d4-26fdc8060eb3@group-1A772BA897FB-FollowerState
2021-12-08 16:22:34,503 [59207186-1f34-4c82-b1d4-26fdc8060eb3@group-1A772BA897FB-FollowerState] INFO  impl.FollowerState (FollowerState.java:run(143)) - 59207186-1f34-4c82-b1d4-26fdc8060eb3@group-1A772BA897FB-FollowerState was interrupted: {}
java.lang.InterruptedException: sleep interrupted
	at java.lang.Thread.sleep(Native Method)
	at java.lang.Thread.sleep(Thread.java:340)
	at java.util.concurrent.TimeUnit.sleep(TimeUnit.java:386)
	at org.apache.ratis.util.TimeDuration.sleep(TimeDuration.java:324)
	at org.apache.ratis.util.TimeDuration.sleep(TimeDuration.java:309)
	at org.apache.ratis.server.impl.FollowerState.run(FollowerState.java:118)
2021-12-08 16:22:34,527 [grpc-default-executor-1] INFO  server.RaftServer$Division (RaftServerImpl.java:requestVote(1078)) - 59207186-1f34-4c82-b1d4-26fdc8060eb3@group-1A772BA897FB replies to ELECTION vote request: a1f7f396-dae1-42dc-8cf6-28579b0999f9<-59207186-1f34-4c82-b1d4-26fdc8060eb3#0:OK-t1. Peer's state: 59207186-1f34-4c82-b1d4-26fdc8060eb3@group-1A772BA897FB:t1, leader=null, voted=a1f7f396-dae1-42dc-8cf6-28579b0999f9, raftlog=59207186-1f34-4c82-b1d4-26fdc8060eb3@group-1A772BA897FB-SegmentedRaftLog:OPENED:c-1, conf=-1: [a1f7f396-dae1-42dc-8cf6-28579b0999f9|rpc:10.1.0.47:35955|dataStream:|priority:0, c1245a2b-ba94-48c8-ae92-16a28277bc37|rpc:10.1.0.47:36095|dataStream:|priority:1, 59207186-1f34-4c82-b1d4-26fdc8060eb3|rpc:10.1.0.47:34387|dataStream:|priority:0], old=null
2021-12-08 16:22:34,872 [a1f7f396-dae1-42dc-8cf6-28579b0999f9@group-5FD0A96E2203-FollowerState] INFO  impl.FollowerState (FollowerState.java:run(134)) - a1f7f396-dae1-42dc-8cf6-28579b0999f9@group-5FD0A96E2203-FollowerState: change to CANDIDATE, lastRpcElapsedTime:5147086930ns, electionTimeout:5137ms
2021-12-08 16:22:34,872 [a1f7f396-dae1-42dc-8cf6-28579b0999f9@group-5FD0A96E2203-FollowerState] INFO  impl.RoleInfo (RoleInfo.java:shutdownFollowerState(108)) - a1f7f396-dae1-42dc-8cf6-28579b0999f9: shutdown a1f7f396-dae1-42dc-8cf6-28579b0999f9@group-5FD0A96E2203-FollowerState
2021-12-08 16:22:34,873 [a1f7f396-dae1-42dc-8cf6-28579b0999f9@group-5FD0A96E2203-FollowerState] INFO  server.RaftServer$Division (RaftServerImpl.java:setRole(290)) - a1f7f396-dae1-42dc-8cf6-28579b0999f9@group-5FD0A96E2203: changes role from  FOLLOWER to CANDIDATE at term 0 for changeToCandidate
2021-12-08 16:22:34,873 [a1f7f396-dae1-42dc-8cf6-28579b0999f9@group-5FD0A96E2203-FollowerState] INFO  server.RaftServerConfigKeys (ConfUtils.java:logGet(44)) - raft.server.leaderelection.pre-vote = false (custom)
2021-12-08 16:22:34,873 [a1f7f396-dae1-42dc-8cf6-28579b0999f9@group-5FD0A96E2203-FollowerState] INFO  impl.RoleInfo (RoleInfo.java:updateAndGet(130)) - a1f7f396-dae1-42dc-8cf6-28579b0999f9: start a1f7f396-dae1-42dc-8cf6-28579b0999f9@group-5FD0A96E2203-LeaderElection66
2021-12-08 16:22:34,904 [59207186-1f34-4c82-b1d4-26fdc8060eb3@group-5FD0A96E2203-FollowerState] INFO  impl.FollowerState (FollowerState.java:run(134)) - 59207186-1f34-4c82-b1d4-26fdc8060eb3@group-5FD0A96E2203-FollowerState: change to CANDIDATE, lastRpcElapsedTime:5095390131ns, electionTimeout:5091ms
2021-12-08 16:22:34,904 [59207186-1f34-4c82-b1d4-26fdc8060eb3@group-5FD0A96E2203-FollowerState] INFO  impl.RoleInfo (RoleInfo.java:shutdownFollowerState(108)) - 59207186-1f34-4c82-b1d4-26fdc8060eb3: shutdown 59207186-1f34-4c82-b1d4-26fdc8060eb3@group-5FD0A96E2203-FollowerState
2021-12-08 16:22:34,904 [59207186-1f34-4c82-b1d4-26fdc8060eb3@group-5FD0A96E2203-FollowerState] INFO  server.RaftServer$Division (RaftServerImpl.java:setRole(290)) - 59207186-1f34-4c82-b1d4-26fdc8060eb3@group-5FD0A96E2203: changes role from  FOLLOWER to CANDIDATE at term 0 for changeToCandidate
2021-12-08 16:22:34,904 [59207186-1f34-4c82-b1d4-26fdc8060eb3@group-5FD0A96E2203-FollowerState] INFO  server.RaftServerConfigKeys (ConfUtils.java:logGet(44)) - raft.server.leaderelection.pre-vote = false (custom)
2021-12-08 16:22:34,904 [59207186-1f34-4c82-b1d4-26fdc8060eb3@group-5FD0A96E2203-FollowerState] INFO  impl.RoleInfo (RoleInfo.java:updateAndGet(130)) - 59207186-1f34-4c82-b1d4-26fdc8060eb3: start 59207186-1f34-4c82-b1d4-26fdc8060eb3@group-5FD0A96E2203-LeaderElection67
2021-12-08 16:22:34,933 [a1f7f396-dae1-42dc-8cf6-28579b0999f9@group-5FD0A96E2203-LeaderElection66] INFO  impl.LeaderElection (LeaderElection.java:askForVotes(306)) - a1f7f396-dae1-42dc-8cf6-28579b0999f9@group-5FD0A96E2203-LeaderElection66 ELECTION round 0: submit vote requests at term 1 for -1: [a1f7f396-dae1-42dc-8cf6-28579b0999f9|rpc:10.1.0.47:35955|priority:0, 59207186-1f34-4c82-b1d4-26fdc8060eb3|rpc:10.1.0.47:34387|priority:1, c1245a2b-ba94-48c8-ae92-16a28277bc37|rpc:10.1.0.47:36095|priority:0], old=null
2021-12-08 16:22:34,935 [grpc-default-executor-1] INFO  server.RaftServer$Division (RaftServerImpl.java:requestVote(1046)) - 59207186-1f34-4c82-b1d4-26fdc8060eb3@group-5FD0A96E2203: receive requestVote(ELECTION, a1f7f396-dae1-42dc-8cf6-28579b0999f9, group-5FD0A96E2203, 1, (t:0, i:0))
2021-12-08 16:22:34,936 [grpc-default-executor-1] INFO  impl.VoteContext (VoteContext.java:log(48)) - 59207186-1f34-4c82-b1d4-26fdc8060eb3@group-5FD0A96E2203-CANDIDATE: reject ELECTION from a1f7f396-dae1-42dc-8cf6-28579b0999f9: our priority 1 > candidate's priority 0
2021-12-08 16:22:34,936 [grpc-default-executor-1] INFO  server.RaftServer$Division (RaftServerImpl.java:setRole(290)) - 59207186-1f34-4c82-b1d4-26fdc8060eb3@group-5FD0A96E2203: changes role from CANDIDATE to FOLLOWER at term 1 for candidate:a1f7f396-dae1-42dc-8cf6-28579b0999f9
2021-12-08 16:22:34,936 [grpc-default-executor-1] INFO  impl.RoleInfo (RoleInfo.java:shutdownLeaderElection(121)) - 59207186-1f34-4c82-b1d4-26fdc8060eb3: shutdown 59207186-1f34-4c82-b1d4-26fdc8060eb3@group-5FD0A96E2203-LeaderElection67
2021-12-08 16:22:34,936 [grpc-default-executor-1] INFO  impl.RoleInfo (RoleInfo.java:updateAndGet(130)) - 59207186-1f34-4c82-b1d4-26fdc8060eb3: start 59207186-1f34-4c82-b1d4-26fdc8060eb3@group-5FD0A96E2203-FollowerState
2021-12-08 16:22:34,942 [grpc-default-executor-1] INFO  server.RaftServer$Division (RaftServerImpl.java:requestVote(1078)) - 59207186-1f34-4c82-b1d4-26fdc8060eb3@group-5FD0A96E2203 replies to ELECTION vote request: a1f7f396-dae1-42dc-8cf6-28579b0999f9<-59207186-1f34-4c82-b1d4-26fdc8060eb3#0:FAIL-t1. Peer's state: 59207186-1f34-4c82-b1d4-26fdc8060eb3@group-5FD0A96E2203:t1, leader=null, voted=null, raftlog=59207186-1f34-4c82-b1d4-26fdc8060eb3@group-5FD0A96E2203-SegmentedRaftLog:OPENED:c-1, conf=-1: [a1f7f396-dae1-42dc-8cf6-28579b0999f9|rpc:10.1.0.47:35955|dataStream:|priority:0, 59207186-1f34-4c82-b1d4-26fdc8060eb3|rpc:10.1.0.47:34387|dataStream:|priority:1, c1245a2b-ba94-48c8-ae92-16a28277bc37|rpc:10.1.0.47:36095|dataStream:|priority:0], old=null
2021-12-08 16:22:34,945 [59207186-1f34-4c82-b1d4-26fdc8060eb3@group-5FD0A96E2203-LeaderElection67] INFO  impl.LeaderElection (LeaderElection.java:run(230)) - 59207186-1f34-4c82-b1d4-26fdc8060eb3@group-5FD0A96E2203-LeaderElection67: skip running since this is already CLOSING
2021-12-08 16:22:34,949 [a1f7f396-dae1-42dc-8cf6-28579b0999f9@group-5FD0A96E2203-LeaderElection66] INFO  impl.LeaderElection (LeaderElection.java:logAndReturn(89)) - a1f7f396-dae1-42dc-8cf6-28579b0999f9@group-5FD0A96E2203-LeaderElection66: ELECTION REJECTED received 1 response(s) and 0 exception(s):
2021-12-08 16:22:34,949 [a1f7f396-dae1-42dc-8cf6-28579b0999f9@group-5FD0A96E2203-LeaderElection66] INFO  impl.LeaderElection (LeaderElection.java:logAndReturn(93)) -   Response 0: a1f7f396-dae1-42dc-8cf6-28579b0999f9<-59207186-1f34-4c82-b1d4-26fdc8060eb3#0:FAIL-t1
2021-12-08 16:22:34,949 [a1f7f396-dae1-42dc-8cf6-28579b0999f9@group-5FD0A96E2203-LeaderElection66] INFO  impl.LeaderElection (LeaderElection.java:askForVotes(308)) - a1f7f396-dae1-42dc-8cf6-28579b0999f9@group-5FD0A96E2203-LeaderElection66 ELECTION round 0: result REJECTED
2021-12-08 16:22:34,949 [a1f7f396-dae1-42dc-8cf6-28579b0999f9@group-5FD0A96E2203-LeaderElection66] INFO  server.RaftServer$Division (RaftServerImpl.java:setRole(290)) - a1f7f396-dae1-42dc-8cf6-28579b0999f9@group-5FD0A96E2203: changes role from CANDIDATE to FOLLOWER at term 1 for REJECTED
2021-12-08 16:22:34,949 [a1f7f396-dae1-42dc-8cf6-28579b0999f9@group-5FD0A96E2203-LeaderElection66] INFO  impl.RoleInfo (RoleInfo.java:shutdownLeaderElection(121)) - a1f7f396-dae1-42dc-8cf6-28579b0999f9: shutdown a1f7f396-dae1-42dc-8cf6-28579b0999f9@group-5FD0A96E2203-LeaderElection66
2021-12-08 16:22:34,949 [a1f7f396-dae1-42dc-8cf6-28579b0999f9@group-5FD0A96E2203-LeaderElection66] INFO  impl.RoleInfo (RoleInfo.java:updateAndGet(130)) - a1f7f396-dae1-42dc-8cf6-28579b0999f9: start a1f7f396-dae1-42dc-8cf6-28579b0999f9@group-5FD0A96E2203-FollowerState
2021-12-08 16:22:34,955 [grpc-default-executor-1] INFO  server.RaftServer$Division (RaftServerImpl.java:requestVote(1046)) - c1245a2b-ba94-48c8-ae92-16a28277bc37@group-5FD0A96E2203: receive requestVote(ELECTION, a1f7f396-dae1-42dc-8cf6-28579b0999f9, group-5FD0A96E2203, 1, (t:0, i:0))
2021-12-08 16:22:34,955 [grpc-default-executor-1] INFO  impl.VoteContext (VoteContext.java:log(48)) - c1245a2b-ba94-48c8-ae92-16a28277bc37@group-5FD0A96E2203-FOLLOWER: accept ELECTION from a1f7f396-dae1-42dc-8cf6-28579b0999f9: our priority 0 <= candidate's priority 0
2021-12-08 16:22:34,955 [grpc-default-executor-1] INFO  server.RaftServer$Division (RaftServerImpl.java:setRole(290)) - c1245a2b-ba94-48c8-ae92-16a28277bc37@group-5FD0A96E2203: changes role from  FOLLOWER to FOLLOWER at term 1 for candidate:a1f7f396-dae1-42dc-8cf6-28579b0999f9
2021-12-08 16:22:34,955 [grpc-default-executor-1] INFO  impl.RoleInfo (RoleInfo.java:shutdownFollowerState(108)) - c1245a2b-ba94-48c8-ae92-16a28277bc37: shutdown c1245a2b-ba94-48c8-ae92-16a28277bc37@group-5FD0A96E2203-FollowerState
2021-12-08 16:22:34,955 [grpc-default-executor-1] INFO  impl.RoleInfo (RoleInfo.java:updateAndGet(130)) - c1245a2b-ba94-48c8-ae92-16a28277bc37: start c1245a2b-ba94-48c8-ae92-16a28277bc37@group-5FD0A96E2203-FollowerState
2021-12-08 16:22:34,956 [c1245a2b-ba94-48c8-ae92-16a28277bc37@group-5FD0A96E2203-FollowerState] INFO  impl.FollowerState (FollowerState.java:run(143)) - c1245a2b-ba94-48c8-ae92-16a28277bc37@group-5FD0A96E2203-FollowerState was interrupted: {}
java.lang.InterruptedException: sleep interrupted
	at java.lang.Thread.sleep(Native Method)
	at java.lang.Thread.sleep(Thread.java:340)
	at java.util.concurrent.TimeUnit.sleep(TimeUnit.java:386)
	at org.apache.ratis.util.TimeDuration.sleep(TimeDuration.java:324)
	at org.apache.ratis.util.TimeDuration.sleep(TimeDuration.java:309)
	at org.apache.ratis.server.impl.FollowerState.run(FollowerState.java:118)
2021-12-08 16:22:34,959 [grpc-default-executor-1] INFO  server.RaftServer$Division (RaftServerImpl.java:requestVote(1078)) - c1245a2b-ba94-48c8-ae92-16a28277bc37@group-5FD0A96E2203 replies to ELECTION vote request: a1f7f396-dae1-42dc-8cf6-28579b0999f9<-c1245a2b-ba94-48c8-ae92-16a28277bc37#0:OK-t1. Peer's state: c1245a2b-ba94-48c8-ae92-16a28277bc37@group-5FD0A96E2203:t1, leader=null, voted=a1f7f396-dae1-42dc-8cf6-28579b0999f9, raftlog=c1245a2b-ba94-48c8-ae92-16a28277bc37@group-5FD0A96E2203-SegmentedRaftLog:OPENED:c-1, conf=-1: [a1f7f396-dae1-42dc-8cf6-28579b0999f9|rpc:10.1.0.47:35955|priority:0, 59207186-1f34-4c82-b1d4-26fdc8060eb3|rpc:10.1.0.47:34387|priority:1, c1245a2b-ba94-48c8-ae92-16a28277bc37|rpc:10.1.0.47:36095|priority:0], old=null
2021-12-08 16:22:34,966 [c1245a2b-ba94-48c8-ae92-16a28277bc37@group-723994E96A0C-FollowerState] INFO  impl.FollowerState (FollowerState.java:run(134)) - c1245a2b-ba94-48c8-ae92-16a28277bc37@group-723994E96A0C-FollowerState: change to CANDIDATE, lastRpcElapsedTime:5128936289ns, electionTimeout:5126ms
2021-12-08 16:22:34,983 [c1245a2b-ba94-48c8-ae92-16a28277bc37@group-723994E96A0C-FollowerState] INFO  impl.RoleInfo (RoleInfo.java:shutdownFollowerState(108)) - c1245a2b-ba94-48c8-ae92-16a28277bc37: shutdown c1245a2b-ba94-48c8-ae92-16a28277bc37@group-723994E96A0C-FollowerState
2021-12-08 16:22:34,983 [c1245a2b-ba94-48c8-ae92-16a28277bc37@group-723994E96A0C-FollowerState] INFO  server.RaftServer$Division (RaftServerImpl.java:setRole(290)) - c1245a2b-ba94-48c8-ae92-16a28277bc37@group-723994E96A0C: changes role from  FOLLOWER to CANDIDATE at term 0 for changeToCandidate
2021-12-08 16:22:34,983 [c1245a2b-ba94-48c8-ae92-16a28277bc37@group-723994E96A0C-FollowerState] INFO  server.RaftServerConfigKeys (ConfUtils.java:logGet(44)) - raft.server.leaderelection.pre-vote = false (custom)
2021-12-08 16:22:34,983 [c1245a2b-ba94-48c8-ae92-16a28277bc37@group-723994E96A0C-FollowerState] INFO  impl.RoleInfo (RoleInfo.java:updateAndGet(130)) - c1245a2b-ba94-48c8-ae92-16a28277bc37: start c1245a2b-ba94-48c8-ae92-16a28277bc37@group-723994E96A0C-LeaderElection68
2021-12-08 16:22:35,074 [c1245a2b-ba94-48c8-ae92-16a28277bc37@group-723994E96A0C-LeaderElection68] INFO  impl.LeaderElection (LeaderElection.java:askForVotes(306)) - c1245a2b-ba94-48c8-ae92-16a28277bc37@group-723994E96A0C-LeaderElection68 ELECTION round 0: submit vote requests at term 1 for -1: [c1245a2b-ba94-48c8-ae92-16a28277bc37|rpc:10.1.0.47:36095|priority:1], old=null
2021-12-08 16:22:35,074 [c1245a2b-ba94-48c8-ae92-16a28277bc37@group-723994E96A0C-LeaderElection68] INFO  impl.LeaderElection (LeaderElection.java:askForVotes(308)) - c1245a2b-ba94-48c8-ae92-16a28277bc37@group-723994E96A0C-LeaderElection68 ELECTION round 0: result PASSED (term=1)
2021-12-08 16:22:35,074 [c1245a2b-ba94-48c8-ae92-16a28277bc37@group-723994E96A0C-LeaderElection68] INFO  impl.RoleInfo (RoleInfo.java:shutdownLeaderElection(121)) - c1245a2b-ba94-48c8-ae92-16a28277bc37: shutdown c1245a2b-ba94-48c8-ae92-16a28277bc37@group-723994E96A0C-LeaderElection68
2021-12-08 16:22:35,074 [c1245a2b-ba94-48c8-ae92-16a28277bc37@group-723994E96A0C-LeaderElection68] INFO  server.RaftServer$Division (RaftServerImpl.java:setRole(290)) - c1245a2b-ba94-48c8-ae92-16a28277bc37@group-723994E96A0C: changes role from CANDIDATE to LEADER at term 1 for changeToLeader
2021-12-08 16:22:35,074 [c1245a2b-ba94-48c8-ae92-16a28277bc37@group-723994E96A0C-LeaderElection68] INFO  ratis.XceiverServerRatis (XceiverServerRatis.java:handleLeaderChangedNotification(866)) - Leader change notification received for group: group-723994E96A0C with new leaderId: c1245a2b-ba94-48c8-ae92-16a28277bc37
2021-12-08 16:22:35,075 [c1245a2b-ba94-48c8-ae92-16a28277bc37@group-723994E96A0C-LeaderElection68] INFO  server.RaftServer$Division (ServerState.java:setLeader(285)) - c1245a2b-ba94-48c8-ae92-16a28277bc37@group-723994E96A0C: change Leader from null to c1245a2b-ba94-48c8-ae92-16a28277bc37 at term 1 for becomeLeader, leader elected after 5247ms
2021-12-08 16:22:35,075 [c1245a2b-ba94-48c8-ae92-16a28277bc37@group-723994E96A0C-LeaderElection68] INFO  server.RaftServerConfigKeys (ConfUtils.java:logGet(44)) - raft.server.staging.catchup.gap = 1000 (default)
2021-12-08 16:22:35,075 [c1245a2b-ba94-48c8-ae92-16a28277bc37@group-723994E96A0C-LeaderElection68] INFO  server.RaftServerConfigKeys (ConfUtils.java:logGet(44)) - raft.server.write.element-limit = 1024 (custom)
2021-12-08 16:22:35,075 [c1245a2b-ba94-48c8-ae92-16a28277bc37@group-723994E96A0C-LeaderElection68] INFO  server.RaftServerConfigKeys (ConfUtils.java:logGet(44)) - raft.server.write.byte-limit = 1024 M (=1073741824) (custom)
2021-12-08 16:22:35,075 [c1245a2b-ba94-48c8-ae92-16a28277bc37@group-723994E96A0C-LeaderElection68] INFO  server.RaftServerConfigKeys (ConfUtils.java:logGet(44)) - raft.server.watch.timeout = 180s (custom)
2021-12-08 16:22:35,075 [c1245a2b-ba94-48c8-ae92-16a28277bc37@group-723994E96A0C-LeaderElection68] INFO  server.RaftServerConfigKeys (ConfUtils.java:logGet(44)) - raft.server.watch.timeout.denomination = 1s (default)
2021-12-08 16:22:35,075 [c1245a2b-ba94-48c8-ae92-16a28277bc37@group-723994E96A0C-LeaderElection68] INFO  server.RaftServerConfigKeys (ConfUtils.java:logGet(44)) - raft.server.watch.element-limit = 65536 (default)
2021-12-08 16:22:35,075 [c1245a2b-ba94-48c8-ae92-16a28277bc37@group-723994E96A0C-LeaderElection68] INFO  server.RaftServerConfigKeys (ConfUtils.java:logGet(44)) - raft.server.write.element-limit = 1024 (custom)
2021-12-08 16:22:35,075 [c1245a2b-ba94-48c8-ae92-16a28277bc37@group-723994E96A0C-LeaderElection68] INFO  server.RaftServerConfigKeys (ConfUtils.java:logGet(44)) - raft.server.write.follower.gap.ratio.max = -1.0 (default)
2021-12-08 16:22:35,075 [c1245a2b-ba94-48c8-ae92-16a28277bc37@group-723994E96A0C-LeaderElection68] INFO  impl.RoleInfo (RoleInfo.java:updateAndGet(130)) - c1245a2b-ba94-48c8-ae92-16a28277bc37: start c1245a2b-ba94-48c8-ae92-16a28277bc37@group-723994E96A0C-LeaderStateImpl
2021-12-08 16:22:35,076 [c1245a2b-ba94-48c8-ae92-16a28277bc37@group-723994E96A0C-LeaderElection68] INFO  segmented.SegmentedRaftLogWorker (SegmentedRaftLogWorker.java:startLogSegment(394)) - c1245a2b-ba94-48c8-ae92-16a28277bc37@group-723994E96A0C-SegmentedRaftLogWorker: Starting segment from index:0
2021-12-08 16:22:35,077 [EventQueue-OpenPipelineForHealthyPipelineSafeModeRule] INFO  safemode.SCMSafeModeManager (HealthyPipelineSafeModeRule.java:process(124)) - SCM in safe mode. Healthy pipelines reported count is 0, required healthy pipeline reported count is 1
2021-12-08 16:22:35,086 [c1245a2b-ba94-48c8-ae92-16a28277bc37@group-723994E96A0C-LeaderElection68] INFO  server.RaftServer$Division (ServerState.java:setRaftConf(387)) - c1245a2b-ba94-48c8-ae92-16a28277bc37@group-723994E96A0C: set configuration 0: [c1245a2b-ba94-48c8-ae92-16a28277bc37|rpc:10.1.0.47:36095|dataStream:|priority:1], old=null
2021-12-08 16:22:35,095 [c1245a2b-ba94-48c8-ae92-16a28277bc37@group-723994E96A0C-SegmentedRaftLogWorker] INFO  segmented.SegmentedRaftLogWorker (SegmentedRaftLogWorker.java:execute(601)) - c1245a2b-ba94-48c8-ae92-16a28277bc37@group-723994E96A0C-SegmentedRaftLogWorker: created new log segment /home/runner/work/ozone/ozone/hadoop-ozone/integration-test/target/test-dir/MiniOzoneClusterImpl-8a14d41c-4846-44e3-adb6-ff9e2c85b320/datanode-1/data/ratis/47daef03-af7e-404f-aa25-723994e96a0c/current/log_inprogress_0
2021-12-08 16:22:35,436 [Listener at 127.0.0.1/38865] INFO  ozone.MiniOzoneClusterImpl (MiniOzoneClusterImpl.java:lambda$waitForClusterToBeReady$0(235)) - Nodes are ready. Got 3 of 3 DN Heartbeats.
2021-12-08 16:22:35,436 [Listener at 127.0.0.1/38865] INFO  ozone.MiniOzoneClusterImpl (MiniOzoneClusterImpl.java:lambda$waitForClusterToBeReady$0(238)) - Waiting for cluster to exit safe mode
2021-12-08 16:22:35,436 [Listener at 127.0.0.1/38865] INFO  ozone.MiniOzoneClusterImpl (MiniOzoneClusterImpl.java:lambda$waitForClusterToBeReady$0(240)) - SCM became leader
2021-12-08 16:22:35,618 [59207186-1f34-4c82-b1d4-26fdc8060eb3@group-11ACBAD8649C-FollowerState] INFO  impl.FollowerState (FollowerState.java:run(134)) - 59207186-1f34-4c82-b1d4-26fdc8060eb3@group-11ACBAD8649C-FollowerState: change to CANDIDATE, lastRpcElapsedTime:5097586540ns, electionTimeout:5087ms
2021-12-08 16:22:35,618 [59207186-1f34-4c82-b1d4-26fdc8060eb3@group-11ACBAD8649C-FollowerState] INFO  impl.RoleInfo (RoleInfo.java:shutdownFollowerState(108)) - 59207186-1f34-4c82-b1d4-26fdc8060eb3: shutdown 59207186-1f34-4c82-b1d4-26fdc8060eb3@group-11ACBAD8649C-FollowerState
2021-12-08 16:22:35,618 [59207186-1f34-4c82-b1d4-26fdc8060eb3@group-11ACBAD8649C-FollowerState] INFO  server.RaftServer$Division (RaftServerImpl.java:setRole(290)) - 59207186-1f34-4c82-b1d4-26fdc8060eb3@group-11ACBAD8649C: changes role from  FOLLOWER to CANDIDATE at term 0 for changeToCandidate
2021-12-08 16:22:35,618 [59207186-1f34-4c82-b1d4-26fdc8060eb3@group-11ACBAD8649C-FollowerState] INFO  server.RaftServerConfigKeys (ConfUtils.java:logGet(44)) - raft.server.leaderelection.pre-vote = false (custom)
2021-12-08 16:22:35,618 [59207186-1f34-4c82-b1d4-26fdc8060eb3@group-11ACBAD8649C-FollowerState] INFO  impl.RoleInfo (RoleInfo.java:updateAndGet(130)) - 59207186-1f34-4c82-b1d4-26fdc8060eb3: start 59207186-1f34-4c82-b1d4-26fdc8060eb3@group-11ACBAD8649C-LeaderElection69
2021-12-08 16:22:35,669 [59207186-1f34-4c82-b1d4-26fdc8060eb3@group-11ACBAD8649C-LeaderElection69] INFO  impl.LeaderElection (LeaderElection.java:askForVotes(306)) - 59207186-1f34-4c82-b1d4-26fdc8060eb3@group-11ACBAD8649C-LeaderElection69 ELECTION round 0: submit vote requests at term 1 for -1: [59207186-1f34-4c82-b1d4-26fdc8060eb3|rpc:10.1.0.47:34387|priority:1], old=null
2021-12-08 16:22:35,669 [59207186-1f34-4c82-b1d4-26fdc8060eb3@group-11ACBAD8649C-LeaderElection69] INFO  impl.LeaderElection (LeaderElection.java:askForVotes(308)) - 59207186-1f34-4c82-b1d4-26fdc8060eb3@group-11ACBAD8649C-LeaderElection69 ELECTION round 0: result PASSED (term=1)
2021-12-08 16:22:35,669 [59207186-1f34-4c82-b1d4-26fdc8060eb3@group-11ACBAD8649C-LeaderElection69] INFO  impl.RoleInfo (RoleInfo.java:shutdownLeaderElection(121)) - 59207186-1f34-4c82-b1d4-26fdc8060eb3: shutdown 59207186-1f34-4c82-b1d4-26fdc8060eb3@group-11ACBAD8649C-LeaderElection69
2021-12-08 16:22:35,669 [59207186-1f34-4c82-b1d4-26fdc8060eb3@group-11ACBAD8649C-LeaderElection69] INFO  server.RaftServer$Division (RaftServerImpl.java:setRole(290)) - 59207186-1f34-4c82-b1d4-26fdc8060eb3@group-11ACBAD8649C: changes role from CANDIDATE to LEADER at term 1 for changeToLeader
2021-12-08 16:22:35,670 [59207186-1f34-4c82-b1d4-26fdc8060eb3@group-11ACBAD8649C-LeaderElection69] INFO  ratis.XceiverServerRatis (XceiverServerRatis.java:handleLeaderChangedNotification(866)) - Leader change notification received for group: group-11ACBAD8649C with new leaderId: 59207186-1f34-4c82-b1d4-26fdc8060eb3
2021-12-08 16:22:35,670 [59207186-1f34-4c82-b1d4-26fdc8060eb3@group-11ACBAD8649C-LeaderElection69] INFO  server.RaftServer$Division (ServerState.java:setLeader(285)) - 59207186-1f34-4c82-b1d4-26fdc8060eb3@group-11ACBAD8649C: change Leader from null to 59207186-1f34-4c82-b1d4-26fdc8060eb3 at term 1 for becomeLeader, leader elected after 5190ms
2021-12-08 16:22:35,670 [59207186-1f34-4c82-b1d4-26fdc8060eb3@group-11ACBAD8649C-LeaderElection69] INFO  server.RaftServerConfigKeys (ConfUtils.java:logGet(44)) - raft.server.staging.catchup.gap = 1000 (default)
2021-12-08 16:22:35,670 [59207186-1f34-4c82-b1d4-26fdc8060eb3@group-11ACBAD8649C-LeaderElection69] INFO  server.RaftServerConfigKeys (ConfUtils.java:logGet(44)) - raft.server.write.element-limit = 1024 (custom)
2021-12-08 16:22:35,670 [59207186-1f34-4c82-b1d4-26fdc8060eb3@group-11ACBAD8649C-LeaderElection69] INFO  server.RaftServerConfigKeys (ConfUtils.java:logGet(44)) - raft.server.write.byte-limit = 1024 M (=1073741824) (custom)
2021-12-08 16:22:35,670 [59207186-1f34-4c82-b1d4-26fdc8060eb3@group-11ACBAD8649C-LeaderElection69] INFO  server.RaftServerConfigKeys (ConfUtils.java:logGet(44)) - raft.server.watch.timeout = 180s (custom)
2021-12-08 16:22:35,670 [59207186-1f34-4c82-b1d4-26fdc8060eb3@group-11ACBAD8649C-LeaderElection69] INFO  server.RaftServerConfigKeys (ConfUtils.java:logGet(44)) - raft.server.watch.timeout.denomination = 1s (default)
2021-12-08 16:22:35,670 [59207186-1f34-4c82-b1d4-26fdc8060eb3@group-11ACBAD8649C-LeaderElection69] INFO  server.RaftServerConfigKeys (ConfUtils.java:logGet(44)) - raft.server.watch.element-limit = 65536 (default)
2021-12-08 16:22:35,670 [59207186-1f34-4c82-b1d4-26fdc8060eb3@group-11ACBAD8649C-LeaderElection69] INFO  server.RaftServerConfigKeys (ConfUtils.java:logGet(44)) - raft.server.write.element-limit = 1024 (custom)
2021-12-08 16:22:35,670 [59207186-1f34-4c82-b1d4-26fdc8060eb3@group-11ACBAD8649C-LeaderElection69] INFO  server.RaftServerConfigKeys (ConfUtils.java:logGet(44)) - raft.server.write.follower.gap.ratio.max = -1.0 (default)
2021-12-08 16:22:35,670 [59207186-1f34-4c82-b1d4-26fdc8060eb3@group-11ACBAD8649C-LeaderElection69] INFO  impl.RoleInfo (RoleInfo.java:updateAndGet(130)) - 59207186-1f34-4c82-b1d4-26fdc8060eb3: start 59207186-1f34-4c82-b1d4-26fdc8060eb3@group-11ACBAD8649C-LeaderStateImpl
2021-12-08 16:22:35,671 [59207186-1f34-4c82-b1d4-26fdc8060eb3@group-11ACBAD8649C-LeaderElection69] INFO  segmented.SegmentedRaftLogWorker (SegmentedRaftLogWorker.java:startLogSegment(394)) - 59207186-1f34-4c82-b1d4-26fdc8060eb3@group-11ACBAD8649C-SegmentedRaftLogWorker: Starting segment from index:0
2021-12-08 16:22:35,675 [EventQueue-OpenPipelineForHealthyPipelineSafeModeRule] INFO  safemode.SCMSafeModeManager (HealthyPipelineSafeModeRule.java:process(124)) - SCM in safe mode. Healthy pipelines reported count is 0, required healthy pipeline reported count is 1
2021-12-08 16:22:35,675 [59207186-1f34-4c82-b1d4-26fdc8060eb3@group-11ACBAD8649C-SegmentedRaftLogWorker] INFO  segmented.SegmentedRaftLogWorker (SegmentedRaftLogWorker.java:execute(601)) - 59207186-1f34-4c82-b1d4-26fdc8060eb3@group-11ACBAD8649C-SegmentedRaftLogWorker: created new log segment /home/runner/work/ozone/ozone/hadoop-ozone/integration-test/target/test-dir/MiniOzoneClusterImpl-8a14d41c-4846-44e3-adb6-ff9e2c85b320/datanode-2/data/ratis/697fa00e-a44b-4a50-8061-11acbad8649c/current/log_inprogress_0
2021-12-08 16:22:35,679 [59207186-1f34-4c82-b1d4-26fdc8060eb3@group-11ACBAD8649C-LeaderElection69] INFO  server.RaftServer$Division (ServerState.java:setRaftConf(387)) - 59207186-1f34-4c82-b1d4-26fdc8060eb3@group-11ACBAD8649C: set configuration 0: [59207186-1f34-4c82-b1d4-26fdc8060eb3|rpc:10.1.0.47:34387|dataStream:|priority:1], old=null
2021-12-08 16:22:36,436 [Listener at 127.0.0.1/38865] INFO  ozone.MiniOzoneClusterImpl (MiniOzoneClusterImpl.java:lambda$waitForClusterToBeReady$0(235)) - Nodes are ready. Got 3 of 3 DN Heartbeats.
2021-12-08 16:22:36,437 [Listener at 127.0.0.1/38865] INFO  ozone.MiniOzoneClusterImpl (MiniOzoneClusterImpl.java:lambda$waitForClusterToBeReady$0(238)) - Waiting for cluster to exit safe mode
2021-12-08 16:22:36,437 [Listener at 127.0.0.1/38865] INFO  ozone.MiniOzoneClusterImpl (MiniOzoneClusterImpl.java:lambda$waitForClusterToBeReady$0(240)) - SCM became leader
2021-12-08 16:22:37,437 [Listener at 127.0.0.1/38865] INFO  ozone.MiniOzoneClusterImpl (MiniOzoneClusterImpl.java:lambda$waitForClusterToBeReady$0(235)) - Nodes are ready. Got 3 of 3 DN Heartbeats.
2021-12-08 16:22:37,437 [Listener at 127.0.0.1/38865] INFO  ozone.MiniOzoneClusterImpl (MiniOzoneClusterImpl.java:lambda$waitForClusterToBeReady$0(238)) - Waiting for cluster to exit safe mode
2021-12-08 16:22:37,437 [Listener at 127.0.0.1/38865] INFO  ozone.MiniOzoneClusterImpl (MiniOzoneClusterImpl.java:lambda$waitForClusterToBeReady$0(240)) - SCM became leader
2021-12-08 16:22:38,437 [Listener at 127.0.0.1/38865] INFO  ozone.MiniOzoneClusterImpl (MiniOzoneClusterImpl.java:lambda$waitForClusterToBeReady$0(235)) - Nodes are ready. Got 3 of 3 DN Heartbeats.
2021-12-08 16:22:38,438 [Listener at 127.0.0.1/38865] INFO  ozone.MiniOzoneClusterImpl (MiniOzoneClusterImpl.java:lambda$waitForClusterToBeReady$0(238)) - Waiting for cluster to exit safe mode
2021-12-08 16:22:38,438 [Listener at 127.0.0.1/38865] INFO  ozone.MiniOzoneClusterImpl (MiniOzoneClusterImpl.java:lambda$waitForClusterToBeReady$0(240)) - SCM became leader
2021-12-08 16:22:39,438 [Listener at 127.0.0.1/38865] INFO  ozone.MiniOzoneClusterImpl (MiniOzoneClusterImpl.java:lambda$waitForClusterToBeReady$0(235)) - Nodes are ready. Got 3 of 3 DN Heartbeats.
2021-12-08 16:22:39,439 [Listener at 127.0.0.1/38865] INFO  ozone.MiniOzoneClusterImpl (MiniOzoneClusterImpl.java:lambda$waitForClusterToBeReady$0(238)) - Waiting for cluster to exit safe mode
2021-12-08 16:22:39,439 [Listener at 127.0.0.1/38865] INFO  ozone.MiniOzoneClusterImpl (MiniOzoneClusterImpl.java:lambda$waitForClusterToBeReady$0(240)) - SCM became leader
2021-12-08 16:22:39,535 [a1f7f396-dae1-42dc-8cf6-28579b0999f9@group-1A772BA897FB-FollowerState] INFO  impl.FollowerState (FollowerState.java:run(134)) - a1f7f396-dae1-42dc-8cf6-28579b0999f9@group-1A772BA897FB-FollowerState: change to CANDIDATE, lastRpcElapsedTime:5075803326ns, electionTimeout:5032ms
2021-12-08 16:22:39,535 [a1f7f396-dae1-42dc-8cf6-28579b0999f9@group-1A772BA897FB-FollowerState] INFO  impl.RoleInfo (RoleInfo.java:shutdownFollowerState(108)) - a1f7f396-dae1-42dc-8cf6-28579b0999f9: shutdown a1f7f396-dae1-42dc-8cf6-28579b0999f9@group-1A772BA897FB-FollowerState
2021-12-08 16:22:39,535 [a1f7f396-dae1-42dc-8cf6-28579b0999f9@group-1A772BA897FB-FollowerState] INFO  server.RaftServer$Division (RaftServerImpl.java:setRole(290)) - a1f7f396-dae1-42dc-8cf6-28579b0999f9@group-1A772BA897FB: changes role from  FOLLOWER to CANDIDATE at term 1 for changeToCandidate
2021-12-08 16:22:39,535 [a1f7f396-dae1-42dc-8cf6-28579b0999f9@group-1A772BA897FB-FollowerState] INFO  server.RaftServerConfigKeys (ConfUtils.java:logGet(44)) - raft.server.leaderelection.pre-vote = false (custom)
2021-12-08 16:22:39,535 [a1f7f396-dae1-42dc-8cf6-28579b0999f9@group-1A772BA897FB-FollowerState] INFO  impl.RoleInfo (RoleInfo.java:updateAndGet(130)) - a1f7f396-dae1-42dc-8cf6-28579b0999f9: start a1f7f396-dae1-42dc-8cf6-28579b0999f9@group-1A772BA897FB-LeaderElection70
2021-12-08 16:22:39,560 [a1f7f396-dae1-42dc-8cf6-28579b0999f9@group-1A772BA897FB-LeaderElection70] INFO  impl.LeaderElection (LeaderElection.java:askForVotes(306)) - a1f7f396-dae1-42dc-8cf6-28579b0999f9@group-1A772BA897FB-LeaderElection70 ELECTION round 0: submit vote requests at term 2 for -1: [a1f7f396-dae1-42dc-8cf6-28579b0999f9|rpc:10.1.0.47:35955|priority:0, c1245a2b-ba94-48c8-ae92-16a28277bc37|rpc:10.1.0.47:36095|priority:1, 59207186-1f34-4c82-b1d4-26fdc8060eb3|rpc:10.1.0.47:34387|priority:0], old=null
2021-12-08 16:22:39,587 [grpc-default-executor-1] INFO  server.RaftServer$Division (RaftServerImpl.java:requestVote(1046)) - c1245a2b-ba94-48c8-ae92-16a28277bc37@group-1A772BA897FB: receive requestVote(ELECTION, a1f7f396-dae1-42dc-8cf6-28579b0999f9, group-1A772BA897FB, 2, (t:0, i:0))
2021-12-08 16:22:39,599 [grpc-default-executor-1] INFO  impl.VoteContext (VoteContext.java:log(48)) - c1245a2b-ba94-48c8-ae92-16a28277bc37@group-1A772BA897FB-FOLLOWER: reject ELECTION from a1f7f396-dae1-42dc-8cf6-28579b0999f9: our priority 1 > candidate's priority 0
2021-12-08 16:22:39,599 [grpc-default-executor-1] INFO  server.RaftServer$Division (RaftServerImpl.java:setRole(290)) - c1245a2b-ba94-48c8-ae92-16a28277bc37@group-1A772BA897FB: changes role from  FOLLOWER to FOLLOWER at term 2 for candidate:a1f7f396-dae1-42dc-8cf6-28579b0999f9
2021-12-08 16:22:39,599 [grpc-default-executor-1] INFO  impl.RoleInfo (RoleInfo.java:shutdownFollowerState(108)) - c1245a2b-ba94-48c8-ae92-16a28277bc37: shutdown c1245a2b-ba94-48c8-ae92-16a28277bc37@group-1A772BA897FB-FollowerState
2021-12-08 16:22:39,599 [grpc-default-executor-1] INFO  impl.RoleInfo (RoleInfo.java:updateAndGet(130)) - c1245a2b-ba94-48c8-ae92-16a28277bc37: start c1245a2b-ba94-48c8-ae92-16a28277bc37@group-1A772BA897FB-FollowerState
2021-12-08 16:22:39,599 [c1245a2b-ba94-48c8-ae92-16a28277bc37@group-1A772BA897FB-FollowerState] INFO  impl.FollowerState (FollowerState.java:run(143)) - c1245a2b-ba94-48c8-ae92-16a28277bc37@group-1A772BA897FB-FollowerState was interrupted: {}
java.lang.InterruptedException: sleep interrupted
	at java.lang.Thread.sleep(Native Method)
	at java.lang.Thread.sleep(Thread.java:340)
	at java.util.concurrent.TimeUnit.sleep(TimeUnit.java:386)
	at org.apache.ratis.util.TimeDuration.sleep(TimeDuration.java:324)
	at org.apache.ratis.util.TimeDuration.sleep(TimeDuration.java:309)
	at org.apache.ratis.server.impl.FollowerState.run(FollowerState.java:118)
2021-12-08 16:22:39,608 [grpc-default-executor-1] INFO  server.RaftServer$Division (RaftServerImpl.java:requestVote(1078)) - c1245a2b-ba94-48c8-ae92-16a28277bc37@group-1A772BA897FB replies to ELECTION vote request: a1f7f396-dae1-42dc-8cf6-28579b0999f9<-c1245a2b-ba94-48c8-ae92-16a28277bc37#0:FAIL-t2. Peer's state: c1245a2b-ba94-48c8-ae92-16a28277bc37@group-1A772BA897FB:t2, leader=null, voted=null, raftlog=c1245a2b-ba94-48c8-ae92-16a28277bc37@group-1A772BA897FB-SegmentedRaftLog:OPENED:c-1, conf=-1: [a1f7f396-dae1-42dc-8cf6-28579b0999f9|rpc:10.1.0.47:35955|dataStream:|priority:0, c1245a2b-ba94-48c8-ae92-16a28277bc37|rpc:10.1.0.47:36095|dataStream:|priority:1, 59207186-1f34-4c82-b1d4-26fdc8060eb3|rpc:10.1.0.47:34387|dataStream:|priority:0], old=null
2021-12-08 16:22:39,611 [a1f7f396-dae1-42dc-8cf6-28579b0999f9@group-1A772BA897FB-LeaderElection70] INFO  impl.LeaderElection (LeaderElection.java:logAndReturn(89)) - a1f7f396-dae1-42dc-8cf6-28579b0999f9@group-1A772BA897FB-LeaderElection70: ELECTION REJECTED received 1 response(s) and 0 exception(s):
2021-12-08 16:22:39,611 [a1f7f396-dae1-42dc-8cf6-28579b0999f9@group-1A772BA897FB-LeaderElection70] INFO  impl.LeaderElection (LeaderElection.java:logAndReturn(93)) -   Response 0: a1f7f396-dae1-42dc-8cf6-28579b0999f9<-c1245a2b-ba94-48c8-ae92-16a28277bc37#0:FAIL-t2
2021-12-08 16:22:39,611 [a1f7f396-dae1-42dc-8cf6-28579b0999f9@group-1A772BA897FB-LeaderElection70] INFO  impl.LeaderElection (LeaderElection.java:askForVotes(308)) - a1f7f396-dae1-42dc-8cf6-28579b0999f9@group-1A772BA897FB-LeaderElection70 ELECTION round 0: result REJECTED
2021-12-08 16:22:39,611 [a1f7f396-dae1-42dc-8cf6-28579b0999f9@group-1A772BA897FB-LeaderElection70] INFO  server.RaftServer$Division (RaftServerImpl.java:setRole(290)) - a1f7f396-dae1-42dc-8cf6-28579b0999f9@group-1A772BA897FB: changes role from CANDIDATE to FOLLOWER at term 2 for REJECTED
2021-12-08 16:22:39,611 [a1f7f396-dae1-42dc-8cf6-28579b0999f9@group-1A772BA897FB-LeaderElection70] INFO  impl.RoleInfo (RoleInfo.java:shutdownLeaderElection(121)) - a1f7f396-dae1-42dc-8cf6-28579b0999f9: shutdown a1f7f396-dae1-42dc-8cf6-28579b0999f9@group-1A772BA897FB-LeaderElection70
2021-12-08 16:22:39,611 [a1f7f396-dae1-42dc-8cf6-28579b0999f9@group-1A772BA897FB-LeaderElection70] INFO  impl.RoleInfo (RoleInfo.java:updateAndGet(130)) - a1f7f396-dae1-42dc-8cf6-28579b0999f9: start a1f7f396-dae1-42dc-8cf6-28579b0999f9@group-1A772BA897FB-FollowerState
2021-12-08 16:22:39,623 [grpc-default-executor-1] INFO  server.RaftServer$Division (RaftServerImpl.java:requestVote(1046)) - 59207186-1f34-4c82-b1d4-26fdc8060eb3@group-1A772BA897FB: receive requestVote(ELECTION, a1f7f396-dae1-42dc-8cf6-28579b0999f9, group-1A772BA897FB, 2, (t:0, i:0))
2021-12-08 16:22:39,623 [grpc-default-executor-1] INFO  impl.VoteContext (VoteContext.java:log(48)) - 59207186-1f34-4c82-b1d4-26fdc8060eb3@group-1A772BA897FB-FOLLOWER: accept ELECTION from a1f7f396-dae1-42dc-8cf6-28579b0999f9: our priority 0 <= candidate's priority 0
2021-12-08 16:22:39,623 [grpc-default-executor-1] INFO  server.RaftServer$Division (RaftServerImpl.java:setRole(290)) - 59207186-1f34-4c82-b1d4-26fdc8060eb3@group-1A772BA897FB: changes role from  FOLLOWER to FOLLOWER at term 2 for candidate:a1f7f396-dae1-42dc-8cf6-28579b0999f9
2021-12-08 16:22:39,623 [grpc-default-executor-1] INFO  impl.RoleInfo (RoleInfo.java:shutdownFollowerState(108)) - 59207186-1f34-4c82-b1d4-26fdc8060eb3: shutdown 59207186-1f34-4c82-b1d4-26fdc8060eb3@group-1A772BA897FB-FollowerState
2021-12-08 16:22:39,623 [grpc-default-executor-1] INFO  impl.RoleInfo (RoleInfo.java:updateAndGet(130)) - 59207186-1f34-4c82-b1d4-26fdc8060eb3: start 59207186-1f34-4c82-b1d4-26fdc8060eb3@group-1A772BA897FB-FollowerState
2021-12-08 16:22:39,623 [59207186-1f34-4c82-b1d4-26fdc8060eb3@group-1A772BA897FB-FollowerState] INFO  impl.FollowerState (FollowerState.java:run(143)) - 59207186-1f34-4c82-b1d4-26fdc8060eb3@group-1A772BA897FB-FollowerState was interrupted: {}
java.lang.InterruptedException: sleep interrupted
	at java.lang.Thread.sleep(Native Method)
	at java.lang.Thread.sleep(Thread.java:340)
	at java.util.concurrent.TimeUnit.sleep(TimeUnit.java:386)
	at org.apache.ratis.util.TimeDuration.sleep(TimeDuration.java:324)
	at org.apache.ratis.util.TimeDuration.sleep(TimeDuration.java:309)
	at org.apache.ratis.server.impl.FollowerState.run(FollowerState.java:118)
2021-12-08 16:22:39,629 [grpc-default-executor-1] INFO  server.RaftServer$Division (RaftServerImpl.java:requestVote(1078)) - 59207186-1f34-4c82-b1d4-26fdc8060eb3@group-1A772BA897FB replies to ELECTION vote request: a1f7f396-dae1-42dc-8cf6-28579b0999f9<-59207186-1f34-4c82-b1d4-26fdc8060eb3#0:OK-t2. Peer's state: 59207186-1f34-4c82-b1d4-26fdc8060eb3@group-1A772BA897FB:t2, leader=null, voted=a1f7f396-dae1-42dc-8cf6-28579b0999f9, raftlog=59207186-1f34-4c82-b1d4-26fdc8060eb3@group-1A772BA897FB-SegmentedRaftLog:OPENED:c-1, conf=-1: [a1f7f396-dae1-42dc-8cf6-28579b0999f9|rpc:10.1.0.47:35955|dataStream:|priority:0, c1245a2b-ba94-48c8-ae92-16a28277bc37|rpc:10.1.0.47:36095|dataStream:|priority:1, 59207186-1f34-4c82-b1d4-26fdc8060eb3|rpc:10.1.0.47:34387|dataStream:|priority:0], old=null
2021-12-08 16:22:39,996 [a1f7f396-dae1-42dc-8cf6-28579b0999f9@group-5FD0A96E2203-FollowerState] INFO  impl.FollowerState (FollowerState.java:run(134)) - a1f7f396-dae1-42dc-8cf6-28579b0999f9@group-5FD0A96E2203-FollowerState: change to CANDIDATE, lastRpcElapsedTime:5046595696ns, electionTimeout:5018ms
2021-12-08 16:22:39,996 [a1f7f396-dae1-42dc-8cf6-28579b0999f9@group-5FD0A96E2203-FollowerState] INFO  impl.RoleInfo (RoleInfo.java:shutdownFollowerState(108)) - a1f7f396-dae1-42dc-8cf6-28579b0999f9: shutdown a1f7f396-dae1-42dc-8cf6-28579b0999f9@group-5FD0A96E2203-FollowerState
2021-12-08 16:22:39,996 [a1f7f396-dae1-42dc-8cf6-28579b0999f9@group-5FD0A96E2203-FollowerState] INFO  server.RaftServer$Division (RaftServerImpl.java:setRole(290)) - a1f7f396-dae1-42dc-8cf6-28579b0999f9@group-5FD0A96E2203: changes role from  FOLLOWER to CANDIDATE at term 1 for changeToCandidate
2021-12-08 16:22:39,996 [a1f7f396-dae1-42dc-8cf6-28579b0999f9@group-5FD0A96E2203-FollowerState] INFO  server.RaftServerConfigKeys (ConfUtils.java:logGet(44)) - raft.server.leaderelection.pre-vote = false (custom)
2021-12-08 16:22:39,996 [a1f7f396-dae1-42dc-8cf6-28579b0999f9@group-5FD0A96E2203-FollowerState] INFO  impl.RoleInfo (RoleInfo.java:updateAndGet(130)) - a1f7f396-dae1-42dc-8cf6-28579b0999f9: start a1f7f396-dae1-42dc-8cf6-28579b0999f9@group-5FD0A96E2203-LeaderElection71
2021-12-08 16:22:40,048 [a1f7f396-dae1-42dc-8cf6-28579b0999f9@group-5FD0A96E2203-LeaderElection71] INFO  impl.LeaderElection (LeaderElection.java:askForVotes(306)) - a1f7f396-dae1-42dc-8cf6-28579b0999f9@group-5FD0A96E2203-LeaderElection71 ELECTION round 0: submit vote requests at term 2 for -1: [a1f7f396-dae1-42dc-8cf6-28579b0999f9|rpc:10.1.0.47:35955|priority:0, 59207186-1f34-4c82-b1d4-26fdc8060eb3|rpc:10.1.0.47:34387|priority:1, c1245a2b-ba94-48c8-ae92-16a28277bc37|rpc:10.1.0.47:36095|priority:0], old=null
2021-12-08 16:22:40,059 [grpc-default-executor-1] INFO  server.RaftServer$Division (RaftServerImpl.java:requestVote(1046)) - 59207186-1f34-4c82-b1d4-26fdc8060eb3@group-5FD0A96E2203: receive requestVote(ELECTION, a1f7f396-dae1-42dc-8cf6-28579b0999f9, group-5FD0A96E2203, 2, (t:0, i:0))
2021-12-08 16:22:40,060 [grpc-default-executor-1] INFO  impl.VoteContext (VoteContext.java:log(48)) - 59207186-1f34-4c82-b1d4-26fdc8060eb3@group-5FD0A96E2203-FOLLOWER: reject ELECTION from a1f7f396-dae1-42dc-8cf6-28579b0999f9: our priority 1 > candidate's priority 0
2021-12-08 16:22:40,060 [grpc-default-executor-1] INFO  server.RaftServer$Division (RaftServerImpl.java:setRole(290)) - 59207186-1f34-4c82-b1d4-26fdc8060eb3@group-5FD0A96E2203: changes role from  FOLLOWER to FOLLOWER at term 2 for candidate:a1f7f396-dae1-42dc-8cf6-28579b0999f9
2021-12-08 16:22:40,060 [grpc-default-executor-1] INFO  impl.RoleInfo (RoleInfo.java:shutdownFollowerState(108)) - 59207186-1f34-4c82-b1d4-26fdc8060eb3: shutdown 59207186-1f34-4c82-b1d4-26fdc8060eb3@group-5FD0A96E2203-FollowerState
2021-12-08 16:22:40,060 [grpc-default-executor-1] INFO  impl.RoleInfo (RoleInfo.java:updateAndGet(130)) - 59207186-1f34-4c82-b1d4-26fdc8060eb3: start 59207186-1f34-4c82-b1d4-26fdc8060eb3@group-5FD0A96E2203-FollowerState
2021-12-08 16:22:40,060 [59207186-1f34-4c82-b1d4-26fdc8060eb3@group-5FD0A96E2203-FollowerState] INFO  impl.FollowerState (FollowerState.java:run(143)) - 59207186-1f34-4c82-b1d4-26fdc8060eb3@group-5FD0A96E2203-FollowerState was interrupted: {}
java.lang.InterruptedException: sleep interrupted
	at java.lang.Thread.sleep(Native Method)
	at java.lang.Thread.sleep(Thread.java:340)
	at java.util.concurrent.TimeUnit.sleep(TimeUnit.java:386)
	at org.apache.ratis.util.TimeDuration.sleep(TimeDuration.java:324)
	at org.apache.ratis.util.TimeDuration.sleep(TimeDuration.java:309)
	at org.apache.ratis.server.impl.FollowerState.run(FollowerState.java:118)
2021-12-08 16:22:40,076 [grpc-default-executor-1] INFO  server.RaftServer$Division (RaftServerImpl.java:requestVote(1078)) - 59207186-1f34-4c82-b1d4-26fdc8060eb3@group-5FD0A96E2203 replies to ELECTION vote request: a1f7f396-dae1-42dc-8cf6-28579b0999f9<-59207186-1f34-4c82-b1d4-26fdc8060eb3#0:FAIL-t2. Peer's state: 59207186-1f34-4c82-b1d4-26fdc8060eb3@group-5FD0A96E2203:t2, leader=null, voted=null, raftlog=59207186-1f34-4c82-b1d4-26fdc8060eb3@group-5FD0A96E2203-SegmentedRaftLog:OPENED:c-1, conf=-1: [a1f7f396-dae1-42dc-8cf6-28579b0999f9|rpc:10.1.0.47:35955|dataStream:|priority:0, 59207186-1f34-4c82-b1d4-26fdc8060eb3|rpc:10.1.0.47:34387|dataStream:|priority:1, c1245a2b-ba94-48c8-ae92-16a28277bc37|rpc:10.1.0.47:36095|dataStream:|priority:0], old=null
2021-12-08 16:22:40,087 [a1f7f396-dae1-42dc-8cf6-28579b0999f9@group-5FD0A96E2203-LeaderElection71] INFO  impl.LeaderElection (LeaderElection.java:logAndReturn(89)) - a1f7f396-dae1-42dc-8cf6-28579b0999f9@group-5FD0A96E2203-LeaderElection71: ELECTION REJECTED received 1 response(s) and 0 exception(s):
2021-12-08 16:22:40,087 [a1f7f396-dae1-42dc-8cf6-28579b0999f9@group-5FD0A96E2203-LeaderElection71] INFO  impl.LeaderElection (LeaderElection.java:logAndReturn(93)) -   Response 0: a1f7f396-dae1-42dc-8cf6-28579b0999f9<-59207186-1f34-4c82-b1d4-26fdc8060eb3#0:FAIL-t2
2021-12-08 16:22:40,087 [a1f7f396-dae1-42dc-8cf6-28579b0999f9@group-5FD0A96E2203-LeaderElection71] INFO  impl.LeaderElection (LeaderElection.java:askForVotes(308)) - a1f7f396-dae1-42dc-8cf6-28579b0999f9@group-5FD0A96E2203-LeaderElection71 ELECTION round 0: result REJECTED
2021-12-08 16:22:40,087 [a1f7f396-dae1-42dc-8cf6-28579b0999f9@group-5FD0A96E2203-LeaderElection71] INFO  server.RaftServer$Division (RaftServerImpl.java:setRole(290)) - a1f7f396-dae1-42dc-8cf6-28579b0999f9@group-5FD0A96E2203: changes role from CANDIDATE to FOLLOWER at term 2 for REJECTED
2021-12-08 16:22:40,087 [a1f7f396-dae1-42dc-8cf6-28579b0999f9@group-5FD0A96E2203-LeaderElection71] INFO  impl.RoleInfo (RoleInfo.java:shutdownLeaderElection(121)) - a1f7f396-dae1-42dc-8cf6-28579b0999f9: shutdown a1f7f396-dae1-42dc-8cf6-28579b0999f9@group-5FD0A96E2203-LeaderElection71
2021-12-08 16:22:40,087 [a1f7f396-dae1-42dc-8cf6-28579b0999f9@group-5FD0A96E2203-LeaderElection71] INFO  impl.RoleInfo (RoleInfo.java:updateAndGet(130)) - a1f7f396-dae1-42dc-8cf6-28579b0999f9: start a1f7f396-dae1-42dc-8cf6-28579b0999f9@group-5FD0A96E2203-FollowerState
2021-12-08 16:22:40,118 [grpc-default-executor-1] INFO  server.RaftServer$Division (RaftServerImpl.java:requestVote(1046)) - c1245a2b-ba94-48c8-ae92-16a28277bc37@group-5FD0A96E2203: receive requestVote(ELECTION, a1f7f396-dae1-42dc-8cf6-28579b0999f9, group-5FD0A96E2203, 2, (t:0, i:0))
2021-12-08 16:22:40,118 [grpc-default-executor-1] INFO  impl.VoteContext (VoteContext.java:log(48)) - c1245a2b-ba94-48c8-ae92-16a28277bc37@group-5FD0A96E2203-FOLLOWER: accept ELECTION from a1f7f396-dae1-42dc-8cf6-28579b0999f9: our priority 0 <= candidate's priority 0
2021-12-08 16:22:40,118 [grpc-default-executor-1] INFO  server.RaftServer$Division (RaftServerImpl.java:setRole(290)) - c1245a2b-ba94-48c8-ae92-16a28277bc37@group-5FD0A96E2203: changes role from  FOLLOWER to FOLLOWER at term 2 for candidate:a1f7f396-dae1-42dc-8cf6-28579b0999f9
2021-12-08 16:22:40,118 [grpc-default-executor-1] INFO  impl.RoleInfo (RoleInfo.java:shutdownFollowerState(108)) - c1245a2b-ba94-48c8-ae92-16a28277bc37: shutdown c1245a2b-ba94-48c8-ae92-16a28277bc37@group-5FD0A96E2203-FollowerState
2021-12-08 16:22:40,118 [grpc-default-executor-1] INFO  impl.RoleInfo (RoleInfo.java:updateAndGet(130)) - c1245a2b-ba94-48c8-ae92-16a28277bc37: start c1245a2b-ba94-48c8-ae92-16a28277bc37@group-5FD0A96E2203-FollowerState
2021-12-08 16:22:40,118 [c1245a2b-ba94-48c8-ae92-16a28277bc37@group-5FD0A96E2203-FollowerState] INFO  impl.FollowerState (FollowerState.java:run(143)) - c1245a2b-ba94-48c8-ae92-16a28277bc37@group-5FD0A96E2203-FollowerState was interrupted: {}
java.lang.InterruptedException: sleep interrupted
	at java.lang.Thread.sleep(Native Method)
	at java.lang.Thread.sleep(Thread.java:340)
	at java.util.concurrent.TimeUnit.sleep(TimeUnit.java:386)
	at org.apache.ratis.util.TimeDuration.sleep(TimeDuration.java:324)
	at org.apache.ratis.util.TimeDuration.sleep(TimeDuration.java:309)
	at org.apache.ratis.server.impl.FollowerState.run(FollowerState.java:118)
2021-12-08 16:22:40,139 [grpc-default-executor-1] INFO  server.RaftServer$Division (RaftServerImpl.java:requestVote(1078)) - c1245a2b-ba94-48c8-ae92-16a28277bc37@group-5FD0A96E2203 replies to ELECTION vote request: a1f7f396-dae1-42dc-8cf6-28579b0999f9<-c1245a2b-ba94-48c8-ae92-16a28277bc37#0:OK-t2. Peer's state: c1245a2b-ba94-48c8-ae92-16a28277bc37@group-5FD0A96E2203:t2, leader=null, voted=a1f7f396-dae1-42dc-8cf6-28579b0999f9, raftlog=c1245a2b-ba94-48c8-ae92-16a28277bc37@group-5FD0A96E2203-SegmentedRaftLog:OPENED:c-1, conf=-1: [a1f7f396-dae1-42dc-8cf6-28579b0999f9|rpc:10.1.0.47:35955|priority:0, 59207186-1f34-4c82-b1d4-26fdc8060eb3|rpc:10.1.0.47:34387|priority:1, c1245a2b-ba94-48c8-ae92-16a28277bc37|rpc:10.1.0.47:36095|priority:0], old=null
2021-12-08 16:22:40,439 [Listener at 127.0.0.1/38865] INFO  ozone.MiniOzoneClusterImpl (MiniOzoneClusterImpl.java:lambda$waitForClusterToBeReady$0(235)) - Nodes are ready. Got 3 of 3 DN Heartbeats.
2021-12-08 16:22:40,439 [Listener at 127.0.0.1/38865] INFO  ozone.MiniOzoneClusterImpl (MiniOzoneClusterImpl.java:lambda$waitForClusterToBeReady$0(238)) - Waiting for cluster to exit safe mode
2021-12-08 16:22:40,439 [Listener at 127.0.0.1/38865] INFO  ozone.MiniOzoneClusterImpl (MiniOzoneClusterImpl.java:lambda$waitForClusterToBeReady$0(240)) - SCM became leader
2021-12-08 16:22:41,439 [Listener at 127.0.0.1/38865] INFO  ozone.MiniOzoneClusterImpl (MiniOzoneClusterImpl.java:lambda$waitForClusterToBeReady$0(235)) - Nodes are ready. Got 3 of 3 DN Heartbeats.
2021-12-08 16:22:41,440 [Listener at 127.0.0.1/38865] INFO  ozone.MiniOzoneClusterImpl (MiniOzoneClusterImpl.java:lambda$waitForClusterToBeReady$0(238)) - Waiting for cluster to exit safe mode
2021-12-08 16:22:41,440 [Listener at 127.0.0.1/38865] INFO  ozone.MiniOzoneClusterImpl (MiniOzoneClusterImpl.java:lambda$waitForClusterToBeReady$0(240)) - SCM became leader
2021-12-08 16:22:42,442 [Listener at 127.0.0.1/38865] INFO  ozone.MiniOzoneClusterImpl (MiniOzoneClusterImpl.java:lambda$waitForClusterToBeReady$0(235)) - Nodes are ready. Got 3 of 3 DN Heartbeats.
2021-12-08 16:22:42,443 [Listener at 127.0.0.1/38865] INFO  ozone.MiniOzoneClusterImpl (MiniOzoneClusterImpl.java:lambda$waitForClusterToBeReady$0(238)) - Waiting for cluster to exit safe mode
2021-12-08 16:22:42,443 [Listener at 127.0.0.1/38865] INFO  ozone.MiniOzoneClusterImpl (MiniOzoneClusterImpl.java:lambda$waitForClusterToBeReady$0(240)) - SCM became leader
2021-12-08 16:22:43,443 [Listener at 127.0.0.1/38865] INFO  ozone.MiniOzoneClusterImpl (MiniOzoneClusterImpl.java:lambda$waitForClusterToBeReady$0(235)) - Nodes are ready. Got 3 of 3 DN Heartbeats.
2021-12-08 16:22:43,443 [Listener at 127.0.0.1/38865] INFO  ozone.MiniOzoneClusterImpl (MiniOzoneClusterImpl.java:lambda$waitForClusterToBeReady$0(238)) - Waiting for cluster to exit safe mode
2021-12-08 16:22:43,443 [Listener at 127.0.0.1/38865] INFO  ozone.MiniOzoneClusterImpl (MiniOzoneClusterImpl.java:lambda$waitForClusterToBeReady$0(240)) - SCM became leader
2021-12-08 16:22:44,444 [Listener at 127.0.0.1/38865] INFO  ozone.MiniOzoneClusterImpl (MiniOzoneClusterImpl.java:lambda$waitForClusterToBeReady$0(235)) - Nodes are ready. Got 3 of 3 DN Heartbeats.
2021-12-08 16:22:44,444 [Listener at 127.0.0.1/38865] INFO  ozone.MiniOzoneClusterImpl (MiniOzoneClusterImpl.java:lambda$waitForClusterToBeReady$0(238)) - Waiting for cluster to exit safe mode
2021-12-08 16:22:44,444 [Listener at 127.0.0.1/38865] INFO  ozone.MiniOzoneClusterImpl (MiniOzoneClusterImpl.java:lambda$waitForClusterToBeReady$0(240)) - SCM became leader
2021-12-08 16:22:44,735 [59207186-1f34-4c82-b1d4-26fdc8060eb3@group-1A772BA897FB-FollowerState] INFO  impl.FollowerState (FollowerState.java:run(134)) - 59207186-1f34-4c82-b1d4-26fdc8060eb3@group-1A772BA897FB-FollowerState: change to CANDIDATE, lastRpcElapsedTime:5106352501ns, electionTimeout:5104ms
2021-12-08 16:22:44,735 [59207186-1f34-4c82-b1d4-26fdc8060eb3@group-1A772BA897FB-FollowerState] INFO  impl.RoleInfo (RoleInfo.java:shutdownFollowerState(108)) - 59207186-1f34-4c82-b1d4-26fdc8060eb3: shutdown 59207186-1f34-4c82-b1d4-26fdc8060eb3@group-1A772BA897FB-FollowerState
2021-12-08 16:22:44,735 [59207186-1f34-4c82-b1d4-26fdc8060eb3@group-1A772BA897FB-FollowerState] INFO  server.RaftServer$Division (RaftServerImpl.java:setRole(290)) - 59207186-1f34-4c82-b1d4-26fdc8060eb3@group-1A772BA897FB: changes role from  FOLLOWER to CANDIDATE at term 2 for changeToCandidate
2021-12-08 16:22:44,735 [59207186-1f34-4c82-b1d4-26fdc8060eb3@group-1A772BA897FB-FollowerState] INFO  server.RaftServerConfigKeys (ConfUtils.java:logGet(44)) - raft.server.leaderelection.pre-vote = false (custom)
2021-12-08 16:22:44,736 [59207186-1f34-4c82-b1d4-26fdc8060eb3@group-1A772BA897FB-FollowerState] INFO  impl.RoleInfo (RoleInfo.java:updateAndGet(130)) - 59207186-1f34-4c82-b1d4-26fdc8060eb3: start 59207186-1f34-4c82-b1d4-26fdc8060eb3@group-1A772BA897FB-LeaderElection72
2021-12-08 16:22:44,745 [a1f7f396-dae1-42dc-8cf6-28579b0999f9@group-1A772BA897FB-FollowerState] INFO  impl.FollowerState (FollowerState.java:run(134)) - a1f7f396-dae1-42dc-8cf6-28579b0999f9@group-1A772BA897FB-FollowerState: change to CANDIDATE, lastRpcElapsedTime:5134046513ns, electionTimeout:5131ms
2021-12-08 16:22:44,745 [a1f7f396-dae1-42dc-8cf6-28579b0999f9@group-1A772BA897FB-FollowerState] INFO  impl.RoleInfo (RoleInfo.java:shutdownFollowerState(108)) - a1f7f396-dae1-42dc-8cf6-28579b0999f9: shutdown a1f7f396-dae1-42dc-8cf6-28579b0999f9@group-1A772BA897FB-FollowerState
2021-12-08 16:22:44,745 [a1f7f396-dae1-42dc-8cf6-28579b0999f9@group-1A772BA897FB-FollowerState] INFO  server.RaftServer$Division (RaftServerImpl.java:setRole(290)) - a1f7f396-dae1-42dc-8cf6-28579b0999f9@group-1A772BA897FB: changes role from  FOLLOWER to CANDIDATE at term 2 for changeToCandidate
2021-12-08 16:22:44,745 [a1f7f396-dae1-42dc-8cf6-28579b0999f9@group-1A772BA897FB-FollowerState] INFO  server.RaftServerConfigKeys (ConfUtils.java:logGet(44)) - raft.server.leaderelection.pre-vote = false (custom)
2021-12-08 16:22:44,745 [a1f7f396-dae1-42dc-8cf6-28579b0999f9@group-1A772BA897FB-FollowerState] INFO  impl.RoleInfo (RoleInfo.java:updateAndGet(130)) - a1f7f396-dae1-42dc-8cf6-28579b0999f9: start a1f7f396-dae1-42dc-8cf6-28579b0999f9@group-1A772BA897FB-LeaderElection73
2021-12-08 16:22:44,785 [c1245a2b-ba94-48c8-ae92-16a28277bc37@group-1A772BA897FB-FollowerState] INFO  impl.FollowerState (FollowerState.java:run(134)) - c1245a2b-ba94-48c8-ae92-16a28277bc37@group-1A772BA897FB-FollowerState: change to CANDIDATE, lastRpcElapsedTime:5186222414ns, electionTimeout:5178ms
2021-12-08 16:22:44,785 [c1245a2b-ba94-48c8-ae92-16a28277bc37@group-1A772BA897FB-FollowerState] INFO  impl.RoleInfo (RoleInfo.java:shutdownFollowerState(108)) - c1245a2b-ba94-48c8-ae92-16a28277bc37: shutdown c1245a2b-ba94-48c8-ae92-16a28277bc37@group-1A772BA897FB-FollowerState
2021-12-08 16:22:44,785 [c1245a2b-ba94-48c8-ae92-16a28277bc37@group-1A772BA897FB-FollowerState] INFO  server.RaftServer$Division (RaftServerImpl.java:setRole(290)) - c1245a2b-ba94-48c8-ae92-16a28277bc37@group-1A772BA897FB: changes role from  FOLLOWER to CANDIDATE at term 2 for changeToCandidate
2021-12-08 16:22:44,785 [c1245a2b-ba94-48c8-ae92-16a28277bc37@group-1A772BA897FB-FollowerState] INFO  server.RaftServerConfigKeys (ConfUtils.java:logGet(44)) - raft.server.leaderelection.pre-vote = false (custom)
2021-12-08 16:22:44,785 [c1245a2b-ba94-48c8-ae92-16a28277bc37@group-1A772BA897FB-FollowerState] INFO  impl.RoleInfo (RoleInfo.java:updateAndGet(130)) - c1245a2b-ba94-48c8-ae92-16a28277bc37: start c1245a2b-ba94-48c8-ae92-16a28277bc37@group-1A772BA897FB-LeaderElection74
2021-12-08 16:22:44,798 [59207186-1f34-4c82-b1d4-26fdc8060eb3@group-1A772BA897FB-LeaderElection72] INFO  impl.LeaderElection (LeaderElection.java:askForVotes(306)) - 59207186-1f34-4c82-b1d4-26fdc8060eb3@group-1A772BA897FB-LeaderElection72 ELECTION round 0: submit vote requests at term 3 for -1: [a1f7f396-dae1-42dc-8cf6-28579b0999f9|rpc:10.1.0.47:35955|dataStream:|priority:0, c1245a2b-ba94-48c8-ae92-16a28277bc37|rpc:10.1.0.47:36095|dataStream:|priority:1, 59207186-1f34-4c82-b1d4-26fdc8060eb3|rpc:10.1.0.47:34387|dataStream:|priority:0], old=null
2021-12-08 16:22:44,799 [a1f7f396-dae1-42dc-8cf6-28579b0999f9@group-1A772BA897FB-LeaderElection73] INFO  impl.LeaderElection (LeaderElection.java:askForVotes(306)) - a1f7f396-dae1-42dc-8cf6-28579b0999f9@group-1A772BA897FB-LeaderElection73 ELECTION round 0: submit vote requests at term 3 for -1: [a1f7f396-dae1-42dc-8cf6-28579b0999f9|rpc:10.1.0.47:35955|priority:0, c1245a2b-ba94-48c8-ae92-16a28277bc37|rpc:10.1.0.47:36095|priority:1, 59207186-1f34-4c82-b1d4-26fdc8060eb3|rpc:10.1.0.47:34387|priority:0], old=null
2021-12-08 16:22:44,840 [c1245a2b-ba94-48c8-ae92-16a28277bc37@group-1A772BA897FB-LeaderElection74] INFO  impl.LeaderElection (LeaderElection.java:askForVotes(306)) - c1245a2b-ba94-48c8-ae92-16a28277bc37@group-1A772BA897FB-LeaderElection74 ELECTION round 0: submit vote requests at term 3 for -1: [a1f7f396-dae1-42dc-8cf6-28579b0999f9|rpc:10.1.0.47:35955|dataStream:|priority:0, c1245a2b-ba94-48c8-ae92-16a28277bc37|rpc:10.1.0.47:36095|dataStream:|priority:1, 59207186-1f34-4c82-b1d4-26fdc8060eb3|rpc:10.1.0.47:34387|dataStream:|priority:0], old=null
2021-12-08 16:22:44,924 [grpc-default-executor-1] INFO  server.RaftServer$Division (RaftServerImpl.java:requestVote(1046)) - a1f7f396-dae1-42dc-8cf6-28579b0999f9@group-1A772BA897FB: receive requestVote(ELECTION, 59207186-1f34-4c82-b1d4-26fdc8060eb3, group-1A772BA897FB, 3, (t:0, i:0))
2021-12-08 16:22:44,924 [grpc-default-executor-1] INFO  impl.VoteContext (VoteContext.java:log(48)) - a1f7f396-dae1-42dc-8cf6-28579b0999f9@group-1A772BA897FB-CANDIDATE: reject ELECTION from 59207186-1f34-4c82-b1d4-26fdc8060eb3: already has voted for a1f7f396-dae1-42dc-8cf6-28579b0999f9 at current term 3
2021-12-08 16:22:44,924 [grpc-default-executor-1] INFO  server.RaftServer$Division (RaftServerImpl.java:requestVote(1078)) - a1f7f396-dae1-42dc-8cf6-28579b0999f9@group-1A772BA897FB replies to ELECTION vote request: 59207186-1f34-4c82-b1d4-26fdc8060eb3<-a1f7f396-dae1-42dc-8cf6-28579b0999f9#0:FAIL-t3. Peer's state: a1f7f396-dae1-42dc-8cf6-28579b0999f9@group-1A772BA897FB:t3, leader=null, voted=a1f7f396-dae1-42dc-8cf6-28579b0999f9, raftlog=a1f7f396-dae1-42dc-8cf6-28579b0999f9@group-1A772BA897FB-SegmentedRaftLog:OPENED:c-1, conf=-1: [a1f7f396-dae1-42dc-8cf6-28579b0999f9|rpc:10.1.0.47:35955|priority:0, c1245a2b-ba94-48c8-ae92-16a28277bc37|rpc:10.1.0.47:36095|priority:1, 59207186-1f34-4c82-b1d4-26fdc8060eb3|rpc:10.1.0.47:34387|priority:0], old=null
2021-12-08 16:22:44,925 [grpc-default-executor-2] INFO  server.RaftServer$Division (RaftServerImpl.java:requestVote(1046)) - a1f7f396-dae1-42dc-8cf6-28579b0999f9@group-1A772BA897FB: receive requestVote(ELECTION, c1245a2b-ba94-48c8-ae92-16a28277bc37, group-1A772BA897FB, 3, (t:0, i:0))
2021-12-08 16:22:44,925 [grpc-default-executor-2] INFO  impl.VoteContext (VoteContext.java:log(48)) - a1f7f396-dae1-42dc-8cf6-28579b0999f9@group-1A772BA897FB-CANDIDATE: reject ELECTION from c1245a2b-ba94-48c8-ae92-16a28277bc37: already has voted for a1f7f396-dae1-42dc-8cf6-28579b0999f9 at current term 3
2021-12-08 16:22:44,926 [grpc-default-executor-2] INFO  server.RaftServer$Division (RaftServerImpl.java:requestVote(1078)) - a1f7f396-dae1-42dc-8cf6-28579b0999f9@group-1A772BA897FB replies to ELECTION vote request: c1245a2b-ba94-48c8-ae92-16a28277bc37<-a1f7f396-dae1-42dc-8cf6-28579b0999f9#0:FAIL-t3. Peer's state: a1f7f396-dae1-42dc-8cf6-28579b0999f9@group-1A772BA897FB:t3, leader=null, voted=a1f7f396-dae1-42dc-8cf6-28579b0999f9, raftlog=a1f7f396-dae1-42dc-8cf6-28579b0999f9@group-1A772BA897FB-SegmentedRaftLog:OPENED:c-1, conf=-1: [a1f7f396-dae1-42dc-8cf6-28579b0999f9|rpc:10.1.0.47:35955|priority:0, c1245a2b-ba94-48c8-ae92-16a28277bc37|rpc:10.1.0.47:36095|priority:1, 59207186-1f34-4c82-b1d4-26fdc8060eb3|rpc:10.1.0.47:34387|priority:0], old=null
2021-12-08 16:22:44,954 [grpc-default-executor-1] INFO  server.RaftServer$Division (RaftServerImpl.java:requestVote(1046)) - c1245a2b-ba94-48c8-ae92-16a28277bc37@group-1A772BA897FB: receive requestVote(ELECTION, 59207186-1f34-4c82-b1d4-26fdc8060eb3, group-1A772BA897FB, 3, (t:0, i:0))
2021-12-08 16:22:44,954 [grpc-default-executor-1] INFO  impl.VoteContext (VoteContext.java:log(48)) - c1245a2b-ba94-48c8-ae92-16a28277bc37@group-1A772BA897FB-CANDIDATE: reject ELECTION from 59207186-1f34-4c82-b1d4-26fdc8060eb3: already has voted for c1245a2b-ba94-48c8-ae92-16a28277bc37 at current term 3
2021-12-08 16:22:44,954 [grpc-default-executor-1] INFO  server.RaftServer$Division (RaftServerImpl.java:requestVote(1078)) - c1245a2b-ba94-48c8-ae92-16a28277bc37@group-1A772BA897FB replies to ELECTION vote request: 59207186-1f34-4c82-b1d4-26fdc8060eb3<-c1245a2b-ba94-48c8-ae92-16a28277bc37#0:FAIL-t3. Peer's state: c1245a2b-ba94-48c8-ae92-16a28277bc37@group-1A772BA897FB:t3, leader=null, voted=c1245a2b-ba94-48c8-ae92-16a28277bc37, raftlog=c1245a2b-ba94-48c8-ae92-16a28277bc37@group-1A772BA897FB-SegmentedRaftLog:OPENED:c-1, conf=-1: [a1f7f396-dae1-42dc-8cf6-28579b0999f9|rpc:10.1.0.47:35955|dataStream:|priority:0, c1245a2b-ba94-48c8-ae92-16a28277bc37|rpc:10.1.0.47:36095|dataStream:|priority:1, 59207186-1f34-4c82-b1d4-26fdc8060eb3|rpc:10.1.0.47:34387|dataStream:|priority:0], old=null
2021-12-08 16:22:44,967 [59207186-1f34-4c82-b1d4-26fdc8060eb3@group-1A772BA897FB-LeaderElection72] INFO  impl.LeaderElection (LeaderElection.java:logAndReturn(89)) - 59207186-1f34-4c82-b1d4-26fdc8060eb3@group-1A772BA897FB-LeaderElection72: ELECTION REJECTED received 1 response(s) and 0 exception(s):
2021-12-08 16:22:44,968 [59207186-1f34-4c82-b1d4-26fdc8060eb3@group-1A772BA897FB-LeaderElection72] INFO  impl.LeaderElection (LeaderElection.java:logAndReturn(93)) -   Response 0: 59207186-1f34-4c82-b1d4-26fdc8060eb3<-c1245a2b-ba94-48c8-ae92-16a28277bc37#0:FAIL-t3
2021-12-08 16:22:44,968 [59207186-1f34-4c82-b1d4-26fdc8060eb3@group-1A772BA897FB-LeaderElection72] INFO  impl.LeaderElection (LeaderElection.java:askForVotes(308)) - 59207186-1f34-4c82-b1d4-26fdc8060eb3@group-1A772BA897FB-LeaderElection72 ELECTION round 0: result REJECTED
2021-12-08 16:22:44,968 [59207186-1f34-4c82-b1d4-26fdc8060eb3@group-1A772BA897FB-LeaderElection72] INFO  server.RaftServer$Division (RaftServerImpl.java:setRole(290)) - 59207186-1f34-4c82-b1d4-26fdc8060eb3@group-1A772BA897FB: changes role from CANDIDATE to FOLLOWER at term 3 for REJECTED
2021-12-08 16:22:44,968 [59207186-1f34-4c82-b1d4-26fdc8060eb3@group-1A772BA897FB-LeaderElection72] INFO  impl.RoleInfo (RoleInfo.java:shutdownLeaderElection(121)) - 59207186-1f34-4c82-b1d4-26fdc8060eb3: shutdown 59207186-1f34-4c82-b1d4-26fdc8060eb3@group-1A772BA897FB-LeaderElection72
2021-12-08 16:22:44,968 [59207186-1f34-4c82-b1d4-26fdc8060eb3@group-1A772BA897FB-LeaderElection72] INFO  impl.RoleInfo (RoleInfo.java:updateAndGet(130)) - 59207186-1f34-4c82-b1d4-26fdc8060eb3: start 59207186-1f34-4c82-b1d4-26fdc8060eb3@group-1A772BA897FB-FollowerState
2021-12-08 16:22:44,968 [grpc-default-executor-1] INFO  server.RaftServer$Division (RaftServerImpl.java:requestVote(1046)) - c1245a2b-ba94-48c8-ae92-16a28277bc37@group-1A772BA897FB: receive requestVote(ELECTION, a1f7f396-dae1-42dc-8cf6-28579b0999f9, group-1A772BA897FB, 3, (t:0, i:0))
2021-12-08 16:22:44,968 [grpc-default-executor-1] INFO  impl.VoteContext (VoteContext.java:log(48)) - c1245a2b-ba94-48c8-ae92-16a28277bc37@group-1A772BA897FB-CANDIDATE: reject ELECTION from a1f7f396-dae1-42dc-8cf6-28579b0999f9: already has voted for c1245a2b-ba94-48c8-ae92-16a28277bc37 at current term 3
2021-12-08 16:22:44,968 [grpc-default-executor-1] INFO  server.RaftServer$Division (RaftServerImpl.java:requestVote(1078)) - c1245a2b-ba94-48c8-ae92-16a28277bc37@group-1A772BA897FB replies to ELECTION vote request: a1f7f396-dae1-42dc-8cf6-28579b0999f9<-c1245a2b-ba94-48c8-ae92-16a28277bc37#0:FAIL-t3. Peer's state: c1245a2b-ba94-48c8-ae92-16a28277bc37@group-1A772BA897FB:t3, leader=null, voted=c1245a2b-ba94-48c8-ae92-16a28277bc37, raftlog=c1245a2b-ba94-48c8-ae92-16a28277bc37@group-1A772BA897FB-SegmentedRaftLog:OPENED:c-1, conf=-1: [a1f7f396-dae1-42dc-8cf6-28579b0999f9|rpc:10.1.0.47:35955|dataStream:|priority:0, c1245a2b-ba94-48c8-ae92-16a28277bc37|rpc:10.1.0.47:36095|dataStream:|priority:1, 59207186-1f34-4c82-b1d4-26fdc8060eb3|rpc:10.1.0.47:34387|dataStream:|priority:0], old=null
2021-12-08 16:22:44,969 [grpc-default-executor-4] INFO  server.RaftServer$Division (RaftServerImpl.java:requestVote(1046)) - 59207186-1f34-4c82-b1d4-26fdc8060eb3@group-1A772BA897FB: receive requestVote(ELECTION, a1f7f396-dae1-42dc-8cf6-28579b0999f9, group-1A772BA897FB, 3, (t:0, i:0))
2021-12-08 16:22:44,969 [grpc-default-executor-4] INFO  impl.VoteContext (VoteContext.java:log(48)) - 59207186-1f34-4c82-b1d4-26fdc8060eb3@group-1A772BA897FB-FOLLOWER: reject ELECTION from a1f7f396-dae1-42dc-8cf6-28579b0999f9: already has voted for 59207186-1f34-4c82-b1d4-26fdc8060eb3 at current term 3
2021-12-08 16:22:44,984 [a1f7f396-dae1-42dc-8cf6-28579b0999f9@group-1A772BA897FB-LeaderElection73] INFO  impl.LeaderElection (LeaderElection.java:logAndReturn(89)) - a1f7f396-dae1-42dc-8cf6-28579b0999f9@group-1A772BA897FB-LeaderElection73: ELECTION REJECTED received 1 response(s) and 0 exception(s):
2021-12-08 16:22:44,995 [grpc-default-executor-3] INFO  server.RaftServer$Division (RaftServerImpl.java:requestVote(1046)) - 59207186-1f34-4c82-b1d4-26fdc8060eb3@group-1A772BA897FB: receive requestVote(ELECTION, c1245a2b-ba94-48c8-ae92-16a28277bc37, group-1A772BA897FB, 3, (t:0, i:0))
2021-12-08 16:22:44,995 [grpc-default-executor-4] INFO  server.RaftServer$Division (RaftServerImpl.java:requestVote(1078)) - 59207186-1f34-4c82-b1d4-26fdc8060eb3@group-1A772BA897FB replies to ELECTION vote request: a1f7f396-dae1-42dc-8cf6-28579b0999f9<-59207186-1f34-4c82-b1d4-26fdc8060eb3#0:FAIL-t3. Peer's state: 59207186-1f34-4c82-b1d4-26fdc8060eb3@group-1A772BA897FB:t3, leader=null, voted=59207186-1f34-4c82-b1d4-26fdc8060eb3, raftlog=59207186-1f34-4c82-b1d4-26fdc8060eb3@group-1A772BA897FB-SegmentedRaftLog:OPENED:c-1, conf=-1: [a1f7f396-dae1-42dc-8cf6-28579b0999f9|rpc:10.1.0.47:35955|dataStream:|priority:0, c1245a2b-ba94-48c8-ae92-16a28277bc37|rpc:10.1.0.47:36095|dataStream:|priority:1, 59207186-1f34-4c82-b1d4-26fdc8060eb3|rpc:10.1.0.47:34387|dataStream:|priority:0], old=null
2021-12-08 16:22:44,995 [a1f7f396-dae1-42dc-8cf6-28579b0999f9@group-1A772BA897FB-LeaderElection73] INFO  impl.LeaderElection (LeaderElection.java:logAndReturn(93)) -   Response 0: a1f7f396-dae1-42dc-8cf6-28579b0999f9<-c1245a2b-ba94-48c8-ae92-16a28277bc37#0:FAIL-t3
2021-12-08 16:22:44,996 [a1f7f396-dae1-42dc-8cf6-28579b0999f9@group-1A772BA897FB-LeaderElection73] INFO  impl.LeaderElection (LeaderElection.java:askForVotes(308)) - a1f7f396-dae1-42dc-8cf6-28579b0999f9@group-1A772BA897FB-LeaderElection73 ELECTION round 0: result REJECTED
2021-12-08 16:22:44,996 [a1f7f396-dae1-42dc-8cf6-28579b0999f9@group-1A772BA897FB-LeaderElection73] INFO  server.RaftServer$Division (RaftServerImpl.java:setRole(290)) - a1f7f396-dae1-42dc-8cf6-28579b0999f9@group-1A772BA897FB: changes role from CANDIDATE to FOLLOWER at term 3 for REJECTED
2021-12-08 16:22:44,996 [a1f7f396-dae1-42dc-8cf6-28579b0999f9@group-1A772BA897FB-LeaderElection73] INFO  impl.RoleInfo (RoleInfo.java:shutdownLeaderElection(121)) - a1f7f396-dae1-42dc-8cf6-28579b0999f9: shutdown a1f7f396-dae1-42dc-8cf6-28579b0999f9@group-1A772BA897FB-LeaderElection73
2021-12-08 16:22:44,996 [a1f7f396-dae1-42dc-8cf6-28579b0999f9@group-1A772BA897FB-LeaderElection73] INFO  impl.RoleInfo (RoleInfo.java:updateAndGet(130)) - a1f7f396-dae1-42dc-8cf6-28579b0999f9: start a1f7f396-dae1-42dc-8cf6-28579b0999f9@group-1A772BA897FB-FollowerState
2021-12-08 16:22:44,996 [grpc-default-executor-3] INFO  impl.VoteContext (VoteContext.java:log(48)) - 59207186-1f34-4c82-b1d4-26fdc8060eb3@group-1A772BA897FB-FOLLOWER: reject ELECTION from c1245a2b-ba94-48c8-ae92-16a28277bc37: already has voted for 59207186-1f34-4c82-b1d4-26fdc8060eb3 at current term 3
2021-12-08 16:22:44,996 [grpc-default-executor-3] INFO  server.RaftServer$Division (RaftServerImpl.java:requestVote(1078)) - 59207186-1f34-4c82-b1d4-26fdc8060eb3@group-1A772BA897FB replies to ELECTION vote request: c1245a2b-ba94-48c8-ae92-16a28277bc37<-59207186-1f34-4c82-b1d4-26fdc8060eb3#0:FAIL-t3. Peer's state: 59207186-1f34-4c82-b1d4-26fdc8060eb3@group-1A772BA897FB:t3, leader=null, voted=59207186-1f34-4c82-b1d4-26fdc8060eb3, raftlog=59207186-1f34-4c82-b1d4-26fdc8060eb3@group-1A772BA897FB-SegmentedRaftLog:OPENED:c-1, conf=-1: [a1f7f396-dae1-42dc-8cf6-28579b0999f9|rpc:10.1.0.47:35955|dataStream:|priority:0, c1245a2b-ba94-48c8-ae92-16a28277bc37|rpc:10.1.0.47:36095|dataStream:|priority:1, 59207186-1f34-4c82-b1d4-26fdc8060eb3|rpc:10.1.0.47:34387|dataStream:|priority:0], old=null
2021-12-08 16:22:45,013 [c1245a2b-ba94-48c8-ae92-16a28277bc37@group-1A772BA897FB-LeaderElection74] INFO  impl.LeaderElection (LeaderElection.java:logAndReturn(89)) - c1245a2b-ba94-48c8-ae92-16a28277bc37@group-1A772BA897FB-LeaderElection74: ELECTION REJECTED received 2 response(s) and 0 exception(s):
2021-12-08 16:22:45,013 [c1245a2b-ba94-48c8-ae92-16a28277bc37@group-1A772BA897FB-LeaderElection74] INFO  impl.LeaderElection (LeaderElection.java:logAndReturn(93)) -   Response 0: c1245a2b-ba94-48c8-ae92-16a28277bc37<-a1f7f396-dae1-42dc-8cf6-28579b0999f9#0:FAIL-t3
2021-12-08 16:22:45,013 [c1245a2b-ba94-48c8-ae92-16a28277bc37@group-1A772BA897FB-LeaderElection74] INFO  impl.LeaderElection (LeaderElection.java:logAndReturn(93)) -   Response 1: c1245a2b-ba94-48c8-ae92-16a28277bc37<-59207186-1f34-4c82-b1d4-26fdc8060eb3#0:FAIL-t3
2021-12-08 16:22:45,013 [c1245a2b-ba94-48c8-ae92-16a28277bc37@group-1A772BA897FB-LeaderElection74] INFO  impl.LeaderElection (LeaderElection.java:askForVotes(308)) - c1245a2b-ba94-48c8-ae92-16a28277bc37@group-1A772BA897FB-LeaderElection74 ELECTION round 0: result REJECTED
2021-12-08 16:22:45,013 [c1245a2b-ba94-48c8-ae92-16a28277bc37@group-1A772BA897FB-LeaderElection74] INFO  server.RaftServer$Division (RaftServerImpl.java:setRole(290)) - c1245a2b-ba94-48c8-ae92-16a28277bc37@group-1A772BA897FB: changes role from CANDIDATE to FOLLOWER at term 3 for REJECTED
2021-12-08 16:22:45,013 [c1245a2b-ba94-48c8-ae92-16a28277bc37@group-1A772BA897FB-LeaderElection74] INFO  impl.RoleInfo (RoleInfo.java:shutdownLeaderElection(121)) - c1245a2b-ba94-48c8-ae92-16a28277bc37: shutdown c1245a2b-ba94-48c8-ae92-16a28277bc37@group-1A772BA897FB-LeaderElection74
2021-12-08 16:22:45,013 [c1245a2b-ba94-48c8-ae92-16a28277bc37@group-1A772BA897FB-LeaderElection74] INFO  impl.RoleInfo (RoleInfo.java:updateAndGet(130)) - c1245a2b-ba94-48c8-ae92-16a28277bc37: start c1245a2b-ba94-48c8-ae92-16a28277bc37@group-1A772BA897FB-FollowerState
2021-12-08 16:22:45,231 [a1f7f396-dae1-42dc-8cf6-28579b0999f9@group-5FD0A96E2203-FollowerState] INFO  impl.FollowerState (FollowerState.java:run(134)) - a1f7f396-dae1-42dc-8cf6-28579b0999f9@group-5FD0A96E2203-FollowerState: change to CANDIDATE, lastRpcElapsedTime:5143326679ns, electionTimeout:5087ms
2021-12-08 16:22:45,231 [a1f7f396-dae1-42dc-8cf6-28579b0999f9@group-5FD0A96E2203-FollowerState] INFO  impl.RoleInfo (RoleInfo.java:shutdownFollowerState(108)) - a1f7f396-dae1-42dc-8cf6-28579b0999f9: shutdown a1f7f396-dae1-42dc-8cf6-28579b0999f9@group-5FD0A96E2203-FollowerState
2021-12-08 16:22:45,231 [a1f7f396-dae1-42dc-8cf6-28579b0999f9@group-5FD0A96E2203-FollowerState] INFO  server.RaftServer$Division (RaftServerImpl.java:setRole(290)) - a1f7f396-dae1-42dc-8cf6-28579b0999f9@group-5FD0A96E2203: changes role from  FOLLOWER to CANDIDATE at term 2 for changeToCandidate
2021-12-08 16:22:45,231 [a1f7f396-dae1-42dc-8cf6-28579b0999f9@group-5FD0A96E2203-FollowerState] INFO  server.RaftServerConfigKeys (ConfUtils.java:logGet(44)) - raft.server.leaderelection.pre-vote = false (custom)
2021-12-08 16:22:45,231 [a1f7f396-dae1-42dc-8cf6-28579b0999f9@group-5FD0A96E2203-FollowerState] INFO  impl.RoleInfo (RoleInfo.java:updateAndGet(130)) - a1f7f396-dae1-42dc-8cf6-28579b0999f9: start a1f7f396-dae1-42dc-8cf6-28579b0999f9@group-5FD0A96E2203-LeaderElection75
2021-12-08 16:22:45,255 [59207186-1f34-4c82-b1d4-26fdc8060eb3@group-5FD0A96E2203-FollowerState] INFO  impl.FollowerState (FollowerState.java:run(134)) - 59207186-1f34-4c82-b1d4-26fdc8060eb3@group-5FD0A96E2203-FollowerState: change to CANDIDATE, lastRpcElapsedTime:5194793574ns, electionTimeout:5151ms
2021-12-08 16:22:45,255 [59207186-1f34-4c82-b1d4-26fdc8060eb3@group-5FD0A96E2203-FollowerState] INFO  impl.RoleInfo (RoleInfo.java:shutdownFollowerState(108)) - 59207186-1f34-4c82-b1d4-26fdc8060eb3: shutdown 59207186-1f34-4c82-b1d4-26fdc8060eb3@group-5FD0A96E2203-FollowerState
2021-12-08 16:22:45,255 [59207186-1f34-4c82-b1d4-26fdc8060eb3@group-5FD0A96E2203-FollowerState] INFO  server.RaftServer$Division (RaftServerImpl.java:setRole(290)) - 59207186-1f34-4c82-b1d4-26fdc8060eb3@group-5FD0A96E2203: changes role from  FOLLOWER to CANDIDATE at term 2 for changeToCandidate
2021-12-08 16:22:45,255 [59207186-1f34-4c82-b1d4-26fdc8060eb3@group-5FD0A96E2203-FollowerState] INFO  server.RaftServerConfigKeys (ConfUtils.java:logGet(44)) - raft.server.leaderelection.pre-vote = false (custom)
2021-12-08 16:22:45,255 [59207186-1f34-4c82-b1d4-26fdc8060eb3@group-5FD0A96E2203-FollowerState] INFO  impl.RoleInfo (RoleInfo.java:updateAndGet(130)) - 59207186-1f34-4c82-b1d4-26fdc8060eb3: start 59207186-1f34-4c82-b1d4-26fdc8060eb3@group-5FD0A96E2203-LeaderElection76
2021-12-08 16:22:45,277 [c1245a2b-ba94-48c8-ae92-16a28277bc37@group-5FD0A96E2203-FollowerState] INFO  impl.FollowerState (FollowerState.java:run(134)) - c1245a2b-ba94-48c8-ae92-16a28277bc37@group-5FD0A96E2203-FollowerState: change to CANDIDATE, lastRpcElapsedTime:5138203039ns, electionTimeout:5120ms
2021-12-08 16:22:45,277 [c1245a2b-ba94-48c8-ae92-16a28277bc37@group-5FD0A96E2203-FollowerState] INFO  impl.RoleInfo (RoleInfo.java:shutdownFollowerState(108)) - c1245a2b-ba94-48c8-ae92-16a28277bc37: shutdown c1245a2b-ba94-48c8-ae92-16a28277bc37@group-5FD0A96E2203-FollowerState
2021-12-08 16:22:45,277 [c1245a2b-ba94-48c8-ae92-16a28277bc37@group-5FD0A96E2203-FollowerState] INFO  server.RaftServer$Division (RaftServerImpl.java:setRole(290)) - c1245a2b-ba94-48c8-ae92-16a28277bc37@group-5FD0A96E2203: changes role from  FOLLOWER to CANDIDATE at term 2 for changeToCandidate
2021-12-08 16:22:45,277 [c1245a2b-ba94-48c8-ae92-16a28277bc37@group-5FD0A96E2203-FollowerState] INFO  server.RaftServerConfigKeys (ConfUtils.java:logGet(44)) - raft.server.leaderelection.pre-vote = false (custom)
2021-12-08 16:22:45,277 [c1245a2b-ba94-48c8-ae92-16a28277bc37@group-5FD0A96E2203-FollowerState] INFO  impl.RoleInfo (RoleInfo.java:updateAndGet(130)) - c1245a2b-ba94-48c8-ae92-16a28277bc37: start c1245a2b-ba94-48c8-ae92-16a28277bc37@group-5FD0A96E2203-LeaderElection77
2021-12-08 16:22:45,295 [c1245a2b-ba94-48c8-ae92-16a28277bc37@group-5FD0A96E2203-LeaderElection77] INFO  impl.LeaderElection (LeaderElection.java:askForVotes(306)) - c1245a2b-ba94-48c8-ae92-16a28277bc37@group-5FD0A96E2203-LeaderElection77 ELECTION round 0: submit vote requests at term 3 for -1: [a1f7f396-dae1-42dc-8cf6-28579b0999f9|rpc:10.1.0.47:35955|priority:0, 59207186-1f34-4c82-b1d4-26fdc8060eb3|rpc:10.1.0.47:34387|priority:1, c1245a2b-ba94-48c8-ae92-16a28277bc37|rpc:10.1.0.47:36095|priority:0], old=null
2021-12-08 16:22:45,309 [grpc-default-executor-4] INFO  server.RaftServer$Division (RaftServerImpl.java:requestVote(1046)) - a1f7f396-dae1-42dc-8cf6-28579b0999f9@group-5FD0A96E2203: receive requestVote(ELECTION, c1245a2b-ba94-48c8-ae92-16a28277bc37, group-5FD0A96E2203, 3, (t:0, i:0))
2021-12-08 16:22:45,309 [59207186-1f34-4c82-b1d4-26fdc8060eb3@group-5FD0A96E2203-LeaderElection76] INFO  impl.LeaderElection (LeaderElection.java:askForVotes(306)) - 59207186-1f34-4c82-b1d4-26fdc8060eb3@group-5FD0A96E2203-LeaderElection76 ELECTION round 0: submit vote requests at term 3 for -1: [a1f7f396-dae1-42dc-8cf6-28579b0999f9|rpc:10.1.0.47:35955|dataStream:|priority:0, 59207186-1f34-4c82-b1d4-26fdc8060eb3|rpc:10.1.0.47:34387|dataStream:|priority:1, c1245a2b-ba94-48c8-ae92-16a28277bc37|rpc:10.1.0.47:36095|dataStream:|priority:0], old=null
2021-12-08 16:22:45,309 [grpc-default-executor-3] INFO  server.RaftServer$Division (RaftServerImpl.java:requestVote(1046)) - 59207186-1f34-4c82-b1d4-26fdc8060eb3@group-5FD0A96E2203: receive requestVote(ELECTION, c1245a2b-ba94-48c8-ae92-16a28277bc37, group-5FD0A96E2203, 3, (t:0, i:0))
2021-12-08 16:22:45,309 [grpc-default-executor-3] INFO  impl.VoteContext (VoteContext.java:log(48)) - 59207186-1f34-4c82-b1d4-26fdc8060eb3@group-5FD0A96E2203-CANDIDATE: reject ELECTION from c1245a2b-ba94-48c8-ae92-16a28277bc37: already has voted for 59207186-1f34-4c82-b1d4-26fdc8060eb3 at current term 3
2021-12-08 16:22:45,309 [grpc-default-executor-3] INFO  server.RaftServer$Division (RaftServerImpl.java:requestVote(1078)) - 59207186-1f34-4c82-b1d4-26fdc8060eb3@group-5FD0A96E2203 replies to ELECTION vote request: c1245a2b-ba94-48c8-ae92-16a28277bc37<-59207186-1f34-4c82-b1d4-26fdc8060eb3#0:FAIL-t3. Peer's state: 59207186-1f34-4c82-b1d4-26fdc8060eb3@group-5FD0A96E2203:t3, leader=null, voted=59207186-1f34-4c82-b1d4-26fdc8060eb3, raftlog=59207186-1f34-4c82-b1d4-26fdc8060eb3@group-5FD0A96E2203-SegmentedRaftLog:OPENED:c-1, conf=-1: [a1f7f396-dae1-42dc-8cf6-28579b0999f9|rpc:10.1.0.47:35955|dataStream:|priority:0, 59207186-1f34-4c82-b1d4-26fdc8060eb3|rpc:10.1.0.47:34387|dataStream:|priority:1, c1245a2b-ba94-48c8-ae92-16a28277bc37|rpc:10.1.0.47:36095|dataStream:|priority:0], old=null
2021-12-08 16:22:45,339 [a1f7f396-dae1-42dc-8cf6-28579b0999f9@group-5FD0A96E2203-LeaderElection75] INFO  impl.LeaderElection (LeaderElection.java:askForVotes(306)) - a1f7f396-dae1-42dc-8cf6-28579b0999f9@group-5FD0A96E2203-LeaderElection75 ELECTION round 0: submit vote requests at term 3 for -1: [a1f7f396-dae1-42dc-8cf6-28579b0999f9|rpc:10.1.0.47:35955|priority:0, 59207186-1f34-4c82-b1d4-26fdc8060eb3|rpc:10.1.0.47:34387|priority:1, c1245a2b-ba94-48c8-ae92-16a28277bc37|rpc:10.1.0.47:36095|priority:0], old=null
2021-12-08 16:22:45,339 [grpc-default-executor-4] INFO  impl.VoteContext (VoteContext.java:log(48)) - a1f7f396-dae1-42dc-8cf6-28579b0999f9@group-5FD0A96E2203-CANDIDATE: reject ELECTION from c1245a2b-ba94-48c8-ae92-16a28277bc37: already has voted for a1f7f396-dae1-42dc-8cf6-28579b0999f9 at current term 3
2021-12-08 16:22:45,339 [grpc-default-executor-4] INFO  server.RaftServer$Division (RaftServerImpl.java:requestVote(1078)) - a1f7f396-dae1-42dc-8cf6-28579b0999f9@group-5FD0A96E2203 replies to ELECTION vote request: c1245a2b-ba94-48c8-ae92-16a28277bc37<-a1f7f396-dae1-42dc-8cf6-28579b0999f9#0:FAIL-t3. Peer's state: a1f7f396-dae1-42dc-8cf6-28579b0999f9@group-5FD0A96E2203:t3, leader=null, voted=a1f7f396-dae1-42dc-8cf6-28579b0999f9, raftlog=a1f7f396-dae1-42dc-8cf6-28579b0999f9@group-5FD0A96E2203-SegmentedRaftLog:OPENED:c-1, conf=-1: [a1f7f396-dae1-42dc-8cf6-28579b0999f9|rpc:10.1.0.47:35955|priority:0, 59207186-1f34-4c82-b1d4-26fdc8060eb3|rpc:10.1.0.47:34387|priority:1, c1245a2b-ba94-48c8-ae92-16a28277bc37|rpc:10.1.0.47:36095|priority:0], old=null
2021-12-08 16:22:45,351 [grpc-default-executor-4] INFO  server.RaftServer$Division (RaftServerImpl.java:requestVote(1046)) - c1245a2b-ba94-48c8-ae92-16a28277bc37@group-5FD0A96E2203: receive requestVote(ELECTION, 59207186-1f34-4c82-b1d4-26fdc8060eb3, group-5FD0A96E2203, 3, (t:0, i:0))
2021-12-08 16:22:45,351 [grpc-default-executor-4] INFO  impl.VoteContext (VoteContext.java:log(48)) - c1245a2b-ba94-48c8-ae92-16a28277bc37@group-5FD0A96E2203-CANDIDATE: reject ELECTION from 59207186-1f34-4c82-b1d4-26fdc8060eb3: already has voted for c1245a2b-ba94-48c8-ae92-16a28277bc37 at current term 3
2021-12-08 16:22:45,351 [grpc-default-executor-4] INFO  server.RaftServer$Division (RaftServerImpl.java:requestVote(1078)) - c1245a2b-ba94-48c8-ae92-16a28277bc37@group-5FD0A96E2203 replies to ELECTION vote request: 59207186-1f34-4c82-b1d4-26fdc8060eb3<-c1245a2b-ba94-48c8-ae92-16a28277bc37#0:FAIL-t3. Peer's state: c1245a2b-ba94-48c8-ae92-16a28277bc37@group-5FD0A96E2203:t3, leader=null, voted=c1245a2b-ba94-48c8-ae92-16a28277bc37, raftlog=c1245a2b-ba94-48c8-ae92-16a28277bc37@group-5FD0A96E2203-SegmentedRaftLog:OPENED:c-1, conf=-1: [a1f7f396-dae1-42dc-8cf6-28579b0999f9|rpc:10.1.0.47:35955|priority:0, 59207186-1f34-4c82-b1d4-26fdc8060eb3|rpc:10.1.0.47:34387|priority:1, c1245a2b-ba94-48c8-ae92-16a28277bc37|rpc:10.1.0.47:36095|priority:0], old=null
2021-12-08 16:22:45,355 [grpc-default-executor-3] INFO  server.RaftServer$Division (RaftServerImpl.java:requestVote(1046)) - a1f7f396-dae1-42dc-8cf6-28579b0999f9@group-5FD0A96E2203: receive requestVote(ELECTION, 59207186-1f34-4c82-b1d4-26fdc8060eb3, group-5FD0A96E2203, 3, (t:0, i:0))
2021-12-08 16:22:45,355 [grpc-default-executor-3] INFO  impl.VoteContext (VoteContext.java:log(48)) - a1f7f396-dae1-42dc-8cf6-28579b0999f9@group-5FD0A96E2203-CANDIDATE: reject ELECTION from 59207186-1f34-4c82-b1d4-26fdc8060eb3: already has voted for a1f7f396-dae1-42dc-8cf6-28579b0999f9 at current term 3
2021-12-08 16:22:45,355 [grpc-default-executor-3] INFO  server.RaftServer$Division (RaftServerImpl.java:requestVote(1078)) - a1f7f396-dae1-42dc-8cf6-28579b0999f9@group-5FD0A96E2203 replies to ELECTION vote request: 59207186-1f34-4c82-b1d4-26fdc8060eb3<-a1f7f396-dae1-42dc-8cf6-28579b0999f9#0:FAIL-t3. Peer's state: a1f7f396-dae1-42dc-8cf6-28579b0999f9@group-5FD0A96E2203:t3, leader=null, voted=a1f7f396-dae1-42dc-8cf6-28579b0999f9, raftlog=a1f7f396-dae1-42dc-8cf6-28579b0999f9@group-5FD0A96E2203-SegmentedRaftLog:OPENED:c-1, conf=-1: [a1f7f396-dae1-42dc-8cf6-28579b0999f9|rpc:10.1.0.47:35955|priority:0, 59207186-1f34-4c82-b1d4-26fdc8060eb3|rpc:10.1.0.47:34387|priority:1, c1245a2b-ba94-48c8-ae92-16a28277bc37|rpc:10.1.0.47:36095|priority:0], old=null
2021-12-08 16:22:45,379 [59207186-1f34-4c82-b1d4-26fdc8060eb3@group-5FD0A96E2203-LeaderElection76] INFO  impl.LeaderElection (LeaderElection.java:logAndReturn(89)) - 59207186-1f34-4c82-b1d4-26fdc8060eb3@group-5FD0A96E2203-LeaderElection76: ELECTION REJECTED received 2 response(s) and 0 exception(s):
2021-12-08 16:22:45,379 [59207186-1f34-4c82-b1d4-26fdc8060eb3@group-5FD0A96E2203-LeaderElection76] INFO  impl.LeaderElection (LeaderElection.java:logAndReturn(93)) -   Response 0: 59207186-1f34-4c82-b1d4-26fdc8060eb3<-a1f7f396-dae1-42dc-8cf6-28579b0999f9#0:FAIL-t3
2021-12-08 16:22:45,379 [59207186-1f34-4c82-b1d4-26fdc8060eb3@group-5FD0A96E2203-LeaderElection76] INFO  impl.LeaderElection (LeaderElection.java:logAndReturn(93)) -   Response 1: 59207186-1f34-4c82-b1d4-26fdc8060eb3<-c1245a2b-ba94-48c8-ae92-16a28277bc37#0:FAIL-t3
2021-12-08 16:22:45,379 [59207186-1f34-4c82-b1d4-26fdc8060eb3@group-5FD0A96E2203-LeaderElection76] INFO  impl.LeaderElection (LeaderElection.java:askForVotes(308)) - 59207186-1f34-4c82-b1d4-26fdc8060eb3@group-5FD0A96E2203-LeaderElection76 ELECTION round 0: result REJECTED
2021-12-08 16:22:45,379 [59207186-1f34-4c82-b1d4-26fdc8060eb3@group-5FD0A96E2203-LeaderElection76] INFO  server.RaftServer$Division (RaftServerImpl.java:setRole(290)) - 59207186-1f34-4c82-b1d4-26fdc8060eb3@group-5FD0A96E2203: changes role from CANDIDATE to FOLLOWER at term 3 for REJECTED
2021-12-08 16:22:45,379 [59207186-1f34-4c82-b1d4-26fdc8060eb3@group-5FD0A96E2203-LeaderElection76] INFO  impl.RoleInfo (RoleInfo.java:shutdownLeaderElection(121)) - 59207186-1f34-4c82-b1d4-26fdc8060eb3: shutdown 59207186-1f34-4c82-b1d4-26fdc8060eb3@group-5FD0A96E2203-LeaderElection76
2021-12-08 16:22:45,379 [59207186-1f34-4c82-b1d4-26fdc8060eb3@group-5FD0A96E2203-LeaderElection76] INFO  impl.RoleInfo (RoleInfo.java:updateAndGet(130)) - 59207186-1f34-4c82-b1d4-26fdc8060eb3: start 59207186-1f34-4c82-b1d4-26fdc8060eb3@group-5FD0A96E2203-FollowerState
2021-12-08 16:22:45,406 [grpc-default-executor-4] INFO  server.RaftServer$Division (RaftServerImpl.java:requestVote(1046)) - 59207186-1f34-4c82-b1d4-26fdc8060eb3@group-5FD0A96E2203: receive requestVote(ELECTION, a1f7f396-dae1-42dc-8cf6-28579b0999f9, group-5FD0A96E2203, 3, (t:0, i:0))
2021-12-08 16:22:45,406 [grpc-default-executor-4] INFO  impl.VoteContext (VoteContext.java:log(48)) - 59207186-1f34-4c82-b1d4-26fdc8060eb3@group-5FD0A96E2203-FOLLOWER: reject ELECTION from a1f7f396-dae1-42dc-8cf6-28579b0999f9: already has voted for 59207186-1f34-4c82-b1d4-26fdc8060eb3 at current term 3
2021-12-08 16:22:45,406 [grpc-default-executor-4] INFO  server.RaftServer$Division (RaftServerImpl.java:requestVote(1078)) - 59207186-1f34-4c82-b1d4-26fdc8060eb3@group-5FD0A96E2203 replies to ELECTION vote request: a1f7f396-dae1-42dc-8cf6-28579b0999f9<-59207186-1f34-4c82-b1d4-26fdc8060eb3#0:FAIL-t3. Peer's state: 59207186-1f34-4c82-b1d4-26fdc8060eb3@group-5FD0A96E2203:t3, leader=null, voted=59207186-1f34-4c82-b1d4-26fdc8060eb3, raftlog=59207186-1f34-4c82-b1d4-26fdc8060eb3@group-5FD0A96E2203-SegmentedRaftLog:OPENED:c-1, conf=-1: [a1f7f396-dae1-42dc-8cf6-28579b0999f9|rpc:10.1.0.47:35955|dataStream:|priority:0, 59207186-1f34-4c82-b1d4-26fdc8060eb3|rpc:10.1.0.47:34387|dataStream:|priority:1, c1245a2b-ba94-48c8-ae92-16a28277bc37|rpc:10.1.0.47:36095|dataStream:|priority:0], old=null
2021-12-08 16:22:45,406 [grpc-default-executor-3] INFO  server.RaftServer$Division (RaftServerImpl.java:requestVote(1046)) - c1245a2b-ba94-48c8-ae92-16a28277bc37@group-5FD0A96E2203: receive requestVote(ELECTION, a1f7f396-dae1-42dc-8cf6-28579b0999f9, group-5FD0A96E2203, 3, (t:0, i:0))
2021-12-08 16:22:45,406 [grpc-default-executor-3] INFO  impl.VoteContext (VoteContext.java:log(48)) - c1245a2b-ba94-48c8-ae92-16a28277bc37@group-5FD0A96E2203-CANDIDATE: reject ELECTION from a1f7f396-dae1-42dc-8cf6-28579b0999f9: already has voted for c1245a2b-ba94-48c8-ae92-16a28277bc37 at current term 3
2021-12-08 16:22:45,406 [grpc-default-executor-3] INFO  server.RaftServer$Division (RaftServerImpl.java:requestVote(1078)) - c1245a2b-ba94-48c8-ae92-16a28277bc37@group-5FD0A96E2203 replies to ELECTION vote request: a1f7f396-dae1-42dc-8cf6-28579b0999f9<-c1245a2b-ba94-48c8-ae92-16a28277bc37#0:FAIL-t3. Peer's state: c1245a2b-ba94-48c8-ae92-16a28277bc37@group-5FD0A96E2203:t3, leader=null, voted=c1245a2b-ba94-48c8-ae92-16a28277bc37, raftlog=c1245a2b-ba94-48c8-ae92-16a28277bc37@group-5FD0A96E2203-SegmentedRaftLog:OPENED:c-1, conf=-1: [a1f7f396-dae1-42dc-8cf6-28579b0999f9|rpc:10.1.0.47:35955|priority:0, 59207186-1f34-4c82-b1d4-26fdc8060eb3|rpc:10.1.0.47:34387|priority:1, c1245a2b-ba94-48c8-ae92-16a28277bc37|rpc:10.1.0.47:36095|priority:0], old=null
2021-12-08 16:22:45,427 [a1f7f396-dae1-42dc-8cf6-28579b0999f9@group-5FD0A96E2203-LeaderElection75] INFO  impl.LeaderElection (LeaderElection.java:logAndReturn(89)) - a1f7f396-dae1-42dc-8cf6-28579b0999f9@group-5FD0A96E2203-LeaderElection75: ELECTION REJECTED received 1 response(s) and 0 exception(s):
2021-12-08 16:22:45,427 [c1245a2b-ba94-48c8-ae92-16a28277bc37@group-5FD0A96E2203-LeaderElection77] INFO  impl.LeaderElection (LeaderElection.java:logAndReturn(89)) - c1245a2b-ba94-48c8-ae92-16a28277bc37@group-5FD0A96E2203-LeaderElection77: ELECTION REJECTED received 2 response(s) and 0 exception(s):
2021-12-08 16:22:45,427 [c1245a2b-ba94-48c8-ae92-16a28277bc37@group-5FD0A96E2203-LeaderElection77] INFO  impl.LeaderElection (LeaderElection.java:logAndReturn(93)) -   Response 0: c1245a2b-ba94-48c8-ae92-16a28277bc37<-a1f7f396-dae1-42dc-8cf6-28579b0999f9#0:FAIL-t3
2021-12-08 16:22:45,427 [c1245a2b-ba94-48c8-ae92-16a28277bc37@group-5FD0A96E2203-LeaderElection77] INFO  impl.LeaderElection (LeaderElection.java:logAndReturn(93)) -   Response 1: c1245a2b-ba94-48c8-ae92-16a28277bc37<-59207186-1f34-4c82-b1d4-26fdc8060eb3#0:FAIL-t3
2021-12-08 16:22:45,427 [a1f7f396-dae1-42dc-8cf6-28579b0999f9@group-5FD0A96E2203-LeaderElection75] INFO  impl.LeaderElection (LeaderElection.java:logAndReturn(93)) -   Response 0: a1f7f396-dae1-42dc-8cf6-28579b0999f9<-59207186-1f34-4c82-b1d4-26fdc8060eb3#0:FAIL-t3
2021-12-08 16:22:45,427 [a1f7f396-dae1-42dc-8cf6-28579b0999f9@group-5FD0A96E2203-LeaderElection75] INFO  impl.LeaderElection (LeaderElection.java:askForVotes(308)) - a1f7f396-dae1-42dc-8cf6-28579b0999f9@group-5FD0A96E2203-LeaderElection75 ELECTION round 0: result REJECTED
2021-12-08 16:22:45,427 [a1f7f396-dae1-42dc-8cf6-28579b0999f9@group-5FD0A96E2203-LeaderElection75] INFO  server.RaftServer$Division (RaftServerImpl.java:setRole(290)) - a1f7f396-dae1-42dc-8cf6-28579b0999f9@group-5FD0A96E2203: changes role from CANDIDATE to FOLLOWER at term 3 for REJECTED
2021-12-08 16:22:45,427 [a1f7f396-dae1-42dc-8cf6-28579b0999f9@group-5FD0A96E2203-LeaderElection75] INFO  impl.RoleInfo (RoleInfo.java:shutdownLeaderElection(121)) - a1f7f396-dae1-42dc-8cf6-28579b0999f9: shutdown a1f7f396-dae1-42dc-8cf6-28579b0999f9@group-5FD0A96E2203-LeaderElection75
2021-12-08 16:22:45,427 [a1f7f396-dae1-42dc-8cf6-28579b0999f9@group-5FD0A96E2203-LeaderElection75] INFO  impl.RoleInfo (RoleInfo.java:updateAndGet(130)) - a1f7f396-dae1-42dc-8cf6-28579b0999f9: start a1f7f396-dae1-42dc-8cf6-28579b0999f9@group-5FD0A96E2203-FollowerState
2021-12-08 16:22:45,427 [c1245a2b-ba94-48c8-ae92-16a28277bc37@group-5FD0A96E2203-LeaderElection77] INFO  impl.LeaderElection (LeaderElection.java:askForVotes(308)) - c1245a2b-ba94-48c8-ae92-16a28277bc37@group-5FD0A96E2203-LeaderElection77 ELECTION round 0: result REJECTED
2021-12-08 16:22:45,427 [c1245a2b-ba94-48c8-ae92-16a28277bc37@group-5FD0A96E2203-LeaderElection77] INFO  server.RaftServer$Division (RaftServerImpl.java:setRole(290)) - c1245a2b-ba94-48c8-ae92-16a28277bc37@group-5FD0A96E2203: changes role from CANDIDATE to FOLLOWER at term 3 for REJECTED
2021-12-08 16:22:45,427 [c1245a2b-ba94-48c8-ae92-16a28277bc37@group-5FD0A96E2203-LeaderElection77] INFO  impl.RoleInfo (RoleInfo.java:shutdownLeaderElection(121)) - c1245a2b-ba94-48c8-ae92-16a28277bc37: shutdown c1245a2b-ba94-48c8-ae92-16a28277bc37@group-5FD0A96E2203-LeaderElection77
2021-12-08 16:22:45,437 [c1245a2b-ba94-48c8-ae92-16a28277bc37@group-5FD0A96E2203-LeaderElection77] INFO  impl.RoleInfo (RoleInfo.java:updateAndGet(130)) - c1245a2b-ba94-48c8-ae92-16a28277bc37: start c1245a2b-ba94-48c8-ae92-16a28277bc37@group-5FD0A96E2203-FollowerState
2021-12-08 16:22:45,444 [Listener at 127.0.0.1/38865] INFO  ozone.MiniOzoneClusterImpl (MiniOzoneClusterImpl.java:lambda$waitForClusterToBeReady$0(235)) - Nodes are ready. Got 3 of 3 DN Heartbeats.
2021-12-08 16:22:45,444 [Listener at 127.0.0.1/38865] INFO  ozone.MiniOzoneClusterImpl (MiniOzoneClusterImpl.java:lambda$waitForClusterToBeReady$0(238)) - Waiting for cluster to exit safe mode
2021-12-08 16:22:45,444 [Listener at 127.0.0.1/38865] INFO  ozone.MiniOzoneClusterImpl (MiniOzoneClusterImpl.java:lambda$waitForClusterToBeReady$0(240)) - SCM became leader
2021-12-08 16:22:46,444 [Listener at 127.0.0.1/38865] INFO  ozone.MiniOzoneClusterImpl (MiniOzoneClusterImpl.java:lambda$waitForClusterToBeReady$0(235)) - Nodes are ready. Got 3 of 3 DN Heartbeats.
2021-12-08 16:22:46,445 [Listener at 127.0.0.1/38865] INFO  ozone.MiniOzoneClusterImpl (MiniOzoneClusterImpl.java:lambda$waitForClusterToBeReady$0(238)) - Waiting for cluster to exit safe mode
2021-12-08 16:22:46,445 [Listener at 127.0.0.1/38865] INFO  ozone.MiniOzoneClusterImpl (MiniOzoneClusterImpl.java:lambda$waitForClusterToBeReady$0(240)) - SCM became leader
2021-12-08 16:22:47,699 [org.apache.ratis.util.JvmPauseMonitor$$Lambda$523/2003369902@7e749770] WARN  util.JvmPauseMonitor (JvmPauseMonitor.java:detectPause(124)) - JvmPauseMonitor-59207186-1f34-4c82-b1d4-26fdc8060eb3: Detected pause in JVM or host machine (eg GC): pause of approximately 115284816ns.
GC pool 'PS MarkSweep' had collection(s): count=1 time=242ms
GC pool 'PS Scavenge' had collection(s): count=1 time=8ms
2021-12-08 16:22:47,701 [Listener at 127.0.0.1/38865] INFO  ozone.MiniOzoneClusterImpl (MiniOzoneClusterImpl.java:lambda$waitForClusterToBeReady$0(235)) - Nodes are ready. Got 3 of 3 DN Heartbeats.
2021-12-08 16:22:47,701 [Listener at 127.0.0.1/38865] INFO  ozone.MiniOzoneClusterImpl (MiniOzoneClusterImpl.java:lambda$waitForClusterToBeReady$0(238)) - Waiting for cluster to exit safe mode
2021-12-08 16:22:47,701 [Listener at 127.0.0.1/38865] INFO  ozone.MiniOzoneClusterImpl (MiniOzoneClusterImpl.java:lambda$waitForClusterToBeReady$0(240)) - SCM became leader
2021-12-08 16:22:48,702 [Listener at 127.0.0.1/38865] INFO  ozone.MiniOzoneClusterImpl (MiniOzoneClusterImpl.java:lambda$waitForClusterToBeReady$0(235)) - Nodes are ready. Got 3 of 3 DN Heartbeats.
2021-12-08 16:22:48,702 [Listener at 127.0.0.1/38865] INFO  ozone.MiniOzoneClusterImpl (MiniOzoneClusterImpl.java:lambda$waitForClusterToBeReady$0(238)) - Waiting for cluster to exit safe mode
2021-12-08 16:22:48,702 [Listener at 127.0.0.1/38865] INFO  ozone.MiniOzoneClusterImpl (MiniOzoneClusterImpl.java:lambda$waitForClusterToBeReady$0(240)) - SCM became leader
2021-12-08 16:22:49,703 [Listener at 127.0.0.1/38865] INFO  ozone.MiniOzoneClusterImpl (MiniOzoneClusterImpl.java:lambda$waitForClusterToBeReady$0(235)) - Nodes are ready. Got 3 of 3 DN Heartbeats.
2021-12-08 16:22:49,703 [Listener at 127.0.0.1/38865] INFO  ozone.MiniOzoneClusterImpl (MiniOzoneClusterImpl.java:lambda$waitForClusterToBeReady$0(238)) - Waiting for cluster to exit safe mode
2021-12-08 16:22:49,703 [Listener at 127.0.0.1/38865] INFO  ozone.MiniOzoneClusterImpl (MiniOzoneClusterImpl.java:lambda$waitForClusterToBeReady$0(240)) - SCM became leader
2021-12-08 16:22:50,006 [59207186-1f34-4c82-b1d4-26fdc8060eb3@group-1A772BA897FB-FollowerState] INFO  impl.FollowerState (FollowerState.java:run(134)) - 59207186-1f34-4c82-b1d4-26fdc8060eb3@group-1A772BA897FB-FollowerState: change to CANDIDATE, lastRpcElapsedTime:5038463420ns, electionTimeout:5037ms
2021-12-08 16:22:50,006 [59207186-1f34-4c82-b1d4-26fdc8060eb3@group-1A772BA897FB-FollowerState] INFO  impl.RoleInfo (RoleInfo.java:shutdownFollowerState(108)) - 59207186-1f34-4c82-b1d4-26fdc8060eb3: shutdown 59207186-1f34-4c82-b1d4-26fdc8060eb3@group-1A772BA897FB-FollowerState
2021-12-08 16:22:50,006 [59207186-1f34-4c82-b1d4-26fdc8060eb3@group-1A772BA897FB-FollowerState] INFO  server.RaftServer$Division (RaftServerImpl.java:setRole(290)) - 59207186-1f34-4c82-b1d4-26fdc8060eb3@group-1A772BA897FB: changes role from  FOLLOWER to CANDIDATE at term 3 for changeToCandidate
2021-12-08 16:22:50,007 [59207186-1f34-4c82-b1d4-26fdc8060eb3@group-1A772BA897FB-FollowerState] INFO  server.RaftServerConfigKeys (ConfUtils.java:logGet(44)) - raft.server.leaderelection.pre-vote = false (custom)
2021-12-08 16:22:50,007 [59207186-1f34-4c82-b1d4-26fdc8060eb3@group-1A772BA897FB-FollowerState] INFO  impl.RoleInfo (RoleInfo.java:updateAndGet(130)) - 59207186-1f34-4c82-b1d4-26fdc8060eb3: start 59207186-1f34-4c82-b1d4-26fdc8060eb3@group-1A772BA897FB-LeaderElection78
2021-12-08 16:22:50,027 [59207186-1f34-4c82-b1d4-26fdc8060eb3@group-1A772BA897FB-LeaderElection78] INFO  impl.LeaderElection (LeaderElection.java:askForVotes(306)) - 59207186-1f34-4c82-b1d4-26fdc8060eb3@group-1A772BA897FB-LeaderElection78 ELECTION round 0: submit vote requests at term 4 for -1: [a1f7f396-dae1-42dc-8cf6-28579b0999f9|rpc:10.1.0.47:35955|dataStream:|priority:0, c1245a2b-ba94-48c8-ae92-16a28277bc37|rpc:10.1.0.47:36095|dataStream:|priority:1, 59207186-1f34-4c82-b1d4-26fdc8060eb3|rpc:10.1.0.47:34387|dataStream:|priority:0], old=null
2021-12-08 16:22:50,062 [grpc-default-executor-4] INFO  server.RaftServer$Division (RaftServerImpl.java:requestVote(1046)) - c1245a2b-ba94-48c8-ae92-16a28277bc37@group-1A772BA897FB: receive requestVote(ELECTION, 59207186-1f34-4c82-b1d4-26fdc8060eb3, group-1A772BA897FB, 4, (t:0, i:0))
2021-12-08 16:22:50,062 [grpc-default-executor-4] INFO  impl.VoteContext (VoteContext.java:log(48)) - c1245a2b-ba94-48c8-ae92-16a28277bc37@group-1A772BA897FB-FOLLOWER: reject ELECTION from 59207186-1f34-4c82-b1d4-26fdc8060eb3: our priority 1 > candidate's priority 0
2021-12-08 16:22:50,062 [grpc-default-executor-4] INFO  server.RaftServer$Division (RaftServerImpl.java:setRole(290)) - c1245a2b-ba94-48c8-ae92-16a28277bc37@group-1A772BA897FB: changes role from  FOLLOWER to FOLLOWER at term 4 for candidate:59207186-1f34-4c82-b1d4-26fdc8060eb3
2021-12-08 16:22:50,062 [grpc-default-executor-4] INFO  impl.RoleInfo (RoleInfo.java:shutdownFollowerState(108)) - c1245a2b-ba94-48c8-ae92-16a28277bc37: shutdown c1245a2b-ba94-48c8-ae92-16a28277bc37@group-1A772BA897FB-FollowerState
2021-12-08 16:22:50,062 [grpc-default-executor-4] INFO  impl.RoleInfo (RoleInfo.java:updateAndGet(130)) - c1245a2b-ba94-48c8-ae92-16a28277bc37: start c1245a2b-ba94-48c8-ae92-16a28277bc37@group-1A772BA897FB-FollowerState
2021-12-08 16:22:50,062 [grpc-default-executor-3] INFO  server.RaftServer$Division (RaftServerImpl.java:requestVote(1046)) - a1f7f396-dae1-42dc-8cf6-28579b0999f9@group-1A772BA897FB: receive requestVote(ELECTION, 59207186-1f34-4c82-b1d4-26fdc8060eb3, group-1A772BA897FB, 4, (t:0, i:0))
2021-12-08 16:22:50,063 [grpc-default-executor-3] INFO  impl.VoteContext (VoteContext.java:log(48)) - a1f7f396-dae1-42dc-8cf6-28579b0999f9@group-1A772BA897FB-FOLLOWER: accept ELECTION from 59207186-1f34-4c82-b1d4-26fdc8060eb3: our priority 0 <= candidate's priority 0
2021-12-08 16:22:50,063 [grpc-default-executor-3] INFO  server.RaftServer$Division (RaftServerImpl.java:setRole(290)) - a1f7f396-dae1-42dc-8cf6-28579b0999f9@group-1A772BA897FB: changes role from  FOLLOWER to FOLLOWER at term 4 for candidate:59207186-1f34-4c82-b1d4-26fdc8060eb3
2021-12-08 16:22:50,063 [grpc-default-executor-3] INFO  impl.RoleInfo (RoleInfo.java:shutdownFollowerState(108)) - a1f7f396-dae1-42dc-8cf6-28579b0999f9: shutdown a1f7f396-dae1-42dc-8cf6-28579b0999f9@group-1A772BA897FB-FollowerState
2021-12-08 16:22:50,063 [c1245a2b-ba94-48c8-ae92-16a28277bc37@group-1A772BA897FB-FollowerState] INFO  impl.FollowerState (FollowerState.java:run(143)) - c1245a2b-ba94-48c8-ae92-16a28277bc37@group-1A772BA897FB-FollowerState was interrupted: {}
java.lang.InterruptedException: sleep interrupted
	at java.lang.Thread.sleep(Native Method)
	at java.lang.Thread.sleep(Thread.java:340)
	at java.util.concurrent.TimeUnit.sleep(TimeUnit.java:386)
	at org.apache.ratis.util.TimeDuration.sleep(TimeDuration.java:324)
	at org.apache.ratis.util.TimeDuration.sleep(TimeDuration.java:309)
	at org.apache.ratis.server.impl.FollowerState.run(FollowerState.java:118)
2021-12-08 16:22:50,071 [grpc-default-executor-3] INFO  impl.RoleInfo (RoleInfo.java:updateAndGet(130)) - a1f7f396-dae1-42dc-8cf6-28579b0999f9: start a1f7f396-dae1-42dc-8cf6-28579b0999f9@group-1A772BA897FB-FollowerState
2021-12-08 16:22:50,072 [grpc-default-executor-4] INFO  server.RaftServer$Division (RaftServerImpl.java:requestVote(1078)) - c1245a2b-ba94-48c8-ae92-16a28277bc37@group-1A772BA897FB replies to ELECTION vote request: 59207186-1f34-4c82-b1d4-26fdc8060eb3<-c1245a2b-ba94-48c8-ae92-16a28277bc37#0:FAIL-t4. Peer's state: c1245a2b-ba94-48c8-ae92-16a28277bc37@group-1A772BA897FB:t4, leader=null, voted=null, raftlog=c1245a2b-ba94-48c8-ae92-16a28277bc37@group-1A772BA897FB-SegmentedRaftLog:OPENED:c-1, conf=-1: [a1f7f396-dae1-42dc-8cf6-28579b0999f9|rpc:10.1.0.47:35955|dataStream:|priority:0, c1245a2b-ba94-48c8-ae92-16a28277bc37|rpc:10.1.0.47:36095|dataStream:|priority:1, 59207186-1f34-4c82-b1d4-26fdc8060eb3|rpc:10.1.0.47:34387|dataStream:|priority:0], old=null
2021-12-08 16:22:50,073 [59207186-1f34-4c82-b1d4-26fdc8060eb3@group-1A772BA897FB-LeaderElection78] INFO  impl.LeaderElection (LeaderElection.java:logAndReturn(89)) - 59207186-1f34-4c82-b1d4-26fdc8060eb3@group-1A772BA897FB-LeaderElection78: ELECTION REJECTED received 1 response(s) and 0 exception(s):
2021-12-08 16:22:50,073 [59207186-1f34-4c82-b1d4-26fdc8060eb3@group-1A772BA897FB-LeaderElection78] INFO  impl.LeaderElection (LeaderElection.java:logAndReturn(93)) -   Response 0: 59207186-1f34-4c82-b1d4-26fdc8060eb3<-c1245a2b-ba94-48c8-ae92-16a28277bc37#0:FAIL-t4
2021-12-08 16:22:50,073 [59207186-1f34-4c82-b1d4-26fdc8060eb3@group-1A772BA897FB-LeaderElection78] INFO  impl.LeaderElection (LeaderElection.java:askForVotes(308)) - 59207186-1f34-4c82-b1d4-26fdc8060eb3@group-1A772BA897FB-LeaderElection78 ELECTION round 0: result REJECTED
2021-12-08 16:22:50,073 [59207186-1f34-4c82-b1d4-26fdc8060eb3@group-1A772BA897FB-LeaderElection78] INFO  server.RaftServer$Division (RaftServerImpl.java:setRole(290)) - 59207186-1f34-4c82-b1d4-26fdc8060eb3@group-1A772BA897FB: changes role from CANDIDATE to FOLLOWER at term 4 for REJECTED
2021-12-08 16:22:50,073 [59207186-1f34-4c82-b1d4-26fdc8060eb3@group-1A772BA897FB-LeaderElection78] INFO  impl.RoleInfo (RoleInfo.java:shutdownLeaderElection(121)) - 59207186-1f34-4c82-b1d4-26fdc8060eb3: shutdown 59207186-1f34-4c82-b1d4-26fdc8060eb3@group-1A772BA897FB-LeaderElection78
2021-12-08 16:22:50,073 [59207186-1f34-4c82-b1d4-26fdc8060eb3@group-1A772BA897FB-LeaderElection78] INFO  impl.RoleInfo (RoleInfo.java:updateAndGet(130)) - 59207186-1f34-4c82-b1d4-26fdc8060eb3: start 59207186-1f34-4c82-b1d4-26fdc8060eb3@group-1A772BA897FB-FollowerState
2021-12-08 16:22:50,075 [grpc-default-executor-3] INFO  server.RaftServer$Division (RaftServerImpl.java:requestVote(1078)) - a1f7f396-dae1-42dc-8cf6-28579b0999f9@group-1A772BA897FB replies to ELECTION vote request: 59207186-1f34-4c82-b1d4-26fdc8060eb3<-a1f7f396-dae1-42dc-8cf6-28579b0999f9#0:OK-t4. Peer's state: a1f7f396-dae1-42dc-8cf6-28579b0999f9@group-1A772BA897FB:t4, leader=null, voted=59207186-1f34-4c82-b1d4-26fdc8060eb3, raftlog=a1f7f396-dae1-42dc-8cf6-28579b0999f9@group-1A772BA897FB-SegmentedRaftLog:OPENED:c-1, conf=-1: [a1f7f396-dae1-42dc-8cf6-28579b0999f9|rpc:10.1.0.47:35955|priority:0, c1245a2b-ba94-48c8-ae92-16a28277bc37|rpc:10.1.0.47:36095|priority:1, 59207186-1f34-4c82-b1d4-26fdc8060eb3|rpc:10.1.0.47:34387|priority:0], old=null
2021-12-08 16:22:50,079 [a1f7f396-dae1-42dc-8cf6-28579b0999f9@group-1A772BA897FB-FollowerState] INFO  impl.FollowerState (FollowerState.java:run(143)) - a1f7f396-dae1-42dc-8cf6-28579b0999f9@group-1A772BA897FB-FollowerState was interrupted: {}
java.lang.InterruptedException: sleep interrupted
	at java.lang.Thread.sleep(Native Method)
	at java.lang.Thread.sleep(Thread.java:340)
	at java.util.concurrent.TimeUnit.sleep(TimeUnit.java:386)
	at org.apache.ratis.util.TimeDuration.sleep(TimeDuration.java:324)
	at org.apache.ratis.util.TimeDuration.sleep(TimeDuration.java:309)
	at org.apache.ratis.server.impl.FollowerState.run(FollowerState.java:118)
2021-12-08 16:22:50,499 [59207186-1f34-4c82-b1d4-26fdc8060eb3@group-5FD0A96E2203-FollowerState] INFO  impl.FollowerState (FollowerState.java:run(134)) - 59207186-1f34-4c82-b1d4-26fdc8060eb3@group-5FD0A96E2203-FollowerState: change to CANDIDATE, lastRpcElapsedTime:5120026239ns, electionTimeout:5112ms
2021-12-08 16:22:50,499 [59207186-1f34-4c82-b1d4-26fdc8060eb3@group-5FD0A96E2203-FollowerState] INFO  impl.RoleInfo (RoleInfo.java:shutdownFollowerState(108)) - 59207186-1f34-4c82-b1d4-26fdc8060eb3: shutdown 59207186-1f34-4c82-b1d4-26fdc8060eb3@group-5FD0A96E2203-FollowerState
2021-12-08 16:22:50,499 [59207186-1f34-4c82-b1d4-26fdc8060eb3@group-5FD0A96E2203-FollowerState] INFO  server.RaftServer$Division (RaftServerImpl.java:setRole(290)) - 59207186-1f34-4c82-b1d4-26fdc8060eb3@group-5FD0A96E2203: changes role from  FOLLOWER to CANDIDATE at term 3 for changeToCandidate
2021-12-08 16:22:50,499 [59207186-1f34-4c82-b1d4-26fdc8060eb3@group-5FD0A96E2203-FollowerState] INFO  server.RaftServerConfigKeys (ConfUtils.java:logGet(44)) - raft.server.leaderelection.pre-vote = false (custom)
2021-12-08 16:22:50,499 [59207186-1f34-4c82-b1d4-26fdc8060eb3@group-5FD0A96E2203-FollowerState] INFO  impl.RoleInfo (RoleInfo.java:updateAndGet(130)) - 59207186-1f34-4c82-b1d4-26fdc8060eb3: start 59207186-1f34-4c82-b1d4-26fdc8060eb3@group-5FD0A96E2203-LeaderElection79
2021-12-08 16:22:50,546 [59207186-1f34-4c82-b1d4-26fdc8060eb3@group-5FD0A96E2203-LeaderElection79] INFO  impl.LeaderElection (LeaderElection.java:askForVotes(306)) - 59207186-1f34-4c82-b1d4-26fdc8060eb3@group-5FD0A96E2203-LeaderElection79 ELECTION round 0: submit vote requests at term 4 for -1: [a1f7f396-dae1-42dc-8cf6-28579b0999f9|rpc:10.1.0.47:35955|dataStream:|priority:0, 59207186-1f34-4c82-b1d4-26fdc8060eb3|rpc:10.1.0.47:34387|dataStream:|priority:1, c1245a2b-ba94-48c8-ae92-16a28277bc37|rpc:10.1.0.47:36095|dataStream:|priority:0], old=null
2021-12-08 16:22:50,579 [a1f7f396-dae1-42dc-8cf6-28579b0999f9@group-5FD0A96E2203-FollowerState] INFO  impl.FollowerState (FollowerState.java:run(134)) - a1f7f396-dae1-42dc-8cf6-28579b0999f9@group-5FD0A96E2203-FollowerState: change to CANDIDATE, lastRpcElapsedTime:5152045884ns, electionTimeout:5142ms
2021-12-08 16:22:50,579 [a1f7f396-dae1-42dc-8cf6-28579b0999f9@group-5FD0A96E2203-FollowerState] INFO  impl.RoleInfo (RoleInfo.java:shutdownFollowerState(108)) - a1f7f396-dae1-42dc-8cf6-28579b0999f9: shutdown a1f7f396-dae1-42dc-8cf6-28579b0999f9@group-5FD0A96E2203-FollowerState
2021-12-08 16:22:50,579 [a1f7f396-dae1-42dc-8cf6-28579b0999f9@group-5FD0A96E2203-FollowerState] INFO  server.RaftServer$Division (RaftServerImpl.java:setRole(290)) - a1f7f396-dae1-42dc-8cf6-28579b0999f9@group-5FD0A96E2203: changes role from  FOLLOWER to CANDIDATE at term 3 for changeToCandidate
2021-12-08 16:22:50,583 [a1f7f396-dae1-42dc-8cf6-28579b0999f9@group-5FD0A96E2203-FollowerState] INFO  server.RaftServerConfigKeys (ConfUtils.java:logGet(44)) - raft.server.leaderelection.pre-vote = false (custom)
2021-12-08 16:22:50,583 [a1f7f396-dae1-42dc-8cf6-28579b0999f9@group-5FD0A96E2203-FollowerState] INFO  impl.RoleInfo (RoleInfo.java:updateAndGet(130)) - a1f7f396-dae1-42dc-8cf6-28579b0999f9: start a1f7f396-dae1-42dc-8cf6-28579b0999f9@group-5FD0A96E2203-LeaderElection80
2021-12-08 16:22:50,595 [grpc-default-executor-3] INFO  server.RaftServer$Division (RaftServerImpl.java:requestVote(1046)) - a1f7f396-dae1-42dc-8cf6-28579b0999f9@group-5FD0A96E2203: receive requestVote(ELECTION, 59207186-1f34-4c82-b1d4-26fdc8060eb3, group-5FD0A96E2203, 4, (t:0, i:0))
2021-12-08 16:22:50,595 [grpc-default-executor-3] INFO  impl.VoteContext (VoteContext.java:log(48)) - a1f7f396-dae1-42dc-8cf6-28579b0999f9@group-5FD0A96E2203-CANDIDATE: accept ELECTION from 59207186-1f34-4c82-b1d4-26fdc8060eb3: our priority 0 <= candidate's priority 1
2021-12-08 16:22:50,595 [grpc-default-executor-3] INFO  server.RaftServer$Division (RaftServerImpl.java:setRole(290)) - a1f7f396-dae1-42dc-8cf6-28579b0999f9@group-5FD0A96E2203: changes role from CANDIDATE to FOLLOWER at term 4 for candidate:59207186-1f34-4c82-b1d4-26fdc8060eb3
2021-12-08 16:22:50,595 [grpc-default-executor-3] INFO  impl.RoleInfo (RoleInfo.java:shutdownLeaderElection(121)) - a1f7f396-dae1-42dc-8cf6-28579b0999f9: shutdown a1f7f396-dae1-42dc-8cf6-28579b0999f9@group-5FD0A96E2203-LeaderElection80
2021-12-08 16:22:50,595 [grpc-default-executor-3] INFO  impl.RoleInfo (RoleInfo.java:updateAndGet(130)) - a1f7f396-dae1-42dc-8cf6-28579b0999f9: start a1f7f396-dae1-42dc-8cf6-28579b0999f9@group-5FD0A96E2203-FollowerState
2021-12-08 16:22:50,595 [grpc-default-executor-4] INFO  server.RaftServer$Division (RaftServerImpl.java:requestVote(1046)) - c1245a2b-ba94-48c8-ae92-16a28277bc37@group-5FD0A96E2203: receive requestVote(ELECTION, 59207186-1f34-4c82-b1d4-26fdc8060eb3, group-5FD0A96E2203, 4, (t:0, i:0))
2021-12-08 16:22:50,595 [grpc-default-executor-4] INFO  impl.VoteContext (VoteContext.java:log(48)) - c1245a2b-ba94-48c8-ae92-16a28277bc37@group-5FD0A96E2203-FOLLOWER: accept ELECTION from 59207186-1f34-4c82-b1d4-26fdc8060eb3: our priority 0 <= candidate's priority 1
2021-12-08 16:22:50,595 [grpc-default-executor-4] INFO  server.RaftServer$Division (RaftServerImpl.java:setRole(290)) - c1245a2b-ba94-48c8-ae92-16a28277bc37@group-5FD0A96E2203: changes role from  FOLLOWER to FOLLOWER at term 4 for candidate:59207186-1f34-4c82-b1d4-26fdc8060eb3
2021-12-08 16:22:50,595 [grpc-default-executor-4] INFO  impl.RoleInfo (RoleInfo.java:shutdownFollowerState(108)) - c1245a2b-ba94-48c8-ae92-16a28277bc37: shutdown c1245a2b-ba94-48c8-ae92-16a28277bc37@group-5FD0A96E2203-FollowerState
2021-12-08 16:22:50,611 [grpc-default-executor-3] INFO  server.RaftServer$Division (RaftServerImpl.java:requestVote(1078)) - a1f7f396-dae1-42dc-8cf6-28579b0999f9@group-5FD0A96E2203 replies to ELECTION vote request: 59207186-1f34-4c82-b1d4-26fdc8060eb3<-a1f7f396-dae1-42dc-8cf6-28579b0999f9#0:OK-t4. Peer's state: a1f7f396-dae1-42dc-8cf6-28579b0999f9@group-5FD0A96E2203:t4, leader=null, voted=59207186-1f34-4c82-b1d4-26fdc8060eb3, raftlog=a1f7f396-dae1-42dc-8cf6-28579b0999f9@group-5FD0A96E2203-SegmentedRaftLog:OPENED:c-1, conf=-1: [a1f7f396-dae1-42dc-8cf6-28579b0999f9|rpc:10.1.0.47:35955|priority:0, 59207186-1f34-4c82-b1d4-26fdc8060eb3|rpc:10.1.0.47:34387|priority:1, c1245a2b-ba94-48c8-ae92-16a28277bc37|rpc:10.1.0.47:36095|priority:0], old=null
2021-12-08 16:22:50,611 [c1245a2b-ba94-48c8-ae92-16a28277bc37@group-5FD0A96E2203-FollowerState] INFO  impl.FollowerState (FollowerState.java:run(127)) - c1245a2b-ba94-48c8-ae92-16a28277bc37@group-5FD0A96E2203-FollowerState: Stopping now (isRunning? false, isFollower? true)
2021-12-08 16:22:50,611 [grpc-default-executor-4] INFO  impl.RoleInfo (RoleInfo.java:updateAndGet(130)) - c1245a2b-ba94-48c8-ae92-16a28277bc37: start c1245a2b-ba94-48c8-ae92-16a28277bc37@group-5FD0A96E2203-FollowerState
2021-12-08 16:22:50,611 [a1f7f396-dae1-42dc-8cf6-28579b0999f9@group-5FD0A96E2203-LeaderElection80] INFO  impl.LeaderElection (LeaderElection.java:run(230)) - a1f7f396-dae1-42dc-8cf6-28579b0999f9@group-5FD0A96E2203-LeaderElection80: skip running since this is already CLOSING
2021-12-08 16:22:50,620 [59207186-1f34-4c82-b1d4-26fdc8060eb3@group-5FD0A96E2203-LeaderElection79] INFO  impl.LeaderElection (LeaderElection.java:logAndReturn(89)) - 59207186-1f34-4c82-b1d4-26fdc8060eb3@group-5FD0A96E2203-LeaderElection79: ELECTION PASSED received 1 response(s) and 0 exception(s):
2021-12-08 16:22:50,620 [59207186-1f34-4c82-b1d4-26fdc8060eb3@group-5FD0A96E2203-LeaderElection79] INFO  impl.LeaderElection (LeaderElection.java:logAndReturn(93)) -   Response 0: 59207186-1f34-4c82-b1d4-26fdc8060eb3<-a1f7f396-dae1-42dc-8cf6-28579b0999f9#0:OK-t4
2021-12-08 16:22:50,620 [59207186-1f34-4c82-b1d4-26fdc8060eb3@group-5FD0A96E2203-LeaderElection79] INFO  impl.LeaderElection (LeaderElection.java:askForVotes(308)) - 59207186-1f34-4c82-b1d4-26fdc8060eb3@group-5FD0A96E2203-LeaderElection79 ELECTION round 0: result PASSED
2021-12-08 16:22:50,620 [59207186-1f34-4c82-b1d4-26fdc8060eb3@group-5FD0A96E2203-LeaderElection79] INFO  impl.RoleInfo (RoleInfo.java:shutdownLeaderElection(121)) - 59207186-1f34-4c82-b1d4-26fdc8060eb3: shutdown 59207186-1f34-4c82-b1d4-26fdc8060eb3@group-5FD0A96E2203-LeaderElection79
2021-12-08 16:22:50,620 [59207186-1f34-4c82-b1d4-26fdc8060eb3@group-5FD0A96E2203-LeaderElection79] INFO  server.RaftServer$Division (RaftServerImpl.java:setRole(290)) - 59207186-1f34-4c82-b1d4-26fdc8060eb3@group-5FD0A96E2203: changes role from CANDIDATE to LEADER at term 4 for changeToLeader
2021-12-08 16:22:50,620 [59207186-1f34-4c82-b1d4-26fdc8060eb3@group-5FD0A96E2203-LeaderElection79] INFO  ratis.XceiverServerRatis (XceiverServerRatis.java:handleLeaderChangedNotification(866)) - Leader change notification received for group: group-5FD0A96E2203 with new leaderId: 59207186-1f34-4c82-b1d4-26fdc8060eb3
2021-12-08 16:22:50,620 [59207186-1f34-4c82-b1d4-26fdc8060eb3@group-5FD0A96E2203-LeaderElection79] INFO  server.RaftServer$Division (ServerState.java:setLeader(285)) - 59207186-1f34-4c82-b1d4-26fdc8060eb3@group-5FD0A96E2203: change Leader from null to 59207186-1f34-4c82-b1d4-26fdc8060eb3 at term 4 for becomeLeader, leader elected after 20836ms
2021-12-08 16:22:50,620 [59207186-1f34-4c82-b1d4-26fdc8060eb3@group-5FD0A96E2203-LeaderElection79] INFO  server.RaftServerConfigKeys (ConfUtils.java:logGet(44)) - raft.server.staging.catchup.gap = 1000 (default)
2021-12-08 16:22:50,620 [59207186-1f34-4c82-b1d4-26fdc8060eb3@group-5FD0A96E2203-LeaderElection79] INFO  server.RaftServerConfigKeys (ConfUtils.java:logGet(44)) - raft.server.write.element-limit = 1024 (custom)
2021-12-08 16:22:50,620 [59207186-1f34-4c82-b1d4-26fdc8060eb3@group-5FD0A96E2203-LeaderElection79] INFO  server.RaftServerConfigKeys (ConfUtils.java:logGet(44)) - raft.server.write.byte-limit = 1024 M (=1073741824) (custom)
2021-12-08 16:22:50,621 [59207186-1f34-4c82-b1d4-26fdc8060eb3@group-5FD0A96E2203-LeaderElection79] INFO  server.RaftServerConfigKeys (ConfUtils.java:logGet(44)) - raft.server.watch.timeout = 180s (custom)
2021-12-08 16:22:50,621 [59207186-1f34-4c82-b1d4-26fdc8060eb3@group-5FD0A96E2203-LeaderElection79] INFO  server.RaftServerConfigKeys (ConfUtils.java:logGet(44)) - raft.server.watch.timeout.denomination = 1s (default)
2021-12-08 16:22:50,621 [59207186-1f34-4c82-b1d4-26fdc8060eb3@group-5FD0A96E2203-LeaderElection79] INFO  server.RaftServerConfigKeys (ConfUtils.java:logGet(44)) - raft.server.watch.element-limit = 65536 (default)
2021-12-08 16:22:50,621 [59207186-1f34-4c82-b1d4-26fdc8060eb3@group-5FD0A96E2203-LeaderElection79] INFO  server.RaftServerConfigKeys (ConfUtils.java:logGet(44)) - raft.server.write.element-limit = 1024 (custom)
2021-12-08 16:22:50,621 [59207186-1f34-4c82-b1d4-26fdc8060eb3@group-5FD0A96E2203-LeaderElection79] INFO  server.RaftServerConfigKeys (ConfUtils.java:logGet(44)) - raft.server.write.follower.gap.ratio.max = -1.0 (default)
2021-12-08 16:22:50,621 [59207186-1f34-4c82-b1d4-26fdc8060eb3@group-5FD0A96E2203-LeaderElection79] INFO  server.RaftServerConfigKeys (ConfUtils.java:logGet(44)) - raft.server.log.appender.snapshot.chunk.size.max = 16MB (=16777216) (default)
2021-12-08 16:22:50,621 [59207186-1f34-4c82-b1d4-26fdc8060eb3@group-5FD0A96E2203-LeaderElection79] INFO  server.RaftServerConfigKeys (ConfUtils.java:logGet(44)) - raft.server.log.appender.buffer.byte-limit = 33554432 (custom)
2021-12-08 16:22:50,621 [59207186-1f34-4c82-b1d4-26fdc8060eb3@group-5FD0A96E2203-LeaderElection79] INFO  server.RaftServerConfigKeys (ConfUtils.java:logGet(44)) - raft.server.log.appender.buffer.element-limit = 1 (custom)
2021-12-08 16:22:50,621 [59207186-1f34-4c82-b1d4-26fdc8060eb3@group-5FD0A96E2203-LeaderElection79] INFO  grpc.GrpcConfigKeys (ConfUtils.java:logGet(44)) - raft.grpc.server.leader.outstanding.appends.max = 128 (default)
2021-12-08 16:22:50,621 [59207186-1f34-4c82-b1d4-26fdc8060eb3@group-5FD0A96E2203-LeaderElection79] INFO  server.RaftServerConfigKeys (ConfUtils.java:logGet(44)) - raft.server.rpc.request.timeout = 60s (custom)
2021-12-08 16:22:50,621 [59207186-1f34-4c82-b1d4-26fdc8060eb3@group-5FD0A96E2203-LeaderElection79] INFO  server.RaftServerConfigKeys (ConfUtils.java:logGet(44)) - raft.server.log.appender.install.snapshot.enabled = false (custom)
2021-12-08 16:22:50,622 [59207186-1f34-4c82-b1d4-26fdc8060eb3@group-5FD0A96E2203-LeaderElection79] INFO  server.RaftServerConfigKeys (ConfUtils.java:logGet(44)) - raft.server.log.appender.snapshot.chunk.size.max = 16MB (=16777216) (default)
2021-12-08 16:22:50,622 [59207186-1f34-4c82-b1d4-26fdc8060eb3@group-5FD0A96E2203-LeaderElection79] INFO  server.RaftServerConfigKeys (ConfUtils.java:logGet(44)) - raft.server.log.appender.buffer.byte-limit = 33554432 (custom)
2021-12-08 16:22:50,622 [59207186-1f34-4c82-b1d4-26fdc8060eb3@group-5FD0A96E2203-LeaderElection79] INFO  server.RaftServerConfigKeys (ConfUtils.java:logGet(44)) - raft.server.log.appender.buffer.element-limit = 1 (custom)
2021-12-08 16:22:50,622 [59207186-1f34-4c82-b1d4-26fdc8060eb3@group-5FD0A96E2203-LeaderElection79] INFO  grpc.GrpcConfigKeys (ConfUtils.java:logGet(44)) - raft.grpc.server.leader.outstanding.appends.max = 128 (default)
2021-12-08 16:22:50,622 [59207186-1f34-4c82-b1d4-26fdc8060eb3@group-5FD0A96E2203-LeaderElection79] INFO  server.RaftServerConfigKeys (ConfUtils.java:logGet(44)) - raft.server.rpc.request.timeout = 60s (custom)
2021-12-08 16:22:50,622 [59207186-1f34-4c82-b1d4-26fdc8060eb3@group-5FD0A96E2203-LeaderElection79] INFO  server.RaftServerConfigKeys (ConfUtils.java:logGet(44)) - raft.server.log.appender.install.snapshot.enabled = false (custom)
2021-12-08 16:22:50,623 [59207186-1f34-4c82-b1d4-26fdc8060eb3@group-5FD0A96E2203-LeaderElection79] INFO  impl.RoleInfo (RoleInfo.java:updateAndGet(130)) - 59207186-1f34-4c82-b1d4-26fdc8060eb3: start 59207186-1f34-4c82-b1d4-26fdc8060eb3@group-5FD0A96E2203-LeaderStateImpl
2021-12-08 16:22:50,624 [EventQueue-OpenPipelineForHealthyPipelineSafeModeRule] INFO  safemode.SCMSafeModeManager (HealthyPipelineSafeModeRule.java:process(124)) - SCM in safe mode. Healthy pipelines reported count is 0, required healthy pipeline reported count is 1
2021-12-08 16:22:50,623 [EventQueue-PipelineReportForPipelineReportHandler] INFO  pipeline.PipelineManagerImpl (PipelineManagerImpl.java:openPipeline(291)) - Pipeline Pipeline[ Id: 8a2e2327-78e5-4245-9c6f-5fd0a96e2203, Nodes: 59207186-1f34-4c82-b1d4-26fdc8060eb3{ip: 10.1.0.47, host: fv-az59-681.csjynl4pkq3e1pkirw3ssqjfoh.cx.internal.cloudapp.net, ports: [REPLICATION=35009, RATIS=34387, RATIS_ADMIN=34387, RATIS_SERVER=34387, STANDALONE=44613], networkLocation: /default-rack, certSerialId: null, persistedOpState: IN_SERVICE, persistedOpStateExpiryEpochSec: 0}a1f7f396-dae1-42dc-8cf6-28579b0999f9{ip: 10.1.0.47, host: fv-az59-681.csjynl4pkq3e1pkirw3ssqjfoh.cx.internal.cloudapp.net, ports: [REPLICATION=38319, RATIS=35955, RATIS_ADMIN=35955, RATIS_SERVER=35955, STANDALONE=35485], networkLocation: /default-rack, certSerialId: null, persistedOpState: IN_SERVICE, persistedOpStateExpiryEpochSec: 0}c1245a2b-ba94-48c8-ae92-16a28277bc37{ip: 10.1.0.47, host: fv-az59-681.csjynl4pkq3e1pkirw3ssqjfoh.cx.internal.cloudapp.net, ports: [REPLICATION=41987, RATIS=36095, RATIS_ADMIN=36095, RATIS_SERVER=36095, STANDALONE=37277], networkLocation: /default-rack, certSerialId: null, persistedOpState: IN_SERVICE, persistedOpStateExpiryEpochSec: 0}, ReplicationConfig: RATIS/THREE, State:ALLOCATED, leaderId:59207186-1f34-4c82-b1d4-26fdc8060eb3, CreationTimestamp2021-12-08T16:22:27.425Z[Etc/UTC]] moved to OPEN state
2021-12-08 16:22:50,624 [59207186-1f34-4c82-b1d4-26fdc8060eb3@group-5FD0A96E2203-LeaderElection79] INFO  segmented.SegmentedRaftLogWorker (SegmentedRaftLogWorker.java:startLogSegment(394)) - 59207186-1f34-4c82-b1d4-26fdc8060eb3@group-5FD0A96E2203-SegmentedRaftLogWorker: Starting segment from index:0
2021-12-08 16:22:50,624 [EventQueue-OpenPipelineForHealthyPipelineSafeModeRule] INFO  safemode.SCMSafeModeManager (HealthyPipelineSafeModeRule.java:process(124)) - SCM in safe mode. Healthy pipelines reported count is 1, required healthy pipeline reported count is 1
2021-12-08 16:22:50,624 [EventQueue-OpenPipelineForHealthyPipelineSafeModeRule] INFO  safemode.SCMSafeModeManager (SCMSafeModeManager.java:validateSafeModeExitRules(204)) - HealthyPipelineSafeModeRule rule is successfully validated
2021-12-08 16:22:50,624 [EventQueue-OpenPipelineForHealthyPipelineSafeModeRule] INFO  safemode.SCMSafeModeManager (SCMSafeModeManager.java:validateSafeModeExitRules(219)) - ScmSafeModeManager, all rules are successfully validated
2021-12-08 16:22:50,624 [EventQueue-OpenPipelineForHealthyPipelineSafeModeRule] INFO  safemode.SCMSafeModeManager (SCMSafeModeManager.java:exitSafeMode(248)) - SCM exiting safe mode.
2021-12-08 16:22:50,624 [EventQueue-OpenPipelineForHealthyPipelineSafeModeRule] WARN  events.EventQueue (EventQueue.java:fireEvent(194)) - No event handler registered for event TypedEvent{payloadType=SafeModeStatus, name='Safe mode status'}
2021-12-08 16:22:50,624 [EventQueue-OpenPipelineForHealthyPipelineSafeModeRule] INFO  ha.SCMContext (SCMContext.java:updateSafeModeStatus(211)) - Update SafeModeStatus from SafeModeStatus{safeModeStatus=true, preCheckPassed=true} to SafeModeStatus{safeModeStatus=false, preCheckPassed=true}.
2021-12-08 16:22:50,624 [EventQueue-OpenPipelineForHealthyPipelineSafeModeRule] INFO  pipeline.BackgroundPipelineCreator (BackgroundPipelineCreator.java:notifyStatusChanged(264)) - Service BackgroundPipelineCreator transitions to RUNNING.
2021-12-08 16:22:50,624 [EventQueue-OpenPipelineForHealthyPipelineSafeModeRule] INFO  container.ReplicationManager (ReplicationManager.java:notifyStatusChanged(1758)) - Service ReplicationManager transitions to RUNNING.
2021-12-08 16:22:50,625 [59207186-1f34-4c82-b1d4-26fdc8060eb3@group-5FD0A96E2203-SegmentedRaftLogWorker] INFO  segmented.SegmentedRaftLogWorker (SegmentedRaftLogWorker.java:execute(601)) - 59207186-1f34-4c82-b1d4-26fdc8060eb3@group-5FD0A96E2203-SegmentedRaftLogWorker: created new log segment /home/runner/work/ozone/ozone/hadoop-ozone/integration-test/target/test-dir/MiniOzoneClusterImpl-8a14d41c-4846-44e3-adb6-ff9e2c85b320/datanode-2/data/ratis/8a2e2327-78e5-4245-9c6f-5fd0a96e2203/current/log_inprogress_0
2021-12-08 16:22:50,639 [grpc-default-executor-4] INFO  server.RaftServer$Division (RaftServerImpl.java:requestVote(1078)) - c1245a2b-ba94-48c8-ae92-16a28277bc37@group-5FD0A96E2203 replies to ELECTION vote request: 59207186-1f34-4c82-b1d4-26fdc8060eb3<-c1245a2b-ba94-48c8-ae92-16a28277bc37#0:OK-t4. Peer's state: c1245a2b-ba94-48c8-ae92-16a28277bc37@group-5FD0A96E2203:t4, leader=null, voted=59207186-1f34-4c82-b1d4-26fdc8060eb3, raftlog=c1245a2b-ba94-48c8-ae92-16a28277bc37@group-5FD0A96E2203-SegmentedRaftLog:OPENED:c-1, conf=-1: [a1f7f396-dae1-42dc-8cf6-28579b0999f9|rpc:10.1.0.47:35955|priority:0, 59207186-1f34-4c82-b1d4-26fdc8060eb3|rpc:10.1.0.47:34387|priority:1, c1245a2b-ba94-48c8-ae92-16a28277bc37|rpc:10.1.0.47:36095|priority:0], old=null
2021-12-08 16:22:50,639 [grpc-default-executor-1] INFO  ratis.XceiverServerRatis (XceiverServerRatis.java:handleLeaderChangedNotification(866)) - Leader change notification received for group: group-5FD0A96E2203 with new leaderId: 59207186-1f34-4c82-b1d4-26fdc8060eb3
2021-12-08 16:22:50,639 [grpc-default-executor-1] INFO  server.RaftServer$Division (ServerState.java:setLeader(285)) - c1245a2b-ba94-48c8-ae92-16a28277bc37@group-5FD0A96E2203: change Leader from null to 59207186-1f34-4c82-b1d4-26fdc8060eb3 at term 4 for appendEntries, leader elected after 20748ms
2021-12-08 16:22:50,667 [grpc-default-executor-4] INFO  ratis.XceiverServerRatis (XceiverServerRatis.java:handleLeaderChangedNotification(866)) - Leader change notification received for group: group-5FD0A96E2203 with new leaderId: 59207186-1f34-4c82-b1d4-26fdc8060eb3
2021-12-08 16:22:50,667 [grpc-default-executor-4] INFO  server.RaftServer$Division (ServerState.java:setLeader(285)) - a1f7f396-dae1-42dc-8cf6-28579b0999f9@group-5FD0A96E2203: change Leader from null to 59207186-1f34-4c82-b1d4-26fdc8060eb3 at term 4 for appendEntries, leader elected after 20954ms
2021-12-08 16:22:50,683 [59207186-1f34-4c82-b1d4-26fdc8060eb3@group-5FD0A96E2203-LeaderElection79] INFO  server.RaftServer$Division (ServerState.java:setRaftConf(387)) - 59207186-1f34-4c82-b1d4-26fdc8060eb3@group-5FD0A96E2203: set configuration 0: [a1f7f396-dae1-42dc-8cf6-28579b0999f9|rpc:10.1.0.47:35955|dataStream:|priority:0, 59207186-1f34-4c82-b1d4-26fdc8060eb3|rpc:10.1.0.47:34387|dataStream:|priority:1, c1245a2b-ba94-48c8-ae92-16a28277bc37|rpc:10.1.0.47:36095|dataStream:|priority:0], old=null
2021-12-08 16:22:50,683 [grpc-default-executor-1] INFO  server.RaftServer$Division (ServerState.java:setRaftConf(387)) - c1245a2b-ba94-48c8-ae92-16a28277bc37@group-5FD0A96E2203: set configuration 0: [a1f7f396-dae1-42dc-8cf6-28579b0999f9|rpc:10.1.0.47:35955|dataStream:|priority:0, 59207186-1f34-4c82-b1d4-26fdc8060eb3|rpc:10.1.0.47:34387|dataStream:|priority:1, c1245a2b-ba94-48c8-ae92-16a28277bc37|rpc:10.1.0.47:36095|dataStream:|priority:0], old=null
2021-12-08 16:22:50,683 [grpc-default-executor-1] INFO  segmented.SegmentedRaftLogWorker (SegmentedRaftLogWorker.java:startLogSegment(394)) - c1245a2b-ba94-48c8-ae92-16a28277bc37@group-5FD0A96E2203-SegmentedRaftLogWorker: Starting segment from index:0
2021-12-08 16:22:50,685 [c1245a2b-ba94-48c8-ae92-16a28277bc37@group-5FD0A96E2203-SegmentedRaftLogWorker] INFO  segmented.SegmentedRaftLogWorker (SegmentedRaftLogWorker.java:execute(601)) - c1245a2b-ba94-48c8-ae92-16a28277bc37@group-5FD0A96E2203-SegmentedRaftLogWorker: created new log segment /home/runner/work/ozone/ozone/hadoop-ozone/integration-test/target/test-dir/MiniOzoneClusterImpl-8a14d41c-4846-44e3-adb6-ff9e2c85b320/datanode-1/data/ratis/8a2e2327-78e5-4245-9c6f-5fd0a96e2203/current/log_inprogress_0
2021-12-08 16:22:50,703 [Listener at 127.0.0.1/38865] INFO  ozone.MiniOzoneClusterImpl (MiniOzoneClusterImpl.java:lambda$waitForClusterToBeReady$0(235)) - Nodes are ready. Got 3 of 3 DN Heartbeats.
2021-12-08 16:22:50,703 [Listener at 127.0.0.1/38865] INFO  ozone.MiniOzoneClusterImpl (MiniOzoneClusterImpl.java:lambda$waitForClusterToBeReady$0(238)) - Cluster exits safe mode
2021-12-08 16:22:50,703 [Listener at 127.0.0.1/38865] INFO  ozone.MiniOzoneClusterImpl (MiniOzoneClusterImpl.java:lambda$waitForClusterToBeReady$0(240)) - SCM became leader
2021-12-08 16:22:50,751 [grpc-default-executor-1] INFO  server.RaftServer$Division (ServerState.java:setRaftConf(387)) - a1f7f396-dae1-42dc-8cf6-28579b0999f9@group-5FD0A96E2203: set configuration 0: [a1f7f396-dae1-42dc-8cf6-28579b0999f9|rpc:10.1.0.47:35955|dataStream:|priority:0, 59207186-1f34-4c82-b1d4-26fdc8060eb3|rpc:10.1.0.47:34387|dataStream:|priority:1, c1245a2b-ba94-48c8-ae92-16a28277bc37|rpc:10.1.0.47:36095|dataStream:|priority:0], old=null
2021-12-08 16:22:50,751 [grpc-default-executor-1] INFO  segmented.SegmentedRaftLogWorker (SegmentedRaftLogWorker.java:startLogSegment(394)) - a1f7f396-dae1-42dc-8cf6-28579b0999f9@group-5FD0A96E2203-SegmentedRaftLogWorker: Starting segment from index:0
2021-12-08 16:22:50,773 [a1f7f396-dae1-42dc-8cf6-28579b0999f9@group-5FD0A96E2203-SegmentedRaftLogWorker] INFO  segmented.SegmentedRaftLogWorker (SegmentedRaftLogWorker.java:execute(601)) - a1f7f396-dae1-42dc-8cf6-28579b0999f9@group-5FD0A96E2203-SegmentedRaftLogWorker: created new log segment /home/runner/work/ozone/ozone/hadoop-ozone/integration-test/target/test-dir/MiniOzoneClusterImpl-8a14d41c-4846-44e3-adb6-ff9e2c85b320/datanode-0/data/ratis/8a2e2327-78e5-4245-9c6f-5fd0a96e2203/current/log_inprogress_0
2021-12-08 16:22:50,803 [Listener at 127.0.0.1/38865] INFO  rpc.RpcClient (RpcClient.java:createVolume(389)) - Creating Volume: volume09575, with user18620 as owner and space quota set to -1 bytes, counts quota set to -1
2021-12-08 16:22:50,835 [IPC Server handler 3 on default port 38865] INFO  volume.OMVolumeCreateRequest (OMVolumeCreateRequest.java:validateAndUpdateCache(195)) - created volume:volume09575 for user:user18620
2021-12-08 16:22:50,864 [Listener at 127.0.0.1/38865] INFO  rpc.RpcClient (RpcClient.java:createBucket(552)) - Creating Bucket: volume09575/bucket45772, with runner as owner and Versioning false and Storage Type set to DISK and Encryption set to false 
]]></system-out>
    <system-err><![CDATA[Exception in thread "Trash Emptier" java.lang.UnsupportedOperationException: fs.getUri() not implemented in TrashOzoneFileSystem
	at org.apache.hadoop.ozone.om.TrashOzoneFileSystem.getUri(TrashOzoneFileSystem.java:124)
	at org.apache.hadoop.fs.FileSystem.close(FileSystem.java:2592)
	at org.apache.hadoop.ozone.om.TrashPolicyOzone$Emptier.run(TrashPolicyOzone.java:243)
	at java.lang.Thread.run(Thread.java:748)
]]></system-err>
  </testcase>
  <testcase name="testRenameFile[4]" classname="org.apache.hadoop.fs.ozone.TestRootedOzoneFileSystem" time="0.239"/>
  <testcase name="testListStatusRootAndVolumeRecursive[4]" classname="org.apache.hadoop.fs.ozone.TestRootedOzoneFileSystem" time="0.823"/>
  <testcase name="testTempMount[4]" classname="org.apache.hadoop.fs.ozone.TestRootedOzoneFileSystem" time="0.226"/>
  <testcase name="testListStatusRootAndVolumeNonRecursive[4]" classname="org.apache.hadoop.fs.ozone.TestRootedOzoneFileSystem" time="0.533"/>
  <testcase name="testDeleteVolumeAndBucket[4]" classname="org.apache.hadoop.fs.ozone.TestRootedOzoneFileSystem" time="0.053"/>
  <testcase name="testRenameDirToItsOwnSubDir[4]" classname="org.apache.hadoop.fs.ozone.TestRootedOzoneFileSystem" time="0.035"/>
  <testcase name="testOzoneFsServiceLoader[4]" classname="org.apache.hadoop.fs.ozone.TestRootedOzoneFileSystem" time="0.078"/>
  <testcase name="testTrash[4]" classname="org.apache.hadoop.fs.ozone.TestRootedOzoneFileSystem" time="0">
    <skipped/>
  </testcase>
  <testcase name="testRenameDestinationParentDoesntExist[4]" classname="org.apache.hadoop.fs.ozone.TestRootedOzoneFileSystem" time="0.054"/>
  <testcase name="testGetFileStatusRoot[4]" classname="org.apache.hadoop.fs.ozone.TestRootedOzoneFileSystem" time="0.024"/>
  <testcase name="testCreateWithInvalidPaths[4]" classname="org.apache.hadoop.fs.ozone.TestRootedOzoneFileSystem" time="0.004"/>
  <testcase name="testDeleteEmptyVolume[4]" classname="org.apache.hadoop.fs.ozone.TestRootedOzoneFileSystem" time="0.014"/>
  <testcase name="testListStatusRootAndVolumeContinuation[4]" classname="org.apache.hadoop.fs.ozone.TestRootedOzoneFileSystem" time="3.693"/>
  <testcase name="testDeleteVolumeBucketAndKey[4]" classname="org.apache.hadoop.fs.ozone.TestRootedOzoneFileSystem" time="0.093"/>
  <testcase name="testRenameToParentDir[4]" classname="org.apache.hadoop.fs.ozone.TestRootedOzoneFileSystem" time="0.073"/>
  <testcase name="testMkdirNonExistentVolumeBucket[4]" classname="org.apache.hadoop.fs.ozone.TestRootedOzoneFileSystem" time="0.031"/>
  <testcase name="testFailToDeleteRoot[4]" classname="org.apache.hadoop.fs.ozone.TestRootedOzoneFileSystem" time="0.005"/>
  <testcase name="testListStatusOnSubDirs[4]" classname="org.apache.hadoop.fs.ozone.TestRootedOzoneFileSystem" time="0.055"/>
  <testcase name="testListStatus[4]" classname="org.apache.hadoop.fs.ozone.TestRootedOzoneFileSystem" time="0.116"/>
  <testcase name="testGetTrashRoots[4]" classname="org.apache.hadoop.fs.ozone.TestRootedOzoneFileSystem" time="0.752"/>
  <testcase name="testCreateDoesNotAddParentDirKeys[4]" classname="org.apache.hadoop.fs.ozone.TestRootedOzoneFileSystem" time="0.179"/>
  <testcase name="testMkdirNonExistentVolume[4]" classname="org.apache.hadoop.fs.ozone.TestRootedOzoneFileSystem" time="0.049"/>
  <testcase name="testDeleteCreatesFakeParentDir[4]" classname="org.apache.hadoop.fs.ozone.TestRootedOzoneFileSystem" time="0.146"/>
  <testcase name="testNonExplicitlyCreatedPathExistsAfterItsLeafsWereRemoved[4]" classname="org.apache.hadoop.fs.ozone.TestRootedOzoneFileSystem" time="0.086"/>
  <testcase name="testFileDelete[4]" classname="org.apache.hadoop.fs.ozone.TestRootedOzoneFileSystem" time="0.126"/>
  <testcase name="testRenameToTrashEnabled[4]" classname="org.apache.hadoop.fs.ozone.TestRootedOzoneFileSystem" time="0.307"/>
  <testcase name="testMkdirOnNonExistentVolumeBucketDir[4]" classname="org.apache.hadoop.fs.ozone.TestRootedOzoneFileSystem" time="0.055"/>
  <testcase name="testListStatusOnLargeDirectory[4]" classname="org.apache.hadoop.fs.ozone.TestRootedOzoneFileSystem" time="12.32"/>
  <testcase name="testRenameToDifferentBucket[4]" classname="org.apache.hadoop.fs.ozone.TestRootedOzoneFileSystem" time="0.038"/>
  <testcase name="testListStatusInBucket[4]" classname="org.apache.hadoop.fs.ozone.TestRootedOzoneFileSystem" time="0.039"/>
  <testcase name="testRenameFileToDir[4]" classname="org.apache.hadoop.fs.ozone.TestRootedOzoneFileSystem" time="0.135"/>
</testsuite>