<?xml version="1.0" encoding="UTF-8"?>
<testsuite xmlns:xsi="http://www.w3.org/2001/XMLSchema-instance" xsi:noNamespaceSchemaLocation="https://maven.apache.org/surefire/maven-surefire-plugin/xsd/surefire-test-report.xsd" name="org.apache.hadoop.ozone.client.rpc.TestReadRetries" time="54.685" tests="1" errors="0" skipped="0" failures="1">
  <properties>
    <property name="awt.toolkit" value="sun.awt.X11.XToolkit"/>
    <property name="file.encoding.pkg" value="sun.io"/>
    <property name="java.specification.version" value="1.8"/>
    <property name="sun.cpu.isalist" value=""/>
    <property name="sun.jnu.encoding" value="ANSI_X3.4-1968"/>
    <property name="java.class.path" value="/github/workspace/mnt/ozone/hadoop-ozone/integration-test/target/test-classes:/github/workspace/mnt/ozone/hadoop-ozone/integration-test/target/classes:/home/user/.m2/repository/org/apache/hadoop/hadoop-ozone-common/0.6.0-SNAPSHOT/hadoop-ozone-common-0.6.0-SNAPSHOT.jar:/home/user/.m2/repository/org/apache/commons/commons-compress/1.4.1/commons-compress-1.4.1.jar:/home/user/.m2/repository/org/tukaani/xz/1.0/xz-1.0.jar:/home/user/.m2/repository/org/apache/hadoop/hadoop-hdds-common/0.6.0-SNAPSHOT/hadoop-hdds-common-0.6.0-SNAPSHOT.jar:/home/user/.m2/repository/info/picocli/picocli/3.9.6/picocli-3.9.6.jar:/home/user/.m2/repository/com/fasterxml/jackson/core/jackson-annotations/2.10.3/jackson-annotations-2.10.3.jar:/home/user/.m2/repository/javax/annotation/javax.annotation-api/1.2/javax.annotation-api-1.2.jar:/home/user/.m2/repository/org/apache/ratis/ratis-server/0.6.0-cac3336-SNAPSHOT/ratis-server-0.6.0-cac3336-SNAPSHOT.jar:/home/user/.m2/repository/org/apache/ratis/ratis-thirdparty-misc/0.4.0/ratis-thirdparty-misc-0.4.0.jar:/home/user/.m2/repository/org/apache/ratis/ratis-client/0.6.0-cac3336-SNAPSHOT/ratis-client-0.6.0-cac3336-SNAPSHOT.jar:/home/user/.m2/repository/org/apache/ratis/ratis-metrics/0.6.0-cac3336-SNAPSHOT/ratis-metrics-0.6.0-cac3336-SNAPSHOT.jar:/home/user/.m2/repository/org/apache/ratis/ratis-netty/0.6.0-cac3336-SNAPSHOT/ratis-netty-0.6.0-cac3336-SNAPSHOT.jar:/home/user/.m2/repository/org/apache/ratis/ratis-grpc/0.6.0-cac3336-SNAPSHOT/ratis-grpc-0.6.0-cac3336-SNAPSHOT.jar:/home/user/.m2/repository/org/apache/logging/log4j/log4j-api/2.11.0/log4j-api-2.11.0.jar:/home/user/.m2/repository/org/apache/logging/log4j/log4j-core/2.11.0/log4j-core-2.11.0.jar:/home/user/.m2/repository/com/lmax/disruptor/3.4.2/disruptor-3.4.2.jar:/home/user/.m2/repository/org/apache/commons/commons-pool2/2.6.0/commons-pool2-2.6.0.jar:/home/user/.m2/repository/org/bouncycastle/bcpkix-jdk15on/1.60/bcpkix-jdk15on-1.60.jar:/home/user/.m2/repository/commons-validator/commons-validator/1.6/commons-validator-1.6.jar:/home/user/.m2/repository/commons-digester/commons-digester/1.8.1/commons-digester-1.8.1.jar:/home/user/.m2/repository/io/jaegertracing/jaeger-client/1.2.0/jaeger-client-1.2.0.jar:/home/user/.m2/repository/io/jaegertracing/jaeger-thrift/1.2.0/jaeger-thrift-1.2.0.jar:/home/user/.m2/repository/org/apache/thrift/libthrift/0.13.0/libthrift-0.13.0.jar:/home/user/.m2/repository/com/squareup/okhttp3/okhttp/4.2.2/okhttp-4.2.2.jar:/home/user/.m2/repository/com/squareup/okio/okio/2.2.2/okio-2.2.2.jar:/home/user/.m2/repository/org/jetbrains/kotlin/kotlin-stdlib/1.3.50/kotlin-stdlib-1.3.50.jar:/home/user/.m2/repository/org/jetbrains/kotlin/kotlin-stdlib-common/1.3.50/kotlin-stdlib-common-1.3.50.jar:/home/user/.m2/repository/org/jetbrains/annotations/13.0/annotations-13.0.jar:/home/user/.m2/repository/io/jaegertracing/jaeger-core/1.2.0/jaeger-core-1.2.0.jar:/home/user/.m2/repository/io/jaegertracing/jaeger-tracerresolver/1.2.0/jaeger-tracerresolver-1.2.0.jar:/home/user/.m2/repository/io/opentracing/contrib/opentracing-tracerresolver/0.1.8/opentracing-tracerresolver-0.1.8.jar:/home/user/.m2/repository/io/opentracing/opentracing-util/0.33.0/opentracing-util-0.33.0.jar:/home/user/.m2/repository/io/opentracing/opentracing-api/0.33.0/opentracing-api-0.33.0.jar:/home/user/.m2/repository/io/opentracing/opentracing-noop/0.33.0/opentracing-noop-0.33.0.jar:/home/user/.m2/repository/org/apache/hadoop/hadoop-hdds-client/0.6.0-SNAPSHOT/hadoop-hdds-client-0.6.0-SNAPSHOT.jar:/home/user/.m2/repository/org/apache/hadoop/hadoop-hdds-test-utils/0.6.0-SNAPSHOT/hadoop-hdds-test-utils-0.6.0-SNAPSHOT.jar:/home/user/.m2/repository/com/google/guava/guava/28.2-jre/guava-28.2-jre.jar:/home/user/.m2/repository/com/google/guava/failureaccess/1.0.1/failureaccess-1.0.1.jar:/home/user/.m2/repository/com/google/guava/listenablefuture/9999.0-empty-to-avoid-conflict-with-guava/listenablefuture-9999.0-empty-to-avoid-conflict-with-guava.jar:/home/user/.m2/repository/com/google/code/findbugs/jsr305/3.0.0/jsr305-3.0.0.jar:/home/user/.m2/repository/org/checkerframework/checker-qual/2.10.0/checker-qual-2.10.0.jar:/home/user/.m2/repository/com/google/errorprone/error_prone_annotations/2.2.0/error_prone_annotations-2.2.0.jar:/home/user/.m2/repository/com/google/j2objc/j2objc-annotations/1.3/j2objc-annotations-1.3.jar:/home/user/.m2/repository/commons-io/commons-io/2.5/commons-io-2.5.jar:/home/user/.m2/repository/commons-logging/commons-logging/1.2/commons-logging-1.2.jar:/home/user/.m2/repository/log4j/log4j/1.2.17/log4j-1.2.17.jar:/home/user/.m2/repository/org/slf4j/slf4j-api/1.7.25/slf4j-api-1.7.25.jar:/home/user/.m2/repository/org/apache/hadoop/hadoop-hdds-server-scm/0.6.0-SNAPSHOT/hadoop-hdds-server-scm-0.6.0-SNAPSHOT.jar:/home/user/.m2/repository/org/apache/hadoop/hadoop-hdds-container-service/0.6.0-SNAPSHOT/hadoop-hdds-container-service-0.6.0-SNAPSHOT.jar:/home/user/.m2/repository/org/apache/hadoop/hadoop-hdds-hadoop-dependency-server/0.6.0-SNAPSHOT/hadoop-hdds-hadoop-dependency-server-0.6.0-SNAPSHOT.jar:/home/user/.m2/repository/org/apache/hadoop/hadoop-hdds-server-framework/0.6.0-SNAPSHOT/hadoop-hdds-server-framework-0.6.0-SNAPSHOT.jar:/home/user/.m2/repository/org/rocksdb/rocksdbjni/6.6.4/rocksdbjni-6.6.4.jar:/home/user/.m2/repository/io/prometheus/simpleclient_dropwizard/0.7.0/simpleclient_dropwizard-0.7.0.jar:/home/user/.m2/repository/io/prometheus/simpleclient/0.7.0/simpleclient-0.7.0.jar:/home/user/.m2/repository/io/prometheus/simpleclient_common/0.7.0/simpleclient_common-0.7.0.jar:/home/user/.m2/repository/com/fasterxml/jackson/datatype/jackson-datatype-jsr310/2.10.3/jackson-datatype-jsr310-2.10.3.jar:/home/user/.m2/repository/org/apache/hadoop/hadoop-hdds-docs/0.6.0-SNAPSHOT/hadoop-hdds-docs-0.6.0-SNAPSHOT.jar:/home/user/.m2/repository/io/dropwizard/metrics/metrics-core/3.2.4/metrics-core-3.2.4.jar:/home/user/.m2/repository/org/apache/hadoop/hadoop-hdfs-client/3.2.0/hadoop-hdfs-client-3.2.0.jar:/home/user/.m2/repository/org/bouncycastle/bcprov-jdk15on/1.60/bcprov-jdk15on-1.60.jar:/home/user/.m2/repository/org/apache/hadoop/hadoop-ozone-ozone-manager/0.6.0-SNAPSHOT/hadoop-ozone-ozone-manager-0.6.0-SNAPSHOT.jar:/home/user/.m2/repository/org/apache/hadoop/hadoop-minikdc/3.2.0/hadoop-minikdc-3.2.0.jar:/home/user/.m2/repository/org/apache/kerby/kerb-simplekdc/1.0.1/kerb-simplekdc-1.0.1.jar:/home/user/.m2/repository/org/apache/kerby/kerb-client/1.0.1/kerb-client-1.0.1.jar:/home/user/.m2/repository/org/apache/kerby/kerby-config/1.0.1/kerby-config-1.0.1.jar:/home/user/.m2/repository/org/apache/kerby/kerb-core/1.0.1/kerb-core-1.0.1.jar:/home/user/.m2/repository/org/apache/kerby/kerby-pkix/1.0.1/kerby-pkix-1.0.1.jar:/home/user/.m2/repository/org/apache/kerby/kerby-asn1/1.0.1/kerby-asn1-1.0.1.jar:/home/user/.m2/repository/org/apache/kerby/kerby-util/1.0.1/kerby-util-1.0.1.jar:/home/user/.m2/repository/org/apache/kerby/kerb-common/1.0.1/kerb-common-1.0.1.jar:/home/user/.m2/repository/org/apache/kerby/kerb-crypto/1.0.1/kerb-crypto-1.0.1.jar:/home/user/.m2/repository/org/apache/kerby/kerb-util/1.0.1/kerb-util-1.0.1.jar:/home/user/.m2/repository/org/apache/kerby/token-provider/1.0.1/token-provider-1.0.1.jar:/home/user/.m2/repository/org/apache/kerby/kerb-admin/1.0.1/kerb-admin-1.0.1.jar:/home/user/.m2/repository/org/apache/kerby/kerb-server/1.0.1/kerb-server-1.0.1.jar:/home/user/.m2/repository/org/apache/kerby/kerb-identity/1.0.1/kerb-identity-1.0.1.jar:/home/user/.m2/repository/org/apache/kerby/kerby-xdr/1.0.1/kerby-xdr-1.0.1.jar:/home/user/.m2/repository/org/slf4j/slf4j-log4j12/1.7.25/slf4j-log4j12-1.7.25.jar:/home/user/.m2/repository/org/apache/hadoop/hadoop-ozone-s3gateway/0.6.0-SNAPSHOT/hadoop-ozone-s3gateway-0.6.0-SNAPSHOT.jar:/home/user/.m2/repository/org/jboss/weld/servlet/weld-servlet/2.4.7.Final/weld-servlet-2.4.7.Final.jar:/home/user/.m2/repository/org/glassfish/jersey/containers/jersey-container-servlet-core/2.27/jersey-container-servlet-core-2.27.jar:/home/user/.m2/repository/org/glassfish/hk2/external/javax.inject/2.5.0-b42/javax.inject-2.5.0-b42.jar:/home/user/.m2/repository/org/glassfish/jersey/core/jersey-common/2.27/jersey-common-2.27.jar:/home/user/.m2/repository/org/glassfish/hk2/osgi-resource-locator/1.0.1/osgi-resource-locator-1.0.1.jar:/home/user/.m2/repository/javax/ws/rs/javax.ws.rs-api/2.1/javax.ws.rs-api-2.1.jar:/home/user/.m2/repository/org/glassfish/jersey/ext/cdi/jersey-cdi1x/2.27/jersey-cdi1x-2.27.jar:/home/user/.m2/repository/org/glassfish/jersey/inject/jersey-hk2/2.27/jersey-hk2-2.27.jar:/home/user/.m2/repository/org/glassfish/hk2/hk2-locator/2.5.0-b42/hk2-locator-2.5.0-b42.jar:/home/user/.m2/repository/org/javassist/javassist/3.22.0-CR2/javassist-3.22.0-CR2.jar:/home/user/.m2/repository/org/glassfish/hk2/hk2-api/2.5.0/hk2-api-2.5.0.jar:/home/user/.m2/repository/org/glassfish/hk2/external/jakarta.inject/2.5.0/jakarta.inject-2.5.0.jar:/home/user/.m2/repository/org/glassfish/hk2/hk2-utils/2.5.0/hk2-utils-2.5.0.jar:/home/user/.m2/repository/jakarta/annotation/jakarta.annotation-api/1.3.4/jakarta.annotation-api-1.3.4.jar:/home/user/.m2/repository/org/glassfish/hk2/external/aopalliance-repackaged/2.5.0/aopalliance-repackaged-2.5.0.jar:/home/user/.m2/repository/com/fasterxml/jackson/dataformat/jackson-dataformat-xml/2.10.3/jackson-dataformat-xml-2.10.3.jar:/home/user/.m2/repository/com/fasterxml/jackson/core/jackson-core/2.10.3/jackson-core-2.10.3.jar:/home/user/.m2/repository/com/fasterxml/jackson/module/jackson-module-jaxb-annotations/2.10.3/jackson-module-jaxb-annotations-2.10.3.jar:/home/user/.m2/repository/jakarta/xml/bind/jakarta.xml.bind-api/2.3.2/jakarta.xml.bind-api-2.3.2.jar:/home/user/.m2/repository/jakarta/activation/jakarta.activation-api/1.2.1/jakarta.activation-api-1.2.1.jar:/home/user/.m2/repository/org/codehaus/woodstox/stax2-api/3.1.4/stax2-api-3.1.4.jar:/home/user/.m2/repository/com/fasterxml/woodstox/woodstox-core/5.0.3/woodstox-core-5.0.3.jar:/home/user/.m2/repository/javax/enterprise/cdi-api/1.2/cdi-api-1.2.jar:/home/user/.m2/repository/javax/el/javax.el-api/3.0.0/javax.el-api-3.0.0.jar:/home/user/.m2/repository/javax/interceptor/javax.interceptor-api/1.2/javax.interceptor-api-1.2.jar:/home/user/.m2/repository/javax/inject/javax.inject/1/javax.inject-1.jar:/home/user/.m2/repository/com/sun/xml/bind/jaxb-impl/2.3.0.1/jaxb-impl-2.3.0.1.jar:/home/user/.m2/repository/com/sun/xml/bind/jaxb-core/2.3.0.1/jaxb-core-2.3.0.1.jar:/home/user/.m2/repository/javax/xml/bind/jaxb-api/2.3.0/jaxb-api-2.3.0.jar:/home/user/.m2/repository/javax/activation/activation/1.1.1/activation-1.1.1.jar:/home/user/.m2/repository/org/apache/hadoop/hadoop-ozone-csi/0.6.0-SNAPSHOT/hadoop-ozone-csi-0.6.0-SNAPSHOT.jar:/home/user/.m2/repository/com/google/protobuf/protobuf-java-util/3.11.0/protobuf-java-util-3.11.0.jar:/home/user/.m2/repository/com/google/code/gson/gson/2.2.4/gson-2.2.4.jar:/home/user/.m2/repository/org/apache/hadoop/hadoop-hdds-config/0.6.0-SNAPSHOT/hadoop-hdds-config-0.6.0-SNAPSHOT.jar:/home/user/.m2/repository/com/google/protobuf/protobuf-java/2.5.0/protobuf-java-2.5.0.jar:/home/user/.m2/repository/io/grpc/grpc-netty/1.28.1/grpc-netty-1.28.1.jar:/home/user/.m2/repository/io/grpc/grpc-core/1.28.1/grpc-core-1.28.1.jar:/home/user/.m2/repository/com/google/android/annotations/4.1.1.4/annotations-4.1.1.4.jar:/home/user/.m2/repository/io/perfmark/perfmark-api/0.19.0/perfmark-api-0.19.0.jar:/home/user/.m2/repository/io/netty/netty-codec-http2/4.1.45.Final/netty-codec-http2-4.1.45.Final.jar:/home/user/.m2/repository/io/netty/netty-codec/4.1.45.Final/netty-codec-4.1.45.Final.jar:/home/user/.m2/repository/io/netty/netty-handler/4.1.45.Final/netty-handler-4.1.45.Final.jar:/home/user/.m2/repository/io/netty/netty-codec-http/4.1.45.Final/netty-codec-http-4.1.45.Final.jar:/home/user/.m2/repository/io/netty/netty-handler-proxy/4.1.45.Final/netty-handler-proxy-4.1.45.Final.jar:/home/user/.m2/repository/io/netty/netty-codec-socks/4.1.45.Final/netty-codec-socks-4.1.45.Final.jar:/home/user/.m2/repository/io/netty/netty-transport-native-epoll/4.1.48.Final/netty-transport-native-epoll-4.1.48.Final.jar:/home/user/.m2/repository/io/netty/netty-common/4.1.48.Final/netty-common-4.1.48.Final.jar:/home/user/.m2/repository/io/netty/netty-buffer/4.1.48.Final/netty-buffer-4.1.48.Final.jar:/home/user/.m2/repository/io/netty/netty-transport/4.1.48.Final/netty-transport-4.1.48.Final.jar:/home/user/.m2/repository/io/netty/netty-resolver/4.1.48.Final/netty-resolver-4.1.48.Final.jar:/home/user/.m2/repository/io/netty/netty-transport-native-unix-common/4.1.48.Final/netty-transport-native-unix-common-4.1.48.Final.jar:/home/user/.m2/repository/io/grpc/grpc-protobuf/1.28.1/grpc-protobuf-1.28.1.jar:/home/user/.m2/repository/io/grpc/grpc-api/1.28.1/grpc-api-1.28.1.jar:/home/user/.m2/repository/io/grpc/grpc-context/1.28.1/grpc-context-1.28.1.jar:/home/user/.m2/repository/org/codehaus/mojo/animal-sniffer-annotations/1.18/animal-sniffer-annotations-1.18.jar:/home/user/.m2/repository/com/google/api/grpc/proto-google-common-protos/1.17.0/proto-google-common-protos-1.17.0.jar:/home/user/.m2/repository/io/grpc/grpc-protobuf-lite/1.28.1/grpc-protobuf-lite-1.28.1.jar:/home/user/.m2/repository/io/grpc/grpc-stub/1.28.1/grpc-stub-1.28.1.jar:/home/user/.m2/repository/org/apache/hadoop/hadoop-ozone-recon/0.6.0-SNAPSHOT/hadoop-ozone-recon-0.6.0-SNAPSHOT.jar:/home/user/.m2/repository/org/apache/hadoop/hadoop-ozone-reconcodegen/0.6.0-SNAPSHOT/hadoop-ozone-reconcodegen-0.6.0-SNAPSHOT.jar:/home/user/.m2/repository/com/google/inject/extensions/guice-multibindings/4.0/guice-multibindings-4.0.jar:/home/user/.m2/repository/com/google/inject/guice/4.0/guice-4.0.jar:/home/user/.m2/repository/aopalliance/aopalliance/1.0/aopalliance-1.0.jar:/home/user/.m2/repository/com/google/inject/extensions/guice-assistedinject/4.0/guice-assistedinject-4.0.jar:/home/user/.m2/repository/com/google/inject/extensions/guice-servlet/4.0/guice-servlet-4.0.jar:/home/user/.m2/repository/org/glassfish/jersey/containers/jersey-container-servlet/2.27/jersey-container-servlet-2.27.jar:/home/user/.m2/repository/org/glassfish/hk2/guice-bridge/2.5.0/guice-bridge-2.5.0.jar:/home/user/.m2/repository/org/glassfish/jersey/core/jersey-server/2.27/jersey-server-2.27.jar:/home/user/.m2/repository/org/glassfish/jersey/core/jersey-client/2.27/jersey-client-2.27.jar:/home/user/.m2/repository/org/glassfish/jersey/media/jersey-media-jaxb/2.27/jersey-media-jaxb-2.27.jar:/home/user/.m2/repository/javax/validation/validation-api/1.1.0.Final/validation-api-1.1.0.Final.jar:/home/user/.m2/repository/org/glassfish/jersey/media/jersey-media-json-jackson/2.27/jersey-media-json-jackson-2.27.jar:/home/user/.m2/repository/org/glassfish/jersey/ext/jersey-entity-filtering/2.27/jersey-entity-filtering-2.27.jar:/home/user/.m2/repository/org/jooq/jooq/3.11.10/jooq-3.11.10.jar:/home/user/.m2/repository/org/jooq/jooq-meta/3.11.10/jooq-meta-3.11.10.jar:/home/user/.m2/repository/org/jooq/jooq-codegen/3.11.10/jooq-codegen-3.11.10.jar:/home/user/.m2/repository/com/jolbox/bonecp/0.8.0.RELEASE/bonecp-0.8.0.RELEASE.jar:/home/user/.m2/repository/org/apache/derby/derby/10.14.2.0/derby-10.14.2.0.jar:/home/user/.m2/repository/org/xerial/sqlite-jdbc/3.25.2/sqlite-jdbc-3.25.2.jar:/home/user/.m2/repository/org/springframework/spring-jdbc/5.2.5.RELEASE/spring-jdbc-5.2.5.RELEASE.jar:/home/user/.m2/repository/org/springframework/spring-beans/5.2.5.RELEASE/spring-beans-5.2.5.RELEASE.jar:/home/user/.m2/repository/org/springframework/spring-core/5.2.5.RELEASE/spring-core-5.2.5.RELEASE.jar:/home/user/.m2/repository/org/springframework/spring-jcl/5.2.5.RELEASE/spring-jcl-5.2.5.RELEASE.jar:/home/user/.m2/repository/org/springframework/spring-tx/5.2.5.RELEASE/spring-tx-5.2.5.RELEASE.jar:/home/user/.m2/repository/org/apache/hadoop/hadoop-ozone-client/0.6.0-SNAPSHOT/hadoop-ozone-client-0.6.0-SNAPSHOT.jar:/home/user/.m2/repository/org/apache/hadoop/hadoop-ozone-filesystem/0.6.0-SNAPSHOT/hadoop-ozone-filesystem-0.6.0-SNAPSHOT.jar:/home/user/.m2/repository/org/apache/hadoop/hadoop-hdds-hadoop-dependency-client/0.6.0-SNAPSHOT/hadoop-hdds-hadoop-dependency-client-0.6.0-SNAPSHOT.jar:/home/user/.m2/repository/org/apache/hadoop/hadoop-ozone-tools/0.6.0-SNAPSHOT/hadoop-ozone-tools-0.6.0-SNAPSHOT.jar:/home/user/.m2/repository/org/apache/hadoop/hadoop-hdfs/3.2.0/hadoop-hdfs-3.2.0.jar:/home/user/.m2/repository/org/apache/ratis/ratis-tools/0.6.0-cac3336-SNAPSHOT/ratis-tools-0.6.0-cac3336-SNAPSHOT.jar:/home/user/.m2/repository/org/apache/ratis/ratis-proto/0.6.0-cac3336-SNAPSHOT/ratis-proto-0.6.0-cac3336-SNAPSHOT.jar:/home/user/.m2/repository/org/apache/ratis/ratis-common/0.6.0-cac3336-SNAPSHOT/ratis-common-0.6.0-cac3336-SNAPSHOT.jar:/home/user/.m2/repository/com/amazonaws/aws-java-sdk-core/1.11.615/aws-java-sdk-core-1.11.615.jar:/home/user/.m2/repository/org/apache/httpcomponents/httpclient/4.5.2/httpclient-4.5.2.jar:/home/user/.m2/repository/org/apache/httpcomponents/httpcore/4.4.4/httpcore-4.4.4.jar:/home/user/.m2/repository/software/amazon/ion/ion-java/1.0.2/ion-java-1.0.2.jar:/home/user/.m2/repository/com/fasterxml/jackson/dataformat/jackson-dataformat-cbor/2.10.3/jackson-dataformat-cbor-2.10.3.jar:/home/user/.m2/repository/joda-time/joda-time/2.9.9/joda-time-2.9.9.jar:/home/user/.m2/repository/com/amazonaws/aws-java-sdk-s3/1.11.615/aws-java-sdk-s3-1.11.615.jar:/home/user/.m2/repository/com/amazonaws/aws-java-sdk-kms/1.11.615/aws-java-sdk-kms-1.11.615.jar:/home/user/.m2/repository/com/amazonaws/jmespath-java/1.11.615/jmespath-java-1.11.615.jar:/home/user/.m2/repository/org/apache/hadoop/hadoop-hdds-tools/0.6.0-SNAPSHOT/hadoop-hdds-tools-0.6.0-SNAPSHOT.jar:/home/user/.m2/repository/commons-cli/commons-cli/1.2/commons-cli-1.2.jar:/home/user/.m2/repository/org/apache/commons/commons-lang3/3.7/commons-lang3-3.7.jar:/home/user/.m2/repository/org/apache/hadoop/hadoop-ozone-ozone-manager/0.6.0-SNAPSHOT/hadoop-ozone-ozone-manager-0.6.0-SNAPSHOT-tests.jar:/home/user/.m2/repository/junit/junit/4.11/junit-4.11.jar:/home/user/.m2/repository/org/hamcrest/hamcrest-core/1.3/hamcrest-core-1.3.jar:/home/user/.m2/repository/org/openjdk/jmh/jmh-core/1.19/jmh-core-1.19.jar:/home/user/.m2/repository/net/sf/jopt-simple/jopt-simple/4.6/jopt-simple-4.6.jar:/home/user/.m2/repository/org/apache/commons/commons-math3/3.1.1/commons-math3-3.1.1.jar:/home/user/.m2/repository/org/openjdk/jmh/jmh-generator-annprocess/1.19/jmh-generator-annprocess-1.19.jar:/home/user/.m2/repository/org/mockito/mockito-all/1.8.5/mockito-all-1.8.5.jar:/home/user/.m2/repository/org/apache/hadoop/hadoop-kms/3.2.0/hadoop-kms-3.2.0.jar:/home/user/.m2/repository/org/apache/hadoop/hadoop-auth/3.2.0/hadoop-auth-3.2.0.jar:/home/user/.m2/repository/com/nimbusds/nimbus-jose-jwt/7.9/nimbus-jose-jwt-7.9.jar:/home/user/.m2/repository/com/github/stephenc/jcip/jcip-annotations/1.0-1/jcip-annotations-1.0-1.jar:/home/user/.m2/repository/net/minidev/json-smart/2.3/json-smart-2.3.jar:/home/user/.m2/repository/net/minidev/accessors-smart/1.2/accessors-smart-1.2.jar:/home/user/.m2/repository/org/ow2/asm/asm/5.0.4/asm-5.0.4.jar:/home/user/.m2/repository/org/apache/zookeeper/zookeeper/3.4.13/zookeeper-3.4.13.jar:/home/user/.m2/repository/org/apache/yetus/audience-annotations/0.5.0/audience-annotations-0.5.0.jar:/home/user/.m2/repository/org/apache/curator/curator-framework/2.12.0/curator-framework-2.12.0.jar:/home/user/.m2/repository/com/sun/jersey/jersey-core/1.19/jersey-core-1.19.jar:/home/user/.m2/repository/javax/ws/rs/jsr311-api/1.1.1/jsr311-api-1.1.1.jar:/home/user/.m2/repository/com/sun/jersey/jersey-server/1.19/jersey-server-1.19.jar:/home/user/.m2/repository/javax/servlet/javax.servlet-api/3.1.0/javax.servlet-api-3.1.0.jar:/home/user/.m2/repository/org/eclipse/jetty/jetty-server/9.4.26.v20200117/jetty-server-9.4.26.v20200117.jar:/home/user/.m2/repository/org/eclipse/jetty/jetty-http/9.4.26.v20200117/jetty-http-9.4.26.v20200117.jar:/home/user/.m2/repository/org/eclipse/jetty/jetty-io/9.4.26.v20200117/jetty-io-9.4.26.v20200117.jar:/home/user/.m2/repository/org/eclipse/jetty/jetty-webapp/9.4.26.v20200117/jetty-webapp-9.4.26.v20200117.jar:/home/user/.m2/repository/org/eclipse/jetty/jetty-xml/9.4.26.v20200117/jetty-xml-9.4.26.v20200117.jar:/home/user/.m2/repository/org/eclipse/jetty/jetty-servlet/9.4.26.v20200117/jetty-servlet-9.4.26.v20200117.jar:/home/user/.m2/repository/org/eclipse/jetty/jetty-security/9.4.26.v20200117/jetty-security-9.4.26.v20200117.jar:/home/user/.m2/repository/org/apache/hadoop/hadoop-common/3.2.0/hadoop-common-3.2.0.jar:/home/user/.m2/repository/commons-net/commons-net/3.6/commons-net-3.6.jar:/home/user/.m2/repository/commons-collections/commons-collections/3.2.2/commons-collections-3.2.2.jar:/home/user/.m2/repository/com/sun/jersey/jersey-servlet/1.19/jersey-servlet-1.19.jar:/home/user/.m2/repository/com/sun/jersey/jersey-json/1.19/jersey-json-1.19.jar:/home/user/.m2/repository/org/codehaus/jettison/jettison/1.1/jettison-1.1.jar:/home/user/.m2/repository/org/codehaus/jackson/jackson-jaxrs/1.9.2/jackson-jaxrs-1.9.2.jar:/home/user/.m2/repository/org/codehaus/jackson/jackson-xc/1.9.2/jackson-xc-1.9.2.jar:/home/user/.m2/repository/commons-beanutils/commons-beanutils/1.9.4/commons-beanutils-1.9.4.jar:/home/user/.m2/repository/org/apache/commons/commons-configuration2/2.1.1/commons-configuration2-2.1.1.jar:/home/user/.m2/repository/org/apache/commons/commons-text/1.4/commons-text-1.4.jar:/home/user/.m2/repository/com/google/re2j/re2j/1.1/re2j-1.1.jar:/home/user/.m2/repository/com/jcraft/jsch/0.1.54/jsch-0.1.54.jar:/home/user/.m2/repository/org/apache/curator/curator-client/2.12.0/curator-client-2.12.0.jar:/home/user/.m2/repository/org/apache/curator/curator-recipes/2.12.0/curator-recipes-2.12.0.jar:/home/user/.m2/repository/dnsjava/dnsjava/2.1.7/dnsjava-2.1.7.jar:/home/user/.m2/repository/org/slf4j/jul-to-slf4j/1.7.25/jul-to-slf4j-1.7.25.jar:/home/user/.m2/repository/org/eclipse/jetty/jetty-util/9.4.26.v20200117/jetty-util-9.4.26.v20200117.jar:/home/user/.m2/repository/com/fasterxml/jackson/core/jackson-databind/2.10.3/jackson-databind-2.10.3.jar:/home/user/.m2/repository/org/apache/hadoop/hadoop-kms/3.2.0/hadoop-kms-3.2.0-tests.jar:/home/user/.m2/repository/org/apache/hadoop/hadoop-hdds-server-scm/0.6.0-SNAPSHOT/hadoop-hdds-server-scm-0.6.0-SNAPSHOT-tests.jar:/home/user/.m2/repository/org/apache/hadoop/hadoop-hdds-container-service/0.6.0-SNAPSHOT/hadoop-hdds-container-service-0.6.0-SNAPSHOT-tests.jar:/home/user/.m2/repository/org/apache/hadoop/hadoop-hdds-common/0.6.0-SNAPSHOT/hadoop-hdds-common-0.6.0-SNAPSHOT-tests.jar:/home/user/.m2/repository/org/yaml/snakeyaml/1.16/snakeyaml-1.16.jar:/home/user/.m2/repository/org/apache/hadoop/hadoop-hdds-hadoop-dependency-test/0.6.0-SNAPSHOT/hadoop-hdds-hadoop-dependency-test-0.6.0-SNAPSHOT.jar:/home/user/.m2/repository/org/apache/hadoop/hadoop-common/3.2.0/hadoop-common-3.2.0-tests.jar:/home/user/.m2/repository/javax/servlet/jsp/jsp-api/2.1/jsp-api-2.1.jar:/home/user/.m2/repository/org/apache/hadoop/hadoop-hdfs/3.2.0/hadoop-hdfs-3.2.0-tests.jar:/home/user/.m2/repository/org/eclipse/jetty/jetty-util-ajax/9.4.26.v20200117/jetty-util-ajax-9.4.26.v20200117.jar:/home/user/.m2/repository/commons-codec/commons-codec/1.11/commons-codec-1.11.jar:/home/user/.m2/repository/commons-daemon/commons-daemon/1.0.13/commons-daemon-1.0.13.jar:/home/user/.m2/repository/io/netty/netty/3.10.5.Final/netty-3.10.5.Final.jar:/home/user/.m2/repository/io/netty/netty-all/4.1.48.Final/netty-all-4.1.48.Final.jar:/home/user/.m2/repository/org/apache/htrace/htrace-core4/4.1.0-incubating/htrace-core4-4.1.0-incubating.jar:/home/user/.m2/repository/org/fusesource/leveldbjni/leveldbjni-all/1.8/leveldbjni-all-1.8.jar:/home/user/.m2/repository/org/apache/hadoop/hadoop-distcp/3.2.0/hadoop-distcp-3.2.0.jar:/home/user/.m2/repository/org/apache/hadoop/hadoop-mapreduce-client-jobclient/3.2.0/hadoop-mapreduce-client-jobclient-3.2.0.jar:/home/user/.m2/repository/org/apache/hadoop/hadoop-mapreduce-client-common/3.2.0/hadoop-mapreduce-client-common-3.2.0.jar:/home/user/.m2/repository/org/apache/hadoop/hadoop-yarn-common/3.2.0/hadoop-yarn-common-3.2.0.jar:/home/user/.m2/repository/org/apache/hadoop/hadoop-yarn-api/3.2.0/hadoop-yarn-api-3.2.0.jar:/home/user/.m2/repository/com/sun/jersey/jersey-client/1.19/jersey-client-1.19.jar:/home/user/.m2/repository/com/sun/jersey/contribs/jersey-guice/1.19/jersey-guice-1.19.jar:/home/user/.m2/repository/com/fasterxml/jackson/jaxrs/jackson-jaxrs-json-provider/2.10.3/jackson-jaxrs-json-provider-2.10.3.jar:/home/user/.m2/repository/com/fasterxml/jackson/jaxrs/jackson-jaxrs-base/2.10.3/jackson-jaxrs-base-2.10.3.jar:/home/user/.m2/repository/org/apache/hadoop/hadoop-yarn-client/3.2.0/hadoop-yarn-client-3.2.0.jar:/home/user/.m2/repository/org/apache/hadoop/hadoop-mapreduce-client-core/3.2.0/hadoop-mapreduce-client-core-3.2.0.jar:/home/user/.m2/repository/org/apache/avro/avro/1.7.7/avro-1.7.7.jar:/home/user/.m2/repository/org/codehaus/jackson/jackson-core-asl/1.9.13/jackson-core-asl-1.9.13.jar:/home/user/.m2/repository/org/codehaus/jackson/jackson-mapper-asl/1.9.13/jackson-mapper-asl-1.9.13.jar:/home/user/.m2/repository/com/thoughtworks/paranamer/paranamer/2.3/paranamer-2.3.jar:/home/user/.m2/repository/org/xerial/snappy/snappy-java/1.0.5/snappy-java-1.0.5.jar:/home/user/.m2/repository/org/apache/hadoop/hadoop-annotations/3.2.0/hadoop-annotations-3.2.0.jar:/usr/lib/jvm/java-1.8.0-openjdk-1.8.0.232.b09-0.el7_7.x86_64/jre/../lib/tools.jar:/home/user/.m2/repository/org/apache/hadoop/hadoop-distcp/3.2.0/hadoop-distcp-3.2.0-tests.jar:"/>
    <property name="java.vm.vendor" value="Oracle Corporation"/>
    <property name="sun.arch.data.model" value="64"/>
    <property name="test.build.dir" value="/github/workspace/mnt/ozone/hadoop-ozone/integration-test/target/test-dir"/>
    <property name="test.cache.data" value=""/>
    <property name="java.vendor.url" value="http://java.oracle.com/"/>
    <property name="user.timezone" value=""/>
    <property name="java.vm.specification.version" value="1.8"/>
    <property name="os.name" value="Linux"/>
    <property name="test.build.data" value="/github/workspace/mnt/ozone/hadoop-ozone/integration-test/target/test-dir"/>
    <property name="user.country" value="US"/>
    <property name="sun.java.launcher" value="SUN_STANDARD"/>
    <property name="sun.boot.library.path" value="/usr/lib/jvm/java-1.8.0-openjdk-1.8.0.232.b09-0.el7_7.x86_64/jre/lib/amd64"/>
    <property name="sun.java.command" value="/github/workspace/mnt/ozone/hadoop-ozone/integration-test/target/surefire/surefirebooter8174618340543614525.jar /github/workspace/mnt/ozone/hadoop-ozone/integration-test/target/surefire 2020-05-13T00-09-11_419-jvmRun1 surefire2898492312022621302tmp surefire_221884220015510097715tmp"/>
    <property name="surefire.test.class.path" value="/github/workspace/mnt/ozone/hadoop-ozone/integration-test/target/test-classes:/github/workspace/mnt/ozone/hadoop-ozone/integration-test/target/classes:/home/user/.m2/repository/org/apache/hadoop/hadoop-ozone-common/0.6.0-SNAPSHOT/hadoop-ozone-common-0.6.0-SNAPSHOT.jar:/home/user/.m2/repository/org/apache/commons/commons-compress/1.4.1/commons-compress-1.4.1.jar:/home/user/.m2/repository/org/tukaani/xz/1.0/xz-1.0.jar:/home/user/.m2/repository/org/apache/hadoop/hadoop-hdds-common/0.6.0-SNAPSHOT/hadoop-hdds-common-0.6.0-SNAPSHOT.jar:/home/user/.m2/repository/info/picocli/picocli/3.9.6/picocli-3.9.6.jar:/home/user/.m2/repository/com/fasterxml/jackson/core/jackson-annotations/2.10.3/jackson-annotations-2.10.3.jar:/home/user/.m2/repository/javax/annotation/javax.annotation-api/1.2/javax.annotation-api-1.2.jar:/home/user/.m2/repository/org/apache/ratis/ratis-server/0.6.0-cac3336-SNAPSHOT/ratis-server-0.6.0-cac3336-SNAPSHOT.jar:/home/user/.m2/repository/org/apache/ratis/ratis-thirdparty-misc/0.4.0/ratis-thirdparty-misc-0.4.0.jar:/home/user/.m2/repository/org/apache/ratis/ratis-client/0.6.0-cac3336-SNAPSHOT/ratis-client-0.6.0-cac3336-SNAPSHOT.jar:/home/user/.m2/repository/org/apache/ratis/ratis-metrics/0.6.0-cac3336-SNAPSHOT/ratis-metrics-0.6.0-cac3336-SNAPSHOT.jar:/home/user/.m2/repository/org/apache/ratis/ratis-netty/0.6.0-cac3336-SNAPSHOT/ratis-netty-0.6.0-cac3336-SNAPSHOT.jar:/home/user/.m2/repository/org/apache/ratis/ratis-grpc/0.6.0-cac3336-SNAPSHOT/ratis-grpc-0.6.0-cac3336-SNAPSHOT.jar:/home/user/.m2/repository/org/apache/logging/log4j/log4j-api/2.11.0/log4j-api-2.11.0.jar:/home/user/.m2/repository/org/apache/logging/log4j/log4j-core/2.11.0/log4j-core-2.11.0.jar:/home/user/.m2/repository/com/lmax/disruptor/3.4.2/disruptor-3.4.2.jar:/home/user/.m2/repository/org/apache/commons/commons-pool2/2.6.0/commons-pool2-2.6.0.jar:/home/user/.m2/repository/org/bouncycastle/bcpkix-jdk15on/1.60/bcpkix-jdk15on-1.60.jar:/home/user/.m2/repository/commons-validator/commons-validator/1.6/commons-validator-1.6.jar:/home/user/.m2/repository/commons-digester/commons-digester/1.8.1/commons-digester-1.8.1.jar:/home/user/.m2/repository/io/jaegertracing/jaeger-client/1.2.0/jaeger-client-1.2.0.jar:/home/user/.m2/repository/io/jaegertracing/jaeger-thrift/1.2.0/jaeger-thrift-1.2.0.jar:/home/user/.m2/repository/org/apache/thrift/libthrift/0.13.0/libthrift-0.13.0.jar:/home/user/.m2/repository/com/squareup/okhttp3/okhttp/4.2.2/okhttp-4.2.2.jar:/home/user/.m2/repository/com/squareup/okio/okio/2.2.2/okio-2.2.2.jar:/home/user/.m2/repository/org/jetbrains/kotlin/kotlin-stdlib/1.3.50/kotlin-stdlib-1.3.50.jar:/home/user/.m2/repository/org/jetbrains/kotlin/kotlin-stdlib-common/1.3.50/kotlin-stdlib-common-1.3.50.jar:/home/user/.m2/repository/org/jetbrains/annotations/13.0/annotations-13.0.jar:/home/user/.m2/repository/io/jaegertracing/jaeger-core/1.2.0/jaeger-core-1.2.0.jar:/home/user/.m2/repository/io/jaegertracing/jaeger-tracerresolver/1.2.0/jaeger-tracerresolver-1.2.0.jar:/home/user/.m2/repository/io/opentracing/contrib/opentracing-tracerresolver/0.1.8/opentracing-tracerresolver-0.1.8.jar:/home/user/.m2/repository/io/opentracing/opentracing-util/0.33.0/opentracing-util-0.33.0.jar:/home/user/.m2/repository/io/opentracing/opentracing-api/0.33.0/opentracing-api-0.33.0.jar:/home/user/.m2/repository/io/opentracing/opentracing-noop/0.33.0/opentracing-noop-0.33.0.jar:/home/user/.m2/repository/org/apache/hadoop/hadoop-hdds-client/0.6.0-SNAPSHOT/hadoop-hdds-client-0.6.0-SNAPSHOT.jar:/home/user/.m2/repository/org/apache/hadoop/hadoop-hdds-test-utils/0.6.0-SNAPSHOT/hadoop-hdds-test-utils-0.6.0-SNAPSHOT.jar:/home/user/.m2/repository/com/google/guava/guava/28.2-jre/guava-28.2-jre.jar:/home/user/.m2/repository/com/google/guava/failureaccess/1.0.1/failureaccess-1.0.1.jar:/home/user/.m2/repository/com/google/guava/listenablefuture/9999.0-empty-to-avoid-conflict-with-guava/listenablefuture-9999.0-empty-to-avoid-conflict-with-guava.jar:/home/user/.m2/repository/com/google/code/findbugs/jsr305/3.0.0/jsr305-3.0.0.jar:/home/user/.m2/repository/org/checkerframework/checker-qual/2.10.0/checker-qual-2.10.0.jar:/home/user/.m2/repository/com/google/errorprone/error_prone_annotations/2.2.0/error_prone_annotations-2.2.0.jar:/home/user/.m2/repository/com/google/j2objc/j2objc-annotations/1.3/j2objc-annotations-1.3.jar:/home/user/.m2/repository/commons-io/commons-io/2.5/commons-io-2.5.jar:/home/user/.m2/repository/commons-logging/commons-logging/1.2/commons-logging-1.2.jar:/home/user/.m2/repository/log4j/log4j/1.2.17/log4j-1.2.17.jar:/home/user/.m2/repository/org/slf4j/slf4j-api/1.7.25/slf4j-api-1.7.25.jar:/home/user/.m2/repository/org/apache/hadoop/hadoop-hdds-server-scm/0.6.0-SNAPSHOT/hadoop-hdds-server-scm-0.6.0-SNAPSHOT.jar:/home/user/.m2/repository/org/apache/hadoop/hadoop-hdds-container-service/0.6.0-SNAPSHOT/hadoop-hdds-container-service-0.6.0-SNAPSHOT.jar:/home/user/.m2/repository/org/apache/hadoop/hadoop-hdds-hadoop-dependency-server/0.6.0-SNAPSHOT/hadoop-hdds-hadoop-dependency-server-0.6.0-SNAPSHOT.jar:/home/user/.m2/repository/org/apache/hadoop/hadoop-hdds-server-framework/0.6.0-SNAPSHOT/hadoop-hdds-server-framework-0.6.0-SNAPSHOT.jar:/home/user/.m2/repository/org/rocksdb/rocksdbjni/6.6.4/rocksdbjni-6.6.4.jar:/home/user/.m2/repository/io/prometheus/simpleclient_dropwizard/0.7.0/simpleclient_dropwizard-0.7.0.jar:/home/user/.m2/repository/io/prometheus/simpleclient/0.7.0/simpleclient-0.7.0.jar:/home/user/.m2/repository/io/prometheus/simpleclient_common/0.7.0/simpleclient_common-0.7.0.jar:/home/user/.m2/repository/com/fasterxml/jackson/datatype/jackson-datatype-jsr310/2.10.3/jackson-datatype-jsr310-2.10.3.jar:/home/user/.m2/repository/org/apache/hadoop/hadoop-hdds-docs/0.6.0-SNAPSHOT/hadoop-hdds-docs-0.6.0-SNAPSHOT.jar:/home/user/.m2/repository/io/dropwizard/metrics/metrics-core/3.2.4/metrics-core-3.2.4.jar:/home/user/.m2/repository/org/apache/hadoop/hadoop-hdfs-client/3.2.0/hadoop-hdfs-client-3.2.0.jar:/home/user/.m2/repository/org/bouncycastle/bcprov-jdk15on/1.60/bcprov-jdk15on-1.60.jar:/home/user/.m2/repository/org/apache/hadoop/hadoop-ozone-ozone-manager/0.6.0-SNAPSHOT/hadoop-ozone-ozone-manager-0.6.0-SNAPSHOT.jar:/home/user/.m2/repository/org/apache/hadoop/hadoop-minikdc/3.2.0/hadoop-minikdc-3.2.0.jar:/home/user/.m2/repository/org/apache/kerby/kerb-simplekdc/1.0.1/kerb-simplekdc-1.0.1.jar:/home/user/.m2/repository/org/apache/kerby/kerb-client/1.0.1/kerb-client-1.0.1.jar:/home/user/.m2/repository/org/apache/kerby/kerby-config/1.0.1/kerby-config-1.0.1.jar:/home/user/.m2/repository/org/apache/kerby/kerb-core/1.0.1/kerb-core-1.0.1.jar:/home/user/.m2/repository/org/apache/kerby/kerby-pkix/1.0.1/kerby-pkix-1.0.1.jar:/home/user/.m2/repository/org/apache/kerby/kerby-asn1/1.0.1/kerby-asn1-1.0.1.jar:/home/user/.m2/repository/org/apache/kerby/kerby-util/1.0.1/kerby-util-1.0.1.jar:/home/user/.m2/repository/org/apache/kerby/kerb-common/1.0.1/kerb-common-1.0.1.jar:/home/user/.m2/repository/org/apache/kerby/kerb-crypto/1.0.1/kerb-crypto-1.0.1.jar:/home/user/.m2/repository/org/apache/kerby/kerb-util/1.0.1/kerb-util-1.0.1.jar:/home/user/.m2/repository/org/apache/kerby/token-provider/1.0.1/token-provider-1.0.1.jar:/home/user/.m2/repository/org/apache/kerby/kerb-admin/1.0.1/kerb-admin-1.0.1.jar:/home/user/.m2/repository/org/apache/kerby/kerb-server/1.0.1/kerb-server-1.0.1.jar:/home/user/.m2/repository/org/apache/kerby/kerb-identity/1.0.1/kerb-identity-1.0.1.jar:/home/user/.m2/repository/org/apache/kerby/kerby-xdr/1.0.1/kerby-xdr-1.0.1.jar:/home/user/.m2/repository/org/slf4j/slf4j-log4j12/1.7.25/slf4j-log4j12-1.7.25.jar:/home/user/.m2/repository/org/apache/hadoop/hadoop-ozone-s3gateway/0.6.0-SNAPSHOT/hadoop-ozone-s3gateway-0.6.0-SNAPSHOT.jar:/home/user/.m2/repository/org/jboss/weld/servlet/weld-servlet/2.4.7.Final/weld-servlet-2.4.7.Final.jar:/home/user/.m2/repository/org/glassfish/jersey/containers/jersey-container-servlet-core/2.27/jersey-container-servlet-core-2.27.jar:/home/user/.m2/repository/org/glassfish/hk2/external/javax.inject/2.5.0-b42/javax.inject-2.5.0-b42.jar:/home/user/.m2/repository/org/glassfish/jersey/core/jersey-common/2.27/jersey-common-2.27.jar:/home/user/.m2/repository/org/glassfish/hk2/osgi-resource-locator/1.0.1/osgi-resource-locator-1.0.1.jar:/home/user/.m2/repository/javax/ws/rs/javax.ws.rs-api/2.1/javax.ws.rs-api-2.1.jar:/home/user/.m2/repository/org/glassfish/jersey/ext/cdi/jersey-cdi1x/2.27/jersey-cdi1x-2.27.jar:/home/user/.m2/repository/org/glassfish/jersey/inject/jersey-hk2/2.27/jersey-hk2-2.27.jar:/home/user/.m2/repository/org/glassfish/hk2/hk2-locator/2.5.0-b42/hk2-locator-2.5.0-b42.jar:/home/user/.m2/repository/org/javassist/javassist/3.22.0-CR2/javassist-3.22.0-CR2.jar:/home/user/.m2/repository/org/glassfish/hk2/hk2-api/2.5.0/hk2-api-2.5.0.jar:/home/user/.m2/repository/org/glassfish/hk2/external/jakarta.inject/2.5.0/jakarta.inject-2.5.0.jar:/home/user/.m2/repository/org/glassfish/hk2/hk2-utils/2.5.0/hk2-utils-2.5.0.jar:/home/user/.m2/repository/jakarta/annotation/jakarta.annotation-api/1.3.4/jakarta.annotation-api-1.3.4.jar:/home/user/.m2/repository/org/glassfish/hk2/external/aopalliance-repackaged/2.5.0/aopalliance-repackaged-2.5.0.jar:/home/user/.m2/repository/com/fasterxml/jackson/dataformat/jackson-dataformat-xml/2.10.3/jackson-dataformat-xml-2.10.3.jar:/home/user/.m2/repository/com/fasterxml/jackson/core/jackson-core/2.10.3/jackson-core-2.10.3.jar:/home/user/.m2/repository/com/fasterxml/jackson/module/jackson-module-jaxb-annotations/2.10.3/jackson-module-jaxb-annotations-2.10.3.jar:/home/user/.m2/repository/jakarta/xml/bind/jakarta.xml.bind-api/2.3.2/jakarta.xml.bind-api-2.3.2.jar:/home/user/.m2/repository/jakarta/activation/jakarta.activation-api/1.2.1/jakarta.activation-api-1.2.1.jar:/home/user/.m2/repository/org/codehaus/woodstox/stax2-api/3.1.4/stax2-api-3.1.4.jar:/home/user/.m2/repository/com/fasterxml/woodstox/woodstox-core/5.0.3/woodstox-core-5.0.3.jar:/home/user/.m2/repository/javax/enterprise/cdi-api/1.2/cdi-api-1.2.jar:/home/user/.m2/repository/javax/el/javax.el-api/3.0.0/javax.el-api-3.0.0.jar:/home/user/.m2/repository/javax/interceptor/javax.interceptor-api/1.2/javax.interceptor-api-1.2.jar:/home/user/.m2/repository/javax/inject/javax.inject/1/javax.inject-1.jar:/home/user/.m2/repository/com/sun/xml/bind/jaxb-impl/2.3.0.1/jaxb-impl-2.3.0.1.jar:/home/user/.m2/repository/com/sun/xml/bind/jaxb-core/2.3.0.1/jaxb-core-2.3.0.1.jar:/home/user/.m2/repository/javax/xml/bind/jaxb-api/2.3.0/jaxb-api-2.3.0.jar:/home/user/.m2/repository/javax/activation/activation/1.1.1/activation-1.1.1.jar:/home/user/.m2/repository/org/apache/hadoop/hadoop-ozone-csi/0.6.0-SNAPSHOT/hadoop-ozone-csi-0.6.0-SNAPSHOT.jar:/home/user/.m2/repository/com/google/protobuf/protobuf-java-util/3.11.0/protobuf-java-util-3.11.0.jar:/home/user/.m2/repository/com/google/code/gson/gson/2.2.4/gson-2.2.4.jar:/home/user/.m2/repository/org/apache/hadoop/hadoop-hdds-config/0.6.0-SNAPSHOT/hadoop-hdds-config-0.6.0-SNAPSHOT.jar:/home/user/.m2/repository/com/google/protobuf/protobuf-java/2.5.0/protobuf-java-2.5.0.jar:/home/user/.m2/repository/io/grpc/grpc-netty/1.28.1/grpc-netty-1.28.1.jar:/home/user/.m2/repository/io/grpc/grpc-core/1.28.1/grpc-core-1.28.1.jar:/home/user/.m2/repository/com/google/android/annotations/4.1.1.4/annotations-4.1.1.4.jar:/home/user/.m2/repository/io/perfmark/perfmark-api/0.19.0/perfmark-api-0.19.0.jar:/home/user/.m2/repository/io/netty/netty-codec-http2/4.1.45.Final/netty-codec-http2-4.1.45.Final.jar:/home/user/.m2/repository/io/netty/netty-codec/4.1.45.Final/netty-codec-4.1.45.Final.jar:/home/user/.m2/repository/io/netty/netty-handler/4.1.45.Final/netty-handler-4.1.45.Final.jar:/home/user/.m2/repository/io/netty/netty-codec-http/4.1.45.Final/netty-codec-http-4.1.45.Final.jar:/home/user/.m2/repository/io/netty/netty-handler-proxy/4.1.45.Final/netty-handler-proxy-4.1.45.Final.jar:/home/user/.m2/repository/io/netty/netty-codec-socks/4.1.45.Final/netty-codec-socks-4.1.45.Final.jar:/home/user/.m2/repository/io/netty/netty-transport-native-epoll/4.1.48.Final/netty-transport-native-epoll-4.1.48.Final.jar:/home/user/.m2/repository/io/netty/netty-common/4.1.48.Final/netty-common-4.1.48.Final.jar:/home/user/.m2/repository/io/netty/netty-buffer/4.1.48.Final/netty-buffer-4.1.48.Final.jar:/home/user/.m2/repository/io/netty/netty-transport/4.1.48.Final/netty-transport-4.1.48.Final.jar:/home/user/.m2/repository/io/netty/netty-resolver/4.1.48.Final/netty-resolver-4.1.48.Final.jar:/home/user/.m2/repository/io/netty/netty-transport-native-unix-common/4.1.48.Final/netty-transport-native-unix-common-4.1.48.Final.jar:/home/user/.m2/repository/io/grpc/grpc-protobuf/1.28.1/grpc-protobuf-1.28.1.jar:/home/user/.m2/repository/io/grpc/grpc-api/1.28.1/grpc-api-1.28.1.jar:/home/user/.m2/repository/io/grpc/grpc-context/1.28.1/grpc-context-1.28.1.jar:/home/user/.m2/repository/org/codehaus/mojo/animal-sniffer-annotations/1.18/animal-sniffer-annotations-1.18.jar:/home/user/.m2/repository/com/google/api/grpc/proto-google-common-protos/1.17.0/proto-google-common-protos-1.17.0.jar:/home/user/.m2/repository/io/grpc/grpc-protobuf-lite/1.28.1/grpc-protobuf-lite-1.28.1.jar:/home/user/.m2/repository/io/grpc/grpc-stub/1.28.1/grpc-stub-1.28.1.jar:/home/user/.m2/repository/org/apache/hadoop/hadoop-ozone-recon/0.6.0-SNAPSHOT/hadoop-ozone-recon-0.6.0-SNAPSHOT.jar:/home/user/.m2/repository/org/apache/hadoop/hadoop-ozone-reconcodegen/0.6.0-SNAPSHOT/hadoop-ozone-reconcodegen-0.6.0-SNAPSHOT.jar:/home/user/.m2/repository/com/google/inject/extensions/guice-multibindings/4.0/guice-multibindings-4.0.jar:/home/user/.m2/repository/com/google/inject/guice/4.0/guice-4.0.jar:/home/user/.m2/repository/aopalliance/aopalliance/1.0/aopalliance-1.0.jar:/home/user/.m2/repository/com/google/inject/extensions/guice-assistedinject/4.0/guice-assistedinject-4.0.jar:/home/user/.m2/repository/com/google/inject/extensions/guice-servlet/4.0/guice-servlet-4.0.jar:/home/user/.m2/repository/org/glassfish/jersey/containers/jersey-container-servlet/2.27/jersey-container-servlet-2.27.jar:/home/user/.m2/repository/org/glassfish/hk2/guice-bridge/2.5.0/guice-bridge-2.5.0.jar:/home/user/.m2/repository/org/glassfish/jersey/core/jersey-server/2.27/jersey-server-2.27.jar:/home/user/.m2/repository/org/glassfish/jersey/core/jersey-client/2.27/jersey-client-2.27.jar:/home/user/.m2/repository/org/glassfish/jersey/media/jersey-media-jaxb/2.27/jersey-media-jaxb-2.27.jar:/home/user/.m2/repository/javax/validation/validation-api/1.1.0.Final/validation-api-1.1.0.Final.jar:/home/user/.m2/repository/org/glassfish/jersey/media/jersey-media-json-jackson/2.27/jersey-media-json-jackson-2.27.jar:/home/user/.m2/repository/org/glassfish/jersey/ext/jersey-entity-filtering/2.27/jersey-entity-filtering-2.27.jar:/home/user/.m2/repository/org/jooq/jooq/3.11.10/jooq-3.11.10.jar:/home/user/.m2/repository/org/jooq/jooq-meta/3.11.10/jooq-meta-3.11.10.jar:/home/user/.m2/repository/org/jooq/jooq-codegen/3.11.10/jooq-codegen-3.11.10.jar:/home/user/.m2/repository/com/jolbox/bonecp/0.8.0.RELEASE/bonecp-0.8.0.RELEASE.jar:/home/user/.m2/repository/org/apache/derby/derby/10.14.2.0/derby-10.14.2.0.jar:/home/user/.m2/repository/org/xerial/sqlite-jdbc/3.25.2/sqlite-jdbc-3.25.2.jar:/home/user/.m2/repository/org/springframework/spring-jdbc/5.2.5.RELEASE/spring-jdbc-5.2.5.RELEASE.jar:/home/user/.m2/repository/org/springframework/spring-beans/5.2.5.RELEASE/spring-beans-5.2.5.RELEASE.jar:/home/user/.m2/repository/org/springframework/spring-core/5.2.5.RELEASE/spring-core-5.2.5.RELEASE.jar:/home/user/.m2/repository/org/springframework/spring-jcl/5.2.5.RELEASE/spring-jcl-5.2.5.RELEASE.jar:/home/user/.m2/repository/org/springframework/spring-tx/5.2.5.RELEASE/spring-tx-5.2.5.RELEASE.jar:/home/user/.m2/repository/org/apache/hadoop/hadoop-ozone-client/0.6.0-SNAPSHOT/hadoop-ozone-client-0.6.0-SNAPSHOT.jar:/home/user/.m2/repository/org/apache/hadoop/hadoop-ozone-filesystem/0.6.0-SNAPSHOT/hadoop-ozone-filesystem-0.6.0-SNAPSHOT.jar:/home/user/.m2/repository/org/apache/hadoop/hadoop-hdds-hadoop-dependency-client/0.6.0-SNAPSHOT/hadoop-hdds-hadoop-dependency-client-0.6.0-SNAPSHOT.jar:/home/user/.m2/repository/org/apache/hadoop/hadoop-ozone-tools/0.6.0-SNAPSHOT/hadoop-ozone-tools-0.6.0-SNAPSHOT.jar:/home/user/.m2/repository/org/apache/hadoop/hadoop-hdfs/3.2.0/hadoop-hdfs-3.2.0.jar:/home/user/.m2/repository/org/apache/ratis/ratis-tools/0.6.0-cac3336-SNAPSHOT/ratis-tools-0.6.0-cac3336-SNAPSHOT.jar:/home/user/.m2/repository/org/apache/ratis/ratis-proto/0.6.0-cac3336-SNAPSHOT/ratis-proto-0.6.0-cac3336-SNAPSHOT.jar:/home/user/.m2/repository/org/apache/ratis/ratis-common/0.6.0-cac3336-SNAPSHOT/ratis-common-0.6.0-cac3336-SNAPSHOT.jar:/home/user/.m2/repository/com/amazonaws/aws-java-sdk-core/1.11.615/aws-java-sdk-core-1.11.615.jar:/home/user/.m2/repository/org/apache/httpcomponents/httpclient/4.5.2/httpclient-4.5.2.jar:/home/user/.m2/repository/org/apache/httpcomponents/httpcore/4.4.4/httpcore-4.4.4.jar:/home/user/.m2/repository/software/amazon/ion/ion-java/1.0.2/ion-java-1.0.2.jar:/home/user/.m2/repository/com/fasterxml/jackson/dataformat/jackson-dataformat-cbor/2.10.3/jackson-dataformat-cbor-2.10.3.jar:/home/user/.m2/repository/joda-time/joda-time/2.9.9/joda-time-2.9.9.jar:/home/user/.m2/repository/com/amazonaws/aws-java-sdk-s3/1.11.615/aws-java-sdk-s3-1.11.615.jar:/home/user/.m2/repository/com/amazonaws/aws-java-sdk-kms/1.11.615/aws-java-sdk-kms-1.11.615.jar:/home/user/.m2/repository/com/amazonaws/jmespath-java/1.11.615/jmespath-java-1.11.615.jar:/home/user/.m2/repository/org/apache/hadoop/hadoop-hdds-tools/0.6.0-SNAPSHOT/hadoop-hdds-tools-0.6.0-SNAPSHOT.jar:/home/user/.m2/repository/commons-cli/commons-cli/1.2/commons-cli-1.2.jar:/home/user/.m2/repository/org/apache/commons/commons-lang3/3.7/commons-lang3-3.7.jar:/home/user/.m2/repository/org/apache/hadoop/hadoop-ozone-ozone-manager/0.6.0-SNAPSHOT/hadoop-ozone-ozone-manager-0.6.0-SNAPSHOT-tests.jar:/home/user/.m2/repository/junit/junit/4.11/junit-4.11.jar:/home/user/.m2/repository/org/hamcrest/hamcrest-core/1.3/hamcrest-core-1.3.jar:/home/user/.m2/repository/org/openjdk/jmh/jmh-core/1.19/jmh-core-1.19.jar:/home/user/.m2/repository/net/sf/jopt-simple/jopt-simple/4.6/jopt-simple-4.6.jar:/home/user/.m2/repository/org/apache/commons/commons-math3/3.1.1/commons-math3-3.1.1.jar:/home/user/.m2/repository/org/openjdk/jmh/jmh-generator-annprocess/1.19/jmh-generator-annprocess-1.19.jar:/home/user/.m2/repository/org/mockito/mockito-all/1.8.5/mockito-all-1.8.5.jar:/home/user/.m2/repository/org/apache/hadoop/hadoop-kms/3.2.0/hadoop-kms-3.2.0.jar:/home/user/.m2/repository/org/apache/hadoop/hadoop-auth/3.2.0/hadoop-auth-3.2.0.jar:/home/user/.m2/repository/com/nimbusds/nimbus-jose-jwt/7.9/nimbus-jose-jwt-7.9.jar:/home/user/.m2/repository/com/github/stephenc/jcip/jcip-annotations/1.0-1/jcip-annotations-1.0-1.jar:/home/user/.m2/repository/net/minidev/json-smart/2.3/json-smart-2.3.jar:/home/user/.m2/repository/net/minidev/accessors-smart/1.2/accessors-smart-1.2.jar:/home/user/.m2/repository/org/ow2/asm/asm/5.0.4/asm-5.0.4.jar:/home/user/.m2/repository/org/apache/zookeeper/zookeeper/3.4.13/zookeeper-3.4.13.jar:/home/user/.m2/repository/org/apache/yetus/audience-annotations/0.5.0/audience-annotations-0.5.0.jar:/home/user/.m2/repository/org/apache/curator/curator-framework/2.12.0/curator-framework-2.12.0.jar:/home/user/.m2/repository/com/sun/jersey/jersey-core/1.19/jersey-core-1.19.jar:/home/user/.m2/repository/javax/ws/rs/jsr311-api/1.1.1/jsr311-api-1.1.1.jar:/home/user/.m2/repository/com/sun/jersey/jersey-server/1.19/jersey-server-1.19.jar:/home/user/.m2/repository/javax/servlet/javax.servlet-api/3.1.0/javax.servlet-api-3.1.0.jar:/home/user/.m2/repository/org/eclipse/jetty/jetty-server/9.4.26.v20200117/jetty-server-9.4.26.v20200117.jar:/home/user/.m2/repository/org/eclipse/jetty/jetty-http/9.4.26.v20200117/jetty-http-9.4.26.v20200117.jar:/home/user/.m2/repository/org/eclipse/jetty/jetty-io/9.4.26.v20200117/jetty-io-9.4.26.v20200117.jar:/home/user/.m2/repository/org/eclipse/jetty/jetty-webapp/9.4.26.v20200117/jetty-webapp-9.4.26.v20200117.jar:/home/user/.m2/repository/org/eclipse/jetty/jetty-xml/9.4.26.v20200117/jetty-xml-9.4.26.v20200117.jar:/home/user/.m2/repository/org/eclipse/jetty/jetty-servlet/9.4.26.v20200117/jetty-servlet-9.4.26.v20200117.jar:/home/user/.m2/repository/org/eclipse/jetty/jetty-security/9.4.26.v20200117/jetty-security-9.4.26.v20200117.jar:/home/user/.m2/repository/org/apache/hadoop/hadoop-common/3.2.0/hadoop-common-3.2.0.jar:/home/user/.m2/repository/commons-net/commons-net/3.6/commons-net-3.6.jar:/home/user/.m2/repository/commons-collections/commons-collections/3.2.2/commons-collections-3.2.2.jar:/home/user/.m2/repository/com/sun/jersey/jersey-servlet/1.19/jersey-servlet-1.19.jar:/home/user/.m2/repository/com/sun/jersey/jersey-json/1.19/jersey-json-1.19.jar:/home/user/.m2/repository/org/codehaus/jettison/jettison/1.1/jettison-1.1.jar:/home/user/.m2/repository/org/codehaus/jackson/jackson-jaxrs/1.9.2/jackson-jaxrs-1.9.2.jar:/home/user/.m2/repository/org/codehaus/jackson/jackson-xc/1.9.2/jackson-xc-1.9.2.jar:/home/user/.m2/repository/commons-beanutils/commons-beanutils/1.9.4/commons-beanutils-1.9.4.jar:/home/user/.m2/repository/org/apache/commons/commons-configuration2/2.1.1/commons-configuration2-2.1.1.jar:/home/user/.m2/repository/org/apache/commons/commons-text/1.4/commons-text-1.4.jar:/home/user/.m2/repository/com/google/re2j/re2j/1.1/re2j-1.1.jar:/home/user/.m2/repository/com/jcraft/jsch/0.1.54/jsch-0.1.54.jar:/home/user/.m2/repository/org/apache/curator/curator-client/2.12.0/curator-client-2.12.0.jar:/home/user/.m2/repository/org/apache/curator/curator-recipes/2.12.0/curator-recipes-2.12.0.jar:/home/user/.m2/repository/dnsjava/dnsjava/2.1.7/dnsjava-2.1.7.jar:/home/user/.m2/repository/org/slf4j/jul-to-slf4j/1.7.25/jul-to-slf4j-1.7.25.jar:/home/user/.m2/repository/org/eclipse/jetty/jetty-util/9.4.26.v20200117/jetty-util-9.4.26.v20200117.jar:/home/user/.m2/repository/com/fasterxml/jackson/core/jackson-databind/2.10.3/jackson-databind-2.10.3.jar:/home/user/.m2/repository/org/apache/hadoop/hadoop-kms/3.2.0/hadoop-kms-3.2.0-tests.jar:/home/user/.m2/repository/org/apache/hadoop/hadoop-hdds-server-scm/0.6.0-SNAPSHOT/hadoop-hdds-server-scm-0.6.0-SNAPSHOT-tests.jar:/home/user/.m2/repository/org/apache/hadoop/hadoop-hdds-container-service/0.6.0-SNAPSHOT/hadoop-hdds-container-service-0.6.0-SNAPSHOT-tests.jar:/home/user/.m2/repository/org/apache/hadoop/hadoop-hdds-common/0.6.0-SNAPSHOT/hadoop-hdds-common-0.6.0-SNAPSHOT-tests.jar:/home/user/.m2/repository/org/yaml/snakeyaml/1.16/snakeyaml-1.16.jar:/home/user/.m2/repository/org/apache/hadoop/hadoop-hdds-hadoop-dependency-test/0.6.0-SNAPSHOT/hadoop-hdds-hadoop-dependency-test-0.6.0-SNAPSHOT.jar:/home/user/.m2/repository/org/apache/hadoop/hadoop-common/3.2.0/hadoop-common-3.2.0-tests.jar:/home/user/.m2/repository/javax/servlet/jsp/jsp-api/2.1/jsp-api-2.1.jar:/home/user/.m2/repository/org/apache/hadoop/hadoop-hdfs/3.2.0/hadoop-hdfs-3.2.0-tests.jar:/home/user/.m2/repository/org/eclipse/jetty/jetty-util-ajax/9.4.26.v20200117/jetty-util-ajax-9.4.26.v20200117.jar:/home/user/.m2/repository/commons-codec/commons-codec/1.11/commons-codec-1.11.jar:/home/user/.m2/repository/commons-daemon/commons-daemon/1.0.13/commons-daemon-1.0.13.jar:/home/user/.m2/repository/io/netty/netty/3.10.5.Final/netty-3.10.5.Final.jar:/home/user/.m2/repository/io/netty/netty-all/4.1.48.Final/netty-all-4.1.48.Final.jar:/home/user/.m2/repository/org/apache/htrace/htrace-core4/4.1.0-incubating/htrace-core4-4.1.0-incubating.jar:/home/user/.m2/repository/org/fusesource/leveldbjni/leveldbjni-all/1.8/leveldbjni-all-1.8.jar:/home/user/.m2/repository/org/apache/hadoop/hadoop-distcp/3.2.0/hadoop-distcp-3.2.0.jar:/home/user/.m2/repository/org/apache/hadoop/hadoop-mapreduce-client-jobclient/3.2.0/hadoop-mapreduce-client-jobclient-3.2.0.jar:/home/user/.m2/repository/org/apache/hadoop/hadoop-mapreduce-client-common/3.2.0/hadoop-mapreduce-client-common-3.2.0.jar:/home/user/.m2/repository/org/apache/hadoop/hadoop-yarn-common/3.2.0/hadoop-yarn-common-3.2.0.jar:/home/user/.m2/repository/org/apache/hadoop/hadoop-yarn-api/3.2.0/hadoop-yarn-api-3.2.0.jar:/home/user/.m2/repository/com/sun/jersey/jersey-client/1.19/jersey-client-1.19.jar:/home/user/.m2/repository/com/sun/jersey/contribs/jersey-guice/1.19/jersey-guice-1.19.jar:/home/user/.m2/repository/com/fasterxml/jackson/jaxrs/jackson-jaxrs-json-provider/2.10.3/jackson-jaxrs-json-provider-2.10.3.jar:/home/user/.m2/repository/com/fasterxml/jackson/jaxrs/jackson-jaxrs-base/2.10.3/jackson-jaxrs-base-2.10.3.jar:/home/user/.m2/repository/org/apache/hadoop/hadoop-yarn-client/3.2.0/hadoop-yarn-client-3.2.0.jar:/home/user/.m2/repository/org/apache/hadoop/hadoop-mapreduce-client-core/3.2.0/hadoop-mapreduce-client-core-3.2.0.jar:/home/user/.m2/repository/org/apache/avro/avro/1.7.7/avro-1.7.7.jar:/home/user/.m2/repository/org/codehaus/jackson/jackson-core-asl/1.9.13/jackson-core-asl-1.9.13.jar:/home/user/.m2/repository/org/codehaus/jackson/jackson-mapper-asl/1.9.13/jackson-mapper-asl-1.9.13.jar:/home/user/.m2/repository/com/thoughtworks/paranamer/paranamer/2.3/paranamer-2.3.jar:/home/user/.m2/repository/org/xerial/snappy/snappy-java/1.0.5/snappy-java-1.0.5.jar:/home/user/.m2/repository/org/apache/hadoop/hadoop-annotations/3.2.0/hadoop-annotations-3.2.0.jar:/usr/lib/jvm/java-1.8.0-openjdk-1.8.0.232.b09-0.el7_7.x86_64/jre/../lib/tools.jar:/home/user/.m2/repository/org/apache/hadoop/hadoop-distcp/3.2.0/hadoop-distcp-3.2.0-tests.jar:"/>
    <property name="sun.cpu.endian" value="little"/>
    <property name="user.home" value="/home/user"/>
    <property name="user.language" value="en"/>
    <property name="java.specification.vendor" value="Oracle Corporation"/>
    <property name="java.home" value="/usr/lib/jvm/java-1.8.0-openjdk-1.8.0.232.b09-0.el7_7.x86_64/jre"/>
    <property name="java.security.krb5.conf" value="/github/workspace/mnt/ozone/hadoop-ozone/integration-test/target/test-classes/krb5.conf"/>
    <property name="basedir" value="/github/workspace/mnt/ozone/hadoop-ozone/integration-test"/>
    <property name="file.separator" value="/"/>
    <property name="line.separator" value="&#10;"/>
    <property name="java.vm.specification.vendor" value="Oracle Corporation"/>
    <property name="java.specification.name" value="Java Platform API Specification"/>
    <property name="java.awt.graphicsenv" value="sun.awt.X11GraphicsEnvironment"/>
    <property name="surefire.real.class.path" value="/github/workspace/mnt/ozone/hadoop-ozone/integration-test/target/surefire/surefirebooter8174618340543614525.jar:/home/user/.m2/repository/org/jacoco/org.jacoco.agent/0.8.3/org.jacoco.agent-0.8.3-runtime.jar"/>
    <property name="hadoop.log.dir" value="/github/workspace/mnt/ozone/hadoop-ozone/integration-test/target/log"/>
    <property name="sun.boot.class.path" value="/usr/lib/jvm/java-1.8.0-openjdk-1.8.0.232.b09-0.el7_7.x86_64/jre/lib/resources.jar:/usr/lib/jvm/java-1.8.0-openjdk-1.8.0.232.b09-0.el7_7.x86_64/jre/lib/rt.jar:/usr/lib/jvm/java-1.8.0-openjdk-1.8.0.232.b09-0.el7_7.x86_64/jre/lib/sunrsasign.jar:/usr/lib/jvm/java-1.8.0-openjdk-1.8.0.232.b09-0.el7_7.x86_64/jre/lib/jsse.jar:/usr/lib/jvm/java-1.8.0-openjdk-1.8.0.232.b09-0.el7_7.x86_64/jre/lib/jce.jar:/usr/lib/jvm/java-1.8.0-openjdk-1.8.0.232.b09-0.el7_7.x86_64/jre/lib/charsets.jar:/usr/lib/jvm/java-1.8.0-openjdk-1.8.0.232.b09-0.el7_7.x86_64/jre/lib/jfr.jar:/usr/lib/jvm/java-1.8.0-openjdk-1.8.0.232.b09-0.el7_7.x86_64/jre/classes"/>
    <property name="sun.management.compiler" value="HotSpot 64-Bit Tiered Compilers"/>
    <property name="java.runtime.version" value="1.8.0_232-b09"/>
    <property name="java.net.preferIPv4Stack" value="true"/>
    <property name="user.name" value="jenkins1001"/>
    <property name="path.separator" value=":"/>
    <property name="java.security.egd" value="file:///dev/urandom"/>
    <property name="os.version" value="5.3.0-1020-azure"/>
    <property name="java.endorsed.dirs" value="/usr/lib/jvm/java-1.8.0-openjdk-1.8.0.232.b09-0.el7_7.x86_64/jre/lib/endorsed"/>
    <property name="java.runtime.name" value="OpenJDK Runtime Environment"/>
    <property name="file.encoding" value="ANSI_X3.4-1968"/>
    <property name="java.vm.name" value="OpenJDK 64-Bit Server VM"/>
    <property name="test.build.webapps" value=""/>
    <property name="localRepository" value="/home/user/.m2/repository"/>
    <property name="java.vendor.url.bug" value="http://bugreport.sun.com/bugreport/"/>
    <property name="java.io.tmpdir" value="/tmp"/>
    <property name="require.test.libhadoop" value=""/>
    <property name="java.version" value="1.8.0_232"/>
    <property name="user.dir" value="/github/workspace/mnt/ozone/hadoop-ozone/integration-test"/>
    <property name="os.arch" value="amd64"/>
    <property name="java.vm.specification.name" value="Java Virtual Machine Specification"/>
    <property name="test.build.classes" value="/github/workspace/mnt/ozone/hadoop-ozone/integration-test/target/test-classes"/>
    <property name="java.awt.printerjob" value="sun.print.PSPrinterJob"/>
    <property name="sun.os.patch.level" value="unknown"/>
    <property name="hadoop.tmp.dir" value="/github/workspace/mnt/ozone/hadoop-ozone/integration-test/target/tmp"/>
    <property name="java.library.path" value="/usr/lib:/usr/java/packages/lib/amd64:/usr/lib64:/lib64:/lib:/usr/lib"/>
    <property name="java.vm.info" value="mixed mode"/>
    <property name="java.vendor" value="Oracle Corporation"/>
    <property name="java.vm.version" value="25.232-b09"/>
    <property name="java.ext.dirs" value="/usr/lib/jvm/java-1.8.0-openjdk-1.8.0.232.b09-0.el7_7.x86_64/jre/lib/ext:/usr/java/packages/lib/ext"/>
    <property name="sun.io.unicode.encoding" value="UnicodeLittle"/>
    <property name="java.class.version" value="52.0"/>
  </properties>
  <testcase name="testPutKeyAndGetKeyThreeNodes" classname="org.apache.hadoop.ozone.client.rpc.TestReadRetries" time="9.952">
    <failure type="java.lang.AssertionError">java.lang.AssertionError
	at org.junit.Assert.fail(Assert.java:86)
	at org.junit.Assert.assertTrue(Assert.java:41)
	at org.junit.Assert.assertTrue(Assert.java:52)
	at org.apache.hadoop.ozone.client.rpc.TestReadRetries.testPutKeyAndGetKeyThreeNodes(TestReadRetries.java:181)
	at sun.reflect.NativeMethodAccessorImpl.invoke0(Native Method)
	at sun.reflect.NativeMethodAccessorImpl.invoke(NativeMethodAccessorImpl.java:62)
	at sun.reflect.DelegatingMethodAccessorImpl.invoke(DelegatingMethodAccessorImpl.java:43)
	at java.lang.reflect.Method.invoke(Method.java:498)
	at org.junit.runners.model.FrameworkMethod$1.runReflectiveCall(FrameworkMethod.java:47)
	at org.junit.internal.runners.model.ReflectiveCallable.run(ReflectiveCallable.java:12)
	at org.junit.runners.model.FrameworkMethod.invokeExplosively(FrameworkMethod.java:44)
	at org.junit.internal.runners.statements.InvokeMethod.evaluate(InvokeMethod.java:17)
	at org.junit.rules.ExpectedException$ExpectedExceptionStatement.evaluate(ExpectedException.java:168)
	at org.junit.rules.RunRules.evaluate(RunRules.java:20)
	at org.junit.runners.ParentRunner.runLeaf(ParentRunner.java:271)
	at org.junit.runners.BlockJUnit4ClassRunner.runChild(BlockJUnit4ClassRunner.java:70)
	at org.junit.runners.BlockJUnit4ClassRunner.runChild(BlockJUnit4ClassRunner.java:50)
	at org.junit.runners.ParentRunner$3.run(ParentRunner.java:238)
	at org.junit.runners.ParentRunner$1.schedule(ParentRunner.java:63)
	at org.junit.runners.ParentRunner.runChildren(ParentRunner.java:236)
	at org.junit.runners.ParentRunner.access$000(ParentRunner.java:53)
	at org.junit.runners.ParentRunner$2.evaluate(ParentRunner.java:229)
	at org.junit.internal.runners.statements.RunBefores.evaluate(RunBefores.java:26)
	at org.junit.internal.runners.statements.RunAfters.evaluate(RunAfters.java:27)
	at org.junit.runners.ParentRunner.run(ParentRunner.java:309)
	at org.apache.maven.surefire.junit4.JUnit4Provider.execute(JUnit4Provider.java:365)
	at org.apache.maven.surefire.junit4.JUnit4Provider.executeWithRerun(JUnit4Provider.java:273)
	at org.apache.maven.surefire.junit4.JUnit4Provider.executeTestSet(JUnit4Provider.java:238)
	at org.apache.maven.surefire.junit4.JUnit4Provider.invoke(JUnit4Provider.java:159)
	at org.apache.maven.surefire.booter.ForkedBooter.invokeProviderInSameClassLoader(ForkedBooter.java:384)
	at org.apache.maven.surefire.booter.ForkedBooter.runSuitesInProcess(ForkedBooter.java:345)
	at org.apache.maven.surefire.booter.ForkedBooter.execute(ForkedBooter.java:126)
	at org.apache.maven.surefire.booter.ForkedBooter.main(ForkedBooter.java:418)
</failure>
    <system-out><![CDATA[2020-05-13 00:32:25,266 [main] WARN  server.ServerUtils (ServerUtils.java:getScmDbDir(148)) - ozone.scm.db.dirs is not configured. We recommend adding this setting. Falling back to ozone.metadata.dirs instead.
2020-05-13 00:32:25,392 [main] WARN  server.ServerUtils (ServerUtils.java:getScmDbDir(148)) - ozone.scm.db.dirs is not configured. We recommend adding this setting. Falling back to ozone.metadata.dirs instead.
2020-05-13 00:32:25,522 [main] WARN  db.DBStoreBuilder (DBStoreBuilder.java:createDBStoreBuilder(277)) - ozone.scm.db.dirs is not configured. We recommend adding this setting. Falling back to ozone.metadata.dirs instead.
2020-05-13 00:32:25,701 [main] INFO  net.NodeSchemaLoader (NodeSchemaLoader.java:loadSchemaFromFile(126)) - Loading file from sun.misc.CompoundEnumeration@2762253e
2020-05-13 00:32:25,704 [main] INFO  net.NodeSchemaLoader (NodeSchemaLoader.java:loadSchema(172)) - Loading network topology layer schema file
2020-05-13 00:32:25,796 [main] WARN  server.ServerUtils (ServerUtils.java:sanitizeUserArgs(73)) - ozone.scm.stale.node.interval value = 300000 is larger than max = 100000 based on the key value of ozone.scm.heartbeat.thread.interval, reset to the max value 100000.
2020-05-13 00:32:25,797 [main] WARN  server.ServerUtils (ServerUtils.java:sanitizeUserArgs(73)) - ozone.scm.stale.node.interval value = 300000 is larger than max = 100000 based on the key value of ozone.scm.heartbeat.thread.interval, reset to the max value 100000.
2020-05-13 00:32:25,806 [main] INFO  node.SCMNodeManager (SCMNodeManager.java:<init>(116)) - Entering startup safe mode.
2020-05-13 00:32:25,990 [main] INFO  algorithms.ContainerPlacementPolicyFactory (ContainerPlacementPolicyFactory.java:getPolicy(60)) - Create container placement policy of type org.apache.hadoop.hdds.scm.container.placement.algorithms.SCMContainerPlacementRandom
2020-05-13 00:32:26,022 [main] INFO  pipeline.SCMPipelineManager (SCMPipelineManager.java:initializePipelineState(158)) - No pipeline exists in current db
2020-05-13 00:32:26,108 [main] INFO  safemode.HealthyPipelineSafeModeRule (HealthyPipelineSafeModeRule.java:<init>(89)) - Total pipeline count is 0, healthy pipeline threshold count is 0
2020-05-13 00:32:26,114 [main] INFO  safemode.OneReplicaPipelineSafeModeRule (OneReplicaPipelineSafeModeRule.java:<init>(79)) - Total pipeline count is 0, pipeline's with at least one datanode reported threshold count is 0
2020-05-13 00:32:26,168 [RatisPipelineUtilsThread] ERROR pipeline.SCMPipelineManager (SCMPipelineManager.java:createPipeline(222)) - Failed to create pipeline of type RATIS and factor ONE. Exception: Cannot create pipeline of factor 1 using 0 nodes. Used 0 nodes. Healthy nodes 0
2020-05-13 00:32:26,721 [main] INFO  ipc.CallQueueManager (CallQueueManager.java:<init>(84)) - Using callQueue: class java.util.concurrent.LinkedBlockingQueue, queueCapacity: 2000, scheduler: class org.apache.hadoop.ipc.DefaultRpcScheduler, ipcBackoff: false.
2020-05-13 00:32:26,754 [Socket Reader #1 for port 42797] INFO  ipc.Server (Server.java:run(1074)) - Starting Socket Reader #1 for port 42797
2020-05-13 00:32:26,800 [main] INFO  ipc.CallQueueManager (CallQueueManager.java:<init>(84)) - Using callQueue: class java.util.concurrent.LinkedBlockingQueue, queueCapacity: 2000, scheduler: class org.apache.hadoop.ipc.DefaultRpcScheduler, ipcBackoff: false.
2020-05-13 00:32:26,805 [Socket Reader #1 for port 40375] INFO  ipc.Server (Server.java:run(1074)) - Starting Socket Reader #1 for port 40375
2020-05-13 00:32:26,816 [main] INFO  ipc.CallQueueManager (CallQueueManager.java:<init>(84)) - Using callQueue: class java.util.concurrent.LinkedBlockingQueue, queueCapacity: 2000, scheduler: class org.apache.hadoop.ipc.DefaultRpcScheduler, ipcBackoff: false.
2020-05-13 00:32:26,817 [Socket Reader #1 for port 44993] INFO  ipc.Server (Server.java:run(1074)) - Starting Socket Reader #1 for port 44993
2020-05-13 00:32:26,845 [main] INFO  http.BaseHttpServer (BaseHttpServer.java:newHttpServer2BuilderForOzone(205)) - Starting Web-server for scm at: http://0.0.0.0:0
2020-05-13 00:32:26,846 [main] INFO  http.BaseHttpServer (BaseHttpServer.java:<init>(106)) - Hadoop Security Enabled: false Ozone Security Enabled: false Ozone HTTP Security Enabled: false 
2020-05-13 00:32:26,895 [main] INFO  util.log (Log.java:initialized(169)) - Logging initialized @3038ms to org.eclipse.jetty.util.log.Slf4jLog
2020-05-13 00:32:27,084 [main] INFO  server.AuthenticationFilter (AuthenticationFilter.java:constructSecretProvider(240)) - Unable to initialize FileSignerSecretProvider, falling back to use random secrets.
2020-05-13 00:32:27,127 [main] WARN  http.HttpRequestLog (HttpRequestLog.java:getRequestLog(103)) - Jetty request log can only be enabled using Log4j
2020-05-13 00:32:27,142 [main] INFO  http.HttpServer2 (HttpServer2.java:addGlobalFilter(993)) - Added global filter 'safety' (class=org.apache.hadoop.hdds.server.http.HttpServer2$QuotingInputFilter)
2020-05-13 00:32:27,151 [main] INFO  http.HttpServer2 (HttpServer2.java:addFilter(969)) - Added filter authentication (class=org.apache.hadoop.security.authentication.server.AuthenticationFilter) to context scm
2020-05-13 00:32:27,151 [main] INFO  http.HttpServer2 (HttpServer2.java:addFilter(977)) - Added filter authentication (class=org.apache.hadoop.security.authentication.server.AuthenticationFilter) to context static
2020-05-13 00:32:27,151 [main] INFO  http.HttpServer2 (HttpServer2.java:addFilter(977)) - Added filter authentication (class=org.apache.hadoop.security.authentication.server.AuthenticationFilter) to context logs
2020-05-13 00:32:27,261 [main] INFO  server.StorageContainerManager (StorageContainerManager.java:start(781)) - StorageContainerLocationProtocol RPC server is listening at /0.0.0.0:44993
2020-05-13 00:32:27,339 [main] WARN  impl.MetricsConfig (MetricsConfig.java:loadFirst(134)) - Cannot locate configuration: tried hadoop-metrics2-storagecontainermanager.properties,hadoop-metrics2.properties
2020-05-13 00:32:27,356 [main] INFO  impl.MetricsSystemImpl (MetricsSystemImpl.java:startTimer(374)) - Scheduled Metric snapshot period at 10 second(s).
2020-05-13 00:32:27,356 [main] INFO  impl.MetricsSystemImpl (MetricsSystemImpl.java:start(191)) - StorageContainerManager metrics system started
2020-05-13 00:32:27,769 [main] INFO  server.SCMClientProtocolServer (SCMClientProtocolServer.java:start(157)) - RPC server for Client  is listening at /0.0.0.0:44993
2020-05-13 00:32:27,771 [IPC Server Responder] INFO  ipc.Server (Server.java:run(1314)) - IPC Server Responder: starting
2020-05-13 00:32:27,772 [IPC Server listener on 44993] INFO  ipc.Server (Server.java:run(1153)) - IPC Server listener on 44993: starting
2020-05-13 00:32:27,778 [main] INFO  server.StorageContainerManager (StorageContainerManager.java:start(793)) - ScmBlockLocationProtocol RPC server is listening at /0.0.0.0:40375
2020-05-13 00:32:27,779 [main] INFO  server.SCMBlockProtocolServer (SCMBlockProtocolServer.java:start(149)) - RPC server for Block Protocol is listening at /0.0.0.0:40375
2020-05-13 00:32:27,781 [IPC Server Responder] INFO  ipc.Server (Server.java:run(1314)) - IPC Server Responder: starting
2020-05-13 00:32:27,781 [IPC Server listener on 40375] INFO  ipc.Server (Server.java:run(1153)) - IPC Server listener on 40375: starting
2020-05-13 00:32:27,786 [main] INFO  server.StorageContainerManager (StorageContainerManager.java:start(799)) - ScmDatanodeProtocl RPC server is listening at /0.0.0.0:42797
2020-05-13 00:32:27,786 [main] INFO  server.SCMDatanodeProtocolServer (SCMDatanodeProtocolServer.java:start(172)) - RPC server for DataNodes is listening at /0.0.0.0:42797
2020-05-13 00:32:27,789 [IPC Server Responder] INFO  ipc.Server (Server.java:run(1314)) - IPC Server Responder: starting
2020-05-13 00:32:27,789 [IPC Server listener on 42797] INFO  ipc.Server (Server.java:run(1153)) - IPC Server listener on 42797: starting
2020-05-13 00:32:27,795 [main] INFO  http.HttpServer2 (HttpServer2.java:bindListener(1211)) - Jetty bound to port 35681
2020-05-13 00:32:27,798 [main] INFO  server.Server (Server.java:doStart(359)) - jetty-9.4.26.v20200117; built: 2020-01-17T12:35:33.676Z; git: 7b38981d25d14afb4a12ff1f2596756144edf695; jvm 1.8.0_232-b09
2020-05-13 00:32:27,840 [main] INFO  server.session (DefaultSessionIdManager.java:doStart(333)) - DefaultSessionIdManager workerName=node0
2020-05-13 00:32:27,840 [main] INFO  server.session (DefaultSessionIdManager.java:doStart(338)) - No SessionScavenger set, using defaults
2020-05-13 00:32:27,843 [main] INFO  server.session (HouseKeeper.java:startScavenging(140)) - node0 Scavenging every 660000ms
2020-05-13 00:32:27,862 [main] INFO  server.AuthenticationFilter (AuthenticationFilter.java:constructSecretProvider(240)) - Unable to initialize FileSignerSecretProvider, falling back to use random secrets.
2020-05-13 00:32:27,866 [main] INFO  handler.ContextHandler (ContextHandler.java:doStart(825)) - Started o.e.j.s.ServletContextHandler@6e886e25{logs,/logs,file:///github/workspace/mnt/ozone/hadoop-ozone/integration-test/target/log,AVAILABLE}
2020-05-13 00:32:27,867 [main] INFO  handler.ContextHandler (ContextHandler.java:doStart(825)) - Started o.e.j.s.ServletContextHandler@41019f9d{static,/static,file:///github/workspace/mnt/ozone/hadoop-ozone/integration-test/target/test-classes/webapps/static,AVAILABLE}
2020-05-13 00:32:27,947 [main] INFO  handler.ContextHandler (ContextHandler.java:doStart(825)) - Started o.e.j.w.WebAppContext@7c516b63{scm,/,file:///github/workspace/mnt/ozone/hadoop-ozone/integration-test/target/test-classes/webapps/scm/,AVAILABLE}{file:/github/workspace/mnt/ozone/hadoop-ozone/integration-test/target/test-classes/webapps/scm}
2020-05-13 00:32:27,962 [main] INFO  server.AbstractConnector (AbstractConnector.java:doStart(330)) - Started ServerConnector@6ebdbe96{HTTP/1.1,[http/1.1]}{0.0.0.0:35681}
2020-05-13 00:32:27,963 [main] INFO  server.Server (Server.java:doStart(399)) - Started @4106ms
2020-05-13 00:32:27,965 [main] INFO  impl.MetricsSinkAdapter (MetricsSinkAdapter.java:start(204)) - Sink prometheus started
2020-05-13 00:32:27,965 [main] INFO  impl.MetricsSystemImpl (MetricsSystemImpl.java:registerSink(301)) - Registered sink prometheus
2020-05-13 00:32:27,969 [main] INFO  http.BaseHttpServer (BaseHttpServer.java:updateConnectorAddress(325)) - HTTP server of scm listening at http://0.0.0.0:35681
2020-05-13 00:32:27,980 [main] WARN  server.ServerUtils (ServerUtils.java:getDBPath(225)) - ozone.om.db.dirs is not configured. We recommend adding this setting. Falling back to ozone.metadata.dirs instead.
2020-05-13 00:32:27,985 [org.apache.hadoop.util.JvmPauseMonitor$Monitor@6d01f471] INFO  util.JvmPauseMonitor (JvmPauseMonitor.java:run(188)) - Starting JVM pause monitor
2020-05-13 00:32:28,126 [main] INFO  ha.OMHANodeDetails (OMHANodeDetails.java:loadOMHAConfig(104)) - ozone.om.internal.service.id is not defined, falling back to ozone.om.service.ids to find serviceID for OzoneManager if it is HA enabled cluster
2020-05-13 00:32:28,132 [main] INFO  ha.OMHANodeDetails (OMHANodeDetails.java:loadOMHAConfig(207)) - Configuration either no ozone.om.address set. Falling back to the default OM address /127.0.0.1:0
2020-05-13 00:32:28,132 [main] INFO  ha.OMHANodeDetails (OMHANodeDetails.java:getOMNodeDetails(237)) - OM Service ID is not set. Setting it to the default ID: omServiceIdDefault
2020-05-13 00:32:28,135 [main] WARN  server.ServerUtils (ServerUtils.java:getDBPath(225)) - ozone.om.db.dirs is not configured. We recommend adding this setting. Falling back to ozone.metadata.dirs instead.
2020-05-13 00:32:28,137 [main] WARN  server.ServerUtils (ServerUtils.java:getDBPath(225)) - ozone.om.db.dirs is not configured. We recommend adding this setting. Falling back to ozone.metadata.dirs instead.
2020-05-13 00:32:28,906 [main] WARN  server.ServerUtils (ServerUtils.java:getDBPath(225)) - ozone.om.db.dirs is not configured. We recommend adding this setting. Falling back to ozone.metadata.dirs instead.
2020-05-13 00:32:29,029 [main] INFO  ipc.CallQueueManager (CallQueueManager.java:<init>(84)) - Using callQueue: class java.util.concurrent.LinkedBlockingQueue, queueCapacity: 2000, scheduler: class org.apache.hadoop.ipc.DefaultRpcScheduler, ipcBackoff: false.
2020-05-13 00:32:29,033 [Socket Reader #1 for port 45777] INFO  ipc.Server (Server.java:run(1074)) - Starting Socket Reader #1 for port 45777
2020-05-13 00:32:29,066 [main] INFO  impl.MetricsSystemImpl (MetricsSystemImpl.java:init(158)) - OzoneManager metrics system started (again)
2020-05-13 00:32:29,068 [main] INFO  om.OzoneManager (OzoneManager.java:start(1107)) - OzoneManager RPC server is listening at localhost/127.0.0.1:45777
2020-05-13 00:32:29,088 [IPC Server Responder] INFO  ipc.Server (Server.java:run(1314)) - IPC Server Responder: starting
2020-05-13 00:32:29,088 [IPC Server listener on 45777] INFO  ipc.Server (Server.java:run(1153)) - IPC Server listener on 45777: starting
2020-05-13 00:32:29,104 [main] INFO  http.BaseHttpServer (BaseHttpServer.java:newHttpServer2BuilderForOzone(205)) - Starting Web-server for ozoneManager at: http://0.0.0.0:0
2020-05-13 00:32:29,104 [main] INFO  http.BaseHttpServer (BaseHttpServer.java:<init>(106)) - Hadoop Security Enabled: false Ozone Security Enabled: false Ozone HTTP Security Enabled: false 
2020-05-13 00:32:29,106 [main] INFO  server.AuthenticationFilter (AuthenticationFilter.java:constructSecretProvider(240)) - Unable to initialize FileSignerSecretProvider, falling back to use random secrets.
2020-05-13 00:32:29,106 [main] WARN  http.HttpRequestLog (HttpRequestLog.java:getRequestLog(103)) - Jetty request log can only be enabled using Log4j
2020-05-13 00:32:29,107 [main] INFO  http.HttpServer2 (HttpServer2.java:addGlobalFilter(993)) - Added global filter 'safety' (class=org.apache.hadoop.hdds.server.http.HttpServer2$QuotingInputFilter)
2020-05-13 00:32:29,108 [main] INFO  http.HttpServer2 (HttpServer2.java:addFilter(969)) - Added filter authentication (class=org.apache.hadoop.security.authentication.server.AuthenticationFilter) to context ozoneManager
2020-05-13 00:32:29,109 [main] INFO  http.HttpServer2 (HttpServer2.java:addFilter(977)) - Added filter authentication (class=org.apache.hadoop.security.authentication.server.AuthenticationFilter) to context logs
2020-05-13 00:32:29,109 [main] INFO  http.HttpServer2 (HttpServer2.java:addFilter(977)) - Added filter authentication (class=org.apache.hadoop.security.authentication.server.AuthenticationFilter) to context static
2020-05-13 00:32:29,111 [main] INFO  http.HttpServer2 (HttpServer2.java:bindListener(1211)) - Jetty bound to port 43301
2020-05-13 00:32:29,111 [main] INFO  server.Server (Server.java:doStart(359)) - jetty-9.4.26.v20200117; built: 2020-01-17T12:35:33.676Z; git: 7b38981d25d14afb4a12ff1f2596756144edf695; jvm 1.8.0_232-b09
2020-05-13 00:32:29,113 [main] INFO  server.session (DefaultSessionIdManager.java:doStart(333)) - DefaultSessionIdManager workerName=node0
2020-05-13 00:32:29,114 [main] INFO  server.session (DefaultSessionIdManager.java:doStart(338)) - No SessionScavenger set, using defaults
2020-05-13 00:32:29,114 [main] INFO  server.session (HouseKeeper.java:startScavenging(140)) - node0 Scavenging every 660000ms
2020-05-13 00:32:29,115 [main] INFO  server.AuthenticationFilter (AuthenticationFilter.java:constructSecretProvider(240)) - Unable to initialize FileSignerSecretProvider, falling back to use random secrets.
2020-05-13 00:32:29,116 [main] INFO  handler.ContextHandler (ContextHandler.java:doStart(825)) - Started o.e.j.s.ServletContextHandler@33117039{logs,/logs,file:///github/workspace/mnt/ozone/hadoop-ozone/integration-test/target/log,AVAILABLE}
2020-05-13 00:32:29,117 [main] INFO  handler.ContextHandler (ContextHandler.java:doStart(825)) - Started o.e.j.s.ServletContextHandler@58fd4e05{static,/static,file:///github/workspace/mnt/ozone/hadoop-ozone/integration-test/target/test-classes/webapps/static,AVAILABLE}
2020-05-13 00:32:29,124 [main] INFO  handler.ContextHandler (ContextHandler.java:doStart(825)) - Started o.e.j.w.WebAppContext@32db2656{ozoneManager,/,file:///github/workspace/mnt/ozone/hadoop-ozone/integration-test/target/test-classes/webapps/ozoneManager/,AVAILABLE}{file:/github/workspace/mnt/ozone/hadoop-ozone/integration-test/target/test-classes/webapps/ozoneManager}
2020-05-13 00:32:29,126 [main] INFO  server.AbstractConnector (AbstractConnector.java:doStart(330)) - Started ServerConnector@7d32d6af{HTTP/1.1,[http/1.1]}{0.0.0.0:43301}
2020-05-13 00:32:29,126 [main] INFO  server.Server (Server.java:doStart(399)) - Started @5269ms
2020-05-13 00:32:29,127 [main] WARN  impl.MetricsSystemImpl (MetricsSystemImpl.java:register(276)) - Sink prometheus already exists!
2020-05-13 00:32:29,130 [main] INFO  http.BaseHttpServer (BaseHttpServer.java:updateConnectorAddress(325)) - HTTP server of ozoneManager listening at http://0.0.0.0:43301
2020-05-13 00:32:29,329 [main] INFO  metrics.MetricRegistries (MetricRegistriesLoader.java:load(64)) - Loaded MetricRegistries class org.apache.ratis.metrics.impl.MetricRegistriesImpl
2020-05-13 00:32:29,331 [main] INFO  impl.MetricsSystemImpl (MetricsSystemImpl.java:init(158)) - HddsDatanode metrics system started (again)
2020-05-13 00:32:29,339 [main] INFO  ozone.HddsDatanodeService (HddsDatanodeService.java:start(204)) - HddsDatanodeService host:c009cc83f362 ip:172.17.0.2
2020-05-13 00:32:29,390 [main] INFO  volume.HddsVolume (HddsVolume.java:<init>(176)) - Creating Volume: /github/workspace/mnt/ozone/hadoop-ozone/integration-test/target/test-dir/MiniOzoneClusterImpl-8fbc82c0-848a-4a6b-a3b9-d4d40c3d4f3a/datanode-0/data-0/containers/hdds of storage type : DISK and capacity : 9223372036854775807
2020-05-13 00:32:29,392 [main] INFO  volume.MutableVolumeSet (MutableVolumeSet.java:initializeVolumeSet(181)) - Added Volume : /github/workspace/mnt/ozone/hadoop-ozone/integration-test/target/test-dir/MiniOzoneClusterImpl-8fbc82c0-848a-4a6b-a3b9-d4d40c3d4f3a/datanode-0/data-0/containers/hdds to VolumeSet
2020-05-13 00:32:29,393 [main] INFO  volume.ThrottledAsyncChecker (ThrottledAsyncChecker.java:schedule(141)) - Scheduling a check for /github/workspace/mnt/ozone/hadoop-ozone/integration-test/target/test-dir/MiniOzoneClusterImpl-8fbc82c0-848a-4a6b-a3b9-d4d40c3d4f3a/datanode-0/data-0/containers/hdds
2020-05-13 00:32:29,416 [main] INFO  volume.HddsVolumeChecker (HddsVolumeChecker.java:checkAllVolumes(200)) - Scheduled health check for volume /github/workspace/mnt/ozone/hadoop-ozone/integration-test/target/test-dir/MiniOzoneClusterImpl-8fbc82c0-848a-4a6b-a3b9-d4d40c3d4f3a/datanode-0/data-0/containers/hdds
2020-05-13 00:32:29,603 [main] INFO  impl.RaftServerProxy (ConfUtils.java:logGet(44)) - raft.rpc.type = GRPC (default)
2020-05-13 00:32:29,736 [main] INFO  grpc.GrpcFactory (GrpcFactory.java:checkPooledByteBufAllocatorUseCacheForAllThreads(45)) - PERFORMANCE WARNING: useCacheForAllThreads is true that may cause Netty to create a lot garbage objects and, as a result, trigger GC.
	It is recommended to disable useCacheForAllThreads by setting -Dorg.apache.ratis.thirdparty.io.netty.allocator.useCacheForAllThreads=false in command line.
2020-05-13 00:32:29,743 [main] INFO  grpc.GrpcConfigKeys (ConfUtils.java:logGet(44)) - raft.grpc.server.port = 0 (default)
2020-05-13 00:32:29,745 [main] INFO  server.GrpcService (ConfUtils.java:logGet(44)) - raft.grpc.message.size.max = 32MB (=33554432) (custom)
2020-05-13 00:32:29,746 [main] INFO  server.RaftServerConfigKeys (ConfUtils.java:logGet(44)) - raft.server.log.appender.buffer.byte-limit = 33554432 (custom)
2020-05-13 00:32:29,748 [main] INFO  server.GrpcService (ConfUtils.java:logGet(44)) - raft.grpc.flow.control.window = 5MB (=5242880) (custom)
2020-05-13 00:32:29,749 [main] INFO  server.RaftServerConfigKeys (ConfUtils.java:logGet(44)) - raft.server.rpc.request.timeout = 60s (custom)
2020-05-13 00:32:30,019 [main] INFO  server.RaftServerConfigKeys (ConfUtils.java:logGet(44)) - raft.server.storage.dir = [/github/workspace/mnt/ozone/hadoop-ozone/integration-test/target/test-dir/MiniOzoneClusterImpl-8fbc82c0-848a-4a6b-a3b9-d4d40c3d4f3a/datanode-0/data/ratis] (custom)
2020-05-13 00:32:30,088 [main] INFO  http.BaseHttpServer (BaseHttpServer.java:newHttpServer2BuilderForOzone(205)) - Starting Web-server for hddsDatanode at: http://0.0.0.0:0
2020-05-13 00:32:30,088 [main] INFO  http.BaseHttpServer (BaseHttpServer.java:<init>(106)) - Hadoop Security Enabled: false Ozone Security Enabled: false Ozone HTTP Security Enabled: false 
2020-05-13 00:32:30,090 [main] INFO  server.AuthenticationFilter (AuthenticationFilter.java:constructSecretProvider(240)) - Unable to initialize FileSignerSecretProvider, falling back to use random secrets.
2020-05-13 00:32:30,090 [main] WARN  http.HttpRequestLog (HttpRequestLog.java:getRequestLog(103)) - Jetty request log can only be enabled using Log4j
2020-05-13 00:32:30,091 [main] INFO  http.HttpServer2 (HttpServer2.java:addGlobalFilter(993)) - Added global filter 'safety' (class=org.apache.hadoop.hdds.server.http.HttpServer2$QuotingInputFilter)
2020-05-13 00:32:30,092 [main] INFO  http.HttpServer2 (HttpServer2.java:addFilter(969)) - Added filter authentication (class=org.apache.hadoop.security.authentication.server.AuthenticationFilter) to context hddsDatanode
2020-05-13 00:32:30,092 [main] INFO  http.HttpServer2 (HttpServer2.java:addFilter(977)) - Added filter authentication (class=org.apache.hadoop.security.authentication.server.AuthenticationFilter) to context logs
2020-05-13 00:32:30,093 [main] INFO  http.HttpServer2 (HttpServer2.java:addFilter(977)) - Added filter authentication (class=org.apache.hadoop.security.authentication.server.AuthenticationFilter) to context static
2020-05-13 00:32:30,093 [main] INFO  http.HttpServer2 (HttpServer2.java:bindListener(1211)) - Jetty bound to port 38651
2020-05-13 00:32:30,094 [main] INFO  server.Server (Server.java:doStart(359)) - jetty-9.4.26.v20200117; built: 2020-01-17T12:35:33.676Z; git: 7b38981d25d14afb4a12ff1f2596756144edf695; jvm 1.8.0_232-b09
2020-05-13 00:32:30,101 [main] INFO  server.session (DefaultSessionIdManager.java:doStart(333)) - DefaultSessionIdManager workerName=node0
2020-05-13 00:32:30,101 [main] INFO  server.session (DefaultSessionIdManager.java:doStart(338)) - No SessionScavenger set, using defaults
2020-05-13 00:32:30,102 [main] INFO  server.session (HouseKeeper.java:startScavenging(140)) - node0 Scavenging every 660000ms
2020-05-13 00:32:30,103 [main] INFO  server.AuthenticationFilter (AuthenticationFilter.java:constructSecretProvider(240)) - Unable to initialize FileSignerSecretProvider, falling back to use random secrets.
2020-05-13 00:32:30,104 [main] INFO  handler.ContextHandler (ContextHandler.java:doStart(825)) - Started o.e.j.s.ServletContextHandler@e71580d{logs,/logs,file:///github/workspace/mnt/ozone/hadoop-ozone/integration-test/target/log,AVAILABLE}
2020-05-13 00:32:30,105 [main] INFO  handler.ContextHandler (ContextHandler.java:doStart(825)) - Started o.e.j.s.ServletContextHandler@371ff923{static,/static,jar:file:/home/user/.m2/repository/org/apache/hadoop/hadoop-hdds-container-service/0.6.0-SNAPSHOT/hadoop-hdds-container-service-0.6.0-SNAPSHOT.jar!/webapps/static,AVAILABLE}
2020-05-13 00:32:30,139 [main] INFO  handler.ContextHandler (ContextHandler.java:doStart(825)) - Started o.e.j.w.WebAppContext@1c2fa9fa{hddsDatanode,/,file:///tmp/jetty-0_0_0_0-38651-hadoop-hdds-container-service-0_6_0-SNAPSHOT_jar-_-any-4942889508237989209.dir/webapp/,AVAILABLE}{jar:file:/home/user/.m2/repository/org/apache/hadoop/hadoop-hdds-container-service/0.6.0-SNAPSHOT/hadoop-hdds-container-service-0.6.0-SNAPSHOT.jar!/webapps/hddsDatanode}
2020-05-13 00:32:30,142 [main] INFO  server.AbstractConnector (AbstractConnector.java:doStart(330)) - Started ServerConnector@cfaa2ae{HTTP/1.1,[http/1.1]}{0.0.0.0:38651}
2020-05-13 00:32:30,143 [main] INFO  server.Server (Server.java:doStart(399)) - Started @6286ms
2020-05-13 00:32:30,144 [main] WARN  impl.MetricsSystemImpl (MetricsSystemImpl.java:register(276)) - Sink prometheus already exists!
2020-05-13 00:32:30,148 [main] INFO  http.BaseHttpServer (BaseHttpServer.java:updateConnectorAddress(325)) - HTTP server of hddsDatanode listening at http://0.0.0.0:38651
2020-05-13 00:32:30,150 [main] INFO  impl.MetricsSystemImpl (MetricsSystemImpl.java:init(158)) - HddsDatanode metrics system started (again)
2020-05-13 00:32:30,152 [main] INFO  ozone.HddsDatanodeService (HddsDatanodeService.java:start(204)) - HddsDatanodeService host:c009cc83f362 ip:172.17.0.2
2020-05-13 00:32:30,155 [main] INFO  volume.HddsVolume (HddsVolume.java:<init>(176)) - Creating Volume: /github/workspace/mnt/ozone/hadoop-ozone/integration-test/target/test-dir/MiniOzoneClusterImpl-8fbc82c0-848a-4a6b-a3b9-d4d40c3d4f3a/datanode-1/data-0/containers/hdds of storage type : DISK and capacity : 9223372036854775807
2020-05-13 00:32:30,156 [main] INFO  volume.MutableVolumeSet (MutableVolumeSet.java:initializeVolumeSet(181)) - Added Volume : /github/workspace/mnt/ozone/hadoop-ozone/integration-test/target/test-dir/MiniOzoneClusterImpl-8fbc82c0-848a-4a6b-a3b9-d4d40c3d4f3a/datanode-1/data-0/containers/hdds to VolumeSet
2020-05-13 00:32:30,156 [main] INFO  volume.ThrottledAsyncChecker (ThrottledAsyncChecker.java:schedule(141)) - Scheduling a check for /github/workspace/mnt/ozone/hadoop-ozone/integration-test/target/test-dir/MiniOzoneClusterImpl-8fbc82c0-848a-4a6b-a3b9-d4d40c3d4f3a/datanode-1/data-0/containers/hdds
2020-05-13 00:32:30,160 [org.apache.hadoop.util.JvmPauseMonitor$Monitor@3780aee2] INFO  util.JvmPauseMonitor (JvmPauseMonitor.java:run(188)) - Starting JVM pause monitor
2020-05-13 00:32:30,165 [main] INFO  volume.HddsVolumeChecker (HddsVolumeChecker.java:checkAllVolumes(200)) - Scheduled health check for volume /github/workspace/mnt/ozone/hadoop-ozone/integration-test/target/test-dir/MiniOzoneClusterImpl-8fbc82c0-848a-4a6b-a3b9-d4d40c3d4f3a/datanode-1/data-0/containers/hdds
2020-05-13 00:32:30,239 [main] INFO  impl.RaftServerProxy (ConfUtils.java:logGet(44)) - raft.rpc.type = GRPC (default)
2020-05-13 00:32:30,240 [main] INFO  grpc.GrpcFactory (GrpcFactory.java:checkPooledByteBufAllocatorUseCacheForAllThreads(45)) - PERFORMANCE WARNING: useCacheForAllThreads is true that may cause Netty to create a lot garbage objects and, as a result, trigger GC.
	It is recommended to disable useCacheForAllThreads by setting -Dorg.apache.ratis.thirdparty.io.netty.allocator.useCacheForAllThreads=false in command line.
2020-05-13 00:32:30,240 [main] INFO  grpc.GrpcConfigKeys (ConfUtils.java:logGet(44)) - raft.grpc.server.port = 0 (default)
2020-05-13 00:32:30,240 [main] INFO  server.GrpcService (ConfUtils.java:logGet(44)) - raft.grpc.message.size.max = 32MB (=33554432) (custom)
2020-05-13 00:32:30,240 [main] INFO  server.RaftServerConfigKeys (ConfUtils.java:logGet(44)) - raft.server.log.appender.buffer.byte-limit = 33554432 (custom)
2020-05-13 00:32:30,241 [main] INFO  server.GrpcService (ConfUtils.java:logGet(44)) - raft.grpc.flow.control.window = 5MB (=5242880) (custom)
2020-05-13 00:32:30,241 [main] INFO  server.RaftServerConfigKeys (ConfUtils.java:logGet(44)) - raft.server.rpc.request.timeout = 60s (custom)
2020-05-13 00:32:30,242 [main] INFO  server.RaftServerConfigKeys (ConfUtils.java:logGet(44)) - raft.server.storage.dir = [/github/workspace/mnt/ozone/hadoop-ozone/integration-test/target/test-dir/MiniOzoneClusterImpl-8fbc82c0-848a-4a6b-a3b9-d4d40c3d4f3a/datanode-1/data/ratis] (custom)
2020-05-13 00:32:30,249 [main] INFO  http.BaseHttpServer (BaseHttpServer.java:newHttpServer2BuilderForOzone(205)) - Starting Web-server for hddsDatanode at: http://0.0.0.0:0
2020-05-13 00:32:30,250 [main] INFO  http.BaseHttpServer (BaseHttpServer.java:<init>(106)) - Hadoop Security Enabled: false Ozone Security Enabled: false Ozone HTTP Security Enabled: false 
2020-05-13 00:32:30,251 [main] INFO  server.AuthenticationFilter (AuthenticationFilter.java:constructSecretProvider(240)) - Unable to initialize FileSignerSecretProvider, falling back to use random secrets.
2020-05-13 00:32:30,255 [main] WARN  http.HttpRequestLog (HttpRequestLog.java:getRequestLog(103)) - Jetty request log can only be enabled using Log4j
2020-05-13 00:32:30,257 [main] INFO  http.HttpServer2 (HttpServer2.java:addGlobalFilter(993)) - Added global filter 'safety' (class=org.apache.hadoop.hdds.server.http.HttpServer2$QuotingInputFilter)
2020-05-13 00:32:30,258 [main] INFO  http.HttpServer2 (HttpServer2.java:addFilter(969)) - Added filter authentication (class=org.apache.hadoop.security.authentication.server.AuthenticationFilter) to context hddsDatanode
2020-05-13 00:32:30,258 [main] INFO  http.HttpServer2 (HttpServer2.java:addFilter(977)) - Added filter authentication (class=org.apache.hadoop.security.authentication.server.AuthenticationFilter) to context static
2020-05-13 00:32:30,258 [main] INFO  http.HttpServer2 (HttpServer2.java:addFilter(977)) - Added filter authentication (class=org.apache.hadoop.security.authentication.server.AuthenticationFilter) to context logs
2020-05-13 00:32:30,259 [main] INFO  http.HttpServer2 (HttpServer2.java:bindListener(1211)) - Jetty bound to port 40607
2020-05-13 00:32:30,259 [main] INFO  server.Server (Server.java:doStart(359)) - jetty-9.4.26.v20200117; built: 2020-01-17T12:35:33.676Z; git: 7b38981d25d14afb4a12ff1f2596756144edf695; jvm 1.8.0_232-b09
2020-05-13 00:32:30,298 [main] INFO  server.session (DefaultSessionIdManager.java:doStart(333)) - DefaultSessionIdManager workerName=node0
2020-05-13 00:32:30,299 [main] INFO  server.session (DefaultSessionIdManager.java:doStart(338)) - No SessionScavenger set, using defaults
2020-05-13 00:32:30,299 [main] INFO  server.session (HouseKeeper.java:startScavenging(140)) - node0 Scavenging every 600000ms
2020-05-13 00:32:30,300 [main] INFO  server.AuthenticationFilter (AuthenticationFilter.java:constructSecretProvider(240)) - Unable to initialize FileSignerSecretProvider, falling back to use random secrets.
2020-05-13 00:32:30,305 [main] INFO  handler.ContextHandler (ContextHandler.java:doStart(825)) - Started o.e.j.s.ServletContextHandler@6d1e6392{logs,/logs,file:///github/workspace/mnt/ozone/hadoop-ozone/integration-test/target/log,AVAILABLE}
2020-05-13 00:32:30,305 [main] INFO  handler.ContextHandler (ContextHandler.java:doStart(825)) - Started o.e.j.s.ServletContextHandler@5cbf2d85{static,/static,jar:file:/home/user/.m2/repository/org/apache/hadoop/hadoop-hdds-container-service/0.6.0-SNAPSHOT/hadoop-hdds-container-service-0.6.0-SNAPSHOT.jar!/webapps/static,AVAILABLE}
2020-05-13 00:32:30,344 [main] INFO  handler.ContextHandler (ContextHandler.java:doStart(825)) - Started o.e.j.w.WebAppContext@362bab5{hddsDatanode,/,file:///tmp/jetty-0_0_0_0-40607-hadoop-hdds-container-service-0_6_0-SNAPSHOT_jar-_-any-7695663567551468175.dir/webapp/,AVAILABLE}{jar:file:/home/user/.m2/repository/org/apache/hadoop/hadoop-hdds-container-service/0.6.0-SNAPSHOT/hadoop-hdds-container-service-0.6.0-SNAPSHOT.jar!/webapps/hddsDatanode}
2020-05-13 00:32:30,360 [main] INFO  server.AbstractConnector (AbstractConnector.java:doStart(330)) - Started ServerConnector@5623a9b4{HTTP/1.1,[http/1.1]}{0.0.0.0:40607}
2020-05-13 00:32:30,361 [main] INFO  server.Server (Server.java:doStart(399)) - Started @6504ms
2020-05-13 00:32:30,361 [main] WARN  impl.MetricsSystemImpl (MetricsSystemImpl.java:register(276)) - Sink prometheus already exists!
2020-05-13 00:32:30,364 [main] INFO  http.BaseHttpServer (BaseHttpServer.java:updateConnectorAddress(325)) - HTTP server of hddsDatanode listening at http://0.0.0.0:40607
2020-05-13 00:32:30,366 [Datanode State Machine Thread - 0] INFO  datanode.InitDatanodeState (InitDatanodeState.java:persistContainerDatanodeDetails(145)) - DatanodeDetails is persisted to /github/workspace/mnt/ozone/hadoop-ozone/integration-test/target/test-dir/MiniOzoneClusterImpl-8fbc82c0-848a-4a6b-a3b9-d4d40c3d4f3a/datanode-0/meta/datanode.id
2020-05-13 00:32:30,368 [main] INFO  impl.MetricsSystemImpl (MetricsSystemImpl.java:init(158)) - HddsDatanode metrics system started (again)
2020-05-13 00:32:30,370 [main] INFO  ozone.HddsDatanodeService (HddsDatanodeService.java:start(204)) - HddsDatanodeService host:c009cc83f362 ip:172.17.0.2
2020-05-13 00:32:30,371 [main] INFO  volume.HddsVolume (HddsVolume.java:<init>(176)) - Creating Volume: /github/workspace/mnt/ozone/hadoop-ozone/integration-test/target/test-dir/MiniOzoneClusterImpl-8fbc82c0-848a-4a6b-a3b9-d4d40c3d4f3a/datanode-2/data-0/containers/hdds of storage type : DISK and capacity : 9223372036854775807
2020-05-13 00:32:30,371 [main] INFO  volume.MutableVolumeSet (MutableVolumeSet.java:initializeVolumeSet(181)) - Added Volume : /github/workspace/mnt/ozone/hadoop-ozone/integration-test/target/test-dir/MiniOzoneClusterImpl-8fbc82c0-848a-4a6b-a3b9-d4d40c3d4f3a/datanode-2/data-0/containers/hdds to VolumeSet
2020-05-13 00:32:30,371 [main] INFO  volume.ThrottledAsyncChecker (ThrottledAsyncChecker.java:schedule(141)) - Scheduling a check for /github/workspace/mnt/ozone/hadoop-ozone/integration-test/target/test-dir/MiniOzoneClusterImpl-8fbc82c0-848a-4a6b-a3b9-d4d40c3d4f3a/datanode-2/data-0/containers/hdds
2020-05-13 00:32:30,372 [main] INFO  volume.HddsVolumeChecker (HddsVolumeChecker.java:checkAllVolumes(200)) - Scheduled health check for volume /github/workspace/mnt/ozone/hadoop-ozone/integration-test/target/test-dir/MiniOzoneClusterImpl-8fbc82c0-848a-4a6b-a3b9-d4d40c3d4f3a/datanode-2/data-0/containers/hdds
2020-05-13 00:32:30,398 [org.apache.hadoop.util.JvmPauseMonitor$Monitor@64936f9c] INFO  util.JvmPauseMonitor (JvmPauseMonitor.java:run(188)) - Starting JVM pause monitor
2020-05-13 00:32:30,405 [main] INFO  impl.RaftServerProxy (ConfUtils.java:logGet(44)) - raft.rpc.type = GRPC (default)
2020-05-13 00:32:30,405 [main] INFO  grpc.GrpcFactory (GrpcFactory.java:checkPooledByteBufAllocatorUseCacheForAllThreads(45)) - PERFORMANCE WARNING: useCacheForAllThreads is true that may cause Netty to create a lot garbage objects and, as a result, trigger GC.
	It is recommended to disable useCacheForAllThreads by setting -Dorg.apache.ratis.thirdparty.io.netty.allocator.useCacheForAllThreads=false in command line.
2020-05-13 00:32:30,406 [main] INFO  grpc.GrpcConfigKeys (ConfUtils.java:logGet(44)) - raft.grpc.server.port = 0 (default)
2020-05-13 00:32:30,406 [main] INFO  server.GrpcService (ConfUtils.java:logGet(44)) - raft.grpc.message.size.max = 32MB (=33554432) (custom)
2020-05-13 00:32:30,406 [main] INFO  server.RaftServerConfigKeys (ConfUtils.java:logGet(44)) - raft.server.log.appender.buffer.byte-limit = 33554432 (custom)
2020-05-13 00:32:30,406 [main] INFO  server.GrpcService (ConfUtils.java:logGet(44)) - raft.grpc.flow.control.window = 5MB (=5242880) (custom)
2020-05-13 00:32:30,406 [main] INFO  server.RaftServerConfigKeys (ConfUtils.java:logGet(44)) - raft.server.rpc.request.timeout = 60s (custom)
2020-05-13 00:32:30,407 [main] INFO  server.RaftServerConfigKeys (ConfUtils.java:logGet(44)) - raft.server.storage.dir = [/github/workspace/mnt/ozone/hadoop-ozone/integration-test/target/test-dir/MiniOzoneClusterImpl-8fbc82c0-848a-4a6b-a3b9-d4d40c3d4f3a/datanode-2/data/ratis] (custom)
2020-05-13 00:32:30,413 [main] INFO  http.BaseHttpServer (BaseHttpServer.java:newHttpServer2BuilderForOzone(205)) - Starting Web-server for hddsDatanode at: http://0.0.0.0:0
2020-05-13 00:32:30,413 [main] INFO  http.BaseHttpServer (BaseHttpServer.java:<init>(106)) - Hadoop Security Enabled: false Ozone Security Enabled: false Ozone HTTP Security Enabled: false 
2020-05-13 00:32:30,419 [Datanode State Machine Thread - 0] INFO  datanode.InitDatanodeState (InitDatanodeState.java:persistContainerDatanodeDetails(145)) - DatanodeDetails is persisted to /github/workspace/mnt/ozone/hadoop-ozone/integration-test/target/test-dir/MiniOzoneClusterImpl-8fbc82c0-848a-4a6b-a3b9-d4d40c3d4f3a/datanode-1/meta/datanode.id
2020-05-13 00:32:30,421 [main] INFO  server.AuthenticationFilter (AuthenticationFilter.java:constructSecretProvider(240)) - Unable to initialize FileSignerSecretProvider, falling back to use random secrets.
2020-05-13 00:32:30,422 [main] WARN  http.HttpRequestLog (HttpRequestLog.java:getRequestLog(103)) - Jetty request log can only be enabled using Log4j
2020-05-13 00:32:30,423 [main] INFO  http.HttpServer2 (HttpServer2.java:addGlobalFilter(993)) - Added global filter 'safety' (class=org.apache.hadoop.hdds.server.http.HttpServer2$QuotingInputFilter)
2020-05-13 00:32:30,424 [main] INFO  http.HttpServer2 (HttpServer2.java:addFilter(969)) - Added filter authentication (class=org.apache.hadoop.security.authentication.server.AuthenticationFilter) to context hddsDatanode
2020-05-13 00:32:30,424 [main] INFO  http.HttpServer2 (HttpServer2.java:addFilter(977)) - Added filter authentication (class=org.apache.hadoop.security.authentication.server.AuthenticationFilter) to context logs
2020-05-13 00:32:30,425 [main] INFO  http.HttpServer2 (HttpServer2.java:addFilter(977)) - Added filter authentication (class=org.apache.hadoop.security.authentication.server.AuthenticationFilter) to context static
2020-05-13 00:32:30,425 [main] INFO  http.HttpServer2 (HttpServer2.java:bindListener(1211)) - Jetty bound to port 40671
2020-05-13 00:32:30,426 [main] INFO  server.Server (Server.java:doStart(359)) - jetty-9.4.26.v20200117; built: 2020-01-17T12:35:33.676Z; git: 7b38981d25d14afb4a12ff1f2596756144edf695; jvm 1.8.0_232-b09
2020-05-13 00:32:30,428 [main] INFO  server.session (DefaultSessionIdManager.java:doStart(333)) - DefaultSessionIdManager workerName=node0
2020-05-13 00:32:30,428 [main] INFO  server.session (DefaultSessionIdManager.java:doStart(338)) - No SessionScavenger set, using defaults
2020-05-13 00:32:30,428 [main] INFO  server.session (HouseKeeper.java:startScavenging(140)) - node0 Scavenging every 660000ms
2020-05-13 00:32:30,429 [main] INFO  server.AuthenticationFilter (AuthenticationFilter.java:constructSecretProvider(240)) - Unable to initialize FileSignerSecretProvider, falling back to use random secrets.
2020-05-13 00:32:30,430 [main] INFO  handler.ContextHandler (ContextHandler.java:doStart(825)) - Started o.e.j.s.ServletContextHandler@2877a136{logs,/logs,file:///github/workspace/mnt/ozone/hadoop-ozone/integration-test/target/log,AVAILABLE}
2020-05-13 00:32:30,430 [main] INFO  handler.ContextHandler (ContextHandler.java:doStart(825)) - Started o.e.j.s.ServletContextHandler@1f60af92{static,/static,jar:file:/home/user/.m2/repository/org/apache/hadoop/hadoop-hdds-container-service/0.6.0-SNAPSHOT/hadoop-hdds-container-service-0.6.0-SNAPSHOT.jar!/webapps/static,AVAILABLE}
2020-05-13 00:32:30,459 [main] INFO  handler.ContextHandler (ContextHandler.java:doStart(825)) - Started o.e.j.w.WebAppContext@218dd55c{hddsDatanode,/,file:///tmp/jetty-0_0_0_0-40671-hadoop-hdds-container-service-0_6_0-SNAPSHOT_jar-_-any-7995919854788172506.dir/webapp/,AVAILABLE}{jar:file:/home/user/.m2/repository/org/apache/hadoop/hadoop-hdds-container-service/0.6.0-SNAPSHOT/hadoop-hdds-container-service-0.6.0-SNAPSHOT.jar!/webapps/hddsDatanode}
2020-05-13 00:32:30,461 [main] INFO  server.AbstractConnector (AbstractConnector.java:doStart(330)) - Started ServerConnector@48b3c4bf{HTTP/1.1,[http/1.1]}{0.0.0.0:40671}
2020-05-13 00:32:30,461 [main] INFO  server.Server (Server.java:doStart(399)) - Started @6604ms
2020-05-13 00:32:30,462 [main] WARN  impl.MetricsSystemImpl (MetricsSystemImpl.java:register(276)) - Sink prometheus already exists!
2020-05-13 00:32:30,464 [main] INFO  http.BaseHttpServer (BaseHttpServer.java:updateConnectorAddress(325)) - HTTP server of hddsDatanode listening at http://0.0.0.0:40671
2020-05-13 00:32:30,465 [main] INFO  impl.MetricsSystemImpl (MetricsSystemImpl.java:init(158)) - HddsDatanode metrics system started (again)
2020-05-13 00:32:30,468 [main] INFO  ozone.HddsDatanodeService (HddsDatanodeService.java:start(204)) - HddsDatanodeService host:c009cc83f362 ip:172.17.0.2
2020-05-13 00:32:30,477 [org.apache.hadoop.util.JvmPauseMonitor$Monitor@478ba796] INFO  util.JvmPauseMonitor (JvmPauseMonitor.java:run(188)) - Starting JVM pause monitor
2020-05-13 00:32:30,481 [main] INFO  volume.HddsVolume (HddsVolume.java:<init>(176)) - Creating Volume: /github/workspace/mnt/ozone/hadoop-ozone/integration-test/target/test-dir/MiniOzoneClusterImpl-8fbc82c0-848a-4a6b-a3b9-d4d40c3d4f3a/datanode-3/data-0/containers/hdds of storage type : DISK and capacity : 9223372036854775807
2020-05-13 00:32:30,482 [main] INFO  volume.MutableVolumeSet (MutableVolumeSet.java:initializeVolumeSet(181)) - Added Volume : /github/workspace/mnt/ozone/hadoop-ozone/integration-test/target/test-dir/MiniOzoneClusterImpl-8fbc82c0-848a-4a6b-a3b9-d4d40c3d4f3a/datanode-3/data-0/containers/hdds to VolumeSet
2020-05-13 00:32:30,482 [main] INFO  volume.ThrottledAsyncChecker (ThrottledAsyncChecker.java:schedule(141)) - Scheduling a check for /github/workspace/mnt/ozone/hadoop-ozone/integration-test/target/test-dir/MiniOzoneClusterImpl-8fbc82c0-848a-4a6b-a3b9-d4d40c3d4f3a/datanode-3/data-0/containers/hdds
2020-05-13 00:32:30,482 [main] INFO  volume.HddsVolumeChecker (HddsVolumeChecker.java:checkAllVolumes(200)) - Scheduled health check for volume /github/workspace/mnt/ozone/hadoop-ozone/integration-test/target/test-dir/MiniOzoneClusterImpl-8fbc82c0-848a-4a6b-a3b9-d4d40c3d4f3a/datanode-3/data-0/containers/hdds
2020-05-13 00:32:30,485 [Datanode State Machine Thread - 0] INFO  datanode.InitDatanodeState (InitDatanodeState.java:persistContainerDatanodeDetails(145)) - DatanodeDetails is persisted to /github/workspace/mnt/ozone/hadoop-ozone/integration-test/target/test-dir/MiniOzoneClusterImpl-8fbc82c0-848a-4a6b-a3b9-d4d40c3d4f3a/datanode-2/meta/datanode.id
2020-05-13 00:32:30,508 [main] INFO  impl.RaftServerProxy (ConfUtils.java:logGet(44)) - raft.rpc.type = GRPC (default)
2020-05-13 00:32:30,509 [main] INFO  grpc.GrpcFactory (GrpcFactory.java:checkPooledByteBufAllocatorUseCacheForAllThreads(45)) - PERFORMANCE WARNING: useCacheForAllThreads is true that may cause Netty to create a lot garbage objects and, as a result, trigger GC.
	It is recommended to disable useCacheForAllThreads by setting -Dorg.apache.ratis.thirdparty.io.netty.allocator.useCacheForAllThreads=false in command line.
2020-05-13 00:32:30,509 [main] INFO  grpc.GrpcConfigKeys (ConfUtils.java:logGet(44)) - raft.grpc.server.port = 0 (default)
2020-05-13 00:32:30,509 [main] INFO  server.GrpcService (ConfUtils.java:logGet(44)) - raft.grpc.message.size.max = 32MB (=33554432) (custom)
2020-05-13 00:32:30,509 [main] INFO  server.RaftServerConfigKeys (ConfUtils.java:logGet(44)) - raft.server.log.appender.buffer.byte-limit = 33554432 (custom)
2020-05-13 00:32:30,509 [main] INFO  server.GrpcService (ConfUtils.java:logGet(44)) - raft.grpc.flow.control.window = 5MB (=5242880) (custom)
2020-05-13 00:32:30,510 [main] INFO  server.RaftServerConfigKeys (ConfUtils.java:logGet(44)) - raft.server.rpc.request.timeout = 60s (custom)
2020-05-13 00:32:30,511 [main] INFO  server.RaftServerConfigKeys (ConfUtils.java:logGet(44)) - raft.server.storage.dir = [/github/workspace/mnt/ozone/hadoop-ozone/integration-test/target/test-dir/MiniOzoneClusterImpl-8fbc82c0-848a-4a6b-a3b9-d4d40c3d4f3a/datanode-3/data/ratis] (custom)
2020-05-13 00:32:30,522 [main] INFO  http.BaseHttpServer (BaseHttpServer.java:newHttpServer2BuilderForOzone(205)) - Starting Web-server for hddsDatanode at: http://0.0.0.0:0
2020-05-13 00:32:30,523 [main] INFO  http.BaseHttpServer (BaseHttpServer.java:<init>(106)) - Hadoop Security Enabled: false Ozone Security Enabled: false Ozone HTTP Security Enabled: false 
2020-05-13 00:32:30,524 [main] INFO  server.AuthenticationFilter (AuthenticationFilter.java:constructSecretProvider(240)) - Unable to initialize FileSignerSecretProvider, falling back to use random secrets.
2020-05-13 00:32:30,525 [main] WARN  http.HttpRequestLog (HttpRequestLog.java:getRequestLog(103)) - Jetty request log can only be enabled using Log4j
2020-05-13 00:32:30,526 [main] INFO  http.HttpServer2 (HttpServer2.java:addGlobalFilter(993)) - Added global filter 'safety' (class=org.apache.hadoop.hdds.server.http.HttpServer2$QuotingInputFilter)
2020-05-13 00:32:30,527 [main] INFO  http.HttpServer2 (HttpServer2.java:addFilter(969)) - Added filter authentication (class=org.apache.hadoop.security.authentication.server.AuthenticationFilter) to context hddsDatanode
2020-05-13 00:32:30,527 [main] INFO  http.HttpServer2 (HttpServer2.java:addFilter(977)) - Added filter authentication (class=org.apache.hadoop.security.authentication.server.AuthenticationFilter) to context static
2020-05-13 00:32:30,527 [main] INFO  http.HttpServer2 (HttpServer2.java:addFilter(977)) - Added filter authentication (class=org.apache.hadoop.security.authentication.server.AuthenticationFilter) to context logs
2020-05-13 00:32:30,527 [main] INFO  http.HttpServer2 (HttpServer2.java:bindListener(1211)) - Jetty bound to port 40465
2020-05-13 00:32:30,528 [main] INFO  server.Server (Server.java:doStart(359)) - jetty-9.4.26.v20200117; built: 2020-01-17T12:35:33.676Z; git: 7b38981d25d14afb4a12ff1f2596756144edf695; jvm 1.8.0_232-b09
2020-05-13 00:32:30,532 [main] INFO  server.session (DefaultSessionIdManager.java:doStart(333)) - DefaultSessionIdManager workerName=node0
2020-05-13 00:32:30,533 [main] INFO  server.session (DefaultSessionIdManager.java:doStart(338)) - No SessionScavenger set, using defaults
2020-05-13 00:32:30,533 [main] INFO  server.session (HouseKeeper.java:startScavenging(140)) - node0 Scavenging every 600000ms
2020-05-13 00:32:30,534 [main] INFO  server.AuthenticationFilter (AuthenticationFilter.java:constructSecretProvider(240)) - Unable to initialize FileSignerSecretProvider, falling back to use random secrets.
2020-05-13 00:32:30,535 [main] INFO  handler.ContextHandler (ContextHandler.java:doStart(825)) - Started o.e.j.s.ServletContextHandler@44efa839{logs,/logs,file:///github/workspace/mnt/ozone/hadoop-ozone/integration-test/target/log,AVAILABLE}
2020-05-13 00:32:30,536 [main] INFO  handler.ContextHandler (ContextHandler.java:doStart(825)) - Started o.e.j.s.ServletContextHandler@67c19ae2{static,/static,jar:file:/home/user/.m2/repository/org/apache/hadoop/hadoop-hdds-container-service/0.6.0-SNAPSHOT/hadoop-hdds-container-service-0.6.0-SNAPSHOT.jar!/webapps/static,AVAILABLE}
2020-05-13 00:32:30,567 [main] INFO  handler.ContextHandler (ContextHandler.java:doStart(825)) - Started o.e.j.w.WebAppContext@5eb645c8{hddsDatanode,/,file:///tmp/jetty-0_0_0_0-40465-hadoop-hdds-container-service-0_6_0-SNAPSHOT_jar-_-any-4365443274572076768.dir/webapp/,AVAILABLE}{jar:file:/home/user/.m2/repository/org/apache/hadoop/hadoop-hdds-container-service/0.6.0-SNAPSHOT/hadoop-hdds-container-service-0.6.0-SNAPSHOT.jar!/webapps/hddsDatanode}
2020-05-13 00:32:30,570 [main] INFO  server.AbstractConnector (AbstractConnector.java:doStart(330)) - Started ServerConnector@4e29e126{HTTP/1.1,[http/1.1]}{0.0.0.0:40465}
2020-05-13 00:32:30,570 [main] INFO  server.Server (Server.java:doStart(399)) - Started @6713ms
2020-05-13 00:32:30,570 [main] WARN  impl.MetricsSystemImpl (MetricsSystemImpl.java:register(276)) - Sink prometheus already exists!
2020-05-13 00:32:30,573 [main] INFO  http.BaseHttpServer (BaseHttpServer.java:updateConnectorAddress(325)) - HTTP server of hddsDatanode listening at http://0.0.0.0:40465
2020-05-13 00:32:30,574 [main] INFO  impl.MetricsSystemImpl (MetricsSystemImpl.java:init(158)) - HddsDatanode metrics system started (again)
2020-05-13 00:32:30,576 [main] INFO  ozone.HddsDatanodeService (HddsDatanodeService.java:start(204)) - HddsDatanodeService host:c009cc83f362 ip:172.17.0.2
2020-05-13 00:32:30,578 [main] INFO  volume.HddsVolume (HddsVolume.java:<init>(176)) - Creating Volume: /github/workspace/mnt/ozone/hadoop-ozone/integration-test/target/test-dir/MiniOzoneClusterImpl-8fbc82c0-848a-4a6b-a3b9-d4d40c3d4f3a/datanode-4/data-0/containers/hdds of storage type : DISK and capacity : 9223372036854775807
2020-05-13 00:32:30,578 [main] INFO  volume.MutableVolumeSet (MutableVolumeSet.java:initializeVolumeSet(181)) - Added Volume : /github/workspace/mnt/ozone/hadoop-ozone/integration-test/target/test-dir/MiniOzoneClusterImpl-8fbc82c0-848a-4a6b-a3b9-d4d40c3d4f3a/datanode-4/data-0/containers/hdds to VolumeSet
2020-05-13 00:32:30,578 [main] INFO  volume.ThrottledAsyncChecker (ThrottledAsyncChecker.java:schedule(141)) - Scheduling a check for /github/workspace/mnt/ozone/hadoop-ozone/integration-test/target/test-dir/MiniOzoneClusterImpl-8fbc82c0-848a-4a6b-a3b9-d4d40c3d4f3a/datanode-4/data-0/containers/hdds
2020-05-13 00:32:30,584 [main] INFO  volume.HddsVolumeChecker (HddsVolumeChecker.java:checkAllVolumes(200)) - Scheduled health check for volume /github/workspace/mnt/ozone/hadoop-ozone/integration-test/target/test-dir/MiniOzoneClusterImpl-8fbc82c0-848a-4a6b-a3b9-d4d40c3d4f3a/datanode-4/data-0/containers/hdds
2020-05-13 00:32:30,614 [org.apache.hadoop.util.JvmPauseMonitor$Monitor@61b94e62] INFO  util.JvmPauseMonitor (JvmPauseMonitor.java:run(188)) - Starting JVM pause monitor
2020-05-13 00:32:30,618 [Datanode State Machine Thread - 0] INFO  datanode.InitDatanodeState (InitDatanodeState.java:persistContainerDatanodeDetails(145)) - DatanodeDetails is persisted to /github/workspace/mnt/ozone/hadoop-ozone/integration-test/target/test-dir/MiniOzoneClusterImpl-8fbc82c0-848a-4a6b-a3b9-d4d40c3d4f3a/datanode-3/meta/datanode.id
2020-05-13 00:32:30,625 [main] INFO  impl.RaftServerProxy (ConfUtils.java:logGet(44)) - raft.rpc.type = GRPC (default)
2020-05-13 00:32:30,625 [main] INFO  grpc.GrpcFactory (GrpcFactory.java:checkPooledByteBufAllocatorUseCacheForAllThreads(45)) - PERFORMANCE WARNING: useCacheForAllThreads is true that may cause Netty to create a lot garbage objects and, as a result, trigger GC.
	It is recommended to disable useCacheForAllThreads by setting -Dorg.apache.ratis.thirdparty.io.netty.allocator.useCacheForAllThreads=false in command line.
2020-05-13 00:32:30,625 [main] INFO  grpc.GrpcConfigKeys (ConfUtils.java:logGet(44)) - raft.grpc.server.port = 0 (default)
2020-05-13 00:32:30,625 [main] INFO  server.GrpcService (ConfUtils.java:logGet(44)) - raft.grpc.message.size.max = 32MB (=33554432) (custom)
2020-05-13 00:32:30,625 [main] INFO  server.RaftServerConfigKeys (ConfUtils.java:logGet(44)) - raft.server.log.appender.buffer.byte-limit = 33554432 (custom)
2020-05-13 00:32:30,625 [main] INFO  server.GrpcService (ConfUtils.java:logGet(44)) - raft.grpc.flow.control.window = 5MB (=5242880) (custom)
2020-05-13 00:32:30,626 [main] INFO  server.RaftServerConfigKeys (ConfUtils.java:logGet(44)) - raft.server.rpc.request.timeout = 60s (custom)
2020-05-13 00:32:30,627 [main] INFO  server.RaftServerConfigKeys (ConfUtils.java:logGet(44)) - raft.server.storage.dir = [/github/workspace/mnt/ozone/hadoop-ozone/integration-test/target/test-dir/MiniOzoneClusterImpl-8fbc82c0-848a-4a6b-a3b9-d4d40c3d4f3a/datanode-4/data/ratis] (custom)
2020-05-13 00:32:30,633 [main] INFO  http.BaseHttpServer (BaseHttpServer.java:newHttpServer2BuilderForOzone(205)) - Starting Web-server for hddsDatanode at: http://0.0.0.0:0
2020-05-13 00:32:30,635 [main] INFO  http.BaseHttpServer (BaseHttpServer.java:<init>(106)) - Hadoop Security Enabled: false Ozone Security Enabled: false Ozone HTTP Security Enabled: false 
2020-05-13 00:32:30,636 [main] INFO  server.AuthenticationFilter (AuthenticationFilter.java:constructSecretProvider(240)) - Unable to initialize FileSignerSecretProvider, falling back to use random secrets.
2020-05-13 00:32:30,642 [main] WARN  http.HttpRequestLog (HttpRequestLog.java:getRequestLog(103)) - Jetty request log can only be enabled using Log4j
2020-05-13 00:32:30,644 [main] INFO  http.HttpServer2 (HttpServer2.java:addGlobalFilter(993)) - Added global filter 'safety' (class=org.apache.hadoop.hdds.server.http.HttpServer2$QuotingInputFilter)
2020-05-13 00:32:30,644 [main] INFO  http.HttpServer2 (HttpServer2.java:addFilter(969)) - Added filter authentication (class=org.apache.hadoop.security.authentication.server.AuthenticationFilter) to context hddsDatanode
2020-05-13 00:32:30,645 [main] INFO  http.HttpServer2 (HttpServer2.java:addFilter(977)) - Added filter authentication (class=org.apache.hadoop.security.authentication.server.AuthenticationFilter) to context static
2020-05-13 00:32:30,649 [main] INFO  http.HttpServer2 (HttpServer2.java:addFilter(977)) - Added filter authentication (class=org.apache.hadoop.security.authentication.server.AuthenticationFilter) to context logs
2020-05-13 00:32:30,649 [main] INFO  http.HttpServer2 (HttpServer2.java:bindListener(1211)) - Jetty bound to port 36997
2020-05-13 00:32:30,650 [main] INFO  server.Server (Server.java:doStart(359)) - jetty-9.4.26.v20200117; built: 2020-01-17T12:35:33.676Z; git: 7b38981d25d14afb4a12ff1f2596756144edf695; jvm 1.8.0_232-b09
2020-05-13 00:32:30,655 [main] INFO  server.session (DefaultSessionIdManager.java:doStart(333)) - DefaultSessionIdManager workerName=node0
2020-05-13 00:32:30,655 [main] INFO  server.session (DefaultSessionIdManager.java:doStart(338)) - No SessionScavenger set, using defaults
2020-05-13 00:32:30,655 [main] INFO  server.session (HouseKeeper.java:startScavenging(140)) - node0 Scavenging every 600000ms
2020-05-13 00:32:30,656 [main] INFO  server.AuthenticationFilter (AuthenticationFilter.java:constructSecretProvider(240)) - Unable to initialize FileSignerSecretProvider, falling back to use random secrets.
2020-05-13 00:32:30,657 [main] INFO  handler.ContextHandler (ContextHandler.java:doStart(825)) - Started o.e.j.s.ServletContextHandler@2a546149{logs,/logs,file:///github/workspace/mnt/ozone/hadoop-ozone/integration-test/target/log,AVAILABLE}
2020-05-13 00:32:30,658 [main] INFO  handler.ContextHandler (ContextHandler.java:doStart(825)) - Started o.e.j.s.ServletContextHandler@7924c283{static,/static,jar:file:/home/user/.m2/repository/org/apache/hadoop/hadoop-hdds-container-service/0.6.0-SNAPSHOT/hadoop-hdds-container-service-0.6.0-SNAPSHOT.jar!/webapps/static,AVAILABLE}
2020-05-13 00:32:30,687 [main] INFO  handler.ContextHandler (ContextHandler.java:doStart(825)) - Started o.e.j.w.WebAppContext@4d6a5819{hddsDatanode,/,file:///tmp/jetty-0_0_0_0-36997-hadoop-hdds-container-service-0_6_0-SNAPSHOT_jar-_-any-8402862435729736649.dir/webapp/,AVAILABLE}{jar:file:/home/user/.m2/repository/org/apache/hadoop/hadoop-hdds-container-service/0.6.0-SNAPSHOT/hadoop-hdds-container-service-0.6.0-SNAPSHOT.jar!/webapps/hddsDatanode}
2020-05-13 00:32:30,693 [main] INFO  server.AbstractConnector (AbstractConnector.java:doStart(330)) - Started ServerConnector@2d720ac0{HTTP/1.1,[http/1.1]}{0.0.0.0:36997}
2020-05-13 00:32:30,694 [main] INFO  server.Server (Server.java:doStart(399)) - Started @6836ms
2020-05-13 00:32:30,694 [main] WARN  impl.MetricsSystemImpl (MetricsSystemImpl.java:register(276)) - Sink prometheus already exists!
2020-05-13 00:32:30,697 [main] INFO  http.BaseHttpServer (BaseHttpServer.java:updateConnectorAddress(325)) - HTTP server of hddsDatanode listening at http://0.0.0.0:36997
2020-05-13 00:32:30,697 [main] INFO  impl.MetricsSystemImpl (MetricsSystemImpl.java:init(158)) - HddsDatanode metrics system started (again)
2020-05-13 00:32:30,699 [main] INFO  ozone.HddsDatanodeService (HddsDatanodeService.java:start(204)) - HddsDatanodeService host:c009cc83f362 ip:172.17.0.2
2020-05-13 00:32:30,701 [main] INFO  volume.HddsVolume (HddsVolume.java:<init>(176)) - Creating Volume: /github/workspace/mnt/ozone/hadoop-ozone/integration-test/target/test-dir/MiniOzoneClusterImpl-8fbc82c0-848a-4a6b-a3b9-d4d40c3d4f3a/datanode-5/data-0/containers/hdds of storage type : DISK and capacity : 9223372036854775807
2020-05-13 00:32:30,701 [main] INFO  volume.MutableVolumeSet (MutableVolumeSet.java:initializeVolumeSet(181)) - Added Volume : /github/workspace/mnt/ozone/hadoop-ozone/integration-test/target/test-dir/MiniOzoneClusterImpl-8fbc82c0-848a-4a6b-a3b9-d4d40c3d4f3a/datanode-5/data-0/containers/hdds to VolumeSet
2020-05-13 00:32:30,701 [main] INFO  volume.ThrottledAsyncChecker (ThrottledAsyncChecker.java:schedule(141)) - Scheduling a check for /github/workspace/mnt/ozone/hadoop-ozone/integration-test/target/test-dir/MiniOzoneClusterImpl-8fbc82c0-848a-4a6b-a3b9-d4d40c3d4f3a/datanode-5/data-0/containers/hdds
2020-05-13 00:32:30,705 [main] INFO  volume.HddsVolumeChecker (HddsVolumeChecker.java:checkAllVolumes(200)) - Scheduled health check for volume /github/workspace/mnt/ozone/hadoop-ozone/integration-test/target/test-dir/MiniOzoneClusterImpl-8fbc82c0-848a-4a6b-a3b9-d4d40c3d4f3a/datanode-5/data-0/containers/hdds
2020-05-13 00:32:30,721 [org.apache.hadoop.util.JvmPauseMonitor$Monitor@359b1bf0] INFO  util.JvmPauseMonitor (JvmPauseMonitor.java:run(188)) - Starting JVM pause monitor
2020-05-13 00:32:30,727 [Datanode State Machine Thread - 0] INFO  datanode.InitDatanodeState (InitDatanodeState.java:persistContainerDatanodeDetails(145)) - DatanodeDetails is persisted to /github/workspace/mnt/ozone/hadoop-ozone/integration-test/target/test-dir/MiniOzoneClusterImpl-8fbc82c0-848a-4a6b-a3b9-d4d40c3d4f3a/datanode-4/meta/datanode.id
2020-05-13 00:32:30,735 [main] INFO  impl.RaftServerProxy (ConfUtils.java:logGet(44)) - raft.rpc.type = GRPC (default)
2020-05-13 00:32:30,735 [main] INFO  grpc.GrpcFactory (GrpcFactory.java:checkPooledByteBufAllocatorUseCacheForAllThreads(45)) - PERFORMANCE WARNING: useCacheForAllThreads is true that may cause Netty to create a lot garbage objects and, as a result, trigger GC.
	It is recommended to disable useCacheForAllThreads by setting -Dorg.apache.ratis.thirdparty.io.netty.allocator.useCacheForAllThreads=false in command line.
2020-05-13 00:32:30,735 [main] INFO  grpc.GrpcConfigKeys (ConfUtils.java:logGet(44)) - raft.grpc.server.port = 0 (default)
2020-05-13 00:32:30,735 [main] INFO  server.GrpcService (ConfUtils.java:logGet(44)) - raft.grpc.message.size.max = 32MB (=33554432) (custom)
2020-05-13 00:32:30,735 [main] INFO  server.RaftServerConfigKeys (ConfUtils.java:logGet(44)) - raft.server.log.appender.buffer.byte-limit = 33554432 (custom)
2020-05-13 00:32:30,735 [main] INFO  server.GrpcService (ConfUtils.java:logGet(44)) - raft.grpc.flow.control.window = 5MB (=5242880) (custom)
2020-05-13 00:32:30,736 [main] INFO  server.RaftServerConfigKeys (ConfUtils.java:logGet(44)) - raft.server.rpc.request.timeout = 60s (custom)
2020-05-13 00:32:30,737 [main] INFO  server.RaftServerConfigKeys (ConfUtils.java:logGet(44)) - raft.server.storage.dir = [/github/workspace/mnt/ozone/hadoop-ozone/integration-test/target/test-dir/MiniOzoneClusterImpl-8fbc82c0-848a-4a6b-a3b9-d4d40c3d4f3a/datanode-5/data/ratis] (custom)
2020-05-13 00:32:30,742 [main] INFO  http.BaseHttpServer (BaseHttpServer.java:newHttpServer2BuilderForOzone(205)) - Starting Web-server for hddsDatanode at: http://0.0.0.0:0
2020-05-13 00:32:30,742 [main] INFO  http.BaseHttpServer (BaseHttpServer.java:<init>(106)) - Hadoop Security Enabled: false Ozone Security Enabled: false Ozone HTTP Security Enabled: false 
2020-05-13 00:32:30,743 [main] INFO  server.AuthenticationFilter (AuthenticationFilter.java:constructSecretProvider(240)) - Unable to initialize FileSignerSecretProvider, falling back to use random secrets.
2020-05-13 00:32:30,744 [main] WARN  http.HttpRequestLog (HttpRequestLog.java:getRequestLog(103)) - Jetty request log can only be enabled using Log4j
2020-05-13 00:32:30,745 [main] INFO  http.HttpServer2 (HttpServer2.java:addGlobalFilter(993)) - Added global filter 'safety' (class=org.apache.hadoop.hdds.server.http.HttpServer2$QuotingInputFilter)
2020-05-13 00:32:30,745 [main] INFO  http.HttpServer2 (HttpServer2.java:addFilter(969)) - Added filter authentication (class=org.apache.hadoop.security.authentication.server.AuthenticationFilter) to context hddsDatanode
2020-05-13 00:32:30,745 [main] INFO  http.HttpServer2 (HttpServer2.java:addFilter(977)) - Added filter authentication (class=org.apache.hadoop.security.authentication.server.AuthenticationFilter) to context static
2020-05-13 00:32:30,745 [main] INFO  http.HttpServer2 (HttpServer2.java:addFilter(977)) - Added filter authentication (class=org.apache.hadoop.security.authentication.server.AuthenticationFilter) to context logs
2020-05-13 00:32:30,746 [main] INFO  http.HttpServer2 (HttpServer2.java:bindListener(1211)) - Jetty bound to port 38291
2020-05-13 00:32:30,747 [main] INFO  server.Server (Server.java:doStart(359)) - jetty-9.4.26.v20200117; built: 2020-01-17T12:35:33.676Z; git: 7b38981d25d14afb4a12ff1f2596756144edf695; jvm 1.8.0_232-b09
2020-05-13 00:32:30,750 [main] INFO  server.session (DefaultSessionIdManager.java:doStart(333)) - DefaultSessionIdManager workerName=node0
2020-05-13 00:32:30,750 [main] INFO  server.session (DefaultSessionIdManager.java:doStart(338)) - No SessionScavenger set, using defaults
2020-05-13 00:32:30,750 [main] INFO  server.session (HouseKeeper.java:startScavenging(140)) - node0 Scavenging every 660000ms
2020-05-13 00:32:30,752 [main] INFO  server.AuthenticationFilter (AuthenticationFilter.java:constructSecretProvider(240)) - Unable to initialize FileSignerSecretProvider, falling back to use random secrets.
2020-05-13 00:32:30,754 [main] INFO  handler.ContextHandler (ContextHandler.java:doStart(825)) - Started o.e.j.s.ServletContextHandler@36776af9{logs,/logs,file:///github/workspace/mnt/ozone/hadoop-ozone/integration-test/target/log,AVAILABLE}
2020-05-13 00:32:30,754 [main] INFO  handler.ContextHandler (ContextHandler.java:doStart(825)) - Started o.e.j.s.ServletContextHandler@6bf41db8{static,/static,jar:file:/home/user/.m2/repository/org/apache/hadoop/hadoop-hdds-container-service/0.6.0-SNAPSHOT/hadoop-hdds-container-service-0.6.0-SNAPSHOT.jar!/webapps/static,AVAILABLE}
2020-05-13 00:32:30,785 [main] INFO  handler.ContextHandler (ContextHandler.java:doStart(825)) - Started o.e.j.w.WebAppContext@8ca92ee{hddsDatanode,/,file:///tmp/jetty-0_0_0_0-38291-hadoop-hdds-container-service-0_6_0-SNAPSHOT_jar-_-any-5878158169605046239.dir/webapp/,AVAILABLE}{jar:file:/home/user/.m2/repository/org/apache/hadoop/hadoop-hdds-container-service/0.6.0-SNAPSHOT/hadoop-hdds-container-service-0.6.0-SNAPSHOT.jar!/webapps/hddsDatanode}
2020-05-13 00:32:30,787 [main] INFO  server.AbstractConnector (AbstractConnector.java:doStart(330)) - Started ServerConnector@50fc74a8{HTTP/1.1,[http/1.1]}{0.0.0.0:38291}
2020-05-13 00:32:30,788 [main] INFO  server.Server (Server.java:doStart(399)) - Started @6930ms
2020-05-13 00:32:30,788 [main] WARN  impl.MetricsSystemImpl (MetricsSystemImpl.java:register(276)) - Sink prometheus already exists!
2020-05-13 00:32:30,791 [main] INFO  http.BaseHttpServer (BaseHttpServer.java:updateConnectorAddress(325)) - HTTP server of hddsDatanode listening at http://0.0.0.0:38291
2020-05-13 00:32:30,792 [main] INFO  impl.MetricsSystemImpl (MetricsSystemImpl.java:init(158)) - HddsDatanode metrics system started (again)
2020-05-13 00:32:30,794 [main] INFO  ozone.HddsDatanodeService (HddsDatanodeService.java:start(204)) - HddsDatanodeService host:c009cc83f362 ip:172.17.0.2
2020-05-13 00:32:30,804 [main] INFO  volume.HddsVolume (HddsVolume.java:<init>(176)) - Creating Volume: /github/workspace/mnt/ozone/hadoop-ozone/integration-test/target/test-dir/MiniOzoneClusterImpl-8fbc82c0-848a-4a6b-a3b9-d4d40c3d4f3a/datanode-6/data-0/containers/hdds of storage type : DISK and capacity : 9223372036854775807
2020-05-13 00:32:30,804 [main] INFO  volume.MutableVolumeSet (MutableVolumeSet.java:initializeVolumeSet(181)) - Added Volume : /github/workspace/mnt/ozone/hadoop-ozone/integration-test/target/test-dir/MiniOzoneClusterImpl-8fbc82c0-848a-4a6b-a3b9-d4d40c3d4f3a/datanode-6/data-0/containers/hdds to VolumeSet
2020-05-13 00:32:30,804 [main] INFO  volume.ThrottledAsyncChecker (ThrottledAsyncChecker.java:schedule(141)) - Scheduling a check for /github/workspace/mnt/ozone/hadoop-ozone/integration-test/target/test-dir/MiniOzoneClusterImpl-8fbc82c0-848a-4a6b-a3b9-d4d40c3d4f3a/datanode-6/data-0/containers/hdds
2020-05-13 00:32:30,809 [main] INFO  volume.HddsVolumeChecker (HddsVolumeChecker.java:checkAllVolumes(200)) - Scheduled health check for volume /github/workspace/mnt/ozone/hadoop-ozone/integration-test/target/test-dir/MiniOzoneClusterImpl-8fbc82c0-848a-4a6b-a3b9-d4d40c3d4f3a/datanode-6/data-0/containers/hdds
2020-05-13 00:32:30,833 [org.apache.hadoop.util.JvmPauseMonitor$Monitor@4c3b47e0] INFO  util.JvmPauseMonitor (JvmPauseMonitor.java:run(188)) - Starting JVM pause monitor
2020-05-13 00:32:30,844 [main] INFO  impl.RaftServerProxy (ConfUtils.java:logGet(44)) - raft.rpc.type = GRPC (default)
2020-05-13 00:32:30,844 [main] INFO  grpc.GrpcFactory (GrpcFactory.java:checkPooledByteBufAllocatorUseCacheForAllThreads(45)) - PERFORMANCE WARNING: useCacheForAllThreads is true that may cause Netty to create a lot garbage objects and, as a result, trigger GC.
	It is recommended to disable useCacheForAllThreads by setting -Dorg.apache.ratis.thirdparty.io.netty.allocator.useCacheForAllThreads=false in command line.
2020-05-13 00:32:30,845 [main] INFO  grpc.GrpcConfigKeys (ConfUtils.java:logGet(44)) - raft.grpc.server.port = 0 (default)
2020-05-13 00:32:30,846 [main] INFO  server.GrpcService (ConfUtils.java:logGet(44)) - raft.grpc.message.size.max = 32MB (=33554432) (custom)
2020-05-13 00:32:30,846 [main] INFO  server.RaftServerConfigKeys (ConfUtils.java:logGet(44)) - raft.server.log.appender.buffer.byte-limit = 33554432 (custom)
2020-05-13 00:32:30,846 [main] INFO  server.GrpcService (ConfUtils.java:logGet(44)) - raft.grpc.flow.control.window = 5MB (=5242880) (custom)
2020-05-13 00:32:30,846 [main] INFO  server.RaftServerConfigKeys (ConfUtils.java:logGet(44)) - raft.server.rpc.request.timeout = 60s (custom)
2020-05-13 00:32:30,848 [main] INFO  server.RaftServerConfigKeys (ConfUtils.java:logGet(44)) - raft.server.storage.dir = [/github/workspace/mnt/ozone/hadoop-ozone/integration-test/target/test-dir/MiniOzoneClusterImpl-8fbc82c0-848a-4a6b-a3b9-d4d40c3d4f3a/datanode-6/data/ratis] (custom)
2020-05-13 00:32:30,850 [Datanode State Machine Thread - 0] INFO  datanode.InitDatanodeState (InitDatanodeState.java:persistContainerDatanodeDetails(145)) - DatanodeDetails is persisted to /github/workspace/mnt/ozone/hadoop-ozone/integration-test/target/test-dir/MiniOzoneClusterImpl-8fbc82c0-848a-4a6b-a3b9-d4d40c3d4f3a/datanode-5/meta/datanode.id
2020-05-13 00:32:30,853 [main] INFO  http.BaseHttpServer (BaseHttpServer.java:newHttpServer2BuilderForOzone(205)) - Starting Web-server for hddsDatanode at: http://0.0.0.0:0
2020-05-13 00:32:30,853 [main] INFO  http.BaseHttpServer (BaseHttpServer.java:<init>(106)) - Hadoop Security Enabled: false Ozone Security Enabled: false Ozone HTTP Security Enabled: false 
2020-05-13 00:32:30,854 [main] INFO  server.AuthenticationFilter (AuthenticationFilter.java:constructSecretProvider(240)) - Unable to initialize FileSignerSecretProvider, falling back to use random secrets.
2020-05-13 00:32:30,855 [main] WARN  http.HttpRequestLog (HttpRequestLog.java:getRequestLog(103)) - Jetty request log can only be enabled using Log4j
2020-05-13 00:32:30,856 [main] INFO  http.HttpServer2 (HttpServer2.java:addGlobalFilter(993)) - Added global filter 'safety' (class=org.apache.hadoop.hdds.server.http.HttpServer2$QuotingInputFilter)
2020-05-13 00:32:30,859 [main] INFO  http.HttpServer2 (HttpServer2.java:addFilter(969)) - Added filter authentication (class=org.apache.hadoop.security.authentication.server.AuthenticationFilter) to context hddsDatanode
2020-05-13 00:32:30,859 [main] INFO  http.HttpServer2 (HttpServer2.java:addFilter(977)) - Added filter authentication (class=org.apache.hadoop.security.authentication.server.AuthenticationFilter) to context logs
2020-05-13 00:32:30,859 [main] INFO  http.HttpServer2 (HttpServer2.java:addFilter(977)) - Added filter authentication (class=org.apache.hadoop.security.authentication.server.AuthenticationFilter) to context static
2020-05-13 00:32:30,860 [main] INFO  http.HttpServer2 (HttpServer2.java:bindListener(1211)) - Jetty bound to port 46365
2020-05-13 00:32:30,860 [main] INFO  server.Server (Server.java:doStart(359)) - jetty-9.4.26.v20200117; built: 2020-01-17T12:35:33.676Z; git: 7b38981d25d14afb4a12ff1f2596756144edf695; jvm 1.8.0_232-b09
2020-05-13 00:32:30,863 [main] INFO  server.session (DefaultSessionIdManager.java:doStart(333)) - DefaultSessionIdManager workerName=node0
2020-05-13 00:32:30,863 [main] INFO  server.session (DefaultSessionIdManager.java:doStart(338)) - No SessionScavenger set, using defaults
2020-05-13 00:32:30,863 [main] INFO  server.session (HouseKeeper.java:startScavenging(140)) - node0 Scavenging every 600000ms
2020-05-13 00:32:30,865 [main] INFO  server.AuthenticationFilter (AuthenticationFilter.java:constructSecretProvider(240)) - Unable to initialize FileSignerSecretProvider, falling back to use random secrets.
2020-05-13 00:32:30,869 [main] INFO  handler.ContextHandler (ContextHandler.java:doStart(825)) - Started o.e.j.s.ServletContextHandler@2af259c3{logs,/logs,file:///github/workspace/mnt/ozone/hadoop-ozone/integration-test/target/log,AVAILABLE}
2020-05-13 00:32:30,869 [main] INFO  handler.ContextHandler (ContextHandler.java:doStart(825)) - Started o.e.j.s.ServletContextHandler@769e210b{static,/static,jar:file:/home/user/.m2/repository/org/apache/hadoop/hadoop-hdds-container-service/0.6.0-SNAPSHOT/hadoop-hdds-container-service-0.6.0-SNAPSHOT.jar!/webapps/static,AVAILABLE}
2020-05-13 00:32:30,899 [main] INFO  handler.ContextHandler (ContextHandler.java:doStart(825)) - Started o.e.j.w.WebAppContext@3aedbf69{hddsDatanode,/,file:///tmp/jetty-0_0_0_0-46365-hadoop-hdds-container-service-0_6_0-SNAPSHOT_jar-_-any-8338799772136394492.dir/webapp/,AVAILABLE}{jar:file:/home/user/.m2/repository/org/apache/hadoop/hadoop-hdds-container-service/0.6.0-SNAPSHOT/hadoop-hdds-container-service-0.6.0-SNAPSHOT.jar!/webapps/hddsDatanode}
2020-05-13 00:32:30,901 [main] INFO  server.AbstractConnector (AbstractConnector.java:doStart(330)) - Started ServerConnector@23067372{HTTP/1.1,[http/1.1]}{0.0.0.0:46365}
2020-05-13 00:32:30,901 [main] INFO  server.Server (Server.java:doStart(399)) - Started @7044ms
2020-05-13 00:32:30,901 [main] WARN  impl.MetricsSystemImpl (MetricsSystemImpl.java:register(276)) - Sink prometheus already exists!
2020-05-13 00:32:30,905 [main] INFO  http.BaseHttpServer (BaseHttpServer.java:updateConnectorAddress(325)) - HTTP server of hddsDatanode listening at http://0.0.0.0:46365
2020-05-13 00:32:30,905 [main] INFO  impl.MetricsSystemImpl (MetricsSystemImpl.java:init(158)) - HddsDatanode metrics system started (again)
2020-05-13 00:32:30,909 [main] INFO  ozone.HddsDatanodeService (HddsDatanodeService.java:start(204)) - HddsDatanodeService host:c009cc83f362 ip:172.17.0.2
2020-05-13 00:32:30,913 [org.apache.hadoop.util.JvmPauseMonitor$Monitor@5f86c55e] INFO  util.JvmPauseMonitor (JvmPauseMonitor.java:run(188)) - Starting JVM pause monitor
2020-05-13 00:32:30,911 [Datanode State Machine Thread - 0] INFO  datanode.InitDatanodeState (InitDatanodeState.java:persistContainerDatanodeDetails(145)) - DatanodeDetails is persisted to /github/workspace/mnt/ozone/hadoop-ozone/integration-test/target/test-dir/MiniOzoneClusterImpl-8fbc82c0-848a-4a6b-a3b9-d4d40c3d4f3a/datanode-6/meta/datanode.id
2020-05-13 00:32:30,920 [main] INFO  volume.HddsVolume (HddsVolume.java:<init>(176)) - Creating Volume: /github/workspace/mnt/ozone/hadoop-ozone/integration-test/target/test-dir/MiniOzoneClusterImpl-8fbc82c0-848a-4a6b-a3b9-d4d40c3d4f3a/datanode-7/data-0/containers/hdds of storage type : DISK and capacity : 9223372036854775807
2020-05-13 00:32:30,920 [main] INFO  volume.MutableVolumeSet (MutableVolumeSet.java:initializeVolumeSet(181)) - Added Volume : /github/workspace/mnt/ozone/hadoop-ozone/integration-test/target/test-dir/MiniOzoneClusterImpl-8fbc82c0-848a-4a6b-a3b9-d4d40c3d4f3a/datanode-7/data-0/containers/hdds to VolumeSet
2020-05-13 00:32:30,921 [main] INFO  volume.ThrottledAsyncChecker (ThrottledAsyncChecker.java:schedule(141)) - Scheduling a check for /github/workspace/mnt/ozone/hadoop-ozone/integration-test/target/test-dir/MiniOzoneClusterImpl-8fbc82c0-848a-4a6b-a3b9-d4d40c3d4f3a/datanode-7/data-0/containers/hdds
2020-05-13 00:32:30,921 [main] INFO  volume.HddsVolumeChecker (HddsVolumeChecker.java:checkAllVolumes(200)) - Scheduled health check for volume /github/workspace/mnt/ozone/hadoop-ozone/integration-test/target/test-dir/MiniOzoneClusterImpl-8fbc82c0-848a-4a6b-a3b9-d4d40c3d4f3a/datanode-7/data-0/containers/hdds
2020-05-13 00:32:30,941 [main] INFO  impl.RaftServerProxy (ConfUtils.java:logGet(44)) - raft.rpc.type = GRPC (default)
2020-05-13 00:32:30,942 [main] INFO  grpc.GrpcFactory (GrpcFactory.java:checkPooledByteBufAllocatorUseCacheForAllThreads(45)) - PERFORMANCE WARNING: useCacheForAllThreads is true that may cause Netty to create a lot garbage objects and, as a result, trigger GC.
	It is recommended to disable useCacheForAllThreads by setting -Dorg.apache.ratis.thirdparty.io.netty.allocator.useCacheForAllThreads=false in command line.
2020-05-13 00:32:30,942 [main] INFO  grpc.GrpcConfigKeys (ConfUtils.java:logGet(44)) - raft.grpc.server.port = 0 (default)
2020-05-13 00:32:30,942 [main] INFO  server.GrpcService (ConfUtils.java:logGet(44)) - raft.grpc.message.size.max = 32MB (=33554432) (custom)
2020-05-13 00:32:30,943 [main] INFO  server.RaftServerConfigKeys (ConfUtils.java:logGet(44)) - raft.server.log.appender.buffer.byte-limit = 33554432 (custom)
2020-05-13 00:32:30,943 [main] INFO  server.GrpcService (ConfUtils.java:logGet(44)) - raft.grpc.flow.control.window = 5MB (=5242880) (custom)
2020-05-13 00:32:30,943 [main] INFO  server.RaftServerConfigKeys (ConfUtils.java:logGet(44)) - raft.server.rpc.request.timeout = 60s (custom)
2020-05-13 00:32:30,945 [main] INFO  server.RaftServerConfigKeys (ConfUtils.java:logGet(44)) - raft.server.storage.dir = [/github/workspace/mnt/ozone/hadoop-ozone/integration-test/target/test-dir/MiniOzoneClusterImpl-8fbc82c0-848a-4a6b-a3b9-d4d40c3d4f3a/datanode-7/data/ratis] (custom)
2020-05-13 00:32:30,950 [main] INFO  http.BaseHttpServer (BaseHttpServer.java:newHttpServer2BuilderForOzone(205)) - Starting Web-server for hddsDatanode at: http://0.0.0.0:0
2020-05-13 00:32:30,950 [main] INFO  http.BaseHttpServer (BaseHttpServer.java:<init>(106)) - Hadoop Security Enabled: false Ozone Security Enabled: false Ozone HTTP Security Enabled: false 
2020-05-13 00:32:30,951 [main] INFO  server.AuthenticationFilter (AuthenticationFilter.java:constructSecretProvider(240)) - Unable to initialize FileSignerSecretProvider, falling back to use random secrets.
2020-05-13 00:32:30,952 [main] WARN  http.HttpRequestLog (HttpRequestLog.java:getRequestLog(103)) - Jetty request log can only be enabled using Log4j
2020-05-13 00:32:30,953 [main] INFO  http.HttpServer2 (HttpServer2.java:addGlobalFilter(993)) - Added global filter 'safety' (class=org.apache.hadoop.hdds.server.http.HttpServer2$QuotingInputFilter)
2020-05-13 00:32:30,954 [main] INFO  http.HttpServer2 (HttpServer2.java:addFilter(969)) - Added filter authentication (class=org.apache.hadoop.security.authentication.server.AuthenticationFilter) to context hddsDatanode
2020-05-13 00:32:30,954 [main] INFO  http.HttpServer2 (HttpServer2.java:addFilter(977)) - Added filter authentication (class=org.apache.hadoop.security.authentication.server.AuthenticationFilter) to context logs
2020-05-13 00:32:30,954 [main] INFO  http.HttpServer2 (HttpServer2.java:addFilter(977)) - Added filter authentication (class=org.apache.hadoop.security.authentication.server.AuthenticationFilter) to context static
2020-05-13 00:32:30,955 [main] INFO  http.HttpServer2 (HttpServer2.java:bindListener(1211)) - Jetty bound to port 38307
2020-05-13 00:32:30,955 [main] INFO  server.Server (Server.java:doStart(359)) - jetty-9.4.26.v20200117; built: 2020-01-17T12:35:33.676Z; git: 7b38981d25d14afb4a12ff1f2596756144edf695; jvm 1.8.0_232-b09
2020-05-13 00:32:30,958 [main] INFO  server.session (DefaultSessionIdManager.java:doStart(333)) - DefaultSessionIdManager workerName=node0
2020-05-13 00:32:30,958 [main] INFO  server.session (DefaultSessionIdManager.java:doStart(338)) - No SessionScavenger set, using defaults
2020-05-13 00:32:30,959 [main] INFO  server.session (HouseKeeper.java:startScavenging(140)) - node0 Scavenging every 660000ms
2020-05-13 00:32:30,959 [main] INFO  server.AuthenticationFilter (AuthenticationFilter.java:constructSecretProvider(240)) - Unable to initialize FileSignerSecretProvider, falling back to use random secrets.
2020-05-13 00:32:30,961 [main] INFO  handler.ContextHandler (ContextHandler.java:doStart(825)) - Started o.e.j.s.ServletContextHandler@62b00604{logs,/logs,file:///github/workspace/mnt/ozone/hadoop-ozone/integration-test/target/log,AVAILABLE}
2020-05-13 00:32:30,961 [main] INFO  handler.ContextHandler (ContextHandler.java:doStart(825)) - Started o.e.j.s.ServletContextHandler@74a8b8bd{static,/static,jar:file:/home/user/.m2/repository/org/apache/hadoop/hadoop-hdds-container-service/0.6.0-SNAPSHOT/hadoop-hdds-container-service-0.6.0-SNAPSHOT.jar!/webapps/static,AVAILABLE}
2020-05-13 00:32:30,993 [main] INFO  handler.ContextHandler (ContextHandler.java:doStart(825)) - Started o.e.j.w.WebAppContext@723e9e3a{hddsDatanode,/,file:///tmp/jetty-0_0_0_0-38307-hadoop-hdds-container-service-0_6_0-SNAPSHOT_jar-_-any-359280544554927021.dir/webapp/,AVAILABLE}{jar:file:/home/user/.m2/repository/org/apache/hadoop/hadoop-hdds-container-service/0.6.0-SNAPSHOT/hadoop-hdds-container-service-0.6.0-SNAPSHOT.jar!/webapps/hddsDatanode}
2020-05-13 00:32:30,995 [main] INFO  server.AbstractConnector (AbstractConnector.java:doStart(330)) - Started ServerConnector@2953d16c{HTTP/1.1,[http/1.1]}{0.0.0.0:38307}
2020-05-13 00:32:30,995 [main] INFO  server.Server (Server.java:doStart(399)) - Started @7138ms
2020-05-13 00:32:30,995 [main] WARN  impl.MetricsSystemImpl (MetricsSystemImpl.java:register(276)) - Sink prometheus already exists!
2020-05-13 00:32:30,998 [main] INFO  http.BaseHttpServer (BaseHttpServer.java:updateConnectorAddress(325)) - HTTP server of hddsDatanode listening at http://0.0.0.0:38307
2020-05-13 00:32:31,000 [main] INFO  impl.MetricsSystemImpl (MetricsSystemImpl.java:init(158)) - HddsDatanode metrics system started (again)
2020-05-13 00:32:31,005 [main] INFO  ozone.HddsDatanodeService (HddsDatanodeService.java:start(204)) - HddsDatanodeService host:c009cc83f362 ip:172.17.0.2
2020-05-13 00:32:31,008 [org.apache.hadoop.util.JvmPauseMonitor$Monitor@63e3e07e] INFO  util.JvmPauseMonitor (JvmPauseMonitor.java:run(188)) - Starting JVM pause monitor
2020-05-13 00:32:31,015 [Datanode State Machine Thread - 0] INFO  datanode.InitDatanodeState (InitDatanodeState.java:persistContainerDatanodeDetails(145)) - DatanodeDetails is persisted to /github/workspace/mnt/ozone/hadoop-ozone/integration-test/target/test-dir/MiniOzoneClusterImpl-8fbc82c0-848a-4a6b-a3b9-d4d40c3d4f3a/datanode-7/meta/datanode.id
2020-05-13 00:32:31,017 [main] INFO  volume.HddsVolume (HddsVolume.java:<init>(176)) - Creating Volume: /github/workspace/mnt/ozone/hadoop-ozone/integration-test/target/test-dir/MiniOzoneClusterImpl-8fbc82c0-848a-4a6b-a3b9-d4d40c3d4f3a/datanode-8/data-0/containers/hdds of storage type : DISK and capacity : 9223372036854775807
2020-05-13 00:32:31,017 [main] INFO  volume.MutableVolumeSet (MutableVolumeSet.java:initializeVolumeSet(181)) - Added Volume : /github/workspace/mnt/ozone/hadoop-ozone/integration-test/target/test-dir/MiniOzoneClusterImpl-8fbc82c0-848a-4a6b-a3b9-d4d40c3d4f3a/datanode-8/data-0/containers/hdds to VolumeSet
2020-05-13 00:32:31,017 [main] INFO  volume.ThrottledAsyncChecker (ThrottledAsyncChecker.java:schedule(141)) - Scheduling a check for /github/workspace/mnt/ozone/hadoop-ozone/integration-test/target/test-dir/MiniOzoneClusterImpl-8fbc82c0-848a-4a6b-a3b9-d4d40c3d4f3a/datanode-8/data-0/containers/hdds
2020-05-13 00:32:31,018 [main] INFO  volume.HddsVolumeChecker (HddsVolumeChecker.java:checkAllVolumes(200)) - Scheduled health check for volume /github/workspace/mnt/ozone/hadoop-ozone/integration-test/target/test-dir/MiniOzoneClusterImpl-8fbc82c0-848a-4a6b-a3b9-d4d40c3d4f3a/datanode-8/data-0/containers/hdds
2020-05-13 00:32:31,058 [main] INFO  impl.RaftServerProxy (ConfUtils.java:logGet(44)) - raft.rpc.type = GRPC (default)
2020-05-13 00:32:31,058 [main] INFO  grpc.GrpcFactory (GrpcFactory.java:checkPooledByteBufAllocatorUseCacheForAllThreads(45)) - PERFORMANCE WARNING: useCacheForAllThreads is true that may cause Netty to create a lot garbage objects and, as a result, trigger GC.
	It is recommended to disable useCacheForAllThreads by setting -Dorg.apache.ratis.thirdparty.io.netty.allocator.useCacheForAllThreads=false in command line.
2020-05-13 00:32:31,058 [main] INFO  grpc.GrpcConfigKeys (ConfUtils.java:logGet(44)) - raft.grpc.server.port = 0 (default)
2020-05-13 00:32:31,058 [main] INFO  server.GrpcService (ConfUtils.java:logGet(44)) - raft.grpc.message.size.max = 32MB (=33554432) (custom)
2020-05-13 00:32:31,058 [main] INFO  server.RaftServerConfigKeys (ConfUtils.java:logGet(44)) - raft.server.log.appender.buffer.byte-limit = 33554432 (custom)
2020-05-13 00:32:31,058 [main] INFO  server.GrpcService (ConfUtils.java:logGet(44)) - raft.grpc.flow.control.window = 5MB (=5242880) (custom)
2020-05-13 00:32:31,059 [main] INFO  server.RaftServerConfigKeys (ConfUtils.java:logGet(44)) - raft.server.rpc.request.timeout = 60s (custom)
2020-05-13 00:32:31,060 [main] INFO  server.RaftServerConfigKeys (ConfUtils.java:logGet(44)) - raft.server.storage.dir = [/github/workspace/mnt/ozone/hadoop-ozone/integration-test/target/test-dir/MiniOzoneClusterImpl-8fbc82c0-848a-4a6b-a3b9-d4d40c3d4f3a/datanode-8/data/ratis] (custom)
2020-05-13 00:32:31,068 [main] INFO  http.BaseHttpServer (BaseHttpServer.java:newHttpServer2BuilderForOzone(205)) - Starting Web-server for hddsDatanode at: http://0.0.0.0:0
2020-05-13 00:32:31,068 [main] INFO  http.BaseHttpServer (BaseHttpServer.java:<init>(106)) - Hadoop Security Enabled: false Ozone Security Enabled: false Ozone HTTP Security Enabled: false 
2020-05-13 00:32:31,070 [main] INFO  server.AuthenticationFilter (AuthenticationFilter.java:constructSecretProvider(240)) - Unable to initialize FileSignerSecretProvider, falling back to use random secrets.
2020-05-13 00:32:31,079 [main] WARN  http.HttpRequestLog (HttpRequestLog.java:getRequestLog(103)) - Jetty request log can only be enabled using Log4j
2020-05-13 00:32:31,080 [main] INFO  http.HttpServer2 (HttpServer2.java:addGlobalFilter(993)) - Added global filter 'safety' (class=org.apache.hadoop.hdds.server.http.HttpServer2$QuotingInputFilter)
2020-05-13 00:32:31,081 [main] INFO  http.HttpServer2 (HttpServer2.java:addFilter(969)) - Added filter authentication (class=org.apache.hadoop.security.authentication.server.AuthenticationFilter) to context hddsDatanode
2020-05-13 00:32:31,081 [main] INFO  http.HttpServer2 (HttpServer2.java:addFilter(977)) - Added filter authentication (class=org.apache.hadoop.security.authentication.server.AuthenticationFilter) to context logs
2020-05-13 00:32:31,082 [main] INFO  http.HttpServer2 (HttpServer2.java:addFilter(977)) - Added filter authentication (class=org.apache.hadoop.security.authentication.server.AuthenticationFilter) to context static
2020-05-13 00:32:31,082 [main] INFO  http.HttpServer2 (HttpServer2.java:bindListener(1211)) - Jetty bound to port 37959
2020-05-13 00:32:31,082 [main] INFO  server.Server (Server.java:doStart(359)) - jetty-9.4.26.v20200117; built: 2020-01-17T12:35:33.676Z; git: 7b38981d25d14afb4a12ff1f2596756144edf695; jvm 1.8.0_232-b09
2020-05-13 00:32:31,090 [main] INFO  server.session (DefaultSessionIdManager.java:doStart(333)) - DefaultSessionIdManager workerName=node0
2020-05-13 00:32:31,090 [main] INFO  server.session (DefaultSessionIdManager.java:doStart(338)) - No SessionScavenger set, using defaults
2020-05-13 00:32:31,090 [main] INFO  server.session (HouseKeeper.java:startScavenging(140)) - node0 Scavenging every 660000ms
2020-05-13 00:32:31,095 [main] INFO  server.AuthenticationFilter (AuthenticationFilter.java:constructSecretProvider(240)) - Unable to initialize FileSignerSecretProvider, falling back to use random secrets.
2020-05-13 00:32:31,095 [main] INFO  handler.ContextHandler (ContextHandler.java:doStart(825)) - Started o.e.j.s.ServletContextHandler@70a594e6{logs,/logs,file:///github/workspace/mnt/ozone/hadoop-ozone/integration-test/target/log,AVAILABLE}
2020-05-13 00:32:31,095 [main] INFO  handler.ContextHandler (ContextHandler.java:doStart(825)) - Started o.e.j.s.ServletContextHandler@7e92eda{static,/static,jar:file:/home/user/.m2/repository/org/apache/hadoop/hadoop-hdds-container-service/0.6.0-SNAPSHOT/hadoop-hdds-container-service-0.6.0-SNAPSHOT.jar!/webapps/static,AVAILABLE}
2020-05-13 00:32:31,130 [main] INFO  handler.ContextHandler (ContextHandler.java:doStart(825)) - Started o.e.j.w.WebAppContext@54a14e38{hddsDatanode,/,file:///tmp/jetty-0_0_0_0-37959-hadoop-hdds-container-service-0_6_0-SNAPSHOT_jar-_-any-7765163965053901390.dir/webapp/,AVAILABLE}{jar:file:/home/user/.m2/repository/org/apache/hadoop/hadoop-hdds-container-service/0.6.0-SNAPSHOT/hadoop-hdds-container-service-0.6.0-SNAPSHOT.jar!/webapps/hddsDatanode}
2020-05-13 00:32:31,131 [main] INFO  server.AbstractConnector (AbstractConnector.java:doStart(330)) - Started ServerConnector@6a7d4402{HTTP/1.1,[http/1.1]}{0.0.0.0:37959}
2020-05-13 00:32:31,131 [main] INFO  server.Server (Server.java:doStart(399)) - Started @7274ms
2020-05-13 00:32:31,131 [main] WARN  impl.MetricsSystemImpl (MetricsSystemImpl.java:register(276)) - Sink prometheus already exists!
2020-05-13 00:32:31,135 [main] INFO  http.BaseHttpServer (BaseHttpServer.java:updateConnectorAddress(325)) - HTTP server of hddsDatanode listening at http://0.0.0.0:37959
2020-05-13 00:32:31,135 [main] INFO  impl.MetricsSystemImpl (MetricsSystemImpl.java:init(158)) - HddsDatanode metrics system started (again)
2020-05-13 00:32:31,137 [main] INFO  ozone.HddsDatanodeService (HddsDatanodeService.java:start(204)) - HddsDatanodeService host:c009cc83f362 ip:172.17.0.2
2020-05-13 00:32:31,140 [main] INFO  volume.HddsVolume (HddsVolume.java:<init>(176)) - Creating Volume: /github/workspace/mnt/ozone/hadoop-ozone/integration-test/target/test-dir/MiniOzoneClusterImpl-8fbc82c0-848a-4a6b-a3b9-d4d40c3d4f3a/datanode-9/data-0/containers/hdds of storage type : DISK and capacity : 9223372036854775807
2020-05-13 00:32:31,140 [main] INFO  volume.MutableVolumeSet (MutableVolumeSet.java:initializeVolumeSet(181)) - Added Volume : /github/workspace/mnt/ozone/hadoop-ozone/integration-test/target/test-dir/MiniOzoneClusterImpl-8fbc82c0-848a-4a6b-a3b9-d4d40c3d4f3a/datanode-9/data-0/containers/hdds to VolumeSet
2020-05-13 00:32:31,140 [main] INFO  volume.ThrottledAsyncChecker (ThrottledAsyncChecker.java:schedule(141)) - Scheduling a check for /github/workspace/mnt/ozone/hadoop-ozone/integration-test/target/test-dir/MiniOzoneClusterImpl-8fbc82c0-848a-4a6b-a3b9-d4d40c3d4f3a/datanode-9/data-0/containers/hdds
2020-05-13 00:32:31,141 [main] INFO  volume.HddsVolumeChecker (HddsVolumeChecker.java:checkAllVolumes(200)) - Scheduled health check for volume /github/workspace/mnt/ozone/hadoop-ozone/integration-test/target/test-dir/MiniOzoneClusterImpl-8fbc82c0-848a-4a6b-a3b9-d4d40c3d4f3a/datanode-9/data-0/containers/hdds
2020-05-13 00:32:31,163 [org.apache.hadoop.util.JvmPauseMonitor$Monitor@78690850] INFO  util.JvmPauseMonitor (JvmPauseMonitor.java:run(188)) - Starting JVM pause monitor
2020-05-13 00:32:31,165 [Datanode State Machine Thread - 0] INFO  datanode.InitDatanodeState (InitDatanodeState.java:persistContainerDatanodeDetails(145)) - DatanodeDetails is persisted to /github/workspace/mnt/ozone/hadoop-ozone/integration-test/target/test-dir/MiniOzoneClusterImpl-8fbc82c0-848a-4a6b-a3b9-d4d40c3d4f3a/datanode-8/meta/datanode.id
2020-05-13 00:32:31,167 [main] INFO  impl.RaftServerProxy (ConfUtils.java:logGet(44)) - raft.rpc.type = GRPC (default)
2020-05-13 00:32:31,168 [main] INFO  grpc.GrpcFactory (GrpcFactory.java:checkPooledByteBufAllocatorUseCacheForAllThreads(45)) - PERFORMANCE WARNING: useCacheForAllThreads is true that may cause Netty to create a lot garbage objects and, as a result, trigger GC.
	It is recommended to disable useCacheForAllThreads by setting -Dorg.apache.ratis.thirdparty.io.netty.allocator.useCacheForAllThreads=false in command line.
2020-05-13 00:32:31,168 [main] INFO  grpc.GrpcConfigKeys (ConfUtils.java:logGet(44)) - raft.grpc.server.port = 0 (default)
2020-05-13 00:32:31,168 [main] INFO  server.GrpcService (ConfUtils.java:logGet(44)) - raft.grpc.message.size.max = 32MB (=33554432) (custom)
2020-05-13 00:32:31,168 [main] INFO  server.RaftServerConfigKeys (ConfUtils.java:logGet(44)) - raft.server.log.appender.buffer.byte-limit = 33554432 (custom)
2020-05-13 00:32:31,168 [main] INFO  server.GrpcService (ConfUtils.java:logGet(44)) - raft.grpc.flow.control.window = 5MB (=5242880) (custom)
2020-05-13 00:32:31,168 [main] INFO  server.RaftServerConfigKeys (ConfUtils.java:logGet(44)) - raft.server.rpc.request.timeout = 60s (custom)
2020-05-13 00:32:31,170 [main] INFO  server.RaftServerConfigKeys (ConfUtils.java:logGet(44)) - raft.server.storage.dir = [/github/workspace/mnt/ozone/hadoop-ozone/integration-test/target/test-dir/MiniOzoneClusterImpl-8fbc82c0-848a-4a6b-a3b9-d4d40c3d4f3a/datanode-9/data/ratis] (custom)
2020-05-13 00:32:31,174 [main] INFO  http.BaseHttpServer (BaseHttpServer.java:newHttpServer2BuilderForOzone(205)) - Starting Web-server for hddsDatanode at: http://0.0.0.0:0
2020-05-13 00:32:31,174 [main] INFO  http.BaseHttpServer (BaseHttpServer.java:<init>(106)) - Hadoop Security Enabled: false Ozone Security Enabled: false Ozone HTTP Security Enabled: false 
2020-05-13 00:32:31,175 [main] INFO  server.AuthenticationFilter (AuthenticationFilter.java:constructSecretProvider(240)) - Unable to initialize FileSignerSecretProvider, falling back to use random secrets.
2020-05-13 00:32:31,175 [main] WARN  http.HttpRequestLog (HttpRequestLog.java:getRequestLog(103)) - Jetty request log can only be enabled using Log4j
2020-05-13 00:32:31,176 [main] INFO  http.HttpServer2 (HttpServer2.java:addGlobalFilter(993)) - Added global filter 'safety' (class=org.apache.hadoop.hdds.server.http.HttpServer2$QuotingInputFilter)
2020-05-13 00:32:31,177 [main] INFO  http.HttpServer2 (HttpServer2.java:addFilter(969)) - Added filter authentication (class=org.apache.hadoop.security.authentication.server.AuthenticationFilter) to context hddsDatanode
2020-05-13 00:32:31,177 [main] INFO  http.HttpServer2 (HttpServer2.java:addFilter(977)) - Added filter authentication (class=org.apache.hadoop.security.authentication.server.AuthenticationFilter) to context logs
2020-05-13 00:32:31,177 [main] INFO  http.HttpServer2 (HttpServer2.java:addFilter(977)) - Added filter authentication (class=org.apache.hadoop.security.authentication.server.AuthenticationFilter) to context static
2020-05-13 00:32:31,177 [main] INFO  http.HttpServer2 (HttpServer2.java:bindListener(1211)) - Jetty bound to port 34317
2020-05-13 00:32:31,177 [main] INFO  server.Server (Server.java:doStart(359)) - jetty-9.4.26.v20200117; built: 2020-01-17T12:35:33.676Z; git: 7b38981d25d14afb4a12ff1f2596756144edf695; jvm 1.8.0_232-b09
2020-05-13 00:32:31,179 [main] INFO  server.session (DefaultSessionIdManager.java:doStart(333)) - DefaultSessionIdManager workerName=node0
2020-05-13 00:32:31,179 [main] INFO  server.session (DefaultSessionIdManager.java:doStart(338)) - No SessionScavenger set, using defaults
2020-05-13 00:32:31,179 [main] INFO  server.session (HouseKeeper.java:startScavenging(140)) - node0 Scavenging every 600000ms
2020-05-13 00:32:31,180 [main] INFO  server.AuthenticationFilter (AuthenticationFilter.java:constructSecretProvider(240)) - Unable to initialize FileSignerSecretProvider, falling back to use random secrets.
2020-05-13 00:32:31,181 [main] INFO  handler.ContextHandler (ContextHandler.java:doStart(825)) - Started o.e.j.s.ServletContextHandler@6906586b{logs,/logs,file:///github/workspace/mnt/ozone/hadoop-ozone/integration-test/target/log,AVAILABLE}
2020-05-13 00:32:31,181 [main] INFO  handler.ContextHandler (ContextHandler.java:doStart(825)) - Started o.e.j.s.ServletContextHandler@1469a956{static,/static,jar:file:/home/user/.m2/repository/org/apache/hadoop/hadoop-hdds-container-service/0.6.0-SNAPSHOT/hadoop-hdds-container-service-0.6.0-SNAPSHOT.jar!/webapps/static,AVAILABLE}
2020-05-13 00:32:31,209 [main] INFO  handler.ContextHandler (ContextHandler.java:doStart(825)) - Started o.e.j.w.WebAppContext@25a3dc63{hddsDatanode,/,file:///tmp/jetty-0_0_0_0-34317-hadoop-hdds-container-service-0_6_0-SNAPSHOT_jar-_-any-6142368490162908674.dir/webapp/,AVAILABLE}{jar:file:/home/user/.m2/repository/org/apache/hadoop/hadoop-hdds-container-service/0.6.0-SNAPSHOT/hadoop-hdds-container-service-0.6.0-SNAPSHOT.jar!/webapps/hddsDatanode}
2020-05-13 00:32:31,210 [main] INFO  server.AbstractConnector (AbstractConnector.java:doStart(330)) - Started ServerConnector@3ea0a810{HTTP/1.1,[http/1.1]}{0.0.0.0:34317}
2020-05-13 00:32:31,210 [main] INFO  server.Server (Server.java:doStart(399)) - Started @7353ms
2020-05-13 00:32:31,210 [main] WARN  impl.MetricsSystemImpl (MetricsSystemImpl.java:register(276)) - Sink prometheus already exists!
2020-05-13 00:32:31,226 [main] INFO  http.BaseHttpServer (BaseHttpServer.java:updateConnectorAddress(325)) - HTTP server of hddsDatanode listening at http://0.0.0.0:34317
2020-05-13 00:32:31,229 [main] INFO  ozone.MiniOzoneClusterImpl (MiniOzoneClusterImpl.java:lambda$waitForClusterToBeReady$0(177)) - Waiting for nodes to be ready. Got 0 of 10 DN Heartbeats.
2020-05-13 00:32:31,229 [main] INFO  ozone.MiniOzoneClusterImpl (MiniOzoneClusterImpl.java:lambda$waitForClusterToBeReady$0(180)) - Waiting for cluster to exit safe mode
2020-05-13 00:32:31,233 [org.apache.hadoop.util.JvmPauseMonitor$Monitor@3c43003f] INFO  util.JvmPauseMonitor (JvmPauseMonitor.java:run(188)) - Starting JVM pause monitor
2020-05-13 00:32:31,238 [Datanode State Machine Thread - 0] INFO  datanode.InitDatanodeState (InitDatanodeState.java:persistContainerDatanodeDetails(145)) - DatanodeDetails is persisted to /github/workspace/mnt/ozone/hadoop-ozone/integration-test/target/test-dir/MiniOzoneClusterImpl-8fbc82c0-848a-4a6b-a3b9-d4d40c3d4f3a/datanode-9/meta/datanode.id
2020-05-13 00:32:32,223 [Datanode State Machine Thread - 0] INFO  ozoneimpl.OzoneContainer (OzoneContainer.java:start(232)) - Attempting to start container services.
2020-05-13 00:32:32,225 [Datanode State Machine Thread - 0] INFO  ozoneimpl.OzoneContainer (OzoneContainer.java:startContainerScrub(196)) - Background container scanner has been disabled.
2020-05-13 00:32:32,226 [Datanode State Machine Thread - 0] INFO  ratis.XceiverServerRatis (XceiverServerRatis.java:start(425)) - Starting XceiverServerRatis cb2e6cf5-1539-404c-9960-dadd65825157 at port 0
2020-05-13 00:32:32,229 [main] INFO  ozone.MiniOzoneClusterImpl (MiniOzoneClusterImpl.java:lambda$waitForClusterToBeReady$0(177)) - Waiting for nodes to be ready. Got 0 of 10 DN Heartbeats.
2020-05-13 00:32:32,229 [main] INFO  ozone.MiniOzoneClusterImpl (MiniOzoneClusterImpl.java:lambda$waitForClusterToBeReady$0(180)) - Waiting for cluster to exit safe mode
2020-05-13 00:32:32,239 [Datanode State Machine Thread - 0] INFO  impl.RaftServerProxy (RaftServerProxy.java:lambda$start$3(299)) - cb2e6cf5-1539-404c-9960-dadd65825157: start RPC server
2020-05-13 00:32:32,327 [Datanode State Machine Thread - 0] INFO  server.GrpcService (GrpcService.java:startImpl(159)) - cb2e6cf5-1539-404c-9960-dadd65825157: GrpcService started, listening on 0.0.0.0/0.0.0.0:36479
2020-05-13 00:32:32,327 [Datanode State Machine Thread - 0] INFO  ratis.XceiverServerRatis (XceiverServerRatis.java:start(437)) - XceiverServerRatis cb2e6cf5-1539-404c-9960-dadd65825157 is started using port 36479
2020-05-13 00:32:32,331 [Datanode State Machine Thread - 0] INFO  server.XceiverServerGrpc (XceiverServerGrpc.java:start(145)) - XceiverServerGrpc cb2e6cf5-1539-404c-9960-dadd65825157 is started using port 38937
2020-05-13 00:32:32,403 [Datanode State Machine Thread - 0] INFO  ozoneimpl.OzoneContainer (OzoneContainer.java:start(232)) - Attempting to start container services.
2020-05-13 00:32:32,408 [Datanode State Machine Thread - 0] INFO  ozoneimpl.OzoneContainer (OzoneContainer.java:startContainerScrub(196)) - Background container scanner has been disabled.
2020-05-13 00:32:32,408 [Datanode State Machine Thread - 0] INFO  ratis.XceiverServerRatis (XceiverServerRatis.java:start(425)) - Starting XceiverServerRatis 92222e62-7016-4f3c-a2fb-dba5b630f443 at port 0
2020-05-13 00:32:32,411 [Datanode State Machine Thread - 0] INFO  impl.RaftServerProxy (RaftServerProxy.java:lambda$start$3(299)) - 92222e62-7016-4f3c-a2fb-dba5b630f443: start RPC server
2020-05-13 00:32:32,416 [Datanode State Machine Thread - 0] INFO  server.GrpcService (GrpcService.java:startImpl(159)) - 92222e62-7016-4f3c-a2fb-dba5b630f443: GrpcService started, listening on 0.0.0.0/0.0.0.0:44117
2020-05-13 00:32:32,416 [Datanode State Machine Thread - 0] INFO  ratis.XceiverServerRatis (XceiverServerRatis.java:start(437)) - XceiverServerRatis 92222e62-7016-4f3c-a2fb-dba5b630f443 is started using port 44117
2020-05-13 00:32:32,417 [Datanode State Machine Thread - 0] INFO  server.XceiverServerGrpc (XceiverServerGrpc.java:start(145)) - XceiverServerGrpc 92222e62-7016-4f3c-a2fb-dba5b630f443 is started using port 39985
2020-05-13 00:32:32,481 [Datanode State Machine Thread - 0] INFO  ozoneimpl.OzoneContainer (OzoneContainer.java:start(232)) - Attempting to start container services.
2020-05-13 00:32:32,481 [Datanode State Machine Thread - 0] INFO  ozoneimpl.OzoneContainer (OzoneContainer.java:startContainerScrub(196)) - Background container scanner has been disabled.
2020-05-13 00:32:32,481 [Datanode State Machine Thread - 0] INFO  ratis.XceiverServerRatis (XceiverServerRatis.java:start(425)) - Starting XceiverServerRatis 87621b82-bda1-44b5-81fb-df8516e176d4 at port 0
2020-05-13 00:32:32,484 [Datanode State Machine Thread - 0] INFO  impl.RaftServerProxy (RaftServerProxy.java:lambda$start$3(299)) - 87621b82-bda1-44b5-81fb-df8516e176d4: start RPC server
2020-05-13 00:32:32,496 [Datanode State Machine Thread - 0] INFO  server.GrpcService (GrpcService.java:startImpl(159)) - 87621b82-bda1-44b5-81fb-df8516e176d4: GrpcService started, listening on 0.0.0.0/0.0.0.0:38053
2020-05-13 00:32:32,497 [Datanode State Machine Thread - 0] INFO  ratis.XceiverServerRatis (XceiverServerRatis.java:start(437)) - XceiverServerRatis 87621b82-bda1-44b5-81fb-df8516e176d4 is started using port 38053
2020-05-13 00:32:32,499 [Datanode State Machine Thread - 0] INFO  server.XceiverServerGrpc (XceiverServerGrpc.java:start(145)) - XceiverServerGrpc 87621b82-bda1-44b5-81fb-df8516e176d4 is started using port 33665
2020-05-13 00:32:32,617 [Datanode State Machine Thread - 0] INFO  ozoneimpl.OzoneContainer (OzoneContainer.java:start(232)) - Attempting to start container services.
2020-05-13 00:32:32,617 [Datanode State Machine Thread - 0] INFO  ozoneimpl.OzoneContainer (OzoneContainer.java:startContainerScrub(196)) - Background container scanner has been disabled.
2020-05-13 00:32:32,618 [Datanode State Machine Thread - 0] INFO  ratis.XceiverServerRatis (XceiverServerRatis.java:start(425)) - Starting XceiverServerRatis 8580d7eb-3f73-47b2-ba6a-8a0e1abfbb25 at port 0
2020-05-13 00:32:32,619 [Datanode State Machine Thread - 0] INFO  impl.RaftServerProxy (RaftServerProxy.java:lambda$start$3(299)) - 8580d7eb-3f73-47b2-ba6a-8a0e1abfbb25: start RPC server
2020-05-13 00:32:32,622 [Datanode State Machine Thread - 0] INFO  server.GrpcService (GrpcService.java:startImpl(159)) - 8580d7eb-3f73-47b2-ba6a-8a0e1abfbb25: GrpcService started, listening on 0.0.0.0/0.0.0.0:35053
2020-05-13 00:32:32,622 [Datanode State Machine Thread - 0] INFO  ratis.XceiverServerRatis (XceiverServerRatis.java:start(437)) - XceiverServerRatis 8580d7eb-3f73-47b2-ba6a-8a0e1abfbb25 is started using port 35053
2020-05-13 00:32:32,624 [Datanode State Machine Thread - 0] INFO  server.XceiverServerGrpc (XceiverServerGrpc.java:start(145)) - XceiverServerGrpc 8580d7eb-3f73-47b2-ba6a-8a0e1abfbb25 is started using port 35035
2020-05-13 00:32:32,725 [Datanode State Machine Thread - 0] INFO  ozoneimpl.OzoneContainer (OzoneContainer.java:start(232)) - Attempting to start container services.
2020-05-13 00:32:32,725 [Datanode State Machine Thread - 0] INFO  ozoneimpl.OzoneContainer (OzoneContainer.java:startContainerScrub(196)) - Background container scanner has been disabled.
2020-05-13 00:32:32,725 [Datanode State Machine Thread - 0] INFO  ratis.XceiverServerRatis (XceiverServerRatis.java:start(425)) - Starting XceiverServerRatis 279d5905-9172-4de8-95e1-bfc467c5ca26 at port 0
2020-05-13 00:32:32,726 [Datanode State Machine Thread - 0] INFO  impl.RaftServerProxy (RaftServerProxy.java:lambda$start$3(299)) - 279d5905-9172-4de8-95e1-bfc467c5ca26: start RPC server
2020-05-13 00:32:32,728 [Datanode State Machine Thread - 0] INFO  server.GrpcService (GrpcService.java:startImpl(159)) - 279d5905-9172-4de8-95e1-bfc467c5ca26: GrpcService started, listening on 0.0.0.0/0.0.0.0:33985
2020-05-13 00:32:32,729 [Datanode State Machine Thread - 0] INFO  ratis.XceiverServerRatis (XceiverServerRatis.java:start(437)) - XceiverServerRatis 279d5905-9172-4de8-95e1-bfc467c5ca26 is started using port 33985
2020-05-13 00:32:32,730 [Datanode State Machine Thread - 0] INFO  server.XceiverServerGrpc (XceiverServerGrpc.java:start(145)) - XceiverServerGrpc 279d5905-9172-4de8-95e1-bfc467c5ca26 is started using port 42017
2020-05-13 00:32:32,833 [Datanode State Machine Thread - 0] INFO  ozoneimpl.OzoneContainer (OzoneContainer.java:start(232)) - Attempting to start container services.
2020-05-13 00:32:32,834 [Datanode State Machine Thread - 0] INFO  ozoneimpl.OzoneContainer (OzoneContainer.java:startContainerScrub(196)) - Background container scanner has been disabled.
2020-05-13 00:32:32,834 [Datanode State Machine Thread - 0] INFO  ratis.XceiverServerRatis (XceiverServerRatis.java:start(425)) - Starting XceiverServerRatis 0f02d056-2e43-4ca8-8a74-02455479cd36 at port 0
2020-05-13 00:32:32,835 [Datanode State Machine Thread - 0] INFO  impl.RaftServerProxy (RaftServerProxy.java:lambda$start$3(299)) - 0f02d056-2e43-4ca8-8a74-02455479cd36: start RPC server
2020-05-13 00:32:32,837 [Datanode State Machine Thread - 0] INFO  server.GrpcService (GrpcService.java:startImpl(159)) - 0f02d056-2e43-4ca8-8a74-02455479cd36: GrpcService started, listening on 0.0.0.0/0.0.0.0:39273
2020-05-13 00:32:32,837 [Datanode State Machine Thread - 0] INFO  ratis.XceiverServerRatis (XceiverServerRatis.java:start(437)) - XceiverServerRatis 0f02d056-2e43-4ca8-8a74-02455479cd36 is started using port 39273
2020-05-13 00:32:32,839 [Datanode State Machine Thread - 0] INFO  server.XceiverServerGrpc (XceiverServerGrpc.java:start(145)) - XceiverServerGrpc 0f02d056-2e43-4ca8-8a74-02455479cd36 is started using port 45399
2020-05-13 00:32:32,912 [Datanode State Machine Thread - 0] INFO  ozoneimpl.OzoneContainer (OzoneContainer.java:start(232)) - Attempting to start container services.
2020-05-13 00:32:32,912 [Datanode State Machine Thread - 0] INFO  ozoneimpl.OzoneContainer (OzoneContainer.java:startContainerScrub(196)) - Background container scanner has been disabled.
2020-05-13 00:32:32,913 [Datanode State Machine Thread - 0] INFO  ratis.XceiverServerRatis (XceiverServerRatis.java:start(425)) - Starting XceiverServerRatis 2380d29a-22e4-4b39-a16b-1ae19cff0813 at port 0
2020-05-13 00:32:32,914 [Datanode State Machine Thread - 0] INFO  impl.RaftServerProxy (RaftServerProxy.java:lambda$start$3(299)) - 2380d29a-22e4-4b39-a16b-1ae19cff0813: start RPC server
2020-05-13 00:32:32,916 [Datanode State Machine Thread - 0] INFO  server.GrpcService (GrpcService.java:startImpl(159)) - 2380d29a-22e4-4b39-a16b-1ae19cff0813: GrpcService started, listening on 0.0.0.0/0.0.0.0:39651
2020-05-13 00:32:32,916 [Datanode State Machine Thread - 0] INFO  ratis.XceiverServerRatis (XceiverServerRatis.java:start(437)) - XceiverServerRatis 2380d29a-22e4-4b39-a16b-1ae19cff0813 is started using port 39651
2020-05-13 00:32:32,917 [Datanode State Machine Thread - 0] INFO  server.XceiverServerGrpc (XceiverServerGrpc.java:start(145)) - XceiverServerGrpc 2380d29a-22e4-4b39-a16b-1ae19cff0813 is started using port 44297
2020-05-13 00:32:33,014 [Datanode State Machine Thread - 0] INFO  ozoneimpl.OzoneContainer (OzoneContainer.java:start(232)) - Attempting to start container services.
2020-05-13 00:32:33,014 [Datanode State Machine Thread - 0] INFO  ozoneimpl.OzoneContainer (OzoneContainer.java:startContainerScrub(196)) - Background container scanner has been disabled.
2020-05-13 00:32:33,014 [Datanode State Machine Thread - 0] INFO  ratis.XceiverServerRatis (XceiverServerRatis.java:start(425)) - Starting XceiverServerRatis b80dc765-6609-46b8-8f0c-c9fb709f505e at port 0
2020-05-13 00:32:33,015 [Datanode State Machine Thread - 0] INFO  impl.RaftServerProxy (RaftServerProxy.java:lambda$start$3(299)) - b80dc765-6609-46b8-8f0c-c9fb709f505e: start RPC server
2020-05-13 00:32:33,018 [Datanode State Machine Thread - 0] INFO  server.GrpcService (GrpcService.java:startImpl(159)) - b80dc765-6609-46b8-8f0c-c9fb709f505e: GrpcService started, listening on 0.0.0.0/0.0.0.0:42811
2020-05-13 00:32:33,018 [Datanode State Machine Thread - 0] INFO  ratis.XceiverServerRatis (XceiverServerRatis.java:start(437)) - XceiverServerRatis b80dc765-6609-46b8-8f0c-c9fb709f505e is started using port 42811
2020-05-13 00:32:33,019 [Datanode State Machine Thread - 0] INFO  server.XceiverServerGrpc (XceiverServerGrpc.java:start(145)) - XceiverServerGrpc b80dc765-6609-46b8-8f0c-c9fb709f505e is started using port 34085
2020-05-13 00:32:33,167 [Datanode State Machine Thread - 0] INFO  ozoneimpl.OzoneContainer (OzoneContainer.java:start(232)) - Attempting to start container services.
2020-05-13 00:32:33,167 [Datanode State Machine Thread - 0] INFO  ozoneimpl.OzoneContainer (OzoneContainer.java:startContainerScrub(196)) - Background container scanner has been disabled.
2020-05-13 00:32:33,167 [Datanode State Machine Thread - 0] INFO  ratis.XceiverServerRatis (XceiverServerRatis.java:start(425)) - Starting XceiverServerRatis f85d3cf5-704f-45fa-88f2-bd2911f2529e at port 0
2020-05-13 00:32:33,168 [Datanode State Machine Thread - 0] INFO  impl.RaftServerProxy (RaftServerProxy.java:lambda$start$3(299)) - f85d3cf5-704f-45fa-88f2-bd2911f2529e: start RPC server
2020-05-13 00:32:33,171 [Datanode State Machine Thread - 0] INFO  server.GrpcService (GrpcService.java:startImpl(159)) - f85d3cf5-704f-45fa-88f2-bd2911f2529e: GrpcService started, listening on 0.0.0.0/0.0.0.0:33103
2020-05-13 00:32:33,171 [Datanode State Machine Thread - 0] INFO  ratis.XceiverServerRatis (XceiverServerRatis.java:start(437)) - XceiverServerRatis f85d3cf5-704f-45fa-88f2-bd2911f2529e is started using port 33103
2020-05-13 00:32:33,173 [Datanode State Machine Thread - 0] INFO  server.XceiverServerGrpc (XceiverServerGrpc.java:start(145)) - XceiverServerGrpc f85d3cf5-704f-45fa-88f2-bd2911f2529e is started using port 40921
2020-05-13 00:32:33,230 [main] INFO  ozone.MiniOzoneClusterImpl (MiniOzoneClusterImpl.java:lambda$waitForClusterToBeReady$0(177)) - Waiting for nodes to be ready. Got 0 of 10 DN Heartbeats.
2020-05-13 00:32:33,230 [main] INFO  ozone.MiniOzoneClusterImpl (MiniOzoneClusterImpl.java:lambda$waitForClusterToBeReady$0(180)) - Waiting for cluster to exit safe mode
2020-05-13 00:32:33,237 [Datanode State Machine Thread - 0] INFO  ozoneimpl.OzoneContainer (OzoneContainer.java:start(232)) - Attempting to start container services.
2020-05-13 00:32:33,238 [Datanode State Machine Thread - 0] INFO  ozoneimpl.OzoneContainer (OzoneContainer.java:startContainerScrub(196)) - Background container scanner has been disabled.
2020-05-13 00:32:33,238 [Datanode State Machine Thread - 0] INFO  ratis.XceiverServerRatis (XceiverServerRatis.java:start(425)) - Starting XceiverServerRatis 6ae0ec67-d464-4727-b1d2-9e3bc637986a at port 0
2020-05-13 00:32:33,239 [Datanode State Machine Thread - 0] INFO  impl.RaftServerProxy (RaftServerProxy.java:lambda$start$3(299)) - 6ae0ec67-d464-4727-b1d2-9e3bc637986a: start RPC server
2020-05-13 00:32:33,241 [Datanode State Machine Thread - 0] INFO  server.GrpcService (GrpcService.java:startImpl(159)) - 6ae0ec67-d464-4727-b1d2-9e3bc637986a: GrpcService started, listening on 0.0.0.0/0.0.0.0:43139
2020-05-13 00:32:33,241 [Datanode State Machine Thread - 0] INFO  ratis.XceiverServerRatis (XceiverServerRatis.java:start(437)) - XceiverServerRatis 6ae0ec67-d464-4727-b1d2-9e3bc637986a is started using port 43139
2020-05-13 00:32:33,247 [Datanode State Machine Thread - 0] INFO  server.XceiverServerGrpc (XceiverServerGrpc.java:start(145)) - XceiverServerGrpc 6ae0ec67-d464-4727-b1d2-9e3bc637986a is started using port 38119
2020-05-13 00:32:34,192 [RatisPipelineUtilsThread] INFO  pipeline.RatisPipelineProvider (RatisPipelineProvider.java:lambda$create$0(138)) - Sending CreatePipelineCommand for pipeline:PipelineID=e8cb1808-720f-4c18-a6ec-51da1458c9c6 to datanode:cb2e6cf5-1539-404c-9960-dadd65825157
2020-05-13 00:32:34,192 [IPC Server handler 3 on 42797] INFO  net.NetworkTopology (NetworkTopologyImpl.java:add(111)) - Added a new node: /default-rack/cb2e6cf5-1539-404c-9960-dadd65825157
2020-05-13 00:32:34,192 [IPC Server handler 3 on 42797] INFO  node.SCMNodeManager (SCMNodeManager.java:register(268)) - Registered Data node : cb2e6cf5-1539-404c-9960-dadd65825157{ip: 172.17.0.2, host: c009cc83f362, networkLocation: /default-rack, certSerialId: null}
2020-05-13 00:32:34,204 [RatisPipelineUtilsThread] INFO  pipeline.PipelineStateManager (PipelineStateManager.java:addPipeline(54)) - Created pipeline Pipeline[ Id: e8cb1808-720f-4c18-a6ec-51da1458c9c6, Nodes: cb2e6cf5-1539-404c-9960-dadd65825157{ip: 172.17.0.2, host: c009cc83f362, networkLocation: /default-rack, certSerialId: null}, Type:RATIS, Factor:ONE, State:ALLOCATED, leaderId:null, CreationTimestamp2020-05-13T00:32:34.189Z]
2020-05-13 00:32:34,206 [EventQueue-NodeRegistrationContainerReportForContainerSafeModeRule] INFO  safemode.SCMSafeModeManager (SCMSafeModeManager.java:validateSafeModeExitRules(213)) - ContainerSafeModeRule rule is successfully validated
2020-05-13 00:32:34,206 [EventQueue-NodeRegistrationContainerReportForDataNodeSafeModeRule] INFO  safemode.SCMSafeModeManager (DataNodeSafeModeRule.java:process(71)) - SCM in safe mode. 1 DataNodes registered, 1 required.
2020-05-13 00:32:34,206 [EventQueue-NodeRegistrationContainerReportForDataNodeSafeModeRule] INFO  safemode.SCMSafeModeManager (SCMSafeModeManager.java:validateSafeModeExitRules(213)) - DataNodeSafeModeRule rule is successfully validated
2020-05-13 00:32:34,206 [EventQueue-NodeRegistrationContainerReportForDataNodeSafeModeRule] INFO  safemode.SCMSafeModeManager (SCMSafeModeManager.java:completePreCheck(241)) - All SCM safe mode pre check rules have passed
2020-05-13 00:32:34,210 [RatisPipelineUtilsThread] ERROR pipeline.SCMPipelineManager (SCMPipelineManager.java:createPipeline(222)) - Failed to create pipeline of type RATIS and factor ONE. Exception: Cannot create pipeline of factor 1 using 0 nodes. Used 1 nodes. Healthy nodes 1
2020-05-13 00:32:34,211 [RatisPipelineUtilsThread] ERROR pipeline.SCMPipelineManager (SCMPipelineManager.java:createPipeline(222)) - Failed to create pipeline of type RATIS and factor ONE. Exception: Cannot create pipeline of factor 1 using 0 nodes. Used 1 nodes. Healthy nodes 1
2020-05-13 00:32:34,211 [RatisPipelineUtilsThread] WARN  pipeline.PipelinePlacementPolicy (PipelinePlacementPolicy.java:filterViableNodes(132)) - Pipeline creation failed due to no sufficient healthy datanodes. Required 3. Found 1.
2020-05-13 00:32:34,212 [RatisPipelineUtilsThread] ERROR pipeline.SCMPipelineManager (SCMPipelineManager.java:createPipeline(222)) - Failed to create pipeline of type RATIS and factor THREE. Exception: Pipeline creation failed due to no sufficient healthy datanodes. Required 3. Found 1.
2020-05-13 00:32:34,230 [main] INFO  ozone.MiniOzoneClusterImpl (MiniOzoneClusterImpl.java:lambda$waitForClusterToBeReady$0(177)) - Waiting for nodes to be ready. Got 1 of 10 DN Heartbeats.
2020-05-13 00:32:34,231 [main] INFO  ozone.MiniOzoneClusterImpl (MiniOzoneClusterImpl.java:lambda$waitForClusterToBeReady$0(180)) - Waiting for cluster to exit safe mode
2020-05-13 00:32:34,401 [IPC Server handler 8 on 42797] INFO  net.NetworkTopology (NetworkTopologyImpl.java:add(111)) - Added a new node: /default-rack/92222e62-7016-4f3c-a2fb-dba5b630f443
2020-05-13 00:32:34,401 [IPC Server handler 8 on 42797] INFO  node.SCMNodeManager (SCMNodeManager.java:register(268)) - Registered Data node : 92222e62-7016-4f3c-a2fb-dba5b630f443{ip: 172.17.0.2, host: c009cc83f362, networkLocation: /default-rack, certSerialId: null}
2020-05-13 00:32:34,401 [EventQueue-NodeRegistrationContainerReportForContainerSafeModeRule] INFO  safemode.SCMSafeModeManager (SCMSafeModeManager.java:validateSafeModeExitRules(213)) - ContainerSafeModeRule rule is successfully validated
2020-05-13 00:32:34,401 [EventQueue-NodeRegistrationContainerReportForDataNodeSafeModeRule] INFO  safemode.SCMSafeModeManager (SCMSafeModeManager.java:validateSafeModeExitRules(213)) - DataNodeSafeModeRule rule is successfully validated
2020-05-13 00:32:34,403 [RatisPipelineUtilsThread] INFO  pipeline.RatisPipelineProvider (RatisPipelineProvider.java:lambda$create$0(138)) - Sending CreatePipelineCommand for pipeline:PipelineID=41886a84-6ee6-40b2-ae77-f713439415b4 to datanode:92222e62-7016-4f3c-a2fb-dba5b630f443
2020-05-13 00:32:34,403 [RatisPipelineUtilsThread] INFO  pipeline.PipelineStateManager (PipelineStateManager.java:addPipeline(54)) - Created pipeline Pipeline[ Id: 41886a84-6ee6-40b2-ae77-f713439415b4, Nodes: 92222e62-7016-4f3c-a2fb-dba5b630f443{ip: 172.17.0.2, host: c009cc83f362, networkLocation: /default-rack, certSerialId: null}, Type:RATIS, Factor:ONE, State:ALLOCATED, leaderId:null, CreationTimestamp2020-05-13T00:32:34.403Z]
2020-05-13 00:32:34,404 [RatisPipelineUtilsThread] ERROR pipeline.SCMPipelineManager (SCMPipelineManager.java:createPipeline(222)) - Failed to create pipeline of type RATIS and factor ONE. Exception: Cannot create pipeline of factor 1 using 0 nodes. Used 2 nodes. Healthy nodes 2
2020-05-13 00:32:34,404 [RatisPipelineUtilsThread] WARN  pipeline.PipelinePlacementPolicy (PipelinePlacementPolicy.java:filterViableNodes(132)) - Pipeline creation failed due to no sufficient healthy datanodes. Required 3. Found 2.
2020-05-13 00:32:34,404 [RatisPipelineUtilsThread] ERROR pipeline.SCMPipelineManager (SCMPipelineManager.java:createPipeline(222)) - Failed to create pipeline of type RATIS and factor THREE. Exception: Pipeline creation failed due to no sufficient healthy datanodes. Required 3. Found 2.
2020-05-13 00:32:34,479 [IPC Server handler 5 on 42797] INFO  net.NetworkTopology (NetworkTopologyImpl.java:add(111)) - Added a new node: /default-rack/87621b82-bda1-44b5-81fb-df8516e176d4
2020-05-13 00:32:34,480 [IPC Server handler 5 on 42797] INFO  node.SCMNodeManager (SCMNodeManager.java:register(268)) - Registered Data node : 87621b82-bda1-44b5-81fb-df8516e176d4{ip: 172.17.0.2, host: c009cc83f362, networkLocation: /default-rack, certSerialId: null}
2020-05-13 00:32:34,480 [EventQueue-NodeRegistrationContainerReportForContainerSafeModeRule] INFO  safemode.SCMSafeModeManager (SCMSafeModeManager.java:validateSafeModeExitRules(213)) - ContainerSafeModeRule rule is successfully validated
2020-05-13 00:32:34,480 [EventQueue-NodeRegistrationContainerReportForDataNodeSafeModeRule] INFO  safemode.SCMSafeModeManager (SCMSafeModeManager.java:validateSafeModeExitRules(213)) - DataNodeSafeModeRule rule is successfully validated
2020-05-13 00:32:34,481 [RatisPipelineUtilsThread] INFO  pipeline.RatisPipelineProvider (RatisPipelineProvider.java:lambda$create$0(138)) - Sending CreatePipelineCommand for pipeline:PipelineID=980d12e0-93b7-4a9d-811c-4de6b71b92d7 to datanode:87621b82-bda1-44b5-81fb-df8516e176d4
2020-05-13 00:32:34,481 [RatisPipelineUtilsThread] INFO  pipeline.PipelineStateManager (PipelineStateManager.java:addPipeline(54)) - Created pipeline Pipeline[ Id: 980d12e0-93b7-4a9d-811c-4de6b71b92d7, Nodes: 87621b82-bda1-44b5-81fb-df8516e176d4{ip: 172.17.0.2, host: c009cc83f362, networkLocation: /default-rack, certSerialId: null}, Type:RATIS, Factor:ONE, State:ALLOCATED, leaderId:null, CreationTimestamp2020-05-13T00:32:34.481Z]
2020-05-13 00:32:34,482 [RatisPipelineUtilsThread] ERROR pipeline.SCMPipelineManager (SCMPipelineManager.java:createPipeline(222)) - Failed to create pipeline of type RATIS and factor ONE. Exception: Cannot create pipeline of factor 1 using 0 nodes. Used 3 nodes. Healthy nodes 3
2020-05-13 00:32:34,486 [RatisPipelineUtilsThread] INFO  pipeline.RatisPipelineProvider (RatisPipelineProvider.java:lambda$create$0(138)) - Sending CreatePipelineCommand for pipeline:PipelineID=c91c0f70-2bce-4579-9346-d55735449bbd to datanode:cb2e6cf5-1539-404c-9960-dadd65825157
2020-05-13 00:32:34,486 [RatisPipelineUtilsThread] INFO  pipeline.RatisPipelineProvider (RatisPipelineProvider.java:lambda$create$0(138)) - Sending CreatePipelineCommand for pipeline:PipelineID=c91c0f70-2bce-4579-9346-d55735449bbd to datanode:92222e62-7016-4f3c-a2fb-dba5b630f443
2020-05-13 00:32:34,486 [RatisPipelineUtilsThread] INFO  pipeline.RatisPipelineProvider (RatisPipelineProvider.java:lambda$create$0(138)) - Sending CreatePipelineCommand for pipeline:PipelineID=c91c0f70-2bce-4579-9346-d55735449bbd to datanode:87621b82-bda1-44b5-81fb-df8516e176d4
2020-05-13 00:32:34,487 [RatisPipelineUtilsThread] INFO  pipeline.PipelineStateManager (PipelineStateManager.java:addPipeline(54)) - Created pipeline Pipeline[ Id: c91c0f70-2bce-4579-9346-d55735449bbd, Nodes: cb2e6cf5-1539-404c-9960-dadd65825157{ip: 172.17.0.2, host: c009cc83f362, networkLocation: /default-rack, certSerialId: null}92222e62-7016-4f3c-a2fb-dba5b630f443{ip: 172.17.0.2, host: c009cc83f362, networkLocation: /default-rack, certSerialId: null}87621b82-bda1-44b5-81fb-df8516e176d4{ip: 172.17.0.2, host: c009cc83f362, networkLocation: /default-rack, certSerialId: null}, Type:RATIS, Factor:THREE, State:ALLOCATED, leaderId:null, CreationTimestamp2020-05-13T00:32:34.486Z]
2020-05-13 00:32:34,487 [RatisPipelineUtilsThread] ERROR pipeline.SCMPipelineManager (SCMPipelineManager.java:createPipeline(222)) - Failed to create pipeline of type RATIS and factor THREE. Exception: Pipeline creation failed because nodes are engaged in other pipelines and every node can only be engaged in max 2 pipelines. Required 3. Found 0
2020-05-13 00:32:34,614 [IPC Server handler 7 on 42797] INFO  net.NetworkTopology (NetworkTopologyImpl.java:add(111)) - Added a new node: /default-rack/8580d7eb-3f73-47b2-ba6a-8a0e1abfbb25
2020-05-13 00:32:34,615 [IPC Server handler 7 on 42797] INFO  node.SCMNodeManager (SCMNodeManager.java:register(268)) - Registered Data node : 8580d7eb-3f73-47b2-ba6a-8a0e1abfbb25{ip: 172.17.0.2, host: c009cc83f362, networkLocation: /default-rack, certSerialId: null}
2020-05-13 00:32:34,615 [EventQueue-NodeRegistrationContainerReportForDataNodeSafeModeRule] INFO  safemode.SCMSafeModeManager (SCMSafeModeManager.java:validateSafeModeExitRules(213)) - DataNodeSafeModeRule rule is successfully validated
2020-05-13 00:32:34,616 [EventQueue-NodeRegistrationContainerReportForContainerSafeModeRule] INFO  safemode.SCMSafeModeManager (SCMSafeModeManager.java:validateSafeModeExitRules(213)) - ContainerSafeModeRule rule is successfully validated
2020-05-13 00:32:34,617 [RatisPipelineUtilsThread] INFO  pipeline.RatisPipelineProvider (RatisPipelineProvider.java:lambda$create$0(138)) - Sending CreatePipelineCommand for pipeline:PipelineID=df6fd26f-d038-48da-b2d4-51d68404c788 to datanode:8580d7eb-3f73-47b2-ba6a-8a0e1abfbb25
2020-05-13 00:32:34,617 [RatisPipelineUtilsThread] INFO  pipeline.PipelineStateManager (PipelineStateManager.java:addPipeline(54)) - Created pipeline Pipeline[ Id: df6fd26f-d038-48da-b2d4-51d68404c788, Nodes: 8580d7eb-3f73-47b2-ba6a-8a0e1abfbb25{ip: 172.17.0.2, host: c009cc83f362, networkLocation: /default-rack, certSerialId: null}, Type:RATIS, Factor:ONE, State:ALLOCATED, leaderId:null, CreationTimestamp2020-05-13T00:32:34.617Z]
2020-05-13 00:32:34,618 [RatisPipelineUtilsThread] ERROR pipeline.SCMPipelineManager (SCMPipelineManager.java:createPipeline(222)) - Failed to create pipeline of type RATIS and factor ONE. Exception: Cannot create pipeline of factor 1 using 0 nodes. Used 4 nodes. Healthy nodes 4
2020-05-13 00:32:34,618 [RatisPipelineUtilsThread] ERROR pipeline.SCMPipelineManager (SCMPipelineManager.java:createPipeline(222)) - Failed to create pipeline of type RATIS and factor THREE. Exception: Pipeline creation failed because nodes are engaged in other pipelines and every node can only be engaged in max 2 pipelines. Required 3. Found 1
2020-05-13 00:32:34,724 [IPC Server handler 9 on 42797] INFO  net.NetworkTopology (NetworkTopologyImpl.java:add(111)) - Added a new node: /default-rack/279d5905-9172-4de8-95e1-bfc467c5ca26
2020-05-13 00:32:34,724 [IPC Server handler 9 on 42797] INFO  node.SCMNodeManager (SCMNodeManager.java:register(268)) - Registered Data node : 279d5905-9172-4de8-95e1-bfc467c5ca26{ip: 172.17.0.2, host: c009cc83f362, networkLocation: /default-rack, certSerialId: null}
2020-05-13 00:32:34,724 [EventQueue-NodeRegistrationContainerReportForContainerSafeModeRule] INFO  safemode.SCMSafeModeManager (SCMSafeModeManager.java:validateSafeModeExitRules(213)) - ContainerSafeModeRule rule is successfully validated
2020-05-13 00:32:34,725 [EventQueue-NodeRegistrationContainerReportForDataNodeSafeModeRule] INFO  safemode.SCMSafeModeManager (SCMSafeModeManager.java:validateSafeModeExitRules(213)) - DataNodeSafeModeRule rule is successfully validated
2020-05-13 00:32:34,726 [RatisPipelineUtilsThread] INFO  pipeline.RatisPipelineProvider (RatisPipelineProvider.java:lambda$create$0(138)) - Sending CreatePipelineCommand for pipeline:PipelineID=652209ea-bec5-4c24-a60b-d6c1f2abd20d to datanode:279d5905-9172-4de8-95e1-bfc467c5ca26
2020-05-13 00:32:34,726 [RatisPipelineUtilsThread] INFO  pipeline.PipelineStateManager (PipelineStateManager.java:addPipeline(54)) - Created pipeline Pipeline[ Id: 652209ea-bec5-4c24-a60b-d6c1f2abd20d, Nodes: 279d5905-9172-4de8-95e1-bfc467c5ca26{ip: 172.17.0.2, host: c009cc83f362, networkLocation: /default-rack, certSerialId: null}, Type:RATIS, Factor:ONE, State:ALLOCATED, leaderId:null, CreationTimestamp2020-05-13T00:32:34.726Z]
2020-05-13 00:32:34,727 [RatisPipelineUtilsThread] ERROR pipeline.SCMPipelineManager (SCMPipelineManager.java:createPipeline(222)) - Failed to create pipeline of type RATIS and factor ONE. Exception: Cannot create pipeline of factor 1 using 0 nodes. Used 5 nodes. Healthy nodes 5
2020-05-13 00:32:34,727 [RatisPipelineUtilsThread] ERROR pipeline.SCMPipelineManager (SCMPipelineManager.java:createPipeline(222)) - Failed to create pipeline of type RATIS and factor THREE. Exception: Pipeline creation failed because nodes are engaged in other pipelines and every node can only be engaged in max 2 pipelines. Required 3. Found 2
2020-05-13 00:32:34,832 [IPC Server handler 1 on 42797] INFO  net.NetworkTopology (NetworkTopologyImpl.java:add(111)) - Added a new node: /default-rack/0f02d056-2e43-4ca8-8a74-02455479cd36
2020-05-13 00:32:34,832 [IPC Server handler 1 on 42797] INFO  node.SCMNodeManager (SCMNodeManager.java:register(268)) - Registered Data node : 0f02d056-2e43-4ca8-8a74-02455479cd36{ip: 172.17.0.2, host: c009cc83f362, networkLocation: /default-rack, certSerialId: null}
2020-05-13 00:32:34,833 [EventQueue-NodeRegistrationContainerReportForDataNodeSafeModeRule] INFO  safemode.SCMSafeModeManager (SCMSafeModeManager.java:validateSafeModeExitRules(213)) - DataNodeSafeModeRule rule is successfully validated
2020-05-13 00:32:34,833 [EventQueue-NodeRegistrationContainerReportForContainerSafeModeRule] INFO  safemode.SCMSafeModeManager (SCMSafeModeManager.java:validateSafeModeExitRules(213)) - ContainerSafeModeRule rule is successfully validated
2020-05-13 00:32:34,834 [RatisPipelineUtilsThread] INFO  pipeline.RatisPipelineProvider (RatisPipelineProvider.java:lambda$create$0(138)) - Sending CreatePipelineCommand for pipeline:PipelineID=b4e25ab3-faa5-4c24-9fc8-4f73fa676fb7 to datanode:0f02d056-2e43-4ca8-8a74-02455479cd36
2020-05-13 00:32:34,835 [RatisPipelineUtilsThread] INFO  pipeline.PipelineStateManager (PipelineStateManager.java:addPipeline(54)) - Created pipeline Pipeline[ Id: b4e25ab3-faa5-4c24-9fc8-4f73fa676fb7, Nodes: 0f02d056-2e43-4ca8-8a74-02455479cd36{ip: 172.17.0.2, host: c009cc83f362, networkLocation: /default-rack, certSerialId: null}, Type:RATIS, Factor:ONE, State:ALLOCATED, leaderId:null, CreationTimestamp2020-05-13T00:32:34.834Z]
2020-05-13 00:32:34,835 [RatisPipelineUtilsThread] ERROR pipeline.SCMPipelineManager (SCMPipelineManager.java:createPipeline(222)) - Failed to create pipeline of type RATIS and factor ONE. Exception: Cannot create pipeline of factor 1 using 0 nodes. Used 6 nodes. Healthy nodes 6
2020-05-13 00:32:34,836 [RatisPipelineUtilsThread] INFO  pipeline.RatisPipelineProvider (RatisPipelineProvider.java:lambda$create$0(138)) - Sending CreatePipelineCommand for pipeline:PipelineID=328a1ccd-80b7-4f8b-9c32-53abe10b26cb to datanode:0f02d056-2e43-4ca8-8a74-02455479cd36
2020-05-13 00:32:34,836 [RatisPipelineUtilsThread] INFO  pipeline.RatisPipelineProvider (RatisPipelineProvider.java:lambda$create$0(138)) - Sending CreatePipelineCommand for pipeline:PipelineID=328a1ccd-80b7-4f8b-9c32-53abe10b26cb to datanode:8580d7eb-3f73-47b2-ba6a-8a0e1abfbb25
2020-05-13 00:32:34,836 [RatisPipelineUtilsThread] INFO  pipeline.RatisPipelineProvider (RatisPipelineProvider.java:lambda$create$0(138)) - Sending CreatePipelineCommand for pipeline:PipelineID=328a1ccd-80b7-4f8b-9c32-53abe10b26cb to datanode:279d5905-9172-4de8-95e1-bfc467c5ca26
2020-05-13 00:32:34,836 [RatisPipelineUtilsThread] INFO  pipeline.PipelineStateManager (PipelineStateManager.java:addPipeline(54)) - Created pipeline Pipeline[ Id: 328a1ccd-80b7-4f8b-9c32-53abe10b26cb, Nodes: 0f02d056-2e43-4ca8-8a74-02455479cd36{ip: 172.17.0.2, host: c009cc83f362, networkLocation: /default-rack, certSerialId: null}8580d7eb-3f73-47b2-ba6a-8a0e1abfbb25{ip: 172.17.0.2, host: c009cc83f362, networkLocation: /default-rack, certSerialId: null}279d5905-9172-4de8-95e1-bfc467c5ca26{ip: 172.17.0.2, host: c009cc83f362, networkLocation: /default-rack, certSerialId: null}, Type:RATIS, Factor:THREE, State:ALLOCATED, leaderId:null, CreationTimestamp2020-05-13T00:32:34.836Z]
2020-05-13 00:32:34,837 [RatisPipelineUtilsThread] ERROR pipeline.SCMPipelineManager (SCMPipelineManager.java:createPipeline(222)) - Failed to create pipeline of type RATIS and factor THREE. Exception: Pipeline creation failed because nodes are engaged in other pipelines and every node can only be engaged in max 2 pipelines. Required 3. Found 0
2020-05-13 00:32:34,911 [IPC Server handler 2 on 42797] INFO  net.NetworkTopology (NetworkTopologyImpl.java:add(111)) - Added a new node: /default-rack/2380d29a-22e4-4b39-a16b-1ae19cff0813
2020-05-13 00:32:34,911 [IPC Server handler 2 on 42797] INFO  node.SCMNodeManager (SCMNodeManager.java:register(268)) - Registered Data node : 2380d29a-22e4-4b39-a16b-1ae19cff0813{ip: 172.17.0.2, host: c009cc83f362, networkLocation: /default-rack, certSerialId: null}
2020-05-13 00:32:34,912 [EventQueue-NodeRegistrationContainerReportForContainerSafeModeRule] INFO  safemode.SCMSafeModeManager (SCMSafeModeManager.java:validateSafeModeExitRules(213)) - ContainerSafeModeRule rule is successfully validated
2020-05-13 00:32:34,912 [EventQueue-NodeRegistrationContainerReportForDataNodeSafeModeRule] INFO  safemode.SCMSafeModeManager (SCMSafeModeManager.java:validateSafeModeExitRules(213)) - DataNodeSafeModeRule rule is successfully validated
2020-05-13 00:32:34,913 [RatisPipelineUtilsThread] INFO  pipeline.RatisPipelineProvider (RatisPipelineProvider.java:lambda$create$0(138)) - Sending CreatePipelineCommand for pipeline:PipelineID=f9ce1ca2-12f1-4875-9582-80ad8ce85bf8 to datanode:2380d29a-22e4-4b39-a16b-1ae19cff0813
2020-05-13 00:32:34,913 [RatisPipelineUtilsThread] INFO  pipeline.PipelineStateManager (PipelineStateManager.java:addPipeline(54)) - Created pipeline Pipeline[ Id: f9ce1ca2-12f1-4875-9582-80ad8ce85bf8, Nodes: 2380d29a-22e4-4b39-a16b-1ae19cff0813{ip: 172.17.0.2, host: c009cc83f362, networkLocation: /default-rack, certSerialId: null}, Type:RATIS, Factor:ONE, State:ALLOCATED, leaderId:null, CreationTimestamp2020-05-13T00:32:34.913Z]
2020-05-13 00:32:34,915 [RatisPipelineUtilsThread] ERROR pipeline.SCMPipelineManager (SCMPipelineManager.java:createPipeline(222)) - Failed to create pipeline of type RATIS and factor ONE. Exception: Cannot create pipeline of factor 1 using 0 nodes. Used 7 nodes. Healthy nodes 7
2020-05-13 00:32:34,915 [RatisPipelineUtilsThread] ERROR pipeline.SCMPipelineManager (SCMPipelineManager.java:createPipeline(222)) - Failed to create pipeline of type RATIS and factor THREE. Exception: Pipeline creation failed because nodes are engaged in other pipelines and every node can only be engaged in max 2 pipelines. Required 3. Found 1
2020-05-13 00:32:35,011 [IPC Server handler 0 on 42797] INFO  net.NetworkTopology (NetworkTopologyImpl.java:add(111)) - Added a new node: /default-rack/b80dc765-6609-46b8-8f0c-c9fb709f505e
2020-05-13 00:32:35,012 [IPC Server handler 0 on 42797] INFO  node.SCMNodeManager (SCMNodeManager.java:register(268)) - Registered Data node : b80dc765-6609-46b8-8f0c-c9fb709f505e{ip: 172.17.0.2, host: c009cc83f362, networkLocation: /default-rack, certSerialId: null}
2020-05-13 00:32:35,012 [EventQueue-NodeRegistrationContainerReportForContainerSafeModeRule] INFO  safemode.SCMSafeModeManager (SCMSafeModeManager.java:validateSafeModeExitRules(213)) - ContainerSafeModeRule rule is successfully validated
2020-05-13 00:32:35,012 [EventQueue-NodeRegistrationContainerReportForDataNodeSafeModeRule] INFO  safemode.SCMSafeModeManager (SCMSafeModeManager.java:validateSafeModeExitRules(213)) - DataNodeSafeModeRule rule is successfully validated
2020-05-13 00:32:35,013 [RatisPipelineUtilsThread] INFO  pipeline.RatisPipelineProvider (RatisPipelineProvider.java:lambda$create$0(138)) - Sending CreatePipelineCommand for pipeline:PipelineID=8011f20e-34b1-4b4f-ae28-8093a45f1341 to datanode:b80dc765-6609-46b8-8f0c-c9fb709f505e
2020-05-13 00:32:35,014 [RatisPipelineUtilsThread] INFO  pipeline.PipelineStateManager (PipelineStateManager.java:addPipeline(54)) - Created pipeline Pipeline[ Id: 8011f20e-34b1-4b4f-ae28-8093a45f1341, Nodes: b80dc765-6609-46b8-8f0c-c9fb709f505e{ip: 172.17.0.2, host: c009cc83f362, networkLocation: /default-rack, certSerialId: null}, Type:RATIS, Factor:ONE, State:ALLOCATED, leaderId:null, CreationTimestamp2020-05-13T00:32:35.013Z]
2020-05-13 00:32:35,014 [RatisPipelineUtilsThread] ERROR pipeline.SCMPipelineManager (SCMPipelineManager.java:createPipeline(222)) - Failed to create pipeline of type RATIS and factor ONE. Exception: Cannot create pipeline of factor 1 using 0 nodes. Used 8 nodes. Healthy nodes 8
2020-05-13 00:32:35,015 [RatisPipelineUtilsThread] ERROR pipeline.SCMPipelineManager (SCMPipelineManager.java:createPipeline(222)) - Failed to create pipeline of type RATIS and factor THREE. Exception: Pipeline creation failed because nodes are engaged in other pipelines and every node can only be engaged in max 2 pipelines. Required 3. Found 2
2020-05-13 00:32:35,169 [IPC Server handler 3 on 42797] INFO  net.NetworkTopology (NetworkTopologyImpl.java:add(111)) - Added a new node: /default-rack/f85d3cf5-704f-45fa-88f2-bd2911f2529e
2020-05-13 00:32:35,170 [IPC Server handler 3 on 42797] INFO  node.SCMNodeManager (SCMNodeManager.java:register(268)) - Registered Data node : f85d3cf5-704f-45fa-88f2-bd2911f2529e{ip: 172.17.0.2, host: c009cc83f362, networkLocation: /default-rack, certSerialId: null}
2020-05-13 00:32:35,170 [EventQueue-NodeRegistrationContainerReportForContainerSafeModeRule] INFO  safemode.SCMSafeModeManager (SCMSafeModeManager.java:validateSafeModeExitRules(213)) - ContainerSafeModeRule rule is successfully validated
2020-05-13 00:32:35,170 [EventQueue-NodeRegistrationContainerReportForDataNodeSafeModeRule] INFO  safemode.SCMSafeModeManager (SCMSafeModeManager.java:validateSafeModeExitRules(213)) - DataNodeSafeModeRule rule is successfully validated
2020-05-13 00:32:35,171 [RatisPipelineUtilsThread] INFO  pipeline.RatisPipelineProvider (RatisPipelineProvider.java:lambda$create$0(138)) - Sending CreatePipelineCommand for pipeline:PipelineID=907e3f26-54ed-4a7a-ba5e-190dc185a543 to datanode:f85d3cf5-704f-45fa-88f2-bd2911f2529e
2020-05-13 00:32:35,172 [RatisPipelineUtilsThread] INFO  pipeline.PipelineStateManager (PipelineStateManager.java:addPipeline(54)) - Created pipeline Pipeline[ Id: 907e3f26-54ed-4a7a-ba5e-190dc185a543, Nodes: f85d3cf5-704f-45fa-88f2-bd2911f2529e{ip: 172.17.0.2, host: c009cc83f362, networkLocation: /default-rack, certSerialId: null}, Type:RATIS, Factor:ONE, State:ALLOCATED, leaderId:null, CreationTimestamp2020-05-13T00:32:35.171Z]
2020-05-13 00:32:35,172 [RatisPipelineUtilsThread] ERROR pipeline.SCMPipelineManager (SCMPipelineManager.java:createPipeline(222)) - Failed to create pipeline of type RATIS and factor ONE. Exception: Cannot create pipeline of factor 1 using 0 nodes. Used 9 nodes. Healthy nodes 9
2020-05-13 00:32:35,173 [RatisPipelineUtilsThread] INFO  pipeline.RatisPipelineProvider (RatisPipelineProvider.java:lambda$create$0(138)) - Sending CreatePipelineCommand for pipeline:PipelineID=18c8c050-7153-4a7d-a26b-9d07d1dc6d57 to datanode:2380d29a-22e4-4b39-a16b-1ae19cff0813
2020-05-13 00:32:35,173 [RatisPipelineUtilsThread] INFO  pipeline.RatisPipelineProvider (RatisPipelineProvider.java:lambda$create$0(138)) - Sending CreatePipelineCommand for pipeline:PipelineID=18c8c050-7153-4a7d-a26b-9d07d1dc6d57 to datanode:f85d3cf5-704f-45fa-88f2-bd2911f2529e
2020-05-13 00:32:35,173 [RatisPipelineUtilsThread] INFO  pipeline.RatisPipelineProvider (RatisPipelineProvider.java:lambda$create$0(138)) - Sending CreatePipelineCommand for pipeline:PipelineID=18c8c050-7153-4a7d-a26b-9d07d1dc6d57 to datanode:b80dc765-6609-46b8-8f0c-c9fb709f505e
2020-05-13 00:32:35,174 [RatisPipelineUtilsThread] INFO  pipeline.PipelineStateManager (PipelineStateManager.java:addPipeline(54)) - Created pipeline Pipeline[ Id: 18c8c050-7153-4a7d-a26b-9d07d1dc6d57, Nodes: 2380d29a-22e4-4b39-a16b-1ae19cff0813{ip: 172.17.0.2, host: c009cc83f362, networkLocation: /default-rack, certSerialId: null}f85d3cf5-704f-45fa-88f2-bd2911f2529e{ip: 172.17.0.2, host: c009cc83f362, networkLocation: /default-rack, certSerialId: null}b80dc765-6609-46b8-8f0c-c9fb709f505e{ip: 172.17.0.2, host: c009cc83f362, networkLocation: /default-rack, certSerialId: null}, Type:RATIS, Factor:THREE, State:ALLOCATED, leaderId:null, CreationTimestamp2020-05-13T00:32:35.173Z]
2020-05-13 00:32:35,174 [RatisPipelineUtilsThread] ERROR pipeline.SCMPipelineManager (SCMPipelineManager.java:createPipeline(222)) - Failed to create pipeline of type RATIS and factor THREE. Exception: Pipeline creation failed because nodes are engaged in other pipelines and every node can only be engaged in max 2 pipelines. Required 3. Found 0
2020-05-13 00:32:35,231 [main] INFO  ozone.MiniOzoneClusterImpl (MiniOzoneClusterImpl.java:lambda$waitForClusterToBeReady$0(177)) - Waiting for nodes to be ready. Got 9 of 10 DN Heartbeats.
2020-05-13 00:32:35,232 [main] INFO  ozone.MiniOzoneClusterImpl (MiniOzoneClusterImpl.java:lambda$waitForClusterToBeReady$0(180)) - Waiting for cluster to exit safe mode
2020-05-13 00:32:35,237 [IPC Server handler 8 on 42797] INFO  net.NetworkTopology (NetworkTopologyImpl.java:add(111)) - Added a new node: /default-rack/6ae0ec67-d464-4727-b1d2-9e3bc637986a
2020-05-13 00:32:35,237 [IPC Server handler 8 on 42797] INFO  node.SCMNodeManager (SCMNodeManager.java:register(268)) - Registered Data node : 6ae0ec67-d464-4727-b1d2-9e3bc637986a{ip: 172.17.0.2, host: c009cc83f362, networkLocation: /default-rack, certSerialId: null}
2020-05-13 00:32:35,238 [EventQueue-NodeRegistrationContainerReportForContainerSafeModeRule] INFO  safemode.SCMSafeModeManager (SCMSafeModeManager.java:validateSafeModeExitRules(213)) - ContainerSafeModeRule rule is successfully validated
2020-05-13 00:32:35,238 [EventQueue-NodeRegistrationContainerReportForDataNodeSafeModeRule] INFO  safemode.SCMSafeModeManager (SCMSafeModeManager.java:validateSafeModeExitRules(213)) - DataNodeSafeModeRule rule is successfully validated
2020-05-13 00:32:35,239 [RatisPipelineUtilsThread] INFO  pipeline.RatisPipelineProvider (RatisPipelineProvider.java:lambda$create$0(138)) - Sending CreatePipelineCommand for pipeline:PipelineID=b15997f9-2823-46f3-b3a7-f02c28f75a65 to datanode:6ae0ec67-d464-4727-b1d2-9e3bc637986a
2020-05-13 00:32:35,239 [RatisPipelineUtilsThread] INFO  pipeline.PipelineStateManager (PipelineStateManager.java:addPipeline(54)) - Created pipeline Pipeline[ Id: b15997f9-2823-46f3-b3a7-f02c28f75a65, Nodes: 6ae0ec67-d464-4727-b1d2-9e3bc637986a{ip: 172.17.0.2, host: c009cc83f362, networkLocation: /default-rack, certSerialId: null}, Type:RATIS, Factor:ONE, State:ALLOCATED, leaderId:null, CreationTimestamp2020-05-13T00:32:35.239Z]
2020-05-13 00:32:35,240 [RatisPipelineUtilsThread] ERROR pipeline.SCMPipelineManager (SCMPipelineManager.java:createPipeline(222)) - Failed to create pipeline of type RATIS and factor ONE. Exception: Cannot create pipeline of factor 1 using 0 nodes. Used 10 nodes. Healthy nodes 10
2020-05-13 00:32:35,241 [RatisPipelineUtilsThread] ERROR pipeline.SCMPipelineManager (SCMPipelineManager.java:createPipeline(222)) - Failed to create pipeline of type RATIS and factor THREE. Exception: Pipeline creation failed because nodes are engaged in other pipelines and every node can only be engaged in max 2 pipelines. Required 3. Found 1
2020-05-13 00:32:36,232 [main] INFO  ozone.MiniOzoneClusterImpl (MiniOzoneClusterImpl.java:lambda$waitForClusterToBeReady$0(177)) - Nodes are ready. Got 10 of 10 DN Heartbeats.
2020-05-13 00:32:36,233 [main] INFO  ozone.MiniOzoneClusterImpl (MiniOzoneClusterImpl.java:lambda$waitForClusterToBeReady$0(180)) - Waiting for cluster to exit safe mode
2020-05-13 00:32:37,192 [Command processor thread] INFO  impl.RaftServerProxy (RaftServerProxy.java:addNew(89)) - cb2e6cf5-1539-404c-9960-dadd65825157: addNew group-51DA1458C9C6:[cb2e6cf5-1539-404c-9960-dadd65825157:172.17.0.2:36479] returns group-51DA1458C9C6:java.util.concurrent.CompletableFuture@4985ad67[Not completed]
2020-05-13 00:32:37,217 [pool-35-thread-1] INFO  impl.RaftServerImpl (RaftServerImpl.java:<init>(98)) - cb2e6cf5-1539-404c-9960-dadd65825157: new RaftServerImpl for group-51DA1458C9C6:[cb2e6cf5-1539-404c-9960-dadd65825157:172.17.0.2:36479] with ContainerStateMachine:uninitialized
2020-05-13 00:32:37,219 [pool-35-thread-1] INFO  server.RaftServerConfigKeys (ConfUtils.java:logGet(44)) - raft.server.rpc.timeout.min = 5s (custom)
2020-05-13 00:32:37,219 [pool-35-thread-1] INFO  server.RaftServerConfigKeys (ConfUtils.java:logGet(44)) - raft.server.rpc.timeout.max = 5200ms (custom)
2020-05-13 00:32:37,219 [pool-35-thread-1] INFO  server.RaftServerConfigKeys (ConfUtils.java:logGet(44)) - raft.server.rpcslowness.timeout = 300s (custom)
2020-05-13 00:32:37,220 [pool-35-thread-1] INFO  server.RaftServerConfigKeys (ConfUtils.java:logGet(44)) - raft.server.sleep.deviation.threshold = 300 (default)
2020-05-13 00:32:37,221 [pool-35-thread-1] INFO  server.RaftServerConfigKeys (ConfUtils.java:logGet(44)) - raft.server.log.appender.install.snapshot.enabled = false (custom)
2020-05-13 00:32:37,230 [pool-35-thread-1] INFO  impl.RaftServerImpl (ServerState.java:<init>(103)) - cb2e6cf5-1539-404c-9960-dadd65825157@group-51DA1458C9C6: ConfigurationManager, init=-1: [cb2e6cf5-1539-404c-9960-dadd65825157:172.17.0.2:36479], old=null, confs=<EMPTY_MAP>
2020-05-13 00:32:37,231 [pool-35-thread-1] INFO  server.RaftServerConfigKeys (ConfUtils.java:logGet(44)) - raft.server.storage.dir = [/github/workspace/mnt/ozone/hadoop-ozone/integration-test/target/test-dir/MiniOzoneClusterImpl-8fbc82c0-848a-4a6b-a3b9-d4d40c3d4f3a/datanode-0/data/ratis] (custom)
2020-05-13 00:32:37,235 [main] INFO  ozone.MiniOzoneClusterImpl (MiniOzoneClusterImpl.java:lambda$waitForClusterToBeReady$0(177)) - Nodes are ready. Got 10 of 10 DN Heartbeats.
2020-05-13 00:32:37,236 [main] INFO  ozone.MiniOzoneClusterImpl (MiniOzoneClusterImpl.java:lambda$waitForClusterToBeReady$0(180)) - Waiting for cluster to exit safe mode
2020-05-13 00:32:37,239 [pool-35-thread-1] INFO  server.RaftServerConfigKeys (ConfUtils.java:logGet(44)) - raft.server.log.corruption.policy = EXCEPTION (default)
2020-05-13 00:32:37,255 [pool-35-thread-1] INFO  storage.RaftStorageDirectory (RaftStorageDirectory.java:analyzeStorage(261)) - The storage directory /github/workspace/mnt/ozone/hadoop-ozone/integration-test/target/test-dir/MiniOzoneClusterImpl-8fbc82c0-848a-4a6b-a3b9-d4d40c3d4f3a/datanode-0/data/ratis/e8cb1808-720f-4c18-a6ec-51da1458c9c6 does not exist. Creating ...
2020-05-13 00:32:37,260 [pool-35-thread-1] INFO  storage.RaftStorageDirectory (RaftStorageDirectory.java:tryLock(343)) - Lock on /github/workspace/mnt/ozone/hadoop-ozone/integration-test/target/test-dir/MiniOzoneClusterImpl-8fbc82c0-848a-4a6b-a3b9-d4d40c3d4f3a/datanode-0/data/ratis/e8cb1808-720f-4c18-a6ec-51da1458c9c6/in_use.lock acquired by nodename 27445@c009cc83f362
2020-05-13 00:32:37,264 [pool-35-thread-1] INFO  storage.RaftStorage (RaftStorage.java:format(84)) - Storage directory /github/workspace/mnt/ozone/hadoop-ozone/integration-test/target/test-dir/MiniOzoneClusterImpl-8fbc82c0-848a-4a6b-a3b9-d4d40c3d4f3a/datanode-0/data/ratis/e8cb1808-720f-4c18-a6ec-51da1458c9c6 has been successfully formatted.
2020-05-13 00:32:37,269 [pool-35-thread-1] INFO  ratis.ContainerStateMachine (ContainerStateMachine.java:loadSnapshot(226)) - group-51DA1458C9C6: The snapshot info is null. Setting the last applied indexto:(t:0, i:~)
2020-05-13 00:32:37,269 [pool-35-thread-1] INFO  server.RaftServerConfigKeys (ConfUtils.java:logGet(44)) - raft.server.notification.no-leader.timeout = 60s (default)
2020-05-13 00:32:37,272 [pool-35-thread-1] INFO  server.RaftServerConfigKeys (ConfUtils.java:logGet(44)) - raft.server.log.use.memory = false (default)
2020-05-13 00:32:37,277 [pool-35-thread-1] INFO  server.RaftServerConfigKeys (ConfUtils.java:logGet(44)) - raft.server.log.purge.gap = 1000000 (custom)
2020-05-13 00:32:37,277 [pool-35-thread-1] INFO  server.RaftServerConfigKeys (ConfUtils.java:logGet(44)) - raft.server.log.appender.buffer.byte-limit = 33554432 (custom)
2020-05-13 00:32:37,280 [pool-35-thread-1] INFO  server.RaftServerConfigKeys (ConfUtils.java:logGet(44)) - raft.server.log.segment.size.max = 1048576 (custom)
2020-05-13 00:32:37,285 [pool-35-thread-1] INFO  metrics.RatisMetrics (RatisMetrics.java:lambda$create$0(39)) - Creating Metrics Registry : ratis.log_worker.cb2e6cf5-1539-404c-9960-dadd65825157
2020-05-13 00:32:37,300 [EventQueue-PipelineReportForPipelineReportHandler] INFO  pipeline.PipelineStateManager (PipelineStateManager.java:openPipeline(131)) - Pipeline Pipeline[ Id: e8cb1808-720f-4c18-a6ec-51da1458c9c6, Nodes: cb2e6cf5-1539-404c-9960-dadd65825157{ip: 172.17.0.2, host: c009cc83f362, networkLocation: /default-rack, certSerialId: null}, Type:RATIS, Factor:ONE, State:ALLOCATED, leaderId:cb2e6cf5-1539-404c-9960-dadd65825157, CreationTimestamp2020-05-13T00:32:34.189Z] moved to OPEN state
2020-05-13 00:32:37,309 [EventQueue-OpenPipelineForOneReplicaPipelineSafeModeRule] INFO  safemode.SCMSafeModeManager (SCMSafeModeManager.java:validateSafeModeExitRules(213)) - AtleastOneDatanodeReportedRule rule is successfully validated
2020-05-13 00:32:37,311 [pool-35-thread-1] INFO  server.RaftServerConfigKeys (ConfUtils.java:logGet(44)) - raft.server.log.segment.cache.num.max = 2 (custom)
2020-05-13 00:32:37,316 [EventQueue-OpenPipelineForHealthyPipelineSafeModeRule] INFO  safemode.SCMSafeModeManager (HealthyPipelineSafeModeRule.java:process(132)) - SCM in safe mode. Healthy pipelines reported count is 0, required healthy pipeline reported count is 1
2020-05-13 00:32:37,321 [pool-35-thread-1] INFO  segmented.SegmentedRaftLogWorker (SegmentedRaftLogWorker.java:<init>(176)) - new cb2e6cf5-1539-404c-9960-dadd65825157@group-51DA1458C9C6-SegmentedRaftLogWorker for RaftStorage:Storage Directory /github/workspace/mnt/ozone/hadoop-ozone/integration-test/target/test-dir/MiniOzoneClusterImpl-8fbc82c0-848a-4a6b-a3b9-d4d40c3d4f3a/datanode-0/data/ratis/e8cb1808-720f-4c18-a6ec-51da1458c9c6
2020-05-13 00:32:37,322 [pool-35-thread-1] INFO  server.RaftServerConfigKeys (ConfUtils.java:logGet(44)) - raft.server.log.queue.byte-limit = 2147483647 (custom)
2020-05-13 00:32:37,322 [pool-35-thread-1] INFO  server.RaftServerConfigKeys (ConfUtils.java:logGet(44)) - raft.server.log.queue.element-limit = 1024 (custom)
2020-05-13 00:32:37,323 [pool-35-thread-1] INFO  server.RaftServerConfigKeys (ConfUtils.java:logGet(44)) - raft.server.log.segment.size.max = 1048576 (custom)
2020-05-13 00:32:37,324 [pool-35-thread-1] INFO  server.RaftServerConfigKeys (ConfUtils.java:logGet(44)) - raft.server.log.preallocated.size = 16384 (custom)
2020-05-13 00:32:37,324 [pool-35-thread-1] INFO  server.RaftServerConfigKeys (ConfUtils.java:logGet(44)) - raft.server.log.write.buffer.size = 1048576 (custom)
2020-05-13 00:32:37,324 [pool-35-thread-1] INFO  server.RaftServerConfigKeys (ConfUtils.java:logGet(44)) - raft.server.log.force.sync.num = 128 (default)
2020-05-13 00:32:37,326 [pool-35-thread-1] INFO  server.RaftServerConfigKeys (ConfUtils.java:logGet(44)) - raft.server.log.statemachine.data.sync = true (default)
2020-05-13 00:32:37,326 [pool-35-thread-1] INFO  server.RaftServerConfigKeys (ConfUtils.java:logGet(44)) - raft.server.log.statemachine.data.sync.timeout = 10s (default)
2020-05-13 00:32:37,326 [pool-35-thread-1] INFO  server.RaftServerConfigKeys (ConfUtils.java:logGet(44)) - raft.server.log.statemachine.data.sync.timeout.retry = -1 (default)
2020-05-13 00:32:37,343 [pool-35-thread-1] INFO  server.RaftServerConfigKeys (ConfUtils.java:logGet(44)) - raft.server.log.statemachine.data.caching.enabled = true (custom)
2020-05-13 00:32:37,347 [pool-35-thread-1] INFO  segmented.SegmentedRaftLogWorker (SegmentedRaftLogWorker.java:lambda$new$0(129)) - cb2e6cf5-1539-404c-9960-dadd65825157@group-51DA1458C9C6-SegmentedRaftLogWorker: flushIndex: setUnconditionally 0 -> -1
2020-05-13 00:32:37,352 [pool-35-thread-1] INFO  server.RaftServerConfigKeys (ConfUtils.java:logGet(44)) - raft.server.snapshot.auto.trigger.enabled = true (custom)
2020-05-13 00:32:37,352 [pool-35-thread-1] INFO  server.RaftServerConfigKeys (ConfUtils.java:logGet(44)) - raft.server.snapshot.auto.trigger.threshold = 10000 (custom)
2020-05-13 00:32:37,353 [pool-35-thread-1] INFO  server.RaftServerConfigKeys (ConfUtils.java:logGet(44)) - raft.server.snapshot.retention.file.num = 5 (custom)
2020-05-13 00:32:37,353 [pool-35-thread-1] INFO  server.RaftServerConfigKeys (ConfUtils.java:logGet(44)) - raft.server.log.purge.upto.snapshot.index = false (default)
2020-05-13 00:32:37,354 [pool-35-thread-1] INFO  server.RaftServerConfigKeys (ConfUtils.java:logGet(44)) - raft.server.retrycache.expirytime = 600000ms (custom)
2020-05-13 00:32:37,397 [pool-35-thread-1] INFO  metrics.RatisMetrics (RatisMetrics.java:lambda$create$0(39)) - Creating Metrics Registry : ratis.leader_election.cb2e6cf5-1539-404c-9960-dadd65825157@group-51DA1458C9C6
2020-05-13 00:32:37,402 [Command processor thread] INFO  impl.RaftServerProxy (RaftServerProxy.java:addNew(89)) - 92222e62-7016-4f3c-a2fb-dba5b630f443: addNew group-F713439415B4:[92222e62-7016-4f3c-a2fb-dba5b630f443:172.17.0.2:44117] returns group-F713439415B4:java.util.concurrent.CompletableFuture@7aef283c[Not completed]
2020-05-13 00:32:37,406 [pool-35-thread-1] INFO  metrics.RatisMetrics (RatisMetrics.java:lambda$create$0(39)) - Creating Metrics Registry : ratis.server.cb2e6cf5-1539-404c-9960-dadd65825157@group-51DA1458C9C6
2020-05-13 00:32:37,425 [pool-35-thread-1] INFO  impl.RaftServerImpl (RaftServerImpl.java:start(184)) - cb2e6cf5-1539-404c-9960-dadd65825157@group-51DA1458C9C6: start as a follower, conf=-1: [cb2e6cf5-1539-404c-9960-dadd65825157:172.17.0.2:36479], old=null
2020-05-13 00:32:37,430 [pool-35-thread-1] INFO  impl.RaftServerImpl (RaftServerImpl.java:setRole(173)) - cb2e6cf5-1539-404c-9960-dadd65825157@group-51DA1458C9C6: changes role from      null to FOLLOWER at term 0 for startAsFollower
2020-05-13 00:32:37,431 [pool-35-thread-1] INFO  impl.RoleInfo (RoleInfo.java:updateAndGet(143)) - cb2e6cf5-1539-404c-9960-dadd65825157: start FollowerState
2020-05-13 00:32:37,441 [pool-35-thread-1] INFO  util.JmxRegister (JmxRegister.java:tryRegister(44)) - Successfully registered JMX Bean with object name Ratis:service=RaftServer,group=group-51DA1458C9C6,id=cb2e6cf5-1539-404c-9960-dadd65825157
2020-05-13 00:32:37,451 [pool-35-thread-1] INFO  metrics.RatisMetrics (RatisMetrics.java:lambda$create$0(39)) - Creating Metrics Registry : ratis.state_machine.cb2e6cf5-1539-404c-9960-dadd65825157@group-51DA1458C9C6
2020-05-13 00:32:37,489 [Command processor thread] INFO  impl.RaftServerProxy (RaftServerProxy.java:addNew(89)) - 87621b82-bda1-44b5-81fb-df8516e176d4: addNew group-4DE6B71B92D7:[87621b82-bda1-44b5-81fb-df8516e176d4:172.17.0.2:38053] returns group-4DE6B71B92D7:java.util.concurrent.CompletableFuture@4756422e[Not completed]
2020-05-13 00:32:37,511 [pool-67-thread-1] INFO  impl.RaftServerImpl (RaftServerImpl.java:<init>(98)) - 87621b82-bda1-44b5-81fb-df8516e176d4: new RaftServerImpl for group-4DE6B71B92D7:[87621b82-bda1-44b5-81fb-df8516e176d4:172.17.0.2:38053] with ContainerStateMachine:uninitialized
2020-05-13 00:32:37,511 [pool-67-thread-1] INFO  server.RaftServerConfigKeys (ConfUtils.java:logGet(44)) - raft.server.rpc.timeout.min = 5s (custom)
2020-05-13 00:32:37,511 [pool-67-thread-1] INFO  server.RaftServerConfigKeys (ConfUtils.java:logGet(44)) - raft.server.rpc.timeout.max = 5200ms (custom)
2020-05-13 00:32:37,511 [pool-67-thread-1] INFO  server.RaftServerConfigKeys (ConfUtils.java:logGet(44)) - raft.server.rpcslowness.timeout = 300s (custom)
2020-05-13 00:32:37,511 [pool-67-thread-1] INFO  server.RaftServerConfigKeys (ConfUtils.java:logGet(44)) - raft.server.sleep.deviation.threshold = 300 (default)
2020-05-13 00:32:37,511 [pool-67-thread-1] INFO  server.RaftServerConfigKeys (ConfUtils.java:logGet(44)) - raft.server.log.appender.install.snapshot.enabled = false (custom)
2020-05-13 00:32:37,512 [pool-67-thread-1] INFO  impl.RaftServerImpl (ServerState.java:<init>(103)) - 87621b82-bda1-44b5-81fb-df8516e176d4@group-4DE6B71B92D7: ConfigurationManager, init=-1: [87621b82-bda1-44b5-81fb-df8516e176d4:172.17.0.2:38053], old=null, confs=<EMPTY_MAP>
2020-05-13 00:32:37,512 [pool-67-thread-1] INFO  server.RaftServerConfigKeys (ConfUtils.java:logGet(44)) - raft.server.storage.dir = [/github/workspace/mnt/ozone/hadoop-ozone/integration-test/target/test-dir/MiniOzoneClusterImpl-8fbc82c0-848a-4a6b-a3b9-d4d40c3d4f3a/datanode-2/data/ratis] (custom)
2020-05-13 00:32:37,512 [pool-67-thread-1] INFO  server.RaftServerConfigKeys (ConfUtils.java:logGet(44)) - raft.server.log.corruption.policy = EXCEPTION (default)
2020-05-13 00:32:37,512 [pool-67-thread-1] INFO  storage.RaftStorageDirectory (RaftStorageDirectory.java:analyzeStorage(261)) - The storage directory /github/workspace/mnt/ozone/hadoop-ozone/integration-test/target/test-dir/MiniOzoneClusterImpl-8fbc82c0-848a-4a6b-a3b9-d4d40c3d4f3a/datanode-2/data/ratis/980d12e0-93b7-4a9d-811c-4de6b71b92d7 does not exist. Creating ...
2020-05-13 00:32:37,513 [pool-51-thread-1] INFO  impl.RaftServerImpl (RaftServerImpl.java:<init>(98)) - 92222e62-7016-4f3c-a2fb-dba5b630f443: new RaftServerImpl for group-F713439415B4:[92222e62-7016-4f3c-a2fb-dba5b630f443:172.17.0.2:44117] with ContainerStateMachine:uninitialized
2020-05-13 00:32:37,514 [pool-51-thread-1] INFO  server.RaftServerConfigKeys (ConfUtils.java:logGet(44)) - raft.server.rpc.timeout.min = 5s (custom)
2020-05-13 00:32:37,514 [pool-51-thread-1] INFO  server.RaftServerConfigKeys (ConfUtils.java:logGet(44)) - raft.server.rpc.timeout.max = 5200ms (custom)
2020-05-13 00:32:37,514 [pool-51-thread-1] INFO  server.RaftServerConfigKeys (ConfUtils.java:logGet(44)) - raft.server.rpcslowness.timeout = 300s (custom)
2020-05-13 00:32:37,514 [pool-67-thread-1] INFO  storage.RaftStorageDirectory (RaftStorageDirectory.java:tryLock(343)) - Lock on /github/workspace/mnt/ozone/hadoop-ozone/integration-test/target/test-dir/MiniOzoneClusterImpl-8fbc82c0-848a-4a6b-a3b9-d4d40c3d4f3a/datanode-2/data/ratis/980d12e0-93b7-4a9d-811c-4de6b71b92d7/in_use.lock acquired by nodename 27445@c009cc83f362
2020-05-13 00:32:37,514 [pool-51-thread-1] INFO  server.RaftServerConfigKeys (ConfUtils.java:logGet(44)) - raft.server.sleep.deviation.threshold = 300 (default)
2020-05-13 00:32:37,514 [pool-51-thread-1] INFO  server.RaftServerConfigKeys (ConfUtils.java:logGet(44)) - raft.server.log.appender.install.snapshot.enabled = false (custom)
2020-05-13 00:32:37,514 [pool-51-thread-1] INFO  impl.RaftServerImpl (ServerState.java:<init>(103)) - 92222e62-7016-4f3c-a2fb-dba5b630f443@group-F713439415B4: ConfigurationManager, init=-1: [92222e62-7016-4f3c-a2fb-dba5b630f443:172.17.0.2:44117], old=null, confs=<EMPTY_MAP>
2020-05-13 00:32:37,514 [pool-51-thread-1] INFO  server.RaftServerConfigKeys (ConfUtils.java:logGet(44)) - raft.server.storage.dir = [/github/workspace/mnt/ozone/hadoop-ozone/integration-test/target/test-dir/MiniOzoneClusterImpl-8fbc82c0-848a-4a6b-a3b9-d4d40c3d4f3a/datanode-1/data/ratis] (custom)
2020-05-13 00:32:37,514 [pool-51-thread-1] INFO  server.RaftServerConfigKeys (ConfUtils.java:logGet(44)) - raft.server.log.corruption.policy = EXCEPTION (default)
2020-05-13 00:32:37,515 [pool-67-thread-1] INFO  storage.RaftStorage (RaftStorage.java:format(84)) - Storage directory /github/workspace/mnt/ozone/hadoop-ozone/integration-test/target/test-dir/MiniOzoneClusterImpl-8fbc82c0-848a-4a6b-a3b9-d4d40c3d4f3a/datanode-2/data/ratis/980d12e0-93b7-4a9d-811c-4de6b71b92d7 has been successfully formatted.
2020-05-13 00:32:37,517 [pool-51-thread-1] INFO  storage.RaftStorageDirectory (RaftStorageDirectory.java:analyzeStorage(261)) - The storage directory /github/workspace/mnt/ozone/hadoop-ozone/integration-test/target/test-dir/MiniOzoneClusterImpl-8fbc82c0-848a-4a6b-a3b9-d4d40c3d4f3a/datanode-1/data/ratis/41886a84-6ee6-40b2-ae77-f713439415b4 does not exist. Creating ...
2020-05-13 00:32:37,519 [Command processor thread] INFO  commandhandler.CreatePipelineCommandHandler (CreatePipelineCommandHandler.java:handle(109)) - Created Pipeline RATIS ONE #id: "e8cb1808-720f-4c18-a6ec-51da1458c9c6"
.
2020-05-13 00:32:37,519 [Command processor thread] INFO  impl.RaftServerProxy (RaftServerProxy.java:addNew(89)) - cb2e6cf5-1539-404c-9960-dadd65825157: addNew group-D55735449BBD:[87621b82-bda1-44b5-81fb-df8516e176d4:172.17.0.2:38053, cb2e6cf5-1539-404c-9960-dadd65825157:172.17.0.2:36479, 92222e62-7016-4f3c-a2fb-dba5b630f443:172.17.0.2:44117] returns group-D55735449BBD:java.util.concurrent.CompletableFuture@6c9f73f1[Not completed]
2020-05-13 00:32:37,520 [pool-51-thread-1] INFO  storage.RaftStorageDirectory (RaftStorageDirectory.java:tryLock(343)) - Lock on /github/workspace/mnt/ozone/hadoop-ozone/integration-test/target/test-dir/MiniOzoneClusterImpl-8fbc82c0-848a-4a6b-a3b9-d4d40c3d4f3a/datanode-1/data/ratis/41886a84-6ee6-40b2-ae77-f713439415b4/in_use.lock acquired by nodename 27445@c009cc83f362
2020-05-13 00:32:37,518 [pool-67-thread-1] INFO  ratis.ContainerStateMachine (ContainerStateMachine.java:loadSnapshot(226)) - group-4DE6B71B92D7: The snapshot info is null. Setting the last applied indexto:(t:0, i:~)
2020-05-13 00:32:37,521 [EventQueue-PipelineReportForPipelineReportHandler] INFO  pipeline.PipelineStateManager (PipelineStateManager.java:openPipeline(131)) - Pipeline Pipeline[ Id: 980d12e0-93b7-4a9d-811c-4de6b71b92d7, Nodes: 87621b82-bda1-44b5-81fb-df8516e176d4{ip: 172.17.0.2, host: c009cc83f362, networkLocation: /default-rack, certSerialId: null}, Type:RATIS, Factor:ONE, State:ALLOCATED, leaderId:87621b82-bda1-44b5-81fb-df8516e176d4, CreationTimestamp2020-05-13T00:32:34.481Z] moved to OPEN state
2020-05-13 00:32:37,521 [EventQueue-OpenPipelineForOneReplicaPipelineSafeModeRule] INFO  safemode.SCMSafeModeManager (SCMSafeModeManager.java:validateSafeModeExitRules(213)) - AtleastOneDatanodeReportedRule rule is successfully validated
2020-05-13 00:32:37,521 [EventQueue-OpenPipelineForHealthyPipelineSafeModeRule] INFO  safemode.SCMSafeModeManager (HealthyPipelineSafeModeRule.java:process(132)) - SCM in safe mode. Healthy pipelines reported count is 0, required healthy pipeline reported count is 1
2020-05-13 00:32:37,522 [pool-51-thread-1] INFO  storage.RaftStorage (RaftStorage.java:format(84)) - Storage directory /github/workspace/mnt/ozone/hadoop-ozone/integration-test/target/test-dir/MiniOzoneClusterImpl-8fbc82c0-848a-4a6b-a3b9-d4d40c3d4f3a/datanode-1/data/ratis/41886a84-6ee6-40b2-ae77-f713439415b4 has been successfully formatted.
2020-05-13 00:32:37,522 [pool-35-thread-1] INFO  impl.RaftServerImpl (RaftServerImpl.java:<init>(98)) - cb2e6cf5-1539-404c-9960-dadd65825157: new RaftServerImpl for group-D55735449BBD:[87621b82-bda1-44b5-81fb-df8516e176d4:172.17.0.2:38053, cb2e6cf5-1539-404c-9960-dadd65825157:172.17.0.2:36479, 92222e62-7016-4f3c-a2fb-dba5b630f443:172.17.0.2:44117] with ContainerStateMachine:uninitialized
2020-05-13 00:32:37,524 [pool-51-thread-1] INFO  ratis.ContainerStateMachine (ContainerStateMachine.java:loadSnapshot(226)) - group-F713439415B4: The snapshot info is null. Setting the last applied indexto:(t:0, i:~)
2020-05-13 00:32:37,524 [pool-67-thread-1] INFO  server.RaftServerConfigKeys (ConfUtils.java:logGet(44)) - raft.server.notification.no-leader.timeout = 60s (default)
2020-05-13 00:32:37,529 [pool-67-thread-1] INFO  server.RaftServerConfigKeys (ConfUtils.java:logGet(44)) - raft.server.log.use.memory = false (default)
2020-05-13 00:32:37,525 [EventQueue-PipelineReportForPipelineReportHandler] INFO  pipeline.PipelineStateManager (PipelineStateManager.java:openPipeline(131)) - Pipeline Pipeline[ Id: 41886a84-6ee6-40b2-ae77-f713439415b4, Nodes: 92222e62-7016-4f3c-a2fb-dba5b630f443{ip: 172.17.0.2, host: c009cc83f362, networkLocation: /default-rack, certSerialId: null}, Type:RATIS, Factor:ONE, State:ALLOCATED, leaderId:92222e62-7016-4f3c-a2fb-dba5b630f443, CreationTimestamp2020-05-13T00:32:34.403Z] moved to OPEN state
2020-05-13 00:32:37,529 [EventQueue-OpenPipelineForOneReplicaPipelineSafeModeRule] INFO  safemode.SCMSafeModeManager (SCMSafeModeManager.java:validateSafeModeExitRules(213)) - AtleastOneDatanodeReportedRule rule is successfully validated
2020-05-13 00:32:37,529 [EventQueue-OpenPipelineForHealthyPipelineSafeModeRule] INFO  safemode.SCMSafeModeManager (HealthyPipelineSafeModeRule.java:process(132)) - SCM in safe mode. Healthy pipelines reported count is 0, required healthy pipeline reported count is 1
2020-05-13 00:32:37,524 [pool-35-thread-1] INFO  server.RaftServerConfigKeys (ConfUtils.java:logGet(44)) - raft.server.rpc.timeout.min = 5s (custom)
2020-05-13 00:32:37,524 [pool-51-thread-1] INFO  server.RaftServerConfigKeys (ConfUtils.java:logGet(44)) - raft.server.notification.no-leader.timeout = 60s (default)
2020-05-13 00:32:37,529 [pool-67-thread-1] INFO  server.RaftServerConfigKeys (ConfUtils.java:logGet(44)) - raft.server.log.purge.gap = 1000000 (custom)
2020-05-13 00:32:37,529 [pool-51-thread-1] INFO  server.RaftServerConfigKeys (ConfUtils.java:logGet(44)) - raft.server.log.use.memory = false (default)
2020-05-13 00:32:37,529 [pool-67-thread-1] INFO  server.RaftServerConfigKeys (ConfUtils.java:logGet(44)) - raft.server.log.appender.buffer.byte-limit = 33554432 (custom)
2020-05-13 00:32:37,530 [pool-51-thread-1] INFO  server.RaftServerConfigKeys (ConfUtils.java:logGet(44)) - raft.server.log.purge.gap = 1000000 (custom)
2020-05-13 00:32:37,530 [pool-67-thread-1] INFO  server.RaftServerConfigKeys (ConfUtils.java:logGet(44)) - raft.server.log.segment.size.max = 1048576 (custom)
2020-05-13 00:32:37,530 [pool-51-thread-1] INFO  server.RaftServerConfigKeys (ConfUtils.java:logGet(44)) - raft.server.log.appender.buffer.byte-limit = 33554432 (custom)
2020-05-13 00:32:37,530 [pool-51-thread-1] INFO  server.RaftServerConfigKeys (ConfUtils.java:logGet(44)) - raft.server.log.segment.size.max = 1048576 (custom)
2020-05-13 00:32:37,530 [pool-35-thread-1] INFO  server.RaftServerConfigKeys (ConfUtils.java:logGet(44)) - raft.server.rpc.timeout.max = 5200ms (custom)
2020-05-13 00:32:37,530 [pool-35-thread-1] INFO  server.RaftServerConfigKeys (ConfUtils.java:logGet(44)) - raft.server.rpcslowness.timeout = 300s (custom)
2020-05-13 00:32:37,530 [pool-35-thread-1] INFO  server.RaftServerConfigKeys (ConfUtils.java:logGet(44)) - raft.server.sleep.deviation.threshold = 300 (default)
2020-05-13 00:32:37,530 [pool-35-thread-1] INFO  server.RaftServerConfigKeys (ConfUtils.java:logGet(44)) - raft.server.log.appender.install.snapshot.enabled = false (custom)
2020-05-13 00:32:37,530 [pool-35-thread-1] INFO  impl.RaftServerImpl (ServerState.java:<init>(103)) - cb2e6cf5-1539-404c-9960-dadd65825157@group-D55735449BBD: ConfigurationManager, init=-1: [87621b82-bda1-44b5-81fb-df8516e176d4:172.17.0.2:38053, cb2e6cf5-1539-404c-9960-dadd65825157:172.17.0.2:36479, 92222e62-7016-4f3c-a2fb-dba5b630f443:172.17.0.2:44117], old=null, confs=<EMPTY_MAP>
2020-05-13 00:32:37,530 [pool-35-thread-1] INFO  server.RaftServerConfigKeys (ConfUtils.java:logGet(44)) - raft.server.storage.dir = [/github/workspace/mnt/ozone/hadoop-ozone/integration-test/target/test-dir/MiniOzoneClusterImpl-8fbc82c0-848a-4a6b-a3b9-d4d40c3d4f3a/datanode-0/data/ratis] (custom)
2020-05-13 00:32:37,531 [pool-35-thread-1] INFO  server.RaftServerConfigKeys (ConfUtils.java:logGet(44)) - raft.server.log.corruption.policy = EXCEPTION (default)
2020-05-13 00:32:37,530 [pool-51-thread-1] INFO  metrics.RatisMetrics (RatisMetrics.java:lambda$create$0(39)) - Creating Metrics Registry : ratis.log_worker.92222e62-7016-4f3c-a2fb-dba5b630f443
2020-05-13 00:32:37,530 [pool-67-thread-1] INFO  metrics.RatisMetrics (RatisMetrics.java:lambda$create$0(39)) - Creating Metrics Registry : ratis.log_worker.87621b82-bda1-44b5-81fb-df8516e176d4
2020-05-13 00:32:37,533 [pool-51-thread-1] INFO  server.RaftServerConfigKeys (ConfUtils.java:logGet(44)) - raft.server.log.segment.cache.num.max = 2 (custom)
2020-05-13 00:32:37,533 [pool-67-thread-1] INFO  server.RaftServerConfigKeys (ConfUtils.java:logGet(44)) - raft.server.log.segment.cache.num.max = 2 (custom)
2020-05-13 00:32:37,534 [pool-35-thread-1] INFO  storage.RaftStorageDirectory (RaftStorageDirectory.java:analyzeStorage(261)) - The storage directory /github/workspace/mnt/ozone/hadoop-ozone/integration-test/target/test-dir/MiniOzoneClusterImpl-8fbc82c0-848a-4a6b-a3b9-d4d40c3d4f3a/datanode-0/data/ratis/c91c0f70-2bce-4579-9346-d55735449bbd does not exist. Creating ...
2020-05-13 00:32:37,533 [pool-51-thread-1] INFO  segmented.SegmentedRaftLogWorker (SegmentedRaftLogWorker.java:<init>(176)) - new 92222e62-7016-4f3c-a2fb-dba5b630f443@group-F713439415B4-SegmentedRaftLogWorker for RaftStorage:Storage Directory /github/workspace/mnt/ozone/hadoop-ozone/integration-test/target/test-dir/MiniOzoneClusterImpl-8fbc82c0-848a-4a6b-a3b9-d4d40c3d4f3a/datanode-1/data/ratis/41886a84-6ee6-40b2-ae77-f713439415b4
2020-05-13 00:32:37,533 [pool-67-thread-1] INFO  segmented.SegmentedRaftLogWorker (SegmentedRaftLogWorker.java:<init>(176)) - new 87621b82-bda1-44b5-81fb-df8516e176d4@group-4DE6B71B92D7-SegmentedRaftLogWorker for RaftStorage:Storage Directory /github/workspace/mnt/ozone/hadoop-ozone/integration-test/target/test-dir/MiniOzoneClusterImpl-8fbc82c0-848a-4a6b-a3b9-d4d40c3d4f3a/datanode-2/data/ratis/980d12e0-93b7-4a9d-811c-4de6b71b92d7
2020-05-13 00:32:37,538 [pool-51-thread-1] INFO  server.RaftServerConfigKeys (ConfUtils.java:logGet(44)) - raft.server.log.queue.byte-limit = 2147483647 (custom)
2020-05-13 00:32:37,538 [pool-67-thread-1] INFO  server.RaftServerConfigKeys (ConfUtils.java:logGet(44)) - raft.server.log.queue.byte-limit = 2147483647 (custom)
2020-05-13 00:32:37,538 [pool-51-thread-1] INFO  server.RaftServerConfigKeys (ConfUtils.java:logGet(44)) - raft.server.log.queue.element-limit = 1024 (custom)
2020-05-13 00:32:37,538 [pool-67-thread-1] INFO  server.RaftServerConfigKeys (ConfUtils.java:logGet(44)) - raft.server.log.queue.element-limit = 1024 (custom)
2020-05-13 00:32:37,538 [pool-51-thread-1] INFO  server.RaftServerConfigKeys (ConfUtils.java:logGet(44)) - raft.server.log.segment.size.max = 1048576 (custom)
2020-05-13 00:32:37,538 [pool-67-thread-1] INFO  server.RaftServerConfigKeys (ConfUtils.java:logGet(44)) - raft.server.log.segment.size.max = 1048576 (custom)
2020-05-13 00:32:37,539 [pool-51-thread-1] INFO  server.RaftServerConfigKeys (ConfUtils.java:logGet(44)) - raft.server.log.preallocated.size = 16384 (custom)
2020-05-13 00:32:37,539 [pool-67-thread-1] INFO  server.RaftServerConfigKeys (ConfUtils.java:logGet(44)) - raft.server.log.preallocated.size = 16384 (custom)
2020-05-13 00:32:37,539 [pool-67-thread-1] INFO  server.RaftServerConfigKeys (ConfUtils.java:logGet(44)) - raft.server.log.write.buffer.size = 1048576 (custom)
2020-05-13 00:32:37,539 [pool-67-thread-1] INFO  server.RaftServerConfigKeys (ConfUtils.java:logGet(44)) - raft.server.log.force.sync.num = 128 (default)
2020-05-13 00:32:37,539 [pool-67-thread-1] INFO  server.RaftServerConfigKeys (ConfUtils.java:logGet(44)) - raft.server.log.statemachine.data.sync = true (default)
2020-05-13 00:32:37,539 [pool-67-thread-1] INFO  server.RaftServerConfigKeys (ConfUtils.java:logGet(44)) - raft.server.log.statemachine.data.sync.timeout = 10s (default)
2020-05-13 00:32:37,539 [pool-67-thread-1] INFO  server.RaftServerConfigKeys (ConfUtils.java:logGet(44)) - raft.server.log.statemachine.data.sync.timeout.retry = -1 (default)
2020-05-13 00:32:37,539 [pool-51-thread-1] INFO  server.RaftServerConfigKeys (ConfUtils.java:logGet(44)) - raft.server.log.write.buffer.size = 1048576 (custom)
2020-05-13 00:32:37,540 [pool-51-thread-1] INFO  server.RaftServerConfigKeys (ConfUtils.java:logGet(44)) - raft.server.log.force.sync.num = 128 (default)
2020-05-13 00:32:37,540 [pool-51-thread-1] INFO  server.RaftServerConfigKeys (ConfUtils.java:logGet(44)) - raft.server.log.statemachine.data.sync = true (default)
2020-05-13 00:32:37,540 [pool-51-thread-1] INFO  server.RaftServerConfigKeys (ConfUtils.java:logGet(44)) - raft.server.log.statemachine.data.sync.timeout = 10s (default)
2020-05-13 00:32:37,540 [pool-51-thread-1] INFO  server.RaftServerConfigKeys (ConfUtils.java:logGet(44)) - raft.server.log.statemachine.data.sync.timeout.retry = -1 (default)
2020-05-13 00:32:37,539 [pool-35-thread-1] INFO  storage.RaftStorageDirectory (RaftStorageDirectory.java:tryLock(343)) - Lock on /github/workspace/mnt/ozone/hadoop-ozone/integration-test/target/test-dir/MiniOzoneClusterImpl-8fbc82c0-848a-4a6b-a3b9-d4d40c3d4f3a/datanode-0/data/ratis/c91c0f70-2bce-4579-9346-d55735449bbd/in_use.lock acquired by nodename 27445@c009cc83f362
2020-05-13 00:32:37,544 [pool-51-thread-1] INFO  server.RaftServerConfigKeys (ConfUtils.java:logGet(44)) - raft.server.log.statemachine.data.caching.enabled = true (custom)
2020-05-13 00:32:37,543 [pool-67-thread-1] INFO  server.RaftServerConfigKeys (ConfUtils.java:logGet(44)) - raft.server.log.statemachine.data.caching.enabled = true (custom)
2020-05-13 00:32:37,545 [pool-51-thread-1] INFO  segmented.SegmentedRaftLogWorker (SegmentedRaftLogWorker.java:lambda$new$0(129)) - 92222e62-7016-4f3c-a2fb-dba5b630f443@group-F713439415B4-SegmentedRaftLogWorker: flushIndex: setUnconditionally 0 -> -1
2020-05-13 00:32:37,545 [pool-67-thread-1] INFO  segmented.SegmentedRaftLogWorker (SegmentedRaftLogWorker.java:lambda$new$0(129)) - 87621b82-bda1-44b5-81fb-df8516e176d4@group-4DE6B71B92D7-SegmentedRaftLogWorker: flushIndex: setUnconditionally 0 -> -1
2020-05-13 00:32:37,546 [pool-35-thread-1] INFO  storage.RaftStorage (RaftStorage.java:format(84)) - Storage directory /github/workspace/mnt/ozone/hadoop-ozone/integration-test/target/test-dir/MiniOzoneClusterImpl-8fbc82c0-848a-4a6b-a3b9-d4d40c3d4f3a/datanode-0/data/ratis/c91c0f70-2bce-4579-9346-d55735449bbd has been successfully formatted.
2020-05-13 00:32:37,553 [pool-51-thread-1] INFO  server.RaftServerConfigKeys (ConfUtils.java:logGet(44)) - raft.server.snapshot.auto.trigger.enabled = true (custom)
2020-05-13 00:32:37,553 [pool-51-thread-1] INFO  server.RaftServerConfigKeys (ConfUtils.java:logGet(44)) - raft.server.snapshot.auto.trigger.threshold = 10000 (custom)
2020-05-13 00:32:37,553 [pool-51-thread-1] INFO  server.RaftServerConfigKeys (ConfUtils.java:logGet(44)) - raft.server.snapshot.retention.file.num = 5 (custom)
2020-05-13 00:32:37,553 [pool-51-thread-1] INFO  server.RaftServerConfigKeys (ConfUtils.java:logGet(44)) - raft.server.log.purge.upto.snapshot.index = false (default)
2020-05-13 00:32:37,553 [pool-51-thread-1] INFO  server.RaftServerConfigKeys (ConfUtils.java:logGet(44)) - raft.server.retrycache.expirytime = 600000ms (custom)
2020-05-13 00:32:37,553 [pool-51-thread-1] INFO  metrics.RatisMetrics (RatisMetrics.java:lambda$create$0(39)) - Creating Metrics Registry : ratis.leader_election.92222e62-7016-4f3c-a2fb-dba5b630f443@group-F713439415B4
2020-05-13 00:32:37,554 [pool-51-thread-1] INFO  metrics.RatisMetrics (RatisMetrics.java:lambda$create$0(39)) - Creating Metrics Registry : ratis.server.92222e62-7016-4f3c-a2fb-dba5b630f443@group-F713439415B4
2020-05-13 00:32:37,557 [pool-35-thread-1] INFO  ratis.ContainerStateMachine (ContainerStateMachine.java:loadSnapshot(226)) - group-D55735449BBD: The snapshot info is null. Setting the last applied indexto:(t:0, i:~)
2020-05-13 00:32:37,557 [pool-35-thread-1] INFO  server.RaftServerConfigKeys (ConfUtils.java:logGet(44)) - raft.server.notification.no-leader.timeout = 60s (default)
2020-05-13 00:32:37,557 [pool-35-thread-1] INFO  server.RaftServerConfigKeys (ConfUtils.java:logGet(44)) - raft.server.log.use.memory = false (default)
2020-05-13 00:32:37,557 [pool-35-thread-1] INFO  server.RaftServerConfigKeys (ConfUtils.java:logGet(44)) - raft.server.log.purge.gap = 1000000 (custom)
2020-05-13 00:32:37,557 [pool-35-thread-1] INFO  server.RaftServerConfigKeys (ConfUtils.java:logGet(44)) - raft.server.log.appender.buffer.byte-limit = 33554432 (custom)
2020-05-13 00:32:37,557 [pool-35-thread-1] INFO  server.RaftServerConfigKeys (ConfUtils.java:logGet(44)) - raft.server.log.segment.size.max = 1048576 (custom)
2020-05-13 00:32:37,557 [pool-35-thread-1] INFO  server.RaftServerConfigKeys (ConfUtils.java:logGet(44)) - raft.server.log.segment.cache.num.max = 2 (custom)
2020-05-13 00:32:37,557 [pool-35-thread-1] INFO  segmented.SegmentedRaftLogWorker (SegmentedRaftLogWorker.java:<init>(176)) - new cb2e6cf5-1539-404c-9960-dadd65825157@group-D55735449BBD-SegmentedRaftLogWorker for RaftStorage:Storage Directory /github/workspace/mnt/ozone/hadoop-ozone/integration-test/target/test-dir/MiniOzoneClusterImpl-8fbc82c0-848a-4a6b-a3b9-d4d40c3d4f3a/datanode-0/data/ratis/c91c0f70-2bce-4579-9346-d55735449bbd
2020-05-13 00:32:37,557 [pool-35-thread-1] INFO  server.RaftServerConfigKeys (ConfUtils.java:logGet(44)) - raft.server.log.queue.byte-limit = 2147483647 (custom)
2020-05-13 00:32:37,557 [pool-35-thread-1] INFO  server.RaftServerConfigKeys (ConfUtils.java:logGet(44)) - raft.server.log.queue.element-limit = 1024 (custom)
2020-05-13 00:32:37,557 [pool-35-thread-1] INFO  server.RaftServerConfigKeys (ConfUtils.java:logGet(44)) - raft.server.log.segment.size.max = 1048576 (custom)
2020-05-13 00:32:37,557 [pool-35-thread-1] INFO  server.RaftServerConfigKeys (ConfUtils.java:logGet(44)) - raft.server.log.preallocated.size = 16384 (custom)
2020-05-13 00:32:37,558 [pool-35-thread-1] INFO  server.RaftServerConfigKeys (ConfUtils.java:logGet(44)) - raft.server.log.write.buffer.size = 1048576 (custom)
2020-05-13 00:32:37,558 [pool-35-thread-1] INFO  server.RaftServerConfigKeys (ConfUtils.java:logGet(44)) - raft.server.log.force.sync.num = 128 (default)
2020-05-13 00:32:37,558 [pool-35-thread-1] INFO  server.RaftServerConfigKeys (ConfUtils.java:logGet(44)) - raft.server.log.statemachine.data.sync = true (default)
2020-05-13 00:32:37,558 [pool-35-thread-1] INFO  server.RaftServerConfigKeys (ConfUtils.java:logGet(44)) - raft.server.log.statemachine.data.sync.timeout = 10s (default)
2020-05-13 00:32:37,558 [pool-35-thread-1] INFO  server.RaftServerConfigKeys (ConfUtils.java:logGet(44)) - raft.server.log.statemachine.data.sync.timeout.retry = -1 (default)
2020-05-13 00:32:37,566 [pool-35-thread-1] INFO  server.RaftServerConfigKeys (ConfUtils.java:logGet(44)) - raft.server.log.statemachine.data.caching.enabled = true (custom)
2020-05-13 00:32:37,567 [pool-67-thread-1] INFO  server.RaftServerConfigKeys (ConfUtils.java:logGet(44)) - raft.server.snapshot.auto.trigger.enabled = true (custom)
2020-05-13 00:32:37,567 [pool-67-thread-1] INFO  server.RaftServerConfigKeys (ConfUtils.java:logGet(44)) - raft.server.snapshot.auto.trigger.threshold = 10000 (custom)
2020-05-13 00:32:37,567 [pool-67-thread-1] INFO  server.RaftServerConfigKeys (ConfUtils.java:logGet(44)) - raft.server.snapshot.retention.file.num = 5 (custom)
2020-05-13 00:32:37,567 [pool-67-thread-1] INFO  server.RaftServerConfigKeys (ConfUtils.java:logGet(44)) - raft.server.log.purge.upto.snapshot.index = false (default)
2020-05-13 00:32:37,567 [pool-67-thread-1] INFO  server.RaftServerConfigKeys (ConfUtils.java:logGet(44)) - raft.server.retrycache.expirytime = 600000ms (custom)
2020-05-13 00:32:37,567 [pool-67-thread-1] INFO  metrics.RatisMetrics (RatisMetrics.java:lambda$create$0(39)) - Creating Metrics Registry : ratis.leader_election.87621b82-bda1-44b5-81fb-df8516e176d4@group-4DE6B71B92D7
2020-05-13 00:32:37,568 [pool-67-thread-1] INFO  metrics.RatisMetrics (RatisMetrics.java:lambda$create$0(39)) - Creating Metrics Registry : ratis.server.87621b82-bda1-44b5-81fb-df8516e176d4@group-4DE6B71B92D7
2020-05-13 00:32:37,570 [pool-67-thread-1] INFO  impl.RaftServerImpl (RaftServerImpl.java:start(184)) - 87621b82-bda1-44b5-81fb-df8516e176d4@group-4DE6B71B92D7: start as a follower, conf=-1: [87621b82-bda1-44b5-81fb-df8516e176d4:172.17.0.2:38053], old=null
2020-05-13 00:32:37,570 [pool-67-thread-1] INFO  impl.RaftServerImpl (RaftServerImpl.java:setRole(173)) - 87621b82-bda1-44b5-81fb-df8516e176d4@group-4DE6B71B92D7: changes role from      null to FOLLOWER at term 0 for startAsFollower
2020-05-13 00:32:37,571 [pool-67-thread-1] INFO  impl.RoleInfo (RoleInfo.java:updateAndGet(143)) - 87621b82-bda1-44b5-81fb-df8516e176d4: start FollowerState
2020-05-13 00:32:37,574 [pool-51-thread-1] INFO  impl.RaftServerImpl (RaftServerImpl.java:start(184)) - 92222e62-7016-4f3c-a2fb-dba5b630f443@group-F713439415B4: start as a follower, conf=-1: [92222e62-7016-4f3c-a2fb-dba5b630f443:172.17.0.2:44117], old=null
2020-05-13 00:32:37,574 [pool-67-thread-1] INFO  util.JmxRegister (JmxRegister.java:tryRegister(44)) - Successfully registered JMX Bean with object name Ratis:service=RaftServer,group=group-4DE6B71B92D7,id=87621b82-bda1-44b5-81fb-df8516e176d4
2020-05-13 00:32:37,578 [pool-67-thread-1] INFO  metrics.RatisMetrics (RatisMetrics.java:lambda$create$0(39)) - Creating Metrics Registry : ratis.state_machine.87621b82-bda1-44b5-81fb-df8516e176d4@group-4DE6B71B92D7
2020-05-13 00:32:37,579 [pool-51-thread-1] INFO  impl.RaftServerImpl (RaftServerImpl.java:setRole(173)) - 92222e62-7016-4f3c-a2fb-dba5b630f443@group-F713439415B4: changes role from      null to FOLLOWER at term 0 for startAsFollower
2020-05-13 00:32:37,580 [Command processor thread] INFO  commandhandler.CreatePipelineCommandHandler (CreatePipelineCommandHandler.java:handle(109)) - Created Pipeline RATIS ONE #id: "980d12e0-93b7-4a9d-811c-4de6b71b92d7"
.
2020-05-13 00:32:37,585 [pool-35-thread-1] INFO  segmented.SegmentedRaftLogWorker (SegmentedRaftLogWorker.java:lambda$new$0(129)) - cb2e6cf5-1539-404c-9960-dadd65825157@group-D55735449BBD-SegmentedRaftLogWorker: flushIndex: setUnconditionally 0 -> -1
2020-05-13 00:32:37,585 [Command processor thread] INFO  impl.RaftServerProxy (RaftServerProxy.java:addNew(89)) - 87621b82-bda1-44b5-81fb-df8516e176d4: addNew group-D55735449BBD:[87621b82-bda1-44b5-81fb-df8516e176d4:172.17.0.2:38053, cb2e6cf5-1539-404c-9960-dadd65825157:172.17.0.2:36479, 92222e62-7016-4f3c-a2fb-dba5b630f443:172.17.0.2:44117] returns group-D55735449BBD:java.util.concurrent.CompletableFuture@4369de1c[Not completed]
2020-05-13 00:32:37,585 [pool-35-thread-1] INFO  server.RaftServerConfigKeys (ConfUtils.java:logGet(44)) - raft.server.snapshot.auto.trigger.enabled = true (custom)
2020-05-13 00:32:37,586 [pool-35-thread-1] INFO  server.RaftServerConfigKeys (ConfUtils.java:logGet(44)) - raft.server.snapshot.auto.trigger.threshold = 10000 (custom)
2020-05-13 00:32:37,586 [pool-35-thread-1] INFO  server.RaftServerConfigKeys (ConfUtils.java:logGet(44)) - raft.server.snapshot.retention.file.num = 5 (custom)
2020-05-13 00:32:37,586 [pool-35-thread-1] INFO  server.RaftServerConfigKeys (ConfUtils.java:logGet(44)) - raft.server.log.purge.upto.snapshot.index = false (default)
2020-05-13 00:32:37,586 [pool-35-thread-1] INFO  server.RaftServerConfigKeys (ConfUtils.java:logGet(44)) - raft.server.retrycache.expirytime = 600000ms (custom)
2020-05-13 00:32:37,586 [pool-35-thread-1] INFO  metrics.RatisMetrics (RatisMetrics.java:lambda$create$0(39)) - Creating Metrics Registry : ratis.leader_election.cb2e6cf5-1539-404c-9960-dadd65825157@group-D55735449BBD
2020-05-13 00:32:37,587 [pool-35-thread-1] INFO  metrics.RatisMetrics (RatisMetrics.java:lambda$create$0(39)) - Creating Metrics Registry : ratis.server.cb2e6cf5-1539-404c-9960-dadd65825157@group-D55735449BBD
2020-05-13 00:32:37,590 [pool-35-thread-1] INFO  impl.RaftServerImpl (RaftServerImpl.java:start(184)) - cb2e6cf5-1539-404c-9960-dadd65825157@group-D55735449BBD: start as a follower, conf=-1: [87621b82-bda1-44b5-81fb-df8516e176d4:172.17.0.2:38053, cb2e6cf5-1539-404c-9960-dadd65825157:172.17.0.2:36479, 92222e62-7016-4f3c-a2fb-dba5b630f443:172.17.0.2:44117], old=null
2020-05-13 00:32:37,590 [pool-51-thread-1] INFO  impl.RoleInfo (RoleInfo.java:updateAndGet(143)) - 92222e62-7016-4f3c-a2fb-dba5b630f443: start FollowerState
2020-05-13 00:32:37,590 [pool-67-thread-1] INFO  impl.RaftServerImpl (RaftServerImpl.java:<init>(98)) - 87621b82-bda1-44b5-81fb-df8516e176d4: new RaftServerImpl for group-D55735449BBD:[87621b82-bda1-44b5-81fb-df8516e176d4:172.17.0.2:38053, cb2e6cf5-1539-404c-9960-dadd65825157:172.17.0.2:36479, 92222e62-7016-4f3c-a2fb-dba5b630f443:172.17.0.2:44117] with ContainerStateMachine:uninitialized
2020-05-13 00:32:37,601 [pool-35-thread-1] INFO  impl.RaftServerImpl (RaftServerImpl.java:setRole(173)) - cb2e6cf5-1539-404c-9960-dadd65825157@group-D55735449BBD: changes role from      null to FOLLOWER at term 0 for startAsFollower
2020-05-13 00:32:37,601 [pool-67-thread-1] INFO  server.RaftServerConfigKeys (ConfUtils.java:logGet(44)) - raft.server.rpc.timeout.min = 5s (custom)
2020-05-13 00:32:37,601 [pool-67-thread-1] INFO  server.RaftServerConfigKeys (ConfUtils.java:logGet(44)) - raft.server.rpc.timeout.max = 5200ms (custom)
2020-05-13 00:32:37,601 [pool-67-thread-1] INFO  server.RaftServerConfigKeys (ConfUtils.java:logGet(44)) - raft.server.rpcslowness.timeout = 300s (custom)
2020-05-13 00:32:37,601 [pool-67-thread-1] INFO  server.RaftServerConfigKeys (ConfUtils.java:logGet(44)) - raft.server.sleep.deviation.threshold = 300 (default)
2020-05-13 00:32:37,601 [pool-67-thread-1] INFO  server.RaftServerConfigKeys (ConfUtils.java:logGet(44)) - raft.server.log.appender.install.snapshot.enabled = false (custom)
2020-05-13 00:32:37,601 [pool-67-thread-1] INFO  impl.RaftServerImpl (ServerState.java:<init>(103)) - 87621b82-bda1-44b5-81fb-df8516e176d4@group-D55735449BBD: ConfigurationManager, init=-1: [87621b82-bda1-44b5-81fb-df8516e176d4:172.17.0.2:38053, cb2e6cf5-1539-404c-9960-dadd65825157:172.17.0.2:36479, 92222e62-7016-4f3c-a2fb-dba5b630f443:172.17.0.2:44117], old=null, confs=<EMPTY_MAP>
2020-05-13 00:32:37,602 [pool-67-thread-1] INFO  server.RaftServerConfigKeys (ConfUtils.java:logGet(44)) - raft.server.storage.dir = [/github/workspace/mnt/ozone/hadoop-ozone/integration-test/target/test-dir/MiniOzoneClusterImpl-8fbc82c0-848a-4a6b-a3b9-d4d40c3d4f3a/datanode-2/data/ratis] (custom)
2020-05-13 00:32:37,602 [pool-67-thread-1] INFO  server.RaftServerConfigKeys (ConfUtils.java:logGet(44)) - raft.server.log.corruption.policy = EXCEPTION (default)
2020-05-13 00:32:37,602 [pool-67-thread-1] INFO  storage.RaftStorageDirectory (RaftStorageDirectory.java:analyzeStorage(261)) - The storage directory /github/workspace/mnt/ozone/hadoop-ozone/integration-test/target/test-dir/MiniOzoneClusterImpl-8fbc82c0-848a-4a6b-a3b9-d4d40c3d4f3a/datanode-2/data/ratis/c91c0f70-2bce-4579-9346-d55735449bbd does not exist. Creating ...
2020-05-13 00:32:37,603 [pool-35-thread-1] INFO  impl.RoleInfo (RoleInfo.java:updateAndGet(143)) - cb2e6cf5-1539-404c-9960-dadd65825157: start FollowerState
2020-05-13 00:32:37,604 [pool-51-thread-1] INFO  util.JmxRegister (JmxRegister.java:tryRegister(44)) - Successfully registered JMX Bean with object name Ratis:service=RaftServer,group=group-F713439415B4,id=92222e62-7016-4f3c-a2fb-dba5b630f443
2020-05-13 00:32:37,604 [pool-51-thread-1] INFO  metrics.RatisMetrics (RatisMetrics.java:lambda$create$0(39)) - Creating Metrics Registry : ratis.state_machine.92222e62-7016-4f3c-a2fb-dba5b630f443@group-F713439415B4
2020-05-13 00:32:37,605 [pool-35-thread-1] INFO  util.JmxRegister (JmxRegister.java:tryRegister(44)) - Successfully registered JMX Bean with object name Ratis:service=RaftServer,group=group-D55735449BBD,id=cb2e6cf5-1539-404c-9960-dadd65825157
2020-05-13 00:32:37,605 [pool-35-thread-1] INFO  metrics.RatisMetrics (RatisMetrics.java:lambda$create$0(39)) - Creating Metrics Registry : ratis.state_machine.cb2e6cf5-1539-404c-9960-dadd65825157@group-D55735449BBD
2020-05-13 00:32:37,605 [pool-67-thread-1] INFO  storage.RaftStorageDirectory (RaftStorageDirectory.java:tryLock(343)) - Lock on /github/workspace/mnt/ozone/hadoop-ozone/integration-test/target/test-dir/MiniOzoneClusterImpl-8fbc82c0-848a-4a6b-a3b9-d4d40c3d4f3a/datanode-2/data/ratis/c91c0f70-2bce-4579-9346-d55735449bbd/in_use.lock acquired by nodename 27445@c009cc83f362
2020-05-13 00:32:37,607 [pool-67-thread-1] INFO  storage.RaftStorage (RaftStorage.java:format(84)) - Storage directory /github/workspace/mnt/ozone/hadoop-ozone/integration-test/target/test-dir/MiniOzoneClusterImpl-8fbc82c0-848a-4a6b-a3b9-d4d40c3d4f3a/datanode-2/data/ratis/c91c0f70-2bce-4579-9346-d55735449bbd has been successfully formatted.
2020-05-13 00:32:37,614 [pool-67-thread-1] INFO  ratis.ContainerStateMachine (ContainerStateMachine.java:loadSnapshot(226)) - group-D55735449BBD: The snapshot info is null. Setting the last applied indexto:(t:0, i:~)
2020-05-13 00:32:37,614 [pool-67-thread-1] INFO  server.RaftServerConfigKeys (ConfUtils.java:logGet(44)) - raft.server.notification.no-leader.timeout = 60s (default)
2020-05-13 00:32:37,614 [pool-67-thread-1] INFO  server.RaftServerConfigKeys (ConfUtils.java:logGet(44)) - raft.server.log.use.memory = false (default)
2020-05-13 00:32:37,618 [Command processor thread] INFO  impl.RaftServerProxy (RaftServerProxy.java:addNew(89)) - 8580d7eb-3f73-47b2-ba6a-8a0e1abfbb25: addNew group-51D68404C788:[8580d7eb-3f73-47b2-ba6a-8a0e1abfbb25:172.17.0.2:35053] returns group-51D68404C788:java.util.concurrent.CompletableFuture@7fdd12c5[Not completed]
2020-05-13 00:32:37,619 [Command processor thread] INFO  commandhandler.CreatePipelineCommandHandler (CreatePipelineCommandHandler.java:handle(109)) - Created Pipeline RATIS ONE #id: "41886a84-6ee6-40b2-ae77-f713439415b4"
.
2020-05-13 00:32:37,620 [Command processor thread] INFO  impl.RaftServerProxy (RaftServerProxy.java:addNew(89)) - 92222e62-7016-4f3c-a2fb-dba5b630f443: addNew group-D55735449BBD:[87621b82-bda1-44b5-81fb-df8516e176d4:172.17.0.2:38053, cb2e6cf5-1539-404c-9960-dadd65825157:172.17.0.2:36479, 92222e62-7016-4f3c-a2fb-dba5b630f443:172.17.0.2:44117] returns group-D55735449BBD:java.util.concurrent.CompletableFuture@7ed0b3b9[Not completed]
2020-05-13 00:32:37,627 [pool-67-thread-1] INFO  server.RaftServerConfigKeys (ConfUtils.java:logGet(44)) - raft.server.log.purge.gap = 1000000 (custom)
2020-05-13 00:32:37,627 [pool-67-thread-1] INFO  server.RaftServerConfigKeys (ConfUtils.java:logGet(44)) - raft.server.log.appender.buffer.byte-limit = 33554432 (custom)
2020-05-13 00:32:37,628 [pool-67-thread-1] INFO  server.RaftServerConfigKeys (ConfUtils.java:logGet(44)) - raft.server.log.segment.size.max = 1048576 (custom)
2020-05-13 00:32:37,628 [pool-67-thread-1] INFO  server.RaftServerConfigKeys (ConfUtils.java:logGet(44)) - raft.server.log.segment.cache.num.max = 2 (custom)
2020-05-13 00:32:37,631 [pool-83-thread-1] INFO  impl.RaftServerImpl (RaftServerImpl.java:<init>(98)) - 8580d7eb-3f73-47b2-ba6a-8a0e1abfbb25: new RaftServerImpl for group-51D68404C788:[8580d7eb-3f73-47b2-ba6a-8a0e1abfbb25:172.17.0.2:35053] with ContainerStateMachine:uninitialized
2020-05-13 00:32:37,631 [pool-51-thread-1] INFO  impl.RaftServerImpl (RaftServerImpl.java:<init>(98)) - 92222e62-7016-4f3c-a2fb-dba5b630f443: new RaftServerImpl for group-D55735449BBD:[87621b82-bda1-44b5-81fb-df8516e176d4:172.17.0.2:38053, cb2e6cf5-1539-404c-9960-dadd65825157:172.17.0.2:36479, 92222e62-7016-4f3c-a2fb-dba5b630f443:172.17.0.2:44117] with ContainerStateMachine:uninitialized
2020-05-13 00:32:37,633 [pool-67-thread-1] INFO  segmented.SegmentedRaftLogWorker (SegmentedRaftLogWorker.java:<init>(176)) - new 87621b82-bda1-44b5-81fb-df8516e176d4@group-D55735449BBD-SegmentedRaftLogWorker for RaftStorage:Storage Directory /github/workspace/mnt/ozone/hadoop-ozone/integration-test/target/test-dir/MiniOzoneClusterImpl-8fbc82c0-848a-4a6b-a3b9-d4d40c3d4f3a/datanode-2/data/ratis/c91c0f70-2bce-4579-9346-d55735449bbd
2020-05-13 00:32:37,634 [pool-51-thread-1] INFO  server.RaftServerConfigKeys (ConfUtils.java:logGet(44)) - raft.server.rpc.timeout.min = 5s (custom)
2020-05-13 00:32:37,634 [pool-67-thread-1] INFO  server.RaftServerConfigKeys (ConfUtils.java:logGet(44)) - raft.server.log.queue.byte-limit = 2147483647 (custom)
2020-05-13 00:32:37,634 [pool-83-thread-1] INFO  server.RaftServerConfigKeys (ConfUtils.java:logGet(44)) - raft.server.rpc.timeout.min = 5s (custom)
2020-05-13 00:32:37,634 [pool-51-thread-1] INFO  server.RaftServerConfigKeys (ConfUtils.java:logGet(44)) - raft.server.rpc.timeout.max = 5200ms (custom)
2020-05-13 00:32:37,634 [pool-67-thread-1] INFO  server.RaftServerConfigKeys (ConfUtils.java:logGet(44)) - raft.server.log.queue.element-limit = 1024 (custom)
2020-05-13 00:32:37,634 [pool-83-thread-1] INFO  server.RaftServerConfigKeys (ConfUtils.java:logGet(44)) - raft.server.rpc.timeout.max = 5200ms (custom)
2020-05-13 00:32:37,634 [pool-51-thread-1] INFO  server.RaftServerConfigKeys (ConfUtils.java:logGet(44)) - raft.server.rpcslowness.timeout = 300s (custom)
2020-05-13 00:32:37,634 [pool-67-thread-1] INFO  server.RaftServerConfigKeys (ConfUtils.java:logGet(44)) - raft.server.log.segment.size.max = 1048576 (custom)
2020-05-13 00:32:37,635 [pool-83-thread-1] INFO  server.RaftServerConfigKeys (ConfUtils.java:logGet(44)) - raft.server.rpcslowness.timeout = 300s (custom)
2020-05-13 00:32:37,634 [pool-51-thread-1] INFO  server.RaftServerConfigKeys (ConfUtils.java:logGet(44)) - raft.server.sleep.deviation.threshold = 300 (default)
2020-05-13 00:32:37,635 [pool-67-thread-1] INFO  server.RaftServerConfigKeys (ConfUtils.java:logGet(44)) - raft.server.log.preallocated.size = 16384 (custom)
2020-05-13 00:32:37,635 [pool-83-thread-1] INFO  server.RaftServerConfigKeys (ConfUtils.java:logGet(44)) - raft.server.sleep.deviation.threshold = 300 (default)
2020-05-13 00:32:37,635 [pool-51-thread-1] INFO  server.RaftServerConfigKeys (ConfUtils.java:logGet(44)) - raft.server.log.appender.install.snapshot.enabled = false (custom)
2020-05-13 00:32:37,635 [pool-67-thread-1] INFO  server.RaftServerConfigKeys (ConfUtils.java:logGet(44)) - raft.server.log.write.buffer.size = 1048576 (custom)
2020-05-13 00:32:37,636 [pool-83-thread-1] INFO  server.RaftServerConfigKeys (ConfUtils.java:logGet(44)) - raft.server.log.appender.install.snapshot.enabled = false (custom)
2020-05-13 00:32:37,636 [pool-51-thread-1] INFO  impl.RaftServerImpl (ServerState.java:<init>(103)) - 92222e62-7016-4f3c-a2fb-dba5b630f443@group-D55735449BBD: ConfigurationManager, init=-1: [87621b82-bda1-44b5-81fb-df8516e176d4:172.17.0.2:38053, cb2e6cf5-1539-404c-9960-dadd65825157:172.17.0.2:36479, 92222e62-7016-4f3c-a2fb-dba5b630f443:172.17.0.2:44117], old=null, confs=<EMPTY_MAP>
2020-05-13 00:32:37,636 [pool-67-thread-1] INFO  server.RaftServerConfigKeys (ConfUtils.java:logGet(44)) - raft.server.log.force.sync.num = 128 (default)
2020-05-13 00:32:37,636 [pool-51-thread-1] INFO  server.RaftServerConfigKeys (ConfUtils.java:logGet(44)) - raft.server.storage.dir = [/github/workspace/mnt/ozone/hadoop-ozone/integration-test/target/test-dir/MiniOzoneClusterImpl-8fbc82c0-848a-4a6b-a3b9-d4d40c3d4f3a/datanode-1/data/ratis] (custom)
2020-05-13 00:32:37,636 [pool-67-thread-1] INFO  server.RaftServerConfigKeys (ConfUtils.java:logGet(44)) - raft.server.log.statemachine.data.sync = true (default)
2020-05-13 00:32:37,636 [pool-67-thread-1] INFO  server.RaftServerConfigKeys (ConfUtils.java:logGet(44)) - raft.server.log.statemachine.data.sync.timeout = 10s (default)
2020-05-13 00:32:37,636 [pool-83-thread-1] INFO  impl.RaftServerImpl (ServerState.java:<init>(103)) - 8580d7eb-3f73-47b2-ba6a-8a0e1abfbb25@group-51D68404C788: ConfigurationManager, init=-1: [8580d7eb-3f73-47b2-ba6a-8a0e1abfbb25:172.17.0.2:35053], old=null, confs=<EMPTY_MAP>
2020-05-13 00:32:37,636 [pool-51-thread-1] INFO  server.RaftServerConfigKeys (ConfUtils.java:logGet(44)) - raft.server.log.corruption.policy = EXCEPTION (default)
2020-05-13 00:32:37,636 [pool-67-thread-1] INFO  server.RaftServerConfigKeys (ConfUtils.java:logGet(44)) - raft.server.log.statemachine.data.sync.timeout.retry = -1 (default)
2020-05-13 00:32:37,636 [pool-51-thread-1] INFO  storage.RaftStorageDirectory (RaftStorageDirectory.java:analyzeStorage(261)) - The storage directory /github/workspace/mnt/ozone/hadoop-ozone/integration-test/target/test-dir/MiniOzoneClusterImpl-8fbc82c0-848a-4a6b-a3b9-d4d40c3d4f3a/datanode-1/data/ratis/c91c0f70-2bce-4579-9346-d55735449bbd does not exist. Creating ...
2020-05-13 00:32:37,637 [pool-83-thread-1] INFO  server.RaftServerConfigKeys (ConfUtils.java:logGet(44)) - raft.server.storage.dir = [/github/workspace/mnt/ozone/hadoop-ozone/integration-test/target/test-dir/MiniOzoneClusterImpl-8fbc82c0-848a-4a6b-a3b9-d4d40c3d4f3a/datanode-3/data/ratis] (custom)
2020-05-13 00:32:37,637 [pool-83-thread-1] INFO  server.RaftServerConfigKeys (ConfUtils.java:logGet(44)) - raft.server.log.corruption.policy = EXCEPTION (default)
2020-05-13 00:32:37,637 [pool-67-thread-1] INFO  server.RaftServerConfigKeys (ConfUtils.java:logGet(44)) - raft.server.log.statemachine.data.caching.enabled = true (custom)
2020-05-13 00:32:37,637 [pool-83-thread-1] INFO  storage.RaftStorageDirectory (RaftStorageDirectory.java:analyzeStorage(261)) - The storage directory /github/workspace/mnt/ozone/hadoop-ozone/integration-test/target/test-dir/MiniOzoneClusterImpl-8fbc82c0-848a-4a6b-a3b9-d4d40c3d4f3a/datanode-3/data/ratis/df6fd26f-d038-48da-b2d4-51d68404c788 does not exist. Creating ...
2020-05-13 00:32:37,638 [pool-51-thread-1] INFO  storage.RaftStorageDirectory (RaftStorageDirectory.java:tryLock(343)) - Lock on /github/workspace/mnt/ozone/hadoop-ozone/integration-test/target/test-dir/MiniOzoneClusterImpl-8fbc82c0-848a-4a6b-a3b9-d4d40c3d4f3a/datanode-1/data/ratis/c91c0f70-2bce-4579-9346-d55735449bbd/in_use.lock acquired by nodename 27445@c009cc83f362
2020-05-13 00:32:37,638 [pool-67-thread-1] INFO  segmented.SegmentedRaftLogWorker (SegmentedRaftLogWorker.java:lambda$new$0(129)) - 87621b82-bda1-44b5-81fb-df8516e176d4@group-D55735449BBD-SegmentedRaftLogWorker: flushIndex: setUnconditionally 0 -> -1
2020-05-13 00:32:37,638 [pool-51-thread-1] INFO  storage.RaftStorage (RaftStorage.java:format(84)) - Storage directory /github/workspace/mnt/ozone/hadoop-ozone/integration-test/target/test-dir/MiniOzoneClusterImpl-8fbc82c0-848a-4a6b-a3b9-d4d40c3d4f3a/datanode-1/data/ratis/c91c0f70-2bce-4579-9346-d55735449bbd has been successfully formatted.
2020-05-13 00:32:37,639 [pool-83-thread-1] INFO  storage.RaftStorageDirectory (RaftStorageDirectory.java:tryLock(343)) - Lock on /github/workspace/mnt/ozone/hadoop-ozone/integration-test/target/test-dir/MiniOzoneClusterImpl-8fbc82c0-848a-4a6b-a3b9-d4d40c3d4f3a/datanode-3/data/ratis/df6fd26f-d038-48da-b2d4-51d68404c788/in_use.lock acquired by nodename 27445@c009cc83f362
2020-05-13 00:32:37,640 [pool-67-thread-1] INFO  server.RaftServerConfigKeys (ConfUtils.java:logGet(44)) - raft.server.snapshot.auto.trigger.enabled = true (custom)
2020-05-13 00:32:37,640 [pool-67-thread-1] INFO  server.RaftServerConfigKeys (ConfUtils.java:logGet(44)) - raft.server.snapshot.auto.trigger.threshold = 10000 (custom)
2020-05-13 00:32:37,640 [pool-67-thread-1] INFO  server.RaftServerConfigKeys (ConfUtils.java:logGet(44)) - raft.server.snapshot.retention.file.num = 5 (custom)
2020-05-13 00:32:37,640 [pool-67-thread-1] INFO  server.RaftServerConfigKeys (ConfUtils.java:logGet(44)) - raft.server.log.purge.upto.snapshot.index = false (default)
2020-05-13 00:32:37,640 [pool-67-thread-1] INFO  server.RaftServerConfigKeys (ConfUtils.java:logGet(44)) - raft.server.retrycache.expirytime = 600000ms (custom)
2020-05-13 00:32:37,641 [pool-67-thread-1] INFO  metrics.RatisMetrics (RatisMetrics.java:lambda$create$0(39)) - Creating Metrics Registry : ratis.leader_election.87621b82-bda1-44b5-81fb-df8516e176d4@group-D55735449BBD
2020-05-13 00:32:37,641 [pool-83-thread-1] INFO  storage.RaftStorage (RaftStorage.java:format(84)) - Storage directory /github/workspace/mnt/ozone/hadoop-ozone/integration-test/target/test-dir/MiniOzoneClusterImpl-8fbc82c0-848a-4a6b-a3b9-d4d40c3d4f3a/datanode-3/data/ratis/df6fd26f-d038-48da-b2d4-51d68404c788 has been successfully formatted.
2020-05-13 00:32:37,645 [pool-51-thread-1] INFO  ratis.ContainerStateMachine (ContainerStateMachine.java:loadSnapshot(226)) - group-D55735449BBD: The snapshot info is null. Setting the last applied indexto:(t:0, i:~)
2020-05-13 00:32:37,645 [pool-51-thread-1] INFO  server.RaftServerConfigKeys (ConfUtils.java:logGet(44)) - raft.server.notification.no-leader.timeout = 60s (default)
2020-05-13 00:32:37,645 [pool-51-thread-1] INFO  server.RaftServerConfigKeys (ConfUtils.java:logGet(44)) - raft.server.log.use.memory = false (default)
2020-05-13 00:32:37,645 [pool-51-thread-1] INFO  server.RaftServerConfigKeys (ConfUtils.java:logGet(44)) - raft.server.log.purge.gap = 1000000 (custom)
2020-05-13 00:32:37,645 [pool-51-thread-1] INFO  server.RaftServerConfigKeys (ConfUtils.java:logGet(44)) - raft.server.log.appender.buffer.byte-limit = 33554432 (custom)
2020-05-13 00:32:37,645 [pool-51-thread-1] INFO  server.RaftServerConfigKeys (ConfUtils.java:logGet(44)) - raft.server.log.segment.size.max = 1048576 (custom)
2020-05-13 00:32:37,645 [pool-51-thread-1] INFO  server.RaftServerConfigKeys (ConfUtils.java:logGet(44)) - raft.server.log.segment.cache.num.max = 2 (custom)
2020-05-13 00:32:37,645 [pool-51-thread-1] INFO  segmented.SegmentedRaftLogWorker (SegmentedRaftLogWorker.java:<init>(176)) - new 92222e62-7016-4f3c-a2fb-dba5b630f443@group-D55735449BBD-SegmentedRaftLogWorker for RaftStorage:Storage Directory /github/workspace/mnt/ozone/hadoop-ozone/integration-test/target/test-dir/MiniOzoneClusterImpl-8fbc82c0-848a-4a6b-a3b9-d4d40c3d4f3a/datanode-1/data/ratis/c91c0f70-2bce-4579-9346-d55735449bbd
2020-05-13 00:32:37,645 [pool-51-thread-1] INFO  server.RaftServerConfigKeys (ConfUtils.java:logGet(44)) - raft.server.log.queue.byte-limit = 2147483647 (custom)
2020-05-13 00:32:37,645 [pool-51-thread-1] INFO  server.RaftServerConfigKeys (ConfUtils.java:logGet(44)) - raft.server.log.queue.element-limit = 1024 (custom)
2020-05-13 00:32:37,646 [pool-51-thread-1] INFO  server.RaftServerConfigKeys (ConfUtils.java:logGet(44)) - raft.server.log.segment.size.max = 1048576 (custom)
2020-05-13 00:32:37,646 [pool-51-thread-1] INFO  server.RaftServerConfigKeys (ConfUtils.java:logGet(44)) - raft.server.log.preallocated.size = 16384 (custom)
2020-05-13 00:32:37,646 [pool-51-thread-1] INFO  server.RaftServerConfigKeys (ConfUtils.java:logGet(44)) - raft.server.log.write.buffer.size = 1048576 (custom)
2020-05-13 00:32:37,646 [pool-51-thread-1] INFO  server.RaftServerConfigKeys (ConfUtils.java:logGet(44)) - raft.server.log.force.sync.num = 128 (default)
2020-05-13 00:32:37,646 [pool-51-thread-1] INFO  server.RaftServerConfigKeys (ConfUtils.java:logGet(44)) - raft.server.log.statemachine.data.sync = true (default)
2020-05-13 00:32:37,647 [pool-51-thread-1] INFO  server.RaftServerConfigKeys (ConfUtils.java:logGet(44)) - raft.server.log.statemachine.data.sync.timeout = 10s (default)
2020-05-13 00:32:37,647 [pool-51-thread-1] INFO  server.RaftServerConfigKeys (ConfUtils.java:logGet(44)) - raft.server.log.statemachine.data.sync.timeout.retry = -1 (default)
2020-05-13 00:32:37,648 [pool-51-thread-1] INFO  server.RaftServerConfigKeys (ConfUtils.java:logGet(44)) - raft.server.log.statemachine.data.caching.enabled = true (custom)
2020-05-13 00:32:37,648 [pool-51-thread-1] INFO  segmented.SegmentedRaftLogWorker (SegmentedRaftLogWorker.java:lambda$new$0(129)) - 92222e62-7016-4f3c-a2fb-dba5b630f443@group-D55735449BBD-SegmentedRaftLogWorker: flushIndex: setUnconditionally 0 -> -1
2020-05-13 00:32:37,648 [pool-51-thread-1] INFO  server.RaftServerConfigKeys (ConfUtils.java:logGet(44)) - raft.server.snapshot.auto.trigger.enabled = true (custom)
2020-05-13 00:32:37,649 [pool-51-thread-1] INFO  server.RaftServerConfigKeys (ConfUtils.java:logGet(44)) - raft.server.snapshot.auto.trigger.threshold = 10000 (custom)
2020-05-13 00:32:37,649 [pool-51-thread-1] INFO  server.RaftServerConfigKeys (ConfUtils.java:logGet(44)) - raft.server.snapshot.retention.file.num = 5 (custom)
2020-05-13 00:32:37,649 [pool-51-thread-1] INFO  server.RaftServerConfigKeys (ConfUtils.java:logGet(44)) - raft.server.log.purge.upto.snapshot.index = false (default)
2020-05-13 00:32:37,649 [pool-51-thread-1] INFO  server.RaftServerConfigKeys (ConfUtils.java:logGet(44)) - raft.server.retrycache.expirytime = 600000ms (custom)
2020-05-13 00:32:37,649 [pool-51-thread-1] INFO  metrics.RatisMetrics (RatisMetrics.java:lambda$create$0(39)) - Creating Metrics Registry : ratis.leader_election.92222e62-7016-4f3c-a2fb-dba5b630f443@group-D55735449BBD
2020-05-13 00:32:37,650 [pool-51-thread-1] INFO  metrics.RatisMetrics (RatisMetrics.java:lambda$create$0(39)) - Creating Metrics Registry : ratis.server.92222e62-7016-4f3c-a2fb-dba5b630f443@group-D55735449BBD
2020-05-13 00:32:37,652 [pool-51-thread-1] INFO  impl.RaftServerImpl (RaftServerImpl.java:start(184)) - 92222e62-7016-4f3c-a2fb-dba5b630f443@group-D55735449BBD: start as a follower, conf=-1: [87621b82-bda1-44b5-81fb-df8516e176d4:172.17.0.2:38053, cb2e6cf5-1539-404c-9960-dadd65825157:172.17.0.2:36479, 92222e62-7016-4f3c-a2fb-dba5b630f443:172.17.0.2:44117], old=null
2020-05-13 00:32:37,652 [pool-51-thread-1] INFO  impl.RaftServerImpl (RaftServerImpl.java:setRole(173)) - 92222e62-7016-4f3c-a2fb-dba5b630f443@group-D55735449BBD: changes role from      null to FOLLOWER at term 0 for startAsFollower
2020-05-13 00:32:37,658 [pool-51-thread-1] INFO  impl.RoleInfo (RoleInfo.java:updateAndGet(143)) - 92222e62-7016-4f3c-a2fb-dba5b630f443: start FollowerState
2020-05-13 00:32:37,657 [pool-83-thread-1] INFO  ratis.ContainerStateMachine (ContainerStateMachine.java:loadSnapshot(226)) - group-51D68404C788: The snapshot info is null. Setting the last applied indexto:(t:0, i:~)
2020-05-13 00:32:37,660 [pool-83-thread-1] INFO  server.RaftServerConfigKeys (ConfUtils.java:logGet(44)) - raft.server.notification.no-leader.timeout = 60s (default)
2020-05-13 00:32:37,660 [pool-83-thread-1] INFO  server.RaftServerConfigKeys (ConfUtils.java:logGet(44)) - raft.server.log.use.memory = false (default)
2020-05-13 00:32:37,653 [pool-67-thread-1] INFO  metrics.RatisMetrics (RatisMetrics.java:lambda$create$0(39)) - Creating Metrics Registry : ratis.server.87621b82-bda1-44b5-81fb-df8516e176d4@group-D55735449BBD
2020-05-13 00:32:37,665 [pool-83-thread-1] INFO  server.RaftServerConfigKeys (ConfUtils.java:logGet(44)) - raft.server.log.purge.gap = 1000000 (custom)
2020-05-13 00:32:37,665 [pool-83-thread-1] INFO  server.RaftServerConfigKeys (ConfUtils.java:logGet(44)) - raft.server.log.appender.buffer.byte-limit = 33554432 (custom)
2020-05-13 00:32:37,665 [pool-83-thread-1] INFO  server.RaftServerConfigKeys (ConfUtils.java:logGet(44)) - raft.server.log.segment.size.max = 1048576 (custom)
2020-05-13 00:32:37,665 [pool-83-thread-1] INFO  metrics.RatisMetrics (RatisMetrics.java:lambda$create$0(39)) - Creating Metrics Registry : ratis.log_worker.8580d7eb-3f73-47b2-ba6a-8a0e1abfbb25
2020-05-13 00:32:37,665 [pool-83-thread-1] INFO  server.RaftServerConfigKeys (ConfUtils.java:logGet(44)) - raft.server.log.segment.cache.num.max = 2 (custom)
2020-05-13 00:32:37,666 [pool-83-thread-1] INFO  segmented.SegmentedRaftLogWorker (SegmentedRaftLogWorker.java:<init>(176)) - new 8580d7eb-3f73-47b2-ba6a-8a0e1abfbb25@group-51D68404C788-SegmentedRaftLogWorker for RaftStorage:Storage Directory /github/workspace/mnt/ozone/hadoop-ozone/integration-test/target/test-dir/MiniOzoneClusterImpl-8fbc82c0-848a-4a6b-a3b9-d4d40c3d4f3a/datanode-3/data/ratis/df6fd26f-d038-48da-b2d4-51d68404c788
2020-05-13 00:32:37,666 [pool-83-thread-1] INFO  server.RaftServerConfigKeys (ConfUtils.java:logGet(44)) - raft.server.log.queue.byte-limit = 2147483647 (custom)
2020-05-13 00:32:37,666 [pool-83-thread-1] INFO  server.RaftServerConfigKeys (ConfUtils.java:logGet(44)) - raft.server.log.queue.element-limit = 1024 (custom)
2020-05-13 00:32:37,666 [pool-83-thread-1] INFO  server.RaftServerConfigKeys (ConfUtils.java:logGet(44)) - raft.server.log.segment.size.max = 1048576 (custom)
2020-05-13 00:32:37,666 [pool-83-thread-1] INFO  server.RaftServerConfigKeys (ConfUtils.java:logGet(44)) - raft.server.log.preallocated.size = 16384 (custom)
2020-05-13 00:32:37,666 [pool-83-thread-1] INFO  server.RaftServerConfigKeys (ConfUtils.java:logGet(44)) - raft.server.log.write.buffer.size = 1048576 (custom)
2020-05-13 00:32:37,666 [pool-83-thread-1] INFO  server.RaftServerConfigKeys (ConfUtils.java:logGet(44)) - raft.server.log.force.sync.num = 128 (default)
2020-05-13 00:32:37,666 [pool-83-thread-1] INFO  server.RaftServerConfigKeys (ConfUtils.java:logGet(44)) - raft.server.log.statemachine.data.sync = true (default)
2020-05-13 00:32:37,673 [pool-83-thread-1] INFO  server.RaftServerConfigKeys (ConfUtils.java:logGet(44)) - raft.server.log.statemachine.data.sync.timeout = 10s (default)
2020-05-13 00:32:37,673 [pool-83-thread-1] INFO  server.RaftServerConfigKeys (ConfUtils.java:logGet(44)) - raft.server.log.statemachine.data.sync.timeout.retry = -1 (default)
2020-05-13 00:32:37,676 [pool-83-thread-1] INFO  server.RaftServerConfigKeys (ConfUtils.java:logGet(44)) - raft.server.log.statemachine.data.caching.enabled = true (custom)
2020-05-13 00:32:37,676 [pool-83-thread-1] INFO  segmented.SegmentedRaftLogWorker (SegmentedRaftLogWorker.java:lambda$new$0(129)) - 8580d7eb-3f73-47b2-ba6a-8a0e1abfbb25@group-51D68404C788-SegmentedRaftLogWorker: flushIndex: setUnconditionally 0 -> -1
2020-05-13 00:32:37,660 [pool-51-thread-1] INFO  util.JmxRegister (JmxRegister.java:tryRegister(44)) - Successfully registered JMX Bean with object name Ratis:service=RaftServer,group=group-D55735449BBD,id=92222e62-7016-4f3c-a2fb-dba5b630f443
2020-05-13 00:32:37,659 [EventQueue-PipelineReportForPipelineReportHandler] INFO  pipeline.PipelineStateManager (PipelineStateManager.java:openPipeline(131)) - Pipeline Pipeline[ Id: df6fd26f-d038-48da-b2d4-51d68404c788, Nodes: 8580d7eb-3f73-47b2-ba6a-8a0e1abfbb25{ip: 172.17.0.2, host: c009cc83f362, networkLocation: /default-rack, certSerialId: null}, Type:RATIS, Factor:ONE, State:ALLOCATED, leaderId:8580d7eb-3f73-47b2-ba6a-8a0e1abfbb25, CreationTimestamp2020-05-13T00:32:34.617Z] moved to OPEN state
2020-05-13 00:32:37,676 [pool-83-thread-1] INFO  server.RaftServerConfigKeys (ConfUtils.java:logGet(44)) - raft.server.snapshot.auto.trigger.enabled = true (custom)
2020-05-13 00:32:37,676 [pool-83-thread-1] INFO  server.RaftServerConfigKeys (ConfUtils.java:logGet(44)) - raft.server.snapshot.auto.trigger.threshold = 10000 (custom)
2020-05-13 00:32:37,676 [pool-83-thread-1] INFO  server.RaftServerConfigKeys (ConfUtils.java:logGet(44)) - raft.server.snapshot.retention.file.num = 5 (custom)
2020-05-13 00:32:37,676 [pool-83-thread-1] INFO  server.RaftServerConfigKeys (ConfUtils.java:logGet(44)) - raft.server.log.purge.upto.snapshot.index = false (default)
2020-05-13 00:32:37,677 [pool-83-thread-1] INFO  server.RaftServerConfigKeys (ConfUtils.java:logGet(44)) - raft.server.retrycache.expirytime = 600000ms (custom)
2020-05-13 00:32:37,677 [pool-83-thread-1] INFO  metrics.RatisMetrics (RatisMetrics.java:lambda$create$0(39)) - Creating Metrics Registry : ratis.leader_election.8580d7eb-3f73-47b2-ba6a-8a0e1abfbb25@group-51D68404C788
2020-05-13 00:32:37,677 [pool-83-thread-1] INFO  metrics.RatisMetrics (RatisMetrics.java:lambda$create$0(39)) - Creating Metrics Registry : ratis.server.8580d7eb-3f73-47b2-ba6a-8a0e1abfbb25@group-51D68404C788
2020-05-13 00:32:37,679 [pool-83-thread-1] INFO  impl.RaftServerImpl (RaftServerImpl.java:start(184)) - 8580d7eb-3f73-47b2-ba6a-8a0e1abfbb25@group-51D68404C788: start as a follower, conf=-1: [8580d7eb-3f73-47b2-ba6a-8a0e1abfbb25:172.17.0.2:35053], old=null
2020-05-13 00:32:37,679 [pool-83-thread-1] INFO  impl.RaftServerImpl (RaftServerImpl.java:setRole(173)) - 8580d7eb-3f73-47b2-ba6a-8a0e1abfbb25@group-51D68404C788: changes role from      null to FOLLOWER at term 0 for startAsFollower
2020-05-13 00:32:37,679 [pool-83-thread-1] INFO  impl.RoleInfo (RoleInfo.java:updateAndGet(143)) - 8580d7eb-3f73-47b2-ba6a-8a0e1abfbb25: start FollowerState
2020-05-13 00:32:37,676 [pool-51-thread-1] INFO  metrics.RatisMetrics (RatisMetrics.java:lambda$create$0(39)) - Creating Metrics Registry : ratis.state_machine.92222e62-7016-4f3c-a2fb-dba5b630f443@group-D55735449BBD
2020-05-13 00:32:37,666 [pool-67-thread-1] INFO  impl.RaftServerImpl (RaftServerImpl.java:start(184)) - 87621b82-bda1-44b5-81fb-df8516e176d4@group-D55735449BBD: start as a follower, conf=-1: [87621b82-bda1-44b5-81fb-df8516e176d4:172.17.0.2:38053, cb2e6cf5-1539-404c-9960-dadd65825157:172.17.0.2:36479, 92222e62-7016-4f3c-a2fb-dba5b630f443:172.17.0.2:44117], old=null
2020-05-13 00:32:37,680 [pool-67-thread-1] INFO  impl.RaftServerImpl (RaftServerImpl.java:setRole(173)) - 87621b82-bda1-44b5-81fb-df8516e176d4@group-D55735449BBD: changes role from      null to FOLLOWER at term 0 for startAsFollower
2020-05-13 00:32:37,680 [EventQueue-OpenPipelineForOneReplicaPipelineSafeModeRule] INFO  safemode.SCMSafeModeManager (SCMSafeModeManager.java:validateSafeModeExitRules(213)) - AtleastOneDatanodeReportedRule rule is successfully validated
2020-05-13 00:32:37,680 [EventQueue-OpenPipelineForHealthyPipelineSafeModeRule] INFO  safemode.SCMSafeModeManager (HealthyPipelineSafeModeRule.java:process(132)) - SCM in safe mode. Healthy pipelines reported count is 0, required healthy pipeline reported count is 1
2020-05-13 00:32:37,685 [pool-83-thread-1] INFO  util.JmxRegister (JmxRegister.java:tryRegister(44)) - Successfully registered JMX Bean with object name Ratis:service=RaftServer,group=group-51D68404C788,id=8580d7eb-3f73-47b2-ba6a-8a0e1abfbb25
2020-05-13 00:32:37,685 [pool-83-thread-1] INFO  metrics.RatisMetrics (RatisMetrics.java:lambda$create$0(39)) - Creating Metrics Registry : ratis.state_machine.8580d7eb-3f73-47b2-ba6a-8a0e1abfbb25@group-51D68404C788
2020-05-13 00:32:37,687 [Command processor thread] INFO  commandhandler.CreatePipelineCommandHandler (CreatePipelineCommandHandler.java:handle(109)) - Created Pipeline RATIS ONE #id: "df6fd26f-d038-48da-b2d4-51d68404c788"
.
2020-05-13 00:32:37,687 [Command processor thread] INFO  impl.RaftServerProxy (RaftServerProxy.java:addNew(89)) - 8580d7eb-3f73-47b2-ba6a-8a0e1abfbb25: addNew group-53ABE10B26CB:[8580d7eb-3f73-47b2-ba6a-8a0e1abfbb25:172.17.0.2:35053, 0f02d056-2e43-4ca8-8a74-02455479cd36:172.17.0.2:39273, 279d5905-9172-4de8-95e1-bfc467c5ca26:172.17.0.2:33985] returns group-53ABE10B26CB:java.util.concurrent.CompletableFuture@7be299e6[Not completed]
2020-05-13 00:32:37,688 [pool-83-thread-1] INFO  impl.RaftServerImpl (RaftServerImpl.java:<init>(98)) - 8580d7eb-3f73-47b2-ba6a-8a0e1abfbb25: new RaftServerImpl for group-53ABE10B26CB:[8580d7eb-3f73-47b2-ba6a-8a0e1abfbb25:172.17.0.2:35053, 0f02d056-2e43-4ca8-8a74-02455479cd36:172.17.0.2:39273, 279d5905-9172-4de8-95e1-bfc467c5ca26:172.17.0.2:33985] with ContainerStateMachine:uninitialized
2020-05-13 00:32:37,688 [pool-83-thread-1] INFO  server.RaftServerConfigKeys (ConfUtils.java:logGet(44)) - raft.server.rpc.timeout.min = 5s (custom)
2020-05-13 00:32:37,688 [pool-83-thread-1] INFO  server.RaftServerConfigKeys (ConfUtils.java:logGet(44)) - raft.server.rpc.timeout.max = 5200ms (custom)
2020-05-13 00:32:37,688 [pool-83-thread-1] INFO  server.RaftServerConfigKeys (ConfUtils.java:logGet(44)) - raft.server.rpcslowness.timeout = 300s (custom)
2020-05-13 00:32:37,689 [pool-83-thread-1] INFO  server.RaftServerConfigKeys (ConfUtils.java:logGet(44)) - raft.server.sleep.deviation.threshold = 300 (default)
2020-05-13 00:32:37,689 [pool-83-thread-1] INFO  server.RaftServerConfigKeys (ConfUtils.java:logGet(44)) - raft.server.log.appender.install.snapshot.enabled = false (custom)
2020-05-13 00:32:37,689 [pool-83-thread-1] INFO  impl.RaftServerImpl (ServerState.java:<init>(103)) - 8580d7eb-3f73-47b2-ba6a-8a0e1abfbb25@group-53ABE10B26CB: ConfigurationManager, init=-1: [8580d7eb-3f73-47b2-ba6a-8a0e1abfbb25:172.17.0.2:35053, 0f02d056-2e43-4ca8-8a74-02455479cd36:172.17.0.2:39273, 279d5905-9172-4de8-95e1-bfc467c5ca26:172.17.0.2:33985], old=null, confs=<EMPTY_MAP>
2020-05-13 00:32:37,689 [pool-83-thread-1] INFO  server.RaftServerConfigKeys (ConfUtils.java:logGet(44)) - raft.server.storage.dir = [/github/workspace/mnt/ozone/hadoop-ozone/integration-test/target/test-dir/MiniOzoneClusterImpl-8fbc82c0-848a-4a6b-a3b9-d4d40c3d4f3a/datanode-3/data/ratis] (custom)
2020-05-13 00:32:37,689 [pool-83-thread-1] INFO  server.RaftServerConfigKeys (ConfUtils.java:logGet(44)) - raft.server.log.corruption.policy = EXCEPTION (default)
2020-05-13 00:32:37,689 [pool-83-thread-1] INFO  storage.RaftStorageDirectory (RaftStorageDirectory.java:analyzeStorage(261)) - The storage directory /github/workspace/mnt/ozone/hadoop-ozone/integration-test/target/test-dir/MiniOzoneClusterImpl-8fbc82c0-848a-4a6b-a3b9-d4d40c3d4f3a/datanode-3/data/ratis/328a1ccd-80b7-4f8b-9c32-53abe10b26cb does not exist. Creating ...
2020-05-13 00:32:37,691 [pool-83-thread-1] INFO  storage.RaftStorageDirectory (RaftStorageDirectory.java:tryLock(343)) - Lock on /github/workspace/mnt/ozone/hadoop-ozone/integration-test/target/test-dir/MiniOzoneClusterImpl-8fbc82c0-848a-4a6b-a3b9-d4d40c3d4f3a/datanode-3/data/ratis/328a1ccd-80b7-4f8b-9c32-53abe10b26cb/in_use.lock acquired by nodename 27445@c009cc83f362
2020-05-13 00:32:37,693 [pool-67-thread-1] INFO  impl.RoleInfo (RoleInfo.java:updateAndGet(143)) - 87621b82-bda1-44b5-81fb-df8516e176d4: start FollowerState
2020-05-13 00:32:37,694 [pool-83-thread-1] INFO  storage.RaftStorage (RaftStorage.java:format(84)) - Storage directory /github/workspace/mnt/ozone/hadoop-ozone/integration-test/target/test-dir/MiniOzoneClusterImpl-8fbc82c0-848a-4a6b-a3b9-d4d40c3d4f3a/datanode-3/data/ratis/328a1ccd-80b7-4f8b-9c32-53abe10b26cb has been successfully formatted.
2020-05-13 00:32:37,695 [pool-67-thread-1] INFO  util.JmxRegister (JmxRegister.java:tryRegister(44)) - Successfully registered JMX Bean with object name Ratis:service=RaftServer,group=group-D55735449BBD,id=87621b82-bda1-44b5-81fb-df8516e176d4
2020-05-13 00:32:37,695 [pool-67-thread-1] INFO  metrics.RatisMetrics (RatisMetrics.java:lambda$create$0(39)) - Creating Metrics Registry : ratis.state_machine.87621b82-bda1-44b5-81fb-df8516e176d4@group-D55735449BBD
2020-05-13 00:32:37,701 [pool-83-thread-1] INFO  ratis.ContainerStateMachine (ContainerStateMachine.java:loadSnapshot(226)) - group-53ABE10B26CB: The snapshot info is null. Setting the last applied indexto:(t:0, i:~)
2020-05-13 00:32:37,703 [pool-83-thread-1] INFO  server.RaftServerConfigKeys (ConfUtils.java:logGet(44)) - raft.server.notification.no-leader.timeout = 60s (default)
2020-05-13 00:32:37,703 [pool-83-thread-1] INFO  server.RaftServerConfigKeys (ConfUtils.java:logGet(44)) - raft.server.log.use.memory = false (default)
2020-05-13 00:32:37,703 [pool-83-thread-1] INFO  server.RaftServerConfigKeys (ConfUtils.java:logGet(44)) - raft.server.log.purge.gap = 1000000 (custom)
2020-05-13 00:32:37,703 [pool-83-thread-1] INFO  server.RaftServerConfigKeys (ConfUtils.java:logGet(44)) - raft.server.log.appender.buffer.byte-limit = 33554432 (custom)
2020-05-13 00:32:37,703 [pool-83-thread-1] INFO  server.RaftServerConfigKeys (ConfUtils.java:logGet(44)) - raft.server.log.segment.size.max = 1048576 (custom)
2020-05-13 00:32:37,703 [pool-83-thread-1] INFO  server.RaftServerConfigKeys (ConfUtils.java:logGet(44)) - raft.server.log.segment.cache.num.max = 2 (custom)
2020-05-13 00:32:37,703 [pool-83-thread-1] INFO  segmented.SegmentedRaftLogWorker (SegmentedRaftLogWorker.java:<init>(176)) - new 8580d7eb-3f73-47b2-ba6a-8a0e1abfbb25@group-53ABE10B26CB-SegmentedRaftLogWorker for RaftStorage:Storage Directory /github/workspace/mnt/ozone/hadoop-ozone/integration-test/target/test-dir/MiniOzoneClusterImpl-8fbc82c0-848a-4a6b-a3b9-d4d40c3d4f3a/datanode-3/data/ratis/328a1ccd-80b7-4f8b-9c32-53abe10b26cb
2020-05-13 00:32:37,703 [pool-83-thread-1] INFO  server.RaftServerConfigKeys (ConfUtils.java:logGet(44)) - raft.server.log.queue.byte-limit = 2147483647 (custom)
2020-05-13 00:32:37,703 [pool-83-thread-1] INFO  server.RaftServerConfigKeys (ConfUtils.java:logGet(44)) - raft.server.log.queue.element-limit = 1024 (custom)
2020-05-13 00:32:37,703 [pool-83-thread-1] INFO  server.RaftServerConfigKeys (ConfUtils.java:logGet(44)) - raft.server.log.segment.size.max = 1048576 (custom)
2020-05-13 00:32:37,703 [pool-83-thread-1] INFO  server.RaftServerConfigKeys (ConfUtils.java:logGet(44)) - raft.server.log.preallocated.size = 16384 (custom)
2020-05-13 00:32:37,703 [pool-83-thread-1] INFO  server.RaftServerConfigKeys (ConfUtils.java:logGet(44)) - raft.server.log.write.buffer.size = 1048576 (custom)
2020-05-13 00:32:37,703 [pool-83-thread-1] INFO  server.RaftServerConfigKeys (ConfUtils.java:logGet(44)) - raft.server.log.force.sync.num = 128 (default)
2020-05-13 00:32:37,703 [pool-83-thread-1] INFO  server.RaftServerConfigKeys (ConfUtils.java:logGet(44)) - raft.server.log.statemachine.data.sync = true (default)
2020-05-13 00:32:37,704 [pool-83-thread-1] INFO  server.RaftServerConfigKeys (ConfUtils.java:logGet(44)) - raft.server.log.statemachine.data.sync.timeout = 10s (default)
2020-05-13 00:32:37,704 [pool-83-thread-1] INFO  server.RaftServerConfigKeys (ConfUtils.java:logGet(44)) - raft.server.log.statemachine.data.sync.timeout.retry = -1 (default)
2020-05-13 00:32:37,704 [pool-83-thread-1] INFO  server.RaftServerConfigKeys (ConfUtils.java:logGet(44)) - raft.server.log.statemachine.data.caching.enabled = true (custom)
2020-05-13 00:32:37,704 [pool-83-thread-1] INFO  segmented.SegmentedRaftLogWorker (SegmentedRaftLogWorker.java:lambda$new$0(129)) - 8580d7eb-3f73-47b2-ba6a-8a0e1abfbb25@group-53ABE10B26CB-SegmentedRaftLogWorker: flushIndex: setUnconditionally 0 -> -1
2020-05-13 00:32:37,706 [pool-83-thread-1] INFO  server.RaftServerConfigKeys (ConfUtils.java:logGet(44)) - raft.server.snapshot.auto.trigger.enabled = true (custom)
2020-05-13 00:32:37,706 [pool-83-thread-1] INFO  server.RaftServerConfigKeys (ConfUtils.java:logGet(44)) - raft.server.snapshot.auto.trigger.threshold = 10000 (custom)
2020-05-13 00:32:37,706 [pool-83-thread-1] INFO  server.RaftServerConfigKeys (ConfUtils.java:logGet(44)) - raft.server.snapshot.retention.file.num = 5 (custom)
2020-05-13 00:32:37,706 [pool-83-thread-1] INFO  server.RaftServerConfigKeys (ConfUtils.java:logGet(44)) - raft.server.log.purge.upto.snapshot.index = false (default)
2020-05-13 00:32:37,707 [pool-83-thread-1] INFO  server.RaftServerConfigKeys (ConfUtils.java:logGet(44)) - raft.server.retrycache.expirytime = 600000ms (custom)
2020-05-13 00:32:37,707 [pool-83-thread-1] INFO  metrics.RatisMetrics (RatisMetrics.java:lambda$create$0(39)) - Creating Metrics Registry : ratis.leader_election.8580d7eb-3f73-47b2-ba6a-8a0e1abfbb25@group-53ABE10B26CB
2020-05-13 00:32:37,710 [pool-83-thread-1] INFO  metrics.RatisMetrics (RatisMetrics.java:lambda$create$0(39)) - Creating Metrics Registry : ratis.server.8580d7eb-3f73-47b2-ba6a-8a0e1abfbb25@group-53ABE10B26CB
2020-05-13 00:32:37,711 [pool-83-thread-1] INFO  impl.RaftServerImpl (RaftServerImpl.java:start(184)) - 8580d7eb-3f73-47b2-ba6a-8a0e1abfbb25@group-53ABE10B26CB: start as a follower, conf=-1: [8580d7eb-3f73-47b2-ba6a-8a0e1abfbb25:172.17.0.2:35053, 0f02d056-2e43-4ca8-8a74-02455479cd36:172.17.0.2:39273, 279d5905-9172-4de8-95e1-bfc467c5ca26:172.17.0.2:33985], old=null
2020-05-13 00:32:37,711 [pool-83-thread-1] INFO  impl.RaftServerImpl (RaftServerImpl.java:setRole(173)) - 8580d7eb-3f73-47b2-ba6a-8a0e1abfbb25@group-53ABE10B26CB: changes role from      null to FOLLOWER at term 0 for startAsFollower
2020-05-13 00:32:37,711 [pool-83-thread-1] INFO  impl.RoleInfo (RoleInfo.java:updateAndGet(143)) - 8580d7eb-3f73-47b2-ba6a-8a0e1abfbb25: start FollowerState
2020-05-13 00:32:37,713 [pool-83-thread-1] INFO  util.JmxRegister (JmxRegister.java:tryRegister(44)) - Successfully registered JMX Bean with object name Ratis:service=RaftServer,group=group-53ABE10B26CB,id=8580d7eb-3f73-47b2-ba6a-8a0e1abfbb25
2020-05-13 00:32:37,713 [pool-83-thread-1] INFO  metrics.RatisMetrics (RatisMetrics.java:lambda$create$0(39)) - Creating Metrics Registry : ratis.state_machine.8580d7eb-3f73-47b2-ba6a-8a0e1abfbb25@group-53ABE10B26CB
2020-05-13 00:32:37,723 [Command processor thread] INFO  impl.RaftServerProxy (RaftServerProxy.java:addNew(89)) - 279d5905-9172-4de8-95e1-bfc467c5ca26: addNew group-D6C1F2ABD20D:[279d5905-9172-4de8-95e1-bfc467c5ca26:172.17.0.2:33985] returns group-D6C1F2ABD20D:java.util.concurrent.CompletableFuture@4fbcb90f[Not completed]
2020-05-13 00:32:37,726 [pool-99-thread-1] INFO  impl.RaftServerImpl (RaftServerImpl.java:<init>(98)) - 279d5905-9172-4de8-95e1-bfc467c5ca26: new RaftServerImpl for group-D6C1F2ABD20D:[279d5905-9172-4de8-95e1-bfc467c5ca26:172.17.0.2:33985] with ContainerStateMachine:uninitialized
2020-05-13 00:32:37,726 [pool-99-thread-1] INFO  server.RaftServerConfigKeys (ConfUtils.java:logGet(44)) - raft.server.rpc.timeout.min = 5s (custom)
2020-05-13 00:32:37,726 [pool-99-thread-1] INFO  server.RaftServerConfigKeys (ConfUtils.java:logGet(44)) - raft.server.rpc.timeout.max = 5200ms (custom)
2020-05-13 00:32:37,726 [pool-99-thread-1] INFO  server.RaftServerConfigKeys (ConfUtils.java:logGet(44)) - raft.server.rpcslowness.timeout = 300s (custom)
2020-05-13 00:32:37,726 [pool-99-thread-1] INFO  server.RaftServerConfigKeys (ConfUtils.java:logGet(44)) - raft.server.sleep.deviation.threshold = 300 (default)
2020-05-13 00:32:37,726 [pool-99-thread-1] INFO  server.RaftServerConfigKeys (ConfUtils.java:logGet(44)) - raft.server.log.appender.install.snapshot.enabled = false (custom)
2020-05-13 00:32:37,727 [pool-99-thread-1] INFO  impl.RaftServerImpl (ServerState.java:<init>(103)) - 279d5905-9172-4de8-95e1-bfc467c5ca26@group-D6C1F2ABD20D: ConfigurationManager, init=-1: [279d5905-9172-4de8-95e1-bfc467c5ca26:172.17.0.2:33985], old=null, confs=<EMPTY_MAP>
2020-05-13 00:32:37,727 [pool-99-thread-1] INFO  server.RaftServerConfigKeys (ConfUtils.java:logGet(44)) - raft.server.storage.dir = [/github/workspace/mnt/ozone/hadoop-ozone/integration-test/target/test-dir/MiniOzoneClusterImpl-8fbc82c0-848a-4a6b-a3b9-d4d40c3d4f3a/datanode-4/data/ratis] (custom)
2020-05-13 00:32:37,727 [pool-99-thread-1] INFO  server.RaftServerConfigKeys (ConfUtils.java:logGet(44)) - raft.server.log.corruption.policy = EXCEPTION (default)
2020-05-13 00:32:37,727 [pool-99-thread-1] INFO  storage.RaftStorageDirectory (RaftStorageDirectory.java:analyzeStorage(261)) - The storage directory /github/workspace/mnt/ozone/hadoop-ozone/integration-test/target/test-dir/MiniOzoneClusterImpl-8fbc82c0-848a-4a6b-a3b9-d4d40c3d4f3a/datanode-4/data/ratis/652209ea-bec5-4c24-a60b-d6c1f2abd20d does not exist. Creating ...
2020-05-13 00:32:37,732 [pool-99-thread-1] INFO  storage.RaftStorageDirectory (RaftStorageDirectory.java:tryLock(343)) - Lock on /github/workspace/mnt/ozone/hadoop-ozone/integration-test/target/test-dir/MiniOzoneClusterImpl-8fbc82c0-848a-4a6b-a3b9-d4d40c3d4f3a/datanode-4/data/ratis/652209ea-bec5-4c24-a60b-d6c1f2abd20d/in_use.lock acquired by nodename 27445@c009cc83f362
2020-05-13 00:32:37,734 [pool-99-thread-1] INFO  storage.RaftStorage (RaftStorage.java:format(84)) - Storage directory /github/workspace/mnt/ozone/hadoop-ozone/integration-test/target/test-dir/MiniOzoneClusterImpl-8fbc82c0-848a-4a6b-a3b9-d4d40c3d4f3a/datanode-4/data/ratis/652209ea-bec5-4c24-a60b-d6c1f2abd20d has been successfully formatted.
2020-05-13 00:32:37,735 [pool-99-thread-1] INFO  ratis.ContainerStateMachine (ContainerStateMachine.java:loadSnapshot(226)) - group-D6C1F2ABD20D: The snapshot info is null. Setting the last applied indexto:(t:0, i:~)
2020-05-13 00:32:37,736 [EventQueue-PipelineReportForPipelineReportHandler] INFO  pipeline.PipelineStateManager (PipelineStateManager.java:openPipeline(131)) - Pipeline Pipeline[ Id: 652209ea-bec5-4c24-a60b-d6c1f2abd20d, Nodes: 279d5905-9172-4de8-95e1-bfc467c5ca26{ip: 172.17.0.2, host: c009cc83f362, networkLocation: /default-rack, certSerialId: null}, Type:RATIS, Factor:ONE, State:ALLOCATED, leaderId:279d5905-9172-4de8-95e1-bfc467c5ca26, CreationTimestamp2020-05-13T00:32:34.726Z] moved to OPEN state
2020-05-13 00:32:37,737 [EventQueue-OpenPipelineForOneReplicaPipelineSafeModeRule] INFO  safemode.SCMSafeModeManager (SCMSafeModeManager.java:validateSafeModeExitRules(213)) - AtleastOneDatanodeReportedRule rule is successfully validated
2020-05-13 00:32:37,737 [EventQueue-OpenPipelineForHealthyPipelineSafeModeRule] INFO  safemode.SCMSafeModeManager (HealthyPipelineSafeModeRule.java:process(132)) - SCM in safe mode. Healthy pipelines reported count is 0, required healthy pipeline reported count is 1
2020-05-13 00:32:37,736 [pool-99-thread-1] INFO  server.RaftServerConfigKeys (ConfUtils.java:logGet(44)) - raft.server.notification.no-leader.timeout = 60s (default)
2020-05-13 00:32:37,737 [pool-99-thread-1] INFO  server.RaftServerConfigKeys (ConfUtils.java:logGet(44)) - raft.server.log.use.memory = false (default)
2020-05-13 00:32:37,737 [pool-99-thread-1] INFO  server.RaftServerConfigKeys (ConfUtils.java:logGet(44)) - raft.server.log.purge.gap = 1000000 (custom)
2020-05-13 00:32:37,737 [pool-99-thread-1] INFO  server.RaftServerConfigKeys (ConfUtils.java:logGet(44)) - raft.server.log.appender.buffer.byte-limit = 33554432 (custom)
2020-05-13 00:32:37,737 [pool-99-thread-1] INFO  server.RaftServerConfigKeys (ConfUtils.java:logGet(44)) - raft.server.log.segment.size.max = 1048576 (custom)
2020-05-13 00:32:37,737 [pool-99-thread-1] INFO  metrics.RatisMetrics (RatisMetrics.java:lambda$create$0(39)) - Creating Metrics Registry : ratis.log_worker.279d5905-9172-4de8-95e1-bfc467c5ca26
2020-05-13 00:32:37,738 [pool-99-thread-1] INFO  server.RaftServerConfigKeys (ConfUtils.java:logGet(44)) - raft.server.log.segment.cache.num.max = 2 (custom)
2020-05-13 00:32:37,738 [pool-99-thread-1] INFO  segmented.SegmentedRaftLogWorker (SegmentedRaftLogWorker.java:<init>(176)) - new 279d5905-9172-4de8-95e1-bfc467c5ca26@group-D6C1F2ABD20D-SegmentedRaftLogWorker for RaftStorage:Storage Directory /github/workspace/mnt/ozone/hadoop-ozone/integration-test/target/test-dir/MiniOzoneClusterImpl-8fbc82c0-848a-4a6b-a3b9-d4d40c3d4f3a/datanode-4/data/ratis/652209ea-bec5-4c24-a60b-d6c1f2abd20d
2020-05-13 00:32:37,738 [pool-99-thread-1] INFO  server.RaftServerConfigKeys (ConfUtils.java:logGet(44)) - raft.server.log.queue.byte-limit = 2147483647 (custom)
2020-05-13 00:32:37,738 [pool-99-thread-1] INFO  server.RaftServerConfigKeys (ConfUtils.java:logGet(44)) - raft.server.log.queue.element-limit = 1024 (custom)
2020-05-13 00:32:37,738 [pool-99-thread-1] INFO  server.RaftServerConfigKeys (ConfUtils.java:logGet(44)) - raft.server.log.segment.size.max = 1048576 (custom)
2020-05-13 00:32:37,738 [pool-99-thread-1] INFO  server.RaftServerConfigKeys (ConfUtils.java:logGet(44)) - raft.server.log.preallocated.size = 16384 (custom)
2020-05-13 00:32:37,738 [pool-99-thread-1] INFO  server.RaftServerConfigKeys (ConfUtils.java:logGet(44)) - raft.server.log.write.buffer.size = 1048576 (custom)
2020-05-13 00:32:37,738 [pool-99-thread-1] INFO  server.RaftServerConfigKeys (ConfUtils.java:logGet(44)) - raft.server.log.force.sync.num = 128 (default)
2020-05-13 00:32:37,738 [pool-99-thread-1] INFO  server.RaftServerConfigKeys (ConfUtils.java:logGet(44)) - raft.server.log.statemachine.data.sync = true (default)
2020-05-13 00:32:37,738 [pool-99-thread-1] INFO  server.RaftServerConfigKeys (ConfUtils.java:logGet(44)) - raft.server.log.statemachine.data.sync.timeout = 10s (default)
2020-05-13 00:32:37,738 [pool-99-thread-1] INFO  server.RaftServerConfigKeys (ConfUtils.java:logGet(44)) - raft.server.log.statemachine.data.sync.timeout.retry = -1 (default)
2020-05-13 00:32:37,740 [pool-99-thread-1] INFO  server.RaftServerConfigKeys (ConfUtils.java:logGet(44)) - raft.server.log.statemachine.data.caching.enabled = true (custom)
2020-05-13 00:32:37,740 [pool-99-thread-1] INFO  segmented.SegmentedRaftLogWorker (SegmentedRaftLogWorker.java:lambda$new$0(129)) - 279d5905-9172-4de8-95e1-bfc467c5ca26@group-D6C1F2ABD20D-SegmentedRaftLogWorker: flushIndex: setUnconditionally 0 -> -1
2020-05-13 00:32:37,741 [pool-99-thread-1] INFO  server.RaftServerConfigKeys (ConfUtils.java:logGet(44)) - raft.server.snapshot.auto.trigger.enabled = true (custom)
2020-05-13 00:32:37,741 [pool-99-thread-1] INFO  server.RaftServerConfigKeys (ConfUtils.java:logGet(44)) - raft.server.snapshot.auto.trigger.threshold = 10000 (custom)
2020-05-13 00:32:37,741 [pool-99-thread-1] INFO  server.RaftServerConfigKeys (ConfUtils.java:logGet(44)) - raft.server.snapshot.retention.file.num = 5 (custom)
2020-05-13 00:32:37,742 [pool-99-thread-1] INFO  server.RaftServerConfigKeys (ConfUtils.java:logGet(44)) - raft.server.log.purge.upto.snapshot.index = false (default)
2020-05-13 00:32:37,742 [pool-99-thread-1] INFO  server.RaftServerConfigKeys (ConfUtils.java:logGet(44)) - raft.server.retrycache.expirytime = 600000ms (custom)
2020-05-13 00:32:37,742 [pool-99-thread-1] INFO  metrics.RatisMetrics (RatisMetrics.java:lambda$create$0(39)) - Creating Metrics Registry : ratis.leader_election.279d5905-9172-4de8-95e1-bfc467c5ca26@group-D6C1F2ABD20D
2020-05-13 00:32:37,743 [pool-99-thread-1] INFO  metrics.RatisMetrics (RatisMetrics.java:lambda$create$0(39)) - Creating Metrics Registry : ratis.server.279d5905-9172-4de8-95e1-bfc467c5ca26@group-D6C1F2ABD20D
2020-05-13 00:32:37,744 [pool-99-thread-1] INFO  impl.RaftServerImpl (RaftServerImpl.java:start(184)) - 279d5905-9172-4de8-95e1-bfc467c5ca26@group-D6C1F2ABD20D: start as a follower, conf=-1: [279d5905-9172-4de8-95e1-bfc467c5ca26:172.17.0.2:33985], old=null
2020-05-13 00:32:37,744 [pool-99-thread-1] INFO  impl.RaftServerImpl (RaftServerImpl.java:setRole(173)) - 279d5905-9172-4de8-95e1-bfc467c5ca26@group-D6C1F2ABD20D: changes role from      null to FOLLOWER at term 0 for startAsFollower
2020-05-13 00:32:37,744 [pool-99-thread-1] INFO  impl.RoleInfo (RoleInfo.java:updateAndGet(143)) - 279d5905-9172-4de8-95e1-bfc467c5ca26: start FollowerState
2020-05-13 00:32:37,765 [pool-99-thread-1] INFO  util.JmxRegister (JmxRegister.java:tryRegister(44)) - Successfully registered JMX Bean with object name Ratis:service=RaftServer,group=group-D6C1F2ABD20D,id=279d5905-9172-4de8-95e1-bfc467c5ca26
2020-05-13 00:32:37,772 [pool-99-thread-1] INFO  metrics.RatisMetrics (RatisMetrics.java:lambda$create$0(39)) - Creating Metrics Registry : ratis.state_machine.279d5905-9172-4de8-95e1-bfc467c5ca26@group-D6C1F2ABD20D
2020-05-13 00:32:37,774 [Command processor thread] INFO  commandhandler.CreatePipelineCommandHandler (CreatePipelineCommandHandler.java:handle(109)) - Created Pipeline RATIS ONE #id: "652209ea-bec5-4c24-a60b-d6c1f2abd20d"
.
2020-05-13 00:32:37,774 [Command processor thread] INFO  impl.RaftServerProxy (RaftServerProxy.java:addNew(89)) - 279d5905-9172-4de8-95e1-bfc467c5ca26: addNew group-53ABE10B26CB:[8580d7eb-3f73-47b2-ba6a-8a0e1abfbb25:172.17.0.2:35053, 0f02d056-2e43-4ca8-8a74-02455479cd36:172.17.0.2:39273, 279d5905-9172-4de8-95e1-bfc467c5ca26:172.17.0.2:33985] returns group-53ABE10B26CB:java.util.concurrent.CompletableFuture@4b832420[Not completed]
2020-05-13 00:32:37,776 [pool-99-thread-1] INFO  impl.RaftServerImpl (RaftServerImpl.java:<init>(98)) - 279d5905-9172-4de8-95e1-bfc467c5ca26: new RaftServerImpl for group-53ABE10B26CB:[8580d7eb-3f73-47b2-ba6a-8a0e1abfbb25:172.17.0.2:35053, 0f02d056-2e43-4ca8-8a74-02455479cd36:172.17.0.2:39273, 279d5905-9172-4de8-95e1-bfc467c5ca26:172.17.0.2:33985] with ContainerStateMachine:uninitialized
2020-05-13 00:32:37,776 [pool-99-thread-1] INFO  server.RaftServerConfigKeys (ConfUtils.java:logGet(44)) - raft.server.rpc.timeout.min = 5s (custom)
2020-05-13 00:32:37,776 [pool-99-thread-1] INFO  server.RaftServerConfigKeys (ConfUtils.java:logGet(44)) - raft.server.rpc.timeout.max = 5200ms (custom)
2020-05-13 00:32:37,776 [pool-99-thread-1] INFO  server.RaftServerConfigKeys (ConfUtils.java:logGet(44)) - raft.server.rpcslowness.timeout = 300s (custom)
2020-05-13 00:32:37,776 [pool-99-thread-1] INFO  server.RaftServerConfigKeys (ConfUtils.java:logGet(44)) - raft.server.sleep.deviation.threshold = 300 (default)
2020-05-13 00:32:37,776 [pool-99-thread-1] INFO  server.RaftServerConfigKeys (ConfUtils.java:logGet(44)) - raft.server.log.appender.install.snapshot.enabled = false (custom)
2020-05-13 00:32:37,776 [pool-99-thread-1] INFO  impl.RaftServerImpl (ServerState.java:<init>(103)) - 279d5905-9172-4de8-95e1-bfc467c5ca26@group-53ABE10B26CB: ConfigurationManager, init=-1: [8580d7eb-3f73-47b2-ba6a-8a0e1abfbb25:172.17.0.2:35053, 0f02d056-2e43-4ca8-8a74-02455479cd36:172.17.0.2:39273, 279d5905-9172-4de8-95e1-bfc467c5ca26:172.17.0.2:33985], old=null, confs=<EMPTY_MAP>
2020-05-13 00:32:37,776 [pool-99-thread-1] INFO  server.RaftServerConfigKeys (ConfUtils.java:logGet(44)) - raft.server.storage.dir = [/github/workspace/mnt/ozone/hadoop-ozone/integration-test/target/test-dir/MiniOzoneClusterImpl-8fbc82c0-848a-4a6b-a3b9-d4d40c3d4f3a/datanode-4/data/ratis] (custom)
2020-05-13 00:32:37,777 [pool-99-thread-1] INFO  server.RaftServerConfigKeys (ConfUtils.java:logGet(44)) - raft.server.log.corruption.policy = EXCEPTION (default)
2020-05-13 00:32:37,777 [pool-99-thread-1] INFO  storage.RaftStorageDirectory (RaftStorageDirectory.java:analyzeStorage(261)) - The storage directory /github/workspace/mnt/ozone/hadoop-ozone/integration-test/target/test-dir/MiniOzoneClusterImpl-8fbc82c0-848a-4a6b-a3b9-d4d40c3d4f3a/datanode-4/data/ratis/328a1ccd-80b7-4f8b-9c32-53abe10b26cb does not exist. Creating ...
2020-05-13 00:32:37,779 [pool-99-thread-1] INFO  storage.RaftStorageDirectory (RaftStorageDirectory.java:tryLock(343)) - Lock on /github/workspace/mnt/ozone/hadoop-ozone/integration-test/target/test-dir/MiniOzoneClusterImpl-8fbc82c0-848a-4a6b-a3b9-d4d40c3d4f3a/datanode-4/data/ratis/328a1ccd-80b7-4f8b-9c32-53abe10b26cb/in_use.lock acquired by nodename 27445@c009cc83f362
2020-05-13 00:32:37,785 [pool-99-thread-1] INFO  storage.RaftStorage (RaftStorage.java:format(84)) - Storage directory /github/workspace/mnt/ozone/hadoop-ozone/integration-test/target/test-dir/MiniOzoneClusterImpl-8fbc82c0-848a-4a6b-a3b9-d4d40c3d4f3a/datanode-4/data/ratis/328a1ccd-80b7-4f8b-9c32-53abe10b26cb has been successfully formatted.
2020-05-13 00:32:37,785 [pool-99-thread-1] INFO  ratis.ContainerStateMachine (ContainerStateMachine.java:loadSnapshot(226)) - group-53ABE10B26CB: The snapshot info is null. Setting the last applied indexto:(t:0, i:~)
2020-05-13 00:32:37,786 [pool-99-thread-1] INFO  server.RaftServerConfigKeys (ConfUtils.java:logGet(44)) - raft.server.notification.no-leader.timeout = 60s (default)
2020-05-13 00:32:37,786 [pool-99-thread-1] INFO  server.RaftServerConfigKeys (ConfUtils.java:logGet(44)) - raft.server.log.use.memory = false (default)
2020-05-13 00:32:37,787 [pool-99-thread-1] INFO  server.RaftServerConfigKeys (ConfUtils.java:logGet(44)) - raft.server.log.purge.gap = 1000000 (custom)
2020-05-13 00:32:37,787 [pool-99-thread-1] INFO  server.RaftServerConfigKeys (ConfUtils.java:logGet(44)) - raft.server.log.appender.buffer.byte-limit = 33554432 (custom)
2020-05-13 00:32:37,787 [pool-99-thread-1] INFO  server.RaftServerConfigKeys (ConfUtils.java:logGet(44)) - raft.server.log.segment.size.max = 1048576 (custom)
2020-05-13 00:32:37,787 [pool-99-thread-1] INFO  server.RaftServerConfigKeys (ConfUtils.java:logGet(44)) - raft.server.log.segment.cache.num.max = 2 (custom)
2020-05-13 00:32:37,787 [pool-99-thread-1] INFO  segmented.SegmentedRaftLogWorker (SegmentedRaftLogWorker.java:<init>(176)) - new 279d5905-9172-4de8-95e1-bfc467c5ca26@group-53ABE10B26CB-SegmentedRaftLogWorker for RaftStorage:Storage Directory /github/workspace/mnt/ozone/hadoop-ozone/integration-test/target/test-dir/MiniOzoneClusterImpl-8fbc82c0-848a-4a6b-a3b9-d4d40c3d4f3a/datanode-4/data/ratis/328a1ccd-80b7-4f8b-9c32-53abe10b26cb
2020-05-13 00:32:37,787 [pool-99-thread-1] INFO  server.RaftServerConfigKeys (ConfUtils.java:logGet(44)) - raft.server.log.queue.byte-limit = 2147483647 (custom)
2020-05-13 00:32:37,787 [pool-99-thread-1] INFO  server.RaftServerConfigKeys (ConfUtils.java:logGet(44)) - raft.server.log.queue.element-limit = 1024 (custom)
2020-05-13 00:32:37,787 [pool-99-thread-1] INFO  server.RaftServerConfigKeys (ConfUtils.java:logGet(44)) - raft.server.log.segment.size.max = 1048576 (custom)
2020-05-13 00:32:37,789 [pool-99-thread-1] INFO  server.RaftServerConfigKeys (ConfUtils.java:logGet(44)) - raft.server.log.preallocated.size = 16384 (custom)
2020-05-13 00:32:37,789 [pool-99-thread-1] INFO  server.RaftServerConfigKeys (ConfUtils.java:logGet(44)) - raft.server.log.write.buffer.size = 1048576 (custom)
2020-05-13 00:32:37,789 [pool-99-thread-1] INFO  server.RaftServerConfigKeys (ConfUtils.java:logGet(44)) - raft.server.log.force.sync.num = 128 (default)
2020-05-13 00:32:37,789 [pool-99-thread-1] INFO  server.RaftServerConfigKeys (ConfUtils.java:logGet(44)) - raft.server.log.statemachine.data.sync = true (default)
2020-05-13 00:32:37,789 [pool-99-thread-1] INFO  server.RaftServerConfigKeys (ConfUtils.java:logGet(44)) - raft.server.log.statemachine.data.sync.timeout = 10s (default)
2020-05-13 00:32:37,789 [pool-99-thread-1] INFO  server.RaftServerConfigKeys (ConfUtils.java:logGet(44)) - raft.server.log.statemachine.data.sync.timeout.retry = -1 (default)
2020-05-13 00:32:37,790 [pool-99-thread-1] INFO  server.RaftServerConfigKeys (ConfUtils.java:logGet(44)) - raft.server.log.statemachine.data.caching.enabled = true (custom)
2020-05-13 00:32:37,791 [pool-99-thread-1] INFO  segmented.SegmentedRaftLogWorker (SegmentedRaftLogWorker.java:lambda$new$0(129)) - 279d5905-9172-4de8-95e1-bfc467c5ca26@group-53ABE10B26CB-SegmentedRaftLogWorker: flushIndex: setUnconditionally 0 -> -1
2020-05-13 00:32:37,794 [pool-99-thread-1] INFO  server.RaftServerConfigKeys (ConfUtils.java:logGet(44)) - raft.server.snapshot.auto.trigger.enabled = true (custom)
2020-05-13 00:32:37,795 [pool-99-thread-1] INFO  server.RaftServerConfigKeys (ConfUtils.java:logGet(44)) - raft.server.snapshot.auto.trigger.threshold = 10000 (custom)
2020-05-13 00:32:37,795 [pool-99-thread-1] INFO  server.RaftServerConfigKeys (ConfUtils.java:logGet(44)) - raft.server.snapshot.retention.file.num = 5 (custom)
2020-05-13 00:32:37,795 [pool-99-thread-1] INFO  server.RaftServerConfigKeys (ConfUtils.java:logGet(44)) - raft.server.log.purge.upto.snapshot.index = false (default)
2020-05-13 00:32:37,795 [pool-99-thread-1] INFO  server.RaftServerConfigKeys (ConfUtils.java:logGet(44)) - raft.server.retrycache.expirytime = 600000ms (custom)
2020-05-13 00:32:37,796 [pool-99-thread-1] INFO  metrics.RatisMetrics (RatisMetrics.java:lambda$create$0(39)) - Creating Metrics Registry : ratis.leader_election.279d5905-9172-4de8-95e1-bfc467c5ca26@group-53ABE10B26CB
2020-05-13 00:32:37,797 [pool-99-thread-1] INFO  metrics.RatisMetrics (RatisMetrics.java:lambda$create$0(39)) - Creating Metrics Registry : ratis.server.279d5905-9172-4de8-95e1-bfc467c5ca26@group-53ABE10B26CB
2020-05-13 00:32:37,798 [pool-99-thread-1] INFO  impl.RaftServerImpl (RaftServerImpl.java:start(184)) - 279d5905-9172-4de8-95e1-bfc467c5ca26@group-53ABE10B26CB: start as a follower, conf=-1: [8580d7eb-3f73-47b2-ba6a-8a0e1abfbb25:172.17.0.2:35053, 0f02d056-2e43-4ca8-8a74-02455479cd36:172.17.0.2:39273, 279d5905-9172-4de8-95e1-bfc467c5ca26:172.17.0.2:33985], old=null
2020-05-13 00:32:37,798 [pool-99-thread-1] INFO  impl.RaftServerImpl (RaftServerImpl.java:setRole(173)) - 279d5905-9172-4de8-95e1-bfc467c5ca26@group-53ABE10B26CB: changes role from      null to FOLLOWER at term 0 for startAsFollower
2020-05-13 00:32:37,798 [pool-99-thread-1] INFO  impl.RoleInfo (RoleInfo.java:updateAndGet(143)) - 279d5905-9172-4de8-95e1-bfc467c5ca26: start FollowerState
2020-05-13 00:32:37,799 [pool-99-thread-1] INFO  util.JmxRegister (JmxRegister.java:tryRegister(44)) - Successfully registered JMX Bean with object name Ratis:service=RaftServer,group=group-53ABE10B26CB,id=279d5905-9172-4de8-95e1-bfc467c5ca26
2020-05-13 00:32:37,799 [pool-99-thread-1] INFO  metrics.RatisMetrics (RatisMetrics.java:lambda$create$0(39)) - Creating Metrics Registry : ratis.state_machine.279d5905-9172-4de8-95e1-bfc467c5ca26@group-53ABE10B26CB
2020-05-13 00:32:37,830 [Command processor thread] INFO  impl.RaftServerProxy (RaftServerProxy.java:addNew(89)) - 0f02d056-2e43-4ca8-8a74-02455479cd36: addNew group-4F73FA676FB7:[0f02d056-2e43-4ca8-8a74-02455479cd36:172.17.0.2:39273] returns group-4F73FA676FB7:java.util.concurrent.CompletableFuture@1a866c1e[Not completed]
2020-05-13 00:32:37,842 [pool-115-thread-1] INFO  impl.RaftServerImpl (RaftServerImpl.java:<init>(98)) - 0f02d056-2e43-4ca8-8a74-02455479cd36: new RaftServerImpl for group-4F73FA676FB7:[0f02d056-2e43-4ca8-8a74-02455479cd36:172.17.0.2:39273] with ContainerStateMachine:uninitialized
2020-05-13 00:32:37,861 [pool-115-thread-1] INFO  server.RaftServerConfigKeys (ConfUtils.java:logGet(44)) - raft.server.rpc.timeout.min = 5s (custom)
2020-05-13 00:32:37,862 [pool-115-thread-1] INFO  server.RaftServerConfigKeys (ConfUtils.java:logGet(44)) - raft.server.rpc.timeout.max = 5200ms (custom)
2020-05-13 00:32:37,862 [pool-115-thread-1] INFO  server.RaftServerConfigKeys (ConfUtils.java:logGet(44)) - raft.server.rpcslowness.timeout = 300s (custom)
2020-05-13 00:32:37,862 [pool-115-thread-1] INFO  server.RaftServerConfigKeys (ConfUtils.java:logGet(44)) - raft.server.sleep.deviation.threshold = 300 (default)
2020-05-13 00:32:37,862 [pool-115-thread-1] INFO  server.RaftServerConfigKeys (ConfUtils.java:logGet(44)) - raft.server.log.appender.install.snapshot.enabled = false (custom)
2020-05-13 00:32:37,862 [pool-115-thread-1] INFO  impl.RaftServerImpl (ServerState.java:<init>(103)) - 0f02d056-2e43-4ca8-8a74-02455479cd36@group-4F73FA676FB7: ConfigurationManager, init=-1: [0f02d056-2e43-4ca8-8a74-02455479cd36:172.17.0.2:39273], old=null, confs=<EMPTY_MAP>
2020-05-13 00:32:37,864 [pool-115-thread-1] INFO  server.RaftServerConfigKeys (ConfUtils.java:logGet(44)) - raft.server.storage.dir = [/github/workspace/mnt/ozone/hadoop-ozone/integration-test/target/test-dir/MiniOzoneClusterImpl-8fbc82c0-848a-4a6b-a3b9-d4d40c3d4f3a/datanode-5/data/ratis] (custom)
2020-05-13 00:32:37,864 [pool-115-thread-1] INFO  server.RaftServerConfigKeys (ConfUtils.java:logGet(44)) - raft.server.log.corruption.policy = EXCEPTION (default)
2020-05-13 00:32:37,865 [pool-115-thread-1] INFO  storage.RaftStorageDirectory (RaftStorageDirectory.java:analyzeStorage(261)) - The storage directory /github/workspace/mnt/ozone/hadoop-ozone/integration-test/target/test-dir/MiniOzoneClusterImpl-8fbc82c0-848a-4a6b-a3b9-d4d40c3d4f3a/datanode-5/data/ratis/b4e25ab3-faa5-4c24-9fc8-4f73fa676fb7 does not exist. Creating ...
2020-05-13 00:32:37,873 [pool-115-thread-1] INFO  storage.RaftStorageDirectory (RaftStorageDirectory.java:tryLock(343)) - Lock on /github/workspace/mnt/ozone/hadoop-ozone/integration-test/target/test-dir/MiniOzoneClusterImpl-8fbc82c0-848a-4a6b-a3b9-d4d40c3d4f3a/datanode-5/data/ratis/b4e25ab3-faa5-4c24-9fc8-4f73fa676fb7/in_use.lock acquired by nodename 27445@c009cc83f362
2020-05-13 00:32:37,875 [pool-115-thread-1] INFO  storage.RaftStorage (RaftStorage.java:format(84)) - Storage directory /github/workspace/mnt/ozone/hadoop-ozone/integration-test/target/test-dir/MiniOzoneClusterImpl-8fbc82c0-848a-4a6b-a3b9-d4d40c3d4f3a/datanode-5/data/ratis/b4e25ab3-faa5-4c24-9fc8-4f73fa676fb7 has been successfully formatted.
2020-05-13 00:32:37,876 [pool-115-thread-1] INFO  ratis.ContainerStateMachine (ContainerStateMachine.java:loadSnapshot(226)) - group-4F73FA676FB7: The snapshot info is null. Setting the last applied indexto:(t:0, i:~)
2020-05-13 00:32:37,876 [pool-115-thread-1] INFO  server.RaftServerConfigKeys (ConfUtils.java:logGet(44)) - raft.server.notification.no-leader.timeout = 60s (default)
2020-05-13 00:32:37,876 [pool-115-thread-1] INFO  server.RaftServerConfigKeys (ConfUtils.java:logGet(44)) - raft.server.log.use.memory = false (default)
2020-05-13 00:32:37,876 [pool-115-thread-1] INFO  server.RaftServerConfigKeys (ConfUtils.java:logGet(44)) - raft.server.log.purge.gap = 1000000 (custom)
2020-05-13 00:32:37,876 [pool-115-thread-1] INFO  server.RaftServerConfigKeys (ConfUtils.java:logGet(44)) - raft.server.log.appender.buffer.byte-limit = 33554432 (custom)
2020-05-13 00:32:37,876 [pool-115-thread-1] INFO  server.RaftServerConfigKeys (ConfUtils.java:logGet(44)) - raft.server.log.segment.size.max = 1048576 (custom)
2020-05-13 00:32:37,876 [pool-115-thread-1] INFO  metrics.RatisMetrics (RatisMetrics.java:lambda$create$0(39)) - Creating Metrics Registry : ratis.log_worker.0f02d056-2e43-4ca8-8a74-02455479cd36
2020-05-13 00:32:37,877 [pool-115-thread-1] INFO  server.RaftServerConfigKeys (ConfUtils.java:logGet(44)) - raft.server.log.segment.cache.num.max = 2 (custom)
2020-05-13 00:32:37,877 [pool-115-thread-1] INFO  segmented.SegmentedRaftLogWorker (SegmentedRaftLogWorker.java:<init>(176)) - new 0f02d056-2e43-4ca8-8a74-02455479cd36@group-4F73FA676FB7-SegmentedRaftLogWorker for RaftStorage:Storage Directory /github/workspace/mnt/ozone/hadoop-ozone/integration-test/target/test-dir/MiniOzoneClusterImpl-8fbc82c0-848a-4a6b-a3b9-d4d40c3d4f3a/datanode-5/data/ratis/b4e25ab3-faa5-4c24-9fc8-4f73fa676fb7
2020-05-13 00:32:37,877 [pool-115-thread-1] INFO  server.RaftServerConfigKeys (ConfUtils.java:logGet(44)) - raft.server.log.queue.byte-limit = 2147483647 (custom)
2020-05-13 00:32:37,877 [pool-115-thread-1] INFO  server.RaftServerConfigKeys (ConfUtils.java:logGet(44)) - raft.server.log.queue.element-limit = 1024 (custom)
2020-05-13 00:32:37,877 [pool-115-thread-1] INFO  server.RaftServerConfigKeys (ConfUtils.java:logGet(44)) - raft.server.log.segment.size.max = 1048576 (custom)
2020-05-13 00:32:37,877 [pool-115-thread-1] INFO  server.RaftServerConfigKeys (ConfUtils.java:logGet(44)) - raft.server.log.preallocated.size = 16384 (custom)
2020-05-13 00:32:37,877 [pool-115-thread-1] INFO  server.RaftServerConfigKeys (ConfUtils.java:logGet(44)) - raft.server.log.write.buffer.size = 1048576 (custom)
2020-05-13 00:32:37,877 [pool-115-thread-1] INFO  server.RaftServerConfigKeys (ConfUtils.java:logGet(44)) - raft.server.log.force.sync.num = 128 (default)
2020-05-13 00:32:37,877 [EventQueue-PipelineReportForPipelineReportHandler] INFO  pipeline.PipelineStateManager (PipelineStateManager.java:openPipeline(131)) - Pipeline Pipeline[ Id: b4e25ab3-faa5-4c24-9fc8-4f73fa676fb7, Nodes: 0f02d056-2e43-4ca8-8a74-02455479cd36{ip: 172.17.0.2, host: c009cc83f362, networkLocation: /default-rack, certSerialId: null}, Type:RATIS, Factor:ONE, State:ALLOCATED, leaderId:0f02d056-2e43-4ca8-8a74-02455479cd36, CreationTimestamp2020-05-13T00:32:34.834Z] moved to OPEN state
2020-05-13 00:32:37,877 [pool-115-thread-1] INFO  server.RaftServerConfigKeys (ConfUtils.java:logGet(44)) - raft.server.log.statemachine.data.sync = true (default)
2020-05-13 00:32:37,878 [EventQueue-OpenPipelineForHealthyPipelineSafeModeRule] INFO  safemode.SCMSafeModeManager (HealthyPipelineSafeModeRule.java:process(132)) - SCM in safe mode. Healthy pipelines reported count is 0, required healthy pipeline reported count is 1
2020-05-13 00:32:37,877 [EventQueue-OpenPipelineForOneReplicaPipelineSafeModeRule] INFO  safemode.SCMSafeModeManager (SCMSafeModeManager.java:validateSafeModeExitRules(213)) - AtleastOneDatanodeReportedRule rule is successfully validated
2020-05-13 00:32:37,883 [pool-115-thread-1] INFO  server.RaftServerConfigKeys (ConfUtils.java:logGet(44)) - raft.server.log.statemachine.data.sync.timeout = 10s (default)
2020-05-13 00:32:37,883 [pool-115-thread-1] INFO  server.RaftServerConfigKeys (ConfUtils.java:logGet(44)) - raft.server.log.statemachine.data.sync.timeout.retry = -1 (default)
2020-05-13 00:32:37,886 [pool-115-thread-1] INFO  server.RaftServerConfigKeys (ConfUtils.java:logGet(44)) - raft.server.log.statemachine.data.caching.enabled = true (custom)
2020-05-13 00:32:37,893 [pool-115-thread-1] INFO  segmented.SegmentedRaftLogWorker (SegmentedRaftLogWorker.java:lambda$new$0(129)) - 0f02d056-2e43-4ca8-8a74-02455479cd36@group-4F73FA676FB7-SegmentedRaftLogWorker: flushIndex: setUnconditionally 0 -> -1
2020-05-13 00:32:37,897 [pool-115-thread-1] INFO  server.RaftServerConfigKeys (ConfUtils.java:logGet(44)) - raft.server.snapshot.auto.trigger.enabled = true (custom)
2020-05-13 00:32:37,897 [pool-115-thread-1] INFO  server.RaftServerConfigKeys (ConfUtils.java:logGet(44)) - raft.server.snapshot.auto.trigger.threshold = 10000 (custom)
2020-05-13 00:32:37,897 [pool-115-thread-1] INFO  server.RaftServerConfigKeys (ConfUtils.java:logGet(44)) - raft.server.snapshot.retention.file.num = 5 (custom)
2020-05-13 00:32:37,897 [pool-115-thread-1] INFO  server.RaftServerConfigKeys (ConfUtils.java:logGet(44)) - raft.server.log.purge.upto.snapshot.index = false (default)
2020-05-13 00:32:37,898 [pool-115-thread-1] INFO  server.RaftServerConfigKeys (ConfUtils.java:logGet(44)) - raft.server.retrycache.expirytime = 600000ms (custom)
2020-05-13 00:32:37,898 [pool-115-thread-1] INFO  metrics.RatisMetrics (RatisMetrics.java:lambda$create$0(39)) - Creating Metrics Registry : ratis.leader_election.0f02d056-2e43-4ca8-8a74-02455479cd36@group-4F73FA676FB7
2020-05-13 00:32:37,898 [pool-115-thread-1] INFO  metrics.RatisMetrics (RatisMetrics.java:lambda$create$0(39)) - Creating Metrics Registry : ratis.server.0f02d056-2e43-4ca8-8a74-02455479cd36@group-4F73FA676FB7
2020-05-13 00:32:37,900 [pool-115-thread-1] INFO  impl.RaftServerImpl (RaftServerImpl.java:start(184)) - 0f02d056-2e43-4ca8-8a74-02455479cd36@group-4F73FA676FB7: start as a follower, conf=-1: [0f02d056-2e43-4ca8-8a74-02455479cd36:172.17.0.2:39273], old=null
2020-05-13 00:32:37,900 [pool-115-thread-1] INFO  impl.RaftServerImpl (RaftServerImpl.java:setRole(173)) - 0f02d056-2e43-4ca8-8a74-02455479cd36@group-4F73FA676FB7: changes role from      null to FOLLOWER at term 0 for startAsFollower
2020-05-13 00:32:37,900 [pool-115-thread-1] INFO  impl.RoleInfo (RoleInfo.java:updateAndGet(143)) - 0f02d056-2e43-4ca8-8a74-02455479cd36: start FollowerState
2020-05-13 00:32:37,901 [pool-115-thread-1] INFO  util.JmxRegister (JmxRegister.java:tryRegister(44)) - Successfully registered JMX Bean with object name Ratis:service=RaftServer,group=group-4F73FA676FB7,id=0f02d056-2e43-4ca8-8a74-02455479cd36
2020-05-13 00:32:37,901 [pool-115-thread-1] INFO  metrics.RatisMetrics (RatisMetrics.java:lambda$create$0(39)) - Creating Metrics Registry : ratis.state_machine.0f02d056-2e43-4ca8-8a74-02455479cd36@group-4F73FA676FB7
2020-05-13 00:32:37,902 [Command processor thread] INFO  commandhandler.CreatePipelineCommandHandler (CreatePipelineCommandHandler.java:handle(109)) - Created Pipeline RATIS ONE #id: "b4e25ab3-faa5-4c24-9fc8-4f73fa676fb7"
.
2020-05-13 00:32:37,902 [Command processor thread] INFO  impl.RaftServerProxy (RaftServerProxy.java:addNew(89)) - 0f02d056-2e43-4ca8-8a74-02455479cd36: addNew group-53ABE10B26CB:[8580d7eb-3f73-47b2-ba6a-8a0e1abfbb25:172.17.0.2:35053, 0f02d056-2e43-4ca8-8a74-02455479cd36:172.17.0.2:39273, 279d5905-9172-4de8-95e1-bfc467c5ca26:172.17.0.2:33985] returns group-53ABE10B26CB:java.util.concurrent.CompletableFuture@1eb9fb96[Not completed]
2020-05-13 00:32:37,904 [pool-115-thread-1] INFO  impl.RaftServerImpl (RaftServerImpl.java:<init>(98)) - 0f02d056-2e43-4ca8-8a74-02455479cd36: new RaftServerImpl for group-53ABE10B26CB:[8580d7eb-3f73-47b2-ba6a-8a0e1abfbb25:172.17.0.2:35053, 0f02d056-2e43-4ca8-8a74-02455479cd36:172.17.0.2:39273, 279d5905-9172-4de8-95e1-bfc467c5ca26:172.17.0.2:33985] with ContainerStateMachine:uninitialized
2020-05-13 00:32:37,905 [pool-115-thread-1] INFO  server.RaftServerConfigKeys (ConfUtils.java:logGet(44)) - raft.server.rpc.timeout.min = 5s (custom)
2020-05-13 00:32:37,905 [pool-115-thread-1] INFO  server.RaftServerConfigKeys (ConfUtils.java:logGet(44)) - raft.server.rpc.timeout.max = 5200ms (custom)
2020-05-13 00:32:37,905 [pool-115-thread-1] INFO  server.RaftServerConfigKeys (ConfUtils.java:logGet(44)) - raft.server.rpcslowness.timeout = 300s (custom)
2020-05-13 00:32:37,905 [pool-115-thread-1] INFO  server.RaftServerConfigKeys (ConfUtils.java:logGet(44)) - raft.server.sleep.deviation.threshold = 300 (default)
2020-05-13 00:32:37,905 [pool-115-thread-1] INFO  server.RaftServerConfigKeys (ConfUtils.java:logGet(44)) - raft.server.log.appender.install.snapshot.enabled = false (custom)
2020-05-13 00:32:37,905 [pool-115-thread-1] INFO  impl.RaftServerImpl (ServerState.java:<init>(103)) - 0f02d056-2e43-4ca8-8a74-02455479cd36@group-53ABE10B26CB: ConfigurationManager, init=-1: [8580d7eb-3f73-47b2-ba6a-8a0e1abfbb25:172.17.0.2:35053, 0f02d056-2e43-4ca8-8a74-02455479cd36:172.17.0.2:39273, 279d5905-9172-4de8-95e1-bfc467c5ca26:172.17.0.2:33985], old=null, confs=<EMPTY_MAP>
2020-05-13 00:32:37,905 [pool-115-thread-1] INFO  server.RaftServerConfigKeys (ConfUtils.java:logGet(44)) - raft.server.storage.dir = [/github/workspace/mnt/ozone/hadoop-ozone/integration-test/target/test-dir/MiniOzoneClusterImpl-8fbc82c0-848a-4a6b-a3b9-d4d40c3d4f3a/datanode-5/data/ratis] (custom)
2020-05-13 00:32:37,905 [pool-115-thread-1] INFO  server.RaftServerConfigKeys (ConfUtils.java:logGet(44)) - raft.server.log.corruption.policy = EXCEPTION (default)
2020-05-13 00:32:37,905 [pool-115-thread-1] INFO  storage.RaftStorageDirectory (RaftStorageDirectory.java:analyzeStorage(261)) - The storage directory /github/workspace/mnt/ozone/hadoop-ozone/integration-test/target/test-dir/MiniOzoneClusterImpl-8fbc82c0-848a-4a6b-a3b9-d4d40c3d4f3a/datanode-5/data/ratis/328a1ccd-80b7-4f8b-9c32-53abe10b26cb does not exist. Creating ...
2020-05-13 00:32:37,917 [Command processor thread] INFO  impl.RaftServerProxy (RaftServerProxy.java:addNew(89)) - 2380d29a-22e4-4b39-a16b-1ae19cff0813: addNew group-80AD8CE85BF8:[2380d29a-22e4-4b39-a16b-1ae19cff0813:172.17.0.2:39651] returns group-80AD8CE85BF8:java.util.concurrent.CompletableFuture@2b16bcbd[Not completed]
2020-05-13 00:32:37,919 [pool-115-thread-1] INFO  storage.RaftStorageDirectory (RaftStorageDirectory.java:tryLock(343)) - Lock on /github/workspace/mnt/ozone/hadoop-ozone/integration-test/target/test-dir/MiniOzoneClusterImpl-8fbc82c0-848a-4a6b-a3b9-d4d40c3d4f3a/datanode-5/data/ratis/328a1ccd-80b7-4f8b-9c32-53abe10b26cb/in_use.lock acquired by nodename 27445@c009cc83f362
2020-05-13 00:32:37,926 [pool-131-thread-1] INFO  impl.RaftServerImpl (RaftServerImpl.java:<init>(98)) - 2380d29a-22e4-4b39-a16b-1ae19cff0813: new RaftServerImpl for group-80AD8CE85BF8:[2380d29a-22e4-4b39-a16b-1ae19cff0813:172.17.0.2:39651] with ContainerStateMachine:uninitialized
2020-05-13 00:32:37,927 [pool-131-thread-1] INFO  server.RaftServerConfigKeys (ConfUtils.java:logGet(44)) - raft.server.rpc.timeout.min = 5s (custom)
2020-05-13 00:32:37,927 [pool-131-thread-1] INFO  server.RaftServerConfigKeys (ConfUtils.java:logGet(44)) - raft.server.rpc.timeout.max = 5200ms (custom)
2020-05-13 00:32:37,928 [pool-115-thread-1] INFO  storage.RaftStorage (RaftStorage.java:format(84)) - Storage directory /github/workspace/mnt/ozone/hadoop-ozone/integration-test/target/test-dir/MiniOzoneClusterImpl-8fbc82c0-848a-4a6b-a3b9-d4d40c3d4f3a/datanode-5/data/ratis/328a1ccd-80b7-4f8b-9c32-53abe10b26cb has been successfully formatted.
2020-05-13 00:32:37,935 [pool-131-thread-1] INFO  server.RaftServerConfigKeys (ConfUtils.java:logGet(44)) - raft.server.rpcslowness.timeout = 300s (custom)
2020-05-13 00:32:37,935 [pool-131-thread-1] INFO  server.RaftServerConfigKeys (ConfUtils.java:logGet(44)) - raft.server.sleep.deviation.threshold = 300 (default)
2020-05-13 00:32:37,935 [pool-131-thread-1] INFO  server.RaftServerConfigKeys (ConfUtils.java:logGet(44)) - raft.server.log.appender.install.snapshot.enabled = false (custom)
2020-05-13 00:32:37,935 [pool-131-thread-1] INFO  impl.RaftServerImpl (ServerState.java:<init>(103)) - 2380d29a-22e4-4b39-a16b-1ae19cff0813@group-80AD8CE85BF8: ConfigurationManager, init=-1: [2380d29a-22e4-4b39-a16b-1ae19cff0813:172.17.0.2:39651], old=null, confs=<EMPTY_MAP>
2020-05-13 00:32:37,936 [pool-131-thread-1] INFO  server.RaftServerConfigKeys (ConfUtils.java:logGet(44)) - raft.server.storage.dir = [/github/workspace/mnt/ozone/hadoop-ozone/integration-test/target/test-dir/MiniOzoneClusterImpl-8fbc82c0-848a-4a6b-a3b9-d4d40c3d4f3a/datanode-6/data/ratis] (custom)
2020-05-13 00:32:37,936 [pool-131-thread-1] INFO  server.RaftServerConfigKeys (ConfUtils.java:logGet(44)) - raft.server.log.corruption.policy = EXCEPTION (default)
2020-05-13 00:32:37,936 [pool-131-thread-1] INFO  storage.RaftStorageDirectory (RaftStorageDirectory.java:analyzeStorage(261)) - The storage directory /github/workspace/mnt/ozone/hadoop-ozone/integration-test/target/test-dir/MiniOzoneClusterImpl-8fbc82c0-848a-4a6b-a3b9-d4d40c3d4f3a/datanode-6/data/ratis/f9ce1ca2-12f1-4875-9582-80ad8ce85bf8 does not exist. Creating ...
2020-05-13 00:32:37,937 [pool-115-thread-1] INFO  ratis.ContainerStateMachine (ContainerStateMachine.java:loadSnapshot(226)) - group-53ABE10B26CB: The snapshot info is null. Setting the last applied indexto:(t:0, i:~)
2020-05-13 00:32:37,937 [pool-115-thread-1] INFO  server.RaftServerConfigKeys (ConfUtils.java:logGet(44)) - raft.server.notification.no-leader.timeout = 60s (default)
2020-05-13 00:32:37,937 [pool-115-thread-1] INFO  server.RaftServerConfigKeys (ConfUtils.java:logGet(44)) - raft.server.log.use.memory = false (default)
2020-05-13 00:32:37,937 [pool-115-thread-1] INFO  server.RaftServerConfigKeys (ConfUtils.java:logGet(44)) - raft.server.log.purge.gap = 1000000 (custom)
2020-05-13 00:32:37,937 [pool-115-thread-1] INFO  server.RaftServerConfigKeys (ConfUtils.java:logGet(44)) - raft.server.log.appender.buffer.byte-limit = 33554432 (custom)
2020-05-13 00:32:37,937 [pool-115-thread-1] INFO  server.RaftServerConfigKeys (ConfUtils.java:logGet(44)) - raft.server.log.segment.size.max = 1048576 (custom)
2020-05-13 00:32:37,937 [pool-115-thread-1] INFO  server.RaftServerConfigKeys (ConfUtils.java:logGet(44)) - raft.server.log.segment.cache.num.max = 2 (custom)
2020-05-13 00:32:37,937 [pool-115-thread-1] INFO  segmented.SegmentedRaftLogWorker (SegmentedRaftLogWorker.java:<init>(176)) - new 0f02d056-2e43-4ca8-8a74-02455479cd36@group-53ABE10B26CB-SegmentedRaftLogWorker for RaftStorage:Storage Directory /github/workspace/mnt/ozone/hadoop-ozone/integration-test/target/test-dir/MiniOzoneClusterImpl-8fbc82c0-848a-4a6b-a3b9-d4d40c3d4f3a/datanode-5/data/ratis/328a1ccd-80b7-4f8b-9c32-53abe10b26cb
2020-05-13 00:32:37,937 [pool-115-thread-1] INFO  server.RaftServerConfigKeys (ConfUtils.java:logGet(44)) - raft.server.log.queue.byte-limit = 2147483647 (custom)
2020-05-13 00:32:37,937 [pool-115-thread-1] INFO  server.RaftServerConfigKeys (ConfUtils.java:logGet(44)) - raft.server.log.queue.element-limit = 1024 (custom)
2020-05-13 00:32:37,937 [pool-115-thread-1] INFO  server.RaftServerConfigKeys (ConfUtils.java:logGet(44)) - raft.server.log.segment.size.max = 1048576 (custom)
2020-05-13 00:32:37,937 [pool-115-thread-1] INFO  server.RaftServerConfigKeys (ConfUtils.java:logGet(44)) - raft.server.log.preallocated.size = 16384 (custom)
2020-05-13 00:32:37,937 [pool-115-thread-1] INFO  server.RaftServerConfigKeys (ConfUtils.java:logGet(44)) - raft.server.log.write.buffer.size = 1048576 (custom)
2020-05-13 00:32:37,937 [pool-115-thread-1] INFO  server.RaftServerConfigKeys (ConfUtils.java:logGet(44)) - raft.server.log.force.sync.num = 128 (default)
2020-05-13 00:32:37,938 [pool-115-thread-1] INFO  server.RaftServerConfigKeys (ConfUtils.java:logGet(44)) - raft.server.log.statemachine.data.sync = true (default)
2020-05-13 00:32:37,938 [pool-115-thread-1] INFO  server.RaftServerConfigKeys (ConfUtils.java:logGet(44)) - raft.server.log.statemachine.data.sync.timeout = 10s (default)
2020-05-13 00:32:37,938 [pool-115-thread-1] INFO  server.RaftServerConfigKeys (ConfUtils.java:logGet(44)) - raft.server.log.statemachine.data.sync.timeout.retry = -1 (default)
2020-05-13 00:32:37,938 [pool-115-thread-1] INFO  server.RaftServerConfigKeys (ConfUtils.java:logGet(44)) - raft.server.log.statemachine.data.caching.enabled = true (custom)
2020-05-13 00:32:37,938 [pool-115-thread-1] INFO  segmented.SegmentedRaftLogWorker (SegmentedRaftLogWorker.java:lambda$new$0(129)) - 0f02d056-2e43-4ca8-8a74-02455479cd36@group-53ABE10B26CB-SegmentedRaftLogWorker: flushIndex: setUnconditionally 0 -> -1
2020-05-13 00:32:37,942 [pool-131-thread-1] INFO  storage.RaftStorageDirectory (RaftStorageDirectory.java:tryLock(343)) - Lock on /github/workspace/mnt/ozone/hadoop-ozone/integration-test/target/test-dir/MiniOzoneClusterImpl-8fbc82c0-848a-4a6b-a3b9-d4d40c3d4f3a/datanode-6/data/ratis/f9ce1ca2-12f1-4875-9582-80ad8ce85bf8/in_use.lock acquired by nodename 27445@c009cc83f362
2020-05-13 00:32:37,950 [pool-131-thread-1] INFO  storage.RaftStorage (RaftStorage.java:format(84)) - Storage directory /github/workspace/mnt/ozone/hadoop-ozone/integration-test/target/test-dir/MiniOzoneClusterImpl-8fbc82c0-848a-4a6b-a3b9-d4d40c3d4f3a/datanode-6/data/ratis/f9ce1ca2-12f1-4875-9582-80ad8ce85bf8 has been successfully formatted.
2020-05-13 00:32:37,950 [pool-115-thread-1] INFO  server.RaftServerConfigKeys (ConfUtils.java:logGet(44)) - raft.server.snapshot.auto.trigger.enabled = true (custom)
2020-05-13 00:32:37,950 [pool-115-thread-1] INFO  server.RaftServerConfigKeys (ConfUtils.java:logGet(44)) - raft.server.snapshot.auto.trigger.threshold = 10000 (custom)
2020-05-13 00:32:37,951 [pool-115-thread-1] INFO  server.RaftServerConfigKeys (ConfUtils.java:logGet(44)) - raft.server.snapshot.retention.file.num = 5 (custom)
2020-05-13 00:32:37,951 [pool-115-thread-1] INFO  server.RaftServerConfigKeys (ConfUtils.java:logGet(44)) - raft.server.log.purge.upto.snapshot.index = false (default)
2020-05-13 00:32:37,951 [pool-115-thread-1] INFO  server.RaftServerConfigKeys (ConfUtils.java:logGet(44)) - raft.server.retrycache.expirytime = 600000ms (custom)
2020-05-13 00:32:37,951 [pool-115-thread-1] INFO  metrics.RatisMetrics (RatisMetrics.java:lambda$create$0(39)) - Creating Metrics Registry : ratis.leader_election.0f02d056-2e43-4ca8-8a74-02455479cd36@group-53ABE10B26CB
2020-05-13 00:32:37,951 [pool-115-thread-1] INFO  metrics.RatisMetrics (RatisMetrics.java:lambda$create$0(39)) - Creating Metrics Registry : ratis.server.0f02d056-2e43-4ca8-8a74-02455479cd36@group-53ABE10B26CB
2020-05-13 00:32:37,954 [pool-115-thread-1] INFO  impl.RaftServerImpl (RaftServerImpl.java:start(184)) - 0f02d056-2e43-4ca8-8a74-02455479cd36@group-53ABE10B26CB: start as a follower, conf=-1: [8580d7eb-3f73-47b2-ba6a-8a0e1abfbb25:172.17.0.2:35053, 0f02d056-2e43-4ca8-8a74-02455479cd36:172.17.0.2:39273, 279d5905-9172-4de8-95e1-bfc467c5ca26:172.17.0.2:33985], old=null
2020-05-13 00:32:37,954 [pool-115-thread-1] INFO  impl.RaftServerImpl (RaftServerImpl.java:setRole(173)) - 0f02d056-2e43-4ca8-8a74-02455479cd36@group-53ABE10B26CB: changes role from      null to FOLLOWER at term 0 for startAsFollower
2020-05-13 00:32:37,986 [pool-131-thread-1] INFO  ratis.ContainerStateMachine (ContainerStateMachine.java:loadSnapshot(226)) - group-80AD8CE85BF8: The snapshot info is null. Setting the last applied indexto:(t:0, i:~)
2020-05-13 00:32:37,986 [pool-131-thread-1] INFO  server.RaftServerConfigKeys (ConfUtils.java:logGet(44)) - raft.server.notification.no-leader.timeout = 60s (default)
2020-05-13 00:32:37,986 [pool-131-thread-1] INFO  server.RaftServerConfigKeys (ConfUtils.java:logGet(44)) - raft.server.log.use.memory = false (default)
2020-05-13 00:32:37,986 [pool-131-thread-1] INFO  server.RaftServerConfigKeys (ConfUtils.java:logGet(44)) - raft.server.log.purge.gap = 1000000 (custom)
2020-05-13 00:32:37,986 [pool-131-thread-1] INFO  server.RaftServerConfigKeys (ConfUtils.java:logGet(44)) - raft.server.log.appender.buffer.byte-limit = 33554432 (custom)
2020-05-13 00:32:37,986 [pool-131-thread-1] INFO  server.RaftServerConfigKeys (ConfUtils.java:logGet(44)) - raft.server.log.segment.size.max = 1048576 (custom)
2020-05-13 00:32:37,986 [pool-131-thread-1] INFO  metrics.RatisMetrics (RatisMetrics.java:lambda$create$0(39)) - Creating Metrics Registry : ratis.log_worker.2380d29a-22e4-4b39-a16b-1ae19cff0813
2020-05-13 00:32:37,986 [pool-131-thread-1] INFO  server.RaftServerConfigKeys (ConfUtils.java:logGet(44)) - raft.server.log.segment.cache.num.max = 2 (custom)
2020-05-13 00:32:37,986 [pool-131-thread-1] INFO  segmented.SegmentedRaftLogWorker (SegmentedRaftLogWorker.java:<init>(176)) - new 2380d29a-22e4-4b39-a16b-1ae19cff0813@group-80AD8CE85BF8-SegmentedRaftLogWorker for RaftStorage:Storage Directory /github/workspace/mnt/ozone/hadoop-ozone/integration-test/target/test-dir/MiniOzoneClusterImpl-8fbc82c0-848a-4a6b-a3b9-d4d40c3d4f3a/datanode-6/data/ratis/f9ce1ca2-12f1-4875-9582-80ad8ce85bf8
2020-05-13 00:32:37,987 [pool-131-thread-1] INFO  server.RaftServerConfigKeys (ConfUtils.java:logGet(44)) - raft.server.log.queue.byte-limit = 2147483647 (custom)
2020-05-13 00:32:37,987 [pool-115-thread-1] INFO  impl.RoleInfo (RoleInfo.java:updateAndGet(143)) - 0f02d056-2e43-4ca8-8a74-02455479cd36: start FollowerState
2020-05-13 00:32:37,989 [EventQueue-PipelineReportForPipelineReportHandler] INFO  pipeline.PipelineStateManager (PipelineStateManager.java:openPipeline(131)) - Pipeline Pipeline[ Id: f9ce1ca2-12f1-4875-9582-80ad8ce85bf8, Nodes: 2380d29a-22e4-4b39-a16b-1ae19cff0813{ip: 172.17.0.2, host: c009cc83f362, networkLocation: /default-rack, certSerialId: null}, Type:RATIS, Factor:ONE, State:ALLOCATED, leaderId:2380d29a-22e4-4b39-a16b-1ae19cff0813, CreationTimestamp2020-05-13T00:32:34.913Z] moved to OPEN state
2020-05-13 00:32:37,989 [EventQueue-OpenPipelineForOneReplicaPipelineSafeModeRule] INFO  safemode.SCMSafeModeManager (SCMSafeModeManager.java:validateSafeModeExitRules(213)) - AtleastOneDatanodeReportedRule rule is successfully validated
2020-05-13 00:32:37,989 [EventQueue-OpenPipelineForHealthyPipelineSafeModeRule] INFO  safemode.SCMSafeModeManager (HealthyPipelineSafeModeRule.java:process(132)) - SCM in safe mode. Healthy pipelines reported count is 0, required healthy pipeline reported count is 1
2020-05-13 00:32:37,987 [pool-131-thread-1] INFO  server.RaftServerConfigKeys (ConfUtils.java:logGet(44)) - raft.server.log.queue.element-limit = 1024 (custom)
2020-05-13 00:32:37,989 [pool-131-thread-1] INFO  server.RaftServerConfigKeys (ConfUtils.java:logGet(44)) - raft.server.log.segment.size.max = 1048576 (custom)
2020-05-13 00:32:37,989 [pool-131-thread-1] INFO  server.RaftServerConfigKeys (ConfUtils.java:logGet(44)) - raft.server.log.preallocated.size = 16384 (custom)
2020-05-13 00:32:37,989 [pool-131-thread-1] INFO  server.RaftServerConfigKeys (ConfUtils.java:logGet(44)) - raft.server.log.write.buffer.size = 1048576 (custom)
2020-05-13 00:32:37,989 [pool-131-thread-1] INFO  server.RaftServerConfigKeys (ConfUtils.java:logGet(44)) - raft.server.log.force.sync.num = 128 (default)
2020-05-13 00:32:37,989 [pool-131-thread-1] INFO  server.RaftServerConfigKeys (ConfUtils.java:logGet(44)) - raft.server.log.statemachine.data.sync = true (default)
2020-05-13 00:32:37,989 [pool-131-thread-1] INFO  server.RaftServerConfigKeys (ConfUtils.java:logGet(44)) - raft.server.log.statemachine.data.sync.timeout = 10s (default)
2020-05-13 00:32:37,989 [pool-131-thread-1] INFO  server.RaftServerConfigKeys (ConfUtils.java:logGet(44)) - raft.server.log.statemachine.data.sync.timeout.retry = -1 (default)
2020-05-13 00:32:37,996 [pool-115-thread-1] INFO  util.JmxRegister (JmxRegister.java:tryRegister(44)) - Successfully registered JMX Bean with object name Ratis:service=RaftServer,group=group-53ABE10B26CB,id=0f02d056-2e43-4ca8-8a74-02455479cd36
2020-05-13 00:32:37,996 [pool-115-thread-1] INFO  metrics.RatisMetrics (RatisMetrics.java:lambda$create$0(39)) - Creating Metrics Registry : ratis.state_machine.0f02d056-2e43-4ca8-8a74-02455479cd36@group-53ABE10B26CB
2020-05-13 00:32:37,998 [pool-131-thread-1] INFO  server.RaftServerConfigKeys (ConfUtils.java:logGet(44)) - raft.server.log.statemachine.data.caching.enabled = true (custom)
2020-05-13 00:32:37,998 [pool-131-thread-1] INFO  segmented.SegmentedRaftLogWorker (SegmentedRaftLogWorker.java:lambda$new$0(129)) - 2380d29a-22e4-4b39-a16b-1ae19cff0813@group-80AD8CE85BF8-SegmentedRaftLogWorker: flushIndex: setUnconditionally 0 -> -1
2020-05-13 00:32:38,009 [pool-131-thread-1] INFO  server.RaftServerConfigKeys (ConfUtils.java:logGet(44)) - raft.server.snapshot.auto.trigger.enabled = true (custom)
2020-05-13 00:32:38,009 [pool-131-thread-1] INFO  server.RaftServerConfigKeys (ConfUtils.java:logGet(44)) - raft.server.snapshot.auto.trigger.threshold = 10000 (custom)
2020-05-13 00:32:38,009 [pool-131-thread-1] INFO  server.RaftServerConfigKeys (ConfUtils.java:logGet(44)) - raft.server.snapshot.retention.file.num = 5 (custom)
2020-05-13 00:32:38,009 [pool-131-thread-1] INFO  server.RaftServerConfigKeys (ConfUtils.java:logGet(44)) - raft.server.log.purge.upto.snapshot.index = false (default)
2020-05-13 00:32:38,011 [pool-131-thread-1] INFO  server.RaftServerConfigKeys (ConfUtils.java:logGet(44)) - raft.server.retrycache.expirytime = 600000ms (custom)
2020-05-13 00:32:38,012 [pool-131-thread-1] INFO  metrics.RatisMetrics (RatisMetrics.java:lambda$create$0(39)) - Creating Metrics Registry : ratis.leader_election.2380d29a-22e4-4b39-a16b-1ae19cff0813@group-80AD8CE85BF8
2020-05-13 00:32:38,012 [pool-131-thread-1] INFO  metrics.RatisMetrics (RatisMetrics.java:lambda$create$0(39)) - Creating Metrics Registry : ratis.server.2380d29a-22e4-4b39-a16b-1ae19cff0813@group-80AD8CE85BF8
2020-05-13 00:32:38,013 [pool-131-thread-1] INFO  impl.RaftServerImpl (RaftServerImpl.java:start(184)) - 2380d29a-22e4-4b39-a16b-1ae19cff0813@group-80AD8CE85BF8: start as a follower, conf=-1: [2380d29a-22e4-4b39-a16b-1ae19cff0813:172.17.0.2:39651], old=null
2020-05-13 00:32:38,013 [pool-131-thread-1] INFO  impl.RaftServerImpl (RaftServerImpl.java:setRole(173)) - 2380d29a-22e4-4b39-a16b-1ae19cff0813@group-80AD8CE85BF8: changes role from      null to FOLLOWER at term 0 for startAsFollower
2020-05-13 00:32:38,013 [pool-131-thread-1] INFO  impl.RoleInfo (RoleInfo.java:updateAndGet(143)) - 2380d29a-22e4-4b39-a16b-1ae19cff0813: start FollowerState
2020-05-13 00:32:38,014 [pool-131-thread-1] INFO  util.JmxRegister (JmxRegister.java:tryRegister(44)) - Successfully registered JMX Bean with object name Ratis:service=RaftServer,group=group-80AD8CE85BF8,id=2380d29a-22e4-4b39-a16b-1ae19cff0813
2020-05-13 00:32:38,014 [pool-131-thread-1] INFO  metrics.RatisMetrics (RatisMetrics.java:lambda$create$0(39)) - Creating Metrics Registry : ratis.state_machine.2380d29a-22e4-4b39-a16b-1ae19cff0813@group-80AD8CE85BF8
2020-05-13 00:32:38,017 [Command processor thread] INFO  impl.RaftServerProxy (RaftServerProxy.java:addNew(89)) - b80dc765-6609-46b8-8f0c-c9fb709f505e: addNew group-8093A45F1341:[b80dc765-6609-46b8-8f0c-c9fb709f505e:172.17.0.2:42811] returns group-8093A45F1341:java.util.concurrent.CompletableFuture@381c4c3[Not completed]
2020-05-13 00:32:38,019 [pool-147-thread-1] INFO  impl.RaftServerImpl (RaftServerImpl.java:<init>(98)) - b80dc765-6609-46b8-8f0c-c9fb709f505e: new RaftServerImpl for group-8093A45F1341:[b80dc765-6609-46b8-8f0c-c9fb709f505e:172.17.0.2:42811] with ContainerStateMachine:uninitialized
2020-05-13 00:32:38,019 [pool-147-thread-1] INFO  server.RaftServerConfigKeys (ConfUtils.java:logGet(44)) - raft.server.rpc.timeout.min = 5s (custom)
2020-05-13 00:32:38,019 [pool-147-thread-1] INFO  server.RaftServerConfigKeys (ConfUtils.java:logGet(44)) - raft.server.rpc.timeout.max = 5200ms (custom)
2020-05-13 00:32:38,020 [pool-147-thread-1] INFO  server.RaftServerConfigKeys (ConfUtils.java:logGet(44)) - raft.server.rpcslowness.timeout = 300s (custom)
2020-05-13 00:32:38,020 [pool-147-thread-1] INFO  server.RaftServerConfigKeys (ConfUtils.java:logGet(44)) - raft.server.sleep.deviation.threshold = 300 (default)
2020-05-13 00:32:38,020 [pool-147-thread-1] INFO  server.RaftServerConfigKeys (ConfUtils.java:logGet(44)) - raft.server.log.appender.install.snapshot.enabled = false (custom)
2020-05-13 00:32:38,020 [pool-147-thread-1] INFO  impl.RaftServerImpl (ServerState.java:<init>(103)) - b80dc765-6609-46b8-8f0c-c9fb709f505e@group-8093A45F1341: ConfigurationManager, init=-1: [b80dc765-6609-46b8-8f0c-c9fb709f505e:172.17.0.2:42811], old=null, confs=<EMPTY_MAP>
2020-05-13 00:32:38,020 [pool-147-thread-1] INFO  server.RaftServerConfigKeys (ConfUtils.java:logGet(44)) - raft.server.storage.dir = [/github/workspace/mnt/ozone/hadoop-ozone/integration-test/target/test-dir/MiniOzoneClusterImpl-8fbc82c0-848a-4a6b-a3b9-d4d40c3d4f3a/datanode-7/data/ratis] (custom)
2020-05-13 00:32:38,020 [pool-147-thread-1] INFO  server.RaftServerConfigKeys (ConfUtils.java:logGet(44)) - raft.server.log.corruption.policy = EXCEPTION (default)
2020-05-13 00:32:38,020 [pool-147-thread-1] INFO  storage.RaftStorageDirectory (RaftStorageDirectory.java:analyzeStorage(261)) - The storage directory /github/workspace/mnt/ozone/hadoop-ozone/integration-test/target/test-dir/MiniOzoneClusterImpl-8fbc82c0-848a-4a6b-a3b9-d4d40c3d4f3a/datanode-7/data/ratis/8011f20e-34b1-4b4f-ae28-8093a45f1341 does not exist. Creating ...
2020-05-13 00:32:38,021 [Command processor thread] INFO  commandhandler.CreatePipelineCommandHandler (CreatePipelineCommandHandler.java:handle(109)) - Created Pipeline RATIS ONE #id: "f9ce1ca2-12f1-4875-9582-80ad8ce85bf8"
.
2020-05-13 00:32:38,021 [Command processor thread] INFO  impl.RaftServerProxy (RaftServerProxy.java:addNew(89)) - 2380d29a-22e4-4b39-a16b-1ae19cff0813: addNew group-9D07D1DC6D57:[f85d3cf5-704f-45fa-88f2-bd2911f2529e:172.17.0.2:33103, b80dc765-6609-46b8-8f0c-c9fb709f505e:172.17.0.2:42811, 2380d29a-22e4-4b39-a16b-1ae19cff0813:172.17.0.2:39651] returns group-9D07D1DC6D57:java.util.concurrent.CompletableFuture@2f293d07[Not completed]
2020-05-13 00:32:38,022 [pool-131-thread-1] INFO  impl.RaftServerImpl (RaftServerImpl.java:<init>(98)) - 2380d29a-22e4-4b39-a16b-1ae19cff0813: new RaftServerImpl for group-9D07D1DC6D57:[f85d3cf5-704f-45fa-88f2-bd2911f2529e:172.17.0.2:33103, b80dc765-6609-46b8-8f0c-c9fb709f505e:172.17.0.2:42811, 2380d29a-22e4-4b39-a16b-1ae19cff0813:172.17.0.2:39651] with ContainerStateMachine:uninitialized
2020-05-13 00:32:38,023 [pool-131-thread-1] INFO  server.RaftServerConfigKeys (ConfUtils.java:logGet(44)) - raft.server.rpc.timeout.min = 5s (custom)
2020-05-13 00:32:38,023 [pool-131-thread-1] INFO  server.RaftServerConfigKeys (ConfUtils.java:logGet(44)) - raft.server.rpc.timeout.max = 5200ms (custom)
2020-05-13 00:32:38,023 [pool-131-thread-1] INFO  server.RaftServerConfigKeys (ConfUtils.java:logGet(44)) - raft.server.rpcslowness.timeout = 300s (custom)
2020-05-13 00:32:38,023 [pool-131-thread-1] INFO  server.RaftServerConfigKeys (ConfUtils.java:logGet(44)) - raft.server.sleep.deviation.threshold = 300 (default)
2020-05-13 00:32:38,023 [pool-131-thread-1] INFO  server.RaftServerConfigKeys (ConfUtils.java:logGet(44)) - raft.server.log.appender.install.snapshot.enabled = false (custom)
2020-05-13 00:32:38,023 [pool-131-thread-1] INFO  impl.RaftServerImpl (ServerState.java:<init>(103)) - 2380d29a-22e4-4b39-a16b-1ae19cff0813@group-9D07D1DC6D57: ConfigurationManager, init=-1: [f85d3cf5-704f-45fa-88f2-bd2911f2529e:172.17.0.2:33103, b80dc765-6609-46b8-8f0c-c9fb709f505e:172.17.0.2:42811, 2380d29a-22e4-4b39-a16b-1ae19cff0813:172.17.0.2:39651], old=null, confs=<EMPTY_MAP>
2020-05-13 00:32:38,023 [pool-131-thread-1] INFO  server.RaftServerConfigKeys (ConfUtils.java:logGet(44)) - raft.server.storage.dir = [/github/workspace/mnt/ozone/hadoop-ozone/integration-test/target/test-dir/MiniOzoneClusterImpl-8fbc82c0-848a-4a6b-a3b9-d4d40c3d4f3a/datanode-6/data/ratis] (custom)
2020-05-13 00:32:38,023 [pool-131-thread-1] INFO  server.RaftServerConfigKeys (ConfUtils.java:logGet(44)) - raft.server.log.corruption.policy = EXCEPTION (default)
2020-05-13 00:32:38,023 [pool-131-thread-1] INFO  storage.RaftStorageDirectory (RaftStorageDirectory.java:analyzeStorage(261)) - The storage directory /github/workspace/mnt/ozone/hadoop-ozone/integration-test/target/test-dir/MiniOzoneClusterImpl-8fbc82c0-848a-4a6b-a3b9-d4d40c3d4f3a/datanode-6/data/ratis/18c8c050-7153-4a7d-a26b-9d07d1dc6d57 does not exist. Creating ...
2020-05-13 00:32:38,024 [pool-131-thread-1] INFO  storage.RaftStorageDirectory (RaftStorageDirectory.java:tryLock(343)) - Lock on /github/workspace/mnt/ozone/hadoop-ozone/integration-test/target/test-dir/MiniOzoneClusterImpl-8fbc82c0-848a-4a6b-a3b9-d4d40c3d4f3a/datanode-6/data/ratis/18c8c050-7153-4a7d-a26b-9d07d1dc6d57/in_use.lock acquired by nodename 27445@c009cc83f362
2020-05-13 00:32:38,025 [pool-147-thread-1] INFO  storage.RaftStorageDirectory (RaftStorageDirectory.java:tryLock(343)) - Lock on /github/workspace/mnt/ozone/hadoop-ozone/integration-test/target/test-dir/MiniOzoneClusterImpl-8fbc82c0-848a-4a6b-a3b9-d4d40c3d4f3a/datanode-7/data/ratis/8011f20e-34b1-4b4f-ae28-8093a45f1341/in_use.lock acquired by nodename 27445@c009cc83f362
2020-05-13 00:32:38,026 [pool-131-thread-1] INFO  storage.RaftStorage (RaftStorage.java:format(84)) - Storage directory /github/workspace/mnt/ozone/hadoop-ozone/integration-test/target/test-dir/MiniOzoneClusterImpl-8fbc82c0-848a-4a6b-a3b9-d4d40c3d4f3a/datanode-6/data/ratis/18c8c050-7153-4a7d-a26b-9d07d1dc6d57 has been successfully formatted.
2020-05-13 00:32:38,027 [pool-131-thread-1] INFO  ratis.ContainerStateMachine (ContainerStateMachine.java:loadSnapshot(226)) - group-9D07D1DC6D57: The snapshot info is null. Setting the last applied indexto:(t:0, i:~)
2020-05-13 00:32:38,028 [pool-131-thread-1] INFO  server.RaftServerConfigKeys (ConfUtils.java:logGet(44)) - raft.server.notification.no-leader.timeout = 60s (default)
2020-05-13 00:32:38,028 [pool-131-thread-1] INFO  server.RaftServerConfigKeys (ConfUtils.java:logGet(44)) - raft.server.log.use.memory = false (default)
2020-05-13 00:32:38,028 [pool-131-thread-1] INFO  server.RaftServerConfigKeys (ConfUtils.java:logGet(44)) - raft.server.log.purge.gap = 1000000 (custom)
2020-05-13 00:32:38,028 [pool-131-thread-1] INFO  server.RaftServerConfigKeys (ConfUtils.java:logGet(44)) - raft.server.log.appender.buffer.byte-limit = 33554432 (custom)
2020-05-13 00:32:38,028 [pool-131-thread-1] INFO  server.RaftServerConfigKeys (ConfUtils.java:logGet(44)) - raft.server.log.segment.size.max = 1048576 (custom)
2020-05-13 00:32:38,029 [pool-131-thread-1] INFO  server.RaftServerConfigKeys (ConfUtils.java:logGet(44)) - raft.server.log.segment.cache.num.max = 2 (custom)
2020-05-13 00:32:38,029 [pool-131-thread-1] INFO  segmented.SegmentedRaftLogWorker (SegmentedRaftLogWorker.java:<init>(176)) - new 2380d29a-22e4-4b39-a16b-1ae19cff0813@group-9D07D1DC6D57-SegmentedRaftLogWorker for RaftStorage:Storage Directory /github/workspace/mnt/ozone/hadoop-ozone/integration-test/target/test-dir/MiniOzoneClusterImpl-8fbc82c0-848a-4a6b-a3b9-d4d40c3d4f3a/datanode-6/data/ratis/18c8c050-7153-4a7d-a26b-9d07d1dc6d57
2020-05-13 00:32:38,029 [pool-131-thread-1] INFO  server.RaftServerConfigKeys (ConfUtils.java:logGet(44)) - raft.server.log.queue.byte-limit = 2147483647 (custom)
2020-05-13 00:32:38,029 [pool-131-thread-1] INFO  server.RaftServerConfigKeys (ConfUtils.java:logGet(44)) - raft.server.log.queue.element-limit = 1024 (custom)
2020-05-13 00:32:38,029 [pool-131-thread-1] INFO  server.RaftServerConfigKeys (ConfUtils.java:logGet(44)) - raft.server.log.segment.size.max = 1048576 (custom)
2020-05-13 00:32:38,029 [pool-131-thread-1] INFO  server.RaftServerConfigKeys (ConfUtils.java:logGet(44)) - raft.server.log.preallocated.size = 16384 (custom)
2020-05-13 00:32:38,029 [pool-131-thread-1] INFO  server.RaftServerConfigKeys (ConfUtils.java:logGet(44)) - raft.server.log.write.buffer.size = 1048576 (custom)
2020-05-13 00:32:38,029 [pool-131-thread-1] INFO  server.RaftServerConfigKeys (ConfUtils.java:logGet(44)) - raft.server.log.force.sync.num = 128 (default)
2020-05-13 00:32:38,029 [pool-131-thread-1] INFO  server.RaftServerConfigKeys (ConfUtils.java:logGet(44)) - raft.server.log.statemachine.data.sync = true (default)
2020-05-13 00:32:38,029 [pool-131-thread-1] INFO  server.RaftServerConfigKeys (ConfUtils.java:logGet(44)) - raft.server.log.statemachine.data.sync.timeout = 10s (default)
2020-05-13 00:32:38,029 [pool-131-thread-1] INFO  server.RaftServerConfigKeys (ConfUtils.java:logGet(44)) - raft.server.log.statemachine.data.sync.timeout.retry = -1 (default)
2020-05-13 00:32:38,030 [pool-131-thread-1] INFO  server.RaftServerConfigKeys (ConfUtils.java:logGet(44)) - raft.server.log.statemachine.data.caching.enabled = true (custom)
2020-05-13 00:32:38,030 [pool-131-thread-1] INFO  segmented.SegmentedRaftLogWorker (SegmentedRaftLogWorker.java:lambda$new$0(129)) - 2380d29a-22e4-4b39-a16b-1ae19cff0813@group-9D07D1DC6D57-SegmentedRaftLogWorker: flushIndex: setUnconditionally 0 -> -1
2020-05-13 00:32:38,035 [pool-147-thread-1] INFO  storage.RaftStorage (RaftStorage.java:format(84)) - Storage directory /github/workspace/mnt/ozone/hadoop-ozone/integration-test/target/test-dir/MiniOzoneClusterImpl-8fbc82c0-848a-4a6b-a3b9-d4d40c3d4f3a/datanode-7/data/ratis/8011f20e-34b1-4b4f-ae28-8093a45f1341 has been successfully formatted.
2020-05-13 00:32:38,036 [pool-131-thread-1] INFO  server.RaftServerConfigKeys (ConfUtils.java:logGet(44)) - raft.server.snapshot.auto.trigger.enabled = true (custom)
2020-05-13 00:32:38,036 [pool-131-thread-1] INFO  server.RaftServerConfigKeys (ConfUtils.java:logGet(44)) - raft.server.snapshot.auto.trigger.threshold = 10000 (custom)
2020-05-13 00:32:38,036 [pool-131-thread-1] INFO  server.RaftServerConfigKeys (ConfUtils.java:logGet(44)) - raft.server.snapshot.retention.file.num = 5 (custom)
2020-05-13 00:32:38,036 [pool-131-thread-1] INFO  server.RaftServerConfigKeys (ConfUtils.java:logGet(44)) - raft.server.log.purge.upto.snapshot.index = false (default)
2020-05-13 00:32:38,036 [pool-131-thread-1] INFO  server.RaftServerConfigKeys (ConfUtils.java:logGet(44)) - raft.server.retrycache.expirytime = 600000ms (custom)
2020-05-13 00:32:38,037 [pool-131-thread-1] INFO  metrics.RatisMetrics (RatisMetrics.java:lambda$create$0(39)) - Creating Metrics Registry : ratis.leader_election.2380d29a-22e4-4b39-a16b-1ae19cff0813@group-9D07D1DC6D57
2020-05-13 00:32:38,037 [pool-131-thread-1] INFO  metrics.RatisMetrics (RatisMetrics.java:lambda$create$0(39)) - Creating Metrics Registry : ratis.server.2380d29a-22e4-4b39-a16b-1ae19cff0813@group-9D07D1DC6D57
2020-05-13 00:32:38,038 [pool-131-thread-1] INFO  impl.RaftServerImpl (RaftServerImpl.java:start(184)) - 2380d29a-22e4-4b39-a16b-1ae19cff0813@group-9D07D1DC6D57: start as a follower, conf=-1: [f85d3cf5-704f-45fa-88f2-bd2911f2529e:172.17.0.2:33103, b80dc765-6609-46b8-8f0c-c9fb709f505e:172.17.0.2:42811, 2380d29a-22e4-4b39-a16b-1ae19cff0813:172.17.0.2:39651], old=null
2020-05-13 00:32:38,038 [pool-131-thread-1] INFO  impl.RaftServerImpl (RaftServerImpl.java:setRole(173)) - 2380d29a-22e4-4b39-a16b-1ae19cff0813@group-9D07D1DC6D57: changes role from      null to FOLLOWER at term 0 for startAsFollower
2020-05-13 00:32:38,038 [pool-131-thread-1] INFO  impl.RoleInfo (RoleInfo.java:updateAndGet(143)) - 2380d29a-22e4-4b39-a16b-1ae19cff0813: start FollowerState
2020-05-13 00:32:38,045 [pool-131-thread-1] INFO  util.JmxRegister (JmxRegister.java:tryRegister(44)) - Successfully registered JMX Bean with object name Ratis:service=RaftServer,group=group-9D07D1DC6D57,id=2380d29a-22e4-4b39-a16b-1ae19cff0813
2020-05-13 00:32:38,045 [pool-131-thread-1] INFO  metrics.RatisMetrics (RatisMetrics.java:lambda$create$0(39)) - Creating Metrics Registry : ratis.state_machine.2380d29a-22e4-4b39-a16b-1ae19cff0813@group-9D07D1DC6D57
2020-05-13 00:32:38,049 [pool-147-thread-1] INFO  ratis.ContainerStateMachine (ContainerStateMachine.java:loadSnapshot(226)) - group-8093A45F1341: The snapshot info is null. Setting the last applied indexto:(t:0, i:~)
2020-05-13 00:32:38,050 [pool-147-thread-1] INFO  server.RaftServerConfigKeys (ConfUtils.java:logGet(44)) - raft.server.notification.no-leader.timeout = 60s (default)
2020-05-13 00:32:38,050 [pool-147-thread-1] INFO  server.RaftServerConfigKeys (ConfUtils.java:logGet(44)) - raft.server.log.use.memory = false (default)
2020-05-13 00:32:38,050 [pool-147-thread-1] INFO  server.RaftServerConfigKeys (ConfUtils.java:logGet(44)) - raft.server.log.purge.gap = 1000000 (custom)
2020-05-13 00:32:38,050 [pool-147-thread-1] INFO  server.RaftServerConfigKeys (ConfUtils.java:logGet(44)) - raft.server.log.appender.buffer.byte-limit = 33554432 (custom)
2020-05-13 00:32:38,050 [pool-147-thread-1] INFO  server.RaftServerConfigKeys (ConfUtils.java:logGet(44)) - raft.server.log.segment.size.max = 1048576 (custom)
2020-05-13 00:32:38,050 [pool-147-thread-1] INFO  metrics.RatisMetrics (RatisMetrics.java:lambda$create$0(39)) - Creating Metrics Registry : ratis.log_worker.b80dc765-6609-46b8-8f0c-c9fb709f505e
2020-05-13 00:32:38,050 [pool-147-thread-1] INFO  server.RaftServerConfigKeys (ConfUtils.java:logGet(44)) - raft.server.log.segment.cache.num.max = 2 (custom)
2020-05-13 00:32:38,050 [pool-147-thread-1] INFO  segmented.SegmentedRaftLogWorker (SegmentedRaftLogWorker.java:<init>(176)) - new b80dc765-6609-46b8-8f0c-c9fb709f505e@group-8093A45F1341-SegmentedRaftLogWorker for RaftStorage:Storage Directory /github/workspace/mnt/ozone/hadoop-ozone/integration-test/target/test-dir/MiniOzoneClusterImpl-8fbc82c0-848a-4a6b-a3b9-d4d40c3d4f3a/datanode-7/data/ratis/8011f20e-34b1-4b4f-ae28-8093a45f1341
2020-05-13 00:32:38,050 [pool-147-thread-1] INFO  server.RaftServerConfigKeys (ConfUtils.java:logGet(44)) - raft.server.log.queue.byte-limit = 2147483647 (custom)
2020-05-13 00:32:38,050 [pool-147-thread-1] INFO  server.RaftServerConfigKeys (ConfUtils.java:logGet(44)) - raft.server.log.queue.element-limit = 1024 (custom)
2020-05-13 00:32:38,051 [pool-147-thread-1] INFO  server.RaftServerConfigKeys (ConfUtils.java:logGet(44)) - raft.server.log.segment.size.max = 1048576 (custom)
2020-05-13 00:32:38,051 [pool-147-thread-1] INFO  server.RaftServerConfigKeys (ConfUtils.java:logGet(44)) - raft.server.log.preallocated.size = 16384 (custom)
2020-05-13 00:32:38,051 [pool-147-thread-1] INFO  server.RaftServerConfigKeys (ConfUtils.java:logGet(44)) - raft.server.log.write.buffer.size = 1048576 (custom)
2020-05-13 00:32:38,051 [pool-147-thread-1] INFO  server.RaftServerConfigKeys (ConfUtils.java:logGet(44)) - raft.server.log.force.sync.num = 128 (default)
2020-05-13 00:32:38,051 [pool-147-thread-1] INFO  server.RaftServerConfigKeys (ConfUtils.java:logGet(44)) - raft.server.log.statemachine.data.sync = true (default)
2020-05-13 00:32:38,051 [pool-147-thread-1] INFO  server.RaftServerConfigKeys (ConfUtils.java:logGet(44)) - raft.server.log.statemachine.data.sync.timeout = 10s (default)
2020-05-13 00:32:38,051 [pool-147-thread-1] INFO  server.RaftServerConfigKeys (ConfUtils.java:logGet(44)) - raft.server.log.statemachine.data.sync.timeout.retry = -1 (default)
2020-05-13 00:32:38,054 [EventQueue-PipelineReportForPipelineReportHandler] INFO  pipeline.PipelineStateManager (PipelineStateManager.java:openPipeline(131)) - Pipeline Pipeline[ Id: 8011f20e-34b1-4b4f-ae28-8093a45f1341, Nodes: b80dc765-6609-46b8-8f0c-c9fb709f505e{ip: 172.17.0.2, host: c009cc83f362, networkLocation: /default-rack, certSerialId: null}, Type:RATIS, Factor:ONE, State:ALLOCATED, leaderId:b80dc765-6609-46b8-8f0c-c9fb709f505e, CreationTimestamp2020-05-13T00:32:35.013Z] moved to OPEN state
2020-05-13 00:32:38,054 [EventQueue-OpenPipelineForOneReplicaPipelineSafeModeRule] INFO  safemode.SCMSafeModeManager (SCMSafeModeManager.java:validateSafeModeExitRules(213)) - AtleastOneDatanodeReportedRule rule is successfully validated
2020-05-13 00:32:38,054 [EventQueue-OpenPipelineForHealthyPipelineSafeModeRule] INFO  safemode.SCMSafeModeManager (HealthyPipelineSafeModeRule.java:process(132)) - SCM in safe mode. Healthy pipelines reported count is 0, required healthy pipeline reported count is 1
2020-05-13 00:32:38,059 [pool-147-thread-1] INFO  server.RaftServerConfigKeys (ConfUtils.java:logGet(44)) - raft.server.log.statemachine.data.caching.enabled = true (custom)
2020-05-13 00:32:38,059 [pool-147-thread-1] INFO  segmented.SegmentedRaftLogWorker (SegmentedRaftLogWorker.java:lambda$new$0(129)) - b80dc765-6609-46b8-8f0c-c9fb709f505e@group-8093A45F1341-SegmentedRaftLogWorker: flushIndex: setUnconditionally 0 -> -1
2020-05-13 00:32:38,073 [pool-147-thread-1] INFO  server.RaftServerConfigKeys (ConfUtils.java:logGet(44)) - raft.server.snapshot.auto.trigger.enabled = true (custom)
2020-05-13 00:32:38,073 [pool-147-thread-1] INFO  server.RaftServerConfigKeys (ConfUtils.java:logGet(44)) - raft.server.snapshot.auto.trigger.threshold = 10000 (custom)
2020-05-13 00:32:38,073 [pool-147-thread-1] INFO  server.RaftServerConfigKeys (ConfUtils.java:logGet(44)) - raft.server.snapshot.retention.file.num = 5 (custom)
2020-05-13 00:32:38,073 [pool-147-thread-1] INFO  server.RaftServerConfigKeys (ConfUtils.java:logGet(44)) - raft.server.log.purge.upto.snapshot.index = false (default)
2020-05-13 00:32:38,073 [pool-147-thread-1] INFO  server.RaftServerConfigKeys (ConfUtils.java:logGet(44)) - raft.server.retrycache.expirytime = 600000ms (custom)
2020-05-13 00:32:38,073 [pool-147-thread-1] INFO  metrics.RatisMetrics (RatisMetrics.java:lambda$create$0(39)) - Creating Metrics Registry : ratis.leader_election.b80dc765-6609-46b8-8f0c-c9fb709f505e@group-8093A45F1341
2020-05-13 00:32:38,074 [pool-147-thread-1] INFO  metrics.RatisMetrics (RatisMetrics.java:lambda$create$0(39)) - Creating Metrics Registry : ratis.server.b80dc765-6609-46b8-8f0c-c9fb709f505e@group-8093A45F1341
2020-05-13 00:32:38,075 [pool-147-thread-1] INFO  impl.RaftServerImpl (RaftServerImpl.java:start(184)) - b80dc765-6609-46b8-8f0c-c9fb709f505e@group-8093A45F1341: start as a follower, conf=-1: [b80dc765-6609-46b8-8f0c-c9fb709f505e:172.17.0.2:42811], old=null
2020-05-13 00:32:38,075 [pool-147-thread-1] INFO  impl.RaftServerImpl (RaftServerImpl.java:setRole(173)) - b80dc765-6609-46b8-8f0c-c9fb709f505e@group-8093A45F1341: changes role from      null to FOLLOWER at term 0 for startAsFollower
2020-05-13 00:32:38,075 [pool-147-thread-1] INFO  impl.RoleInfo (RoleInfo.java:updateAndGet(143)) - b80dc765-6609-46b8-8f0c-c9fb709f505e: start FollowerState
2020-05-13 00:32:38,078 [pool-147-thread-1] INFO  util.JmxRegister (JmxRegister.java:tryRegister(44)) - Successfully registered JMX Bean with object name Ratis:service=RaftServer,group=group-8093A45F1341,id=b80dc765-6609-46b8-8f0c-c9fb709f505e
2020-05-13 00:32:38,078 [pool-147-thread-1] INFO  metrics.RatisMetrics (RatisMetrics.java:lambda$create$0(39)) - Creating Metrics Registry : ratis.state_machine.b80dc765-6609-46b8-8f0c-c9fb709f505e@group-8093A45F1341
2020-05-13 00:32:38,089 [Command processor thread] INFO  commandhandler.CreatePipelineCommandHandler (CreatePipelineCommandHandler.java:handle(109)) - Created Pipeline RATIS ONE #id: "8011f20e-34b1-4b4f-ae28-8093a45f1341"
.
2020-05-13 00:32:38,090 [Command processor thread] INFO  impl.RaftServerProxy (RaftServerProxy.java:addNew(89)) - b80dc765-6609-46b8-8f0c-c9fb709f505e: addNew group-9D07D1DC6D57:[f85d3cf5-704f-45fa-88f2-bd2911f2529e:172.17.0.2:33103, b80dc765-6609-46b8-8f0c-c9fb709f505e:172.17.0.2:42811, 2380d29a-22e4-4b39-a16b-1ae19cff0813:172.17.0.2:39651] returns group-9D07D1DC6D57:java.util.concurrent.CompletableFuture@7be406b[Not completed]
2020-05-13 00:32:38,091 [pool-147-thread-1] INFO  impl.RaftServerImpl (RaftServerImpl.java:<init>(98)) - b80dc765-6609-46b8-8f0c-c9fb709f505e: new RaftServerImpl for group-9D07D1DC6D57:[f85d3cf5-704f-45fa-88f2-bd2911f2529e:172.17.0.2:33103, b80dc765-6609-46b8-8f0c-c9fb709f505e:172.17.0.2:42811, 2380d29a-22e4-4b39-a16b-1ae19cff0813:172.17.0.2:39651] with ContainerStateMachine:uninitialized
2020-05-13 00:32:38,091 [pool-147-thread-1] INFO  server.RaftServerConfigKeys (ConfUtils.java:logGet(44)) - raft.server.rpc.timeout.min = 5s (custom)
2020-05-13 00:32:38,092 [pool-147-thread-1] INFO  server.RaftServerConfigKeys (ConfUtils.java:logGet(44)) - raft.server.rpc.timeout.max = 5200ms (custom)
2020-05-13 00:32:38,092 [pool-147-thread-1] INFO  server.RaftServerConfigKeys (ConfUtils.java:logGet(44)) - raft.server.rpcslowness.timeout = 300s (custom)
2020-05-13 00:32:38,092 [pool-147-thread-1] INFO  server.RaftServerConfigKeys (ConfUtils.java:logGet(44)) - raft.server.sleep.deviation.threshold = 300 (default)
2020-05-13 00:32:38,092 [pool-147-thread-1] INFO  server.RaftServerConfigKeys (ConfUtils.java:logGet(44)) - raft.server.log.appender.install.snapshot.enabled = false (custom)
2020-05-13 00:32:38,092 [pool-147-thread-1] INFO  impl.RaftServerImpl (ServerState.java:<init>(103)) - b80dc765-6609-46b8-8f0c-c9fb709f505e@group-9D07D1DC6D57: ConfigurationManager, init=-1: [f85d3cf5-704f-45fa-88f2-bd2911f2529e:172.17.0.2:33103, b80dc765-6609-46b8-8f0c-c9fb709f505e:172.17.0.2:42811, 2380d29a-22e4-4b39-a16b-1ae19cff0813:172.17.0.2:39651], old=null, confs=<EMPTY_MAP>
2020-05-13 00:32:38,092 [pool-147-thread-1] INFO  server.RaftServerConfigKeys (ConfUtils.java:logGet(44)) - raft.server.storage.dir = [/github/workspace/mnt/ozone/hadoop-ozone/integration-test/target/test-dir/MiniOzoneClusterImpl-8fbc82c0-848a-4a6b-a3b9-d4d40c3d4f3a/datanode-7/data/ratis] (custom)
2020-05-13 00:32:38,092 [pool-147-thread-1] INFO  server.RaftServerConfigKeys (ConfUtils.java:logGet(44)) - raft.server.log.corruption.policy = EXCEPTION (default)
2020-05-13 00:32:38,092 [pool-147-thread-1] INFO  storage.RaftStorageDirectory (RaftStorageDirectory.java:analyzeStorage(261)) - The storage directory /github/workspace/mnt/ozone/hadoop-ozone/integration-test/target/test-dir/MiniOzoneClusterImpl-8fbc82c0-848a-4a6b-a3b9-d4d40c3d4f3a/datanode-7/data/ratis/18c8c050-7153-4a7d-a26b-9d07d1dc6d57 does not exist. Creating ...
2020-05-13 00:32:38,095 [pool-147-thread-1] INFO  storage.RaftStorageDirectory (RaftStorageDirectory.java:tryLock(343)) - Lock on /github/workspace/mnt/ozone/hadoop-ozone/integration-test/target/test-dir/MiniOzoneClusterImpl-8fbc82c0-848a-4a6b-a3b9-d4d40c3d4f3a/datanode-7/data/ratis/18c8c050-7153-4a7d-a26b-9d07d1dc6d57/in_use.lock acquired by nodename 27445@c009cc83f362
2020-05-13 00:32:38,097 [pool-147-thread-1] INFO  storage.RaftStorage (RaftStorage.java:format(84)) - Storage directory /github/workspace/mnt/ozone/hadoop-ozone/integration-test/target/test-dir/MiniOzoneClusterImpl-8fbc82c0-848a-4a6b-a3b9-d4d40c3d4f3a/datanode-7/data/ratis/18c8c050-7153-4a7d-a26b-9d07d1dc6d57 has been successfully formatted.
2020-05-13 00:32:38,097 [pool-147-thread-1] INFO  ratis.ContainerStateMachine (ContainerStateMachine.java:loadSnapshot(226)) - group-9D07D1DC6D57: The snapshot info is null. Setting the last applied indexto:(t:0, i:~)
2020-05-13 00:32:38,097 [pool-147-thread-1] INFO  server.RaftServerConfigKeys (ConfUtils.java:logGet(44)) - raft.server.notification.no-leader.timeout = 60s (default)
2020-05-13 00:32:38,097 [pool-147-thread-1] INFO  server.RaftServerConfigKeys (ConfUtils.java:logGet(44)) - raft.server.log.use.memory = false (default)
2020-05-13 00:32:38,098 [pool-147-thread-1] INFO  server.RaftServerConfigKeys (ConfUtils.java:logGet(44)) - raft.server.log.purge.gap = 1000000 (custom)
2020-05-13 00:32:38,098 [pool-147-thread-1] INFO  server.RaftServerConfigKeys (ConfUtils.java:logGet(44)) - raft.server.log.appender.buffer.byte-limit = 33554432 (custom)
2020-05-13 00:32:38,098 [pool-147-thread-1] INFO  server.RaftServerConfigKeys (ConfUtils.java:logGet(44)) - raft.server.log.segment.size.max = 1048576 (custom)
2020-05-13 00:32:38,098 [pool-147-thread-1] INFO  server.RaftServerConfigKeys (ConfUtils.java:logGet(44)) - raft.server.log.segment.cache.num.max = 2 (custom)
2020-05-13 00:32:38,098 [pool-147-thread-1] INFO  segmented.SegmentedRaftLogWorker (SegmentedRaftLogWorker.java:<init>(176)) - new b80dc765-6609-46b8-8f0c-c9fb709f505e@group-9D07D1DC6D57-SegmentedRaftLogWorker for RaftStorage:Storage Directory /github/workspace/mnt/ozone/hadoop-ozone/integration-test/target/test-dir/MiniOzoneClusterImpl-8fbc82c0-848a-4a6b-a3b9-d4d40c3d4f3a/datanode-7/data/ratis/18c8c050-7153-4a7d-a26b-9d07d1dc6d57
2020-05-13 00:32:38,098 [pool-147-thread-1] INFO  server.RaftServerConfigKeys (ConfUtils.java:logGet(44)) - raft.server.log.queue.byte-limit = 2147483647 (custom)
2020-05-13 00:32:38,098 [pool-147-thread-1] INFO  server.RaftServerConfigKeys (ConfUtils.java:logGet(44)) - raft.server.log.queue.element-limit = 1024 (custom)
2020-05-13 00:32:38,098 [pool-147-thread-1] INFO  server.RaftServerConfigKeys (ConfUtils.java:logGet(44)) - raft.server.log.segment.size.max = 1048576 (custom)
2020-05-13 00:32:38,098 [pool-147-thread-1] INFO  server.RaftServerConfigKeys (ConfUtils.java:logGet(44)) - raft.server.log.preallocated.size = 16384 (custom)
2020-05-13 00:32:38,098 [pool-147-thread-1] INFO  server.RaftServerConfigKeys (ConfUtils.java:logGet(44)) - raft.server.log.write.buffer.size = 1048576 (custom)
2020-05-13 00:32:38,101 [pool-147-thread-1] INFO  server.RaftServerConfigKeys (ConfUtils.java:logGet(44)) - raft.server.log.force.sync.num = 128 (default)
2020-05-13 00:32:38,101 [pool-147-thread-1] INFO  server.RaftServerConfigKeys (ConfUtils.java:logGet(44)) - raft.server.log.statemachine.data.sync = true (default)
2020-05-13 00:32:38,101 [pool-147-thread-1] INFO  server.RaftServerConfigKeys (ConfUtils.java:logGet(44)) - raft.server.log.statemachine.data.sync.timeout = 10s (default)
2020-05-13 00:32:38,101 [pool-147-thread-1] INFO  server.RaftServerConfigKeys (ConfUtils.java:logGet(44)) - raft.server.log.statemachine.data.sync.timeout.retry = -1 (default)
2020-05-13 00:32:38,102 [pool-147-thread-1] INFO  server.RaftServerConfigKeys (ConfUtils.java:logGet(44)) - raft.server.log.statemachine.data.caching.enabled = true (custom)
2020-05-13 00:32:38,102 [pool-147-thread-1] INFO  segmented.SegmentedRaftLogWorker (SegmentedRaftLogWorker.java:lambda$new$0(129)) - b80dc765-6609-46b8-8f0c-c9fb709f505e@group-9D07D1DC6D57-SegmentedRaftLogWorker: flushIndex: setUnconditionally 0 -> -1
2020-05-13 00:32:38,106 [pool-147-thread-1] INFO  server.RaftServerConfigKeys (ConfUtils.java:logGet(44)) - raft.server.snapshot.auto.trigger.enabled = true (custom)
2020-05-13 00:32:38,106 [pool-147-thread-1] INFO  server.RaftServerConfigKeys (ConfUtils.java:logGet(44)) - raft.server.snapshot.auto.trigger.threshold = 10000 (custom)
2020-05-13 00:32:38,106 [pool-147-thread-1] INFO  server.RaftServerConfigKeys (ConfUtils.java:logGet(44)) - raft.server.snapshot.retention.file.num = 5 (custom)
2020-05-13 00:32:38,106 [pool-147-thread-1] INFO  server.RaftServerConfigKeys (ConfUtils.java:logGet(44)) - raft.server.log.purge.upto.snapshot.index = false (default)
2020-05-13 00:32:38,106 [pool-147-thread-1] INFO  server.RaftServerConfigKeys (ConfUtils.java:logGet(44)) - raft.server.retrycache.expirytime = 600000ms (custom)
2020-05-13 00:32:38,107 [pool-147-thread-1] INFO  metrics.RatisMetrics (RatisMetrics.java:lambda$create$0(39)) - Creating Metrics Registry : ratis.leader_election.b80dc765-6609-46b8-8f0c-c9fb709f505e@group-9D07D1DC6D57
2020-05-13 00:32:38,107 [pool-147-thread-1] INFO  metrics.RatisMetrics (RatisMetrics.java:lambda$create$0(39)) - Creating Metrics Registry : ratis.server.b80dc765-6609-46b8-8f0c-c9fb709f505e@group-9D07D1DC6D57
2020-05-13 00:32:38,109 [pool-147-thread-1] INFO  impl.RaftServerImpl (RaftServerImpl.java:start(184)) - b80dc765-6609-46b8-8f0c-c9fb709f505e@group-9D07D1DC6D57: start as a follower, conf=-1: [f85d3cf5-704f-45fa-88f2-bd2911f2529e:172.17.0.2:33103, b80dc765-6609-46b8-8f0c-c9fb709f505e:172.17.0.2:42811, 2380d29a-22e4-4b39-a16b-1ae19cff0813:172.17.0.2:39651], old=null
2020-05-13 00:32:38,109 [pool-147-thread-1] INFO  impl.RaftServerImpl (RaftServerImpl.java:setRole(173)) - b80dc765-6609-46b8-8f0c-c9fb709f505e@group-9D07D1DC6D57: changes role from      null to FOLLOWER at term 0 for startAsFollower
2020-05-13 00:32:38,109 [pool-147-thread-1] INFO  impl.RoleInfo (RoleInfo.java:updateAndGet(143)) - b80dc765-6609-46b8-8f0c-c9fb709f505e: start FollowerState
2020-05-13 00:32:38,117 [pool-147-thread-1] INFO  util.JmxRegister (JmxRegister.java:tryRegister(44)) - Successfully registered JMX Bean with object name Ratis:service=RaftServer,group=group-9D07D1DC6D57,id=b80dc765-6609-46b8-8f0c-c9fb709f505e
2020-05-13 00:32:38,117 [pool-147-thread-1] INFO  metrics.RatisMetrics (RatisMetrics.java:lambda$create$0(39)) - Creating Metrics Registry : ratis.state_machine.b80dc765-6609-46b8-8f0c-c9fb709f505e@group-9D07D1DC6D57
2020-05-13 00:32:38,172 [Command processor thread] INFO  impl.RaftServerProxy (RaftServerProxy.java:addNew(89)) - f85d3cf5-704f-45fa-88f2-bd2911f2529e: addNew group-190DC185A543:[f85d3cf5-704f-45fa-88f2-bd2911f2529e:172.17.0.2:33103] returns group-190DC185A543:java.util.concurrent.CompletableFuture@6b4f5e69[Not completed]
2020-05-13 00:32:38,182 [pool-163-thread-1] INFO  impl.RaftServerImpl (RaftServerImpl.java:<init>(98)) - f85d3cf5-704f-45fa-88f2-bd2911f2529e: new RaftServerImpl for group-190DC185A543:[f85d3cf5-704f-45fa-88f2-bd2911f2529e:172.17.0.2:33103] with ContainerStateMachine:uninitialized
2020-05-13 00:32:38,182 [pool-163-thread-1] INFO  server.RaftServerConfigKeys (ConfUtils.java:logGet(44)) - raft.server.rpc.timeout.min = 5s (custom)
2020-05-13 00:32:38,182 [pool-163-thread-1] INFO  server.RaftServerConfigKeys (ConfUtils.java:logGet(44)) - raft.server.rpc.timeout.max = 5200ms (custom)
2020-05-13 00:32:38,182 [pool-163-thread-1] INFO  server.RaftServerConfigKeys (ConfUtils.java:logGet(44)) - raft.server.rpcslowness.timeout = 300s (custom)
2020-05-13 00:32:38,182 [pool-163-thread-1] INFO  server.RaftServerConfigKeys (ConfUtils.java:logGet(44)) - raft.server.sleep.deviation.threshold = 300 (default)
2020-05-13 00:32:38,182 [pool-163-thread-1] INFO  server.RaftServerConfigKeys (ConfUtils.java:logGet(44)) - raft.server.log.appender.install.snapshot.enabled = false (custom)
2020-05-13 00:32:38,182 [pool-163-thread-1] INFO  impl.RaftServerImpl (ServerState.java:<init>(103)) - f85d3cf5-704f-45fa-88f2-bd2911f2529e@group-190DC185A543: ConfigurationManager, init=-1: [f85d3cf5-704f-45fa-88f2-bd2911f2529e:172.17.0.2:33103], old=null, confs=<EMPTY_MAP>
2020-05-13 00:32:38,182 [pool-163-thread-1] INFO  server.RaftServerConfigKeys (ConfUtils.java:logGet(44)) - raft.server.storage.dir = [/github/workspace/mnt/ozone/hadoop-ozone/integration-test/target/test-dir/MiniOzoneClusterImpl-8fbc82c0-848a-4a6b-a3b9-d4d40c3d4f3a/datanode-8/data/ratis] (custom)
2020-05-13 00:32:38,183 [pool-163-thread-1] INFO  server.RaftServerConfigKeys (ConfUtils.java:logGet(44)) - raft.server.log.corruption.policy = EXCEPTION (default)
2020-05-13 00:32:38,183 [pool-163-thread-1] INFO  storage.RaftStorageDirectory (RaftStorageDirectory.java:analyzeStorage(261)) - The storage directory /github/workspace/mnt/ozone/hadoop-ozone/integration-test/target/test-dir/MiniOzoneClusterImpl-8fbc82c0-848a-4a6b-a3b9-d4d40c3d4f3a/datanode-8/data/ratis/907e3f26-54ed-4a7a-ba5e-190dc185a543 does not exist. Creating ...
2020-05-13 00:32:38,185 [pool-163-thread-1] INFO  storage.RaftStorageDirectory (RaftStorageDirectory.java:tryLock(343)) - Lock on /github/workspace/mnt/ozone/hadoop-ozone/integration-test/target/test-dir/MiniOzoneClusterImpl-8fbc82c0-848a-4a6b-a3b9-d4d40c3d4f3a/datanode-8/data/ratis/907e3f26-54ed-4a7a-ba5e-190dc185a543/in_use.lock acquired by nodename 27445@c009cc83f362
2020-05-13 00:32:38,187 [pool-163-thread-1] INFO  storage.RaftStorage (RaftStorage.java:format(84)) - Storage directory /github/workspace/mnt/ozone/hadoop-ozone/integration-test/target/test-dir/MiniOzoneClusterImpl-8fbc82c0-848a-4a6b-a3b9-d4d40c3d4f3a/datanode-8/data/ratis/907e3f26-54ed-4a7a-ba5e-190dc185a543 has been successfully formatted.
2020-05-13 00:32:38,196 [pool-163-thread-1] INFO  ratis.ContainerStateMachine (ContainerStateMachine.java:loadSnapshot(226)) - group-190DC185A543: The snapshot info is null. Setting the last applied indexto:(t:0, i:~)
2020-05-13 00:32:38,196 [pool-163-thread-1] INFO  server.RaftServerConfigKeys (ConfUtils.java:logGet(44)) - raft.server.notification.no-leader.timeout = 60s (default)
2020-05-13 00:32:38,196 [pool-163-thread-1] INFO  server.RaftServerConfigKeys (ConfUtils.java:logGet(44)) - raft.server.log.use.memory = false (default)
2020-05-13 00:32:38,196 [pool-163-thread-1] INFO  server.RaftServerConfigKeys (ConfUtils.java:logGet(44)) - raft.server.log.purge.gap = 1000000 (custom)
2020-05-13 00:32:38,196 [pool-163-thread-1] INFO  server.RaftServerConfigKeys (ConfUtils.java:logGet(44)) - raft.server.log.appender.buffer.byte-limit = 33554432 (custom)
2020-05-13 00:32:38,196 [pool-163-thread-1] INFO  server.RaftServerConfigKeys (ConfUtils.java:logGet(44)) - raft.server.log.segment.size.max = 1048576 (custom)
2020-05-13 00:32:38,196 [pool-163-thread-1] INFO  metrics.RatisMetrics (RatisMetrics.java:lambda$create$0(39)) - Creating Metrics Registry : ratis.log_worker.f85d3cf5-704f-45fa-88f2-bd2911f2529e
2020-05-13 00:32:38,197 [pool-163-thread-1] INFO  server.RaftServerConfigKeys (ConfUtils.java:logGet(44)) - raft.server.log.segment.cache.num.max = 2 (custom)
2020-05-13 00:32:38,197 [pool-163-thread-1] INFO  segmented.SegmentedRaftLogWorker (SegmentedRaftLogWorker.java:<init>(176)) - new f85d3cf5-704f-45fa-88f2-bd2911f2529e@group-190DC185A543-SegmentedRaftLogWorker for RaftStorage:Storage Directory /github/workspace/mnt/ozone/hadoop-ozone/integration-test/target/test-dir/MiniOzoneClusterImpl-8fbc82c0-848a-4a6b-a3b9-d4d40c3d4f3a/datanode-8/data/ratis/907e3f26-54ed-4a7a-ba5e-190dc185a543
2020-05-13 00:32:38,197 [pool-163-thread-1] INFO  server.RaftServerConfigKeys (ConfUtils.java:logGet(44)) - raft.server.log.queue.byte-limit = 2147483647 (custom)
2020-05-13 00:32:38,197 [pool-163-thread-1] INFO  server.RaftServerConfigKeys (ConfUtils.java:logGet(44)) - raft.server.log.queue.element-limit = 1024 (custom)
2020-05-13 00:32:38,197 [pool-163-thread-1] INFO  server.RaftServerConfigKeys (ConfUtils.java:logGet(44)) - raft.server.log.segment.size.max = 1048576 (custom)
2020-05-13 00:32:38,197 [pool-163-thread-1] INFO  server.RaftServerConfigKeys (ConfUtils.java:logGet(44)) - raft.server.log.preallocated.size = 16384 (custom)
2020-05-13 00:32:38,197 [pool-163-thread-1] INFO  server.RaftServerConfigKeys (ConfUtils.java:logGet(44)) - raft.server.log.write.buffer.size = 1048576 (custom)
2020-05-13 00:32:38,197 [pool-163-thread-1] INFO  server.RaftServerConfigKeys (ConfUtils.java:logGet(44)) - raft.server.log.force.sync.num = 128 (default)
2020-05-13 00:32:38,197 [pool-163-thread-1] INFO  server.RaftServerConfigKeys (ConfUtils.java:logGet(44)) - raft.server.log.statemachine.data.sync = true (default)
2020-05-13 00:32:38,197 [pool-163-thread-1] INFO  server.RaftServerConfigKeys (ConfUtils.java:logGet(44)) - raft.server.log.statemachine.data.sync.timeout = 10s (default)
2020-05-13 00:32:38,197 [pool-163-thread-1] INFO  server.RaftServerConfigKeys (ConfUtils.java:logGet(44)) - raft.server.log.statemachine.data.sync.timeout.retry = -1 (default)
2020-05-13 00:32:38,199 [pool-163-thread-1] INFO  server.RaftServerConfigKeys (ConfUtils.java:logGet(44)) - raft.server.log.statemachine.data.caching.enabled = true (custom)
2020-05-13 00:32:38,199 [pool-163-thread-1] INFO  segmented.SegmentedRaftLogWorker (SegmentedRaftLogWorker.java:lambda$new$0(129)) - f85d3cf5-704f-45fa-88f2-bd2911f2529e@group-190DC185A543-SegmentedRaftLogWorker: flushIndex: setUnconditionally 0 -> -1
2020-05-13 00:32:38,200 [EventQueue-PipelineReportForPipelineReportHandler] INFO  pipeline.PipelineStateManager (PipelineStateManager.java:openPipeline(131)) - Pipeline Pipeline[ Id: 907e3f26-54ed-4a7a-ba5e-190dc185a543, Nodes: f85d3cf5-704f-45fa-88f2-bd2911f2529e{ip: 172.17.0.2, host: c009cc83f362, networkLocation: /default-rack, certSerialId: null}, Type:RATIS, Factor:ONE, State:ALLOCATED, leaderId:f85d3cf5-704f-45fa-88f2-bd2911f2529e, CreationTimestamp2020-05-13T00:32:35.171Z] moved to OPEN state
2020-05-13 00:32:38,200 [EventQueue-OpenPipelineForOneReplicaPipelineSafeModeRule] INFO  safemode.SCMSafeModeManager (SCMSafeModeManager.java:validateSafeModeExitRules(213)) - AtleastOneDatanodeReportedRule rule is successfully validated
2020-05-13 00:32:38,200 [EventQueue-OpenPipelineForHealthyPipelineSafeModeRule] INFO  safemode.SCMSafeModeManager (HealthyPipelineSafeModeRule.java:process(132)) - SCM in safe mode. Healthy pipelines reported count is 0, required healthy pipeline reported count is 1
2020-05-13 00:32:38,201 [pool-163-thread-1] INFO  server.RaftServerConfigKeys (ConfUtils.java:logGet(44)) - raft.server.snapshot.auto.trigger.enabled = true (custom)
2020-05-13 00:32:38,202 [pool-163-thread-1] INFO  server.RaftServerConfigKeys (ConfUtils.java:logGet(44)) - raft.server.snapshot.auto.trigger.threshold = 10000 (custom)
2020-05-13 00:32:38,202 [pool-163-thread-1] INFO  server.RaftServerConfigKeys (ConfUtils.java:logGet(44)) - raft.server.snapshot.retention.file.num = 5 (custom)
2020-05-13 00:32:38,202 [pool-163-thread-1] INFO  server.RaftServerConfigKeys (ConfUtils.java:logGet(44)) - raft.server.log.purge.upto.snapshot.index = false (default)
2020-05-13 00:32:38,202 [pool-163-thread-1] INFO  server.RaftServerConfigKeys (ConfUtils.java:logGet(44)) - raft.server.retrycache.expirytime = 600000ms (custom)
2020-05-13 00:32:38,202 [pool-163-thread-1] INFO  metrics.RatisMetrics (RatisMetrics.java:lambda$create$0(39)) - Creating Metrics Registry : ratis.leader_election.f85d3cf5-704f-45fa-88f2-bd2911f2529e@group-190DC185A543
2020-05-13 00:32:38,202 [pool-163-thread-1] INFO  metrics.RatisMetrics (RatisMetrics.java:lambda$create$0(39)) - Creating Metrics Registry : ratis.server.f85d3cf5-704f-45fa-88f2-bd2911f2529e@group-190DC185A543
2020-05-13 00:32:38,203 [pool-163-thread-1] INFO  impl.RaftServerImpl (RaftServerImpl.java:start(184)) - f85d3cf5-704f-45fa-88f2-bd2911f2529e@group-190DC185A543: start as a follower, conf=-1: [f85d3cf5-704f-45fa-88f2-bd2911f2529e:172.17.0.2:33103], old=null
2020-05-13 00:32:38,203 [pool-163-thread-1] INFO  impl.RaftServerImpl (RaftServerImpl.java:setRole(173)) - f85d3cf5-704f-45fa-88f2-bd2911f2529e@group-190DC185A543: changes role from      null to FOLLOWER at term 0 for startAsFollower
2020-05-13 00:32:38,204 [pool-163-thread-1] INFO  impl.RoleInfo (RoleInfo.java:updateAndGet(143)) - f85d3cf5-704f-45fa-88f2-bd2911f2529e: start FollowerState
2020-05-13 00:32:38,371 [main] INFO  ozone.MiniOzoneClusterImpl (MiniOzoneClusterImpl.java:lambda$waitForClusterToBeReady$0(177)) - Nodes are ready. Got 10 of 10 DN Heartbeats.
2020-05-13 00:32:38,378 [main] INFO  ozone.MiniOzoneClusterImpl (MiniOzoneClusterImpl.java:lambda$waitForClusterToBeReady$0(180)) - Waiting for cluster to exit safe mode
2020-05-13 00:32:38,374 [pool-163-thread-1] INFO  util.JmxRegister (JmxRegister.java:tryRegister(44)) - Successfully registered JMX Bean with object name Ratis:service=RaftServer,group=group-190DC185A543,id=f85d3cf5-704f-45fa-88f2-bd2911f2529e
2020-05-13 00:32:38,379 [pool-163-thread-1] INFO  metrics.RatisMetrics (RatisMetrics.java:lambda$create$0(39)) - Creating Metrics Registry : ratis.state_machine.f85d3cf5-704f-45fa-88f2-bd2911f2529e@group-190DC185A543
2020-05-13 00:32:38,374 [Command processor thread] INFO  impl.RaftServerProxy (RaftServerProxy.java:addNew(89)) - 6ae0ec67-d464-4727-b1d2-9e3bc637986a: addNew group-F02C28F75A65:[6ae0ec67-d464-4727-b1d2-9e3bc637986a:172.17.0.2:43139] returns group-F02C28F75A65:java.util.concurrent.CompletableFuture@7088f472[Not completed]
2020-05-13 00:32:38,394 [Command processor thread] INFO  commandhandler.CreatePipelineCommandHandler (CreatePipelineCommandHandler.java:handle(109)) - Created Pipeline RATIS ONE #id: "907e3f26-54ed-4a7a-ba5e-190dc185a543"
.
2020-05-13 00:32:38,394 [Command processor thread] INFO  impl.RaftServerProxy (RaftServerProxy.java:addNew(89)) - f85d3cf5-704f-45fa-88f2-bd2911f2529e: addNew group-9D07D1DC6D57:[f85d3cf5-704f-45fa-88f2-bd2911f2529e:172.17.0.2:33103, b80dc765-6609-46b8-8f0c-c9fb709f505e:172.17.0.2:42811, 2380d29a-22e4-4b39-a16b-1ae19cff0813:172.17.0.2:39651] returns group-9D07D1DC6D57:java.util.concurrent.CompletableFuture@6f70d7d8[Not completed]
2020-05-13 00:32:38,396 [pool-163-thread-1] INFO  impl.RaftServerImpl (RaftServerImpl.java:<init>(98)) - f85d3cf5-704f-45fa-88f2-bd2911f2529e: new RaftServerImpl for group-9D07D1DC6D57:[f85d3cf5-704f-45fa-88f2-bd2911f2529e:172.17.0.2:33103, b80dc765-6609-46b8-8f0c-c9fb709f505e:172.17.0.2:42811, 2380d29a-22e4-4b39-a16b-1ae19cff0813:172.17.0.2:39651] with ContainerStateMachine:uninitialized
2020-05-13 00:32:38,396 [pool-163-thread-1] INFO  server.RaftServerConfigKeys (ConfUtils.java:logGet(44)) - raft.server.rpc.timeout.min = 5s (custom)
2020-05-13 00:32:38,396 [pool-163-thread-1] INFO  server.RaftServerConfigKeys (ConfUtils.java:logGet(44)) - raft.server.rpc.timeout.max = 5200ms (custom)
2020-05-13 00:32:38,396 [pool-163-thread-1] INFO  server.RaftServerConfigKeys (ConfUtils.java:logGet(44)) - raft.server.rpcslowness.timeout = 300s (custom)
2020-05-13 00:32:38,396 [pool-163-thread-1] INFO  server.RaftServerConfigKeys (ConfUtils.java:logGet(44)) - raft.server.sleep.deviation.threshold = 300 (default)
2020-05-13 00:32:38,396 [pool-163-thread-1] INFO  server.RaftServerConfigKeys (ConfUtils.java:logGet(44)) - raft.server.log.appender.install.snapshot.enabled = false (custom)
2020-05-13 00:32:38,397 [pool-163-thread-1] INFO  impl.RaftServerImpl (ServerState.java:<init>(103)) - f85d3cf5-704f-45fa-88f2-bd2911f2529e@group-9D07D1DC6D57: ConfigurationManager, init=-1: [f85d3cf5-704f-45fa-88f2-bd2911f2529e:172.17.0.2:33103, b80dc765-6609-46b8-8f0c-c9fb709f505e:172.17.0.2:42811, 2380d29a-22e4-4b39-a16b-1ae19cff0813:172.17.0.2:39651], old=null, confs=<EMPTY_MAP>
2020-05-13 00:32:38,397 [pool-163-thread-1] INFO  server.RaftServerConfigKeys (ConfUtils.java:logGet(44)) - raft.server.storage.dir = [/github/workspace/mnt/ozone/hadoop-ozone/integration-test/target/test-dir/MiniOzoneClusterImpl-8fbc82c0-848a-4a6b-a3b9-d4d40c3d4f3a/datanode-8/data/ratis] (custom)
2020-05-13 00:32:38,397 [pool-163-thread-1] INFO  server.RaftServerConfigKeys (ConfUtils.java:logGet(44)) - raft.server.log.corruption.policy = EXCEPTION (default)
2020-05-13 00:32:38,397 [pool-163-thread-1] INFO  storage.RaftStorageDirectory (RaftStorageDirectory.java:analyzeStorage(261)) - The storage directory /github/workspace/mnt/ozone/hadoop-ozone/integration-test/target/test-dir/MiniOzoneClusterImpl-8fbc82c0-848a-4a6b-a3b9-d4d40c3d4f3a/datanode-8/data/ratis/18c8c050-7153-4a7d-a26b-9d07d1dc6d57 does not exist. Creating ...
2020-05-13 00:32:38,398 [pool-179-thread-1] INFO  impl.RaftServerImpl (RaftServerImpl.java:<init>(98)) - 6ae0ec67-d464-4727-b1d2-9e3bc637986a: new RaftServerImpl for group-F02C28F75A65:[6ae0ec67-d464-4727-b1d2-9e3bc637986a:172.17.0.2:43139] with ContainerStateMachine:uninitialized
2020-05-13 00:32:38,398 [pool-179-thread-1] INFO  server.RaftServerConfigKeys (ConfUtils.java:logGet(44)) - raft.server.rpc.timeout.min = 5s (custom)
2020-05-13 00:32:38,398 [pool-179-thread-1] INFO  server.RaftServerConfigKeys (ConfUtils.java:logGet(44)) - raft.server.rpc.timeout.max = 5200ms (custom)
2020-05-13 00:32:38,398 [pool-179-thread-1] INFO  server.RaftServerConfigKeys (ConfUtils.java:logGet(44)) - raft.server.rpcslowness.timeout = 300s (custom)
2020-05-13 00:32:38,398 [pool-179-thread-1] INFO  server.RaftServerConfigKeys (ConfUtils.java:logGet(44)) - raft.server.sleep.deviation.threshold = 300 (default)
2020-05-13 00:32:38,398 [pool-179-thread-1] INFO  server.RaftServerConfigKeys (ConfUtils.java:logGet(44)) - raft.server.log.appender.install.snapshot.enabled = false (custom)
2020-05-13 00:32:38,399 [pool-179-thread-1] INFO  impl.RaftServerImpl (ServerState.java:<init>(103)) - 6ae0ec67-d464-4727-b1d2-9e3bc637986a@group-F02C28F75A65: ConfigurationManager, init=-1: [6ae0ec67-d464-4727-b1d2-9e3bc637986a:172.17.0.2:43139], old=null, confs=<EMPTY_MAP>
2020-05-13 00:32:38,399 [pool-179-thread-1] INFO  server.RaftServerConfigKeys (ConfUtils.java:logGet(44)) - raft.server.storage.dir = [/github/workspace/mnt/ozone/hadoop-ozone/integration-test/target/test-dir/MiniOzoneClusterImpl-8fbc82c0-848a-4a6b-a3b9-d4d40c3d4f3a/datanode-9/data/ratis] (custom)
2020-05-13 00:32:38,400 [pool-179-thread-1] INFO  server.RaftServerConfigKeys (ConfUtils.java:logGet(44)) - raft.server.log.corruption.policy = EXCEPTION (default)
2020-05-13 00:32:38,400 [pool-179-thread-1] INFO  storage.RaftStorageDirectory (RaftStorageDirectory.java:analyzeStorage(261)) - The storage directory /github/workspace/mnt/ozone/hadoop-ozone/integration-test/target/test-dir/MiniOzoneClusterImpl-8fbc82c0-848a-4a6b-a3b9-d4d40c3d4f3a/datanode-9/data/ratis/b15997f9-2823-46f3-b3a7-f02c28f75a65 does not exist. Creating ...
2020-05-13 00:32:38,401 [pool-163-thread-1] INFO  storage.RaftStorageDirectory (RaftStorageDirectory.java:tryLock(343)) - Lock on /github/workspace/mnt/ozone/hadoop-ozone/integration-test/target/test-dir/MiniOzoneClusterImpl-8fbc82c0-848a-4a6b-a3b9-d4d40c3d4f3a/datanode-8/data/ratis/18c8c050-7153-4a7d-a26b-9d07d1dc6d57/in_use.lock acquired by nodename 27445@c009cc83f362
2020-05-13 00:32:38,403 [pool-179-thread-1] INFO  storage.RaftStorageDirectory (RaftStorageDirectory.java:tryLock(343)) - Lock on /github/workspace/mnt/ozone/hadoop-ozone/integration-test/target/test-dir/MiniOzoneClusterImpl-8fbc82c0-848a-4a6b-a3b9-d4d40c3d4f3a/datanode-9/data/ratis/b15997f9-2823-46f3-b3a7-f02c28f75a65/in_use.lock acquired by nodename 27445@c009cc83f362
2020-05-13 00:32:38,403 [pool-163-thread-1] INFO  storage.RaftStorage (RaftStorage.java:format(84)) - Storage directory /github/workspace/mnt/ozone/hadoop-ozone/integration-test/target/test-dir/MiniOzoneClusterImpl-8fbc82c0-848a-4a6b-a3b9-d4d40c3d4f3a/datanode-8/data/ratis/18c8c050-7153-4a7d-a26b-9d07d1dc6d57 has been successfully formatted.
2020-05-13 00:32:38,404 [pool-163-thread-1] INFO  ratis.ContainerStateMachine (ContainerStateMachine.java:loadSnapshot(226)) - group-9D07D1DC6D57: The snapshot info is null. Setting the last applied indexto:(t:0, i:~)
2020-05-13 00:32:38,404 [pool-163-thread-1] INFO  server.RaftServerConfigKeys (ConfUtils.java:logGet(44)) - raft.server.notification.no-leader.timeout = 60s (default)
2020-05-13 00:32:38,404 [pool-163-thread-1] INFO  server.RaftServerConfigKeys (ConfUtils.java:logGet(44)) - raft.server.log.use.memory = false (default)
2020-05-13 00:32:38,404 [pool-163-thread-1] INFO  server.RaftServerConfigKeys (ConfUtils.java:logGet(44)) - raft.server.log.purge.gap = 1000000 (custom)
2020-05-13 00:32:38,404 [pool-163-thread-1] INFO  server.RaftServerConfigKeys (ConfUtils.java:logGet(44)) - raft.server.log.appender.buffer.byte-limit = 33554432 (custom)
2020-05-13 00:32:38,404 [pool-163-thread-1] INFO  server.RaftServerConfigKeys (ConfUtils.java:logGet(44)) - raft.server.log.segment.size.max = 1048576 (custom)
2020-05-13 00:32:38,404 [pool-163-thread-1] INFO  server.RaftServerConfigKeys (ConfUtils.java:logGet(44)) - raft.server.log.segment.cache.num.max = 2 (custom)
2020-05-13 00:32:38,404 [pool-163-thread-1] INFO  segmented.SegmentedRaftLogWorker (SegmentedRaftLogWorker.java:<init>(176)) - new f85d3cf5-704f-45fa-88f2-bd2911f2529e@group-9D07D1DC6D57-SegmentedRaftLogWorker for RaftStorage:Storage Directory /github/workspace/mnt/ozone/hadoop-ozone/integration-test/target/test-dir/MiniOzoneClusterImpl-8fbc82c0-848a-4a6b-a3b9-d4d40c3d4f3a/datanode-8/data/ratis/18c8c050-7153-4a7d-a26b-9d07d1dc6d57
2020-05-13 00:32:38,404 [pool-163-thread-1] INFO  server.RaftServerConfigKeys (ConfUtils.java:logGet(44)) - raft.server.log.queue.byte-limit = 2147483647 (custom)
2020-05-13 00:32:38,404 [pool-163-thread-1] INFO  server.RaftServerConfigKeys (ConfUtils.java:logGet(44)) - raft.server.log.queue.element-limit = 1024 (custom)
2020-05-13 00:32:38,404 [pool-163-thread-1] INFO  server.RaftServerConfigKeys (ConfUtils.java:logGet(44)) - raft.server.log.segment.size.max = 1048576 (custom)
2020-05-13 00:32:38,404 [pool-163-thread-1] INFO  server.RaftServerConfigKeys (ConfUtils.java:logGet(44)) - raft.server.log.preallocated.size = 16384 (custom)
2020-05-13 00:32:38,405 [pool-163-thread-1] INFO  server.RaftServerConfigKeys (ConfUtils.java:logGet(44)) - raft.server.log.write.buffer.size = 1048576 (custom)
2020-05-13 00:32:38,405 [pool-163-thread-1] INFO  server.RaftServerConfigKeys (ConfUtils.java:logGet(44)) - raft.server.log.force.sync.num = 128 (default)
2020-05-13 00:32:38,405 [pool-163-thread-1] INFO  server.RaftServerConfigKeys (ConfUtils.java:logGet(44)) - raft.server.log.statemachine.data.sync = true (default)
2020-05-13 00:32:38,405 [pool-163-thread-1] INFO  server.RaftServerConfigKeys (ConfUtils.java:logGet(44)) - raft.server.log.statemachine.data.sync.timeout = 10s (default)
2020-05-13 00:32:38,405 [pool-163-thread-1] INFO  server.RaftServerConfigKeys (ConfUtils.java:logGet(44)) - raft.server.log.statemachine.data.sync.timeout.retry = -1 (default)
2020-05-13 00:32:38,406 [pool-163-thread-1] INFO  server.RaftServerConfigKeys (ConfUtils.java:logGet(44)) - raft.server.log.statemachine.data.caching.enabled = true (custom)
2020-05-13 00:32:38,406 [pool-163-thread-1] INFO  segmented.SegmentedRaftLogWorker (SegmentedRaftLogWorker.java:lambda$new$0(129)) - f85d3cf5-704f-45fa-88f2-bd2911f2529e@group-9D07D1DC6D57-SegmentedRaftLogWorker: flushIndex: setUnconditionally 0 -> -1
2020-05-13 00:32:38,406 [pool-163-thread-1] INFO  server.RaftServerConfigKeys (ConfUtils.java:logGet(44)) - raft.server.snapshot.auto.trigger.enabled = true (custom)
2020-05-13 00:32:38,406 [pool-163-thread-1] INFO  server.RaftServerConfigKeys (ConfUtils.java:logGet(44)) - raft.server.snapshot.auto.trigger.threshold = 10000 (custom)
2020-05-13 00:32:38,406 [pool-163-thread-1] INFO  server.RaftServerConfigKeys (ConfUtils.java:logGet(44)) - raft.server.snapshot.retention.file.num = 5 (custom)
2020-05-13 00:32:38,406 [pool-163-thread-1] INFO  server.RaftServerConfigKeys (ConfUtils.java:logGet(44)) - raft.server.log.purge.upto.snapshot.index = false (default)
2020-05-13 00:32:38,407 [pool-163-thread-1] INFO  server.RaftServerConfigKeys (ConfUtils.java:logGet(44)) - raft.server.retrycache.expirytime = 600000ms (custom)
2020-05-13 00:32:38,407 [pool-163-thread-1] INFO  metrics.RatisMetrics (RatisMetrics.java:lambda$create$0(39)) - Creating Metrics Registry : ratis.leader_election.f85d3cf5-704f-45fa-88f2-bd2911f2529e@group-9D07D1DC6D57
2020-05-13 00:32:38,407 [pool-163-thread-1] INFO  metrics.RatisMetrics (RatisMetrics.java:lambda$create$0(39)) - Creating Metrics Registry : ratis.server.f85d3cf5-704f-45fa-88f2-bd2911f2529e@group-9D07D1DC6D57
2020-05-13 00:32:38,411 [pool-163-thread-1] INFO  impl.RaftServerImpl (RaftServerImpl.java:start(184)) - f85d3cf5-704f-45fa-88f2-bd2911f2529e@group-9D07D1DC6D57: start as a follower, conf=-1: [f85d3cf5-704f-45fa-88f2-bd2911f2529e:172.17.0.2:33103, b80dc765-6609-46b8-8f0c-c9fb709f505e:172.17.0.2:42811, 2380d29a-22e4-4b39-a16b-1ae19cff0813:172.17.0.2:39651], old=null
2020-05-13 00:32:38,411 [pool-163-thread-1] INFO  impl.RaftServerImpl (RaftServerImpl.java:setRole(173)) - f85d3cf5-704f-45fa-88f2-bd2911f2529e@group-9D07D1DC6D57: changes role from      null to FOLLOWER at term 0 for startAsFollower
2020-05-13 00:32:38,411 [pool-163-thread-1] INFO  impl.RoleInfo (RoleInfo.java:updateAndGet(143)) - f85d3cf5-704f-45fa-88f2-bd2911f2529e: start FollowerState
2020-05-13 00:32:38,413 [pool-163-thread-1] INFO  util.JmxRegister (JmxRegister.java:tryRegister(44)) - Successfully registered JMX Bean with object name Ratis:service=RaftServer,group=group-9D07D1DC6D57,id=f85d3cf5-704f-45fa-88f2-bd2911f2529e
2020-05-13 00:32:38,413 [pool-163-thread-1] INFO  metrics.RatisMetrics (RatisMetrics.java:lambda$create$0(39)) - Creating Metrics Registry : ratis.state_machine.f85d3cf5-704f-45fa-88f2-bd2911f2529e@group-9D07D1DC6D57
2020-05-13 00:32:38,429 [pool-179-thread-1] INFO  storage.RaftStorage (RaftStorage.java:format(84)) - Storage directory /github/workspace/mnt/ozone/hadoop-ozone/integration-test/target/test-dir/MiniOzoneClusterImpl-8fbc82c0-848a-4a6b-a3b9-d4d40c3d4f3a/datanode-9/data/ratis/b15997f9-2823-46f3-b3a7-f02c28f75a65 has been successfully formatted.
2020-05-13 00:32:38,433 [pool-179-thread-1] INFO  ratis.ContainerStateMachine (ContainerStateMachine.java:loadSnapshot(226)) - group-F02C28F75A65: The snapshot info is null. Setting the last applied indexto:(t:0, i:~)
2020-05-13 00:32:38,434 [pool-179-thread-1] INFO  server.RaftServerConfigKeys (ConfUtils.java:logGet(44)) - raft.server.notification.no-leader.timeout = 60s (default)
2020-05-13 00:32:38,434 [pool-179-thread-1] INFO  server.RaftServerConfigKeys (ConfUtils.java:logGet(44)) - raft.server.log.use.memory = false (default)
2020-05-13 00:32:38,434 [pool-179-thread-1] INFO  server.RaftServerConfigKeys (ConfUtils.java:logGet(44)) - raft.server.log.purge.gap = 1000000 (custom)
2020-05-13 00:32:38,434 [pool-179-thread-1] INFO  server.RaftServerConfigKeys (ConfUtils.java:logGet(44)) - raft.server.log.appender.buffer.byte-limit = 33554432 (custom)
2020-05-13 00:32:38,435 [pool-179-thread-1] INFO  server.RaftServerConfigKeys (ConfUtils.java:logGet(44)) - raft.server.log.segment.size.max = 1048576 (custom)
2020-05-13 00:32:38,435 [pool-179-thread-1] INFO  metrics.RatisMetrics (RatisMetrics.java:lambda$create$0(39)) - Creating Metrics Registry : ratis.log_worker.6ae0ec67-d464-4727-b1d2-9e3bc637986a
2020-05-13 00:32:38,436 [pool-179-thread-1] INFO  server.RaftServerConfigKeys (ConfUtils.java:logGet(44)) - raft.server.log.segment.cache.num.max = 2 (custom)
2020-05-13 00:32:38,436 [pool-179-thread-1] INFO  segmented.SegmentedRaftLogWorker (SegmentedRaftLogWorker.java:<init>(176)) - new 6ae0ec67-d464-4727-b1d2-9e3bc637986a@group-F02C28F75A65-SegmentedRaftLogWorker for RaftStorage:Storage Directory /github/workspace/mnt/ozone/hadoop-ozone/integration-test/target/test-dir/MiniOzoneClusterImpl-8fbc82c0-848a-4a6b-a3b9-d4d40c3d4f3a/datanode-9/data/ratis/b15997f9-2823-46f3-b3a7-f02c28f75a65
2020-05-13 00:32:38,436 [pool-179-thread-1] INFO  server.RaftServerConfigKeys (ConfUtils.java:logGet(44)) - raft.server.log.queue.byte-limit = 2147483647 (custom)
2020-05-13 00:32:38,436 [pool-179-thread-1] INFO  server.RaftServerConfigKeys (ConfUtils.java:logGet(44)) - raft.server.log.queue.element-limit = 1024 (custom)
2020-05-13 00:32:38,436 [pool-179-thread-1] INFO  server.RaftServerConfigKeys (ConfUtils.java:logGet(44)) - raft.server.log.segment.size.max = 1048576 (custom)
2020-05-13 00:32:38,437 [EventQueue-PipelineReportForPipelineReportHandler] INFO  pipeline.PipelineStateManager (PipelineStateManager.java:openPipeline(131)) - Pipeline Pipeline[ Id: b15997f9-2823-46f3-b3a7-f02c28f75a65, Nodes: 6ae0ec67-d464-4727-b1d2-9e3bc637986a{ip: 172.17.0.2, host: c009cc83f362, networkLocation: /default-rack, certSerialId: null}, Type:RATIS, Factor:ONE, State:ALLOCATED, leaderId:6ae0ec67-d464-4727-b1d2-9e3bc637986a, CreationTimestamp2020-05-13T00:32:35.239Z] moved to OPEN state
2020-05-13 00:32:38,438 [EventQueue-OpenPipelineForOneReplicaPipelineSafeModeRule] INFO  safemode.SCMSafeModeManager (SCMSafeModeManager.java:validateSafeModeExitRules(213)) - AtleastOneDatanodeReportedRule rule is successfully validated
2020-05-13 00:32:38,438 [pool-179-thread-1] INFO  server.RaftServerConfigKeys (ConfUtils.java:logGet(44)) - raft.server.log.preallocated.size = 16384 (custom)
2020-05-13 00:32:38,438 [EventQueue-OpenPipelineForHealthyPipelineSafeModeRule] INFO  safemode.SCMSafeModeManager (HealthyPipelineSafeModeRule.java:process(132)) - SCM in safe mode. Healthy pipelines reported count is 0, required healthy pipeline reported count is 1
2020-05-13 00:32:38,438 [pool-179-thread-1] INFO  server.RaftServerConfigKeys (ConfUtils.java:logGet(44)) - raft.server.log.write.buffer.size = 1048576 (custom)
2020-05-13 00:32:38,438 [pool-179-thread-1] INFO  server.RaftServerConfigKeys (ConfUtils.java:logGet(44)) - raft.server.log.force.sync.num = 128 (default)
2020-05-13 00:32:38,438 [pool-179-thread-1] INFO  server.RaftServerConfigKeys (ConfUtils.java:logGet(44)) - raft.server.log.statemachine.data.sync = true (default)
2020-05-13 00:32:38,439 [pool-179-thread-1] INFO  server.RaftServerConfigKeys (ConfUtils.java:logGet(44)) - raft.server.log.statemachine.data.sync.timeout = 10s (default)
2020-05-13 00:32:38,439 [pool-179-thread-1] INFO  server.RaftServerConfigKeys (ConfUtils.java:logGet(44)) - raft.server.log.statemachine.data.sync.timeout.retry = -1 (default)
2020-05-13 00:32:38,440 [pool-179-thread-1] INFO  server.RaftServerConfigKeys (ConfUtils.java:logGet(44)) - raft.server.log.statemachine.data.caching.enabled = true (custom)
2020-05-13 00:32:38,443 [pool-179-thread-1] INFO  segmented.SegmentedRaftLogWorker (SegmentedRaftLogWorker.java:lambda$new$0(129)) - 6ae0ec67-d464-4727-b1d2-9e3bc637986a@group-F02C28F75A65-SegmentedRaftLogWorker: flushIndex: setUnconditionally 0 -> -1
2020-05-13 00:32:38,450 [pool-179-thread-1] INFO  server.RaftServerConfigKeys (ConfUtils.java:logGet(44)) - raft.server.snapshot.auto.trigger.enabled = true (custom)
2020-05-13 00:32:38,450 [pool-179-thread-1] INFO  server.RaftServerConfigKeys (ConfUtils.java:logGet(44)) - raft.server.snapshot.auto.trigger.threshold = 10000 (custom)
2020-05-13 00:32:38,450 [pool-179-thread-1] INFO  server.RaftServerConfigKeys (ConfUtils.java:logGet(44)) - raft.server.snapshot.retention.file.num = 5 (custom)
2020-05-13 00:32:38,450 [pool-179-thread-1] INFO  server.RaftServerConfigKeys (ConfUtils.java:logGet(44)) - raft.server.log.purge.upto.snapshot.index = false (default)
2020-05-13 00:32:38,450 [pool-179-thread-1] INFO  server.RaftServerConfigKeys (ConfUtils.java:logGet(44)) - raft.server.retrycache.expirytime = 600000ms (custom)
2020-05-13 00:32:38,450 [pool-179-thread-1] INFO  metrics.RatisMetrics (RatisMetrics.java:lambda$create$0(39)) - Creating Metrics Registry : ratis.leader_election.6ae0ec67-d464-4727-b1d2-9e3bc637986a@group-F02C28F75A65
2020-05-13 00:32:38,451 [pool-179-thread-1] INFO  metrics.RatisMetrics (RatisMetrics.java:lambda$create$0(39)) - Creating Metrics Registry : ratis.server.6ae0ec67-d464-4727-b1d2-9e3bc637986a@group-F02C28F75A65
2020-05-13 00:32:38,452 [pool-179-thread-1] INFO  impl.RaftServerImpl (RaftServerImpl.java:start(184)) - 6ae0ec67-d464-4727-b1d2-9e3bc637986a@group-F02C28F75A65: start as a follower, conf=-1: [6ae0ec67-d464-4727-b1d2-9e3bc637986a:172.17.0.2:43139], old=null
2020-05-13 00:32:38,452 [pool-179-thread-1] INFO  impl.RaftServerImpl (RaftServerImpl.java:setRole(173)) - 6ae0ec67-d464-4727-b1d2-9e3bc637986a@group-F02C28F75A65: changes role from      null to FOLLOWER at term 0 for startAsFollower
2020-05-13 00:32:38,452 [pool-179-thread-1] INFO  impl.RoleInfo (RoleInfo.java:updateAndGet(143)) - 6ae0ec67-d464-4727-b1d2-9e3bc637986a: start FollowerState
2020-05-13 00:32:38,462 [pool-179-thread-1] INFO  util.JmxRegister (JmxRegister.java:tryRegister(44)) - Successfully registered JMX Bean with object name Ratis:service=RaftServer,group=group-F02C28F75A65,id=6ae0ec67-d464-4727-b1d2-9e3bc637986a
2020-05-13 00:32:38,463 [pool-179-thread-1] INFO  metrics.RatisMetrics (RatisMetrics.java:lambda$create$0(39)) - Creating Metrics Registry : ratis.state_machine.6ae0ec67-d464-4727-b1d2-9e3bc637986a@group-F02C28F75A65
2020-05-13 00:32:38,464 [Command processor thread] INFO  commandhandler.CreatePipelineCommandHandler (CreatePipelineCommandHandler.java:handle(109)) - Created Pipeline RATIS ONE #id: "b15997f9-2823-46f3-b3a7-f02c28f75a65"
.
2020-05-13 00:32:38,987 [Command processor thread] INFO  commandhandler.CreatePipelineCommandHandler (CreatePipelineCommandHandler.java:handle(109)) - Created Pipeline RATIS THREE #id: "18c8c050-7153-4a7d-a26b-9d07d1dc6d57"
.
2020-05-13 00:32:39,018 [Command processor thread] INFO  commandhandler.CreatePipelineCommandHandler (CreatePipelineCommandHandler.java:handle(109)) - Created Pipeline RATIS THREE #id: "c91c0f70-2bce-4579-9346-d55735449bbd"
.
2020-05-13 00:32:39,038 [Command processor thread] INFO  commandhandler.CreatePipelineCommandHandler (CreatePipelineCommandHandler.java:handle(109)) - Created Pipeline RATIS THREE #id: "328a1ccd-80b7-4f8b-9c32-53abe10b26cb"
.
2020-05-13 00:32:39,039 [Command processor thread] INFO  commandhandler.CreatePipelineCommandHandler (CreatePipelineCommandHandler.java:handle(109)) - Created Pipeline RATIS THREE #id: "328a1ccd-80b7-4f8b-9c32-53abe10b26cb"
.
2020-05-13 00:32:39,041 [Command processor thread] INFO  commandhandler.CreatePipelineCommandHandler (CreatePipelineCommandHandler.java:handle(109)) - Created Pipeline RATIS THREE #id: "c91c0f70-2bce-4579-9346-d55735449bbd"
.
2020-05-13 00:32:39,053 [Command processor thread] INFO  commandhandler.CreatePipelineCommandHandler (CreatePipelineCommandHandler.java:handle(109)) - Created Pipeline RATIS THREE #id: "c91c0f70-2bce-4579-9346-d55735449bbd"
.
2020-05-13 00:32:39,062 [Command processor thread] INFO  commandhandler.CreatePipelineCommandHandler (CreatePipelineCommandHandler.java:handle(109)) - Created Pipeline RATIS THREE #id: "18c8c050-7153-4a7d-a26b-9d07d1dc6d57"
.
2020-05-13 00:32:39,066 [Command processor thread] INFO  commandhandler.CreatePipelineCommandHandler (CreatePipelineCommandHandler.java:handle(109)) - Created Pipeline RATIS THREE #id: "328a1ccd-80b7-4f8b-9c32-53abe10b26cb"
.
2020-05-13 00:32:39,067 [Command processor thread] INFO  commandhandler.CreatePipelineCommandHandler (CreatePipelineCommandHandler.java:handle(109)) - Created Pipeline RATIS THREE #id: "18c8c050-7153-4a7d-a26b-9d07d1dc6d57"
.
2020-05-13 00:32:39,378 [main] INFO  ozone.MiniOzoneClusterImpl (MiniOzoneClusterImpl.java:lambda$waitForClusterToBeReady$0(177)) - Nodes are ready. Got 10 of 10 DN Heartbeats.
2020-05-13 00:32:39,378 [main] INFO  ozone.MiniOzoneClusterImpl (MiniOzoneClusterImpl.java:lambda$waitForClusterToBeReady$0(180)) - Waiting for cluster to exit safe mode
2020-05-13 00:32:40,379 [main] INFO  ozone.MiniOzoneClusterImpl (MiniOzoneClusterImpl.java:lambda$waitForClusterToBeReady$0(177)) - Nodes are ready. Got 10 of 10 DN Heartbeats.
2020-05-13 00:32:40,379 [main] INFO  ozone.MiniOzoneClusterImpl (MiniOzoneClusterImpl.java:lambda$waitForClusterToBeReady$0(180)) - Waiting for cluster to exit safe mode
2020-05-13 00:32:41,379 [main] INFO  ozone.MiniOzoneClusterImpl (MiniOzoneClusterImpl.java:lambda$waitForClusterToBeReady$0(177)) - Nodes are ready. Got 10 of 10 DN Heartbeats.
2020-05-13 00:32:41,379 [main] INFO  ozone.MiniOzoneClusterImpl (MiniOzoneClusterImpl.java:lambda$waitForClusterToBeReady$0(180)) - Waiting for cluster to exit safe mode
2020-05-13 00:32:42,380 [main] INFO  ozone.MiniOzoneClusterImpl (MiniOzoneClusterImpl.java:lambda$waitForClusterToBeReady$0(177)) - Nodes are ready. Got 10 of 10 DN Heartbeats.
2020-05-13 00:32:42,380 [main] INFO  ozone.MiniOzoneClusterImpl (MiniOzoneClusterImpl.java:lambda$waitForClusterToBeReady$0(180)) - Waiting for cluster to exit safe mode
2020-05-13 00:32:42,561 [Thread-268] INFO  impl.FollowerState (FollowerState.java:run(108)) - cb2e6cf5-1539-404c-9960-dadd65825157@group-51DA1458C9C6-FollowerState: change to CANDIDATE, lastRpcTime:5130ms, electionTimeout:5110ms
2020-05-13 00:32:42,564 [Thread-268] INFO  impl.RoleInfo (RoleInfo.java:shutdownFollowerState(121)) - cb2e6cf5-1539-404c-9960-dadd65825157: shutdown FollowerState
2020-05-13 00:32:42,564 [Thread-268] INFO  impl.RaftServerImpl (RaftServerImpl.java:setRole(173)) - cb2e6cf5-1539-404c-9960-dadd65825157@group-51DA1458C9C6: changes role from  FOLLOWER to CANDIDATE at term 0 for changeToCandidate
2020-05-13 00:32:42,567 [Thread-268] INFO  impl.RoleInfo (RoleInfo.java:updateAndGet(143)) - cb2e6cf5-1539-404c-9960-dadd65825157: start LeaderElection
2020-05-13 00:32:42,579 [cb2e6cf5-1539-404c-9960-dadd65825157@group-51DA1458C9C6-LeaderElection1] INFO  impl.LeaderElection (LeaderElection.java:askForVotes(206)) - cb2e6cf5-1539-404c-9960-dadd65825157@group-51DA1458C9C6-LeaderElection1: begin an election at term 1 for -1: [cb2e6cf5-1539-404c-9960-dadd65825157:172.17.0.2:36479], old=null
2020-05-13 00:32:42,580 [cb2e6cf5-1539-404c-9960-dadd65825157@group-51DA1458C9C6-LeaderElection1] INFO  impl.RoleInfo (RoleInfo.java:shutdownLeaderElection(134)) - cb2e6cf5-1539-404c-9960-dadd65825157: shutdown LeaderElection
2020-05-13 00:32:42,581 [cb2e6cf5-1539-404c-9960-dadd65825157@group-51DA1458C9C6-LeaderElection1] INFO  impl.RaftServerImpl (RaftServerImpl.java:setRole(173)) - cb2e6cf5-1539-404c-9960-dadd65825157@group-51DA1458C9C6: changes role from CANDIDATE to LEADER at term 1 for changeToLeader
2020-05-13 00:32:42,581 [cb2e6cf5-1539-404c-9960-dadd65825157@group-51DA1458C9C6-LeaderElection1] INFO  ratis.XceiverServerRatis (XceiverServerRatis.java:handleLeaderChangedNotification(762)) - Leader change notification received for group: group-51DA1458C9C6 with new leaderId: cb2e6cf5-1539-404c-9960-dadd65825157
2020-05-13 00:32:42,582 [cb2e6cf5-1539-404c-9960-dadd65825157@group-51DA1458C9C6-LeaderElection1] INFO  impl.RaftServerImpl (ServerState.java:setLeader(255)) - cb2e6cf5-1539-404c-9960-dadd65825157@group-51DA1458C9C6: change Leader from null to cb2e6cf5-1539-404c-9960-dadd65825157 at term 1 for becomeLeader, leader elected after 5312ms
2020-05-13 00:32:42,590 [cb2e6cf5-1539-404c-9960-dadd65825157@group-51DA1458C9C6-LeaderElection1] INFO  server.RaftServerConfigKeys (ConfUtils.java:logGet(44)) - raft.server.staging.catchup.gap = 1000 (default)
2020-05-13 00:32:42,590 [cb2e6cf5-1539-404c-9960-dadd65825157@group-51DA1458C9C6-LeaderElection1] INFO  server.RaftServerConfigKeys (ConfUtils.java:logGet(44)) - raft.server.rpc.sleep.time = 25ms (default)
2020-05-13 00:32:42,593 [cb2e6cf5-1539-404c-9960-dadd65825157@group-51DA1458C9C6-LeaderElection1] INFO  metrics.RatisMetrics (RatisMetrics.java:lambda$create$0(39)) - Creating Metrics Registry : ratis.log_appender.cb2e6cf5-1539-404c-9960-dadd65825157@group-51DA1458C9C6
2020-05-13 00:32:42,595 [cb2e6cf5-1539-404c-9960-dadd65825157@group-51DA1458C9C6-LeaderElection1] INFO  server.RaftServerConfigKeys (ConfUtils.java:logGet(44)) - raft.server.write.element-limit = 1024 (custom)
2020-05-13 00:32:42,596 [cb2e6cf5-1539-404c-9960-dadd65825157@group-51DA1458C9C6-LeaderElection1] INFO  server.RaftServerConfigKeys (ConfUtils.java:logGet(44)) - raft.server.write.byte-limit = 1073741824 (custom)
2020-05-13 00:32:42,604 [cb2e6cf5-1539-404c-9960-dadd65825157@group-51DA1458C9C6-LeaderElection1] INFO  server.RaftServerConfigKeys (ConfUtils.java:logGet(44)) - raft.server.watch.timeout = 180s (custom)
2020-05-13 00:32:42,604 [cb2e6cf5-1539-404c-9960-dadd65825157@group-51DA1458C9C6-LeaderElection1] INFO  server.RaftServerConfigKeys (ConfUtils.java:logGet(44)) - raft.server.watch.timeout.denomination = 1s (default)
2020-05-13 00:32:42,604 [Thread-271] INFO  impl.FollowerState (FollowerState.java:run(108)) - 87621b82-bda1-44b5-81fb-df8516e176d4@group-4DE6B71B92D7-FollowerState: change to CANDIDATE, lastRpcTime:5033ms, electionTimeout:5019ms
2020-05-13 00:32:42,605 [cb2e6cf5-1539-404c-9960-dadd65825157@group-51DA1458C9C6-LeaderElection1] INFO  server.RaftServerConfigKeys (ConfUtils.java:logGet(44)) - raft.server.watch.element-limit = 65536 (default)
2020-05-13 00:32:42,606 [Thread-271] INFO  impl.RoleInfo (RoleInfo.java:shutdownFollowerState(121)) - 87621b82-bda1-44b5-81fb-df8516e176d4: shutdown FollowerState
2020-05-13 00:32:42,606 [Thread-271] INFO  impl.RaftServerImpl (RaftServerImpl.java:setRole(173)) - 87621b82-bda1-44b5-81fb-df8516e176d4@group-4DE6B71B92D7: changes role from  FOLLOWER to CANDIDATE at term 0 for changeToCandidate
2020-05-13 00:32:42,606 [Thread-271] INFO  impl.RoleInfo (RoleInfo.java:updateAndGet(143)) - 87621b82-bda1-44b5-81fb-df8516e176d4: start LeaderElection
2020-05-13 00:32:42,613 [cb2e6cf5-1539-404c-9960-dadd65825157@group-51DA1458C9C6-LeaderElection1] INFO  impl.RoleInfo (RoleInfo.java:updateAndGet(143)) - cb2e6cf5-1539-404c-9960-dadd65825157: start LeaderState
2020-05-13 00:32:42,625 [Thread-272] INFO  impl.FollowerState (FollowerState.java:run(108)) - 92222e62-7016-4f3c-a2fb-dba5b630f443@group-F713439415B4-FollowerState: change to CANDIDATE, lastRpcTime:5035ms, electionTimeout:5014ms
2020-05-13 00:32:42,625 [Thread-272] INFO  impl.RoleInfo (RoleInfo.java:shutdownFollowerState(121)) - 92222e62-7016-4f3c-a2fb-dba5b630f443: shutdown FollowerState
2020-05-13 00:32:42,626 [Thread-272] INFO  impl.RaftServerImpl (RaftServerImpl.java:setRole(173)) - 92222e62-7016-4f3c-a2fb-dba5b630f443@group-F713439415B4: changes role from  FOLLOWER to CANDIDATE at term 0 for changeToCandidate
2020-05-13 00:32:42,626 [Thread-272] INFO  impl.RoleInfo (RoleInfo.java:updateAndGet(143)) - 92222e62-7016-4f3c-a2fb-dba5b630f443: start LeaderElection
2020-05-13 00:32:42,640 [87621b82-bda1-44b5-81fb-df8516e176d4@group-4DE6B71B92D7-LeaderElection2] INFO  impl.LeaderElection (LeaderElection.java:askForVotes(206)) - 87621b82-bda1-44b5-81fb-df8516e176d4@group-4DE6B71B92D7-LeaderElection2: begin an election at term 1 for -1: [87621b82-bda1-44b5-81fb-df8516e176d4:172.17.0.2:38053], old=null
2020-05-13 00:32:42,643 [87621b82-bda1-44b5-81fb-df8516e176d4@group-4DE6B71B92D7-LeaderElection2] INFO  impl.RoleInfo (RoleInfo.java:shutdownLeaderElection(134)) - 87621b82-bda1-44b5-81fb-df8516e176d4: shutdown LeaderElection
2020-05-13 00:32:42,643 [87621b82-bda1-44b5-81fb-df8516e176d4@group-4DE6B71B92D7-LeaderElection2] INFO  impl.RaftServerImpl (RaftServerImpl.java:setRole(173)) - 87621b82-bda1-44b5-81fb-df8516e176d4@group-4DE6B71B92D7: changes role from CANDIDATE to LEADER at term 1 for changeToLeader
2020-05-13 00:32:42,643 [87621b82-bda1-44b5-81fb-df8516e176d4@group-4DE6B71B92D7-LeaderElection2] INFO  ratis.XceiverServerRatis (XceiverServerRatis.java:handleLeaderChangedNotification(762)) - Leader change notification received for group: group-4DE6B71B92D7 with new leaderId: 87621b82-bda1-44b5-81fb-df8516e176d4
2020-05-13 00:32:42,644 [87621b82-bda1-44b5-81fb-df8516e176d4@group-4DE6B71B92D7-LeaderElection2] INFO  impl.RaftServerImpl (ServerState.java:setLeader(255)) - 87621b82-bda1-44b5-81fb-df8516e176d4@group-4DE6B71B92D7: change Leader from null to 87621b82-bda1-44b5-81fb-df8516e176d4 at term 1 for becomeLeader, leader elected after 5123ms
2020-05-13 00:32:42,645 [92222e62-7016-4f3c-a2fb-dba5b630f443@group-F713439415B4-LeaderElection3] INFO  impl.LeaderElection (LeaderElection.java:askForVotes(206)) - 92222e62-7016-4f3c-a2fb-dba5b630f443@group-F713439415B4-LeaderElection3: begin an election at term 1 for -1: [92222e62-7016-4f3c-a2fb-dba5b630f443:172.17.0.2:44117], old=null
2020-05-13 00:32:42,646 [87621b82-bda1-44b5-81fb-df8516e176d4@group-4DE6B71B92D7-LeaderElection2] INFO  server.RaftServerConfigKeys (ConfUtils.java:logGet(44)) - raft.server.staging.catchup.gap = 1000 (default)
2020-05-13 00:32:42,646 [87621b82-bda1-44b5-81fb-df8516e176d4@group-4DE6B71B92D7-LeaderElection2] INFO  server.RaftServerConfigKeys (ConfUtils.java:logGet(44)) - raft.server.rpc.sleep.time = 25ms (default)
2020-05-13 00:32:42,646 [87621b82-bda1-44b5-81fb-df8516e176d4@group-4DE6B71B92D7-LeaderElection2] INFO  metrics.RatisMetrics (RatisMetrics.java:lambda$create$0(39)) - Creating Metrics Registry : ratis.log_appender.87621b82-bda1-44b5-81fb-df8516e176d4@group-4DE6B71B92D7
2020-05-13 00:32:42,646 [92222e62-7016-4f3c-a2fb-dba5b630f443@group-F713439415B4-LeaderElection3] INFO  impl.RoleInfo (RoleInfo.java:shutdownLeaderElection(134)) - 92222e62-7016-4f3c-a2fb-dba5b630f443: shutdown LeaderElection
2020-05-13 00:32:42,647 [87621b82-bda1-44b5-81fb-df8516e176d4@group-4DE6B71B92D7-LeaderElection2] INFO  server.RaftServerConfigKeys (ConfUtils.java:logGet(44)) - raft.server.write.element-limit = 1024 (custom)
2020-05-13 00:32:42,647 [92222e62-7016-4f3c-a2fb-dba5b630f443@group-F713439415B4-LeaderElection3] INFO  impl.RaftServerImpl (RaftServerImpl.java:setRole(173)) - 92222e62-7016-4f3c-a2fb-dba5b630f443@group-F713439415B4: changes role from CANDIDATE to LEADER at term 1 for changeToLeader
2020-05-13 00:32:42,647 [87621b82-bda1-44b5-81fb-df8516e176d4@group-4DE6B71B92D7-LeaderElection2] INFO  server.RaftServerConfigKeys (ConfUtils.java:logGet(44)) - raft.server.write.byte-limit = 1073741824 (custom)
2020-05-13 00:32:42,647 [92222e62-7016-4f3c-a2fb-dba5b630f443@group-F713439415B4-LeaderElection3] INFO  ratis.XceiverServerRatis (XceiverServerRatis.java:handleLeaderChangedNotification(762)) - Leader change notification received for group: group-F713439415B4 with new leaderId: 92222e62-7016-4f3c-a2fb-dba5b630f443
2020-05-13 00:32:42,647 [92222e62-7016-4f3c-a2fb-dba5b630f443@group-F713439415B4-LeaderElection3] INFO  impl.RaftServerImpl (ServerState.java:setLeader(255)) - 92222e62-7016-4f3c-a2fb-dba5b630f443@group-F713439415B4: change Leader from null to 92222e62-7016-4f3c-a2fb-dba5b630f443 at term 1 for becomeLeader, leader elected after 5123ms
2020-05-13 00:32:42,647 [87621b82-bda1-44b5-81fb-df8516e176d4@group-4DE6B71B92D7-LeaderElection2] INFO  server.RaftServerConfigKeys (ConfUtils.java:logGet(44)) - raft.server.watch.timeout = 180s (custom)
2020-05-13 00:32:42,649 [87621b82-bda1-44b5-81fb-df8516e176d4@group-4DE6B71B92D7-LeaderElection2] INFO  server.RaftServerConfigKeys (ConfUtils.java:logGet(44)) - raft.server.watch.timeout.denomination = 1s (default)
2020-05-13 00:32:42,649 [87621b82-bda1-44b5-81fb-df8516e176d4@group-4DE6B71B92D7-LeaderElection2] INFO  server.RaftServerConfigKeys (ConfUtils.java:logGet(44)) - raft.server.watch.element-limit = 65536 (default)
2020-05-13 00:32:42,650 [87621b82-bda1-44b5-81fb-df8516e176d4@group-4DE6B71B92D7-LeaderElection2] INFO  impl.RoleInfo (RoleInfo.java:updateAndGet(143)) - 87621b82-bda1-44b5-81fb-df8516e176d4: start LeaderState
2020-05-13 00:32:42,650 [92222e62-7016-4f3c-a2fb-dba5b630f443@group-F713439415B4-LeaderElection3] INFO  server.RaftServerConfigKeys (ConfUtils.java:logGet(44)) - raft.server.staging.catchup.gap = 1000 (default)
2020-05-13 00:32:42,650 [92222e62-7016-4f3c-a2fb-dba5b630f443@group-F713439415B4-LeaderElection3] INFO  server.RaftServerConfigKeys (ConfUtils.java:logGet(44)) - raft.server.rpc.sleep.time = 25ms (default)
2020-05-13 00:32:42,650 [92222e62-7016-4f3c-a2fb-dba5b630f443@group-F713439415B4-LeaderElection3] INFO  metrics.RatisMetrics (RatisMetrics.java:lambda$create$0(39)) - Creating Metrics Registry : ratis.log_appender.92222e62-7016-4f3c-a2fb-dba5b630f443@group-F713439415B4
2020-05-13 00:32:42,650 [92222e62-7016-4f3c-a2fb-dba5b630f443@group-F713439415B4-LeaderElection3] INFO  server.RaftServerConfigKeys (ConfUtils.java:logGet(44)) - raft.server.write.element-limit = 1024 (custom)
2020-05-13 00:32:42,650 [92222e62-7016-4f3c-a2fb-dba5b630f443@group-F713439415B4-LeaderElection3] INFO  server.RaftServerConfigKeys (ConfUtils.java:logGet(44)) - raft.server.write.byte-limit = 1073741824 (custom)
2020-05-13 00:32:42,652 [92222e62-7016-4f3c-a2fb-dba5b630f443@group-F713439415B4-LeaderElection3] INFO  server.RaftServerConfigKeys (ConfUtils.java:logGet(44)) - raft.server.watch.timeout = 180s (custom)
2020-05-13 00:32:42,652 [92222e62-7016-4f3c-a2fb-dba5b630f443@group-F713439415B4-LeaderElection3] INFO  server.RaftServerConfigKeys (ConfUtils.java:logGet(44)) - raft.server.watch.timeout.denomination = 1s (default)
2020-05-13 00:32:42,652 [92222e62-7016-4f3c-a2fb-dba5b630f443@group-F713439415B4-LeaderElection3] INFO  server.RaftServerConfigKeys (ConfUtils.java:logGet(44)) - raft.server.watch.element-limit = 65536 (default)
2020-05-13 00:32:42,655 [92222e62-7016-4f3c-a2fb-dba5b630f443@group-F713439415B4-LeaderElection3] INFO  impl.RoleInfo (RoleInfo.java:updateAndGet(143)) - 92222e62-7016-4f3c-a2fb-dba5b630f443: start LeaderState
2020-05-13 00:32:42,666 [87621b82-bda1-44b5-81fb-df8516e176d4@group-4DE6B71B92D7-LeaderElection2] INFO  segmented.SegmentedRaftLogWorker (SegmentedRaftLogWorker.java:startLogSegment(391)) - 87621b82-bda1-44b5-81fb-df8516e176d4@group-4DE6B71B92D7-SegmentedRaftLogWorker: Starting segment from index:0
2020-05-13 00:32:42,666 [cb2e6cf5-1539-404c-9960-dadd65825157@group-51DA1458C9C6-LeaderElection1] INFO  segmented.SegmentedRaftLogWorker (SegmentedRaftLogWorker.java:startLogSegment(391)) - cb2e6cf5-1539-404c-9960-dadd65825157@group-51DA1458C9C6-SegmentedRaftLogWorker: Starting segment from index:0
2020-05-13 00:32:42,667 [92222e62-7016-4f3c-a2fb-dba5b630f443@group-F713439415B4-LeaderElection3] INFO  segmented.SegmentedRaftLogWorker (SegmentedRaftLogWorker.java:startLogSegment(391)) - 92222e62-7016-4f3c-a2fb-dba5b630f443@group-F713439415B4-SegmentedRaftLogWorker: Starting segment from index:0
2020-05-13 00:32:42,678 [92222e62-7016-4f3c-a2fb-dba5b630f443@group-F713439415B4-LeaderElection3] INFO  impl.RaftServerImpl (ServerState.java:setRaftConf(356)) - 92222e62-7016-4f3c-a2fb-dba5b630f443@group-F713439415B4: set configuration 0: [92222e62-7016-4f3c-a2fb-dba5b630f443:172.17.0.2:44117], old=null at 0
2020-05-13 00:32:42,678 [87621b82-bda1-44b5-81fb-df8516e176d4@group-4DE6B71B92D7-LeaderElection2] INFO  impl.RaftServerImpl (ServerState.java:setRaftConf(356)) - 87621b82-bda1-44b5-81fb-df8516e176d4@group-4DE6B71B92D7: set configuration 0: [87621b82-bda1-44b5-81fb-df8516e176d4:172.17.0.2:38053], old=null at 0
2020-05-13 00:32:42,681 [cb2e6cf5-1539-404c-9960-dadd65825157@group-51DA1458C9C6-LeaderElection1] INFO  impl.RaftServerImpl (ServerState.java:setRaftConf(356)) - cb2e6cf5-1539-404c-9960-dadd65825157@group-51DA1458C9C6: set configuration 0: [cb2e6cf5-1539-404c-9960-dadd65825157:172.17.0.2:36479], old=null at 0
2020-05-13 00:32:42,720 [Thread-277] INFO  impl.FollowerState (FollowerState.java:run(108)) - 92222e62-7016-4f3c-a2fb-dba5b630f443@group-D55735449BBD-FollowerState: change to CANDIDATE, lastRpcTime:5062ms, electionTimeout:5034ms
2020-05-13 00:32:42,721 [Thread-277] INFO  impl.RoleInfo (RoleInfo.java:shutdownFollowerState(121)) - 92222e62-7016-4f3c-a2fb-dba5b630f443: shutdown FollowerState
2020-05-13 00:32:42,721 [Thread-277] INFO  impl.RaftServerImpl (RaftServerImpl.java:setRole(173)) - 92222e62-7016-4f3c-a2fb-dba5b630f443@group-D55735449BBD: changes role from  FOLLOWER to CANDIDATE at term 0 for changeToCandidate
2020-05-13 00:32:42,721 [Thread-277] INFO  impl.RoleInfo (RoleInfo.java:updateAndGet(143)) - 92222e62-7016-4f3c-a2fb-dba5b630f443: start LeaderElection
2020-05-13 00:32:42,728 [92222e62-7016-4f3c-a2fb-dba5b630f443@group-D55735449BBD-LeaderElection4] INFO  impl.LeaderElection (LeaderElection.java:askForVotes(206)) - 92222e62-7016-4f3c-a2fb-dba5b630f443@group-D55735449BBD-LeaderElection4: begin an election at term 1 for -1: [87621b82-bda1-44b5-81fb-df8516e176d4:172.17.0.2:38053, cb2e6cf5-1539-404c-9960-dadd65825157:172.17.0.2:36479, 92222e62-7016-4f3c-a2fb-dba5b630f443:172.17.0.2:44117], old=null
2020-05-13 00:32:42,751 [Thread-274] INFO  impl.FollowerState (FollowerState.java:run(108)) - cb2e6cf5-1539-404c-9960-dadd65825157@group-D55735449BBD-FollowerState: change to CANDIDATE, lastRpcTime:5147ms, electionTimeout:5142ms
2020-05-13 00:32:42,751 [Thread-274] INFO  impl.RoleInfo (RoleInfo.java:shutdownFollowerState(121)) - cb2e6cf5-1539-404c-9960-dadd65825157: shutdown FollowerState
2020-05-13 00:32:42,751 [Thread-274] INFO  impl.RaftServerImpl (RaftServerImpl.java:setRole(173)) - cb2e6cf5-1539-404c-9960-dadd65825157@group-D55735449BBD: changes role from  FOLLOWER to CANDIDATE at term 0 for changeToCandidate
2020-05-13 00:32:42,751 [Thread-274] INFO  impl.RoleInfo (RoleInfo.java:updateAndGet(143)) - cb2e6cf5-1539-404c-9960-dadd65825157: start LeaderElection
2020-05-13 00:32:42,761 [grpc-default-executor-5] INFO  impl.RaftServerImpl (RaftServerImpl.java:setRole(173)) - 87621b82-bda1-44b5-81fb-df8516e176d4@group-D55735449BBD: changes role from  FOLLOWER to FOLLOWER at term 1 for recognizeCandidate:92222e62-7016-4f3c-a2fb-dba5b630f443
2020-05-13 00:32:42,761 [grpc-default-executor-5] INFO  impl.RoleInfo (RoleInfo.java:shutdownFollowerState(121)) - 87621b82-bda1-44b5-81fb-df8516e176d4: shutdown FollowerState
2020-05-13 00:32:42,761 [grpc-default-executor-5] INFO  impl.RoleInfo (RoleInfo.java:updateAndGet(143)) - 87621b82-bda1-44b5-81fb-df8516e176d4: start FollowerState
2020-05-13 00:32:42,761 [Thread-280] INFO  impl.FollowerState (FollowerState.java:run(117)) - 87621b82-bda1-44b5-81fb-df8516e176d4@group-D55735449BBD-FollowerState was interrupted: java.lang.InterruptedException: sleep interrupted
2020-05-13 00:32:42,772 [cb2e6cf5-1539-404c-9960-dadd65825157@group-D55735449BBD-LeaderElection5] INFO  impl.LeaderElection (LeaderElection.java:askForVotes(206)) - cb2e6cf5-1539-404c-9960-dadd65825157@group-D55735449BBD-LeaderElection5: begin an election at term 1 for -1: [87621b82-bda1-44b5-81fb-df8516e176d4:172.17.0.2:38053, cb2e6cf5-1539-404c-9960-dadd65825157:172.17.0.2:36479, 92222e62-7016-4f3c-a2fb-dba5b630f443:172.17.0.2:44117], old=null
2020-05-13 00:32:42,781 [Thread-284] INFO  impl.FollowerState (FollowerState.java:run(108)) - 279d5905-9172-4de8-95e1-bfc467c5ca26@group-D6C1F2ABD20D-FollowerState: change to CANDIDATE, lastRpcTime:5036ms, electionTimeout:5015ms
2020-05-13 00:32:42,781 [Thread-284] INFO  impl.RoleInfo (RoleInfo.java:shutdownFollowerState(121)) - 279d5905-9172-4de8-95e1-bfc467c5ca26: shutdown FollowerState
2020-05-13 00:32:42,781 [Thread-284] INFO  impl.RaftServerImpl (RaftServerImpl.java:setRole(173)) - 279d5905-9172-4de8-95e1-bfc467c5ca26@group-D6C1F2ABD20D: changes role from  FOLLOWER to CANDIDATE at term 0 for changeToCandidate
2020-05-13 00:32:42,782 [Thread-284] INFO  impl.RoleInfo (RoleInfo.java:updateAndGet(143)) - 279d5905-9172-4de8-95e1-bfc467c5ca26: start LeaderElection
2020-05-13 00:32:42,790 [Thread-279] INFO  impl.FollowerState (FollowerState.java:run(108)) - 8580d7eb-3f73-47b2-ba6a-8a0e1abfbb25@group-51D68404C788-FollowerState: change to CANDIDATE, lastRpcTime:5110ms, electionTimeout:5104ms
2020-05-13 00:32:42,790 [Thread-279] INFO  impl.RoleInfo (RoleInfo.java:shutdownFollowerState(121)) - 8580d7eb-3f73-47b2-ba6a-8a0e1abfbb25: shutdown FollowerState
2020-05-13 00:32:42,790 [Thread-279] INFO  impl.RaftServerImpl (RaftServerImpl.java:setRole(173)) - 8580d7eb-3f73-47b2-ba6a-8a0e1abfbb25@group-51D68404C788: changes role from  FOLLOWER to CANDIDATE at term 0 for changeToCandidate
2020-05-13 00:32:42,801 [Thread-279] INFO  impl.RoleInfo (RoleInfo.java:updateAndGet(143)) - 8580d7eb-3f73-47b2-ba6a-8a0e1abfbb25: start LeaderElection
2020-05-13 00:32:42,803 [92222e62-7016-4f3c-a2fb-dba5b630f443@group-D55735449BBD-LeaderElection4] INFO  impl.LeaderElection (LeaderElection.java:logAndReturn(61)) - 92222e62-7016-4f3c-a2fb-dba5b630f443@group-D55735449BBD-LeaderElection4: Election PASSED; received 1 response(s) [92222e62-7016-4f3c-a2fb-dba5b630f443<-87621b82-bda1-44b5-81fb-df8516e176d4#0:OK-t1] and 0 exception(s); 92222e62-7016-4f3c-a2fb-dba5b630f443@group-D55735449BBD:t1, leader=null, voted=92222e62-7016-4f3c-a2fb-dba5b630f443, raftlog=92222e62-7016-4f3c-a2fb-dba5b630f443@group-D55735449BBD-SegmentedRaftLog:OPENED:c-1,f-1,i0, conf=-1: [87621b82-bda1-44b5-81fb-df8516e176d4:172.17.0.2:38053, cb2e6cf5-1539-404c-9960-dadd65825157:172.17.0.2:36479, 92222e62-7016-4f3c-a2fb-dba5b630f443:172.17.0.2:44117], old=null
2020-05-13 00:32:42,803 [92222e62-7016-4f3c-a2fb-dba5b630f443@group-D55735449BBD-LeaderElection4] INFO  impl.RoleInfo (RoleInfo.java:shutdownLeaderElection(134)) - 92222e62-7016-4f3c-a2fb-dba5b630f443: shutdown LeaderElection
2020-05-13 00:32:42,803 [92222e62-7016-4f3c-a2fb-dba5b630f443@group-D55735449BBD-LeaderElection4] INFO  impl.RaftServerImpl (RaftServerImpl.java:setRole(173)) - 92222e62-7016-4f3c-a2fb-dba5b630f443@group-D55735449BBD: changes role from CANDIDATE to LEADER at term 1 for changeToLeader
2020-05-13 00:32:42,803 [92222e62-7016-4f3c-a2fb-dba5b630f443@group-D55735449BBD-LeaderElection4] INFO  ratis.XceiverServerRatis (XceiverServerRatis.java:handleLeaderChangedNotification(762)) - Leader change notification received for group: group-D55735449BBD with new leaderId: 92222e62-7016-4f3c-a2fb-dba5b630f443
2020-05-13 00:32:42,803 [92222e62-7016-4f3c-a2fb-dba5b630f443@group-D55735449BBD-LeaderElection4] INFO  impl.RaftServerImpl (ServerState.java:setLeader(255)) - 92222e62-7016-4f3c-a2fb-dba5b630f443@group-D55735449BBD: change Leader from null to 92222e62-7016-4f3c-a2fb-dba5b630f443 at term 1 for becomeLeader, leader elected after 5158ms
2020-05-13 00:32:42,803 [92222e62-7016-4f3c-a2fb-dba5b630f443@group-D55735449BBD-LeaderElection4] INFO  server.RaftServerConfigKeys (ConfUtils.java:logGet(44)) - raft.server.staging.catchup.gap = 1000 (default)
2020-05-13 00:32:42,804 [92222e62-7016-4f3c-a2fb-dba5b630f443@group-D55735449BBD-LeaderElection4] INFO  server.RaftServerConfigKeys (ConfUtils.java:logGet(44)) - raft.server.rpc.sleep.time = 25ms (default)
2020-05-13 00:32:42,804 [92222e62-7016-4f3c-a2fb-dba5b630f443@group-D55735449BBD-LeaderElection4] INFO  metrics.RatisMetrics (RatisMetrics.java:lambda$create$0(39)) - Creating Metrics Registry : ratis.log_appender.92222e62-7016-4f3c-a2fb-dba5b630f443@group-D55735449BBD
2020-05-13 00:32:42,804 [92222e62-7016-4f3c-a2fb-dba5b630f443@group-D55735449BBD-LeaderElection4] INFO  server.RaftServerConfigKeys (ConfUtils.java:logGet(44)) - raft.server.write.element-limit = 1024 (custom)
2020-05-13 00:32:42,804 [92222e62-7016-4f3c-a2fb-dba5b630f443@group-D55735449BBD-LeaderElection4] INFO  server.RaftServerConfigKeys (ConfUtils.java:logGet(44)) - raft.server.write.byte-limit = 1073741824 (custom)
2020-05-13 00:32:42,804 [92222e62-7016-4f3c-a2fb-dba5b630f443@group-D55735449BBD-LeaderElection4] INFO  server.RaftServerConfigKeys (ConfUtils.java:logGet(44)) - raft.server.watch.timeout = 180s (custom)
2020-05-13 00:32:42,804 [92222e62-7016-4f3c-a2fb-dba5b630f443@group-D55735449BBD-LeaderElection4] INFO  server.RaftServerConfigKeys (ConfUtils.java:logGet(44)) - raft.server.watch.timeout.denomination = 1s (default)
2020-05-13 00:32:42,811 [92222e62-7016-4f3c-a2fb-dba5b630f443@group-D55735449BBD-LeaderElection4] INFO  server.RaftServerConfigKeys (ConfUtils.java:logGet(44)) - raft.server.watch.element-limit = 65536 (default)
2020-05-13 00:32:42,810 [Thread-282] INFO  impl.FollowerState (FollowerState.java:run(108)) - 8580d7eb-3f73-47b2-ba6a-8a0e1abfbb25@group-53ABE10B26CB-FollowerState: change to CANDIDATE, lastRpcTime:5098ms, electionTimeout:5096ms
2020-05-13 00:32:42,822 [Thread-282] INFO  impl.RoleInfo (RoleInfo.java:shutdownFollowerState(121)) - 8580d7eb-3f73-47b2-ba6a-8a0e1abfbb25: shutdown FollowerState
2020-05-13 00:32:42,822 [Thread-282] INFO  impl.RaftServerImpl (RaftServerImpl.java:setRole(173)) - 8580d7eb-3f73-47b2-ba6a-8a0e1abfbb25@group-53ABE10B26CB: changes role from  FOLLOWER to CANDIDATE at term 0 for changeToCandidate
2020-05-13 00:32:42,822 [92222e62-7016-4f3c-a2fb-dba5b630f443@group-D55735449BBD-LeaderElection4] INFO  server.RaftServerConfigKeys (ConfUtils.java:logGet(44)) - raft.server.log.appender.snapshot.chunk.size.max = 16MB (=16777216) (default)
2020-05-13 00:32:42,811 [EventQueue-PipelineReportForPipelineReportHandler] INFO  pipeline.PipelineStateManager (PipelineStateManager.java:openPipeline(131)) - Pipeline Pipeline[ Id: c91c0f70-2bce-4579-9346-d55735449bbd, Nodes: cb2e6cf5-1539-404c-9960-dadd65825157{ip: 172.17.0.2, host: c009cc83f362, networkLocation: /default-rack, certSerialId: null}92222e62-7016-4f3c-a2fb-dba5b630f443{ip: 172.17.0.2, host: c009cc83f362, networkLocation: /default-rack, certSerialId: null}87621b82-bda1-44b5-81fb-df8516e176d4{ip: 172.17.0.2, host: c009cc83f362, networkLocation: /default-rack, certSerialId: null}, Type:RATIS, Factor:THREE, State:ALLOCATED, leaderId:92222e62-7016-4f3c-a2fb-dba5b630f443, CreationTimestamp2020-05-13T00:32:34.486Z] moved to OPEN state
2020-05-13 00:32:42,827 [279d5905-9172-4de8-95e1-bfc467c5ca26@group-D6C1F2ABD20D-LeaderElection6] INFO  impl.LeaderElection (LeaderElection.java:askForVotes(206)) - 279d5905-9172-4de8-95e1-bfc467c5ca26@group-D6C1F2ABD20D-LeaderElection6: begin an election at term 1 for -1: [279d5905-9172-4de8-95e1-bfc467c5ca26:172.17.0.2:33985], old=null
2020-05-13 00:32:42,827 [Thread-282] INFO  impl.RoleInfo (RoleInfo.java:updateAndGet(143)) - 8580d7eb-3f73-47b2-ba6a-8a0e1abfbb25: start LeaderElection
2020-05-13 00:32:42,829 [8580d7eb-3f73-47b2-ba6a-8a0e1abfbb25@group-51D68404C788-LeaderElection7] INFO  impl.LeaderElection (LeaderElection.java:askForVotes(206)) - 8580d7eb-3f73-47b2-ba6a-8a0e1abfbb25@group-51D68404C788-LeaderElection7: begin an election at term 1 for -1: [8580d7eb-3f73-47b2-ba6a-8a0e1abfbb25:172.17.0.2:35053], old=null
2020-05-13 00:32:42,832 [8580d7eb-3f73-47b2-ba6a-8a0e1abfbb25@group-51D68404C788-LeaderElection7] INFO  impl.RoleInfo (RoleInfo.java:shutdownLeaderElection(134)) - 8580d7eb-3f73-47b2-ba6a-8a0e1abfbb25: shutdown LeaderElection
2020-05-13 00:32:42,833 [8580d7eb-3f73-47b2-ba6a-8a0e1abfbb25@group-51D68404C788-LeaderElection7] INFO  impl.RaftServerImpl (RaftServerImpl.java:setRole(173)) - 8580d7eb-3f73-47b2-ba6a-8a0e1abfbb25@group-51D68404C788: changes role from CANDIDATE to LEADER at term 1 for changeToLeader
2020-05-13 00:32:42,833 [8580d7eb-3f73-47b2-ba6a-8a0e1abfbb25@group-51D68404C788-LeaderElection7] INFO  ratis.XceiverServerRatis (XceiverServerRatis.java:handleLeaderChangedNotification(762)) - Leader change notification received for group: group-51D68404C788 with new leaderId: 8580d7eb-3f73-47b2-ba6a-8a0e1abfbb25
2020-05-13 00:32:42,833 [8580d7eb-3f73-47b2-ba6a-8a0e1abfbb25@group-51D68404C788-LeaderElection7] INFO  impl.RaftServerImpl (ServerState.java:setLeader(255)) - 8580d7eb-3f73-47b2-ba6a-8a0e1abfbb25@group-51D68404C788: change Leader from null to 8580d7eb-3f73-47b2-ba6a-8a0e1abfbb25 at term 1 for becomeLeader, leader elected after 5173ms
2020-05-13 00:32:42,828 [EventQueue-OpenPipelineForHealthyPipelineSafeModeRule] INFO  safemode.SCMSafeModeManager (HealthyPipelineSafeModeRule.java:process(132)) - SCM in safe mode. Healthy pipelines reported count is 1, required healthy pipeline reported count is 1
2020-05-13 00:32:42,828 [EventQueue-OpenPipelineForOneReplicaPipelineSafeModeRule] INFO  safemode.SCMSafeModeManager (SCMSafeModeManager.java:validateSafeModeExitRules(213)) - AtleastOneDatanodeReportedRule rule is successfully validated
2020-05-13 00:32:42,828 [92222e62-7016-4f3c-a2fb-dba5b630f443@group-D55735449BBD-LeaderElection4] INFO  server.RaftServerConfigKeys (ConfUtils.java:logGet(44)) - raft.server.log.appender.buffer.byte-limit = 33554432 (custom)
2020-05-13 00:32:42,834 [EventQueue-OpenPipelineForHealthyPipelineSafeModeRule] INFO  safemode.SCMSafeModeManager (SCMSafeModeManager.java:validateSafeModeExitRules(213)) - HealthyPipelineSafeModeRule rule is successfully validated
2020-05-13 00:32:42,834 [92222e62-7016-4f3c-a2fb-dba5b630f443@group-D55735449BBD-LeaderElection4] INFO  server.RaftServerConfigKeys (ConfUtils.java:logGet(44)) - raft.server.log.appender.buffer.element-limit = 1 (custom)
2020-05-13 00:32:42,828 [279d5905-9172-4de8-95e1-bfc467c5ca26@group-D6C1F2ABD20D-LeaderElection6] INFO  impl.RoleInfo (RoleInfo.java:shutdownLeaderElection(134)) - 279d5905-9172-4de8-95e1-bfc467c5ca26: shutdown LeaderElection
2020-05-13 00:32:42,836 [279d5905-9172-4de8-95e1-bfc467c5ca26@group-D6C1F2ABD20D-LeaderElection6] INFO  impl.RaftServerImpl (RaftServerImpl.java:setRole(173)) - 279d5905-9172-4de8-95e1-bfc467c5ca26@group-D6C1F2ABD20D: changes role from CANDIDATE to LEADER at term 1 for changeToLeader
2020-05-13 00:32:42,836 [279d5905-9172-4de8-95e1-bfc467c5ca26@group-D6C1F2ABD20D-LeaderElection6] INFO  ratis.XceiverServerRatis (XceiverServerRatis.java:handleLeaderChangedNotification(762)) - Leader change notification received for group: group-D6C1F2ABD20D with new leaderId: 279d5905-9172-4de8-95e1-bfc467c5ca26
2020-05-13 00:32:42,836 [279d5905-9172-4de8-95e1-bfc467c5ca26@group-D6C1F2ABD20D-LeaderElection6] INFO  impl.RaftServerImpl (ServerState.java:setLeader(255)) - 279d5905-9172-4de8-95e1-bfc467c5ca26@group-D6C1F2ABD20D: change Leader from null to 279d5905-9172-4de8-95e1-bfc467c5ca26 at term 1 for becomeLeader, leader elected after 5099ms
2020-05-13 00:32:42,835 [8580d7eb-3f73-47b2-ba6a-8a0e1abfbb25@group-51D68404C788-LeaderElection7] INFO  server.RaftServerConfigKeys (ConfUtils.java:logGet(44)) - raft.server.staging.catchup.gap = 1000 (default)
2020-05-13 00:32:42,836 [8580d7eb-3f73-47b2-ba6a-8a0e1abfbb25@group-51D68404C788-LeaderElection7] INFO  server.RaftServerConfigKeys (ConfUtils.java:logGet(44)) - raft.server.rpc.sleep.time = 25ms (default)
2020-05-13 00:32:42,836 [8580d7eb-3f73-47b2-ba6a-8a0e1abfbb25@group-51D68404C788-LeaderElection7] INFO  metrics.RatisMetrics (RatisMetrics.java:lambda$create$0(39)) - Creating Metrics Registry : ratis.log_appender.8580d7eb-3f73-47b2-ba6a-8a0e1abfbb25@group-51D68404C788
2020-05-13 00:32:42,836 [8580d7eb-3f73-47b2-ba6a-8a0e1abfbb25@group-51D68404C788-LeaderElection7] INFO  server.RaftServerConfigKeys (ConfUtils.java:logGet(44)) - raft.server.write.element-limit = 1024 (custom)
2020-05-13 00:32:42,836 [8580d7eb-3f73-47b2-ba6a-8a0e1abfbb25@group-51D68404C788-LeaderElection7] INFO  server.RaftServerConfigKeys (ConfUtils.java:logGet(44)) - raft.server.write.byte-limit = 1073741824 (custom)
2020-05-13 00:32:42,837 [8580d7eb-3f73-47b2-ba6a-8a0e1abfbb25@group-51D68404C788-LeaderElection7] INFO  server.RaftServerConfigKeys (ConfUtils.java:logGet(44)) - raft.server.watch.timeout = 180s (custom)
2020-05-13 00:32:42,837 [8580d7eb-3f73-47b2-ba6a-8a0e1abfbb25@group-51D68404C788-LeaderElection7] INFO  server.RaftServerConfigKeys (ConfUtils.java:logGet(44)) - raft.server.watch.timeout.denomination = 1s (default)
2020-05-13 00:32:42,837 [8580d7eb-3f73-47b2-ba6a-8a0e1abfbb25@group-51D68404C788-LeaderElection7] INFO  server.RaftServerConfigKeys (ConfUtils.java:logGet(44)) - raft.server.watch.element-limit = 65536 (default)
2020-05-13 00:32:42,837 [8580d7eb-3f73-47b2-ba6a-8a0e1abfbb25@group-51D68404C788-LeaderElection7] INFO  impl.RoleInfo (RoleInfo.java:updateAndGet(143)) - 8580d7eb-3f73-47b2-ba6a-8a0e1abfbb25: start LeaderState
2020-05-13 00:32:42,837 [8580d7eb-3f73-47b2-ba6a-8a0e1abfbb25@group-51D68404C788-LeaderElection7] INFO  segmented.SegmentedRaftLogWorker (SegmentedRaftLogWorker.java:startLogSegment(391)) - 8580d7eb-3f73-47b2-ba6a-8a0e1abfbb25@group-51D68404C788-SegmentedRaftLogWorker: Starting segment from index:0
2020-05-13 00:32:42,834 [EventQueue-OpenPipelineForHealthyPipelineSafeModeRule] INFO  safemode.SCMSafeModeManager (SCMSafeModeManager.java:validateSafeModeExitRules(227)) - ScmSafeModeManager, all rules are successfully validated
2020-05-13 00:32:42,838 [EventQueue-OpenPipelineForHealthyPipelineSafeModeRule] INFO  safemode.SCMSafeModeManager (SCMSafeModeManager.java:exitSafeMode(256)) - SCM exiting safe mode.
2020-05-13 00:32:42,841 [8580d7eb-3f73-47b2-ba6a-8a0e1abfbb25@group-51D68404C788-LeaderElection7] INFO  impl.RaftServerImpl (ServerState.java:setRaftConf(356)) - 8580d7eb-3f73-47b2-ba6a-8a0e1abfbb25@group-51D68404C788: set configuration 0: [8580d7eb-3f73-47b2-ba6a-8a0e1abfbb25:172.17.0.2:35053], old=null at 0
2020-05-13 00:32:42,845 [92222e62-7016-4f3c-a2fb-dba5b630f443@group-D55735449BBD-LeaderElection4] INFO  grpc.GrpcConfigKeys (ConfUtils.java:logGet(44)) - raft.grpc.server.leader.outstanding.appends.max = 128 (default)
2020-05-13 00:32:42,846 [92222e62-7016-4f3c-a2fb-dba5b630f443@group-D55735449BBD-LeaderElection4] INFO  server.RaftServerConfigKeys (ConfUtils.java:logGet(44)) - raft.server.rpc.request.timeout = 60s (custom)
2020-05-13 00:32:42,846 [92222e62-7016-4f3c-a2fb-dba5b630f443@group-D55735449BBD-LeaderElection4] INFO  server.RaftServerConfigKeys (ConfUtils.java:logGet(44)) - raft.server.log.appender.install.snapshot.enabled = false (custom)
2020-05-13 00:32:42,851 [92222e62-7016-4f3c-a2fb-dba5b630f443@group-D55735449BBD-LeaderElection4] INFO  server.RaftServerConfigKeys (ConfUtils.java:logGet(44)) - raft.server.log.appender.snapshot.chunk.size.max = 16MB (=16777216) (default)
2020-05-13 00:32:42,851 [92222e62-7016-4f3c-a2fb-dba5b630f443@group-D55735449BBD-LeaderElection4] INFO  server.RaftServerConfigKeys (ConfUtils.java:logGet(44)) - raft.server.log.appender.buffer.byte-limit = 33554432 (custom)
2020-05-13 00:32:42,851 [92222e62-7016-4f3c-a2fb-dba5b630f443@group-D55735449BBD-LeaderElection4] INFO  server.RaftServerConfigKeys (ConfUtils.java:logGet(44)) - raft.server.log.appender.buffer.element-limit = 1 (custom)
2020-05-13 00:32:42,861 [279d5905-9172-4de8-95e1-bfc467c5ca26@group-D6C1F2ABD20D-LeaderElection6] INFO  server.RaftServerConfigKeys (ConfUtils.java:logGet(44)) - raft.server.staging.catchup.gap = 1000 (default)
2020-05-13 00:32:42,862 [279d5905-9172-4de8-95e1-bfc467c5ca26@group-D6C1F2ABD20D-LeaderElection6] INFO  server.RaftServerConfigKeys (ConfUtils.java:logGet(44)) - raft.server.rpc.sleep.time = 25ms (default)
2020-05-13 00:32:42,862 [279d5905-9172-4de8-95e1-bfc467c5ca26@group-D6C1F2ABD20D-LeaderElection6] INFO  metrics.RatisMetrics (RatisMetrics.java:lambda$create$0(39)) - Creating Metrics Registry : ratis.log_appender.279d5905-9172-4de8-95e1-bfc467c5ca26@group-D6C1F2ABD20D
2020-05-13 00:32:42,862 [279d5905-9172-4de8-95e1-bfc467c5ca26@group-D6C1F2ABD20D-LeaderElection6] INFO  server.RaftServerConfigKeys (ConfUtils.java:logGet(44)) - raft.server.write.element-limit = 1024 (custom)
2020-05-13 00:32:42,864 [8580d7eb-3f73-47b2-ba6a-8a0e1abfbb25@group-53ABE10B26CB-LeaderElection8] INFO  impl.LeaderElection (LeaderElection.java:askForVotes(206)) - 8580d7eb-3f73-47b2-ba6a-8a0e1abfbb25@group-53ABE10B26CB-LeaderElection8: begin an election at term 1 for -1: [8580d7eb-3f73-47b2-ba6a-8a0e1abfbb25:172.17.0.2:35053, 0f02d056-2e43-4ca8-8a74-02455479cd36:172.17.0.2:39273, 279d5905-9172-4de8-95e1-bfc467c5ca26:172.17.0.2:33985], old=null
2020-05-13 00:32:42,863 [92222e62-7016-4f3c-a2fb-dba5b630f443@group-D55735449BBD-LeaderElection4] INFO  grpc.GrpcConfigKeys (ConfUtils.java:logGet(44)) - raft.grpc.server.leader.outstanding.appends.max = 128 (default)
2020-05-13 00:32:42,869 [279d5905-9172-4de8-95e1-bfc467c5ca26@group-D6C1F2ABD20D-LeaderElection6] INFO  server.RaftServerConfigKeys (ConfUtils.java:logGet(44)) - raft.server.write.byte-limit = 1073741824 (custom)
2020-05-13 00:32:42,870 [279d5905-9172-4de8-95e1-bfc467c5ca26@group-D6C1F2ABD20D-LeaderElection6] INFO  server.RaftServerConfigKeys (ConfUtils.java:logGet(44)) - raft.server.watch.timeout = 180s (custom)
2020-05-13 00:32:42,870 [279d5905-9172-4de8-95e1-bfc467c5ca26@group-D6C1F2ABD20D-LeaderElection6] INFO  server.RaftServerConfigKeys (ConfUtils.java:logGet(44)) - raft.server.watch.timeout.denomination = 1s (default)
2020-05-13 00:32:42,870 [279d5905-9172-4de8-95e1-bfc467c5ca26@group-D6C1F2ABD20D-LeaderElection6] INFO  server.RaftServerConfigKeys (ConfUtils.java:logGet(44)) - raft.server.watch.element-limit = 65536 (default)
2020-05-13 00:32:42,870 [279d5905-9172-4de8-95e1-bfc467c5ca26@group-D6C1F2ABD20D-LeaderElection6] INFO  impl.RoleInfo (RoleInfo.java:updateAndGet(143)) - 279d5905-9172-4de8-95e1-bfc467c5ca26: start LeaderState
2020-05-13 00:32:42,869 [92222e62-7016-4f3c-a2fb-dba5b630f443@group-D55735449BBD-LeaderElection4] INFO  server.RaftServerConfigKeys (ConfUtils.java:logGet(44)) - raft.server.rpc.request.timeout = 60s (custom)
2020-05-13 00:32:42,871 [92222e62-7016-4f3c-a2fb-dba5b630f443@group-D55735449BBD-LeaderElection4] INFO  server.RaftServerConfigKeys (ConfUtils.java:logGet(44)) - raft.server.log.appender.install.snapshot.enabled = false (custom)
2020-05-13 00:32:42,870 [279d5905-9172-4de8-95e1-bfc467c5ca26@group-D6C1F2ABD20D-LeaderElection6] INFO  segmented.SegmentedRaftLogWorker (SegmentedRaftLogWorker.java:startLogSegment(391)) - 279d5905-9172-4de8-95e1-bfc467c5ca26@group-D6C1F2ABD20D-SegmentedRaftLogWorker: Starting segment from index:0
2020-05-13 00:32:42,872 [92222e62-7016-4f3c-a2fb-dba5b630f443@group-D55735449BBD-LeaderElection4] INFO  impl.RoleInfo (RoleInfo.java:updateAndGet(143)) - 92222e62-7016-4f3c-a2fb-dba5b630f443: start LeaderState
2020-05-13 00:32:42,873 [92222e62-7016-4f3c-a2fb-dba5b630f443@group-D55735449BBD-LeaderElection4] INFO  segmented.SegmentedRaftLogWorker (SegmentedRaftLogWorker.java:startLogSegment(391)) - 92222e62-7016-4f3c-a2fb-dba5b630f443@group-D55735449BBD-SegmentedRaftLogWorker: Starting segment from index:0
2020-05-13 00:32:42,897 [92222e62-7016-4f3c-a2fb-dba5b630f443@group-D55735449BBD-LeaderElection4] INFO  impl.RaftServerImpl (ServerState.java:setRaftConf(356)) - 92222e62-7016-4f3c-a2fb-dba5b630f443@group-D55735449BBD: set configuration 0: [87621b82-bda1-44b5-81fb-df8516e176d4:172.17.0.2:38053, cb2e6cf5-1539-404c-9960-dadd65825157:172.17.0.2:36479, 92222e62-7016-4f3c-a2fb-dba5b630f443:172.17.0.2:44117], old=null at 0
2020-05-13 00:32:42,898 [grpc-default-executor-5] INFO  impl.RaftServerImpl (RaftServerImpl.java:requestVote(818)) - 92222e62-7016-4f3c-a2fb-dba5b630f443@group-D55735449BBD-   LEADER: Withhold vote from candidate cb2e6cf5-1539-404c-9960-dadd65825157 with term 1. State: leader=92222e62-7016-4f3c-a2fb-dba5b630f443, term=1, lastRpcElapsed=null
2020-05-13 00:32:42,901 [279d5905-9172-4de8-95e1-bfc467c5ca26@group-D6C1F2ABD20D-LeaderElection6] INFO  impl.RaftServerImpl (ServerState.java:setRaftConf(356)) - 279d5905-9172-4de8-95e1-bfc467c5ca26@group-D6C1F2ABD20D: set configuration 0: [279d5905-9172-4de8-95e1-bfc467c5ca26:172.17.0.2:33985], old=null at 0
2020-05-13 00:32:42,910 [8580d7eb-3f73-47b2-ba6a-8a0e1abfbb25@group-51D68404C788-SegmentedRaftLogWorker] INFO  segmented.SegmentedRaftLogWorker (SegmentedRaftLogWorker.java:execute(583)) - 8580d7eb-3f73-47b2-ba6a-8a0e1abfbb25@group-51D68404C788-SegmentedRaftLogWorker: created new log segment /github/workspace/mnt/ozone/hadoop-ozone/integration-test/target/test-dir/MiniOzoneClusterImpl-8fbc82c0-848a-4a6b-a3b9-d4d40c3d4f3a/datanode-3/data/ratis/df6fd26f-d038-48da-b2d4-51d68404c788/current/log_inprogress_0
2020-05-13 00:32:42,911 [279d5905-9172-4de8-95e1-bfc467c5ca26@group-D6C1F2ABD20D-SegmentedRaftLogWorker] INFO  segmented.SegmentedRaftLogWorker (SegmentedRaftLogWorker.java:execute(583)) - 279d5905-9172-4de8-95e1-bfc467c5ca26@group-D6C1F2ABD20D-SegmentedRaftLogWorker: created new log segment /github/workspace/mnt/ozone/hadoop-ozone/integration-test/target/test-dir/MiniOzoneClusterImpl-8fbc82c0-848a-4a6b-a3b9-d4d40c3d4f3a/datanode-4/data/ratis/652209ea-bec5-4c24-a60b-d6c1f2abd20d/current/log_inprogress_0
2020-05-13 00:32:42,913 [92222e62-7016-4f3c-a2fb-dba5b630f443@group-D55735449BBD-SegmentedRaftLogWorker] INFO  segmented.SegmentedRaftLogWorker (SegmentedRaftLogWorker.java:execute(583)) - 92222e62-7016-4f3c-a2fb-dba5b630f443@group-D55735449BBD-SegmentedRaftLogWorker: created new log segment /github/workspace/mnt/ozone/hadoop-ozone/integration-test/target/test-dir/MiniOzoneClusterImpl-8fbc82c0-848a-4a6b-a3b9-d4d40c3d4f3a/datanode-1/data/ratis/c91c0f70-2bce-4579-9346-d55735449bbd/current/log_inprogress_0
2020-05-13 00:32:42,913 [cb2e6cf5-1539-404c-9960-dadd65825157@group-51DA1458C9C6-SegmentedRaftLogWorker] INFO  segmented.SegmentedRaftLogWorker (SegmentedRaftLogWorker.java:execute(583)) - cb2e6cf5-1539-404c-9960-dadd65825157@group-51DA1458C9C6-SegmentedRaftLogWorker: created new log segment /github/workspace/mnt/ozone/hadoop-ozone/integration-test/target/test-dir/MiniOzoneClusterImpl-8fbc82c0-848a-4a6b-a3b9-d4d40c3d4f3a/datanode-0/data/ratis/e8cb1808-720f-4c18-a6ec-51da1458c9c6/current/log_inprogress_0
2020-05-13 00:32:42,916 [Thread-286] INFO  impl.FollowerState (FollowerState.java:run(108)) - 279d5905-9172-4de8-95e1-bfc467c5ca26@group-53ABE10B26CB-FollowerState: change to CANDIDATE, lastRpcTime:5118ms, electionTimeout:5117ms
2020-05-13 00:32:42,917 [87621b82-bda1-44b5-81fb-df8516e176d4@group-4DE6B71B92D7-SegmentedRaftLogWorker] INFO  segmented.SegmentedRaftLogWorker (SegmentedRaftLogWorker.java:execute(583)) - 87621b82-bda1-44b5-81fb-df8516e176d4@group-4DE6B71B92D7-SegmentedRaftLogWorker: created new log segment /github/workspace/mnt/ozone/hadoop-ozone/integration-test/target/test-dir/MiniOzoneClusterImpl-8fbc82c0-848a-4a6b-a3b9-d4d40c3d4f3a/datanode-2/data/ratis/980d12e0-93b7-4a9d-811c-4de6b71b92d7/current/log_inprogress_0
2020-05-13 00:32:42,917 [92222e62-7016-4f3c-a2fb-dba5b630f443@group-F713439415B4-SegmentedRaftLogWorker] INFO  segmented.SegmentedRaftLogWorker (SegmentedRaftLogWorker.java:execute(583)) - 92222e62-7016-4f3c-a2fb-dba5b630f443@group-F713439415B4-SegmentedRaftLogWorker: created new log segment /github/workspace/mnt/ozone/hadoop-ozone/integration-test/target/test-dir/MiniOzoneClusterImpl-8fbc82c0-848a-4a6b-a3b9-d4d40c3d4f3a/datanode-1/data/ratis/41886a84-6ee6-40b2-ae77-f713439415b4/current/log_inprogress_0
2020-05-13 00:32:42,921 [cb2e6cf5-1539-404c-9960-dadd65825157@group-D55735449BBD-LeaderElection5] INFO  impl.LeaderElection (LeaderElection.java:logAndReturn(61)) - cb2e6cf5-1539-404c-9960-dadd65825157@group-D55735449BBD-LeaderElection5: Election REJECTED; received 2 response(s) [cb2e6cf5-1539-404c-9960-dadd65825157<-87621b82-bda1-44b5-81fb-df8516e176d4#0:FAIL-t1, cb2e6cf5-1539-404c-9960-dadd65825157<-92222e62-7016-4f3c-a2fb-dba5b630f443#0:FAIL-t1] and 0 exception(s); cb2e6cf5-1539-404c-9960-dadd65825157@group-D55735449BBD:t1, leader=null, voted=cb2e6cf5-1539-404c-9960-dadd65825157, raftlog=cb2e6cf5-1539-404c-9960-dadd65825157@group-D55735449BBD-SegmentedRaftLog:OPENED:c-1,f-1,i0, conf=-1: [87621b82-bda1-44b5-81fb-df8516e176d4:172.17.0.2:38053, cb2e6cf5-1539-404c-9960-dadd65825157:172.17.0.2:36479, 92222e62-7016-4f3c-a2fb-dba5b630f443:172.17.0.2:44117], old=null
2020-05-13 00:32:42,922 [cb2e6cf5-1539-404c-9960-dadd65825157@group-D55735449BBD-LeaderElection5] INFO  impl.RaftServerImpl (RaftServerImpl.java:setRole(173)) - cb2e6cf5-1539-404c-9960-dadd65825157@group-D55735449BBD: changes role from CANDIDATE to FOLLOWER at term 1 for DISCOVERED_A_NEW_TERM
2020-05-13 00:32:42,922 [cb2e6cf5-1539-404c-9960-dadd65825157@group-D55735449BBD-LeaderElection5] INFO  impl.RoleInfo (RoleInfo.java:shutdownLeaderElection(134)) - cb2e6cf5-1539-404c-9960-dadd65825157: shutdown LeaderElection
2020-05-13 00:32:42,922 [cb2e6cf5-1539-404c-9960-dadd65825157@group-D55735449BBD-LeaderElection5] INFO  impl.RoleInfo (RoleInfo.java:updateAndGet(143)) - cb2e6cf5-1539-404c-9960-dadd65825157: start FollowerState
2020-05-13 00:32:42,927 [grpc-default-executor-5] INFO  impl.RaftServerImpl (RaftServerImpl.java:setRole(173)) - 0f02d056-2e43-4ca8-8a74-02455479cd36@group-53ABE10B26CB: changes role from  FOLLOWER to FOLLOWER at term 1 for recognizeCandidate:8580d7eb-3f73-47b2-ba6a-8a0e1abfbb25
2020-05-13 00:32:42,929 [grpc-default-executor-5] INFO  impl.RoleInfo (RoleInfo.java:shutdownFollowerState(121)) - 0f02d056-2e43-4ca8-8a74-02455479cd36: shutdown FollowerState
2020-05-13 00:32:42,929 [grpc-default-executor-5] INFO  impl.RoleInfo (RoleInfo.java:updateAndGet(143)) - 0f02d056-2e43-4ca8-8a74-02455479cd36: start FollowerState
2020-05-13 00:32:42,929 [Thread-290] INFO  impl.FollowerState (FollowerState.java:run(117)) - 0f02d056-2e43-4ca8-8a74-02455479cd36@group-53ABE10B26CB-FollowerState was interrupted: java.lang.InterruptedException: sleep interrupted
2020-05-13 00:32:42,936 [Thread-286] INFO  impl.RoleInfo (RoleInfo.java:shutdownFollowerState(121)) - 279d5905-9172-4de8-95e1-bfc467c5ca26: shutdown FollowerState
2020-05-13 00:32:42,936 [Thread-286] INFO  impl.RaftServerImpl (RaftServerImpl.java:setRole(173)) - 279d5905-9172-4de8-95e1-bfc467c5ca26@group-53ABE10B26CB: changes role from  FOLLOWER to CANDIDATE at term 0 for changeToCandidate
2020-05-13 00:32:42,936 [Thread-286] INFO  impl.RoleInfo (RoleInfo.java:updateAndGet(143)) - 279d5905-9172-4de8-95e1-bfc467c5ca26: start LeaderElection
2020-05-13 00:32:42,967 [grpc-default-executor-0] INFO  ratis.XceiverServerRatis (XceiverServerRatis.java:handleLeaderChangedNotification(762)) - Leader change notification received for group: group-D55735449BBD with new leaderId: 92222e62-7016-4f3c-a2fb-dba5b630f443
2020-05-13 00:32:42,967 [grpc-default-executor-0] INFO  impl.RaftServerImpl (ServerState.java:setLeader(255)) - 87621b82-bda1-44b5-81fb-df8516e176d4@group-D55735449BBD: change Leader from null to 92222e62-7016-4f3c-a2fb-dba5b630f443 at term 1 for appendEntries, leader elected after 5353ms
2020-05-13 00:32:42,971 [grpc-default-executor-5] INFO  ratis.XceiverServerRatis (XceiverServerRatis.java:handleLeaderChangedNotification(762)) - Leader change notification received for group: group-D55735449BBD with new leaderId: 92222e62-7016-4f3c-a2fb-dba5b630f443
2020-05-13 00:32:42,971 [grpc-default-executor-5] INFO  impl.RaftServerImpl (ServerState.java:setLeader(255)) - cb2e6cf5-1539-404c-9960-dadd65825157@group-D55735449BBD: change Leader from null to 92222e62-7016-4f3c-a2fb-dba5b630f443 at term 1 for appendEntries, leader elected after 5414ms
2020-05-13 00:32:42,977 [Thread-288] INFO  impl.FollowerState (FollowerState.java:run(108)) - 0f02d056-2e43-4ca8-8a74-02455479cd36@group-4F73FA676FB7-FollowerState: change to CANDIDATE, lastRpcTime:5076ms, electionTimeout:5056ms
2020-05-13 00:32:42,977 [Thread-288] INFO  impl.RoleInfo (RoleInfo.java:shutdownFollowerState(121)) - 0f02d056-2e43-4ca8-8a74-02455479cd36: shutdown FollowerState
2020-05-13 00:32:42,977 [Thread-288] INFO  impl.RaftServerImpl (RaftServerImpl.java:setRole(173)) - 0f02d056-2e43-4ca8-8a74-02455479cd36@group-4F73FA676FB7: changes role from  FOLLOWER to CANDIDATE at term 0 for changeToCandidate
2020-05-13 00:32:42,977 [Thread-288] INFO  impl.RoleInfo (RoleInfo.java:updateAndGet(143)) - 0f02d056-2e43-4ca8-8a74-02455479cd36: start LeaderElection
2020-05-13 00:32:42,980 [8580d7eb-3f73-47b2-ba6a-8a0e1abfbb25@group-53ABE10B26CB-LeaderElection8] INFO  impl.LeaderElection (LeaderElection.java:logAndReturn(61)) - 8580d7eb-3f73-47b2-ba6a-8a0e1abfbb25@group-53ABE10B26CB-LeaderElection8: Election PASSED; received 1 response(s) [8580d7eb-3f73-47b2-ba6a-8a0e1abfbb25<-0f02d056-2e43-4ca8-8a74-02455479cd36#0:OK-t1] and 0 exception(s); 8580d7eb-3f73-47b2-ba6a-8a0e1abfbb25@group-53ABE10B26CB:t1, leader=null, voted=8580d7eb-3f73-47b2-ba6a-8a0e1abfbb25, raftlog=8580d7eb-3f73-47b2-ba6a-8a0e1abfbb25@group-53ABE10B26CB-SegmentedRaftLog:OPENED:c-1,f-1,i0, conf=-1: [8580d7eb-3f73-47b2-ba6a-8a0e1abfbb25:172.17.0.2:35053, 0f02d056-2e43-4ca8-8a74-02455479cd36:172.17.0.2:39273, 279d5905-9172-4de8-95e1-bfc467c5ca26:172.17.0.2:33985], old=null
2020-05-13 00:32:42,980 [8580d7eb-3f73-47b2-ba6a-8a0e1abfbb25@group-53ABE10B26CB-LeaderElection8] INFO  impl.RoleInfo (RoleInfo.java:shutdownLeaderElection(134)) - 8580d7eb-3f73-47b2-ba6a-8a0e1abfbb25: shutdown LeaderElection
2020-05-13 00:32:42,980 [8580d7eb-3f73-47b2-ba6a-8a0e1abfbb25@group-53ABE10B26CB-LeaderElection8] INFO  impl.RaftServerImpl (RaftServerImpl.java:setRole(173)) - 8580d7eb-3f73-47b2-ba6a-8a0e1abfbb25@group-53ABE10B26CB: changes role from CANDIDATE to LEADER at term 1 for changeToLeader
2020-05-13 00:32:42,980 [8580d7eb-3f73-47b2-ba6a-8a0e1abfbb25@group-53ABE10B26CB-LeaderElection8] INFO  ratis.XceiverServerRatis (XceiverServerRatis.java:handleLeaderChangedNotification(762)) - Leader change notification received for group: group-53ABE10B26CB with new leaderId: 8580d7eb-3f73-47b2-ba6a-8a0e1abfbb25
2020-05-13 00:32:42,980 [8580d7eb-3f73-47b2-ba6a-8a0e1abfbb25@group-53ABE10B26CB-LeaderElection8] INFO  impl.RaftServerImpl (ServerState.java:setLeader(255)) - 8580d7eb-3f73-47b2-ba6a-8a0e1abfbb25@group-53ABE10B26CB: change Leader from null to 8580d7eb-3f73-47b2-ba6a-8a0e1abfbb25 at term 1 for becomeLeader, leader elected after 5278ms
2020-05-13 00:32:42,980 [8580d7eb-3f73-47b2-ba6a-8a0e1abfbb25@group-53ABE10B26CB-LeaderElection8] INFO  server.RaftServerConfigKeys (ConfUtils.java:logGet(44)) - raft.server.staging.catchup.gap = 1000 (default)
2020-05-13 00:32:42,980 [8580d7eb-3f73-47b2-ba6a-8a0e1abfbb25@group-53ABE10B26CB-LeaderElection8] INFO  server.RaftServerConfigKeys (ConfUtils.java:logGet(44)) - raft.server.rpc.sleep.time = 25ms (default)
2020-05-13 00:32:42,986 [grpc-default-executor-8] INFO  impl.RaftServerImpl (RaftServerImpl.java:setRole(173)) - 279d5905-9172-4de8-95e1-bfc467c5ca26@group-53ABE10B26CB: changes role from CANDIDATE to FOLLOWER at term 1 for recognizeCandidate:8580d7eb-3f73-47b2-ba6a-8a0e1abfbb25
2020-05-13 00:32:42,988 [grpc-default-executor-8] INFO  impl.RoleInfo (RoleInfo.java:shutdownLeaderElection(134)) - 279d5905-9172-4de8-95e1-bfc467c5ca26: shutdown LeaderElection
2020-05-13 00:32:42,988 [grpc-default-executor-8] INFO  impl.RoleInfo (RoleInfo.java:updateAndGet(143)) - 279d5905-9172-4de8-95e1-bfc467c5ca26: start FollowerState
2020-05-13 00:32:42,988 [8580d7eb-3f73-47b2-ba6a-8a0e1abfbb25@group-53ABE10B26CB-LeaderElection8] INFO  metrics.RatisMetrics (RatisMetrics.java:lambda$create$0(39)) - Creating Metrics Registry : ratis.log_appender.8580d7eb-3f73-47b2-ba6a-8a0e1abfbb25@group-53ABE10B26CB
2020-05-13 00:32:42,989 [8580d7eb-3f73-47b2-ba6a-8a0e1abfbb25@group-53ABE10B26CB-LeaderElection8] INFO  server.RaftServerConfigKeys (ConfUtils.java:logGet(44)) - raft.server.write.element-limit = 1024 (custom)
2020-05-13 00:32:42,989 [8580d7eb-3f73-47b2-ba6a-8a0e1abfbb25@group-53ABE10B26CB-LeaderElection8] INFO  server.RaftServerConfigKeys (ConfUtils.java:logGet(44)) - raft.server.write.byte-limit = 1073741824 (custom)
2020-05-13 00:32:42,989 [8580d7eb-3f73-47b2-ba6a-8a0e1abfbb25@group-53ABE10B26CB-LeaderElection8] INFO  server.RaftServerConfigKeys (ConfUtils.java:logGet(44)) - raft.server.watch.timeout = 180s (custom)
2020-05-13 00:32:42,989 [EventQueue-PipelineReportForPipelineReportHandler] INFO  pipeline.PipelineStateManager (PipelineStateManager.java:openPipeline(131)) - Pipeline Pipeline[ Id: 328a1ccd-80b7-4f8b-9c32-53abe10b26cb, Nodes: 0f02d056-2e43-4ca8-8a74-02455479cd36{ip: 172.17.0.2, host: c009cc83f362, networkLocation: /default-rack, certSerialId: null}8580d7eb-3f73-47b2-ba6a-8a0e1abfbb25{ip: 172.17.0.2, host: c009cc83f362, networkLocation: /default-rack, certSerialId: null}279d5905-9172-4de8-95e1-bfc467c5ca26{ip: 172.17.0.2, host: c009cc83f362, networkLocation: /default-rack, certSerialId: null}, Type:RATIS, Factor:THREE, State:ALLOCATED, leaderId:8580d7eb-3f73-47b2-ba6a-8a0e1abfbb25, CreationTimestamp2020-05-13T00:32:34.836Z] moved to OPEN state
2020-05-13 00:32:42,989 [8580d7eb-3f73-47b2-ba6a-8a0e1abfbb25@group-53ABE10B26CB-LeaderElection8] INFO  server.RaftServerConfigKeys (ConfUtils.java:logGet(44)) - raft.server.watch.timeout.denomination = 1s (default)
2020-05-13 00:32:42,990 [8580d7eb-3f73-47b2-ba6a-8a0e1abfbb25@group-53ABE10B26CB-LeaderElection8] INFO  server.RaftServerConfigKeys (ConfUtils.java:logGet(44)) - raft.server.watch.element-limit = 65536 (default)
2020-05-13 00:32:42,990 [8580d7eb-3f73-47b2-ba6a-8a0e1abfbb25@group-53ABE10B26CB-LeaderElection8] INFO  server.RaftServerConfigKeys (ConfUtils.java:logGet(44)) - raft.server.log.appender.snapshot.chunk.size.max = 16MB (=16777216) (default)
2020-05-13 00:32:42,990 [8580d7eb-3f73-47b2-ba6a-8a0e1abfbb25@group-53ABE10B26CB-LeaderElection8] INFO  server.RaftServerConfigKeys (ConfUtils.java:logGet(44)) - raft.server.log.appender.buffer.byte-limit = 33554432 (custom)
2020-05-13 00:32:42,990 [8580d7eb-3f73-47b2-ba6a-8a0e1abfbb25@group-53ABE10B26CB-LeaderElection8] INFO  server.RaftServerConfigKeys (ConfUtils.java:logGet(44)) - raft.server.log.appender.buffer.element-limit = 1 (custom)
2020-05-13 00:32:42,990 [0f02d056-2e43-4ca8-8a74-02455479cd36@group-4F73FA676FB7-LeaderElection10] INFO  impl.LeaderElection (LeaderElection.java:askForVotes(206)) - 0f02d056-2e43-4ca8-8a74-02455479cd36@group-4F73FA676FB7-LeaderElection10: begin an election at term 1 for -1: [0f02d056-2e43-4ca8-8a74-02455479cd36:172.17.0.2:39273], old=null
2020-05-13 00:32:42,991 [0f02d056-2e43-4ca8-8a74-02455479cd36@group-4F73FA676FB7-LeaderElection10] INFO  impl.RoleInfo (RoleInfo.java:shutdownLeaderElection(134)) - 0f02d056-2e43-4ca8-8a74-02455479cd36: shutdown LeaderElection
2020-05-13 00:32:42,991 [0f02d056-2e43-4ca8-8a74-02455479cd36@group-4F73FA676FB7-LeaderElection10] INFO  impl.RaftServerImpl (RaftServerImpl.java:setRole(173)) - 0f02d056-2e43-4ca8-8a74-02455479cd36@group-4F73FA676FB7: changes role from CANDIDATE to LEADER at term 1 for changeToLeader
2020-05-13 00:32:42,991 [0f02d056-2e43-4ca8-8a74-02455479cd36@group-4F73FA676FB7-LeaderElection10] INFO  ratis.XceiverServerRatis (XceiverServerRatis.java:handleLeaderChangedNotification(762)) - Leader change notification received for group: group-4F73FA676FB7 with new leaderId: 0f02d056-2e43-4ca8-8a74-02455479cd36
2020-05-13 00:32:42,991 [0f02d056-2e43-4ca8-8a74-02455479cd36@group-4F73FA676FB7-LeaderElection10] INFO  impl.RaftServerImpl (ServerState.java:setLeader(255)) - 0f02d056-2e43-4ca8-8a74-02455479cd36@group-4F73FA676FB7: change Leader from null to 0f02d056-2e43-4ca8-8a74-02455479cd36 at term 1 for becomeLeader, leader elected after 5115ms
2020-05-13 00:32:42,992 [0f02d056-2e43-4ca8-8a74-02455479cd36@group-4F73FA676FB7-LeaderElection10] INFO  server.RaftServerConfigKeys (ConfUtils.java:logGet(44)) - raft.server.staging.catchup.gap = 1000 (default)
2020-05-13 00:32:42,992 [0f02d056-2e43-4ca8-8a74-02455479cd36@group-4F73FA676FB7-LeaderElection10] INFO  server.RaftServerConfigKeys (ConfUtils.java:logGet(44)) - raft.server.rpc.sleep.time = 25ms (default)
2020-05-13 00:32:42,992 [0f02d056-2e43-4ca8-8a74-02455479cd36@group-4F73FA676FB7-LeaderElection10] INFO  metrics.RatisMetrics (RatisMetrics.java:lambda$create$0(39)) - Creating Metrics Registry : ratis.log_appender.0f02d056-2e43-4ca8-8a74-02455479cd36@group-4F73FA676FB7
2020-05-13 00:32:42,992 [0f02d056-2e43-4ca8-8a74-02455479cd36@group-4F73FA676FB7-LeaderElection10] INFO  server.RaftServerConfigKeys (ConfUtils.java:logGet(44)) - raft.server.write.element-limit = 1024 (custom)
2020-05-13 00:32:42,992 [0f02d056-2e43-4ca8-8a74-02455479cd36@group-4F73FA676FB7-LeaderElection10] INFO  server.RaftServerConfigKeys (ConfUtils.java:logGet(44)) - raft.server.write.byte-limit = 1073741824 (custom)
2020-05-13 00:32:42,993 [0f02d056-2e43-4ca8-8a74-02455479cd36@group-4F73FA676FB7-LeaderElection10] INFO  server.RaftServerConfigKeys (ConfUtils.java:logGet(44)) - raft.server.watch.timeout = 180s (custom)
2020-05-13 00:32:42,993 [0f02d056-2e43-4ca8-8a74-02455479cd36@group-4F73FA676FB7-LeaderElection10] INFO  server.RaftServerConfigKeys (ConfUtils.java:logGet(44)) - raft.server.watch.timeout.denomination = 1s (default)
2020-05-13 00:32:42,993 [0f02d056-2e43-4ca8-8a74-02455479cd36@group-4F73FA676FB7-LeaderElection10] INFO  server.RaftServerConfigKeys (ConfUtils.java:logGet(44)) - raft.server.watch.element-limit = 65536 (default)
2020-05-13 00:32:42,993 [0f02d056-2e43-4ca8-8a74-02455479cd36@group-4F73FA676FB7-LeaderElection10] INFO  impl.RoleInfo (RoleInfo.java:updateAndGet(143)) - 0f02d056-2e43-4ca8-8a74-02455479cd36: start LeaderState
2020-05-13 00:32:42,994 [0f02d056-2e43-4ca8-8a74-02455479cd36@group-4F73FA676FB7-LeaderElection10] INFO  segmented.SegmentedRaftLogWorker (SegmentedRaftLogWorker.java:startLogSegment(391)) - 0f02d056-2e43-4ca8-8a74-02455479cd36@group-4F73FA676FB7-SegmentedRaftLogWorker: Starting segment from index:0
2020-05-13 00:32:42,994 [0f02d056-2e43-4ca8-8a74-02455479cd36@group-4F73FA676FB7-LeaderElection10] INFO  impl.RaftServerImpl (ServerState.java:setRaftConf(356)) - 0f02d056-2e43-4ca8-8a74-02455479cd36@group-4F73FA676FB7: set configuration 0: [0f02d056-2e43-4ca8-8a74-02455479cd36:172.17.0.2:39273], old=null at 0
2020-05-13 00:32:42,992 [8580d7eb-3f73-47b2-ba6a-8a0e1abfbb25@group-53ABE10B26CB-LeaderElection8] INFO  grpc.GrpcConfigKeys (ConfUtils.java:logGet(44)) - raft.grpc.server.leader.outstanding.appends.max = 128 (default)
2020-05-13 00:32:42,996 [8580d7eb-3f73-47b2-ba6a-8a0e1abfbb25@group-53ABE10B26CB-LeaderElection8] INFO  server.RaftServerConfigKeys (ConfUtils.java:logGet(44)) - raft.server.rpc.request.timeout = 60s (custom)
2020-05-13 00:32:42,996 [8580d7eb-3f73-47b2-ba6a-8a0e1abfbb25@group-53ABE10B26CB-LeaderElection8] INFO  server.RaftServerConfigKeys (ConfUtils.java:logGet(44)) - raft.server.log.appender.install.snapshot.enabled = false (custom)
2020-05-13 00:32:42,997 [8580d7eb-3f73-47b2-ba6a-8a0e1abfbb25@group-53ABE10B26CB-LeaderElection8] INFO  server.RaftServerConfigKeys (ConfUtils.java:logGet(44)) - raft.server.log.appender.snapshot.chunk.size.max = 16MB (=16777216) (default)
2020-05-13 00:32:42,997 [8580d7eb-3f73-47b2-ba6a-8a0e1abfbb25@group-53ABE10B26CB-LeaderElection8] INFO  server.RaftServerConfigKeys (ConfUtils.java:logGet(44)) - raft.server.log.appender.buffer.byte-limit = 33554432 (custom)
2020-05-13 00:32:42,997 [8580d7eb-3f73-47b2-ba6a-8a0e1abfbb25@group-53ABE10B26CB-LeaderElection8] INFO  server.RaftServerConfigKeys (ConfUtils.java:logGet(44)) - raft.server.log.appender.buffer.element-limit = 1 (custom)
2020-05-13 00:32:42,998 [8580d7eb-3f73-47b2-ba6a-8a0e1abfbb25@group-53ABE10B26CB-LeaderElection8] INFO  grpc.GrpcConfigKeys (ConfUtils.java:logGet(44)) - raft.grpc.server.leader.outstanding.appends.max = 128 (default)
2020-05-13 00:32:42,998 [8580d7eb-3f73-47b2-ba6a-8a0e1abfbb25@group-53ABE10B26CB-LeaderElection8] INFO  server.RaftServerConfigKeys (ConfUtils.java:logGet(44)) - raft.server.rpc.request.timeout = 60s (custom)
2020-05-13 00:32:42,998 [0f02d056-2e43-4ca8-8a74-02455479cd36@group-4F73FA676FB7-SegmentedRaftLogWorker] INFO  segmented.SegmentedRaftLogWorker (SegmentedRaftLogWorker.java:execute(583)) - 0f02d056-2e43-4ca8-8a74-02455479cd36@group-4F73FA676FB7-SegmentedRaftLogWorker: created new log segment /github/workspace/mnt/ozone/hadoop-ozone/integration-test/target/test-dir/MiniOzoneClusterImpl-8fbc82c0-848a-4a6b-a3b9-d4d40c3d4f3a/datanode-5/data/ratis/b4e25ab3-faa5-4c24-9fc8-4f73fa676fb7/current/log_inprogress_0
2020-05-13 00:32:42,998 [8580d7eb-3f73-47b2-ba6a-8a0e1abfbb25@group-53ABE10B26CB-LeaderElection8] INFO  server.RaftServerConfigKeys (ConfUtils.java:logGet(44)) - raft.server.log.appender.install.snapshot.enabled = false (custom)
2020-05-13 00:32:43,002 [279d5905-9172-4de8-95e1-bfc467c5ca26@group-53ABE10B26CB-LeaderElection9] INFO  impl.LeaderElection (LeaderElection.java:askForVotes(206)) - 279d5905-9172-4de8-95e1-bfc467c5ca26@group-53ABE10B26CB-LeaderElection9: begin an election at term 2 for -1: [8580d7eb-3f73-47b2-ba6a-8a0e1abfbb25:172.17.0.2:35053, 0f02d056-2e43-4ca8-8a74-02455479cd36:172.17.0.2:39273, 279d5905-9172-4de8-95e1-bfc467c5ca26:172.17.0.2:33985], old=null
2020-05-13 00:32:43,005 [8580d7eb-3f73-47b2-ba6a-8a0e1abfbb25@group-53ABE10B26CB-LeaderElection8] INFO  impl.RoleInfo (RoleInfo.java:updateAndGet(143)) - 8580d7eb-3f73-47b2-ba6a-8a0e1abfbb25: start LeaderState
2020-05-13 00:32:43,005 [8580d7eb-3f73-47b2-ba6a-8a0e1abfbb25@group-53ABE10B26CB-LeaderElection8] INFO  segmented.SegmentedRaftLogWorker (SegmentedRaftLogWorker.java:startLogSegment(391)) - 8580d7eb-3f73-47b2-ba6a-8a0e1abfbb25@group-53ABE10B26CB-SegmentedRaftLogWorker: Starting segment from index:0
2020-05-13 00:32:43,008 [279d5905-9172-4de8-95e1-bfc467c5ca26@group-53ABE10B26CB-LeaderElection9] INFO  impl.LeaderElection (LeaderElection.java:logAndReturn(61)) - 279d5905-9172-4de8-95e1-bfc467c5ca26@group-53ABE10B26CB-LeaderElection9: Election REJECTED; received 0 response(s) [] and 0 exception(s); 279d5905-9172-4de8-95e1-bfc467c5ca26@group-53ABE10B26CB:t2, leader=null, voted=279d5905-9172-4de8-95e1-bfc467c5ca26, raftlog=279d5905-9172-4de8-95e1-bfc467c5ca26@group-53ABE10B26CB-SegmentedRaftLog:OPENED:c-1,f-1,i0, conf=-1: [8580d7eb-3f73-47b2-ba6a-8a0e1abfbb25:172.17.0.2:35053, 0f02d056-2e43-4ca8-8a74-02455479cd36:172.17.0.2:39273, 279d5905-9172-4de8-95e1-bfc467c5ca26:172.17.0.2:33985], old=null
2020-05-13 00:32:43,017 [8580d7eb-3f73-47b2-ba6a-8a0e1abfbb25@group-53ABE10B26CB-SegmentedRaftLogWorker] INFO  segmented.SegmentedRaftLogWorker (SegmentedRaftLogWorker.java:execute(583)) - 8580d7eb-3f73-47b2-ba6a-8a0e1abfbb25@group-53ABE10B26CB-SegmentedRaftLogWorker: created new log segment /github/workspace/mnt/ozone/hadoop-ozone/integration-test/target/test-dir/MiniOzoneClusterImpl-8fbc82c0-848a-4a6b-a3b9-d4d40c3d4f3a/datanode-3/data/ratis/328a1ccd-80b7-4f8b-9c32-53abe10b26cb/current/log_inprogress_0
2020-05-13 00:32:43,021 [8580d7eb-3f73-47b2-ba6a-8a0e1abfbb25@group-53ABE10B26CB-LeaderElection8] INFO  impl.RaftServerImpl (ServerState.java:setRaftConf(356)) - 8580d7eb-3f73-47b2-ba6a-8a0e1abfbb25@group-53ABE10B26CB: set configuration 0: [8580d7eb-3f73-47b2-ba6a-8a0e1abfbb25:172.17.0.2:35053, 0f02d056-2e43-4ca8-8a74-02455479cd36:172.17.0.2:39273, 279d5905-9172-4de8-95e1-bfc467c5ca26:172.17.0.2:33985], old=null at 0
2020-05-13 00:32:43,049 [grpc-default-executor-7] INFO  impl.RaftServerImpl (ServerState.java:setRaftConf(356)) - 87621b82-bda1-44b5-81fb-df8516e176d4@group-D55735449BBD: set configuration 0: [87621b82-bda1-44b5-81fb-df8516e176d4:172.17.0.2:38053, cb2e6cf5-1539-404c-9960-dadd65825157:172.17.0.2:36479, 92222e62-7016-4f3c-a2fb-dba5b630f443:172.17.0.2:44117], old=null at 0
2020-05-13 00:32:43,050 [grpc-default-executor-7] INFO  segmented.SegmentedRaftLogWorker (SegmentedRaftLogWorker.java:startLogSegment(391)) - 87621b82-bda1-44b5-81fb-df8516e176d4@group-D55735449BBD-SegmentedRaftLogWorker: Starting segment from index:0
2020-05-13 00:32:43,051 [grpc-default-executor-5] INFO  impl.RaftServerImpl (ServerState.java:setRaftConf(356)) - cb2e6cf5-1539-404c-9960-dadd65825157@group-D55735449BBD: set configuration 0: [87621b82-bda1-44b5-81fb-df8516e176d4:172.17.0.2:38053, cb2e6cf5-1539-404c-9960-dadd65825157:172.17.0.2:36479, 92222e62-7016-4f3c-a2fb-dba5b630f443:172.17.0.2:44117], old=null at 0
2020-05-13 00:32:43,051 [grpc-default-executor-5] INFO  segmented.SegmentedRaftLogWorker (SegmentedRaftLogWorker.java:startLogSegment(391)) - cb2e6cf5-1539-404c-9960-dadd65825157@group-D55735449BBD-SegmentedRaftLogWorker: Starting segment from index:0
2020-05-13 00:32:43,052 [87621b82-bda1-44b5-81fb-df8516e176d4@group-D55735449BBD-SegmentedRaftLogWorker] INFO  segmented.SegmentedRaftLogWorker (SegmentedRaftLogWorker.java:execute(583)) - 87621b82-bda1-44b5-81fb-df8516e176d4@group-D55735449BBD-SegmentedRaftLogWorker: created new log segment /github/workspace/mnt/ozone/hadoop-ozone/integration-test/target/test-dir/MiniOzoneClusterImpl-8fbc82c0-848a-4a6b-a3b9-d4d40c3d4f3a/datanode-2/data/ratis/c91c0f70-2bce-4579-9346-d55735449bbd/current/log_inprogress_0
2020-05-13 00:32:43,057 [cb2e6cf5-1539-404c-9960-dadd65825157@group-D55735449BBD-SegmentedRaftLogWorker] INFO  segmented.SegmentedRaftLogWorker (SegmentedRaftLogWorker.java:execute(583)) - cb2e6cf5-1539-404c-9960-dadd65825157@group-D55735449BBD-SegmentedRaftLogWorker: created new log segment /github/workspace/mnt/ozone/hadoop-ozone/integration-test/target/test-dir/MiniOzoneClusterImpl-8fbc82c0-848a-4a6b-a3b9-d4d40c3d4f3a/datanode-0/data/ratis/c91c0f70-2bce-4579-9346-d55735449bbd/current/log_inprogress_0
2020-05-13 00:32:43,061 [grpc-default-executor-7] INFO  impl.RaftServerImpl (ServerState.java:setLeader(255)) - 8580d7eb-3f73-47b2-ba6a-8a0e1abfbb25@group-53ABE10B26CB: change Leader from 8580d7eb-3f73-47b2-ba6a-8a0e1abfbb25 to null at term 2 for updateCurrentTerm
2020-05-13 00:32:43,061 [grpc-default-executor-7] INFO  impl.RaftServerImpl (RaftServerImpl.java:setRole(173)) - 8580d7eb-3f73-47b2-ba6a-8a0e1abfbb25@group-53ABE10B26CB: changes role from    LEADER to FOLLOWER at term 2 for recognizeCandidate:279d5905-9172-4de8-95e1-bfc467c5ca26
2020-05-13 00:32:43,061 [grpc-default-executor-7] INFO  impl.RoleInfo (RoleInfo.java:shutdownLeaderState(104)) - 8580d7eb-3f73-47b2-ba6a-8a0e1abfbb25: shutdown LeaderState
2020-05-13 00:32:43,066 [org.apache.ratis.server.impl.LogAppender$AppenderDaemon$$Lambda$444/1498748345@3457e4ae] WARN  server.GrpcLogAppender (GrpcLogAppender.java:mayWait(153)) - 8580d7eb-3f73-47b2-ba6a-8a0e1abfbb25@group-53ABE10B26CB->0f02d056-2e43-4ca8-8a74-02455479cd36-GrpcLogAppender: Wait interrupted by java.lang.InterruptedException
2020-05-13 00:32:43,067 [grpc-default-executor-7] INFO  impl.PendingRequests (PendingRequests.java:sendNotLeaderResponses(242)) - 8580d7eb-3f73-47b2-ba6a-8a0e1abfbb25@group-53ABE10B26CB-PendingRequests: sendNotLeaderResponses
2020-05-13 00:32:43,068 [grpc-default-executor-7] INFO  metrics.RatisMetrics (RatisMetrics.java:unregister(46)) - Unregistering Metrics Registry : ratis.log_appender.8580d7eb-3f73-47b2-ba6a-8a0e1abfbb25@group-53ABE10B26CB
2020-05-13 00:32:43,069 [grpc-default-executor-8] INFO  impl.RaftServerImpl (RaftServerImpl.java:setRole(173)) - 0f02d056-2e43-4ca8-8a74-02455479cd36@group-53ABE10B26CB: changes role from  FOLLOWER to FOLLOWER at term 2 for recognizeCandidate:279d5905-9172-4de8-95e1-bfc467c5ca26
2020-05-13 00:32:43,069 [grpc-default-executor-8] INFO  impl.RoleInfo (RoleInfo.java:shutdownFollowerState(121)) - 0f02d056-2e43-4ca8-8a74-02455479cd36: shutdown FollowerState
2020-05-13 00:32:43,070 [grpc-default-executor-8] INFO  impl.RoleInfo (RoleInfo.java:updateAndGet(143)) - 0f02d056-2e43-4ca8-8a74-02455479cd36: start FollowerState
2020-05-13 00:32:43,070 [Thread-348] INFO  impl.FollowerState (FollowerState.java:run(117)) - 0f02d056-2e43-4ca8-8a74-02455479cd36@group-53ABE10B26CB-FollowerState was interrupted: java.lang.InterruptedException: sleep interrupted
2020-05-13 00:32:43,072 [grpc-default-executor-7] INFO  impl.RoleInfo (RoleInfo.java:updateAndGet(143)) - 8580d7eb-3f73-47b2-ba6a-8a0e1abfbb25: start FollowerState
2020-05-13 00:32:43,084 [Thread-296] INFO  impl.FollowerState (FollowerState.java:run(108)) - b80dc765-6609-46b8-8f0c-c9fb709f505e@group-8093A45F1341-FollowerState: change to CANDIDATE, lastRpcTime:5009ms, electionTimeout:5006ms
2020-05-13 00:32:43,085 [Thread-296] INFO  impl.RoleInfo (RoleInfo.java:shutdownFollowerState(121)) - b80dc765-6609-46b8-8f0c-c9fb709f505e: shutdown FollowerState
2020-05-13 00:32:43,085 [Thread-296] INFO  impl.RaftServerImpl (RaftServerImpl.java:setRole(173)) - b80dc765-6609-46b8-8f0c-c9fb709f505e@group-8093A45F1341: changes role from  FOLLOWER to CANDIDATE at term 0 for changeToCandidate
2020-05-13 00:32:43,085 [Thread-296] INFO  impl.RoleInfo (RoleInfo.java:updateAndGet(143)) - b80dc765-6609-46b8-8f0c-c9fb709f505e: start LeaderElection
2020-05-13 00:32:43,072 [org.apache.ratis.server.impl.LogAppender$AppenderDaemon$$Lambda$444/1498748345@4c85c932] WARN  server.GrpcLogAppender (GrpcLogAppender.java:mayWait(153)) - 8580d7eb-3f73-47b2-ba6a-8a0e1abfbb25@group-53ABE10B26CB->279d5905-9172-4de8-95e1-bfc467c5ca26-GrpcLogAppender: Wait interrupted by java.lang.InterruptedException
2020-05-13 00:32:43,097 [grpc-default-executor-0] INFO  server.GrpcServerProtocolService (GrpcServerProtocolService.java:onCompleted(137)) - 0f02d056-2e43-4ca8-8a74-02455479cd36: Completed APPEND_ENTRIES, lastRequest: 8580d7eb-3f73-47b2-ba6a-8a0e1abfbb25->0f02d056-2e43-4ca8-8a74-02455479cd36#1-t1, previous=(t:0, i:0), leaderCommit=-1, initializing? false, entries: size=1, first=(t:1, i:0), CONFIGURATIONENTRY
2020-05-13 00:32:43,103 [grpc-default-executor-5] INFO  server.GrpcLogAppender (GrpcLogAppender.java:onCompleted(309)) - 8580d7eb-3f73-47b2-ba6a-8a0e1abfbb25@group-53ABE10B26CB->0f02d056-2e43-4ca8-8a74-02455479cd36-AppendLogResponseHandler: follower responses appendEntries COMPLETED
2020-05-13 00:32:43,104 [grpc-default-executor-7] INFO  server.GrpcServerProtocolService (GrpcServerProtocolService.java:onCompleted(137)) - 279d5905-9172-4de8-95e1-bfc467c5ca26: Completed APPEND_ENTRIES, lastRequest: 8580d7eb-3f73-47b2-ba6a-8a0e1abfbb25->279d5905-9172-4de8-95e1-bfc467c5ca26#1-t1, previous=(t:0, i:0), leaderCommit=0, initializing? false, entries: size=1, first=(t:1, i:0), CONFIGURATIONENTRY
2020-05-13 00:32:43,111 [grpc-default-executor-0] INFO  server.GrpcLogAppender (GrpcLogAppender.java:onCompleted(309)) - 8580d7eb-3f73-47b2-ba6a-8a0e1abfbb25@group-53ABE10B26CB->279d5905-9172-4de8-95e1-bfc467c5ca26-AppendLogResponseHandler: follower responses appendEntries COMPLETED
2020-05-13 00:32:43,112 [b80dc765-6609-46b8-8f0c-c9fb709f505e@group-8093A45F1341-LeaderElection11] INFO  impl.LeaderElection (LeaderElection.java:askForVotes(206)) - b80dc765-6609-46b8-8f0c-c9fb709f505e@group-8093A45F1341-LeaderElection11: begin an election at term 1 for -1: [b80dc765-6609-46b8-8f0c-c9fb709f505e:172.17.0.2:42811], old=null
2020-05-13 00:32:43,113 [b80dc765-6609-46b8-8f0c-c9fb709f505e@group-8093A45F1341-LeaderElection11] INFO  impl.RoleInfo (RoleInfo.java:shutdownLeaderElection(134)) - b80dc765-6609-46b8-8f0c-c9fb709f505e: shutdown LeaderElection
2020-05-13 00:32:43,113 [b80dc765-6609-46b8-8f0c-c9fb709f505e@group-8093A45F1341-LeaderElection11] INFO  impl.RaftServerImpl (RaftServerImpl.java:setRole(173)) - b80dc765-6609-46b8-8f0c-c9fb709f505e@group-8093A45F1341: changes role from CANDIDATE to LEADER at term 1 for changeToLeader
2020-05-13 00:32:43,116 [grpc-default-executor-5] INFO  impl.FollowerInfo (FollowerInfo.java:lambda$new$0(50)) - 8580d7eb-3f73-47b2-ba6a-8a0e1abfbb25@group-53ABE10B26CB->0f02d056-2e43-4ca8-8a74-02455479cd36: nextIndex: updateUnconditionally 1 -> 0
2020-05-13 00:32:43,115 [grpc-default-executor-0] INFO  impl.FollowerInfo (FollowerInfo.java:lambda$new$0(50)) - 8580d7eb-3f73-47b2-ba6a-8a0e1abfbb25@group-53ABE10B26CB->279d5905-9172-4de8-95e1-bfc467c5ca26: nextIndex: updateUnconditionally 1 -> 0
2020-05-13 00:32:43,116 [b80dc765-6609-46b8-8f0c-c9fb709f505e@group-8093A45F1341-LeaderElection11] INFO  ratis.XceiverServerRatis (XceiverServerRatis.java:handleLeaderChangedNotification(762)) - Leader change notification received for group: group-8093A45F1341 with new leaderId: b80dc765-6609-46b8-8f0c-c9fb709f505e
2020-05-13 00:32:43,117 [b80dc765-6609-46b8-8f0c-c9fb709f505e@group-8093A45F1341-LeaderElection11] INFO  impl.RaftServerImpl (ServerState.java:setLeader(255)) - b80dc765-6609-46b8-8f0c-c9fb709f505e@group-8093A45F1341: change Leader from null to b80dc765-6609-46b8-8f0c-c9fb709f505e at term 1 for becomeLeader, leader elected after 5066ms
2020-05-13 00:32:43,119 [b80dc765-6609-46b8-8f0c-c9fb709f505e@group-8093A45F1341-LeaderElection11] INFO  server.RaftServerConfigKeys (ConfUtils.java:logGet(44)) - raft.server.staging.catchup.gap = 1000 (default)
2020-05-13 00:32:43,119 [b80dc765-6609-46b8-8f0c-c9fb709f505e@group-8093A45F1341-LeaderElection11] INFO  server.RaftServerConfigKeys (ConfUtils.java:logGet(44)) - raft.server.rpc.sleep.time = 25ms (default)
2020-05-13 00:32:43,119 [b80dc765-6609-46b8-8f0c-c9fb709f505e@group-8093A45F1341-LeaderElection11] INFO  metrics.RatisMetrics (RatisMetrics.java:lambda$create$0(39)) - Creating Metrics Registry : ratis.log_appender.b80dc765-6609-46b8-8f0c-c9fb709f505e@group-8093A45F1341
2020-05-13 00:32:43,119 [b80dc765-6609-46b8-8f0c-c9fb709f505e@group-8093A45F1341-LeaderElection11] INFO  server.RaftServerConfigKeys (ConfUtils.java:logGet(44)) - raft.server.write.element-limit = 1024 (custom)
2020-05-13 00:32:43,119 [b80dc765-6609-46b8-8f0c-c9fb709f505e@group-8093A45F1341-LeaderElection11] INFO  server.RaftServerConfigKeys (ConfUtils.java:logGet(44)) - raft.server.write.byte-limit = 1073741824 (custom)
2020-05-13 00:32:43,120 [b80dc765-6609-46b8-8f0c-c9fb709f505e@group-8093A45F1341-LeaderElection11] INFO  server.RaftServerConfigKeys (ConfUtils.java:logGet(44)) - raft.server.watch.timeout = 180s (custom)
2020-05-13 00:32:43,120 [b80dc765-6609-46b8-8f0c-c9fb709f505e@group-8093A45F1341-LeaderElection11] INFO  server.RaftServerConfigKeys (ConfUtils.java:logGet(44)) - raft.server.watch.timeout.denomination = 1s (default)
2020-05-13 00:32:43,120 [b80dc765-6609-46b8-8f0c-c9fb709f505e@group-8093A45F1341-LeaderElection11] INFO  server.RaftServerConfigKeys (ConfUtils.java:logGet(44)) - raft.server.watch.element-limit = 65536 (default)
2020-05-13 00:32:43,120 [b80dc765-6609-46b8-8f0c-c9fb709f505e@group-8093A45F1341-LeaderElection11] INFO  impl.RoleInfo (RoleInfo.java:updateAndGet(143)) - b80dc765-6609-46b8-8f0c-c9fb709f505e: start LeaderState
2020-05-13 00:32:43,120 [b80dc765-6609-46b8-8f0c-c9fb709f505e@group-8093A45F1341-LeaderElection11] INFO  segmented.SegmentedRaftLogWorker (SegmentedRaftLogWorker.java:startLogSegment(391)) - b80dc765-6609-46b8-8f0c-c9fb709f505e@group-8093A45F1341-SegmentedRaftLogWorker: Starting segment from index:0
2020-05-13 00:32:43,122 [b80dc765-6609-46b8-8f0c-c9fb709f505e@group-8093A45F1341-SegmentedRaftLogWorker] INFO  segmented.SegmentedRaftLogWorker (SegmentedRaftLogWorker.java:execute(583)) - b80dc765-6609-46b8-8f0c-c9fb709f505e@group-8093A45F1341-SegmentedRaftLogWorker: created new log segment /github/workspace/mnt/ozone/hadoop-ozone/integration-test/target/test-dir/MiniOzoneClusterImpl-8fbc82c0-848a-4a6b-a3b9-d4d40c3d4f3a/datanode-7/data/ratis/8011f20e-34b1-4b4f-ae28-8093a45f1341/current/log_inprogress_0
2020-05-13 00:32:43,122 [b80dc765-6609-46b8-8f0c-c9fb709f505e@group-8093A45F1341-LeaderElection11] INFO  impl.RaftServerImpl (ServerState.java:setRaftConf(356)) - b80dc765-6609-46b8-8f0c-c9fb709f505e@group-8093A45F1341: set configuration 0: [b80dc765-6609-46b8-8f0c-c9fb709f505e:172.17.0.2:42811], old=null at 0
2020-05-13 00:32:43,183 [Thread-292] INFO  impl.FollowerState (FollowerState.java:run(108)) - 2380d29a-22e4-4b39-a16b-1ae19cff0813@group-80AD8CE85BF8-FollowerState: change to CANDIDATE, lastRpcTime:5169ms, electionTimeout:5168ms
2020-05-13 00:32:43,184 [Thread-292] INFO  impl.RoleInfo (RoleInfo.java:shutdownFollowerState(121)) - 2380d29a-22e4-4b39-a16b-1ae19cff0813: shutdown FollowerState
2020-05-13 00:32:43,184 [Thread-292] INFO  impl.RaftServerImpl (RaftServerImpl.java:setRole(173)) - 2380d29a-22e4-4b39-a16b-1ae19cff0813@group-80AD8CE85BF8: changes role from  FOLLOWER to CANDIDATE at term 0 for changeToCandidate
2020-05-13 00:32:43,184 [Thread-292] INFO  impl.RoleInfo (RoleInfo.java:updateAndGet(143)) - 2380d29a-22e4-4b39-a16b-1ae19cff0813: start LeaderElection
2020-05-13 00:32:43,185 [Thread-298] INFO  impl.FollowerState (FollowerState.java:run(108)) - b80dc765-6609-46b8-8f0c-c9fb709f505e@group-9D07D1DC6D57-FollowerState: change to CANDIDATE, lastRpcTime:5076ms, electionTimeout:5068ms
2020-05-13 00:32:43,186 [Thread-298] INFO  impl.RoleInfo (RoleInfo.java:shutdownFollowerState(121)) - b80dc765-6609-46b8-8f0c-c9fb709f505e: shutdown FollowerState
2020-05-13 00:32:43,186 [Thread-298] INFO  impl.RaftServerImpl (RaftServerImpl.java:setRole(173)) - b80dc765-6609-46b8-8f0c-c9fb709f505e@group-9D07D1DC6D57: changes role from  FOLLOWER to CANDIDATE at term 0 for changeToCandidate
2020-05-13 00:32:43,186 [Thread-298] INFO  impl.RoleInfo (RoleInfo.java:updateAndGet(143)) - b80dc765-6609-46b8-8f0c-c9fb709f505e: start LeaderElection
2020-05-13 00:32:43,190 [2380d29a-22e4-4b39-a16b-1ae19cff0813@group-80AD8CE85BF8-LeaderElection12] INFO  impl.LeaderElection (LeaderElection.java:askForVotes(206)) - 2380d29a-22e4-4b39-a16b-1ae19cff0813@group-80AD8CE85BF8-LeaderElection12: begin an election at term 1 for -1: [2380d29a-22e4-4b39-a16b-1ae19cff0813:172.17.0.2:39651], old=null
2020-05-13 00:32:43,190 [2380d29a-22e4-4b39-a16b-1ae19cff0813@group-80AD8CE85BF8-LeaderElection12] INFO  impl.RoleInfo (RoleInfo.java:shutdownLeaderElection(134)) - 2380d29a-22e4-4b39-a16b-1ae19cff0813: shutdown LeaderElection
2020-05-13 00:32:43,190 [2380d29a-22e4-4b39-a16b-1ae19cff0813@group-80AD8CE85BF8-LeaderElection12] INFO  impl.RaftServerImpl (RaftServerImpl.java:setRole(173)) - 2380d29a-22e4-4b39-a16b-1ae19cff0813@group-80AD8CE85BF8: changes role from CANDIDATE to LEADER at term 1 for changeToLeader
2020-05-13 00:32:43,190 [2380d29a-22e4-4b39-a16b-1ae19cff0813@group-80AD8CE85BF8-LeaderElection12] INFO  ratis.XceiverServerRatis (XceiverServerRatis.java:handleLeaderChangedNotification(762)) - Leader change notification received for group: group-80AD8CE85BF8 with new leaderId: 2380d29a-22e4-4b39-a16b-1ae19cff0813
2020-05-13 00:32:43,190 [2380d29a-22e4-4b39-a16b-1ae19cff0813@group-80AD8CE85BF8-LeaderElection12] INFO  impl.RaftServerImpl (ServerState.java:setLeader(255)) - 2380d29a-22e4-4b39-a16b-1ae19cff0813@group-80AD8CE85BF8: change Leader from null to 2380d29a-22e4-4b39-a16b-1ae19cff0813 at term 1 for becomeLeader, leader elected after 5204ms
2020-05-13 00:32:43,193 [2380d29a-22e4-4b39-a16b-1ae19cff0813@group-80AD8CE85BF8-LeaderElection12] INFO  server.RaftServerConfigKeys (ConfUtils.java:logGet(44)) - raft.server.staging.catchup.gap = 1000 (default)
2020-05-13 00:32:43,193 [2380d29a-22e4-4b39-a16b-1ae19cff0813@group-80AD8CE85BF8-LeaderElection12] INFO  server.RaftServerConfigKeys (ConfUtils.java:logGet(44)) - raft.server.rpc.sleep.time = 25ms (default)
2020-05-13 00:32:43,193 [2380d29a-22e4-4b39-a16b-1ae19cff0813@group-80AD8CE85BF8-LeaderElection12] INFO  metrics.RatisMetrics (RatisMetrics.java:lambda$create$0(39)) - Creating Metrics Registry : ratis.log_appender.2380d29a-22e4-4b39-a16b-1ae19cff0813@group-80AD8CE85BF8
2020-05-13 00:32:43,193 [2380d29a-22e4-4b39-a16b-1ae19cff0813@group-80AD8CE85BF8-LeaderElection12] INFO  server.RaftServerConfigKeys (ConfUtils.java:logGet(44)) - raft.server.write.element-limit = 1024 (custom)
2020-05-13 00:32:43,193 [b80dc765-6609-46b8-8f0c-c9fb709f505e@group-9D07D1DC6D57-LeaderElection13] INFO  impl.LeaderElection (LeaderElection.java:askForVotes(206)) - b80dc765-6609-46b8-8f0c-c9fb709f505e@group-9D07D1DC6D57-LeaderElection13: begin an election at term 1 for -1: [f85d3cf5-704f-45fa-88f2-bd2911f2529e:172.17.0.2:33103, b80dc765-6609-46b8-8f0c-c9fb709f505e:172.17.0.2:42811, 2380d29a-22e4-4b39-a16b-1ae19cff0813:172.17.0.2:39651], old=null
2020-05-13 00:32:43,193 [2380d29a-22e4-4b39-a16b-1ae19cff0813@group-80AD8CE85BF8-LeaderElection12] INFO  server.RaftServerConfigKeys (ConfUtils.java:logGet(44)) - raft.server.write.byte-limit = 1073741824 (custom)
2020-05-13 00:32:43,195 [2380d29a-22e4-4b39-a16b-1ae19cff0813@group-80AD8CE85BF8-LeaderElection12] INFO  server.RaftServerConfigKeys (ConfUtils.java:logGet(44)) - raft.server.watch.timeout = 180s (custom)
2020-05-13 00:32:43,195 [2380d29a-22e4-4b39-a16b-1ae19cff0813@group-80AD8CE85BF8-LeaderElection12] INFO  server.RaftServerConfigKeys (ConfUtils.java:logGet(44)) - raft.server.watch.timeout.denomination = 1s (default)
2020-05-13 00:32:43,198 [2380d29a-22e4-4b39-a16b-1ae19cff0813@group-80AD8CE85BF8-LeaderElection12] INFO  server.RaftServerConfigKeys (ConfUtils.java:logGet(44)) - raft.server.watch.element-limit = 65536 (default)
2020-05-13 00:32:43,198 [2380d29a-22e4-4b39-a16b-1ae19cff0813@group-80AD8CE85BF8-LeaderElection12] INFO  impl.RoleInfo (RoleInfo.java:updateAndGet(143)) - 2380d29a-22e4-4b39-a16b-1ae19cff0813: start LeaderState
2020-05-13 00:32:43,198 [2380d29a-22e4-4b39-a16b-1ae19cff0813@group-80AD8CE85BF8-LeaderElection12] INFO  segmented.SegmentedRaftLogWorker (SegmentedRaftLogWorker.java:startLogSegment(391)) - 2380d29a-22e4-4b39-a16b-1ae19cff0813@group-80AD8CE85BF8-SegmentedRaftLogWorker: Starting segment from index:0
2020-05-13 00:32:43,200 [2380d29a-22e4-4b39-a16b-1ae19cff0813@group-80AD8CE85BF8-SegmentedRaftLogWorker] INFO  segmented.SegmentedRaftLogWorker (SegmentedRaftLogWorker.java:execute(583)) - 2380d29a-22e4-4b39-a16b-1ae19cff0813@group-80AD8CE85BF8-SegmentedRaftLogWorker: created new log segment /github/workspace/mnt/ozone/hadoop-ozone/integration-test/target/test-dir/MiniOzoneClusterImpl-8fbc82c0-848a-4a6b-a3b9-d4d40c3d4f3a/datanode-6/data/ratis/f9ce1ca2-12f1-4875-9582-80ad8ce85bf8/current/log_inprogress_0
2020-05-13 00:32:43,208 [Thread-294] INFO  impl.FollowerState (FollowerState.java:run(108)) - 2380d29a-22e4-4b39-a16b-1ae19cff0813@group-9D07D1DC6D57-FollowerState: change to CANDIDATE, lastRpcTime:5169ms, electionTimeout:5149ms
2020-05-13 00:32:43,208 [Thread-294] INFO  impl.RoleInfo (RoleInfo.java:shutdownFollowerState(121)) - 2380d29a-22e4-4b39-a16b-1ae19cff0813: shutdown FollowerState
2020-05-13 00:32:43,209 [Thread-294] INFO  impl.RaftServerImpl (RaftServerImpl.java:setRole(173)) - 2380d29a-22e4-4b39-a16b-1ae19cff0813@group-9D07D1DC6D57: changes role from  FOLLOWER to CANDIDATE at term 0 for changeToCandidate
2020-05-13 00:32:43,209 [2380d29a-22e4-4b39-a16b-1ae19cff0813@group-80AD8CE85BF8-LeaderElection12] INFO  impl.RaftServerImpl (ServerState.java:setRaftConf(356)) - 2380d29a-22e4-4b39-a16b-1ae19cff0813@group-80AD8CE85BF8: set configuration 0: [2380d29a-22e4-4b39-a16b-1ae19cff0813:172.17.0.2:39651], old=null at 0
2020-05-13 00:32:43,209 [Thread-294] INFO  impl.RoleInfo (RoleInfo.java:updateAndGet(143)) - 2380d29a-22e4-4b39-a16b-1ae19cff0813: start LeaderElection
2020-05-13 00:32:43,220 [grpc-default-executor-5] INFO  impl.RaftServerImpl (RaftServerImpl.java:setRole(173)) - f85d3cf5-704f-45fa-88f2-bd2911f2529e@group-9D07D1DC6D57: changes role from  FOLLOWER to FOLLOWER at term 1 for recognizeCandidate:b80dc765-6609-46b8-8f0c-c9fb709f505e
2020-05-13 00:32:43,220 [grpc-default-executor-5] INFO  impl.RoleInfo (RoleInfo.java:shutdownFollowerState(121)) - f85d3cf5-704f-45fa-88f2-bd2911f2529e: shutdown FollowerState
2020-05-13 00:32:43,220 [grpc-default-executor-5] INFO  impl.RoleInfo (RoleInfo.java:updateAndGet(143)) - f85d3cf5-704f-45fa-88f2-bd2911f2529e: start FollowerState
2020-05-13 00:32:43,220 [Thread-302] INFO  impl.FollowerState (FollowerState.java:run(117)) - f85d3cf5-704f-45fa-88f2-bd2911f2529e@group-9D07D1DC6D57-FollowerState was interrupted: java.lang.InterruptedException: sleep interrupted
2020-05-13 00:32:43,233 [b80dc765-6609-46b8-8f0c-c9fb709f505e@group-9D07D1DC6D57-LeaderElection13] INFO  impl.LeaderElection (LeaderElection.java:logAndReturn(61)) - b80dc765-6609-46b8-8f0c-c9fb709f505e@group-9D07D1DC6D57-LeaderElection13: Election PASSED; received 1 response(s) [b80dc765-6609-46b8-8f0c-c9fb709f505e<-f85d3cf5-704f-45fa-88f2-bd2911f2529e#0:OK-t1] and 0 exception(s); b80dc765-6609-46b8-8f0c-c9fb709f505e@group-9D07D1DC6D57:t1, leader=null, voted=b80dc765-6609-46b8-8f0c-c9fb709f505e, raftlog=b80dc765-6609-46b8-8f0c-c9fb709f505e@group-9D07D1DC6D57-SegmentedRaftLog:OPENED:c-1,f-1,i0, conf=-1: [f85d3cf5-704f-45fa-88f2-bd2911f2529e:172.17.0.2:33103, b80dc765-6609-46b8-8f0c-c9fb709f505e:172.17.0.2:42811, 2380d29a-22e4-4b39-a16b-1ae19cff0813:172.17.0.2:39651], old=null
2020-05-13 00:32:43,233 [b80dc765-6609-46b8-8f0c-c9fb709f505e@group-9D07D1DC6D57-LeaderElection13] INFO  impl.RoleInfo (RoleInfo.java:shutdownLeaderElection(134)) - b80dc765-6609-46b8-8f0c-c9fb709f505e: shutdown LeaderElection
2020-05-13 00:32:43,233 [b80dc765-6609-46b8-8f0c-c9fb709f505e@group-9D07D1DC6D57-LeaderElection13] INFO  impl.RaftServerImpl (RaftServerImpl.java:setRole(173)) - b80dc765-6609-46b8-8f0c-c9fb709f505e@group-9D07D1DC6D57: changes role from CANDIDATE to LEADER at term 1 for changeToLeader
2020-05-13 00:32:43,233 [b80dc765-6609-46b8-8f0c-c9fb709f505e@group-9D07D1DC6D57-LeaderElection13] INFO  ratis.XceiverServerRatis (XceiverServerRatis.java:handleLeaderChangedNotification(762)) - Leader change notification received for group: group-9D07D1DC6D57 with new leaderId: b80dc765-6609-46b8-8f0c-c9fb709f505e
2020-05-13 00:32:43,233 [b80dc765-6609-46b8-8f0c-c9fb709f505e@group-9D07D1DC6D57-LeaderElection13] INFO  impl.RaftServerImpl (ServerState.java:setLeader(255)) - b80dc765-6609-46b8-8f0c-c9fb709f505e@group-9D07D1DC6D57: change Leader from null to b80dc765-6609-46b8-8f0c-c9fb709f505e at term 1 for becomeLeader, leader elected after 5135ms
2020-05-13 00:32:43,233 [b80dc765-6609-46b8-8f0c-c9fb709f505e@group-9D07D1DC6D57-LeaderElection13] INFO  server.RaftServerConfigKeys (ConfUtils.java:logGet(44)) - raft.server.staging.catchup.gap = 1000 (default)
2020-05-13 00:32:43,233 [b80dc765-6609-46b8-8f0c-c9fb709f505e@group-9D07D1DC6D57-LeaderElection13] INFO  server.RaftServerConfigKeys (ConfUtils.java:logGet(44)) - raft.server.rpc.sleep.time = 25ms (default)
2020-05-13 00:32:43,233 [b80dc765-6609-46b8-8f0c-c9fb709f505e@group-9D07D1DC6D57-LeaderElection13] INFO  metrics.RatisMetrics (RatisMetrics.java:lambda$create$0(39)) - Creating Metrics Registry : ratis.log_appender.b80dc765-6609-46b8-8f0c-c9fb709f505e@group-9D07D1DC6D57
2020-05-13 00:32:43,233 [b80dc765-6609-46b8-8f0c-c9fb709f505e@group-9D07D1DC6D57-LeaderElection13] INFO  server.RaftServerConfigKeys (ConfUtils.java:logGet(44)) - raft.server.write.element-limit = 1024 (custom)
2020-05-13 00:32:43,233 [b80dc765-6609-46b8-8f0c-c9fb709f505e@group-9D07D1DC6D57-LeaderElection13] INFO  server.RaftServerConfigKeys (ConfUtils.java:logGet(44)) - raft.server.write.byte-limit = 1073741824 (custom)
2020-05-13 00:32:43,234 [b80dc765-6609-46b8-8f0c-c9fb709f505e@group-9D07D1DC6D57-LeaderElection13] INFO  server.RaftServerConfigKeys (ConfUtils.java:logGet(44)) - raft.server.watch.timeout = 180s (custom)
2020-05-13 00:32:43,234 [b80dc765-6609-46b8-8f0c-c9fb709f505e@group-9D07D1DC6D57-LeaderElection13] INFO  server.RaftServerConfigKeys (ConfUtils.java:logGet(44)) - raft.server.watch.timeout.denomination = 1s (default)
2020-05-13 00:32:43,234 [b80dc765-6609-46b8-8f0c-c9fb709f505e@group-9D07D1DC6D57-LeaderElection13] INFO  server.RaftServerConfigKeys (ConfUtils.java:logGet(44)) - raft.server.watch.element-limit = 65536 (default)
2020-05-13 00:32:43,234 [b80dc765-6609-46b8-8f0c-c9fb709f505e@group-9D07D1DC6D57-LeaderElection13] INFO  server.RaftServerConfigKeys (ConfUtils.java:logGet(44)) - raft.server.log.appender.snapshot.chunk.size.max = 16MB (=16777216) (default)
2020-05-13 00:32:43,234 [b80dc765-6609-46b8-8f0c-c9fb709f505e@group-9D07D1DC6D57-LeaderElection13] INFO  server.RaftServerConfigKeys (ConfUtils.java:logGet(44)) - raft.server.log.appender.buffer.byte-limit = 33554432 (custom)
2020-05-13 00:32:43,234 [b80dc765-6609-46b8-8f0c-c9fb709f505e@group-9D07D1DC6D57-LeaderElection13] INFO  server.RaftServerConfigKeys (ConfUtils.java:logGet(44)) - raft.server.log.appender.buffer.element-limit = 1 (custom)
2020-05-13 00:32:43,234 [b80dc765-6609-46b8-8f0c-c9fb709f505e@group-9D07D1DC6D57-LeaderElection13] INFO  grpc.GrpcConfigKeys (ConfUtils.java:logGet(44)) - raft.grpc.server.leader.outstanding.appends.max = 128 (default)
2020-05-13 00:32:43,234 [b80dc765-6609-46b8-8f0c-c9fb709f505e@group-9D07D1DC6D57-LeaderElection13] INFO  server.RaftServerConfigKeys (ConfUtils.java:logGet(44)) - raft.server.rpc.request.timeout = 60s (custom)
2020-05-13 00:32:43,234 [b80dc765-6609-46b8-8f0c-c9fb709f505e@group-9D07D1DC6D57-LeaderElection13] INFO  server.RaftServerConfigKeys (ConfUtils.java:logGet(44)) - raft.server.log.appender.install.snapshot.enabled = false (custom)
2020-05-13 00:32:43,235 [b80dc765-6609-46b8-8f0c-c9fb709f505e@group-9D07D1DC6D57-LeaderElection13] INFO  server.RaftServerConfigKeys (ConfUtils.java:logGet(44)) - raft.server.log.appender.snapshot.chunk.size.max = 16MB (=16777216) (default)
2020-05-13 00:32:43,235 [b80dc765-6609-46b8-8f0c-c9fb709f505e@group-9D07D1DC6D57-LeaderElection13] INFO  server.RaftServerConfigKeys (ConfUtils.java:logGet(44)) - raft.server.log.appender.buffer.byte-limit = 33554432 (custom)
2020-05-13 00:32:43,235 [b80dc765-6609-46b8-8f0c-c9fb709f505e@group-9D07D1DC6D57-LeaderElection13] INFO  server.RaftServerConfigKeys (ConfUtils.java:logGet(44)) - raft.server.log.appender.buffer.element-limit = 1 (custom)
2020-05-13 00:32:43,235 [b80dc765-6609-46b8-8f0c-c9fb709f505e@group-9D07D1DC6D57-LeaderElection13] INFO  grpc.GrpcConfigKeys (ConfUtils.java:logGet(44)) - raft.grpc.server.leader.outstanding.appends.max = 128 (default)
2020-05-13 00:32:43,235 [b80dc765-6609-46b8-8f0c-c9fb709f505e@group-9D07D1DC6D57-LeaderElection13] INFO  server.RaftServerConfigKeys (ConfUtils.java:logGet(44)) - raft.server.rpc.request.timeout = 60s (custom)
2020-05-13 00:32:43,235 [b80dc765-6609-46b8-8f0c-c9fb709f505e@group-9D07D1DC6D57-LeaderElection13] INFO  server.RaftServerConfigKeys (ConfUtils.java:logGet(44)) - raft.server.log.appender.install.snapshot.enabled = false (custom)
2020-05-13 00:32:43,236 [b80dc765-6609-46b8-8f0c-c9fb709f505e@group-9D07D1DC6D57-LeaderElection13] INFO  impl.RoleInfo (RoleInfo.java:updateAndGet(143)) - b80dc765-6609-46b8-8f0c-c9fb709f505e: start LeaderState
2020-05-13 00:32:43,236 [b80dc765-6609-46b8-8f0c-c9fb709f505e@group-9D07D1DC6D57-LeaderElection13] INFO  segmented.SegmentedRaftLogWorker (SegmentedRaftLogWorker.java:startLogSegment(391)) - b80dc765-6609-46b8-8f0c-c9fb709f505e@group-9D07D1DC6D57-SegmentedRaftLogWorker: Starting segment from index:0
2020-05-13 00:32:43,238 [2380d29a-22e4-4b39-a16b-1ae19cff0813@group-9D07D1DC6D57-LeaderElection14] INFO  impl.LeaderElection (LeaderElection.java:askForVotes(206)) - 2380d29a-22e4-4b39-a16b-1ae19cff0813@group-9D07D1DC6D57-LeaderElection14: begin an election at term 1 for -1: [f85d3cf5-704f-45fa-88f2-bd2911f2529e:172.17.0.2:33103, b80dc765-6609-46b8-8f0c-c9fb709f505e:172.17.0.2:42811, 2380d29a-22e4-4b39-a16b-1ae19cff0813:172.17.0.2:39651], old=null
2020-05-13 00:32:43,257 [b80dc765-6609-46b8-8f0c-c9fb709f505e@group-9D07D1DC6D57-LeaderElection13] INFO  impl.RaftServerImpl (ServerState.java:setRaftConf(356)) - b80dc765-6609-46b8-8f0c-c9fb709f505e@group-9D07D1DC6D57: set configuration 0: [f85d3cf5-704f-45fa-88f2-bd2911f2529e:172.17.0.2:33103, b80dc765-6609-46b8-8f0c-c9fb709f505e:172.17.0.2:42811, 2380d29a-22e4-4b39-a16b-1ae19cff0813:172.17.0.2:39651], old=null at 0
2020-05-13 00:32:43,239 [b80dc765-6609-46b8-8f0c-c9fb709f505e@group-9D07D1DC6D57-SegmentedRaftLogWorker] INFO  segmented.SegmentedRaftLogWorker (SegmentedRaftLogWorker.java:execute(583)) - b80dc765-6609-46b8-8f0c-c9fb709f505e@group-9D07D1DC6D57-SegmentedRaftLogWorker: created new log segment /github/workspace/mnt/ozone/hadoop-ozone/integration-test/target/test-dir/MiniOzoneClusterImpl-8fbc82c0-848a-4a6b-a3b9-d4d40c3d4f3a/datanode-7/data/ratis/18c8c050-7153-4a7d-a26b-9d07d1dc6d57/current/log_inprogress_0
2020-05-13 00:32:43,238 [EventQueue-PipelineReportForPipelineReportHandler] INFO  pipeline.PipelineStateManager (PipelineStateManager.java:openPipeline(131)) - Pipeline Pipeline[ Id: 18c8c050-7153-4a7d-a26b-9d07d1dc6d57, Nodes: 2380d29a-22e4-4b39-a16b-1ae19cff0813{ip: 172.17.0.2, host: c009cc83f362, networkLocation: /default-rack, certSerialId: null}f85d3cf5-704f-45fa-88f2-bd2911f2529e{ip: 172.17.0.2, host: c009cc83f362, networkLocation: /default-rack, certSerialId: null}b80dc765-6609-46b8-8f0c-c9fb709f505e{ip: 172.17.0.2, host: c009cc83f362, networkLocation: /default-rack, certSerialId: null}, Type:RATIS, Factor:THREE, State:ALLOCATED, leaderId:b80dc765-6609-46b8-8f0c-c9fb709f505e, CreationTimestamp2020-05-13T00:32:35.173Z] moved to OPEN state
2020-05-13 00:32:43,261 [grpc-default-executor-5] INFO  impl.RaftServerImpl (RaftServerImpl.java:setRole(173)) - 2380d29a-22e4-4b39-a16b-1ae19cff0813@group-9D07D1DC6D57: changes role from CANDIDATE to FOLLOWER at term 1 for appendEntries
2020-05-13 00:32:43,261 [grpc-default-executor-5] INFO  impl.RoleInfo (RoleInfo.java:shutdownLeaderElection(134)) - 2380d29a-22e4-4b39-a16b-1ae19cff0813: shutdown LeaderElection
2020-05-13 00:32:43,263 [grpc-default-executor-5] INFO  impl.RoleInfo (RoleInfo.java:updateAndGet(143)) - 2380d29a-22e4-4b39-a16b-1ae19cff0813: start FollowerState
2020-05-13 00:32:43,271 [grpc-default-executor-5] INFO  ratis.XceiverServerRatis (XceiverServerRatis.java:handleLeaderChangedNotification(762)) - Leader change notification received for group: group-9D07D1DC6D57 with new leaderId: b80dc765-6609-46b8-8f0c-c9fb709f505e
2020-05-13 00:32:43,271 [grpc-default-executor-5] INFO  impl.RaftServerImpl (ServerState.java:setLeader(255)) - 2380d29a-22e4-4b39-a16b-1ae19cff0813@group-9D07D1DC6D57: change Leader from null to b80dc765-6609-46b8-8f0c-c9fb709f505e at term 1 for appendEntries, leader elected after 5243ms
2020-05-13 00:32:43,279 [grpc-default-executor-0] INFO  ratis.XceiverServerRatis (XceiverServerRatis.java:handleLeaderChangedNotification(762)) - Leader change notification received for group: group-9D07D1DC6D57 with new leaderId: b80dc765-6609-46b8-8f0c-c9fb709f505e
2020-05-13 00:32:43,280 [grpc-default-executor-0] INFO  impl.RaftServerImpl (ServerState.java:setLeader(255)) - f85d3cf5-704f-45fa-88f2-bd2911f2529e@group-9D07D1DC6D57: change Leader from null to b80dc765-6609-46b8-8f0c-c9fb709f505e at term 1 for appendEntries, leader elected after 4875ms
2020-05-13 00:32:43,290 [grpc-default-executor-0] INFO  impl.RaftServerImpl (ServerState.java:setRaftConf(356)) - f85d3cf5-704f-45fa-88f2-bd2911f2529e@group-9D07D1DC6D57: set configuration 0: [f85d3cf5-704f-45fa-88f2-bd2911f2529e:172.17.0.2:33103, b80dc765-6609-46b8-8f0c-c9fb709f505e:172.17.0.2:42811, 2380d29a-22e4-4b39-a16b-1ae19cff0813:172.17.0.2:39651], old=null at 0
2020-05-13 00:32:43,290 [grpc-default-executor-0] INFO  segmented.SegmentedRaftLogWorker (SegmentedRaftLogWorker.java:startLogSegment(391)) - f85d3cf5-704f-45fa-88f2-bd2911f2529e@group-9D07D1DC6D57-SegmentedRaftLogWorker: Starting segment from index:0
2020-05-13 00:32:43,294 [2380d29a-22e4-4b39-a16b-1ae19cff0813@group-9D07D1DC6D57-LeaderElection14] INFO  impl.LeaderElection (LeaderElection.java:logAndReturn(61)) - 2380d29a-22e4-4b39-a16b-1ae19cff0813@group-9D07D1DC6D57-LeaderElection14: Election REJECTED; received 0 response(s) [] and 0 exception(s); 2380d29a-22e4-4b39-a16b-1ae19cff0813@group-9D07D1DC6D57:t1, leader=b80dc765-6609-46b8-8f0c-c9fb709f505e, voted=2380d29a-22e4-4b39-a16b-1ae19cff0813, raftlog=2380d29a-22e4-4b39-a16b-1ae19cff0813@group-9D07D1DC6D57-SegmentedRaftLog:OPENED:c-1,f-1,i0, conf=-1: [f85d3cf5-704f-45fa-88f2-bd2911f2529e:172.17.0.2:33103, b80dc765-6609-46b8-8f0c-c9fb709f505e:172.17.0.2:42811, 2380d29a-22e4-4b39-a16b-1ae19cff0813:172.17.0.2:39651], old=null
2020-05-13 00:32:43,298 [grpc-default-executor-7] INFO  impl.RaftServerImpl (RaftServerImpl.java:requestVote(818)) - f85d3cf5-704f-45fa-88f2-bd2911f2529e@group-9D07D1DC6D57- FOLLOWER: Withhold vote from candidate 2380d29a-22e4-4b39-a16b-1ae19cff0813 with term 1. State: leader=b80dc765-6609-46b8-8f0c-c9fb709f505e, term=1, lastRpcElapsed=8ms
2020-05-13 00:32:43,301 [f85d3cf5-704f-45fa-88f2-bd2911f2529e@group-9D07D1DC6D57-SegmentedRaftLogWorker] INFO  segmented.SegmentedRaftLogWorker (SegmentedRaftLogWorker.java:execute(583)) - f85d3cf5-704f-45fa-88f2-bd2911f2529e@group-9D07D1DC6D57-SegmentedRaftLogWorker: created new log segment /github/workspace/mnt/ozone/hadoop-ozone/integration-test/target/test-dir/MiniOzoneClusterImpl-8fbc82c0-848a-4a6b-a3b9-d4d40c3d4f3a/datanode-8/data/ratis/18c8c050-7153-4a7d-a26b-9d07d1dc6d57/current/log_inprogress_0
2020-05-13 00:32:43,301 [grpc-default-executor-7] INFO  impl.RaftServerImpl (ServerState.java:setRaftConf(356)) - 2380d29a-22e4-4b39-a16b-1ae19cff0813@group-9D07D1DC6D57: set configuration 0: [f85d3cf5-704f-45fa-88f2-bd2911f2529e:172.17.0.2:33103, b80dc765-6609-46b8-8f0c-c9fb709f505e:172.17.0.2:42811, 2380d29a-22e4-4b39-a16b-1ae19cff0813:172.17.0.2:39651], old=null at 0
2020-05-13 00:32:43,303 [grpc-default-executor-7] INFO  segmented.SegmentedRaftLogWorker (SegmentedRaftLogWorker.java:startLogSegment(391)) - 2380d29a-22e4-4b39-a16b-1ae19cff0813@group-9D07D1DC6D57-SegmentedRaftLogWorker: Starting segment from index:0
2020-05-13 00:32:43,306 [2380d29a-22e4-4b39-a16b-1ae19cff0813@group-9D07D1DC6D57-SegmentedRaftLogWorker] INFO  segmented.SegmentedRaftLogWorker (SegmentedRaftLogWorker.java:execute(583)) - 2380d29a-22e4-4b39-a16b-1ae19cff0813@group-9D07D1DC6D57-SegmentedRaftLogWorker: created new log segment /github/workspace/mnt/ozone/hadoop-ozone/integration-test/target/test-dir/MiniOzoneClusterImpl-8fbc82c0-848a-4a6b-a3b9-d4d40c3d4f3a/datanode-6/data/ratis/18c8c050-7153-4a7d-a26b-9d07d1dc6d57/current/log_inprogress_0
2020-05-13 00:32:43,313 [grpc-default-executor-7] INFO  impl.RaftServerImpl (RaftServerImpl.java:requestVote(818)) - b80dc765-6609-46b8-8f0c-c9fb709f505e@group-9D07D1DC6D57-   LEADER: Withhold vote from candidate 2380d29a-22e4-4b39-a16b-1ae19cff0813 with term 1. State: leader=b80dc765-6609-46b8-8f0c-c9fb709f505e, term=1, lastRpcElapsed=null
2020-05-13 00:32:43,380 [main] INFO  ozone.MiniOzoneClusterImpl (MiniOzoneClusterImpl.java:lambda$waitForClusterToBeReady$0(177)) - Nodes are ready. Got 10 of 10 DN Heartbeats.
2020-05-13 00:32:43,380 [main] INFO  ozone.MiniOzoneClusterImpl (MiniOzoneClusterImpl.java:lambda$waitForClusterToBeReady$0(180)) - Cluster exits safe mode
2020-05-13 00:32:43,526 [Thread-304] INFO  impl.FollowerState (FollowerState.java:run(108)) - 6ae0ec67-d464-4727-b1d2-9e3bc637986a@group-F02C28F75A65-FollowerState: change to CANDIDATE, lastRpcTime:5074ms, electionTimeout:5060ms
2020-05-13 00:32:43,527 [Thread-304] INFO  impl.RoleInfo (RoleInfo.java:shutdownFollowerState(121)) - 6ae0ec67-d464-4727-b1d2-9e3bc637986a: shutdown FollowerState
2020-05-13 00:32:43,527 [Thread-304] INFO  impl.RaftServerImpl (RaftServerImpl.java:setRole(173)) - 6ae0ec67-d464-4727-b1d2-9e3bc637986a@group-F02C28F75A65: changes role from  FOLLOWER to CANDIDATE at term 0 for changeToCandidate
2020-05-13 00:32:43,527 [Thread-304] INFO  impl.RoleInfo (RoleInfo.java:updateAndGet(143)) - 6ae0ec67-d464-4727-b1d2-9e3bc637986a: start LeaderElection
2020-05-13 00:32:43,533 [6ae0ec67-d464-4727-b1d2-9e3bc637986a@group-F02C28F75A65-LeaderElection15] INFO  impl.LeaderElection (LeaderElection.java:askForVotes(206)) - 6ae0ec67-d464-4727-b1d2-9e3bc637986a@group-F02C28F75A65-LeaderElection15: begin an election at term 1 for -1: [6ae0ec67-d464-4727-b1d2-9e3bc637986a:172.17.0.2:43139], old=null
2020-05-13 00:32:43,533 [6ae0ec67-d464-4727-b1d2-9e3bc637986a@group-F02C28F75A65-LeaderElection15] INFO  impl.RoleInfo (RoleInfo.java:shutdownLeaderElection(134)) - 6ae0ec67-d464-4727-b1d2-9e3bc637986a: shutdown LeaderElection
2020-05-13 00:32:43,534 [6ae0ec67-d464-4727-b1d2-9e3bc637986a@group-F02C28F75A65-LeaderElection15] INFO  impl.RaftServerImpl (RaftServerImpl.java:setRole(173)) - 6ae0ec67-d464-4727-b1d2-9e3bc637986a@group-F02C28F75A65: changes role from CANDIDATE to LEADER at term 1 for changeToLeader
2020-05-13 00:32:43,534 [6ae0ec67-d464-4727-b1d2-9e3bc637986a@group-F02C28F75A65-LeaderElection15] INFO  ratis.XceiverServerRatis (XceiverServerRatis.java:handleLeaderChangedNotification(762)) - Leader change notification received for group: group-F02C28F75A65 with new leaderId: 6ae0ec67-d464-4727-b1d2-9e3bc637986a
2020-05-13 00:32:43,534 [Thread-300] INFO  impl.FollowerState (FollowerState.java:run(108)) - f85d3cf5-704f-45fa-88f2-bd2911f2529e@group-190DC185A543-FollowerState: change to CANDIDATE, lastRpcTime:5330ms, electionTimeout:5159ms
2020-05-13 00:32:43,534 [6ae0ec67-d464-4727-b1d2-9e3bc637986a@group-F02C28F75A65-LeaderElection15] INFO  impl.RaftServerImpl (ServerState.java:setLeader(255)) - 6ae0ec67-d464-4727-b1d2-9e3bc637986a@group-F02C28F75A65: change Leader from null to 6ae0ec67-d464-4727-b1d2-9e3bc637986a at term 1 for becomeLeader, leader elected after 5099ms
2020-05-13 00:32:43,534 [Thread-300] INFO  impl.RoleInfo (RoleInfo.java:shutdownFollowerState(121)) - f85d3cf5-704f-45fa-88f2-bd2911f2529e: shutdown FollowerState
2020-05-13 00:32:43,535 [Thread-300] INFO  impl.RaftServerImpl (RaftServerImpl.java:setRole(173)) - f85d3cf5-704f-45fa-88f2-bd2911f2529e@group-190DC185A543: changes role from  FOLLOWER to CANDIDATE at term 0 for changeToCandidate
2020-05-13 00:32:43,535 [Thread-300] INFO  impl.RoleInfo (RoleInfo.java:updateAndGet(143)) - f85d3cf5-704f-45fa-88f2-bd2911f2529e: start LeaderElection
2020-05-13 00:32:43,535 [6ae0ec67-d464-4727-b1d2-9e3bc637986a@group-F02C28F75A65-LeaderElection15] INFO  server.RaftServerConfigKeys (ConfUtils.java:logGet(44)) - raft.server.staging.catchup.gap = 1000 (default)
2020-05-13 00:32:43,535 [6ae0ec67-d464-4727-b1d2-9e3bc637986a@group-F02C28F75A65-LeaderElection15] INFO  server.RaftServerConfigKeys (ConfUtils.java:logGet(44)) - raft.server.rpc.sleep.time = 25ms (default)
2020-05-13 00:32:43,542 [6ae0ec67-d464-4727-b1d2-9e3bc637986a@group-F02C28F75A65-LeaderElection15] INFO  metrics.RatisMetrics (RatisMetrics.java:lambda$create$0(39)) - Creating Metrics Registry : ratis.log_appender.6ae0ec67-d464-4727-b1d2-9e3bc637986a@group-F02C28F75A65
2020-05-13 00:32:43,543 [6ae0ec67-d464-4727-b1d2-9e3bc637986a@group-F02C28F75A65-LeaderElection15] INFO  server.RaftServerConfigKeys (ConfUtils.java:logGet(44)) - raft.server.write.element-limit = 1024 (custom)
2020-05-13 00:32:43,543 [6ae0ec67-d464-4727-b1d2-9e3bc637986a@group-F02C28F75A65-LeaderElection15] INFO  server.RaftServerConfigKeys (ConfUtils.java:logGet(44)) - raft.server.write.byte-limit = 1073741824 (custom)
2020-05-13 00:32:43,544 [6ae0ec67-d464-4727-b1d2-9e3bc637986a@group-F02C28F75A65-LeaderElection15] INFO  server.RaftServerConfigKeys (ConfUtils.java:logGet(44)) - raft.server.watch.timeout = 180s (custom)
2020-05-13 00:32:43,544 [6ae0ec67-d464-4727-b1d2-9e3bc637986a@group-F02C28F75A65-LeaderElection15] INFO  server.RaftServerConfigKeys (ConfUtils.java:logGet(44)) - raft.server.watch.timeout.denomination = 1s (default)
2020-05-13 00:32:43,544 [6ae0ec67-d464-4727-b1d2-9e3bc637986a@group-F02C28F75A65-LeaderElection15] INFO  server.RaftServerConfigKeys (ConfUtils.java:logGet(44)) - raft.server.watch.element-limit = 65536 (default)
2020-05-13 00:32:43,544 [6ae0ec67-d464-4727-b1d2-9e3bc637986a@group-F02C28F75A65-LeaderElection15] INFO  impl.RoleInfo (RoleInfo.java:updateAndGet(143)) - 6ae0ec67-d464-4727-b1d2-9e3bc637986a: start LeaderState
2020-05-13 00:32:43,544 [6ae0ec67-d464-4727-b1d2-9e3bc637986a@group-F02C28F75A65-LeaderElection15] INFO  segmented.SegmentedRaftLogWorker (SegmentedRaftLogWorker.java:startLogSegment(391)) - 6ae0ec67-d464-4727-b1d2-9e3bc637986a@group-F02C28F75A65-SegmentedRaftLogWorker: Starting segment from index:0
2020-05-13 00:32:43,545 [6ae0ec67-d464-4727-b1d2-9e3bc637986a@group-F02C28F75A65-LeaderElection15] INFO  impl.RaftServerImpl (ServerState.java:setRaftConf(356)) - 6ae0ec67-d464-4727-b1d2-9e3bc637986a@group-F02C28F75A65: set configuration 0: [6ae0ec67-d464-4727-b1d2-9e3bc637986a:172.17.0.2:43139], old=null at 0
2020-05-13 00:32:43,550 [6ae0ec67-d464-4727-b1d2-9e3bc637986a@group-F02C28F75A65-SegmentedRaftLogWorker] INFO  segmented.SegmentedRaftLogWorker (SegmentedRaftLogWorker.java:execute(583)) - 6ae0ec67-d464-4727-b1d2-9e3bc637986a@group-F02C28F75A65-SegmentedRaftLogWorker: created new log segment /github/workspace/mnt/ozone/hadoop-ozone/integration-test/target/test-dir/MiniOzoneClusterImpl-8fbc82c0-848a-4a6b-a3b9-d4d40c3d4f3a/datanode-9/data/ratis/b15997f9-2823-46f3-b3a7-f02c28f75a65/current/log_inprogress_0
2020-05-13 00:32:43,567 [f85d3cf5-704f-45fa-88f2-bd2911f2529e@group-190DC185A543-LeaderElection16] INFO  impl.LeaderElection (LeaderElection.java:askForVotes(206)) - f85d3cf5-704f-45fa-88f2-bd2911f2529e@group-190DC185A543-LeaderElection16: begin an election at term 1 for -1: [f85d3cf5-704f-45fa-88f2-bd2911f2529e:172.17.0.2:33103], old=null
2020-05-13 00:32:43,567 [f85d3cf5-704f-45fa-88f2-bd2911f2529e@group-190DC185A543-LeaderElection16] INFO  impl.RoleInfo (RoleInfo.java:shutdownLeaderElection(134)) - f85d3cf5-704f-45fa-88f2-bd2911f2529e: shutdown LeaderElection
2020-05-13 00:32:43,567 [f85d3cf5-704f-45fa-88f2-bd2911f2529e@group-190DC185A543-LeaderElection16] INFO  impl.RaftServerImpl (RaftServerImpl.java:setRole(173)) - f85d3cf5-704f-45fa-88f2-bd2911f2529e@group-190DC185A543: changes role from CANDIDATE to LEADER at term 1 for changeToLeader
2020-05-13 00:32:43,567 [f85d3cf5-704f-45fa-88f2-bd2911f2529e@group-190DC185A543-LeaderElection16] INFO  ratis.XceiverServerRatis (XceiverServerRatis.java:handleLeaderChangedNotification(762)) - Leader change notification received for group: group-190DC185A543 with new leaderId: f85d3cf5-704f-45fa-88f2-bd2911f2529e
2020-05-13 00:32:43,567 [f85d3cf5-704f-45fa-88f2-bd2911f2529e@group-190DC185A543-LeaderElection16] INFO  impl.RaftServerImpl (ServerState.java:setLeader(255)) - f85d3cf5-704f-45fa-88f2-bd2911f2529e@group-190DC185A543: change Leader from null to f85d3cf5-704f-45fa-88f2-bd2911f2529e at term 1 for becomeLeader, leader elected after 5370ms
2020-05-13 00:32:43,568 [f85d3cf5-704f-45fa-88f2-bd2911f2529e@group-190DC185A543-LeaderElection16] INFO  server.RaftServerConfigKeys (ConfUtils.java:logGet(44)) - raft.server.staging.catchup.gap = 1000 (default)
2020-05-13 00:32:43,568 [f85d3cf5-704f-45fa-88f2-bd2911f2529e@group-190DC185A543-LeaderElection16] INFO  server.RaftServerConfigKeys (ConfUtils.java:logGet(44)) - raft.server.rpc.sleep.time = 25ms (default)
2020-05-13 00:32:43,568 [f85d3cf5-704f-45fa-88f2-bd2911f2529e@group-190DC185A543-LeaderElection16] INFO  metrics.RatisMetrics (RatisMetrics.java:lambda$create$0(39)) - Creating Metrics Registry : ratis.log_appender.f85d3cf5-704f-45fa-88f2-bd2911f2529e@group-190DC185A543
2020-05-13 00:32:43,569 [f85d3cf5-704f-45fa-88f2-bd2911f2529e@group-190DC185A543-LeaderElection16] INFO  server.RaftServerConfigKeys (ConfUtils.java:logGet(44)) - raft.server.write.element-limit = 1024 (custom)
2020-05-13 00:32:43,569 [f85d3cf5-704f-45fa-88f2-bd2911f2529e@group-190DC185A543-LeaderElection16] INFO  server.RaftServerConfigKeys (ConfUtils.java:logGet(44)) - raft.server.write.byte-limit = 1073741824 (custom)
2020-05-13 00:32:43,569 [f85d3cf5-704f-45fa-88f2-bd2911f2529e@group-190DC185A543-LeaderElection16] INFO  server.RaftServerConfigKeys (ConfUtils.java:logGet(44)) - raft.server.watch.timeout = 180s (custom)
2020-05-13 00:32:43,570 [f85d3cf5-704f-45fa-88f2-bd2911f2529e@group-190DC185A543-LeaderElection16] INFO  server.RaftServerConfigKeys (ConfUtils.java:logGet(44)) - raft.server.watch.timeout.denomination = 1s (default)
2020-05-13 00:32:43,571 [f85d3cf5-704f-45fa-88f2-bd2911f2529e@group-190DC185A543-LeaderElection16] INFO  server.RaftServerConfigKeys (ConfUtils.java:logGet(44)) - raft.server.watch.element-limit = 65536 (default)
2020-05-13 00:32:43,571 [f85d3cf5-704f-45fa-88f2-bd2911f2529e@group-190DC185A543-LeaderElection16] INFO  impl.RoleInfo (RoleInfo.java:updateAndGet(143)) - f85d3cf5-704f-45fa-88f2-bd2911f2529e: start LeaderState
2020-05-13 00:32:43,571 [f85d3cf5-704f-45fa-88f2-bd2911f2529e@group-190DC185A543-LeaderElection16] INFO  segmented.SegmentedRaftLogWorker (SegmentedRaftLogWorker.java:startLogSegment(391)) - f85d3cf5-704f-45fa-88f2-bd2911f2529e@group-190DC185A543-SegmentedRaftLogWorker: Starting segment from index:0
2020-05-13 00:32:43,573 [f85d3cf5-704f-45fa-88f2-bd2911f2529e@group-190DC185A543-SegmentedRaftLogWorker] INFO  segmented.SegmentedRaftLogWorker (SegmentedRaftLogWorker.java:execute(583)) - f85d3cf5-704f-45fa-88f2-bd2911f2529e@group-190DC185A543-SegmentedRaftLogWorker: created new log segment /github/workspace/mnt/ozone/hadoop-ozone/integration-test/target/test-dir/MiniOzoneClusterImpl-8fbc82c0-848a-4a6b-a3b9-d4d40c3d4f3a/datanode-8/data/ratis/907e3f26-54ed-4a7a-ba5e-190dc185a543/current/log_inprogress_0
2020-05-13 00:32:43,576 [f85d3cf5-704f-45fa-88f2-bd2911f2529e@group-190DC185A543-LeaderElection16] INFO  impl.RaftServerImpl (ServerState.java:setRaftConf(356)) - f85d3cf5-704f-45fa-88f2-bd2911f2529e@group-190DC185A543: set configuration 0: [f85d3cf5-704f-45fa-88f2-bd2911f2529e:172.17.0.2:33103], old=null at 0
2020-05-13 00:32:43,884 [main] INFO  ozone.MiniOzoneClusterImpl (MiniOzoneClusterImpl.java:getStorageContainerLocationClient(289)) - Creating StorageContainerLocationProtocol RPC client with address /0.0.0.0:44993
2020-05-13 00:32:43,910 [main] INFO  rpc.RpcClient (RpcClient.java:createVolume(308)) - Creating Volume: 5d76765f-b0bb-4d5c-a8b6-d6531b42cfd9, with jenkins1001 as owner.
2020-05-13 00:32:43,978 [IPC Server handler 1 on 45777] INFO  volume.OMVolumeCreateRequest (OMVolumeCreateRequest.java:validateAndUpdateCache(208)) - created volume:5d76765f-b0bb-4d5c-a8b6-d6531b42cfd9 for user:jenkins1001
2020-05-13 00:32:44,006 [main] INFO  rpc.RpcClient (RpcClient.java:createBucket(448)) - Creating Bucket: 5d76765f-b0bb-4d5c-a8b6-d6531b42cfd9/e789b3cd-c168-49e0-925e-c9ba634fde9b, with Versioning false and Storage Type set to DISK and Encryption set to false 
2020-05-13 00:32:44,155 [main] INFO  impl.MetricsSystemImpl (MetricsSystemImpl.java:init(158)) - XceiverClientMetrics metrics system started (again)
2020-05-13 00:32:45,872 [EventQueue-Delayed safe mode statusForReplicationManager] INFO  container.ReplicationManager (ReplicationManager.java:start(165)) - Starting Replication Monitor Thread.
2020-05-13 00:32:45,877 [ReplicationMonitor] INFO  container.ReplicationManager (ReplicationManager.java:run(228)) - Replication Monitor Thread took 3 milliseconds for processing 1 containers.
2020-05-13 00:32:45,877 [EventQueue-CloseContainerForCloseContainerEventHandler] INFO  container.CloseContainerEventHandler (CloseContainerEventHandler.java:onMessage(61)) - Close container Event triggered for container : #1
2020-05-13 00:32:46,981 [Command processor thread] ERROR commandhandler.CloseContainerCommandHandler (CloseContainerCommandHandler.java:handle(85)) - Container #1 does not exist in datanode. Container close failed.
2020-05-13 00:32:47,835 [Command processor thread] ERROR commandhandler.CloseContainerCommandHandler (CloseContainerCommandHandler.java:handle(85)) - Container #1 does not exist in datanode. Container close failed.
2020-05-13 00:32:47,992 [Command processor thread] ERROR commandhandler.CloseContainerCommandHandler (CloseContainerCommandHandler.java:handle(85)) - Container #1 does not exist in datanode. Container close failed.
2020-05-13 00:32:48,029 [Thread-355] INFO  impl.FollowerState (FollowerState.java:run(108)) - 279d5905-9172-4de8-95e1-bfc467c5ca26@group-53ABE10B26CB-FollowerState: change to CANDIDATE, lastRpcTime:5040ms, electionTimeout:5031ms
2020-05-13 00:32:48,030 [Thread-355] INFO  impl.RoleInfo (RoleInfo.java:shutdownFollowerState(121)) - 279d5905-9172-4de8-95e1-bfc467c5ca26: shutdown FollowerState
2020-05-13 00:32:48,030 [Thread-355] INFO  impl.RaftServerImpl (RaftServerImpl.java:setRole(173)) - 279d5905-9172-4de8-95e1-bfc467c5ca26@group-53ABE10B26CB: changes role from  FOLLOWER to CANDIDATE at term 2 for changeToCandidate
2020-05-13 00:32:48,030 [Thread-355] INFO  impl.RoleInfo (RoleInfo.java:updateAndGet(143)) - 279d5905-9172-4de8-95e1-bfc467c5ca26: start LeaderElection
2020-05-13 00:32:48,032 [279d5905-9172-4de8-95e1-bfc467c5ca26@group-53ABE10B26CB-LeaderElection17] INFO  impl.LeaderElection (LeaderElection.java:askForVotes(206)) - 279d5905-9172-4de8-95e1-bfc467c5ca26@group-53ABE10B26CB-LeaderElection17: begin an election at term 3 for -1: [8580d7eb-3f73-47b2-ba6a-8a0e1abfbb25:172.17.0.2:35053, 0f02d056-2e43-4ca8-8a74-02455479cd36:172.17.0.2:39273, 279d5905-9172-4de8-95e1-bfc467c5ca26:172.17.0.2:33985], old=null
2020-05-13 00:32:48,038 [grpc-default-executor-0] INFO  impl.RaftServerImpl (RaftServerImpl.java:setRole(173)) - 0f02d056-2e43-4ca8-8a74-02455479cd36@group-53ABE10B26CB: changes role from  FOLLOWER to FOLLOWER at term 3 for recognizeCandidate:279d5905-9172-4de8-95e1-bfc467c5ca26
2020-05-13 00:32:48,038 [grpc-default-executor-7] INFO  impl.RaftServerImpl (RaftServerImpl.java:setRole(173)) - 8580d7eb-3f73-47b2-ba6a-8a0e1abfbb25@group-53ABE10B26CB: changes role from  FOLLOWER to FOLLOWER at term 3 for recognizeCandidate:279d5905-9172-4de8-95e1-bfc467c5ca26
2020-05-13 00:32:48,038 [grpc-default-executor-7] INFO  impl.RoleInfo (RoleInfo.java:shutdownFollowerState(121)) - 8580d7eb-3f73-47b2-ba6a-8a0e1abfbb25: shutdown FollowerState
2020-05-13 00:32:48,038 [grpc-default-executor-7] INFO  impl.RoleInfo (RoleInfo.java:updateAndGet(143)) - 8580d7eb-3f73-47b2-ba6a-8a0e1abfbb25: start FollowerState
2020-05-13 00:32:48,038 [grpc-default-executor-0] INFO  impl.RoleInfo (RoleInfo.java:shutdownFollowerState(121)) - 0f02d056-2e43-4ca8-8a74-02455479cd36: shutdown FollowerState
2020-05-13 00:32:48,038 [Thread-364] INFO  impl.FollowerState (FollowerState.java:run(117)) - 8580d7eb-3f73-47b2-ba6a-8a0e1abfbb25@group-53ABE10B26CB-FollowerState was interrupted: java.lang.InterruptedException: sleep interrupted
2020-05-13 00:32:48,039 [grpc-default-executor-0] INFO  impl.RoleInfo (RoleInfo.java:updateAndGet(143)) - 0f02d056-2e43-4ca8-8a74-02455479cd36: start FollowerState
2020-05-13 00:32:48,039 [Thread-363] INFO  impl.FollowerState (FollowerState.java:run(117)) - 0f02d056-2e43-4ca8-8a74-02455479cd36@group-53ABE10B26CB-FollowerState was interrupted: java.lang.InterruptedException: sleep interrupted
2020-05-13 00:32:48,044 [279d5905-9172-4de8-95e1-bfc467c5ca26@group-53ABE10B26CB-LeaderElection17] INFO  impl.LeaderElection (LeaderElection.java:logAndReturn(61)) - 279d5905-9172-4de8-95e1-bfc467c5ca26@group-53ABE10B26CB-LeaderElection17: Election PASSED; received 1 response(s) [279d5905-9172-4de8-95e1-bfc467c5ca26<-0f02d056-2e43-4ca8-8a74-02455479cd36#0:OK-t3] and 0 exception(s); 279d5905-9172-4de8-95e1-bfc467c5ca26@group-53ABE10B26CB:t3, leader=null, voted=279d5905-9172-4de8-95e1-bfc467c5ca26, raftlog=279d5905-9172-4de8-95e1-bfc467c5ca26@group-53ABE10B26CB-SegmentedRaftLog:OPENED:c-1,f-1,i0, conf=-1: [8580d7eb-3f73-47b2-ba6a-8a0e1abfbb25:172.17.0.2:35053, 0f02d056-2e43-4ca8-8a74-02455479cd36:172.17.0.2:39273, 279d5905-9172-4de8-95e1-bfc467c5ca26:172.17.0.2:33985], old=null
2020-05-13 00:32:48,044 [279d5905-9172-4de8-95e1-bfc467c5ca26@group-53ABE10B26CB-LeaderElection17] INFO  impl.RoleInfo (RoleInfo.java:shutdownLeaderElection(134)) - 279d5905-9172-4de8-95e1-bfc467c5ca26: shutdown LeaderElection
2020-05-13 00:32:48,044 [279d5905-9172-4de8-95e1-bfc467c5ca26@group-53ABE10B26CB-LeaderElection17] INFO  impl.RaftServerImpl (RaftServerImpl.java:setRole(173)) - 279d5905-9172-4de8-95e1-bfc467c5ca26@group-53ABE10B26CB: changes role from CANDIDATE to LEADER at term 3 for changeToLeader
2020-05-13 00:32:48,044 [279d5905-9172-4de8-95e1-bfc467c5ca26@group-53ABE10B26CB-LeaderElection17] INFO  ratis.XceiverServerRatis (XceiverServerRatis.java:handleLeaderChangedNotification(762)) - Leader change notification received for group: group-53ABE10B26CB with new leaderId: 279d5905-9172-4de8-95e1-bfc467c5ca26
2020-05-13 00:32:48,044 [279d5905-9172-4de8-95e1-bfc467c5ca26@group-53ABE10B26CB-LeaderElection17] INFO  impl.RaftServerImpl (ServerState.java:setLeader(255)) - 279d5905-9172-4de8-95e1-bfc467c5ca26@group-53ABE10B26CB: change Leader from null to 279d5905-9172-4de8-95e1-bfc467c5ca26 at term 3 for becomeLeader, leader elected after 10257ms
2020-05-13 00:32:48,044 [279d5905-9172-4de8-95e1-bfc467c5ca26@group-53ABE10B26CB-LeaderElection17] INFO  server.RaftServerConfigKeys (ConfUtils.java:logGet(44)) - raft.server.staging.catchup.gap = 1000 (default)
2020-05-13 00:32:48,044 [279d5905-9172-4de8-95e1-bfc467c5ca26@group-53ABE10B26CB-LeaderElection17] INFO  server.RaftServerConfigKeys (ConfUtils.java:logGet(44)) - raft.server.rpc.sleep.time = 25ms (default)
2020-05-13 00:32:48,044 [279d5905-9172-4de8-95e1-bfc467c5ca26@group-53ABE10B26CB-LeaderElection17] INFO  metrics.RatisMetrics (RatisMetrics.java:lambda$create$0(39)) - Creating Metrics Registry : ratis.log_appender.279d5905-9172-4de8-95e1-bfc467c5ca26@group-53ABE10B26CB
2020-05-13 00:32:48,044 [279d5905-9172-4de8-95e1-bfc467c5ca26@group-53ABE10B26CB-LeaderElection17] INFO  server.RaftServerConfigKeys (ConfUtils.java:logGet(44)) - raft.server.write.element-limit = 1024 (custom)
2020-05-13 00:32:48,045 [279d5905-9172-4de8-95e1-bfc467c5ca26@group-53ABE10B26CB-LeaderElection17] INFO  server.RaftServerConfigKeys (ConfUtils.java:logGet(44)) - raft.server.write.byte-limit = 1073741824 (custom)
2020-05-13 00:32:48,046 [279d5905-9172-4de8-95e1-bfc467c5ca26@group-53ABE10B26CB-LeaderElection17] INFO  server.RaftServerConfigKeys (ConfUtils.java:logGet(44)) - raft.server.watch.timeout = 180s (custom)
2020-05-13 00:32:48,047 [279d5905-9172-4de8-95e1-bfc467c5ca26@group-53ABE10B26CB-LeaderElection17] INFO  server.RaftServerConfigKeys (ConfUtils.java:logGet(44)) - raft.server.watch.timeout.denomination = 1s (default)
2020-05-13 00:32:48,047 [279d5905-9172-4de8-95e1-bfc467c5ca26@group-53ABE10B26CB-LeaderElection17] INFO  server.RaftServerConfigKeys (ConfUtils.java:logGet(44)) - raft.server.watch.element-limit = 65536 (default)
2020-05-13 00:32:48,047 [279d5905-9172-4de8-95e1-bfc467c5ca26@group-53ABE10B26CB-LeaderElection17] INFO  server.RaftServerConfigKeys (ConfUtils.java:logGet(44)) - raft.server.log.appender.snapshot.chunk.size.max = 16MB (=16777216) (default)
2020-05-13 00:32:48,047 [279d5905-9172-4de8-95e1-bfc467c5ca26@group-53ABE10B26CB-LeaderElection17] INFO  server.RaftServerConfigKeys (ConfUtils.java:logGet(44)) - raft.server.log.appender.buffer.byte-limit = 33554432 (custom)
2020-05-13 00:32:48,047 [279d5905-9172-4de8-95e1-bfc467c5ca26@group-53ABE10B26CB-LeaderElection17] INFO  server.RaftServerConfigKeys (ConfUtils.java:logGet(44)) - raft.server.log.appender.buffer.element-limit = 1 (custom)
2020-05-13 00:32:48,048 [279d5905-9172-4de8-95e1-bfc467c5ca26@group-53ABE10B26CB-LeaderElection17] INFO  grpc.GrpcConfigKeys (ConfUtils.java:logGet(44)) - raft.grpc.server.leader.outstanding.appends.max = 128 (default)
2020-05-13 00:32:48,048 [279d5905-9172-4de8-95e1-bfc467c5ca26@group-53ABE10B26CB-LeaderElection17] INFO  server.RaftServerConfigKeys (ConfUtils.java:logGet(44)) - raft.server.rpc.request.timeout = 60s (custom)
2020-05-13 00:32:48,048 [279d5905-9172-4de8-95e1-bfc467c5ca26@group-53ABE10B26CB-LeaderElection17] INFO  server.RaftServerConfigKeys (ConfUtils.java:logGet(44)) - raft.server.log.appender.install.snapshot.enabled = false (custom)
2020-05-13 00:32:48,049 [279d5905-9172-4de8-95e1-bfc467c5ca26@group-53ABE10B26CB-LeaderElection17] INFO  server.RaftServerConfigKeys (ConfUtils.java:logGet(44)) - raft.server.log.appender.snapshot.chunk.size.max = 16MB (=16777216) (default)
2020-05-13 00:32:48,049 [279d5905-9172-4de8-95e1-bfc467c5ca26@group-53ABE10B26CB-LeaderElection17] INFO  server.RaftServerConfigKeys (ConfUtils.java:logGet(44)) - raft.server.log.appender.buffer.byte-limit = 33554432 (custom)
2020-05-13 00:32:48,049 [279d5905-9172-4de8-95e1-bfc467c5ca26@group-53ABE10B26CB-LeaderElection17] INFO  server.RaftServerConfigKeys (ConfUtils.java:logGet(44)) - raft.server.log.appender.buffer.element-limit = 1 (custom)
2020-05-13 00:32:48,049 [279d5905-9172-4de8-95e1-bfc467c5ca26@group-53ABE10B26CB-LeaderElection17] INFO  grpc.GrpcConfigKeys (ConfUtils.java:logGet(44)) - raft.grpc.server.leader.outstanding.appends.max = 128 (default)
2020-05-13 00:32:48,049 [279d5905-9172-4de8-95e1-bfc467c5ca26@group-53ABE10B26CB-LeaderElection17] INFO  server.RaftServerConfigKeys (ConfUtils.java:logGet(44)) - raft.server.rpc.request.timeout = 60s (custom)
2020-05-13 00:32:48,050 [279d5905-9172-4de8-95e1-bfc467c5ca26@group-53ABE10B26CB-LeaderElection17] INFO  server.RaftServerConfigKeys (ConfUtils.java:logGet(44)) - raft.server.log.appender.install.snapshot.enabled = false (custom)
2020-05-13 00:32:48,050 [279d5905-9172-4de8-95e1-bfc467c5ca26@group-53ABE10B26CB-LeaderElection17] INFO  impl.RoleInfo (RoleInfo.java:updateAndGet(143)) - 279d5905-9172-4de8-95e1-bfc467c5ca26: start LeaderState
2020-05-13 00:32:48,051 [279d5905-9172-4de8-95e1-bfc467c5ca26@group-53ABE10B26CB-LeaderElection17] INFO  segmented.SegmentedRaftLogWorker (SegmentedRaftLogWorker.java:startLogSegment(391)) - 279d5905-9172-4de8-95e1-bfc467c5ca26@group-53ABE10B26CB-SegmentedRaftLogWorker: Starting segment from index:0
2020-05-13 00:32:48,052 [279d5905-9172-4de8-95e1-bfc467c5ca26@group-53ABE10B26CB-SegmentedRaftLogWorker] INFO  segmented.SegmentedRaftLogWorker (SegmentedRaftLogWorker.java:execute(583)) - 279d5905-9172-4de8-95e1-bfc467c5ca26@group-53ABE10B26CB-SegmentedRaftLogWorker: created new log segment /github/workspace/mnt/ozone/hadoop-ozone/integration-test/target/test-dir/MiniOzoneClusterImpl-8fbc82c0-848a-4a6b-a3b9-d4d40c3d4f3a/datanode-4/data/ratis/328a1ccd-80b7-4f8b-9c32-53abe10b26cb/current/log_inprogress_0
2020-05-13 00:32:48,058 [279d5905-9172-4de8-95e1-bfc467c5ca26@group-53ABE10B26CB-LeaderElection17] INFO  impl.RaftServerImpl (ServerState.java:setRaftConf(356)) - 279d5905-9172-4de8-95e1-bfc467c5ca26@group-53ABE10B26CB: set configuration 0: [8580d7eb-3f73-47b2-ba6a-8a0e1abfbb25:172.17.0.2:35053, 0f02d056-2e43-4ca8-8a74-02455479cd36:172.17.0.2:39273, 279d5905-9172-4de8-95e1-bfc467c5ca26:172.17.0.2:33985], old=null at 0
2020-05-13 00:32:48,068 [grpc-default-executor-7] INFO  ratis.XceiverServerRatis (XceiverServerRatis.java:handleLeaderChangedNotification(762)) - Leader change notification received for group: group-53ABE10B26CB with new leaderId: 279d5905-9172-4de8-95e1-bfc467c5ca26
2020-05-13 00:32:48,068 [grpc-default-executor-7] INFO  impl.RaftServerImpl (ServerState.java:setLeader(255)) - 0f02d056-2e43-4ca8-8a74-02455479cd36@group-53ABE10B26CB: change Leader from null to 279d5905-9172-4de8-95e1-bfc467c5ca26 at term 3 for appendEntries, leader elected after 10131ms
2020-05-13 00:32:48,074 [grpc-default-executor-7] INFO  impl.RaftServerImpl (ServerState.java:setRaftConf(356)) - 0f02d056-2e43-4ca8-8a74-02455479cd36@group-53ABE10B26CB: set configuration 0: [8580d7eb-3f73-47b2-ba6a-8a0e1abfbb25:172.17.0.2:35053, 0f02d056-2e43-4ca8-8a74-02455479cd36:172.17.0.2:39273, 279d5905-9172-4de8-95e1-bfc467c5ca26:172.17.0.2:33985], old=null at 0
2020-05-13 00:32:48,074 [grpc-default-executor-7] INFO  segmented.SegmentedRaftLogWorker (SegmentedRaftLogWorker.java:startLogSegment(391)) - 0f02d056-2e43-4ca8-8a74-02455479cd36@group-53ABE10B26CB-SegmentedRaftLogWorker: Starting segment from index:0
2020-05-13 00:32:48,076 [0f02d056-2e43-4ca8-8a74-02455479cd36@group-53ABE10B26CB-SegmentedRaftLogWorker] INFO  segmented.SegmentedRaftLogWorker (SegmentedRaftLogWorker.java:execute(583)) - 0f02d056-2e43-4ca8-8a74-02455479cd36@group-53ABE10B26CB-SegmentedRaftLogWorker: created new log segment /github/workspace/mnt/ozone/hadoop-ozone/integration-test/target/test-dir/MiniOzoneClusterImpl-8fbc82c0-848a-4a6b-a3b9-d4d40c3d4f3a/datanode-5/data/ratis/328a1ccd-80b7-4f8b-9c32-53abe10b26cb/current/log_inprogress_0
2020-05-13 00:32:48,079 [grpc-default-executor-7] INFO  ratis.XceiverServerRatis (XceiverServerRatis.java:handleLeaderChangedNotification(762)) - Leader change notification received for group: group-53ABE10B26CB with new leaderId: 279d5905-9172-4de8-95e1-bfc467c5ca26
2020-05-13 00:32:48,079 [grpc-default-executor-7] INFO  impl.RaftServerImpl (ServerState.java:setLeader(255)) - 8580d7eb-3f73-47b2-ba6a-8a0e1abfbb25@group-53ABE10B26CB: change Leader from null to 279d5905-9172-4de8-95e1-bfc467c5ca26 at term 3 for appendEntries, leader elected after 5017ms
2020-05-13 00:32:48,081 [grpc-default-executor-7] INFO  impl.RaftServerImpl (ServerState.java:setRaftConf(356)) - 8580d7eb-3f73-47b2-ba6a-8a0e1abfbb25@group-53ABE10B26CB: set configuration 0: [8580d7eb-3f73-47b2-ba6a-8a0e1abfbb25:172.17.0.2:35053, 0f02d056-2e43-4ca8-8a74-02455479cd36:172.17.0.2:39273, 279d5905-9172-4de8-95e1-bfc467c5ca26:172.17.0.2:33985], old=null at 0
2020-05-13 00:32:48,084 [grpc-default-executor-7] INFO  segmented.SegmentedRaftLogWorker (SegmentedRaftLogWorker.java:truncate(407)) - 8580d7eb-3f73-47b2-ba6a-8a0e1abfbb25@group-53ABE10B26CB-SegmentedRaftLogWorker: Truncating segments toTruncate: null
  toDelete: [(0, 0) isOpen? true, length=0, newEndIndex=-1], start index 0
2020-05-13 00:32:48,086 [8580d7eb-3f73-47b2-ba6a-8a0e1abfbb25@group-53ABE10B26CB-SegmentedRaftLogWorker] INFO  segmented.SegmentedRaftLogWorker (SegmentedRaftLogWorker.java:execute(650)) - 8580d7eb-3f73-47b2-ba6a-8a0e1abfbb25@group-53ABE10B26CB-SegmentedRaftLogWorker: Deleted log file /github/workspace/mnt/ozone/hadoop-ozone/integration-test/target/test-dir/MiniOzoneClusterImpl-8fbc82c0-848a-4a6b-a3b9-d4d40c3d4f3a/datanode-3/data/ratis/328a1ccd-80b7-4f8b-9c32-53abe10b26cb/current/log_inprogress_0
2020-05-13 00:32:48,086 [8580d7eb-3f73-47b2-ba6a-8a0e1abfbb25@group-53ABE10B26CB-SegmentedRaftLogWorker] INFO  segmented.SegmentedRaftLogWorker (SegmentedRaftLogWorker.java:lambda$new$0(129)) - 8580d7eb-3f73-47b2-ba6a-8a0e1abfbb25@group-53ABE10B26CB-SegmentedRaftLogWorker: flushIndex: setUnconditionally 0 -> -1
2020-05-13 00:32:48,087 [grpc-default-executor-7] INFO  segmented.SegmentedRaftLogWorker (SegmentedRaftLogWorker.java:startLogSegment(391)) - 8580d7eb-3f73-47b2-ba6a-8a0e1abfbb25@group-53ABE10B26CB-SegmentedRaftLogWorker: Starting segment from index:0
2020-05-13 00:32:48,088 [8580d7eb-3f73-47b2-ba6a-8a0e1abfbb25@group-53ABE10B26CB-SegmentedRaftLogWorker] INFO  segmented.SegmentedRaftLogWorker (SegmentedRaftLogWorker.java:execute(583)) - 8580d7eb-3f73-47b2-ba6a-8a0e1abfbb25@group-53ABE10B26CB-SegmentedRaftLogWorker: created new log segment /github/workspace/mnt/ozone/hadoop-ozone/integration-test/target/test-dir/MiniOzoneClusterImpl-8fbc82c0-848a-4a6b-a3b9-d4d40c3d4f3a/datanode-3/data/ratis/328a1ccd-80b7-4f8b-9c32-53abe10b26cb/current/log_inprogress_0
2020-05-13 00:32:49,601 [Datanode State Machine Thread - 0] INFO  statemachine.DatanodeStateMachine (DatanodeStateMachine.java:lambda$startDaemon$0(376)) - Ozone container server started.
2020-05-13 00:32:53,755 [main] INFO  ozoneimpl.OzoneContainer (OzoneContainer.java:stop(246)) - Attempting to stop container services.
2020-05-13 00:32:53,756 [main] INFO  impl.RaftServerProxy (RaftServerProxy.java:lambda$close$4(314)) - 0f02d056-2e43-4ca8-8a74-02455479cd36: close
2020-05-13 00:32:53,758 [main] INFO  impl.RaftServerImpl (RaftServerImpl.java:lambda$shutdown$3(250)) - 0f02d056-2e43-4ca8-8a74-02455479cd36@group-53ABE10B26CB: shutdown
2020-05-13 00:32:53,758 [main] INFO  util.JmxRegister (JmxRegister.java:unregister(73)) - Successfully un-registered JMX Bean with object name Ratis:service=RaftServer,group=group-53ABE10B26CB,id=0f02d056-2e43-4ca8-8a74-02455479cd36
2020-05-13 00:32:53,758 [main] INFO  impl.RoleInfo (RoleInfo.java:shutdownFollowerState(121)) - 0f02d056-2e43-4ca8-8a74-02455479cd36: shutdown FollowerState
2020-05-13 00:32:53,759 [main] INFO  impl.StateMachineUpdater (StateMachineUpdater.java:stopAndJoin(142)) - 0f02d056-2e43-4ca8-8a74-02455479cd36@group-53ABE10B26CB-StateMachineUpdater: set stopIndex = 4
2020-05-13 00:32:53,758 [ForkJoinPool.commonPool-worker-0] INFO  impl.RaftServerImpl (RaftServerImpl.java:lambda$shutdown$3(250)) - 0f02d056-2e43-4ca8-8a74-02455479cd36@group-4F73FA676FB7: shutdown
2020-05-13 00:32:53,759 [ForkJoinPool.commonPool-worker-0] INFO  util.JmxRegister (JmxRegister.java:unregister(73)) - Successfully un-registered JMX Bean with object name Ratis:service=RaftServer,group=group-4F73FA676FB7,id=0f02d056-2e43-4ca8-8a74-02455479cd36
2020-05-13 00:32:53,759 [ForkJoinPool.commonPool-worker-0] INFO  impl.RoleInfo (RoleInfo.java:shutdownLeaderState(104)) - 0f02d056-2e43-4ca8-8a74-02455479cd36: shutdown LeaderState
2020-05-13 00:32:53,759 [0f02d056-2e43-4ca8-8a74-02455479cd36@group-53ABE10B26CB-StateMachineUpdater] INFO  ratis.ContainerStateMachine (ContainerStateMachine.java:takeSnapshot(288)) - group-53ABE10B26CB: Taking a snapshot at:(t:3, i:4) file /github/workspace/mnt/ozone/hadoop-ozone/integration-test/target/test-dir/MiniOzoneClusterImpl-8fbc82c0-848a-4a6b-a3b9-d4d40c3d4f3a/datanode-5/data/ratis/328a1ccd-80b7-4f8b-9c32-53abe10b26cb/sm/snapshot.3_4
2020-05-13 00:32:53,759 [ForkJoinPool.commonPool-worker-0] INFO  impl.PendingRequests (PendingRequests.java:sendNotLeaderResponses(242)) - 0f02d056-2e43-4ca8-8a74-02455479cd36@group-4F73FA676FB7-PendingRequests: sendNotLeaderResponses
2020-05-13 00:32:53,761 [ForkJoinPool.commonPool-worker-0] INFO  metrics.RatisMetrics (RatisMetrics.java:unregister(46)) - Unregistering Metrics Registry : ratis.log_appender.0f02d056-2e43-4ca8-8a74-02455479cd36@group-4F73FA676FB7
2020-05-13 00:32:53,762 [0f02d056-2e43-4ca8-8a74-02455479cd36@group-4F73FA676FB7-StateMachineUpdater] INFO  ratis.ContainerStateMachine (ContainerStateMachine.java:takeSnapshot(288)) - group-4F73FA676FB7: Taking a snapshot at:(t:1, i:0) file /github/workspace/mnt/ozone/hadoop-ozone/integration-test/target/test-dir/MiniOzoneClusterImpl-8fbc82c0-848a-4a6b-a3b9-d4d40c3d4f3a/datanode-5/data/ratis/b4e25ab3-faa5-4c24-9fc8-4f73fa676fb7/sm/snapshot.1_0
2020-05-13 00:32:53,759 [Thread-410] INFO  impl.FollowerState (FollowerState.java:run(117)) - 0f02d056-2e43-4ca8-8a74-02455479cd36@group-53ABE10B26CB-FollowerState was interrupted: java.lang.InterruptedException: sleep interrupted
2020-05-13 00:32:53,761 [ForkJoinPool.commonPool-worker-0] INFO  impl.StateMachineUpdater (StateMachineUpdater.java:stopAndJoin(142)) - 0f02d056-2e43-4ca8-8a74-02455479cd36@group-4F73FA676FB7-StateMachineUpdater: set stopIndex = 0
2020-05-13 00:32:53,773 [0f02d056-2e43-4ca8-8a74-02455479cd36@group-4F73FA676FB7-StateMachineUpdater] INFO  ratis.ContainerStateMachine (ContainerStateMachine.java:takeSnapshot(299)) - group-4F73FA676FB7: Finished taking a snapshot at:(t:1, i:0) file:/github/workspace/mnt/ozone/hadoop-ozone/integration-test/target/test-dir/MiniOzoneClusterImpl-8fbc82c0-848a-4a6b-a3b9-d4d40c3d4f3a/datanode-5/data/ratis/b4e25ab3-faa5-4c24-9fc8-4f73fa676fb7/sm/snapshot.1_0 time:12
2020-05-13 00:32:53,775 [0f02d056-2e43-4ca8-8a74-02455479cd36@group-4F73FA676FB7-StateMachineUpdater] INFO  impl.StateMachineUpdater (StateMachineUpdater.java:takeSnapshot(277)) - 0f02d056-2e43-4ca8-8a74-02455479cd36@group-4F73FA676FB7-StateMachineUpdater: Took a snapshot at index 0
2020-05-13 00:32:53,775 [0f02d056-2e43-4ca8-8a74-02455479cd36@group-4F73FA676FB7-StateMachineUpdater] INFO  impl.StateMachineUpdater (StateMachineUpdater.java:lambda$new$0(87)) - 0f02d056-2e43-4ca8-8a74-02455479cd36@group-4F73FA676FB7-StateMachineUpdater: snapshotIndex: updateIncreasingly -1 -> 0
2020-05-13 00:32:53,777 [0f02d056-2e43-4ca8-8a74-02455479cd36@group-53ABE10B26CB-StateMachineUpdater] INFO  ratis.ContainerStateMachine (ContainerStateMachine.java:takeSnapshot(299)) - group-53ABE10B26CB: Finished taking a snapshot at:(t:3, i:4) file:/github/workspace/mnt/ozone/hadoop-ozone/integration-test/target/test-dir/MiniOzoneClusterImpl-8fbc82c0-848a-4a6b-a3b9-d4d40c3d4f3a/datanode-5/data/ratis/328a1ccd-80b7-4f8b-9c32-53abe10b26cb/sm/snapshot.3_4 time:18
2020-05-13 00:32:53,777 [0f02d056-2e43-4ca8-8a74-02455479cd36@group-53ABE10B26CB-StateMachineUpdater] INFO  impl.StateMachineUpdater (StateMachineUpdater.java:takeSnapshot(277)) - 0f02d056-2e43-4ca8-8a74-02455479cd36@group-53ABE10B26CB-StateMachineUpdater: Took a snapshot at index 4
2020-05-13 00:32:53,778 [0f02d056-2e43-4ca8-8a74-02455479cd36@group-53ABE10B26CB-StateMachineUpdater] INFO  impl.StateMachineUpdater (StateMachineUpdater.java:lambda$new$0(87)) - 0f02d056-2e43-4ca8-8a74-02455479cd36@group-53ABE10B26CB-StateMachineUpdater: snapshotIndex: updateIncreasingly -1 -> 4
2020-05-13 00:32:53,779 [0f02d056-2e43-4ca8-8a74-02455479cd36@group-4F73FA676FB7-StateMachineUpdater] INFO  metrics.RatisMetrics (RatisMetrics.java:unregister(46)) - Unregistering Metrics Registry : ratis.state_machine.0f02d056-2e43-4ca8-8a74-02455479cd36@group-4F73FA676FB7
2020-05-13 00:32:53,779 [ForkJoinPool.commonPool-worker-0] INFO  impl.RaftServerImpl (ServerState.java:close(387)) - 0f02d056-2e43-4ca8-8a74-02455479cd36@group-4F73FA676FB7: closes. applyIndex: 0
2020-05-13 00:32:53,780 [0f02d056-2e43-4ca8-8a74-02455479cd36@group-53ABE10B26CB-StateMachineUpdater] INFO  metrics.RatisMetrics (RatisMetrics.java:unregister(46)) - Unregistering Metrics Registry : ratis.state_machine.0f02d056-2e43-4ca8-8a74-02455479cd36@group-53ABE10B26CB
2020-05-13 00:32:53,780 [main] INFO  impl.RaftServerImpl (ServerState.java:close(387)) - 0f02d056-2e43-4ca8-8a74-02455479cd36@group-53ABE10B26CB: closes. applyIndex: 4
2020-05-13 00:32:53,781 [0f02d056-2e43-4ca8-8a74-02455479cd36@group-53ABE10B26CB-SegmentedRaftLogWorker] INFO  segmented.SegmentedRaftLogWorker (SegmentedRaftLogWorker.java:run(321)) - 0f02d056-2e43-4ca8-8a74-02455479cd36@group-53ABE10B26CB-SegmentedRaftLogWorker was interrupted, exiting. There are 0 tasks remaining in the queue.
2020-05-13 00:32:53,782 [main] INFO  segmented.SegmentedRaftLogWorker (SegmentedRaftLogWorker.java:close(229)) - 0f02d056-2e43-4ca8-8a74-02455479cd36@group-53ABE10B26CB-SegmentedRaftLogWorker close()
2020-05-13 00:32:53,783 [main] INFO  metrics.RatisMetrics (RatisMetrics.java:unregister(46)) - Unregistering Metrics Registry : ratis.log_worker.0f02d056-2e43-4ca8-8a74-02455479cd36
2020-05-13 00:32:53,783 [main] INFO  metrics.RatisMetrics (RatisMetrics.java:unregister(46)) - Unregistering Metrics Registry : ratis.leader_election.0f02d056-2e43-4ca8-8a74-02455479cd36@group-53ABE10B26CB
2020-05-13 00:32:53,783 [main] INFO  metrics.RatisMetrics (RatisMetrics.java:unregister(46)) - Unregistering Metrics Registry : ratis.server.0f02d056-2e43-4ca8-8a74-02455479cd36@group-53ABE10B26CB
2020-05-13 00:32:53,784 [0f02d056-2e43-4ca8-8a74-02455479cd36@group-4F73FA676FB7-SegmentedRaftLogWorker] INFO  segmented.SegmentedRaftLogWorker (SegmentedRaftLogWorker.java:run(321)) - 0f02d056-2e43-4ca8-8a74-02455479cd36@group-4F73FA676FB7-SegmentedRaftLogWorker was interrupted, exiting. There are 0 tasks remaining in the queue.
2020-05-13 00:32:53,785 [ForkJoinPool.commonPool-worker-0] INFO  segmented.SegmentedRaftLogWorker (SegmentedRaftLogWorker.java:close(229)) - 0f02d056-2e43-4ca8-8a74-02455479cd36@group-4F73FA676FB7-SegmentedRaftLogWorker close()
2020-05-13 00:32:53,786 [ForkJoinPool.commonPool-worker-0] INFO  metrics.RatisMetrics (RatisMetrics.java:unregister(46)) - Unregistering Metrics Registry : ratis.log_worker.0f02d056-2e43-4ca8-8a74-02455479cd36
2020-05-13 00:32:53,786 [ForkJoinPool.commonPool-worker-0] INFO  metrics.RatisMetrics (RatisMetrics.java:unregister(46)) - Unregistering Metrics Registry : ratis.leader_election.0f02d056-2e43-4ca8-8a74-02455479cd36@group-4F73FA676FB7
2020-05-13 00:32:53,786 [ForkJoinPool.commonPool-worker-0] INFO  metrics.RatisMetrics (RatisMetrics.java:unregister(46)) - Unregistering Metrics Registry : ratis.server.0f02d056-2e43-4ca8-8a74-02455479cd36@group-4F73FA676FB7
2020-05-13 00:32:53,786 [main] INFO  server.GrpcService (GrpcService.java:closeImpl(165)) - 0f02d056-2e43-4ca8-8a74-02455479cd36: shutdown server with port 39273 now
2020-05-13 00:32:53,794 [grpc-default-executor-5] WARN  server.GrpcLogAppender (LogUtils.java:warn(122)) - 279d5905-9172-4de8-95e1-bfc467c5ca26@group-53ABE10B26CB->0f02d056-2e43-4ca8-8a74-02455479cd36-AppendLogResponseHandler: Failed appendEntries: org.apache.ratis.thirdparty.io.grpc.StatusRuntimeException: CANCELLED: HTTP/2 error code: CANCEL
Received Rst Stream
2020-05-13 00:32:53,795 [grpc-default-executor-7] WARN  server.GrpcServerProtocolService (LogUtils.java:warn(122)) - 0f02d056-2e43-4ca8-8a74-02455479cd36: installSnapshot onError, lastRequest: 279d5905-9172-4de8-95e1-bfc467c5ca26->0f02d056-2e43-4ca8-8a74-02455479cd36#5-t3, previous=(t:3, i:3), leaderCommit=3, initializing? false, entries: size=1, first=(t:3, i:4), METADATAENTRY(c:2): org.apache.ratis.thirdparty.io.grpc.StatusRuntimeException: CANCELLED: cancelled before receiving half close
2020-05-13 00:32:53,796 [main] INFO  server.GrpcService (GrpcService.java:closeImpl(173)) - 0f02d056-2e43-4ca8-8a74-02455479cd36: shutdown server with port 39273 successfully
2020-05-13 00:32:53,797 [grpc-default-executor-5] INFO  impl.FollowerInfo (FollowerInfo.java:lambda$new$0(50)) - 279d5905-9172-4de8-95e1-bfc467c5ca26@group-53ABE10B26CB->0f02d056-2e43-4ca8-8a74-02455479cd36: nextIndex: updateUnconditionally 5 -> 4
2020-05-13 00:32:53,818 [main] INFO  utils.BackgroundService (BackgroundService.java:shutdown(157)) - Shutting down service BlockDeletingService
2020-05-13 00:32:53,820 [main] INFO  statemachine.DatanodeStateMachine (DatanodeStateMachine.java:stopDaemon(424)) - Ozone container server stopped.
2020-05-13 00:32:53,824 [main] INFO  handler.ContextHandler (ContextHandler.java:doStop(1016)) - Stopped o.e.j.w.WebAppContext@8ca92ee{hddsDatanode,/,null,UNAVAILABLE}{jar:file:/home/user/.m2/repository/org/apache/hadoop/hadoop-hdds-container-service/0.6.0-SNAPSHOT/hadoop-hdds-container-service-0.6.0-SNAPSHOT.jar!/webapps/hddsDatanode}
2020-05-13 00:32:53,829 [main] INFO  server.AbstractConnector (AbstractConnector.java:doStop(380)) - Stopped ServerConnector@50fc74a8{HTTP/1.1,[http/1.1]}{0.0.0.0:0}
2020-05-13 00:32:53,829 [main] INFO  server.session (HouseKeeper.java:stopScavenging(158)) - node0 Stopped scavenging
2020-05-13 00:32:53,830 [main] INFO  handler.ContextHandler (ContextHandler.java:doStop(1016)) - Stopped o.e.j.s.ServletContextHandler@6bf41db8{static,/static,jar:file:/home/user/.m2/repository/org/apache/hadoop/hadoop-hdds-container-service/0.6.0-SNAPSHOT/hadoop-hdds-container-service-0.6.0-SNAPSHOT.jar!/webapps/static,UNAVAILABLE}
2020-05-13 00:32:53,830 [main] INFO  handler.ContextHandler (ContextHandler.java:doStop(1016)) - Stopped o.e.j.s.ServletContextHandler@36776af9{logs,/logs,file:///github/workspace/mnt/ozone/hadoop-ozone/integration-test/target/log,UNAVAILABLE}
]]></system-out>
    <system-err><![CDATA[ERROR StatusLogger No Log4j 2 configuration file found. Using default configuration (logging only errors to the console), or user programmatically provided configurations. Set system property 'log4j2.debug' to show Log4j 2 internal initialization logging. See https://logging.apache.org/log4j/2.x/manual/configuration.html for instructions on how to configure Log4j 2
May 13, 2020 12:32:53 AM org.apache.ratis.thirdparty.io.grpc.internal.SerializingExecutor run
SEVERE: Exception while executing runnable org.apache.ratis.thirdparty.io.grpc.internal.ServerImpl$JumpToApplicationThreadServerStreamListener$1Closed@75db8494
org.apache.ratis.thirdparty.io.grpc.StatusRuntimeException: CANCELLED: call already cancelled
	at org.apache.ratis.thirdparty.io.grpc.Status.asRuntimeException(Status.java:524)
	at org.apache.ratis.thirdparty.io.grpc.stub.ServerCalls$ServerCallStreamObserverImpl.onCompleted(ServerCalls.java:368)
	at org.apache.ratis.grpc.server.GrpcServerProtocolService$ServerRequestStreamObserver.onError(GrpcServerProtocolService.java:145)
	at org.apache.ratis.thirdparty.io.grpc.stub.ServerCalls$StreamingServerCallHandler$StreamingServerCallListener.onCancel(ServerCalls.java:272)
	at org.apache.ratis.thirdparty.io.grpc.internal.ServerCallImpl$ServerStreamListenerImpl.closedInternal(ServerCallImpl.java:353)
	at org.apache.ratis.thirdparty.io.grpc.internal.ServerCallImpl$ServerStreamListenerImpl.closed(ServerCallImpl.java:341)
	at org.apache.ratis.thirdparty.io.grpc.internal.ServerImpl$JumpToApplicationThreadServerStreamListener$1Closed.runInContext(ServerImpl.java:867)
	at org.apache.ratis.thirdparty.io.grpc.internal.ContextRunnable.run(ContextRunnable.java:37)
	at org.apache.ratis.thirdparty.io.grpc.internal.SerializingExecutor.run(SerializingExecutor.java:123)
	at java.util.concurrent.ThreadPoolExecutor.runWorker(ThreadPoolExecutor.java:1149)
	at java.util.concurrent.ThreadPoolExecutor$Worker.run(ThreadPoolExecutor.java:624)
	at java.lang.Thread.run(Thread.java:748)

]]></system-err>
  </testcase>
</testsuite>