<?xml version="1.0" encoding="UTF-8"?>
<testsuite xmlns:xsi="http://www.w3.org/2001/XMLSchema-instance" xsi:noNamespaceSchemaLocation="https://maven.apache.org/surefire/maven-surefire-plugin/xsd/surefire-test-report-3.0.xsd" version="3.0" name="org.apache.hadoop.ozone.client.rpc.TestOzoneRpcClient" time="91.072" tests="118" errors="0" skipped="0" failures="1">
  <properties>
    <property name="awt.toolkit" value="sun.awt.X11.XToolkit"/>
    <property name="file.encoding.pkg" value="sun.io"/>
    <property name="java.specification.version" value="1.8"/>
    <property name="sun.cpu.isalist" value=""/>
    <property name="sun.jnu.encoding" value="UTF-8"/>
    <property name="java.class.path" value="/home/runner/work/ozone/ozone/hadoop-ozone/integration-test/target/test-classes:/home/runner/work/ozone/ozone/hadoop-ozone/integration-test/target/classes:/home/runner/.m2/repository/org/apache/ozone/ozone-common/1.4.0-SNAPSHOT/ozone-common-1.4.0-SNAPSHOT.jar:/home/runner/.m2/repository/io/grpc/grpc-netty/1.51.1/grpc-netty-1.51.1.jar:/home/runner/.m2/repository/io/grpc/grpc-core/1.51.1/grpc-core-1.51.1.jar:/home/runner/.m2/repository/com/google/android/annotations/4.1.1.4/annotations-4.1.1.4.jar:/home/runner/.m2/repository/org/codehaus/mojo/animal-sniffer-annotations/1.21/animal-sniffer-annotations-1.21.jar:/home/runner/.m2/repository/com/google/errorprone/error_prone_annotations/2.2.0/error_prone_annotations-2.2.0.jar:/home/runner/.m2/repository/io/perfmark/perfmark-api/0.25.0/perfmark-api-0.25.0.jar:/home/runner/.m2/repository/io/netty/netty-codec-http2/4.1.86.Final/netty-codec-http2-4.1.86.Final.jar:/home/runner/.m2/repository/io/netty/netty-common/4.1.86.Final/netty-common-4.1.86.Final.jar:/home/runner/.m2/repository/io/netty/netty-buffer/4.1.86.Final/netty-buffer-4.1.86.Final.jar:/home/runner/.m2/repository/io/netty/netty-codec-http/4.1.86.Final/netty-codec-http-4.1.86.Final.jar:/home/runner/.m2/repository/io/netty/netty-handler-proxy/4.1.86.Final/netty-handler-proxy-4.1.86.Final.jar:/home/runner/.m2/repository/io/netty/netty-codec-socks/4.1.86.Final/netty-codec-socks-4.1.86.Final.jar:/home/runner/.m2/repository/io/netty/netty-tcnative-boringssl-static/2.0.54.Final/netty-tcnative-boringssl-static-2.0.54.Final.jar:/home/runner/.m2/repository/io/netty/netty-tcnative-classes/2.0.54.Final/netty-tcnative-classes-2.0.54.Final.jar:/home/runner/.m2/repository/io/netty/netty-tcnative-boringssl-static/2.0.54.Final/netty-tcnative-boringssl-static-2.0.54.Final-linux-x86_64.jar:/home/runner/.m2/repository/io/netty/netty-tcnative-boringssl-static/2.0.54.Final/netty-tcnative-boringssl-static-2.0.54.Final-linux-aarch_64.jar:/home/runner/.m2/repository/io/netty/netty-tcnative-boringssl-static/2.0.54.Final/netty-tcnative-boringssl-static-2.0.54.Final-osx-x86_64.jar:/home/runner/.m2/repository/io/netty/netty-tcnative-boringssl-static/2.0.54.Final/netty-tcnative-boringssl-static-2.0.54.Final-osx-aarch_64.jar:/home/runner/.m2/repository/io/netty/netty-tcnative-boringssl-static/2.0.54.Final/netty-tcnative-boringssl-static-2.0.54.Final-windows-x86_64.jar:/home/runner/.m2/repository/org/apache/commons/commons-compress/1.21/commons-compress-1.21.jar:/home/runner/.m2/repository/org/apache/ozone/hdds-common/1.4.0-SNAPSHOT/hdds-common-1.4.0-SNAPSHOT.jar:/home/runner/.m2/repository/org/apache/ozone/hdds-client/1.4.0-SNAPSHOT/hdds-client-1.4.0-SNAPSHOT.jar:/home/runner/.m2/repository/org/apache/ozone/ozone-interface-client/1.4.0-SNAPSHOT/ozone-interface-client-1.4.0-SNAPSHOT.jar:/home/runner/.m2/repository/org/apache/hadoop/hadoop-hdfs-client/3.3.5/hadoop-hdfs-client-3.3.5.jar:/home/runner/.m2/repository/com/squareup/okhttp3/okhttp/4.9.3/okhttp-4.9.3.jar:/home/runner/.m2/repository/com/squareup/okio/okio/2.8.0/okio-2.8.0.jar:/home/runner/.m2/repository/org/jetbrains/kotlin/kotlin-stdlib-common/1.6.21/kotlin-stdlib-common-1.6.21.jar:/home/runner/.m2/repository/org/apache/ozone/hdds-test-utils/1.4.0-SNAPSHOT/hdds-test-utils-1.4.0-SNAPSHOT.jar:/home/runner/.m2/repository/com/google/guava/guava/31.1-jre/guava-31.1-jre.jar:/home/runner/.m2/repository/com/google/guava/failureaccess/1.0.1/failureaccess-1.0.1.jar:/home/runner/.m2/repository/com/google/guava/listenablefuture/9999.0-empty-to-avoid-conflict-with-guava/listenablefuture-9999.0-empty-to-avoid-conflict-with-guava.jar:/home/runner/.m2/repository/com/google/code/findbugs/jsr305/3.0.0/jsr305-3.0.0.jar:/home/runner/.m2/repository/org/checkerframework/checker-qual/3.12.0/checker-qual-3.12.0.jar:/home/runner/.m2/repository/com/google/j2objc/j2objc-annotations/1.3/j2objc-annotations-1.3.jar:/home/runner/.m2/repository/commons-io/commons-io/2.11.0/commons-io-2.11.0.jar:/home/runner/.m2/repository/commons-logging/commons-logging/1.2/commons-logging-1.2.jar:/home/runner/.m2/repository/ch/qos/reload4j/reload4j/1.2.22/reload4j-1.2.22.jar:/home/runner/.m2/repository/org/slf4j/slf4j-api/1.7.36/slf4j-api-1.7.36.jar:/home/runner/.m2/repository/org/apache/ozone/hdds-server-scm/1.4.0-SNAPSHOT/hdds-server-scm-1.4.0-SNAPSHOT.jar:/home/runner/.m2/repository/org/apache/ozone/hdds-container-service/1.4.0-SNAPSHOT/hdds-container-service-1.4.0-SNAPSHOT.jar:/home/runner/.m2/repository/org/apache/ozone/hdds-hadoop-dependency-server/1.4.0-SNAPSHOT/hdds-hadoop-dependency-server-1.4.0-SNAPSHOT.jar:/home/runner/.m2/repository/org/apache/hadoop/hadoop-hdfs/3.3.5/hadoop-hdfs-3.3.5.jar:/home/runner/.m2/repository/commons-daemon/commons-daemon/1.0.13/commons-daemon-1.0.13.jar:/home/runner/.m2/repository/org/apache/ozone/hdds-server-framework/1.4.0-SNAPSHOT/hdds-server-framework-1.4.0-SNAPSHOT.jar:/home/runner/.m2/repository/io/dropwizard/metrics/metrics-core/3.2.4/metrics-core-3.2.4.jar:/home/runner/.m2/repository/org/apache/commons/commons-text/1.4/commons-text-1.4.jar:/home/runner/.m2/repository/org/bouncycastle/bcprov-jdk15on/1.67/bcprov-jdk15on-1.67.jar:/home/runner/.m2/repository/com/google/protobuf/protobuf-java/2.5.0/protobuf-java-2.5.0.jar:/home/runner/.m2/repository/org/apache/ozone/hdds-server-framework/1.4.0-SNAPSHOT/hdds-server-framework-1.4.0-SNAPSHOT-tests.jar:/home/runner/.m2/repository/org/apache/ozone/hdds-interface-server/1.4.0-SNAPSHOT/hdds-interface-server-1.4.0-SNAPSHOT.jar:/home/runner/.m2/repository/org/apache/ozone/hdds-interface-admin/1.4.0-SNAPSHOT/hdds-interface-admin-1.4.0-SNAPSHOT.jar:/home/runner/.m2/repository/org/apache/ozone/hdds-managed-rocksdb/1.4.0-SNAPSHOT/hdds-managed-rocksdb-1.4.0-SNAPSHOT.jar:/home/runner/.m2/repository/org/rocksdb/rocksdbjni/7.7.3/rocksdbjni-7.7.3.jar:/home/runner/.m2/repository/org/slf4j/slf4j-reload4j/1.7.36/slf4j-reload4j-1.7.36.jar:/home/runner/.m2/repository/org/apache/commons/commons-configuration2/2.1.1/commons-configuration2-2.1.1.jar:/home/runner/.m2/repository/org/apache/logging/log4j/log4j-core/2.17.1/log4j-core-2.17.1.jar:/home/runner/.m2/repository/com/lmax/disruptor/3.4.2/disruptor-3.4.2.jar:/home/runner/.m2/repository/org/eclipse/jetty/jetty-util/9.4.51.v20230217/jetty-util-9.4.51.v20230217.jar:/home/runner/.m2/repository/org/eclipse/jetty/jetty-server/9.4.51.v20230217/jetty-server-9.4.51.v20230217.jar:/home/runner/.m2/repository/org/eclipse/jetty/jetty-http/9.4.51.v20230217/jetty-http-9.4.51.v20230217.jar:/home/runner/.m2/repository/org/eclipse/jetty/jetty-io/9.4.51.v20230217/jetty-io-9.4.51.v20230217.jar:/home/runner/.m2/repository/org/eclipse/jetty/jetty-servlet/9.4.51.v20230217/jetty-servlet-9.4.51.v20230217.jar:/home/runner/.m2/repository/org/eclipse/jetty/jetty-security/9.4.51.v20230217/jetty-security-9.4.51.v20230217.jar:/home/runner/.m2/repository/org/eclipse/jetty/jetty-util-ajax/9.4.51.v20230217/jetty-util-ajax-9.4.51.v20230217.jar:/home/runner/.m2/repository/org/eclipse/jetty/jetty-webapp/9.4.51.v20230217/jetty-webapp-9.4.51.v20230217.jar:/home/runner/.m2/repository/org/eclipse/jetty/jetty-xml/9.4.51.v20230217/jetty-xml-9.4.51.v20230217.jar:/home/runner/.m2/repository/org/apache/ratis/ratis-server/2.5.1/ratis-server-2.5.1.jar:/home/runner/.m2/repository/org/apache/ratis/ratis-thirdparty-misc/1.0.4/ratis-thirdparty-misc-1.0.4.jar:/home/runner/.m2/repository/org/apache/ratis/ratis-proto/2.5.1/ratis-proto-2.5.1.jar:/home/runner/.m2/repository/org/apache/ratis/ratis-common/2.5.1/ratis-common-2.5.1.jar:/home/runner/.m2/repository/org/apache/ratis/ratis-client/2.5.1/ratis-client-2.5.1.jar:/home/runner/.m2/repository/org/apache/ratis/ratis-server-api/2.5.1/ratis-server-api-2.5.1.jar:/home/runner/.m2/repository/org/apache/ratis/ratis-metrics/2.5.1/ratis-metrics-2.5.1.jar:/home/runner/.m2/repository/io/prometheus/simpleclient_dropwizard/0.7.0/simpleclient_dropwizard-0.7.0.jar:/home/runner/.m2/repository/io/prometheus/simpleclient/0.7.0/simpleclient-0.7.0.jar:/home/runner/.m2/repository/io/prometheus/simpleclient_common/0.7.0/simpleclient_common-0.7.0.jar:/home/runner/.m2/repository/com/fasterxml/jackson/datatype/jackson-datatype-jsr310/2.13.4/jackson-datatype-jsr310-2.13.4.jar:/home/runner/.m2/repository/com/fasterxml/jackson/core/jackson-core/2.13.4/jackson-core-2.13.4.jar:/home/runner/.m2/repository/com/github/spotbugs/spotbugs-annotations/3.1.12/spotbugs-annotations-3.1.12.jar:/home/runner/.m2/repository/org/apache/ozone/rocksdb-checkpoint-differ/1.4.0-SNAPSHOT/rocksdb-checkpoint-differ-1.4.0-SNAPSHOT.jar:/home/runner/.m2/repository/org/awaitility/awaitility/4.2.0/awaitility-4.2.0.jar:/home/runner/.m2/repository/org/hamcrest/hamcrest/2.1/hamcrest-2.1.jar:/home/runner/.m2/repository/org/apache/ozone/ozone-manager/1.4.0-SNAPSHOT/ozone-manager-1.4.0-SNAPSHOT.jar:/home/runner/.m2/repository/org/aspectj/aspectjrt/1.9.7/aspectjrt-1.9.7.jar:/home/runner/.m2/repository/org/aspectj/aspectjweaver/1.9.7/aspectjweaver-1.9.7.jar:/home/runner/.m2/repository/org/apache/ozone/hdds-interface-client/1.4.0-SNAPSHOT/hdds-interface-client-1.4.0-SNAPSHOT.jar:/home/runner/.m2/repository/org/apache/hadoop/thirdparty/hadoop-shaded-protobuf_3_7/1.1.1/hadoop-shaded-protobuf_3_7-1.1.1.jar:/home/runner/.m2/repository/org/apache/ozone/ozone-interface-storage/1.4.0-SNAPSHOT/ozone-interface-storage-1.4.0-SNAPSHOT.jar:/home/runner/.m2/repository/org/reflections/reflections/0.9.11/reflections-0.9.11.jar:/home/runner/.m2/repository/com/sun/jersey/jersey-client/1.19/jersey-client-1.19.jar:/home/runner/.m2/repository/org/codehaus/jackson/jackson-core-asl/1.9.13/jackson-core-asl-1.9.13.jar:/home/runner/.m2/repository/org/codehaus/jackson/jackson-mapper-asl/1.9.13/jackson-mapper-asl-1.9.13.jar:/home/runner/.m2/repository/org/codehaus/jackson/jackson-jaxrs/1.9.13/jackson-jaxrs-1.9.13.jar:/home/runner/.m2/repository/org/apache/ranger/ranger-intg/2.3.0/ranger-intg-2.3.0.jar:/home/runner/.m2/repository/org/apache/ranger/ranger-plugins-common/2.3.0/ranger-plugins-common-2.3.0.jar:/home/runner/.m2/repository/commons-lang/commons-lang/2.6/commons-lang-2.6.jar:/home/runner/.m2/repository/org/apache/ranger/ranger-plugins-cred/2.3.0/ranger-plugins-cred-2.3.0.jar:/home/runner/.m2/repository/org/apache/ranger/ranger-plugins-audit/2.3.0/ranger-plugins-audit-2.3.0.jar:/home/runner/.m2/repository/org/eclipse/jetty/jetty-client/9.4.51.v20230217/jetty-client-9.4.51.v20230217.jar:/home/runner/.m2/repository/org/apache/httpcomponents/httpmime/4.5.6/httpmime-4.5.6.jar:/home/runner/.m2/repository/org/apache/httpcomponents/httpcore-nio/4.4.13/httpcore-nio-4.4.13.jar:/home/runner/.m2/repository/org/apache/httpcomponents/httpasyncclient/4.1.3/httpasyncclient-4.1.3.jar:/home/runner/.m2/repository/com/carrotsearch/hppc/0.8.0/hppc-0.8.0.jar:/home/runner/.m2/repository/org/apache/orc/orc-core/1.5.8/orc-core-1.5.8.jar:/home/runner/.m2/repository/net/java/dev/jna/jna/5.2.0/jna-5.2.0.jar:/home/runner/.m2/repository/net/java/dev/jna/jna-platform/5.2.0/jna-platform-5.2.0.jar:/home/runner/.m2/repository/com/kstruct/gethostname4j/0.0.2/gethostname4j-0.0.2.jar:/home/runner/.m2/repository/org/apache/ranger/ranger-plugin-classloader/2.3.0/ranger-plugin-classloader-2.3.0.jar:/home/runner/.m2/repository/org/apache/ozone/hdds-rocks-native/1.4.0-SNAPSHOT/hdds-rocks-native-1.4.0-SNAPSHOT.jar:/home/runner/.m2/repository/org/apache/hadoop/hadoop-minikdc/3.3.5/hadoop-minikdc-3.3.5.jar:/home/runner/.m2/repository/org/apache/kerby/kerb-simplekdc/1.0.1/kerb-simplekdc-1.0.1.jar:/home/runner/.m2/repository/org/apache/kerby/kerb-client/1.0.1/kerb-client-1.0.1.jar:/home/runner/.m2/repository/org/apache/kerby/kerby-config/1.0.1/kerby-config-1.0.1.jar:/home/runner/.m2/repository/org/apache/kerby/kerb-common/1.0.1/kerb-common-1.0.1.jar:/home/runner/.m2/repository/org/apache/kerby/kerb-crypto/1.0.1/kerb-crypto-1.0.1.jar:/home/runner/.m2/repository/org/apache/kerby/kerb-util/1.0.1/kerb-util-1.0.1.jar:/home/runner/.m2/repository/org/apache/kerby/token-provider/1.0.1/token-provider-1.0.1.jar:/home/runner/.m2/repository/org/apache/kerby/kerb-admin/1.0.1/kerb-admin-1.0.1.jar:/home/runner/.m2/repository/org/apache/kerby/kerb-server/1.0.1/kerb-server-1.0.1.jar:/home/runner/.m2/repository/org/apache/kerby/kerb-identity/1.0.1/kerb-identity-1.0.1.jar:/home/runner/.m2/repository/org/apache/kerby/kerby-xdr/1.0.1/kerby-xdr-1.0.1.jar:/home/runner/.m2/repository/org/apache/ozone/ozone-s3gateway/1.4.0-SNAPSHOT/ozone-s3gateway-1.4.0-SNAPSHOT.jar:/home/runner/.m2/repository/org/javassist/javassist/3.21.0-GA/javassist-3.21.0-GA.jar:/home/runner/.m2/repository/org/jboss/weld/servlet/weld-servlet-shaded/3.1.9.Final/weld-servlet-shaded-3.1.9.Final.jar:/home/runner/.m2/repository/org/glassfish/jersey/containers/jersey-container-servlet-core/2.34/jersey-container-servlet-core-2.34.jar:/home/runner/.m2/repository/org/glassfish/hk2/external/jakarta.inject/2.6.1/jakarta.inject-2.6.1.jar:/home/runner/.m2/repository/org/glassfish/jersey/core/jersey-common/2.34/jersey-common-2.34.jar:/home/runner/.m2/repository/jakarta/ws/rs/jakarta.ws.rs-api/2.1.6/jakarta.ws.rs-api-2.1.6.jar:/home/runner/.m2/repository/org/glassfish/jersey/ext/cdi/jersey-cdi1x/2.34/jersey-cdi1x-2.34.jar:/home/runner/.m2/repository/org/glassfish/jersey/inject/jersey-hk2/2.34/jersey-hk2-2.34.jar:/home/runner/.m2/repository/org/glassfish/hk2/hk2-locator/2.6.1/hk2-locator-2.6.1.jar:/home/runner/.m2/repository/org/glassfish/jersey/media/jersey-media-jaxb/2.34/jersey-media-jaxb-2.34.jar:/home/runner/.m2/repository/org/glassfish/hk2/osgi-resource-locator/1.0.3/osgi-resource-locator-1.0.3.jar:/home/runner/.m2/repository/org/glassfish/hk2/hk2-api/2.5.0/hk2-api-2.5.0.jar:/home/runner/.m2/repository/org/glassfish/hk2/hk2-utils/2.5.0/hk2-utils-2.5.0.jar:/home/runner/.m2/repository/org/glassfish/hk2/external/aopalliance-repackaged/2.5.0/aopalliance-repackaged-2.5.0.jar:/home/runner/.m2/repository/com/fasterxml/jackson/dataformat/jackson-dataformat-xml/2.13.4/jackson-dataformat-xml-2.13.4.jar:/home/runner/.m2/repository/org/codehaus/woodstox/stax2-api/4.2.1/stax2-api-4.2.1.jar:/home/runner/.m2/repository/com/fasterxml/woodstox/woodstox-core/5.4.0/woodstox-core-5.4.0.jar:/home/runner/.m2/repository/com/fasterxml/jackson/module/jackson-module-jaxb-annotations/2.13.4/jackson-module-jaxb-annotations-2.13.4.jar:/home/runner/.m2/repository/jakarta/xml/bind/jakarta.xml.bind-api/2.3.3/jakarta.xml.bind-api-2.3.3.jar:/home/runner/.m2/repository/jakarta/activation/jakarta.activation-api/1.2.2/jakarta.activation-api-1.2.2.jar:/home/runner/.m2/repository/javax/enterprise/cdi-api/2.0/cdi-api-2.0.jar:/home/runner/.m2/repository/javax/el/javax.el-api/3.0.0/javax.el-api-3.0.0.jar:/home/runner/.m2/repository/javax/interceptor/javax.interceptor-api/1.2/javax.interceptor-api-1.2.jar:/home/runner/.m2/repository/javax/inject/javax.inject/1/javax.inject-1.jar:/home/runner/.m2/repository/javax/xml/bind/jaxb-api/2.3.0/jaxb-api-2.3.0.jar:/home/runner/.m2/repository/org/glassfish/jaxb/jaxb-runtime/2.3.0.1/jaxb-runtime-2.3.0.1.jar:/home/runner/.m2/repository/org/glassfish/jaxb/jaxb-core/2.3.0.1/jaxb-core-2.3.0.1.jar:/home/runner/.m2/repository/org/glassfish/jaxb/txw2/2.3.0.1/txw2-2.3.0.1.jar:/home/runner/.m2/repository/com/sun/istack/istack-commons-runtime/3.0.5/istack-commons-runtime-3.0.5.jar:/home/runner/.m2/repository/org/jvnet/staxex/stax-ex/1.7.8/stax-ex-1.7.8.jar:/home/runner/.m2/repository/com/sun/xml/fastinfoset/FastInfoset/1.2.13/FastInfoset-1.2.13.jar:/home/runner/.m2/repository/javax/activation/activation/1.1.1/activation-1.1.1.jar:/home/runner/.m2/repository/io/grpc/grpc-protobuf/1.51.1/grpc-protobuf-1.51.1.jar:/home/runner/.m2/repository/com/google/api/grpc/proto-google-common-protos/2.9.0/proto-google-common-protos-2.9.0.jar:/home/runner/.m2/repository/io/grpc/grpc-protobuf-lite/1.51.1/grpc-protobuf-lite-1.51.1.jar:/home/runner/.m2/repository/io/grpc/grpc-stub/1.51.1/grpc-stub-1.51.1.jar:/home/runner/.m2/repository/io/netty/netty-transport/4.1.86.Final/netty-transport-4.1.86.Final.jar:/home/runner/.m2/repository/io/netty/netty-resolver/4.1.86.Final/netty-resolver-4.1.86.Final.jar:/home/runner/.m2/repository/org/apache/ozone/ozone-csi/1.4.0-SNAPSHOT/ozone-csi-1.4.0-SNAPSHOT.jar:/home/runner/.m2/repository/com/google/protobuf/protobuf-java-util/3.19.6/protobuf-java-util-3.19.6.jar:/home/runner/.m2/repository/com/google/code/gson/gson/2.9.0/gson-2.9.0.jar:/home/runner/.m2/repository/org/apache/ozone/hdds-config/1.4.0-SNAPSHOT/hdds-config-1.4.0-SNAPSHOT.jar:/home/runner/.m2/repository/io/netty/netty-transport-native-epoll/4.1.86.Final/netty-transport-native-epoll-4.1.86.Final-linux-x86_64.jar:/home/runner/.m2/repository/io/netty/netty-transport-classes-epoll/4.1.86.Final/netty-transport-classes-epoll-4.1.86.Final.jar:/home/runner/.m2/repository/io/netty/netty-transport-native-unix-common/4.1.86.Final/netty-transport-native-unix-common-4.1.86.Final.jar:/home/runner/.m2/repository/org/apache/ozone/ozone-recon/1.4.0-SNAPSHOT/ozone-recon-1.4.0-SNAPSHOT.jar:/home/runner/.m2/repository/org/apache/ozone/ozone-reconcodegen/1.4.0-SNAPSHOT/ozone-reconcodegen-1.4.0-SNAPSHOT.jar:/home/runner/.m2/repository/com/google/inject/guice/5.1.0/guice-5.1.0.jar:/home/runner/.m2/repository/aopalliance/aopalliance/1.0/aopalliance-1.0.jar:/home/runner/.m2/repository/com/google/inject/extensions/guice-assistedinject/5.1.0/guice-assistedinject-5.1.0.jar:/home/runner/.m2/repository/com/google/inject/extensions/guice-servlet/5.1.0/guice-servlet-5.1.0.jar:/home/runner/.m2/repository/org/glassfish/jersey/containers/jersey-container-servlet/2.34/jersey-container-servlet-2.34.jar:/home/runner/.m2/repository/org/glassfish/hk2/guice-bridge/2.5.0/guice-bridge-2.5.0.jar:/home/runner/.m2/repository/org/glassfish/jersey/core/jersey-server/2.34/jersey-server-2.34.jar:/home/runner/.m2/repository/org/glassfish/jersey/core/jersey-client/2.34/jersey-client-2.34.jar:/home/runner/.m2/repository/jakarta/annotation/jakarta.annotation-api/1.3.5/jakarta.annotation-api-1.3.5.jar:/home/runner/.m2/repository/jakarta/validation/jakarta.validation-api/2.0.2/jakarta.validation-api-2.0.2.jar:/home/runner/.m2/repository/org/glassfish/jersey/media/jersey-media-json-jackson/2.34/jersey-media-json-jackson-2.34.jar:/home/runner/.m2/repository/org/glassfish/jersey/ext/jersey-entity-filtering/2.34/jersey-entity-filtering-2.34.jar:/home/runner/.m2/repository/org/jooq/jooq/3.11.10/jooq-3.11.10.jar:/home/runner/.m2/repository/org/jooq/jooq-meta/3.11.10/jooq-meta-3.11.10.jar:/home/runner/.m2/repository/org/jooq/jooq-codegen/3.11.10/jooq-codegen-3.11.10.jar:/home/runner/.m2/repository/com/jolbox/bonecp/0.8.0.RELEASE/bonecp-0.8.0.RELEASE.jar:/home/runner/.m2/repository/org/apache/derby/derby/10.14.2.0/derby-10.14.2.0.jar:/home/runner/.m2/repository/org/xerial/sqlite-jdbc/3.41.2.2/sqlite-jdbc-3.41.2.2.jar:/home/runner/.m2/repository/org/springframework/spring-jdbc/5.3.27/spring-jdbc-5.3.27.jar:/home/runner/.m2/repository/org/springframework/spring-beans/5.3.27/spring-beans-5.3.27.jar:/home/runner/.m2/repository/org/springframework/spring-core/5.3.27/spring-core-5.3.27.jar:/home/runner/.m2/repository/org/springframework/spring-tx/5.3.27/spring-tx-5.3.27.jar:/home/runner/.m2/repository/org/apache/ozone/ozone-client/1.4.0-SNAPSHOT/ozone-client-1.4.0-SNAPSHOT.jar:/home/runner/.m2/repository/org/apache/ozone/hdds-erasurecode/1.4.0-SNAPSHOT/hdds-erasurecode-1.4.0-SNAPSHOT.jar:/home/runner/.m2/repository/org/apache/ozone/ozone-filesystem/1.4.0-SNAPSHOT/ozone-filesystem-1.4.0-SNAPSHOT.jar:/home/runner/.m2/repository/org/apache/ozone/ozone-filesystem-common/1.4.0-SNAPSHOT/ozone-filesystem-common-1.4.0-SNAPSHOT.jar:/home/runner/.m2/repository/org/apache/ozone/ozone-tools/1.4.0-SNAPSHOT/ozone-tools-1.4.0-SNAPSHOT.jar:/home/runner/.m2/repository/com/amazonaws/aws-java-sdk-core/1.12.261/aws-java-sdk-core-1.12.261.jar:/home/runner/.m2/repository/org/apache/httpcomponents/httpclient/4.5.13/httpclient-4.5.13.jar:/home/runner/.m2/repository/org/apache/httpcomponents/httpcore/4.4.13/httpcore-4.4.13.jar:/home/runner/.m2/repository/software/amazon/ion/ion-java/1.0.2/ion-java-1.0.2.jar:/home/runner/.m2/repository/com/fasterxml/jackson/dataformat/jackson-dataformat-cbor/2.13.4/jackson-dataformat-cbor-2.13.4.jar:/home/runner/.m2/repository/joda-time/joda-time/2.10.6/joda-time-2.10.6.jar:/home/runner/.m2/repository/com/amazonaws/aws-java-sdk-s3/1.12.261/aws-java-sdk-s3-1.12.261.jar:/home/runner/.m2/repository/com/amazonaws/aws-java-sdk-kms/1.12.261/aws-java-sdk-kms-1.12.261.jar:/home/runner/.m2/repository/com/amazonaws/jmespath-java/1.12.261/jmespath-java-1.12.261.jar:/home/runner/.m2/repository/org/kohsuke/metainf-services/metainf-services/1.8/metainf-services-1.8.jar:/home/runner/.m2/repository/org/apache/ozone/hdds-tools/1.4.0-SNAPSHOT/hdds-tools-1.4.0-SNAPSHOT.jar:/home/runner/.m2/repository/org/apache/ratis/ratis-tools/2.5.1/ratis-tools-2.5.1.jar:/home/runner/.m2/repository/commons-cli/commons-cli/1.2/commons-cli-1.2.jar:/home/runner/.m2/repository/org/apache/commons/commons-lang3/3.7/commons-lang3-3.7.jar:/home/runner/.m2/repository/org/apache/ozone/ozone-manager/1.4.0-SNAPSHOT/ozone-manager-1.4.0-SNAPSHOT-tests.jar:/home/runner/.m2/repository/org/apache/ozone/hdds-common/1.4.0-SNAPSHOT/hdds-common-1.4.0-SNAPSHOT-tests.jar:/home/runner/.m2/repository/org/apache/ozone/hdds-hadoop-dependency-client/1.4.0-SNAPSHOT/hdds-hadoop-dependency-client-1.4.0-SNAPSHOT.jar:/home/runner/.m2/repository/info/picocli/picocli/4.6.1/picocli-4.6.1.jar:/home/runner/.m2/repository/com/fasterxml/jackson/core/jackson-annotations/2.13.4/jackson-annotations-2.13.4.jar:/home/runner/.m2/repository/org/apache/ozone/hdds-annotation-processing/1.4.0-SNAPSHOT/hdds-annotation-processing-1.4.0-SNAPSHOT.jar:/home/runner/.m2/repository/javax/annotation/javax.annotation-api/1.2/javax.annotation-api-1.2.jar:/home/runner/.m2/repository/org/apache/ratis/ratis-netty/2.5.1/ratis-netty-2.5.1.jar:/home/runner/.m2/repository/org/apache/ratis/ratis-grpc/2.5.1/ratis-grpc-2.5.1.jar:/home/runner/.m2/repository/org/apache/logging/log4j/log4j-api/2.17.1/log4j-api-2.17.1.jar:/home/runner/.m2/repository/org/apache/commons/commons-pool2/2.6.0/commons-pool2-2.6.0.jar:/home/runner/.m2/repository/org/bouncycastle/bcpkix-jdk15on/1.67/bcpkix-jdk15on-1.67.jar:/home/runner/.m2/repository/commons-validator/commons-validator/1.6/commons-validator-1.6.jar:/home/runner/.m2/repository/commons-beanutils/commons-beanutils/1.9.4/commons-beanutils-1.9.4.jar:/home/runner/.m2/repository/commons-digester/commons-digester/1.8.1/commons-digester-1.8.1.jar:/home/runner/.m2/repository/commons-collections/commons-collections/3.2.2/commons-collections-3.2.2.jar:/home/runner/.m2/repository/io/jaegertracing/jaeger-client/1.6.0/jaeger-client-1.6.0.jar:/home/runner/.m2/repository/io/jaegertracing/jaeger-thrift/1.6.0/jaeger-thrift-1.6.0.jar:/home/runner/.m2/repository/org/apache/thrift/libthrift/0.14.1/libthrift-0.14.1.jar:/home/runner/.m2/repository/io/jaegertracing/jaeger-core/1.6.0/jaeger-core-1.6.0.jar:/home/runner/.m2/repository/io/jaegertracing/jaeger-tracerresolver/1.6.0/jaeger-tracerresolver-1.6.0.jar:/home/runner/.m2/repository/io/opentracing/contrib/opentracing-tracerresolver/0.1.8/opentracing-tracerresolver-0.1.8.jar:/home/runner/.m2/repository/org/jetbrains/kotlin/kotlin-stdlib/1.6.21/kotlin-stdlib-1.6.21.jar:/home/runner/.m2/repository/org/jetbrains/annotations/13.0/annotations-13.0.jar:/home/runner/.m2/repository/io/opentracing/opentracing-util/0.33.0/opentracing-util-0.33.0.jar:/home/runner/.m2/repository/io/opentracing/opentracing-api/0.33.0/opentracing-api-0.33.0.jar:/home/runner/.m2/repository/io/opentracing/opentracing-noop/0.33.0/opentracing-noop-0.33.0.jar:/home/runner/.m2/repository/org/yaml/snakeyaml/2.0/snakeyaml-2.0.jar:/home/runner/.m2/repository/io/grpc/grpc-api/1.51.1/grpc-api-1.51.1.jar:/home/runner/.m2/repository/io/grpc/grpc-context/1.51.1/grpc-context-1.51.1.jar:/home/runner/.m2/repository/junit/junit/4.13.1/junit-4.13.1.jar:/home/runner/.m2/repository/org/hamcrest/hamcrest-core/1.3/hamcrest-core-1.3.jar:/home/runner/.m2/repository/org/junit/jupiter/junit-jupiter-api/5.8.2/junit-jupiter-api-5.8.2.jar:/home/runner/.m2/repository/org/opentest4j/opentest4j/1.2.0/opentest4j-1.2.0.jar:/home/runner/.m2/repository/org/junit/platform/junit-platform-commons/1.8.2/junit-platform-commons-1.8.2.jar:/home/runner/.m2/repository/org/apiguardian/apiguardian-api/1.1.2/apiguardian-api-1.1.2.jar:/home/runner/.m2/repository/org/junit/jupiter/junit-jupiter-params/5.8.2/junit-jupiter-params-5.8.2.jar:/home/runner/.m2/repository/org/junit/jupiter/junit-jupiter-migrationsupport/5.8.2/junit-jupiter-migrationsupport-5.8.2.jar:/home/runner/.m2/repository/org/junit/jupiter/junit-jupiter-engine/5.8.2/junit-jupiter-engine-5.8.2.jar:/home/runner/.m2/repository/org/junit/platform/junit-platform-engine/1.8.2/junit-platform-engine-1.8.2.jar:/home/runner/.m2/repository/org/junit/vintage/junit-vintage-engine/5.8.2/junit-vintage-engine-5.8.2.jar:/home/runner/.m2/repository/org/junit/platform/junit-platform-launcher/1.8.2/junit-platform-launcher-1.8.2.jar:/home/runner/.m2/repository/org/mockito/mockito-core/2.28.2/mockito-core-2.28.2.jar:/home/runner/.m2/repository/net/bytebuddy/byte-buddy/1.9.10/byte-buddy-1.9.10.jar:/home/runner/.m2/repository/net/bytebuddy/byte-buddy-agent/1.9.10/byte-buddy-agent-1.9.10.jar:/home/runner/.m2/repository/org/objenesis/objenesis/1.0/objenesis-1.0.jar:/home/runner/.m2/repository/org/apache/hadoop/hadoop-kms/3.3.5/hadoop-kms-3.3.5.jar:/home/runner/.m2/repository/org/apache/hadoop/hadoop-auth/3.3.5/hadoop-auth-3.3.5.jar:/home/runner/.m2/repository/com/nimbusds/nimbus-jose-jwt/9.8.1/nimbus-jose-jwt-9.8.1.jar:/home/runner/.m2/repository/com/github/stephenc/jcip/jcip-annotations/1.0-1/jcip-annotations-1.0-1.jar:/home/runner/.m2/repository/net/minidev/json-smart/2.4.7/json-smart-2.4.7.jar:/home/runner/.m2/repository/net/minidev/accessors-smart/2.4.7/accessors-smart-2.4.7.jar:/home/runner/.m2/repository/org/ow2/asm/asm/5.0.4/asm-5.0.4.jar:/home/runner/.m2/repository/org/apache/zookeeper/zookeeper/3.5.6/zookeeper-3.5.6.jar:/home/runner/.m2/repository/org/apache/zookeeper/zookeeper-jute/3.5.6/zookeeper-jute-3.5.6.jar:/home/runner/.m2/repository/org/apache/yetus/audience-annotations/0.5.0/audience-annotations-0.5.0.jar:/home/runner/.m2/repository/org/apache/curator/curator-framework/4.2.0/curator-framework-4.2.0.jar:/home/runner/.m2/repository/org/apache/hadoop/thirdparty/hadoop-shaded-guava/1.1.1/hadoop-shaded-guava-1.1.1.jar:/home/runner/.m2/repository/com/sun/jersey/jersey-core/1.19/jersey-core-1.19.jar:/home/runner/.m2/repository/javax/ws/rs/jsr311-api/1.1.1/jsr311-api-1.1.1.jar:/home/runner/.m2/repository/com/sun/jersey/jersey-server/1.19/jersey-server-1.19.jar:/home/runner/.m2/repository/javax/servlet/javax.servlet-api/3.1.0/javax.servlet-api-3.1.0.jar:/home/runner/.m2/repository/org/apache/hadoop/hadoop-common/3.3.5/hadoop-common-3.3.5.jar:/home/runner/.m2/repository/org/apache/commons/commons-math3/3.1.1/commons-math3-3.1.1.jar:/home/runner/.m2/repository/commons-net/commons-net/3.9.0/commons-net-3.9.0.jar:/home/runner/.m2/repository/com/sun/jersey/jersey-servlet/1.19/jersey-servlet-1.19.jar:/home/runner/.m2/repository/com/github/pjfanning/jersey-json/1.20/jersey-json-1.20.jar:/home/runner/.m2/repository/org/codehaus/jettison/jettison/1.1/jettison-1.1.jar:/home/runner/.m2/repository/com/sun/xml/bind/jaxb-impl/2.2.3-1/jaxb-impl-2.2.3-1.jar:/home/runner/.m2/repository/com/google/re2j/re2j/1.1/re2j-1.1.jar:/home/runner/.m2/repository/com/jcraft/jsch/0.1.54/jsch-0.1.54.jar:/home/runner/.m2/repository/org/apache/curator/curator-client/4.2.0/curator-client-4.2.0.jar:/home/runner/.m2/repository/org/apache/curator/curator-recipes/4.2.0/curator-recipes-4.2.0.jar:/home/runner/.m2/repository/org/apache/kerby/kerb-core/1.0.1/kerb-core-1.0.1.jar:/home/runner/.m2/repository/org/apache/kerby/kerby-pkix/1.0.1/kerby-pkix-1.0.1.jar:/home/runner/.m2/repository/org/apache/kerby/kerby-asn1/1.0.1/kerby-asn1-1.0.1.jar:/home/runner/.m2/repository/org/apache/kerby/kerby-util/1.0.1/kerby-util-1.0.1.jar:/home/runner/.m2/repository/dnsjava/dnsjava/2.1.7/dnsjava-2.1.7.jar:/home/runner/.m2/repository/org/xerial/snappy/snappy-java/1.1.8.2/snappy-java-1.1.8.2.jar:/home/runner/.m2/repository/com/fasterxml/jackson/core/jackson-databind/2.13.4.2/jackson-databind-2.13.4.2.jar:/home/runner/.m2/repository/org/apache/hadoop/hadoop-kms/3.3.5/hadoop-kms-3.3.5-tests.jar:/home/runner/.m2/repository/org/apache/ozone/hdds-server-scm/1.4.0-SNAPSHOT/hdds-server-scm-1.4.0-SNAPSHOT-tests.jar:/home/runner/.m2/repository/org/apache/ozone/hdds-container-service/1.4.0-SNAPSHOT/hdds-container-service-1.4.0-SNAPSHOT-tests.jar:/home/runner/.m2/repository/com/github/luben/zstd-jni/1.5.2-5/zstd-jni-1.5.2-5.jar:/home/runner/.m2/repository/commons-codec/commons-codec/1.15/commons-codec-1.15.jar:/home/runner/.m2/repository/io/netty/netty-codec/4.1.86.Final/netty-codec-4.1.86.Final.jar:/home/runner/.m2/repository/io/netty/netty-handler/4.1.86.Final/netty-handler-4.1.86.Final.jar:/home/runner/.m2/repository/org/apache/ozone/hdds-hadoop-dependency-test/1.4.0-SNAPSHOT/hdds-hadoop-dependency-test-1.4.0-SNAPSHOT.jar:/home/runner/.m2/repository/org/apache/hadoop/hadoop-common/3.3.5/hadoop-common-3.3.5-tests.jar:/home/runner/.m2/repository/org/apache/hadoop/hadoop-hdfs/3.3.5/hadoop-hdfs-3.3.5-tests.jar:/home/runner/.m2/repository/org/assertj/assertj-core/3.12.2/assertj-core-3.12.2.jar:/home/runner/.m2/repository/org/apache/hadoop/hadoop-distcp/3.3.5/hadoop-distcp-3.3.5.jar:/home/runner/.m2/repository/org/apache/hadoop/hadoop-mapreduce-client-jobclient/3.3.5/hadoop-mapreduce-client-jobclient-3.3.5.jar:/home/runner/.m2/repository/org/apache/hadoop/hadoop-mapreduce-client-common/3.3.5/hadoop-mapreduce-client-common-3.3.5.jar:/home/runner/.m2/repository/org/apache/hadoop/hadoop-yarn-common/3.3.5/hadoop-yarn-common-3.3.5.jar:/home/runner/.m2/repository/org/apache/hadoop/hadoop-yarn-api/3.3.5/hadoop-yarn-api-3.3.5.jar:/home/runner/.m2/repository/com/sun/jersey/contribs/jersey-guice/1.19/jersey-guice-1.19.jar:/home/runner/.m2/repository/com/fasterxml/jackson/jaxrs/jackson-jaxrs-json-provider/2.13.4/jackson-jaxrs-json-provider-2.13.4.jar:/home/runner/.m2/repository/com/fasterxml/jackson/jaxrs/jackson-jaxrs-base/2.13.4/jackson-jaxrs-base-2.13.4.jar:/home/runner/.m2/repository/org/apache/hadoop/hadoop-yarn-client/3.3.5/hadoop-yarn-client-3.3.5.jar:/home/runner/.m2/repository/org/eclipse/jetty/websocket/websocket-client/9.4.48.v20220622/websocket-client-9.4.48.v20220622.jar:/home/runner/.m2/repository/org/eclipse/jetty/websocket/websocket-common/9.4.48.v20220622/websocket-common-9.4.48.v20220622.jar:/home/runner/.m2/repository/org/eclipse/jetty/websocket/websocket-api/9.4.48.v20220622/websocket-api-9.4.48.v20220622.jar:/home/runner/.m2/repository/org/jline/jline/3.9.0/jline-3.9.0.jar:/home/runner/.m2/repository/org/apache/hadoop/hadoop-mapreduce-client-core/3.3.5/hadoop-mapreduce-client-core-3.3.5.jar:/home/runner/.m2/repository/org/apache/avro/avro/1.7.7/avro-1.7.7.jar:/home/runner/.m2/repository/com/thoughtworks/paranamer/paranamer/2.3/paranamer-2.3.jar:/home/runner/.m2/repository/org/apache/hadoop/hadoop-annotations/3.3.5/hadoop-annotations-3.3.5.jar:/usr/lib/jvm/temurin-8-jdk-amd64/jre/../lib/tools.jar:/home/runner/.m2/repository/io/netty/netty/3.10.6.Final/netty-3.10.6.Final.jar:/home/runner/.m2/repository/org/apache/hadoop/hadoop-distcp/3.3.5/hadoop-distcp-3.3.5-tests.jar:/home/runner/.m2/repository/org/slf4j/jul-to-slf4j/1.7.36/jul-to-slf4j-1.7.36.jar:"/>
    <property name="java.vm.vendor" value="Temurin"/>
    <property name="sun.arch.data.model" value="64"/>
    <property name="test.build.dir" value="/home/runner/work/ozone/ozone/hadoop-ozone/integration-test/target/test-dir"/>
    <property name="test.cache.data" value=""/>
    <property name="java.vendor.url" value="https://adoptium.net/"/>
    <property name="user.timezone" value="Etc/UTC"/>
    <property name="java.vm.specification.version" value="1.8"/>
    <property name="os.name" value="Linux"/>
    <property name="test.build.data" value="/home/runner/work/ozone/ozone/hadoop-ozone/integration-test/target/test-dir"/>
    <property name="sun.java.launcher" value="SUN_STANDARD"/>
    <property name="sun.boot.library.path" value="/usr/lib/jvm/temurin-8-jdk-amd64/jre/lib/amd64"/>
    <property name="sun.java.command" value="/home/runner/work/ozone/ozone/hadoop-ozone/integration-test/target/surefire/surefirebooter6284349808504012911.jar /home/runner/work/ozone/ozone/hadoop-ozone/integration-test/target/surefire 2023-05-31T22-51-07_362-jvmRun1 surefire3375014780236783179tmp surefire_45352558505844253307tmp"/>
    <property name="surefire.test.class.path" value="/home/runner/work/ozone/ozone/hadoop-ozone/integration-test/target/test-classes:/home/runner/work/ozone/ozone/hadoop-ozone/integration-test/target/classes:/home/runner/.m2/repository/org/apache/ozone/ozone-common/1.4.0-SNAPSHOT/ozone-common-1.4.0-SNAPSHOT.jar:/home/runner/.m2/repository/io/grpc/grpc-netty/1.51.1/grpc-netty-1.51.1.jar:/home/runner/.m2/repository/io/grpc/grpc-core/1.51.1/grpc-core-1.51.1.jar:/home/runner/.m2/repository/com/google/android/annotations/4.1.1.4/annotations-4.1.1.4.jar:/home/runner/.m2/repository/org/codehaus/mojo/animal-sniffer-annotations/1.21/animal-sniffer-annotations-1.21.jar:/home/runner/.m2/repository/com/google/errorprone/error_prone_annotations/2.2.0/error_prone_annotations-2.2.0.jar:/home/runner/.m2/repository/io/perfmark/perfmark-api/0.25.0/perfmark-api-0.25.0.jar:/home/runner/.m2/repository/io/netty/netty-codec-http2/4.1.86.Final/netty-codec-http2-4.1.86.Final.jar:/home/runner/.m2/repository/io/netty/netty-common/4.1.86.Final/netty-common-4.1.86.Final.jar:/home/runner/.m2/repository/io/netty/netty-buffer/4.1.86.Final/netty-buffer-4.1.86.Final.jar:/home/runner/.m2/repository/io/netty/netty-codec-http/4.1.86.Final/netty-codec-http-4.1.86.Final.jar:/home/runner/.m2/repository/io/netty/netty-handler-proxy/4.1.86.Final/netty-handler-proxy-4.1.86.Final.jar:/home/runner/.m2/repository/io/netty/netty-codec-socks/4.1.86.Final/netty-codec-socks-4.1.86.Final.jar:/home/runner/.m2/repository/io/netty/netty-tcnative-boringssl-static/2.0.54.Final/netty-tcnative-boringssl-static-2.0.54.Final.jar:/home/runner/.m2/repository/io/netty/netty-tcnative-classes/2.0.54.Final/netty-tcnative-classes-2.0.54.Final.jar:/home/runner/.m2/repository/io/netty/netty-tcnative-boringssl-static/2.0.54.Final/netty-tcnative-boringssl-static-2.0.54.Final-linux-x86_64.jar:/home/runner/.m2/repository/io/netty/netty-tcnative-boringssl-static/2.0.54.Final/netty-tcnative-boringssl-static-2.0.54.Final-linux-aarch_64.jar:/home/runner/.m2/repository/io/netty/netty-tcnative-boringssl-static/2.0.54.Final/netty-tcnative-boringssl-static-2.0.54.Final-osx-x86_64.jar:/home/runner/.m2/repository/io/netty/netty-tcnative-boringssl-static/2.0.54.Final/netty-tcnative-boringssl-static-2.0.54.Final-osx-aarch_64.jar:/home/runner/.m2/repository/io/netty/netty-tcnative-boringssl-static/2.0.54.Final/netty-tcnative-boringssl-static-2.0.54.Final-windows-x86_64.jar:/home/runner/.m2/repository/org/apache/commons/commons-compress/1.21/commons-compress-1.21.jar:/home/runner/.m2/repository/org/apache/ozone/hdds-common/1.4.0-SNAPSHOT/hdds-common-1.4.0-SNAPSHOT.jar:/home/runner/.m2/repository/org/apache/ozone/hdds-client/1.4.0-SNAPSHOT/hdds-client-1.4.0-SNAPSHOT.jar:/home/runner/.m2/repository/org/apache/ozone/ozone-interface-client/1.4.0-SNAPSHOT/ozone-interface-client-1.4.0-SNAPSHOT.jar:/home/runner/.m2/repository/org/apache/hadoop/hadoop-hdfs-client/3.3.5/hadoop-hdfs-client-3.3.5.jar:/home/runner/.m2/repository/com/squareup/okhttp3/okhttp/4.9.3/okhttp-4.9.3.jar:/home/runner/.m2/repository/com/squareup/okio/okio/2.8.0/okio-2.8.0.jar:/home/runner/.m2/repository/org/jetbrains/kotlin/kotlin-stdlib-common/1.6.21/kotlin-stdlib-common-1.6.21.jar:/home/runner/.m2/repository/org/apache/ozone/hdds-test-utils/1.4.0-SNAPSHOT/hdds-test-utils-1.4.0-SNAPSHOT.jar:/home/runner/.m2/repository/com/google/guava/guava/31.1-jre/guava-31.1-jre.jar:/home/runner/.m2/repository/com/google/guava/failureaccess/1.0.1/failureaccess-1.0.1.jar:/home/runner/.m2/repository/com/google/guava/listenablefuture/9999.0-empty-to-avoid-conflict-with-guava/listenablefuture-9999.0-empty-to-avoid-conflict-with-guava.jar:/home/runner/.m2/repository/com/google/code/findbugs/jsr305/3.0.0/jsr305-3.0.0.jar:/home/runner/.m2/repository/org/checkerframework/checker-qual/3.12.0/checker-qual-3.12.0.jar:/home/runner/.m2/repository/com/google/j2objc/j2objc-annotations/1.3/j2objc-annotations-1.3.jar:/home/runner/.m2/repository/commons-io/commons-io/2.11.0/commons-io-2.11.0.jar:/home/runner/.m2/repository/commons-logging/commons-logging/1.2/commons-logging-1.2.jar:/home/runner/.m2/repository/ch/qos/reload4j/reload4j/1.2.22/reload4j-1.2.22.jar:/home/runner/.m2/repository/org/slf4j/slf4j-api/1.7.36/slf4j-api-1.7.36.jar:/home/runner/.m2/repository/org/apache/ozone/hdds-server-scm/1.4.0-SNAPSHOT/hdds-server-scm-1.4.0-SNAPSHOT.jar:/home/runner/.m2/repository/org/apache/ozone/hdds-container-service/1.4.0-SNAPSHOT/hdds-container-service-1.4.0-SNAPSHOT.jar:/home/runner/.m2/repository/org/apache/ozone/hdds-hadoop-dependency-server/1.4.0-SNAPSHOT/hdds-hadoop-dependency-server-1.4.0-SNAPSHOT.jar:/home/runner/.m2/repository/org/apache/hadoop/hadoop-hdfs/3.3.5/hadoop-hdfs-3.3.5.jar:/home/runner/.m2/repository/commons-daemon/commons-daemon/1.0.13/commons-daemon-1.0.13.jar:/home/runner/.m2/repository/org/apache/ozone/hdds-server-framework/1.4.0-SNAPSHOT/hdds-server-framework-1.4.0-SNAPSHOT.jar:/home/runner/.m2/repository/io/dropwizard/metrics/metrics-core/3.2.4/metrics-core-3.2.4.jar:/home/runner/.m2/repository/org/apache/commons/commons-text/1.4/commons-text-1.4.jar:/home/runner/.m2/repository/org/bouncycastle/bcprov-jdk15on/1.67/bcprov-jdk15on-1.67.jar:/home/runner/.m2/repository/com/google/protobuf/protobuf-java/2.5.0/protobuf-java-2.5.0.jar:/home/runner/.m2/repository/org/apache/ozone/hdds-server-framework/1.4.0-SNAPSHOT/hdds-server-framework-1.4.0-SNAPSHOT-tests.jar:/home/runner/.m2/repository/org/apache/ozone/hdds-interface-server/1.4.0-SNAPSHOT/hdds-interface-server-1.4.0-SNAPSHOT.jar:/home/runner/.m2/repository/org/apache/ozone/hdds-interface-admin/1.4.0-SNAPSHOT/hdds-interface-admin-1.4.0-SNAPSHOT.jar:/home/runner/.m2/repository/org/apache/ozone/hdds-managed-rocksdb/1.4.0-SNAPSHOT/hdds-managed-rocksdb-1.4.0-SNAPSHOT.jar:/home/runner/.m2/repository/org/rocksdb/rocksdbjni/7.7.3/rocksdbjni-7.7.3.jar:/home/runner/.m2/repository/org/slf4j/slf4j-reload4j/1.7.36/slf4j-reload4j-1.7.36.jar:/home/runner/.m2/repository/org/apache/commons/commons-configuration2/2.1.1/commons-configuration2-2.1.1.jar:/home/runner/.m2/repository/org/apache/logging/log4j/log4j-core/2.17.1/log4j-core-2.17.1.jar:/home/runner/.m2/repository/com/lmax/disruptor/3.4.2/disruptor-3.4.2.jar:/home/runner/.m2/repository/org/eclipse/jetty/jetty-util/9.4.51.v20230217/jetty-util-9.4.51.v20230217.jar:/home/runner/.m2/repository/org/eclipse/jetty/jetty-server/9.4.51.v20230217/jetty-server-9.4.51.v20230217.jar:/home/runner/.m2/repository/org/eclipse/jetty/jetty-http/9.4.51.v20230217/jetty-http-9.4.51.v20230217.jar:/home/runner/.m2/repository/org/eclipse/jetty/jetty-io/9.4.51.v20230217/jetty-io-9.4.51.v20230217.jar:/home/runner/.m2/repository/org/eclipse/jetty/jetty-servlet/9.4.51.v20230217/jetty-servlet-9.4.51.v20230217.jar:/home/runner/.m2/repository/org/eclipse/jetty/jetty-security/9.4.51.v20230217/jetty-security-9.4.51.v20230217.jar:/home/runner/.m2/repository/org/eclipse/jetty/jetty-util-ajax/9.4.51.v20230217/jetty-util-ajax-9.4.51.v20230217.jar:/home/runner/.m2/repository/org/eclipse/jetty/jetty-webapp/9.4.51.v20230217/jetty-webapp-9.4.51.v20230217.jar:/home/runner/.m2/repository/org/eclipse/jetty/jetty-xml/9.4.51.v20230217/jetty-xml-9.4.51.v20230217.jar:/home/runner/.m2/repository/org/apache/ratis/ratis-server/2.5.1/ratis-server-2.5.1.jar:/home/runner/.m2/repository/org/apache/ratis/ratis-thirdparty-misc/1.0.4/ratis-thirdparty-misc-1.0.4.jar:/home/runner/.m2/repository/org/apache/ratis/ratis-proto/2.5.1/ratis-proto-2.5.1.jar:/home/runner/.m2/repository/org/apache/ratis/ratis-common/2.5.1/ratis-common-2.5.1.jar:/home/runner/.m2/repository/org/apache/ratis/ratis-client/2.5.1/ratis-client-2.5.1.jar:/home/runner/.m2/repository/org/apache/ratis/ratis-server-api/2.5.1/ratis-server-api-2.5.1.jar:/home/runner/.m2/repository/org/apache/ratis/ratis-metrics/2.5.1/ratis-metrics-2.5.1.jar:/home/runner/.m2/repository/io/prometheus/simpleclient_dropwizard/0.7.0/simpleclient_dropwizard-0.7.0.jar:/home/runner/.m2/repository/io/prometheus/simpleclient/0.7.0/simpleclient-0.7.0.jar:/home/runner/.m2/repository/io/prometheus/simpleclient_common/0.7.0/simpleclient_common-0.7.0.jar:/home/runner/.m2/repository/com/fasterxml/jackson/datatype/jackson-datatype-jsr310/2.13.4/jackson-datatype-jsr310-2.13.4.jar:/home/runner/.m2/repository/com/fasterxml/jackson/core/jackson-core/2.13.4/jackson-core-2.13.4.jar:/home/runner/.m2/repository/com/github/spotbugs/spotbugs-annotations/3.1.12/spotbugs-annotations-3.1.12.jar:/home/runner/.m2/repository/org/apache/ozone/rocksdb-checkpoint-differ/1.4.0-SNAPSHOT/rocksdb-checkpoint-differ-1.4.0-SNAPSHOT.jar:/home/runner/.m2/repository/org/awaitility/awaitility/4.2.0/awaitility-4.2.0.jar:/home/runner/.m2/repository/org/hamcrest/hamcrest/2.1/hamcrest-2.1.jar:/home/runner/.m2/repository/org/apache/ozone/ozone-manager/1.4.0-SNAPSHOT/ozone-manager-1.4.0-SNAPSHOT.jar:/home/runner/.m2/repository/org/aspectj/aspectjrt/1.9.7/aspectjrt-1.9.7.jar:/home/runner/.m2/repository/org/aspectj/aspectjweaver/1.9.7/aspectjweaver-1.9.7.jar:/home/runner/.m2/repository/org/apache/ozone/hdds-interface-client/1.4.0-SNAPSHOT/hdds-interface-client-1.4.0-SNAPSHOT.jar:/home/runner/.m2/repository/org/apache/hadoop/thirdparty/hadoop-shaded-protobuf_3_7/1.1.1/hadoop-shaded-protobuf_3_7-1.1.1.jar:/home/runner/.m2/repository/org/apache/ozone/ozone-interface-storage/1.4.0-SNAPSHOT/ozone-interface-storage-1.4.0-SNAPSHOT.jar:/home/runner/.m2/repository/org/reflections/reflections/0.9.11/reflections-0.9.11.jar:/home/runner/.m2/repository/com/sun/jersey/jersey-client/1.19/jersey-client-1.19.jar:/home/runner/.m2/repository/org/codehaus/jackson/jackson-core-asl/1.9.13/jackson-core-asl-1.9.13.jar:/home/runner/.m2/repository/org/codehaus/jackson/jackson-mapper-asl/1.9.13/jackson-mapper-asl-1.9.13.jar:/home/runner/.m2/repository/org/codehaus/jackson/jackson-jaxrs/1.9.13/jackson-jaxrs-1.9.13.jar:/home/runner/.m2/repository/org/apache/ranger/ranger-intg/2.3.0/ranger-intg-2.3.0.jar:/home/runner/.m2/repository/org/apache/ranger/ranger-plugins-common/2.3.0/ranger-plugins-common-2.3.0.jar:/home/runner/.m2/repository/commons-lang/commons-lang/2.6/commons-lang-2.6.jar:/home/runner/.m2/repository/org/apache/ranger/ranger-plugins-cred/2.3.0/ranger-plugins-cred-2.3.0.jar:/home/runner/.m2/repository/org/apache/ranger/ranger-plugins-audit/2.3.0/ranger-plugins-audit-2.3.0.jar:/home/runner/.m2/repository/org/eclipse/jetty/jetty-client/9.4.51.v20230217/jetty-client-9.4.51.v20230217.jar:/home/runner/.m2/repository/org/apache/httpcomponents/httpmime/4.5.6/httpmime-4.5.6.jar:/home/runner/.m2/repository/org/apache/httpcomponents/httpcore-nio/4.4.13/httpcore-nio-4.4.13.jar:/home/runner/.m2/repository/org/apache/httpcomponents/httpasyncclient/4.1.3/httpasyncclient-4.1.3.jar:/home/runner/.m2/repository/com/carrotsearch/hppc/0.8.0/hppc-0.8.0.jar:/home/runner/.m2/repository/org/apache/orc/orc-core/1.5.8/orc-core-1.5.8.jar:/home/runner/.m2/repository/net/java/dev/jna/jna/5.2.0/jna-5.2.0.jar:/home/runner/.m2/repository/net/java/dev/jna/jna-platform/5.2.0/jna-platform-5.2.0.jar:/home/runner/.m2/repository/com/kstruct/gethostname4j/0.0.2/gethostname4j-0.0.2.jar:/home/runner/.m2/repository/org/apache/ranger/ranger-plugin-classloader/2.3.0/ranger-plugin-classloader-2.3.0.jar:/home/runner/.m2/repository/org/apache/ozone/hdds-rocks-native/1.4.0-SNAPSHOT/hdds-rocks-native-1.4.0-SNAPSHOT.jar:/home/runner/.m2/repository/org/apache/hadoop/hadoop-minikdc/3.3.5/hadoop-minikdc-3.3.5.jar:/home/runner/.m2/repository/org/apache/kerby/kerb-simplekdc/1.0.1/kerb-simplekdc-1.0.1.jar:/home/runner/.m2/repository/org/apache/kerby/kerb-client/1.0.1/kerb-client-1.0.1.jar:/home/runner/.m2/repository/org/apache/kerby/kerby-config/1.0.1/kerby-config-1.0.1.jar:/home/runner/.m2/repository/org/apache/kerby/kerb-common/1.0.1/kerb-common-1.0.1.jar:/home/runner/.m2/repository/org/apache/kerby/kerb-crypto/1.0.1/kerb-crypto-1.0.1.jar:/home/runner/.m2/repository/org/apache/kerby/kerb-util/1.0.1/kerb-util-1.0.1.jar:/home/runner/.m2/repository/org/apache/kerby/token-provider/1.0.1/token-provider-1.0.1.jar:/home/runner/.m2/repository/org/apache/kerby/kerb-admin/1.0.1/kerb-admin-1.0.1.jar:/home/runner/.m2/repository/org/apache/kerby/kerb-server/1.0.1/kerb-server-1.0.1.jar:/home/runner/.m2/repository/org/apache/kerby/kerb-identity/1.0.1/kerb-identity-1.0.1.jar:/home/runner/.m2/repository/org/apache/kerby/kerby-xdr/1.0.1/kerby-xdr-1.0.1.jar:/home/runner/.m2/repository/org/apache/ozone/ozone-s3gateway/1.4.0-SNAPSHOT/ozone-s3gateway-1.4.0-SNAPSHOT.jar:/home/runner/.m2/repository/org/javassist/javassist/3.21.0-GA/javassist-3.21.0-GA.jar:/home/runner/.m2/repository/org/jboss/weld/servlet/weld-servlet-shaded/3.1.9.Final/weld-servlet-shaded-3.1.9.Final.jar:/home/runner/.m2/repository/org/glassfish/jersey/containers/jersey-container-servlet-core/2.34/jersey-container-servlet-core-2.34.jar:/home/runner/.m2/repository/org/glassfish/hk2/external/jakarta.inject/2.6.1/jakarta.inject-2.6.1.jar:/home/runner/.m2/repository/org/glassfish/jersey/core/jersey-common/2.34/jersey-common-2.34.jar:/home/runner/.m2/repository/jakarta/ws/rs/jakarta.ws.rs-api/2.1.6/jakarta.ws.rs-api-2.1.6.jar:/home/runner/.m2/repository/org/glassfish/jersey/ext/cdi/jersey-cdi1x/2.34/jersey-cdi1x-2.34.jar:/home/runner/.m2/repository/org/glassfish/jersey/inject/jersey-hk2/2.34/jersey-hk2-2.34.jar:/home/runner/.m2/repository/org/glassfish/hk2/hk2-locator/2.6.1/hk2-locator-2.6.1.jar:/home/runner/.m2/repository/org/glassfish/jersey/media/jersey-media-jaxb/2.34/jersey-media-jaxb-2.34.jar:/home/runner/.m2/repository/org/glassfish/hk2/osgi-resource-locator/1.0.3/osgi-resource-locator-1.0.3.jar:/home/runner/.m2/repository/org/glassfish/hk2/hk2-api/2.5.0/hk2-api-2.5.0.jar:/home/runner/.m2/repository/org/glassfish/hk2/hk2-utils/2.5.0/hk2-utils-2.5.0.jar:/home/runner/.m2/repository/org/glassfish/hk2/external/aopalliance-repackaged/2.5.0/aopalliance-repackaged-2.5.0.jar:/home/runner/.m2/repository/com/fasterxml/jackson/dataformat/jackson-dataformat-xml/2.13.4/jackson-dataformat-xml-2.13.4.jar:/home/runner/.m2/repository/org/codehaus/woodstox/stax2-api/4.2.1/stax2-api-4.2.1.jar:/home/runner/.m2/repository/com/fasterxml/woodstox/woodstox-core/5.4.0/woodstox-core-5.4.0.jar:/home/runner/.m2/repository/com/fasterxml/jackson/module/jackson-module-jaxb-annotations/2.13.4/jackson-module-jaxb-annotations-2.13.4.jar:/home/runner/.m2/repository/jakarta/xml/bind/jakarta.xml.bind-api/2.3.3/jakarta.xml.bind-api-2.3.3.jar:/home/runner/.m2/repository/jakarta/activation/jakarta.activation-api/1.2.2/jakarta.activation-api-1.2.2.jar:/home/runner/.m2/repository/javax/enterprise/cdi-api/2.0/cdi-api-2.0.jar:/home/runner/.m2/repository/javax/el/javax.el-api/3.0.0/javax.el-api-3.0.0.jar:/home/runner/.m2/repository/javax/interceptor/javax.interceptor-api/1.2/javax.interceptor-api-1.2.jar:/home/runner/.m2/repository/javax/inject/javax.inject/1/javax.inject-1.jar:/home/runner/.m2/repository/javax/xml/bind/jaxb-api/2.3.0/jaxb-api-2.3.0.jar:/home/runner/.m2/repository/org/glassfish/jaxb/jaxb-runtime/2.3.0.1/jaxb-runtime-2.3.0.1.jar:/home/runner/.m2/repository/org/glassfish/jaxb/jaxb-core/2.3.0.1/jaxb-core-2.3.0.1.jar:/home/runner/.m2/repository/org/glassfish/jaxb/txw2/2.3.0.1/txw2-2.3.0.1.jar:/home/runner/.m2/repository/com/sun/istack/istack-commons-runtime/3.0.5/istack-commons-runtime-3.0.5.jar:/home/runner/.m2/repository/org/jvnet/staxex/stax-ex/1.7.8/stax-ex-1.7.8.jar:/home/runner/.m2/repository/com/sun/xml/fastinfoset/FastInfoset/1.2.13/FastInfoset-1.2.13.jar:/home/runner/.m2/repository/javax/activation/activation/1.1.1/activation-1.1.1.jar:/home/runner/.m2/repository/io/grpc/grpc-protobuf/1.51.1/grpc-protobuf-1.51.1.jar:/home/runner/.m2/repository/com/google/api/grpc/proto-google-common-protos/2.9.0/proto-google-common-protos-2.9.0.jar:/home/runner/.m2/repository/io/grpc/grpc-protobuf-lite/1.51.1/grpc-protobuf-lite-1.51.1.jar:/home/runner/.m2/repository/io/grpc/grpc-stub/1.51.1/grpc-stub-1.51.1.jar:/home/runner/.m2/repository/io/netty/netty-transport/4.1.86.Final/netty-transport-4.1.86.Final.jar:/home/runner/.m2/repository/io/netty/netty-resolver/4.1.86.Final/netty-resolver-4.1.86.Final.jar:/home/runner/.m2/repository/org/apache/ozone/ozone-csi/1.4.0-SNAPSHOT/ozone-csi-1.4.0-SNAPSHOT.jar:/home/runner/.m2/repository/com/google/protobuf/protobuf-java-util/3.19.6/protobuf-java-util-3.19.6.jar:/home/runner/.m2/repository/com/google/code/gson/gson/2.9.0/gson-2.9.0.jar:/home/runner/.m2/repository/org/apache/ozone/hdds-config/1.4.0-SNAPSHOT/hdds-config-1.4.0-SNAPSHOT.jar:/home/runner/.m2/repository/io/netty/netty-transport-native-epoll/4.1.86.Final/netty-transport-native-epoll-4.1.86.Final-linux-x86_64.jar:/home/runner/.m2/repository/io/netty/netty-transport-classes-epoll/4.1.86.Final/netty-transport-classes-epoll-4.1.86.Final.jar:/home/runner/.m2/repository/io/netty/netty-transport-native-unix-common/4.1.86.Final/netty-transport-native-unix-common-4.1.86.Final.jar:/home/runner/.m2/repository/org/apache/ozone/ozone-recon/1.4.0-SNAPSHOT/ozone-recon-1.4.0-SNAPSHOT.jar:/home/runner/.m2/repository/org/apache/ozone/ozone-reconcodegen/1.4.0-SNAPSHOT/ozone-reconcodegen-1.4.0-SNAPSHOT.jar:/home/runner/.m2/repository/com/google/inject/guice/5.1.0/guice-5.1.0.jar:/home/runner/.m2/repository/aopalliance/aopalliance/1.0/aopalliance-1.0.jar:/home/runner/.m2/repository/com/google/inject/extensions/guice-assistedinject/5.1.0/guice-assistedinject-5.1.0.jar:/home/runner/.m2/repository/com/google/inject/extensions/guice-servlet/5.1.0/guice-servlet-5.1.0.jar:/home/runner/.m2/repository/org/glassfish/jersey/containers/jersey-container-servlet/2.34/jersey-container-servlet-2.34.jar:/home/runner/.m2/repository/org/glassfish/hk2/guice-bridge/2.5.0/guice-bridge-2.5.0.jar:/home/runner/.m2/repository/org/glassfish/jersey/core/jersey-server/2.34/jersey-server-2.34.jar:/home/runner/.m2/repository/org/glassfish/jersey/core/jersey-client/2.34/jersey-client-2.34.jar:/home/runner/.m2/repository/jakarta/annotation/jakarta.annotation-api/1.3.5/jakarta.annotation-api-1.3.5.jar:/home/runner/.m2/repository/jakarta/validation/jakarta.validation-api/2.0.2/jakarta.validation-api-2.0.2.jar:/home/runner/.m2/repository/org/glassfish/jersey/media/jersey-media-json-jackson/2.34/jersey-media-json-jackson-2.34.jar:/home/runner/.m2/repository/org/glassfish/jersey/ext/jersey-entity-filtering/2.34/jersey-entity-filtering-2.34.jar:/home/runner/.m2/repository/org/jooq/jooq/3.11.10/jooq-3.11.10.jar:/home/runner/.m2/repository/org/jooq/jooq-meta/3.11.10/jooq-meta-3.11.10.jar:/home/runner/.m2/repository/org/jooq/jooq-codegen/3.11.10/jooq-codegen-3.11.10.jar:/home/runner/.m2/repository/com/jolbox/bonecp/0.8.0.RELEASE/bonecp-0.8.0.RELEASE.jar:/home/runner/.m2/repository/org/apache/derby/derby/10.14.2.0/derby-10.14.2.0.jar:/home/runner/.m2/repository/org/xerial/sqlite-jdbc/3.41.2.2/sqlite-jdbc-3.41.2.2.jar:/home/runner/.m2/repository/org/springframework/spring-jdbc/5.3.27/spring-jdbc-5.3.27.jar:/home/runner/.m2/repository/org/springframework/spring-beans/5.3.27/spring-beans-5.3.27.jar:/home/runner/.m2/repository/org/springframework/spring-core/5.3.27/spring-core-5.3.27.jar:/home/runner/.m2/repository/org/springframework/spring-tx/5.3.27/spring-tx-5.3.27.jar:/home/runner/.m2/repository/org/apache/ozone/ozone-client/1.4.0-SNAPSHOT/ozone-client-1.4.0-SNAPSHOT.jar:/home/runner/.m2/repository/org/apache/ozone/hdds-erasurecode/1.4.0-SNAPSHOT/hdds-erasurecode-1.4.0-SNAPSHOT.jar:/home/runner/.m2/repository/org/apache/ozone/ozone-filesystem/1.4.0-SNAPSHOT/ozone-filesystem-1.4.0-SNAPSHOT.jar:/home/runner/.m2/repository/org/apache/ozone/ozone-filesystem-common/1.4.0-SNAPSHOT/ozone-filesystem-common-1.4.0-SNAPSHOT.jar:/home/runner/.m2/repository/org/apache/ozone/ozone-tools/1.4.0-SNAPSHOT/ozone-tools-1.4.0-SNAPSHOT.jar:/home/runner/.m2/repository/com/amazonaws/aws-java-sdk-core/1.12.261/aws-java-sdk-core-1.12.261.jar:/home/runner/.m2/repository/org/apache/httpcomponents/httpclient/4.5.13/httpclient-4.5.13.jar:/home/runner/.m2/repository/org/apache/httpcomponents/httpcore/4.4.13/httpcore-4.4.13.jar:/home/runner/.m2/repository/software/amazon/ion/ion-java/1.0.2/ion-java-1.0.2.jar:/home/runner/.m2/repository/com/fasterxml/jackson/dataformat/jackson-dataformat-cbor/2.13.4/jackson-dataformat-cbor-2.13.4.jar:/home/runner/.m2/repository/joda-time/joda-time/2.10.6/joda-time-2.10.6.jar:/home/runner/.m2/repository/com/amazonaws/aws-java-sdk-s3/1.12.261/aws-java-sdk-s3-1.12.261.jar:/home/runner/.m2/repository/com/amazonaws/aws-java-sdk-kms/1.12.261/aws-java-sdk-kms-1.12.261.jar:/home/runner/.m2/repository/com/amazonaws/jmespath-java/1.12.261/jmespath-java-1.12.261.jar:/home/runner/.m2/repository/org/kohsuke/metainf-services/metainf-services/1.8/metainf-services-1.8.jar:/home/runner/.m2/repository/org/apache/ozone/hdds-tools/1.4.0-SNAPSHOT/hdds-tools-1.4.0-SNAPSHOT.jar:/home/runner/.m2/repository/org/apache/ratis/ratis-tools/2.5.1/ratis-tools-2.5.1.jar:/home/runner/.m2/repository/commons-cli/commons-cli/1.2/commons-cli-1.2.jar:/home/runner/.m2/repository/org/apache/commons/commons-lang3/3.7/commons-lang3-3.7.jar:/home/runner/.m2/repository/org/apache/ozone/ozone-manager/1.4.0-SNAPSHOT/ozone-manager-1.4.0-SNAPSHOT-tests.jar:/home/runner/.m2/repository/org/apache/ozone/hdds-common/1.4.0-SNAPSHOT/hdds-common-1.4.0-SNAPSHOT-tests.jar:/home/runner/.m2/repository/org/apache/ozone/hdds-hadoop-dependency-client/1.4.0-SNAPSHOT/hdds-hadoop-dependency-client-1.4.0-SNAPSHOT.jar:/home/runner/.m2/repository/info/picocli/picocli/4.6.1/picocli-4.6.1.jar:/home/runner/.m2/repository/com/fasterxml/jackson/core/jackson-annotations/2.13.4/jackson-annotations-2.13.4.jar:/home/runner/.m2/repository/org/apache/ozone/hdds-annotation-processing/1.4.0-SNAPSHOT/hdds-annotation-processing-1.4.0-SNAPSHOT.jar:/home/runner/.m2/repository/javax/annotation/javax.annotation-api/1.2/javax.annotation-api-1.2.jar:/home/runner/.m2/repository/org/apache/ratis/ratis-netty/2.5.1/ratis-netty-2.5.1.jar:/home/runner/.m2/repository/org/apache/ratis/ratis-grpc/2.5.1/ratis-grpc-2.5.1.jar:/home/runner/.m2/repository/org/apache/logging/log4j/log4j-api/2.17.1/log4j-api-2.17.1.jar:/home/runner/.m2/repository/org/apache/commons/commons-pool2/2.6.0/commons-pool2-2.6.0.jar:/home/runner/.m2/repository/org/bouncycastle/bcpkix-jdk15on/1.67/bcpkix-jdk15on-1.67.jar:/home/runner/.m2/repository/commons-validator/commons-validator/1.6/commons-validator-1.6.jar:/home/runner/.m2/repository/commons-beanutils/commons-beanutils/1.9.4/commons-beanutils-1.9.4.jar:/home/runner/.m2/repository/commons-digester/commons-digester/1.8.1/commons-digester-1.8.1.jar:/home/runner/.m2/repository/commons-collections/commons-collections/3.2.2/commons-collections-3.2.2.jar:/home/runner/.m2/repository/io/jaegertracing/jaeger-client/1.6.0/jaeger-client-1.6.0.jar:/home/runner/.m2/repository/io/jaegertracing/jaeger-thrift/1.6.0/jaeger-thrift-1.6.0.jar:/home/runner/.m2/repository/org/apache/thrift/libthrift/0.14.1/libthrift-0.14.1.jar:/home/runner/.m2/repository/io/jaegertracing/jaeger-core/1.6.0/jaeger-core-1.6.0.jar:/home/runner/.m2/repository/io/jaegertracing/jaeger-tracerresolver/1.6.0/jaeger-tracerresolver-1.6.0.jar:/home/runner/.m2/repository/io/opentracing/contrib/opentracing-tracerresolver/0.1.8/opentracing-tracerresolver-0.1.8.jar:/home/runner/.m2/repository/org/jetbrains/kotlin/kotlin-stdlib/1.6.21/kotlin-stdlib-1.6.21.jar:/home/runner/.m2/repository/org/jetbrains/annotations/13.0/annotations-13.0.jar:/home/runner/.m2/repository/io/opentracing/opentracing-util/0.33.0/opentracing-util-0.33.0.jar:/home/runner/.m2/repository/io/opentracing/opentracing-api/0.33.0/opentracing-api-0.33.0.jar:/home/runner/.m2/repository/io/opentracing/opentracing-noop/0.33.0/opentracing-noop-0.33.0.jar:/home/runner/.m2/repository/org/yaml/snakeyaml/2.0/snakeyaml-2.0.jar:/home/runner/.m2/repository/io/grpc/grpc-api/1.51.1/grpc-api-1.51.1.jar:/home/runner/.m2/repository/io/grpc/grpc-context/1.51.1/grpc-context-1.51.1.jar:/home/runner/.m2/repository/junit/junit/4.13.1/junit-4.13.1.jar:/home/runner/.m2/repository/org/hamcrest/hamcrest-core/1.3/hamcrest-core-1.3.jar:/home/runner/.m2/repository/org/junit/jupiter/junit-jupiter-api/5.8.2/junit-jupiter-api-5.8.2.jar:/home/runner/.m2/repository/org/opentest4j/opentest4j/1.2.0/opentest4j-1.2.0.jar:/home/runner/.m2/repository/org/junit/platform/junit-platform-commons/1.8.2/junit-platform-commons-1.8.2.jar:/home/runner/.m2/repository/org/apiguardian/apiguardian-api/1.1.2/apiguardian-api-1.1.2.jar:/home/runner/.m2/repository/org/junit/jupiter/junit-jupiter-params/5.8.2/junit-jupiter-params-5.8.2.jar:/home/runner/.m2/repository/org/junit/jupiter/junit-jupiter-migrationsupport/5.8.2/junit-jupiter-migrationsupport-5.8.2.jar:/home/runner/.m2/repository/org/junit/jupiter/junit-jupiter-engine/5.8.2/junit-jupiter-engine-5.8.2.jar:/home/runner/.m2/repository/org/junit/platform/junit-platform-engine/1.8.2/junit-platform-engine-1.8.2.jar:/home/runner/.m2/repository/org/junit/vintage/junit-vintage-engine/5.8.2/junit-vintage-engine-5.8.2.jar:/home/runner/.m2/repository/org/junit/platform/junit-platform-launcher/1.8.2/junit-platform-launcher-1.8.2.jar:/home/runner/.m2/repository/org/mockito/mockito-core/2.28.2/mockito-core-2.28.2.jar:/home/runner/.m2/repository/net/bytebuddy/byte-buddy/1.9.10/byte-buddy-1.9.10.jar:/home/runner/.m2/repository/net/bytebuddy/byte-buddy-agent/1.9.10/byte-buddy-agent-1.9.10.jar:/home/runner/.m2/repository/org/objenesis/objenesis/1.0/objenesis-1.0.jar:/home/runner/.m2/repository/org/apache/hadoop/hadoop-kms/3.3.5/hadoop-kms-3.3.5.jar:/home/runner/.m2/repository/org/apache/hadoop/hadoop-auth/3.3.5/hadoop-auth-3.3.5.jar:/home/runner/.m2/repository/com/nimbusds/nimbus-jose-jwt/9.8.1/nimbus-jose-jwt-9.8.1.jar:/home/runner/.m2/repository/com/github/stephenc/jcip/jcip-annotations/1.0-1/jcip-annotations-1.0-1.jar:/home/runner/.m2/repository/net/minidev/json-smart/2.4.7/json-smart-2.4.7.jar:/home/runner/.m2/repository/net/minidev/accessors-smart/2.4.7/accessors-smart-2.4.7.jar:/home/runner/.m2/repository/org/ow2/asm/asm/5.0.4/asm-5.0.4.jar:/home/runner/.m2/repository/org/apache/zookeeper/zookeeper/3.5.6/zookeeper-3.5.6.jar:/home/runner/.m2/repository/org/apache/zookeeper/zookeeper-jute/3.5.6/zookeeper-jute-3.5.6.jar:/home/runner/.m2/repository/org/apache/yetus/audience-annotations/0.5.0/audience-annotations-0.5.0.jar:/home/runner/.m2/repository/org/apache/curator/curator-framework/4.2.0/curator-framework-4.2.0.jar:/home/runner/.m2/repository/org/apache/hadoop/thirdparty/hadoop-shaded-guava/1.1.1/hadoop-shaded-guava-1.1.1.jar:/home/runner/.m2/repository/com/sun/jersey/jersey-core/1.19/jersey-core-1.19.jar:/home/runner/.m2/repository/javax/ws/rs/jsr311-api/1.1.1/jsr311-api-1.1.1.jar:/home/runner/.m2/repository/com/sun/jersey/jersey-server/1.19/jersey-server-1.19.jar:/home/runner/.m2/repository/javax/servlet/javax.servlet-api/3.1.0/javax.servlet-api-3.1.0.jar:/home/runner/.m2/repository/org/apache/hadoop/hadoop-common/3.3.5/hadoop-common-3.3.5.jar:/home/runner/.m2/repository/org/apache/commons/commons-math3/3.1.1/commons-math3-3.1.1.jar:/home/runner/.m2/repository/commons-net/commons-net/3.9.0/commons-net-3.9.0.jar:/home/runner/.m2/repository/com/sun/jersey/jersey-servlet/1.19/jersey-servlet-1.19.jar:/home/runner/.m2/repository/com/github/pjfanning/jersey-json/1.20/jersey-json-1.20.jar:/home/runner/.m2/repository/org/codehaus/jettison/jettison/1.1/jettison-1.1.jar:/home/runner/.m2/repository/com/sun/xml/bind/jaxb-impl/2.2.3-1/jaxb-impl-2.2.3-1.jar:/home/runner/.m2/repository/com/google/re2j/re2j/1.1/re2j-1.1.jar:/home/runner/.m2/repository/com/jcraft/jsch/0.1.54/jsch-0.1.54.jar:/home/runner/.m2/repository/org/apache/curator/curator-client/4.2.0/curator-client-4.2.0.jar:/home/runner/.m2/repository/org/apache/curator/curator-recipes/4.2.0/curator-recipes-4.2.0.jar:/home/runner/.m2/repository/org/apache/kerby/kerb-core/1.0.1/kerb-core-1.0.1.jar:/home/runner/.m2/repository/org/apache/kerby/kerby-pkix/1.0.1/kerby-pkix-1.0.1.jar:/home/runner/.m2/repository/org/apache/kerby/kerby-asn1/1.0.1/kerby-asn1-1.0.1.jar:/home/runner/.m2/repository/org/apache/kerby/kerby-util/1.0.1/kerby-util-1.0.1.jar:/home/runner/.m2/repository/dnsjava/dnsjava/2.1.7/dnsjava-2.1.7.jar:/home/runner/.m2/repository/org/xerial/snappy/snappy-java/1.1.8.2/snappy-java-1.1.8.2.jar:/home/runner/.m2/repository/com/fasterxml/jackson/core/jackson-databind/2.13.4.2/jackson-databind-2.13.4.2.jar:/home/runner/.m2/repository/org/apache/hadoop/hadoop-kms/3.3.5/hadoop-kms-3.3.5-tests.jar:/home/runner/.m2/repository/org/apache/ozone/hdds-server-scm/1.4.0-SNAPSHOT/hdds-server-scm-1.4.0-SNAPSHOT-tests.jar:/home/runner/.m2/repository/org/apache/ozone/hdds-container-service/1.4.0-SNAPSHOT/hdds-container-service-1.4.0-SNAPSHOT-tests.jar:/home/runner/.m2/repository/com/github/luben/zstd-jni/1.5.2-5/zstd-jni-1.5.2-5.jar:/home/runner/.m2/repository/commons-codec/commons-codec/1.15/commons-codec-1.15.jar:/home/runner/.m2/repository/io/netty/netty-codec/4.1.86.Final/netty-codec-4.1.86.Final.jar:/home/runner/.m2/repository/io/netty/netty-handler/4.1.86.Final/netty-handler-4.1.86.Final.jar:/home/runner/.m2/repository/org/apache/ozone/hdds-hadoop-dependency-test/1.4.0-SNAPSHOT/hdds-hadoop-dependency-test-1.4.0-SNAPSHOT.jar:/home/runner/.m2/repository/org/apache/hadoop/hadoop-common/3.3.5/hadoop-common-3.3.5-tests.jar:/home/runner/.m2/repository/org/apache/hadoop/hadoop-hdfs/3.3.5/hadoop-hdfs-3.3.5-tests.jar:/home/runner/.m2/repository/org/assertj/assertj-core/3.12.2/assertj-core-3.12.2.jar:/home/runner/.m2/repository/org/apache/hadoop/hadoop-distcp/3.3.5/hadoop-distcp-3.3.5.jar:/home/runner/.m2/repository/org/apache/hadoop/hadoop-mapreduce-client-jobclient/3.3.5/hadoop-mapreduce-client-jobclient-3.3.5.jar:/home/runner/.m2/repository/org/apache/hadoop/hadoop-mapreduce-client-common/3.3.5/hadoop-mapreduce-client-common-3.3.5.jar:/home/runner/.m2/repository/org/apache/hadoop/hadoop-yarn-common/3.3.5/hadoop-yarn-common-3.3.5.jar:/home/runner/.m2/repository/org/apache/hadoop/hadoop-yarn-api/3.3.5/hadoop-yarn-api-3.3.5.jar:/home/runner/.m2/repository/com/sun/jersey/contribs/jersey-guice/1.19/jersey-guice-1.19.jar:/home/runner/.m2/repository/com/fasterxml/jackson/jaxrs/jackson-jaxrs-json-provider/2.13.4/jackson-jaxrs-json-provider-2.13.4.jar:/home/runner/.m2/repository/com/fasterxml/jackson/jaxrs/jackson-jaxrs-base/2.13.4/jackson-jaxrs-base-2.13.4.jar:/home/runner/.m2/repository/org/apache/hadoop/hadoop-yarn-client/3.3.5/hadoop-yarn-client-3.3.5.jar:/home/runner/.m2/repository/org/eclipse/jetty/websocket/websocket-client/9.4.48.v20220622/websocket-client-9.4.48.v20220622.jar:/home/runner/.m2/repository/org/eclipse/jetty/websocket/websocket-common/9.4.48.v20220622/websocket-common-9.4.48.v20220622.jar:/home/runner/.m2/repository/org/eclipse/jetty/websocket/websocket-api/9.4.48.v20220622/websocket-api-9.4.48.v20220622.jar:/home/runner/.m2/repository/org/jline/jline/3.9.0/jline-3.9.0.jar:/home/runner/.m2/repository/org/apache/hadoop/hadoop-mapreduce-client-core/3.3.5/hadoop-mapreduce-client-core-3.3.5.jar:/home/runner/.m2/repository/org/apache/avro/avro/1.7.7/avro-1.7.7.jar:/home/runner/.m2/repository/com/thoughtworks/paranamer/paranamer/2.3/paranamer-2.3.jar:/home/runner/.m2/repository/org/apache/hadoop/hadoop-annotations/3.3.5/hadoop-annotations-3.3.5.jar:/usr/lib/jvm/temurin-8-jdk-amd64/jre/../lib/tools.jar:/home/runner/.m2/repository/io/netty/netty/3.10.6.Final/netty-3.10.6.Final.jar:/home/runner/.m2/repository/org/apache/hadoop/hadoop-distcp/3.3.5/hadoop-distcp-3.3.5-tests.jar:/home/runner/.m2/repository/org/slf4j/jul-to-slf4j/1.7.36/jul-to-slf4j-1.7.36.jar:"/>
    <property name="sun.cpu.endian" value="little"/>
    <property name="user.home" value="/home/runner"/>
    <property name="user.language" value="en"/>
    <property name="java.specification.vendor" value="Oracle Corporation"/>
    <property name="java.home" value="/usr/lib/jvm/temurin-8-jdk-amd64/jre"/>
    <property name="java.security.krb5.conf" value="/home/runner/work/ozone/ozone/hadoop-ozone/integration-test/target/test-classes/krb5.conf"/>
    <property name="basedir" value="/home/runner/work/ozone/ozone/hadoop-ozone/integration-test"/>
    <property name="file.separator" value="/"/>
    <property name="line.separator" value="&#10;"/>
    <property name="java.vm.specification.vendor" value="Oracle Corporation"/>
    <property name="java.specification.name" value="Java Platform API Specification"/>
    <property name="java.awt.graphicsenv" value="sun.awt.X11GraphicsEnvironment"/>
    <property name="skip.installnpx" value="true"/>
    <property name="surefire.real.class.path" value="/home/runner/work/ozone/ozone/hadoop-ozone/integration-test/target/surefire/surefirebooter6284349808504012911.jar:/home/runner/.m2/repository/org/jacoco/org.jacoco.agent/0.8.5/org.jacoco.agent-0.8.5-runtime.jar"/>
    <property name="hadoop.log.dir" value="/home/runner/work/ozone/ozone/hadoop-ozone/integration-test/target/log"/>
    <property name="sun.boot.class.path" value="/usr/lib/jvm/temurin-8-jdk-amd64/jre/lib/resources.jar:/usr/lib/jvm/temurin-8-jdk-amd64/jre/lib/rt.jar:/usr/lib/jvm/temurin-8-jdk-amd64/jre/lib/sunrsasign.jar:/usr/lib/jvm/temurin-8-jdk-amd64/jre/lib/jsse.jar:/usr/lib/jvm/temurin-8-jdk-amd64/jre/lib/jce.jar:/usr/lib/jvm/temurin-8-jdk-amd64/jre/lib/charsets.jar:/usr/lib/jvm/temurin-8-jdk-amd64/jre/lib/jfr.jar:/usr/lib/jvm/temurin-8-jdk-amd64/jre/classes"/>
    <property name="sun.management.compiler" value="HotSpot 64-Bit Tiered Compilers"/>
    <property name="skip.npx" value="true"/>
    <property name="java.runtime.version" value="1.8.0_362-b09"/>
    <property name="java.net.preferIPv4Stack" value="true"/>
    <property name="user.name" value="runner"/>
    <property name="path.separator" value=":"/>
    <property name="java.security.egd" value="file:///dev/urandom"/>
    <property name="os.version" value="5.15.0-1037-azure"/>
    <property name="java.endorsed.dirs" value="/usr/lib/jvm/temurin-8-jdk-amd64/jre/lib/endorsed"/>
    <property name="java.runtime.name" value="OpenJDK Runtime Environment"/>
    <property name="file.encoding" value="UTF-8"/>
    <property name="java.vm.name" value="OpenJDK 64-Bit Server VM"/>
    <property name="test.build.webapps" value=""/>
    <property name="localRepository" value="/home/runner/.m2/repository"/>
    <property name="jetty.git.hash" value="b45c405e4544384de066f814ed42ae3dceacdd49"/>
    <property name="java.vendor.url.bug" value="https://github.com/adoptium/adoptium-support/issues"/>
    <property name="java.io.tmpdir" value="/tmp"/>
    <property name="require.test.libhadoop" value=""/>
    <property name="java.version" value="1.8.0_362"/>
    <property name="user.dir" value="/home/runner/work/ozone/ozone/hadoop-ozone/integration-test"/>
    <property name="os.arch" value="amd64"/>
    <property name="java.vm.specification.name" value="Java Virtual Machine Specification"/>
    <property name="test.build.classes" value="/home/runner/work/ozone/ozone/hadoop-ozone/integration-test/target/test-classes"/>
    <property name="java.awt.printerjob" value="sun.print.PSPrinterJob"/>
    <property name="sun.os.patch.level" value="unknown"/>
    <property name="org.apache.ratis.thirdparty.io.netty.allocator.useCacheForAllThreads" value="false"/>
    <property name="hadoop.tmp.dir" value="/home/runner/work/ozone/ozone/hadoop-ozone/integration-test/target/tmp"/>
    <property name="java.library.path" value="/usr/java/packages/lib/amd64:/usr/lib64:/lib64:/lib:/usr/lib"/>
    <property name="java.vm.info" value="mixed mode"/>
    <property name="java.vendor" value="Temurin"/>
    <property name="java.vm.version" value="25.362-b09"/>
    <property name="java.specification.maintenance.version" value="4"/>
    <property name="java.ext.dirs" value="/usr/lib/jvm/temurin-8-jdk-amd64/jre/lib/ext:/usr/java/packages/lib/ext"/>
    <property name="sun.io.unicode.encoding" value="UnicodeLittle"/>
    <property name="java.class.version" value="52.0"/>
  </properties>
  <testcase name="bucketUsedBytesOverWrite(BucketLayout)[1]" classname="org.apache.hadoop.ozone.client.rpc.TestOzoneRpcClient" time="12.527">
    <system-out><![CDATA[2023-05-31 22:57:23,948 [main] WARN  server.ServerUtils (ServerUtils.java:getScmDbDir(155)) - ozone.scm.db.dirs is not configured. We recommend adding this setting. Falling back to ozone.metadata.dirs instead.
2023-05-31 22:57:24,211 [main] INFO  reflections.Reflections (Reflections.java:scan(232)) - Reflections took 221 ms to scan 7 urls, producing 157 keys and 369 values 
2023-05-31 22:57:24,398 [main] WARN  server.ServerUtils (ServerUtils.java:getScmDbDir(155)) - ozone.scm.db.dirs is not configured. We recommend adding this setting. Falling back to ozone.metadata.dirs instead.
2023-05-31 22:57:24,403 [main] INFO  ha.SCMHANodeDetails (SCMHANodeDetails.java:loadSCMHAConfig(209)) - ServiceID for StorageContainerManager is null
2023-05-31 22:57:24,411 [main] WARN  ha.SCMHANodeDetails (SCMHANodeDetails.java:validateSCMHAConfig(182)) - Invalid config ozone.scm.ratis.enable. The config was not specified, but the default value true conflicts with the expected config value false. Falling back to the expected value. Current State of SCM: SCM is running in Non-HA without Ratis Ratis SCM -> Non Ratis SCM or Non HA SCM -> HA SCM is not supported
2023-05-31 22:57:24,412 [main] INFO  ha.SCMHANodeDetails (SCMHANodeDetails.java:loadSCMHAConfig(214)) - ozone.scm.default.service.id is not defined, falling back to ozone.scm.service.ids to find serviceID for StorageContainerManager if it is HA enabled cluster
2023-05-31 22:57:25,165 [main] WARN  utils.HAUtils (HAUtils.java:getMetaDir(350)) - ozone.scm.db.dirs is not configured. We recommend adding this setting. Falling back to ozone.metadata.dirs instead.
2023-05-31 22:57:25,325 [main] WARN  db.DBStoreBuilder (DBStoreBuilder.java:applyDBDefinition(165)) - ozone.scm.db.dirs is not configured. We recommend adding this setting. Falling back to ozone.metadata.dirs instead.
2023-05-31 22:57:25,595 [main] INFO  net.NodeSchemaLoader (NodeSchemaLoader.java:loadSchemaFromFile(129)) - Loading schema from [jar:file:/home/runner/.m2/repository/org/apache/ozone/hdds-common/1.4.0-SNAPSHOT/hdds-common-1.4.0-SNAPSHOT.jar!/network-topology-default.xml]
2023-05-31 22:57:25,598 [main] INFO  net.NodeSchemaLoader (NodeSchemaLoader.java:loadSchema(176)) - Loading network topology layer schema file
2023-05-31 22:57:25,647 [main] INFO  metrics.MetricRegistries (MetricRegistriesLoader.java:load(64)) - Loaded MetricRegistries class org.apache.ratis.metrics.impl.MetricRegistriesImpl
2023-05-31 22:57:25,661 [main] INFO  upgrade.AbstractLayoutVersionManager (AbstractLayoutVersionManager.java:init(83)) - Initializing Layout version manager with metadata layout = HADOOP_PRC_PORTS_IN_DATANODEDETAILS (version = 7), software layout = HADOOP_PRC_PORTS_IN_DATANODEDETAILS (version = 7)
2023-05-31 22:57:25,863 [main] INFO  ha.SequenceIdGenerator (SequenceIdGenerator.java:upgradeToSequenceId(349)) - upgrade localId to 111677748019200000
2023-05-31 22:57:25,864 [main] INFO  ha.SequenceIdGenerator (SequenceIdGenerator.java:upgradeToSequenceId(359)) - upgrade delTxnId to 0
2023-05-31 22:57:25,869 [main] INFO  ha.SequenceIdGenerator (SequenceIdGenerator.java:upgradeToSequenceId(376)) - upgrade containerId to 0
2023-05-31 22:57:25,872 [main] INFO  ha.SequenceIdGenerator (SequenceIdGenerator.java:<init>(220)) - Init the HA SequenceIdGenerator.
2023-05-31 22:57:25,949 [main] INFO  node.SCMNodeManager (SCMNodeManager.java:<init>(159)) - Entering startup safe mode.
2023-05-31 22:57:25,966 [main] INFO  algorithms.ContainerPlacementPolicyFactory (ContainerPlacementPolicyFactory.java:getPolicyInternal(86)) - Create container placement policy of type org.apache.hadoop.hdds.scm.container.placement.algorithms.SCMContainerPlacementRackAware
2023-05-31 22:57:25,970 [main] INFO  algorithms.ContainerPlacementPolicyFactory (ContainerPlacementPolicyFactory.java:getPolicyInternal(86)) - Create container placement policy of type org.apache.hadoop.hdds.scm.container.placement.algorithms.SCMContainerPlacementRackScatter
2023-05-31 22:57:25,980 [main] INFO  pipeline.PipelineStateManagerImpl (PipelineStateManagerImpl.java:initialize(78)) - No pipeline exists in current db
2023-05-31 22:57:25,994 [main] INFO  algorithms.LeaderChoosePolicyFactory (LeaderChoosePolicyFactory.java:getPolicy(57)) - Create leader choose policy of type org.apache.hadoop.hdds.scm.pipeline.leader.choose.algorithms.MinLeaderCountChoosePolicy
2023-05-31 22:57:25,995 [main] INFO  algorithms.ContainerPlacementPolicyFactory (ContainerPlacementPolicyFactory.java:getPolicyInternal(86)) - Create container placement policy of type org.apache.hadoop.hdds.scm.container.placement.algorithms.SCMContainerPlacementRackScatter
2023-05-31 22:57:26,001 [main] INFO  ha.SCMServiceManager (SCMServiceManager.java:register(42)) - Registering service BackgroundPipelineCreator.
2023-05-31 22:57:26,001 [main] INFO  pipeline.BackgroundPipelineCreator (BackgroundPipelineCreator.java:start(124)) - Starting RatisPipelineUtilsThread.
2023-05-31 22:57:26,004 [main] INFO  BackgroundPipelineScrubber (BackgroundSCMService.java:start(68)) - Starting BackgroundPipelineScrubber Service.
2023-05-31 22:57:26,006 [main] INFO  ha.SCMServiceManager (SCMServiceManager.java:register(42)) - Registering service BackgroundPipelineScrubber.
2023-05-31 22:57:26,013 [main] INFO  ExpiredContainerReplicaOpScrubber (BackgroundSCMService.java:start(68)) - Starting ExpiredContainerReplicaOpScrubber Service.
2023-05-31 22:57:26,022 [main] INFO  ha.SCMServiceManager (SCMServiceManager.java:register(42)) - Registering service ExpiredContainerReplicaOpScrubber.
2023-05-31 22:57:26,066 [main] INFO  algorithms.PipelineChoosePolicyFactory (PipelineChoosePolicyFactory.java:createPipelineChoosePolicyFromClass(73)) - Create pipeline choose policy of type org.apache.hadoop.hdds.scm.pipeline.choose.algorithms.RandomPipelineChoosePolicy
2023-05-31 22:57:26,092 [main] INFO  ha.SCMServiceManager (SCMServiceManager.java:register(42)) - Registering service SCMBlockDeletingService.
2023-05-31 22:57:26,163 [main] INFO  replication.ReplicationManager (ReplicationManager.java:start(300)) - Starting Replication Monitor Thread.
2023-05-31 22:57:26,174 [main] INFO  ha.SCMServiceManager (SCMServiceManager.java:register(42)) - Registering service ReplicationManager.
2023-05-31 22:57:26,186 [ReplicationMonitor] INFO  replication.ReplicationManager (ReplicationManager.java:processAll(375)) - Replication Manager is not ready to run until 3000ms after safemode exit
2023-05-31 22:57:26,188 [main] INFO  safemode.ContainerSafeModeRule (ContainerSafeModeRule.java:<init>(89)) - containers with one replica threshold count 0
2023-05-31 22:57:26,192 [main] INFO  safemode.HealthyPipelineSafeModeRule (HealthyPipelineSafeModeRule.java:initializeRule(169)) - Total pipeline count is 0, healthy pipeline threshold count is 1
2023-05-31 22:57:26,195 [main] INFO  safemode.OneReplicaPipelineSafeModeRule (OneReplicaPipelineSafeModeRule.java:initializeRule(180)) - Total pipeline count is 0, pipeline's with at least one datanode reported threshold count is 0
2023-05-31 22:57:26,252 [main] INFO  server.StorageContainerManager (StorageContainerManager.java:<init>(404)) - SCM start with adminUsers: [runner]
2023-05-31 22:57:26,659 [main] INFO  audit.AuditLogger (AuditLogger.java:refreshDebugCmdSet(126)) - Refresh DebugCmdSet for SCMAudit to [].
2023-05-31 22:57:26,698 [main] INFO  ipc.CallQueueManager (CallQueueManager.java:<init>(90)) - Using callQueue: class java.util.concurrent.LinkedBlockingQueue, queueCapacity: 2000, scheduler: class org.apache.hadoop.ipc.DefaultRpcScheduler, ipcBackoff: false.
2023-05-31 22:57:26,745 [Socket Reader #1 for port 15002] INFO  ipc.Server (Server.java:run(1319)) - Starting Socket Reader #1 for port 15002
2023-05-31 22:57:26,789 [Listener at 0.0.0.0/15002] INFO  hdds.HddsUtils (HddsUtils.java:preserveThreadName(843)) - Restoring thread name: main
2023-05-31 22:57:26,822 [main] INFO  audit.AuditLogger (AuditLogger.java:refreshDebugCmdSet(126)) - Refresh DebugCmdSet for SCMAudit to [].
2023-05-31 22:57:26,829 [main] INFO  ipc.CallQueueManager (CallQueueManager.java:<init>(90)) - Using callQueue: class java.util.concurrent.LinkedBlockingQueue, queueCapacity: 2000, scheduler: class org.apache.hadoop.ipc.DefaultRpcScheduler, ipcBackoff: false.
2023-05-31 22:57:26,830 [Socket Reader #1 for port 15001] INFO  ipc.Server (Server.java:run(1319)) - Starting Socket Reader #1 for port 15001
2023-05-31 22:57:26,838 [Listener at 0.0.0.0/15001] INFO  hdds.HddsUtils (HddsUtils.java:preserveThreadName(843)) - Restoring thread name: main
2023-05-31 22:57:26,882 [main] INFO  audit.AuditLogger (AuditLogger.java:refreshDebugCmdSet(126)) - Refresh DebugCmdSet for SCMAudit to [].
2023-05-31 22:57:26,896 [main] INFO  ipc.CallQueueManager (CallQueueManager.java:<init>(90)) - Using callQueue: class java.util.concurrent.LinkedBlockingQueue, queueCapacity: 2000, scheduler: class org.apache.hadoop.ipc.DefaultRpcScheduler, ipcBackoff: false.
2023-05-31 22:57:26,898 [Socket Reader #1 for port 15000] INFO  ipc.Server (Server.java:run(1319)) - Starting Socket Reader #1 for port 15000
2023-05-31 22:57:26,904 [Listener at 0.0.0.0/15000] INFO  hdds.HddsUtils (HddsUtils.java:preserveThreadName(843)) - Restoring thread name: main
2023-05-31 22:57:26,970 [main] INFO  ha.SCMServiceManager (SCMServiceManager.java:register(42)) - Registering service ContainerBalancer.
2023-05-31 22:57:26,975 [main] INFO  server.StorageContainerManager (StorageContainerManager.java:<init>(421)) - 
Container Balancer status:
Key                            Value
Running                        false
Container Balancer Configuration values:
Key                                                Value
Threshold                                          10
Max Datanodes to Involve per Iteration(percent)    20
Max Size to Move per Iteration                     500GB
Max Size Entering Target per Iteration             26GB
Max Size Leaving Source per Iteration              26GB

2023-05-31 22:57:26,975 [main] INFO  ha.SCMContext (SCMContext.java:updateSafeModeStatus(228)) - Update SafeModeStatus from SafeModeStatus{safeModeStatus=true, preCheckPassed=false} to SafeModeStatus{safeModeStatus=true, preCheckPassed=false}.
2023-05-31 22:57:26,991 [main] INFO  server.StorageContainerManager (StorageContainerManager.java:start(1478)) - StorageContainerLocationProtocol RPC server is listening at /0.0.0.0:15000
2023-05-31 22:57:27,080 [main] WARN  impl.MetricsConfig (MetricsConfig.java:loadFirst(136)) - Cannot locate configuration: tried hadoop-metrics2-storagecontainermanager.properties,hadoop-metrics2.properties
2023-05-31 22:57:27,098 [main] INFO  impl.MetricsSystemImpl (MetricsSystemImpl.java:startTimer(378)) - Scheduled Metric snapshot period at 10 second(s).
2023-05-31 22:57:27,098 [main] INFO  impl.MetricsSystemImpl (MetricsSystemImpl.java:start(191)) - StorageContainerManager metrics system started
2023-05-31 22:57:27,397 [main] INFO  server.SCMClientProtocolServer (SCMClientProtocolServer.java:start(199)) - RPC server for Client  is listening at /0.0.0.0:15000
2023-05-31 22:57:27,398 [IPC Server Responder] INFO  ipc.Server (Server.java:run(1558)) - IPC Server Responder: starting
2023-05-31 22:57:27,413 [main] INFO  server.StorageContainerManager (StorageContainerManager.java:start(1492)) - ScmBlockLocationProtocol RPC server is listening at /0.0.0.0:15001
2023-05-31 22:57:27,429 [main] INFO  server.SCMBlockProtocolServer (SCMBlockProtocolServer.java:start(152)) - RPC server for Block Protocol is listening at /0.0.0.0:15001
2023-05-31 22:57:27,400 [IPC Server listener on 15000] INFO  ipc.Server (Server.java:run(1398)) - IPC Server listener on 15000: starting
2023-05-31 22:57:27,431 [IPC Server Responder] INFO  ipc.Server (Server.java:run(1558)) - IPC Server Responder: starting
2023-05-31 22:57:27,431 [IPC Server listener on 15001] INFO  ipc.Server (Server.java:run(1398)) - IPC Server listener on 15001: starting
2023-05-31 22:57:27,435 [main] INFO  server.SCMDatanodeProtocolServer (SCMDatanodeProtocolServer.java:start(193)) - ScmDatanodeProtocol RPC server for DataNodes is listening at /0.0.0.0:15002
2023-05-31 22:57:27,436 [IPC Server Responder] INFO  ipc.Server (Server.java:run(1558)) - IPC Server Responder: starting
2023-05-31 22:57:27,437 [IPC Server listener on 15002] INFO  ipc.Server (Server.java:run(1398)) - IPC Server listener on 15002: starting
2023-05-31 22:57:27,486 [org.apache.hadoop.util.JvmPauseMonitor$Monitor@7aa44fa2] INFO  util.JvmPauseMonitor (JvmPauseMonitor.java:run(188)) - Starting JVM pause monitor
2023-05-31 22:57:27,492 [main] INFO  http.BaseHttpServer (BaseHttpServer.java:newHttpServer2BuilderForOzone(224)) - Starting Web-server for scm at: http://0.0.0.0:15003
2023-05-31 22:57:27,492 [main] INFO  http.BaseHttpServer (BaseHttpServer.java:<init>(111)) - Hadoop Security Enabled: false Ozone Security Enabled: false Ozone HTTP Security Enabled: false 
2023-05-31 22:57:27,519 [main] INFO  util.log (Log.java:initialized(170)) - Logging initialized @5799ms to org.eclipse.jetty.util.log.Slf4jLog
2023-05-31 22:57:27,625 [main] WARN  server.AuthenticationFilter (AuthenticationFilter.java:constructSecretProvider(240)) - Unable to initialize FileSignerSecretProvider, falling back to use random secrets. Reason: Could not read signature secret file: /home/runner/hadoop-http-auth-signature-secret
2023-05-31 22:57:27,634 [main] INFO  http.HttpRequestLog (HttpRequestLog.java:getRequestLog(86)) - Http request log for http.requests.scm is not defined
2023-05-31 22:57:27,644 [main] INFO  http.HttpServer2 (HttpServer2.java:addGlobalFilter(1031)) - Added global filter 'safety' (class=org.apache.hadoop.hdds.server.http.HttpServer2$QuotingInputFilter)
2023-05-31 22:57:27,647 [main] INFO  http.HttpServer2 (HttpServer2.java:addFilter(1007)) - Added filter static_user_filter (class=org.apache.hadoop.http.lib.StaticUserWebFilter$StaticUserFilter) to context scm
2023-05-31 22:57:27,648 [main] INFO  http.HttpServer2 (HttpServer2.java:addFilter(1015)) - Added filter static_user_filter (class=org.apache.hadoop.http.lib.StaticUserWebFilter$StaticUserFilter) to context static
2023-05-31 22:57:27,648 [main] INFO  http.HttpServer2 (HttpServer2.java:addFilter(1015)) - Added filter static_user_filter (class=org.apache.hadoop.http.lib.StaticUserWebFilter$StaticUserFilter) to context logs
2023-05-31 22:57:27,697 [main] INFO  http.BaseHttpServer (BaseHttpServer.java:<init>(190)) - HTTP server of scm uses base directory /home/runner/work/ozone/ozone/hadoop-ozone/integration-test/target/test-dir/MiniOzoneClusterImpl-816a41a7-5c89-4e8c-81ba-db0c8b26fb2d/ozone-meta/webserver
2023-05-31 22:57:27,698 [main] INFO  http.HttpServer2 (HttpServer2.java:bindListener(1250)) - Jetty bound to port 15003
2023-05-31 22:57:27,699 [main] INFO  server.Server (Server.java:doStart(375)) - jetty-9.4.51.v20230217; built: 2023-02-17T08:19:37.309Z; git: b45c405e4544384de066f814ed42ae3dceacdd49; jvm 1.8.0_362-b09
2023-05-31 22:57:27,739 [main] INFO  server.session (DefaultSessionIdManager.java:doStart(334)) - DefaultSessionIdManager workerName=node0
2023-05-31 22:57:27,739 [main] INFO  server.session (DefaultSessionIdManager.java:doStart(339)) - No SessionScavenger set, using defaults
2023-05-31 22:57:27,741 [main] INFO  server.session (HouseKeeper.java:startScavenging(132)) - node0 Scavenging every 660000ms
2023-05-31 22:57:27,756 [main] INFO  handler.ContextHandler (ContextHandler.java:doStart(921)) - Started o.e.j.s.ServletContextHandler@47166740{logs,/logs,file:///home/runner/work/ozone/ozone/hadoop-ozone/integration-test/target/log,AVAILABLE}
2023-05-31 22:57:27,756 [main] INFO  handler.ContextHandler (ContextHandler.java:doStart(921)) - Started o.e.j.s.ServletContextHandler@1acd952e{static,/static,file:///home/runner/work/ozone/ozone/hadoop-ozone/integration-test/target/test-classes/webapps/static,AVAILABLE}
2023-05-31 22:57:27,801 [main] INFO  handler.ContextHandler (ContextHandler.java:doStart(921)) - Started o.e.j.w.WebAppContext@6385b07d{scm,/,file:///home/runner/work/ozone/ozone/hadoop-ozone/integration-test/target/test-classes/webapps/scm/,AVAILABLE}{file:/home/runner/work/ozone/ozone/hadoop-ozone/integration-test/target/test-classes/webapps/scm}
2023-05-31 22:57:27,812 [main] INFO  server.AbstractConnector (AbstractConnector.java:doStart(333)) - Started ServerConnector@5ebd80f8{HTTP/1.1, (http/1.1)}{0.0.0.0:15003}
2023-05-31 22:57:27,813 [main] INFO  server.Server (Server.java:doStart(415)) - Started @6093ms
2023-05-31 22:57:27,815 [main] INFO  impl.MetricsSinkAdapter (MetricsSinkAdapter.java:start(204)) - Sink prometheus started
2023-05-31 22:57:27,815 [main] INFO  impl.MetricsSystemImpl (MetricsSystemImpl.java:registerSink(305)) - Registered sink prometheus
2023-05-31 22:57:27,817 [main] INFO  http.BaseHttpServer (BaseHttpServer.java:updateConnectorAddress(344)) - HTTP server of scm listening at http://0.0.0.0:15003
2023-05-31 22:57:27,821 [main] WARN  server.ServerUtils (ServerUtils.java:getDBPath(311)) - ozone.om.db.dirs is not configured. We recommend adding this setting. Falling back to ozone.metadata.dirs instead.
2023-05-31 22:57:27,868 [main] INFO  audit.AuditLogger (AuditLogger.java:refreshDebugCmdSet(126)) - Refresh DebugCmdSet for OMAudit to [].
2023-05-31 22:57:27,957 [main] INFO  ha.OMHANodeDetails (OMHANodeDetails.java:loadOMHAConfig(115)) - ozone.om.internal.service.id is not defined, falling back to ozone.om.service.ids to find serviceID for OzoneManager if it is HA enabled cluster
2023-05-31 22:57:27,961 [main] INFO  ha.OMHANodeDetails (OMHANodeDetails.java:loadOMHAConfig(226)) - Configuration does not have ozone.om.address set. Falling back to the default OM address /127.0.0.1:15004
2023-05-31 22:57:27,962 [main] INFO  ha.OMHANodeDetails (OMHANodeDetails.java:getOMNodeDetailsForNonHA(254)) - OM Service ID is not set. Setting it to the default ID: omServiceIdDefault
2023-05-31 22:57:27,962 [main] INFO  ha.OMHANodeDetails (OMHANodeDetails.java:getOMNodeDetailsForNonHA(261)) - OM Node ID is not set. Setting it to the default ID: om1
2023-05-31 22:57:27,967 [main] WARN  server.ServerUtils (ServerUtils.java:getDBPath(311)) - ozone.om.db.dirs is not configured. We recommend adding this setting. Falling back to ozone.metadata.dirs instead.
2023-05-31 22:57:27,971 [main] INFO  upgrade.AbstractLayoutVersionManager (AbstractLayoutVersionManager.java:init(83)) - Initializing Layout version manager with metadata layout = FILESYSTEM_SNAPSHOT (version = 5), software layout = FILESYSTEM_SNAPSHOT (version = 5)
2023-05-31 22:57:28,071 [main] INFO  reflections.Reflections (Reflections.java:scan(232)) - Reflections took 95 ms to scan 2 urls, producing 174 keys and 483 values [using 2 cores]
2023-05-31 22:57:28,081 [main] INFO  upgrade.OMLayoutVersionManager (OMLayoutVersionManager.java:lambda$0(115)) - Skipping Upgrade Action MockOmUpgradeAction since it has been finalized.
2023-05-31 22:57:28,083 [main] WARN  server.ServerUtils (ServerUtils.java:getDBPath(311)) - ozone.om.db.dirs is not configured. We recommend adding this setting. Falling back to ozone.metadata.dirs instead.
2023-05-31 22:57:28,324 [main] INFO  proxy.SCMBlockLocationFailoverProxyProvider (SCMBlockLocationFailoverProxyProvider.java:<init>(114)) - Created block location fail-over proxy with 1 nodes: [nodeId=scmNodeId,nodeAddress=/0.0.0.0:15001]
2023-05-31 22:57:28,408 [main] INFO  proxy.SCMBlockLocationFailoverProxyProvider (SCMBlockLocationFailoverProxyProvider.java:<init>(114)) - Created block location fail-over proxy with 1 nodes: [nodeId=scmNodeId,nodeAddress=/0.0.0.0:15001]
2023-05-31 22:57:28,676 [main] INFO  om.OzoneManager (OzoneManager.java:<init>(649)) - OM start with adminUsers: [runner]
2023-05-31 22:57:28,691 [main] WARN  server.ServerUtils (ServerUtils.java:getDBPath(311)) - ozone.om.db.dirs is not configured. We recommend adding this setting. Falling back to ozone.metadata.dirs instead.
2023-05-31 22:57:28,740 [main] INFO  helpers.OmKeyInfo (OmKeyInfo.java:getCodec(71)) - OmKeyInfo.getCodec ignorePipeline = true
2023-05-31 22:57:29,090 [main] INFO  om.OzoneManager (OzoneManager.java:instantiateServices(790)) - S3 Multi-Tenancy is disabled
2023-05-31 22:57:29,125 [main] INFO  om.OmSnapshotManager (OmSnapshotManager.java:<init>(170)) - Ozone filesystem snapshot feature is enabled.
2023-05-31 22:57:29,136 [main] WARN  server.ServerUtils (ServerUtils.java:getDBPath(311)) - ozone.om.snapshot.diff.db.dir is not configured. We recommend adding this setting. Falling back to ozone.metadata.dirs instead.
2023-05-31 22:57:29,179 [main] INFO  utils.NativeLibraryLoader (NativeLibraryLoader.java:loadLibrary(103)) - Loading Library: ozone_rocksdb_tools
2023-05-31 22:57:29,252 [main] INFO  om.OzoneManager (OzoneManager.java:addS3GVolumeToDB(4330)) - Created Volume s3v With Owner runner required for S3Gateway operations.
2023-05-31 22:57:29,329 [main] WARN  server.ServerUtils (ServerUtils.java:getDefaultRatisDirectory(323)) - Storage directory for Ratis is not configured. It is a good idea to map this to an SSD disk. Falling back to ozone.metadata.dirs
2023-05-31 22:57:29,333 [main] WARN  utils.OzoneManagerRatisUtils (OzoneManagerRatisUtils.java:getOMRatisSnapshotDirectory(456)) - ozone.om.ratis.snapshot.dir is not configured. Falling back to ozone.metadata.dirs config
2023-05-31 22:57:29,353 [main] WARN  server.ServerUtils (ServerUtils.java:getDefaultRatisDirectory(323)) - Storage directory for Ratis is not configured. It is a good idea to map this to an SSD disk. Falling back to ozone.metadata.dirs
2023-05-31 22:57:29,389 [main] INFO  ratis.OzoneManagerRatisServer (OzoneManagerRatisServer.java:<init>(163)) - Instantiating OM Ratis server with groupID: omServiceIdDefault and peers: localhost:15007
2023-05-31 22:57:29,403 [main] INFO  ratis.OzoneManagerStateMachine (OzoneManagerStateMachine.java:loadSnapshotInfoFromDB(670)) - LastAppliedIndex is set from TransactionInfo from OM DB as (t:0, i:~)
2023-05-31 22:57:29,478 [main] INFO  server.RaftServer (ConfUtils.java:logGet(46)) - raft.rpc.type = GRPC (default)
2023-05-31 22:57:29,493 [main] INFO  grpc.GrpcConfigKeys (ConfUtils.java:logFallback(53)) - raft.grpc.admin.host = null (fallback to raft.grpc.server.host)
2023-05-31 22:57:29,495 [main] INFO  grpc.GrpcConfigKeys (ConfUtils.java:logFallback(53)) - raft.grpc.admin.port = 15007 (fallback to raft.grpc.server.port)
2023-05-31 22:57:29,495 [main] INFO  grpc.GrpcConfigKeys (ConfUtils.java:logFallback(53)) - raft.grpc.client.host = null (fallback to raft.grpc.server.host)
2023-05-31 22:57:29,496 [main] INFO  grpc.GrpcConfigKeys (ConfUtils.java:logFallback(53)) - raft.grpc.client.port = 15007 (fallback to raft.grpc.server.port)
2023-05-31 22:57:29,496 [main] INFO  grpc.GrpcConfigKeys (ConfUtils.java:logGet(46)) - raft.grpc.server.host = null (default)
2023-05-31 22:57:29,496 [main] INFO  grpc.GrpcConfigKeys (ConfUtils.java:logGet(46)) - raft.grpc.server.port = 15007 (custom)
2023-05-31 22:57:29,497 [main] INFO  server.GrpcService (ConfUtils.java:logGet(46)) - raft.grpc.message.size.max = 33554432 (custom)
2023-05-31 22:57:29,499 [main] INFO  server.RaftServerConfigKeys (ConfUtils.java:logGet(46)) - raft.server.log.appender.buffer.byte-limit = 33554432 (custom)
2023-05-31 22:57:29,500 [main] INFO  server.GrpcService (ConfUtils.java:logGet(46)) - raft.grpc.flow.control.window = 1MB (=1048576) (default)
2023-05-31 22:57:29,501 [main] INFO  server.RaftServerConfigKeys (ConfUtils.java:logGet(46)) - raft.server.rpc.request.timeout = 3000ms (default)
2023-05-31 22:57:29,516 [main] INFO  grpc.GrpcConfigKeys (ConfUtils.java:logGet(46)) - raft.grpc.server.heartbeat.channel = true (default)
2023-05-31 22:57:29,523 [main] INFO  grpc.GrpcConfigKeys (ConfUtils.java:logGet(46)) - raft.grpc.server.async.request.thread.pool.cached = true (default)
2023-05-31 22:57:29,524 [main] INFO  grpc.GrpcConfigKeys (ConfUtils.java:logGet(46)) - raft.grpc.server.async.request.thread.pool.size = 32 (default)
2023-05-31 22:57:29,805 [main] INFO  impl.DataStreamServerImpl (ConfUtils.java:logGet(46)) - raft.datastream.type = DISABLED (default)
2023-05-31 22:57:29,808 [main] INFO  server.RaftServerConfigKeys (ConfUtils.java:logGet(46)) - raft.server.threadpool.proxy.cached = true (default)
2023-05-31 22:57:29,808 [main] INFO  server.RaftServerConfigKeys (ConfUtils.java:logGet(46)) - raft.server.threadpool.proxy.size = 0 (default)
2023-05-31 22:57:29,808 [main] INFO  server.RaftServerConfigKeys (ConfUtils.java:logGet(46)) - raft.server.rpc.slowness.timeout = 120s (custom)
2023-05-31 22:57:29,809 [main] INFO  server.RaftServerConfigKeys (ConfUtils.java:logGet(46)) - raft.server.leaderelection.leader.step-down.wait-time = 10s (default)
2023-05-31 22:57:29,813 [main] INFO  server.RaftServerConfigKeys (ConfUtils.java:logGet(46)) - raft.server.storage.dir = [/home/runner/work/ozone/ozone/hadoop-ozone/integration-test/target/test-dir/MiniOzoneClusterImpl-816a41a7-5c89-4e8c-81ba-db0c8b26fb2d/ozone-meta/ratis] (custom)
2023-05-31 22:57:29,822 [main] INFO  server.RaftServer (RaftServerProxy.java:addNew(98)) - om1: addNew group-C5BA1605619E:[om1|rpc:localhost:15007|priority:0|startupRole:FOLLOWER] returns group-C5BA1605619E:java.util.concurrent.CompletableFuture@6ba68981[Not completed]
2023-05-31 22:57:29,822 [main] INFO  om.OzoneManager (OzoneManager.java:initializeRatisServer(2155)) - OzoneManager Ratis server initialized at port 15007
2023-05-31 22:57:29,825 [main] INFO  om.OzoneManager (OzoneManager.java:getRpcServer(1201)) - Creating RPC Server
2023-05-31 22:57:29,869 [om1-groupManagement] INFO  server.RaftServer$Division (RaftServerImpl.java:<init>(198)) - om1: new RaftServerImpl for group-C5BA1605619E:[om1|rpc:localhost:15007|priority:0|startupRole:FOLLOWER] with OzoneManagerStateMachine:uninitialized
2023-05-31 22:57:29,873 [om1-groupManagement] INFO  server.RaftServerConfigKeys (ConfUtils.java:logGet(46)) - raft.server.rpc.timeout.min = 1s (custom)
2023-05-31 22:57:29,873 [om1-groupManagement] INFO  server.RaftServerConfigKeys (ConfUtils.java:logGet(46)) - raft.server.rpc.timeout.max = 1200ms (custom)
2023-05-31 22:57:29,873 [om1-groupManagement] INFO  server.RaftServerConfigKeys (ConfUtils.java:logGet(46)) - raft.server.rpc.sleep.time = 25ms (default)
2023-05-31 22:57:29,873 [om1-groupManagement] INFO  server.RaftServerConfigKeys (ConfUtils.java:logGet(46)) - raft.server.rpc.slowness.timeout = 120s (custom)
2023-05-31 22:57:29,874 [om1-groupManagement] INFO  server.RaftServerConfigKeys (ConfUtils.java:logGet(46)) - raft.server.leaderelection.leader.step-down.wait-time = 10s (default)
2023-05-31 22:57:29,875 [om1-groupManagement] INFO  server.RaftServerConfigKeys (ConfUtils.java:logGet(46)) - raft.server.sleep.deviation.threshold = 300ms (default)
2023-05-31 22:57:29,890 [om1-groupManagement] INFO  server.RaftServer$Division (ServerState.java:<init>(120)) - om1@group-C5BA1605619E: ConfigurationManager, init=-1: peers:[om1|rpc:localhost:15007|priority:0|startupRole:FOLLOWER]|listeners:[], old=null, confs=<EMPTY_MAP>
2023-05-31 22:57:29,890 [om1-groupManagement] INFO  server.RaftServerConfigKeys (ConfUtils.java:logGet(46)) - raft.server.storage.dir = [/home/runner/work/ozone/ozone/hadoop-ozone/integration-test/target/test-dir/MiniOzoneClusterImpl-816a41a7-5c89-4e8c-81ba-db0c8b26fb2d/ozone-meta/ratis] (custom)
2023-05-31 22:57:30,049 [om1-groupManagement] INFO  server.RaftServerConfigKeys (ConfUtils.java:logGet(46)) - raft.server.log.corruption.policy = EXCEPTION (default)
2023-05-31 22:57:30,050 [om1-groupManagement] INFO  server.RaftServerConfigKeys (ConfUtils.java:logGet(46)) - raft.server.storage.free-space.min = 0MB (=0) (default)
2023-05-31 22:57:30,064 [om1-groupManagement] INFO  server.RaftServerConfigKeys (ConfUtils.java:logGet(46)) - raft.server.notification.no-leader.timeout = 120s (custom)
2023-05-31 22:57:30,072 [om1-groupManagement] INFO  server.RaftServerConfigKeys (ConfUtils.java:logGet(46)) - raft.server.read.timeout = 10s (default)
2023-05-31 22:57:30,087 [om1-groupManagement] INFO  server.RaftServerConfigKeys (ConfUtils.java:logGet(46)) - raft.server.retrycache.expirytime = 300s (custom)
2023-05-31 22:57:30,089 [om1-groupManagement] INFO  server.RaftServerConfigKeys (ConfUtils.java:logGet(46)) - raft.server.retrycache.statistics.expirytime = 100μs (default)
2023-05-31 22:57:30,146 [om1-groupManagement] INFO  server.RaftServerConfigKeys (ConfUtils.java:logGet(46)) - raft.server.read.option = DEFAULT (default)
2023-05-31 22:57:30,219 [om1-groupManagement] INFO  server.RaftServerConfigKeys (ConfUtils.java:logGet(46)) - raft.server.rpc.request.timeout = 3000ms (default)
2023-05-31 22:57:30,225 [om1-groupManagement] INFO  server.RaftServerConfigKeys (ConfUtils.java:logGet(46)) - raft.server.log.appender.install.snapshot.enabled = false (custom)
2023-05-31 22:57:30,226 [om1-groupManagement] INFO  server.RaftServerConfigKeys (ConfUtils.java:logGet(46)) - raft.server.threadpool.server.cached = true (default)
2023-05-31 22:57:30,227 [om1-groupManagement] INFO  server.RaftServerConfigKeys (ConfUtils.java:logGet(46)) - raft.server.threadpool.server.size = 0 (default)
2023-05-31 22:57:30,227 [om1-groupManagement] INFO  server.RaftServerConfigKeys (ConfUtils.java:logGet(46)) - raft.server.threadpool.client.cached = true (default)
2023-05-31 22:57:30,229 [om1-groupManagement] INFO  server.RaftServerConfigKeys (ConfUtils.java:logGet(46)) - raft.server.threadpool.client.size = 0 (default)
2023-05-31 22:57:30,823 [main] INFO  reflections.Reflections (Reflections.java:scan(232)) - Reflections took 742 ms to scan 19 urls, producing 69 keys and 5266 values [using 2 cores]
2023-05-31 22:57:31,012 [main] INFO  ipc.CallQueueManager (CallQueueManager.java:<init>(90)) - Using callQueue: class java.util.concurrent.LinkedBlockingQueue, queueCapacity: 2000, scheduler: class org.apache.hadoop.ipc.DefaultRpcScheduler, ipcBackoff: false.
2023-05-31 22:57:31,013 [Socket Reader #1 for port 15004] INFO  ipc.Server (Server.java:run(1319)) - Starting Socket Reader #1 for port 15004
2023-05-31 22:57:31,020 [Listener at 127.0.0.1/15004] INFO  hdds.HddsUtils (HddsUtils.java:preserveThreadName(843)) - Restoring thread name: main
2023-05-31 22:57:31,046 [main] INFO  impl.MetricsSystemImpl (MetricsSystemImpl.java:init(158)) - OzoneManager metrics system started (again)
2023-05-31 22:57:31,060 [main] INFO  om.OzoneManager (OzoneManager.java:start(1623)) - OzoneManager RPC server is listening at localhost/127.0.0.1:15004
2023-05-31 22:57:31,060 [main] INFO  ratis.OzoneManagerRatisServer (OzoneManagerRatisServer.java:start(558)) - Starting OzoneManagerRatisServer om1 at port 15007
2023-05-31 22:57:31,063 [om1-impl-thread1] INFO  storage.RaftStorageDirectory (RaftStorageDirectoryImpl.java:analyzeStorage(137)) - The storage directory /home/runner/work/ozone/ozone/hadoop-ozone/integration-test/target/test-dir/MiniOzoneClusterImpl-816a41a7-5c89-4e8c-81ba-db0c8b26fb2d/ozone-meta/ratis/bf265839-605b-3f16-9796-c5ba1605619e does not exist. Creating ...
2023-05-31 22:57:31,068 [om1-impl-thread1] INFO  storage.RaftStorageDirectory (RaftStorageDirectoryImpl.java:tryLock(231)) - Lock on /home/runner/work/ozone/ozone/hadoop-ozone/integration-test/target/test-dir/MiniOzoneClusterImpl-816a41a7-5c89-4e8c-81ba-db0c8b26fb2d/ozone-meta/ratis/bf265839-605b-3f16-9796-c5ba1605619e/in_use.lock acquired by nodename 15007@fv-az844-56
2023-05-31 22:57:31,074 [om1-impl-thread1] INFO  storage.RaftStorage (RaftStorageImpl.java:format(96)) - Storage directory /home/runner/work/ozone/ozone/hadoop-ozone/integration-test/target/test-dir/MiniOzoneClusterImpl-816a41a7-5c89-4e8c-81ba-db0c8b26fb2d/ozone-meta/ratis/bf265839-605b-3f16-9796-c5ba1605619e has been successfully formatted.
2023-05-31 22:57:31,077 [om1-impl-thread1] INFO  server.RaftServerConfigKeys (ConfUtils.java:logGet(46)) - raft.server.log.use.memory = false (default)
2023-05-31 22:57:31,085 [om1-impl-thread1] INFO  server.RaftServerConfigKeys (ConfUtils.java:logGet(46)) - raft.server.log.purge.gap = 1000000 (custom)
2023-05-31 22:57:31,085 [om1-impl-thread1] INFO  server.RaftServerConfigKeys (ConfUtils.java:logGet(46)) - raft.server.log.appender.buffer.byte-limit = 33554432 (custom)
2023-05-31 22:57:31,087 [om1-impl-thread1] INFO  server.RaftServerConfigKeys (ConfUtils.java:logGet(46)) - raft.server.log.statemachine.data.read.timeout = 1000ms (default)
2023-05-31 22:57:31,088 [om1-impl-thread1] INFO  server.RaftServerConfigKeys (ConfUtils.java:logGet(46)) - raft.server.log.purge.preservation.log.num = 0 (default)
2023-05-31 22:57:31,092 [om1-impl-thread1] INFO  server.RaftServerConfigKeys (ConfUtils.java:logGet(46)) - raft.server.log.segment.size.max = 4194304 (custom)
2023-05-31 22:57:31,103 [om1-impl-thread1] INFO  server.RaftServerConfigKeys (ConfUtils.java:logGet(46)) - raft.server.log.segment.cache.num.max = 2 (custom)
2023-05-31 22:57:31,105 [om1-impl-thread1] INFO  server.RaftServerConfigKeys (ConfUtils.java:logGet(46)) - raft.server.log.segment.cache.size.max = 200MB (=209715200) (default)
2023-05-31 22:57:31,105 [om1-impl-thread1] INFO  server.RaftServerConfigKeys (ConfUtils.java:logGet(46)) - raft.server.log.appender.buffer.byte-limit = 33554432 (custom)
2023-05-31 22:57:31,113 [om1-impl-thread1] INFO  segmented.SegmentedRaftLogWorker (SegmentedRaftLogWorker.java:<init>(188)) - new om1@group-C5BA1605619E-SegmentedRaftLogWorker for RaftStorageImpl:Storage Directory /home/runner/work/ozone/ozone/hadoop-ozone/integration-test/target/test-dir/MiniOzoneClusterImpl-816a41a7-5c89-4e8c-81ba-db0c8b26fb2d/ozone-meta/ratis/bf265839-605b-3f16-9796-c5ba1605619e
2023-05-31 22:57:31,114 [om1-impl-thread1] INFO  server.RaftServerConfigKeys (ConfUtils.java:logGet(46)) - raft.server.log.queue.byte-limit = 64MB (=67108864) (default)
2023-05-31 22:57:31,114 [om1-impl-thread1] INFO  server.RaftServerConfigKeys (ConfUtils.java:logGet(46)) - raft.server.log.queue.element-limit = 4096 (default)
2023-05-31 22:57:31,115 [om1-impl-thread1] INFO  server.RaftServerConfigKeys (ConfUtils.java:logGet(46)) - raft.server.log.segment.size.max = 4194304 (custom)
2023-05-31 22:57:31,116 [om1-impl-thread1] INFO  server.RaftServerConfigKeys (ConfUtils.java:logGet(46)) - raft.server.log.preallocated.size = 4194304 (custom)
2023-05-31 22:57:31,116 [om1-impl-thread1] INFO  server.RaftServerConfigKeys (ConfUtils.java:logGet(46)) - raft.server.log.force.sync.num = 128 (default)
2023-05-31 22:57:31,118 [om1-impl-thread1] INFO  server.RaftServerConfigKeys (ConfUtils.java:logGet(46)) - raft.server.log.statemachine.data.sync = true (default)
2023-05-31 22:57:31,119 [om1-impl-thread1] INFO  server.RaftServerConfigKeys (ConfUtils.java:logGet(46)) - raft.server.log.statemachine.data.sync.timeout = 10s (default)
2023-05-31 22:57:31,120 [om1-impl-thread1] INFO  server.RaftServerConfigKeys (ConfUtils.java:logGet(46)) - raft.server.log.statemachine.data.sync.timeout.retry = -1 (default)
2023-05-31 22:57:31,135 [om1-impl-thread1] INFO  server.RaftServerConfigKeys (ConfUtils.java:logGet(46)) - raft.server.log.write.buffer.size = 64KB (=65536) (default)
2023-05-31 22:57:31,136 [om1-impl-thread1] INFO  server.RaftServerConfigKeys (ConfUtils.java:logGet(46)) - raft.server.log.appender.buffer.byte-limit = 33554432 (custom)
2023-05-31 22:57:31,142 [om1-impl-thread1] INFO  server.RaftServerConfigKeys (ConfUtils.java:logGet(46)) - raft.server.log.unsafe-flush.enabled = false (default)
2023-05-31 22:57:31,142 [om1-impl-thread1] INFO  server.RaftServerConfigKeys (ConfUtils.java:logGet(46)) - raft.server.log.async-flush.enabled = false (default)
2023-05-31 22:57:31,143 [om1-impl-thread1] INFO  server.RaftServerConfigKeys (ConfUtils.java:logGet(46)) - raft.server.log.statemachine.data.caching.enabled = false (default)
2023-05-31 22:57:31,150 [om1-impl-thread1] INFO  segmented.SegmentedRaftLogWorker (SegmentedRaftLogWorker.java:lambda$new$0(135)) - om1@group-C5BA1605619E-SegmentedRaftLogWorker: flushIndex: setUnconditionally 0 -> -1
2023-05-31 22:57:31,151 [om1-impl-thread1] INFO  segmented.SegmentedRaftLogWorker (SegmentedRaftLogWorker.java:lambda$new$0(135)) - om1@group-C5BA1605619E-SegmentedRaftLogWorker: safeCacheEvictIndex: setUnconditionally 0 -> -1
2023-05-31 22:57:31,154 [om1-impl-thread1] INFO  server.RaftServer$Division (RaftServerImpl.java:start(342)) - om1@group-C5BA1605619E: start as a follower, conf=-1: peers:[om1|rpc:localhost:15007|priority:0|startupRole:FOLLOWER]|listeners:[], old=null
2023-05-31 22:57:31,155 [om1-impl-thread1] INFO  server.RaftServer$Division (RaftServerImpl.java:setRole(329)) - om1@group-C5BA1605619E: changes role from      null to FOLLOWER at term 0 for startAsFollower
2023-05-31 22:57:31,158 [om1-impl-thread1] INFO  impl.RoleInfo (RoleInfo.java:updateAndGet(139)) - om1: start om1@group-C5BA1605619E-FollowerState
2023-05-31 22:57:31,159 [om1@group-C5BA1605619E-FollowerState] INFO  server.RaftServerConfigKeys (ConfUtils.java:logFallback(53)) - raft.server.rpc.first-election.timeout.min = 1s (fallback to raft.server.rpc.timeout.min)
2023-05-31 22:57:31,159 [om1@group-C5BA1605619E-FollowerState] INFO  server.RaftServerConfigKeys (ConfUtils.java:logFallback(53)) - raft.server.rpc.first-election.timeout.max = 1200ms (fallback to raft.server.rpc.timeout.max)
2023-05-31 22:57:31,162 [om1-impl-thread1] INFO  util.JmxRegister (JmxRegister.java:tryRegister(44)) - Successfully registered JMX Bean with object name Ratis:service=RaftServer,group=group-C5BA1605619E,id=om1
2023-05-31 22:57:31,167 [om1-impl-thread1] INFO  server.RaftServerConfigKeys (ConfUtils.java:logGet(46)) - raft.server.snapshot.auto.trigger.enabled = true (custom)
2023-05-31 22:57:31,170 [om1-impl-thread1] INFO  server.RaftServerConfigKeys (ConfUtils.java:logGet(46)) - raft.server.snapshot.auto.trigger.threshold = 400000 (default)
2023-05-31 22:57:31,171 [om1-impl-thread1] INFO  server.RaftServerConfigKeys (ConfUtils.java:logGet(46)) - raft.server.snapshot.retention.file.num = -1 (default)
2023-05-31 22:57:31,172 [om1-impl-thread1] INFO  server.RaftServerConfigKeys (ConfUtils.java:logGet(46)) - raft.server.log.purge.upto.snapshot.index = true (custom)
2023-05-31 22:57:31,175 [main] INFO  server.RaftServer (RaftServerProxy.java:startImpl(400)) - om1: start RPC server
2023-05-31 22:57:31,232 [main] INFO  server.GrpcService (GrpcService.java:startImpl(302)) - om1: GrpcService started, listening on 15007
2023-05-31 22:57:31,234 [main] INFO  om.OzoneManager (OzoneManager.java:start(1639)) - Version File has different layout version (5) than OM DB (null). That is expected if this OM has never been finalized to a newer layout version.
2023-05-31 22:57:31,237 [JvmPauseMonitor0] INFO  util.JvmPauseMonitor (JvmPauseMonitor.java:run(103)) - JvmPauseMonitor-om1: Started
2023-05-31 22:57:31,261 [main] INFO  http.BaseHttpServer (BaseHttpServer.java:newHttpServer2BuilderForOzone(224)) - Starting Web-server for ozoneManager at: http://0.0.0.0:15005
2023-05-31 22:57:31,262 [main] INFO  http.BaseHttpServer (BaseHttpServer.java:<init>(111)) - Hadoop Security Enabled: false Ozone Security Enabled: false Ozone HTTP Security Enabled: false 
2023-05-31 22:57:31,263 [main] WARN  server.AuthenticationFilter (AuthenticationFilter.java:constructSecretProvider(240)) - Unable to initialize FileSignerSecretProvider, falling back to use random secrets. Reason: Could not read signature secret file: /home/runner/hadoop-http-auth-signature-secret
2023-05-31 22:57:31,270 [main] INFO  http.HttpRequestLog (HttpRequestLog.java:getRequestLog(86)) - Http request log for http.requests.ozoneManager is not defined
2023-05-31 22:57:31,272 [main] INFO  http.HttpServer2 (HttpServer2.java:addGlobalFilter(1031)) - Added global filter 'safety' (class=org.apache.hadoop.hdds.server.http.HttpServer2$QuotingInputFilter)
2023-05-31 22:57:31,273 [main] INFO  http.HttpServer2 (HttpServer2.java:addFilter(1007)) - Added filter static_user_filter (class=org.apache.hadoop.http.lib.StaticUserWebFilter$StaticUserFilter) to context ozoneManager
2023-05-31 22:57:31,274 [main] INFO  http.HttpServer2 (HttpServer2.java:addFilter(1015)) - Added filter static_user_filter (class=org.apache.hadoop.http.lib.StaticUserWebFilter$StaticUserFilter) to context static
2023-05-31 22:57:31,274 [main] INFO  http.HttpServer2 (HttpServer2.java:addFilter(1015)) - Added filter static_user_filter (class=org.apache.hadoop.http.lib.StaticUserWebFilter$StaticUserFilter) to context logs
2023-05-31 22:57:31,275 [main] INFO  http.BaseHttpServer (BaseHttpServer.java:<init>(190)) - HTTP server of ozoneManager uses base directory /home/runner/work/ozone/ozone/hadoop-ozone/integration-test/target/test-dir/MiniOzoneClusterImpl-816a41a7-5c89-4e8c-81ba-db0c8b26fb2d/ozone-meta/webserver
2023-05-31 22:57:31,278 [main] INFO  http.HttpServer2 (HttpServer2.java:bindListener(1250)) - Jetty bound to port 15005
2023-05-31 22:57:31,278 [main] INFO  server.Server (Server.java:doStart(375)) - jetty-9.4.51.v20230217; built: 2023-02-17T08:19:37.309Z; git: b45c405e4544384de066f814ed42ae3dceacdd49; jvm 1.8.0_362-b09
2023-05-31 22:57:31,306 [main] INFO  server.session (DefaultSessionIdManager.java:doStart(334)) - DefaultSessionIdManager workerName=node0
2023-05-31 22:57:31,306 [main] INFO  server.session (DefaultSessionIdManager.java:doStart(339)) - No SessionScavenger set, using defaults
2023-05-31 22:57:31,307 [main] INFO  server.session (HouseKeeper.java:startScavenging(132)) - node0 Scavenging every 600000ms
2023-05-31 22:57:31,309 [main] INFO  handler.ContextHandler (ContextHandler.java:doStart(921)) - Started o.e.j.s.ServletContextHandler@39f5f24{logs,/logs,file:///home/runner/work/ozone/ozone/hadoop-ozone/integration-test/target/log,AVAILABLE}
2023-05-31 22:57:31,310 [main] INFO  handler.ContextHandler (ContextHandler.java:doStart(921)) - Started o.e.j.s.ServletContextHandler@2d5b950b{static,/static,file:///home/runner/work/ozone/ozone/hadoop-ozone/integration-test/target/test-classes/webapps/static,AVAILABLE}
2023-05-31 22:57:31,315 [main] INFO  handler.ContextHandler (ContextHandler.java:doStart(921)) - Started o.e.j.w.WebAppContext@63cf3153{ozoneManager,/,file:///home/runner/work/ozone/ozone/hadoop-ozone/integration-test/target/test-classes/webapps/ozoneManager/,AVAILABLE}{file:/home/runner/work/ozone/ozone/hadoop-ozone/integration-test/target/test-classes/webapps/ozoneManager}
2023-05-31 22:57:31,317 [main] INFO  server.AbstractConnector (AbstractConnector.java:doStart(333)) - Started ServerConnector@5b0b7fd7{HTTP/1.1, (http/1.1)}{0.0.0.0:15005}
2023-05-31 22:57:31,317 [main] INFO  server.Server (Server.java:doStart(415)) - Started @9597ms
2023-05-31 22:57:31,317 [main] WARN  impl.MetricsSystemImpl (MetricsSystemImpl.java:register(279)) - Sink prometheus already exists!
2023-05-31 22:57:31,318 [main] INFO  http.BaseHttpServer (BaseHttpServer.java:updateConnectorAddress(344)) - HTTP server of ozoneManager listening at http://0.0.0.0:15005
2023-05-31 22:57:31,325 [IPC Server listener on 15004] INFO  ipc.Server (Server.java:run(1398)) - IPC Server listener on 15004: starting
2023-05-31 22:57:31,326 [IPC Server Responder] INFO  ipc.Server (Server.java:run(1558)) - IPC Server Responder: starting
2023-05-31 22:57:31,355 [main] INFO  om.OzoneManager (OzoneManager.java:startTrashEmptier(2099)) - Trash Interval set to 0. Files deleted won't move to trash
2023-05-31 22:57:31,375 [org.apache.hadoop.util.JvmPauseMonitor$Monitor@aeb6d4d] INFO  util.JvmPauseMonitor (JvmPauseMonitor.java:run(188)) - Starting JVM pause monitor
2023-05-31 22:57:31,551 [main] WARN  impl.MetricRegistriesImpl (MetricRegistriesImpl.java:addReporterRegistration(111)) - New reporters are added after registries were created. Some metrics will be missing from the reporter. Please add reporter before adding any new registry.
2023-05-31 22:57:31,551 [main] WARN  impl.MetricRegistriesImpl (MetricRegistriesImpl.java:addReporterRegistration(111)) - New reporters are added after registries were created. Some metrics will be missing from the reporter. Please add reporter before adding any new registry.
2023-05-31 22:57:31,551 [main] INFO  impl.MetricsSystemImpl (MetricsSystemImpl.java:init(158)) - HddsDatanode metrics system started (again)
2023-05-31 22:57:31,573 [main] INFO  ozone.HddsDatanodeService (HddsDatanodeService.java:start(264)) - HddsDatanodeService host:fv-az844-56.kvdfyhrxhd0epk3sa4trub4njc.xx.internal.cloudapp.net ip:10.1.0.15
2023-05-31 22:57:31,620 [main] INFO  upgrade.AbstractLayoutVersionManager (AbstractLayoutVersionManager.java:init(83)) - Initializing Layout version manager with metadata layout = HADOOP_PRC_PORTS_IN_DATANODEDETAILS (version = 7), software layout = HADOOP_PRC_PORTS_IN_DATANODEDETAILS (version = 7)
2023-05-31 22:57:31,623 [main] INFO  statemachine.DatanodeStateMachine (DatanodeStateMachine.java:getEndPointTaskThreadPoolSize(275)) - Datanode State Machine Task Thread Pool size 2
2023-05-31 22:57:31,741 [main] INFO  volume.HddsVolume (HddsVolume.java:<init>(130)) - Creating HddsVolume: /home/runner/work/ozone/ozone/hadoop-ozone/integration-test/target/test-dir/MiniOzoneClusterImpl-816a41a7-5c89-4e8c-81ba-db0c8b26fb2d/datanode-0/data-0/containers/hdds of storage type : DISK capacity : 9223372036854775807
2023-05-31 22:57:31,744 [main] INFO  volume.MutableVolumeSet (MutableVolumeSet.java:initializeVolumeSet(175)) - Added Volume : /home/runner/work/ozone/ozone/hadoop-ozone/integration-test/target/test-dir/MiniOzoneClusterImpl-816a41a7-5c89-4e8c-81ba-db0c8b26fb2d/datanode-0/data-0/containers/hdds to VolumeSet
2023-05-31 22:57:31,745 [main] INFO  volume.ThrottledAsyncChecker (ThrottledAsyncChecker.java:schedule(141)) - Scheduling a check for /home/runner/work/ozone/ozone/hadoop-ozone/integration-test/target/test-dir/MiniOzoneClusterImpl-816a41a7-5c89-4e8c-81ba-db0c8b26fb2d/datanode-0/data-0/containers/hdds
2023-05-31 22:57:31,763 [main] INFO  volume.StorageVolumeChecker (StorageVolumeChecker.java:checkAllVolumes(202)) - Scheduled health check for volume /home/runner/work/ozone/ozone/hadoop-ozone/integration-test/target/test-dir/MiniOzoneClusterImpl-816a41a7-5c89-4e8c-81ba-db0c8b26fb2d/datanode-0/data-0/containers/hdds
2023-05-31 22:57:31,781 [main] INFO  volume.MutableVolumeSet (MutableVolumeSet.java:initializeVolumeSet(175)) - Added Volume : /home/runner/work/ozone/ozone/hadoop-ozone/integration-test/target/test-dir/MiniOzoneClusterImpl-816a41a7-5c89-4e8c-81ba-db0c8b26fb2d/datanode-0/data/ratis to VolumeSet
2023-05-31 22:57:31,782 [main] INFO  volume.ThrottledAsyncChecker (ThrottledAsyncChecker.java:schedule(141)) - Scheduling a check for /home/runner/work/ozone/ozone/hadoop-ozone/integration-test/target/test-dir/MiniOzoneClusterImpl-816a41a7-5c89-4e8c-81ba-db0c8b26fb2d/datanode-0/data/ratis
2023-05-31 22:57:31,782 [main] INFO  volume.StorageVolumeChecker (StorageVolumeChecker.java:checkAllVolumes(202)) - Scheduled health check for volume /home/runner/work/ozone/ozone/hadoop-ozone/integration-test/target/test-dir/MiniOzoneClusterImpl-816a41a7-5c89-4e8c-81ba-db0c8b26fb2d/datanode-0/data/ratis
2023-05-31 22:57:31,807 [Thread-141] INFO  ozoneimpl.ContainerReader (ContainerReader.java:readVolume(175)) - Finish verifying containers on volume /home/runner/work/ozone/ozone/hadoop-ozone/integration-test/target/test-dir/MiniOzoneClusterImpl-816a41a7-5c89-4e8c-81ba-db0c8b26fb2d/datanode-0/data-0/containers/hdds
2023-05-31 22:57:31,808 [main] INFO  ozoneimpl.OzoneContainer (OzoneContainer.java:buildContainerSet(303)) - Build ContainerSet costs 0s
2023-05-31 22:57:31,862 [main] INFO  audit.AuditLogger (AuditLogger.java:refreshDebugCmdSet(126)) - Refresh DebugCmdSet for DNAudit to [].
2023-05-31 22:57:31,899 [main] INFO  server.RaftServer (ConfUtils.java:logGet(46)) - raft.rpc.type = GRPC (default)
2023-05-31 22:57:31,900 [main] INFO  grpc.GrpcConfigKeys (ConfUtils.java:logFallback(53)) - raft.grpc.admin.host = null (fallback to raft.grpc.server.host)
2023-05-31 22:57:31,901 [main] INFO  grpc.GrpcConfigKeys (ConfUtils.java:logGet(46)) - raft.grpc.admin.port = 15013 (custom)
2023-05-31 22:57:31,901 [main] INFO  grpc.GrpcConfigKeys (ConfUtils.java:logFallback(53)) - raft.grpc.client.host = null (fallback to raft.grpc.server.host)
2023-05-31 22:57:31,905 [main] INFO  grpc.GrpcConfigKeys (ConfUtils.java:logGet(46)) - raft.grpc.client.port = 15012 (custom)
2023-05-31 22:57:31,906 [main] INFO  grpc.GrpcConfigKeys (ConfUtils.java:logGet(46)) - raft.grpc.server.host = null (default)
2023-05-31 22:57:31,907 [main] INFO  grpc.GrpcConfigKeys (ConfUtils.java:logGet(46)) - raft.grpc.server.port = 15014 (custom)
2023-05-31 22:57:31,908 [main] INFO  server.GrpcService (ConfUtils.java:logGet(46)) - raft.grpc.message.size.max = 32MB (=33554432) (custom)
2023-05-31 22:57:31,909 [main] INFO  server.RaftServerConfigKeys (ConfUtils.java:logGet(46)) - raft.server.log.appender.buffer.byte-limit = 33554432 (custom)
2023-05-31 22:57:31,909 [main] INFO  server.GrpcService (ConfUtils.java:logGet(46)) - raft.grpc.flow.control.window = 5MB (=5242880) (custom)
2023-05-31 22:57:31,909 [main] INFO  server.RaftServerConfigKeys (ConfUtils.java:logGet(46)) - raft.server.rpc.request.timeout = 60s (custom)
2023-05-31 22:57:31,909 [main] INFO  grpc.GrpcConfigKeys (ConfUtils.java:logGet(46)) - raft.grpc.server.heartbeat.channel = true (default)
2023-05-31 22:57:31,910 [main] INFO  grpc.GrpcConfigKeys (ConfUtils.java:logGet(46)) - raft.grpc.server.async.request.thread.pool.cached = true (default)
2023-05-31 22:57:31,910 [main] INFO  grpc.GrpcConfigKeys (ConfUtils.java:logGet(46)) - raft.grpc.server.async.request.thread.pool.size = 32 (default)
2023-05-31 22:57:31,913 [main] INFO  impl.DataStreamServerImpl (ConfUtils.java:logGet(46)) - raft.datastream.type = NETTY (custom)
2023-05-31 22:57:31,925 [main] INFO  server.RaftServerConfigKeys (ConfUtils.java:logGet(46)) - raft.server.data-stream.async.request.thread.pool.cached = false (default)
2023-05-31 22:57:31,926 [main] INFO  server.RaftServerConfigKeys (ConfUtils.java:logGet(46)) - raft.server.data-stream.async.request.thread.pool.size = 20 (custom)
2023-05-31 22:57:31,926 [main] INFO  server.RaftServerConfigKeys (ConfUtils.java:logGet(46)) - raft.server.data-stream.async.write.thread.pool.size = 16 (default)
2023-05-31 22:57:31,928 [main] INFO  server.RaftServerConfigKeys (ConfUtils.java:logGet(46)) - raft.server.data-stream.client.pool.size = 10 (default)
2023-05-31 22:57:31,931 [main] INFO  netty.NettyConfigKeys$DataStream (ConfUtils.java:logGet(46)) - raft.netty.dataStream.server.use-epoll = false (default)
2023-05-31 22:57:31,931 [main] INFO  netty.NettyConfigKeys$DataStream (ConfUtils.java:logGet(46)) - raft.netty.dataStream.server.boss-group.size = 0 (default)
2023-05-31 22:57:31,939 [main] INFO  netty.NettyConfigKeys$DataStream (ConfUtils.java:logGet(46)) - raft.netty.dataStream.server.worker-group.size = 0 (default)
2023-05-31 22:57:31,942 [main] INFO  netty.NettyConfigKeys$DataStream (ConfUtils.java:logGet(46)) - raft.netty.dataStream.server.tls.conf = null (default)
2023-05-31 22:57:31,944 [main] INFO  netty.NettyConfigKeys$DataStream (ConfUtils.java:logGet(46)) - raft.netty.dataStream.host = null (default)
2023-05-31 22:57:31,944 [main] INFO  netty.NettyConfigKeys$DataStream (ConfUtils.java:logGet(46)) - raft.netty.dataStream.port = 15015 (custom)
2023-05-31 22:57:31,954 [main] INFO  server.RaftServerConfigKeys (ConfUtils.java:logGet(46)) - raft.server.threadpool.proxy.cached = true (default)
2023-05-31 22:57:31,954 [main] INFO  server.RaftServerConfigKeys (ConfUtils.java:logGet(46)) - raft.server.threadpool.proxy.size = 0 (default)
2023-05-31 22:57:31,955 [main] INFO  server.RaftServerConfigKeys (ConfUtils.java:logGet(46)) - raft.server.rpc.slowness.timeout = 300s (custom)
2023-05-31 22:57:31,955 [main] INFO  server.RaftServerConfigKeys (ConfUtils.java:logGet(46)) - raft.server.leaderelection.leader.step-down.wait-time = 10s (default)
2023-05-31 22:57:31,955 [main] INFO  server.RaftServerConfigKeys (ConfUtils.java:logGet(46)) - raft.server.storage.dir = [/home/runner/work/ozone/ozone/hadoop-ozone/integration-test/target/test-dir/MiniOzoneClusterImpl-816a41a7-5c89-4e8c-81ba-db0c8b26fb2d/datanode-0/data/ratis] (custom)
2023-05-31 22:57:31,988 [9a93b867-0c49-44e3-a75c-2e530498b118-NettyServerStreamRpc-bossGroup--thread1] INFO  logging.LoggingHandler (AbstractInternalLogger.java:log(148)) - [id: 0xed76443d] REGISTERED
2023-05-31 22:57:31,988 [9a93b867-0c49-44e3-a75c-2e530498b118-NettyServerStreamRpc-bossGroup--thread1] INFO  logging.LoggingHandler (AbstractInternalLogger.java:log(148)) - [id: 0xed76443d] BIND: 0.0.0.0/0.0.0.0:15015
2023-05-31 22:57:31,989 [9a93b867-0c49-44e3-a75c-2e530498b118-NettyServerStreamRpc-bossGroup--thread1] INFO  logging.LoggingHandler (AbstractInternalLogger.java:log(148)) - [id: 0xed76443d, L:/0:0:0:0:0:0:0:0:15015] ACTIVE
2023-05-31 22:57:32,003 [main] INFO  server.XceiverServerGrpc (XceiverServerGrpc.java:<init>(132)) - GrpcServer channel type EpollServerSocketChannel
2023-05-31 22:57:32,063 [main] INFO  replication.ReplicationSupervisor (ReplicationSupervisor.java:nodeStateUpdated(296)) - Node state updated to IN_SERVICE, scaling executor pool size to 10
2023-05-31 22:57:32,137 [main] INFO  http.BaseHttpServer (BaseHttpServer.java:newHttpServer2BuilderForOzone(224)) - Starting Web-server for hddsDatanode at: http://0.0.0.0:15009
2023-05-31 22:57:32,137 [main] INFO  http.BaseHttpServer (BaseHttpServer.java:<init>(111)) - Hadoop Security Enabled: false Ozone Security Enabled: false Ozone HTTP Security Enabled: false 
2023-05-31 22:57:32,139 [main] WARN  server.AuthenticationFilter (AuthenticationFilter.java:constructSecretProvider(240)) - Unable to initialize FileSignerSecretProvider, falling back to use random secrets. Reason: Could not read signature secret file: /home/runner/hadoop-http-auth-signature-secret
2023-05-31 22:57:32,140 [main] INFO  http.HttpRequestLog (HttpRequestLog.java:getRequestLog(86)) - Http request log for http.requests.hddsDatanode is not defined
2023-05-31 22:57:32,142 [main] INFO  http.HttpServer2 (HttpServer2.java:addGlobalFilter(1031)) - Added global filter 'safety' (class=org.apache.hadoop.hdds.server.http.HttpServer2$QuotingInputFilter)
2023-05-31 22:57:32,143 [main] INFO  http.HttpServer2 (HttpServer2.java:addFilter(1007)) - Added filter static_user_filter (class=org.apache.hadoop.http.lib.StaticUserWebFilter$StaticUserFilter) to context hddsDatanode
2023-05-31 22:57:32,143 [main] INFO  http.HttpServer2 (HttpServer2.java:addFilter(1015)) - Added filter static_user_filter (class=org.apache.hadoop.http.lib.StaticUserWebFilter$StaticUserFilter) to context logs
2023-05-31 22:57:32,145 [main] INFO  http.HttpServer2 (HttpServer2.java:addFilter(1015)) - Added filter static_user_filter (class=org.apache.hadoop.http.lib.StaticUserWebFilter$StaticUserFilter) to context static
2023-05-31 22:57:32,149 [main] INFO  http.BaseHttpServer (BaseHttpServer.java:<init>(190)) - HTTP server of hddsDatanode uses base directory /home/runner/work/ozone/ozone/hadoop-ozone/integration-test/target/test-dir/MiniOzoneClusterImpl-816a41a7-5c89-4e8c-81ba-db0c8b26fb2d/datanode-0/meta/webserver
2023-05-31 22:57:32,150 [main] INFO  http.HttpServer2 (HttpServer2.java:bindListener(1250)) - Jetty bound to port 15009
2023-05-31 22:57:32,150 [main] INFO  server.Server (Server.java:doStart(375)) - jetty-9.4.51.v20230217; built: 2023-02-17T08:19:37.309Z; git: b45c405e4544384de066f814ed42ae3dceacdd49; jvm 1.8.0_362-b09
2023-05-31 22:57:32,162 [main] INFO  server.session (DefaultSessionIdManager.java:doStart(334)) - DefaultSessionIdManager workerName=node0
2023-05-31 22:57:32,163 [main] INFO  server.session (DefaultSessionIdManager.java:doStart(339)) - No SessionScavenger set, using defaults
2023-05-31 22:57:32,163 [main] INFO  server.session (HouseKeeper.java:startScavenging(132)) - node0 Scavenging every 600000ms
2023-05-31 22:57:32,166 [main] INFO  handler.ContextHandler (ContextHandler.java:doStart(921)) - Started o.e.j.s.ServletContextHandler@323946d9{logs,/logs,file:///home/runner/work/ozone/ozone/hadoop-ozone/integration-test/target/log,AVAILABLE}
2023-05-31 22:57:32,167 [main] INFO  handler.ContextHandler (ContextHandler.java:doStart(921)) - Started o.e.j.s.ServletContextHandler@4e0554ca{static,/static,jar:file:/home/runner/.m2/repository/org/apache/ozone/hdds-container-service/1.4.0-SNAPSHOT/hdds-container-service-1.4.0-SNAPSHOT.jar!/webapps/static,AVAILABLE}
2023-05-31 22:57:32,182 [om1@group-C5BA1605619E-FollowerState] INFO  impl.FollowerState (FollowerState.java:run(143)) - om1@group-C5BA1605619E-FollowerState: change to CANDIDATE, lastRpcElapsedTime:1024057534ns, electionTimeout:1021ms
2023-05-31 22:57:32,183 [om1@group-C5BA1605619E-FollowerState] INFO  impl.RoleInfo (RoleInfo.java:shutdownFollowerState(110)) - om1: shutdown om1@group-C5BA1605619E-FollowerState
2023-05-31 22:57:32,184 [om1@group-C5BA1605619E-FollowerState] INFO  server.RaftServer$Division (RaftServerImpl.java:setRole(329)) - om1@group-C5BA1605619E: changes role from  FOLLOWER to CANDIDATE at term 0 for changeToCandidate
2023-05-31 22:57:32,187 [om1@group-C5BA1605619E-FollowerState] INFO  server.RaftServerConfigKeys (ConfUtils.java:logGet(46)) - raft.server.leaderelection.pre-vote = true (default)
2023-05-31 22:57:32,187 [om1@group-C5BA1605619E-FollowerState] INFO  impl.RoleInfo (RoleInfo.java:updateAndGet(139)) - om1: start om1@group-C5BA1605619E-LeaderElection1
2023-05-31 22:57:32,198 [om1@group-C5BA1605619E-LeaderElection1] INFO  impl.LeaderElection (LeaderElection.java:askForVotes(321)) - om1@group-C5BA1605619E-LeaderElection1 PRE_VOTE round 0: submit vote requests at term 0 for -1: peers:[om1|rpc:localhost:15007|priority:0|startupRole:FOLLOWER]|listeners:[], old=null
2023-05-31 22:57:32,200 [om1@group-C5BA1605619E-LeaderElection1] INFO  impl.LeaderElection (LeaderElection.java:askForVotes(323)) - om1@group-C5BA1605619E-LeaderElection1 PRE_VOTE round 0: result PASSED (term=0)
2023-05-31 22:57:32,220 [om1@group-C5BA1605619E-LeaderElection1] INFO  impl.LeaderElection (LeaderElection.java:askForVotes(321)) - om1@group-C5BA1605619E-LeaderElection1 ELECTION round 0: submit vote requests at term 1 for -1: peers:[om1|rpc:localhost:15007|priority:0|startupRole:FOLLOWER]|listeners:[], old=null
2023-05-31 22:57:32,220 [om1@group-C5BA1605619E-LeaderElection1] INFO  impl.LeaderElection (LeaderElection.java:askForVotes(323)) - om1@group-C5BA1605619E-LeaderElection1 ELECTION round 0: result PASSED (term=1)
2023-05-31 22:57:32,220 [om1@group-C5BA1605619E-LeaderElection1] INFO  impl.RoleInfo (RoleInfo.java:shutdownLeaderElection(130)) - om1: shutdown om1@group-C5BA1605619E-LeaderElection1
2023-05-31 22:57:32,221 [om1@group-C5BA1605619E-LeaderElection1] INFO  server.RaftServer$Division (RaftServerImpl.java:setRole(329)) - om1@group-C5BA1605619E: changes role from CANDIDATE to LEADER at term 1 for changeToLeader
2023-05-31 22:57:32,224 [om1@group-C5BA1605619E-LeaderElection1] INFO  server.RaftServer$Division (ServerState.java:setLeader(317)) - om1@group-C5BA1605619E: change Leader from null to om1 at term 1 for becomeLeader, leader elected after 2156ms
2023-05-31 22:57:32,237 [om1@group-C5BA1605619E-LeaderElection1] INFO  server.RaftServerConfigKeys (ConfUtils.java:logGet(46)) - raft.server.staging.catchup.gap = 1000 (default)
2023-05-31 22:57:32,248 [om1@group-C5BA1605619E-LeaderElection1] INFO  server.RaftServerConfigKeys (ConfUtils.java:logGet(46)) - raft.server.write.element-limit = 4096 (default)
2023-05-31 22:57:32,249 [om1@group-C5BA1605619E-LeaderElection1] INFO  server.RaftServerConfigKeys (ConfUtils.java:logGet(46)) - raft.server.write.byte-limit = 64MB (=67108864) (default)
2023-05-31 22:57:32,258 [om1@group-C5BA1605619E-LeaderElection1] INFO  server.RaftServerConfigKeys (ConfUtils.java:logGet(46)) - raft.server.watch.timeout = 10s (default)
2023-05-31 22:57:32,258 [om1@group-C5BA1605619E-LeaderElection1] INFO  server.RaftServerConfigKeys (ConfUtils.java:logGet(46)) - raft.server.watch.timeout.denomination = 1s (default)
2023-05-31 22:57:32,260 [om1@group-C5BA1605619E-LeaderElection1] INFO  server.RaftServerConfigKeys (ConfUtils.java:logGet(46)) - raft.server.watch.element-limit = 65536 (default)
2023-05-31 22:57:32,273 [om1@group-C5BA1605619E-LeaderElection1] INFO  server.RaftServerConfigKeys (ConfUtils.java:logGet(46)) - raft.server.write.element-limit = 4096 (default)
2023-05-31 22:57:32,279 [om1@group-C5BA1605619E-LeaderElection1] INFO  server.RaftServerConfigKeys (ConfUtils.java:logGet(46)) - raft.server.write.follower.gap.ratio.max = -1.0 (default)
2023-05-31 22:57:32,283 [om1@group-C5BA1605619E-LeaderElection1] INFO  impl.RoleInfo (RoleInfo.java:updateAndGet(139)) - om1: start om1@group-C5BA1605619E-LeaderStateImpl
2023-05-31 22:57:32,325 [om1@group-C5BA1605619E-LeaderElection1] INFO  segmented.SegmentedRaftLogWorker (SegmentedRaftLogWorker.java:startLogSegment(447)) - om1@group-C5BA1605619E-SegmentedRaftLogWorker: Starting segment from index:0
2023-05-31 22:57:32,401 [om1@group-C5BA1605619E-LeaderElection1] INFO  server.RaftServer$Division (ServerState.java:setRaftConf(434)) - om1@group-C5BA1605619E: set configuration 0: peers:[om1|rpc:localhost:15007|admin:|client:|dataStream:|priority:0|startupRole:FOLLOWER]|listeners:[], old=null
2023-05-31 22:57:32,568 [om1@group-C5BA1605619E-SegmentedRaftLogWorker] INFO  segmented.SegmentedRaftLogWorker (SegmentedRaftLogWorker.java:execute(651)) - om1@group-C5BA1605619E-SegmentedRaftLogWorker: created new log segment /home/runner/work/ozone/ozone/hadoop-ozone/integration-test/target/test-dir/MiniOzoneClusterImpl-816a41a7-5c89-4e8c-81ba-db0c8b26fb2d/ozone-meta/ratis/bf265839-605b-3f16-9796-c5ba1605619e/current/log_inprogress_0
2023-05-31 22:57:32,646 [main] INFO  handler.ContextHandler (ContextHandler.java:doStart(921)) - Started o.e.j.w.WebAppContext@164d9b42{hddsDatanode,/,file:///home/runner/work/ozone/ozone/hadoop-ozone/integration-test/target/test-dir/MiniOzoneClusterImpl-816a41a7-5c89-4e8c-81ba-db0c8b26fb2d/datanode-0/meta/webserver/jetty-0_0_0_0-15009-hdds-container-service-1_4_0-SNAPSHOT_jar-_-any-1700131929082660142/webapp/,AVAILABLE}{jar:file:/home/runner/.m2/repository/org/apache/ozone/hdds-container-service/1.4.0-SNAPSHOT/hdds-container-service-1.4.0-SNAPSHOT.jar!/webapps/hddsDatanode}
2023-05-31 22:57:32,648 [main] INFO  server.AbstractConnector (AbstractConnector.java:doStart(333)) - Started ServerConnector@49d1f8f7{HTTP/1.1, (http/1.1)}{0.0.0.0:15009}
2023-05-31 22:57:32,649 [main] INFO  server.Server (Server.java:doStart(415)) - Started @10929ms
2023-05-31 22:57:32,649 [main] WARN  impl.MetricsSystemImpl (MetricsSystemImpl.java:register(279)) - Sink prometheus already exists!
2023-05-31 22:57:32,650 [main] INFO  http.BaseHttpServer (BaseHttpServer.java:updateConnectorAddress(344)) - HTTP server of hddsDatanode listening at http://0.0.0.0:15009
2023-05-31 22:57:32,654 [main] INFO  ipc.CallQueueManager (CallQueueManager.java:<init>(90)) - Using callQueue: class java.util.concurrent.LinkedBlockingQueue, queueCapacity: 100, scheduler: class org.apache.hadoop.ipc.DefaultRpcScheduler, ipcBackoff: false.
2023-05-31 22:57:32,655 [Socket Reader #1 for port 15010] INFO  ipc.Server (Server.java:run(1319)) - Starting Socket Reader #1 for port 15010
2023-05-31 22:57:32,658 [Listener at 0.0.0.0/15010] INFO  hdds.HddsUtils (HddsUtils.java:preserveThreadName(843)) - Restoring thread name: main
2023-05-31 22:57:32,659 [main] INFO  ozone.HddsDatanodeService (HddsDatanodeService.java:start(337)) - Datanode start with admins: [runner]
2023-05-31 22:57:32,659 [main] INFO  ozone.HddsDatanodeClientProtocolServer (HddsDatanodeClientProtocolServer.java:start(83)) - RPC server for Client /0.0.0.0:15010
2023-05-31 22:57:32,663 [IPC Server Responder] INFO  ipc.Server (Server.java:run(1558)) - IPC Server Responder: starting
2023-05-31 22:57:32,665 [IPC Server listener on 15010] INFO  ipc.Server (Server.java:run(1398)) - IPC Server listener on 15010: starting
2023-05-31 22:57:32,673 [main] WARN  impl.MetricRegistriesImpl (MetricRegistriesImpl.java:addReporterRegistration(111)) - New reporters are added after registries were created. Some metrics will be missing from the reporter. Please add reporter before adding any new registry.
2023-05-31 22:57:32,673 [main] WARN  impl.MetricRegistriesImpl (MetricRegistriesImpl.java:addReporterRegistration(111)) - New reporters are added after registries were created. Some metrics will be missing from the reporter. Please add reporter before adding any new registry.
2023-05-31 22:57:32,674 [main] INFO  impl.MetricsSystemImpl (MetricsSystemImpl.java:init(158)) - HddsDatanode metrics system started (again)
2023-05-31 22:57:32,673 [Datanode State Machine Daemon Thread] INFO  statemachine.DatanodeStateMachine (DatanodeStateMachine.java:lambda$startDaemon$0(537)) - Ozone container server started.
2023-05-31 22:57:32,703 [org.apache.hadoop.util.JvmPauseMonitor$Monitor@32404185] INFO  util.JvmPauseMonitor (JvmPauseMonitor.java:run(188)) - Starting JVM pause monitor
2023-05-31 22:57:32,723 [main] INFO  ozone.HddsDatanodeService (HddsDatanodeService.java:start(264)) - HddsDatanodeService host:fv-az844-56.kvdfyhrxhd0epk3sa4trub4njc.xx.internal.cloudapp.net ip:10.1.0.15
2023-05-31 22:57:32,770 [main] INFO  upgrade.AbstractLayoutVersionManager (AbstractLayoutVersionManager.java:init(83)) - Initializing Layout version manager with metadata layout = HADOOP_PRC_PORTS_IN_DATANODEDETAILS (version = 7), software layout = HADOOP_PRC_PORTS_IN_DATANODEDETAILS (version = 7)
2023-05-31 22:57:32,773 [main] INFO  statemachine.DatanodeStateMachine (DatanodeStateMachine.java:getEndPointTaskThreadPoolSize(275)) - Datanode State Machine Task Thread Pool size 2
2023-05-31 22:57:32,784 [main] INFO  volume.HddsVolume (HddsVolume.java:<init>(130)) - Creating HddsVolume: /home/runner/work/ozone/ozone/hadoop-ozone/integration-test/target/test-dir/MiniOzoneClusterImpl-816a41a7-5c89-4e8c-81ba-db0c8b26fb2d/datanode-1/data-0/containers/hdds of storage type : DISK capacity : 9223372036854775807
2023-05-31 22:57:32,784 [main] INFO  volume.MutableVolumeSet (MutableVolumeSet.java:initializeVolumeSet(175)) - Added Volume : /home/runner/work/ozone/ozone/hadoop-ozone/integration-test/target/test-dir/MiniOzoneClusterImpl-816a41a7-5c89-4e8c-81ba-db0c8b26fb2d/datanode-1/data-0/containers/hdds to VolumeSet
2023-05-31 22:57:32,785 [main] INFO  volume.ThrottledAsyncChecker (ThrottledAsyncChecker.java:schedule(141)) - Scheduling a check for /home/runner/work/ozone/ozone/hadoop-ozone/integration-test/target/test-dir/MiniOzoneClusterImpl-816a41a7-5c89-4e8c-81ba-db0c8b26fb2d/datanode-1/data-0/containers/hdds
2023-05-31 22:57:32,801 [main] INFO  volume.StorageVolumeChecker (StorageVolumeChecker.java:checkAllVolumes(202)) - Scheduled health check for volume /home/runner/work/ozone/ozone/hadoop-ozone/integration-test/target/test-dir/MiniOzoneClusterImpl-816a41a7-5c89-4e8c-81ba-db0c8b26fb2d/datanode-1/data-0/containers/hdds
2023-05-31 22:57:32,813 [om1@group-C5BA1605619E-StateMachineUpdater] INFO  ratis.OzoneManagerStateMachine (OzoneManagerStateMachine.java:notifyConfigurationChanged(201)) - Received Configuration change notification from Ratis. New Peer list:
[id: "om1"
address: "localhost:15007"
startupRole: FOLLOWER
]
2023-05-31 22:57:32,830 [main] INFO  volume.MutableVolumeSet (MutableVolumeSet.java:initializeVolumeSet(175)) - Added Volume : /home/runner/work/ozone/ozone/hadoop-ozone/integration-test/target/test-dir/MiniOzoneClusterImpl-816a41a7-5c89-4e8c-81ba-db0c8b26fb2d/datanode-1/data/ratis to VolumeSet
2023-05-31 22:57:32,830 [main] INFO  volume.ThrottledAsyncChecker (ThrottledAsyncChecker.java:schedule(141)) - Scheduling a check for /home/runner/work/ozone/ozone/hadoop-ozone/integration-test/target/test-dir/MiniOzoneClusterImpl-816a41a7-5c89-4e8c-81ba-db0c8b26fb2d/datanode-1/data/ratis
2023-05-31 22:57:32,832 [main] INFO  volume.StorageVolumeChecker (StorageVolumeChecker.java:checkAllVolumes(202)) - Scheduled health check for volume /home/runner/work/ozone/ozone/hadoop-ozone/integration-test/target/test-dir/MiniOzoneClusterImpl-816a41a7-5c89-4e8c-81ba-db0c8b26fb2d/datanode-1/data/ratis
2023-05-31 22:57:32,864 [Thread-161] INFO  ozoneimpl.ContainerReader (ContainerReader.java:readVolume(175)) - Finish verifying containers on volume /home/runner/work/ozone/ozone/hadoop-ozone/integration-test/target/test-dir/MiniOzoneClusterImpl-816a41a7-5c89-4e8c-81ba-db0c8b26fb2d/datanode-1/data-0/containers/hdds
2023-05-31 22:57:32,865 [main] INFO  ozoneimpl.OzoneContainer (OzoneContainer.java:buildContainerSet(303)) - Build ContainerSet costs 0s
2023-05-31 22:57:32,869 [main] INFO  server.RaftServer (ConfUtils.java:logGet(46)) - raft.rpc.type = GRPC (default)
2023-05-31 22:57:32,869 [main] INFO  grpc.GrpcConfigKeys (ConfUtils.java:logFallback(53)) - raft.grpc.admin.host = null (fallback to raft.grpc.server.host)
2023-05-31 22:57:32,870 [main] INFO  grpc.GrpcConfigKeys (ConfUtils.java:logGet(46)) - raft.grpc.admin.port = 15022 (custom)
2023-05-31 22:57:32,870 [main] INFO  grpc.GrpcConfigKeys (ConfUtils.java:logFallback(53)) - raft.grpc.client.host = null (fallback to raft.grpc.server.host)
2023-05-31 22:57:32,870 [main] INFO  grpc.GrpcConfigKeys (ConfUtils.java:logGet(46)) - raft.grpc.client.port = 15021 (custom)
2023-05-31 22:57:32,870 [main] INFO  grpc.GrpcConfigKeys (ConfUtils.java:logGet(46)) - raft.grpc.server.host = null (default)
2023-05-31 22:57:32,871 [main] INFO  grpc.GrpcConfigKeys (ConfUtils.java:logGet(46)) - raft.grpc.server.port = 15023 (custom)
2023-05-31 22:57:32,872 [main] INFO  server.GrpcService (ConfUtils.java:logGet(46)) - raft.grpc.message.size.max = 32MB (=33554432) (custom)
2023-05-31 22:57:32,872 [main] INFO  server.RaftServerConfigKeys (ConfUtils.java:logGet(46)) - raft.server.log.appender.buffer.byte-limit = 33554432 (custom)
2023-05-31 22:57:32,872 [main] INFO  server.GrpcService (ConfUtils.java:logGet(46)) - raft.grpc.flow.control.window = 5MB (=5242880) (custom)
2023-05-31 22:57:32,873 [main] INFO  server.RaftServerConfigKeys (ConfUtils.java:logGet(46)) - raft.server.rpc.request.timeout = 60s (custom)
2023-05-31 22:57:32,873 [main] INFO  grpc.GrpcConfigKeys (ConfUtils.java:logGet(46)) - raft.grpc.server.heartbeat.channel = true (default)
2023-05-31 22:57:32,874 [main] INFO  grpc.GrpcConfigKeys (ConfUtils.java:logGet(46)) - raft.grpc.server.async.request.thread.pool.cached = true (default)
2023-05-31 22:57:32,874 [main] INFO  grpc.GrpcConfigKeys (ConfUtils.java:logGet(46)) - raft.grpc.server.async.request.thread.pool.size = 32 (default)
2023-05-31 22:57:32,881 [main] INFO  impl.DataStreamServerImpl (ConfUtils.java:logGet(46)) - raft.datastream.type = NETTY (custom)
2023-05-31 22:57:32,882 [main] INFO  server.RaftServerConfigKeys (ConfUtils.java:logGet(46)) - raft.server.data-stream.async.request.thread.pool.cached = false (default)
2023-05-31 22:57:32,882 [main] INFO  server.RaftServerConfigKeys (ConfUtils.java:logGet(46)) - raft.server.data-stream.async.request.thread.pool.size = 20 (custom)
2023-05-31 22:57:32,882 [main] INFO  server.RaftServerConfigKeys (ConfUtils.java:logGet(46)) - raft.server.data-stream.async.write.thread.pool.size = 16 (default)
2023-05-31 22:57:32,882 [main] INFO  server.RaftServerConfigKeys (ConfUtils.java:logGet(46)) - raft.server.data-stream.client.pool.size = 10 (default)
2023-05-31 22:57:32,882 [main] INFO  netty.NettyConfigKeys$DataStream (ConfUtils.java:logGet(46)) - raft.netty.dataStream.server.use-epoll = false (default)
2023-05-31 22:57:32,884 [main] INFO  netty.NettyConfigKeys$DataStream (ConfUtils.java:logGet(46)) - raft.netty.dataStream.server.boss-group.size = 0 (default)
2023-05-31 22:57:32,884 [main] INFO  netty.NettyConfigKeys$DataStream (ConfUtils.java:logGet(46)) - raft.netty.dataStream.server.worker-group.size = 0 (default)
2023-05-31 22:57:32,886 [main] INFO  netty.NettyConfigKeys$DataStream (ConfUtils.java:logGet(46)) - raft.netty.dataStream.server.tls.conf = null (default)
2023-05-31 22:57:32,886 [main] INFO  netty.NettyConfigKeys$DataStream (ConfUtils.java:logGet(46)) - raft.netty.dataStream.host = null (default)
2023-05-31 22:57:32,887 [main] INFO  netty.NettyConfigKeys$DataStream (ConfUtils.java:logGet(46)) - raft.netty.dataStream.port = 15024 (custom)
2023-05-31 22:57:32,890 [main] INFO  server.RaftServerConfigKeys (ConfUtils.java:logGet(46)) - raft.server.threadpool.proxy.cached = true (default)
2023-05-31 22:57:32,894 [main] INFO  server.RaftServerConfigKeys (ConfUtils.java:logGet(46)) - raft.server.threadpool.proxy.size = 0 (default)
2023-05-31 22:57:32,895 [main] INFO  server.RaftServerConfigKeys (ConfUtils.java:logGet(46)) - raft.server.rpc.slowness.timeout = 300s (custom)
2023-05-31 22:57:32,895 [main] INFO  server.RaftServerConfigKeys (ConfUtils.java:logGet(46)) - raft.server.leaderelection.leader.step-down.wait-time = 10s (default)
2023-05-31 22:57:32,895 [main] INFO  server.RaftServerConfigKeys (ConfUtils.java:logGet(46)) - raft.server.storage.dir = [/home/runner/work/ozone/ozone/hadoop-ozone/integration-test/target/test-dir/MiniOzoneClusterImpl-816a41a7-5c89-4e8c-81ba-db0c8b26fb2d/datanode-1/data/ratis] (custom)
2023-05-31 22:57:32,898 [main] INFO  server.XceiverServerGrpc (XceiverServerGrpc.java:<init>(132)) - GrpcServer channel type EpollServerSocketChannel
2023-05-31 22:57:32,900 [697d5b73-3ed9-4d18-b9d9-ca13a08090ac-NettyServerStreamRpc-bossGroup--thread1] INFO  logging.LoggingHandler (AbstractInternalLogger.java:log(148)) - [id: 0x21131559] REGISTERED
2023-05-31 22:57:32,902 [697d5b73-3ed9-4d18-b9d9-ca13a08090ac-NettyServerStreamRpc-bossGroup--thread1] INFO  logging.LoggingHandler (AbstractInternalLogger.java:log(148)) - [id: 0x21131559] BIND: 0.0.0.0/0.0.0.0:15024
2023-05-31 22:57:32,903 [697d5b73-3ed9-4d18-b9d9-ca13a08090ac-NettyServerStreamRpc-bossGroup--thread1] INFO  logging.LoggingHandler (AbstractInternalLogger.java:log(148)) - [id: 0x21131559, L:/0:0:0:0:0:0:0:0:15024] ACTIVE
2023-05-31 22:57:32,905 [main] INFO  replication.ReplicationSupervisor (ReplicationSupervisor.java:nodeStateUpdated(296)) - Node state updated to IN_SERVICE, scaling executor pool size to 10
2023-05-31 22:57:32,916 [main] INFO  http.BaseHttpServer (BaseHttpServer.java:newHttpServer2BuilderForOzone(224)) - Starting Web-server for hddsDatanode at: http://0.0.0.0:15018
2023-05-31 22:57:32,917 [main] INFO  http.BaseHttpServer (BaseHttpServer.java:<init>(111)) - Hadoop Security Enabled: false Ozone Security Enabled: false Ozone HTTP Security Enabled: false 
2023-05-31 22:57:32,920 [main] WARN  server.AuthenticationFilter (AuthenticationFilter.java:constructSecretProvider(240)) - Unable to initialize FileSignerSecretProvider, falling back to use random secrets. Reason: Could not read signature secret file: /home/runner/hadoop-http-auth-signature-secret
2023-05-31 22:57:32,928 [main] INFO  http.HttpRequestLog (HttpRequestLog.java:getRequestLog(86)) - Http request log for http.requests.hddsDatanode is not defined
2023-05-31 22:57:32,930 [main] INFO  http.HttpServer2 (HttpServer2.java:addGlobalFilter(1031)) - Added global filter 'safety' (class=org.apache.hadoop.hdds.server.http.HttpServer2$QuotingInputFilter)
2023-05-31 22:57:32,931 [main] INFO  http.HttpServer2 (HttpServer2.java:addFilter(1007)) - Added filter static_user_filter (class=org.apache.hadoop.http.lib.StaticUserWebFilter$StaticUserFilter) to context hddsDatanode
2023-05-31 22:57:32,932 [main] INFO  http.HttpServer2 (HttpServer2.java:addFilter(1015)) - Added filter static_user_filter (class=org.apache.hadoop.http.lib.StaticUserWebFilter$StaticUserFilter) to context logs
2023-05-31 22:57:32,932 [main] INFO  http.HttpServer2 (HttpServer2.java:addFilter(1015)) - Added filter static_user_filter (class=org.apache.hadoop.http.lib.StaticUserWebFilter$StaticUserFilter) to context static
2023-05-31 22:57:32,933 [main] INFO  http.BaseHttpServer (BaseHttpServer.java:<init>(190)) - HTTP server of hddsDatanode uses base directory /home/runner/work/ozone/ozone/hadoop-ozone/integration-test/target/test-dir/MiniOzoneClusterImpl-816a41a7-5c89-4e8c-81ba-db0c8b26fb2d/datanode-1/meta/webserver
2023-05-31 22:57:32,933 [main] INFO  http.HttpServer2 (HttpServer2.java:bindListener(1250)) - Jetty bound to port 15018
2023-05-31 22:57:32,934 [main] INFO  server.Server (Server.java:doStart(375)) - jetty-9.4.51.v20230217; built: 2023-02-17T08:19:37.309Z; git: b45c405e4544384de066f814ed42ae3dceacdd49; jvm 1.8.0_362-b09
2023-05-31 22:57:32,939 [main] INFO  server.session (DefaultSessionIdManager.java:doStart(334)) - DefaultSessionIdManager workerName=node0
2023-05-31 22:57:32,940 [main] INFO  server.session (DefaultSessionIdManager.java:doStart(339)) - No SessionScavenger set, using defaults
2023-05-31 22:57:32,940 [main] INFO  server.session (HouseKeeper.java:startScavenging(132)) - node0 Scavenging every 660000ms
2023-05-31 22:57:32,941 [main] INFO  handler.ContextHandler (ContextHandler.java:doStart(921)) - Started o.e.j.s.ServletContextHandler@76e13660{logs,/logs,file:///home/runner/work/ozone/ozone/hadoop-ozone/integration-test/target/log,AVAILABLE}
2023-05-31 22:57:32,942 [main] INFO  handler.ContextHandler (ContextHandler.java:doStart(921)) - Started o.e.j.s.ServletContextHandler@1617f122{static,/static,jar:file:/home/runner/.m2/repository/org/apache/ozone/hdds-container-service/1.4.0-SNAPSHOT/hdds-container-service-1.4.0-SNAPSHOT.jar!/webapps/static,AVAILABLE}
2023-05-31 22:57:32,975 [Datanode State Machine Task Thread - 0] INFO  datanode.InitDatanodeState (InitDatanodeState.java:persistContainerDatanodeDetails(138)) - DatanodeDetails is persisted to /home/runner/work/ozone/ozone/hadoop-ozone/integration-test/target/test-dir/MiniOzoneClusterImpl-816a41a7-5c89-4e8c-81ba-db0c8b26fb2d/datanode-0/meta/datanode.id
2023-05-31 22:57:33,190 [main] INFO  handler.ContextHandler (ContextHandler.java:doStart(921)) - Started o.e.j.w.WebAppContext@5928fb8b{hddsDatanode,/,file:///home/runner/work/ozone/ozone/hadoop-ozone/integration-test/target/test-dir/MiniOzoneClusterImpl-816a41a7-5c89-4e8c-81ba-db0c8b26fb2d/datanode-1/meta/webserver/jetty-0_0_0_0-15018-hdds-container-service-1_4_0-SNAPSHOT_jar-_-any-9147945867036798875/webapp/,AVAILABLE}{jar:file:/home/runner/.m2/repository/org/apache/ozone/hdds-container-service/1.4.0-SNAPSHOT/hdds-container-service-1.4.0-SNAPSHOT.jar!/webapps/hddsDatanode}
2023-05-31 22:57:33,192 [main] INFO  server.AbstractConnector (AbstractConnector.java:doStart(333)) - Started ServerConnector@50a2431f{HTTP/1.1, (http/1.1)}{0.0.0.0:15018}
2023-05-31 22:57:33,192 [main] INFO  server.Server (Server.java:doStart(415)) - Started @11472ms
2023-05-31 22:57:33,192 [main] WARN  impl.MetricsSystemImpl (MetricsSystemImpl.java:register(279)) - Sink prometheus already exists!
2023-05-31 22:57:33,193 [main] INFO  http.BaseHttpServer (BaseHttpServer.java:updateConnectorAddress(344)) - HTTP server of hddsDatanode listening at http://0.0.0.0:15018
2023-05-31 22:57:33,194 [main] INFO  ipc.CallQueueManager (CallQueueManager.java:<init>(90)) - Using callQueue: class java.util.concurrent.LinkedBlockingQueue, queueCapacity: 100, scheduler: class org.apache.hadoop.ipc.DefaultRpcScheduler, ipcBackoff: false.
2023-05-31 22:57:33,198 [Socket Reader #1 for port 15019] INFO  ipc.Server (Server.java:run(1319)) - Starting Socket Reader #1 for port 15019
2023-05-31 22:57:33,201 [Listener at 0.0.0.0/15019] INFO  hdds.HddsUtils (HddsUtils.java:preserveThreadName(843)) - Restoring thread name: main
2023-05-31 22:57:33,202 [main] INFO  ozone.HddsDatanodeService (HddsDatanodeService.java:start(337)) - Datanode start with admins: [runner]
2023-05-31 22:57:33,203 [main] INFO  ozone.HddsDatanodeClientProtocolServer (HddsDatanodeClientProtocolServer.java:start(83)) - RPC server for Client /0.0.0.0:15019
2023-05-31 22:57:33,203 [IPC Server Responder] INFO  ipc.Server (Server.java:run(1558)) - IPC Server Responder: starting
2023-05-31 22:57:33,203 [IPC Server listener on 15019] INFO  ipc.Server (Server.java:run(1398)) - IPC Server listener on 15019: starting
2023-05-31 22:57:33,204 [main] WARN  impl.MetricRegistriesImpl (MetricRegistriesImpl.java:addReporterRegistration(111)) - New reporters are added after registries were created. Some metrics will be missing from the reporter. Please add reporter before adding any new registry.
2023-05-31 22:57:33,204 [main] WARN  impl.MetricRegistriesImpl (MetricRegistriesImpl.java:addReporterRegistration(111)) - New reporters are added after registries were created. Some metrics will be missing from the reporter. Please add reporter before adding any new registry.
2023-05-31 22:57:33,205 [main] INFO  impl.MetricsSystemImpl (MetricsSystemImpl.java:init(158)) - HddsDatanode metrics system started (again)
2023-05-31 22:57:33,214 [Datanode State Machine Daemon Thread] INFO  statemachine.DatanodeStateMachine (DatanodeStateMachine.java:lambda$startDaemon$0(537)) - Ozone container server started.
2023-05-31 22:57:33,230 [main] INFO  ozone.HddsDatanodeService (HddsDatanodeService.java:start(264)) - HddsDatanodeService host:fv-az844-56.kvdfyhrxhd0epk3sa4trub4njc.xx.internal.cloudapp.net ip:10.1.0.15
2023-05-31 22:57:33,234 [org.apache.hadoop.util.JvmPauseMonitor$Monitor@3ee51d6e] INFO  util.JvmPauseMonitor (JvmPauseMonitor.java:run(188)) - Starting JVM pause monitor
2023-05-31 22:57:33,251 [Datanode State Machine Task Thread - 0] INFO  datanode.InitDatanodeState (InitDatanodeState.java:persistContainerDatanodeDetails(138)) - DatanodeDetails is persisted to /home/runner/work/ozone/ozone/hadoop-ozone/integration-test/target/test-dir/MiniOzoneClusterImpl-816a41a7-5c89-4e8c-81ba-db0c8b26fb2d/datanode-1/meta/datanode.id
2023-05-31 22:57:33,267 [main] INFO  upgrade.AbstractLayoutVersionManager (AbstractLayoutVersionManager.java:init(83)) - Initializing Layout version manager with metadata layout = HADOOP_PRC_PORTS_IN_DATANODEDETAILS (version = 7), software layout = HADOOP_PRC_PORTS_IN_DATANODEDETAILS (version = 7)
2023-05-31 22:57:33,268 [main] INFO  statemachine.DatanodeStateMachine (DatanodeStateMachine.java:getEndPointTaskThreadPoolSize(275)) - Datanode State Machine Task Thread Pool size 2
2023-05-31 22:57:33,271 [main] INFO  volume.HddsVolume (HddsVolume.java:<init>(130)) - Creating HddsVolume: /home/runner/work/ozone/ozone/hadoop-ozone/integration-test/target/test-dir/MiniOzoneClusterImpl-816a41a7-5c89-4e8c-81ba-db0c8b26fb2d/datanode-2/data-0/containers/hdds of storage type : DISK capacity : 9223372036854775807
2023-05-31 22:57:33,271 [main] INFO  volume.MutableVolumeSet (MutableVolumeSet.java:initializeVolumeSet(175)) - Added Volume : /home/runner/work/ozone/ozone/hadoop-ozone/integration-test/target/test-dir/MiniOzoneClusterImpl-816a41a7-5c89-4e8c-81ba-db0c8b26fb2d/datanode-2/data-0/containers/hdds to VolumeSet
2023-05-31 22:57:33,271 [main] INFO  volume.ThrottledAsyncChecker (ThrottledAsyncChecker.java:schedule(141)) - Scheduling a check for /home/runner/work/ozone/ozone/hadoop-ozone/integration-test/target/test-dir/MiniOzoneClusterImpl-816a41a7-5c89-4e8c-81ba-db0c8b26fb2d/datanode-2/data-0/containers/hdds
2023-05-31 22:57:33,273 [main] INFO  volume.StorageVolumeChecker (StorageVolumeChecker.java:checkAllVolumes(202)) - Scheduled health check for volume /home/runner/work/ozone/ozone/hadoop-ozone/integration-test/target/test-dir/MiniOzoneClusterImpl-816a41a7-5c89-4e8c-81ba-db0c8b26fb2d/datanode-2/data-0/containers/hdds
2023-05-31 22:57:33,288 [main] INFO  volume.MutableVolumeSet (MutableVolumeSet.java:initializeVolumeSet(175)) - Added Volume : /home/runner/work/ozone/ozone/hadoop-ozone/integration-test/target/test-dir/MiniOzoneClusterImpl-816a41a7-5c89-4e8c-81ba-db0c8b26fb2d/datanode-2/data/ratis to VolumeSet
2023-05-31 22:57:33,291 [main] INFO  volume.ThrottledAsyncChecker (ThrottledAsyncChecker.java:schedule(141)) - Scheduling a check for /home/runner/work/ozone/ozone/hadoop-ozone/integration-test/target/test-dir/MiniOzoneClusterImpl-816a41a7-5c89-4e8c-81ba-db0c8b26fb2d/datanode-2/data/ratis
2023-05-31 22:57:33,291 [main] INFO  volume.StorageVolumeChecker (StorageVolumeChecker.java:checkAllVolumes(202)) - Scheduled health check for volume /home/runner/work/ozone/ozone/hadoop-ozone/integration-test/target/test-dir/MiniOzoneClusterImpl-816a41a7-5c89-4e8c-81ba-db0c8b26fb2d/datanode-2/data/ratis
2023-05-31 22:57:33,308 [Thread-179] INFO  ozoneimpl.ContainerReader (ContainerReader.java:readVolume(175)) - Finish verifying containers on volume /home/runner/work/ozone/ozone/hadoop-ozone/integration-test/target/test-dir/MiniOzoneClusterImpl-816a41a7-5c89-4e8c-81ba-db0c8b26fb2d/datanode-2/data-0/containers/hdds
2023-05-31 22:57:33,308 [main] INFO  ozoneimpl.OzoneContainer (OzoneContainer.java:buildContainerSet(303)) - Build ContainerSet costs 0s
2023-05-31 22:57:33,312 [main] INFO  server.RaftServer (ConfUtils.java:logGet(46)) - raft.rpc.type = GRPC (default)
2023-05-31 22:57:33,312 [main] INFO  grpc.GrpcConfigKeys (ConfUtils.java:logFallback(53)) - raft.grpc.admin.host = null (fallback to raft.grpc.server.host)
2023-05-31 22:57:33,313 [main] INFO  grpc.GrpcConfigKeys (ConfUtils.java:logGet(46)) - raft.grpc.admin.port = 15031 (custom)
2023-05-31 22:57:33,313 [main] INFO  grpc.GrpcConfigKeys (ConfUtils.java:logFallback(53)) - raft.grpc.client.host = null (fallback to raft.grpc.server.host)
2023-05-31 22:57:33,313 [main] INFO  grpc.GrpcConfigKeys (ConfUtils.java:logGet(46)) - raft.grpc.client.port = 15030 (custom)
2023-05-31 22:57:33,313 [main] INFO  grpc.GrpcConfigKeys (ConfUtils.java:logGet(46)) - raft.grpc.server.host = null (default)
2023-05-31 22:57:33,313 [main] INFO  grpc.GrpcConfigKeys (ConfUtils.java:logGet(46)) - raft.grpc.server.port = 15032 (custom)
2023-05-31 22:57:33,314 [main] INFO  server.GrpcService (ConfUtils.java:logGet(46)) - raft.grpc.message.size.max = 32MB (=33554432) (custom)
2023-05-31 22:57:33,314 [main] INFO  server.RaftServerConfigKeys (ConfUtils.java:logGet(46)) - raft.server.log.appender.buffer.byte-limit = 33554432 (custom)
2023-05-31 22:57:33,314 [main] INFO  server.GrpcService (ConfUtils.java:logGet(46)) - raft.grpc.flow.control.window = 5MB (=5242880) (custom)
2023-05-31 22:57:33,315 [main] INFO  server.RaftServerConfigKeys (ConfUtils.java:logGet(46)) - raft.server.rpc.request.timeout = 60s (custom)
2023-05-31 22:57:33,315 [main] INFO  grpc.GrpcConfigKeys (ConfUtils.java:logGet(46)) - raft.grpc.server.heartbeat.channel = true (default)
2023-05-31 22:57:33,315 [main] INFO  grpc.GrpcConfigKeys (ConfUtils.java:logGet(46)) - raft.grpc.server.async.request.thread.pool.cached = true (default)
2023-05-31 22:57:33,315 [main] INFO  grpc.GrpcConfigKeys (ConfUtils.java:logGet(46)) - raft.grpc.server.async.request.thread.pool.size = 32 (default)
2023-05-31 22:57:33,318 [main] INFO  impl.DataStreamServerImpl (ConfUtils.java:logGet(46)) - raft.datastream.type = NETTY (custom)
2023-05-31 22:57:33,319 [main] INFO  server.RaftServerConfigKeys (ConfUtils.java:logGet(46)) - raft.server.data-stream.async.request.thread.pool.cached = false (default)
2023-05-31 22:57:33,319 [main] INFO  server.RaftServerConfigKeys (ConfUtils.java:logGet(46)) - raft.server.data-stream.async.request.thread.pool.size = 20 (custom)
2023-05-31 22:57:33,319 [main] INFO  server.RaftServerConfigKeys (ConfUtils.java:logGet(46)) - raft.server.data-stream.async.write.thread.pool.size = 16 (default)
2023-05-31 22:57:33,320 [main] INFO  server.RaftServerConfigKeys (ConfUtils.java:logGet(46)) - raft.server.data-stream.client.pool.size = 10 (default)
2023-05-31 22:57:33,320 [main] INFO  netty.NettyConfigKeys$DataStream (ConfUtils.java:logGet(46)) - raft.netty.dataStream.server.use-epoll = false (default)
2023-05-31 22:57:33,320 [main] INFO  netty.NettyConfigKeys$DataStream (ConfUtils.java:logGet(46)) - raft.netty.dataStream.server.boss-group.size = 0 (default)
2023-05-31 22:57:33,321 [main] INFO  netty.NettyConfigKeys$DataStream (ConfUtils.java:logGet(46)) - raft.netty.dataStream.server.worker-group.size = 0 (default)
2023-05-31 22:57:33,321 [main] INFO  netty.NettyConfigKeys$DataStream (ConfUtils.java:logGet(46)) - raft.netty.dataStream.server.tls.conf = null (default)
2023-05-31 22:57:33,321 [main] INFO  netty.NettyConfigKeys$DataStream (ConfUtils.java:logGet(46)) - raft.netty.dataStream.host = null (default)
2023-05-31 22:57:33,322 [main] INFO  netty.NettyConfigKeys$DataStream (ConfUtils.java:logGet(46)) - raft.netty.dataStream.port = 15033 (custom)
2023-05-31 22:57:33,322 [main] INFO  server.RaftServerConfigKeys (ConfUtils.java:logGet(46)) - raft.server.threadpool.proxy.cached = true (default)
2023-05-31 22:57:33,322 [main] INFO  server.RaftServerConfigKeys (ConfUtils.java:logGet(46)) - raft.server.threadpool.proxy.size = 0 (default)
2023-05-31 22:57:33,323 [main] INFO  server.RaftServerConfigKeys (ConfUtils.java:logGet(46)) - raft.server.rpc.slowness.timeout = 300s (custom)
2023-05-31 22:57:33,323 [main] INFO  server.RaftServerConfigKeys (ConfUtils.java:logGet(46)) - raft.server.leaderelection.leader.step-down.wait-time = 10s (default)
2023-05-31 22:57:33,323 [main] INFO  server.RaftServerConfigKeys (ConfUtils.java:logGet(46)) - raft.server.storage.dir = [/home/runner/work/ozone/ozone/hadoop-ozone/integration-test/target/test-dir/MiniOzoneClusterImpl-816a41a7-5c89-4e8c-81ba-db0c8b26fb2d/datanode-2/data/ratis] (custom)
2023-05-31 22:57:33,327 [cdb52bc9-5e07-4eca-b7fa-f50f992e3122-NettyServerStreamRpc-bossGroup--thread1] INFO  logging.LoggingHandler (AbstractInternalLogger.java:log(148)) - [id: 0x113b9167] REGISTERED
2023-05-31 22:57:33,327 [cdb52bc9-5e07-4eca-b7fa-f50f992e3122-NettyServerStreamRpc-bossGroup--thread1] INFO  logging.LoggingHandler (AbstractInternalLogger.java:log(148)) - [id: 0x113b9167] BIND: 0.0.0.0/0.0.0.0:15033
2023-05-31 22:57:33,327 [cdb52bc9-5e07-4eca-b7fa-f50f992e3122-NettyServerStreamRpc-bossGroup--thread1] INFO  logging.LoggingHandler (AbstractInternalLogger.java:log(148)) - [id: 0x113b9167, L:/0:0:0:0:0:0:0:0:15033] ACTIVE
2023-05-31 22:57:33,329 [main] INFO  server.XceiverServerGrpc (XceiverServerGrpc.java:<init>(132)) - GrpcServer channel type EpollServerSocketChannel
2023-05-31 22:57:33,332 [main] INFO  replication.ReplicationSupervisor (ReplicationSupervisor.java:nodeStateUpdated(296)) - Node state updated to IN_SERVICE, scaling executor pool size to 10
2023-05-31 22:57:33,335 [main] INFO  http.BaseHttpServer (BaseHttpServer.java:newHttpServer2BuilderForOzone(224)) - Starting Web-server for hddsDatanode at: http://0.0.0.0:15027
2023-05-31 22:57:33,335 [main] INFO  http.BaseHttpServer (BaseHttpServer.java:<init>(111)) - Hadoop Security Enabled: false Ozone Security Enabled: false Ozone HTTP Security Enabled: false 
2023-05-31 22:57:33,336 [main] WARN  server.AuthenticationFilter (AuthenticationFilter.java:constructSecretProvider(240)) - Unable to initialize FileSignerSecretProvider, falling back to use random secrets. Reason: Could not read signature secret file: /home/runner/hadoop-http-auth-signature-secret
2023-05-31 22:57:33,342 [main] INFO  http.HttpRequestLog (HttpRequestLog.java:getRequestLog(86)) - Http request log for http.requests.hddsDatanode is not defined
2023-05-31 22:57:33,344 [main] INFO  http.HttpServer2 (HttpServer2.java:addGlobalFilter(1031)) - Added global filter 'safety' (class=org.apache.hadoop.hdds.server.http.HttpServer2$QuotingInputFilter)
2023-05-31 22:57:33,345 [main] INFO  http.HttpServer2 (HttpServer2.java:addFilter(1007)) - Added filter static_user_filter (class=org.apache.hadoop.http.lib.StaticUserWebFilter$StaticUserFilter) to context hddsDatanode
2023-05-31 22:57:33,345 [main] INFO  http.HttpServer2 (HttpServer2.java:addFilter(1015)) - Added filter static_user_filter (class=org.apache.hadoop.http.lib.StaticUserWebFilter$StaticUserFilter) to context logs
2023-05-31 22:57:33,345 [main] INFO  http.HttpServer2 (HttpServer2.java:addFilter(1015)) - Added filter static_user_filter (class=org.apache.hadoop.http.lib.StaticUserWebFilter$StaticUserFilter) to context static
2023-05-31 22:57:33,347 [main] INFO  http.BaseHttpServer (BaseHttpServer.java:<init>(190)) - HTTP server of hddsDatanode uses base directory /home/runner/work/ozone/ozone/hadoop-ozone/integration-test/target/test-dir/MiniOzoneClusterImpl-816a41a7-5c89-4e8c-81ba-db0c8b26fb2d/datanode-2/meta/webserver
2023-05-31 22:57:33,347 [main] INFO  http.HttpServer2 (HttpServer2.java:bindListener(1250)) - Jetty bound to port 15027
2023-05-31 22:57:33,348 [main] INFO  server.Server (Server.java:doStart(375)) - jetty-9.4.51.v20230217; built: 2023-02-17T08:19:37.309Z; git: b45c405e4544384de066f814ed42ae3dceacdd49; jvm 1.8.0_362-b09
2023-05-31 22:57:33,354 [main] INFO  server.session (DefaultSessionIdManager.java:doStart(334)) - DefaultSessionIdManager workerName=node0
2023-05-31 22:57:33,354 [main] INFO  server.session (DefaultSessionIdManager.java:doStart(339)) - No SessionScavenger set, using defaults
2023-05-31 22:57:33,355 [main] INFO  server.session (HouseKeeper.java:startScavenging(132)) - node0 Scavenging every 660000ms
2023-05-31 22:57:33,356 [main] INFO  handler.ContextHandler (ContextHandler.java:doStart(921)) - Started o.e.j.s.ServletContextHandler@7c48c62d{logs,/logs,file:///home/runner/work/ozone/ozone/hadoop-ozone/integration-test/target/log,AVAILABLE}
2023-05-31 22:57:33,357 [main] INFO  handler.ContextHandler (ContextHandler.java:doStart(921)) - Started o.e.j.s.ServletContextHandler@382170dd{static,/static,jar:file:/home/runner/.m2/repository/org/apache/ozone/hdds-container-service/1.4.0-SNAPSHOT/hdds-container-service-1.4.0-SNAPSHOT.jar!/webapps/static,AVAILABLE}
2023-05-31 22:57:33,603 [main] INFO  handler.ContextHandler (ContextHandler.java:doStart(921)) - Started o.e.j.w.WebAppContext@34cd7055{hddsDatanode,/,file:///home/runner/work/ozone/ozone/hadoop-ozone/integration-test/target/test-dir/MiniOzoneClusterImpl-816a41a7-5c89-4e8c-81ba-db0c8b26fb2d/datanode-2/meta/webserver/jetty-0_0_0_0-15027-hdds-container-service-1_4_0-SNAPSHOT_jar-_-any-432527798508395528/webapp/,AVAILABLE}{jar:file:/home/runner/.m2/repository/org/apache/ozone/hdds-container-service/1.4.0-SNAPSHOT/hdds-container-service-1.4.0-SNAPSHOT.jar!/webapps/hddsDatanode}
2023-05-31 22:57:33,605 [main] INFO  server.AbstractConnector (AbstractConnector.java:doStart(333)) - Started ServerConnector@4e29c635{HTTP/1.1, (http/1.1)}{0.0.0.0:15027}
2023-05-31 22:57:33,606 [main] INFO  server.Server (Server.java:doStart(415)) - Started @11886ms
2023-05-31 22:57:33,606 [main] WARN  impl.MetricsSystemImpl (MetricsSystemImpl.java:register(279)) - Sink prometheus already exists!
2023-05-31 22:57:33,608 [main] INFO  http.BaseHttpServer (BaseHttpServer.java:updateConnectorAddress(344)) - HTTP server of hddsDatanode listening at http://0.0.0.0:15027
2023-05-31 22:57:33,615 [main] INFO  ipc.CallQueueManager (CallQueueManager.java:<init>(90)) - Using callQueue: class java.util.concurrent.LinkedBlockingQueue, queueCapacity: 100, scheduler: class org.apache.hadoop.ipc.DefaultRpcScheduler, ipcBackoff: false.
2023-05-31 22:57:33,616 [Socket Reader #1 for port 15028] INFO  ipc.Server (Server.java:run(1319)) - Starting Socket Reader #1 for port 15028
2023-05-31 22:57:33,620 [Listener at 0.0.0.0/15028] INFO  hdds.HddsUtils (HddsUtils.java:preserveThreadName(843)) - Restoring thread name: main
2023-05-31 22:57:33,621 [main] INFO  ozone.HddsDatanodeService (HddsDatanodeService.java:start(337)) - Datanode start with admins: [runner]
2023-05-31 22:57:33,621 [main] INFO  ozone.HddsDatanodeClientProtocolServer (HddsDatanodeClientProtocolServer.java:start(83)) - RPC server for Client /0.0.0.0:15028
2023-05-31 22:57:33,621 [IPC Server Responder] INFO  ipc.Server (Server.java:run(1558)) - IPC Server Responder: starting
2023-05-31 22:57:33,621 [IPC Server listener on 15028] INFO  ipc.Server (Server.java:run(1398)) - IPC Server listener on 15028: starting
2023-05-31 22:57:33,622 [main] WARN  impl.MetricRegistriesImpl (MetricRegistriesImpl.java:addReporterRegistration(111)) - New reporters are added after registries were created. Some metrics will be missing from the reporter. Please add reporter before adding any new registry.
2023-05-31 22:57:33,622 [main] WARN  impl.MetricRegistriesImpl (MetricRegistriesImpl.java:addReporterRegistration(111)) - New reporters are added after registries were created. Some metrics will be missing from the reporter. Please add reporter before adding any new registry.
2023-05-31 22:57:33,622 [main] INFO  impl.MetricsSystemImpl (MetricsSystemImpl.java:init(158)) - HddsDatanode metrics system started (again)
2023-05-31 22:57:33,621 [Datanode State Machine Daemon Thread] INFO  statemachine.DatanodeStateMachine (DatanodeStateMachine.java:lambda$startDaemon$0(537)) - Ozone container server started.
2023-05-31 22:57:33,635 [main] INFO  ozone.HddsDatanodeService (HddsDatanodeService.java:start(264)) - HddsDatanodeService host:fv-az844-56.kvdfyhrxhd0epk3sa4trub4njc.xx.internal.cloudapp.net ip:10.1.0.15
2023-05-31 22:57:33,660 [org.apache.hadoop.util.JvmPauseMonitor$Monitor@4caf194] INFO  util.JvmPauseMonitor (JvmPauseMonitor.java:run(188)) - Starting JVM pause monitor
2023-05-31 22:57:33,662 [Datanode State Machine Task Thread - 0] INFO  datanode.InitDatanodeState (InitDatanodeState.java:persistContainerDatanodeDetails(138)) - DatanodeDetails is persisted to /home/runner/work/ozone/ozone/hadoop-ozone/integration-test/target/test-dir/MiniOzoneClusterImpl-816a41a7-5c89-4e8c-81ba-db0c8b26fb2d/datanode-2/meta/datanode.id
2023-05-31 22:57:33,675 [main] INFO  upgrade.AbstractLayoutVersionManager (AbstractLayoutVersionManager.java:init(83)) - Initializing Layout version manager with metadata layout = HADOOP_PRC_PORTS_IN_DATANODEDETAILS (version = 7), software layout = HADOOP_PRC_PORTS_IN_DATANODEDETAILS (version = 7)
2023-05-31 22:57:33,677 [main] INFO  statemachine.DatanodeStateMachine (DatanodeStateMachine.java:getEndPointTaskThreadPoolSize(275)) - Datanode State Machine Task Thread Pool size 2
2023-05-31 22:57:33,680 [main] INFO  volume.HddsVolume (HddsVolume.java:<init>(130)) - Creating HddsVolume: /home/runner/work/ozone/ozone/hadoop-ozone/integration-test/target/test-dir/MiniOzoneClusterImpl-816a41a7-5c89-4e8c-81ba-db0c8b26fb2d/datanode-3/data-0/containers/hdds of storage type : DISK capacity : 9223372036854775807
2023-05-31 22:57:33,681 [main] INFO  volume.MutableVolumeSet (MutableVolumeSet.java:initializeVolumeSet(175)) - Added Volume : /home/runner/work/ozone/ozone/hadoop-ozone/integration-test/target/test-dir/MiniOzoneClusterImpl-816a41a7-5c89-4e8c-81ba-db0c8b26fb2d/datanode-3/data-0/containers/hdds to VolumeSet
2023-05-31 22:57:33,681 [main] INFO  volume.ThrottledAsyncChecker (ThrottledAsyncChecker.java:schedule(141)) - Scheduling a check for /home/runner/work/ozone/ozone/hadoop-ozone/integration-test/target/test-dir/MiniOzoneClusterImpl-816a41a7-5c89-4e8c-81ba-db0c8b26fb2d/datanode-3/data-0/containers/hdds
2023-05-31 22:57:33,682 [main] INFO  volume.StorageVolumeChecker (StorageVolumeChecker.java:checkAllVolumes(202)) - Scheduled health check for volume /home/runner/work/ozone/ozone/hadoop-ozone/integration-test/target/test-dir/MiniOzoneClusterImpl-816a41a7-5c89-4e8c-81ba-db0c8b26fb2d/datanode-3/data-0/containers/hdds
2023-05-31 22:57:33,696 [main] INFO  volume.MutableVolumeSet (MutableVolumeSet.java:initializeVolumeSet(175)) - Added Volume : /home/runner/work/ozone/ozone/hadoop-ozone/integration-test/target/test-dir/MiniOzoneClusterImpl-816a41a7-5c89-4e8c-81ba-db0c8b26fb2d/datanode-3/data/ratis to VolumeSet
2023-05-31 22:57:33,696 [main] INFO  volume.ThrottledAsyncChecker (ThrottledAsyncChecker.java:schedule(141)) - Scheduling a check for /home/runner/work/ozone/ozone/hadoop-ozone/integration-test/target/test-dir/MiniOzoneClusterImpl-816a41a7-5c89-4e8c-81ba-db0c8b26fb2d/datanode-3/data/ratis
2023-05-31 22:57:33,696 [main] INFO  volume.StorageVolumeChecker (StorageVolumeChecker.java:checkAllVolumes(202)) - Scheduled health check for volume /home/runner/work/ozone/ozone/hadoop-ozone/integration-test/target/test-dir/MiniOzoneClusterImpl-816a41a7-5c89-4e8c-81ba-db0c8b26fb2d/datanode-3/data/ratis
2023-05-31 22:57:33,711 [Thread-197] INFO  ozoneimpl.ContainerReader (ContainerReader.java:readVolume(175)) - Finish verifying containers on volume /home/runner/work/ozone/ozone/hadoop-ozone/integration-test/target/test-dir/MiniOzoneClusterImpl-816a41a7-5c89-4e8c-81ba-db0c8b26fb2d/datanode-3/data-0/containers/hdds
2023-05-31 22:57:33,711 [main] INFO  ozoneimpl.OzoneContainer (OzoneContainer.java:buildContainerSet(303)) - Build ContainerSet costs 0s
2023-05-31 22:57:33,717 [main] INFO  server.RaftServer (ConfUtils.java:logGet(46)) - raft.rpc.type = GRPC (default)
2023-05-31 22:57:33,717 [main] INFO  grpc.GrpcConfigKeys (ConfUtils.java:logFallback(53)) - raft.grpc.admin.host = null (fallback to raft.grpc.server.host)
2023-05-31 22:57:33,717 [main] INFO  grpc.GrpcConfigKeys (ConfUtils.java:logGet(46)) - raft.grpc.admin.port = 15040 (custom)
2023-05-31 22:57:33,717 [main] INFO  grpc.GrpcConfigKeys (ConfUtils.java:logFallback(53)) - raft.grpc.client.host = null (fallback to raft.grpc.server.host)
2023-05-31 22:57:33,718 [main] INFO  grpc.GrpcConfigKeys (ConfUtils.java:logGet(46)) - raft.grpc.client.port = 15039 (custom)
2023-05-31 22:57:33,718 [main] INFO  grpc.GrpcConfigKeys (ConfUtils.java:logGet(46)) - raft.grpc.server.host = null (default)
2023-05-31 22:57:33,718 [main] INFO  grpc.GrpcConfigKeys (ConfUtils.java:logGet(46)) - raft.grpc.server.port = 15041 (custom)
2023-05-31 22:57:33,718 [main] INFO  server.GrpcService (ConfUtils.java:logGet(46)) - raft.grpc.message.size.max = 32MB (=33554432) (custom)
2023-05-31 22:57:33,719 [main] INFO  server.RaftServerConfigKeys (ConfUtils.java:logGet(46)) - raft.server.log.appender.buffer.byte-limit = 33554432 (custom)
2023-05-31 22:57:33,719 [main] INFO  server.GrpcService (ConfUtils.java:logGet(46)) - raft.grpc.flow.control.window = 5MB (=5242880) (custom)
2023-05-31 22:57:33,719 [main] INFO  server.RaftServerConfigKeys (ConfUtils.java:logGet(46)) - raft.server.rpc.request.timeout = 60s (custom)
2023-05-31 22:57:33,719 [main] INFO  grpc.GrpcConfigKeys (ConfUtils.java:logGet(46)) - raft.grpc.server.heartbeat.channel = true (default)
2023-05-31 22:57:33,719 [main] INFO  grpc.GrpcConfigKeys (ConfUtils.java:logGet(46)) - raft.grpc.server.async.request.thread.pool.cached = true (default)
2023-05-31 22:57:33,720 [main] INFO  grpc.GrpcConfigKeys (ConfUtils.java:logGet(46)) - raft.grpc.server.async.request.thread.pool.size = 32 (default)
2023-05-31 22:57:33,723 [main] INFO  impl.DataStreamServerImpl (ConfUtils.java:logGet(46)) - raft.datastream.type = NETTY (custom)
2023-05-31 22:57:33,723 [main] INFO  server.RaftServerConfigKeys (ConfUtils.java:logGet(46)) - raft.server.data-stream.async.request.thread.pool.cached = false (default)
2023-05-31 22:57:33,723 [main] INFO  server.RaftServerConfigKeys (ConfUtils.java:logGet(46)) - raft.server.data-stream.async.request.thread.pool.size = 20 (custom)
2023-05-31 22:57:33,723 [main] INFO  server.RaftServerConfigKeys (ConfUtils.java:logGet(46)) - raft.server.data-stream.async.write.thread.pool.size = 16 (default)
2023-05-31 22:57:33,724 [main] INFO  server.RaftServerConfigKeys (ConfUtils.java:logGet(46)) - raft.server.data-stream.client.pool.size = 10 (default)
2023-05-31 22:57:33,724 [main] INFO  netty.NettyConfigKeys$DataStream (ConfUtils.java:logGet(46)) - raft.netty.dataStream.server.use-epoll = false (default)
2023-05-31 22:57:33,724 [main] INFO  netty.NettyConfigKeys$DataStream (ConfUtils.java:logGet(46)) - raft.netty.dataStream.server.boss-group.size = 0 (default)
2023-05-31 22:57:33,725 [main] INFO  netty.NettyConfigKeys$DataStream (ConfUtils.java:logGet(46)) - raft.netty.dataStream.server.worker-group.size = 0 (default)
2023-05-31 22:57:33,725 [main] INFO  netty.NettyConfigKeys$DataStream (ConfUtils.java:logGet(46)) - raft.netty.dataStream.server.tls.conf = null (default)
2023-05-31 22:57:33,725 [main] INFO  netty.NettyConfigKeys$DataStream (ConfUtils.java:logGet(46)) - raft.netty.dataStream.host = null (default)
2023-05-31 22:57:33,725 [main] INFO  netty.NettyConfigKeys$DataStream (ConfUtils.java:logGet(46)) - raft.netty.dataStream.port = 15042 (custom)
2023-05-31 22:57:33,726 [main] INFO  server.RaftServerConfigKeys (ConfUtils.java:logGet(46)) - raft.server.threadpool.proxy.cached = true (default)
2023-05-31 22:57:33,726 [main] INFO  server.RaftServerConfigKeys (ConfUtils.java:logGet(46)) - raft.server.threadpool.proxy.size = 0 (default)
2023-05-31 22:57:33,727 [main] INFO  server.RaftServerConfigKeys (ConfUtils.java:logGet(46)) - raft.server.rpc.slowness.timeout = 300s (custom)
2023-05-31 22:57:33,727 [main] INFO  server.RaftServerConfigKeys (ConfUtils.java:logGet(46)) - raft.server.leaderelection.leader.step-down.wait-time = 10s (default)
2023-05-31 22:57:33,727 [main] INFO  server.RaftServerConfigKeys (ConfUtils.java:logGet(46)) - raft.server.storage.dir = [/home/runner/work/ozone/ozone/hadoop-ozone/integration-test/target/test-dir/MiniOzoneClusterImpl-816a41a7-5c89-4e8c-81ba-db0c8b26fb2d/datanode-3/data/ratis] (custom)
2023-05-31 22:57:33,735 [41c98476-2059-4142-8ca0-ae93b0d149f4-NettyServerStreamRpc-bossGroup--thread1] INFO  logging.LoggingHandler (AbstractInternalLogger.java:log(148)) - [id: 0xa1447e02] REGISTERED
2023-05-31 22:57:33,735 [41c98476-2059-4142-8ca0-ae93b0d149f4-NettyServerStreamRpc-bossGroup--thread1] INFO  logging.LoggingHandler (AbstractInternalLogger.java:log(148)) - [id: 0xa1447e02] BIND: 0.0.0.0/0.0.0.0:15042
2023-05-31 22:57:33,735 [41c98476-2059-4142-8ca0-ae93b0d149f4-NettyServerStreamRpc-bossGroup--thread1] INFO  logging.LoggingHandler (AbstractInternalLogger.java:log(148)) - [id: 0xa1447e02, L:/0:0:0:0:0:0:0:0:15042] ACTIVE
2023-05-31 22:57:33,737 [main] INFO  server.XceiverServerGrpc (XceiverServerGrpc.java:<init>(132)) - GrpcServer channel type EpollServerSocketChannel
2023-05-31 22:57:33,740 [main] INFO  replication.ReplicationSupervisor (ReplicationSupervisor.java:nodeStateUpdated(296)) - Node state updated to IN_SERVICE, scaling executor pool size to 10
2023-05-31 22:57:33,742 [main] INFO  http.BaseHttpServer (BaseHttpServer.java:newHttpServer2BuilderForOzone(224)) - Starting Web-server for hddsDatanode at: http://0.0.0.0:15036
2023-05-31 22:57:33,742 [main] INFO  http.BaseHttpServer (BaseHttpServer.java:<init>(111)) - Hadoop Security Enabled: false Ozone Security Enabled: false Ozone HTTP Security Enabled: false 
2023-05-31 22:57:33,744 [main] WARN  server.AuthenticationFilter (AuthenticationFilter.java:constructSecretProvider(240)) - Unable to initialize FileSignerSecretProvider, falling back to use random secrets. Reason: Could not read signature secret file: /home/runner/hadoop-http-auth-signature-secret
2023-05-31 22:57:33,745 [main] INFO  http.HttpRequestLog (HttpRequestLog.java:getRequestLog(86)) - Http request log for http.requests.hddsDatanode is not defined
2023-05-31 22:57:33,746 [main] INFO  http.HttpServer2 (HttpServer2.java:addGlobalFilter(1031)) - Added global filter 'safety' (class=org.apache.hadoop.hdds.server.http.HttpServer2$QuotingInputFilter)
2023-05-31 22:57:33,747 [main] INFO  http.HttpServer2 (HttpServer2.java:addFilter(1007)) - Added filter static_user_filter (class=org.apache.hadoop.http.lib.StaticUserWebFilter$StaticUserFilter) to context hddsDatanode
2023-05-31 22:57:33,748 [main] INFO  http.HttpServer2 (HttpServer2.java:addFilter(1015)) - Added filter static_user_filter (class=org.apache.hadoop.http.lib.StaticUserWebFilter$StaticUserFilter) to context logs
2023-05-31 22:57:33,748 [main] INFO  http.HttpServer2 (HttpServer2.java:addFilter(1015)) - Added filter static_user_filter (class=org.apache.hadoop.http.lib.StaticUserWebFilter$StaticUserFilter) to context static
2023-05-31 22:57:33,749 [main] INFO  http.BaseHttpServer (BaseHttpServer.java:<init>(190)) - HTTP server of hddsDatanode uses base directory /home/runner/work/ozone/ozone/hadoop-ozone/integration-test/target/test-dir/MiniOzoneClusterImpl-816a41a7-5c89-4e8c-81ba-db0c8b26fb2d/datanode-3/meta/webserver
2023-05-31 22:57:33,749 [main] INFO  http.HttpServer2 (HttpServer2.java:bindListener(1250)) - Jetty bound to port 15036
2023-05-31 22:57:33,750 [main] INFO  server.Server (Server.java:doStart(375)) - jetty-9.4.51.v20230217; built: 2023-02-17T08:19:37.309Z; git: b45c405e4544384de066f814ed42ae3dceacdd49; jvm 1.8.0_362-b09
2023-05-31 22:57:33,754 [main] INFO  server.session (DefaultSessionIdManager.java:doStart(334)) - DefaultSessionIdManager workerName=node0
2023-05-31 22:57:33,754 [main] INFO  server.session (DefaultSessionIdManager.java:doStart(339)) - No SessionScavenger set, using defaults
2023-05-31 22:57:33,754 [main] INFO  server.session (HouseKeeper.java:startScavenging(132)) - node0 Scavenging every 660000ms
2023-05-31 22:57:33,755 [main] INFO  handler.ContextHandler (ContextHandler.java:doStart(921)) - Started o.e.j.s.ServletContextHandler@2387b2a{logs,/logs,file:///home/runner/work/ozone/ozone/hadoop-ozone/integration-test/target/log,AVAILABLE}
2023-05-31 22:57:33,755 [main] INFO  handler.ContextHandler (ContextHandler.java:doStart(921)) - Started o.e.j.s.ServletContextHandler@1573b1dc{static,/static,jar:file:/home/runner/.m2/repository/org/apache/ozone/hdds-container-service/1.4.0-SNAPSHOT/hdds-container-service-1.4.0-SNAPSHOT.jar!/webapps/static,AVAILABLE}
2023-05-31 22:57:34,004 [main] INFO  handler.ContextHandler (ContextHandler.java:doStart(921)) - Started o.e.j.w.WebAppContext@7c35782e{hddsDatanode,/,file:///home/runner/work/ozone/ozone/hadoop-ozone/integration-test/target/test-dir/MiniOzoneClusterImpl-816a41a7-5c89-4e8c-81ba-db0c8b26fb2d/datanode-3/meta/webserver/jetty-0_0_0_0-15036-hdds-container-service-1_4_0-SNAPSHOT_jar-_-any-8091923733669850229/webapp/,AVAILABLE}{jar:file:/home/runner/.m2/repository/org/apache/ozone/hdds-container-service/1.4.0-SNAPSHOT/hdds-container-service-1.4.0-SNAPSHOT.jar!/webapps/hddsDatanode}
2023-05-31 22:57:34,006 [main] INFO  server.AbstractConnector (AbstractConnector.java:doStart(333)) - Started ServerConnector@101d2cea{HTTP/1.1, (http/1.1)}{0.0.0.0:15036}
2023-05-31 22:57:34,006 [main] INFO  server.Server (Server.java:doStart(415)) - Started @12286ms
2023-05-31 22:57:34,006 [main] WARN  impl.MetricsSystemImpl (MetricsSystemImpl.java:register(279)) - Sink prometheus already exists!
2023-05-31 22:57:34,007 [main] INFO  http.BaseHttpServer (BaseHttpServer.java:updateConnectorAddress(344)) - HTTP server of hddsDatanode listening at http://0.0.0.0:15036
2023-05-31 22:57:34,007 [main] INFO  ipc.CallQueueManager (CallQueueManager.java:<init>(90)) - Using callQueue: class java.util.concurrent.LinkedBlockingQueue, queueCapacity: 100, scheduler: class org.apache.hadoop.ipc.DefaultRpcScheduler, ipcBackoff: false.
2023-05-31 22:57:34,008 [Socket Reader #1 for port 15037] INFO  ipc.Server (Server.java:run(1319)) - Starting Socket Reader #1 for port 15037
2023-05-31 22:57:34,010 [Listener at 0.0.0.0/15037] INFO  hdds.HddsUtils (HddsUtils.java:preserveThreadName(843)) - Restoring thread name: main
2023-05-31 22:57:34,015 [main] INFO  ozone.HddsDatanodeService (HddsDatanodeService.java:start(337)) - Datanode start with admins: [runner]
2023-05-31 22:57:34,015 [main] INFO  ozone.HddsDatanodeClientProtocolServer (HddsDatanodeClientProtocolServer.java:start(83)) - RPC server for Client /0.0.0.0:15037
2023-05-31 22:57:34,015 [IPC Server Responder] INFO  ipc.Server (Server.java:run(1558)) - IPC Server Responder: starting
2023-05-31 22:57:34,015 [IPC Server listener on 15037] INFO  ipc.Server (Server.java:run(1398)) - IPC Server listener on 15037: starting
2023-05-31 22:57:34,023 [Datanode State Machine Daemon Thread] INFO  statemachine.DatanodeStateMachine (DatanodeStateMachine.java:lambda$startDaemon$0(537)) - Ozone container server started.
2023-05-31 22:57:34,023 [main] WARN  impl.MetricRegistriesImpl (MetricRegistriesImpl.java:addReporterRegistration(111)) - New reporters are added after registries were created. Some metrics will be missing from the reporter. Please add reporter before adding any new registry.
2023-05-31 22:57:34,024 [main] WARN  impl.MetricRegistriesImpl (MetricRegistriesImpl.java:addReporterRegistration(111)) - New reporters are added after registries were created. Some metrics will be missing from the reporter. Please add reporter before adding any new registry.
2023-05-31 22:57:34,025 [main] INFO  impl.MetricsSystemImpl (MetricsSystemImpl.java:init(158)) - HddsDatanode metrics system started (again)
2023-05-31 22:57:34,038 [main] INFO  ozone.HddsDatanodeService (HddsDatanodeService.java:start(264)) - HddsDatanodeService host:fv-az844-56.kvdfyhrxhd0epk3sa4trub4njc.xx.internal.cloudapp.net ip:10.1.0.15
2023-05-31 22:57:34,054 [org.apache.hadoop.util.JvmPauseMonitor$Monitor@6e8f7c39] INFO  util.JvmPauseMonitor (JvmPauseMonitor.java:run(188)) - Starting JVM pause monitor
2023-05-31 22:57:34,064 [Datanode State Machine Task Thread - 0] INFO  datanode.InitDatanodeState (InitDatanodeState.java:persistContainerDatanodeDetails(138)) - DatanodeDetails is persisted to /home/runner/work/ozone/ozone/hadoop-ozone/integration-test/target/test-dir/MiniOzoneClusterImpl-816a41a7-5c89-4e8c-81ba-db0c8b26fb2d/datanode-3/meta/datanode.id
2023-05-31 22:57:34,076 [main] INFO  upgrade.AbstractLayoutVersionManager (AbstractLayoutVersionManager.java:init(83)) - Initializing Layout version manager with metadata layout = HADOOP_PRC_PORTS_IN_DATANODEDETAILS (version = 7), software layout = HADOOP_PRC_PORTS_IN_DATANODEDETAILS (version = 7)
2023-05-31 22:57:34,077 [main] INFO  statemachine.DatanodeStateMachine (DatanodeStateMachine.java:getEndPointTaskThreadPoolSize(275)) - Datanode State Machine Task Thread Pool size 2
2023-05-31 22:57:34,084 [main] INFO  volume.HddsVolume (HddsVolume.java:<init>(130)) - Creating HddsVolume: /home/runner/work/ozone/ozone/hadoop-ozone/integration-test/target/test-dir/MiniOzoneClusterImpl-816a41a7-5c89-4e8c-81ba-db0c8b26fb2d/datanode-4/data-0/containers/hdds of storage type : DISK capacity : 9223372036854775807
2023-05-31 22:57:34,084 [main] INFO  volume.MutableVolumeSet (MutableVolumeSet.java:initializeVolumeSet(175)) - Added Volume : /home/runner/work/ozone/ozone/hadoop-ozone/integration-test/target/test-dir/MiniOzoneClusterImpl-816a41a7-5c89-4e8c-81ba-db0c8b26fb2d/datanode-4/data-0/containers/hdds to VolumeSet
2023-05-31 22:57:34,084 [main] INFO  volume.ThrottledAsyncChecker (ThrottledAsyncChecker.java:schedule(141)) - Scheduling a check for /home/runner/work/ozone/ozone/hadoop-ozone/integration-test/target/test-dir/MiniOzoneClusterImpl-816a41a7-5c89-4e8c-81ba-db0c8b26fb2d/datanode-4/data-0/containers/hdds
2023-05-31 22:57:34,086 [main] INFO  volume.StorageVolumeChecker (StorageVolumeChecker.java:checkAllVolumes(202)) - Scheduled health check for volume /home/runner/work/ozone/ozone/hadoop-ozone/integration-test/target/test-dir/MiniOzoneClusterImpl-816a41a7-5c89-4e8c-81ba-db0c8b26fb2d/datanode-4/data-0/containers/hdds
2023-05-31 22:57:34,100 [main] INFO  volume.MutableVolumeSet (MutableVolumeSet.java:initializeVolumeSet(175)) - Added Volume : /home/runner/work/ozone/ozone/hadoop-ozone/integration-test/target/test-dir/MiniOzoneClusterImpl-816a41a7-5c89-4e8c-81ba-db0c8b26fb2d/datanode-4/data/ratis to VolumeSet
2023-05-31 22:57:34,100 [main] INFO  volume.ThrottledAsyncChecker (ThrottledAsyncChecker.java:schedule(141)) - Scheduling a check for /home/runner/work/ozone/ozone/hadoop-ozone/integration-test/target/test-dir/MiniOzoneClusterImpl-816a41a7-5c89-4e8c-81ba-db0c8b26fb2d/datanode-4/data/ratis
2023-05-31 22:57:34,100 [main] INFO  volume.StorageVolumeChecker (StorageVolumeChecker.java:checkAllVolumes(202)) - Scheduled health check for volume /home/runner/work/ozone/ozone/hadoop-ozone/integration-test/target/test-dir/MiniOzoneClusterImpl-816a41a7-5c89-4e8c-81ba-db0c8b26fb2d/datanode-4/data/ratis
2023-05-31 22:57:34,117 [Thread-215] INFO  ozoneimpl.ContainerReader (ContainerReader.java:readVolume(175)) - Finish verifying containers on volume /home/runner/work/ozone/ozone/hadoop-ozone/integration-test/target/test-dir/MiniOzoneClusterImpl-816a41a7-5c89-4e8c-81ba-db0c8b26fb2d/datanode-4/data-0/containers/hdds
2023-05-31 22:57:34,117 [main] INFO  ozoneimpl.OzoneContainer (OzoneContainer.java:buildContainerSet(303)) - Build ContainerSet costs 0s
2023-05-31 22:57:34,120 [main] INFO  server.RaftServer (ConfUtils.java:logGet(46)) - raft.rpc.type = GRPC (default)
2023-05-31 22:57:34,120 [main] INFO  grpc.GrpcConfigKeys (ConfUtils.java:logFallback(53)) - raft.grpc.admin.host = null (fallback to raft.grpc.server.host)
2023-05-31 22:57:34,121 [main] INFO  grpc.GrpcConfigKeys (ConfUtils.java:logGet(46)) - raft.grpc.admin.port = 15049 (custom)
2023-05-31 22:57:34,121 [main] INFO  grpc.GrpcConfigKeys (ConfUtils.java:logFallback(53)) - raft.grpc.client.host = null (fallback to raft.grpc.server.host)
2023-05-31 22:57:34,121 [main] INFO  grpc.GrpcConfigKeys (ConfUtils.java:logGet(46)) - raft.grpc.client.port = 15048 (custom)
2023-05-31 22:57:34,121 [main] INFO  grpc.GrpcConfigKeys (ConfUtils.java:logGet(46)) - raft.grpc.server.host = null (default)
2023-05-31 22:57:34,121 [main] INFO  grpc.GrpcConfigKeys (ConfUtils.java:logGet(46)) - raft.grpc.server.port = 15050 (custom)
2023-05-31 22:57:34,121 [main] INFO  server.GrpcService (ConfUtils.java:logGet(46)) - raft.grpc.message.size.max = 32MB (=33554432) (custom)
2023-05-31 22:57:34,122 [main] INFO  server.RaftServerConfigKeys (ConfUtils.java:logGet(46)) - raft.server.log.appender.buffer.byte-limit = 33554432 (custom)
2023-05-31 22:57:34,122 [main] INFO  server.GrpcService (ConfUtils.java:logGet(46)) - raft.grpc.flow.control.window = 5MB (=5242880) (custom)
2023-05-31 22:57:34,122 [main] INFO  server.RaftServerConfigKeys (ConfUtils.java:logGet(46)) - raft.server.rpc.request.timeout = 60s (custom)
2023-05-31 22:57:34,122 [main] INFO  grpc.GrpcConfigKeys (ConfUtils.java:logGet(46)) - raft.grpc.server.heartbeat.channel = true (default)
2023-05-31 22:57:34,123 [main] INFO  grpc.GrpcConfigKeys (ConfUtils.java:logGet(46)) - raft.grpc.server.async.request.thread.pool.cached = true (default)
2023-05-31 22:57:34,123 [main] INFO  grpc.GrpcConfigKeys (ConfUtils.java:logGet(46)) - raft.grpc.server.async.request.thread.pool.size = 32 (default)
2023-05-31 22:57:34,125 [main] INFO  impl.DataStreamServerImpl (ConfUtils.java:logGet(46)) - raft.datastream.type = NETTY (custom)
2023-05-31 22:57:34,126 [main] INFO  server.RaftServerConfigKeys (ConfUtils.java:logGet(46)) - raft.server.data-stream.async.request.thread.pool.cached = false (default)
2023-05-31 22:57:34,126 [main] INFO  server.RaftServerConfigKeys (ConfUtils.java:logGet(46)) - raft.server.data-stream.async.request.thread.pool.size = 20 (custom)
2023-05-31 22:57:34,126 [main] INFO  server.RaftServerConfigKeys (ConfUtils.java:logGet(46)) - raft.server.data-stream.async.write.thread.pool.size = 16 (default)
2023-05-31 22:57:34,127 [main] INFO  server.RaftServerConfigKeys (ConfUtils.java:logGet(46)) - raft.server.data-stream.client.pool.size = 10 (default)
2023-05-31 22:57:34,127 [main] INFO  netty.NettyConfigKeys$DataStream (ConfUtils.java:logGet(46)) - raft.netty.dataStream.server.use-epoll = false (default)
2023-05-31 22:57:34,127 [main] INFO  netty.NettyConfigKeys$DataStream (ConfUtils.java:logGet(46)) - raft.netty.dataStream.server.boss-group.size = 0 (default)
2023-05-31 22:57:34,127 [main] INFO  netty.NettyConfigKeys$DataStream (ConfUtils.java:logGet(46)) - raft.netty.dataStream.server.worker-group.size = 0 (default)
2023-05-31 22:57:34,128 [main] INFO  netty.NettyConfigKeys$DataStream (ConfUtils.java:logGet(46)) - raft.netty.dataStream.server.tls.conf = null (default)
2023-05-31 22:57:34,128 [main] INFO  netty.NettyConfigKeys$DataStream (ConfUtils.java:logGet(46)) - raft.netty.dataStream.host = null (default)
2023-05-31 22:57:34,128 [main] INFO  netty.NettyConfigKeys$DataStream (ConfUtils.java:logGet(46)) - raft.netty.dataStream.port = 15051 (custom)
2023-05-31 22:57:34,129 [main] INFO  server.RaftServerConfigKeys (ConfUtils.java:logGet(46)) - raft.server.threadpool.proxy.cached = true (default)
2023-05-31 22:57:34,129 [main] INFO  server.RaftServerConfigKeys (ConfUtils.java:logGet(46)) - raft.server.threadpool.proxy.size = 0 (default)
2023-05-31 22:57:34,129 [main] INFO  server.RaftServerConfigKeys (ConfUtils.java:logGet(46)) - raft.server.rpc.slowness.timeout = 300s (custom)
2023-05-31 22:57:34,130 [main] INFO  server.RaftServerConfigKeys (ConfUtils.java:logGet(46)) - raft.server.leaderelection.leader.step-down.wait-time = 10s (default)
2023-05-31 22:57:34,130 [main] INFO  server.RaftServerConfigKeys (ConfUtils.java:logGet(46)) - raft.server.storage.dir = [/home/runner/work/ozone/ozone/hadoop-ozone/integration-test/target/test-dir/MiniOzoneClusterImpl-816a41a7-5c89-4e8c-81ba-db0c8b26fb2d/datanode-4/data/ratis] (custom)
2023-05-31 22:57:34,134 [main] INFO  server.XceiverServerGrpc (XceiverServerGrpc.java:<init>(132)) - GrpcServer channel type EpollServerSocketChannel
2023-05-31 22:57:34,134 [9d40cccf-8c3a-4da2-ab03-ca5c7975d909-NettyServerStreamRpc-bossGroup--thread1] INFO  logging.LoggingHandler (AbstractInternalLogger.java:log(148)) - [id: 0x6906a5fb] REGISTERED
2023-05-31 22:57:34,134 [9d40cccf-8c3a-4da2-ab03-ca5c7975d909-NettyServerStreamRpc-bossGroup--thread1] INFO  logging.LoggingHandler (AbstractInternalLogger.java:log(148)) - [id: 0x6906a5fb] BIND: 0.0.0.0/0.0.0.0:15051
2023-05-31 22:57:34,134 [9d40cccf-8c3a-4da2-ab03-ca5c7975d909-NettyServerStreamRpc-bossGroup--thread1] INFO  logging.LoggingHandler (AbstractInternalLogger.java:log(148)) - [id: 0x6906a5fb, L:/0:0:0:0:0:0:0:0:15051] ACTIVE
2023-05-31 22:57:34,136 [main] INFO  replication.ReplicationSupervisor (ReplicationSupervisor.java:nodeStateUpdated(296)) - Node state updated to IN_SERVICE, scaling executor pool size to 10
2023-05-31 22:57:34,142 [main] INFO  http.BaseHttpServer (BaseHttpServer.java:newHttpServer2BuilderForOzone(224)) - Starting Web-server for hddsDatanode at: http://0.0.0.0:15045
2023-05-31 22:57:34,142 [main] INFO  http.BaseHttpServer (BaseHttpServer.java:<init>(111)) - Hadoop Security Enabled: false Ozone Security Enabled: false Ozone HTTP Security Enabled: false 
2023-05-31 22:57:34,143 [main] WARN  server.AuthenticationFilter (AuthenticationFilter.java:constructSecretProvider(240)) - Unable to initialize FileSignerSecretProvider, falling back to use random secrets. Reason: Could not read signature secret file: /home/runner/hadoop-http-auth-signature-secret
2023-05-31 22:57:34,144 [main] INFO  http.HttpRequestLog (HttpRequestLog.java:getRequestLog(86)) - Http request log for http.requests.hddsDatanode is not defined
2023-05-31 22:57:34,146 [main] INFO  http.HttpServer2 (HttpServer2.java:addGlobalFilter(1031)) - Added global filter 'safety' (class=org.apache.hadoop.hdds.server.http.HttpServer2$QuotingInputFilter)
2023-05-31 22:57:34,147 [main] INFO  http.HttpServer2 (HttpServer2.java:addFilter(1007)) - Added filter static_user_filter (class=org.apache.hadoop.http.lib.StaticUserWebFilter$StaticUserFilter) to context hddsDatanode
2023-05-31 22:57:34,147 [main] INFO  http.HttpServer2 (HttpServer2.java:addFilter(1015)) - Added filter static_user_filter (class=org.apache.hadoop.http.lib.StaticUserWebFilter$StaticUserFilter) to context static
2023-05-31 22:57:34,147 [main] INFO  http.HttpServer2 (HttpServer2.java:addFilter(1015)) - Added filter static_user_filter (class=org.apache.hadoop.http.lib.StaticUserWebFilter$StaticUserFilter) to context logs
2023-05-31 22:57:34,148 [main] INFO  http.BaseHttpServer (BaseHttpServer.java:<init>(190)) - HTTP server of hddsDatanode uses base directory /home/runner/work/ozone/ozone/hadoop-ozone/integration-test/target/test-dir/MiniOzoneClusterImpl-816a41a7-5c89-4e8c-81ba-db0c8b26fb2d/datanode-4/meta/webserver
2023-05-31 22:57:34,149 [main] INFO  http.HttpServer2 (HttpServer2.java:bindListener(1250)) - Jetty bound to port 15045
2023-05-31 22:57:34,149 [main] INFO  server.Server (Server.java:doStart(375)) - jetty-9.4.51.v20230217; built: 2023-02-17T08:19:37.309Z; git: b45c405e4544384de066f814ed42ae3dceacdd49; jvm 1.8.0_362-b09
2023-05-31 22:57:34,150 [main] INFO  server.session (DefaultSessionIdManager.java:doStart(334)) - DefaultSessionIdManager workerName=node0
2023-05-31 22:57:34,150 [main] INFO  server.session (DefaultSessionIdManager.java:doStart(339)) - No SessionScavenger set, using defaults
2023-05-31 22:57:34,151 [main] INFO  server.session (HouseKeeper.java:startScavenging(132)) - node0 Scavenging every 600000ms
2023-05-31 22:57:34,152 [main] INFO  handler.ContextHandler (ContextHandler.java:doStart(921)) - Started o.e.j.s.ServletContextHandler@4ddbfab2{logs,/logs,file:///home/runner/work/ozone/ozone/hadoop-ozone/integration-test/target/log,AVAILABLE}
2023-05-31 22:57:34,152 [main] INFO  handler.ContextHandler (ContextHandler.java:doStart(921)) - Started o.e.j.s.ServletContextHandler@7391fee4{static,/static,jar:file:/home/runner/.m2/repository/org/apache/ozone/hdds-container-service/1.4.0-SNAPSHOT/hdds-container-service-1.4.0-SNAPSHOT.jar!/webapps/static,AVAILABLE}
2023-05-31 22:57:34,395 [main] INFO  handler.ContextHandler (ContextHandler.java:doStart(921)) - Started o.e.j.w.WebAppContext@6c9837e0{hddsDatanode,/,file:///home/runner/work/ozone/ozone/hadoop-ozone/integration-test/target/test-dir/MiniOzoneClusterImpl-816a41a7-5c89-4e8c-81ba-db0c8b26fb2d/datanode-4/meta/webserver/jetty-0_0_0_0-15045-hdds-container-service-1_4_0-SNAPSHOT_jar-_-any-2041766540439813169/webapp/,AVAILABLE}{jar:file:/home/runner/.m2/repository/org/apache/ozone/hdds-container-service/1.4.0-SNAPSHOT/hdds-container-service-1.4.0-SNAPSHOT.jar!/webapps/hddsDatanode}
2023-05-31 22:57:34,397 [main] INFO  server.AbstractConnector (AbstractConnector.java:doStart(333)) - Started ServerConnector@4cf32e16{HTTP/1.1, (http/1.1)}{0.0.0.0:15045}
2023-05-31 22:57:34,397 [main] INFO  server.Server (Server.java:doStart(415)) - Started @12677ms
2023-05-31 22:57:34,397 [main] WARN  impl.MetricsSystemImpl (MetricsSystemImpl.java:register(279)) - Sink prometheus already exists!
2023-05-31 22:57:34,398 [main] INFO  http.BaseHttpServer (BaseHttpServer.java:updateConnectorAddress(344)) - HTTP server of hddsDatanode listening at http://0.0.0.0:15045
2023-05-31 22:57:34,398 [main] INFO  ipc.CallQueueManager (CallQueueManager.java:<init>(90)) - Using callQueue: class java.util.concurrent.LinkedBlockingQueue, queueCapacity: 100, scheduler: class org.apache.hadoop.ipc.DefaultRpcScheduler, ipcBackoff: false.
2023-05-31 22:57:34,399 [Socket Reader #1 for port 15046] INFO  ipc.Server (Server.java:run(1319)) - Starting Socket Reader #1 for port 15046
2023-05-31 22:57:34,402 [Listener at 0.0.0.0/15046] INFO  hdds.HddsUtils (HddsUtils.java:preserveThreadName(843)) - Restoring thread name: main
2023-05-31 22:57:34,403 [main] INFO  ozone.HddsDatanodeService (HddsDatanodeService.java:start(337)) - Datanode start with admins: [runner]
2023-05-31 22:57:34,403 [main] INFO  ozone.HddsDatanodeClientProtocolServer (HddsDatanodeClientProtocolServer.java:start(83)) - RPC server for Client /0.0.0.0:15046
2023-05-31 22:57:34,403 [IPC Server Responder] INFO  ipc.Server (Server.java:run(1558)) - IPC Server Responder: starting
2023-05-31 22:57:34,404 [Datanode State Machine Daemon Thread] INFO  statemachine.DatanodeStateMachine (DatanodeStateMachine.java:lambda$startDaemon$0(537)) - Ozone container server started.
2023-05-31 22:57:34,404 [main] WARN  impl.MetricRegistriesImpl (MetricRegistriesImpl.java:addReporterRegistration(111)) - New reporters are added after registries were created. Some metrics will be missing from the reporter. Please add reporter before adding any new registry.
2023-05-31 22:57:34,404 [main] WARN  impl.MetricRegistriesImpl (MetricRegistriesImpl.java:addReporterRegistration(111)) - New reporters are added after registries were created. Some metrics will be missing from the reporter. Please add reporter before adding any new registry.
2023-05-31 22:57:34,404 [main] INFO  impl.MetricsSystemImpl (MetricsSystemImpl.java:init(158)) - HddsDatanode metrics system started (again)
2023-05-31 22:57:34,415 [IPC Server listener on 15046] INFO  ipc.Server (Server.java:run(1398)) - IPC Server listener on 15046: starting
2023-05-31 22:57:34,440 [org.apache.hadoop.util.JvmPauseMonitor$Monitor@72359335] INFO  util.JvmPauseMonitor (JvmPauseMonitor.java:run(188)) - Starting JVM pause monitor
2023-05-31 22:57:34,444 [Datanode State Machine Task Thread - 0] INFO  datanode.InitDatanodeState (InitDatanodeState.java:persistContainerDatanodeDetails(138)) - DatanodeDetails is persisted to /home/runner/work/ozone/ozone/hadoop-ozone/integration-test/target/test-dir/MiniOzoneClusterImpl-816a41a7-5c89-4e8c-81ba-db0c8b26fb2d/datanode-4/meta/datanode.id
2023-05-31 22:57:34,448 [main] INFO  ozone.HddsDatanodeService (HddsDatanodeService.java:start(264)) - HddsDatanodeService host:fv-az844-56.kvdfyhrxhd0epk3sa4trub4njc.xx.internal.cloudapp.net ip:10.1.0.15
2023-05-31 22:57:34,497 [main] INFO  upgrade.AbstractLayoutVersionManager (AbstractLayoutVersionManager.java:init(83)) - Initializing Layout version manager with metadata layout = HADOOP_PRC_PORTS_IN_DATANODEDETAILS (version = 7), software layout = HADOOP_PRC_PORTS_IN_DATANODEDETAILS (version = 7)
2023-05-31 22:57:34,499 [main] INFO  statemachine.DatanodeStateMachine (DatanodeStateMachine.java:getEndPointTaskThreadPoolSize(275)) - Datanode State Machine Task Thread Pool size 2
2023-05-31 22:57:34,502 [main] INFO  volume.HddsVolume (HddsVolume.java:<init>(130)) - Creating HddsVolume: /home/runner/work/ozone/ozone/hadoop-ozone/integration-test/target/test-dir/MiniOzoneClusterImpl-816a41a7-5c89-4e8c-81ba-db0c8b26fb2d/datanode-5/data-0/containers/hdds of storage type : DISK capacity : 9223372036854775807
2023-05-31 22:57:34,503 [main] INFO  volume.MutableVolumeSet (MutableVolumeSet.java:initializeVolumeSet(175)) - Added Volume : /home/runner/work/ozone/ozone/hadoop-ozone/integration-test/target/test-dir/MiniOzoneClusterImpl-816a41a7-5c89-4e8c-81ba-db0c8b26fb2d/datanode-5/data-0/containers/hdds to VolumeSet
2023-05-31 22:57:34,503 [main] INFO  volume.ThrottledAsyncChecker (ThrottledAsyncChecker.java:schedule(141)) - Scheduling a check for /home/runner/work/ozone/ozone/hadoop-ozone/integration-test/target/test-dir/MiniOzoneClusterImpl-816a41a7-5c89-4e8c-81ba-db0c8b26fb2d/datanode-5/data-0/containers/hdds
2023-05-31 22:57:34,506 [main] INFO  volume.StorageVolumeChecker (StorageVolumeChecker.java:checkAllVolumes(202)) - Scheduled health check for volume /home/runner/work/ozone/ozone/hadoop-ozone/integration-test/target/test-dir/MiniOzoneClusterImpl-816a41a7-5c89-4e8c-81ba-db0c8b26fb2d/datanode-5/data-0/containers/hdds
2023-05-31 22:57:34,521 [main] INFO  volume.MutableVolumeSet (MutableVolumeSet.java:initializeVolumeSet(175)) - Added Volume : /home/runner/work/ozone/ozone/hadoop-ozone/integration-test/target/test-dir/MiniOzoneClusterImpl-816a41a7-5c89-4e8c-81ba-db0c8b26fb2d/datanode-5/data/ratis to VolumeSet
2023-05-31 22:57:34,521 [main] INFO  volume.ThrottledAsyncChecker (ThrottledAsyncChecker.java:schedule(141)) - Scheduling a check for /home/runner/work/ozone/ozone/hadoop-ozone/integration-test/target/test-dir/MiniOzoneClusterImpl-816a41a7-5c89-4e8c-81ba-db0c8b26fb2d/datanode-5/data/ratis
2023-05-31 22:57:34,521 [main] INFO  volume.StorageVolumeChecker (StorageVolumeChecker.java:checkAllVolumes(202)) - Scheduled health check for volume /home/runner/work/ozone/ozone/hadoop-ozone/integration-test/target/test-dir/MiniOzoneClusterImpl-816a41a7-5c89-4e8c-81ba-db0c8b26fb2d/datanode-5/data/ratis
2023-05-31 22:57:34,538 [Thread-233] INFO  ozoneimpl.ContainerReader (ContainerReader.java:readVolume(175)) - Finish verifying containers on volume /home/runner/work/ozone/ozone/hadoop-ozone/integration-test/target/test-dir/MiniOzoneClusterImpl-816a41a7-5c89-4e8c-81ba-db0c8b26fb2d/datanode-5/data-0/containers/hdds
2023-05-31 22:57:34,539 [main] INFO  ozoneimpl.OzoneContainer (OzoneContainer.java:buildContainerSet(303)) - Build ContainerSet costs 0s
2023-05-31 22:57:34,543 [main] INFO  server.RaftServer (ConfUtils.java:logGet(46)) - raft.rpc.type = GRPC (default)
2023-05-31 22:57:34,543 [main] INFO  grpc.GrpcConfigKeys (ConfUtils.java:logFallback(53)) - raft.grpc.admin.host = null (fallback to raft.grpc.server.host)
2023-05-31 22:57:34,543 [main] INFO  grpc.GrpcConfigKeys (ConfUtils.java:logGet(46)) - raft.grpc.admin.port = 15058 (custom)
2023-05-31 22:57:34,544 [main] INFO  grpc.GrpcConfigKeys (ConfUtils.java:logFallback(53)) - raft.grpc.client.host = null (fallback to raft.grpc.server.host)
2023-05-31 22:57:34,544 [main] INFO  grpc.GrpcConfigKeys (ConfUtils.java:logGet(46)) - raft.grpc.client.port = 15057 (custom)
2023-05-31 22:57:34,544 [main] INFO  grpc.GrpcConfigKeys (ConfUtils.java:logGet(46)) - raft.grpc.server.host = null (default)
2023-05-31 22:57:34,544 [main] INFO  grpc.GrpcConfigKeys (ConfUtils.java:logGet(46)) - raft.grpc.server.port = 15059 (custom)
2023-05-31 22:57:34,544 [main] INFO  server.GrpcService (ConfUtils.java:logGet(46)) - raft.grpc.message.size.max = 32MB (=33554432) (custom)
2023-05-31 22:57:34,545 [main] INFO  server.RaftServerConfigKeys (ConfUtils.java:logGet(46)) - raft.server.log.appender.buffer.byte-limit = 33554432 (custom)
2023-05-31 22:57:34,545 [main] INFO  server.GrpcService (ConfUtils.java:logGet(46)) - raft.grpc.flow.control.window = 5MB (=5242880) (custom)
2023-05-31 22:57:34,545 [main] INFO  server.RaftServerConfigKeys (ConfUtils.java:logGet(46)) - raft.server.rpc.request.timeout = 60s (custom)
2023-05-31 22:57:34,545 [main] INFO  grpc.GrpcConfigKeys (ConfUtils.java:logGet(46)) - raft.grpc.server.heartbeat.channel = true (default)
2023-05-31 22:57:34,545 [main] INFO  grpc.GrpcConfigKeys (ConfUtils.java:logGet(46)) - raft.grpc.server.async.request.thread.pool.cached = true (default)
2023-05-31 22:57:34,546 [main] INFO  grpc.GrpcConfigKeys (ConfUtils.java:logGet(46)) - raft.grpc.server.async.request.thread.pool.size = 32 (default)
2023-05-31 22:57:34,549 [main] INFO  impl.DataStreamServerImpl (ConfUtils.java:logGet(46)) - raft.datastream.type = NETTY (custom)
2023-05-31 22:57:34,549 [main] INFO  server.RaftServerConfigKeys (ConfUtils.java:logGet(46)) - raft.server.data-stream.async.request.thread.pool.cached = false (default)
2023-05-31 22:57:34,549 [main] INFO  server.RaftServerConfigKeys (ConfUtils.java:logGet(46)) - raft.server.data-stream.async.request.thread.pool.size = 20 (custom)
2023-05-31 22:57:34,549 [main] INFO  server.RaftServerConfigKeys (ConfUtils.java:logGet(46)) - raft.server.data-stream.async.write.thread.pool.size = 16 (default)
2023-05-31 22:57:34,550 [main] INFO  server.RaftServerConfigKeys (ConfUtils.java:logGet(46)) - raft.server.data-stream.client.pool.size = 10 (default)
2023-05-31 22:57:34,550 [main] INFO  netty.NettyConfigKeys$DataStream (ConfUtils.java:logGet(46)) - raft.netty.dataStream.server.use-epoll = false (default)
2023-05-31 22:57:34,550 [main] INFO  netty.NettyConfigKeys$DataStream (ConfUtils.java:logGet(46)) - raft.netty.dataStream.server.boss-group.size = 0 (default)
2023-05-31 22:57:34,551 [main] INFO  netty.NettyConfigKeys$DataStream (ConfUtils.java:logGet(46)) - raft.netty.dataStream.server.worker-group.size = 0 (default)
2023-05-31 22:57:34,551 [main] INFO  netty.NettyConfigKeys$DataStream (ConfUtils.java:logGet(46)) - raft.netty.dataStream.server.tls.conf = null (default)
2023-05-31 22:57:34,551 [main] INFO  netty.NettyConfigKeys$DataStream (ConfUtils.java:logGet(46)) - raft.netty.dataStream.host = null (default)
2023-05-31 22:57:34,552 [main] INFO  netty.NettyConfigKeys$DataStream (ConfUtils.java:logGet(46)) - raft.netty.dataStream.port = 15060 (custom)
2023-05-31 22:57:34,554 [main] INFO  server.RaftServerConfigKeys (ConfUtils.java:logGet(46)) - raft.server.threadpool.proxy.cached = true (default)
2023-05-31 22:57:34,554 [main] INFO  server.RaftServerConfigKeys (ConfUtils.java:logGet(46)) - raft.server.threadpool.proxy.size = 0 (default)
2023-05-31 22:57:34,554 [main] INFO  server.RaftServerConfigKeys (ConfUtils.java:logGet(46)) - raft.server.rpc.slowness.timeout = 300s (custom)
2023-05-31 22:57:34,554 [main] INFO  server.RaftServerConfigKeys (ConfUtils.java:logGet(46)) - raft.server.leaderelection.leader.step-down.wait-time = 10s (default)
2023-05-31 22:57:34,555 [main] INFO  server.RaftServerConfigKeys (ConfUtils.java:logGet(46)) - raft.server.storage.dir = [/home/runner/work/ozone/ozone/hadoop-ozone/integration-test/target/test-dir/MiniOzoneClusterImpl-816a41a7-5c89-4e8c-81ba-db0c8b26fb2d/datanode-5/data/ratis] (custom)
2023-05-31 22:57:34,568 [main] INFO  server.XceiverServerGrpc (XceiverServerGrpc.java:<init>(132)) - GrpcServer channel type EpollServerSocketChannel
2023-05-31 22:57:34,571 [83cc0f91-5896-42fb-be30-113915710489-NettyServerStreamRpc-bossGroup--thread1] INFO  logging.LoggingHandler (AbstractInternalLogger.java:log(148)) - [id: 0xd80c4e27] REGISTERED
2023-05-31 22:57:34,572 [83cc0f91-5896-42fb-be30-113915710489-NettyServerStreamRpc-bossGroup--thread1] INFO  logging.LoggingHandler (AbstractInternalLogger.java:log(148)) - [id: 0xd80c4e27] BIND: 0.0.0.0/0.0.0.0:15060
2023-05-31 22:57:34,572 [83cc0f91-5896-42fb-be30-113915710489-NettyServerStreamRpc-bossGroup--thread1] INFO  logging.LoggingHandler (AbstractInternalLogger.java:log(148)) - [id: 0xd80c4e27, L:/0:0:0:0:0:0:0:0:15060] ACTIVE
2023-05-31 22:57:34,573 [main] INFO  replication.ReplicationSupervisor (ReplicationSupervisor.java:nodeStateUpdated(296)) - Node state updated to IN_SERVICE, scaling executor pool size to 10
2023-05-31 22:57:34,575 [main] INFO  http.BaseHttpServer (BaseHttpServer.java:newHttpServer2BuilderForOzone(224)) - Starting Web-server for hddsDatanode at: http://0.0.0.0:15054
2023-05-31 22:57:34,575 [main] INFO  http.BaseHttpServer (BaseHttpServer.java:<init>(111)) - Hadoop Security Enabled: false Ozone Security Enabled: false Ozone HTTP Security Enabled: false 
2023-05-31 22:57:34,577 [main] WARN  server.AuthenticationFilter (AuthenticationFilter.java:constructSecretProvider(240)) - Unable to initialize FileSignerSecretProvider, falling back to use random secrets. Reason: Could not read signature secret file: /home/runner/hadoop-http-auth-signature-secret
2023-05-31 22:57:34,579 [main] INFO  http.HttpRequestLog (HttpRequestLog.java:getRequestLog(86)) - Http request log for http.requests.hddsDatanode is not defined
2023-05-31 22:57:34,582 [main] INFO  http.HttpServer2 (HttpServer2.java:addGlobalFilter(1031)) - Added global filter 'safety' (class=org.apache.hadoop.hdds.server.http.HttpServer2$QuotingInputFilter)
2023-05-31 22:57:34,604 [main] INFO  http.HttpServer2 (HttpServer2.java:addFilter(1007)) - Added filter static_user_filter (class=org.apache.hadoop.http.lib.StaticUserWebFilter$StaticUserFilter) to context hddsDatanode
2023-05-31 22:57:34,604 [main] INFO  http.HttpServer2 (HttpServer2.java:addFilter(1015)) - Added filter static_user_filter (class=org.apache.hadoop.http.lib.StaticUserWebFilter$StaticUserFilter) to context static
2023-05-31 22:57:34,604 [main] INFO  http.HttpServer2 (HttpServer2.java:addFilter(1015)) - Added filter static_user_filter (class=org.apache.hadoop.http.lib.StaticUserWebFilter$StaticUserFilter) to context logs
2023-05-31 22:57:34,605 [main] INFO  http.BaseHttpServer (BaseHttpServer.java:<init>(190)) - HTTP server of hddsDatanode uses base directory /home/runner/work/ozone/ozone/hadoop-ozone/integration-test/target/test-dir/MiniOzoneClusterImpl-816a41a7-5c89-4e8c-81ba-db0c8b26fb2d/datanode-5/meta/webserver
2023-05-31 22:57:34,605 [main] INFO  http.HttpServer2 (HttpServer2.java:bindListener(1250)) - Jetty bound to port 15054
2023-05-31 22:57:34,605 [main] INFO  server.Server (Server.java:doStart(375)) - jetty-9.4.51.v20230217; built: 2023-02-17T08:19:37.309Z; git: b45c405e4544384de066f814ed42ae3dceacdd49; jvm 1.8.0_362-b09
2023-05-31 22:57:34,609 [main] INFO  server.session (DefaultSessionIdManager.java:doStart(334)) - DefaultSessionIdManager workerName=node0
2023-05-31 22:57:34,609 [main] INFO  server.session (DefaultSessionIdManager.java:doStart(339)) - No SessionScavenger set, using defaults
2023-05-31 22:57:34,610 [main] INFO  server.session (HouseKeeper.java:startScavenging(132)) - node0 Scavenging every 660000ms
2023-05-31 22:57:34,611 [main] INFO  handler.ContextHandler (ContextHandler.java:doStart(921)) - Started o.e.j.s.ServletContextHandler@2f6a0f9c{logs,/logs,file:///home/runner/work/ozone/ozone/hadoop-ozone/integration-test/target/log,AVAILABLE}
2023-05-31 22:57:34,612 [main] INFO  handler.ContextHandler (ContextHandler.java:doStart(921)) - Started o.e.j.s.ServletContextHandler@4d9fa6ba{static,/static,jar:file:/home/runner/.m2/repository/org/apache/ozone/hdds-container-service/1.4.0-SNAPSHOT/hdds-container-service-1.4.0-SNAPSHOT.jar!/webapps/static,AVAILABLE}
2023-05-31 22:57:34,879 [main] INFO  handler.ContextHandler (ContextHandler.java:doStart(921)) - Started o.e.j.w.WebAppContext@568bac83{hddsDatanode,/,file:///home/runner/work/ozone/ozone/hadoop-ozone/integration-test/target/test-dir/MiniOzoneClusterImpl-816a41a7-5c89-4e8c-81ba-db0c8b26fb2d/datanode-5/meta/webserver/jetty-0_0_0_0-15054-hdds-container-service-1_4_0-SNAPSHOT_jar-_-any-7587365072134842727/webapp/,AVAILABLE}{jar:file:/home/runner/.m2/repository/org/apache/ozone/hdds-container-service/1.4.0-SNAPSHOT/hdds-container-service-1.4.0-SNAPSHOT.jar!/webapps/hddsDatanode}
2023-05-31 22:57:34,881 [main] INFO  server.AbstractConnector (AbstractConnector.java:doStart(333)) - Started ServerConnector@3f88de11{HTTP/1.1, (http/1.1)}{0.0.0.0:15054}
2023-05-31 22:57:34,881 [main] INFO  server.Server (Server.java:doStart(415)) - Started @13161ms
2023-05-31 22:57:34,881 [main] WARN  impl.MetricsSystemImpl (MetricsSystemImpl.java:register(279)) - Sink prometheus already exists!
2023-05-31 22:57:34,882 [main] INFO  http.BaseHttpServer (BaseHttpServer.java:updateConnectorAddress(344)) - HTTP server of hddsDatanode listening at http://0.0.0.0:15054
2023-05-31 22:57:34,882 [main] INFO  ipc.CallQueueManager (CallQueueManager.java:<init>(90)) - Using callQueue: class java.util.concurrent.LinkedBlockingQueue, queueCapacity: 100, scheduler: class org.apache.hadoop.ipc.DefaultRpcScheduler, ipcBackoff: false.
2023-05-31 22:57:34,883 [Socket Reader #1 for port 15055] INFO  ipc.Server (Server.java:run(1319)) - Starting Socket Reader #1 for port 15055
2023-05-31 22:57:34,890 [Listener at 0.0.0.0/15055] INFO  hdds.HddsUtils (HddsUtils.java:preserveThreadName(843)) - Restoring thread name: main
2023-05-31 22:57:34,890 [main] INFO  ozone.HddsDatanodeService (HddsDatanodeService.java:start(337)) - Datanode start with admins: [runner]
2023-05-31 22:57:34,890 [main] INFO  ozone.HddsDatanodeClientProtocolServer (HddsDatanodeClientProtocolServer.java:start(83)) - RPC server for Client /0.0.0.0:15055
2023-05-31 22:57:34,891 [IPC Server Responder] INFO  ipc.Server (Server.java:run(1558)) - IPC Server Responder: starting
2023-05-31 22:57:34,891 [IPC Server listener on 15055] INFO  ipc.Server (Server.java:run(1398)) - IPC Server listener on 15055: starting
2023-05-31 22:57:34,894 [main] WARN  impl.MetricRegistriesImpl (MetricRegistriesImpl.java:addReporterRegistration(111)) - New reporters are added after registries were created. Some metrics will be missing from the reporter. Please add reporter before adding any new registry.
2023-05-31 22:57:34,894 [main] WARN  impl.MetricRegistriesImpl (MetricRegistriesImpl.java:addReporterRegistration(111)) - New reporters are added after registries were created. Some metrics will be missing from the reporter. Please add reporter before adding any new registry.
2023-05-31 22:57:34,894 [main] INFO  impl.MetricsSystemImpl (MetricsSystemImpl.java:init(158)) - HddsDatanode metrics system started (again)
2023-05-31 22:57:34,902 [Datanode State Machine Daemon Thread] INFO  statemachine.DatanodeStateMachine (DatanodeStateMachine.java:lambda$startDaemon$0(537)) - Ozone container server started.
2023-05-31 22:57:34,924 [main] INFO  ozone.HddsDatanodeService (HddsDatanodeService.java:start(264)) - HddsDatanodeService host:fv-az844-56.kvdfyhrxhd0epk3sa4trub4njc.xx.internal.cloudapp.net ip:10.1.0.15
2023-05-31 22:57:34,925 [org.apache.hadoop.util.JvmPauseMonitor$Monitor@3be1e129] INFO  util.JvmPauseMonitor (JvmPauseMonitor.java:run(188)) - Starting JVM pause monitor
2023-05-31 22:57:34,944 [Datanode State Machine Task Thread - 0] INFO  datanode.InitDatanodeState (InitDatanodeState.java:persistContainerDatanodeDetails(138)) - DatanodeDetails is persisted to /home/runner/work/ozone/ozone/hadoop-ozone/integration-test/target/test-dir/MiniOzoneClusterImpl-816a41a7-5c89-4e8c-81ba-db0c8b26fb2d/datanode-5/meta/datanode.id
2023-05-31 22:57:34,952 [EndpointStateMachine task thread for /0.0.0.0:15002 - 0 ] INFO  utils.DatanodeStoreCache (DatanodeStoreCache.java:addDB(66)) - Added db /home/runner/work/ozone/ozone/hadoop-ozone/integration-test/target/test-dir/MiniOzoneClusterImpl-816a41a7-5c89-4e8c-81ba-db0c8b26fb2d/datanode-0/data-0/containers/hdds/816a41a7-5c89-4e8c-81ba-db0c8b26fb2d/DS-17634ea5-e134-4e5c-aff2-01820834ed51/container.db to cache
2023-05-31 22:57:34,952 [EndpointStateMachine task thread for /0.0.0.0:15002 - 0 ] INFO  volume.HddsVolume (HddsVolume.java:createDbStore(350)) - SchemaV3 db is created and loaded at /home/runner/work/ozone/ozone/hadoop-ozone/integration-test/target/test-dir/MiniOzoneClusterImpl-816a41a7-5c89-4e8c-81ba-db0c8b26fb2d/datanode-0/data-0/containers/hdds/816a41a7-5c89-4e8c-81ba-db0c8b26fb2d/DS-17634ea5-e134-4e5c-aff2-01820834ed51/container.db for volume DS-17634ea5-e134-4e5c-aff2-01820834ed51
2023-05-31 22:57:34,955 [EndpointStateMachine task thread for /0.0.0.0:15002 - 0 ] INFO  ozoneimpl.OzoneContainer (OzoneContainer.java:start(398)) - Attempting to start container services.
2023-05-31 22:57:34,961 [EndpointStateMachine task thread for /0.0.0.0:15002 - 0 ] INFO  ozoneimpl.OzoneContainer (OzoneContainer.java:startContainerScrub(314)) - Scheduled background container scanners and the on-demand container scanner have been disabled.
2023-05-31 22:57:34,966 [EndpointStateMachine task thread for /0.0.0.0:15002 - 0 ] INFO  replication.ReplicationServer (ReplicationServer.java:start(128)) - ReplicationServer is started using port 15016
2023-05-31 22:57:34,966 [EndpointStateMachine task thread for /0.0.0.0:15002 - 0 ] INFO  ratis.XceiverServerRatis (XceiverServerRatis.java:start(517)) - Starting XceiverServerRatis 9a93b867-0c49-44e3-a75c-2e530498b118
2023-05-31 22:57:34,969 [main] INFO  upgrade.AbstractLayoutVersionManager (AbstractLayoutVersionManager.java:init(83)) - Initializing Layout version manager with metadata layout = HADOOP_PRC_PORTS_IN_DATANODEDETAILS (version = 7), software layout = HADOOP_PRC_PORTS_IN_DATANODEDETAILS (version = 7)
2023-05-31 22:57:34,970 [main] INFO  statemachine.DatanodeStateMachine (DatanodeStateMachine.java:getEndPointTaskThreadPoolSize(275)) - Datanode State Machine Task Thread Pool size 2
2023-05-31 22:57:34,975 [main] INFO  volume.HddsVolume (HddsVolume.java:<init>(130)) - Creating HddsVolume: /home/runner/work/ozone/ozone/hadoop-ozone/integration-test/target/test-dir/MiniOzoneClusterImpl-816a41a7-5c89-4e8c-81ba-db0c8b26fb2d/datanode-6/data-0/containers/hdds of storage type : DISK capacity : 9223372036854775807
2023-05-31 22:57:34,975 [main] INFO  volume.MutableVolumeSet (MutableVolumeSet.java:initializeVolumeSet(175)) - Added Volume : /home/runner/work/ozone/ozone/hadoop-ozone/integration-test/target/test-dir/MiniOzoneClusterImpl-816a41a7-5c89-4e8c-81ba-db0c8b26fb2d/datanode-6/data-0/containers/hdds to VolumeSet
2023-05-31 22:57:34,975 [main] INFO  volume.ThrottledAsyncChecker (ThrottledAsyncChecker.java:schedule(141)) - Scheduling a check for /home/runner/work/ozone/ozone/hadoop-ozone/integration-test/target/test-dir/MiniOzoneClusterImpl-816a41a7-5c89-4e8c-81ba-db0c8b26fb2d/datanode-6/data-0/containers/hdds
2023-05-31 22:57:34,973 [EndpointStateMachine task thread for /0.0.0.0:15002 - 0 ] INFO  server.RaftServer (RaftServerProxy.java:startImpl(400)) - 9a93b867-0c49-44e3-a75c-2e530498b118: start RPC server
2023-05-31 22:57:34,983 [main] INFO  volume.StorageVolumeChecker (StorageVolumeChecker.java:checkAllVolumes(202)) - Scheduled health check for volume /home/runner/work/ozone/ozone/hadoop-ozone/integration-test/target/test-dir/MiniOzoneClusterImpl-816a41a7-5c89-4e8c-81ba-db0c8b26fb2d/datanode-6/data-0/containers/hdds
2023-05-31 22:57:34,992 [EndpointStateMachine task thread for /0.0.0.0:15002 - 0 ] INFO  server.GrpcService (GrpcService.java:startImpl(302)) - 9a93b867-0c49-44e3-a75c-2e530498b118: GrpcService started, listening on 15012
2023-05-31 22:57:34,997 [EndpointStateMachine task thread for /0.0.0.0:15002 - 0 ] INFO  server.GrpcService (GrpcService.java:startImpl(302)) - 9a93b867-0c49-44e3-a75c-2e530498b118: GrpcService started, listening on 15014
2023-05-31 22:57:35,000 [EndpointStateMachine task thread for /0.0.0.0:15002 - 0 ] INFO  server.GrpcService (GrpcService.java:startImpl(302)) - 9a93b867-0c49-44e3-a75c-2e530498b118: GrpcService started, listening on 15013
2023-05-31 22:57:35,000 [EndpointStateMachine task thread for /0.0.0.0:15002 - 0 ] INFO  ratis.XceiverServerRatis (XceiverServerRatis.java:getRealPort(543)) - XceiverServerRatis 9a93b867-0c49-44e3-a75c-2e530498b118 is started using port 15012 for RATIS
2023-05-31 22:57:35,001 [EndpointStateMachine task thread for /0.0.0.0:15002 - 0 ] INFO  ratis.XceiverServerRatis (XceiverServerRatis.java:getRealPort(543)) - XceiverServerRatis 9a93b867-0c49-44e3-a75c-2e530498b118 is started using port 15013 for RATIS_ADMIN
2023-05-31 22:57:35,001 [EndpointStateMachine task thread for /0.0.0.0:15002 - 0 ] INFO  ratis.XceiverServerRatis (XceiverServerRatis.java:getRealPort(543)) - XceiverServerRatis 9a93b867-0c49-44e3-a75c-2e530498b118 is started using port 15014 for RATIS_SERVER
2023-05-31 22:57:35,001 [EndpointStateMachine task thread for /0.0.0.0:15002 - 0 ] INFO  ratis.XceiverServerRatis (XceiverServerRatis.java:getRealPort(543)) - XceiverServerRatis 9a93b867-0c49-44e3-a75c-2e530498b118 is started using port 15015 for RATIS_DATASTREAM
2023-05-31 22:57:35,000 [JvmPauseMonitor1] INFO  util.JvmPauseMonitor (JvmPauseMonitor.java:run(103)) - JvmPauseMonitor-9a93b867-0c49-44e3-a75c-2e530498b118: Started
2023-05-31 22:57:35,013 [main] INFO  volume.MutableVolumeSet (MutableVolumeSet.java:initializeVolumeSet(175)) - Added Volume : /home/runner/work/ozone/ozone/hadoop-ozone/integration-test/target/test-dir/MiniOzoneClusterImpl-816a41a7-5c89-4e8c-81ba-db0c8b26fb2d/datanode-6/data/ratis to VolumeSet
2023-05-31 22:57:35,015 [main] INFO  volume.ThrottledAsyncChecker (ThrottledAsyncChecker.java:schedule(141)) - Scheduling a check for /home/runner/work/ozone/ozone/hadoop-ozone/integration-test/target/test-dir/MiniOzoneClusterImpl-816a41a7-5c89-4e8c-81ba-db0c8b26fb2d/datanode-6/data/ratis
2023-05-31 22:57:35,016 [main] INFO  volume.StorageVolumeChecker (StorageVolumeChecker.java:checkAllVolumes(202)) - Scheduled health check for volume /home/runner/work/ozone/ozone/hadoop-ozone/integration-test/target/test-dir/MiniOzoneClusterImpl-816a41a7-5c89-4e8c-81ba-db0c8b26fb2d/datanode-6/data/ratis
2023-05-31 22:57:35,034 [BlockDeletingService#0] INFO  interfaces.ContainerDeletionChoosingPolicyTemplate (ContainerDeletionChoosingPolicyTemplate.java:chooseContainerForBlockDeletion(83)) - Chosen 0/5000 blocks from 0 candidate containers.
2023-05-31 22:57:35,040 [Thread-257] INFO  ozoneimpl.ContainerReader (ContainerReader.java:readVolume(175)) - Finish verifying containers on volume /home/runner/work/ozone/ozone/hadoop-ozone/integration-test/target/test-dir/MiniOzoneClusterImpl-816a41a7-5c89-4e8c-81ba-db0c8b26fb2d/datanode-6/data-0/containers/hdds
2023-05-31 22:57:35,040 [main] INFO  ozoneimpl.OzoneContainer (OzoneContainer.java:buildContainerSet(303)) - Build ContainerSet costs 0s
2023-05-31 22:57:35,043 [main] INFO  server.RaftServer (ConfUtils.java:logGet(46)) - raft.rpc.type = GRPC (default)
2023-05-31 22:57:35,043 [main] INFO  grpc.GrpcConfigKeys (ConfUtils.java:logFallback(53)) - raft.grpc.admin.host = null (fallback to raft.grpc.server.host)
2023-05-31 22:57:35,044 [main] INFO  grpc.GrpcConfigKeys (ConfUtils.java:logGet(46)) - raft.grpc.admin.port = 15067 (custom)
2023-05-31 22:57:35,044 [main] INFO  grpc.GrpcConfigKeys (ConfUtils.java:logFallback(53)) - raft.grpc.client.host = null (fallback to raft.grpc.server.host)
2023-05-31 22:57:35,044 [main] INFO  grpc.GrpcConfigKeys (ConfUtils.java:logGet(46)) - raft.grpc.client.port = 15066 (custom)
2023-05-31 22:57:35,044 [main] INFO  grpc.GrpcConfigKeys (ConfUtils.java:logGet(46)) - raft.grpc.server.host = null (default)
2023-05-31 22:57:35,044 [main] INFO  grpc.GrpcConfigKeys (ConfUtils.java:logGet(46)) - raft.grpc.server.port = 15068 (custom)
2023-05-31 22:57:35,045 [main] INFO  server.GrpcService (ConfUtils.java:logGet(46)) - raft.grpc.message.size.max = 32MB (=33554432) (custom)
2023-05-31 22:57:35,045 [main] INFO  server.RaftServerConfigKeys (ConfUtils.java:logGet(46)) - raft.server.log.appender.buffer.byte-limit = 33554432 (custom)
2023-05-31 22:57:35,045 [main] INFO  server.GrpcService (ConfUtils.java:logGet(46)) - raft.grpc.flow.control.window = 5MB (=5242880) (custom)
2023-05-31 22:57:35,045 [main] INFO  server.RaftServerConfigKeys (ConfUtils.java:logGet(46)) - raft.server.rpc.request.timeout = 60s (custom)
2023-05-31 22:57:35,045 [main] INFO  grpc.GrpcConfigKeys (ConfUtils.java:logGet(46)) - raft.grpc.server.heartbeat.channel = true (default)
2023-05-31 22:57:35,046 [main] INFO  grpc.GrpcConfigKeys (ConfUtils.java:logGet(46)) - raft.grpc.server.async.request.thread.pool.cached = true (default)
2023-05-31 22:57:35,046 [main] INFO  grpc.GrpcConfigKeys (ConfUtils.java:logGet(46)) - raft.grpc.server.async.request.thread.pool.size = 32 (default)
2023-05-31 22:57:35,052 [main] INFO  impl.DataStreamServerImpl (ConfUtils.java:logGet(46)) - raft.datastream.type = NETTY (custom)
2023-05-31 22:57:35,053 [main] INFO  server.RaftServerConfigKeys (ConfUtils.java:logGet(46)) - raft.server.data-stream.async.request.thread.pool.cached = false (default)
2023-05-31 22:57:35,053 [main] INFO  server.RaftServerConfigKeys (ConfUtils.java:logGet(46)) - raft.server.data-stream.async.request.thread.pool.size = 20 (custom)
2023-05-31 22:57:35,053 [main] INFO  server.RaftServerConfigKeys (ConfUtils.java:logGet(46)) - raft.server.data-stream.async.write.thread.pool.size = 16 (default)
2023-05-31 22:57:35,053 [main] INFO  server.RaftServerConfigKeys (ConfUtils.java:logGet(46)) - raft.server.data-stream.client.pool.size = 10 (default)
2023-05-31 22:57:35,053 [main] INFO  netty.NettyConfigKeys$DataStream (ConfUtils.java:logGet(46)) - raft.netty.dataStream.server.use-epoll = false (default)
2023-05-31 22:57:35,054 [main] INFO  netty.NettyConfigKeys$DataStream (ConfUtils.java:logGet(46)) - raft.netty.dataStream.server.boss-group.size = 0 (default)
2023-05-31 22:57:35,054 [main] INFO  netty.NettyConfigKeys$DataStream (ConfUtils.java:logGet(46)) - raft.netty.dataStream.server.worker-group.size = 0 (default)
2023-05-31 22:57:35,055 [main] INFO  netty.NettyConfigKeys$DataStream (ConfUtils.java:logGet(46)) - raft.netty.dataStream.server.tls.conf = null (default)
2023-05-31 22:57:35,055 [main] INFO  netty.NettyConfigKeys$DataStream (ConfUtils.java:logGet(46)) - raft.netty.dataStream.host = null (default)
2023-05-31 22:57:35,055 [main] INFO  netty.NettyConfigKeys$DataStream (ConfUtils.java:logGet(46)) - raft.netty.dataStream.port = 15069 (custom)
2023-05-31 22:57:35,056 [main] INFO  server.RaftServerConfigKeys (ConfUtils.java:logGet(46)) - raft.server.threadpool.proxy.cached = true (default)
2023-05-31 22:57:35,056 [main] INFO  server.RaftServerConfigKeys (ConfUtils.java:logGet(46)) - raft.server.threadpool.proxy.size = 0 (default)
2023-05-31 22:57:35,056 [main] INFO  server.RaftServerConfigKeys (ConfUtils.java:logGet(46)) - raft.server.rpc.slowness.timeout = 300s (custom)
2023-05-31 22:57:35,056 [main] INFO  server.RaftServerConfigKeys (ConfUtils.java:logGet(46)) - raft.server.leaderelection.leader.step-down.wait-time = 10s (default)
2023-05-31 22:57:35,057 [main] INFO  server.RaftServerConfigKeys (ConfUtils.java:logGet(46)) - raft.server.storage.dir = [/home/runner/work/ozone/ozone/hadoop-ozone/integration-test/target/test-dir/MiniOzoneClusterImpl-816a41a7-5c89-4e8c-81ba-db0c8b26fb2d/datanode-6/data/ratis] (custom)
2023-05-31 22:57:35,059 [667d9742-fdde-4102-a217-b966604d27c1-NettyServerStreamRpc-bossGroup--thread1] INFO  logging.LoggingHandler (AbstractInternalLogger.java:log(148)) - [id: 0xc7e316f4] REGISTERED
2023-05-31 22:57:35,060 [667d9742-fdde-4102-a217-b966604d27c1-NettyServerStreamRpc-bossGroup--thread1] INFO  logging.LoggingHandler (AbstractInternalLogger.java:log(148)) - [id: 0xc7e316f4] BIND: 0.0.0.0/0.0.0.0:15069
2023-05-31 22:57:35,060 [667d9742-fdde-4102-a217-b966604d27c1-NettyServerStreamRpc-bossGroup--thread1] INFO  logging.LoggingHandler (AbstractInternalLogger.java:log(148)) - [id: 0xc7e316f4, L:/0:0:0:0:0:0:0:0:15069] ACTIVE
2023-05-31 22:57:35,062 [main] INFO  server.XceiverServerGrpc (XceiverServerGrpc.java:<init>(132)) - GrpcServer channel type EpollServerSocketChannel
2023-05-31 22:57:35,065 [main] INFO  replication.ReplicationSupervisor (ReplicationSupervisor.java:nodeStateUpdated(296)) - Node state updated to IN_SERVICE, scaling executor pool size to 10
2023-05-31 22:57:35,075 [main] INFO  http.BaseHttpServer (BaseHttpServer.java:newHttpServer2BuilderForOzone(224)) - Starting Web-server for hddsDatanode at: http://0.0.0.0:15063
2023-05-31 22:57:35,075 [main] INFO  http.BaseHttpServer (BaseHttpServer.java:<init>(111)) - Hadoop Security Enabled: false Ozone Security Enabled: false Ozone HTTP Security Enabled: false 
2023-05-31 22:57:35,077 [main] WARN  server.AuthenticationFilter (AuthenticationFilter.java:constructSecretProvider(240)) - Unable to initialize FileSignerSecretProvider, falling back to use random secrets. Reason: Could not read signature secret file: /home/runner/hadoop-http-auth-signature-secret
2023-05-31 22:57:35,078 [main] INFO  http.HttpRequestLog (HttpRequestLog.java:getRequestLog(86)) - Http request log for http.requests.hddsDatanode is not defined
2023-05-31 22:57:35,080 [main] INFO  http.HttpServer2 (HttpServer2.java:addGlobalFilter(1031)) - Added global filter 'safety' (class=org.apache.hadoop.hdds.server.http.HttpServer2$QuotingInputFilter)
2023-05-31 22:57:35,081 [main] INFO  http.HttpServer2 (HttpServer2.java:addFilter(1007)) - Added filter static_user_filter (class=org.apache.hadoop.http.lib.StaticUserWebFilter$StaticUserFilter) to context hddsDatanode
2023-05-31 22:57:35,081 [main] INFO  http.HttpServer2 (HttpServer2.java:addFilter(1015)) - Added filter static_user_filter (class=org.apache.hadoop.http.lib.StaticUserWebFilter$StaticUserFilter) to context static
2023-05-31 22:57:35,081 [main] INFO  http.HttpServer2 (HttpServer2.java:addFilter(1015)) - Added filter static_user_filter (class=org.apache.hadoop.http.lib.StaticUserWebFilter$StaticUserFilter) to context logs
2023-05-31 22:57:35,082 [main] INFO  http.BaseHttpServer (BaseHttpServer.java:<init>(190)) - HTTP server of hddsDatanode uses base directory /home/runner/work/ozone/ozone/hadoop-ozone/integration-test/target/test-dir/MiniOzoneClusterImpl-816a41a7-5c89-4e8c-81ba-db0c8b26fb2d/datanode-6/meta/webserver
2023-05-31 22:57:35,082 [main] INFO  http.HttpServer2 (HttpServer2.java:bindListener(1250)) - Jetty bound to port 15063
2023-05-31 22:57:35,083 [main] INFO  server.Server (Server.java:doStart(375)) - jetty-9.4.51.v20230217; built: 2023-02-17T08:19:37.309Z; git: b45c405e4544384de066f814ed42ae3dceacdd49; jvm 1.8.0_362-b09
2023-05-31 22:57:35,109 [main] INFO  server.session (DefaultSessionIdManager.java:doStart(334)) - DefaultSessionIdManager workerName=node0
2023-05-31 22:57:35,109 [main] INFO  server.session (DefaultSessionIdManager.java:doStart(339)) - No SessionScavenger set, using defaults
2023-05-31 22:57:35,110 [main] INFO  server.session (HouseKeeper.java:startScavenging(132)) - node0 Scavenging every 600000ms
2023-05-31 22:57:35,110 [main] INFO  handler.ContextHandler (ContextHandler.java:doStart(921)) - Started o.e.j.s.ServletContextHandler@120d4e85{logs,/logs,file:///home/runner/work/ozone/ozone/hadoop-ozone/integration-test/target/log,AVAILABLE}
2023-05-31 22:57:35,111 [main] INFO  handler.ContextHandler (ContextHandler.java:doStart(921)) - Started o.e.j.s.ServletContextHandler@64be10fb{static,/static,jar:file:/home/runner/.m2/repository/org/apache/ozone/hdds-container-service/1.4.0-SNAPSHOT/hdds-container-service-1.4.0-SNAPSHOT.jar!/webapps/static,AVAILABLE}
2023-05-31 22:57:35,294 [EndpointStateMachine task thread for /0.0.0.0:15002 - 0 ] INFO  utils.DatanodeStoreCache (DatanodeStoreCache.java:addDB(66)) - Added db /home/runner/work/ozone/ozone/hadoop-ozone/integration-test/target/test-dir/MiniOzoneClusterImpl-816a41a7-5c89-4e8c-81ba-db0c8b26fb2d/datanode-1/data-0/containers/hdds/816a41a7-5c89-4e8c-81ba-db0c8b26fb2d/DS-f4863b4f-6329-4881-bd41-8ca54ec86969/container.db to cache
2023-05-31 22:57:35,294 [EndpointStateMachine task thread for /0.0.0.0:15002 - 0 ] INFO  volume.HddsVolume (HddsVolume.java:createDbStore(350)) - SchemaV3 db is created and loaded at /home/runner/work/ozone/ozone/hadoop-ozone/integration-test/target/test-dir/MiniOzoneClusterImpl-816a41a7-5c89-4e8c-81ba-db0c8b26fb2d/datanode-1/data-0/containers/hdds/816a41a7-5c89-4e8c-81ba-db0c8b26fb2d/DS-f4863b4f-6329-4881-bd41-8ca54ec86969/container.db for volume DS-f4863b4f-6329-4881-bd41-8ca54ec86969
2023-05-31 22:57:35,296 [EndpointStateMachine task thread for /0.0.0.0:15002 - 0 ] INFO  ozoneimpl.OzoneContainer (OzoneContainer.java:start(398)) - Attempting to start container services.
2023-05-31 22:57:35,296 [EndpointStateMachine task thread for /0.0.0.0:15002 - 0 ] INFO  ozoneimpl.OzoneContainer (OzoneContainer.java:startContainerScrub(314)) - Scheduled background container scanners and the on-demand container scanner have been disabled.
2023-05-31 22:57:35,299 [EndpointStateMachine task thread for /0.0.0.0:15002 - 0 ] INFO  replication.ReplicationServer (ReplicationServer.java:start(128)) - ReplicationServer is started using port 15025
2023-05-31 22:57:35,300 [EndpointStateMachine task thread for /0.0.0.0:15002 - 0 ] INFO  ratis.XceiverServerRatis (XceiverServerRatis.java:start(517)) - Starting XceiverServerRatis 697d5b73-3ed9-4d18-b9d9-ca13a08090ac
2023-05-31 22:57:35,301 [EndpointStateMachine task thread for /0.0.0.0:15002 - 0 ] INFO  server.RaftServer (RaftServerProxy.java:startImpl(400)) - 697d5b73-3ed9-4d18-b9d9-ca13a08090ac: start RPC server
2023-05-31 22:57:35,311 [EndpointStateMachine task thread for /0.0.0.0:15002 - 0 ] INFO  server.GrpcService (GrpcService.java:startImpl(302)) - 697d5b73-3ed9-4d18-b9d9-ca13a08090ac: GrpcService started, listening on 15021
2023-05-31 22:57:35,313 [EndpointStateMachine task thread for /0.0.0.0:15002 - 0 ] INFO  server.GrpcService (GrpcService.java:startImpl(302)) - 697d5b73-3ed9-4d18-b9d9-ca13a08090ac: GrpcService started, listening on 15023
2023-05-31 22:57:35,318 [EndpointStateMachine task thread for /0.0.0.0:15002 - 0 ] INFO  server.GrpcService (GrpcService.java:startImpl(302)) - 697d5b73-3ed9-4d18-b9d9-ca13a08090ac: GrpcService started, listening on 15022
2023-05-31 22:57:35,322 [EndpointStateMachine task thread for /0.0.0.0:15002 - 0 ] INFO  ratis.XceiverServerRatis (XceiverServerRatis.java:getRealPort(543)) - XceiverServerRatis 697d5b73-3ed9-4d18-b9d9-ca13a08090ac is started using port 15021 for RATIS
2023-05-31 22:57:35,322 [EndpointStateMachine task thread for /0.0.0.0:15002 - 0 ] INFO  ratis.XceiverServerRatis (XceiverServerRatis.java:getRealPort(543)) - XceiverServerRatis 697d5b73-3ed9-4d18-b9d9-ca13a08090ac is started using port 15022 for RATIS_ADMIN
2023-05-31 22:57:35,322 [EndpointStateMachine task thread for /0.0.0.0:15002 - 0 ] INFO  ratis.XceiverServerRatis (XceiverServerRatis.java:getRealPort(543)) - XceiverServerRatis 697d5b73-3ed9-4d18-b9d9-ca13a08090ac is started using port 15023 for RATIS_SERVER
2023-05-31 22:57:35,322 [EndpointStateMachine task thread for /0.0.0.0:15002 - 0 ] INFO  ratis.XceiverServerRatis (XceiverServerRatis.java:getRealPort(543)) - XceiverServerRatis 697d5b73-3ed9-4d18-b9d9-ca13a08090ac is started using port 15024 for RATIS_DATASTREAM
2023-05-31 22:57:35,323 [JvmPauseMonitor2] INFO  util.JvmPauseMonitor (JvmPauseMonitor.java:run(103)) - JvmPauseMonitor-697d5b73-3ed9-4d18-b9d9-ca13a08090ac: Started
2023-05-31 22:57:35,339 [BlockDeletingService#0] INFO  interfaces.ContainerDeletionChoosingPolicyTemplate (ContainerDeletionChoosingPolicyTemplate.java:chooseContainerForBlockDeletion(83)) - Chosen 0/5000 blocks from 0 candidate containers.
2023-05-31 22:57:35,378 [main] INFO  handler.ContextHandler (ContextHandler.java:doStart(921)) - Started o.e.j.w.WebAppContext@21a77782{hddsDatanode,/,file:///home/runner/work/ozone/ozone/hadoop-ozone/integration-test/target/test-dir/MiniOzoneClusterImpl-816a41a7-5c89-4e8c-81ba-db0c8b26fb2d/datanode-6/meta/webserver/jetty-0_0_0_0-15063-hdds-container-service-1_4_0-SNAPSHOT_jar-_-any-4110352995736828638/webapp/,AVAILABLE}{jar:file:/home/runner/.m2/repository/org/apache/ozone/hdds-container-service/1.4.0-SNAPSHOT/hdds-container-service-1.4.0-SNAPSHOT.jar!/webapps/hddsDatanode}
2023-05-31 22:57:35,379 [main] INFO  server.AbstractConnector (AbstractConnector.java:doStart(333)) - Started ServerConnector@266d1ac6{HTTP/1.1, (http/1.1)}{0.0.0.0:15063}
2023-05-31 22:57:35,380 [main] INFO  server.Server (Server.java:doStart(415)) - Started @13660ms
2023-05-31 22:57:35,380 [main] WARN  impl.MetricsSystemImpl (MetricsSystemImpl.java:register(279)) - Sink prometheus already exists!
2023-05-31 22:57:35,381 [main] INFO  http.BaseHttpServer (BaseHttpServer.java:updateConnectorAddress(344)) - HTTP server of hddsDatanode listening at http://0.0.0.0:15063
2023-05-31 22:57:35,381 [main] INFO  ipc.CallQueueManager (CallQueueManager.java:<init>(90)) - Using callQueue: class java.util.concurrent.LinkedBlockingQueue, queueCapacity: 100, scheduler: class org.apache.hadoop.ipc.DefaultRpcScheduler, ipcBackoff: false.
2023-05-31 22:57:35,382 [Socket Reader #1 for port 15064] INFO  ipc.Server (Server.java:run(1319)) - Starting Socket Reader #1 for port 15064
2023-05-31 22:57:35,384 [Listener at 0.0.0.0/15064] INFO  hdds.HddsUtils (HddsUtils.java:preserveThreadName(843)) - Restoring thread name: main
2023-05-31 22:57:35,384 [main] INFO  ozone.HddsDatanodeService (HddsDatanodeService.java:start(337)) - Datanode start with admins: [runner]
2023-05-31 22:57:35,384 [main] INFO  ozone.HddsDatanodeClientProtocolServer (HddsDatanodeClientProtocolServer.java:start(83)) - RPC server for Client /0.0.0.0:15064
2023-05-31 22:57:35,386 [IPC Server Responder] INFO  ipc.Server (Server.java:run(1558)) - IPC Server Responder: starting
2023-05-31 22:57:35,387 [IPC Server listener on 15064] INFO  ipc.Server (Server.java:run(1398)) - IPC Server listener on 15064: starting
2023-05-31 22:57:35,387 [main] WARN  impl.MetricRegistriesImpl (MetricRegistriesImpl.java:addReporterRegistration(111)) - New reporters are added after registries were created. Some metrics will be missing from the reporter. Please add reporter before adding any new registry.
2023-05-31 22:57:35,388 [main] WARN  impl.MetricRegistriesImpl (MetricRegistriesImpl.java:addReporterRegistration(111)) - New reporters are added after registries were created. Some metrics will be missing from the reporter. Please add reporter before adding any new registry.
2023-05-31 22:57:35,388 [main] INFO  impl.MetricsSystemImpl (MetricsSystemImpl.java:init(158)) - HddsDatanode metrics system started (again)
2023-05-31 22:57:35,395 [Datanode State Machine Daemon Thread] INFO  statemachine.DatanodeStateMachine (DatanodeStateMachine.java:lambda$startDaemon$0(537)) - Ozone container server started.
2023-05-31 22:57:35,410 [org.apache.hadoop.util.JvmPauseMonitor$Monitor@2b5a2008] INFO  util.JvmPauseMonitor (JvmPauseMonitor.java:run(188)) - Starting JVM pause monitor
2023-05-31 22:57:35,413 [Datanode State Machine Task Thread - 0] INFO  datanode.InitDatanodeState (InitDatanodeState.java:persistContainerDatanodeDetails(138)) - DatanodeDetails is persisted to /home/runner/work/ozone/ozone/hadoop-ozone/integration-test/target/test-dir/MiniOzoneClusterImpl-816a41a7-5c89-4e8c-81ba-db0c8b26fb2d/datanode-6/meta/datanode.id
2023-05-31 22:57:35,420 [main] INFO  ozone.HddsDatanodeService (HddsDatanodeService.java:start(264)) - HddsDatanodeService host:fv-az844-56.kvdfyhrxhd0epk3sa4trub4njc.xx.internal.cloudapp.net ip:10.1.0.15
2023-05-31 22:57:35,449 [main] INFO  upgrade.AbstractLayoutVersionManager (AbstractLayoutVersionManager.java:init(83)) - Initializing Layout version manager with metadata layout = HADOOP_PRC_PORTS_IN_DATANODEDETAILS (version = 7), software layout = HADOOP_PRC_PORTS_IN_DATANODEDETAILS (version = 7)
2023-05-31 22:57:35,450 [main] INFO  statemachine.DatanodeStateMachine (DatanodeStateMachine.java:getEndPointTaskThreadPoolSize(275)) - Datanode State Machine Task Thread Pool size 2
2023-05-31 22:57:35,453 [main] INFO  volume.HddsVolume (HddsVolume.java:<init>(130)) - Creating HddsVolume: /home/runner/work/ozone/ozone/hadoop-ozone/integration-test/target/test-dir/MiniOzoneClusterImpl-816a41a7-5c89-4e8c-81ba-db0c8b26fb2d/datanode-7/data-0/containers/hdds of storage type : DISK capacity : 9223372036854775807
2023-05-31 22:57:35,453 [main] INFO  volume.MutableVolumeSet (MutableVolumeSet.java:initializeVolumeSet(175)) - Added Volume : /home/runner/work/ozone/ozone/hadoop-ozone/integration-test/target/test-dir/MiniOzoneClusterImpl-816a41a7-5c89-4e8c-81ba-db0c8b26fb2d/datanode-7/data-0/containers/hdds to VolumeSet
2023-05-31 22:57:35,453 [main] INFO  volume.ThrottledAsyncChecker (ThrottledAsyncChecker.java:schedule(141)) - Scheduling a check for /home/runner/work/ozone/ozone/hadoop-ozone/integration-test/target/test-dir/MiniOzoneClusterImpl-816a41a7-5c89-4e8c-81ba-db0c8b26fb2d/datanode-7/data-0/containers/hdds
2023-05-31 22:57:35,454 [main] INFO  volume.StorageVolumeChecker (StorageVolumeChecker.java:checkAllVolumes(202)) - Scheduled health check for volume /home/runner/work/ozone/ozone/hadoop-ozone/integration-test/target/test-dir/MiniOzoneClusterImpl-816a41a7-5c89-4e8c-81ba-db0c8b26fb2d/datanode-7/data-0/containers/hdds
2023-05-31 22:57:35,468 [main] INFO  volume.MutableVolumeSet (MutableVolumeSet.java:initializeVolumeSet(175)) - Added Volume : /home/runner/work/ozone/ozone/hadoop-ozone/integration-test/target/test-dir/MiniOzoneClusterImpl-816a41a7-5c89-4e8c-81ba-db0c8b26fb2d/datanode-7/data/ratis to VolumeSet
2023-05-31 22:57:35,468 [main] INFO  volume.ThrottledAsyncChecker (ThrottledAsyncChecker.java:schedule(141)) - Scheduling a check for /home/runner/work/ozone/ozone/hadoop-ozone/integration-test/target/test-dir/MiniOzoneClusterImpl-816a41a7-5c89-4e8c-81ba-db0c8b26fb2d/datanode-7/data/ratis
2023-05-31 22:57:35,468 [main] INFO  volume.StorageVolumeChecker (StorageVolumeChecker.java:checkAllVolumes(202)) - Scheduled health check for volume /home/runner/work/ozone/ozone/hadoop-ozone/integration-test/target/test-dir/MiniOzoneClusterImpl-816a41a7-5c89-4e8c-81ba-db0c8b26fb2d/datanode-7/data/ratis
2023-05-31 22:57:35,479 [Thread-280] INFO  ozoneimpl.ContainerReader (ContainerReader.java:readVolume(175)) - Finish verifying containers on volume /home/runner/work/ozone/ozone/hadoop-ozone/integration-test/target/test-dir/MiniOzoneClusterImpl-816a41a7-5c89-4e8c-81ba-db0c8b26fb2d/datanode-7/data-0/containers/hdds
2023-05-31 22:57:35,479 [main] INFO  ozoneimpl.OzoneContainer (OzoneContainer.java:buildContainerSet(303)) - Build ContainerSet costs 0s
2023-05-31 22:57:35,483 [main] INFO  server.RaftServer (ConfUtils.java:logGet(46)) - raft.rpc.type = GRPC (default)
2023-05-31 22:57:35,483 [main] INFO  grpc.GrpcConfigKeys (ConfUtils.java:logFallback(53)) - raft.grpc.admin.host = null (fallback to raft.grpc.server.host)
2023-05-31 22:57:35,483 [main] INFO  grpc.GrpcConfigKeys (ConfUtils.java:logGet(46)) - raft.grpc.admin.port = 15076 (custom)
2023-05-31 22:57:35,483 [main] INFO  grpc.GrpcConfigKeys (ConfUtils.java:logFallback(53)) - raft.grpc.client.host = null (fallback to raft.grpc.server.host)
2023-05-31 22:57:35,483 [main] INFO  grpc.GrpcConfigKeys (ConfUtils.java:logGet(46)) - raft.grpc.client.port = 15075 (custom)
2023-05-31 22:57:35,484 [main] INFO  grpc.GrpcConfigKeys (ConfUtils.java:logGet(46)) - raft.grpc.server.host = null (default)
2023-05-31 22:57:35,484 [main] INFO  grpc.GrpcConfigKeys (ConfUtils.java:logGet(46)) - raft.grpc.server.port = 15077 (custom)
2023-05-31 22:57:35,484 [main] INFO  server.GrpcService (ConfUtils.java:logGet(46)) - raft.grpc.message.size.max = 32MB (=33554432) (custom)
2023-05-31 22:57:35,484 [main] INFO  server.RaftServerConfigKeys (ConfUtils.java:logGet(46)) - raft.server.log.appender.buffer.byte-limit = 33554432 (custom)
2023-05-31 22:57:35,484 [main] INFO  server.GrpcService (ConfUtils.java:logGet(46)) - raft.grpc.flow.control.window = 5MB (=5242880) (custom)
2023-05-31 22:57:35,485 [main] INFO  server.RaftServerConfigKeys (ConfUtils.java:logGet(46)) - raft.server.rpc.request.timeout = 60s (custom)
2023-05-31 22:57:35,485 [main] INFO  grpc.GrpcConfigKeys (ConfUtils.java:logGet(46)) - raft.grpc.server.heartbeat.channel = true (default)
2023-05-31 22:57:35,485 [main] INFO  grpc.GrpcConfigKeys (ConfUtils.java:logGet(46)) - raft.grpc.server.async.request.thread.pool.cached = true (default)
2023-05-31 22:57:35,485 [main] INFO  grpc.GrpcConfigKeys (ConfUtils.java:logGet(46)) - raft.grpc.server.async.request.thread.pool.size = 32 (default)
2023-05-31 22:57:35,489 [main] INFO  impl.DataStreamServerImpl (ConfUtils.java:logGet(46)) - raft.datastream.type = NETTY (custom)
2023-05-31 22:57:35,490 [main] INFO  server.RaftServerConfigKeys (ConfUtils.java:logGet(46)) - raft.server.data-stream.async.request.thread.pool.cached = false (default)
2023-05-31 22:57:35,490 [main] INFO  server.RaftServerConfigKeys (ConfUtils.java:logGet(46)) - raft.server.data-stream.async.request.thread.pool.size = 20 (custom)
2023-05-31 22:57:35,491 [main] INFO  server.RaftServerConfigKeys (ConfUtils.java:logGet(46)) - raft.server.data-stream.async.write.thread.pool.size = 16 (default)
2023-05-31 22:57:35,491 [main] INFO  server.RaftServerConfigKeys (ConfUtils.java:logGet(46)) - raft.server.data-stream.client.pool.size = 10 (default)
2023-05-31 22:57:35,491 [main] INFO  netty.NettyConfigKeys$DataStream (ConfUtils.java:logGet(46)) - raft.netty.dataStream.server.use-epoll = false (default)
2023-05-31 22:57:35,491 [main] INFO  netty.NettyConfigKeys$DataStream (ConfUtils.java:logGet(46)) - raft.netty.dataStream.server.boss-group.size = 0 (default)
2023-05-31 22:57:35,492 [main] INFO  netty.NettyConfigKeys$DataStream (ConfUtils.java:logGet(46)) - raft.netty.dataStream.server.worker-group.size = 0 (default)
2023-05-31 22:57:35,493 [main] INFO  netty.NettyConfigKeys$DataStream (ConfUtils.java:logGet(46)) - raft.netty.dataStream.server.tls.conf = null (default)
2023-05-31 22:57:35,498 [main] INFO  netty.NettyConfigKeys$DataStream (ConfUtils.java:logGet(46)) - raft.netty.dataStream.host = null (default)
2023-05-31 22:57:35,498 [main] INFO  netty.NettyConfigKeys$DataStream (ConfUtils.java:logGet(46)) - raft.netty.dataStream.port = 15078 (custom)
2023-05-31 22:57:35,502 [main] INFO  server.RaftServerConfigKeys (ConfUtils.java:logGet(46)) - raft.server.threadpool.proxy.cached = true (default)
2023-05-31 22:57:35,502 [main] INFO  server.RaftServerConfigKeys (ConfUtils.java:logGet(46)) - raft.server.threadpool.proxy.size = 0 (default)
2023-05-31 22:57:35,502 [main] INFO  server.RaftServerConfigKeys (ConfUtils.java:logGet(46)) - raft.server.rpc.slowness.timeout = 300s (custom)
2023-05-31 22:57:35,503 [main] INFO  server.RaftServerConfigKeys (ConfUtils.java:logGet(46)) - raft.server.leaderelection.leader.step-down.wait-time = 10s (default)
2023-05-31 22:57:35,503 [main] INFO  server.RaftServerConfigKeys (ConfUtils.java:logGet(46)) - raft.server.storage.dir = [/home/runner/work/ozone/ozone/hadoop-ozone/integration-test/target/test-dir/MiniOzoneClusterImpl-816a41a7-5c89-4e8c-81ba-db0c8b26fb2d/datanode-7/data/ratis] (custom)
2023-05-31 22:57:35,520 [main] INFO  server.XceiverServerGrpc (XceiverServerGrpc.java:<init>(132)) - GrpcServer channel type EpollServerSocketChannel
2023-05-31 22:57:35,521 [d17261cb-7782-4d5f-ae0d-593ca4af9c73-NettyServerStreamRpc-bossGroup--thread1] INFO  logging.LoggingHandler (AbstractInternalLogger.java:log(148)) - [id: 0x500f6d30] REGISTERED
2023-05-31 22:57:35,521 [d17261cb-7782-4d5f-ae0d-593ca4af9c73-NettyServerStreamRpc-bossGroup--thread1] INFO  logging.LoggingHandler (AbstractInternalLogger.java:log(148)) - [id: 0x500f6d30] BIND: 0.0.0.0/0.0.0.0:15078
2023-05-31 22:57:35,522 [d17261cb-7782-4d5f-ae0d-593ca4af9c73-NettyServerStreamRpc-bossGroup--thread1] INFO  logging.LoggingHandler (AbstractInternalLogger.java:log(148)) - [id: 0x500f6d30, L:/0:0:0:0:0:0:0:0:15078] ACTIVE
2023-05-31 22:57:35,525 [main] INFO  replication.ReplicationSupervisor (ReplicationSupervisor.java:nodeStateUpdated(296)) - Node state updated to IN_SERVICE, scaling executor pool size to 10
2023-05-31 22:57:35,529 [main] INFO  http.BaseHttpServer (BaseHttpServer.java:newHttpServer2BuilderForOzone(224)) - Starting Web-server for hddsDatanode at: http://0.0.0.0:15072
2023-05-31 22:57:35,529 [main] INFO  http.BaseHttpServer (BaseHttpServer.java:<init>(111)) - Hadoop Security Enabled: false Ozone Security Enabled: false Ozone HTTP Security Enabled: false 
2023-05-31 22:57:35,531 [main] WARN  server.AuthenticationFilter (AuthenticationFilter.java:constructSecretProvider(240)) - Unable to initialize FileSignerSecretProvider, falling back to use random secrets. Reason: Could not read signature secret file: /home/runner/hadoop-http-auth-signature-secret
2023-05-31 22:57:35,532 [main] INFO  http.HttpRequestLog (HttpRequestLog.java:getRequestLog(86)) - Http request log for http.requests.hddsDatanode is not defined
2023-05-31 22:57:35,534 [main] INFO  http.HttpServer2 (HttpServer2.java:addGlobalFilter(1031)) - Added global filter 'safety' (class=org.apache.hadoop.hdds.server.http.HttpServer2$QuotingInputFilter)
2023-05-31 22:57:35,534 [main] INFO  http.HttpServer2 (HttpServer2.java:addFilter(1007)) - Added filter static_user_filter (class=org.apache.hadoop.http.lib.StaticUserWebFilter$StaticUserFilter) to context hddsDatanode
2023-05-31 22:57:35,535 [main] INFO  http.HttpServer2 (HttpServer2.java:addFilter(1015)) - Added filter static_user_filter (class=org.apache.hadoop.http.lib.StaticUserWebFilter$StaticUserFilter) to context static
2023-05-31 22:57:35,535 [main] INFO  http.HttpServer2 (HttpServer2.java:addFilter(1015)) - Added filter static_user_filter (class=org.apache.hadoop.http.lib.StaticUserWebFilter$StaticUserFilter) to context logs
2023-05-31 22:57:35,536 [main] INFO  http.BaseHttpServer (BaseHttpServer.java:<init>(190)) - HTTP server of hddsDatanode uses base directory /home/runner/work/ozone/ozone/hadoop-ozone/integration-test/target/test-dir/MiniOzoneClusterImpl-816a41a7-5c89-4e8c-81ba-db0c8b26fb2d/datanode-7/meta/webserver
2023-05-31 22:57:35,536 [main] INFO  http.HttpServer2 (HttpServer2.java:bindListener(1250)) - Jetty bound to port 15072
2023-05-31 22:57:35,536 [main] INFO  server.Server (Server.java:doStart(375)) - jetty-9.4.51.v20230217; built: 2023-02-17T08:19:37.309Z; git: b45c405e4544384de066f814ed42ae3dceacdd49; jvm 1.8.0_362-b09
2023-05-31 22:57:35,538 [main] INFO  server.session (DefaultSessionIdManager.java:doStart(334)) - DefaultSessionIdManager workerName=node0
2023-05-31 22:57:35,539 [main] INFO  server.session (DefaultSessionIdManager.java:doStart(339)) - No SessionScavenger set, using defaults
2023-05-31 22:57:35,539 [main] INFO  server.session (HouseKeeper.java:startScavenging(132)) - node0 Scavenging every 600000ms
2023-05-31 22:57:35,540 [main] INFO  handler.ContextHandler (ContextHandler.java:doStart(921)) - Started o.e.j.s.ServletContextHandler@558e1c99{logs,/logs,file:///home/runner/work/ozone/ozone/hadoop-ozone/integration-test/target/log,AVAILABLE}
2023-05-31 22:57:35,540 [main] INFO  handler.ContextHandler (ContextHandler.java:doStart(921)) - Started o.e.j.s.ServletContextHandler@61836503{static,/static,jar:file:/home/runner/.m2/repository/org/apache/ozone/hdds-container-service/1.4.0-SNAPSHOT/hdds-container-service-1.4.0-SNAPSHOT.jar!/webapps/static,AVAILABLE}
2023-05-31 22:57:35,720 [EndpointStateMachine task thread for /0.0.0.0:15002 - 0 ] INFO  utils.DatanodeStoreCache (DatanodeStoreCache.java:addDB(66)) - Added db /home/runner/work/ozone/ozone/hadoop-ozone/integration-test/target/test-dir/MiniOzoneClusterImpl-816a41a7-5c89-4e8c-81ba-db0c8b26fb2d/datanode-2/data-0/containers/hdds/816a41a7-5c89-4e8c-81ba-db0c8b26fb2d/DS-cc22e8ea-3e1e-46d9-bde5-9791d7e5740b/container.db to cache
2023-05-31 22:57:35,720 [EndpointStateMachine task thread for /0.0.0.0:15002 - 0 ] INFO  volume.HddsVolume (HddsVolume.java:createDbStore(350)) - SchemaV3 db is created and loaded at /home/runner/work/ozone/ozone/hadoop-ozone/integration-test/target/test-dir/MiniOzoneClusterImpl-816a41a7-5c89-4e8c-81ba-db0c8b26fb2d/datanode-2/data-0/containers/hdds/816a41a7-5c89-4e8c-81ba-db0c8b26fb2d/DS-cc22e8ea-3e1e-46d9-bde5-9791d7e5740b/container.db for volume DS-cc22e8ea-3e1e-46d9-bde5-9791d7e5740b
2023-05-31 22:57:35,722 [EndpointStateMachine task thread for /0.0.0.0:15002 - 0 ] INFO  ozoneimpl.OzoneContainer (OzoneContainer.java:start(398)) - Attempting to start container services.
2023-05-31 22:57:35,722 [EndpointStateMachine task thread for /0.0.0.0:15002 - 0 ] INFO  ozoneimpl.OzoneContainer (OzoneContainer.java:startContainerScrub(314)) - Scheduled background container scanners and the on-demand container scanner have been disabled.
2023-05-31 22:57:35,725 [EndpointStateMachine task thread for /0.0.0.0:15002 - 0 ] INFO  replication.ReplicationServer (ReplicationServer.java:start(128)) - ReplicationServer is started using port 15034
2023-05-31 22:57:35,726 [EndpointStateMachine task thread for /0.0.0.0:15002 - 0 ] INFO  ratis.XceiverServerRatis (XceiverServerRatis.java:start(517)) - Starting XceiverServerRatis cdb52bc9-5e07-4eca-b7fa-f50f992e3122
2023-05-31 22:57:35,742 [EndpointStateMachine task thread for /0.0.0.0:15002 - 0 ] INFO  server.RaftServer (RaftServerProxy.java:startImpl(400)) - cdb52bc9-5e07-4eca-b7fa-f50f992e3122: start RPC server
2023-05-31 22:57:35,764 [EndpointStateMachine task thread for /0.0.0.0:15002 - 0 ] INFO  server.GrpcService (GrpcService.java:startImpl(302)) - cdb52bc9-5e07-4eca-b7fa-f50f992e3122: GrpcService started, listening on 15030
2023-05-31 22:57:35,767 [EndpointStateMachine task thread for /0.0.0.0:15002 - 0 ] INFO  server.GrpcService (GrpcService.java:startImpl(302)) - cdb52bc9-5e07-4eca-b7fa-f50f992e3122: GrpcService started, listening on 15032
2023-05-31 22:57:35,770 [EndpointStateMachine task thread for /0.0.0.0:15002 - 0 ] INFO  server.GrpcService (GrpcService.java:startImpl(302)) - cdb52bc9-5e07-4eca-b7fa-f50f992e3122: GrpcService started, listening on 15031
2023-05-31 22:57:35,770 [EndpointStateMachine task thread for /0.0.0.0:15002 - 0 ] INFO  ratis.XceiverServerRatis (XceiverServerRatis.java:getRealPort(543)) - XceiverServerRatis cdb52bc9-5e07-4eca-b7fa-f50f992e3122 is started using port 15030 for RATIS
2023-05-31 22:57:35,770 [EndpointStateMachine task thread for /0.0.0.0:15002 - 0 ] INFO  ratis.XceiverServerRatis (XceiverServerRatis.java:getRealPort(543)) - XceiverServerRatis cdb52bc9-5e07-4eca-b7fa-f50f992e3122 is started using port 15031 for RATIS_ADMIN
2023-05-31 22:57:35,770 [EndpointStateMachine task thread for /0.0.0.0:15002 - 0 ] INFO  ratis.XceiverServerRatis (XceiverServerRatis.java:getRealPort(543)) - XceiverServerRatis cdb52bc9-5e07-4eca-b7fa-f50f992e3122 is started using port 15032 for RATIS_SERVER
2023-05-31 22:57:35,770 [EndpointStateMachine task thread for /0.0.0.0:15002 - 0 ] INFO  ratis.XceiverServerRatis (XceiverServerRatis.java:getRealPort(543)) - XceiverServerRatis cdb52bc9-5e07-4eca-b7fa-f50f992e3122 is started using port 15033 for RATIS_DATASTREAM
2023-05-31 22:57:35,772 [JvmPauseMonitor3] INFO  util.JvmPauseMonitor (JvmPauseMonitor.java:run(103)) - JvmPauseMonitor-cdb52bc9-5e07-4eca-b7fa-f50f992e3122: Started
2023-05-31 22:57:35,781 [BlockDeletingService#0] INFO  interfaces.ContainerDeletionChoosingPolicyTemplate (ContainerDeletionChoosingPolicyTemplate.java:chooseContainerForBlockDeletion(83)) - Chosen 0/5000 blocks from 0 candidate containers.
2023-05-31 22:57:35,821 [main] INFO  handler.ContextHandler (ContextHandler.java:doStart(921)) - Started o.e.j.w.WebAppContext@62a473aa{hddsDatanode,/,file:///home/runner/work/ozone/ozone/hadoop-ozone/integration-test/target/test-dir/MiniOzoneClusterImpl-816a41a7-5c89-4e8c-81ba-db0c8b26fb2d/datanode-7/meta/webserver/jetty-0_0_0_0-15072-hdds-container-service-1_4_0-SNAPSHOT_jar-_-any-6302737451729964247/webapp/,AVAILABLE}{jar:file:/home/runner/.m2/repository/org/apache/ozone/hdds-container-service/1.4.0-SNAPSHOT/hdds-container-service-1.4.0-SNAPSHOT.jar!/webapps/hddsDatanode}
2023-05-31 22:57:35,823 [main] INFO  server.AbstractConnector (AbstractConnector.java:doStart(333)) - Started ServerConnector@6ddf31cd{HTTP/1.1, (http/1.1)}{0.0.0.0:15072}
2023-05-31 22:57:35,823 [main] INFO  server.Server (Server.java:doStart(415)) - Started @14104ms
2023-05-31 22:57:35,824 [main] WARN  impl.MetricsSystemImpl (MetricsSystemImpl.java:register(279)) - Sink prometheus already exists!
2023-05-31 22:57:35,824 [main] INFO  http.BaseHttpServer (BaseHttpServer.java:updateConnectorAddress(344)) - HTTP server of hddsDatanode listening at http://0.0.0.0:15072
2023-05-31 22:57:35,825 [main] INFO  ipc.CallQueueManager (CallQueueManager.java:<init>(90)) - Using callQueue: class java.util.concurrent.LinkedBlockingQueue, queueCapacity: 100, scheduler: class org.apache.hadoop.ipc.DefaultRpcScheduler, ipcBackoff: false.
2023-05-31 22:57:35,825 [Socket Reader #1 for port 15073] INFO  ipc.Server (Server.java:run(1319)) - Starting Socket Reader #1 for port 15073
2023-05-31 22:57:35,828 [Listener at 0.0.0.0/15073] INFO  hdds.HddsUtils (HddsUtils.java:preserveThreadName(843)) - Restoring thread name: main
2023-05-31 22:57:35,828 [main] INFO  ozone.HddsDatanodeService (HddsDatanodeService.java:start(337)) - Datanode start with admins: [runner]
2023-05-31 22:57:35,828 [main] INFO  ozone.HddsDatanodeClientProtocolServer (HddsDatanodeClientProtocolServer.java:start(83)) - RPC server for Client /0.0.0.0:15073
2023-05-31 22:57:35,829 [IPC Server Responder] INFO  ipc.Server (Server.java:run(1558)) - IPC Server Responder: starting
2023-05-31 22:57:35,829 [IPC Server listener on 15073] INFO  ipc.Server (Server.java:run(1398)) - IPC Server listener on 15073: starting
2023-05-31 22:57:35,830 [main] WARN  impl.MetricRegistriesImpl (MetricRegistriesImpl.java:addReporterRegistration(111)) - New reporters are added after registries were created. Some metrics will be missing from the reporter. Please add reporter before adding any new registry.
2023-05-31 22:57:35,834 [main] WARN  impl.MetricRegistriesImpl (MetricRegistriesImpl.java:addReporterRegistration(111)) - New reporters are added after registries were created. Some metrics will be missing from the reporter. Please add reporter before adding any new registry.
2023-05-31 22:57:35,835 [main] INFO  impl.MetricsSystemImpl (MetricsSystemImpl.java:init(158)) - HddsDatanode metrics system started (again)
2023-05-31 22:57:35,841 [Datanode State Machine Daemon Thread] INFO  statemachine.DatanodeStateMachine (DatanodeStateMachine.java:lambda$startDaemon$0(537)) - Ozone container server started.
2023-05-31 22:57:35,849 [org.apache.hadoop.util.JvmPauseMonitor$Monitor@158da5af] INFO  util.JvmPauseMonitor (JvmPauseMonitor.java:run(188)) - Starting JVM pause monitor
2023-05-31 22:57:35,853 [main] INFO  ozone.HddsDatanodeService (HddsDatanodeService.java:start(264)) - HddsDatanodeService host:fv-az844-56.kvdfyhrxhd0epk3sa4trub4njc.xx.internal.cloudapp.net ip:10.1.0.15
2023-05-31 22:57:35,857 [Datanode State Machine Task Thread - 0] INFO  datanode.InitDatanodeState (InitDatanodeState.java:persistContainerDatanodeDetails(138)) - DatanodeDetails is persisted to /home/runner/work/ozone/ozone/hadoop-ozone/integration-test/target/test-dir/MiniOzoneClusterImpl-816a41a7-5c89-4e8c-81ba-db0c8b26fb2d/datanode-7/meta/datanode.id
2023-05-31 22:57:35,881 [main] INFO  upgrade.AbstractLayoutVersionManager (AbstractLayoutVersionManager.java:init(83)) - Initializing Layout version manager with metadata layout = HADOOP_PRC_PORTS_IN_DATANODEDETAILS (version = 7), software layout = HADOOP_PRC_PORTS_IN_DATANODEDETAILS (version = 7)
2023-05-31 22:57:35,881 [main] INFO  statemachine.DatanodeStateMachine (DatanodeStateMachine.java:getEndPointTaskThreadPoolSize(275)) - Datanode State Machine Task Thread Pool size 2
2023-05-31 22:57:35,884 [main] INFO  volume.HddsVolume (HddsVolume.java:<init>(130)) - Creating HddsVolume: /home/runner/work/ozone/ozone/hadoop-ozone/integration-test/target/test-dir/MiniOzoneClusterImpl-816a41a7-5c89-4e8c-81ba-db0c8b26fb2d/datanode-8/data-0/containers/hdds of storage type : DISK capacity : 9223372036854775807
2023-05-31 22:57:35,884 [main] INFO  volume.MutableVolumeSet (MutableVolumeSet.java:initializeVolumeSet(175)) - Added Volume : /home/runner/work/ozone/ozone/hadoop-ozone/integration-test/target/test-dir/MiniOzoneClusterImpl-816a41a7-5c89-4e8c-81ba-db0c8b26fb2d/datanode-8/data-0/containers/hdds to VolumeSet
2023-05-31 22:57:35,884 [main] INFO  volume.ThrottledAsyncChecker (ThrottledAsyncChecker.java:schedule(141)) - Scheduling a check for /home/runner/work/ozone/ozone/hadoop-ozone/integration-test/target/test-dir/MiniOzoneClusterImpl-816a41a7-5c89-4e8c-81ba-db0c8b26fb2d/datanode-8/data-0/containers/hdds
2023-05-31 22:57:35,886 [main] INFO  volume.StorageVolumeChecker (StorageVolumeChecker.java:checkAllVolumes(202)) - Scheduled health check for volume /home/runner/work/ozone/ozone/hadoop-ozone/integration-test/target/test-dir/MiniOzoneClusterImpl-816a41a7-5c89-4e8c-81ba-db0c8b26fb2d/datanode-8/data-0/containers/hdds
2023-05-31 22:57:35,898 [main] INFO  volume.MutableVolumeSet (MutableVolumeSet.java:initializeVolumeSet(175)) - Added Volume : /home/runner/work/ozone/ozone/hadoop-ozone/integration-test/target/test-dir/MiniOzoneClusterImpl-816a41a7-5c89-4e8c-81ba-db0c8b26fb2d/datanode-8/data/ratis to VolumeSet
2023-05-31 22:57:35,898 [main] INFO  volume.ThrottledAsyncChecker (ThrottledAsyncChecker.java:schedule(141)) - Scheduling a check for /home/runner/work/ozone/ozone/hadoop-ozone/integration-test/target/test-dir/MiniOzoneClusterImpl-816a41a7-5c89-4e8c-81ba-db0c8b26fb2d/datanode-8/data/ratis
2023-05-31 22:57:35,899 [main] INFO  volume.StorageVolumeChecker (StorageVolumeChecker.java:checkAllVolumes(202)) - Scheduled health check for volume /home/runner/work/ozone/ozone/hadoop-ozone/integration-test/target/test-dir/MiniOzoneClusterImpl-816a41a7-5c89-4e8c-81ba-db0c8b26fb2d/datanode-8/data/ratis
2023-05-31 22:57:35,911 [Thread-303] INFO  ozoneimpl.ContainerReader (ContainerReader.java:readVolume(175)) - Finish verifying containers on volume /home/runner/work/ozone/ozone/hadoop-ozone/integration-test/target/test-dir/MiniOzoneClusterImpl-816a41a7-5c89-4e8c-81ba-db0c8b26fb2d/datanode-8/data-0/containers/hdds
2023-05-31 22:57:35,912 [main] INFO  ozoneimpl.OzoneContainer (OzoneContainer.java:buildContainerSet(303)) - Build ContainerSet costs 0s
2023-05-31 22:57:35,915 [main] INFO  server.RaftServer (ConfUtils.java:logGet(46)) - raft.rpc.type = GRPC (default)
2023-05-31 22:57:35,915 [main] INFO  grpc.GrpcConfigKeys (ConfUtils.java:logFallback(53)) - raft.grpc.admin.host = null (fallback to raft.grpc.server.host)
2023-05-31 22:57:35,916 [main] INFO  grpc.GrpcConfigKeys (ConfUtils.java:logGet(46)) - raft.grpc.admin.port = 15085 (custom)
2023-05-31 22:57:35,916 [main] INFO  grpc.GrpcConfigKeys (ConfUtils.java:logFallback(53)) - raft.grpc.client.host = null (fallback to raft.grpc.server.host)
2023-05-31 22:57:35,916 [main] INFO  grpc.GrpcConfigKeys (ConfUtils.java:logGet(46)) - raft.grpc.client.port = 15084 (custom)
2023-05-31 22:57:35,916 [main] INFO  grpc.GrpcConfigKeys (ConfUtils.java:logGet(46)) - raft.grpc.server.host = null (default)
2023-05-31 22:57:35,917 [main] INFO  grpc.GrpcConfigKeys (ConfUtils.java:logGet(46)) - raft.grpc.server.port = 15086 (custom)
2023-05-31 22:57:35,917 [main] INFO  server.GrpcService (ConfUtils.java:logGet(46)) - raft.grpc.message.size.max = 32MB (=33554432) (custom)
2023-05-31 22:57:35,917 [main] INFO  server.RaftServerConfigKeys (ConfUtils.java:logGet(46)) - raft.server.log.appender.buffer.byte-limit = 33554432 (custom)
2023-05-31 22:57:35,917 [main] INFO  server.GrpcService (ConfUtils.java:logGet(46)) - raft.grpc.flow.control.window = 5MB (=5242880) (custom)
2023-05-31 22:57:35,917 [main] INFO  server.RaftServerConfigKeys (ConfUtils.java:logGet(46)) - raft.server.rpc.request.timeout = 60s (custom)
2023-05-31 22:57:35,918 [main] INFO  grpc.GrpcConfigKeys (ConfUtils.java:logGet(46)) - raft.grpc.server.heartbeat.channel = true (default)
2023-05-31 22:57:35,918 [main] INFO  grpc.GrpcConfigKeys (ConfUtils.java:logGet(46)) - raft.grpc.server.async.request.thread.pool.cached = true (default)
2023-05-31 22:57:35,918 [main] INFO  grpc.GrpcConfigKeys (ConfUtils.java:logGet(46)) - raft.grpc.server.async.request.thread.pool.size = 32 (default)
2023-05-31 22:57:35,921 [main] INFO  impl.DataStreamServerImpl (ConfUtils.java:logGet(46)) - raft.datastream.type = NETTY (custom)
2023-05-31 22:57:35,922 [main] INFO  server.RaftServerConfigKeys (ConfUtils.java:logGet(46)) - raft.server.data-stream.async.request.thread.pool.cached = false (default)
2023-05-31 22:57:35,922 [main] INFO  server.RaftServerConfigKeys (ConfUtils.java:logGet(46)) - raft.server.data-stream.async.request.thread.pool.size = 20 (custom)
2023-05-31 22:57:35,922 [main] INFO  server.RaftServerConfigKeys (ConfUtils.java:logGet(46)) - raft.server.data-stream.async.write.thread.pool.size = 16 (default)
2023-05-31 22:57:35,923 [main] INFO  server.RaftServerConfigKeys (ConfUtils.java:logGet(46)) - raft.server.data-stream.client.pool.size = 10 (default)
2023-05-31 22:57:35,923 [main] INFO  netty.NettyConfigKeys$DataStream (ConfUtils.java:logGet(46)) - raft.netty.dataStream.server.use-epoll = false (default)
2023-05-31 22:57:35,923 [main] INFO  netty.NettyConfigKeys$DataStream (ConfUtils.java:logGet(46)) - raft.netty.dataStream.server.boss-group.size = 0 (default)
2023-05-31 22:57:35,924 [main] INFO  netty.NettyConfigKeys$DataStream (ConfUtils.java:logGet(46)) - raft.netty.dataStream.server.worker-group.size = 0 (default)
2023-05-31 22:57:35,924 [main] INFO  netty.NettyConfigKeys$DataStream (ConfUtils.java:logGet(46)) - raft.netty.dataStream.server.tls.conf = null (default)
2023-05-31 22:57:35,925 [main] INFO  netty.NettyConfigKeys$DataStream (ConfUtils.java:logGet(46)) - raft.netty.dataStream.host = null (default)
2023-05-31 22:57:35,925 [main] INFO  netty.NettyConfigKeys$DataStream (ConfUtils.java:logGet(46)) - raft.netty.dataStream.port = 15087 (custom)
2023-05-31 22:57:35,925 [main] INFO  server.RaftServerConfigKeys (ConfUtils.java:logGet(46)) - raft.server.threadpool.proxy.cached = true (default)
2023-05-31 22:57:35,926 [main] INFO  server.RaftServerConfigKeys (ConfUtils.java:logGet(46)) - raft.server.threadpool.proxy.size = 0 (default)
2023-05-31 22:57:35,927 [main] INFO  server.RaftServerConfigKeys (ConfUtils.java:logGet(46)) - raft.server.rpc.slowness.timeout = 300s (custom)
2023-05-31 22:57:35,928 [main] INFO  server.RaftServerConfigKeys (ConfUtils.java:logGet(46)) - raft.server.leaderelection.leader.step-down.wait-time = 10s (default)
2023-05-31 22:57:35,928 [7c39489c-1c03-44c3-8ed9-36ad43776b05-NettyServerStreamRpc-bossGroup--thread1] INFO  logging.LoggingHandler (AbstractInternalLogger.java:log(148)) - [id: 0x191b27b3] REGISTERED
2023-05-31 22:57:35,928 [main] INFO  server.RaftServerConfigKeys (ConfUtils.java:logGet(46)) - raft.server.storage.dir = [/home/runner/work/ozone/ozone/hadoop-ozone/integration-test/target/test-dir/MiniOzoneClusterImpl-816a41a7-5c89-4e8c-81ba-db0c8b26fb2d/datanode-8/data/ratis] (custom)
2023-05-31 22:57:35,928 [7c39489c-1c03-44c3-8ed9-36ad43776b05-NettyServerStreamRpc-bossGroup--thread1] INFO  logging.LoggingHandler (AbstractInternalLogger.java:log(148)) - [id: 0x191b27b3] BIND: 0.0.0.0/0.0.0.0:15087
2023-05-31 22:57:35,928 [7c39489c-1c03-44c3-8ed9-36ad43776b05-NettyServerStreamRpc-bossGroup--thread1] INFO  logging.LoggingHandler (AbstractInternalLogger.java:log(148)) - [id: 0x191b27b3, L:/0:0:0:0:0:0:0:0:15087] ACTIVE
2023-05-31 22:57:35,930 [main] INFO  server.XceiverServerGrpc (XceiverServerGrpc.java:<init>(132)) - GrpcServer channel type EpollServerSocketChannel
2023-05-31 22:57:35,932 [main] INFO  replication.ReplicationSupervisor (ReplicationSupervisor.java:nodeStateUpdated(296)) - Node state updated to IN_SERVICE, scaling executor pool size to 10
2023-05-31 22:57:35,935 [main] INFO  http.BaseHttpServer (BaseHttpServer.java:newHttpServer2BuilderForOzone(224)) - Starting Web-server for hddsDatanode at: http://0.0.0.0:15081
2023-05-31 22:57:35,935 [main] INFO  http.BaseHttpServer (BaseHttpServer.java:<init>(111)) - Hadoop Security Enabled: false Ozone Security Enabled: false Ozone HTTP Security Enabled: false 
2023-05-31 22:57:35,936 [main] WARN  server.AuthenticationFilter (AuthenticationFilter.java:constructSecretProvider(240)) - Unable to initialize FileSignerSecretProvider, falling back to use random secrets. Reason: Could not read signature secret file: /home/runner/hadoop-http-auth-signature-secret
2023-05-31 22:57:35,937 [main] INFO  http.HttpRequestLog (HttpRequestLog.java:getRequestLog(86)) - Http request log for http.requests.hddsDatanode is not defined
2023-05-31 22:57:35,938 [main] INFO  http.HttpServer2 (HttpServer2.java:addGlobalFilter(1031)) - Added global filter 'safety' (class=org.apache.hadoop.hdds.server.http.HttpServer2$QuotingInputFilter)
2023-05-31 22:57:35,940 [main] INFO  http.HttpServer2 (HttpServer2.java:addFilter(1007)) - Added filter static_user_filter (class=org.apache.hadoop.http.lib.StaticUserWebFilter$StaticUserFilter) to context hddsDatanode
2023-05-31 22:57:35,940 [main] INFO  http.HttpServer2 (HttpServer2.java:addFilter(1015)) - Added filter static_user_filter (class=org.apache.hadoop.http.lib.StaticUserWebFilter$StaticUserFilter) to context logs
2023-05-31 22:57:35,941 [main] INFO  http.HttpServer2 (HttpServer2.java:addFilter(1015)) - Added filter static_user_filter (class=org.apache.hadoop.http.lib.StaticUserWebFilter$StaticUserFilter) to context static
2023-05-31 22:57:35,941 [main] INFO  http.BaseHttpServer (BaseHttpServer.java:<init>(190)) - HTTP server of hddsDatanode uses base directory /home/runner/work/ozone/ozone/hadoop-ozone/integration-test/target/test-dir/MiniOzoneClusterImpl-816a41a7-5c89-4e8c-81ba-db0c8b26fb2d/datanode-8/meta/webserver
2023-05-31 22:57:35,942 [main] INFO  http.HttpServer2 (HttpServer2.java:bindListener(1250)) - Jetty bound to port 15081
2023-05-31 22:57:35,942 [main] INFO  server.Server (Server.java:doStart(375)) - jetty-9.4.51.v20230217; built: 2023-02-17T08:19:37.309Z; git: b45c405e4544384de066f814ed42ae3dceacdd49; jvm 1.8.0_362-b09
2023-05-31 22:57:35,943 [main] INFO  server.session (DefaultSessionIdManager.java:doStart(334)) - DefaultSessionIdManager workerName=node0
2023-05-31 22:57:35,944 [main] INFO  server.session (DefaultSessionIdManager.java:doStart(339)) - No SessionScavenger set, using defaults
2023-05-31 22:57:35,945 [main] INFO  server.session (HouseKeeper.java:startScavenging(132)) - node0 Scavenging every 660000ms
2023-05-31 22:57:35,945 [main] INFO  handler.ContextHandler (ContextHandler.java:doStart(921)) - Started o.e.j.s.ServletContextHandler@4d0bbae5{logs,/logs,file:///home/runner/work/ozone/ozone/hadoop-ozone/integration-test/target/log,AVAILABLE}
2023-05-31 22:57:35,946 [main] INFO  handler.ContextHandler (ContextHandler.java:doStart(921)) - Started o.e.j.s.ServletContextHandler@18bca8c2{static,/static,jar:file:/home/runner/.m2/repository/org/apache/ozone/hdds-container-service/1.4.0-SNAPSHOT/hdds-container-service-1.4.0-SNAPSHOT.jar!/webapps/static,AVAILABLE}
2023-05-31 22:57:36,107 [EndpointStateMachine task thread for /0.0.0.0:15002 - 0 ] INFO  utils.DatanodeStoreCache (DatanodeStoreCache.java:addDB(66)) - Added db /home/runner/work/ozone/ozone/hadoop-ozone/integration-test/target/test-dir/MiniOzoneClusterImpl-816a41a7-5c89-4e8c-81ba-db0c8b26fb2d/datanode-3/data-0/containers/hdds/816a41a7-5c89-4e8c-81ba-db0c8b26fb2d/DS-a2943031-c7cf-4aa0-b7c5-de23569a344e/container.db to cache
2023-05-31 22:57:36,107 [EndpointStateMachine task thread for /0.0.0.0:15002 - 0 ] INFO  volume.HddsVolume (HddsVolume.java:createDbStore(350)) - SchemaV3 db is created and loaded at /home/runner/work/ozone/ozone/hadoop-ozone/integration-test/target/test-dir/MiniOzoneClusterImpl-816a41a7-5c89-4e8c-81ba-db0c8b26fb2d/datanode-3/data-0/containers/hdds/816a41a7-5c89-4e8c-81ba-db0c8b26fb2d/DS-a2943031-c7cf-4aa0-b7c5-de23569a344e/container.db for volume DS-a2943031-c7cf-4aa0-b7c5-de23569a344e
2023-05-31 22:57:36,109 [EndpointStateMachine task thread for /0.0.0.0:15002 - 0 ] INFO  ozoneimpl.OzoneContainer (OzoneContainer.java:start(398)) - Attempting to start container services.
2023-05-31 22:57:36,111 [EndpointStateMachine task thread for /0.0.0.0:15002 - 0 ] INFO  ozoneimpl.OzoneContainer (OzoneContainer.java:startContainerScrub(314)) - Scheduled background container scanners and the on-demand container scanner have been disabled.
2023-05-31 22:57:36,114 [EndpointStateMachine task thread for /0.0.0.0:15002 - 0 ] INFO  replication.ReplicationServer (ReplicationServer.java:start(128)) - ReplicationServer is started using port 15043
2023-05-31 22:57:36,114 [EndpointStateMachine task thread for /0.0.0.0:15002 - 0 ] INFO  ratis.XceiverServerRatis (XceiverServerRatis.java:start(517)) - Starting XceiverServerRatis 41c98476-2059-4142-8ca0-ae93b0d149f4
2023-05-31 22:57:36,122 [EndpointStateMachine task thread for /0.0.0.0:15002 - 0 ] INFO  server.RaftServer (RaftServerProxy.java:startImpl(400)) - 41c98476-2059-4142-8ca0-ae93b0d149f4: start RPC server
2023-05-31 22:57:36,128 [EndpointStateMachine task thread for /0.0.0.0:15002 - 0 ] INFO  server.GrpcService (GrpcService.java:startImpl(302)) - 41c98476-2059-4142-8ca0-ae93b0d149f4: GrpcService started, listening on 15039
2023-05-31 22:57:36,133 [EndpointStateMachine task thread for /0.0.0.0:15002 - 0 ] INFO  server.GrpcService (GrpcService.java:startImpl(302)) - 41c98476-2059-4142-8ca0-ae93b0d149f4: GrpcService started, listening on 15041
2023-05-31 22:57:36,140 [EndpointStateMachine task thread for /0.0.0.0:15002 - 0 ] INFO  server.GrpcService (GrpcService.java:startImpl(302)) - 41c98476-2059-4142-8ca0-ae93b0d149f4: GrpcService started, listening on 15040
2023-05-31 22:57:36,142 [EndpointStateMachine task thread for /0.0.0.0:15002 - 0 ] INFO  ratis.XceiverServerRatis (XceiverServerRatis.java:getRealPort(543)) - XceiverServerRatis 41c98476-2059-4142-8ca0-ae93b0d149f4 is started using port 15039 for RATIS
2023-05-31 22:57:36,142 [EndpointStateMachine task thread for /0.0.0.0:15002 - 0 ] INFO  ratis.XceiverServerRatis (XceiverServerRatis.java:getRealPort(543)) - XceiverServerRatis 41c98476-2059-4142-8ca0-ae93b0d149f4 is started using port 15040 for RATIS_ADMIN
2023-05-31 22:57:36,142 [EndpointStateMachine task thread for /0.0.0.0:15002 - 0 ] INFO  ratis.XceiverServerRatis (XceiverServerRatis.java:getRealPort(543)) - XceiverServerRatis 41c98476-2059-4142-8ca0-ae93b0d149f4 is started using port 15041 for RATIS_SERVER
2023-05-31 22:57:36,142 [EndpointStateMachine task thread for /0.0.0.0:15002 - 0 ] INFO  ratis.XceiverServerRatis (XceiverServerRatis.java:getRealPort(543)) - XceiverServerRatis 41c98476-2059-4142-8ca0-ae93b0d149f4 is started using port 15042 for RATIS_DATASTREAM
2023-05-31 22:57:36,142 [JvmPauseMonitor4] INFO  util.JvmPauseMonitor (JvmPauseMonitor.java:run(103)) - JvmPauseMonitor-41c98476-2059-4142-8ca0-ae93b0d149f4: Started
2023-05-31 22:57:36,158 [BlockDeletingService#0] INFO  interfaces.ContainerDeletionChoosingPolicyTemplate (ContainerDeletionChoosingPolicyTemplate.java:chooseContainerForBlockDeletion(83)) - Chosen 0/5000 blocks from 0 candidate containers.
2023-05-31 22:57:36,218 [main] INFO  handler.ContextHandler (ContextHandler.java:doStart(921)) - Started o.e.j.w.WebAppContext@2143dff1{hddsDatanode,/,file:///home/runner/work/ozone/ozone/hadoop-ozone/integration-test/target/test-dir/MiniOzoneClusterImpl-816a41a7-5c89-4e8c-81ba-db0c8b26fb2d/datanode-8/meta/webserver/jetty-0_0_0_0-15081-hdds-container-service-1_4_0-SNAPSHOT_jar-_-any-6804430007320404816/webapp/,AVAILABLE}{jar:file:/home/runner/.m2/repository/org/apache/ozone/hdds-container-service/1.4.0-SNAPSHOT/hdds-container-service-1.4.0-SNAPSHOT.jar!/webapps/hddsDatanode}
2023-05-31 22:57:36,220 [main] INFO  server.AbstractConnector (AbstractConnector.java:doStart(333)) - Started ServerConnector@16a81431{HTTP/1.1, (http/1.1)}{0.0.0.0:15081}
2023-05-31 22:57:36,220 [main] INFO  server.Server (Server.java:doStart(415)) - Started @14500ms
2023-05-31 22:57:36,220 [main] WARN  impl.MetricsSystemImpl (MetricsSystemImpl.java:register(279)) - Sink prometheus already exists!
2023-05-31 22:57:36,221 [main] INFO  http.BaseHttpServer (BaseHttpServer.java:updateConnectorAddress(344)) - HTTP server of hddsDatanode listening at http://0.0.0.0:15081
2023-05-31 22:57:36,221 [main] INFO  ipc.CallQueueManager (CallQueueManager.java:<init>(90)) - Using callQueue: class java.util.concurrent.LinkedBlockingQueue, queueCapacity: 100, scheduler: class org.apache.hadoop.ipc.DefaultRpcScheduler, ipcBackoff: false.
2023-05-31 22:57:36,222 [Socket Reader #1 for port 15082] INFO  ipc.Server (Server.java:run(1319)) - Starting Socket Reader #1 for port 15082
2023-05-31 22:57:36,224 [Listener at 0.0.0.0/15082] INFO  hdds.HddsUtils (HddsUtils.java:preserveThreadName(843)) - Restoring thread name: main
2023-05-31 22:57:36,231 [main] INFO  ozone.HddsDatanodeService (HddsDatanodeService.java:start(337)) - Datanode start with admins: [runner]
2023-05-31 22:57:36,231 [main] INFO  ozone.HddsDatanodeClientProtocolServer (HddsDatanodeClientProtocolServer.java:start(83)) - RPC server for Client /0.0.0.0:15082
2023-05-31 22:57:36,233 [IPC Server Responder] INFO  ipc.Server (Server.java:run(1558)) - IPC Server Responder: starting
2023-05-31 22:57:36,233 [IPC Server listener on 15082] INFO  ipc.Server (Server.java:run(1398)) - IPC Server listener on 15082: starting
2023-05-31 22:57:36,234 [main] WARN  impl.MetricRegistriesImpl (MetricRegistriesImpl.java:addReporterRegistration(111)) - New reporters are added after registries were created. Some metrics will be missing from the reporter. Please add reporter before adding any new registry.
2023-05-31 22:57:36,234 [main] WARN  impl.MetricRegistriesImpl (MetricRegistriesImpl.java:addReporterRegistration(111)) - New reporters are added after registries were created. Some metrics will be missing from the reporter. Please add reporter before adding any new registry.
2023-05-31 22:57:36,234 [main] INFO  impl.MetricsSystemImpl (MetricsSystemImpl.java:init(158)) - HddsDatanode metrics system started (again)
2023-05-31 22:57:36,240 [Datanode State Machine Daemon Thread] INFO  statemachine.DatanodeStateMachine (DatanodeStateMachine.java:lambda$startDaemon$0(537)) - Ozone container server started.
2023-05-31 22:57:36,250 [org.apache.hadoop.util.JvmPauseMonitor$Monitor@5b31de26] INFO  util.JvmPauseMonitor (JvmPauseMonitor.java:run(188)) - Starting JVM pause monitor
2023-05-31 22:57:36,252 [main] INFO  ozone.HddsDatanodeService (HddsDatanodeService.java:start(264)) - HddsDatanodeService host:fv-az844-56.kvdfyhrxhd0epk3sa4trub4njc.xx.internal.cloudapp.net ip:10.1.0.15
2023-05-31 22:57:36,261 [Datanode State Machine Task Thread - 0] INFO  datanode.InitDatanodeState (InitDatanodeState.java:persistContainerDatanodeDetails(138)) - DatanodeDetails is persisted to /home/runner/work/ozone/ozone/hadoop-ozone/integration-test/target/test-dir/MiniOzoneClusterImpl-816a41a7-5c89-4e8c-81ba-db0c8b26fb2d/datanode-8/meta/datanode.id
2023-05-31 22:57:36,287 [main] INFO  upgrade.AbstractLayoutVersionManager (AbstractLayoutVersionManager.java:init(83)) - Initializing Layout version manager with metadata layout = HADOOP_PRC_PORTS_IN_DATANODEDETAILS (version = 7), software layout = HADOOP_PRC_PORTS_IN_DATANODEDETAILS (version = 7)
2023-05-31 22:57:36,289 [main] INFO  statemachine.DatanodeStateMachine (DatanodeStateMachine.java:getEndPointTaskThreadPoolSize(275)) - Datanode State Machine Task Thread Pool size 2
2023-05-31 22:57:36,291 [main] INFO  volume.HddsVolume (HddsVolume.java:<init>(130)) - Creating HddsVolume: /home/runner/work/ozone/ozone/hadoop-ozone/integration-test/target/test-dir/MiniOzoneClusterImpl-816a41a7-5c89-4e8c-81ba-db0c8b26fb2d/datanode-9/data-0/containers/hdds of storage type : DISK capacity : 9223372036854775807
2023-05-31 22:57:36,291 [main] INFO  volume.MutableVolumeSet (MutableVolumeSet.java:initializeVolumeSet(175)) - Added Volume : /home/runner/work/ozone/ozone/hadoop-ozone/integration-test/target/test-dir/MiniOzoneClusterImpl-816a41a7-5c89-4e8c-81ba-db0c8b26fb2d/datanode-9/data-0/containers/hdds to VolumeSet
2023-05-31 22:57:36,291 [main] INFO  volume.ThrottledAsyncChecker (ThrottledAsyncChecker.java:schedule(141)) - Scheduling a check for /home/runner/work/ozone/ozone/hadoop-ozone/integration-test/target/test-dir/MiniOzoneClusterImpl-816a41a7-5c89-4e8c-81ba-db0c8b26fb2d/datanode-9/data-0/containers/hdds
2023-05-31 22:57:36,292 [main] INFO  volume.StorageVolumeChecker (StorageVolumeChecker.java:checkAllVolumes(202)) - Scheduled health check for volume /home/runner/work/ozone/ozone/hadoop-ozone/integration-test/target/test-dir/MiniOzoneClusterImpl-816a41a7-5c89-4e8c-81ba-db0c8b26fb2d/datanode-9/data-0/containers/hdds
2023-05-31 22:57:36,310 [main] INFO  volume.MutableVolumeSet (MutableVolumeSet.java:initializeVolumeSet(175)) - Added Volume : /home/runner/work/ozone/ozone/hadoop-ozone/integration-test/target/test-dir/MiniOzoneClusterImpl-816a41a7-5c89-4e8c-81ba-db0c8b26fb2d/datanode-9/data/ratis to VolumeSet
2023-05-31 22:57:36,310 [main] INFO  volume.ThrottledAsyncChecker (ThrottledAsyncChecker.java:schedule(141)) - Scheduling a check for /home/runner/work/ozone/ozone/hadoop-ozone/integration-test/target/test-dir/MiniOzoneClusterImpl-816a41a7-5c89-4e8c-81ba-db0c8b26fb2d/datanode-9/data/ratis
2023-05-31 22:57:36,311 [main] INFO  volume.StorageVolumeChecker (StorageVolumeChecker.java:checkAllVolumes(202)) - Scheduled health check for volume /home/runner/work/ozone/ozone/hadoop-ozone/integration-test/target/test-dir/MiniOzoneClusterImpl-816a41a7-5c89-4e8c-81ba-db0c8b26fb2d/datanode-9/data/ratis
2023-05-31 22:57:36,326 [Thread-326] INFO  ozoneimpl.ContainerReader (ContainerReader.java:readVolume(175)) - Finish verifying containers on volume /home/runner/work/ozone/ozone/hadoop-ozone/integration-test/target/test-dir/MiniOzoneClusterImpl-816a41a7-5c89-4e8c-81ba-db0c8b26fb2d/datanode-9/data-0/containers/hdds
2023-05-31 22:57:36,326 [main] INFO  ozoneimpl.OzoneContainer (OzoneContainer.java:buildContainerSet(303)) - Build ContainerSet costs 0s
2023-05-31 22:57:36,330 [main] INFO  server.RaftServer (ConfUtils.java:logGet(46)) - raft.rpc.type = GRPC (default)
2023-05-31 22:57:36,330 [main] INFO  grpc.GrpcConfigKeys (ConfUtils.java:logFallback(53)) - raft.grpc.admin.host = null (fallback to raft.grpc.server.host)
2023-05-31 22:57:36,330 [main] INFO  grpc.GrpcConfigKeys (ConfUtils.java:logGet(46)) - raft.grpc.admin.port = 15094 (custom)
2023-05-31 22:57:36,331 [main] INFO  grpc.GrpcConfigKeys (ConfUtils.java:logFallback(53)) - raft.grpc.client.host = null (fallback to raft.grpc.server.host)
2023-05-31 22:57:36,332 [main] INFO  grpc.GrpcConfigKeys (ConfUtils.java:logGet(46)) - raft.grpc.client.port = 15093 (custom)
2023-05-31 22:57:36,332 [main] INFO  grpc.GrpcConfigKeys (ConfUtils.java:logGet(46)) - raft.grpc.server.host = null (default)
2023-05-31 22:57:36,332 [main] INFO  grpc.GrpcConfigKeys (ConfUtils.java:logGet(46)) - raft.grpc.server.port = 15095 (custom)
2023-05-31 22:57:36,332 [main] INFO  server.GrpcService (ConfUtils.java:logGet(46)) - raft.grpc.message.size.max = 32MB (=33554432) (custom)
2023-05-31 22:57:36,333 [main] INFO  server.RaftServerConfigKeys (ConfUtils.java:logGet(46)) - raft.server.log.appender.buffer.byte-limit = 33554432 (custom)
2023-05-31 22:57:36,333 [main] INFO  server.GrpcService (ConfUtils.java:logGet(46)) - raft.grpc.flow.control.window = 5MB (=5242880) (custom)
2023-05-31 22:57:36,333 [main] INFO  server.RaftServerConfigKeys (ConfUtils.java:logGet(46)) - raft.server.rpc.request.timeout = 60s (custom)
2023-05-31 22:57:36,333 [main] INFO  grpc.GrpcConfigKeys (ConfUtils.java:logGet(46)) - raft.grpc.server.heartbeat.channel = true (default)
2023-05-31 22:57:36,334 [main] INFO  grpc.GrpcConfigKeys (ConfUtils.java:logGet(46)) - raft.grpc.server.async.request.thread.pool.cached = true (default)
2023-05-31 22:57:36,334 [main] INFO  grpc.GrpcConfigKeys (ConfUtils.java:logGet(46)) - raft.grpc.server.async.request.thread.pool.size = 32 (default)
2023-05-31 22:57:36,337 [main] INFO  impl.DataStreamServerImpl (ConfUtils.java:logGet(46)) - raft.datastream.type = NETTY (custom)
2023-05-31 22:57:36,340 [main] INFO  server.RaftServerConfigKeys (ConfUtils.java:logGet(46)) - raft.server.data-stream.async.request.thread.pool.cached = false (default)
2023-05-31 22:57:36,340 [main] INFO  server.RaftServerConfigKeys (ConfUtils.java:logGet(46)) - raft.server.data-stream.async.request.thread.pool.size = 20 (custom)
2023-05-31 22:57:36,340 [main] INFO  server.RaftServerConfigKeys (ConfUtils.java:logGet(46)) - raft.server.data-stream.async.write.thread.pool.size = 16 (default)
2023-05-31 22:57:36,341 [main] INFO  server.RaftServerConfigKeys (ConfUtils.java:logGet(46)) - raft.server.data-stream.client.pool.size = 10 (default)
2023-05-31 22:57:36,341 [main] INFO  netty.NettyConfigKeys$DataStream (ConfUtils.java:logGet(46)) - raft.netty.dataStream.server.use-epoll = false (default)
2023-05-31 22:57:36,341 [main] INFO  netty.NettyConfigKeys$DataStream (ConfUtils.java:logGet(46)) - raft.netty.dataStream.server.boss-group.size = 0 (default)
2023-05-31 22:57:36,342 [main] INFO  netty.NettyConfigKeys$DataStream (ConfUtils.java:logGet(46)) - raft.netty.dataStream.server.worker-group.size = 0 (default)
2023-05-31 22:57:36,358 [main] INFO  netty.NettyConfigKeys$DataStream (ConfUtils.java:logGet(46)) - raft.netty.dataStream.server.tls.conf = null (default)
2023-05-31 22:57:36,358 [main] INFO  netty.NettyConfigKeys$DataStream (ConfUtils.java:logGet(46)) - raft.netty.dataStream.host = null (default)
2023-05-31 22:57:36,358 [main] INFO  netty.NettyConfigKeys$DataStream (ConfUtils.java:logGet(46)) - raft.netty.dataStream.port = 15096 (custom)
2023-05-31 22:57:36,359 [main] INFO  server.RaftServerConfigKeys (ConfUtils.java:logGet(46)) - raft.server.threadpool.proxy.cached = true (default)
2023-05-31 22:57:36,361 [07122f08-5d38-49f7-8fdd-d2e34ec8d956-NettyServerStreamRpc-bossGroup--thread1] INFO  logging.LoggingHandler (AbstractInternalLogger.java:log(148)) - [id: 0x0e31a11c] REGISTERED
2023-05-31 22:57:36,361 [main] INFO  server.RaftServerConfigKeys (ConfUtils.java:logGet(46)) - raft.server.threadpool.proxy.size = 0 (default)
2023-05-31 22:57:36,361 [07122f08-5d38-49f7-8fdd-d2e34ec8d956-NettyServerStreamRpc-bossGroup--thread1] INFO  logging.LoggingHandler (AbstractInternalLogger.java:log(148)) - [id: 0x0e31a11c] BIND: 0.0.0.0/0.0.0.0:15096
2023-05-31 22:57:36,361 [main] INFO  server.RaftServerConfigKeys (ConfUtils.java:logGet(46)) - raft.server.rpc.slowness.timeout = 300s (custom)
2023-05-31 22:57:36,361 [07122f08-5d38-49f7-8fdd-d2e34ec8d956-NettyServerStreamRpc-bossGroup--thread1] INFO  logging.LoggingHandler (AbstractInternalLogger.java:log(148)) - [id: 0x0e31a11c, L:/0:0:0:0:0:0:0:0:15096] ACTIVE
2023-05-31 22:57:36,361 [main] INFO  server.RaftServerConfigKeys (ConfUtils.java:logGet(46)) - raft.server.leaderelection.leader.step-down.wait-time = 10s (default)
2023-05-31 22:57:36,362 [main] INFO  server.RaftServerConfigKeys (ConfUtils.java:logGet(46)) - raft.server.storage.dir = [/home/runner/work/ozone/ozone/hadoop-ozone/integration-test/target/test-dir/MiniOzoneClusterImpl-816a41a7-5c89-4e8c-81ba-db0c8b26fb2d/datanode-9/data/ratis] (custom)
2023-05-31 22:57:36,366 [main] INFO  server.XceiverServerGrpc (XceiverServerGrpc.java:<init>(132)) - GrpcServer channel type EpollServerSocketChannel
2023-05-31 22:57:36,370 [main] INFO  replication.ReplicationSupervisor (ReplicationSupervisor.java:nodeStateUpdated(296)) - Node state updated to IN_SERVICE, scaling executor pool size to 10
2023-05-31 22:57:36,373 [main] INFO  http.BaseHttpServer (BaseHttpServer.java:newHttpServer2BuilderForOzone(224)) - Starting Web-server for hddsDatanode at: http://0.0.0.0:15090
2023-05-31 22:57:36,373 [main] INFO  http.BaseHttpServer (BaseHttpServer.java:<init>(111)) - Hadoop Security Enabled: false Ozone Security Enabled: false Ozone HTTP Security Enabled: false 
2023-05-31 22:57:36,375 [main] WARN  server.AuthenticationFilter (AuthenticationFilter.java:constructSecretProvider(240)) - Unable to initialize FileSignerSecretProvider, falling back to use random secrets. Reason: Could not read signature secret file: /home/runner/hadoop-http-auth-signature-secret
2023-05-31 22:57:36,378 [main] INFO  http.HttpRequestLog (HttpRequestLog.java:getRequestLog(86)) - Http request log for http.requests.hddsDatanode is not defined
2023-05-31 22:57:36,381 [main] INFO  http.HttpServer2 (HttpServer2.java:addGlobalFilter(1031)) - Added global filter 'safety' (class=org.apache.hadoop.hdds.server.http.HttpServer2$QuotingInputFilter)
2023-05-31 22:57:36,382 [main] INFO  http.HttpServer2 (HttpServer2.java:addFilter(1007)) - Added filter static_user_filter (class=org.apache.hadoop.http.lib.StaticUserWebFilter$StaticUserFilter) to context hddsDatanode
2023-05-31 22:57:36,382 [main] INFO  http.HttpServer2 (HttpServer2.java:addFilter(1015)) - Added filter static_user_filter (class=org.apache.hadoop.http.lib.StaticUserWebFilter$StaticUserFilter) to context static
2023-05-31 22:57:36,382 [main] INFO  http.HttpServer2 (HttpServer2.java:addFilter(1015)) - Added filter static_user_filter (class=org.apache.hadoop.http.lib.StaticUserWebFilter$StaticUserFilter) to context logs
2023-05-31 22:57:36,383 [main] INFO  http.BaseHttpServer (BaseHttpServer.java:<init>(190)) - HTTP server of hddsDatanode uses base directory /home/runner/work/ozone/ozone/hadoop-ozone/integration-test/target/test-dir/MiniOzoneClusterImpl-816a41a7-5c89-4e8c-81ba-db0c8b26fb2d/datanode-9/meta/webserver
2023-05-31 22:57:36,383 [main] INFO  http.HttpServer2 (HttpServer2.java:bindListener(1250)) - Jetty bound to port 15090
2023-05-31 22:57:36,383 [main] INFO  server.Server (Server.java:doStart(375)) - jetty-9.4.51.v20230217; built: 2023-02-17T08:19:37.309Z; git: b45c405e4544384de066f814ed42ae3dceacdd49; jvm 1.8.0_362-b09
2023-05-31 22:57:36,394 [main] INFO  server.session (DefaultSessionIdManager.java:doStart(334)) - DefaultSessionIdManager workerName=node0
2023-05-31 22:57:36,395 [main] INFO  server.session (DefaultSessionIdManager.java:doStart(339)) - No SessionScavenger set, using defaults
2023-05-31 22:57:36,395 [main] INFO  server.session (HouseKeeper.java:startScavenging(132)) - node0 Scavenging every 600000ms
2023-05-31 22:57:36,396 [main] INFO  handler.ContextHandler (ContextHandler.java:doStart(921)) - Started o.e.j.s.ServletContextHandler@35c8d32a{logs,/logs,file:///home/runner/work/ozone/ozone/hadoop-ozone/integration-test/target/log,AVAILABLE}
2023-05-31 22:57:36,398 [main] INFO  handler.ContextHandler (ContextHandler.java:doStart(921)) - Started o.e.j.s.ServletContextHandler@abc67a{static,/static,jar:file:/home/runner/.m2/repository/org/apache/ozone/hdds-container-service/1.4.0-SNAPSHOT/hdds-container-service-1.4.0-SNAPSHOT.jar!/webapps/static,AVAILABLE}
2023-05-31 22:57:36,510 [EndpointStateMachine task thread for /0.0.0.0:15002 - 0 ] INFO  utils.DatanodeStoreCache (DatanodeStoreCache.java:addDB(66)) - Added db /home/runner/work/ozone/ozone/hadoop-ozone/integration-test/target/test-dir/MiniOzoneClusterImpl-816a41a7-5c89-4e8c-81ba-db0c8b26fb2d/datanode-4/data-0/containers/hdds/816a41a7-5c89-4e8c-81ba-db0c8b26fb2d/DS-adb3919a-8028-4026-a78b-f21ab2fb89bf/container.db to cache
2023-05-31 22:57:36,510 [EndpointStateMachine task thread for /0.0.0.0:15002 - 0 ] INFO  volume.HddsVolume (HddsVolume.java:createDbStore(350)) - SchemaV3 db is created and loaded at /home/runner/work/ozone/ozone/hadoop-ozone/integration-test/target/test-dir/MiniOzoneClusterImpl-816a41a7-5c89-4e8c-81ba-db0c8b26fb2d/datanode-4/data-0/containers/hdds/816a41a7-5c89-4e8c-81ba-db0c8b26fb2d/DS-adb3919a-8028-4026-a78b-f21ab2fb89bf/container.db for volume DS-adb3919a-8028-4026-a78b-f21ab2fb89bf
2023-05-31 22:57:36,511 [EndpointStateMachine task thread for /0.0.0.0:15002 - 0 ] INFO  ozoneimpl.OzoneContainer (OzoneContainer.java:start(398)) - Attempting to start container services.
2023-05-31 22:57:36,511 [EndpointStateMachine task thread for /0.0.0.0:15002 - 0 ] INFO  ozoneimpl.OzoneContainer (OzoneContainer.java:startContainerScrub(314)) - Scheduled background container scanners and the on-demand container scanner have been disabled.
2023-05-31 22:57:36,514 [EndpointStateMachine task thread for /0.0.0.0:15002 - 0 ] INFO  replication.ReplicationServer (ReplicationServer.java:start(128)) - ReplicationServer is started using port 15052
2023-05-31 22:57:36,514 [EndpointStateMachine task thread for /0.0.0.0:15002 - 0 ] INFO  ratis.XceiverServerRatis (XceiverServerRatis.java:start(517)) - Starting XceiverServerRatis 9d40cccf-8c3a-4da2-ab03-ca5c7975d909
2023-05-31 22:57:36,522 [EndpointStateMachine task thread for /0.0.0.0:15002 - 0 ] INFO  server.RaftServer (RaftServerProxy.java:startImpl(400)) - 9d40cccf-8c3a-4da2-ab03-ca5c7975d909: start RPC server
2023-05-31 22:57:36,530 [EndpointStateMachine task thread for /0.0.0.0:15002 - 0 ] INFO  server.GrpcService (GrpcService.java:startImpl(302)) - 9d40cccf-8c3a-4da2-ab03-ca5c7975d909: GrpcService started, listening on 15048
2023-05-31 22:57:36,532 [EndpointStateMachine task thread for /0.0.0.0:15002 - 0 ] INFO  server.GrpcService (GrpcService.java:startImpl(302)) - 9d40cccf-8c3a-4da2-ab03-ca5c7975d909: GrpcService started, listening on 15050
2023-05-31 22:57:36,537 [EndpointStateMachine task thread for /0.0.0.0:15002 - 0 ] INFO  server.GrpcService (GrpcService.java:startImpl(302)) - 9d40cccf-8c3a-4da2-ab03-ca5c7975d909: GrpcService started, listening on 15049
2023-05-31 22:57:36,538 [EndpointStateMachine task thread for /0.0.0.0:15002 - 0 ] INFO  ratis.XceiverServerRatis (XceiverServerRatis.java:getRealPort(543)) - XceiverServerRatis 9d40cccf-8c3a-4da2-ab03-ca5c7975d909 is started using port 15048 for RATIS
2023-05-31 22:57:36,538 [EndpointStateMachine task thread for /0.0.0.0:15002 - 0 ] INFO  ratis.XceiverServerRatis (XceiverServerRatis.java:getRealPort(543)) - XceiverServerRatis 9d40cccf-8c3a-4da2-ab03-ca5c7975d909 is started using port 15049 for RATIS_ADMIN
2023-05-31 22:57:36,538 [EndpointStateMachine task thread for /0.0.0.0:15002 - 0 ] INFO  ratis.XceiverServerRatis (XceiverServerRatis.java:getRealPort(543)) - XceiverServerRatis 9d40cccf-8c3a-4da2-ab03-ca5c7975d909 is started using port 15050 for RATIS_SERVER
2023-05-31 22:57:36,538 [EndpointStateMachine task thread for /0.0.0.0:15002 - 0 ] INFO  ratis.XceiverServerRatis (XceiverServerRatis.java:getRealPort(543)) - XceiverServerRatis 9d40cccf-8c3a-4da2-ab03-ca5c7975d909 is started using port 15051 for RATIS_DATASTREAM
2023-05-31 22:57:36,538 [JvmPauseMonitor5] INFO  util.JvmPauseMonitor (JvmPauseMonitor.java:run(103)) - JvmPauseMonitor-9d40cccf-8c3a-4da2-ab03-ca5c7975d909: Started
2023-05-31 22:57:36,557 [BlockDeletingService#0] INFO  interfaces.ContainerDeletionChoosingPolicyTemplate (ContainerDeletionChoosingPolicyTemplate.java:chooseContainerForBlockDeletion(83)) - Chosen 0/5000 blocks from 0 candidate containers.
2023-05-31 22:57:36,700 [main] INFO  handler.ContextHandler (ContextHandler.java:doStart(921)) - Started o.e.j.w.WebAppContext@23b046a8{hddsDatanode,/,file:///home/runner/work/ozone/ozone/hadoop-ozone/integration-test/target/test-dir/MiniOzoneClusterImpl-816a41a7-5c89-4e8c-81ba-db0c8b26fb2d/datanode-9/meta/webserver/jetty-0_0_0_0-15090-hdds-container-service-1_4_0-SNAPSHOT_jar-_-any-5475222628118445658/webapp/,AVAILABLE}{jar:file:/home/runner/.m2/repository/org/apache/ozone/hdds-container-service/1.4.0-SNAPSHOT/hdds-container-service-1.4.0-SNAPSHOT.jar!/webapps/hddsDatanode}
2023-05-31 22:57:36,702 [main] INFO  server.AbstractConnector (AbstractConnector.java:doStart(333)) - Started ServerConnector@44dba492{HTTP/1.1, (http/1.1)}{0.0.0.0:15090}
2023-05-31 22:57:36,702 [main] INFO  server.Server (Server.java:doStart(415)) - Started @14982ms
2023-05-31 22:57:36,706 [main] WARN  impl.MetricsSystemImpl (MetricsSystemImpl.java:register(279)) - Sink prometheus already exists!
2023-05-31 22:57:36,715 [main] INFO  http.BaseHttpServer (BaseHttpServer.java:updateConnectorAddress(344)) - HTTP server of hddsDatanode listening at http://0.0.0.0:15090
2023-05-31 22:57:36,718 [main] INFO  ipc.CallQueueManager (CallQueueManager.java:<init>(90)) - Using callQueue: class java.util.concurrent.LinkedBlockingQueue, queueCapacity: 100, scheduler: class org.apache.hadoop.ipc.DefaultRpcScheduler, ipcBackoff: false.
2023-05-31 22:57:36,723 [Socket Reader #1 for port 15091] INFO  ipc.Server (Server.java:run(1319)) - Starting Socket Reader #1 for port 15091
2023-05-31 22:57:36,737 [Listener at 0.0.0.0/15091] INFO  hdds.HddsUtils (HddsUtils.java:preserveThreadName(843)) - Restoring thread name: main
2023-05-31 22:57:36,737 [main] INFO  ozone.HddsDatanodeService (HddsDatanodeService.java:start(337)) - Datanode start with admins: [runner]
2023-05-31 22:57:36,737 [main] INFO  ozone.HddsDatanodeClientProtocolServer (HddsDatanodeClientProtocolServer.java:start(83)) - RPC server for Client /0.0.0.0:15091
2023-05-31 22:57:36,738 [IPC Server Responder] INFO  ipc.Server (Server.java:run(1558)) - IPC Server Responder: starting
2023-05-31 22:57:36,751 [main] WARN  impl.MetricRegistriesImpl (MetricRegistriesImpl.java:addReporterRegistration(111)) - New reporters are added after registries were created. Some metrics will be missing from the reporter. Please add reporter before adding any new registry.
2023-05-31 22:57:36,751 [main] WARN  impl.MetricRegistriesImpl (MetricRegistriesImpl.java:addReporterRegistration(111)) - New reporters are added after registries were created. Some metrics will be missing from the reporter. Please add reporter before adding any new registry.
2023-05-31 22:57:36,751 [main] INFO  impl.MetricsSystemImpl (MetricsSystemImpl.java:init(158)) - HddsDatanode metrics system started (again)
2023-05-31 22:57:36,759 [IPC Server listener on 15091] INFO  ipc.Server (Server.java:run(1398)) - IPC Server listener on 15091: starting
2023-05-31 22:57:36,773 [Datanode State Machine Daemon Thread] INFO  statemachine.DatanodeStateMachine (DatanodeStateMachine.java:lambda$startDaemon$0(537)) - Ozone container server started.
2023-05-31 22:57:36,779 [main] INFO  ozone.HddsDatanodeService (HddsDatanodeService.java:start(264)) - HddsDatanodeService host:fv-az844-56.kvdfyhrxhd0epk3sa4trub4njc.xx.internal.cloudapp.net ip:10.1.0.15
2023-05-31 22:57:36,786 [IPC Server handler 1 on default port 15002] INFO  net.NetworkTopologyImpl (NetworkTopologyImpl.java:add(112)) - Added a new node: /default-rack/9a93b867-0c49-44e3-a75c-2e530498b118
2023-05-31 22:57:36,788 [org.apache.hadoop.util.JvmPauseMonitor$Monitor@7f7e6fe6] INFO  util.JvmPauseMonitor (JvmPauseMonitor.java:run(188)) - Starting JVM pause monitor
2023-05-31 22:57:36,793 [IPC Server handler 1 on default port 15002] INFO  node.SCMNodeManager (SCMNodeManager.java:register(407)) - Registered Data node : 9a93b867-0c49-44e3-a75c-2e530498b118{ip: 10.1.0.15, host: fv-az844-56.kvdfyhrxhd0epk3sa4trub4njc.xx.internal.cloudapp.net, ports: [HTTP=15009, CLIENT_RPC=15010, REPLICATION=15016, RATIS=15012, RATIS_ADMIN=15013, RATIS_SERVER=15014, RATIS_DATASTREAM=15015, STANDALONE=15011], networkLocation: /default-rack, certSerialId: null, persistedOpState: null, persistedOpStateExpiryEpochSec: 0}
2023-05-31 22:57:36,792 [Datanode State Machine Task Thread - 0] INFO  datanode.InitDatanodeState (InitDatanodeState.java:persistContainerDatanodeDetails(138)) - DatanodeDetails is persisted to /home/runner/work/ozone/ozone/hadoop-ozone/integration-test/target/test-dir/MiniOzoneClusterImpl-816a41a7-5c89-4e8c-81ba-db0c8b26fb2d/datanode-9/meta/datanode.id
2023-05-31 22:57:36,803 [EventQueue-NewNodeForNewNodeHandler] INFO  pipeline.BackgroundPipelineCreator (BackgroundPipelineCreator.java:notifyEventTriggered(276)) - trigger a one-shot run on RatisPipelineUtilsThread.
2023-05-31 22:57:36,807 [EventQueue-NodeRegistrationContainerReportForContainerSafeModeRule] INFO  safemode.SCMSafeModeManager (SCMSafeModeManager.java:validateSafeModeExitRules(200)) - ContainerSafeModeRule rule is successfully validated
2023-05-31 22:57:36,808 [EventQueue-NodeRegistrationContainerReportForDataNodeSafeModeRule] INFO  safemode.SCMSafeModeManager (DataNodeSafeModeRule.java:process(71)) - SCM in safe mode. 1 DataNodes registered, 3 required.
2023-05-31 22:57:36,817 [EventQueue-PipelineReportForOneReplicaPipelineSafeModeRule] INFO  safemode.SCMSafeModeManager (SCMSafeModeManager.java:validateSafeModeExitRules(200)) - AtleastOneDatanodeReportedRule rule is successfully validated
2023-05-31 22:57:36,819 [RatisPipelineUtilsThread - 0] INFO  pipeline.RatisPipelineProvider (RatisPipelineProvider.java:lambda$create$0(206)) - Sending CreatePipelineCommand for pipeline:PipelineID=8bd76bf6-10fa-45d0-8a8e-23acfbbdca43 to datanode:9a93b867-0c49-44e3-a75c-2e530498b118
2023-05-31 22:57:36,823 [main] INFO  upgrade.AbstractLayoutVersionManager (AbstractLayoutVersionManager.java:init(83)) - Initializing Layout version manager with metadata layout = HADOOP_PRC_PORTS_IN_DATANODEDETAILS (version = 7), software layout = HADOOP_PRC_PORTS_IN_DATANODEDETAILS (version = 7)
2023-05-31 22:57:36,825 [main] INFO  statemachine.DatanodeStateMachine (DatanodeStateMachine.java:getEndPointTaskThreadPoolSize(275)) - Datanode State Machine Task Thread Pool size 2
2023-05-31 22:57:36,828 [main] INFO  volume.HddsVolume (HddsVolume.java:<init>(130)) - Creating HddsVolume: /home/runner/work/ozone/ozone/hadoop-ozone/integration-test/target/test-dir/MiniOzoneClusterImpl-816a41a7-5c89-4e8c-81ba-db0c8b26fb2d/datanode-10/data-0/containers/hdds of storage type : DISK capacity : 9223372036854775807
2023-05-31 22:57:36,829 [main] INFO  volume.MutableVolumeSet (MutableVolumeSet.java:initializeVolumeSet(175)) - Added Volume : /home/runner/work/ozone/ozone/hadoop-ozone/integration-test/target/test-dir/MiniOzoneClusterImpl-816a41a7-5c89-4e8c-81ba-db0c8b26fb2d/datanode-10/data-0/containers/hdds to VolumeSet
2023-05-31 22:57:36,829 [main] INFO  volume.ThrottledAsyncChecker (ThrottledAsyncChecker.java:schedule(141)) - Scheduling a check for /home/runner/work/ozone/ozone/hadoop-ozone/integration-test/target/test-dir/MiniOzoneClusterImpl-816a41a7-5c89-4e8c-81ba-db0c8b26fb2d/datanode-10/data-0/containers/hdds
2023-05-31 22:57:36,831 [RatisPipelineUtilsThread - 0] INFO  pipeline.PipelineStateManagerImpl (PipelineStateManagerImpl.java:addPipeline(103)) - Created pipeline Pipeline[ Id: 8bd76bf6-10fa-45d0-8a8e-23acfbbdca43, Nodes: 9a93b867-0c49-44e3-a75c-2e530498b118(fv-az844-56.kvdfyhrxhd0epk3sa4trub4njc.xx.internal.cloudapp.net/10.1.0.15), ReplicationConfig: RATIS/ONE, State:ALLOCATED, leaderId:, CreationTimestamp2023-05-31T22:57:36.818Z[Etc/UTC]].
2023-05-31 22:57:36,834 [main] INFO  volume.StorageVolumeChecker (StorageVolumeChecker.java:checkAllVolumes(202)) - Scheduled health check for volume /home/runner/work/ozone/ozone/hadoop-ozone/integration-test/target/test-dir/MiniOzoneClusterImpl-816a41a7-5c89-4e8c-81ba-db0c8b26fb2d/datanode-10/data-0/containers/hdds
2023-05-31 22:57:36,847 [main] INFO  volume.MutableVolumeSet (MutableVolumeSet.java:initializeVolumeSet(175)) - Added Volume : /home/runner/work/ozone/ozone/hadoop-ozone/integration-test/target/test-dir/MiniOzoneClusterImpl-816a41a7-5c89-4e8c-81ba-db0c8b26fb2d/datanode-10/data/ratis to VolumeSet
2023-05-31 22:57:36,848 [main] INFO  volume.ThrottledAsyncChecker (ThrottledAsyncChecker.java:schedule(141)) - Scheduling a check for /home/runner/work/ozone/ozone/hadoop-ozone/integration-test/target/test-dir/MiniOzoneClusterImpl-816a41a7-5c89-4e8c-81ba-db0c8b26fb2d/datanode-10/data/ratis
2023-05-31 22:57:36,848 [main] INFO  volume.StorageVolumeChecker (StorageVolumeChecker.java:checkAllVolumes(202)) - Scheduled health check for volume /home/runner/work/ozone/ozone/hadoop-ozone/integration-test/target/test-dir/MiniOzoneClusterImpl-816a41a7-5c89-4e8c-81ba-db0c8b26fb2d/datanode-10/data/ratis
2023-05-31 22:57:36,862 [Thread-355] INFO  ozoneimpl.ContainerReader (ContainerReader.java:readVolume(175)) - Finish verifying containers on volume /home/runner/work/ozone/ozone/hadoop-ozone/integration-test/target/test-dir/MiniOzoneClusterImpl-816a41a7-5c89-4e8c-81ba-db0c8b26fb2d/datanode-10/data-0/containers/hdds
2023-05-31 22:57:36,862 [main] INFO  ozoneimpl.OzoneContainer (OzoneContainer.java:buildContainerSet(303)) - Build ContainerSet costs 0s
2023-05-31 22:57:36,864 [main] INFO  server.RaftServer (ConfUtils.java:logGet(46)) - raft.rpc.type = GRPC (default)
2023-05-31 22:57:36,865 [main] INFO  grpc.GrpcConfigKeys (ConfUtils.java:logFallback(53)) - raft.grpc.admin.host = null (fallback to raft.grpc.server.host)
2023-05-31 22:57:36,865 [main] INFO  grpc.GrpcConfigKeys (ConfUtils.java:logGet(46)) - raft.grpc.admin.port = 15103 (custom)
2023-05-31 22:57:36,865 [main] INFO  grpc.GrpcConfigKeys (ConfUtils.java:logFallback(53)) - raft.grpc.client.host = null (fallback to raft.grpc.server.host)
2023-05-31 22:57:36,865 [main] INFO  grpc.GrpcConfigKeys (ConfUtils.java:logGet(46)) - raft.grpc.client.port = 15102 (custom)
2023-05-31 22:57:36,865 [main] INFO  grpc.GrpcConfigKeys (ConfUtils.java:logGet(46)) - raft.grpc.server.host = null (default)
2023-05-31 22:57:36,866 [main] INFO  grpc.GrpcConfigKeys (ConfUtils.java:logGet(46)) - raft.grpc.server.port = 15104 (custom)
2023-05-31 22:57:36,867 [main] INFO  server.GrpcService (ConfUtils.java:logGet(46)) - raft.grpc.message.size.max = 32MB (=33554432) (custom)
2023-05-31 22:57:36,868 [main] INFO  server.RaftServerConfigKeys (ConfUtils.java:logGet(46)) - raft.server.log.appender.buffer.byte-limit = 33554432 (custom)
2023-05-31 22:57:36,868 [main] INFO  server.GrpcService (ConfUtils.java:logGet(46)) - raft.grpc.flow.control.window = 5MB (=5242880) (custom)
2023-05-31 22:57:36,870 [main] INFO  server.RaftServerConfigKeys (ConfUtils.java:logGet(46)) - raft.server.rpc.request.timeout = 60s (custom)
2023-05-31 22:57:36,870 [main] INFO  grpc.GrpcConfigKeys (ConfUtils.java:logGet(46)) - raft.grpc.server.heartbeat.channel = true (default)
2023-05-31 22:57:36,871 [main] INFO  grpc.GrpcConfigKeys (ConfUtils.java:logGet(46)) - raft.grpc.server.async.request.thread.pool.cached = true (default)
2023-05-31 22:57:36,871 [main] INFO  grpc.GrpcConfigKeys (ConfUtils.java:logGet(46)) - raft.grpc.server.async.request.thread.pool.size = 32 (default)
2023-05-31 22:57:36,875 [main] INFO  impl.DataStreamServerImpl (ConfUtils.java:logGet(46)) - raft.datastream.type = NETTY (custom)
2023-05-31 22:57:36,876 [main] INFO  server.RaftServerConfigKeys (ConfUtils.java:logGet(46)) - raft.server.data-stream.async.request.thread.pool.cached = false (default)
2023-05-31 22:57:36,876 [main] INFO  server.RaftServerConfigKeys (ConfUtils.java:logGet(46)) - raft.server.data-stream.async.request.thread.pool.size = 20 (custom)
2023-05-31 22:57:36,876 [main] INFO  server.RaftServerConfigKeys (ConfUtils.java:logGet(46)) - raft.server.data-stream.async.write.thread.pool.size = 16 (default)
2023-05-31 22:57:36,876 [main] INFO  server.RaftServerConfigKeys (ConfUtils.java:logGet(46)) - raft.server.data-stream.client.pool.size = 10 (default)
2023-05-31 22:57:36,877 [main] INFO  netty.NettyConfigKeys$DataStream (ConfUtils.java:logGet(46)) - raft.netty.dataStream.server.use-epoll = false (default)
2023-05-31 22:57:36,877 [main] INFO  netty.NettyConfigKeys$DataStream (ConfUtils.java:logGet(46)) - raft.netty.dataStream.server.boss-group.size = 0 (default)
2023-05-31 22:57:36,877 [main] INFO  netty.NettyConfigKeys$DataStream (ConfUtils.java:logGet(46)) - raft.netty.dataStream.server.worker-group.size = 0 (default)
2023-05-31 22:57:36,878 [main] INFO  netty.NettyConfigKeys$DataStream (ConfUtils.java:logGet(46)) - raft.netty.dataStream.server.tls.conf = null (default)
2023-05-31 22:57:36,878 [main] INFO  netty.NettyConfigKeys$DataStream (ConfUtils.java:logGet(46)) - raft.netty.dataStream.host = null (default)
2023-05-31 22:57:36,878 [main] INFO  netty.NettyConfigKeys$DataStream (ConfUtils.java:logGet(46)) - raft.netty.dataStream.port = 15105 (custom)
2023-05-31 22:57:36,886 [main] INFO  server.RaftServerConfigKeys (ConfUtils.java:logGet(46)) - raft.server.threadpool.proxy.cached = true (default)
2023-05-31 22:57:36,889 [main] INFO  server.RaftServerConfigKeys (ConfUtils.java:logGet(46)) - raft.server.threadpool.proxy.size = 0 (default)
2023-05-31 22:57:36,889 [main] INFO  server.RaftServerConfigKeys (ConfUtils.java:logGet(46)) - raft.server.rpc.slowness.timeout = 300s (custom)
2023-05-31 22:57:36,889 [main] INFO  server.RaftServerConfigKeys (ConfUtils.java:logGet(46)) - raft.server.leaderelection.leader.step-down.wait-time = 10s (default)
2023-05-31 22:57:36,889 [main] INFO  server.RaftServerConfigKeys (ConfUtils.java:logGet(46)) - raft.server.storage.dir = [/home/runner/work/ozone/ozone/hadoop-ozone/integration-test/target/test-dir/MiniOzoneClusterImpl-816a41a7-5c89-4e8c-81ba-db0c8b26fb2d/datanode-10/data/ratis] (custom)
2023-05-31 22:57:36,890 [160cf24b-84e6-41e3-a0dc-1baa6b89aef1-NettyServerStreamRpc-bossGroup--thread1] INFO  logging.LoggingHandler (AbstractInternalLogger.java:log(148)) - [id: 0xe19e59e4] REGISTERED
2023-05-31 22:57:36,890 [160cf24b-84e6-41e3-a0dc-1baa6b89aef1-NettyServerStreamRpc-bossGroup--thread1] INFO  logging.LoggingHandler (AbstractInternalLogger.java:log(148)) - [id: 0xe19e59e4] BIND: 0.0.0.0/0.0.0.0:15105
2023-05-31 22:57:36,890 [160cf24b-84e6-41e3-a0dc-1baa6b89aef1-NettyServerStreamRpc-bossGroup--thread1] INFO  logging.LoggingHandler (AbstractInternalLogger.java:log(148)) - [id: 0xe19e59e4, L:/0:0:0:0:0:0:0:0:15105] ACTIVE
2023-05-31 22:57:36,896 [main] INFO  server.XceiverServerGrpc (XceiverServerGrpc.java:<init>(132)) - GrpcServer channel type EpollServerSocketChannel
2023-05-31 22:57:36,902 [main] INFO  replication.ReplicationSupervisor (ReplicationSupervisor.java:nodeStateUpdated(296)) - Node state updated to IN_SERVICE, scaling executor pool size to 10
2023-05-31 22:57:36,907 [main] INFO  http.BaseHttpServer (BaseHttpServer.java:newHttpServer2BuilderForOzone(224)) - Starting Web-server for hddsDatanode at: http://0.0.0.0:15099
2023-05-31 22:57:36,907 [main] INFO  http.BaseHttpServer (BaseHttpServer.java:<init>(111)) - Hadoop Security Enabled: false Ozone Security Enabled: false Ozone HTTP Security Enabled: false 
2023-05-31 22:57:36,909 [main] WARN  server.AuthenticationFilter (AuthenticationFilter.java:constructSecretProvider(240)) - Unable to initialize FileSignerSecretProvider, falling back to use random secrets. Reason: Could not read signature secret file: /home/runner/hadoop-http-auth-signature-secret
2023-05-31 22:57:36,910 [main] INFO  http.HttpRequestLog (HttpRequestLog.java:getRequestLog(86)) - Http request log for http.requests.hddsDatanode is not defined
2023-05-31 22:57:36,911 [main] INFO  http.HttpServer2 (HttpServer2.java:addGlobalFilter(1031)) - Added global filter 'safety' (class=org.apache.hadoop.hdds.server.http.HttpServer2$QuotingInputFilter)
2023-05-31 22:57:36,912 [main] INFO  http.HttpServer2 (HttpServer2.java:addFilter(1007)) - Added filter static_user_filter (class=org.apache.hadoop.http.lib.StaticUserWebFilter$StaticUserFilter) to context hddsDatanode
2023-05-31 22:57:36,912 [main] INFO  http.HttpServer2 (HttpServer2.java:addFilter(1015)) - Added filter static_user_filter (class=org.apache.hadoop.http.lib.StaticUserWebFilter$StaticUserFilter) to context static
2023-05-31 22:57:36,912 [main] INFO  http.HttpServer2 (HttpServer2.java:addFilter(1015)) - Added filter static_user_filter (class=org.apache.hadoop.http.lib.StaticUserWebFilter$StaticUserFilter) to context logs
2023-05-31 22:57:36,913 [main] INFO  http.BaseHttpServer (BaseHttpServer.java:<init>(190)) - HTTP server of hddsDatanode uses base directory /home/runner/work/ozone/ozone/hadoop-ozone/integration-test/target/test-dir/MiniOzoneClusterImpl-816a41a7-5c89-4e8c-81ba-db0c8b26fb2d/datanode-10/meta/webserver
2023-05-31 22:57:36,913 [main] INFO  http.HttpServer2 (HttpServer2.java:bindListener(1250)) - Jetty bound to port 15099
2023-05-31 22:57:36,914 [main] INFO  server.Server (Server.java:doStart(375)) - jetty-9.4.51.v20230217; built: 2023-02-17T08:19:37.309Z; git: b45c405e4544384de066f814ed42ae3dceacdd49; jvm 1.8.0_362-b09
2023-05-31 22:57:36,917 [main] INFO  server.session (DefaultSessionIdManager.java:doStart(334)) - DefaultSessionIdManager workerName=node0
2023-05-31 22:57:36,917 [main] INFO  server.session (DefaultSessionIdManager.java:doStart(339)) - No SessionScavenger set, using defaults
2023-05-31 22:57:36,917 [main] INFO  server.session (HouseKeeper.java:startScavenging(132)) - node0 Scavenging every 600000ms
2023-05-31 22:57:36,918 [main] INFO  handler.ContextHandler (ContextHandler.java:doStart(921)) - Started o.e.j.s.ServletContextHandler@195f7478{logs,/logs,file:///home/runner/work/ozone/ozone/hadoop-ozone/integration-test/target/log,AVAILABLE}
2023-05-31 22:57:36,919 [main] INFO  handler.ContextHandler (ContextHandler.java:doStart(921)) - Started o.e.j.s.ServletContextHandler@4df7e8b{static,/static,jar:file:/home/runner/.m2/repository/org/apache/ozone/hdds-container-service/1.4.0-SNAPSHOT/hdds-container-service-1.4.0-SNAPSHOT.jar!/webapps/static,AVAILABLE}
2023-05-31 22:57:36,998 [EndpointStateMachine task thread for /0.0.0.0:15002 - 0 ] INFO  utils.DatanodeStoreCache (DatanodeStoreCache.java:addDB(66)) - Added db /home/runner/work/ozone/ozone/hadoop-ozone/integration-test/target/test-dir/MiniOzoneClusterImpl-816a41a7-5c89-4e8c-81ba-db0c8b26fb2d/datanode-5/data-0/containers/hdds/816a41a7-5c89-4e8c-81ba-db0c8b26fb2d/DS-7f2a4e8c-262c-4e19-8902-3b3dcbb97d90/container.db to cache
2023-05-31 22:57:36,998 [EndpointStateMachine task thread for /0.0.0.0:15002 - 0 ] INFO  volume.HddsVolume (HddsVolume.java:createDbStore(350)) - SchemaV3 db is created and loaded at /home/runner/work/ozone/ozone/hadoop-ozone/integration-test/target/test-dir/MiniOzoneClusterImpl-816a41a7-5c89-4e8c-81ba-db0c8b26fb2d/datanode-5/data-0/containers/hdds/816a41a7-5c89-4e8c-81ba-db0c8b26fb2d/DS-7f2a4e8c-262c-4e19-8902-3b3dcbb97d90/container.db for volume DS-7f2a4e8c-262c-4e19-8902-3b3dcbb97d90
2023-05-31 22:57:36,998 [EndpointStateMachine task thread for /0.0.0.0:15002 - 0 ] INFO  ozoneimpl.OzoneContainer (OzoneContainer.java:start(398)) - Attempting to start container services.
2023-05-31 22:57:36,999 [EndpointStateMachine task thread for /0.0.0.0:15002 - 0 ] INFO  ozoneimpl.OzoneContainer (OzoneContainer.java:startContainerScrub(314)) - Scheduled background container scanners and the on-demand container scanner have been disabled.
2023-05-31 22:57:37,002 [EndpointStateMachine task thread for /0.0.0.0:15002 - 0 ] INFO  replication.ReplicationServer (ReplicationServer.java:start(128)) - ReplicationServer is started using port 15061
2023-05-31 22:57:37,002 [EndpointStateMachine task thread for /0.0.0.0:15002 - 0 ] INFO  ratis.XceiverServerRatis (XceiverServerRatis.java:start(517)) - Starting XceiverServerRatis 83cc0f91-5896-42fb-be30-113915710489
2023-05-31 22:57:37,019 [EndpointStateMachine task thread for /0.0.0.0:15002 - 0 ] INFO  server.RaftServer (RaftServerProxy.java:startImpl(400)) - 83cc0f91-5896-42fb-be30-113915710489: start RPC server
2023-05-31 22:57:37,021 [EndpointStateMachine task thread for /0.0.0.0:15002 - 0 ] INFO  server.GrpcService (GrpcService.java:startImpl(302)) - 83cc0f91-5896-42fb-be30-113915710489: GrpcService started, listening on 15057
2023-05-31 22:57:37,023 [EndpointStateMachine task thread for /0.0.0.0:15002 - 0 ] INFO  server.GrpcService (GrpcService.java:startImpl(302)) - 83cc0f91-5896-42fb-be30-113915710489: GrpcService started, listening on 15059
2023-05-31 22:57:37,025 [EndpointStateMachine task thread for /0.0.0.0:15002 - 0 ] INFO  server.GrpcService (GrpcService.java:startImpl(302)) - 83cc0f91-5896-42fb-be30-113915710489: GrpcService started, listening on 15058
2023-05-31 22:57:37,029 [EndpointStateMachine task thread for /0.0.0.0:15002 - 0 ] INFO  ratis.XceiverServerRatis (XceiverServerRatis.java:getRealPort(543)) - XceiverServerRatis 83cc0f91-5896-42fb-be30-113915710489 is started using port 15057 for RATIS
2023-05-31 22:57:37,029 [EndpointStateMachine task thread for /0.0.0.0:15002 - 0 ] INFO  ratis.XceiverServerRatis (XceiverServerRatis.java:getRealPort(543)) - XceiverServerRatis 83cc0f91-5896-42fb-be30-113915710489 is started using port 15058 for RATIS_ADMIN
2023-05-31 22:57:37,029 [EndpointStateMachine task thread for /0.0.0.0:15002 - 0 ] INFO  ratis.XceiverServerRatis (XceiverServerRatis.java:getRealPort(543)) - XceiverServerRatis 83cc0f91-5896-42fb-be30-113915710489 is started using port 15059 for RATIS_SERVER
2023-05-31 22:57:37,029 [EndpointStateMachine task thread for /0.0.0.0:15002 - 0 ] INFO  ratis.XceiverServerRatis (XceiverServerRatis.java:getRealPort(543)) - XceiverServerRatis 83cc0f91-5896-42fb-be30-113915710489 is started using port 15060 for RATIS_DATASTREAM
2023-05-31 22:57:37,030 [JvmPauseMonitor6] INFO  util.JvmPauseMonitor (JvmPauseMonitor.java:run(103)) - JvmPauseMonitor-83cc0f91-5896-42fb-be30-113915710489: Started
2023-05-31 22:57:37,039 [BlockDeletingService#0] INFO  interfaces.ContainerDeletionChoosingPolicyTemplate (ContainerDeletionChoosingPolicyTemplate.java:chooseContainerForBlockDeletion(83)) - Chosen 0/5000 blocks from 0 candidate containers.
2023-05-31 22:57:37,238 [IPC Server handler 3 on default port 15002] INFO  net.NetworkTopologyImpl (NetworkTopologyImpl.java:add(112)) - Added a new node: /default-rack/697d5b73-3ed9-4d18-b9d9-ca13a08090ac
2023-05-31 22:57:37,238 [IPC Server handler 3 on default port 15002] INFO  node.SCMNodeManager (SCMNodeManager.java:register(407)) - Registered Data node : 697d5b73-3ed9-4d18-b9d9-ca13a08090ac{ip: 10.1.0.15, host: fv-az844-56.kvdfyhrxhd0epk3sa4trub4njc.xx.internal.cloudapp.net, ports: [HTTP=15018, CLIENT_RPC=15019, REPLICATION=15025, RATIS=15021, RATIS_ADMIN=15022, RATIS_SERVER=15023, RATIS_DATASTREAM=15024, STANDALONE=15020], networkLocation: /default-rack, certSerialId: null, persistedOpState: null, persistedOpStateExpiryEpochSec: 0}
2023-05-31 22:57:37,239 [EventQueue-NewNodeForNewNodeHandler] INFO  pipeline.BackgroundPipelineCreator (BackgroundPipelineCreator.java:notifyEventTriggered(276)) - trigger a one-shot run on RatisPipelineUtilsThread.
2023-05-31 22:57:37,239 [EventQueue-NodeRegistrationContainerReportForDataNodeSafeModeRule] INFO  safemode.SCMSafeModeManager (DataNodeSafeModeRule.java:process(71)) - SCM in safe mode. 2 DataNodes registered, 3 required.
2023-05-31 22:57:37,247 [RatisPipelineUtilsThread - 0] INFO  pipeline.RatisPipelineProvider (RatisPipelineProvider.java:lambda$create$0(206)) - Sending CreatePipelineCommand for pipeline:PipelineID=4d129825-74e0-4a00-8998-8b17654c19d6 to datanode:697d5b73-3ed9-4d18-b9d9-ca13a08090ac
2023-05-31 22:57:37,248 [RatisPipelineUtilsThread - 0] INFO  pipeline.PipelineStateManagerImpl (PipelineStateManagerImpl.java:addPipeline(103)) - Created pipeline Pipeline[ Id: 4d129825-74e0-4a00-8998-8b17654c19d6, Nodes: 697d5b73-3ed9-4d18-b9d9-ca13a08090ac(fv-az844-56.kvdfyhrxhd0epk3sa4trub4njc.xx.internal.cloudapp.net/10.1.0.15), ReplicationConfig: RATIS/ONE, State:ALLOCATED, leaderId:, CreationTimestamp2023-05-31T22:57:37.247Z[Etc/UTC]].
2023-05-31 22:57:37,308 [main] INFO  handler.ContextHandler (ContextHandler.java:doStart(921)) - Started o.e.j.w.WebAppContext@6920c264{hddsDatanode,/,file:///home/runner/work/ozone/ozone/hadoop-ozone/integration-test/target/test-dir/MiniOzoneClusterImpl-816a41a7-5c89-4e8c-81ba-db0c8b26fb2d/datanode-10/meta/webserver/jetty-0_0_0_0-15099-hdds-container-service-1_4_0-SNAPSHOT_jar-_-any-7937968552471280364/webapp/,AVAILABLE}{jar:file:/home/runner/.m2/repository/org/apache/ozone/hdds-container-service/1.4.0-SNAPSHOT/hdds-container-service-1.4.0-SNAPSHOT.jar!/webapps/hddsDatanode}
2023-05-31 22:57:37,312 [main] INFO  server.AbstractConnector (AbstractConnector.java:doStart(333)) - Started ServerConnector@3deba98e{HTTP/1.1, (http/1.1)}{0.0.0.0:15099}
2023-05-31 22:57:37,313 [main] INFO  server.Server (Server.java:doStart(415)) - Started @15593ms
2023-05-31 22:57:37,313 [main] WARN  impl.MetricsSystemImpl (MetricsSystemImpl.java:register(279)) - Sink prometheus already exists!
2023-05-31 22:57:37,314 [main] INFO  http.BaseHttpServer (BaseHttpServer.java:updateConnectorAddress(344)) - HTTP server of hddsDatanode listening at http://0.0.0.0:15099
2023-05-31 22:57:37,314 [main] INFO  ipc.CallQueueManager (CallQueueManager.java:<init>(90)) - Using callQueue: class java.util.concurrent.LinkedBlockingQueue, queueCapacity: 100, scheduler: class org.apache.hadoop.ipc.DefaultRpcScheduler, ipcBackoff: false.
2023-05-31 22:57:37,315 [Socket Reader #1 for port 15100] INFO  ipc.Server (Server.java:run(1319)) - Starting Socket Reader #1 for port 15100
2023-05-31 22:57:37,317 [Listener at 0.0.0.0/15100] INFO  hdds.HddsUtils (HddsUtils.java:preserveThreadName(843)) - Restoring thread name: main
2023-05-31 22:57:37,319 [main] INFO  ozone.HddsDatanodeService (HddsDatanodeService.java:start(337)) - Datanode start with admins: [runner]
2023-05-31 22:57:37,319 [main] INFO  ozone.HddsDatanodeClientProtocolServer (HddsDatanodeClientProtocolServer.java:start(83)) - RPC server for Client /0.0.0.0:15100
2023-05-31 22:57:37,324 [IPC Server Responder] INFO  ipc.Server (Server.java:run(1558)) - IPC Server Responder: starting
2023-05-31 22:57:37,324 [IPC Server listener on 15100] INFO  ipc.Server (Server.java:run(1398)) - IPC Server listener on 15100: starting
2023-05-31 22:57:37,324 [main] WARN  impl.MetricRegistriesImpl (MetricRegistriesImpl.java:addReporterRegistration(111)) - New reporters are added after registries were created. Some metrics will be missing from the reporter. Please add reporter before adding any new registry.
2023-05-31 22:57:37,325 [main] WARN  impl.MetricRegistriesImpl (MetricRegistriesImpl.java:addReporterRegistration(111)) - New reporters are added after registries were created. Some metrics will be missing from the reporter. Please add reporter before adding any new registry.
2023-05-31 22:57:37,325 [main] INFO  impl.MetricsSystemImpl (MetricsSystemImpl.java:init(158)) - HddsDatanode metrics system started (again)
2023-05-31 22:57:37,349 [Datanode State Machine Daemon Thread] INFO  statemachine.DatanodeStateMachine (DatanodeStateMachine.java:lambda$startDaemon$0(537)) - Ozone container server started.
2023-05-31 22:57:37,399 [org.apache.hadoop.util.JvmPauseMonitor$Monitor@5797c636] INFO  util.JvmPauseMonitor (JvmPauseMonitor.java:run(188)) - Starting JVM pause monitor
2023-05-31 22:57:37,417 [main] INFO  ozone.HddsDatanodeService (HddsDatanodeService.java:start(264)) - HddsDatanodeService host:fv-az844-56.kvdfyhrxhd0epk3sa4trub4njc.xx.internal.cloudapp.net ip:10.1.0.15
2023-05-31 22:57:37,431 [Datanode State Machine Task Thread - 0] INFO  datanode.InitDatanodeState (InitDatanodeState.java:persistContainerDatanodeDetails(138)) - DatanodeDetails is persisted to /home/runner/work/ozone/ozone/hadoop-ozone/integration-test/target/test-dir/MiniOzoneClusterImpl-816a41a7-5c89-4e8c-81ba-db0c8b26fb2d/datanode-10/meta/datanode.id
2023-05-31 22:57:37,451 [main] INFO  upgrade.AbstractLayoutVersionManager (AbstractLayoutVersionManager.java:init(83)) - Initializing Layout version manager with metadata layout = HADOOP_PRC_PORTS_IN_DATANODEDETAILS (version = 7), software layout = HADOOP_PRC_PORTS_IN_DATANODEDETAILS (version = 7)
2023-05-31 22:57:37,452 [main] INFO  statemachine.DatanodeStateMachine (DatanodeStateMachine.java:getEndPointTaskThreadPoolSize(275)) - Datanode State Machine Task Thread Pool size 2
2023-05-31 22:57:37,454 [main] INFO  volume.HddsVolume (HddsVolume.java:<init>(130)) - Creating HddsVolume: /home/runner/work/ozone/ozone/hadoop-ozone/integration-test/target/test-dir/MiniOzoneClusterImpl-816a41a7-5c89-4e8c-81ba-db0c8b26fb2d/datanode-11/data-0/containers/hdds of storage type : DISK capacity : 9223372036854775807
2023-05-31 22:57:37,454 [main] INFO  volume.MutableVolumeSet (MutableVolumeSet.java:initializeVolumeSet(175)) - Added Volume : /home/runner/work/ozone/ozone/hadoop-ozone/integration-test/target/test-dir/MiniOzoneClusterImpl-816a41a7-5c89-4e8c-81ba-db0c8b26fb2d/datanode-11/data-0/containers/hdds to VolumeSet
2023-05-31 22:57:37,454 [main] INFO  volume.ThrottledAsyncChecker (ThrottledAsyncChecker.java:schedule(141)) - Scheduling a check for /home/runner/work/ozone/ozone/hadoop-ozone/integration-test/target/test-dir/MiniOzoneClusterImpl-816a41a7-5c89-4e8c-81ba-db0c8b26fb2d/datanode-11/data-0/containers/hdds
2023-05-31 22:57:37,456 [main] INFO  volume.StorageVolumeChecker (StorageVolumeChecker.java:checkAllVolumes(202)) - Scheduled health check for volume /home/runner/work/ozone/ozone/hadoop-ozone/integration-test/target/test-dir/MiniOzoneClusterImpl-816a41a7-5c89-4e8c-81ba-db0c8b26fb2d/datanode-11/data-0/containers/hdds
2023-05-31 22:57:37,474 [main] INFO  volume.MutableVolumeSet (MutableVolumeSet.java:initializeVolumeSet(175)) - Added Volume : /home/runner/work/ozone/ozone/hadoop-ozone/integration-test/target/test-dir/MiniOzoneClusterImpl-816a41a7-5c89-4e8c-81ba-db0c8b26fb2d/datanode-11/data/ratis to VolumeSet
2023-05-31 22:57:37,475 [main] INFO  volume.ThrottledAsyncChecker (ThrottledAsyncChecker.java:schedule(141)) - Scheduling a check for /home/runner/work/ozone/ozone/hadoop-ozone/integration-test/target/test-dir/MiniOzoneClusterImpl-816a41a7-5c89-4e8c-81ba-db0c8b26fb2d/datanode-11/data/ratis
2023-05-31 22:57:37,475 [main] INFO  volume.StorageVolumeChecker (StorageVolumeChecker.java:checkAllVolumes(202)) - Scheduled health check for volume /home/runner/work/ozone/ozone/hadoop-ozone/integration-test/target/test-dir/MiniOzoneClusterImpl-816a41a7-5c89-4e8c-81ba-db0c8b26fb2d/datanode-11/data/ratis
2023-05-31 22:57:37,481 [EndpointStateMachine task thread for /0.0.0.0:15002 - 0 ] INFO  utils.DatanodeStoreCache (DatanodeStoreCache.java:addDB(66)) - Added db /home/runner/work/ozone/ozone/hadoop-ozone/integration-test/target/test-dir/MiniOzoneClusterImpl-816a41a7-5c89-4e8c-81ba-db0c8b26fb2d/datanode-6/data-0/containers/hdds/816a41a7-5c89-4e8c-81ba-db0c8b26fb2d/DS-a688ec15-efdf-4eed-9940-0623b9a84bf2/container.db to cache
2023-05-31 22:57:37,481 [EndpointStateMachine task thread for /0.0.0.0:15002 - 0 ] INFO  volume.HddsVolume (HddsVolume.java:createDbStore(350)) - SchemaV3 db is created and loaded at /home/runner/work/ozone/ozone/hadoop-ozone/integration-test/target/test-dir/MiniOzoneClusterImpl-816a41a7-5c89-4e8c-81ba-db0c8b26fb2d/datanode-6/data-0/containers/hdds/816a41a7-5c89-4e8c-81ba-db0c8b26fb2d/DS-a688ec15-efdf-4eed-9940-0623b9a84bf2/container.db for volume DS-a688ec15-efdf-4eed-9940-0623b9a84bf2
2023-05-31 22:57:37,481 [EndpointStateMachine task thread for /0.0.0.0:15002 - 0 ] INFO  ozoneimpl.OzoneContainer (OzoneContainer.java:start(398)) - Attempting to start container services.
2023-05-31 22:57:37,481 [EndpointStateMachine task thread for /0.0.0.0:15002 - 0 ] INFO  ozoneimpl.OzoneContainer (OzoneContainer.java:startContainerScrub(314)) - Scheduled background container scanners and the on-demand container scanner have been disabled.
2023-05-31 22:57:37,484 [EndpointStateMachine task thread for /0.0.0.0:15002 - 0 ] INFO  replication.ReplicationServer (ReplicationServer.java:start(128)) - ReplicationServer is started using port 15070
2023-05-31 22:57:37,484 [EndpointStateMachine task thread for /0.0.0.0:15002 - 0 ] INFO  ratis.XceiverServerRatis (XceiverServerRatis.java:start(517)) - Starting XceiverServerRatis 667d9742-fdde-4102-a217-b966604d27c1
2023-05-31 22:57:37,493 [Thread-378] INFO  ozoneimpl.ContainerReader (ContainerReader.java:readVolume(175)) - Finish verifying containers on volume /home/runner/work/ozone/ozone/hadoop-ozone/integration-test/target/test-dir/MiniOzoneClusterImpl-816a41a7-5c89-4e8c-81ba-db0c8b26fb2d/datanode-11/data-0/containers/hdds
2023-05-31 22:57:37,493 [EndpointStateMachine task thread for /0.0.0.0:15002 - 0 ] INFO  server.RaftServer (RaftServerProxy.java:startImpl(400)) - 667d9742-fdde-4102-a217-b966604d27c1: start RPC server
2023-05-31 22:57:37,493 [main] INFO  ozoneimpl.OzoneContainer (OzoneContainer.java:buildContainerSet(303)) - Build ContainerSet costs 0s
2023-05-31 22:57:37,497 [main] INFO  server.RaftServer (ConfUtils.java:logGet(46)) - raft.rpc.type = GRPC (default)
2023-05-31 22:57:37,497 [main] INFO  grpc.GrpcConfigKeys (ConfUtils.java:logFallback(53)) - raft.grpc.admin.host = null (fallback to raft.grpc.server.host)
2023-05-31 22:57:37,497 [main] INFO  grpc.GrpcConfigKeys (ConfUtils.java:logGet(46)) - raft.grpc.admin.port = 15112 (custom)
2023-05-31 22:57:37,497 [main] INFO  grpc.GrpcConfigKeys (ConfUtils.java:logFallback(53)) - raft.grpc.client.host = null (fallback to raft.grpc.server.host)
2023-05-31 22:57:37,502 [EndpointStateMachine task thread for /0.0.0.0:15002 - 0 ] INFO  server.GrpcService (GrpcService.java:startImpl(302)) - 667d9742-fdde-4102-a217-b966604d27c1: GrpcService started, listening on 15066
2023-05-31 22:57:37,502 [main] INFO  grpc.GrpcConfigKeys (ConfUtils.java:logGet(46)) - raft.grpc.client.port = 15111 (custom)
2023-05-31 22:57:37,502 [main] INFO  grpc.GrpcConfigKeys (ConfUtils.java:logGet(46)) - raft.grpc.server.host = null (default)
2023-05-31 22:57:37,503 [EndpointStateMachine task thread for /0.0.0.0:15002 - 0 ] INFO  server.GrpcService (GrpcService.java:startImpl(302)) - 667d9742-fdde-4102-a217-b966604d27c1: GrpcService started, listening on 15068
2023-05-31 22:57:37,503 [main] INFO  grpc.GrpcConfigKeys (ConfUtils.java:logGet(46)) - raft.grpc.server.port = 15113 (custom)
2023-05-31 22:57:37,504 [EndpointStateMachine task thread for /0.0.0.0:15002 - 0 ] INFO  server.GrpcService (GrpcService.java:startImpl(302)) - 667d9742-fdde-4102-a217-b966604d27c1: GrpcService started, listening on 15067
2023-05-31 22:57:37,504 [main] INFO  server.GrpcService (ConfUtils.java:logGet(46)) - raft.grpc.message.size.max = 32MB (=33554432) (custom)
2023-05-31 22:57:37,505 [EndpointStateMachine task thread for /0.0.0.0:15002 - 0 ] INFO  ratis.XceiverServerRatis (XceiverServerRatis.java:getRealPort(543)) - XceiverServerRatis 667d9742-fdde-4102-a217-b966604d27c1 is started using port 15066 for RATIS
2023-05-31 22:57:37,505 [EndpointStateMachine task thread for /0.0.0.0:15002 - 0 ] INFO  ratis.XceiverServerRatis (XceiverServerRatis.java:getRealPort(543)) - XceiverServerRatis 667d9742-fdde-4102-a217-b966604d27c1 is started using port 15067 for RATIS_ADMIN
2023-05-31 22:57:37,505 [EndpointStateMachine task thread for /0.0.0.0:15002 - 0 ] INFO  ratis.XceiverServerRatis (XceiverServerRatis.java:getRealPort(543)) - XceiverServerRatis 667d9742-fdde-4102-a217-b966604d27c1 is started using port 15068 for RATIS_SERVER
2023-05-31 22:57:37,505 [EndpointStateMachine task thread for /0.0.0.0:15002 - 0 ] INFO  ratis.XceiverServerRatis (XceiverServerRatis.java:getRealPort(543)) - XceiverServerRatis 667d9742-fdde-4102-a217-b966604d27c1 is started using port 15069 for RATIS_DATASTREAM
2023-05-31 22:57:37,505 [JvmPauseMonitor7] INFO  util.JvmPauseMonitor (JvmPauseMonitor.java:run(103)) - JvmPauseMonitor-667d9742-fdde-4102-a217-b966604d27c1: Started
2023-05-31 22:57:37,505 [main] INFO  server.RaftServerConfigKeys (ConfUtils.java:logGet(46)) - raft.server.log.appender.buffer.byte-limit = 33554432 (custom)
2023-05-31 22:57:37,506 [main] INFO  server.GrpcService (ConfUtils.java:logGet(46)) - raft.grpc.flow.control.window = 5MB (=5242880) (custom)
2023-05-31 22:57:37,506 [main] INFO  server.RaftServerConfigKeys (ConfUtils.java:logGet(46)) - raft.server.rpc.request.timeout = 60s (custom)
2023-05-31 22:57:37,506 [main] INFO  grpc.GrpcConfigKeys (ConfUtils.java:logGet(46)) - raft.grpc.server.heartbeat.channel = true (default)
2023-05-31 22:57:37,506 [main] INFO  grpc.GrpcConfigKeys (ConfUtils.java:logGet(46)) - raft.grpc.server.async.request.thread.pool.cached = true (default)
2023-05-31 22:57:37,507 [main] INFO  grpc.GrpcConfigKeys (ConfUtils.java:logGet(46)) - raft.grpc.server.async.request.thread.pool.size = 32 (default)
2023-05-31 22:57:37,509 [main] INFO  impl.DataStreamServerImpl (ConfUtils.java:logGet(46)) - raft.datastream.type = NETTY (custom)
2023-05-31 22:57:37,511 [main] INFO  server.RaftServerConfigKeys (ConfUtils.java:logGet(46)) - raft.server.data-stream.async.request.thread.pool.cached = false (default)
2023-05-31 22:57:37,513 [BlockDeletingService#0] INFO  interfaces.ContainerDeletionChoosingPolicyTemplate (ContainerDeletionChoosingPolicyTemplate.java:chooseContainerForBlockDeletion(83)) - Chosen 0/5000 blocks from 0 candidate containers.
2023-05-31 22:57:37,514 [main] INFO  server.RaftServerConfigKeys (ConfUtils.java:logGet(46)) - raft.server.data-stream.async.request.thread.pool.size = 20 (custom)
2023-05-31 22:57:37,515 [main] INFO  server.RaftServerConfigKeys (ConfUtils.java:logGet(46)) - raft.server.data-stream.async.write.thread.pool.size = 16 (default)
2023-05-31 22:57:37,515 [main] INFO  server.RaftServerConfigKeys (ConfUtils.java:logGet(46)) - raft.server.data-stream.client.pool.size = 10 (default)
2023-05-31 22:57:37,515 [main] INFO  netty.NettyConfigKeys$DataStream (ConfUtils.java:logGet(46)) - raft.netty.dataStream.server.use-epoll = false (default)
2023-05-31 22:57:37,515 [main] INFO  netty.NettyConfigKeys$DataStream (ConfUtils.java:logGet(46)) - raft.netty.dataStream.server.boss-group.size = 0 (default)
2023-05-31 22:57:37,516 [main] INFO  netty.NettyConfigKeys$DataStream (ConfUtils.java:logGet(46)) - raft.netty.dataStream.server.worker-group.size = 0 (default)
2023-05-31 22:57:37,516 [main] INFO  netty.NettyConfigKeys$DataStream (ConfUtils.java:logGet(46)) - raft.netty.dataStream.server.tls.conf = null (default)
2023-05-31 22:57:37,517 [main] INFO  netty.NettyConfigKeys$DataStream (ConfUtils.java:logGet(46)) - raft.netty.dataStream.host = null (default)
2023-05-31 22:57:37,517 [main] INFO  netty.NettyConfigKeys$DataStream (ConfUtils.java:logGet(46)) - raft.netty.dataStream.port = 15114 (custom)
2023-05-31 22:57:37,517 [main] INFO  server.RaftServerConfigKeys (ConfUtils.java:logGet(46)) - raft.server.threadpool.proxy.cached = true (default)
2023-05-31 22:57:37,519 [244a53c4-9cb3-439d-93c3-5e05515fc991-NettyServerStreamRpc-bossGroup--thread1] INFO  logging.LoggingHandler (AbstractInternalLogger.java:log(148)) - [id: 0x10b4144b] REGISTERED
2023-05-31 22:57:37,519 [main] INFO  server.RaftServerConfigKeys (ConfUtils.java:logGet(46)) - raft.server.threadpool.proxy.size = 0 (default)
2023-05-31 22:57:37,519 [244a53c4-9cb3-439d-93c3-5e05515fc991-NettyServerStreamRpc-bossGroup--thread1] INFO  logging.LoggingHandler (AbstractInternalLogger.java:log(148)) - [id: 0x10b4144b] BIND: 0.0.0.0/0.0.0.0:15114
2023-05-31 22:57:37,520 [main] INFO  server.RaftServerConfigKeys (ConfUtils.java:logGet(46)) - raft.server.rpc.slowness.timeout = 300s (custom)
2023-05-31 22:57:37,520 [244a53c4-9cb3-439d-93c3-5e05515fc991-NettyServerStreamRpc-bossGroup--thread1] INFO  logging.LoggingHandler (AbstractInternalLogger.java:log(148)) - [id: 0x10b4144b, L:/0:0:0:0:0:0:0:0:15114] ACTIVE
2023-05-31 22:57:37,520 [main] INFO  server.RaftServerConfigKeys (ConfUtils.java:logGet(46)) - raft.server.leaderelection.leader.step-down.wait-time = 10s (default)
2023-05-31 22:57:37,520 [main] INFO  server.RaftServerConfigKeys (ConfUtils.java:logGet(46)) - raft.server.storage.dir = [/home/runner/work/ozone/ozone/hadoop-ozone/integration-test/target/test-dir/MiniOzoneClusterImpl-816a41a7-5c89-4e8c-81ba-db0c8b26fb2d/datanode-11/data/ratis] (custom)
2023-05-31 22:57:37,523 [main] INFO  server.XceiverServerGrpc (XceiverServerGrpc.java:<init>(132)) - GrpcServer channel type EpollServerSocketChannel
2023-05-31 22:57:37,527 [main] INFO  replication.ReplicationSupervisor (ReplicationSupervisor.java:nodeStateUpdated(296)) - Node state updated to IN_SERVICE, scaling executor pool size to 10
2023-05-31 22:57:37,531 [main] INFO  http.BaseHttpServer (BaseHttpServer.java:newHttpServer2BuilderForOzone(224)) - Starting Web-server for hddsDatanode at: http://0.0.0.0:15108
2023-05-31 22:57:37,531 [main] INFO  http.BaseHttpServer (BaseHttpServer.java:<init>(111)) - Hadoop Security Enabled: false Ozone Security Enabled: false Ozone HTTP Security Enabled: false 
2023-05-31 22:57:37,533 [main] WARN  server.AuthenticationFilter (AuthenticationFilter.java:constructSecretProvider(240)) - Unable to initialize FileSignerSecretProvider, falling back to use random secrets. Reason: Could not read signature secret file: /home/runner/hadoop-http-auth-signature-secret
2023-05-31 22:57:37,534 [main] INFO  http.HttpRequestLog (HttpRequestLog.java:getRequestLog(86)) - Http request log for http.requests.hddsDatanode is not defined
2023-05-31 22:57:37,535 [main] INFO  http.HttpServer2 (HttpServer2.java:addGlobalFilter(1031)) - Added global filter 'safety' (class=org.apache.hadoop.hdds.server.http.HttpServer2$QuotingInputFilter)
2023-05-31 22:57:37,536 [main] INFO  http.HttpServer2 (HttpServer2.java:addFilter(1007)) - Added filter static_user_filter (class=org.apache.hadoop.http.lib.StaticUserWebFilter$StaticUserFilter) to context hddsDatanode
2023-05-31 22:57:37,538 [main] INFO  http.HttpServer2 (HttpServer2.java:addFilter(1015)) - Added filter static_user_filter (class=org.apache.hadoop.http.lib.StaticUserWebFilter$StaticUserFilter) to context static
2023-05-31 22:57:37,538 [main] INFO  http.HttpServer2 (HttpServer2.java:addFilter(1015)) - Added filter static_user_filter (class=org.apache.hadoop.http.lib.StaticUserWebFilter$StaticUserFilter) to context logs
2023-05-31 22:57:37,539 [main] INFO  http.BaseHttpServer (BaseHttpServer.java:<init>(190)) - HTTP server of hddsDatanode uses base directory /home/runner/work/ozone/ozone/hadoop-ozone/integration-test/target/test-dir/MiniOzoneClusterImpl-816a41a7-5c89-4e8c-81ba-db0c8b26fb2d/datanode-11/meta/webserver
2023-05-31 22:57:37,539 [main] INFO  http.HttpServer2 (HttpServer2.java:bindListener(1250)) - Jetty bound to port 15108
2023-05-31 22:57:37,539 [main] INFO  server.Server (Server.java:doStart(375)) - jetty-9.4.51.v20230217; built: 2023-02-17T08:19:37.309Z; git: b45c405e4544384de066f814ed42ae3dceacdd49; jvm 1.8.0_362-b09
2023-05-31 22:57:37,555 [main] INFO  server.session (DefaultSessionIdManager.java:doStart(334)) - DefaultSessionIdManager workerName=node0
2023-05-31 22:57:37,555 [main] INFO  server.session (DefaultSessionIdManager.java:doStart(339)) - No SessionScavenger set, using defaults
2023-05-31 22:57:37,555 [main] INFO  server.session (HouseKeeper.java:startScavenging(132)) - node0 Scavenging every 600000ms
2023-05-31 22:57:37,556 [main] INFO  handler.ContextHandler (ContextHandler.java:doStart(921)) - Started o.e.j.s.ServletContextHandler@dd7fc08{logs,/logs,file:///home/runner/work/ozone/ozone/hadoop-ozone/integration-test/target/log,AVAILABLE}
2023-05-31 22:57:37,556 [main] INFO  handler.ContextHandler (ContextHandler.java:doStart(921)) - Started o.e.j.s.ServletContextHandler@53a39b9{static,/static,jar:file:/home/runner/.m2/repository/org/apache/ozone/hdds-container-service/1.4.0-SNAPSHOT/hdds-container-service-1.4.0-SNAPSHOT.jar!/webapps/static,AVAILABLE}
2023-05-31 22:57:37,649 [IPC Server handler 1 on default port 15002] INFO  net.NetworkTopologyImpl (NetworkTopologyImpl.java:add(112)) - Added a new node: /default-rack/cdb52bc9-5e07-4eca-b7fa-f50f992e3122
2023-05-31 22:57:37,649 [IPC Server handler 1 on default port 15002] INFO  node.SCMNodeManager (SCMNodeManager.java:register(407)) - Registered Data node : cdb52bc9-5e07-4eca-b7fa-f50f992e3122{ip: 10.1.0.15, host: fv-az844-56.kvdfyhrxhd0epk3sa4trub4njc.xx.internal.cloudapp.net, ports: [HTTP=15027, CLIENT_RPC=15028, REPLICATION=15034, RATIS=15030, RATIS_ADMIN=15031, RATIS_SERVER=15032, RATIS_DATASTREAM=15033, STANDALONE=15029], networkLocation: /default-rack, certSerialId: null, persistedOpState: null, persistedOpStateExpiryEpochSec: 0}
2023-05-31 22:57:37,649 [EventQueue-NewNodeForNewNodeHandler] INFO  pipeline.BackgroundPipelineCreator (BackgroundPipelineCreator.java:notifyEventTriggered(276)) - trigger a one-shot run on RatisPipelineUtilsThread.
2023-05-31 22:57:37,651 [RatisPipelineUtilsThread - 0] INFO  pipeline.RatisPipelineProvider (RatisPipelineProvider.java:lambda$create$0(206)) - Sending CreatePipelineCommand for pipeline:PipelineID=8a901e90-b0e5-4f8c-b645-738462ba642f to datanode:cdb52bc9-5e07-4eca-b7fa-f50f992e3122
2023-05-31 22:57:37,652 [EventQueue-NodeRegistrationContainerReportForDataNodeSafeModeRule] INFO  safemode.SCMSafeModeManager (DataNodeSafeModeRule.java:process(71)) - SCM in safe mode. 3 DataNodes registered, 3 required.
2023-05-31 22:57:37,655 [EventQueue-NodeRegistrationContainerReportForDataNodeSafeModeRule] INFO  safemode.SCMSafeModeManager (SCMSafeModeManager.java:validateSafeModeExitRules(200)) - DataNodeSafeModeRule rule is successfully validated
2023-05-31 22:57:37,655 [EventQueue-NodeRegistrationContainerReportForDataNodeSafeModeRule] INFO  safemode.SCMSafeModeManager (SCMSafeModeManager.java:completePreCheck(229)) - All SCM safe mode pre check rules have passed
2023-05-31 22:57:37,655 [EventQueue-NodeRegistrationContainerReportForDataNodeSafeModeRule] INFO  ha.SCMContext (SCMContext.java:updateSafeModeStatus(228)) - Update SafeModeStatus from SafeModeStatus{safeModeStatus=true, preCheckPassed=false} to SafeModeStatus{safeModeStatus=true, preCheckPassed=true}.
2023-05-31 22:57:37,655 [EventQueue-NodeRegistrationContainerReportForDataNodeSafeModeRule] INFO  pipeline.BackgroundPipelineCreator (BackgroundPipelineCreator.java:notifyEventTriggered(276)) - trigger a one-shot run on RatisPipelineUtilsThread.
2023-05-31 22:57:37,656 [RatisPipelineUtilsThread - 0] INFO  pipeline.PipelineStateManagerImpl (PipelineStateManagerImpl.java:addPipeline(103)) - Created pipeline Pipeline[ Id: 8a901e90-b0e5-4f8c-b645-738462ba642f, Nodes: cdb52bc9-5e07-4eca-b7fa-f50f992e3122(fv-az844-56.kvdfyhrxhd0epk3sa4trub4njc.xx.internal.cloudapp.net/10.1.0.15), ReplicationConfig: RATIS/ONE, State:ALLOCATED, leaderId:, CreationTimestamp2023-05-31T22:57:37.651Z[Etc/UTC]].
2023-05-31 22:57:37,661 [RatisPipelineUtilsThread - 0] INFO  pipeline.RatisPipelineProvider (RatisPipelineProvider.java:lambda$create$0(206)) - Sending CreatePipelineCommand for pipeline:PipelineID=d887046c-f233-4ec2-8fab-25d9c935abd9 to datanode:9a93b867-0c49-44e3-a75c-2e530498b118
2023-05-31 22:57:37,661 [RatisPipelineUtilsThread - 0] INFO  pipeline.RatisPipelineProvider (RatisPipelineProvider.java:lambda$create$0(206)) - Sending CreatePipelineCommand for pipeline:PipelineID=d887046c-f233-4ec2-8fab-25d9c935abd9 to datanode:cdb52bc9-5e07-4eca-b7fa-f50f992e3122
2023-05-31 22:57:37,661 [RatisPipelineUtilsThread - 0] INFO  pipeline.RatisPipelineProvider (RatisPipelineProvider.java:lambda$create$0(206)) - Sending CreatePipelineCommand for pipeline:PipelineID=d887046c-f233-4ec2-8fab-25d9c935abd9 to datanode:697d5b73-3ed9-4d18-b9d9-ca13a08090ac
2023-05-31 22:57:37,663 [RatisPipelineUtilsThread - 0] INFO  pipeline.PipelineStateManagerImpl (PipelineStateManagerImpl.java:addPipeline(103)) - Created pipeline Pipeline[ Id: d887046c-f233-4ec2-8fab-25d9c935abd9, Nodes: 9a93b867-0c49-44e3-a75c-2e530498b118(fv-az844-56.kvdfyhrxhd0epk3sa4trub4njc.xx.internal.cloudapp.net/10.1.0.15)cdb52bc9-5e07-4eca-b7fa-f50f992e3122(fv-az844-56.kvdfyhrxhd0epk3sa4trub4njc.xx.internal.cloudapp.net/10.1.0.15)697d5b73-3ed9-4d18-b9d9-ca13a08090ac(fv-az844-56.kvdfyhrxhd0epk3sa4trub4njc.xx.internal.cloudapp.net/10.1.0.15), ReplicationConfig: RATIS/THREE, State:ALLOCATED, leaderId:, CreationTimestamp2023-05-31T22:57:37.661Z[Etc/UTC]].
2023-05-31 22:57:37,664 [RatisPipelineUtilsThread - 0] INFO  pipeline.RatisPipelineProvider (RatisPipelineProvider.java:lambda$create$0(206)) - Sending CreatePipelineCommand for pipeline:PipelineID=dfa5ddec-ab7a-4414-a630-ad78ee493e03 to datanode:697d5b73-3ed9-4d18-b9d9-ca13a08090ac
2023-05-31 22:57:37,664 [RatisPipelineUtilsThread - 0] INFO  pipeline.RatisPipelineProvider (RatisPipelineProvider.java:lambda$create$0(206)) - Sending CreatePipelineCommand for pipeline:PipelineID=dfa5ddec-ab7a-4414-a630-ad78ee493e03 to datanode:cdb52bc9-5e07-4eca-b7fa-f50f992e3122
2023-05-31 22:57:37,664 [RatisPipelineUtilsThread - 0] INFO  pipeline.RatisPipelineProvider (RatisPipelineProvider.java:lambda$create$0(206)) - Sending CreatePipelineCommand for pipeline:PipelineID=dfa5ddec-ab7a-4414-a630-ad78ee493e03 to datanode:9a93b867-0c49-44e3-a75c-2e530498b118
2023-05-31 22:57:37,665 [RatisPipelineUtilsThread - 0] INFO  pipeline.PipelineStateManagerImpl (PipelineStateManagerImpl.java:addPipeline(103)) - Created pipeline Pipeline[ Id: dfa5ddec-ab7a-4414-a630-ad78ee493e03, Nodes: 697d5b73-3ed9-4d18-b9d9-ca13a08090ac(fv-az844-56.kvdfyhrxhd0epk3sa4trub4njc.xx.internal.cloudapp.net/10.1.0.15)cdb52bc9-5e07-4eca-b7fa-f50f992e3122(fv-az844-56.kvdfyhrxhd0epk3sa4trub4njc.xx.internal.cloudapp.net/10.1.0.15)9a93b867-0c49-44e3-a75c-2e530498b118(fv-az844-56.kvdfyhrxhd0epk3sa4trub4njc.xx.internal.cloudapp.net/10.1.0.15), ReplicationConfig: RATIS/THREE, State:ALLOCATED, leaderId:, CreationTimestamp2023-05-31T22:57:37.664Z[Etc/UTC]].
2023-05-31 22:57:37,666 [RatisPipelineUtilsThread - 0] INFO  pipeline.PipelineManagerImpl (PipelineManagerImpl.java:recordMetricsForPipeline(826)) - Pipeline: PipelineID=dfa5ddec-ab7a-4414-a630-ad78ee493e03 contains same datanodes as previous pipelines: PipelineID=d887046c-f233-4ec2-8fab-25d9c935abd9 nodeIds: 697d5b73-3ed9-4d18-b9d9-ca13a08090ac, cdb52bc9-5e07-4eca-b7fa-f50f992e3122, 9a93b867-0c49-44e3-a75c-2e530498b118
2023-05-31 22:57:37,666 [RatisPipelineUtilsThread - 0] WARN  pipeline.PipelinePlacementPolicy (PipelinePlacementPolicy.java:filterViableNodes(160)) - Pipeline creation failed due to no sufficient healthy datanodes. Required 3. Found 0. Excluded 3.
2023-05-31 22:57:37,667 [RatisPipelineUtilsThread - 0] WARN  pipeline.PipelinePlacementPolicy (PipelinePlacementPolicy.java:filterViableNodes(160)) - Pipeline creation failed due to no sufficient healthy datanodes. Required 3. Found 0. Excluded 3.
2023-05-31 22:57:37,818 [main] INFO  handler.ContextHandler (ContextHandler.java:doStart(921)) - Started o.e.j.w.WebAppContext@7deea22f{hddsDatanode,/,file:///home/runner/work/ozone/ozone/hadoop-ozone/integration-test/target/test-dir/MiniOzoneClusterImpl-816a41a7-5c89-4e8c-81ba-db0c8b26fb2d/datanode-11/meta/webserver/jetty-0_0_0_0-15108-hdds-container-service-1_4_0-SNAPSHOT_jar-_-any-1341504394791397926/webapp/,AVAILABLE}{jar:file:/home/runner/.m2/repository/org/apache/ozone/hdds-container-service/1.4.0-SNAPSHOT/hdds-container-service-1.4.0-SNAPSHOT.jar!/webapps/hddsDatanode}
2023-05-31 22:57:37,822 [main] INFO  server.AbstractConnector (AbstractConnector.java:doStart(333)) - Started ServerConnector@6f935613{HTTP/1.1, (http/1.1)}{0.0.0.0:15108}
2023-05-31 22:57:37,822 [main] INFO  server.Server (Server.java:doStart(415)) - Started @16102ms
2023-05-31 22:57:37,822 [main] WARN  impl.MetricsSystemImpl (MetricsSystemImpl.java:register(279)) - Sink prometheus already exists!
2023-05-31 22:57:37,824 [main] INFO  http.BaseHttpServer (BaseHttpServer.java:updateConnectorAddress(344)) - HTTP server of hddsDatanode listening at http://0.0.0.0:15108
2023-05-31 22:57:37,825 [main] INFO  ipc.CallQueueManager (CallQueueManager.java:<init>(90)) - Using callQueue: class java.util.concurrent.LinkedBlockingQueue, queueCapacity: 100, scheduler: class org.apache.hadoop.ipc.DefaultRpcScheduler, ipcBackoff: false.
2023-05-31 22:57:37,826 [Socket Reader #1 for port 15109] INFO  ipc.Server (Server.java:run(1319)) - Starting Socket Reader #1 for port 15109
2023-05-31 22:57:37,833 [Listener at 0.0.0.0/15109] INFO  hdds.HddsUtils (HddsUtils.java:preserveThreadName(843)) - Restoring thread name: main
2023-05-31 22:57:37,833 [main] INFO  ozone.HddsDatanodeService (HddsDatanodeService.java:start(337)) - Datanode start with admins: [runner]
2023-05-31 22:57:37,833 [main] INFO  ozone.HddsDatanodeClientProtocolServer (HddsDatanodeClientProtocolServer.java:start(83)) - RPC server for Client /0.0.0.0:15109
2023-05-31 22:57:37,834 [IPC Server Responder] INFO  ipc.Server (Server.java:run(1558)) - IPC Server Responder: starting
2023-05-31 22:57:37,834 [IPC Server listener on 15109] INFO  ipc.Server (Server.java:run(1398)) - IPC Server listener on 15109: starting
2023-05-31 22:57:37,838 [main] WARN  impl.MetricRegistriesImpl (MetricRegistriesImpl.java:addReporterRegistration(111)) - New reporters are added after registries were created. Some metrics will be missing from the reporter. Please add reporter before adding any new registry.
2023-05-31 22:57:37,838 [main] WARN  impl.MetricRegistriesImpl (MetricRegistriesImpl.java:addReporterRegistration(111)) - New reporters are added after registries were created. Some metrics will be missing from the reporter. Please add reporter before adding any new registry.
2023-05-31 22:57:37,839 [main] INFO  impl.MetricsSystemImpl (MetricsSystemImpl.java:init(158)) - HddsDatanode metrics system started (again)
2023-05-31 22:57:37,850 [Datanode State Machine Daemon Thread] INFO  statemachine.DatanodeStateMachine (DatanodeStateMachine.java:lambda$startDaemon$0(537)) - Ozone container server started.
2023-05-31 22:57:37,872 [org.apache.hadoop.util.JvmPauseMonitor$Monitor@38c87436] INFO  util.JvmPauseMonitor (JvmPauseMonitor.java:run(188)) - Starting JVM pause monitor
2023-05-31 22:57:37,876 [main] INFO  ozone.HddsDatanodeService (HddsDatanodeService.java:start(264)) - HddsDatanodeService host:fv-az844-56.kvdfyhrxhd0epk3sa4trub4njc.xx.internal.cloudapp.net ip:10.1.0.15
2023-05-31 22:57:37,892 [Datanode State Machine Task Thread - 0] INFO  datanode.InitDatanodeState (InitDatanodeState.java:persistContainerDatanodeDetails(138)) - DatanodeDetails is persisted to /home/runner/work/ozone/ozone/hadoop-ozone/integration-test/target/test-dir/MiniOzoneClusterImpl-816a41a7-5c89-4e8c-81ba-db0c8b26fb2d/datanode-11/meta/datanode.id
2023-05-31 22:57:37,923 [main] INFO  upgrade.AbstractLayoutVersionManager (AbstractLayoutVersionManager.java:init(83)) - Initializing Layout version manager with metadata layout = HADOOP_PRC_PORTS_IN_DATANODEDETAILS (version = 7), software layout = HADOOP_PRC_PORTS_IN_DATANODEDETAILS (version = 7)
2023-05-31 22:57:37,927 [main] INFO  statemachine.DatanodeStateMachine (DatanodeStateMachine.java:getEndPointTaskThreadPoolSize(275)) - Datanode State Machine Task Thread Pool size 2
2023-05-31 22:57:37,932 [main] INFO  volume.HddsVolume (HddsVolume.java:<init>(130)) - Creating HddsVolume: /home/runner/work/ozone/ozone/hadoop-ozone/integration-test/target/test-dir/MiniOzoneClusterImpl-816a41a7-5c89-4e8c-81ba-db0c8b26fb2d/datanode-12/data-0/containers/hdds of storage type : DISK capacity : 9223372036854775807
2023-05-31 22:57:37,933 [main] INFO  volume.MutableVolumeSet (MutableVolumeSet.java:initializeVolumeSet(175)) - Added Volume : /home/runner/work/ozone/ozone/hadoop-ozone/integration-test/target/test-dir/MiniOzoneClusterImpl-816a41a7-5c89-4e8c-81ba-db0c8b26fb2d/datanode-12/data-0/containers/hdds to VolumeSet
2023-05-31 22:57:37,933 [main] INFO  volume.ThrottledAsyncChecker (ThrottledAsyncChecker.java:schedule(141)) - Scheduling a check for /home/runner/work/ozone/ozone/hadoop-ozone/integration-test/target/test-dir/MiniOzoneClusterImpl-816a41a7-5c89-4e8c-81ba-db0c8b26fb2d/datanode-12/data-0/containers/hdds
2023-05-31 22:57:37,938 [main] INFO  volume.StorageVolumeChecker (StorageVolumeChecker.java:checkAllVolumes(202)) - Scheduled health check for volume /home/runner/work/ozone/ozone/hadoop-ozone/integration-test/target/test-dir/MiniOzoneClusterImpl-816a41a7-5c89-4e8c-81ba-db0c8b26fb2d/datanode-12/data-0/containers/hdds
2023-05-31 22:57:37,957 [main] INFO  volume.MutableVolumeSet (MutableVolumeSet.java:initializeVolumeSet(175)) - Added Volume : /home/runner/work/ozone/ozone/hadoop-ozone/integration-test/target/test-dir/MiniOzoneClusterImpl-816a41a7-5c89-4e8c-81ba-db0c8b26fb2d/datanode-12/data/ratis to VolumeSet
2023-05-31 22:57:37,958 [main] INFO  volume.ThrottledAsyncChecker (ThrottledAsyncChecker.java:schedule(141)) - Scheduling a check for /home/runner/work/ozone/ozone/hadoop-ozone/integration-test/target/test-dir/MiniOzoneClusterImpl-816a41a7-5c89-4e8c-81ba-db0c8b26fb2d/datanode-12/data/ratis
2023-05-31 22:57:37,959 [main] INFO  volume.StorageVolumeChecker (StorageVolumeChecker.java:checkAllVolumes(202)) - Scheduled health check for volume /home/runner/work/ozone/ozone/hadoop-ozone/integration-test/target/test-dir/MiniOzoneClusterImpl-816a41a7-5c89-4e8c-81ba-db0c8b26fb2d/datanode-12/data/ratis
2023-05-31 22:57:37,972 [Thread-401] INFO  ozoneimpl.ContainerReader (ContainerReader.java:readVolume(175)) - Finish verifying containers on volume /home/runner/work/ozone/ozone/hadoop-ozone/integration-test/target/test-dir/MiniOzoneClusterImpl-816a41a7-5c89-4e8c-81ba-db0c8b26fb2d/datanode-12/data-0/containers/hdds
2023-05-31 22:57:37,972 [main] INFO  ozoneimpl.OzoneContainer (OzoneContainer.java:buildContainerSet(303)) - Build ContainerSet costs 0s
2023-05-31 22:57:37,984 [main] INFO  server.RaftServer (ConfUtils.java:logGet(46)) - raft.rpc.type = GRPC (default)
2023-05-31 22:57:37,984 [main] INFO  grpc.GrpcConfigKeys (ConfUtils.java:logFallback(53)) - raft.grpc.admin.host = null (fallback to raft.grpc.server.host)
2023-05-31 22:57:37,984 [main] INFO  grpc.GrpcConfigKeys (ConfUtils.java:logGet(46)) - raft.grpc.admin.port = 15121 (custom)
2023-05-31 22:57:37,984 [main] INFO  grpc.GrpcConfigKeys (ConfUtils.java:logFallback(53)) - raft.grpc.client.host = null (fallback to raft.grpc.server.host)
2023-05-31 22:57:37,985 [main] INFO  grpc.GrpcConfigKeys (ConfUtils.java:logGet(46)) - raft.grpc.client.port = 15120 (custom)
2023-05-31 22:57:37,985 [main] INFO  grpc.GrpcConfigKeys (ConfUtils.java:logGet(46)) - raft.grpc.server.host = null (default)
2023-05-31 22:57:37,985 [main] INFO  grpc.GrpcConfigKeys (ConfUtils.java:logGet(46)) - raft.grpc.server.port = 15122 (custom)
2023-05-31 22:57:37,985 [main] INFO  server.GrpcService (ConfUtils.java:logGet(46)) - raft.grpc.message.size.max = 32MB (=33554432) (custom)
2023-05-31 22:57:37,986 [main] INFO  server.RaftServerConfigKeys (ConfUtils.java:logGet(46)) - raft.server.log.appender.buffer.byte-limit = 33554432 (custom)
2023-05-31 22:57:37,988 [main] INFO  server.GrpcService (ConfUtils.java:logGet(46)) - raft.grpc.flow.control.window = 5MB (=5242880) (custom)
2023-05-31 22:57:37,988 [main] INFO  server.RaftServerConfigKeys (ConfUtils.java:logGet(46)) - raft.server.rpc.request.timeout = 60s (custom)
2023-05-31 22:57:37,989 [main] INFO  grpc.GrpcConfigKeys (ConfUtils.java:logGet(46)) - raft.grpc.server.heartbeat.channel = true (default)
2023-05-31 22:57:37,989 [main] INFO  grpc.GrpcConfigKeys (ConfUtils.java:logGet(46)) - raft.grpc.server.async.request.thread.pool.cached = true (default)
2023-05-31 22:57:37,989 [main] INFO  grpc.GrpcConfigKeys (ConfUtils.java:logGet(46)) - raft.grpc.server.async.request.thread.pool.size = 32 (default)
2023-05-31 22:57:37,991 [EndpointStateMachine task thread for /0.0.0.0:15002 - 0 ] INFO  utils.DatanodeStoreCache (DatanodeStoreCache.java:addDB(66)) - Added db /home/runner/work/ozone/ozone/hadoop-ozone/integration-test/target/test-dir/MiniOzoneClusterImpl-816a41a7-5c89-4e8c-81ba-db0c8b26fb2d/datanode-7/data-0/containers/hdds/816a41a7-5c89-4e8c-81ba-db0c8b26fb2d/DS-c1f634b4-36b5-4df0-b76f-3f600cffe301/container.db to cache
2023-05-31 22:57:37,991 [EndpointStateMachine task thread for /0.0.0.0:15002 - 0 ] INFO  volume.HddsVolume (HddsVolume.java:createDbStore(350)) - SchemaV3 db is created and loaded at /home/runner/work/ozone/ozone/hadoop-ozone/integration-test/target/test-dir/MiniOzoneClusterImpl-816a41a7-5c89-4e8c-81ba-db0c8b26fb2d/datanode-7/data-0/containers/hdds/816a41a7-5c89-4e8c-81ba-db0c8b26fb2d/DS-c1f634b4-36b5-4df0-b76f-3f600cffe301/container.db for volume DS-c1f634b4-36b5-4df0-b76f-3f600cffe301
2023-05-31 22:57:37,992 [EndpointStateMachine task thread for /0.0.0.0:15002 - 0 ] INFO  ozoneimpl.OzoneContainer (OzoneContainer.java:start(398)) - Attempting to start container services.
2023-05-31 22:57:37,992 [EndpointStateMachine task thread for /0.0.0.0:15002 - 0 ] INFO  ozoneimpl.OzoneContainer (OzoneContainer.java:startContainerScrub(314)) - Scheduled background container scanners and the on-demand container scanner have been disabled.
2023-05-31 22:57:37,995 [main] INFO  impl.DataStreamServerImpl (ConfUtils.java:logGet(46)) - raft.datastream.type = NETTY (custom)
2023-05-31 22:57:37,996 [main] INFO  server.RaftServerConfigKeys (ConfUtils.java:logGet(46)) - raft.server.data-stream.async.request.thread.pool.cached = false (default)
2023-05-31 22:57:37,997 [main] INFO  server.RaftServerConfigKeys (ConfUtils.java:logGet(46)) - raft.server.data-stream.async.request.thread.pool.size = 20 (custom)
2023-05-31 22:57:37,996 [EndpointStateMachine task thread for /0.0.0.0:15002 - 0 ] INFO  replication.ReplicationServer (ReplicationServer.java:start(128)) - ReplicationServer is started using port 15079
2023-05-31 22:57:37,997 [EndpointStateMachine task thread for /0.0.0.0:15002 - 0 ] INFO  ratis.XceiverServerRatis (XceiverServerRatis.java:start(517)) - Starting XceiverServerRatis d17261cb-7782-4d5f-ae0d-593ca4af9c73
2023-05-31 22:57:37,997 [main] INFO  server.RaftServerConfigKeys (ConfUtils.java:logGet(46)) - raft.server.data-stream.async.write.thread.pool.size = 16 (default)
2023-05-31 22:57:37,997 [main] INFO  server.RaftServerConfigKeys (ConfUtils.java:logGet(46)) - raft.server.data-stream.client.pool.size = 10 (default)
2023-05-31 22:57:37,998 [main] INFO  netty.NettyConfigKeys$DataStream (ConfUtils.java:logGet(46)) - raft.netty.dataStream.server.use-epoll = false (default)
2023-05-31 22:57:37,998 [main] INFO  netty.NettyConfigKeys$DataStream (ConfUtils.java:logGet(46)) - raft.netty.dataStream.server.boss-group.size = 0 (default)
2023-05-31 22:57:37,999 [main] INFO  netty.NettyConfigKeys$DataStream (ConfUtils.java:logGet(46)) - raft.netty.dataStream.server.worker-group.size = 0 (default)
2023-05-31 22:57:37,999 [main] INFO  netty.NettyConfigKeys$DataStream (ConfUtils.java:logGet(46)) - raft.netty.dataStream.server.tls.conf = null (default)
2023-05-31 22:57:37,999 [main] INFO  netty.NettyConfigKeys$DataStream (ConfUtils.java:logGet(46)) - raft.netty.dataStream.host = null (default)
2023-05-31 22:57:38,001 [main] INFO  netty.NettyConfigKeys$DataStream (ConfUtils.java:logGet(46)) - raft.netty.dataStream.port = 15123 (custom)
2023-05-31 22:57:38,002 [EndpointStateMachine task thread for /0.0.0.0:15002 - 0 ] INFO  server.RaftServer (RaftServerProxy.java:startImpl(400)) - d17261cb-7782-4d5f-ae0d-593ca4af9c73: start RPC server
2023-05-31 22:57:38,003 [main] INFO  server.RaftServerConfigKeys (ConfUtils.java:logGet(46)) - raft.server.threadpool.proxy.cached = true (default)
2023-05-31 22:57:38,003 [main] INFO  server.RaftServerConfigKeys (ConfUtils.java:logGet(46)) - raft.server.threadpool.proxy.size = 0 (default)
2023-05-31 22:57:38,003 [main] INFO  server.RaftServerConfigKeys (ConfUtils.java:logGet(46)) - raft.server.rpc.slowness.timeout = 300s (custom)
2023-05-31 22:57:38,003 [main] INFO  server.RaftServerConfigKeys (ConfUtils.java:logGet(46)) - raft.server.leaderelection.leader.step-down.wait-time = 10s (default)
2023-05-31 22:57:38,004 [main] INFO  server.RaftServerConfigKeys (ConfUtils.java:logGet(46)) - raft.server.storage.dir = [/home/runner/work/ozone/ozone/hadoop-ozone/integration-test/target/test-dir/MiniOzoneClusterImpl-816a41a7-5c89-4e8c-81ba-db0c8b26fb2d/datanode-12/data/ratis] (custom)
2023-05-31 22:57:38,017 [main] INFO  server.XceiverServerGrpc (XceiverServerGrpc.java:<init>(132)) - GrpcServer channel type EpollServerSocketChannel
2023-05-31 22:57:38,019 [main] INFO  replication.ReplicationSupervisor (ReplicationSupervisor.java:nodeStateUpdated(296)) - Node state updated to IN_SERVICE, scaling executor pool size to 10
2023-05-31 22:57:38,020 [EndpointStateMachine task thread for /0.0.0.0:15002 - 0 ] INFO  server.GrpcService (GrpcService.java:startImpl(302)) - d17261cb-7782-4d5f-ae0d-593ca4af9c73: GrpcService started, listening on 15075
2023-05-31 22:57:38,031 [2fca467b-8261-48a6-b0b4-c0ececcd3716-NettyServerStreamRpc-bossGroup--thread1] INFO  logging.LoggingHandler (AbstractInternalLogger.java:log(148)) - [id: 0x30caeeca] REGISTERED
2023-05-31 22:57:38,031 [main] INFO  http.BaseHttpServer (BaseHttpServer.java:newHttpServer2BuilderForOzone(224)) - Starting Web-server for hddsDatanode at: http://0.0.0.0:15117
2023-05-31 22:57:38,032 [EndpointStateMachine task thread for /0.0.0.0:15002 - 0 ] INFO  server.GrpcService (GrpcService.java:startImpl(302)) - d17261cb-7782-4d5f-ae0d-593ca4af9c73: GrpcService started, listening on 15077
2023-05-31 22:57:38,032 [main] INFO  http.BaseHttpServer (BaseHttpServer.java:<init>(111)) - Hadoop Security Enabled: false Ozone Security Enabled: false Ozone HTTP Security Enabled: false 
2023-05-31 22:57:38,031 [2fca467b-8261-48a6-b0b4-c0ececcd3716-NettyServerStreamRpc-bossGroup--thread1] INFO  logging.LoggingHandler (AbstractInternalLogger.java:log(148)) - [id: 0x30caeeca] BIND: 0.0.0.0/0.0.0.0:15123
2023-05-31 22:57:38,032 [2fca467b-8261-48a6-b0b4-c0ececcd3716-NettyServerStreamRpc-bossGroup--thread1] INFO  logging.LoggingHandler (AbstractInternalLogger.java:log(148)) - [id: 0x30caeeca, L:/0:0:0:0:0:0:0:0:15123] ACTIVE
2023-05-31 22:57:38,033 [main] WARN  server.AuthenticationFilter (AuthenticationFilter.java:constructSecretProvider(240)) - Unable to initialize FileSignerSecretProvider, falling back to use random secrets. Reason: Could not read signature secret file: /home/runner/hadoop-http-auth-signature-secret
2023-05-31 22:57:38,034 [main] INFO  http.HttpRequestLog (HttpRequestLog.java:getRequestLog(86)) - Http request log for http.requests.hddsDatanode is not defined
2023-05-31 22:57:38,035 [main] INFO  http.HttpServer2 (HttpServer2.java:addGlobalFilter(1031)) - Added global filter 'safety' (class=org.apache.hadoop.hdds.server.http.HttpServer2$QuotingInputFilter)
2023-05-31 22:57:38,036 [main] INFO  http.HttpServer2 (HttpServer2.java:addFilter(1007)) - Added filter static_user_filter (class=org.apache.hadoop.http.lib.StaticUserWebFilter$StaticUserFilter) to context hddsDatanode
2023-05-31 22:57:38,036 [main] INFO  http.HttpServer2 (HttpServer2.java:addFilter(1015)) - Added filter static_user_filter (class=org.apache.hadoop.http.lib.StaticUserWebFilter$StaticUserFilter) to context logs
2023-05-31 22:57:38,037 [main] INFO  http.HttpServer2 (HttpServer2.java:addFilter(1015)) - Added filter static_user_filter (class=org.apache.hadoop.http.lib.StaticUserWebFilter$StaticUserFilter) to context static
2023-05-31 22:57:38,041 [EndpointStateMachine task thread for /0.0.0.0:15002 - 0 ] INFO  server.GrpcService (GrpcService.java:startImpl(302)) - d17261cb-7782-4d5f-ae0d-593ca4af9c73: GrpcService started, listening on 15076
2023-05-31 22:57:38,042 [main] INFO  http.BaseHttpServer (BaseHttpServer.java:<init>(190)) - HTTP server of hddsDatanode uses base directory /home/runner/work/ozone/ozone/hadoop-ozone/integration-test/target/test-dir/MiniOzoneClusterImpl-816a41a7-5c89-4e8c-81ba-db0c8b26fb2d/datanode-12/meta/webserver
2023-05-31 22:57:38,042 [main] INFO  http.HttpServer2 (HttpServer2.java:bindListener(1250)) - Jetty bound to port 15117
2023-05-31 22:57:38,042 [main] INFO  server.Server (Server.java:doStart(375)) - jetty-9.4.51.v20230217; built: 2023-02-17T08:19:37.309Z; git: b45c405e4544384de066f814ed42ae3dceacdd49; jvm 1.8.0_362-b09
2023-05-31 22:57:38,043 [EndpointStateMachine task thread for /0.0.0.0:15002 - 0 ] INFO  ratis.XceiverServerRatis (XceiverServerRatis.java:getRealPort(543)) - XceiverServerRatis d17261cb-7782-4d5f-ae0d-593ca4af9c73 is started using port 15075 for RATIS
2023-05-31 22:57:38,043 [JvmPauseMonitor8] INFO  util.JvmPauseMonitor (JvmPauseMonitor.java:run(103)) - JvmPauseMonitor-d17261cb-7782-4d5f-ae0d-593ca4af9c73: Started
2023-05-31 22:57:38,043 [EndpointStateMachine task thread for /0.0.0.0:15002 - 0 ] INFO  ratis.XceiverServerRatis (XceiverServerRatis.java:getRealPort(543)) - XceiverServerRatis d17261cb-7782-4d5f-ae0d-593ca4af9c73 is started using port 15076 for RATIS_ADMIN
2023-05-31 22:57:38,043 [EndpointStateMachine task thread for /0.0.0.0:15002 - 0 ] INFO  ratis.XceiverServerRatis (XceiverServerRatis.java:getRealPort(543)) - XceiverServerRatis d17261cb-7782-4d5f-ae0d-593ca4af9c73 is started using port 15077 for RATIS_SERVER
2023-05-31 22:57:38,043 [EndpointStateMachine task thread for /0.0.0.0:15002 - 0 ] INFO  ratis.XceiverServerRatis (XceiverServerRatis.java:getRealPort(543)) - XceiverServerRatis d17261cb-7782-4d5f-ae0d-593ca4af9c73 is started using port 15078 for RATIS_DATASTREAM
2023-05-31 22:57:38,052 [main] INFO  server.session (DefaultSessionIdManager.java:doStart(334)) - DefaultSessionIdManager workerName=node0
2023-05-31 22:57:38,052 [main] INFO  server.session (DefaultSessionIdManager.java:doStart(339)) - No SessionScavenger set, using defaults
2023-05-31 22:57:38,053 [main] INFO  server.session (HouseKeeper.java:startScavenging(132)) - node0 Scavenging every 600000ms
2023-05-31 22:57:38,053 [main] INFO  handler.ContextHandler (ContextHandler.java:doStart(921)) - Started o.e.j.s.ServletContextHandler@1d855f{logs,/logs,file:///home/runner/work/ozone/ozone/hadoop-ozone/integration-test/target/log,AVAILABLE}
2023-05-31 22:57:38,054 [main] INFO  handler.ContextHandler (ContextHandler.java:doStart(921)) - Started o.e.j.s.ServletContextHandler@2e4ebad5{static,/static,jar:file:/home/runner/.m2/repository/org/apache/ozone/hdds-container-service/1.4.0-SNAPSHOT/hdds-container-service-1.4.0-SNAPSHOT.jar!/webapps/static,AVAILABLE}
2023-05-31 22:57:38,055 [BlockDeletingService#0] INFO  interfaces.ContainerDeletionChoosingPolicyTemplate (ContainerDeletionChoosingPolicyTemplate.java:chooseContainerForBlockDeletion(83)) - Chosen 0/5000 blocks from 0 candidate containers.
2023-05-31 22:57:38,063 [IPC Server handler 3 on default port 15002] INFO  net.NetworkTopologyImpl (NetworkTopologyImpl.java:add(112)) - Added a new node: /default-rack/41c98476-2059-4142-8ca0-ae93b0d149f4
2023-05-31 22:57:38,063 [IPC Server handler 3 on default port 15002] INFO  node.SCMNodeManager (SCMNodeManager.java:register(407)) - Registered Data node : 41c98476-2059-4142-8ca0-ae93b0d149f4{ip: 10.1.0.15, host: fv-az844-56.kvdfyhrxhd0epk3sa4trub4njc.xx.internal.cloudapp.net, ports: [HTTP=15036, CLIENT_RPC=15037, REPLICATION=15043, RATIS=15039, RATIS_ADMIN=15040, RATIS_SERVER=15041, RATIS_DATASTREAM=15042, STANDALONE=15038], networkLocation: /default-rack, certSerialId: null, persistedOpState: null, persistedOpStateExpiryEpochSec: 0}
2023-05-31 22:57:38,064 [EventQueue-NewNodeForNewNodeHandler] INFO  pipeline.BackgroundPipelineCreator (BackgroundPipelineCreator.java:notifyEventTriggered(276)) - trigger a one-shot run on RatisPipelineUtilsThread.
2023-05-31 22:57:38,065 [RatisPipelineUtilsThread - 0] INFO  pipeline.RatisPipelineProvider (RatisPipelineProvider.java:lambda$create$0(206)) - Sending CreatePipelineCommand for pipeline:PipelineID=c4572709-fcfc-4ee9-bc84-11a0789c576f to datanode:41c98476-2059-4142-8ca0-ae93b0d149f4
2023-05-31 22:57:38,072 [RatisPipelineUtilsThread - 0] INFO  pipeline.PipelineStateManagerImpl (PipelineStateManagerImpl.java:addPipeline(103)) - Created pipeline Pipeline[ Id: c4572709-fcfc-4ee9-bc84-11a0789c576f, Nodes: 41c98476-2059-4142-8ca0-ae93b0d149f4(fv-az844-56.kvdfyhrxhd0epk3sa4trub4njc.xx.internal.cloudapp.net/10.1.0.15), ReplicationConfig: RATIS/ONE, State:ALLOCATED, leaderId:, CreationTimestamp2023-05-31T22:57:38.065Z[Etc/UTC]].
2023-05-31 22:57:38,073 [RatisPipelineUtilsThread - 0] WARN  pipeline.PipelinePlacementPolicy (PipelinePlacementPolicy.java:filterViableNodes(160)) - Pipeline creation failed due to no sufficient healthy datanodes. Required 3. Found 1. Excluded 3.
2023-05-31 22:57:38,300 [EndpointStateMachine task thread for /0.0.0.0:15002 - 0 ] INFO  utils.DatanodeStoreCache (DatanodeStoreCache.java:addDB(66)) - Added db /home/runner/work/ozone/ozone/hadoop-ozone/integration-test/target/test-dir/MiniOzoneClusterImpl-816a41a7-5c89-4e8c-81ba-db0c8b26fb2d/datanode-8/data-0/containers/hdds/816a41a7-5c89-4e8c-81ba-db0c8b26fb2d/DS-a86875a4-5db8-48d9-9afe-45dea3905a6c/container.db to cache
2023-05-31 22:57:38,300 [EndpointStateMachine task thread for /0.0.0.0:15002 - 0 ] INFO  volume.HddsVolume (HddsVolume.java:createDbStore(350)) - SchemaV3 db is created and loaded at /home/runner/work/ozone/ozone/hadoop-ozone/integration-test/target/test-dir/MiniOzoneClusterImpl-816a41a7-5c89-4e8c-81ba-db0c8b26fb2d/datanode-8/data-0/containers/hdds/816a41a7-5c89-4e8c-81ba-db0c8b26fb2d/DS-a86875a4-5db8-48d9-9afe-45dea3905a6c/container.db for volume DS-a86875a4-5db8-48d9-9afe-45dea3905a6c
2023-05-31 22:57:38,301 [EndpointStateMachine task thread for /0.0.0.0:15002 - 0 ] INFO  ozoneimpl.OzoneContainer (OzoneContainer.java:start(398)) - Attempting to start container services.
2023-05-31 22:57:38,301 [EndpointStateMachine task thread for /0.0.0.0:15002 - 0 ] INFO  ozoneimpl.OzoneContainer (OzoneContainer.java:startContainerScrub(314)) - Scheduled background container scanners and the on-demand container scanner have been disabled.
2023-05-31 22:57:38,302 [EndpointStateMachine task thread for /0.0.0.0:15002 - 0 ] INFO  replication.ReplicationServer (ReplicationServer.java:start(128)) - ReplicationServer is started using port 15088
2023-05-31 22:57:38,302 [EndpointStateMachine task thread for /0.0.0.0:15002 - 0 ] INFO  ratis.XceiverServerRatis (XceiverServerRatis.java:start(517)) - Starting XceiverServerRatis 7c39489c-1c03-44c3-8ed9-36ad43776b05
2023-05-31 22:57:38,312 [EndpointStateMachine task thread for /0.0.0.0:15002 - 0 ] INFO  server.RaftServer (RaftServerProxy.java:startImpl(400)) - 7c39489c-1c03-44c3-8ed9-36ad43776b05: start RPC server
2023-05-31 22:57:38,313 [EndpointStateMachine task thread for /0.0.0.0:15002 - 0 ] INFO  server.GrpcService (GrpcService.java:startImpl(302)) - 7c39489c-1c03-44c3-8ed9-36ad43776b05: GrpcService started, listening on 15084
2023-05-31 22:57:38,313 [EndpointStateMachine task thread for /0.0.0.0:15002 - 0 ] INFO  server.GrpcService (GrpcService.java:startImpl(302)) - 7c39489c-1c03-44c3-8ed9-36ad43776b05: GrpcService started, listening on 15086
2023-05-31 22:57:38,314 [EndpointStateMachine task thread for /0.0.0.0:15002 - 0 ] INFO  server.GrpcService (GrpcService.java:startImpl(302)) - 7c39489c-1c03-44c3-8ed9-36ad43776b05: GrpcService started, listening on 15085
2023-05-31 22:57:38,314 [EndpointStateMachine task thread for /0.0.0.0:15002 - 0 ] INFO  ratis.XceiverServerRatis (XceiverServerRatis.java:getRealPort(543)) - XceiverServerRatis 7c39489c-1c03-44c3-8ed9-36ad43776b05 is started using port 15084 for RATIS
2023-05-31 22:57:38,314 [EndpointStateMachine task thread for /0.0.0.0:15002 - 0 ] INFO  ratis.XceiverServerRatis (XceiverServerRatis.java:getRealPort(543)) - XceiverServerRatis 7c39489c-1c03-44c3-8ed9-36ad43776b05 is started using port 15085 for RATIS_ADMIN
2023-05-31 22:57:38,314 [EndpointStateMachine task thread for /0.0.0.0:15002 - 0 ] INFO  ratis.XceiverServerRatis (XceiverServerRatis.java:getRealPort(543)) - XceiverServerRatis 7c39489c-1c03-44c3-8ed9-36ad43776b05 is started using port 15086 for RATIS_SERVER
2023-05-31 22:57:38,314 [EndpointStateMachine task thread for /0.0.0.0:15002 - 0 ] INFO  ratis.XceiverServerRatis (XceiverServerRatis.java:getRealPort(543)) - XceiverServerRatis 7c39489c-1c03-44c3-8ed9-36ad43776b05 is started using port 15087 for RATIS_DATASTREAM
2023-05-31 22:57:38,315 [JvmPauseMonitor9] INFO  util.JvmPauseMonitor (JvmPauseMonitor.java:run(103)) - JvmPauseMonitor-7c39489c-1c03-44c3-8ed9-36ad43776b05: Started
2023-05-31 22:57:38,322 [BlockDeletingService#0] INFO  interfaces.ContainerDeletionChoosingPolicyTemplate (ContainerDeletionChoosingPolicyTemplate.java:chooseContainerForBlockDeletion(83)) - Chosen 0/5000 blocks from 0 candidate containers.
2023-05-31 22:57:38,329 [main] INFO  handler.ContextHandler (ContextHandler.java:doStart(921)) - Started o.e.j.w.WebAppContext@18b94906{hddsDatanode,/,file:///home/runner/work/ozone/ozone/hadoop-ozone/integration-test/target/test-dir/MiniOzoneClusterImpl-816a41a7-5c89-4e8c-81ba-db0c8b26fb2d/datanode-12/meta/webserver/jetty-0_0_0_0-15117-hdds-container-service-1_4_0-SNAPSHOT_jar-_-any-6171236132043715355/webapp/,AVAILABLE}{jar:file:/home/runner/.m2/repository/org/apache/ozone/hdds-container-service/1.4.0-SNAPSHOT/hdds-container-service-1.4.0-SNAPSHOT.jar!/webapps/hddsDatanode}
2023-05-31 22:57:38,332 [main] INFO  server.AbstractConnector (AbstractConnector.java:doStart(333)) - Started ServerConnector@3a75a52a{HTTP/1.1, (http/1.1)}{0.0.0.0:15117}
2023-05-31 22:57:38,333 [main] INFO  server.Server (Server.java:doStart(415)) - Started @16613ms
2023-05-31 22:57:38,333 [main] WARN  impl.MetricsSystemImpl (MetricsSystemImpl.java:register(279)) - Sink prometheus already exists!
2023-05-31 22:57:38,334 [main] INFO  http.BaseHttpServer (BaseHttpServer.java:updateConnectorAddress(344)) - HTTP server of hddsDatanode listening at http://0.0.0.0:15117
2023-05-31 22:57:38,334 [main] INFO  ipc.CallQueueManager (CallQueueManager.java:<init>(90)) - Using callQueue: class java.util.concurrent.LinkedBlockingQueue, queueCapacity: 100, scheduler: class org.apache.hadoop.ipc.DefaultRpcScheduler, ipcBackoff: false.
2023-05-31 22:57:38,335 [Socket Reader #1 for port 15118] INFO  ipc.Server (Server.java:run(1319)) - Starting Socket Reader #1 for port 15118
2023-05-31 22:57:38,342 [Listener at 0.0.0.0/15118] INFO  hdds.HddsUtils (HddsUtils.java:preserveThreadName(843)) - Restoring thread name: main
2023-05-31 22:57:38,342 [main] INFO  ozone.HddsDatanodeService (HddsDatanodeService.java:start(337)) - Datanode start with admins: [runner]
2023-05-31 22:57:38,342 [main] INFO  ozone.HddsDatanodeClientProtocolServer (HddsDatanodeClientProtocolServer.java:start(83)) - RPC server for Client /0.0.0.0:15118
2023-05-31 22:57:38,344 [IPC Server Responder] INFO  ipc.Server (Server.java:run(1558)) - IPC Server Responder: starting
2023-05-31 22:57:38,347 [Datanode State Machine Daemon Thread] INFO  statemachine.DatanodeStateMachine (DatanodeStateMachine.java:lambda$startDaemon$0(537)) - Ozone container server started.
2023-05-31 22:57:38,349 [IPC Server listener on 15118] INFO  ipc.Server (Server.java:run(1398)) - IPC Server listener on 15118: starting
2023-05-31 22:57:38,349 [main] WARN  impl.MetricRegistriesImpl (MetricRegistriesImpl.java:addReporterRegistration(111)) - New reporters are added after registries were created. Some metrics will be missing from the reporter. Please add reporter before adding any new registry.
2023-05-31 22:57:38,349 [main] WARN  impl.MetricRegistriesImpl (MetricRegistriesImpl.java:addReporterRegistration(111)) - New reporters are added after registries were created. Some metrics will be missing from the reporter. Please add reporter before adding any new registry.
2023-05-31 22:57:38,349 [main] INFO  impl.MetricsSystemImpl (MetricsSystemImpl.java:init(158)) - HddsDatanode metrics system started (again)
2023-05-31 22:57:38,371 [main] INFO  ozone.HddsDatanodeService (HddsDatanodeService.java:start(264)) - HddsDatanodeService host:fv-az844-56.kvdfyhrxhd0epk3sa4trub4njc.xx.internal.cloudapp.net ip:10.1.0.15
2023-05-31 22:57:38,383 [org.apache.hadoop.util.JvmPauseMonitor$Monitor@67a35822] INFO  util.JvmPauseMonitor (JvmPauseMonitor.java:run(188)) - Starting JVM pause monitor
2023-05-31 22:57:38,391 [Datanode State Machine Task Thread - 0] INFO  datanode.InitDatanodeState (InitDatanodeState.java:persistContainerDatanodeDetails(138)) - DatanodeDetails is persisted to /home/runner/work/ozone/ozone/hadoop-ozone/integration-test/target/test-dir/MiniOzoneClusterImpl-816a41a7-5c89-4e8c-81ba-db0c8b26fb2d/datanode-12/meta/datanode.id
2023-05-31 22:57:38,400 [main] INFO  upgrade.AbstractLayoutVersionManager (AbstractLayoutVersionManager.java:init(83)) - Initializing Layout version manager with metadata layout = HADOOP_PRC_PORTS_IN_DATANODEDETAILS (version = 7), software layout = HADOOP_PRC_PORTS_IN_DATANODEDETAILS (version = 7)
2023-05-31 22:57:38,401 [main] INFO  statemachine.DatanodeStateMachine (DatanodeStateMachine.java:getEndPointTaskThreadPoolSize(275)) - Datanode State Machine Task Thread Pool size 2
2023-05-31 22:57:38,403 [main] INFO  volume.HddsVolume (HddsVolume.java:<init>(130)) - Creating HddsVolume: /home/runner/work/ozone/ozone/hadoop-ozone/integration-test/target/test-dir/MiniOzoneClusterImpl-816a41a7-5c89-4e8c-81ba-db0c8b26fb2d/datanode-13/data-0/containers/hdds of storage type : DISK capacity : 9223372036854775807
2023-05-31 22:57:38,403 [main] INFO  volume.MutableVolumeSet (MutableVolumeSet.java:initializeVolumeSet(175)) - Added Volume : /home/runner/work/ozone/ozone/hadoop-ozone/integration-test/target/test-dir/MiniOzoneClusterImpl-816a41a7-5c89-4e8c-81ba-db0c8b26fb2d/datanode-13/data-0/containers/hdds to VolumeSet
2023-05-31 22:57:38,403 [main] INFO  volume.ThrottledAsyncChecker (ThrottledAsyncChecker.java:schedule(141)) - Scheduling a check for /home/runner/work/ozone/ozone/hadoop-ozone/integration-test/target/test-dir/MiniOzoneClusterImpl-816a41a7-5c89-4e8c-81ba-db0c8b26fb2d/datanode-13/data-0/containers/hdds
2023-05-31 22:57:38,409 [main] INFO  volume.StorageVolumeChecker (StorageVolumeChecker.java:checkAllVolumes(202)) - Scheduled health check for volume /home/runner/work/ozone/ozone/hadoop-ozone/integration-test/target/test-dir/MiniOzoneClusterImpl-816a41a7-5c89-4e8c-81ba-db0c8b26fb2d/datanode-13/data-0/containers/hdds
2023-05-31 22:57:38,421 [main] INFO  volume.MutableVolumeSet (MutableVolumeSet.java:initializeVolumeSet(175)) - Added Volume : /home/runner/work/ozone/ozone/hadoop-ozone/integration-test/target/test-dir/MiniOzoneClusterImpl-816a41a7-5c89-4e8c-81ba-db0c8b26fb2d/datanode-13/data/ratis to VolumeSet
2023-05-31 22:57:38,422 [main] INFO  volume.ThrottledAsyncChecker (ThrottledAsyncChecker.java:schedule(141)) - Scheduling a check for /home/runner/work/ozone/ozone/hadoop-ozone/integration-test/target/test-dir/MiniOzoneClusterImpl-816a41a7-5c89-4e8c-81ba-db0c8b26fb2d/datanode-13/data/ratis
2023-05-31 22:57:38,427 [main] INFO  volume.StorageVolumeChecker (StorageVolumeChecker.java:checkAllVolumes(202)) - Scheduled health check for volume /home/runner/work/ozone/ozone/hadoop-ozone/integration-test/target/test-dir/MiniOzoneClusterImpl-816a41a7-5c89-4e8c-81ba-db0c8b26fb2d/datanode-13/data/ratis
2023-05-31 22:57:38,444 [Thread-429] INFO  ozoneimpl.ContainerReader (ContainerReader.java:readVolume(175)) - Finish verifying containers on volume /home/runner/work/ozone/ozone/hadoop-ozone/integration-test/target/test-dir/MiniOzoneClusterImpl-816a41a7-5c89-4e8c-81ba-db0c8b26fb2d/datanode-13/data-0/containers/hdds
2023-05-31 22:57:38,444 [main] INFO  ozoneimpl.OzoneContainer (OzoneContainer.java:buildContainerSet(303)) - Build ContainerSet costs 0s
2023-05-31 22:57:38,447 [main] INFO  server.RaftServer (ConfUtils.java:logGet(46)) - raft.rpc.type = GRPC (default)
2023-05-31 22:57:38,447 [main] INFO  grpc.GrpcConfigKeys (ConfUtils.java:logFallback(53)) - raft.grpc.admin.host = null (fallback to raft.grpc.server.host)
2023-05-31 22:57:38,447 [main] INFO  grpc.GrpcConfigKeys (ConfUtils.java:logGet(46)) - raft.grpc.admin.port = 15130 (custom)
2023-05-31 22:57:38,448 [main] INFO  grpc.GrpcConfigKeys (ConfUtils.java:logFallback(53)) - raft.grpc.client.host = null (fallback to raft.grpc.server.host)
2023-05-31 22:57:38,448 [main] INFO  grpc.GrpcConfigKeys (ConfUtils.java:logGet(46)) - raft.grpc.client.port = 15129 (custom)
2023-05-31 22:57:38,448 [main] INFO  grpc.GrpcConfigKeys (ConfUtils.java:logGet(46)) - raft.grpc.server.host = null (default)
2023-05-31 22:57:38,448 [main] INFO  grpc.GrpcConfigKeys (ConfUtils.java:logGet(46)) - raft.grpc.server.port = 15131 (custom)
2023-05-31 22:57:38,448 [main] INFO  server.GrpcService (ConfUtils.java:logGet(46)) - raft.grpc.message.size.max = 32MB (=33554432) (custom)
2023-05-31 22:57:38,448 [main] INFO  server.RaftServerConfigKeys (ConfUtils.java:logGet(46)) - raft.server.log.appender.buffer.byte-limit = 33554432 (custom)
2023-05-31 22:57:38,449 [main] INFO  server.GrpcService (ConfUtils.java:logGet(46)) - raft.grpc.flow.control.window = 5MB (=5242880) (custom)
2023-05-31 22:57:38,449 [main] INFO  server.RaftServerConfigKeys (ConfUtils.java:logGet(46)) - raft.server.rpc.request.timeout = 60s (custom)
2023-05-31 22:57:38,449 [main] INFO  grpc.GrpcConfigKeys (ConfUtils.java:logGet(46)) - raft.grpc.server.heartbeat.channel = true (default)
2023-05-31 22:57:38,449 [main] INFO  grpc.GrpcConfigKeys (ConfUtils.java:logGet(46)) - raft.grpc.server.async.request.thread.pool.cached = true (default)
2023-05-31 22:57:38,450 [main] INFO  grpc.GrpcConfigKeys (ConfUtils.java:logGet(46)) - raft.grpc.server.async.request.thread.pool.size = 32 (default)
2023-05-31 22:57:38,452 [main] INFO  impl.DataStreamServerImpl (ConfUtils.java:logGet(46)) - raft.datastream.type = NETTY (custom)
2023-05-31 22:57:38,455 [IPC Server handler 1 on default port 15002] INFO  net.NetworkTopologyImpl (NetworkTopologyImpl.java:add(112)) - Added a new node: /default-rack/9d40cccf-8c3a-4da2-ab03-ca5c7975d909
2023-05-31 22:57:38,456 [IPC Server handler 1 on default port 15002] INFO  node.SCMNodeManager (SCMNodeManager.java:register(407)) - Registered Data node : 9d40cccf-8c3a-4da2-ab03-ca5c7975d909{ip: 10.1.0.15, host: fv-az844-56.kvdfyhrxhd0epk3sa4trub4njc.xx.internal.cloudapp.net, ports: [HTTP=15045, CLIENT_RPC=15046, REPLICATION=15052, RATIS=15048, RATIS_ADMIN=15049, RATIS_SERVER=15050, RATIS_DATASTREAM=15051, STANDALONE=15047], networkLocation: /default-rack, certSerialId: null, persistedOpState: null, persistedOpStateExpiryEpochSec: 0}
2023-05-31 22:57:38,456 [EventQueue-NewNodeForNewNodeHandler] INFO  pipeline.BackgroundPipelineCreator (BackgroundPipelineCreator.java:notifyEventTriggered(276)) - trigger a one-shot run on RatisPipelineUtilsThread.
2023-05-31 22:57:38,457 [RatisPipelineUtilsThread - 0] INFO  pipeline.RatisPipelineProvider (RatisPipelineProvider.java:lambda$create$0(206)) - Sending CreatePipelineCommand for pipeline:PipelineID=c80f1ec5-dc82-4443-8f1f-89448b7302e5 to datanode:9d40cccf-8c3a-4da2-ab03-ca5c7975d909
2023-05-31 22:57:38,462 [main] INFO  server.RaftServerConfigKeys (ConfUtils.java:logGet(46)) - raft.server.data-stream.async.request.thread.pool.cached = false (default)
2023-05-31 22:57:38,462 [RatisPipelineUtilsThread - 0] INFO  pipeline.PipelineStateManagerImpl (PipelineStateManagerImpl.java:addPipeline(103)) - Created pipeline Pipeline[ Id: c80f1ec5-dc82-4443-8f1f-89448b7302e5, Nodes: 9d40cccf-8c3a-4da2-ab03-ca5c7975d909(fv-az844-56.kvdfyhrxhd0epk3sa4trub4njc.xx.internal.cloudapp.net/10.1.0.15), ReplicationConfig: RATIS/ONE, State:ALLOCATED, leaderId:, CreationTimestamp2023-05-31T22:57:38.457Z[Etc/UTC]].
2023-05-31 22:57:38,464 [main] INFO  server.RaftServerConfigKeys (ConfUtils.java:logGet(46)) - raft.server.data-stream.async.request.thread.pool.size = 20 (custom)
2023-05-31 22:57:38,465 [main] INFO  server.RaftServerConfigKeys (ConfUtils.java:logGet(46)) - raft.server.data-stream.async.write.thread.pool.size = 16 (default)
2023-05-31 22:57:38,465 [main] INFO  server.RaftServerConfigKeys (ConfUtils.java:logGet(46)) - raft.server.data-stream.client.pool.size = 10 (default)
2023-05-31 22:57:38,465 [RatisPipelineUtilsThread - 0] WARN  pipeline.PipelinePlacementPolicy (PipelinePlacementPolicy.java:filterViableNodes(160)) - Pipeline creation failed due to no sufficient healthy datanodes. Required 3. Found 2. Excluded 3.
2023-05-31 22:57:38,465 [main] INFO  netty.NettyConfigKeys$DataStream (ConfUtils.java:logGet(46)) - raft.netty.dataStream.server.use-epoll = false (default)
2023-05-31 22:57:38,465 [main] INFO  netty.NettyConfigKeys$DataStream (ConfUtils.java:logGet(46)) - raft.netty.dataStream.server.boss-group.size = 0 (default)
2023-05-31 22:57:38,466 [main] INFO  netty.NettyConfigKeys$DataStream (ConfUtils.java:logGet(46)) - raft.netty.dataStream.server.worker-group.size = 0 (default)
2023-05-31 22:57:38,467 [main] INFO  netty.NettyConfigKeys$DataStream (ConfUtils.java:logGet(46)) - raft.netty.dataStream.server.tls.conf = null (default)
2023-05-31 22:57:38,467 [main] INFO  netty.NettyConfigKeys$DataStream (ConfUtils.java:logGet(46)) - raft.netty.dataStream.host = null (default)
2023-05-31 22:57:38,467 [main] INFO  netty.NettyConfigKeys$DataStream (ConfUtils.java:logGet(46)) - raft.netty.dataStream.port = 15132 (custom)
2023-05-31 22:57:38,468 [main] INFO  server.RaftServerConfigKeys (ConfUtils.java:logGet(46)) - raft.server.threadpool.proxy.cached = true (default)
2023-05-31 22:57:38,469 [main] INFO  server.RaftServerConfigKeys (ConfUtils.java:logGet(46)) - raft.server.threadpool.proxy.size = 0 (default)
2023-05-31 22:57:38,469 [main] INFO  server.RaftServerConfigKeys (ConfUtils.java:logGet(46)) - raft.server.rpc.slowness.timeout = 300s (custom)
2023-05-31 22:57:38,469 [main] INFO  server.RaftServerConfigKeys (ConfUtils.java:logGet(46)) - raft.server.leaderelection.leader.step-down.wait-time = 10s (default)
2023-05-31 22:57:38,469 [main] INFO  server.RaftServerConfigKeys (ConfUtils.java:logGet(46)) - raft.server.storage.dir = [/home/runner/work/ozone/ozone/hadoop-ozone/integration-test/target/test-dir/MiniOzoneClusterImpl-816a41a7-5c89-4e8c-81ba-db0c8b26fb2d/datanode-13/data/ratis] (custom)
2023-05-31 22:57:38,485 [main] INFO  server.XceiverServerGrpc (XceiverServerGrpc.java:<init>(132)) - GrpcServer channel type EpollServerSocketChannel
2023-05-31 22:57:38,493 [main] INFO  replication.ReplicationSupervisor (ReplicationSupervisor.java:nodeStateUpdated(296)) - Node state updated to IN_SERVICE, scaling executor pool size to 10
2023-05-31 22:57:38,498 [f4bcbbae-f69c-492d-a431-822e5a7eea0c-NettyServerStreamRpc-bossGroup--thread1] INFO  logging.LoggingHandler (AbstractInternalLogger.java:log(148)) - [id: 0x41ed53a3] REGISTERED
2023-05-31 22:57:38,498 [f4bcbbae-f69c-492d-a431-822e5a7eea0c-NettyServerStreamRpc-bossGroup--thread1] INFO  logging.LoggingHandler (AbstractInternalLogger.java:log(148)) - [id: 0x41ed53a3] BIND: 0.0.0.0/0.0.0.0:15132
2023-05-31 22:57:38,498 [f4bcbbae-f69c-492d-a431-822e5a7eea0c-NettyServerStreamRpc-bossGroup--thread1] INFO  logging.LoggingHandler (AbstractInternalLogger.java:log(148)) - [id: 0x41ed53a3, L:/0:0:0:0:0:0:0:0:15132] ACTIVE
2023-05-31 22:57:38,499 [main] INFO  http.BaseHttpServer (BaseHttpServer.java:newHttpServer2BuilderForOzone(224)) - Starting Web-server for hddsDatanode at: http://0.0.0.0:15126
2023-05-31 22:57:38,499 [main] INFO  http.BaseHttpServer (BaseHttpServer.java:<init>(111)) - Hadoop Security Enabled: false Ozone Security Enabled: false Ozone HTTP Security Enabled: false 
2023-05-31 22:57:38,502 [main] WARN  server.AuthenticationFilter (AuthenticationFilter.java:constructSecretProvider(240)) - Unable to initialize FileSignerSecretProvider, falling back to use random secrets. Reason: Could not read signature secret file: /home/runner/hadoop-http-auth-signature-secret
2023-05-31 22:57:38,503 [main] INFO  http.HttpRequestLog (HttpRequestLog.java:getRequestLog(86)) - Http request log for http.requests.hddsDatanode is not defined
2023-05-31 22:57:38,504 [main] INFO  http.HttpServer2 (HttpServer2.java:addGlobalFilter(1031)) - Added global filter 'safety' (class=org.apache.hadoop.hdds.server.http.HttpServer2$QuotingInputFilter)
2023-05-31 22:57:38,508 [main] INFO  http.HttpServer2 (HttpServer2.java:addFilter(1007)) - Added filter static_user_filter (class=org.apache.hadoop.http.lib.StaticUserWebFilter$StaticUserFilter) to context hddsDatanode
2023-05-31 22:57:38,510 [main] INFO  http.HttpServer2 (HttpServer2.java:addFilter(1015)) - Added filter static_user_filter (class=org.apache.hadoop.http.lib.StaticUserWebFilter$StaticUserFilter) to context static
2023-05-31 22:57:38,510 [main] INFO  http.HttpServer2 (HttpServer2.java:addFilter(1015)) - Added filter static_user_filter (class=org.apache.hadoop.http.lib.StaticUserWebFilter$StaticUserFilter) to context logs
2023-05-31 22:57:38,511 [main] INFO  http.BaseHttpServer (BaseHttpServer.java:<init>(190)) - HTTP server of hddsDatanode uses base directory /home/runner/work/ozone/ozone/hadoop-ozone/integration-test/target/test-dir/MiniOzoneClusterImpl-816a41a7-5c89-4e8c-81ba-db0c8b26fb2d/datanode-13/meta/webserver
2023-05-31 22:57:38,512 [main] INFO  http.HttpServer2 (HttpServer2.java:bindListener(1250)) - Jetty bound to port 15126
2023-05-31 22:57:38,512 [main] INFO  server.Server (Server.java:doStart(375)) - jetty-9.4.51.v20230217; built: 2023-02-17T08:19:37.309Z; git: b45c405e4544384de066f814ed42ae3dceacdd49; jvm 1.8.0_362-b09
2023-05-31 22:57:38,514 [main] INFO  server.session (DefaultSessionIdManager.java:doStart(334)) - DefaultSessionIdManager workerName=node0
2023-05-31 22:57:38,514 [main] INFO  server.session (DefaultSessionIdManager.java:doStart(339)) - No SessionScavenger set, using defaults
2023-05-31 22:57:38,515 [main] INFO  server.session (HouseKeeper.java:startScavenging(132)) - node0 Scavenging every 600000ms
2023-05-31 22:57:38,517 [main] INFO  handler.ContextHandler (ContextHandler.java:doStart(921)) - Started o.e.j.s.ServletContextHandler@66857759{logs,/logs,file:///home/runner/work/ozone/ozone/hadoop-ozone/integration-test/target/log,AVAILABLE}
2023-05-31 22:57:38,517 [main] INFO  handler.ContextHandler (ContextHandler.java:doStart(921)) - Started o.e.j.s.ServletContextHandler@557e3e77{static,/static,jar:file:/home/runner/.m2/repository/org/apache/ozone/hdds-container-service/1.4.0-SNAPSHOT/hdds-container-service-1.4.0-SNAPSHOT.jar!/webapps/static,AVAILABLE}
2023-05-31 22:57:38,872 [EndpointStateMachine task thread for /0.0.0.0:15002 - 0 ] INFO  utils.DatanodeStoreCache (DatanodeStoreCache.java:addDB(66)) - Added db /home/runner/work/ozone/ozone/hadoop-ozone/integration-test/target/test-dir/MiniOzoneClusterImpl-816a41a7-5c89-4e8c-81ba-db0c8b26fb2d/datanode-9/data-0/containers/hdds/816a41a7-5c89-4e8c-81ba-db0c8b26fb2d/DS-013dc5e9-06c0-43b3-a62c-2a4571dcf5c3/container.db to cache
2023-05-31 22:57:38,873 [EndpointStateMachine task thread for /0.0.0.0:15002 - 0 ] INFO  volume.HddsVolume (HddsVolume.java:createDbStore(350)) - SchemaV3 db is created and loaded at /home/runner/work/ozone/ozone/hadoop-ozone/integration-test/target/test-dir/MiniOzoneClusterImpl-816a41a7-5c89-4e8c-81ba-db0c8b26fb2d/datanode-9/data-0/containers/hdds/816a41a7-5c89-4e8c-81ba-db0c8b26fb2d/DS-013dc5e9-06c0-43b3-a62c-2a4571dcf5c3/container.db for volume DS-013dc5e9-06c0-43b3-a62c-2a4571dcf5c3
2023-05-31 22:57:38,874 [EndpointStateMachine task thread for /0.0.0.0:15002 - 0 ] INFO  ozoneimpl.OzoneContainer (OzoneContainer.java:start(398)) - Attempting to start container services.
2023-05-31 22:57:38,874 [EndpointStateMachine task thread for /0.0.0.0:15002 - 0 ] INFO  ozoneimpl.OzoneContainer (OzoneContainer.java:startContainerScrub(314)) - Scheduled background container scanners and the on-demand container scanner have been disabled.
2023-05-31 22:57:38,875 [EndpointStateMachine task thread for /0.0.0.0:15002 - 0 ] INFO  replication.ReplicationServer (ReplicationServer.java:start(128)) - ReplicationServer is started using port 15097
2023-05-31 22:57:38,875 [EndpointStateMachine task thread for /0.0.0.0:15002 - 0 ] INFO  ratis.XceiverServerRatis (XceiverServerRatis.java:start(517)) - Starting XceiverServerRatis 07122f08-5d38-49f7-8fdd-d2e34ec8d956
2023-05-31 22:57:38,884 [EndpointStateMachine task thread for /0.0.0.0:15002 - 0 ] INFO  server.RaftServer (RaftServerProxy.java:startImpl(400)) - 07122f08-5d38-49f7-8fdd-d2e34ec8d956: start RPC server
2023-05-31 22:57:38,885 [EndpointStateMachine task thread for /0.0.0.0:15002 - 0 ] INFO  server.GrpcService (GrpcService.java:startImpl(302)) - 07122f08-5d38-49f7-8fdd-d2e34ec8d956: GrpcService started, listening on 15093
2023-05-31 22:57:38,885 [EndpointStateMachine task thread for /0.0.0.0:15002 - 0 ] INFO  server.GrpcService (GrpcService.java:startImpl(302)) - 07122f08-5d38-49f7-8fdd-d2e34ec8d956: GrpcService started, listening on 15095
2023-05-31 22:57:38,887 [EndpointStateMachine task thread for /0.0.0.0:15002 - 0 ] INFO  server.GrpcService (GrpcService.java:startImpl(302)) - 07122f08-5d38-49f7-8fdd-d2e34ec8d956: GrpcService started, listening on 15094
2023-05-31 22:57:38,887 [EndpointStateMachine task thread for /0.0.0.0:15002 - 0 ] INFO  ratis.XceiverServerRatis (XceiverServerRatis.java:getRealPort(543)) - XceiverServerRatis 07122f08-5d38-49f7-8fdd-d2e34ec8d956 is started using port 15093 for RATIS
2023-05-31 22:57:38,887 [EndpointStateMachine task thread for /0.0.0.0:15002 - 0 ] INFO  ratis.XceiverServerRatis (XceiverServerRatis.java:getRealPort(543)) - XceiverServerRatis 07122f08-5d38-49f7-8fdd-d2e34ec8d956 is started using port 15094 for RATIS_ADMIN
2023-05-31 22:57:38,887 [EndpointStateMachine task thread for /0.0.0.0:15002 - 0 ] INFO  ratis.XceiverServerRatis (XceiverServerRatis.java:getRealPort(543)) - XceiverServerRatis 07122f08-5d38-49f7-8fdd-d2e34ec8d956 is started using port 15095 for RATIS_SERVER
2023-05-31 22:57:38,887 [EndpointStateMachine task thread for /0.0.0.0:15002 - 0 ] INFO  ratis.XceiverServerRatis (XceiverServerRatis.java:getRealPort(543)) - XceiverServerRatis 07122f08-5d38-49f7-8fdd-d2e34ec8d956 is started using port 15096 for RATIS_DATASTREAM
2023-05-31 22:57:38,888 [JvmPauseMonitor10] INFO  util.JvmPauseMonitor (JvmPauseMonitor.java:run(103)) - JvmPauseMonitor-07122f08-5d38-49f7-8fdd-d2e34ec8d956: Started
2023-05-31 22:57:38,889 [BlockDeletingService#0] INFO  interfaces.ContainerDeletionChoosingPolicyTemplate (ContainerDeletionChoosingPolicyTemplate.java:chooseContainerForBlockDeletion(83)) - Chosen 0/5000 blocks from 0 candidate containers.
2023-05-31 22:57:38,928 [IPC Server handler 4 on default port 15002] INFO  net.NetworkTopologyImpl (NetworkTopologyImpl.java:add(112)) - Added a new node: /default-rack/83cc0f91-5896-42fb-be30-113915710489
2023-05-31 22:57:38,929 [IPC Server handler 4 on default port 15002] INFO  node.SCMNodeManager (SCMNodeManager.java:register(407)) - Registered Data node : 83cc0f91-5896-42fb-be30-113915710489{ip: 10.1.0.15, host: fv-az844-56.kvdfyhrxhd0epk3sa4trub4njc.xx.internal.cloudapp.net, ports: [HTTP=15054, CLIENT_RPC=15055, REPLICATION=15061, RATIS=15057, RATIS_ADMIN=15058, RATIS_SERVER=15059, RATIS_DATASTREAM=15060, STANDALONE=15056], networkLocation: /default-rack, certSerialId: null, persistedOpState: null, persistedOpStateExpiryEpochSec: 0}
2023-05-31 22:57:38,929 [EventQueue-NewNodeForNewNodeHandler] INFO  pipeline.BackgroundPipelineCreator (BackgroundPipelineCreator.java:notifyEventTriggered(276)) - trigger a one-shot run on RatisPipelineUtilsThread.
2023-05-31 22:57:38,930 [RatisPipelineUtilsThread - 0] INFO  pipeline.RatisPipelineProvider (RatisPipelineProvider.java:lambda$create$0(206)) - Sending CreatePipelineCommand for pipeline:PipelineID=335102a8-f862-46a3-abf8-3eba66c287e9 to datanode:83cc0f91-5896-42fb-be30-113915710489
2023-05-31 22:57:38,932 [RatisPipelineUtilsThread - 0] INFO  pipeline.PipelineStateManagerImpl (PipelineStateManagerImpl.java:addPipeline(103)) - Created pipeline Pipeline[ Id: 335102a8-f862-46a3-abf8-3eba66c287e9, Nodes: 83cc0f91-5896-42fb-be30-113915710489(fv-az844-56.kvdfyhrxhd0epk3sa4trub4njc.xx.internal.cloudapp.net/10.1.0.15), ReplicationConfig: RATIS/ONE, State:ALLOCATED, leaderId:, CreationTimestamp2023-05-31T22:57:38.930Z[Etc/UTC]].
2023-05-31 22:57:38,933 [RatisPipelineUtilsThread - 0] INFO  pipeline.RatisPipelineProvider (RatisPipelineProvider.java:lambda$create$0(206)) - Sending CreatePipelineCommand for pipeline:PipelineID=f8f340ea-534e-4abd-be4c-faaf52abf0c5 to datanode:9d40cccf-8c3a-4da2-ab03-ca5c7975d909
2023-05-31 22:57:38,942 [RatisPipelineUtilsThread - 0] INFO  pipeline.RatisPipelineProvider (RatisPipelineProvider.java:lambda$create$0(206)) - Sending CreatePipelineCommand for pipeline:PipelineID=f8f340ea-534e-4abd-be4c-faaf52abf0c5 to datanode:83cc0f91-5896-42fb-be30-113915710489
2023-05-31 22:57:38,942 [RatisPipelineUtilsThread - 0] INFO  pipeline.RatisPipelineProvider (RatisPipelineProvider.java:lambda$create$0(206)) - Sending CreatePipelineCommand for pipeline:PipelineID=f8f340ea-534e-4abd-be4c-faaf52abf0c5 to datanode:41c98476-2059-4142-8ca0-ae93b0d149f4
2023-05-31 22:57:38,943 [RatisPipelineUtilsThread - 0] INFO  pipeline.PipelineStateManagerImpl (PipelineStateManagerImpl.java:addPipeline(103)) - Created pipeline Pipeline[ Id: f8f340ea-534e-4abd-be4c-faaf52abf0c5, Nodes: 9d40cccf-8c3a-4da2-ab03-ca5c7975d909(fv-az844-56.kvdfyhrxhd0epk3sa4trub4njc.xx.internal.cloudapp.net/10.1.0.15)83cc0f91-5896-42fb-be30-113915710489(fv-az844-56.kvdfyhrxhd0epk3sa4trub4njc.xx.internal.cloudapp.net/10.1.0.15)41c98476-2059-4142-8ca0-ae93b0d149f4(fv-az844-56.kvdfyhrxhd0epk3sa4trub4njc.xx.internal.cloudapp.net/10.1.0.15), ReplicationConfig: RATIS/THREE, State:ALLOCATED, leaderId:, CreationTimestamp2023-05-31T22:57:38.933Z[Etc/UTC]].
2023-05-31 22:57:38,944 [RatisPipelineUtilsThread - 0] INFO  pipeline.RatisPipelineProvider (RatisPipelineProvider.java:lambda$create$0(206)) - Sending CreatePipelineCommand for pipeline:PipelineID=e40c1d1a-3ce1-4f77-8ea6-30d5f45409b1 to datanode:9d40cccf-8c3a-4da2-ab03-ca5c7975d909
2023-05-31 22:57:38,944 [RatisPipelineUtilsThread - 0] INFO  pipeline.RatisPipelineProvider (RatisPipelineProvider.java:lambda$create$0(206)) - Sending CreatePipelineCommand for pipeline:PipelineID=e40c1d1a-3ce1-4f77-8ea6-30d5f45409b1 to datanode:41c98476-2059-4142-8ca0-ae93b0d149f4
2023-05-31 22:57:38,945 [RatisPipelineUtilsThread - 0] INFO  pipeline.RatisPipelineProvider (RatisPipelineProvider.java:lambda$create$0(206)) - Sending CreatePipelineCommand for pipeline:PipelineID=e40c1d1a-3ce1-4f77-8ea6-30d5f45409b1 to datanode:83cc0f91-5896-42fb-be30-113915710489
2023-05-31 22:57:38,946 [RatisPipelineUtilsThread - 0] INFO  pipeline.PipelineStateManagerImpl (PipelineStateManagerImpl.java:addPipeline(103)) - Created pipeline Pipeline[ Id: e40c1d1a-3ce1-4f77-8ea6-30d5f45409b1, Nodes: 9d40cccf-8c3a-4da2-ab03-ca5c7975d909(fv-az844-56.kvdfyhrxhd0epk3sa4trub4njc.xx.internal.cloudapp.net/10.1.0.15)41c98476-2059-4142-8ca0-ae93b0d149f4(fv-az844-56.kvdfyhrxhd0epk3sa4trub4njc.xx.internal.cloudapp.net/10.1.0.15)83cc0f91-5896-42fb-be30-113915710489(fv-az844-56.kvdfyhrxhd0epk3sa4trub4njc.xx.internal.cloudapp.net/10.1.0.15), ReplicationConfig: RATIS/THREE, State:ALLOCATED, leaderId:, CreationTimestamp2023-05-31T22:57:38.944Z[Etc/UTC]].
2023-05-31 22:57:38,946 [RatisPipelineUtilsThread - 0] INFO  pipeline.PipelineManagerImpl (PipelineManagerImpl.java:recordMetricsForPipeline(826)) - Pipeline: PipelineID=e40c1d1a-3ce1-4f77-8ea6-30d5f45409b1 contains same datanodes as previous pipelines: PipelineID=f8f340ea-534e-4abd-be4c-faaf52abf0c5 nodeIds: 9d40cccf-8c3a-4da2-ab03-ca5c7975d909, 41c98476-2059-4142-8ca0-ae93b0d149f4, 83cc0f91-5896-42fb-be30-113915710489
2023-05-31 22:57:38,946 [RatisPipelineUtilsThread - 0] WARN  pipeline.PipelinePlacementPolicy (PipelinePlacementPolicy.java:filterViableNodes(160)) - Pipeline creation failed due to no sufficient healthy datanodes. Required 3. Found 0. Excluded 6.
2023-05-31 22:57:38,949 [main] INFO  handler.ContextHandler (ContextHandler.java:doStart(921)) - Started o.e.j.w.WebAppContext@4b6194b5{hddsDatanode,/,file:///home/runner/work/ozone/ozone/hadoop-ozone/integration-test/target/test-dir/MiniOzoneClusterImpl-816a41a7-5c89-4e8c-81ba-db0c8b26fb2d/datanode-13/meta/webserver/jetty-0_0_0_0-15126-hdds-container-service-1_4_0-SNAPSHOT_jar-_-any-2760644750027570370/webapp/,AVAILABLE}{jar:file:/home/runner/.m2/repository/org/apache/ozone/hdds-container-service/1.4.0-SNAPSHOT/hdds-container-service-1.4.0-SNAPSHOT.jar!/webapps/hddsDatanode}
2023-05-31 22:57:38,956 [main] INFO  server.AbstractConnector (AbstractConnector.java:doStart(333)) - Started ServerConnector@26fb851d{HTTP/1.1, (http/1.1)}{0.0.0.0:15126}
2023-05-31 22:57:38,956 [main] INFO  server.Server (Server.java:doStart(415)) - Started @17236ms
2023-05-31 22:57:38,956 [main] WARN  impl.MetricsSystemImpl (MetricsSystemImpl.java:register(279)) - Sink prometheus already exists!
2023-05-31 22:57:38,957 [main] INFO  http.BaseHttpServer (BaseHttpServer.java:updateConnectorAddress(344)) - HTTP server of hddsDatanode listening at http://0.0.0.0:15126
2023-05-31 22:57:38,957 [main] INFO  ipc.CallQueueManager (CallQueueManager.java:<init>(90)) - Using callQueue: class java.util.concurrent.LinkedBlockingQueue, queueCapacity: 100, scheduler: class org.apache.hadoop.ipc.DefaultRpcScheduler, ipcBackoff: false.
2023-05-31 22:57:38,963 [Socket Reader #1 for port 15127] INFO  ipc.Server (Server.java:run(1319)) - Starting Socket Reader #1 for port 15127
2023-05-31 22:57:38,984 [Listener at 0.0.0.0/15127] INFO  hdds.HddsUtils (HddsUtils.java:preserveThreadName(843)) - Restoring thread name: main
2023-05-31 22:57:38,985 [main] INFO  ozone.HddsDatanodeService (HddsDatanodeService.java:start(337)) - Datanode start with admins: [runner]
2023-05-31 22:57:38,985 [main] INFO  ozone.HddsDatanodeClientProtocolServer (HddsDatanodeClientProtocolServer.java:start(83)) - RPC server for Client /0.0.0.0:15127
2023-05-31 22:57:38,990 [IPC Server listener on 15127] INFO  ipc.Server (Server.java:run(1398)) - IPC Server listener on 15127: starting
2023-05-31 22:57:38,992 [main] INFO  ozone.MiniOzoneClusterImpl (MiniOzoneClusterImpl.java:lambda$waitForClusterToBeReady$0(222)) - Waiting for nodes to be ready. Got 6 of 14 DN Heartbeats.
2023-05-31 22:57:38,992 [main] INFO  ozone.MiniOzoneClusterImpl (MiniOzoneClusterImpl.java:lambda$waitForClusterToBeReady$0(225)) - Waiting for cluster to exit safe mode
2023-05-31 22:57:38,992 [main] INFO  ozone.MiniOzoneClusterImpl (MiniOzoneClusterImpl.java:lambda$waitForClusterToBeReady$0(227)) - SCM became leader
2023-05-31 22:57:39,002 [IPC Server Responder] INFO  ipc.Server (Server.java:run(1558)) - IPC Server Responder: starting
2023-05-31 22:57:39,002 [Datanode State Machine Daemon Thread] INFO  statemachine.DatanodeStateMachine (DatanodeStateMachine.java:lambda$startDaemon$0(537)) - Ozone container server started.
2023-05-31 22:57:39,022 [org.apache.hadoop.util.JvmPauseMonitor$Monitor@567303de] INFO  util.JvmPauseMonitor (JvmPauseMonitor.java:run(188)) - Starting JVM pause monitor
2023-05-31 22:57:39,025 [Datanode State Machine Task Thread - 0] INFO  datanode.InitDatanodeState (InitDatanodeState.java:persistContainerDatanodeDetails(138)) - DatanodeDetails is persisted to /home/runner/work/ozone/ozone/hadoop-ozone/integration-test/target/test-dir/MiniOzoneClusterImpl-816a41a7-5c89-4e8c-81ba-db0c8b26fb2d/datanode-13/meta/datanode.id
2023-05-31 22:57:39,415 [IPC Server handler 7 on default port 15002] INFO  net.NetworkTopologyImpl (NetworkTopologyImpl.java:add(112)) - Added a new node: /default-rack/667d9742-fdde-4102-a217-b966604d27c1
2023-05-31 22:57:39,416 [IPC Server handler 7 on default port 15002] INFO  node.SCMNodeManager (SCMNodeManager.java:register(407)) - Registered Data node : 667d9742-fdde-4102-a217-b966604d27c1{ip: 10.1.0.15, host: fv-az844-56.kvdfyhrxhd0epk3sa4trub4njc.xx.internal.cloudapp.net, ports: [HTTP=15063, CLIENT_RPC=15064, REPLICATION=15070, RATIS=15066, RATIS_ADMIN=15067, RATIS_SERVER=15068, RATIS_DATASTREAM=15069, STANDALONE=15065], networkLocation: /default-rack, certSerialId: null, persistedOpState: null, persistedOpStateExpiryEpochSec: 0}
2023-05-31 22:57:39,416 [EventQueue-NewNodeForNewNodeHandler] INFO  pipeline.BackgroundPipelineCreator (BackgroundPipelineCreator.java:notifyEventTriggered(276)) - trigger a one-shot run on RatisPipelineUtilsThread.
2023-05-31 22:57:39,418 [RatisPipelineUtilsThread - 0] INFO  pipeline.RatisPipelineProvider (RatisPipelineProvider.java:lambda$create$0(206)) - Sending CreatePipelineCommand for pipeline:PipelineID=b9e2a35e-cb23-4c90-b16d-0d479ddfbec2 to datanode:667d9742-fdde-4102-a217-b966604d27c1
2023-05-31 22:57:39,420 [RatisPipelineUtilsThread - 0] INFO  pipeline.PipelineStateManagerImpl (PipelineStateManagerImpl.java:addPipeline(103)) - Created pipeline Pipeline[ Id: b9e2a35e-cb23-4c90-b16d-0d479ddfbec2, Nodes: 667d9742-fdde-4102-a217-b966604d27c1(fv-az844-56.kvdfyhrxhd0epk3sa4trub4njc.xx.internal.cloudapp.net/10.1.0.15), ReplicationConfig: RATIS/ONE, State:ALLOCATED, leaderId:, CreationTimestamp2023-05-31T22:57:39.418Z[Etc/UTC]].
2023-05-31 22:57:39,421 [RatisPipelineUtilsThread - 0] WARN  pipeline.PipelinePlacementPolicy (PipelinePlacementPolicy.java:filterViableNodes(160)) - Pipeline creation failed due to no sufficient healthy datanodes. Required 3. Found 1. Excluded 6.
2023-05-31 22:57:39,457 [EndpointStateMachine task thread for /0.0.0.0:15002 - 0 ] INFO  utils.DatanodeStoreCache (DatanodeStoreCache.java:addDB(66)) - Added db /home/runner/work/ozone/ozone/hadoop-ozone/integration-test/target/test-dir/MiniOzoneClusterImpl-816a41a7-5c89-4e8c-81ba-db0c8b26fb2d/datanode-10/data-0/containers/hdds/816a41a7-5c89-4e8c-81ba-db0c8b26fb2d/DS-bb25eadd-d682-4ea6-8555-48aab4224f75/container.db to cache
2023-05-31 22:57:39,457 [EndpointStateMachine task thread for /0.0.0.0:15002 - 0 ] INFO  volume.HddsVolume (HddsVolume.java:createDbStore(350)) - SchemaV3 db is created and loaded at /home/runner/work/ozone/ozone/hadoop-ozone/integration-test/target/test-dir/MiniOzoneClusterImpl-816a41a7-5c89-4e8c-81ba-db0c8b26fb2d/datanode-10/data-0/containers/hdds/816a41a7-5c89-4e8c-81ba-db0c8b26fb2d/DS-bb25eadd-d682-4ea6-8555-48aab4224f75/container.db for volume DS-bb25eadd-d682-4ea6-8555-48aab4224f75
2023-05-31 22:57:39,458 [EndpointStateMachine task thread for /0.0.0.0:15002 - 0 ] INFO  ozoneimpl.OzoneContainer (OzoneContainer.java:start(398)) - Attempting to start container services.
2023-05-31 22:57:39,458 [EndpointStateMachine task thread for /0.0.0.0:15002 - 0 ] INFO  ozoneimpl.OzoneContainer (OzoneContainer.java:startContainerScrub(314)) - Scheduled background container scanners and the on-demand container scanner have been disabled.
2023-05-31 22:57:39,458 [EndpointStateMachine task thread for /0.0.0.0:15002 - 0 ] INFO  replication.ReplicationServer (ReplicationServer.java:start(128)) - ReplicationServer is started using port 15106
2023-05-31 22:57:39,458 [EndpointStateMachine task thread for /0.0.0.0:15002 - 0 ] INFO  ratis.XceiverServerRatis (XceiverServerRatis.java:start(517)) - Starting XceiverServerRatis 160cf24b-84e6-41e3-a0dc-1baa6b89aef1
2023-05-31 22:57:39,459 [EndpointStateMachine task thread for /0.0.0.0:15002 - 0 ] INFO  server.RaftServer (RaftServerProxy.java:startImpl(400)) - 160cf24b-84e6-41e3-a0dc-1baa6b89aef1: start RPC server
2023-05-31 22:57:39,459 [EndpointStateMachine task thread for /0.0.0.0:15002 - 0 ] INFO  server.GrpcService (GrpcService.java:startImpl(302)) - 160cf24b-84e6-41e3-a0dc-1baa6b89aef1: GrpcService started, listening on 15102
2023-05-31 22:57:39,460 [EndpointStateMachine task thread for /0.0.0.0:15002 - 0 ] INFO  server.GrpcService (GrpcService.java:startImpl(302)) - 160cf24b-84e6-41e3-a0dc-1baa6b89aef1: GrpcService started, listening on 15104
2023-05-31 22:57:39,460 [EndpointStateMachine task thread for /0.0.0.0:15002 - 0 ] INFO  server.GrpcService (GrpcService.java:startImpl(302)) - 160cf24b-84e6-41e3-a0dc-1baa6b89aef1: GrpcService started, listening on 15103
2023-05-31 22:57:39,461 [EndpointStateMachine task thread for /0.0.0.0:15002 - 0 ] INFO  ratis.XceiverServerRatis (XceiverServerRatis.java:getRealPort(543)) - XceiverServerRatis 160cf24b-84e6-41e3-a0dc-1baa6b89aef1 is started using port 15102 for RATIS
2023-05-31 22:57:39,461 [EndpointStateMachine task thread for /0.0.0.0:15002 - 0 ] INFO  ratis.XceiverServerRatis (XceiverServerRatis.java:getRealPort(543)) - XceiverServerRatis 160cf24b-84e6-41e3-a0dc-1baa6b89aef1 is started using port 15103 for RATIS_ADMIN
2023-05-31 22:57:39,461 [EndpointStateMachine task thread for /0.0.0.0:15002 - 0 ] INFO  ratis.XceiverServerRatis (XceiverServerRatis.java:getRealPort(543)) - XceiverServerRatis 160cf24b-84e6-41e3-a0dc-1baa6b89aef1 is started using port 15104 for RATIS_SERVER
2023-05-31 22:57:39,461 [EndpointStateMachine task thread for /0.0.0.0:15002 - 0 ] INFO  ratis.XceiverServerRatis (XceiverServerRatis.java:getRealPort(543)) - XceiverServerRatis 160cf24b-84e6-41e3-a0dc-1baa6b89aef1 is started using port 15105 for RATIS_DATASTREAM
2023-05-31 22:57:39,461 [JvmPauseMonitor11] INFO  util.JvmPauseMonitor (JvmPauseMonitor.java:run(103)) - JvmPauseMonitor-160cf24b-84e6-41e3-a0dc-1baa6b89aef1: Started
2023-05-31 22:57:39,463 [BlockDeletingService#0] INFO  interfaces.ContainerDeletionChoosingPolicyTemplate (ContainerDeletionChoosingPolicyTemplate.java:chooseContainerForBlockDeletion(83)) - Chosen 0/5000 blocks from 0 candidate containers.
2023-05-31 22:57:39,751 [PipelineCommandHandlerThread-0] INFO  server.RaftServer (RaftServerProxy.java:addNew(98)) - 9a93b867-0c49-44e3-a75c-2e530498b118: addNew group-23ACFBBDCA43:[9a93b867-0c49-44e3-a75c-2e530498b118|rpc:10.1.0.15:15014|admin:10.1.0.15:15013|client:10.1.0.15:15012|dataStream:10.1.0.15:15015|priority:1|startupRole:FOLLOWER] returns group-23ACFBBDCA43:java.util.concurrent.CompletableFuture@2e7119d6[Not completed]
2023-05-31 22:57:39,769 [9a93b867-0c49-44e3-a75c-2e530498b118-groupManagement] INFO  server.RaftServer$Division (RaftServerImpl.java:<init>(198)) - 9a93b867-0c49-44e3-a75c-2e530498b118: new RaftServerImpl for group-23ACFBBDCA43:[9a93b867-0c49-44e3-a75c-2e530498b118|rpc:10.1.0.15:15014|admin:10.1.0.15:15013|client:10.1.0.15:15012|dataStream:10.1.0.15:15015|priority:1|startupRole:FOLLOWER] with ContainerStateMachine:uninitialized
2023-05-31 22:57:39,770 [9a93b867-0c49-44e3-a75c-2e530498b118-groupManagement] INFO  server.RaftServerConfigKeys (ConfUtils.java:logGet(46)) - raft.server.rpc.timeout.min = 5s (custom)
2023-05-31 22:57:39,770 [9a93b867-0c49-44e3-a75c-2e530498b118-groupManagement] INFO  server.RaftServerConfigKeys (ConfUtils.java:logGet(46)) - raft.server.rpc.timeout.max = 5200ms (custom)
2023-05-31 22:57:39,770 [9a93b867-0c49-44e3-a75c-2e530498b118-groupManagement] INFO  server.RaftServerConfigKeys (ConfUtils.java:logGet(46)) - raft.server.rpc.sleep.time = 25ms (default)
2023-05-31 22:57:39,770 [9a93b867-0c49-44e3-a75c-2e530498b118-groupManagement] INFO  server.RaftServerConfigKeys (ConfUtils.java:logGet(46)) - raft.server.rpc.slowness.timeout = 300s (custom)
2023-05-31 22:57:39,770 [9a93b867-0c49-44e3-a75c-2e530498b118-groupManagement] INFO  server.RaftServerConfigKeys (ConfUtils.java:logGet(46)) - raft.server.leaderelection.leader.step-down.wait-time = 10s (default)
2023-05-31 22:57:39,770 [9a93b867-0c49-44e3-a75c-2e530498b118-groupManagement] INFO  server.RaftServerConfigKeys (ConfUtils.java:logGet(46)) - raft.server.sleep.deviation.threshold = 300ms (default)
2023-05-31 22:57:39,771 [9a93b867-0c49-44e3-a75c-2e530498b118-groupManagement] INFO  server.RaftServer$Division (ServerState.java:<init>(120)) - 9a93b867-0c49-44e3-a75c-2e530498b118@group-23ACFBBDCA43: ConfigurationManager, init=-1: peers:[9a93b867-0c49-44e3-a75c-2e530498b118|rpc:10.1.0.15:15014|admin:10.1.0.15:15013|client:10.1.0.15:15012|dataStream:10.1.0.15:15015|priority:1|startupRole:FOLLOWER]|listeners:[], old=null, confs=<EMPTY_MAP>
2023-05-31 22:57:39,771 [9a93b867-0c49-44e3-a75c-2e530498b118-groupManagement] INFO  server.RaftServerConfigKeys (ConfUtils.java:logGet(46)) - raft.server.storage.dir = [/home/runner/work/ozone/ozone/hadoop-ozone/integration-test/target/test-dir/MiniOzoneClusterImpl-816a41a7-5c89-4e8c-81ba-db0c8b26fb2d/datanode-0/data/ratis] (custom)
2023-05-31 22:57:39,771 [9a93b867-0c49-44e3-a75c-2e530498b118-groupManagement] INFO  server.RaftServerConfigKeys (ConfUtils.java:logGet(46)) - raft.server.log.corruption.policy = EXCEPTION (default)
2023-05-31 22:57:39,771 [9a93b867-0c49-44e3-a75c-2e530498b118-groupManagement] INFO  server.RaftServerConfigKeys (ConfUtils.java:logGet(46)) - raft.server.storage.free-space.min = 0MB (=0) (default)
2023-05-31 22:57:39,772 [9a93b867-0c49-44e3-a75c-2e530498b118-groupManagement] INFO  server.RaftServerConfigKeys (ConfUtils.java:logGet(46)) - raft.server.notification.no-leader.timeout = 300s (custom)
2023-05-31 22:57:39,775 [9a93b867-0c49-44e3-a75c-2e530498b118-groupManagement] INFO  server.RaftServerConfigKeys (ConfUtils.java:logGet(46)) - raft.server.read.timeout = 10s (default)
2023-05-31 22:57:39,775 [9a93b867-0c49-44e3-a75c-2e530498b118-groupManagement] INFO  server.RaftServerConfigKeys (ConfUtils.java:logGet(46)) - raft.server.retrycache.expirytime = 600000ms (custom)
2023-05-31 22:57:39,775 [9a93b867-0c49-44e3-a75c-2e530498b118-groupManagement] INFO  server.RaftServerConfigKeys (ConfUtils.java:logGet(46)) - raft.server.retrycache.statistics.expirytime = 100μs (default)
2023-05-31 22:57:39,776 [9a93b867-0c49-44e3-a75c-2e530498b118-groupManagement] INFO  server.RaftServerConfigKeys (ConfUtils.java:logGet(46)) - raft.server.read.option = DEFAULT (default)
2023-05-31 22:57:39,789 [9a93b867-0c49-44e3-a75c-2e530498b118-groupManagement] INFO  server.RaftServerConfigKeys (ConfUtils.java:logGet(46)) - raft.server.rpc.request.timeout = 60s (custom)
2023-05-31 22:57:39,790 [9a93b867-0c49-44e3-a75c-2e530498b118-groupManagement] INFO  server.RaftServerConfigKeys (ConfUtils.java:logGet(46)) - raft.server.log.appender.install.snapshot.enabled = false (custom)
2023-05-31 22:57:39,790 [9a93b867-0c49-44e3-a75c-2e530498b118-groupManagement] INFO  server.RaftServerConfigKeys (ConfUtils.java:logGet(46)) - raft.server.threadpool.server.cached = true (default)
2023-05-31 22:57:39,790 [9a93b867-0c49-44e3-a75c-2e530498b118-groupManagement] INFO  server.RaftServerConfigKeys (ConfUtils.java:logGet(46)) - raft.server.threadpool.server.size = 0 (default)
2023-05-31 22:57:39,790 [9a93b867-0c49-44e3-a75c-2e530498b118-groupManagement] INFO  server.RaftServerConfigKeys (ConfUtils.java:logGet(46)) - raft.server.threadpool.client.cached = true (default)
2023-05-31 22:57:39,790 [9a93b867-0c49-44e3-a75c-2e530498b118-groupManagement] INFO  server.RaftServerConfigKeys (ConfUtils.java:logGet(46)) - raft.server.threadpool.client.size = 0 (default)
2023-05-31 22:57:39,790 [9a93b867-0c49-44e3-a75c-2e530498b118-groupManagement] INFO  storage.RaftStorageDirectory (RaftStorageDirectoryImpl.java:analyzeStorage(137)) - The storage directory /home/runner/work/ozone/ozone/hadoop-ozone/integration-test/target/test-dir/MiniOzoneClusterImpl-816a41a7-5c89-4e8c-81ba-db0c8b26fb2d/datanode-0/data/ratis/8bd76bf6-10fa-45d0-8a8e-23acfbbdca43 does not exist. Creating ...
2023-05-31 22:57:39,797 [9a93b867-0c49-44e3-a75c-2e530498b118-groupManagement] INFO  storage.RaftStorageDirectory (RaftStorageDirectoryImpl.java:tryLock(231)) - Lock on /home/runner/work/ozone/ozone/hadoop-ozone/integration-test/target/test-dir/MiniOzoneClusterImpl-816a41a7-5c89-4e8c-81ba-db0c8b26fb2d/datanode-0/data/ratis/8bd76bf6-10fa-45d0-8a8e-23acfbbdca43/in_use.lock acquired by nodename 15007@fv-az844-56
2023-05-31 22:57:39,799 [9a93b867-0c49-44e3-a75c-2e530498b118-groupManagement] INFO  storage.RaftStorage (RaftStorageImpl.java:format(96)) - Storage directory /home/runner/work/ozone/ozone/hadoop-ozone/integration-test/target/test-dir/MiniOzoneClusterImpl-816a41a7-5c89-4e8c-81ba-db0c8b26fb2d/datanode-0/data/ratis/8bd76bf6-10fa-45d0-8a8e-23acfbbdca43 has been successfully formatted.
2023-05-31 22:57:39,804 [9a93b867-0c49-44e3-a75c-2e530498b118-groupManagement] INFO  ratis.ContainerStateMachine (ContainerStateMachine.java:loadSnapshot(262)) - group-23ACFBBDCA43: The snapshot info is null. Setting the last applied indexto:(t:0, i:~)
2023-05-31 22:57:39,812 [9a93b867-0c49-44e3-a75c-2e530498b118-groupManagement] INFO  server.RaftServerConfigKeys (ConfUtils.java:logGet(46)) - raft.server.log.use.memory = false (default)
2023-05-31 22:57:39,812 [9a93b867-0c49-44e3-a75c-2e530498b118-groupManagement] INFO  server.RaftServerConfigKeys (ConfUtils.java:logGet(46)) - raft.server.log.purge.gap = 1000000 (custom)
2023-05-31 22:57:39,812 [9a93b867-0c49-44e3-a75c-2e530498b118-groupManagement] INFO  server.RaftServerConfigKeys (ConfUtils.java:logGet(46)) - raft.server.log.appender.buffer.byte-limit = 33554432 (custom)
2023-05-31 22:57:39,812 [9a93b867-0c49-44e3-a75c-2e530498b118-groupManagement] INFO  server.RaftServerConfigKeys (ConfUtils.java:logGet(46)) - raft.server.log.statemachine.data.read.timeout = 1000ms (default)
2023-05-31 22:57:39,813 [9a93b867-0c49-44e3-a75c-2e530498b118-groupManagement] INFO  server.RaftServerConfigKeys (ConfUtils.java:logGet(46)) - raft.server.log.purge.preservation.log.num = 0 (default)
2023-05-31 22:57:39,813 [9a93b867-0c49-44e3-a75c-2e530498b118-groupManagement] INFO  server.RaftServerConfigKeys (ConfUtils.java:logGet(46)) - raft.server.log.segment.size.max = 1048576 (custom)
2023-05-31 22:57:39,816 [9a93b867-0c49-44e3-a75c-2e530498b118-groupManagement] INFO  server.RaftServerConfigKeys (ConfUtils.java:logGet(46)) - raft.server.log.segment.cache.num.max = 2 (custom)
2023-05-31 22:57:39,816 [9a93b867-0c49-44e3-a75c-2e530498b118-groupManagement] INFO  server.RaftServerConfigKeys (ConfUtils.java:logGet(46)) - raft.server.log.segment.cache.size.max = 200MB (=209715200) (default)
2023-05-31 22:57:39,816 [9a93b867-0c49-44e3-a75c-2e530498b118-groupManagement] INFO  server.RaftServerConfigKeys (ConfUtils.java:logGet(46)) - raft.server.log.appender.buffer.byte-limit = 33554432 (custom)
2023-05-31 22:57:39,816 [9a93b867-0c49-44e3-a75c-2e530498b118-groupManagement] INFO  segmented.SegmentedRaftLogWorker (SegmentedRaftLogWorker.java:<init>(188)) - new 9a93b867-0c49-44e3-a75c-2e530498b118@group-23ACFBBDCA43-SegmentedRaftLogWorker for RaftStorageImpl:Storage Directory /home/runner/work/ozone/ozone/hadoop-ozone/integration-test/target/test-dir/MiniOzoneClusterImpl-816a41a7-5c89-4e8c-81ba-db0c8b26fb2d/datanode-0/data/ratis/8bd76bf6-10fa-45d0-8a8e-23acfbbdca43
2023-05-31 22:57:39,817 [9a93b867-0c49-44e3-a75c-2e530498b118-groupManagement] INFO  server.RaftServerConfigKeys (ConfUtils.java:logGet(46)) - raft.server.log.queue.byte-limit = 4294967296 (custom)
2023-05-31 22:57:39,817 [9a93b867-0c49-44e3-a75c-2e530498b118-groupManagement] INFO  server.RaftServerConfigKeys (ConfUtils.java:logGet(46)) - raft.server.log.queue.element-limit = 1024 (custom)
2023-05-31 22:57:39,817 [9a93b867-0c49-44e3-a75c-2e530498b118-groupManagement] INFO  server.RaftServerConfigKeys (ConfUtils.java:logGet(46)) - raft.server.log.segment.size.max = 1048576 (custom)
2023-05-31 22:57:39,817 [9a93b867-0c49-44e3-a75c-2e530498b118-groupManagement] INFO  server.RaftServerConfigKeys (ConfUtils.java:logGet(46)) - raft.server.log.preallocated.size = 16384 (custom)
2023-05-31 22:57:39,817 [9a93b867-0c49-44e3-a75c-2e530498b118-groupManagement] INFO  server.RaftServerConfigKeys (ConfUtils.java:logGet(46)) - raft.server.log.force.sync.num = 128 (default)
2023-05-31 22:57:39,817 [9a93b867-0c49-44e3-a75c-2e530498b118-groupManagement] INFO  server.RaftServerConfigKeys (ConfUtils.java:logGet(46)) - raft.server.log.statemachine.data.sync = true (default)
2023-05-31 22:57:39,817 [9a93b867-0c49-44e3-a75c-2e530498b118-groupManagement] INFO  server.RaftServerConfigKeys (ConfUtils.java:logGet(46)) - raft.server.log.statemachine.data.sync.timeout = 10s (default)
2023-05-31 22:57:39,817 [9a93b867-0c49-44e3-a75c-2e530498b118-groupManagement] INFO  server.RaftServerConfigKeys (ConfUtils.java:logGet(46)) - raft.server.log.statemachine.data.sync.timeout.retry = -1 (default)
2023-05-31 22:57:39,828 [9a93b867-0c49-44e3-a75c-2e530498b118-groupManagement] INFO  server.RaftServerConfigKeys (ConfUtils.java:logGet(46)) - raft.server.log.write.buffer.size = 1048576 (custom)
2023-05-31 22:57:39,831 [EventQueue-PipelineReportForPipelineReportHandler] INFO  pipeline.PipelineManagerImpl (PipelineManagerImpl.java:openPipeline(367)) - Pipeline Pipeline[ Id: 8bd76bf6-10fa-45d0-8a8e-23acfbbdca43, Nodes: 9a93b867-0c49-44e3-a75c-2e530498b118(fv-az844-56.kvdfyhrxhd0epk3sa4trub4njc.xx.internal.cloudapp.net/10.1.0.15), ReplicationConfig: RATIS/ONE, State:ALLOCATED, leaderId:9a93b867-0c49-44e3-a75c-2e530498b118, CreationTimestamp2023-05-31T22:57:36.818Z[Etc/UTC]] moved to OPEN state
2023-05-31 22:57:39,834 [9a93b867-0c49-44e3-a75c-2e530498b118-groupManagement] INFO  server.RaftServerConfigKeys (ConfUtils.java:logGet(46)) - raft.server.log.appender.buffer.byte-limit = 33554432 (custom)
2023-05-31 22:57:39,837 [EventQueue-OpenPipelineForHealthyPipelineSafeModeRule] INFO  safemode.SCMSafeModeManager (HealthyPipelineSafeModeRule.java:process(137)) - SCM in safe mode. Healthy pipelines reported count is 0, required healthy pipeline reported count is 1
2023-05-31 22:57:39,839 [9a93b867-0c49-44e3-a75c-2e530498b118-groupManagement] INFO  server.RaftServerConfigKeys (ConfUtils.java:logGet(46)) - raft.server.log.unsafe-flush.enabled = false (default)
2023-05-31 22:57:39,839 [9a93b867-0c49-44e3-a75c-2e530498b118-groupManagement] INFO  server.RaftServerConfigKeys (ConfUtils.java:logGet(46)) - raft.server.log.async-flush.enabled = false (default)
2023-05-31 22:57:39,839 [9a93b867-0c49-44e3-a75c-2e530498b118-groupManagement] INFO  server.RaftServerConfigKeys (ConfUtils.java:logGet(46)) - raft.server.log.statemachine.data.caching.enabled = true (custom)
2023-05-31 22:57:39,839 [9a93b867-0c49-44e3-a75c-2e530498b118-groupManagement] INFO  segmented.SegmentedRaftLogWorker (SegmentedRaftLogWorker.java:lambda$new$0(135)) - 9a93b867-0c49-44e3-a75c-2e530498b118@group-23ACFBBDCA43-SegmentedRaftLogWorker: flushIndex: setUnconditionally 0 -> -1
2023-05-31 22:57:39,840 [9a93b867-0c49-44e3-a75c-2e530498b118-groupManagement] INFO  segmented.SegmentedRaftLogWorker (SegmentedRaftLogWorker.java:lambda$new$0(135)) - 9a93b867-0c49-44e3-a75c-2e530498b118@group-23ACFBBDCA43-SegmentedRaftLogWorker: safeCacheEvictIndex: setUnconditionally 0 -> -1
2023-05-31 22:57:39,840 [9a93b867-0c49-44e3-a75c-2e530498b118-groupManagement] INFO  server.RaftServer$Division (RaftServerImpl.java:start(342)) - 9a93b867-0c49-44e3-a75c-2e530498b118@group-23ACFBBDCA43: start as a follower, conf=-1: peers:[9a93b867-0c49-44e3-a75c-2e530498b118|rpc:10.1.0.15:15014|admin:10.1.0.15:15013|client:10.1.0.15:15012|dataStream:10.1.0.15:15015|priority:1|startupRole:FOLLOWER]|listeners:[], old=null
2023-05-31 22:57:39,840 [9a93b867-0c49-44e3-a75c-2e530498b118-groupManagement] INFO  server.RaftServer$Division (RaftServerImpl.java:setRole(329)) - 9a93b867-0c49-44e3-a75c-2e530498b118@group-23ACFBBDCA43: changes role from      null to FOLLOWER at term 0 for startAsFollower
2023-05-31 22:57:39,840 [9a93b867-0c49-44e3-a75c-2e530498b118-groupManagement] INFO  impl.RoleInfo (RoleInfo.java:updateAndGet(139)) - 9a93b867-0c49-44e3-a75c-2e530498b118: start 9a93b867-0c49-44e3-a75c-2e530498b118@group-23ACFBBDCA43-FollowerState
2023-05-31 22:57:39,842 [9a93b867-0c49-44e3-a75c-2e530498b118-groupManagement] INFO  util.JmxRegister (JmxRegister.java:tryRegister(44)) - Successfully registered JMX Bean with object name Ratis:service=RaftServer,group=group-23ACFBBDCA43,id=9a93b867-0c49-44e3-a75c-2e530498b118
2023-05-31 22:57:39,842 [9a93b867-0c49-44e3-a75c-2e530498b118-groupManagement] INFO  server.RaftServerConfigKeys (ConfUtils.java:logGet(46)) - raft.server.snapshot.auto.trigger.enabled = true (custom)
2023-05-31 22:57:39,842 [9a93b867-0c49-44e3-a75c-2e530498b118-groupManagement] INFO  server.RaftServerConfigKeys (ConfUtils.java:logGet(46)) - raft.server.snapshot.auto.trigger.threshold = 10000 (custom)
2023-05-31 22:57:39,842 [9a93b867-0c49-44e3-a75c-2e530498b118-groupManagement] INFO  server.RaftServerConfigKeys (ConfUtils.java:logGet(46)) - raft.server.snapshot.retention.file.num = 5 (custom)
2023-05-31 22:57:39,842 [9a93b867-0c49-44e3-a75c-2e530498b118-groupManagement] INFO  server.RaftServerConfigKeys (ConfUtils.java:logGet(46)) - raft.server.log.purge.upto.snapshot.index = false (default)
2023-05-31 22:57:39,844 [9a93b867-0c49-44e3-a75c-2e530498b118@group-23ACFBBDCA43-FollowerState] INFO  server.RaftServerConfigKeys (ConfUtils.java:logFallback(53)) - raft.server.rpc.first-election.timeout.min = 5s (fallback to raft.server.rpc.timeout.min)
2023-05-31 22:57:39,844 [9a93b867-0c49-44e3-a75c-2e530498b118@group-23ACFBBDCA43-FollowerState] INFO  server.RaftServerConfigKeys (ConfUtils.java:logFallback(53)) - raft.server.rpc.first-election.timeout.max = 5200ms (fallback to raft.server.rpc.timeout.max)
2023-05-31 22:57:39,853 [IPC Server handler 5 on default port 15002] INFO  net.NetworkTopologyImpl (NetworkTopologyImpl.java:add(112)) - Added a new node: /default-rack/d17261cb-7782-4d5f-ae0d-593ca4af9c73
2023-05-31 22:57:39,853 [IPC Server handler 5 on default port 15002] INFO  node.SCMNodeManager (SCMNodeManager.java:register(407)) - Registered Data node : d17261cb-7782-4d5f-ae0d-593ca4af9c73{ip: 10.1.0.15, host: fv-az844-56.kvdfyhrxhd0epk3sa4trub4njc.xx.internal.cloudapp.net, ports: [HTTP=15072, CLIENT_RPC=15073, REPLICATION=15079, RATIS=15075, RATIS_ADMIN=15076, RATIS_SERVER=15077, RATIS_DATASTREAM=15078, STANDALONE=15074], networkLocation: /default-rack, certSerialId: null, persistedOpState: null, persistedOpStateExpiryEpochSec: 0}
2023-05-31 22:57:39,854 [EventQueue-NewNodeForNewNodeHandler] INFO  pipeline.BackgroundPipelineCreator (BackgroundPipelineCreator.java:notifyEventTriggered(276)) - trigger a one-shot run on RatisPipelineUtilsThread.
2023-05-31 22:57:39,857 [RatisPipelineUtilsThread - 0] INFO  pipeline.RatisPipelineProvider (RatisPipelineProvider.java:lambda$create$0(206)) - Sending CreatePipelineCommand for pipeline:PipelineID=265b3ebd-d575-4c7c-a0ce-de68aea7fc04 to datanode:d17261cb-7782-4d5f-ae0d-593ca4af9c73
2023-05-31 22:57:39,860 [RatisPipelineUtilsThread - 0] INFO  pipeline.PipelineStateManagerImpl (PipelineStateManagerImpl.java:addPipeline(103)) - Created pipeline Pipeline[ Id: 265b3ebd-d575-4c7c-a0ce-de68aea7fc04, Nodes: d17261cb-7782-4d5f-ae0d-593ca4af9c73(fv-az844-56.kvdfyhrxhd0epk3sa4trub4njc.xx.internal.cloudapp.net/10.1.0.15), ReplicationConfig: RATIS/ONE, State:ALLOCATED, leaderId:, CreationTimestamp2023-05-31T22:57:39.857Z[Etc/UTC]].
2023-05-31 22:57:39,861 [RatisPipelineUtilsThread - 0] WARN  pipeline.PipelinePlacementPolicy (PipelinePlacementPolicy.java:filterViableNodes(160)) - Pipeline creation failed due to no sufficient healthy datanodes. Required 3. Found 2. Excluded 6.
2023-05-31 22:57:39,864 [PipelineCommandHandlerThread-0] INFO  ratis.XceiverServerRatis (XceiverServerRatis.java:addGroup(804)) - Created group PipelineID=8bd76bf6-10fa-45d0-8a8e-23acfbbdca43
2023-05-31 22:57:39,865 [PipelineCommandHandlerThread-0] INFO  commandhandler.CreatePipelineCommandHandler (CreatePipelineCommandHandler.java:lambda$handle$2(124)) - Created Pipeline RATIS ONE PipelineID=8bd76bf6-10fa-45d0-8a8e-23acfbbdca43.
2023-05-31 22:57:39,865 [PipelineCommandHandlerThread-0] INFO  server.RaftServer (RaftServerProxy.java:addNew(98)) - 9a93b867-0c49-44e3-a75c-2e530498b118: addNew group-25D9C935ABD9:[cdb52bc9-5e07-4eca-b7fa-f50f992e3122|rpc:10.1.0.15:15032|admin:10.1.0.15:15031|client:10.1.0.15:15030|dataStream:10.1.0.15:15033|priority:0|startupRole:FOLLOWER, 697d5b73-3ed9-4d18-b9d9-ca13a08090ac|rpc:10.1.0.15:15023|admin:10.1.0.15:15022|client:10.1.0.15:15021|dataStream:10.1.0.15:15024|priority:0|startupRole:FOLLOWER, 9a93b867-0c49-44e3-a75c-2e530498b118|rpc:10.1.0.15:15014|admin:10.1.0.15:15013|client:10.1.0.15:15012|dataStream:10.1.0.15:15015|priority:1|startupRole:FOLLOWER] returns group-25D9C935ABD9:java.util.concurrent.CompletableFuture@60cd76c5[Not completed]
2023-05-31 22:57:39,867 [9a93b867-0c49-44e3-a75c-2e530498b118-groupManagement] INFO  server.RaftServer$Division (RaftServerImpl.java:<init>(198)) - 9a93b867-0c49-44e3-a75c-2e530498b118: new RaftServerImpl for group-25D9C935ABD9:[cdb52bc9-5e07-4eca-b7fa-f50f992e3122|rpc:10.1.0.15:15032|admin:10.1.0.15:15031|client:10.1.0.15:15030|dataStream:10.1.0.15:15033|priority:0|startupRole:FOLLOWER, 697d5b73-3ed9-4d18-b9d9-ca13a08090ac|rpc:10.1.0.15:15023|admin:10.1.0.15:15022|client:10.1.0.15:15021|dataStream:10.1.0.15:15024|priority:0|startupRole:FOLLOWER, 9a93b867-0c49-44e3-a75c-2e530498b118|rpc:10.1.0.15:15014|admin:10.1.0.15:15013|client:10.1.0.15:15012|dataStream:10.1.0.15:15015|priority:1|startupRole:FOLLOWER] with ContainerStateMachine:uninitialized
2023-05-31 22:57:39,867 [9a93b867-0c49-44e3-a75c-2e530498b118-groupManagement] INFO  server.RaftServerConfigKeys (ConfUtils.java:logGet(46)) - raft.server.rpc.timeout.min = 5s (custom)
2023-05-31 22:57:39,867 [9a93b867-0c49-44e3-a75c-2e530498b118-groupManagement] INFO  server.RaftServerConfigKeys (ConfUtils.java:logGet(46)) - raft.server.rpc.timeout.max = 5200ms (custom)
2023-05-31 22:57:39,867 [9a93b867-0c49-44e3-a75c-2e530498b118-groupManagement] INFO  server.RaftServerConfigKeys (ConfUtils.java:logGet(46)) - raft.server.rpc.sleep.time = 25ms (default)
2023-05-31 22:57:39,867 [9a93b867-0c49-44e3-a75c-2e530498b118-groupManagement] INFO  server.RaftServerConfigKeys (ConfUtils.java:logGet(46)) - raft.server.rpc.slowness.timeout = 300s (custom)
2023-05-31 22:57:39,867 [9a93b867-0c49-44e3-a75c-2e530498b118-groupManagement] INFO  server.RaftServerConfigKeys (ConfUtils.java:logGet(46)) - raft.server.leaderelection.leader.step-down.wait-time = 10s (default)
2023-05-31 22:57:39,867 [9a93b867-0c49-44e3-a75c-2e530498b118-groupManagement] INFO  server.RaftServerConfigKeys (ConfUtils.java:logGet(46)) - raft.server.sleep.deviation.threshold = 300ms (default)
2023-05-31 22:57:39,868 [9a93b867-0c49-44e3-a75c-2e530498b118-groupManagement] INFO  server.RaftServer$Division (ServerState.java:<init>(120)) - 9a93b867-0c49-44e3-a75c-2e530498b118@group-25D9C935ABD9: ConfigurationManager, init=-1: peers:[cdb52bc9-5e07-4eca-b7fa-f50f992e3122|rpc:10.1.0.15:15032|admin:10.1.0.15:15031|client:10.1.0.15:15030|dataStream:10.1.0.15:15033|priority:0|startupRole:FOLLOWER, 697d5b73-3ed9-4d18-b9d9-ca13a08090ac|rpc:10.1.0.15:15023|admin:10.1.0.15:15022|client:10.1.0.15:15021|dataStream:10.1.0.15:15024|priority:0|startupRole:FOLLOWER, 9a93b867-0c49-44e3-a75c-2e530498b118|rpc:10.1.0.15:15014|admin:10.1.0.15:15013|client:10.1.0.15:15012|dataStream:10.1.0.15:15015|priority:1|startupRole:FOLLOWER]|listeners:[], old=null, confs=<EMPTY_MAP>
2023-05-31 22:57:39,868 [9a93b867-0c49-44e3-a75c-2e530498b118-groupManagement] INFO  server.RaftServerConfigKeys (ConfUtils.java:logGet(46)) - raft.server.storage.dir = [/home/runner/work/ozone/ozone/hadoop-ozone/integration-test/target/test-dir/MiniOzoneClusterImpl-816a41a7-5c89-4e8c-81ba-db0c8b26fb2d/datanode-0/data/ratis] (custom)
2023-05-31 22:57:39,868 [9a93b867-0c49-44e3-a75c-2e530498b118-groupManagement] INFO  server.RaftServerConfigKeys (ConfUtils.java:logGet(46)) - raft.server.log.corruption.policy = EXCEPTION (default)
2023-05-31 22:57:39,868 [9a93b867-0c49-44e3-a75c-2e530498b118-groupManagement] INFO  server.RaftServerConfigKeys (ConfUtils.java:logGet(46)) - raft.server.storage.free-space.min = 0MB (=0) (default)
2023-05-31 22:57:39,868 [9a93b867-0c49-44e3-a75c-2e530498b118-groupManagement] INFO  server.RaftServerConfigKeys (ConfUtils.java:logGet(46)) - raft.server.notification.no-leader.timeout = 300s (custom)
2023-05-31 22:57:39,868 [9a93b867-0c49-44e3-a75c-2e530498b118-groupManagement] INFO  server.RaftServerConfigKeys (ConfUtils.java:logGet(46)) - raft.server.read.timeout = 10s (default)
2023-05-31 22:57:39,868 [9a93b867-0c49-44e3-a75c-2e530498b118-groupManagement] INFO  server.RaftServerConfigKeys (ConfUtils.java:logGet(46)) - raft.server.retrycache.expirytime = 600000ms (custom)
2023-05-31 22:57:39,869 [9a93b867-0c49-44e3-a75c-2e530498b118-groupManagement] INFO  server.RaftServerConfigKeys (ConfUtils.java:logGet(46)) - raft.server.retrycache.statistics.expirytime = 100μs (default)
2023-05-31 22:57:39,869 [9a93b867-0c49-44e3-a75c-2e530498b118-groupManagement] INFO  server.RaftServerConfigKeys (ConfUtils.java:logGet(46)) - raft.server.read.option = DEFAULT (default)
2023-05-31 22:57:39,872 [9a93b867-0c49-44e3-a75c-2e530498b118-groupManagement] INFO  server.RaftServerConfigKeys (ConfUtils.java:logGet(46)) - raft.server.rpc.request.timeout = 60s (custom)
2023-05-31 22:57:39,872 [9a93b867-0c49-44e3-a75c-2e530498b118-groupManagement] INFO  server.RaftServerConfigKeys (ConfUtils.java:logGet(46)) - raft.server.log.appender.install.snapshot.enabled = false (custom)
2023-05-31 22:57:39,873 [9a93b867-0c49-44e3-a75c-2e530498b118-groupManagement] INFO  server.RaftServerConfigKeys (ConfUtils.java:logGet(46)) - raft.server.threadpool.server.cached = true (default)
2023-05-31 22:57:39,873 [9a93b867-0c49-44e3-a75c-2e530498b118-groupManagement] INFO  server.RaftServerConfigKeys (ConfUtils.java:logGet(46)) - raft.server.threadpool.server.size = 0 (default)
2023-05-31 22:57:39,873 [9a93b867-0c49-44e3-a75c-2e530498b118-groupManagement] INFO  server.RaftServerConfigKeys (ConfUtils.java:logGet(46)) - raft.server.threadpool.client.cached = true (default)
2023-05-31 22:57:39,873 [9a93b867-0c49-44e3-a75c-2e530498b118-groupManagement] INFO  server.RaftServerConfigKeys (ConfUtils.java:logGet(46)) - raft.server.threadpool.client.size = 0 (default)
2023-05-31 22:57:39,873 [9a93b867-0c49-44e3-a75c-2e530498b118-groupManagement] INFO  storage.RaftStorageDirectory (RaftStorageDirectoryImpl.java:analyzeStorage(137)) - The storage directory /home/runner/work/ozone/ozone/hadoop-ozone/integration-test/target/test-dir/MiniOzoneClusterImpl-816a41a7-5c89-4e8c-81ba-db0c8b26fb2d/datanode-0/data/ratis/d887046c-f233-4ec2-8fab-25d9c935abd9 does not exist. Creating ...
2023-05-31 22:57:39,874 [9a93b867-0c49-44e3-a75c-2e530498b118-groupManagement] INFO  storage.RaftStorageDirectory (RaftStorageDirectoryImpl.java:tryLock(231)) - Lock on /home/runner/work/ozone/ozone/hadoop-ozone/integration-test/target/test-dir/MiniOzoneClusterImpl-816a41a7-5c89-4e8c-81ba-db0c8b26fb2d/datanode-0/data/ratis/d887046c-f233-4ec2-8fab-25d9c935abd9/in_use.lock acquired by nodename 15007@fv-az844-56
2023-05-31 22:57:39,876 [9a93b867-0c49-44e3-a75c-2e530498b118-groupManagement] INFO  storage.RaftStorage (RaftStorageImpl.java:format(96)) - Storage directory /home/runner/work/ozone/ozone/hadoop-ozone/integration-test/target/test-dir/MiniOzoneClusterImpl-816a41a7-5c89-4e8c-81ba-db0c8b26fb2d/datanode-0/data/ratis/d887046c-f233-4ec2-8fab-25d9c935abd9 has been successfully formatted.
2023-05-31 22:57:39,879 [9a93b867-0c49-44e3-a75c-2e530498b118-groupManagement] INFO  ratis.ContainerStateMachine (ContainerStateMachine.java:loadSnapshot(262)) - group-25D9C935ABD9: The snapshot info is null. Setting the last applied indexto:(t:0, i:~)
2023-05-31 22:57:39,879 [9a93b867-0c49-44e3-a75c-2e530498b118-groupManagement] INFO  server.RaftServerConfigKeys (ConfUtils.java:logGet(46)) - raft.server.log.use.memory = false (default)
2023-05-31 22:57:39,879 [9a93b867-0c49-44e3-a75c-2e530498b118-groupManagement] INFO  server.RaftServerConfigKeys (ConfUtils.java:logGet(46)) - raft.server.log.purge.gap = 1000000 (custom)
2023-05-31 22:57:39,888 [9a93b867-0c49-44e3-a75c-2e530498b118-groupManagement] INFO  server.RaftServerConfigKeys (ConfUtils.java:logGet(46)) - raft.server.log.appender.buffer.byte-limit = 33554432 (custom)
2023-05-31 22:57:39,888 [EventQueue-OpenPipelineForHealthyPipelineSafeModeRule] INFO  safemode.SCMSafeModeManager (HealthyPipelineSafeModeRule.java:process(137)) - SCM in safe mode. Healthy pipelines reported count is 0, required healthy pipeline reported count is 1
2023-05-31 22:57:39,890 [9a93b867-0c49-44e3-a75c-2e530498b118-groupManagement] INFO  server.RaftServerConfigKeys (ConfUtils.java:logGet(46)) - raft.server.log.statemachine.data.read.timeout = 1000ms (default)
2023-05-31 22:57:39,890 [9a93b867-0c49-44e3-a75c-2e530498b118-groupManagement] INFO  server.RaftServerConfigKeys (ConfUtils.java:logGet(46)) - raft.server.log.purge.preservation.log.num = 0 (default)
2023-05-31 22:57:39,890 [9a93b867-0c49-44e3-a75c-2e530498b118-groupManagement] INFO  server.RaftServerConfigKeys (ConfUtils.java:logGet(46)) - raft.server.log.segment.size.max = 1048576 (custom)
2023-05-31 22:57:39,891 [9a93b867-0c49-44e3-a75c-2e530498b118-groupManagement] INFO  server.RaftServerConfigKeys (ConfUtils.java:logGet(46)) - raft.server.log.segment.cache.num.max = 2 (custom)
2023-05-31 22:57:39,891 [9a93b867-0c49-44e3-a75c-2e530498b118-groupManagement] INFO  server.RaftServerConfigKeys (ConfUtils.java:logGet(46)) - raft.server.log.segment.cache.size.max = 200MB (=209715200) (default)
2023-05-31 22:57:39,891 [9a93b867-0c49-44e3-a75c-2e530498b118-groupManagement] INFO  server.RaftServerConfigKeys (ConfUtils.java:logGet(46)) - raft.server.log.appender.buffer.byte-limit = 33554432 (custom)
2023-05-31 22:57:39,892 [9a93b867-0c49-44e3-a75c-2e530498b118-groupManagement] INFO  segmented.SegmentedRaftLogWorker (SegmentedRaftLogWorker.java:<init>(188)) - new 9a93b867-0c49-44e3-a75c-2e530498b118@group-25D9C935ABD9-SegmentedRaftLogWorker for RaftStorageImpl:Storage Directory /home/runner/work/ozone/ozone/hadoop-ozone/integration-test/target/test-dir/MiniOzoneClusterImpl-816a41a7-5c89-4e8c-81ba-db0c8b26fb2d/datanode-0/data/ratis/d887046c-f233-4ec2-8fab-25d9c935abd9
2023-05-31 22:57:39,892 [9a93b867-0c49-44e3-a75c-2e530498b118-groupManagement] INFO  server.RaftServerConfigKeys (ConfUtils.java:logGet(46)) - raft.server.log.queue.byte-limit = 4294967296 (custom)
2023-05-31 22:57:39,894 [9a93b867-0c49-44e3-a75c-2e530498b118-groupManagement] INFO  server.RaftServerConfigKeys (ConfUtils.java:logGet(46)) - raft.server.log.queue.element-limit = 1024 (custom)
2023-05-31 22:57:39,894 [9a93b867-0c49-44e3-a75c-2e530498b118-groupManagement] INFO  server.RaftServerConfigKeys (ConfUtils.java:logGet(46)) - raft.server.log.segment.size.max = 1048576 (custom)
2023-05-31 22:57:39,894 [9a93b867-0c49-44e3-a75c-2e530498b118-groupManagement] INFO  server.RaftServerConfigKeys (ConfUtils.java:logGet(46)) - raft.server.log.preallocated.size = 16384 (custom)
2023-05-31 22:57:39,894 [9a93b867-0c49-44e3-a75c-2e530498b118-groupManagement] INFO  server.RaftServerConfigKeys (ConfUtils.java:logGet(46)) - raft.server.log.force.sync.num = 128 (default)
2023-05-31 22:57:39,894 [9a93b867-0c49-44e3-a75c-2e530498b118-groupManagement] INFO  server.RaftServerConfigKeys (ConfUtils.java:logGet(46)) - raft.server.log.statemachine.data.sync = true (default)
2023-05-31 22:57:39,894 [9a93b867-0c49-44e3-a75c-2e530498b118-groupManagement] INFO  server.RaftServerConfigKeys (ConfUtils.java:logGet(46)) - raft.server.log.statemachine.data.sync.timeout = 10s (default)
2023-05-31 22:57:39,894 [9a93b867-0c49-44e3-a75c-2e530498b118-groupManagement] INFO  server.RaftServerConfigKeys (ConfUtils.java:logGet(46)) - raft.server.log.statemachine.data.sync.timeout.retry = -1 (default)
2023-05-31 22:57:39,899 [9a93b867-0c49-44e3-a75c-2e530498b118-groupManagement] INFO  server.RaftServerConfigKeys (ConfUtils.java:logGet(46)) - raft.server.log.write.buffer.size = 1048576 (custom)
2023-05-31 22:57:39,900 [9a93b867-0c49-44e3-a75c-2e530498b118-groupManagement] INFO  server.RaftServerConfigKeys (ConfUtils.java:logGet(46)) - raft.server.log.appender.buffer.byte-limit = 33554432 (custom)
2023-05-31 22:57:39,907 [9a93b867-0c49-44e3-a75c-2e530498b118-groupManagement] INFO  server.RaftServerConfigKeys (ConfUtils.java:logGet(46)) - raft.server.log.unsafe-flush.enabled = false (default)
2023-05-31 22:57:39,908 [9a93b867-0c49-44e3-a75c-2e530498b118-groupManagement] INFO  server.RaftServerConfigKeys (ConfUtils.java:logGet(46)) - raft.server.log.async-flush.enabled = false (default)
2023-05-31 22:57:39,908 [9a93b867-0c49-44e3-a75c-2e530498b118-groupManagement] INFO  server.RaftServerConfigKeys (ConfUtils.java:logGet(46)) - raft.server.log.statemachine.data.caching.enabled = true (custom)
2023-05-31 22:57:39,909 [9a93b867-0c49-44e3-a75c-2e530498b118-groupManagement] INFO  segmented.SegmentedRaftLogWorker (SegmentedRaftLogWorker.java:lambda$new$0(135)) - 9a93b867-0c49-44e3-a75c-2e530498b118@group-25D9C935ABD9-SegmentedRaftLogWorker: flushIndex: setUnconditionally 0 -> -1
2023-05-31 22:57:39,909 [9a93b867-0c49-44e3-a75c-2e530498b118-groupManagement] INFO  segmented.SegmentedRaftLogWorker (SegmentedRaftLogWorker.java:lambda$new$0(135)) - 9a93b867-0c49-44e3-a75c-2e530498b118@group-25D9C935ABD9-SegmentedRaftLogWorker: safeCacheEvictIndex: setUnconditionally 0 -> -1
2023-05-31 22:57:39,914 [9a93b867-0c49-44e3-a75c-2e530498b118-groupManagement] INFO  server.RaftServer$Division (RaftServerImpl.java:start(342)) - 9a93b867-0c49-44e3-a75c-2e530498b118@group-25D9C935ABD9: start as a follower, conf=-1: peers:[cdb52bc9-5e07-4eca-b7fa-f50f992e3122|rpc:10.1.0.15:15032|admin:10.1.0.15:15031|client:10.1.0.15:15030|dataStream:10.1.0.15:15033|priority:0|startupRole:FOLLOWER, 697d5b73-3ed9-4d18-b9d9-ca13a08090ac|rpc:10.1.0.15:15023|admin:10.1.0.15:15022|client:10.1.0.15:15021|dataStream:10.1.0.15:15024|priority:0|startupRole:FOLLOWER, 9a93b867-0c49-44e3-a75c-2e530498b118|rpc:10.1.0.15:15014|admin:10.1.0.15:15013|client:10.1.0.15:15012|dataStream:10.1.0.15:15015|priority:1|startupRole:FOLLOWER]|listeners:[], old=null
2023-05-31 22:57:39,914 [9a93b867-0c49-44e3-a75c-2e530498b118-groupManagement] INFO  server.RaftServer$Division (RaftServerImpl.java:setRole(329)) - 9a93b867-0c49-44e3-a75c-2e530498b118@group-25D9C935ABD9: changes role from      null to FOLLOWER at term 0 for startAsFollower
2023-05-31 22:57:39,914 [9a93b867-0c49-44e3-a75c-2e530498b118-groupManagement] INFO  impl.RoleInfo (RoleInfo.java:updateAndGet(139)) - 9a93b867-0c49-44e3-a75c-2e530498b118: start 9a93b867-0c49-44e3-a75c-2e530498b118@group-25D9C935ABD9-FollowerState
2023-05-31 22:57:39,915 [9a93b867-0c49-44e3-a75c-2e530498b118@group-25D9C935ABD9-FollowerState] INFO  server.RaftServerConfigKeys (ConfUtils.java:logFallback(53)) - raft.server.rpc.first-election.timeout.min = 5s (fallback to raft.server.rpc.timeout.min)
2023-05-31 22:57:39,917 [9a93b867-0c49-44e3-a75c-2e530498b118@group-25D9C935ABD9-FollowerState] INFO  server.RaftServerConfigKeys (ConfUtils.java:logFallback(53)) - raft.server.rpc.first-election.timeout.max = 5200ms (fallback to raft.server.rpc.timeout.max)
2023-05-31 22:57:39,918 [9a93b867-0c49-44e3-a75c-2e530498b118-groupManagement] INFO  util.JmxRegister (JmxRegister.java:tryRegister(44)) - Successfully registered JMX Bean with object name Ratis:service=RaftServer,group=group-25D9C935ABD9,id=9a93b867-0c49-44e3-a75c-2e530498b118
2023-05-31 22:57:39,918 [9a93b867-0c49-44e3-a75c-2e530498b118-groupManagement] INFO  server.RaftServerConfigKeys (ConfUtils.java:logGet(46)) - raft.server.snapshot.auto.trigger.enabled = true (custom)
2023-05-31 22:57:39,918 [9a93b867-0c49-44e3-a75c-2e530498b118-groupManagement] INFO  server.RaftServerConfigKeys (ConfUtils.java:logGet(46)) - raft.server.snapshot.auto.trigger.threshold = 10000 (custom)
2023-05-31 22:57:39,918 [9a93b867-0c49-44e3-a75c-2e530498b118-groupManagement] INFO  server.RaftServerConfigKeys (ConfUtils.java:logGet(46)) - raft.server.snapshot.retention.file.num = 5 (custom)
2023-05-31 22:57:39,918 [9a93b867-0c49-44e3-a75c-2e530498b118-groupManagement] INFO  server.RaftServerConfigKeys (ConfUtils.java:logGet(46)) - raft.server.log.purge.upto.snapshot.index = false (default)
2023-05-31 22:57:39,920 [PipelineCommandHandlerThread-0] INFO  ratis.XceiverServerRatis (XceiverServerRatis.java:addGroup(804)) - Created group PipelineID=d887046c-f233-4ec2-8fab-25d9c935abd9
2023-05-31 22:57:39,965 [EndpointStateMachine task thread for /0.0.0.0:15002 - 0 ] INFO  utils.DatanodeStoreCache (DatanodeStoreCache.java:addDB(66)) - Added db /home/runner/work/ozone/ozone/hadoop-ozone/integration-test/target/test-dir/MiniOzoneClusterImpl-816a41a7-5c89-4e8c-81ba-db0c8b26fb2d/datanode-11/data-0/containers/hdds/816a41a7-5c89-4e8c-81ba-db0c8b26fb2d/DS-cc026a64-c5d0-4a98-8e81-25102e7a60e3/container.db to cache
2023-05-31 22:57:39,965 [EndpointStateMachine task thread for /0.0.0.0:15002 - 0 ] INFO  volume.HddsVolume (HddsVolume.java:createDbStore(350)) - SchemaV3 db is created and loaded at /home/runner/work/ozone/ozone/hadoop-ozone/integration-test/target/test-dir/MiniOzoneClusterImpl-816a41a7-5c89-4e8c-81ba-db0c8b26fb2d/datanode-11/data-0/containers/hdds/816a41a7-5c89-4e8c-81ba-db0c8b26fb2d/DS-cc026a64-c5d0-4a98-8e81-25102e7a60e3/container.db for volume DS-cc026a64-c5d0-4a98-8e81-25102e7a60e3
2023-05-31 22:57:39,966 [EndpointStateMachine task thread for /0.0.0.0:15002 - 0 ] INFO  ozoneimpl.OzoneContainer (OzoneContainer.java:start(398)) - Attempting to start container services.
2023-05-31 22:57:39,966 [EndpointStateMachine task thread for /0.0.0.0:15002 - 0 ] INFO  ozoneimpl.OzoneContainer (OzoneContainer.java:startContainerScrub(314)) - Scheduled background container scanners and the on-demand container scanner have been disabled.
2023-05-31 22:57:39,974 [EndpointStateMachine task thread for /0.0.0.0:15002 - 0 ] INFO  replication.ReplicationServer (ReplicationServer.java:start(128)) - ReplicationServer is started using port 15115
2023-05-31 22:57:39,974 [EndpointStateMachine task thread for /0.0.0.0:15002 - 0 ] INFO  ratis.XceiverServerRatis (XceiverServerRatis.java:start(517)) - Starting XceiverServerRatis 244a53c4-9cb3-439d-93c3-5e05515fc991
2023-05-31 22:57:39,992 [main] INFO  ozone.MiniOzoneClusterImpl (MiniOzoneClusterImpl.java:lambda$waitForClusterToBeReady$0(222)) - Waiting for nodes to be ready. Got 8 of 14 DN Heartbeats.
2023-05-31 22:57:39,993 [main] INFO  ozone.MiniOzoneClusterImpl (MiniOzoneClusterImpl.java:lambda$waitForClusterToBeReady$0(225)) - Waiting for cluster to exit safe mode
2023-05-31 22:57:39,993 [main] INFO  ozone.MiniOzoneClusterImpl (MiniOzoneClusterImpl.java:lambda$waitForClusterToBeReady$0(227)) - SCM became leader
2023-05-31 22:57:39,994 [EndpointStateMachine task thread for /0.0.0.0:15002 - 0 ] INFO  server.RaftServer (RaftServerProxy.java:startImpl(400)) - 244a53c4-9cb3-439d-93c3-5e05515fc991: start RPC server
2023-05-31 22:57:39,995 [EndpointStateMachine task thread for /0.0.0.0:15002 - 0 ] INFO  server.GrpcService (GrpcService.java:startImpl(302)) - 244a53c4-9cb3-439d-93c3-5e05515fc991: GrpcService started, listening on 15111
2023-05-31 22:57:39,995 [EndpointStateMachine task thread for /0.0.0.0:15002 - 0 ] INFO  server.GrpcService (GrpcService.java:startImpl(302)) - 244a53c4-9cb3-439d-93c3-5e05515fc991: GrpcService started, listening on 15113
2023-05-31 22:57:39,996 [EndpointStateMachine task thread for /0.0.0.0:15002 - 0 ] INFO  server.GrpcService (GrpcService.java:startImpl(302)) - 244a53c4-9cb3-439d-93c3-5e05515fc991: GrpcService started, listening on 15112
2023-05-31 22:57:39,996 [EndpointStateMachine task thread for /0.0.0.0:15002 - 0 ] INFO  ratis.XceiverServerRatis (XceiverServerRatis.java:getRealPort(543)) - XceiverServerRatis 244a53c4-9cb3-439d-93c3-5e05515fc991 is started using port 15111 for RATIS
2023-05-31 22:57:39,996 [EndpointStateMachine task thread for /0.0.0.0:15002 - 0 ] INFO  ratis.XceiverServerRatis (XceiverServerRatis.java:getRealPort(543)) - XceiverServerRatis 244a53c4-9cb3-439d-93c3-5e05515fc991 is started using port 15112 for RATIS_ADMIN
2023-05-31 22:57:39,996 [EndpointStateMachine task thread for /0.0.0.0:15002 - 0 ] INFO  ratis.XceiverServerRatis (XceiverServerRatis.java:getRealPort(543)) - XceiverServerRatis 244a53c4-9cb3-439d-93c3-5e05515fc991 is started using port 15113 for RATIS_SERVER
2023-05-31 22:57:39,996 [EndpointStateMachine task thread for /0.0.0.0:15002 - 0 ] INFO  ratis.XceiverServerRatis (XceiverServerRatis.java:getRealPort(543)) - XceiverServerRatis 244a53c4-9cb3-439d-93c3-5e05515fc991 is started using port 15114 for RATIS_DATASTREAM
2023-05-31 22:57:39,999 [JvmPauseMonitor12] INFO  util.JvmPauseMonitor (JvmPauseMonitor.java:run(103)) - JvmPauseMonitor-244a53c4-9cb3-439d-93c3-5e05515fc991: Started
2023-05-31 22:57:40,000 [BlockDeletingService#0] INFO  interfaces.ContainerDeletionChoosingPolicyTemplate (ContainerDeletionChoosingPolicyTemplate.java:chooseContainerForBlockDeletion(83)) - Chosen 0/5000 blocks from 0 candidate containers.
2023-05-31 22:57:40,246 [PipelineCommandHandlerThread-0] INFO  server.RaftServer (RaftServerProxy.java:addNew(98)) - 697d5b73-3ed9-4d18-b9d9-ca13a08090ac: addNew group-8B17654C19D6:[697d5b73-3ed9-4d18-b9d9-ca13a08090ac|rpc:10.1.0.15:15023|admin:10.1.0.15:15022|client:10.1.0.15:15021|dataStream:10.1.0.15:15024|priority:1|startupRole:FOLLOWER] returns group-8B17654C19D6:java.util.concurrent.CompletableFuture@306c05cb[Not completed]
2023-05-31 22:57:40,254 [IPC Server handler 10 on default port 15002] INFO  net.NetworkTopologyImpl (NetworkTopologyImpl.java:add(112)) - Added a new node: /default-rack/7c39489c-1c03-44c3-8ed9-36ad43776b05
2023-05-31 22:57:40,255 [IPC Server handler 10 on default port 15002] INFO  node.SCMNodeManager (SCMNodeManager.java:register(407)) - Registered Data node : 7c39489c-1c03-44c3-8ed9-36ad43776b05{ip: 10.1.0.15, host: fv-az844-56.kvdfyhrxhd0epk3sa4trub4njc.xx.internal.cloudapp.net, ports: [HTTP=15081, CLIENT_RPC=15082, REPLICATION=15088, RATIS=15084, RATIS_ADMIN=15085, RATIS_SERVER=15086, RATIS_DATASTREAM=15087, STANDALONE=15083], networkLocation: /default-rack, certSerialId: null, persistedOpState: null, persistedOpStateExpiryEpochSec: 0}
2023-05-31 22:57:40,255 [EventQueue-NewNodeForNewNodeHandler] INFO  pipeline.BackgroundPipelineCreator (BackgroundPipelineCreator.java:notifyEventTriggered(276)) - trigger a one-shot run on RatisPipelineUtilsThread.
2023-05-31 22:57:40,256 [RatisPipelineUtilsThread - 0] INFO  pipeline.RatisPipelineProvider (RatisPipelineProvider.java:lambda$create$0(206)) - Sending CreatePipelineCommand for pipeline:PipelineID=84125185-0773-4eb4-a4bf-bf5453753914 to datanode:7c39489c-1c03-44c3-8ed9-36ad43776b05
2023-05-31 22:57:40,258 [RatisPipelineUtilsThread - 0] INFO  pipeline.PipelineStateManagerImpl (PipelineStateManagerImpl.java:addPipeline(103)) - Created pipeline Pipeline[ Id: 84125185-0773-4eb4-a4bf-bf5453753914, Nodes: 7c39489c-1c03-44c3-8ed9-36ad43776b05(fv-az844-56.kvdfyhrxhd0epk3sa4trub4njc.xx.internal.cloudapp.net/10.1.0.15), ReplicationConfig: RATIS/ONE, State:ALLOCATED, leaderId:, CreationTimestamp2023-05-31T22:57:40.256Z[Etc/UTC]].
2023-05-31 22:57:40,259 [RatisPipelineUtilsThread - 0] INFO  pipeline.RatisPipelineProvider (RatisPipelineProvider.java:lambda$create$0(206)) - Sending CreatePipelineCommand for pipeline:PipelineID=47a86795-ee58-4141-9559-07921cb9432d to datanode:667d9742-fdde-4102-a217-b966604d27c1
2023-05-31 22:57:40,262 [RatisPipelineUtilsThread - 0] INFO  pipeline.RatisPipelineProvider (RatisPipelineProvider.java:lambda$create$0(206)) - Sending CreatePipelineCommand for pipeline:PipelineID=47a86795-ee58-4141-9559-07921cb9432d to datanode:d17261cb-7782-4d5f-ae0d-593ca4af9c73
2023-05-31 22:57:40,262 [RatisPipelineUtilsThread - 0] INFO  pipeline.RatisPipelineProvider (RatisPipelineProvider.java:lambda$create$0(206)) - Sending CreatePipelineCommand for pipeline:PipelineID=47a86795-ee58-4141-9559-07921cb9432d to datanode:7c39489c-1c03-44c3-8ed9-36ad43776b05
2023-05-31 22:57:40,264 [RatisPipelineUtilsThread - 0] INFO  pipeline.PipelineStateManagerImpl (PipelineStateManagerImpl.java:addPipeline(103)) - Created pipeline Pipeline[ Id: 47a86795-ee58-4141-9559-07921cb9432d, Nodes: 667d9742-fdde-4102-a217-b966604d27c1(fv-az844-56.kvdfyhrxhd0epk3sa4trub4njc.xx.internal.cloudapp.net/10.1.0.15)d17261cb-7782-4d5f-ae0d-593ca4af9c73(fv-az844-56.kvdfyhrxhd0epk3sa4trub4njc.xx.internal.cloudapp.net/10.1.0.15)7c39489c-1c03-44c3-8ed9-36ad43776b05(fv-az844-56.kvdfyhrxhd0epk3sa4trub4njc.xx.internal.cloudapp.net/10.1.0.15), ReplicationConfig: RATIS/THREE, State:ALLOCATED, leaderId:, CreationTimestamp2023-05-31T22:57:40.259Z[Etc/UTC]].
2023-05-31 22:57:40,265 [RatisPipelineUtilsThread - 0] INFO  pipeline.RatisPipelineProvider (RatisPipelineProvider.java:lambda$create$0(206)) - Sending CreatePipelineCommand for pipeline:PipelineID=dd5d4d4c-8b67-40a1-98a8-ff6d5e61f6b2 to datanode:7c39489c-1c03-44c3-8ed9-36ad43776b05
2023-05-31 22:57:40,265 [RatisPipelineUtilsThread - 0] INFO  pipeline.RatisPipelineProvider (RatisPipelineProvider.java:lambda$create$0(206)) - Sending CreatePipelineCommand for pipeline:PipelineID=dd5d4d4c-8b67-40a1-98a8-ff6d5e61f6b2 to datanode:d17261cb-7782-4d5f-ae0d-593ca4af9c73
2023-05-31 22:57:40,265 [RatisPipelineUtilsThread - 0] INFO  pipeline.RatisPipelineProvider (RatisPipelineProvider.java:lambda$create$0(206)) - Sending CreatePipelineCommand for pipeline:PipelineID=dd5d4d4c-8b67-40a1-98a8-ff6d5e61f6b2 to datanode:667d9742-fdde-4102-a217-b966604d27c1
2023-05-31 22:57:40,267 [RatisPipelineUtilsThread - 0] INFO  pipeline.PipelineStateManagerImpl (PipelineStateManagerImpl.java:addPipeline(103)) - Created pipeline Pipeline[ Id: dd5d4d4c-8b67-40a1-98a8-ff6d5e61f6b2, Nodes: 7c39489c-1c03-44c3-8ed9-36ad43776b05(fv-az844-56.kvdfyhrxhd0epk3sa4trub4njc.xx.internal.cloudapp.net/10.1.0.15)d17261cb-7782-4d5f-ae0d-593ca4af9c73(fv-az844-56.kvdfyhrxhd0epk3sa4trub4njc.xx.internal.cloudapp.net/10.1.0.15)667d9742-fdde-4102-a217-b966604d27c1(fv-az844-56.kvdfyhrxhd0epk3sa4trub4njc.xx.internal.cloudapp.net/10.1.0.15), ReplicationConfig: RATIS/THREE, State:ALLOCATED, leaderId:, CreationTimestamp2023-05-31T22:57:40.265Z[Etc/UTC]].
2023-05-31 22:57:40,267 [RatisPipelineUtilsThread - 0] INFO  pipeline.PipelineManagerImpl (PipelineManagerImpl.java:recordMetricsForPipeline(826)) - Pipeline: PipelineID=dd5d4d4c-8b67-40a1-98a8-ff6d5e61f6b2 contains same datanodes as previous pipelines: PipelineID=47a86795-ee58-4141-9559-07921cb9432d nodeIds: 7c39489c-1c03-44c3-8ed9-36ad43776b05, d17261cb-7782-4d5f-ae0d-593ca4af9c73, 667d9742-fdde-4102-a217-b966604d27c1
2023-05-31 22:57:40,283 [697d5b73-3ed9-4d18-b9d9-ca13a08090ac-groupManagement] INFO  server.RaftServer$Division (RaftServerImpl.java:<init>(198)) - 697d5b73-3ed9-4d18-b9d9-ca13a08090ac: new RaftServerImpl for group-8B17654C19D6:[697d5b73-3ed9-4d18-b9d9-ca13a08090ac|rpc:10.1.0.15:15023|admin:10.1.0.15:15022|client:10.1.0.15:15021|dataStream:10.1.0.15:15024|priority:1|startupRole:FOLLOWER] with ContainerStateMachine:uninitialized
2023-05-31 22:57:40,292 [697d5b73-3ed9-4d18-b9d9-ca13a08090ac-groupManagement] INFO  server.RaftServerConfigKeys (ConfUtils.java:logGet(46)) - raft.server.rpc.timeout.min = 5s (custom)
2023-05-31 22:57:40,292 [697d5b73-3ed9-4d18-b9d9-ca13a08090ac-groupManagement] INFO  server.RaftServerConfigKeys (ConfUtils.java:logGet(46)) - raft.server.rpc.timeout.max = 5200ms (custom)
2023-05-31 22:57:40,292 [697d5b73-3ed9-4d18-b9d9-ca13a08090ac-groupManagement] INFO  server.RaftServerConfigKeys (ConfUtils.java:logGet(46)) - raft.server.rpc.sleep.time = 25ms (default)
2023-05-31 22:57:40,292 [697d5b73-3ed9-4d18-b9d9-ca13a08090ac-groupManagement] INFO  server.RaftServerConfigKeys (ConfUtils.java:logGet(46)) - raft.server.rpc.slowness.timeout = 300s (custom)
2023-05-31 22:57:40,292 [697d5b73-3ed9-4d18-b9d9-ca13a08090ac-groupManagement] INFO  server.RaftServerConfigKeys (ConfUtils.java:logGet(46)) - raft.server.leaderelection.leader.step-down.wait-time = 10s (default)
2023-05-31 22:57:40,292 [697d5b73-3ed9-4d18-b9d9-ca13a08090ac-groupManagement] INFO  server.RaftServerConfigKeys (ConfUtils.java:logGet(46)) - raft.server.sleep.deviation.threshold = 300ms (default)
2023-05-31 22:57:40,292 [697d5b73-3ed9-4d18-b9d9-ca13a08090ac-groupManagement] INFO  server.RaftServer$Division (ServerState.java:<init>(120)) - 697d5b73-3ed9-4d18-b9d9-ca13a08090ac@group-8B17654C19D6: ConfigurationManager, init=-1: peers:[697d5b73-3ed9-4d18-b9d9-ca13a08090ac|rpc:10.1.0.15:15023|admin:10.1.0.15:15022|client:10.1.0.15:15021|dataStream:10.1.0.15:15024|priority:1|startupRole:FOLLOWER]|listeners:[], old=null, confs=<EMPTY_MAP>
2023-05-31 22:57:40,294 [697d5b73-3ed9-4d18-b9d9-ca13a08090ac-groupManagement] INFO  server.RaftServerConfigKeys (ConfUtils.java:logGet(46)) - raft.server.storage.dir = [/home/runner/work/ozone/ozone/hadoop-ozone/integration-test/target/test-dir/MiniOzoneClusterImpl-816a41a7-5c89-4e8c-81ba-db0c8b26fb2d/datanode-1/data/ratis] (custom)
2023-05-31 22:57:40,294 [697d5b73-3ed9-4d18-b9d9-ca13a08090ac-groupManagement] INFO  server.RaftServerConfigKeys (ConfUtils.java:logGet(46)) - raft.server.log.corruption.policy = EXCEPTION (default)
2023-05-31 22:57:40,294 [697d5b73-3ed9-4d18-b9d9-ca13a08090ac-groupManagement] INFO  server.RaftServerConfigKeys (ConfUtils.java:logGet(46)) - raft.server.storage.free-space.min = 0MB (=0) (default)
2023-05-31 22:57:40,294 [RatisPipelineUtilsThread - 0] WARN  pipeline.PipelinePlacementPolicy (PipelinePlacementPolicy.java:filterViableNodes(160)) - Pipeline creation failed due to no sufficient healthy datanodes. Required 3. Found 0. Excluded 9.
2023-05-31 22:57:40,294 [697d5b73-3ed9-4d18-b9d9-ca13a08090ac-groupManagement] INFO  server.RaftServerConfigKeys (ConfUtils.java:logGet(46)) - raft.server.notification.no-leader.timeout = 300s (custom)
2023-05-31 22:57:40,295 [697d5b73-3ed9-4d18-b9d9-ca13a08090ac-groupManagement] INFO  server.RaftServerConfigKeys (ConfUtils.java:logGet(46)) - raft.server.read.timeout = 10s (default)
2023-05-31 22:57:40,295 [697d5b73-3ed9-4d18-b9d9-ca13a08090ac-groupManagement] INFO  server.RaftServerConfigKeys (ConfUtils.java:logGet(46)) - raft.server.retrycache.expirytime = 600000ms (custom)
2023-05-31 22:57:40,295 [697d5b73-3ed9-4d18-b9d9-ca13a08090ac-groupManagement] INFO  server.RaftServerConfigKeys (ConfUtils.java:logGet(46)) - raft.server.retrycache.statistics.expirytime = 100μs (default)
2023-05-31 22:57:40,295 [697d5b73-3ed9-4d18-b9d9-ca13a08090ac-groupManagement] INFO  server.RaftServerConfigKeys (ConfUtils.java:logGet(46)) - raft.server.read.option = DEFAULT (default)
2023-05-31 22:57:40,297 [697d5b73-3ed9-4d18-b9d9-ca13a08090ac-groupManagement] INFO  server.RaftServerConfigKeys (ConfUtils.java:logGet(46)) - raft.server.rpc.request.timeout = 60s (custom)
2023-05-31 22:57:40,297 [697d5b73-3ed9-4d18-b9d9-ca13a08090ac-groupManagement] INFO  server.RaftServerConfigKeys (ConfUtils.java:logGet(46)) - raft.server.log.appender.install.snapshot.enabled = false (custom)
2023-05-31 22:57:40,297 [697d5b73-3ed9-4d18-b9d9-ca13a08090ac-groupManagement] INFO  server.RaftServerConfigKeys (ConfUtils.java:logGet(46)) - raft.server.threadpool.server.cached = true (default)
2023-05-31 22:57:40,297 [697d5b73-3ed9-4d18-b9d9-ca13a08090ac-groupManagement] INFO  server.RaftServerConfigKeys (ConfUtils.java:logGet(46)) - raft.server.threadpool.server.size = 0 (default)
2023-05-31 22:57:40,297 [697d5b73-3ed9-4d18-b9d9-ca13a08090ac-groupManagement] INFO  server.RaftServerConfigKeys (ConfUtils.java:logGet(46)) - raft.server.threadpool.client.cached = true (default)
2023-05-31 22:57:40,297 [697d5b73-3ed9-4d18-b9d9-ca13a08090ac-groupManagement] INFO  server.RaftServerConfigKeys (ConfUtils.java:logGet(46)) - raft.server.threadpool.client.size = 0 (default)
2023-05-31 22:57:40,297 [697d5b73-3ed9-4d18-b9d9-ca13a08090ac-groupManagement] INFO  storage.RaftStorageDirectory (RaftStorageDirectoryImpl.java:analyzeStorage(137)) - The storage directory /home/runner/work/ozone/ozone/hadoop-ozone/integration-test/target/test-dir/MiniOzoneClusterImpl-816a41a7-5c89-4e8c-81ba-db0c8b26fb2d/datanode-1/data/ratis/4d129825-74e0-4a00-8998-8b17654c19d6 does not exist. Creating ...
2023-05-31 22:57:40,302 [697d5b73-3ed9-4d18-b9d9-ca13a08090ac-groupManagement] INFO  storage.RaftStorageDirectory (RaftStorageDirectoryImpl.java:tryLock(231)) - Lock on /home/runner/work/ozone/ozone/hadoop-ozone/integration-test/target/test-dir/MiniOzoneClusterImpl-816a41a7-5c89-4e8c-81ba-db0c8b26fb2d/datanode-1/data/ratis/4d129825-74e0-4a00-8998-8b17654c19d6/in_use.lock acquired by nodename 15007@fv-az844-56
2023-05-31 22:57:40,304 [697d5b73-3ed9-4d18-b9d9-ca13a08090ac-groupManagement] INFO  storage.RaftStorage (RaftStorageImpl.java:format(96)) - Storage directory /home/runner/work/ozone/ozone/hadoop-ozone/integration-test/target/test-dir/MiniOzoneClusterImpl-816a41a7-5c89-4e8c-81ba-db0c8b26fb2d/datanode-1/data/ratis/4d129825-74e0-4a00-8998-8b17654c19d6 has been successfully formatted.
2023-05-31 22:57:40,307 [697d5b73-3ed9-4d18-b9d9-ca13a08090ac-groupManagement] INFO  ratis.ContainerStateMachine (ContainerStateMachine.java:loadSnapshot(262)) - group-8B17654C19D6: The snapshot info is null. Setting the last applied indexto:(t:0, i:~)
2023-05-31 22:57:40,311 [697d5b73-3ed9-4d18-b9d9-ca13a08090ac-groupManagement] INFO  server.RaftServerConfigKeys (ConfUtils.java:logGet(46)) - raft.server.log.use.memory = false (default)
2023-05-31 22:57:40,312 [697d5b73-3ed9-4d18-b9d9-ca13a08090ac-groupManagement] INFO  server.RaftServerConfigKeys (ConfUtils.java:logGet(46)) - raft.server.log.purge.gap = 1000000 (custom)
2023-05-31 22:57:40,312 [EventQueue-PipelineReportForPipelineReportHandler] INFO  pipeline.PipelineManagerImpl (PipelineManagerImpl.java:openPipeline(367)) - Pipeline Pipeline[ Id: 4d129825-74e0-4a00-8998-8b17654c19d6, Nodes: 697d5b73-3ed9-4d18-b9d9-ca13a08090ac(fv-az844-56.kvdfyhrxhd0epk3sa4trub4njc.xx.internal.cloudapp.net/10.1.0.15), ReplicationConfig: RATIS/ONE, State:ALLOCATED, leaderId:697d5b73-3ed9-4d18-b9d9-ca13a08090ac, CreationTimestamp2023-05-31T22:57:37.247Z[Etc/UTC]] moved to OPEN state
2023-05-31 22:57:40,313 [EventQueue-OpenPipelineForHealthyPipelineSafeModeRule] INFO  safemode.SCMSafeModeManager (HealthyPipelineSafeModeRule.java:process(137)) - SCM in safe mode. Healthy pipelines reported count is 0, required healthy pipeline reported count is 1
2023-05-31 22:57:40,314 [697d5b73-3ed9-4d18-b9d9-ca13a08090ac-groupManagement] INFO  server.RaftServerConfigKeys (ConfUtils.java:logGet(46)) - raft.server.log.appender.buffer.byte-limit = 33554432 (custom)
2023-05-31 22:57:40,314 [697d5b73-3ed9-4d18-b9d9-ca13a08090ac-groupManagement] INFO  server.RaftServerConfigKeys (ConfUtils.java:logGet(46)) - raft.server.log.statemachine.data.read.timeout = 1000ms (default)
2023-05-31 22:57:40,314 [697d5b73-3ed9-4d18-b9d9-ca13a08090ac-groupManagement] INFO  server.RaftServerConfigKeys (ConfUtils.java:logGet(46)) - raft.server.log.purge.preservation.log.num = 0 (default)
2023-05-31 22:57:40,314 [697d5b73-3ed9-4d18-b9d9-ca13a08090ac-groupManagement] INFO  server.RaftServerConfigKeys (ConfUtils.java:logGet(46)) - raft.server.log.segment.size.max = 1048576 (custom)
2023-05-31 22:57:40,315 [697d5b73-3ed9-4d18-b9d9-ca13a08090ac-groupManagement] INFO  server.RaftServerConfigKeys (ConfUtils.java:logGet(46)) - raft.server.log.segment.cache.num.max = 2 (custom)
2023-05-31 22:57:40,315 [697d5b73-3ed9-4d18-b9d9-ca13a08090ac-groupManagement] INFO  server.RaftServerConfigKeys (ConfUtils.java:logGet(46)) - raft.server.log.segment.cache.size.max = 200MB (=209715200) (default)
2023-05-31 22:57:40,315 [697d5b73-3ed9-4d18-b9d9-ca13a08090ac-groupManagement] INFO  server.RaftServerConfigKeys (ConfUtils.java:logGet(46)) - raft.server.log.appender.buffer.byte-limit = 33554432 (custom)
2023-05-31 22:57:40,315 [697d5b73-3ed9-4d18-b9d9-ca13a08090ac-groupManagement] INFO  segmented.SegmentedRaftLogWorker (SegmentedRaftLogWorker.java:<init>(188)) - new 697d5b73-3ed9-4d18-b9d9-ca13a08090ac@group-8B17654C19D6-SegmentedRaftLogWorker for RaftStorageImpl:Storage Directory /home/runner/work/ozone/ozone/hadoop-ozone/integration-test/target/test-dir/MiniOzoneClusterImpl-816a41a7-5c89-4e8c-81ba-db0c8b26fb2d/datanode-1/data/ratis/4d129825-74e0-4a00-8998-8b17654c19d6
2023-05-31 22:57:40,316 [697d5b73-3ed9-4d18-b9d9-ca13a08090ac-groupManagement] INFO  server.RaftServerConfigKeys (ConfUtils.java:logGet(46)) - raft.server.log.queue.byte-limit = 4294967296 (custom)
2023-05-31 22:57:40,317 [697d5b73-3ed9-4d18-b9d9-ca13a08090ac-groupManagement] INFO  server.RaftServerConfigKeys (ConfUtils.java:logGet(46)) - raft.server.log.queue.element-limit = 1024 (custom)
2023-05-31 22:57:40,317 [697d5b73-3ed9-4d18-b9d9-ca13a08090ac-groupManagement] INFO  server.RaftServerConfigKeys (ConfUtils.java:logGet(46)) - raft.server.log.segment.size.max = 1048576 (custom)
2023-05-31 22:57:40,317 [697d5b73-3ed9-4d18-b9d9-ca13a08090ac-groupManagement] INFO  server.RaftServerConfigKeys (ConfUtils.java:logGet(46)) - raft.server.log.preallocated.size = 16384 (custom)
2023-05-31 22:57:40,317 [697d5b73-3ed9-4d18-b9d9-ca13a08090ac-groupManagement] INFO  server.RaftServerConfigKeys (ConfUtils.java:logGet(46)) - raft.server.log.force.sync.num = 128 (default)
2023-05-31 22:57:40,317 [697d5b73-3ed9-4d18-b9d9-ca13a08090ac-groupManagement] INFO  server.RaftServerConfigKeys (ConfUtils.java:logGet(46)) - raft.server.log.statemachine.data.sync = true (default)
2023-05-31 22:57:40,317 [697d5b73-3ed9-4d18-b9d9-ca13a08090ac-groupManagement] INFO  server.RaftServerConfigKeys (ConfUtils.java:logGet(46)) - raft.server.log.statemachine.data.sync.timeout = 10s (default)
2023-05-31 22:57:40,317 [697d5b73-3ed9-4d18-b9d9-ca13a08090ac-groupManagement] INFO  server.RaftServerConfigKeys (ConfUtils.java:logGet(46)) - raft.server.log.statemachine.data.sync.timeout.retry = -1 (default)
2023-05-31 22:57:40,323 [697d5b73-3ed9-4d18-b9d9-ca13a08090ac-groupManagement] INFO  server.RaftServerConfigKeys (ConfUtils.java:logGet(46)) - raft.server.log.write.buffer.size = 1048576 (custom)
2023-05-31 22:57:40,323 [697d5b73-3ed9-4d18-b9d9-ca13a08090ac-groupManagement] INFO  server.RaftServerConfigKeys (ConfUtils.java:logGet(46)) - raft.server.log.appender.buffer.byte-limit = 33554432 (custom)
2023-05-31 22:57:40,328 [697d5b73-3ed9-4d18-b9d9-ca13a08090ac-groupManagement] INFO  server.RaftServerConfigKeys (ConfUtils.java:logGet(46)) - raft.server.log.unsafe-flush.enabled = false (default)
2023-05-31 22:57:40,329 [697d5b73-3ed9-4d18-b9d9-ca13a08090ac-groupManagement] INFO  server.RaftServerConfigKeys (ConfUtils.java:logGet(46)) - raft.server.log.async-flush.enabled = false (default)
2023-05-31 22:57:40,329 [697d5b73-3ed9-4d18-b9d9-ca13a08090ac-groupManagement] INFO  server.RaftServerConfigKeys (ConfUtils.java:logGet(46)) - raft.server.log.statemachine.data.caching.enabled = true (custom)
2023-05-31 22:57:40,329 [697d5b73-3ed9-4d18-b9d9-ca13a08090ac-groupManagement] INFO  segmented.SegmentedRaftLogWorker (SegmentedRaftLogWorker.java:lambda$new$0(135)) - 697d5b73-3ed9-4d18-b9d9-ca13a08090ac@group-8B17654C19D6-SegmentedRaftLogWorker: flushIndex: setUnconditionally 0 -> -1
2023-05-31 22:57:40,329 [697d5b73-3ed9-4d18-b9d9-ca13a08090ac-groupManagement] INFO  segmented.SegmentedRaftLogWorker (SegmentedRaftLogWorker.java:lambda$new$0(135)) - 697d5b73-3ed9-4d18-b9d9-ca13a08090ac@group-8B17654C19D6-SegmentedRaftLogWorker: safeCacheEvictIndex: setUnconditionally 0 -> -1
2023-05-31 22:57:40,330 [697d5b73-3ed9-4d18-b9d9-ca13a08090ac-groupManagement] INFO  server.RaftServer$Division (RaftServerImpl.java:start(342)) - 697d5b73-3ed9-4d18-b9d9-ca13a08090ac@group-8B17654C19D6: start as a follower, conf=-1: peers:[697d5b73-3ed9-4d18-b9d9-ca13a08090ac|rpc:10.1.0.15:15023|admin:10.1.0.15:15022|client:10.1.0.15:15021|dataStream:10.1.0.15:15024|priority:1|startupRole:FOLLOWER]|listeners:[], old=null
2023-05-31 22:57:40,330 [697d5b73-3ed9-4d18-b9d9-ca13a08090ac-groupManagement] INFO  server.RaftServer$Division (RaftServerImpl.java:setRole(329)) - 697d5b73-3ed9-4d18-b9d9-ca13a08090ac@group-8B17654C19D6: changes role from      null to FOLLOWER at term 0 for startAsFollower
2023-05-31 22:57:40,330 [697d5b73-3ed9-4d18-b9d9-ca13a08090ac-groupManagement] INFO  impl.RoleInfo (RoleInfo.java:updateAndGet(139)) - 697d5b73-3ed9-4d18-b9d9-ca13a08090ac: start 697d5b73-3ed9-4d18-b9d9-ca13a08090ac@group-8B17654C19D6-FollowerState
2023-05-31 22:57:40,330 [697d5b73-3ed9-4d18-b9d9-ca13a08090ac-groupManagement] INFO  util.JmxRegister (JmxRegister.java:tryRegister(44)) - Successfully registered JMX Bean with object name Ratis:service=RaftServer,group=group-8B17654C19D6,id=697d5b73-3ed9-4d18-b9d9-ca13a08090ac
2023-05-31 22:57:40,332 [697d5b73-3ed9-4d18-b9d9-ca13a08090ac-groupManagement] INFO  server.RaftServerConfigKeys (ConfUtils.java:logGet(46)) - raft.server.snapshot.auto.trigger.enabled = true (custom)
2023-05-31 22:57:40,332 [697d5b73-3ed9-4d18-b9d9-ca13a08090ac-groupManagement] INFO  server.RaftServerConfigKeys (ConfUtils.java:logGet(46)) - raft.server.snapshot.auto.trigger.threshold = 10000 (custom)
2023-05-31 22:57:40,333 [697d5b73-3ed9-4d18-b9d9-ca13a08090ac-groupManagement] INFO  server.RaftServerConfigKeys (ConfUtils.java:logGet(46)) - raft.server.snapshot.retention.file.num = 5 (custom)
2023-05-31 22:57:40,333 [697d5b73-3ed9-4d18-b9d9-ca13a08090ac-groupManagement] INFO  server.RaftServerConfigKeys (ConfUtils.java:logGet(46)) - raft.server.log.purge.upto.snapshot.index = false (default)
2023-05-31 22:57:40,338 [PipelineCommandHandlerThread-0] INFO  ratis.XceiverServerRatis (XceiverServerRatis.java:addGroup(804)) - Created group PipelineID=4d129825-74e0-4a00-8998-8b17654c19d6
2023-05-31 22:57:40,338 [697d5b73-3ed9-4d18-b9d9-ca13a08090ac@group-8B17654C19D6-FollowerState] INFO  server.RaftServerConfigKeys (ConfUtils.java:logFallback(53)) - raft.server.rpc.first-election.timeout.min = 5s (fallback to raft.server.rpc.timeout.min)
2023-05-31 22:57:40,338 [PipelineCommandHandlerThread-0] INFO  commandhandler.CreatePipelineCommandHandler (CreatePipelineCommandHandler.java:lambda$handle$2(124)) - Created Pipeline RATIS ONE PipelineID=4d129825-74e0-4a00-8998-8b17654c19d6.
2023-05-31 22:57:40,340 [PipelineCommandHandlerThread-0] INFO  server.RaftServer (RaftServerProxy.java:addNew(98)) - 697d5b73-3ed9-4d18-b9d9-ca13a08090ac: addNew group-25D9C935ABD9:[cdb52bc9-5e07-4eca-b7fa-f50f992e3122|rpc:10.1.0.15:15032|admin:10.1.0.15:15031|client:10.1.0.15:15030|dataStream:10.1.0.15:15033|priority:0|startupRole:FOLLOWER, 697d5b73-3ed9-4d18-b9d9-ca13a08090ac|rpc:10.1.0.15:15023|admin:10.1.0.15:15022|client:10.1.0.15:15021|dataStream:10.1.0.15:15024|priority:0|startupRole:FOLLOWER, 9a93b867-0c49-44e3-a75c-2e530498b118|rpc:10.1.0.15:15014|admin:10.1.0.15:15013|client:10.1.0.15:15012|dataStream:10.1.0.15:15015|priority:1|startupRole:FOLLOWER] returns group-25D9C935ABD9:java.util.concurrent.CompletableFuture@3453971e[Not completed]
2023-05-31 22:57:40,343 [697d5b73-3ed9-4d18-b9d9-ca13a08090ac-groupManagement] INFO  server.RaftServer$Division (RaftServerImpl.java:<init>(198)) - 697d5b73-3ed9-4d18-b9d9-ca13a08090ac: new RaftServerImpl for group-25D9C935ABD9:[cdb52bc9-5e07-4eca-b7fa-f50f992e3122|rpc:10.1.0.15:15032|admin:10.1.0.15:15031|client:10.1.0.15:15030|dataStream:10.1.0.15:15033|priority:0|startupRole:FOLLOWER, 697d5b73-3ed9-4d18-b9d9-ca13a08090ac|rpc:10.1.0.15:15023|admin:10.1.0.15:15022|client:10.1.0.15:15021|dataStream:10.1.0.15:15024|priority:0|startupRole:FOLLOWER, 9a93b867-0c49-44e3-a75c-2e530498b118|rpc:10.1.0.15:15014|admin:10.1.0.15:15013|client:10.1.0.15:15012|dataStream:10.1.0.15:15015|priority:1|startupRole:FOLLOWER] with ContainerStateMachine:uninitialized
2023-05-31 22:57:40,343 [697d5b73-3ed9-4d18-b9d9-ca13a08090ac-groupManagement] INFO  server.RaftServerConfigKeys (ConfUtils.java:logGet(46)) - raft.server.rpc.timeout.min = 5s (custom)
2023-05-31 22:57:40,343 [697d5b73-3ed9-4d18-b9d9-ca13a08090ac-groupManagement] INFO  server.RaftServerConfigKeys (ConfUtils.java:logGet(46)) - raft.server.rpc.timeout.max = 5200ms (custom)
2023-05-31 22:57:40,343 [697d5b73-3ed9-4d18-b9d9-ca13a08090ac-groupManagement] INFO  server.RaftServerConfigKeys (ConfUtils.java:logGet(46)) - raft.server.rpc.sleep.time = 25ms (default)
2023-05-31 22:57:40,343 [697d5b73-3ed9-4d18-b9d9-ca13a08090ac-groupManagement] INFO  server.RaftServerConfigKeys (ConfUtils.java:logGet(46)) - raft.server.rpc.slowness.timeout = 300s (custom)
2023-05-31 22:57:40,344 [697d5b73-3ed9-4d18-b9d9-ca13a08090ac-groupManagement] INFO  server.RaftServerConfigKeys (ConfUtils.java:logGet(46)) - raft.server.leaderelection.leader.step-down.wait-time = 10s (default)
2023-05-31 22:57:40,344 [697d5b73-3ed9-4d18-b9d9-ca13a08090ac-groupManagement] INFO  server.RaftServerConfigKeys (ConfUtils.java:logGet(46)) - raft.server.sleep.deviation.threshold = 300ms (default)
2023-05-31 22:57:40,344 [697d5b73-3ed9-4d18-b9d9-ca13a08090ac-groupManagement] INFO  server.RaftServer$Division (ServerState.java:<init>(120)) - 697d5b73-3ed9-4d18-b9d9-ca13a08090ac@group-25D9C935ABD9: ConfigurationManager, init=-1: peers:[cdb52bc9-5e07-4eca-b7fa-f50f992e3122|rpc:10.1.0.15:15032|admin:10.1.0.15:15031|client:10.1.0.15:15030|dataStream:10.1.0.15:15033|priority:0|startupRole:FOLLOWER, 697d5b73-3ed9-4d18-b9d9-ca13a08090ac|rpc:10.1.0.15:15023|admin:10.1.0.15:15022|client:10.1.0.15:15021|dataStream:10.1.0.15:15024|priority:0|startupRole:FOLLOWER, 9a93b867-0c49-44e3-a75c-2e530498b118|rpc:10.1.0.15:15014|admin:10.1.0.15:15013|client:10.1.0.15:15012|dataStream:10.1.0.15:15015|priority:1|startupRole:FOLLOWER]|listeners:[], old=null, confs=<EMPTY_MAP>
2023-05-31 22:57:40,344 [697d5b73-3ed9-4d18-b9d9-ca13a08090ac-groupManagement] INFO  server.RaftServerConfigKeys (ConfUtils.java:logGet(46)) - raft.server.storage.dir = [/home/runner/work/ozone/ozone/hadoop-ozone/integration-test/target/test-dir/MiniOzoneClusterImpl-816a41a7-5c89-4e8c-81ba-db0c8b26fb2d/datanode-1/data/ratis] (custom)
2023-05-31 22:57:40,344 [697d5b73-3ed9-4d18-b9d9-ca13a08090ac-groupManagement] INFO  server.RaftServerConfigKeys (ConfUtils.java:logGet(46)) - raft.server.log.corruption.policy = EXCEPTION (default)
2023-05-31 22:57:40,344 [697d5b73-3ed9-4d18-b9d9-ca13a08090ac-groupManagement] INFO  server.RaftServerConfigKeys (ConfUtils.java:logGet(46)) - raft.server.storage.free-space.min = 0MB (=0) (default)
2023-05-31 22:57:40,344 [697d5b73-3ed9-4d18-b9d9-ca13a08090ac-groupManagement] INFO  server.RaftServerConfigKeys (ConfUtils.java:logGet(46)) - raft.server.notification.no-leader.timeout = 300s (custom)
2023-05-31 22:57:40,344 [697d5b73-3ed9-4d18-b9d9-ca13a08090ac-groupManagement] INFO  server.RaftServerConfigKeys (ConfUtils.java:logGet(46)) - raft.server.read.timeout = 10s (default)
2023-05-31 22:57:40,345 [697d5b73-3ed9-4d18-b9d9-ca13a08090ac-groupManagement] INFO  server.RaftServerConfigKeys (ConfUtils.java:logGet(46)) - raft.server.retrycache.expirytime = 600000ms (custom)
2023-05-31 22:57:40,345 [697d5b73-3ed9-4d18-b9d9-ca13a08090ac-groupManagement] INFO  server.RaftServerConfigKeys (ConfUtils.java:logGet(46)) - raft.server.retrycache.statistics.expirytime = 100μs (default)
2023-05-31 22:57:40,345 [697d5b73-3ed9-4d18-b9d9-ca13a08090ac-groupManagement] INFO  server.RaftServerConfigKeys (ConfUtils.java:logGet(46)) - raft.server.read.option = DEFAULT (default)
2023-05-31 22:57:40,347 [697d5b73-3ed9-4d18-b9d9-ca13a08090ac@group-8B17654C19D6-FollowerState] INFO  server.RaftServerConfigKeys (ConfUtils.java:logFallback(53)) - raft.server.rpc.first-election.timeout.max = 5200ms (fallback to raft.server.rpc.timeout.max)
2023-05-31 22:57:40,349 [697d5b73-3ed9-4d18-b9d9-ca13a08090ac-groupManagement] INFO  server.RaftServerConfigKeys (ConfUtils.java:logGet(46)) - raft.server.rpc.request.timeout = 60s (custom)
2023-05-31 22:57:40,349 [697d5b73-3ed9-4d18-b9d9-ca13a08090ac-groupManagement] INFO  server.RaftServerConfigKeys (ConfUtils.java:logGet(46)) - raft.server.log.appender.install.snapshot.enabled = false (custom)
2023-05-31 22:57:40,349 [697d5b73-3ed9-4d18-b9d9-ca13a08090ac-groupManagement] INFO  server.RaftServerConfigKeys (ConfUtils.java:logGet(46)) - raft.server.threadpool.server.cached = true (default)
2023-05-31 22:57:40,349 [697d5b73-3ed9-4d18-b9d9-ca13a08090ac-groupManagement] INFO  server.RaftServerConfigKeys (ConfUtils.java:logGet(46)) - raft.server.threadpool.server.size = 0 (default)
2023-05-31 22:57:40,350 [697d5b73-3ed9-4d18-b9d9-ca13a08090ac-groupManagement] INFO  server.RaftServerConfigKeys (ConfUtils.java:logGet(46)) - raft.server.threadpool.client.cached = true (default)
2023-05-31 22:57:40,350 [697d5b73-3ed9-4d18-b9d9-ca13a08090ac-groupManagement] INFO  server.RaftServerConfigKeys (ConfUtils.java:logGet(46)) - raft.server.threadpool.client.size = 0 (default)
2023-05-31 22:57:40,350 [697d5b73-3ed9-4d18-b9d9-ca13a08090ac-groupManagement] INFO  storage.RaftStorageDirectory (RaftStorageDirectoryImpl.java:analyzeStorage(137)) - The storage directory /home/runner/work/ozone/ozone/hadoop-ozone/integration-test/target/test-dir/MiniOzoneClusterImpl-816a41a7-5c89-4e8c-81ba-db0c8b26fb2d/datanode-1/data/ratis/d887046c-f233-4ec2-8fab-25d9c935abd9 does not exist. Creating ...
2023-05-31 22:57:40,352 [697d5b73-3ed9-4d18-b9d9-ca13a08090ac-groupManagement] INFO  storage.RaftStorageDirectory (RaftStorageDirectoryImpl.java:tryLock(231)) - Lock on /home/runner/work/ozone/ozone/hadoop-ozone/integration-test/target/test-dir/MiniOzoneClusterImpl-816a41a7-5c89-4e8c-81ba-db0c8b26fb2d/datanode-1/data/ratis/d887046c-f233-4ec2-8fab-25d9c935abd9/in_use.lock acquired by nodename 15007@fv-az844-56
2023-05-31 22:57:40,354 [697d5b73-3ed9-4d18-b9d9-ca13a08090ac-groupManagement] INFO  storage.RaftStorage (RaftStorageImpl.java:format(96)) - Storage directory /home/runner/work/ozone/ozone/hadoop-ozone/integration-test/target/test-dir/MiniOzoneClusterImpl-816a41a7-5c89-4e8c-81ba-db0c8b26fb2d/datanode-1/data/ratis/d887046c-f233-4ec2-8fab-25d9c935abd9 has been successfully formatted.
2023-05-31 22:57:40,361 [EventQueue-OpenPipelineForHealthyPipelineSafeModeRule] INFO  safemode.SCMSafeModeManager (HealthyPipelineSafeModeRule.java:process(137)) - SCM in safe mode. Healthy pipelines reported count is 0, required healthy pipeline reported count is 1
2023-05-31 22:57:40,363 [697d5b73-3ed9-4d18-b9d9-ca13a08090ac-groupManagement] INFO  ratis.ContainerStateMachine (ContainerStateMachine.java:loadSnapshot(262)) - group-25D9C935ABD9: The snapshot info is null. Setting the last applied indexto:(t:0, i:~)
2023-05-31 22:57:40,363 [697d5b73-3ed9-4d18-b9d9-ca13a08090ac-groupManagement] INFO  server.RaftServerConfigKeys (ConfUtils.java:logGet(46)) - raft.server.log.use.memory = false (default)
2023-05-31 22:57:40,363 [697d5b73-3ed9-4d18-b9d9-ca13a08090ac-groupManagement] INFO  server.RaftServerConfigKeys (ConfUtils.java:logGet(46)) - raft.server.log.purge.gap = 1000000 (custom)
2023-05-31 22:57:40,365 [697d5b73-3ed9-4d18-b9d9-ca13a08090ac-groupManagement] INFO  server.RaftServerConfigKeys (ConfUtils.java:logGet(46)) - raft.server.log.appender.buffer.byte-limit = 33554432 (custom)
2023-05-31 22:57:40,365 [697d5b73-3ed9-4d18-b9d9-ca13a08090ac-groupManagement] INFO  server.RaftServerConfigKeys (ConfUtils.java:logGet(46)) - raft.server.log.statemachine.data.read.timeout = 1000ms (default)
2023-05-31 22:57:40,365 [697d5b73-3ed9-4d18-b9d9-ca13a08090ac-groupManagement] INFO  server.RaftServerConfigKeys (ConfUtils.java:logGet(46)) - raft.server.log.purge.preservation.log.num = 0 (default)
2023-05-31 22:57:40,365 [697d5b73-3ed9-4d18-b9d9-ca13a08090ac-groupManagement] INFO  server.RaftServerConfigKeys (ConfUtils.java:logGet(46)) - raft.server.log.segment.size.max = 1048576 (custom)
2023-05-31 22:57:40,366 [697d5b73-3ed9-4d18-b9d9-ca13a08090ac-groupManagement] INFO  server.RaftServerConfigKeys (ConfUtils.java:logGet(46)) - raft.server.log.segment.cache.num.max = 2 (custom)
2023-05-31 22:57:40,366 [697d5b73-3ed9-4d18-b9d9-ca13a08090ac-groupManagement] INFO  server.RaftServerConfigKeys (ConfUtils.java:logGet(46)) - raft.server.log.segment.cache.size.max = 200MB (=209715200) (default)
2023-05-31 22:57:40,366 [697d5b73-3ed9-4d18-b9d9-ca13a08090ac-groupManagement] INFO  server.RaftServerConfigKeys (ConfUtils.java:logGet(46)) - raft.server.log.appender.buffer.byte-limit = 33554432 (custom)
2023-05-31 22:57:40,369 [697d5b73-3ed9-4d18-b9d9-ca13a08090ac-groupManagement] INFO  segmented.SegmentedRaftLogWorker (SegmentedRaftLogWorker.java:<init>(188)) - new 697d5b73-3ed9-4d18-b9d9-ca13a08090ac@group-25D9C935ABD9-SegmentedRaftLogWorker for RaftStorageImpl:Storage Directory /home/runner/work/ozone/ozone/hadoop-ozone/integration-test/target/test-dir/MiniOzoneClusterImpl-816a41a7-5c89-4e8c-81ba-db0c8b26fb2d/datanode-1/data/ratis/d887046c-f233-4ec2-8fab-25d9c935abd9
2023-05-31 22:57:40,369 [697d5b73-3ed9-4d18-b9d9-ca13a08090ac-groupManagement] INFO  server.RaftServerConfigKeys (ConfUtils.java:logGet(46)) - raft.server.log.queue.byte-limit = 4294967296 (custom)
2023-05-31 22:57:40,369 [697d5b73-3ed9-4d18-b9d9-ca13a08090ac-groupManagement] INFO  server.RaftServerConfigKeys (ConfUtils.java:logGet(46)) - raft.server.log.queue.element-limit = 1024 (custom)
2023-05-31 22:57:40,369 [697d5b73-3ed9-4d18-b9d9-ca13a08090ac-groupManagement] INFO  server.RaftServerConfigKeys (ConfUtils.java:logGet(46)) - raft.server.log.segment.size.max = 1048576 (custom)
2023-05-31 22:57:40,369 [697d5b73-3ed9-4d18-b9d9-ca13a08090ac-groupManagement] INFO  server.RaftServerConfigKeys (ConfUtils.java:logGet(46)) - raft.server.log.preallocated.size = 16384 (custom)
2023-05-31 22:57:40,369 [697d5b73-3ed9-4d18-b9d9-ca13a08090ac-groupManagement] INFO  server.RaftServerConfigKeys (ConfUtils.java:logGet(46)) - raft.server.log.force.sync.num = 128 (default)
2023-05-31 22:57:40,370 [697d5b73-3ed9-4d18-b9d9-ca13a08090ac-groupManagement] INFO  server.RaftServerConfigKeys (ConfUtils.java:logGet(46)) - raft.server.log.statemachine.data.sync = true (default)
2023-05-31 22:57:40,370 [697d5b73-3ed9-4d18-b9d9-ca13a08090ac-groupManagement] INFO  server.RaftServerConfigKeys (ConfUtils.java:logGet(46)) - raft.server.log.statemachine.data.sync.timeout = 10s (default)
2023-05-31 22:57:40,370 [697d5b73-3ed9-4d18-b9d9-ca13a08090ac-groupManagement] INFO  server.RaftServerConfigKeys (ConfUtils.java:logGet(46)) - raft.server.log.statemachine.data.sync.timeout.retry = -1 (default)
2023-05-31 22:57:40,376 [697d5b73-3ed9-4d18-b9d9-ca13a08090ac-groupManagement] INFO  server.RaftServerConfigKeys (ConfUtils.java:logGet(46)) - raft.server.log.write.buffer.size = 1048576 (custom)
2023-05-31 22:57:40,376 [697d5b73-3ed9-4d18-b9d9-ca13a08090ac-groupManagement] INFO  server.RaftServerConfigKeys (ConfUtils.java:logGet(46)) - raft.server.log.appender.buffer.byte-limit = 33554432 (custom)
2023-05-31 22:57:40,383 [697d5b73-3ed9-4d18-b9d9-ca13a08090ac-groupManagement] INFO  server.RaftServerConfigKeys (ConfUtils.java:logGet(46)) - raft.server.log.unsafe-flush.enabled = false (default)
2023-05-31 22:57:40,383 [697d5b73-3ed9-4d18-b9d9-ca13a08090ac-groupManagement] INFO  server.RaftServerConfigKeys (ConfUtils.java:logGet(46)) - raft.server.log.async-flush.enabled = false (default)
2023-05-31 22:57:40,383 [697d5b73-3ed9-4d18-b9d9-ca13a08090ac-groupManagement] INFO  server.RaftServerConfigKeys (ConfUtils.java:logGet(46)) - raft.server.log.statemachine.data.caching.enabled = true (custom)
2023-05-31 22:57:40,384 [697d5b73-3ed9-4d18-b9d9-ca13a08090ac-groupManagement] INFO  segmented.SegmentedRaftLogWorker (SegmentedRaftLogWorker.java:lambda$new$0(135)) - 697d5b73-3ed9-4d18-b9d9-ca13a08090ac@group-25D9C935ABD9-SegmentedRaftLogWorker: flushIndex: setUnconditionally 0 -> -1
2023-05-31 22:57:40,384 [697d5b73-3ed9-4d18-b9d9-ca13a08090ac-groupManagement] INFO  segmented.SegmentedRaftLogWorker (SegmentedRaftLogWorker.java:lambda$new$0(135)) - 697d5b73-3ed9-4d18-b9d9-ca13a08090ac@group-25D9C935ABD9-SegmentedRaftLogWorker: safeCacheEvictIndex: setUnconditionally 0 -> -1
2023-05-31 22:57:40,390 [697d5b73-3ed9-4d18-b9d9-ca13a08090ac-groupManagement] INFO  server.RaftServer$Division (RaftServerImpl.java:start(342)) - 697d5b73-3ed9-4d18-b9d9-ca13a08090ac@group-25D9C935ABD9: start as a follower, conf=-1: peers:[cdb52bc9-5e07-4eca-b7fa-f50f992e3122|rpc:10.1.0.15:15032|admin:10.1.0.15:15031|client:10.1.0.15:15030|dataStream:10.1.0.15:15033|priority:0|startupRole:FOLLOWER, 697d5b73-3ed9-4d18-b9d9-ca13a08090ac|rpc:10.1.0.15:15023|admin:10.1.0.15:15022|client:10.1.0.15:15021|dataStream:10.1.0.15:15024|priority:0|startupRole:FOLLOWER, 9a93b867-0c49-44e3-a75c-2e530498b118|rpc:10.1.0.15:15014|admin:10.1.0.15:15013|client:10.1.0.15:15012|dataStream:10.1.0.15:15015|priority:1|startupRole:FOLLOWER]|listeners:[], old=null
2023-05-31 22:57:40,390 [697d5b73-3ed9-4d18-b9d9-ca13a08090ac-groupManagement] INFO  server.RaftServer$Division (RaftServerImpl.java:setRole(329)) - 697d5b73-3ed9-4d18-b9d9-ca13a08090ac@group-25D9C935ABD9: changes role from      null to FOLLOWER at term 0 for startAsFollower
2023-05-31 22:57:40,390 [697d5b73-3ed9-4d18-b9d9-ca13a08090ac-groupManagement] INFO  impl.RoleInfo (RoleInfo.java:updateAndGet(139)) - 697d5b73-3ed9-4d18-b9d9-ca13a08090ac: start 697d5b73-3ed9-4d18-b9d9-ca13a08090ac@group-25D9C935ABD9-FollowerState
2023-05-31 22:57:40,394 [697d5b73-3ed9-4d18-b9d9-ca13a08090ac-groupManagement] INFO  util.JmxRegister (JmxRegister.java:tryRegister(44)) - Successfully registered JMX Bean with object name Ratis:service=RaftServer,group=group-25D9C935ABD9,id=697d5b73-3ed9-4d18-b9d9-ca13a08090ac
2023-05-31 22:57:40,394 [697d5b73-3ed9-4d18-b9d9-ca13a08090ac-groupManagement] INFO  server.RaftServerConfigKeys (ConfUtils.java:logGet(46)) - raft.server.snapshot.auto.trigger.enabled = true (custom)
2023-05-31 22:57:40,394 [697d5b73-3ed9-4d18-b9d9-ca13a08090ac-groupManagement] INFO  server.RaftServerConfigKeys (ConfUtils.java:logGet(46)) - raft.server.snapshot.auto.trigger.threshold = 10000 (custom)
2023-05-31 22:57:40,394 [697d5b73-3ed9-4d18-b9d9-ca13a08090ac-groupManagement] INFO  server.RaftServerConfigKeys (ConfUtils.java:logGet(46)) - raft.server.snapshot.retention.file.num = 5 (custom)
2023-05-31 22:57:40,394 [697d5b73-3ed9-4d18-b9d9-ca13a08090ac-groupManagement] INFO  server.RaftServerConfigKeys (ConfUtils.java:logGet(46)) - raft.server.log.purge.upto.snapshot.index = false (default)
2023-05-31 22:57:40,396 [697d5b73-3ed9-4d18-b9d9-ca13a08090ac@group-25D9C935ABD9-FollowerState] INFO  server.RaftServerConfigKeys (ConfUtils.java:logFallback(53)) - raft.server.rpc.first-election.timeout.min = 5s (fallback to raft.server.rpc.timeout.min)
2023-05-31 22:57:40,403 [697d5b73-3ed9-4d18-b9d9-ca13a08090ac@group-25D9C935ABD9-FollowerState] INFO  server.RaftServerConfigKeys (ConfUtils.java:logFallback(53)) - raft.server.rpc.first-election.timeout.max = 5200ms (fallback to raft.server.rpc.timeout.max)
2023-05-31 22:57:40,404 [PipelineCommandHandlerThread-0] INFO  ratis.XceiverServerRatis (XceiverServerRatis.java:addGroup(804)) - Created group PipelineID=d887046c-f233-4ec2-8fab-25d9c935abd9
2023-05-31 22:57:40,464 [EndpointStateMachine task thread for /0.0.0.0:15002 - 0 ] INFO  utils.DatanodeStoreCache (DatanodeStoreCache.java:addDB(66)) - Added db /home/runner/work/ozone/ozone/hadoop-ozone/integration-test/target/test-dir/MiniOzoneClusterImpl-816a41a7-5c89-4e8c-81ba-db0c8b26fb2d/datanode-12/data-0/containers/hdds/816a41a7-5c89-4e8c-81ba-db0c8b26fb2d/DS-caeae2f9-bd19-4cdc-a62e-73e4a67a3480/container.db to cache
2023-05-31 22:57:40,464 [EndpointStateMachine task thread for /0.0.0.0:15002 - 0 ] INFO  volume.HddsVolume (HddsVolume.java:createDbStore(350)) - SchemaV3 db is created and loaded at /home/runner/work/ozone/ozone/hadoop-ozone/integration-test/target/test-dir/MiniOzoneClusterImpl-816a41a7-5c89-4e8c-81ba-db0c8b26fb2d/datanode-12/data-0/containers/hdds/816a41a7-5c89-4e8c-81ba-db0c8b26fb2d/DS-caeae2f9-bd19-4cdc-a62e-73e4a67a3480/container.db for volume DS-caeae2f9-bd19-4cdc-a62e-73e4a67a3480
2023-05-31 22:57:40,465 [EndpointStateMachine task thread for /0.0.0.0:15002 - 0 ] INFO  ozoneimpl.OzoneContainer (OzoneContainer.java:start(398)) - Attempting to start container services.
2023-05-31 22:57:40,465 [EndpointStateMachine task thread for /0.0.0.0:15002 - 0 ] INFO  ozoneimpl.OzoneContainer (OzoneContainer.java:startContainerScrub(314)) - Scheduled background container scanners and the on-demand container scanner have been disabled.
2023-05-31 22:57:40,468 [EndpointStateMachine task thread for /0.0.0.0:15002 - 0 ] INFO  replication.ReplicationServer (ReplicationServer.java:start(128)) - ReplicationServer is started using port 15124
2023-05-31 22:57:40,468 [EndpointStateMachine task thread for /0.0.0.0:15002 - 0 ] INFO  ratis.XceiverServerRatis (XceiverServerRatis.java:start(517)) - Starting XceiverServerRatis 2fca467b-8261-48a6-b0b4-c0ececcd3716
2023-05-31 22:57:40,483 [EndpointStateMachine task thread for /0.0.0.0:15002 - 0 ] INFO  server.RaftServer (RaftServerProxy.java:startImpl(400)) - 2fca467b-8261-48a6-b0b4-c0ececcd3716: start RPC server
2023-05-31 22:57:40,497 [EndpointStateMachine task thread for /0.0.0.0:15002 - 0 ] INFO  server.GrpcService (GrpcService.java:startImpl(302)) - 2fca467b-8261-48a6-b0b4-c0ececcd3716: GrpcService started, listening on 15120
2023-05-31 22:57:40,498 [EndpointStateMachine task thread for /0.0.0.0:15002 - 0 ] INFO  server.GrpcService (GrpcService.java:startImpl(302)) - 2fca467b-8261-48a6-b0b4-c0ececcd3716: GrpcService started, listening on 15122
2023-05-31 22:57:40,498 [EndpointStateMachine task thread for /0.0.0.0:15002 - 0 ] INFO  server.GrpcService (GrpcService.java:startImpl(302)) - 2fca467b-8261-48a6-b0b4-c0ececcd3716: GrpcService started, listening on 15121
2023-05-31 22:57:40,499 [EndpointStateMachine task thread for /0.0.0.0:15002 - 0 ] INFO  ratis.XceiverServerRatis (XceiverServerRatis.java:getRealPort(543)) - XceiverServerRatis 2fca467b-8261-48a6-b0b4-c0ececcd3716 is started using port 15120 for RATIS
2023-05-31 22:57:40,499 [EndpointStateMachine task thread for /0.0.0.0:15002 - 0 ] INFO  ratis.XceiverServerRatis (XceiverServerRatis.java:getRealPort(543)) - XceiverServerRatis 2fca467b-8261-48a6-b0b4-c0ececcd3716 is started using port 15121 for RATIS_ADMIN
2023-05-31 22:57:40,499 [EndpointStateMachine task thread for /0.0.0.0:15002 - 0 ] INFO  ratis.XceiverServerRatis (XceiverServerRatis.java:getRealPort(543)) - XceiverServerRatis 2fca467b-8261-48a6-b0b4-c0ececcd3716 is started using port 15122 for RATIS_SERVER
2023-05-31 22:57:40,499 [EndpointStateMachine task thread for /0.0.0.0:15002 - 0 ] INFO  ratis.XceiverServerRatis (XceiverServerRatis.java:getRealPort(543)) - XceiverServerRatis 2fca467b-8261-48a6-b0b4-c0ececcd3716 is started using port 15123 for RATIS_DATASTREAM
2023-05-31 22:57:40,499 [JvmPauseMonitor13] INFO  util.JvmPauseMonitor (JvmPauseMonitor.java:run(103)) - JvmPauseMonitor-2fca467b-8261-48a6-b0b4-c0ececcd3716: Started
2023-05-31 22:57:40,510 [BlockDeletingService#0] INFO  interfaces.ContainerDeletionChoosingPolicyTemplate (ContainerDeletionChoosingPolicyTemplate.java:chooseContainerForBlockDeletion(83)) - Chosen 0/5000 blocks from 0 candidate containers.
2023-05-31 22:57:40,551 [grpc-default-executor-0] INFO  server.RaftServer (RaftServerProxy.java:addNew(98)) - cdb52bc9-5e07-4eca-b7fa-f50f992e3122: addNew group-25D9C935ABD9:[cdb52bc9-5e07-4eca-b7fa-f50f992e3122|rpc:10.1.0.15:15032|admin:10.1.0.15:15031|client:10.1.0.15:15030|dataStream:10.1.0.15:15033|priority:0|startupRole:FOLLOWER, 697d5b73-3ed9-4d18-b9d9-ca13a08090ac|rpc:10.1.0.15:15023|admin:10.1.0.15:15022|client:10.1.0.15:15021|dataStream:10.1.0.15:15024|priority:0|startupRole:FOLLOWER, 9a93b867-0c49-44e3-a75c-2e530498b118|rpc:10.1.0.15:15014|admin:10.1.0.15:15013|client:10.1.0.15:15012|dataStream:10.1.0.15:15015|priority:1|startupRole:FOLLOWER] returns group-25D9C935ABD9:java.util.concurrent.CompletableFuture@dc42dfd[Not completed]
2023-05-31 22:57:40,554 [cdb52bc9-5e07-4eca-b7fa-f50f992e3122-groupManagement] INFO  server.RaftServer$Division (RaftServerImpl.java:<init>(198)) - cdb52bc9-5e07-4eca-b7fa-f50f992e3122: new RaftServerImpl for group-25D9C935ABD9:[cdb52bc9-5e07-4eca-b7fa-f50f992e3122|rpc:10.1.0.15:15032|admin:10.1.0.15:15031|client:10.1.0.15:15030|dataStream:10.1.0.15:15033|priority:0|startupRole:FOLLOWER, 697d5b73-3ed9-4d18-b9d9-ca13a08090ac|rpc:10.1.0.15:15023|admin:10.1.0.15:15022|client:10.1.0.15:15021|dataStream:10.1.0.15:15024|priority:0|startupRole:FOLLOWER, 9a93b867-0c49-44e3-a75c-2e530498b118|rpc:10.1.0.15:15014|admin:10.1.0.15:15013|client:10.1.0.15:15012|dataStream:10.1.0.15:15015|priority:1|startupRole:FOLLOWER] with ContainerStateMachine:uninitialized
2023-05-31 22:57:40,555 [cdb52bc9-5e07-4eca-b7fa-f50f992e3122-groupManagement] INFO  server.RaftServerConfigKeys (ConfUtils.java:logGet(46)) - raft.server.rpc.timeout.min = 5s (custom)
2023-05-31 22:57:40,555 [cdb52bc9-5e07-4eca-b7fa-f50f992e3122-groupManagement] INFO  server.RaftServerConfigKeys (ConfUtils.java:logGet(46)) - raft.server.rpc.timeout.max = 5200ms (custom)
2023-05-31 22:57:40,555 [cdb52bc9-5e07-4eca-b7fa-f50f992e3122-groupManagement] INFO  server.RaftServerConfigKeys (ConfUtils.java:logGet(46)) - raft.server.rpc.sleep.time = 25ms (default)
2023-05-31 22:57:40,555 [cdb52bc9-5e07-4eca-b7fa-f50f992e3122-groupManagement] INFO  server.RaftServerConfigKeys (ConfUtils.java:logGet(46)) - raft.server.rpc.slowness.timeout = 300s (custom)
2023-05-31 22:57:40,555 [cdb52bc9-5e07-4eca-b7fa-f50f992e3122-groupManagement] INFO  server.RaftServerConfigKeys (ConfUtils.java:logGet(46)) - raft.server.leaderelection.leader.step-down.wait-time = 10s (default)
2023-05-31 22:57:40,555 [cdb52bc9-5e07-4eca-b7fa-f50f992e3122-groupManagement] INFO  server.RaftServerConfigKeys (ConfUtils.java:logGet(46)) - raft.server.sleep.deviation.threshold = 300ms (default)
2023-05-31 22:57:40,556 [cdb52bc9-5e07-4eca-b7fa-f50f992e3122-groupManagement] INFO  server.RaftServer$Division (ServerState.java:<init>(120)) - cdb52bc9-5e07-4eca-b7fa-f50f992e3122@group-25D9C935ABD9: ConfigurationManager, init=-1: peers:[cdb52bc9-5e07-4eca-b7fa-f50f992e3122|rpc:10.1.0.15:15032|admin:10.1.0.15:15031|client:10.1.0.15:15030|dataStream:10.1.0.15:15033|priority:0|startupRole:FOLLOWER, 697d5b73-3ed9-4d18-b9d9-ca13a08090ac|rpc:10.1.0.15:15023|admin:10.1.0.15:15022|client:10.1.0.15:15021|dataStream:10.1.0.15:15024|priority:0|startupRole:FOLLOWER, 9a93b867-0c49-44e3-a75c-2e530498b118|rpc:10.1.0.15:15014|admin:10.1.0.15:15013|client:10.1.0.15:15012|dataStream:10.1.0.15:15015|priority:1|startupRole:FOLLOWER]|listeners:[], old=null, confs=<EMPTY_MAP>
2023-05-31 22:57:40,556 [cdb52bc9-5e07-4eca-b7fa-f50f992e3122-groupManagement] INFO  server.RaftServerConfigKeys (ConfUtils.java:logGet(46)) - raft.server.storage.dir = [/home/runner/work/ozone/ozone/hadoop-ozone/integration-test/target/test-dir/MiniOzoneClusterImpl-816a41a7-5c89-4e8c-81ba-db0c8b26fb2d/datanode-2/data/ratis] (custom)
2023-05-31 22:57:40,557 [cdb52bc9-5e07-4eca-b7fa-f50f992e3122-groupManagement] INFO  server.RaftServerConfigKeys (ConfUtils.java:logGet(46)) - raft.server.log.corruption.policy = EXCEPTION (default)
2023-05-31 22:57:40,557 [cdb52bc9-5e07-4eca-b7fa-f50f992e3122-groupManagement] INFO  server.RaftServerConfigKeys (ConfUtils.java:logGet(46)) - raft.server.storage.free-space.min = 0MB (=0) (default)
2023-05-31 22:57:40,557 [cdb52bc9-5e07-4eca-b7fa-f50f992e3122-groupManagement] INFO  server.RaftServerConfigKeys (ConfUtils.java:logGet(46)) - raft.server.notification.no-leader.timeout = 300s (custom)
2023-05-31 22:57:40,557 [cdb52bc9-5e07-4eca-b7fa-f50f992e3122-groupManagement] INFO  server.RaftServerConfigKeys (ConfUtils.java:logGet(46)) - raft.server.read.timeout = 10s (default)
2023-05-31 22:57:40,557 [cdb52bc9-5e07-4eca-b7fa-f50f992e3122-groupManagement] INFO  server.RaftServerConfigKeys (ConfUtils.java:logGet(46)) - raft.server.retrycache.expirytime = 600000ms (custom)
2023-05-31 22:57:40,557 [cdb52bc9-5e07-4eca-b7fa-f50f992e3122-groupManagement] INFO  server.RaftServerConfigKeys (ConfUtils.java:logGet(46)) - raft.server.retrycache.statistics.expirytime = 100μs (default)
2023-05-31 22:57:40,557 [cdb52bc9-5e07-4eca-b7fa-f50f992e3122-groupManagement] INFO  server.RaftServerConfigKeys (ConfUtils.java:logGet(46)) - raft.server.read.option = DEFAULT (default)
2023-05-31 22:57:40,568 [cdb52bc9-5e07-4eca-b7fa-f50f992e3122-groupManagement] INFO  server.RaftServerConfigKeys (ConfUtils.java:logGet(46)) - raft.server.rpc.request.timeout = 60s (custom)
2023-05-31 22:57:40,568 [cdb52bc9-5e07-4eca-b7fa-f50f992e3122-groupManagement] INFO  server.RaftServerConfigKeys (ConfUtils.java:logGet(46)) - raft.server.log.appender.install.snapshot.enabled = false (custom)
2023-05-31 22:57:40,568 [cdb52bc9-5e07-4eca-b7fa-f50f992e3122-groupManagement] INFO  server.RaftServerConfigKeys (ConfUtils.java:logGet(46)) - raft.server.threadpool.server.cached = true (default)
2023-05-31 22:57:40,568 [cdb52bc9-5e07-4eca-b7fa-f50f992e3122-groupManagement] INFO  server.RaftServerConfigKeys (ConfUtils.java:logGet(46)) - raft.server.threadpool.server.size = 0 (default)
2023-05-31 22:57:40,568 [cdb52bc9-5e07-4eca-b7fa-f50f992e3122-groupManagement] INFO  server.RaftServerConfigKeys (ConfUtils.java:logGet(46)) - raft.server.threadpool.client.cached = true (default)
2023-05-31 22:57:40,568 [cdb52bc9-5e07-4eca-b7fa-f50f992e3122-groupManagement] INFO  server.RaftServerConfigKeys (ConfUtils.java:logGet(46)) - raft.server.threadpool.client.size = 0 (default)
2023-05-31 22:57:40,568 [cdb52bc9-5e07-4eca-b7fa-f50f992e3122-groupManagement] INFO  storage.RaftStorageDirectory (RaftStorageDirectoryImpl.java:analyzeStorage(137)) - The storage directory /home/runner/work/ozone/ozone/hadoop-ozone/integration-test/target/test-dir/MiniOzoneClusterImpl-816a41a7-5c89-4e8c-81ba-db0c8b26fb2d/datanode-2/data/ratis/d887046c-f233-4ec2-8fab-25d9c935abd9 does not exist. Creating ...
2023-05-31 22:57:40,570 [cdb52bc9-5e07-4eca-b7fa-f50f992e3122-groupManagement] INFO  storage.RaftStorageDirectory (RaftStorageDirectoryImpl.java:tryLock(231)) - Lock on /home/runner/work/ozone/ozone/hadoop-ozone/integration-test/target/test-dir/MiniOzoneClusterImpl-816a41a7-5c89-4e8c-81ba-db0c8b26fb2d/datanode-2/data/ratis/d887046c-f233-4ec2-8fab-25d9c935abd9/in_use.lock acquired by nodename 15007@fv-az844-56
2023-05-31 22:57:40,572 [cdb52bc9-5e07-4eca-b7fa-f50f992e3122-groupManagement] INFO  storage.RaftStorage (RaftStorageImpl.java:format(96)) - Storage directory /home/runner/work/ozone/ozone/hadoop-ozone/integration-test/target/test-dir/MiniOzoneClusterImpl-816a41a7-5c89-4e8c-81ba-db0c8b26fb2d/datanode-2/data/ratis/d887046c-f233-4ec2-8fab-25d9c935abd9 has been successfully formatted.
2023-05-31 22:57:40,573 [cdb52bc9-5e07-4eca-b7fa-f50f992e3122-groupManagement] INFO  ratis.ContainerStateMachine (ContainerStateMachine.java:loadSnapshot(262)) - group-25D9C935ABD9: The snapshot info is null. Setting the last applied indexto:(t:0, i:~)
2023-05-31 22:57:40,574 [cdb52bc9-5e07-4eca-b7fa-f50f992e3122-groupManagement] INFO  server.RaftServerConfigKeys (ConfUtils.java:logGet(46)) - raft.server.log.use.memory = false (default)
2023-05-31 22:57:40,574 [cdb52bc9-5e07-4eca-b7fa-f50f992e3122-groupManagement] INFO  server.RaftServerConfigKeys (ConfUtils.java:logGet(46)) - raft.server.log.purge.gap = 1000000 (custom)
2023-05-31 22:57:40,574 [cdb52bc9-5e07-4eca-b7fa-f50f992e3122-groupManagement] INFO  server.RaftServerConfigKeys (ConfUtils.java:logGet(46)) - raft.server.log.appender.buffer.byte-limit = 33554432 (custom)
2023-05-31 22:57:40,574 [cdb52bc9-5e07-4eca-b7fa-f50f992e3122-groupManagement] INFO  server.RaftServerConfigKeys (ConfUtils.java:logGet(46)) - raft.server.log.statemachine.data.read.timeout = 1000ms (default)
2023-05-31 22:57:40,574 [cdb52bc9-5e07-4eca-b7fa-f50f992e3122-groupManagement] INFO  server.RaftServerConfigKeys (ConfUtils.java:logGet(46)) - raft.server.log.purge.preservation.log.num = 0 (default)
2023-05-31 22:57:40,575 [cdb52bc9-5e07-4eca-b7fa-f50f992e3122-groupManagement] INFO  server.RaftServerConfigKeys (ConfUtils.java:logGet(46)) - raft.server.log.segment.size.max = 1048576 (custom)
2023-05-31 22:57:40,575 [cdb52bc9-5e07-4eca-b7fa-f50f992e3122-groupManagement] INFO  server.RaftServerConfigKeys (ConfUtils.java:logGet(46)) - raft.server.log.segment.cache.num.max = 2 (custom)
2023-05-31 22:57:40,575 [cdb52bc9-5e07-4eca-b7fa-f50f992e3122-groupManagement] INFO  server.RaftServerConfigKeys (ConfUtils.java:logGet(46)) - raft.server.log.segment.cache.size.max = 200MB (=209715200) (default)
2023-05-31 22:57:40,576 [cdb52bc9-5e07-4eca-b7fa-f50f992e3122-groupManagement] INFO  server.RaftServerConfigKeys (ConfUtils.java:logGet(46)) - raft.server.log.appender.buffer.byte-limit = 33554432 (custom)
2023-05-31 22:57:40,576 [cdb52bc9-5e07-4eca-b7fa-f50f992e3122-groupManagement] INFO  segmented.SegmentedRaftLogWorker (SegmentedRaftLogWorker.java:<init>(188)) - new cdb52bc9-5e07-4eca-b7fa-f50f992e3122@group-25D9C935ABD9-SegmentedRaftLogWorker for RaftStorageImpl:Storage Directory /home/runner/work/ozone/ozone/hadoop-ozone/integration-test/target/test-dir/MiniOzoneClusterImpl-816a41a7-5c89-4e8c-81ba-db0c8b26fb2d/datanode-2/data/ratis/d887046c-f233-4ec2-8fab-25d9c935abd9
2023-05-31 22:57:40,576 [cdb52bc9-5e07-4eca-b7fa-f50f992e3122-groupManagement] INFO  server.RaftServerConfigKeys (ConfUtils.java:logGet(46)) - raft.server.log.queue.byte-limit = 4294967296 (custom)
2023-05-31 22:57:40,576 [cdb52bc9-5e07-4eca-b7fa-f50f992e3122-groupManagement] INFO  server.RaftServerConfigKeys (ConfUtils.java:logGet(46)) - raft.server.log.queue.element-limit = 1024 (custom)
2023-05-31 22:57:40,576 [cdb52bc9-5e07-4eca-b7fa-f50f992e3122-groupManagement] INFO  server.RaftServerConfigKeys (ConfUtils.java:logGet(46)) - raft.server.log.segment.size.max = 1048576 (custom)
2023-05-31 22:57:40,576 [cdb52bc9-5e07-4eca-b7fa-f50f992e3122-groupManagement] INFO  server.RaftServerConfigKeys (ConfUtils.java:logGet(46)) - raft.server.log.preallocated.size = 16384 (custom)
2023-05-31 22:57:40,576 [cdb52bc9-5e07-4eca-b7fa-f50f992e3122-groupManagement] INFO  server.RaftServerConfigKeys (ConfUtils.java:logGet(46)) - raft.server.log.force.sync.num = 128 (default)
2023-05-31 22:57:40,576 [cdb52bc9-5e07-4eca-b7fa-f50f992e3122-groupManagement] INFO  server.RaftServerConfigKeys (ConfUtils.java:logGet(46)) - raft.server.log.statemachine.data.sync = true (default)
2023-05-31 22:57:40,576 [cdb52bc9-5e07-4eca-b7fa-f50f992e3122-groupManagement] INFO  server.RaftServerConfigKeys (ConfUtils.java:logGet(46)) - raft.server.log.statemachine.data.sync.timeout = 10s (default)
2023-05-31 22:57:40,576 [cdb52bc9-5e07-4eca-b7fa-f50f992e3122-groupManagement] INFO  server.RaftServerConfigKeys (ConfUtils.java:logGet(46)) - raft.server.log.statemachine.data.sync.timeout.retry = -1 (default)
2023-05-31 22:57:40,595 [cdb52bc9-5e07-4eca-b7fa-f50f992e3122-groupManagement] INFO  server.RaftServerConfigKeys (ConfUtils.java:logGet(46)) - raft.server.log.write.buffer.size = 1048576 (custom)
2023-05-31 22:57:40,595 [cdb52bc9-5e07-4eca-b7fa-f50f992e3122-groupManagement] INFO  server.RaftServerConfigKeys (ConfUtils.java:logGet(46)) - raft.server.log.appender.buffer.byte-limit = 33554432 (custom)
2023-05-31 22:57:40,604 [cdb52bc9-5e07-4eca-b7fa-f50f992e3122-groupManagement] INFO  server.RaftServerConfigKeys (ConfUtils.java:logGet(46)) - raft.server.log.unsafe-flush.enabled = false (default)
2023-05-31 22:57:40,604 [cdb52bc9-5e07-4eca-b7fa-f50f992e3122-groupManagement] INFO  server.RaftServerConfigKeys (ConfUtils.java:logGet(46)) - raft.server.log.async-flush.enabled = false (default)
2023-05-31 22:57:40,604 [cdb52bc9-5e07-4eca-b7fa-f50f992e3122-groupManagement] INFO  server.RaftServerConfigKeys (ConfUtils.java:logGet(46)) - raft.server.log.statemachine.data.caching.enabled = true (custom)
2023-05-31 22:57:40,605 [cdb52bc9-5e07-4eca-b7fa-f50f992e3122-groupManagement] INFO  segmented.SegmentedRaftLogWorker (SegmentedRaftLogWorker.java:lambda$new$0(135)) - cdb52bc9-5e07-4eca-b7fa-f50f992e3122@group-25D9C935ABD9-SegmentedRaftLogWorker: flushIndex: setUnconditionally 0 -> -1
2023-05-31 22:57:40,605 [cdb52bc9-5e07-4eca-b7fa-f50f992e3122-groupManagement] INFO  segmented.SegmentedRaftLogWorker (SegmentedRaftLogWorker.java:lambda$new$0(135)) - cdb52bc9-5e07-4eca-b7fa-f50f992e3122@group-25D9C935ABD9-SegmentedRaftLogWorker: safeCacheEvictIndex: setUnconditionally 0 -> -1
2023-05-31 22:57:40,606 [cdb52bc9-5e07-4eca-b7fa-f50f992e3122-groupManagement] INFO  server.RaftServer$Division (RaftServerImpl.java:start(342)) - cdb52bc9-5e07-4eca-b7fa-f50f992e3122@group-25D9C935ABD9: start as a follower, conf=-1: peers:[cdb52bc9-5e07-4eca-b7fa-f50f992e3122|rpc:10.1.0.15:15032|admin:10.1.0.15:15031|client:10.1.0.15:15030|dataStream:10.1.0.15:15033|priority:0|startupRole:FOLLOWER, 697d5b73-3ed9-4d18-b9d9-ca13a08090ac|rpc:10.1.0.15:15023|admin:10.1.0.15:15022|client:10.1.0.15:15021|dataStream:10.1.0.15:15024|priority:0|startupRole:FOLLOWER, 9a93b867-0c49-44e3-a75c-2e530498b118|rpc:10.1.0.15:15014|admin:10.1.0.15:15013|client:10.1.0.15:15012|dataStream:10.1.0.15:15015|priority:1|startupRole:FOLLOWER]|listeners:[], old=null
2023-05-31 22:57:40,606 [cdb52bc9-5e07-4eca-b7fa-f50f992e3122-groupManagement] INFO  server.RaftServer$Division (RaftServerImpl.java:setRole(329)) - cdb52bc9-5e07-4eca-b7fa-f50f992e3122@group-25D9C935ABD9: changes role from      null to FOLLOWER at term 0 for startAsFollower
2023-05-31 22:57:40,606 [cdb52bc9-5e07-4eca-b7fa-f50f992e3122-groupManagement] INFO  impl.RoleInfo (RoleInfo.java:updateAndGet(139)) - cdb52bc9-5e07-4eca-b7fa-f50f992e3122: start cdb52bc9-5e07-4eca-b7fa-f50f992e3122@group-25D9C935ABD9-FollowerState
2023-05-31 22:57:40,612 [cdb52bc9-5e07-4eca-b7fa-f50f992e3122-groupManagement] INFO  util.JmxRegister (JmxRegister.java:tryRegister(44)) - Successfully registered JMX Bean with object name Ratis:service=RaftServer,group=group-25D9C935ABD9,id=cdb52bc9-5e07-4eca-b7fa-f50f992e3122
2023-05-31 22:57:40,612 [cdb52bc9-5e07-4eca-b7fa-f50f992e3122@group-25D9C935ABD9-FollowerState] INFO  server.RaftServerConfigKeys (ConfUtils.java:logFallback(53)) - raft.server.rpc.first-election.timeout.min = 5s (fallback to raft.server.rpc.timeout.min)
2023-05-31 22:57:40,612 [cdb52bc9-5e07-4eca-b7fa-f50f992e3122-groupManagement] INFO  server.RaftServerConfigKeys (ConfUtils.java:logGet(46)) - raft.server.snapshot.auto.trigger.enabled = true (custom)
2023-05-31 22:57:40,624 [cdb52bc9-5e07-4eca-b7fa-f50f992e3122-groupManagement] INFO  server.RaftServerConfigKeys (ConfUtils.java:logGet(46)) - raft.server.snapshot.auto.trigger.threshold = 10000 (custom)
2023-05-31 22:57:40,625 [cdb52bc9-5e07-4eca-b7fa-f50f992e3122-groupManagement] INFO  server.RaftServerConfigKeys (ConfUtils.java:logGet(46)) - raft.server.snapshot.retention.file.num = 5 (custom)
2023-05-31 22:57:40,625 [cdb52bc9-5e07-4eca-b7fa-f50f992e3122-groupManagement] INFO  server.RaftServerConfigKeys (ConfUtils.java:logGet(46)) - raft.server.log.purge.upto.snapshot.index = false (default)
2023-05-31 22:57:40,626 [cdb52bc9-5e07-4eca-b7fa-f50f992e3122@group-25D9C935ABD9-FollowerState] INFO  server.RaftServerConfigKeys (ConfUtils.java:logFallback(53)) - raft.server.rpc.first-election.timeout.max = 5200ms (fallback to raft.server.rpc.timeout.max)
2023-05-31 22:57:40,648 [cdb52bc9-5e07-4eca-b7fa-f50f992e3122-groupManagement] INFO  server.RaftServer$Division (RaftServerImpl.java:<init>(198)) - cdb52bc9-5e07-4eca-b7fa-f50f992e3122: new RaftServerImpl for group-738462BA642F:[cdb52bc9-5e07-4eca-b7fa-f50f992e3122|rpc:10.1.0.15:15032|admin:10.1.0.15:15031|client:10.1.0.15:15030|dataStream:10.1.0.15:15033|priority:1|startupRole:FOLLOWER] with ContainerStateMachine:uninitialized
2023-05-31 22:57:40,648 [cdb52bc9-5e07-4eca-b7fa-f50f992e3122-groupManagement] INFO  server.RaftServerConfigKeys (ConfUtils.java:logGet(46)) - raft.server.rpc.timeout.min = 5s (custom)
2023-05-31 22:57:40,648 [cdb52bc9-5e07-4eca-b7fa-f50f992e3122-groupManagement] INFO  server.RaftServerConfigKeys (ConfUtils.java:logGet(46)) - raft.server.rpc.timeout.max = 5200ms (custom)
2023-05-31 22:57:40,648 [cdb52bc9-5e07-4eca-b7fa-f50f992e3122-groupManagement] INFO  server.RaftServerConfigKeys (ConfUtils.java:logGet(46)) - raft.server.rpc.sleep.time = 25ms (default)
2023-05-31 22:57:40,648 [cdb52bc9-5e07-4eca-b7fa-f50f992e3122-groupManagement] INFO  server.RaftServerConfigKeys (ConfUtils.java:logGet(46)) - raft.server.rpc.slowness.timeout = 300s (custom)
2023-05-31 22:57:40,648 [cdb52bc9-5e07-4eca-b7fa-f50f992e3122-groupManagement] INFO  server.RaftServerConfigKeys (ConfUtils.java:logGet(46)) - raft.server.leaderelection.leader.step-down.wait-time = 10s (default)
2023-05-31 22:57:40,648 [cdb52bc9-5e07-4eca-b7fa-f50f992e3122-groupManagement] INFO  server.RaftServerConfigKeys (ConfUtils.java:logGet(46)) - raft.server.sleep.deviation.threshold = 300ms (default)
2023-05-31 22:57:40,648 [cdb52bc9-5e07-4eca-b7fa-f50f992e3122-groupManagement] INFO  server.RaftServer$Division (ServerState.java:<init>(120)) - cdb52bc9-5e07-4eca-b7fa-f50f992e3122@group-738462BA642F: ConfigurationManager, init=-1: peers:[cdb52bc9-5e07-4eca-b7fa-f50f992e3122|rpc:10.1.0.15:15032|admin:10.1.0.15:15031|client:10.1.0.15:15030|dataStream:10.1.0.15:15033|priority:1|startupRole:FOLLOWER]|listeners:[], old=null, confs=<EMPTY_MAP>
2023-05-31 22:57:40,649 [cdb52bc9-5e07-4eca-b7fa-f50f992e3122-groupManagement] INFO  server.RaftServerConfigKeys (ConfUtils.java:logGet(46)) - raft.server.storage.dir = [/home/runner/work/ozone/ozone/hadoop-ozone/integration-test/target/test-dir/MiniOzoneClusterImpl-816a41a7-5c89-4e8c-81ba-db0c8b26fb2d/datanode-2/data/ratis] (custom)
2023-05-31 22:57:40,649 [cdb52bc9-5e07-4eca-b7fa-f50f992e3122-groupManagement] INFO  server.RaftServerConfigKeys (ConfUtils.java:logGet(46)) - raft.server.log.corruption.policy = EXCEPTION (default)
2023-05-31 22:57:40,649 [cdb52bc9-5e07-4eca-b7fa-f50f992e3122-groupManagement] INFO  server.RaftServerConfigKeys (ConfUtils.java:logGet(46)) - raft.server.storage.free-space.min = 0MB (=0) (default)
2023-05-31 22:57:40,649 [PipelineCommandHandlerThread-0] INFO  server.RaftServer (RaftServerProxy.java:addNew(98)) - cdb52bc9-5e07-4eca-b7fa-f50f992e3122: addNew group-738462BA642F:[cdb52bc9-5e07-4eca-b7fa-f50f992e3122|rpc:10.1.0.15:15032|admin:10.1.0.15:15031|client:10.1.0.15:15030|dataStream:10.1.0.15:15033|priority:1|startupRole:FOLLOWER] returns group-738462BA642F:java.util.concurrent.CompletableFuture@67eefca5[Not completed]
2023-05-31 22:57:40,649 [cdb52bc9-5e07-4eca-b7fa-f50f992e3122-groupManagement] INFO  server.RaftServerConfigKeys (ConfUtils.java:logGet(46)) - raft.server.notification.no-leader.timeout = 300s (custom)
2023-05-31 22:57:40,654 [cdb52bc9-5e07-4eca-b7fa-f50f992e3122-groupManagement] INFO  server.RaftServerConfigKeys (ConfUtils.java:logGet(46)) - raft.server.read.timeout = 10s (default)
2023-05-31 22:57:40,655 [cdb52bc9-5e07-4eca-b7fa-f50f992e3122-groupManagement] INFO  server.RaftServerConfigKeys (ConfUtils.java:logGet(46)) - raft.server.retrycache.expirytime = 600000ms (custom)
2023-05-31 22:57:40,655 [cdb52bc9-5e07-4eca-b7fa-f50f992e3122-groupManagement] INFO  server.RaftServerConfigKeys (ConfUtils.java:logGet(46)) - raft.server.retrycache.statistics.expirytime = 100μs (default)
2023-05-31 22:57:40,655 [cdb52bc9-5e07-4eca-b7fa-f50f992e3122-groupManagement] INFO  server.RaftServerConfigKeys (ConfUtils.java:logGet(46)) - raft.server.read.option = DEFAULT (default)
2023-05-31 22:57:40,657 [cdb52bc9-5e07-4eca-b7fa-f50f992e3122-groupManagement] INFO  server.RaftServerConfigKeys (ConfUtils.java:logGet(46)) - raft.server.rpc.request.timeout = 60s (custom)
2023-05-31 22:57:40,657 [cdb52bc9-5e07-4eca-b7fa-f50f992e3122-groupManagement] INFO  server.RaftServerConfigKeys (ConfUtils.java:logGet(46)) - raft.server.log.appender.install.snapshot.enabled = false (custom)
2023-05-31 22:57:40,657 [cdb52bc9-5e07-4eca-b7fa-f50f992e3122-groupManagement] INFO  server.RaftServerConfigKeys (ConfUtils.java:logGet(46)) - raft.server.threadpool.server.cached = true (default)
2023-05-31 22:57:40,657 [cdb52bc9-5e07-4eca-b7fa-f50f992e3122-groupManagement] INFO  server.RaftServerConfigKeys (ConfUtils.java:logGet(46)) - raft.server.threadpool.server.size = 0 (default)
2023-05-31 22:57:40,657 [cdb52bc9-5e07-4eca-b7fa-f50f992e3122-groupManagement] INFO  server.RaftServerConfigKeys (ConfUtils.java:logGet(46)) - raft.server.threadpool.client.cached = true (default)
2023-05-31 22:57:40,657 [cdb52bc9-5e07-4eca-b7fa-f50f992e3122-groupManagement] INFO  server.RaftServerConfigKeys (ConfUtils.java:logGet(46)) - raft.server.threadpool.client.size = 0 (default)
2023-05-31 22:57:40,658 [cdb52bc9-5e07-4eca-b7fa-f50f992e3122-groupManagement] INFO  storage.RaftStorageDirectory (RaftStorageDirectoryImpl.java:analyzeStorage(137)) - The storage directory /home/runner/work/ozone/ozone/hadoop-ozone/integration-test/target/test-dir/MiniOzoneClusterImpl-816a41a7-5c89-4e8c-81ba-db0c8b26fb2d/datanode-2/data/ratis/8a901e90-b0e5-4f8c-b645-738462ba642f does not exist. Creating ...
2023-05-31 22:57:40,659 [cdb52bc9-5e07-4eca-b7fa-f50f992e3122-groupManagement] INFO  storage.RaftStorageDirectory (RaftStorageDirectoryImpl.java:tryLock(231)) - Lock on /home/runner/work/ozone/ozone/hadoop-ozone/integration-test/target/test-dir/MiniOzoneClusterImpl-816a41a7-5c89-4e8c-81ba-db0c8b26fb2d/datanode-2/data/ratis/8a901e90-b0e5-4f8c-b645-738462ba642f/in_use.lock acquired by nodename 15007@fv-az844-56
2023-05-31 22:57:40,661 [cdb52bc9-5e07-4eca-b7fa-f50f992e3122-groupManagement] INFO  storage.RaftStorage (RaftStorageImpl.java:format(96)) - Storage directory /home/runner/work/ozone/ozone/hadoop-ozone/integration-test/target/test-dir/MiniOzoneClusterImpl-816a41a7-5c89-4e8c-81ba-db0c8b26fb2d/datanode-2/data/ratis/8a901e90-b0e5-4f8c-b645-738462ba642f has been successfully formatted.
2023-05-31 22:57:40,662 [cdb52bc9-5e07-4eca-b7fa-f50f992e3122-groupManagement] INFO  ratis.ContainerStateMachine (ContainerStateMachine.java:loadSnapshot(262)) - group-738462BA642F: The snapshot info is null. Setting the last applied indexto:(t:0, i:~)
2023-05-31 22:57:40,662 [cdb52bc9-5e07-4eca-b7fa-f50f992e3122-groupManagement] INFO  server.RaftServerConfigKeys (ConfUtils.java:logGet(46)) - raft.server.log.use.memory = false (default)
2023-05-31 22:57:40,662 [cdb52bc9-5e07-4eca-b7fa-f50f992e3122-groupManagement] INFO  server.RaftServerConfigKeys (ConfUtils.java:logGet(46)) - raft.server.log.purge.gap = 1000000 (custom)
2023-05-31 22:57:40,662 [cdb52bc9-5e07-4eca-b7fa-f50f992e3122-groupManagement] INFO  server.RaftServerConfigKeys (ConfUtils.java:logGet(46)) - raft.server.log.appender.buffer.byte-limit = 33554432 (custom)
2023-05-31 22:57:40,662 [cdb52bc9-5e07-4eca-b7fa-f50f992e3122-groupManagement] INFO  server.RaftServerConfigKeys (ConfUtils.java:logGet(46)) - raft.server.log.statemachine.data.read.timeout = 1000ms (default)
2023-05-31 22:57:40,662 [cdb52bc9-5e07-4eca-b7fa-f50f992e3122-groupManagement] INFO  server.RaftServerConfigKeys (ConfUtils.java:logGet(46)) - raft.server.log.purge.preservation.log.num = 0 (default)
2023-05-31 22:57:40,662 [cdb52bc9-5e07-4eca-b7fa-f50f992e3122-groupManagement] INFO  server.RaftServerConfigKeys (ConfUtils.java:logGet(46)) - raft.server.log.segment.size.max = 1048576 (custom)
2023-05-31 22:57:40,663 [cdb52bc9-5e07-4eca-b7fa-f50f992e3122-groupManagement] INFO  server.RaftServerConfigKeys (ConfUtils.java:logGet(46)) - raft.server.log.segment.cache.num.max = 2 (custom)
2023-05-31 22:57:40,664 [cdb52bc9-5e07-4eca-b7fa-f50f992e3122-groupManagement] INFO  server.RaftServerConfigKeys (ConfUtils.java:logGet(46)) - raft.server.log.segment.cache.size.max = 200MB (=209715200) (default)
2023-05-31 22:57:40,666 [EventQueue-PipelineReportForPipelineReportHandler] INFO  pipeline.PipelineManagerImpl (PipelineManagerImpl.java:openPipeline(367)) - Pipeline Pipeline[ Id: 8a901e90-b0e5-4f8c-b645-738462ba642f, Nodes: cdb52bc9-5e07-4eca-b7fa-f50f992e3122(fv-az844-56.kvdfyhrxhd0epk3sa4trub4njc.xx.internal.cloudapp.net/10.1.0.15), ReplicationConfig: RATIS/ONE, State:ALLOCATED, leaderId:cdb52bc9-5e07-4eca-b7fa-f50f992e3122, CreationTimestamp2023-05-31T22:57:37.651Z[Etc/UTC]] moved to OPEN state
2023-05-31 22:57:40,667 [EventQueue-OpenPipelineForHealthyPipelineSafeModeRule] INFO  safemode.SCMSafeModeManager (HealthyPipelineSafeModeRule.java:process(137)) - SCM in safe mode. Healthy pipelines reported count is 0, required healthy pipeline reported count is 1
2023-05-31 22:57:40,667 [cdb52bc9-5e07-4eca-b7fa-f50f992e3122-groupManagement] INFO  server.RaftServerConfigKeys (ConfUtils.java:logGet(46)) - raft.server.log.appender.buffer.byte-limit = 33554432 (custom)
2023-05-31 22:57:40,667 [cdb52bc9-5e07-4eca-b7fa-f50f992e3122-groupManagement] INFO  segmented.SegmentedRaftLogWorker (SegmentedRaftLogWorker.java:<init>(188)) - new cdb52bc9-5e07-4eca-b7fa-f50f992e3122@group-738462BA642F-SegmentedRaftLogWorker for RaftStorageImpl:Storage Directory /home/runner/work/ozone/ozone/hadoop-ozone/integration-test/target/test-dir/MiniOzoneClusterImpl-816a41a7-5c89-4e8c-81ba-db0c8b26fb2d/datanode-2/data/ratis/8a901e90-b0e5-4f8c-b645-738462ba642f
2023-05-31 22:57:40,667 [cdb52bc9-5e07-4eca-b7fa-f50f992e3122-groupManagement] INFO  server.RaftServerConfigKeys (ConfUtils.java:logGet(46)) - raft.server.log.queue.byte-limit = 4294967296 (custom)
2023-05-31 22:57:40,668 [cdb52bc9-5e07-4eca-b7fa-f50f992e3122-groupManagement] INFO  server.RaftServerConfigKeys (ConfUtils.java:logGet(46)) - raft.server.log.queue.element-limit = 1024 (custom)
2023-05-31 22:57:40,668 [cdb52bc9-5e07-4eca-b7fa-f50f992e3122-groupManagement] INFO  server.RaftServerConfigKeys (ConfUtils.java:logGet(46)) - raft.server.log.segment.size.max = 1048576 (custom)
2023-05-31 22:57:40,668 [cdb52bc9-5e07-4eca-b7fa-f50f992e3122-groupManagement] INFO  server.RaftServerConfigKeys (ConfUtils.java:logGet(46)) - raft.server.log.preallocated.size = 16384 (custom)
2023-05-31 22:57:40,668 [cdb52bc9-5e07-4eca-b7fa-f50f992e3122-groupManagement] INFO  server.RaftServerConfigKeys (ConfUtils.java:logGet(46)) - raft.server.log.force.sync.num = 128 (default)
2023-05-31 22:57:40,668 [cdb52bc9-5e07-4eca-b7fa-f50f992e3122-groupManagement] INFO  server.RaftServerConfigKeys (ConfUtils.java:logGet(46)) - raft.server.log.statemachine.data.sync = true (default)
2023-05-31 22:57:40,668 [cdb52bc9-5e07-4eca-b7fa-f50f992e3122-groupManagement] INFO  server.RaftServerConfigKeys (ConfUtils.java:logGet(46)) - raft.server.log.statemachine.data.sync.timeout = 10s (default)
2023-05-31 22:57:40,668 [cdb52bc9-5e07-4eca-b7fa-f50f992e3122-groupManagement] INFO  server.RaftServerConfigKeys (ConfUtils.java:logGet(46)) - raft.server.log.statemachine.data.sync.timeout.retry = -1 (default)
2023-05-31 22:57:40,671 [cdb52bc9-5e07-4eca-b7fa-f50f992e3122-groupManagement] INFO  server.RaftServerConfigKeys (ConfUtils.java:logGet(46)) - raft.server.log.write.buffer.size = 1048576 (custom)
2023-05-31 22:57:40,671 [cdb52bc9-5e07-4eca-b7fa-f50f992e3122-groupManagement] INFO  server.RaftServerConfigKeys (ConfUtils.java:logGet(46)) - raft.server.log.appender.buffer.byte-limit = 33554432 (custom)
2023-05-31 22:57:40,679 [cdb52bc9-5e07-4eca-b7fa-f50f992e3122-groupManagement] INFO  server.RaftServerConfigKeys (ConfUtils.java:logGet(46)) - raft.server.log.unsafe-flush.enabled = false (default)
2023-05-31 22:57:40,679 [cdb52bc9-5e07-4eca-b7fa-f50f992e3122-groupManagement] INFO  server.RaftServerConfigKeys (ConfUtils.java:logGet(46)) - raft.server.log.async-flush.enabled = false (default)
2023-05-31 22:57:40,679 [cdb52bc9-5e07-4eca-b7fa-f50f992e3122-groupManagement] INFO  server.RaftServerConfigKeys (ConfUtils.java:logGet(46)) - raft.server.log.statemachine.data.caching.enabled = true (custom)
2023-05-31 22:57:40,679 [cdb52bc9-5e07-4eca-b7fa-f50f992e3122-groupManagement] INFO  segmented.SegmentedRaftLogWorker (SegmentedRaftLogWorker.java:lambda$new$0(135)) - cdb52bc9-5e07-4eca-b7fa-f50f992e3122@group-738462BA642F-SegmentedRaftLogWorker: flushIndex: setUnconditionally 0 -> -1
2023-05-31 22:57:40,680 [cdb52bc9-5e07-4eca-b7fa-f50f992e3122-groupManagement] INFO  segmented.SegmentedRaftLogWorker (SegmentedRaftLogWorker.java:lambda$new$0(135)) - cdb52bc9-5e07-4eca-b7fa-f50f992e3122@group-738462BA642F-SegmentedRaftLogWorker: safeCacheEvictIndex: setUnconditionally 0 -> -1
2023-05-31 22:57:40,680 [cdb52bc9-5e07-4eca-b7fa-f50f992e3122-groupManagement] INFO  server.RaftServer$Division (RaftServerImpl.java:start(342)) - cdb52bc9-5e07-4eca-b7fa-f50f992e3122@group-738462BA642F: start as a follower, conf=-1: peers:[cdb52bc9-5e07-4eca-b7fa-f50f992e3122|rpc:10.1.0.15:15032|admin:10.1.0.15:15031|client:10.1.0.15:15030|dataStream:10.1.0.15:15033|priority:1|startupRole:FOLLOWER]|listeners:[], old=null
2023-05-31 22:57:40,680 [cdb52bc9-5e07-4eca-b7fa-f50f992e3122-groupManagement] INFO  server.RaftServer$Division (RaftServerImpl.java:setRole(329)) - cdb52bc9-5e07-4eca-b7fa-f50f992e3122@group-738462BA642F: changes role from      null to FOLLOWER at term 0 for startAsFollower
2023-05-31 22:57:40,680 [cdb52bc9-5e07-4eca-b7fa-f50f992e3122-groupManagement] INFO  impl.RoleInfo (RoleInfo.java:updateAndGet(139)) - cdb52bc9-5e07-4eca-b7fa-f50f992e3122: start cdb52bc9-5e07-4eca-b7fa-f50f992e3122@group-738462BA642F-FollowerState
2023-05-31 22:57:40,680 [cdb52bc9-5e07-4eca-b7fa-f50f992e3122-groupManagement] INFO  util.JmxRegister (JmxRegister.java:tryRegister(44)) - Successfully registered JMX Bean with object name Ratis:service=RaftServer,group=group-738462BA642F,id=cdb52bc9-5e07-4eca-b7fa-f50f992e3122
2023-05-31 22:57:40,680 [cdb52bc9-5e07-4eca-b7fa-f50f992e3122-groupManagement] INFO  server.RaftServerConfigKeys (ConfUtils.java:logGet(46)) - raft.server.snapshot.auto.trigger.enabled = true (custom)
2023-05-31 22:57:40,680 [cdb52bc9-5e07-4eca-b7fa-f50f992e3122-groupManagement] INFO  server.RaftServerConfigKeys (ConfUtils.java:logGet(46)) - raft.server.snapshot.auto.trigger.threshold = 10000 (custom)
2023-05-31 22:57:40,681 [cdb52bc9-5e07-4eca-b7fa-f50f992e3122-groupManagement] INFO  server.RaftServerConfigKeys (ConfUtils.java:logGet(46)) - raft.server.snapshot.retention.file.num = 5 (custom)
2023-05-31 22:57:40,681 [cdb52bc9-5e07-4eca-b7fa-f50f992e3122-groupManagement] INFO  server.RaftServerConfigKeys (ConfUtils.java:logGet(46)) - raft.server.log.purge.upto.snapshot.index = false (default)
2023-05-31 22:57:40,684 [cdb52bc9-5e07-4eca-b7fa-f50f992e3122@group-738462BA642F-FollowerState] INFO  server.RaftServerConfigKeys (ConfUtils.java:logFallback(53)) - raft.server.rpc.first-election.timeout.min = 5s (fallback to raft.server.rpc.timeout.min)
2023-05-31 22:57:40,684 [cdb52bc9-5e07-4eca-b7fa-f50f992e3122@group-738462BA642F-FollowerState] INFO  server.RaftServerConfigKeys (ConfUtils.java:logFallback(53)) - raft.server.rpc.first-election.timeout.max = 5200ms (fallback to raft.server.rpc.timeout.max)
2023-05-31 22:57:40,687 [PipelineCommandHandlerThread-0] INFO  ratis.XceiverServerRatis (XceiverServerRatis.java:addGroup(804)) - Created group PipelineID=8a901e90-b0e5-4f8c-b645-738462ba642f
2023-05-31 22:57:40,687 [PipelineCommandHandlerThread-0] INFO  commandhandler.CreatePipelineCommandHandler (CreatePipelineCommandHandler.java:lambda$handle$2(124)) - Created Pipeline RATIS ONE PipelineID=8a901e90-b0e5-4f8c-b645-738462ba642f.
2023-05-31 22:57:40,688 [PipelineCommandHandlerThread-0] INFO  server.RaftServer (RaftServerProxy.java:addNew(98)) - cdb52bc9-5e07-4eca-b7fa-f50f992e3122: addNew group-AD78EE493E03:[cdb52bc9-5e07-4eca-b7fa-f50f992e3122|rpc:10.1.0.15:15032|admin:10.1.0.15:15031|client:10.1.0.15:15030|dataStream:10.1.0.15:15033|priority:1|startupRole:FOLLOWER, 697d5b73-3ed9-4d18-b9d9-ca13a08090ac|rpc:10.1.0.15:15023|admin:10.1.0.15:15022|client:10.1.0.15:15021|dataStream:10.1.0.15:15024|priority:0|startupRole:FOLLOWER, 9a93b867-0c49-44e3-a75c-2e530498b118|rpc:10.1.0.15:15014|admin:10.1.0.15:15013|client:10.1.0.15:15012|dataStream:10.1.0.15:15015|priority:0|startupRole:FOLLOWER] returns group-AD78EE493E03:java.util.concurrent.CompletableFuture@69291e28[Not completed]
2023-05-31 22:57:40,689 [cdb52bc9-5e07-4eca-b7fa-f50f992e3122-groupManagement] INFO  server.RaftServer$Division (RaftServerImpl.java:<init>(198)) - cdb52bc9-5e07-4eca-b7fa-f50f992e3122: new RaftServerImpl for group-AD78EE493E03:[cdb52bc9-5e07-4eca-b7fa-f50f992e3122|rpc:10.1.0.15:15032|admin:10.1.0.15:15031|client:10.1.0.15:15030|dataStream:10.1.0.15:15033|priority:1|startupRole:FOLLOWER, 697d5b73-3ed9-4d18-b9d9-ca13a08090ac|rpc:10.1.0.15:15023|admin:10.1.0.15:15022|client:10.1.0.15:15021|dataStream:10.1.0.15:15024|priority:0|startupRole:FOLLOWER, 9a93b867-0c49-44e3-a75c-2e530498b118|rpc:10.1.0.15:15014|admin:10.1.0.15:15013|client:10.1.0.15:15012|dataStream:10.1.0.15:15015|priority:0|startupRole:FOLLOWER] with ContainerStateMachine:uninitialized
2023-05-31 22:57:40,689 [cdb52bc9-5e07-4eca-b7fa-f50f992e3122-groupManagement] INFO  server.RaftServerConfigKeys (ConfUtils.java:logGet(46)) - raft.server.rpc.timeout.min = 5s (custom)
2023-05-31 22:57:40,689 [cdb52bc9-5e07-4eca-b7fa-f50f992e3122-groupManagement] INFO  server.RaftServerConfigKeys (ConfUtils.java:logGet(46)) - raft.server.rpc.timeout.max = 5200ms (custom)
2023-05-31 22:57:40,689 [cdb52bc9-5e07-4eca-b7fa-f50f992e3122-groupManagement] INFO  server.RaftServerConfigKeys (ConfUtils.java:logGet(46)) - raft.server.rpc.sleep.time = 25ms (default)
2023-05-31 22:57:40,689 [cdb52bc9-5e07-4eca-b7fa-f50f992e3122-groupManagement] INFO  server.RaftServerConfigKeys (ConfUtils.java:logGet(46)) - raft.server.rpc.slowness.timeout = 300s (custom)
2023-05-31 22:57:40,689 [cdb52bc9-5e07-4eca-b7fa-f50f992e3122-groupManagement] INFO  server.RaftServerConfigKeys (ConfUtils.java:logGet(46)) - raft.server.leaderelection.leader.step-down.wait-time = 10s (default)
2023-05-31 22:57:40,689 [cdb52bc9-5e07-4eca-b7fa-f50f992e3122-groupManagement] INFO  server.RaftServerConfigKeys (ConfUtils.java:logGet(46)) - raft.server.sleep.deviation.threshold = 300ms (default)
2023-05-31 22:57:40,689 [cdb52bc9-5e07-4eca-b7fa-f50f992e3122-groupManagement] INFO  server.RaftServer$Division (ServerState.java:<init>(120)) - cdb52bc9-5e07-4eca-b7fa-f50f992e3122@group-AD78EE493E03: ConfigurationManager, init=-1: peers:[cdb52bc9-5e07-4eca-b7fa-f50f992e3122|rpc:10.1.0.15:15032|admin:10.1.0.15:15031|client:10.1.0.15:15030|dataStream:10.1.0.15:15033|priority:1|startupRole:FOLLOWER, 697d5b73-3ed9-4d18-b9d9-ca13a08090ac|rpc:10.1.0.15:15023|admin:10.1.0.15:15022|client:10.1.0.15:15021|dataStream:10.1.0.15:15024|priority:0|startupRole:FOLLOWER, 9a93b867-0c49-44e3-a75c-2e530498b118|rpc:10.1.0.15:15014|admin:10.1.0.15:15013|client:10.1.0.15:15012|dataStream:10.1.0.15:15015|priority:0|startupRole:FOLLOWER]|listeners:[], old=null, confs=<EMPTY_MAP>
2023-05-31 22:57:40,690 [cdb52bc9-5e07-4eca-b7fa-f50f992e3122-groupManagement] INFO  server.RaftServerConfigKeys (ConfUtils.java:logGet(46)) - raft.server.storage.dir = [/home/runner/work/ozone/ozone/hadoop-ozone/integration-test/target/test-dir/MiniOzoneClusterImpl-816a41a7-5c89-4e8c-81ba-db0c8b26fb2d/datanode-2/data/ratis] (custom)
2023-05-31 22:57:40,691 [cdb52bc9-5e07-4eca-b7fa-f50f992e3122-groupManagement] INFO  server.RaftServerConfigKeys (ConfUtils.java:logGet(46)) - raft.server.log.corruption.policy = EXCEPTION (default)
2023-05-31 22:57:40,691 [cdb52bc9-5e07-4eca-b7fa-f50f992e3122-groupManagement] INFO  server.RaftServerConfigKeys (ConfUtils.java:logGet(46)) - raft.server.storage.free-space.min = 0MB (=0) (default)
2023-05-31 22:57:40,692 [cdb52bc9-5e07-4eca-b7fa-f50f992e3122-groupManagement] INFO  server.RaftServerConfigKeys (ConfUtils.java:logGet(46)) - raft.server.notification.no-leader.timeout = 300s (custom)
2023-05-31 22:57:40,692 [cdb52bc9-5e07-4eca-b7fa-f50f992e3122-groupManagement] INFO  server.RaftServerConfigKeys (ConfUtils.java:logGet(46)) - raft.server.read.timeout = 10s (default)
2023-05-31 22:57:40,692 [cdb52bc9-5e07-4eca-b7fa-f50f992e3122-groupManagement] INFO  server.RaftServerConfigKeys (ConfUtils.java:logGet(46)) - raft.server.retrycache.expirytime = 600000ms (custom)
2023-05-31 22:57:40,694 [cdb52bc9-5e07-4eca-b7fa-f50f992e3122-groupManagement] INFO  server.RaftServerConfigKeys (ConfUtils.java:logGet(46)) - raft.server.retrycache.statistics.expirytime = 100μs (default)
2023-05-31 22:57:40,694 [cdb52bc9-5e07-4eca-b7fa-f50f992e3122-groupManagement] INFO  server.RaftServerConfigKeys (ConfUtils.java:logGet(46)) - raft.server.read.option = DEFAULT (default)
2023-05-31 22:57:40,696 [cdb52bc9-5e07-4eca-b7fa-f50f992e3122-groupManagement] INFO  server.RaftServerConfigKeys (ConfUtils.java:logGet(46)) - raft.server.rpc.request.timeout = 60s (custom)
2023-05-31 22:57:40,696 [cdb52bc9-5e07-4eca-b7fa-f50f992e3122-groupManagement] INFO  server.RaftServerConfigKeys (ConfUtils.java:logGet(46)) - raft.server.log.appender.install.snapshot.enabled = false (custom)
2023-05-31 22:57:40,696 [cdb52bc9-5e07-4eca-b7fa-f50f992e3122-groupManagement] INFO  server.RaftServerConfigKeys (ConfUtils.java:logGet(46)) - raft.server.threadpool.server.cached = true (default)
2023-05-31 22:57:40,696 [cdb52bc9-5e07-4eca-b7fa-f50f992e3122-groupManagement] INFO  server.RaftServerConfigKeys (ConfUtils.java:logGet(46)) - raft.server.threadpool.server.size = 0 (default)
2023-05-31 22:57:40,696 [cdb52bc9-5e07-4eca-b7fa-f50f992e3122-groupManagement] INFO  server.RaftServerConfigKeys (ConfUtils.java:logGet(46)) - raft.server.threadpool.client.cached = true (default)
2023-05-31 22:57:40,697 [cdb52bc9-5e07-4eca-b7fa-f50f992e3122-groupManagement] INFO  server.RaftServerConfigKeys (ConfUtils.java:logGet(46)) - raft.server.threadpool.client.size = 0 (default)
2023-05-31 22:57:40,697 [cdb52bc9-5e07-4eca-b7fa-f50f992e3122-groupManagement] INFO  storage.RaftStorageDirectory (RaftStorageDirectoryImpl.java:analyzeStorage(137)) - The storage directory /home/runner/work/ozone/ozone/hadoop-ozone/integration-test/target/test-dir/MiniOzoneClusterImpl-816a41a7-5c89-4e8c-81ba-db0c8b26fb2d/datanode-2/data/ratis/dfa5ddec-ab7a-4414-a630-ad78ee493e03 does not exist. Creating ...
2023-05-31 22:57:40,700 [cdb52bc9-5e07-4eca-b7fa-f50f992e3122-groupManagement] INFO  storage.RaftStorageDirectory (RaftStorageDirectoryImpl.java:tryLock(231)) - Lock on /home/runner/work/ozone/ozone/hadoop-ozone/integration-test/target/test-dir/MiniOzoneClusterImpl-816a41a7-5c89-4e8c-81ba-db0c8b26fb2d/datanode-2/data/ratis/dfa5ddec-ab7a-4414-a630-ad78ee493e03/in_use.lock acquired by nodename 15007@fv-az844-56
2023-05-31 22:57:40,706 [cdb52bc9-5e07-4eca-b7fa-f50f992e3122-groupManagement] INFO  storage.RaftStorage (RaftStorageImpl.java:format(96)) - Storage directory /home/runner/work/ozone/ozone/hadoop-ozone/integration-test/target/test-dir/MiniOzoneClusterImpl-816a41a7-5c89-4e8c-81ba-db0c8b26fb2d/datanode-2/data/ratis/dfa5ddec-ab7a-4414-a630-ad78ee493e03 has been successfully formatted.
2023-05-31 22:57:40,706 [cdb52bc9-5e07-4eca-b7fa-f50f992e3122-groupManagement] INFO  ratis.ContainerStateMachine (ContainerStateMachine.java:loadSnapshot(262)) - group-AD78EE493E03: The snapshot info is null. Setting the last applied indexto:(t:0, i:~)
2023-05-31 22:57:40,707 [cdb52bc9-5e07-4eca-b7fa-f50f992e3122-groupManagement] INFO  server.RaftServerConfigKeys (ConfUtils.java:logGet(46)) - raft.server.log.use.memory = false (default)
2023-05-31 22:57:40,707 [cdb52bc9-5e07-4eca-b7fa-f50f992e3122-groupManagement] INFO  server.RaftServerConfigKeys (ConfUtils.java:logGet(46)) - raft.server.log.purge.gap = 1000000 (custom)
2023-05-31 22:57:40,707 [cdb52bc9-5e07-4eca-b7fa-f50f992e3122-groupManagement] INFO  server.RaftServerConfigKeys (ConfUtils.java:logGet(46)) - raft.server.log.appender.buffer.byte-limit = 33554432 (custom)
2023-05-31 22:57:40,707 [cdb52bc9-5e07-4eca-b7fa-f50f992e3122-groupManagement] INFO  server.RaftServerConfigKeys (ConfUtils.java:logGet(46)) - raft.server.log.statemachine.data.read.timeout = 1000ms (default)
2023-05-31 22:57:40,707 [cdb52bc9-5e07-4eca-b7fa-f50f992e3122-groupManagement] INFO  server.RaftServerConfigKeys (ConfUtils.java:logGet(46)) - raft.server.log.purge.preservation.log.num = 0 (default)
2023-05-31 22:57:40,707 [cdb52bc9-5e07-4eca-b7fa-f50f992e3122-groupManagement] INFO  server.RaftServerConfigKeys (ConfUtils.java:logGet(46)) - raft.server.log.segment.size.max = 1048576 (custom)
2023-05-31 22:57:40,718 [cdb52bc9-5e07-4eca-b7fa-f50f992e3122-groupManagement] INFO  server.RaftServerConfigKeys (ConfUtils.java:logGet(46)) - raft.server.log.segment.cache.num.max = 2 (custom)
2023-05-31 22:57:40,718 [cdb52bc9-5e07-4eca-b7fa-f50f992e3122-groupManagement] INFO  server.RaftServerConfigKeys (ConfUtils.java:logGet(46)) - raft.server.log.segment.cache.size.max = 200MB (=209715200) (default)
2023-05-31 22:57:40,718 [cdb52bc9-5e07-4eca-b7fa-f50f992e3122-groupManagement] INFO  server.RaftServerConfigKeys (ConfUtils.java:logGet(46)) - raft.server.log.appender.buffer.byte-limit = 33554432 (custom)
2023-05-31 22:57:40,719 [cdb52bc9-5e07-4eca-b7fa-f50f992e3122-groupManagement] INFO  segmented.SegmentedRaftLogWorker (SegmentedRaftLogWorker.java:<init>(188)) - new cdb52bc9-5e07-4eca-b7fa-f50f992e3122@group-AD78EE493E03-SegmentedRaftLogWorker for RaftStorageImpl:Storage Directory /home/runner/work/ozone/ozone/hadoop-ozone/integration-test/target/test-dir/MiniOzoneClusterImpl-816a41a7-5c89-4e8c-81ba-db0c8b26fb2d/datanode-2/data/ratis/dfa5ddec-ab7a-4414-a630-ad78ee493e03
2023-05-31 22:57:40,719 [cdb52bc9-5e07-4eca-b7fa-f50f992e3122-groupManagement] INFO  server.RaftServerConfigKeys (ConfUtils.java:logGet(46)) - raft.server.log.queue.byte-limit = 4294967296 (custom)
2023-05-31 22:57:40,719 [cdb52bc9-5e07-4eca-b7fa-f50f992e3122-groupManagement] INFO  server.RaftServerConfigKeys (ConfUtils.java:logGet(46)) - raft.server.log.queue.element-limit = 1024 (custom)
2023-05-31 22:57:40,719 [cdb52bc9-5e07-4eca-b7fa-f50f992e3122-groupManagement] INFO  server.RaftServerConfigKeys (ConfUtils.java:logGet(46)) - raft.server.log.segment.size.max = 1048576 (custom)
2023-05-31 22:57:40,719 [cdb52bc9-5e07-4eca-b7fa-f50f992e3122-groupManagement] INFO  server.RaftServerConfigKeys (ConfUtils.java:logGet(46)) - raft.server.log.preallocated.size = 16384 (custom)
2023-05-31 22:57:40,719 [cdb52bc9-5e07-4eca-b7fa-f50f992e3122-groupManagement] INFO  server.RaftServerConfigKeys (ConfUtils.java:logGet(46)) - raft.server.log.force.sync.num = 128 (default)
2023-05-31 22:57:40,719 [cdb52bc9-5e07-4eca-b7fa-f50f992e3122-groupManagement] INFO  server.RaftServerConfigKeys (ConfUtils.java:logGet(46)) - raft.server.log.statemachine.data.sync = true (default)
2023-05-31 22:57:40,719 [cdb52bc9-5e07-4eca-b7fa-f50f992e3122-groupManagement] INFO  server.RaftServerConfigKeys (ConfUtils.java:logGet(46)) - raft.server.log.statemachine.data.sync.timeout = 10s (default)
2023-05-31 22:57:40,719 [cdb52bc9-5e07-4eca-b7fa-f50f992e3122-groupManagement] INFO  server.RaftServerConfigKeys (ConfUtils.java:logGet(46)) - raft.server.log.statemachine.data.sync.timeout.retry = -1 (default)
2023-05-31 22:57:40,727 [EventQueue-OpenPipelineForHealthyPipelineSafeModeRule] INFO  safemode.SCMSafeModeManager (HealthyPipelineSafeModeRule.java:process(137)) - SCM in safe mode. Healthy pipelines reported count is 0, required healthy pipeline reported count is 1
2023-05-31 22:57:40,736 [cdb52bc9-5e07-4eca-b7fa-f50f992e3122-groupManagement] INFO  server.RaftServerConfigKeys (ConfUtils.java:logGet(46)) - raft.server.log.write.buffer.size = 1048576 (custom)
2023-05-31 22:57:40,740 [cdb52bc9-5e07-4eca-b7fa-f50f992e3122-groupManagement] INFO  server.RaftServerConfigKeys (ConfUtils.java:logGet(46)) - raft.server.log.appender.buffer.byte-limit = 33554432 (custom)
2023-05-31 22:57:40,748 [cdb52bc9-5e07-4eca-b7fa-f50f992e3122-groupManagement] INFO  server.RaftServerConfigKeys (ConfUtils.java:logGet(46)) - raft.server.log.unsafe-flush.enabled = false (default)
2023-05-31 22:57:40,748 [cdb52bc9-5e07-4eca-b7fa-f50f992e3122-groupManagement] INFO  server.RaftServerConfigKeys (ConfUtils.java:logGet(46)) - raft.server.log.async-flush.enabled = false (default)
2023-05-31 22:57:40,748 [cdb52bc9-5e07-4eca-b7fa-f50f992e3122-groupManagement] INFO  server.RaftServerConfigKeys (ConfUtils.java:logGet(46)) - raft.server.log.statemachine.data.caching.enabled = true (custom)
2023-05-31 22:57:40,750 [cdb52bc9-5e07-4eca-b7fa-f50f992e3122-groupManagement] INFO  segmented.SegmentedRaftLogWorker (SegmentedRaftLogWorker.java:lambda$new$0(135)) - cdb52bc9-5e07-4eca-b7fa-f50f992e3122@group-AD78EE493E03-SegmentedRaftLogWorker: flushIndex: setUnconditionally 0 -> -1
2023-05-31 22:57:40,750 [cdb52bc9-5e07-4eca-b7fa-f50f992e3122-groupManagement] INFO  segmented.SegmentedRaftLogWorker (SegmentedRaftLogWorker.java:lambda$new$0(135)) - cdb52bc9-5e07-4eca-b7fa-f50f992e3122@group-AD78EE493E03-SegmentedRaftLogWorker: safeCacheEvictIndex: setUnconditionally 0 -> -1
2023-05-31 22:57:40,754 [cdb52bc9-5e07-4eca-b7fa-f50f992e3122-groupManagement] INFO  server.RaftServer$Division (RaftServerImpl.java:start(342)) - cdb52bc9-5e07-4eca-b7fa-f50f992e3122@group-AD78EE493E03: start as a follower, conf=-1: peers:[cdb52bc9-5e07-4eca-b7fa-f50f992e3122|rpc:10.1.0.15:15032|admin:10.1.0.15:15031|client:10.1.0.15:15030|dataStream:10.1.0.15:15033|priority:1|startupRole:FOLLOWER, 697d5b73-3ed9-4d18-b9d9-ca13a08090ac|rpc:10.1.0.15:15023|admin:10.1.0.15:15022|client:10.1.0.15:15021|dataStream:10.1.0.15:15024|priority:0|startupRole:FOLLOWER, 9a93b867-0c49-44e3-a75c-2e530498b118|rpc:10.1.0.15:15014|admin:10.1.0.15:15013|client:10.1.0.15:15012|dataStream:10.1.0.15:15015|priority:0|startupRole:FOLLOWER]|listeners:[], old=null
2023-05-31 22:57:40,754 [cdb52bc9-5e07-4eca-b7fa-f50f992e3122-groupManagement] INFO  server.RaftServer$Division (RaftServerImpl.java:setRole(329)) - cdb52bc9-5e07-4eca-b7fa-f50f992e3122@group-AD78EE493E03: changes role from      null to FOLLOWER at term 0 for startAsFollower
2023-05-31 22:57:40,754 [cdb52bc9-5e07-4eca-b7fa-f50f992e3122-groupManagement] INFO  impl.RoleInfo (RoleInfo.java:updateAndGet(139)) - cdb52bc9-5e07-4eca-b7fa-f50f992e3122: start cdb52bc9-5e07-4eca-b7fa-f50f992e3122@group-AD78EE493E03-FollowerState
2023-05-31 22:57:40,758 [cdb52bc9-5e07-4eca-b7fa-f50f992e3122-groupManagement] INFO  util.JmxRegister (JmxRegister.java:tryRegister(44)) - Successfully registered JMX Bean with object name Ratis:service=RaftServer,group=group-AD78EE493E03,id=cdb52bc9-5e07-4eca-b7fa-f50f992e3122
2023-05-31 22:57:40,758 [cdb52bc9-5e07-4eca-b7fa-f50f992e3122-groupManagement] INFO  server.RaftServerConfigKeys (ConfUtils.java:logGet(46)) - raft.server.snapshot.auto.trigger.enabled = true (custom)
2023-05-31 22:57:40,758 [cdb52bc9-5e07-4eca-b7fa-f50f992e3122-groupManagement] INFO  server.RaftServerConfigKeys (ConfUtils.java:logGet(46)) - raft.server.snapshot.auto.trigger.threshold = 10000 (custom)
2023-05-31 22:57:40,758 [cdb52bc9-5e07-4eca-b7fa-f50f992e3122-groupManagement] INFO  server.RaftServerConfigKeys (ConfUtils.java:logGet(46)) - raft.server.snapshot.retention.file.num = 5 (custom)
2023-05-31 22:57:40,758 [cdb52bc9-5e07-4eca-b7fa-f50f992e3122-groupManagement] INFO  server.RaftServerConfigKeys (ConfUtils.java:logGet(46)) - raft.server.log.purge.upto.snapshot.index = false (default)
2023-05-31 22:57:40,760 [cdb52bc9-5e07-4eca-b7fa-f50f992e3122@group-AD78EE493E03-FollowerState] INFO  server.RaftServerConfigKeys (ConfUtils.java:logFallback(53)) - raft.server.rpc.first-election.timeout.min = 5s (fallback to raft.server.rpc.timeout.min)
2023-05-31 22:57:40,763 [cdb52bc9-5e07-4eca-b7fa-f50f992e3122@group-AD78EE493E03-FollowerState] INFO  server.RaftServerConfigKeys (ConfUtils.java:logFallback(53)) - raft.server.rpc.first-election.timeout.max = 5200ms (fallback to raft.server.rpc.timeout.max)
2023-05-31 22:57:40,767 [PipelineCommandHandlerThread-0] INFO  ratis.XceiverServerRatis (XceiverServerRatis.java:addGroup(804)) - Created group PipelineID=dfa5ddec-ab7a-4414-a630-ad78ee493e03
2023-05-31 22:57:40,792 [IPC Server handler 5 on default port 15002] INFO  net.NetworkTopologyImpl (NetworkTopologyImpl.java:add(112)) - Added a new node: /default-rack/07122f08-5d38-49f7-8fdd-d2e34ec8d956
2023-05-31 22:57:40,792 [IPC Server handler 5 on default port 15002] INFO  node.SCMNodeManager (SCMNodeManager.java:register(407)) - Registered Data node : 07122f08-5d38-49f7-8fdd-d2e34ec8d956{ip: 10.1.0.15, host: fv-az844-56.kvdfyhrxhd0epk3sa4trub4njc.xx.internal.cloudapp.net, ports: [HTTP=15090, CLIENT_RPC=15091, REPLICATION=15097, RATIS=15093, RATIS_ADMIN=15094, RATIS_SERVER=15095, RATIS_DATASTREAM=15096, STANDALONE=15092], networkLocation: /default-rack, certSerialId: null, persistedOpState: null, persistedOpStateExpiryEpochSec: 0}
2023-05-31 22:57:40,792 [EventQueue-NewNodeForNewNodeHandler] INFO  pipeline.BackgroundPipelineCreator (BackgroundPipelineCreator.java:notifyEventTriggered(276)) - trigger a one-shot run on RatisPipelineUtilsThread.
2023-05-31 22:57:40,793 [RatisPipelineUtilsThread - 0] INFO  pipeline.RatisPipelineProvider (RatisPipelineProvider.java:lambda$create$0(206)) - Sending CreatePipelineCommand for pipeline:PipelineID=3b4ec279-cd0d-455e-8f23-b4980e30e6ac to datanode:07122f08-5d38-49f7-8fdd-d2e34ec8d956
2023-05-31 22:57:40,797 [RatisPipelineUtilsThread - 0] INFO  pipeline.PipelineStateManagerImpl (PipelineStateManagerImpl.java:addPipeline(103)) - Created pipeline Pipeline[ Id: 3b4ec279-cd0d-455e-8f23-b4980e30e6ac, Nodes: 07122f08-5d38-49f7-8fdd-d2e34ec8d956(fv-az844-56.kvdfyhrxhd0epk3sa4trub4njc.xx.internal.cloudapp.net/10.1.0.15), ReplicationConfig: RATIS/ONE, State:ALLOCATED, leaderId:, CreationTimestamp2023-05-31T22:57:40.793Z[Etc/UTC]].
2023-05-31 22:57:40,798 [RatisPipelineUtilsThread - 0] WARN  pipeline.PipelinePlacementPolicy (PipelinePlacementPolicy.java:filterViableNodes(160)) - Pipeline creation failed due to no sufficient healthy datanodes. Required 3. Found 1. Excluded 9.
2023-05-31 22:57:40,803 [PipelineCommandHandlerThread-0] INFO  commandhandler.CreatePipelineCommandHandler (CreatePipelineCommandHandler.java:lambda$handle$2(124)) - Created Pipeline RATIS THREE PipelineID=d887046c-f233-4ec2-8fab-25d9c935abd9.
2023-05-31 22:57:40,804 [PipelineCommandHandlerThread-0] INFO  server.RaftServer (RaftServerProxy.java:addNew(98)) - 697d5b73-3ed9-4d18-b9d9-ca13a08090ac: addNew group-AD78EE493E03:[cdb52bc9-5e07-4eca-b7fa-f50f992e3122|rpc:10.1.0.15:15032|admin:10.1.0.15:15031|client:10.1.0.15:15030|dataStream:10.1.0.15:15033|priority:1|startupRole:FOLLOWER, 697d5b73-3ed9-4d18-b9d9-ca13a08090ac|rpc:10.1.0.15:15023|admin:10.1.0.15:15022|client:10.1.0.15:15021|dataStream:10.1.0.15:15024|priority:0|startupRole:FOLLOWER, 9a93b867-0c49-44e3-a75c-2e530498b118|rpc:10.1.0.15:15014|admin:10.1.0.15:15013|client:10.1.0.15:15012|dataStream:10.1.0.15:15015|priority:0|startupRole:FOLLOWER] returns group-AD78EE493E03:java.util.concurrent.CompletableFuture@6048bd23[Not completed]
2023-05-31 22:57:40,805 [697d5b73-3ed9-4d18-b9d9-ca13a08090ac-groupManagement] INFO  server.RaftServer$Division (RaftServerImpl.java:<init>(198)) - 697d5b73-3ed9-4d18-b9d9-ca13a08090ac: new RaftServerImpl for group-AD78EE493E03:[cdb52bc9-5e07-4eca-b7fa-f50f992e3122|rpc:10.1.0.15:15032|admin:10.1.0.15:15031|client:10.1.0.15:15030|dataStream:10.1.0.15:15033|priority:1|startupRole:FOLLOWER, 697d5b73-3ed9-4d18-b9d9-ca13a08090ac|rpc:10.1.0.15:15023|admin:10.1.0.15:15022|client:10.1.0.15:15021|dataStream:10.1.0.15:15024|priority:0|startupRole:FOLLOWER, 9a93b867-0c49-44e3-a75c-2e530498b118|rpc:10.1.0.15:15014|admin:10.1.0.15:15013|client:10.1.0.15:15012|dataStream:10.1.0.15:15015|priority:0|startupRole:FOLLOWER] with ContainerStateMachine:uninitialized
2023-05-31 22:57:40,805 [697d5b73-3ed9-4d18-b9d9-ca13a08090ac-groupManagement] INFO  server.RaftServerConfigKeys (ConfUtils.java:logGet(46)) - raft.server.rpc.timeout.min = 5s (custom)
2023-05-31 22:57:40,805 [697d5b73-3ed9-4d18-b9d9-ca13a08090ac-groupManagement] INFO  server.RaftServerConfigKeys (ConfUtils.java:logGet(46)) - raft.server.rpc.timeout.max = 5200ms (custom)
2023-05-31 22:57:40,805 [697d5b73-3ed9-4d18-b9d9-ca13a08090ac-groupManagement] INFO  server.RaftServerConfigKeys (ConfUtils.java:logGet(46)) - raft.server.rpc.sleep.time = 25ms (default)
2023-05-31 22:57:40,805 [697d5b73-3ed9-4d18-b9d9-ca13a08090ac-groupManagement] INFO  server.RaftServerConfigKeys (ConfUtils.java:logGet(46)) - raft.server.rpc.slowness.timeout = 300s (custom)
2023-05-31 22:57:40,805 [697d5b73-3ed9-4d18-b9d9-ca13a08090ac-groupManagement] INFO  server.RaftServerConfigKeys (ConfUtils.java:logGet(46)) - raft.server.leaderelection.leader.step-down.wait-time = 10s (default)
2023-05-31 22:57:40,805 [697d5b73-3ed9-4d18-b9d9-ca13a08090ac-groupManagement] INFO  server.RaftServerConfigKeys (ConfUtils.java:logGet(46)) - raft.server.sleep.deviation.threshold = 300ms (default)
2023-05-31 22:57:40,806 [697d5b73-3ed9-4d18-b9d9-ca13a08090ac-groupManagement] INFO  server.RaftServer$Division (ServerState.java:<init>(120)) - 697d5b73-3ed9-4d18-b9d9-ca13a08090ac@group-AD78EE493E03: ConfigurationManager, init=-1: peers:[cdb52bc9-5e07-4eca-b7fa-f50f992e3122|rpc:10.1.0.15:15032|admin:10.1.0.15:15031|client:10.1.0.15:15030|dataStream:10.1.0.15:15033|priority:1|startupRole:FOLLOWER, 697d5b73-3ed9-4d18-b9d9-ca13a08090ac|rpc:10.1.0.15:15023|admin:10.1.0.15:15022|client:10.1.0.15:15021|dataStream:10.1.0.15:15024|priority:0|startupRole:FOLLOWER, 9a93b867-0c49-44e3-a75c-2e530498b118|rpc:10.1.0.15:15014|admin:10.1.0.15:15013|client:10.1.0.15:15012|dataStream:10.1.0.15:15015|priority:0|startupRole:FOLLOWER]|listeners:[], old=null, confs=<EMPTY_MAP>
2023-05-31 22:57:40,806 [697d5b73-3ed9-4d18-b9d9-ca13a08090ac-groupManagement] INFO  server.RaftServerConfigKeys (ConfUtils.java:logGet(46)) - raft.server.storage.dir = [/home/runner/work/ozone/ozone/hadoop-ozone/integration-test/target/test-dir/MiniOzoneClusterImpl-816a41a7-5c89-4e8c-81ba-db0c8b26fb2d/datanode-1/data/ratis] (custom)
2023-05-31 22:57:40,806 [697d5b73-3ed9-4d18-b9d9-ca13a08090ac-groupManagement] INFO  server.RaftServerConfigKeys (ConfUtils.java:logGet(46)) - raft.server.log.corruption.policy = EXCEPTION (default)
2023-05-31 22:57:40,806 [697d5b73-3ed9-4d18-b9d9-ca13a08090ac-groupManagement] INFO  server.RaftServerConfigKeys (ConfUtils.java:logGet(46)) - raft.server.storage.free-space.min = 0MB (=0) (default)
2023-05-31 22:57:40,806 [697d5b73-3ed9-4d18-b9d9-ca13a08090ac-groupManagement] INFO  server.RaftServerConfigKeys (ConfUtils.java:logGet(46)) - raft.server.notification.no-leader.timeout = 300s (custom)
2023-05-31 22:57:40,806 [697d5b73-3ed9-4d18-b9d9-ca13a08090ac-groupManagement] INFO  server.RaftServerConfigKeys (ConfUtils.java:logGet(46)) - raft.server.read.timeout = 10s (default)
2023-05-31 22:57:40,806 [697d5b73-3ed9-4d18-b9d9-ca13a08090ac-groupManagement] INFO  server.RaftServerConfigKeys (ConfUtils.java:logGet(46)) - raft.server.retrycache.expirytime = 600000ms (custom)
2023-05-31 22:57:40,806 [697d5b73-3ed9-4d18-b9d9-ca13a08090ac-groupManagement] INFO  server.RaftServerConfigKeys (ConfUtils.java:logGet(46)) - raft.server.retrycache.statistics.expirytime = 100μs (default)
2023-05-31 22:57:40,807 [697d5b73-3ed9-4d18-b9d9-ca13a08090ac-groupManagement] INFO  server.RaftServerConfigKeys (ConfUtils.java:logGet(46)) - raft.server.read.option = DEFAULT (default)
2023-05-31 22:57:40,809 [697d5b73-3ed9-4d18-b9d9-ca13a08090ac-groupManagement] INFO  server.RaftServerConfigKeys (ConfUtils.java:logGet(46)) - raft.server.rpc.request.timeout = 60s (custom)
2023-05-31 22:57:40,810 [697d5b73-3ed9-4d18-b9d9-ca13a08090ac-groupManagement] INFO  server.RaftServerConfigKeys (ConfUtils.java:logGet(46)) - raft.server.log.appender.install.snapshot.enabled = false (custom)
2023-05-31 22:57:40,810 [697d5b73-3ed9-4d18-b9d9-ca13a08090ac-groupManagement] INFO  server.RaftServerConfigKeys (ConfUtils.java:logGet(46)) - raft.server.threadpool.server.cached = true (default)
2023-05-31 22:57:40,810 [697d5b73-3ed9-4d18-b9d9-ca13a08090ac-groupManagement] INFO  server.RaftServerConfigKeys (ConfUtils.java:logGet(46)) - raft.server.threadpool.server.size = 0 (default)
2023-05-31 22:57:40,810 [697d5b73-3ed9-4d18-b9d9-ca13a08090ac-groupManagement] INFO  server.RaftServerConfigKeys (ConfUtils.java:logGet(46)) - raft.server.threadpool.client.cached = true (default)
2023-05-31 22:57:40,810 [697d5b73-3ed9-4d18-b9d9-ca13a08090ac-groupManagement] INFO  server.RaftServerConfigKeys (ConfUtils.java:logGet(46)) - raft.server.threadpool.client.size = 0 (default)
2023-05-31 22:57:40,810 [697d5b73-3ed9-4d18-b9d9-ca13a08090ac-groupManagement] INFO  storage.RaftStorageDirectory (RaftStorageDirectoryImpl.java:analyzeStorage(137)) - The storage directory /home/runner/work/ozone/ozone/hadoop-ozone/integration-test/target/test-dir/MiniOzoneClusterImpl-816a41a7-5c89-4e8c-81ba-db0c8b26fb2d/datanode-1/data/ratis/dfa5ddec-ab7a-4414-a630-ad78ee493e03 does not exist. Creating ...
2023-05-31 22:57:40,812 [697d5b73-3ed9-4d18-b9d9-ca13a08090ac-groupManagement] INFO  storage.RaftStorageDirectory (RaftStorageDirectoryImpl.java:tryLock(231)) - Lock on /home/runner/work/ozone/ozone/hadoop-ozone/integration-test/target/test-dir/MiniOzoneClusterImpl-816a41a7-5c89-4e8c-81ba-db0c8b26fb2d/datanode-1/data/ratis/dfa5ddec-ab7a-4414-a630-ad78ee493e03/in_use.lock acquired by nodename 15007@fv-az844-56
2023-05-31 22:57:40,815 [697d5b73-3ed9-4d18-b9d9-ca13a08090ac-groupManagement] INFO  storage.RaftStorage (RaftStorageImpl.java:format(96)) - Storage directory /home/runner/work/ozone/ozone/hadoop-ozone/integration-test/target/test-dir/MiniOzoneClusterImpl-816a41a7-5c89-4e8c-81ba-db0c8b26fb2d/datanode-1/data/ratis/dfa5ddec-ab7a-4414-a630-ad78ee493e03 has been successfully formatted.
2023-05-31 22:57:40,816 [697d5b73-3ed9-4d18-b9d9-ca13a08090ac-groupManagement] INFO  ratis.ContainerStateMachine (ContainerStateMachine.java:loadSnapshot(262)) - group-AD78EE493E03: The snapshot info is null. Setting the last applied indexto:(t:0, i:~)
2023-05-31 22:57:40,816 [697d5b73-3ed9-4d18-b9d9-ca13a08090ac-groupManagement] INFO  server.RaftServerConfigKeys (ConfUtils.java:logGet(46)) - raft.server.log.use.memory = false (default)
2023-05-31 22:57:40,817 [697d5b73-3ed9-4d18-b9d9-ca13a08090ac-groupManagement] INFO  server.RaftServerConfigKeys (ConfUtils.java:logGet(46)) - raft.server.log.purge.gap = 1000000 (custom)
2023-05-31 22:57:40,817 [697d5b73-3ed9-4d18-b9d9-ca13a08090ac-groupManagement] INFO  server.RaftServerConfigKeys (ConfUtils.java:logGet(46)) - raft.server.log.appender.buffer.byte-limit = 33554432 (custom)
2023-05-31 22:57:40,817 [697d5b73-3ed9-4d18-b9d9-ca13a08090ac-groupManagement] INFO  server.RaftServerConfigKeys (ConfUtils.java:logGet(46)) - raft.server.log.statemachine.data.read.timeout = 1000ms (default)
2023-05-31 22:57:40,817 [697d5b73-3ed9-4d18-b9d9-ca13a08090ac-groupManagement] INFO  server.RaftServerConfigKeys (ConfUtils.java:logGet(46)) - raft.server.log.purge.preservation.log.num = 0 (default)
2023-05-31 22:57:40,821 [697d5b73-3ed9-4d18-b9d9-ca13a08090ac-groupManagement] INFO  server.RaftServerConfigKeys (ConfUtils.java:logGet(46)) - raft.server.log.segment.size.max = 1048576 (custom)
2023-05-31 22:57:40,825 [EventQueue-OpenPipelineForHealthyPipelineSafeModeRule] INFO  safemode.SCMSafeModeManager (HealthyPipelineSafeModeRule.java:process(137)) - SCM in safe mode. Healthy pipelines reported count is 0, required healthy pipeline reported count is 1
2023-05-31 22:57:40,826 [697d5b73-3ed9-4d18-b9d9-ca13a08090ac-groupManagement] INFO  server.RaftServerConfigKeys (ConfUtils.java:logGet(46)) - raft.server.log.segment.cache.num.max = 2 (custom)
2023-05-31 22:57:40,834 [697d5b73-3ed9-4d18-b9d9-ca13a08090ac-groupManagement] INFO  server.RaftServerConfigKeys (ConfUtils.java:logGet(46)) - raft.server.log.segment.cache.size.max = 200MB (=209715200) (default)
2023-05-31 22:57:40,838 [697d5b73-3ed9-4d18-b9d9-ca13a08090ac-groupManagement] INFO  server.RaftServerConfigKeys (ConfUtils.java:logGet(46)) - raft.server.log.appender.buffer.byte-limit = 33554432 (custom)
2023-05-31 22:57:40,838 [697d5b73-3ed9-4d18-b9d9-ca13a08090ac-groupManagement] INFO  segmented.SegmentedRaftLogWorker (SegmentedRaftLogWorker.java:<init>(188)) - new 697d5b73-3ed9-4d18-b9d9-ca13a08090ac@group-AD78EE493E03-SegmentedRaftLogWorker for RaftStorageImpl:Storage Directory /home/runner/work/ozone/ozone/hadoop-ozone/integration-test/target/test-dir/MiniOzoneClusterImpl-816a41a7-5c89-4e8c-81ba-db0c8b26fb2d/datanode-1/data/ratis/dfa5ddec-ab7a-4414-a630-ad78ee493e03
2023-05-31 22:57:40,838 [697d5b73-3ed9-4d18-b9d9-ca13a08090ac-groupManagement] INFO  server.RaftServerConfigKeys (ConfUtils.java:logGet(46)) - raft.server.log.queue.byte-limit = 4294967296 (custom)
2023-05-31 22:57:40,838 [697d5b73-3ed9-4d18-b9d9-ca13a08090ac-groupManagement] INFO  server.RaftServerConfigKeys (ConfUtils.java:logGet(46)) - raft.server.log.queue.element-limit = 1024 (custom)
2023-05-31 22:57:40,838 [697d5b73-3ed9-4d18-b9d9-ca13a08090ac-groupManagement] INFO  server.RaftServerConfigKeys (ConfUtils.java:logGet(46)) - raft.server.log.segment.size.max = 1048576 (custom)
2023-05-31 22:57:40,838 [697d5b73-3ed9-4d18-b9d9-ca13a08090ac-groupManagement] INFO  server.RaftServerConfigKeys (ConfUtils.java:logGet(46)) - raft.server.log.preallocated.size = 16384 (custom)
2023-05-31 22:57:40,838 [697d5b73-3ed9-4d18-b9d9-ca13a08090ac-groupManagement] INFO  server.RaftServerConfigKeys (ConfUtils.java:logGet(46)) - raft.server.log.force.sync.num = 128 (default)
2023-05-31 22:57:40,839 [697d5b73-3ed9-4d18-b9d9-ca13a08090ac-groupManagement] INFO  server.RaftServerConfigKeys (ConfUtils.java:logGet(46)) - raft.server.log.statemachine.data.sync = true (default)
2023-05-31 22:57:40,839 [697d5b73-3ed9-4d18-b9d9-ca13a08090ac-groupManagement] INFO  server.RaftServerConfigKeys (ConfUtils.java:logGet(46)) - raft.server.log.statemachine.data.sync.timeout = 10s (default)
2023-05-31 22:57:40,839 [697d5b73-3ed9-4d18-b9d9-ca13a08090ac-groupManagement] INFO  server.RaftServerConfigKeys (ConfUtils.java:logGet(46)) - raft.server.log.statemachine.data.sync.timeout.retry = -1 (default)
2023-05-31 22:57:40,840 [697d5b73-3ed9-4d18-b9d9-ca13a08090ac-groupManagement] INFO  server.RaftServerConfigKeys (ConfUtils.java:logGet(46)) - raft.server.log.write.buffer.size = 1048576 (custom)
2023-05-31 22:57:40,841 [697d5b73-3ed9-4d18-b9d9-ca13a08090ac-groupManagement] INFO  server.RaftServerConfigKeys (ConfUtils.java:logGet(46)) - raft.server.log.appender.buffer.byte-limit = 33554432 (custom)
2023-05-31 22:57:40,851 [697d5b73-3ed9-4d18-b9d9-ca13a08090ac-groupManagement] INFO  server.RaftServerConfigKeys (ConfUtils.java:logGet(46)) - raft.server.log.unsafe-flush.enabled = false (default)
2023-05-31 22:57:40,851 [697d5b73-3ed9-4d18-b9d9-ca13a08090ac-groupManagement] INFO  server.RaftServerConfigKeys (ConfUtils.java:logGet(46)) - raft.server.log.async-flush.enabled = false (default)
2023-05-31 22:57:40,851 [697d5b73-3ed9-4d18-b9d9-ca13a08090ac-groupManagement] INFO  server.RaftServerConfigKeys (ConfUtils.java:logGet(46)) - raft.server.log.statemachine.data.caching.enabled = true (custom)
2023-05-31 22:57:40,852 [697d5b73-3ed9-4d18-b9d9-ca13a08090ac-groupManagement] INFO  segmented.SegmentedRaftLogWorker (SegmentedRaftLogWorker.java:lambda$new$0(135)) - 697d5b73-3ed9-4d18-b9d9-ca13a08090ac@group-AD78EE493E03-SegmentedRaftLogWorker: flushIndex: setUnconditionally 0 -> -1
2023-05-31 22:57:40,852 [697d5b73-3ed9-4d18-b9d9-ca13a08090ac-groupManagement] INFO  segmented.SegmentedRaftLogWorker (SegmentedRaftLogWorker.java:lambda$new$0(135)) - 697d5b73-3ed9-4d18-b9d9-ca13a08090ac@group-AD78EE493E03-SegmentedRaftLogWorker: safeCacheEvictIndex: setUnconditionally 0 -> -1
2023-05-31 22:57:40,866 [PipelineCommandHandlerThread-0] INFO  commandhandler.CreatePipelineCommandHandler (CreatePipelineCommandHandler.java:lambda$handle$2(124)) - Created Pipeline RATIS THREE PipelineID=d887046c-f233-4ec2-8fab-25d9c935abd9.
2023-05-31 22:57:40,866 [697d5b73-3ed9-4d18-b9d9-ca13a08090ac-groupManagement] INFO  server.RaftServer$Division (RaftServerImpl.java:start(342)) - 697d5b73-3ed9-4d18-b9d9-ca13a08090ac@group-AD78EE493E03: start as a follower, conf=-1: peers:[cdb52bc9-5e07-4eca-b7fa-f50f992e3122|rpc:10.1.0.15:15032|admin:10.1.0.15:15031|client:10.1.0.15:15030|dataStream:10.1.0.15:15033|priority:1|startupRole:FOLLOWER, 697d5b73-3ed9-4d18-b9d9-ca13a08090ac|rpc:10.1.0.15:15023|admin:10.1.0.15:15022|client:10.1.0.15:15021|dataStream:10.1.0.15:15024|priority:0|startupRole:FOLLOWER, 9a93b867-0c49-44e3-a75c-2e530498b118|rpc:10.1.0.15:15014|admin:10.1.0.15:15013|client:10.1.0.15:15012|dataStream:10.1.0.15:15015|priority:0|startupRole:FOLLOWER]|listeners:[], old=null
2023-05-31 22:57:40,867 [697d5b73-3ed9-4d18-b9d9-ca13a08090ac-groupManagement] INFO  server.RaftServer$Division (RaftServerImpl.java:setRole(329)) - 697d5b73-3ed9-4d18-b9d9-ca13a08090ac@group-AD78EE493E03: changes role from      null to FOLLOWER at term 0 for startAsFollower
2023-05-31 22:57:40,867 [697d5b73-3ed9-4d18-b9d9-ca13a08090ac-groupManagement] INFO  impl.RoleInfo (RoleInfo.java:updateAndGet(139)) - 697d5b73-3ed9-4d18-b9d9-ca13a08090ac: start 697d5b73-3ed9-4d18-b9d9-ca13a08090ac@group-AD78EE493E03-FollowerState
2023-05-31 22:57:40,867 [697d5b73-3ed9-4d18-b9d9-ca13a08090ac-groupManagement] INFO  util.JmxRegister (JmxRegister.java:tryRegister(44)) - Successfully registered JMX Bean with object name Ratis:service=RaftServer,group=group-AD78EE493E03,id=697d5b73-3ed9-4d18-b9d9-ca13a08090ac
2023-05-31 22:57:40,867 [697d5b73-3ed9-4d18-b9d9-ca13a08090ac@group-AD78EE493E03-FollowerState] INFO  server.RaftServerConfigKeys (ConfUtils.java:logFallback(53)) - raft.server.rpc.first-election.timeout.min = 5s (fallback to raft.server.rpc.timeout.min)
2023-05-31 22:57:40,870 [9a93b867-0c49-44e3-a75c-2e530498b118-groupManagement] INFO  server.RaftServer$Division (RaftServerImpl.java:<init>(198)) - 9a93b867-0c49-44e3-a75c-2e530498b118: new RaftServerImpl for group-AD78EE493E03:[cdb52bc9-5e07-4eca-b7fa-f50f992e3122|rpc:10.1.0.15:15032|admin:10.1.0.15:15031|client:10.1.0.15:15030|dataStream:10.1.0.15:15033|priority:1|startupRole:FOLLOWER, 697d5b73-3ed9-4d18-b9d9-ca13a08090ac|rpc:10.1.0.15:15023|admin:10.1.0.15:15022|client:10.1.0.15:15021|dataStream:10.1.0.15:15024|priority:0|startupRole:FOLLOWER, 9a93b867-0c49-44e3-a75c-2e530498b118|rpc:10.1.0.15:15014|admin:10.1.0.15:15013|client:10.1.0.15:15012|dataStream:10.1.0.15:15015|priority:0|startupRole:FOLLOWER] with ContainerStateMachine:uninitialized
2023-05-31 22:57:40,870 [9a93b867-0c49-44e3-a75c-2e530498b118-groupManagement] INFO  server.RaftServerConfigKeys (ConfUtils.java:logGet(46)) - raft.server.rpc.timeout.min = 5s (custom)
2023-05-31 22:57:40,870 [9a93b867-0c49-44e3-a75c-2e530498b118-groupManagement] INFO  server.RaftServerConfigKeys (ConfUtils.java:logGet(46)) - raft.server.rpc.timeout.max = 5200ms (custom)
2023-05-31 22:57:40,870 [9a93b867-0c49-44e3-a75c-2e530498b118-groupManagement] INFO  server.RaftServerConfigKeys (ConfUtils.java:logGet(46)) - raft.server.rpc.sleep.time = 25ms (default)
2023-05-31 22:57:40,870 [9a93b867-0c49-44e3-a75c-2e530498b118-groupManagement] INFO  server.RaftServerConfigKeys (ConfUtils.java:logGet(46)) - raft.server.rpc.slowness.timeout = 300s (custom)
2023-05-31 22:57:40,870 [9a93b867-0c49-44e3-a75c-2e530498b118-groupManagement] INFO  server.RaftServerConfigKeys (ConfUtils.java:logGet(46)) - raft.server.leaderelection.leader.step-down.wait-time = 10s (default)
2023-05-31 22:57:40,870 [9a93b867-0c49-44e3-a75c-2e530498b118-groupManagement] INFO  server.RaftServerConfigKeys (ConfUtils.java:logGet(46)) - raft.server.sleep.deviation.threshold = 300ms (default)
2023-05-31 22:57:40,870 [9a93b867-0c49-44e3-a75c-2e530498b118-groupManagement] INFO  server.RaftServer$Division (ServerState.java:<init>(120)) - 9a93b867-0c49-44e3-a75c-2e530498b118@group-AD78EE493E03: ConfigurationManager, init=-1: peers:[cdb52bc9-5e07-4eca-b7fa-f50f992e3122|rpc:10.1.0.15:15032|admin:10.1.0.15:15031|client:10.1.0.15:15030|dataStream:10.1.0.15:15033|priority:1|startupRole:FOLLOWER, 697d5b73-3ed9-4d18-b9d9-ca13a08090ac|rpc:10.1.0.15:15023|admin:10.1.0.15:15022|client:10.1.0.15:15021|dataStream:10.1.0.15:15024|priority:0|startupRole:FOLLOWER, 9a93b867-0c49-44e3-a75c-2e530498b118|rpc:10.1.0.15:15014|admin:10.1.0.15:15013|client:10.1.0.15:15012|dataStream:10.1.0.15:15015|priority:0|startupRole:FOLLOWER]|listeners:[], old=null, confs=<EMPTY_MAP>
2023-05-31 22:57:40,870 [9a93b867-0c49-44e3-a75c-2e530498b118-groupManagement] INFO  server.RaftServerConfigKeys (ConfUtils.java:logGet(46)) - raft.server.storage.dir = [/home/runner/work/ozone/ozone/hadoop-ozone/integration-test/target/test-dir/MiniOzoneClusterImpl-816a41a7-5c89-4e8c-81ba-db0c8b26fb2d/datanode-0/data/ratis] (custom)
2023-05-31 22:57:40,867 [PipelineCommandHandlerThread-0] INFO  server.RaftServer (RaftServerProxy.java:addNew(98)) - 9a93b867-0c49-44e3-a75c-2e530498b118: addNew group-AD78EE493E03:[cdb52bc9-5e07-4eca-b7fa-f50f992e3122|rpc:10.1.0.15:15032|admin:10.1.0.15:15031|client:10.1.0.15:15030|dataStream:10.1.0.15:15033|priority:1|startupRole:FOLLOWER, 697d5b73-3ed9-4d18-b9d9-ca13a08090ac|rpc:10.1.0.15:15023|admin:10.1.0.15:15022|client:10.1.0.15:15021|dataStream:10.1.0.15:15024|priority:0|startupRole:FOLLOWER, 9a93b867-0c49-44e3-a75c-2e530498b118|rpc:10.1.0.15:15014|admin:10.1.0.15:15013|client:10.1.0.15:15012|dataStream:10.1.0.15:15015|priority:0|startupRole:FOLLOWER] returns group-AD78EE493E03:java.util.concurrent.CompletableFuture@50fb4a58[Not completed]
2023-05-31 22:57:40,874 [697d5b73-3ed9-4d18-b9d9-ca13a08090ac@group-AD78EE493E03-FollowerState] INFO  server.RaftServerConfigKeys (ConfUtils.java:logFallback(53)) - raft.server.rpc.first-election.timeout.max = 5200ms (fallback to raft.server.rpc.timeout.max)
2023-05-31 22:57:40,867 [697d5b73-3ed9-4d18-b9d9-ca13a08090ac-groupManagement] INFO  server.RaftServerConfigKeys (ConfUtils.java:logGet(46)) - raft.server.snapshot.auto.trigger.enabled = true (custom)
2023-05-31 22:57:40,882 [697d5b73-3ed9-4d18-b9d9-ca13a08090ac-groupManagement] INFO  server.RaftServerConfigKeys (ConfUtils.java:logGet(46)) - raft.server.snapshot.auto.trigger.threshold = 10000 (custom)
2023-05-31 22:57:40,883 [697d5b73-3ed9-4d18-b9d9-ca13a08090ac-groupManagement] INFO  server.RaftServerConfigKeys (ConfUtils.java:logGet(46)) - raft.server.snapshot.retention.file.num = 5 (custom)
2023-05-31 22:57:40,883 [697d5b73-3ed9-4d18-b9d9-ca13a08090ac-groupManagement] INFO  server.RaftServerConfigKeys (ConfUtils.java:logGet(46)) - raft.server.log.purge.upto.snapshot.index = false (default)
2023-05-31 22:57:40,878 [9a93b867-0c49-44e3-a75c-2e530498b118-groupManagement] INFO  server.RaftServerConfigKeys (ConfUtils.java:logGet(46)) - raft.server.log.corruption.policy = EXCEPTION (default)
2023-05-31 22:57:40,884 [9a93b867-0c49-44e3-a75c-2e530498b118-groupManagement] INFO  server.RaftServerConfigKeys (ConfUtils.java:logGet(46)) - raft.server.storage.free-space.min = 0MB (=0) (default)
2023-05-31 22:57:40,885 [9a93b867-0c49-44e3-a75c-2e530498b118-groupManagement] INFO  server.RaftServerConfigKeys (ConfUtils.java:logGet(46)) - raft.server.notification.no-leader.timeout = 300s (custom)
2023-05-31 22:57:40,885 [9a93b867-0c49-44e3-a75c-2e530498b118-groupManagement] INFO  server.RaftServerConfigKeys (ConfUtils.java:logGet(46)) - raft.server.read.timeout = 10s (default)
2023-05-31 22:57:40,885 [9a93b867-0c49-44e3-a75c-2e530498b118-groupManagement] INFO  server.RaftServerConfigKeys (ConfUtils.java:logGet(46)) - raft.server.retrycache.expirytime = 600000ms (custom)
2023-05-31 22:57:40,885 [9a93b867-0c49-44e3-a75c-2e530498b118-groupManagement] INFO  server.RaftServerConfigKeys (ConfUtils.java:logGet(46)) - raft.server.retrycache.statistics.expirytime = 100μs (default)
2023-05-31 22:57:40,885 [9a93b867-0c49-44e3-a75c-2e530498b118-groupManagement] INFO  server.RaftServerConfigKeys (ConfUtils.java:logGet(46)) - raft.server.read.option = DEFAULT (default)
2023-05-31 22:57:40,887 [9a93b867-0c49-44e3-a75c-2e530498b118-groupManagement] INFO  server.RaftServerConfigKeys (ConfUtils.java:logGet(46)) - raft.server.rpc.request.timeout = 60s (custom)
2023-05-31 22:57:40,887 [9a93b867-0c49-44e3-a75c-2e530498b118-groupManagement] INFO  server.RaftServerConfigKeys (ConfUtils.java:logGet(46)) - raft.server.log.appender.install.snapshot.enabled = false (custom)
2023-05-31 22:57:40,887 [9a93b867-0c49-44e3-a75c-2e530498b118-groupManagement] INFO  server.RaftServerConfigKeys (ConfUtils.java:logGet(46)) - raft.server.threadpool.server.cached = true (default)
2023-05-31 22:57:40,887 [9a93b867-0c49-44e3-a75c-2e530498b118-groupManagement] INFO  server.RaftServerConfigKeys (ConfUtils.java:logGet(46)) - raft.server.threadpool.server.size = 0 (default)
2023-05-31 22:57:40,888 [9a93b867-0c49-44e3-a75c-2e530498b118-groupManagement] INFO  server.RaftServerConfigKeys (ConfUtils.java:logGet(46)) - raft.server.threadpool.client.cached = true (default)
2023-05-31 22:57:40,888 [9a93b867-0c49-44e3-a75c-2e530498b118-groupManagement] INFO  server.RaftServerConfigKeys (ConfUtils.java:logGet(46)) - raft.server.threadpool.client.size = 0 (default)
2023-05-31 22:57:40,888 [9a93b867-0c49-44e3-a75c-2e530498b118-groupManagement] INFO  storage.RaftStorageDirectory (RaftStorageDirectoryImpl.java:analyzeStorage(137)) - The storage directory /home/runner/work/ozone/ozone/hadoop-ozone/integration-test/target/test-dir/MiniOzoneClusterImpl-816a41a7-5c89-4e8c-81ba-db0c8b26fb2d/datanode-0/data/ratis/dfa5ddec-ab7a-4414-a630-ad78ee493e03 does not exist. Creating ...
2023-05-31 22:57:40,889 [PipelineCommandHandlerThread-0] INFO  ratis.XceiverServerRatis (XceiverServerRatis.java:addGroup(804)) - Created group PipelineID=dfa5ddec-ab7a-4414-a630-ad78ee493e03
2023-05-31 22:57:40,900 [9a93b867-0c49-44e3-a75c-2e530498b118-groupManagement] INFO  storage.RaftStorageDirectory (RaftStorageDirectoryImpl.java:tryLock(231)) - Lock on /home/runner/work/ozone/ozone/hadoop-ozone/integration-test/target/test-dir/MiniOzoneClusterImpl-816a41a7-5c89-4e8c-81ba-db0c8b26fb2d/datanode-0/data/ratis/dfa5ddec-ab7a-4414-a630-ad78ee493e03/in_use.lock acquired by nodename 15007@fv-az844-56
2023-05-31 22:57:40,902 [9a93b867-0c49-44e3-a75c-2e530498b118-groupManagement] INFO  storage.RaftStorage (RaftStorageImpl.java:format(96)) - Storage directory /home/runner/work/ozone/ozone/hadoop-ozone/integration-test/target/test-dir/MiniOzoneClusterImpl-816a41a7-5c89-4e8c-81ba-db0c8b26fb2d/datanode-0/data/ratis/dfa5ddec-ab7a-4414-a630-ad78ee493e03 has been successfully formatted.
2023-05-31 22:57:40,902 [9a93b867-0c49-44e3-a75c-2e530498b118-groupManagement] INFO  ratis.ContainerStateMachine (ContainerStateMachine.java:loadSnapshot(262)) - group-AD78EE493E03: The snapshot info is null. Setting the last applied indexto:(t:0, i:~)
2023-05-31 22:57:40,903 [9a93b867-0c49-44e3-a75c-2e530498b118-groupManagement] INFO  server.RaftServerConfigKeys (ConfUtils.java:logGet(46)) - raft.server.log.use.memory = false (default)
2023-05-31 22:57:40,903 [9a93b867-0c49-44e3-a75c-2e530498b118-groupManagement] INFO  server.RaftServerConfigKeys (ConfUtils.java:logGet(46)) - raft.server.log.purge.gap = 1000000 (custom)
2023-05-31 22:57:40,903 [9a93b867-0c49-44e3-a75c-2e530498b118-groupManagement] INFO  server.RaftServerConfigKeys (ConfUtils.java:logGet(46)) - raft.server.log.appender.buffer.byte-limit = 33554432 (custom)
2023-05-31 22:57:40,903 [9a93b867-0c49-44e3-a75c-2e530498b118-groupManagement] INFO  server.RaftServerConfigKeys (ConfUtils.java:logGet(46)) - raft.server.log.statemachine.data.read.timeout = 1000ms (default)
2023-05-31 22:57:40,903 [9a93b867-0c49-44e3-a75c-2e530498b118-groupManagement] INFO  server.RaftServerConfigKeys (ConfUtils.java:logGet(46)) - raft.server.log.purge.preservation.log.num = 0 (default)
2023-05-31 22:57:40,903 [9a93b867-0c49-44e3-a75c-2e530498b118-groupManagement] INFO  server.RaftServerConfigKeys (ConfUtils.java:logGet(46)) - raft.server.log.segment.size.max = 1048576 (custom)
2023-05-31 22:57:40,904 [9a93b867-0c49-44e3-a75c-2e530498b118-groupManagement] INFO  server.RaftServerConfigKeys (ConfUtils.java:logGet(46)) - raft.server.log.segment.cache.num.max = 2 (custom)
2023-05-31 22:57:40,904 [9a93b867-0c49-44e3-a75c-2e530498b118-groupManagement] INFO  server.RaftServerConfigKeys (ConfUtils.java:logGet(46)) - raft.server.log.segment.cache.size.max = 200MB (=209715200) (default)
2023-05-31 22:57:40,904 [9a93b867-0c49-44e3-a75c-2e530498b118-groupManagement] INFO  server.RaftServerConfigKeys (ConfUtils.java:logGet(46)) - raft.server.log.appender.buffer.byte-limit = 33554432 (custom)
2023-05-31 22:57:40,904 [9a93b867-0c49-44e3-a75c-2e530498b118-groupManagement] INFO  segmented.SegmentedRaftLogWorker (SegmentedRaftLogWorker.java:<init>(188)) - new 9a93b867-0c49-44e3-a75c-2e530498b118@group-AD78EE493E03-SegmentedRaftLogWorker for RaftStorageImpl:Storage Directory /home/runner/work/ozone/ozone/hadoop-ozone/integration-test/target/test-dir/MiniOzoneClusterImpl-816a41a7-5c89-4e8c-81ba-db0c8b26fb2d/datanode-0/data/ratis/dfa5ddec-ab7a-4414-a630-ad78ee493e03
2023-05-31 22:57:40,904 [9a93b867-0c49-44e3-a75c-2e530498b118-groupManagement] INFO  server.RaftServerConfigKeys (ConfUtils.java:logGet(46)) - raft.server.log.queue.byte-limit = 4294967296 (custom)
2023-05-31 22:57:40,904 [9a93b867-0c49-44e3-a75c-2e530498b118-groupManagement] INFO  server.RaftServerConfigKeys (ConfUtils.java:logGet(46)) - raft.server.log.queue.element-limit = 1024 (custom)
2023-05-31 22:57:40,904 [9a93b867-0c49-44e3-a75c-2e530498b118-groupManagement] INFO  server.RaftServerConfigKeys (ConfUtils.java:logGet(46)) - raft.server.log.segment.size.max = 1048576 (custom)
2023-05-31 22:57:40,904 [9a93b867-0c49-44e3-a75c-2e530498b118-groupManagement] INFO  server.RaftServerConfigKeys (ConfUtils.java:logGet(46)) - raft.server.log.preallocated.size = 16384 (custom)
2023-05-31 22:57:40,905 [9a93b867-0c49-44e3-a75c-2e530498b118-groupManagement] INFO  server.RaftServerConfigKeys (ConfUtils.java:logGet(46)) - raft.server.log.force.sync.num = 128 (default)
2023-05-31 22:57:40,905 [9a93b867-0c49-44e3-a75c-2e530498b118-groupManagement] INFO  server.RaftServerConfigKeys (ConfUtils.java:logGet(46)) - raft.server.log.statemachine.data.sync = true (default)
2023-05-31 22:57:40,905 [9a93b867-0c49-44e3-a75c-2e530498b118-groupManagement] INFO  server.RaftServerConfigKeys (ConfUtils.java:logGet(46)) - raft.server.log.statemachine.data.sync.timeout = 10s (default)
2023-05-31 22:57:40,905 [9a93b867-0c49-44e3-a75c-2e530498b118-groupManagement] INFO  server.RaftServerConfigKeys (ConfUtils.java:logGet(46)) - raft.server.log.statemachine.data.sync.timeout.retry = -1 (default)
2023-05-31 22:57:40,910 [9a93b867-0c49-44e3-a75c-2e530498b118-groupManagement] INFO  server.RaftServerConfigKeys (ConfUtils.java:logGet(46)) - raft.server.log.write.buffer.size = 1048576 (custom)
2023-05-31 22:57:40,911 [9a93b867-0c49-44e3-a75c-2e530498b118-groupManagement] INFO  server.RaftServerConfigKeys (ConfUtils.java:logGet(46)) - raft.server.log.appender.buffer.byte-limit = 33554432 (custom)
2023-05-31 22:57:40,912 [EventQueue-OpenPipelineForHealthyPipelineSafeModeRule] INFO  safemode.SCMSafeModeManager (HealthyPipelineSafeModeRule.java:process(137)) - SCM in safe mode. Healthy pipelines reported count is 0, required healthy pipeline reported count is 1
2023-05-31 22:57:40,923 [9a93b867-0c49-44e3-a75c-2e530498b118-groupManagement] INFO  server.RaftServerConfigKeys (ConfUtils.java:logGet(46)) - raft.server.log.unsafe-flush.enabled = false (default)
2023-05-31 22:57:40,924 [9a93b867-0c49-44e3-a75c-2e530498b118-groupManagement] INFO  server.RaftServerConfigKeys (ConfUtils.java:logGet(46)) - raft.server.log.async-flush.enabled = false (default)
2023-05-31 22:57:40,924 [9a93b867-0c49-44e3-a75c-2e530498b118-groupManagement] INFO  server.RaftServerConfigKeys (ConfUtils.java:logGet(46)) - raft.server.log.statemachine.data.caching.enabled = true (custom)
2023-05-31 22:57:40,924 [9a93b867-0c49-44e3-a75c-2e530498b118-groupManagement] INFO  segmented.SegmentedRaftLogWorker (SegmentedRaftLogWorker.java:lambda$new$0(135)) - 9a93b867-0c49-44e3-a75c-2e530498b118@group-AD78EE493E03-SegmentedRaftLogWorker: flushIndex: setUnconditionally 0 -> -1
2023-05-31 22:57:40,924 [9a93b867-0c49-44e3-a75c-2e530498b118-groupManagement] INFO  segmented.SegmentedRaftLogWorker (SegmentedRaftLogWorker.java:lambda$new$0(135)) - 9a93b867-0c49-44e3-a75c-2e530498b118@group-AD78EE493E03-SegmentedRaftLogWorker: safeCacheEvictIndex: setUnconditionally 0 -> -1
2023-05-31 22:57:40,924 [9a93b867-0c49-44e3-a75c-2e530498b118-groupManagement] INFO  server.RaftServer$Division (RaftServerImpl.java:start(342)) - 9a93b867-0c49-44e3-a75c-2e530498b118@group-AD78EE493E03: start as a follower, conf=-1: peers:[cdb52bc9-5e07-4eca-b7fa-f50f992e3122|rpc:10.1.0.15:15032|admin:10.1.0.15:15031|client:10.1.0.15:15030|dataStream:10.1.0.15:15033|priority:1|startupRole:FOLLOWER, 697d5b73-3ed9-4d18-b9d9-ca13a08090ac|rpc:10.1.0.15:15023|admin:10.1.0.15:15022|client:10.1.0.15:15021|dataStream:10.1.0.15:15024|priority:0|startupRole:FOLLOWER, 9a93b867-0c49-44e3-a75c-2e530498b118|rpc:10.1.0.15:15014|admin:10.1.0.15:15013|client:10.1.0.15:15012|dataStream:10.1.0.15:15015|priority:0|startupRole:FOLLOWER]|listeners:[], old=null
2023-05-31 22:57:40,924 [9a93b867-0c49-44e3-a75c-2e530498b118-groupManagement] INFO  server.RaftServer$Division (RaftServerImpl.java:setRole(329)) - 9a93b867-0c49-44e3-a75c-2e530498b118@group-AD78EE493E03: changes role from      null to FOLLOWER at term 0 for startAsFollower
2023-05-31 22:57:40,925 [9a93b867-0c49-44e3-a75c-2e530498b118-groupManagement] INFO  impl.RoleInfo (RoleInfo.java:updateAndGet(139)) - 9a93b867-0c49-44e3-a75c-2e530498b118: start 9a93b867-0c49-44e3-a75c-2e530498b118@group-AD78EE493E03-FollowerState
2023-05-31 22:57:40,927 [9a93b867-0c49-44e3-a75c-2e530498b118-groupManagement] INFO  util.JmxRegister (JmxRegister.java:tryRegister(44)) - Successfully registered JMX Bean with object name Ratis:service=RaftServer,group=group-AD78EE493E03,id=9a93b867-0c49-44e3-a75c-2e530498b118
2023-05-31 22:57:40,927 [9a93b867-0c49-44e3-a75c-2e530498b118-groupManagement] INFO  server.RaftServerConfigKeys (ConfUtils.java:logGet(46)) - raft.server.snapshot.auto.trigger.enabled = true (custom)
2023-05-31 22:57:40,927 [9a93b867-0c49-44e3-a75c-2e530498b118-groupManagement] INFO  server.RaftServerConfigKeys (ConfUtils.java:logGet(46)) - raft.server.snapshot.auto.trigger.threshold = 10000 (custom)
2023-05-31 22:57:40,927 [9a93b867-0c49-44e3-a75c-2e530498b118-groupManagement] INFO  server.RaftServerConfigKeys (ConfUtils.java:logGet(46)) - raft.server.snapshot.retention.file.num = 5 (custom)
2023-05-31 22:57:40,928 [9a93b867-0c49-44e3-a75c-2e530498b118-groupManagement] INFO  server.RaftServerConfigKeys (ConfUtils.java:logGet(46)) - raft.server.log.purge.upto.snapshot.index = false (default)
2023-05-31 22:57:40,934 [9a93b867-0c49-44e3-a75c-2e530498b118@group-AD78EE493E03-FollowerState] INFO  server.RaftServerConfigKeys (ConfUtils.java:logFallback(53)) - raft.server.rpc.first-election.timeout.min = 5s (fallback to raft.server.rpc.timeout.min)
2023-05-31 22:57:40,934 [9a93b867-0c49-44e3-a75c-2e530498b118@group-AD78EE493E03-FollowerState] INFO  server.RaftServerConfigKeys (ConfUtils.java:logFallback(53)) - raft.server.rpc.first-election.timeout.max = 5200ms (fallback to raft.server.rpc.timeout.max)
2023-05-31 22:57:40,942 [PipelineCommandHandlerThread-0] INFO  ratis.XceiverServerRatis (XceiverServerRatis.java:addGroup(804)) - Created group PipelineID=dfa5ddec-ab7a-4414-a630-ad78ee493e03
2023-05-31 22:57:41,301 [JvmPauseMonitor4] WARN  util.JvmPauseMonitor (JvmPauseMonitor.java:detectPause(124)) - JvmPauseMonitor-41c98476-2059-4142-8ca0-ae93b0d149f4: Detected pause in JVM or host machine approximately 0.155s with 0.308s GC time.
GC pool 'PS MarkSweep' had collection(s): count=1 time=308ms
2023-05-31 22:57:41,302 [PipelineCommandHandlerThread-0] INFO  commandhandler.CreatePipelineCommandHandler (CreatePipelineCommandHandler.java:lambda$handle$2(124)) - Created Pipeline RATIS THREE PipelineID=dfa5ddec-ab7a-4414-a630-ad78ee493e03.
2023-05-31 22:57:41,304 [JvmPauseMonitor5] WARN  util.JvmPauseMonitor (JvmPauseMonitor.java:detectPause(124)) - JvmPauseMonitor-9d40cccf-8c3a-4da2-ab03-ca5c7975d909: Detected pause in JVM or host machine approximately 0.262s with 0.308s GC time.
GC pool 'PS MarkSweep' had collection(s): count=1 time=308ms
2023-05-31 22:57:41,304 [JvmPauseMonitor8] WARN  util.JvmPauseMonitor (JvmPauseMonitor.java:detectPause(124)) - JvmPauseMonitor-d17261cb-7782-4d5f-ae0d-593ca4af9c73: Detected pause in JVM or host machine approximately 0.260s with 0.308s GC time.
GC pool 'PS MarkSweep' had collection(s): count=1 time=308ms
2023-05-31 22:57:41,304 [JvmPauseMonitor6] WARN  util.JvmPauseMonitor (JvmPauseMonitor.java:detectPause(124)) - JvmPauseMonitor-83cc0f91-5896-42fb-be30-113915710489: Detected pause in JVM or host machine approximately 0.271s with 0.308s GC time.
GC pool 'PS MarkSweep' had collection(s): count=1 time=308ms
2023-05-31 22:57:41,304 [JvmPauseMonitor7] WARN  util.JvmPauseMonitor (JvmPauseMonitor.java:detectPause(124)) - JvmPauseMonitor-667d9742-fdde-4102-a217-b966604d27c1: Detected pause in JVM or host machine approximately 0.280s with 0.308s GC time.
GC pool 'PS MarkSweep' had collection(s): count=1 time=308ms
2023-05-31 22:57:41,306 [JvmPauseMonitor1] WARN  util.JvmPauseMonitor (JvmPauseMonitor.java:detectPause(124)) - JvmPauseMonitor-9a93b867-0c49-44e3-a75c-2e530498b118: Detected pause in JVM or host machine approximately 0.298s with 0.308s GC time.
GC pool 'PS MarkSweep' had collection(s): count=1 time=308ms
2023-05-31 22:57:41,306 [JvmPauseMonitor13] WARN  util.JvmPauseMonitor (JvmPauseMonitor.java:detectPause(124)) - JvmPauseMonitor-2fca467b-8261-48a6-b0b4-c0ececcd3716: Detected pause in JVM or host machine approximately 0.307s with 0.308s GC time.
GC pool 'PS MarkSweep' had collection(s): count=1 time=308ms
2023-05-31 22:57:41,306 [JvmPauseMonitor12] WARN  util.JvmPauseMonitor (JvmPauseMonitor.java:detectPause(124)) - JvmPauseMonitor-244a53c4-9cb3-439d-93c3-5e05515fc991: Detected pause in JVM or host machine approximately 0.307s with 0.308s GC time.
GC pool 'PS MarkSweep' had collection(s): count=1 time=308ms
2023-05-31 22:57:41,306 [main] INFO  ozone.MiniOzoneClusterImpl (MiniOzoneClusterImpl.java:lambda$waitForClusterToBeReady$0(222)) - Waiting for nodes to be ready. Got 10 of 14 DN Heartbeats.
2023-05-31 22:57:41,306 [main] INFO  ozone.MiniOzoneClusterImpl (MiniOzoneClusterImpl.java:lambda$waitForClusterToBeReady$0(225)) - Waiting for cluster to exit safe mode
2023-05-31 22:57:41,306 [main] INFO  ozone.MiniOzoneClusterImpl (MiniOzoneClusterImpl.java:lambda$waitForClusterToBeReady$0(227)) - SCM became leader
2023-05-31 22:57:41,311 [PipelineCommandHandlerThread-0] INFO  server.RaftServer (RaftServerProxy.java:addNew(98)) - 41c98476-2059-4142-8ca0-ae93b0d149f4: addNew group-11A0789C576F:[41c98476-2059-4142-8ca0-ae93b0d149f4|rpc:10.1.0.15:15041|admin:10.1.0.15:15040|client:10.1.0.15:15039|dataStream:10.1.0.15:15042|priority:1|startupRole:FOLLOWER] returns group-11A0789C576F:java.util.concurrent.CompletableFuture@afcf9b[Not completed]
2023-05-31 22:57:41,343 [41c98476-2059-4142-8ca0-ae93b0d149f4-groupManagement] INFO  server.RaftServer$Division (RaftServerImpl.java:<init>(198)) - 41c98476-2059-4142-8ca0-ae93b0d149f4: new RaftServerImpl for group-11A0789C576F:[41c98476-2059-4142-8ca0-ae93b0d149f4|rpc:10.1.0.15:15041|admin:10.1.0.15:15040|client:10.1.0.15:15039|dataStream:10.1.0.15:15042|priority:1|startupRole:FOLLOWER] with ContainerStateMachine:uninitialized
2023-05-31 22:57:41,344 [41c98476-2059-4142-8ca0-ae93b0d149f4-groupManagement] INFO  server.RaftServerConfigKeys (ConfUtils.java:logGet(46)) - raft.server.rpc.timeout.min = 5s (custom)
2023-05-31 22:57:41,344 [41c98476-2059-4142-8ca0-ae93b0d149f4-groupManagement] INFO  server.RaftServerConfigKeys (ConfUtils.java:logGet(46)) - raft.server.rpc.timeout.max = 5200ms (custom)
2023-05-31 22:57:41,344 [41c98476-2059-4142-8ca0-ae93b0d149f4-groupManagement] INFO  server.RaftServerConfigKeys (ConfUtils.java:logGet(46)) - raft.server.rpc.sleep.time = 25ms (default)
2023-05-31 22:57:41,344 [41c98476-2059-4142-8ca0-ae93b0d149f4-groupManagement] INFO  server.RaftServerConfigKeys (ConfUtils.java:logGet(46)) - raft.server.rpc.slowness.timeout = 300s (custom)
2023-05-31 22:57:41,344 [41c98476-2059-4142-8ca0-ae93b0d149f4-groupManagement] INFO  server.RaftServerConfigKeys (ConfUtils.java:logGet(46)) - raft.server.leaderelection.leader.step-down.wait-time = 10s (default)
2023-05-31 22:57:41,344 [41c98476-2059-4142-8ca0-ae93b0d149f4-groupManagement] INFO  server.RaftServerConfigKeys (ConfUtils.java:logGet(46)) - raft.server.sleep.deviation.threshold = 300ms (default)
2023-05-31 22:57:41,344 [41c98476-2059-4142-8ca0-ae93b0d149f4-groupManagement] INFO  server.RaftServer$Division (ServerState.java:<init>(120)) - 41c98476-2059-4142-8ca0-ae93b0d149f4@group-11A0789C576F: ConfigurationManager, init=-1: peers:[41c98476-2059-4142-8ca0-ae93b0d149f4|rpc:10.1.0.15:15041|admin:10.1.0.15:15040|client:10.1.0.15:15039|dataStream:10.1.0.15:15042|priority:1|startupRole:FOLLOWER]|listeners:[], old=null, confs=<EMPTY_MAP>
2023-05-31 22:57:41,345 [41c98476-2059-4142-8ca0-ae93b0d149f4-groupManagement] INFO  server.RaftServerConfigKeys (ConfUtils.java:logGet(46)) - raft.server.storage.dir = [/home/runner/work/ozone/ozone/hadoop-ozone/integration-test/target/test-dir/MiniOzoneClusterImpl-816a41a7-5c89-4e8c-81ba-db0c8b26fb2d/datanode-3/data/ratis] (custom)
2023-05-31 22:57:41,345 [41c98476-2059-4142-8ca0-ae93b0d149f4-groupManagement] INFO  server.RaftServerConfigKeys (ConfUtils.java:logGet(46)) - raft.server.log.corruption.policy = EXCEPTION (default)
2023-05-31 22:57:41,345 [41c98476-2059-4142-8ca0-ae93b0d149f4-groupManagement] INFO  server.RaftServerConfigKeys (ConfUtils.java:logGet(46)) - raft.server.storage.free-space.min = 0MB (=0) (default)
2023-05-31 22:57:41,345 [41c98476-2059-4142-8ca0-ae93b0d149f4-groupManagement] INFO  server.RaftServerConfigKeys (ConfUtils.java:logGet(46)) - raft.server.notification.no-leader.timeout = 300s (custom)
2023-05-31 22:57:41,345 [41c98476-2059-4142-8ca0-ae93b0d149f4-groupManagement] INFO  server.RaftServerConfigKeys (ConfUtils.java:logGet(46)) - raft.server.read.timeout = 10s (default)
2023-05-31 22:57:41,345 [41c98476-2059-4142-8ca0-ae93b0d149f4-groupManagement] INFO  server.RaftServerConfigKeys (ConfUtils.java:logGet(46)) - raft.server.retrycache.expirytime = 600000ms (custom)
2023-05-31 22:57:41,345 [41c98476-2059-4142-8ca0-ae93b0d149f4-groupManagement] INFO  server.RaftServerConfigKeys (ConfUtils.java:logGet(46)) - raft.server.retrycache.statistics.expirytime = 100μs (default)
2023-05-31 22:57:41,345 [41c98476-2059-4142-8ca0-ae93b0d149f4-groupManagement] INFO  server.RaftServerConfigKeys (ConfUtils.java:logGet(46)) - raft.server.read.option = DEFAULT (default)
2023-05-31 22:57:41,348 [41c98476-2059-4142-8ca0-ae93b0d149f4-groupManagement] INFO  server.RaftServerConfigKeys (ConfUtils.java:logGet(46)) - raft.server.rpc.request.timeout = 60s (custom)
2023-05-31 22:57:41,348 [41c98476-2059-4142-8ca0-ae93b0d149f4-groupManagement] INFO  server.RaftServerConfigKeys (ConfUtils.java:logGet(46)) - raft.server.log.appender.install.snapshot.enabled = false (custom)
2023-05-31 22:57:41,348 [41c98476-2059-4142-8ca0-ae93b0d149f4-groupManagement] INFO  server.RaftServerConfigKeys (ConfUtils.java:logGet(46)) - raft.server.threadpool.server.cached = true (default)
2023-05-31 22:57:41,348 [41c98476-2059-4142-8ca0-ae93b0d149f4-groupManagement] INFO  server.RaftServerConfigKeys (ConfUtils.java:logGet(46)) - raft.server.threadpool.server.size = 0 (default)
2023-05-31 22:57:41,348 [41c98476-2059-4142-8ca0-ae93b0d149f4-groupManagement] INFO  server.RaftServerConfigKeys (ConfUtils.java:logGet(46)) - raft.server.threadpool.client.cached = true (default)
2023-05-31 22:57:41,348 [41c98476-2059-4142-8ca0-ae93b0d149f4-groupManagement] INFO  server.RaftServerConfigKeys (ConfUtils.java:logGet(46)) - raft.server.threadpool.client.size = 0 (default)
2023-05-31 22:57:41,349 [41c98476-2059-4142-8ca0-ae93b0d149f4-groupManagement] INFO  storage.RaftStorageDirectory (RaftStorageDirectoryImpl.java:analyzeStorage(137)) - The storage directory /home/runner/work/ozone/ozone/hadoop-ozone/integration-test/target/test-dir/MiniOzoneClusterImpl-816a41a7-5c89-4e8c-81ba-db0c8b26fb2d/datanode-3/data/ratis/c4572709-fcfc-4ee9-bc84-11a0789c576f does not exist. Creating ...
2023-05-31 22:57:41,350 [41c98476-2059-4142-8ca0-ae93b0d149f4-groupManagement] INFO  storage.RaftStorageDirectory (RaftStorageDirectoryImpl.java:tryLock(231)) - Lock on /home/runner/work/ozone/ozone/hadoop-ozone/integration-test/target/test-dir/MiniOzoneClusterImpl-816a41a7-5c89-4e8c-81ba-db0c8b26fb2d/datanode-3/data/ratis/c4572709-fcfc-4ee9-bc84-11a0789c576f/in_use.lock acquired by nodename 15007@fv-az844-56
2023-05-31 22:57:41,351 [41c98476-2059-4142-8ca0-ae93b0d149f4-groupManagement] INFO  storage.RaftStorage (RaftStorageImpl.java:format(96)) - Storage directory /home/runner/work/ozone/ozone/hadoop-ozone/integration-test/target/test-dir/MiniOzoneClusterImpl-816a41a7-5c89-4e8c-81ba-db0c8b26fb2d/datanode-3/data/ratis/c4572709-fcfc-4ee9-bc84-11a0789c576f has been successfully formatted.
2023-05-31 22:57:41,363 [41c98476-2059-4142-8ca0-ae93b0d149f4-groupManagement] INFO  ratis.ContainerStateMachine (ContainerStateMachine.java:loadSnapshot(262)) - group-11A0789C576F: The snapshot info is null. Setting the last applied indexto:(t:0, i:~)
2023-05-31 22:57:41,363 [41c98476-2059-4142-8ca0-ae93b0d149f4-groupManagement] INFO  server.RaftServerConfigKeys (ConfUtils.java:logGet(46)) - raft.server.log.use.memory = false (default)
2023-05-31 22:57:41,363 [41c98476-2059-4142-8ca0-ae93b0d149f4-groupManagement] INFO  server.RaftServerConfigKeys (ConfUtils.java:logGet(46)) - raft.server.log.purge.gap = 1000000 (custom)
2023-05-31 22:57:41,363 [41c98476-2059-4142-8ca0-ae93b0d149f4-groupManagement] INFO  server.RaftServerConfigKeys (ConfUtils.java:logGet(46)) - raft.server.log.appender.buffer.byte-limit = 33554432 (custom)
2023-05-31 22:57:41,364 [41c98476-2059-4142-8ca0-ae93b0d149f4-groupManagement] INFO  server.RaftServerConfigKeys (ConfUtils.java:logGet(46)) - raft.server.log.statemachine.data.read.timeout = 1000ms (default)
2023-05-31 22:57:41,364 [41c98476-2059-4142-8ca0-ae93b0d149f4-groupManagement] INFO  server.RaftServerConfigKeys (ConfUtils.java:logGet(46)) - raft.server.log.purge.preservation.log.num = 0 (default)
2023-05-31 22:57:41,366 [41c98476-2059-4142-8ca0-ae93b0d149f4-groupManagement] INFO  server.RaftServerConfigKeys (ConfUtils.java:logGet(46)) - raft.server.log.segment.size.max = 1048576 (custom)
2023-05-31 22:57:41,367 [EventQueue-PipelineReportForPipelineReportHandler] INFO  pipeline.PipelineManagerImpl (PipelineManagerImpl.java:openPipeline(367)) - Pipeline Pipeline[ Id: c4572709-fcfc-4ee9-bc84-11a0789c576f, Nodes: 41c98476-2059-4142-8ca0-ae93b0d149f4(fv-az844-56.kvdfyhrxhd0epk3sa4trub4njc.xx.internal.cloudapp.net/10.1.0.15), ReplicationConfig: RATIS/ONE, State:ALLOCATED, leaderId:41c98476-2059-4142-8ca0-ae93b0d149f4, CreationTimestamp2023-05-31T22:57:38.065Z[Etc/UTC]] moved to OPEN state
2023-05-31 22:57:41,368 [EventQueue-OpenPipelineForHealthyPipelineSafeModeRule] INFO  safemode.SCMSafeModeManager (HealthyPipelineSafeModeRule.java:process(137)) - SCM in safe mode. Healthy pipelines reported count is 0, required healthy pipeline reported count is 1
2023-05-31 22:57:41,368 [41c98476-2059-4142-8ca0-ae93b0d149f4-groupManagement] INFO  server.RaftServerConfigKeys (ConfUtils.java:logGet(46)) - raft.server.log.segment.cache.num.max = 2 (custom)
2023-05-31 22:57:41,368 [41c98476-2059-4142-8ca0-ae93b0d149f4-groupManagement] INFO  server.RaftServerConfigKeys (ConfUtils.java:logGet(46)) - raft.server.log.segment.cache.size.max = 200MB (=209715200) (default)
2023-05-31 22:57:41,369 [41c98476-2059-4142-8ca0-ae93b0d149f4-groupManagement] INFO  server.RaftServerConfigKeys (ConfUtils.java:logGet(46)) - raft.server.log.appender.buffer.byte-limit = 33554432 (custom)
2023-05-31 22:57:41,369 [41c98476-2059-4142-8ca0-ae93b0d149f4-groupManagement] INFO  segmented.SegmentedRaftLogWorker (SegmentedRaftLogWorker.java:<init>(188)) - new 41c98476-2059-4142-8ca0-ae93b0d149f4@group-11A0789C576F-SegmentedRaftLogWorker for RaftStorageImpl:Storage Directory /home/runner/work/ozone/ozone/hadoop-ozone/integration-test/target/test-dir/MiniOzoneClusterImpl-816a41a7-5c89-4e8c-81ba-db0c8b26fb2d/datanode-3/data/ratis/c4572709-fcfc-4ee9-bc84-11a0789c576f
2023-05-31 22:57:41,369 [41c98476-2059-4142-8ca0-ae93b0d149f4-groupManagement] INFO  server.RaftServerConfigKeys (ConfUtils.java:logGet(46)) - raft.server.log.queue.byte-limit = 4294967296 (custom)
2023-05-31 22:57:41,369 [41c98476-2059-4142-8ca0-ae93b0d149f4-groupManagement] INFO  server.RaftServerConfigKeys (ConfUtils.java:logGet(46)) - raft.server.log.queue.element-limit = 1024 (custom)
2023-05-31 22:57:41,369 [41c98476-2059-4142-8ca0-ae93b0d149f4-groupManagement] INFO  server.RaftServerConfigKeys (ConfUtils.java:logGet(46)) - raft.server.log.segment.size.max = 1048576 (custom)
2023-05-31 22:57:41,369 [41c98476-2059-4142-8ca0-ae93b0d149f4-groupManagement] INFO  server.RaftServerConfigKeys (ConfUtils.java:logGet(46)) - raft.server.log.preallocated.size = 16384 (custom)
2023-05-31 22:57:41,369 [41c98476-2059-4142-8ca0-ae93b0d149f4-groupManagement] INFO  server.RaftServerConfigKeys (ConfUtils.java:logGet(46)) - raft.server.log.force.sync.num = 128 (default)
2023-05-31 22:57:41,369 [41c98476-2059-4142-8ca0-ae93b0d149f4-groupManagement] INFO  server.RaftServerConfigKeys (ConfUtils.java:logGet(46)) - raft.server.log.statemachine.data.sync = true (default)
2023-05-31 22:57:41,369 [41c98476-2059-4142-8ca0-ae93b0d149f4-groupManagement] INFO  server.RaftServerConfigKeys (ConfUtils.java:logGet(46)) - raft.server.log.statemachine.data.sync.timeout = 10s (default)
2023-05-31 22:57:41,369 [41c98476-2059-4142-8ca0-ae93b0d149f4-groupManagement] INFO  server.RaftServerConfigKeys (ConfUtils.java:logGet(46)) - raft.server.log.statemachine.data.sync.timeout.retry = -1 (default)
2023-05-31 22:57:41,371 [41c98476-2059-4142-8ca0-ae93b0d149f4-groupManagement] INFO  server.RaftServerConfigKeys (ConfUtils.java:logGet(46)) - raft.server.log.write.buffer.size = 1048576 (custom)
2023-05-31 22:57:41,373 [41c98476-2059-4142-8ca0-ae93b0d149f4-groupManagement] INFO  server.RaftServerConfigKeys (ConfUtils.java:logGet(46)) - raft.server.log.appender.buffer.byte-limit = 33554432 (custom)
2023-05-31 22:57:41,386 [41c98476-2059-4142-8ca0-ae93b0d149f4-groupManagement] INFO  server.RaftServerConfigKeys (ConfUtils.java:logGet(46)) - raft.server.log.unsafe-flush.enabled = false (default)
2023-05-31 22:57:41,387 [41c98476-2059-4142-8ca0-ae93b0d149f4-groupManagement] INFO  server.RaftServerConfigKeys (ConfUtils.java:logGet(46)) - raft.server.log.async-flush.enabled = false (default)
2023-05-31 22:57:41,387 [41c98476-2059-4142-8ca0-ae93b0d149f4-groupManagement] INFO  server.RaftServerConfigKeys (ConfUtils.java:logGet(46)) - raft.server.log.statemachine.data.caching.enabled = true (custom)
2023-05-31 22:57:41,387 [41c98476-2059-4142-8ca0-ae93b0d149f4-groupManagement] INFO  segmented.SegmentedRaftLogWorker (SegmentedRaftLogWorker.java:lambda$new$0(135)) - 41c98476-2059-4142-8ca0-ae93b0d149f4@group-11A0789C576F-SegmentedRaftLogWorker: flushIndex: setUnconditionally 0 -> -1
2023-05-31 22:57:41,387 [41c98476-2059-4142-8ca0-ae93b0d149f4-groupManagement] INFO  segmented.SegmentedRaftLogWorker (SegmentedRaftLogWorker.java:lambda$new$0(135)) - 41c98476-2059-4142-8ca0-ae93b0d149f4@group-11A0789C576F-SegmentedRaftLogWorker: safeCacheEvictIndex: setUnconditionally 0 -> -1
2023-05-31 22:57:41,396 [41c98476-2059-4142-8ca0-ae93b0d149f4-groupManagement] INFO  server.RaftServer$Division (RaftServerImpl.java:start(342)) - 41c98476-2059-4142-8ca0-ae93b0d149f4@group-11A0789C576F: start as a follower, conf=-1: peers:[41c98476-2059-4142-8ca0-ae93b0d149f4|rpc:10.1.0.15:15041|admin:10.1.0.15:15040|client:10.1.0.15:15039|dataStream:10.1.0.15:15042|priority:1|startupRole:FOLLOWER]|listeners:[], old=null
2023-05-31 22:57:41,396 [41c98476-2059-4142-8ca0-ae93b0d149f4-groupManagement] INFO  server.RaftServer$Division (RaftServerImpl.java:setRole(329)) - 41c98476-2059-4142-8ca0-ae93b0d149f4@group-11A0789C576F: changes role from      null to FOLLOWER at term 0 for startAsFollower
2023-05-31 22:57:41,396 [41c98476-2059-4142-8ca0-ae93b0d149f4-groupManagement] INFO  impl.RoleInfo (RoleInfo.java:updateAndGet(139)) - 41c98476-2059-4142-8ca0-ae93b0d149f4: start 41c98476-2059-4142-8ca0-ae93b0d149f4@group-11A0789C576F-FollowerState
2023-05-31 22:57:41,396 [41c98476-2059-4142-8ca0-ae93b0d149f4-groupManagement] INFO  util.JmxRegister (JmxRegister.java:tryRegister(44)) - Successfully registered JMX Bean with object name Ratis:service=RaftServer,group=group-11A0789C576F,id=41c98476-2059-4142-8ca0-ae93b0d149f4
2023-05-31 22:57:41,396 [41c98476-2059-4142-8ca0-ae93b0d149f4@group-11A0789C576F-FollowerState] INFO  server.RaftServerConfigKeys (ConfUtils.java:logFallback(53)) - raft.server.rpc.first-election.timeout.min = 5s (fallback to raft.server.rpc.timeout.min)
2023-05-31 22:57:41,397 [41c98476-2059-4142-8ca0-ae93b0d149f4@group-11A0789C576F-FollowerState] INFO  server.RaftServerConfigKeys (ConfUtils.java:logFallback(53)) - raft.server.rpc.first-election.timeout.max = 5200ms (fallback to raft.server.rpc.timeout.max)
2023-05-31 22:57:41,401 [IPC Server handler 14 on default port 15002] INFO  net.NetworkTopologyImpl (NetworkTopologyImpl.java:add(112)) - Added a new node: /default-rack/160cf24b-84e6-41e3-a0dc-1baa6b89aef1
2023-05-31 22:57:41,401 [IPC Server handler 14 on default port 15002] INFO  node.SCMNodeManager (SCMNodeManager.java:register(407)) - Registered Data node : 160cf24b-84e6-41e3-a0dc-1baa6b89aef1{ip: 10.1.0.15, host: fv-az844-56.kvdfyhrxhd0epk3sa4trub4njc.xx.internal.cloudapp.net, ports: [HTTP=15099, CLIENT_RPC=15100, REPLICATION=15106, RATIS=15102, RATIS_ADMIN=15103, RATIS_SERVER=15104, RATIS_DATASTREAM=15105, STANDALONE=15101], networkLocation: /default-rack, certSerialId: null, persistedOpState: null, persistedOpStateExpiryEpochSec: 0}
2023-05-31 22:57:41,402 [EventQueue-NewNodeForNewNodeHandler] INFO  pipeline.BackgroundPipelineCreator (BackgroundPipelineCreator.java:notifyEventTriggered(276)) - trigger a one-shot run on RatisPipelineUtilsThread.
2023-05-31 22:57:41,402 [RatisPipelineUtilsThread - 0] INFO  pipeline.RatisPipelineProvider (RatisPipelineProvider.java:lambda$create$0(206)) - Sending CreatePipelineCommand for pipeline:PipelineID=d6770faf-d179-4a9f-b02b-28ae8d7e6d07 to datanode:160cf24b-84e6-41e3-a0dc-1baa6b89aef1
2023-05-31 22:57:41,403 [RatisPipelineUtilsThread - 0] INFO  pipeline.PipelineStateManagerImpl (PipelineStateManagerImpl.java:addPipeline(103)) - Created pipeline Pipeline[ Id: d6770faf-d179-4a9f-b02b-28ae8d7e6d07, Nodes: 160cf24b-84e6-41e3-a0dc-1baa6b89aef1(fv-az844-56.kvdfyhrxhd0epk3sa4trub4njc.xx.internal.cloudapp.net/10.1.0.15), ReplicationConfig: RATIS/ONE, State:ALLOCATED, leaderId:, CreationTimestamp2023-05-31T22:57:41.402Z[Etc/UTC]].
2023-05-31 22:57:41,397 [41c98476-2059-4142-8ca0-ae93b0d149f4-groupManagement] INFO  server.RaftServerConfigKeys (ConfUtils.java:logGet(46)) - raft.server.snapshot.auto.trigger.enabled = true (custom)
2023-05-31 22:57:41,406 [41c98476-2059-4142-8ca0-ae93b0d149f4-groupManagement] INFO  server.RaftServerConfigKeys (ConfUtils.java:logGet(46)) - raft.server.snapshot.auto.trigger.threshold = 10000 (custom)
2023-05-31 22:57:41,406 [41c98476-2059-4142-8ca0-ae93b0d149f4-groupManagement] INFO  server.RaftServerConfigKeys (ConfUtils.java:logGet(46)) - raft.server.snapshot.retention.file.num = 5 (custom)
2023-05-31 22:57:41,415 [41c98476-2059-4142-8ca0-ae93b0d149f4-groupManagement] INFO  server.RaftServerConfigKeys (ConfUtils.java:logGet(46)) - raft.server.log.purge.upto.snapshot.index = false (default)
2023-05-31 22:57:41,416 [PipelineCommandHandlerThread-0] INFO  ratis.XceiverServerRatis (XceiverServerRatis.java:addGroup(804)) - Created group PipelineID=c4572709-fcfc-4ee9-bc84-11a0789c576f
2023-05-31 22:57:41,416 [PipelineCommandHandlerThread-0] INFO  commandhandler.CreatePipelineCommandHandler (CreatePipelineCommandHandler.java:lambda$handle$2(124)) - Created Pipeline RATIS ONE PipelineID=c4572709-fcfc-4ee9-bc84-11a0789c576f.
2023-05-31 22:57:41,416 [PipelineCommandHandlerThread-0] INFO  server.RaftServer (RaftServerProxy.java:addNew(98)) - 41c98476-2059-4142-8ca0-ae93b0d149f4: addNew group-FAAF52ABF0C5:[83cc0f91-5896-42fb-be30-113915710489|rpc:10.1.0.15:15059|admin:10.1.0.15:15058|client:10.1.0.15:15057|dataStream:10.1.0.15:15060|priority:1|startupRole:FOLLOWER, 9d40cccf-8c3a-4da2-ab03-ca5c7975d909|rpc:10.1.0.15:15050|admin:10.1.0.15:15049|client:10.1.0.15:15048|dataStream:10.1.0.15:15051|priority:0|startupRole:FOLLOWER, 41c98476-2059-4142-8ca0-ae93b0d149f4|rpc:10.1.0.15:15041|admin:10.1.0.15:15040|client:10.1.0.15:15039|dataStream:10.1.0.15:15042|priority:0|startupRole:FOLLOWER] returns group-FAAF52ABF0C5:java.util.concurrent.CompletableFuture@4905b56[Not completed]
2023-05-31 22:57:41,421 [RatisPipelineUtilsThread - 0] WARN  pipeline.PipelinePlacementPolicy (PipelinePlacementPolicy.java:filterViableNodes(160)) - Pipeline creation failed due to no sufficient healthy datanodes. Required 3. Found 2. Excluded 9.
2023-05-31 22:57:41,428 [41c98476-2059-4142-8ca0-ae93b0d149f4-groupManagement] INFO  server.RaftServer$Division (RaftServerImpl.java:<init>(198)) - 41c98476-2059-4142-8ca0-ae93b0d149f4: new RaftServerImpl for group-FAAF52ABF0C5:[83cc0f91-5896-42fb-be30-113915710489|rpc:10.1.0.15:15059|admin:10.1.0.15:15058|client:10.1.0.15:15057|dataStream:10.1.0.15:15060|priority:1|startupRole:FOLLOWER, 9d40cccf-8c3a-4da2-ab03-ca5c7975d909|rpc:10.1.0.15:15050|admin:10.1.0.15:15049|client:10.1.0.15:15048|dataStream:10.1.0.15:15051|priority:0|startupRole:FOLLOWER, 41c98476-2059-4142-8ca0-ae93b0d149f4|rpc:10.1.0.15:15041|admin:10.1.0.15:15040|client:10.1.0.15:15039|dataStream:10.1.0.15:15042|priority:0|startupRole:FOLLOWER] with ContainerStateMachine:uninitialized
2023-05-31 22:57:41,428 [41c98476-2059-4142-8ca0-ae93b0d149f4-groupManagement] INFO  server.RaftServerConfigKeys (ConfUtils.java:logGet(46)) - raft.server.rpc.timeout.min = 5s (custom)
2023-05-31 22:57:41,428 [41c98476-2059-4142-8ca0-ae93b0d149f4-groupManagement] INFO  server.RaftServerConfigKeys (ConfUtils.java:logGet(46)) - raft.server.rpc.timeout.max = 5200ms (custom)
2023-05-31 22:57:41,428 [41c98476-2059-4142-8ca0-ae93b0d149f4-groupManagement] INFO  server.RaftServerConfigKeys (ConfUtils.java:logGet(46)) - raft.server.rpc.sleep.time = 25ms (default)
2023-05-31 22:57:41,429 [41c98476-2059-4142-8ca0-ae93b0d149f4-groupManagement] INFO  server.RaftServerConfigKeys (ConfUtils.java:logGet(46)) - raft.server.rpc.slowness.timeout = 300s (custom)
2023-05-31 22:57:41,429 [41c98476-2059-4142-8ca0-ae93b0d149f4-groupManagement] INFO  server.RaftServerConfigKeys (ConfUtils.java:logGet(46)) - raft.server.leaderelection.leader.step-down.wait-time = 10s (default)
2023-05-31 22:57:41,429 [41c98476-2059-4142-8ca0-ae93b0d149f4-groupManagement] INFO  server.RaftServerConfigKeys (ConfUtils.java:logGet(46)) - raft.server.sleep.deviation.threshold = 300ms (default)
2023-05-31 22:57:41,429 [41c98476-2059-4142-8ca0-ae93b0d149f4-groupManagement] INFO  server.RaftServer$Division (ServerState.java:<init>(120)) - 41c98476-2059-4142-8ca0-ae93b0d149f4@group-FAAF52ABF0C5: ConfigurationManager, init=-1: peers:[83cc0f91-5896-42fb-be30-113915710489|rpc:10.1.0.15:15059|admin:10.1.0.15:15058|client:10.1.0.15:15057|dataStream:10.1.0.15:15060|priority:1|startupRole:FOLLOWER, 9d40cccf-8c3a-4da2-ab03-ca5c7975d909|rpc:10.1.0.15:15050|admin:10.1.0.15:15049|client:10.1.0.15:15048|dataStream:10.1.0.15:15051|priority:0|startupRole:FOLLOWER, 41c98476-2059-4142-8ca0-ae93b0d149f4|rpc:10.1.0.15:15041|admin:10.1.0.15:15040|client:10.1.0.15:15039|dataStream:10.1.0.15:15042|priority:0|startupRole:FOLLOWER]|listeners:[], old=null, confs=<EMPTY_MAP>
2023-05-31 22:57:41,429 [41c98476-2059-4142-8ca0-ae93b0d149f4-groupManagement] INFO  server.RaftServerConfigKeys (ConfUtils.java:logGet(46)) - raft.server.storage.dir = [/home/runner/work/ozone/ozone/hadoop-ozone/integration-test/target/test-dir/MiniOzoneClusterImpl-816a41a7-5c89-4e8c-81ba-db0c8b26fb2d/datanode-3/data/ratis] (custom)
2023-05-31 22:57:41,429 [41c98476-2059-4142-8ca0-ae93b0d149f4-groupManagement] INFO  server.RaftServerConfigKeys (ConfUtils.java:logGet(46)) - raft.server.log.corruption.policy = EXCEPTION (default)
2023-05-31 22:57:41,429 [41c98476-2059-4142-8ca0-ae93b0d149f4-groupManagement] INFO  server.RaftServerConfigKeys (ConfUtils.java:logGet(46)) - raft.server.storage.free-space.min = 0MB (=0) (default)
2023-05-31 22:57:41,430 [41c98476-2059-4142-8ca0-ae93b0d149f4-groupManagement] INFO  server.RaftServerConfigKeys (ConfUtils.java:logGet(46)) - raft.server.notification.no-leader.timeout = 300s (custom)
2023-05-31 22:57:41,430 [41c98476-2059-4142-8ca0-ae93b0d149f4-groupManagement] INFO  server.RaftServerConfigKeys (ConfUtils.java:logGet(46)) - raft.server.read.timeout = 10s (default)
2023-05-31 22:57:41,430 [41c98476-2059-4142-8ca0-ae93b0d149f4-groupManagement] INFO  server.RaftServerConfigKeys (ConfUtils.java:logGet(46)) - raft.server.retrycache.expirytime = 600000ms (custom)
2023-05-31 22:57:41,430 [41c98476-2059-4142-8ca0-ae93b0d149f4-groupManagement] INFO  server.RaftServerConfigKeys (ConfUtils.java:logGet(46)) - raft.server.retrycache.statistics.expirytime = 100μs (default)
2023-05-31 22:57:41,430 [41c98476-2059-4142-8ca0-ae93b0d149f4-groupManagement] INFO  server.RaftServerConfigKeys (ConfUtils.java:logGet(46)) - raft.server.read.option = DEFAULT (default)
2023-05-31 22:57:41,431 [EndpointStateMachine task thread for /0.0.0.0:15002 - 0 ] INFO  utils.DatanodeStoreCache (DatanodeStoreCache.java:addDB(66)) - Added db /home/runner/work/ozone/ozone/hadoop-ozone/integration-test/target/test-dir/MiniOzoneClusterImpl-816a41a7-5c89-4e8c-81ba-db0c8b26fb2d/datanode-13/data-0/containers/hdds/816a41a7-5c89-4e8c-81ba-db0c8b26fb2d/DS-db5ea00d-cf4a-4fad-8b78-9d09a50a910e/container.db to cache
2023-05-31 22:57:41,431 [EndpointStateMachine task thread for /0.0.0.0:15002 - 0 ] INFO  volume.HddsVolume (HddsVolume.java:createDbStore(350)) - SchemaV3 db is created and loaded at /home/runner/work/ozone/ozone/hadoop-ozone/integration-test/target/test-dir/MiniOzoneClusterImpl-816a41a7-5c89-4e8c-81ba-db0c8b26fb2d/datanode-13/data-0/containers/hdds/816a41a7-5c89-4e8c-81ba-db0c8b26fb2d/DS-db5ea00d-cf4a-4fad-8b78-9d09a50a910e/container.db for volume DS-db5ea00d-cf4a-4fad-8b78-9d09a50a910e
2023-05-31 22:57:41,431 [EndpointStateMachine task thread for /0.0.0.0:15002 - 0 ] INFO  ozoneimpl.OzoneContainer (OzoneContainer.java:start(398)) - Attempting to start container services.
2023-05-31 22:57:41,431 [EndpointStateMachine task thread for /0.0.0.0:15002 - 0 ] INFO  ozoneimpl.OzoneContainer (OzoneContainer.java:startContainerScrub(314)) - Scheduled background container scanners and the on-demand container scanner have been disabled.
2023-05-31 22:57:41,432 [41c98476-2059-4142-8ca0-ae93b0d149f4-groupManagement] INFO  server.RaftServerConfigKeys (ConfUtils.java:logGet(46)) - raft.server.rpc.request.timeout = 60s (custom)
2023-05-31 22:57:41,432 [41c98476-2059-4142-8ca0-ae93b0d149f4-groupManagement] INFO  server.RaftServerConfigKeys (ConfUtils.java:logGet(46)) - raft.server.log.appender.install.snapshot.enabled = false (custom)
2023-05-31 22:57:41,432 [EndpointStateMachine task thread for /0.0.0.0:15002 - 0 ] INFO  replication.ReplicationServer (ReplicationServer.java:start(128)) - ReplicationServer is started using port 15133
2023-05-31 22:57:41,432 [EndpointStateMachine task thread for /0.0.0.0:15002 - 0 ] INFO  ratis.XceiverServerRatis (XceiverServerRatis.java:start(517)) - Starting XceiverServerRatis f4bcbbae-f69c-492d-a431-822e5a7eea0c
2023-05-31 22:57:41,432 [41c98476-2059-4142-8ca0-ae93b0d149f4-groupManagement] INFO  server.RaftServerConfigKeys (ConfUtils.java:logGet(46)) - raft.server.threadpool.server.cached = true (default)
2023-05-31 22:57:41,432 [41c98476-2059-4142-8ca0-ae93b0d149f4-groupManagement] INFO  server.RaftServerConfigKeys (ConfUtils.java:logGet(46)) - raft.server.threadpool.server.size = 0 (default)
2023-05-31 22:57:41,439 [41c98476-2059-4142-8ca0-ae93b0d149f4-groupManagement] INFO  server.RaftServerConfigKeys (ConfUtils.java:logGet(46)) - raft.server.threadpool.client.cached = true (default)
2023-05-31 22:57:41,446 [41c98476-2059-4142-8ca0-ae93b0d149f4-groupManagement] INFO  server.RaftServerConfigKeys (ConfUtils.java:logGet(46)) - raft.server.threadpool.client.size = 0 (default)
2023-05-31 22:57:41,447 [41c98476-2059-4142-8ca0-ae93b0d149f4-groupManagement] INFO  storage.RaftStorageDirectory (RaftStorageDirectoryImpl.java:analyzeStorage(137)) - The storage directory /home/runner/work/ozone/ozone/hadoop-ozone/integration-test/target/test-dir/MiniOzoneClusterImpl-816a41a7-5c89-4e8c-81ba-db0c8b26fb2d/datanode-3/data/ratis/f8f340ea-534e-4abd-be4c-faaf52abf0c5 does not exist. Creating ...
2023-05-31 22:57:41,448 [41c98476-2059-4142-8ca0-ae93b0d149f4-groupManagement] INFO  storage.RaftStorageDirectory (RaftStorageDirectoryImpl.java:tryLock(231)) - Lock on /home/runner/work/ozone/ozone/hadoop-ozone/integration-test/target/test-dir/MiniOzoneClusterImpl-816a41a7-5c89-4e8c-81ba-db0c8b26fb2d/datanode-3/data/ratis/f8f340ea-534e-4abd-be4c-faaf52abf0c5/in_use.lock acquired by nodename 15007@fv-az844-56
2023-05-31 22:57:41,455 [PipelineCommandHandlerThread-0] INFO  commandhandler.CreatePipelineCommandHandler (CreatePipelineCommandHandler.java:lambda$handle$2(124)) - Created Pipeline RATIS THREE PipelineID=dfa5ddec-ab7a-4414-a630-ad78ee493e03.
2023-05-31 22:57:41,456 [EndpointStateMachine task thread for /0.0.0.0:15002 - 0 ] INFO  server.RaftServer (RaftServerProxy.java:startImpl(400)) - f4bcbbae-f69c-492d-a431-822e5a7eea0c: start RPC server
2023-05-31 22:57:41,456 [EndpointStateMachine task thread for /0.0.0.0:15002 - 0 ] INFO  server.GrpcService (GrpcService.java:startImpl(302)) - f4bcbbae-f69c-492d-a431-822e5a7eea0c: GrpcService started, listening on 15129
2023-05-31 22:57:41,457 [EndpointStateMachine task thread for /0.0.0.0:15002 - 0 ] INFO  server.GrpcService (GrpcService.java:startImpl(302)) - f4bcbbae-f69c-492d-a431-822e5a7eea0c: GrpcService started, listening on 15131
2023-05-31 22:57:41,457 [EndpointStateMachine task thread for /0.0.0.0:15002 - 0 ] INFO  server.GrpcService (GrpcService.java:startImpl(302)) - f4bcbbae-f69c-492d-a431-822e5a7eea0c: GrpcService started, listening on 15130
2023-05-31 22:57:41,459 [41c98476-2059-4142-8ca0-ae93b0d149f4-groupManagement] INFO  storage.RaftStorage (RaftStorageImpl.java:format(96)) - Storage directory /home/runner/work/ozone/ozone/hadoop-ozone/integration-test/target/test-dir/MiniOzoneClusterImpl-816a41a7-5c89-4e8c-81ba-db0c8b26fb2d/datanode-3/data/ratis/f8f340ea-534e-4abd-be4c-faaf52abf0c5 has been successfully formatted.
2023-05-31 22:57:41,460 [41c98476-2059-4142-8ca0-ae93b0d149f4-groupManagement] INFO  ratis.ContainerStateMachine (ContainerStateMachine.java:loadSnapshot(262)) - group-FAAF52ABF0C5: The snapshot info is null. Setting the last applied indexto:(t:0, i:~)
2023-05-31 22:57:41,460 [41c98476-2059-4142-8ca0-ae93b0d149f4-groupManagement] INFO  server.RaftServerConfigKeys (ConfUtils.java:logGet(46)) - raft.server.log.use.memory = false (default)
2023-05-31 22:57:41,460 [41c98476-2059-4142-8ca0-ae93b0d149f4-groupManagement] INFO  server.RaftServerConfigKeys (ConfUtils.java:logGet(46)) - raft.server.log.purge.gap = 1000000 (custom)
2023-05-31 22:57:41,460 [41c98476-2059-4142-8ca0-ae93b0d149f4-groupManagement] INFO  server.RaftServerConfigKeys (ConfUtils.java:logGet(46)) - raft.server.log.appender.buffer.byte-limit = 33554432 (custom)
2023-05-31 22:57:41,460 [41c98476-2059-4142-8ca0-ae93b0d149f4-groupManagement] INFO  server.RaftServerConfigKeys (ConfUtils.java:logGet(46)) - raft.server.log.statemachine.data.read.timeout = 1000ms (default)
2023-05-31 22:57:41,460 [41c98476-2059-4142-8ca0-ae93b0d149f4-groupManagement] INFO  server.RaftServerConfigKeys (ConfUtils.java:logGet(46)) - raft.server.log.purge.preservation.log.num = 0 (default)
2023-05-31 22:57:41,461 [41c98476-2059-4142-8ca0-ae93b0d149f4-groupManagement] INFO  server.RaftServerConfigKeys (ConfUtils.java:logGet(46)) - raft.server.log.segment.size.max = 1048576 (custom)
2023-05-31 22:57:41,461 [41c98476-2059-4142-8ca0-ae93b0d149f4-groupManagement] INFO  server.RaftServerConfigKeys (ConfUtils.java:logGet(46)) - raft.server.log.segment.cache.num.max = 2 (custom)
2023-05-31 22:57:41,461 [41c98476-2059-4142-8ca0-ae93b0d149f4-groupManagement] INFO  server.RaftServerConfigKeys (ConfUtils.java:logGet(46)) - raft.server.log.segment.cache.size.max = 200MB (=209715200) (default)
2023-05-31 22:57:41,462 [41c98476-2059-4142-8ca0-ae93b0d149f4-groupManagement] INFO  server.RaftServerConfigKeys (ConfUtils.java:logGet(46)) - raft.server.log.appender.buffer.byte-limit = 33554432 (custom)
2023-05-31 22:57:41,462 [41c98476-2059-4142-8ca0-ae93b0d149f4-groupManagement] INFO  segmented.SegmentedRaftLogWorker (SegmentedRaftLogWorker.java:<init>(188)) - new 41c98476-2059-4142-8ca0-ae93b0d149f4@group-FAAF52ABF0C5-SegmentedRaftLogWorker for RaftStorageImpl:Storage Directory /home/runner/work/ozone/ozone/hadoop-ozone/integration-test/target/test-dir/MiniOzoneClusterImpl-816a41a7-5c89-4e8c-81ba-db0c8b26fb2d/datanode-3/data/ratis/f8f340ea-534e-4abd-be4c-faaf52abf0c5
2023-05-31 22:57:41,462 [41c98476-2059-4142-8ca0-ae93b0d149f4-groupManagement] INFO  server.RaftServerConfigKeys (ConfUtils.java:logGet(46)) - raft.server.log.queue.byte-limit = 4294967296 (custom)
2023-05-31 22:57:41,464 [EventQueue-OpenPipelineForHealthyPipelineSafeModeRule] INFO  safemode.SCMSafeModeManager (HealthyPipelineSafeModeRule.java:process(137)) - SCM in safe mode. Healthy pipelines reported count is 0, required healthy pipeline reported count is 1
2023-05-31 22:57:41,466 [41c98476-2059-4142-8ca0-ae93b0d149f4-groupManagement] INFO  server.RaftServerConfigKeys (ConfUtils.java:logGet(46)) - raft.server.log.queue.element-limit = 1024 (custom)
2023-05-31 22:57:41,466 [41c98476-2059-4142-8ca0-ae93b0d149f4-groupManagement] INFO  server.RaftServerConfigKeys (ConfUtils.java:logGet(46)) - raft.server.log.segment.size.max = 1048576 (custom)
2023-05-31 22:57:41,466 [41c98476-2059-4142-8ca0-ae93b0d149f4-groupManagement] INFO  server.RaftServerConfigKeys (ConfUtils.java:logGet(46)) - raft.server.log.preallocated.size = 16384 (custom)
2023-05-31 22:57:41,466 [41c98476-2059-4142-8ca0-ae93b0d149f4-groupManagement] INFO  server.RaftServerConfigKeys (ConfUtils.java:logGet(46)) - raft.server.log.force.sync.num = 128 (default)
2023-05-31 22:57:41,466 [41c98476-2059-4142-8ca0-ae93b0d149f4-groupManagement] INFO  server.RaftServerConfigKeys (ConfUtils.java:logGet(46)) - raft.server.log.statemachine.data.sync = true (default)
2023-05-31 22:57:41,467 [41c98476-2059-4142-8ca0-ae93b0d149f4-groupManagement] INFO  server.RaftServerConfigKeys (ConfUtils.java:logGet(46)) - raft.server.log.statemachine.data.sync.timeout = 10s (default)
2023-05-31 22:57:41,467 [41c98476-2059-4142-8ca0-ae93b0d149f4-groupManagement] INFO  server.RaftServerConfigKeys (ConfUtils.java:logGet(46)) - raft.server.log.statemachine.data.sync.timeout.retry = -1 (default)
2023-05-31 22:57:41,468 [41c98476-2059-4142-8ca0-ae93b0d149f4-groupManagement] INFO  server.RaftServerConfigKeys (ConfUtils.java:logGet(46)) - raft.server.log.write.buffer.size = 1048576 (custom)
2023-05-31 22:57:41,469 [41c98476-2059-4142-8ca0-ae93b0d149f4-groupManagement] INFO  server.RaftServerConfigKeys (ConfUtils.java:logGet(46)) - raft.server.log.appender.buffer.byte-limit = 33554432 (custom)
2023-05-31 22:57:41,478 [41c98476-2059-4142-8ca0-ae93b0d149f4-groupManagement] INFO  server.RaftServerConfigKeys (ConfUtils.java:logGet(46)) - raft.server.log.unsafe-flush.enabled = false (default)
2023-05-31 22:57:41,478 [41c98476-2059-4142-8ca0-ae93b0d149f4-groupManagement] INFO  server.RaftServerConfigKeys (ConfUtils.java:logGet(46)) - raft.server.log.async-flush.enabled = false (default)
2023-05-31 22:57:41,479 [41c98476-2059-4142-8ca0-ae93b0d149f4-groupManagement] INFO  server.RaftServerConfigKeys (ConfUtils.java:logGet(46)) - raft.server.log.statemachine.data.caching.enabled = true (custom)
2023-05-31 22:57:41,479 [41c98476-2059-4142-8ca0-ae93b0d149f4-groupManagement] INFO  segmented.SegmentedRaftLogWorker (SegmentedRaftLogWorker.java:lambda$new$0(135)) - 41c98476-2059-4142-8ca0-ae93b0d149f4@group-FAAF52ABF0C5-SegmentedRaftLogWorker: flushIndex: setUnconditionally 0 -> -1
2023-05-31 22:57:41,479 [41c98476-2059-4142-8ca0-ae93b0d149f4-groupManagement] INFO  segmented.SegmentedRaftLogWorker (SegmentedRaftLogWorker.java:lambda$new$0(135)) - 41c98476-2059-4142-8ca0-ae93b0d149f4@group-FAAF52ABF0C5-SegmentedRaftLogWorker: safeCacheEvictIndex: setUnconditionally 0 -> -1
2023-05-31 22:57:41,480 [PipelineCommandHandlerThread-0] INFO  server.RaftServer (RaftServerProxy.java:addNew(98)) - 9d40cccf-8c3a-4da2-ab03-ca5c7975d909: addNew group-89448B7302E5:[9d40cccf-8c3a-4da2-ab03-ca5c7975d909|rpc:10.1.0.15:15050|admin:10.1.0.15:15049|client:10.1.0.15:15048|dataStream:10.1.0.15:15051|priority:1|startupRole:FOLLOWER] returns group-89448B7302E5:java.util.concurrent.CompletableFuture@297e5251[Not completed]
2023-05-31 22:57:41,480 [EndpointStateMachine task thread for /0.0.0.0:15002 - 0 ] INFO  ratis.XceiverServerRatis (XceiverServerRatis.java:getRealPort(543)) - XceiverServerRatis f4bcbbae-f69c-492d-a431-822e5a7eea0c is started using port 15129 for RATIS
2023-05-31 22:57:41,480 [EndpointStateMachine task thread for /0.0.0.0:15002 - 0 ] INFO  ratis.XceiverServerRatis (XceiverServerRatis.java:getRealPort(543)) - XceiverServerRatis f4bcbbae-f69c-492d-a431-822e5a7eea0c is started using port 15130 for RATIS_ADMIN
2023-05-31 22:57:41,480 [EndpointStateMachine task thread for /0.0.0.0:15002 - 0 ] INFO  ratis.XceiverServerRatis (XceiverServerRatis.java:getRealPort(543)) - XceiverServerRatis f4bcbbae-f69c-492d-a431-822e5a7eea0c is started using port 15131 for RATIS_SERVER
2023-05-31 22:57:41,480 [JvmPauseMonitor14] INFO  util.JvmPauseMonitor (JvmPauseMonitor.java:run(103)) - JvmPauseMonitor-f4bcbbae-f69c-492d-a431-822e5a7eea0c: Started
2023-05-31 22:57:41,480 [EndpointStateMachine task thread for /0.0.0.0:15002 - 0 ] INFO  ratis.XceiverServerRatis (XceiverServerRatis.java:getRealPort(543)) - XceiverServerRatis f4bcbbae-f69c-492d-a431-822e5a7eea0c is started using port 15132 for RATIS_DATASTREAM
2023-05-31 22:57:41,485 [9d40cccf-8c3a-4da2-ab03-ca5c7975d909-groupManagement] INFO  server.RaftServer$Division (RaftServerImpl.java:<init>(198)) - 9d40cccf-8c3a-4da2-ab03-ca5c7975d909: new RaftServerImpl for group-89448B7302E5:[9d40cccf-8c3a-4da2-ab03-ca5c7975d909|rpc:10.1.0.15:15050|admin:10.1.0.15:15049|client:10.1.0.15:15048|dataStream:10.1.0.15:15051|priority:1|startupRole:FOLLOWER] with ContainerStateMachine:uninitialized
2023-05-31 22:57:41,485 [9d40cccf-8c3a-4da2-ab03-ca5c7975d909-groupManagement] INFO  server.RaftServerConfigKeys (ConfUtils.java:logGet(46)) - raft.server.rpc.timeout.min = 5s (custom)
2023-05-31 22:57:41,485 [9d40cccf-8c3a-4da2-ab03-ca5c7975d909-groupManagement] INFO  server.RaftServerConfigKeys (ConfUtils.java:logGet(46)) - raft.server.rpc.timeout.max = 5200ms (custom)
2023-05-31 22:57:41,485 [9d40cccf-8c3a-4da2-ab03-ca5c7975d909-groupManagement] INFO  server.RaftServerConfigKeys (ConfUtils.java:logGet(46)) - raft.server.rpc.sleep.time = 25ms (default)
2023-05-31 22:57:41,485 [9d40cccf-8c3a-4da2-ab03-ca5c7975d909-groupManagement] INFO  server.RaftServerConfigKeys (ConfUtils.java:logGet(46)) - raft.server.rpc.slowness.timeout = 300s (custom)
2023-05-31 22:57:41,485 [9d40cccf-8c3a-4da2-ab03-ca5c7975d909-groupManagement] INFO  server.RaftServerConfigKeys (ConfUtils.java:logGet(46)) - raft.server.leaderelection.leader.step-down.wait-time = 10s (default)
2023-05-31 22:57:41,485 [9d40cccf-8c3a-4da2-ab03-ca5c7975d909-groupManagement] INFO  server.RaftServerConfigKeys (ConfUtils.java:logGet(46)) - raft.server.sleep.deviation.threshold = 300ms (default)
2023-05-31 22:57:41,485 [9d40cccf-8c3a-4da2-ab03-ca5c7975d909-groupManagement] INFO  server.RaftServer$Division (ServerState.java:<init>(120)) - 9d40cccf-8c3a-4da2-ab03-ca5c7975d909@group-89448B7302E5: ConfigurationManager, init=-1: peers:[9d40cccf-8c3a-4da2-ab03-ca5c7975d909|rpc:10.1.0.15:15050|admin:10.1.0.15:15049|client:10.1.0.15:15048|dataStream:10.1.0.15:15051|priority:1|startupRole:FOLLOWER]|listeners:[], old=null, confs=<EMPTY_MAP>
2023-05-31 22:57:41,491 [9d40cccf-8c3a-4da2-ab03-ca5c7975d909-groupManagement] INFO  server.RaftServerConfigKeys (ConfUtils.java:logGet(46)) - raft.server.storage.dir = [/home/runner/work/ozone/ozone/hadoop-ozone/integration-test/target/test-dir/MiniOzoneClusterImpl-816a41a7-5c89-4e8c-81ba-db0c8b26fb2d/datanode-4/data/ratis] (custom)
2023-05-31 22:57:41,491 [9d40cccf-8c3a-4da2-ab03-ca5c7975d909-groupManagement] INFO  server.RaftServerConfigKeys (ConfUtils.java:logGet(46)) - raft.server.log.corruption.policy = EXCEPTION (default)
2023-05-31 22:57:41,492 [9d40cccf-8c3a-4da2-ab03-ca5c7975d909-groupManagement] INFO  server.RaftServerConfigKeys (ConfUtils.java:logGet(46)) - raft.server.storage.free-space.min = 0MB (=0) (default)
2023-05-31 22:57:41,492 [9d40cccf-8c3a-4da2-ab03-ca5c7975d909-groupManagement] INFO  server.RaftServerConfigKeys (ConfUtils.java:logGet(46)) - raft.server.notification.no-leader.timeout = 300s (custom)
2023-05-31 22:57:41,492 [9d40cccf-8c3a-4da2-ab03-ca5c7975d909-groupManagement] INFO  server.RaftServerConfigKeys (ConfUtils.java:logGet(46)) - raft.server.read.timeout = 10s (default)
2023-05-31 22:57:41,492 [9d40cccf-8c3a-4da2-ab03-ca5c7975d909-groupManagement] INFO  server.RaftServerConfigKeys (ConfUtils.java:logGet(46)) - raft.server.retrycache.expirytime = 600000ms (custom)
2023-05-31 22:57:41,492 [9d40cccf-8c3a-4da2-ab03-ca5c7975d909-groupManagement] INFO  server.RaftServerConfigKeys (ConfUtils.java:logGet(46)) - raft.server.retrycache.statistics.expirytime = 100μs (default)
2023-05-31 22:57:41,492 [9d40cccf-8c3a-4da2-ab03-ca5c7975d909-groupManagement] INFO  server.RaftServerConfigKeys (ConfUtils.java:logGet(46)) - raft.server.read.option = DEFAULT (default)
2023-05-31 22:57:41,494 [9d40cccf-8c3a-4da2-ab03-ca5c7975d909-groupManagement] INFO  server.RaftServerConfigKeys (ConfUtils.java:logGet(46)) - raft.server.rpc.request.timeout = 60s (custom)
2023-05-31 22:57:41,499 [9d40cccf-8c3a-4da2-ab03-ca5c7975d909-groupManagement] INFO  server.RaftServerConfigKeys (ConfUtils.java:logGet(46)) - raft.server.log.appender.install.snapshot.enabled = false (custom)
2023-05-31 22:57:41,499 [9d40cccf-8c3a-4da2-ab03-ca5c7975d909-groupManagement] INFO  server.RaftServerConfigKeys (ConfUtils.java:logGet(46)) - raft.server.threadpool.server.cached = true (default)
2023-05-31 22:57:41,499 [9d40cccf-8c3a-4da2-ab03-ca5c7975d909-groupManagement] INFO  server.RaftServerConfigKeys (ConfUtils.java:logGet(46)) - raft.server.threadpool.server.size = 0 (default)
2023-05-31 22:57:41,499 [9d40cccf-8c3a-4da2-ab03-ca5c7975d909-groupManagement] INFO  server.RaftServerConfigKeys (ConfUtils.java:logGet(46)) - raft.server.threadpool.client.cached = true (default)
2023-05-31 22:57:41,499 [9d40cccf-8c3a-4da2-ab03-ca5c7975d909-groupManagement] INFO  server.RaftServerConfigKeys (ConfUtils.java:logGet(46)) - raft.server.threadpool.client.size = 0 (default)
2023-05-31 22:57:41,499 [9d40cccf-8c3a-4da2-ab03-ca5c7975d909-groupManagement] INFO  storage.RaftStorageDirectory (RaftStorageDirectoryImpl.java:analyzeStorage(137)) - The storage directory /home/runner/work/ozone/ozone/hadoop-ozone/integration-test/target/test-dir/MiniOzoneClusterImpl-816a41a7-5c89-4e8c-81ba-db0c8b26fb2d/datanode-4/data/ratis/c80f1ec5-dc82-4443-8f1f-89448b7302e5 does not exist. Creating ...
2023-05-31 22:57:41,502 [9d40cccf-8c3a-4da2-ab03-ca5c7975d909-groupManagement] INFO  storage.RaftStorageDirectory (RaftStorageDirectoryImpl.java:tryLock(231)) - Lock on /home/runner/work/ozone/ozone/hadoop-ozone/integration-test/target/test-dir/MiniOzoneClusterImpl-816a41a7-5c89-4e8c-81ba-db0c8b26fb2d/datanode-4/data/ratis/c80f1ec5-dc82-4443-8f1f-89448b7302e5/in_use.lock acquired by nodename 15007@fv-az844-56
2023-05-31 22:57:41,502 [41c98476-2059-4142-8ca0-ae93b0d149f4-groupManagement] INFO  server.RaftServer$Division (RaftServerImpl.java:start(342)) - 41c98476-2059-4142-8ca0-ae93b0d149f4@group-FAAF52ABF0C5: start as a follower, conf=-1: peers:[83cc0f91-5896-42fb-be30-113915710489|rpc:10.1.0.15:15059|admin:10.1.0.15:15058|client:10.1.0.15:15057|dataStream:10.1.0.15:15060|priority:1|startupRole:FOLLOWER, 9d40cccf-8c3a-4da2-ab03-ca5c7975d909|rpc:10.1.0.15:15050|admin:10.1.0.15:15049|client:10.1.0.15:15048|dataStream:10.1.0.15:15051|priority:0|startupRole:FOLLOWER, 41c98476-2059-4142-8ca0-ae93b0d149f4|rpc:10.1.0.15:15041|admin:10.1.0.15:15040|client:10.1.0.15:15039|dataStream:10.1.0.15:15042|priority:0|startupRole:FOLLOWER]|listeners:[], old=null
2023-05-31 22:57:41,502 [41c98476-2059-4142-8ca0-ae93b0d149f4-groupManagement] INFO  server.RaftServer$Division (RaftServerImpl.java:setRole(329)) - 41c98476-2059-4142-8ca0-ae93b0d149f4@group-FAAF52ABF0C5: changes role from      null to FOLLOWER at term 0 for startAsFollower
2023-05-31 22:57:41,502 [41c98476-2059-4142-8ca0-ae93b0d149f4-groupManagement] INFO  impl.RoleInfo (RoleInfo.java:updateAndGet(139)) - 41c98476-2059-4142-8ca0-ae93b0d149f4: start 41c98476-2059-4142-8ca0-ae93b0d149f4@group-FAAF52ABF0C5-FollowerState
2023-05-31 22:57:41,504 [9d40cccf-8c3a-4da2-ab03-ca5c7975d909-groupManagement] INFO  storage.RaftStorage (RaftStorageImpl.java:format(96)) - Storage directory /home/runner/work/ozone/ozone/hadoop-ozone/integration-test/target/test-dir/MiniOzoneClusterImpl-816a41a7-5c89-4e8c-81ba-db0c8b26fb2d/datanode-4/data/ratis/c80f1ec5-dc82-4443-8f1f-89448b7302e5 has been successfully formatted.
2023-05-31 22:57:41,505 [41c98476-2059-4142-8ca0-ae93b0d149f4-groupManagement] INFO  util.JmxRegister (JmxRegister.java:tryRegister(44)) - Successfully registered JMX Bean with object name Ratis:service=RaftServer,group=group-FAAF52ABF0C5,id=41c98476-2059-4142-8ca0-ae93b0d149f4
2023-05-31 22:57:41,505 [41c98476-2059-4142-8ca0-ae93b0d149f4@group-FAAF52ABF0C5-FollowerState] INFO  server.RaftServerConfigKeys (ConfUtils.java:logFallback(53)) - raft.server.rpc.first-election.timeout.min = 5s (fallback to raft.server.rpc.timeout.min)
2023-05-31 22:57:41,506 [41c98476-2059-4142-8ca0-ae93b0d149f4@group-FAAF52ABF0C5-FollowerState] INFO  server.RaftServerConfigKeys (ConfUtils.java:logFallback(53)) - raft.server.rpc.first-election.timeout.max = 5200ms (fallback to raft.server.rpc.timeout.max)
2023-05-31 22:57:41,508 [41c98476-2059-4142-8ca0-ae93b0d149f4-groupManagement] INFO  server.RaftServerConfigKeys (ConfUtils.java:logGet(46)) - raft.server.snapshot.auto.trigger.enabled = true (custom)
2023-05-31 22:57:41,508 [41c98476-2059-4142-8ca0-ae93b0d149f4-groupManagement] INFO  server.RaftServerConfigKeys (ConfUtils.java:logGet(46)) - raft.server.snapshot.auto.trigger.threshold = 10000 (custom)
2023-05-31 22:57:41,508 [41c98476-2059-4142-8ca0-ae93b0d149f4-groupManagement] INFO  server.RaftServerConfigKeys (ConfUtils.java:logGet(46)) - raft.server.snapshot.retention.file.num = 5 (custom)
2023-05-31 22:57:41,508 [41c98476-2059-4142-8ca0-ae93b0d149f4-groupManagement] INFO  server.RaftServerConfigKeys (ConfUtils.java:logGet(46)) - raft.server.log.purge.upto.snapshot.index = false (default)
2023-05-31 22:57:41,511 [PipelineCommandHandlerThread-0] INFO  ratis.XceiverServerRatis (XceiverServerRatis.java:addGroup(804)) - Created group PipelineID=f8f340ea-534e-4abd-be4c-faaf52abf0c5
2023-05-31 22:57:41,511 [9d40cccf-8c3a-4da2-ab03-ca5c7975d909-groupManagement] INFO  ratis.ContainerStateMachine (ContainerStateMachine.java:loadSnapshot(262)) - group-89448B7302E5: The snapshot info is null. Setting the last applied indexto:(t:0, i:~)
2023-05-31 22:57:41,511 [9d40cccf-8c3a-4da2-ab03-ca5c7975d909-groupManagement] INFO  server.RaftServerConfigKeys (ConfUtils.java:logGet(46)) - raft.server.log.use.memory = false (default)
2023-05-31 22:57:41,511 [9d40cccf-8c3a-4da2-ab03-ca5c7975d909-groupManagement] INFO  server.RaftServerConfigKeys (ConfUtils.java:logGet(46)) - raft.server.log.purge.gap = 1000000 (custom)
2023-05-31 22:57:41,511 [9d40cccf-8c3a-4da2-ab03-ca5c7975d909-groupManagement] INFO  server.RaftServerConfigKeys (ConfUtils.java:logGet(46)) - raft.server.log.appender.buffer.byte-limit = 33554432 (custom)
2023-05-31 22:57:41,511 [9d40cccf-8c3a-4da2-ab03-ca5c7975d909-groupManagement] INFO  server.RaftServerConfigKeys (ConfUtils.java:logGet(46)) - raft.server.log.statemachine.data.read.timeout = 1000ms (default)
2023-05-31 22:57:41,511 [9d40cccf-8c3a-4da2-ab03-ca5c7975d909-groupManagement] INFO  server.RaftServerConfigKeys (ConfUtils.java:logGet(46)) - raft.server.log.purge.preservation.log.num = 0 (default)
2023-05-31 22:57:41,512 [9d40cccf-8c3a-4da2-ab03-ca5c7975d909-groupManagement] INFO  server.RaftServerConfigKeys (ConfUtils.java:logGet(46)) - raft.server.log.segment.size.max = 1048576 (custom)
2023-05-31 22:57:41,512 [9d40cccf-8c3a-4da2-ab03-ca5c7975d909-groupManagement] INFO  server.RaftServerConfigKeys (ConfUtils.java:logGet(46)) - raft.server.log.segment.cache.num.max = 2 (custom)
2023-05-31 22:57:41,512 [9d40cccf-8c3a-4da2-ab03-ca5c7975d909-groupManagement] INFO  server.RaftServerConfigKeys (ConfUtils.java:logGet(46)) - raft.server.log.segment.cache.size.max = 200MB (=209715200) (default)
2023-05-31 22:57:41,512 [9d40cccf-8c3a-4da2-ab03-ca5c7975d909-groupManagement] INFO  server.RaftServerConfigKeys (ConfUtils.java:logGet(46)) - raft.server.log.appender.buffer.byte-limit = 33554432 (custom)
2023-05-31 22:57:41,513 [9d40cccf-8c3a-4da2-ab03-ca5c7975d909-groupManagement] INFO  segmented.SegmentedRaftLogWorker (SegmentedRaftLogWorker.java:<init>(188)) - new 9d40cccf-8c3a-4da2-ab03-ca5c7975d909@group-89448B7302E5-SegmentedRaftLogWorker for RaftStorageImpl:Storage Directory /home/runner/work/ozone/ozone/hadoop-ozone/integration-test/target/test-dir/MiniOzoneClusterImpl-816a41a7-5c89-4e8c-81ba-db0c8b26fb2d/datanode-4/data/ratis/c80f1ec5-dc82-4443-8f1f-89448b7302e5
2023-05-31 22:57:41,513 [9d40cccf-8c3a-4da2-ab03-ca5c7975d909-groupManagement] INFO  server.RaftServerConfigKeys (ConfUtils.java:logGet(46)) - raft.server.log.queue.byte-limit = 4294967296 (custom)
2023-05-31 22:57:41,513 [9d40cccf-8c3a-4da2-ab03-ca5c7975d909-groupManagement] INFO  server.RaftServerConfigKeys (ConfUtils.java:logGet(46)) - raft.server.log.queue.element-limit = 1024 (custom)
2023-05-31 22:57:41,513 [9d40cccf-8c3a-4da2-ab03-ca5c7975d909-groupManagement] INFO  server.RaftServerConfigKeys (ConfUtils.java:logGet(46)) - raft.server.log.segment.size.max = 1048576 (custom)
2023-05-31 22:57:41,513 [9d40cccf-8c3a-4da2-ab03-ca5c7975d909-groupManagement] INFO  server.RaftServerConfigKeys (ConfUtils.java:logGet(46)) - raft.server.log.preallocated.size = 16384 (custom)
2023-05-31 22:57:41,513 [9d40cccf-8c3a-4da2-ab03-ca5c7975d909-groupManagement] INFO  server.RaftServerConfigKeys (ConfUtils.java:logGet(46)) - raft.server.log.force.sync.num = 128 (default)
2023-05-31 22:57:41,513 [9d40cccf-8c3a-4da2-ab03-ca5c7975d909-groupManagement] INFO  server.RaftServerConfigKeys (ConfUtils.java:logGet(46)) - raft.server.log.statemachine.data.sync = true (default)
2023-05-31 22:57:41,513 [9d40cccf-8c3a-4da2-ab03-ca5c7975d909-groupManagement] INFO  server.RaftServerConfigKeys (ConfUtils.java:logGet(46)) - raft.server.log.statemachine.data.sync.timeout = 10s (default)
2023-05-31 22:57:41,513 [9d40cccf-8c3a-4da2-ab03-ca5c7975d909-groupManagement] INFO  server.RaftServerConfigKeys (ConfUtils.java:logGet(46)) - raft.server.log.statemachine.data.sync.timeout.retry = -1 (default)
2023-05-31 22:57:41,515 [EventQueue-PipelineReportForPipelineReportHandler] INFO  pipeline.PipelineManagerImpl (PipelineManagerImpl.java:openPipeline(367)) - Pipeline Pipeline[ Id: c80f1ec5-dc82-4443-8f1f-89448b7302e5, Nodes: 9d40cccf-8c3a-4da2-ab03-ca5c7975d909(fv-az844-56.kvdfyhrxhd0epk3sa4trub4njc.xx.internal.cloudapp.net/10.1.0.15), ReplicationConfig: RATIS/ONE, State:ALLOCATED, leaderId:9d40cccf-8c3a-4da2-ab03-ca5c7975d909, CreationTimestamp2023-05-31T22:57:38.457Z[Etc/UTC]] moved to OPEN state
2023-05-31 22:57:41,508 [BlockDeletingService#0] INFO  interfaces.ContainerDeletionChoosingPolicyTemplate (ContainerDeletionChoosingPolicyTemplate.java:chooseContainerForBlockDeletion(83)) - Chosen 0/5000 blocks from 0 candidate containers.
2023-05-31 22:57:41,516 [EventQueue-OpenPipelineForHealthyPipelineSafeModeRule] INFO  safemode.SCMSafeModeManager (HealthyPipelineSafeModeRule.java:process(137)) - SCM in safe mode. Healthy pipelines reported count is 0, required healthy pipeline reported count is 1
2023-05-31 22:57:41,539 [9d40cccf-8c3a-4da2-ab03-ca5c7975d909-groupManagement] INFO  server.RaftServerConfigKeys (ConfUtils.java:logGet(46)) - raft.server.log.write.buffer.size = 1048576 (custom)
2023-05-31 22:57:41,540 [9d40cccf-8c3a-4da2-ab03-ca5c7975d909-groupManagement] INFO  server.RaftServerConfigKeys (ConfUtils.java:logGet(46)) - raft.server.log.appender.buffer.byte-limit = 33554432 (custom)
2023-05-31 22:57:41,550 [9d40cccf-8c3a-4da2-ab03-ca5c7975d909-groupManagement] INFO  server.RaftServerConfigKeys (ConfUtils.java:logGet(46)) - raft.server.log.unsafe-flush.enabled = false (default)
2023-05-31 22:57:41,550 [9d40cccf-8c3a-4da2-ab03-ca5c7975d909-groupManagement] INFO  server.RaftServerConfigKeys (ConfUtils.java:logGet(46)) - raft.server.log.async-flush.enabled = false (default)
2023-05-31 22:57:41,551 [9d40cccf-8c3a-4da2-ab03-ca5c7975d909-groupManagement] INFO  server.RaftServerConfigKeys (ConfUtils.java:logGet(46)) - raft.server.log.statemachine.data.caching.enabled = true (custom)
2023-05-31 22:57:41,551 [9d40cccf-8c3a-4da2-ab03-ca5c7975d909-groupManagement] INFO  segmented.SegmentedRaftLogWorker (SegmentedRaftLogWorker.java:lambda$new$0(135)) - 9d40cccf-8c3a-4da2-ab03-ca5c7975d909@group-89448B7302E5-SegmentedRaftLogWorker: flushIndex: setUnconditionally 0 -> -1
2023-05-31 22:57:41,551 [9d40cccf-8c3a-4da2-ab03-ca5c7975d909-groupManagement] INFO  segmented.SegmentedRaftLogWorker (SegmentedRaftLogWorker.java:lambda$new$0(135)) - 9d40cccf-8c3a-4da2-ab03-ca5c7975d909@group-89448B7302E5-SegmentedRaftLogWorker: safeCacheEvictIndex: setUnconditionally 0 -> -1
2023-05-31 22:57:41,551 [9d40cccf-8c3a-4da2-ab03-ca5c7975d909-groupManagement] INFO  server.RaftServer$Division (RaftServerImpl.java:start(342)) - 9d40cccf-8c3a-4da2-ab03-ca5c7975d909@group-89448B7302E5: start as a follower, conf=-1: peers:[9d40cccf-8c3a-4da2-ab03-ca5c7975d909|rpc:10.1.0.15:15050|admin:10.1.0.15:15049|client:10.1.0.15:15048|dataStream:10.1.0.15:15051|priority:1|startupRole:FOLLOWER]|listeners:[], old=null
2023-05-31 22:57:41,551 [9d40cccf-8c3a-4da2-ab03-ca5c7975d909-groupManagement] INFO  server.RaftServer$Division (RaftServerImpl.java:setRole(329)) - 9d40cccf-8c3a-4da2-ab03-ca5c7975d909@group-89448B7302E5: changes role from      null to FOLLOWER at term 0 for startAsFollower
2023-05-31 22:57:41,552 [9d40cccf-8c3a-4da2-ab03-ca5c7975d909-groupManagement] INFO  impl.RoleInfo (RoleInfo.java:updateAndGet(139)) - 9d40cccf-8c3a-4da2-ab03-ca5c7975d909: start 9d40cccf-8c3a-4da2-ab03-ca5c7975d909@group-89448B7302E5-FollowerState
2023-05-31 22:57:41,552 [PipelineCommandHandlerThread-0] INFO  commandhandler.CreatePipelineCommandHandler (CreatePipelineCommandHandler.java:lambda$handle$2(124)) - Created Pipeline RATIS THREE PipelineID=dfa5ddec-ab7a-4414-a630-ad78ee493e03.
2023-05-31 22:57:41,553 [grpc-default-executor-1] INFO  server.RaftServer (RaftServerProxy.java:addNew(98)) - 9d40cccf-8c3a-4da2-ab03-ca5c7975d909: addNew group-FAAF52ABF0C5:[83cc0f91-5896-42fb-be30-113915710489|rpc:10.1.0.15:15059|admin:10.1.0.15:15058|client:10.1.0.15:15057|dataStream:10.1.0.15:15060|priority:1|startupRole:FOLLOWER, 9d40cccf-8c3a-4da2-ab03-ca5c7975d909|rpc:10.1.0.15:15050|admin:10.1.0.15:15049|client:10.1.0.15:15048|dataStream:10.1.0.15:15051|priority:0|startupRole:FOLLOWER, 41c98476-2059-4142-8ca0-ae93b0d149f4|rpc:10.1.0.15:15041|admin:10.1.0.15:15040|client:10.1.0.15:15039|dataStream:10.1.0.15:15042|priority:0|startupRole:FOLLOWER] returns group-FAAF52ABF0C5:java.util.concurrent.CompletableFuture@6f1b7ff7[Not completed]
2023-05-31 22:57:41,554 [9d40cccf-8c3a-4da2-ab03-ca5c7975d909-groupManagement] INFO  util.JmxRegister (JmxRegister.java:tryRegister(44)) - Successfully registered JMX Bean with object name Ratis:service=RaftServer,group=group-89448B7302E5,id=9d40cccf-8c3a-4da2-ab03-ca5c7975d909
2023-05-31 22:57:41,554 [9d40cccf-8c3a-4da2-ab03-ca5c7975d909-groupManagement] INFO  server.RaftServerConfigKeys (ConfUtils.java:logGet(46)) - raft.server.snapshot.auto.trigger.enabled = true (custom)
2023-05-31 22:57:41,554 [9d40cccf-8c3a-4da2-ab03-ca5c7975d909-groupManagement] INFO  server.RaftServerConfigKeys (ConfUtils.java:logGet(46)) - raft.server.snapshot.auto.trigger.threshold = 10000 (custom)
2023-05-31 22:57:41,554 [9d40cccf-8c3a-4da2-ab03-ca5c7975d909-groupManagement] INFO  server.RaftServerConfigKeys (ConfUtils.java:logGet(46)) - raft.server.snapshot.retention.file.num = 5 (custom)
2023-05-31 22:57:41,554 [9d40cccf-8c3a-4da2-ab03-ca5c7975d909-groupManagement] INFO  server.RaftServerConfigKeys (ConfUtils.java:logGet(46)) - raft.server.log.purge.upto.snapshot.index = false (default)
2023-05-31 22:57:41,554 [9d40cccf-8c3a-4da2-ab03-ca5c7975d909@group-89448B7302E5-FollowerState] INFO  server.RaftServerConfigKeys (ConfUtils.java:logFallback(53)) - raft.server.rpc.first-election.timeout.min = 5s (fallback to raft.server.rpc.timeout.min)
2023-05-31 22:57:41,555 [9d40cccf-8c3a-4da2-ab03-ca5c7975d909@group-89448B7302E5-FollowerState] INFO  server.RaftServerConfigKeys (ConfUtils.java:logFallback(53)) - raft.server.rpc.first-election.timeout.max = 5200ms (fallback to raft.server.rpc.timeout.max)
2023-05-31 22:57:41,556 [PipelineCommandHandlerThread-0] INFO  ratis.XceiverServerRatis (XceiverServerRatis.java:addGroup(804)) - Created group PipelineID=c80f1ec5-dc82-4443-8f1f-89448b7302e5
2023-05-31 22:57:41,556 [PipelineCommandHandlerThread-0] INFO  commandhandler.CreatePipelineCommandHandler (CreatePipelineCommandHandler.java:lambda$handle$2(124)) - Created Pipeline RATIS ONE PipelineID=c80f1ec5-dc82-4443-8f1f-89448b7302e5.
2023-05-31 22:57:41,556 [PipelineCommandHandlerThread-0] INFO  server.RaftServer (RaftServerProxy.java:addNew(98)) - 9d40cccf-8c3a-4da2-ab03-ca5c7975d909: addNew group-30D5F45409B1:[83cc0f91-5896-42fb-be30-113915710489|rpc:10.1.0.15:15059|admin:10.1.0.15:15058|client:10.1.0.15:15057|dataStream:10.1.0.15:15060|priority:0|startupRole:FOLLOWER, 9d40cccf-8c3a-4da2-ab03-ca5c7975d909|rpc:10.1.0.15:15050|admin:10.1.0.15:15049|client:10.1.0.15:15048|dataStream:10.1.0.15:15051|priority:0|startupRole:FOLLOWER, 41c98476-2059-4142-8ca0-ae93b0d149f4|rpc:10.1.0.15:15041|admin:10.1.0.15:15040|client:10.1.0.15:15039|dataStream:10.1.0.15:15042|priority:1|startupRole:FOLLOWER] returns group-30D5F45409B1:java.util.concurrent.CompletableFuture@2d41d3a6[Not completed]
2023-05-31 22:57:41,558 [9d40cccf-8c3a-4da2-ab03-ca5c7975d909-groupManagement] INFO  server.RaftServer$Division (RaftServerImpl.java:<init>(198)) - 9d40cccf-8c3a-4da2-ab03-ca5c7975d909: new RaftServerImpl for group-FAAF52ABF0C5:[83cc0f91-5896-42fb-be30-113915710489|rpc:10.1.0.15:15059|admin:10.1.0.15:15058|client:10.1.0.15:15057|dataStream:10.1.0.15:15060|priority:1|startupRole:FOLLOWER, 9d40cccf-8c3a-4da2-ab03-ca5c7975d909|rpc:10.1.0.15:15050|admin:10.1.0.15:15049|client:10.1.0.15:15048|dataStream:10.1.0.15:15051|priority:0|startupRole:FOLLOWER, 41c98476-2059-4142-8ca0-ae93b0d149f4|rpc:10.1.0.15:15041|admin:10.1.0.15:15040|client:10.1.0.15:15039|dataStream:10.1.0.15:15042|priority:0|startupRole:FOLLOWER] with ContainerStateMachine:uninitialized
2023-05-31 22:57:41,558 [9d40cccf-8c3a-4da2-ab03-ca5c7975d909-groupManagement] INFO  server.RaftServerConfigKeys (ConfUtils.java:logGet(46)) - raft.server.rpc.timeout.min = 5s (custom)
2023-05-31 22:57:41,558 [9d40cccf-8c3a-4da2-ab03-ca5c7975d909-groupManagement] INFO  server.RaftServerConfigKeys (ConfUtils.java:logGet(46)) - raft.server.rpc.timeout.max = 5200ms (custom)
2023-05-31 22:57:41,558 [9d40cccf-8c3a-4da2-ab03-ca5c7975d909-groupManagement] INFO  server.RaftServerConfigKeys (ConfUtils.java:logGet(46)) - raft.server.rpc.sleep.time = 25ms (default)
2023-05-31 22:57:41,558 [9d40cccf-8c3a-4da2-ab03-ca5c7975d909-groupManagement] INFO  server.RaftServerConfigKeys (ConfUtils.java:logGet(46)) - raft.server.rpc.slowness.timeout = 300s (custom)
2023-05-31 22:57:41,558 [9d40cccf-8c3a-4da2-ab03-ca5c7975d909-groupManagement] INFO  server.RaftServerConfigKeys (ConfUtils.java:logGet(46)) - raft.server.leaderelection.leader.step-down.wait-time = 10s (default)
2023-05-31 22:57:41,558 [9d40cccf-8c3a-4da2-ab03-ca5c7975d909-groupManagement] INFO  server.RaftServerConfigKeys (ConfUtils.java:logGet(46)) - raft.server.sleep.deviation.threshold = 300ms (default)
2023-05-31 22:57:41,558 [9d40cccf-8c3a-4da2-ab03-ca5c7975d909-groupManagement] INFO  server.RaftServer$Division (ServerState.java:<init>(120)) - 9d40cccf-8c3a-4da2-ab03-ca5c7975d909@group-FAAF52ABF0C5: ConfigurationManager, init=-1: peers:[83cc0f91-5896-42fb-be30-113915710489|rpc:10.1.0.15:15059|admin:10.1.0.15:15058|client:10.1.0.15:15057|dataStream:10.1.0.15:15060|priority:1|startupRole:FOLLOWER, 9d40cccf-8c3a-4da2-ab03-ca5c7975d909|rpc:10.1.0.15:15050|admin:10.1.0.15:15049|client:10.1.0.15:15048|dataStream:10.1.0.15:15051|priority:0|startupRole:FOLLOWER, 41c98476-2059-4142-8ca0-ae93b0d149f4|rpc:10.1.0.15:15041|admin:10.1.0.15:15040|client:10.1.0.15:15039|dataStream:10.1.0.15:15042|priority:0|startupRole:FOLLOWER]|listeners:[], old=null, confs=<EMPTY_MAP>
2023-05-31 22:57:41,559 [9d40cccf-8c3a-4da2-ab03-ca5c7975d909-groupManagement] INFO  server.RaftServerConfigKeys (ConfUtils.java:logGet(46)) - raft.server.storage.dir = [/home/runner/work/ozone/ozone/hadoop-ozone/integration-test/target/test-dir/MiniOzoneClusterImpl-816a41a7-5c89-4e8c-81ba-db0c8b26fb2d/datanode-4/data/ratis] (custom)
2023-05-31 22:57:41,559 [9d40cccf-8c3a-4da2-ab03-ca5c7975d909-groupManagement] INFO  server.RaftServerConfigKeys (ConfUtils.java:logGet(46)) - raft.server.log.corruption.policy = EXCEPTION (default)
2023-05-31 22:57:41,559 [9d40cccf-8c3a-4da2-ab03-ca5c7975d909-groupManagement] INFO  server.RaftServerConfigKeys (ConfUtils.java:logGet(46)) - raft.server.storage.free-space.min = 0MB (=0) (default)
2023-05-31 22:57:41,560 [9d40cccf-8c3a-4da2-ab03-ca5c7975d909-groupManagement] INFO  server.RaftServerConfigKeys (ConfUtils.java:logGet(46)) - raft.server.notification.no-leader.timeout = 300s (custom)
2023-05-31 22:57:41,560 [9d40cccf-8c3a-4da2-ab03-ca5c7975d909-groupManagement] INFO  server.RaftServerConfigKeys (ConfUtils.java:logGet(46)) - raft.server.read.timeout = 10s (default)
2023-05-31 22:57:41,560 [9d40cccf-8c3a-4da2-ab03-ca5c7975d909-groupManagement] INFO  server.RaftServerConfigKeys (ConfUtils.java:logGet(46)) - raft.server.retrycache.expirytime = 600000ms (custom)
2023-05-31 22:57:41,560 [9d40cccf-8c3a-4da2-ab03-ca5c7975d909-groupManagement] INFO  server.RaftServerConfigKeys (ConfUtils.java:logGet(46)) - raft.server.retrycache.statistics.expirytime = 100μs (default)
2023-05-31 22:57:41,560 [9d40cccf-8c3a-4da2-ab03-ca5c7975d909-groupManagement] INFO  server.RaftServerConfigKeys (ConfUtils.java:logGet(46)) - raft.server.read.option = DEFAULT (default)
2023-05-31 22:57:41,562 [9d40cccf-8c3a-4da2-ab03-ca5c7975d909-groupManagement] INFO  server.RaftServerConfigKeys (ConfUtils.java:logGet(46)) - raft.server.rpc.request.timeout = 60s (custom)
2023-05-31 22:57:41,562 [9d40cccf-8c3a-4da2-ab03-ca5c7975d909-groupManagement] INFO  server.RaftServerConfigKeys (ConfUtils.java:logGet(46)) - raft.server.log.appender.install.snapshot.enabled = false (custom)
2023-05-31 22:57:41,562 [9d40cccf-8c3a-4da2-ab03-ca5c7975d909-groupManagement] INFO  server.RaftServerConfigKeys (ConfUtils.java:logGet(46)) - raft.server.threadpool.server.cached = true (default)
2023-05-31 22:57:41,562 [9d40cccf-8c3a-4da2-ab03-ca5c7975d909-groupManagement] INFO  server.RaftServerConfigKeys (ConfUtils.java:logGet(46)) - raft.server.threadpool.server.size = 0 (default)
2023-05-31 22:57:41,562 [9d40cccf-8c3a-4da2-ab03-ca5c7975d909-groupManagement] INFO  server.RaftServerConfigKeys (ConfUtils.java:logGet(46)) - raft.server.threadpool.client.cached = true (default)
2023-05-31 22:57:41,562 [9d40cccf-8c3a-4da2-ab03-ca5c7975d909-groupManagement] INFO  server.RaftServerConfigKeys (ConfUtils.java:logGet(46)) - raft.server.threadpool.client.size = 0 (default)
2023-05-31 22:57:41,563 [9d40cccf-8c3a-4da2-ab03-ca5c7975d909-groupManagement] INFO  server.RaftServer$Division (RaftServerImpl.java:<init>(198)) - 9d40cccf-8c3a-4da2-ab03-ca5c7975d909: new RaftServerImpl for group-30D5F45409B1:[83cc0f91-5896-42fb-be30-113915710489|rpc:10.1.0.15:15059|admin:10.1.0.15:15058|client:10.1.0.15:15057|dataStream:10.1.0.15:15060|priority:0|startupRole:FOLLOWER, 9d40cccf-8c3a-4da2-ab03-ca5c7975d909|rpc:10.1.0.15:15050|admin:10.1.0.15:15049|client:10.1.0.15:15048|dataStream:10.1.0.15:15051|priority:0|startupRole:FOLLOWER, 41c98476-2059-4142-8ca0-ae93b0d149f4|rpc:10.1.0.15:15041|admin:10.1.0.15:15040|client:10.1.0.15:15039|dataStream:10.1.0.15:15042|priority:1|startupRole:FOLLOWER] with ContainerStateMachine:uninitialized
2023-05-31 22:57:41,563 [9d40cccf-8c3a-4da2-ab03-ca5c7975d909-groupManagement] INFO  server.RaftServerConfigKeys (ConfUtils.java:logGet(46)) - raft.server.rpc.timeout.min = 5s (custom)
2023-05-31 22:57:41,564 [9d40cccf-8c3a-4da2-ab03-ca5c7975d909-groupManagement] INFO  server.RaftServerConfigKeys (ConfUtils.java:logGet(46)) - raft.server.rpc.timeout.max = 5200ms (custom)
2023-05-31 22:57:41,564 [9d40cccf-8c3a-4da2-ab03-ca5c7975d909-groupManagement] INFO  server.RaftServerConfigKeys (ConfUtils.java:logGet(46)) - raft.server.rpc.sleep.time = 25ms (default)
2023-05-31 22:57:41,564 [9d40cccf-8c3a-4da2-ab03-ca5c7975d909-groupManagement] INFO  server.RaftServerConfigKeys (ConfUtils.java:logGet(46)) - raft.server.rpc.slowness.timeout = 300s (custom)
2023-05-31 22:57:41,564 [9d40cccf-8c3a-4da2-ab03-ca5c7975d909-groupManagement] INFO  server.RaftServerConfigKeys (ConfUtils.java:logGet(46)) - raft.server.leaderelection.leader.step-down.wait-time = 10s (default)
2023-05-31 22:57:41,564 [9d40cccf-8c3a-4da2-ab03-ca5c7975d909-groupManagement] INFO  server.RaftServerConfigKeys (ConfUtils.java:logGet(46)) - raft.server.sleep.deviation.threshold = 300ms (default)
2023-05-31 22:57:41,564 [9d40cccf-8c3a-4da2-ab03-ca5c7975d909-groupManagement] INFO  server.RaftServer$Division (ServerState.java:<init>(120)) - 9d40cccf-8c3a-4da2-ab03-ca5c7975d909@group-30D5F45409B1: ConfigurationManager, init=-1: peers:[83cc0f91-5896-42fb-be30-113915710489|rpc:10.1.0.15:15059|admin:10.1.0.15:15058|client:10.1.0.15:15057|dataStream:10.1.0.15:15060|priority:0|startupRole:FOLLOWER, 9d40cccf-8c3a-4da2-ab03-ca5c7975d909|rpc:10.1.0.15:15050|admin:10.1.0.15:15049|client:10.1.0.15:15048|dataStream:10.1.0.15:15051|priority:0|startupRole:FOLLOWER, 41c98476-2059-4142-8ca0-ae93b0d149f4|rpc:10.1.0.15:15041|admin:10.1.0.15:15040|client:10.1.0.15:15039|dataStream:10.1.0.15:15042|priority:1|startupRole:FOLLOWER]|listeners:[], old=null, confs=<EMPTY_MAP>
2023-05-31 22:57:41,564 [9d40cccf-8c3a-4da2-ab03-ca5c7975d909-groupManagement] INFO  server.RaftServerConfigKeys (ConfUtils.java:logGet(46)) - raft.server.storage.dir = [/home/runner/work/ozone/ozone/hadoop-ozone/integration-test/target/test-dir/MiniOzoneClusterImpl-816a41a7-5c89-4e8c-81ba-db0c8b26fb2d/datanode-4/data/ratis] (custom)
2023-05-31 22:57:41,564 [9d40cccf-8c3a-4da2-ab03-ca5c7975d909-groupManagement] INFO  server.RaftServerConfigKeys (ConfUtils.java:logGet(46)) - raft.server.log.corruption.policy = EXCEPTION (default)
2023-05-31 22:57:41,564 [9d40cccf-8c3a-4da2-ab03-ca5c7975d909-groupManagement] INFO  server.RaftServerConfigKeys (ConfUtils.java:logGet(46)) - raft.server.storage.free-space.min = 0MB (=0) (default)
2023-05-31 22:57:41,564 [9d40cccf-8c3a-4da2-ab03-ca5c7975d909-groupManagement] INFO  server.RaftServerConfigKeys (ConfUtils.java:logGet(46)) - raft.server.notification.no-leader.timeout = 300s (custom)
2023-05-31 22:57:41,565 [9d40cccf-8c3a-4da2-ab03-ca5c7975d909-groupManagement] INFO  server.RaftServerConfigKeys (ConfUtils.java:logGet(46)) - raft.server.read.timeout = 10s (default)
2023-05-31 22:57:41,565 [9d40cccf-8c3a-4da2-ab03-ca5c7975d909-groupManagement] INFO  server.RaftServerConfigKeys (ConfUtils.java:logGet(46)) - raft.server.retrycache.expirytime = 600000ms (custom)
2023-05-31 22:57:41,565 [9d40cccf-8c3a-4da2-ab03-ca5c7975d909-groupManagement] INFO  server.RaftServerConfigKeys (ConfUtils.java:logGet(46)) - raft.server.retrycache.statistics.expirytime = 100μs (default)
2023-05-31 22:57:41,565 [9d40cccf-8c3a-4da2-ab03-ca5c7975d909-groupManagement] INFO  server.RaftServerConfigKeys (ConfUtils.java:logGet(46)) - raft.server.read.option = DEFAULT (default)
2023-05-31 22:57:41,567 [9d40cccf-8c3a-4da2-ab03-ca5c7975d909-groupManagement] INFO  server.RaftServerConfigKeys (ConfUtils.java:logGet(46)) - raft.server.rpc.request.timeout = 60s (custom)
2023-05-31 22:57:41,567 [9d40cccf-8c3a-4da2-ab03-ca5c7975d909-groupManagement] INFO  server.RaftServerConfigKeys (ConfUtils.java:logGet(46)) - raft.server.log.appender.install.snapshot.enabled = false (custom)
2023-05-31 22:57:41,567 [9d40cccf-8c3a-4da2-ab03-ca5c7975d909-groupManagement] INFO  server.RaftServerConfigKeys (ConfUtils.java:logGet(46)) - raft.server.threadpool.server.cached = true (default)
2023-05-31 22:57:41,567 [9d40cccf-8c3a-4da2-ab03-ca5c7975d909-groupManagement] INFO  server.RaftServerConfigKeys (ConfUtils.java:logGet(46)) - raft.server.threadpool.server.size = 0 (default)
2023-05-31 22:57:41,567 [9d40cccf-8c3a-4da2-ab03-ca5c7975d909-groupManagement] INFO  server.RaftServerConfigKeys (ConfUtils.java:logGet(46)) - raft.server.threadpool.client.cached = true (default)
2023-05-31 22:57:41,567 [9d40cccf-8c3a-4da2-ab03-ca5c7975d909-groupManagement] INFO  server.RaftServerConfigKeys (ConfUtils.java:logGet(46)) - raft.server.threadpool.client.size = 0 (default)
2023-05-31 22:57:41,567 [9d40cccf-8c3a-4da2-ab03-ca5c7975d909-groupManagement] INFO  storage.RaftStorageDirectory (RaftStorageDirectoryImpl.java:analyzeStorage(137)) - The storage directory /home/runner/work/ozone/ozone/hadoop-ozone/integration-test/target/test-dir/MiniOzoneClusterImpl-816a41a7-5c89-4e8c-81ba-db0c8b26fb2d/datanode-4/data/ratis/f8f340ea-534e-4abd-be4c-faaf52abf0c5 does not exist. Creating ...
2023-05-31 22:57:41,568 [9d40cccf-8c3a-4da2-ab03-ca5c7975d909-groupManagement] INFO  storage.RaftStorageDirectory (RaftStorageDirectoryImpl.java:tryLock(231)) - Lock on /home/runner/work/ozone/ozone/hadoop-ozone/integration-test/target/test-dir/MiniOzoneClusterImpl-816a41a7-5c89-4e8c-81ba-db0c8b26fb2d/datanode-4/data/ratis/f8f340ea-534e-4abd-be4c-faaf52abf0c5/in_use.lock acquired by nodename 15007@fv-az844-56
2023-05-31 22:57:41,570 [9d40cccf-8c3a-4da2-ab03-ca5c7975d909-groupManagement] INFO  storage.RaftStorage (RaftStorageImpl.java:format(96)) - Storage directory /home/runner/work/ozone/ozone/hadoop-ozone/integration-test/target/test-dir/MiniOzoneClusterImpl-816a41a7-5c89-4e8c-81ba-db0c8b26fb2d/datanode-4/data/ratis/f8f340ea-534e-4abd-be4c-faaf52abf0c5 has been successfully formatted.
2023-05-31 22:57:41,571 [9d40cccf-8c3a-4da2-ab03-ca5c7975d909-groupManagement] INFO  ratis.ContainerStateMachine (ContainerStateMachine.java:loadSnapshot(262)) - group-FAAF52ABF0C5: The snapshot info is null. Setting the last applied indexto:(t:0, i:~)
2023-05-31 22:57:41,571 [9d40cccf-8c3a-4da2-ab03-ca5c7975d909-groupManagement] INFO  server.RaftServerConfigKeys (ConfUtils.java:logGet(46)) - raft.server.log.use.memory = false (default)
2023-05-31 22:57:41,572 [9d40cccf-8c3a-4da2-ab03-ca5c7975d909-groupManagement] INFO  server.RaftServerConfigKeys (ConfUtils.java:logGet(46)) - raft.server.log.purge.gap = 1000000 (custom)
2023-05-31 22:57:41,572 [9d40cccf-8c3a-4da2-ab03-ca5c7975d909-groupManagement] INFO  server.RaftServerConfigKeys (ConfUtils.java:logGet(46)) - raft.server.log.appender.buffer.byte-limit = 33554432 (custom)
2023-05-31 22:57:41,572 [9d40cccf-8c3a-4da2-ab03-ca5c7975d909-groupManagement] INFO  server.RaftServerConfigKeys (ConfUtils.java:logGet(46)) - raft.server.log.statemachine.data.read.timeout = 1000ms (default)
2023-05-31 22:57:41,572 [9d40cccf-8c3a-4da2-ab03-ca5c7975d909-groupManagement] INFO  server.RaftServerConfigKeys (ConfUtils.java:logGet(46)) - raft.server.log.purge.preservation.log.num = 0 (default)
2023-05-31 22:57:41,572 [9d40cccf-8c3a-4da2-ab03-ca5c7975d909-groupManagement] INFO  server.RaftServerConfigKeys (ConfUtils.java:logGet(46)) - raft.server.log.segment.size.max = 1048576 (custom)
2023-05-31 22:57:41,573 [9d40cccf-8c3a-4da2-ab03-ca5c7975d909-groupManagement] INFO  server.RaftServerConfigKeys (ConfUtils.java:logGet(46)) - raft.server.log.segment.cache.num.max = 2 (custom)
2023-05-31 22:57:41,573 [9d40cccf-8c3a-4da2-ab03-ca5c7975d909-groupManagement] INFO  server.RaftServerConfigKeys (ConfUtils.java:logGet(46)) - raft.server.log.segment.cache.size.max = 200MB (=209715200) (default)
2023-05-31 22:57:41,573 [9d40cccf-8c3a-4da2-ab03-ca5c7975d909-groupManagement] INFO  server.RaftServerConfigKeys (ConfUtils.java:logGet(46)) - raft.server.log.appender.buffer.byte-limit = 33554432 (custom)
2023-05-31 22:57:41,574 [9d40cccf-8c3a-4da2-ab03-ca5c7975d909-groupManagement] INFO  segmented.SegmentedRaftLogWorker (SegmentedRaftLogWorker.java:<init>(188)) - new 9d40cccf-8c3a-4da2-ab03-ca5c7975d909@group-FAAF52ABF0C5-SegmentedRaftLogWorker for RaftStorageImpl:Storage Directory /home/runner/work/ozone/ozone/hadoop-ozone/integration-test/target/test-dir/MiniOzoneClusterImpl-816a41a7-5c89-4e8c-81ba-db0c8b26fb2d/datanode-4/data/ratis/f8f340ea-534e-4abd-be4c-faaf52abf0c5
2023-05-31 22:57:41,574 [9d40cccf-8c3a-4da2-ab03-ca5c7975d909-groupManagement] INFO  server.RaftServerConfigKeys (ConfUtils.java:logGet(46)) - raft.server.log.queue.byte-limit = 4294967296 (custom)
2023-05-31 22:57:41,575 [EventQueue-OpenPipelineForHealthyPipelineSafeModeRule] INFO  safemode.SCMSafeModeManager (HealthyPipelineSafeModeRule.java:process(137)) - SCM in safe mode. Healthy pipelines reported count is 0, required healthy pipeline reported count is 1
2023-05-31 22:57:41,576 [9d40cccf-8c3a-4da2-ab03-ca5c7975d909-groupManagement] INFO  server.RaftServerConfigKeys (ConfUtils.java:logGet(46)) - raft.server.log.queue.element-limit = 1024 (custom)
2023-05-31 22:57:41,576 [9d40cccf-8c3a-4da2-ab03-ca5c7975d909-groupManagement] INFO  server.RaftServerConfigKeys (ConfUtils.java:logGet(46)) - raft.server.log.segment.size.max = 1048576 (custom)
2023-05-31 22:57:41,576 [9d40cccf-8c3a-4da2-ab03-ca5c7975d909-groupManagement] INFO  server.RaftServerConfigKeys (ConfUtils.java:logGet(46)) - raft.server.log.preallocated.size = 16384 (custom)
2023-05-31 22:57:41,577 [9d40cccf-8c3a-4da2-ab03-ca5c7975d909-groupManagement] INFO  server.RaftServerConfigKeys (ConfUtils.java:logGet(46)) - raft.server.log.force.sync.num = 128 (default)
2023-05-31 22:57:41,577 [9d40cccf-8c3a-4da2-ab03-ca5c7975d909-groupManagement] INFO  server.RaftServerConfigKeys (ConfUtils.java:logGet(46)) - raft.server.log.statemachine.data.sync = true (default)
2023-05-31 22:57:41,577 [9d40cccf-8c3a-4da2-ab03-ca5c7975d909-groupManagement] INFO  server.RaftServerConfigKeys (ConfUtils.java:logGet(46)) - raft.server.log.statemachine.data.sync.timeout = 10s (default)
2023-05-31 22:57:41,577 [9d40cccf-8c3a-4da2-ab03-ca5c7975d909-groupManagement] INFO  server.RaftServerConfigKeys (ConfUtils.java:logGet(46)) - raft.server.log.statemachine.data.sync.timeout.retry = -1 (default)
2023-05-31 22:57:41,578 [9d40cccf-8c3a-4da2-ab03-ca5c7975d909-groupManagement] INFO  server.RaftServerConfigKeys (ConfUtils.java:logGet(46)) - raft.server.log.write.buffer.size = 1048576 (custom)
2023-05-31 22:57:41,580 [9d40cccf-8c3a-4da2-ab03-ca5c7975d909-groupManagement] INFO  server.RaftServerConfigKeys (ConfUtils.java:logGet(46)) - raft.server.log.appender.buffer.byte-limit = 33554432 (custom)
2023-05-31 22:57:41,964 [JvmPauseMonitor2] WARN  util.JvmPauseMonitor (JvmPauseMonitor.java:detectPause(124)) - JvmPauseMonitor-697d5b73-3ed9-4d18-b9d9-ca13a08090ac: Detected pause in JVM or host machine approximately 0.139s with 0.377s GC time.
GC pool 'PS MarkSweep' had collection(s): count=1 time=260ms
GC pool 'PS Scavenge' had collection(s): count=1 time=117ms
2023-05-31 22:57:41,964 [JvmPauseMonitor9] WARN  util.JvmPauseMonitor (JvmPauseMonitor.java:detectPause(124)) - JvmPauseMonitor-7c39489c-1c03-44c3-8ed9-36ad43776b05: Detected pause in JVM or host machine approximately 0.142s with 0.377s GC time.
GC pool 'PS MarkSweep' had collection(s): count=1 time=260ms
GC pool 'PS Scavenge' had collection(s): count=1 time=117ms
2023-05-31 22:57:41,965 [JvmPauseMonitor12] WARN  util.JvmPauseMonitor (JvmPauseMonitor.java:detectPause(124)) - JvmPauseMonitor-244a53c4-9cb3-439d-93c3-5e05515fc991: Detected pause in JVM or host machine approximately 0.159s with 0.377s GC time.
GC pool 'PS MarkSweep' had collection(s): count=1 time=260ms
GC pool 'PS Scavenge' had collection(s): count=1 time=117ms
2023-05-31 22:57:41,965 [JvmPauseMonitor1] WARN  util.JvmPauseMonitor (JvmPauseMonitor.java:detectPause(124)) - JvmPauseMonitor-9a93b867-0c49-44e3-a75c-2e530498b118: Detected pause in JVM or host machine approximately 0.159s with 0.377s GC time.
GC pool 'PS MarkSweep' had collection(s): count=1 time=260ms
GC pool 'PS Scavenge' had collection(s): count=1 time=117ms
2023-05-31 22:57:41,965 [JvmPauseMonitor7] WARN  util.JvmPauseMonitor (JvmPauseMonitor.java:detectPause(124)) - JvmPauseMonitor-667d9742-fdde-4102-a217-b966604d27c1: Detected pause in JVM or host machine approximately 0.161s with 0.377s GC time.
GC pool 'PS MarkSweep' had collection(s): count=1 time=260ms
GC pool 'PS Scavenge' had collection(s): count=1 time=117ms
2023-05-31 22:57:41,965 [JvmPauseMonitor6] WARN  util.JvmPauseMonitor (JvmPauseMonitor.java:detectPause(124)) - JvmPauseMonitor-83cc0f91-5896-42fb-be30-113915710489: Detected pause in JVM or host machine approximately 0.161s with 0.377s GC time.
GC pool 'PS MarkSweep' had collection(s): count=1 time=260ms
GC pool 'PS Scavenge' had collection(s): count=1 time=117ms
2023-05-31 22:57:41,965 [JvmPauseMonitor13] WARN  util.JvmPauseMonitor (JvmPauseMonitor.java:detectPause(124)) - JvmPauseMonitor-2fca467b-8261-48a6-b0b4-c0ececcd3716: Detected pause in JVM or host machine approximately 0.159s with 0.377s GC time.
GC pool 'PS MarkSweep' had collection(s): count=1 time=260ms
GC pool 'PS Scavenge' had collection(s): count=1 time=117ms
2023-05-31 22:57:41,966 [JvmPauseMonitor8] WARN  util.JvmPauseMonitor (JvmPauseMonitor.java:detectPause(124)) - JvmPauseMonitor-d17261cb-7782-4d5f-ae0d-593ca4af9c73: Detected pause in JVM or host machine approximately 0.162s with 0.377s GC time.
GC pool 'PS MarkSweep' had collection(s): count=1 time=260ms
GC pool 'PS Scavenge' had collection(s): count=1 time=117ms
2023-05-31 22:57:41,966 [JvmPauseMonitor5] WARN  util.JvmPauseMonitor (JvmPauseMonitor.java:detectPause(124)) - JvmPauseMonitor-9d40cccf-8c3a-4da2-ab03-ca5c7975d909: Detected pause in JVM or host machine approximately 0.162s with 0.377s GC time.
GC pool 'PS MarkSweep' had collection(s): count=1 time=260ms
GC pool 'PS Scavenge' had collection(s): count=1 time=117ms
2023-05-31 22:57:41,966 [JvmPauseMonitor4] WARN  util.JvmPauseMonitor (JvmPauseMonitor.java:detectPause(124)) - JvmPauseMonitor-41c98476-2059-4142-8ca0-ae93b0d149f4: Detected pause in JVM or host machine approximately 0.165s with 0.377s GC time.
GC pool 'PS MarkSweep' had collection(s): count=1 time=260ms
GC pool 'PS Scavenge' had collection(s): count=1 time=117ms
2023-05-31 22:57:41,966 [JvmPauseMonitor0] WARN  util.JvmPauseMonitor (JvmPauseMonitor.java:detectPause(124)) - JvmPauseMonitor-om1: Detected pause in JVM or host machine approximately 0.169s with 0.377s GC time.
GC pool 'PS MarkSweep' had collection(s): count=1 time=260ms
GC pool 'PS Scavenge' had collection(s): count=1 time=117ms
2023-05-31 22:57:41,967 [JvmPauseMonitor3] WARN  util.JvmPauseMonitor (JvmPauseMonitor.java:detectPause(124)) - JvmPauseMonitor-cdb52bc9-5e07-4eca-b7fa-f50f992e3122: Detected pause in JVM or host machine approximately 0.170s with 0.377s GC time.
GC pool 'PS MarkSweep' had collection(s): count=1 time=260ms
GC pool 'PS Scavenge' had collection(s): count=1 time=117ms
2023-05-31 22:57:41,968 [IPC Server handler 5 on default port 15002] INFO  net.NetworkTopologyImpl (NetworkTopologyImpl.java:add(112)) - Added a new node: /default-rack/244a53c4-9cb3-439d-93c3-5e05515fc991
2023-05-31 22:57:41,968 [IPC Server handler 5 on default port 15002] INFO  node.SCMNodeManager (SCMNodeManager.java:register(407)) - Registered Data node : 244a53c4-9cb3-439d-93c3-5e05515fc991{ip: 10.1.0.15, host: fv-az844-56.kvdfyhrxhd0epk3sa4trub4njc.xx.internal.cloudapp.net, ports: [HTTP=15108, CLIENT_RPC=15109, REPLICATION=15115, RATIS=15111, RATIS_ADMIN=15112, RATIS_SERVER=15113, RATIS_DATASTREAM=15114, STANDALONE=15110], networkLocation: /default-rack, certSerialId: null, persistedOpState: null, persistedOpStateExpiryEpochSec: 0}
2023-05-31 22:57:41,970 [EventQueue-NewNodeForNewNodeHandler] INFO  pipeline.BackgroundPipelineCreator (BackgroundPipelineCreator.java:notifyEventTriggered(276)) - trigger a one-shot run on RatisPipelineUtilsThread.
2023-05-31 22:57:41,971 [RatisPipelineUtilsThread - 0] INFO  pipeline.RatisPipelineProvider (RatisPipelineProvider.java:lambda$create$0(206)) - Sending CreatePipelineCommand for pipeline:PipelineID=e8593296-6335-477f-b268-8f640c2b7aab to datanode:244a53c4-9cb3-439d-93c3-5e05515fc991
2023-05-31 22:57:41,971 [RatisPipelineUtilsThread - 0] INFO  pipeline.PipelineStateManagerImpl (PipelineStateManagerImpl.java:addPipeline(103)) - Created pipeline Pipeline[ Id: e8593296-6335-477f-b268-8f640c2b7aab, Nodes: 244a53c4-9cb3-439d-93c3-5e05515fc991(fv-az844-56.kvdfyhrxhd0epk3sa4trub4njc.xx.internal.cloudapp.net/10.1.0.15), ReplicationConfig: RATIS/ONE, State:ALLOCATED, leaderId:, CreationTimestamp2023-05-31T22:57:41.970Z[Etc/UTC]].
2023-05-31 22:57:41,974 [RatisPipelineUtilsThread - 0] INFO  pipeline.RatisPipelineProvider (RatisPipelineProvider.java:lambda$create$0(206)) - Sending CreatePipelineCommand for pipeline:PipelineID=31c9f478-22b8-4318-8be4-a53698dce0f1 to datanode:160cf24b-84e6-41e3-a0dc-1baa6b89aef1
2023-05-31 22:57:41,974 [RatisPipelineUtilsThread - 0] INFO  pipeline.RatisPipelineProvider (RatisPipelineProvider.java:lambda$create$0(206)) - Sending CreatePipelineCommand for pipeline:PipelineID=31c9f478-22b8-4318-8be4-a53698dce0f1 to datanode:07122f08-5d38-49f7-8fdd-d2e34ec8d956
2023-05-31 22:57:41,974 [RatisPipelineUtilsThread - 0] INFO  pipeline.RatisPipelineProvider (RatisPipelineProvider.java:lambda$create$0(206)) - Sending CreatePipelineCommand for pipeline:PipelineID=31c9f478-22b8-4318-8be4-a53698dce0f1 to datanode:244a53c4-9cb3-439d-93c3-5e05515fc991
2023-05-31 22:57:41,975 [RatisPipelineUtilsThread - 0] INFO  pipeline.PipelineStateManagerImpl (PipelineStateManagerImpl.java:addPipeline(103)) - Created pipeline Pipeline[ Id: 31c9f478-22b8-4318-8be4-a53698dce0f1, Nodes: 160cf24b-84e6-41e3-a0dc-1baa6b89aef1(fv-az844-56.kvdfyhrxhd0epk3sa4trub4njc.xx.internal.cloudapp.net/10.1.0.15)07122f08-5d38-49f7-8fdd-d2e34ec8d956(fv-az844-56.kvdfyhrxhd0epk3sa4trub4njc.xx.internal.cloudapp.net/10.1.0.15)244a53c4-9cb3-439d-93c3-5e05515fc991(fv-az844-56.kvdfyhrxhd0epk3sa4trub4njc.xx.internal.cloudapp.net/10.1.0.15), ReplicationConfig: RATIS/THREE, State:ALLOCATED, leaderId:, CreationTimestamp2023-05-31T22:57:41.974Z[Etc/UTC]].
2023-05-31 22:57:41,977 [RatisPipelineUtilsThread - 0] INFO  pipeline.RatisPipelineProvider (RatisPipelineProvider.java:lambda$create$0(206)) - Sending CreatePipelineCommand for pipeline:PipelineID=8204a975-54d1-4424-9e3b-683ddcd52ae4 to datanode:07122f08-5d38-49f7-8fdd-d2e34ec8d956
2023-05-31 22:57:41,978 [RatisPipelineUtilsThread - 0] INFO  pipeline.RatisPipelineProvider (RatisPipelineProvider.java:lambda$create$0(206)) - Sending CreatePipelineCommand for pipeline:PipelineID=8204a975-54d1-4424-9e3b-683ddcd52ae4 to datanode:160cf24b-84e6-41e3-a0dc-1baa6b89aef1
2023-05-31 22:57:41,978 [RatisPipelineUtilsThread - 0] INFO  pipeline.RatisPipelineProvider (RatisPipelineProvider.java:lambda$create$0(206)) - Sending CreatePipelineCommand for pipeline:PipelineID=8204a975-54d1-4424-9e3b-683ddcd52ae4 to datanode:244a53c4-9cb3-439d-93c3-5e05515fc991
2023-05-31 22:57:41,979 [RatisPipelineUtilsThread - 0] INFO  pipeline.PipelineStateManagerImpl (PipelineStateManagerImpl.java:addPipeline(103)) - Created pipeline Pipeline[ Id: 8204a975-54d1-4424-9e3b-683ddcd52ae4, Nodes: 07122f08-5d38-49f7-8fdd-d2e34ec8d956(fv-az844-56.kvdfyhrxhd0epk3sa4trub4njc.xx.internal.cloudapp.net/10.1.0.15)160cf24b-84e6-41e3-a0dc-1baa6b89aef1(fv-az844-56.kvdfyhrxhd0epk3sa4trub4njc.xx.internal.cloudapp.net/10.1.0.15)244a53c4-9cb3-439d-93c3-5e05515fc991(fv-az844-56.kvdfyhrxhd0epk3sa4trub4njc.xx.internal.cloudapp.net/10.1.0.15), ReplicationConfig: RATIS/THREE, State:ALLOCATED, leaderId:, CreationTimestamp2023-05-31T22:57:41.977Z[Etc/UTC]].
2023-05-31 22:57:41,979 [RatisPipelineUtilsThread - 0] INFO  pipeline.PipelineManagerImpl (PipelineManagerImpl.java:recordMetricsForPipeline(826)) - Pipeline: PipelineID=8204a975-54d1-4424-9e3b-683ddcd52ae4 contains same datanodes as previous pipelines: PipelineID=31c9f478-22b8-4318-8be4-a53698dce0f1 nodeIds: 07122f08-5d38-49f7-8fdd-d2e34ec8d956, 160cf24b-84e6-41e3-a0dc-1baa6b89aef1, 244a53c4-9cb3-439d-93c3-5e05515fc991
2023-05-31 22:57:41,980 [RatisPipelineUtilsThread - 0] WARN  pipeline.PipelinePlacementPolicy (PipelinePlacementPolicy.java:filterViableNodes(160)) - Pipeline creation failed due to no sufficient healthy datanodes. Required 3. Found 0. Excluded 12.
2023-05-31 22:57:41,987 [9d40cccf-8c3a-4da2-ab03-ca5c7975d909-groupManagement] INFO  server.RaftServerConfigKeys (ConfUtils.java:logGet(46)) - raft.server.log.unsafe-flush.enabled = false (default)
2023-05-31 22:57:41,987 [9d40cccf-8c3a-4da2-ab03-ca5c7975d909-groupManagement] INFO  server.RaftServerConfigKeys (ConfUtils.java:logGet(46)) - raft.server.log.async-flush.enabled = false (default)
2023-05-31 22:57:41,987 [9d40cccf-8c3a-4da2-ab03-ca5c7975d909-groupManagement] INFO  server.RaftServerConfigKeys (ConfUtils.java:logGet(46)) - raft.server.log.statemachine.data.caching.enabled = true (custom)
2023-05-31 22:57:41,987 [9d40cccf-8c3a-4da2-ab03-ca5c7975d909-groupManagement] INFO  segmented.SegmentedRaftLogWorker (SegmentedRaftLogWorker.java:lambda$new$0(135)) - 9d40cccf-8c3a-4da2-ab03-ca5c7975d909@group-FAAF52ABF0C5-SegmentedRaftLogWorker: flushIndex: setUnconditionally 0 -> -1
2023-05-31 22:57:41,987 [9d40cccf-8c3a-4da2-ab03-ca5c7975d909-groupManagement] INFO  segmented.SegmentedRaftLogWorker (SegmentedRaftLogWorker.java:lambda$new$0(135)) - 9d40cccf-8c3a-4da2-ab03-ca5c7975d909@group-FAAF52ABF0C5-SegmentedRaftLogWorker: safeCacheEvictIndex: setUnconditionally 0 -> -1
2023-05-31 22:57:41,988 [9d40cccf-8c3a-4da2-ab03-ca5c7975d909-groupManagement] INFO  server.RaftServer$Division (RaftServerImpl.java:start(342)) - 9d40cccf-8c3a-4da2-ab03-ca5c7975d909@group-FAAF52ABF0C5: start as a follower, conf=-1: peers:[83cc0f91-5896-42fb-be30-113915710489|rpc:10.1.0.15:15059|admin:10.1.0.15:15058|client:10.1.0.15:15057|dataStream:10.1.0.15:15060|priority:1|startupRole:FOLLOWER, 9d40cccf-8c3a-4da2-ab03-ca5c7975d909|rpc:10.1.0.15:15050|admin:10.1.0.15:15049|client:10.1.0.15:15048|dataStream:10.1.0.15:15051|priority:0|startupRole:FOLLOWER, 41c98476-2059-4142-8ca0-ae93b0d149f4|rpc:10.1.0.15:15041|admin:10.1.0.15:15040|client:10.1.0.15:15039|dataStream:10.1.0.15:15042|priority:0|startupRole:FOLLOWER]|listeners:[], old=null
2023-05-31 22:57:41,988 [9d40cccf-8c3a-4da2-ab03-ca5c7975d909-groupManagement] INFO  server.RaftServer$Division (RaftServerImpl.java:setRole(329)) - 9d40cccf-8c3a-4da2-ab03-ca5c7975d909@group-FAAF52ABF0C5: changes role from      null to FOLLOWER at term 0 for startAsFollower
2023-05-31 22:57:41,988 [9d40cccf-8c3a-4da2-ab03-ca5c7975d909-groupManagement] INFO  impl.RoleInfo (RoleInfo.java:updateAndGet(139)) - 9d40cccf-8c3a-4da2-ab03-ca5c7975d909: start 9d40cccf-8c3a-4da2-ab03-ca5c7975d909@group-FAAF52ABF0C5-FollowerState
2023-05-31 22:57:41,988 [9d40cccf-8c3a-4da2-ab03-ca5c7975d909-groupManagement] INFO  util.JmxRegister (JmxRegister.java:tryRegister(44)) - Successfully registered JMX Bean with object name Ratis:service=RaftServer,group=group-FAAF52ABF0C5,id=9d40cccf-8c3a-4da2-ab03-ca5c7975d909
2023-05-31 22:57:41,988 [9d40cccf-8c3a-4da2-ab03-ca5c7975d909-groupManagement] INFO  server.RaftServerConfigKeys (ConfUtils.java:logGet(46)) - raft.server.snapshot.auto.trigger.enabled = true (custom)
2023-05-31 22:57:41,988 [9d40cccf-8c3a-4da2-ab03-ca5c7975d909-groupManagement] INFO  server.RaftServerConfigKeys (ConfUtils.java:logGet(46)) - raft.server.snapshot.auto.trigger.threshold = 10000 (custom)
2023-05-31 22:57:41,988 [9d40cccf-8c3a-4da2-ab03-ca5c7975d909-groupManagement] INFO  server.RaftServerConfigKeys (ConfUtils.java:logGet(46)) - raft.server.snapshot.retention.file.num = 5 (custom)
2023-05-31 22:57:41,988 [9d40cccf-8c3a-4da2-ab03-ca5c7975d909-groupManagement] INFO  server.RaftServerConfigKeys (ConfUtils.java:logGet(46)) - raft.server.log.purge.upto.snapshot.index = false (default)
2023-05-31 22:57:41,989 [9d40cccf-8c3a-4da2-ab03-ca5c7975d909@group-FAAF52ABF0C5-FollowerState] INFO  server.RaftServerConfigKeys (ConfUtils.java:logFallback(53)) - raft.server.rpc.first-election.timeout.min = 5s (fallback to raft.server.rpc.timeout.min)
2023-05-31 22:57:41,989 [9d40cccf-8c3a-4da2-ab03-ca5c7975d909@group-FAAF52ABF0C5-FollowerState] INFO  server.RaftServerConfigKeys (ConfUtils.java:logFallback(53)) - raft.server.rpc.first-election.timeout.max = 5200ms (fallback to raft.server.rpc.timeout.max)
2023-05-31 22:57:41,992 [PipelineCommandHandlerThread-0] INFO  server.RaftServer (RaftServerProxy.java:addNew(98)) - 83cc0f91-5896-42fb-be30-113915710489: addNew group-3EBA66C287E9:[83cc0f91-5896-42fb-be30-113915710489|rpc:10.1.0.15:15059|admin:10.1.0.15:15058|client:10.1.0.15:15057|dataStream:10.1.0.15:15060|priority:1|startupRole:FOLLOWER] returns group-3EBA66C287E9:java.util.concurrent.CompletableFuture@620e0a94[Not completed]
2023-05-31 22:57:41,994 [83cc0f91-5896-42fb-be30-113915710489-groupManagement] INFO  server.RaftServer$Division (RaftServerImpl.java:<init>(198)) - 83cc0f91-5896-42fb-be30-113915710489: new RaftServerImpl for group-3EBA66C287E9:[83cc0f91-5896-42fb-be30-113915710489|rpc:10.1.0.15:15059|admin:10.1.0.15:15058|client:10.1.0.15:15057|dataStream:10.1.0.15:15060|priority:1|startupRole:FOLLOWER] with ContainerStateMachine:uninitialized
2023-05-31 22:57:41,994 [83cc0f91-5896-42fb-be30-113915710489-groupManagement] INFO  server.RaftServerConfigKeys (ConfUtils.java:logGet(46)) - raft.server.rpc.timeout.min = 5s (custom)
2023-05-31 22:57:41,994 [83cc0f91-5896-42fb-be30-113915710489-groupManagement] INFO  server.RaftServerConfigKeys (ConfUtils.java:logGet(46)) - raft.server.rpc.timeout.max = 5200ms (custom)
2023-05-31 22:57:41,994 [83cc0f91-5896-42fb-be30-113915710489-groupManagement] INFO  server.RaftServerConfigKeys (ConfUtils.java:logGet(46)) - raft.server.rpc.sleep.time = 25ms (default)
2023-05-31 22:57:41,994 [83cc0f91-5896-42fb-be30-113915710489-groupManagement] INFO  server.RaftServerConfigKeys (ConfUtils.java:logGet(46)) - raft.server.rpc.slowness.timeout = 300s (custom)
2023-05-31 22:57:41,995 [83cc0f91-5896-42fb-be30-113915710489-groupManagement] INFO  server.RaftServerConfigKeys (ConfUtils.java:logGet(46)) - raft.server.leaderelection.leader.step-down.wait-time = 10s (default)
2023-05-31 22:57:41,995 [83cc0f91-5896-42fb-be30-113915710489-groupManagement] INFO  server.RaftServerConfigKeys (ConfUtils.java:logGet(46)) - raft.server.sleep.deviation.threshold = 300ms (default)
2023-05-31 22:57:41,995 [83cc0f91-5896-42fb-be30-113915710489-groupManagement] INFO  server.RaftServer$Division (ServerState.java:<init>(120)) - 83cc0f91-5896-42fb-be30-113915710489@group-3EBA66C287E9: ConfigurationManager, init=-1: peers:[83cc0f91-5896-42fb-be30-113915710489|rpc:10.1.0.15:15059|admin:10.1.0.15:15058|client:10.1.0.15:15057|dataStream:10.1.0.15:15060|priority:1|startupRole:FOLLOWER]|listeners:[], old=null, confs=<EMPTY_MAP>
2023-05-31 22:57:41,995 [83cc0f91-5896-42fb-be30-113915710489-groupManagement] INFO  server.RaftServerConfigKeys (ConfUtils.java:logGet(46)) - raft.server.storage.dir = [/home/runner/work/ozone/ozone/hadoop-ozone/integration-test/target/test-dir/MiniOzoneClusterImpl-816a41a7-5c89-4e8c-81ba-db0c8b26fb2d/datanode-5/data/ratis] (custom)
2023-05-31 22:57:41,995 [83cc0f91-5896-42fb-be30-113915710489-groupManagement] INFO  server.RaftServerConfigKeys (ConfUtils.java:logGet(46)) - raft.server.log.corruption.policy = EXCEPTION (default)
2023-05-31 22:57:41,995 [83cc0f91-5896-42fb-be30-113915710489-groupManagement] INFO  server.RaftServerConfigKeys (ConfUtils.java:logGet(46)) - raft.server.storage.free-space.min = 0MB (=0) (default)
2023-05-31 22:57:42,000 [83cc0f91-5896-42fb-be30-113915710489-groupManagement] INFO  server.RaftServerConfigKeys (ConfUtils.java:logGet(46)) - raft.server.notification.no-leader.timeout = 300s (custom)
2023-05-31 22:57:42,000 [83cc0f91-5896-42fb-be30-113915710489-groupManagement] INFO  server.RaftServerConfigKeys (ConfUtils.java:logGet(46)) - raft.server.read.timeout = 10s (default)
2023-05-31 22:57:42,000 [83cc0f91-5896-42fb-be30-113915710489-groupManagement] INFO  server.RaftServerConfigKeys (ConfUtils.java:logGet(46)) - raft.server.retrycache.expirytime = 600000ms (custom)
2023-05-31 22:57:42,000 [83cc0f91-5896-42fb-be30-113915710489-groupManagement] INFO  server.RaftServerConfigKeys (ConfUtils.java:logGet(46)) - raft.server.retrycache.statistics.expirytime = 100μs (default)
2023-05-31 22:57:42,001 [83cc0f91-5896-42fb-be30-113915710489-groupManagement] INFO  server.RaftServerConfigKeys (ConfUtils.java:logGet(46)) - raft.server.read.option = DEFAULT (default)
2023-05-31 22:57:42,003 [83cc0f91-5896-42fb-be30-113915710489-groupManagement] INFO  server.RaftServerConfigKeys (ConfUtils.java:logGet(46)) - raft.server.rpc.request.timeout = 60s (custom)
2023-05-31 22:57:42,003 [83cc0f91-5896-42fb-be30-113915710489-groupManagement] INFO  server.RaftServerConfigKeys (ConfUtils.java:logGet(46)) - raft.server.log.appender.install.snapshot.enabled = false (custom)
2023-05-31 22:57:42,003 [83cc0f91-5896-42fb-be30-113915710489-groupManagement] INFO  server.RaftServerConfigKeys (ConfUtils.java:logGet(46)) - raft.server.threadpool.server.cached = true (default)
2023-05-31 22:57:42,003 [83cc0f91-5896-42fb-be30-113915710489-groupManagement] INFO  server.RaftServerConfigKeys (ConfUtils.java:logGet(46)) - raft.server.threadpool.server.size = 0 (default)
2023-05-31 22:57:42,003 [83cc0f91-5896-42fb-be30-113915710489-groupManagement] INFO  server.RaftServerConfigKeys (ConfUtils.java:logGet(46)) - raft.server.threadpool.client.cached = true (default)
2023-05-31 22:57:42,004 [83cc0f91-5896-42fb-be30-113915710489-groupManagement] INFO  server.RaftServerConfigKeys (ConfUtils.java:logGet(46)) - raft.server.threadpool.client.size = 0 (default)
2023-05-31 22:57:42,004 [83cc0f91-5896-42fb-be30-113915710489-groupManagement] INFO  storage.RaftStorageDirectory (RaftStorageDirectoryImpl.java:analyzeStorage(137)) - The storage directory /home/runner/work/ozone/ozone/hadoop-ozone/integration-test/target/test-dir/MiniOzoneClusterImpl-816a41a7-5c89-4e8c-81ba-db0c8b26fb2d/datanode-5/data/ratis/335102a8-f862-46a3-abf8-3eba66c287e9 does not exist. Creating ...
2023-05-31 22:57:42,004 [9d40cccf-8c3a-4da2-ab03-ca5c7975d909-groupManagement] INFO  storage.RaftStorageDirectory (RaftStorageDirectoryImpl.java:analyzeStorage(137)) - The storage directory /home/runner/work/ozone/ozone/hadoop-ozone/integration-test/target/test-dir/MiniOzoneClusterImpl-816a41a7-5c89-4e8c-81ba-db0c8b26fb2d/datanode-4/data/ratis/e40c1d1a-3ce1-4f77-8ea6-30d5f45409b1 does not exist. Creating ...
2023-05-31 22:57:42,006 [9d40cccf-8c3a-4da2-ab03-ca5c7975d909-groupManagement] INFO  storage.RaftStorageDirectory (RaftStorageDirectoryImpl.java:tryLock(231)) - Lock on /home/runner/work/ozone/ozone/hadoop-ozone/integration-test/target/test-dir/MiniOzoneClusterImpl-816a41a7-5c89-4e8c-81ba-db0c8b26fb2d/datanode-4/data/ratis/e40c1d1a-3ce1-4f77-8ea6-30d5f45409b1/in_use.lock acquired by nodename 15007@fv-az844-56
2023-05-31 22:57:42,010 [9d40cccf-8c3a-4da2-ab03-ca5c7975d909-groupManagement] INFO  storage.RaftStorage (RaftStorageImpl.java:format(96)) - Storage directory /home/runner/work/ozone/ozone/hadoop-ozone/integration-test/target/test-dir/MiniOzoneClusterImpl-816a41a7-5c89-4e8c-81ba-db0c8b26fb2d/datanode-4/data/ratis/e40c1d1a-3ce1-4f77-8ea6-30d5f45409b1 has been successfully formatted.
2023-05-31 22:57:42,011 [9d40cccf-8c3a-4da2-ab03-ca5c7975d909-groupManagement] INFO  ratis.ContainerStateMachine (ContainerStateMachine.java:loadSnapshot(262)) - group-30D5F45409B1: The snapshot info is null. Setting the last applied indexto:(t:0, i:~)
2023-05-31 22:57:42,011 [9d40cccf-8c3a-4da2-ab03-ca5c7975d909-groupManagement] INFO  server.RaftServerConfigKeys (ConfUtils.java:logGet(46)) - raft.server.log.use.memory = false (default)
2023-05-31 22:57:42,011 [9d40cccf-8c3a-4da2-ab03-ca5c7975d909-groupManagement] INFO  server.RaftServerConfigKeys (ConfUtils.java:logGet(46)) - raft.server.log.purge.gap = 1000000 (custom)
2023-05-31 22:57:42,011 [9d40cccf-8c3a-4da2-ab03-ca5c7975d909-groupManagement] INFO  server.RaftServerConfigKeys (ConfUtils.java:logGet(46)) - raft.server.log.appender.buffer.byte-limit = 33554432 (custom)
2023-05-31 22:57:42,011 [9d40cccf-8c3a-4da2-ab03-ca5c7975d909-groupManagement] INFO  server.RaftServerConfigKeys (ConfUtils.java:logGet(46)) - raft.server.log.statemachine.data.read.timeout = 1000ms (default)
2023-05-31 22:57:42,012 [9d40cccf-8c3a-4da2-ab03-ca5c7975d909-groupManagement] INFO  server.RaftServerConfigKeys (ConfUtils.java:logGet(46)) - raft.server.log.purge.preservation.log.num = 0 (default)
2023-05-31 22:57:42,012 [9d40cccf-8c3a-4da2-ab03-ca5c7975d909-groupManagement] INFO  server.RaftServerConfigKeys (ConfUtils.java:logGet(46)) - raft.server.log.segment.size.max = 1048576 (custom)
2023-05-31 22:57:42,012 [9d40cccf-8c3a-4da2-ab03-ca5c7975d909-groupManagement] INFO  server.RaftServerConfigKeys (ConfUtils.java:logGet(46)) - raft.server.log.segment.cache.num.max = 2 (custom)
2023-05-31 22:57:42,012 [9d40cccf-8c3a-4da2-ab03-ca5c7975d909-groupManagement] INFO  server.RaftServerConfigKeys (ConfUtils.java:logGet(46)) - raft.server.log.segment.cache.size.max = 200MB (=209715200) (default)
2023-05-31 22:57:42,012 [9d40cccf-8c3a-4da2-ab03-ca5c7975d909-groupManagement] INFO  server.RaftServerConfigKeys (ConfUtils.java:logGet(46)) - raft.server.log.appender.buffer.byte-limit = 33554432 (custom)
2023-05-31 22:57:42,013 [9d40cccf-8c3a-4da2-ab03-ca5c7975d909-groupManagement] INFO  segmented.SegmentedRaftLogWorker (SegmentedRaftLogWorker.java:<init>(188)) - new 9d40cccf-8c3a-4da2-ab03-ca5c7975d909@group-30D5F45409B1-SegmentedRaftLogWorker for RaftStorageImpl:Storage Directory /home/runner/work/ozone/ozone/hadoop-ozone/integration-test/target/test-dir/MiniOzoneClusterImpl-816a41a7-5c89-4e8c-81ba-db0c8b26fb2d/datanode-4/data/ratis/e40c1d1a-3ce1-4f77-8ea6-30d5f45409b1
2023-05-31 22:57:42,013 [9d40cccf-8c3a-4da2-ab03-ca5c7975d909-groupManagement] INFO  server.RaftServerConfigKeys (ConfUtils.java:logGet(46)) - raft.server.log.queue.byte-limit = 4294967296 (custom)
2023-05-31 22:57:42,013 [9d40cccf-8c3a-4da2-ab03-ca5c7975d909-groupManagement] INFO  server.RaftServerConfigKeys (ConfUtils.java:logGet(46)) - raft.server.log.queue.element-limit = 1024 (custom)
2023-05-31 22:57:42,013 [9d40cccf-8c3a-4da2-ab03-ca5c7975d909-groupManagement] INFO  server.RaftServerConfigKeys (ConfUtils.java:logGet(46)) - raft.server.log.segment.size.max = 1048576 (custom)
2023-05-31 22:57:42,013 [9d40cccf-8c3a-4da2-ab03-ca5c7975d909-groupManagement] INFO  server.RaftServerConfigKeys (ConfUtils.java:logGet(46)) - raft.server.log.preallocated.size = 16384 (custom)
2023-05-31 22:57:42,013 [9d40cccf-8c3a-4da2-ab03-ca5c7975d909-groupManagement] INFO  server.RaftServerConfigKeys (ConfUtils.java:logGet(46)) - raft.server.log.force.sync.num = 128 (default)
2023-05-31 22:57:42,013 [9d40cccf-8c3a-4da2-ab03-ca5c7975d909-groupManagement] INFO  server.RaftServerConfigKeys (ConfUtils.java:logGet(46)) - raft.server.log.statemachine.data.sync = true (default)
2023-05-31 22:57:42,013 [9d40cccf-8c3a-4da2-ab03-ca5c7975d909-groupManagement] INFO  server.RaftServerConfigKeys (ConfUtils.java:logGet(46)) - raft.server.log.statemachine.data.sync.timeout = 10s (default)
2023-05-31 22:57:42,013 [9d40cccf-8c3a-4da2-ab03-ca5c7975d909-groupManagement] INFO  server.RaftServerConfigKeys (ConfUtils.java:logGet(46)) - raft.server.log.statemachine.data.sync.timeout.retry = -1 (default)
2023-05-31 22:57:42,016 [EventQueue-OpenPipelineForHealthyPipelineSafeModeRule] INFO  safemode.SCMSafeModeManager (HealthyPipelineSafeModeRule.java:process(137)) - SCM in safe mode. Healthy pipelines reported count is 0, required healthy pipeline reported count is 1
2023-05-31 22:57:42,018 [9d40cccf-8c3a-4da2-ab03-ca5c7975d909-groupManagement] INFO  server.RaftServerConfigKeys (ConfUtils.java:logGet(46)) - raft.server.log.write.buffer.size = 1048576 (custom)
2023-05-31 22:57:42,020 [9d40cccf-8c3a-4da2-ab03-ca5c7975d909-groupManagement] INFO  server.RaftServerConfigKeys (ConfUtils.java:logGet(46)) - raft.server.log.appender.buffer.byte-limit = 33554432 (custom)
2023-05-31 22:57:42,019 [83cc0f91-5896-42fb-be30-113915710489-groupManagement] INFO  storage.RaftStorageDirectory (RaftStorageDirectoryImpl.java:tryLock(231)) - Lock on /home/runner/work/ozone/ozone/hadoop-ozone/integration-test/target/test-dir/MiniOzoneClusterImpl-816a41a7-5c89-4e8c-81ba-db0c8b26fb2d/datanode-5/data/ratis/335102a8-f862-46a3-abf8-3eba66c287e9/in_use.lock acquired by nodename 15007@fv-az844-56
2023-05-31 22:57:42,022 [83cc0f91-5896-42fb-be30-113915710489-groupManagement] INFO  storage.RaftStorage (RaftStorageImpl.java:format(96)) - Storage directory /home/runner/work/ozone/ozone/hadoop-ozone/integration-test/target/test-dir/MiniOzoneClusterImpl-816a41a7-5c89-4e8c-81ba-db0c8b26fb2d/datanode-5/data/ratis/335102a8-f862-46a3-abf8-3eba66c287e9 has been successfully formatted.
2023-05-31 22:57:42,030 [9d40cccf-8c3a-4da2-ab03-ca5c7975d909-groupManagement] INFO  server.RaftServerConfigKeys (ConfUtils.java:logGet(46)) - raft.server.log.unsafe-flush.enabled = false (default)
2023-05-31 22:57:42,030 [9d40cccf-8c3a-4da2-ab03-ca5c7975d909-groupManagement] INFO  server.RaftServerConfigKeys (ConfUtils.java:logGet(46)) - raft.server.log.async-flush.enabled = false (default)
2023-05-31 22:57:42,030 [9d40cccf-8c3a-4da2-ab03-ca5c7975d909-groupManagement] INFO  server.RaftServerConfigKeys (ConfUtils.java:logGet(46)) - raft.server.log.statemachine.data.caching.enabled = true (custom)
2023-05-31 22:57:42,031 [9d40cccf-8c3a-4da2-ab03-ca5c7975d909-groupManagement] INFO  segmented.SegmentedRaftLogWorker (SegmentedRaftLogWorker.java:lambda$new$0(135)) - 9d40cccf-8c3a-4da2-ab03-ca5c7975d909@group-30D5F45409B1-SegmentedRaftLogWorker: flushIndex: setUnconditionally 0 -> -1
2023-05-31 22:57:42,031 [9d40cccf-8c3a-4da2-ab03-ca5c7975d909-groupManagement] INFO  segmented.SegmentedRaftLogWorker (SegmentedRaftLogWorker.java:lambda$new$0(135)) - 9d40cccf-8c3a-4da2-ab03-ca5c7975d909@group-30D5F45409B1-SegmentedRaftLogWorker: safeCacheEvictIndex: setUnconditionally 0 -> -1
2023-05-31 22:57:42,031 [9d40cccf-8c3a-4da2-ab03-ca5c7975d909-groupManagement] INFO  server.RaftServer$Division (RaftServerImpl.java:start(342)) - 9d40cccf-8c3a-4da2-ab03-ca5c7975d909@group-30D5F45409B1: start as a follower, conf=-1: peers:[83cc0f91-5896-42fb-be30-113915710489|rpc:10.1.0.15:15059|admin:10.1.0.15:15058|client:10.1.0.15:15057|dataStream:10.1.0.15:15060|priority:0|startupRole:FOLLOWER, 9d40cccf-8c3a-4da2-ab03-ca5c7975d909|rpc:10.1.0.15:15050|admin:10.1.0.15:15049|client:10.1.0.15:15048|dataStream:10.1.0.15:15051|priority:0|startupRole:FOLLOWER, 41c98476-2059-4142-8ca0-ae93b0d149f4|rpc:10.1.0.15:15041|admin:10.1.0.15:15040|client:10.1.0.15:15039|dataStream:10.1.0.15:15042|priority:1|startupRole:FOLLOWER]|listeners:[], old=null
2023-05-31 22:57:42,031 [9d40cccf-8c3a-4da2-ab03-ca5c7975d909-groupManagement] INFO  server.RaftServer$Division (RaftServerImpl.java:setRole(329)) - 9d40cccf-8c3a-4da2-ab03-ca5c7975d909@group-30D5F45409B1: changes role from      null to FOLLOWER at term 0 for startAsFollower
2023-05-31 22:57:42,031 [9d40cccf-8c3a-4da2-ab03-ca5c7975d909-groupManagement] INFO  impl.RoleInfo (RoleInfo.java:updateAndGet(139)) - 9d40cccf-8c3a-4da2-ab03-ca5c7975d909: start 9d40cccf-8c3a-4da2-ab03-ca5c7975d909@group-30D5F45409B1-FollowerState
2023-05-31 22:57:42,032 [9d40cccf-8c3a-4da2-ab03-ca5c7975d909-groupManagement] INFO  util.JmxRegister (JmxRegister.java:tryRegister(44)) - Successfully registered JMX Bean with object name Ratis:service=RaftServer,group=group-30D5F45409B1,id=9d40cccf-8c3a-4da2-ab03-ca5c7975d909
2023-05-31 22:57:42,032 [9d40cccf-8c3a-4da2-ab03-ca5c7975d909@group-30D5F45409B1-FollowerState] INFO  server.RaftServerConfigKeys (ConfUtils.java:logFallback(53)) - raft.server.rpc.first-election.timeout.min = 5s (fallback to raft.server.rpc.timeout.min)
2023-05-31 22:57:42,032 [9d40cccf-8c3a-4da2-ab03-ca5c7975d909@group-30D5F45409B1-FollowerState] INFO  server.RaftServerConfigKeys (ConfUtils.java:logFallback(53)) - raft.server.rpc.first-election.timeout.max = 5200ms (fallback to raft.server.rpc.timeout.max)
2023-05-31 22:57:42,032 [9d40cccf-8c3a-4da2-ab03-ca5c7975d909-groupManagement] INFO  server.RaftServerConfigKeys (ConfUtils.java:logGet(46)) - raft.server.snapshot.auto.trigger.enabled = true (custom)
2023-05-31 22:57:42,032 [9d40cccf-8c3a-4da2-ab03-ca5c7975d909-groupManagement] INFO  server.RaftServerConfigKeys (ConfUtils.java:logGet(46)) - raft.server.snapshot.auto.trigger.threshold = 10000 (custom)
2023-05-31 22:57:42,032 [9d40cccf-8c3a-4da2-ab03-ca5c7975d909-groupManagement] INFO  server.RaftServerConfigKeys (ConfUtils.java:logGet(46)) - raft.server.snapshot.retention.file.num = 5 (custom)
2023-05-31 22:57:42,032 [9d40cccf-8c3a-4da2-ab03-ca5c7975d909-groupManagement] INFO  server.RaftServerConfigKeys (ConfUtils.java:logGet(46)) - raft.server.log.purge.upto.snapshot.index = false (default)
2023-05-31 22:57:42,033 [83cc0f91-5896-42fb-be30-113915710489-groupManagement] INFO  ratis.ContainerStateMachine (ContainerStateMachine.java:loadSnapshot(262)) - group-3EBA66C287E9: The snapshot info is null. Setting the last applied indexto:(t:0, i:~)
2023-05-31 22:57:42,034 [83cc0f91-5896-42fb-be30-113915710489-groupManagement] INFO  server.RaftServerConfigKeys (ConfUtils.java:logGet(46)) - raft.server.log.use.memory = false (default)
2023-05-31 22:57:42,034 [83cc0f91-5896-42fb-be30-113915710489-groupManagement] INFO  server.RaftServerConfigKeys (ConfUtils.java:logGet(46)) - raft.server.log.purge.gap = 1000000 (custom)
2023-05-31 22:57:42,034 [83cc0f91-5896-42fb-be30-113915710489-groupManagement] INFO  server.RaftServerConfigKeys (ConfUtils.java:logGet(46)) - raft.server.log.appender.buffer.byte-limit = 33554432 (custom)
2023-05-31 22:57:42,034 [83cc0f91-5896-42fb-be30-113915710489-groupManagement] INFO  server.RaftServerConfigKeys (ConfUtils.java:logGet(46)) - raft.server.log.statemachine.data.read.timeout = 1000ms (default)
2023-05-31 22:57:42,034 [83cc0f91-5896-42fb-be30-113915710489-groupManagement] INFO  server.RaftServerConfigKeys (ConfUtils.java:logGet(46)) - raft.server.log.purge.preservation.log.num = 0 (default)
2023-05-31 22:57:42,034 [83cc0f91-5896-42fb-be30-113915710489-groupManagement] INFO  server.RaftServerConfigKeys (ConfUtils.java:logGet(46)) - raft.server.log.segment.size.max = 1048576 (custom)
2023-05-31 22:57:42,036 [EventQueue-PipelineReportForPipelineReportHandler] INFO  pipeline.PipelineManagerImpl (PipelineManagerImpl.java:openPipeline(367)) - Pipeline Pipeline[ Id: 335102a8-f862-46a3-abf8-3eba66c287e9, Nodes: 83cc0f91-5896-42fb-be30-113915710489(fv-az844-56.kvdfyhrxhd0epk3sa4trub4njc.xx.internal.cloudapp.net/10.1.0.15), ReplicationConfig: RATIS/ONE, State:ALLOCATED, leaderId:83cc0f91-5896-42fb-be30-113915710489, CreationTimestamp2023-05-31T22:57:38.930Z[Etc/UTC]] moved to OPEN state
2023-05-31 22:57:42,036 [EventQueue-OpenPipelineForHealthyPipelineSafeModeRule] INFO  safemode.SCMSafeModeManager (HealthyPipelineSafeModeRule.java:process(137)) - SCM in safe mode. Healthy pipelines reported count is 0, required healthy pipeline reported count is 1
2023-05-31 22:57:42,047 [83cc0f91-5896-42fb-be30-113915710489-groupManagement] INFO  server.RaftServerConfigKeys (ConfUtils.java:logGet(46)) - raft.server.log.segment.cache.num.max = 2 (custom)
2023-05-31 22:57:42,047 [83cc0f91-5896-42fb-be30-113915710489-groupManagement] INFO  server.RaftServerConfigKeys (ConfUtils.java:logGet(46)) - raft.server.log.segment.cache.size.max = 200MB (=209715200) (default)
2023-05-31 22:57:42,047 [83cc0f91-5896-42fb-be30-113915710489-groupManagement] INFO  server.RaftServerConfigKeys (ConfUtils.java:logGet(46)) - raft.server.log.appender.buffer.byte-limit = 33554432 (custom)
2023-05-31 22:57:42,047 [83cc0f91-5896-42fb-be30-113915710489-groupManagement] INFO  segmented.SegmentedRaftLogWorker (SegmentedRaftLogWorker.java:<init>(188)) - new 83cc0f91-5896-42fb-be30-113915710489@group-3EBA66C287E9-SegmentedRaftLogWorker for RaftStorageImpl:Storage Directory /home/runner/work/ozone/ozone/hadoop-ozone/integration-test/target/test-dir/MiniOzoneClusterImpl-816a41a7-5c89-4e8c-81ba-db0c8b26fb2d/datanode-5/data/ratis/335102a8-f862-46a3-abf8-3eba66c287e9
2023-05-31 22:57:42,047 [83cc0f91-5896-42fb-be30-113915710489-groupManagement] INFO  server.RaftServerConfigKeys (ConfUtils.java:logGet(46)) - raft.server.log.queue.byte-limit = 4294967296 (custom)
2023-05-31 22:57:42,047 [83cc0f91-5896-42fb-be30-113915710489-groupManagement] INFO  server.RaftServerConfigKeys (ConfUtils.java:logGet(46)) - raft.server.log.queue.element-limit = 1024 (custom)
2023-05-31 22:57:42,047 [83cc0f91-5896-42fb-be30-113915710489-groupManagement] INFO  server.RaftServerConfigKeys (ConfUtils.java:logGet(46)) - raft.server.log.segment.size.max = 1048576 (custom)
2023-05-31 22:57:42,047 [83cc0f91-5896-42fb-be30-113915710489-groupManagement] INFO  server.RaftServerConfigKeys (ConfUtils.java:logGet(46)) - raft.server.log.preallocated.size = 16384 (custom)
2023-05-31 22:57:42,047 [83cc0f91-5896-42fb-be30-113915710489-groupManagement] INFO  server.RaftServerConfigKeys (ConfUtils.java:logGet(46)) - raft.server.log.force.sync.num = 128 (default)
2023-05-31 22:57:42,048 [83cc0f91-5896-42fb-be30-113915710489-groupManagement] INFO  server.RaftServerConfigKeys (ConfUtils.java:logGet(46)) - raft.server.log.statemachine.data.sync = true (default)
2023-05-31 22:57:42,048 [83cc0f91-5896-42fb-be30-113915710489-groupManagement] INFO  server.RaftServerConfigKeys (ConfUtils.java:logGet(46)) - raft.server.log.statemachine.data.sync.timeout = 10s (default)
2023-05-31 22:57:42,048 [83cc0f91-5896-42fb-be30-113915710489-groupManagement] INFO  server.RaftServerConfigKeys (ConfUtils.java:logGet(46)) - raft.server.log.statemachine.data.sync.timeout.retry = -1 (default)
2023-05-31 22:57:42,049 [83cc0f91-5896-42fb-be30-113915710489-groupManagement] INFO  server.RaftServerConfigKeys (ConfUtils.java:logGet(46)) - raft.server.log.write.buffer.size = 1048576 (custom)
2023-05-31 22:57:42,050 [83cc0f91-5896-42fb-be30-113915710489-groupManagement] INFO  server.RaftServerConfigKeys (ConfUtils.java:logGet(46)) - raft.server.log.appender.buffer.byte-limit = 33554432 (custom)
2023-05-31 22:57:42,056 [83cc0f91-5896-42fb-be30-113915710489-groupManagement] INFO  server.RaftServerConfigKeys (ConfUtils.java:logGet(46)) - raft.server.log.unsafe-flush.enabled = false (default)
2023-05-31 22:57:42,056 [83cc0f91-5896-42fb-be30-113915710489-groupManagement] INFO  server.RaftServerConfigKeys (ConfUtils.java:logGet(46)) - raft.server.log.async-flush.enabled = false (default)
2023-05-31 22:57:42,056 [83cc0f91-5896-42fb-be30-113915710489-groupManagement] INFO  server.RaftServerConfigKeys (ConfUtils.java:logGet(46)) - raft.server.log.statemachine.data.caching.enabled = true (custom)
2023-05-31 22:57:42,057 [83cc0f91-5896-42fb-be30-113915710489-groupManagement] INFO  segmented.SegmentedRaftLogWorker (SegmentedRaftLogWorker.java:lambda$new$0(135)) - 83cc0f91-5896-42fb-be30-113915710489@group-3EBA66C287E9-SegmentedRaftLogWorker: flushIndex: setUnconditionally 0 -> -1
2023-05-31 22:57:42,057 [83cc0f91-5896-42fb-be30-113915710489-groupManagement] INFO  segmented.SegmentedRaftLogWorker (SegmentedRaftLogWorker.java:lambda$new$0(135)) - 83cc0f91-5896-42fb-be30-113915710489@group-3EBA66C287E9-SegmentedRaftLogWorker: safeCacheEvictIndex: setUnconditionally 0 -> -1
2023-05-31 22:57:42,058 [PipelineCommandHandlerThread-0] INFO  ratis.XceiverServerRatis (XceiverServerRatis.java:addGroup(804)) - Created group PipelineID=e40c1d1a-3ce1-4f77-8ea6-30d5f45409b1
2023-05-31 22:57:42,070 [83cc0f91-5896-42fb-be30-113915710489-groupManagement] INFO  server.RaftServer$Division (RaftServerImpl.java:start(342)) - 83cc0f91-5896-42fb-be30-113915710489@group-3EBA66C287E9: start as a follower, conf=-1: peers:[83cc0f91-5896-42fb-be30-113915710489|rpc:10.1.0.15:15059|admin:10.1.0.15:15058|client:10.1.0.15:15057|dataStream:10.1.0.15:15060|priority:1|startupRole:FOLLOWER]|listeners:[], old=null
2023-05-31 22:57:42,070 [83cc0f91-5896-42fb-be30-113915710489-groupManagement] INFO  server.RaftServer$Division (RaftServerImpl.java:setRole(329)) - 83cc0f91-5896-42fb-be30-113915710489@group-3EBA66C287E9: changes role from      null to FOLLOWER at term 0 for startAsFollower
2023-05-31 22:57:42,070 [83cc0f91-5896-42fb-be30-113915710489-groupManagement] INFO  impl.RoleInfo (RoleInfo.java:updateAndGet(139)) - 83cc0f91-5896-42fb-be30-113915710489: start 83cc0f91-5896-42fb-be30-113915710489@group-3EBA66C287E9-FollowerState
2023-05-31 22:57:42,071 [83cc0f91-5896-42fb-be30-113915710489-groupManagement] INFO  util.JmxRegister (JmxRegister.java:tryRegister(44)) - Successfully registered JMX Bean with object name Ratis:service=RaftServer,group=group-3EBA66C287E9,id=83cc0f91-5896-42fb-be30-113915710489
2023-05-31 22:57:42,071 [83cc0f91-5896-42fb-be30-113915710489-groupManagement] INFO  server.RaftServerConfigKeys (ConfUtils.java:logGet(46)) - raft.server.snapshot.auto.trigger.enabled = true (custom)
2023-05-31 22:57:42,071 [83cc0f91-5896-42fb-be30-113915710489-groupManagement] INFO  server.RaftServerConfigKeys (ConfUtils.java:logGet(46)) - raft.server.snapshot.auto.trigger.threshold = 10000 (custom)
2023-05-31 22:57:42,071 [83cc0f91-5896-42fb-be30-113915710489-groupManagement] INFO  server.RaftServerConfigKeys (ConfUtils.java:logGet(46)) - raft.server.snapshot.retention.file.num = 5 (custom)
2023-05-31 22:57:42,071 [83cc0f91-5896-42fb-be30-113915710489-groupManagement] INFO  server.RaftServerConfigKeys (ConfUtils.java:logGet(46)) - raft.server.log.purge.upto.snapshot.index = false (default)
2023-05-31 22:57:42,072 [83cc0f91-5896-42fb-be30-113915710489@group-3EBA66C287E9-FollowerState] INFO  server.RaftServerConfigKeys (ConfUtils.java:logFallback(53)) - raft.server.rpc.first-election.timeout.min = 5s (fallback to raft.server.rpc.timeout.min)
2023-05-31 22:57:42,072 [83cc0f91-5896-42fb-be30-113915710489@group-3EBA66C287E9-FollowerState] INFO  server.RaftServerConfigKeys (ConfUtils.java:logFallback(53)) - raft.server.rpc.first-election.timeout.max = 5200ms (fallback to raft.server.rpc.timeout.max)
2023-05-31 22:57:42,077 [PipelineCommandHandlerThread-0] INFO  ratis.XceiverServerRatis (XceiverServerRatis.java:addGroup(804)) - Created group PipelineID=335102a8-f862-46a3-abf8-3eba66c287e9
2023-05-31 22:57:42,079 [PipelineCommandHandlerThread-0] INFO  commandhandler.CreatePipelineCommandHandler (CreatePipelineCommandHandler.java:lambda$handle$2(124)) - Created Pipeline RATIS ONE PipelineID=335102a8-f862-46a3-abf8-3eba66c287e9.
2023-05-31 22:57:42,080 [PipelineCommandHandlerThread-0] INFO  server.RaftServer (RaftServerProxy.java:addNew(98)) - 83cc0f91-5896-42fb-be30-113915710489: addNew group-FAAF52ABF0C5:[83cc0f91-5896-42fb-be30-113915710489|rpc:10.1.0.15:15059|admin:10.1.0.15:15058|client:10.1.0.15:15057|dataStream:10.1.0.15:15060|priority:1|startupRole:FOLLOWER, 9d40cccf-8c3a-4da2-ab03-ca5c7975d909|rpc:10.1.0.15:15050|admin:10.1.0.15:15049|client:10.1.0.15:15048|dataStream:10.1.0.15:15051|priority:0|startupRole:FOLLOWER, 41c98476-2059-4142-8ca0-ae93b0d149f4|rpc:10.1.0.15:15041|admin:10.1.0.15:15040|client:10.1.0.15:15039|dataStream:10.1.0.15:15042|priority:0|startupRole:FOLLOWER] returns group-FAAF52ABF0C5:java.util.concurrent.CompletableFuture@6631820d[Not completed]
2023-05-31 22:57:42,083 [83cc0f91-5896-42fb-be30-113915710489-groupManagement] INFO  server.RaftServer$Division (RaftServerImpl.java:<init>(198)) - 83cc0f91-5896-42fb-be30-113915710489: new RaftServerImpl for group-FAAF52ABF0C5:[83cc0f91-5896-42fb-be30-113915710489|rpc:10.1.0.15:15059|admin:10.1.0.15:15058|client:10.1.0.15:15057|dataStream:10.1.0.15:15060|priority:1|startupRole:FOLLOWER, 9d40cccf-8c3a-4da2-ab03-ca5c7975d909|rpc:10.1.0.15:15050|admin:10.1.0.15:15049|client:10.1.0.15:15048|dataStream:10.1.0.15:15051|priority:0|startupRole:FOLLOWER, 41c98476-2059-4142-8ca0-ae93b0d149f4|rpc:10.1.0.15:15041|admin:10.1.0.15:15040|client:10.1.0.15:15039|dataStream:10.1.0.15:15042|priority:0|startupRole:FOLLOWER] with ContainerStateMachine:uninitialized
2023-05-31 22:57:42,083 [83cc0f91-5896-42fb-be30-113915710489-groupManagement] INFO  server.RaftServerConfigKeys (ConfUtils.java:logGet(46)) - raft.server.rpc.timeout.min = 5s (custom)
2023-05-31 22:57:42,083 [83cc0f91-5896-42fb-be30-113915710489-groupManagement] INFO  server.RaftServerConfigKeys (ConfUtils.java:logGet(46)) - raft.server.rpc.timeout.max = 5200ms (custom)
2023-05-31 22:57:42,083 [83cc0f91-5896-42fb-be30-113915710489-groupManagement] INFO  server.RaftServerConfigKeys (ConfUtils.java:logGet(46)) - raft.server.rpc.sleep.time = 25ms (default)
2023-05-31 22:57:42,083 [83cc0f91-5896-42fb-be30-113915710489-groupManagement] INFO  server.RaftServerConfigKeys (ConfUtils.java:logGet(46)) - raft.server.rpc.slowness.timeout = 300s (custom)
2023-05-31 22:57:42,083 [83cc0f91-5896-42fb-be30-113915710489-groupManagement] INFO  server.RaftServerConfigKeys (ConfUtils.java:logGet(46)) - raft.server.leaderelection.leader.step-down.wait-time = 10s (default)
2023-05-31 22:57:42,083 [83cc0f91-5896-42fb-be30-113915710489-groupManagement] INFO  server.RaftServerConfigKeys (ConfUtils.java:logGet(46)) - raft.server.sleep.deviation.threshold = 300ms (default)
2023-05-31 22:57:42,084 [83cc0f91-5896-42fb-be30-113915710489-groupManagement] INFO  server.RaftServer$Division (ServerState.java:<init>(120)) - 83cc0f91-5896-42fb-be30-113915710489@group-FAAF52ABF0C5: ConfigurationManager, init=-1: peers:[83cc0f91-5896-42fb-be30-113915710489|rpc:10.1.0.15:15059|admin:10.1.0.15:15058|client:10.1.0.15:15057|dataStream:10.1.0.15:15060|priority:1|startupRole:FOLLOWER, 9d40cccf-8c3a-4da2-ab03-ca5c7975d909|rpc:10.1.0.15:15050|admin:10.1.0.15:15049|client:10.1.0.15:15048|dataStream:10.1.0.15:15051|priority:0|startupRole:FOLLOWER, 41c98476-2059-4142-8ca0-ae93b0d149f4|rpc:10.1.0.15:15041|admin:10.1.0.15:15040|client:10.1.0.15:15039|dataStream:10.1.0.15:15042|priority:0|startupRole:FOLLOWER]|listeners:[], old=null, confs=<EMPTY_MAP>
2023-05-31 22:57:42,084 [83cc0f91-5896-42fb-be30-113915710489-groupManagement] INFO  server.RaftServerConfigKeys (ConfUtils.java:logGet(46)) - raft.server.storage.dir = [/home/runner/work/ozone/ozone/hadoop-ozone/integration-test/target/test-dir/MiniOzoneClusterImpl-816a41a7-5c89-4e8c-81ba-db0c8b26fb2d/datanode-5/data/ratis] (custom)
2023-05-31 22:57:42,084 [83cc0f91-5896-42fb-be30-113915710489-groupManagement] INFO  server.RaftServerConfigKeys (ConfUtils.java:logGet(46)) - raft.server.log.corruption.policy = EXCEPTION (default)
2023-05-31 22:57:42,084 [83cc0f91-5896-42fb-be30-113915710489-groupManagement] INFO  server.RaftServerConfigKeys (ConfUtils.java:logGet(46)) - raft.server.storage.free-space.min = 0MB (=0) (default)
2023-05-31 22:57:42,084 [83cc0f91-5896-42fb-be30-113915710489-groupManagement] INFO  server.RaftServerConfigKeys (ConfUtils.java:logGet(46)) - raft.server.notification.no-leader.timeout = 300s (custom)
2023-05-31 22:57:42,084 [83cc0f91-5896-42fb-be30-113915710489-groupManagement] INFO  server.RaftServerConfigKeys (ConfUtils.java:logGet(46)) - raft.server.read.timeout = 10s (default)
2023-05-31 22:57:42,084 [83cc0f91-5896-42fb-be30-113915710489-groupManagement] INFO  server.RaftServerConfigKeys (ConfUtils.java:logGet(46)) - raft.server.retrycache.expirytime = 600000ms (custom)
2023-05-31 22:57:42,085 [83cc0f91-5896-42fb-be30-113915710489-groupManagement] INFO  server.RaftServerConfigKeys (ConfUtils.java:logGet(46)) - raft.server.retrycache.statistics.expirytime = 100μs (default)
2023-05-31 22:57:42,085 [83cc0f91-5896-42fb-be30-113915710489-groupManagement] INFO  server.RaftServerConfigKeys (ConfUtils.java:logGet(46)) - raft.server.read.option = DEFAULT (default)
2023-05-31 22:57:42,091 [83cc0f91-5896-42fb-be30-113915710489-groupManagement] INFO  server.RaftServerConfigKeys (ConfUtils.java:logGet(46)) - raft.server.rpc.request.timeout = 60s (custom)
2023-05-31 22:57:42,091 [83cc0f91-5896-42fb-be30-113915710489-groupManagement] INFO  server.RaftServerConfigKeys (ConfUtils.java:logGet(46)) - raft.server.log.appender.install.snapshot.enabled = false (custom)
2023-05-31 22:57:42,091 [83cc0f91-5896-42fb-be30-113915710489-groupManagement] INFO  server.RaftServerConfigKeys (ConfUtils.java:logGet(46)) - raft.server.threadpool.server.cached = true (default)
2023-05-31 22:57:42,091 [83cc0f91-5896-42fb-be30-113915710489-groupManagement] INFO  server.RaftServerConfigKeys (ConfUtils.java:logGet(46)) - raft.server.threadpool.server.size = 0 (default)
2023-05-31 22:57:42,091 [83cc0f91-5896-42fb-be30-113915710489-groupManagement] INFO  server.RaftServerConfigKeys (ConfUtils.java:logGet(46)) - raft.server.threadpool.client.cached = true (default)
2023-05-31 22:57:42,093 [83cc0f91-5896-42fb-be30-113915710489-groupManagement] INFO  server.RaftServerConfigKeys (ConfUtils.java:logGet(46)) - raft.server.threadpool.client.size = 0 (default)
2023-05-31 22:57:42,094 [83cc0f91-5896-42fb-be30-113915710489-groupManagement] INFO  storage.RaftStorageDirectory (RaftStorageDirectoryImpl.java:analyzeStorage(137)) - The storage directory /home/runner/work/ozone/ozone/hadoop-ozone/integration-test/target/test-dir/MiniOzoneClusterImpl-816a41a7-5c89-4e8c-81ba-db0c8b26fb2d/datanode-5/data/ratis/f8f340ea-534e-4abd-be4c-faaf52abf0c5 does not exist. Creating ...
2023-05-31 22:57:42,097 [83cc0f91-5896-42fb-be30-113915710489-groupManagement] INFO  storage.RaftStorageDirectory (RaftStorageDirectoryImpl.java:tryLock(231)) - Lock on /home/runner/work/ozone/ozone/hadoop-ozone/integration-test/target/test-dir/MiniOzoneClusterImpl-816a41a7-5c89-4e8c-81ba-db0c8b26fb2d/datanode-5/data/ratis/f8f340ea-534e-4abd-be4c-faaf52abf0c5/in_use.lock acquired by nodename 15007@fv-az844-56
2023-05-31 22:57:42,106 [83cc0f91-5896-42fb-be30-113915710489-groupManagement] INFO  storage.RaftStorage (RaftStorageImpl.java:format(96)) - Storage directory /home/runner/work/ozone/ozone/hadoop-ozone/integration-test/target/test-dir/MiniOzoneClusterImpl-816a41a7-5c89-4e8c-81ba-db0c8b26fb2d/datanode-5/data/ratis/f8f340ea-534e-4abd-be4c-faaf52abf0c5 has been successfully formatted.
2023-05-31 22:57:42,106 [83cc0f91-5896-42fb-be30-113915710489-groupManagement] INFO  ratis.ContainerStateMachine (ContainerStateMachine.java:loadSnapshot(262)) - group-FAAF52ABF0C5: The snapshot info is null. Setting the last applied indexto:(t:0, i:~)
2023-05-31 22:57:42,106 [83cc0f91-5896-42fb-be30-113915710489-groupManagement] INFO  server.RaftServerConfigKeys (ConfUtils.java:logGet(46)) - raft.server.log.use.memory = false (default)
2023-05-31 22:57:42,106 [83cc0f91-5896-42fb-be30-113915710489-groupManagement] INFO  server.RaftServerConfigKeys (ConfUtils.java:logGet(46)) - raft.server.log.purge.gap = 1000000 (custom)
2023-05-31 22:57:42,106 [83cc0f91-5896-42fb-be30-113915710489-groupManagement] INFO  server.RaftServerConfigKeys (ConfUtils.java:logGet(46)) - raft.server.log.appender.buffer.byte-limit = 33554432 (custom)
2023-05-31 22:57:42,107 [83cc0f91-5896-42fb-be30-113915710489-groupManagement] INFO  server.RaftServerConfigKeys (ConfUtils.java:logGet(46)) - raft.server.log.statemachine.data.read.timeout = 1000ms (default)
2023-05-31 22:57:42,107 [83cc0f91-5896-42fb-be30-113915710489-groupManagement] INFO  server.RaftServerConfigKeys (ConfUtils.java:logGet(46)) - raft.server.log.purge.preservation.log.num = 0 (default)
2023-05-31 22:57:42,107 [83cc0f91-5896-42fb-be30-113915710489-groupManagement] INFO  server.RaftServerConfigKeys (ConfUtils.java:logGet(46)) - raft.server.log.segment.size.max = 1048576 (custom)
2023-05-31 22:57:42,115 [83cc0f91-5896-42fb-be30-113915710489-groupManagement] INFO  server.RaftServerConfigKeys (ConfUtils.java:logGet(46)) - raft.server.log.segment.cache.num.max = 2 (custom)
2023-05-31 22:57:42,115 [83cc0f91-5896-42fb-be30-113915710489-groupManagement] INFO  server.RaftServerConfigKeys (ConfUtils.java:logGet(46)) - raft.server.log.segment.cache.size.max = 200MB (=209715200) (default)
2023-05-31 22:57:42,115 [83cc0f91-5896-42fb-be30-113915710489-groupManagement] INFO  server.RaftServerConfigKeys (ConfUtils.java:logGet(46)) - raft.server.log.appender.buffer.byte-limit = 33554432 (custom)
2023-05-31 22:57:42,115 [83cc0f91-5896-42fb-be30-113915710489-groupManagement] INFO  segmented.SegmentedRaftLogWorker (SegmentedRaftLogWorker.java:<init>(188)) - new 83cc0f91-5896-42fb-be30-113915710489@group-FAAF52ABF0C5-SegmentedRaftLogWorker for RaftStorageImpl:Storage Directory /home/runner/work/ozone/ozone/hadoop-ozone/integration-test/target/test-dir/MiniOzoneClusterImpl-816a41a7-5c89-4e8c-81ba-db0c8b26fb2d/datanode-5/data/ratis/f8f340ea-534e-4abd-be4c-faaf52abf0c5
2023-05-31 22:57:42,115 [83cc0f91-5896-42fb-be30-113915710489-groupManagement] INFO  server.RaftServerConfigKeys (ConfUtils.java:logGet(46)) - raft.server.log.queue.byte-limit = 4294967296 (custom)
2023-05-31 22:57:42,115 [83cc0f91-5896-42fb-be30-113915710489-groupManagement] INFO  server.RaftServerConfigKeys (ConfUtils.java:logGet(46)) - raft.server.log.queue.element-limit = 1024 (custom)
2023-05-31 22:57:42,115 [83cc0f91-5896-42fb-be30-113915710489-groupManagement] INFO  server.RaftServerConfigKeys (ConfUtils.java:logGet(46)) - raft.server.log.segment.size.max = 1048576 (custom)
2023-05-31 22:57:42,115 [83cc0f91-5896-42fb-be30-113915710489-groupManagement] INFO  server.RaftServerConfigKeys (ConfUtils.java:logGet(46)) - raft.server.log.preallocated.size = 16384 (custom)
2023-05-31 22:57:42,116 [83cc0f91-5896-42fb-be30-113915710489-groupManagement] INFO  server.RaftServerConfigKeys (ConfUtils.java:logGet(46)) - raft.server.log.force.sync.num = 128 (default)
2023-05-31 22:57:42,116 [83cc0f91-5896-42fb-be30-113915710489-groupManagement] INFO  server.RaftServerConfigKeys (ConfUtils.java:logGet(46)) - raft.server.log.statemachine.data.sync = true (default)
2023-05-31 22:57:42,116 [83cc0f91-5896-42fb-be30-113915710489-groupManagement] INFO  server.RaftServerConfigKeys (ConfUtils.java:logGet(46)) - raft.server.log.statemachine.data.sync.timeout = 10s (default)
2023-05-31 22:57:42,116 [83cc0f91-5896-42fb-be30-113915710489-groupManagement] INFO  server.RaftServerConfigKeys (ConfUtils.java:logGet(46)) - raft.server.log.statemachine.data.sync.timeout.retry = -1 (default)
2023-05-31 22:57:42,108 [EventQueue-OpenPipelineForHealthyPipelineSafeModeRule] INFO  safemode.SCMSafeModeManager (HealthyPipelineSafeModeRule.java:process(137)) - SCM in safe mode. Healthy pipelines reported count is 0, required healthy pipeline reported count is 1
2023-05-31 22:57:42,119 [83cc0f91-5896-42fb-be30-113915710489-groupManagement] INFO  server.RaftServerConfigKeys (ConfUtils.java:logGet(46)) - raft.server.log.write.buffer.size = 1048576 (custom)
2023-05-31 22:57:42,121 [83cc0f91-5896-42fb-be30-113915710489-groupManagement] INFO  server.RaftServerConfigKeys (ConfUtils.java:logGet(46)) - raft.server.log.appender.buffer.byte-limit = 33554432 (custom)
2023-05-31 22:57:42,142 [83cc0f91-5896-42fb-be30-113915710489-groupManagement] INFO  server.RaftServerConfigKeys (ConfUtils.java:logGet(46)) - raft.server.log.unsafe-flush.enabled = false (default)
2023-05-31 22:57:42,143 [83cc0f91-5896-42fb-be30-113915710489-groupManagement] INFO  server.RaftServerConfigKeys (ConfUtils.java:logGet(46)) - raft.server.log.async-flush.enabled = false (default)
2023-05-31 22:57:42,143 [83cc0f91-5896-42fb-be30-113915710489-groupManagement] INFO  server.RaftServerConfigKeys (ConfUtils.java:logGet(46)) - raft.server.log.statemachine.data.caching.enabled = true (custom)
2023-05-31 22:57:42,143 [83cc0f91-5896-42fb-be30-113915710489-groupManagement] INFO  segmented.SegmentedRaftLogWorker (SegmentedRaftLogWorker.java:lambda$new$0(135)) - 83cc0f91-5896-42fb-be30-113915710489@group-FAAF52ABF0C5-SegmentedRaftLogWorker: flushIndex: setUnconditionally 0 -> -1
2023-05-31 22:57:42,143 [83cc0f91-5896-42fb-be30-113915710489-groupManagement] INFO  segmented.SegmentedRaftLogWorker (SegmentedRaftLogWorker.java:lambda$new$0(135)) - 83cc0f91-5896-42fb-be30-113915710489@group-FAAF52ABF0C5-SegmentedRaftLogWorker: safeCacheEvictIndex: setUnconditionally 0 -> -1
2023-05-31 22:57:42,145 [grpc-default-executor-1] INFO  server.RaftServer (RaftServerProxy.java:addNew(98)) - 41c98476-2059-4142-8ca0-ae93b0d149f4: addNew group-30D5F45409B1:[83cc0f91-5896-42fb-be30-113915710489|rpc:10.1.0.15:15059|admin:10.1.0.15:15058|client:10.1.0.15:15057|dataStream:10.1.0.15:15060|priority:0|startupRole:FOLLOWER, 9d40cccf-8c3a-4da2-ab03-ca5c7975d909|rpc:10.1.0.15:15050|admin:10.1.0.15:15049|client:10.1.0.15:15048|dataStream:10.1.0.15:15051|priority:0|startupRole:FOLLOWER, 41c98476-2059-4142-8ca0-ae93b0d149f4|rpc:10.1.0.15:15041|admin:10.1.0.15:15040|client:10.1.0.15:15039|dataStream:10.1.0.15:15042|priority:1|startupRole:FOLLOWER] returns group-30D5F45409B1:java.util.concurrent.CompletableFuture@1c0351e6[Not completed]
2023-05-31 22:57:42,146 [41c98476-2059-4142-8ca0-ae93b0d149f4-groupManagement] INFO  server.RaftServer$Division (RaftServerImpl.java:<init>(198)) - 41c98476-2059-4142-8ca0-ae93b0d149f4: new RaftServerImpl for group-30D5F45409B1:[83cc0f91-5896-42fb-be30-113915710489|rpc:10.1.0.15:15059|admin:10.1.0.15:15058|client:10.1.0.15:15057|dataStream:10.1.0.15:15060|priority:0|startupRole:FOLLOWER, 9d40cccf-8c3a-4da2-ab03-ca5c7975d909|rpc:10.1.0.15:15050|admin:10.1.0.15:15049|client:10.1.0.15:15048|dataStream:10.1.0.15:15051|priority:0|startupRole:FOLLOWER, 41c98476-2059-4142-8ca0-ae93b0d149f4|rpc:10.1.0.15:15041|admin:10.1.0.15:15040|client:10.1.0.15:15039|dataStream:10.1.0.15:15042|priority:1|startupRole:FOLLOWER] with ContainerStateMachine:uninitialized
2023-05-31 22:57:42,146 [41c98476-2059-4142-8ca0-ae93b0d149f4-groupManagement] INFO  server.RaftServerConfigKeys (ConfUtils.java:logGet(46)) - raft.server.rpc.timeout.min = 5s (custom)
2023-05-31 22:57:42,146 [41c98476-2059-4142-8ca0-ae93b0d149f4-groupManagement] INFO  server.RaftServerConfigKeys (ConfUtils.java:logGet(46)) - raft.server.rpc.timeout.max = 5200ms (custom)
2023-05-31 22:57:42,146 [41c98476-2059-4142-8ca0-ae93b0d149f4-groupManagement] INFO  server.RaftServerConfigKeys (ConfUtils.java:logGet(46)) - raft.server.rpc.sleep.time = 25ms (default)
2023-05-31 22:57:42,146 [41c98476-2059-4142-8ca0-ae93b0d149f4-groupManagement] INFO  server.RaftServerConfigKeys (ConfUtils.java:logGet(46)) - raft.server.rpc.slowness.timeout = 300s (custom)
2023-05-31 22:57:42,146 [41c98476-2059-4142-8ca0-ae93b0d149f4-groupManagement] INFO  server.RaftServerConfigKeys (ConfUtils.java:logGet(46)) - raft.server.leaderelection.leader.step-down.wait-time = 10s (default)
2023-05-31 22:57:42,146 [41c98476-2059-4142-8ca0-ae93b0d149f4-groupManagement] INFO  server.RaftServerConfigKeys (ConfUtils.java:logGet(46)) - raft.server.sleep.deviation.threshold = 300ms (default)
2023-05-31 22:57:42,146 [41c98476-2059-4142-8ca0-ae93b0d149f4-groupManagement] INFO  server.RaftServer$Division (ServerState.java:<init>(120)) - 41c98476-2059-4142-8ca0-ae93b0d149f4@group-30D5F45409B1: ConfigurationManager, init=-1: peers:[83cc0f91-5896-42fb-be30-113915710489|rpc:10.1.0.15:15059|admin:10.1.0.15:15058|client:10.1.0.15:15057|dataStream:10.1.0.15:15060|priority:0|startupRole:FOLLOWER, 9d40cccf-8c3a-4da2-ab03-ca5c7975d909|rpc:10.1.0.15:15050|admin:10.1.0.15:15049|client:10.1.0.15:15048|dataStream:10.1.0.15:15051|priority:0|startupRole:FOLLOWER, 41c98476-2059-4142-8ca0-ae93b0d149f4|rpc:10.1.0.15:15041|admin:10.1.0.15:15040|client:10.1.0.15:15039|dataStream:10.1.0.15:15042|priority:1|startupRole:FOLLOWER]|listeners:[], old=null, confs=<EMPTY_MAP>
2023-05-31 22:57:42,146 [41c98476-2059-4142-8ca0-ae93b0d149f4-groupManagement] INFO  server.RaftServerConfigKeys (ConfUtils.java:logGet(46)) - raft.server.storage.dir = [/home/runner/work/ozone/ozone/hadoop-ozone/integration-test/target/test-dir/MiniOzoneClusterImpl-816a41a7-5c89-4e8c-81ba-db0c8b26fb2d/datanode-3/data/ratis] (custom)
2023-05-31 22:57:42,147 [41c98476-2059-4142-8ca0-ae93b0d149f4-groupManagement] INFO  server.RaftServerConfigKeys (ConfUtils.java:logGet(46)) - raft.server.log.corruption.policy = EXCEPTION (default)
2023-05-31 22:57:42,147 [41c98476-2059-4142-8ca0-ae93b0d149f4-groupManagement] INFO  server.RaftServerConfigKeys (ConfUtils.java:logGet(46)) - raft.server.storage.free-space.min = 0MB (=0) (default)
2023-05-31 22:57:42,147 [41c98476-2059-4142-8ca0-ae93b0d149f4-groupManagement] INFO  server.RaftServerConfigKeys (ConfUtils.java:logGet(46)) - raft.server.notification.no-leader.timeout = 300s (custom)
2023-05-31 22:57:42,147 [83cc0f91-5896-42fb-be30-113915710489-groupManagement] INFO  server.RaftServer$Division (RaftServerImpl.java:start(342)) - 83cc0f91-5896-42fb-be30-113915710489@group-FAAF52ABF0C5: start as a follower, conf=-1: peers:[83cc0f91-5896-42fb-be30-113915710489|rpc:10.1.0.15:15059|admin:10.1.0.15:15058|client:10.1.0.15:15057|dataStream:10.1.0.15:15060|priority:1|startupRole:FOLLOWER, 9d40cccf-8c3a-4da2-ab03-ca5c7975d909|rpc:10.1.0.15:15050|admin:10.1.0.15:15049|client:10.1.0.15:15048|dataStream:10.1.0.15:15051|priority:0|startupRole:FOLLOWER, 41c98476-2059-4142-8ca0-ae93b0d149f4|rpc:10.1.0.15:15041|admin:10.1.0.15:15040|client:10.1.0.15:15039|dataStream:10.1.0.15:15042|priority:0|startupRole:FOLLOWER]|listeners:[], old=null
2023-05-31 22:57:42,147 [83cc0f91-5896-42fb-be30-113915710489-groupManagement] INFO  server.RaftServer$Division (RaftServerImpl.java:setRole(329)) - 83cc0f91-5896-42fb-be30-113915710489@group-FAAF52ABF0C5: changes role from      null to FOLLOWER at term 0 for startAsFollower
2023-05-31 22:57:42,147 [83cc0f91-5896-42fb-be30-113915710489-groupManagement] INFO  impl.RoleInfo (RoleInfo.java:updateAndGet(139)) - 83cc0f91-5896-42fb-be30-113915710489: start 83cc0f91-5896-42fb-be30-113915710489@group-FAAF52ABF0C5-FollowerState
2023-05-31 22:57:42,147 [41c98476-2059-4142-8ca0-ae93b0d149f4-groupManagement] INFO  server.RaftServerConfigKeys (ConfUtils.java:logGet(46)) - raft.server.read.timeout = 10s (default)
2023-05-31 22:57:42,148 [41c98476-2059-4142-8ca0-ae93b0d149f4-groupManagement] INFO  server.RaftServerConfigKeys (ConfUtils.java:logGet(46)) - raft.server.retrycache.expirytime = 600000ms (custom)
2023-05-31 22:57:42,148 [41c98476-2059-4142-8ca0-ae93b0d149f4-groupManagement] INFO  server.RaftServerConfigKeys (ConfUtils.java:logGet(46)) - raft.server.retrycache.statistics.expirytime = 100μs (default)
2023-05-31 22:57:42,148 [41c98476-2059-4142-8ca0-ae93b0d149f4-groupManagement] INFO  server.RaftServerConfigKeys (ConfUtils.java:logGet(46)) - raft.server.read.option = DEFAULT (default)
2023-05-31 22:57:42,149 [41c98476-2059-4142-8ca0-ae93b0d149f4-groupManagement] INFO  server.RaftServerConfigKeys (ConfUtils.java:logGet(46)) - raft.server.rpc.request.timeout = 60s (custom)
2023-05-31 22:57:42,149 [41c98476-2059-4142-8ca0-ae93b0d149f4-groupManagement] INFO  server.RaftServerConfigKeys (ConfUtils.java:logGet(46)) - raft.server.log.appender.install.snapshot.enabled = false (custom)
2023-05-31 22:57:42,150 [41c98476-2059-4142-8ca0-ae93b0d149f4-groupManagement] INFO  server.RaftServerConfigKeys (ConfUtils.java:logGet(46)) - raft.server.threadpool.server.cached = true (default)
2023-05-31 22:57:42,150 [41c98476-2059-4142-8ca0-ae93b0d149f4-groupManagement] INFO  server.RaftServerConfigKeys (ConfUtils.java:logGet(46)) - raft.server.threadpool.server.size = 0 (default)
2023-05-31 22:57:42,150 [41c98476-2059-4142-8ca0-ae93b0d149f4-groupManagement] INFO  server.RaftServerConfigKeys (ConfUtils.java:logGet(46)) - raft.server.threadpool.client.cached = true (default)
2023-05-31 22:57:42,150 [41c98476-2059-4142-8ca0-ae93b0d149f4-groupManagement] INFO  server.RaftServerConfigKeys (ConfUtils.java:logGet(46)) - raft.server.threadpool.client.size = 0 (default)
2023-05-31 22:57:42,150 [41c98476-2059-4142-8ca0-ae93b0d149f4-groupManagement] INFO  storage.RaftStorageDirectory (RaftStorageDirectoryImpl.java:analyzeStorage(137)) - The storage directory /home/runner/work/ozone/ozone/hadoop-ozone/integration-test/target/test-dir/MiniOzoneClusterImpl-816a41a7-5c89-4e8c-81ba-db0c8b26fb2d/datanode-3/data/ratis/e40c1d1a-3ce1-4f77-8ea6-30d5f45409b1 does not exist. Creating ...
2023-05-31 22:57:42,151 [83cc0f91-5896-42fb-be30-113915710489-groupManagement] INFO  util.JmxRegister (JmxRegister.java:tryRegister(44)) - Successfully registered JMX Bean with object name Ratis:service=RaftServer,group=group-FAAF52ABF0C5,id=83cc0f91-5896-42fb-be30-113915710489
2023-05-31 22:57:42,151 [83cc0f91-5896-42fb-be30-113915710489-groupManagement] INFO  server.RaftServerConfigKeys (ConfUtils.java:logGet(46)) - raft.server.snapshot.auto.trigger.enabled = true (custom)
2023-05-31 22:57:42,151 [83cc0f91-5896-42fb-be30-113915710489-groupManagement] INFO  server.RaftServerConfigKeys (ConfUtils.java:logGet(46)) - raft.server.snapshot.auto.trigger.threshold = 10000 (custom)
2023-05-31 22:57:42,151 [83cc0f91-5896-42fb-be30-113915710489-groupManagement] INFO  server.RaftServerConfigKeys (ConfUtils.java:logGet(46)) - raft.server.snapshot.retention.file.num = 5 (custom)
2023-05-31 22:57:42,151 [83cc0f91-5896-42fb-be30-113915710489-groupManagement] INFO  server.RaftServerConfigKeys (ConfUtils.java:logGet(46)) - raft.server.log.purge.upto.snapshot.index = false (default)
2023-05-31 22:57:42,152 [83cc0f91-5896-42fb-be30-113915710489@group-FAAF52ABF0C5-FollowerState] INFO  server.RaftServerConfigKeys (ConfUtils.java:logFallback(53)) - raft.server.rpc.first-election.timeout.min = 5s (fallback to raft.server.rpc.timeout.min)
2023-05-31 22:57:42,152 [83cc0f91-5896-42fb-be30-113915710489@group-FAAF52ABF0C5-FollowerState] INFO  server.RaftServerConfigKeys (ConfUtils.java:logFallback(53)) - raft.server.rpc.first-election.timeout.max = 5200ms (fallback to raft.server.rpc.timeout.max)
2023-05-31 22:57:42,160 [41c98476-2059-4142-8ca0-ae93b0d149f4-groupManagement] INFO  storage.RaftStorageDirectory (RaftStorageDirectoryImpl.java:tryLock(231)) - Lock on /home/runner/work/ozone/ozone/hadoop-ozone/integration-test/target/test-dir/MiniOzoneClusterImpl-816a41a7-5c89-4e8c-81ba-db0c8b26fb2d/datanode-3/data/ratis/e40c1d1a-3ce1-4f77-8ea6-30d5f45409b1/in_use.lock acquired by nodename 15007@fv-az844-56
2023-05-31 22:57:42,160 [PipelineCommandHandlerThread-0] INFO  ratis.XceiverServerRatis (XceiverServerRatis.java:addGroup(804)) - Created group PipelineID=f8f340ea-534e-4abd-be4c-faaf52abf0c5
2023-05-31 22:57:42,164 [41c98476-2059-4142-8ca0-ae93b0d149f4-groupManagement] INFO  storage.RaftStorage (RaftStorageImpl.java:format(96)) - Storage directory /home/runner/work/ozone/ozone/hadoop-ozone/integration-test/target/test-dir/MiniOzoneClusterImpl-816a41a7-5c89-4e8c-81ba-db0c8b26fb2d/datanode-3/data/ratis/e40c1d1a-3ce1-4f77-8ea6-30d5f45409b1 has been successfully formatted.
2023-05-31 22:57:42,165 [41c98476-2059-4142-8ca0-ae93b0d149f4-groupManagement] INFO  ratis.ContainerStateMachine (ContainerStateMachine.java:loadSnapshot(262)) - group-30D5F45409B1: The snapshot info is null. Setting the last applied indexto:(t:0, i:~)
2023-05-31 22:57:42,165 [41c98476-2059-4142-8ca0-ae93b0d149f4-groupManagement] INFO  server.RaftServerConfigKeys (ConfUtils.java:logGet(46)) - raft.server.log.use.memory = false (default)
2023-05-31 22:57:42,166 [41c98476-2059-4142-8ca0-ae93b0d149f4-groupManagement] INFO  server.RaftServerConfigKeys (ConfUtils.java:logGet(46)) - raft.server.log.purge.gap = 1000000 (custom)
2023-05-31 22:57:42,166 [41c98476-2059-4142-8ca0-ae93b0d149f4-groupManagement] INFO  server.RaftServerConfigKeys (ConfUtils.java:logGet(46)) - raft.server.log.appender.buffer.byte-limit = 33554432 (custom)
2023-05-31 22:57:42,166 [41c98476-2059-4142-8ca0-ae93b0d149f4-groupManagement] INFO  server.RaftServerConfigKeys (ConfUtils.java:logGet(46)) - raft.server.log.statemachine.data.read.timeout = 1000ms (default)
2023-05-31 22:57:42,166 [41c98476-2059-4142-8ca0-ae93b0d149f4-groupManagement] INFO  server.RaftServerConfigKeys (ConfUtils.java:logGet(46)) - raft.server.log.purge.preservation.log.num = 0 (default)
2023-05-31 22:57:42,166 [41c98476-2059-4142-8ca0-ae93b0d149f4-groupManagement] INFO  server.RaftServerConfigKeys (ConfUtils.java:logGet(46)) - raft.server.log.segment.size.max = 1048576 (custom)
2023-05-31 22:57:42,168 [EventQueue-OpenPipelineForHealthyPipelineSafeModeRule] INFO  safemode.SCMSafeModeManager (HealthyPipelineSafeModeRule.java:process(137)) - SCM in safe mode. Healthy pipelines reported count is 0, required healthy pipeline reported count is 1
2023-05-31 22:57:42,168 [41c98476-2059-4142-8ca0-ae93b0d149f4-groupManagement] INFO  server.RaftServerConfigKeys (ConfUtils.java:logGet(46)) - raft.server.log.segment.cache.num.max = 2 (custom)
2023-05-31 22:57:42,168 [41c98476-2059-4142-8ca0-ae93b0d149f4-groupManagement] INFO  server.RaftServerConfigKeys (ConfUtils.java:logGet(46)) - raft.server.log.segment.cache.size.max = 200MB (=209715200) (default)
2023-05-31 22:57:42,168 [41c98476-2059-4142-8ca0-ae93b0d149f4-groupManagement] INFO  server.RaftServerConfigKeys (ConfUtils.java:logGet(46)) - raft.server.log.appender.buffer.byte-limit = 33554432 (custom)
2023-05-31 22:57:42,168 [41c98476-2059-4142-8ca0-ae93b0d149f4-groupManagement] INFO  segmented.SegmentedRaftLogWorker (SegmentedRaftLogWorker.java:<init>(188)) - new 41c98476-2059-4142-8ca0-ae93b0d149f4@group-30D5F45409B1-SegmentedRaftLogWorker for RaftStorageImpl:Storage Directory /home/runner/work/ozone/ozone/hadoop-ozone/integration-test/target/test-dir/MiniOzoneClusterImpl-816a41a7-5c89-4e8c-81ba-db0c8b26fb2d/datanode-3/data/ratis/e40c1d1a-3ce1-4f77-8ea6-30d5f45409b1
2023-05-31 22:57:42,169 [41c98476-2059-4142-8ca0-ae93b0d149f4-groupManagement] INFO  server.RaftServerConfigKeys (ConfUtils.java:logGet(46)) - raft.server.log.queue.byte-limit = 4294967296 (custom)
2023-05-31 22:57:42,169 [41c98476-2059-4142-8ca0-ae93b0d149f4-groupManagement] INFO  server.RaftServerConfigKeys (ConfUtils.java:logGet(46)) - raft.server.log.queue.element-limit = 1024 (custom)
2023-05-31 22:57:42,169 [41c98476-2059-4142-8ca0-ae93b0d149f4-groupManagement] INFO  server.RaftServerConfigKeys (ConfUtils.java:logGet(46)) - raft.server.log.segment.size.max = 1048576 (custom)
2023-05-31 22:57:42,169 [41c98476-2059-4142-8ca0-ae93b0d149f4-groupManagement] INFO  server.RaftServerConfigKeys (ConfUtils.java:logGet(46)) - raft.server.log.preallocated.size = 16384 (custom)
2023-05-31 22:57:42,169 [41c98476-2059-4142-8ca0-ae93b0d149f4-groupManagement] INFO  server.RaftServerConfigKeys (ConfUtils.java:logGet(46)) - raft.server.log.force.sync.num = 128 (default)
2023-05-31 22:57:42,169 [41c98476-2059-4142-8ca0-ae93b0d149f4-groupManagement] INFO  server.RaftServerConfigKeys (ConfUtils.java:logGet(46)) - raft.server.log.statemachine.data.sync = true (default)
2023-05-31 22:57:42,169 [41c98476-2059-4142-8ca0-ae93b0d149f4-groupManagement] INFO  server.RaftServerConfigKeys (ConfUtils.java:logGet(46)) - raft.server.log.statemachine.data.sync.timeout = 10s (default)
2023-05-31 22:57:42,169 [41c98476-2059-4142-8ca0-ae93b0d149f4-groupManagement] INFO  server.RaftServerConfigKeys (ConfUtils.java:logGet(46)) - raft.server.log.statemachine.data.sync.timeout.retry = -1 (default)
2023-05-31 22:57:42,182 [PipelineCommandHandlerThread-0] INFO  commandhandler.CreatePipelineCommandHandler (CreatePipelineCommandHandler.java:lambda$handle$2(124)) - Created Pipeline RATIS THREE PipelineID=f8f340ea-534e-4abd-be4c-faaf52abf0c5.
2023-05-31 22:57:42,183 [41c98476-2059-4142-8ca0-ae93b0d149f4-groupManagement] INFO  server.RaftServerConfigKeys (ConfUtils.java:logGet(46)) - raft.server.log.write.buffer.size = 1048576 (custom)
2023-05-31 22:57:42,184 [41c98476-2059-4142-8ca0-ae93b0d149f4-groupManagement] INFO  server.RaftServerConfigKeys (ConfUtils.java:logGet(46)) - raft.server.log.appender.buffer.byte-limit = 33554432 (custom)
2023-05-31 22:57:42,200 [41c98476-2059-4142-8ca0-ae93b0d149f4-groupManagement] INFO  server.RaftServerConfigKeys (ConfUtils.java:logGet(46)) - raft.server.log.unsafe-flush.enabled = false (default)
2023-05-31 22:57:42,200 [41c98476-2059-4142-8ca0-ae93b0d149f4-groupManagement] INFO  server.RaftServerConfigKeys (ConfUtils.java:logGet(46)) - raft.server.log.async-flush.enabled = false (default)
2023-05-31 22:57:42,200 [41c98476-2059-4142-8ca0-ae93b0d149f4-groupManagement] INFO  server.RaftServerConfigKeys (ConfUtils.java:logGet(46)) - raft.server.log.statemachine.data.caching.enabled = true (custom)
2023-05-31 22:57:42,201 [41c98476-2059-4142-8ca0-ae93b0d149f4-groupManagement] INFO  segmented.SegmentedRaftLogWorker (SegmentedRaftLogWorker.java:lambda$new$0(135)) - 41c98476-2059-4142-8ca0-ae93b0d149f4@group-30D5F45409B1-SegmentedRaftLogWorker: flushIndex: setUnconditionally 0 -> -1
2023-05-31 22:57:42,201 [41c98476-2059-4142-8ca0-ae93b0d149f4-groupManagement] INFO  segmented.SegmentedRaftLogWorker (SegmentedRaftLogWorker.java:lambda$new$0(135)) - 41c98476-2059-4142-8ca0-ae93b0d149f4@group-30D5F45409B1-SegmentedRaftLogWorker: safeCacheEvictIndex: setUnconditionally 0 -> -1
2023-05-31 22:57:42,203 [41c98476-2059-4142-8ca0-ae93b0d149f4-groupManagement] INFO  server.RaftServer$Division (RaftServerImpl.java:start(342)) - 41c98476-2059-4142-8ca0-ae93b0d149f4@group-30D5F45409B1: start as a follower, conf=-1: peers:[83cc0f91-5896-42fb-be30-113915710489|rpc:10.1.0.15:15059|admin:10.1.0.15:15058|client:10.1.0.15:15057|dataStream:10.1.0.15:15060|priority:0|startupRole:FOLLOWER, 9d40cccf-8c3a-4da2-ab03-ca5c7975d909|rpc:10.1.0.15:15050|admin:10.1.0.15:15049|client:10.1.0.15:15048|dataStream:10.1.0.15:15051|priority:0|startupRole:FOLLOWER, 41c98476-2059-4142-8ca0-ae93b0d149f4|rpc:10.1.0.15:15041|admin:10.1.0.15:15040|client:10.1.0.15:15039|dataStream:10.1.0.15:15042|priority:1|startupRole:FOLLOWER]|listeners:[], old=null
2023-05-31 22:57:42,203 [41c98476-2059-4142-8ca0-ae93b0d149f4-groupManagement] INFO  server.RaftServer$Division (RaftServerImpl.java:setRole(329)) - 41c98476-2059-4142-8ca0-ae93b0d149f4@group-30D5F45409B1: changes role from      null to FOLLOWER at term 0 for startAsFollower
2023-05-31 22:57:42,203 [41c98476-2059-4142-8ca0-ae93b0d149f4-groupManagement] INFO  impl.RoleInfo (RoleInfo.java:updateAndGet(139)) - 41c98476-2059-4142-8ca0-ae93b0d149f4: start 41c98476-2059-4142-8ca0-ae93b0d149f4@group-30D5F45409B1-FollowerState
2023-05-31 22:57:42,204 [41c98476-2059-4142-8ca0-ae93b0d149f4-groupManagement] INFO  util.JmxRegister (JmxRegister.java:tryRegister(44)) - Successfully registered JMX Bean with object name Ratis:service=RaftServer,group=group-30D5F45409B1,id=41c98476-2059-4142-8ca0-ae93b0d149f4
2023-05-31 22:57:42,204 [41c98476-2059-4142-8ca0-ae93b0d149f4-groupManagement] INFO  server.RaftServerConfigKeys (ConfUtils.java:logGet(46)) - raft.server.snapshot.auto.trigger.enabled = true (custom)
2023-05-31 22:57:42,204 [41c98476-2059-4142-8ca0-ae93b0d149f4-groupManagement] INFO  server.RaftServerConfigKeys (ConfUtils.java:logGet(46)) - raft.server.snapshot.auto.trigger.threshold = 10000 (custom)
2023-05-31 22:57:42,204 [41c98476-2059-4142-8ca0-ae93b0d149f4-groupManagement] INFO  server.RaftServerConfigKeys (ConfUtils.java:logGet(46)) - raft.server.snapshot.retention.file.num = 5 (custom)
2023-05-31 22:57:42,204 [41c98476-2059-4142-8ca0-ae93b0d149f4-groupManagement] INFO  server.RaftServerConfigKeys (ConfUtils.java:logGet(46)) - raft.server.log.purge.upto.snapshot.index = false (default)
2023-05-31 22:57:42,205 [41c98476-2059-4142-8ca0-ae93b0d149f4@group-30D5F45409B1-FollowerState] INFO  server.RaftServerConfigKeys (ConfUtils.java:logFallback(53)) - raft.server.rpc.first-election.timeout.min = 5s (fallback to raft.server.rpc.timeout.min)
2023-05-31 22:57:42,205 [41c98476-2059-4142-8ca0-ae93b0d149f4@group-30D5F45409B1-FollowerState] INFO  server.RaftServerConfigKeys (ConfUtils.java:logFallback(53)) - raft.server.rpc.first-election.timeout.max = 5200ms (fallback to raft.server.rpc.timeout.max)
2023-05-31 22:57:42,284 [grpc-default-executor-0] INFO  server.RaftServer (RaftServerProxy.java:addNew(98)) - 83cc0f91-5896-42fb-be30-113915710489: addNew group-30D5F45409B1:[83cc0f91-5896-42fb-be30-113915710489|rpc:10.1.0.15:15059|admin:10.1.0.15:15058|client:10.1.0.15:15057|dataStream:10.1.0.15:15060|priority:0|startupRole:FOLLOWER, 9d40cccf-8c3a-4da2-ab03-ca5c7975d909|rpc:10.1.0.15:15050|admin:10.1.0.15:15049|client:10.1.0.15:15048|dataStream:10.1.0.15:15051|priority:0|startupRole:FOLLOWER, 41c98476-2059-4142-8ca0-ae93b0d149f4|rpc:10.1.0.15:15041|admin:10.1.0.15:15040|client:10.1.0.15:15039|dataStream:10.1.0.15:15042|priority:1|startupRole:FOLLOWER] returns group-30D5F45409B1:java.util.concurrent.CompletableFuture@61c1d9ad[Not completed]
2023-05-31 22:57:42,286 [83cc0f91-5896-42fb-be30-113915710489-groupManagement] INFO  server.RaftServer$Division (RaftServerImpl.java:<init>(198)) - 83cc0f91-5896-42fb-be30-113915710489: new RaftServerImpl for group-30D5F45409B1:[83cc0f91-5896-42fb-be30-113915710489|rpc:10.1.0.15:15059|admin:10.1.0.15:15058|client:10.1.0.15:15057|dataStream:10.1.0.15:15060|priority:0|startupRole:FOLLOWER, 9d40cccf-8c3a-4da2-ab03-ca5c7975d909|rpc:10.1.0.15:15050|admin:10.1.0.15:15049|client:10.1.0.15:15048|dataStream:10.1.0.15:15051|priority:0|startupRole:FOLLOWER, 41c98476-2059-4142-8ca0-ae93b0d149f4|rpc:10.1.0.15:15041|admin:10.1.0.15:15040|client:10.1.0.15:15039|dataStream:10.1.0.15:15042|priority:1|startupRole:FOLLOWER] with ContainerStateMachine:uninitialized
2023-05-31 22:57:42,286 [83cc0f91-5896-42fb-be30-113915710489-groupManagement] INFO  server.RaftServerConfigKeys (ConfUtils.java:logGet(46)) - raft.server.rpc.timeout.min = 5s (custom)
2023-05-31 22:57:42,286 [83cc0f91-5896-42fb-be30-113915710489-groupManagement] INFO  server.RaftServerConfigKeys (ConfUtils.java:logGet(46)) - raft.server.rpc.timeout.max = 5200ms (custom)
2023-05-31 22:57:42,286 [83cc0f91-5896-42fb-be30-113915710489-groupManagement] INFO  server.RaftServerConfigKeys (ConfUtils.java:logGet(46)) - raft.server.rpc.sleep.time = 25ms (default)
2023-05-31 22:57:42,286 [83cc0f91-5896-42fb-be30-113915710489-groupManagement] INFO  server.RaftServerConfigKeys (ConfUtils.java:logGet(46)) - raft.server.rpc.slowness.timeout = 300s (custom)
2023-05-31 22:57:42,287 [83cc0f91-5896-42fb-be30-113915710489-groupManagement] INFO  server.RaftServerConfigKeys (ConfUtils.java:logGet(46)) - raft.server.leaderelection.leader.step-down.wait-time = 10s (default)
2023-05-31 22:57:42,287 [83cc0f91-5896-42fb-be30-113915710489-groupManagement] INFO  server.RaftServerConfigKeys (ConfUtils.java:logGet(46)) - raft.server.sleep.deviation.threshold = 300ms (default)
2023-05-31 22:57:42,287 [83cc0f91-5896-42fb-be30-113915710489-groupManagement] INFO  server.RaftServer$Division (ServerState.java:<init>(120)) - 83cc0f91-5896-42fb-be30-113915710489@group-30D5F45409B1: ConfigurationManager, init=-1: peers:[83cc0f91-5896-42fb-be30-113915710489|rpc:10.1.0.15:15059|admin:10.1.0.15:15058|client:10.1.0.15:15057|dataStream:10.1.0.15:15060|priority:0|startupRole:FOLLOWER, 9d40cccf-8c3a-4da2-ab03-ca5c7975d909|rpc:10.1.0.15:15050|admin:10.1.0.15:15049|client:10.1.0.15:15048|dataStream:10.1.0.15:15051|priority:0|startupRole:FOLLOWER, 41c98476-2059-4142-8ca0-ae93b0d149f4|rpc:10.1.0.15:15041|admin:10.1.0.15:15040|client:10.1.0.15:15039|dataStream:10.1.0.15:15042|priority:1|startupRole:FOLLOWER]|listeners:[], old=null, confs=<EMPTY_MAP>
2023-05-31 22:57:42,287 [83cc0f91-5896-42fb-be30-113915710489-groupManagement] INFO  server.RaftServerConfigKeys (ConfUtils.java:logGet(46)) - raft.server.storage.dir = [/home/runner/work/ozone/ozone/hadoop-ozone/integration-test/target/test-dir/MiniOzoneClusterImpl-816a41a7-5c89-4e8c-81ba-db0c8b26fb2d/datanode-5/data/ratis] (custom)
2023-05-31 22:57:42,287 [83cc0f91-5896-42fb-be30-113915710489-groupManagement] INFO  server.RaftServerConfigKeys (ConfUtils.java:logGet(46)) - raft.server.log.corruption.policy = EXCEPTION (default)
2023-05-31 22:57:42,287 [83cc0f91-5896-42fb-be30-113915710489-groupManagement] INFO  server.RaftServerConfigKeys (ConfUtils.java:logGet(46)) - raft.server.storage.free-space.min = 0MB (=0) (default)
2023-05-31 22:57:42,288 [83cc0f91-5896-42fb-be30-113915710489-groupManagement] INFO  server.RaftServerConfigKeys (ConfUtils.java:logGet(46)) - raft.server.notification.no-leader.timeout = 300s (custom)
2023-05-31 22:57:42,288 [83cc0f91-5896-42fb-be30-113915710489-groupManagement] INFO  server.RaftServerConfigKeys (ConfUtils.java:logGet(46)) - raft.server.read.timeout = 10s (default)
2023-05-31 22:57:42,288 [83cc0f91-5896-42fb-be30-113915710489-groupManagement] INFO  server.RaftServerConfigKeys (ConfUtils.java:logGet(46)) - raft.server.retrycache.expirytime = 600000ms (custom)
2023-05-31 22:57:42,288 [83cc0f91-5896-42fb-be30-113915710489-groupManagement] INFO  server.RaftServerConfigKeys (ConfUtils.java:logGet(46)) - raft.server.retrycache.statistics.expirytime = 100μs (default)
2023-05-31 22:57:42,288 [83cc0f91-5896-42fb-be30-113915710489-groupManagement] INFO  server.RaftServerConfigKeys (ConfUtils.java:logGet(46)) - raft.server.read.option = DEFAULT (default)
2023-05-31 22:57:42,290 [83cc0f91-5896-42fb-be30-113915710489-groupManagement] INFO  server.RaftServerConfigKeys (ConfUtils.java:logGet(46)) - raft.server.rpc.request.timeout = 60s (custom)
2023-05-31 22:57:42,290 [83cc0f91-5896-42fb-be30-113915710489-groupManagement] INFO  server.RaftServerConfigKeys (ConfUtils.java:logGet(46)) - raft.server.log.appender.install.snapshot.enabled = false (custom)
2023-05-31 22:57:42,290 [83cc0f91-5896-42fb-be30-113915710489-groupManagement] INFO  server.RaftServerConfigKeys (ConfUtils.java:logGet(46)) - raft.server.threadpool.server.cached = true (default)
2023-05-31 22:57:42,290 [83cc0f91-5896-42fb-be30-113915710489-groupManagement] INFO  server.RaftServerConfigKeys (ConfUtils.java:logGet(46)) - raft.server.threadpool.server.size = 0 (default)
2023-05-31 22:57:42,290 [83cc0f91-5896-42fb-be30-113915710489-groupManagement] INFO  server.RaftServerConfigKeys (ConfUtils.java:logGet(46)) - raft.server.threadpool.client.cached = true (default)
2023-05-31 22:57:42,290 [83cc0f91-5896-42fb-be30-113915710489-groupManagement] INFO  server.RaftServerConfigKeys (ConfUtils.java:logGet(46)) - raft.server.threadpool.client.size = 0 (default)
2023-05-31 22:57:42,290 [83cc0f91-5896-42fb-be30-113915710489-groupManagement] INFO  storage.RaftStorageDirectory (RaftStorageDirectoryImpl.java:analyzeStorage(137)) - The storage directory /home/runner/work/ozone/ozone/hadoop-ozone/integration-test/target/test-dir/MiniOzoneClusterImpl-816a41a7-5c89-4e8c-81ba-db0c8b26fb2d/datanode-5/data/ratis/e40c1d1a-3ce1-4f77-8ea6-30d5f45409b1 does not exist. Creating ...
2023-05-31 22:57:42,314 [main] INFO  ozone.MiniOzoneClusterImpl (MiniOzoneClusterImpl.java:lambda$waitForClusterToBeReady$0(222)) - Waiting for nodes to be ready. Got 12 of 14 DN Heartbeats.
2023-05-31 22:57:42,314 [main] INFO  ozone.MiniOzoneClusterImpl (MiniOzoneClusterImpl.java:lambda$waitForClusterToBeReady$0(225)) - Waiting for cluster to exit safe mode
2023-05-31 22:57:42,314 [main] INFO  ozone.MiniOzoneClusterImpl (MiniOzoneClusterImpl.java:lambda$waitForClusterToBeReady$0(227)) - SCM became leader
2023-05-31 22:57:42,318 [PipelineCommandHandlerThread-0] INFO  commandhandler.CreatePipelineCommandHandler (CreatePipelineCommandHandler.java:lambda$handle$2(124)) - Created Pipeline RATIS THREE PipelineID=f8f340ea-534e-4abd-be4c-faaf52abf0c5.
2023-05-31 22:57:42,315 [83cc0f91-5896-42fb-be30-113915710489-groupManagement] INFO  storage.RaftStorageDirectory (RaftStorageDirectoryImpl.java:tryLock(231)) - Lock on /home/runner/work/ozone/ozone/hadoop-ozone/integration-test/target/test-dir/MiniOzoneClusterImpl-816a41a7-5c89-4e8c-81ba-db0c8b26fb2d/datanode-5/data/ratis/e40c1d1a-3ce1-4f77-8ea6-30d5f45409b1/in_use.lock acquired by nodename 15007@fv-az844-56
2023-05-31 22:57:42,321 [83cc0f91-5896-42fb-be30-113915710489-groupManagement] INFO  storage.RaftStorage (RaftStorageImpl.java:format(96)) - Storage directory /home/runner/work/ozone/ozone/hadoop-ozone/integration-test/target/test-dir/MiniOzoneClusterImpl-816a41a7-5c89-4e8c-81ba-db0c8b26fb2d/datanode-5/data/ratis/e40c1d1a-3ce1-4f77-8ea6-30d5f45409b1 has been successfully formatted.
2023-05-31 22:57:42,321 [83cc0f91-5896-42fb-be30-113915710489-groupManagement] INFO  ratis.ContainerStateMachine (ContainerStateMachine.java:loadSnapshot(262)) - group-30D5F45409B1: The snapshot info is null. Setting the last applied indexto:(t:0, i:~)
2023-05-31 22:57:42,322 [83cc0f91-5896-42fb-be30-113915710489-groupManagement] INFO  server.RaftServerConfigKeys (ConfUtils.java:logGet(46)) - raft.server.log.use.memory = false (default)
2023-05-31 22:57:42,322 [83cc0f91-5896-42fb-be30-113915710489-groupManagement] INFO  server.RaftServerConfigKeys (ConfUtils.java:logGet(46)) - raft.server.log.purge.gap = 1000000 (custom)
2023-05-31 22:57:42,322 [83cc0f91-5896-42fb-be30-113915710489-groupManagement] INFO  server.RaftServerConfigKeys (ConfUtils.java:logGet(46)) - raft.server.log.appender.buffer.byte-limit = 33554432 (custom)
2023-05-31 22:57:42,322 [83cc0f91-5896-42fb-be30-113915710489-groupManagement] INFO  server.RaftServerConfigKeys (ConfUtils.java:logGet(46)) - raft.server.log.statemachine.data.read.timeout = 1000ms (default)
2023-05-31 22:57:42,322 [83cc0f91-5896-42fb-be30-113915710489-groupManagement] INFO  server.RaftServerConfigKeys (ConfUtils.java:logGet(46)) - raft.server.log.purge.preservation.log.num = 0 (default)
2023-05-31 22:57:42,325 [EventQueue-OpenPipelineForHealthyPipelineSafeModeRule] INFO  safemode.SCMSafeModeManager (HealthyPipelineSafeModeRule.java:process(137)) - SCM in safe mode. Healthy pipelines reported count is 0, required healthy pipeline reported count is 1
2023-05-31 22:57:42,326 [83cc0f91-5896-42fb-be30-113915710489-groupManagement] INFO  server.RaftServerConfigKeys (ConfUtils.java:logGet(46)) - raft.server.log.segment.size.max = 1048576 (custom)
2023-05-31 22:57:42,326 [83cc0f91-5896-42fb-be30-113915710489-groupManagement] INFO  server.RaftServerConfigKeys (ConfUtils.java:logGet(46)) - raft.server.log.segment.cache.num.max = 2 (custom)
2023-05-31 22:57:42,327 [83cc0f91-5896-42fb-be30-113915710489-groupManagement] INFO  server.RaftServerConfigKeys (ConfUtils.java:logGet(46)) - raft.server.log.segment.cache.size.max = 200MB (=209715200) (default)
2023-05-31 22:57:42,327 [83cc0f91-5896-42fb-be30-113915710489-groupManagement] INFO  server.RaftServerConfigKeys (ConfUtils.java:logGet(46)) - raft.server.log.appender.buffer.byte-limit = 33554432 (custom)
2023-05-31 22:57:42,327 [83cc0f91-5896-42fb-be30-113915710489-groupManagement] INFO  segmented.SegmentedRaftLogWorker (SegmentedRaftLogWorker.java:<init>(188)) - new 83cc0f91-5896-42fb-be30-113915710489@group-30D5F45409B1-SegmentedRaftLogWorker for RaftStorageImpl:Storage Directory /home/runner/work/ozone/ozone/hadoop-ozone/integration-test/target/test-dir/MiniOzoneClusterImpl-816a41a7-5c89-4e8c-81ba-db0c8b26fb2d/datanode-5/data/ratis/e40c1d1a-3ce1-4f77-8ea6-30d5f45409b1
2023-05-31 22:57:42,327 [83cc0f91-5896-42fb-be30-113915710489-groupManagement] INFO  server.RaftServerConfigKeys (ConfUtils.java:logGet(46)) - raft.server.log.queue.byte-limit = 4294967296 (custom)
2023-05-31 22:57:42,327 [83cc0f91-5896-42fb-be30-113915710489-groupManagement] INFO  server.RaftServerConfigKeys (ConfUtils.java:logGet(46)) - raft.server.log.queue.element-limit = 1024 (custom)
2023-05-31 22:57:42,327 [83cc0f91-5896-42fb-be30-113915710489-groupManagement] INFO  server.RaftServerConfigKeys (ConfUtils.java:logGet(46)) - raft.server.log.segment.size.max = 1048576 (custom)
2023-05-31 22:57:42,327 [83cc0f91-5896-42fb-be30-113915710489-groupManagement] INFO  server.RaftServerConfigKeys (ConfUtils.java:logGet(46)) - raft.server.log.preallocated.size = 16384 (custom)
2023-05-31 22:57:42,327 [83cc0f91-5896-42fb-be30-113915710489-groupManagement] INFO  server.RaftServerConfigKeys (ConfUtils.java:logGet(46)) - raft.server.log.force.sync.num = 128 (default)
2023-05-31 22:57:42,327 [83cc0f91-5896-42fb-be30-113915710489-groupManagement] INFO  server.RaftServerConfigKeys (ConfUtils.java:logGet(46)) - raft.server.log.statemachine.data.sync = true (default)
2023-05-31 22:57:42,327 [83cc0f91-5896-42fb-be30-113915710489-groupManagement] INFO  server.RaftServerConfigKeys (ConfUtils.java:logGet(46)) - raft.server.log.statemachine.data.sync.timeout = 10s (default)
2023-05-31 22:57:42,328 [83cc0f91-5896-42fb-be30-113915710489-groupManagement] INFO  server.RaftServerConfigKeys (ConfUtils.java:logGet(46)) - raft.server.log.statemachine.data.sync.timeout.retry = -1 (default)
2023-05-31 22:57:42,329 [83cc0f91-5896-42fb-be30-113915710489-groupManagement] INFO  server.RaftServerConfigKeys (ConfUtils.java:logGet(46)) - raft.server.log.write.buffer.size = 1048576 (custom)
2023-05-31 22:57:42,330 [83cc0f91-5896-42fb-be30-113915710489-groupManagement] INFO  server.RaftServerConfigKeys (ConfUtils.java:logGet(46)) - raft.server.log.appender.buffer.byte-limit = 33554432 (custom)
2023-05-31 22:57:42,336 [83cc0f91-5896-42fb-be30-113915710489-groupManagement] INFO  server.RaftServerConfigKeys (ConfUtils.java:logGet(46)) - raft.server.log.unsafe-flush.enabled = false (default)
2023-05-31 22:57:42,336 [83cc0f91-5896-42fb-be30-113915710489-groupManagement] INFO  server.RaftServerConfigKeys (ConfUtils.java:logGet(46)) - raft.server.log.async-flush.enabled = false (default)
2023-05-31 22:57:42,336 [83cc0f91-5896-42fb-be30-113915710489-groupManagement] INFO  server.RaftServerConfigKeys (ConfUtils.java:logGet(46)) - raft.server.log.statemachine.data.caching.enabled = true (custom)
2023-05-31 22:57:42,336 [83cc0f91-5896-42fb-be30-113915710489-groupManagement] INFO  segmented.SegmentedRaftLogWorker (SegmentedRaftLogWorker.java:lambda$new$0(135)) - 83cc0f91-5896-42fb-be30-113915710489@group-30D5F45409B1-SegmentedRaftLogWorker: flushIndex: setUnconditionally 0 -> -1
2023-05-31 22:57:42,336 [83cc0f91-5896-42fb-be30-113915710489-groupManagement] INFO  segmented.SegmentedRaftLogWorker (SegmentedRaftLogWorker.java:lambda$new$0(135)) - 83cc0f91-5896-42fb-be30-113915710489@group-30D5F45409B1-SegmentedRaftLogWorker: safeCacheEvictIndex: setUnconditionally 0 -> -1
2023-05-31 22:57:42,337 [83cc0f91-5896-42fb-be30-113915710489-groupManagement] INFO  server.RaftServer$Division (RaftServerImpl.java:start(342)) - 83cc0f91-5896-42fb-be30-113915710489@group-30D5F45409B1: start as a follower, conf=-1: peers:[83cc0f91-5896-42fb-be30-113915710489|rpc:10.1.0.15:15059|admin:10.1.0.15:15058|client:10.1.0.15:15057|dataStream:10.1.0.15:15060|priority:0|startupRole:FOLLOWER, 9d40cccf-8c3a-4da2-ab03-ca5c7975d909|rpc:10.1.0.15:15050|admin:10.1.0.15:15049|client:10.1.0.15:15048|dataStream:10.1.0.15:15051|priority:0|startupRole:FOLLOWER, 41c98476-2059-4142-8ca0-ae93b0d149f4|rpc:10.1.0.15:15041|admin:10.1.0.15:15040|client:10.1.0.15:15039|dataStream:10.1.0.15:15042|priority:1|startupRole:FOLLOWER]|listeners:[], old=null
2023-05-31 22:57:42,337 [83cc0f91-5896-42fb-be30-113915710489-groupManagement] INFO  server.RaftServer$Division (RaftServerImpl.java:setRole(329)) - 83cc0f91-5896-42fb-be30-113915710489@group-30D5F45409B1: changes role from      null to FOLLOWER at term 0 for startAsFollower
2023-05-31 22:57:42,337 [83cc0f91-5896-42fb-be30-113915710489-groupManagement] INFO  impl.RoleInfo (RoleInfo.java:updateAndGet(139)) - 83cc0f91-5896-42fb-be30-113915710489: start 83cc0f91-5896-42fb-be30-113915710489@group-30D5F45409B1-FollowerState
2023-05-31 22:57:42,337 [83cc0f91-5896-42fb-be30-113915710489@group-30D5F45409B1-FollowerState] INFO  server.RaftServerConfigKeys (ConfUtils.java:logFallback(53)) - raft.server.rpc.first-election.timeout.min = 5s (fallback to raft.server.rpc.timeout.min)
2023-05-31 22:57:42,337 [83cc0f91-5896-42fb-be30-113915710489-groupManagement] INFO  util.JmxRegister (JmxRegister.java:tryRegister(44)) - Successfully registered JMX Bean with object name Ratis:service=RaftServer,group=group-30D5F45409B1,id=83cc0f91-5896-42fb-be30-113915710489
2023-05-31 22:57:42,337 [83cc0f91-5896-42fb-be30-113915710489@group-30D5F45409B1-FollowerState] INFO  server.RaftServerConfigKeys (ConfUtils.java:logFallback(53)) - raft.server.rpc.first-election.timeout.max = 5200ms (fallback to raft.server.rpc.timeout.max)
2023-05-31 22:57:42,337 [83cc0f91-5896-42fb-be30-113915710489-groupManagement] INFO  server.RaftServerConfigKeys (ConfUtils.java:logGet(46)) - raft.server.snapshot.auto.trigger.enabled = true (custom)
2023-05-31 22:57:42,338 [83cc0f91-5896-42fb-be30-113915710489-groupManagement] INFO  server.RaftServerConfigKeys (ConfUtils.java:logGet(46)) - raft.server.snapshot.auto.trigger.threshold = 10000 (custom)
2023-05-31 22:57:42,338 [83cc0f91-5896-42fb-be30-113915710489-groupManagement] INFO  server.RaftServerConfigKeys (ConfUtils.java:logGet(46)) - raft.server.snapshot.retention.file.num = 5 (custom)
2023-05-31 22:57:42,338 [83cc0f91-5896-42fb-be30-113915710489-groupManagement] INFO  server.RaftServerConfigKeys (ConfUtils.java:logGet(46)) - raft.server.log.purge.upto.snapshot.index = false (default)
2023-05-31 22:57:42,367 [PipelineCommandHandlerThread-0] INFO  commandhandler.CreatePipelineCommandHandler (CreatePipelineCommandHandler.java:lambda$handle$2(124)) - Created Pipeline RATIS THREE PipelineID=e40c1d1a-3ce1-4f77-8ea6-30d5f45409b1.
2023-05-31 22:57:42,384 [IPC Server handler 0 on default port 15002] INFO  net.NetworkTopologyImpl (NetworkTopologyImpl.java:add(112)) - Added a new node: /default-rack/2fca467b-8261-48a6-b0b4-c0ececcd3716
2023-05-31 22:57:42,384 [IPC Server handler 0 on default port 15002] INFO  node.SCMNodeManager (SCMNodeManager.java:register(407)) - Registered Data node : 2fca467b-8261-48a6-b0b4-c0ececcd3716{ip: 10.1.0.15, host: fv-az844-56.kvdfyhrxhd0epk3sa4trub4njc.xx.internal.cloudapp.net, ports: [HTTP=15117, CLIENT_RPC=15118, REPLICATION=15124, RATIS=15120, RATIS_ADMIN=15121, RATIS_SERVER=15122, RATIS_DATASTREAM=15123, STANDALONE=15119], networkLocation: /default-rack, certSerialId: null, persistedOpState: null, persistedOpStateExpiryEpochSec: 0}
2023-05-31 22:57:42,384 [EventQueue-NewNodeForNewNodeHandler] INFO  pipeline.BackgroundPipelineCreator (BackgroundPipelineCreator.java:notifyEventTriggered(276)) - trigger a one-shot run on RatisPipelineUtilsThread.
2023-05-31 22:57:42,385 [RatisPipelineUtilsThread - 0] INFO  pipeline.RatisPipelineProvider (RatisPipelineProvider.java:lambda$create$0(206)) - Sending CreatePipelineCommand for pipeline:PipelineID=a64b7230-a0bb-46fa-be52-ee5a51d58199 to datanode:2fca467b-8261-48a6-b0b4-c0ececcd3716
2023-05-31 22:57:42,385 [RatisPipelineUtilsThread - 0] INFO  pipeline.PipelineStateManagerImpl (PipelineStateManagerImpl.java:addPipeline(103)) - Created pipeline Pipeline[ Id: a64b7230-a0bb-46fa-be52-ee5a51d58199, Nodes: 2fca467b-8261-48a6-b0b4-c0ececcd3716(fv-az844-56.kvdfyhrxhd0epk3sa4trub4njc.xx.internal.cloudapp.net/10.1.0.15), ReplicationConfig: RATIS/ONE, State:ALLOCATED, leaderId:, CreationTimestamp2023-05-31T22:57:42.385Z[Etc/UTC]].
2023-05-31 22:57:42,391 [RatisPipelineUtilsThread - 0] WARN  pipeline.PipelinePlacementPolicy (PipelinePlacementPolicy.java:filterViableNodes(160)) - Pipeline creation failed due to no sufficient healthy datanodes. Required 3. Found 1. Excluded 12.
2023-05-31 22:57:42,415 [PipelineCommandHandlerThread-0] INFO  server.RaftServer (RaftServerProxy.java:addNew(98)) - 667d9742-fdde-4102-a217-b966604d27c1: addNew group-0D479DDFBEC2:[667d9742-fdde-4102-a217-b966604d27c1|rpc:10.1.0.15:15068|admin:10.1.0.15:15067|client:10.1.0.15:15066|dataStream:10.1.0.15:15069|priority:1|startupRole:FOLLOWER] returns group-0D479DDFBEC2:java.util.concurrent.CompletableFuture@11d7fe24[Not completed]
2023-05-31 22:57:42,416 [667d9742-fdde-4102-a217-b966604d27c1-groupManagement] INFO  server.RaftServer$Division (RaftServerImpl.java:<init>(198)) - 667d9742-fdde-4102-a217-b966604d27c1: new RaftServerImpl for group-0D479DDFBEC2:[667d9742-fdde-4102-a217-b966604d27c1|rpc:10.1.0.15:15068|admin:10.1.0.15:15067|client:10.1.0.15:15066|dataStream:10.1.0.15:15069|priority:1|startupRole:FOLLOWER] with ContainerStateMachine:uninitialized
2023-05-31 22:57:42,416 [667d9742-fdde-4102-a217-b966604d27c1-groupManagement] INFO  server.RaftServerConfigKeys (ConfUtils.java:logGet(46)) - raft.server.rpc.timeout.min = 5s (custom)
2023-05-31 22:57:42,416 [667d9742-fdde-4102-a217-b966604d27c1-groupManagement] INFO  server.RaftServerConfigKeys (ConfUtils.java:logGet(46)) - raft.server.rpc.timeout.max = 5200ms (custom)
2023-05-31 22:57:42,416 [667d9742-fdde-4102-a217-b966604d27c1-groupManagement] INFO  server.RaftServerConfigKeys (ConfUtils.java:logGet(46)) - raft.server.rpc.sleep.time = 25ms (default)
2023-05-31 22:57:42,416 [667d9742-fdde-4102-a217-b966604d27c1-groupManagement] INFO  server.RaftServerConfigKeys (ConfUtils.java:logGet(46)) - raft.server.rpc.slowness.timeout = 300s (custom)
2023-05-31 22:57:42,416 [667d9742-fdde-4102-a217-b966604d27c1-groupManagement] INFO  server.RaftServerConfigKeys (ConfUtils.java:logGet(46)) - raft.server.leaderelection.leader.step-down.wait-time = 10s (default)
2023-05-31 22:57:42,417 [667d9742-fdde-4102-a217-b966604d27c1-groupManagement] INFO  server.RaftServerConfigKeys (ConfUtils.java:logGet(46)) - raft.server.sleep.deviation.threshold = 300ms (default)
2023-05-31 22:57:42,417 [667d9742-fdde-4102-a217-b966604d27c1-groupManagement] INFO  server.RaftServer$Division (ServerState.java:<init>(120)) - 667d9742-fdde-4102-a217-b966604d27c1@group-0D479DDFBEC2: ConfigurationManager, init=-1: peers:[667d9742-fdde-4102-a217-b966604d27c1|rpc:10.1.0.15:15068|admin:10.1.0.15:15067|client:10.1.0.15:15066|dataStream:10.1.0.15:15069|priority:1|startupRole:FOLLOWER]|listeners:[], old=null, confs=<EMPTY_MAP>
2023-05-31 22:57:42,417 [667d9742-fdde-4102-a217-b966604d27c1-groupManagement] INFO  server.RaftServerConfigKeys (ConfUtils.java:logGet(46)) - raft.server.storage.dir = [/home/runner/work/ozone/ozone/hadoop-ozone/integration-test/target/test-dir/MiniOzoneClusterImpl-816a41a7-5c89-4e8c-81ba-db0c8b26fb2d/datanode-6/data/ratis] (custom)
2023-05-31 22:57:42,420 [667d9742-fdde-4102-a217-b966604d27c1-groupManagement] INFO  server.RaftServerConfigKeys (ConfUtils.java:logGet(46)) - raft.server.log.corruption.policy = EXCEPTION (default)
2023-05-31 22:57:42,420 [667d9742-fdde-4102-a217-b966604d27c1-groupManagement] INFO  server.RaftServerConfigKeys (ConfUtils.java:logGet(46)) - raft.server.storage.free-space.min = 0MB (=0) (default)
2023-05-31 22:57:42,420 [667d9742-fdde-4102-a217-b966604d27c1-groupManagement] INFO  server.RaftServerConfigKeys (ConfUtils.java:logGet(46)) - raft.server.notification.no-leader.timeout = 300s (custom)
2023-05-31 22:57:42,420 [667d9742-fdde-4102-a217-b966604d27c1-groupManagement] INFO  server.RaftServerConfigKeys (ConfUtils.java:logGet(46)) - raft.server.read.timeout = 10s (default)
2023-05-31 22:57:42,420 [667d9742-fdde-4102-a217-b966604d27c1-groupManagement] INFO  server.RaftServerConfigKeys (ConfUtils.java:logGet(46)) - raft.server.retrycache.expirytime = 600000ms (custom)
2023-05-31 22:57:42,421 [667d9742-fdde-4102-a217-b966604d27c1-groupManagement] INFO  server.RaftServerConfigKeys (ConfUtils.java:logGet(46)) - raft.server.retrycache.statistics.expirytime = 100μs (default)
2023-05-31 22:57:42,421 [667d9742-fdde-4102-a217-b966604d27c1-groupManagement] INFO  server.RaftServerConfigKeys (ConfUtils.java:logGet(46)) - raft.server.read.option = DEFAULT (default)
2023-05-31 22:57:42,426 [667d9742-fdde-4102-a217-b966604d27c1-groupManagement] INFO  server.RaftServerConfigKeys (ConfUtils.java:logGet(46)) - raft.server.rpc.request.timeout = 60s (custom)
2023-05-31 22:57:42,427 [667d9742-fdde-4102-a217-b966604d27c1-groupManagement] INFO  server.RaftServerConfigKeys (ConfUtils.java:logGet(46)) - raft.server.log.appender.install.snapshot.enabled = false (custom)
2023-05-31 22:57:42,427 [667d9742-fdde-4102-a217-b966604d27c1-groupManagement] INFO  server.RaftServerConfigKeys (ConfUtils.java:logGet(46)) - raft.server.threadpool.server.cached = true (default)
2023-05-31 22:57:42,427 [667d9742-fdde-4102-a217-b966604d27c1-groupManagement] INFO  server.RaftServerConfigKeys (ConfUtils.java:logGet(46)) - raft.server.threadpool.server.size = 0 (default)
2023-05-31 22:57:42,428 [667d9742-fdde-4102-a217-b966604d27c1-groupManagement] INFO  server.RaftServerConfigKeys (ConfUtils.java:logGet(46)) - raft.server.threadpool.client.cached = true (default)
2023-05-31 22:57:42,428 [667d9742-fdde-4102-a217-b966604d27c1-groupManagement] INFO  server.RaftServerConfigKeys (ConfUtils.java:logGet(46)) - raft.server.threadpool.client.size = 0 (default)
2023-05-31 22:57:42,428 [667d9742-fdde-4102-a217-b966604d27c1-groupManagement] INFO  storage.RaftStorageDirectory (RaftStorageDirectoryImpl.java:analyzeStorage(137)) - The storage directory /home/runner/work/ozone/ozone/hadoop-ozone/integration-test/target/test-dir/MiniOzoneClusterImpl-816a41a7-5c89-4e8c-81ba-db0c8b26fb2d/datanode-6/data/ratis/b9e2a35e-cb23-4c90-b16d-0d479ddfbec2 does not exist. Creating ...
2023-05-31 22:57:42,429 [667d9742-fdde-4102-a217-b966604d27c1-groupManagement] INFO  storage.RaftStorageDirectory (RaftStorageDirectoryImpl.java:tryLock(231)) - Lock on /home/runner/work/ozone/ozone/hadoop-ozone/integration-test/target/test-dir/MiniOzoneClusterImpl-816a41a7-5c89-4e8c-81ba-db0c8b26fb2d/datanode-6/data/ratis/b9e2a35e-cb23-4c90-b16d-0d479ddfbec2/in_use.lock acquired by nodename 15007@fv-az844-56
2023-05-31 22:57:42,431 [667d9742-fdde-4102-a217-b966604d27c1-groupManagement] INFO  storage.RaftStorage (RaftStorageImpl.java:format(96)) - Storage directory /home/runner/work/ozone/ozone/hadoop-ozone/integration-test/target/test-dir/MiniOzoneClusterImpl-816a41a7-5c89-4e8c-81ba-db0c8b26fb2d/datanode-6/data/ratis/b9e2a35e-cb23-4c90-b16d-0d479ddfbec2 has been successfully formatted.
2023-05-31 22:57:42,435 [667d9742-fdde-4102-a217-b966604d27c1-groupManagement] INFO  ratis.ContainerStateMachine (ContainerStateMachine.java:loadSnapshot(262)) - group-0D479DDFBEC2: The snapshot info is null. Setting the last applied indexto:(t:0, i:~)
2023-05-31 22:57:42,435 [667d9742-fdde-4102-a217-b966604d27c1-groupManagement] INFO  server.RaftServerConfigKeys (ConfUtils.java:logGet(46)) - raft.server.log.use.memory = false (default)
2023-05-31 22:57:42,436 [EventQueue-PipelineReportForPipelineReportHandler] INFO  pipeline.PipelineManagerImpl (PipelineManagerImpl.java:openPipeline(367)) - Pipeline Pipeline[ Id: b9e2a35e-cb23-4c90-b16d-0d479ddfbec2, Nodes: 667d9742-fdde-4102-a217-b966604d27c1(fv-az844-56.kvdfyhrxhd0epk3sa4trub4njc.xx.internal.cloudapp.net/10.1.0.15), ReplicationConfig: RATIS/ONE, State:ALLOCATED, leaderId:667d9742-fdde-4102-a217-b966604d27c1, CreationTimestamp2023-05-31T22:57:39.418Z[Etc/UTC]] moved to OPEN state
2023-05-31 22:57:42,437 [667d9742-fdde-4102-a217-b966604d27c1-groupManagement] INFO  server.RaftServerConfigKeys (ConfUtils.java:logGet(46)) - raft.server.log.purge.gap = 1000000 (custom)
2023-05-31 22:57:42,437 [667d9742-fdde-4102-a217-b966604d27c1-groupManagement] INFO  server.RaftServerConfigKeys (ConfUtils.java:logGet(46)) - raft.server.log.appender.buffer.byte-limit = 33554432 (custom)
2023-05-31 22:57:42,437 [667d9742-fdde-4102-a217-b966604d27c1-groupManagement] INFO  server.RaftServerConfigKeys (ConfUtils.java:logGet(46)) - raft.server.log.statemachine.data.read.timeout = 1000ms (default)
2023-05-31 22:57:42,437 [667d9742-fdde-4102-a217-b966604d27c1-groupManagement] INFO  server.RaftServerConfigKeys (ConfUtils.java:logGet(46)) - raft.server.log.purge.preservation.log.num = 0 (default)
2023-05-31 22:57:42,437 [EventQueue-OpenPipelineForHealthyPipelineSafeModeRule] INFO  safemode.SCMSafeModeManager (HealthyPipelineSafeModeRule.java:process(137)) - SCM in safe mode. Healthy pipelines reported count is 0, required healthy pipeline reported count is 1
2023-05-31 22:57:42,437 [667d9742-fdde-4102-a217-b966604d27c1-groupManagement] INFO  server.RaftServerConfigKeys (ConfUtils.java:logGet(46)) - raft.server.log.segment.size.max = 1048576 (custom)
2023-05-31 22:57:42,438 [667d9742-fdde-4102-a217-b966604d27c1-groupManagement] INFO  server.RaftServerConfigKeys (ConfUtils.java:logGet(46)) - raft.server.log.segment.cache.num.max = 2 (custom)
2023-05-31 22:57:42,438 [667d9742-fdde-4102-a217-b966604d27c1-groupManagement] INFO  server.RaftServerConfigKeys (ConfUtils.java:logGet(46)) - raft.server.log.segment.cache.size.max = 200MB (=209715200) (default)
2023-05-31 22:57:42,438 [667d9742-fdde-4102-a217-b966604d27c1-groupManagement] INFO  server.RaftServerConfigKeys (ConfUtils.java:logGet(46)) - raft.server.log.appender.buffer.byte-limit = 33554432 (custom)
2023-05-31 22:57:42,438 [667d9742-fdde-4102-a217-b966604d27c1-groupManagement] INFO  segmented.SegmentedRaftLogWorker (SegmentedRaftLogWorker.java:<init>(188)) - new 667d9742-fdde-4102-a217-b966604d27c1@group-0D479DDFBEC2-SegmentedRaftLogWorker for RaftStorageImpl:Storage Directory /home/runner/work/ozone/ozone/hadoop-ozone/integration-test/target/test-dir/MiniOzoneClusterImpl-816a41a7-5c89-4e8c-81ba-db0c8b26fb2d/datanode-6/data/ratis/b9e2a35e-cb23-4c90-b16d-0d479ddfbec2
2023-05-31 22:57:42,438 [667d9742-fdde-4102-a217-b966604d27c1-groupManagement] INFO  server.RaftServerConfigKeys (ConfUtils.java:logGet(46)) - raft.server.log.queue.byte-limit = 4294967296 (custom)
2023-05-31 22:57:42,439 [667d9742-fdde-4102-a217-b966604d27c1-groupManagement] INFO  server.RaftServerConfigKeys (ConfUtils.java:logGet(46)) - raft.server.log.queue.element-limit = 1024 (custom)
2023-05-31 22:57:42,439 [667d9742-fdde-4102-a217-b966604d27c1-groupManagement] INFO  server.RaftServerConfigKeys (ConfUtils.java:logGet(46)) - raft.server.log.segment.size.max = 1048576 (custom)
2023-05-31 22:57:42,439 [667d9742-fdde-4102-a217-b966604d27c1-groupManagement] INFO  server.RaftServerConfigKeys (ConfUtils.java:logGet(46)) - raft.server.log.preallocated.size = 16384 (custom)
2023-05-31 22:57:42,439 [667d9742-fdde-4102-a217-b966604d27c1-groupManagement] INFO  server.RaftServerConfigKeys (ConfUtils.java:logGet(46)) - raft.server.log.force.sync.num = 128 (default)
2023-05-31 22:57:42,439 [667d9742-fdde-4102-a217-b966604d27c1-groupManagement] INFO  server.RaftServerConfigKeys (ConfUtils.java:logGet(46)) - raft.server.log.statemachine.data.sync = true (default)
2023-05-31 22:57:42,439 [667d9742-fdde-4102-a217-b966604d27c1-groupManagement] INFO  server.RaftServerConfigKeys (ConfUtils.java:logGet(46)) - raft.server.log.statemachine.data.sync.timeout = 10s (default)
2023-05-31 22:57:42,439 [667d9742-fdde-4102-a217-b966604d27c1-groupManagement] INFO  server.RaftServerConfigKeys (ConfUtils.java:logGet(46)) - raft.server.log.statemachine.data.sync.timeout.retry = -1 (default)
2023-05-31 22:57:42,441 [667d9742-fdde-4102-a217-b966604d27c1-groupManagement] INFO  server.RaftServerConfigKeys (ConfUtils.java:logGet(46)) - raft.server.log.write.buffer.size = 1048576 (custom)
2023-05-31 22:57:42,441 [667d9742-fdde-4102-a217-b966604d27c1-groupManagement] INFO  server.RaftServerConfigKeys (ConfUtils.java:logGet(46)) - raft.server.log.appender.buffer.byte-limit = 33554432 (custom)
2023-05-31 22:57:42,448 [667d9742-fdde-4102-a217-b966604d27c1-groupManagement] INFO  server.RaftServerConfigKeys (ConfUtils.java:logGet(46)) - raft.server.log.unsafe-flush.enabled = false (default)
2023-05-31 22:57:42,448 [667d9742-fdde-4102-a217-b966604d27c1-groupManagement] INFO  server.RaftServerConfigKeys (ConfUtils.java:logGet(46)) - raft.server.log.async-flush.enabled = false (default)
2023-05-31 22:57:42,448 [667d9742-fdde-4102-a217-b966604d27c1-groupManagement] INFO  server.RaftServerConfigKeys (ConfUtils.java:logGet(46)) - raft.server.log.statemachine.data.caching.enabled = true (custom)
2023-05-31 22:57:42,448 [667d9742-fdde-4102-a217-b966604d27c1-groupManagement] INFO  segmented.SegmentedRaftLogWorker (SegmentedRaftLogWorker.java:lambda$new$0(135)) - 667d9742-fdde-4102-a217-b966604d27c1@group-0D479DDFBEC2-SegmentedRaftLogWorker: flushIndex: setUnconditionally 0 -> -1
2023-05-31 22:57:42,448 [667d9742-fdde-4102-a217-b966604d27c1-groupManagement] INFO  segmented.SegmentedRaftLogWorker (SegmentedRaftLogWorker.java:lambda$new$0(135)) - 667d9742-fdde-4102-a217-b966604d27c1@group-0D479DDFBEC2-SegmentedRaftLogWorker: safeCacheEvictIndex: setUnconditionally 0 -> -1
2023-05-31 22:57:42,449 [667d9742-fdde-4102-a217-b966604d27c1-groupManagement] INFO  server.RaftServer$Division (RaftServerImpl.java:start(342)) - 667d9742-fdde-4102-a217-b966604d27c1@group-0D479DDFBEC2: start as a follower, conf=-1: peers:[667d9742-fdde-4102-a217-b966604d27c1|rpc:10.1.0.15:15068|admin:10.1.0.15:15067|client:10.1.0.15:15066|dataStream:10.1.0.15:15069|priority:1|startupRole:FOLLOWER]|listeners:[], old=null
2023-05-31 22:57:42,449 [667d9742-fdde-4102-a217-b966604d27c1-groupManagement] INFO  server.RaftServer$Division (RaftServerImpl.java:setRole(329)) - 667d9742-fdde-4102-a217-b966604d27c1@group-0D479DDFBEC2: changes role from      null to FOLLOWER at term 0 for startAsFollower
2023-05-31 22:57:42,449 [667d9742-fdde-4102-a217-b966604d27c1-groupManagement] INFO  impl.RoleInfo (RoleInfo.java:updateAndGet(139)) - 667d9742-fdde-4102-a217-b966604d27c1: start 667d9742-fdde-4102-a217-b966604d27c1@group-0D479DDFBEC2-FollowerState
2023-05-31 22:57:42,460 [667d9742-fdde-4102-a217-b966604d27c1-groupManagement] INFO  util.JmxRegister (JmxRegister.java:tryRegister(44)) - Successfully registered JMX Bean with object name Ratis:service=RaftServer,group=group-0D479DDFBEC2,id=667d9742-fdde-4102-a217-b966604d27c1
2023-05-31 22:57:42,460 [667d9742-fdde-4102-a217-b966604d27c1@group-0D479DDFBEC2-FollowerState] INFO  server.RaftServerConfigKeys (ConfUtils.java:logFallback(53)) - raft.server.rpc.first-election.timeout.min = 5s (fallback to raft.server.rpc.timeout.min)
2023-05-31 22:57:42,461 [667d9742-fdde-4102-a217-b966604d27c1-groupManagement] INFO  server.RaftServerConfigKeys (ConfUtils.java:logGet(46)) - raft.server.snapshot.auto.trigger.enabled = true (custom)
2023-05-31 22:57:42,461 [667d9742-fdde-4102-a217-b966604d27c1@group-0D479DDFBEC2-FollowerState] INFO  server.RaftServerConfigKeys (ConfUtils.java:logFallback(53)) - raft.server.rpc.first-election.timeout.max = 5200ms (fallback to raft.server.rpc.timeout.max)
2023-05-31 22:57:42,461 [667d9742-fdde-4102-a217-b966604d27c1-groupManagement] INFO  server.RaftServerConfigKeys (ConfUtils.java:logGet(46)) - raft.server.snapshot.auto.trigger.threshold = 10000 (custom)
2023-05-31 22:57:42,461 [667d9742-fdde-4102-a217-b966604d27c1-groupManagement] INFO  server.RaftServerConfigKeys (ConfUtils.java:logGet(46)) - raft.server.snapshot.retention.file.num = 5 (custom)
2023-05-31 22:57:42,461 [667d9742-fdde-4102-a217-b966604d27c1-groupManagement] INFO  server.RaftServerConfigKeys (ConfUtils.java:logGet(46)) - raft.server.log.purge.upto.snapshot.index = false (default)
2023-05-31 22:57:42,462 [PipelineCommandHandlerThread-0] INFO  ratis.XceiverServerRatis (XceiverServerRatis.java:addGroup(804)) - Created group PipelineID=b9e2a35e-cb23-4c90-b16d-0d479ddfbec2
2023-05-31 22:57:42,462 [PipelineCommandHandlerThread-0] INFO  commandhandler.CreatePipelineCommandHandler (CreatePipelineCommandHandler.java:lambda$handle$2(124)) - Created Pipeline RATIS ONE PipelineID=b9e2a35e-cb23-4c90-b16d-0d479ddfbec2.
2023-05-31 22:57:42,463 [PipelineCommandHandlerThread-0] INFO  server.RaftServer (RaftServerProxy.java:addNew(98)) - 667d9742-fdde-4102-a217-b966604d27c1: addNew group-07921CB9432D:[7c39489c-1c03-44c3-8ed9-36ad43776b05|rpc:10.1.0.15:15086|admin:10.1.0.15:15085|client:10.1.0.15:15084|dataStream:10.1.0.15:15087|priority:1|startupRole:FOLLOWER, 667d9742-fdde-4102-a217-b966604d27c1|rpc:10.1.0.15:15068|admin:10.1.0.15:15067|client:10.1.0.15:15066|dataStream:10.1.0.15:15069|priority:0|startupRole:FOLLOWER, d17261cb-7782-4d5f-ae0d-593ca4af9c73|rpc:10.1.0.15:15077|admin:10.1.0.15:15076|client:10.1.0.15:15075|dataStream:10.1.0.15:15078|priority:0|startupRole:FOLLOWER] returns group-07921CB9432D:java.util.concurrent.CompletableFuture@15e878c6[Not completed]
2023-05-31 22:57:42,464 [667d9742-fdde-4102-a217-b966604d27c1-groupManagement] INFO  server.RaftServer$Division (RaftServerImpl.java:<init>(198)) - 667d9742-fdde-4102-a217-b966604d27c1: new RaftServerImpl for group-07921CB9432D:[7c39489c-1c03-44c3-8ed9-36ad43776b05|rpc:10.1.0.15:15086|admin:10.1.0.15:15085|client:10.1.0.15:15084|dataStream:10.1.0.15:15087|priority:1|startupRole:FOLLOWER, 667d9742-fdde-4102-a217-b966604d27c1|rpc:10.1.0.15:15068|admin:10.1.0.15:15067|client:10.1.0.15:15066|dataStream:10.1.0.15:15069|priority:0|startupRole:FOLLOWER, d17261cb-7782-4d5f-ae0d-593ca4af9c73|rpc:10.1.0.15:15077|admin:10.1.0.15:15076|client:10.1.0.15:15075|dataStream:10.1.0.15:15078|priority:0|startupRole:FOLLOWER] with ContainerStateMachine:uninitialized
2023-05-31 22:57:42,464 [667d9742-fdde-4102-a217-b966604d27c1-groupManagement] INFO  server.RaftServerConfigKeys (ConfUtils.java:logGet(46)) - raft.server.rpc.timeout.min = 5s (custom)
2023-05-31 22:57:42,464 [667d9742-fdde-4102-a217-b966604d27c1-groupManagement] INFO  server.RaftServerConfigKeys (ConfUtils.java:logGet(46)) - raft.server.rpc.timeout.max = 5200ms (custom)
2023-05-31 22:57:42,464 [667d9742-fdde-4102-a217-b966604d27c1-groupManagement] INFO  server.RaftServerConfigKeys (ConfUtils.java:logGet(46)) - raft.server.rpc.sleep.time = 25ms (default)
2023-05-31 22:57:42,464 [667d9742-fdde-4102-a217-b966604d27c1-groupManagement] INFO  server.RaftServerConfigKeys (ConfUtils.java:logGet(46)) - raft.server.rpc.slowness.timeout = 300s (custom)
2023-05-31 22:57:42,464 [667d9742-fdde-4102-a217-b966604d27c1-groupManagement] INFO  server.RaftServerConfigKeys (ConfUtils.java:logGet(46)) - raft.server.leaderelection.leader.step-down.wait-time = 10s (default)
2023-05-31 22:57:42,465 [667d9742-fdde-4102-a217-b966604d27c1-groupManagement] INFO  server.RaftServerConfigKeys (ConfUtils.java:logGet(46)) - raft.server.sleep.deviation.threshold = 300ms (default)
2023-05-31 22:57:42,465 [667d9742-fdde-4102-a217-b966604d27c1-groupManagement] INFO  server.RaftServer$Division (ServerState.java:<init>(120)) - 667d9742-fdde-4102-a217-b966604d27c1@group-07921CB9432D: ConfigurationManager, init=-1: peers:[7c39489c-1c03-44c3-8ed9-36ad43776b05|rpc:10.1.0.15:15086|admin:10.1.0.15:15085|client:10.1.0.15:15084|dataStream:10.1.0.15:15087|priority:1|startupRole:FOLLOWER, 667d9742-fdde-4102-a217-b966604d27c1|rpc:10.1.0.15:15068|admin:10.1.0.15:15067|client:10.1.0.15:15066|dataStream:10.1.0.15:15069|priority:0|startupRole:FOLLOWER, d17261cb-7782-4d5f-ae0d-593ca4af9c73|rpc:10.1.0.15:15077|admin:10.1.0.15:15076|client:10.1.0.15:15075|dataStream:10.1.0.15:15078|priority:0|startupRole:FOLLOWER]|listeners:[], old=null, confs=<EMPTY_MAP>
2023-05-31 22:57:42,465 [667d9742-fdde-4102-a217-b966604d27c1-groupManagement] INFO  server.RaftServerConfigKeys (ConfUtils.java:logGet(46)) - raft.server.storage.dir = [/home/runner/work/ozone/ozone/hadoop-ozone/integration-test/target/test-dir/MiniOzoneClusterImpl-816a41a7-5c89-4e8c-81ba-db0c8b26fb2d/datanode-6/data/ratis] (custom)
2023-05-31 22:57:42,468 [667d9742-fdde-4102-a217-b966604d27c1-groupManagement] INFO  server.RaftServerConfigKeys (ConfUtils.java:logGet(46)) - raft.server.log.corruption.policy = EXCEPTION (default)
2023-05-31 22:57:42,468 [667d9742-fdde-4102-a217-b966604d27c1-groupManagement] INFO  server.RaftServerConfigKeys (ConfUtils.java:logGet(46)) - raft.server.storage.free-space.min = 0MB (=0) (default)
2023-05-31 22:57:42,468 [667d9742-fdde-4102-a217-b966604d27c1-groupManagement] INFO  server.RaftServerConfigKeys (ConfUtils.java:logGet(46)) - raft.server.notification.no-leader.timeout = 300s (custom)
2023-05-31 22:57:42,468 [667d9742-fdde-4102-a217-b966604d27c1-groupManagement] INFO  server.RaftServerConfigKeys (ConfUtils.java:logGet(46)) - raft.server.read.timeout = 10s (default)
2023-05-31 22:57:42,468 [667d9742-fdde-4102-a217-b966604d27c1-groupManagement] INFO  server.RaftServerConfigKeys (ConfUtils.java:logGet(46)) - raft.server.retrycache.expirytime = 600000ms (custom)
2023-05-31 22:57:42,468 [667d9742-fdde-4102-a217-b966604d27c1-groupManagement] INFO  server.RaftServerConfigKeys (ConfUtils.java:logGet(46)) - raft.server.retrycache.statistics.expirytime = 100μs (default)
2023-05-31 22:57:42,468 [667d9742-fdde-4102-a217-b966604d27c1-groupManagement] INFO  server.RaftServerConfigKeys (ConfUtils.java:logGet(46)) - raft.server.read.option = DEFAULT (default)
2023-05-31 22:57:42,470 [667d9742-fdde-4102-a217-b966604d27c1-groupManagement] INFO  server.RaftServerConfigKeys (ConfUtils.java:logGet(46)) - raft.server.rpc.request.timeout = 60s (custom)
2023-05-31 22:57:42,470 [667d9742-fdde-4102-a217-b966604d27c1-groupManagement] INFO  server.RaftServerConfigKeys (ConfUtils.java:logGet(46)) - raft.server.log.appender.install.snapshot.enabled = false (custom)
2023-05-31 22:57:42,470 [667d9742-fdde-4102-a217-b966604d27c1-groupManagement] INFO  server.RaftServerConfigKeys (ConfUtils.java:logGet(46)) - raft.server.threadpool.server.cached = true (default)
2023-05-31 22:57:42,470 [667d9742-fdde-4102-a217-b966604d27c1-groupManagement] INFO  server.RaftServerConfigKeys (ConfUtils.java:logGet(46)) - raft.server.threadpool.server.size = 0 (default)
2023-05-31 22:57:42,470 [667d9742-fdde-4102-a217-b966604d27c1-groupManagement] INFO  server.RaftServerConfigKeys (ConfUtils.java:logGet(46)) - raft.server.threadpool.client.cached = true (default)
2023-05-31 22:57:42,470 [667d9742-fdde-4102-a217-b966604d27c1-groupManagement] INFO  server.RaftServerConfigKeys (ConfUtils.java:logGet(46)) - raft.server.threadpool.client.size = 0 (default)
2023-05-31 22:57:42,471 [667d9742-fdde-4102-a217-b966604d27c1-groupManagement] INFO  storage.RaftStorageDirectory (RaftStorageDirectoryImpl.java:analyzeStorage(137)) - The storage directory /home/runner/work/ozone/ozone/hadoop-ozone/integration-test/target/test-dir/MiniOzoneClusterImpl-816a41a7-5c89-4e8c-81ba-db0c8b26fb2d/datanode-6/data/ratis/47a86795-ee58-4141-9559-07921cb9432d does not exist. Creating ...
2023-05-31 22:57:42,472 [667d9742-fdde-4102-a217-b966604d27c1-groupManagement] INFO  storage.RaftStorageDirectory (RaftStorageDirectoryImpl.java:tryLock(231)) - Lock on /home/runner/work/ozone/ozone/hadoop-ozone/integration-test/target/test-dir/MiniOzoneClusterImpl-816a41a7-5c89-4e8c-81ba-db0c8b26fb2d/datanode-6/data/ratis/47a86795-ee58-4141-9559-07921cb9432d/in_use.lock acquired by nodename 15007@fv-az844-56
2023-05-31 22:57:42,474 [667d9742-fdde-4102-a217-b966604d27c1-groupManagement] INFO  storage.RaftStorage (RaftStorageImpl.java:format(96)) - Storage directory /home/runner/work/ozone/ozone/hadoop-ozone/integration-test/target/test-dir/MiniOzoneClusterImpl-816a41a7-5c89-4e8c-81ba-db0c8b26fb2d/datanode-6/data/ratis/47a86795-ee58-4141-9559-07921cb9432d has been successfully formatted.
2023-05-31 22:57:42,475 [667d9742-fdde-4102-a217-b966604d27c1-groupManagement] INFO  ratis.ContainerStateMachine (ContainerStateMachine.java:loadSnapshot(262)) - group-07921CB9432D: The snapshot info is null. Setting the last applied indexto:(t:0, i:~)
2023-05-31 22:57:42,475 [667d9742-fdde-4102-a217-b966604d27c1-groupManagement] INFO  server.RaftServerConfigKeys (ConfUtils.java:logGet(46)) - raft.server.log.use.memory = false (default)
2023-05-31 22:57:42,475 [667d9742-fdde-4102-a217-b966604d27c1-groupManagement] INFO  server.RaftServerConfigKeys (ConfUtils.java:logGet(46)) - raft.server.log.purge.gap = 1000000 (custom)
2023-05-31 22:57:42,476 [667d9742-fdde-4102-a217-b966604d27c1-groupManagement] INFO  server.RaftServerConfigKeys (ConfUtils.java:logGet(46)) - raft.server.log.appender.buffer.byte-limit = 33554432 (custom)
2023-05-31 22:57:42,476 [667d9742-fdde-4102-a217-b966604d27c1-groupManagement] INFO  server.RaftServerConfigKeys (ConfUtils.java:logGet(46)) - raft.server.log.statemachine.data.read.timeout = 1000ms (default)
2023-05-31 22:57:42,476 [667d9742-fdde-4102-a217-b966604d27c1-groupManagement] INFO  server.RaftServerConfigKeys (ConfUtils.java:logGet(46)) - raft.server.log.purge.preservation.log.num = 0 (default)
2023-05-31 22:57:42,476 [667d9742-fdde-4102-a217-b966604d27c1-groupManagement] INFO  server.RaftServerConfigKeys (ConfUtils.java:logGet(46)) - raft.server.log.segment.size.max = 1048576 (custom)
2023-05-31 22:57:42,479 [EventQueue-OpenPipelineForHealthyPipelineSafeModeRule] INFO  safemode.SCMSafeModeManager (HealthyPipelineSafeModeRule.java:process(137)) - SCM in safe mode. Healthy pipelines reported count is 0, required healthy pipeline reported count is 1
2023-05-31 22:57:42,480 [667d9742-fdde-4102-a217-b966604d27c1-groupManagement] INFO  server.RaftServerConfigKeys (ConfUtils.java:logGet(46)) - raft.server.log.segment.cache.num.max = 2 (custom)
2023-05-31 22:57:42,480 [667d9742-fdde-4102-a217-b966604d27c1-groupManagement] INFO  server.RaftServerConfigKeys (ConfUtils.java:logGet(46)) - raft.server.log.segment.cache.size.max = 200MB (=209715200) (default)
2023-05-31 22:57:42,480 [667d9742-fdde-4102-a217-b966604d27c1-groupManagement] INFO  server.RaftServerConfigKeys (ConfUtils.java:logGet(46)) - raft.server.log.appender.buffer.byte-limit = 33554432 (custom)
2023-05-31 22:57:42,480 [667d9742-fdde-4102-a217-b966604d27c1-groupManagement] INFO  segmented.SegmentedRaftLogWorker (SegmentedRaftLogWorker.java:<init>(188)) - new 667d9742-fdde-4102-a217-b966604d27c1@group-07921CB9432D-SegmentedRaftLogWorker for RaftStorageImpl:Storage Directory /home/runner/work/ozone/ozone/hadoop-ozone/integration-test/target/test-dir/MiniOzoneClusterImpl-816a41a7-5c89-4e8c-81ba-db0c8b26fb2d/datanode-6/data/ratis/47a86795-ee58-4141-9559-07921cb9432d
2023-05-31 22:57:42,481 [667d9742-fdde-4102-a217-b966604d27c1-groupManagement] INFO  server.RaftServerConfigKeys (ConfUtils.java:logGet(46)) - raft.server.log.queue.byte-limit = 4294967296 (custom)
2023-05-31 22:57:42,481 [667d9742-fdde-4102-a217-b966604d27c1-groupManagement] INFO  server.RaftServerConfigKeys (ConfUtils.java:logGet(46)) - raft.server.log.queue.element-limit = 1024 (custom)
2023-05-31 22:57:42,481 [667d9742-fdde-4102-a217-b966604d27c1-groupManagement] INFO  server.RaftServerConfigKeys (ConfUtils.java:logGet(46)) - raft.server.log.segment.size.max = 1048576 (custom)
2023-05-31 22:57:42,481 [667d9742-fdde-4102-a217-b966604d27c1-groupManagement] INFO  server.RaftServerConfigKeys (ConfUtils.java:logGet(46)) - raft.server.log.preallocated.size = 16384 (custom)
2023-05-31 22:57:42,481 [667d9742-fdde-4102-a217-b966604d27c1-groupManagement] INFO  server.RaftServerConfigKeys (ConfUtils.java:logGet(46)) - raft.server.log.force.sync.num = 128 (default)
2023-05-31 22:57:42,482 [667d9742-fdde-4102-a217-b966604d27c1-groupManagement] INFO  server.RaftServerConfigKeys (ConfUtils.java:logGet(46)) - raft.server.log.statemachine.data.sync = true (default)
2023-05-31 22:57:42,482 [667d9742-fdde-4102-a217-b966604d27c1-groupManagement] INFO  server.RaftServerConfigKeys (ConfUtils.java:logGet(46)) - raft.server.log.statemachine.data.sync.timeout = 10s (default)
2023-05-31 22:57:42,483 [667d9742-fdde-4102-a217-b966604d27c1-groupManagement] INFO  server.RaftServerConfigKeys (ConfUtils.java:logGet(46)) - raft.server.log.statemachine.data.sync.timeout.retry = -1 (default)
2023-05-31 22:57:42,485 [667d9742-fdde-4102-a217-b966604d27c1-groupManagement] INFO  server.RaftServerConfigKeys (ConfUtils.java:logGet(46)) - raft.server.log.write.buffer.size = 1048576 (custom)
2023-05-31 22:57:42,486 [667d9742-fdde-4102-a217-b966604d27c1-groupManagement] INFO  server.RaftServerConfigKeys (ConfUtils.java:logGet(46)) - raft.server.log.appender.buffer.byte-limit = 33554432 (custom)
2023-05-31 22:57:42,492 [667d9742-fdde-4102-a217-b966604d27c1-groupManagement] INFO  server.RaftServerConfigKeys (ConfUtils.java:logGet(46)) - raft.server.log.unsafe-flush.enabled = false (default)
2023-05-31 22:57:42,493 [667d9742-fdde-4102-a217-b966604d27c1-groupManagement] INFO  server.RaftServerConfigKeys (ConfUtils.java:logGet(46)) - raft.server.log.async-flush.enabled = false (default)
2023-05-31 22:57:42,493 [667d9742-fdde-4102-a217-b966604d27c1-groupManagement] INFO  server.RaftServerConfigKeys (ConfUtils.java:logGet(46)) - raft.server.log.statemachine.data.caching.enabled = true (custom)
2023-05-31 22:57:42,493 [667d9742-fdde-4102-a217-b966604d27c1-groupManagement] INFO  segmented.SegmentedRaftLogWorker (SegmentedRaftLogWorker.java:lambda$new$0(135)) - 667d9742-fdde-4102-a217-b966604d27c1@group-07921CB9432D-SegmentedRaftLogWorker: flushIndex: setUnconditionally 0 -> -1
2023-05-31 22:57:42,493 [667d9742-fdde-4102-a217-b966604d27c1-groupManagement] INFO  segmented.SegmentedRaftLogWorker (SegmentedRaftLogWorker.java:lambda$new$0(135)) - 667d9742-fdde-4102-a217-b966604d27c1@group-07921CB9432D-SegmentedRaftLogWorker: safeCacheEvictIndex: setUnconditionally 0 -> -1
2023-05-31 22:57:42,494 [667d9742-fdde-4102-a217-b966604d27c1-groupManagement] INFO  server.RaftServer$Division (RaftServerImpl.java:start(342)) - 667d9742-fdde-4102-a217-b966604d27c1@group-07921CB9432D: start as a follower, conf=-1: peers:[7c39489c-1c03-44c3-8ed9-36ad43776b05|rpc:10.1.0.15:15086|admin:10.1.0.15:15085|client:10.1.0.15:15084|dataStream:10.1.0.15:15087|priority:1|startupRole:FOLLOWER, 667d9742-fdde-4102-a217-b966604d27c1|rpc:10.1.0.15:15068|admin:10.1.0.15:15067|client:10.1.0.15:15066|dataStream:10.1.0.15:15069|priority:0|startupRole:FOLLOWER, d17261cb-7782-4d5f-ae0d-593ca4af9c73|rpc:10.1.0.15:15077|admin:10.1.0.15:15076|client:10.1.0.15:15075|dataStream:10.1.0.15:15078|priority:0|startupRole:FOLLOWER]|listeners:[], old=null
2023-05-31 22:57:42,494 [667d9742-fdde-4102-a217-b966604d27c1-groupManagement] INFO  server.RaftServer$Division (RaftServerImpl.java:setRole(329)) - 667d9742-fdde-4102-a217-b966604d27c1@group-07921CB9432D: changes role from      null to FOLLOWER at term 0 for startAsFollower
2023-05-31 22:57:42,494 [667d9742-fdde-4102-a217-b966604d27c1-groupManagement] INFO  impl.RoleInfo (RoleInfo.java:updateAndGet(139)) - 667d9742-fdde-4102-a217-b966604d27c1: start 667d9742-fdde-4102-a217-b966604d27c1@group-07921CB9432D-FollowerState
2023-05-31 22:57:42,494 [667d9742-fdde-4102-a217-b966604d27c1-groupManagement] INFO  util.JmxRegister (JmxRegister.java:tryRegister(44)) - Successfully registered JMX Bean with object name Ratis:service=RaftServer,group=group-07921CB9432D,id=667d9742-fdde-4102-a217-b966604d27c1
2023-05-31 22:57:42,494 [667d9742-fdde-4102-a217-b966604d27c1-groupManagement] INFO  server.RaftServerConfigKeys (ConfUtils.java:logGet(46)) - raft.server.snapshot.auto.trigger.enabled = true (custom)
2023-05-31 22:57:42,494 [667d9742-fdde-4102-a217-b966604d27c1-groupManagement] INFO  server.RaftServerConfigKeys (ConfUtils.java:logGet(46)) - raft.server.snapshot.auto.trigger.threshold = 10000 (custom)
2023-05-31 22:57:42,495 [667d9742-fdde-4102-a217-b966604d27c1-groupManagement] INFO  server.RaftServerConfigKeys (ConfUtils.java:logGet(46)) - raft.server.snapshot.retention.file.num = 5 (custom)
2023-05-31 22:57:42,495 [667d9742-fdde-4102-a217-b966604d27c1-groupManagement] INFO  server.RaftServerConfigKeys (ConfUtils.java:logGet(46)) - raft.server.log.purge.upto.snapshot.index = false (default)
2023-05-31 22:57:42,495 [667d9742-fdde-4102-a217-b966604d27c1@group-07921CB9432D-FollowerState] INFO  server.RaftServerConfigKeys (ConfUtils.java:logFallback(53)) - raft.server.rpc.first-election.timeout.min = 5s (fallback to raft.server.rpc.timeout.min)
2023-05-31 22:57:42,496 [667d9742-fdde-4102-a217-b966604d27c1@group-07921CB9432D-FollowerState] INFO  server.RaftServerConfigKeys (ConfUtils.java:logFallback(53)) - raft.server.rpc.first-election.timeout.max = 5200ms (fallback to raft.server.rpc.timeout.max)
2023-05-31 22:57:42,496 [PipelineCommandHandlerThread-0] INFO  ratis.XceiverServerRatis (XceiverServerRatis.java:addGroup(804)) - Created group PipelineID=47a86795-ee58-4141-9559-07921cb9432d
2023-05-31 22:57:42,518 [grpc-default-executor-1] INFO  server.RaftServer (RaftServerProxy.java:addNew(98)) - d17261cb-7782-4d5f-ae0d-593ca4af9c73: addNew group-07921CB9432D:[7c39489c-1c03-44c3-8ed9-36ad43776b05|rpc:10.1.0.15:15086|admin:10.1.0.15:15085|client:10.1.0.15:15084|dataStream:10.1.0.15:15087|priority:1|startupRole:FOLLOWER, 667d9742-fdde-4102-a217-b966604d27c1|rpc:10.1.0.15:15068|admin:10.1.0.15:15067|client:10.1.0.15:15066|dataStream:10.1.0.15:15069|priority:0|startupRole:FOLLOWER, d17261cb-7782-4d5f-ae0d-593ca4af9c73|rpc:10.1.0.15:15077|admin:10.1.0.15:15076|client:10.1.0.15:15075|dataStream:10.1.0.15:15078|priority:0|startupRole:FOLLOWER] returns group-07921CB9432D:java.util.concurrent.CompletableFuture@62c6dd6[Not completed]
2023-05-31 22:57:42,519 [d17261cb-7782-4d5f-ae0d-593ca4af9c73-groupManagement] INFO  server.RaftServer$Division (RaftServerImpl.java:<init>(198)) - d17261cb-7782-4d5f-ae0d-593ca4af9c73: new RaftServerImpl for group-07921CB9432D:[7c39489c-1c03-44c3-8ed9-36ad43776b05|rpc:10.1.0.15:15086|admin:10.1.0.15:15085|client:10.1.0.15:15084|dataStream:10.1.0.15:15087|priority:1|startupRole:FOLLOWER, 667d9742-fdde-4102-a217-b966604d27c1|rpc:10.1.0.15:15068|admin:10.1.0.15:15067|client:10.1.0.15:15066|dataStream:10.1.0.15:15069|priority:0|startupRole:FOLLOWER, d17261cb-7782-4d5f-ae0d-593ca4af9c73|rpc:10.1.0.15:15077|admin:10.1.0.15:15076|client:10.1.0.15:15075|dataStream:10.1.0.15:15078|priority:0|startupRole:FOLLOWER] with ContainerStateMachine:uninitialized
2023-05-31 22:57:42,520 [d17261cb-7782-4d5f-ae0d-593ca4af9c73-groupManagement] INFO  server.RaftServerConfigKeys (ConfUtils.java:logGet(46)) - raft.server.rpc.timeout.min = 5s (custom)
2023-05-31 22:57:42,520 [d17261cb-7782-4d5f-ae0d-593ca4af9c73-groupManagement] INFO  server.RaftServerConfigKeys (ConfUtils.java:logGet(46)) - raft.server.rpc.timeout.max = 5200ms (custom)
2023-05-31 22:57:42,520 [d17261cb-7782-4d5f-ae0d-593ca4af9c73-groupManagement] INFO  server.RaftServerConfigKeys (ConfUtils.java:logGet(46)) - raft.server.rpc.sleep.time = 25ms (default)
2023-05-31 22:57:42,520 [d17261cb-7782-4d5f-ae0d-593ca4af9c73-groupManagement] INFO  server.RaftServerConfigKeys (ConfUtils.java:logGet(46)) - raft.server.rpc.slowness.timeout = 300s (custom)
2023-05-31 22:57:42,520 [d17261cb-7782-4d5f-ae0d-593ca4af9c73-groupManagement] INFO  server.RaftServerConfigKeys (ConfUtils.java:logGet(46)) - raft.server.leaderelection.leader.step-down.wait-time = 10s (default)
2023-05-31 22:57:42,520 [d17261cb-7782-4d5f-ae0d-593ca4af9c73-groupManagement] INFO  server.RaftServerConfigKeys (ConfUtils.java:logGet(46)) - raft.server.sleep.deviation.threshold = 300ms (default)
2023-05-31 22:57:42,521 [d17261cb-7782-4d5f-ae0d-593ca4af9c73-groupManagement] INFO  server.RaftServer$Division (ServerState.java:<init>(120)) - d17261cb-7782-4d5f-ae0d-593ca4af9c73@group-07921CB9432D: ConfigurationManager, init=-1: peers:[7c39489c-1c03-44c3-8ed9-36ad43776b05|rpc:10.1.0.15:15086|admin:10.1.0.15:15085|client:10.1.0.15:15084|dataStream:10.1.0.15:15087|priority:1|startupRole:FOLLOWER, 667d9742-fdde-4102-a217-b966604d27c1|rpc:10.1.0.15:15068|admin:10.1.0.15:15067|client:10.1.0.15:15066|dataStream:10.1.0.15:15069|priority:0|startupRole:FOLLOWER, d17261cb-7782-4d5f-ae0d-593ca4af9c73|rpc:10.1.0.15:15077|admin:10.1.0.15:15076|client:10.1.0.15:15075|dataStream:10.1.0.15:15078|priority:0|startupRole:FOLLOWER]|listeners:[], old=null, confs=<EMPTY_MAP>
2023-05-31 22:57:42,521 [d17261cb-7782-4d5f-ae0d-593ca4af9c73-groupManagement] INFO  server.RaftServerConfigKeys (ConfUtils.java:logGet(46)) - raft.server.storage.dir = [/home/runner/work/ozone/ozone/hadoop-ozone/integration-test/target/test-dir/MiniOzoneClusterImpl-816a41a7-5c89-4e8c-81ba-db0c8b26fb2d/datanode-7/data/ratis] (custom)
2023-05-31 22:57:42,521 [d17261cb-7782-4d5f-ae0d-593ca4af9c73-groupManagement] INFO  server.RaftServerConfigKeys (ConfUtils.java:logGet(46)) - raft.server.log.corruption.policy = EXCEPTION (default)
2023-05-31 22:57:42,521 [d17261cb-7782-4d5f-ae0d-593ca4af9c73-groupManagement] INFO  server.RaftServerConfigKeys (ConfUtils.java:logGet(46)) - raft.server.storage.free-space.min = 0MB (=0) (default)
2023-05-31 22:57:42,521 [d17261cb-7782-4d5f-ae0d-593ca4af9c73-groupManagement] INFO  server.RaftServerConfigKeys (ConfUtils.java:logGet(46)) - raft.server.notification.no-leader.timeout = 300s (custom)
2023-05-31 22:57:42,521 [d17261cb-7782-4d5f-ae0d-593ca4af9c73-groupManagement] INFO  server.RaftServerConfigKeys (ConfUtils.java:logGet(46)) - raft.server.read.timeout = 10s (default)
2023-05-31 22:57:42,521 [d17261cb-7782-4d5f-ae0d-593ca4af9c73-groupManagement] INFO  server.RaftServerConfigKeys (ConfUtils.java:logGet(46)) - raft.server.retrycache.expirytime = 600000ms (custom)
2023-05-31 22:57:42,521 [d17261cb-7782-4d5f-ae0d-593ca4af9c73-groupManagement] INFO  server.RaftServerConfigKeys (ConfUtils.java:logGet(46)) - raft.server.retrycache.statistics.expirytime = 100μs (default)
2023-05-31 22:57:42,522 [d17261cb-7782-4d5f-ae0d-593ca4af9c73-groupManagement] INFO  server.RaftServerConfigKeys (ConfUtils.java:logGet(46)) - raft.server.read.option = DEFAULT (default)
2023-05-31 22:57:42,525 [d17261cb-7782-4d5f-ae0d-593ca4af9c73-groupManagement] INFO  server.RaftServerConfigKeys (ConfUtils.java:logGet(46)) - raft.server.rpc.request.timeout = 60s (custom)
2023-05-31 22:57:42,525 [d17261cb-7782-4d5f-ae0d-593ca4af9c73-groupManagement] INFO  server.RaftServerConfigKeys (ConfUtils.java:logGet(46)) - raft.server.log.appender.install.snapshot.enabled = false (custom)
2023-05-31 22:57:42,525 [d17261cb-7782-4d5f-ae0d-593ca4af9c73-groupManagement] INFO  server.RaftServerConfigKeys (ConfUtils.java:logGet(46)) - raft.server.threadpool.server.cached = true (default)
2023-05-31 22:57:42,525 [d17261cb-7782-4d5f-ae0d-593ca4af9c73-groupManagement] INFO  server.RaftServerConfigKeys (ConfUtils.java:logGet(46)) - raft.server.threadpool.server.size = 0 (default)
2023-05-31 22:57:42,525 [d17261cb-7782-4d5f-ae0d-593ca4af9c73-groupManagement] INFO  server.RaftServerConfigKeys (ConfUtils.java:logGet(46)) - raft.server.threadpool.client.cached = true (default)
2023-05-31 22:57:42,525 [d17261cb-7782-4d5f-ae0d-593ca4af9c73-groupManagement] INFO  server.RaftServerConfigKeys (ConfUtils.java:logGet(46)) - raft.server.threadpool.client.size = 0 (default)
2023-05-31 22:57:42,525 [d17261cb-7782-4d5f-ae0d-593ca4af9c73-groupManagement] INFO  storage.RaftStorageDirectory (RaftStorageDirectoryImpl.java:analyzeStorage(137)) - The storage directory /home/runner/work/ozone/ozone/hadoop-ozone/integration-test/target/test-dir/MiniOzoneClusterImpl-816a41a7-5c89-4e8c-81ba-db0c8b26fb2d/datanode-7/data/ratis/47a86795-ee58-4141-9559-07921cb9432d does not exist. Creating ...
2023-05-31 22:57:42,527 [d17261cb-7782-4d5f-ae0d-593ca4af9c73-groupManagement] INFO  storage.RaftStorageDirectory (RaftStorageDirectoryImpl.java:tryLock(231)) - Lock on /home/runner/work/ozone/ozone/hadoop-ozone/integration-test/target/test-dir/MiniOzoneClusterImpl-816a41a7-5c89-4e8c-81ba-db0c8b26fb2d/datanode-7/data/ratis/47a86795-ee58-4141-9559-07921cb9432d/in_use.lock acquired by nodename 15007@fv-az844-56
2023-05-31 22:57:42,528 [d17261cb-7782-4d5f-ae0d-593ca4af9c73-groupManagement] INFO  storage.RaftStorage (RaftStorageImpl.java:format(96)) - Storage directory /home/runner/work/ozone/ozone/hadoop-ozone/integration-test/target/test-dir/MiniOzoneClusterImpl-816a41a7-5c89-4e8c-81ba-db0c8b26fb2d/datanode-7/data/ratis/47a86795-ee58-4141-9559-07921cb9432d has been successfully formatted.
2023-05-31 22:57:42,531 [d17261cb-7782-4d5f-ae0d-593ca4af9c73-groupManagement] INFO  ratis.ContainerStateMachine (ContainerStateMachine.java:loadSnapshot(262)) - group-07921CB9432D: The snapshot info is null. Setting the last applied indexto:(t:0, i:~)
2023-05-31 22:57:42,531 [d17261cb-7782-4d5f-ae0d-593ca4af9c73-groupManagement] INFO  server.RaftServerConfigKeys (ConfUtils.java:logGet(46)) - raft.server.log.use.memory = false (default)
2023-05-31 22:57:42,533 [d17261cb-7782-4d5f-ae0d-593ca4af9c73-groupManagement] INFO  server.RaftServerConfigKeys (ConfUtils.java:logGet(46)) - raft.server.log.purge.gap = 1000000 (custom)
2023-05-31 22:57:42,533 [d17261cb-7782-4d5f-ae0d-593ca4af9c73-groupManagement] INFO  server.RaftServerConfigKeys (ConfUtils.java:logGet(46)) - raft.server.log.appender.buffer.byte-limit = 33554432 (custom)
2023-05-31 22:57:42,534 [d17261cb-7782-4d5f-ae0d-593ca4af9c73-groupManagement] INFO  server.RaftServerConfigKeys (ConfUtils.java:logGet(46)) - raft.server.log.statemachine.data.read.timeout = 1000ms (default)
2023-05-31 22:57:42,534 [d17261cb-7782-4d5f-ae0d-593ca4af9c73-groupManagement] INFO  server.RaftServerConfigKeys (ConfUtils.java:logGet(46)) - raft.server.log.purge.preservation.log.num = 0 (default)
2023-05-31 22:57:42,534 [d17261cb-7782-4d5f-ae0d-593ca4af9c73-groupManagement] INFO  server.RaftServerConfigKeys (ConfUtils.java:logGet(46)) - raft.server.log.segment.size.max = 1048576 (custom)
2023-05-31 22:57:42,534 [d17261cb-7782-4d5f-ae0d-593ca4af9c73-groupManagement] INFO  server.RaftServerConfigKeys (ConfUtils.java:logGet(46)) - raft.server.log.segment.cache.num.max = 2 (custom)
2023-05-31 22:57:42,534 [d17261cb-7782-4d5f-ae0d-593ca4af9c73-groupManagement] INFO  server.RaftServerConfigKeys (ConfUtils.java:logGet(46)) - raft.server.log.segment.cache.size.max = 200MB (=209715200) (default)
2023-05-31 22:57:42,535 [d17261cb-7782-4d5f-ae0d-593ca4af9c73-groupManagement] INFO  server.RaftServerConfigKeys (ConfUtils.java:logGet(46)) - raft.server.log.appender.buffer.byte-limit = 33554432 (custom)
2023-05-31 22:57:42,535 [d17261cb-7782-4d5f-ae0d-593ca4af9c73-groupManagement] INFO  segmented.SegmentedRaftLogWorker (SegmentedRaftLogWorker.java:<init>(188)) - new d17261cb-7782-4d5f-ae0d-593ca4af9c73@group-07921CB9432D-SegmentedRaftLogWorker for RaftStorageImpl:Storage Directory /home/runner/work/ozone/ozone/hadoop-ozone/integration-test/target/test-dir/MiniOzoneClusterImpl-816a41a7-5c89-4e8c-81ba-db0c8b26fb2d/datanode-7/data/ratis/47a86795-ee58-4141-9559-07921cb9432d
2023-05-31 22:57:42,535 [d17261cb-7782-4d5f-ae0d-593ca4af9c73-groupManagement] INFO  server.RaftServerConfigKeys (ConfUtils.java:logGet(46)) - raft.server.log.queue.byte-limit = 4294967296 (custom)
2023-05-31 22:57:42,535 [d17261cb-7782-4d5f-ae0d-593ca4af9c73-groupManagement] INFO  server.RaftServerConfigKeys (ConfUtils.java:logGet(46)) - raft.server.log.queue.element-limit = 1024 (custom)
2023-05-31 22:57:42,535 [d17261cb-7782-4d5f-ae0d-593ca4af9c73-groupManagement] INFO  server.RaftServerConfigKeys (ConfUtils.java:logGet(46)) - raft.server.log.segment.size.max = 1048576 (custom)
2023-05-31 22:57:42,535 [d17261cb-7782-4d5f-ae0d-593ca4af9c73-groupManagement] INFO  server.RaftServerConfigKeys (ConfUtils.java:logGet(46)) - raft.server.log.preallocated.size = 16384 (custom)
2023-05-31 22:57:42,535 [d17261cb-7782-4d5f-ae0d-593ca4af9c73-groupManagement] INFO  server.RaftServerConfigKeys (ConfUtils.java:logGet(46)) - raft.server.log.force.sync.num = 128 (default)
2023-05-31 22:57:42,535 [d17261cb-7782-4d5f-ae0d-593ca4af9c73-groupManagement] INFO  server.RaftServerConfigKeys (ConfUtils.java:logGet(46)) - raft.server.log.statemachine.data.sync = true (default)
2023-05-31 22:57:42,535 [d17261cb-7782-4d5f-ae0d-593ca4af9c73-groupManagement] INFO  server.RaftServerConfigKeys (ConfUtils.java:logGet(46)) - raft.server.log.statemachine.data.sync.timeout = 10s (default)
2023-05-31 22:57:42,536 [d17261cb-7782-4d5f-ae0d-593ca4af9c73-groupManagement] INFO  server.RaftServerConfigKeys (ConfUtils.java:logGet(46)) - raft.server.log.statemachine.data.sync.timeout.retry = -1 (default)
2023-05-31 22:57:42,537 [d17261cb-7782-4d5f-ae0d-593ca4af9c73-groupManagement] INFO  server.RaftServerConfigKeys (ConfUtils.java:logGet(46)) - raft.server.log.write.buffer.size = 1048576 (custom)
2023-05-31 22:57:42,537 [d17261cb-7782-4d5f-ae0d-593ca4af9c73-groupManagement] INFO  server.RaftServerConfigKeys (ConfUtils.java:logGet(46)) - raft.server.log.appender.buffer.byte-limit = 33554432 (custom)
2023-05-31 22:57:42,543 [d17261cb-7782-4d5f-ae0d-593ca4af9c73-groupManagement] INFO  server.RaftServerConfigKeys (ConfUtils.java:logGet(46)) - raft.server.log.unsafe-flush.enabled = false (default)
2023-05-31 22:57:42,543 [d17261cb-7782-4d5f-ae0d-593ca4af9c73-groupManagement] INFO  server.RaftServerConfigKeys (ConfUtils.java:logGet(46)) - raft.server.log.async-flush.enabled = false (default)
2023-05-31 22:57:42,543 [d17261cb-7782-4d5f-ae0d-593ca4af9c73-groupManagement] INFO  server.RaftServerConfigKeys (ConfUtils.java:logGet(46)) - raft.server.log.statemachine.data.caching.enabled = true (custom)
2023-05-31 22:57:42,544 [d17261cb-7782-4d5f-ae0d-593ca4af9c73-groupManagement] INFO  segmented.SegmentedRaftLogWorker (SegmentedRaftLogWorker.java:lambda$new$0(135)) - d17261cb-7782-4d5f-ae0d-593ca4af9c73@group-07921CB9432D-SegmentedRaftLogWorker: flushIndex: setUnconditionally 0 -> -1
2023-05-31 22:57:42,544 [d17261cb-7782-4d5f-ae0d-593ca4af9c73-groupManagement] INFO  segmented.SegmentedRaftLogWorker (SegmentedRaftLogWorker.java:lambda$new$0(135)) - d17261cb-7782-4d5f-ae0d-593ca4af9c73@group-07921CB9432D-SegmentedRaftLogWorker: safeCacheEvictIndex: setUnconditionally 0 -> -1
2023-05-31 22:57:42,544 [d17261cb-7782-4d5f-ae0d-593ca4af9c73-groupManagement] INFO  server.RaftServer$Division (RaftServerImpl.java:start(342)) - d17261cb-7782-4d5f-ae0d-593ca4af9c73@group-07921CB9432D: start as a follower, conf=-1: peers:[7c39489c-1c03-44c3-8ed9-36ad43776b05|rpc:10.1.0.15:15086|admin:10.1.0.15:15085|client:10.1.0.15:15084|dataStream:10.1.0.15:15087|priority:1|startupRole:FOLLOWER, 667d9742-fdde-4102-a217-b966604d27c1|rpc:10.1.0.15:15068|admin:10.1.0.15:15067|client:10.1.0.15:15066|dataStream:10.1.0.15:15069|priority:0|startupRole:FOLLOWER, d17261cb-7782-4d5f-ae0d-593ca4af9c73|rpc:10.1.0.15:15077|admin:10.1.0.15:15076|client:10.1.0.15:15075|dataStream:10.1.0.15:15078|priority:0|startupRole:FOLLOWER]|listeners:[], old=null
2023-05-31 22:57:42,544 [d17261cb-7782-4d5f-ae0d-593ca4af9c73-groupManagement] INFO  server.RaftServer$Division (RaftServerImpl.java:setRole(329)) - d17261cb-7782-4d5f-ae0d-593ca4af9c73@group-07921CB9432D: changes role from      null to FOLLOWER at term 0 for startAsFollower
2023-05-31 22:57:42,544 [d17261cb-7782-4d5f-ae0d-593ca4af9c73-groupManagement] INFO  impl.RoleInfo (RoleInfo.java:updateAndGet(139)) - d17261cb-7782-4d5f-ae0d-593ca4af9c73: start d17261cb-7782-4d5f-ae0d-593ca4af9c73@group-07921CB9432D-FollowerState
2023-05-31 22:57:42,546 [d17261cb-7782-4d5f-ae0d-593ca4af9c73-groupManagement] INFO  util.JmxRegister (JmxRegister.java:tryRegister(44)) - Successfully registered JMX Bean with object name Ratis:service=RaftServer,group=group-07921CB9432D,id=d17261cb-7782-4d5f-ae0d-593ca4af9c73
2023-05-31 22:57:42,546 [d17261cb-7782-4d5f-ae0d-593ca4af9c73-groupManagement] INFO  server.RaftServerConfigKeys (ConfUtils.java:logGet(46)) - raft.server.snapshot.auto.trigger.enabled = true (custom)
2023-05-31 22:57:42,546 [d17261cb-7782-4d5f-ae0d-593ca4af9c73-groupManagement] INFO  server.RaftServerConfigKeys (ConfUtils.java:logGet(46)) - raft.server.snapshot.auto.trigger.threshold = 10000 (custom)
2023-05-31 22:57:42,546 [d17261cb-7782-4d5f-ae0d-593ca4af9c73-groupManagement] INFO  server.RaftServerConfigKeys (ConfUtils.java:logGet(46)) - raft.server.snapshot.retention.file.num = 5 (custom)
2023-05-31 22:57:42,547 [d17261cb-7782-4d5f-ae0d-593ca4af9c73-groupManagement] INFO  server.RaftServerConfigKeys (ConfUtils.java:logGet(46)) - raft.server.log.purge.upto.snapshot.index = false (default)
2023-05-31 22:57:42,548 [d17261cb-7782-4d5f-ae0d-593ca4af9c73@group-07921CB9432D-FollowerState] INFO  server.RaftServerConfigKeys (ConfUtils.java:logFallback(53)) - raft.server.rpc.first-election.timeout.min = 5s (fallback to raft.server.rpc.timeout.min)
2023-05-31 22:57:42,548 [d17261cb-7782-4d5f-ae0d-593ca4af9c73@group-07921CB9432D-FollowerState] INFO  server.RaftServerConfigKeys (ConfUtils.java:logFallback(53)) - raft.server.rpc.first-election.timeout.max = 5200ms (fallback to raft.server.rpc.timeout.max)
2023-05-31 22:57:42,586 [grpc-default-executor-0] INFO  server.RaftServer (RaftServerProxy.java:addNew(98)) - 7c39489c-1c03-44c3-8ed9-36ad43776b05: addNew group-07921CB9432D:[7c39489c-1c03-44c3-8ed9-36ad43776b05|rpc:10.1.0.15:15086|admin:10.1.0.15:15085|client:10.1.0.15:15084|dataStream:10.1.0.15:15087|priority:1|startupRole:FOLLOWER, 667d9742-fdde-4102-a217-b966604d27c1|rpc:10.1.0.15:15068|admin:10.1.0.15:15067|client:10.1.0.15:15066|dataStream:10.1.0.15:15069|priority:0|startupRole:FOLLOWER, d17261cb-7782-4d5f-ae0d-593ca4af9c73|rpc:10.1.0.15:15077|admin:10.1.0.15:15076|client:10.1.0.15:15075|dataStream:10.1.0.15:15078|priority:0|startupRole:FOLLOWER] returns group-07921CB9432D:java.util.concurrent.CompletableFuture@4e273a44[Not completed]
2023-05-31 22:57:42,588 [7c39489c-1c03-44c3-8ed9-36ad43776b05-groupManagement] INFO  server.RaftServer$Division (RaftServerImpl.java:<init>(198)) - 7c39489c-1c03-44c3-8ed9-36ad43776b05: new RaftServerImpl for group-07921CB9432D:[7c39489c-1c03-44c3-8ed9-36ad43776b05|rpc:10.1.0.15:15086|admin:10.1.0.15:15085|client:10.1.0.15:15084|dataStream:10.1.0.15:15087|priority:1|startupRole:FOLLOWER, 667d9742-fdde-4102-a217-b966604d27c1|rpc:10.1.0.15:15068|admin:10.1.0.15:15067|client:10.1.0.15:15066|dataStream:10.1.0.15:15069|priority:0|startupRole:FOLLOWER, d17261cb-7782-4d5f-ae0d-593ca4af9c73|rpc:10.1.0.15:15077|admin:10.1.0.15:15076|client:10.1.0.15:15075|dataStream:10.1.0.15:15078|priority:0|startupRole:FOLLOWER] with ContainerStateMachine:uninitialized
2023-05-31 22:57:42,588 [7c39489c-1c03-44c3-8ed9-36ad43776b05-groupManagement] INFO  server.RaftServerConfigKeys (ConfUtils.java:logGet(46)) - raft.server.rpc.timeout.min = 5s (custom)
2023-05-31 22:57:42,588 [7c39489c-1c03-44c3-8ed9-36ad43776b05-groupManagement] INFO  server.RaftServerConfigKeys (ConfUtils.java:logGet(46)) - raft.server.rpc.timeout.max = 5200ms (custom)
2023-05-31 22:57:42,588 [7c39489c-1c03-44c3-8ed9-36ad43776b05-groupManagement] INFO  server.RaftServerConfigKeys (ConfUtils.java:logGet(46)) - raft.server.rpc.sleep.time = 25ms (default)
2023-05-31 22:57:42,588 [7c39489c-1c03-44c3-8ed9-36ad43776b05-groupManagement] INFO  server.RaftServerConfigKeys (ConfUtils.java:logGet(46)) - raft.server.rpc.slowness.timeout = 300s (custom)
2023-05-31 22:57:42,588 [7c39489c-1c03-44c3-8ed9-36ad43776b05-groupManagement] INFO  server.RaftServerConfigKeys (ConfUtils.java:logGet(46)) - raft.server.leaderelection.leader.step-down.wait-time = 10s (default)
2023-05-31 22:57:42,589 [7c39489c-1c03-44c3-8ed9-36ad43776b05-groupManagement] INFO  server.RaftServerConfigKeys (ConfUtils.java:logGet(46)) - raft.server.sleep.deviation.threshold = 300ms (default)
2023-05-31 22:57:42,589 [7c39489c-1c03-44c3-8ed9-36ad43776b05-groupManagement] INFO  server.RaftServer$Division (ServerState.java:<init>(120)) - 7c39489c-1c03-44c3-8ed9-36ad43776b05@group-07921CB9432D: ConfigurationManager, init=-1: peers:[7c39489c-1c03-44c3-8ed9-36ad43776b05|rpc:10.1.0.15:15086|admin:10.1.0.15:15085|client:10.1.0.15:15084|dataStream:10.1.0.15:15087|priority:1|startupRole:FOLLOWER, 667d9742-fdde-4102-a217-b966604d27c1|rpc:10.1.0.15:15068|admin:10.1.0.15:15067|client:10.1.0.15:15066|dataStream:10.1.0.15:15069|priority:0|startupRole:FOLLOWER, d17261cb-7782-4d5f-ae0d-593ca4af9c73|rpc:10.1.0.15:15077|admin:10.1.0.15:15076|client:10.1.0.15:15075|dataStream:10.1.0.15:15078|priority:0|startupRole:FOLLOWER]|listeners:[], old=null, confs=<EMPTY_MAP>
2023-05-31 22:57:42,589 [7c39489c-1c03-44c3-8ed9-36ad43776b05-groupManagement] INFO  server.RaftServerConfigKeys (ConfUtils.java:logGet(46)) - raft.server.storage.dir = [/home/runner/work/ozone/ozone/hadoop-ozone/integration-test/target/test-dir/MiniOzoneClusterImpl-816a41a7-5c89-4e8c-81ba-db0c8b26fb2d/datanode-8/data/ratis] (custom)
2023-05-31 22:57:42,589 [7c39489c-1c03-44c3-8ed9-36ad43776b05-groupManagement] INFO  server.RaftServerConfigKeys (ConfUtils.java:logGet(46)) - raft.server.log.corruption.policy = EXCEPTION (default)
2023-05-31 22:57:42,589 [7c39489c-1c03-44c3-8ed9-36ad43776b05-groupManagement] INFO  server.RaftServerConfigKeys (ConfUtils.java:logGet(46)) - raft.server.storage.free-space.min = 0MB (=0) (default)
2023-05-31 22:57:42,589 [7c39489c-1c03-44c3-8ed9-36ad43776b05-groupManagement] INFO  server.RaftServerConfigKeys (ConfUtils.java:logGet(46)) - raft.server.notification.no-leader.timeout = 300s (custom)
2023-05-31 22:57:42,589 [7c39489c-1c03-44c3-8ed9-36ad43776b05-groupManagement] INFO  server.RaftServerConfigKeys (ConfUtils.java:logGet(46)) - raft.server.read.timeout = 10s (default)
2023-05-31 22:57:42,589 [7c39489c-1c03-44c3-8ed9-36ad43776b05-groupManagement] INFO  server.RaftServerConfigKeys (ConfUtils.java:logGet(46)) - raft.server.retrycache.expirytime = 600000ms (custom)
2023-05-31 22:57:42,590 [7c39489c-1c03-44c3-8ed9-36ad43776b05-groupManagement] INFO  server.RaftServerConfigKeys (ConfUtils.java:logGet(46)) - raft.server.retrycache.statistics.expirytime = 100μs (default)
2023-05-31 22:57:42,590 [7c39489c-1c03-44c3-8ed9-36ad43776b05-groupManagement] INFO  server.RaftServerConfigKeys (ConfUtils.java:logGet(46)) - raft.server.read.option = DEFAULT (default)
2023-05-31 22:57:42,591 [7c39489c-1c03-44c3-8ed9-36ad43776b05-groupManagement] INFO  server.RaftServerConfigKeys (ConfUtils.java:logGet(46)) - raft.server.rpc.request.timeout = 60s (custom)
2023-05-31 22:57:42,591 [7c39489c-1c03-44c3-8ed9-36ad43776b05-groupManagement] INFO  server.RaftServerConfigKeys (ConfUtils.java:logGet(46)) - raft.server.log.appender.install.snapshot.enabled = false (custom)
2023-05-31 22:57:42,591 [7c39489c-1c03-44c3-8ed9-36ad43776b05-groupManagement] INFO  server.RaftServerConfigKeys (ConfUtils.java:logGet(46)) - raft.server.threadpool.server.cached = true (default)
2023-05-31 22:57:42,591 [7c39489c-1c03-44c3-8ed9-36ad43776b05-groupManagement] INFO  server.RaftServerConfigKeys (ConfUtils.java:logGet(46)) - raft.server.threadpool.server.size = 0 (default)
2023-05-31 22:57:42,591 [7c39489c-1c03-44c3-8ed9-36ad43776b05-groupManagement] INFO  server.RaftServerConfigKeys (ConfUtils.java:logGet(46)) - raft.server.threadpool.client.cached = true (default)
2023-05-31 22:57:42,592 [7c39489c-1c03-44c3-8ed9-36ad43776b05-groupManagement] INFO  server.RaftServerConfigKeys (ConfUtils.java:logGet(46)) - raft.server.threadpool.client.size = 0 (default)
2023-05-31 22:57:42,592 [7c39489c-1c03-44c3-8ed9-36ad43776b05-groupManagement] INFO  storage.RaftStorageDirectory (RaftStorageDirectoryImpl.java:analyzeStorage(137)) - The storage directory /home/runner/work/ozone/ozone/hadoop-ozone/integration-test/target/test-dir/MiniOzoneClusterImpl-816a41a7-5c89-4e8c-81ba-db0c8b26fb2d/datanode-8/data/ratis/47a86795-ee58-4141-9559-07921cb9432d does not exist. Creating ...
2023-05-31 22:57:42,593 [7c39489c-1c03-44c3-8ed9-36ad43776b05-groupManagement] INFO  storage.RaftStorageDirectory (RaftStorageDirectoryImpl.java:tryLock(231)) - Lock on /home/runner/work/ozone/ozone/hadoop-ozone/integration-test/target/test-dir/MiniOzoneClusterImpl-816a41a7-5c89-4e8c-81ba-db0c8b26fb2d/datanode-8/data/ratis/47a86795-ee58-4141-9559-07921cb9432d/in_use.lock acquired by nodename 15007@fv-az844-56
2023-05-31 22:57:42,594 [7c39489c-1c03-44c3-8ed9-36ad43776b05-groupManagement] INFO  storage.RaftStorage (RaftStorageImpl.java:format(96)) - Storage directory /home/runner/work/ozone/ozone/hadoop-ozone/integration-test/target/test-dir/MiniOzoneClusterImpl-816a41a7-5c89-4e8c-81ba-db0c8b26fb2d/datanode-8/data/ratis/47a86795-ee58-4141-9559-07921cb9432d has been successfully formatted.
2023-05-31 22:57:42,597 [7c39489c-1c03-44c3-8ed9-36ad43776b05-groupManagement] INFO  ratis.ContainerStateMachine (ContainerStateMachine.java:loadSnapshot(262)) - group-07921CB9432D: The snapshot info is null. Setting the last applied indexto:(t:0, i:~)
2023-05-31 22:57:42,597 [7c39489c-1c03-44c3-8ed9-36ad43776b05-groupManagement] INFO  server.RaftServerConfigKeys (ConfUtils.java:logGet(46)) - raft.server.log.use.memory = false (default)
2023-05-31 22:57:42,599 [7c39489c-1c03-44c3-8ed9-36ad43776b05-groupManagement] INFO  server.RaftServerConfigKeys (ConfUtils.java:logGet(46)) - raft.server.log.purge.gap = 1000000 (custom)
2023-05-31 22:57:42,599 [7c39489c-1c03-44c3-8ed9-36ad43776b05-groupManagement] INFO  server.RaftServerConfigKeys (ConfUtils.java:logGet(46)) - raft.server.log.appender.buffer.byte-limit = 33554432 (custom)
2023-05-31 22:57:42,599 [7c39489c-1c03-44c3-8ed9-36ad43776b05-groupManagement] INFO  server.RaftServerConfigKeys (ConfUtils.java:logGet(46)) - raft.server.log.statemachine.data.read.timeout = 1000ms (default)
2023-05-31 22:57:42,599 [7c39489c-1c03-44c3-8ed9-36ad43776b05-groupManagement] INFO  server.RaftServerConfigKeys (ConfUtils.java:logGet(46)) - raft.server.log.purge.preservation.log.num = 0 (default)
2023-05-31 22:57:42,599 [7c39489c-1c03-44c3-8ed9-36ad43776b05-groupManagement] INFO  server.RaftServerConfigKeys (ConfUtils.java:logGet(46)) - raft.server.log.segment.size.max = 1048576 (custom)
2023-05-31 22:57:42,600 [7c39489c-1c03-44c3-8ed9-36ad43776b05-groupManagement] INFO  server.RaftServerConfigKeys (ConfUtils.java:logGet(46)) - raft.server.log.segment.cache.num.max = 2 (custom)
2023-05-31 22:57:42,600 [7c39489c-1c03-44c3-8ed9-36ad43776b05-groupManagement] INFO  server.RaftServerConfigKeys (ConfUtils.java:logGet(46)) - raft.server.log.segment.cache.size.max = 200MB (=209715200) (default)
2023-05-31 22:57:42,600 [7c39489c-1c03-44c3-8ed9-36ad43776b05-groupManagement] INFO  server.RaftServerConfigKeys (ConfUtils.java:logGet(46)) - raft.server.log.appender.buffer.byte-limit = 33554432 (custom)
2023-05-31 22:57:42,600 [7c39489c-1c03-44c3-8ed9-36ad43776b05-groupManagement] INFO  segmented.SegmentedRaftLogWorker (SegmentedRaftLogWorker.java:<init>(188)) - new 7c39489c-1c03-44c3-8ed9-36ad43776b05@group-07921CB9432D-SegmentedRaftLogWorker for RaftStorageImpl:Storage Directory /home/runner/work/ozone/ozone/hadoop-ozone/integration-test/target/test-dir/MiniOzoneClusterImpl-816a41a7-5c89-4e8c-81ba-db0c8b26fb2d/datanode-8/data/ratis/47a86795-ee58-4141-9559-07921cb9432d
2023-05-31 22:57:42,600 [7c39489c-1c03-44c3-8ed9-36ad43776b05-groupManagement] INFO  server.RaftServerConfigKeys (ConfUtils.java:logGet(46)) - raft.server.log.queue.byte-limit = 4294967296 (custom)
2023-05-31 22:57:42,600 [7c39489c-1c03-44c3-8ed9-36ad43776b05-groupManagement] INFO  server.RaftServerConfigKeys (ConfUtils.java:logGet(46)) - raft.server.log.queue.element-limit = 1024 (custom)
2023-05-31 22:57:42,600 [7c39489c-1c03-44c3-8ed9-36ad43776b05-groupManagement] INFO  server.RaftServerConfigKeys (ConfUtils.java:logGet(46)) - raft.server.log.segment.size.max = 1048576 (custom)
2023-05-31 22:57:42,600 [7c39489c-1c03-44c3-8ed9-36ad43776b05-groupManagement] INFO  server.RaftServerConfigKeys (ConfUtils.java:logGet(46)) - raft.server.log.preallocated.size = 16384 (custom)
2023-05-31 22:57:42,600 [7c39489c-1c03-44c3-8ed9-36ad43776b05-groupManagement] INFO  server.RaftServerConfigKeys (ConfUtils.java:logGet(46)) - raft.server.log.force.sync.num = 128 (default)
2023-05-31 22:57:42,600 [7c39489c-1c03-44c3-8ed9-36ad43776b05-groupManagement] INFO  server.RaftServerConfigKeys (ConfUtils.java:logGet(46)) - raft.server.log.statemachine.data.sync = true (default)
2023-05-31 22:57:42,601 [7c39489c-1c03-44c3-8ed9-36ad43776b05-groupManagement] INFO  server.RaftServerConfigKeys (ConfUtils.java:logGet(46)) - raft.server.log.statemachine.data.sync.timeout = 10s (default)
2023-05-31 22:57:42,601 [7c39489c-1c03-44c3-8ed9-36ad43776b05-groupManagement] INFO  server.RaftServerConfigKeys (ConfUtils.java:logGet(46)) - raft.server.log.statemachine.data.sync.timeout.retry = -1 (default)
2023-05-31 22:57:42,602 [7c39489c-1c03-44c3-8ed9-36ad43776b05-groupManagement] INFO  server.RaftServerConfigKeys (ConfUtils.java:logGet(46)) - raft.server.log.write.buffer.size = 1048576 (custom)
2023-05-31 22:57:42,602 [7c39489c-1c03-44c3-8ed9-36ad43776b05-groupManagement] INFO  server.RaftServerConfigKeys (ConfUtils.java:logGet(46)) - raft.server.log.appender.buffer.byte-limit = 33554432 (custom)
2023-05-31 22:57:43,001 [d17261cb-7782-4d5f-ae0d-593ca4af9c73-groupManagement] INFO  server.RaftServer$Division (RaftServerImpl.java:<init>(198)) - d17261cb-7782-4d5f-ae0d-593ca4af9c73: new RaftServerImpl for group-DE68AEA7FC04:[d17261cb-7782-4d5f-ae0d-593ca4af9c73|rpc:10.1.0.15:15077|admin:10.1.0.15:15076|client:10.1.0.15:15075|dataStream:10.1.0.15:15078|priority:1|startupRole:FOLLOWER] with ContainerStateMachine:uninitialized
2023-05-31 22:57:43,001 [d17261cb-7782-4d5f-ae0d-593ca4af9c73-groupManagement] INFO  server.RaftServerConfigKeys (ConfUtils.java:logGet(46)) - raft.server.rpc.timeout.min = 5s (custom)
2023-05-31 22:57:43,001 [d17261cb-7782-4d5f-ae0d-593ca4af9c73-groupManagement] INFO  server.RaftServerConfigKeys (ConfUtils.java:logGet(46)) - raft.server.rpc.timeout.max = 5200ms (custom)
2023-05-31 22:57:43,001 [d17261cb-7782-4d5f-ae0d-593ca4af9c73-groupManagement] INFO  server.RaftServerConfigKeys (ConfUtils.java:logGet(46)) - raft.server.rpc.sleep.time = 25ms (default)
2023-05-31 22:57:43,003 [d17261cb-7782-4d5f-ae0d-593ca4af9c73-groupManagement] INFO  server.RaftServerConfigKeys (ConfUtils.java:logGet(46)) - raft.server.rpc.slowness.timeout = 300s (custom)
2023-05-31 22:57:43,003 [d17261cb-7782-4d5f-ae0d-593ca4af9c73-groupManagement] INFO  server.RaftServerConfigKeys (ConfUtils.java:logGet(46)) - raft.server.leaderelection.leader.step-down.wait-time = 10s (default)
2023-05-31 22:57:43,003 [d17261cb-7782-4d5f-ae0d-593ca4af9c73-groupManagement] INFO  server.RaftServerConfigKeys (ConfUtils.java:logGet(46)) - raft.server.sleep.deviation.threshold = 300ms (default)
2023-05-31 22:57:43,004 [d17261cb-7782-4d5f-ae0d-593ca4af9c73-groupManagement] INFO  server.RaftServer$Division (ServerState.java:<init>(120)) - d17261cb-7782-4d5f-ae0d-593ca4af9c73@group-DE68AEA7FC04: ConfigurationManager, init=-1: peers:[d17261cb-7782-4d5f-ae0d-593ca4af9c73|rpc:10.1.0.15:15077|admin:10.1.0.15:15076|client:10.1.0.15:15075|dataStream:10.1.0.15:15078|priority:1|startupRole:FOLLOWER]|listeners:[], old=null, confs=<EMPTY_MAP>
2023-05-31 22:57:43,004 [d17261cb-7782-4d5f-ae0d-593ca4af9c73-groupManagement] INFO  server.RaftServerConfigKeys (ConfUtils.java:logGet(46)) - raft.server.storage.dir = [/home/runner/work/ozone/ozone/hadoop-ozone/integration-test/target/test-dir/MiniOzoneClusterImpl-816a41a7-5c89-4e8c-81ba-db0c8b26fb2d/datanode-7/data/ratis] (custom)
2023-05-31 22:57:43,004 [d17261cb-7782-4d5f-ae0d-593ca4af9c73-groupManagement] INFO  server.RaftServerConfigKeys (ConfUtils.java:logGet(46)) - raft.server.log.corruption.policy = EXCEPTION (default)
2023-05-31 22:57:43,004 [d17261cb-7782-4d5f-ae0d-593ca4af9c73-groupManagement] INFO  server.RaftServerConfigKeys (ConfUtils.java:logGet(46)) - raft.server.storage.free-space.min = 0MB (=0) (default)
2023-05-31 22:57:43,004 [d17261cb-7782-4d5f-ae0d-593ca4af9c73-groupManagement] INFO  server.RaftServerConfigKeys (ConfUtils.java:logGet(46)) - raft.server.notification.no-leader.timeout = 300s (custom)
2023-05-31 22:57:43,004 [d17261cb-7782-4d5f-ae0d-593ca4af9c73-groupManagement] INFO  server.RaftServerConfigKeys (ConfUtils.java:logGet(46)) - raft.server.read.timeout = 10s (default)
2023-05-31 22:57:43,004 [d17261cb-7782-4d5f-ae0d-593ca4af9c73-groupManagement] INFO  server.RaftServerConfigKeys (ConfUtils.java:logGet(46)) - raft.server.retrycache.expirytime = 600000ms (custom)
2023-05-31 22:57:43,004 [d17261cb-7782-4d5f-ae0d-593ca4af9c73-groupManagement] INFO  server.RaftServerConfigKeys (ConfUtils.java:logGet(46)) - raft.server.retrycache.statistics.expirytime = 100μs (default)
2023-05-31 22:57:43,004 [d17261cb-7782-4d5f-ae0d-593ca4af9c73-groupManagement] INFO  server.RaftServerConfigKeys (ConfUtils.java:logGet(46)) - raft.server.read.option = DEFAULT (default)
2023-05-31 22:57:43,006 [d17261cb-7782-4d5f-ae0d-593ca4af9c73-groupManagement] INFO  server.RaftServerConfigKeys (ConfUtils.java:logGet(46)) - raft.server.rpc.request.timeout = 60s (custom)
2023-05-31 22:57:43,006 [d17261cb-7782-4d5f-ae0d-593ca4af9c73-groupManagement] INFO  server.RaftServerConfigKeys (ConfUtils.java:logGet(46)) - raft.server.log.appender.install.snapshot.enabled = false (custom)
2023-05-31 22:57:43,006 [d17261cb-7782-4d5f-ae0d-593ca4af9c73-groupManagement] INFO  server.RaftServerConfigKeys (ConfUtils.java:logGet(46)) - raft.server.threadpool.server.cached = true (default)
2023-05-31 22:57:43,006 [d17261cb-7782-4d5f-ae0d-593ca4af9c73-groupManagement] INFO  server.RaftServerConfigKeys (ConfUtils.java:logGet(46)) - raft.server.threadpool.server.size = 0 (default)
2023-05-31 22:57:43,006 [d17261cb-7782-4d5f-ae0d-593ca4af9c73-groupManagement] INFO  server.RaftServerConfigKeys (ConfUtils.java:logGet(46)) - raft.server.threadpool.client.cached = true (default)
2023-05-31 22:57:43,006 [d17261cb-7782-4d5f-ae0d-593ca4af9c73-groupManagement] INFO  server.RaftServerConfigKeys (ConfUtils.java:logGet(46)) - raft.server.threadpool.client.size = 0 (default)
2023-05-31 22:57:43,011 [7c39489c-1c03-44c3-8ed9-36ad43776b05-groupManagement] INFO  server.RaftServerConfigKeys (ConfUtils.java:logGet(46)) - raft.server.log.unsafe-flush.enabled = false (default)
2023-05-31 22:57:43,012 [7c39489c-1c03-44c3-8ed9-36ad43776b05-groupManagement] INFO  server.RaftServerConfigKeys (ConfUtils.java:logGet(46)) - raft.server.log.async-flush.enabled = false (default)
2023-05-31 22:57:43,012 [7c39489c-1c03-44c3-8ed9-36ad43776b05-groupManagement] INFO  server.RaftServerConfigKeys (ConfUtils.java:logGet(46)) - raft.server.log.statemachine.data.caching.enabled = true (custom)
2023-05-31 22:57:43,012 [7c39489c-1c03-44c3-8ed9-36ad43776b05-groupManagement] INFO  segmented.SegmentedRaftLogWorker (SegmentedRaftLogWorker.java:lambda$new$0(135)) - 7c39489c-1c03-44c3-8ed9-36ad43776b05@group-07921CB9432D-SegmentedRaftLogWorker: flushIndex: setUnconditionally 0 -> -1
2023-05-31 22:57:43,012 [7c39489c-1c03-44c3-8ed9-36ad43776b05-groupManagement] INFO  segmented.SegmentedRaftLogWorker (SegmentedRaftLogWorker.java:lambda$new$0(135)) - 7c39489c-1c03-44c3-8ed9-36ad43776b05@group-07921CB9432D-SegmentedRaftLogWorker: safeCacheEvictIndex: setUnconditionally 0 -> -1
2023-05-31 22:57:43,013 [PipelineCommandHandlerThread-0] INFO  server.RaftServer (RaftServerProxy.java:addNew(98)) - d17261cb-7782-4d5f-ae0d-593ca4af9c73: addNew group-DE68AEA7FC04:[d17261cb-7782-4d5f-ae0d-593ca4af9c73|rpc:10.1.0.15:15077|admin:10.1.0.15:15076|client:10.1.0.15:15075|dataStream:10.1.0.15:15078|priority:1|startupRole:FOLLOWER] returns      null d17261cb-7782-4d5f-ae0d-593ca4af9c73@group-DE68AEA7FC04:t0, leader=null, voted=null, raftlog=UNINITIALIZED, conf=-1: peers:[d17261cb-7782-4d5f-ae0d-593ca4af9c73|rpc:10.1.0.15:15077|admin:10.1.0.15:15076|client:10.1.0.15:15075|dataStream:10.1.0.15:15078|priority:1|startupRole:FOLLOWER]|listeners:[], old=null NEW
2023-05-31 22:57:43,013 [d17261cb-7782-4d5f-ae0d-593ca4af9c73-groupManagement] INFO  storage.RaftStorageDirectory (RaftStorageDirectoryImpl.java:analyzeStorage(137)) - The storage directory /home/runner/work/ozone/ozone/hadoop-ozone/integration-test/target/test-dir/MiniOzoneClusterImpl-816a41a7-5c89-4e8c-81ba-db0c8b26fb2d/datanode-7/data/ratis/265b3ebd-d575-4c7c-a0ce-de68aea7fc04 does not exist. Creating ...
2023-05-31 22:57:43,014 [7c39489c-1c03-44c3-8ed9-36ad43776b05-groupManagement] INFO  server.RaftServer$Division (RaftServerImpl.java:start(342)) - 7c39489c-1c03-44c3-8ed9-36ad43776b05@group-07921CB9432D: start as a follower, conf=-1: peers:[7c39489c-1c03-44c3-8ed9-36ad43776b05|rpc:10.1.0.15:15086|admin:10.1.0.15:15085|client:10.1.0.15:15084|dataStream:10.1.0.15:15087|priority:1|startupRole:FOLLOWER, 667d9742-fdde-4102-a217-b966604d27c1|rpc:10.1.0.15:15068|admin:10.1.0.15:15067|client:10.1.0.15:15066|dataStream:10.1.0.15:15069|priority:0|startupRole:FOLLOWER, d17261cb-7782-4d5f-ae0d-593ca4af9c73|rpc:10.1.0.15:15077|admin:10.1.0.15:15076|client:10.1.0.15:15075|dataStream:10.1.0.15:15078|priority:0|startupRole:FOLLOWER]|listeners:[], old=null
2023-05-31 22:57:43,014 [7c39489c-1c03-44c3-8ed9-36ad43776b05-groupManagement] INFO  server.RaftServer$Division (RaftServerImpl.java:setRole(329)) - 7c39489c-1c03-44c3-8ed9-36ad43776b05@group-07921CB9432D: changes role from      null to FOLLOWER at term 0 for startAsFollower
2023-05-31 22:57:43,014 [7c39489c-1c03-44c3-8ed9-36ad43776b05-groupManagement] INFO  impl.RoleInfo (RoleInfo.java:updateAndGet(139)) - 7c39489c-1c03-44c3-8ed9-36ad43776b05: start 7c39489c-1c03-44c3-8ed9-36ad43776b05@group-07921CB9432D-FollowerState
2023-05-31 22:57:43,014 [7c39489c-1c03-44c3-8ed9-36ad43776b05-groupManagement] INFO  util.JmxRegister (JmxRegister.java:tryRegister(44)) - Successfully registered JMX Bean with object name Ratis:service=RaftServer,group=group-07921CB9432D,id=7c39489c-1c03-44c3-8ed9-36ad43776b05
2023-05-31 22:57:43,015 [7c39489c-1c03-44c3-8ed9-36ad43776b05-groupManagement] INFO  server.RaftServerConfigKeys (ConfUtils.java:logGet(46)) - raft.server.snapshot.auto.trigger.enabled = true (custom)
2023-05-31 22:57:43,015 [7c39489c-1c03-44c3-8ed9-36ad43776b05-groupManagement] INFO  server.RaftServerConfigKeys (ConfUtils.java:logGet(46)) - raft.server.snapshot.auto.trigger.threshold = 10000 (custom)
2023-05-31 22:57:43,015 [7c39489c-1c03-44c3-8ed9-36ad43776b05-groupManagement] INFO  server.RaftServerConfigKeys (ConfUtils.java:logGet(46)) - raft.server.snapshot.retention.file.num = 5 (custom)
2023-05-31 22:57:43,015 [7c39489c-1c03-44c3-8ed9-36ad43776b05-groupManagement] INFO  server.RaftServerConfigKeys (ConfUtils.java:logGet(46)) - raft.server.log.purge.upto.snapshot.index = false (default)
2023-05-31 22:57:43,016 [d17261cb-7782-4d5f-ae0d-593ca4af9c73-groupManagement] INFO  storage.RaftStorageDirectory (RaftStorageDirectoryImpl.java:tryLock(231)) - Lock on /home/runner/work/ozone/ozone/hadoop-ozone/integration-test/target/test-dir/MiniOzoneClusterImpl-816a41a7-5c89-4e8c-81ba-db0c8b26fb2d/datanode-7/data/ratis/265b3ebd-d575-4c7c-a0ce-de68aea7fc04/in_use.lock acquired by nodename 15007@fv-az844-56
2023-05-31 22:57:43,017 [7c39489c-1c03-44c3-8ed9-36ad43776b05@group-07921CB9432D-FollowerState] INFO  server.RaftServerConfigKeys (ConfUtils.java:logFallback(53)) - raft.server.rpc.first-election.timeout.min = 5s (fallback to raft.server.rpc.timeout.min)
2023-05-31 22:57:43,019 [d17261cb-7782-4d5f-ae0d-593ca4af9c73-groupManagement] INFO  storage.RaftStorage (RaftStorageImpl.java:format(96)) - Storage directory /home/runner/work/ozone/ozone/hadoop-ozone/integration-test/target/test-dir/MiniOzoneClusterImpl-816a41a7-5c89-4e8c-81ba-db0c8b26fb2d/datanode-7/data/ratis/265b3ebd-d575-4c7c-a0ce-de68aea7fc04 has been successfully formatted.
2023-05-31 22:57:43,019 [7c39489c-1c03-44c3-8ed9-36ad43776b05@group-07921CB9432D-FollowerState] INFO  server.RaftServerConfigKeys (ConfUtils.java:logFallback(53)) - raft.server.rpc.first-election.timeout.max = 5200ms (fallback to raft.server.rpc.timeout.max)
2023-05-31 22:57:43,033 [d17261cb-7782-4d5f-ae0d-593ca4af9c73-groupManagement] INFO  ratis.ContainerStateMachine (ContainerStateMachine.java:loadSnapshot(262)) - group-DE68AEA7FC04: The snapshot info is null. Setting the last applied indexto:(t:0, i:~)
2023-05-31 22:57:43,033 [d17261cb-7782-4d5f-ae0d-593ca4af9c73-groupManagement] INFO  server.RaftServerConfigKeys (ConfUtils.java:logGet(46)) - raft.server.log.use.memory = false (default)
2023-05-31 22:57:43,033 [d17261cb-7782-4d5f-ae0d-593ca4af9c73-groupManagement] INFO  server.RaftServerConfigKeys (ConfUtils.java:logGet(46)) - raft.server.log.purge.gap = 1000000 (custom)
2023-05-31 22:57:43,033 [d17261cb-7782-4d5f-ae0d-593ca4af9c73-groupManagement] INFO  server.RaftServerConfigKeys (ConfUtils.java:logGet(46)) - raft.server.log.appender.buffer.byte-limit = 33554432 (custom)
2023-05-31 22:57:43,033 [d17261cb-7782-4d5f-ae0d-593ca4af9c73-groupManagement] INFO  server.RaftServerConfigKeys (ConfUtils.java:logGet(46)) - raft.server.log.statemachine.data.read.timeout = 1000ms (default)
2023-05-31 22:57:43,033 [d17261cb-7782-4d5f-ae0d-593ca4af9c73-groupManagement] INFO  server.RaftServerConfigKeys (ConfUtils.java:logGet(46)) - raft.server.log.purge.preservation.log.num = 0 (default)
2023-05-31 22:57:43,033 [d17261cb-7782-4d5f-ae0d-593ca4af9c73-groupManagement] INFO  server.RaftServerConfigKeys (ConfUtils.java:logGet(46)) - raft.server.log.segment.size.max = 1048576 (custom)
2023-05-31 22:57:43,034 [d17261cb-7782-4d5f-ae0d-593ca4af9c73-groupManagement] INFO  server.RaftServerConfigKeys (ConfUtils.java:logGet(46)) - raft.server.log.segment.cache.num.max = 2 (custom)
2023-05-31 22:57:43,034 [d17261cb-7782-4d5f-ae0d-593ca4af9c73-groupManagement] INFO  server.RaftServerConfigKeys (ConfUtils.java:logGet(46)) - raft.server.log.segment.cache.size.max = 200MB (=209715200) (default)
2023-05-31 22:57:43,034 [d17261cb-7782-4d5f-ae0d-593ca4af9c73-groupManagement] INFO  server.RaftServerConfigKeys (ConfUtils.java:logGet(46)) - raft.server.log.appender.buffer.byte-limit = 33554432 (custom)
2023-05-31 22:57:43,034 [d17261cb-7782-4d5f-ae0d-593ca4af9c73-groupManagement] INFO  segmented.SegmentedRaftLogWorker (SegmentedRaftLogWorker.java:<init>(188)) - new d17261cb-7782-4d5f-ae0d-593ca4af9c73@group-DE68AEA7FC04-SegmentedRaftLogWorker for RaftStorageImpl:Storage Directory /home/runner/work/ozone/ozone/hadoop-ozone/integration-test/target/test-dir/MiniOzoneClusterImpl-816a41a7-5c89-4e8c-81ba-db0c8b26fb2d/datanode-7/data/ratis/265b3ebd-d575-4c7c-a0ce-de68aea7fc04
2023-05-31 22:57:43,034 [d17261cb-7782-4d5f-ae0d-593ca4af9c73-groupManagement] INFO  server.RaftServerConfigKeys (ConfUtils.java:logGet(46)) - raft.server.log.queue.byte-limit = 4294967296 (custom)
2023-05-31 22:57:43,034 [d17261cb-7782-4d5f-ae0d-593ca4af9c73-groupManagement] INFO  server.RaftServerConfigKeys (ConfUtils.java:logGet(46)) - raft.server.log.queue.element-limit = 1024 (custom)
2023-05-31 22:57:43,034 [d17261cb-7782-4d5f-ae0d-593ca4af9c73-groupManagement] INFO  server.RaftServerConfigKeys (ConfUtils.java:logGet(46)) - raft.server.log.segment.size.max = 1048576 (custom)
2023-05-31 22:57:43,035 [d17261cb-7782-4d5f-ae0d-593ca4af9c73-groupManagement] INFO  server.RaftServerConfigKeys (ConfUtils.java:logGet(46)) - raft.server.log.preallocated.size = 16384 (custom)
2023-05-31 22:57:43,035 [d17261cb-7782-4d5f-ae0d-593ca4af9c73-groupManagement] INFO  server.RaftServerConfigKeys (ConfUtils.java:logGet(46)) - raft.server.log.force.sync.num = 128 (default)
2023-05-31 22:57:43,035 [d17261cb-7782-4d5f-ae0d-593ca4af9c73-groupManagement] INFO  server.RaftServerConfigKeys (ConfUtils.java:logGet(46)) - raft.server.log.statemachine.data.sync = true (default)
2023-05-31 22:57:43,035 [d17261cb-7782-4d5f-ae0d-593ca4af9c73-groupManagement] INFO  server.RaftServerConfigKeys (ConfUtils.java:logGet(46)) - raft.server.log.statemachine.data.sync.timeout = 10s (default)
2023-05-31 22:57:43,035 [d17261cb-7782-4d5f-ae0d-593ca4af9c73-groupManagement] INFO  server.RaftServerConfigKeys (ConfUtils.java:logGet(46)) - raft.server.log.statemachine.data.sync.timeout.retry = -1 (default)
2023-05-31 22:57:43,036 [d17261cb-7782-4d5f-ae0d-593ca4af9c73-groupManagement] INFO  server.RaftServerConfigKeys (ConfUtils.java:logGet(46)) - raft.server.log.write.buffer.size = 1048576 (custom)
2023-05-31 22:57:43,039 [EventQueue-PipelineReportForPipelineReportHandler] INFO  pipeline.PipelineManagerImpl (PipelineManagerImpl.java:openPipeline(367)) - Pipeline Pipeline[ Id: 265b3ebd-d575-4c7c-a0ce-de68aea7fc04, Nodes: d17261cb-7782-4d5f-ae0d-593ca4af9c73(fv-az844-56.kvdfyhrxhd0epk3sa4trub4njc.xx.internal.cloudapp.net/10.1.0.15), ReplicationConfig: RATIS/ONE, State:ALLOCATED, leaderId:d17261cb-7782-4d5f-ae0d-593ca4af9c73, CreationTimestamp2023-05-31T22:57:39.857Z[Etc/UTC]] moved to OPEN state
2023-05-31 22:57:43,039 [d17261cb-7782-4d5f-ae0d-593ca4af9c73-groupManagement] INFO  server.RaftServerConfigKeys (ConfUtils.java:logGet(46)) - raft.server.log.appender.buffer.byte-limit = 33554432 (custom)
2023-05-31 22:57:43,039 [EventQueue-OpenPipelineForHealthyPipelineSafeModeRule] INFO  safemode.SCMSafeModeManager (HealthyPipelineSafeModeRule.java:process(137)) - SCM in safe mode. Healthy pipelines reported count is 0, required healthy pipeline reported count is 1
2023-05-31 22:57:43,044 [d17261cb-7782-4d5f-ae0d-593ca4af9c73-groupManagement] INFO  server.RaftServerConfigKeys (ConfUtils.java:logGet(46)) - raft.server.log.unsafe-flush.enabled = false (default)
2023-05-31 22:57:43,045 [d17261cb-7782-4d5f-ae0d-593ca4af9c73-groupManagement] INFO  server.RaftServerConfigKeys (ConfUtils.java:logGet(46)) - raft.server.log.async-flush.enabled = false (default)
2023-05-31 22:57:43,045 [d17261cb-7782-4d5f-ae0d-593ca4af9c73-groupManagement] INFO  server.RaftServerConfigKeys (ConfUtils.java:logGet(46)) - raft.server.log.statemachine.data.caching.enabled = true (custom)
2023-05-31 22:57:43,045 [d17261cb-7782-4d5f-ae0d-593ca4af9c73-groupManagement] INFO  segmented.SegmentedRaftLogWorker (SegmentedRaftLogWorker.java:lambda$new$0(135)) - d17261cb-7782-4d5f-ae0d-593ca4af9c73@group-DE68AEA7FC04-SegmentedRaftLogWorker: flushIndex: setUnconditionally 0 -> -1
2023-05-31 22:57:43,045 [d17261cb-7782-4d5f-ae0d-593ca4af9c73-groupManagement] INFO  segmented.SegmentedRaftLogWorker (SegmentedRaftLogWorker.java:lambda$new$0(135)) - d17261cb-7782-4d5f-ae0d-593ca4af9c73@group-DE68AEA7FC04-SegmentedRaftLogWorker: safeCacheEvictIndex: setUnconditionally 0 -> -1
2023-05-31 22:57:43,049 [PipelineCommandHandlerThread-0] INFO  commandhandler.CreatePipelineCommandHandler (CreatePipelineCommandHandler.java:lambda$handle$2(124)) - Created Pipeline RATIS THREE PipelineID=47a86795-ee58-4141-9559-07921cb9432d.
2023-05-31 22:57:43,050 [d17261cb-7782-4d5f-ae0d-593ca4af9c73-groupManagement] INFO  server.RaftServer$Division (RaftServerImpl.java:start(342)) - d17261cb-7782-4d5f-ae0d-593ca4af9c73@group-DE68AEA7FC04: start as a follower, conf=-1: peers:[d17261cb-7782-4d5f-ae0d-593ca4af9c73|rpc:10.1.0.15:15077|admin:10.1.0.15:15076|client:10.1.0.15:15075|dataStream:10.1.0.15:15078|priority:1|startupRole:FOLLOWER]|listeners:[], old=null
2023-05-31 22:57:43,050 [PipelineCommandHandlerThread-0] INFO  server.RaftServer (RaftServerProxy.java:addNew(98)) - 667d9742-fdde-4102-a217-b966604d27c1: addNew group-FF6D5E61F6B2:[7c39489c-1c03-44c3-8ed9-36ad43776b05|rpc:10.1.0.15:15086|admin:10.1.0.15:15085|client:10.1.0.15:15084|dataStream:10.1.0.15:15087|priority:0|startupRole:FOLLOWER, 667d9742-fdde-4102-a217-b966604d27c1|rpc:10.1.0.15:15068|admin:10.1.0.15:15067|client:10.1.0.15:15066|dataStream:10.1.0.15:15069|priority:0|startupRole:FOLLOWER, d17261cb-7782-4d5f-ae0d-593ca4af9c73|rpc:10.1.0.15:15077|admin:10.1.0.15:15076|client:10.1.0.15:15075|dataStream:10.1.0.15:15078|priority:1|startupRole:FOLLOWER] returns group-FF6D5E61F6B2:java.util.concurrent.CompletableFuture@368acef0[Not completed]
2023-05-31 22:57:43,050 [d17261cb-7782-4d5f-ae0d-593ca4af9c73-groupManagement] INFO  server.RaftServer$Division (RaftServerImpl.java:setRole(329)) - d17261cb-7782-4d5f-ae0d-593ca4af9c73@group-DE68AEA7FC04: changes role from      null to FOLLOWER at term 0 for startAsFollower
2023-05-31 22:57:43,050 [d17261cb-7782-4d5f-ae0d-593ca4af9c73-groupManagement] INFO  impl.RoleInfo (RoleInfo.java:updateAndGet(139)) - d17261cb-7782-4d5f-ae0d-593ca4af9c73: start d17261cb-7782-4d5f-ae0d-593ca4af9c73@group-DE68AEA7FC04-FollowerState
2023-05-31 22:57:43,051 [667d9742-fdde-4102-a217-b966604d27c1-groupManagement] INFO  server.RaftServer$Division (RaftServerImpl.java:<init>(198)) - 667d9742-fdde-4102-a217-b966604d27c1: new RaftServerImpl for group-FF6D5E61F6B2:[7c39489c-1c03-44c3-8ed9-36ad43776b05|rpc:10.1.0.15:15086|admin:10.1.0.15:15085|client:10.1.0.15:15084|dataStream:10.1.0.15:15087|priority:0|startupRole:FOLLOWER, 667d9742-fdde-4102-a217-b966604d27c1|rpc:10.1.0.15:15068|admin:10.1.0.15:15067|client:10.1.0.15:15066|dataStream:10.1.0.15:15069|priority:0|startupRole:FOLLOWER, d17261cb-7782-4d5f-ae0d-593ca4af9c73|rpc:10.1.0.15:15077|admin:10.1.0.15:15076|client:10.1.0.15:15075|dataStream:10.1.0.15:15078|priority:1|startupRole:FOLLOWER] with ContainerStateMachine:uninitialized
2023-05-31 22:57:43,051 [667d9742-fdde-4102-a217-b966604d27c1-groupManagement] INFO  server.RaftServerConfigKeys (ConfUtils.java:logGet(46)) - raft.server.rpc.timeout.min = 5s (custom)
2023-05-31 22:57:43,051 [667d9742-fdde-4102-a217-b966604d27c1-groupManagement] INFO  server.RaftServerConfigKeys (ConfUtils.java:logGet(46)) - raft.server.rpc.timeout.max = 5200ms (custom)
2023-05-31 22:57:43,051 [667d9742-fdde-4102-a217-b966604d27c1-groupManagement] INFO  server.RaftServerConfigKeys (ConfUtils.java:logGet(46)) - raft.server.rpc.sleep.time = 25ms (default)
2023-05-31 22:57:43,051 [667d9742-fdde-4102-a217-b966604d27c1-groupManagement] INFO  server.RaftServerConfigKeys (ConfUtils.java:logGet(46)) - raft.server.rpc.slowness.timeout = 300s (custom)
2023-05-31 22:57:43,051 [667d9742-fdde-4102-a217-b966604d27c1-groupManagement] INFO  server.RaftServerConfigKeys (ConfUtils.java:logGet(46)) - raft.server.leaderelection.leader.step-down.wait-time = 10s (default)
2023-05-31 22:57:43,051 [667d9742-fdde-4102-a217-b966604d27c1-groupManagement] INFO  server.RaftServerConfigKeys (ConfUtils.java:logGet(46)) - raft.server.sleep.deviation.threshold = 300ms (default)
2023-05-31 22:57:43,051 [667d9742-fdde-4102-a217-b966604d27c1-groupManagement] INFO  server.RaftServer$Division (ServerState.java:<init>(120)) - 667d9742-fdde-4102-a217-b966604d27c1@group-FF6D5E61F6B2: ConfigurationManager, init=-1: peers:[7c39489c-1c03-44c3-8ed9-36ad43776b05|rpc:10.1.0.15:15086|admin:10.1.0.15:15085|client:10.1.0.15:15084|dataStream:10.1.0.15:15087|priority:0|startupRole:FOLLOWER, 667d9742-fdde-4102-a217-b966604d27c1|rpc:10.1.0.15:15068|admin:10.1.0.15:15067|client:10.1.0.15:15066|dataStream:10.1.0.15:15069|priority:0|startupRole:FOLLOWER, d17261cb-7782-4d5f-ae0d-593ca4af9c73|rpc:10.1.0.15:15077|admin:10.1.0.15:15076|client:10.1.0.15:15075|dataStream:10.1.0.15:15078|priority:1|startupRole:FOLLOWER]|listeners:[], old=null, confs=<EMPTY_MAP>
2023-05-31 22:57:43,052 [667d9742-fdde-4102-a217-b966604d27c1-groupManagement] INFO  server.RaftServerConfigKeys (ConfUtils.java:logGet(46)) - raft.server.storage.dir = [/home/runner/work/ozone/ozone/hadoop-ozone/integration-test/target/test-dir/MiniOzoneClusterImpl-816a41a7-5c89-4e8c-81ba-db0c8b26fb2d/datanode-6/data/ratis] (custom)
2023-05-31 22:57:43,052 [667d9742-fdde-4102-a217-b966604d27c1-groupManagement] INFO  server.RaftServerConfigKeys (ConfUtils.java:logGet(46)) - raft.server.log.corruption.policy = EXCEPTION (default)
2023-05-31 22:57:43,052 [667d9742-fdde-4102-a217-b966604d27c1-groupManagement] INFO  server.RaftServerConfigKeys (ConfUtils.java:logGet(46)) - raft.server.storage.free-space.min = 0MB (=0) (default)
2023-05-31 22:57:43,052 [667d9742-fdde-4102-a217-b966604d27c1-groupManagement] INFO  server.RaftServerConfigKeys (ConfUtils.java:logGet(46)) - raft.server.notification.no-leader.timeout = 300s (custom)
2023-05-31 22:57:43,052 [667d9742-fdde-4102-a217-b966604d27c1-groupManagement] INFO  server.RaftServerConfigKeys (ConfUtils.java:logGet(46)) - raft.server.read.timeout = 10s (default)
2023-05-31 22:57:43,052 [667d9742-fdde-4102-a217-b966604d27c1-groupManagement] INFO  server.RaftServerConfigKeys (ConfUtils.java:logGet(46)) - raft.server.retrycache.expirytime = 600000ms (custom)
2023-05-31 22:57:43,052 [667d9742-fdde-4102-a217-b966604d27c1-groupManagement] INFO  server.RaftServerConfigKeys (ConfUtils.java:logGet(46)) - raft.server.retrycache.statistics.expirytime = 100μs (default)
2023-05-31 22:57:43,052 [667d9742-fdde-4102-a217-b966604d27c1-groupManagement] INFO  server.RaftServerConfigKeys (ConfUtils.java:logGet(46)) - raft.server.read.option = DEFAULT (default)
2023-05-31 22:57:43,054 [667d9742-fdde-4102-a217-b966604d27c1-groupManagement] INFO  server.RaftServerConfigKeys (ConfUtils.java:logGet(46)) - raft.server.rpc.request.timeout = 60s (custom)
2023-05-31 22:57:43,054 [667d9742-fdde-4102-a217-b966604d27c1-groupManagement] INFO  server.RaftServerConfigKeys (ConfUtils.java:logGet(46)) - raft.server.log.appender.install.snapshot.enabled = false (custom)
2023-05-31 22:57:43,054 [667d9742-fdde-4102-a217-b966604d27c1-groupManagement] INFO  server.RaftServerConfigKeys (ConfUtils.java:logGet(46)) - raft.server.threadpool.server.cached = true (default)
2023-05-31 22:57:43,054 [667d9742-fdde-4102-a217-b966604d27c1-groupManagement] INFO  server.RaftServerConfigKeys (ConfUtils.java:logGet(46)) - raft.server.threadpool.server.size = 0 (default)
2023-05-31 22:57:43,054 [667d9742-fdde-4102-a217-b966604d27c1-groupManagement] INFO  server.RaftServerConfigKeys (ConfUtils.java:logGet(46)) - raft.server.threadpool.client.cached = true (default)
2023-05-31 22:57:43,054 [667d9742-fdde-4102-a217-b966604d27c1-groupManagement] INFO  server.RaftServerConfigKeys (ConfUtils.java:logGet(46)) - raft.server.threadpool.client.size = 0 (default)
2023-05-31 22:57:43,054 [667d9742-fdde-4102-a217-b966604d27c1-groupManagement] INFO  storage.RaftStorageDirectory (RaftStorageDirectoryImpl.java:analyzeStorage(137)) - The storage directory /home/runner/work/ozone/ozone/hadoop-ozone/integration-test/target/test-dir/MiniOzoneClusterImpl-816a41a7-5c89-4e8c-81ba-db0c8b26fb2d/datanode-6/data/ratis/dd5d4d4c-8b67-40a1-98a8-ff6d5e61f6b2 does not exist. Creating ...
2023-05-31 22:57:43,056 [d17261cb-7782-4d5f-ae0d-593ca4af9c73@group-DE68AEA7FC04-FollowerState] INFO  server.RaftServerConfigKeys (ConfUtils.java:logFallback(53)) - raft.server.rpc.first-election.timeout.min = 5s (fallback to raft.server.rpc.timeout.min)
2023-05-31 22:57:43,056 [d17261cb-7782-4d5f-ae0d-593ca4af9c73-groupManagement] INFO  util.JmxRegister (JmxRegister.java:tryRegister(44)) - Successfully registered JMX Bean with object name Ratis:service=RaftServer,group=group-DE68AEA7FC04,id=d17261cb-7782-4d5f-ae0d-593ca4af9c73
2023-05-31 22:57:43,056 [d17261cb-7782-4d5f-ae0d-593ca4af9c73-groupManagement] INFO  server.RaftServerConfigKeys (ConfUtils.java:logGet(46)) - raft.server.snapshot.auto.trigger.enabled = true (custom)
2023-05-31 22:57:43,056 [d17261cb-7782-4d5f-ae0d-593ca4af9c73-groupManagement] INFO  server.RaftServerConfigKeys (ConfUtils.java:logGet(46)) - raft.server.snapshot.auto.trigger.threshold = 10000 (custom)
2023-05-31 22:57:43,056 [d17261cb-7782-4d5f-ae0d-593ca4af9c73-groupManagement] INFO  server.RaftServerConfigKeys (ConfUtils.java:logGet(46)) - raft.server.snapshot.retention.file.num = 5 (custom)
2023-05-31 22:57:43,057 [d17261cb-7782-4d5f-ae0d-593ca4af9c73-groupManagement] INFO  server.RaftServerConfigKeys (ConfUtils.java:logGet(46)) - raft.server.log.purge.upto.snapshot.index = false (default)
2023-05-31 22:57:43,057 [667d9742-fdde-4102-a217-b966604d27c1-groupManagement] INFO  storage.RaftStorageDirectory (RaftStorageDirectoryImpl.java:tryLock(231)) - Lock on /home/runner/work/ozone/ozone/hadoop-ozone/integration-test/target/test-dir/MiniOzoneClusterImpl-816a41a7-5c89-4e8c-81ba-db0c8b26fb2d/datanode-6/data/ratis/dd5d4d4c-8b67-40a1-98a8-ff6d5e61f6b2/in_use.lock acquired by nodename 15007@fv-az844-56
2023-05-31 22:57:43,058 [d17261cb-7782-4d5f-ae0d-593ca4af9c73@group-DE68AEA7FC04-FollowerState] INFO  server.RaftServerConfigKeys (ConfUtils.java:logFallback(53)) - raft.server.rpc.first-election.timeout.max = 5200ms (fallback to raft.server.rpc.timeout.max)
2023-05-31 22:57:43,063 [PipelineCommandHandlerThread-0] INFO  ratis.XceiverServerRatis (XceiverServerRatis.java:addGroup(804)) - Created group PipelineID=265b3ebd-d575-4c7c-a0ce-de68aea7fc04
2023-05-31 22:57:43,063 [PipelineCommandHandlerThread-0] INFO  commandhandler.CreatePipelineCommandHandler (CreatePipelineCommandHandler.java:lambda$handle$2(124)) - Created Pipeline RATIS ONE PipelineID=265b3ebd-d575-4c7c-a0ce-de68aea7fc04.
2023-05-31 22:57:43,063 [PipelineCommandHandlerThread-0] INFO  server.RaftServer (RaftServerProxy.java:addNew(98)) - d17261cb-7782-4d5f-ae0d-593ca4af9c73: addNew group-FF6D5E61F6B2:[7c39489c-1c03-44c3-8ed9-36ad43776b05|rpc:10.1.0.15:15086|admin:10.1.0.15:15085|client:10.1.0.15:15084|dataStream:10.1.0.15:15087|priority:0|startupRole:FOLLOWER, 667d9742-fdde-4102-a217-b966604d27c1|rpc:10.1.0.15:15068|admin:10.1.0.15:15067|client:10.1.0.15:15066|dataStream:10.1.0.15:15069|priority:0|startupRole:FOLLOWER, d17261cb-7782-4d5f-ae0d-593ca4af9c73|rpc:10.1.0.15:15077|admin:10.1.0.15:15076|client:10.1.0.15:15075|dataStream:10.1.0.15:15078|priority:1|startupRole:FOLLOWER] returns group-FF6D5E61F6B2:java.util.concurrent.CompletableFuture@132deadb[Not completed]
2023-05-31 22:57:43,064 [667d9742-fdde-4102-a217-b966604d27c1-groupManagement] INFO  storage.RaftStorage (RaftStorageImpl.java:format(96)) - Storage directory /home/runner/work/ozone/ozone/hadoop-ozone/integration-test/target/test-dir/MiniOzoneClusterImpl-816a41a7-5c89-4e8c-81ba-db0c8b26fb2d/datanode-6/data/ratis/dd5d4d4c-8b67-40a1-98a8-ff6d5e61f6b2 has been successfully formatted.
2023-05-31 22:57:43,064 [d17261cb-7782-4d5f-ae0d-593ca4af9c73-groupManagement] INFO  server.RaftServer$Division (RaftServerImpl.java:<init>(198)) - d17261cb-7782-4d5f-ae0d-593ca4af9c73: new RaftServerImpl for group-FF6D5E61F6B2:[7c39489c-1c03-44c3-8ed9-36ad43776b05|rpc:10.1.0.15:15086|admin:10.1.0.15:15085|client:10.1.0.15:15084|dataStream:10.1.0.15:15087|priority:0|startupRole:FOLLOWER, 667d9742-fdde-4102-a217-b966604d27c1|rpc:10.1.0.15:15068|admin:10.1.0.15:15067|client:10.1.0.15:15066|dataStream:10.1.0.15:15069|priority:0|startupRole:FOLLOWER, d17261cb-7782-4d5f-ae0d-593ca4af9c73|rpc:10.1.0.15:15077|admin:10.1.0.15:15076|client:10.1.0.15:15075|dataStream:10.1.0.15:15078|priority:1|startupRole:FOLLOWER] with ContainerStateMachine:uninitialized
2023-05-31 22:57:43,065 [d17261cb-7782-4d5f-ae0d-593ca4af9c73-groupManagement] INFO  server.RaftServerConfigKeys (ConfUtils.java:logGet(46)) - raft.server.rpc.timeout.min = 5s (custom)
2023-05-31 22:57:43,065 [d17261cb-7782-4d5f-ae0d-593ca4af9c73-groupManagement] INFO  server.RaftServerConfigKeys (ConfUtils.java:logGet(46)) - raft.server.rpc.timeout.max = 5200ms (custom)
2023-05-31 22:57:43,065 [d17261cb-7782-4d5f-ae0d-593ca4af9c73-groupManagement] INFO  server.RaftServerConfigKeys (ConfUtils.java:logGet(46)) - raft.server.rpc.sleep.time = 25ms (default)
2023-05-31 22:57:43,065 [d17261cb-7782-4d5f-ae0d-593ca4af9c73-groupManagement] INFO  server.RaftServerConfigKeys (ConfUtils.java:logGet(46)) - raft.server.rpc.slowness.timeout = 300s (custom)
2023-05-31 22:57:43,065 [d17261cb-7782-4d5f-ae0d-593ca4af9c73-groupManagement] INFO  server.RaftServerConfigKeys (ConfUtils.java:logGet(46)) - raft.server.leaderelection.leader.step-down.wait-time = 10s (default)
2023-05-31 22:57:43,065 [d17261cb-7782-4d5f-ae0d-593ca4af9c73-groupManagement] INFO  server.RaftServerConfigKeys (ConfUtils.java:logGet(46)) - raft.server.sleep.deviation.threshold = 300ms (default)
2023-05-31 22:57:43,065 [d17261cb-7782-4d5f-ae0d-593ca4af9c73-groupManagement] INFO  server.RaftServer$Division (ServerState.java:<init>(120)) - d17261cb-7782-4d5f-ae0d-593ca4af9c73@group-FF6D5E61F6B2: ConfigurationManager, init=-1: peers:[7c39489c-1c03-44c3-8ed9-36ad43776b05|rpc:10.1.0.15:15086|admin:10.1.0.15:15085|client:10.1.0.15:15084|dataStream:10.1.0.15:15087|priority:0|startupRole:FOLLOWER, 667d9742-fdde-4102-a217-b966604d27c1|rpc:10.1.0.15:15068|admin:10.1.0.15:15067|client:10.1.0.15:15066|dataStream:10.1.0.15:15069|priority:0|startupRole:FOLLOWER, d17261cb-7782-4d5f-ae0d-593ca4af9c73|rpc:10.1.0.15:15077|admin:10.1.0.15:15076|client:10.1.0.15:15075|dataStream:10.1.0.15:15078|priority:1|startupRole:FOLLOWER]|listeners:[], old=null, confs=<EMPTY_MAP>
2023-05-31 22:57:43,065 [d17261cb-7782-4d5f-ae0d-593ca4af9c73-groupManagement] INFO  server.RaftServerConfigKeys (ConfUtils.java:logGet(46)) - raft.server.storage.dir = [/home/runner/work/ozone/ozone/hadoop-ozone/integration-test/target/test-dir/MiniOzoneClusterImpl-816a41a7-5c89-4e8c-81ba-db0c8b26fb2d/datanode-7/data/ratis] (custom)
2023-05-31 22:57:43,066 [d17261cb-7782-4d5f-ae0d-593ca4af9c73-groupManagement] INFO  server.RaftServerConfigKeys (ConfUtils.java:logGet(46)) - raft.server.log.corruption.policy = EXCEPTION (default)
2023-05-31 22:57:43,066 [d17261cb-7782-4d5f-ae0d-593ca4af9c73-groupManagement] INFO  server.RaftServerConfigKeys (ConfUtils.java:logGet(46)) - raft.server.storage.free-space.min = 0MB (=0) (default)
2023-05-31 22:57:43,066 [d17261cb-7782-4d5f-ae0d-593ca4af9c73-groupManagement] INFO  server.RaftServerConfigKeys (ConfUtils.java:logGet(46)) - raft.server.notification.no-leader.timeout = 300s (custom)
2023-05-31 22:57:43,066 [d17261cb-7782-4d5f-ae0d-593ca4af9c73-groupManagement] INFO  server.RaftServerConfigKeys (ConfUtils.java:logGet(46)) - raft.server.read.timeout = 10s (default)
2023-05-31 22:57:43,064 [667d9742-fdde-4102-a217-b966604d27c1-groupManagement] INFO  ratis.ContainerStateMachine (ContainerStateMachine.java:loadSnapshot(262)) - group-FF6D5E61F6B2: The snapshot info is null. Setting the last applied indexto:(t:0, i:~)
2023-05-31 22:57:43,068 [d17261cb-7782-4d5f-ae0d-593ca4af9c73-groupManagement] INFO  server.RaftServerConfigKeys (ConfUtils.java:logGet(46)) - raft.server.retrycache.expirytime = 600000ms (custom)
2023-05-31 22:57:43,066 [EventQueue-OpenPipelineForHealthyPipelineSafeModeRule] INFO  safemode.SCMSafeModeManager (HealthyPipelineSafeModeRule.java:process(137)) - SCM in safe mode. Healthy pipelines reported count is 0, required healthy pipeline reported count is 1
2023-05-31 22:57:43,068 [d17261cb-7782-4d5f-ae0d-593ca4af9c73-groupManagement] INFO  server.RaftServerConfigKeys (ConfUtils.java:logGet(46)) - raft.server.retrycache.statistics.expirytime = 100μs (default)
2023-05-31 22:57:43,068 [667d9742-fdde-4102-a217-b966604d27c1-groupManagement] INFO  server.RaftServerConfigKeys (ConfUtils.java:logGet(46)) - raft.server.log.use.memory = false (default)
2023-05-31 22:57:43,068 [667d9742-fdde-4102-a217-b966604d27c1-groupManagement] INFO  server.RaftServerConfigKeys (ConfUtils.java:logGet(46)) - raft.server.log.purge.gap = 1000000 (custom)
2023-05-31 22:57:43,068 [667d9742-fdde-4102-a217-b966604d27c1-groupManagement] INFO  server.RaftServerConfigKeys (ConfUtils.java:logGet(46)) - raft.server.log.appender.buffer.byte-limit = 33554432 (custom)
2023-05-31 22:57:43,068 [667d9742-fdde-4102-a217-b966604d27c1-groupManagement] INFO  server.RaftServerConfigKeys (ConfUtils.java:logGet(46)) - raft.server.log.statemachine.data.read.timeout = 1000ms (default)
2023-05-31 22:57:43,068 [667d9742-fdde-4102-a217-b966604d27c1-groupManagement] INFO  server.RaftServerConfigKeys (ConfUtils.java:logGet(46)) - raft.server.log.purge.preservation.log.num = 0 (default)
2023-05-31 22:57:43,069 [667d9742-fdde-4102-a217-b966604d27c1-groupManagement] INFO  server.RaftServerConfigKeys (ConfUtils.java:logGet(46)) - raft.server.log.segment.size.max = 1048576 (custom)
2023-05-31 22:57:43,069 [667d9742-fdde-4102-a217-b966604d27c1-groupManagement] INFO  server.RaftServerConfigKeys (ConfUtils.java:logGet(46)) - raft.server.log.segment.cache.num.max = 2 (custom)
2023-05-31 22:57:43,069 [667d9742-fdde-4102-a217-b966604d27c1-groupManagement] INFO  server.RaftServerConfigKeys (ConfUtils.java:logGet(46)) - raft.server.log.segment.cache.size.max = 200MB (=209715200) (default)
2023-05-31 22:57:43,069 [667d9742-fdde-4102-a217-b966604d27c1-groupManagement] INFO  server.RaftServerConfigKeys (ConfUtils.java:logGet(46)) - raft.server.log.appender.buffer.byte-limit = 33554432 (custom)
2023-05-31 22:57:43,069 [667d9742-fdde-4102-a217-b966604d27c1-groupManagement] INFO  segmented.SegmentedRaftLogWorker (SegmentedRaftLogWorker.java:<init>(188)) - new 667d9742-fdde-4102-a217-b966604d27c1@group-FF6D5E61F6B2-SegmentedRaftLogWorker for RaftStorageImpl:Storage Directory /home/runner/work/ozone/ozone/hadoop-ozone/integration-test/target/test-dir/MiniOzoneClusterImpl-816a41a7-5c89-4e8c-81ba-db0c8b26fb2d/datanode-6/data/ratis/dd5d4d4c-8b67-40a1-98a8-ff6d5e61f6b2
2023-05-31 22:57:43,069 [667d9742-fdde-4102-a217-b966604d27c1-groupManagement] INFO  server.RaftServerConfigKeys (ConfUtils.java:logGet(46)) - raft.server.log.queue.byte-limit = 4294967296 (custom)
2023-05-31 22:57:43,070 [667d9742-fdde-4102-a217-b966604d27c1-groupManagement] INFO  server.RaftServerConfigKeys (ConfUtils.java:logGet(46)) - raft.server.log.queue.element-limit = 1024 (custom)
2023-05-31 22:57:43,070 [667d9742-fdde-4102-a217-b966604d27c1-groupManagement] INFO  server.RaftServerConfigKeys (ConfUtils.java:logGet(46)) - raft.server.log.segment.size.max = 1048576 (custom)
2023-05-31 22:57:43,070 [667d9742-fdde-4102-a217-b966604d27c1-groupManagement] INFO  server.RaftServerConfigKeys (ConfUtils.java:logGet(46)) - raft.server.log.preallocated.size = 16384 (custom)
2023-05-31 22:57:43,068 [d17261cb-7782-4d5f-ae0d-593ca4af9c73-groupManagement] INFO  server.RaftServerConfigKeys (ConfUtils.java:logGet(46)) - raft.server.read.option = DEFAULT (default)
2023-05-31 22:57:43,070 [667d9742-fdde-4102-a217-b966604d27c1-groupManagement] INFO  server.RaftServerConfigKeys (ConfUtils.java:logGet(46)) - raft.server.log.force.sync.num = 128 (default)
2023-05-31 22:57:43,070 [667d9742-fdde-4102-a217-b966604d27c1-groupManagement] INFO  server.RaftServerConfigKeys (ConfUtils.java:logGet(46)) - raft.server.log.statemachine.data.sync = true (default)
2023-05-31 22:57:43,070 [667d9742-fdde-4102-a217-b966604d27c1-groupManagement] INFO  server.RaftServerConfigKeys (ConfUtils.java:logGet(46)) - raft.server.log.statemachine.data.sync.timeout = 10s (default)
2023-05-31 22:57:43,070 [667d9742-fdde-4102-a217-b966604d27c1-groupManagement] INFO  server.RaftServerConfigKeys (ConfUtils.java:logGet(46)) - raft.server.log.statemachine.data.sync.timeout.retry = -1 (default)
2023-05-31 22:57:43,074 [d17261cb-7782-4d5f-ae0d-593ca4af9c73-groupManagement] INFO  server.RaftServerConfigKeys (ConfUtils.java:logGet(46)) - raft.server.rpc.request.timeout = 60s (custom)
2023-05-31 22:57:43,074 [d17261cb-7782-4d5f-ae0d-593ca4af9c73-groupManagement] INFO  server.RaftServerConfigKeys (ConfUtils.java:logGet(46)) - raft.server.log.appender.install.snapshot.enabled = false (custom)
2023-05-31 22:57:43,074 [d17261cb-7782-4d5f-ae0d-593ca4af9c73-groupManagement] INFO  server.RaftServerConfigKeys (ConfUtils.java:logGet(46)) - raft.server.threadpool.server.cached = true (default)
2023-05-31 22:57:43,074 [d17261cb-7782-4d5f-ae0d-593ca4af9c73-groupManagement] INFO  server.RaftServerConfigKeys (ConfUtils.java:logGet(46)) - raft.server.threadpool.server.size = 0 (default)
2023-05-31 22:57:43,074 [667d9742-fdde-4102-a217-b966604d27c1-groupManagement] INFO  server.RaftServerConfigKeys (ConfUtils.java:logGet(46)) - raft.server.log.write.buffer.size = 1048576 (custom)
2023-05-31 22:57:43,074 [d17261cb-7782-4d5f-ae0d-593ca4af9c73-groupManagement] INFO  server.RaftServerConfigKeys (ConfUtils.java:logGet(46)) - raft.server.threadpool.client.cached = true (default)
2023-05-31 22:57:43,075 [d17261cb-7782-4d5f-ae0d-593ca4af9c73-groupManagement] INFO  server.RaftServerConfigKeys (ConfUtils.java:logGet(46)) - raft.server.threadpool.client.size = 0 (default)
2023-05-31 22:57:43,075 [d17261cb-7782-4d5f-ae0d-593ca4af9c73-groupManagement] INFO  storage.RaftStorageDirectory (RaftStorageDirectoryImpl.java:analyzeStorage(137)) - The storage directory /home/runner/work/ozone/ozone/hadoop-ozone/integration-test/target/test-dir/MiniOzoneClusterImpl-816a41a7-5c89-4e8c-81ba-db0c8b26fb2d/datanode-7/data/ratis/dd5d4d4c-8b67-40a1-98a8-ff6d5e61f6b2 does not exist. Creating ...
2023-05-31 22:57:43,075 [667d9742-fdde-4102-a217-b966604d27c1-groupManagement] INFO  server.RaftServerConfigKeys (ConfUtils.java:logGet(46)) - raft.server.log.appender.buffer.byte-limit = 33554432 (custom)
2023-05-31 22:57:43,076 [d17261cb-7782-4d5f-ae0d-593ca4af9c73-groupManagement] INFO  storage.RaftStorageDirectory (RaftStorageDirectoryImpl.java:tryLock(231)) - Lock on /home/runner/work/ozone/ozone/hadoop-ozone/integration-test/target/test-dir/MiniOzoneClusterImpl-816a41a7-5c89-4e8c-81ba-db0c8b26fb2d/datanode-7/data/ratis/dd5d4d4c-8b67-40a1-98a8-ff6d5e61f6b2/in_use.lock acquired by nodename 15007@fv-az844-56
2023-05-31 22:57:43,078 [d17261cb-7782-4d5f-ae0d-593ca4af9c73-groupManagement] INFO  storage.RaftStorage (RaftStorageImpl.java:format(96)) - Storage directory /home/runner/work/ozone/ozone/hadoop-ozone/integration-test/target/test-dir/MiniOzoneClusterImpl-816a41a7-5c89-4e8c-81ba-db0c8b26fb2d/datanode-7/data/ratis/dd5d4d4c-8b67-40a1-98a8-ff6d5e61f6b2 has been successfully formatted.
2023-05-31 22:57:43,082 [667d9742-fdde-4102-a217-b966604d27c1-groupManagement] INFO  server.RaftServerConfigKeys (ConfUtils.java:logGet(46)) - raft.server.log.unsafe-flush.enabled = false (default)
2023-05-31 22:57:43,082 [667d9742-fdde-4102-a217-b966604d27c1-groupManagement] INFO  server.RaftServerConfigKeys (ConfUtils.java:logGet(46)) - raft.server.log.async-flush.enabled = false (default)
2023-05-31 22:57:43,082 [667d9742-fdde-4102-a217-b966604d27c1-groupManagement] INFO  server.RaftServerConfigKeys (ConfUtils.java:logGet(46)) - raft.server.log.statemachine.data.caching.enabled = true (custom)
2023-05-31 22:57:43,082 [667d9742-fdde-4102-a217-b966604d27c1-groupManagement] INFO  segmented.SegmentedRaftLogWorker (SegmentedRaftLogWorker.java:lambda$new$0(135)) - 667d9742-fdde-4102-a217-b966604d27c1@group-FF6D5E61F6B2-SegmentedRaftLogWorker: flushIndex: setUnconditionally 0 -> -1
2023-05-31 22:57:43,082 [667d9742-fdde-4102-a217-b966604d27c1-groupManagement] INFO  segmented.SegmentedRaftLogWorker (SegmentedRaftLogWorker.java:lambda$new$0(135)) - 667d9742-fdde-4102-a217-b966604d27c1@group-FF6D5E61F6B2-SegmentedRaftLogWorker: safeCacheEvictIndex: setUnconditionally 0 -> -1
2023-05-31 22:57:43,083 [d17261cb-7782-4d5f-ae0d-593ca4af9c73-groupManagement] INFO  ratis.ContainerStateMachine (ContainerStateMachine.java:loadSnapshot(262)) - group-FF6D5E61F6B2: The snapshot info is null. Setting the last applied indexto:(t:0, i:~)
2023-05-31 22:57:43,083 [d17261cb-7782-4d5f-ae0d-593ca4af9c73-groupManagement] INFO  server.RaftServerConfigKeys (ConfUtils.java:logGet(46)) - raft.server.log.use.memory = false (default)
2023-05-31 22:57:43,083 [d17261cb-7782-4d5f-ae0d-593ca4af9c73-groupManagement] INFO  server.RaftServerConfigKeys (ConfUtils.java:logGet(46)) - raft.server.log.purge.gap = 1000000 (custom)
2023-05-31 22:57:43,083 [d17261cb-7782-4d5f-ae0d-593ca4af9c73-groupManagement] INFO  server.RaftServerConfigKeys (ConfUtils.java:logGet(46)) - raft.server.log.appender.buffer.byte-limit = 33554432 (custom)
2023-05-31 22:57:43,083 [d17261cb-7782-4d5f-ae0d-593ca4af9c73-groupManagement] INFO  server.RaftServerConfigKeys (ConfUtils.java:logGet(46)) - raft.server.log.statemachine.data.read.timeout = 1000ms (default)
2023-05-31 22:57:43,083 [d17261cb-7782-4d5f-ae0d-593ca4af9c73-groupManagement] INFO  server.RaftServerConfigKeys (ConfUtils.java:logGet(46)) - raft.server.log.purge.preservation.log.num = 0 (default)
2023-05-31 22:57:43,085 [EventQueue-OpenPipelineForHealthyPipelineSafeModeRule] INFO  safemode.SCMSafeModeManager (HealthyPipelineSafeModeRule.java:process(137)) - SCM in safe mode. Healthy pipelines reported count is 0, required healthy pipeline reported count is 1
2023-05-31 22:57:43,086 [d17261cb-7782-4d5f-ae0d-593ca4af9c73-groupManagement] INFO  server.RaftServerConfigKeys (ConfUtils.java:logGet(46)) - raft.server.log.segment.size.max = 1048576 (custom)
2023-05-31 22:57:43,086 [d17261cb-7782-4d5f-ae0d-593ca4af9c73-groupManagement] INFO  server.RaftServerConfigKeys (ConfUtils.java:logGet(46)) - raft.server.log.segment.cache.num.max = 2 (custom)
2023-05-31 22:57:43,086 [d17261cb-7782-4d5f-ae0d-593ca4af9c73-groupManagement] INFO  server.RaftServerConfigKeys (ConfUtils.java:logGet(46)) - raft.server.log.segment.cache.size.max = 200MB (=209715200) (default)
2023-05-31 22:57:43,086 [d17261cb-7782-4d5f-ae0d-593ca4af9c73-groupManagement] INFO  server.RaftServerConfigKeys (ConfUtils.java:logGet(46)) - raft.server.log.appender.buffer.byte-limit = 33554432 (custom)
2023-05-31 22:57:43,087 [d17261cb-7782-4d5f-ae0d-593ca4af9c73-groupManagement] INFO  segmented.SegmentedRaftLogWorker (SegmentedRaftLogWorker.java:<init>(188)) - new d17261cb-7782-4d5f-ae0d-593ca4af9c73@group-FF6D5E61F6B2-SegmentedRaftLogWorker for RaftStorageImpl:Storage Directory /home/runner/work/ozone/ozone/hadoop-ozone/integration-test/target/test-dir/MiniOzoneClusterImpl-816a41a7-5c89-4e8c-81ba-db0c8b26fb2d/datanode-7/data/ratis/dd5d4d4c-8b67-40a1-98a8-ff6d5e61f6b2
2023-05-31 22:57:43,087 [d17261cb-7782-4d5f-ae0d-593ca4af9c73-groupManagement] INFO  server.RaftServerConfigKeys (ConfUtils.java:logGet(46)) - raft.server.log.queue.byte-limit = 4294967296 (custom)
2023-05-31 22:57:43,087 [d17261cb-7782-4d5f-ae0d-593ca4af9c73-groupManagement] INFO  server.RaftServerConfigKeys (ConfUtils.java:logGet(46)) - raft.server.log.queue.element-limit = 1024 (custom)
2023-05-31 22:57:43,087 [d17261cb-7782-4d5f-ae0d-593ca4af9c73-groupManagement] INFO  server.RaftServerConfigKeys (ConfUtils.java:logGet(46)) - raft.server.log.segment.size.max = 1048576 (custom)
2023-05-31 22:57:43,087 [d17261cb-7782-4d5f-ae0d-593ca4af9c73-groupManagement] INFO  server.RaftServerConfigKeys (ConfUtils.java:logGet(46)) - raft.server.log.preallocated.size = 16384 (custom)
2023-05-31 22:57:43,087 [d17261cb-7782-4d5f-ae0d-593ca4af9c73-groupManagement] INFO  server.RaftServerConfigKeys (ConfUtils.java:logGet(46)) - raft.server.log.force.sync.num = 128 (default)
2023-05-31 22:57:43,087 [d17261cb-7782-4d5f-ae0d-593ca4af9c73-groupManagement] INFO  server.RaftServerConfigKeys (ConfUtils.java:logGet(46)) - raft.server.log.statemachine.data.sync = true (default)
2023-05-31 22:57:43,087 [d17261cb-7782-4d5f-ae0d-593ca4af9c73-groupManagement] INFO  server.RaftServerConfigKeys (ConfUtils.java:logGet(46)) - raft.server.log.statemachine.data.sync.timeout = 10s (default)
2023-05-31 22:57:43,087 [d17261cb-7782-4d5f-ae0d-593ca4af9c73-groupManagement] INFO  server.RaftServerConfigKeys (ConfUtils.java:logGet(46)) - raft.server.log.statemachine.data.sync.timeout.retry = -1 (default)
2023-05-31 22:57:43,088 [d17261cb-7782-4d5f-ae0d-593ca4af9c73-groupManagement] INFO  server.RaftServerConfigKeys (ConfUtils.java:logGet(46)) - raft.server.log.write.buffer.size = 1048576 (custom)
2023-05-31 22:57:43,089 [d17261cb-7782-4d5f-ae0d-593ca4af9c73-groupManagement] INFO  server.RaftServerConfigKeys (ConfUtils.java:logGet(46)) - raft.server.log.appender.buffer.byte-limit = 33554432 (custom)
2023-05-31 22:57:43,090 [667d9742-fdde-4102-a217-b966604d27c1-groupManagement] INFO  server.RaftServer$Division (RaftServerImpl.java:start(342)) - 667d9742-fdde-4102-a217-b966604d27c1@group-FF6D5E61F6B2: start as a follower, conf=-1: peers:[7c39489c-1c03-44c3-8ed9-36ad43776b05|rpc:10.1.0.15:15086|admin:10.1.0.15:15085|client:10.1.0.15:15084|dataStream:10.1.0.15:15087|priority:0|startupRole:FOLLOWER, 667d9742-fdde-4102-a217-b966604d27c1|rpc:10.1.0.15:15068|admin:10.1.0.15:15067|client:10.1.0.15:15066|dataStream:10.1.0.15:15069|priority:0|startupRole:FOLLOWER, d17261cb-7782-4d5f-ae0d-593ca4af9c73|rpc:10.1.0.15:15077|admin:10.1.0.15:15076|client:10.1.0.15:15075|dataStream:10.1.0.15:15078|priority:1|startupRole:FOLLOWER]|listeners:[], old=null
2023-05-31 22:57:43,090 [667d9742-fdde-4102-a217-b966604d27c1-groupManagement] INFO  server.RaftServer$Division (RaftServerImpl.java:setRole(329)) - 667d9742-fdde-4102-a217-b966604d27c1@group-FF6D5E61F6B2: changes role from      null to FOLLOWER at term 0 for startAsFollower
2023-05-31 22:57:43,090 [667d9742-fdde-4102-a217-b966604d27c1-groupManagement] INFO  impl.RoleInfo (RoleInfo.java:updateAndGet(139)) - 667d9742-fdde-4102-a217-b966604d27c1: start 667d9742-fdde-4102-a217-b966604d27c1@group-FF6D5E61F6B2-FollowerState
2023-05-31 22:57:43,094 [667d9742-fdde-4102-a217-b966604d27c1-groupManagement] INFO  util.JmxRegister (JmxRegister.java:tryRegister(44)) - Successfully registered JMX Bean with object name Ratis:service=RaftServer,group=group-FF6D5E61F6B2,id=667d9742-fdde-4102-a217-b966604d27c1
2023-05-31 22:57:43,094 [667d9742-fdde-4102-a217-b966604d27c1-groupManagement] INFO  server.RaftServerConfigKeys (ConfUtils.java:logGet(46)) - raft.server.snapshot.auto.trigger.enabled = true (custom)
2023-05-31 22:57:43,094 [667d9742-fdde-4102-a217-b966604d27c1-groupManagement] INFO  server.RaftServerConfigKeys (ConfUtils.java:logGet(46)) - raft.server.snapshot.auto.trigger.threshold = 10000 (custom)
2023-05-31 22:57:43,094 [667d9742-fdde-4102-a217-b966604d27c1-groupManagement] INFO  server.RaftServerConfigKeys (ConfUtils.java:logGet(46)) - raft.server.snapshot.retention.file.num = 5 (custom)
2023-05-31 22:57:43,094 [667d9742-fdde-4102-a217-b966604d27c1-groupManagement] INFO  server.RaftServerConfigKeys (ConfUtils.java:logGet(46)) - raft.server.log.purge.upto.snapshot.index = false (default)
2023-05-31 22:57:43,095 [d17261cb-7782-4d5f-ae0d-593ca4af9c73-groupManagement] INFO  server.RaftServerConfigKeys (ConfUtils.java:logGet(46)) - raft.server.log.unsafe-flush.enabled = false (default)
2023-05-31 22:57:43,095 [d17261cb-7782-4d5f-ae0d-593ca4af9c73-groupManagement] INFO  server.RaftServerConfigKeys (ConfUtils.java:logGet(46)) - raft.server.log.async-flush.enabled = false (default)
2023-05-31 22:57:43,095 [d17261cb-7782-4d5f-ae0d-593ca4af9c73-groupManagement] INFO  server.RaftServerConfigKeys (ConfUtils.java:logGet(46)) - raft.server.log.statemachine.data.caching.enabled = true (custom)
2023-05-31 22:57:43,095 [d17261cb-7782-4d5f-ae0d-593ca4af9c73-groupManagement] INFO  segmented.SegmentedRaftLogWorker (SegmentedRaftLogWorker.java:lambda$new$0(135)) - d17261cb-7782-4d5f-ae0d-593ca4af9c73@group-FF6D5E61F6B2-SegmentedRaftLogWorker: flushIndex: setUnconditionally 0 -> -1
2023-05-31 22:57:43,095 [d17261cb-7782-4d5f-ae0d-593ca4af9c73-groupManagement] INFO  segmented.SegmentedRaftLogWorker (SegmentedRaftLogWorker.java:lambda$new$0(135)) - d17261cb-7782-4d5f-ae0d-593ca4af9c73@group-FF6D5E61F6B2-SegmentedRaftLogWorker: safeCacheEvictIndex: setUnconditionally 0 -> -1
2023-05-31 22:57:43,095 [667d9742-fdde-4102-a217-b966604d27c1@group-FF6D5E61F6B2-FollowerState] INFO  server.RaftServerConfigKeys (ConfUtils.java:logFallback(53)) - raft.server.rpc.first-election.timeout.min = 5s (fallback to raft.server.rpc.timeout.min)
2023-05-31 22:57:43,095 [667d9742-fdde-4102-a217-b966604d27c1@group-FF6D5E61F6B2-FollowerState] INFO  server.RaftServerConfigKeys (ConfUtils.java:logFallback(53)) - raft.server.rpc.first-election.timeout.max = 5200ms (fallback to raft.server.rpc.timeout.max)
2023-05-31 22:57:43,096 [PipelineCommandHandlerThread-0] INFO  ratis.XceiverServerRatis (XceiverServerRatis.java:addGroup(804)) - Created group PipelineID=dd5d4d4c-8b67-40a1-98a8-ff6d5e61f6b2
2023-05-31 22:57:43,096 [d17261cb-7782-4d5f-ae0d-593ca4af9c73-groupManagement] INFO  server.RaftServer$Division (RaftServerImpl.java:start(342)) - d17261cb-7782-4d5f-ae0d-593ca4af9c73@group-FF6D5E61F6B2: start as a follower, conf=-1: peers:[7c39489c-1c03-44c3-8ed9-36ad43776b05|rpc:10.1.0.15:15086|admin:10.1.0.15:15085|client:10.1.0.15:15084|dataStream:10.1.0.15:15087|priority:0|startupRole:FOLLOWER, 667d9742-fdde-4102-a217-b966604d27c1|rpc:10.1.0.15:15068|admin:10.1.0.15:15067|client:10.1.0.15:15066|dataStream:10.1.0.15:15069|priority:0|startupRole:FOLLOWER, d17261cb-7782-4d5f-ae0d-593ca4af9c73|rpc:10.1.0.15:15077|admin:10.1.0.15:15076|client:10.1.0.15:15075|dataStream:10.1.0.15:15078|priority:1|startupRole:FOLLOWER]|listeners:[], old=null
2023-05-31 22:57:43,096 [d17261cb-7782-4d5f-ae0d-593ca4af9c73-groupManagement] INFO  server.RaftServer$Division (RaftServerImpl.java:setRole(329)) - d17261cb-7782-4d5f-ae0d-593ca4af9c73@group-FF6D5E61F6B2: changes role from      null to FOLLOWER at term 0 for startAsFollower
2023-05-31 22:57:43,096 [d17261cb-7782-4d5f-ae0d-593ca4af9c73-groupManagement] INFO  impl.RoleInfo (RoleInfo.java:updateAndGet(139)) - d17261cb-7782-4d5f-ae0d-593ca4af9c73: start d17261cb-7782-4d5f-ae0d-593ca4af9c73@group-FF6D5E61F6B2-FollowerState
2023-05-31 22:57:43,097 [d17261cb-7782-4d5f-ae0d-593ca4af9c73-groupManagement] INFO  util.JmxRegister (JmxRegister.java:tryRegister(44)) - Successfully registered JMX Bean with object name Ratis:service=RaftServer,group=group-FF6D5E61F6B2,id=d17261cb-7782-4d5f-ae0d-593ca4af9c73
2023-05-31 22:57:43,097 [d17261cb-7782-4d5f-ae0d-593ca4af9c73-groupManagement] INFO  server.RaftServerConfigKeys (ConfUtils.java:logGet(46)) - raft.server.snapshot.auto.trigger.enabled = true (custom)
2023-05-31 22:57:43,097 [d17261cb-7782-4d5f-ae0d-593ca4af9c73-groupManagement] INFO  server.RaftServerConfigKeys (ConfUtils.java:logGet(46)) - raft.server.snapshot.auto.trigger.threshold = 10000 (custom)
2023-05-31 22:57:43,097 [d17261cb-7782-4d5f-ae0d-593ca4af9c73-groupManagement] INFO  server.RaftServerConfigKeys (ConfUtils.java:logGet(46)) - raft.server.snapshot.retention.file.num = 5 (custom)
2023-05-31 22:57:43,097 [d17261cb-7782-4d5f-ae0d-593ca4af9c73-groupManagement] INFO  server.RaftServerConfigKeys (ConfUtils.java:logGet(46)) - raft.server.log.purge.upto.snapshot.index = false (default)
2023-05-31 22:57:43,103 [d17261cb-7782-4d5f-ae0d-593ca4af9c73@group-FF6D5E61F6B2-FollowerState] INFO  server.RaftServerConfigKeys (ConfUtils.java:logFallback(53)) - raft.server.rpc.first-election.timeout.min = 5s (fallback to raft.server.rpc.timeout.min)
2023-05-31 22:57:43,104 [d17261cb-7782-4d5f-ae0d-593ca4af9c73@group-FF6D5E61F6B2-FollowerState] INFO  server.RaftServerConfigKeys (ConfUtils.java:logFallback(53)) - raft.server.rpc.first-election.timeout.max = 5200ms (fallback to raft.server.rpc.timeout.max)
2023-05-31 22:57:43,104 [PipelineCommandHandlerThread-0] INFO  ratis.XceiverServerRatis (XceiverServerRatis.java:addGroup(804)) - Created group PipelineID=dd5d4d4c-8b67-40a1-98a8-ff6d5e61f6b2
2023-05-31 22:57:43,110 [grpc-default-executor-0] INFO  server.RaftServer (RaftServerProxy.java:addNew(98)) - 7c39489c-1c03-44c3-8ed9-36ad43776b05: addNew group-FF6D5E61F6B2:[7c39489c-1c03-44c3-8ed9-36ad43776b05|rpc:10.1.0.15:15086|admin:10.1.0.15:15085|client:10.1.0.15:15084|dataStream:10.1.0.15:15087|priority:0|startupRole:FOLLOWER, 667d9742-fdde-4102-a217-b966604d27c1|rpc:10.1.0.15:15068|admin:10.1.0.15:15067|client:10.1.0.15:15066|dataStream:10.1.0.15:15069|priority:0|startupRole:FOLLOWER, d17261cb-7782-4d5f-ae0d-593ca4af9c73|rpc:10.1.0.15:15077|admin:10.1.0.15:15076|client:10.1.0.15:15075|dataStream:10.1.0.15:15078|priority:1|startupRole:FOLLOWER] returns group-FF6D5E61F6B2:java.util.concurrent.CompletableFuture@7c583a4d[Not completed]
2023-05-31 22:57:43,111 [7c39489c-1c03-44c3-8ed9-36ad43776b05-groupManagement] INFO  server.RaftServer$Division (RaftServerImpl.java:<init>(198)) - 7c39489c-1c03-44c3-8ed9-36ad43776b05: new RaftServerImpl for group-FF6D5E61F6B2:[7c39489c-1c03-44c3-8ed9-36ad43776b05|rpc:10.1.0.15:15086|admin:10.1.0.15:15085|client:10.1.0.15:15084|dataStream:10.1.0.15:15087|priority:0|startupRole:FOLLOWER, 667d9742-fdde-4102-a217-b966604d27c1|rpc:10.1.0.15:15068|admin:10.1.0.15:15067|client:10.1.0.15:15066|dataStream:10.1.0.15:15069|priority:0|startupRole:FOLLOWER, d17261cb-7782-4d5f-ae0d-593ca4af9c73|rpc:10.1.0.15:15077|admin:10.1.0.15:15076|client:10.1.0.15:15075|dataStream:10.1.0.15:15078|priority:1|startupRole:FOLLOWER] with ContainerStateMachine:uninitialized
2023-05-31 22:57:43,111 [7c39489c-1c03-44c3-8ed9-36ad43776b05-groupManagement] INFO  server.RaftServerConfigKeys (ConfUtils.java:logGet(46)) - raft.server.rpc.timeout.min = 5s (custom)
2023-05-31 22:57:43,111 [7c39489c-1c03-44c3-8ed9-36ad43776b05-groupManagement] INFO  server.RaftServerConfigKeys (ConfUtils.java:logGet(46)) - raft.server.rpc.timeout.max = 5200ms (custom)
2023-05-31 22:57:43,112 [7c39489c-1c03-44c3-8ed9-36ad43776b05-groupManagement] INFO  server.RaftServerConfigKeys (ConfUtils.java:logGet(46)) - raft.server.rpc.sleep.time = 25ms (default)
2023-05-31 22:57:43,112 [7c39489c-1c03-44c3-8ed9-36ad43776b05-groupManagement] INFO  server.RaftServerConfigKeys (ConfUtils.java:logGet(46)) - raft.server.rpc.slowness.timeout = 300s (custom)
2023-05-31 22:57:43,112 [7c39489c-1c03-44c3-8ed9-36ad43776b05-groupManagement] INFO  server.RaftServerConfigKeys (ConfUtils.java:logGet(46)) - raft.server.leaderelection.leader.step-down.wait-time = 10s (default)
2023-05-31 22:57:43,112 [7c39489c-1c03-44c3-8ed9-36ad43776b05-groupManagement] INFO  server.RaftServerConfigKeys (ConfUtils.java:logGet(46)) - raft.server.sleep.deviation.threshold = 300ms (default)
2023-05-31 22:57:43,112 [7c39489c-1c03-44c3-8ed9-36ad43776b05-groupManagement] INFO  server.RaftServer$Division (ServerState.java:<init>(120)) - 7c39489c-1c03-44c3-8ed9-36ad43776b05@group-FF6D5E61F6B2: ConfigurationManager, init=-1: peers:[7c39489c-1c03-44c3-8ed9-36ad43776b05|rpc:10.1.0.15:15086|admin:10.1.0.15:15085|client:10.1.0.15:15084|dataStream:10.1.0.15:15087|priority:0|startupRole:FOLLOWER, 667d9742-fdde-4102-a217-b966604d27c1|rpc:10.1.0.15:15068|admin:10.1.0.15:15067|client:10.1.0.15:15066|dataStream:10.1.0.15:15069|priority:0|startupRole:FOLLOWER, d17261cb-7782-4d5f-ae0d-593ca4af9c73|rpc:10.1.0.15:15077|admin:10.1.0.15:15076|client:10.1.0.15:15075|dataStream:10.1.0.15:15078|priority:1|startupRole:FOLLOWER]|listeners:[], old=null, confs=<EMPTY_MAP>
2023-05-31 22:57:43,112 [7c39489c-1c03-44c3-8ed9-36ad43776b05-groupManagement] INFO  server.RaftServerConfigKeys (ConfUtils.java:logGet(46)) - raft.server.storage.dir = [/home/runner/work/ozone/ozone/hadoop-ozone/integration-test/target/test-dir/MiniOzoneClusterImpl-816a41a7-5c89-4e8c-81ba-db0c8b26fb2d/datanode-8/data/ratis] (custom)
2023-05-31 22:57:43,112 [7c39489c-1c03-44c3-8ed9-36ad43776b05-groupManagement] INFO  server.RaftServerConfigKeys (ConfUtils.java:logGet(46)) - raft.server.log.corruption.policy = EXCEPTION (default)
2023-05-31 22:57:43,113 [7c39489c-1c03-44c3-8ed9-36ad43776b05-groupManagement] INFO  server.RaftServerConfigKeys (ConfUtils.java:logGet(46)) - raft.server.storage.free-space.min = 0MB (=0) (default)
2023-05-31 22:57:43,113 [7c39489c-1c03-44c3-8ed9-36ad43776b05-groupManagement] INFO  server.RaftServerConfigKeys (ConfUtils.java:logGet(46)) - raft.server.notification.no-leader.timeout = 300s (custom)
2023-05-31 22:57:43,113 [7c39489c-1c03-44c3-8ed9-36ad43776b05-groupManagement] INFO  server.RaftServerConfigKeys (ConfUtils.java:logGet(46)) - raft.server.read.timeout = 10s (default)
2023-05-31 22:57:43,113 [7c39489c-1c03-44c3-8ed9-36ad43776b05-groupManagement] INFO  server.RaftServerConfigKeys (ConfUtils.java:logGet(46)) - raft.server.retrycache.expirytime = 600000ms (custom)
2023-05-31 22:57:43,113 [7c39489c-1c03-44c3-8ed9-36ad43776b05-groupManagement] INFO  server.RaftServerConfigKeys (ConfUtils.java:logGet(46)) - raft.server.retrycache.statistics.expirytime = 100μs (default)
2023-05-31 22:57:43,113 [7c39489c-1c03-44c3-8ed9-36ad43776b05-groupManagement] INFO  server.RaftServerConfigKeys (ConfUtils.java:logGet(46)) - raft.server.read.option = DEFAULT (default)
2023-05-31 22:57:43,115 [7c39489c-1c03-44c3-8ed9-36ad43776b05-groupManagement] INFO  server.RaftServerConfigKeys (ConfUtils.java:logGet(46)) - raft.server.rpc.request.timeout = 60s (custom)
2023-05-31 22:57:43,115 [7c39489c-1c03-44c3-8ed9-36ad43776b05-groupManagement] INFO  server.RaftServerConfigKeys (ConfUtils.java:logGet(46)) - raft.server.log.appender.install.snapshot.enabled = false (custom)
2023-05-31 22:57:43,115 [7c39489c-1c03-44c3-8ed9-36ad43776b05-groupManagement] INFO  server.RaftServerConfigKeys (ConfUtils.java:logGet(46)) - raft.server.threadpool.server.cached = true (default)
2023-05-31 22:57:43,115 [7c39489c-1c03-44c3-8ed9-36ad43776b05-groupManagement] INFO  server.RaftServerConfigKeys (ConfUtils.java:logGet(46)) - raft.server.threadpool.server.size = 0 (default)
2023-05-31 22:57:43,116 [7c39489c-1c03-44c3-8ed9-36ad43776b05-groupManagement] INFO  server.RaftServerConfigKeys (ConfUtils.java:logGet(46)) - raft.server.threadpool.client.cached = true (default)
2023-05-31 22:57:43,116 [7c39489c-1c03-44c3-8ed9-36ad43776b05-groupManagement] INFO  server.RaftServerConfigKeys (ConfUtils.java:logGet(46)) - raft.server.threadpool.client.size = 0 (default)
2023-05-31 22:57:43,116 [7c39489c-1c03-44c3-8ed9-36ad43776b05-groupManagement] INFO  storage.RaftStorageDirectory (RaftStorageDirectoryImpl.java:analyzeStorage(137)) - The storage directory /home/runner/work/ozone/ozone/hadoop-ozone/integration-test/target/test-dir/MiniOzoneClusterImpl-816a41a7-5c89-4e8c-81ba-db0c8b26fb2d/datanode-8/data/ratis/dd5d4d4c-8b67-40a1-98a8-ff6d5e61f6b2 does not exist. Creating ...
2023-05-31 22:57:43,133 [7c39489c-1c03-44c3-8ed9-36ad43776b05-groupManagement] INFO  storage.RaftStorageDirectory (RaftStorageDirectoryImpl.java:tryLock(231)) - Lock on /home/runner/work/ozone/ozone/hadoop-ozone/integration-test/target/test-dir/MiniOzoneClusterImpl-816a41a7-5c89-4e8c-81ba-db0c8b26fb2d/datanode-8/data/ratis/dd5d4d4c-8b67-40a1-98a8-ff6d5e61f6b2/in_use.lock acquired by nodename 15007@fv-az844-56
2023-05-31 22:57:43,135 [7c39489c-1c03-44c3-8ed9-36ad43776b05-groupManagement] INFO  storage.RaftStorage (RaftStorageImpl.java:format(96)) - Storage directory /home/runner/work/ozone/ozone/hadoop-ozone/integration-test/target/test-dir/MiniOzoneClusterImpl-816a41a7-5c89-4e8c-81ba-db0c8b26fb2d/datanode-8/data/ratis/dd5d4d4c-8b67-40a1-98a8-ff6d5e61f6b2 has been successfully formatted.
2023-05-31 22:57:43,136 [7c39489c-1c03-44c3-8ed9-36ad43776b05-groupManagement] INFO  ratis.ContainerStateMachine (ContainerStateMachine.java:loadSnapshot(262)) - group-FF6D5E61F6B2: The snapshot info is null. Setting the last applied indexto:(t:0, i:~)
2023-05-31 22:57:43,136 [7c39489c-1c03-44c3-8ed9-36ad43776b05-groupManagement] INFO  server.RaftServerConfigKeys (ConfUtils.java:logGet(46)) - raft.server.log.use.memory = false (default)
2023-05-31 22:57:43,138 [7c39489c-1c03-44c3-8ed9-36ad43776b05-groupManagement] INFO  server.RaftServerConfigKeys (ConfUtils.java:logGet(46)) - raft.server.log.purge.gap = 1000000 (custom)
2023-05-31 22:57:43,138 [7c39489c-1c03-44c3-8ed9-36ad43776b05-groupManagement] INFO  server.RaftServerConfigKeys (ConfUtils.java:logGet(46)) - raft.server.log.appender.buffer.byte-limit = 33554432 (custom)
2023-05-31 22:57:43,138 [7c39489c-1c03-44c3-8ed9-36ad43776b05-groupManagement] INFO  server.RaftServerConfigKeys (ConfUtils.java:logGet(46)) - raft.server.log.statemachine.data.read.timeout = 1000ms (default)
2023-05-31 22:57:43,138 [7c39489c-1c03-44c3-8ed9-36ad43776b05-groupManagement] INFO  server.RaftServerConfigKeys (ConfUtils.java:logGet(46)) - raft.server.log.purge.preservation.log.num = 0 (default)
2023-05-31 22:57:43,140 [7c39489c-1c03-44c3-8ed9-36ad43776b05-groupManagement] INFO  server.RaftServerConfigKeys (ConfUtils.java:logGet(46)) - raft.server.log.segment.size.max = 1048576 (custom)
2023-05-31 22:57:43,140 [7c39489c-1c03-44c3-8ed9-36ad43776b05-groupManagement] INFO  server.RaftServerConfigKeys (ConfUtils.java:logGet(46)) - raft.server.log.segment.cache.num.max = 2 (custom)
2023-05-31 22:57:43,140 [7c39489c-1c03-44c3-8ed9-36ad43776b05-groupManagement] INFO  server.RaftServerConfigKeys (ConfUtils.java:logGet(46)) - raft.server.log.segment.cache.size.max = 200MB (=209715200) (default)
2023-05-31 22:57:43,140 [7c39489c-1c03-44c3-8ed9-36ad43776b05-groupManagement] INFO  server.RaftServerConfigKeys (ConfUtils.java:logGet(46)) - raft.server.log.appender.buffer.byte-limit = 33554432 (custom)
2023-05-31 22:57:43,140 [7c39489c-1c03-44c3-8ed9-36ad43776b05-groupManagement] INFO  segmented.SegmentedRaftLogWorker (SegmentedRaftLogWorker.java:<init>(188)) - new 7c39489c-1c03-44c3-8ed9-36ad43776b05@group-FF6D5E61F6B2-SegmentedRaftLogWorker for RaftStorageImpl:Storage Directory /home/runner/work/ozone/ozone/hadoop-ozone/integration-test/target/test-dir/MiniOzoneClusterImpl-816a41a7-5c89-4e8c-81ba-db0c8b26fb2d/datanode-8/data/ratis/dd5d4d4c-8b67-40a1-98a8-ff6d5e61f6b2
2023-05-31 22:57:43,140 [7c39489c-1c03-44c3-8ed9-36ad43776b05-groupManagement] INFO  server.RaftServerConfigKeys (ConfUtils.java:logGet(46)) - raft.server.log.queue.byte-limit = 4294967296 (custom)
2023-05-31 22:57:43,141 [7c39489c-1c03-44c3-8ed9-36ad43776b05-groupManagement] INFO  server.RaftServerConfigKeys (ConfUtils.java:logGet(46)) - raft.server.log.queue.element-limit = 1024 (custom)
2023-05-31 22:57:43,142 [7c39489c-1c03-44c3-8ed9-36ad43776b05-groupManagement] INFO  server.RaftServerConfigKeys (ConfUtils.java:logGet(46)) - raft.server.log.segment.size.max = 1048576 (custom)
2023-05-31 22:57:43,145 [7c39489c-1c03-44c3-8ed9-36ad43776b05-groupManagement] INFO  server.RaftServerConfigKeys (ConfUtils.java:logGet(46)) - raft.server.log.preallocated.size = 16384 (custom)
2023-05-31 22:57:43,145 [7c39489c-1c03-44c3-8ed9-36ad43776b05-groupManagement] INFO  server.RaftServerConfigKeys (ConfUtils.java:logGet(46)) - raft.server.log.force.sync.num = 128 (default)
2023-05-31 22:57:43,145 [7c39489c-1c03-44c3-8ed9-36ad43776b05-groupManagement] INFO  server.RaftServerConfigKeys (ConfUtils.java:logGet(46)) - raft.server.log.statemachine.data.sync = true (default)
2023-05-31 22:57:43,145 [7c39489c-1c03-44c3-8ed9-36ad43776b05-groupManagement] INFO  server.RaftServerConfigKeys (ConfUtils.java:logGet(46)) - raft.server.log.statemachine.data.sync.timeout = 10s (default)
2023-05-31 22:57:43,145 [7c39489c-1c03-44c3-8ed9-36ad43776b05-groupManagement] INFO  server.RaftServerConfigKeys (ConfUtils.java:logGet(46)) - raft.server.log.statemachine.data.sync.timeout.retry = -1 (default)
2023-05-31 22:57:43,146 [7c39489c-1c03-44c3-8ed9-36ad43776b05-groupManagement] INFO  server.RaftServerConfigKeys (ConfUtils.java:logGet(46)) - raft.server.log.write.buffer.size = 1048576 (custom)
2023-05-31 22:57:43,149 [7c39489c-1c03-44c3-8ed9-36ad43776b05-groupManagement] INFO  server.RaftServerConfigKeys (ConfUtils.java:logGet(46)) - raft.server.log.appender.buffer.byte-limit = 33554432 (custom)
2023-05-31 22:57:43,159 [7c39489c-1c03-44c3-8ed9-36ad43776b05-groupManagement] INFO  server.RaftServerConfigKeys (ConfUtils.java:logGet(46)) - raft.server.log.unsafe-flush.enabled = false (default)
2023-05-31 22:57:43,159 [7c39489c-1c03-44c3-8ed9-36ad43776b05-groupManagement] INFO  server.RaftServerConfigKeys (ConfUtils.java:logGet(46)) - raft.server.log.async-flush.enabled = false (default)
2023-05-31 22:57:43,160 [7c39489c-1c03-44c3-8ed9-36ad43776b05-groupManagement] INFO  server.RaftServerConfigKeys (ConfUtils.java:logGet(46)) - raft.server.log.statemachine.data.caching.enabled = true (custom)
2023-05-31 22:57:43,160 [7c39489c-1c03-44c3-8ed9-36ad43776b05-groupManagement] INFO  segmented.SegmentedRaftLogWorker (SegmentedRaftLogWorker.java:lambda$new$0(135)) - 7c39489c-1c03-44c3-8ed9-36ad43776b05@group-FF6D5E61F6B2-SegmentedRaftLogWorker: flushIndex: setUnconditionally 0 -> -1
2023-05-31 22:57:43,160 [7c39489c-1c03-44c3-8ed9-36ad43776b05-groupManagement] INFO  segmented.SegmentedRaftLogWorker (SegmentedRaftLogWorker.java:lambda$new$0(135)) - 7c39489c-1c03-44c3-8ed9-36ad43776b05@group-FF6D5E61F6B2-SegmentedRaftLogWorker: safeCacheEvictIndex: setUnconditionally 0 -> -1
2023-05-31 22:57:43,160 [7c39489c-1c03-44c3-8ed9-36ad43776b05-groupManagement] INFO  server.RaftServer$Division (RaftServerImpl.java:start(342)) - 7c39489c-1c03-44c3-8ed9-36ad43776b05@group-FF6D5E61F6B2: start as a follower, conf=-1: peers:[7c39489c-1c03-44c3-8ed9-36ad43776b05|rpc:10.1.0.15:15086|admin:10.1.0.15:15085|client:10.1.0.15:15084|dataStream:10.1.0.15:15087|priority:0|startupRole:FOLLOWER, 667d9742-fdde-4102-a217-b966604d27c1|rpc:10.1.0.15:15068|admin:10.1.0.15:15067|client:10.1.0.15:15066|dataStream:10.1.0.15:15069|priority:0|startupRole:FOLLOWER, d17261cb-7782-4d5f-ae0d-593ca4af9c73|rpc:10.1.0.15:15077|admin:10.1.0.15:15076|client:10.1.0.15:15075|dataStream:10.1.0.15:15078|priority:1|startupRole:FOLLOWER]|listeners:[], old=null
2023-05-31 22:57:43,160 [7c39489c-1c03-44c3-8ed9-36ad43776b05-groupManagement] INFO  server.RaftServer$Division (RaftServerImpl.java:setRole(329)) - 7c39489c-1c03-44c3-8ed9-36ad43776b05@group-FF6D5E61F6B2: changes role from      null to FOLLOWER at term 0 for startAsFollower
2023-05-31 22:57:43,160 [7c39489c-1c03-44c3-8ed9-36ad43776b05-groupManagement] INFO  impl.RoleInfo (RoleInfo.java:updateAndGet(139)) - 7c39489c-1c03-44c3-8ed9-36ad43776b05: start 7c39489c-1c03-44c3-8ed9-36ad43776b05@group-FF6D5E61F6B2-FollowerState
2023-05-31 22:57:43,161 [7c39489c-1c03-44c3-8ed9-36ad43776b05-groupManagement] INFO  util.JmxRegister (JmxRegister.java:tryRegister(44)) - Successfully registered JMX Bean with object name Ratis:service=RaftServer,group=group-FF6D5E61F6B2,id=7c39489c-1c03-44c3-8ed9-36ad43776b05
2023-05-31 22:57:43,161 [7c39489c-1c03-44c3-8ed9-36ad43776b05-groupManagement] INFO  server.RaftServerConfigKeys (ConfUtils.java:logGet(46)) - raft.server.snapshot.auto.trigger.enabled = true (custom)
2023-05-31 22:57:43,161 [7c39489c-1c03-44c3-8ed9-36ad43776b05-groupManagement] INFO  server.RaftServerConfigKeys (ConfUtils.java:logGet(46)) - raft.server.snapshot.auto.trigger.threshold = 10000 (custom)
2023-05-31 22:57:43,161 [7c39489c-1c03-44c3-8ed9-36ad43776b05-groupManagement] INFO  server.RaftServerConfigKeys (ConfUtils.java:logGet(46)) - raft.server.snapshot.retention.file.num = 5 (custom)
2023-05-31 22:57:43,161 [7c39489c-1c03-44c3-8ed9-36ad43776b05-groupManagement] INFO  server.RaftServerConfigKeys (ConfUtils.java:logGet(46)) - raft.server.log.purge.upto.snapshot.index = false (default)
2023-05-31 22:57:43,163 [7c39489c-1c03-44c3-8ed9-36ad43776b05@group-FF6D5E61F6B2-FollowerState] INFO  server.RaftServerConfigKeys (ConfUtils.java:logFallback(53)) - raft.server.rpc.first-election.timeout.min = 5s (fallback to raft.server.rpc.timeout.min)
2023-05-31 22:57:43,163 [7c39489c-1c03-44c3-8ed9-36ad43776b05@group-FF6D5E61F6B2-FollowerState] INFO  server.RaftServerConfigKeys (ConfUtils.java:logFallback(53)) - raft.server.rpc.first-election.timeout.max = 5200ms (fallback to raft.server.rpc.timeout.max)
2023-05-31 22:57:43,238 [PipelineCommandHandlerThread-0] INFO  commandhandler.CreatePipelineCommandHandler (CreatePipelineCommandHandler.java:lambda$handle$2(124)) - Created Pipeline RATIS THREE PipelineID=dd5d4d4c-8b67-40a1-98a8-ff6d5e61f6b2.
2023-05-31 22:57:43,247 [PipelineCommandHandlerThread-0] INFO  commandhandler.CreatePipelineCommandHandler (CreatePipelineCommandHandler.java:lambda$handle$2(124)) - Created Pipeline RATIS THREE PipelineID=dd5d4d4c-8b67-40a1-98a8-ff6d5e61f6b2.
2023-05-31 22:57:43,253 [7c39489c-1c03-44c3-8ed9-36ad43776b05-groupManagement] INFO  server.RaftServer$Division (RaftServerImpl.java:<init>(198)) - 7c39489c-1c03-44c3-8ed9-36ad43776b05: new RaftServerImpl for group-BF5453753914:[7c39489c-1c03-44c3-8ed9-36ad43776b05|rpc:10.1.0.15:15086|admin:10.1.0.15:15085|client:10.1.0.15:15084|dataStream:10.1.0.15:15087|priority:1|startupRole:FOLLOWER] with ContainerStateMachine:uninitialized
2023-05-31 22:57:43,253 [7c39489c-1c03-44c3-8ed9-36ad43776b05-groupManagement] INFO  server.RaftServerConfigKeys (ConfUtils.java:logGet(46)) - raft.server.rpc.timeout.min = 5s (custom)
2023-05-31 22:57:43,253 [7c39489c-1c03-44c3-8ed9-36ad43776b05-groupManagement] INFO  server.RaftServerConfigKeys (ConfUtils.java:logGet(46)) - raft.server.rpc.timeout.max = 5200ms (custom)
2023-05-31 22:57:43,253 [7c39489c-1c03-44c3-8ed9-36ad43776b05-groupManagement] INFO  server.RaftServerConfigKeys (ConfUtils.java:logGet(46)) - raft.server.rpc.sleep.time = 25ms (default)
2023-05-31 22:57:43,253 [7c39489c-1c03-44c3-8ed9-36ad43776b05-groupManagement] INFO  server.RaftServerConfigKeys (ConfUtils.java:logGet(46)) - raft.server.rpc.slowness.timeout = 300s (custom)
2023-05-31 22:57:43,254 [7c39489c-1c03-44c3-8ed9-36ad43776b05-groupManagement] INFO  server.RaftServerConfigKeys (ConfUtils.java:logGet(46)) - raft.server.leaderelection.leader.step-down.wait-time = 10s (default)
2023-05-31 22:57:43,254 [7c39489c-1c03-44c3-8ed9-36ad43776b05-groupManagement] INFO  server.RaftServerConfigKeys (ConfUtils.java:logGet(46)) - raft.server.sleep.deviation.threshold = 300ms (default)
2023-05-31 22:57:43,254 [7c39489c-1c03-44c3-8ed9-36ad43776b05-groupManagement] INFO  server.RaftServer$Division (ServerState.java:<init>(120)) - 7c39489c-1c03-44c3-8ed9-36ad43776b05@group-BF5453753914: ConfigurationManager, init=-1: peers:[7c39489c-1c03-44c3-8ed9-36ad43776b05|rpc:10.1.0.15:15086|admin:10.1.0.15:15085|client:10.1.0.15:15084|dataStream:10.1.0.15:15087|priority:1|startupRole:FOLLOWER]|listeners:[], old=null, confs=<EMPTY_MAP>
2023-05-31 22:57:43,254 [7c39489c-1c03-44c3-8ed9-36ad43776b05-groupManagement] INFO  server.RaftServerConfigKeys (ConfUtils.java:logGet(46)) - raft.server.storage.dir = [/home/runner/work/ozone/ozone/hadoop-ozone/integration-test/target/test-dir/MiniOzoneClusterImpl-816a41a7-5c89-4e8c-81ba-db0c8b26fb2d/datanode-8/data/ratis] (custom)
2023-05-31 22:57:43,254 [7c39489c-1c03-44c3-8ed9-36ad43776b05-groupManagement] INFO  server.RaftServerConfigKeys (ConfUtils.java:logGet(46)) - raft.server.log.corruption.policy = EXCEPTION (default)
2023-05-31 22:57:43,254 [7c39489c-1c03-44c3-8ed9-36ad43776b05-groupManagement] INFO  server.RaftServerConfigKeys (ConfUtils.java:logGet(46)) - raft.server.storage.free-space.min = 0MB (=0) (default)
2023-05-31 22:57:43,254 [7c39489c-1c03-44c3-8ed9-36ad43776b05-groupManagement] INFO  server.RaftServerConfigKeys (ConfUtils.java:logGet(46)) - raft.server.notification.no-leader.timeout = 300s (custom)
2023-05-31 22:57:43,254 [7c39489c-1c03-44c3-8ed9-36ad43776b05-groupManagement] INFO  server.RaftServerConfigKeys (ConfUtils.java:logGet(46)) - raft.server.read.timeout = 10s (default)
2023-05-31 22:57:43,254 [7c39489c-1c03-44c3-8ed9-36ad43776b05-groupManagement] INFO  server.RaftServerConfigKeys (ConfUtils.java:logGet(46)) - raft.server.retrycache.expirytime = 600000ms (custom)
2023-05-31 22:57:43,255 [7c39489c-1c03-44c3-8ed9-36ad43776b05-groupManagement] INFO  server.RaftServerConfigKeys (ConfUtils.java:logGet(46)) - raft.server.retrycache.statistics.expirytime = 100μs (default)
2023-05-31 22:57:43,255 [7c39489c-1c03-44c3-8ed9-36ad43776b05-groupManagement] INFO  server.RaftServerConfigKeys (ConfUtils.java:logGet(46)) - raft.server.read.option = DEFAULT (default)
2023-05-31 22:57:43,256 [7c39489c-1c03-44c3-8ed9-36ad43776b05-groupManagement] INFO  server.RaftServerConfigKeys (ConfUtils.java:logGet(46)) - raft.server.rpc.request.timeout = 60s (custom)
2023-05-31 22:57:43,256 [7c39489c-1c03-44c3-8ed9-36ad43776b05-groupManagement] INFO  server.RaftServerConfigKeys (ConfUtils.java:logGet(46)) - raft.server.log.appender.install.snapshot.enabled = false (custom)
2023-05-31 22:57:43,256 [7c39489c-1c03-44c3-8ed9-36ad43776b05-groupManagement] INFO  server.RaftServerConfigKeys (ConfUtils.java:logGet(46)) - raft.server.threadpool.server.cached = true (default)
2023-05-31 22:57:43,256 [7c39489c-1c03-44c3-8ed9-36ad43776b05-groupManagement] INFO  server.RaftServerConfigKeys (ConfUtils.java:logGet(46)) - raft.server.threadpool.server.size = 0 (default)
2023-05-31 22:57:43,256 [7c39489c-1c03-44c3-8ed9-36ad43776b05-groupManagement] INFO  server.RaftServerConfigKeys (ConfUtils.java:logGet(46)) - raft.server.threadpool.client.cached = true (default)
2023-05-31 22:57:43,256 [7c39489c-1c03-44c3-8ed9-36ad43776b05-groupManagement] INFO  server.RaftServerConfigKeys (ConfUtils.java:logGet(46)) - raft.server.threadpool.client.size = 0 (default)
2023-05-31 22:57:43,257 [PipelineCommandHandlerThread-0] INFO  server.RaftServer (RaftServerProxy.java:addNew(98)) - 7c39489c-1c03-44c3-8ed9-36ad43776b05: addNew group-BF5453753914:[7c39489c-1c03-44c3-8ed9-36ad43776b05|rpc:10.1.0.15:15086|admin:10.1.0.15:15085|client:10.1.0.15:15084|dataStream:10.1.0.15:15087|priority:1|startupRole:FOLLOWER] returns      null 7c39489c-1c03-44c3-8ed9-36ad43776b05@group-BF5453753914:t0, leader=null, voted=null, raftlog=UNINITIALIZED, conf=-1: peers:[7c39489c-1c03-44c3-8ed9-36ad43776b05|rpc:10.1.0.15:15086|admin:10.1.0.15:15085|client:10.1.0.15:15084|dataStream:10.1.0.15:15087|priority:1|startupRole:FOLLOWER]|listeners:[], old=null NEW
2023-05-31 22:57:43,258 [7c39489c-1c03-44c3-8ed9-36ad43776b05-groupManagement] INFO  storage.RaftStorageDirectory (RaftStorageDirectoryImpl.java:analyzeStorage(137)) - The storage directory /home/runner/work/ozone/ozone/hadoop-ozone/integration-test/target/test-dir/MiniOzoneClusterImpl-816a41a7-5c89-4e8c-81ba-db0c8b26fb2d/datanode-8/data/ratis/84125185-0773-4eb4-a4bf-bf5453753914 does not exist. Creating ...
2023-05-31 22:57:43,259 [7c39489c-1c03-44c3-8ed9-36ad43776b05-groupManagement] INFO  storage.RaftStorageDirectory (RaftStorageDirectoryImpl.java:tryLock(231)) - Lock on /home/runner/work/ozone/ozone/hadoop-ozone/integration-test/target/test-dir/MiniOzoneClusterImpl-816a41a7-5c89-4e8c-81ba-db0c8b26fb2d/datanode-8/data/ratis/84125185-0773-4eb4-a4bf-bf5453753914/in_use.lock acquired by nodename 15007@fv-az844-56
2023-05-31 22:57:43,260 [7c39489c-1c03-44c3-8ed9-36ad43776b05-groupManagement] INFO  storage.RaftStorage (RaftStorageImpl.java:format(96)) - Storage directory /home/runner/work/ozone/ozone/hadoop-ozone/integration-test/target/test-dir/MiniOzoneClusterImpl-816a41a7-5c89-4e8c-81ba-db0c8b26fb2d/datanode-8/data/ratis/84125185-0773-4eb4-a4bf-bf5453753914 has been successfully formatted.
2023-05-31 22:57:43,263 [EventQueue-PipelineReportForPipelineReportHandler] INFO  pipeline.PipelineManagerImpl (PipelineManagerImpl.java:openPipeline(367)) - Pipeline Pipeline[ Id: 84125185-0773-4eb4-a4bf-bf5453753914, Nodes: 7c39489c-1c03-44c3-8ed9-36ad43776b05(fv-az844-56.kvdfyhrxhd0epk3sa4trub4njc.xx.internal.cloudapp.net/10.1.0.15), ReplicationConfig: RATIS/ONE, State:ALLOCATED, leaderId:7c39489c-1c03-44c3-8ed9-36ad43776b05, CreationTimestamp2023-05-31T22:57:40.256Z[Etc/UTC]] moved to OPEN state
2023-05-31 22:57:43,264 [EventQueue-OpenPipelineForHealthyPipelineSafeModeRule] INFO  safemode.SCMSafeModeManager (HealthyPipelineSafeModeRule.java:process(137)) - SCM in safe mode. Healthy pipelines reported count is 0, required healthy pipeline reported count is 1
2023-05-31 22:57:43,264 [7c39489c-1c03-44c3-8ed9-36ad43776b05-groupManagement] INFO  ratis.ContainerStateMachine (ContainerStateMachine.java:loadSnapshot(262)) - group-BF5453753914: The snapshot info is null. Setting the last applied indexto:(t:0, i:~)
2023-05-31 22:57:43,264 [7c39489c-1c03-44c3-8ed9-36ad43776b05-groupManagement] INFO  server.RaftServerConfigKeys (ConfUtils.java:logGet(46)) - raft.server.log.use.memory = false (default)
2023-05-31 22:57:43,264 [7c39489c-1c03-44c3-8ed9-36ad43776b05-groupManagement] INFO  server.RaftServerConfigKeys (ConfUtils.java:logGet(46)) - raft.server.log.purge.gap = 1000000 (custom)
2023-05-31 22:57:43,265 [7c39489c-1c03-44c3-8ed9-36ad43776b05-groupManagement] INFO  server.RaftServerConfigKeys (ConfUtils.java:logGet(46)) - raft.server.log.appender.buffer.byte-limit = 33554432 (custom)
2023-05-31 22:57:43,265 [7c39489c-1c03-44c3-8ed9-36ad43776b05-groupManagement] INFO  server.RaftServerConfigKeys (ConfUtils.java:logGet(46)) - raft.server.log.statemachine.data.read.timeout = 1000ms (default)
2023-05-31 22:57:43,265 [7c39489c-1c03-44c3-8ed9-36ad43776b05-groupManagement] INFO  server.RaftServerConfigKeys (ConfUtils.java:logGet(46)) - raft.server.log.purge.preservation.log.num = 0 (default)
2023-05-31 22:57:43,265 [7c39489c-1c03-44c3-8ed9-36ad43776b05-groupManagement] INFO  server.RaftServerConfigKeys (ConfUtils.java:logGet(46)) - raft.server.log.segment.size.max = 1048576 (custom)
2023-05-31 22:57:43,266 [7c39489c-1c03-44c3-8ed9-36ad43776b05-groupManagement] INFO  server.RaftServerConfigKeys (ConfUtils.java:logGet(46)) - raft.server.log.segment.cache.num.max = 2 (custom)
2023-05-31 22:57:43,267 [7c39489c-1c03-44c3-8ed9-36ad43776b05-groupManagement] INFO  server.RaftServerConfigKeys (ConfUtils.java:logGet(46)) - raft.server.log.segment.cache.size.max = 200MB (=209715200) (default)
2023-05-31 22:57:43,267 [7c39489c-1c03-44c3-8ed9-36ad43776b05-groupManagement] INFO  server.RaftServerConfigKeys (ConfUtils.java:logGet(46)) - raft.server.log.appender.buffer.byte-limit = 33554432 (custom)
2023-05-31 22:57:43,267 [7c39489c-1c03-44c3-8ed9-36ad43776b05-groupManagement] INFO  segmented.SegmentedRaftLogWorker (SegmentedRaftLogWorker.java:<init>(188)) - new 7c39489c-1c03-44c3-8ed9-36ad43776b05@group-BF5453753914-SegmentedRaftLogWorker for RaftStorageImpl:Storage Directory /home/runner/work/ozone/ozone/hadoop-ozone/integration-test/target/test-dir/MiniOzoneClusterImpl-816a41a7-5c89-4e8c-81ba-db0c8b26fb2d/datanode-8/data/ratis/84125185-0773-4eb4-a4bf-bf5453753914
2023-05-31 22:57:43,267 [7c39489c-1c03-44c3-8ed9-36ad43776b05-groupManagement] INFO  server.RaftServerConfigKeys (ConfUtils.java:logGet(46)) - raft.server.log.queue.byte-limit = 4294967296 (custom)
2023-05-31 22:57:43,267 [7c39489c-1c03-44c3-8ed9-36ad43776b05-groupManagement] INFO  server.RaftServerConfigKeys (ConfUtils.java:logGet(46)) - raft.server.log.queue.element-limit = 1024 (custom)
2023-05-31 22:57:43,267 [7c39489c-1c03-44c3-8ed9-36ad43776b05-groupManagement] INFO  server.RaftServerConfigKeys (ConfUtils.java:logGet(46)) - raft.server.log.segment.size.max = 1048576 (custom)
2023-05-31 22:57:43,267 [7c39489c-1c03-44c3-8ed9-36ad43776b05-groupManagement] INFO  server.RaftServerConfigKeys (ConfUtils.java:logGet(46)) - raft.server.log.preallocated.size = 16384 (custom)
2023-05-31 22:57:43,267 [7c39489c-1c03-44c3-8ed9-36ad43776b05-groupManagement] INFO  server.RaftServerConfigKeys (ConfUtils.java:logGet(46)) - raft.server.log.force.sync.num = 128 (default)
2023-05-31 22:57:43,267 [7c39489c-1c03-44c3-8ed9-36ad43776b05-groupManagement] INFO  server.RaftServerConfigKeys (ConfUtils.java:logGet(46)) - raft.server.log.statemachine.data.sync = true (default)
2023-05-31 22:57:43,267 [7c39489c-1c03-44c3-8ed9-36ad43776b05-groupManagement] INFO  server.RaftServerConfigKeys (ConfUtils.java:logGet(46)) - raft.server.log.statemachine.data.sync.timeout = 10s (default)
2023-05-31 22:57:43,267 [7c39489c-1c03-44c3-8ed9-36ad43776b05-groupManagement] INFO  server.RaftServerConfigKeys (ConfUtils.java:logGet(46)) - raft.server.log.statemachine.data.sync.timeout.retry = -1 (default)
2023-05-31 22:57:43,269 [7c39489c-1c03-44c3-8ed9-36ad43776b05-groupManagement] INFO  server.RaftServerConfigKeys (ConfUtils.java:logGet(46)) - raft.server.log.write.buffer.size = 1048576 (custom)
2023-05-31 22:57:43,270 [7c39489c-1c03-44c3-8ed9-36ad43776b05-groupManagement] INFO  server.RaftServerConfigKeys (ConfUtils.java:logGet(46)) - raft.server.log.appender.buffer.byte-limit = 33554432 (custom)
2023-05-31 22:57:43,275 [7c39489c-1c03-44c3-8ed9-36ad43776b05-groupManagement] INFO  server.RaftServerConfigKeys (ConfUtils.java:logGet(46)) - raft.server.log.unsafe-flush.enabled = false (default)
2023-05-31 22:57:43,275 [7c39489c-1c03-44c3-8ed9-36ad43776b05-groupManagement] INFO  server.RaftServerConfigKeys (ConfUtils.java:logGet(46)) - raft.server.log.async-flush.enabled = false (default)
2023-05-31 22:57:43,275 [7c39489c-1c03-44c3-8ed9-36ad43776b05-groupManagement] INFO  server.RaftServerConfigKeys (ConfUtils.java:logGet(46)) - raft.server.log.statemachine.data.caching.enabled = true (custom)
2023-05-31 22:57:43,276 [7c39489c-1c03-44c3-8ed9-36ad43776b05-groupManagement] INFO  segmented.SegmentedRaftLogWorker (SegmentedRaftLogWorker.java:lambda$new$0(135)) - 7c39489c-1c03-44c3-8ed9-36ad43776b05@group-BF5453753914-SegmentedRaftLogWorker: flushIndex: setUnconditionally 0 -> -1
2023-05-31 22:57:43,276 [7c39489c-1c03-44c3-8ed9-36ad43776b05-groupManagement] INFO  segmented.SegmentedRaftLogWorker (SegmentedRaftLogWorker.java:lambda$new$0(135)) - 7c39489c-1c03-44c3-8ed9-36ad43776b05@group-BF5453753914-SegmentedRaftLogWorker: safeCacheEvictIndex: setUnconditionally 0 -> -1
2023-05-31 22:57:43,278 [7c39489c-1c03-44c3-8ed9-36ad43776b05-groupManagement] INFO  server.RaftServer$Division (RaftServerImpl.java:start(342)) - 7c39489c-1c03-44c3-8ed9-36ad43776b05@group-BF5453753914: start as a follower, conf=-1: peers:[7c39489c-1c03-44c3-8ed9-36ad43776b05|rpc:10.1.0.15:15086|admin:10.1.0.15:15085|client:10.1.0.15:15084|dataStream:10.1.0.15:15087|priority:1|startupRole:FOLLOWER]|listeners:[], old=null
2023-05-31 22:57:43,278 [7c39489c-1c03-44c3-8ed9-36ad43776b05-groupManagement] INFO  server.RaftServer$Division (RaftServerImpl.java:setRole(329)) - 7c39489c-1c03-44c3-8ed9-36ad43776b05@group-BF5453753914: changes role from      null to FOLLOWER at term 0 for startAsFollower
2023-05-31 22:57:43,278 [7c39489c-1c03-44c3-8ed9-36ad43776b05-groupManagement] INFO  impl.RoleInfo (RoleInfo.java:updateAndGet(139)) - 7c39489c-1c03-44c3-8ed9-36ad43776b05: start 7c39489c-1c03-44c3-8ed9-36ad43776b05@group-BF5453753914-FollowerState
2023-05-31 22:57:43,281 [7c39489c-1c03-44c3-8ed9-36ad43776b05-groupManagement] INFO  util.JmxRegister (JmxRegister.java:tryRegister(44)) - Successfully registered JMX Bean with object name Ratis:service=RaftServer,group=group-BF5453753914,id=7c39489c-1c03-44c3-8ed9-36ad43776b05
2023-05-31 22:57:43,281 [7c39489c-1c03-44c3-8ed9-36ad43776b05-groupManagement] INFO  server.RaftServerConfigKeys (ConfUtils.java:logGet(46)) - raft.server.snapshot.auto.trigger.enabled = true (custom)
2023-05-31 22:57:43,281 [7c39489c-1c03-44c3-8ed9-36ad43776b05-groupManagement] INFO  server.RaftServerConfigKeys (ConfUtils.java:logGet(46)) - raft.server.snapshot.auto.trigger.threshold = 10000 (custom)
2023-05-31 22:57:43,281 [7c39489c-1c03-44c3-8ed9-36ad43776b05-groupManagement] INFO  server.RaftServerConfigKeys (ConfUtils.java:logGet(46)) - raft.server.snapshot.retention.file.num = 5 (custom)
2023-05-31 22:57:43,281 [7c39489c-1c03-44c3-8ed9-36ad43776b05-groupManagement] INFO  server.RaftServerConfigKeys (ConfUtils.java:logGet(46)) - raft.server.log.purge.upto.snapshot.index = false (default)
2023-05-31 22:57:43,282 [7c39489c-1c03-44c3-8ed9-36ad43776b05@group-BF5453753914-FollowerState] INFO  server.RaftServerConfigKeys (ConfUtils.java:logFallback(53)) - raft.server.rpc.first-election.timeout.min = 5s (fallback to raft.server.rpc.timeout.min)
2023-05-31 22:57:43,282 [7c39489c-1c03-44c3-8ed9-36ad43776b05@group-BF5453753914-FollowerState] INFO  server.RaftServerConfigKeys (ConfUtils.java:logFallback(53)) - raft.server.rpc.first-election.timeout.max = 5200ms (fallback to raft.server.rpc.timeout.max)
2023-05-31 22:57:43,282 [PipelineCommandHandlerThread-0] INFO  ratis.XceiverServerRatis (XceiverServerRatis.java:addGroup(804)) - Created group PipelineID=84125185-0773-4eb4-a4bf-bf5453753914
2023-05-31 22:57:43,282 [PipelineCommandHandlerThread-0] INFO  commandhandler.CreatePipelineCommandHandler (CreatePipelineCommandHandler.java:lambda$handle$2(124)) - Created Pipeline RATIS ONE PipelineID=84125185-0773-4eb4-a4bf-bf5453753914.
2023-05-31 22:57:43,306 [IPC Server handler 17 on default port 15002] INFO  net.NetworkTopologyImpl (NetworkTopologyImpl.java:add(112)) - Added a new node: /default-rack/f4bcbbae-f69c-492d-a431-822e5a7eea0c
2023-05-31 22:57:43,307 [IPC Server handler 17 on default port 15002] INFO  node.SCMNodeManager (SCMNodeManager.java:register(407)) - Registered Data node : f4bcbbae-f69c-492d-a431-822e5a7eea0c{ip: 10.1.0.15, host: fv-az844-56.kvdfyhrxhd0epk3sa4trub4njc.xx.internal.cloudapp.net, ports: [HTTP=15126, CLIENT_RPC=15127, REPLICATION=15133, RATIS=15129, RATIS_ADMIN=15130, RATIS_SERVER=15131, RATIS_DATASTREAM=15132, STANDALONE=15128], networkLocation: /default-rack, certSerialId: null, persistedOpState: null, persistedOpStateExpiryEpochSec: 0}
2023-05-31 22:57:43,307 [EventQueue-NewNodeForNewNodeHandler] INFO  pipeline.BackgroundPipelineCreator (BackgroundPipelineCreator.java:notifyEventTriggered(276)) - trigger a one-shot run on RatisPipelineUtilsThread.
2023-05-31 22:57:43,308 [RatisPipelineUtilsThread - 0] INFO  pipeline.RatisPipelineProvider (RatisPipelineProvider.java:lambda$create$0(206)) - Sending CreatePipelineCommand for pipeline:PipelineID=9f1dcde3-b472-4076-9941-ed678a985932 to datanode:f4bcbbae-f69c-492d-a431-822e5a7eea0c
2023-05-31 22:57:43,309 [RatisPipelineUtilsThread - 0] INFO  pipeline.PipelineStateManagerImpl (PipelineStateManagerImpl.java:addPipeline(103)) - Created pipeline Pipeline[ Id: 9f1dcde3-b472-4076-9941-ed678a985932, Nodes: f4bcbbae-f69c-492d-a431-822e5a7eea0c(fv-az844-56.kvdfyhrxhd0epk3sa4trub4njc.xx.internal.cloudapp.net/10.1.0.15), ReplicationConfig: RATIS/ONE, State:ALLOCATED, leaderId:, CreationTimestamp2023-05-31T22:57:43.308Z[Etc/UTC]].
2023-05-31 22:57:43,310 [RatisPipelineUtilsThread - 0] WARN  pipeline.PipelinePlacementPolicy (PipelinePlacementPolicy.java:filterViableNodes(160)) - Pipeline creation failed due to no sufficient healthy datanodes. Required 3. Found 2. Excluded 12.
2023-05-31 22:57:43,319 [main] INFO  ozone.MiniOzoneClusterImpl (MiniOzoneClusterImpl.java:lambda$waitForClusterToBeReady$0(222)) - Nodes are ready. Got 14 of 14 DN Heartbeats.
2023-05-31 22:57:43,319 [main] INFO  ozone.MiniOzoneClusterImpl (MiniOzoneClusterImpl.java:lambda$waitForClusterToBeReady$0(225)) - Waiting for cluster to exit safe mode
2023-05-31 22:57:43,319 [main] INFO  ozone.MiniOzoneClusterImpl (MiniOzoneClusterImpl.java:lambda$waitForClusterToBeReady$0(227)) - SCM became leader
2023-05-31 22:57:43,781 [PipelineCommandHandlerThread-0] INFO  server.RaftServer (RaftServerProxy.java:addNew(98)) - 07122f08-5d38-49f7-8fdd-d2e34ec8d956: addNew group-B4980E30E6AC:[07122f08-5d38-49f7-8fdd-d2e34ec8d956|rpc:10.1.0.15:15095|admin:10.1.0.15:15094|client:10.1.0.15:15093|dataStream:10.1.0.15:15096|priority:1|startupRole:FOLLOWER] returns group-B4980E30E6AC:java.util.concurrent.CompletableFuture@27c9e6d6[Not completed]
2023-05-31 22:57:43,782 [07122f08-5d38-49f7-8fdd-d2e34ec8d956-groupManagement] INFO  server.RaftServer$Division (RaftServerImpl.java:<init>(198)) - 07122f08-5d38-49f7-8fdd-d2e34ec8d956: new RaftServerImpl for group-B4980E30E6AC:[07122f08-5d38-49f7-8fdd-d2e34ec8d956|rpc:10.1.0.15:15095|admin:10.1.0.15:15094|client:10.1.0.15:15093|dataStream:10.1.0.15:15096|priority:1|startupRole:FOLLOWER] with ContainerStateMachine:uninitialized
2023-05-31 22:57:43,783 [07122f08-5d38-49f7-8fdd-d2e34ec8d956-groupManagement] INFO  server.RaftServerConfigKeys (ConfUtils.java:logGet(46)) - raft.server.rpc.timeout.min = 5s (custom)
2023-05-31 22:57:43,783 [07122f08-5d38-49f7-8fdd-d2e34ec8d956-groupManagement] INFO  server.RaftServerConfigKeys (ConfUtils.java:logGet(46)) - raft.server.rpc.timeout.max = 5200ms (custom)
2023-05-31 22:57:43,783 [07122f08-5d38-49f7-8fdd-d2e34ec8d956-groupManagement] INFO  server.RaftServerConfigKeys (ConfUtils.java:logGet(46)) - raft.server.rpc.sleep.time = 25ms (default)
2023-05-31 22:57:43,783 [07122f08-5d38-49f7-8fdd-d2e34ec8d956-groupManagement] INFO  server.RaftServerConfigKeys (ConfUtils.java:logGet(46)) - raft.server.rpc.slowness.timeout = 300s (custom)
2023-05-31 22:57:43,783 [07122f08-5d38-49f7-8fdd-d2e34ec8d956-groupManagement] INFO  server.RaftServerConfigKeys (ConfUtils.java:logGet(46)) - raft.server.leaderelection.leader.step-down.wait-time = 10s (default)
2023-05-31 22:57:43,783 [07122f08-5d38-49f7-8fdd-d2e34ec8d956-groupManagement] INFO  server.RaftServerConfigKeys (ConfUtils.java:logGet(46)) - raft.server.sleep.deviation.threshold = 300ms (default)
2023-05-31 22:57:43,783 [07122f08-5d38-49f7-8fdd-d2e34ec8d956-groupManagement] INFO  server.RaftServer$Division (ServerState.java:<init>(120)) - 07122f08-5d38-49f7-8fdd-d2e34ec8d956@group-B4980E30E6AC: ConfigurationManager, init=-1: peers:[07122f08-5d38-49f7-8fdd-d2e34ec8d956|rpc:10.1.0.15:15095|admin:10.1.0.15:15094|client:10.1.0.15:15093|dataStream:10.1.0.15:15096|priority:1|startupRole:FOLLOWER]|listeners:[], old=null, confs=<EMPTY_MAP>
2023-05-31 22:57:43,783 [07122f08-5d38-49f7-8fdd-d2e34ec8d956-groupManagement] INFO  server.RaftServerConfigKeys (ConfUtils.java:logGet(46)) - raft.server.storage.dir = [/home/runner/work/ozone/ozone/hadoop-ozone/integration-test/target/test-dir/MiniOzoneClusterImpl-816a41a7-5c89-4e8c-81ba-db0c8b26fb2d/datanode-9/data/ratis] (custom)
2023-05-31 22:57:43,783 [07122f08-5d38-49f7-8fdd-d2e34ec8d956-groupManagement] INFO  server.RaftServerConfigKeys (ConfUtils.java:logGet(46)) - raft.server.log.corruption.policy = EXCEPTION (default)
2023-05-31 22:57:43,783 [07122f08-5d38-49f7-8fdd-d2e34ec8d956-groupManagement] INFO  server.RaftServerConfigKeys (ConfUtils.java:logGet(46)) - raft.server.storage.free-space.min = 0MB (=0) (default)
2023-05-31 22:57:43,784 [07122f08-5d38-49f7-8fdd-d2e34ec8d956-groupManagement] INFO  server.RaftServerConfigKeys (ConfUtils.java:logGet(46)) - raft.server.notification.no-leader.timeout = 300s (custom)
2023-05-31 22:57:43,784 [07122f08-5d38-49f7-8fdd-d2e34ec8d956-groupManagement] INFO  server.RaftServerConfigKeys (ConfUtils.java:logGet(46)) - raft.server.read.timeout = 10s (default)
2023-05-31 22:57:43,784 [07122f08-5d38-49f7-8fdd-d2e34ec8d956-groupManagement] INFO  server.RaftServerConfigKeys (ConfUtils.java:logGet(46)) - raft.server.retrycache.expirytime = 600000ms (custom)
2023-05-31 22:57:43,784 [07122f08-5d38-49f7-8fdd-d2e34ec8d956-groupManagement] INFO  server.RaftServerConfigKeys (ConfUtils.java:logGet(46)) - raft.server.retrycache.statistics.expirytime = 100μs (default)
2023-05-31 22:57:43,784 [07122f08-5d38-49f7-8fdd-d2e34ec8d956-groupManagement] INFO  server.RaftServerConfigKeys (ConfUtils.java:logGet(46)) - raft.server.read.option = DEFAULT (default)
2023-05-31 22:57:43,786 [07122f08-5d38-49f7-8fdd-d2e34ec8d956-groupManagement] INFO  server.RaftServerConfigKeys (ConfUtils.java:logGet(46)) - raft.server.rpc.request.timeout = 60s (custom)
2023-05-31 22:57:43,786 [07122f08-5d38-49f7-8fdd-d2e34ec8d956-groupManagement] INFO  server.RaftServerConfigKeys (ConfUtils.java:logGet(46)) - raft.server.log.appender.install.snapshot.enabled = false (custom)
2023-05-31 22:57:43,786 [07122f08-5d38-49f7-8fdd-d2e34ec8d956-groupManagement] INFO  server.RaftServerConfigKeys (ConfUtils.java:logGet(46)) - raft.server.threadpool.server.cached = true (default)
2023-05-31 22:57:43,786 [07122f08-5d38-49f7-8fdd-d2e34ec8d956-groupManagement] INFO  server.RaftServerConfigKeys (ConfUtils.java:logGet(46)) - raft.server.threadpool.server.size = 0 (default)
2023-05-31 22:57:43,788 [07122f08-5d38-49f7-8fdd-d2e34ec8d956-groupManagement] INFO  server.RaftServerConfigKeys (ConfUtils.java:logGet(46)) - raft.server.threadpool.client.cached = true (default)
2023-05-31 22:57:43,788 [07122f08-5d38-49f7-8fdd-d2e34ec8d956-groupManagement] INFO  server.RaftServerConfigKeys (ConfUtils.java:logGet(46)) - raft.server.threadpool.client.size = 0 (default)
2023-05-31 22:57:43,788 [07122f08-5d38-49f7-8fdd-d2e34ec8d956-groupManagement] INFO  storage.RaftStorageDirectory (RaftStorageDirectoryImpl.java:analyzeStorage(137)) - The storage directory /home/runner/work/ozone/ozone/hadoop-ozone/integration-test/target/test-dir/MiniOzoneClusterImpl-816a41a7-5c89-4e8c-81ba-db0c8b26fb2d/datanode-9/data/ratis/3b4ec279-cd0d-455e-8f23-b4980e30e6ac does not exist. Creating ...
2023-05-31 22:57:43,790 [07122f08-5d38-49f7-8fdd-d2e34ec8d956-groupManagement] INFO  storage.RaftStorageDirectory (RaftStorageDirectoryImpl.java:tryLock(231)) - Lock on /home/runner/work/ozone/ozone/hadoop-ozone/integration-test/target/test-dir/MiniOzoneClusterImpl-816a41a7-5c89-4e8c-81ba-db0c8b26fb2d/datanode-9/data/ratis/3b4ec279-cd0d-455e-8f23-b4980e30e6ac/in_use.lock acquired by nodename 15007@fv-az844-56
2023-05-31 22:57:43,793 [07122f08-5d38-49f7-8fdd-d2e34ec8d956-groupManagement] INFO  storage.RaftStorage (RaftStorageImpl.java:format(96)) - Storage directory /home/runner/work/ozone/ozone/hadoop-ozone/integration-test/target/test-dir/MiniOzoneClusterImpl-816a41a7-5c89-4e8c-81ba-db0c8b26fb2d/datanode-9/data/ratis/3b4ec279-cd0d-455e-8f23-b4980e30e6ac has been successfully formatted.
2023-05-31 22:57:43,796 [07122f08-5d38-49f7-8fdd-d2e34ec8d956-groupManagement] INFO  ratis.ContainerStateMachine (ContainerStateMachine.java:loadSnapshot(262)) - group-B4980E30E6AC: The snapshot info is null. Setting the last applied indexto:(t:0, i:~)
2023-05-31 22:57:43,796 [07122f08-5d38-49f7-8fdd-d2e34ec8d956-groupManagement] INFO  server.RaftServerConfigKeys (ConfUtils.java:logGet(46)) - raft.server.log.use.memory = false (default)
2023-05-31 22:57:43,796 [07122f08-5d38-49f7-8fdd-d2e34ec8d956-groupManagement] INFO  server.RaftServerConfigKeys (ConfUtils.java:logGet(46)) - raft.server.log.purge.gap = 1000000 (custom)
2023-05-31 22:57:43,796 [07122f08-5d38-49f7-8fdd-d2e34ec8d956-groupManagement] INFO  server.RaftServerConfigKeys (ConfUtils.java:logGet(46)) - raft.server.log.appender.buffer.byte-limit = 33554432 (custom)
2023-05-31 22:57:43,796 [07122f08-5d38-49f7-8fdd-d2e34ec8d956-groupManagement] INFO  server.RaftServerConfigKeys (ConfUtils.java:logGet(46)) - raft.server.log.statemachine.data.read.timeout = 1000ms (default)
2023-05-31 22:57:43,796 [07122f08-5d38-49f7-8fdd-d2e34ec8d956-groupManagement] INFO  server.RaftServerConfigKeys (ConfUtils.java:logGet(46)) - raft.server.log.purge.preservation.log.num = 0 (default)
2023-05-31 22:57:43,798 [EventQueue-PipelineReportForPipelineReportHandler] INFO  pipeline.PipelineManagerImpl (PipelineManagerImpl.java:openPipeline(367)) - Pipeline Pipeline[ Id: 3b4ec279-cd0d-455e-8f23-b4980e30e6ac, Nodes: 07122f08-5d38-49f7-8fdd-d2e34ec8d956(fv-az844-56.kvdfyhrxhd0epk3sa4trub4njc.xx.internal.cloudapp.net/10.1.0.15), ReplicationConfig: RATIS/ONE, State:ALLOCATED, leaderId:07122f08-5d38-49f7-8fdd-d2e34ec8d956, CreationTimestamp2023-05-31T22:57:40.793Z[Etc/UTC]] moved to OPEN state
2023-05-31 22:57:43,799 [EventQueue-OpenPipelineForHealthyPipelineSafeModeRule] INFO  safemode.SCMSafeModeManager (HealthyPipelineSafeModeRule.java:process(137)) - SCM in safe mode. Healthy pipelines reported count is 0, required healthy pipeline reported count is 1
2023-05-31 22:57:43,802 [07122f08-5d38-49f7-8fdd-d2e34ec8d956-groupManagement] INFO  server.RaftServerConfigKeys (ConfUtils.java:logGet(46)) - raft.server.log.segment.size.max = 1048576 (custom)
2023-05-31 22:57:43,804 [07122f08-5d38-49f7-8fdd-d2e34ec8d956-groupManagement] INFO  server.RaftServerConfigKeys (ConfUtils.java:logGet(46)) - raft.server.log.segment.cache.num.max = 2 (custom)
2023-05-31 22:57:43,804 [07122f08-5d38-49f7-8fdd-d2e34ec8d956-groupManagement] INFO  server.RaftServerConfigKeys (ConfUtils.java:logGet(46)) - raft.server.log.segment.cache.size.max = 200MB (=209715200) (default)
2023-05-31 22:57:43,805 [07122f08-5d38-49f7-8fdd-d2e34ec8d956-groupManagement] INFO  server.RaftServerConfigKeys (ConfUtils.java:logGet(46)) - raft.server.log.appender.buffer.byte-limit = 33554432 (custom)
2023-05-31 22:57:43,805 [07122f08-5d38-49f7-8fdd-d2e34ec8d956-groupManagement] INFO  segmented.SegmentedRaftLogWorker (SegmentedRaftLogWorker.java:<init>(188)) - new 07122f08-5d38-49f7-8fdd-d2e34ec8d956@group-B4980E30E6AC-SegmentedRaftLogWorker for RaftStorageImpl:Storage Directory /home/runner/work/ozone/ozone/hadoop-ozone/integration-test/target/test-dir/MiniOzoneClusterImpl-816a41a7-5c89-4e8c-81ba-db0c8b26fb2d/datanode-9/data/ratis/3b4ec279-cd0d-455e-8f23-b4980e30e6ac
2023-05-31 22:57:43,805 [07122f08-5d38-49f7-8fdd-d2e34ec8d956-groupManagement] INFO  server.RaftServerConfigKeys (ConfUtils.java:logGet(46)) - raft.server.log.queue.byte-limit = 4294967296 (custom)
2023-05-31 22:57:43,805 [07122f08-5d38-49f7-8fdd-d2e34ec8d956-groupManagement] INFO  server.RaftServerConfigKeys (ConfUtils.java:logGet(46)) - raft.server.log.queue.element-limit = 1024 (custom)
2023-05-31 22:57:43,805 [07122f08-5d38-49f7-8fdd-d2e34ec8d956-groupManagement] INFO  server.RaftServerConfigKeys (ConfUtils.java:logGet(46)) - raft.server.log.segment.size.max = 1048576 (custom)
2023-05-31 22:57:43,805 [07122f08-5d38-49f7-8fdd-d2e34ec8d956-groupManagement] INFO  server.RaftServerConfigKeys (ConfUtils.java:logGet(46)) - raft.server.log.preallocated.size = 16384 (custom)
2023-05-31 22:57:43,805 [07122f08-5d38-49f7-8fdd-d2e34ec8d956-groupManagement] INFO  server.RaftServerConfigKeys (ConfUtils.java:logGet(46)) - raft.server.log.force.sync.num = 128 (default)
2023-05-31 22:57:43,805 [07122f08-5d38-49f7-8fdd-d2e34ec8d956-groupManagement] INFO  server.RaftServerConfigKeys (ConfUtils.java:logGet(46)) - raft.server.log.statemachine.data.sync = true (default)
2023-05-31 22:57:43,805 [07122f08-5d38-49f7-8fdd-d2e34ec8d956-groupManagement] INFO  server.RaftServerConfigKeys (ConfUtils.java:logGet(46)) - raft.server.log.statemachine.data.sync.timeout = 10s (default)
2023-05-31 22:57:43,805 [07122f08-5d38-49f7-8fdd-d2e34ec8d956-groupManagement] INFO  server.RaftServerConfigKeys (ConfUtils.java:logGet(46)) - raft.server.log.statemachine.data.sync.timeout.retry = -1 (default)
2023-05-31 22:57:43,806 [07122f08-5d38-49f7-8fdd-d2e34ec8d956-groupManagement] INFO  server.RaftServerConfigKeys (ConfUtils.java:logGet(46)) - raft.server.log.write.buffer.size = 1048576 (custom)
2023-05-31 22:57:43,807 [07122f08-5d38-49f7-8fdd-d2e34ec8d956-groupManagement] INFO  server.RaftServerConfigKeys (ConfUtils.java:logGet(46)) - raft.server.log.appender.buffer.byte-limit = 33554432 (custom)
2023-05-31 22:57:43,815 [07122f08-5d38-49f7-8fdd-d2e34ec8d956-groupManagement] INFO  server.RaftServerConfigKeys (ConfUtils.java:logGet(46)) - raft.server.log.unsafe-flush.enabled = false (default)
2023-05-31 22:57:43,815 [07122f08-5d38-49f7-8fdd-d2e34ec8d956-groupManagement] INFO  server.RaftServerConfigKeys (ConfUtils.java:logGet(46)) - raft.server.log.async-flush.enabled = false (default)
2023-05-31 22:57:43,815 [07122f08-5d38-49f7-8fdd-d2e34ec8d956-groupManagement] INFO  server.RaftServerConfigKeys (ConfUtils.java:logGet(46)) - raft.server.log.statemachine.data.caching.enabled = true (custom)
2023-05-31 22:57:43,816 [07122f08-5d38-49f7-8fdd-d2e34ec8d956-groupManagement] INFO  segmented.SegmentedRaftLogWorker (SegmentedRaftLogWorker.java:lambda$new$0(135)) - 07122f08-5d38-49f7-8fdd-d2e34ec8d956@group-B4980E30E6AC-SegmentedRaftLogWorker: flushIndex: setUnconditionally 0 -> -1
2023-05-31 22:57:43,816 [07122f08-5d38-49f7-8fdd-d2e34ec8d956-groupManagement] INFO  segmented.SegmentedRaftLogWorker (SegmentedRaftLogWorker.java:lambda$new$0(135)) - 07122f08-5d38-49f7-8fdd-d2e34ec8d956@group-B4980E30E6AC-SegmentedRaftLogWorker: safeCacheEvictIndex: setUnconditionally 0 -> -1
2023-05-31 22:57:43,817 [07122f08-5d38-49f7-8fdd-d2e34ec8d956-groupManagement] INFO  server.RaftServer$Division (RaftServerImpl.java:start(342)) - 07122f08-5d38-49f7-8fdd-d2e34ec8d956@group-B4980E30E6AC: start as a follower, conf=-1: peers:[07122f08-5d38-49f7-8fdd-d2e34ec8d956|rpc:10.1.0.15:15095|admin:10.1.0.15:15094|client:10.1.0.15:15093|dataStream:10.1.0.15:15096|priority:1|startupRole:FOLLOWER]|listeners:[], old=null
2023-05-31 22:57:43,817 [07122f08-5d38-49f7-8fdd-d2e34ec8d956-groupManagement] INFO  server.RaftServer$Division (RaftServerImpl.java:setRole(329)) - 07122f08-5d38-49f7-8fdd-d2e34ec8d956@group-B4980E30E6AC: changes role from      null to FOLLOWER at term 0 for startAsFollower
2023-05-31 22:57:43,818 [07122f08-5d38-49f7-8fdd-d2e34ec8d956-groupManagement] INFO  impl.RoleInfo (RoleInfo.java:updateAndGet(139)) - 07122f08-5d38-49f7-8fdd-d2e34ec8d956: start 07122f08-5d38-49f7-8fdd-d2e34ec8d956@group-B4980E30E6AC-FollowerState
2023-05-31 22:57:43,818 [07122f08-5d38-49f7-8fdd-d2e34ec8d956-groupManagement] INFO  util.JmxRegister (JmxRegister.java:tryRegister(44)) - Successfully registered JMX Bean with object name Ratis:service=RaftServer,group=group-B4980E30E6AC,id=07122f08-5d38-49f7-8fdd-d2e34ec8d956
2023-05-31 22:57:43,818 [07122f08-5d38-49f7-8fdd-d2e34ec8d956@group-B4980E30E6AC-FollowerState] INFO  server.RaftServerConfigKeys (ConfUtils.java:logFallback(53)) - raft.server.rpc.first-election.timeout.min = 5s (fallback to raft.server.rpc.timeout.min)
2023-05-31 22:57:43,818 [07122f08-5d38-49f7-8fdd-d2e34ec8d956-groupManagement] INFO  server.RaftServerConfigKeys (ConfUtils.java:logGet(46)) - raft.server.snapshot.auto.trigger.enabled = true (custom)
2023-05-31 22:57:43,818 [07122f08-5d38-49f7-8fdd-d2e34ec8d956-groupManagement] INFO  server.RaftServerConfigKeys (ConfUtils.java:logGet(46)) - raft.server.snapshot.auto.trigger.threshold = 10000 (custom)
2023-05-31 22:57:43,818 [07122f08-5d38-49f7-8fdd-d2e34ec8d956-groupManagement] INFO  server.RaftServerConfigKeys (ConfUtils.java:logGet(46)) - raft.server.snapshot.retention.file.num = 5 (custom)
2023-05-31 22:57:43,819 [07122f08-5d38-49f7-8fdd-d2e34ec8d956-groupManagement] INFO  server.RaftServerConfigKeys (ConfUtils.java:logGet(46)) - raft.server.log.purge.upto.snapshot.index = false (default)
2023-05-31 22:57:43,818 [07122f08-5d38-49f7-8fdd-d2e34ec8d956@group-B4980E30E6AC-FollowerState] INFO  server.RaftServerConfigKeys (ConfUtils.java:logFallback(53)) - raft.server.rpc.first-election.timeout.max = 5200ms (fallback to raft.server.rpc.timeout.max)
2023-05-31 22:57:43,829 [PipelineCommandHandlerThread-0] INFO  ratis.XceiverServerRatis (XceiverServerRatis.java:addGroup(804)) - Created group PipelineID=3b4ec279-cd0d-455e-8f23-b4980e30e6ac
2023-05-31 22:57:43,829 [PipelineCommandHandlerThread-0] INFO  commandhandler.CreatePipelineCommandHandler (CreatePipelineCommandHandler.java:lambda$handle$2(124)) - Created Pipeline RATIS ONE PipelineID=3b4ec279-cd0d-455e-8f23-b4980e30e6ac.
2023-05-31 22:57:43,830 [PipelineCommandHandlerThread-0] INFO  server.RaftServer (RaftServerProxy.java:addNew(98)) - 07122f08-5d38-49f7-8fdd-d2e34ec8d956: addNew group-A53698DCE0F1:[244a53c4-9cb3-439d-93c3-5e05515fc991|rpc:10.1.0.15:15113|admin:10.1.0.15:15112|client:10.1.0.15:15111|dataStream:10.1.0.15:15114|priority:0|startupRole:FOLLOWER, 160cf24b-84e6-41e3-a0dc-1baa6b89aef1|rpc:10.1.0.15:15104|admin:10.1.0.15:15103|client:10.1.0.15:15102|dataStream:10.1.0.15:15105|priority:0|startupRole:FOLLOWER, 07122f08-5d38-49f7-8fdd-d2e34ec8d956|rpc:10.1.0.15:15095|admin:10.1.0.15:15094|client:10.1.0.15:15093|dataStream:10.1.0.15:15096|priority:1|startupRole:FOLLOWER] returns group-A53698DCE0F1:java.util.concurrent.CompletableFuture@23f676f7[Not completed]
2023-05-31 22:57:43,832 [07122f08-5d38-49f7-8fdd-d2e34ec8d956-groupManagement] INFO  server.RaftServer$Division (RaftServerImpl.java:<init>(198)) - 07122f08-5d38-49f7-8fdd-d2e34ec8d956: new RaftServerImpl for group-A53698DCE0F1:[244a53c4-9cb3-439d-93c3-5e05515fc991|rpc:10.1.0.15:15113|admin:10.1.0.15:15112|client:10.1.0.15:15111|dataStream:10.1.0.15:15114|priority:0|startupRole:FOLLOWER, 160cf24b-84e6-41e3-a0dc-1baa6b89aef1|rpc:10.1.0.15:15104|admin:10.1.0.15:15103|client:10.1.0.15:15102|dataStream:10.1.0.15:15105|priority:0|startupRole:FOLLOWER, 07122f08-5d38-49f7-8fdd-d2e34ec8d956|rpc:10.1.0.15:15095|admin:10.1.0.15:15094|client:10.1.0.15:15093|dataStream:10.1.0.15:15096|priority:1|startupRole:FOLLOWER] with ContainerStateMachine:uninitialized
2023-05-31 22:57:43,832 [07122f08-5d38-49f7-8fdd-d2e34ec8d956-groupManagement] INFO  server.RaftServerConfigKeys (ConfUtils.java:logGet(46)) - raft.server.rpc.timeout.min = 5s (custom)
2023-05-31 22:57:43,832 [07122f08-5d38-49f7-8fdd-d2e34ec8d956-groupManagement] INFO  server.RaftServerConfigKeys (ConfUtils.java:logGet(46)) - raft.server.rpc.timeout.max = 5200ms (custom)
2023-05-31 22:57:43,832 [07122f08-5d38-49f7-8fdd-d2e34ec8d956-groupManagement] INFO  server.RaftServerConfigKeys (ConfUtils.java:logGet(46)) - raft.server.rpc.sleep.time = 25ms (default)
2023-05-31 22:57:43,832 [07122f08-5d38-49f7-8fdd-d2e34ec8d956-groupManagement] INFO  server.RaftServerConfigKeys (ConfUtils.java:logGet(46)) - raft.server.rpc.slowness.timeout = 300s (custom)
2023-05-31 22:57:43,832 [07122f08-5d38-49f7-8fdd-d2e34ec8d956-groupManagement] INFO  server.RaftServerConfigKeys (ConfUtils.java:logGet(46)) - raft.server.leaderelection.leader.step-down.wait-time = 10s (default)
2023-05-31 22:57:43,832 [07122f08-5d38-49f7-8fdd-d2e34ec8d956-groupManagement] INFO  server.RaftServerConfigKeys (ConfUtils.java:logGet(46)) - raft.server.sleep.deviation.threshold = 300ms (default)
2023-05-31 22:57:43,832 [07122f08-5d38-49f7-8fdd-d2e34ec8d956-groupManagement] INFO  server.RaftServer$Division (ServerState.java:<init>(120)) - 07122f08-5d38-49f7-8fdd-d2e34ec8d956@group-A53698DCE0F1: ConfigurationManager, init=-1: peers:[244a53c4-9cb3-439d-93c3-5e05515fc991|rpc:10.1.0.15:15113|admin:10.1.0.15:15112|client:10.1.0.15:15111|dataStream:10.1.0.15:15114|priority:0|startupRole:FOLLOWER, 160cf24b-84e6-41e3-a0dc-1baa6b89aef1|rpc:10.1.0.15:15104|admin:10.1.0.15:15103|client:10.1.0.15:15102|dataStream:10.1.0.15:15105|priority:0|startupRole:FOLLOWER, 07122f08-5d38-49f7-8fdd-d2e34ec8d956|rpc:10.1.0.15:15095|admin:10.1.0.15:15094|client:10.1.0.15:15093|dataStream:10.1.0.15:15096|priority:1|startupRole:FOLLOWER]|listeners:[], old=null, confs=<EMPTY_MAP>
2023-05-31 22:57:43,832 [07122f08-5d38-49f7-8fdd-d2e34ec8d956-groupManagement] INFO  server.RaftServerConfigKeys (ConfUtils.java:logGet(46)) - raft.server.storage.dir = [/home/runner/work/ozone/ozone/hadoop-ozone/integration-test/target/test-dir/MiniOzoneClusterImpl-816a41a7-5c89-4e8c-81ba-db0c8b26fb2d/datanode-9/data/ratis] (custom)
2023-05-31 22:57:43,833 [07122f08-5d38-49f7-8fdd-d2e34ec8d956-groupManagement] INFO  server.RaftServerConfigKeys (ConfUtils.java:logGet(46)) - raft.server.log.corruption.policy = EXCEPTION (default)
2023-05-31 22:57:43,833 [07122f08-5d38-49f7-8fdd-d2e34ec8d956-groupManagement] INFO  server.RaftServerConfigKeys (ConfUtils.java:logGet(46)) - raft.server.storage.free-space.min = 0MB (=0) (default)
2023-05-31 22:57:43,833 [07122f08-5d38-49f7-8fdd-d2e34ec8d956-groupManagement] INFO  server.RaftServerConfigKeys (ConfUtils.java:logGet(46)) - raft.server.notification.no-leader.timeout = 300s (custom)
2023-05-31 22:57:43,833 [07122f08-5d38-49f7-8fdd-d2e34ec8d956-groupManagement] INFO  server.RaftServerConfigKeys (ConfUtils.java:logGet(46)) - raft.server.read.timeout = 10s (default)
2023-05-31 22:57:43,833 [07122f08-5d38-49f7-8fdd-d2e34ec8d956-groupManagement] INFO  server.RaftServerConfigKeys (ConfUtils.java:logGet(46)) - raft.server.retrycache.expirytime = 600000ms (custom)
2023-05-31 22:57:43,833 [07122f08-5d38-49f7-8fdd-d2e34ec8d956-groupManagement] INFO  server.RaftServerConfigKeys (ConfUtils.java:logGet(46)) - raft.server.retrycache.statistics.expirytime = 100μs (default)
2023-05-31 22:57:43,833 [07122f08-5d38-49f7-8fdd-d2e34ec8d956-groupManagement] INFO  server.RaftServerConfigKeys (ConfUtils.java:logGet(46)) - raft.server.read.option = DEFAULT (default)
2023-05-31 22:57:43,835 [07122f08-5d38-49f7-8fdd-d2e34ec8d956-groupManagement] INFO  server.RaftServerConfigKeys (ConfUtils.java:logGet(46)) - raft.server.rpc.request.timeout = 60s (custom)
2023-05-31 22:57:43,835 [07122f08-5d38-49f7-8fdd-d2e34ec8d956-groupManagement] INFO  server.RaftServerConfigKeys (ConfUtils.java:logGet(46)) - raft.server.log.appender.install.snapshot.enabled = false (custom)
2023-05-31 22:57:43,835 [07122f08-5d38-49f7-8fdd-d2e34ec8d956-groupManagement] INFO  server.RaftServerConfigKeys (ConfUtils.java:logGet(46)) - raft.server.threadpool.server.cached = true (default)
2023-05-31 22:57:43,835 [07122f08-5d38-49f7-8fdd-d2e34ec8d956-groupManagement] INFO  server.RaftServerConfigKeys (ConfUtils.java:logGet(46)) - raft.server.threadpool.server.size = 0 (default)
2023-05-31 22:57:43,835 [07122f08-5d38-49f7-8fdd-d2e34ec8d956-groupManagement] INFO  server.RaftServerConfigKeys (ConfUtils.java:logGet(46)) - raft.server.threadpool.client.cached = true (default)
2023-05-31 22:57:43,835 [07122f08-5d38-49f7-8fdd-d2e34ec8d956-groupManagement] INFO  server.RaftServerConfigKeys (ConfUtils.java:logGet(46)) - raft.server.threadpool.client.size = 0 (default)
2023-05-31 22:57:43,837 [07122f08-5d38-49f7-8fdd-d2e34ec8d956-groupManagement] INFO  storage.RaftStorageDirectory (RaftStorageDirectoryImpl.java:analyzeStorage(137)) - The storage directory /home/runner/work/ozone/ozone/hadoop-ozone/integration-test/target/test-dir/MiniOzoneClusterImpl-816a41a7-5c89-4e8c-81ba-db0c8b26fb2d/datanode-9/data/ratis/31c9f478-22b8-4318-8be4-a53698dce0f1 does not exist. Creating ...
2023-05-31 22:57:43,839 [07122f08-5d38-49f7-8fdd-d2e34ec8d956-groupManagement] INFO  storage.RaftStorageDirectory (RaftStorageDirectoryImpl.java:tryLock(231)) - Lock on /home/runner/work/ozone/ozone/hadoop-ozone/integration-test/target/test-dir/MiniOzoneClusterImpl-816a41a7-5c89-4e8c-81ba-db0c8b26fb2d/datanode-9/data/ratis/31c9f478-22b8-4318-8be4-a53698dce0f1/in_use.lock acquired by nodename 15007@fv-az844-56
2023-05-31 22:57:43,841 [07122f08-5d38-49f7-8fdd-d2e34ec8d956-groupManagement] INFO  storage.RaftStorage (RaftStorageImpl.java:format(96)) - Storage directory /home/runner/work/ozone/ozone/hadoop-ozone/integration-test/target/test-dir/MiniOzoneClusterImpl-816a41a7-5c89-4e8c-81ba-db0c8b26fb2d/datanode-9/data/ratis/31c9f478-22b8-4318-8be4-a53698dce0f1 has been successfully formatted.
2023-05-31 22:57:43,842 [07122f08-5d38-49f7-8fdd-d2e34ec8d956-groupManagement] INFO  ratis.ContainerStateMachine (ContainerStateMachine.java:loadSnapshot(262)) - group-A53698DCE0F1: The snapshot info is null. Setting the last applied indexto:(t:0, i:~)
2023-05-31 22:57:43,842 [07122f08-5d38-49f7-8fdd-d2e34ec8d956-groupManagement] INFO  server.RaftServerConfigKeys (ConfUtils.java:logGet(46)) - raft.server.log.use.memory = false (default)
2023-05-31 22:57:43,842 [07122f08-5d38-49f7-8fdd-d2e34ec8d956-groupManagement] INFO  server.RaftServerConfigKeys (ConfUtils.java:logGet(46)) - raft.server.log.purge.gap = 1000000 (custom)
2023-05-31 22:57:43,842 [07122f08-5d38-49f7-8fdd-d2e34ec8d956-groupManagement] INFO  server.RaftServerConfigKeys (ConfUtils.java:logGet(46)) - raft.server.log.appender.buffer.byte-limit = 33554432 (custom)
2023-05-31 22:57:43,842 [07122f08-5d38-49f7-8fdd-d2e34ec8d956-groupManagement] INFO  server.RaftServerConfigKeys (ConfUtils.java:logGet(46)) - raft.server.log.statemachine.data.read.timeout = 1000ms (default)
2023-05-31 22:57:43,842 [07122f08-5d38-49f7-8fdd-d2e34ec8d956-groupManagement] INFO  server.RaftServerConfigKeys (ConfUtils.java:logGet(46)) - raft.server.log.purge.preservation.log.num = 0 (default)
2023-05-31 22:57:43,843 [07122f08-5d38-49f7-8fdd-d2e34ec8d956-groupManagement] INFO  server.RaftServerConfigKeys (ConfUtils.java:logGet(46)) - raft.server.log.segment.size.max = 1048576 (custom)
2023-05-31 22:57:43,844 [EventQueue-OpenPipelineForHealthyPipelineSafeModeRule] INFO  safemode.SCMSafeModeManager (HealthyPipelineSafeModeRule.java:process(137)) - SCM in safe mode. Healthy pipelines reported count is 0, required healthy pipeline reported count is 1
2023-05-31 22:57:43,846 [07122f08-5d38-49f7-8fdd-d2e34ec8d956-groupManagement] INFO  server.RaftServerConfigKeys (ConfUtils.java:logGet(46)) - raft.server.log.segment.cache.num.max = 2 (custom)
2023-05-31 22:57:43,846 [07122f08-5d38-49f7-8fdd-d2e34ec8d956-groupManagement] INFO  server.RaftServerConfigKeys (ConfUtils.java:logGet(46)) - raft.server.log.segment.cache.size.max = 200MB (=209715200) (default)
2023-05-31 22:57:43,846 [07122f08-5d38-49f7-8fdd-d2e34ec8d956-groupManagement] INFO  server.RaftServerConfigKeys (ConfUtils.java:logGet(46)) - raft.server.log.appender.buffer.byte-limit = 33554432 (custom)
2023-05-31 22:57:43,846 [07122f08-5d38-49f7-8fdd-d2e34ec8d956-groupManagement] INFO  segmented.SegmentedRaftLogWorker (SegmentedRaftLogWorker.java:<init>(188)) - new 07122f08-5d38-49f7-8fdd-d2e34ec8d956@group-A53698DCE0F1-SegmentedRaftLogWorker for RaftStorageImpl:Storage Directory /home/runner/work/ozone/ozone/hadoop-ozone/integration-test/target/test-dir/MiniOzoneClusterImpl-816a41a7-5c89-4e8c-81ba-db0c8b26fb2d/datanode-9/data/ratis/31c9f478-22b8-4318-8be4-a53698dce0f1
2023-05-31 22:57:43,846 [07122f08-5d38-49f7-8fdd-d2e34ec8d956-groupManagement] INFO  server.RaftServerConfigKeys (ConfUtils.java:logGet(46)) - raft.server.log.queue.byte-limit = 4294967296 (custom)
2023-05-31 22:57:43,846 [07122f08-5d38-49f7-8fdd-d2e34ec8d956-groupManagement] INFO  server.RaftServerConfigKeys (ConfUtils.java:logGet(46)) - raft.server.log.queue.element-limit = 1024 (custom)
2023-05-31 22:57:43,846 [07122f08-5d38-49f7-8fdd-d2e34ec8d956-groupManagement] INFO  server.RaftServerConfigKeys (ConfUtils.java:logGet(46)) - raft.server.log.segment.size.max = 1048576 (custom)
2023-05-31 22:57:43,847 [07122f08-5d38-49f7-8fdd-d2e34ec8d956-groupManagement] INFO  server.RaftServerConfigKeys (ConfUtils.java:logGet(46)) - raft.server.log.preallocated.size = 16384 (custom)
2023-05-31 22:57:43,847 [07122f08-5d38-49f7-8fdd-d2e34ec8d956-groupManagement] INFO  server.RaftServerConfigKeys (ConfUtils.java:logGet(46)) - raft.server.log.force.sync.num = 128 (default)
2023-05-31 22:57:43,847 [07122f08-5d38-49f7-8fdd-d2e34ec8d956-groupManagement] INFO  server.RaftServerConfigKeys (ConfUtils.java:logGet(46)) - raft.server.log.statemachine.data.sync = true (default)
2023-05-31 22:57:43,848 [07122f08-5d38-49f7-8fdd-d2e34ec8d956-groupManagement] INFO  server.RaftServerConfigKeys (ConfUtils.java:logGet(46)) - raft.server.log.statemachine.data.sync.timeout = 10s (default)
2023-05-31 22:57:43,848 [07122f08-5d38-49f7-8fdd-d2e34ec8d956-groupManagement] INFO  server.RaftServerConfigKeys (ConfUtils.java:logGet(46)) - raft.server.log.statemachine.data.sync.timeout.retry = -1 (default)
2023-05-31 22:57:43,850 [07122f08-5d38-49f7-8fdd-d2e34ec8d956-groupManagement] INFO  server.RaftServerConfigKeys (ConfUtils.java:logGet(46)) - raft.server.log.write.buffer.size = 1048576 (custom)
2023-05-31 22:57:43,851 [07122f08-5d38-49f7-8fdd-d2e34ec8d956-groupManagement] INFO  server.RaftServerConfigKeys (ConfUtils.java:logGet(46)) - raft.server.log.appender.buffer.byte-limit = 33554432 (custom)
2023-05-31 22:57:43,856 [07122f08-5d38-49f7-8fdd-d2e34ec8d956-groupManagement] INFO  server.RaftServerConfigKeys (ConfUtils.java:logGet(46)) - raft.server.log.unsafe-flush.enabled = false (default)
2023-05-31 22:57:43,856 [07122f08-5d38-49f7-8fdd-d2e34ec8d956-groupManagement] INFO  server.RaftServerConfigKeys (ConfUtils.java:logGet(46)) - raft.server.log.async-flush.enabled = false (default)
2023-05-31 22:57:43,856 [07122f08-5d38-49f7-8fdd-d2e34ec8d956-groupManagement] INFO  server.RaftServerConfigKeys (ConfUtils.java:logGet(46)) - raft.server.log.statemachine.data.caching.enabled = true (custom)
2023-05-31 22:57:43,857 [07122f08-5d38-49f7-8fdd-d2e34ec8d956-groupManagement] INFO  segmented.SegmentedRaftLogWorker (SegmentedRaftLogWorker.java:lambda$new$0(135)) - 07122f08-5d38-49f7-8fdd-d2e34ec8d956@group-A53698DCE0F1-SegmentedRaftLogWorker: flushIndex: setUnconditionally 0 -> -1
2023-05-31 22:57:43,857 [07122f08-5d38-49f7-8fdd-d2e34ec8d956-groupManagement] INFO  segmented.SegmentedRaftLogWorker (SegmentedRaftLogWorker.java:lambda$new$0(135)) - 07122f08-5d38-49f7-8fdd-d2e34ec8d956@group-A53698DCE0F1-SegmentedRaftLogWorker: safeCacheEvictIndex: setUnconditionally 0 -> -1
2023-05-31 22:57:43,857 [07122f08-5d38-49f7-8fdd-d2e34ec8d956-groupManagement] INFO  server.RaftServer$Division (RaftServerImpl.java:start(342)) - 07122f08-5d38-49f7-8fdd-d2e34ec8d956@group-A53698DCE0F1: start as a follower, conf=-1: peers:[244a53c4-9cb3-439d-93c3-5e05515fc991|rpc:10.1.0.15:15113|admin:10.1.0.15:15112|client:10.1.0.15:15111|dataStream:10.1.0.15:15114|priority:0|startupRole:FOLLOWER, 160cf24b-84e6-41e3-a0dc-1baa6b89aef1|rpc:10.1.0.15:15104|admin:10.1.0.15:15103|client:10.1.0.15:15102|dataStream:10.1.0.15:15105|priority:0|startupRole:FOLLOWER, 07122f08-5d38-49f7-8fdd-d2e34ec8d956|rpc:10.1.0.15:15095|admin:10.1.0.15:15094|client:10.1.0.15:15093|dataStream:10.1.0.15:15096|priority:1|startupRole:FOLLOWER]|listeners:[], old=null
2023-05-31 22:57:43,857 [07122f08-5d38-49f7-8fdd-d2e34ec8d956-groupManagement] INFO  server.RaftServer$Division (RaftServerImpl.java:setRole(329)) - 07122f08-5d38-49f7-8fdd-d2e34ec8d956@group-A53698DCE0F1: changes role from      null to FOLLOWER at term 0 for startAsFollower
2023-05-31 22:57:43,857 [07122f08-5d38-49f7-8fdd-d2e34ec8d956-groupManagement] INFO  impl.RoleInfo (RoleInfo.java:updateAndGet(139)) - 07122f08-5d38-49f7-8fdd-d2e34ec8d956: start 07122f08-5d38-49f7-8fdd-d2e34ec8d956@group-A53698DCE0F1-FollowerState
2023-05-31 22:57:43,858 [07122f08-5d38-49f7-8fdd-d2e34ec8d956-groupManagement] INFO  util.JmxRegister (JmxRegister.java:tryRegister(44)) - Successfully registered JMX Bean with object name Ratis:service=RaftServer,group=group-A53698DCE0F1,id=07122f08-5d38-49f7-8fdd-d2e34ec8d956
2023-05-31 22:57:43,858 [07122f08-5d38-49f7-8fdd-d2e34ec8d956-groupManagement] INFO  server.RaftServerConfigKeys (ConfUtils.java:logGet(46)) - raft.server.snapshot.auto.trigger.enabled = true (custom)
2023-05-31 22:57:43,858 [07122f08-5d38-49f7-8fdd-d2e34ec8d956-groupManagement] INFO  server.RaftServerConfigKeys (ConfUtils.java:logGet(46)) - raft.server.snapshot.auto.trigger.threshold = 10000 (custom)
2023-05-31 22:57:43,858 [07122f08-5d38-49f7-8fdd-d2e34ec8d956-groupManagement] INFO  server.RaftServerConfigKeys (ConfUtils.java:logGet(46)) - raft.server.snapshot.retention.file.num = 5 (custom)
2023-05-31 22:57:43,858 [07122f08-5d38-49f7-8fdd-d2e34ec8d956-groupManagement] INFO  server.RaftServerConfigKeys (ConfUtils.java:logGet(46)) - raft.server.log.purge.upto.snapshot.index = false (default)
2023-05-31 22:57:43,859 [07122f08-5d38-49f7-8fdd-d2e34ec8d956@group-A53698DCE0F1-FollowerState] INFO  server.RaftServerConfigKeys (ConfUtils.java:logFallback(53)) - raft.server.rpc.first-election.timeout.min = 5s (fallback to raft.server.rpc.timeout.min)
2023-05-31 22:57:43,859 [07122f08-5d38-49f7-8fdd-d2e34ec8d956@group-A53698DCE0F1-FollowerState] INFO  server.RaftServerConfigKeys (ConfUtils.java:logFallback(53)) - raft.server.rpc.first-election.timeout.max = 5200ms (fallback to raft.server.rpc.timeout.max)
2023-05-31 22:57:43,861 [PipelineCommandHandlerThread-0] INFO  ratis.XceiverServerRatis (XceiverServerRatis.java:addGroup(804)) - Created group PipelineID=31c9f478-22b8-4318-8be4-a53698dce0f1
2023-05-31 22:57:43,886 [grpc-default-executor-0] INFO  server.RaftServer (RaftServerProxy.java:addNew(98)) - 160cf24b-84e6-41e3-a0dc-1baa6b89aef1: addNew group-A53698DCE0F1:[244a53c4-9cb3-439d-93c3-5e05515fc991|rpc:10.1.0.15:15113|admin:10.1.0.15:15112|client:10.1.0.15:15111|dataStream:10.1.0.15:15114|priority:0|startupRole:FOLLOWER, 160cf24b-84e6-41e3-a0dc-1baa6b89aef1|rpc:10.1.0.15:15104|admin:10.1.0.15:15103|client:10.1.0.15:15102|dataStream:10.1.0.15:15105|priority:0|startupRole:FOLLOWER, 07122f08-5d38-49f7-8fdd-d2e34ec8d956|rpc:10.1.0.15:15095|admin:10.1.0.15:15094|client:10.1.0.15:15093|dataStream:10.1.0.15:15096|priority:1|startupRole:FOLLOWER] returns group-A53698DCE0F1:java.util.concurrent.CompletableFuture@79946072[Not completed]
2023-05-31 22:57:43,887 [160cf24b-84e6-41e3-a0dc-1baa6b89aef1-groupManagement] INFO  server.RaftServer$Division (RaftServerImpl.java:<init>(198)) - 160cf24b-84e6-41e3-a0dc-1baa6b89aef1: new RaftServerImpl for group-A53698DCE0F1:[244a53c4-9cb3-439d-93c3-5e05515fc991|rpc:10.1.0.15:15113|admin:10.1.0.15:15112|client:10.1.0.15:15111|dataStream:10.1.0.15:15114|priority:0|startupRole:FOLLOWER, 160cf24b-84e6-41e3-a0dc-1baa6b89aef1|rpc:10.1.0.15:15104|admin:10.1.0.15:15103|client:10.1.0.15:15102|dataStream:10.1.0.15:15105|priority:0|startupRole:FOLLOWER, 07122f08-5d38-49f7-8fdd-d2e34ec8d956|rpc:10.1.0.15:15095|admin:10.1.0.15:15094|client:10.1.0.15:15093|dataStream:10.1.0.15:15096|priority:1|startupRole:FOLLOWER] with ContainerStateMachine:uninitialized
2023-05-31 22:57:43,887 [160cf24b-84e6-41e3-a0dc-1baa6b89aef1-groupManagement] INFO  server.RaftServerConfigKeys (ConfUtils.java:logGet(46)) - raft.server.rpc.timeout.min = 5s (custom)
2023-05-31 22:57:43,888 [160cf24b-84e6-41e3-a0dc-1baa6b89aef1-groupManagement] INFO  server.RaftServerConfigKeys (ConfUtils.java:logGet(46)) - raft.server.rpc.timeout.max = 5200ms (custom)
2023-05-31 22:57:43,888 [160cf24b-84e6-41e3-a0dc-1baa6b89aef1-groupManagement] INFO  server.RaftServerConfigKeys (ConfUtils.java:logGet(46)) - raft.server.rpc.sleep.time = 25ms (default)
2023-05-31 22:57:43,888 [160cf24b-84e6-41e3-a0dc-1baa6b89aef1-groupManagement] INFO  server.RaftServerConfigKeys (ConfUtils.java:logGet(46)) - raft.server.rpc.slowness.timeout = 300s (custom)
2023-05-31 22:57:43,888 [160cf24b-84e6-41e3-a0dc-1baa6b89aef1-groupManagement] INFO  server.RaftServerConfigKeys (ConfUtils.java:logGet(46)) - raft.server.leaderelection.leader.step-down.wait-time = 10s (default)
2023-05-31 22:57:43,888 [160cf24b-84e6-41e3-a0dc-1baa6b89aef1-groupManagement] INFO  server.RaftServerConfigKeys (ConfUtils.java:logGet(46)) - raft.server.sleep.deviation.threshold = 300ms (default)
2023-05-31 22:57:43,888 [160cf24b-84e6-41e3-a0dc-1baa6b89aef1-groupManagement] INFO  server.RaftServer$Division (ServerState.java:<init>(120)) - 160cf24b-84e6-41e3-a0dc-1baa6b89aef1@group-A53698DCE0F1: ConfigurationManager, init=-1: peers:[244a53c4-9cb3-439d-93c3-5e05515fc991|rpc:10.1.0.15:15113|admin:10.1.0.15:15112|client:10.1.0.15:15111|dataStream:10.1.0.15:15114|priority:0|startupRole:FOLLOWER, 160cf24b-84e6-41e3-a0dc-1baa6b89aef1|rpc:10.1.0.15:15104|admin:10.1.0.15:15103|client:10.1.0.15:15102|dataStream:10.1.0.15:15105|priority:0|startupRole:FOLLOWER, 07122f08-5d38-49f7-8fdd-d2e34ec8d956|rpc:10.1.0.15:15095|admin:10.1.0.15:15094|client:10.1.0.15:15093|dataStream:10.1.0.15:15096|priority:1|startupRole:FOLLOWER]|listeners:[], old=null, confs=<EMPTY_MAP>
2023-05-31 22:57:43,888 [160cf24b-84e6-41e3-a0dc-1baa6b89aef1-groupManagement] INFO  server.RaftServerConfigKeys (ConfUtils.java:logGet(46)) - raft.server.storage.dir = [/home/runner/work/ozone/ozone/hadoop-ozone/integration-test/target/test-dir/MiniOzoneClusterImpl-816a41a7-5c89-4e8c-81ba-db0c8b26fb2d/datanode-10/data/ratis] (custom)
2023-05-31 22:57:43,888 [160cf24b-84e6-41e3-a0dc-1baa6b89aef1-groupManagement] INFO  server.RaftServerConfigKeys (ConfUtils.java:logGet(46)) - raft.server.log.corruption.policy = EXCEPTION (default)
2023-05-31 22:57:43,888 [160cf24b-84e6-41e3-a0dc-1baa6b89aef1-groupManagement] INFO  server.RaftServerConfigKeys (ConfUtils.java:logGet(46)) - raft.server.storage.free-space.min = 0MB (=0) (default)
2023-05-31 22:57:43,889 [160cf24b-84e6-41e3-a0dc-1baa6b89aef1-groupManagement] INFO  server.RaftServerConfigKeys (ConfUtils.java:logGet(46)) - raft.server.notification.no-leader.timeout = 300s (custom)
2023-05-31 22:57:43,889 [160cf24b-84e6-41e3-a0dc-1baa6b89aef1-groupManagement] INFO  server.RaftServerConfigKeys (ConfUtils.java:logGet(46)) - raft.server.read.timeout = 10s (default)
2023-05-31 22:57:43,889 [160cf24b-84e6-41e3-a0dc-1baa6b89aef1-groupManagement] INFO  server.RaftServerConfigKeys (ConfUtils.java:logGet(46)) - raft.server.retrycache.expirytime = 600000ms (custom)
2023-05-31 22:57:43,889 [160cf24b-84e6-41e3-a0dc-1baa6b89aef1-groupManagement] INFO  server.RaftServerConfigKeys (ConfUtils.java:logGet(46)) - raft.server.retrycache.statistics.expirytime = 100μs (default)
2023-05-31 22:57:43,889 [160cf24b-84e6-41e3-a0dc-1baa6b89aef1-groupManagement] INFO  server.RaftServerConfigKeys (ConfUtils.java:logGet(46)) - raft.server.read.option = DEFAULT (default)
2023-05-31 22:57:43,891 [160cf24b-84e6-41e3-a0dc-1baa6b89aef1-groupManagement] INFO  server.RaftServerConfigKeys (ConfUtils.java:logGet(46)) - raft.server.rpc.request.timeout = 60s (custom)
2023-05-31 22:57:43,891 [160cf24b-84e6-41e3-a0dc-1baa6b89aef1-groupManagement] INFO  server.RaftServerConfigKeys (ConfUtils.java:logGet(46)) - raft.server.log.appender.install.snapshot.enabled = false (custom)
2023-05-31 22:57:43,891 [160cf24b-84e6-41e3-a0dc-1baa6b89aef1-groupManagement] INFO  server.RaftServerConfigKeys (ConfUtils.java:logGet(46)) - raft.server.threadpool.server.cached = true (default)
2023-05-31 22:57:43,891 [160cf24b-84e6-41e3-a0dc-1baa6b89aef1-groupManagement] INFO  server.RaftServerConfigKeys (ConfUtils.java:logGet(46)) - raft.server.threadpool.server.size = 0 (default)
2023-05-31 22:57:43,891 [160cf24b-84e6-41e3-a0dc-1baa6b89aef1-groupManagement] INFO  server.RaftServerConfigKeys (ConfUtils.java:logGet(46)) - raft.server.threadpool.client.cached = true (default)
2023-05-31 22:57:43,891 [160cf24b-84e6-41e3-a0dc-1baa6b89aef1-groupManagement] INFO  server.RaftServerConfigKeys (ConfUtils.java:logGet(46)) - raft.server.threadpool.client.size = 0 (default)
2023-05-31 22:57:43,891 [160cf24b-84e6-41e3-a0dc-1baa6b89aef1-groupManagement] INFO  storage.RaftStorageDirectory (RaftStorageDirectoryImpl.java:analyzeStorage(137)) - The storage directory /home/runner/work/ozone/ozone/hadoop-ozone/integration-test/target/test-dir/MiniOzoneClusterImpl-816a41a7-5c89-4e8c-81ba-db0c8b26fb2d/datanode-10/data/ratis/31c9f478-22b8-4318-8be4-a53698dce0f1 does not exist. Creating ...
2023-05-31 22:57:43,893 [160cf24b-84e6-41e3-a0dc-1baa6b89aef1-groupManagement] INFO  storage.RaftStorageDirectory (RaftStorageDirectoryImpl.java:tryLock(231)) - Lock on /home/runner/work/ozone/ozone/hadoop-ozone/integration-test/target/test-dir/MiniOzoneClusterImpl-816a41a7-5c89-4e8c-81ba-db0c8b26fb2d/datanode-10/data/ratis/31c9f478-22b8-4318-8be4-a53698dce0f1/in_use.lock acquired by nodename 15007@fv-az844-56
2023-05-31 22:57:43,894 [160cf24b-84e6-41e3-a0dc-1baa6b89aef1-groupManagement] INFO  storage.RaftStorage (RaftStorageImpl.java:format(96)) - Storage directory /home/runner/work/ozone/ozone/hadoop-ozone/integration-test/target/test-dir/MiniOzoneClusterImpl-816a41a7-5c89-4e8c-81ba-db0c8b26fb2d/datanode-10/data/ratis/31c9f478-22b8-4318-8be4-a53698dce0f1 has been successfully formatted.
2023-05-31 22:57:43,898 [160cf24b-84e6-41e3-a0dc-1baa6b89aef1-groupManagement] INFO  ratis.ContainerStateMachine (ContainerStateMachine.java:loadSnapshot(262)) - group-A53698DCE0F1: The snapshot info is null. Setting the last applied indexto:(t:0, i:~)
2023-05-31 22:57:43,898 [160cf24b-84e6-41e3-a0dc-1baa6b89aef1-groupManagement] INFO  server.RaftServerConfigKeys (ConfUtils.java:logGet(46)) - raft.server.log.use.memory = false (default)
2023-05-31 22:57:43,901 [160cf24b-84e6-41e3-a0dc-1baa6b89aef1-groupManagement] INFO  server.RaftServerConfigKeys (ConfUtils.java:logGet(46)) - raft.server.log.purge.gap = 1000000 (custom)
2023-05-31 22:57:43,901 [160cf24b-84e6-41e3-a0dc-1baa6b89aef1-groupManagement] INFO  server.RaftServerConfigKeys (ConfUtils.java:logGet(46)) - raft.server.log.appender.buffer.byte-limit = 33554432 (custom)
2023-05-31 22:57:43,901 [160cf24b-84e6-41e3-a0dc-1baa6b89aef1-groupManagement] INFO  server.RaftServerConfigKeys (ConfUtils.java:logGet(46)) - raft.server.log.statemachine.data.read.timeout = 1000ms (default)
2023-05-31 22:57:43,901 [160cf24b-84e6-41e3-a0dc-1baa6b89aef1-groupManagement] INFO  server.RaftServerConfigKeys (ConfUtils.java:logGet(46)) - raft.server.log.purge.preservation.log.num = 0 (default)
2023-05-31 22:57:43,901 [160cf24b-84e6-41e3-a0dc-1baa6b89aef1-groupManagement] INFO  server.RaftServerConfigKeys (ConfUtils.java:logGet(46)) - raft.server.log.segment.size.max = 1048576 (custom)
2023-05-31 22:57:43,902 [160cf24b-84e6-41e3-a0dc-1baa6b89aef1-groupManagement] INFO  server.RaftServerConfigKeys (ConfUtils.java:logGet(46)) - raft.server.log.segment.cache.num.max = 2 (custom)
2023-05-31 22:57:43,902 [160cf24b-84e6-41e3-a0dc-1baa6b89aef1-groupManagement] INFO  server.RaftServerConfigKeys (ConfUtils.java:logGet(46)) - raft.server.log.segment.cache.size.max = 200MB (=209715200) (default)
2023-05-31 22:57:43,902 [160cf24b-84e6-41e3-a0dc-1baa6b89aef1-groupManagement] INFO  server.RaftServerConfigKeys (ConfUtils.java:logGet(46)) - raft.server.log.appender.buffer.byte-limit = 33554432 (custom)
2023-05-31 22:57:43,902 [160cf24b-84e6-41e3-a0dc-1baa6b89aef1-groupManagement] INFO  segmented.SegmentedRaftLogWorker (SegmentedRaftLogWorker.java:<init>(188)) - new 160cf24b-84e6-41e3-a0dc-1baa6b89aef1@group-A53698DCE0F1-SegmentedRaftLogWorker for RaftStorageImpl:Storage Directory /home/runner/work/ozone/ozone/hadoop-ozone/integration-test/target/test-dir/MiniOzoneClusterImpl-816a41a7-5c89-4e8c-81ba-db0c8b26fb2d/datanode-10/data/ratis/31c9f478-22b8-4318-8be4-a53698dce0f1
2023-05-31 22:57:43,902 [160cf24b-84e6-41e3-a0dc-1baa6b89aef1-groupManagement] INFO  server.RaftServerConfigKeys (ConfUtils.java:logGet(46)) - raft.server.log.queue.byte-limit = 4294967296 (custom)
2023-05-31 22:57:43,903 [160cf24b-84e6-41e3-a0dc-1baa6b89aef1-groupManagement] INFO  server.RaftServerConfigKeys (ConfUtils.java:logGet(46)) - raft.server.log.queue.element-limit = 1024 (custom)
2023-05-31 22:57:43,903 [160cf24b-84e6-41e3-a0dc-1baa6b89aef1-groupManagement] INFO  server.RaftServerConfigKeys (ConfUtils.java:logGet(46)) - raft.server.log.segment.size.max = 1048576 (custom)
2023-05-31 22:57:43,903 [160cf24b-84e6-41e3-a0dc-1baa6b89aef1-groupManagement] INFO  server.RaftServerConfigKeys (ConfUtils.java:logGet(46)) - raft.server.log.preallocated.size = 16384 (custom)
2023-05-31 22:57:43,903 [160cf24b-84e6-41e3-a0dc-1baa6b89aef1-groupManagement] INFO  server.RaftServerConfigKeys (ConfUtils.java:logGet(46)) - raft.server.log.force.sync.num = 128 (default)
2023-05-31 22:57:43,903 [160cf24b-84e6-41e3-a0dc-1baa6b89aef1-groupManagement] INFO  server.RaftServerConfigKeys (ConfUtils.java:logGet(46)) - raft.server.log.statemachine.data.sync = true (default)
2023-05-31 22:57:43,903 [160cf24b-84e6-41e3-a0dc-1baa6b89aef1-groupManagement] INFO  server.RaftServerConfigKeys (ConfUtils.java:logGet(46)) - raft.server.log.statemachine.data.sync.timeout = 10s (default)
2023-05-31 22:57:43,903 [160cf24b-84e6-41e3-a0dc-1baa6b89aef1-groupManagement] INFO  server.RaftServerConfigKeys (ConfUtils.java:logGet(46)) - raft.server.log.statemachine.data.sync.timeout.retry = -1 (default)
2023-05-31 22:57:43,904 [160cf24b-84e6-41e3-a0dc-1baa6b89aef1-groupManagement] INFO  server.RaftServerConfigKeys (ConfUtils.java:logGet(46)) - raft.server.log.write.buffer.size = 1048576 (custom)
2023-05-31 22:57:43,905 [160cf24b-84e6-41e3-a0dc-1baa6b89aef1-groupManagement] INFO  server.RaftServerConfigKeys (ConfUtils.java:logGet(46)) - raft.server.log.appender.buffer.byte-limit = 33554432 (custom)
2023-05-31 22:57:43,911 [160cf24b-84e6-41e3-a0dc-1baa6b89aef1-groupManagement] INFO  server.RaftServerConfigKeys (ConfUtils.java:logGet(46)) - raft.server.log.unsafe-flush.enabled = false (default)
2023-05-31 22:57:43,912 [160cf24b-84e6-41e3-a0dc-1baa6b89aef1-groupManagement] INFO  server.RaftServerConfigKeys (ConfUtils.java:logGet(46)) - raft.server.log.async-flush.enabled = false (default)
2023-05-31 22:57:43,912 [160cf24b-84e6-41e3-a0dc-1baa6b89aef1-groupManagement] INFO  server.RaftServerConfigKeys (ConfUtils.java:logGet(46)) - raft.server.log.statemachine.data.caching.enabled = true (custom)
2023-05-31 22:57:43,912 [160cf24b-84e6-41e3-a0dc-1baa6b89aef1-groupManagement] INFO  segmented.SegmentedRaftLogWorker (SegmentedRaftLogWorker.java:lambda$new$0(135)) - 160cf24b-84e6-41e3-a0dc-1baa6b89aef1@group-A53698DCE0F1-SegmentedRaftLogWorker: flushIndex: setUnconditionally 0 -> -1
2023-05-31 22:57:43,912 [160cf24b-84e6-41e3-a0dc-1baa6b89aef1-groupManagement] INFO  segmented.SegmentedRaftLogWorker (SegmentedRaftLogWorker.java:lambda$new$0(135)) - 160cf24b-84e6-41e3-a0dc-1baa6b89aef1@group-A53698DCE0F1-SegmentedRaftLogWorker: safeCacheEvictIndex: setUnconditionally 0 -> -1
2023-05-31 22:57:43,913 [160cf24b-84e6-41e3-a0dc-1baa6b89aef1-groupManagement] INFO  server.RaftServer$Division (RaftServerImpl.java:start(342)) - 160cf24b-84e6-41e3-a0dc-1baa6b89aef1@group-A53698DCE0F1: start as a follower, conf=-1: peers:[244a53c4-9cb3-439d-93c3-5e05515fc991|rpc:10.1.0.15:15113|admin:10.1.0.15:15112|client:10.1.0.15:15111|dataStream:10.1.0.15:15114|priority:0|startupRole:FOLLOWER, 160cf24b-84e6-41e3-a0dc-1baa6b89aef1|rpc:10.1.0.15:15104|admin:10.1.0.15:15103|client:10.1.0.15:15102|dataStream:10.1.0.15:15105|priority:0|startupRole:FOLLOWER, 07122f08-5d38-49f7-8fdd-d2e34ec8d956|rpc:10.1.0.15:15095|admin:10.1.0.15:15094|client:10.1.0.15:15093|dataStream:10.1.0.15:15096|priority:1|startupRole:FOLLOWER]|listeners:[], old=null
2023-05-31 22:57:43,913 [160cf24b-84e6-41e3-a0dc-1baa6b89aef1-groupManagement] INFO  server.RaftServer$Division (RaftServerImpl.java:setRole(329)) - 160cf24b-84e6-41e3-a0dc-1baa6b89aef1@group-A53698DCE0F1: changes role from      null to FOLLOWER at term 0 for startAsFollower
2023-05-31 22:57:43,913 [160cf24b-84e6-41e3-a0dc-1baa6b89aef1-groupManagement] INFO  impl.RoleInfo (RoleInfo.java:updateAndGet(139)) - 160cf24b-84e6-41e3-a0dc-1baa6b89aef1: start 160cf24b-84e6-41e3-a0dc-1baa6b89aef1@group-A53698DCE0F1-FollowerState
2023-05-31 22:57:43,917 [160cf24b-84e6-41e3-a0dc-1baa6b89aef1-groupManagement] INFO  util.JmxRegister (JmxRegister.java:tryRegister(44)) - Successfully registered JMX Bean with object name Ratis:service=RaftServer,group=group-A53698DCE0F1,id=160cf24b-84e6-41e3-a0dc-1baa6b89aef1
2023-05-31 22:57:43,922 [160cf24b-84e6-41e3-a0dc-1baa6b89aef1-groupManagement] INFO  server.RaftServerConfigKeys (ConfUtils.java:logGet(46)) - raft.server.snapshot.auto.trigger.enabled = true (custom)
2023-05-31 22:57:43,922 [160cf24b-84e6-41e3-a0dc-1baa6b89aef1-groupManagement] INFO  server.RaftServerConfigKeys (ConfUtils.java:logGet(46)) - raft.server.snapshot.auto.trigger.threshold = 10000 (custom)
2023-05-31 22:57:43,922 [160cf24b-84e6-41e3-a0dc-1baa6b89aef1-groupManagement] INFO  server.RaftServerConfigKeys (ConfUtils.java:logGet(46)) - raft.server.snapshot.retention.file.num = 5 (custom)
2023-05-31 22:57:43,922 [160cf24b-84e6-41e3-a0dc-1baa6b89aef1-groupManagement] INFO  server.RaftServerConfigKeys (ConfUtils.java:logGet(46)) - raft.server.log.purge.upto.snapshot.index = false (default)
2023-05-31 22:57:43,923 [160cf24b-84e6-41e3-a0dc-1baa6b89aef1@group-A53698DCE0F1-FollowerState] INFO  server.RaftServerConfigKeys (ConfUtils.java:logFallback(53)) - raft.server.rpc.first-election.timeout.min = 5s (fallback to raft.server.rpc.timeout.min)
2023-05-31 22:57:43,923 [160cf24b-84e6-41e3-a0dc-1baa6b89aef1@group-A53698DCE0F1-FollowerState] INFO  server.RaftServerConfigKeys (ConfUtils.java:logFallback(53)) - raft.server.rpc.first-election.timeout.max = 5200ms (fallback to raft.server.rpc.timeout.max)
2023-05-31 22:57:43,969 [grpc-default-executor-0] INFO  server.RaftServer (RaftServerProxy.java:addNew(98)) - 244a53c4-9cb3-439d-93c3-5e05515fc991: addNew group-A53698DCE0F1:[244a53c4-9cb3-439d-93c3-5e05515fc991|rpc:10.1.0.15:15113|admin:10.1.0.15:15112|client:10.1.0.15:15111|dataStream:10.1.0.15:15114|priority:0|startupRole:FOLLOWER, 160cf24b-84e6-41e3-a0dc-1baa6b89aef1|rpc:10.1.0.15:15104|admin:10.1.0.15:15103|client:10.1.0.15:15102|dataStream:10.1.0.15:15105|priority:0|startupRole:FOLLOWER, 07122f08-5d38-49f7-8fdd-d2e34ec8d956|rpc:10.1.0.15:15095|admin:10.1.0.15:15094|client:10.1.0.15:15093|dataStream:10.1.0.15:15096|priority:1|startupRole:FOLLOWER] returns group-A53698DCE0F1:java.util.concurrent.CompletableFuture@5facb277[Not completed]
2023-05-31 22:57:43,975 [244a53c4-9cb3-439d-93c3-5e05515fc991-groupManagement] INFO  server.RaftServer$Division (RaftServerImpl.java:<init>(198)) - 244a53c4-9cb3-439d-93c3-5e05515fc991: new RaftServerImpl for group-A53698DCE0F1:[244a53c4-9cb3-439d-93c3-5e05515fc991|rpc:10.1.0.15:15113|admin:10.1.0.15:15112|client:10.1.0.15:15111|dataStream:10.1.0.15:15114|priority:0|startupRole:FOLLOWER, 160cf24b-84e6-41e3-a0dc-1baa6b89aef1|rpc:10.1.0.15:15104|admin:10.1.0.15:15103|client:10.1.0.15:15102|dataStream:10.1.0.15:15105|priority:0|startupRole:FOLLOWER, 07122f08-5d38-49f7-8fdd-d2e34ec8d956|rpc:10.1.0.15:15095|admin:10.1.0.15:15094|client:10.1.0.15:15093|dataStream:10.1.0.15:15096|priority:1|startupRole:FOLLOWER] with ContainerStateMachine:uninitialized
2023-05-31 22:57:43,975 [244a53c4-9cb3-439d-93c3-5e05515fc991-groupManagement] INFO  server.RaftServerConfigKeys (ConfUtils.java:logGet(46)) - raft.server.rpc.timeout.min = 5s (custom)
2023-05-31 22:57:43,975 [244a53c4-9cb3-439d-93c3-5e05515fc991-groupManagement] INFO  server.RaftServerConfigKeys (ConfUtils.java:logGet(46)) - raft.server.rpc.timeout.max = 5200ms (custom)
2023-05-31 22:57:43,975 [244a53c4-9cb3-439d-93c3-5e05515fc991-groupManagement] INFO  server.RaftServerConfigKeys (ConfUtils.java:logGet(46)) - raft.server.rpc.sleep.time = 25ms (default)
2023-05-31 22:57:43,976 [244a53c4-9cb3-439d-93c3-5e05515fc991-groupManagement] INFO  server.RaftServerConfigKeys (ConfUtils.java:logGet(46)) - raft.server.rpc.slowness.timeout = 300s (custom)
2023-05-31 22:57:43,976 [244a53c4-9cb3-439d-93c3-5e05515fc991-groupManagement] INFO  server.RaftServerConfigKeys (ConfUtils.java:logGet(46)) - raft.server.leaderelection.leader.step-down.wait-time = 10s (default)
2023-05-31 22:57:43,976 [244a53c4-9cb3-439d-93c3-5e05515fc991-groupManagement] INFO  server.RaftServerConfigKeys (ConfUtils.java:logGet(46)) - raft.server.sleep.deviation.threshold = 300ms (default)
2023-05-31 22:57:43,977 [244a53c4-9cb3-439d-93c3-5e05515fc991-groupManagement] INFO  server.RaftServer$Division (ServerState.java:<init>(120)) - 244a53c4-9cb3-439d-93c3-5e05515fc991@group-A53698DCE0F1: ConfigurationManager, init=-1: peers:[244a53c4-9cb3-439d-93c3-5e05515fc991|rpc:10.1.0.15:15113|admin:10.1.0.15:15112|client:10.1.0.15:15111|dataStream:10.1.0.15:15114|priority:0|startupRole:FOLLOWER, 160cf24b-84e6-41e3-a0dc-1baa6b89aef1|rpc:10.1.0.15:15104|admin:10.1.0.15:15103|client:10.1.0.15:15102|dataStream:10.1.0.15:15105|priority:0|startupRole:FOLLOWER, 07122f08-5d38-49f7-8fdd-d2e34ec8d956|rpc:10.1.0.15:15095|admin:10.1.0.15:15094|client:10.1.0.15:15093|dataStream:10.1.0.15:15096|priority:1|startupRole:FOLLOWER]|listeners:[], old=null, confs=<EMPTY_MAP>
2023-05-31 22:57:43,977 [244a53c4-9cb3-439d-93c3-5e05515fc991-groupManagement] INFO  server.RaftServerConfigKeys (ConfUtils.java:logGet(46)) - raft.server.storage.dir = [/home/runner/work/ozone/ozone/hadoop-ozone/integration-test/target/test-dir/MiniOzoneClusterImpl-816a41a7-5c89-4e8c-81ba-db0c8b26fb2d/datanode-11/data/ratis] (custom)
2023-05-31 22:57:43,977 [244a53c4-9cb3-439d-93c3-5e05515fc991-groupManagement] INFO  server.RaftServerConfigKeys (ConfUtils.java:logGet(46)) - raft.server.log.corruption.policy = EXCEPTION (default)
2023-05-31 22:57:43,977 [244a53c4-9cb3-439d-93c3-5e05515fc991-groupManagement] INFO  server.RaftServerConfigKeys (ConfUtils.java:logGet(46)) - raft.server.storage.free-space.min = 0MB (=0) (default)
2023-05-31 22:57:43,977 [244a53c4-9cb3-439d-93c3-5e05515fc991-groupManagement] INFO  server.RaftServerConfigKeys (ConfUtils.java:logGet(46)) - raft.server.notification.no-leader.timeout = 300s (custom)
2023-05-31 22:57:43,978 [244a53c4-9cb3-439d-93c3-5e05515fc991-groupManagement] INFO  server.RaftServerConfigKeys (ConfUtils.java:logGet(46)) - raft.server.read.timeout = 10s (default)
2023-05-31 22:57:43,978 [244a53c4-9cb3-439d-93c3-5e05515fc991-groupManagement] INFO  server.RaftServerConfigKeys (ConfUtils.java:logGet(46)) - raft.server.retrycache.expirytime = 600000ms (custom)
2023-05-31 22:57:43,978 [244a53c4-9cb3-439d-93c3-5e05515fc991-groupManagement] INFO  server.RaftServerConfigKeys (ConfUtils.java:logGet(46)) - raft.server.retrycache.statistics.expirytime = 100μs (default)
2023-05-31 22:57:43,978 [244a53c4-9cb3-439d-93c3-5e05515fc991-groupManagement] INFO  server.RaftServerConfigKeys (ConfUtils.java:logGet(46)) - raft.server.read.option = DEFAULT (default)
2023-05-31 22:57:43,979 [244a53c4-9cb3-439d-93c3-5e05515fc991-groupManagement] INFO  server.RaftServerConfigKeys (ConfUtils.java:logGet(46)) - raft.server.rpc.request.timeout = 60s (custom)
2023-05-31 22:57:43,979 [244a53c4-9cb3-439d-93c3-5e05515fc991-groupManagement] INFO  server.RaftServerConfigKeys (ConfUtils.java:logGet(46)) - raft.server.log.appender.install.snapshot.enabled = false (custom)
2023-05-31 22:57:43,979 [244a53c4-9cb3-439d-93c3-5e05515fc991-groupManagement] INFO  server.RaftServerConfigKeys (ConfUtils.java:logGet(46)) - raft.server.threadpool.server.cached = true (default)
2023-05-31 22:57:43,980 [244a53c4-9cb3-439d-93c3-5e05515fc991-groupManagement] INFO  server.RaftServerConfigKeys (ConfUtils.java:logGet(46)) - raft.server.threadpool.server.size = 0 (default)
2023-05-31 22:57:43,980 [244a53c4-9cb3-439d-93c3-5e05515fc991-groupManagement] INFO  server.RaftServerConfigKeys (ConfUtils.java:logGet(46)) - raft.server.threadpool.client.cached = true (default)
2023-05-31 22:57:43,980 [244a53c4-9cb3-439d-93c3-5e05515fc991-groupManagement] INFO  server.RaftServerConfigKeys (ConfUtils.java:logGet(46)) - raft.server.threadpool.client.size = 0 (default)
2023-05-31 22:57:43,980 [244a53c4-9cb3-439d-93c3-5e05515fc991-groupManagement] INFO  storage.RaftStorageDirectory (RaftStorageDirectoryImpl.java:analyzeStorage(137)) - The storage directory /home/runner/work/ozone/ozone/hadoop-ozone/integration-test/target/test-dir/MiniOzoneClusterImpl-816a41a7-5c89-4e8c-81ba-db0c8b26fb2d/datanode-11/data/ratis/31c9f478-22b8-4318-8be4-a53698dce0f1 does not exist. Creating ...
2023-05-31 22:57:43,984 [244a53c4-9cb3-439d-93c3-5e05515fc991-groupManagement] INFO  storage.RaftStorageDirectory (RaftStorageDirectoryImpl.java:tryLock(231)) - Lock on /home/runner/work/ozone/ozone/hadoop-ozone/integration-test/target/test-dir/MiniOzoneClusterImpl-816a41a7-5c89-4e8c-81ba-db0c8b26fb2d/datanode-11/data/ratis/31c9f478-22b8-4318-8be4-a53698dce0f1/in_use.lock acquired by nodename 15007@fv-az844-56
2023-05-31 22:57:43,986 [244a53c4-9cb3-439d-93c3-5e05515fc991-groupManagement] INFO  storage.RaftStorage (RaftStorageImpl.java:format(96)) - Storage directory /home/runner/work/ozone/ozone/hadoop-ozone/integration-test/target/test-dir/MiniOzoneClusterImpl-816a41a7-5c89-4e8c-81ba-db0c8b26fb2d/datanode-11/data/ratis/31c9f478-22b8-4318-8be4-a53698dce0f1 has been successfully formatted.
2023-05-31 22:57:43,991 [244a53c4-9cb3-439d-93c3-5e05515fc991-groupManagement] INFO  ratis.ContainerStateMachine (ContainerStateMachine.java:loadSnapshot(262)) - group-A53698DCE0F1: The snapshot info is null. Setting the last applied indexto:(t:0, i:~)
2023-05-31 22:57:43,991 [244a53c4-9cb3-439d-93c3-5e05515fc991-groupManagement] INFO  server.RaftServerConfigKeys (ConfUtils.java:logGet(46)) - raft.server.log.use.memory = false (default)
2023-05-31 22:57:43,991 [244a53c4-9cb3-439d-93c3-5e05515fc991-groupManagement] INFO  server.RaftServerConfigKeys (ConfUtils.java:logGet(46)) - raft.server.log.purge.gap = 1000000 (custom)
2023-05-31 22:57:43,992 [244a53c4-9cb3-439d-93c3-5e05515fc991-groupManagement] INFO  server.RaftServerConfigKeys (ConfUtils.java:logGet(46)) - raft.server.log.appender.buffer.byte-limit = 33554432 (custom)
2023-05-31 22:57:43,992 [244a53c4-9cb3-439d-93c3-5e05515fc991-groupManagement] INFO  server.RaftServerConfigKeys (ConfUtils.java:logGet(46)) - raft.server.log.statemachine.data.read.timeout = 1000ms (default)
2023-05-31 22:57:43,992 [244a53c4-9cb3-439d-93c3-5e05515fc991-groupManagement] INFO  server.RaftServerConfigKeys (ConfUtils.java:logGet(46)) - raft.server.log.purge.preservation.log.num = 0 (default)
2023-05-31 22:57:43,992 [244a53c4-9cb3-439d-93c3-5e05515fc991-groupManagement] INFO  server.RaftServerConfigKeys (ConfUtils.java:logGet(46)) - raft.server.log.segment.size.max = 1048576 (custom)
2023-05-31 22:57:43,992 [244a53c4-9cb3-439d-93c3-5e05515fc991-groupManagement] INFO  server.RaftServerConfigKeys (ConfUtils.java:logGet(46)) - raft.server.log.segment.cache.num.max = 2 (custom)
2023-05-31 22:57:43,993 [244a53c4-9cb3-439d-93c3-5e05515fc991-groupManagement] INFO  server.RaftServerConfigKeys (ConfUtils.java:logGet(46)) - raft.server.log.segment.cache.size.max = 200MB (=209715200) (default)
2023-05-31 22:57:43,993 [244a53c4-9cb3-439d-93c3-5e05515fc991-groupManagement] INFO  server.RaftServerConfigKeys (ConfUtils.java:logGet(46)) - raft.server.log.appender.buffer.byte-limit = 33554432 (custom)
2023-05-31 22:57:43,993 [244a53c4-9cb3-439d-93c3-5e05515fc991-groupManagement] INFO  segmented.SegmentedRaftLogWorker (SegmentedRaftLogWorker.java:<init>(188)) - new 244a53c4-9cb3-439d-93c3-5e05515fc991@group-A53698DCE0F1-SegmentedRaftLogWorker for RaftStorageImpl:Storage Directory /home/runner/work/ozone/ozone/hadoop-ozone/integration-test/target/test-dir/MiniOzoneClusterImpl-816a41a7-5c89-4e8c-81ba-db0c8b26fb2d/datanode-11/data/ratis/31c9f478-22b8-4318-8be4-a53698dce0f1
2023-05-31 22:57:43,993 [244a53c4-9cb3-439d-93c3-5e05515fc991-groupManagement] INFO  server.RaftServerConfigKeys (ConfUtils.java:logGet(46)) - raft.server.log.queue.byte-limit = 4294967296 (custom)
2023-05-31 22:57:43,994 [244a53c4-9cb3-439d-93c3-5e05515fc991-groupManagement] INFO  server.RaftServerConfigKeys (ConfUtils.java:logGet(46)) - raft.server.log.queue.element-limit = 1024 (custom)
2023-05-31 22:57:43,994 [244a53c4-9cb3-439d-93c3-5e05515fc991-groupManagement] INFO  server.RaftServerConfigKeys (ConfUtils.java:logGet(46)) - raft.server.log.segment.size.max = 1048576 (custom)
2023-05-31 22:57:43,994 [244a53c4-9cb3-439d-93c3-5e05515fc991-groupManagement] INFO  server.RaftServerConfigKeys (ConfUtils.java:logGet(46)) - raft.server.log.preallocated.size = 16384 (custom)
2023-05-31 22:57:43,994 [244a53c4-9cb3-439d-93c3-5e05515fc991-groupManagement] INFO  server.RaftServerConfigKeys (ConfUtils.java:logGet(46)) - raft.server.log.force.sync.num = 128 (default)
2023-05-31 22:57:43,994 [244a53c4-9cb3-439d-93c3-5e05515fc991-groupManagement] INFO  server.RaftServerConfigKeys (ConfUtils.java:logGet(46)) - raft.server.log.statemachine.data.sync = true (default)
2023-05-31 22:57:43,994 [244a53c4-9cb3-439d-93c3-5e05515fc991-groupManagement] INFO  server.RaftServerConfigKeys (ConfUtils.java:logGet(46)) - raft.server.log.statemachine.data.sync.timeout = 10s (default)
2023-05-31 22:57:43,994 [244a53c4-9cb3-439d-93c3-5e05515fc991-groupManagement] INFO  server.RaftServerConfigKeys (ConfUtils.java:logGet(46)) - raft.server.log.statemachine.data.sync.timeout.retry = -1 (default)
2023-05-31 22:57:43,995 [244a53c4-9cb3-439d-93c3-5e05515fc991-groupManagement] INFO  server.RaftServerConfigKeys (ConfUtils.java:logGet(46)) - raft.server.log.write.buffer.size = 1048576 (custom)
2023-05-31 22:57:43,996 [244a53c4-9cb3-439d-93c3-5e05515fc991-groupManagement] INFO  server.RaftServerConfigKeys (ConfUtils.java:logGet(46)) - raft.server.log.appender.buffer.byte-limit = 33554432 (custom)
2023-05-31 22:57:44,114 [JvmPauseMonitor2] WARN  util.JvmPauseMonitor (JvmPauseMonitor.java:detectPause(124)) - JvmPauseMonitor-697d5b73-3ed9-4d18-b9d9-ca13a08090ac: Detected pause in JVM or host machine approximately 0.117s with 0.111s GC time.
GC pool 'PS Scavenge' had collection(s): count=1 time=111ms
2023-05-31 22:57:44,115 [JvmPauseMonitor1] WARN  util.JvmPauseMonitor (JvmPauseMonitor.java:detectPause(124)) - JvmPauseMonitor-9a93b867-0c49-44e3-a75c-2e530498b118: Detected pause in JVM or host machine approximately 0.118s with 0.111s GC time.
GC pool 'PS Scavenge' had collection(s): count=1 time=111ms
2023-05-31 22:57:44,115 [JvmPauseMonitor9] WARN  util.JvmPauseMonitor (JvmPauseMonitor.java:detectPause(124)) - JvmPauseMonitor-7c39489c-1c03-44c3-8ed9-36ad43776b05: Detected pause in JVM or host machine approximately 0.117s with 0.111s GC time.
GC pool 'PS Scavenge' had collection(s): count=1 time=111ms
2023-05-31 22:57:44,114 [JvmPauseMonitor12] WARN  util.JvmPauseMonitor (JvmPauseMonitor.java:detectPause(124)) - JvmPauseMonitor-244a53c4-9cb3-439d-93c3-5e05515fc991: Detected pause in JVM or host machine approximately 0.117s with 0.111s GC time.
GC pool 'PS Scavenge' had collection(s): count=1 time=111ms
2023-05-31 22:57:44,114 [JvmPauseMonitor10] WARN  util.JvmPauseMonitor (JvmPauseMonitor.java:detectPause(124)) - JvmPauseMonitor-07122f08-5d38-49f7-8fdd-d2e34ec8d956: Detected pause in JVM or host machine approximately 0.117s with 0.111s GC time.
GC pool 'PS Scavenge' had collection(s): count=1 time=111ms
2023-05-31 22:57:44,116 [JvmPauseMonitor7] WARN  util.JvmPauseMonitor (JvmPauseMonitor.java:detectPause(124)) - JvmPauseMonitor-667d9742-fdde-4102-a217-b966604d27c1: Detected pause in JVM or host machine approximately 0.119s with 0.111s GC time.
GC pool 'PS Scavenge' had collection(s): count=1 time=111ms
2023-05-31 22:57:44,116 [JvmPauseMonitor6] WARN  util.JvmPauseMonitor (JvmPauseMonitor.java:detectPause(124)) - JvmPauseMonitor-83cc0f91-5896-42fb-be30-113915710489: Detected pause in JVM or host machine approximately 0.119s with 0.111s GC time.
GC pool 'PS Scavenge' had collection(s): count=1 time=111ms
2023-05-31 22:57:44,116 [JvmPauseMonitor8] WARN  util.JvmPauseMonitor (JvmPauseMonitor.java:detectPause(124)) - JvmPauseMonitor-d17261cb-7782-4d5f-ae0d-593ca4af9c73: Detected pause in JVM or host machine approximately 0.119s with 0.111s GC time.
GC pool 'PS Scavenge' had collection(s): count=1 time=111ms
2023-05-31 22:57:44,116 [JvmPauseMonitor13] WARN  util.JvmPauseMonitor (JvmPauseMonitor.java:detectPause(124)) - JvmPauseMonitor-2fca467b-8261-48a6-b0b4-c0ececcd3716: Detected pause in JVM or host machine approximately 0.120s with 0.111s GC time.
GC pool 'PS Scavenge' had collection(s): count=1 time=111ms
2023-05-31 22:57:44,117 [JvmPauseMonitor5] WARN  util.JvmPauseMonitor (JvmPauseMonitor.java:detectPause(124)) - JvmPauseMonitor-9d40cccf-8c3a-4da2-ab03-ca5c7975d909: Detected pause in JVM or host machine approximately 0.120s with 0.111s GC time.
GC pool 'PS Scavenge' had collection(s): count=1 time=111ms
2023-05-31 22:57:44,117 [JvmPauseMonitor4] WARN  util.JvmPauseMonitor (JvmPauseMonitor.java:detectPause(124)) - JvmPauseMonitor-41c98476-2059-4142-8ca0-ae93b0d149f4: Detected pause in JVM or host machine approximately 0.120s with 0.111s GC time.
GC pool 'PS Scavenge' had collection(s): count=1 time=111ms
2023-05-31 22:57:44,117 [JvmPauseMonitor0] WARN  util.JvmPauseMonitor (JvmPauseMonitor.java:detectPause(124)) - JvmPauseMonitor-om1: Detected pause in JVM or host machine approximately 0.120s with 0.111s GC time.
GC pool 'PS Scavenge' had collection(s): count=1 time=111ms
2023-05-31 22:57:44,117 [JvmPauseMonitor3] WARN  util.JvmPauseMonitor (JvmPauseMonitor.java:detectPause(124)) - JvmPauseMonitor-cdb52bc9-5e07-4eca-b7fa-f50f992e3122: Detected pause in JVM or host machine approximately 0.121s with 0.111s GC time.
GC pool 'PS Scavenge' had collection(s): count=1 time=111ms
2023-05-31 22:57:44,118 [JvmPauseMonitor11] WARN  util.JvmPauseMonitor (JvmPauseMonitor.java:detectPause(124)) - JvmPauseMonitor-160cf24b-84e6-41e3-a0dc-1baa6b89aef1: Detected pause in JVM or host machine approximately 0.121s with 0.111s GC time.
GC pool 'PS Scavenge' had collection(s): count=1 time=111ms
2023-05-31 22:57:44,118 [JvmPauseMonitor14] WARN  util.JvmPauseMonitor (JvmPauseMonitor.java:detectPause(124)) - JvmPauseMonitor-f4bcbbae-f69c-492d-a431-822e5a7eea0c: Detected pause in JVM or host machine approximately 0.122s with 0.111s GC time.
GC pool 'PS Scavenge' had collection(s): count=1 time=111ms
2023-05-31 22:57:44,127 [244a53c4-9cb3-439d-93c3-5e05515fc991-groupManagement] INFO  server.RaftServerConfigKeys (ConfUtils.java:logGet(46)) - raft.server.log.unsafe-flush.enabled = false (default)
2023-05-31 22:57:44,127 [244a53c4-9cb3-439d-93c3-5e05515fc991-groupManagement] INFO  server.RaftServerConfigKeys (ConfUtils.java:logGet(46)) - raft.server.log.async-flush.enabled = false (default)
2023-05-31 22:57:44,127 [244a53c4-9cb3-439d-93c3-5e05515fc991-groupManagement] INFO  server.RaftServerConfigKeys (ConfUtils.java:logGet(46)) - raft.server.log.statemachine.data.caching.enabled = true (custom)
2023-05-31 22:57:44,128 [244a53c4-9cb3-439d-93c3-5e05515fc991-groupManagement] INFO  segmented.SegmentedRaftLogWorker (SegmentedRaftLogWorker.java:lambda$new$0(135)) - 244a53c4-9cb3-439d-93c3-5e05515fc991@group-A53698DCE0F1-SegmentedRaftLogWorker: flushIndex: setUnconditionally 0 -> -1
2023-05-31 22:57:44,132 [244a53c4-9cb3-439d-93c3-5e05515fc991-groupManagement] INFO  segmented.SegmentedRaftLogWorker (SegmentedRaftLogWorker.java:lambda$new$0(135)) - 244a53c4-9cb3-439d-93c3-5e05515fc991@group-A53698DCE0F1-SegmentedRaftLogWorker: safeCacheEvictIndex: setUnconditionally 0 -> -1
2023-05-31 22:57:44,132 [244a53c4-9cb3-439d-93c3-5e05515fc991-groupManagement] INFO  server.RaftServer$Division (RaftServerImpl.java:start(342)) - 244a53c4-9cb3-439d-93c3-5e05515fc991@group-A53698DCE0F1: start as a follower, conf=-1: peers:[244a53c4-9cb3-439d-93c3-5e05515fc991|rpc:10.1.0.15:15113|admin:10.1.0.15:15112|client:10.1.0.15:15111|dataStream:10.1.0.15:15114|priority:0|startupRole:FOLLOWER, 160cf24b-84e6-41e3-a0dc-1baa6b89aef1|rpc:10.1.0.15:15104|admin:10.1.0.15:15103|client:10.1.0.15:15102|dataStream:10.1.0.15:15105|priority:0|startupRole:FOLLOWER, 07122f08-5d38-49f7-8fdd-d2e34ec8d956|rpc:10.1.0.15:15095|admin:10.1.0.15:15094|client:10.1.0.15:15093|dataStream:10.1.0.15:15096|priority:1|startupRole:FOLLOWER]|listeners:[], old=null
2023-05-31 22:57:44,132 [244a53c4-9cb3-439d-93c3-5e05515fc991-groupManagement] INFO  server.RaftServer$Division (RaftServerImpl.java:setRole(329)) - 244a53c4-9cb3-439d-93c3-5e05515fc991@group-A53698DCE0F1: changes role from      null to FOLLOWER at term 0 for startAsFollower
2023-05-31 22:57:44,132 [244a53c4-9cb3-439d-93c3-5e05515fc991-groupManagement] INFO  impl.RoleInfo (RoleInfo.java:updateAndGet(139)) - 244a53c4-9cb3-439d-93c3-5e05515fc991: start 244a53c4-9cb3-439d-93c3-5e05515fc991@group-A53698DCE0F1-FollowerState
2023-05-31 22:57:44,134 [244a53c4-9cb3-439d-93c3-5e05515fc991-groupManagement] INFO  util.JmxRegister (JmxRegister.java:tryRegister(44)) - Successfully registered JMX Bean with object name Ratis:service=RaftServer,group=group-A53698DCE0F1,id=244a53c4-9cb3-439d-93c3-5e05515fc991
2023-05-31 22:57:44,134 [244a53c4-9cb3-439d-93c3-5e05515fc991-groupManagement] INFO  server.RaftServerConfigKeys (ConfUtils.java:logGet(46)) - raft.server.snapshot.auto.trigger.enabled = true (custom)
2023-05-31 22:57:44,134 [244a53c4-9cb3-439d-93c3-5e05515fc991-groupManagement] INFO  server.RaftServerConfigKeys (ConfUtils.java:logGet(46)) - raft.server.snapshot.auto.trigger.threshold = 10000 (custom)
2023-05-31 22:57:44,134 [244a53c4-9cb3-439d-93c3-5e05515fc991-groupManagement] INFO  server.RaftServerConfigKeys (ConfUtils.java:logGet(46)) - raft.server.snapshot.retention.file.num = 5 (custom)
2023-05-31 22:57:44,134 [244a53c4-9cb3-439d-93c3-5e05515fc991-groupManagement] INFO  server.RaftServerConfigKeys (ConfUtils.java:logGet(46)) - raft.server.log.purge.upto.snapshot.index = false (default)
2023-05-31 22:57:44,135 [244a53c4-9cb3-439d-93c3-5e05515fc991@group-A53698DCE0F1-FollowerState] INFO  server.RaftServerConfigKeys (ConfUtils.java:logFallback(53)) - raft.server.rpc.first-election.timeout.min = 5s (fallback to raft.server.rpc.timeout.min)
2023-05-31 22:57:44,135 [244a53c4-9cb3-439d-93c3-5e05515fc991@group-A53698DCE0F1-FollowerState] INFO  server.RaftServerConfigKeys (ConfUtils.java:logFallback(53)) - raft.server.rpc.first-election.timeout.max = 5200ms (fallback to raft.server.rpc.timeout.max)
2023-05-31 22:57:44,168 [PipelineCommandHandlerThread-0] INFO  commandhandler.CreatePipelineCommandHandler (CreatePipelineCommandHandler.java:lambda$handle$2(124)) - Created Pipeline RATIS THREE PipelineID=31c9f478-22b8-4318-8be4-a53698dce0f1.
2023-05-31 22:57:44,168 [PipelineCommandHandlerThread-0] INFO  server.RaftServer (RaftServerProxy.java:addNew(98)) - 07122f08-5d38-49f7-8fdd-d2e34ec8d956: addNew group-683DDCD52AE4:[244a53c4-9cb3-439d-93c3-5e05515fc991|rpc:10.1.0.15:15113|admin:10.1.0.15:15112|client:10.1.0.15:15111|dataStream:10.1.0.15:15114|priority:1|startupRole:FOLLOWER, 160cf24b-84e6-41e3-a0dc-1baa6b89aef1|rpc:10.1.0.15:15104|admin:10.1.0.15:15103|client:10.1.0.15:15102|dataStream:10.1.0.15:15105|priority:0|startupRole:FOLLOWER, 07122f08-5d38-49f7-8fdd-d2e34ec8d956|rpc:10.1.0.15:15095|admin:10.1.0.15:15094|client:10.1.0.15:15093|dataStream:10.1.0.15:15096|priority:0|startupRole:FOLLOWER] returns group-683DDCD52AE4:java.util.concurrent.CompletableFuture@7c0fa70b[Not completed]
2023-05-31 22:57:44,169 [07122f08-5d38-49f7-8fdd-d2e34ec8d956-groupManagement] INFO  server.RaftServer$Division (RaftServerImpl.java:<init>(198)) - 07122f08-5d38-49f7-8fdd-d2e34ec8d956: new RaftServerImpl for group-683DDCD52AE4:[244a53c4-9cb3-439d-93c3-5e05515fc991|rpc:10.1.0.15:15113|admin:10.1.0.15:15112|client:10.1.0.15:15111|dataStream:10.1.0.15:15114|priority:1|startupRole:FOLLOWER, 160cf24b-84e6-41e3-a0dc-1baa6b89aef1|rpc:10.1.0.15:15104|admin:10.1.0.15:15103|client:10.1.0.15:15102|dataStream:10.1.0.15:15105|priority:0|startupRole:FOLLOWER, 07122f08-5d38-49f7-8fdd-d2e34ec8d956|rpc:10.1.0.15:15095|admin:10.1.0.15:15094|client:10.1.0.15:15093|dataStream:10.1.0.15:15096|priority:0|startupRole:FOLLOWER] with ContainerStateMachine:uninitialized
2023-05-31 22:57:44,170 [07122f08-5d38-49f7-8fdd-d2e34ec8d956-groupManagement] INFO  server.RaftServerConfigKeys (ConfUtils.java:logGet(46)) - raft.server.rpc.timeout.min = 5s (custom)
2023-05-31 22:57:44,170 [07122f08-5d38-49f7-8fdd-d2e34ec8d956-groupManagement] INFO  server.RaftServerConfigKeys (ConfUtils.java:logGet(46)) - raft.server.rpc.timeout.max = 5200ms (custom)
2023-05-31 22:57:44,170 [07122f08-5d38-49f7-8fdd-d2e34ec8d956-groupManagement] INFO  server.RaftServerConfigKeys (ConfUtils.java:logGet(46)) - raft.server.rpc.sleep.time = 25ms (default)
2023-05-31 22:57:44,170 [07122f08-5d38-49f7-8fdd-d2e34ec8d956-groupManagement] INFO  server.RaftServerConfigKeys (ConfUtils.java:logGet(46)) - raft.server.rpc.slowness.timeout = 300s (custom)
2023-05-31 22:57:44,170 [07122f08-5d38-49f7-8fdd-d2e34ec8d956-groupManagement] INFO  server.RaftServerConfigKeys (ConfUtils.java:logGet(46)) - raft.server.leaderelection.leader.step-down.wait-time = 10s (default)
2023-05-31 22:57:44,170 [07122f08-5d38-49f7-8fdd-d2e34ec8d956-groupManagement] INFO  server.RaftServerConfigKeys (ConfUtils.java:logGet(46)) - raft.server.sleep.deviation.threshold = 300ms (default)
2023-05-31 22:57:44,170 [07122f08-5d38-49f7-8fdd-d2e34ec8d956-groupManagement] INFO  server.RaftServer$Division (ServerState.java:<init>(120)) - 07122f08-5d38-49f7-8fdd-d2e34ec8d956@group-683DDCD52AE4: ConfigurationManager, init=-1: peers:[244a53c4-9cb3-439d-93c3-5e05515fc991|rpc:10.1.0.15:15113|admin:10.1.0.15:15112|client:10.1.0.15:15111|dataStream:10.1.0.15:15114|priority:1|startupRole:FOLLOWER, 160cf24b-84e6-41e3-a0dc-1baa6b89aef1|rpc:10.1.0.15:15104|admin:10.1.0.15:15103|client:10.1.0.15:15102|dataStream:10.1.0.15:15105|priority:0|startupRole:FOLLOWER, 07122f08-5d38-49f7-8fdd-d2e34ec8d956|rpc:10.1.0.15:15095|admin:10.1.0.15:15094|client:10.1.0.15:15093|dataStream:10.1.0.15:15096|priority:0|startupRole:FOLLOWER]|listeners:[], old=null, confs=<EMPTY_MAP>
2023-05-31 22:57:44,170 [07122f08-5d38-49f7-8fdd-d2e34ec8d956-groupManagement] INFO  server.RaftServerConfigKeys (ConfUtils.java:logGet(46)) - raft.server.storage.dir = [/home/runner/work/ozone/ozone/hadoop-ozone/integration-test/target/test-dir/MiniOzoneClusterImpl-816a41a7-5c89-4e8c-81ba-db0c8b26fb2d/datanode-9/data/ratis] (custom)
2023-05-31 22:57:44,170 [07122f08-5d38-49f7-8fdd-d2e34ec8d956-groupManagement] INFO  server.RaftServerConfigKeys (ConfUtils.java:logGet(46)) - raft.server.log.corruption.policy = EXCEPTION (default)
2023-05-31 22:57:44,170 [07122f08-5d38-49f7-8fdd-d2e34ec8d956-groupManagement] INFO  server.RaftServerConfigKeys (ConfUtils.java:logGet(46)) - raft.server.storage.free-space.min = 0MB (=0) (default)
2023-05-31 22:57:44,170 [07122f08-5d38-49f7-8fdd-d2e34ec8d956-groupManagement] INFO  server.RaftServerConfigKeys (ConfUtils.java:logGet(46)) - raft.server.notification.no-leader.timeout = 300s (custom)
2023-05-31 22:57:44,171 [07122f08-5d38-49f7-8fdd-d2e34ec8d956-groupManagement] INFO  server.RaftServerConfigKeys (ConfUtils.java:logGet(46)) - raft.server.read.timeout = 10s (default)
2023-05-31 22:57:44,171 [07122f08-5d38-49f7-8fdd-d2e34ec8d956-groupManagement] INFO  server.RaftServerConfigKeys (ConfUtils.java:logGet(46)) - raft.server.retrycache.expirytime = 600000ms (custom)
2023-05-31 22:57:44,171 [07122f08-5d38-49f7-8fdd-d2e34ec8d956-groupManagement] INFO  server.RaftServerConfigKeys (ConfUtils.java:logGet(46)) - raft.server.retrycache.statistics.expirytime = 100μs (default)
2023-05-31 22:57:44,171 [07122f08-5d38-49f7-8fdd-d2e34ec8d956-groupManagement] INFO  server.RaftServerConfigKeys (ConfUtils.java:logGet(46)) - raft.server.read.option = DEFAULT (default)
2023-05-31 22:57:44,172 [07122f08-5d38-49f7-8fdd-d2e34ec8d956-groupManagement] INFO  server.RaftServerConfigKeys (ConfUtils.java:logGet(46)) - raft.server.rpc.request.timeout = 60s (custom)
2023-05-31 22:57:44,172 [07122f08-5d38-49f7-8fdd-d2e34ec8d956-groupManagement] INFO  server.RaftServerConfigKeys (ConfUtils.java:logGet(46)) - raft.server.log.appender.install.snapshot.enabled = false (custom)
2023-05-31 22:57:44,172 [07122f08-5d38-49f7-8fdd-d2e34ec8d956-groupManagement] INFO  server.RaftServerConfigKeys (ConfUtils.java:logGet(46)) - raft.server.threadpool.server.cached = true (default)
2023-05-31 22:57:44,172 [07122f08-5d38-49f7-8fdd-d2e34ec8d956-groupManagement] INFO  server.RaftServerConfigKeys (ConfUtils.java:logGet(46)) - raft.server.threadpool.server.size = 0 (default)
2023-05-31 22:57:44,172 [07122f08-5d38-49f7-8fdd-d2e34ec8d956-groupManagement] INFO  server.RaftServerConfigKeys (ConfUtils.java:logGet(46)) - raft.server.threadpool.client.cached = true (default)
2023-05-31 22:57:44,172 [07122f08-5d38-49f7-8fdd-d2e34ec8d956-groupManagement] INFO  server.RaftServerConfigKeys (ConfUtils.java:logGet(46)) - raft.server.threadpool.client.size = 0 (default)
2023-05-31 22:57:44,173 [07122f08-5d38-49f7-8fdd-d2e34ec8d956-groupManagement] INFO  storage.RaftStorageDirectory (RaftStorageDirectoryImpl.java:analyzeStorage(137)) - The storage directory /home/runner/work/ozone/ozone/hadoop-ozone/integration-test/target/test-dir/MiniOzoneClusterImpl-816a41a7-5c89-4e8c-81ba-db0c8b26fb2d/datanode-9/data/ratis/8204a975-54d1-4424-9e3b-683ddcd52ae4 does not exist. Creating ...
2023-05-31 22:57:44,174 [07122f08-5d38-49f7-8fdd-d2e34ec8d956-groupManagement] INFO  storage.RaftStorageDirectory (RaftStorageDirectoryImpl.java:tryLock(231)) - Lock on /home/runner/work/ozone/ozone/hadoop-ozone/integration-test/target/test-dir/MiniOzoneClusterImpl-816a41a7-5c89-4e8c-81ba-db0c8b26fb2d/datanode-9/data/ratis/8204a975-54d1-4424-9e3b-683ddcd52ae4/in_use.lock acquired by nodename 15007@fv-az844-56
2023-05-31 22:57:44,176 [07122f08-5d38-49f7-8fdd-d2e34ec8d956-groupManagement] INFO  storage.RaftStorage (RaftStorageImpl.java:format(96)) - Storage directory /home/runner/work/ozone/ozone/hadoop-ozone/integration-test/target/test-dir/MiniOzoneClusterImpl-816a41a7-5c89-4e8c-81ba-db0c8b26fb2d/datanode-9/data/ratis/8204a975-54d1-4424-9e3b-683ddcd52ae4 has been successfully formatted.
2023-05-31 22:57:44,177 [07122f08-5d38-49f7-8fdd-d2e34ec8d956-groupManagement] INFO  ratis.ContainerStateMachine (ContainerStateMachine.java:loadSnapshot(262)) - group-683DDCD52AE4: The snapshot info is null. Setting the last applied indexto:(t:0, i:~)
2023-05-31 22:57:44,177 [07122f08-5d38-49f7-8fdd-d2e34ec8d956-groupManagement] INFO  server.RaftServerConfigKeys (ConfUtils.java:logGet(46)) - raft.server.log.use.memory = false (default)
2023-05-31 22:57:44,177 [07122f08-5d38-49f7-8fdd-d2e34ec8d956-groupManagement] INFO  server.RaftServerConfigKeys (ConfUtils.java:logGet(46)) - raft.server.log.purge.gap = 1000000 (custom)
2023-05-31 22:57:44,177 [07122f08-5d38-49f7-8fdd-d2e34ec8d956-groupManagement] INFO  server.RaftServerConfigKeys (ConfUtils.java:logGet(46)) - raft.server.log.appender.buffer.byte-limit = 33554432 (custom)
2023-05-31 22:57:44,177 [07122f08-5d38-49f7-8fdd-d2e34ec8d956-groupManagement] INFO  server.RaftServerConfigKeys (ConfUtils.java:logGet(46)) - raft.server.log.statemachine.data.read.timeout = 1000ms (default)
2023-05-31 22:57:44,177 [07122f08-5d38-49f7-8fdd-d2e34ec8d956-groupManagement] INFO  server.RaftServerConfigKeys (ConfUtils.java:logGet(46)) - raft.server.log.purge.preservation.log.num = 0 (default)
2023-05-31 22:57:44,178 [07122f08-5d38-49f7-8fdd-d2e34ec8d956-groupManagement] INFO  server.RaftServerConfigKeys (ConfUtils.java:logGet(46)) - raft.server.log.segment.size.max = 1048576 (custom)
2023-05-31 22:57:44,178 [EventQueue-OpenPipelineForHealthyPipelineSafeModeRule] INFO  safemode.SCMSafeModeManager (HealthyPipelineSafeModeRule.java:process(137)) - SCM in safe mode. Healthy pipelines reported count is 0, required healthy pipeline reported count is 1
2023-05-31 22:57:44,179 [07122f08-5d38-49f7-8fdd-d2e34ec8d956-groupManagement] INFO  server.RaftServerConfigKeys (ConfUtils.java:logGet(46)) - raft.server.log.segment.cache.num.max = 2 (custom)
2023-05-31 22:57:44,179 [07122f08-5d38-49f7-8fdd-d2e34ec8d956-groupManagement] INFO  server.RaftServerConfigKeys (ConfUtils.java:logGet(46)) - raft.server.log.segment.cache.size.max = 200MB (=209715200) (default)
2023-05-31 22:57:44,179 [07122f08-5d38-49f7-8fdd-d2e34ec8d956-groupManagement] INFO  server.RaftServerConfigKeys (ConfUtils.java:logGet(46)) - raft.server.log.appender.buffer.byte-limit = 33554432 (custom)
2023-05-31 22:57:44,179 [07122f08-5d38-49f7-8fdd-d2e34ec8d956-groupManagement] INFO  segmented.SegmentedRaftLogWorker (SegmentedRaftLogWorker.java:<init>(188)) - new 07122f08-5d38-49f7-8fdd-d2e34ec8d956@group-683DDCD52AE4-SegmentedRaftLogWorker for RaftStorageImpl:Storage Directory /home/runner/work/ozone/ozone/hadoop-ozone/integration-test/target/test-dir/MiniOzoneClusterImpl-816a41a7-5c89-4e8c-81ba-db0c8b26fb2d/datanode-9/data/ratis/8204a975-54d1-4424-9e3b-683ddcd52ae4
2023-05-31 22:57:44,179 [07122f08-5d38-49f7-8fdd-d2e34ec8d956-groupManagement] INFO  server.RaftServerConfigKeys (ConfUtils.java:logGet(46)) - raft.server.log.queue.byte-limit = 4294967296 (custom)
2023-05-31 22:57:44,180 [07122f08-5d38-49f7-8fdd-d2e34ec8d956-groupManagement] INFO  server.RaftServerConfigKeys (ConfUtils.java:logGet(46)) - raft.server.log.queue.element-limit = 1024 (custom)
2023-05-31 22:57:44,180 [07122f08-5d38-49f7-8fdd-d2e34ec8d956-groupManagement] INFO  server.RaftServerConfigKeys (ConfUtils.java:logGet(46)) - raft.server.log.segment.size.max = 1048576 (custom)
2023-05-31 22:57:44,180 [07122f08-5d38-49f7-8fdd-d2e34ec8d956-groupManagement] INFO  server.RaftServerConfigKeys (ConfUtils.java:logGet(46)) - raft.server.log.preallocated.size = 16384 (custom)
2023-05-31 22:57:44,180 [07122f08-5d38-49f7-8fdd-d2e34ec8d956-groupManagement] INFO  server.RaftServerConfigKeys (ConfUtils.java:logGet(46)) - raft.server.log.force.sync.num = 128 (default)
2023-05-31 22:57:44,180 [07122f08-5d38-49f7-8fdd-d2e34ec8d956-groupManagement] INFO  server.RaftServerConfigKeys (ConfUtils.java:logGet(46)) - raft.server.log.statemachine.data.sync = true (default)
2023-05-31 22:57:44,181 [07122f08-5d38-49f7-8fdd-d2e34ec8d956-groupManagement] INFO  server.RaftServerConfigKeys (ConfUtils.java:logGet(46)) - raft.server.log.statemachine.data.sync.timeout = 10s (default)
2023-05-31 22:57:44,181 [07122f08-5d38-49f7-8fdd-d2e34ec8d956-groupManagement] INFO  server.RaftServerConfigKeys (ConfUtils.java:logGet(46)) - raft.server.log.statemachine.data.sync.timeout.retry = -1 (default)
2023-05-31 22:57:44,182 [07122f08-5d38-49f7-8fdd-d2e34ec8d956-groupManagement] INFO  server.RaftServerConfigKeys (ConfUtils.java:logGet(46)) - raft.server.log.write.buffer.size = 1048576 (custom)
2023-05-31 22:57:44,183 [07122f08-5d38-49f7-8fdd-d2e34ec8d956-groupManagement] INFO  server.RaftServerConfigKeys (ConfUtils.java:logGet(46)) - raft.server.log.appender.buffer.byte-limit = 33554432 (custom)
2023-05-31 22:57:44,189 [07122f08-5d38-49f7-8fdd-d2e34ec8d956-groupManagement] INFO  server.RaftServerConfigKeys (ConfUtils.java:logGet(46)) - raft.server.log.unsafe-flush.enabled = false (default)
2023-05-31 22:57:44,189 [07122f08-5d38-49f7-8fdd-d2e34ec8d956-groupManagement] INFO  server.RaftServerConfigKeys (ConfUtils.java:logGet(46)) - raft.server.log.async-flush.enabled = false (default)
2023-05-31 22:57:44,190 [07122f08-5d38-49f7-8fdd-d2e34ec8d956-groupManagement] INFO  server.RaftServerConfigKeys (ConfUtils.java:logGet(46)) - raft.server.log.statemachine.data.caching.enabled = true (custom)
2023-05-31 22:57:44,190 [07122f08-5d38-49f7-8fdd-d2e34ec8d956-groupManagement] INFO  segmented.SegmentedRaftLogWorker (SegmentedRaftLogWorker.java:lambda$new$0(135)) - 07122f08-5d38-49f7-8fdd-d2e34ec8d956@group-683DDCD52AE4-SegmentedRaftLogWorker: flushIndex: setUnconditionally 0 -> -1
2023-05-31 22:57:44,190 [07122f08-5d38-49f7-8fdd-d2e34ec8d956-groupManagement] INFO  segmented.SegmentedRaftLogWorker (SegmentedRaftLogWorker.java:lambda$new$0(135)) - 07122f08-5d38-49f7-8fdd-d2e34ec8d956@group-683DDCD52AE4-SegmentedRaftLogWorker: safeCacheEvictIndex: setUnconditionally 0 -> -1
2023-05-31 22:57:44,191 [07122f08-5d38-49f7-8fdd-d2e34ec8d956-groupManagement] INFO  server.RaftServer$Division (RaftServerImpl.java:start(342)) - 07122f08-5d38-49f7-8fdd-d2e34ec8d956@group-683DDCD52AE4: start as a follower, conf=-1: peers:[244a53c4-9cb3-439d-93c3-5e05515fc991|rpc:10.1.0.15:15113|admin:10.1.0.15:15112|client:10.1.0.15:15111|dataStream:10.1.0.15:15114|priority:1|startupRole:FOLLOWER, 160cf24b-84e6-41e3-a0dc-1baa6b89aef1|rpc:10.1.0.15:15104|admin:10.1.0.15:15103|client:10.1.0.15:15102|dataStream:10.1.0.15:15105|priority:0|startupRole:FOLLOWER, 07122f08-5d38-49f7-8fdd-d2e34ec8d956|rpc:10.1.0.15:15095|admin:10.1.0.15:15094|client:10.1.0.15:15093|dataStream:10.1.0.15:15096|priority:0|startupRole:FOLLOWER]|listeners:[], old=null
2023-05-31 22:57:44,191 [07122f08-5d38-49f7-8fdd-d2e34ec8d956-groupManagement] INFO  server.RaftServer$Division (RaftServerImpl.java:setRole(329)) - 07122f08-5d38-49f7-8fdd-d2e34ec8d956@group-683DDCD52AE4: changes role from      null to FOLLOWER at term 0 for startAsFollower
2023-05-31 22:57:44,191 [07122f08-5d38-49f7-8fdd-d2e34ec8d956-groupManagement] INFO  impl.RoleInfo (RoleInfo.java:updateAndGet(139)) - 07122f08-5d38-49f7-8fdd-d2e34ec8d956: start 07122f08-5d38-49f7-8fdd-d2e34ec8d956@group-683DDCD52AE4-FollowerState
2023-05-31 22:57:44,191 [07122f08-5d38-49f7-8fdd-d2e34ec8d956-groupManagement] INFO  util.JmxRegister (JmxRegister.java:tryRegister(44)) - Successfully registered JMX Bean with object name Ratis:service=RaftServer,group=group-683DDCD52AE4,id=07122f08-5d38-49f7-8fdd-d2e34ec8d956
2023-05-31 22:57:44,191 [07122f08-5d38-49f7-8fdd-d2e34ec8d956-groupManagement] INFO  server.RaftServerConfigKeys (ConfUtils.java:logGet(46)) - raft.server.snapshot.auto.trigger.enabled = true (custom)
2023-05-31 22:57:44,191 [07122f08-5d38-49f7-8fdd-d2e34ec8d956-groupManagement] INFO  server.RaftServerConfigKeys (ConfUtils.java:logGet(46)) - raft.server.snapshot.auto.trigger.threshold = 10000 (custom)
2023-05-31 22:57:44,191 [07122f08-5d38-49f7-8fdd-d2e34ec8d956-groupManagement] INFO  server.RaftServerConfigKeys (ConfUtils.java:logGet(46)) - raft.server.snapshot.retention.file.num = 5 (custom)
2023-05-31 22:57:44,192 [07122f08-5d38-49f7-8fdd-d2e34ec8d956-groupManagement] INFO  server.RaftServerConfigKeys (ConfUtils.java:logGet(46)) - raft.server.log.purge.upto.snapshot.index = false (default)
2023-05-31 22:57:44,192 [PipelineCommandHandlerThread-0] INFO  ratis.XceiverServerRatis (XceiverServerRatis.java:addGroup(804)) - Created group PipelineID=8204a975-54d1-4424-9e3b-683ddcd52ae4
2023-05-31 22:57:44,201 [07122f08-5d38-49f7-8fdd-d2e34ec8d956@group-683DDCD52AE4-FollowerState] INFO  server.RaftServerConfigKeys (ConfUtils.java:logFallback(53)) - raft.server.rpc.first-election.timeout.min = 5s (fallback to raft.server.rpc.timeout.min)
2023-05-31 22:57:44,202 [07122f08-5d38-49f7-8fdd-d2e34ec8d956@group-683DDCD52AE4-FollowerState] INFO  server.RaftServerConfigKeys (ConfUtils.java:logFallback(53)) - raft.server.rpc.first-election.timeout.max = 5200ms (fallback to raft.server.rpc.timeout.max)
2023-05-31 22:57:44,207 [grpc-default-executor-0] INFO  server.RaftServer (RaftServerProxy.java:addNew(98)) - 160cf24b-84e6-41e3-a0dc-1baa6b89aef1: addNew group-683DDCD52AE4:[244a53c4-9cb3-439d-93c3-5e05515fc991|rpc:10.1.0.15:15113|admin:10.1.0.15:15112|client:10.1.0.15:15111|dataStream:10.1.0.15:15114|priority:1|startupRole:FOLLOWER, 160cf24b-84e6-41e3-a0dc-1baa6b89aef1|rpc:10.1.0.15:15104|admin:10.1.0.15:15103|client:10.1.0.15:15102|dataStream:10.1.0.15:15105|priority:0|startupRole:FOLLOWER, 07122f08-5d38-49f7-8fdd-d2e34ec8d956|rpc:10.1.0.15:15095|admin:10.1.0.15:15094|client:10.1.0.15:15093|dataStream:10.1.0.15:15096|priority:0|startupRole:FOLLOWER] returns group-683DDCD52AE4:java.util.concurrent.CompletableFuture@73e48436[Not completed]
2023-05-31 22:57:44,210 [160cf24b-84e6-41e3-a0dc-1baa6b89aef1-groupManagement] INFO  server.RaftServer$Division (RaftServerImpl.java:<init>(198)) - 160cf24b-84e6-41e3-a0dc-1baa6b89aef1: new RaftServerImpl for group-683DDCD52AE4:[244a53c4-9cb3-439d-93c3-5e05515fc991|rpc:10.1.0.15:15113|admin:10.1.0.15:15112|client:10.1.0.15:15111|dataStream:10.1.0.15:15114|priority:1|startupRole:FOLLOWER, 160cf24b-84e6-41e3-a0dc-1baa6b89aef1|rpc:10.1.0.15:15104|admin:10.1.0.15:15103|client:10.1.0.15:15102|dataStream:10.1.0.15:15105|priority:0|startupRole:FOLLOWER, 07122f08-5d38-49f7-8fdd-d2e34ec8d956|rpc:10.1.0.15:15095|admin:10.1.0.15:15094|client:10.1.0.15:15093|dataStream:10.1.0.15:15096|priority:0|startupRole:FOLLOWER] with ContainerStateMachine:uninitialized
2023-05-31 22:57:44,211 [160cf24b-84e6-41e3-a0dc-1baa6b89aef1-groupManagement] INFO  server.RaftServerConfigKeys (ConfUtils.java:logGet(46)) - raft.server.rpc.timeout.min = 5s (custom)
2023-05-31 22:57:44,211 [160cf24b-84e6-41e3-a0dc-1baa6b89aef1-groupManagement] INFO  server.RaftServerConfigKeys (ConfUtils.java:logGet(46)) - raft.server.rpc.timeout.max = 5200ms (custom)
2023-05-31 22:57:44,211 [160cf24b-84e6-41e3-a0dc-1baa6b89aef1-groupManagement] INFO  server.RaftServerConfigKeys (ConfUtils.java:logGet(46)) - raft.server.rpc.sleep.time = 25ms (default)
2023-05-31 22:57:44,211 [160cf24b-84e6-41e3-a0dc-1baa6b89aef1-groupManagement] INFO  server.RaftServerConfigKeys (ConfUtils.java:logGet(46)) - raft.server.rpc.slowness.timeout = 300s (custom)
2023-05-31 22:57:44,211 [160cf24b-84e6-41e3-a0dc-1baa6b89aef1-groupManagement] INFO  server.RaftServerConfigKeys (ConfUtils.java:logGet(46)) - raft.server.leaderelection.leader.step-down.wait-time = 10s (default)
2023-05-31 22:57:44,211 [160cf24b-84e6-41e3-a0dc-1baa6b89aef1-groupManagement] INFO  server.RaftServerConfigKeys (ConfUtils.java:logGet(46)) - raft.server.sleep.deviation.threshold = 300ms (default)
2023-05-31 22:57:44,211 [160cf24b-84e6-41e3-a0dc-1baa6b89aef1-groupManagement] INFO  server.RaftServer$Division (ServerState.java:<init>(120)) - 160cf24b-84e6-41e3-a0dc-1baa6b89aef1@group-683DDCD52AE4: ConfigurationManager, init=-1: peers:[244a53c4-9cb3-439d-93c3-5e05515fc991|rpc:10.1.0.15:15113|admin:10.1.0.15:15112|client:10.1.0.15:15111|dataStream:10.1.0.15:15114|priority:1|startupRole:FOLLOWER, 160cf24b-84e6-41e3-a0dc-1baa6b89aef1|rpc:10.1.0.15:15104|admin:10.1.0.15:15103|client:10.1.0.15:15102|dataStream:10.1.0.15:15105|priority:0|startupRole:FOLLOWER, 07122f08-5d38-49f7-8fdd-d2e34ec8d956|rpc:10.1.0.15:15095|admin:10.1.0.15:15094|client:10.1.0.15:15093|dataStream:10.1.0.15:15096|priority:0|startupRole:FOLLOWER]|listeners:[], old=null, confs=<EMPTY_MAP>
2023-05-31 22:57:44,211 [160cf24b-84e6-41e3-a0dc-1baa6b89aef1-groupManagement] INFO  server.RaftServerConfigKeys (ConfUtils.java:logGet(46)) - raft.server.storage.dir = [/home/runner/work/ozone/ozone/hadoop-ozone/integration-test/target/test-dir/MiniOzoneClusterImpl-816a41a7-5c89-4e8c-81ba-db0c8b26fb2d/datanode-10/data/ratis] (custom)
2023-05-31 22:57:44,212 [160cf24b-84e6-41e3-a0dc-1baa6b89aef1-groupManagement] INFO  server.RaftServerConfigKeys (ConfUtils.java:logGet(46)) - raft.server.log.corruption.policy = EXCEPTION (default)
2023-05-31 22:57:44,212 [160cf24b-84e6-41e3-a0dc-1baa6b89aef1-groupManagement] INFO  server.RaftServerConfigKeys (ConfUtils.java:logGet(46)) - raft.server.storage.free-space.min = 0MB (=0) (default)
2023-05-31 22:57:44,212 [160cf24b-84e6-41e3-a0dc-1baa6b89aef1-groupManagement] INFO  server.RaftServerConfigKeys (ConfUtils.java:logGet(46)) - raft.server.notification.no-leader.timeout = 300s (custom)
2023-05-31 22:57:44,212 [160cf24b-84e6-41e3-a0dc-1baa6b89aef1-groupManagement] INFO  server.RaftServerConfigKeys (ConfUtils.java:logGet(46)) - raft.server.read.timeout = 10s (default)
2023-05-31 22:57:44,212 [160cf24b-84e6-41e3-a0dc-1baa6b89aef1-groupManagement] INFO  server.RaftServerConfigKeys (ConfUtils.java:logGet(46)) - raft.server.retrycache.expirytime = 600000ms (custom)
2023-05-31 22:57:44,212 [160cf24b-84e6-41e3-a0dc-1baa6b89aef1-groupManagement] INFO  server.RaftServerConfigKeys (ConfUtils.java:logGet(46)) - raft.server.retrycache.statistics.expirytime = 100μs (default)
2023-05-31 22:57:44,212 [160cf24b-84e6-41e3-a0dc-1baa6b89aef1-groupManagement] INFO  server.RaftServerConfigKeys (ConfUtils.java:logGet(46)) - raft.server.read.option = DEFAULT (default)
2023-05-31 22:57:44,214 [160cf24b-84e6-41e3-a0dc-1baa6b89aef1-groupManagement] INFO  server.RaftServerConfigKeys (ConfUtils.java:logGet(46)) - raft.server.rpc.request.timeout = 60s (custom)
2023-05-31 22:57:44,214 [160cf24b-84e6-41e3-a0dc-1baa6b89aef1-groupManagement] INFO  server.RaftServerConfigKeys (ConfUtils.java:logGet(46)) - raft.server.log.appender.install.snapshot.enabled = false (custom)
2023-05-31 22:57:44,214 [160cf24b-84e6-41e3-a0dc-1baa6b89aef1-groupManagement] INFO  server.RaftServerConfigKeys (ConfUtils.java:logGet(46)) - raft.server.threadpool.server.cached = true (default)
2023-05-31 22:57:44,214 [160cf24b-84e6-41e3-a0dc-1baa6b89aef1-groupManagement] INFO  server.RaftServerConfigKeys (ConfUtils.java:logGet(46)) - raft.server.threadpool.server.size = 0 (default)
2023-05-31 22:57:44,214 [160cf24b-84e6-41e3-a0dc-1baa6b89aef1-groupManagement] INFO  server.RaftServerConfigKeys (ConfUtils.java:logGet(46)) - raft.server.threadpool.client.cached = true (default)
2023-05-31 22:57:44,214 [160cf24b-84e6-41e3-a0dc-1baa6b89aef1-groupManagement] INFO  server.RaftServerConfigKeys (ConfUtils.java:logGet(46)) - raft.server.threadpool.client.size = 0 (default)
2023-05-31 22:57:44,214 [160cf24b-84e6-41e3-a0dc-1baa6b89aef1-groupManagement] INFO  storage.RaftStorageDirectory (RaftStorageDirectoryImpl.java:analyzeStorage(137)) - The storage directory /home/runner/work/ozone/ozone/hadoop-ozone/integration-test/target/test-dir/MiniOzoneClusterImpl-816a41a7-5c89-4e8c-81ba-db0c8b26fb2d/datanode-10/data/ratis/8204a975-54d1-4424-9e3b-683ddcd52ae4 does not exist. Creating ...
2023-05-31 22:57:44,216 [160cf24b-84e6-41e3-a0dc-1baa6b89aef1-groupManagement] INFO  storage.RaftStorageDirectory (RaftStorageDirectoryImpl.java:tryLock(231)) - Lock on /home/runner/work/ozone/ozone/hadoop-ozone/integration-test/target/test-dir/MiniOzoneClusterImpl-816a41a7-5c89-4e8c-81ba-db0c8b26fb2d/datanode-10/data/ratis/8204a975-54d1-4424-9e3b-683ddcd52ae4/in_use.lock acquired by nodename 15007@fv-az844-56
2023-05-31 22:57:44,217 [160cf24b-84e6-41e3-a0dc-1baa6b89aef1-groupManagement] INFO  storage.RaftStorage (RaftStorageImpl.java:format(96)) - Storage directory /home/runner/work/ozone/ozone/hadoop-ozone/integration-test/target/test-dir/MiniOzoneClusterImpl-816a41a7-5c89-4e8c-81ba-db0c8b26fb2d/datanode-10/data/ratis/8204a975-54d1-4424-9e3b-683ddcd52ae4 has been successfully formatted.
2023-05-31 22:57:44,219 [160cf24b-84e6-41e3-a0dc-1baa6b89aef1-groupManagement] INFO  ratis.ContainerStateMachine (ContainerStateMachine.java:loadSnapshot(262)) - group-683DDCD52AE4: The snapshot info is null. Setting the last applied indexto:(t:0, i:~)
2023-05-31 22:57:44,219 [160cf24b-84e6-41e3-a0dc-1baa6b89aef1-groupManagement] INFO  server.RaftServerConfigKeys (ConfUtils.java:logGet(46)) - raft.server.log.use.memory = false (default)
2023-05-31 22:57:44,219 [160cf24b-84e6-41e3-a0dc-1baa6b89aef1-groupManagement] INFO  server.RaftServerConfigKeys (ConfUtils.java:logGet(46)) - raft.server.log.purge.gap = 1000000 (custom)
2023-05-31 22:57:44,219 [160cf24b-84e6-41e3-a0dc-1baa6b89aef1-groupManagement] INFO  server.RaftServerConfigKeys (ConfUtils.java:logGet(46)) - raft.server.log.appender.buffer.byte-limit = 33554432 (custom)
2023-05-31 22:57:44,220 [160cf24b-84e6-41e3-a0dc-1baa6b89aef1-groupManagement] INFO  server.RaftServerConfigKeys (ConfUtils.java:logGet(46)) - raft.server.log.statemachine.data.read.timeout = 1000ms (default)
2023-05-31 22:57:44,220 [160cf24b-84e6-41e3-a0dc-1baa6b89aef1-groupManagement] INFO  server.RaftServerConfigKeys (ConfUtils.java:logGet(46)) - raft.server.log.purge.preservation.log.num = 0 (default)
2023-05-31 22:57:44,220 [160cf24b-84e6-41e3-a0dc-1baa6b89aef1-groupManagement] INFO  server.RaftServerConfigKeys (ConfUtils.java:logGet(46)) - raft.server.log.segment.size.max = 1048576 (custom)
2023-05-31 22:57:44,221 [160cf24b-84e6-41e3-a0dc-1baa6b89aef1-groupManagement] INFO  server.RaftServerConfigKeys (ConfUtils.java:logGet(46)) - raft.server.log.segment.cache.num.max = 2 (custom)
2023-05-31 22:57:44,221 [160cf24b-84e6-41e3-a0dc-1baa6b89aef1-groupManagement] INFO  server.RaftServerConfigKeys (ConfUtils.java:logGet(46)) - raft.server.log.segment.cache.size.max = 200MB (=209715200) (default)
2023-05-31 22:57:44,221 [160cf24b-84e6-41e3-a0dc-1baa6b89aef1-groupManagement] INFO  server.RaftServerConfigKeys (ConfUtils.java:logGet(46)) - raft.server.log.appender.buffer.byte-limit = 33554432 (custom)
2023-05-31 22:57:44,221 [160cf24b-84e6-41e3-a0dc-1baa6b89aef1-groupManagement] INFO  segmented.SegmentedRaftLogWorker (SegmentedRaftLogWorker.java:<init>(188)) - new 160cf24b-84e6-41e3-a0dc-1baa6b89aef1@group-683DDCD52AE4-SegmentedRaftLogWorker for RaftStorageImpl:Storage Directory /home/runner/work/ozone/ozone/hadoop-ozone/integration-test/target/test-dir/MiniOzoneClusterImpl-816a41a7-5c89-4e8c-81ba-db0c8b26fb2d/datanode-10/data/ratis/8204a975-54d1-4424-9e3b-683ddcd52ae4
2023-05-31 22:57:44,221 [160cf24b-84e6-41e3-a0dc-1baa6b89aef1-groupManagement] INFO  server.RaftServerConfigKeys (ConfUtils.java:logGet(46)) - raft.server.log.queue.byte-limit = 4294967296 (custom)
2023-05-31 22:57:44,221 [160cf24b-84e6-41e3-a0dc-1baa6b89aef1-groupManagement] INFO  server.RaftServerConfigKeys (ConfUtils.java:logGet(46)) - raft.server.log.queue.element-limit = 1024 (custom)
2023-05-31 22:57:44,221 [160cf24b-84e6-41e3-a0dc-1baa6b89aef1-groupManagement] INFO  server.RaftServerConfigKeys (ConfUtils.java:logGet(46)) - raft.server.log.segment.size.max = 1048576 (custom)
2023-05-31 22:57:44,221 [160cf24b-84e6-41e3-a0dc-1baa6b89aef1-groupManagement] INFO  server.RaftServerConfigKeys (ConfUtils.java:logGet(46)) - raft.server.log.preallocated.size = 16384 (custom)
2023-05-31 22:57:44,221 [160cf24b-84e6-41e3-a0dc-1baa6b89aef1-groupManagement] INFO  server.RaftServerConfigKeys (ConfUtils.java:logGet(46)) - raft.server.log.force.sync.num = 128 (default)
2023-05-31 22:57:44,221 [160cf24b-84e6-41e3-a0dc-1baa6b89aef1-groupManagement] INFO  server.RaftServerConfigKeys (ConfUtils.java:logGet(46)) - raft.server.log.statemachine.data.sync = true (default)
2023-05-31 22:57:44,221 [160cf24b-84e6-41e3-a0dc-1baa6b89aef1-groupManagement] INFO  server.RaftServerConfigKeys (ConfUtils.java:logGet(46)) - raft.server.log.statemachine.data.sync.timeout = 10s (default)
2023-05-31 22:57:44,222 [160cf24b-84e6-41e3-a0dc-1baa6b89aef1-groupManagement] INFO  server.RaftServerConfigKeys (ConfUtils.java:logGet(46)) - raft.server.log.statemachine.data.sync.timeout.retry = -1 (default)
2023-05-31 22:57:44,222 [160cf24b-84e6-41e3-a0dc-1baa6b89aef1-groupManagement] INFO  server.RaftServerConfigKeys (ConfUtils.java:logGet(46)) - raft.server.log.write.buffer.size = 1048576 (custom)
2023-05-31 22:57:44,223 [160cf24b-84e6-41e3-a0dc-1baa6b89aef1-groupManagement] INFO  server.RaftServerConfigKeys (ConfUtils.java:logGet(46)) - raft.server.log.appender.buffer.byte-limit = 33554432 (custom)
2023-05-31 22:57:44,228 [160cf24b-84e6-41e3-a0dc-1baa6b89aef1-groupManagement] INFO  server.RaftServerConfigKeys (ConfUtils.java:logGet(46)) - raft.server.log.unsafe-flush.enabled = false (default)
2023-05-31 22:57:44,229 [160cf24b-84e6-41e3-a0dc-1baa6b89aef1-groupManagement] INFO  server.RaftServerConfigKeys (ConfUtils.java:logGet(46)) - raft.server.log.async-flush.enabled = false (default)
2023-05-31 22:57:44,229 [160cf24b-84e6-41e3-a0dc-1baa6b89aef1-groupManagement] INFO  server.RaftServerConfigKeys (ConfUtils.java:logGet(46)) - raft.server.log.statemachine.data.caching.enabled = true (custom)
2023-05-31 22:57:44,229 [160cf24b-84e6-41e3-a0dc-1baa6b89aef1-groupManagement] INFO  segmented.SegmentedRaftLogWorker (SegmentedRaftLogWorker.java:lambda$new$0(135)) - 160cf24b-84e6-41e3-a0dc-1baa6b89aef1@group-683DDCD52AE4-SegmentedRaftLogWorker: flushIndex: setUnconditionally 0 -> -1
2023-05-31 22:57:44,229 [160cf24b-84e6-41e3-a0dc-1baa6b89aef1-groupManagement] INFO  segmented.SegmentedRaftLogWorker (SegmentedRaftLogWorker.java:lambda$new$0(135)) - 160cf24b-84e6-41e3-a0dc-1baa6b89aef1@group-683DDCD52AE4-SegmentedRaftLogWorker: safeCacheEvictIndex: setUnconditionally 0 -> -1
2023-05-31 22:57:44,229 [160cf24b-84e6-41e3-a0dc-1baa6b89aef1-groupManagement] INFO  server.RaftServer$Division (RaftServerImpl.java:start(342)) - 160cf24b-84e6-41e3-a0dc-1baa6b89aef1@group-683DDCD52AE4: start as a follower, conf=-1: peers:[244a53c4-9cb3-439d-93c3-5e05515fc991|rpc:10.1.0.15:15113|admin:10.1.0.15:15112|client:10.1.0.15:15111|dataStream:10.1.0.15:15114|priority:1|startupRole:FOLLOWER, 160cf24b-84e6-41e3-a0dc-1baa6b89aef1|rpc:10.1.0.15:15104|admin:10.1.0.15:15103|client:10.1.0.15:15102|dataStream:10.1.0.15:15105|priority:0|startupRole:FOLLOWER, 07122f08-5d38-49f7-8fdd-d2e34ec8d956|rpc:10.1.0.15:15095|admin:10.1.0.15:15094|client:10.1.0.15:15093|dataStream:10.1.0.15:15096|priority:0|startupRole:FOLLOWER]|listeners:[], old=null
2023-05-31 22:57:44,230 [160cf24b-84e6-41e3-a0dc-1baa6b89aef1-groupManagement] INFO  server.RaftServer$Division (RaftServerImpl.java:setRole(329)) - 160cf24b-84e6-41e3-a0dc-1baa6b89aef1@group-683DDCD52AE4: changes role from      null to FOLLOWER at term 0 for startAsFollower
2023-05-31 22:57:44,230 [160cf24b-84e6-41e3-a0dc-1baa6b89aef1-groupManagement] INFO  impl.RoleInfo (RoleInfo.java:updateAndGet(139)) - 160cf24b-84e6-41e3-a0dc-1baa6b89aef1: start 160cf24b-84e6-41e3-a0dc-1baa6b89aef1@group-683DDCD52AE4-FollowerState
2023-05-31 22:57:44,235 [160cf24b-84e6-41e3-a0dc-1baa6b89aef1-groupManagement] INFO  util.JmxRegister (JmxRegister.java:tryRegister(44)) - Successfully registered JMX Bean with object name Ratis:service=RaftServer,group=group-683DDCD52AE4,id=160cf24b-84e6-41e3-a0dc-1baa6b89aef1
2023-05-31 22:57:44,235 [160cf24b-84e6-41e3-a0dc-1baa6b89aef1-groupManagement] INFO  server.RaftServerConfigKeys (ConfUtils.java:logGet(46)) - raft.server.snapshot.auto.trigger.enabled = true (custom)
2023-05-31 22:57:44,235 [160cf24b-84e6-41e3-a0dc-1baa6b89aef1-groupManagement] INFO  server.RaftServerConfigKeys (ConfUtils.java:logGet(46)) - raft.server.snapshot.auto.trigger.threshold = 10000 (custom)
2023-05-31 22:57:44,235 [160cf24b-84e6-41e3-a0dc-1baa6b89aef1-groupManagement] INFO  server.RaftServerConfigKeys (ConfUtils.java:logGet(46)) - raft.server.snapshot.retention.file.num = 5 (custom)
2023-05-31 22:57:44,235 [160cf24b-84e6-41e3-a0dc-1baa6b89aef1-groupManagement] INFO  server.RaftServerConfigKeys (ConfUtils.java:logGet(46)) - raft.server.log.purge.upto.snapshot.index = false (default)
2023-05-31 22:57:44,236 [160cf24b-84e6-41e3-a0dc-1baa6b89aef1@group-683DDCD52AE4-FollowerState] INFO  server.RaftServerConfigKeys (ConfUtils.java:logFallback(53)) - raft.server.rpc.first-election.timeout.min = 5s (fallback to raft.server.rpc.timeout.min)
2023-05-31 22:57:44,236 [160cf24b-84e6-41e3-a0dc-1baa6b89aef1@group-683DDCD52AE4-FollowerState] INFO  server.RaftServerConfigKeys (ConfUtils.java:logFallback(53)) - raft.server.rpc.first-election.timeout.max = 5200ms (fallback to raft.server.rpc.timeout.max)
2023-05-31 22:57:44,270 [grpc-default-executor-0] INFO  server.RaftServer (RaftServerProxy.java:addNew(98)) - 244a53c4-9cb3-439d-93c3-5e05515fc991: addNew group-683DDCD52AE4:[244a53c4-9cb3-439d-93c3-5e05515fc991|rpc:10.1.0.15:15113|admin:10.1.0.15:15112|client:10.1.0.15:15111|dataStream:10.1.0.15:15114|priority:1|startupRole:FOLLOWER, 160cf24b-84e6-41e3-a0dc-1baa6b89aef1|rpc:10.1.0.15:15104|admin:10.1.0.15:15103|client:10.1.0.15:15102|dataStream:10.1.0.15:15105|priority:0|startupRole:FOLLOWER, 07122f08-5d38-49f7-8fdd-d2e34ec8d956|rpc:10.1.0.15:15095|admin:10.1.0.15:15094|client:10.1.0.15:15093|dataStream:10.1.0.15:15096|priority:0|startupRole:FOLLOWER] returns group-683DDCD52AE4:java.util.concurrent.CompletableFuture@6d3c79b1[Not completed]
2023-05-31 22:57:44,271 [244a53c4-9cb3-439d-93c3-5e05515fc991-groupManagement] INFO  server.RaftServer$Division (RaftServerImpl.java:<init>(198)) - 244a53c4-9cb3-439d-93c3-5e05515fc991: new RaftServerImpl for group-683DDCD52AE4:[244a53c4-9cb3-439d-93c3-5e05515fc991|rpc:10.1.0.15:15113|admin:10.1.0.15:15112|client:10.1.0.15:15111|dataStream:10.1.0.15:15114|priority:1|startupRole:FOLLOWER, 160cf24b-84e6-41e3-a0dc-1baa6b89aef1|rpc:10.1.0.15:15104|admin:10.1.0.15:15103|client:10.1.0.15:15102|dataStream:10.1.0.15:15105|priority:0|startupRole:FOLLOWER, 07122f08-5d38-49f7-8fdd-d2e34ec8d956|rpc:10.1.0.15:15095|admin:10.1.0.15:15094|client:10.1.0.15:15093|dataStream:10.1.0.15:15096|priority:0|startupRole:FOLLOWER] with ContainerStateMachine:uninitialized
2023-05-31 22:57:44,271 [244a53c4-9cb3-439d-93c3-5e05515fc991-groupManagement] INFO  server.RaftServerConfigKeys (ConfUtils.java:logGet(46)) - raft.server.rpc.timeout.min = 5s (custom)
2023-05-31 22:57:44,271 [244a53c4-9cb3-439d-93c3-5e05515fc991-groupManagement] INFO  server.RaftServerConfigKeys (ConfUtils.java:logGet(46)) - raft.server.rpc.timeout.max = 5200ms (custom)
2023-05-31 22:57:44,271 [244a53c4-9cb3-439d-93c3-5e05515fc991-groupManagement] INFO  server.RaftServerConfigKeys (ConfUtils.java:logGet(46)) - raft.server.rpc.sleep.time = 25ms (default)
2023-05-31 22:57:44,271 [244a53c4-9cb3-439d-93c3-5e05515fc991-groupManagement] INFO  server.RaftServerConfigKeys (ConfUtils.java:logGet(46)) - raft.server.rpc.slowness.timeout = 300s (custom)
2023-05-31 22:57:44,271 [244a53c4-9cb3-439d-93c3-5e05515fc991-groupManagement] INFO  server.RaftServerConfigKeys (ConfUtils.java:logGet(46)) - raft.server.leaderelection.leader.step-down.wait-time = 10s (default)
2023-05-31 22:57:44,271 [244a53c4-9cb3-439d-93c3-5e05515fc991-groupManagement] INFO  server.RaftServerConfigKeys (ConfUtils.java:logGet(46)) - raft.server.sleep.deviation.threshold = 300ms (default)
2023-05-31 22:57:44,271 [244a53c4-9cb3-439d-93c3-5e05515fc991-groupManagement] INFO  server.RaftServer$Division (ServerState.java:<init>(120)) - 244a53c4-9cb3-439d-93c3-5e05515fc991@group-683DDCD52AE4: ConfigurationManager, init=-1: peers:[244a53c4-9cb3-439d-93c3-5e05515fc991|rpc:10.1.0.15:15113|admin:10.1.0.15:15112|client:10.1.0.15:15111|dataStream:10.1.0.15:15114|priority:1|startupRole:FOLLOWER, 160cf24b-84e6-41e3-a0dc-1baa6b89aef1|rpc:10.1.0.15:15104|admin:10.1.0.15:15103|client:10.1.0.15:15102|dataStream:10.1.0.15:15105|priority:0|startupRole:FOLLOWER, 07122f08-5d38-49f7-8fdd-d2e34ec8d956|rpc:10.1.0.15:15095|admin:10.1.0.15:15094|client:10.1.0.15:15093|dataStream:10.1.0.15:15096|priority:0|startupRole:FOLLOWER]|listeners:[], old=null, confs=<EMPTY_MAP>
2023-05-31 22:57:44,271 [244a53c4-9cb3-439d-93c3-5e05515fc991-groupManagement] INFO  server.RaftServerConfigKeys (ConfUtils.java:logGet(46)) - raft.server.storage.dir = [/home/runner/work/ozone/ozone/hadoop-ozone/integration-test/target/test-dir/MiniOzoneClusterImpl-816a41a7-5c89-4e8c-81ba-db0c8b26fb2d/datanode-11/data/ratis] (custom)
2023-05-31 22:57:44,272 [244a53c4-9cb3-439d-93c3-5e05515fc991-groupManagement] INFO  server.RaftServerConfigKeys (ConfUtils.java:logGet(46)) - raft.server.log.corruption.policy = EXCEPTION (default)
2023-05-31 22:57:44,272 [244a53c4-9cb3-439d-93c3-5e05515fc991-groupManagement] INFO  server.RaftServerConfigKeys (ConfUtils.java:logGet(46)) - raft.server.storage.free-space.min = 0MB (=0) (default)
2023-05-31 22:57:44,272 [244a53c4-9cb3-439d-93c3-5e05515fc991-groupManagement] INFO  server.RaftServerConfigKeys (ConfUtils.java:logGet(46)) - raft.server.notification.no-leader.timeout = 300s (custom)
2023-05-31 22:57:44,272 [244a53c4-9cb3-439d-93c3-5e05515fc991-groupManagement] INFO  server.RaftServerConfigKeys (ConfUtils.java:logGet(46)) - raft.server.read.timeout = 10s (default)
2023-05-31 22:57:44,272 [244a53c4-9cb3-439d-93c3-5e05515fc991-groupManagement] INFO  server.RaftServerConfigKeys (ConfUtils.java:logGet(46)) - raft.server.retrycache.expirytime = 600000ms (custom)
2023-05-31 22:57:44,272 [244a53c4-9cb3-439d-93c3-5e05515fc991-groupManagement] INFO  server.RaftServerConfigKeys (ConfUtils.java:logGet(46)) - raft.server.retrycache.statistics.expirytime = 100μs (default)
2023-05-31 22:57:44,272 [244a53c4-9cb3-439d-93c3-5e05515fc991-groupManagement] INFO  server.RaftServerConfigKeys (ConfUtils.java:logGet(46)) - raft.server.read.option = DEFAULT (default)
2023-05-31 22:57:44,274 [244a53c4-9cb3-439d-93c3-5e05515fc991-groupManagement] INFO  server.RaftServerConfigKeys (ConfUtils.java:logGet(46)) - raft.server.rpc.request.timeout = 60s (custom)
2023-05-31 22:57:44,274 [244a53c4-9cb3-439d-93c3-5e05515fc991-groupManagement] INFO  server.RaftServerConfigKeys (ConfUtils.java:logGet(46)) - raft.server.log.appender.install.snapshot.enabled = false (custom)
2023-05-31 22:57:44,274 [244a53c4-9cb3-439d-93c3-5e05515fc991-groupManagement] INFO  server.RaftServerConfigKeys (ConfUtils.java:logGet(46)) - raft.server.threadpool.server.cached = true (default)
2023-05-31 22:57:44,274 [244a53c4-9cb3-439d-93c3-5e05515fc991-groupManagement] INFO  server.RaftServerConfigKeys (ConfUtils.java:logGet(46)) - raft.server.threadpool.server.size = 0 (default)
2023-05-31 22:57:44,274 [244a53c4-9cb3-439d-93c3-5e05515fc991-groupManagement] INFO  server.RaftServerConfigKeys (ConfUtils.java:logGet(46)) - raft.server.threadpool.client.cached = true (default)
2023-05-31 22:57:44,274 [244a53c4-9cb3-439d-93c3-5e05515fc991-groupManagement] INFO  server.RaftServerConfigKeys (ConfUtils.java:logGet(46)) - raft.server.threadpool.client.size = 0 (default)
2023-05-31 22:57:44,275 [244a53c4-9cb3-439d-93c3-5e05515fc991-groupManagement] INFO  storage.RaftStorageDirectory (RaftStorageDirectoryImpl.java:analyzeStorage(137)) - The storage directory /home/runner/work/ozone/ozone/hadoop-ozone/integration-test/target/test-dir/MiniOzoneClusterImpl-816a41a7-5c89-4e8c-81ba-db0c8b26fb2d/datanode-11/data/ratis/8204a975-54d1-4424-9e3b-683ddcd52ae4 does not exist. Creating ...
2023-05-31 22:57:44,276 [244a53c4-9cb3-439d-93c3-5e05515fc991-groupManagement] INFO  storage.RaftStorageDirectory (RaftStorageDirectoryImpl.java:tryLock(231)) - Lock on /home/runner/work/ozone/ozone/hadoop-ozone/integration-test/target/test-dir/MiniOzoneClusterImpl-816a41a7-5c89-4e8c-81ba-db0c8b26fb2d/datanode-11/data/ratis/8204a975-54d1-4424-9e3b-683ddcd52ae4/in_use.lock acquired by nodename 15007@fv-az844-56
2023-05-31 22:57:44,277 [244a53c4-9cb3-439d-93c3-5e05515fc991-groupManagement] INFO  storage.RaftStorage (RaftStorageImpl.java:format(96)) - Storage directory /home/runner/work/ozone/ozone/hadoop-ozone/integration-test/target/test-dir/MiniOzoneClusterImpl-816a41a7-5c89-4e8c-81ba-db0c8b26fb2d/datanode-11/data/ratis/8204a975-54d1-4424-9e3b-683ddcd52ae4 has been successfully formatted.
2023-05-31 22:57:44,281 [244a53c4-9cb3-439d-93c3-5e05515fc991-groupManagement] INFO  ratis.ContainerStateMachine (ContainerStateMachine.java:loadSnapshot(262)) - group-683DDCD52AE4: The snapshot info is null. Setting the last applied indexto:(t:0, i:~)
2023-05-31 22:57:44,281 [244a53c4-9cb3-439d-93c3-5e05515fc991-groupManagement] INFO  server.RaftServerConfigKeys (ConfUtils.java:logGet(46)) - raft.server.log.use.memory = false (default)
2023-05-31 22:57:44,281 [244a53c4-9cb3-439d-93c3-5e05515fc991-groupManagement] INFO  server.RaftServerConfigKeys (ConfUtils.java:logGet(46)) - raft.server.log.purge.gap = 1000000 (custom)
2023-05-31 22:57:44,281 [244a53c4-9cb3-439d-93c3-5e05515fc991-groupManagement] INFO  server.RaftServerConfigKeys (ConfUtils.java:logGet(46)) - raft.server.log.appender.buffer.byte-limit = 33554432 (custom)
2023-05-31 22:57:44,281 [244a53c4-9cb3-439d-93c3-5e05515fc991-groupManagement] INFO  server.RaftServerConfigKeys (ConfUtils.java:logGet(46)) - raft.server.log.statemachine.data.read.timeout = 1000ms (default)
2023-05-31 22:57:44,281 [244a53c4-9cb3-439d-93c3-5e05515fc991-groupManagement] INFO  server.RaftServerConfigKeys (ConfUtils.java:logGet(46)) - raft.server.log.purge.preservation.log.num = 0 (default)
2023-05-31 22:57:44,282 [244a53c4-9cb3-439d-93c3-5e05515fc991-groupManagement] INFO  server.RaftServerConfigKeys (ConfUtils.java:logGet(46)) - raft.server.log.segment.size.max = 1048576 (custom)
2023-05-31 22:57:44,282 [244a53c4-9cb3-439d-93c3-5e05515fc991-groupManagement] INFO  server.RaftServerConfigKeys (ConfUtils.java:logGet(46)) - raft.server.log.segment.cache.num.max = 2 (custom)
2023-05-31 22:57:44,282 [244a53c4-9cb3-439d-93c3-5e05515fc991-groupManagement] INFO  server.RaftServerConfigKeys (ConfUtils.java:logGet(46)) - raft.server.log.segment.cache.size.max = 200MB (=209715200) (default)
2023-05-31 22:57:44,282 [244a53c4-9cb3-439d-93c3-5e05515fc991-groupManagement] INFO  server.RaftServerConfigKeys (ConfUtils.java:logGet(46)) - raft.server.log.appender.buffer.byte-limit = 33554432 (custom)
2023-05-31 22:57:44,282 [244a53c4-9cb3-439d-93c3-5e05515fc991-groupManagement] INFO  segmented.SegmentedRaftLogWorker (SegmentedRaftLogWorker.java:<init>(188)) - new 244a53c4-9cb3-439d-93c3-5e05515fc991@group-683DDCD52AE4-SegmentedRaftLogWorker for RaftStorageImpl:Storage Directory /home/runner/work/ozone/ozone/hadoop-ozone/integration-test/target/test-dir/MiniOzoneClusterImpl-816a41a7-5c89-4e8c-81ba-db0c8b26fb2d/datanode-11/data/ratis/8204a975-54d1-4424-9e3b-683ddcd52ae4
2023-05-31 22:57:44,282 [244a53c4-9cb3-439d-93c3-5e05515fc991-groupManagement] INFO  server.RaftServerConfigKeys (ConfUtils.java:logGet(46)) - raft.server.log.queue.byte-limit = 4294967296 (custom)
2023-05-31 22:57:44,282 [244a53c4-9cb3-439d-93c3-5e05515fc991-groupManagement] INFO  server.RaftServerConfigKeys (ConfUtils.java:logGet(46)) - raft.server.log.queue.element-limit = 1024 (custom)
2023-05-31 22:57:44,282 [244a53c4-9cb3-439d-93c3-5e05515fc991-groupManagement] INFO  server.RaftServerConfigKeys (ConfUtils.java:logGet(46)) - raft.server.log.segment.size.max = 1048576 (custom)
2023-05-31 22:57:44,283 [244a53c4-9cb3-439d-93c3-5e05515fc991-groupManagement] INFO  server.RaftServerConfigKeys (ConfUtils.java:logGet(46)) - raft.server.log.preallocated.size = 16384 (custom)
2023-05-31 22:57:44,283 [244a53c4-9cb3-439d-93c3-5e05515fc991-groupManagement] INFO  server.RaftServerConfigKeys (ConfUtils.java:logGet(46)) - raft.server.log.force.sync.num = 128 (default)
2023-05-31 22:57:44,283 [244a53c4-9cb3-439d-93c3-5e05515fc991-groupManagement] INFO  server.RaftServerConfigKeys (ConfUtils.java:logGet(46)) - raft.server.log.statemachine.data.sync = true (default)
2023-05-31 22:57:44,283 [244a53c4-9cb3-439d-93c3-5e05515fc991-groupManagement] INFO  server.RaftServerConfigKeys (ConfUtils.java:logGet(46)) - raft.server.log.statemachine.data.sync.timeout = 10s (default)
2023-05-31 22:57:44,283 [244a53c4-9cb3-439d-93c3-5e05515fc991-groupManagement] INFO  server.RaftServerConfigKeys (ConfUtils.java:logGet(46)) - raft.server.log.statemachine.data.sync.timeout.retry = -1 (default)
2023-05-31 22:57:44,284 [244a53c4-9cb3-439d-93c3-5e05515fc991-groupManagement] INFO  server.RaftServerConfigKeys (ConfUtils.java:logGet(46)) - raft.server.log.write.buffer.size = 1048576 (custom)
2023-05-31 22:57:44,285 [244a53c4-9cb3-439d-93c3-5e05515fc991-groupManagement] INFO  server.RaftServerConfigKeys (ConfUtils.java:logGet(46)) - raft.server.log.appender.buffer.byte-limit = 33554432 (custom)
2023-05-31 22:57:44,290 [244a53c4-9cb3-439d-93c3-5e05515fc991-groupManagement] INFO  server.RaftServerConfigKeys (ConfUtils.java:logGet(46)) - raft.server.log.unsafe-flush.enabled = false (default)
2023-05-31 22:57:44,290 [244a53c4-9cb3-439d-93c3-5e05515fc991-groupManagement] INFO  server.RaftServerConfigKeys (ConfUtils.java:logGet(46)) - raft.server.log.async-flush.enabled = false (default)
2023-05-31 22:57:44,290 [244a53c4-9cb3-439d-93c3-5e05515fc991-groupManagement] INFO  server.RaftServerConfigKeys (ConfUtils.java:logGet(46)) - raft.server.log.statemachine.data.caching.enabled = true (custom)
2023-05-31 22:57:44,290 [244a53c4-9cb3-439d-93c3-5e05515fc991-groupManagement] INFO  segmented.SegmentedRaftLogWorker (SegmentedRaftLogWorker.java:lambda$new$0(135)) - 244a53c4-9cb3-439d-93c3-5e05515fc991@group-683DDCD52AE4-SegmentedRaftLogWorker: flushIndex: setUnconditionally 0 -> -1
2023-05-31 22:57:44,290 [244a53c4-9cb3-439d-93c3-5e05515fc991-groupManagement] INFO  segmented.SegmentedRaftLogWorker (SegmentedRaftLogWorker.java:lambda$new$0(135)) - 244a53c4-9cb3-439d-93c3-5e05515fc991@group-683DDCD52AE4-SegmentedRaftLogWorker: safeCacheEvictIndex: setUnconditionally 0 -> -1
2023-05-31 22:57:44,291 [244a53c4-9cb3-439d-93c3-5e05515fc991-groupManagement] INFO  server.RaftServer$Division (RaftServerImpl.java:start(342)) - 244a53c4-9cb3-439d-93c3-5e05515fc991@group-683DDCD52AE4: start as a follower, conf=-1: peers:[244a53c4-9cb3-439d-93c3-5e05515fc991|rpc:10.1.0.15:15113|admin:10.1.0.15:15112|client:10.1.0.15:15111|dataStream:10.1.0.15:15114|priority:1|startupRole:FOLLOWER, 160cf24b-84e6-41e3-a0dc-1baa6b89aef1|rpc:10.1.0.15:15104|admin:10.1.0.15:15103|client:10.1.0.15:15102|dataStream:10.1.0.15:15105|priority:0|startupRole:FOLLOWER, 07122f08-5d38-49f7-8fdd-d2e34ec8d956|rpc:10.1.0.15:15095|admin:10.1.0.15:15094|client:10.1.0.15:15093|dataStream:10.1.0.15:15096|priority:0|startupRole:FOLLOWER]|listeners:[], old=null
2023-05-31 22:57:44,291 [244a53c4-9cb3-439d-93c3-5e05515fc991-groupManagement] INFO  server.RaftServer$Division (RaftServerImpl.java:setRole(329)) - 244a53c4-9cb3-439d-93c3-5e05515fc991@group-683DDCD52AE4: changes role from      null to FOLLOWER at term 0 for startAsFollower
2023-05-31 22:57:44,291 [244a53c4-9cb3-439d-93c3-5e05515fc991-groupManagement] INFO  impl.RoleInfo (RoleInfo.java:updateAndGet(139)) - 244a53c4-9cb3-439d-93c3-5e05515fc991: start 244a53c4-9cb3-439d-93c3-5e05515fc991@group-683DDCD52AE4-FollowerState
2023-05-31 22:57:44,294 [244a53c4-9cb3-439d-93c3-5e05515fc991-groupManagement] INFO  util.JmxRegister (JmxRegister.java:tryRegister(44)) - Successfully registered JMX Bean with object name Ratis:service=RaftServer,group=group-683DDCD52AE4,id=244a53c4-9cb3-439d-93c3-5e05515fc991
2023-05-31 22:57:44,294 [244a53c4-9cb3-439d-93c3-5e05515fc991-groupManagement] INFO  server.RaftServerConfigKeys (ConfUtils.java:logGet(46)) - raft.server.snapshot.auto.trigger.enabled = true (custom)
2023-05-31 22:57:44,294 [244a53c4-9cb3-439d-93c3-5e05515fc991-groupManagement] INFO  server.RaftServerConfigKeys (ConfUtils.java:logGet(46)) - raft.server.snapshot.auto.trigger.threshold = 10000 (custom)
2023-05-31 22:57:44,294 [244a53c4-9cb3-439d-93c3-5e05515fc991-groupManagement] INFO  server.RaftServerConfigKeys (ConfUtils.java:logGet(46)) - raft.server.snapshot.retention.file.num = 5 (custom)
2023-05-31 22:57:44,294 [244a53c4-9cb3-439d-93c3-5e05515fc991-groupManagement] INFO  server.RaftServerConfigKeys (ConfUtils.java:logGet(46)) - raft.server.log.purge.upto.snapshot.index = false (default)
2023-05-31 22:57:44,295 [244a53c4-9cb3-439d-93c3-5e05515fc991@group-683DDCD52AE4-FollowerState] INFO  server.RaftServerConfigKeys (ConfUtils.java:logFallback(53)) - raft.server.rpc.first-election.timeout.min = 5s (fallback to raft.server.rpc.timeout.min)
2023-05-31 22:57:44,295 [244a53c4-9cb3-439d-93c3-5e05515fc991@group-683DDCD52AE4-FollowerState] INFO  server.RaftServerConfigKeys (ConfUtils.java:logFallback(53)) - raft.server.rpc.first-election.timeout.max = 5200ms (fallback to raft.server.rpc.timeout.max)
2023-05-31 22:57:44,319 [PipelineCommandHandlerThread-0] INFO  commandhandler.CreatePipelineCommandHandler (CreatePipelineCommandHandler.java:lambda$handle$2(124)) - Created Pipeline RATIS THREE PipelineID=8204a975-54d1-4424-9e3b-683ddcd52ae4.
2023-05-31 22:57:44,320 [main] INFO  ozone.MiniOzoneClusterImpl (MiniOzoneClusterImpl.java:lambda$waitForClusterToBeReady$0(222)) - Nodes are ready. Got 14 of 14 DN Heartbeats.
2023-05-31 22:57:44,320 [main] INFO  ozone.MiniOzoneClusterImpl (MiniOzoneClusterImpl.java:lambda$waitForClusterToBeReady$0(225)) - Waiting for cluster to exit safe mode
2023-05-31 22:57:44,320 [main] INFO  ozone.MiniOzoneClusterImpl (MiniOzoneClusterImpl.java:lambda$waitForClusterToBeReady$0(227)) - SCM became leader
2023-05-31 22:57:44,399 [PipelineCommandHandlerThread-0] INFO  server.RaftServer (RaftServerProxy.java:addNew(98)) - 160cf24b-84e6-41e3-a0dc-1baa6b89aef1: addNew group-28AE8D7E6D07:[160cf24b-84e6-41e3-a0dc-1baa6b89aef1|rpc:10.1.0.15:15104|admin:10.1.0.15:15103|client:10.1.0.15:15102|dataStream:10.1.0.15:15105|priority:1|startupRole:FOLLOWER] returns group-28AE8D7E6D07:java.util.concurrent.CompletableFuture@5b935ea[Not completed]
2023-05-31 22:57:44,400 [160cf24b-84e6-41e3-a0dc-1baa6b89aef1-groupManagement] INFO  server.RaftServer$Division (RaftServerImpl.java:<init>(198)) - 160cf24b-84e6-41e3-a0dc-1baa6b89aef1: new RaftServerImpl for group-28AE8D7E6D07:[160cf24b-84e6-41e3-a0dc-1baa6b89aef1|rpc:10.1.0.15:15104|admin:10.1.0.15:15103|client:10.1.0.15:15102|dataStream:10.1.0.15:15105|priority:1|startupRole:FOLLOWER] with ContainerStateMachine:uninitialized
2023-05-31 22:57:44,400 [160cf24b-84e6-41e3-a0dc-1baa6b89aef1-groupManagement] INFO  server.RaftServerConfigKeys (ConfUtils.java:logGet(46)) - raft.server.rpc.timeout.min = 5s (custom)
2023-05-31 22:57:44,400 [160cf24b-84e6-41e3-a0dc-1baa6b89aef1-groupManagement] INFO  server.RaftServerConfigKeys (ConfUtils.java:logGet(46)) - raft.server.rpc.timeout.max = 5200ms (custom)
2023-05-31 22:57:44,400 [160cf24b-84e6-41e3-a0dc-1baa6b89aef1-groupManagement] INFO  server.RaftServerConfigKeys (ConfUtils.java:logGet(46)) - raft.server.rpc.sleep.time = 25ms (default)
2023-05-31 22:57:44,400 [160cf24b-84e6-41e3-a0dc-1baa6b89aef1-groupManagement] INFO  server.RaftServerConfigKeys (ConfUtils.java:logGet(46)) - raft.server.rpc.slowness.timeout = 300s (custom)
2023-05-31 22:57:44,400 [160cf24b-84e6-41e3-a0dc-1baa6b89aef1-groupManagement] INFO  server.RaftServerConfigKeys (ConfUtils.java:logGet(46)) - raft.server.leaderelection.leader.step-down.wait-time = 10s (default)
2023-05-31 22:57:44,400 [160cf24b-84e6-41e3-a0dc-1baa6b89aef1-groupManagement] INFO  server.RaftServerConfigKeys (ConfUtils.java:logGet(46)) - raft.server.sleep.deviation.threshold = 300ms (default)
2023-05-31 22:57:44,400 [160cf24b-84e6-41e3-a0dc-1baa6b89aef1-groupManagement] INFO  server.RaftServer$Division (ServerState.java:<init>(120)) - 160cf24b-84e6-41e3-a0dc-1baa6b89aef1@group-28AE8D7E6D07: ConfigurationManager, init=-1: peers:[160cf24b-84e6-41e3-a0dc-1baa6b89aef1|rpc:10.1.0.15:15104|admin:10.1.0.15:15103|client:10.1.0.15:15102|dataStream:10.1.0.15:15105|priority:1|startupRole:FOLLOWER]|listeners:[], old=null, confs=<EMPTY_MAP>
2023-05-31 22:57:44,401 [160cf24b-84e6-41e3-a0dc-1baa6b89aef1-groupManagement] INFO  server.RaftServerConfigKeys (ConfUtils.java:logGet(46)) - raft.server.storage.dir = [/home/runner/work/ozone/ozone/hadoop-ozone/integration-test/target/test-dir/MiniOzoneClusterImpl-816a41a7-5c89-4e8c-81ba-db0c8b26fb2d/datanode-10/data/ratis] (custom)
2023-05-31 22:57:44,401 [160cf24b-84e6-41e3-a0dc-1baa6b89aef1-groupManagement] INFO  server.RaftServerConfigKeys (ConfUtils.java:logGet(46)) - raft.server.log.corruption.policy = EXCEPTION (default)
2023-05-31 22:57:44,401 [160cf24b-84e6-41e3-a0dc-1baa6b89aef1-groupManagement] INFO  server.RaftServerConfigKeys (ConfUtils.java:logGet(46)) - raft.server.storage.free-space.min = 0MB (=0) (default)
2023-05-31 22:57:44,401 [160cf24b-84e6-41e3-a0dc-1baa6b89aef1-groupManagement] INFO  server.RaftServerConfigKeys (ConfUtils.java:logGet(46)) - raft.server.notification.no-leader.timeout = 300s (custom)
2023-05-31 22:57:44,401 [160cf24b-84e6-41e3-a0dc-1baa6b89aef1-groupManagement] INFO  server.RaftServerConfigKeys (ConfUtils.java:logGet(46)) - raft.server.read.timeout = 10s (default)
2023-05-31 22:57:44,401 [160cf24b-84e6-41e3-a0dc-1baa6b89aef1-groupManagement] INFO  server.RaftServerConfigKeys (ConfUtils.java:logGet(46)) - raft.server.retrycache.expirytime = 600000ms (custom)
2023-05-31 22:57:44,401 [160cf24b-84e6-41e3-a0dc-1baa6b89aef1-groupManagement] INFO  server.RaftServerConfigKeys (ConfUtils.java:logGet(46)) - raft.server.retrycache.statistics.expirytime = 100μs (default)
2023-05-31 22:57:44,401 [160cf24b-84e6-41e3-a0dc-1baa6b89aef1-groupManagement] INFO  server.RaftServerConfigKeys (ConfUtils.java:logGet(46)) - raft.server.read.option = DEFAULT (default)
2023-05-31 22:57:44,402 [160cf24b-84e6-41e3-a0dc-1baa6b89aef1-groupManagement] INFO  server.RaftServerConfigKeys (ConfUtils.java:logGet(46)) - raft.server.rpc.request.timeout = 60s (custom)
2023-05-31 22:57:44,403 [160cf24b-84e6-41e3-a0dc-1baa6b89aef1-groupManagement] INFO  server.RaftServerConfigKeys (ConfUtils.java:logGet(46)) - raft.server.log.appender.install.snapshot.enabled = false (custom)
2023-05-31 22:57:44,403 [160cf24b-84e6-41e3-a0dc-1baa6b89aef1-groupManagement] INFO  server.RaftServerConfigKeys (ConfUtils.java:logGet(46)) - raft.server.threadpool.server.cached = true (default)
2023-05-31 22:57:44,403 [160cf24b-84e6-41e3-a0dc-1baa6b89aef1-groupManagement] INFO  server.RaftServerConfigKeys (ConfUtils.java:logGet(46)) - raft.server.threadpool.server.size = 0 (default)
2023-05-31 22:57:44,403 [160cf24b-84e6-41e3-a0dc-1baa6b89aef1-groupManagement] INFO  server.RaftServerConfigKeys (ConfUtils.java:logGet(46)) - raft.server.threadpool.client.cached = true (default)
2023-05-31 22:57:44,403 [160cf24b-84e6-41e3-a0dc-1baa6b89aef1-groupManagement] INFO  server.RaftServerConfigKeys (ConfUtils.java:logGet(46)) - raft.server.threadpool.client.size = 0 (default)
2023-05-31 22:57:44,403 [160cf24b-84e6-41e3-a0dc-1baa6b89aef1-groupManagement] INFO  storage.RaftStorageDirectory (RaftStorageDirectoryImpl.java:analyzeStorage(137)) - The storage directory /home/runner/work/ozone/ozone/hadoop-ozone/integration-test/target/test-dir/MiniOzoneClusterImpl-816a41a7-5c89-4e8c-81ba-db0c8b26fb2d/datanode-10/data/ratis/d6770faf-d179-4a9f-b02b-28ae8d7e6d07 does not exist. Creating ...
2023-05-31 22:57:44,405 [160cf24b-84e6-41e3-a0dc-1baa6b89aef1-groupManagement] INFO  storage.RaftStorageDirectory (RaftStorageDirectoryImpl.java:tryLock(231)) - Lock on /home/runner/work/ozone/ozone/hadoop-ozone/integration-test/target/test-dir/MiniOzoneClusterImpl-816a41a7-5c89-4e8c-81ba-db0c8b26fb2d/datanode-10/data/ratis/d6770faf-d179-4a9f-b02b-28ae8d7e6d07/in_use.lock acquired by nodename 15007@fv-az844-56
2023-05-31 22:57:44,406 [160cf24b-84e6-41e3-a0dc-1baa6b89aef1-groupManagement] INFO  storage.RaftStorage (RaftStorageImpl.java:format(96)) - Storage directory /home/runner/work/ozone/ozone/hadoop-ozone/integration-test/target/test-dir/MiniOzoneClusterImpl-816a41a7-5c89-4e8c-81ba-db0c8b26fb2d/datanode-10/data/ratis/d6770faf-d179-4a9f-b02b-28ae8d7e6d07 has been successfully formatted.
2023-05-31 22:57:44,407 [160cf24b-84e6-41e3-a0dc-1baa6b89aef1-groupManagement] INFO  ratis.ContainerStateMachine (ContainerStateMachine.java:loadSnapshot(262)) - group-28AE8D7E6D07: The snapshot info is null. Setting the last applied indexto:(t:0, i:~)
2023-05-31 22:57:44,407 [160cf24b-84e6-41e3-a0dc-1baa6b89aef1-groupManagement] INFO  server.RaftServerConfigKeys (ConfUtils.java:logGet(46)) - raft.server.log.use.memory = false (default)
2023-05-31 22:57:44,408 [160cf24b-84e6-41e3-a0dc-1baa6b89aef1-groupManagement] INFO  server.RaftServerConfigKeys (ConfUtils.java:logGet(46)) - raft.server.log.purge.gap = 1000000 (custom)
2023-05-31 22:57:44,408 [160cf24b-84e6-41e3-a0dc-1baa6b89aef1-groupManagement] INFO  server.RaftServerConfigKeys (ConfUtils.java:logGet(46)) - raft.server.log.appender.buffer.byte-limit = 33554432 (custom)
2023-05-31 22:57:44,408 [160cf24b-84e6-41e3-a0dc-1baa6b89aef1-groupManagement] INFO  server.RaftServerConfigKeys (ConfUtils.java:logGet(46)) - raft.server.log.statemachine.data.read.timeout = 1000ms (default)
2023-05-31 22:57:44,409 [EventQueue-PipelineReportForPipelineReportHandler] INFO  pipeline.PipelineManagerImpl (PipelineManagerImpl.java:openPipeline(367)) - Pipeline Pipeline[ Id: d6770faf-d179-4a9f-b02b-28ae8d7e6d07, Nodes: 160cf24b-84e6-41e3-a0dc-1baa6b89aef1(fv-az844-56.kvdfyhrxhd0epk3sa4trub4njc.xx.internal.cloudapp.net/10.1.0.15), ReplicationConfig: RATIS/ONE, State:ALLOCATED, leaderId:160cf24b-84e6-41e3-a0dc-1baa6b89aef1, CreationTimestamp2023-05-31T22:57:41.402Z[Etc/UTC]] moved to OPEN state
2023-05-31 22:57:44,410 [EventQueue-OpenPipelineForHealthyPipelineSafeModeRule] INFO  safemode.SCMSafeModeManager (HealthyPipelineSafeModeRule.java:process(137)) - SCM in safe mode. Healthy pipelines reported count is 0, required healthy pipeline reported count is 1
2023-05-31 22:57:44,410 [160cf24b-84e6-41e3-a0dc-1baa6b89aef1-groupManagement] INFO  server.RaftServerConfigKeys (ConfUtils.java:logGet(46)) - raft.server.log.purge.preservation.log.num = 0 (default)
2023-05-31 22:57:44,411 [160cf24b-84e6-41e3-a0dc-1baa6b89aef1-groupManagement] INFO  server.RaftServerConfigKeys (ConfUtils.java:logGet(46)) - raft.server.log.segment.size.max = 1048576 (custom)
2023-05-31 22:57:44,411 [160cf24b-84e6-41e3-a0dc-1baa6b89aef1-groupManagement] INFO  server.RaftServerConfigKeys (ConfUtils.java:logGet(46)) - raft.server.log.segment.cache.num.max = 2 (custom)
2023-05-31 22:57:44,411 [160cf24b-84e6-41e3-a0dc-1baa6b89aef1-groupManagement] INFO  server.RaftServerConfigKeys (ConfUtils.java:logGet(46)) - raft.server.log.segment.cache.size.max = 200MB (=209715200) (default)
2023-05-31 22:57:44,411 [160cf24b-84e6-41e3-a0dc-1baa6b89aef1-groupManagement] INFO  server.RaftServerConfigKeys (ConfUtils.java:logGet(46)) - raft.server.log.appender.buffer.byte-limit = 33554432 (custom)
2023-05-31 22:57:44,411 [160cf24b-84e6-41e3-a0dc-1baa6b89aef1-groupManagement] INFO  segmented.SegmentedRaftLogWorker (SegmentedRaftLogWorker.java:<init>(188)) - new 160cf24b-84e6-41e3-a0dc-1baa6b89aef1@group-28AE8D7E6D07-SegmentedRaftLogWorker for RaftStorageImpl:Storage Directory /home/runner/work/ozone/ozone/hadoop-ozone/integration-test/target/test-dir/MiniOzoneClusterImpl-816a41a7-5c89-4e8c-81ba-db0c8b26fb2d/datanode-10/data/ratis/d6770faf-d179-4a9f-b02b-28ae8d7e6d07
2023-05-31 22:57:44,411 [160cf24b-84e6-41e3-a0dc-1baa6b89aef1-groupManagement] INFO  server.RaftServerConfigKeys (ConfUtils.java:logGet(46)) - raft.server.log.queue.byte-limit = 4294967296 (custom)
2023-05-31 22:57:44,411 [160cf24b-84e6-41e3-a0dc-1baa6b89aef1-groupManagement] INFO  server.RaftServerConfigKeys (ConfUtils.java:logGet(46)) - raft.server.log.queue.element-limit = 1024 (custom)
2023-05-31 22:57:44,412 [160cf24b-84e6-41e3-a0dc-1baa6b89aef1-groupManagement] INFO  server.RaftServerConfigKeys (ConfUtils.java:logGet(46)) - raft.server.log.segment.size.max = 1048576 (custom)
2023-05-31 22:57:44,412 [160cf24b-84e6-41e3-a0dc-1baa6b89aef1-groupManagement] INFO  server.RaftServerConfigKeys (ConfUtils.java:logGet(46)) - raft.server.log.preallocated.size = 16384 (custom)
2023-05-31 22:57:44,412 [160cf24b-84e6-41e3-a0dc-1baa6b89aef1-groupManagement] INFO  server.RaftServerConfigKeys (ConfUtils.java:logGet(46)) - raft.server.log.force.sync.num = 128 (default)
2023-05-31 22:57:44,413 [160cf24b-84e6-41e3-a0dc-1baa6b89aef1-groupManagement] INFO  server.RaftServerConfigKeys (ConfUtils.java:logGet(46)) - raft.server.log.statemachine.data.sync = true (default)
2023-05-31 22:57:44,413 [160cf24b-84e6-41e3-a0dc-1baa6b89aef1-groupManagement] INFO  server.RaftServerConfigKeys (ConfUtils.java:logGet(46)) - raft.server.log.statemachine.data.sync.timeout = 10s (default)
2023-05-31 22:57:44,413 [160cf24b-84e6-41e3-a0dc-1baa6b89aef1-groupManagement] INFO  server.RaftServerConfigKeys (ConfUtils.java:logGet(46)) - raft.server.log.statemachine.data.sync.timeout.retry = -1 (default)
2023-05-31 22:57:44,414 [160cf24b-84e6-41e3-a0dc-1baa6b89aef1-groupManagement] INFO  server.RaftServerConfigKeys (ConfUtils.java:logGet(46)) - raft.server.log.write.buffer.size = 1048576 (custom)
2023-05-31 22:57:44,414 [160cf24b-84e6-41e3-a0dc-1baa6b89aef1-groupManagement] INFO  server.RaftServerConfigKeys (ConfUtils.java:logGet(46)) - raft.server.log.appender.buffer.byte-limit = 33554432 (custom)
2023-05-31 22:57:44,420 [160cf24b-84e6-41e3-a0dc-1baa6b89aef1-groupManagement] INFO  server.RaftServerConfigKeys (ConfUtils.java:logGet(46)) - raft.server.log.unsafe-flush.enabled = false (default)
2023-05-31 22:57:44,420 [160cf24b-84e6-41e3-a0dc-1baa6b89aef1-groupManagement] INFO  server.RaftServerConfigKeys (ConfUtils.java:logGet(46)) - raft.server.log.async-flush.enabled = false (default)
2023-05-31 22:57:44,421 [160cf24b-84e6-41e3-a0dc-1baa6b89aef1-groupManagement] INFO  server.RaftServerConfigKeys (ConfUtils.java:logGet(46)) - raft.server.log.statemachine.data.caching.enabled = true (custom)
2023-05-31 22:57:44,421 [160cf24b-84e6-41e3-a0dc-1baa6b89aef1-groupManagement] INFO  segmented.SegmentedRaftLogWorker (SegmentedRaftLogWorker.java:lambda$new$0(135)) - 160cf24b-84e6-41e3-a0dc-1baa6b89aef1@group-28AE8D7E6D07-SegmentedRaftLogWorker: flushIndex: setUnconditionally 0 -> -1
2023-05-31 22:57:44,421 [160cf24b-84e6-41e3-a0dc-1baa6b89aef1-groupManagement] INFO  segmented.SegmentedRaftLogWorker (SegmentedRaftLogWorker.java:lambda$new$0(135)) - 160cf24b-84e6-41e3-a0dc-1baa6b89aef1@group-28AE8D7E6D07-SegmentedRaftLogWorker: safeCacheEvictIndex: setUnconditionally 0 -> -1
2023-05-31 22:57:44,421 [160cf24b-84e6-41e3-a0dc-1baa6b89aef1-groupManagement] INFO  server.RaftServer$Division (RaftServerImpl.java:start(342)) - 160cf24b-84e6-41e3-a0dc-1baa6b89aef1@group-28AE8D7E6D07: start as a follower, conf=-1: peers:[160cf24b-84e6-41e3-a0dc-1baa6b89aef1|rpc:10.1.0.15:15104|admin:10.1.0.15:15103|client:10.1.0.15:15102|dataStream:10.1.0.15:15105|priority:1|startupRole:FOLLOWER]|listeners:[], old=null
2023-05-31 22:57:44,421 [160cf24b-84e6-41e3-a0dc-1baa6b89aef1-groupManagement] INFO  server.RaftServer$Division (RaftServerImpl.java:setRole(329)) - 160cf24b-84e6-41e3-a0dc-1baa6b89aef1@group-28AE8D7E6D07: changes role from      null to FOLLOWER at term 0 for startAsFollower
2023-05-31 22:57:44,421 [160cf24b-84e6-41e3-a0dc-1baa6b89aef1-groupManagement] INFO  impl.RoleInfo (RoleInfo.java:updateAndGet(139)) - 160cf24b-84e6-41e3-a0dc-1baa6b89aef1: start 160cf24b-84e6-41e3-a0dc-1baa6b89aef1@group-28AE8D7E6D07-FollowerState
2023-05-31 22:57:44,422 [160cf24b-84e6-41e3-a0dc-1baa6b89aef1-groupManagement] INFO  util.JmxRegister (JmxRegister.java:tryRegister(44)) - Successfully registered JMX Bean with object name Ratis:service=RaftServer,group=group-28AE8D7E6D07,id=160cf24b-84e6-41e3-a0dc-1baa6b89aef1
2023-05-31 22:57:44,422 [160cf24b-84e6-41e3-a0dc-1baa6b89aef1-groupManagement] INFO  server.RaftServerConfigKeys (ConfUtils.java:logGet(46)) - raft.server.snapshot.auto.trigger.enabled = true (custom)
2023-05-31 22:57:44,422 [160cf24b-84e6-41e3-a0dc-1baa6b89aef1-groupManagement] INFO  server.RaftServerConfigKeys (ConfUtils.java:logGet(46)) - raft.server.snapshot.auto.trigger.threshold = 10000 (custom)
2023-05-31 22:57:44,422 [160cf24b-84e6-41e3-a0dc-1baa6b89aef1-groupManagement] INFO  server.RaftServerConfigKeys (ConfUtils.java:logGet(46)) - raft.server.snapshot.retention.file.num = 5 (custom)
2023-05-31 22:57:44,422 [160cf24b-84e6-41e3-a0dc-1baa6b89aef1-groupManagement] INFO  server.RaftServerConfigKeys (ConfUtils.java:logGet(46)) - raft.server.log.purge.upto.snapshot.index = false (default)
2023-05-31 22:57:44,423 [160cf24b-84e6-41e3-a0dc-1baa6b89aef1@group-28AE8D7E6D07-FollowerState] INFO  server.RaftServerConfigKeys (ConfUtils.java:logFallback(53)) - raft.server.rpc.first-election.timeout.min = 5s (fallback to raft.server.rpc.timeout.min)
2023-05-31 22:57:44,423 [160cf24b-84e6-41e3-a0dc-1baa6b89aef1@group-28AE8D7E6D07-FollowerState] INFO  server.RaftServerConfigKeys (ConfUtils.java:logFallback(53)) - raft.server.rpc.first-election.timeout.max = 5200ms (fallback to raft.server.rpc.timeout.max)
2023-05-31 22:57:44,423 [PipelineCommandHandlerThread-0] INFO  ratis.XceiverServerRatis (XceiverServerRatis.java:addGroup(804)) - Created group PipelineID=d6770faf-d179-4a9f-b02b-28ae8d7e6d07
2023-05-31 22:57:44,423 [PipelineCommandHandlerThread-0] INFO  commandhandler.CreatePipelineCommandHandler (CreatePipelineCommandHandler.java:lambda$handle$2(124)) - Created Pipeline RATIS ONE PipelineID=d6770faf-d179-4a9f-b02b-28ae8d7e6d07.
2023-05-31 22:57:44,846 [9a93b867-0c49-44e3-a75c-2e530498b118@group-23ACFBBDCA43-FollowerState] INFO  impl.FollowerState (FollowerState.java:run(143)) - 9a93b867-0c49-44e3-a75c-2e530498b118@group-23ACFBBDCA43-FollowerState: change to CANDIDATE, lastRpcElapsedTime:5006335804ns, electionTimeout:5002ms
2023-05-31 22:57:44,847 [9a93b867-0c49-44e3-a75c-2e530498b118@group-23ACFBBDCA43-FollowerState] INFO  impl.RoleInfo (RoleInfo.java:shutdownFollowerState(110)) - 9a93b867-0c49-44e3-a75c-2e530498b118: shutdown 9a93b867-0c49-44e3-a75c-2e530498b118@group-23ACFBBDCA43-FollowerState
2023-05-31 22:57:44,847 [9a93b867-0c49-44e3-a75c-2e530498b118@group-23ACFBBDCA43-FollowerState] INFO  server.RaftServer$Division (RaftServerImpl.java:setRole(329)) - 9a93b867-0c49-44e3-a75c-2e530498b118@group-23ACFBBDCA43: changes role from  FOLLOWER to CANDIDATE at term 0 for changeToCandidate
2023-05-31 22:57:44,847 [9a93b867-0c49-44e3-a75c-2e530498b118@group-23ACFBBDCA43-FollowerState] INFO  server.RaftServerConfigKeys (ConfUtils.java:logGet(46)) - raft.server.leaderelection.pre-vote = true (default)
2023-05-31 22:57:44,847 [9a93b867-0c49-44e3-a75c-2e530498b118@group-23ACFBBDCA43-FollowerState] INFO  impl.RoleInfo (RoleInfo.java:updateAndGet(139)) - 9a93b867-0c49-44e3-a75c-2e530498b118: start 9a93b867-0c49-44e3-a75c-2e530498b118@group-23ACFBBDCA43-LeaderElection2
2023-05-31 22:57:44,851 [9a93b867-0c49-44e3-a75c-2e530498b118@group-23ACFBBDCA43-LeaderElection2] INFO  impl.LeaderElection (LeaderElection.java:askForVotes(321)) - 9a93b867-0c49-44e3-a75c-2e530498b118@group-23ACFBBDCA43-LeaderElection2 PRE_VOTE round 0: submit vote requests at term 0 for -1: peers:[9a93b867-0c49-44e3-a75c-2e530498b118|rpc:10.1.0.15:15014|admin:10.1.0.15:15013|client:10.1.0.15:15012|dataStream:10.1.0.15:15015|priority:1|startupRole:FOLLOWER]|listeners:[], old=null
2023-05-31 22:57:44,851 [9a93b867-0c49-44e3-a75c-2e530498b118@group-23ACFBBDCA43-LeaderElection2] INFO  impl.LeaderElection (LeaderElection.java:askForVotes(323)) - 9a93b867-0c49-44e3-a75c-2e530498b118@group-23ACFBBDCA43-LeaderElection2 PRE_VOTE round 0: result PASSED (term=0)
2023-05-31 22:57:44,853 [9a93b867-0c49-44e3-a75c-2e530498b118@group-23ACFBBDCA43-LeaderElection2] INFO  impl.LeaderElection (LeaderElection.java:askForVotes(321)) - 9a93b867-0c49-44e3-a75c-2e530498b118@group-23ACFBBDCA43-LeaderElection2 ELECTION round 0: submit vote requests at term 1 for -1: peers:[9a93b867-0c49-44e3-a75c-2e530498b118|rpc:10.1.0.15:15014|admin:10.1.0.15:15013|client:10.1.0.15:15012|dataStream:10.1.0.15:15015|priority:1|startupRole:FOLLOWER]|listeners:[], old=null
2023-05-31 22:57:44,853 [9a93b867-0c49-44e3-a75c-2e530498b118@group-23ACFBBDCA43-LeaderElection2] INFO  impl.LeaderElection (LeaderElection.java:askForVotes(323)) - 9a93b867-0c49-44e3-a75c-2e530498b118@group-23ACFBBDCA43-LeaderElection2 ELECTION round 0: result PASSED (term=1)
2023-05-31 22:57:44,853 [9a93b867-0c49-44e3-a75c-2e530498b118@group-23ACFBBDCA43-LeaderElection2] INFO  impl.RoleInfo (RoleInfo.java:shutdownLeaderElection(130)) - 9a93b867-0c49-44e3-a75c-2e530498b118: shutdown 9a93b867-0c49-44e3-a75c-2e530498b118@group-23ACFBBDCA43-LeaderElection2
2023-05-31 22:57:44,853 [9a93b867-0c49-44e3-a75c-2e530498b118@group-23ACFBBDCA43-LeaderElection2] INFO  server.RaftServer$Division (RaftServerImpl.java:setRole(329)) - 9a93b867-0c49-44e3-a75c-2e530498b118@group-23ACFBBDCA43: changes role from CANDIDATE to LEADER at term 1 for changeToLeader
2023-05-31 22:57:44,853 [9a93b867-0c49-44e3-a75c-2e530498b118@group-23ACFBBDCA43-LeaderElection2] INFO  ratis.XceiverServerRatis (XceiverServerRatis.java:handleLeaderChangedNotification(902)) - Leader change notification received for group: group-23ACFBBDCA43 with new leaderId: 9a93b867-0c49-44e3-a75c-2e530498b118
2023-05-31 22:57:44,854 [9a93b867-0c49-44e3-a75c-2e530498b118@group-23ACFBBDCA43-LeaderElection2] INFO  server.RaftServer$Division (ServerState.java:setLeader(317)) - 9a93b867-0c49-44e3-a75c-2e530498b118@group-23ACFBBDCA43: change Leader from null to 9a93b867-0c49-44e3-a75c-2e530498b118 at term 1 for becomeLeader, leader elected after 5082ms
2023-05-31 22:57:44,854 [9a93b867-0c49-44e3-a75c-2e530498b118@group-23ACFBBDCA43-LeaderElection2] INFO  server.RaftServerConfigKeys (ConfUtils.java:logGet(46)) - raft.server.staging.catchup.gap = 1000 (default)
2023-05-31 22:57:44,854 [9a93b867-0c49-44e3-a75c-2e530498b118@group-23ACFBBDCA43-LeaderElection2] INFO  server.RaftServerConfigKeys (ConfUtils.java:logGet(46)) - raft.server.write.element-limit = 1024 (custom)
2023-05-31 22:57:44,854 [9a93b867-0c49-44e3-a75c-2e530498b118@group-23ACFBBDCA43-LeaderElection2] INFO  server.RaftServerConfigKeys (ConfUtils.java:logGet(46)) - raft.server.write.byte-limit = 1024 M (=1073741824) (custom)
2023-05-31 22:57:44,855 [9a93b867-0c49-44e3-a75c-2e530498b118@group-23ACFBBDCA43-LeaderElection2] INFO  server.RaftServerConfigKeys (ConfUtils.java:logGet(46)) - raft.server.watch.timeout = 180s (custom)
2023-05-31 22:57:44,855 [9a93b867-0c49-44e3-a75c-2e530498b118@group-23ACFBBDCA43-LeaderElection2] INFO  server.RaftServerConfigKeys (ConfUtils.java:logGet(46)) - raft.server.watch.timeout.denomination = 1s (default)
2023-05-31 22:57:44,857 [EventQueue-OpenPipelineForHealthyPipelineSafeModeRule] INFO  safemode.SCMSafeModeManager (HealthyPipelineSafeModeRule.java:process(137)) - SCM in safe mode. Healthy pipelines reported count is 0, required healthy pipeline reported count is 1
2023-05-31 22:57:44,857 [9a93b867-0c49-44e3-a75c-2e530498b118@group-23ACFBBDCA43-LeaderElection2] INFO  server.RaftServerConfigKeys (ConfUtils.java:logGet(46)) - raft.server.watch.element-limit = 65536 (default)
2023-05-31 22:57:44,857 [9a93b867-0c49-44e3-a75c-2e530498b118@group-23ACFBBDCA43-LeaderElection2] INFO  server.RaftServerConfigKeys (ConfUtils.java:logGet(46)) - raft.server.write.element-limit = 1024 (custom)
2023-05-31 22:57:44,857 [9a93b867-0c49-44e3-a75c-2e530498b118@group-23ACFBBDCA43-LeaderElection2] INFO  server.RaftServerConfigKeys (ConfUtils.java:logGet(46)) - raft.server.write.follower.gap.ratio.max = -1.0 (default)
2023-05-31 22:57:44,857 [9a93b867-0c49-44e3-a75c-2e530498b118@group-23ACFBBDCA43-LeaderElection2] INFO  impl.RoleInfo (RoleInfo.java:updateAndGet(139)) - 9a93b867-0c49-44e3-a75c-2e530498b118: start 9a93b867-0c49-44e3-a75c-2e530498b118@group-23ACFBBDCA43-LeaderStateImpl
2023-05-31 22:57:44,859 [9a93b867-0c49-44e3-a75c-2e530498b118@group-23ACFBBDCA43-LeaderElection2] INFO  segmented.SegmentedRaftLogWorker (SegmentedRaftLogWorker.java:startLogSegment(447)) - 9a93b867-0c49-44e3-a75c-2e530498b118@group-23ACFBBDCA43-SegmentedRaftLogWorker: Starting segment from index:0
2023-05-31 22:57:44,863 [9a93b867-0c49-44e3-a75c-2e530498b118@group-23ACFBBDCA43-SegmentedRaftLogWorker] INFO  segmented.SegmentedRaftLogWorker (SegmentedRaftLogWorker.java:execute(651)) - 9a93b867-0c49-44e3-a75c-2e530498b118@group-23ACFBBDCA43-SegmentedRaftLogWorker: created new log segment /home/runner/work/ozone/ozone/hadoop-ozone/integration-test/target/test-dir/MiniOzoneClusterImpl-816a41a7-5c89-4e8c-81ba-db0c8b26fb2d/datanode-0/data/ratis/8bd76bf6-10fa-45d0-8a8e-23acfbbdca43/current/log_inprogress_0
2023-05-31 22:57:44,863 [9a93b867-0c49-44e3-a75c-2e530498b118@group-23ACFBBDCA43-LeaderElection2] INFO  server.RaftServer$Division (ServerState.java:setRaftConf(434)) - 9a93b867-0c49-44e3-a75c-2e530498b118@group-23ACFBBDCA43: set configuration 0: peers:[9a93b867-0c49-44e3-a75c-2e530498b118|rpc:10.1.0.15:15014|admin:10.1.0.15:15013|client:10.1.0.15:15012|dataStream:10.1.0.15:15015|priority:1|startupRole:FOLLOWER]|listeners:[], old=null
2023-05-31 22:57:44,965 [PipelineCommandHandlerThread-0] INFO  server.RaftServer (RaftServerProxy.java:addNew(98)) - 244a53c4-9cb3-439d-93c3-5e05515fc991: addNew group-8F640C2B7AAB:[244a53c4-9cb3-439d-93c3-5e05515fc991|rpc:10.1.0.15:15113|admin:10.1.0.15:15112|client:10.1.0.15:15111|dataStream:10.1.0.15:15114|priority:1|startupRole:FOLLOWER] returns group-8F640C2B7AAB:java.util.concurrent.CompletableFuture@3d6b39f3[Not completed]
2023-05-31 22:57:44,966 [244a53c4-9cb3-439d-93c3-5e05515fc991-groupManagement] INFO  server.RaftServer$Division (RaftServerImpl.java:<init>(198)) - 244a53c4-9cb3-439d-93c3-5e05515fc991: new RaftServerImpl for group-8F640C2B7AAB:[244a53c4-9cb3-439d-93c3-5e05515fc991|rpc:10.1.0.15:15113|admin:10.1.0.15:15112|client:10.1.0.15:15111|dataStream:10.1.0.15:15114|priority:1|startupRole:FOLLOWER] with ContainerStateMachine:uninitialized
2023-05-31 22:57:44,966 [244a53c4-9cb3-439d-93c3-5e05515fc991-groupManagement] INFO  server.RaftServerConfigKeys (ConfUtils.java:logGet(46)) - raft.server.rpc.timeout.min = 5s (custom)
2023-05-31 22:57:44,966 [244a53c4-9cb3-439d-93c3-5e05515fc991-groupManagement] INFO  server.RaftServerConfigKeys (ConfUtils.java:logGet(46)) - raft.server.rpc.timeout.max = 5200ms (custom)
2023-05-31 22:57:44,966 [244a53c4-9cb3-439d-93c3-5e05515fc991-groupManagement] INFO  server.RaftServerConfigKeys (ConfUtils.java:logGet(46)) - raft.server.rpc.sleep.time = 25ms (default)
2023-05-31 22:57:44,966 [244a53c4-9cb3-439d-93c3-5e05515fc991-groupManagement] INFO  server.RaftServerConfigKeys (ConfUtils.java:logGet(46)) - raft.server.rpc.slowness.timeout = 300s (custom)
2023-05-31 22:57:44,966 [244a53c4-9cb3-439d-93c3-5e05515fc991-groupManagement] INFO  server.RaftServerConfigKeys (ConfUtils.java:logGet(46)) - raft.server.leaderelection.leader.step-down.wait-time = 10s (default)
2023-05-31 22:57:44,966 [244a53c4-9cb3-439d-93c3-5e05515fc991-groupManagement] INFO  server.RaftServerConfigKeys (ConfUtils.java:logGet(46)) - raft.server.sleep.deviation.threshold = 300ms (default)
2023-05-31 22:57:44,966 [244a53c4-9cb3-439d-93c3-5e05515fc991-groupManagement] INFO  server.RaftServer$Division (ServerState.java:<init>(120)) - 244a53c4-9cb3-439d-93c3-5e05515fc991@group-8F640C2B7AAB: ConfigurationManager, init=-1: peers:[244a53c4-9cb3-439d-93c3-5e05515fc991|rpc:10.1.0.15:15113|admin:10.1.0.15:15112|client:10.1.0.15:15111|dataStream:10.1.0.15:15114|priority:1|startupRole:FOLLOWER]|listeners:[], old=null, confs=<EMPTY_MAP>
2023-05-31 22:57:44,966 [244a53c4-9cb3-439d-93c3-5e05515fc991-groupManagement] INFO  server.RaftServerConfigKeys (ConfUtils.java:logGet(46)) - raft.server.storage.dir = [/home/runner/work/ozone/ozone/hadoop-ozone/integration-test/target/test-dir/MiniOzoneClusterImpl-816a41a7-5c89-4e8c-81ba-db0c8b26fb2d/datanode-11/data/ratis] (custom)
2023-05-31 22:57:44,967 [244a53c4-9cb3-439d-93c3-5e05515fc991-groupManagement] INFO  server.RaftServerConfigKeys (ConfUtils.java:logGet(46)) - raft.server.log.corruption.policy = EXCEPTION (default)
2023-05-31 22:57:44,967 [244a53c4-9cb3-439d-93c3-5e05515fc991-groupManagement] INFO  server.RaftServerConfigKeys (ConfUtils.java:logGet(46)) - raft.server.storage.free-space.min = 0MB (=0) (default)
2023-05-31 22:57:44,967 [244a53c4-9cb3-439d-93c3-5e05515fc991-groupManagement] INFO  server.RaftServerConfigKeys (ConfUtils.java:logGet(46)) - raft.server.notification.no-leader.timeout = 300s (custom)
2023-05-31 22:57:44,967 [244a53c4-9cb3-439d-93c3-5e05515fc991-groupManagement] INFO  server.RaftServerConfigKeys (ConfUtils.java:logGet(46)) - raft.server.read.timeout = 10s (default)
2023-05-31 22:57:44,967 [244a53c4-9cb3-439d-93c3-5e05515fc991-groupManagement] INFO  server.RaftServerConfigKeys (ConfUtils.java:logGet(46)) - raft.server.retrycache.expirytime = 600000ms (custom)
2023-05-31 22:57:44,967 [244a53c4-9cb3-439d-93c3-5e05515fc991-groupManagement] INFO  server.RaftServerConfigKeys (ConfUtils.java:logGet(46)) - raft.server.retrycache.statistics.expirytime = 100μs (default)
2023-05-31 22:57:44,967 [244a53c4-9cb3-439d-93c3-5e05515fc991-groupManagement] INFO  server.RaftServerConfigKeys (ConfUtils.java:logGet(46)) - raft.server.read.option = DEFAULT (default)
2023-05-31 22:57:44,969 [244a53c4-9cb3-439d-93c3-5e05515fc991-groupManagement] INFO  server.RaftServerConfigKeys (ConfUtils.java:logGet(46)) - raft.server.rpc.request.timeout = 60s (custom)
2023-05-31 22:57:44,969 [244a53c4-9cb3-439d-93c3-5e05515fc991-groupManagement] INFO  server.RaftServerConfigKeys (ConfUtils.java:logGet(46)) - raft.server.log.appender.install.snapshot.enabled = false (custom)
2023-05-31 22:57:44,969 [244a53c4-9cb3-439d-93c3-5e05515fc991-groupManagement] INFO  server.RaftServerConfigKeys (ConfUtils.java:logGet(46)) - raft.server.threadpool.server.cached = true (default)
2023-05-31 22:57:44,969 [244a53c4-9cb3-439d-93c3-5e05515fc991-groupManagement] INFO  server.RaftServerConfigKeys (ConfUtils.java:logGet(46)) - raft.server.threadpool.server.size = 0 (default)
2023-05-31 22:57:44,969 [244a53c4-9cb3-439d-93c3-5e05515fc991-groupManagement] INFO  server.RaftServerConfigKeys (ConfUtils.java:logGet(46)) - raft.server.threadpool.client.cached = true (default)
2023-05-31 22:57:44,969 [244a53c4-9cb3-439d-93c3-5e05515fc991-groupManagement] INFO  server.RaftServerConfigKeys (ConfUtils.java:logGet(46)) - raft.server.threadpool.client.size = 0 (default)
2023-05-31 22:57:44,969 [244a53c4-9cb3-439d-93c3-5e05515fc991-groupManagement] INFO  storage.RaftStorageDirectory (RaftStorageDirectoryImpl.java:analyzeStorage(137)) - The storage directory /home/runner/work/ozone/ozone/hadoop-ozone/integration-test/target/test-dir/MiniOzoneClusterImpl-816a41a7-5c89-4e8c-81ba-db0c8b26fb2d/datanode-11/data/ratis/e8593296-6335-477f-b268-8f640c2b7aab does not exist. Creating ...
2023-05-31 22:57:44,970 [9a93b867-0c49-44e3-a75c-2e530498b118@group-25D9C935ABD9-FollowerState] INFO  impl.FollowerState (FollowerState.java:run(143)) - 9a93b867-0c49-44e3-a75c-2e530498b118@group-25D9C935ABD9-FollowerState: change to CANDIDATE, lastRpcElapsedTime:5055327708ns, electionTimeout:5050ms
2023-05-31 22:57:44,972 [244a53c4-9cb3-439d-93c3-5e05515fc991-groupManagement] INFO  storage.RaftStorageDirectory (RaftStorageDirectoryImpl.java:tryLock(231)) - Lock on /home/runner/work/ozone/ozone/hadoop-ozone/integration-test/target/test-dir/MiniOzoneClusterImpl-816a41a7-5c89-4e8c-81ba-db0c8b26fb2d/datanode-11/data/ratis/e8593296-6335-477f-b268-8f640c2b7aab/in_use.lock acquired by nodename 15007@fv-az844-56
2023-05-31 22:57:44,972 [9a93b867-0c49-44e3-a75c-2e530498b118@group-25D9C935ABD9-FollowerState] INFO  impl.RoleInfo (RoleInfo.java:shutdownFollowerState(110)) - 9a93b867-0c49-44e3-a75c-2e530498b118: shutdown 9a93b867-0c49-44e3-a75c-2e530498b118@group-25D9C935ABD9-FollowerState
2023-05-31 22:57:44,972 [9a93b867-0c49-44e3-a75c-2e530498b118@group-25D9C935ABD9-FollowerState] INFO  server.RaftServer$Division (RaftServerImpl.java:setRole(329)) - 9a93b867-0c49-44e3-a75c-2e530498b118@group-25D9C935ABD9: changes role from  FOLLOWER to CANDIDATE at term 0 for changeToCandidate
2023-05-31 22:57:44,972 [9a93b867-0c49-44e3-a75c-2e530498b118@group-25D9C935ABD9-FollowerState] INFO  server.RaftServerConfigKeys (ConfUtils.java:logGet(46)) - raft.server.leaderelection.pre-vote = true (default)
2023-05-31 22:57:44,972 [9a93b867-0c49-44e3-a75c-2e530498b118@group-25D9C935ABD9-FollowerState] INFO  impl.RoleInfo (RoleInfo.java:updateAndGet(139)) - 9a93b867-0c49-44e3-a75c-2e530498b118: start 9a93b867-0c49-44e3-a75c-2e530498b118@group-25D9C935ABD9-LeaderElection3
2023-05-31 22:57:44,985 [9a93b867-0c49-44e3-a75c-2e530498b118@group-25D9C935ABD9-LeaderElection3] INFO  impl.LeaderElection (LeaderElection.java:askForVotes(321)) - 9a93b867-0c49-44e3-a75c-2e530498b118@group-25D9C935ABD9-LeaderElection3 PRE_VOTE round 0: submit vote requests at term 0 for -1: peers:[cdb52bc9-5e07-4eca-b7fa-f50f992e3122|rpc:10.1.0.15:15032|admin:10.1.0.15:15031|client:10.1.0.15:15030|dataStream:10.1.0.15:15033|priority:0|startupRole:FOLLOWER, 697d5b73-3ed9-4d18-b9d9-ca13a08090ac|rpc:10.1.0.15:15023|admin:10.1.0.15:15022|client:10.1.0.15:15021|dataStream:10.1.0.15:15024|priority:0|startupRole:FOLLOWER, 9a93b867-0c49-44e3-a75c-2e530498b118|rpc:10.1.0.15:15014|admin:10.1.0.15:15013|client:10.1.0.15:15012|dataStream:10.1.0.15:15015|priority:1|startupRole:FOLLOWER]|listeners:[], old=null
2023-05-31 22:57:44,987 [244a53c4-9cb3-439d-93c3-5e05515fc991-groupManagement] INFO  storage.RaftStorage (RaftStorageImpl.java:format(96)) - Storage directory /home/runner/work/ozone/ozone/hadoop-ozone/integration-test/target/test-dir/MiniOzoneClusterImpl-816a41a7-5c89-4e8c-81ba-db0c8b26fb2d/datanode-11/data/ratis/e8593296-6335-477f-b268-8f640c2b7aab has been successfully formatted.
2023-05-31 22:57:44,987 [244a53c4-9cb3-439d-93c3-5e05515fc991-groupManagement] INFO  ratis.ContainerStateMachine (ContainerStateMachine.java:loadSnapshot(262)) - group-8F640C2B7AAB: The snapshot info is null. Setting the last applied indexto:(t:0, i:~)
2023-05-31 22:57:44,988 [244a53c4-9cb3-439d-93c3-5e05515fc991-groupManagement] INFO  server.RaftServerConfigKeys (ConfUtils.java:logGet(46)) - raft.server.log.use.memory = false (default)
2023-05-31 22:57:44,988 [244a53c4-9cb3-439d-93c3-5e05515fc991-groupManagement] INFO  server.RaftServerConfigKeys (ConfUtils.java:logGet(46)) - raft.server.log.purge.gap = 1000000 (custom)
2023-05-31 22:57:44,989 [EventQueue-PipelineReportForPipelineReportHandler] INFO  pipeline.PipelineManagerImpl (PipelineManagerImpl.java:openPipeline(367)) - Pipeline Pipeline[ Id: e8593296-6335-477f-b268-8f640c2b7aab, Nodes: 244a53c4-9cb3-439d-93c3-5e05515fc991(fv-az844-56.kvdfyhrxhd0epk3sa4trub4njc.xx.internal.cloudapp.net/10.1.0.15), ReplicationConfig: RATIS/ONE, State:ALLOCATED, leaderId:244a53c4-9cb3-439d-93c3-5e05515fc991, CreationTimestamp2023-05-31T22:57:41.970Z[Etc/UTC]] moved to OPEN state
2023-05-31 22:57:44,990 [EventQueue-OpenPipelineForHealthyPipelineSafeModeRule] INFO  safemode.SCMSafeModeManager (HealthyPipelineSafeModeRule.java:process(137)) - SCM in safe mode. Healthy pipelines reported count is 0, required healthy pipeline reported count is 1
2023-05-31 22:57:44,990 [244a53c4-9cb3-439d-93c3-5e05515fc991-groupManagement] INFO  server.RaftServerConfigKeys (ConfUtils.java:logGet(46)) - raft.server.log.appender.buffer.byte-limit = 33554432 (custom)
2023-05-31 22:57:44,990 [244a53c4-9cb3-439d-93c3-5e05515fc991-groupManagement] INFO  server.RaftServerConfigKeys (ConfUtils.java:logGet(46)) - raft.server.log.statemachine.data.read.timeout = 1000ms (default)
2023-05-31 22:57:44,991 [244a53c4-9cb3-439d-93c3-5e05515fc991-groupManagement] INFO  server.RaftServerConfigKeys (ConfUtils.java:logGet(46)) - raft.server.log.purge.preservation.log.num = 0 (default)
2023-05-31 22:57:44,991 [244a53c4-9cb3-439d-93c3-5e05515fc991-groupManagement] INFO  server.RaftServerConfigKeys (ConfUtils.java:logGet(46)) - raft.server.log.segment.size.max = 1048576 (custom)
2023-05-31 22:57:44,991 [244a53c4-9cb3-439d-93c3-5e05515fc991-groupManagement] INFO  server.RaftServerConfigKeys (ConfUtils.java:logGet(46)) - raft.server.log.segment.cache.num.max = 2 (custom)
2023-05-31 22:57:44,991 [244a53c4-9cb3-439d-93c3-5e05515fc991-groupManagement] INFO  server.RaftServerConfigKeys (ConfUtils.java:logGet(46)) - raft.server.log.segment.cache.size.max = 200MB (=209715200) (default)
2023-05-31 22:57:44,991 [244a53c4-9cb3-439d-93c3-5e05515fc991-groupManagement] INFO  server.RaftServerConfigKeys (ConfUtils.java:logGet(46)) - raft.server.log.appender.buffer.byte-limit = 33554432 (custom)
2023-05-31 22:57:44,991 [244a53c4-9cb3-439d-93c3-5e05515fc991-groupManagement] INFO  segmented.SegmentedRaftLogWorker (SegmentedRaftLogWorker.java:<init>(188)) - new 244a53c4-9cb3-439d-93c3-5e05515fc991@group-8F640C2B7AAB-SegmentedRaftLogWorker for RaftStorageImpl:Storage Directory /home/runner/work/ozone/ozone/hadoop-ozone/integration-test/target/test-dir/MiniOzoneClusterImpl-816a41a7-5c89-4e8c-81ba-db0c8b26fb2d/datanode-11/data/ratis/e8593296-6335-477f-b268-8f640c2b7aab
2023-05-31 22:57:44,991 [244a53c4-9cb3-439d-93c3-5e05515fc991-groupManagement] INFO  server.RaftServerConfigKeys (ConfUtils.java:logGet(46)) - raft.server.log.queue.byte-limit = 4294967296 (custom)
2023-05-31 22:57:44,991 [244a53c4-9cb3-439d-93c3-5e05515fc991-groupManagement] INFO  server.RaftServerConfigKeys (ConfUtils.java:logGet(46)) - raft.server.log.queue.element-limit = 1024 (custom)
2023-05-31 22:57:44,992 [244a53c4-9cb3-439d-93c3-5e05515fc991-groupManagement] INFO  server.RaftServerConfigKeys (ConfUtils.java:logGet(46)) - raft.server.log.segment.size.max = 1048576 (custom)
2023-05-31 22:57:44,992 [244a53c4-9cb3-439d-93c3-5e05515fc991-groupManagement] INFO  server.RaftServerConfigKeys (ConfUtils.java:logGet(46)) - raft.server.log.preallocated.size = 16384 (custom)
2023-05-31 22:57:44,992 [244a53c4-9cb3-439d-93c3-5e05515fc991-groupManagement] INFO  server.RaftServerConfigKeys (ConfUtils.java:logGet(46)) - raft.server.log.force.sync.num = 128 (default)
2023-05-31 22:57:44,992 [244a53c4-9cb3-439d-93c3-5e05515fc991-groupManagement] INFO  server.RaftServerConfigKeys (ConfUtils.java:logGet(46)) - raft.server.log.statemachine.data.sync = true (default)
2023-05-31 22:57:44,992 [244a53c4-9cb3-439d-93c3-5e05515fc991-groupManagement] INFO  server.RaftServerConfigKeys (ConfUtils.java:logGet(46)) - raft.server.log.statemachine.data.sync.timeout = 10s (default)
2023-05-31 22:57:44,992 [244a53c4-9cb3-439d-93c3-5e05515fc991-groupManagement] INFO  server.RaftServerConfigKeys (ConfUtils.java:logGet(46)) - raft.server.log.statemachine.data.sync.timeout.retry = -1 (default)
2023-05-31 22:57:44,995 [244a53c4-9cb3-439d-93c3-5e05515fc991-groupManagement] INFO  server.RaftServerConfigKeys (ConfUtils.java:logGet(46)) - raft.server.log.write.buffer.size = 1048576 (custom)
2023-05-31 22:57:44,996 [244a53c4-9cb3-439d-93c3-5e05515fc991-groupManagement] INFO  server.RaftServerConfigKeys (ConfUtils.java:logGet(46)) - raft.server.log.appender.buffer.byte-limit = 33554432 (custom)
2023-05-31 22:57:45,010 [244a53c4-9cb3-439d-93c3-5e05515fc991-groupManagement] INFO  server.RaftServerConfigKeys (ConfUtils.java:logGet(46)) - raft.server.log.unsafe-flush.enabled = false (default)
2023-05-31 22:57:45,011 [244a53c4-9cb3-439d-93c3-5e05515fc991-groupManagement] INFO  server.RaftServerConfigKeys (ConfUtils.java:logGet(46)) - raft.server.log.async-flush.enabled = false (default)
2023-05-31 22:57:45,011 [244a53c4-9cb3-439d-93c3-5e05515fc991-groupManagement] INFO  server.RaftServerConfigKeys (ConfUtils.java:logGet(46)) - raft.server.log.statemachine.data.caching.enabled = true (custom)
2023-05-31 22:57:45,011 [244a53c4-9cb3-439d-93c3-5e05515fc991-groupManagement] INFO  segmented.SegmentedRaftLogWorker (SegmentedRaftLogWorker.java:lambda$new$0(135)) - 244a53c4-9cb3-439d-93c3-5e05515fc991@group-8F640C2B7AAB-SegmentedRaftLogWorker: flushIndex: setUnconditionally 0 -> -1
2023-05-31 22:57:45,011 [244a53c4-9cb3-439d-93c3-5e05515fc991-groupManagement] INFO  segmented.SegmentedRaftLogWorker (SegmentedRaftLogWorker.java:lambda$new$0(135)) - 244a53c4-9cb3-439d-93c3-5e05515fc991@group-8F640C2B7AAB-SegmentedRaftLogWorker: safeCacheEvictIndex: setUnconditionally 0 -> -1
2023-05-31 22:57:45,016 [9a93b867-0c49-44e3-a75c-2e530498b118@group-25D9C935ABD9-LeaderElection3-1] INFO  server.GrpcServerProtocolClient (GrpcServerProtocolClient.java:<init>(65)) - Build channel for cdb52bc9-5e07-4eca-b7fa-f50f992e3122
2023-05-31 22:57:45,016 [244a53c4-9cb3-439d-93c3-5e05515fc991-groupManagement] INFO  server.RaftServer$Division (RaftServerImpl.java:start(342)) - 244a53c4-9cb3-439d-93c3-5e05515fc991@group-8F640C2B7AAB: start as a follower, conf=-1: peers:[244a53c4-9cb3-439d-93c3-5e05515fc991|rpc:10.1.0.15:15113|admin:10.1.0.15:15112|client:10.1.0.15:15111|dataStream:10.1.0.15:15114|priority:1|startupRole:FOLLOWER]|listeners:[], old=null
2023-05-31 22:57:45,016 [244a53c4-9cb3-439d-93c3-5e05515fc991-groupManagement] INFO  server.RaftServer$Division (RaftServerImpl.java:setRole(329)) - 244a53c4-9cb3-439d-93c3-5e05515fc991@group-8F640C2B7AAB: changes role from      null to FOLLOWER at term 0 for startAsFollower
2023-05-31 22:57:45,016 [244a53c4-9cb3-439d-93c3-5e05515fc991-groupManagement] INFO  impl.RoleInfo (RoleInfo.java:updateAndGet(139)) - 244a53c4-9cb3-439d-93c3-5e05515fc991: start 244a53c4-9cb3-439d-93c3-5e05515fc991@group-8F640C2B7AAB-FollowerState
2023-05-31 22:57:45,016 [9a93b867-0c49-44e3-a75c-2e530498b118@group-25D9C935ABD9-LeaderElection3] INFO  server.RaftServerConfigKeys (ConfUtils.java:logFallback(53)) - raft.server.rpc.first-election.timeout.min = 5s (fallback to raft.server.rpc.timeout.min)
2023-05-31 22:57:45,017 [9a93b867-0c49-44e3-a75c-2e530498b118@group-25D9C935ABD9-LeaderElection3] INFO  server.RaftServerConfigKeys (ConfUtils.java:logFallback(53)) - raft.server.rpc.first-election.timeout.max = 5200ms (fallback to raft.server.rpc.timeout.max)
2023-05-31 22:57:45,021 [244a53c4-9cb3-439d-93c3-5e05515fc991-groupManagement] INFO  util.JmxRegister (JmxRegister.java:tryRegister(44)) - Successfully registered JMX Bean with object name Ratis:service=RaftServer,group=group-8F640C2B7AAB,id=244a53c4-9cb3-439d-93c3-5e05515fc991
2023-05-31 22:57:45,021 [244a53c4-9cb3-439d-93c3-5e05515fc991-groupManagement] INFO  server.RaftServerConfigKeys (ConfUtils.java:logGet(46)) - raft.server.snapshot.auto.trigger.enabled = true (custom)
2023-05-31 22:57:45,021 [244a53c4-9cb3-439d-93c3-5e05515fc991-groupManagement] INFO  server.RaftServerConfigKeys (ConfUtils.java:logGet(46)) - raft.server.snapshot.auto.trigger.threshold = 10000 (custom)
2023-05-31 22:57:45,022 [244a53c4-9cb3-439d-93c3-5e05515fc991-groupManagement] INFO  server.RaftServerConfigKeys (ConfUtils.java:logGet(46)) - raft.server.snapshot.retention.file.num = 5 (custom)
2023-05-31 22:57:45,022 [244a53c4-9cb3-439d-93c3-5e05515fc991-groupManagement] INFO  server.RaftServerConfigKeys (ConfUtils.java:logGet(46)) - raft.server.log.purge.upto.snapshot.index = false (default)
2023-05-31 22:57:45,022 [244a53c4-9cb3-439d-93c3-5e05515fc991@group-8F640C2B7AAB-FollowerState] INFO  server.RaftServerConfigKeys (ConfUtils.java:logFallback(53)) - raft.server.rpc.first-election.timeout.min = 5s (fallback to raft.server.rpc.timeout.min)
2023-05-31 22:57:45,022 [244a53c4-9cb3-439d-93c3-5e05515fc991@group-8F640C2B7AAB-FollowerState] INFO  server.RaftServerConfigKeys (ConfUtils.java:logFallback(53)) - raft.server.rpc.first-election.timeout.max = 5200ms (fallback to raft.server.rpc.timeout.max)
2023-05-31 22:57:45,016 [9a93b867-0c49-44e3-a75c-2e530498b118@group-25D9C935ABD9-LeaderElection3-2] INFO  server.GrpcServerProtocolClient (GrpcServerProtocolClient.java:<init>(65)) - Build channel for 697d5b73-3ed9-4d18-b9d9-ca13a08090ac
2023-05-31 22:57:45,032 [PipelineCommandHandlerThread-0] INFO  ratis.XceiverServerRatis (XceiverServerRatis.java:addGroup(804)) - Created group PipelineID=e8593296-6335-477f-b268-8f640c2b7aab
2023-05-31 22:57:45,032 [PipelineCommandHandlerThread-0] INFO  commandhandler.CreatePipelineCommandHandler (CreatePipelineCommandHandler.java:lambda$handle$2(124)) - Created Pipeline RATIS ONE PipelineID=e8593296-6335-477f-b268-8f640c2b7aab.
2023-05-31 22:57:45,040 [grpc-default-executor-0] INFO  server.RaftServer$Division (RaftServerImpl.java:requestVote(1302)) - 697d5b73-3ed9-4d18-b9d9-ca13a08090ac@group-25D9C935ABD9: receive requestVote(PRE_VOTE, 9a93b867-0c49-44e3-a75c-2e530498b118, group-25D9C935ABD9, 0, (t:0, i:0))
2023-05-31 22:57:45,044 [grpc-default-executor-1] INFO  server.RaftServer$Division (RaftServerImpl.java:requestVote(1302)) - cdb52bc9-5e07-4eca-b7fa-f50f992e3122@group-25D9C935ABD9: receive requestVote(PRE_VOTE, 9a93b867-0c49-44e3-a75c-2e530498b118, group-25D9C935ABD9, 0, (t:0, i:0))
2023-05-31 22:57:45,044 [grpc-default-executor-1] INFO  impl.VoteContext (VoteContext.java:log(49)) - cdb52bc9-5e07-4eca-b7fa-f50f992e3122@group-25D9C935ABD9-FOLLOWER: accept PRE_VOTE from 9a93b867-0c49-44e3-a75c-2e530498b118: our priority 0 <= candidate's priority 1
2023-05-31 22:57:45,044 [grpc-default-executor-0] INFO  impl.VoteContext (VoteContext.java:log(49)) - 697d5b73-3ed9-4d18-b9d9-ca13a08090ac@group-25D9C935ABD9-FOLLOWER: accept PRE_VOTE from 9a93b867-0c49-44e3-a75c-2e530498b118: our priority 0 <= candidate's priority 1
2023-05-31 22:57:45,050 [grpc-default-executor-1] INFO  server.RaftServer$Division (RaftServerImpl.java:requestVote(1335)) - cdb52bc9-5e07-4eca-b7fa-f50f992e3122@group-25D9C935ABD9 replies to PRE_VOTE vote request: 9a93b867-0c49-44e3-a75c-2e530498b118<-cdb52bc9-5e07-4eca-b7fa-f50f992e3122#0:OK-t0. Peer's state: cdb52bc9-5e07-4eca-b7fa-f50f992e3122@group-25D9C935ABD9:t0, leader=null, voted=, raftlog=Memoized:cdb52bc9-5e07-4eca-b7fa-f50f992e3122@group-25D9C935ABD9-SegmentedRaftLog:OPENED:c-1, conf=-1: peers:[cdb52bc9-5e07-4eca-b7fa-f50f992e3122|rpc:10.1.0.15:15032|admin:10.1.0.15:15031|client:10.1.0.15:15030|dataStream:10.1.0.15:15033|priority:0|startupRole:FOLLOWER, 697d5b73-3ed9-4d18-b9d9-ca13a08090ac|rpc:10.1.0.15:15023|admin:10.1.0.15:15022|client:10.1.0.15:15021|dataStream:10.1.0.15:15024|priority:0|startupRole:FOLLOWER, 9a93b867-0c49-44e3-a75c-2e530498b118|rpc:10.1.0.15:15014|admin:10.1.0.15:15013|client:10.1.0.15:15012|dataStream:10.1.0.15:15015|priority:1|startupRole:FOLLOWER]|listeners:[], old=null
2023-05-31 22:57:45,051 [grpc-default-executor-0] INFO  server.RaftServer$Division (RaftServerImpl.java:requestVote(1335)) - 697d5b73-3ed9-4d18-b9d9-ca13a08090ac@group-25D9C935ABD9 replies to PRE_VOTE vote request: 9a93b867-0c49-44e3-a75c-2e530498b118<-697d5b73-3ed9-4d18-b9d9-ca13a08090ac#0:OK-t0. Peer's state: 697d5b73-3ed9-4d18-b9d9-ca13a08090ac@group-25D9C935ABD9:t0, leader=null, voted=, raftlog=Memoized:697d5b73-3ed9-4d18-b9d9-ca13a08090ac@group-25D9C935ABD9-SegmentedRaftLog:OPENED:c-1, conf=-1: peers:[cdb52bc9-5e07-4eca-b7fa-f50f992e3122|rpc:10.1.0.15:15032|admin:10.1.0.15:15031|client:10.1.0.15:15030|dataStream:10.1.0.15:15033|priority:0|startupRole:FOLLOWER, 697d5b73-3ed9-4d18-b9d9-ca13a08090ac|rpc:10.1.0.15:15023|admin:10.1.0.15:15022|client:10.1.0.15:15021|dataStream:10.1.0.15:15024|priority:0|startupRole:FOLLOWER, 9a93b867-0c49-44e3-a75c-2e530498b118|rpc:10.1.0.15:15014|admin:10.1.0.15:15013|client:10.1.0.15:15012|dataStream:10.1.0.15:15015|priority:1|startupRole:FOLLOWER]|listeners:[], old=null
2023-05-31 22:57:45,055 [9a93b867-0c49-44e3-a75c-2e530498b118@group-25D9C935ABD9-LeaderElection3] INFO  impl.LeaderElection (LeaderElection.java:logAndReturn(90)) - 9a93b867-0c49-44e3-a75c-2e530498b118@group-25D9C935ABD9-LeaderElection3: PRE_VOTE PASSED received 1 response(s) and 0 exception(s):
2023-05-31 22:57:45,056 [9a93b867-0c49-44e3-a75c-2e530498b118@group-25D9C935ABD9-LeaderElection3] INFO  impl.LeaderElection (LeaderElection.java:logAndReturn(94)) -   Response 0: 9a93b867-0c49-44e3-a75c-2e530498b118<-cdb52bc9-5e07-4eca-b7fa-f50f992e3122#0:OK-t0
2023-05-31 22:57:45,056 [9a93b867-0c49-44e3-a75c-2e530498b118@group-25D9C935ABD9-LeaderElection3] INFO  impl.LeaderElection (LeaderElection.java:askForVotes(323)) - 9a93b867-0c49-44e3-a75c-2e530498b118@group-25D9C935ABD9-LeaderElection3 PRE_VOTE round 0: result PASSED
2023-05-31 22:57:45,063 [9a93b867-0c49-44e3-a75c-2e530498b118@group-25D9C935ABD9-LeaderElection3] INFO  impl.LeaderElection (LeaderElection.java:askForVotes(321)) - 9a93b867-0c49-44e3-a75c-2e530498b118@group-25D9C935ABD9-LeaderElection3 ELECTION round 0: submit vote requests at term 1 for -1: peers:[cdb52bc9-5e07-4eca-b7fa-f50f992e3122|rpc:10.1.0.15:15032|admin:10.1.0.15:15031|client:10.1.0.15:15030|dataStream:10.1.0.15:15033|priority:0|startupRole:FOLLOWER, 697d5b73-3ed9-4d18-b9d9-ca13a08090ac|rpc:10.1.0.15:15023|admin:10.1.0.15:15022|client:10.1.0.15:15021|dataStream:10.1.0.15:15024|priority:0|startupRole:FOLLOWER, 9a93b867-0c49-44e3-a75c-2e530498b118|rpc:10.1.0.15:15014|admin:10.1.0.15:15013|client:10.1.0.15:15012|dataStream:10.1.0.15:15015|priority:1|startupRole:FOLLOWER]|listeners:[], old=null
2023-05-31 22:57:45,069 [9a93b867-0c49-44e3-a75c-2e530498b118@group-25D9C935ABD9-LeaderElection3] INFO  server.RaftServerConfigKeys (ConfUtils.java:logFallback(53)) - raft.server.rpc.first-election.timeout.min = 5s (fallback to raft.server.rpc.timeout.min)
2023-05-31 22:57:45,069 [9a93b867-0c49-44e3-a75c-2e530498b118@group-25D9C935ABD9-LeaderElection3] INFO  server.RaftServerConfigKeys (ConfUtils.java:logFallback(53)) - raft.server.rpc.first-election.timeout.max = 5200ms (fallback to raft.server.rpc.timeout.max)
2023-05-31 22:57:45,071 [grpc-default-executor-1] INFO  server.RaftServer$Division (RaftServerImpl.java:requestVote(1302)) - cdb52bc9-5e07-4eca-b7fa-f50f992e3122@group-25D9C935ABD9: receive requestVote(ELECTION, 9a93b867-0c49-44e3-a75c-2e530498b118, group-25D9C935ABD9, 1, (t:0, i:0))
2023-05-31 22:57:45,071 [grpc-default-executor-1] INFO  impl.VoteContext (VoteContext.java:log(49)) - cdb52bc9-5e07-4eca-b7fa-f50f992e3122@group-25D9C935ABD9-FOLLOWER: accept ELECTION from 9a93b867-0c49-44e3-a75c-2e530498b118: our priority 0 <= candidate's priority 1
2023-05-31 22:57:45,071 [grpc-default-executor-1] INFO  server.RaftServer$Division (RaftServerImpl.java:setRole(329)) - cdb52bc9-5e07-4eca-b7fa-f50f992e3122@group-25D9C935ABD9: changes role from  FOLLOWER to FOLLOWER at term 1 for candidate:9a93b867-0c49-44e3-a75c-2e530498b118
2023-05-31 22:57:45,071 [grpc-default-executor-1] INFO  impl.RoleInfo (RoleInfo.java:shutdownFollowerState(110)) - cdb52bc9-5e07-4eca-b7fa-f50f992e3122: shutdown cdb52bc9-5e07-4eca-b7fa-f50f992e3122@group-25D9C935ABD9-FollowerState
2023-05-31 22:57:45,072 [grpc-default-executor-1] INFO  impl.RoleInfo (RoleInfo.java:updateAndGet(139)) - cdb52bc9-5e07-4eca-b7fa-f50f992e3122: start cdb52bc9-5e07-4eca-b7fa-f50f992e3122@group-25D9C935ABD9-FollowerState
2023-05-31 22:57:45,072 [cdb52bc9-5e07-4eca-b7fa-f50f992e3122@group-25D9C935ABD9-FollowerState] INFO  impl.FollowerState (FollowerState.java:run(152)) - cdb52bc9-5e07-4eca-b7fa-f50f992e3122@group-25D9C935ABD9-FollowerState was interrupted
2023-05-31 22:57:45,075 [grpc-default-executor-1] INFO  server.RaftServer$Division (RaftServerImpl.java:requestVote(1335)) - cdb52bc9-5e07-4eca-b7fa-f50f992e3122@group-25D9C935ABD9 replies to ELECTION vote request: 9a93b867-0c49-44e3-a75c-2e530498b118<-cdb52bc9-5e07-4eca-b7fa-f50f992e3122#0:OK-t1. Peer's state: cdb52bc9-5e07-4eca-b7fa-f50f992e3122@group-25D9C935ABD9:t1, leader=null, voted=9a93b867-0c49-44e3-a75c-2e530498b118, raftlog=Memoized:cdb52bc9-5e07-4eca-b7fa-f50f992e3122@group-25D9C935ABD9-SegmentedRaftLog:OPENED:c-1, conf=-1: peers:[cdb52bc9-5e07-4eca-b7fa-f50f992e3122|rpc:10.1.0.15:15032|admin:10.1.0.15:15031|client:10.1.0.15:15030|dataStream:10.1.0.15:15033|priority:0|startupRole:FOLLOWER, 697d5b73-3ed9-4d18-b9d9-ca13a08090ac|rpc:10.1.0.15:15023|admin:10.1.0.15:15022|client:10.1.0.15:15021|dataStream:10.1.0.15:15024|priority:0|startupRole:FOLLOWER, 9a93b867-0c49-44e3-a75c-2e530498b118|rpc:10.1.0.15:15014|admin:10.1.0.15:15013|client:10.1.0.15:15012|dataStream:10.1.0.15:15015|priority:1|startupRole:FOLLOWER]|listeners:[], old=null
2023-05-31 22:57:45,078 [grpc-default-executor-0] INFO  server.RaftServer$Division (RaftServerImpl.java:requestVote(1302)) - 697d5b73-3ed9-4d18-b9d9-ca13a08090ac@group-25D9C935ABD9: receive requestVote(ELECTION, 9a93b867-0c49-44e3-a75c-2e530498b118, group-25D9C935ABD9, 1, (t:0, i:0))
2023-05-31 22:57:45,078 [grpc-default-executor-0] INFO  impl.VoteContext (VoteContext.java:log(49)) - 697d5b73-3ed9-4d18-b9d9-ca13a08090ac@group-25D9C935ABD9-FOLLOWER: accept ELECTION from 9a93b867-0c49-44e3-a75c-2e530498b118: our priority 0 <= candidate's priority 1
2023-05-31 22:57:45,078 [grpc-default-executor-0] INFO  server.RaftServer$Division (RaftServerImpl.java:setRole(329)) - 697d5b73-3ed9-4d18-b9d9-ca13a08090ac@group-25D9C935ABD9: changes role from  FOLLOWER to FOLLOWER at term 1 for candidate:9a93b867-0c49-44e3-a75c-2e530498b118
2023-05-31 22:57:45,078 [grpc-default-executor-0] INFO  impl.RoleInfo (RoleInfo.java:shutdownFollowerState(110)) - 697d5b73-3ed9-4d18-b9d9-ca13a08090ac: shutdown 697d5b73-3ed9-4d18-b9d9-ca13a08090ac@group-25D9C935ABD9-FollowerState
2023-05-31 22:57:45,078 [grpc-default-executor-0] INFO  impl.RoleInfo (RoleInfo.java:updateAndGet(139)) - 697d5b73-3ed9-4d18-b9d9-ca13a08090ac: start 697d5b73-3ed9-4d18-b9d9-ca13a08090ac@group-25D9C935ABD9-FollowerState
2023-05-31 22:57:45,078 [697d5b73-3ed9-4d18-b9d9-ca13a08090ac@group-25D9C935ABD9-FollowerState] INFO  impl.FollowerState (FollowerState.java:run(152)) - 697d5b73-3ed9-4d18-b9d9-ca13a08090ac@group-25D9C935ABD9-FollowerState was interrupted
2023-05-31 22:57:45,081 [grpc-default-executor-0] INFO  server.RaftServer$Division (RaftServerImpl.java:requestVote(1335)) - 697d5b73-3ed9-4d18-b9d9-ca13a08090ac@group-25D9C935ABD9 replies to ELECTION vote request: 9a93b867-0c49-44e3-a75c-2e530498b118<-697d5b73-3ed9-4d18-b9d9-ca13a08090ac#0:OK-t1. Peer's state: 697d5b73-3ed9-4d18-b9d9-ca13a08090ac@group-25D9C935ABD9:t1, leader=null, voted=9a93b867-0c49-44e3-a75c-2e530498b118, raftlog=Memoized:697d5b73-3ed9-4d18-b9d9-ca13a08090ac@group-25D9C935ABD9-SegmentedRaftLog:OPENED:c-1, conf=-1: peers:[cdb52bc9-5e07-4eca-b7fa-f50f992e3122|rpc:10.1.0.15:15032|admin:10.1.0.15:15031|client:10.1.0.15:15030|dataStream:10.1.0.15:15033|priority:0|startupRole:FOLLOWER, 697d5b73-3ed9-4d18-b9d9-ca13a08090ac|rpc:10.1.0.15:15023|admin:10.1.0.15:15022|client:10.1.0.15:15021|dataStream:10.1.0.15:15024|priority:0|startupRole:FOLLOWER, 9a93b867-0c49-44e3-a75c-2e530498b118|rpc:10.1.0.15:15014|admin:10.1.0.15:15013|client:10.1.0.15:15012|dataStream:10.1.0.15:15015|priority:1|startupRole:FOLLOWER]|listeners:[], old=null
2023-05-31 22:57:45,082 [9a93b867-0c49-44e3-a75c-2e530498b118@group-25D9C935ABD9-LeaderElection3] INFO  impl.LeaderElection (LeaderElection.java:logAndReturn(90)) - 9a93b867-0c49-44e3-a75c-2e530498b118@group-25D9C935ABD9-LeaderElection3: ELECTION PASSED received 1 response(s) and 0 exception(s):
2023-05-31 22:57:45,082 [9a93b867-0c49-44e3-a75c-2e530498b118@group-25D9C935ABD9-LeaderElection3] INFO  impl.LeaderElection (LeaderElection.java:logAndReturn(94)) -   Response 0: 9a93b867-0c49-44e3-a75c-2e530498b118<-cdb52bc9-5e07-4eca-b7fa-f50f992e3122#0:OK-t1
2023-05-31 22:57:45,082 [9a93b867-0c49-44e3-a75c-2e530498b118@group-25D9C935ABD9-LeaderElection3] INFO  impl.LeaderElection (LeaderElection.java:askForVotes(323)) - 9a93b867-0c49-44e3-a75c-2e530498b118@group-25D9C935ABD9-LeaderElection3 ELECTION round 0: result PASSED
2023-05-31 22:57:45,082 [9a93b867-0c49-44e3-a75c-2e530498b118@group-25D9C935ABD9-LeaderElection3] INFO  impl.RoleInfo (RoleInfo.java:shutdownLeaderElection(130)) - 9a93b867-0c49-44e3-a75c-2e530498b118: shutdown 9a93b867-0c49-44e3-a75c-2e530498b118@group-25D9C935ABD9-LeaderElection3
2023-05-31 22:57:45,082 [9a93b867-0c49-44e3-a75c-2e530498b118@group-25D9C935ABD9-LeaderElection3] INFO  server.RaftServer$Division (RaftServerImpl.java:setRole(329)) - 9a93b867-0c49-44e3-a75c-2e530498b118@group-25D9C935ABD9: changes role from CANDIDATE to LEADER at term 1 for changeToLeader
2023-05-31 22:57:45,082 [9a93b867-0c49-44e3-a75c-2e530498b118@group-25D9C935ABD9-LeaderElection3] INFO  ratis.XceiverServerRatis (XceiverServerRatis.java:handleLeaderChangedNotification(902)) - Leader change notification received for group: group-25D9C935ABD9 with new leaderId: 9a93b867-0c49-44e3-a75c-2e530498b118
2023-05-31 22:57:45,083 [9a93b867-0c49-44e3-a75c-2e530498b118@group-25D9C935ABD9-LeaderElection3] INFO  server.RaftServer$Division (ServerState.java:setLeader(317)) - 9a93b867-0c49-44e3-a75c-2e530498b118@group-25D9C935ABD9: change Leader from null to 9a93b867-0c49-44e3-a75c-2e530498b118 at term 1 for becomeLeader, leader elected after 5214ms
2023-05-31 22:57:45,083 [9a93b867-0c49-44e3-a75c-2e530498b118@group-25D9C935ABD9-LeaderElection3] INFO  server.RaftServerConfigKeys (ConfUtils.java:logGet(46)) - raft.server.staging.catchup.gap = 1000 (default)
2023-05-31 22:57:45,083 [9a93b867-0c49-44e3-a75c-2e530498b118@group-25D9C935ABD9-LeaderElection3] INFO  server.RaftServerConfigKeys (ConfUtils.java:logGet(46)) - raft.server.write.element-limit = 1024 (custom)
2023-05-31 22:57:45,083 [9a93b867-0c49-44e3-a75c-2e530498b118@group-25D9C935ABD9-LeaderElection3] INFO  server.RaftServerConfigKeys (ConfUtils.java:logGet(46)) - raft.server.write.byte-limit = 1024 M (=1073741824) (custom)
2023-05-31 22:57:45,083 [9a93b867-0c49-44e3-a75c-2e530498b118@group-25D9C935ABD9-LeaderElection3] INFO  server.RaftServerConfigKeys (ConfUtils.java:logGet(46)) - raft.server.watch.timeout = 180s (custom)
2023-05-31 22:57:45,083 [9a93b867-0c49-44e3-a75c-2e530498b118@group-25D9C935ABD9-LeaderElection3] INFO  server.RaftServerConfigKeys (ConfUtils.java:logGet(46)) - raft.server.watch.timeout.denomination = 1s (default)
2023-05-31 22:57:45,084 [9a93b867-0c49-44e3-a75c-2e530498b118@group-25D9C935ABD9-LeaderElection3] INFO  server.RaftServerConfigKeys (ConfUtils.java:logGet(46)) - raft.server.watch.element-limit = 65536 (default)
2023-05-31 22:57:45,084 [9a93b867-0c49-44e3-a75c-2e530498b118@group-25D9C935ABD9-LeaderElection3] INFO  server.RaftServerConfigKeys (ConfUtils.java:logGet(46)) - raft.server.write.element-limit = 1024 (custom)
2023-05-31 22:57:45,084 [9a93b867-0c49-44e3-a75c-2e530498b118@group-25D9C935ABD9-LeaderElection3] INFO  server.RaftServerConfigKeys (ConfUtils.java:logGet(46)) - raft.server.write.follower.gap.ratio.max = -1.0 (default)
2023-05-31 22:57:45,089 [EventQueue-PipelineReportForPipelineReportHandler] INFO  pipeline.PipelineManagerImpl (PipelineManagerImpl.java:openPipeline(367)) - Pipeline Pipeline[ Id: d887046c-f233-4ec2-8fab-25d9c935abd9, Nodes: 9a93b867-0c49-44e3-a75c-2e530498b118(fv-az844-56.kvdfyhrxhd0epk3sa4trub4njc.xx.internal.cloudapp.net/10.1.0.15)cdb52bc9-5e07-4eca-b7fa-f50f992e3122(fv-az844-56.kvdfyhrxhd0epk3sa4trub4njc.xx.internal.cloudapp.net/10.1.0.15)697d5b73-3ed9-4d18-b9d9-ca13a08090ac(fv-az844-56.kvdfyhrxhd0epk3sa4trub4njc.xx.internal.cloudapp.net/10.1.0.15), ReplicationConfig: RATIS/THREE, State:ALLOCATED, leaderId:9a93b867-0c49-44e3-a75c-2e530498b118, CreationTimestamp2023-05-31T22:57:37.661Z[Etc/UTC]] moved to OPEN state
2023-05-31 22:57:45,090 [EventQueue-OpenPipelineForHealthyPipelineSafeModeRule] INFO  safemode.SCMSafeModeManager (HealthyPipelineSafeModeRule.java:process(137)) - SCM in safe mode. Healthy pipelines reported count is 1, required healthy pipeline reported count is 1
2023-05-31 22:57:45,090 [EventQueue-OpenPipelineForHealthyPipelineSafeModeRule] INFO  safemode.SCMSafeModeManager (SCMSafeModeManager.java:validateSafeModeExitRules(200)) - HealthyPipelineSafeModeRule rule is successfully validated
2023-05-31 22:57:45,090 [EventQueue-OpenPipelineForHealthyPipelineSafeModeRule] INFO  safemode.SCMSafeModeManager (SCMSafeModeManager.java:validateSafeModeExitRules(215)) - ScmSafeModeManager, all rules are successfully validated
2023-05-31 22:57:45,090 [EventQueue-OpenPipelineForHealthyPipelineSafeModeRule] INFO  safemode.SCMSafeModeManager (SCMSafeModeManager.java:exitSafeMode(244)) - SCM exiting safe mode.
2023-05-31 22:57:45,090 [EventQueue-OpenPipelineForHealthyPipelineSafeModeRule] INFO  ha.SCMContext (SCMContext.java:updateSafeModeStatus(228)) - Update SafeModeStatus from SafeModeStatus{safeModeStatus=true, preCheckPassed=true} to SafeModeStatus{safeModeStatus=false, preCheckPassed=true}.
2023-05-31 22:57:45,090 [EventQueue-OpenPipelineForHealthyPipelineSafeModeRule] INFO  pipeline.BackgroundPipelineCreator (BackgroundPipelineCreator.java:notifyStatusChanged(254)) - Service BackgroundPipelineCreator transitions to RUNNING.
2023-05-31 22:57:45,090 [EventQueue-OpenPipelineForHealthyPipelineSafeModeRule] INFO  BackgroundPipelineScrubber (BackgroundSCMService.java:notifyStatusChanged(82)) - Service BackgroundPipelineScrubber transitions to RUNNING.
2023-05-31 22:57:45,091 [EventQueue-OpenPipelineForHealthyPipelineSafeModeRule] INFO  ExpiredContainerReplicaOpScrubber (BackgroundSCMService.java:notifyStatusChanged(82)) - Service ExpiredContainerReplicaOpScrubber transitions to RUNNING.
2023-05-31 22:57:45,091 [EventQueue-OpenPipelineForHealthyPipelineSafeModeRule] INFO  replication.ReplicationManager (ReplicationManager.java:notifyStatusChanged(1377)) - Service ReplicationManager transitions to RUNNING.
2023-05-31 22:57:45,095 [EventQueue-OpenPipelineForHealthyPipelineSafeModeRule] WARN  balancer.ContainerBalancer (ContainerBalancer.java:shouldRun(135)) - Could not find persisted configuration for ContainerBalancer when checking if ContainerBalancer should run. ContainerBalancer should not run now.
2023-05-31 22:57:45,107 [9a93b867-0c49-44e3-a75c-2e530498b118@group-25D9C935ABD9-LeaderElection3] INFO  server.RaftServerConfigKeys (ConfUtils.java:logGet(46)) - raft.server.log.appender.snapshot.chunk.size.max = 16MB (=16777216) (default)
2023-05-31 22:57:45,107 [9a93b867-0c49-44e3-a75c-2e530498b118@group-25D9C935ABD9-LeaderElection3] INFO  server.RaftServerConfigKeys (ConfUtils.java:logGet(46)) - raft.server.log.appender.buffer.byte-limit = 33554432 (custom)
2023-05-31 22:57:45,107 [9a93b867-0c49-44e3-a75c-2e530498b118@group-25D9C935ABD9-LeaderElection3] INFO  server.RaftServerConfigKeys (ConfUtils.java:logGet(46)) - raft.server.log.appender.buffer.element-limit = 1 (custom)
2023-05-31 22:57:45,115 [9a93b867-0c49-44e3-a75c-2e530498b118@group-25D9C935ABD9-LeaderElection3] INFO  server.RaftServerConfigKeys (ConfUtils.java:logGet(46)) - raft.server.log.appender.wait-time.min = 10ms (default)
2023-05-31 22:57:45,121 [9a93b867-0c49-44e3-a75c-2e530498b118@group-25D9C935ABD9-LeaderElection3] INFO  grpc.GrpcConfigKeys (ConfUtils.java:logGet(46)) - raft.grpc.server.leader.outstanding.appends.max = 128 (default)
2023-05-31 22:57:45,121 [9a93b867-0c49-44e3-a75c-2e530498b118@group-25D9C935ABD9-LeaderElection3] INFO  server.RaftServerConfigKeys (ConfUtils.java:logGet(46)) - raft.server.rpc.request.timeout = 60s (custom)
2023-05-31 22:57:45,122 [9a93b867-0c49-44e3-a75c-2e530498b118@group-25D9C935ABD9-LeaderElection3] INFO  grpc.GrpcConfigKeys (ConfUtils.java:logGet(46)) - raft.grpc.server.install_snapshot.request.element-limit = 8 (default)
2023-05-31 22:57:45,122 [9a93b867-0c49-44e3-a75c-2e530498b118@group-25D9C935ABD9-LeaderElection3] INFO  grpc.GrpcConfigKeys (ConfUtils.java:logGet(46)) - raft.grpc.server.install_snapshot.request.timeout = 3000ms (default)
2023-05-31 22:57:45,122 [9a93b867-0c49-44e3-a75c-2e530498b118@group-25D9C935ABD9-LeaderElection3] INFO  server.RaftServerConfigKeys (ConfUtils.java:logGet(46)) - raft.server.log.appender.install.snapshot.enabled = false (custom)
2023-05-31 22:57:45,122 [9a93b867-0c49-44e3-a75c-2e530498b118@group-25D9C935ABD9-LeaderElection3] INFO  grpc.GrpcConfigKeys (ConfUtils.java:logGet(46)) - raft.grpc.server.heartbeat.channel = true (default)
2023-05-31 22:57:45,128 [9a93b867-0c49-44e3-a75c-2e530498b118@group-25D9C935ABD9-LeaderElection3] INFO  server.RaftServerConfigKeys (ConfUtils.java:logGet(46)) - raft.server.log.appender.snapshot.chunk.size.max = 16MB (=16777216) (default)
2023-05-31 22:57:45,128 [9a93b867-0c49-44e3-a75c-2e530498b118@group-25D9C935ABD9-LeaderElection3] INFO  server.RaftServerConfigKeys (ConfUtils.java:logGet(46)) - raft.server.log.appender.buffer.byte-limit = 33554432 (custom)
2023-05-31 22:57:45,128 [9a93b867-0c49-44e3-a75c-2e530498b118@group-25D9C935ABD9-LeaderElection3] INFO  server.RaftServerConfigKeys (ConfUtils.java:logGet(46)) - raft.server.log.appender.buffer.element-limit = 1 (custom)
2023-05-31 22:57:45,128 [9a93b867-0c49-44e3-a75c-2e530498b118@group-25D9C935ABD9-LeaderElection3] INFO  server.RaftServerConfigKeys (ConfUtils.java:logGet(46)) - raft.server.log.appender.wait-time.min = 10ms (default)
2023-05-31 22:57:45,128 [9a93b867-0c49-44e3-a75c-2e530498b118@group-25D9C935ABD9-LeaderElection3] INFO  grpc.GrpcConfigKeys (ConfUtils.java:logGet(46)) - raft.grpc.server.leader.outstanding.appends.max = 128 (default)
2023-05-31 22:57:45,128 [9a93b867-0c49-44e3-a75c-2e530498b118@group-25D9C935ABD9-LeaderElection3] INFO  server.RaftServerConfigKeys (ConfUtils.java:logGet(46)) - raft.server.rpc.request.timeout = 60s (custom)
2023-05-31 22:57:45,128 [9a93b867-0c49-44e3-a75c-2e530498b118@group-25D9C935ABD9-LeaderElection3] INFO  grpc.GrpcConfigKeys (ConfUtils.java:logGet(46)) - raft.grpc.server.install_snapshot.request.element-limit = 8 (default)
2023-05-31 22:57:45,128 [9a93b867-0c49-44e3-a75c-2e530498b118@group-25D9C935ABD9-LeaderElection3] INFO  grpc.GrpcConfigKeys (ConfUtils.java:logGet(46)) - raft.grpc.server.install_snapshot.request.timeout = 3000ms (default)
2023-05-31 22:57:45,128 [9a93b867-0c49-44e3-a75c-2e530498b118@group-25D9C935ABD9-LeaderElection3] INFO  server.RaftServerConfigKeys (ConfUtils.java:logGet(46)) - raft.server.log.appender.install.snapshot.enabled = false (custom)
2023-05-31 22:57:45,128 [9a93b867-0c49-44e3-a75c-2e530498b118@group-25D9C935ABD9-LeaderElection3] INFO  grpc.GrpcConfigKeys (ConfUtils.java:logGet(46)) - raft.grpc.server.heartbeat.channel = true (default)
2023-05-31 22:57:45,130 [9a93b867-0c49-44e3-a75c-2e530498b118@group-25D9C935ABD9-LeaderElection3] INFO  impl.RoleInfo (RoleInfo.java:updateAndGet(139)) - 9a93b867-0c49-44e3-a75c-2e530498b118: start 9a93b867-0c49-44e3-a75c-2e530498b118@group-25D9C935ABD9-LeaderStateImpl
2023-05-31 22:57:45,130 [9a93b867-0c49-44e3-a75c-2e530498b118@group-25D9C935ABD9-LeaderElection3] INFO  segmented.SegmentedRaftLogWorker (SegmentedRaftLogWorker.java:startLogSegment(447)) - 9a93b867-0c49-44e3-a75c-2e530498b118@group-25D9C935ABD9-SegmentedRaftLogWorker: Starting segment from index:0
2023-05-31 22:57:45,134 [9a93b867-0c49-44e3-a75c-2e530498b118@group-25D9C935ABD9-LeaderElection3] INFO  server.RaftServer$Division (ServerState.java:setRaftConf(434)) - 9a93b867-0c49-44e3-a75c-2e530498b118@group-25D9C935ABD9: set configuration 0: peers:[cdb52bc9-5e07-4eca-b7fa-f50f992e3122|rpc:10.1.0.15:15032|admin:10.1.0.15:15031|client:10.1.0.15:15030|dataStream:10.1.0.15:15033|priority:0|startupRole:FOLLOWER, 697d5b73-3ed9-4d18-b9d9-ca13a08090ac|rpc:10.1.0.15:15023|admin:10.1.0.15:15022|client:10.1.0.15:15021|dataStream:10.1.0.15:15024|priority:0|startupRole:FOLLOWER, 9a93b867-0c49-44e3-a75c-2e530498b118|rpc:10.1.0.15:15014|admin:10.1.0.15:15013|client:10.1.0.15:15012|dataStream:10.1.0.15:15015|priority:1|startupRole:FOLLOWER]|listeners:[], old=null
2023-05-31 22:57:45,138 [9a93b867-0c49-44e3-a75c-2e530498b118@group-25D9C935ABD9-SegmentedRaftLogWorker] INFO  segmented.SegmentedRaftLogWorker (SegmentedRaftLogWorker.java:execute(651)) - 9a93b867-0c49-44e3-a75c-2e530498b118@group-25D9C935ABD9-SegmentedRaftLogWorker: created new log segment /home/runner/work/ozone/ozone/hadoop-ozone/integration-test/target/test-dir/MiniOzoneClusterImpl-816a41a7-5c89-4e8c-81ba-db0c8b26fb2d/datanode-0/data/ratis/d887046c-f233-4ec2-8fab-25d9c935abd9/current/log_inprogress_0
2023-05-31 22:57:45,248 [697d5b73-3ed9-4d18-b9d9-ca13a08090ac-server-thread1] INFO  ratis.XceiverServerRatis (XceiverServerRatis.java:handleLeaderChangedNotification(902)) - Leader change notification received for group: group-25D9C935ABD9 with new leaderId: 9a93b867-0c49-44e3-a75c-2e530498b118
2023-05-31 22:57:45,248 [697d5b73-3ed9-4d18-b9d9-ca13a08090ac-server-thread1] INFO  server.RaftServer$Division (ServerState.java:setLeader(317)) - 697d5b73-3ed9-4d18-b9d9-ca13a08090ac@group-25D9C935ABD9: change Leader from null to 9a93b867-0c49-44e3-a75c-2e530498b118 at term 1 for appendEntries, leader elected after 4903ms
2023-05-31 22:57:45,258 [697d5b73-3ed9-4d18-b9d9-ca13a08090ac-server-thread2] INFO  server.RaftServer$Division (ServerState.java:setRaftConf(434)) - 697d5b73-3ed9-4d18-b9d9-ca13a08090ac@group-25D9C935ABD9: set configuration 0: peers:[cdb52bc9-5e07-4eca-b7fa-f50f992e3122|rpc:10.1.0.15:15032|admin:10.1.0.15:15031|client:10.1.0.15:15030|dataStream:10.1.0.15:15033|priority:0|startupRole:FOLLOWER, 697d5b73-3ed9-4d18-b9d9-ca13a08090ac|rpc:10.1.0.15:15023|admin:10.1.0.15:15022|client:10.1.0.15:15021|dataStream:10.1.0.15:15024|priority:0|startupRole:FOLLOWER, 9a93b867-0c49-44e3-a75c-2e530498b118|rpc:10.1.0.15:15014|admin:10.1.0.15:15013|client:10.1.0.15:15012|dataStream:10.1.0.15:15015|priority:1|startupRole:FOLLOWER]|listeners:[], old=null
2023-05-31 22:57:45,258 [697d5b73-3ed9-4d18-b9d9-ca13a08090ac-server-thread2] INFO  segmented.SegmentedRaftLogWorker (SegmentedRaftLogWorker.java:startLogSegment(447)) - 697d5b73-3ed9-4d18-b9d9-ca13a08090ac@group-25D9C935ABD9-SegmentedRaftLogWorker: Starting segment from index:0
2023-05-31 22:57:45,268 [697d5b73-3ed9-4d18-b9d9-ca13a08090ac@group-25D9C935ABD9-SegmentedRaftLogWorker] INFO  segmented.SegmentedRaftLogWorker (SegmentedRaftLogWorker.java:execute(651)) - 697d5b73-3ed9-4d18-b9d9-ca13a08090ac@group-25D9C935ABD9-SegmentedRaftLogWorker: created new log segment /home/runner/work/ozone/ozone/hadoop-ozone/integration-test/target/test-dir/MiniOzoneClusterImpl-816a41a7-5c89-4e8c-81ba-db0c8b26fb2d/datanode-1/data/ratis/d887046c-f233-4ec2-8fab-25d9c935abd9/current/log_inprogress_0
2023-05-31 22:57:45,276 [cdb52bc9-5e07-4eca-b7fa-f50f992e3122-server-thread2] INFO  ratis.XceiverServerRatis (XceiverServerRatis.java:handleLeaderChangedNotification(902)) - Leader change notification received for group: group-25D9C935ABD9 with new leaderId: 9a93b867-0c49-44e3-a75c-2e530498b118
2023-05-31 22:57:45,276 [cdb52bc9-5e07-4eca-b7fa-f50f992e3122-server-thread2] INFO  server.RaftServer$Division (ServerState.java:setLeader(317)) - cdb52bc9-5e07-4eca-b7fa-f50f992e3122@group-25D9C935ABD9: change Leader from null to 9a93b867-0c49-44e3-a75c-2e530498b118 at term 1 for appendEntries, leader elected after 4719ms
2023-05-31 22:57:45,278 [cdb52bc9-5e07-4eca-b7fa-f50f992e3122-server-thread2] INFO  server.RaftServer$Division (ServerState.java:setRaftConf(434)) - cdb52bc9-5e07-4eca-b7fa-f50f992e3122@group-25D9C935ABD9: set configuration 0: peers:[cdb52bc9-5e07-4eca-b7fa-f50f992e3122|rpc:10.1.0.15:15032|admin:10.1.0.15:15031|client:10.1.0.15:15030|dataStream:10.1.0.15:15033|priority:0|startupRole:FOLLOWER, 697d5b73-3ed9-4d18-b9d9-ca13a08090ac|rpc:10.1.0.15:15023|admin:10.1.0.15:15022|client:10.1.0.15:15021|dataStream:10.1.0.15:15024|priority:0|startupRole:FOLLOWER, 9a93b867-0c49-44e3-a75c-2e530498b118|rpc:10.1.0.15:15014|admin:10.1.0.15:15013|client:10.1.0.15:15012|dataStream:10.1.0.15:15015|priority:1|startupRole:FOLLOWER]|listeners:[], old=null
2023-05-31 22:57:45,279 [cdb52bc9-5e07-4eca-b7fa-f50f992e3122-server-thread2] INFO  segmented.SegmentedRaftLogWorker (SegmentedRaftLogWorker.java:startLogSegment(447)) - cdb52bc9-5e07-4eca-b7fa-f50f992e3122@group-25D9C935ABD9-SegmentedRaftLogWorker: Starting segment from index:0
2023-05-31 22:57:45,280 [cdb52bc9-5e07-4eca-b7fa-f50f992e3122@group-25D9C935ABD9-SegmentedRaftLogWorker] INFO  segmented.SegmentedRaftLogWorker (SegmentedRaftLogWorker.java:execute(651)) - cdb52bc9-5e07-4eca-b7fa-f50f992e3122@group-25D9C935ABD9-SegmentedRaftLogWorker: created new log segment /home/runner/work/ozone/ozone/hadoop-ozone/integration-test/target/test-dir/MiniOzoneClusterImpl-816a41a7-5c89-4e8c-81ba-db0c8b26fb2d/datanode-2/data/ratis/d887046c-f233-4ec2-8fab-25d9c935abd9/current/log_inprogress_0
2023-05-31 22:57:45,320 [main] INFO  ozone.MiniOzoneClusterImpl (MiniOzoneClusterImpl.java:lambda$waitForClusterToBeReady$0(222)) - Nodes are ready. Got 14 of 14 DN Heartbeats.
2023-05-31 22:57:45,320 [main] INFO  ozone.MiniOzoneClusterImpl (MiniOzoneClusterImpl.java:lambda$waitForClusterToBeReady$0(225)) - Cluster exits safe mode
2023-05-31 22:57:45,321 [main] INFO  ozone.MiniOzoneClusterImpl (MiniOzoneClusterImpl.java:lambda$waitForClusterToBeReady$0(227)) - SCM became leader
2023-05-31 22:57:45,390 [PipelineCommandHandlerThread-0] INFO  server.RaftServer (RaftServerProxy.java:addNew(98)) - 2fca467b-8261-48a6-b0b4-c0ececcd3716: addNew group-EE5A51D58199:[2fca467b-8261-48a6-b0b4-c0ececcd3716|rpc:10.1.0.15:15122|admin:10.1.0.15:15121|client:10.1.0.15:15120|dataStream:10.1.0.15:15123|priority:1|startupRole:FOLLOWER] returns group-EE5A51D58199:java.util.concurrent.CompletableFuture@42982bd1[Not completed]
2023-05-31 22:57:45,399 [2fca467b-8261-48a6-b0b4-c0ececcd3716-groupManagement] INFO  server.RaftServer$Division (RaftServerImpl.java:<init>(198)) - 2fca467b-8261-48a6-b0b4-c0ececcd3716: new RaftServerImpl for group-EE5A51D58199:[2fca467b-8261-48a6-b0b4-c0ececcd3716|rpc:10.1.0.15:15122|admin:10.1.0.15:15121|client:10.1.0.15:15120|dataStream:10.1.0.15:15123|priority:1|startupRole:FOLLOWER] with ContainerStateMachine:uninitialized
2023-05-31 22:57:45,399 [2fca467b-8261-48a6-b0b4-c0ececcd3716-groupManagement] INFO  server.RaftServerConfigKeys (ConfUtils.java:logGet(46)) - raft.server.rpc.timeout.min = 5s (custom)
2023-05-31 22:57:45,399 [2fca467b-8261-48a6-b0b4-c0ececcd3716-groupManagement] INFO  server.RaftServerConfigKeys (ConfUtils.java:logGet(46)) - raft.server.rpc.timeout.max = 5200ms (custom)
2023-05-31 22:57:45,399 [2fca467b-8261-48a6-b0b4-c0ececcd3716-groupManagement] INFO  server.RaftServerConfigKeys (ConfUtils.java:logGet(46)) - raft.server.rpc.sleep.time = 25ms (default)
2023-05-31 22:57:45,400 [2fca467b-8261-48a6-b0b4-c0ececcd3716-groupManagement] INFO  server.RaftServerConfigKeys (ConfUtils.java:logGet(46)) - raft.server.rpc.slowness.timeout = 300s (custom)
2023-05-31 22:57:45,400 [2fca467b-8261-48a6-b0b4-c0ececcd3716-groupManagement] INFO  server.RaftServerConfigKeys (ConfUtils.java:logGet(46)) - raft.server.leaderelection.leader.step-down.wait-time = 10s (default)
2023-05-31 22:57:45,400 [2fca467b-8261-48a6-b0b4-c0ececcd3716-groupManagement] INFO  server.RaftServerConfigKeys (ConfUtils.java:logGet(46)) - raft.server.sleep.deviation.threshold = 300ms (default)
2023-05-31 22:57:45,400 [2fca467b-8261-48a6-b0b4-c0ececcd3716-groupManagement] INFO  server.RaftServer$Division (ServerState.java:<init>(120)) - 2fca467b-8261-48a6-b0b4-c0ececcd3716@group-EE5A51D58199: ConfigurationManager, init=-1: peers:[2fca467b-8261-48a6-b0b4-c0ececcd3716|rpc:10.1.0.15:15122|admin:10.1.0.15:15121|client:10.1.0.15:15120|dataStream:10.1.0.15:15123|priority:1|startupRole:FOLLOWER]|listeners:[], old=null, confs=<EMPTY_MAP>
2023-05-31 22:57:45,400 [2fca467b-8261-48a6-b0b4-c0ececcd3716-groupManagement] INFO  server.RaftServerConfigKeys (ConfUtils.java:logGet(46)) - raft.server.storage.dir = [/home/runner/work/ozone/ozone/hadoop-ozone/integration-test/target/test-dir/MiniOzoneClusterImpl-816a41a7-5c89-4e8c-81ba-db0c8b26fb2d/datanode-12/data/ratis] (custom)
2023-05-31 22:57:45,400 [2fca467b-8261-48a6-b0b4-c0ececcd3716-groupManagement] INFO  server.RaftServerConfigKeys (ConfUtils.java:logGet(46)) - raft.server.log.corruption.policy = EXCEPTION (default)
2023-05-31 22:57:45,400 [2fca467b-8261-48a6-b0b4-c0ececcd3716-groupManagement] INFO  server.RaftServerConfigKeys (ConfUtils.java:logGet(46)) - raft.server.storage.free-space.min = 0MB (=0) (default)
2023-05-31 22:57:45,400 [2fca467b-8261-48a6-b0b4-c0ececcd3716-groupManagement] INFO  server.RaftServerConfigKeys (ConfUtils.java:logGet(46)) - raft.server.notification.no-leader.timeout = 300s (custom)
2023-05-31 22:57:45,400 [2fca467b-8261-48a6-b0b4-c0ececcd3716-groupManagement] INFO  server.RaftServerConfigKeys (ConfUtils.java:logGet(46)) - raft.server.read.timeout = 10s (default)
2023-05-31 22:57:45,401 [2fca467b-8261-48a6-b0b4-c0ececcd3716-groupManagement] INFO  server.RaftServerConfigKeys (ConfUtils.java:logGet(46)) - raft.server.retrycache.expirytime = 600000ms (custom)
2023-05-31 22:57:45,401 [2fca467b-8261-48a6-b0b4-c0ececcd3716-groupManagement] INFO  server.RaftServerConfigKeys (ConfUtils.java:logGet(46)) - raft.server.retrycache.statistics.expirytime = 100μs (default)
2023-05-31 22:57:45,401 [2fca467b-8261-48a6-b0b4-c0ececcd3716-groupManagement] INFO  server.RaftServerConfigKeys (ConfUtils.java:logGet(46)) - raft.server.read.option = DEFAULT (default)
2023-05-31 22:57:45,402 [2fca467b-8261-48a6-b0b4-c0ececcd3716-groupManagement] INFO  server.RaftServerConfigKeys (ConfUtils.java:logGet(46)) - raft.server.rpc.request.timeout = 60s (custom)
2023-05-31 22:57:45,402 [2fca467b-8261-48a6-b0b4-c0ececcd3716-groupManagement] INFO  server.RaftServerConfigKeys (ConfUtils.java:logGet(46)) - raft.server.log.appender.install.snapshot.enabled = false (custom)
2023-05-31 22:57:45,402 [2fca467b-8261-48a6-b0b4-c0ececcd3716-groupManagement] INFO  server.RaftServerConfigKeys (ConfUtils.java:logGet(46)) - raft.server.threadpool.server.cached = true (default)
2023-05-31 22:57:45,402 [2fca467b-8261-48a6-b0b4-c0ececcd3716-groupManagement] INFO  server.RaftServerConfigKeys (ConfUtils.java:logGet(46)) - raft.server.threadpool.server.size = 0 (default)
2023-05-31 22:57:45,402 [2fca467b-8261-48a6-b0b4-c0ececcd3716-groupManagement] INFO  server.RaftServerConfigKeys (ConfUtils.java:logGet(46)) - raft.server.threadpool.client.cached = true (default)
2023-05-31 22:57:45,402 [2fca467b-8261-48a6-b0b4-c0ececcd3716-groupManagement] INFO  server.RaftServerConfigKeys (ConfUtils.java:logGet(46)) - raft.server.threadpool.client.size = 0 (default)
2023-05-31 22:57:45,403 [2fca467b-8261-48a6-b0b4-c0ececcd3716-groupManagement] INFO  storage.RaftStorageDirectory (RaftStorageDirectoryImpl.java:analyzeStorage(137)) - The storage directory /home/runner/work/ozone/ozone/hadoop-ozone/integration-test/target/test-dir/MiniOzoneClusterImpl-816a41a7-5c89-4e8c-81ba-db0c8b26fb2d/datanode-12/data/ratis/a64b7230-a0bb-46fa-be52-ee5a51d58199 does not exist. Creating ...
2023-05-31 22:57:45,404 [2fca467b-8261-48a6-b0b4-c0ececcd3716-groupManagement] INFO  storage.RaftStorageDirectory (RaftStorageDirectoryImpl.java:tryLock(231)) - Lock on /home/runner/work/ozone/ozone/hadoop-ozone/integration-test/target/test-dir/MiniOzoneClusterImpl-816a41a7-5c89-4e8c-81ba-db0c8b26fb2d/datanode-12/data/ratis/a64b7230-a0bb-46fa-be52-ee5a51d58199/in_use.lock acquired by nodename 15007@fv-az844-56
2023-05-31 22:57:45,406 [2fca467b-8261-48a6-b0b4-c0ececcd3716-groupManagement] INFO  storage.RaftStorage (RaftStorageImpl.java:format(96)) - Storage directory /home/runner/work/ozone/ozone/hadoop-ozone/integration-test/target/test-dir/MiniOzoneClusterImpl-816a41a7-5c89-4e8c-81ba-db0c8b26fb2d/datanode-12/data/ratis/a64b7230-a0bb-46fa-be52-ee5a51d58199 has been successfully formatted.
2023-05-31 22:57:45,409 [2fca467b-8261-48a6-b0b4-c0ececcd3716-groupManagement] INFO  ratis.ContainerStateMachine (ContainerStateMachine.java:loadSnapshot(262)) - group-EE5A51D58199: The snapshot info is null. Setting the last applied indexto:(t:0, i:~)
2023-05-31 22:57:45,409 [2fca467b-8261-48a6-b0b4-c0ececcd3716-groupManagement] INFO  server.RaftServerConfigKeys (ConfUtils.java:logGet(46)) - raft.server.log.use.memory = false (default)
2023-05-31 22:57:45,409 [2fca467b-8261-48a6-b0b4-c0ececcd3716-groupManagement] INFO  server.RaftServerConfigKeys (ConfUtils.java:logGet(46)) - raft.server.log.purge.gap = 1000000 (custom)
2023-05-31 22:57:45,409 [2fca467b-8261-48a6-b0b4-c0ececcd3716-groupManagement] INFO  server.RaftServerConfigKeys (ConfUtils.java:logGet(46)) - raft.server.log.appender.buffer.byte-limit = 33554432 (custom)
2023-05-31 22:57:45,409 [2fca467b-8261-48a6-b0b4-c0ececcd3716-groupManagement] INFO  server.RaftServerConfigKeys (ConfUtils.java:logGet(46)) - raft.server.log.statemachine.data.read.timeout = 1000ms (default)
2023-05-31 22:57:45,410 [2fca467b-8261-48a6-b0b4-c0ececcd3716-groupManagement] INFO  server.RaftServerConfigKeys (ConfUtils.java:logGet(46)) - raft.server.log.purge.preservation.log.num = 0 (default)
2023-05-31 22:57:45,410 [2fca467b-8261-48a6-b0b4-c0ececcd3716-groupManagement] INFO  server.RaftServerConfigKeys (ConfUtils.java:logGet(46)) - raft.server.log.segment.size.max = 1048576 (custom)
2023-05-31 22:57:45,410 [2fca467b-8261-48a6-b0b4-c0ececcd3716-groupManagement] INFO  server.RaftServerConfigKeys (ConfUtils.java:logGet(46)) - raft.server.log.segment.cache.num.max = 2 (custom)
2023-05-31 22:57:45,410 [2fca467b-8261-48a6-b0b4-c0ececcd3716-groupManagement] INFO  server.RaftServerConfigKeys (ConfUtils.java:logGet(46)) - raft.server.log.segment.cache.size.max = 200MB (=209715200) (default)
2023-05-31 22:57:45,411 [2fca467b-8261-48a6-b0b4-c0ececcd3716-groupManagement] INFO  server.RaftServerConfigKeys (ConfUtils.java:logGet(46)) - raft.server.log.appender.buffer.byte-limit = 33554432 (custom)
2023-05-31 22:57:45,411 [2fca467b-8261-48a6-b0b4-c0ececcd3716-groupManagement] INFO  segmented.SegmentedRaftLogWorker (SegmentedRaftLogWorker.java:<init>(188)) - new 2fca467b-8261-48a6-b0b4-c0ececcd3716@group-EE5A51D58199-SegmentedRaftLogWorker for RaftStorageImpl:Storage Directory /home/runner/work/ozone/ozone/hadoop-ozone/integration-test/target/test-dir/MiniOzoneClusterImpl-816a41a7-5c89-4e8c-81ba-db0c8b26fb2d/datanode-12/data/ratis/a64b7230-a0bb-46fa-be52-ee5a51d58199
2023-05-31 22:57:45,411 [2fca467b-8261-48a6-b0b4-c0ececcd3716-groupManagement] INFO  server.RaftServerConfigKeys (ConfUtils.java:logGet(46)) - raft.server.log.queue.byte-limit = 4294967296 (custom)
2023-05-31 22:57:45,411 [2fca467b-8261-48a6-b0b4-c0ececcd3716-groupManagement] INFO  server.RaftServerConfigKeys (ConfUtils.java:logGet(46)) - raft.server.log.queue.element-limit = 1024 (custom)
2023-05-31 22:57:45,411 [2fca467b-8261-48a6-b0b4-c0ececcd3716-groupManagement] INFO  server.RaftServerConfigKeys (ConfUtils.java:logGet(46)) - raft.server.log.segment.size.max = 1048576 (custom)
2023-05-31 22:57:45,411 [2fca467b-8261-48a6-b0b4-c0ececcd3716-groupManagement] INFO  server.RaftServerConfigKeys (ConfUtils.java:logGet(46)) - raft.server.log.preallocated.size = 16384 (custom)
2023-05-31 22:57:45,411 [2fca467b-8261-48a6-b0b4-c0ececcd3716-groupManagement] INFO  server.RaftServerConfigKeys (ConfUtils.java:logGet(46)) - raft.server.log.force.sync.num = 128 (default)
2023-05-31 22:57:45,411 [2fca467b-8261-48a6-b0b4-c0ececcd3716-groupManagement] INFO  server.RaftServerConfigKeys (ConfUtils.java:logGet(46)) - raft.server.log.statemachine.data.sync = true (default)
2023-05-31 22:57:45,411 [2fca467b-8261-48a6-b0b4-c0ececcd3716-groupManagement] INFO  server.RaftServerConfigKeys (ConfUtils.java:logGet(46)) - raft.server.log.statemachine.data.sync.timeout = 10s (default)
2023-05-31 22:57:45,411 [2fca467b-8261-48a6-b0b4-c0ececcd3716-groupManagement] INFO  server.RaftServerConfigKeys (ConfUtils.java:logGet(46)) - raft.server.log.statemachine.data.sync.timeout.retry = -1 (default)
2023-05-31 22:57:45,412 [EventQueue-PipelineReportForPipelineReportHandler] INFO  pipeline.PipelineManagerImpl (PipelineManagerImpl.java:openPipeline(367)) - Pipeline Pipeline[ Id: a64b7230-a0bb-46fa-be52-ee5a51d58199, Nodes: 2fca467b-8261-48a6-b0b4-c0ececcd3716(fv-az844-56.kvdfyhrxhd0epk3sa4trub4njc.xx.internal.cloudapp.net/10.1.0.15), ReplicationConfig: RATIS/ONE, State:ALLOCATED, leaderId:2fca467b-8261-48a6-b0b4-c0ececcd3716, CreationTimestamp2023-05-31T22:57:42.385Z[Etc/UTC]] moved to OPEN state
2023-05-31 22:57:45,412 [2fca467b-8261-48a6-b0b4-c0ececcd3716-groupManagement] INFO  server.RaftServerConfigKeys (ConfUtils.java:logGet(46)) - raft.server.log.write.buffer.size = 1048576 (custom)
2023-05-31 22:57:45,414 [2fca467b-8261-48a6-b0b4-c0ececcd3716-groupManagement] INFO  server.RaftServerConfigKeys (ConfUtils.java:logGet(46)) - raft.server.log.appender.buffer.byte-limit = 33554432 (custom)
2023-05-31 22:57:45,417 [697d5b73-3ed9-4d18-b9d9-ca13a08090ac@group-8B17654C19D6-FollowerState] INFO  impl.FollowerState (FollowerState.java:run(143)) - 697d5b73-3ed9-4d18-b9d9-ca13a08090ac@group-8B17654C19D6-FollowerState: change to CANDIDATE, lastRpcElapsedTime:5086938704ns, electionTimeout:5069ms
2023-05-31 22:57:45,417 [697d5b73-3ed9-4d18-b9d9-ca13a08090ac@group-8B17654C19D6-FollowerState] INFO  impl.RoleInfo (RoleInfo.java:shutdownFollowerState(110)) - 697d5b73-3ed9-4d18-b9d9-ca13a08090ac: shutdown 697d5b73-3ed9-4d18-b9d9-ca13a08090ac@group-8B17654C19D6-FollowerState
2023-05-31 22:57:45,417 [697d5b73-3ed9-4d18-b9d9-ca13a08090ac@group-8B17654C19D6-FollowerState] INFO  server.RaftServer$Division (RaftServerImpl.java:setRole(329)) - 697d5b73-3ed9-4d18-b9d9-ca13a08090ac@group-8B17654C19D6: changes role from  FOLLOWER to CANDIDATE at term 0 for changeToCandidate
2023-05-31 22:57:45,417 [697d5b73-3ed9-4d18-b9d9-ca13a08090ac@group-8B17654C19D6-FollowerState] INFO  server.RaftServerConfigKeys (ConfUtils.java:logGet(46)) - raft.server.leaderelection.pre-vote = true (default)
2023-05-31 22:57:45,417 [697d5b73-3ed9-4d18-b9d9-ca13a08090ac@group-8B17654C19D6-FollowerState] INFO  impl.RoleInfo (RoleInfo.java:updateAndGet(139)) - 697d5b73-3ed9-4d18-b9d9-ca13a08090ac: start 697d5b73-3ed9-4d18-b9d9-ca13a08090ac@group-8B17654C19D6-LeaderElection4
2023-05-31 22:57:45,420 [2fca467b-8261-48a6-b0b4-c0ececcd3716-groupManagement] INFO  server.RaftServerConfigKeys (ConfUtils.java:logGet(46)) - raft.server.log.unsafe-flush.enabled = false (default)
2023-05-31 22:57:45,421 [2fca467b-8261-48a6-b0b4-c0ececcd3716-groupManagement] INFO  server.RaftServerConfigKeys (ConfUtils.java:logGet(46)) - raft.server.log.async-flush.enabled = false (default)
2023-05-31 22:57:45,421 [2fca467b-8261-48a6-b0b4-c0ececcd3716-groupManagement] INFO  server.RaftServerConfigKeys (ConfUtils.java:logGet(46)) - raft.server.log.statemachine.data.caching.enabled = true (custom)
2023-05-31 22:57:45,423 [2fca467b-8261-48a6-b0b4-c0ececcd3716-groupManagement] INFO  segmented.SegmentedRaftLogWorker (SegmentedRaftLogWorker.java:lambda$new$0(135)) - 2fca467b-8261-48a6-b0b4-c0ececcd3716@group-EE5A51D58199-SegmentedRaftLogWorker: flushIndex: setUnconditionally 0 -> -1
2023-05-31 22:57:45,424 [2fca467b-8261-48a6-b0b4-c0ececcd3716-groupManagement] INFO  segmented.SegmentedRaftLogWorker (SegmentedRaftLogWorker.java:lambda$new$0(135)) - 2fca467b-8261-48a6-b0b4-c0ececcd3716@group-EE5A51D58199-SegmentedRaftLogWorker: safeCacheEvictIndex: setUnconditionally 0 -> -1
2023-05-31 22:57:45,424 [2fca467b-8261-48a6-b0b4-c0ececcd3716-groupManagement] INFO  server.RaftServer$Division (RaftServerImpl.java:start(342)) - 2fca467b-8261-48a6-b0b4-c0ececcd3716@group-EE5A51D58199: start as a follower, conf=-1: peers:[2fca467b-8261-48a6-b0b4-c0ececcd3716|rpc:10.1.0.15:15122|admin:10.1.0.15:15121|client:10.1.0.15:15120|dataStream:10.1.0.15:15123|priority:1|startupRole:FOLLOWER]|listeners:[], old=null
2023-05-31 22:57:45,424 [2fca467b-8261-48a6-b0b4-c0ececcd3716-groupManagement] INFO  server.RaftServer$Division (RaftServerImpl.java:setRole(329)) - 2fca467b-8261-48a6-b0b4-c0ececcd3716@group-EE5A51D58199: changes role from      null to FOLLOWER at term 0 for startAsFollower
2023-05-31 22:57:45,424 [2fca467b-8261-48a6-b0b4-c0ececcd3716-groupManagement] INFO  impl.RoleInfo (RoleInfo.java:updateAndGet(139)) - 2fca467b-8261-48a6-b0b4-c0ececcd3716: start 2fca467b-8261-48a6-b0b4-c0ececcd3716@group-EE5A51D58199-FollowerState
2023-05-31 22:57:45,424 [2fca467b-8261-48a6-b0b4-c0ececcd3716@group-EE5A51D58199-FollowerState] INFO  server.RaftServerConfigKeys (ConfUtils.java:logFallback(53)) - raft.server.rpc.first-election.timeout.min = 5s (fallback to raft.server.rpc.timeout.min)
2023-05-31 22:57:45,425 [2fca467b-8261-48a6-b0b4-c0ececcd3716@group-EE5A51D58199-FollowerState] INFO  server.RaftServerConfigKeys (ConfUtils.java:logFallback(53)) - raft.server.rpc.first-election.timeout.max = 5200ms (fallback to raft.server.rpc.timeout.max)
2023-05-31 22:57:45,426 [697d5b73-3ed9-4d18-b9d9-ca13a08090ac@group-8B17654C19D6-LeaderElection4] INFO  impl.LeaderElection (LeaderElection.java:askForVotes(321)) - 697d5b73-3ed9-4d18-b9d9-ca13a08090ac@group-8B17654C19D6-LeaderElection4 PRE_VOTE round 0: submit vote requests at term 0 for -1: peers:[697d5b73-3ed9-4d18-b9d9-ca13a08090ac|rpc:10.1.0.15:15023|admin:10.1.0.15:15022|client:10.1.0.15:15021|dataStream:10.1.0.15:15024|priority:1|startupRole:FOLLOWER]|listeners:[], old=null
2023-05-31 22:57:45,426 [697d5b73-3ed9-4d18-b9d9-ca13a08090ac@group-8B17654C19D6-LeaderElection4] INFO  impl.LeaderElection (LeaderElection.java:askForVotes(323)) - 697d5b73-3ed9-4d18-b9d9-ca13a08090ac@group-8B17654C19D6-LeaderElection4 PRE_VOTE round 0: result PASSED (term=0)
2023-05-31 22:57:45,428 [2fca467b-8261-48a6-b0b4-c0ececcd3716-groupManagement] INFO  util.JmxRegister (JmxRegister.java:tryRegister(44)) - Successfully registered JMX Bean with object name Ratis:service=RaftServer,group=group-EE5A51D58199,id=2fca467b-8261-48a6-b0b4-c0ececcd3716
2023-05-31 22:57:45,429 [2fca467b-8261-48a6-b0b4-c0ececcd3716-groupManagement] INFO  server.RaftServerConfigKeys (ConfUtils.java:logGet(46)) - raft.server.snapshot.auto.trigger.enabled = true (custom)
2023-05-31 22:57:45,429 [2fca467b-8261-48a6-b0b4-c0ececcd3716-groupManagement] INFO  server.RaftServerConfigKeys (ConfUtils.java:logGet(46)) - raft.server.snapshot.auto.trigger.threshold = 10000 (custom)
2023-05-31 22:57:45,430 [2fca467b-8261-48a6-b0b4-c0ececcd3716-groupManagement] INFO  server.RaftServerConfigKeys (ConfUtils.java:logGet(46)) - raft.server.snapshot.retention.file.num = 5 (custom)
2023-05-31 22:57:45,430 [2fca467b-8261-48a6-b0b4-c0ececcd3716-groupManagement] INFO  server.RaftServerConfigKeys (ConfUtils.java:logGet(46)) - raft.server.log.purge.upto.snapshot.index = false (default)
2023-05-31 22:57:45,429 [697d5b73-3ed9-4d18-b9d9-ca13a08090ac@group-8B17654C19D6-LeaderElection4] INFO  impl.LeaderElection (LeaderElection.java:askForVotes(321)) - 697d5b73-3ed9-4d18-b9d9-ca13a08090ac@group-8B17654C19D6-LeaderElection4 ELECTION round 0: submit vote requests at term 1 for -1: peers:[697d5b73-3ed9-4d18-b9d9-ca13a08090ac|rpc:10.1.0.15:15023|admin:10.1.0.15:15022|client:10.1.0.15:15021|dataStream:10.1.0.15:15024|priority:1|startupRole:FOLLOWER]|listeners:[], old=null
2023-05-31 22:57:45,430 [697d5b73-3ed9-4d18-b9d9-ca13a08090ac@group-8B17654C19D6-LeaderElection4] INFO  impl.LeaderElection (LeaderElection.java:askForVotes(323)) - 697d5b73-3ed9-4d18-b9d9-ca13a08090ac@group-8B17654C19D6-LeaderElection4 ELECTION round 0: result PASSED (term=1)
2023-05-31 22:57:45,430 [697d5b73-3ed9-4d18-b9d9-ca13a08090ac@group-8B17654C19D6-LeaderElection4] INFO  impl.RoleInfo (RoleInfo.java:shutdownLeaderElection(130)) - 697d5b73-3ed9-4d18-b9d9-ca13a08090ac: shutdown 697d5b73-3ed9-4d18-b9d9-ca13a08090ac@group-8B17654C19D6-LeaderElection4
2023-05-31 22:57:45,430 [697d5b73-3ed9-4d18-b9d9-ca13a08090ac@group-8B17654C19D6-LeaderElection4] INFO  server.RaftServer$Division (RaftServerImpl.java:setRole(329)) - 697d5b73-3ed9-4d18-b9d9-ca13a08090ac@group-8B17654C19D6: changes role from CANDIDATE to LEADER at term 1 for changeToLeader
2023-05-31 22:57:45,430 [697d5b73-3ed9-4d18-b9d9-ca13a08090ac@group-8B17654C19D6-LeaderElection4] INFO  ratis.XceiverServerRatis (XceiverServerRatis.java:handleLeaderChangedNotification(902)) - Leader change notification received for group: group-8B17654C19D6 with new leaderId: 697d5b73-3ed9-4d18-b9d9-ca13a08090ac
2023-05-31 22:57:45,431 [697d5b73-3ed9-4d18-b9d9-ca13a08090ac@group-8B17654C19D6-LeaderElection4] INFO  server.RaftServer$Division (ServerState.java:setLeader(317)) - 697d5b73-3ed9-4d18-b9d9-ca13a08090ac@group-8B17654C19D6: change Leader from null to 697d5b73-3ed9-4d18-b9d9-ca13a08090ac at term 1 for becomeLeader, leader elected after 5136ms
2023-05-31 22:57:45,431 [697d5b73-3ed9-4d18-b9d9-ca13a08090ac@group-8B17654C19D6-LeaderElection4] INFO  server.RaftServerConfigKeys (ConfUtils.java:logGet(46)) - raft.server.staging.catchup.gap = 1000 (default)
2023-05-31 22:57:45,431 [697d5b73-3ed9-4d18-b9d9-ca13a08090ac@group-8B17654C19D6-LeaderElection4] INFO  server.RaftServerConfigKeys (ConfUtils.java:logGet(46)) - raft.server.write.element-limit = 1024 (custom)
2023-05-31 22:57:45,433 [697d5b73-3ed9-4d18-b9d9-ca13a08090ac@group-8B17654C19D6-LeaderElection4] INFO  server.RaftServerConfigKeys (ConfUtils.java:logGet(46)) - raft.server.write.byte-limit = 1024 M (=1073741824) (custom)
2023-05-31 22:57:45,433 [697d5b73-3ed9-4d18-b9d9-ca13a08090ac@group-8B17654C19D6-LeaderElection4] INFO  server.RaftServerConfigKeys (ConfUtils.java:logGet(46)) - raft.server.watch.timeout = 180s (custom)
2023-05-31 22:57:45,433 [697d5b73-3ed9-4d18-b9d9-ca13a08090ac@group-8B17654C19D6-LeaderElection4] INFO  server.RaftServerConfigKeys (ConfUtils.java:logGet(46)) - raft.server.watch.timeout.denomination = 1s (default)
2023-05-31 22:57:45,434 [697d5b73-3ed9-4d18-b9d9-ca13a08090ac@group-8B17654C19D6-LeaderElection4] INFO  server.RaftServerConfigKeys (ConfUtils.java:logGet(46)) - raft.server.watch.element-limit = 65536 (default)
2023-05-31 22:57:45,434 [697d5b73-3ed9-4d18-b9d9-ca13a08090ac@group-8B17654C19D6-LeaderElection4] INFO  server.RaftServerConfigKeys (ConfUtils.java:logGet(46)) - raft.server.write.element-limit = 1024 (custom)
2023-05-31 22:57:45,434 [697d5b73-3ed9-4d18-b9d9-ca13a08090ac@group-8B17654C19D6-LeaderElection4] INFO  server.RaftServerConfigKeys (ConfUtils.java:logGet(46)) - raft.server.write.follower.gap.ratio.max = -1.0 (default)
2023-05-31 22:57:45,434 [697d5b73-3ed9-4d18-b9d9-ca13a08090ac@group-8B17654C19D6-LeaderElection4] INFO  impl.RoleInfo (RoleInfo.java:updateAndGet(139)) - 697d5b73-3ed9-4d18-b9d9-ca13a08090ac: start 697d5b73-3ed9-4d18-b9d9-ca13a08090ac@group-8B17654C19D6-LeaderStateImpl
2023-05-31 22:57:45,434 [697d5b73-3ed9-4d18-b9d9-ca13a08090ac@group-8B17654C19D6-LeaderElection4] INFO  segmented.SegmentedRaftLogWorker (SegmentedRaftLogWorker.java:startLogSegment(447)) - 697d5b73-3ed9-4d18-b9d9-ca13a08090ac@group-8B17654C19D6-SegmentedRaftLogWorker: Starting segment from index:0
2023-05-31 22:57:45,435 [PipelineCommandHandlerThread-0] INFO  ratis.XceiverServerRatis (XceiverServerRatis.java:addGroup(804)) - Created group PipelineID=a64b7230-a0bb-46fa-be52-ee5a51d58199
2023-05-31 22:57:45,435 [PipelineCommandHandlerThread-0] INFO  commandhandler.CreatePipelineCommandHandler (CreatePipelineCommandHandler.java:lambda$handle$2(124)) - Created Pipeline RATIS ONE PipelineID=a64b7230-a0bb-46fa-be52-ee5a51d58199.
2023-05-31 22:57:45,439 [697d5b73-3ed9-4d18-b9d9-ca13a08090ac@group-8B17654C19D6-LeaderElection4] INFO  server.RaftServer$Division (ServerState.java:setRaftConf(434)) - 697d5b73-3ed9-4d18-b9d9-ca13a08090ac@group-8B17654C19D6: set configuration 0: peers:[697d5b73-3ed9-4d18-b9d9-ca13a08090ac|rpc:10.1.0.15:15023|admin:10.1.0.15:15022|client:10.1.0.15:15021|dataStream:10.1.0.15:15024|priority:1|startupRole:FOLLOWER]|listeners:[], old=null
2023-05-31 22:57:45,441 [697d5b73-3ed9-4d18-b9d9-ca13a08090ac@group-8B17654C19D6-SegmentedRaftLogWorker] INFO  segmented.SegmentedRaftLogWorker (SegmentedRaftLogWorker.java:execute(651)) - 697d5b73-3ed9-4d18-b9d9-ca13a08090ac@group-8B17654C19D6-SegmentedRaftLogWorker: created new log segment /home/runner/work/ozone/ozone/hadoop-ozone/integration-test/target/test-dir/MiniOzoneClusterImpl-816a41a7-5c89-4e8c-81ba-db0c8b26fb2d/datanode-1/data/ratis/4d129825-74e0-4a00-8998-8b17654c19d6/current/log_inprogress_0
2023-05-31 22:57:46,260 [JvmPauseMonitor14] WARN  util.JvmPauseMonitor (JvmPauseMonitor.java:detectPause(124)) - JvmPauseMonitor-f4bcbbae-f69c-492d-a431-822e5a7eea0c: Detected pause in JVM or host machine approximately 0.140s with 0.550s GC time.
GC pool 'PS MarkSweep' had collection(s): count=1 time=448ms
GC pool 'PS Scavenge' had collection(s): count=1 time=102ms
2023-05-31 22:57:46,261 [JvmPauseMonitor3] WARN  util.JvmPauseMonitor (JvmPauseMonitor.java:detectPause(124)) - JvmPauseMonitor-cdb52bc9-5e07-4eca-b7fa-f50f992e3122: Detected pause in JVM or host machine approximately 0.143s with 0.550s GC time.
GC pool 'PS MarkSweep' had collection(s): count=1 time=448ms
GC pool 'PS Scavenge' had collection(s): count=1 time=102ms
2023-05-31 22:57:46,261 [JvmPauseMonitor11] WARN  util.JvmPauseMonitor (JvmPauseMonitor.java:detectPause(124)) - JvmPauseMonitor-160cf24b-84e6-41e3-a0dc-1baa6b89aef1: Detected pause in JVM or host machine approximately 0.142s with 0.550s GC time.
GC pool 'PS MarkSweep' had collection(s): count=1 time=448ms
GC pool 'PS Scavenge' had collection(s): count=1 time=102ms
2023-05-31 22:57:46,262 [JvmPauseMonitor0] WARN  util.JvmPauseMonitor (JvmPauseMonitor.java:detectPause(124)) - JvmPauseMonitor-om1: Detected pause in JVM or host machine approximately 0.144s with 0.550s GC time.
GC pool 'PS MarkSweep' had collection(s): count=1 time=448ms
GC pool 'PS Scavenge' had collection(s): count=1 time=102ms
2023-05-31 22:57:46,262 [JvmPauseMonitor4] WARN  util.JvmPauseMonitor (JvmPauseMonitor.java:detectPause(124)) - JvmPauseMonitor-41c98476-2059-4142-8ca0-ae93b0d149f4: Detected pause in JVM or host machine approximately 0.144s with 0.550s GC time.
GC pool 'PS MarkSweep' had collection(s): count=1 time=448ms
GC pool 'PS Scavenge' had collection(s): count=1 time=102ms
2023-05-31 22:57:46,262 [JvmPauseMonitor5] WARN  util.JvmPauseMonitor (JvmPauseMonitor.java:detectPause(124)) - JvmPauseMonitor-9d40cccf-8c3a-4da2-ab03-ca5c7975d909: Detected pause in JVM or host machine approximately 0.144s with 0.550s GC time.
GC pool 'PS MarkSweep' had collection(s): count=1 time=448ms
GC pool 'PS Scavenge' had collection(s): count=1 time=102ms
2023-05-31 22:57:46,262 [JvmPauseMonitor13] WARN  util.JvmPauseMonitor (JvmPauseMonitor.java:detectPause(124)) - JvmPauseMonitor-2fca467b-8261-48a6-b0b4-c0ececcd3716: Detected pause in JVM or host machine approximately 0.145s with 0.550s GC time.
GC pool 'PS MarkSweep' had collection(s): count=1 time=448ms
GC pool 'PS Scavenge' had collection(s): count=1 time=102ms
2023-05-31 22:57:46,262 [JvmPauseMonitor8] WARN  util.JvmPauseMonitor (JvmPauseMonitor.java:detectPause(124)) - JvmPauseMonitor-d17261cb-7782-4d5f-ae0d-593ca4af9c73: Detected pause in JVM or host machine approximately 0.145s with 0.550s GC time.
GC pool 'PS MarkSweep' had collection(s): count=1 time=448ms
GC pool 'PS Scavenge' had collection(s): count=1 time=102ms
2023-05-31 22:57:46,262 [JvmPauseMonitor6] WARN  util.JvmPauseMonitor (JvmPauseMonitor.java:detectPause(124)) - JvmPauseMonitor-83cc0f91-5896-42fb-be30-113915710489: Detected pause in JVM or host machine approximately 0.145s with 0.550s GC time.
GC pool 'PS MarkSweep' had collection(s): count=1 time=448ms
GC pool 'PS Scavenge' had collection(s): count=1 time=102ms
2023-05-31 22:57:46,262 [JvmPauseMonitor7] WARN  util.JvmPauseMonitor (JvmPauseMonitor.java:detectPause(124)) - JvmPauseMonitor-667d9742-fdde-4102-a217-b966604d27c1: Detected pause in JVM or host machine approximately 0.146s with 0.550s GC time.
GC pool 'PS MarkSweep' had collection(s): count=1 time=448ms
GC pool 'PS Scavenge' had collection(s): count=1 time=102ms
2023-05-31 22:57:46,263 [JvmPauseMonitor10] WARN  util.JvmPauseMonitor (JvmPauseMonitor.java:detectPause(124)) - JvmPauseMonitor-07122f08-5d38-49f7-8fdd-d2e34ec8d956: Detected pause in JVM or host machine approximately 0.146s with 0.550s GC time.
GC pool 'PS MarkSweep' had collection(s): count=1 time=448ms
GC pool 'PS Scavenge' had collection(s): count=1 time=102ms
2023-05-31 22:57:46,263 [JvmPauseMonitor9] WARN  util.JvmPauseMonitor (JvmPauseMonitor.java:detectPause(124)) - JvmPauseMonitor-7c39489c-1c03-44c3-8ed9-36ad43776b05: Detected pause in JVM or host machine approximately 0.147s with 0.550s GC time.
GC pool 'PS MarkSweep' had collection(s): count=1 time=448ms
GC pool 'PS Scavenge' had collection(s): count=1 time=102ms
2023-05-31 22:57:46,263 [JvmPauseMonitor12] WARN  util.JvmPauseMonitor (JvmPauseMonitor.java:detectPause(124)) - JvmPauseMonitor-244a53c4-9cb3-439d-93c3-5e05515fc991: Detected pause in JVM or host machine approximately 0.147s with 0.550s GC time.
GC pool 'PS MarkSweep' had collection(s): count=1 time=448ms
GC pool 'PS Scavenge' had collection(s): count=1 time=102ms
2023-05-31 22:57:46,263 [JvmPauseMonitor1] WARN  util.JvmPauseMonitor (JvmPauseMonitor.java:detectPause(124)) - JvmPauseMonitor-9a93b867-0c49-44e3-a75c-2e530498b118: Detected pause in JVM or host machine approximately 0.147s with 0.550s GC time.
GC pool 'PS MarkSweep' had collection(s): count=1 time=448ms
GC pool 'PS Scavenge' had collection(s): count=1 time=102ms
2023-05-31 22:57:46,268 [JvmPauseMonitor2] WARN  util.JvmPauseMonitor (JvmPauseMonitor.java:detectPause(124)) - JvmPauseMonitor-697d5b73-3ed9-4d18-b9d9-ca13a08090ac: Detected pause in JVM or host machine approximately 0.148s with 0.550s GC time.
GC pool 'PS MarkSweep' had collection(s): count=1 time=448ms
GC pool 'PS Scavenge' had collection(s): count=1 time=102ms
2023-05-31 22:57:46,270 [9a93b867-0c49-44e3-a75c-2e530498b118@group-AD78EE493E03-FollowerState] WARN  impl.FollowerState (FollowerState.java:run(130)) - Unexpected long sleep: sleep 5009ms but took extra 327127347ns (> threshold = 300ms)
2023-05-31 22:57:46,270 [9a93b867-0c49-44e3-a75c-2e530498b118@group-AD78EE493E03-FollowerState] INFO  server.RaftServerConfigKeys (ConfUtils.java:logFallback(53)) - raft.server.rpc.first-election.timeout.min = 5s (fallback to raft.server.rpc.timeout.min)
2023-05-31 22:57:46,271 [9a93b867-0c49-44e3-a75c-2e530498b118@group-AD78EE493E03-FollowerState] INFO  server.RaftServerConfigKeys (ConfUtils.java:logFallback(53)) - raft.server.rpc.first-election.timeout.max = 5200ms (fallback to raft.server.rpc.timeout.max)
2023-05-31 22:57:46,271 [697d5b73-3ed9-4d18-b9d9-ca13a08090ac@group-AD78EE493E03-FollowerState] WARN  impl.FollowerState (FollowerState.java:run(130)) - Unexpected long sleep: sleep 5014ms but took extra 382664022ns (> threshold = 300ms)
2023-05-31 22:57:46,271 [697d5b73-3ed9-4d18-b9d9-ca13a08090ac@group-AD78EE493E03-FollowerState] INFO  server.RaftServerConfigKeys (ConfUtils.java:logFallback(53)) - raft.server.rpc.first-election.timeout.min = 5s (fallback to raft.server.rpc.timeout.min)
2023-05-31 22:57:46,271 [697d5b73-3ed9-4d18-b9d9-ca13a08090ac@group-AD78EE493E03-FollowerState] INFO  server.RaftServerConfigKeys (ConfUtils.java:logFallback(53)) - raft.server.rpc.first-election.timeout.max = 5200ms (fallback to raft.server.rpc.timeout.max)
2023-05-31 22:57:46,274 [cdb52bc9-5e07-4eca-b7fa-f50f992e3122@group-738462BA642F-FollowerState] WARN  impl.FollowerState (FollowerState.java:run(130)) - Unexpected long sleep: sleep 5134ms but took extra 456087619ns (> threshold = 300ms)
2023-05-31 22:57:46,274 [cdb52bc9-5e07-4eca-b7fa-f50f992e3122@group-AD78EE493E03-FollowerState] WARN  impl.FollowerState (FollowerState.java:run(130)) - Unexpected long sleep: sleep 5013ms but took extra 498381932ns (> threshold = 300ms)
2023-05-31 22:57:46,275 [cdb52bc9-5e07-4eca-b7fa-f50f992e3122@group-AD78EE493E03-FollowerState] INFO  server.RaftServerConfigKeys (ConfUtils.java:logFallback(53)) - raft.server.rpc.first-election.timeout.min = 5s (fallback to raft.server.rpc.timeout.min)
2023-05-31 22:57:46,275 [cdb52bc9-5e07-4eca-b7fa-f50f992e3122@group-AD78EE493E03-FollowerState] INFO  server.RaftServerConfigKeys (ConfUtils.java:logFallback(53)) - raft.server.rpc.first-election.timeout.max = 5200ms (fallback to raft.server.rpc.timeout.max)
2023-05-31 22:57:46,275 [cdb52bc9-5e07-4eca-b7fa-f50f992e3122@group-738462BA642F-FollowerState] INFO  server.RaftServerConfigKeys (ConfUtils.java:logFallback(53)) - raft.server.rpc.first-election.timeout.min = 5s (fallback to raft.server.rpc.timeout.min)
2023-05-31 22:57:46,275 [cdb52bc9-5e07-4eca-b7fa-f50f992e3122@group-738462BA642F-FollowerState] INFO  server.RaftServerConfigKeys (ConfUtils.java:logFallback(53)) - raft.server.rpc.first-election.timeout.max = 5200ms (fallback to raft.server.rpc.timeout.max)
2023-05-31 22:57:46,310 [PipelineCommandHandlerThread-0] INFO  server.RaftServer (RaftServerProxy.java:addNew(98)) - f4bcbbae-f69c-492d-a431-822e5a7eea0c: addNew group-ED678A985932:[f4bcbbae-f69c-492d-a431-822e5a7eea0c|rpc:10.1.0.15:15131|admin:10.1.0.15:15130|client:10.1.0.15:15129|dataStream:10.1.0.15:15132|priority:1|startupRole:FOLLOWER] returns group-ED678A985932:java.util.concurrent.CompletableFuture@de45144[Not completed]
2023-05-31 22:57:46,318 [f4bcbbae-f69c-492d-a431-822e5a7eea0c-groupManagement] INFO  server.RaftServer$Division (RaftServerImpl.java:<init>(198)) - f4bcbbae-f69c-492d-a431-822e5a7eea0c: new RaftServerImpl for group-ED678A985932:[f4bcbbae-f69c-492d-a431-822e5a7eea0c|rpc:10.1.0.15:15131|admin:10.1.0.15:15130|client:10.1.0.15:15129|dataStream:10.1.0.15:15132|priority:1|startupRole:FOLLOWER] with ContainerStateMachine:uninitialized
2023-05-31 22:57:46,319 [f4bcbbae-f69c-492d-a431-822e5a7eea0c-groupManagement] INFO  server.RaftServerConfigKeys (ConfUtils.java:logGet(46)) - raft.server.rpc.timeout.min = 5s (custom)
2023-05-31 22:57:46,319 [f4bcbbae-f69c-492d-a431-822e5a7eea0c-groupManagement] INFO  server.RaftServerConfigKeys (ConfUtils.java:logGet(46)) - raft.server.rpc.timeout.max = 5200ms (custom)
2023-05-31 22:57:46,319 [f4bcbbae-f69c-492d-a431-822e5a7eea0c-groupManagement] INFO  server.RaftServerConfigKeys (ConfUtils.java:logGet(46)) - raft.server.rpc.sleep.time = 25ms (default)
2023-05-31 22:57:46,319 [f4bcbbae-f69c-492d-a431-822e5a7eea0c-groupManagement] INFO  server.RaftServerConfigKeys (ConfUtils.java:logGet(46)) - raft.server.rpc.slowness.timeout = 300s (custom)
2023-05-31 22:57:46,319 [f4bcbbae-f69c-492d-a431-822e5a7eea0c-groupManagement] INFO  server.RaftServerConfigKeys (ConfUtils.java:logGet(46)) - raft.server.leaderelection.leader.step-down.wait-time = 10s (default)
2023-05-31 22:57:46,319 [f4bcbbae-f69c-492d-a431-822e5a7eea0c-groupManagement] INFO  server.RaftServerConfigKeys (ConfUtils.java:logGet(46)) - raft.server.sleep.deviation.threshold = 300ms (default)
2023-05-31 22:57:46,319 [f4bcbbae-f69c-492d-a431-822e5a7eea0c-groupManagement] INFO  server.RaftServer$Division (ServerState.java:<init>(120)) - f4bcbbae-f69c-492d-a431-822e5a7eea0c@group-ED678A985932: ConfigurationManager, init=-1: peers:[f4bcbbae-f69c-492d-a431-822e5a7eea0c|rpc:10.1.0.15:15131|admin:10.1.0.15:15130|client:10.1.0.15:15129|dataStream:10.1.0.15:15132|priority:1|startupRole:FOLLOWER]|listeners:[], old=null, confs=<EMPTY_MAP>
2023-05-31 22:57:46,319 [f4bcbbae-f69c-492d-a431-822e5a7eea0c-groupManagement] INFO  server.RaftServerConfigKeys (ConfUtils.java:logGet(46)) - raft.server.storage.dir = [/home/runner/work/ozone/ozone/hadoop-ozone/integration-test/target/test-dir/MiniOzoneClusterImpl-816a41a7-5c89-4e8c-81ba-db0c8b26fb2d/datanode-13/data/ratis] (custom)
2023-05-31 22:57:46,320 [f4bcbbae-f69c-492d-a431-822e5a7eea0c-groupManagement] INFO  server.RaftServerConfigKeys (ConfUtils.java:logGet(46)) - raft.server.log.corruption.policy = EXCEPTION (default)
2023-05-31 22:57:46,320 [f4bcbbae-f69c-492d-a431-822e5a7eea0c-groupManagement] INFO  server.RaftServerConfigKeys (ConfUtils.java:logGet(46)) - raft.server.storage.free-space.min = 0MB (=0) (default)
2023-05-31 22:57:46,320 [f4bcbbae-f69c-492d-a431-822e5a7eea0c-groupManagement] INFO  server.RaftServerConfigKeys (ConfUtils.java:logGet(46)) - raft.server.notification.no-leader.timeout = 300s (custom)
2023-05-31 22:57:46,320 [f4bcbbae-f69c-492d-a431-822e5a7eea0c-groupManagement] INFO  server.RaftServerConfigKeys (ConfUtils.java:logGet(46)) - raft.server.read.timeout = 10s (default)
2023-05-31 22:57:46,320 [f4bcbbae-f69c-492d-a431-822e5a7eea0c-groupManagement] INFO  server.RaftServerConfigKeys (ConfUtils.java:logGet(46)) - raft.server.retrycache.expirytime = 600000ms (custom)
2023-05-31 22:57:46,320 [f4bcbbae-f69c-492d-a431-822e5a7eea0c-groupManagement] INFO  server.RaftServerConfigKeys (ConfUtils.java:logGet(46)) - raft.server.retrycache.statistics.expirytime = 100μs (default)
2023-05-31 22:57:46,320 [f4bcbbae-f69c-492d-a431-822e5a7eea0c-groupManagement] INFO  server.RaftServerConfigKeys (ConfUtils.java:logGet(46)) - raft.server.read.option = DEFAULT (default)
2023-05-31 22:57:46,321 [f4bcbbae-f69c-492d-a431-822e5a7eea0c-groupManagement] INFO  server.RaftServerConfigKeys (ConfUtils.java:logGet(46)) - raft.server.rpc.request.timeout = 60s (custom)
2023-05-31 22:57:46,321 [f4bcbbae-f69c-492d-a431-822e5a7eea0c-groupManagement] INFO  server.RaftServerConfigKeys (ConfUtils.java:logGet(46)) - raft.server.log.appender.install.snapshot.enabled = false (custom)
2023-05-31 22:57:46,321 [f4bcbbae-f69c-492d-a431-822e5a7eea0c-groupManagement] INFO  server.RaftServerConfigKeys (ConfUtils.java:logGet(46)) - raft.server.threadpool.server.cached = true (default)
2023-05-31 22:57:46,321 [f4bcbbae-f69c-492d-a431-822e5a7eea0c-groupManagement] INFO  server.RaftServerConfigKeys (ConfUtils.java:logGet(46)) - raft.server.threadpool.server.size = 0 (default)
2023-05-31 22:57:46,322 [f4bcbbae-f69c-492d-a431-822e5a7eea0c-groupManagement] INFO  server.RaftServerConfigKeys (ConfUtils.java:logGet(46)) - raft.server.threadpool.client.cached = true (default)
2023-05-31 22:57:46,322 [f4bcbbae-f69c-492d-a431-822e5a7eea0c-groupManagement] INFO  server.RaftServerConfigKeys (ConfUtils.java:logGet(46)) - raft.server.threadpool.client.size = 0 (default)
2023-05-31 22:57:46,322 [f4bcbbae-f69c-492d-a431-822e5a7eea0c-groupManagement] INFO  storage.RaftStorageDirectory (RaftStorageDirectoryImpl.java:analyzeStorage(137)) - The storage directory /home/runner/work/ozone/ozone/hadoop-ozone/integration-test/target/test-dir/MiniOzoneClusterImpl-816a41a7-5c89-4e8c-81ba-db0c8b26fb2d/datanode-13/data/ratis/9f1dcde3-b472-4076-9941-ed678a985932 does not exist. Creating ...
2023-05-31 22:57:46,327 [f4bcbbae-f69c-492d-a431-822e5a7eea0c-groupManagement] INFO  storage.RaftStorageDirectory (RaftStorageDirectoryImpl.java:tryLock(231)) - Lock on /home/runner/work/ozone/ozone/hadoop-ozone/integration-test/target/test-dir/MiniOzoneClusterImpl-816a41a7-5c89-4e8c-81ba-db0c8b26fb2d/datanode-13/data/ratis/9f1dcde3-b472-4076-9941-ed678a985932/in_use.lock acquired by nodename 15007@fv-az844-56
2023-05-31 22:57:46,331 [f4bcbbae-f69c-492d-a431-822e5a7eea0c-groupManagement] INFO  storage.RaftStorage (RaftStorageImpl.java:format(96)) - Storage directory /home/runner/work/ozone/ozone/hadoop-ozone/integration-test/target/test-dir/MiniOzoneClusterImpl-816a41a7-5c89-4e8c-81ba-db0c8b26fb2d/datanode-13/data/ratis/9f1dcde3-b472-4076-9941-ed678a985932 has been successfully formatted.
2023-05-31 22:57:46,337 [f4bcbbae-f69c-492d-a431-822e5a7eea0c-groupManagement] INFO  ratis.ContainerStateMachine (ContainerStateMachine.java:loadSnapshot(262)) - group-ED678A985932: The snapshot info is null. Setting the last applied indexto:(t:0, i:~)
2023-05-31 22:57:46,337 [f4bcbbae-f69c-492d-a431-822e5a7eea0c-groupManagement] INFO  server.RaftServerConfigKeys (ConfUtils.java:logGet(46)) - raft.server.log.use.memory = false (default)
2023-05-31 22:57:46,338 [f4bcbbae-f69c-492d-a431-822e5a7eea0c-groupManagement] INFO  server.RaftServerConfigKeys (ConfUtils.java:logGet(46)) - raft.server.log.purge.gap = 1000000 (custom)
2023-05-31 22:57:46,338 [f4bcbbae-f69c-492d-a431-822e5a7eea0c-groupManagement] INFO  server.RaftServerConfigKeys (ConfUtils.java:logGet(46)) - raft.server.log.appender.buffer.byte-limit = 33554432 (custom)
2023-05-31 22:57:46,338 [f4bcbbae-f69c-492d-a431-822e5a7eea0c-groupManagement] INFO  server.RaftServerConfigKeys (ConfUtils.java:logGet(46)) - raft.server.log.statemachine.data.read.timeout = 1000ms (default)
2023-05-31 22:57:46,338 [f4bcbbae-f69c-492d-a431-822e5a7eea0c-groupManagement] INFO  server.RaftServerConfigKeys (ConfUtils.java:logGet(46)) - raft.server.log.purge.preservation.log.num = 0 (default)
2023-05-31 22:57:46,338 [f4bcbbae-f69c-492d-a431-822e5a7eea0c-groupManagement] INFO  server.RaftServerConfigKeys (ConfUtils.java:logGet(46)) - raft.server.log.segment.size.max = 1048576 (custom)
2023-05-31 22:57:46,339 [f4bcbbae-f69c-492d-a431-822e5a7eea0c-groupManagement] INFO  server.RaftServerConfigKeys (ConfUtils.java:logGet(46)) - raft.server.log.segment.cache.num.max = 2 (custom)
2023-05-31 22:57:46,339 [f4bcbbae-f69c-492d-a431-822e5a7eea0c-groupManagement] INFO  server.RaftServerConfigKeys (ConfUtils.java:logGet(46)) - raft.server.log.segment.cache.size.max = 200MB (=209715200) (default)
2023-05-31 22:57:46,339 [f4bcbbae-f69c-492d-a431-822e5a7eea0c-groupManagement] INFO  server.RaftServerConfigKeys (ConfUtils.java:logGet(46)) - raft.server.log.appender.buffer.byte-limit = 33554432 (custom)
2023-05-31 22:57:46,339 [f4bcbbae-f69c-492d-a431-822e5a7eea0c-groupManagement] INFO  segmented.SegmentedRaftLogWorker (SegmentedRaftLogWorker.java:<init>(188)) - new f4bcbbae-f69c-492d-a431-822e5a7eea0c@group-ED678A985932-SegmentedRaftLogWorker for RaftStorageImpl:Storage Directory /home/runner/work/ozone/ozone/hadoop-ozone/integration-test/target/test-dir/MiniOzoneClusterImpl-816a41a7-5c89-4e8c-81ba-db0c8b26fb2d/datanode-13/data/ratis/9f1dcde3-b472-4076-9941-ed678a985932
2023-05-31 22:57:46,339 [f4bcbbae-f69c-492d-a431-822e5a7eea0c-groupManagement] INFO  server.RaftServerConfigKeys (ConfUtils.java:logGet(46)) - raft.server.log.queue.byte-limit = 4294967296 (custom)
2023-05-31 22:57:46,339 [f4bcbbae-f69c-492d-a431-822e5a7eea0c-groupManagement] INFO  server.RaftServerConfigKeys (ConfUtils.java:logGet(46)) - raft.server.log.queue.element-limit = 1024 (custom)
2023-05-31 22:57:46,339 [EventQueue-PipelineReportForPipelineReportHandler] INFO  pipeline.PipelineManagerImpl (PipelineManagerImpl.java:openPipeline(367)) - Pipeline Pipeline[ Id: 9f1dcde3-b472-4076-9941-ed678a985932, Nodes: f4bcbbae-f69c-492d-a431-822e5a7eea0c(fv-az844-56.kvdfyhrxhd0epk3sa4trub4njc.xx.internal.cloudapp.net/10.1.0.15), ReplicationConfig: RATIS/ONE, State:ALLOCATED, leaderId:f4bcbbae-f69c-492d-a431-822e5a7eea0c, CreationTimestamp2023-05-31T22:57:43.308Z[Etc/UTC]] moved to OPEN state
2023-05-31 22:57:46,339 [f4bcbbae-f69c-492d-a431-822e5a7eea0c-groupManagement] INFO  server.RaftServerConfigKeys (ConfUtils.java:logGet(46)) - raft.server.log.segment.size.max = 1048576 (custom)
2023-05-31 22:57:46,342 [f4bcbbae-f69c-492d-a431-822e5a7eea0c-groupManagement] INFO  server.RaftServerConfigKeys (ConfUtils.java:logGet(46)) - raft.server.log.preallocated.size = 16384 (custom)
2023-05-31 22:57:46,342 [f4bcbbae-f69c-492d-a431-822e5a7eea0c-groupManagement] INFO  server.RaftServerConfigKeys (ConfUtils.java:logGet(46)) - raft.server.log.force.sync.num = 128 (default)
2023-05-31 22:57:46,342 [f4bcbbae-f69c-492d-a431-822e5a7eea0c-groupManagement] INFO  server.RaftServerConfigKeys (ConfUtils.java:logGet(46)) - raft.server.log.statemachine.data.sync = true (default)
2023-05-31 22:57:46,342 [f4bcbbae-f69c-492d-a431-822e5a7eea0c-groupManagement] INFO  server.RaftServerConfigKeys (ConfUtils.java:logGet(46)) - raft.server.log.statemachine.data.sync.timeout = 10s (default)
2023-05-31 22:57:46,342 [f4bcbbae-f69c-492d-a431-822e5a7eea0c-groupManagement] INFO  server.RaftServerConfigKeys (ConfUtils.java:logGet(46)) - raft.server.log.statemachine.data.sync.timeout.retry = -1 (default)
2023-05-31 22:57:46,345 [f4bcbbae-f69c-492d-a431-822e5a7eea0c-groupManagement] INFO  server.RaftServerConfigKeys (ConfUtils.java:logGet(46)) - raft.server.log.write.buffer.size = 1048576 (custom)
2023-05-31 22:57:46,345 [f4bcbbae-f69c-492d-a431-822e5a7eea0c-groupManagement] INFO  server.RaftServerConfigKeys (ConfUtils.java:logGet(46)) - raft.server.log.appender.buffer.byte-limit = 33554432 (custom)
2023-05-31 22:57:46,360 [f4bcbbae-f69c-492d-a431-822e5a7eea0c-groupManagement] INFO  server.RaftServerConfigKeys (ConfUtils.java:logGet(46)) - raft.server.log.unsafe-flush.enabled = false (default)
2023-05-31 22:57:46,362 [f4bcbbae-f69c-492d-a431-822e5a7eea0c-groupManagement] INFO  server.RaftServerConfigKeys (ConfUtils.java:logGet(46)) - raft.server.log.async-flush.enabled = false (default)
2023-05-31 22:57:46,362 [f4bcbbae-f69c-492d-a431-822e5a7eea0c-groupManagement] INFO  server.RaftServerConfigKeys (ConfUtils.java:logGet(46)) - raft.server.log.statemachine.data.caching.enabled = true (custom)
2023-05-31 22:57:46,362 [f4bcbbae-f69c-492d-a431-822e5a7eea0c-groupManagement] INFO  segmented.SegmentedRaftLogWorker (SegmentedRaftLogWorker.java:lambda$new$0(135)) - f4bcbbae-f69c-492d-a431-822e5a7eea0c@group-ED678A985932-SegmentedRaftLogWorker: flushIndex: setUnconditionally 0 -> -1
2023-05-31 22:57:46,363 [f4bcbbae-f69c-492d-a431-822e5a7eea0c-groupManagement] INFO  segmented.SegmentedRaftLogWorker (SegmentedRaftLogWorker.java:lambda$new$0(135)) - f4bcbbae-f69c-492d-a431-822e5a7eea0c@group-ED678A985932-SegmentedRaftLogWorker: safeCacheEvictIndex: setUnconditionally 0 -> -1
2023-05-31 22:57:46,367 [f4bcbbae-f69c-492d-a431-822e5a7eea0c-groupManagement] INFO  server.RaftServer$Division (RaftServerImpl.java:start(342)) - f4bcbbae-f69c-492d-a431-822e5a7eea0c@group-ED678A985932: start as a follower, conf=-1: peers:[f4bcbbae-f69c-492d-a431-822e5a7eea0c|rpc:10.1.0.15:15131|admin:10.1.0.15:15130|client:10.1.0.15:15129|dataStream:10.1.0.15:15132|priority:1|startupRole:FOLLOWER]|listeners:[], old=null
2023-05-31 22:57:46,368 [f4bcbbae-f69c-492d-a431-822e5a7eea0c-groupManagement] INFO  server.RaftServer$Division (RaftServerImpl.java:setRole(329)) - f4bcbbae-f69c-492d-a431-822e5a7eea0c@group-ED678A985932: changes role from      null to FOLLOWER at term 0 for startAsFollower
2023-05-31 22:57:46,368 [f4bcbbae-f69c-492d-a431-822e5a7eea0c-groupManagement] INFO  impl.RoleInfo (RoleInfo.java:updateAndGet(139)) - f4bcbbae-f69c-492d-a431-822e5a7eea0c: start f4bcbbae-f69c-492d-a431-822e5a7eea0c@group-ED678A985932-FollowerState
2023-05-31 22:57:46,371 [f4bcbbae-f69c-492d-a431-822e5a7eea0c-groupManagement] INFO  util.JmxRegister (JmxRegister.java:tryRegister(44)) - Successfully registered JMX Bean with object name Ratis:service=RaftServer,group=group-ED678A985932,id=f4bcbbae-f69c-492d-a431-822e5a7eea0c
2023-05-31 22:57:46,371 [f4bcbbae-f69c-492d-a431-822e5a7eea0c-groupManagement] INFO  server.RaftServerConfigKeys (ConfUtils.java:logGet(46)) - raft.server.snapshot.auto.trigger.enabled = true (custom)
2023-05-31 22:57:46,371 [f4bcbbae-f69c-492d-a431-822e5a7eea0c-groupManagement] INFO  server.RaftServerConfigKeys (ConfUtils.java:logGet(46)) - raft.server.snapshot.auto.trigger.threshold = 10000 (custom)
2023-05-31 22:57:46,372 [f4bcbbae-f69c-492d-a431-822e5a7eea0c-groupManagement] INFO  server.RaftServerConfigKeys (ConfUtils.java:logGet(46)) - raft.server.snapshot.retention.file.num = 5 (custom)
2023-05-31 22:57:46,372 [f4bcbbae-f69c-492d-a431-822e5a7eea0c-groupManagement] INFO  server.RaftServerConfigKeys (ConfUtils.java:logGet(46)) - raft.server.log.purge.upto.snapshot.index = false (default)
2023-05-31 22:57:46,372 [f4bcbbae-f69c-492d-a431-822e5a7eea0c@group-ED678A985932-FollowerState] INFO  server.RaftServerConfigKeys (ConfUtils.java:logFallback(53)) - raft.server.rpc.first-election.timeout.min = 5s (fallback to raft.server.rpc.timeout.min)
2023-05-31 22:57:46,372 [f4bcbbae-f69c-492d-a431-822e5a7eea0c@group-ED678A985932-FollowerState] INFO  server.RaftServerConfigKeys (ConfUtils.java:logFallback(53)) - raft.server.rpc.first-election.timeout.max = 5200ms (fallback to raft.server.rpc.timeout.max)
2023-05-31 22:57:46,378 [PipelineCommandHandlerThread-0] INFO  ratis.XceiverServerRatis (XceiverServerRatis.java:addGroup(804)) - Created group PipelineID=9f1dcde3-b472-4076-9941-ed678a985932
2023-05-31 22:57:46,378 [PipelineCommandHandlerThread-0] INFO  commandhandler.CreatePipelineCommandHandler (CreatePipelineCommandHandler.java:lambda$handle$2(124)) - Created Pipeline RATIS ONE PipelineID=9f1dcde3-b472-4076-9941-ed678a985932.
2023-05-31 22:57:46,481 [41c98476-2059-4142-8ca0-ae93b0d149f4@group-11A0789C576F-FollowerState] INFO  impl.FollowerState (FollowerState.java:run(143)) - 41c98476-2059-4142-8ca0-ae93b0d149f4@group-11A0789C576F-FollowerState: change to CANDIDATE, lastRpcElapsedTime:5084392488ns, electionTimeout:5083ms
2023-05-31 22:57:46,481 [41c98476-2059-4142-8ca0-ae93b0d149f4@group-11A0789C576F-FollowerState] INFO  impl.RoleInfo (RoleInfo.java:shutdownFollowerState(110)) - 41c98476-2059-4142-8ca0-ae93b0d149f4: shutdown 41c98476-2059-4142-8ca0-ae93b0d149f4@group-11A0789C576F-FollowerState
2023-05-31 22:57:46,481 [41c98476-2059-4142-8ca0-ae93b0d149f4@group-11A0789C576F-FollowerState] INFO  server.RaftServer$Division (RaftServerImpl.java:setRole(329)) - 41c98476-2059-4142-8ca0-ae93b0d149f4@group-11A0789C576F: changes role from  FOLLOWER to CANDIDATE at term 0 for changeToCandidate
2023-05-31 22:57:46,481 [41c98476-2059-4142-8ca0-ae93b0d149f4@group-11A0789C576F-FollowerState] INFO  server.RaftServerConfigKeys (ConfUtils.java:logGet(46)) - raft.server.leaderelection.pre-vote = true (default)
2023-05-31 22:57:46,481 [41c98476-2059-4142-8ca0-ae93b0d149f4@group-11A0789C576F-FollowerState] INFO  impl.RoleInfo (RoleInfo.java:updateAndGet(139)) - 41c98476-2059-4142-8ca0-ae93b0d149f4: start 41c98476-2059-4142-8ca0-ae93b0d149f4@group-11A0789C576F-LeaderElection5
2023-05-31 22:57:46,486 [41c98476-2059-4142-8ca0-ae93b0d149f4@group-11A0789C576F-LeaderElection5] INFO  impl.LeaderElection (LeaderElection.java:askForVotes(321)) - 41c98476-2059-4142-8ca0-ae93b0d149f4@group-11A0789C576F-LeaderElection5 PRE_VOTE round 0: submit vote requests at term 0 for -1: peers:[41c98476-2059-4142-8ca0-ae93b0d149f4|rpc:10.1.0.15:15041|admin:10.1.0.15:15040|client:10.1.0.15:15039|dataStream:10.1.0.15:15042|priority:1|startupRole:FOLLOWER]|listeners:[], old=null
2023-05-31 22:57:46,486 [41c98476-2059-4142-8ca0-ae93b0d149f4@group-11A0789C576F-LeaderElection5] INFO  impl.LeaderElection (LeaderElection.java:askForVotes(323)) - 41c98476-2059-4142-8ca0-ae93b0d149f4@group-11A0789C576F-LeaderElection5 PRE_VOTE round 0: result PASSED (term=0)
2023-05-31 22:57:46,488 [41c98476-2059-4142-8ca0-ae93b0d149f4@group-11A0789C576F-LeaderElection5] INFO  impl.LeaderElection (LeaderElection.java:askForVotes(321)) - 41c98476-2059-4142-8ca0-ae93b0d149f4@group-11A0789C576F-LeaderElection5 ELECTION round 0: submit vote requests at term 1 for -1: peers:[41c98476-2059-4142-8ca0-ae93b0d149f4|rpc:10.1.0.15:15041|admin:10.1.0.15:15040|client:10.1.0.15:15039|dataStream:10.1.0.15:15042|priority:1|startupRole:FOLLOWER]|listeners:[], old=null
2023-05-31 22:57:46,488 [41c98476-2059-4142-8ca0-ae93b0d149f4@group-11A0789C576F-LeaderElection5] INFO  impl.LeaderElection (LeaderElection.java:askForVotes(323)) - 41c98476-2059-4142-8ca0-ae93b0d149f4@group-11A0789C576F-LeaderElection5 ELECTION round 0: result PASSED (term=1)
2023-05-31 22:57:46,488 [41c98476-2059-4142-8ca0-ae93b0d149f4@group-11A0789C576F-LeaderElection5] INFO  impl.RoleInfo (RoleInfo.java:shutdownLeaderElection(130)) - 41c98476-2059-4142-8ca0-ae93b0d149f4: shutdown 41c98476-2059-4142-8ca0-ae93b0d149f4@group-11A0789C576F-LeaderElection5
2023-05-31 22:57:46,488 [41c98476-2059-4142-8ca0-ae93b0d149f4@group-11A0789C576F-LeaderElection5] INFO  server.RaftServer$Division (RaftServerImpl.java:setRole(329)) - 41c98476-2059-4142-8ca0-ae93b0d149f4@group-11A0789C576F: changes role from CANDIDATE to LEADER at term 1 for changeToLeader
2023-05-31 22:57:46,488 [41c98476-2059-4142-8ca0-ae93b0d149f4@group-11A0789C576F-LeaderElection5] INFO  ratis.XceiverServerRatis (XceiverServerRatis.java:handleLeaderChangedNotification(902)) - Leader change notification received for group: group-11A0789C576F with new leaderId: 41c98476-2059-4142-8ca0-ae93b0d149f4
2023-05-31 22:57:46,489 [41c98476-2059-4142-8ca0-ae93b0d149f4@group-11A0789C576F-LeaderElection5] INFO  server.RaftServer$Division (ServerState.java:setLeader(317)) - 41c98476-2059-4142-8ca0-ae93b0d149f4@group-11A0789C576F: change Leader from null to 41c98476-2059-4142-8ca0-ae93b0d149f4 at term 1 for becomeLeader, leader elected after 5143ms
2023-05-31 22:57:46,489 [41c98476-2059-4142-8ca0-ae93b0d149f4@group-11A0789C576F-LeaderElection5] INFO  server.RaftServerConfigKeys (ConfUtils.java:logGet(46)) - raft.server.staging.catchup.gap = 1000 (default)
2023-05-31 22:57:46,489 [41c98476-2059-4142-8ca0-ae93b0d149f4@group-11A0789C576F-LeaderElection5] INFO  server.RaftServerConfigKeys (ConfUtils.java:logGet(46)) - raft.server.write.element-limit = 1024 (custom)
2023-05-31 22:57:46,489 [41c98476-2059-4142-8ca0-ae93b0d149f4@group-11A0789C576F-LeaderElection5] INFO  server.RaftServerConfigKeys (ConfUtils.java:logGet(46)) - raft.server.write.byte-limit = 1024 M (=1073741824) (custom)
2023-05-31 22:57:46,490 [41c98476-2059-4142-8ca0-ae93b0d149f4@group-11A0789C576F-LeaderElection5] INFO  server.RaftServerConfigKeys (ConfUtils.java:logGet(46)) - raft.server.watch.timeout = 180s (custom)
2023-05-31 22:57:46,490 [41c98476-2059-4142-8ca0-ae93b0d149f4@group-11A0789C576F-LeaderElection5] INFO  server.RaftServerConfigKeys (ConfUtils.java:logGet(46)) - raft.server.watch.timeout.denomination = 1s (default)
2023-05-31 22:57:46,493 [41c98476-2059-4142-8ca0-ae93b0d149f4@group-11A0789C576F-LeaderElection5] INFO  server.RaftServerConfigKeys (ConfUtils.java:logGet(46)) - raft.server.watch.element-limit = 65536 (default)
2023-05-31 22:57:46,493 [41c98476-2059-4142-8ca0-ae93b0d149f4@group-11A0789C576F-LeaderElection5] INFO  server.RaftServerConfigKeys (ConfUtils.java:logGet(46)) - raft.server.write.element-limit = 1024 (custom)
2023-05-31 22:57:46,493 [41c98476-2059-4142-8ca0-ae93b0d149f4@group-11A0789C576F-LeaderElection5] INFO  server.RaftServerConfigKeys (ConfUtils.java:logGet(46)) - raft.server.write.follower.gap.ratio.max = -1.0 (default)
2023-05-31 22:57:46,493 [41c98476-2059-4142-8ca0-ae93b0d149f4@group-11A0789C576F-LeaderElection5] INFO  impl.RoleInfo (RoleInfo.java:updateAndGet(139)) - 41c98476-2059-4142-8ca0-ae93b0d149f4: start 41c98476-2059-4142-8ca0-ae93b0d149f4@group-11A0789C576F-LeaderStateImpl
2023-05-31 22:57:46,493 [41c98476-2059-4142-8ca0-ae93b0d149f4@group-11A0789C576F-LeaderElection5] INFO  segmented.SegmentedRaftLogWorker (SegmentedRaftLogWorker.java:startLogSegment(447)) - 41c98476-2059-4142-8ca0-ae93b0d149f4@group-11A0789C576F-SegmentedRaftLogWorker: Starting segment from index:0
2023-05-31 22:57:46,496 [41c98476-2059-4142-8ca0-ae93b0d149f4@group-11A0789C576F-SegmentedRaftLogWorker] INFO  segmented.SegmentedRaftLogWorker (SegmentedRaftLogWorker.java:execute(651)) - 41c98476-2059-4142-8ca0-ae93b0d149f4@group-11A0789C576F-SegmentedRaftLogWorker: created new log segment /home/runner/work/ozone/ozone/hadoop-ozone/integration-test/target/test-dir/MiniOzoneClusterImpl-816a41a7-5c89-4e8c-81ba-db0c8b26fb2d/datanode-3/data/ratis/c4572709-fcfc-4ee9-bc84-11a0789c576f/current/log_inprogress_0
2023-05-31 22:57:46,504 [41c98476-2059-4142-8ca0-ae93b0d149f4@group-11A0789C576F-LeaderElection5] INFO  server.RaftServer$Division (ServerState.java:setRaftConf(434)) - 41c98476-2059-4142-8ca0-ae93b0d149f4@group-11A0789C576F: set configuration 0: peers:[41c98476-2059-4142-8ca0-ae93b0d149f4|rpc:10.1.0.15:15041|admin:10.1.0.15:15040|client:10.1.0.15:15039|dataStream:10.1.0.15:15042|priority:1|startupRole:FOLLOWER]|listeners:[], old=null
2023-05-31 22:57:46,566 [9d40cccf-8c3a-4da2-ab03-ca5c7975d909@group-89448B7302E5-FollowerState] INFO  impl.FollowerState (FollowerState.java:run(143)) - 9d40cccf-8c3a-4da2-ab03-ca5c7975d909@group-89448B7302E5-FollowerState: change to CANDIDATE, lastRpcElapsedTime:5014797557ns, electionTimeout:5011ms
2023-05-31 22:57:46,567 [9d40cccf-8c3a-4da2-ab03-ca5c7975d909@group-89448B7302E5-FollowerState] INFO  impl.RoleInfo (RoleInfo.java:shutdownFollowerState(110)) - 9d40cccf-8c3a-4da2-ab03-ca5c7975d909: shutdown 9d40cccf-8c3a-4da2-ab03-ca5c7975d909@group-89448B7302E5-FollowerState
2023-05-31 22:57:46,567 [9d40cccf-8c3a-4da2-ab03-ca5c7975d909@group-89448B7302E5-FollowerState] INFO  server.RaftServer$Division (RaftServerImpl.java:setRole(329)) - 9d40cccf-8c3a-4da2-ab03-ca5c7975d909@group-89448B7302E5: changes role from  FOLLOWER to CANDIDATE at term 0 for changeToCandidate
2023-05-31 22:57:46,567 [9d40cccf-8c3a-4da2-ab03-ca5c7975d909@group-89448B7302E5-FollowerState] INFO  server.RaftServerConfigKeys (ConfUtils.java:logGet(46)) - raft.server.leaderelection.pre-vote = true (default)
2023-05-31 22:57:46,567 [9d40cccf-8c3a-4da2-ab03-ca5c7975d909@group-89448B7302E5-FollowerState] INFO  impl.RoleInfo (RoleInfo.java:updateAndGet(139)) - 9d40cccf-8c3a-4da2-ab03-ca5c7975d909: start 9d40cccf-8c3a-4da2-ab03-ca5c7975d909@group-89448B7302E5-LeaderElection6
2023-05-31 22:57:46,576 [9d40cccf-8c3a-4da2-ab03-ca5c7975d909@group-89448B7302E5-LeaderElection6] INFO  impl.LeaderElection (LeaderElection.java:askForVotes(321)) - 9d40cccf-8c3a-4da2-ab03-ca5c7975d909@group-89448B7302E5-LeaderElection6 PRE_VOTE round 0: submit vote requests at term 0 for -1: peers:[9d40cccf-8c3a-4da2-ab03-ca5c7975d909|rpc:10.1.0.15:15050|admin:10.1.0.15:15049|client:10.1.0.15:15048|dataStream:10.1.0.15:15051|priority:1|startupRole:FOLLOWER]|listeners:[], old=null
2023-05-31 22:57:46,576 [9d40cccf-8c3a-4da2-ab03-ca5c7975d909@group-89448B7302E5-LeaderElection6] INFO  impl.LeaderElection (LeaderElection.java:askForVotes(323)) - 9d40cccf-8c3a-4da2-ab03-ca5c7975d909@group-89448B7302E5-LeaderElection6 PRE_VOTE round 0: result PASSED (term=0)
2023-05-31 22:57:46,578 [9d40cccf-8c3a-4da2-ab03-ca5c7975d909@group-89448B7302E5-LeaderElection6] INFO  impl.LeaderElection (LeaderElection.java:askForVotes(321)) - 9d40cccf-8c3a-4da2-ab03-ca5c7975d909@group-89448B7302E5-LeaderElection6 ELECTION round 0: submit vote requests at term 1 for -1: peers:[9d40cccf-8c3a-4da2-ab03-ca5c7975d909|rpc:10.1.0.15:15050|admin:10.1.0.15:15049|client:10.1.0.15:15048|dataStream:10.1.0.15:15051|priority:1|startupRole:FOLLOWER]|listeners:[], old=null
2023-05-31 22:57:46,578 [9d40cccf-8c3a-4da2-ab03-ca5c7975d909@group-89448B7302E5-LeaderElection6] INFO  impl.LeaderElection (LeaderElection.java:askForVotes(323)) - 9d40cccf-8c3a-4da2-ab03-ca5c7975d909@group-89448B7302E5-LeaderElection6 ELECTION round 0: result PASSED (term=1)
2023-05-31 22:57:46,578 [9d40cccf-8c3a-4da2-ab03-ca5c7975d909@group-89448B7302E5-LeaderElection6] INFO  impl.RoleInfo (RoleInfo.java:shutdownLeaderElection(130)) - 9d40cccf-8c3a-4da2-ab03-ca5c7975d909: shutdown 9d40cccf-8c3a-4da2-ab03-ca5c7975d909@group-89448B7302E5-LeaderElection6
2023-05-31 22:57:46,578 [9d40cccf-8c3a-4da2-ab03-ca5c7975d909@group-89448B7302E5-LeaderElection6] INFO  server.RaftServer$Division (RaftServerImpl.java:setRole(329)) - 9d40cccf-8c3a-4da2-ab03-ca5c7975d909@group-89448B7302E5: changes role from CANDIDATE to LEADER at term 1 for changeToLeader
2023-05-31 22:57:46,578 [9d40cccf-8c3a-4da2-ab03-ca5c7975d909@group-89448B7302E5-LeaderElection6] INFO  ratis.XceiverServerRatis (XceiverServerRatis.java:handleLeaderChangedNotification(902)) - Leader change notification received for group: group-89448B7302E5 with new leaderId: 9d40cccf-8c3a-4da2-ab03-ca5c7975d909
2023-05-31 22:57:46,582 [9d40cccf-8c3a-4da2-ab03-ca5c7975d909@group-89448B7302E5-LeaderElection6] INFO  server.RaftServer$Division (ServerState.java:setLeader(317)) - 9d40cccf-8c3a-4da2-ab03-ca5c7975d909@group-89448B7302E5: change Leader from null to 9d40cccf-8c3a-4da2-ab03-ca5c7975d909 at term 1 for becomeLeader, leader elected after 5086ms
2023-05-31 22:57:46,582 [9d40cccf-8c3a-4da2-ab03-ca5c7975d909@group-89448B7302E5-LeaderElection6] INFO  server.RaftServerConfigKeys (ConfUtils.java:logGet(46)) - raft.server.staging.catchup.gap = 1000 (default)
2023-05-31 22:57:46,582 [9d40cccf-8c3a-4da2-ab03-ca5c7975d909@group-89448B7302E5-LeaderElection6] INFO  server.RaftServerConfigKeys (ConfUtils.java:logGet(46)) - raft.server.write.element-limit = 1024 (custom)
2023-05-31 22:57:46,583 [9d40cccf-8c3a-4da2-ab03-ca5c7975d909@group-89448B7302E5-LeaderElection6] INFO  server.RaftServerConfigKeys (ConfUtils.java:logGet(46)) - raft.server.write.byte-limit = 1024 M (=1073741824) (custom)
2023-05-31 22:57:46,583 [9d40cccf-8c3a-4da2-ab03-ca5c7975d909@group-89448B7302E5-LeaderElection6] INFO  server.RaftServerConfigKeys (ConfUtils.java:logGet(46)) - raft.server.watch.timeout = 180s (custom)
2023-05-31 22:57:46,583 [9d40cccf-8c3a-4da2-ab03-ca5c7975d909@group-89448B7302E5-LeaderElection6] INFO  server.RaftServerConfigKeys (ConfUtils.java:logGet(46)) - raft.server.watch.timeout.denomination = 1s (default)
2023-05-31 22:57:46,587 [9d40cccf-8c3a-4da2-ab03-ca5c7975d909@group-89448B7302E5-LeaderElection6] INFO  server.RaftServerConfigKeys (ConfUtils.java:logGet(46)) - raft.server.watch.element-limit = 65536 (default)
2023-05-31 22:57:46,587 [9d40cccf-8c3a-4da2-ab03-ca5c7975d909@group-89448B7302E5-LeaderElection6] INFO  server.RaftServerConfigKeys (ConfUtils.java:logGet(46)) - raft.server.write.element-limit = 1024 (custom)
2023-05-31 22:57:46,587 [9d40cccf-8c3a-4da2-ab03-ca5c7975d909@group-89448B7302E5-LeaderElection6] INFO  server.RaftServerConfigKeys (ConfUtils.java:logGet(46)) - raft.server.write.follower.gap.ratio.max = -1.0 (default)
2023-05-31 22:57:46,587 [9d40cccf-8c3a-4da2-ab03-ca5c7975d909@group-89448B7302E5-LeaderElection6] INFO  impl.RoleInfo (RoleInfo.java:updateAndGet(139)) - 9d40cccf-8c3a-4da2-ab03-ca5c7975d909: start 9d40cccf-8c3a-4da2-ab03-ca5c7975d909@group-89448B7302E5-LeaderStateImpl
2023-05-31 22:57:46,588 [9d40cccf-8c3a-4da2-ab03-ca5c7975d909@group-89448B7302E5-LeaderElection6] INFO  segmented.SegmentedRaftLogWorker (SegmentedRaftLogWorker.java:startLogSegment(447)) - 9d40cccf-8c3a-4da2-ab03-ca5c7975d909@group-89448B7302E5-SegmentedRaftLogWorker: Starting segment from index:0
2023-05-31 22:57:46,589 [9d40cccf-8c3a-4da2-ab03-ca5c7975d909@group-89448B7302E5-SegmentedRaftLogWorker] INFO  segmented.SegmentedRaftLogWorker (SegmentedRaftLogWorker.java:execute(651)) - 9d40cccf-8c3a-4da2-ab03-ca5c7975d909@group-89448B7302E5-SegmentedRaftLogWorker: created new log segment /home/runner/work/ozone/ozone/hadoop-ozone/integration-test/target/test-dir/MiniOzoneClusterImpl-816a41a7-5c89-4e8c-81ba-db0c8b26fb2d/datanode-4/data/ratis/c80f1ec5-dc82-4443-8f1f-89448b7302e5/current/log_inprogress_0
2023-05-31 22:57:46,607 [9d40cccf-8c3a-4da2-ab03-ca5c7975d909@group-89448B7302E5-LeaderElection6] INFO  server.RaftServer$Division (ServerState.java:setRaftConf(434)) - 9d40cccf-8c3a-4da2-ab03-ca5c7975d909@group-89448B7302E5: set configuration 0: peers:[9d40cccf-8c3a-4da2-ab03-ca5c7975d909|rpc:10.1.0.15:15050|admin:10.1.0.15:15049|client:10.1.0.15:15048|dataStream:10.1.0.15:15051|priority:1|startupRole:FOLLOWER]|listeners:[], old=null
2023-05-31 22:57:46,660 [41c98476-2059-4142-8ca0-ae93b0d149f4@group-FAAF52ABF0C5-FollowerState] INFO  impl.FollowerState (FollowerState.java:run(143)) - 41c98476-2059-4142-8ca0-ae93b0d149f4@group-FAAF52ABF0C5-FollowerState: change to CANDIDATE, lastRpcElapsedTime:5157203740ns, electionTimeout:5150ms
2023-05-31 22:57:46,660 [41c98476-2059-4142-8ca0-ae93b0d149f4@group-FAAF52ABF0C5-FollowerState] INFO  impl.RoleInfo (RoleInfo.java:shutdownFollowerState(110)) - 41c98476-2059-4142-8ca0-ae93b0d149f4: shutdown 41c98476-2059-4142-8ca0-ae93b0d149f4@group-FAAF52ABF0C5-FollowerState
2023-05-31 22:57:46,660 [41c98476-2059-4142-8ca0-ae93b0d149f4@group-FAAF52ABF0C5-FollowerState] INFO  server.RaftServer$Division (RaftServerImpl.java:setRole(329)) - 41c98476-2059-4142-8ca0-ae93b0d149f4@group-FAAF52ABF0C5: changes role from  FOLLOWER to CANDIDATE at term 0 for changeToCandidate
2023-05-31 22:57:46,660 [41c98476-2059-4142-8ca0-ae93b0d149f4@group-FAAF52ABF0C5-FollowerState] INFO  server.RaftServerConfigKeys (ConfUtils.java:logGet(46)) - raft.server.leaderelection.pre-vote = true (default)
2023-05-31 22:57:46,660 [41c98476-2059-4142-8ca0-ae93b0d149f4@group-FAAF52ABF0C5-FollowerState] INFO  impl.RoleInfo (RoleInfo.java:updateAndGet(139)) - 41c98476-2059-4142-8ca0-ae93b0d149f4: start 41c98476-2059-4142-8ca0-ae93b0d149f4@group-FAAF52ABF0C5-LeaderElection7
2023-05-31 22:57:46,662 [41c98476-2059-4142-8ca0-ae93b0d149f4@group-FAAF52ABF0C5-LeaderElection7] INFO  impl.LeaderElection (LeaderElection.java:askForVotes(321)) - 41c98476-2059-4142-8ca0-ae93b0d149f4@group-FAAF52ABF0C5-LeaderElection7 PRE_VOTE round 0: submit vote requests at term 0 for -1: peers:[83cc0f91-5896-42fb-be30-113915710489|rpc:10.1.0.15:15059|admin:10.1.0.15:15058|client:10.1.0.15:15057|dataStream:10.1.0.15:15060|priority:1|startupRole:FOLLOWER, 9d40cccf-8c3a-4da2-ab03-ca5c7975d909|rpc:10.1.0.15:15050|admin:10.1.0.15:15049|client:10.1.0.15:15048|dataStream:10.1.0.15:15051|priority:0|startupRole:FOLLOWER, 41c98476-2059-4142-8ca0-ae93b0d149f4|rpc:10.1.0.15:15041|admin:10.1.0.15:15040|client:10.1.0.15:15039|dataStream:10.1.0.15:15042|priority:0|startupRole:FOLLOWER]|listeners:[], old=null
2023-05-31 22:57:46,663 [41c98476-2059-4142-8ca0-ae93b0d149f4@group-FAAF52ABF0C5-LeaderElection7-1] INFO  server.GrpcServerProtocolClient (GrpcServerProtocolClient.java:<init>(65)) - Build channel for 83cc0f91-5896-42fb-be30-113915710489
2023-05-31 22:57:46,666 [41c98476-2059-4142-8ca0-ae93b0d149f4@group-FAAF52ABF0C5-LeaderElection7] INFO  server.RaftServerConfigKeys (ConfUtils.java:logFallback(53)) - raft.server.rpc.first-election.timeout.min = 5s (fallback to raft.server.rpc.timeout.min)
2023-05-31 22:57:46,666 [41c98476-2059-4142-8ca0-ae93b0d149f4@group-FAAF52ABF0C5-LeaderElection7] INFO  server.RaftServerConfigKeys (ConfUtils.java:logFallback(53)) - raft.server.rpc.first-election.timeout.max = 5200ms (fallback to raft.server.rpc.timeout.max)
2023-05-31 22:57:46,667 [41c98476-2059-4142-8ca0-ae93b0d149f4@group-FAAF52ABF0C5-LeaderElection7-2] INFO  server.GrpcServerProtocolClient (GrpcServerProtocolClient.java:<init>(65)) - Build channel for 9d40cccf-8c3a-4da2-ab03-ca5c7975d909
2023-05-31 22:57:46,685 [grpc-default-executor-4] INFO  server.RaftServer$Division (RaftServerImpl.java:requestVote(1302)) - 9d40cccf-8c3a-4da2-ab03-ca5c7975d909@group-FAAF52ABF0C5: receive requestVote(PRE_VOTE, 41c98476-2059-4142-8ca0-ae93b0d149f4, group-FAAF52ABF0C5, 0, (t:0, i:0))
2023-05-31 22:57:46,685 [grpc-default-executor-4] INFO  impl.VoteContext (VoteContext.java:log(49)) - 9d40cccf-8c3a-4da2-ab03-ca5c7975d909@group-FAAF52ABF0C5-FOLLOWER: accept PRE_VOTE from 41c98476-2059-4142-8ca0-ae93b0d149f4: our priority 0 <= candidate's priority 0
2023-05-31 22:57:46,686 [grpc-default-executor-4] INFO  server.RaftServer$Division (RaftServerImpl.java:requestVote(1335)) - 9d40cccf-8c3a-4da2-ab03-ca5c7975d909@group-FAAF52ABF0C5 replies to PRE_VOTE vote request: 41c98476-2059-4142-8ca0-ae93b0d149f4<-9d40cccf-8c3a-4da2-ab03-ca5c7975d909#0:OK-t0. Peer's state: 9d40cccf-8c3a-4da2-ab03-ca5c7975d909@group-FAAF52ABF0C5:t0, leader=null, voted=, raftlog=Memoized:9d40cccf-8c3a-4da2-ab03-ca5c7975d909@group-FAAF52ABF0C5-SegmentedRaftLog:OPENED:c-1, conf=-1: peers:[83cc0f91-5896-42fb-be30-113915710489|rpc:10.1.0.15:15059|admin:10.1.0.15:15058|client:10.1.0.15:15057|dataStream:10.1.0.15:15060|priority:1|startupRole:FOLLOWER, 9d40cccf-8c3a-4da2-ab03-ca5c7975d909|rpc:10.1.0.15:15050|admin:10.1.0.15:15049|client:10.1.0.15:15048|dataStream:10.1.0.15:15051|priority:0|startupRole:FOLLOWER, 41c98476-2059-4142-8ca0-ae93b0d149f4|rpc:10.1.0.15:15041|admin:10.1.0.15:15040|client:10.1.0.15:15039|dataStream:10.1.0.15:15042|priority:0|startupRole:FOLLOWER]|listeners:[], old=null
2023-05-31 22:57:46,688 [grpc-default-executor-4] INFO  server.RaftServer$Division (RaftServerImpl.java:requestVote(1302)) - 83cc0f91-5896-42fb-be30-113915710489@group-FAAF52ABF0C5: receive requestVote(PRE_VOTE, 41c98476-2059-4142-8ca0-ae93b0d149f4, group-FAAF52ABF0C5, 0, (t:0, i:0))
2023-05-31 22:57:46,688 [grpc-default-executor-4] INFO  impl.VoteContext (VoteContext.java:log(49)) - 83cc0f91-5896-42fb-be30-113915710489@group-FAAF52ABF0C5-FOLLOWER: reject PRE_VOTE from 41c98476-2059-4142-8ca0-ae93b0d149f4: our priority 1 > candidate's priority 0
2023-05-31 22:57:46,689 [grpc-default-executor-4] INFO  server.RaftServer$Division (RaftServerImpl.java:requestVote(1335)) - 83cc0f91-5896-42fb-be30-113915710489@group-FAAF52ABF0C5 replies to PRE_VOTE vote request: 41c98476-2059-4142-8ca0-ae93b0d149f4<-83cc0f91-5896-42fb-be30-113915710489#0:FAIL-t0. Peer's state: 83cc0f91-5896-42fb-be30-113915710489@group-FAAF52ABF0C5:t0, leader=null, voted=, raftlog=Memoized:83cc0f91-5896-42fb-be30-113915710489@group-FAAF52ABF0C5-SegmentedRaftLog:OPENED:c-1, conf=-1: peers:[83cc0f91-5896-42fb-be30-113915710489|rpc:10.1.0.15:15059|admin:10.1.0.15:15058|client:10.1.0.15:15057|dataStream:10.1.0.15:15060|priority:1|startupRole:FOLLOWER, 9d40cccf-8c3a-4da2-ab03-ca5c7975d909|rpc:10.1.0.15:15050|admin:10.1.0.15:15049|client:10.1.0.15:15048|dataStream:10.1.0.15:15051|priority:0|startupRole:FOLLOWER, 41c98476-2059-4142-8ca0-ae93b0d149f4|rpc:10.1.0.15:15041|admin:10.1.0.15:15040|client:10.1.0.15:15039|dataStream:10.1.0.15:15042|priority:0|startupRole:FOLLOWER]|listeners:[], old=null
2023-05-31 22:57:46,696 [41c98476-2059-4142-8ca0-ae93b0d149f4@group-FAAF52ABF0C5-LeaderElection7] INFO  impl.LeaderElection (LeaderElection.java:logAndReturn(90)) - 41c98476-2059-4142-8ca0-ae93b0d149f4@group-FAAF52ABF0C5-LeaderElection7: PRE_VOTE REJECTED received 2 response(s) and 0 exception(s):
2023-05-31 22:57:46,696 [41c98476-2059-4142-8ca0-ae93b0d149f4@group-FAAF52ABF0C5-LeaderElection7] INFO  impl.LeaderElection (LeaderElection.java:logAndReturn(94)) -   Response 0: 41c98476-2059-4142-8ca0-ae93b0d149f4<-83cc0f91-5896-42fb-be30-113915710489#0:FAIL-t0
2023-05-31 22:57:46,696 [41c98476-2059-4142-8ca0-ae93b0d149f4@group-FAAF52ABF0C5-LeaderElection7] INFO  impl.LeaderElection (LeaderElection.java:logAndReturn(94)) -   Response 1: 41c98476-2059-4142-8ca0-ae93b0d149f4<-9d40cccf-8c3a-4da2-ab03-ca5c7975d909#0:OK-t0
2023-05-31 22:57:46,696 [41c98476-2059-4142-8ca0-ae93b0d149f4@group-FAAF52ABF0C5-LeaderElection7] INFO  impl.LeaderElection (LeaderElection.java:askForVotes(323)) - 41c98476-2059-4142-8ca0-ae93b0d149f4@group-FAAF52ABF0C5-LeaderElection7 PRE_VOTE round 0: result REJECTED
2023-05-31 22:57:46,696 [41c98476-2059-4142-8ca0-ae93b0d149f4@group-FAAF52ABF0C5-LeaderElection7] INFO  server.RaftServer$Division (RaftServerImpl.java:setRole(329)) - 41c98476-2059-4142-8ca0-ae93b0d149f4@group-FAAF52ABF0C5: changes role from CANDIDATE to FOLLOWER at term 0 for REJECTED
2023-05-31 22:57:46,696 [41c98476-2059-4142-8ca0-ae93b0d149f4@group-FAAF52ABF0C5-LeaderElection7] INFO  impl.RoleInfo (RoleInfo.java:shutdownLeaderElection(130)) - 41c98476-2059-4142-8ca0-ae93b0d149f4: shutdown 41c98476-2059-4142-8ca0-ae93b0d149f4@group-FAAF52ABF0C5-LeaderElection7
2023-05-31 22:57:46,696 [41c98476-2059-4142-8ca0-ae93b0d149f4@group-FAAF52ABF0C5-LeaderElection7] INFO  impl.RoleInfo (RoleInfo.java:updateAndGet(139)) - 41c98476-2059-4142-8ca0-ae93b0d149f4: start 41c98476-2059-4142-8ca0-ae93b0d149f4@group-FAAF52ABF0C5-FollowerState
2023-05-31 22:57:46,772 [main] INFO  rpc.RpcClient (RpcClient.java:createVolume(459)) - Creating Volume: bc7274cd-0ffd-4f2a-bde4-9bd3702d937c, with runner as owner and space quota set to -1 bytes, counts quota set to -1
2023-05-31 22:57:46,835 [OM StateMachine ApplyTransaction Thread - 0] INFO  volume.OMVolumeCreateRequest (OMVolumeCreateRequest.java:validateAndUpdateCache(196)) - created volume:bc7274cd-0ffd-4f2a-bde4-9bd3702d937c for user:runner
2023-05-31 22:57:46,866 [main] INFO  rpc.RpcClient (RpcClient.java:createBucket(686)) - Creating Bucket: bc7274cd-0ffd-4f2a-bde4-9bd3702d937c/a5de6dab-627a-4c35-aade-606c102dda84, with bucket layout OBJECT_STORE, runner as owner, Versioning true, Storage Type set to DISK and Encryption set to false, Replication Type set to server-side default replication type, Namespace Quota set to -1, Space Quota set to -1 
2023-05-31 22:57:46,887 [OM StateMachine ApplyTransaction Thread - 0] INFO  bucket.OMBucketCreateRequest (OMBucketCreateRequest.java:validateAndUpdateCache(270)) - created bucket: a5de6dab-627a-4c35-aade-606c102dda84 of layout OBJECT_STORE in volume: bc7274cd-0ffd-4f2a-bde4-9bd3702d937c
2023-05-31 22:57:46,973 [IPC Server handler 0 on default port 15001] INFO  ha.SequenceIdGenerator (SequenceIdGenerator.java:getNextId(128)) - Allocate a batch for containerId, change lastId from 0 to 1000.
2023-05-31 22:57:46,986 [IPC Server handler 0 on default port 15001] WARN  ha.SequenceIdGenerator (SequenceIdGenerator.java:allocateBatch(237)) - Failed to allocate a batch for localId, expected lastId is 0, actual lastId is 111677748019200000.
2023-05-31 22:57:46,986 [IPC Server handler 0 on default port 15001] INFO  ha.SequenceIdGenerator (SequenceIdGenerator.java:getNextId(128)) - Allocate a batch for localId, change lastId from 111677748019200000 to 111677748019201000.
2023-05-31 22:57:47,065 [9d40cccf-8c3a-4da2-ab03-ca5c7975d909@group-FAAF52ABF0C5-FollowerState] INFO  server.RaftServerConfigKeys (ConfUtils.java:logFallback(53)) - raft.server.rpc.first-election.timeout.min = 5s (fallback to raft.server.rpc.timeout.min)
2023-05-31 22:57:47,065 [9d40cccf-8c3a-4da2-ab03-ca5c7975d909@group-FAAF52ABF0C5-FollowerState] INFO  server.RaftServerConfigKeys (ConfUtils.java:logFallback(53)) - raft.server.rpc.first-election.timeout.max = 5200ms (fallback to raft.server.rpc.timeout.max)
2023-05-31 22:57:47,076 [83cc0f91-5896-42fb-be30-113915710489@group-3EBA66C287E9-FollowerState] INFO  impl.FollowerState (FollowerState.java:run(143)) - 83cc0f91-5896-42fb-be30-113915710489@group-3EBA66C287E9-FollowerState: change to CANDIDATE, lastRpcElapsedTime:5005727608ns, electionTimeout:5004ms
2023-05-31 22:57:47,076 [83cc0f91-5896-42fb-be30-113915710489@group-3EBA66C287E9-FollowerState] INFO  impl.RoleInfo (RoleInfo.java:shutdownFollowerState(110)) - 83cc0f91-5896-42fb-be30-113915710489: shutdown 83cc0f91-5896-42fb-be30-113915710489@group-3EBA66C287E9-FollowerState
2023-05-31 22:57:47,076 [83cc0f91-5896-42fb-be30-113915710489@group-3EBA66C287E9-FollowerState] INFO  server.RaftServer$Division (RaftServerImpl.java:setRole(329)) - 83cc0f91-5896-42fb-be30-113915710489@group-3EBA66C287E9: changes role from  FOLLOWER to CANDIDATE at term 0 for changeToCandidate
2023-05-31 22:57:47,076 [83cc0f91-5896-42fb-be30-113915710489@group-3EBA66C287E9-FollowerState] INFO  server.RaftServerConfigKeys (ConfUtils.java:logGet(46)) - raft.server.leaderelection.pre-vote = true (default)
2023-05-31 22:57:47,076 [83cc0f91-5896-42fb-be30-113915710489@group-3EBA66C287E9-FollowerState] INFO  impl.RoleInfo (RoleInfo.java:updateAndGet(139)) - 83cc0f91-5896-42fb-be30-113915710489: start 83cc0f91-5896-42fb-be30-113915710489@group-3EBA66C287E9-LeaderElection8
2023-05-31 22:57:47,081 [83cc0f91-5896-42fb-be30-113915710489@group-3EBA66C287E9-LeaderElection8] INFO  impl.LeaderElection (LeaderElection.java:askForVotes(321)) - 83cc0f91-5896-42fb-be30-113915710489@group-3EBA66C287E9-LeaderElection8 PRE_VOTE round 0: submit vote requests at term 0 for -1: peers:[83cc0f91-5896-42fb-be30-113915710489|rpc:10.1.0.15:15059|admin:10.1.0.15:15058|client:10.1.0.15:15057|dataStream:10.1.0.15:15060|priority:1|startupRole:FOLLOWER]|listeners:[], old=null
2023-05-31 22:57:47,082 [83cc0f91-5896-42fb-be30-113915710489@group-3EBA66C287E9-LeaderElection8] INFO  impl.LeaderElection (LeaderElection.java:askForVotes(323)) - 83cc0f91-5896-42fb-be30-113915710489@group-3EBA66C287E9-LeaderElection8 PRE_VOTE round 0: result PASSED (term=0)
2023-05-31 22:57:47,084 [83cc0f91-5896-42fb-be30-113915710489@group-3EBA66C287E9-LeaderElection8] INFO  impl.LeaderElection (LeaderElection.java:askForVotes(321)) - 83cc0f91-5896-42fb-be30-113915710489@group-3EBA66C287E9-LeaderElection8 ELECTION round 0: submit vote requests at term 1 for -1: peers:[83cc0f91-5896-42fb-be30-113915710489|rpc:10.1.0.15:15059|admin:10.1.0.15:15058|client:10.1.0.15:15057|dataStream:10.1.0.15:15060|priority:1|startupRole:FOLLOWER]|listeners:[], old=null
2023-05-31 22:57:47,084 [83cc0f91-5896-42fb-be30-113915710489@group-3EBA66C287E9-LeaderElection8] INFO  impl.LeaderElection (LeaderElection.java:askForVotes(323)) - 83cc0f91-5896-42fb-be30-113915710489@group-3EBA66C287E9-LeaderElection8 ELECTION round 0: result PASSED (term=1)
2023-05-31 22:57:47,084 [83cc0f91-5896-42fb-be30-113915710489@group-3EBA66C287E9-LeaderElection8] INFO  impl.RoleInfo (RoleInfo.java:shutdownLeaderElection(130)) - 83cc0f91-5896-42fb-be30-113915710489: shutdown 83cc0f91-5896-42fb-be30-113915710489@group-3EBA66C287E9-LeaderElection8
2023-05-31 22:57:47,084 [83cc0f91-5896-42fb-be30-113915710489@group-3EBA66C287E9-LeaderElection8] INFO  server.RaftServer$Division (RaftServerImpl.java:setRole(329)) - 83cc0f91-5896-42fb-be30-113915710489@group-3EBA66C287E9: changes role from CANDIDATE to LEADER at term 1 for changeToLeader
2023-05-31 22:57:47,084 [83cc0f91-5896-42fb-be30-113915710489@group-3EBA66C287E9-LeaderElection8] INFO  ratis.XceiverServerRatis (XceiverServerRatis.java:handleLeaderChangedNotification(902)) - Leader change notification received for group: group-3EBA66C287E9 with new leaderId: 83cc0f91-5896-42fb-be30-113915710489
2023-05-31 22:57:47,084 [83cc0f91-5896-42fb-be30-113915710489@group-3EBA66C287E9-LeaderElection8] INFO  server.RaftServer$Division (ServerState.java:setLeader(317)) - 83cc0f91-5896-42fb-be30-113915710489@group-3EBA66C287E9: change Leader from null to 83cc0f91-5896-42fb-be30-113915710489 at term 1 for becomeLeader, leader elected after 5084ms
2023-05-31 22:57:47,085 [83cc0f91-5896-42fb-be30-113915710489@group-3EBA66C287E9-LeaderElection8] INFO  server.RaftServerConfigKeys (ConfUtils.java:logGet(46)) - raft.server.staging.catchup.gap = 1000 (default)
2023-05-31 22:57:47,085 [83cc0f91-5896-42fb-be30-113915710489@group-3EBA66C287E9-LeaderElection8] INFO  server.RaftServerConfigKeys (ConfUtils.java:logGet(46)) - raft.server.write.element-limit = 1024 (custom)
2023-05-31 22:57:47,085 [83cc0f91-5896-42fb-be30-113915710489@group-3EBA66C287E9-LeaderElection8] INFO  server.RaftServerConfigKeys (ConfUtils.java:logGet(46)) - raft.server.write.byte-limit = 1024 M (=1073741824) (custom)
2023-05-31 22:57:47,085 [83cc0f91-5896-42fb-be30-113915710489@group-3EBA66C287E9-LeaderElection8] INFO  server.RaftServerConfigKeys (ConfUtils.java:logGet(46)) - raft.server.watch.timeout = 180s (custom)
2023-05-31 22:57:47,086 [83cc0f91-5896-42fb-be30-113915710489@group-3EBA66C287E9-LeaderElection8] INFO  server.RaftServerConfigKeys (ConfUtils.java:logGet(46)) - raft.server.watch.timeout.denomination = 1s (default)
2023-05-31 22:57:47,086 [83cc0f91-5896-42fb-be30-113915710489@group-3EBA66C287E9-LeaderElection8] INFO  server.RaftServerConfigKeys (ConfUtils.java:logGet(46)) - raft.server.watch.element-limit = 65536 (default)
2023-05-31 22:57:47,086 [83cc0f91-5896-42fb-be30-113915710489@group-3EBA66C287E9-LeaderElection8] INFO  server.RaftServerConfigKeys (ConfUtils.java:logGet(46)) - raft.server.write.element-limit = 1024 (custom)
2023-05-31 22:57:47,086 [83cc0f91-5896-42fb-be30-113915710489@group-3EBA66C287E9-LeaderElection8] INFO  server.RaftServerConfigKeys (ConfUtils.java:logGet(46)) - raft.server.write.follower.gap.ratio.max = -1.0 (default)
2023-05-31 22:57:47,086 [83cc0f91-5896-42fb-be30-113915710489@group-3EBA66C287E9-LeaderElection8] INFO  impl.RoleInfo (RoleInfo.java:updateAndGet(139)) - 83cc0f91-5896-42fb-be30-113915710489: start 83cc0f91-5896-42fb-be30-113915710489@group-3EBA66C287E9-LeaderStateImpl
2023-05-31 22:57:47,087 [83cc0f91-5896-42fb-be30-113915710489@group-3EBA66C287E9-LeaderElection8] INFO  segmented.SegmentedRaftLogWorker (SegmentedRaftLogWorker.java:startLogSegment(447)) - 83cc0f91-5896-42fb-be30-113915710489@group-3EBA66C287E9-SegmentedRaftLogWorker: Starting segment from index:0
2023-05-31 22:57:47,088 [83cc0f91-5896-42fb-be30-113915710489@group-3EBA66C287E9-SegmentedRaftLogWorker] INFO  segmented.SegmentedRaftLogWorker (SegmentedRaftLogWorker.java:execute(651)) - 83cc0f91-5896-42fb-be30-113915710489@group-3EBA66C287E9-SegmentedRaftLogWorker: created new log segment /home/runner/work/ozone/ozone/hadoop-ozone/integration-test/target/test-dir/MiniOzoneClusterImpl-816a41a7-5c89-4e8c-81ba-db0c8b26fb2d/datanode-5/data/ratis/335102a8-f862-46a3-abf8-3eba66c287e9/current/log_inprogress_0
2023-05-31 22:57:47,091 [83cc0f91-5896-42fb-be30-113915710489@group-3EBA66C287E9-LeaderElection8] INFO  server.RaftServer$Division (ServerState.java:setRaftConf(434)) - 83cc0f91-5896-42fb-be30-113915710489@group-3EBA66C287E9: set configuration 0: peers:[83cc0f91-5896-42fb-be30-113915710489|rpc:10.1.0.15:15059|admin:10.1.0.15:15058|client:10.1.0.15:15057|dataStream:10.1.0.15:15060|priority:1|startupRole:FOLLOWER]|listeners:[], old=null
2023-05-31 22:57:47,093 [9d40cccf-8c3a-4da2-ab03-ca5c7975d909@group-30D5F45409B1-FollowerState] INFO  impl.FollowerState (FollowerState.java:run(143)) - 9d40cccf-8c3a-4da2-ab03-ca5c7975d909@group-30D5F45409B1-FollowerState: change to CANDIDATE, lastRpcElapsedTime:5061932556ns, electionTimeout:5061ms
2023-05-31 22:57:47,094 [9d40cccf-8c3a-4da2-ab03-ca5c7975d909@group-30D5F45409B1-FollowerState] INFO  impl.RoleInfo (RoleInfo.java:shutdownFollowerState(110)) - 9d40cccf-8c3a-4da2-ab03-ca5c7975d909: shutdown 9d40cccf-8c3a-4da2-ab03-ca5c7975d909@group-30D5F45409B1-FollowerState
2023-05-31 22:57:47,094 [9d40cccf-8c3a-4da2-ab03-ca5c7975d909@group-30D5F45409B1-FollowerState] INFO  server.RaftServer$Division (RaftServerImpl.java:setRole(329)) - 9d40cccf-8c3a-4da2-ab03-ca5c7975d909@group-30D5F45409B1: changes role from  FOLLOWER to CANDIDATE at term 0 for changeToCandidate
2023-05-31 22:57:47,094 [9d40cccf-8c3a-4da2-ab03-ca5c7975d909@group-30D5F45409B1-FollowerState] INFO  server.RaftServerConfigKeys (ConfUtils.java:logGet(46)) - raft.server.leaderelection.pre-vote = true (default)
2023-05-31 22:57:47,094 [9d40cccf-8c3a-4da2-ab03-ca5c7975d909@group-30D5F45409B1-FollowerState] INFO  impl.RoleInfo (RoleInfo.java:updateAndGet(139)) - 9d40cccf-8c3a-4da2-ab03-ca5c7975d909: start 9d40cccf-8c3a-4da2-ab03-ca5c7975d909@group-30D5F45409B1-LeaderElection9
2023-05-31 22:57:47,157 [9d40cccf-8c3a-4da2-ab03-ca5c7975d909@group-30D5F45409B1-LeaderElection9] INFO  impl.LeaderElection (LeaderElection.java:askForVotes(321)) - 9d40cccf-8c3a-4da2-ab03-ca5c7975d909@group-30D5F45409B1-LeaderElection9 PRE_VOTE round 0: submit vote requests at term 0 for -1: peers:[83cc0f91-5896-42fb-be30-113915710489|rpc:10.1.0.15:15059|admin:10.1.0.15:15058|client:10.1.0.15:15057|dataStream:10.1.0.15:15060|priority:0|startupRole:FOLLOWER, 9d40cccf-8c3a-4da2-ab03-ca5c7975d909|rpc:10.1.0.15:15050|admin:10.1.0.15:15049|client:10.1.0.15:15048|dataStream:10.1.0.15:15051|priority:0|startupRole:FOLLOWER, 41c98476-2059-4142-8ca0-ae93b0d149f4|rpc:10.1.0.15:15041|admin:10.1.0.15:15040|client:10.1.0.15:15039|dataStream:10.1.0.15:15042|priority:1|startupRole:FOLLOWER]|listeners:[], old=null
2023-05-31 22:57:47,163 [9d40cccf-8c3a-4da2-ab03-ca5c7975d909@group-30D5F45409B1-LeaderElection9-1] INFO  server.GrpcServerProtocolClient (GrpcServerProtocolClient.java:<init>(65)) - Build channel for 83cc0f91-5896-42fb-be30-113915710489
2023-05-31 22:57:47,164 [9d40cccf-8c3a-4da2-ab03-ca5c7975d909@group-30D5F45409B1-LeaderElection9] INFO  server.RaftServerConfigKeys (ConfUtils.java:logFallback(53)) - raft.server.rpc.first-election.timeout.min = 5s (fallback to raft.server.rpc.timeout.min)
2023-05-31 22:57:47,164 [9d40cccf-8c3a-4da2-ab03-ca5c7975d909@group-30D5F45409B1-LeaderElection9] INFO  server.RaftServerConfigKeys (ConfUtils.java:logFallback(53)) - raft.server.rpc.first-election.timeout.max = 5200ms (fallback to raft.server.rpc.timeout.max)
2023-05-31 22:57:47,172 [9d40cccf-8c3a-4da2-ab03-ca5c7975d909@group-30D5F45409B1-LeaderElection9-2] INFO  server.GrpcServerProtocolClient (GrpcServerProtocolClient.java:<init>(65)) - Build channel for 41c98476-2059-4142-8ca0-ae93b0d149f4
2023-05-31 22:57:47,188 [grpc-default-executor-4] INFO  server.RaftServer$Division (RaftServerImpl.java:requestVote(1302)) - 41c98476-2059-4142-8ca0-ae93b0d149f4@group-30D5F45409B1: receive requestVote(PRE_VOTE, 9d40cccf-8c3a-4da2-ab03-ca5c7975d909, group-30D5F45409B1, 0, (t:0, i:0))
2023-05-31 22:57:47,188 [grpc-default-executor-4] INFO  impl.VoteContext (VoteContext.java:log(49)) - 41c98476-2059-4142-8ca0-ae93b0d149f4@group-30D5F45409B1-FOLLOWER: reject PRE_VOTE from 9d40cccf-8c3a-4da2-ab03-ca5c7975d909: our priority 1 > candidate's priority 0
2023-05-31 22:57:47,189 [grpc-default-executor-4] INFO  server.RaftServer$Division (RaftServerImpl.java:requestVote(1335)) - 41c98476-2059-4142-8ca0-ae93b0d149f4@group-30D5F45409B1 replies to PRE_VOTE vote request: 9d40cccf-8c3a-4da2-ab03-ca5c7975d909<-41c98476-2059-4142-8ca0-ae93b0d149f4#0:FAIL-t0. Peer's state: 41c98476-2059-4142-8ca0-ae93b0d149f4@group-30D5F45409B1:t0, leader=null, voted=, raftlog=Memoized:41c98476-2059-4142-8ca0-ae93b0d149f4@group-30D5F45409B1-SegmentedRaftLog:OPENED:c-1, conf=-1: peers:[83cc0f91-5896-42fb-be30-113915710489|rpc:10.1.0.15:15059|admin:10.1.0.15:15058|client:10.1.0.15:15057|dataStream:10.1.0.15:15060|priority:0|startupRole:FOLLOWER, 9d40cccf-8c3a-4da2-ab03-ca5c7975d909|rpc:10.1.0.15:15050|admin:10.1.0.15:15049|client:10.1.0.15:15048|dataStream:10.1.0.15:15051|priority:0|startupRole:FOLLOWER, 41c98476-2059-4142-8ca0-ae93b0d149f4|rpc:10.1.0.15:15041|admin:10.1.0.15:15040|client:10.1.0.15:15039|dataStream:10.1.0.15:15042|priority:1|startupRole:FOLLOWER]|listeners:[], old=null
2023-05-31 22:57:47,189 [grpc-default-executor-2] INFO  server.RaftServer$Division (RaftServerImpl.java:requestVote(1302)) - 83cc0f91-5896-42fb-be30-113915710489@group-30D5F45409B1: receive requestVote(PRE_VOTE, 9d40cccf-8c3a-4da2-ab03-ca5c7975d909, group-30D5F45409B1, 0, (t:0, i:0))
2023-05-31 22:57:47,189 [grpc-default-executor-2] INFO  impl.VoteContext (VoteContext.java:log(49)) - 83cc0f91-5896-42fb-be30-113915710489@group-30D5F45409B1-FOLLOWER: accept PRE_VOTE from 9d40cccf-8c3a-4da2-ab03-ca5c7975d909: our priority 0 <= candidate's priority 0
2023-05-31 22:57:47,190 [grpc-default-executor-2] INFO  server.RaftServer$Division (RaftServerImpl.java:requestVote(1335)) - 83cc0f91-5896-42fb-be30-113915710489@group-30D5F45409B1 replies to PRE_VOTE vote request: 9d40cccf-8c3a-4da2-ab03-ca5c7975d909<-83cc0f91-5896-42fb-be30-113915710489#0:OK-t0. Peer's state: 83cc0f91-5896-42fb-be30-113915710489@group-30D5F45409B1:t0, leader=null, voted=, raftlog=Memoized:83cc0f91-5896-42fb-be30-113915710489@group-30D5F45409B1-SegmentedRaftLog:OPENED:c-1, conf=-1: peers:[83cc0f91-5896-42fb-be30-113915710489|rpc:10.1.0.15:15059|admin:10.1.0.15:15058|client:10.1.0.15:15057|dataStream:10.1.0.15:15060|priority:0|startupRole:FOLLOWER, 9d40cccf-8c3a-4da2-ab03-ca5c7975d909|rpc:10.1.0.15:15050|admin:10.1.0.15:15049|client:10.1.0.15:15048|dataStream:10.1.0.15:15051|priority:0|startupRole:FOLLOWER, 41c98476-2059-4142-8ca0-ae93b0d149f4|rpc:10.1.0.15:15041|admin:10.1.0.15:15040|client:10.1.0.15:15039|dataStream:10.1.0.15:15042|priority:1|startupRole:FOLLOWER]|listeners:[], old=null
2023-05-31 22:57:47,195 [9d40cccf-8c3a-4da2-ab03-ca5c7975d909@group-30D5F45409B1-LeaderElection9] INFO  impl.LeaderElection (LeaderElection.java:logAndReturn(90)) - 9d40cccf-8c3a-4da2-ab03-ca5c7975d909@group-30D5F45409B1-LeaderElection9: PRE_VOTE REJECTED received 1 response(s) and 0 exception(s):
2023-05-31 22:57:47,195 [9d40cccf-8c3a-4da2-ab03-ca5c7975d909@group-30D5F45409B1-LeaderElection9] INFO  impl.LeaderElection (LeaderElection.java:logAndReturn(94)) -   Response 0: 9d40cccf-8c3a-4da2-ab03-ca5c7975d909<-41c98476-2059-4142-8ca0-ae93b0d149f4#0:FAIL-t0
2023-05-31 22:57:47,195 [9d40cccf-8c3a-4da2-ab03-ca5c7975d909@group-30D5F45409B1-LeaderElection9] INFO  impl.LeaderElection (LeaderElection.java:askForVotes(323)) - 9d40cccf-8c3a-4da2-ab03-ca5c7975d909@group-30D5F45409B1-LeaderElection9 PRE_VOTE round 0: result REJECTED
2023-05-31 22:57:47,195 [9d40cccf-8c3a-4da2-ab03-ca5c7975d909@group-30D5F45409B1-LeaderElection9] INFO  server.RaftServer$Division (RaftServerImpl.java:setRole(329)) - 9d40cccf-8c3a-4da2-ab03-ca5c7975d909@group-30D5F45409B1: changes role from CANDIDATE to FOLLOWER at term 0 for REJECTED
2023-05-31 22:57:47,195 [9d40cccf-8c3a-4da2-ab03-ca5c7975d909@group-30D5F45409B1-LeaderElection9] INFO  impl.RoleInfo (RoleInfo.java:shutdownLeaderElection(130)) - 9d40cccf-8c3a-4da2-ab03-ca5c7975d909: shutdown 9d40cccf-8c3a-4da2-ab03-ca5c7975d909@group-30D5F45409B1-LeaderElection9
2023-05-31 22:57:47,195 [9d40cccf-8c3a-4da2-ab03-ca5c7975d909@group-30D5F45409B1-LeaderElection9] INFO  impl.RoleInfo (RoleInfo.java:updateAndGet(139)) - 9d40cccf-8c3a-4da2-ab03-ca5c7975d909: start 9d40cccf-8c3a-4da2-ab03-ca5c7975d909@group-30D5F45409B1-FollowerState
2023-05-31 22:57:47,254 [main] INFO  impl.MetricsSystemImpl (MetricsSystemImpl.java:init(158)) - XceiverClientMetrics metrics system started (again)
2023-05-31 22:57:47,255 [main] INFO  lib.Interns (Interns.java:removeEldestEntry(50)) - Metrics intern cache overflow at 2011 for MetricsSystem={MetricsSystem=MetricsInfoImpl{name=MetricsSystem, description=MetricsSystem}, MetricsSystem record=MetricsInfoImpl{name=MetricsSystem, description=MetricsSystem record}}
2023-05-31 22:57:47,332 [83cc0f91-5896-42fb-be30-113915710489@group-FAAF52ABF0C5-FollowerState] INFO  impl.FollowerState (FollowerState.java:run(143)) - 83cc0f91-5896-42fb-be30-113915710489@group-FAAF52ABF0C5-FollowerState: change to CANDIDATE, lastRpcElapsedTime:5184247316ns, electionTimeout:5177ms
2023-05-31 22:57:47,332 [83cc0f91-5896-42fb-be30-113915710489@group-FAAF52ABF0C5-FollowerState] INFO  impl.RoleInfo (RoleInfo.java:shutdownFollowerState(110)) - 83cc0f91-5896-42fb-be30-113915710489: shutdown 83cc0f91-5896-42fb-be30-113915710489@group-FAAF52ABF0C5-FollowerState
2023-05-31 22:57:47,332 [83cc0f91-5896-42fb-be30-113915710489@group-FAAF52ABF0C5-FollowerState] INFO  server.RaftServer$Division (RaftServerImpl.java:setRole(329)) - 83cc0f91-5896-42fb-be30-113915710489@group-FAAF52ABF0C5: changes role from  FOLLOWER to CANDIDATE at term 0 for changeToCandidate
2023-05-31 22:57:47,332 [83cc0f91-5896-42fb-be30-113915710489@group-FAAF52ABF0C5-FollowerState] INFO  server.RaftServerConfigKeys (ConfUtils.java:logGet(46)) - raft.server.leaderelection.pre-vote = true (default)
2023-05-31 22:57:47,332 [83cc0f91-5896-42fb-be30-113915710489@group-FAAF52ABF0C5-FollowerState] INFO  impl.RoleInfo (RoleInfo.java:updateAndGet(139)) - 83cc0f91-5896-42fb-be30-113915710489: start 83cc0f91-5896-42fb-be30-113915710489@group-FAAF52ABF0C5-LeaderElection10
2023-05-31 22:57:47,345 [83cc0f91-5896-42fb-be30-113915710489@group-FAAF52ABF0C5-LeaderElection10] INFO  impl.LeaderElection (LeaderElection.java:askForVotes(321)) - 83cc0f91-5896-42fb-be30-113915710489@group-FAAF52ABF0C5-LeaderElection10 PRE_VOTE round 0: submit vote requests at term 0 for -1: peers:[83cc0f91-5896-42fb-be30-113915710489|rpc:10.1.0.15:15059|admin:10.1.0.15:15058|client:10.1.0.15:15057|dataStream:10.1.0.15:15060|priority:1|startupRole:FOLLOWER, 9d40cccf-8c3a-4da2-ab03-ca5c7975d909|rpc:10.1.0.15:15050|admin:10.1.0.15:15049|client:10.1.0.15:15048|dataStream:10.1.0.15:15051|priority:0|startupRole:FOLLOWER, 41c98476-2059-4142-8ca0-ae93b0d149f4|rpc:10.1.0.15:15041|admin:10.1.0.15:15040|client:10.1.0.15:15039|dataStream:10.1.0.15:15042|priority:0|startupRole:FOLLOWER]|listeners:[], old=null
2023-05-31 22:57:47,351 [83cc0f91-5896-42fb-be30-113915710489@group-FAAF52ABF0C5-LeaderElection10-1] INFO  server.GrpcServerProtocolClient (GrpcServerProtocolClient.java:<init>(65)) - Build channel for 9d40cccf-8c3a-4da2-ab03-ca5c7975d909
2023-05-31 22:57:47,359 [83cc0f91-5896-42fb-be30-113915710489@group-FAAF52ABF0C5-LeaderElection10] INFO  server.RaftServerConfigKeys (ConfUtils.java:logFallback(53)) - raft.server.rpc.first-election.timeout.min = 5s (fallback to raft.server.rpc.timeout.min)
2023-05-31 22:57:47,359 [83cc0f91-5896-42fb-be30-113915710489@group-FAAF52ABF0C5-LeaderElection10] INFO  server.RaftServerConfigKeys (ConfUtils.java:logFallback(53)) - raft.server.rpc.first-election.timeout.max = 5200ms (fallback to raft.server.rpc.timeout.max)
2023-05-31 22:57:47,360 [83cc0f91-5896-42fb-be30-113915710489@group-FAAF52ABF0C5-LeaderElection10-2] INFO  server.GrpcServerProtocolClient (GrpcServerProtocolClient.java:<init>(65)) - Build channel for 41c98476-2059-4142-8ca0-ae93b0d149f4
2023-05-31 22:57:47,363 [41c98476-2059-4142-8ca0-ae93b0d149f4@group-30D5F45409B1-FollowerState] INFO  impl.FollowerState (FollowerState.java:run(143)) - 41c98476-2059-4142-8ca0-ae93b0d149f4@group-30D5F45409B1-FollowerState: change to CANDIDATE, lastRpcElapsedTime:5160142067ns, electionTimeout:5156ms
2023-05-31 22:57:47,364 [41c98476-2059-4142-8ca0-ae93b0d149f4@group-30D5F45409B1-FollowerState] INFO  impl.RoleInfo (RoleInfo.java:shutdownFollowerState(110)) - 41c98476-2059-4142-8ca0-ae93b0d149f4: shutdown 41c98476-2059-4142-8ca0-ae93b0d149f4@group-30D5F45409B1-FollowerState
2023-05-31 22:57:47,364 [41c98476-2059-4142-8ca0-ae93b0d149f4@group-30D5F45409B1-FollowerState] INFO  server.RaftServer$Division (RaftServerImpl.java:setRole(329)) - 41c98476-2059-4142-8ca0-ae93b0d149f4@group-30D5F45409B1: changes role from  FOLLOWER to CANDIDATE at term 0 for changeToCandidate
2023-05-31 22:57:47,364 [41c98476-2059-4142-8ca0-ae93b0d149f4@group-30D5F45409B1-FollowerState] INFO  server.RaftServerConfigKeys (ConfUtils.java:logGet(46)) - raft.server.leaderelection.pre-vote = true (default)
2023-05-31 22:57:47,364 [41c98476-2059-4142-8ca0-ae93b0d149f4@group-30D5F45409B1-FollowerState] INFO  impl.RoleInfo (RoleInfo.java:updateAndGet(139)) - 41c98476-2059-4142-8ca0-ae93b0d149f4: start 41c98476-2059-4142-8ca0-ae93b0d149f4@group-30D5F45409B1-LeaderElection11
2023-05-31 22:57:47,377 [41c98476-2059-4142-8ca0-ae93b0d149f4@group-30D5F45409B1-LeaderElection11] INFO  impl.LeaderElection (LeaderElection.java:askForVotes(321)) - 41c98476-2059-4142-8ca0-ae93b0d149f4@group-30D5F45409B1-LeaderElection11 PRE_VOTE round 0: submit vote requests at term 0 for -1: peers:[83cc0f91-5896-42fb-be30-113915710489|rpc:10.1.0.15:15059|admin:10.1.0.15:15058|client:10.1.0.15:15057|dataStream:10.1.0.15:15060|priority:0|startupRole:FOLLOWER, 9d40cccf-8c3a-4da2-ab03-ca5c7975d909|rpc:10.1.0.15:15050|admin:10.1.0.15:15049|client:10.1.0.15:15048|dataStream:10.1.0.15:15051|priority:0|startupRole:FOLLOWER, 41c98476-2059-4142-8ca0-ae93b0d149f4|rpc:10.1.0.15:15041|admin:10.1.0.15:15040|client:10.1.0.15:15039|dataStream:10.1.0.15:15042|priority:1|startupRole:FOLLOWER]|listeners:[], old=null
2023-05-31 22:57:47,390 [41c98476-2059-4142-8ca0-ae93b0d149f4@group-30D5F45409B1-LeaderElection11] INFO  server.RaftServerConfigKeys (ConfUtils.java:logFallback(53)) - raft.server.rpc.first-election.timeout.min = 5s (fallback to raft.server.rpc.timeout.min)
2023-05-31 22:57:47,390 [41c98476-2059-4142-8ca0-ae93b0d149f4@group-30D5F45409B1-LeaderElection11] INFO  server.RaftServerConfigKeys (ConfUtils.java:logFallback(53)) - raft.server.rpc.first-election.timeout.max = 5200ms (fallback to raft.server.rpc.timeout.max)
2023-05-31 22:57:47,404 [grpc-default-executor-4] INFO  server.RaftServer$Division (RaftServerImpl.java:requestVote(1302)) - 9d40cccf-8c3a-4da2-ab03-ca5c7975d909@group-FAAF52ABF0C5: receive requestVote(PRE_VOTE, 83cc0f91-5896-42fb-be30-113915710489, group-FAAF52ABF0C5, 0, (t:0, i:0))
2023-05-31 22:57:47,404 [grpc-default-executor-4] INFO  impl.VoteContext (VoteContext.java:log(49)) - 9d40cccf-8c3a-4da2-ab03-ca5c7975d909@group-FAAF52ABF0C5-FOLLOWER: accept PRE_VOTE from 83cc0f91-5896-42fb-be30-113915710489: our priority 0 <= candidate's priority 1
2023-05-31 22:57:47,404 [grpc-default-executor-4] INFO  server.RaftServer$Division (RaftServerImpl.java:requestVote(1335)) - 9d40cccf-8c3a-4da2-ab03-ca5c7975d909@group-FAAF52ABF0C5 replies to PRE_VOTE vote request: 83cc0f91-5896-42fb-be30-113915710489<-9d40cccf-8c3a-4da2-ab03-ca5c7975d909#0:OK-t0. Peer's state: 9d40cccf-8c3a-4da2-ab03-ca5c7975d909@group-FAAF52ABF0C5:t0, leader=null, voted=, raftlog=Memoized:9d40cccf-8c3a-4da2-ab03-ca5c7975d909@group-FAAF52ABF0C5-SegmentedRaftLog:OPENED:c-1, conf=-1: peers:[83cc0f91-5896-42fb-be30-113915710489|rpc:10.1.0.15:15059|admin:10.1.0.15:15058|client:10.1.0.15:15057|dataStream:10.1.0.15:15060|priority:1|startupRole:FOLLOWER, 9d40cccf-8c3a-4da2-ab03-ca5c7975d909|rpc:10.1.0.15:15050|admin:10.1.0.15:15049|client:10.1.0.15:15048|dataStream:10.1.0.15:15051|priority:0|startupRole:FOLLOWER, 41c98476-2059-4142-8ca0-ae93b0d149f4|rpc:10.1.0.15:15041|admin:10.1.0.15:15040|client:10.1.0.15:15039|dataStream:10.1.0.15:15042|priority:0|startupRole:FOLLOWER]|listeners:[], old=null
2023-05-31 22:57:47,417 [83cc0f91-5896-42fb-be30-113915710489@group-FAAF52ABF0C5-LeaderElection10] INFO  impl.LeaderElection (LeaderElection.java:logAndReturn(90)) - 83cc0f91-5896-42fb-be30-113915710489@group-FAAF52ABF0C5-LeaderElection10: PRE_VOTE PASSED received 1 response(s) and 0 exception(s):
2023-05-31 22:57:47,417 [83cc0f91-5896-42fb-be30-113915710489@group-FAAF52ABF0C5-LeaderElection10] INFO  impl.LeaderElection (LeaderElection.java:logAndReturn(94)) -   Response 0: 83cc0f91-5896-42fb-be30-113915710489<-9d40cccf-8c3a-4da2-ab03-ca5c7975d909#0:OK-t0
2023-05-31 22:57:47,417 [83cc0f91-5896-42fb-be30-113915710489@group-FAAF52ABF0C5-LeaderElection10] INFO  impl.LeaderElection (LeaderElection.java:askForVotes(323)) - 83cc0f91-5896-42fb-be30-113915710489@group-FAAF52ABF0C5-LeaderElection10 PRE_VOTE round 0: result PASSED
2023-05-31 22:57:47,419 [grpc-default-executor-2] INFO  server.RaftServer$Division (RaftServerImpl.java:requestVote(1302)) - 83cc0f91-5896-42fb-be30-113915710489@group-30D5F45409B1: receive requestVote(PRE_VOTE, 41c98476-2059-4142-8ca0-ae93b0d149f4, group-30D5F45409B1, 0, (t:0, i:0))
2023-05-31 22:57:47,419 [grpc-default-executor-2] INFO  impl.VoteContext (VoteContext.java:log(49)) - 83cc0f91-5896-42fb-be30-113915710489@group-30D5F45409B1-FOLLOWER: accept PRE_VOTE from 41c98476-2059-4142-8ca0-ae93b0d149f4: our priority 0 <= candidate's priority 1
2023-05-31 22:57:47,419 [grpc-default-executor-2] INFO  server.RaftServer$Division (RaftServerImpl.java:requestVote(1335)) - 83cc0f91-5896-42fb-be30-113915710489@group-30D5F45409B1 replies to PRE_VOTE vote request: 41c98476-2059-4142-8ca0-ae93b0d149f4<-83cc0f91-5896-42fb-be30-113915710489#0:OK-t0. Peer's state: 83cc0f91-5896-42fb-be30-113915710489@group-30D5F45409B1:t0, leader=null, voted=, raftlog=Memoized:83cc0f91-5896-42fb-be30-113915710489@group-30D5F45409B1-SegmentedRaftLog:OPENED:c-1, conf=-1: peers:[83cc0f91-5896-42fb-be30-113915710489|rpc:10.1.0.15:15059|admin:10.1.0.15:15058|client:10.1.0.15:15057|dataStream:10.1.0.15:15060|priority:0|startupRole:FOLLOWER, 9d40cccf-8c3a-4da2-ab03-ca5c7975d909|rpc:10.1.0.15:15050|admin:10.1.0.15:15049|client:10.1.0.15:15048|dataStream:10.1.0.15:15051|priority:0|startupRole:FOLLOWER, 41c98476-2059-4142-8ca0-ae93b0d149f4|rpc:10.1.0.15:15041|admin:10.1.0.15:15040|client:10.1.0.15:15039|dataStream:10.1.0.15:15042|priority:1|startupRole:FOLLOWER]|listeners:[], old=null
2023-05-31 22:57:47,425 [grpc-default-executor-4] INFO  server.RaftServer$Division (RaftServerImpl.java:requestVote(1302)) - 41c98476-2059-4142-8ca0-ae93b0d149f4@group-FAAF52ABF0C5: receive requestVote(PRE_VOTE, 83cc0f91-5896-42fb-be30-113915710489, group-FAAF52ABF0C5, 0, (t:0, i:0))
2023-05-31 22:57:47,425 [grpc-default-executor-4] INFO  impl.VoteContext (VoteContext.java:log(49)) - 41c98476-2059-4142-8ca0-ae93b0d149f4@group-FAAF52ABF0C5-FOLLOWER: accept PRE_VOTE from 83cc0f91-5896-42fb-be30-113915710489: our priority 0 <= candidate's priority 1
2023-05-31 22:57:47,425 [grpc-default-executor-4] INFO  server.RaftServer$Division (RaftServerImpl.java:requestVote(1335)) - 41c98476-2059-4142-8ca0-ae93b0d149f4@group-FAAF52ABF0C5 replies to PRE_VOTE vote request: 83cc0f91-5896-42fb-be30-113915710489<-41c98476-2059-4142-8ca0-ae93b0d149f4#0:OK-t0. Peer's state: 41c98476-2059-4142-8ca0-ae93b0d149f4@group-FAAF52ABF0C5:t0, leader=null, voted=, raftlog=Memoized:41c98476-2059-4142-8ca0-ae93b0d149f4@group-FAAF52ABF0C5-SegmentedRaftLog:OPENED:c-1, conf=-1: peers:[83cc0f91-5896-42fb-be30-113915710489|rpc:10.1.0.15:15059|admin:10.1.0.15:15058|client:10.1.0.15:15057|dataStream:10.1.0.15:15060|priority:1|startupRole:FOLLOWER, 9d40cccf-8c3a-4da2-ab03-ca5c7975d909|rpc:10.1.0.15:15050|admin:10.1.0.15:15049|client:10.1.0.15:15048|dataStream:10.1.0.15:15051|priority:0|startupRole:FOLLOWER, 41c98476-2059-4142-8ca0-ae93b0d149f4|rpc:10.1.0.15:15041|admin:10.1.0.15:15040|client:10.1.0.15:15039|dataStream:10.1.0.15:15042|priority:0|startupRole:FOLLOWER]|listeners:[], old=null
2023-05-31 22:57:47,426 [83cc0f91-5896-42fb-be30-113915710489@group-FAAF52ABF0C5-LeaderElection10] INFO  impl.LeaderElection (LeaderElection.java:askForVotes(321)) - 83cc0f91-5896-42fb-be30-113915710489@group-FAAF52ABF0C5-LeaderElection10 ELECTION round 0: submit vote requests at term 1 for -1: peers:[83cc0f91-5896-42fb-be30-113915710489|rpc:10.1.0.15:15059|admin:10.1.0.15:15058|client:10.1.0.15:15057|dataStream:10.1.0.15:15060|priority:1|startupRole:FOLLOWER, 9d40cccf-8c3a-4da2-ab03-ca5c7975d909|rpc:10.1.0.15:15050|admin:10.1.0.15:15049|client:10.1.0.15:15048|dataStream:10.1.0.15:15051|priority:0|startupRole:FOLLOWER, 41c98476-2059-4142-8ca0-ae93b0d149f4|rpc:10.1.0.15:15041|admin:10.1.0.15:15040|client:10.1.0.15:15039|dataStream:10.1.0.15:15042|priority:0|startupRole:FOLLOWER]|listeners:[], old=null
2023-05-31 22:57:47,442 [83cc0f91-5896-42fb-be30-113915710489@group-FAAF52ABF0C5-LeaderElection10] INFO  server.RaftServerConfigKeys (ConfUtils.java:logFallback(53)) - raft.server.rpc.first-election.timeout.min = 5s (fallback to raft.server.rpc.timeout.min)
2023-05-31 22:57:47,442 [83cc0f91-5896-42fb-be30-113915710489@group-FAAF52ABF0C5-LeaderElection10] INFO  server.RaftServerConfigKeys (ConfUtils.java:logFallback(53)) - raft.server.rpc.first-election.timeout.max = 5200ms (fallback to raft.server.rpc.timeout.max)
2023-05-31 22:57:47,459 [41c98476-2059-4142-8ca0-ae93b0d149f4@group-30D5F45409B1-LeaderElection11] INFO  impl.LeaderElection (LeaderElection.java:logAndReturn(90)) - 41c98476-2059-4142-8ca0-ae93b0d149f4@group-30D5F45409B1-LeaderElection11: PRE_VOTE PASSED received 1 response(s) and 0 exception(s):
2023-05-31 22:57:47,459 [41c98476-2059-4142-8ca0-ae93b0d149f4@group-30D5F45409B1-LeaderElection11] INFO  impl.LeaderElection (LeaderElection.java:logAndReturn(94)) -   Response 0: 41c98476-2059-4142-8ca0-ae93b0d149f4<-83cc0f91-5896-42fb-be30-113915710489#0:OK-t0
2023-05-31 22:57:47,459 [41c98476-2059-4142-8ca0-ae93b0d149f4@group-30D5F45409B1-LeaderElection11] INFO  impl.LeaderElection (LeaderElection.java:askForVotes(323)) - 41c98476-2059-4142-8ca0-ae93b0d149f4@group-30D5F45409B1-LeaderElection11 PRE_VOTE round 0: result PASSED
2023-05-31 22:57:47,464 [41c98476-2059-4142-8ca0-ae93b0d149f4@group-30D5F45409B1-LeaderElection11] INFO  impl.LeaderElection (LeaderElection.java:askForVotes(321)) - 41c98476-2059-4142-8ca0-ae93b0d149f4@group-30D5F45409B1-LeaderElection11 ELECTION round 0: submit vote requests at term 1 for -1: peers:[83cc0f91-5896-42fb-be30-113915710489|rpc:10.1.0.15:15059|admin:10.1.0.15:15058|client:10.1.0.15:15057|dataStream:10.1.0.15:15060|priority:0|startupRole:FOLLOWER, 9d40cccf-8c3a-4da2-ab03-ca5c7975d909|rpc:10.1.0.15:15050|admin:10.1.0.15:15049|client:10.1.0.15:15048|dataStream:10.1.0.15:15051|priority:0|startupRole:FOLLOWER, 41c98476-2059-4142-8ca0-ae93b0d149f4|rpc:10.1.0.15:15041|admin:10.1.0.15:15040|client:10.1.0.15:15039|dataStream:10.1.0.15:15042|priority:1|startupRole:FOLLOWER]|listeners:[], old=null
2023-05-31 22:57:47,467 [grpc-default-executor-2] INFO  server.RaftServer$Division (RaftServerImpl.java:requestVote(1302)) - 9d40cccf-8c3a-4da2-ab03-ca5c7975d909@group-30D5F45409B1: receive requestVote(PRE_VOTE, 41c98476-2059-4142-8ca0-ae93b0d149f4, group-30D5F45409B1, 0, (t:0, i:0))
2023-05-31 22:57:47,468 [grpc-default-executor-2] INFO  impl.VoteContext (VoteContext.java:log(49)) - 9d40cccf-8c3a-4da2-ab03-ca5c7975d909@group-30D5F45409B1-FOLLOWER: accept PRE_VOTE from 41c98476-2059-4142-8ca0-ae93b0d149f4: our priority 0 <= candidate's priority 1
2023-05-31 22:57:47,468 [grpc-default-executor-2] INFO  server.RaftServer$Division (RaftServerImpl.java:requestVote(1335)) - 9d40cccf-8c3a-4da2-ab03-ca5c7975d909@group-30D5F45409B1 replies to PRE_VOTE vote request: 41c98476-2059-4142-8ca0-ae93b0d149f4<-9d40cccf-8c3a-4da2-ab03-ca5c7975d909#0:OK-t0. Peer's state: 9d40cccf-8c3a-4da2-ab03-ca5c7975d909@group-30D5F45409B1:t0, leader=null, voted=, raftlog=Memoized:9d40cccf-8c3a-4da2-ab03-ca5c7975d909@group-30D5F45409B1-SegmentedRaftLog:OPENED:c-1, conf=-1: peers:[83cc0f91-5896-42fb-be30-113915710489|rpc:10.1.0.15:15059|admin:10.1.0.15:15058|client:10.1.0.15:15057|dataStream:10.1.0.15:15060|priority:0|startupRole:FOLLOWER, 9d40cccf-8c3a-4da2-ab03-ca5c7975d909|rpc:10.1.0.15:15050|admin:10.1.0.15:15049|client:10.1.0.15:15048|dataStream:10.1.0.15:15051|priority:0|startupRole:FOLLOWER, 41c98476-2059-4142-8ca0-ae93b0d149f4|rpc:10.1.0.15:15041|admin:10.1.0.15:15040|client:10.1.0.15:15039|dataStream:10.1.0.15:15042|priority:1|startupRole:FOLLOWER]|listeners:[], old=null
2023-05-31 22:57:47,474 [667d9742-fdde-4102-a217-b966604d27c1@group-0D479DDFBEC2-FollowerState] INFO  impl.FollowerState (FollowerState.java:run(143)) - 667d9742-fdde-4102-a217-b966604d27c1@group-0D479DDFBEC2-FollowerState: change to CANDIDATE, lastRpcElapsedTime:5025005532ns, electionTimeout:5013ms
2023-05-31 22:57:47,474 [667d9742-fdde-4102-a217-b966604d27c1@group-0D479DDFBEC2-FollowerState] INFO  impl.RoleInfo (RoleInfo.java:shutdownFollowerState(110)) - 667d9742-fdde-4102-a217-b966604d27c1: shutdown 667d9742-fdde-4102-a217-b966604d27c1@group-0D479DDFBEC2-FollowerState
2023-05-31 22:57:47,474 [667d9742-fdde-4102-a217-b966604d27c1@group-0D479DDFBEC2-FollowerState] INFO  server.RaftServer$Division (RaftServerImpl.java:setRole(329)) - 667d9742-fdde-4102-a217-b966604d27c1@group-0D479DDFBEC2: changes role from  FOLLOWER to CANDIDATE at term 0 for changeToCandidate
2023-05-31 22:57:47,482 [41c98476-2059-4142-8ca0-ae93b0d149f4@group-30D5F45409B1-LeaderElection11] INFO  server.RaftServerConfigKeys (ConfUtils.java:logFallback(53)) - raft.server.rpc.first-election.timeout.min = 5s (fallback to raft.server.rpc.timeout.min)
2023-05-31 22:57:47,483 [41c98476-2059-4142-8ca0-ae93b0d149f4@group-30D5F45409B1-LeaderElection11] INFO  server.RaftServerConfigKeys (ConfUtils.java:logFallback(53)) - raft.server.rpc.first-election.timeout.max = 5200ms (fallback to raft.server.rpc.timeout.max)
2023-05-31 22:57:47,483 [667d9742-fdde-4102-a217-b966604d27c1@group-0D479DDFBEC2-FollowerState] INFO  server.RaftServerConfigKeys (ConfUtils.java:logGet(46)) - raft.server.leaderelection.pre-vote = true (default)
2023-05-31 22:57:47,483 [667d9742-fdde-4102-a217-b966604d27c1@group-0D479DDFBEC2-FollowerState] INFO  impl.RoleInfo (RoleInfo.java:updateAndGet(139)) - 667d9742-fdde-4102-a217-b966604d27c1: start 667d9742-fdde-4102-a217-b966604d27c1@group-0D479DDFBEC2-LeaderElection12
2023-05-31 22:57:47,510 [grpc-default-executor-2] INFO  server.RaftServer$Division (RaftServerImpl.java:requestVote(1302)) - 41c98476-2059-4142-8ca0-ae93b0d149f4@group-FAAF52ABF0C5: receive requestVote(ELECTION, 83cc0f91-5896-42fb-be30-113915710489, group-FAAF52ABF0C5, 1, (t:0, i:0))
2023-05-31 22:57:47,510 [grpc-default-executor-2] INFO  impl.VoteContext (VoteContext.java:log(49)) - 41c98476-2059-4142-8ca0-ae93b0d149f4@group-FAAF52ABF0C5-FOLLOWER: accept ELECTION from 83cc0f91-5896-42fb-be30-113915710489: our priority 0 <= candidate's priority 1
2023-05-31 22:57:47,511 [grpc-default-executor-2] INFO  server.RaftServer$Division (RaftServerImpl.java:setRole(329)) - 41c98476-2059-4142-8ca0-ae93b0d149f4@group-FAAF52ABF0C5: changes role from  FOLLOWER to FOLLOWER at term 1 for candidate:83cc0f91-5896-42fb-be30-113915710489
2023-05-31 22:57:47,511 [grpc-default-executor-2] INFO  impl.RoleInfo (RoleInfo.java:shutdownFollowerState(110)) - 41c98476-2059-4142-8ca0-ae93b0d149f4: shutdown 41c98476-2059-4142-8ca0-ae93b0d149f4@group-FAAF52ABF0C5-FollowerState
2023-05-31 22:57:47,525 [83cc0f91-5896-42fb-be30-113915710489@group-30D5F45409B1-FollowerState] INFO  server.RaftServerConfigKeys (ConfUtils.java:logFallback(53)) - raft.server.rpc.first-election.timeout.min = 5s (fallback to raft.server.rpc.timeout.min)
2023-05-31 22:57:47,525 [grpc-default-executor-2] INFO  impl.RoleInfo (RoleInfo.java:updateAndGet(139)) - 41c98476-2059-4142-8ca0-ae93b0d149f4: start 41c98476-2059-4142-8ca0-ae93b0d149f4@group-FAAF52ABF0C5-FollowerState
2023-05-31 22:57:47,526 [667d9742-fdde-4102-a217-b966604d27c1@group-0D479DDFBEC2-LeaderElection12] INFO  impl.LeaderElection (LeaderElection.java:askForVotes(321)) - 667d9742-fdde-4102-a217-b966604d27c1@group-0D479DDFBEC2-LeaderElection12 PRE_VOTE round 0: submit vote requests at term 0 for -1: peers:[667d9742-fdde-4102-a217-b966604d27c1|rpc:10.1.0.15:15068|admin:10.1.0.15:15067|client:10.1.0.15:15066|dataStream:10.1.0.15:15069|priority:1|startupRole:FOLLOWER]|listeners:[], old=null
2023-05-31 22:57:47,525 [83cc0f91-5896-42fb-be30-113915710489@group-30D5F45409B1-FollowerState] INFO  server.RaftServerConfigKeys (ConfUtils.java:logFallback(53)) - raft.server.rpc.first-election.timeout.max = 5200ms (fallback to raft.server.rpc.timeout.max)
2023-05-31 22:57:47,526 [41c98476-2059-4142-8ca0-ae93b0d149f4@group-FAAF52ABF0C5-FollowerState] INFO  impl.FollowerState (FollowerState.java:run(152)) - 41c98476-2059-4142-8ca0-ae93b0d149f4@group-FAAF52ABF0C5-FollowerState was interrupted
2023-05-31 22:57:47,529 [grpc-default-executor-3] INFO  server.RaftServer$Division (RaftServerImpl.java:requestVote(1302)) - 83cc0f91-5896-42fb-be30-113915710489@group-30D5F45409B1: receive requestVote(ELECTION, 41c98476-2059-4142-8ca0-ae93b0d149f4, group-30D5F45409B1, 1, (t:0, i:0))
2023-05-31 22:57:47,529 [grpc-default-executor-3] INFO  impl.VoteContext (VoteContext.java:log(49)) - 83cc0f91-5896-42fb-be30-113915710489@group-30D5F45409B1-FOLLOWER: accept ELECTION from 41c98476-2059-4142-8ca0-ae93b0d149f4: our priority 0 <= candidate's priority 1
2023-05-31 22:57:47,529 [grpc-default-executor-3] INFO  server.RaftServer$Division (RaftServerImpl.java:setRole(329)) - 83cc0f91-5896-42fb-be30-113915710489@group-30D5F45409B1: changes role from  FOLLOWER to FOLLOWER at term 1 for candidate:41c98476-2059-4142-8ca0-ae93b0d149f4
2023-05-31 22:57:47,530 [grpc-default-executor-3] INFO  impl.RoleInfo (RoleInfo.java:shutdownFollowerState(110)) - 83cc0f91-5896-42fb-be30-113915710489: shutdown 83cc0f91-5896-42fb-be30-113915710489@group-30D5F45409B1-FollowerState
2023-05-31 22:57:47,530 [grpc-default-executor-3] INFO  impl.RoleInfo (RoleInfo.java:updateAndGet(139)) - 83cc0f91-5896-42fb-be30-113915710489: start 83cc0f91-5896-42fb-be30-113915710489@group-30D5F45409B1-FollowerState
2023-05-31 22:57:47,530 [83cc0f91-5896-42fb-be30-113915710489@group-30D5F45409B1-FollowerState] INFO  impl.FollowerState (FollowerState.java:run(152)) - 83cc0f91-5896-42fb-be30-113915710489@group-30D5F45409B1-FollowerState was interrupted
2023-05-31 22:57:47,530 [grpc-default-executor-1] INFO  server.RaftServer$Division (RaftServerImpl.java:requestVote(1302)) - 9d40cccf-8c3a-4da2-ab03-ca5c7975d909@group-30D5F45409B1: receive requestVote(ELECTION, 41c98476-2059-4142-8ca0-ae93b0d149f4, group-30D5F45409B1, 1, (t:0, i:0))
2023-05-31 22:57:47,530 [grpc-default-executor-1] INFO  impl.VoteContext (VoteContext.java:log(49)) - 9d40cccf-8c3a-4da2-ab03-ca5c7975d909@group-30D5F45409B1-FOLLOWER: accept ELECTION from 41c98476-2059-4142-8ca0-ae93b0d149f4: our priority 0 <= candidate's priority 1
2023-05-31 22:57:47,530 [grpc-default-executor-1] INFO  server.RaftServer$Division (RaftServerImpl.java:setRole(329)) - 9d40cccf-8c3a-4da2-ab03-ca5c7975d909@group-30D5F45409B1: changes role from  FOLLOWER to FOLLOWER at term 1 for candidate:41c98476-2059-4142-8ca0-ae93b0d149f4
2023-05-31 22:57:47,530 [grpc-default-executor-1] INFO  impl.RoleInfo (RoleInfo.java:shutdownFollowerState(110)) - 9d40cccf-8c3a-4da2-ab03-ca5c7975d909: shutdown 9d40cccf-8c3a-4da2-ab03-ca5c7975d909@group-30D5F45409B1-FollowerState
2023-05-31 22:57:47,530 [grpc-default-executor-1] INFO  impl.RoleInfo (RoleInfo.java:updateAndGet(139)) - 9d40cccf-8c3a-4da2-ab03-ca5c7975d909: start 9d40cccf-8c3a-4da2-ab03-ca5c7975d909@group-30D5F45409B1-FollowerState
2023-05-31 22:57:47,530 [9d40cccf-8c3a-4da2-ab03-ca5c7975d909@group-30D5F45409B1-FollowerState] INFO  impl.FollowerState (FollowerState.java:run(152)) - 9d40cccf-8c3a-4da2-ab03-ca5c7975d909@group-30D5F45409B1-FollowerState was interrupted
2023-05-31 22:57:47,531 [grpc-default-executor-2] INFO  server.RaftServer$Division (RaftServerImpl.java:requestVote(1335)) - 41c98476-2059-4142-8ca0-ae93b0d149f4@group-FAAF52ABF0C5 replies to ELECTION vote request: 83cc0f91-5896-42fb-be30-113915710489<-41c98476-2059-4142-8ca0-ae93b0d149f4#0:OK-t1. Peer's state: 41c98476-2059-4142-8ca0-ae93b0d149f4@group-FAAF52ABF0C5:t1, leader=null, voted=83cc0f91-5896-42fb-be30-113915710489, raftlog=Memoized:41c98476-2059-4142-8ca0-ae93b0d149f4@group-FAAF52ABF0C5-SegmentedRaftLog:OPENED:c-1, conf=-1: peers:[83cc0f91-5896-42fb-be30-113915710489|rpc:10.1.0.15:15059|admin:10.1.0.15:15058|client:10.1.0.15:15057|dataStream:10.1.0.15:15060|priority:1|startupRole:FOLLOWER, 9d40cccf-8c3a-4da2-ab03-ca5c7975d909|rpc:10.1.0.15:15050|admin:10.1.0.15:15049|client:10.1.0.15:15048|dataStream:10.1.0.15:15051|priority:0|startupRole:FOLLOWER, 41c98476-2059-4142-8ca0-ae93b0d149f4|rpc:10.1.0.15:15041|admin:10.1.0.15:15040|client:10.1.0.15:15039|dataStream:10.1.0.15:15042|priority:0|startupRole:FOLLOWER]|listeners:[], old=null
2023-05-31 22:57:47,536 [grpc-default-executor-1] INFO  server.RaftServer$Division (RaftServerImpl.java:requestVote(1335)) - 9d40cccf-8c3a-4da2-ab03-ca5c7975d909@group-30D5F45409B1 replies to ELECTION vote request: 41c98476-2059-4142-8ca0-ae93b0d149f4<-9d40cccf-8c3a-4da2-ab03-ca5c7975d909#0:OK-t1. Peer's state: 9d40cccf-8c3a-4da2-ab03-ca5c7975d909@group-30D5F45409B1:t1, leader=null, voted=41c98476-2059-4142-8ca0-ae93b0d149f4, raftlog=Memoized:9d40cccf-8c3a-4da2-ab03-ca5c7975d909@group-30D5F45409B1-SegmentedRaftLog:OPENED:c-1, conf=-1: peers:[83cc0f91-5896-42fb-be30-113915710489|rpc:10.1.0.15:15059|admin:10.1.0.15:15058|client:10.1.0.15:15057|dataStream:10.1.0.15:15060|priority:0|startupRole:FOLLOWER, 9d40cccf-8c3a-4da2-ab03-ca5c7975d909|rpc:10.1.0.15:15050|admin:10.1.0.15:15049|client:10.1.0.15:15048|dataStream:10.1.0.15:15051|priority:0|startupRole:FOLLOWER, 41c98476-2059-4142-8ca0-ae93b0d149f4|rpc:10.1.0.15:15041|admin:10.1.0.15:15040|client:10.1.0.15:15039|dataStream:10.1.0.15:15042|priority:1|startupRole:FOLLOWER]|listeners:[], old=null
2023-05-31 22:57:47,535 [grpc-default-executor-4] INFO  server.RaftServer$Division (RaftServerImpl.java:requestVote(1302)) - 9d40cccf-8c3a-4da2-ab03-ca5c7975d909@group-FAAF52ABF0C5: receive requestVote(ELECTION, 83cc0f91-5896-42fb-be30-113915710489, group-FAAF52ABF0C5, 1, (t:0, i:0))
2023-05-31 22:57:47,540 [grpc-default-executor-4] INFO  impl.VoteContext (VoteContext.java:log(49)) - 9d40cccf-8c3a-4da2-ab03-ca5c7975d909@group-FAAF52ABF0C5-FOLLOWER: accept ELECTION from 83cc0f91-5896-42fb-be30-113915710489: our priority 0 <= candidate's priority 1
2023-05-31 22:57:47,540 [grpc-default-executor-4] INFO  server.RaftServer$Division (RaftServerImpl.java:setRole(329)) - 9d40cccf-8c3a-4da2-ab03-ca5c7975d909@group-FAAF52ABF0C5: changes role from  FOLLOWER to FOLLOWER at term 1 for candidate:83cc0f91-5896-42fb-be30-113915710489
2023-05-31 22:57:47,541 [grpc-default-executor-4] INFO  impl.RoleInfo (RoleInfo.java:shutdownFollowerState(110)) - 9d40cccf-8c3a-4da2-ab03-ca5c7975d909: shutdown 9d40cccf-8c3a-4da2-ab03-ca5c7975d909@group-FAAF52ABF0C5-FollowerState
2023-05-31 22:57:47,541 [grpc-default-executor-4] INFO  impl.RoleInfo (RoleInfo.java:updateAndGet(139)) - 9d40cccf-8c3a-4da2-ab03-ca5c7975d909: start 9d40cccf-8c3a-4da2-ab03-ca5c7975d909@group-FAAF52ABF0C5-FollowerState
2023-05-31 22:57:47,541 [667d9742-fdde-4102-a217-b966604d27c1@group-0D479DDFBEC2-LeaderElection12] INFO  impl.LeaderElection (LeaderElection.java:askForVotes(323)) - 667d9742-fdde-4102-a217-b966604d27c1@group-0D479DDFBEC2-LeaderElection12 PRE_VOTE round 0: result PASSED (term=0)
2023-05-31 22:57:47,542 [667d9742-fdde-4102-a217-b966604d27c1@group-07921CB9432D-FollowerState] INFO  impl.FollowerState (FollowerState.java:run(143)) - 667d9742-fdde-4102-a217-b966604d27c1@group-07921CB9432D-FollowerState: change to CANDIDATE, lastRpcElapsedTime:5047935275ns, electionTimeout:5046ms
2023-05-31 22:57:47,534 [grpc-default-executor-3] INFO  server.RaftServer$Division (RaftServerImpl.java:requestVote(1335)) - 83cc0f91-5896-42fb-be30-113915710489@group-30D5F45409B1 replies to ELECTION vote request: 41c98476-2059-4142-8ca0-ae93b0d149f4<-83cc0f91-5896-42fb-be30-113915710489#0:OK-t1. Peer's state: 83cc0f91-5896-42fb-be30-113915710489@group-30D5F45409B1:t1, leader=null, voted=41c98476-2059-4142-8ca0-ae93b0d149f4, raftlog=Memoized:83cc0f91-5896-42fb-be30-113915710489@group-30D5F45409B1-SegmentedRaftLog:OPENED:c-1, conf=-1: peers:[83cc0f91-5896-42fb-be30-113915710489|rpc:10.1.0.15:15059|admin:10.1.0.15:15058|client:10.1.0.15:15057|dataStream:10.1.0.15:15060|priority:0|startupRole:FOLLOWER, 9d40cccf-8c3a-4da2-ab03-ca5c7975d909|rpc:10.1.0.15:15050|admin:10.1.0.15:15049|client:10.1.0.15:15048|dataStream:10.1.0.15:15051|priority:0|startupRole:FOLLOWER, 41c98476-2059-4142-8ca0-ae93b0d149f4|rpc:10.1.0.15:15041|admin:10.1.0.15:15040|client:10.1.0.15:15039|dataStream:10.1.0.15:15042|priority:1|startupRole:FOLLOWER]|listeners:[], old=null
2023-05-31 22:57:47,542 [667d9742-fdde-4102-a217-b966604d27c1@group-07921CB9432D-FollowerState] INFO  impl.RoleInfo (RoleInfo.java:shutdownFollowerState(110)) - 667d9742-fdde-4102-a217-b966604d27c1: shutdown 667d9742-fdde-4102-a217-b966604d27c1@group-07921CB9432D-FollowerState
2023-05-31 22:57:47,542 [667d9742-fdde-4102-a217-b966604d27c1@group-07921CB9432D-FollowerState] INFO  server.RaftServer$Division (RaftServerImpl.java:setRole(329)) - 667d9742-fdde-4102-a217-b966604d27c1@group-07921CB9432D: changes role from  FOLLOWER to CANDIDATE at term 0 for changeToCandidate
2023-05-31 22:57:47,542 [9d40cccf-8c3a-4da2-ab03-ca5c7975d909@group-FAAF52ABF0C5-FollowerState] INFO  impl.FollowerState (FollowerState.java:run(152)) - 9d40cccf-8c3a-4da2-ab03-ca5c7975d909@group-FAAF52ABF0C5-FollowerState was interrupted
2023-05-31 22:57:47,544 [667d9742-fdde-4102-a217-b966604d27c1@group-0D479DDFBEC2-LeaderElection12] INFO  impl.LeaderElection (LeaderElection.java:askForVotes(321)) - 667d9742-fdde-4102-a217-b966604d27c1@group-0D479DDFBEC2-LeaderElection12 ELECTION round 0: submit vote requests at term 1 for -1: peers:[667d9742-fdde-4102-a217-b966604d27c1|rpc:10.1.0.15:15068|admin:10.1.0.15:15067|client:10.1.0.15:15066|dataStream:10.1.0.15:15069|priority:1|startupRole:FOLLOWER]|listeners:[], old=null
2023-05-31 22:57:47,544 [667d9742-fdde-4102-a217-b966604d27c1@group-0D479DDFBEC2-LeaderElection12] INFO  impl.LeaderElection (LeaderElection.java:askForVotes(323)) - 667d9742-fdde-4102-a217-b966604d27c1@group-0D479DDFBEC2-LeaderElection12 ELECTION round 0: result PASSED (term=1)
2023-05-31 22:57:47,544 [667d9742-fdde-4102-a217-b966604d27c1@group-0D479DDFBEC2-LeaderElection12] INFO  impl.RoleInfo (RoleInfo.java:shutdownLeaderElection(130)) - 667d9742-fdde-4102-a217-b966604d27c1: shutdown 667d9742-fdde-4102-a217-b966604d27c1@group-0D479DDFBEC2-LeaderElection12
2023-05-31 22:57:47,544 [667d9742-fdde-4102-a217-b966604d27c1@group-0D479DDFBEC2-LeaderElection12] INFO  server.RaftServer$Division (RaftServerImpl.java:setRole(329)) - 667d9742-fdde-4102-a217-b966604d27c1@group-0D479DDFBEC2: changes role from CANDIDATE to LEADER at term 1 for changeToLeader
2023-05-31 22:57:47,544 [667d9742-fdde-4102-a217-b966604d27c1@group-0D479DDFBEC2-LeaderElection12] INFO  ratis.XceiverServerRatis (XceiverServerRatis.java:handleLeaderChangedNotification(902)) - Leader change notification received for group: group-0D479DDFBEC2 with new leaderId: 667d9742-fdde-4102-a217-b966604d27c1
2023-05-31 22:57:47,546 [667d9742-fdde-4102-a217-b966604d27c1@group-0D479DDFBEC2-LeaderElection12] INFO  server.RaftServer$Division (ServerState.java:setLeader(317)) - 667d9742-fdde-4102-a217-b966604d27c1@group-0D479DDFBEC2: change Leader from null to 667d9742-fdde-4102-a217-b966604d27c1 at term 1 for becomeLeader, leader elected after 5123ms
2023-05-31 22:57:47,546 [667d9742-fdde-4102-a217-b966604d27c1@group-0D479DDFBEC2-LeaderElection12] INFO  server.RaftServerConfigKeys (ConfUtils.java:logGet(46)) - raft.server.staging.catchup.gap = 1000 (default)
2023-05-31 22:57:47,546 [667d9742-fdde-4102-a217-b966604d27c1@group-0D479DDFBEC2-LeaderElection12] INFO  server.RaftServerConfigKeys (ConfUtils.java:logGet(46)) - raft.server.write.element-limit = 1024 (custom)
2023-05-31 22:57:47,546 [667d9742-fdde-4102-a217-b966604d27c1@group-0D479DDFBEC2-LeaderElection12] INFO  server.RaftServerConfigKeys (ConfUtils.java:logGet(46)) - raft.server.write.byte-limit = 1024 M (=1073741824) (custom)
2023-05-31 22:57:47,547 [667d9742-fdde-4102-a217-b966604d27c1@group-0D479DDFBEC2-LeaderElection12] INFO  server.RaftServerConfigKeys (ConfUtils.java:logGet(46)) - raft.server.watch.timeout = 180s (custom)
2023-05-31 22:57:47,547 [667d9742-fdde-4102-a217-b966604d27c1@group-0D479DDFBEC2-LeaderElection12] INFO  server.RaftServerConfigKeys (ConfUtils.java:logGet(46)) - raft.server.watch.timeout.denomination = 1s (default)
2023-05-31 22:57:47,547 [667d9742-fdde-4102-a217-b966604d27c1@group-0D479DDFBEC2-LeaderElection12] INFO  server.RaftServerConfigKeys (ConfUtils.java:logGet(46)) - raft.server.watch.element-limit = 65536 (default)
2023-05-31 22:57:47,547 [667d9742-fdde-4102-a217-b966604d27c1@group-0D479DDFBEC2-LeaderElection12] INFO  server.RaftServerConfigKeys (ConfUtils.java:logGet(46)) - raft.server.write.element-limit = 1024 (custom)
2023-05-31 22:57:47,547 [667d9742-fdde-4102-a217-b966604d27c1@group-0D479DDFBEC2-LeaderElection12] INFO  server.RaftServerConfigKeys (ConfUtils.java:logGet(46)) - raft.server.write.follower.gap.ratio.max = -1.0 (default)
2023-05-31 22:57:47,547 [667d9742-fdde-4102-a217-b966604d27c1@group-0D479DDFBEC2-LeaderElection12] INFO  impl.RoleInfo (RoleInfo.java:updateAndGet(139)) - 667d9742-fdde-4102-a217-b966604d27c1: start 667d9742-fdde-4102-a217-b966604d27c1@group-0D479DDFBEC2-LeaderStateImpl
2023-05-31 22:57:47,548 [667d9742-fdde-4102-a217-b966604d27c1@group-0D479DDFBEC2-LeaderElection12] INFO  segmented.SegmentedRaftLogWorker (SegmentedRaftLogWorker.java:startLogSegment(447)) - 667d9742-fdde-4102-a217-b966604d27c1@group-0D479DDFBEC2-SegmentedRaftLogWorker: Starting segment from index:0
2023-05-31 22:57:47,557 [667d9742-fdde-4102-a217-b966604d27c1@group-0D479DDFBEC2-LeaderElection12] INFO  server.RaftServer$Division (ServerState.java:setRaftConf(434)) - 667d9742-fdde-4102-a217-b966604d27c1@group-0D479DDFBEC2: set configuration 0: peers:[667d9742-fdde-4102-a217-b966604d27c1|rpc:10.1.0.15:15068|admin:10.1.0.15:15067|client:10.1.0.15:15066|dataStream:10.1.0.15:15069|priority:1|startupRole:FOLLOWER]|listeners:[], old=null
2023-05-31 22:57:47,557 [667d9742-fdde-4102-a217-b966604d27c1@group-07921CB9432D-FollowerState] INFO  server.RaftServerConfigKeys (ConfUtils.java:logGet(46)) - raft.server.leaderelection.pre-vote = true (default)
2023-05-31 22:57:47,557 [667d9742-fdde-4102-a217-b966604d27c1@group-07921CB9432D-FollowerState] INFO  impl.RoleInfo (RoleInfo.java:updateAndGet(139)) - 667d9742-fdde-4102-a217-b966604d27c1: start 667d9742-fdde-4102-a217-b966604d27c1@group-07921CB9432D-LeaderElection13
2023-05-31 22:57:47,557 [83cc0f91-5896-42fb-be30-113915710489@group-FAAF52ABF0C5-LeaderElection10] INFO  impl.LeaderElection (LeaderElection.java:logAndReturn(90)) - 83cc0f91-5896-42fb-be30-113915710489@group-FAAF52ABF0C5-LeaderElection10: ELECTION PASSED received 1 response(s) and 0 exception(s):
2023-05-31 22:57:47,557 [83cc0f91-5896-42fb-be30-113915710489@group-FAAF52ABF0C5-LeaderElection10] INFO  impl.LeaderElection (LeaderElection.java:logAndReturn(94)) -   Response 0: 83cc0f91-5896-42fb-be30-113915710489<-41c98476-2059-4142-8ca0-ae93b0d149f4#0:OK-t1
2023-05-31 22:57:47,563 [d17261cb-7782-4d5f-ae0d-593ca4af9c73@group-07921CB9432D-FollowerState] INFO  impl.FollowerState (FollowerState.java:run(143)) - d17261cb-7782-4d5f-ae0d-593ca4af9c73@group-07921CB9432D-FollowerState: change to CANDIDATE, lastRpcElapsedTime:5019060996ns, electionTimeout:5008ms
2023-05-31 22:57:47,564 [d17261cb-7782-4d5f-ae0d-593ca4af9c73@group-07921CB9432D-FollowerState] INFO  impl.RoleInfo (RoleInfo.java:shutdownFollowerState(110)) - d17261cb-7782-4d5f-ae0d-593ca4af9c73: shutdown d17261cb-7782-4d5f-ae0d-593ca4af9c73@group-07921CB9432D-FollowerState
2023-05-31 22:57:47,564 [d17261cb-7782-4d5f-ae0d-593ca4af9c73@group-07921CB9432D-FollowerState] INFO  server.RaftServer$Division (RaftServerImpl.java:setRole(329)) - d17261cb-7782-4d5f-ae0d-593ca4af9c73@group-07921CB9432D: changes role from  FOLLOWER to CANDIDATE at term 0 for changeToCandidate
2023-05-31 22:57:47,564 [d17261cb-7782-4d5f-ae0d-593ca4af9c73@group-07921CB9432D-FollowerState] INFO  server.RaftServerConfigKeys (ConfUtils.java:logGet(46)) - raft.server.leaderelection.pre-vote = true (default)
2023-05-31 22:57:47,564 [d17261cb-7782-4d5f-ae0d-593ca4af9c73@group-07921CB9432D-FollowerState] INFO  impl.RoleInfo (RoleInfo.java:updateAndGet(139)) - d17261cb-7782-4d5f-ae0d-593ca4af9c73: start d17261cb-7782-4d5f-ae0d-593ca4af9c73@group-07921CB9432D-LeaderElection14
2023-05-31 22:57:47,571 [d17261cb-7782-4d5f-ae0d-593ca4af9c73@group-07921CB9432D-LeaderElection14] INFO  impl.LeaderElection (LeaderElection.java:askForVotes(321)) - d17261cb-7782-4d5f-ae0d-593ca4af9c73@group-07921CB9432D-LeaderElection14 PRE_VOTE round 0: submit vote requests at term 0 for -1: peers:[7c39489c-1c03-44c3-8ed9-36ad43776b05|rpc:10.1.0.15:15086|admin:10.1.0.15:15085|client:10.1.0.15:15084|dataStream:10.1.0.15:15087|priority:1|startupRole:FOLLOWER, 667d9742-fdde-4102-a217-b966604d27c1|rpc:10.1.0.15:15068|admin:10.1.0.15:15067|client:10.1.0.15:15066|dataStream:10.1.0.15:15069|priority:0|startupRole:FOLLOWER, d17261cb-7782-4d5f-ae0d-593ca4af9c73|rpc:10.1.0.15:15077|admin:10.1.0.15:15076|client:10.1.0.15:15075|dataStream:10.1.0.15:15078|priority:0|startupRole:FOLLOWER]|listeners:[], old=null
2023-05-31 22:57:47,572 [667d9742-fdde-4102-a217-b966604d27c1@group-0D479DDFBEC2-SegmentedRaftLogWorker] INFO  segmented.SegmentedRaftLogWorker (SegmentedRaftLogWorker.java:execute(651)) - 667d9742-fdde-4102-a217-b966604d27c1@group-0D479DDFBEC2-SegmentedRaftLogWorker: created new log segment /home/runner/work/ozone/ozone/hadoop-ozone/integration-test/target/test-dir/MiniOzoneClusterImpl-816a41a7-5c89-4e8c-81ba-db0c8b26fb2d/datanode-6/data/ratis/b9e2a35e-cb23-4c90-b16d-0d479ddfbec2/current/log_inprogress_0
2023-05-31 22:57:47,572 [grpc-default-executor-4] INFO  server.RaftServer$Division (RaftServerImpl.java:requestVote(1335)) - 9d40cccf-8c3a-4da2-ab03-ca5c7975d909@group-FAAF52ABF0C5 replies to ELECTION vote request: 83cc0f91-5896-42fb-be30-113915710489<-9d40cccf-8c3a-4da2-ab03-ca5c7975d909#0:OK-t1. Peer's state: 9d40cccf-8c3a-4da2-ab03-ca5c7975d909@group-FAAF52ABF0C5:t1, leader=null, voted=83cc0f91-5896-42fb-be30-113915710489, raftlog=Memoized:9d40cccf-8c3a-4da2-ab03-ca5c7975d909@group-FAAF52ABF0C5-SegmentedRaftLog:OPENED:c-1, conf=-1: peers:[83cc0f91-5896-42fb-be30-113915710489|rpc:10.1.0.15:15059|admin:10.1.0.15:15058|client:10.1.0.15:15057|dataStream:10.1.0.15:15060|priority:1|startupRole:FOLLOWER, 9d40cccf-8c3a-4da2-ab03-ca5c7975d909|rpc:10.1.0.15:15050|admin:10.1.0.15:15049|client:10.1.0.15:15048|dataStream:10.1.0.15:15051|priority:0|startupRole:FOLLOWER, 41c98476-2059-4142-8ca0-ae93b0d149f4|rpc:10.1.0.15:15041|admin:10.1.0.15:15040|client:10.1.0.15:15039|dataStream:10.1.0.15:15042|priority:0|startupRole:FOLLOWER]|listeners:[], old=null
2023-05-31 22:57:47,577 [41c98476-2059-4142-8ca0-ae93b0d149f4@group-30D5F45409B1-LeaderElection11] INFO  impl.LeaderElection (LeaderElection.java:logAndReturn(90)) - 41c98476-2059-4142-8ca0-ae93b0d149f4@group-30D5F45409B1-LeaderElection11: ELECTION PASSED received 1 response(s) and 0 exception(s):
2023-05-31 22:57:47,577 [41c98476-2059-4142-8ca0-ae93b0d149f4@group-30D5F45409B1-LeaderElection11] INFO  impl.LeaderElection (LeaderElection.java:logAndReturn(94)) -   Response 0: 41c98476-2059-4142-8ca0-ae93b0d149f4<-9d40cccf-8c3a-4da2-ab03-ca5c7975d909#0:OK-t1
2023-05-31 22:57:47,577 [41c98476-2059-4142-8ca0-ae93b0d149f4@group-30D5F45409B1-LeaderElection11] INFO  impl.LeaderElection (LeaderElection.java:askForVotes(323)) - 41c98476-2059-4142-8ca0-ae93b0d149f4@group-30D5F45409B1-LeaderElection11 ELECTION round 0: result PASSED
2023-05-31 22:57:47,577 [41c98476-2059-4142-8ca0-ae93b0d149f4@group-30D5F45409B1-LeaderElection11] INFO  impl.RoleInfo (RoleInfo.java:shutdownLeaderElection(130)) - 41c98476-2059-4142-8ca0-ae93b0d149f4: shutdown 41c98476-2059-4142-8ca0-ae93b0d149f4@group-30D5F45409B1-LeaderElection11
2023-05-31 22:57:47,577 [41c98476-2059-4142-8ca0-ae93b0d149f4@group-30D5F45409B1-LeaderElection11] INFO  server.RaftServer$Division (RaftServerImpl.java:setRole(329)) - 41c98476-2059-4142-8ca0-ae93b0d149f4@group-30D5F45409B1: changes role from CANDIDATE to LEADER at term 1 for changeToLeader
2023-05-31 22:57:47,577 [41c98476-2059-4142-8ca0-ae93b0d149f4@group-30D5F45409B1-LeaderElection11] INFO  ratis.XceiverServerRatis (XceiverServerRatis.java:handleLeaderChangedNotification(902)) - Leader change notification received for group: group-30D5F45409B1 with new leaderId: 41c98476-2059-4142-8ca0-ae93b0d149f4
2023-05-31 22:57:47,577 [41c98476-2059-4142-8ca0-ae93b0d149f4@group-30D5F45409B1-LeaderElection11] INFO  server.RaftServer$Division (ServerState.java:setLeader(317)) - 41c98476-2059-4142-8ca0-ae93b0d149f4@group-30D5F45409B1: change Leader from null to 41c98476-2059-4142-8ca0-ae93b0d149f4 at term 1 for becomeLeader, leader elected after 5430ms
2023-05-31 22:57:47,577 [41c98476-2059-4142-8ca0-ae93b0d149f4@group-30D5F45409B1-LeaderElection11] INFO  server.RaftServerConfigKeys (ConfUtils.java:logGet(46)) - raft.server.staging.catchup.gap = 1000 (default)
2023-05-31 22:57:47,578 [41c98476-2059-4142-8ca0-ae93b0d149f4@group-30D5F45409B1-LeaderElection11] INFO  server.RaftServerConfigKeys (ConfUtils.java:logGet(46)) - raft.server.write.element-limit = 1024 (custom)
2023-05-31 22:57:47,578 [41c98476-2059-4142-8ca0-ae93b0d149f4@group-30D5F45409B1-LeaderElection11] INFO  server.RaftServerConfigKeys (ConfUtils.java:logGet(46)) - raft.server.write.byte-limit = 1024 M (=1073741824) (custom)
2023-05-31 22:57:47,578 [41c98476-2059-4142-8ca0-ae93b0d149f4@group-30D5F45409B1-LeaderElection11] INFO  server.RaftServerConfigKeys (ConfUtils.java:logGet(46)) - raft.server.watch.timeout = 180s (custom)
2023-05-31 22:57:47,578 [41c98476-2059-4142-8ca0-ae93b0d149f4@group-30D5F45409B1-LeaderElection11] INFO  server.RaftServerConfigKeys (ConfUtils.java:logGet(46)) - raft.server.watch.timeout.denomination = 1s (default)
2023-05-31 22:57:47,578 [41c98476-2059-4142-8ca0-ae93b0d149f4@group-30D5F45409B1-LeaderElection11] INFO  server.RaftServerConfigKeys (ConfUtils.java:logGet(46)) - raft.server.watch.element-limit = 65536 (default)
2023-05-31 22:57:47,578 [41c98476-2059-4142-8ca0-ae93b0d149f4@group-30D5F45409B1-LeaderElection11] INFO  server.RaftServerConfigKeys (ConfUtils.java:logGet(46)) - raft.server.write.element-limit = 1024 (custom)
2023-05-31 22:57:47,578 [41c98476-2059-4142-8ca0-ae93b0d149f4@group-30D5F45409B1-LeaderElection11] INFO  server.RaftServerConfigKeys (ConfUtils.java:logGet(46)) - raft.server.write.follower.gap.ratio.max = -1.0 (default)
2023-05-31 22:57:47,579 [d17261cb-7782-4d5f-ae0d-593ca4af9c73@group-07921CB9432D-LeaderElection14-1] INFO  server.GrpcServerProtocolClient (GrpcServerProtocolClient.java:<init>(65)) - Build channel for 7c39489c-1c03-44c3-8ed9-36ad43776b05
2023-05-31 22:57:47,579 [41c98476-2059-4142-8ca0-ae93b0d149f4@group-30D5F45409B1-LeaderElection11] INFO  server.RaftServerConfigKeys (ConfUtils.java:logGet(46)) - raft.server.log.appender.snapshot.chunk.size.max = 16MB (=16777216) (default)
2023-05-31 22:57:47,579 [41c98476-2059-4142-8ca0-ae93b0d149f4@group-30D5F45409B1-LeaderElection11] INFO  server.RaftServerConfigKeys (ConfUtils.java:logGet(46)) - raft.server.log.appender.buffer.byte-limit = 33554432 (custom)
2023-05-31 22:57:47,579 [41c98476-2059-4142-8ca0-ae93b0d149f4@group-30D5F45409B1-LeaderElection11] INFO  server.RaftServerConfigKeys (ConfUtils.java:logGet(46)) - raft.server.log.appender.buffer.element-limit = 1 (custom)
2023-05-31 22:57:47,581 [EventQueue-PipelineReportForPipelineReportHandler] INFO  pipeline.PipelineManagerImpl (PipelineManagerImpl.java:openPipeline(367)) - Pipeline Pipeline[ Id: e40c1d1a-3ce1-4f77-8ea6-30d5f45409b1, Nodes: 9d40cccf-8c3a-4da2-ab03-ca5c7975d909(fv-az844-56.kvdfyhrxhd0epk3sa4trub4njc.xx.internal.cloudapp.net/10.1.0.15)41c98476-2059-4142-8ca0-ae93b0d149f4(fv-az844-56.kvdfyhrxhd0epk3sa4trub4njc.xx.internal.cloudapp.net/10.1.0.15)83cc0f91-5896-42fb-be30-113915710489(fv-az844-56.kvdfyhrxhd0epk3sa4trub4njc.xx.internal.cloudapp.net/10.1.0.15), ReplicationConfig: RATIS/THREE, State:ALLOCATED, leaderId:41c98476-2059-4142-8ca0-ae93b0d149f4, CreationTimestamp2023-05-31T22:57:38.944Z[Etc/UTC]] moved to OPEN state
2023-05-31 22:57:47,595 [d17261cb-7782-4d5f-ae0d-593ca4af9c73@group-07921CB9432D-LeaderElection14] INFO  server.RaftServerConfigKeys (ConfUtils.java:logFallback(53)) - raft.server.rpc.first-election.timeout.min = 5s (fallback to raft.server.rpc.timeout.min)
2023-05-31 22:57:47,595 [d17261cb-7782-4d5f-ae0d-593ca4af9c73@group-07921CB9432D-LeaderElection14] INFO  server.RaftServerConfigKeys (ConfUtils.java:logFallback(53)) - raft.server.rpc.first-election.timeout.max = 5200ms (fallback to raft.server.rpc.timeout.max)
2023-05-31 22:57:47,595 [41c98476-2059-4142-8ca0-ae93b0d149f4@group-30D5F45409B1-LeaderElection11] INFO  server.RaftServerConfigKeys (ConfUtils.java:logGet(46)) - raft.server.log.appender.wait-time.min = 10ms (default)
2023-05-31 22:57:47,596 [41c98476-2059-4142-8ca0-ae93b0d149f4@group-30D5F45409B1-LeaderElection11] INFO  grpc.GrpcConfigKeys (ConfUtils.java:logGet(46)) - raft.grpc.server.leader.outstanding.appends.max = 128 (default)
2023-05-31 22:57:47,598 [41c98476-2059-4142-8ca0-ae93b0d149f4@group-30D5F45409B1-LeaderElection11] INFO  server.RaftServerConfigKeys (ConfUtils.java:logGet(46)) - raft.server.rpc.request.timeout = 60s (custom)
2023-05-31 22:57:47,598 [41c98476-2059-4142-8ca0-ae93b0d149f4@group-30D5F45409B1-LeaderElection11] INFO  grpc.GrpcConfigKeys (ConfUtils.java:logGet(46)) - raft.grpc.server.install_snapshot.request.element-limit = 8 (default)
2023-05-31 22:57:47,598 [41c98476-2059-4142-8ca0-ae93b0d149f4@group-30D5F45409B1-LeaderElection11] INFO  grpc.GrpcConfigKeys (ConfUtils.java:logGet(46)) - raft.grpc.server.install_snapshot.request.timeout = 3000ms (default)
2023-05-31 22:57:47,598 [41c98476-2059-4142-8ca0-ae93b0d149f4@group-30D5F45409B1-LeaderElection11] INFO  server.RaftServerConfigKeys (ConfUtils.java:logGet(46)) - raft.server.log.appender.install.snapshot.enabled = false (custom)
2023-05-31 22:57:47,598 [41c98476-2059-4142-8ca0-ae93b0d149f4@group-30D5F45409B1-LeaderElection11] INFO  grpc.GrpcConfigKeys (ConfUtils.java:logGet(46)) - raft.grpc.server.heartbeat.channel = true (default)
2023-05-31 22:57:47,599 [83cc0f91-5896-42fb-be30-113915710489@group-FAAF52ABF0C5-LeaderElection10] INFO  impl.LeaderElection (LeaderElection.java:askForVotes(323)) - 83cc0f91-5896-42fb-be30-113915710489@group-FAAF52ABF0C5-LeaderElection10 ELECTION round 0: result PASSED
2023-05-31 22:57:47,599 [83cc0f91-5896-42fb-be30-113915710489@group-FAAF52ABF0C5-LeaderElection10] INFO  impl.RoleInfo (RoleInfo.java:shutdownLeaderElection(130)) - 83cc0f91-5896-42fb-be30-113915710489: shutdown 83cc0f91-5896-42fb-be30-113915710489@group-FAAF52ABF0C5-LeaderElection10
2023-05-31 22:57:47,599 [83cc0f91-5896-42fb-be30-113915710489@group-FAAF52ABF0C5-LeaderElection10] INFO  server.RaftServer$Division (RaftServerImpl.java:setRole(329)) - 83cc0f91-5896-42fb-be30-113915710489@group-FAAF52ABF0C5: changes role from CANDIDATE to LEADER at term 1 for changeToLeader
2023-05-31 22:57:47,599 [83cc0f91-5896-42fb-be30-113915710489@group-FAAF52ABF0C5-LeaderElection10] INFO  ratis.XceiverServerRatis (XceiverServerRatis.java:handleLeaderChangedNotification(902)) - Leader change notification received for group: group-FAAF52ABF0C5 with new leaderId: 83cc0f91-5896-42fb-be30-113915710489
2023-05-31 22:57:47,599 [83cc0f91-5896-42fb-be30-113915710489@group-FAAF52ABF0C5-LeaderElection10] INFO  server.RaftServer$Division (ServerState.java:setLeader(317)) - 83cc0f91-5896-42fb-be30-113915710489@group-FAAF52ABF0C5: change Leader from null to 83cc0f91-5896-42fb-be30-113915710489 at term 1 for becomeLeader, leader elected after 5514ms
2023-05-31 22:57:47,599 [83cc0f91-5896-42fb-be30-113915710489@group-FAAF52ABF0C5-LeaderElection10] INFO  server.RaftServerConfigKeys (ConfUtils.java:logGet(46)) - raft.server.staging.catchup.gap = 1000 (default)
2023-05-31 22:57:47,599 [83cc0f91-5896-42fb-be30-113915710489@group-FAAF52ABF0C5-LeaderElection10] INFO  server.RaftServerConfigKeys (ConfUtils.java:logGet(46)) - raft.server.write.element-limit = 1024 (custom)
2023-05-31 22:57:47,600 [83cc0f91-5896-42fb-be30-113915710489@group-FAAF52ABF0C5-LeaderElection10] INFO  server.RaftServerConfigKeys (ConfUtils.java:logGet(46)) - raft.server.write.byte-limit = 1024 M (=1073741824) (custom)
2023-05-31 22:57:47,603 [d17261cb-7782-4d5f-ae0d-593ca4af9c73@group-07921CB9432D-LeaderElection14-2] INFO  server.GrpcServerProtocolClient (GrpcServerProtocolClient.java:<init>(65)) - Build channel for 667d9742-fdde-4102-a217-b966604d27c1
2023-05-31 22:57:47,605 [EventQueue-PipelineReportForPipelineReportHandler] INFO  pipeline.PipelineManagerImpl (PipelineManagerImpl.java:openPipeline(367)) - Pipeline Pipeline[ Id: f8f340ea-534e-4abd-be4c-faaf52abf0c5, Nodes: 9d40cccf-8c3a-4da2-ab03-ca5c7975d909(fv-az844-56.kvdfyhrxhd0epk3sa4trub4njc.xx.internal.cloudapp.net/10.1.0.15)83cc0f91-5896-42fb-be30-113915710489(fv-az844-56.kvdfyhrxhd0epk3sa4trub4njc.xx.internal.cloudapp.net/10.1.0.15)41c98476-2059-4142-8ca0-ae93b0d149f4(fv-az844-56.kvdfyhrxhd0epk3sa4trub4njc.xx.internal.cloudapp.net/10.1.0.15), ReplicationConfig: RATIS/THREE, State:ALLOCATED, leaderId:83cc0f91-5896-42fb-be30-113915710489, CreationTimestamp2023-05-31T22:57:38.933Z[Etc/UTC]] moved to OPEN state
2023-05-31 22:57:47,611 [667d9742-fdde-4102-a217-b966604d27c1@group-07921CB9432D-LeaderElection13] INFO  impl.LeaderElection (LeaderElection.java:askForVotes(321)) - 667d9742-fdde-4102-a217-b966604d27c1@group-07921CB9432D-LeaderElection13 PRE_VOTE round 0: submit vote requests at term 0 for -1: peers:[7c39489c-1c03-44c3-8ed9-36ad43776b05|rpc:10.1.0.15:15086|admin:10.1.0.15:15085|client:10.1.0.15:15084|dataStream:10.1.0.15:15087|priority:1|startupRole:FOLLOWER, 667d9742-fdde-4102-a217-b966604d27c1|rpc:10.1.0.15:15068|admin:10.1.0.15:15067|client:10.1.0.15:15066|dataStream:10.1.0.15:15069|priority:0|startupRole:FOLLOWER, d17261cb-7782-4d5f-ae0d-593ca4af9c73|rpc:10.1.0.15:15077|admin:10.1.0.15:15076|client:10.1.0.15:15075|dataStream:10.1.0.15:15078|priority:0|startupRole:FOLLOWER]|listeners:[], old=null
2023-05-31 22:57:47,622 [667d9742-fdde-4102-a217-b966604d27c1@group-07921CB9432D-LeaderElection13-1] INFO  server.GrpcServerProtocolClient (GrpcServerProtocolClient.java:<init>(65)) - Build channel for 7c39489c-1c03-44c3-8ed9-36ad43776b05
2023-05-31 22:57:47,626 [667d9742-fdde-4102-a217-b966604d27c1@group-07921CB9432D-LeaderElection13] INFO  server.RaftServerConfigKeys (ConfUtils.java:logFallback(53)) - raft.server.rpc.first-election.timeout.min = 5s (fallback to raft.server.rpc.timeout.min)
2023-05-31 22:57:47,626 [667d9742-fdde-4102-a217-b966604d27c1@group-07921CB9432D-LeaderElection13] INFO  server.RaftServerConfigKeys (ConfUtils.java:logFallback(53)) - raft.server.rpc.first-election.timeout.max = 5200ms (fallback to raft.server.rpc.timeout.max)
2023-05-31 22:57:47,626 [667d9742-fdde-4102-a217-b966604d27c1@group-07921CB9432D-LeaderElection13-2] INFO  server.GrpcServerProtocolClient (GrpcServerProtocolClient.java:<init>(65)) - Build channel for d17261cb-7782-4d5f-ae0d-593ca4af9c73
2023-05-31 22:57:47,631 [83cc0f91-5896-42fb-be30-113915710489@group-FAAF52ABF0C5-LeaderElection10] INFO  server.RaftServerConfigKeys (ConfUtils.java:logGet(46)) - raft.server.watch.timeout = 180s (custom)
2023-05-31 22:57:47,631 [83cc0f91-5896-42fb-be30-113915710489@group-FAAF52ABF0C5-LeaderElection10] INFO  server.RaftServerConfigKeys (ConfUtils.java:logGet(46)) - raft.server.watch.timeout.denomination = 1s (default)
2023-05-31 22:57:47,631 [83cc0f91-5896-42fb-be30-113915710489@group-FAAF52ABF0C5-LeaderElection10] INFO  server.RaftServerConfigKeys (ConfUtils.java:logGet(46)) - raft.server.watch.element-limit = 65536 (default)
2023-05-31 22:57:47,631 [83cc0f91-5896-42fb-be30-113915710489@group-FAAF52ABF0C5-LeaderElection10] INFO  server.RaftServerConfigKeys (ConfUtils.java:logGet(46)) - raft.server.write.element-limit = 1024 (custom)
2023-05-31 22:57:47,632 [83cc0f91-5896-42fb-be30-113915710489@group-FAAF52ABF0C5-LeaderElection10] INFO  server.RaftServerConfigKeys (ConfUtils.java:logGet(46)) - raft.server.write.follower.gap.ratio.max = -1.0 (default)
2023-05-31 22:57:47,636 [41c98476-2059-4142-8ca0-ae93b0d149f4@group-30D5F45409B1-LeaderElection11] INFO  server.RaftServerConfigKeys (ConfUtils.java:logGet(46)) - raft.server.log.appender.snapshot.chunk.size.max = 16MB (=16777216) (default)
2023-05-31 22:57:47,636 [41c98476-2059-4142-8ca0-ae93b0d149f4@group-30D5F45409B1-LeaderElection11] INFO  server.RaftServerConfigKeys (ConfUtils.java:logGet(46)) - raft.server.log.appender.buffer.byte-limit = 33554432 (custom)
2023-05-31 22:57:47,636 [41c98476-2059-4142-8ca0-ae93b0d149f4@group-30D5F45409B1-LeaderElection11] INFO  server.RaftServerConfigKeys (ConfUtils.java:logGet(46)) - raft.server.log.appender.buffer.element-limit = 1 (custom)
2023-05-31 22:57:47,636 [41c98476-2059-4142-8ca0-ae93b0d149f4@group-30D5F45409B1-LeaderElection11] INFO  server.RaftServerConfigKeys (ConfUtils.java:logGet(46)) - raft.server.log.appender.wait-time.min = 10ms (default)
2023-05-31 22:57:47,636 [41c98476-2059-4142-8ca0-ae93b0d149f4@group-30D5F45409B1-LeaderElection11] INFO  grpc.GrpcConfigKeys (ConfUtils.java:logGet(46)) - raft.grpc.server.leader.outstanding.appends.max = 128 (default)
2023-05-31 22:57:47,636 [41c98476-2059-4142-8ca0-ae93b0d149f4@group-30D5F45409B1-LeaderElection11] INFO  server.RaftServerConfigKeys (ConfUtils.java:logGet(46)) - raft.server.rpc.request.timeout = 60s (custom)
2023-05-31 22:57:47,636 [41c98476-2059-4142-8ca0-ae93b0d149f4@group-30D5F45409B1-LeaderElection11] INFO  grpc.GrpcConfigKeys (ConfUtils.java:logGet(46)) - raft.grpc.server.install_snapshot.request.element-limit = 8 (default)
2023-05-31 22:57:47,636 [41c98476-2059-4142-8ca0-ae93b0d149f4@group-30D5F45409B1-LeaderElection11] INFO  grpc.GrpcConfigKeys (ConfUtils.java:logGet(46)) - raft.grpc.server.install_snapshot.request.timeout = 3000ms (default)
2023-05-31 22:57:47,637 [41c98476-2059-4142-8ca0-ae93b0d149f4@group-30D5F45409B1-LeaderElection11] INFO  server.RaftServerConfigKeys (ConfUtils.java:logGet(46)) - raft.server.log.appender.install.snapshot.enabled = false (custom)
2023-05-31 22:57:47,637 [41c98476-2059-4142-8ca0-ae93b0d149f4@group-30D5F45409B1-LeaderElection11] INFO  grpc.GrpcConfigKeys (ConfUtils.java:logGet(46)) - raft.grpc.server.heartbeat.channel = true (default)
2023-05-31 22:57:47,637 [41c98476-2059-4142-8ca0-ae93b0d149f4@group-30D5F45409B1-LeaderElection11] INFO  impl.RoleInfo (RoleInfo.java:updateAndGet(139)) - 41c98476-2059-4142-8ca0-ae93b0d149f4: start 41c98476-2059-4142-8ca0-ae93b0d149f4@group-30D5F45409B1-LeaderStateImpl
2023-05-31 22:57:47,639 [83cc0f91-5896-42fb-be30-113915710489@group-FAAF52ABF0C5-LeaderElection10] INFO  server.RaftServerConfigKeys (ConfUtils.java:logGet(46)) - raft.server.log.appender.snapshot.chunk.size.max = 16MB (=16777216) (default)
2023-05-31 22:57:47,639 [83cc0f91-5896-42fb-be30-113915710489@group-FAAF52ABF0C5-LeaderElection10] INFO  server.RaftServerConfigKeys (ConfUtils.java:logGet(46)) - raft.server.log.appender.buffer.byte-limit = 33554432 (custom)
2023-05-31 22:57:47,639 [83cc0f91-5896-42fb-be30-113915710489@group-FAAF52ABF0C5-LeaderElection10] INFO  server.RaftServerConfigKeys (ConfUtils.java:logGet(46)) - raft.server.log.appender.buffer.element-limit = 1 (custom)
2023-05-31 22:57:47,639 [83cc0f91-5896-42fb-be30-113915710489@group-FAAF52ABF0C5-LeaderElection10] INFO  server.RaftServerConfigKeys (ConfUtils.java:logGet(46)) - raft.server.log.appender.wait-time.min = 10ms (default)
2023-05-31 22:57:47,639 [83cc0f91-5896-42fb-be30-113915710489@group-FAAF52ABF0C5-LeaderElection10] INFO  grpc.GrpcConfigKeys (ConfUtils.java:logGet(46)) - raft.grpc.server.leader.outstanding.appends.max = 128 (default)
2023-05-31 22:57:47,639 [83cc0f91-5896-42fb-be30-113915710489@group-FAAF52ABF0C5-LeaderElection10] INFO  server.RaftServerConfigKeys (ConfUtils.java:logGet(46)) - raft.server.rpc.request.timeout = 60s (custom)
2023-05-31 22:57:47,640 [83cc0f91-5896-42fb-be30-113915710489@group-FAAF52ABF0C5-LeaderElection10] INFO  grpc.GrpcConfigKeys (ConfUtils.java:logGet(46)) - raft.grpc.server.install_snapshot.request.element-limit = 8 (default)
2023-05-31 22:57:47,640 [83cc0f91-5896-42fb-be30-113915710489@group-FAAF52ABF0C5-LeaderElection10] INFO  grpc.GrpcConfigKeys (ConfUtils.java:logGet(46)) - raft.grpc.server.install_snapshot.request.timeout = 3000ms (default)
2023-05-31 22:57:47,640 [83cc0f91-5896-42fb-be30-113915710489@group-FAAF52ABF0C5-LeaderElection10] INFO  server.RaftServerConfigKeys (ConfUtils.java:logGet(46)) - raft.server.log.appender.install.snapshot.enabled = false (custom)
2023-05-31 22:57:47,640 [83cc0f91-5896-42fb-be30-113915710489@group-FAAF52ABF0C5-LeaderElection10] INFO  grpc.GrpcConfigKeys (ConfUtils.java:logGet(46)) - raft.grpc.server.heartbeat.channel = true (default)
2023-05-31 22:57:47,640 [41c98476-2059-4142-8ca0-ae93b0d149f4@group-30D5F45409B1-LeaderElection11] INFO  segmented.SegmentedRaftLogWorker (SegmentedRaftLogWorker.java:startLogSegment(447)) - 41c98476-2059-4142-8ca0-ae93b0d149f4@group-30D5F45409B1-SegmentedRaftLogWorker: Starting segment from index:0
2023-05-31 22:57:47,642 [83cc0f91-5896-42fb-be30-113915710489@group-FAAF52ABF0C5-LeaderElection10] INFO  server.RaftServerConfigKeys (ConfUtils.java:logGet(46)) - raft.server.log.appender.snapshot.chunk.size.max = 16MB (=16777216) (default)
2023-05-31 22:57:47,643 [83cc0f91-5896-42fb-be30-113915710489@group-FAAF52ABF0C5-LeaderElection10] INFO  server.RaftServerConfigKeys (ConfUtils.java:logGet(46)) - raft.server.log.appender.buffer.byte-limit = 33554432 (custom)
2023-05-31 22:57:47,643 [83cc0f91-5896-42fb-be30-113915710489@group-FAAF52ABF0C5-LeaderElection10] INFO  server.RaftServerConfigKeys (ConfUtils.java:logGet(46)) - raft.server.log.appender.buffer.element-limit = 1 (custom)
2023-05-31 22:57:47,643 [41c98476-2059-4142-8ca0-ae93b0d149f4@group-30D5F45409B1-SegmentedRaftLogWorker] INFO  segmented.SegmentedRaftLogWorker (SegmentedRaftLogWorker.java:execute(651)) - 41c98476-2059-4142-8ca0-ae93b0d149f4@group-30D5F45409B1-SegmentedRaftLogWorker: created new log segment /home/runner/work/ozone/ozone/hadoop-ozone/integration-test/target/test-dir/MiniOzoneClusterImpl-816a41a7-5c89-4e8c-81ba-db0c8b26fb2d/datanode-3/data/ratis/e40c1d1a-3ce1-4f77-8ea6-30d5f45409b1/current/log_inprogress_0
2023-05-31 22:57:47,654 [83cc0f91-5896-42fb-be30-113915710489@group-FAAF52ABF0C5-LeaderElection10] INFO  server.RaftServerConfigKeys (ConfUtils.java:logGet(46)) - raft.server.log.appender.wait-time.min = 10ms (default)
2023-05-31 22:57:47,654 [83cc0f91-5896-42fb-be30-113915710489@group-FAAF52ABF0C5-LeaderElection10] INFO  grpc.GrpcConfigKeys (ConfUtils.java:logGet(46)) - raft.grpc.server.leader.outstanding.appends.max = 128 (default)
2023-05-31 22:57:47,654 [83cc0f91-5896-42fb-be30-113915710489@group-FAAF52ABF0C5-LeaderElection10] INFO  server.RaftServerConfigKeys (ConfUtils.java:logGet(46)) - raft.server.rpc.request.timeout = 60s (custom)
2023-05-31 22:57:47,654 [83cc0f91-5896-42fb-be30-113915710489@group-FAAF52ABF0C5-LeaderElection10] INFO  grpc.GrpcConfigKeys (ConfUtils.java:logGet(46)) - raft.grpc.server.install_snapshot.request.element-limit = 8 (default)
2023-05-31 22:57:47,654 [83cc0f91-5896-42fb-be30-113915710489@group-FAAF52ABF0C5-LeaderElection10] INFO  grpc.GrpcConfigKeys (ConfUtils.java:logGet(46)) - raft.grpc.server.install_snapshot.request.timeout = 3000ms (default)
2023-05-31 22:57:47,654 [83cc0f91-5896-42fb-be30-113915710489@group-FAAF52ABF0C5-LeaderElection10] INFO  server.RaftServerConfigKeys (ConfUtils.java:logGet(46)) - raft.server.log.appender.install.snapshot.enabled = false (custom)
2023-05-31 22:57:47,655 [83cc0f91-5896-42fb-be30-113915710489@group-FAAF52ABF0C5-LeaderElection10] INFO  grpc.GrpcConfigKeys (ConfUtils.java:logGet(46)) - raft.grpc.server.heartbeat.channel = true (default)
2023-05-31 22:57:47,655 [83cc0f91-5896-42fb-be30-113915710489@group-FAAF52ABF0C5-LeaderElection10] INFO  impl.RoleInfo (RoleInfo.java:updateAndGet(139)) - 83cc0f91-5896-42fb-be30-113915710489: start 83cc0f91-5896-42fb-be30-113915710489@group-FAAF52ABF0C5-LeaderStateImpl
2023-05-31 22:57:47,655 [83cc0f91-5896-42fb-be30-113915710489@group-FAAF52ABF0C5-LeaderElection10] INFO  segmented.SegmentedRaftLogWorker (SegmentedRaftLogWorker.java:startLogSegment(447)) - 83cc0f91-5896-42fb-be30-113915710489@group-FAAF52ABF0C5-SegmentedRaftLogWorker: Starting segment from index:0
2023-05-31 22:57:47,656 [grpc-default-executor-3] INFO  server.RaftServer$Division (RaftServerImpl.java:requestVote(1302)) - 7c39489c-1c03-44c3-8ed9-36ad43776b05@group-07921CB9432D: receive requestVote(PRE_VOTE, d17261cb-7782-4d5f-ae0d-593ca4af9c73, group-07921CB9432D, 0, (t:0, i:0))
2023-05-31 22:57:47,656 [grpc-default-executor-3] INFO  impl.VoteContext (VoteContext.java:log(49)) - 7c39489c-1c03-44c3-8ed9-36ad43776b05@group-07921CB9432D-FOLLOWER: reject PRE_VOTE from d17261cb-7782-4d5f-ae0d-593ca4af9c73: our priority 1 > candidate's priority 0
2023-05-31 22:57:47,656 [grpc-default-executor-3] INFO  server.RaftServer$Division (RaftServerImpl.java:requestVote(1335)) - 7c39489c-1c03-44c3-8ed9-36ad43776b05@group-07921CB9432D replies to PRE_VOTE vote request: d17261cb-7782-4d5f-ae0d-593ca4af9c73<-7c39489c-1c03-44c3-8ed9-36ad43776b05#0:FAIL-t0. Peer's state: 7c39489c-1c03-44c3-8ed9-36ad43776b05@group-07921CB9432D:t0, leader=null, voted=, raftlog=Memoized:7c39489c-1c03-44c3-8ed9-36ad43776b05@group-07921CB9432D-SegmentedRaftLog:OPENED:c-1, conf=-1: peers:[7c39489c-1c03-44c3-8ed9-36ad43776b05|rpc:10.1.0.15:15086|admin:10.1.0.15:15085|client:10.1.0.15:15084|dataStream:10.1.0.15:15087|priority:1|startupRole:FOLLOWER, 667d9742-fdde-4102-a217-b966604d27c1|rpc:10.1.0.15:15068|admin:10.1.0.15:15067|client:10.1.0.15:15066|dataStream:10.1.0.15:15069|priority:0|startupRole:FOLLOWER, d17261cb-7782-4d5f-ae0d-593ca4af9c73|rpc:10.1.0.15:15077|admin:10.1.0.15:15076|client:10.1.0.15:15075|dataStream:10.1.0.15:15078|priority:0|startupRole:FOLLOWER]|listeners:[], old=null
2023-05-31 22:57:47,661 [83cc0f91-5896-42fb-be30-113915710489@group-FAAF52ABF0C5-SegmentedRaftLogWorker] INFO  segmented.SegmentedRaftLogWorker (SegmentedRaftLogWorker.java:execute(651)) - 83cc0f91-5896-42fb-be30-113915710489@group-FAAF52ABF0C5-SegmentedRaftLogWorker: created new log segment /home/runner/work/ozone/ozone/hadoop-ozone/integration-test/target/test-dir/MiniOzoneClusterImpl-816a41a7-5c89-4e8c-81ba-db0c8b26fb2d/datanode-5/data/ratis/f8f340ea-534e-4abd-be4c-faaf52abf0c5/current/log_inprogress_0
2023-05-31 22:57:47,662 [grpc-default-executor-1] INFO  server.RaftServer$Division (RaftServerImpl.java:requestVote(1302)) - d17261cb-7782-4d5f-ae0d-593ca4af9c73@group-07921CB9432D: receive requestVote(PRE_VOTE, 667d9742-fdde-4102-a217-b966604d27c1, group-07921CB9432D, 0, (t:0, i:0))
2023-05-31 22:57:47,662 [grpc-default-executor-1] INFO  impl.VoteContext (VoteContext.java:log(49)) - d17261cb-7782-4d5f-ae0d-593ca4af9c73@group-07921CB9432D-CANDIDATE: accept PRE_VOTE from 667d9742-fdde-4102-a217-b966604d27c1: our priority 0 <= candidate's priority 0
2023-05-31 22:57:47,662 [grpc-default-executor-1] INFO  server.RaftServer$Division (RaftServerImpl.java:requestVote(1335)) - d17261cb-7782-4d5f-ae0d-593ca4af9c73@group-07921CB9432D replies to PRE_VOTE vote request: 667d9742-fdde-4102-a217-b966604d27c1<-d17261cb-7782-4d5f-ae0d-593ca4af9c73#0:OK-t0. Peer's state: d17261cb-7782-4d5f-ae0d-593ca4af9c73@group-07921CB9432D:t0, leader=null, voted=, raftlog=Memoized:d17261cb-7782-4d5f-ae0d-593ca4af9c73@group-07921CB9432D-SegmentedRaftLog:OPENED:c-1, conf=-1: peers:[7c39489c-1c03-44c3-8ed9-36ad43776b05|rpc:10.1.0.15:15086|admin:10.1.0.15:15085|client:10.1.0.15:15084|dataStream:10.1.0.15:15087|priority:1|startupRole:FOLLOWER, 667d9742-fdde-4102-a217-b966604d27c1|rpc:10.1.0.15:15068|admin:10.1.0.15:15067|client:10.1.0.15:15066|dataStream:10.1.0.15:15069|priority:0|startupRole:FOLLOWER, d17261cb-7782-4d5f-ae0d-593ca4af9c73|rpc:10.1.0.15:15077|admin:10.1.0.15:15076|client:10.1.0.15:15075|dataStream:10.1.0.15:15078|priority:0|startupRole:FOLLOWER]|listeners:[], old=null
2023-05-31 22:57:47,688 [83cc0f91-5896-42fb-be30-113915710489@group-FAAF52ABF0C5-LeaderElection10] INFO  server.RaftServer$Division (ServerState.java:setRaftConf(434)) - 83cc0f91-5896-42fb-be30-113915710489@group-FAAF52ABF0C5: set configuration 0: peers:[83cc0f91-5896-42fb-be30-113915710489|rpc:10.1.0.15:15059|admin:10.1.0.15:15058|client:10.1.0.15:15057|dataStream:10.1.0.15:15060|priority:1|startupRole:FOLLOWER, 9d40cccf-8c3a-4da2-ab03-ca5c7975d909|rpc:10.1.0.15:15050|admin:10.1.0.15:15049|client:10.1.0.15:15048|dataStream:10.1.0.15:15051|priority:0|startupRole:FOLLOWER, 41c98476-2059-4142-8ca0-ae93b0d149f4|rpc:10.1.0.15:15041|admin:10.1.0.15:15040|client:10.1.0.15:15039|dataStream:10.1.0.15:15042|priority:0|startupRole:FOLLOWER]|listeners:[], old=null
2023-05-31 22:57:47,689 [41c98476-2059-4142-8ca0-ae93b0d149f4@group-30D5F45409B1-LeaderElection11] INFO  server.RaftServer$Division (ServerState.java:setRaftConf(434)) - 41c98476-2059-4142-8ca0-ae93b0d149f4@group-30D5F45409B1: set configuration 0: peers:[83cc0f91-5896-42fb-be30-113915710489|rpc:10.1.0.15:15059|admin:10.1.0.15:15058|client:10.1.0.15:15057|dataStream:10.1.0.15:15060|priority:0|startupRole:FOLLOWER, 9d40cccf-8c3a-4da2-ab03-ca5c7975d909|rpc:10.1.0.15:15050|admin:10.1.0.15:15049|client:10.1.0.15:15048|dataStream:10.1.0.15:15051|priority:0|startupRole:FOLLOWER, 41c98476-2059-4142-8ca0-ae93b0d149f4|rpc:10.1.0.15:15041|admin:10.1.0.15:15040|client:10.1.0.15:15039|dataStream:10.1.0.15:15042|priority:1|startupRole:FOLLOWER]|listeners:[], old=null
2023-05-31 22:57:47,711 [grpc-default-executor-0] INFO  server.RaftServer$Division (RaftServerImpl.java:requestVote(1302)) - 667d9742-fdde-4102-a217-b966604d27c1@group-07921CB9432D: receive requestVote(PRE_VOTE, d17261cb-7782-4d5f-ae0d-593ca4af9c73, group-07921CB9432D, 0, (t:0, i:0))
2023-05-31 22:57:47,717 [d17261cb-7782-4d5f-ae0d-593ca4af9c73@group-07921CB9432D-LeaderElection14] INFO  impl.LeaderElection (LeaderElection.java:logAndReturn(90)) - d17261cb-7782-4d5f-ae0d-593ca4af9c73@group-07921CB9432D-LeaderElection14: PRE_VOTE REJECTED received 1 response(s) and 0 exception(s):
2023-05-31 22:57:47,717 [d17261cb-7782-4d5f-ae0d-593ca4af9c73@group-07921CB9432D-LeaderElection14] INFO  impl.LeaderElection (LeaderElection.java:logAndReturn(94)) -   Response 0: d17261cb-7782-4d5f-ae0d-593ca4af9c73<-7c39489c-1c03-44c3-8ed9-36ad43776b05#0:FAIL-t0
2023-05-31 22:57:47,718 [grpc-default-executor-0] INFO  impl.VoteContext (VoteContext.java:log(49)) - 667d9742-fdde-4102-a217-b966604d27c1@group-07921CB9432D-CANDIDATE: accept PRE_VOTE from d17261cb-7782-4d5f-ae0d-593ca4af9c73: our priority 0 <= candidate's priority 0
2023-05-31 22:57:47,720 [grpc-default-executor-0] INFO  server.RaftServer$Division (RaftServerImpl.java:requestVote(1335)) - 667d9742-fdde-4102-a217-b966604d27c1@group-07921CB9432D replies to PRE_VOTE vote request: d17261cb-7782-4d5f-ae0d-593ca4af9c73<-667d9742-fdde-4102-a217-b966604d27c1#0:OK-t0. Peer's state: 667d9742-fdde-4102-a217-b966604d27c1@group-07921CB9432D:t0, leader=null, voted=, raftlog=Memoized:667d9742-fdde-4102-a217-b966604d27c1@group-07921CB9432D-SegmentedRaftLog:OPENED:c-1, conf=-1: peers:[7c39489c-1c03-44c3-8ed9-36ad43776b05|rpc:10.1.0.15:15086|admin:10.1.0.15:15085|client:10.1.0.15:15084|dataStream:10.1.0.15:15087|priority:1|startupRole:FOLLOWER, 667d9742-fdde-4102-a217-b966604d27c1|rpc:10.1.0.15:15068|admin:10.1.0.15:15067|client:10.1.0.15:15066|dataStream:10.1.0.15:15069|priority:0|startupRole:FOLLOWER, d17261cb-7782-4d5f-ae0d-593ca4af9c73|rpc:10.1.0.15:15077|admin:10.1.0.15:15076|client:10.1.0.15:15075|dataStream:10.1.0.15:15078|priority:0|startupRole:FOLLOWER]|listeners:[], old=null
2023-05-31 22:57:47,718 [d17261cb-7782-4d5f-ae0d-593ca4af9c73@group-07921CB9432D-LeaderElection14] INFO  impl.LeaderElection (LeaderElection.java:askForVotes(323)) - d17261cb-7782-4d5f-ae0d-593ca4af9c73@group-07921CB9432D-LeaderElection14 PRE_VOTE round 0: result REJECTED
2023-05-31 22:57:47,731 [d17261cb-7782-4d5f-ae0d-593ca4af9c73@group-07921CB9432D-LeaderElection14] INFO  server.RaftServer$Division (RaftServerImpl.java:setRole(329)) - d17261cb-7782-4d5f-ae0d-593ca4af9c73@group-07921CB9432D: changes role from CANDIDATE to FOLLOWER at term 0 for REJECTED
2023-05-31 22:57:47,731 [d17261cb-7782-4d5f-ae0d-593ca4af9c73@group-07921CB9432D-LeaderElection14] INFO  impl.RoleInfo (RoleInfo.java:shutdownLeaderElection(130)) - d17261cb-7782-4d5f-ae0d-593ca4af9c73: shutdown d17261cb-7782-4d5f-ae0d-593ca4af9c73@group-07921CB9432D-LeaderElection14
2023-05-31 22:57:47,731 [d17261cb-7782-4d5f-ae0d-593ca4af9c73@group-07921CB9432D-LeaderElection14] INFO  impl.RoleInfo (RoleInfo.java:updateAndGet(139)) - d17261cb-7782-4d5f-ae0d-593ca4af9c73: start d17261cb-7782-4d5f-ae0d-593ca4af9c73@group-07921CB9432D-FollowerState
2023-05-31 22:57:47,731 [grpc-default-executor-6] INFO  server.RaftServer$Division (RaftServerImpl.java:requestVote(1302)) - 7c39489c-1c03-44c3-8ed9-36ad43776b05@group-07921CB9432D: receive requestVote(PRE_VOTE, 667d9742-fdde-4102-a217-b966604d27c1, group-07921CB9432D, 0, (t:0, i:0))
2023-05-31 22:57:47,735 [grpc-default-executor-6] INFO  impl.VoteContext (VoteContext.java:log(49)) - 7c39489c-1c03-44c3-8ed9-36ad43776b05@group-07921CB9432D-FOLLOWER: reject PRE_VOTE from 667d9742-fdde-4102-a217-b966604d27c1: our priority 1 > candidate's priority 0
2023-05-31 22:57:47,735 [grpc-default-executor-6] INFO  server.RaftServer$Division (RaftServerImpl.java:requestVote(1335)) - 7c39489c-1c03-44c3-8ed9-36ad43776b05@group-07921CB9432D replies to PRE_VOTE vote request: 667d9742-fdde-4102-a217-b966604d27c1<-7c39489c-1c03-44c3-8ed9-36ad43776b05#0:FAIL-t0. Peer's state: 7c39489c-1c03-44c3-8ed9-36ad43776b05@group-07921CB9432D:t0, leader=null, voted=, raftlog=Memoized:7c39489c-1c03-44c3-8ed9-36ad43776b05@group-07921CB9432D-SegmentedRaftLog:OPENED:c-1, conf=-1: peers:[7c39489c-1c03-44c3-8ed9-36ad43776b05|rpc:10.1.0.15:15086|admin:10.1.0.15:15085|client:10.1.0.15:15084|dataStream:10.1.0.15:15087|priority:1|startupRole:FOLLOWER, 667d9742-fdde-4102-a217-b966604d27c1|rpc:10.1.0.15:15068|admin:10.1.0.15:15067|client:10.1.0.15:15066|dataStream:10.1.0.15:15069|priority:0|startupRole:FOLLOWER, d17261cb-7782-4d5f-ae0d-593ca4af9c73|rpc:10.1.0.15:15077|admin:10.1.0.15:15076|client:10.1.0.15:15075|dataStream:10.1.0.15:15078|priority:0|startupRole:FOLLOWER]|listeners:[], old=null
2023-05-31 22:57:47,745 [667d9742-fdde-4102-a217-b966604d27c1@group-07921CB9432D-LeaderElection13] INFO  impl.LeaderElection (LeaderElection.java:logAndReturn(90)) - 667d9742-fdde-4102-a217-b966604d27c1@group-07921CB9432D-LeaderElection13: PRE_VOTE REJECTED received 2 response(s) and 0 exception(s):
2023-05-31 22:57:47,745 [667d9742-fdde-4102-a217-b966604d27c1@group-07921CB9432D-LeaderElection13] INFO  impl.LeaderElection (LeaderElection.java:logAndReturn(94)) -   Response 0: 667d9742-fdde-4102-a217-b966604d27c1<-7c39489c-1c03-44c3-8ed9-36ad43776b05#0:FAIL-t0
2023-05-31 22:57:47,745 [667d9742-fdde-4102-a217-b966604d27c1@group-07921CB9432D-LeaderElection13] INFO  impl.LeaderElection (LeaderElection.java:logAndReturn(94)) -   Response 1: 667d9742-fdde-4102-a217-b966604d27c1<-d17261cb-7782-4d5f-ae0d-593ca4af9c73#0:OK-t0
2023-05-31 22:57:47,745 [667d9742-fdde-4102-a217-b966604d27c1@group-07921CB9432D-LeaderElection13] INFO  impl.LeaderElection (LeaderElection.java:askForVotes(323)) - 667d9742-fdde-4102-a217-b966604d27c1@group-07921CB9432D-LeaderElection13 PRE_VOTE round 0: result REJECTED
2023-05-31 22:57:47,745 [667d9742-fdde-4102-a217-b966604d27c1@group-07921CB9432D-LeaderElection13] INFO  server.RaftServer$Division (RaftServerImpl.java:setRole(329)) - 667d9742-fdde-4102-a217-b966604d27c1@group-07921CB9432D: changes role from CANDIDATE to FOLLOWER at term 0 for REJECTED
2023-05-31 22:57:47,745 [667d9742-fdde-4102-a217-b966604d27c1@group-07921CB9432D-LeaderElection13] INFO  impl.RoleInfo (RoleInfo.java:shutdownLeaderElection(130)) - 667d9742-fdde-4102-a217-b966604d27c1: shutdown 667d9742-fdde-4102-a217-b966604d27c1@group-07921CB9432D-LeaderElection13
2023-05-31 22:57:47,745 [667d9742-fdde-4102-a217-b966604d27c1@group-07921CB9432D-LeaderElection13] INFO  impl.RoleInfo (RoleInfo.java:updateAndGet(139)) - 667d9742-fdde-4102-a217-b966604d27c1: start 667d9742-fdde-4102-a217-b966604d27c1@group-07921CB9432D-FollowerState
2023-05-31 22:57:47,751 [9d40cccf-8c3a-4da2-ab03-ca5c7975d909-server-thread1] INFO  ratis.XceiverServerRatis (XceiverServerRatis.java:handleLeaderChangedNotification(902)) - Leader change notification received for group: group-30D5F45409B1 with new leaderId: 41c98476-2059-4142-8ca0-ae93b0d149f4
2023-05-31 22:57:47,751 [9d40cccf-8c3a-4da2-ab03-ca5c7975d909-server-thread1] INFO  server.RaftServer$Division (ServerState.java:setLeader(317)) - 9d40cccf-8c3a-4da2-ab03-ca5c7975d909@group-30D5F45409B1: change Leader from null to 41c98476-2059-4142-8ca0-ae93b0d149f4 at term 1 for appendEntries, leader elected after 6186ms
2023-05-31 22:57:47,778 [83cc0f91-5896-42fb-be30-113915710489-server-thread1] INFO  ratis.XceiverServerRatis (XceiverServerRatis.java:handleLeaderChangedNotification(902)) - Leader change notification received for group: group-30D5F45409B1 with new leaderId: 41c98476-2059-4142-8ca0-ae93b0d149f4
2023-05-31 22:57:47,779 [83cc0f91-5896-42fb-be30-113915710489-server-thread1] INFO  server.RaftServer$Division (ServerState.java:setLeader(317)) - 83cc0f91-5896-42fb-be30-113915710489@group-30D5F45409B1: change Leader from null to 41c98476-2059-4142-8ca0-ae93b0d149f4 at term 1 for appendEntries, leader elected after 5490ms
2023-05-31 22:57:47,803 [9d40cccf-8c3a-4da2-ab03-ca5c7975d909-server-thread1] INFO  ratis.XceiverServerRatis (XceiverServerRatis.java:handleLeaderChangedNotification(902)) - Leader change notification received for group: group-FAAF52ABF0C5 with new leaderId: 83cc0f91-5896-42fb-be30-113915710489
2023-05-31 22:57:47,803 [9d40cccf-8c3a-4da2-ab03-ca5c7975d909-server-thread1] INFO  server.RaftServer$Division (ServerState.java:setLeader(317)) - 9d40cccf-8c3a-4da2-ab03-ca5c7975d909@group-FAAF52ABF0C5: change Leader from null to 83cc0f91-5896-42fb-be30-113915710489 at term 1 for appendEntries, leader elected after 6242ms
2023-05-31 22:57:47,806 [41c98476-2059-4142-8ca0-ae93b0d149f4-server-thread1] INFO  ratis.XceiverServerRatis (XceiverServerRatis.java:handleLeaderChangedNotification(902)) - Leader change notification received for group: group-FAAF52ABF0C5 with new leaderId: 83cc0f91-5896-42fb-be30-113915710489
2023-05-31 22:57:47,806 [41c98476-2059-4142-8ca0-ae93b0d149f4-server-thread1] INFO  server.RaftServer$Division (ServerState.java:setLeader(317)) - 41c98476-2059-4142-8ca0-ae93b0d149f4@group-FAAF52ABF0C5: change Leader from null to 83cc0f91-5896-42fb-be30-113915710489 at term 1 for appendEntries, leader elected after 6376ms
2023-05-31 22:57:47,824 [9d40cccf-8c3a-4da2-ab03-ca5c7975d909-server-thread2] INFO  server.RaftServer$Division (ServerState.java:setRaftConf(434)) - 9d40cccf-8c3a-4da2-ab03-ca5c7975d909@group-FAAF52ABF0C5: set configuration 0: peers:[83cc0f91-5896-42fb-be30-113915710489|rpc:10.1.0.15:15059|admin:10.1.0.15:15058|client:10.1.0.15:15057|dataStream:10.1.0.15:15060|priority:1|startupRole:FOLLOWER, 9d40cccf-8c3a-4da2-ab03-ca5c7975d909|rpc:10.1.0.15:15050|admin:10.1.0.15:15049|client:10.1.0.15:15048|dataStream:10.1.0.15:15051|priority:0|startupRole:FOLLOWER, 41c98476-2059-4142-8ca0-ae93b0d149f4|rpc:10.1.0.15:15041|admin:10.1.0.15:15040|client:10.1.0.15:15039|dataStream:10.1.0.15:15042|priority:0|startupRole:FOLLOWER]|listeners:[], old=null
2023-05-31 22:57:47,824 [9d40cccf-8c3a-4da2-ab03-ca5c7975d909-server-thread2] INFO  segmented.SegmentedRaftLogWorker (SegmentedRaftLogWorker.java:startLogSegment(447)) - 9d40cccf-8c3a-4da2-ab03-ca5c7975d909@group-FAAF52ABF0C5-SegmentedRaftLogWorker: Starting segment from index:0
2023-05-31 22:57:47,824 [83cc0f91-5896-42fb-be30-113915710489-server-thread2] INFO  server.RaftServer$Division (ServerState.java:setRaftConf(434)) - 83cc0f91-5896-42fb-be30-113915710489@group-30D5F45409B1: set configuration 0: peers:[83cc0f91-5896-42fb-be30-113915710489|rpc:10.1.0.15:15059|admin:10.1.0.15:15058|client:10.1.0.15:15057|dataStream:10.1.0.15:15060|priority:0|startupRole:FOLLOWER, 9d40cccf-8c3a-4da2-ab03-ca5c7975d909|rpc:10.1.0.15:15050|admin:10.1.0.15:15049|client:10.1.0.15:15048|dataStream:10.1.0.15:15051|priority:0|startupRole:FOLLOWER, 41c98476-2059-4142-8ca0-ae93b0d149f4|rpc:10.1.0.15:15041|admin:10.1.0.15:15040|client:10.1.0.15:15039|dataStream:10.1.0.15:15042|priority:1|startupRole:FOLLOWER]|listeners:[], old=null
2023-05-31 22:57:47,824 [83cc0f91-5896-42fb-be30-113915710489-server-thread2] INFO  segmented.SegmentedRaftLogWorker (SegmentedRaftLogWorker.java:startLogSegment(447)) - 83cc0f91-5896-42fb-be30-113915710489@group-30D5F45409B1-SegmentedRaftLogWorker: Starting segment from index:0
2023-05-31 22:57:47,837 [9d40cccf-8c3a-4da2-ab03-ca5c7975d909@group-FAAF52ABF0C5-SegmentedRaftLogWorker] INFO  segmented.SegmentedRaftLogWorker (SegmentedRaftLogWorker.java:execute(651)) - 9d40cccf-8c3a-4da2-ab03-ca5c7975d909@group-FAAF52ABF0C5-SegmentedRaftLogWorker: created new log segment /home/runner/work/ozone/ozone/hadoop-ozone/integration-test/target/test-dir/MiniOzoneClusterImpl-816a41a7-5c89-4e8c-81ba-db0c8b26fb2d/datanode-4/data/ratis/f8f340ea-534e-4abd-be4c-faaf52abf0c5/current/log_inprogress_0
2023-05-31 22:57:47,843 [83cc0f91-5896-42fb-be30-113915710489@group-30D5F45409B1-SegmentedRaftLogWorker] INFO  segmented.SegmentedRaftLogWorker (SegmentedRaftLogWorker.java:execute(651)) - 83cc0f91-5896-42fb-be30-113915710489@group-30D5F45409B1-SegmentedRaftLogWorker: created new log segment /home/runner/work/ozone/ozone/hadoop-ozone/integration-test/target/test-dir/MiniOzoneClusterImpl-816a41a7-5c89-4e8c-81ba-db0c8b26fb2d/datanode-5/data/ratis/e40c1d1a-3ce1-4f77-8ea6-30d5f45409b1/current/log_inprogress_0
2023-05-31 22:57:47,845 [9d40cccf-8c3a-4da2-ab03-ca5c7975d909-server-thread2] INFO  server.RaftServer$Division (ServerState.java:setRaftConf(434)) - 9d40cccf-8c3a-4da2-ab03-ca5c7975d909@group-30D5F45409B1: set configuration 0: peers:[83cc0f91-5896-42fb-be30-113915710489|rpc:10.1.0.15:15059|admin:10.1.0.15:15058|client:10.1.0.15:15057|dataStream:10.1.0.15:15060|priority:0|startupRole:FOLLOWER, 9d40cccf-8c3a-4da2-ab03-ca5c7975d909|rpc:10.1.0.15:15050|admin:10.1.0.15:15049|client:10.1.0.15:15048|dataStream:10.1.0.15:15051|priority:0|startupRole:FOLLOWER, 41c98476-2059-4142-8ca0-ae93b0d149f4|rpc:10.1.0.15:15041|admin:10.1.0.15:15040|client:10.1.0.15:15039|dataStream:10.1.0.15:15042|priority:1|startupRole:FOLLOWER]|listeners:[], old=null
2023-05-31 22:57:47,849 [41c98476-2059-4142-8ca0-ae93b0d149f4-server-thread3] INFO  server.RaftServer$Division (ServerState.java:setRaftConf(434)) - 41c98476-2059-4142-8ca0-ae93b0d149f4@group-FAAF52ABF0C5: set configuration 0: peers:[83cc0f91-5896-42fb-be30-113915710489|rpc:10.1.0.15:15059|admin:10.1.0.15:15058|client:10.1.0.15:15057|dataStream:10.1.0.15:15060|priority:1|startupRole:FOLLOWER, 9d40cccf-8c3a-4da2-ab03-ca5c7975d909|rpc:10.1.0.15:15050|admin:10.1.0.15:15049|client:10.1.0.15:15048|dataStream:10.1.0.15:15051|priority:0|startupRole:FOLLOWER, 41c98476-2059-4142-8ca0-ae93b0d149f4|rpc:10.1.0.15:15041|admin:10.1.0.15:15040|client:10.1.0.15:15039|dataStream:10.1.0.15:15042|priority:0|startupRole:FOLLOWER]|listeners:[], old=null
2023-05-31 22:57:47,853 [9d40cccf-8c3a-4da2-ab03-ca5c7975d909-server-thread2] INFO  segmented.SegmentedRaftLogWorker (SegmentedRaftLogWorker.java:startLogSegment(447)) - 9d40cccf-8c3a-4da2-ab03-ca5c7975d909@group-30D5F45409B1-SegmentedRaftLogWorker: Starting segment from index:0
2023-05-31 22:57:47,854 [41c98476-2059-4142-8ca0-ae93b0d149f4-server-thread3] INFO  segmented.SegmentedRaftLogWorker (SegmentedRaftLogWorker.java:startLogSegment(447)) - 41c98476-2059-4142-8ca0-ae93b0d149f4@group-FAAF52ABF0C5-SegmentedRaftLogWorker: Starting segment from index:0
2023-05-31 22:57:47,857 [9d40cccf-8c3a-4da2-ab03-ca5c7975d909@group-30D5F45409B1-SegmentedRaftLogWorker] INFO  segmented.SegmentedRaftLogWorker (SegmentedRaftLogWorker.java:execute(651)) - 9d40cccf-8c3a-4da2-ab03-ca5c7975d909@group-30D5F45409B1-SegmentedRaftLogWorker: created new log segment /home/runner/work/ozone/ozone/hadoop-ozone/integration-test/target/test-dir/MiniOzoneClusterImpl-816a41a7-5c89-4e8c-81ba-db0c8b26fb2d/datanode-4/data/ratis/e40c1d1a-3ce1-4f77-8ea6-30d5f45409b1/current/log_inprogress_0
2023-05-31 22:57:47,858 [41c98476-2059-4142-8ca0-ae93b0d149f4@group-FAAF52ABF0C5-SegmentedRaftLogWorker] INFO  segmented.SegmentedRaftLogWorker (SegmentedRaftLogWorker.java:execute(651)) - 41c98476-2059-4142-8ca0-ae93b0d149f4@group-FAAF52ABF0C5-SegmentedRaftLogWorker: created new log segment /home/runner/work/ozone/ozone/hadoop-ozone/integration-test/target/test-dir/MiniOzoneClusterImpl-816a41a7-5c89-4e8c-81ba-db0c8b26fb2d/datanode-3/data/ratis/f8f340ea-534e-4abd-be4c-faaf52abf0c5/current/log_inprogress_0
2023-05-31 22:57:48,074 [7c39489c-1c03-44c3-8ed9-36ad43776b05@group-07921CB9432D-FollowerState] INFO  impl.FollowerState (FollowerState.java:run(143)) - 7c39489c-1c03-44c3-8ed9-36ad43776b05@group-07921CB9432D-FollowerState: change to CANDIDATE, lastRpcElapsedTime:5059436152ns, electionTimeout:5054ms
2023-05-31 22:57:48,074 [7c39489c-1c03-44c3-8ed9-36ad43776b05@group-07921CB9432D-FollowerState] INFO  impl.RoleInfo (RoleInfo.java:shutdownFollowerState(110)) - 7c39489c-1c03-44c3-8ed9-36ad43776b05: shutdown 7c39489c-1c03-44c3-8ed9-36ad43776b05@group-07921CB9432D-FollowerState
2023-05-31 22:57:48,074 [7c39489c-1c03-44c3-8ed9-36ad43776b05@group-07921CB9432D-FollowerState] INFO  server.RaftServer$Division (RaftServerImpl.java:setRole(329)) - 7c39489c-1c03-44c3-8ed9-36ad43776b05@group-07921CB9432D: changes role from  FOLLOWER to CANDIDATE at term 0 for changeToCandidate
2023-05-31 22:57:48,074 [7c39489c-1c03-44c3-8ed9-36ad43776b05@group-07921CB9432D-FollowerState] INFO  server.RaftServerConfigKeys (ConfUtils.java:logGet(46)) - raft.server.leaderelection.pre-vote = true (default)
2023-05-31 22:57:48,074 [7c39489c-1c03-44c3-8ed9-36ad43776b05@group-07921CB9432D-FollowerState] INFO  impl.RoleInfo (RoleInfo.java:updateAndGet(139)) - 7c39489c-1c03-44c3-8ed9-36ad43776b05: start 7c39489c-1c03-44c3-8ed9-36ad43776b05@group-07921CB9432D-LeaderElection15
2023-05-31 22:57:48,078 [7c39489c-1c03-44c3-8ed9-36ad43776b05@group-07921CB9432D-LeaderElection15] INFO  impl.LeaderElection (LeaderElection.java:askForVotes(321)) - 7c39489c-1c03-44c3-8ed9-36ad43776b05@group-07921CB9432D-LeaderElection15 PRE_VOTE round 0: submit vote requests at term 0 for -1: peers:[7c39489c-1c03-44c3-8ed9-36ad43776b05|rpc:10.1.0.15:15086|admin:10.1.0.15:15085|client:10.1.0.15:15084|dataStream:10.1.0.15:15087|priority:1|startupRole:FOLLOWER, 667d9742-fdde-4102-a217-b966604d27c1|rpc:10.1.0.15:15068|admin:10.1.0.15:15067|client:10.1.0.15:15066|dataStream:10.1.0.15:15069|priority:0|startupRole:FOLLOWER, d17261cb-7782-4d5f-ae0d-593ca4af9c73|rpc:10.1.0.15:15077|admin:10.1.0.15:15076|client:10.1.0.15:15075|dataStream:10.1.0.15:15078|priority:0|startupRole:FOLLOWER]|listeners:[], old=null
2023-05-31 22:57:48,083 [7c39489c-1c03-44c3-8ed9-36ad43776b05@group-07921CB9432D-LeaderElection15] INFO  server.RaftServerConfigKeys (ConfUtils.java:logFallback(53)) - raft.server.rpc.first-election.timeout.min = 5s (fallback to raft.server.rpc.timeout.min)
2023-05-31 22:57:48,083 [7c39489c-1c03-44c3-8ed9-36ad43776b05@group-07921CB9432D-LeaderElection15] INFO  server.RaftServerConfigKeys (ConfUtils.java:logFallback(53)) - raft.server.rpc.first-election.timeout.max = 5200ms (fallback to raft.server.rpc.timeout.max)
2023-05-31 22:57:48,083 [7c39489c-1c03-44c3-8ed9-36ad43776b05@group-07921CB9432D-LeaderElection15-2] INFO  server.GrpcServerProtocolClient (GrpcServerProtocolClient.java:<init>(65)) - Build channel for d17261cb-7782-4d5f-ae0d-593ca4af9c73
2023-05-31 22:57:48,083 [7c39489c-1c03-44c3-8ed9-36ad43776b05@group-07921CB9432D-LeaderElection15-1] INFO  server.GrpcServerProtocolClient (GrpcServerProtocolClient.java:<init>(65)) - Build channel for 667d9742-fdde-4102-a217-b966604d27c1
2023-05-31 22:57:48,104 [667d9742-fdde-4102-a217-b966604d27c1@group-FF6D5E61F6B2-FollowerState] INFO  impl.FollowerState (FollowerState.java:run(143)) - 667d9742-fdde-4102-a217-b966604d27c1@group-FF6D5E61F6B2-FollowerState: change to CANDIDATE, lastRpcElapsedTime:5013594968ns, electionTimeout:5008ms
2023-05-31 22:57:48,104 [667d9742-fdde-4102-a217-b966604d27c1@group-FF6D5E61F6B2-FollowerState] INFO  impl.RoleInfo (RoleInfo.java:shutdownFollowerState(110)) - 667d9742-fdde-4102-a217-b966604d27c1: shutdown 667d9742-fdde-4102-a217-b966604d27c1@group-FF6D5E61F6B2-FollowerState
2023-05-31 22:57:48,104 [667d9742-fdde-4102-a217-b966604d27c1@group-FF6D5E61F6B2-FollowerState] INFO  server.RaftServer$Division (RaftServerImpl.java:setRole(329)) - 667d9742-fdde-4102-a217-b966604d27c1@group-FF6D5E61F6B2: changes role from  FOLLOWER to CANDIDATE at term 0 for changeToCandidate
2023-05-31 22:57:48,104 [667d9742-fdde-4102-a217-b966604d27c1@group-FF6D5E61F6B2-FollowerState] INFO  server.RaftServerConfigKeys (ConfUtils.java:logGet(46)) - raft.server.leaderelection.pre-vote = true (default)
2023-05-31 22:57:48,104 [667d9742-fdde-4102-a217-b966604d27c1@group-FF6D5E61F6B2-FollowerState] INFO  impl.RoleInfo (RoleInfo.java:updateAndGet(139)) - 667d9742-fdde-4102-a217-b966604d27c1: start 667d9742-fdde-4102-a217-b966604d27c1@group-FF6D5E61F6B2-LeaderElection16
2023-05-31 22:57:48,114 [667d9742-fdde-4102-a217-b966604d27c1@group-FF6D5E61F6B2-LeaderElection16] INFO  impl.LeaderElection (LeaderElection.java:askForVotes(321)) - 667d9742-fdde-4102-a217-b966604d27c1@group-FF6D5E61F6B2-LeaderElection16 PRE_VOTE round 0: submit vote requests at term 0 for -1: peers:[7c39489c-1c03-44c3-8ed9-36ad43776b05|rpc:10.1.0.15:15086|admin:10.1.0.15:15085|client:10.1.0.15:15084|dataStream:10.1.0.15:15087|priority:0|startupRole:FOLLOWER, 667d9742-fdde-4102-a217-b966604d27c1|rpc:10.1.0.15:15068|admin:10.1.0.15:15067|client:10.1.0.15:15066|dataStream:10.1.0.15:15069|priority:0|startupRole:FOLLOWER, d17261cb-7782-4d5f-ae0d-593ca4af9c73|rpc:10.1.0.15:15077|admin:10.1.0.15:15076|client:10.1.0.15:15075|dataStream:10.1.0.15:15078|priority:1|startupRole:FOLLOWER]|listeners:[], old=null
2023-05-31 22:57:48,122 [grpc-default-executor-6] INFO  server.RaftServer$Division (RaftServerImpl.java:requestVote(1302)) - d17261cb-7782-4d5f-ae0d-593ca4af9c73@group-07921CB9432D: receive requestVote(PRE_VOTE, 7c39489c-1c03-44c3-8ed9-36ad43776b05, group-07921CB9432D, 0, (t:0, i:0))
2023-05-31 22:57:48,123 [grpc-default-executor-6] INFO  impl.VoteContext (VoteContext.java:log(49)) - d17261cb-7782-4d5f-ae0d-593ca4af9c73@group-07921CB9432D-FOLLOWER: accept PRE_VOTE from 7c39489c-1c03-44c3-8ed9-36ad43776b05: our priority 0 <= candidate's priority 1
2023-05-31 22:57:48,123 [grpc-default-executor-6] INFO  server.RaftServer$Division (RaftServerImpl.java:requestVote(1335)) - d17261cb-7782-4d5f-ae0d-593ca4af9c73@group-07921CB9432D replies to PRE_VOTE vote request: 7c39489c-1c03-44c3-8ed9-36ad43776b05<-d17261cb-7782-4d5f-ae0d-593ca4af9c73#0:OK-t0. Peer's state: d17261cb-7782-4d5f-ae0d-593ca4af9c73@group-07921CB9432D:t0, leader=null, voted=, raftlog=Memoized:d17261cb-7782-4d5f-ae0d-593ca4af9c73@group-07921CB9432D-SegmentedRaftLog:OPENED:c-1, conf=-1: peers:[7c39489c-1c03-44c3-8ed9-36ad43776b05|rpc:10.1.0.15:15086|admin:10.1.0.15:15085|client:10.1.0.15:15084|dataStream:10.1.0.15:15087|priority:1|startupRole:FOLLOWER, 667d9742-fdde-4102-a217-b966604d27c1|rpc:10.1.0.15:15068|admin:10.1.0.15:15067|client:10.1.0.15:15066|dataStream:10.1.0.15:15069|priority:0|startupRole:FOLLOWER, d17261cb-7782-4d5f-ae0d-593ca4af9c73|rpc:10.1.0.15:15077|admin:10.1.0.15:15076|client:10.1.0.15:15075|dataStream:10.1.0.15:15078|priority:0|startupRole:FOLLOWER]|listeners:[], old=null
2023-05-31 22:57:48,128 [d17261cb-7782-4d5f-ae0d-593ca4af9c73@group-DE68AEA7FC04-FollowerState] INFO  impl.FollowerState (FollowerState.java:run(143)) - d17261cb-7782-4d5f-ae0d-593ca4af9c73@group-DE68AEA7FC04-FollowerState: change to CANDIDATE, lastRpcElapsedTime:5077677066ns, electionTimeout:5065ms
2023-05-31 22:57:48,128 [d17261cb-7782-4d5f-ae0d-593ca4af9c73@group-DE68AEA7FC04-FollowerState] INFO  impl.RoleInfo (RoleInfo.java:shutdownFollowerState(110)) - d17261cb-7782-4d5f-ae0d-593ca4af9c73: shutdown d17261cb-7782-4d5f-ae0d-593ca4af9c73@group-DE68AEA7FC04-FollowerState
2023-05-31 22:57:48,128 [d17261cb-7782-4d5f-ae0d-593ca4af9c73@group-DE68AEA7FC04-FollowerState] INFO  server.RaftServer$Division (RaftServerImpl.java:setRole(329)) - d17261cb-7782-4d5f-ae0d-593ca4af9c73@group-DE68AEA7FC04: changes role from  FOLLOWER to CANDIDATE at term 0 for changeToCandidate
2023-05-31 22:57:48,128 [grpc-default-executor-6] INFO  server.RaftServer$Division (RaftServerImpl.java:requestVote(1302)) - 667d9742-fdde-4102-a217-b966604d27c1@group-07921CB9432D: receive requestVote(PRE_VOTE, 7c39489c-1c03-44c3-8ed9-36ad43776b05, group-07921CB9432D, 0, (t:0, i:0))
2023-05-31 22:57:48,128 [grpc-default-executor-6] INFO  impl.VoteContext (VoteContext.java:log(49)) - 667d9742-fdde-4102-a217-b966604d27c1@group-07921CB9432D-FOLLOWER: accept PRE_VOTE from 7c39489c-1c03-44c3-8ed9-36ad43776b05: our priority 0 <= candidate's priority 1
2023-05-31 22:57:48,128 [grpc-default-executor-6] INFO  server.RaftServer$Division (RaftServerImpl.java:requestVote(1335)) - 667d9742-fdde-4102-a217-b966604d27c1@group-07921CB9432D replies to PRE_VOTE vote request: 7c39489c-1c03-44c3-8ed9-36ad43776b05<-667d9742-fdde-4102-a217-b966604d27c1#0:OK-t0. Peer's state: 667d9742-fdde-4102-a217-b966604d27c1@group-07921CB9432D:t0, leader=null, voted=, raftlog=Memoized:667d9742-fdde-4102-a217-b966604d27c1@group-07921CB9432D-SegmentedRaftLog:OPENED:c-1, conf=-1: peers:[7c39489c-1c03-44c3-8ed9-36ad43776b05|rpc:10.1.0.15:15086|admin:10.1.0.15:15085|client:10.1.0.15:15084|dataStream:10.1.0.15:15087|priority:1|startupRole:FOLLOWER, 667d9742-fdde-4102-a217-b966604d27c1|rpc:10.1.0.15:15068|admin:10.1.0.15:15067|client:10.1.0.15:15066|dataStream:10.1.0.15:15069|priority:0|startupRole:FOLLOWER, d17261cb-7782-4d5f-ae0d-593ca4af9c73|rpc:10.1.0.15:15077|admin:10.1.0.15:15076|client:10.1.0.15:15075|dataStream:10.1.0.15:15078|priority:0|startupRole:FOLLOWER]|listeners:[], old=null
2023-05-31 22:57:48,131 [d17261cb-7782-4d5f-ae0d-593ca4af9c73@group-DE68AEA7FC04-FollowerState] INFO  server.RaftServerConfigKeys (ConfUtils.java:logGet(46)) - raft.server.leaderelection.pre-vote = true (default)
2023-05-31 22:57:48,131 [d17261cb-7782-4d5f-ae0d-593ca4af9c73@group-DE68AEA7FC04-FollowerState] INFO  impl.RoleInfo (RoleInfo.java:updateAndGet(139)) - d17261cb-7782-4d5f-ae0d-593ca4af9c73: start d17261cb-7782-4d5f-ae0d-593ca4af9c73@group-DE68AEA7FC04-LeaderElection17
2023-05-31 22:57:48,131 [667d9742-fdde-4102-a217-b966604d27c1@group-FF6D5E61F6B2-LeaderElection16] INFO  server.RaftServerConfigKeys (ConfUtils.java:logFallback(53)) - raft.server.rpc.first-election.timeout.min = 5s (fallback to raft.server.rpc.timeout.min)
2023-05-31 22:57:48,132 [667d9742-fdde-4102-a217-b966604d27c1@group-FF6D5E61F6B2-LeaderElection16] INFO  server.RaftServerConfigKeys (ConfUtils.java:logFallback(53)) - raft.server.rpc.first-election.timeout.max = 5200ms (fallback to raft.server.rpc.timeout.max)
2023-05-31 22:57:48,148 [7c39489c-1c03-44c3-8ed9-36ad43776b05@group-07921CB9432D-LeaderElection15] INFO  impl.LeaderElection (LeaderElection.java:logAndReturn(90)) - 7c39489c-1c03-44c3-8ed9-36ad43776b05@group-07921CB9432D-LeaderElection15: PRE_VOTE PASSED received 1 response(s) and 0 exception(s):
2023-05-31 22:57:48,148 [7c39489c-1c03-44c3-8ed9-36ad43776b05@group-07921CB9432D-LeaderElection15] INFO  impl.LeaderElection (LeaderElection.java:logAndReturn(94)) -   Response 0: 7c39489c-1c03-44c3-8ed9-36ad43776b05<-667d9742-fdde-4102-a217-b966604d27c1#0:OK-t0
2023-05-31 22:57:48,148 [7c39489c-1c03-44c3-8ed9-36ad43776b05@group-07921CB9432D-LeaderElection15] INFO  impl.LeaderElection (LeaderElection.java:askForVotes(323)) - 7c39489c-1c03-44c3-8ed9-36ad43776b05@group-07921CB9432D-LeaderElection15 PRE_VOTE round 0: result PASSED
2023-05-31 22:57:48,153 [7c39489c-1c03-44c3-8ed9-36ad43776b05@group-07921CB9432D-LeaderElection15] INFO  impl.LeaderElection (LeaderElection.java:askForVotes(321)) - 7c39489c-1c03-44c3-8ed9-36ad43776b05@group-07921CB9432D-LeaderElection15 ELECTION round 0: submit vote requests at term 1 for -1: peers:[7c39489c-1c03-44c3-8ed9-36ad43776b05|rpc:10.1.0.15:15086|admin:10.1.0.15:15085|client:10.1.0.15:15084|dataStream:10.1.0.15:15087|priority:1|startupRole:FOLLOWER, 667d9742-fdde-4102-a217-b966604d27c1|rpc:10.1.0.15:15068|admin:10.1.0.15:15067|client:10.1.0.15:15066|dataStream:10.1.0.15:15069|priority:0|startupRole:FOLLOWER, d17261cb-7782-4d5f-ae0d-593ca4af9c73|rpc:10.1.0.15:15077|admin:10.1.0.15:15076|client:10.1.0.15:15075|dataStream:10.1.0.15:15078|priority:0|startupRole:FOLLOWER]|listeners:[], old=null
2023-05-31 22:57:48,155 [grpc-default-executor-3] INFO  server.RaftServer$Division (RaftServerImpl.java:requestVote(1302)) - 667d9742-fdde-4102-a217-b966604d27c1@group-07921CB9432D: receive requestVote(ELECTION, 7c39489c-1c03-44c3-8ed9-36ad43776b05, group-07921CB9432D, 1, (t:0, i:0))
2023-05-31 22:57:48,156 [grpc-default-executor-3] INFO  impl.VoteContext (VoteContext.java:log(49)) - 667d9742-fdde-4102-a217-b966604d27c1@group-07921CB9432D-FOLLOWER: accept ELECTION from 7c39489c-1c03-44c3-8ed9-36ad43776b05: our priority 0 <= candidate's priority 1
2023-05-31 22:57:48,156 [grpc-default-executor-3] INFO  server.RaftServer$Division (RaftServerImpl.java:setRole(329)) - 667d9742-fdde-4102-a217-b966604d27c1@group-07921CB9432D: changes role from  FOLLOWER to FOLLOWER at term 1 for candidate:7c39489c-1c03-44c3-8ed9-36ad43776b05
2023-05-31 22:57:48,156 [grpc-default-executor-3] INFO  impl.RoleInfo (RoleInfo.java:shutdownFollowerState(110)) - 667d9742-fdde-4102-a217-b966604d27c1: shutdown 667d9742-fdde-4102-a217-b966604d27c1@group-07921CB9432D-FollowerState
2023-05-31 22:57:48,156 [7c39489c-1c03-44c3-8ed9-36ad43776b05@group-07921CB9432D-LeaderElection15] INFO  server.RaftServerConfigKeys (ConfUtils.java:logFallback(53)) - raft.server.rpc.first-election.timeout.min = 5s (fallback to raft.server.rpc.timeout.min)
2023-05-31 22:57:48,156 [7c39489c-1c03-44c3-8ed9-36ad43776b05@group-07921CB9432D-LeaderElection15] INFO  server.RaftServerConfigKeys (ConfUtils.java:logFallback(53)) - raft.server.rpc.first-election.timeout.max = 5200ms (fallback to raft.server.rpc.timeout.max)
2023-05-31 22:57:48,157 [grpc-default-executor-4] INFO  server.RaftServer$Division (RaftServerImpl.java:requestVote(1302)) - d17261cb-7782-4d5f-ae0d-593ca4af9c73@group-FF6D5E61F6B2: receive requestVote(PRE_VOTE, 667d9742-fdde-4102-a217-b966604d27c1, group-FF6D5E61F6B2, 0, (t:0, i:0))
2023-05-31 22:57:48,157 [grpc-default-executor-3] INFO  impl.RoleInfo (RoleInfo.java:updateAndGet(139)) - 667d9742-fdde-4102-a217-b966604d27c1: start 667d9742-fdde-4102-a217-b966604d27c1@group-07921CB9432D-FollowerState
2023-05-31 22:57:48,157 [grpc-default-executor-4] INFO  impl.VoteContext (VoteContext.java:log(49)) - d17261cb-7782-4d5f-ae0d-593ca4af9c73@group-FF6D5E61F6B2-FOLLOWER: reject PRE_VOTE from 667d9742-fdde-4102-a217-b966604d27c1: our priority 1 > candidate's priority 0
2023-05-31 22:57:48,157 [667d9742-fdde-4102-a217-b966604d27c1@group-07921CB9432D-FollowerState] INFO  impl.FollowerState (FollowerState.java:run(152)) - 667d9742-fdde-4102-a217-b966604d27c1@group-07921CB9432D-FollowerState was interrupted
2023-05-31 22:57:48,157 [grpc-default-executor-4] INFO  server.RaftServer$Division (RaftServerImpl.java:requestVote(1335)) - d17261cb-7782-4d5f-ae0d-593ca4af9c73@group-FF6D5E61F6B2 replies to PRE_VOTE vote request: 667d9742-fdde-4102-a217-b966604d27c1<-d17261cb-7782-4d5f-ae0d-593ca4af9c73#0:FAIL-t0. Peer's state: d17261cb-7782-4d5f-ae0d-593ca4af9c73@group-FF6D5E61F6B2:t0, leader=null, voted=, raftlog=Memoized:d17261cb-7782-4d5f-ae0d-593ca4af9c73@group-FF6D5E61F6B2-SegmentedRaftLog:OPENED:c-1, conf=-1: peers:[7c39489c-1c03-44c3-8ed9-36ad43776b05|rpc:10.1.0.15:15086|admin:10.1.0.15:15085|client:10.1.0.15:15084|dataStream:10.1.0.15:15087|priority:0|startupRole:FOLLOWER, 667d9742-fdde-4102-a217-b966604d27c1|rpc:10.1.0.15:15068|admin:10.1.0.15:15067|client:10.1.0.15:15066|dataStream:10.1.0.15:15069|priority:0|startupRole:FOLLOWER, d17261cb-7782-4d5f-ae0d-593ca4af9c73|rpc:10.1.0.15:15077|admin:10.1.0.15:15076|client:10.1.0.15:15075|dataStream:10.1.0.15:15078|priority:1|startupRole:FOLLOWER]|listeners:[], old=null
2023-05-31 22:57:48,157 [grpc-default-executor-8] INFO  server.RaftServer$Division (RaftServerImpl.java:requestVote(1302)) - 7c39489c-1c03-44c3-8ed9-36ad43776b05@group-FF6D5E61F6B2: receive requestVote(PRE_VOTE, 667d9742-fdde-4102-a217-b966604d27c1, group-FF6D5E61F6B2, 0, (t:0, i:0))
2023-05-31 22:57:48,158 [grpc-default-executor-8] INFO  impl.VoteContext (VoteContext.java:log(49)) - 7c39489c-1c03-44c3-8ed9-36ad43776b05@group-FF6D5E61F6B2-FOLLOWER: accept PRE_VOTE from 667d9742-fdde-4102-a217-b966604d27c1: our priority 0 <= candidate's priority 0
2023-05-31 22:57:48,158 [grpc-default-executor-8] INFO  server.RaftServer$Division (RaftServerImpl.java:requestVote(1335)) - 7c39489c-1c03-44c3-8ed9-36ad43776b05@group-FF6D5E61F6B2 replies to PRE_VOTE vote request: 667d9742-fdde-4102-a217-b966604d27c1<-7c39489c-1c03-44c3-8ed9-36ad43776b05#0:OK-t0. Peer's state: 7c39489c-1c03-44c3-8ed9-36ad43776b05@group-FF6D5E61F6B2:t0, leader=null, voted=, raftlog=Memoized:7c39489c-1c03-44c3-8ed9-36ad43776b05@group-FF6D5E61F6B2-SegmentedRaftLog:OPENED:c-1, conf=-1: peers:[7c39489c-1c03-44c3-8ed9-36ad43776b05|rpc:10.1.0.15:15086|admin:10.1.0.15:15085|client:10.1.0.15:15084|dataStream:10.1.0.15:15087|priority:0|startupRole:FOLLOWER, 667d9742-fdde-4102-a217-b966604d27c1|rpc:10.1.0.15:15068|admin:10.1.0.15:15067|client:10.1.0.15:15066|dataStream:10.1.0.15:15069|priority:0|startupRole:FOLLOWER, d17261cb-7782-4d5f-ae0d-593ca4af9c73|rpc:10.1.0.15:15077|admin:10.1.0.15:15076|client:10.1.0.15:15075|dataStream:10.1.0.15:15078|priority:1|startupRole:FOLLOWER]|listeners:[], old=null
2023-05-31 22:57:48,161 [d17261cb-7782-4d5f-ae0d-593ca4af9c73@group-DE68AEA7FC04-LeaderElection17] INFO  impl.LeaderElection (LeaderElection.java:askForVotes(321)) - d17261cb-7782-4d5f-ae0d-593ca4af9c73@group-DE68AEA7FC04-LeaderElection17 PRE_VOTE round 0: submit vote requests at term 0 for -1: peers:[d17261cb-7782-4d5f-ae0d-593ca4af9c73|rpc:10.1.0.15:15077|admin:10.1.0.15:15076|client:10.1.0.15:15075|dataStream:10.1.0.15:15078|priority:1|startupRole:FOLLOWER]|listeners:[], old=null
2023-05-31 22:57:48,161 [d17261cb-7782-4d5f-ae0d-593ca4af9c73@group-DE68AEA7FC04-LeaderElection17] INFO  impl.LeaderElection (LeaderElection.java:askForVotes(323)) - d17261cb-7782-4d5f-ae0d-593ca4af9c73@group-DE68AEA7FC04-LeaderElection17 PRE_VOTE round 0: result PASSED (term=0)
2023-05-31 22:57:48,163 [d17261cb-7782-4d5f-ae0d-593ca4af9c73@group-DE68AEA7FC04-LeaderElection17] INFO  impl.LeaderElection (LeaderElection.java:askForVotes(321)) - d17261cb-7782-4d5f-ae0d-593ca4af9c73@group-DE68AEA7FC04-LeaderElection17 ELECTION round 0: submit vote requests at term 1 for -1: peers:[d17261cb-7782-4d5f-ae0d-593ca4af9c73|rpc:10.1.0.15:15077|admin:10.1.0.15:15076|client:10.1.0.15:15075|dataStream:10.1.0.15:15078|priority:1|startupRole:FOLLOWER]|listeners:[], old=null
2023-05-31 22:57:48,163 [d17261cb-7782-4d5f-ae0d-593ca4af9c73@group-DE68AEA7FC04-LeaderElection17] INFO  impl.LeaderElection (LeaderElection.java:askForVotes(323)) - d17261cb-7782-4d5f-ae0d-593ca4af9c73@group-DE68AEA7FC04-LeaderElection17 ELECTION round 0: result PASSED (term=1)
2023-05-31 22:57:48,163 [d17261cb-7782-4d5f-ae0d-593ca4af9c73@group-DE68AEA7FC04-LeaderElection17] INFO  impl.RoleInfo (RoleInfo.java:shutdownLeaderElection(130)) - d17261cb-7782-4d5f-ae0d-593ca4af9c73: shutdown d17261cb-7782-4d5f-ae0d-593ca4af9c73@group-DE68AEA7FC04-LeaderElection17
2023-05-31 22:57:48,163 [d17261cb-7782-4d5f-ae0d-593ca4af9c73@group-DE68AEA7FC04-LeaderElection17] INFO  server.RaftServer$Division (RaftServerImpl.java:setRole(329)) - d17261cb-7782-4d5f-ae0d-593ca4af9c73@group-DE68AEA7FC04: changes role from CANDIDATE to LEADER at term 1 for changeToLeader
2023-05-31 22:57:48,163 [d17261cb-7782-4d5f-ae0d-593ca4af9c73@group-DE68AEA7FC04-LeaderElection17] INFO  ratis.XceiverServerRatis (XceiverServerRatis.java:handleLeaderChangedNotification(902)) - Leader change notification received for group: group-DE68AEA7FC04 with new leaderId: d17261cb-7782-4d5f-ae0d-593ca4af9c73
2023-05-31 22:57:48,163 [d17261cb-7782-4d5f-ae0d-593ca4af9c73@group-DE68AEA7FC04-LeaderElection17] INFO  server.RaftServer$Division (ServerState.java:setLeader(317)) - d17261cb-7782-4d5f-ae0d-593ca4af9c73@group-DE68AEA7FC04: change Leader from null to d17261cb-7782-4d5f-ae0d-593ca4af9c73 at term 1 for becomeLeader, leader elected after 5159ms
2023-05-31 22:57:48,164 [d17261cb-7782-4d5f-ae0d-593ca4af9c73@group-DE68AEA7FC04-LeaderElection17] INFO  server.RaftServerConfigKeys (ConfUtils.java:logGet(46)) - raft.server.staging.catchup.gap = 1000 (default)
2023-05-31 22:57:48,164 [d17261cb-7782-4d5f-ae0d-593ca4af9c73@group-DE68AEA7FC04-LeaderElection17] INFO  server.RaftServerConfigKeys (ConfUtils.java:logGet(46)) - raft.server.write.element-limit = 1024 (custom)
2023-05-31 22:57:48,164 [d17261cb-7782-4d5f-ae0d-593ca4af9c73@group-DE68AEA7FC04-LeaderElection17] INFO  server.RaftServerConfigKeys (ConfUtils.java:logGet(46)) - raft.server.write.byte-limit = 1024 M (=1073741824) (custom)
2023-05-31 22:57:48,165 [d17261cb-7782-4d5f-ae0d-593ca4af9c73@group-DE68AEA7FC04-LeaderElection17] INFO  server.RaftServerConfigKeys (ConfUtils.java:logGet(46)) - raft.server.watch.timeout = 180s (custom)
2023-05-31 22:57:48,166 [d17261cb-7782-4d5f-ae0d-593ca4af9c73@group-DE68AEA7FC04-LeaderElection17] INFO  server.RaftServerConfigKeys (ConfUtils.java:logGet(46)) - raft.server.watch.timeout.denomination = 1s (default)
2023-05-31 22:57:48,166 [d17261cb-7782-4d5f-ae0d-593ca4af9c73@group-DE68AEA7FC04-LeaderElection17] INFO  server.RaftServerConfigKeys (ConfUtils.java:logGet(46)) - raft.server.watch.element-limit = 65536 (default)
2023-05-31 22:57:48,166 [d17261cb-7782-4d5f-ae0d-593ca4af9c73@group-DE68AEA7FC04-LeaderElection17] INFO  server.RaftServerConfigKeys (ConfUtils.java:logGet(46)) - raft.server.write.element-limit = 1024 (custom)
2023-05-31 22:57:48,166 [d17261cb-7782-4d5f-ae0d-593ca4af9c73@group-DE68AEA7FC04-LeaderElection17] INFO  server.RaftServerConfigKeys (ConfUtils.java:logGet(46)) - raft.server.write.follower.gap.ratio.max = -1.0 (default)
2023-05-31 22:57:48,166 [d17261cb-7782-4d5f-ae0d-593ca4af9c73@group-DE68AEA7FC04-LeaderElection17] INFO  impl.RoleInfo (RoleInfo.java:updateAndGet(139)) - d17261cb-7782-4d5f-ae0d-593ca4af9c73: start d17261cb-7782-4d5f-ae0d-593ca4af9c73@group-DE68AEA7FC04-LeaderStateImpl
2023-05-31 22:57:48,167 [d17261cb-7782-4d5f-ae0d-593ca4af9c73@group-DE68AEA7FC04-LeaderElection17] INFO  segmented.SegmentedRaftLogWorker (SegmentedRaftLogWorker.java:startLogSegment(447)) - d17261cb-7782-4d5f-ae0d-593ca4af9c73@group-DE68AEA7FC04-SegmentedRaftLogWorker: Starting segment from index:0
2023-05-31 22:57:48,169 [grpc-default-executor-6] INFO  server.RaftServer$Division (RaftServerImpl.java:requestVote(1302)) - d17261cb-7782-4d5f-ae0d-593ca4af9c73@group-07921CB9432D: receive requestVote(ELECTION, 7c39489c-1c03-44c3-8ed9-36ad43776b05, group-07921CB9432D, 1, (t:0, i:0))
2023-05-31 22:57:48,169 [grpc-default-executor-6] INFO  impl.VoteContext (VoteContext.java:log(49)) - d17261cb-7782-4d5f-ae0d-593ca4af9c73@group-07921CB9432D-FOLLOWER: accept ELECTION from 7c39489c-1c03-44c3-8ed9-36ad43776b05: our priority 0 <= candidate's priority 1
2023-05-31 22:57:48,169 [667d9742-fdde-4102-a217-b966604d27c1@group-FF6D5E61F6B2-LeaderElection16] INFO  impl.LeaderElection (LeaderElection.java:logAndReturn(90)) - 667d9742-fdde-4102-a217-b966604d27c1@group-FF6D5E61F6B2-LeaderElection16: PRE_VOTE REJECTED received 2 response(s) and 0 exception(s):
2023-05-31 22:57:48,169 [grpc-default-executor-6] INFO  server.RaftServer$Division (RaftServerImpl.java:setRole(329)) - d17261cb-7782-4d5f-ae0d-593ca4af9c73@group-07921CB9432D: changes role from  FOLLOWER to FOLLOWER at term 1 for candidate:7c39489c-1c03-44c3-8ed9-36ad43776b05
2023-05-31 22:57:48,170 [grpc-default-executor-6] INFO  impl.RoleInfo (RoleInfo.java:shutdownFollowerState(110)) - d17261cb-7782-4d5f-ae0d-593ca4af9c73: shutdown d17261cb-7782-4d5f-ae0d-593ca4af9c73@group-07921CB9432D-FollowerState
2023-05-31 22:57:48,170 [grpc-default-executor-6] INFO  impl.RoleInfo (RoleInfo.java:updateAndGet(139)) - d17261cb-7782-4d5f-ae0d-593ca4af9c73: start d17261cb-7782-4d5f-ae0d-593ca4af9c73@group-07921CB9432D-FollowerState
2023-05-31 22:57:48,170 [d17261cb-7782-4d5f-ae0d-593ca4af9c73@group-07921CB9432D-FollowerState] INFO  impl.FollowerState (FollowerState.java:run(152)) - d17261cb-7782-4d5f-ae0d-593ca4af9c73@group-07921CB9432D-FollowerState was interrupted
2023-05-31 22:57:48,169 [667d9742-fdde-4102-a217-b966604d27c1@group-FF6D5E61F6B2-LeaderElection16] INFO  impl.LeaderElection (LeaderElection.java:logAndReturn(94)) -   Response 0: 667d9742-fdde-4102-a217-b966604d27c1<-7c39489c-1c03-44c3-8ed9-36ad43776b05#0:OK-t0
2023-05-31 22:57:48,171 [667d9742-fdde-4102-a217-b966604d27c1@group-FF6D5E61F6B2-LeaderElection16] INFO  impl.LeaderElection (LeaderElection.java:logAndReturn(94)) -   Response 1: 667d9742-fdde-4102-a217-b966604d27c1<-d17261cb-7782-4d5f-ae0d-593ca4af9c73#0:FAIL-t0
2023-05-31 22:57:48,171 [grpc-default-executor-3] INFO  server.RaftServer$Division (RaftServerImpl.java:requestVote(1335)) - 667d9742-fdde-4102-a217-b966604d27c1@group-07921CB9432D replies to ELECTION vote request: 7c39489c-1c03-44c3-8ed9-36ad43776b05<-667d9742-fdde-4102-a217-b966604d27c1#0:OK-t1. Peer's state: 667d9742-fdde-4102-a217-b966604d27c1@group-07921CB9432D:t1, leader=null, voted=7c39489c-1c03-44c3-8ed9-36ad43776b05, raftlog=Memoized:667d9742-fdde-4102-a217-b966604d27c1@group-07921CB9432D-SegmentedRaftLog:OPENED:c-1, conf=-1: peers:[7c39489c-1c03-44c3-8ed9-36ad43776b05|rpc:10.1.0.15:15086|admin:10.1.0.15:15085|client:10.1.0.15:15084|dataStream:10.1.0.15:15087|priority:1|startupRole:FOLLOWER, 667d9742-fdde-4102-a217-b966604d27c1|rpc:10.1.0.15:15068|admin:10.1.0.15:15067|client:10.1.0.15:15066|dataStream:10.1.0.15:15069|priority:0|startupRole:FOLLOWER, d17261cb-7782-4d5f-ae0d-593ca4af9c73|rpc:10.1.0.15:15077|admin:10.1.0.15:15076|client:10.1.0.15:15075|dataStream:10.1.0.15:15078|priority:0|startupRole:FOLLOWER]|listeners:[], old=null
2023-05-31 22:57:48,172 [d17261cb-7782-4d5f-ae0d-593ca4af9c73@group-DE68AEA7FC04-SegmentedRaftLogWorker] INFO  segmented.SegmentedRaftLogWorker (SegmentedRaftLogWorker.java:execute(651)) - d17261cb-7782-4d5f-ae0d-593ca4af9c73@group-DE68AEA7FC04-SegmentedRaftLogWorker: created new log segment /home/runner/work/ozone/ozone/hadoop-ozone/integration-test/target/test-dir/MiniOzoneClusterImpl-816a41a7-5c89-4e8c-81ba-db0c8b26fb2d/datanode-7/data/ratis/265b3ebd-d575-4c7c-a0ce-de68aea7fc04/current/log_inprogress_0
2023-05-31 22:57:48,176 [667d9742-fdde-4102-a217-b966604d27c1@group-FF6D5E61F6B2-LeaderElection16] INFO  impl.LeaderElection (LeaderElection.java:askForVotes(323)) - 667d9742-fdde-4102-a217-b966604d27c1@group-FF6D5E61F6B2-LeaderElection16 PRE_VOTE round 0: result REJECTED
2023-05-31 22:57:48,176 [667d9742-fdde-4102-a217-b966604d27c1@group-FF6D5E61F6B2-LeaderElection16] INFO  server.RaftServer$Division (RaftServerImpl.java:setRole(329)) - 667d9742-fdde-4102-a217-b966604d27c1@group-FF6D5E61F6B2: changes role from CANDIDATE to FOLLOWER at term 0 for REJECTED
2023-05-31 22:57:48,177 [667d9742-fdde-4102-a217-b966604d27c1@group-FF6D5E61F6B2-LeaderElection16] INFO  impl.RoleInfo (RoleInfo.java:shutdownLeaderElection(130)) - 667d9742-fdde-4102-a217-b966604d27c1: shutdown 667d9742-fdde-4102-a217-b966604d27c1@group-FF6D5E61F6B2-LeaderElection16
2023-05-31 22:57:48,177 [grpc-default-executor-6] INFO  server.RaftServer$Division (RaftServerImpl.java:requestVote(1335)) - d17261cb-7782-4d5f-ae0d-593ca4af9c73@group-07921CB9432D replies to ELECTION vote request: 7c39489c-1c03-44c3-8ed9-36ad43776b05<-d17261cb-7782-4d5f-ae0d-593ca4af9c73#0:OK-t1. Peer's state: d17261cb-7782-4d5f-ae0d-593ca4af9c73@group-07921CB9432D:t1, leader=null, voted=7c39489c-1c03-44c3-8ed9-36ad43776b05, raftlog=Memoized:d17261cb-7782-4d5f-ae0d-593ca4af9c73@group-07921CB9432D-SegmentedRaftLog:OPENED:c-1, conf=-1: peers:[7c39489c-1c03-44c3-8ed9-36ad43776b05|rpc:10.1.0.15:15086|admin:10.1.0.15:15085|client:10.1.0.15:15084|dataStream:10.1.0.15:15087|priority:1|startupRole:FOLLOWER, 667d9742-fdde-4102-a217-b966604d27c1|rpc:10.1.0.15:15068|admin:10.1.0.15:15067|client:10.1.0.15:15066|dataStream:10.1.0.15:15069|priority:0|startupRole:FOLLOWER, d17261cb-7782-4d5f-ae0d-593ca4af9c73|rpc:10.1.0.15:15077|admin:10.1.0.15:15076|client:10.1.0.15:15075|dataStream:10.1.0.15:15078|priority:0|startupRole:FOLLOWER]|listeners:[], old=null
2023-05-31 22:57:48,177 [d17261cb-7782-4d5f-ae0d-593ca4af9c73@group-DE68AEA7FC04-LeaderElection17] INFO  server.RaftServer$Division (ServerState.java:setRaftConf(434)) - d17261cb-7782-4d5f-ae0d-593ca4af9c73@group-DE68AEA7FC04: set configuration 0: peers:[d17261cb-7782-4d5f-ae0d-593ca4af9c73|rpc:10.1.0.15:15077|admin:10.1.0.15:15076|client:10.1.0.15:15075|dataStream:10.1.0.15:15078|priority:1|startupRole:FOLLOWER]|listeners:[], old=null
2023-05-31 22:57:48,177 [667d9742-fdde-4102-a217-b966604d27c1@group-FF6D5E61F6B2-LeaderElection16] INFO  impl.RoleInfo (RoleInfo.java:updateAndGet(139)) - 667d9742-fdde-4102-a217-b966604d27c1: start 667d9742-fdde-4102-a217-b966604d27c1@group-FF6D5E61F6B2-FollowerState
2023-05-31 22:57:48,186 [7c39489c-1c03-44c3-8ed9-36ad43776b05@group-07921CB9432D-LeaderElection15] INFO  impl.LeaderElection (LeaderElection.java:logAndReturn(90)) - 7c39489c-1c03-44c3-8ed9-36ad43776b05@group-07921CB9432D-LeaderElection15: ELECTION PASSED received 1 response(s) and 0 exception(s):
2023-05-31 22:57:48,188 [7c39489c-1c03-44c3-8ed9-36ad43776b05@group-07921CB9432D-LeaderElection15] INFO  impl.LeaderElection (LeaderElection.java:logAndReturn(94)) -   Response 0: 7c39489c-1c03-44c3-8ed9-36ad43776b05<-667d9742-fdde-4102-a217-b966604d27c1#0:OK-t1
2023-05-31 22:57:48,189 [7c39489c-1c03-44c3-8ed9-36ad43776b05@group-07921CB9432D-LeaderElection15] INFO  impl.LeaderElection (LeaderElection.java:askForVotes(323)) - 7c39489c-1c03-44c3-8ed9-36ad43776b05@group-07921CB9432D-LeaderElection15 ELECTION round 0: result PASSED
2023-05-31 22:57:48,189 [7c39489c-1c03-44c3-8ed9-36ad43776b05@group-07921CB9432D-LeaderElection15] INFO  impl.RoleInfo (RoleInfo.java:shutdownLeaderElection(130)) - 7c39489c-1c03-44c3-8ed9-36ad43776b05: shutdown 7c39489c-1c03-44c3-8ed9-36ad43776b05@group-07921CB9432D-LeaderElection15
2023-05-31 22:57:48,189 [7c39489c-1c03-44c3-8ed9-36ad43776b05@group-07921CB9432D-LeaderElection15] INFO  server.RaftServer$Division (RaftServerImpl.java:setRole(329)) - 7c39489c-1c03-44c3-8ed9-36ad43776b05@group-07921CB9432D: changes role from CANDIDATE to LEADER at term 1 for changeToLeader
2023-05-31 22:57:48,189 [7c39489c-1c03-44c3-8ed9-36ad43776b05@group-07921CB9432D-LeaderElection15] INFO  ratis.XceiverServerRatis (XceiverServerRatis.java:handleLeaderChangedNotification(902)) - Leader change notification received for group: group-07921CB9432D with new leaderId: 7c39489c-1c03-44c3-8ed9-36ad43776b05
2023-05-31 22:57:48,193 [7c39489c-1c03-44c3-8ed9-36ad43776b05@group-07921CB9432D-LeaderElection15] INFO  server.RaftServer$Division (ServerState.java:setLeader(317)) - 7c39489c-1c03-44c3-8ed9-36ad43776b05@group-07921CB9432D: change Leader from null to 7c39489c-1c03-44c3-8ed9-36ad43776b05 at term 1 for becomeLeader, leader elected after 5599ms
2023-05-31 22:57:48,193 [7c39489c-1c03-44c3-8ed9-36ad43776b05@group-07921CB9432D-LeaderElection15] INFO  server.RaftServerConfigKeys (ConfUtils.java:logGet(46)) - raft.server.staging.catchup.gap = 1000 (default)
2023-05-31 22:57:48,194 [7c39489c-1c03-44c3-8ed9-36ad43776b05@group-07921CB9432D-LeaderElection15] INFO  server.RaftServerConfigKeys (ConfUtils.java:logGet(46)) - raft.server.write.element-limit = 1024 (custom)
2023-05-31 22:57:48,194 [7c39489c-1c03-44c3-8ed9-36ad43776b05@group-07921CB9432D-LeaderElection15] INFO  server.RaftServerConfigKeys (ConfUtils.java:logGet(46)) - raft.server.write.byte-limit = 1024 M (=1073741824) (custom)
2023-05-31 22:57:48,203 [EventQueue-PipelineReportForPipelineReportHandler] INFO  pipeline.PipelineManagerImpl (PipelineManagerImpl.java:openPipeline(367)) - Pipeline Pipeline[ Id: 47a86795-ee58-4141-9559-07921cb9432d, Nodes: 667d9742-fdde-4102-a217-b966604d27c1(fv-az844-56.kvdfyhrxhd0epk3sa4trub4njc.xx.internal.cloudapp.net/10.1.0.15)d17261cb-7782-4d5f-ae0d-593ca4af9c73(fv-az844-56.kvdfyhrxhd0epk3sa4trub4njc.xx.internal.cloudapp.net/10.1.0.15)7c39489c-1c03-44c3-8ed9-36ad43776b05(fv-az844-56.kvdfyhrxhd0epk3sa4trub4njc.xx.internal.cloudapp.net/10.1.0.15), ReplicationConfig: RATIS/THREE, State:ALLOCATED, leaderId:7c39489c-1c03-44c3-8ed9-36ad43776b05, CreationTimestamp2023-05-31T22:57:40.259Z[Etc/UTC]] moved to OPEN state
2023-05-31 22:57:48,209 [7c39489c-1c03-44c3-8ed9-36ad43776b05@group-FF6D5E61F6B2-FollowerState] INFO  server.RaftServerConfigKeys (ConfUtils.java:logFallback(53)) - raft.server.rpc.first-election.timeout.min = 5s (fallback to raft.server.rpc.timeout.min)
2023-05-31 22:57:48,209 [7c39489c-1c03-44c3-8ed9-36ad43776b05@group-FF6D5E61F6B2-FollowerState] INFO  server.RaftServerConfigKeys (ConfUtils.java:logFallback(53)) - raft.server.rpc.first-election.timeout.max = 5200ms (fallback to raft.server.rpc.timeout.max)
2023-05-31 22:57:48,210 [7c39489c-1c03-44c3-8ed9-36ad43776b05@group-07921CB9432D-LeaderElection15] INFO  server.RaftServerConfigKeys (ConfUtils.java:logGet(46)) - raft.server.watch.timeout = 180s (custom)
2023-05-31 22:57:48,210 [7c39489c-1c03-44c3-8ed9-36ad43776b05@group-07921CB9432D-LeaderElection15] INFO  server.RaftServerConfigKeys (ConfUtils.java:logGet(46)) - raft.server.watch.timeout.denomination = 1s (default)
2023-05-31 22:57:48,210 [7c39489c-1c03-44c3-8ed9-36ad43776b05@group-07921CB9432D-LeaderElection15] INFO  server.RaftServerConfigKeys (ConfUtils.java:logGet(46)) - raft.server.watch.element-limit = 65536 (default)
2023-05-31 22:57:48,211 [7c39489c-1c03-44c3-8ed9-36ad43776b05@group-07921CB9432D-LeaderElection15] INFO  server.RaftServerConfigKeys (ConfUtils.java:logGet(46)) - raft.server.write.element-limit = 1024 (custom)
2023-05-31 22:57:48,211 [7c39489c-1c03-44c3-8ed9-36ad43776b05@group-07921CB9432D-LeaderElection15] INFO  server.RaftServerConfigKeys (ConfUtils.java:logGet(46)) - raft.server.write.follower.gap.ratio.max = -1.0 (default)
2023-05-31 22:57:48,211 [7c39489c-1c03-44c3-8ed9-36ad43776b05@group-07921CB9432D-LeaderElection15] INFO  server.RaftServerConfigKeys (ConfUtils.java:logGet(46)) - raft.server.log.appender.snapshot.chunk.size.max = 16MB (=16777216) (default)
2023-05-31 22:57:48,212 [7c39489c-1c03-44c3-8ed9-36ad43776b05@group-07921CB9432D-LeaderElection15] INFO  server.RaftServerConfigKeys (ConfUtils.java:logGet(46)) - raft.server.log.appender.buffer.byte-limit = 33554432 (custom)
2023-05-31 22:57:48,212 [7c39489c-1c03-44c3-8ed9-36ad43776b05@group-07921CB9432D-LeaderElection15] INFO  server.RaftServerConfigKeys (ConfUtils.java:logGet(46)) - raft.server.log.appender.buffer.element-limit = 1 (custom)
2023-05-31 22:57:48,212 [7c39489c-1c03-44c3-8ed9-36ad43776b05@group-07921CB9432D-LeaderElection15] INFO  server.RaftServerConfigKeys (ConfUtils.java:logGet(46)) - raft.server.log.appender.wait-time.min = 10ms (default)
2023-05-31 22:57:48,214 [7c39489c-1c03-44c3-8ed9-36ad43776b05@group-07921CB9432D-LeaderElection15] INFO  grpc.GrpcConfigKeys (ConfUtils.java:logGet(46)) - raft.grpc.server.leader.outstanding.appends.max = 128 (default)
2023-05-31 22:57:48,214 [7c39489c-1c03-44c3-8ed9-36ad43776b05@group-07921CB9432D-LeaderElection15] INFO  server.RaftServerConfigKeys (ConfUtils.java:logGet(46)) - raft.server.rpc.request.timeout = 60s (custom)
2023-05-31 22:57:48,214 [7c39489c-1c03-44c3-8ed9-36ad43776b05@group-07921CB9432D-LeaderElection15] INFO  grpc.GrpcConfigKeys (ConfUtils.java:logGet(46)) - raft.grpc.server.install_snapshot.request.element-limit = 8 (default)
2023-05-31 22:57:48,214 [7c39489c-1c03-44c3-8ed9-36ad43776b05@group-07921CB9432D-LeaderElection15] INFO  grpc.GrpcConfigKeys (ConfUtils.java:logGet(46)) - raft.grpc.server.install_snapshot.request.timeout = 3000ms (default)
2023-05-31 22:57:48,214 [7c39489c-1c03-44c3-8ed9-36ad43776b05@group-07921CB9432D-LeaderElection15] INFO  server.RaftServerConfigKeys (ConfUtils.java:logGet(46)) - raft.server.log.appender.install.snapshot.enabled = false (custom)
2023-05-31 22:57:48,214 [7c39489c-1c03-44c3-8ed9-36ad43776b05@group-07921CB9432D-LeaderElection15] INFO  grpc.GrpcConfigKeys (ConfUtils.java:logGet(46)) - raft.grpc.server.heartbeat.channel = true (default)
2023-05-31 22:57:48,215 [7c39489c-1c03-44c3-8ed9-36ad43776b05@group-07921CB9432D-LeaderElection15] INFO  server.RaftServerConfigKeys (ConfUtils.java:logGet(46)) - raft.server.log.appender.snapshot.chunk.size.max = 16MB (=16777216) (default)
2023-05-31 22:57:48,215 [7c39489c-1c03-44c3-8ed9-36ad43776b05@group-07921CB9432D-LeaderElection15] INFO  server.RaftServerConfigKeys (ConfUtils.java:logGet(46)) - raft.server.log.appender.buffer.byte-limit = 33554432 (custom)
2023-05-31 22:57:48,215 [7c39489c-1c03-44c3-8ed9-36ad43776b05@group-07921CB9432D-LeaderElection15] INFO  server.RaftServerConfigKeys (ConfUtils.java:logGet(46)) - raft.server.log.appender.buffer.element-limit = 1 (custom)
2023-05-31 22:57:48,216 [7c39489c-1c03-44c3-8ed9-36ad43776b05@group-07921CB9432D-LeaderElection15] INFO  server.RaftServerConfigKeys (ConfUtils.java:logGet(46)) - raft.server.log.appender.wait-time.min = 10ms (default)
2023-05-31 22:57:48,216 [7c39489c-1c03-44c3-8ed9-36ad43776b05@group-07921CB9432D-LeaderElection15] INFO  grpc.GrpcConfigKeys (ConfUtils.java:logGet(46)) - raft.grpc.server.leader.outstanding.appends.max = 128 (default)
2023-05-31 22:57:48,216 [7c39489c-1c03-44c3-8ed9-36ad43776b05@group-07921CB9432D-LeaderElection15] INFO  server.RaftServerConfigKeys (ConfUtils.java:logGet(46)) - raft.server.rpc.request.timeout = 60s (custom)
2023-05-31 22:57:48,216 [7c39489c-1c03-44c3-8ed9-36ad43776b05@group-07921CB9432D-LeaderElection15] INFO  grpc.GrpcConfigKeys (ConfUtils.java:logGet(46)) - raft.grpc.server.install_snapshot.request.element-limit = 8 (default)
2023-05-31 22:57:48,217 [7c39489c-1c03-44c3-8ed9-36ad43776b05@group-07921CB9432D-LeaderElection15] INFO  grpc.GrpcConfigKeys (ConfUtils.java:logGet(46)) - raft.grpc.server.install_snapshot.request.timeout = 3000ms (default)
2023-05-31 22:57:48,217 [7c39489c-1c03-44c3-8ed9-36ad43776b05@group-07921CB9432D-LeaderElection15] INFO  server.RaftServerConfigKeys (ConfUtils.java:logGet(46)) - raft.server.log.appender.install.snapshot.enabled = false (custom)
2023-05-31 22:57:48,217 [7c39489c-1c03-44c3-8ed9-36ad43776b05@group-07921CB9432D-LeaderElection15] INFO  grpc.GrpcConfigKeys (ConfUtils.java:logGet(46)) - raft.grpc.server.heartbeat.channel = true (default)
2023-05-31 22:57:48,217 [7c39489c-1c03-44c3-8ed9-36ad43776b05@group-07921CB9432D-LeaderElection15] INFO  impl.RoleInfo (RoleInfo.java:updateAndGet(139)) - 7c39489c-1c03-44c3-8ed9-36ad43776b05: start 7c39489c-1c03-44c3-8ed9-36ad43776b05@group-07921CB9432D-LeaderStateImpl
2023-05-31 22:57:48,217 [7c39489c-1c03-44c3-8ed9-36ad43776b05@group-07921CB9432D-LeaderElection15] INFO  segmented.SegmentedRaftLogWorker (SegmentedRaftLogWorker.java:startLogSegment(447)) - 7c39489c-1c03-44c3-8ed9-36ad43776b05@group-07921CB9432D-SegmentedRaftLogWorker: Starting segment from index:0
2023-05-31 22:57:48,220 [7c39489c-1c03-44c3-8ed9-36ad43776b05@group-07921CB9432D-SegmentedRaftLogWorker] INFO  segmented.SegmentedRaftLogWorker (SegmentedRaftLogWorker.java:execute(651)) - 7c39489c-1c03-44c3-8ed9-36ad43776b05@group-07921CB9432D-SegmentedRaftLogWorker: created new log segment /home/runner/work/ozone/ozone/hadoop-ozone/integration-test/target/test-dir/MiniOzoneClusterImpl-816a41a7-5c89-4e8c-81ba-db0c8b26fb2d/datanode-8/data/ratis/47a86795-ee58-4141-9559-07921cb9432d/current/log_inprogress_0
2023-05-31 22:57:48,232 [7c39489c-1c03-44c3-8ed9-36ad43776b05@group-07921CB9432D-LeaderElection15] INFO  server.RaftServer$Division (ServerState.java:setRaftConf(434)) - 7c39489c-1c03-44c3-8ed9-36ad43776b05@group-07921CB9432D: set configuration 0: peers:[7c39489c-1c03-44c3-8ed9-36ad43776b05|rpc:10.1.0.15:15086|admin:10.1.0.15:15085|client:10.1.0.15:15084|dataStream:10.1.0.15:15087|priority:1|startupRole:FOLLOWER, 667d9742-fdde-4102-a217-b966604d27c1|rpc:10.1.0.15:15068|admin:10.1.0.15:15067|client:10.1.0.15:15066|dataStream:10.1.0.15:15069|priority:0|startupRole:FOLLOWER, d17261cb-7782-4d5f-ae0d-593ca4af9c73|rpc:10.1.0.15:15077|admin:10.1.0.15:15076|client:10.1.0.15:15075|dataStream:10.1.0.15:15078|priority:0|startupRole:FOLLOWER]|listeners:[], old=null
2023-05-31 22:57:48,248 [667d9742-fdde-4102-a217-b966604d27c1-server-thread1] INFO  ratis.XceiverServerRatis (XceiverServerRatis.java:handleLeaderChangedNotification(902)) - Leader change notification received for group: group-07921CB9432D with new leaderId: 7c39489c-1c03-44c3-8ed9-36ad43776b05
2023-05-31 22:57:48,248 [667d9742-fdde-4102-a217-b966604d27c1-server-thread1] INFO  server.RaftServer$Division (ServerState.java:setLeader(317)) - 667d9742-fdde-4102-a217-b966604d27c1@group-07921CB9432D: change Leader from null to 7c39489c-1c03-44c3-8ed9-36ad43776b05 at term 1 for appendEntries, leader elected after 5779ms
2023-05-31 22:57:48,261 [d17261cb-7782-4d5f-ae0d-593ca4af9c73@group-FF6D5E61F6B2-FollowerState] INFO  impl.FollowerState (FollowerState.java:run(143)) - d17261cb-7782-4d5f-ae0d-593ca4af9c73@group-FF6D5E61F6B2-FollowerState: change to CANDIDATE, lastRpcElapsedTime:5164425605ns, electionTimeout:5150ms
2023-05-31 22:57:48,266 [d17261cb-7782-4d5f-ae0d-593ca4af9c73-server-thread1] INFO  ratis.XceiverServerRatis (XceiverServerRatis.java:handleLeaderChangedNotification(902)) - Leader change notification received for group: group-07921CB9432D with new leaderId: 7c39489c-1c03-44c3-8ed9-36ad43776b05
2023-05-31 22:57:48,266 [d17261cb-7782-4d5f-ae0d-593ca4af9c73@group-FF6D5E61F6B2-FollowerState] INFO  impl.RoleInfo (RoleInfo.java:shutdownFollowerState(110)) - d17261cb-7782-4d5f-ae0d-593ca4af9c73: shutdown d17261cb-7782-4d5f-ae0d-593ca4af9c73@group-FF6D5E61F6B2-FollowerState
2023-05-31 22:57:48,266 [d17261cb-7782-4d5f-ae0d-593ca4af9c73-server-thread1] INFO  server.RaftServer$Division (ServerState.java:setLeader(317)) - d17261cb-7782-4d5f-ae0d-593ca4af9c73@group-07921CB9432D: change Leader from null to 7c39489c-1c03-44c3-8ed9-36ad43776b05 at term 1 for appendEntries, leader elected after 5744ms
2023-05-31 22:57:48,266 [d17261cb-7782-4d5f-ae0d-593ca4af9c73@group-FF6D5E61F6B2-FollowerState] INFO  server.RaftServer$Division (RaftServerImpl.java:setRole(329)) - d17261cb-7782-4d5f-ae0d-593ca4af9c73@group-FF6D5E61F6B2: changes role from  FOLLOWER to CANDIDATE at term 0 for changeToCandidate
2023-05-31 22:57:48,273 [667d9742-fdde-4102-a217-b966604d27c1-server-thread2] INFO  server.RaftServer$Division (ServerState.java:setRaftConf(434)) - 667d9742-fdde-4102-a217-b966604d27c1@group-07921CB9432D: set configuration 0: peers:[7c39489c-1c03-44c3-8ed9-36ad43776b05|rpc:10.1.0.15:15086|admin:10.1.0.15:15085|client:10.1.0.15:15084|dataStream:10.1.0.15:15087|priority:1|startupRole:FOLLOWER, 667d9742-fdde-4102-a217-b966604d27c1|rpc:10.1.0.15:15068|admin:10.1.0.15:15067|client:10.1.0.15:15066|dataStream:10.1.0.15:15069|priority:0|startupRole:FOLLOWER, d17261cb-7782-4d5f-ae0d-593ca4af9c73|rpc:10.1.0.15:15077|admin:10.1.0.15:15076|client:10.1.0.15:15075|dataStream:10.1.0.15:15078|priority:0|startupRole:FOLLOWER]|listeners:[], old=null
2023-05-31 22:57:48,273 [d17261cb-7782-4d5f-ae0d-593ca4af9c73@group-FF6D5E61F6B2-FollowerState] INFO  server.RaftServerConfigKeys (ConfUtils.java:logGet(46)) - raft.server.leaderelection.pre-vote = true (default)
2023-05-31 22:57:48,273 [d17261cb-7782-4d5f-ae0d-593ca4af9c73@group-FF6D5E61F6B2-FollowerState] INFO  impl.RoleInfo (RoleInfo.java:updateAndGet(139)) - d17261cb-7782-4d5f-ae0d-593ca4af9c73: start d17261cb-7782-4d5f-ae0d-593ca4af9c73@group-FF6D5E61F6B2-LeaderElection18
2023-05-31 22:57:48,273 [667d9742-fdde-4102-a217-b966604d27c1-server-thread2] INFO  segmented.SegmentedRaftLogWorker (SegmentedRaftLogWorker.java:startLogSegment(447)) - 667d9742-fdde-4102-a217-b966604d27c1@group-07921CB9432D-SegmentedRaftLogWorker: Starting segment from index:0
2023-05-31 22:57:48,287 [667d9742-fdde-4102-a217-b966604d27c1@group-07921CB9432D-SegmentedRaftLogWorker] INFO  segmented.SegmentedRaftLogWorker (SegmentedRaftLogWorker.java:execute(651)) - 667d9742-fdde-4102-a217-b966604d27c1@group-07921CB9432D-SegmentedRaftLogWorker: created new log segment /home/runner/work/ozone/ozone/hadoop-ozone/integration-test/target/test-dir/MiniOzoneClusterImpl-816a41a7-5c89-4e8c-81ba-db0c8b26fb2d/datanode-6/data/ratis/47a86795-ee58-4141-9559-07921cb9432d/current/log_inprogress_0
2023-05-31 22:57:48,290 [d17261cb-7782-4d5f-ae0d-593ca4af9c73@group-FF6D5E61F6B2-LeaderElection18] INFO  impl.LeaderElection (LeaderElection.java:askForVotes(321)) - d17261cb-7782-4d5f-ae0d-593ca4af9c73@group-FF6D5E61F6B2-LeaderElection18 PRE_VOTE round 0: submit vote requests at term 0 for -1: peers:[7c39489c-1c03-44c3-8ed9-36ad43776b05|rpc:10.1.0.15:15086|admin:10.1.0.15:15085|client:10.1.0.15:15084|dataStream:10.1.0.15:15087|priority:0|startupRole:FOLLOWER, 667d9742-fdde-4102-a217-b966604d27c1|rpc:10.1.0.15:15068|admin:10.1.0.15:15067|client:10.1.0.15:15066|dataStream:10.1.0.15:15069|priority:0|startupRole:FOLLOWER, d17261cb-7782-4d5f-ae0d-593ca4af9c73|rpc:10.1.0.15:15077|admin:10.1.0.15:15076|client:10.1.0.15:15075|dataStream:10.1.0.15:15078|priority:1|startupRole:FOLLOWER]|listeners:[], old=null
2023-05-31 22:57:48,290 [d17261cb-7782-4d5f-ae0d-593ca4af9c73-server-thread2] INFO  server.RaftServer$Division (ServerState.java:setRaftConf(434)) - d17261cb-7782-4d5f-ae0d-593ca4af9c73@group-07921CB9432D: set configuration 0: peers:[7c39489c-1c03-44c3-8ed9-36ad43776b05|rpc:10.1.0.15:15086|admin:10.1.0.15:15085|client:10.1.0.15:15084|dataStream:10.1.0.15:15087|priority:1|startupRole:FOLLOWER, 667d9742-fdde-4102-a217-b966604d27c1|rpc:10.1.0.15:15068|admin:10.1.0.15:15067|client:10.1.0.15:15066|dataStream:10.1.0.15:15069|priority:0|startupRole:FOLLOWER, d17261cb-7782-4d5f-ae0d-593ca4af9c73|rpc:10.1.0.15:15077|admin:10.1.0.15:15076|client:10.1.0.15:15075|dataStream:10.1.0.15:15078|priority:0|startupRole:FOLLOWER]|listeners:[], old=null
2023-05-31 22:57:48,291 [d17261cb-7782-4d5f-ae0d-593ca4af9c73-server-thread2] INFO  segmented.SegmentedRaftLogWorker (SegmentedRaftLogWorker.java:startLogSegment(447)) - d17261cb-7782-4d5f-ae0d-593ca4af9c73@group-07921CB9432D-SegmentedRaftLogWorker: Starting segment from index:0
2023-05-31 22:57:48,294 [d17261cb-7782-4d5f-ae0d-593ca4af9c73@group-07921CB9432D-SegmentedRaftLogWorker] INFO  segmented.SegmentedRaftLogWorker (SegmentedRaftLogWorker.java:execute(651)) - d17261cb-7782-4d5f-ae0d-593ca4af9c73@group-07921CB9432D-SegmentedRaftLogWorker: created new log segment /home/runner/work/ozone/ozone/hadoop-ozone/integration-test/target/test-dir/MiniOzoneClusterImpl-816a41a7-5c89-4e8c-81ba-db0c8b26fb2d/datanode-7/data/ratis/47a86795-ee58-4141-9559-07921cb9432d/current/log_inprogress_0
2023-05-31 22:57:48,294 [7c39489c-1c03-44c3-8ed9-36ad43776b05@group-BF5453753914-FollowerState] INFO  impl.FollowerState (FollowerState.java:run(143)) - 7c39489c-1c03-44c3-8ed9-36ad43776b05@group-BF5453753914-FollowerState: change to CANDIDATE, lastRpcElapsedTime:5016126586ns, electionTimeout:5012ms
2023-05-31 22:57:48,295 [7c39489c-1c03-44c3-8ed9-36ad43776b05@group-BF5453753914-FollowerState] INFO  impl.RoleInfo (RoleInfo.java:shutdownFollowerState(110)) - 7c39489c-1c03-44c3-8ed9-36ad43776b05: shutdown 7c39489c-1c03-44c3-8ed9-36ad43776b05@group-BF5453753914-FollowerState
2023-05-31 22:57:48,295 [7c39489c-1c03-44c3-8ed9-36ad43776b05@group-BF5453753914-FollowerState] INFO  server.RaftServer$Division (RaftServerImpl.java:setRole(329)) - 7c39489c-1c03-44c3-8ed9-36ad43776b05@group-BF5453753914: changes role from  FOLLOWER to CANDIDATE at term 0 for changeToCandidate
2023-05-31 22:57:48,299 [d17261cb-7782-4d5f-ae0d-593ca4af9c73@group-FF6D5E61F6B2-LeaderElection18] INFO  server.RaftServerConfigKeys (ConfUtils.java:logFallback(53)) - raft.server.rpc.first-election.timeout.min = 5s (fallback to raft.server.rpc.timeout.min)
2023-05-31 22:57:48,299 [d17261cb-7782-4d5f-ae0d-593ca4af9c73@group-FF6D5E61F6B2-LeaderElection18] INFO  server.RaftServerConfigKeys (ConfUtils.java:logFallback(53)) - raft.server.rpc.first-election.timeout.max = 5200ms (fallback to raft.server.rpc.timeout.max)
2023-05-31 22:57:48,299 [7c39489c-1c03-44c3-8ed9-36ad43776b05@group-BF5453753914-FollowerState] INFO  server.RaftServerConfigKeys (ConfUtils.java:logGet(46)) - raft.server.leaderelection.pre-vote = true (default)
2023-05-31 22:57:48,299 [7c39489c-1c03-44c3-8ed9-36ad43776b05@group-BF5453753914-FollowerState] INFO  impl.RoleInfo (RoleInfo.java:updateAndGet(139)) - 7c39489c-1c03-44c3-8ed9-36ad43776b05: start 7c39489c-1c03-44c3-8ed9-36ad43776b05@group-BF5453753914-LeaderElection19
2023-05-31 22:57:48,300 [grpc-default-executor-4] INFO  server.RaftServer$Division (RaftServerImpl.java:requestVote(1302)) - 7c39489c-1c03-44c3-8ed9-36ad43776b05@group-FF6D5E61F6B2: receive requestVote(PRE_VOTE, d17261cb-7782-4d5f-ae0d-593ca4af9c73, group-FF6D5E61F6B2, 0, (t:0, i:0))
2023-05-31 22:57:48,300 [grpc-default-executor-4] INFO  impl.VoteContext (VoteContext.java:log(49)) - 7c39489c-1c03-44c3-8ed9-36ad43776b05@group-FF6D5E61F6B2-FOLLOWER: accept PRE_VOTE from d17261cb-7782-4d5f-ae0d-593ca4af9c73: our priority 0 <= candidate's priority 1
2023-05-31 22:57:48,300 [grpc-default-executor-4] INFO  server.RaftServer$Division (RaftServerImpl.java:requestVote(1335)) - 7c39489c-1c03-44c3-8ed9-36ad43776b05@group-FF6D5E61F6B2 replies to PRE_VOTE vote request: d17261cb-7782-4d5f-ae0d-593ca4af9c73<-7c39489c-1c03-44c3-8ed9-36ad43776b05#0:OK-t0. Peer's state: 7c39489c-1c03-44c3-8ed9-36ad43776b05@group-FF6D5E61F6B2:t0, leader=null, voted=, raftlog=Memoized:7c39489c-1c03-44c3-8ed9-36ad43776b05@group-FF6D5E61F6B2-SegmentedRaftLog:OPENED:c-1, conf=-1: peers:[7c39489c-1c03-44c3-8ed9-36ad43776b05|rpc:10.1.0.15:15086|admin:10.1.0.15:15085|client:10.1.0.15:15084|dataStream:10.1.0.15:15087|priority:0|startupRole:FOLLOWER, 667d9742-fdde-4102-a217-b966604d27c1|rpc:10.1.0.15:15068|admin:10.1.0.15:15067|client:10.1.0.15:15066|dataStream:10.1.0.15:15069|priority:0|startupRole:FOLLOWER, d17261cb-7782-4d5f-ae0d-593ca4af9c73|rpc:10.1.0.15:15077|admin:10.1.0.15:15076|client:10.1.0.15:15075|dataStream:10.1.0.15:15078|priority:1|startupRole:FOLLOWER]|listeners:[], old=null
2023-05-31 22:57:48,309 [7c39489c-1c03-44c3-8ed9-36ad43776b05@group-BF5453753914-LeaderElection19] INFO  impl.LeaderElection (LeaderElection.java:askForVotes(321)) - 7c39489c-1c03-44c3-8ed9-36ad43776b05@group-BF5453753914-LeaderElection19 PRE_VOTE round 0: submit vote requests at term 0 for -1: peers:[7c39489c-1c03-44c3-8ed9-36ad43776b05|rpc:10.1.0.15:15086|admin:10.1.0.15:15085|client:10.1.0.15:15084|dataStream:10.1.0.15:15087|priority:1|startupRole:FOLLOWER]|listeners:[], old=null
2023-05-31 22:57:48,309 [grpc-default-executor-3] INFO  server.RaftServer$Division (RaftServerImpl.java:requestVote(1302)) - 667d9742-fdde-4102-a217-b966604d27c1@group-FF6D5E61F6B2: receive requestVote(PRE_VOTE, d17261cb-7782-4d5f-ae0d-593ca4af9c73, group-FF6D5E61F6B2, 0, (t:0, i:0))
2023-05-31 22:57:48,309 [7c39489c-1c03-44c3-8ed9-36ad43776b05@group-BF5453753914-LeaderElection19] INFO  impl.LeaderElection (LeaderElection.java:askForVotes(323)) - 7c39489c-1c03-44c3-8ed9-36ad43776b05@group-BF5453753914-LeaderElection19 PRE_VOTE round 0: result PASSED (term=0)
2023-05-31 22:57:48,309 [grpc-default-executor-3] INFO  impl.VoteContext (VoteContext.java:log(49)) - 667d9742-fdde-4102-a217-b966604d27c1@group-FF6D5E61F6B2-FOLLOWER: accept PRE_VOTE from d17261cb-7782-4d5f-ae0d-593ca4af9c73: our priority 0 <= candidate's priority 1
2023-05-31 22:57:48,309 [grpc-default-executor-3] INFO  server.RaftServer$Division (RaftServerImpl.java:requestVote(1335)) - 667d9742-fdde-4102-a217-b966604d27c1@group-FF6D5E61F6B2 replies to PRE_VOTE vote request: d17261cb-7782-4d5f-ae0d-593ca4af9c73<-667d9742-fdde-4102-a217-b966604d27c1#0:OK-t0. Peer's state: 667d9742-fdde-4102-a217-b966604d27c1@group-FF6D5E61F6B2:t0, leader=null, voted=, raftlog=Memoized:667d9742-fdde-4102-a217-b966604d27c1@group-FF6D5E61F6B2-SegmentedRaftLog:OPENED:c-1, conf=-1: peers:[7c39489c-1c03-44c3-8ed9-36ad43776b05|rpc:10.1.0.15:15086|admin:10.1.0.15:15085|client:10.1.0.15:15084|dataStream:10.1.0.15:15087|priority:0|startupRole:FOLLOWER, 667d9742-fdde-4102-a217-b966604d27c1|rpc:10.1.0.15:15068|admin:10.1.0.15:15067|client:10.1.0.15:15066|dataStream:10.1.0.15:15069|priority:0|startupRole:FOLLOWER, d17261cb-7782-4d5f-ae0d-593ca4af9c73|rpc:10.1.0.15:15077|admin:10.1.0.15:15076|client:10.1.0.15:15075|dataStream:10.1.0.15:15078|priority:1|startupRole:FOLLOWER]|listeners:[], old=null
2023-05-31 22:57:48,310 [d17261cb-7782-4d5f-ae0d-593ca4af9c73@group-FF6D5E61F6B2-LeaderElection18] INFO  impl.LeaderElection (LeaderElection.java:logAndReturn(90)) - d17261cb-7782-4d5f-ae0d-593ca4af9c73@group-FF6D5E61F6B2-LeaderElection18: PRE_VOTE PASSED received 1 response(s) and 0 exception(s):
2023-05-31 22:57:48,310 [d17261cb-7782-4d5f-ae0d-593ca4af9c73@group-FF6D5E61F6B2-LeaderElection18] INFO  impl.LeaderElection (LeaderElection.java:logAndReturn(94)) -   Response 0: d17261cb-7782-4d5f-ae0d-593ca4af9c73<-667d9742-fdde-4102-a217-b966604d27c1#0:OK-t0
2023-05-31 22:57:48,311 [d17261cb-7782-4d5f-ae0d-593ca4af9c73@group-FF6D5E61F6B2-LeaderElection18] INFO  impl.LeaderElection (LeaderElection.java:askForVotes(323)) - d17261cb-7782-4d5f-ae0d-593ca4af9c73@group-FF6D5E61F6B2-LeaderElection18 PRE_VOTE round 0: result PASSED
2023-05-31 22:57:48,318 [d17261cb-7782-4d5f-ae0d-593ca4af9c73@group-FF6D5E61F6B2-LeaderElection18] INFO  impl.LeaderElection (LeaderElection.java:askForVotes(321)) - d17261cb-7782-4d5f-ae0d-593ca4af9c73@group-FF6D5E61F6B2-LeaderElection18 ELECTION round 0: submit vote requests at term 1 for -1: peers:[7c39489c-1c03-44c3-8ed9-36ad43776b05|rpc:10.1.0.15:15086|admin:10.1.0.15:15085|client:10.1.0.15:15084|dataStream:10.1.0.15:15087|priority:0|startupRole:FOLLOWER, 667d9742-fdde-4102-a217-b966604d27c1|rpc:10.1.0.15:15068|admin:10.1.0.15:15067|client:10.1.0.15:15066|dataStream:10.1.0.15:15069|priority:0|startupRole:FOLLOWER, d17261cb-7782-4d5f-ae0d-593ca4af9c73|rpc:10.1.0.15:15077|admin:10.1.0.15:15076|client:10.1.0.15:15075|dataStream:10.1.0.15:15078|priority:1|startupRole:FOLLOWER]|listeners:[], old=null
2023-05-31 22:57:48,319 [grpc-default-executor-3] INFO  server.RaftServer$Division (RaftServerImpl.java:requestVote(1302)) - 7c39489c-1c03-44c3-8ed9-36ad43776b05@group-FF6D5E61F6B2: receive requestVote(ELECTION, d17261cb-7782-4d5f-ae0d-593ca4af9c73, group-FF6D5E61F6B2, 1, (t:0, i:0))
2023-05-31 22:57:48,319 [grpc-default-executor-3] INFO  impl.VoteContext (VoteContext.java:log(49)) - 7c39489c-1c03-44c3-8ed9-36ad43776b05@group-FF6D5E61F6B2-FOLLOWER: accept ELECTION from d17261cb-7782-4d5f-ae0d-593ca4af9c73: our priority 0 <= candidate's priority 1
2023-05-31 22:57:48,320 [grpc-default-executor-3] INFO  server.RaftServer$Division (RaftServerImpl.java:setRole(329)) - 7c39489c-1c03-44c3-8ed9-36ad43776b05@group-FF6D5E61F6B2: changes role from  FOLLOWER to FOLLOWER at term 1 for candidate:d17261cb-7782-4d5f-ae0d-593ca4af9c73
2023-05-31 22:57:48,320 [grpc-default-executor-3] INFO  impl.RoleInfo (RoleInfo.java:shutdownFollowerState(110)) - 7c39489c-1c03-44c3-8ed9-36ad43776b05: shutdown 7c39489c-1c03-44c3-8ed9-36ad43776b05@group-FF6D5E61F6B2-FollowerState
2023-05-31 22:57:48,320 [d17261cb-7782-4d5f-ae0d-593ca4af9c73@group-FF6D5E61F6B2-LeaderElection18] INFO  server.RaftServerConfigKeys (ConfUtils.java:logFallback(53)) - raft.server.rpc.first-election.timeout.min = 5s (fallback to raft.server.rpc.timeout.min)
2023-05-31 22:57:48,320 [d17261cb-7782-4d5f-ae0d-593ca4af9c73@group-FF6D5E61F6B2-LeaderElection18] INFO  server.RaftServerConfigKeys (ConfUtils.java:logFallback(53)) - raft.server.rpc.first-election.timeout.max = 5200ms (fallback to raft.server.rpc.timeout.max)
2023-05-31 22:57:48,320 [7c39489c-1c03-44c3-8ed9-36ad43776b05@group-BF5453753914-LeaderElection19] INFO  impl.LeaderElection (LeaderElection.java:askForVotes(321)) - 7c39489c-1c03-44c3-8ed9-36ad43776b05@group-BF5453753914-LeaderElection19 ELECTION round 0: submit vote requests at term 1 for -1: peers:[7c39489c-1c03-44c3-8ed9-36ad43776b05|rpc:10.1.0.15:15086|admin:10.1.0.15:15085|client:10.1.0.15:15084|dataStream:10.1.0.15:15087|priority:1|startupRole:FOLLOWER]|listeners:[], old=null
2023-05-31 22:57:48,320 [7c39489c-1c03-44c3-8ed9-36ad43776b05@group-BF5453753914-LeaderElection19] INFO  impl.LeaderElection (LeaderElection.java:askForVotes(323)) - 7c39489c-1c03-44c3-8ed9-36ad43776b05@group-BF5453753914-LeaderElection19 ELECTION round 0: result PASSED (term=1)
2023-05-31 22:57:48,320 [7c39489c-1c03-44c3-8ed9-36ad43776b05@group-BF5453753914-LeaderElection19] INFO  impl.RoleInfo (RoleInfo.java:shutdownLeaderElection(130)) - 7c39489c-1c03-44c3-8ed9-36ad43776b05: shutdown 7c39489c-1c03-44c3-8ed9-36ad43776b05@group-BF5453753914-LeaderElection19
2023-05-31 22:57:48,320 [7c39489c-1c03-44c3-8ed9-36ad43776b05@group-BF5453753914-LeaderElection19] INFO  server.RaftServer$Division (RaftServerImpl.java:setRole(329)) - 7c39489c-1c03-44c3-8ed9-36ad43776b05@group-BF5453753914: changes role from CANDIDATE to LEADER at term 1 for changeToLeader
2023-05-31 22:57:48,320 [7c39489c-1c03-44c3-8ed9-36ad43776b05@group-BF5453753914-LeaderElection19] INFO  ratis.XceiverServerRatis (XceiverServerRatis.java:handleLeaderChangedNotification(902)) - Leader change notification received for group: group-BF5453753914 with new leaderId: 7c39489c-1c03-44c3-8ed9-36ad43776b05
2023-05-31 22:57:48,320 [7c39489c-1c03-44c3-8ed9-36ad43776b05@group-BF5453753914-LeaderElection19] INFO  server.RaftServer$Division (ServerState.java:setLeader(317)) - 7c39489c-1c03-44c3-8ed9-36ad43776b05@group-BF5453753914: change Leader from null to 7c39489c-1c03-44c3-8ed9-36ad43776b05 at term 1 for becomeLeader, leader elected after 5065ms
2023-05-31 22:57:48,321 [7c39489c-1c03-44c3-8ed9-36ad43776b05@group-BF5453753914-LeaderElection19] INFO  server.RaftServerConfigKeys (ConfUtils.java:logGet(46)) - raft.server.staging.catchup.gap = 1000 (default)
2023-05-31 22:57:48,321 [7c39489c-1c03-44c3-8ed9-36ad43776b05@group-BF5453753914-LeaderElection19] INFO  server.RaftServerConfigKeys (ConfUtils.java:logGet(46)) - raft.server.write.element-limit = 1024 (custom)
2023-05-31 22:57:48,321 [7c39489c-1c03-44c3-8ed9-36ad43776b05@group-BF5453753914-LeaderElection19] INFO  server.RaftServerConfigKeys (ConfUtils.java:logGet(46)) - raft.server.write.byte-limit = 1024 M (=1073741824) (custom)
2023-05-31 22:57:48,321 [7c39489c-1c03-44c3-8ed9-36ad43776b05@group-BF5453753914-LeaderElection19] INFO  server.RaftServerConfigKeys (ConfUtils.java:logGet(46)) - raft.server.watch.timeout = 180s (custom)
2023-05-31 22:57:48,321 [7c39489c-1c03-44c3-8ed9-36ad43776b05@group-BF5453753914-LeaderElection19] INFO  server.RaftServerConfigKeys (ConfUtils.java:logGet(46)) - raft.server.watch.timeout.denomination = 1s (default)
2023-05-31 22:57:48,321 [7c39489c-1c03-44c3-8ed9-36ad43776b05@group-BF5453753914-LeaderElection19] INFO  server.RaftServerConfigKeys (ConfUtils.java:logGet(46)) - raft.server.watch.element-limit = 65536 (default)
2023-05-31 22:57:48,322 [7c39489c-1c03-44c3-8ed9-36ad43776b05@group-BF5453753914-LeaderElection19] INFO  server.RaftServerConfigKeys (ConfUtils.java:logGet(46)) - raft.server.write.element-limit = 1024 (custom)
2023-05-31 22:57:48,322 [7c39489c-1c03-44c3-8ed9-36ad43776b05@group-BF5453753914-LeaderElection19] INFO  server.RaftServerConfigKeys (ConfUtils.java:logGet(46)) - raft.server.write.follower.gap.ratio.max = -1.0 (default)
2023-05-31 22:57:48,322 [7c39489c-1c03-44c3-8ed9-36ad43776b05@group-BF5453753914-LeaderElection19] INFO  impl.RoleInfo (RoleInfo.java:updateAndGet(139)) - 7c39489c-1c03-44c3-8ed9-36ad43776b05: start 7c39489c-1c03-44c3-8ed9-36ad43776b05@group-BF5453753914-LeaderStateImpl
2023-05-31 22:57:48,322 [7c39489c-1c03-44c3-8ed9-36ad43776b05@group-BF5453753914-LeaderElection19] INFO  segmented.SegmentedRaftLogWorker (SegmentedRaftLogWorker.java:startLogSegment(447)) - 7c39489c-1c03-44c3-8ed9-36ad43776b05@group-BF5453753914-SegmentedRaftLogWorker: Starting segment from index:0
2023-05-31 22:57:48,322 [grpc-default-executor-3] INFO  impl.RoleInfo (RoleInfo.java:updateAndGet(139)) - 7c39489c-1c03-44c3-8ed9-36ad43776b05: start 7c39489c-1c03-44c3-8ed9-36ad43776b05@group-FF6D5E61F6B2-FollowerState
2023-05-31 22:57:48,323 [7c39489c-1c03-44c3-8ed9-36ad43776b05@group-FF6D5E61F6B2-FollowerState] INFO  impl.FollowerState (FollowerState.java:run(152)) - 7c39489c-1c03-44c3-8ed9-36ad43776b05@group-FF6D5E61F6B2-FollowerState was interrupted
2023-05-31 22:57:48,325 [7c39489c-1c03-44c3-8ed9-36ad43776b05@group-BF5453753914-SegmentedRaftLogWorker] INFO  segmented.SegmentedRaftLogWorker (SegmentedRaftLogWorker.java:execute(651)) - 7c39489c-1c03-44c3-8ed9-36ad43776b05@group-BF5453753914-SegmentedRaftLogWorker: created new log segment /home/runner/work/ozone/ozone/hadoop-ozone/integration-test/target/test-dir/MiniOzoneClusterImpl-816a41a7-5c89-4e8c-81ba-db0c8b26fb2d/datanode-8/data/ratis/84125185-0773-4eb4-a4bf-bf5453753914/current/log_inprogress_0
2023-05-31 22:57:48,328 [grpc-default-executor-4] INFO  server.RaftServer$Division (RaftServerImpl.java:requestVote(1302)) - 667d9742-fdde-4102-a217-b966604d27c1@group-FF6D5E61F6B2: receive requestVote(ELECTION, d17261cb-7782-4d5f-ae0d-593ca4af9c73, group-FF6D5E61F6B2, 1, (t:0, i:0))
2023-05-31 22:57:48,328 [grpc-default-executor-4] INFO  impl.VoteContext (VoteContext.java:log(49)) - 667d9742-fdde-4102-a217-b966604d27c1@group-FF6D5E61F6B2-FOLLOWER: accept ELECTION from d17261cb-7782-4d5f-ae0d-593ca4af9c73: our priority 0 <= candidate's priority 1
2023-05-31 22:57:48,328 [grpc-default-executor-4] INFO  server.RaftServer$Division (RaftServerImpl.java:setRole(329)) - 667d9742-fdde-4102-a217-b966604d27c1@group-FF6D5E61F6B2: changes role from  FOLLOWER to FOLLOWER at term 1 for candidate:d17261cb-7782-4d5f-ae0d-593ca4af9c73
2023-05-31 22:57:48,328 [grpc-default-executor-4] INFO  impl.RoleInfo (RoleInfo.java:shutdownFollowerState(110)) - 667d9742-fdde-4102-a217-b966604d27c1: shutdown 667d9742-fdde-4102-a217-b966604d27c1@group-FF6D5E61F6B2-FollowerState
2023-05-31 22:57:48,328 [7c39489c-1c03-44c3-8ed9-36ad43776b05@group-BF5453753914-LeaderElection19] INFO  server.RaftServer$Division (ServerState.java:setRaftConf(434)) - 7c39489c-1c03-44c3-8ed9-36ad43776b05@group-BF5453753914: set configuration 0: peers:[7c39489c-1c03-44c3-8ed9-36ad43776b05|rpc:10.1.0.15:15086|admin:10.1.0.15:15085|client:10.1.0.15:15084|dataStream:10.1.0.15:15087|priority:1|startupRole:FOLLOWER]|listeners:[], old=null
2023-05-31 22:57:48,331 [667d9742-fdde-4102-a217-b966604d27c1@group-FF6D5E61F6B2-FollowerState] INFO  impl.FollowerState (FollowerState.java:run(152)) - 667d9742-fdde-4102-a217-b966604d27c1@group-FF6D5E61F6B2-FollowerState was interrupted
2023-05-31 22:57:48,331 [grpc-default-executor-4] INFO  impl.RoleInfo (RoleInfo.java:updateAndGet(139)) - 667d9742-fdde-4102-a217-b966604d27c1: start 667d9742-fdde-4102-a217-b966604d27c1@group-FF6D5E61F6B2-FollowerState
2023-05-31 22:57:48,332 [grpc-default-executor-3] INFO  server.RaftServer$Division (RaftServerImpl.java:requestVote(1335)) - 7c39489c-1c03-44c3-8ed9-36ad43776b05@group-FF6D5E61F6B2 replies to ELECTION vote request: d17261cb-7782-4d5f-ae0d-593ca4af9c73<-7c39489c-1c03-44c3-8ed9-36ad43776b05#0:OK-t1. Peer's state: 7c39489c-1c03-44c3-8ed9-36ad43776b05@group-FF6D5E61F6B2:t1, leader=null, voted=d17261cb-7782-4d5f-ae0d-593ca4af9c73, raftlog=Memoized:7c39489c-1c03-44c3-8ed9-36ad43776b05@group-FF6D5E61F6B2-SegmentedRaftLog:OPENED:c-1, conf=-1: peers:[7c39489c-1c03-44c3-8ed9-36ad43776b05|rpc:10.1.0.15:15086|admin:10.1.0.15:15085|client:10.1.0.15:15084|dataStream:10.1.0.15:15087|priority:0|startupRole:FOLLOWER, 667d9742-fdde-4102-a217-b966604d27c1|rpc:10.1.0.15:15068|admin:10.1.0.15:15067|client:10.1.0.15:15066|dataStream:10.1.0.15:15069|priority:0|startupRole:FOLLOWER, d17261cb-7782-4d5f-ae0d-593ca4af9c73|rpc:10.1.0.15:15077|admin:10.1.0.15:15076|client:10.1.0.15:15075|dataStream:10.1.0.15:15078|priority:1|startupRole:FOLLOWER]|listeners:[], old=null
2023-05-31 22:57:48,342 [grpc-default-executor-4] INFO  server.RaftServer$Division (RaftServerImpl.java:requestVote(1335)) - 667d9742-fdde-4102-a217-b966604d27c1@group-FF6D5E61F6B2 replies to ELECTION vote request: d17261cb-7782-4d5f-ae0d-593ca4af9c73<-667d9742-fdde-4102-a217-b966604d27c1#0:OK-t1. Peer's state: 667d9742-fdde-4102-a217-b966604d27c1@group-FF6D5E61F6B2:t1, leader=null, voted=d17261cb-7782-4d5f-ae0d-593ca4af9c73, raftlog=Memoized:667d9742-fdde-4102-a217-b966604d27c1@group-FF6D5E61F6B2-SegmentedRaftLog:OPENED:c-1, conf=-1: peers:[7c39489c-1c03-44c3-8ed9-36ad43776b05|rpc:10.1.0.15:15086|admin:10.1.0.15:15085|client:10.1.0.15:15084|dataStream:10.1.0.15:15087|priority:0|startupRole:FOLLOWER, 667d9742-fdde-4102-a217-b966604d27c1|rpc:10.1.0.15:15068|admin:10.1.0.15:15067|client:10.1.0.15:15066|dataStream:10.1.0.15:15069|priority:0|startupRole:FOLLOWER, d17261cb-7782-4d5f-ae0d-593ca4af9c73|rpc:10.1.0.15:15077|admin:10.1.0.15:15076|client:10.1.0.15:15075|dataStream:10.1.0.15:15078|priority:1|startupRole:FOLLOWER]|listeners:[], old=null
2023-05-31 22:57:48,344 [d17261cb-7782-4d5f-ae0d-593ca4af9c73@group-FF6D5E61F6B2-LeaderElection18] INFO  impl.LeaderElection (LeaderElection.java:logAndReturn(90)) - d17261cb-7782-4d5f-ae0d-593ca4af9c73@group-FF6D5E61F6B2-LeaderElection18: ELECTION PASSED received 1 response(s) and 0 exception(s):
2023-05-31 22:57:48,344 [d17261cb-7782-4d5f-ae0d-593ca4af9c73@group-FF6D5E61F6B2-LeaderElection18] INFO  impl.LeaderElection (LeaderElection.java:logAndReturn(94)) -   Response 0: d17261cb-7782-4d5f-ae0d-593ca4af9c73<-7c39489c-1c03-44c3-8ed9-36ad43776b05#0:OK-t1
2023-05-31 22:57:48,344 [d17261cb-7782-4d5f-ae0d-593ca4af9c73@group-FF6D5E61F6B2-LeaderElection18] INFO  impl.LeaderElection (LeaderElection.java:askForVotes(323)) - d17261cb-7782-4d5f-ae0d-593ca4af9c73@group-FF6D5E61F6B2-LeaderElection18 ELECTION round 0: result PASSED
2023-05-31 22:57:48,344 [d17261cb-7782-4d5f-ae0d-593ca4af9c73@group-FF6D5E61F6B2-LeaderElection18] INFO  impl.RoleInfo (RoleInfo.java:shutdownLeaderElection(130)) - d17261cb-7782-4d5f-ae0d-593ca4af9c73: shutdown d17261cb-7782-4d5f-ae0d-593ca4af9c73@group-FF6D5E61F6B2-LeaderElection18
2023-05-31 22:57:48,344 [d17261cb-7782-4d5f-ae0d-593ca4af9c73@group-FF6D5E61F6B2-LeaderElection18] INFO  server.RaftServer$Division (RaftServerImpl.java:setRole(329)) - d17261cb-7782-4d5f-ae0d-593ca4af9c73@group-FF6D5E61F6B2: changes role from CANDIDATE to LEADER at term 1 for changeToLeader
2023-05-31 22:57:48,344 [d17261cb-7782-4d5f-ae0d-593ca4af9c73@group-FF6D5E61F6B2-LeaderElection18] INFO  ratis.XceiverServerRatis (XceiverServerRatis.java:handleLeaderChangedNotification(902)) - Leader change notification received for group: group-FF6D5E61F6B2 with new leaderId: d17261cb-7782-4d5f-ae0d-593ca4af9c73
2023-05-31 22:57:48,344 [d17261cb-7782-4d5f-ae0d-593ca4af9c73@group-FF6D5E61F6B2-LeaderElection18] INFO  server.RaftServer$Division (ServerState.java:setLeader(317)) - d17261cb-7782-4d5f-ae0d-593ca4af9c73@group-FF6D5E61F6B2: change Leader from null to d17261cb-7782-4d5f-ae0d-593ca4af9c73 at term 1 for becomeLeader, leader elected after 5278ms
2023-05-31 22:57:48,344 [d17261cb-7782-4d5f-ae0d-593ca4af9c73@group-FF6D5E61F6B2-LeaderElection18] INFO  server.RaftServerConfigKeys (ConfUtils.java:logGet(46)) - raft.server.staging.catchup.gap = 1000 (default)
2023-05-31 22:57:48,344 [d17261cb-7782-4d5f-ae0d-593ca4af9c73@group-FF6D5E61F6B2-LeaderElection18] INFO  server.RaftServerConfigKeys (ConfUtils.java:logGet(46)) - raft.server.write.element-limit = 1024 (custom)
2023-05-31 22:57:48,344 [d17261cb-7782-4d5f-ae0d-593ca4af9c73@group-FF6D5E61F6B2-LeaderElection18] INFO  server.RaftServerConfigKeys (ConfUtils.java:logGet(46)) - raft.server.write.byte-limit = 1024 M (=1073741824) (custom)
2023-05-31 22:57:48,345 [d17261cb-7782-4d5f-ae0d-593ca4af9c73@group-FF6D5E61F6B2-LeaderElection18] INFO  server.RaftServerConfigKeys (ConfUtils.java:logGet(46)) - raft.server.watch.timeout = 180s (custom)
2023-05-31 22:57:48,345 [d17261cb-7782-4d5f-ae0d-593ca4af9c73@group-FF6D5E61F6B2-LeaderElection18] INFO  server.RaftServerConfigKeys (ConfUtils.java:logGet(46)) - raft.server.watch.timeout.denomination = 1s (default)
2023-05-31 22:57:48,345 [d17261cb-7782-4d5f-ae0d-593ca4af9c73@group-FF6D5E61F6B2-LeaderElection18] INFO  server.RaftServerConfigKeys (ConfUtils.java:logGet(46)) - raft.server.watch.element-limit = 65536 (default)
2023-05-31 22:57:48,345 [d17261cb-7782-4d5f-ae0d-593ca4af9c73@group-FF6D5E61F6B2-LeaderElection18] INFO  server.RaftServerConfigKeys (ConfUtils.java:logGet(46)) - raft.server.write.element-limit = 1024 (custom)
2023-05-31 22:57:48,345 [d17261cb-7782-4d5f-ae0d-593ca4af9c73@group-FF6D5E61F6B2-LeaderElection18] INFO  server.RaftServerConfigKeys (ConfUtils.java:logGet(46)) - raft.server.write.follower.gap.ratio.max = -1.0 (default)
2023-05-31 22:57:48,348 [EventQueue-PipelineReportForPipelineReportHandler] INFO  pipeline.PipelineManagerImpl (PipelineManagerImpl.java:openPipeline(367)) - Pipeline Pipeline[ Id: dd5d4d4c-8b67-40a1-98a8-ff6d5e61f6b2, Nodes: 7c39489c-1c03-44c3-8ed9-36ad43776b05(fv-az844-56.kvdfyhrxhd0epk3sa4trub4njc.xx.internal.cloudapp.net/10.1.0.15)d17261cb-7782-4d5f-ae0d-593ca4af9c73(fv-az844-56.kvdfyhrxhd0epk3sa4trub4njc.xx.internal.cloudapp.net/10.1.0.15)667d9742-fdde-4102-a217-b966604d27c1(fv-az844-56.kvdfyhrxhd0epk3sa4trub4njc.xx.internal.cloudapp.net/10.1.0.15), ReplicationConfig: RATIS/THREE, State:ALLOCATED, leaderId:d17261cb-7782-4d5f-ae0d-593ca4af9c73, CreationTimestamp2023-05-31T22:57:40.265Z[Etc/UTC]] moved to OPEN state
2023-05-31 22:57:48,354 [d17261cb-7782-4d5f-ae0d-593ca4af9c73@group-FF6D5E61F6B2-LeaderElection18] INFO  server.RaftServerConfigKeys (ConfUtils.java:logGet(46)) - raft.server.log.appender.snapshot.chunk.size.max = 16MB (=16777216) (default)
2023-05-31 22:57:48,354 [d17261cb-7782-4d5f-ae0d-593ca4af9c73@group-FF6D5E61F6B2-LeaderElection18] INFO  server.RaftServerConfigKeys (ConfUtils.java:logGet(46)) - raft.server.log.appender.buffer.byte-limit = 33554432 (custom)
2023-05-31 22:57:48,354 [d17261cb-7782-4d5f-ae0d-593ca4af9c73@group-FF6D5E61F6B2-LeaderElection18] INFO  server.RaftServerConfigKeys (ConfUtils.java:logGet(46)) - raft.server.log.appender.buffer.element-limit = 1 (custom)
2023-05-31 22:57:48,355 [d17261cb-7782-4d5f-ae0d-593ca4af9c73@group-FF6D5E61F6B2-LeaderElection18] INFO  server.RaftServerConfigKeys (ConfUtils.java:logGet(46)) - raft.server.log.appender.wait-time.min = 10ms (default)
2023-05-31 22:57:48,355 [d17261cb-7782-4d5f-ae0d-593ca4af9c73@group-FF6D5E61F6B2-LeaderElection18] INFO  grpc.GrpcConfigKeys (ConfUtils.java:logGet(46)) - raft.grpc.server.leader.outstanding.appends.max = 128 (default)
2023-05-31 22:57:48,355 [d17261cb-7782-4d5f-ae0d-593ca4af9c73@group-FF6D5E61F6B2-LeaderElection18] INFO  server.RaftServerConfigKeys (ConfUtils.java:logGet(46)) - raft.server.rpc.request.timeout = 60s (custom)
2023-05-31 22:57:48,355 [d17261cb-7782-4d5f-ae0d-593ca4af9c73@group-FF6D5E61F6B2-LeaderElection18] INFO  grpc.GrpcConfigKeys (ConfUtils.java:logGet(46)) - raft.grpc.server.install_snapshot.request.element-limit = 8 (default)
2023-05-31 22:57:48,355 [d17261cb-7782-4d5f-ae0d-593ca4af9c73@group-FF6D5E61F6B2-LeaderElection18] INFO  grpc.GrpcConfigKeys (ConfUtils.java:logGet(46)) - raft.grpc.server.install_snapshot.request.timeout = 3000ms (default)
2023-05-31 22:57:48,355 [d17261cb-7782-4d5f-ae0d-593ca4af9c73@group-FF6D5E61F6B2-LeaderElection18] INFO  server.RaftServerConfigKeys (ConfUtils.java:logGet(46)) - raft.server.log.appender.install.snapshot.enabled = false (custom)
2023-05-31 22:57:48,355 [d17261cb-7782-4d5f-ae0d-593ca4af9c73@group-FF6D5E61F6B2-LeaderElection18] INFO  grpc.GrpcConfigKeys (ConfUtils.java:logGet(46)) - raft.grpc.server.heartbeat.channel = true (default)
2023-05-31 22:57:48,356 [d17261cb-7782-4d5f-ae0d-593ca4af9c73@group-FF6D5E61F6B2-LeaderElection18] INFO  server.RaftServerConfigKeys (ConfUtils.java:logGet(46)) - raft.server.log.appender.snapshot.chunk.size.max = 16MB (=16777216) (default)
2023-05-31 22:57:48,356 [d17261cb-7782-4d5f-ae0d-593ca4af9c73@group-FF6D5E61F6B2-LeaderElection18] INFO  server.RaftServerConfigKeys (ConfUtils.java:logGet(46)) - raft.server.log.appender.buffer.byte-limit = 33554432 (custom)
2023-05-31 22:57:48,357 [d17261cb-7782-4d5f-ae0d-593ca4af9c73@group-FF6D5E61F6B2-LeaderElection18] INFO  server.RaftServerConfigKeys (ConfUtils.java:logGet(46)) - raft.server.log.appender.buffer.element-limit = 1 (custom)
2023-05-31 22:57:48,357 [d17261cb-7782-4d5f-ae0d-593ca4af9c73@group-FF6D5E61F6B2-LeaderElection18] INFO  server.RaftServerConfigKeys (ConfUtils.java:logGet(46)) - raft.server.log.appender.wait-time.min = 10ms (default)
2023-05-31 22:57:48,357 [d17261cb-7782-4d5f-ae0d-593ca4af9c73@group-FF6D5E61F6B2-LeaderElection18] INFO  grpc.GrpcConfigKeys (ConfUtils.java:logGet(46)) - raft.grpc.server.leader.outstanding.appends.max = 128 (default)
2023-05-31 22:57:48,359 [d17261cb-7782-4d5f-ae0d-593ca4af9c73@group-FF6D5E61F6B2-LeaderElection18] INFO  server.RaftServerConfigKeys (ConfUtils.java:logGet(46)) - raft.server.rpc.request.timeout = 60s (custom)
2023-05-31 22:57:48,359 [d17261cb-7782-4d5f-ae0d-593ca4af9c73@group-FF6D5E61F6B2-LeaderElection18] INFO  grpc.GrpcConfigKeys (ConfUtils.java:logGet(46)) - raft.grpc.server.install_snapshot.request.element-limit = 8 (default)
2023-05-31 22:57:48,359 [d17261cb-7782-4d5f-ae0d-593ca4af9c73@group-FF6D5E61F6B2-LeaderElection18] INFO  grpc.GrpcConfigKeys (ConfUtils.java:logGet(46)) - raft.grpc.server.install_snapshot.request.timeout = 3000ms (default)
2023-05-31 22:57:48,359 [d17261cb-7782-4d5f-ae0d-593ca4af9c73@group-FF6D5E61F6B2-LeaderElection18] INFO  server.RaftServerConfigKeys (ConfUtils.java:logGet(46)) - raft.server.log.appender.install.snapshot.enabled = false (custom)
2023-05-31 22:57:48,359 [d17261cb-7782-4d5f-ae0d-593ca4af9c73@group-FF6D5E61F6B2-LeaderElection18] INFO  grpc.GrpcConfigKeys (ConfUtils.java:logGet(46)) - raft.grpc.server.heartbeat.channel = true (default)
2023-05-31 22:57:48,359 [d17261cb-7782-4d5f-ae0d-593ca4af9c73@group-FF6D5E61F6B2-LeaderElection18] INFO  impl.RoleInfo (RoleInfo.java:updateAndGet(139)) - d17261cb-7782-4d5f-ae0d-593ca4af9c73: start d17261cb-7782-4d5f-ae0d-593ca4af9c73@group-FF6D5E61F6B2-LeaderStateImpl
2023-05-31 22:57:48,360 [d17261cb-7782-4d5f-ae0d-593ca4af9c73@group-FF6D5E61F6B2-LeaderElection18] INFO  segmented.SegmentedRaftLogWorker (SegmentedRaftLogWorker.java:startLogSegment(447)) - d17261cb-7782-4d5f-ae0d-593ca4af9c73@group-FF6D5E61F6B2-SegmentedRaftLogWorker: Starting segment from index:0
2023-05-31 22:57:48,362 [d17261cb-7782-4d5f-ae0d-593ca4af9c73@group-FF6D5E61F6B2-SegmentedRaftLogWorker] INFO  segmented.SegmentedRaftLogWorker (SegmentedRaftLogWorker.java:execute(651)) - d17261cb-7782-4d5f-ae0d-593ca4af9c73@group-FF6D5E61F6B2-SegmentedRaftLogWorker: created new log segment /home/runner/work/ozone/ozone/hadoop-ozone/integration-test/target/test-dir/MiniOzoneClusterImpl-816a41a7-5c89-4e8c-81ba-db0c8b26fb2d/datanode-7/data/ratis/dd5d4d4c-8b67-40a1-98a8-ff6d5e61f6b2/current/log_inprogress_0
2023-05-31 22:57:48,369 [d17261cb-7782-4d5f-ae0d-593ca4af9c73@group-FF6D5E61F6B2-LeaderElection18] INFO  server.RaftServer$Division (ServerState.java:setRaftConf(434)) - d17261cb-7782-4d5f-ae0d-593ca4af9c73@group-FF6D5E61F6B2: set configuration 0: peers:[7c39489c-1c03-44c3-8ed9-36ad43776b05|rpc:10.1.0.15:15086|admin:10.1.0.15:15085|client:10.1.0.15:15084|dataStream:10.1.0.15:15087|priority:0|startupRole:FOLLOWER, 667d9742-fdde-4102-a217-b966604d27c1|rpc:10.1.0.15:15068|admin:10.1.0.15:15067|client:10.1.0.15:15066|dataStream:10.1.0.15:15069|priority:0|startupRole:FOLLOWER, d17261cb-7782-4d5f-ae0d-593ca4af9c73|rpc:10.1.0.15:15077|admin:10.1.0.15:15076|client:10.1.0.15:15075|dataStream:10.1.0.15:15078|priority:1|startupRole:FOLLOWER]|listeners:[], old=null
2023-05-31 22:57:48,375 [7c39489c-1c03-44c3-8ed9-36ad43776b05-server-thread1] INFO  ratis.XceiverServerRatis (XceiverServerRatis.java:handleLeaderChangedNotification(902)) - Leader change notification received for group: group-FF6D5E61F6B2 with new leaderId: d17261cb-7782-4d5f-ae0d-593ca4af9c73
2023-05-31 22:57:48,375 [7c39489c-1c03-44c3-8ed9-36ad43776b05-server-thread1] INFO  server.RaftServer$Division (ServerState.java:setLeader(317)) - 7c39489c-1c03-44c3-8ed9-36ad43776b05@group-FF6D5E61F6B2: change Leader from null to d17261cb-7782-4d5f-ae0d-593ca4af9c73 at term 1 for appendEntries, leader elected after 5262ms
2023-05-31 22:57:48,376 [667d9742-fdde-4102-a217-b966604d27c1-server-thread1] INFO  ratis.XceiverServerRatis (XceiverServerRatis.java:handleLeaderChangedNotification(902)) - Leader change notification received for group: group-FF6D5E61F6B2 with new leaderId: d17261cb-7782-4d5f-ae0d-593ca4af9c73
2023-05-31 22:57:48,376 [667d9742-fdde-4102-a217-b966604d27c1-server-thread1] INFO  server.RaftServer$Division (ServerState.java:setLeader(317)) - 667d9742-fdde-4102-a217-b966604d27c1@group-FF6D5E61F6B2: change Leader from null to d17261cb-7782-4d5f-ae0d-593ca4af9c73 at term 1 for appendEntries, leader elected after 5323ms
2023-05-31 22:57:48,382 [7c39489c-1c03-44c3-8ed9-36ad43776b05-server-thread2] INFO  server.RaftServer$Division (ServerState.java:setRaftConf(434)) - 7c39489c-1c03-44c3-8ed9-36ad43776b05@group-FF6D5E61F6B2: set configuration 0: peers:[7c39489c-1c03-44c3-8ed9-36ad43776b05|rpc:10.1.0.15:15086|admin:10.1.0.15:15085|client:10.1.0.15:15084|dataStream:10.1.0.15:15087|priority:0|startupRole:FOLLOWER, 667d9742-fdde-4102-a217-b966604d27c1|rpc:10.1.0.15:15068|admin:10.1.0.15:15067|client:10.1.0.15:15066|dataStream:10.1.0.15:15069|priority:0|startupRole:FOLLOWER, d17261cb-7782-4d5f-ae0d-593ca4af9c73|rpc:10.1.0.15:15077|admin:10.1.0.15:15076|client:10.1.0.15:15075|dataStream:10.1.0.15:15078|priority:1|startupRole:FOLLOWER]|listeners:[], old=null
2023-05-31 22:57:48,382 [7c39489c-1c03-44c3-8ed9-36ad43776b05-server-thread2] INFO  segmented.SegmentedRaftLogWorker (SegmentedRaftLogWorker.java:startLogSegment(447)) - 7c39489c-1c03-44c3-8ed9-36ad43776b05@group-FF6D5E61F6B2-SegmentedRaftLogWorker: Starting segment from index:0
2023-05-31 22:57:48,384 [7c39489c-1c03-44c3-8ed9-36ad43776b05@group-FF6D5E61F6B2-SegmentedRaftLogWorker] INFO  segmented.SegmentedRaftLogWorker (SegmentedRaftLogWorker.java:execute(651)) - 7c39489c-1c03-44c3-8ed9-36ad43776b05@group-FF6D5E61F6B2-SegmentedRaftLogWorker: created new log segment /home/runner/work/ozone/ozone/hadoop-ozone/integration-test/target/test-dir/MiniOzoneClusterImpl-816a41a7-5c89-4e8c-81ba-db0c8b26fb2d/datanode-8/data/ratis/dd5d4d4c-8b67-40a1-98a8-ff6d5e61f6b2/current/log_inprogress_0
2023-05-31 22:57:48,396 [667d9742-fdde-4102-a217-b966604d27c1-server-thread2] INFO  server.RaftServer$Division (ServerState.java:setRaftConf(434)) - 667d9742-fdde-4102-a217-b966604d27c1@group-FF6D5E61F6B2: set configuration 0: peers:[7c39489c-1c03-44c3-8ed9-36ad43776b05|rpc:10.1.0.15:15086|admin:10.1.0.15:15085|client:10.1.0.15:15084|dataStream:10.1.0.15:15087|priority:0|startupRole:FOLLOWER, 667d9742-fdde-4102-a217-b966604d27c1|rpc:10.1.0.15:15068|admin:10.1.0.15:15067|client:10.1.0.15:15066|dataStream:10.1.0.15:15069|priority:0|startupRole:FOLLOWER, d17261cb-7782-4d5f-ae0d-593ca4af9c73|rpc:10.1.0.15:15077|admin:10.1.0.15:15076|client:10.1.0.15:15075|dataStream:10.1.0.15:15078|priority:1|startupRole:FOLLOWER]|listeners:[], old=null
2023-05-31 22:57:48,396 [667d9742-fdde-4102-a217-b966604d27c1-server-thread2] INFO  segmented.SegmentedRaftLogWorker (SegmentedRaftLogWorker.java:startLogSegment(447)) - 667d9742-fdde-4102-a217-b966604d27c1@group-FF6D5E61F6B2-SegmentedRaftLogWorker: Starting segment from index:0
2023-05-31 22:57:48,397 [667d9742-fdde-4102-a217-b966604d27c1@group-FF6D5E61F6B2-SegmentedRaftLogWorker] INFO  segmented.SegmentedRaftLogWorker (SegmentedRaftLogWorker.java:execute(651)) - 667d9742-fdde-4102-a217-b966604d27c1@group-FF6D5E61F6B2-SegmentedRaftLogWorker: created new log segment /home/runner/work/ozone/ozone/hadoop-ozone/integration-test/target/test-dir/MiniOzoneClusterImpl-816a41a7-5c89-4e8c-81ba-db0c8b26fb2d/datanode-6/data/ratis/dd5d4d4c-8b67-40a1-98a8-ff6d5e61f6b2/current/log_inprogress_0
2023-05-31 22:57:48,873 [07122f08-5d38-49f7-8fdd-d2e34ec8d956@group-A53698DCE0F1-FollowerState] INFO  impl.FollowerState (FollowerState.java:run(143)) - 07122f08-5d38-49f7-8fdd-d2e34ec8d956@group-A53698DCE0F1-FollowerState: change to CANDIDATE, lastRpcElapsedTime:5016133394ns, electionTimeout:5014ms
2023-05-31 22:57:48,874 [07122f08-5d38-49f7-8fdd-d2e34ec8d956@group-A53698DCE0F1-FollowerState] INFO  impl.RoleInfo (RoleInfo.java:shutdownFollowerState(110)) - 07122f08-5d38-49f7-8fdd-d2e34ec8d956: shutdown 07122f08-5d38-49f7-8fdd-d2e34ec8d956@group-A53698DCE0F1-FollowerState
2023-05-31 22:57:48,874 [07122f08-5d38-49f7-8fdd-d2e34ec8d956@group-A53698DCE0F1-FollowerState] INFO  server.RaftServer$Division (RaftServerImpl.java:setRole(329)) - 07122f08-5d38-49f7-8fdd-d2e34ec8d956@group-A53698DCE0F1: changes role from  FOLLOWER to CANDIDATE at term 0 for changeToCandidate
2023-05-31 22:57:48,874 [07122f08-5d38-49f7-8fdd-d2e34ec8d956@group-A53698DCE0F1-FollowerState] INFO  server.RaftServerConfigKeys (ConfUtils.java:logGet(46)) - raft.server.leaderelection.pre-vote = true (default)
2023-05-31 22:57:48,874 [07122f08-5d38-49f7-8fdd-d2e34ec8d956@group-A53698DCE0F1-FollowerState] INFO  impl.RoleInfo (RoleInfo.java:updateAndGet(139)) - 07122f08-5d38-49f7-8fdd-d2e34ec8d956: start 07122f08-5d38-49f7-8fdd-d2e34ec8d956@group-A53698DCE0F1-LeaderElection20
2023-05-31 22:57:48,877 [07122f08-5d38-49f7-8fdd-d2e34ec8d956@group-A53698DCE0F1-LeaderElection20] INFO  impl.LeaderElection (LeaderElection.java:askForVotes(321)) - 07122f08-5d38-49f7-8fdd-d2e34ec8d956@group-A53698DCE0F1-LeaderElection20 PRE_VOTE round 0: submit vote requests at term 0 for -1: peers:[244a53c4-9cb3-439d-93c3-5e05515fc991|rpc:10.1.0.15:15113|admin:10.1.0.15:15112|client:10.1.0.15:15111|dataStream:10.1.0.15:15114|priority:0|startupRole:FOLLOWER, 160cf24b-84e6-41e3-a0dc-1baa6b89aef1|rpc:10.1.0.15:15104|admin:10.1.0.15:15103|client:10.1.0.15:15102|dataStream:10.1.0.15:15105|priority:0|startupRole:FOLLOWER, 07122f08-5d38-49f7-8fdd-d2e34ec8d956|rpc:10.1.0.15:15095|admin:10.1.0.15:15094|client:10.1.0.15:15093|dataStream:10.1.0.15:15096|priority:1|startupRole:FOLLOWER]|listeners:[], old=null
2023-05-31 22:57:48,878 [07122f08-5d38-49f7-8fdd-d2e34ec8d956@group-A53698DCE0F1-LeaderElection20-1] INFO  server.GrpcServerProtocolClient (GrpcServerProtocolClient.java:<init>(65)) - Build channel for 244a53c4-9cb3-439d-93c3-5e05515fc991
2023-05-31 22:57:48,878 [07122f08-5d38-49f7-8fdd-d2e34ec8d956@group-A53698DCE0F1-LeaderElection20] INFO  server.RaftServerConfigKeys (ConfUtils.java:logFallback(53)) - raft.server.rpc.first-election.timeout.min = 5s (fallback to raft.server.rpc.timeout.min)
2023-05-31 22:57:48,878 [07122f08-5d38-49f7-8fdd-d2e34ec8d956@group-A53698DCE0F1-LeaderElection20] INFO  server.RaftServerConfigKeys (ConfUtils.java:logFallback(53)) - raft.server.rpc.first-election.timeout.max = 5200ms (fallback to raft.server.rpc.timeout.max)
2023-05-31 22:57:48,879 [07122f08-5d38-49f7-8fdd-d2e34ec8d956@group-A53698DCE0F1-LeaderElection20-2] INFO  server.GrpcServerProtocolClient (GrpcServerProtocolClient.java:<init>(65)) - Build channel for 160cf24b-84e6-41e3-a0dc-1baa6b89aef1
2023-05-31 22:57:48,887 [grpc-default-executor-6] INFO  server.RaftServer$Division (RaftServerImpl.java:requestVote(1302)) - 160cf24b-84e6-41e3-a0dc-1baa6b89aef1@group-A53698DCE0F1: receive requestVote(PRE_VOTE, 07122f08-5d38-49f7-8fdd-d2e34ec8d956, group-A53698DCE0F1, 0, (t:0, i:0))
2023-05-31 22:57:48,888 [grpc-default-executor-6] INFO  impl.VoteContext (VoteContext.java:log(49)) - 160cf24b-84e6-41e3-a0dc-1baa6b89aef1@group-A53698DCE0F1-FOLLOWER: accept PRE_VOTE from 07122f08-5d38-49f7-8fdd-d2e34ec8d956: our priority 0 <= candidate's priority 1
2023-05-31 22:57:48,888 [grpc-default-executor-6] INFO  server.RaftServer$Division (RaftServerImpl.java:requestVote(1335)) - 160cf24b-84e6-41e3-a0dc-1baa6b89aef1@group-A53698DCE0F1 replies to PRE_VOTE vote request: 07122f08-5d38-49f7-8fdd-d2e34ec8d956<-160cf24b-84e6-41e3-a0dc-1baa6b89aef1#0:OK-t0. Peer's state: 160cf24b-84e6-41e3-a0dc-1baa6b89aef1@group-A53698DCE0F1:t0, leader=null, voted=, raftlog=Memoized:160cf24b-84e6-41e3-a0dc-1baa6b89aef1@group-A53698DCE0F1-SegmentedRaftLog:OPENED:c-1, conf=-1: peers:[244a53c4-9cb3-439d-93c3-5e05515fc991|rpc:10.1.0.15:15113|admin:10.1.0.15:15112|client:10.1.0.15:15111|dataStream:10.1.0.15:15114|priority:0|startupRole:FOLLOWER, 160cf24b-84e6-41e3-a0dc-1baa6b89aef1|rpc:10.1.0.15:15104|admin:10.1.0.15:15103|client:10.1.0.15:15102|dataStream:10.1.0.15:15105|priority:0|startupRole:FOLLOWER, 07122f08-5d38-49f7-8fdd-d2e34ec8d956|rpc:10.1.0.15:15095|admin:10.1.0.15:15094|client:10.1.0.15:15093|dataStream:10.1.0.15:15096|priority:1|startupRole:FOLLOWER]|listeners:[], old=null
2023-05-31 22:57:48,891 [grpc-default-executor-4] INFO  server.RaftServer$Division (RaftServerImpl.java:requestVote(1302)) - 244a53c4-9cb3-439d-93c3-5e05515fc991@group-A53698DCE0F1: receive requestVote(PRE_VOTE, 07122f08-5d38-49f7-8fdd-d2e34ec8d956, group-A53698DCE0F1, 0, (t:0, i:0))
2023-05-31 22:57:48,891 [grpc-default-executor-4] INFO  impl.VoteContext (VoteContext.java:log(49)) - 244a53c4-9cb3-439d-93c3-5e05515fc991@group-A53698DCE0F1-FOLLOWER: accept PRE_VOTE from 07122f08-5d38-49f7-8fdd-d2e34ec8d956: our priority 0 <= candidate's priority 1
2023-05-31 22:57:48,891 [grpc-default-executor-4] INFO  server.RaftServer$Division (RaftServerImpl.java:requestVote(1335)) - 244a53c4-9cb3-439d-93c3-5e05515fc991@group-A53698DCE0F1 replies to PRE_VOTE vote request: 07122f08-5d38-49f7-8fdd-d2e34ec8d956<-244a53c4-9cb3-439d-93c3-5e05515fc991#0:OK-t0. Peer's state: 244a53c4-9cb3-439d-93c3-5e05515fc991@group-A53698DCE0F1:t0, leader=null, voted=, raftlog=Memoized:244a53c4-9cb3-439d-93c3-5e05515fc991@group-A53698DCE0F1-SegmentedRaftLog:OPENED:c-1, conf=-1: peers:[244a53c4-9cb3-439d-93c3-5e05515fc991|rpc:10.1.0.15:15113|admin:10.1.0.15:15112|client:10.1.0.15:15111|dataStream:10.1.0.15:15114|priority:0|startupRole:FOLLOWER, 160cf24b-84e6-41e3-a0dc-1baa6b89aef1|rpc:10.1.0.15:15104|admin:10.1.0.15:15103|client:10.1.0.15:15102|dataStream:10.1.0.15:15105|priority:0|startupRole:FOLLOWER, 07122f08-5d38-49f7-8fdd-d2e34ec8d956|rpc:10.1.0.15:15095|admin:10.1.0.15:15094|client:10.1.0.15:15093|dataStream:10.1.0.15:15096|priority:1|startupRole:FOLLOWER]|listeners:[], old=null
2023-05-31 22:57:48,893 [07122f08-5d38-49f7-8fdd-d2e34ec8d956@group-A53698DCE0F1-LeaderElection20] INFO  impl.LeaderElection (LeaderElection.java:logAndReturn(90)) - 07122f08-5d38-49f7-8fdd-d2e34ec8d956@group-A53698DCE0F1-LeaderElection20: PRE_VOTE PASSED received 1 response(s) and 0 exception(s):
2023-05-31 22:57:48,893 [07122f08-5d38-49f7-8fdd-d2e34ec8d956@group-A53698DCE0F1-LeaderElection20] INFO  impl.LeaderElection (LeaderElection.java:logAndReturn(94)) -   Response 0: 07122f08-5d38-49f7-8fdd-d2e34ec8d956<-244a53c4-9cb3-439d-93c3-5e05515fc991#0:OK-t0
2023-05-31 22:57:48,893 [07122f08-5d38-49f7-8fdd-d2e34ec8d956@group-A53698DCE0F1-LeaderElection20] INFO  impl.LeaderElection (LeaderElection.java:askForVotes(323)) - 07122f08-5d38-49f7-8fdd-d2e34ec8d956@group-A53698DCE0F1-LeaderElection20 PRE_VOTE round 0: result PASSED
2023-05-31 22:57:48,895 [07122f08-5d38-49f7-8fdd-d2e34ec8d956@group-A53698DCE0F1-LeaderElection20] INFO  impl.LeaderElection (LeaderElection.java:askForVotes(321)) - 07122f08-5d38-49f7-8fdd-d2e34ec8d956@group-A53698DCE0F1-LeaderElection20 ELECTION round 0: submit vote requests at term 1 for -1: peers:[244a53c4-9cb3-439d-93c3-5e05515fc991|rpc:10.1.0.15:15113|admin:10.1.0.15:15112|client:10.1.0.15:15111|dataStream:10.1.0.15:15114|priority:0|startupRole:FOLLOWER, 160cf24b-84e6-41e3-a0dc-1baa6b89aef1|rpc:10.1.0.15:15104|admin:10.1.0.15:15103|client:10.1.0.15:15102|dataStream:10.1.0.15:15105|priority:0|startupRole:FOLLOWER, 07122f08-5d38-49f7-8fdd-d2e34ec8d956|rpc:10.1.0.15:15095|admin:10.1.0.15:15094|client:10.1.0.15:15093|dataStream:10.1.0.15:15096|priority:1|startupRole:FOLLOWER]|listeners:[], old=null
2023-05-31 22:57:48,896 [07122f08-5d38-49f7-8fdd-d2e34ec8d956@group-A53698DCE0F1-LeaderElection20] INFO  server.RaftServerConfigKeys (ConfUtils.java:logFallback(53)) - raft.server.rpc.first-election.timeout.min = 5s (fallback to raft.server.rpc.timeout.min)
2023-05-31 22:57:48,897 [07122f08-5d38-49f7-8fdd-d2e34ec8d956@group-A53698DCE0F1-LeaderElection20] INFO  server.RaftServerConfigKeys (ConfUtils.java:logFallback(53)) - raft.server.rpc.first-election.timeout.max = 5200ms (fallback to raft.server.rpc.timeout.max)
2023-05-31 22:57:48,897 [grpc-default-executor-4] INFO  server.RaftServer$Division (RaftServerImpl.java:requestVote(1302)) - 244a53c4-9cb3-439d-93c3-5e05515fc991@group-A53698DCE0F1: receive requestVote(ELECTION, 07122f08-5d38-49f7-8fdd-d2e34ec8d956, group-A53698DCE0F1, 1, (t:0, i:0))
2023-05-31 22:57:48,897 [grpc-default-executor-4] INFO  impl.VoteContext (VoteContext.java:log(49)) - 244a53c4-9cb3-439d-93c3-5e05515fc991@group-A53698DCE0F1-FOLLOWER: accept ELECTION from 07122f08-5d38-49f7-8fdd-d2e34ec8d956: our priority 0 <= candidate's priority 1
2023-05-31 22:57:48,897 [grpc-default-executor-4] INFO  server.RaftServer$Division (RaftServerImpl.java:setRole(329)) - 244a53c4-9cb3-439d-93c3-5e05515fc991@group-A53698DCE0F1: changes role from  FOLLOWER to FOLLOWER at term 1 for candidate:07122f08-5d38-49f7-8fdd-d2e34ec8d956
2023-05-31 22:57:48,897 [grpc-default-executor-4] INFO  impl.RoleInfo (RoleInfo.java:shutdownFollowerState(110)) - 244a53c4-9cb3-439d-93c3-5e05515fc991: shutdown 244a53c4-9cb3-439d-93c3-5e05515fc991@group-A53698DCE0F1-FollowerState
2023-05-31 22:57:48,897 [grpc-default-executor-4] INFO  impl.RoleInfo (RoleInfo.java:updateAndGet(139)) - 244a53c4-9cb3-439d-93c3-5e05515fc991: start 244a53c4-9cb3-439d-93c3-5e05515fc991@group-A53698DCE0F1-FollowerState
2023-05-31 22:57:48,898 [244a53c4-9cb3-439d-93c3-5e05515fc991@group-A53698DCE0F1-FollowerState] INFO  impl.FollowerState (FollowerState.java:run(152)) - 244a53c4-9cb3-439d-93c3-5e05515fc991@group-A53698DCE0F1-FollowerState was interrupted
2023-05-31 22:57:48,899 [grpc-default-executor-4] INFO  server.RaftServer$Division (RaftServerImpl.java:requestVote(1335)) - 244a53c4-9cb3-439d-93c3-5e05515fc991@group-A53698DCE0F1 replies to ELECTION vote request: 07122f08-5d38-49f7-8fdd-d2e34ec8d956<-244a53c4-9cb3-439d-93c3-5e05515fc991#0:OK-t1. Peer's state: 244a53c4-9cb3-439d-93c3-5e05515fc991@group-A53698DCE0F1:t1, leader=null, voted=07122f08-5d38-49f7-8fdd-d2e34ec8d956, raftlog=Memoized:244a53c4-9cb3-439d-93c3-5e05515fc991@group-A53698DCE0F1-SegmentedRaftLog:OPENED:c-1, conf=-1: peers:[244a53c4-9cb3-439d-93c3-5e05515fc991|rpc:10.1.0.15:15113|admin:10.1.0.15:15112|client:10.1.0.15:15111|dataStream:10.1.0.15:15114|priority:0|startupRole:FOLLOWER, 160cf24b-84e6-41e3-a0dc-1baa6b89aef1|rpc:10.1.0.15:15104|admin:10.1.0.15:15103|client:10.1.0.15:15102|dataStream:10.1.0.15:15105|priority:0|startupRole:FOLLOWER, 07122f08-5d38-49f7-8fdd-d2e34ec8d956|rpc:10.1.0.15:15095|admin:10.1.0.15:15094|client:10.1.0.15:15093|dataStream:10.1.0.15:15096|priority:1|startupRole:FOLLOWER]|listeners:[], old=null
2023-05-31 22:57:48,901 [grpc-default-executor-6] INFO  server.RaftServer$Division (RaftServerImpl.java:requestVote(1302)) - 160cf24b-84e6-41e3-a0dc-1baa6b89aef1@group-A53698DCE0F1: receive requestVote(ELECTION, 07122f08-5d38-49f7-8fdd-d2e34ec8d956, group-A53698DCE0F1, 1, (t:0, i:0))
2023-05-31 22:57:48,901 [grpc-default-executor-6] INFO  impl.VoteContext (VoteContext.java:log(49)) - 160cf24b-84e6-41e3-a0dc-1baa6b89aef1@group-A53698DCE0F1-FOLLOWER: accept ELECTION from 07122f08-5d38-49f7-8fdd-d2e34ec8d956: our priority 0 <= candidate's priority 1
2023-05-31 22:57:48,901 [grpc-default-executor-6] INFO  server.RaftServer$Division (RaftServerImpl.java:setRole(329)) - 160cf24b-84e6-41e3-a0dc-1baa6b89aef1@group-A53698DCE0F1: changes role from  FOLLOWER to FOLLOWER at term 1 for candidate:07122f08-5d38-49f7-8fdd-d2e34ec8d956
2023-05-31 22:57:48,901 [grpc-default-executor-6] INFO  impl.RoleInfo (RoleInfo.java:shutdownFollowerState(110)) - 160cf24b-84e6-41e3-a0dc-1baa6b89aef1: shutdown 160cf24b-84e6-41e3-a0dc-1baa6b89aef1@group-A53698DCE0F1-FollowerState
2023-05-31 22:57:48,901 [grpc-default-executor-6] INFO  impl.RoleInfo (RoleInfo.java:updateAndGet(139)) - 160cf24b-84e6-41e3-a0dc-1baa6b89aef1: start 160cf24b-84e6-41e3-a0dc-1baa6b89aef1@group-A53698DCE0F1-FollowerState
2023-05-31 22:57:48,901 [07122f08-5d38-49f7-8fdd-d2e34ec8d956@group-A53698DCE0F1-LeaderElection20] INFO  impl.LeaderElection (LeaderElection.java:logAndReturn(90)) - 07122f08-5d38-49f7-8fdd-d2e34ec8d956@group-A53698DCE0F1-LeaderElection20: ELECTION PASSED received 1 response(s) and 0 exception(s):
2023-05-31 22:57:48,901 [07122f08-5d38-49f7-8fdd-d2e34ec8d956@group-A53698DCE0F1-LeaderElection20] INFO  impl.LeaderElection (LeaderElection.java:logAndReturn(94)) -   Response 0: 07122f08-5d38-49f7-8fdd-d2e34ec8d956<-244a53c4-9cb3-439d-93c3-5e05515fc991#0:OK-t1
2023-05-31 22:57:48,901 [160cf24b-84e6-41e3-a0dc-1baa6b89aef1@group-A53698DCE0F1-FollowerState] INFO  impl.FollowerState (FollowerState.java:run(152)) - 160cf24b-84e6-41e3-a0dc-1baa6b89aef1@group-A53698DCE0F1-FollowerState was interrupted
2023-05-31 22:57:48,902 [07122f08-5d38-49f7-8fdd-d2e34ec8d956@group-A53698DCE0F1-LeaderElection20] INFO  impl.LeaderElection (LeaderElection.java:askForVotes(323)) - 07122f08-5d38-49f7-8fdd-d2e34ec8d956@group-A53698DCE0F1-LeaderElection20 ELECTION round 0: result PASSED
2023-05-31 22:57:48,902 [07122f08-5d38-49f7-8fdd-d2e34ec8d956@group-A53698DCE0F1-LeaderElection20] INFO  impl.RoleInfo (RoleInfo.java:shutdownLeaderElection(130)) - 07122f08-5d38-49f7-8fdd-d2e34ec8d956: shutdown 07122f08-5d38-49f7-8fdd-d2e34ec8d956@group-A53698DCE0F1-LeaderElection20
2023-05-31 22:57:48,902 [07122f08-5d38-49f7-8fdd-d2e34ec8d956@group-A53698DCE0F1-LeaderElection20] INFO  server.RaftServer$Division (RaftServerImpl.java:setRole(329)) - 07122f08-5d38-49f7-8fdd-d2e34ec8d956@group-A53698DCE0F1: changes role from CANDIDATE to LEADER at term 1 for changeToLeader
2023-05-31 22:57:48,902 [07122f08-5d38-49f7-8fdd-d2e34ec8d956@group-A53698DCE0F1-LeaderElection20] INFO  ratis.XceiverServerRatis (XceiverServerRatis.java:handleLeaderChangedNotification(902)) - Leader change notification received for group: group-A53698DCE0F1 with new leaderId: 07122f08-5d38-49f7-8fdd-d2e34ec8d956
2023-05-31 22:57:48,903 [07122f08-5d38-49f7-8fdd-d2e34ec8d956@group-A53698DCE0F1-LeaderElection20] INFO  server.RaftServer$Division (ServerState.java:setLeader(317)) - 07122f08-5d38-49f7-8fdd-d2e34ec8d956@group-A53698DCE0F1: change Leader from null to 07122f08-5d38-49f7-8fdd-d2e34ec8d956 at term 1 for becomeLeader, leader elected after 5069ms
2023-05-31 22:57:48,903 [07122f08-5d38-49f7-8fdd-d2e34ec8d956@group-A53698DCE0F1-LeaderElection20] INFO  server.RaftServerConfigKeys (ConfUtils.java:logGet(46)) - raft.server.staging.catchup.gap = 1000 (default)
2023-05-31 22:57:48,903 [07122f08-5d38-49f7-8fdd-d2e34ec8d956@group-A53698DCE0F1-LeaderElection20] INFO  server.RaftServerConfigKeys (ConfUtils.java:logGet(46)) - raft.server.write.element-limit = 1024 (custom)
2023-05-31 22:57:48,903 [07122f08-5d38-49f7-8fdd-d2e34ec8d956@group-A53698DCE0F1-LeaderElection20] INFO  server.RaftServerConfigKeys (ConfUtils.java:logGet(46)) - raft.server.write.byte-limit = 1024 M (=1073741824) (custom)
2023-05-31 22:57:48,903 [grpc-default-executor-6] INFO  server.RaftServer$Division (RaftServerImpl.java:requestVote(1335)) - 160cf24b-84e6-41e3-a0dc-1baa6b89aef1@group-A53698DCE0F1 replies to ELECTION vote request: 07122f08-5d38-49f7-8fdd-d2e34ec8d956<-160cf24b-84e6-41e3-a0dc-1baa6b89aef1#0:OK-t1. Peer's state: 160cf24b-84e6-41e3-a0dc-1baa6b89aef1@group-A53698DCE0F1:t1, leader=null, voted=07122f08-5d38-49f7-8fdd-d2e34ec8d956, raftlog=Memoized:160cf24b-84e6-41e3-a0dc-1baa6b89aef1@group-A53698DCE0F1-SegmentedRaftLog:OPENED:c-1, conf=-1: peers:[244a53c4-9cb3-439d-93c3-5e05515fc991|rpc:10.1.0.15:15113|admin:10.1.0.15:15112|client:10.1.0.15:15111|dataStream:10.1.0.15:15114|priority:0|startupRole:FOLLOWER, 160cf24b-84e6-41e3-a0dc-1baa6b89aef1|rpc:10.1.0.15:15104|admin:10.1.0.15:15103|client:10.1.0.15:15102|dataStream:10.1.0.15:15105|priority:0|startupRole:FOLLOWER, 07122f08-5d38-49f7-8fdd-d2e34ec8d956|rpc:10.1.0.15:15095|admin:10.1.0.15:15094|client:10.1.0.15:15093|dataStream:10.1.0.15:15096|priority:1|startupRole:FOLLOWER]|listeners:[], old=null
2023-05-31 22:57:48,904 [07122f08-5d38-49f7-8fdd-d2e34ec8d956@group-A53698DCE0F1-LeaderElection20] INFO  server.RaftServerConfigKeys (ConfUtils.java:logGet(46)) - raft.server.watch.timeout = 180s (custom)
2023-05-31 22:57:48,904 [07122f08-5d38-49f7-8fdd-d2e34ec8d956@group-A53698DCE0F1-LeaderElection20] INFO  server.RaftServerConfigKeys (ConfUtils.java:logGet(46)) - raft.server.watch.timeout.denomination = 1s (default)
2023-05-31 22:57:48,904 [07122f08-5d38-49f7-8fdd-d2e34ec8d956@group-A53698DCE0F1-LeaderElection20] INFO  server.RaftServerConfigKeys (ConfUtils.java:logGet(46)) - raft.server.watch.element-limit = 65536 (default)
2023-05-31 22:57:48,904 [07122f08-5d38-49f7-8fdd-d2e34ec8d956@group-A53698DCE0F1-LeaderElection20] INFO  server.RaftServerConfigKeys (ConfUtils.java:logGet(46)) - raft.server.write.element-limit = 1024 (custom)
2023-05-31 22:57:48,904 [07122f08-5d38-49f7-8fdd-d2e34ec8d956@group-A53698DCE0F1-LeaderElection20] INFO  server.RaftServerConfigKeys (ConfUtils.java:logGet(46)) - raft.server.write.follower.gap.ratio.max = -1.0 (default)
2023-05-31 22:57:48,905 [07122f08-5d38-49f7-8fdd-d2e34ec8d956@group-A53698DCE0F1-LeaderElection20] INFO  server.RaftServerConfigKeys (ConfUtils.java:logGet(46)) - raft.server.log.appender.snapshot.chunk.size.max = 16MB (=16777216) (default)
2023-05-31 22:57:48,905 [07122f08-5d38-49f7-8fdd-d2e34ec8d956@group-A53698DCE0F1-LeaderElection20] INFO  server.RaftServerConfigKeys (ConfUtils.java:logGet(46)) - raft.server.log.appender.buffer.byte-limit = 33554432 (custom)
2023-05-31 22:57:48,905 [07122f08-5d38-49f7-8fdd-d2e34ec8d956@group-A53698DCE0F1-LeaderElection20] INFO  server.RaftServerConfigKeys (ConfUtils.java:logGet(46)) - raft.server.log.appender.buffer.element-limit = 1 (custom)
2023-05-31 22:57:48,905 [07122f08-5d38-49f7-8fdd-d2e34ec8d956@group-A53698DCE0F1-LeaderElection20] INFO  server.RaftServerConfigKeys (ConfUtils.java:logGet(46)) - raft.server.log.appender.wait-time.min = 10ms (default)
2023-05-31 22:57:48,905 [07122f08-5d38-49f7-8fdd-d2e34ec8d956@group-A53698DCE0F1-LeaderElection20] INFO  grpc.GrpcConfigKeys (ConfUtils.java:logGet(46)) - raft.grpc.server.leader.outstanding.appends.max = 128 (default)
2023-05-31 22:57:48,906 [EventQueue-PipelineReportForPipelineReportHandler] INFO  pipeline.PipelineManagerImpl (PipelineManagerImpl.java:openPipeline(367)) - Pipeline Pipeline[ Id: 31c9f478-22b8-4318-8be4-a53698dce0f1, Nodes: 160cf24b-84e6-41e3-a0dc-1baa6b89aef1(fv-az844-56.kvdfyhrxhd0epk3sa4trub4njc.xx.internal.cloudapp.net/10.1.0.15)07122f08-5d38-49f7-8fdd-d2e34ec8d956(fv-az844-56.kvdfyhrxhd0epk3sa4trub4njc.xx.internal.cloudapp.net/10.1.0.15)244a53c4-9cb3-439d-93c3-5e05515fc991(fv-az844-56.kvdfyhrxhd0epk3sa4trub4njc.xx.internal.cloudapp.net/10.1.0.15), ReplicationConfig: RATIS/THREE, State:ALLOCATED, leaderId:07122f08-5d38-49f7-8fdd-d2e34ec8d956, CreationTimestamp2023-05-31T22:57:41.974Z[Etc/UTC]] moved to OPEN state
2023-05-31 22:57:48,907 [07122f08-5d38-49f7-8fdd-d2e34ec8d956@group-A53698DCE0F1-LeaderElection20] INFO  server.RaftServerConfigKeys (ConfUtils.java:logGet(46)) - raft.server.rpc.request.timeout = 60s (custom)
2023-05-31 22:57:48,908 [07122f08-5d38-49f7-8fdd-d2e34ec8d956@group-A53698DCE0F1-LeaderElection20] INFO  grpc.GrpcConfigKeys (ConfUtils.java:logGet(46)) - raft.grpc.server.install_snapshot.request.element-limit = 8 (default)
2023-05-31 22:57:48,908 [07122f08-5d38-49f7-8fdd-d2e34ec8d956@group-A53698DCE0F1-LeaderElection20] INFO  grpc.GrpcConfigKeys (ConfUtils.java:logGet(46)) - raft.grpc.server.install_snapshot.request.timeout = 3000ms (default)
2023-05-31 22:57:48,908 [07122f08-5d38-49f7-8fdd-d2e34ec8d956@group-A53698DCE0F1-LeaderElection20] INFO  server.RaftServerConfigKeys (ConfUtils.java:logGet(46)) - raft.server.log.appender.install.snapshot.enabled = false (custom)
2023-05-31 22:57:48,908 [07122f08-5d38-49f7-8fdd-d2e34ec8d956@group-A53698DCE0F1-LeaderElection20] INFO  grpc.GrpcConfigKeys (ConfUtils.java:logGet(46)) - raft.grpc.server.heartbeat.channel = true (default)
2023-05-31 22:57:48,909 [07122f08-5d38-49f7-8fdd-d2e34ec8d956@group-A53698DCE0F1-LeaderElection20] INFO  server.RaftServerConfigKeys (ConfUtils.java:logGet(46)) - raft.server.log.appender.snapshot.chunk.size.max = 16MB (=16777216) (default)
2023-05-31 22:57:48,909 [07122f08-5d38-49f7-8fdd-d2e34ec8d956@group-A53698DCE0F1-LeaderElection20] INFO  server.RaftServerConfigKeys (ConfUtils.java:logGet(46)) - raft.server.log.appender.buffer.byte-limit = 33554432 (custom)
2023-05-31 22:57:48,909 [07122f08-5d38-49f7-8fdd-d2e34ec8d956@group-A53698DCE0F1-LeaderElection20] INFO  server.RaftServerConfigKeys (ConfUtils.java:logGet(46)) - raft.server.log.appender.buffer.element-limit = 1 (custom)
2023-05-31 22:57:48,909 [07122f08-5d38-49f7-8fdd-d2e34ec8d956@group-A53698DCE0F1-LeaderElection20] INFO  server.RaftServerConfigKeys (ConfUtils.java:logGet(46)) - raft.server.log.appender.wait-time.min = 10ms (default)
2023-05-31 22:57:48,909 [07122f08-5d38-49f7-8fdd-d2e34ec8d956@group-A53698DCE0F1-LeaderElection20] INFO  grpc.GrpcConfigKeys (ConfUtils.java:logGet(46)) - raft.grpc.server.leader.outstanding.appends.max = 128 (default)
2023-05-31 22:57:48,909 [07122f08-5d38-49f7-8fdd-d2e34ec8d956@group-A53698DCE0F1-LeaderElection20] INFO  server.RaftServerConfigKeys (ConfUtils.java:logGet(46)) - raft.server.rpc.request.timeout = 60s (custom)
2023-05-31 22:57:48,910 [07122f08-5d38-49f7-8fdd-d2e34ec8d956@group-A53698DCE0F1-LeaderElection20] INFO  grpc.GrpcConfigKeys (ConfUtils.java:logGet(46)) - raft.grpc.server.install_snapshot.request.element-limit = 8 (default)
2023-05-31 22:57:48,910 [07122f08-5d38-49f7-8fdd-d2e34ec8d956@group-A53698DCE0F1-LeaderElection20] INFO  grpc.GrpcConfigKeys (ConfUtils.java:logGet(46)) - raft.grpc.server.install_snapshot.request.timeout = 3000ms (default)
2023-05-31 22:57:48,910 [07122f08-5d38-49f7-8fdd-d2e34ec8d956@group-A53698DCE0F1-LeaderElection20] INFO  server.RaftServerConfigKeys (ConfUtils.java:logGet(46)) - raft.server.log.appender.install.snapshot.enabled = false (custom)
2023-05-31 22:57:48,911 [07122f08-5d38-49f7-8fdd-d2e34ec8d956@group-A53698DCE0F1-LeaderElection20] INFO  grpc.GrpcConfigKeys (ConfUtils.java:logGet(46)) - raft.grpc.server.heartbeat.channel = true (default)
2023-05-31 22:57:48,911 [07122f08-5d38-49f7-8fdd-d2e34ec8d956@group-A53698DCE0F1-LeaderElection20] INFO  impl.RoleInfo (RoleInfo.java:updateAndGet(139)) - 07122f08-5d38-49f7-8fdd-d2e34ec8d956: start 07122f08-5d38-49f7-8fdd-d2e34ec8d956@group-A53698DCE0F1-LeaderStateImpl
2023-05-31 22:57:48,912 [07122f08-5d38-49f7-8fdd-d2e34ec8d956@group-A53698DCE0F1-LeaderElection20] INFO  segmented.SegmentedRaftLogWorker (SegmentedRaftLogWorker.java:startLogSegment(447)) - 07122f08-5d38-49f7-8fdd-d2e34ec8d956@group-A53698DCE0F1-SegmentedRaftLogWorker: Starting segment from index:0
2023-05-31 22:57:48,913 [07122f08-5d38-49f7-8fdd-d2e34ec8d956@group-A53698DCE0F1-SegmentedRaftLogWorker] INFO  segmented.SegmentedRaftLogWorker (SegmentedRaftLogWorker.java:execute(651)) - 07122f08-5d38-49f7-8fdd-d2e34ec8d956@group-A53698DCE0F1-SegmentedRaftLogWorker: created new log segment /home/runner/work/ozone/ozone/hadoop-ozone/integration-test/target/test-dir/MiniOzoneClusterImpl-816a41a7-5c89-4e8c-81ba-db0c8b26fb2d/datanode-9/data/ratis/31c9f478-22b8-4318-8be4-a53698dce0f1/current/log_inprogress_0
2023-05-31 22:57:48,928 [07122f08-5d38-49f7-8fdd-d2e34ec8d956@group-A53698DCE0F1-LeaderElection20] INFO  server.RaftServer$Division (ServerState.java:setRaftConf(434)) - 07122f08-5d38-49f7-8fdd-d2e34ec8d956@group-A53698DCE0F1: set configuration 0: peers:[244a53c4-9cb3-439d-93c3-5e05515fc991|rpc:10.1.0.15:15113|admin:10.1.0.15:15112|client:10.1.0.15:15111|dataStream:10.1.0.15:15114|priority:0|startupRole:FOLLOWER, 160cf24b-84e6-41e3-a0dc-1baa6b89aef1|rpc:10.1.0.15:15104|admin:10.1.0.15:15103|client:10.1.0.15:15102|dataStream:10.1.0.15:15105|priority:0|startupRole:FOLLOWER, 07122f08-5d38-49f7-8fdd-d2e34ec8d956|rpc:10.1.0.15:15095|admin:10.1.0.15:15094|client:10.1.0.15:15093|dataStream:10.1.0.15:15096|priority:1|startupRole:FOLLOWER]|listeners:[], old=null
2023-05-31 22:57:48,941 [244a53c4-9cb3-439d-93c3-5e05515fc991-server-thread1] INFO  ratis.XceiverServerRatis (XceiverServerRatis.java:handleLeaderChangedNotification(902)) - Leader change notification received for group: group-A53698DCE0F1 with new leaderId: 07122f08-5d38-49f7-8fdd-d2e34ec8d956
2023-05-31 22:57:48,941 [244a53c4-9cb3-439d-93c3-5e05515fc991-server-thread1] INFO  server.RaftServer$Division (ServerState.java:setLeader(317)) - 244a53c4-9cb3-439d-93c3-5e05515fc991@group-A53698DCE0F1: change Leader from null to 07122f08-5d38-49f7-8fdd-d2e34ec8d956 at term 1 for appendEntries, leader elected after 4963ms
2023-05-31 22:57:48,942 [244a53c4-9cb3-439d-93c3-5e05515fc991-server-thread1] INFO  server.RaftServer$Division (ServerState.java:setRaftConf(434)) - 244a53c4-9cb3-439d-93c3-5e05515fc991@group-A53698DCE0F1: set configuration 0: peers:[244a53c4-9cb3-439d-93c3-5e05515fc991|rpc:10.1.0.15:15113|admin:10.1.0.15:15112|client:10.1.0.15:15111|dataStream:10.1.0.15:15114|priority:0|startupRole:FOLLOWER, 160cf24b-84e6-41e3-a0dc-1baa6b89aef1|rpc:10.1.0.15:15104|admin:10.1.0.15:15103|client:10.1.0.15:15102|dataStream:10.1.0.15:15105|priority:0|startupRole:FOLLOWER, 07122f08-5d38-49f7-8fdd-d2e34ec8d956|rpc:10.1.0.15:15095|admin:10.1.0.15:15094|client:10.1.0.15:15093|dataStream:10.1.0.15:15096|priority:1|startupRole:FOLLOWER]|listeners:[], old=null
2023-05-31 22:57:48,942 [244a53c4-9cb3-439d-93c3-5e05515fc991-server-thread1] INFO  segmented.SegmentedRaftLogWorker (SegmentedRaftLogWorker.java:startLogSegment(447)) - 244a53c4-9cb3-439d-93c3-5e05515fc991@group-A53698DCE0F1-SegmentedRaftLogWorker: Starting segment from index:0
2023-05-31 22:57:48,943 [07122f08-5d38-49f7-8fdd-d2e34ec8d956@group-B4980E30E6AC-FollowerState] INFO  impl.FollowerState (FollowerState.java:run(143)) - 07122f08-5d38-49f7-8fdd-d2e34ec8d956@group-B4980E30E6AC-FollowerState: change to CANDIDATE, lastRpcElapsedTime:5125464872ns, electionTimeout:5124ms
2023-05-31 22:57:48,943 [07122f08-5d38-49f7-8fdd-d2e34ec8d956@group-B4980E30E6AC-FollowerState] INFO  impl.RoleInfo (RoleInfo.java:shutdownFollowerState(110)) - 07122f08-5d38-49f7-8fdd-d2e34ec8d956: shutdown 07122f08-5d38-49f7-8fdd-d2e34ec8d956@group-B4980E30E6AC-FollowerState
2023-05-31 22:57:48,943 [07122f08-5d38-49f7-8fdd-d2e34ec8d956@group-B4980E30E6AC-FollowerState] INFO  server.RaftServer$Division (RaftServerImpl.java:setRole(329)) - 07122f08-5d38-49f7-8fdd-d2e34ec8d956@group-B4980E30E6AC: changes role from  FOLLOWER to CANDIDATE at term 0 for changeToCandidate
2023-05-31 22:57:48,943 [07122f08-5d38-49f7-8fdd-d2e34ec8d956@group-B4980E30E6AC-FollowerState] INFO  server.RaftServerConfigKeys (ConfUtils.java:logGet(46)) - raft.server.leaderelection.pre-vote = true (default)
2023-05-31 22:57:48,943 [07122f08-5d38-49f7-8fdd-d2e34ec8d956@group-B4980E30E6AC-FollowerState] INFO  impl.RoleInfo (RoleInfo.java:updateAndGet(139)) - 07122f08-5d38-49f7-8fdd-d2e34ec8d956: start 07122f08-5d38-49f7-8fdd-d2e34ec8d956@group-B4980E30E6AC-LeaderElection21
2023-05-31 22:57:48,945 [244a53c4-9cb3-439d-93c3-5e05515fc991@group-A53698DCE0F1-SegmentedRaftLogWorker] INFO  segmented.SegmentedRaftLogWorker (SegmentedRaftLogWorker.java:execute(651)) - 244a53c4-9cb3-439d-93c3-5e05515fc991@group-A53698DCE0F1-SegmentedRaftLogWorker: created new log segment /home/runner/work/ozone/ozone/hadoop-ozone/integration-test/target/test-dir/MiniOzoneClusterImpl-816a41a7-5c89-4e8c-81ba-db0c8b26fb2d/datanode-11/data/ratis/31c9f478-22b8-4318-8be4-a53698dce0f1/current/log_inprogress_0
2023-05-31 22:57:48,952 [160cf24b-84e6-41e3-a0dc-1baa6b89aef1-server-thread1] INFO  ratis.XceiverServerRatis (XceiverServerRatis.java:handleLeaderChangedNotification(902)) - Leader change notification received for group: group-A53698DCE0F1 with new leaderId: 07122f08-5d38-49f7-8fdd-d2e34ec8d956
2023-05-31 22:57:48,952 [160cf24b-84e6-41e3-a0dc-1baa6b89aef1-server-thread1] INFO  server.RaftServer$Division (ServerState.java:setLeader(317)) - 160cf24b-84e6-41e3-a0dc-1baa6b89aef1@group-A53698DCE0F1: change Leader from null to 07122f08-5d38-49f7-8fdd-d2e34ec8d956 at term 1 for appendEntries, leader elected after 5063ms
2023-05-31 22:57:48,958 [07122f08-5d38-49f7-8fdd-d2e34ec8d956@group-B4980E30E6AC-LeaderElection21] INFO  impl.LeaderElection (LeaderElection.java:askForVotes(321)) - 07122f08-5d38-49f7-8fdd-d2e34ec8d956@group-B4980E30E6AC-LeaderElection21 PRE_VOTE round 0: submit vote requests at term 0 for -1: peers:[07122f08-5d38-49f7-8fdd-d2e34ec8d956|rpc:10.1.0.15:15095|admin:10.1.0.15:15094|client:10.1.0.15:15093|dataStream:10.1.0.15:15096|priority:1|startupRole:FOLLOWER]|listeners:[], old=null
2023-05-31 22:57:48,958 [07122f08-5d38-49f7-8fdd-d2e34ec8d956@group-B4980E30E6AC-LeaderElection21] INFO  impl.LeaderElection (LeaderElection.java:askForVotes(323)) - 07122f08-5d38-49f7-8fdd-d2e34ec8d956@group-B4980E30E6AC-LeaderElection21 PRE_VOTE round 0: result PASSED (term=0)
2023-05-31 22:57:48,961 [07122f08-5d38-49f7-8fdd-d2e34ec8d956@group-B4980E30E6AC-LeaderElection21] INFO  impl.LeaderElection (LeaderElection.java:askForVotes(321)) - 07122f08-5d38-49f7-8fdd-d2e34ec8d956@group-B4980E30E6AC-LeaderElection21 ELECTION round 0: submit vote requests at term 1 for -1: peers:[07122f08-5d38-49f7-8fdd-d2e34ec8d956|rpc:10.1.0.15:15095|admin:10.1.0.15:15094|client:10.1.0.15:15093|dataStream:10.1.0.15:15096|priority:1|startupRole:FOLLOWER]|listeners:[], old=null
2023-05-31 22:57:48,961 [07122f08-5d38-49f7-8fdd-d2e34ec8d956@group-B4980E30E6AC-LeaderElection21] INFO  impl.LeaderElection (LeaderElection.java:askForVotes(323)) - 07122f08-5d38-49f7-8fdd-d2e34ec8d956@group-B4980E30E6AC-LeaderElection21 ELECTION round 0: result PASSED (term=1)
2023-05-31 22:57:48,961 [07122f08-5d38-49f7-8fdd-d2e34ec8d956@group-B4980E30E6AC-LeaderElection21] INFO  impl.RoleInfo (RoleInfo.java:shutdownLeaderElection(130)) - 07122f08-5d38-49f7-8fdd-d2e34ec8d956: shutdown 07122f08-5d38-49f7-8fdd-d2e34ec8d956@group-B4980E30E6AC-LeaderElection21
2023-05-31 22:57:48,961 [07122f08-5d38-49f7-8fdd-d2e34ec8d956@group-B4980E30E6AC-LeaderElection21] INFO  server.RaftServer$Division (RaftServerImpl.java:setRole(329)) - 07122f08-5d38-49f7-8fdd-d2e34ec8d956@group-B4980E30E6AC: changes role from CANDIDATE to LEADER at term 1 for changeToLeader
2023-05-31 22:57:48,961 [07122f08-5d38-49f7-8fdd-d2e34ec8d956@group-B4980E30E6AC-LeaderElection21] INFO  ratis.XceiverServerRatis (XceiverServerRatis.java:handleLeaderChangedNotification(902)) - Leader change notification received for group: group-B4980E30E6AC with new leaderId: 07122f08-5d38-49f7-8fdd-d2e34ec8d956
2023-05-31 22:57:48,962 [07122f08-5d38-49f7-8fdd-d2e34ec8d956@group-B4980E30E6AC-LeaderElection21] INFO  server.RaftServer$Division (ServerState.java:setLeader(317)) - 07122f08-5d38-49f7-8fdd-d2e34ec8d956@group-B4980E30E6AC: change Leader from null to 07122f08-5d38-49f7-8fdd-d2e34ec8d956 at term 1 for becomeLeader, leader elected after 5177ms
2023-05-31 22:57:48,962 [07122f08-5d38-49f7-8fdd-d2e34ec8d956@group-B4980E30E6AC-LeaderElection21] INFO  server.RaftServerConfigKeys (ConfUtils.java:logGet(46)) - raft.server.staging.catchup.gap = 1000 (default)
2023-05-31 22:57:48,963 [07122f08-5d38-49f7-8fdd-d2e34ec8d956@group-B4980E30E6AC-LeaderElection21] INFO  server.RaftServerConfigKeys (ConfUtils.java:logGet(46)) - raft.server.write.element-limit = 1024 (custom)
2023-05-31 22:57:48,963 [07122f08-5d38-49f7-8fdd-d2e34ec8d956@group-B4980E30E6AC-LeaderElection21] INFO  server.RaftServerConfigKeys (ConfUtils.java:logGet(46)) - raft.server.write.byte-limit = 1024 M (=1073741824) (custom)
2023-05-31 22:57:48,963 [07122f08-5d38-49f7-8fdd-d2e34ec8d956@group-B4980E30E6AC-LeaderElection21] INFO  server.RaftServerConfigKeys (ConfUtils.java:logGet(46)) - raft.server.watch.timeout = 180s (custom)
2023-05-31 22:57:48,963 [07122f08-5d38-49f7-8fdd-d2e34ec8d956@group-B4980E30E6AC-LeaderElection21] INFO  server.RaftServerConfigKeys (ConfUtils.java:logGet(46)) - raft.server.watch.timeout.denomination = 1s (default)
2023-05-31 22:57:48,964 [07122f08-5d38-49f7-8fdd-d2e34ec8d956@group-B4980E30E6AC-LeaderElection21] INFO  server.RaftServerConfigKeys (ConfUtils.java:logGet(46)) - raft.server.watch.element-limit = 65536 (default)
2023-05-31 22:57:48,964 [07122f08-5d38-49f7-8fdd-d2e34ec8d956@group-B4980E30E6AC-LeaderElection21] INFO  server.RaftServerConfigKeys (ConfUtils.java:logGet(46)) - raft.server.write.element-limit = 1024 (custom)
2023-05-31 22:57:48,964 [07122f08-5d38-49f7-8fdd-d2e34ec8d956@group-B4980E30E6AC-LeaderElection21] INFO  server.RaftServerConfigKeys (ConfUtils.java:logGet(46)) - raft.server.write.follower.gap.ratio.max = -1.0 (default)
2023-05-31 22:57:48,964 [07122f08-5d38-49f7-8fdd-d2e34ec8d956@group-B4980E30E6AC-LeaderElection21] INFO  impl.RoleInfo (RoleInfo.java:updateAndGet(139)) - 07122f08-5d38-49f7-8fdd-d2e34ec8d956: start 07122f08-5d38-49f7-8fdd-d2e34ec8d956@group-B4980E30E6AC-LeaderStateImpl
2023-05-31 22:57:48,964 [07122f08-5d38-49f7-8fdd-d2e34ec8d956@group-B4980E30E6AC-LeaderElection21] INFO  segmented.SegmentedRaftLogWorker (SegmentedRaftLogWorker.java:startLogSegment(447)) - 07122f08-5d38-49f7-8fdd-d2e34ec8d956@group-B4980E30E6AC-SegmentedRaftLogWorker: Starting segment from index:0
2023-05-31 22:57:48,965 [160cf24b-84e6-41e3-a0dc-1baa6b89aef1-server-thread2] INFO  server.RaftServer$Division (ServerState.java:setRaftConf(434)) - 160cf24b-84e6-41e3-a0dc-1baa6b89aef1@group-A53698DCE0F1: set configuration 0: peers:[244a53c4-9cb3-439d-93c3-5e05515fc991|rpc:10.1.0.15:15113|admin:10.1.0.15:15112|client:10.1.0.15:15111|dataStream:10.1.0.15:15114|priority:0|startupRole:FOLLOWER, 160cf24b-84e6-41e3-a0dc-1baa6b89aef1|rpc:10.1.0.15:15104|admin:10.1.0.15:15103|client:10.1.0.15:15102|dataStream:10.1.0.15:15105|priority:0|startupRole:FOLLOWER, 07122f08-5d38-49f7-8fdd-d2e34ec8d956|rpc:10.1.0.15:15095|admin:10.1.0.15:15094|client:10.1.0.15:15093|dataStream:10.1.0.15:15096|priority:1|startupRole:FOLLOWER]|listeners:[], old=null
2023-05-31 22:57:48,965 [160cf24b-84e6-41e3-a0dc-1baa6b89aef1-server-thread2] INFO  segmented.SegmentedRaftLogWorker (SegmentedRaftLogWorker.java:startLogSegment(447)) - 160cf24b-84e6-41e3-a0dc-1baa6b89aef1@group-A53698DCE0F1-SegmentedRaftLogWorker: Starting segment from index:0
2023-05-31 22:57:48,972 [07122f08-5d38-49f7-8fdd-d2e34ec8d956@group-B4980E30E6AC-LeaderElection21] INFO  server.RaftServer$Division (ServerState.java:setRaftConf(434)) - 07122f08-5d38-49f7-8fdd-d2e34ec8d956@group-B4980E30E6AC: set configuration 0: peers:[07122f08-5d38-49f7-8fdd-d2e34ec8d956|rpc:10.1.0.15:15095|admin:10.1.0.15:15094|client:10.1.0.15:15093|dataStream:10.1.0.15:15096|priority:1|startupRole:FOLLOWER]|listeners:[], old=null
2023-05-31 22:57:48,973 [07122f08-5d38-49f7-8fdd-d2e34ec8d956@group-B4980E30E6AC-SegmentedRaftLogWorker] INFO  segmented.SegmentedRaftLogWorker (SegmentedRaftLogWorker.java:execute(651)) - 07122f08-5d38-49f7-8fdd-d2e34ec8d956@group-B4980E30E6AC-SegmentedRaftLogWorker: created new log segment /home/runner/work/ozone/ozone/hadoop-ozone/integration-test/target/test-dir/MiniOzoneClusterImpl-816a41a7-5c89-4e8c-81ba-db0c8b26fb2d/datanode-9/data/ratis/3b4ec279-cd0d-455e-8f23-b4980e30e6ac/current/log_inprogress_0
2023-05-31 22:57:48,974 [160cf24b-84e6-41e3-a0dc-1baa6b89aef1@group-A53698DCE0F1-SegmentedRaftLogWorker] INFO  segmented.SegmentedRaftLogWorker (SegmentedRaftLogWorker.java:execute(651)) - 160cf24b-84e6-41e3-a0dc-1baa6b89aef1@group-A53698DCE0F1-SegmentedRaftLogWorker: created new log segment /home/runner/work/ozone/ozone/hadoop-ozone/integration-test/target/test-dir/MiniOzoneClusterImpl-816a41a7-5c89-4e8c-81ba-db0c8b26fb2d/datanode-10/data/ratis/31c9f478-22b8-4318-8be4-a53698dce0f1/current/log_inprogress_0
2023-05-31 22:57:49,298 [160cf24b-84e6-41e3-a0dc-1baa6b89aef1@group-683DDCD52AE4-FollowerState] INFO  impl.FollowerState (FollowerState.java:run(143)) - 160cf24b-84e6-41e3-a0dc-1baa6b89aef1@group-683DDCD52AE4-FollowerState: change to CANDIDATE, lastRpcElapsedTime:5067910119ns, electionTimeout:5062ms
2023-05-31 22:57:49,299 [160cf24b-84e6-41e3-a0dc-1baa6b89aef1@group-683DDCD52AE4-FollowerState] INFO  impl.RoleInfo (RoleInfo.java:shutdownFollowerState(110)) - 160cf24b-84e6-41e3-a0dc-1baa6b89aef1: shutdown 160cf24b-84e6-41e3-a0dc-1baa6b89aef1@group-683DDCD52AE4-FollowerState
2023-05-31 22:57:49,299 [160cf24b-84e6-41e3-a0dc-1baa6b89aef1@group-683DDCD52AE4-FollowerState] INFO  server.RaftServer$Division (RaftServerImpl.java:setRole(329)) - 160cf24b-84e6-41e3-a0dc-1baa6b89aef1@group-683DDCD52AE4: changes role from  FOLLOWER to CANDIDATE at term 0 for changeToCandidate
2023-05-31 22:57:49,299 [160cf24b-84e6-41e3-a0dc-1baa6b89aef1@group-683DDCD52AE4-FollowerState] INFO  server.RaftServerConfigKeys (ConfUtils.java:logGet(46)) - raft.server.leaderelection.pre-vote = true (default)
2023-05-31 22:57:49,299 [160cf24b-84e6-41e3-a0dc-1baa6b89aef1@group-683DDCD52AE4-FollowerState] INFO  impl.RoleInfo (RoleInfo.java:updateAndGet(139)) - 160cf24b-84e6-41e3-a0dc-1baa6b89aef1: start 160cf24b-84e6-41e3-a0dc-1baa6b89aef1@group-683DDCD52AE4-LeaderElection22
2023-05-31 22:57:49,304 [160cf24b-84e6-41e3-a0dc-1baa6b89aef1@group-683DDCD52AE4-LeaderElection22] INFO  impl.LeaderElection (LeaderElection.java:askForVotes(321)) - 160cf24b-84e6-41e3-a0dc-1baa6b89aef1@group-683DDCD52AE4-LeaderElection22 PRE_VOTE round 0: submit vote requests at term 0 for -1: peers:[244a53c4-9cb3-439d-93c3-5e05515fc991|rpc:10.1.0.15:15113|admin:10.1.0.15:15112|client:10.1.0.15:15111|dataStream:10.1.0.15:15114|priority:1|startupRole:FOLLOWER, 160cf24b-84e6-41e3-a0dc-1baa6b89aef1|rpc:10.1.0.15:15104|admin:10.1.0.15:15103|client:10.1.0.15:15102|dataStream:10.1.0.15:15105|priority:0|startupRole:FOLLOWER, 07122f08-5d38-49f7-8fdd-d2e34ec8d956|rpc:10.1.0.15:15095|admin:10.1.0.15:15094|client:10.1.0.15:15093|dataStream:10.1.0.15:15096|priority:0|startupRole:FOLLOWER]|listeners:[], old=null
2023-05-31 22:57:49,305 [160cf24b-84e6-41e3-a0dc-1baa6b89aef1@group-683DDCD52AE4-LeaderElection22-1] INFO  server.GrpcServerProtocolClient (GrpcServerProtocolClient.java:<init>(65)) - Build channel for 244a53c4-9cb3-439d-93c3-5e05515fc991
2023-05-31 22:57:49,305 [160cf24b-84e6-41e3-a0dc-1baa6b89aef1@group-683DDCD52AE4-LeaderElection22] INFO  server.RaftServerConfigKeys (ConfUtils.java:logFallback(53)) - raft.server.rpc.first-election.timeout.min = 5s (fallback to raft.server.rpc.timeout.min)
2023-05-31 22:57:49,305 [160cf24b-84e6-41e3-a0dc-1baa6b89aef1@group-683DDCD52AE4-LeaderElection22] INFO  server.RaftServerConfigKeys (ConfUtils.java:logFallback(53)) - raft.server.rpc.first-election.timeout.max = 5200ms (fallback to raft.server.rpc.timeout.max)
2023-05-31 22:57:49,305 [160cf24b-84e6-41e3-a0dc-1baa6b89aef1@group-683DDCD52AE4-LeaderElection22-2] INFO  server.GrpcServerProtocolClient (GrpcServerProtocolClient.java:<init>(65)) - Build channel for 07122f08-5d38-49f7-8fdd-d2e34ec8d956
2023-05-31 22:57:49,322 [grpc-default-executor-3] INFO  server.RaftServer$Division (RaftServerImpl.java:requestVote(1302)) - 07122f08-5d38-49f7-8fdd-d2e34ec8d956@group-683DDCD52AE4: receive requestVote(PRE_VOTE, 160cf24b-84e6-41e3-a0dc-1baa6b89aef1, group-683DDCD52AE4, 0, (t:0, i:0))
2023-05-31 22:57:49,322 [grpc-default-executor-3] INFO  impl.VoteContext (VoteContext.java:log(49)) - 07122f08-5d38-49f7-8fdd-d2e34ec8d956@group-683DDCD52AE4-FOLLOWER: accept PRE_VOTE from 160cf24b-84e6-41e3-a0dc-1baa6b89aef1: our priority 0 <= candidate's priority 0
2023-05-31 22:57:49,322 [grpc-default-executor-3] INFO  server.RaftServer$Division (RaftServerImpl.java:requestVote(1335)) - 07122f08-5d38-49f7-8fdd-d2e34ec8d956@group-683DDCD52AE4 replies to PRE_VOTE vote request: 160cf24b-84e6-41e3-a0dc-1baa6b89aef1<-07122f08-5d38-49f7-8fdd-d2e34ec8d956#0:OK-t0. Peer's state: 07122f08-5d38-49f7-8fdd-d2e34ec8d956@group-683DDCD52AE4:t0, leader=null, voted=, raftlog=Memoized:07122f08-5d38-49f7-8fdd-d2e34ec8d956@group-683DDCD52AE4-SegmentedRaftLog:OPENED:c-1, conf=-1: peers:[244a53c4-9cb3-439d-93c3-5e05515fc991|rpc:10.1.0.15:15113|admin:10.1.0.15:15112|client:10.1.0.15:15111|dataStream:10.1.0.15:15114|priority:1|startupRole:FOLLOWER, 160cf24b-84e6-41e3-a0dc-1baa6b89aef1|rpc:10.1.0.15:15104|admin:10.1.0.15:15103|client:10.1.0.15:15102|dataStream:10.1.0.15:15105|priority:0|startupRole:FOLLOWER, 07122f08-5d38-49f7-8fdd-d2e34ec8d956|rpc:10.1.0.15:15095|admin:10.1.0.15:15094|client:10.1.0.15:15093|dataStream:10.1.0.15:15096|priority:0|startupRole:FOLLOWER]|listeners:[], old=null
2023-05-31 22:57:49,324 [grpc-default-executor-3] INFO  server.RaftServer$Division (RaftServerImpl.java:requestVote(1302)) - 244a53c4-9cb3-439d-93c3-5e05515fc991@group-683DDCD52AE4: receive requestVote(PRE_VOTE, 160cf24b-84e6-41e3-a0dc-1baa6b89aef1, group-683DDCD52AE4, 0, (t:0, i:0))
2023-05-31 22:57:49,325 [grpc-default-executor-3] INFO  impl.VoteContext (VoteContext.java:log(49)) - 244a53c4-9cb3-439d-93c3-5e05515fc991@group-683DDCD52AE4-FOLLOWER: reject PRE_VOTE from 160cf24b-84e6-41e3-a0dc-1baa6b89aef1: our priority 1 > candidate's priority 0
2023-05-31 22:57:49,325 [grpc-default-executor-3] INFO  server.RaftServer$Division (RaftServerImpl.java:requestVote(1335)) - 244a53c4-9cb3-439d-93c3-5e05515fc991@group-683DDCD52AE4 replies to PRE_VOTE vote request: 160cf24b-84e6-41e3-a0dc-1baa6b89aef1<-244a53c4-9cb3-439d-93c3-5e05515fc991#0:FAIL-t0. Peer's state: 244a53c4-9cb3-439d-93c3-5e05515fc991@group-683DDCD52AE4:t0, leader=null, voted=, raftlog=Memoized:244a53c4-9cb3-439d-93c3-5e05515fc991@group-683DDCD52AE4-SegmentedRaftLog:OPENED:c-1, conf=-1: peers:[244a53c4-9cb3-439d-93c3-5e05515fc991|rpc:10.1.0.15:15113|admin:10.1.0.15:15112|client:10.1.0.15:15111|dataStream:10.1.0.15:15114|priority:1|startupRole:FOLLOWER, 160cf24b-84e6-41e3-a0dc-1baa6b89aef1|rpc:10.1.0.15:15104|admin:10.1.0.15:15103|client:10.1.0.15:15102|dataStream:10.1.0.15:15105|priority:0|startupRole:FOLLOWER, 07122f08-5d38-49f7-8fdd-d2e34ec8d956|rpc:10.1.0.15:15095|admin:10.1.0.15:15094|client:10.1.0.15:15093|dataStream:10.1.0.15:15096|priority:0|startupRole:FOLLOWER]|listeners:[], old=null
2023-05-31 22:57:49,326 [160cf24b-84e6-41e3-a0dc-1baa6b89aef1@group-683DDCD52AE4-LeaderElection22] INFO  impl.LeaderElection (LeaderElection.java:logAndReturn(90)) - 160cf24b-84e6-41e3-a0dc-1baa6b89aef1@group-683DDCD52AE4-LeaderElection22: PRE_VOTE REJECTED received 2 response(s) and 0 exception(s):
2023-05-31 22:57:49,326 [160cf24b-84e6-41e3-a0dc-1baa6b89aef1@group-683DDCD52AE4-LeaderElection22] INFO  impl.LeaderElection (LeaderElection.java:logAndReturn(94)) -   Response 0: 160cf24b-84e6-41e3-a0dc-1baa6b89aef1<-244a53c4-9cb3-439d-93c3-5e05515fc991#0:FAIL-t0
2023-05-31 22:57:49,326 [160cf24b-84e6-41e3-a0dc-1baa6b89aef1@group-683DDCD52AE4-LeaderElection22] INFO  impl.LeaderElection (LeaderElection.java:logAndReturn(94)) -   Response 1: 160cf24b-84e6-41e3-a0dc-1baa6b89aef1<-07122f08-5d38-49f7-8fdd-d2e34ec8d956#0:OK-t0
2023-05-31 22:57:49,326 [160cf24b-84e6-41e3-a0dc-1baa6b89aef1@group-683DDCD52AE4-LeaderElection22] INFO  impl.LeaderElection (LeaderElection.java:askForVotes(323)) - 160cf24b-84e6-41e3-a0dc-1baa6b89aef1@group-683DDCD52AE4-LeaderElection22 PRE_VOTE round 0: result REJECTED
2023-05-31 22:57:49,326 [160cf24b-84e6-41e3-a0dc-1baa6b89aef1@group-683DDCD52AE4-LeaderElection22] INFO  server.RaftServer$Division (RaftServerImpl.java:setRole(329)) - 160cf24b-84e6-41e3-a0dc-1baa6b89aef1@group-683DDCD52AE4: changes role from CANDIDATE to FOLLOWER at term 0 for REJECTED
2023-05-31 22:57:49,326 [160cf24b-84e6-41e3-a0dc-1baa6b89aef1@group-683DDCD52AE4-LeaderElection22] INFO  impl.RoleInfo (RoleInfo.java:shutdownLeaderElection(130)) - 160cf24b-84e6-41e3-a0dc-1baa6b89aef1: shutdown 160cf24b-84e6-41e3-a0dc-1baa6b89aef1@group-683DDCD52AE4-LeaderElection22
2023-05-31 22:57:49,326 [160cf24b-84e6-41e3-a0dc-1baa6b89aef1@group-683DDCD52AE4-LeaderElection22] INFO  impl.RoleInfo (RoleInfo.java:updateAndGet(139)) - 160cf24b-84e6-41e3-a0dc-1baa6b89aef1: start 160cf24b-84e6-41e3-a0dc-1baa6b89aef1@group-683DDCD52AE4-FollowerState
2023-05-31 22:57:49,391 [07122f08-5d38-49f7-8fdd-d2e34ec8d956@group-683DDCD52AE4-FollowerState] INFO  server.RaftServerConfigKeys (ConfUtils.java:logFallback(53)) - raft.server.rpc.first-election.timeout.min = 5s (fallback to raft.server.rpc.timeout.min)
2023-05-31 22:57:49,391 [07122f08-5d38-49f7-8fdd-d2e34ec8d956@group-683DDCD52AE4-FollowerState] INFO  server.RaftServerConfigKeys (ConfUtils.java:logFallback(53)) - raft.server.rpc.first-election.timeout.max = 5200ms (fallback to raft.server.rpc.timeout.max)
2023-05-31 22:57:49,440 [244a53c4-9cb3-439d-93c3-5e05515fc991@group-683DDCD52AE4-FollowerState] INFO  impl.FollowerState (FollowerState.java:run(143)) - 244a53c4-9cb3-439d-93c3-5e05515fc991@group-683DDCD52AE4-FollowerState: change to CANDIDATE, lastRpcElapsedTime:5149245325ns, electionTimeout:5143ms
2023-05-31 22:57:49,440 [244a53c4-9cb3-439d-93c3-5e05515fc991@group-683DDCD52AE4-FollowerState] INFO  impl.RoleInfo (RoleInfo.java:shutdownFollowerState(110)) - 244a53c4-9cb3-439d-93c3-5e05515fc991: shutdown 244a53c4-9cb3-439d-93c3-5e05515fc991@group-683DDCD52AE4-FollowerState
2023-05-31 22:57:49,440 [244a53c4-9cb3-439d-93c3-5e05515fc991@group-683DDCD52AE4-FollowerState] INFO  server.RaftServer$Division (RaftServerImpl.java:setRole(329)) - 244a53c4-9cb3-439d-93c3-5e05515fc991@group-683DDCD52AE4: changes role from  FOLLOWER to CANDIDATE at term 0 for changeToCandidate
2023-05-31 22:57:49,441 [244a53c4-9cb3-439d-93c3-5e05515fc991@group-683DDCD52AE4-FollowerState] INFO  server.RaftServerConfigKeys (ConfUtils.java:logGet(46)) - raft.server.leaderelection.pre-vote = true (default)
2023-05-31 22:57:49,441 [244a53c4-9cb3-439d-93c3-5e05515fc991@group-683DDCD52AE4-FollowerState] INFO  impl.RoleInfo (RoleInfo.java:updateAndGet(139)) - 244a53c4-9cb3-439d-93c3-5e05515fc991: start 244a53c4-9cb3-439d-93c3-5e05515fc991@group-683DDCD52AE4-LeaderElection23
2023-05-31 22:57:49,441 [244a53c4-9cb3-439d-93c3-5e05515fc991@group-683DDCD52AE4-LeaderElection23] INFO  impl.LeaderElection (LeaderElection.java:askForVotes(321)) - 244a53c4-9cb3-439d-93c3-5e05515fc991@group-683DDCD52AE4-LeaderElection23 PRE_VOTE round 0: submit vote requests at term 0 for -1: peers:[244a53c4-9cb3-439d-93c3-5e05515fc991|rpc:10.1.0.15:15113|admin:10.1.0.15:15112|client:10.1.0.15:15111|dataStream:10.1.0.15:15114|priority:1|startupRole:FOLLOWER, 160cf24b-84e6-41e3-a0dc-1baa6b89aef1|rpc:10.1.0.15:15104|admin:10.1.0.15:15103|client:10.1.0.15:15102|dataStream:10.1.0.15:15105|priority:0|startupRole:FOLLOWER, 07122f08-5d38-49f7-8fdd-d2e34ec8d956|rpc:10.1.0.15:15095|admin:10.1.0.15:15094|client:10.1.0.15:15093|dataStream:10.1.0.15:15096|priority:0|startupRole:FOLLOWER]|listeners:[], old=null
2023-05-31 22:57:49,442 [244a53c4-9cb3-439d-93c3-5e05515fc991@group-683DDCD52AE4-LeaderElection23-1] INFO  server.GrpcServerProtocolClient (GrpcServerProtocolClient.java:<init>(65)) - Build channel for 160cf24b-84e6-41e3-a0dc-1baa6b89aef1
2023-05-31 22:57:49,442 [244a53c4-9cb3-439d-93c3-5e05515fc991@group-683DDCD52AE4-LeaderElection23] INFO  server.RaftServerConfigKeys (ConfUtils.java:logFallback(53)) - raft.server.rpc.first-election.timeout.min = 5s (fallback to raft.server.rpc.timeout.min)
2023-05-31 22:57:49,442 [244a53c4-9cb3-439d-93c3-5e05515fc991@group-683DDCD52AE4-LeaderElection23] INFO  server.RaftServerConfigKeys (ConfUtils.java:logFallback(53)) - raft.server.rpc.first-election.timeout.max = 5200ms (fallback to raft.server.rpc.timeout.max)
2023-05-31 22:57:49,442 [244a53c4-9cb3-439d-93c3-5e05515fc991@group-683DDCD52AE4-LeaderElection23-2] INFO  server.GrpcServerProtocolClient (GrpcServerProtocolClient.java:<init>(65)) - Build channel for 07122f08-5d38-49f7-8fdd-d2e34ec8d956
2023-05-31 22:57:49,455 [grpc-default-executor-3] INFO  server.RaftServer$Division (RaftServerImpl.java:requestVote(1302)) - 07122f08-5d38-49f7-8fdd-d2e34ec8d956@group-683DDCD52AE4: receive requestVote(PRE_VOTE, 244a53c4-9cb3-439d-93c3-5e05515fc991, group-683DDCD52AE4, 0, (t:0, i:0))
2023-05-31 22:57:49,455 [grpc-default-executor-3] INFO  impl.VoteContext (VoteContext.java:log(49)) - 07122f08-5d38-49f7-8fdd-d2e34ec8d956@group-683DDCD52AE4-FOLLOWER: accept PRE_VOTE from 244a53c4-9cb3-439d-93c3-5e05515fc991: our priority 0 <= candidate's priority 1
2023-05-31 22:57:49,455 [grpc-default-executor-3] INFO  server.RaftServer$Division (RaftServerImpl.java:requestVote(1335)) - 07122f08-5d38-49f7-8fdd-d2e34ec8d956@group-683DDCD52AE4 replies to PRE_VOTE vote request: 244a53c4-9cb3-439d-93c3-5e05515fc991<-07122f08-5d38-49f7-8fdd-d2e34ec8d956#0:OK-t0. Peer's state: 07122f08-5d38-49f7-8fdd-d2e34ec8d956@group-683DDCD52AE4:t0, leader=null, voted=, raftlog=Memoized:07122f08-5d38-49f7-8fdd-d2e34ec8d956@group-683DDCD52AE4-SegmentedRaftLog:OPENED:c-1, conf=-1: peers:[244a53c4-9cb3-439d-93c3-5e05515fc991|rpc:10.1.0.15:15113|admin:10.1.0.15:15112|client:10.1.0.15:15111|dataStream:10.1.0.15:15114|priority:1|startupRole:FOLLOWER, 160cf24b-84e6-41e3-a0dc-1baa6b89aef1|rpc:10.1.0.15:15104|admin:10.1.0.15:15103|client:10.1.0.15:15102|dataStream:10.1.0.15:15105|priority:0|startupRole:FOLLOWER, 07122f08-5d38-49f7-8fdd-d2e34ec8d956|rpc:10.1.0.15:15095|admin:10.1.0.15:15094|client:10.1.0.15:15093|dataStream:10.1.0.15:15096|priority:0|startupRole:FOLLOWER]|listeners:[], old=null
2023-05-31 22:57:49,458 [244a53c4-9cb3-439d-93c3-5e05515fc991@group-683DDCD52AE4-LeaderElection23] INFO  impl.LeaderElection (LeaderElection.java:logAndReturn(90)) - 244a53c4-9cb3-439d-93c3-5e05515fc991@group-683DDCD52AE4-LeaderElection23: PRE_VOTE PASSED received 1 response(s) and 0 exception(s):
2023-05-31 22:57:49,459 [244a53c4-9cb3-439d-93c3-5e05515fc991@group-683DDCD52AE4-LeaderElection23] INFO  impl.LeaderElection (LeaderElection.java:logAndReturn(94)) -   Response 0: 244a53c4-9cb3-439d-93c3-5e05515fc991<-07122f08-5d38-49f7-8fdd-d2e34ec8d956#0:OK-t0
2023-05-31 22:57:49,459 [244a53c4-9cb3-439d-93c3-5e05515fc991@group-683DDCD52AE4-LeaderElection23] INFO  impl.LeaderElection (LeaderElection.java:askForVotes(323)) - 244a53c4-9cb3-439d-93c3-5e05515fc991@group-683DDCD52AE4-LeaderElection23 PRE_VOTE round 0: result PASSED
2023-05-31 22:57:49,460 [grpc-default-executor-3] INFO  server.RaftServer$Division (RaftServerImpl.java:requestVote(1302)) - 160cf24b-84e6-41e3-a0dc-1baa6b89aef1@group-683DDCD52AE4: receive requestVote(PRE_VOTE, 244a53c4-9cb3-439d-93c3-5e05515fc991, group-683DDCD52AE4, 0, (t:0, i:0))
2023-05-31 22:57:49,460 [grpc-default-executor-3] INFO  impl.VoteContext (VoteContext.java:log(49)) - 160cf24b-84e6-41e3-a0dc-1baa6b89aef1@group-683DDCD52AE4-FOLLOWER: accept PRE_VOTE from 244a53c4-9cb3-439d-93c3-5e05515fc991: our priority 0 <= candidate's priority 1
2023-05-31 22:57:49,460 [grpc-default-executor-3] INFO  server.RaftServer$Division (RaftServerImpl.java:requestVote(1335)) - 160cf24b-84e6-41e3-a0dc-1baa6b89aef1@group-683DDCD52AE4 replies to PRE_VOTE vote request: 244a53c4-9cb3-439d-93c3-5e05515fc991<-160cf24b-84e6-41e3-a0dc-1baa6b89aef1#0:OK-t0. Peer's state: 160cf24b-84e6-41e3-a0dc-1baa6b89aef1@group-683DDCD52AE4:t0, leader=null, voted=, raftlog=Memoized:160cf24b-84e6-41e3-a0dc-1baa6b89aef1@group-683DDCD52AE4-SegmentedRaftLog:OPENED:c-1, conf=-1: peers:[244a53c4-9cb3-439d-93c3-5e05515fc991|rpc:10.1.0.15:15113|admin:10.1.0.15:15112|client:10.1.0.15:15111|dataStream:10.1.0.15:15114|priority:1|startupRole:FOLLOWER, 160cf24b-84e6-41e3-a0dc-1baa6b89aef1|rpc:10.1.0.15:15104|admin:10.1.0.15:15103|client:10.1.0.15:15102|dataStream:10.1.0.15:15105|priority:0|startupRole:FOLLOWER, 07122f08-5d38-49f7-8fdd-d2e34ec8d956|rpc:10.1.0.15:15095|admin:10.1.0.15:15094|client:10.1.0.15:15093|dataStream:10.1.0.15:15096|priority:0|startupRole:FOLLOWER]|listeners:[], old=null
2023-05-31 22:57:49,461 [244a53c4-9cb3-439d-93c3-5e05515fc991@group-683DDCD52AE4-LeaderElection23] INFO  impl.LeaderElection (LeaderElection.java:askForVotes(321)) - 244a53c4-9cb3-439d-93c3-5e05515fc991@group-683DDCD52AE4-LeaderElection23 ELECTION round 0: submit vote requests at term 1 for -1: peers:[244a53c4-9cb3-439d-93c3-5e05515fc991|rpc:10.1.0.15:15113|admin:10.1.0.15:15112|client:10.1.0.15:15111|dataStream:10.1.0.15:15114|priority:1|startupRole:FOLLOWER, 160cf24b-84e6-41e3-a0dc-1baa6b89aef1|rpc:10.1.0.15:15104|admin:10.1.0.15:15103|client:10.1.0.15:15102|dataStream:10.1.0.15:15105|priority:0|startupRole:FOLLOWER, 07122f08-5d38-49f7-8fdd-d2e34ec8d956|rpc:10.1.0.15:15095|admin:10.1.0.15:15094|client:10.1.0.15:15093|dataStream:10.1.0.15:15096|priority:0|startupRole:FOLLOWER]|listeners:[], old=null
2023-05-31 22:57:49,468 [grpc-default-executor-3] INFO  server.RaftServer$Division (RaftServerImpl.java:requestVote(1302)) - 160cf24b-84e6-41e3-a0dc-1baa6b89aef1@group-683DDCD52AE4: receive requestVote(ELECTION, 244a53c4-9cb3-439d-93c3-5e05515fc991, group-683DDCD52AE4, 1, (t:0, i:0))
2023-05-31 22:57:49,469 [grpc-default-executor-3] INFO  impl.VoteContext (VoteContext.java:log(49)) - 160cf24b-84e6-41e3-a0dc-1baa6b89aef1@group-683DDCD52AE4-FOLLOWER: accept ELECTION from 244a53c4-9cb3-439d-93c3-5e05515fc991: our priority 0 <= candidate's priority 1
2023-05-31 22:57:49,469 [grpc-default-executor-3] INFO  server.RaftServer$Division (RaftServerImpl.java:setRole(329)) - 160cf24b-84e6-41e3-a0dc-1baa6b89aef1@group-683DDCD52AE4: changes role from  FOLLOWER to FOLLOWER at term 1 for candidate:244a53c4-9cb3-439d-93c3-5e05515fc991
2023-05-31 22:57:49,469 [grpc-default-executor-3] INFO  impl.RoleInfo (RoleInfo.java:shutdownFollowerState(110)) - 160cf24b-84e6-41e3-a0dc-1baa6b89aef1: shutdown 160cf24b-84e6-41e3-a0dc-1baa6b89aef1@group-683DDCD52AE4-FollowerState
2023-05-31 22:57:49,470 [244a53c4-9cb3-439d-93c3-5e05515fc991@group-683DDCD52AE4-LeaderElection23] INFO  server.RaftServerConfigKeys (ConfUtils.java:logFallback(53)) - raft.server.rpc.first-election.timeout.min = 5s (fallback to raft.server.rpc.timeout.min)
2023-05-31 22:57:49,470 [244a53c4-9cb3-439d-93c3-5e05515fc991@group-683DDCD52AE4-LeaderElection23] INFO  server.RaftServerConfigKeys (ConfUtils.java:logFallback(53)) - raft.server.rpc.first-election.timeout.max = 5200ms (fallback to raft.server.rpc.timeout.max)
2023-05-31 22:57:49,470 [grpc-default-executor-3] INFO  impl.RoleInfo (RoleInfo.java:updateAndGet(139)) - 160cf24b-84e6-41e3-a0dc-1baa6b89aef1: start 160cf24b-84e6-41e3-a0dc-1baa6b89aef1@group-683DDCD52AE4-FollowerState
2023-05-31 22:57:49,470 [160cf24b-84e6-41e3-a0dc-1baa6b89aef1@group-683DDCD52AE4-FollowerState] INFO  impl.FollowerState (FollowerState.java:run(152)) - 160cf24b-84e6-41e3-a0dc-1baa6b89aef1@group-683DDCD52AE4-FollowerState was interrupted
2023-05-31 22:57:49,474 [grpc-default-executor-6] INFO  server.RaftServer$Division (RaftServerImpl.java:requestVote(1302)) - 07122f08-5d38-49f7-8fdd-d2e34ec8d956@group-683DDCD52AE4: receive requestVote(ELECTION, 244a53c4-9cb3-439d-93c3-5e05515fc991, group-683DDCD52AE4, 1, (t:0, i:0))
2023-05-31 22:57:49,474 [grpc-default-executor-6] INFO  impl.VoteContext (VoteContext.java:log(49)) - 07122f08-5d38-49f7-8fdd-d2e34ec8d956@group-683DDCD52AE4-FOLLOWER: accept ELECTION from 244a53c4-9cb3-439d-93c3-5e05515fc991: our priority 0 <= candidate's priority 1
2023-05-31 22:57:49,474 [grpc-default-executor-6] INFO  server.RaftServer$Division (RaftServerImpl.java:setRole(329)) - 07122f08-5d38-49f7-8fdd-d2e34ec8d956@group-683DDCD52AE4: changes role from  FOLLOWER to FOLLOWER at term 1 for candidate:244a53c4-9cb3-439d-93c3-5e05515fc991
2023-05-31 22:57:49,474 [grpc-default-executor-6] INFO  impl.RoleInfo (RoleInfo.java:shutdownFollowerState(110)) - 07122f08-5d38-49f7-8fdd-d2e34ec8d956: shutdown 07122f08-5d38-49f7-8fdd-d2e34ec8d956@group-683DDCD52AE4-FollowerState
2023-05-31 22:57:49,477 [grpc-default-executor-6] INFO  impl.RoleInfo (RoleInfo.java:updateAndGet(139)) - 07122f08-5d38-49f7-8fdd-d2e34ec8d956: start 07122f08-5d38-49f7-8fdd-d2e34ec8d956@group-683DDCD52AE4-FollowerState
2023-05-31 22:57:49,477 [07122f08-5d38-49f7-8fdd-d2e34ec8d956@group-683DDCD52AE4-FollowerState] INFO  impl.FollowerState (FollowerState.java:run(152)) - 07122f08-5d38-49f7-8fdd-d2e34ec8d956@group-683DDCD52AE4-FollowerState was interrupted
2023-05-31 22:57:49,484 [grpc-default-executor-3] INFO  server.RaftServer$Division (RaftServerImpl.java:requestVote(1335)) - 160cf24b-84e6-41e3-a0dc-1baa6b89aef1@group-683DDCD52AE4 replies to ELECTION vote request: 244a53c4-9cb3-439d-93c3-5e05515fc991<-160cf24b-84e6-41e3-a0dc-1baa6b89aef1#0:OK-t1. Peer's state: 160cf24b-84e6-41e3-a0dc-1baa6b89aef1@group-683DDCD52AE4:t1, leader=null, voted=244a53c4-9cb3-439d-93c3-5e05515fc991, raftlog=Memoized:160cf24b-84e6-41e3-a0dc-1baa6b89aef1@group-683DDCD52AE4-SegmentedRaftLog:OPENED:c-1, conf=-1: peers:[244a53c4-9cb3-439d-93c3-5e05515fc991|rpc:10.1.0.15:15113|admin:10.1.0.15:15112|client:10.1.0.15:15111|dataStream:10.1.0.15:15114|priority:1|startupRole:FOLLOWER, 160cf24b-84e6-41e3-a0dc-1baa6b89aef1|rpc:10.1.0.15:15104|admin:10.1.0.15:15103|client:10.1.0.15:15102|dataStream:10.1.0.15:15105|priority:0|startupRole:FOLLOWER, 07122f08-5d38-49f7-8fdd-d2e34ec8d956|rpc:10.1.0.15:15095|admin:10.1.0.15:15094|client:10.1.0.15:15093|dataStream:10.1.0.15:15096|priority:0|startupRole:FOLLOWER]|listeners:[], old=null
2023-05-31 22:57:49,485 [grpc-default-executor-6] INFO  server.RaftServer$Division (RaftServerImpl.java:requestVote(1335)) - 07122f08-5d38-49f7-8fdd-d2e34ec8d956@group-683DDCD52AE4 replies to ELECTION vote request: 244a53c4-9cb3-439d-93c3-5e05515fc991<-07122f08-5d38-49f7-8fdd-d2e34ec8d956#0:OK-t1. Peer's state: 07122f08-5d38-49f7-8fdd-d2e34ec8d956@group-683DDCD52AE4:t1, leader=null, voted=244a53c4-9cb3-439d-93c3-5e05515fc991, raftlog=Memoized:07122f08-5d38-49f7-8fdd-d2e34ec8d956@group-683DDCD52AE4-SegmentedRaftLog:OPENED:c-1, conf=-1: peers:[244a53c4-9cb3-439d-93c3-5e05515fc991|rpc:10.1.0.15:15113|admin:10.1.0.15:15112|client:10.1.0.15:15111|dataStream:10.1.0.15:15114|priority:1|startupRole:FOLLOWER, 160cf24b-84e6-41e3-a0dc-1baa6b89aef1|rpc:10.1.0.15:15104|admin:10.1.0.15:15103|client:10.1.0.15:15102|dataStream:10.1.0.15:15105|priority:0|startupRole:FOLLOWER, 07122f08-5d38-49f7-8fdd-d2e34ec8d956|rpc:10.1.0.15:15095|admin:10.1.0.15:15094|client:10.1.0.15:15093|dataStream:10.1.0.15:15096|priority:0|startupRole:FOLLOWER]|listeners:[], old=null
2023-05-31 22:57:49,486 [244a53c4-9cb3-439d-93c3-5e05515fc991@group-683DDCD52AE4-LeaderElection23] INFO  impl.LeaderElection (LeaderElection.java:logAndReturn(90)) - 244a53c4-9cb3-439d-93c3-5e05515fc991@group-683DDCD52AE4-LeaderElection23: ELECTION PASSED received 1 response(s) and 0 exception(s):
2023-05-31 22:57:49,486 [244a53c4-9cb3-439d-93c3-5e05515fc991@group-683DDCD52AE4-LeaderElection23] INFO  impl.LeaderElection (LeaderElection.java:logAndReturn(94)) -   Response 0: 244a53c4-9cb3-439d-93c3-5e05515fc991<-160cf24b-84e6-41e3-a0dc-1baa6b89aef1#0:OK-t1
2023-05-31 22:57:49,486 [244a53c4-9cb3-439d-93c3-5e05515fc991@group-683DDCD52AE4-LeaderElection23] INFO  impl.LeaderElection (LeaderElection.java:askForVotes(323)) - 244a53c4-9cb3-439d-93c3-5e05515fc991@group-683DDCD52AE4-LeaderElection23 ELECTION round 0: result PASSED
2023-05-31 22:57:49,486 [244a53c4-9cb3-439d-93c3-5e05515fc991@group-683DDCD52AE4-LeaderElection23] INFO  impl.RoleInfo (RoleInfo.java:shutdownLeaderElection(130)) - 244a53c4-9cb3-439d-93c3-5e05515fc991: shutdown 244a53c4-9cb3-439d-93c3-5e05515fc991@group-683DDCD52AE4-LeaderElection23
2023-05-31 22:57:49,486 [244a53c4-9cb3-439d-93c3-5e05515fc991@group-683DDCD52AE4-LeaderElection23] INFO  server.RaftServer$Division (RaftServerImpl.java:setRole(329)) - 244a53c4-9cb3-439d-93c3-5e05515fc991@group-683DDCD52AE4: changes role from CANDIDATE to LEADER at term 1 for changeToLeader
2023-05-31 22:57:49,486 [244a53c4-9cb3-439d-93c3-5e05515fc991@group-683DDCD52AE4-LeaderElection23] INFO  ratis.XceiverServerRatis (XceiverServerRatis.java:handleLeaderChangedNotification(902)) - Leader change notification received for group: group-683DDCD52AE4 with new leaderId: 244a53c4-9cb3-439d-93c3-5e05515fc991
2023-05-31 22:57:49,486 [244a53c4-9cb3-439d-93c3-5e05515fc991@group-683DDCD52AE4-LeaderElection23] INFO  server.RaftServer$Division (ServerState.java:setLeader(317)) - 244a53c4-9cb3-439d-93c3-5e05515fc991@group-683DDCD52AE4: change Leader from null to 244a53c4-9cb3-439d-93c3-5e05515fc991 at term 1 for becomeLeader, leader elected after 5214ms
2023-05-31 22:57:49,486 [244a53c4-9cb3-439d-93c3-5e05515fc991@group-683DDCD52AE4-LeaderElection23] INFO  server.RaftServerConfigKeys (ConfUtils.java:logGet(46)) - raft.server.staging.catchup.gap = 1000 (default)
2023-05-31 22:57:49,487 [244a53c4-9cb3-439d-93c3-5e05515fc991@group-683DDCD52AE4-LeaderElection23] INFO  server.RaftServerConfigKeys (ConfUtils.java:logGet(46)) - raft.server.write.element-limit = 1024 (custom)
2023-05-31 22:57:49,487 [244a53c4-9cb3-439d-93c3-5e05515fc991@group-683DDCD52AE4-LeaderElection23] INFO  server.RaftServerConfigKeys (ConfUtils.java:logGet(46)) - raft.server.write.byte-limit = 1024 M (=1073741824) (custom)
2023-05-31 22:57:49,487 [244a53c4-9cb3-439d-93c3-5e05515fc991@group-683DDCD52AE4-LeaderElection23] INFO  server.RaftServerConfigKeys (ConfUtils.java:logGet(46)) - raft.server.watch.timeout = 180s (custom)
2023-05-31 22:57:49,487 [244a53c4-9cb3-439d-93c3-5e05515fc991@group-683DDCD52AE4-LeaderElection23] INFO  server.RaftServerConfigKeys (ConfUtils.java:logGet(46)) - raft.server.watch.timeout.denomination = 1s (default)
2023-05-31 22:57:49,487 [244a53c4-9cb3-439d-93c3-5e05515fc991@group-683DDCD52AE4-LeaderElection23] INFO  server.RaftServerConfigKeys (ConfUtils.java:logGet(46)) - raft.server.watch.element-limit = 65536 (default)
2023-05-31 22:57:49,487 [244a53c4-9cb3-439d-93c3-5e05515fc991@group-683DDCD52AE4-LeaderElection23] INFO  server.RaftServerConfigKeys (ConfUtils.java:logGet(46)) - raft.server.write.element-limit = 1024 (custom)
2023-05-31 22:57:49,487 [244a53c4-9cb3-439d-93c3-5e05515fc991@group-683DDCD52AE4-LeaderElection23] INFO  server.RaftServerConfigKeys (ConfUtils.java:logGet(46)) - raft.server.write.follower.gap.ratio.max = -1.0 (default)
2023-05-31 22:57:49,488 [244a53c4-9cb3-439d-93c3-5e05515fc991@group-683DDCD52AE4-LeaderElection23] INFO  server.RaftServerConfigKeys (ConfUtils.java:logGet(46)) - raft.server.log.appender.snapshot.chunk.size.max = 16MB (=16777216) (default)
2023-05-31 22:57:49,488 [244a53c4-9cb3-439d-93c3-5e05515fc991@group-683DDCD52AE4-LeaderElection23] INFO  server.RaftServerConfigKeys (ConfUtils.java:logGet(46)) - raft.server.log.appender.buffer.byte-limit = 33554432 (custom)
2023-05-31 22:57:49,488 [244a53c4-9cb3-439d-93c3-5e05515fc991@group-683DDCD52AE4-LeaderElection23] INFO  server.RaftServerConfigKeys (ConfUtils.java:logGet(46)) - raft.server.log.appender.buffer.element-limit = 1 (custom)
2023-05-31 22:57:49,488 [244a53c4-9cb3-439d-93c3-5e05515fc991@group-683DDCD52AE4-LeaderElection23] INFO  server.RaftServerConfigKeys (ConfUtils.java:logGet(46)) - raft.server.log.appender.wait-time.min = 10ms (default)
2023-05-31 22:57:49,489 [244a53c4-9cb3-439d-93c3-5e05515fc991@group-683DDCD52AE4-LeaderElection23] INFO  grpc.GrpcConfigKeys (ConfUtils.java:logGet(46)) - raft.grpc.server.leader.outstanding.appends.max = 128 (default)
2023-05-31 22:57:49,489 [244a53c4-9cb3-439d-93c3-5e05515fc991@group-683DDCD52AE4-LeaderElection23] INFO  server.RaftServerConfigKeys (ConfUtils.java:logGet(46)) - raft.server.rpc.request.timeout = 60s (custom)
2023-05-31 22:57:49,489 [244a53c4-9cb3-439d-93c3-5e05515fc991@group-683DDCD52AE4-LeaderElection23] INFO  grpc.GrpcConfigKeys (ConfUtils.java:logGet(46)) - raft.grpc.server.install_snapshot.request.element-limit = 8 (default)
2023-05-31 22:57:49,489 [244a53c4-9cb3-439d-93c3-5e05515fc991@group-683DDCD52AE4-LeaderElection23] INFO  grpc.GrpcConfigKeys (ConfUtils.java:logGet(46)) - raft.grpc.server.install_snapshot.request.timeout = 3000ms (default)
2023-05-31 22:57:49,489 [244a53c4-9cb3-439d-93c3-5e05515fc991@group-683DDCD52AE4-LeaderElection23] INFO  server.RaftServerConfigKeys (ConfUtils.java:logGet(46)) - raft.server.log.appender.install.snapshot.enabled = false (custom)
2023-05-31 22:57:49,490 [244a53c4-9cb3-439d-93c3-5e05515fc991@group-683DDCD52AE4-LeaderElection23] INFO  grpc.GrpcConfigKeys (ConfUtils.java:logGet(46)) - raft.grpc.server.heartbeat.channel = true (default)
2023-05-31 22:57:49,491 [EventQueue-PipelineReportForPipelineReportHandler] INFO  pipeline.PipelineManagerImpl (PipelineManagerImpl.java:openPipeline(367)) - Pipeline Pipeline[ Id: 8204a975-54d1-4424-9e3b-683ddcd52ae4, Nodes: 07122f08-5d38-49f7-8fdd-d2e34ec8d956(fv-az844-56.kvdfyhrxhd0epk3sa4trub4njc.xx.internal.cloudapp.net/10.1.0.15)160cf24b-84e6-41e3-a0dc-1baa6b89aef1(fv-az844-56.kvdfyhrxhd0epk3sa4trub4njc.xx.internal.cloudapp.net/10.1.0.15)244a53c4-9cb3-439d-93c3-5e05515fc991(fv-az844-56.kvdfyhrxhd0epk3sa4trub4njc.xx.internal.cloudapp.net/10.1.0.15), ReplicationConfig: RATIS/THREE, State:ALLOCATED, leaderId:244a53c4-9cb3-439d-93c3-5e05515fc991, CreationTimestamp2023-05-31T22:57:41.977Z[Etc/UTC]] moved to OPEN state
2023-05-31 22:57:49,494 [244a53c4-9cb3-439d-93c3-5e05515fc991@group-683DDCD52AE4-LeaderElection23] INFO  server.RaftServerConfigKeys (ConfUtils.java:logGet(46)) - raft.server.log.appender.snapshot.chunk.size.max = 16MB (=16777216) (default)
2023-05-31 22:57:49,494 [244a53c4-9cb3-439d-93c3-5e05515fc991@group-683DDCD52AE4-LeaderElection23] INFO  server.RaftServerConfigKeys (ConfUtils.java:logGet(46)) - raft.server.log.appender.buffer.byte-limit = 33554432 (custom)
2023-05-31 22:57:49,494 [244a53c4-9cb3-439d-93c3-5e05515fc991@group-683DDCD52AE4-LeaderElection23] INFO  server.RaftServerConfigKeys (ConfUtils.java:logGet(46)) - raft.server.log.appender.buffer.element-limit = 1 (custom)
2023-05-31 22:57:49,494 [244a53c4-9cb3-439d-93c3-5e05515fc991@group-683DDCD52AE4-LeaderElection23] INFO  server.RaftServerConfigKeys (ConfUtils.java:logGet(46)) - raft.server.log.appender.wait-time.min = 10ms (default)
2023-05-31 22:57:49,494 [244a53c4-9cb3-439d-93c3-5e05515fc991@group-683DDCD52AE4-LeaderElection23] INFO  grpc.GrpcConfigKeys (ConfUtils.java:logGet(46)) - raft.grpc.server.leader.outstanding.appends.max = 128 (default)
2023-05-31 22:57:49,494 [244a53c4-9cb3-439d-93c3-5e05515fc991@group-683DDCD52AE4-LeaderElection23] INFO  server.RaftServerConfigKeys (ConfUtils.java:logGet(46)) - raft.server.rpc.request.timeout = 60s (custom)
2023-05-31 22:57:49,495 [244a53c4-9cb3-439d-93c3-5e05515fc991@group-683DDCD52AE4-LeaderElection23] INFO  grpc.GrpcConfigKeys (ConfUtils.java:logGet(46)) - raft.grpc.server.install_snapshot.request.element-limit = 8 (default)
2023-05-31 22:57:49,495 [244a53c4-9cb3-439d-93c3-5e05515fc991@group-683DDCD52AE4-LeaderElection23] INFO  grpc.GrpcConfigKeys (ConfUtils.java:logGet(46)) - raft.grpc.server.install_snapshot.request.timeout = 3000ms (default)
2023-05-31 22:57:49,495 [244a53c4-9cb3-439d-93c3-5e05515fc991@group-683DDCD52AE4-LeaderElection23] INFO  server.RaftServerConfigKeys (ConfUtils.java:logGet(46)) - raft.server.log.appender.install.snapshot.enabled = false (custom)
2023-05-31 22:57:49,495 [244a53c4-9cb3-439d-93c3-5e05515fc991@group-683DDCD52AE4-LeaderElection23] INFO  grpc.GrpcConfigKeys (ConfUtils.java:logGet(46)) - raft.grpc.server.heartbeat.channel = true (default)
2023-05-31 22:57:49,495 [244a53c4-9cb3-439d-93c3-5e05515fc991@group-683DDCD52AE4-LeaderElection23] INFO  impl.RoleInfo (RoleInfo.java:updateAndGet(139)) - 244a53c4-9cb3-439d-93c3-5e05515fc991: start 244a53c4-9cb3-439d-93c3-5e05515fc991@group-683DDCD52AE4-LeaderStateImpl
2023-05-31 22:57:49,496 [244a53c4-9cb3-439d-93c3-5e05515fc991@group-683DDCD52AE4-LeaderElection23] INFO  segmented.SegmentedRaftLogWorker (SegmentedRaftLogWorker.java:startLogSegment(447)) - 244a53c4-9cb3-439d-93c3-5e05515fc991@group-683DDCD52AE4-SegmentedRaftLogWorker: Starting segment from index:0
2023-05-31 22:57:49,498 [244a53c4-9cb3-439d-93c3-5e05515fc991@group-683DDCD52AE4-LeaderElection23] INFO  server.RaftServer$Division (ServerState.java:setRaftConf(434)) - 244a53c4-9cb3-439d-93c3-5e05515fc991@group-683DDCD52AE4: set configuration 0: peers:[244a53c4-9cb3-439d-93c3-5e05515fc991|rpc:10.1.0.15:15113|admin:10.1.0.15:15112|client:10.1.0.15:15111|dataStream:10.1.0.15:15114|priority:1|startupRole:FOLLOWER, 160cf24b-84e6-41e3-a0dc-1baa6b89aef1|rpc:10.1.0.15:15104|admin:10.1.0.15:15103|client:10.1.0.15:15102|dataStream:10.1.0.15:15105|priority:0|startupRole:FOLLOWER, 07122f08-5d38-49f7-8fdd-d2e34ec8d956|rpc:10.1.0.15:15095|admin:10.1.0.15:15094|client:10.1.0.15:15093|dataStream:10.1.0.15:15096|priority:0|startupRole:FOLLOWER]|listeners:[], old=null
2023-05-31 22:57:49,498 [244a53c4-9cb3-439d-93c3-5e05515fc991@group-683DDCD52AE4-SegmentedRaftLogWorker] INFO  segmented.SegmentedRaftLogWorker (SegmentedRaftLogWorker.java:execute(651)) - 244a53c4-9cb3-439d-93c3-5e05515fc991@group-683DDCD52AE4-SegmentedRaftLogWorker: created new log segment /home/runner/work/ozone/ozone/hadoop-ozone/integration-test/target/test-dir/MiniOzoneClusterImpl-816a41a7-5c89-4e8c-81ba-db0c8b26fb2d/datanode-11/data/ratis/8204a975-54d1-4424-9e3b-683ddcd52ae4/current/log_inprogress_0
2023-05-31 22:57:49,506 [160cf24b-84e6-41e3-a0dc-1baa6b89aef1-server-thread1] INFO  ratis.XceiverServerRatis (XceiverServerRatis.java:handleLeaderChangedNotification(902)) - Leader change notification received for group: group-683DDCD52AE4 with new leaderId: 244a53c4-9cb3-439d-93c3-5e05515fc991
2023-05-31 22:57:49,506 [160cf24b-84e6-41e3-a0dc-1baa6b89aef1-server-thread1] INFO  server.RaftServer$Division (ServerState.java:setLeader(317)) - 160cf24b-84e6-41e3-a0dc-1baa6b89aef1@group-683DDCD52AE4: change Leader from null to 244a53c4-9cb3-439d-93c3-5e05515fc991 at term 1 for appendEntries, leader elected after 5293ms
2023-05-31 22:57:49,507 [160cf24b-84e6-41e3-a0dc-1baa6b89aef1@group-28AE8D7E6D07-FollowerState] INFO  impl.FollowerState (FollowerState.java:run(143)) - 160cf24b-84e6-41e3-a0dc-1baa6b89aef1@group-28AE8D7E6D07-FollowerState: change to CANDIDATE, lastRpcElapsedTime:5086046035ns, electionTimeout:5083ms
2023-05-31 22:57:49,508 [160cf24b-84e6-41e3-a0dc-1baa6b89aef1@group-28AE8D7E6D07-FollowerState] INFO  impl.RoleInfo (RoleInfo.java:shutdownFollowerState(110)) - 160cf24b-84e6-41e3-a0dc-1baa6b89aef1: shutdown 160cf24b-84e6-41e3-a0dc-1baa6b89aef1@group-28AE8D7E6D07-FollowerState
2023-05-31 22:57:49,508 [160cf24b-84e6-41e3-a0dc-1baa6b89aef1@group-28AE8D7E6D07-FollowerState] INFO  server.RaftServer$Division (RaftServerImpl.java:setRole(329)) - 160cf24b-84e6-41e3-a0dc-1baa6b89aef1@group-28AE8D7E6D07: changes role from  FOLLOWER to CANDIDATE at term 0 for changeToCandidate
2023-05-31 22:57:49,508 [160cf24b-84e6-41e3-a0dc-1baa6b89aef1@group-28AE8D7E6D07-FollowerState] INFO  server.RaftServerConfigKeys (ConfUtils.java:logGet(46)) - raft.server.leaderelection.pre-vote = true (default)
2023-05-31 22:57:49,508 [160cf24b-84e6-41e3-a0dc-1baa6b89aef1@group-28AE8D7E6D07-FollowerState] INFO  impl.RoleInfo (RoleInfo.java:updateAndGet(139)) - 160cf24b-84e6-41e3-a0dc-1baa6b89aef1: start 160cf24b-84e6-41e3-a0dc-1baa6b89aef1@group-28AE8D7E6D07-LeaderElection24
2023-05-31 22:57:49,532 [07122f08-5d38-49f7-8fdd-d2e34ec8d956-server-thread1] INFO  ratis.XceiverServerRatis (XceiverServerRatis.java:handleLeaderChangedNotification(902)) - Leader change notification received for group: group-683DDCD52AE4 with new leaderId: 244a53c4-9cb3-439d-93c3-5e05515fc991
2023-05-31 22:57:49,532 [07122f08-5d38-49f7-8fdd-d2e34ec8d956-server-thread1] INFO  server.RaftServer$Division (ServerState.java:setLeader(317)) - 07122f08-5d38-49f7-8fdd-d2e34ec8d956@group-683DDCD52AE4: change Leader from null to 244a53c4-9cb3-439d-93c3-5e05515fc991 at term 1 for appendEntries, leader elected after 5361ms
2023-05-31 22:57:49,532 [160cf24b-84e6-41e3-a0dc-1baa6b89aef1@group-28AE8D7E6D07-LeaderElection24] INFO  impl.LeaderElection (LeaderElection.java:askForVotes(321)) - 160cf24b-84e6-41e3-a0dc-1baa6b89aef1@group-28AE8D7E6D07-LeaderElection24 PRE_VOTE round 0: submit vote requests at term 0 for -1: peers:[160cf24b-84e6-41e3-a0dc-1baa6b89aef1|rpc:10.1.0.15:15104|admin:10.1.0.15:15103|client:10.1.0.15:15102|dataStream:10.1.0.15:15105|priority:1|startupRole:FOLLOWER]|listeners:[], old=null
2023-05-31 22:57:49,532 [160cf24b-84e6-41e3-a0dc-1baa6b89aef1@group-28AE8D7E6D07-LeaderElection24] INFO  impl.LeaderElection (LeaderElection.java:askForVotes(323)) - 160cf24b-84e6-41e3-a0dc-1baa6b89aef1@group-28AE8D7E6D07-LeaderElection24 PRE_VOTE round 0: result PASSED (term=0)
2023-05-31 22:57:49,534 [160cf24b-84e6-41e3-a0dc-1baa6b89aef1@group-28AE8D7E6D07-LeaderElection24] INFO  impl.LeaderElection (LeaderElection.java:askForVotes(321)) - 160cf24b-84e6-41e3-a0dc-1baa6b89aef1@group-28AE8D7E6D07-LeaderElection24 ELECTION round 0: submit vote requests at term 1 for -1: peers:[160cf24b-84e6-41e3-a0dc-1baa6b89aef1|rpc:10.1.0.15:15104|admin:10.1.0.15:15103|client:10.1.0.15:15102|dataStream:10.1.0.15:15105|priority:1|startupRole:FOLLOWER]|listeners:[], old=null
2023-05-31 22:57:49,534 [160cf24b-84e6-41e3-a0dc-1baa6b89aef1@group-28AE8D7E6D07-LeaderElection24] INFO  impl.LeaderElection (LeaderElection.java:askForVotes(323)) - 160cf24b-84e6-41e3-a0dc-1baa6b89aef1@group-28AE8D7E6D07-LeaderElection24 ELECTION round 0: result PASSED (term=1)
2023-05-31 22:57:49,534 [160cf24b-84e6-41e3-a0dc-1baa6b89aef1@group-28AE8D7E6D07-LeaderElection24] INFO  impl.RoleInfo (RoleInfo.java:shutdownLeaderElection(130)) - 160cf24b-84e6-41e3-a0dc-1baa6b89aef1: shutdown 160cf24b-84e6-41e3-a0dc-1baa6b89aef1@group-28AE8D7E6D07-LeaderElection24
2023-05-31 22:57:49,534 [160cf24b-84e6-41e3-a0dc-1baa6b89aef1@group-28AE8D7E6D07-LeaderElection24] INFO  server.RaftServer$Division (RaftServerImpl.java:setRole(329)) - 160cf24b-84e6-41e3-a0dc-1baa6b89aef1@group-28AE8D7E6D07: changes role from CANDIDATE to LEADER at term 1 for changeToLeader
2023-05-31 22:57:49,534 [160cf24b-84e6-41e3-a0dc-1baa6b89aef1@group-28AE8D7E6D07-LeaderElection24] INFO  ratis.XceiverServerRatis (XceiverServerRatis.java:handleLeaderChangedNotification(902)) - Leader change notification received for group: group-28AE8D7E6D07 with new leaderId: 160cf24b-84e6-41e3-a0dc-1baa6b89aef1
2023-05-31 22:57:49,537 [160cf24b-84e6-41e3-a0dc-1baa6b89aef1@group-28AE8D7E6D07-LeaderElection24] INFO  server.RaftServer$Division (ServerState.java:setLeader(317)) - 160cf24b-84e6-41e3-a0dc-1baa6b89aef1@group-28AE8D7E6D07: change Leader from null to 160cf24b-84e6-41e3-a0dc-1baa6b89aef1 at term 1 for becomeLeader, leader elected after 5133ms
2023-05-31 22:57:49,537 [160cf24b-84e6-41e3-a0dc-1baa6b89aef1@group-28AE8D7E6D07-LeaderElection24] INFO  server.RaftServerConfigKeys (ConfUtils.java:logGet(46)) - raft.server.staging.catchup.gap = 1000 (default)
2023-05-31 22:57:49,537 [160cf24b-84e6-41e3-a0dc-1baa6b89aef1@group-28AE8D7E6D07-LeaderElection24] INFO  server.RaftServerConfigKeys (ConfUtils.java:logGet(46)) - raft.server.write.element-limit = 1024 (custom)
2023-05-31 22:57:49,537 [160cf24b-84e6-41e3-a0dc-1baa6b89aef1@group-28AE8D7E6D07-LeaderElection24] INFO  server.RaftServerConfigKeys (ConfUtils.java:logGet(46)) - raft.server.write.byte-limit = 1024 M (=1073741824) (custom)
2023-05-31 22:57:49,542 [07122f08-5d38-49f7-8fdd-d2e34ec8d956-server-thread1] INFO  server.RaftServer$Division (ServerState.java:setRaftConf(434)) - 07122f08-5d38-49f7-8fdd-d2e34ec8d956@group-683DDCD52AE4: set configuration 0: peers:[244a53c4-9cb3-439d-93c3-5e05515fc991|rpc:10.1.0.15:15113|admin:10.1.0.15:15112|client:10.1.0.15:15111|dataStream:10.1.0.15:15114|priority:1|startupRole:FOLLOWER, 160cf24b-84e6-41e3-a0dc-1baa6b89aef1|rpc:10.1.0.15:15104|admin:10.1.0.15:15103|client:10.1.0.15:15102|dataStream:10.1.0.15:15105|priority:0|startupRole:FOLLOWER, 07122f08-5d38-49f7-8fdd-d2e34ec8d956|rpc:10.1.0.15:15095|admin:10.1.0.15:15094|client:10.1.0.15:15093|dataStream:10.1.0.15:15096|priority:0|startupRole:FOLLOWER]|listeners:[], old=null
2023-05-31 22:57:49,543 [160cf24b-84e6-41e3-a0dc-1baa6b89aef1-server-thread3] INFO  server.RaftServer$Division (ServerState.java:setRaftConf(434)) - 160cf24b-84e6-41e3-a0dc-1baa6b89aef1@group-683DDCD52AE4: set configuration 0: peers:[244a53c4-9cb3-439d-93c3-5e05515fc991|rpc:10.1.0.15:15113|admin:10.1.0.15:15112|client:10.1.0.15:15111|dataStream:10.1.0.15:15114|priority:1|startupRole:FOLLOWER, 160cf24b-84e6-41e3-a0dc-1baa6b89aef1|rpc:10.1.0.15:15104|admin:10.1.0.15:15103|client:10.1.0.15:15102|dataStream:10.1.0.15:15105|priority:0|startupRole:FOLLOWER, 07122f08-5d38-49f7-8fdd-d2e34ec8d956|rpc:10.1.0.15:15095|admin:10.1.0.15:15094|client:10.1.0.15:15093|dataStream:10.1.0.15:15096|priority:0|startupRole:FOLLOWER]|listeners:[], old=null
2023-05-31 22:57:49,545 [07122f08-5d38-49f7-8fdd-d2e34ec8d956-server-thread1] INFO  segmented.SegmentedRaftLogWorker (SegmentedRaftLogWorker.java:startLogSegment(447)) - 07122f08-5d38-49f7-8fdd-d2e34ec8d956@group-683DDCD52AE4-SegmentedRaftLogWorker: Starting segment from index:0
2023-05-31 22:57:49,545 [160cf24b-84e6-41e3-a0dc-1baa6b89aef1@group-28AE8D7E6D07-LeaderElection24] INFO  server.RaftServerConfigKeys (ConfUtils.java:logGet(46)) - raft.server.watch.timeout = 180s (custom)
2023-05-31 22:57:49,545 [160cf24b-84e6-41e3-a0dc-1baa6b89aef1@group-28AE8D7E6D07-LeaderElection24] INFO  server.RaftServerConfigKeys (ConfUtils.java:logGet(46)) - raft.server.watch.timeout.denomination = 1s (default)
2023-05-31 22:57:49,546 [160cf24b-84e6-41e3-a0dc-1baa6b89aef1@group-28AE8D7E6D07-LeaderElection24] INFO  server.RaftServerConfigKeys (ConfUtils.java:logGet(46)) - raft.server.watch.element-limit = 65536 (default)
2023-05-31 22:57:49,546 [160cf24b-84e6-41e3-a0dc-1baa6b89aef1@group-28AE8D7E6D07-LeaderElection24] INFO  server.RaftServerConfigKeys (ConfUtils.java:logGet(46)) - raft.server.write.element-limit = 1024 (custom)
2023-05-31 22:57:49,546 [160cf24b-84e6-41e3-a0dc-1baa6b89aef1@group-28AE8D7E6D07-LeaderElection24] INFO  server.RaftServerConfigKeys (ConfUtils.java:logGet(46)) - raft.server.write.follower.gap.ratio.max = -1.0 (default)
2023-05-31 22:57:49,546 [160cf24b-84e6-41e3-a0dc-1baa6b89aef1@group-28AE8D7E6D07-LeaderElection24] INFO  impl.RoleInfo (RoleInfo.java:updateAndGet(139)) - 160cf24b-84e6-41e3-a0dc-1baa6b89aef1: start 160cf24b-84e6-41e3-a0dc-1baa6b89aef1@group-28AE8D7E6D07-LeaderStateImpl
2023-05-31 22:57:49,546 [160cf24b-84e6-41e3-a0dc-1baa6b89aef1-server-thread3] INFO  segmented.SegmentedRaftLogWorker (SegmentedRaftLogWorker.java:startLogSegment(447)) - 160cf24b-84e6-41e3-a0dc-1baa6b89aef1@group-683DDCD52AE4-SegmentedRaftLogWorker: Starting segment from index:0
2023-05-31 22:57:49,547 [160cf24b-84e6-41e3-a0dc-1baa6b89aef1@group-28AE8D7E6D07-LeaderElection24] INFO  segmented.SegmentedRaftLogWorker (SegmentedRaftLogWorker.java:startLogSegment(447)) - 160cf24b-84e6-41e3-a0dc-1baa6b89aef1@group-28AE8D7E6D07-SegmentedRaftLogWorker: Starting segment from index:0
2023-05-31 22:57:49,549 [160cf24b-84e6-41e3-a0dc-1baa6b89aef1@group-683DDCD52AE4-SegmentedRaftLogWorker] INFO  segmented.SegmentedRaftLogWorker (SegmentedRaftLogWorker.java:execute(651)) - 160cf24b-84e6-41e3-a0dc-1baa6b89aef1@group-683DDCD52AE4-SegmentedRaftLogWorker: created new log segment /home/runner/work/ozone/ozone/hadoop-ozone/integration-test/target/test-dir/MiniOzoneClusterImpl-816a41a7-5c89-4e8c-81ba-db0c8b26fb2d/datanode-10/data/ratis/8204a975-54d1-4424-9e3b-683ddcd52ae4/current/log_inprogress_0
2023-05-31 22:57:49,549 [07122f08-5d38-49f7-8fdd-d2e34ec8d956@group-683DDCD52AE4-SegmentedRaftLogWorker] INFO  segmented.SegmentedRaftLogWorker (SegmentedRaftLogWorker.java:execute(651)) - 07122f08-5d38-49f7-8fdd-d2e34ec8d956@group-683DDCD52AE4-SegmentedRaftLogWorker: created new log segment /home/runner/work/ozone/ozone/hadoop-ozone/integration-test/target/test-dir/MiniOzoneClusterImpl-816a41a7-5c89-4e8c-81ba-db0c8b26fb2d/datanode-9/data/ratis/8204a975-54d1-4424-9e3b-683ddcd52ae4/current/log_inprogress_0
2023-05-31 22:57:49,553 [160cf24b-84e6-41e3-a0dc-1baa6b89aef1@group-28AE8D7E6D07-LeaderElection24] INFO  server.RaftServer$Division (ServerState.java:setRaftConf(434)) - 160cf24b-84e6-41e3-a0dc-1baa6b89aef1@group-28AE8D7E6D07: set configuration 0: peers:[160cf24b-84e6-41e3-a0dc-1baa6b89aef1|rpc:10.1.0.15:15104|admin:10.1.0.15:15103|client:10.1.0.15:15102|dataStream:10.1.0.15:15105|priority:1|startupRole:FOLLOWER]|listeners:[], old=null
2023-05-31 22:57:49,553 [160cf24b-84e6-41e3-a0dc-1baa6b89aef1@group-28AE8D7E6D07-SegmentedRaftLogWorker] INFO  segmented.SegmentedRaftLogWorker (SegmentedRaftLogWorker.java:execute(651)) - 160cf24b-84e6-41e3-a0dc-1baa6b89aef1@group-28AE8D7E6D07-SegmentedRaftLogWorker: created new log segment /home/runner/work/ozone/ozone/hadoop-ozone/integration-test/target/test-dir/MiniOzoneClusterImpl-816a41a7-5c89-4e8c-81ba-db0c8b26fb2d/datanode-10/data/ratis/d6770faf-d179-4a9f-b02b-28ae8d7e6d07/current/log_inprogress_0
2023-05-31 22:57:50,192 [244a53c4-9cb3-439d-93c3-5e05515fc991@group-8F640C2B7AAB-FollowerState] INFO  impl.FollowerState (FollowerState.java:run(143)) - 244a53c4-9cb3-439d-93c3-5e05515fc991@group-8F640C2B7AAB-FollowerState: change to CANDIDATE, lastRpcElapsedTime:5175191195ns, electionTimeout:5169ms
2023-05-31 22:57:50,192 [244a53c4-9cb3-439d-93c3-5e05515fc991@group-8F640C2B7AAB-FollowerState] INFO  impl.RoleInfo (RoleInfo.java:shutdownFollowerState(110)) - 244a53c4-9cb3-439d-93c3-5e05515fc991: shutdown 244a53c4-9cb3-439d-93c3-5e05515fc991@group-8F640C2B7AAB-FollowerState
2023-05-31 22:57:50,192 [244a53c4-9cb3-439d-93c3-5e05515fc991@group-8F640C2B7AAB-FollowerState] INFO  server.RaftServer$Division (RaftServerImpl.java:setRole(329)) - 244a53c4-9cb3-439d-93c3-5e05515fc991@group-8F640C2B7AAB: changes role from  FOLLOWER to CANDIDATE at term 0 for changeToCandidate
2023-05-31 22:57:50,192 [244a53c4-9cb3-439d-93c3-5e05515fc991@group-8F640C2B7AAB-FollowerState] INFO  server.RaftServerConfigKeys (ConfUtils.java:logGet(46)) - raft.server.leaderelection.pre-vote = true (default)
2023-05-31 22:57:50,192 [244a53c4-9cb3-439d-93c3-5e05515fc991@group-8F640C2B7AAB-FollowerState] INFO  impl.RoleInfo (RoleInfo.java:updateAndGet(139)) - 244a53c4-9cb3-439d-93c3-5e05515fc991: start 244a53c4-9cb3-439d-93c3-5e05515fc991@group-8F640C2B7AAB-LeaderElection25
2023-05-31 22:57:50,195 [244a53c4-9cb3-439d-93c3-5e05515fc991@group-8F640C2B7AAB-LeaderElection25] INFO  impl.LeaderElection (LeaderElection.java:askForVotes(321)) - 244a53c4-9cb3-439d-93c3-5e05515fc991@group-8F640C2B7AAB-LeaderElection25 PRE_VOTE round 0: submit vote requests at term 0 for -1: peers:[244a53c4-9cb3-439d-93c3-5e05515fc991|rpc:10.1.0.15:15113|admin:10.1.0.15:15112|client:10.1.0.15:15111|dataStream:10.1.0.15:15114|priority:1|startupRole:FOLLOWER]|listeners:[], old=null
2023-05-31 22:57:50,195 [244a53c4-9cb3-439d-93c3-5e05515fc991@group-8F640C2B7AAB-LeaderElection25] INFO  impl.LeaderElection (LeaderElection.java:askForVotes(323)) - 244a53c4-9cb3-439d-93c3-5e05515fc991@group-8F640C2B7AAB-LeaderElection25 PRE_VOTE round 0: result PASSED (term=0)
2023-05-31 22:57:50,197 [244a53c4-9cb3-439d-93c3-5e05515fc991@group-8F640C2B7AAB-LeaderElection25] INFO  impl.LeaderElection (LeaderElection.java:askForVotes(321)) - 244a53c4-9cb3-439d-93c3-5e05515fc991@group-8F640C2B7AAB-LeaderElection25 ELECTION round 0: submit vote requests at term 1 for -1: peers:[244a53c4-9cb3-439d-93c3-5e05515fc991|rpc:10.1.0.15:15113|admin:10.1.0.15:15112|client:10.1.0.15:15111|dataStream:10.1.0.15:15114|priority:1|startupRole:FOLLOWER]|listeners:[], old=null
2023-05-31 22:57:50,197 [244a53c4-9cb3-439d-93c3-5e05515fc991@group-8F640C2B7AAB-LeaderElection25] INFO  impl.LeaderElection (LeaderElection.java:askForVotes(323)) - 244a53c4-9cb3-439d-93c3-5e05515fc991@group-8F640C2B7AAB-LeaderElection25 ELECTION round 0: result PASSED (term=1)
2023-05-31 22:57:50,197 [244a53c4-9cb3-439d-93c3-5e05515fc991@group-8F640C2B7AAB-LeaderElection25] INFO  impl.RoleInfo (RoleInfo.java:shutdownLeaderElection(130)) - 244a53c4-9cb3-439d-93c3-5e05515fc991: shutdown 244a53c4-9cb3-439d-93c3-5e05515fc991@group-8F640C2B7AAB-LeaderElection25
2023-05-31 22:57:50,197 [244a53c4-9cb3-439d-93c3-5e05515fc991@group-8F640C2B7AAB-LeaderElection25] INFO  server.RaftServer$Division (RaftServerImpl.java:setRole(329)) - 244a53c4-9cb3-439d-93c3-5e05515fc991@group-8F640C2B7AAB: changes role from CANDIDATE to LEADER at term 1 for changeToLeader
2023-05-31 22:57:50,197 [244a53c4-9cb3-439d-93c3-5e05515fc991@group-8F640C2B7AAB-LeaderElection25] INFO  ratis.XceiverServerRatis (XceiverServerRatis.java:handleLeaderChangedNotification(902)) - Leader change notification received for group: group-8F640C2B7AAB with new leaderId: 244a53c4-9cb3-439d-93c3-5e05515fc991
2023-05-31 22:57:50,197 [244a53c4-9cb3-439d-93c3-5e05515fc991@group-8F640C2B7AAB-LeaderElection25] INFO  server.RaftServer$Division (ServerState.java:setLeader(317)) - 244a53c4-9cb3-439d-93c3-5e05515fc991@group-8F640C2B7AAB: change Leader from null to 244a53c4-9cb3-439d-93c3-5e05515fc991 at term 1 for becomeLeader, leader elected after 5230ms
2023-05-31 22:57:50,199 [244a53c4-9cb3-439d-93c3-5e05515fc991@group-8F640C2B7AAB-LeaderElection25] INFO  server.RaftServerConfigKeys (ConfUtils.java:logGet(46)) - raft.server.staging.catchup.gap = 1000 (default)
2023-05-31 22:57:50,199 [244a53c4-9cb3-439d-93c3-5e05515fc991@group-8F640C2B7AAB-LeaderElection25] INFO  server.RaftServerConfigKeys (ConfUtils.java:logGet(46)) - raft.server.write.element-limit = 1024 (custom)
2023-05-31 22:57:50,199 [244a53c4-9cb3-439d-93c3-5e05515fc991@group-8F640C2B7AAB-LeaderElection25] INFO  server.RaftServerConfigKeys (ConfUtils.java:logGet(46)) - raft.server.write.byte-limit = 1024 M (=1073741824) (custom)
2023-05-31 22:57:50,200 [244a53c4-9cb3-439d-93c3-5e05515fc991@group-8F640C2B7AAB-LeaderElection25] INFO  server.RaftServerConfigKeys (ConfUtils.java:logGet(46)) - raft.server.watch.timeout = 180s (custom)
2023-05-31 22:57:50,200 [244a53c4-9cb3-439d-93c3-5e05515fc991@group-8F640C2B7AAB-LeaderElection25] INFO  server.RaftServerConfigKeys (ConfUtils.java:logGet(46)) - raft.server.watch.timeout.denomination = 1s (default)
2023-05-31 22:57:50,200 [244a53c4-9cb3-439d-93c3-5e05515fc991@group-8F640C2B7AAB-LeaderElection25] INFO  server.RaftServerConfigKeys (ConfUtils.java:logGet(46)) - raft.server.watch.element-limit = 65536 (default)
2023-05-31 22:57:50,200 [244a53c4-9cb3-439d-93c3-5e05515fc991@group-8F640C2B7AAB-LeaderElection25] INFO  server.RaftServerConfigKeys (ConfUtils.java:logGet(46)) - raft.server.write.element-limit = 1024 (custom)
2023-05-31 22:57:50,200 [244a53c4-9cb3-439d-93c3-5e05515fc991@group-8F640C2B7AAB-LeaderElection25] INFO  server.RaftServerConfigKeys (ConfUtils.java:logGet(46)) - raft.server.write.follower.gap.ratio.max = -1.0 (default)
2023-05-31 22:57:50,200 [244a53c4-9cb3-439d-93c3-5e05515fc991@group-8F640C2B7AAB-LeaderElection25] INFO  impl.RoleInfo (RoleInfo.java:updateAndGet(139)) - 244a53c4-9cb3-439d-93c3-5e05515fc991: start 244a53c4-9cb3-439d-93c3-5e05515fc991@group-8F640C2B7AAB-LeaderStateImpl
2023-05-31 22:57:50,200 [244a53c4-9cb3-439d-93c3-5e05515fc991@group-8F640C2B7AAB-LeaderElection25] INFO  segmented.SegmentedRaftLogWorker (SegmentedRaftLogWorker.java:startLogSegment(447)) - 244a53c4-9cb3-439d-93c3-5e05515fc991@group-8F640C2B7AAB-SegmentedRaftLogWorker: Starting segment from index:0
2023-05-31 22:57:50,201 [244a53c4-9cb3-439d-93c3-5e05515fc991@group-8F640C2B7AAB-LeaderElection25] INFO  server.RaftServer$Division (ServerState.java:setRaftConf(434)) - 244a53c4-9cb3-439d-93c3-5e05515fc991@group-8F640C2B7AAB: set configuration 0: peers:[244a53c4-9cb3-439d-93c3-5e05515fc991|rpc:10.1.0.15:15113|admin:10.1.0.15:15112|client:10.1.0.15:15111|dataStream:10.1.0.15:15114|priority:1|startupRole:FOLLOWER]|listeners:[], old=null
2023-05-31 22:57:50,204 [244a53c4-9cb3-439d-93c3-5e05515fc991@group-8F640C2B7AAB-SegmentedRaftLogWorker] INFO  segmented.SegmentedRaftLogWorker (SegmentedRaftLogWorker.java:execute(651)) - 244a53c4-9cb3-439d-93c3-5e05515fc991@group-8F640C2B7AAB-SegmentedRaftLogWorker: created new log segment /home/runner/work/ozone/ozone/hadoop-ozone/integration-test/target/test-dir/MiniOzoneClusterImpl-816a41a7-5c89-4e8c-81ba-db0c8b26fb2d/datanode-11/data/ratis/e8593296-6335-477f-b268-8f640c2b7aab/current/log_inprogress_0
2023-05-31 22:57:50,529 [2fca467b-8261-48a6-b0b4-c0ececcd3716@group-EE5A51D58199-FollowerState] INFO  impl.FollowerState (FollowerState.java:run(143)) - 2fca467b-8261-48a6-b0b4-c0ececcd3716@group-EE5A51D58199-FollowerState: change to CANDIDATE, lastRpcElapsedTime:5104708162ns, electionTimeout:5104ms
2023-05-31 22:57:50,529 [2fca467b-8261-48a6-b0b4-c0ececcd3716@group-EE5A51D58199-FollowerState] INFO  impl.RoleInfo (RoleInfo.java:shutdownFollowerState(110)) - 2fca467b-8261-48a6-b0b4-c0ececcd3716: shutdown 2fca467b-8261-48a6-b0b4-c0ececcd3716@group-EE5A51D58199-FollowerState
2023-05-31 22:57:50,529 [2fca467b-8261-48a6-b0b4-c0ececcd3716@group-EE5A51D58199-FollowerState] INFO  server.RaftServer$Division (RaftServerImpl.java:setRole(329)) - 2fca467b-8261-48a6-b0b4-c0ececcd3716@group-EE5A51D58199: changes role from  FOLLOWER to CANDIDATE at term 0 for changeToCandidate
2023-05-31 22:57:50,529 [2fca467b-8261-48a6-b0b4-c0ececcd3716@group-EE5A51D58199-FollowerState] INFO  server.RaftServerConfigKeys (ConfUtils.java:logGet(46)) - raft.server.leaderelection.pre-vote = true (default)
2023-05-31 22:57:50,529 [2fca467b-8261-48a6-b0b4-c0ececcd3716@group-EE5A51D58199-FollowerState] INFO  impl.RoleInfo (RoleInfo.java:updateAndGet(139)) - 2fca467b-8261-48a6-b0b4-c0ececcd3716: start 2fca467b-8261-48a6-b0b4-c0ececcd3716@group-EE5A51D58199-LeaderElection26
2023-05-31 22:57:50,532 [2fca467b-8261-48a6-b0b4-c0ececcd3716@group-EE5A51D58199-LeaderElection26] INFO  impl.LeaderElection (LeaderElection.java:askForVotes(321)) - 2fca467b-8261-48a6-b0b4-c0ececcd3716@group-EE5A51D58199-LeaderElection26 PRE_VOTE round 0: submit vote requests at term 0 for -1: peers:[2fca467b-8261-48a6-b0b4-c0ececcd3716|rpc:10.1.0.15:15122|admin:10.1.0.15:15121|client:10.1.0.15:15120|dataStream:10.1.0.15:15123|priority:1|startupRole:FOLLOWER]|listeners:[], old=null
2023-05-31 22:57:50,533 [2fca467b-8261-48a6-b0b4-c0ececcd3716@group-EE5A51D58199-LeaderElection26] INFO  impl.LeaderElection (LeaderElection.java:askForVotes(323)) - 2fca467b-8261-48a6-b0b4-c0ececcd3716@group-EE5A51D58199-LeaderElection26 PRE_VOTE round 0: result PASSED (term=0)
2023-05-31 22:57:50,535 [2fca467b-8261-48a6-b0b4-c0ececcd3716@group-EE5A51D58199-LeaderElection26] INFO  impl.LeaderElection (LeaderElection.java:askForVotes(321)) - 2fca467b-8261-48a6-b0b4-c0ececcd3716@group-EE5A51D58199-LeaderElection26 ELECTION round 0: submit vote requests at term 1 for -1: peers:[2fca467b-8261-48a6-b0b4-c0ececcd3716|rpc:10.1.0.15:15122|admin:10.1.0.15:15121|client:10.1.0.15:15120|dataStream:10.1.0.15:15123|priority:1|startupRole:FOLLOWER]|listeners:[], old=null
2023-05-31 22:57:50,535 [2fca467b-8261-48a6-b0b4-c0ececcd3716@group-EE5A51D58199-LeaderElection26] INFO  impl.LeaderElection (LeaderElection.java:askForVotes(323)) - 2fca467b-8261-48a6-b0b4-c0ececcd3716@group-EE5A51D58199-LeaderElection26 ELECTION round 0: result PASSED (term=1)
2023-05-31 22:57:50,535 [2fca467b-8261-48a6-b0b4-c0ececcd3716@group-EE5A51D58199-LeaderElection26] INFO  impl.RoleInfo (RoleInfo.java:shutdownLeaderElection(130)) - 2fca467b-8261-48a6-b0b4-c0ececcd3716: shutdown 2fca467b-8261-48a6-b0b4-c0ececcd3716@group-EE5A51D58199-LeaderElection26
2023-05-31 22:57:50,535 [2fca467b-8261-48a6-b0b4-c0ececcd3716@group-EE5A51D58199-LeaderElection26] INFO  server.RaftServer$Division (RaftServerImpl.java:setRole(329)) - 2fca467b-8261-48a6-b0b4-c0ececcd3716@group-EE5A51D58199: changes role from CANDIDATE to LEADER at term 1 for changeToLeader
2023-05-31 22:57:50,535 [2fca467b-8261-48a6-b0b4-c0ececcd3716@group-EE5A51D58199-LeaderElection26] INFO  ratis.XceiverServerRatis (XceiverServerRatis.java:handleLeaderChangedNotification(902)) - Leader change notification received for group: group-EE5A51D58199 with new leaderId: 2fca467b-8261-48a6-b0b4-c0ececcd3716
2023-05-31 22:57:50,535 [2fca467b-8261-48a6-b0b4-c0ececcd3716@group-EE5A51D58199-LeaderElection26] INFO  server.RaftServer$Division (ServerState.java:setLeader(317)) - 2fca467b-8261-48a6-b0b4-c0ececcd3716@group-EE5A51D58199: change Leader from null to 2fca467b-8261-48a6-b0b4-c0ececcd3716 at term 1 for becomeLeader, leader elected after 5134ms
2023-05-31 22:57:50,535 [2fca467b-8261-48a6-b0b4-c0ececcd3716@group-EE5A51D58199-LeaderElection26] INFO  server.RaftServerConfigKeys (ConfUtils.java:logGet(46)) - raft.server.staging.catchup.gap = 1000 (default)
2023-05-31 22:57:50,536 [2fca467b-8261-48a6-b0b4-c0ececcd3716@group-EE5A51D58199-LeaderElection26] INFO  server.RaftServerConfigKeys (ConfUtils.java:logGet(46)) - raft.server.write.element-limit = 1024 (custom)
2023-05-31 22:57:50,536 [2fca467b-8261-48a6-b0b4-c0ececcd3716@group-EE5A51D58199-LeaderElection26] INFO  server.RaftServerConfigKeys (ConfUtils.java:logGet(46)) - raft.server.write.byte-limit = 1024 M (=1073741824) (custom)
2023-05-31 22:57:50,536 [2fca467b-8261-48a6-b0b4-c0ececcd3716@group-EE5A51D58199-LeaderElection26] INFO  server.RaftServerConfigKeys (ConfUtils.java:logGet(46)) - raft.server.watch.timeout = 180s (custom)
2023-05-31 22:57:50,536 [2fca467b-8261-48a6-b0b4-c0ececcd3716@group-EE5A51D58199-LeaderElection26] INFO  server.RaftServerConfigKeys (ConfUtils.java:logGet(46)) - raft.server.watch.timeout.denomination = 1s (default)
2023-05-31 22:57:50,536 [2fca467b-8261-48a6-b0b4-c0ececcd3716@group-EE5A51D58199-LeaderElection26] INFO  server.RaftServerConfigKeys (ConfUtils.java:logGet(46)) - raft.server.watch.element-limit = 65536 (default)
2023-05-31 22:57:50,536 [2fca467b-8261-48a6-b0b4-c0ececcd3716@group-EE5A51D58199-LeaderElection26] INFO  server.RaftServerConfigKeys (ConfUtils.java:logGet(46)) - raft.server.write.element-limit = 1024 (custom)
2023-05-31 22:57:50,536 [2fca467b-8261-48a6-b0b4-c0ececcd3716@group-EE5A51D58199-LeaderElection26] INFO  server.RaftServerConfigKeys (ConfUtils.java:logGet(46)) - raft.server.write.follower.gap.ratio.max = -1.0 (default)
2023-05-31 22:57:50,536 [2fca467b-8261-48a6-b0b4-c0ececcd3716@group-EE5A51D58199-LeaderElection26] INFO  impl.RoleInfo (RoleInfo.java:updateAndGet(139)) - 2fca467b-8261-48a6-b0b4-c0ececcd3716: start 2fca467b-8261-48a6-b0b4-c0ececcd3716@group-EE5A51D58199-LeaderStateImpl
2023-05-31 22:57:50,538 [2fca467b-8261-48a6-b0b4-c0ececcd3716@group-EE5A51D58199-LeaderElection26] INFO  segmented.SegmentedRaftLogWorker (SegmentedRaftLogWorker.java:startLogSegment(447)) - 2fca467b-8261-48a6-b0b4-c0ececcd3716@group-EE5A51D58199-SegmentedRaftLogWorker: Starting segment from index:0
2023-05-31 22:57:50,539 [2fca467b-8261-48a6-b0b4-c0ececcd3716@group-EE5A51D58199-LeaderElection26] INFO  server.RaftServer$Division (ServerState.java:setRaftConf(434)) - 2fca467b-8261-48a6-b0b4-c0ececcd3716@group-EE5A51D58199: set configuration 0: peers:[2fca467b-8261-48a6-b0b4-c0ececcd3716|rpc:10.1.0.15:15122|admin:10.1.0.15:15121|client:10.1.0.15:15120|dataStream:10.1.0.15:15123|priority:1|startupRole:FOLLOWER]|listeners:[], old=null
2023-05-31 22:57:50,546 [2fca467b-8261-48a6-b0b4-c0ececcd3716@group-EE5A51D58199-SegmentedRaftLogWorker] INFO  segmented.SegmentedRaftLogWorker (SegmentedRaftLogWorker.java:execute(651)) - 2fca467b-8261-48a6-b0b4-c0ececcd3716@group-EE5A51D58199-SegmentedRaftLogWorker: created new log segment /home/runner/work/ozone/ozone/hadoop-ozone/integration-test/target/test-dir/MiniOzoneClusterImpl-816a41a7-5c89-4e8c-81ba-db0c8b26fb2d/datanode-12/data/ratis/a64b7230-a0bb-46fa-be52-ee5a51d58199/current/log_inprogress_0
2023-05-31 22:57:51,351 [cdb52bc9-5e07-4eca-b7fa-f50f992e3122@group-738462BA642F-FollowerState] INFO  impl.FollowerState (FollowerState.java:run(143)) - cdb52bc9-5e07-4eca-b7fa-f50f992e3122@group-738462BA642F-FollowerState: change to CANDIDATE, lastRpcElapsedTime:10671310345ns, electionTimeout:5076ms
2023-05-31 22:57:51,352 [cdb52bc9-5e07-4eca-b7fa-f50f992e3122@group-738462BA642F-FollowerState] INFO  impl.RoleInfo (RoleInfo.java:shutdownFollowerState(110)) - cdb52bc9-5e07-4eca-b7fa-f50f992e3122: shutdown cdb52bc9-5e07-4eca-b7fa-f50f992e3122@group-738462BA642F-FollowerState
2023-05-31 22:57:51,352 [cdb52bc9-5e07-4eca-b7fa-f50f992e3122@group-738462BA642F-FollowerState] INFO  server.RaftServer$Division (RaftServerImpl.java:setRole(329)) - cdb52bc9-5e07-4eca-b7fa-f50f992e3122@group-738462BA642F: changes role from  FOLLOWER to CANDIDATE at term 0 for changeToCandidate
2023-05-31 22:57:51,352 [cdb52bc9-5e07-4eca-b7fa-f50f992e3122@group-738462BA642F-FollowerState] INFO  server.RaftServerConfigKeys (ConfUtils.java:logGet(46)) - raft.server.leaderelection.pre-vote = true (default)
2023-05-31 22:57:51,352 [cdb52bc9-5e07-4eca-b7fa-f50f992e3122@group-738462BA642F-FollowerState] INFO  impl.RoleInfo (RoleInfo.java:updateAndGet(139)) - cdb52bc9-5e07-4eca-b7fa-f50f992e3122: start cdb52bc9-5e07-4eca-b7fa-f50f992e3122@group-738462BA642F-LeaderElection27
2023-05-31 22:57:51,355 [cdb52bc9-5e07-4eca-b7fa-f50f992e3122@group-738462BA642F-LeaderElection27] INFO  impl.LeaderElection (LeaderElection.java:askForVotes(321)) - cdb52bc9-5e07-4eca-b7fa-f50f992e3122@group-738462BA642F-LeaderElection27 PRE_VOTE round 0: submit vote requests at term 0 for -1: peers:[cdb52bc9-5e07-4eca-b7fa-f50f992e3122|rpc:10.1.0.15:15032|admin:10.1.0.15:15031|client:10.1.0.15:15030|dataStream:10.1.0.15:15033|priority:1|startupRole:FOLLOWER]|listeners:[], old=null
2023-05-31 22:57:51,355 [cdb52bc9-5e07-4eca-b7fa-f50f992e3122@group-738462BA642F-LeaderElection27] INFO  impl.LeaderElection (LeaderElection.java:askForVotes(323)) - cdb52bc9-5e07-4eca-b7fa-f50f992e3122@group-738462BA642F-LeaderElection27 PRE_VOTE round 0: result PASSED (term=0)
2023-05-31 22:57:51,357 [cdb52bc9-5e07-4eca-b7fa-f50f992e3122@group-738462BA642F-LeaderElection27] INFO  impl.LeaderElection (LeaderElection.java:askForVotes(321)) - cdb52bc9-5e07-4eca-b7fa-f50f992e3122@group-738462BA642F-LeaderElection27 ELECTION round 0: submit vote requests at term 1 for -1: peers:[cdb52bc9-5e07-4eca-b7fa-f50f992e3122|rpc:10.1.0.15:15032|admin:10.1.0.15:15031|client:10.1.0.15:15030|dataStream:10.1.0.15:15033|priority:1|startupRole:FOLLOWER]|listeners:[], old=null
2023-05-31 22:57:51,357 [cdb52bc9-5e07-4eca-b7fa-f50f992e3122@group-738462BA642F-LeaderElection27] INFO  impl.LeaderElection (LeaderElection.java:askForVotes(323)) - cdb52bc9-5e07-4eca-b7fa-f50f992e3122@group-738462BA642F-LeaderElection27 ELECTION round 0: result PASSED (term=1)
2023-05-31 22:57:51,357 [cdb52bc9-5e07-4eca-b7fa-f50f992e3122@group-738462BA642F-LeaderElection27] INFO  impl.RoleInfo (RoleInfo.java:shutdownLeaderElection(130)) - cdb52bc9-5e07-4eca-b7fa-f50f992e3122: shutdown cdb52bc9-5e07-4eca-b7fa-f50f992e3122@group-738462BA642F-LeaderElection27
2023-05-31 22:57:51,357 [cdb52bc9-5e07-4eca-b7fa-f50f992e3122@group-738462BA642F-LeaderElection27] INFO  server.RaftServer$Division (RaftServerImpl.java:setRole(329)) - cdb52bc9-5e07-4eca-b7fa-f50f992e3122@group-738462BA642F: changes role from CANDIDATE to LEADER at term 1 for changeToLeader
2023-05-31 22:57:51,357 [cdb52bc9-5e07-4eca-b7fa-f50f992e3122@group-738462BA642F-LeaderElection27] INFO  ratis.XceiverServerRatis (XceiverServerRatis.java:handleLeaderChangedNotification(902)) - Leader change notification received for group: group-738462BA642F with new leaderId: cdb52bc9-5e07-4eca-b7fa-f50f992e3122
2023-05-31 22:57:51,358 [cdb52bc9-5e07-4eca-b7fa-f50f992e3122@group-738462BA642F-LeaderElection27] INFO  server.RaftServer$Division (ServerState.java:setLeader(317)) - cdb52bc9-5e07-4eca-b7fa-f50f992e3122@group-738462BA642F: change Leader from null to cdb52bc9-5e07-4eca-b7fa-f50f992e3122 at term 1 for becomeLeader, leader elected after 10708ms
2023-05-31 22:57:51,358 [cdb52bc9-5e07-4eca-b7fa-f50f992e3122@group-738462BA642F-LeaderElection27] INFO  server.RaftServerConfigKeys (ConfUtils.java:logGet(46)) - raft.server.staging.catchup.gap = 1000 (default)
2023-05-31 22:57:51,358 [cdb52bc9-5e07-4eca-b7fa-f50f992e3122@group-738462BA642F-LeaderElection27] INFO  server.RaftServerConfigKeys (ConfUtils.java:logGet(46)) - raft.server.write.element-limit = 1024 (custom)
2023-05-31 22:57:51,358 [cdb52bc9-5e07-4eca-b7fa-f50f992e3122@group-738462BA642F-LeaderElection27] INFO  server.RaftServerConfigKeys (ConfUtils.java:logGet(46)) - raft.server.write.byte-limit = 1024 M (=1073741824) (custom)
2023-05-31 22:57:51,359 [cdb52bc9-5e07-4eca-b7fa-f50f992e3122@group-738462BA642F-LeaderElection27] INFO  server.RaftServerConfigKeys (ConfUtils.java:logGet(46)) - raft.server.watch.timeout = 180s (custom)
2023-05-31 22:57:51,359 [cdb52bc9-5e07-4eca-b7fa-f50f992e3122@group-738462BA642F-LeaderElection27] INFO  server.RaftServerConfigKeys (ConfUtils.java:logGet(46)) - raft.server.watch.timeout.denomination = 1s (default)
2023-05-31 22:57:51,359 [cdb52bc9-5e07-4eca-b7fa-f50f992e3122@group-738462BA642F-LeaderElection27] INFO  server.RaftServerConfigKeys (ConfUtils.java:logGet(46)) - raft.server.watch.element-limit = 65536 (default)
2023-05-31 22:57:51,359 [cdb52bc9-5e07-4eca-b7fa-f50f992e3122@group-738462BA642F-LeaderElection27] INFO  server.RaftServerConfigKeys (ConfUtils.java:logGet(46)) - raft.server.write.element-limit = 1024 (custom)
2023-05-31 22:57:51,359 [cdb52bc9-5e07-4eca-b7fa-f50f992e3122@group-738462BA642F-LeaderElection27] INFO  server.RaftServerConfigKeys (ConfUtils.java:logGet(46)) - raft.server.write.follower.gap.ratio.max = -1.0 (default)
2023-05-31 22:57:51,360 [cdb52bc9-5e07-4eca-b7fa-f50f992e3122@group-738462BA642F-LeaderElection27] INFO  impl.RoleInfo (RoleInfo.java:updateAndGet(139)) - cdb52bc9-5e07-4eca-b7fa-f50f992e3122: start cdb52bc9-5e07-4eca-b7fa-f50f992e3122@group-738462BA642F-LeaderStateImpl
2023-05-31 22:57:51,360 [cdb52bc9-5e07-4eca-b7fa-f50f992e3122@group-738462BA642F-LeaderElection27] INFO  segmented.SegmentedRaftLogWorker (SegmentedRaftLogWorker.java:startLogSegment(447)) - cdb52bc9-5e07-4eca-b7fa-f50f992e3122@group-738462BA642F-SegmentedRaftLogWorker: Starting segment from index:0
2023-05-31 22:57:51,360 [cdb52bc9-5e07-4eca-b7fa-f50f992e3122@group-738462BA642F-LeaderElection27] INFO  server.RaftServer$Division (ServerState.java:setRaftConf(434)) - cdb52bc9-5e07-4eca-b7fa-f50f992e3122@group-738462BA642F: set configuration 0: peers:[cdb52bc9-5e07-4eca-b7fa-f50f992e3122|rpc:10.1.0.15:15032|admin:10.1.0.15:15031|client:10.1.0.15:15030|dataStream:10.1.0.15:15033|priority:1|startupRole:FOLLOWER]|listeners:[], old=null
2023-05-31 22:57:51,361 [cdb52bc9-5e07-4eca-b7fa-f50f992e3122@group-738462BA642F-SegmentedRaftLogWorker] INFO  segmented.SegmentedRaftLogWorker (SegmentedRaftLogWorker.java:execute(651)) - cdb52bc9-5e07-4eca-b7fa-f50f992e3122@group-738462BA642F-SegmentedRaftLogWorker: created new log segment /home/runner/work/ozone/ozone/hadoop-ozone/integration-test/target/test-dir/MiniOzoneClusterImpl-816a41a7-5c89-4e8c-81ba-db0c8b26fb2d/datanode-2/data/ratis/8a901e90-b0e5-4f8c-b645-738462ba642f/current/log_inprogress_0
2023-05-31 22:57:51,439 [697d5b73-3ed9-4d18-b9d9-ca13a08090ac@group-AD78EE493E03-FollowerState] INFO  impl.FollowerState (FollowerState.java:run(143)) - 697d5b73-3ed9-4d18-b9d9-ca13a08090ac@group-AD78EE493E03-FollowerState: change to CANDIDATE, lastRpcElapsedTime:10572368034ns, electionTimeout:5168ms
2023-05-31 22:57:51,439 [697d5b73-3ed9-4d18-b9d9-ca13a08090ac@group-AD78EE493E03-FollowerState] INFO  impl.RoleInfo (RoleInfo.java:shutdownFollowerState(110)) - 697d5b73-3ed9-4d18-b9d9-ca13a08090ac: shutdown 697d5b73-3ed9-4d18-b9d9-ca13a08090ac@group-AD78EE493E03-FollowerState
2023-05-31 22:57:51,439 [697d5b73-3ed9-4d18-b9d9-ca13a08090ac@group-AD78EE493E03-FollowerState] INFO  server.RaftServer$Division (RaftServerImpl.java:setRole(329)) - 697d5b73-3ed9-4d18-b9d9-ca13a08090ac@group-AD78EE493E03: changes role from  FOLLOWER to CANDIDATE at term 0 for changeToCandidate
2023-05-31 22:57:51,440 [697d5b73-3ed9-4d18-b9d9-ca13a08090ac@group-AD78EE493E03-FollowerState] INFO  server.RaftServerConfigKeys (ConfUtils.java:logGet(46)) - raft.server.leaderelection.pre-vote = true (default)
2023-05-31 22:57:51,440 [697d5b73-3ed9-4d18-b9d9-ca13a08090ac@group-AD78EE493E03-FollowerState] INFO  impl.RoleInfo (RoleInfo.java:updateAndGet(139)) - 697d5b73-3ed9-4d18-b9d9-ca13a08090ac: start 697d5b73-3ed9-4d18-b9d9-ca13a08090ac@group-AD78EE493E03-LeaderElection28
2023-05-31 22:57:51,442 [9a93b867-0c49-44e3-a75c-2e530498b118@group-AD78EE493E03-FollowerState] INFO  impl.FollowerState (FollowerState.java:run(143)) - 9a93b867-0c49-44e3-a75c-2e530498b118@group-AD78EE493E03-FollowerState: change to CANDIDATE, lastRpcElapsedTime:10517737195ns, electionTimeout:5171ms
2023-05-31 22:57:51,442 [697d5b73-3ed9-4d18-b9d9-ca13a08090ac@group-AD78EE493E03-LeaderElection28] INFO  impl.LeaderElection (LeaderElection.java:askForVotes(321)) - 697d5b73-3ed9-4d18-b9d9-ca13a08090ac@group-AD78EE493E03-LeaderElection28 PRE_VOTE round 0: submit vote requests at term 0 for -1: peers:[cdb52bc9-5e07-4eca-b7fa-f50f992e3122|rpc:10.1.0.15:15032|admin:10.1.0.15:15031|client:10.1.0.15:15030|dataStream:10.1.0.15:15033|priority:1|startupRole:FOLLOWER, 697d5b73-3ed9-4d18-b9d9-ca13a08090ac|rpc:10.1.0.15:15023|admin:10.1.0.15:15022|client:10.1.0.15:15021|dataStream:10.1.0.15:15024|priority:0|startupRole:FOLLOWER, 9a93b867-0c49-44e3-a75c-2e530498b118|rpc:10.1.0.15:15014|admin:10.1.0.15:15013|client:10.1.0.15:15012|dataStream:10.1.0.15:15015|priority:0|startupRole:FOLLOWER]|listeners:[], old=null
2023-05-31 22:57:51,443 [9a93b867-0c49-44e3-a75c-2e530498b118@group-AD78EE493E03-FollowerState] INFO  impl.RoleInfo (RoleInfo.java:shutdownFollowerState(110)) - 9a93b867-0c49-44e3-a75c-2e530498b118: shutdown 9a93b867-0c49-44e3-a75c-2e530498b118@group-AD78EE493E03-FollowerState
2023-05-31 22:57:51,443 [9a93b867-0c49-44e3-a75c-2e530498b118@group-AD78EE493E03-FollowerState] INFO  server.RaftServer$Division (RaftServerImpl.java:setRole(329)) - 9a93b867-0c49-44e3-a75c-2e530498b118@group-AD78EE493E03: changes role from  FOLLOWER to CANDIDATE at term 0 for changeToCandidate
2023-05-31 22:57:51,443 [9a93b867-0c49-44e3-a75c-2e530498b118@group-AD78EE493E03-FollowerState] INFO  server.RaftServerConfigKeys (ConfUtils.java:logGet(46)) - raft.server.leaderelection.pre-vote = true (default)
2023-05-31 22:57:51,443 [9a93b867-0c49-44e3-a75c-2e530498b118@group-AD78EE493E03-FollowerState] INFO  impl.RoleInfo (RoleInfo.java:updateAndGet(139)) - 9a93b867-0c49-44e3-a75c-2e530498b118: start 9a93b867-0c49-44e3-a75c-2e530498b118@group-AD78EE493E03-LeaderElection29
2023-05-31 22:57:51,450 [cdb52bc9-5e07-4eca-b7fa-f50f992e3122@group-AD78EE493E03-FollowerState] INFO  impl.FollowerState (FollowerState.java:run(143)) - cdb52bc9-5e07-4eca-b7fa-f50f992e3122@group-AD78EE493E03-FollowerState: change to CANDIDATE, lastRpcElapsedTime:10695429196ns, electionTimeout:5174ms
2023-05-31 22:57:51,450 [f4bcbbae-f69c-492d-a431-822e5a7eea0c@group-ED678A985932-FollowerState] INFO  impl.FollowerState (FollowerState.java:run(143)) - f4bcbbae-f69c-492d-a431-822e5a7eea0c@group-ED678A985932-FollowerState: change to CANDIDATE, lastRpcElapsedTime:5081897431ns, electionTimeout:5072ms
2023-05-31 22:57:51,450 [9a93b867-0c49-44e3-a75c-2e530498b118@group-AD78EE493E03-LeaderElection29] INFO  impl.LeaderElection (LeaderElection.java:askForVotes(321)) - 9a93b867-0c49-44e3-a75c-2e530498b118@group-AD78EE493E03-LeaderElection29 PRE_VOTE round 0: submit vote requests at term 0 for -1: peers:[cdb52bc9-5e07-4eca-b7fa-f50f992e3122|rpc:10.1.0.15:15032|admin:10.1.0.15:15031|client:10.1.0.15:15030|dataStream:10.1.0.15:15033|priority:1|startupRole:FOLLOWER, 697d5b73-3ed9-4d18-b9d9-ca13a08090ac|rpc:10.1.0.15:15023|admin:10.1.0.15:15022|client:10.1.0.15:15021|dataStream:10.1.0.15:15024|priority:0|startupRole:FOLLOWER, 9a93b867-0c49-44e3-a75c-2e530498b118|rpc:10.1.0.15:15014|admin:10.1.0.15:15013|client:10.1.0.15:15012|dataStream:10.1.0.15:15015|priority:0|startupRole:FOLLOWER]|listeners:[], old=null
2023-05-31 22:57:51,450 [cdb52bc9-5e07-4eca-b7fa-f50f992e3122@group-AD78EE493E03-FollowerState] INFO  impl.RoleInfo (RoleInfo.java:shutdownFollowerState(110)) - cdb52bc9-5e07-4eca-b7fa-f50f992e3122: shutdown cdb52bc9-5e07-4eca-b7fa-f50f992e3122@group-AD78EE493E03-FollowerState
2023-05-31 22:57:51,450 [f4bcbbae-f69c-492d-a431-822e5a7eea0c@group-ED678A985932-FollowerState] INFO  impl.RoleInfo (RoleInfo.java:shutdownFollowerState(110)) - f4bcbbae-f69c-492d-a431-822e5a7eea0c: shutdown f4bcbbae-f69c-492d-a431-822e5a7eea0c@group-ED678A985932-FollowerState
2023-05-31 22:57:51,451 [cdb52bc9-5e07-4eca-b7fa-f50f992e3122@group-AD78EE493E03-FollowerState] INFO  server.RaftServer$Division (RaftServerImpl.java:setRole(329)) - cdb52bc9-5e07-4eca-b7fa-f50f992e3122@group-AD78EE493E03: changes role from  FOLLOWER to CANDIDATE at term 0 for changeToCandidate
2023-05-31 22:57:51,451 [f4bcbbae-f69c-492d-a431-822e5a7eea0c@group-ED678A985932-FollowerState] INFO  server.RaftServer$Division (RaftServerImpl.java:setRole(329)) - f4bcbbae-f69c-492d-a431-822e5a7eea0c@group-ED678A985932: changes role from  FOLLOWER to CANDIDATE at term 0 for changeToCandidate
2023-05-31 22:57:51,451 [697d5b73-3ed9-4d18-b9d9-ca13a08090ac@group-AD78EE493E03-LeaderElection28-1] INFO  server.GrpcServerProtocolClient (GrpcServerProtocolClient.java:<init>(65)) - Build channel for cdb52bc9-5e07-4eca-b7fa-f50f992e3122
2023-05-31 22:57:51,457 [grpc-default-executor-8] INFO  server.RaftServer$Division (RaftServerImpl.java:requestVote(1302)) - cdb52bc9-5e07-4eca-b7fa-f50f992e3122@group-AD78EE493E03: receive requestVote(PRE_VOTE, 9a93b867-0c49-44e3-a75c-2e530498b118, group-AD78EE493E03, 0, (t:0, i:0))
2023-05-31 22:57:51,458 [9a93b867-0c49-44e3-a75c-2e530498b118@group-AD78EE493E03-LeaderElection29] INFO  server.RaftServerConfigKeys (ConfUtils.java:logFallback(53)) - raft.server.rpc.first-election.timeout.min = 5s (fallback to raft.server.rpc.timeout.min)
2023-05-31 22:57:51,458 [9a93b867-0c49-44e3-a75c-2e530498b118@group-AD78EE493E03-LeaderElection29] INFO  server.RaftServerConfigKeys (ConfUtils.java:logFallback(53)) - raft.server.rpc.first-election.timeout.max = 5200ms (fallback to raft.server.rpc.timeout.max)
2023-05-31 22:57:51,461 [grpc-default-executor-3] INFO  server.RaftServer$Division (RaftServerImpl.java:requestVote(1302)) - 697d5b73-3ed9-4d18-b9d9-ca13a08090ac@group-AD78EE493E03: receive requestVote(PRE_VOTE, 9a93b867-0c49-44e3-a75c-2e530498b118, group-AD78EE493E03, 0, (t:0, i:0))
2023-05-31 22:57:51,461 [grpc-default-executor-3] INFO  impl.VoteContext (VoteContext.java:log(49)) - 697d5b73-3ed9-4d18-b9d9-ca13a08090ac@group-AD78EE493E03-CANDIDATE: accept PRE_VOTE from 9a93b867-0c49-44e3-a75c-2e530498b118: our priority 0 <= candidate's priority 0
2023-05-31 22:57:51,461 [grpc-default-executor-3] INFO  server.RaftServer$Division (RaftServerImpl.java:requestVote(1335)) - 697d5b73-3ed9-4d18-b9d9-ca13a08090ac@group-AD78EE493E03 replies to PRE_VOTE vote request: 9a93b867-0c49-44e3-a75c-2e530498b118<-697d5b73-3ed9-4d18-b9d9-ca13a08090ac#0:OK-t0. Peer's state: 697d5b73-3ed9-4d18-b9d9-ca13a08090ac@group-AD78EE493E03:t0, leader=null, voted=, raftlog=Memoized:697d5b73-3ed9-4d18-b9d9-ca13a08090ac@group-AD78EE493E03-SegmentedRaftLog:OPENED:c-1, conf=-1: peers:[cdb52bc9-5e07-4eca-b7fa-f50f992e3122|rpc:10.1.0.15:15032|admin:10.1.0.15:15031|client:10.1.0.15:15030|dataStream:10.1.0.15:15033|priority:1|startupRole:FOLLOWER, 697d5b73-3ed9-4d18-b9d9-ca13a08090ac|rpc:10.1.0.15:15023|admin:10.1.0.15:15022|client:10.1.0.15:15021|dataStream:10.1.0.15:15024|priority:0|startupRole:FOLLOWER, 9a93b867-0c49-44e3-a75c-2e530498b118|rpc:10.1.0.15:15014|admin:10.1.0.15:15013|client:10.1.0.15:15012|dataStream:10.1.0.15:15015|priority:0|startupRole:FOLLOWER]|listeners:[], old=null
2023-05-31 22:57:51,462 [697d5b73-3ed9-4d18-b9d9-ca13a08090ac@group-AD78EE493E03-LeaderElection28] INFO  server.RaftServerConfigKeys (ConfUtils.java:logFallback(53)) - raft.server.rpc.first-election.timeout.min = 5s (fallback to raft.server.rpc.timeout.min)
2023-05-31 22:57:51,462 [697d5b73-3ed9-4d18-b9d9-ca13a08090ac@group-AD78EE493E03-LeaderElection28] INFO  server.RaftServerConfigKeys (ConfUtils.java:logFallback(53)) - raft.server.rpc.first-election.timeout.max = 5200ms (fallback to raft.server.rpc.timeout.max)
2023-05-31 22:57:51,462 [f4bcbbae-f69c-492d-a431-822e5a7eea0c@group-ED678A985932-FollowerState] INFO  server.RaftServerConfigKeys (ConfUtils.java:logGet(46)) - raft.server.leaderelection.pre-vote = true (default)
2023-05-31 22:57:51,462 [f4bcbbae-f69c-492d-a431-822e5a7eea0c@group-ED678A985932-FollowerState] INFO  impl.RoleInfo (RoleInfo.java:updateAndGet(139)) - f4bcbbae-f69c-492d-a431-822e5a7eea0c: start f4bcbbae-f69c-492d-a431-822e5a7eea0c@group-ED678A985932-LeaderElection31
2023-05-31 22:57:51,463 [697d5b73-3ed9-4d18-b9d9-ca13a08090ac@group-AD78EE493E03-LeaderElection28-2] INFO  server.GrpcServerProtocolClient (GrpcServerProtocolClient.java:<init>(65)) - Build channel for 9a93b867-0c49-44e3-a75c-2e530498b118
2023-05-31 22:57:51,469 [grpc-default-executor-6] INFO  server.RaftServer$Division (RaftServerImpl.java:requestVote(1302)) - cdb52bc9-5e07-4eca-b7fa-f50f992e3122@group-AD78EE493E03: receive requestVote(PRE_VOTE, 697d5b73-3ed9-4d18-b9d9-ca13a08090ac, group-AD78EE493E03, 0, (t:0, i:0))
2023-05-31 22:57:51,469 [cdb52bc9-5e07-4eca-b7fa-f50f992e3122@group-AD78EE493E03-FollowerState] INFO  server.RaftServerConfigKeys (ConfUtils.java:logGet(46)) - raft.server.leaderelection.pre-vote = true (default)
2023-05-31 22:57:51,469 [cdb52bc9-5e07-4eca-b7fa-f50f992e3122@group-AD78EE493E03-FollowerState] INFO  impl.RoleInfo (RoleInfo.java:updateAndGet(139)) - cdb52bc9-5e07-4eca-b7fa-f50f992e3122: start cdb52bc9-5e07-4eca-b7fa-f50f992e3122@group-AD78EE493E03-LeaderElection30
2023-05-31 22:57:51,469 [f4bcbbae-f69c-492d-a431-822e5a7eea0c@group-ED678A985932-LeaderElection31] INFO  impl.LeaderElection (LeaderElection.java:askForVotes(321)) - f4bcbbae-f69c-492d-a431-822e5a7eea0c@group-ED678A985932-LeaderElection31 PRE_VOTE round 0: submit vote requests at term 0 for -1: peers:[f4bcbbae-f69c-492d-a431-822e5a7eea0c|rpc:10.1.0.15:15131|admin:10.1.0.15:15130|client:10.1.0.15:15129|dataStream:10.1.0.15:15132|priority:1|startupRole:FOLLOWER]|listeners:[], old=null
2023-05-31 22:57:51,469 [f4bcbbae-f69c-492d-a431-822e5a7eea0c@group-ED678A985932-LeaderElection31] INFO  impl.LeaderElection (LeaderElection.java:askForVotes(323)) - f4bcbbae-f69c-492d-a431-822e5a7eea0c@group-ED678A985932-LeaderElection31 PRE_VOTE round 0: result PASSED (term=0)
2023-05-31 22:57:51,471 [grpc-default-executor-6] INFO  impl.VoteContext (VoteContext.java:log(49)) - cdb52bc9-5e07-4eca-b7fa-f50f992e3122@group-AD78EE493E03-CANDIDATE: reject PRE_VOTE from 697d5b73-3ed9-4d18-b9d9-ca13a08090ac: our priority 1 > candidate's priority 0
2023-05-31 22:57:51,471 [grpc-default-executor-6] INFO  server.RaftServer$Division (RaftServerImpl.java:requestVote(1335)) - cdb52bc9-5e07-4eca-b7fa-f50f992e3122@group-AD78EE493E03 replies to PRE_VOTE vote request: 697d5b73-3ed9-4d18-b9d9-ca13a08090ac<-cdb52bc9-5e07-4eca-b7fa-f50f992e3122#0:FAIL-t0. Peer's state: cdb52bc9-5e07-4eca-b7fa-f50f992e3122@group-AD78EE493E03:t0, leader=null, voted=, raftlog=Memoized:cdb52bc9-5e07-4eca-b7fa-f50f992e3122@group-AD78EE493E03-SegmentedRaftLog:OPENED:c-1, conf=-1: peers:[cdb52bc9-5e07-4eca-b7fa-f50f992e3122|rpc:10.1.0.15:15032|admin:10.1.0.15:15031|client:10.1.0.15:15030|dataStream:10.1.0.15:15033|priority:1|startupRole:FOLLOWER, 697d5b73-3ed9-4d18-b9d9-ca13a08090ac|rpc:10.1.0.15:15023|admin:10.1.0.15:15022|client:10.1.0.15:15021|dataStream:10.1.0.15:15024|priority:0|startupRole:FOLLOWER, 9a93b867-0c49-44e3-a75c-2e530498b118|rpc:10.1.0.15:15014|admin:10.1.0.15:15013|client:10.1.0.15:15012|dataStream:10.1.0.15:15015|priority:0|startupRole:FOLLOWER]|listeners:[], old=null
2023-05-31 22:57:51,472 [grpc-default-executor-8] INFO  impl.VoteContext (VoteContext.java:log(49)) - cdb52bc9-5e07-4eca-b7fa-f50f992e3122@group-AD78EE493E03-CANDIDATE: reject PRE_VOTE from 9a93b867-0c49-44e3-a75c-2e530498b118: our priority 1 > candidate's priority 0
2023-05-31 22:57:51,472 [grpc-default-executor-8] INFO  server.RaftServer$Division (RaftServerImpl.java:requestVote(1335)) - cdb52bc9-5e07-4eca-b7fa-f50f992e3122@group-AD78EE493E03 replies to PRE_VOTE vote request: 9a93b867-0c49-44e3-a75c-2e530498b118<-cdb52bc9-5e07-4eca-b7fa-f50f992e3122#0:FAIL-t0. Peer's state: cdb52bc9-5e07-4eca-b7fa-f50f992e3122@group-AD78EE493E03:t0, leader=null, voted=, raftlog=Memoized:cdb52bc9-5e07-4eca-b7fa-f50f992e3122@group-AD78EE493E03-SegmentedRaftLog:OPENED:c-1, conf=-1: peers:[cdb52bc9-5e07-4eca-b7fa-f50f992e3122|rpc:10.1.0.15:15032|admin:10.1.0.15:15031|client:10.1.0.15:15030|dataStream:10.1.0.15:15033|priority:1|startupRole:FOLLOWER, 697d5b73-3ed9-4d18-b9d9-ca13a08090ac|rpc:10.1.0.15:15023|admin:10.1.0.15:15022|client:10.1.0.15:15021|dataStream:10.1.0.15:15024|priority:0|startupRole:FOLLOWER, 9a93b867-0c49-44e3-a75c-2e530498b118|rpc:10.1.0.15:15014|admin:10.1.0.15:15013|client:10.1.0.15:15012|dataStream:10.1.0.15:15015|priority:0|startupRole:FOLLOWER]|listeners:[], old=null
2023-05-31 22:57:51,485 [9a93b867-0c49-44e3-a75c-2e530498b118@group-AD78EE493E03-LeaderElection29] INFO  impl.LeaderElection (LeaderElection.java:logAndReturn(90)) - 9a93b867-0c49-44e3-a75c-2e530498b118@group-AD78EE493E03-LeaderElection29: PRE_VOTE REJECTED received 2 response(s) and 0 exception(s):
2023-05-31 22:57:51,485 [f4bcbbae-f69c-492d-a431-822e5a7eea0c@group-ED678A985932-LeaderElection31] INFO  impl.LeaderElection (LeaderElection.java:askForVotes(321)) - f4bcbbae-f69c-492d-a431-822e5a7eea0c@group-ED678A985932-LeaderElection31 ELECTION round 0: submit vote requests at term 1 for -1: peers:[f4bcbbae-f69c-492d-a431-822e5a7eea0c|rpc:10.1.0.15:15131|admin:10.1.0.15:15130|client:10.1.0.15:15129|dataStream:10.1.0.15:15132|priority:1|startupRole:FOLLOWER]|listeners:[], old=null
2023-05-31 22:57:51,485 [f4bcbbae-f69c-492d-a431-822e5a7eea0c@group-ED678A985932-LeaderElection31] INFO  impl.LeaderElection (LeaderElection.java:askForVotes(323)) - f4bcbbae-f69c-492d-a431-822e5a7eea0c@group-ED678A985932-LeaderElection31 ELECTION round 0: result PASSED (term=1)
2023-05-31 22:57:51,485 [f4bcbbae-f69c-492d-a431-822e5a7eea0c@group-ED678A985932-LeaderElection31] INFO  impl.RoleInfo (RoleInfo.java:shutdownLeaderElection(130)) - f4bcbbae-f69c-492d-a431-822e5a7eea0c: shutdown f4bcbbae-f69c-492d-a431-822e5a7eea0c@group-ED678A985932-LeaderElection31
2023-05-31 22:57:51,486 [f4bcbbae-f69c-492d-a431-822e5a7eea0c@group-ED678A985932-LeaderElection31] INFO  server.RaftServer$Division (RaftServerImpl.java:setRole(329)) - f4bcbbae-f69c-492d-a431-822e5a7eea0c@group-ED678A985932: changes role from CANDIDATE to LEADER at term 1 for changeToLeader
2023-05-31 22:57:51,486 [f4bcbbae-f69c-492d-a431-822e5a7eea0c@group-ED678A985932-LeaderElection31] INFO  ratis.XceiverServerRatis (XceiverServerRatis.java:handleLeaderChangedNotification(902)) - Leader change notification received for group: group-ED678A985932 with new leaderId: f4bcbbae-f69c-492d-a431-822e5a7eea0c
2023-05-31 22:57:51,486 [f4bcbbae-f69c-492d-a431-822e5a7eea0c@group-ED678A985932-LeaderElection31] INFO  server.RaftServer$Division (ServerState.java:setLeader(317)) - f4bcbbae-f69c-492d-a431-822e5a7eea0c@group-ED678A985932: change Leader from null to f4bcbbae-f69c-492d-a431-822e5a7eea0c at term 1 for becomeLeader, leader elected after 5165ms
2023-05-31 22:57:51,486 [f4bcbbae-f69c-492d-a431-822e5a7eea0c@group-ED678A985932-LeaderElection31] INFO  server.RaftServerConfigKeys (ConfUtils.java:logGet(46)) - raft.server.staging.catchup.gap = 1000 (default)
2023-05-31 22:57:51,485 [9a93b867-0c49-44e3-a75c-2e530498b118@group-AD78EE493E03-LeaderElection29] INFO  impl.LeaderElection (LeaderElection.java:logAndReturn(94)) -   Response 0: 9a93b867-0c49-44e3-a75c-2e530498b118<-cdb52bc9-5e07-4eca-b7fa-f50f992e3122#0:FAIL-t0
2023-05-31 22:57:51,486 [f4bcbbae-f69c-492d-a431-822e5a7eea0c@group-ED678A985932-LeaderElection31] INFO  server.RaftServerConfigKeys (ConfUtils.java:logGet(46)) - raft.server.write.element-limit = 1024 (custom)
2023-05-31 22:57:51,486 [f4bcbbae-f69c-492d-a431-822e5a7eea0c@group-ED678A985932-LeaderElection31] INFO  server.RaftServerConfigKeys (ConfUtils.java:logGet(46)) - raft.server.write.byte-limit = 1024 M (=1073741824) (custom)
2023-05-31 22:57:51,486 [f4bcbbae-f69c-492d-a431-822e5a7eea0c@group-ED678A985932-LeaderElection31] INFO  server.RaftServerConfigKeys (ConfUtils.java:logGet(46)) - raft.server.watch.timeout = 180s (custom)
2023-05-31 22:57:51,487 [grpc-default-executor-6] INFO  server.RaftServer$Division (RaftServerImpl.java:requestVote(1302)) - 9a93b867-0c49-44e3-a75c-2e530498b118@group-AD78EE493E03: receive requestVote(PRE_VOTE, 697d5b73-3ed9-4d18-b9d9-ca13a08090ac, group-AD78EE493E03, 0, (t:0, i:0))
2023-05-31 22:57:51,487 [grpc-default-executor-6] INFO  impl.VoteContext (VoteContext.java:log(49)) - 9a93b867-0c49-44e3-a75c-2e530498b118@group-AD78EE493E03-CANDIDATE: accept PRE_VOTE from 697d5b73-3ed9-4d18-b9d9-ca13a08090ac: our priority 0 <= candidate's priority 0
2023-05-31 22:57:51,487 [grpc-default-executor-6] INFO  server.RaftServer$Division (RaftServerImpl.java:requestVote(1335)) - 9a93b867-0c49-44e3-a75c-2e530498b118@group-AD78EE493E03 replies to PRE_VOTE vote request: 697d5b73-3ed9-4d18-b9d9-ca13a08090ac<-9a93b867-0c49-44e3-a75c-2e530498b118#0:OK-t0. Peer's state: 9a93b867-0c49-44e3-a75c-2e530498b118@group-AD78EE493E03:t0, leader=null, voted=, raftlog=Memoized:9a93b867-0c49-44e3-a75c-2e530498b118@group-AD78EE493E03-SegmentedRaftLog:OPENED:c-1, conf=-1: peers:[cdb52bc9-5e07-4eca-b7fa-f50f992e3122|rpc:10.1.0.15:15032|admin:10.1.0.15:15031|client:10.1.0.15:15030|dataStream:10.1.0.15:15033|priority:1|startupRole:FOLLOWER, 697d5b73-3ed9-4d18-b9d9-ca13a08090ac|rpc:10.1.0.15:15023|admin:10.1.0.15:15022|client:10.1.0.15:15021|dataStream:10.1.0.15:15024|priority:0|startupRole:FOLLOWER, 9a93b867-0c49-44e3-a75c-2e530498b118|rpc:10.1.0.15:15014|admin:10.1.0.15:15013|client:10.1.0.15:15012|dataStream:10.1.0.15:15015|priority:0|startupRole:FOLLOWER]|listeners:[], old=null
2023-05-31 22:57:51,486 [9a93b867-0c49-44e3-a75c-2e530498b118@group-AD78EE493E03-LeaderElection29] INFO  impl.LeaderElection (LeaderElection.java:logAndReturn(94)) -   Response 1: 9a93b867-0c49-44e3-a75c-2e530498b118<-697d5b73-3ed9-4d18-b9d9-ca13a08090ac#0:OK-t0
2023-05-31 22:57:51,489 [9a93b867-0c49-44e3-a75c-2e530498b118@group-AD78EE493E03-LeaderElection29] INFO  impl.LeaderElection (LeaderElection.java:askForVotes(323)) - 9a93b867-0c49-44e3-a75c-2e530498b118@group-AD78EE493E03-LeaderElection29 PRE_VOTE round 0: result REJECTED
2023-05-31 22:57:51,489 [9a93b867-0c49-44e3-a75c-2e530498b118@group-AD78EE493E03-LeaderElection29] INFO  server.RaftServer$Division (RaftServerImpl.java:setRole(329)) - 9a93b867-0c49-44e3-a75c-2e530498b118@group-AD78EE493E03: changes role from CANDIDATE to FOLLOWER at term 0 for REJECTED
2023-05-31 22:57:51,489 [9a93b867-0c49-44e3-a75c-2e530498b118@group-AD78EE493E03-LeaderElection29] INFO  impl.RoleInfo (RoleInfo.java:shutdownLeaderElection(130)) - 9a93b867-0c49-44e3-a75c-2e530498b118: shutdown 9a93b867-0c49-44e3-a75c-2e530498b118@group-AD78EE493E03-LeaderElection29
2023-05-31 22:57:51,489 [9a93b867-0c49-44e3-a75c-2e530498b118@group-AD78EE493E03-LeaderElection29] INFO  impl.RoleInfo (RoleInfo.java:updateAndGet(139)) - 9a93b867-0c49-44e3-a75c-2e530498b118: start 9a93b867-0c49-44e3-a75c-2e530498b118@group-AD78EE493E03-FollowerState
2023-05-31 22:57:51,487 [f4bcbbae-f69c-492d-a431-822e5a7eea0c@group-ED678A985932-LeaderElection31] INFO  server.RaftServerConfigKeys (ConfUtils.java:logGet(46)) - raft.server.watch.timeout.denomination = 1s (default)
2023-05-31 22:57:51,490 [f4bcbbae-f69c-492d-a431-822e5a7eea0c@group-ED678A985932-LeaderElection31] INFO  server.RaftServerConfigKeys (ConfUtils.java:logGet(46)) - raft.server.watch.element-limit = 65536 (default)
2023-05-31 22:57:51,490 [f4bcbbae-f69c-492d-a431-822e5a7eea0c@group-ED678A985932-LeaderElection31] INFO  server.RaftServerConfigKeys (ConfUtils.java:logGet(46)) - raft.server.write.element-limit = 1024 (custom)
2023-05-31 22:57:51,490 [f4bcbbae-f69c-492d-a431-822e5a7eea0c@group-ED678A985932-LeaderElection31] INFO  server.RaftServerConfigKeys (ConfUtils.java:logGet(46)) - raft.server.write.follower.gap.ratio.max = -1.0 (default)
2023-05-31 22:57:51,490 [f4bcbbae-f69c-492d-a431-822e5a7eea0c@group-ED678A985932-LeaderElection31] INFO  impl.RoleInfo (RoleInfo.java:updateAndGet(139)) - f4bcbbae-f69c-492d-a431-822e5a7eea0c: start f4bcbbae-f69c-492d-a431-822e5a7eea0c@group-ED678A985932-LeaderStateImpl
2023-05-31 22:57:51,490 [f4bcbbae-f69c-492d-a431-822e5a7eea0c@group-ED678A985932-LeaderElection31] INFO  segmented.SegmentedRaftLogWorker (SegmentedRaftLogWorker.java:startLogSegment(447)) - f4bcbbae-f69c-492d-a431-822e5a7eea0c@group-ED678A985932-SegmentedRaftLogWorker: Starting segment from index:0
2023-05-31 22:57:51,493 [697d5b73-3ed9-4d18-b9d9-ca13a08090ac@group-AD78EE493E03-LeaderElection28] INFO  impl.LeaderElection (LeaderElection.java:logAndReturn(90)) - 697d5b73-3ed9-4d18-b9d9-ca13a08090ac@group-AD78EE493E03-LeaderElection28: PRE_VOTE REJECTED received 2 response(s) and 0 exception(s):
2023-05-31 22:57:51,493 [697d5b73-3ed9-4d18-b9d9-ca13a08090ac@group-AD78EE493E03-LeaderElection28] INFO  impl.LeaderElection (LeaderElection.java:logAndReturn(94)) -   Response 0: 697d5b73-3ed9-4d18-b9d9-ca13a08090ac<-cdb52bc9-5e07-4eca-b7fa-f50f992e3122#0:FAIL-t0
2023-05-31 22:57:51,493 [697d5b73-3ed9-4d18-b9d9-ca13a08090ac@group-AD78EE493E03-LeaderElection28] INFO  impl.LeaderElection (LeaderElection.java:logAndReturn(94)) -   Response 1: 697d5b73-3ed9-4d18-b9d9-ca13a08090ac<-9a93b867-0c49-44e3-a75c-2e530498b118#0:OK-t0
2023-05-31 22:57:51,493 [697d5b73-3ed9-4d18-b9d9-ca13a08090ac@group-AD78EE493E03-LeaderElection28] INFO  impl.LeaderElection (LeaderElection.java:askForVotes(323)) - 697d5b73-3ed9-4d18-b9d9-ca13a08090ac@group-AD78EE493E03-LeaderElection28 PRE_VOTE round 0: result REJECTED
2023-05-31 22:57:51,493 [697d5b73-3ed9-4d18-b9d9-ca13a08090ac@group-AD78EE493E03-LeaderElection28] INFO  server.RaftServer$Division (RaftServerImpl.java:setRole(329)) - 697d5b73-3ed9-4d18-b9d9-ca13a08090ac@group-AD78EE493E03: changes role from CANDIDATE to FOLLOWER at term 0 for REJECTED
2023-05-31 22:57:51,493 [697d5b73-3ed9-4d18-b9d9-ca13a08090ac@group-AD78EE493E03-LeaderElection28] INFO  impl.RoleInfo (RoleInfo.java:shutdownLeaderElection(130)) - 697d5b73-3ed9-4d18-b9d9-ca13a08090ac: shutdown 697d5b73-3ed9-4d18-b9d9-ca13a08090ac@group-AD78EE493E03-LeaderElection28
2023-05-31 22:57:51,493 [697d5b73-3ed9-4d18-b9d9-ca13a08090ac@group-AD78EE493E03-LeaderElection28] INFO  impl.RoleInfo (RoleInfo.java:updateAndGet(139)) - 697d5b73-3ed9-4d18-b9d9-ca13a08090ac: start 697d5b73-3ed9-4d18-b9d9-ca13a08090ac@group-AD78EE493E03-FollowerState
2023-05-31 22:57:51,494 [f4bcbbae-f69c-492d-a431-822e5a7eea0c@group-ED678A985932-LeaderElection31] INFO  server.RaftServer$Division (ServerState.java:setRaftConf(434)) - f4bcbbae-f69c-492d-a431-822e5a7eea0c@group-ED678A985932: set configuration 0: peers:[f4bcbbae-f69c-492d-a431-822e5a7eea0c|rpc:10.1.0.15:15131|admin:10.1.0.15:15130|client:10.1.0.15:15129|dataStream:10.1.0.15:15132|priority:1|startupRole:FOLLOWER]|listeners:[], old=null
2023-05-31 22:57:51,496 [f4bcbbae-f69c-492d-a431-822e5a7eea0c@group-ED678A985932-SegmentedRaftLogWorker] INFO  segmented.SegmentedRaftLogWorker (SegmentedRaftLogWorker.java:execute(651)) - f4bcbbae-f69c-492d-a431-822e5a7eea0c@group-ED678A985932-SegmentedRaftLogWorker: created new log segment /home/runner/work/ozone/ozone/hadoop-ozone/integration-test/target/test-dir/MiniOzoneClusterImpl-816a41a7-5c89-4e8c-81ba-db0c8b26fb2d/datanode-13/data/ratis/9f1dcde3-b472-4076-9941-ed678a985932/current/log_inprogress_0
2023-05-31 22:57:51,498 [cdb52bc9-5e07-4eca-b7fa-f50f992e3122@group-AD78EE493E03-LeaderElection30] INFO  impl.LeaderElection (LeaderElection.java:askForVotes(321)) - cdb52bc9-5e07-4eca-b7fa-f50f992e3122@group-AD78EE493E03-LeaderElection30 PRE_VOTE round 0: submit vote requests at term 0 for -1: peers:[cdb52bc9-5e07-4eca-b7fa-f50f992e3122|rpc:10.1.0.15:15032|admin:10.1.0.15:15031|client:10.1.0.15:15030|dataStream:10.1.0.15:15033|priority:1|startupRole:FOLLOWER, 697d5b73-3ed9-4d18-b9d9-ca13a08090ac|rpc:10.1.0.15:15023|admin:10.1.0.15:15022|client:10.1.0.15:15021|dataStream:10.1.0.15:15024|priority:0|startupRole:FOLLOWER, 9a93b867-0c49-44e3-a75c-2e530498b118|rpc:10.1.0.15:15014|admin:10.1.0.15:15013|client:10.1.0.15:15012|dataStream:10.1.0.15:15015|priority:0|startupRole:FOLLOWER]|listeners:[], old=null
2023-05-31 22:57:51,500 [cdb52bc9-5e07-4eca-b7fa-f50f992e3122@group-AD78EE493E03-LeaderElection30-1] INFO  server.GrpcServerProtocolClient (GrpcServerProtocolClient.java:<init>(65)) - Build channel for 697d5b73-3ed9-4d18-b9d9-ca13a08090ac
2023-05-31 22:57:51,504 [cdb52bc9-5e07-4eca-b7fa-f50f992e3122@group-AD78EE493E03-LeaderElection30] INFO  server.RaftServerConfigKeys (ConfUtils.java:logFallback(53)) - raft.server.rpc.first-election.timeout.min = 5s (fallback to raft.server.rpc.timeout.min)
2023-05-31 22:57:51,504 [cdb52bc9-5e07-4eca-b7fa-f50f992e3122@group-AD78EE493E03-LeaderElection30] INFO  server.RaftServerConfigKeys (ConfUtils.java:logFallback(53)) - raft.server.rpc.first-election.timeout.max = 5200ms (fallback to raft.server.rpc.timeout.max)
2023-05-31 22:57:51,508 [cdb52bc9-5e07-4eca-b7fa-f50f992e3122@group-AD78EE493E03-LeaderElection30-2] INFO  server.GrpcServerProtocolClient (GrpcServerProtocolClient.java:<init>(65)) - Build channel for 9a93b867-0c49-44e3-a75c-2e530498b118
2023-05-31 22:57:51,512 [grpc-default-executor-3] INFO  server.RaftServer$Division (RaftServerImpl.java:requestVote(1302)) - 697d5b73-3ed9-4d18-b9d9-ca13a08090ac@group-AD78EE493E03: receive requestVote(PRE_VOTE, cdb52bc9-5e07-4eca-b7fa-f50f992e3122, group-AD78EE493E03, 0, (t:0, i:0))
2023-05-31 22:57:51,512 [grpc-default-executor-3] INFO  impl.VoteContext (VoteContext.java:log(49)) - 697d5b73-3ed9-4d18-b9d9-ca13a08090ac@group-AD78EE493E03-FOLLOWER: accept PRE_VOTE from cdb52bc9-5e07-4eca-b7fa-f50f992e3122: our priority 0 <= candidate's priority 1
2023-05-31 22:57:51,512 [grpc-default-executor-3] INFO  server.RaftServer$Division (RaftServerImpl.java:requestVote(1335)) - 697d5b73-3ed9-4d18-b9d9-ca13a08090ac@group-AD78EE493E03 replies to PRE_VOTE vote request: cdb52bc9-5e07-4eca-b7fa-f50f992e3122<-697d5b73-3ed9-4d18-b9d9-ca13a08090ac#0:OK-t0. Peer's state: 697d5b73-3ed9-4d18-b9d9-ca13a08090ac@group-AD78EE493E03:t0, leader=null, voted=, raftlog=Memoized:697d5b73-3ed9-4d18-b9d9-ca13a08090ac@group-AD78EE493E03-SegmentedRaftLog:OPENED:c-1, conf=-1: peers:[cdb52bc9-5e07-4eca-b7fa-f50f992e3122|rpc:10.1.0.15:15032|admin:10.1.0.15:15031|client:10.1.0.15:15030|dataStream:10.1.0.15:15033|priority:1|startupRole:FOLLOWER, 697d5b73-3ed9-4d18-b9d9-ca13a08090ac|rpc:10.1.0.15:15023|admin:10.1.0.15:15022|client:10.1.0.15:15021|dataStream:10.1.0.15:15024|priority:0|startupRole:FOLLOWER, 9a93b867-0c49-44e3-a75c-2e530498b118|rpc:10.1.0.15:15014|admin:10.1.0.15:15013|client:10.1.0.15:15012|dataStream:10.1.0.15:15015|priority:0|startupRole:FOLLOWER]|listeners:[], old=null
2023-05-31 22:57:51,513 [cdb52bc9-5e07-4eca-b7fa-f50f992e3122@group-AD78EE493E03-LeaderElection30] INFO  impl.LeaderElection (LeaderElection.java:logAndReturn(90)) - cdb52bc9-5e07-4eca-b7fa-f50f992e3122@group-AD78EE493E03-LeaderElection30: PRE_VOTE PASSED received 1 response(s) and 0 exception(s):
2023-05-31 22:57:51,513 [cdb52bc9-5e07-4eca-b7fa-f50f992e3122@group-AD78EE493E03-LeaderElection30] INFO  impl.LeaderElection (LeaderElection.java:logAndReturn(94)) -   Response 0: cdb52bc9-5e07-4eca-b7fa-f50f992e3122<-697d5b73-3ed9-4d18-b9d9-ca13a08090ac#0:OK-t0
2023-05-31 22:57:51,513 [cdb52bc9-5e07-4eca-b7fa-f50f992e3122@group-AD78EE493E03-LeaderElection30] INFO  impl.LeaderElection (LeaderElection.java:askForVotes(323)) - cdb52bc9-5e07-4eca-b7fa-f50f992e3122@group-AD78EE493E03-LeaderElection30 PRE_VOTE round 0: result PASSED
2023-05-31 22:57:51,515 [cdb52bc9-5e07-4eca-b7fa-f50f992e3122@group-AD78EE493E03-LeaderElection30] INFO  impl.LeaderElection (LeaderElection.java:askForVotes(321)) - cdb52bc9-5e07-4eca-b7fa-f50f992e3122@group-AD78EE493E03-LeaderElection30 ELECTION round 0: submit vote requests at term 1 for -1: peers:[cdb52bc9-5e07-4eca-b7fa-f50f992e3122|rpc:10.1.0.15:15032|admin:10.1.0.15:15031|client:10.1.0.15:15030|dataStream:10.1.0.15:15033|priority:1|startupRole:FOLLOWER, 697d5b73-3ed9-4d18-b9d9-ca13a08090ac|rpc:10.1.0.15:15023|admin:10.1.0.15:15022|client:10.1.0.15:15021|dataStream:10.1.0.15:15024|priority:0|startupRole:FOLLOWER, 9a93b867-0c49-44e3-a75c-2e530498b118|rpc:10.1.0.15:15014|admin:10.1.0.15:15013|client:10.1.0.15:15012|dataStream:10.1.0.15:15015|priority:0|startupRole:FOLLOWER]|listeners:[], old=null
2023-05-31 22:57:51,517 [grpc-default-executor-3] INFO  server.RaftServer$Division (RaftServerImpl.java:requestVote(1302)) - 697d5b73-3ed9-4d18-b9d9-ca13a08090ac@group-AD78EE493E03: receive requestVote(ELECTION, cdb52bc9-5e07-4eca-b7fa-f50f992e3122, group-AD78EE493E03, 1, (t:0, i:0))
2023-05-31 22:57:51,517 [grpc-default-executor-3] INFO  impl.VoteContext (VoteContext.java:log(49)) - 697d5b73-3ed9-4d18-b9d9-ca13a08090ac@group-AD78EE493E03-FOLLOWER: accept ELECTION from cdb52bc9-5e07-4eca-b7fa-f50f992e3122: our priority 0 <= candidate's priority 1
2023-05-31 22:57:51,517 [grpc-default-executor-3] INFO  server.RaftServer$Division (RaftServerImpl.java:setRole(329)) - 697d5b73-3ed9-4d18-b9d9-ca13a08090ac@group-AD78EE493E03: changes role from  FOLLOWER to FOLLOWER at term 1 for candidate:cdb52bc9-5e07-4eca-b7fa-f50f992e3122
2023-05-31 22:57:51,517 [grpc-default-executor-3] INFO  impl.RoleInfo (RoleInfo.java:shutdownFollowerState(110)) - 697d5b73-3ed9-4d18-b9d9-ca13a08090ac: shutdown 697d5b73-3ed9-4d18-b9d9-ca13a08090ac@group-AD78EE493E03-FollowerState
2023-05-31 22:57:51,518 [cdb52bc9-5e07-4eca-b7fa-f50f992e3122@group-AD78EE493E03-LeaderElection30] INFO  server.RaftServerConfigKeys (ConfUtils.java:logFallback(53)) - raft.server.rpc.first-election.timeout.min = 5s (fallback to raft.server.rpc.timeout.min)
2023-05-31 22:57:51,518 [cdb52bc9-5e07-4eca-b7fa-f50f992e3122@group-AD78EE493E03-LeaderElection30] INFO  server.RaftServerConfigKeys (ConfUtils.java:logFallback(53)) - raft.server.rpc.first-election.timeout.max = 5200ms (fallback to raft.server.rpc.timeout.max)
2023-05-31 22:57:51,518 [grpc-default-executor-3] INFO  impl.RoleInfo (RoleInfo.java:updateAndGet(139)) - 697d5b73-3ed9-4d18-b9d9-ca13a08090ac: start 697d5b73-3ed9-4d18-b9d9-ca13a08090ac@group-AD78EE493E03-FollowerState
2023-05-31 22:57:51,518 [697d5b73-3ed9-4d18-b9d9-ca13a08090ac@group-AD78EE493E03-FollowerState] INFO  impl.FollowerState (FollowerState.java:run(152)) - 697d5b73-3ed9-4d18-b9d9-ca13a08090ac@group-AD78EE493E03-FollowerState was interrupted
2023-05-31 22:57:51,522 [grpc-default-executor-6] INFO  server.RaftServer$Division (RaftServerImpl.java:requestVote(1302)) - 9a93b867-0c49-44e3-a75c-2e530498b118@group-AD78EE493E03: receive requestVote(PRE_VOTE, cdb52bc9-5e07-4eca-b7fa-f50f992e3122, group-AD78EE493E03, 0, (t:0, i:0))
2023-05-31 22:57:51,522 [grpc-default-executor-6] INFO  impl.VoteContext (VoteContext.java:log(49)) - 9a93b867-0c49-44e3-a75c-2e530498b118@group-AD78EE493E03-FOLLOWER: accept PRE_VOTE from cdb52bc9-5e07-4eca-b7fa-f50f992e3122: our priority 0 <= candidate's priority 1
2023-05-31 22:57:51,532 [grpc-default-executor-3] INFO  server.RaftServer$Division (RaftServerImpl.java:requestVote(1335)) - 697d5b73-3ed9-4d18-b9d9-ca13a08090ac@group-AD78EE493E03 replies to ELECTION vote request: cdb52bc9-5e07-4eca-b7fa-f50f992e3122<-697d5b73-3ed9-4d18-b9d9-ca13a08090ac#0:OK-t1. Peer's state: 697d5b73-3ed9-4d18-b9d9-ca13a08090ac@group-AD78EE493E03:t1, leader=null, voted=cdb52bc9-5e07-4eca-b7fa-f50f992e3122, raftlog=Memoized:697d5b73-3ed9-4d18-b9d9-ca13a08090ac@group-AD78EE493E03-SegmentedRaftLog:OPENED:c-1, conf=-1: peers:[cdb52bc9-5e07-4eca-b7fa-f50f992e3122|rpc:10.1.0.15:15032|admin:10.1.0.15:15031|client:10.1.0.15:15030|dataStream:10.1.0.15:15033|priority:1|startupRole:FOLLOWER, 697d5b73-3ed9-4d18-b9d9-ca13a08090ac|rpc:10.1.0.15:15023|admin:10.1.0.15:15022|client:10.1.0.15:15021|dataStream:10.1.0.15:15024|priority:0|startupRole:FOLLOWER, 9a93b867-0c49-44e3-a75c-2e530498b118|rpc:10.1.0.15:15014|admin:10.1.0.15:15013|client:10.1.0.15:15012|dataStream:10.1.0.15:15015|priority:0|startupRole:FOLLOWER]|listeners:[], old=null
2023-05-31 22:57:51,533 [grpc-default-executor-6] INFO  server.RaftServer$Division (RaftServerImpl.java:requestVote(1335)) - 9a93b867-0c49-44e3-a75c-2e530498b118@group-AD78EE493E03 replies to PRE_VOTE vote request: cdb52bc9-5e07-4eca-b7fa-f50f992e3122<-9a93b867-0c49-44e3-a75c-2e530498b118#0:OK-t0. Peer's state: 9a93b867-0c49-44e3-a75c-2e530498b118@group-AD78EE493E03:t0, leader=null, voted=, raftlog=Memoized:9a93b867-0c49-44e3-a75c-2e530498b118@group-AD78EE493E03-SegmentedRaftLog:OPENED:c-1, conf=-1: peers:[cdb52bc9-5e07-4eca-b7fa-f50f992e3122|rpc:10.1.0.15:15032|admin:10.1.0.15:15031|client:10.1.0.15:15030|dataStream:10.1.0.15:15033|priority:1|startupRole:FOLLOWER, 697d5b73-3ed9-4d18-b9d9-ca13a08090ac|rpc:10.1.0.15:15023|admin:10.1.0.15:15022|client:10.1.0.15:15021|dataStream:10.1.0.15:15024|priority:0|startupRole:FOLLOWER, 9a93b867-0c49-44e3-a75c-2e530498b118|rpc:10.1.0.15:15014|admin:10.1.0.15:15013|client:10.1.0.15:15012|dataStream:10.1.0.15:15015|priority:0|startupRole:FOLLOWER]|listeners:[], old=null
2023-05-31 22:57:51,533 [grpc-default-executor-8] INFO  server.RaftServer$Division (RaftServerImpl.java:requestVote(1302)) - 9a93b867-0c49-44e3-a75c-2e530498b118@group-AD78EE493E03: receive requestVote(ELECTION, cdb52bc9-5e07-4eca-b7fa-f50f992e3122, group-AD78EE493E03, 1, (t:0, i:0))
2023-05-31 22:57:51,533 [grpc-default-executor-8] INFO  impl.VoteContext (VoteContext.java:log(49)) - 9a93b867-0c49-44e3-a75c-2e530498b118@group-AD78EE493E03-FOLLOWER: accept ELECTION from cdb52bc9-5e07-4eca-b7fa-f50f992e3122: our priority 0 <= candidate's priority 1
2023-05-31 22:57:51,533 [grpc-default-executor-8] INFO  server.RaftServer$Division (RaftServerImpl.java:setRole(329)) - 9a93b867-0c49-44e3-a75c-2e530498b118@group-AD78EE493E03: changes role from  FOLLOWER to FOLLOWER at term 1 for candidate:cdb52bc9-5e07-4eca-b7fa-f50f992e3122
2023-05-31 22:57:51,533 [grpc-default-executor-8] INFO  impl.RoleInfo (RoleInfo.java:shutdownFollowerState(110)) - 9a93b867-0c49-44e3-a75c-2e530498b118: shutdown 9a93b867-0c49-44e3-a75c-2e530498b118@group-AD78EE493E03-FollowerState
2023-05-31 22:57:51,534 [grpc-default-executor-8] INFO  impl.RoleInfo (RoleInfo.java:updateAndGet(139)) - 9a93b867-0c49-44e3-a75c-2e530498b118: start 9a93b867-0c49-44e3-a75c-2e530498b118@group-AD78EE493E03-FollowerState
2023-05-31 22:57:51,534 [9a93b867-0c49-44e3-a75c-2e530498b118@group-AD78EE493E03-FollowerState] INFO  impl.FollowerState (FollowerState.java:run(152)) - 9a93b867-0c49-44e3-a75c-2e530498b118@group-AD78EE493E03-FollowerState was interrupted
2023-05-31 22:57:51,537 [grpc-default-executor-8] INFO  server.RaftServer$Division (RaftServerImpl.java:requestVote(1335)) - 9a93b867-0c49-44e3-a75c-2e530498b118@group-AD78EE493E03 replies to ELECTION vote request: cdb52bc9-5e07-4eca-b7fa-f50f992e3122<-9a93b867-0c49-44e3-a75c-2e530498b118#0:OK-t1. Peer's state: 9a93b867-0c49-44e3-a75c-2e530498b118@group-AD78EE493E03:t1, leader=null, voted=cdb52bc9-5e07-4eca-b7fa-f50f992e3122, raftlog=Memoized:9a93b867-0c49-44e3-a75c-2e530498b118@group-AD78EE493E03-SegmentedRaftLog:OPENED:c-1, conf=-1: peers:[cdb52bc9-5e07-4eca-b7fa-f50f992e3122|rpc:10.1.0.15:15032|admin:10.1.0.15:15031|client:10.1.0.15:15030|dataStream:10.1.0.15:15033|priority:1|startupRole:FOLLOWER, 697d5b73-3ed9-4d18-b9d9-ca13a08090ac|rpc:10.1.0.15:15023|admin:10.1.0.15:15022|client:10.1.0.15:15021|dataStream:10.1.0.15:15024|priority:0|startupRole:FOLLOWER, 9a93b867-0c49-44e3-a75c-2e530498b118|rpc:10.1.0.15:15014|admin:10.1.0.15:15013|client:10.1.0.15:15012|dataStream:10.1.0.15:15015|priority:0|startupRole:FOLLOWER]|listeners:[], old=null
2023-05-31 22:57:51,539 [cdb52bc9-5e07-4eca-b7fa-f50f992e3122@group-AD78EE493E03-LeaderElection30] INFO  impl.LeaderElection (LeaderElection.java:logAndReturn(90)) - cdb52bc9-5e07-4eca-b7fa-f50f992e3122@group-AD78EE493E03-LeaderElection30: ELECTION PASSED received 1 response(s) and 0 exception(s):
2023-05-31 22:57:51,539 [cdb52bc9-5e07-4eca-b7fa-f50f992e3122@group-AD78EE493E03-LeaderElection30] INFO  impl.LeaderElection (LeaderElection.java:logAndReturn(94)) -   Response 0: cdb52bc9-5e07-4eca-b7fa-f50f992e3122<-697d5b73-3ed9-4d18-b9d9-ca13a08090ac#0:OK-t1
2023-05-31 22:57:51,539 [cdb52bc9-5e07-4eca-b7fa-f50f992e3122@group-AD78EE493E03-LeaderElection30] INFO  impl.LeaderElection (LeaderElection.java:askForVotes(323)) - cdb52bc9-5e07-4eca-b7fa-f50f992e3122@group-AD78EE493E03-LeaderElection30 ELECTION round 0: result PASSED
2023-05-31 22:57:51,539 [cdb52bc9-5e07-4eca-b7fa-f50f992e3122@group-AD78EE493E03-LeaderElection30] INFO  impl.RoleInfo (RoleInfo.java:shutdownLeaderElection(130)) - cdb52bc9-5e07-4eca-b7fa-f50f992e3122: shutdown cdb52bc9-5e07-4eca-b7fa-f50f992e3122@group-AD78EE493E03-LeaderElection30
2023-05-31 22:57:51,539 [cdb52bc9-5e07-4eca-b7fa-f50f992e3122@group-AD78EE493E03-LeaderElection30] INFO  server.RaftServer$Division (RaftServerImpl.java:setRole(329)) - cdb52bc9-5e07-4eca-b7fa-f50f992e3122@group-AD78EE493E03: changes role from CANDIDATE to LEADER at term 1 for changeToLeader
2023-05-31 22:57:51,539 [cdb52bc9-5e07-4eca-b7fa-f50f992e3122@group-AD78EE493E03-LeaderElection30] INFO  ratis.XceiverServerRatis (XceiverServerRatis.java:handleLeaderChangedNotification(902)) - Leader change notification received for group: group-AD78EE493E03 with new leaderId: cdb52bc9-5e07-4eca-b7fa-f50f992e3122
2023-05-31 22:57:51,540 [cdb52bc9-5e07-4eca-b7fa-f50f992e3122@group-AD78EE493E03-LeaderElection30] INFO  server.RaftServer$Division (ServerState.java:setLeader(317)) - cdb52bc9-5e07-4eca-b7fa-f50f992e3122@group-AD78EE493E03: change Leader from null to cdb52bc9-5e07-4eca-b7fa-f50f992e3122 at term 1 for becomeLeader, leader elected after 10847ms
2023-05-31 22:57:51,540 [cdb52bc9-5e07-4eca-b7fa-f50f992e3122@group-AD78EE493E03-LeaderElection30] INFO  server.RaftServerConfigKeys (ConfUtils.java:logGet(46)) - raft.server.staging.catchup.gap = 1000 (default)
2023-05-31 22:57:51,540 [cdb52bc9-5e07-4eca-b7fa-f50f992e3122@group-AD78EE493E03-LeaderElection30] INFO  server.RaftServerConfigKeys (ConfUtils.java:logGet(46)) - raft.server.write.element-limit = 1024 (custom)
2023-05-31 22:57:51,540 [cdb52bc9-5e07-4eca-b7fa-f50f992e3122@group-AD78EE493E03-LeaderElection30] INFO  server.RaftServerConfigKeys (ConfUtils.java:logGet(46)) - raft.server.write.byte-limit = 1024 M (=1073741824) (custom)
2023-05-31 22:57:51,540 [cdb52bc9-5e07-4eca-b7fa-f50f992e3122@group-AD78EE493E03-LeaderElection30] INFO  server.RaftServerConfigKeys (ConfUtils.java:logGet(46)) - raft.server.watch.timeout = 180s (custom)
2023-05-31 22:57:51,540 [cdb52bc9-5e07-4eca-b7fa-f50f992e3122@group-AD78EE493E03-LeaderElection30] INFO  server.RaftServerConfigKeys (ConfUtils.java:logGet(46)) - raft.server.watch.timeout.denomination = 1s (default)
2023-05-31 22:57:51,540 [cdb52bc9-5e07-4eca-b7fa-f50f992e3122@group-AD78EE493E03-LeaderElection30] INFO  server.RaftServerConfigKeys (ConfUtils.java:logGet(46)) - raft.server.watch.element-limit = 65536 (default)
2023-05-31 22:57:51,541 [cdb52bc9-5e07-4eca-b7fa-f50f992e3122@group-AD78EE493E03-LeaderElection30] INFO  server.RaftServerConfigKeys (ConfUtils.java:logGet(46)) - raft.server.write.element-limit = 1024 (custom)
2023-05-31 22:57:51,541 [cdb52bc9-5e07-4eca-b7fa-f50f992e3122@group-AD78EE493E03-LeaderElection30] INFO  server.RaftServerConfigKeys (ConfUtils.java:logGet(46)) - raft.server.write.follower.gap.ratio.max = -1.0 (default)
2023-05-31 22:57:51,541 [cdb52bc9-5e07-4eca-b7fa-f50f992e3122@group-AD78EE493E03-LeaderElection30] INFO  server.RaftServerConfigKeys (ConfUtils.java:logGet(46)) - raft.server.log.appender.snapshot.chunk.size.max = 16MB (=16777216) (default)
2023-05-31 22:57:51,541 [cdb52bc9-5e07-4eca-b7fa-f50f992e3122@group-AD78EE493E03-LeaderElection30] INFO  server.RaftServerConfigKeys (ConfUtils.java:logGet(46)) - raft.server.log.appender.buffer.byte-limit = 33554432 (custom)
2023-05-31 22:57:51,541 [cdb52bc9-5e07-4eca-b7fa-f50f992e3122@group-AD78EE493E03-LeaderElection30] INFO  server.RaftServerConfigKeys (ConfUtils.java:logGet(46)) - raft.server.log.appender.buffer.element-limit = 1 (custom)
2023-05-31 22:57:51,542 [cdb52bc9-5e07-4eca-b7fa-f50f992e3122@group-AD78EE493E03-LeaderElection30] INFO  server.RaftServerConfigKeys (ConfUtils.java:logGet(46)) - raft.server.log.appender.wait-time.min = 10ms (default)
2023-05-31 22:57:51,542 [cdb52bc9-5e07-4eca-b7fa-f50f992e3122@group-AD78EE493E03-LeaderElection30] INFO  grpc.GrpcConfigKeys (ConfUtils.java:logGet(46)) - raft.grpc.server.leader.outstanding.appends.max = 128 (default)
2023-05-31 22:57:51,543 [EventQueue-PipelineReportForPipelineReportHandler] INFO  pipeline.PipelineManagerImpl (PipelineManagerImpl.java:openPipeline(367)) - Pipeline Pipeline[ Id: dfa5ddec-ab7a-4414-a630-ad78ee493e03, Nodes: 697d5b73-3ed9-4d18-b9d9-ca13a08090ac(fv-az844-56.kvdfyhrxhd0epk3sa4trub4njc.xx.internal.cloudapp.net/10.1.0.15)cdb52bc9-5e07-4eca-b7fa-f50f992e3122(fv-az844-56.kvdfyhrxhd0epk3sa4trub4njc.xx.internal.cloudapp.net/10.1.0.15)9a93b867-0c49-44e3-a75c-2e530498b118(fv-az844-56.kvdfyhrxhd0epk3sa4trub4njc.xx.internal.cloudapp.net/10.1.0.15), ReplicationConfig: RATIS/THREE, State:ALLOCATED, leaderId:cdb52bc9-5e07-4eca-b7fa-f50f992e3122, CreationTimestamp2023-05-31T22:57:37.664Z[Etc/UTC]] moved to OPEN state
2023-05-31 22:57:51,543 [cdb52bc9-5e07-4eca-b7fa-f50f992e3122@group-AD78EE493E03-LeaderElection30] INFO  server.RaftServerConfigKeys (ConfUtils.java:logGet(46)) - raft.server.rpc.request.timeout = 60s (custom)
2023-05-31 22:57:51,544 [cdb52bc9-5e07-4eca-b7fa-f50f992e3122@group-AD78EE493E03-LeaderElection30] INFO  grpc.GrpcConfigKeys (ConfUtils.java:logGet(46)) - raft.grpc.server.install_snapshot.request.element-limit = 8 (default)
2023-05-31 22:57:51,544 [cdb52bc9-5e07-4eca-b7fa-f50f992e3122@group-AD78EE493E03-LeaderElection30] INFO  grpc.GrpcConfigKeys (ConfUtils.java:logGet(46)) - raft.grpc.server.install_snapshot.request.timeout = 3000ms (default)
2023-05-31 22:57:51,544 [cdb52bc9-5e07-4eca-b7fa-f50f992e3122@group-AD78EE493E03-LeaderElection30] INFO  server.RaftServerConfigKeys (ConfUtils.java:logGet(46)) - raft.server.log.appender.install.snapshot.enabled = false (custom)
2023-05-31 22:57:51,544 [cdb52bc9-5e07-4eca-b7fa-f50f992e3122@group-AD78EE493E03-LeaderElection30] INFO  grpc.GrpcConfigKeys (ConfUtils.java:logGet(46)) - raft.grpc.server.heartbeat.channel = true (default)
2023-05-31 22:57:51,545 [cdb52bc9-5e07-4eca-b7fa-f50f992e3122@group-AD78EE493E03-LeaderElection30] INFO  server.RaftServerConfigKeys (ConfUtils.java:logGet(46)) - raft.server.log.appender.snapshot.chunk.size.max = 16MB (=16777216) (default)
2023-05-31 22:57:51,545 [cdb52bc9-5e07-4eca-b7fa-f50f992e3122@group-AD78EE493E03-LeaderElection30] INFO  server.RaftServerConfigKeys (ConfUtils.java:logGet(46)) - raft.server.log.appender.buffer.byte-limit = 33554432 (custom)
2023-05-31 22:57:51,545 [cdb52bc9-5e07-4eca-b7fa-f50f992e3122@group-AD78EE493E03-LeaderElection30] INFO  server.RaftServerConfigKeys (ConfUtils.java:logGet(46)) - raft.server.log.appender.buffer.element-limit = 1 (custom)
2023-05-31 22:57:51,545 [cdb52bc9-5e07-4eca-b7fa-f50f992e3122@group-AD78EE493E03-LeaderElection30] INFO  server.RaftServerConfigKeys (ConfUtils.java:logGet(46)) - raft.server.log.appender.wait-time.min = 10ms (default)
2023-05-31 22:57:51,546 [cdb52bc9-5e07-4eca-b7fa-f50f992e3122@group-AD78EE493E03-LeaderElection30] INFO  grpc.GrpcConfigKeys (ConfUtils.java:logGet(46)) - raft.grpc.server.leader.outstanding.appends.max = 128 (default)
2023-05-31 22:57:51,546 [cdb52bc9-5e07-4eca-b7fa-f50f992e3122@group-AD78EE493E03-LeaderElection30] INFO  server.RaftServerConfigKeys (ConfUtils.java:logGet(46)) - raft.server.rpc.request.timeout = 60s (custom)
2023-05-31 22:57:51,546 [cdb52bc9-5e07-4eca-b7fa-f50f992e3122@group-AD78EE493E03-LeaderElection30] INFO  grpc.GrpcConfigKeys (ConfUtils.java:logGet(46)) - raft.grpc.server.install_snapshot.request.element-limit = 8 (default)
2023-05-31 22:57:51,546 [cdb52bc9-5e07-4eca-b7fa-f50f992e3122@group-AD78EE493E03-LeaderElection30] INFO  grpc.GrpcConfigKeys (ConfUtils.java:logGet(46)) - raft.grpc.server.install_snapshot.request.timeout = 3000ms (default)
2023-05-31 22:57:51,546 [cdb52bc9-5e07-4eca-b7fa-f50f992e3122@group-AD78EE493E03-LeaderElection30] INFO  server.RaftServerConfigKeys (ConfUtils.java:logGet(46)) - raft.server.log.appender.install.snapshot.enabled = false (custom)
2023-05-31 22:57:51,546 [cdb52bc9-5e07-4eca-b7fa-f50f992e3122@group-AD78EE493E03-LeaderElection30] INFO  grpc.GrpcConfigKeys (ConfUtils.java:logGet(46)) - raft.grpc.server.heartbeat.channel = true (default)
2023-05-31 22:57:51,550 [cdb52bc9-5e07-4eca-b7fa-f50f992e3122@group-AD78EE493E03-LeaderElection30] INFO  impl.RoleInfo (RoleInfo.java:updateAndGet(139)) - cdb52bc9-5e07-4eca-b7fa-f50f992e3122: start cdb52bc9-5e07-4eca-b7fa-f50f992e3122@group-AD78EE493E03-LeaderStateImpl
2023-05-31 22:57:51,550 [cdb52bc9-5e07-4eca-b7fa-f50f992e3122@group-AD78EE493E03-LeaderElection30] INFO  segmented.SegmentedRaftLogWorker (SegmentedRaftLogWorker.java:startLogSegment(447)) - cdb52bc9-5e07-4eca-b7fa-f50f992e3122@group-AD78EE493E03-SegmentedRaftLogWorker: Starting segment from index:0
2023-05-31 22:57:51,552 [cdb52bc9-5e07-4eca-b7fa-f50f992e3122@group-AD78EE493E03-SegmentedRaftLogWorker] INFO  segmented.SegmentedRaftLogWorker (SegmentedRaftLogWorker.java:execute(651)) - cdb52bc9-5e07-4eca-b7fa-f50f992e3122@group-AD78EE493E03-SegmentedRaftLogWorker: created new log segment /home/runner/work/ozone/ozone/hadoop-ozone/integration-test/target/test-dir/MiniOzoneClusterImpl-816a41a7-5c89-4e8c-81ba-db0c8b26fb2d/datanode-2/data/ratis/dfa5ddec-ab7a-4414-a630-ad78ee493e03/current/log_inprogress_0
2023-05-31 22:57:51,561 [cdb52bc9-5e07-4eca-b7fa-f50f992e3122@group-AD78EE493E03-LeaderElection30] INFO  server.RaftServer$Division (ServerState.java:setRaftConf(434)) - cdb52bc9-5e07-4eca-b7fa-f50f992e3122@group-AD78EE493E03: set configuration 0: peers:[cdb52bc9-5e07-4eca-b7fa-f50f992e3122|rpc:10.1.0.15:15032|admin:10.1.0.15:15031|client:10.1.0.15:15030|dataStream:10.1.0.15:15033|priority:1|startupRole:FOLLOWER, 697d5b73-3ed9-4d18-b9d9-ca13a08090ac|rpc:10.1.0.15:15023|admin:10.1.0.15:15022|client:10.1.0.15:15021|dataStream:10.1.0.15:15024|priority:0|startupRole:FOLLOWER, 9a93b867-0c49-44e3-a75c-2e530498b118|rpc:10.1.0.15:15014|admin:10.1.0.15:15013|client:10.1.0.15:15012|dataStream:10.1.0.15:15015|priority:0|startupRole:FOLLOWER]|listeners:[], old=null
2023-05-31 22:57:51,561 [697d5b73-3ed9-4d18-b9d9-ca13a08090ac-server-thread1] INFO  ratis.XceiverServerRatis (XceiverServerRatis.java:handleLeaderChangedNotification(902)) - Leader change notification received for group: group-AD78EE493E03 with new leaderId: cdb52bc9-5e07-4eca-b7fa-f50f992e3122
2023-05-31 22:57:51,561 [697d5b73-3ed9-4d18-b9d9-ca13a08090ac-server-thread1] INFO  server.RaftServer$Division (ServerState.java:setLeader(317)) - 697d5b73-3ed9-4d18-b9d9-ca13a08090ac@group-AD78EE493E03: change Leader from null to cdb52bc9-5e07-4eca-b7fa-f50f992e3122 at term 1 for appendEntries, leader elected after 10755ms
2023-05-31 22:57:51,567 [9a93b867-0c49-44e3-a75c-2e530498b118-server-thread1] INFO  ratis.XceiverServerRatis (XceiverServerRatis.java:handleLeaderChangedNotification(902)) - Leader change notification received for group: group-AD78EE493E03 with new leaderId: cdb52bc9-5e07-4eca-b7fa-f50f992e3122
2023-05-31 22:57:51,568 [9a93b867-0c49-44e3-a75c-2e530498b118-server-thread1] INFO  server.RaftServer$Division (ServerState.java:setLeader(317)) - 9a93b867-0c49-44e3-a75c-2e530498b118@group-AD78EE493E03: change Leader from null to cdb52bc9-5e07-4eca-b7fa-f50f992e3122 at term 1 for appendEntries, leader elected after 10682ms
2023-05-31 22:57:51,570 [697d5b73-3ed9-4d18-b9d9-ca13a08090ac-server-thread2] INFO  server.RaftServer$Division (ServerState.java:setRaftConf(434)) - 697d5b73-3ed9-4d18-b9d9-ca13a08090ac@group-AD78EE493E03: set configuration 0: peers:[cdb52bc9-5e07-4eca-b7fa-f50f992e3122|rpc:10.1.0.15:15032|admin:10.1.0.15:15031|client:10.1.0.15:15030|dataStream:10.1.0.15:15033|priority:1|startupRole:FOLLOWER, 697d5b73-3ed9-4d18-b9d9-ca13a08090ac|rpc:10.1.0.15:15023|admin:10.1.0.15:15022|client:10.1.0.15:15021|dataStream:10.1.0.15:15024|priority:0|startupRole:FOLLOWER, 9a93b867-0c49-44e3-a75c-2e530498b118|rpc:10.1.0.15:15014|admin:10.1.0.15:15013|client:10.1.0.15:15012|dataStream:10.1.0.15:15015|priority:0|startupRole:FOLLOWER]|listeners:[], old=null
2023-05-31 22:57:51,571 [697d5b73-3ed9-4d18-b9d9-ca13a08090ac-server-thread2] INFO  segmented.SegmentedRaftLogWorker (SegmentedRaftLogWorker.java:startLogSegment(447)) - 697d5b73-3ed9-4d18-b9d9-ca13a08090ac@group-AD78EE493E03-SegmentedRaftLogWorker: Starting segment from index:0
2023-05-31 22:57:51,573 [697d5b73-3ed9-4d18-b9d9-ca13a08090ac@group-AD78EE493E03-SegmentedRaftLogWorker] INFO  segmented.SegmentedRaftLogWorker (SegmentedRaftLogWorker.java:execute(651)) - 697d5b73-3ed9-4d18-b9d9-ca13a08090ac@group-AD78EE493E03-SegmentedRaftLogWorker: created new log segment /home/runner/work/ozone/ozone/hadoop-ozone/integration-test/target/test-dir/MiniOzoneClusterImpl-816a41a7-5c89-4e8c-81ba-db0c8b26fb2d/datanode-1/data/ratis/dfa5ddec-ab7a-4414-a630-ad78ee493e03/current/log_inprogress_0
2023-05-31 22:57:51,578 [9a93b867-0c49-44e3-a75c-2e530498b118-server-thread2] INFO  server.RaftServer$Division (ServerState.java:setRaftConf(434)) - 9a93b867-0c49-44e3-a75c-2e530498b118@group-AD78EE493E03: set configuration 0: peers:[cdb52bc9-5e07-4eca-b7fa-f50f992e3122|rpc:10.1.0.15:15032|admin:10.1.0.15:15031|client:10.1.0.15:15030|dataStream:10.1.0.15:15033|priority:1|startupRole:FOLLOWER, 697d5b73-3ed9-4d18-b9d9-ca13a08090ac|rpc:10.1.0.15:15023|admin:10.1.0.15:15022|client:10.1.0.15:15021|dataStream:10.1.0.15:15024|priority:0|startupRole:FOLLOWER, 9a93b867-0c49-44e3-a75c-2e530498b118|rpc:10.1.0.15:15014|admin:10.1.0.15:15013|client:10.1.0.15:15012|dataStream:10.1.0.15:15015|priority:0|startupRole:FOLLOWER]|listeners:[], old=null
2023-05-31 22:57:51,578 [9a93b867-0c49-44e3-a75c-2e530498b118-server-thread2] INFO  segmented.SegmentedRaftLogWorker (SegmentedRaftLogWorker.java:startLogSegment(447)) - 9a93b867-0c49-44e3-a75c-2e530498b118@group-AD78EE493E03-SegmentedRaftLogWorker: Starting segment from index:0
2023-05-31 22:57:51,580 [9a93b867-0c49-44e3-a75c-2e530498b118@group-AD78EE493E03-SegmentedRaftLogWorker] INFO  segmented.SegmentedRaftLogWorker (SegmentedRaftLogWorker.java:execute(651)) - 9a93b867-0c49-44e3-a75c-2e530498b118@group-AD78EE493E03-SegmentedRaftLogWorker: created new log segment /home/runner/work/ozone/ozone/hadoop-ozone/integration-test/target/test-dir/MiniOzoneClusterImpl-816a41a7-5c89-4e8c-81ba-db0c8b26fb2d/datanode-0/data/ratis/dfa5ddec-ab7a-4414-a630-ad78ee493e03/current/log_inprogress_0
]]></system-out>
  </testcase>
  <testcase name="bucketUsedBytesOverWrite(BucketLayout)[2]" classname="org.apache.hadoop.ozone.client.rpc.TestOzoneRpcClient" time="0.231">
    <system-out><![CDATA[2023-05-31 22:57:59,268 [main] INFO  rpc.RpcClient (RpcClient.java:createVolume(459)) - Creating Volume: 2928e353-de67-462c-8408-5bf2f28aac14, with runner as owner and space quota set to -1 bytes, counts quota set to -1
2023-05-31 22:57:59,278 [OM StateMachine ApplyTransaction Thread - 0] INFO  volume.OMVolumeCreateRequest (OMVolumeCreateRequest.java:validateAndUpdateCache(196)) - created volume:2928e353-de67-462c-8408-5bf2f28aac14 for user:runner
2023-05-31 22:57:59,282 [main] INFO  rpc.RpcClient (RpcClient.java:createBucket(686)) - Creating Bucket: 2928e353-de67-462c-8408-5bf2f28aac14/80969190-cf3a-45c0-a00f-b9e9fc5e6d8d, with bucket layout LEGACY, runner as owner, Versioning true, Storage Type set to DISK and Encryption set to false, Replication Type set to server-side default replication type, Namespace Quota set to -1, Space Quota set to -1 
2023-05-31 22:57:59,287 [OM StateMachine ApplyTransaction Thread - 0] INFO  bucket.OMBucketCreateRequest (OMBucketCreateRequest.java:validateAndUpdateCache(270)) - created bucket: 80969190-cf3a-45c0-a00f-b9e9fc5e6d8d of layout LEGACY in volume: 2928e353-de67-462c-8408-5bf2f28aac14
]]></system-out>
  </testcase>
  <testcase name="bucketUsedBytesOverWrite(BucketLayout)[3]" classname="org.apache.hadoop.ozone.client.rpc.TestOzoneRpcClient" time="0.152">
    <system-out><![CDATA[2023-05-31 22:57:59,500 [main] INFO  rpc.RpcClient (RpcClient.java:createVolume(459)) - Creating Volume: 4bfa1691-bff3-4489-90a8-d49dedf25c04, with runner as owner and space quota set to -1 bytes, counts quota set to -1
2023-05-31 22:57:59,504 [OM StateMachine ApplyTransaction Thread - 0] INFO  volume.OMVolumeCreateRequest (OMVolumeCreateRequest.java:validateAndUpdateCache(196)) - created volume:4bfa1691-bff3-4489-90a8-d49dedf25c04 for user:runner
2023-05-31 22:57:59,507 [main] INFO  rpc.RpcClient (RpcClient.java:createBucket(686)) - Creating Bucket: 4bfa1691-bff3-4489-90a8-d49dedf25c04/0718b568-651b-4f70-8763-3e43b5d7f766, with bucket layout FILE_SYSTEM_OPTIMIZED, runner as owner, Versioning true, Storage Type set to DISK and Encryption set to false, Replication Type set to server-side default replication type, Namespace Quota set to -1, Space Quota set to -1 
2023-05-31 22:57:59,511 [OM StateMachine ApplyTransaction Thread - 0] INFO  bucket.OMBucketCreateRequest (OMBucketCreateRequest.java:validateAndUpdateCache(270)) - created bucket: 0718b568-651b-4f70-8763-3e43b5d7f766 of layout FILE_SYSTEM_OPTIMIZED in volume: 4bfa1691-bff3-4489-90a8-d49dedf25c04
]]></system-out>
  </testcase>
  <testcase name="testAbortUploadFail" classname="org.apache.hadoop.ozone.client.rpc.TestOzoneRpcClient" time="0.057">
    <system-out><![CDATA[2023-05-31 22:57:59,656 [main] INFO  rpc.RpcClient (RpcClient.java:createVolume(459)) - Creating Volume: e33b4ebd-0369-432b-98c6-29164c07d8ba, with runner as owner and space quota set to -1 bytes, counts quota set to -1
2023-05-31 22:57:59,660 [OM StateMachine ApplyTransaction Thread - 0] INFO  volume.OMVolumeCreateRequest (OMVolumeCreateRequest.java:validateAndUpdateCache(196)) - created volume:e33b4ebd-0369-432b-98c6-29164c07d8ba for user:runner
2023-05-31 22:57:59,665 [main] INFO  rpc.RpcClient (RpcClient.java:createBucket(686)) - Creating Bucket: e33b4ebd-0369-432b-98c6-29164c07d8ba/955c922a-4f9b-4c64-8cc1-3a6e4a6872eb, with server-side default bucket layout, runner as owner, Versioning false, Storage Type set to DISK and Encryption set to false, Replication Type set to server-side default replication type, Namespace Quota set to -1, Space Quota set to -1 
2023-05-31 22:57:59,668 [OM StateMachine ApplyTransaction Thread - 0] INFO  bucket.OMBucketCreateRequest (OMBucketCreateRequest.java:validateAndUpdateCache(270)) - created bucket: 955c922a-4f9b-4c64-8cc1-3a6e4a6872eb of layout FILE_SYSTEM_OPTIMIZED in volume: e33b4ebd-0369-432b-98c6-29164c07d8ba
22:57:59.693 [OM StateMachine ApplyTransaction Thread - 0] ERROR OMAudit - user=runner | ip=127.0.0.1 | op=ABORT_MULTIPART_UPLOAD {volume=e33b4ebd-0369-432b-98c6-29164c07d8ba, bucket=955c922a-4f9b-4c64-8cc1-3a6e4a6872eb, key=a64b3b31-7628-4c62-aa04-e1d343cb831a, dataSize=0, replicationType=NONE, replicationFactor=ZERO} | ret=FAILURE
org.apache.hadoop.ozone.om.exceptions.OMException: Abort Multipart Upload Failed: volume: e33b4ebd-0369-432b-98c6-29164c07d8babucket: 955c922a-4f9b-4c64-8cc1-3a6e4a6872ebkey: a64b3b31-7628-4c62-aa04-e1d343cb831a
	at org.apache.hadoop.ozone.om.request.s3.multipart.S3MultipartUploadAbortRequest.validateAndUpdateCache(S3MultipartUploadAbortRequest.java:159) ~[ozone-manager-1.4.0-SNAPSHOT.jar:?]
	at org.apache.hadoop.ozone.protocolPB.OzoneManagerRequestHandler.handleWriteRequest(OzoneManagerRequestHandler.java:338) ~[ozone-manager-1.4.0-SNAPSHOT.jar:?]
	at org.apache.hadoop.ozone.om.ratis.OzoneManagerStateMachine.runCommand(OzoneManagerStateMachine.java:567) ~[ozone-manager-1.4.0-SNAPSHOT.jar:?]
	at org.apache.hadoop.ozone.om.ratis.OzoneManagerStateMachine.lambda$1(OzoneManagerStateMachine.java:358) ~[ozone-manager-1.4.0-SNAPSHOT.jar:?]
	at java.util.concurrent.CompletableFuture$AsyncSupply.run(CompletableFuture.java:1604) [?:1.8.0_362]
	at java.util.concurrent.ThreadPoolExecutor.runWorker(ThreadPoolExecutor.java:1149) [?:1.8.0_362]
	at java.util.concurrent.ThreadPoolExecutor$Worker.run(ThreadPoolExecutor.java:624) [?:1.8.0_362]
	at java.lang.Thread.run(Thread.java:750) [?:1.8.0_362]
2023-05-31 22:57:59,710 [OM StateMachine ApplyTransaction Thread - 0] ERROR multipart.S3MultipartUploadAbortRequest (S3MultipartUploadAbortRequest.java:validateAndUpdateCache(218)) - Abort Multipart request is failed for KeyName a64b3b31-7628-4c62-aa04-e1d343cb831a in VolumeName/Bucket e33b4ebd-0369-432b-98c6-29164c07d8ba/955c922a-4f9b-4c64-8cc1-3a6e4a6872eb
NO_SUCH_MULTIPART_UPLOAD_ERROR org.apache.hadoop.ozone.om.exceptions.OMException: Abort Multipart Upload Failed: volume: e33b4ebd-0369-432b-98c6-29164c07d8babucket: 955c922a-4f9b-4c64-8cc1-3a6e4a6872ebkey: a64b3b31-7628-4c62-aa04-e1d343cb831a
	at org.apache.hadoop.ozone.om.request.s3.multipart.S3MultipartUploadAbortRequest.validateAndUpdateCache(S3MultipartUploadAbortRequest.java:159)
	at org.apache.hadoop.ozone.protocolPB.OzoneManagerRequestHandler.handleWriteRequest(OzoneManagerRequestHandler.java:338)
	at org.apache.hadoop.ozone.om.ratis.OzoneManagerStateMachine.runCommand(OzoneManagerStateMachine.java:567)
	at org.apache.hadoop.ozone.om.ratis.OzoneManagerStateMachine.lambda$1(OzoneManagerStateMachine.java:358)
	at java.util.concurrent.CompletableFuture$AsyncSupply.run(CompletableFuture.java:1604)
	at java.util.concurrent.ThreadPoolExecutor.runWorker(ThreadPoolExecutor.java:1149)
	at java.util.concurrent.ThreadPoolExecutor$Worker.run(ThreadPoolExecutor.java:624)
	at java.lang.Thread.run(Thread.java:750)
]]></system-out>
  </testcase>
  <testcase name="testAbortUploadFailWithInProgressPartUpload" classname="org.apache.hadoop.ozone.client.rpc.TestOzoneRpcClient" time="0.14">
    <system-out><![CDATA[2023-05-31 22:57:59,713 [main] INFO  rpc.RpcClient (RpcClient.java:createVolume(459)) - Creating Volume: 864bd45b-6474-4373-9af5-674ca47ea144, with runner as owner and space quota set to -1 bytes, counts quota set to -1
2023-05-31 22:57:59,726 [OM StateMachine ApplyTransaction Thread - 0] INFO  volume.OMVolumeCreateRequest (OMVolumeCreateRequest.java:validateAndUpdateCache(196)) - created volume:864bd45b-6474-4373-9af5-674ca47ea144 for user:runner
2023-05-31 22:57:59,729 [main] INFO  rpc.RpcClient (RpcClient.java:createBucket(686)) - Creating Bucket: 864bd45b-6474-4373-9af5-674ca47ea144/a0ab6b9c-8578-4d43-9804-1d33dbf03136, with server-side default bucket layout, runner as owner, Versioning false, Storage Type set to DISK and Encryption set to false, Replication Type set to server-side default replication type, Namespace Quota set to -1, Space Quota set to -1 
2023-05-31 22:57:59,733 [OM StateMachine ApplyTransaction Thread - 0] INFO  bucket.OMBucketCreateRequest (OMBucketCreateRequest.java:validateAndUpdateCache(270)) - created bucket: a0ab6b9c-8578-4d43-9804-1d33dbf03136 of layout FILE_SYSTEM_OPTIMIZED in volume: 864bd45b-6474-4373-9af5-674ca47ea144
22:57:59.851 [OM StateMachine ApplyTransaction Thread - 0] ERROR OMAudit - user=runner | ip=127.0.0.1 | op=COMMIT_MULTIPART_UPLOAD_PARTKEY {volume=864bd45b-6474-4373-9af5-674ca47ea144, bucket=a0ab6b9c-8578-4d43-9804-1d33dbf03136, key=d351844d-a4b5-4d1d-9e9f-200cf5416b6f, dataSize=4, replicationType=NONE, replicationFactor=ZERO, partNumber=1, partName=/864bd45b-6474-4373-9af5-674ca47ea144/a0ab6b9c-8578-4d43-9804-1d33dbf03136/d351844d-a4b5-4d1d-9e9f-200cf5416b6f-2e7bf04a-0df3-439a-8283-471e9a592034-110465769782902791-1} | ret=FAILURE
org.apache.hadoop.ozone.om.exceptions.OMException: No such Multipart upload is with specified uploadId 2e7bf04a-0df3-439a-8283-471e9a592034-110465769782902791
	at org.apache.hadoop.ozone.om.request.s3.multipart.S3MultipartUploadCommitPartRequest.validateAndUpdateCache(S3MultipartUploadCommitPartRequest.java:188) ~[ozone-manager-1.4.0-SNAPSHOT.jar:?]
	at org.apache.hadoop.ozone.protocolPB.OzoneManagerRequestHandler.handleWriteRequest(OzoneManagerRequestHandler.java:338) ~[ozone-manager-1.4.0-SNAPSHOT.jar:?]
	at org.apache.hadoop.ozone.om.ratis.OzoneManagerStateMachine.runCommand(OzoneManagerStateMachine.java:567) ~[ozone-manager-1.4.0-SNAPSHOT.jar:?]
	at org.apache.hadoop.ozone.om.ratis.OzoneManagerStateMachine.lambda$1(OzoneManagerStateMachine.java:358) ~[ozone-manager-1.4.0-SNAPSHOT.jar:?]
	at java.util.concurrent.CompletableFuture$AsyncSupply.run(CompletableFuture.java:1604) [?:1.8.0_362]
	at java.util.concurrent.ThreadPoolExecutor.runWorker(ThreadPoolExecutor.java:1149) [?:1.8.0_362]
	at java.util.concurrent.ThreadPoolExecutor$Worker.run(ThreadPoolExecutor.java:624) [?:1.8.0_362]
	at java.lang.Thread.run(Thread.java:750) [?:1.8.0_362]
2023-05-31 22:57:59,851 [OM StateMachine ApplyTransaction Thread - 0] ERROR multipart.S3MultipartUploadCommitPartRequest (S3MultipartUploadCommitPartRequest.java:logResult(327)) - MultipartUpload Commit is failed for Key:d351844d-a4b5-4d1d-9e9f-200cf5416b6f in Volume/Bucket 864bd45b-6474-4373-9af5-674ca47ea144/a0ab6b9c-8578-4d43-9804-1d33dbf03136
NO_SUCH_MULTIPART_UPLOAD_ERROR org.apache.hadoop.ozone.om.exceptions.OMException: No such Multipart upload is with specified uploadId 2e7bf04a-0df3-439a-8283-471e9a592034-110465769782902791
	at org.apache.hadoop.ozone.om.request.s3.multipart.S3MultipartUploadCommitPartRequest.validateAndUpdateCache(S3MultipartUploadCommitPartRequest.java:188)
	at org.apache.hadoop.ozone.protocolPB.OzoneManagerRequestHandler.handleWriteRequest(OzoneManagerRequestHandler.java:338)
	at org.apache.hadoop.ozone.om.ratis.OzoneManagerStateMachine.runCommand(OzoneManagerStateMachine.java:567)
	at org.apache.hadoop.ozone.om.ratis.OzoneManagerStateMachine.lambda$1(OzoneManagerStateMachine.java:358)
	at java.util.concurrent.CompletableFuture$AsyncSupply.run(CompletableFuture.java:1604)
	at java.util.concurrent.ThreadPoolExecutor.runWorker(ThreadPoolExecutor.java:1149)
	at java.util.concurrent.ThreadPoolExecutor$Worker.run(ThreadPoolExecutor.java:624)
	at java.lang.Thread.run(Thread.java:750)
]]></system-out>
  </testcase>
  <testcase name="testAbortUploadSuccessWithOutAnyParts" classname="org.apache.hadoop.ozone.client.rpc.TestOzoneRpcClient" time="0.031">
    <system-out><![CDATA[2023-05-31 22:57:59,854 [main] INFO  rpc.RpcClient (RpcClient.java:createVolume(459)) - Creating Volume: 7171ef1d-fd50-4a50-be63-bf7e9b8f8c2a, with runner as owner and space quota set to -1 bytes, counts quota set to -1
2023-05-31 22:57:59,859 [OM StateMachine ApplyTransaction Thread - 0] INFO  volume.OMVolumeCreateRequest (OMVolumeCreateRequest.java:validateAndUpdateCache(196)) - created volume:7171ef1d-fd50-4a50-be63-bf7e9b8f8c2a for user:runner
2023-05-31 22:57:59,862 [main] INFO  rpc.RpcClient (RpcClient.java:createBucket(686)) - Creating Bucket: 7171ef1d-fd50-4a50-be63-bf7e9b8f8c2a/affca236-3c84-46a0-887a-a56143c6cda8, with server-side default bucket layout, runner as owner, Versioning false, Storage Type set to DISK and Encryption set to false, Replication Type set to server-side default replication type, Namespace Quota set to -1, Space Quota set to -1 
2023-05-31 22:57:59,865 [OM StateMachine ApplyTransaction Thread - 0] INFO  bucket.OMBucketCreateRequest (OMBucketCreateRequest.java:validateAndUpdateCache(270)) - created bucket: affca236-3c84-46a0-887a-a56143c6cda8 of layout FILE_SYSTEM_OPTIMIZED in volume: 7171ef1d-fd50-4a50-be63-bf7e9b8f8c2a
]]></system-out>
  </testcase>
  <testcase name="testAbortUploadSuccessWithParts" classname="org.apache.hadoop.ozone.client.rpc.TestOzoneRpcClient" time="0.106">
    <system-out><![CDATA[2023-05-31 22:57:59,886 [main] INFO  rpc.RpcClient (RpcClient.java:createVolume(459)) - Creating Volume: 67e5add1-2003-40d0-b973-d71e82bce43d, with runner as owner and space quota set to -1 bytes, counts quota set to -1
2023-05-31 22:57:59,891 [OM StateMachine ApplyTransaction Thread - 0] INFO  volume.OMVolumeCreateRequest (OMVolumeCreateRequest.java:validateAndUpdateCache(196)) - created volume:67e5add1-2003-40d0-b973-d71e82bce43d for user:runner
2023-05-31 22:57:59,894 [main] INFO  rpc.RpcClient (RpcClient.java:createBucket(686)) - Creating Bucket: 67e5add1-2003-40d0-b973-d71e82bce43d/627bc57e-5979-46d5-8636-4d683a683164, with server-side default bucket layout, runner as owner, Versioning false, Storage Type set to DISK and Encryption set to false, Replication Type set to server-side default replication type, Namespace Quota set to -1, Space Quota set to -1 
2023-05-31 22:57:59,897 [OM StateMachine ApplyTransaction Thread - 0] INFO  bucket.OMBucketCreateRequest (OMBucketCreateRequest.java:validateAndUpdateCache(270)) - created bucket: 627bc57e-5979-46d5-8636-4d683a683164 of layout FILE_SYSTEM_OPTIMIZED in volume: 67e5add1-2003-40d0-b973-d71e82bce43d
]]></system-out>
  </testcase>
  <testcase name="testAclsAfterCallingSetBucketProperty" classname="org.apache.hadoop.ozone.client.rpc.TestOzoneRpcClient" time="0.057">
    <system-out><![CDATA[2023-05-31 22:57:59,993 [main] INFO  rpc.RpcClient (RpcClient.java:createVolume(459)) - Creating Volume: b399f55b-27a7-487b-80dc-249d10887377, with runner as owner and space quota set to -1 bytes, counts quota set to -1
2023-05-31 22:57:59,998 [OM StateMachine ApplyTransaction Thread - 0] INFO  volume.OMVolumeCreateRequest (OMVolumeCreateRequest.java:validateAndUpdateCache(196)) - created volume:b399f55b-27a7-487b-80dc-249d10887377 for user:runner
2023-05-31 22:58:00,000 [main] INFO  rpc.RpcClient (RpcClient.java:createBucket(686)) - Creating Bucket: b399f55b-27a7-487b-80dc-249d10887377/9a7b19d4-d648-488e-b3a3-d1e989a62707, with server-side default bucket layout, runner as owner, Versioning false, Storage Type set to DISK and Encryption set to false, Replication Type set to server-side default replication type, Namespace Quota set to -1, Space Quota set to -1 
2023-05-31 22:58:00,008 [OM StateMachine ApplyTransaction Thread - 0] INFO  bucket.OMBucketCreateRequest (OMBucketCreateRequest.java:validateAndUpdateCache(270)) - created bucket: 9a7b19d4-d648-488e-b3a3-d1e989a62707 of layout FILE_SYSTEM_OPTIMIZED in volume: b399f55b-27a7-487b-80dc-249d10887377
]]></system-out>
  </testcase>
  <testcase name="testAddBucketAcl" classname="org.apache.hadoop.ozone.client.rpc.TestOzoneRpcClient" time="0.033">
    <system-out><![CDATA[2023-05-31 22:58:00,051 [main] INFO  rpc.RpcClient (RpcClient.java:createVolume(459)) - Creating Volume: 46b73c33-d29c-42a7-998e-def5830947f1, with runner as owner and space quota set to -1 bytes, counts quota set to -1
2023-05-31 22:58:00,054 [OM StateMachine ApplyTransaction Thread - 0] INFO  volume.OMVolumeCreateRequest (OMVolumeCreateRequest.java:validateAndUpdateCache(196)) - created volume:46b73c33-d29c-42a7-998e-def5830947f1 for user:runner
2023-05-31 22:58:00,057 [main] INFO  rpc.RpcClient (RpcClient.java:createBucket(686)) - Creating Bucket: 46b73c33-d29c-42a7-998e-def5830947f1/1107b6d6-77a2-4151-8d79-e484105a2c3d, with server-side default bucket layout, runner as owner, Versioning false, Storage Type set to DISK and Encryption set to false, Replication Type set to server-side default replication type, Namespace Quota set to -1, Space Quota set to -1 
2023-05-31 22:58:00,060 [OM StateMachine ApplyTransaction Thread - 0] INFO  bucket.OMBucketCreateRequest (OMBucketCreateRequest.java:validateAndUpdateCache(270)) - created bucket: 1107b6d6-77a2-4151-8d79-e484105a2c3d of layout FILE_SYSTEM_OPTIMIZED in volume: 46b73c33-d29c-42a7-998e-def5830947f1
]]></system-out>
  </testcase>
  <testcase name="testBucketQuota(ReplicationConfig)[1]" classname="org.apache.hadoop.ozone.client.rpc.TestOzoneRpcClient" time="1.019">
    <system-out><![CDATA[2023-05-31 22:58:00,091 [main] INFO  rpc.RpcClient (RpcClient.java:createVolume(459)) - Creating Volume: 079842fe-c917-4625-99a7-6c1618187d81, with runner as owner and space quota set to -1 bytes, counts quota set to -1
2023-05-31 22:58:00,096 [OM StateMachine ApplyTransaction Thread - 0] INFO  volume.OMVolumeCreateRequest (OMVolumeCreateRequest.java:validateAndUpdateCache(196)) - created volume:079842fe-c917-4625-99a7-6c1618187d81 for user:runner
2023-05-31 22:58:00,099 [main] INFO  rpc.RpcClient (RpcClient.java:createBucket(686)) - Creating Bucket: 079842fe-c917-4625-99a7-6c1618187d81/19d72b7d-a282-4384-8c30-7b30c9dc4513, with server-side default bucket layout, runner as owner, Versioning false, Storage Type set to DISK and Encryption set to false, Replication Type set to server-side default replication type, Namespace Quota set to -1, Space Quota set to -1 
2023-05-31 22:58:00,103 [OM StateMachine ApplyTransaction Thread - 0] INFO  bucket.OMBucketCreateRequest (OMBucketCreateRequest.java:validateAndUpdateCache(270)) - created bucket: 19d72b7d-a282-4384-8c30-7b30c9dc4513 of layout FILE_SYSTEM_OPTIMIZED in volume: 079842fe-c917-4625-99a7-6c1618187d81
2023-05-31 22:58:00,176 [main] INFO  rpc.RpcClient (RpcClient.java:createVolume(459)) - Creating Volume: b8839c30-6cbd-48e4-8038-9fe2b933c870, with runner as owner and space quota set to -1 bytes, counts quota set to -1
2023-05-31 22:58:00,181 [OM StateMachine ApplyTransaction Thread - 0] INFO  volume.OMVolumeCreateRequest (OMVolumeCreateRequest.java:validateAndUpdateCache(196)) - created volume:b8839c30-6cbd-48e4-8038-9fe2b933c870 for user:runner
2023-05-31 22:58:00,184 [main] INFO  rpc.RpcClient (RpcClient.java:createBucket(686)) - Creating Bucket: b8839c30-6cbd-48e4-8038-9fe2b933c870/348bb65a-bc7b-49ea-ae0e-f3e519edf68b, with server-side default bucket layout, runner as owner, Versioning false, Storage Type set to DISK and Encryption set to false, Replication Type set to server-side default replication type, Namespace Quota set to -1, Space Quota set to -1 
2023-05-31 22:58:00,188 [OM StateMachine ApplyTransaction Thread - 0] INFO  bucket.OMBucketCreateRequest (OMBucketCreateRequest.java:validateAndUpdateCache(270)) - created bucket: 348bb65a-bc7b-49ea-ae0e-f3e519edf68b of layout FILE_SYSTEM_OPTIMIZED in volume: b8839c30-6cbd-48e4-8038-9fe2b933c870
2023-05-31 22:58:00,340 [main] INFO  rpc.RpcClient (RpcClient.java:createVolume(459)) - Creating Volume: 92d7709a-0228-4144-88ad-a03fc4ce1cdc, with runner as owner and space quota set to -1 bytes, counts quota set to -1
2023-05-31 22:58:00,343 [OM StateMachine ApplyTransaction Thread - 0] INFO  volume.OMVolumeCreateRequest (OMVolumeCreateRequest.java:validateAndUpdateCache(196)) - created volume:92d7709a-0228-4144-88ad-a03fc4ce1cdc for user:runner
2023-05-31 22:58:00,346 [main] INFO  rpc.RpcClient (RpcClient.java:createBucket(686)) - Creating Bucket: 92d7709a-0228-4144-88ad-a03fc4ce1cdc/5cedc76b-af96-45d6-8ea2-257027f1a023, with server-side default bucket layout, runner as owner, Versioning false, Storage Type set to DISK and Encryption set to false, Replication Type set to server-side default replication type, Namespace Quota set to -1, Space Quota set to -1 
2023-05-31 22:58:00,350 [OM StateMachine ApplyTransaction Thread - 0] INFO  bucket.OMBucketCreateRequest (OMBucketCreateRequest.java:validateAndUpdateCache(270)) - created bucket: 5cedc76b-af96-45d6-8ea2-257027f1a023 of layout FILE_SYSTEM_OPTIMIZED in volume: 92d7709a-0228-4144-88ad-a03fc4ce1cdc
2023-05-31 22:58:00,606 [main] INFO  rpc.RpcClient (RpcClient.java:createVolume(459)) - Creating Volume: b015d2c9-fcf1-4bb0-9a0f-bd671fb97fa5, with runner as owner and space quota set to -1 bytes, counts quota set to -1
2023-05-31 22:58:00,609 [OM StateMachine ApplyTransaction Thread - 0] INFO  volume.OMVolumeCreateRequest (OMVolumeCreateRequest.java:validateAndUpdateCache(196)) - created volume:b015d2c9-fcf1-4bb0-9a0f-bd671fb97fa5 for user:runner
2023-05-31 22:58:00,613 [main] INFO  rpc.RpcClient (RpcClient.java:createBucket(686)) - Creating Bucket: b015d2c9-fcf1-4bb0-9a0f-bd671fb97fa5/e0f96af5-7983-4ceb-84ca-34746dbffe2d, with server-side default bucket layout, runner as owner, Versioning false, Storage Type set to DISK and Encryption set to false, Replication Type set to server-side default replication type, Namespace Quota set to -1, Space Quota set to -1 
2023-05-31 22:58:00,619 [OM StateMachine ApplyTransaction Thread - 0] INFO  bucket.OMBucketCreateRequest (OMBucketCreateRequest.java:validateAndUpdateCache(270)) - created bucket: e0f96af5-7983-4ceb-84ca-34746dbffe2d of layout FILE_SYSTEM_OPTIMIZED in volume: b015d2c9-fcf1-4bb0-9a0f-bd671fb97fa5
]]></system-out>
  </testcase>
  <testcase name="testBucketQuota(ReplicationConfig)[2]" classname="org.apache.hadoop.ozone.client.rpc.TestOzoneRpcClient" time="7.3">
    <system-out><![CDATA[2023-05-31 22:58:01,111 [main] INFO  rpc.RpcClient (RpcClient.java:createVolume(459)) - Creating Volume: 20aeb53b-7721-4689-b5f9-26cc7f051055, with runner as owner and space quota set to -1 bytes, counts quota set to -1
2023-05-31 22:58:01,115 [OM StateMachine ApplyTransaction Thread - 0] INFO  volume.OMVolumeCreateRequest (OMVolumeCreateRequest.java:validateAndUpdateCache(196)) - created volume:20aeb53b-7721-4689-b5f9-26cc7f051055 for user:runner
2023-05-31 22:58:01,117 [main] INFO  rpc.RpcClient (RpcClient.java:createBucket(686)) - Creating Bucket: 20aeb53b-7721-4689-b5f9-26cc7f051055/a1e1856a-b5a3-4c49-b54a-80b92eae5289, with server-side default bucket layout, runner as owner, Versioning false, Storage Type set to DISK and Encryption set to false, Replication Type set to server-side default replication type, Namespace Quota set to -1, Space Quota set to -1 
2023-05-31 22:58:01,121 [OM StateMachine ApplyTransaction Thread - 0] INFO  bucket.OMBucketCreateRequest (OMBucketCreateRequest.java:validateAndUpdateCache(270)) - created bucket: a1e1856a-b5a3-4c49-b54a-80b92eae5289 of layout FILE_SYSTEM_OPTIMIZED in volume: 20aeb53b-7721-4689-b5f9-26cc7f051055
2023-05-31 22:58:01,177 [main] INFO  rpc.RpcClient (RpcClient.java:createVolume(459)) - Creating Volume: 42db3749-206a-4885-bdd1-12266705d4b5, with runner as owner and space quota set to -1 bytes, counts quota set to -1
2023-05-31 22:58:01,181 [OM StateMachine ApplyTransaction Thread - 0] INFO  volume.OMVolumeCreateRequest (OMVolumeCreateRequest.java:validateAndUpdateCache(196)) - created volume:42db3749-206a-4885-bdd1-12266705d4b5 for user:runner
2023-05-31 22:58:01,183 [main] INFO  rpc.RpcClient (RpcClient.java:createBucket(686)) - Creating Bucket: 42db3749-206a-4885-bdd1-12266705d4b5/127eb72f-fb44-4352-8968-f2a41c374445, with server-side default bucket layout, runner as owner, Versioning false, Storage Type set to DISK and Encryption set to false, Replication Type set to server-side default replication type, Namespace Quota set to -1, Space Quota set to -1 
2023-05-31 22:58:01,187 [OM StateMachine ApplyTransaction Thread - 0] INFO  bucket.OMBucketCreateRequest (OMBucketCreateRequest.java:validateAndUpdateCache(270)) - created bucket: 127eb72f-fb44-4352-8968-f2a41c374445 of layout FILE_SYSTEM_OPTIMIZED in volume: 42db3749-206a-4885-bdd1-12266705d4b5
2023-05-31 22:58:01,455 [main] INFO  rpc.RpcClient (RpcClient.java:createVolume(459)) - Creating Volume: 6205fd89-173f-4000-9953-dc7e7afbcfb4, with runner as owner and space quota set to -1 bytes, counts quota set to -1
2023-05-31 22:58:01,459 [OM StateMachine ApplyTransaction Thread - 0] INFO  volume.OMVolumeCreateRequest (OMVolumeCreateRequest.java:validateAndUpdateCache(196)) - created volume:6205fd89-173f-4000-9953-dc7e7afbcfb4 for user:runner
2023-05-31 22:58:01,465 [main] INFO  rpc.RpcClient (RpcClient.java:createBucket(686)) - Creating Bucket: 6205fd89-173f-4000-9953-dc7e7afbcfb4/f11b60e9-dde5-43bd-a0c4-67aa20ad996e, with server-side default bucket layout, runner as owner, Versioning false, Storage Type set to DISK and Encryption set to false, Replication Type set to server-side default replication type, Namespace Quota set to -1, Space Quota set to -1 
2023-05-31 22:58:01,470 [OM StateMachine ApplyTransaction Thread - 0] INFO  bucket.OMBucketCreateRequest (OMBucketCreateRequest.java:validateAndUpdateCache(270)) - created bucket: f11b60e9-dde5-43bd-a0c4-67aa20ad996e of layout FILE_SYSTEM_OPTIMIZED in volume: 6205fd89-173f-4000-9953-dc7e7afbcfb4
2023-05-31 22:58:02,177 [main] INFO  rpc.RpcClient (RpcClient.java:createVolume(459)) - Creating Volume: 1c439db5-7534-499f-8091-1a9c055d9340, with runner as owner and space quota set to -1 bytes, counts quota set to -1
2023-05-31 22:58:02,181 [OM StateMachine ApplyTransaction Thread - 0] INFO  volume.OMVolumeCreateRequest (OMVolumeCreateRequest.java:validateAndUpdateCache(196)) - created volume:1c439db5-7534-499f-8091-1a9c055d9340 for user:runner
2023-05-31 22:58:02,184 [main] INFO  rpc.RpcClient (RpcClient.java:createBucket(686)) - Creating Bucket: 1c439db5-7534-499f-8091-1a9c055d9340/2433b8a5-b3f1-48ec-b207-7febb8aaf807, with server-side default bucket layout, runner as owner, Versioning false, Storage Type set to DISK and Encryption set to false, Replication Type set to server-side default replication type, Namespace Quota set to -1, Space Quota set to -1 
2023-05-31 22:58:02,187 [OM StateMachine ApplyTransaction Thread - 0] INFO  bucket.OMBucketCreateRequest (OMBucketCreateRequest.java:validateAndUpdateCache(270)) - created bucket: 2433b8a5-b3f1-48ec-b207-7febb8aaf807 of layout FILE_SYSTEM_OPTIMIZED in volume: 1c439db5-7534-499f-8091-1a9c055d9340
2023-05-31 22:58:02,953 [main] INFO  rpc.RpcClient (RpcClient.java:createVolume(459)) - Creating Volume: d8382575-4fb3-4f2d-9177-1136e308e8ac, with runner as owner and space quota set to -1 bytes, counts quota set to -1
2023-05-31 22:58:02,957 [OM StateMachine ApplyTransaction Thread - 0] INFO  volume.OMVolumeCreateRequest (OMVolumeCreateRequest.java:validateAndUpdateCache(196)) - created volume:d8382575-4fb3-4f2d-9177-1136e308e8ac for user:runner
2023-05-31 22:58:02,959 [main] INFO  rpc.RpcClient (RpcClient.java:createBucket(686)) - Creating Bucket: d8382575-4fb3-4f2d-9177-1136e308e8ac/ffc1f652-6ea0-42ce-b19a-956aaaa78743, with server-side default bucket layout, runner as owner, Versioning false, Storage Type set to DISK and Encryption set to false, Replication Type set to server-side default replication type, Namespace Quota set to -1, Space Quota set to -1 
2023-05-31 22:58:02,963 [OM StateMachine ApplyTransaction Thread - 0] INFO  bucket.OMBucketCreateRequest (OMBucketCreateRequest.java:validateAndUpdateCache(270)) - created bucket: ffc1f652-6ea0-42ce-b19a-956aaaa78743 of layout FILE_SYSTEM_OPTIMIZED in volume: d8382575-4fb3-4f2d-9177-1136e308e8ac
2023-05-31 22:58:04,460 [main] INFO  rpc.RpcClient (RpcClient.java:createVolume(459)) - Creating Volume: c60dd578-fd1d-45b9-a660-e8cabbff0dc0, with runner as owner and space quota set to -1 bytes, counts quota set to -1
2023-05-31 22:58:04,463 [OM StateMachine ApplyTransaction Thread - 0] INFO  volume.OMVolumeCreateRequest (OMVolumeCreateRequest.java:validateAndUpdateCache(196)) - created volume:c60dd578-fd1d-45b9-a660-e8cabbff0dc0 for user:runner
2023-05-31 22:58:04,465 [main] INFO  rpc.RpcClient (RpcClient.java:createBucket(686)) - Creating Bucket: c60dd578-fd1d-45b9-a660-e8cabbff0dc0/b39a96d7-1cbb-4a36-abaf-4160bc23594d, with server-side default bucket layout, runner as owner, Versioning false, Storage Type set to DISK and Encryption set to false, Replication Type set to server-side default replication type, Namespace Quota set to -1, Space Quota set to -1 
2023-05-31 22:58:04,468 [OM StateMachine ApplyTransaction Thread - 0] INFO  bucket.OMBucketCreateRequest (OMBucketCreateRequest.java:validateAndUpdateCache(270)) - created bucket: b39a96d7-1cbb-4a36-abaf-4160bc23594d of layout FILE_SYSTEM_OPTIMIZED in volume: c60dd578-fd1d-45b9-a660-e8cabbff0dc0
2023-05-31 22:58:05,474 [main] INFO  rpc.RpcClient (RpcClient.java:createVolume(459)) - Creating Volume: d829779f-12ee-41ca-ad0c-c5683ce5e300, with runner as owner and space quota set to -1 bytes, counts quota set to -1
2023-05-31 22:58:05,477 [OM StateMachine ApplyTransaction Thread - 0] INFO  volume.OMVolumeCreateRequest (OMVolumeCreateRequest.java:validateAndUpdateCache(196)) - created volume:d829779f-12ee-41ca-ad0c-c5683ce5e300 for user:runner
2023-05-31 22:58:05,479 [main] INFO  rpc.RpcClient (RpcClient.java:createBucket(686)) - Creating Bucket: d829779f-12ee-41ca-ad0c-c5683ce5e300/6283239e-95b0-487b-b980-ae23999faeea, with server-side default bucket layout, runner as owner, Versioning false, Storage Type set to DISK and Encryption set to false, Replication Type set to server-side default replication type, Namespace Quota set to -1, Space Quota set to -1 
2023-05-31 22:58:05,481 [OM StateMachine ApplyTransaction Thread - 0] INFO  bucket.OMBucketCreateRequest (OMBucketCreateRequest.java:validateAndUpdateCache(270)) - created bucket: 6283239e-95b0-487b-b980-ae23999faeea of layout FILE_SYSTEM_OPTIMIZED in volume: d829779f-12ee-41ca-ad0c-c5683ce5e300
2023-05-31 22:58:06,659 [main] INFO  rpc.RpcClient (RpcClient.java:createVolume(459)) - Creating Volume: cf441b39-c379-4fff-a6f7-4632650a3d37, with runner as owner and space quota set to -1 bytes, counts quota set to -1
2023-05-31 22:58:06,661 [OM StateMachine ApplyTransaction Thread - 0] INFO  volume.OMVolumeCreateRequest (OMVolumeCreateRequest.java:validateAndUpdateCache(196)) - created volume:cf441b39-c379-4fff-a6f7-4632650a3d37 for user:runner
2023-05-31 22:58:06,670 [main] INFO  rpc.RpcClient (RpcClient.java:createBucket(686)) - Creating Bucket: cf441b39-c379-4fff-a6f7-4632650a3d37/b56a4e76-4922-477d-ae3e-83a5a5141dd0, with server-side default bucket layout, runner as owner, Versioning false, Storage Type set to DISK and Encryption set to false, Replication Type set to server-side default replication type, Namespace Quota set to -1, Space Quota set to -1 
2023-05-31 22:58:06,673 [OM StateMachine ApplyTransaction Thread - 0] INFO  bucket.OMBucketCreateRequest (OMBucketCreateRequest.java:validateAndUpdateCache(270)) - created bucket: b56a4e76-4922-477d-ae3e-83a5a5141dd0 of layout FILE_SYSTEM_OPTIMIZED in volume: cf441b39-c379-4fff-a6f7-4632650a3d37
]]></system-out>
  </testcase>
  <testcase name="testBucketQuota(ReplicationConfig)[3]" classname="org.apache.hadoop.ozone.client.rpc.TestOzoneRpcClient" time="7.781">
    <system-out><![CDATA[2023-05-31 22:58:08,412 [main] INFO  rpc.RpcClient (RpcClient.java:createVolume(459)) - Creating Volume: 86617237-0235-4824-90fd-789337a52eb2, with runner as owner and space quota set to -1 bytes, counts quota set to -1
2023-05-31 22:58:08,415 [OM StateMachine ApplyTransaction Thread - 0] INFO  volume.OMVolumeCreateRequest (OMVolumeCreateRequest.java:validateAndUpdateCache(196)) - created volume:86617237-0235-4824-90fd-789337a52eb2 for user:runner
2023-05-31 22:58:08,417 [main] INFO  rpc.RpcClient (RpcClient.java:createBucket(686)) - Creating Bucket: 86617237-0235-4824-90fd-789337a52eb2/b8958553-e6de-43fd-bbd4-4ccdd91149a2, with server-side default bucket layout, runner as owner, Versioning false, Storage Type set to DISK and Encryption set to false, Replication Type set to server-side default replication type, Namespace Quota set to -1, Space Quota set to -1 
2023-05-31 22:58:08,419 [OM StateMachine ApplyTransaction Thread - 0] INFO  bucket.OMBucketCreateRequest (OMBucketCreateRequest.java:validateAndUpdateCache(270)) - created bucket: b8958553-e6de-43fd-bbd4-4ccdd91149a2 of layout FILE_SYSTEM_OPTIMIZED in volume: 86617237-0235-4824-90fd-789337a52eb2
2023-05-31 22:58:08,433 [IPC Server handler 9 on default port 15001] INFO  pipeline.PipelineStateManagerImpl (PipelineStateManagerImpl.java:addPipeline(103)) - Created pipeline Pipeline[ Id: 62c1d2ca-e22d-4646-aa4e-6dcbd4f67aea, Nodes: d17261cb-7782-4d5f-ae0d-593ca4af9c73(fv-az844-56.kvdfyhrxhd0epk3sa4trub4njc.xx.internal.cloudapp.net/10.1.0.15)07122f08-5d38-49f7-8fdd-d2e34ec8d956(fv-az844-56.kvdfyhrxhd0epk3sa4trub4njc.xx.internal.cloudapp.net/10.1.0.15)160cf24b-84e6-41e3-a0dc-1baa6b89aef1(fv-az844-56.kvdfyhrxhd0epk3sa4trub4njc.xx.internal.cloudapp.net/10.1.0.15)7c39489c-1c03-44c3-8ed9-36ad43776b05(fv-az844-56.kvdfyhrxhd0epk3sa4trub4njc.xx.internal.cloudapp.net/10.1.0.15)83cc0f91-5896-42fb-be30-113915710489(fv-az844-56.kvdfyhrxhd0epk3sa4trub4njc.xx.internal.cloudapp.net/10.1.0.15), ReplicationConfig: EC{rs-3-2-1024k}, State:ALLOCATED, leaderId:, CreationTimestamp2023-05-31T22:58:08.432Z[Etc/UTC]].
2023-05-31 22:58:08,434 [IPC Server handler 9 on default port 15001] INFO  pipeline.PipelineManagerImpl (PipelineManagerImpl.java:openPipeline(367)) - Pipeline Pipeline[ Id: 62c1d2ca-e22d-4646-aa4e-6dcbd4f67aea, Nodes: d17261cb-7782-4d5f-ae0d-593ca4af9c73(fv-az844-56.kvdfyhrxhd0epk3sa4trub4njc.xx.internal.cloudapp.net/10.1.0.15)07122f08-5d38-49f7-8fdd-d2e34ec8d956(fv-az844-56.kvdfyhrxhd0epk3sa4trub4njc.xx.internal.cloudapp.net/10.1.0.15)160cf24b-84e6-41e3-a0dc-1baa6b89aef1(fv-az844-56.kvdfyhrxhd0epk3sa4trub4njc.xx.internal.cloudapp.net/10.1.0.15)7c39489c-1c03-44c3-8ed9-36ad43776b05(fv-az844-56.kvdfyhrxhd0epk3sa4trub4njc.xx.internal.cloudapp.net/10.1.0.15)83cc0f91-5896-42fb-be30-113915710489(fv-az844-56.kvdfyhrxhd0epk3sa4trub4njc.xx.internal.cloudapp.net/10.1.0.15), ReplicationConfig: EC{rs-3-2-1024k}, State:ALLOCATED, leaderId:, CreationTimestamp2023-05-31T22:58:08.432Z[Etc/UTC]] moved to OPEN state
2023-05-31 22:58:08,494 [main] WARN  erasurecode.ErasureCodeNative (ErasureCodeNative.java:<clinit>(55)) - ISA-L support is not available in your platform... using builtin-java codec where applicable
2023-05-31 22:58:08,628 [IPC Server handler 5 on default port 15001] INFO  pipeline.PipelineStateManagerImpl (PipelineStateManagerImpl.java:addPipeline(103)) - Created pipeline Pipeline[ Id: 0a47c993-bdaa-4010-81c7-70d8f3e52340, Nodes: 160cf24b-84e6-41e3-a0dc-1baa6b89aef1(fv-az844-56.kvdfyhrxhd0epk3sa4trub4njc.xx.internal.cloudapp.net/10.1.0.15)83cc0f91-5896-42fb-be30-113915710489(fv-az844-56.kvdfyhrxhd0epk3sa4trub4njc.xx.internal.cloudapp.net/10.1.0.15)667d9742-fdde-4102-a217-b966604d27c1(fv-az844-56.kvdfyhrxhd0epk3sa4trub4njc.xx.internal.cloudapp.net/10.1.0.15)41c98476-2059-4142-8ca0-ae93b0d149f4(fv-az844-56.kvdfyhrxhd0epk3sa4trub4njc.xx.internal.cloudapp.net/10.1.0.15)f4bcbbae-f69c-492d-a431-822e5a7eea0c(fv-az844-56.kvdfyhrxhd0epk3sa4trub4njc.xx.internal.cloudapp.net/10.1.0.15), ReplicationConfig: EC{rs-3-2-1024k}, State:ALLOCATED, leaderId:, CreationTimestamp2023-05-31T22:58:08.628Z[Etc/UTC]].
2023-05-31 22:58:08,629 [IPC Server handler 5 on default port 15001] INFO  pipeline.PipelineManagerImpl (PipelineManagerImpl.java:openPipeline(367)) - Pipeline Pipeline[ Id: 0a47c993-bdaa-4010-81c7-70d8f3e52340, Nodes: 160cf24b-84e6-41e3-a0dc-1baa6b89aef1(fv-az844-56.kvdfyhrxhd0epk3sa4trub4njc.xx.internal.cloudapp.net/10.1.0.15)83cc0f91-5896-42fb-be30-113915710489(fv-az844-56.kvdfyhrxhd0epk3sa4trub4njc.xx.internal.cloudapp.net/10.1.0.15)667d9742-fdde-4102-a217-b966604d27c1(fv-az844-56.kvdfyhrxhd0epk3sa4trub4njc.xx.internal.cloudapp.net/10.1.0.15)41c98476-2059-4142-8ca0-ae93b0d149f4(fv-az844-56.kvdfyhrxhd0epk3sa4trub4njc.xx.internal.cloudapp.net/10.1.0.15)f4bcbbae-f69c-492d-a431-822e5a7eea0c(fv-az844-56.kvdfyhrxhd0epk3sa4trub4njc.xx.internal.cloudapp.net/10.1.0.15), ReplicationConfig: EC{rs-3-2-1024k}, State:ALLOCATED, leaderId:, CreationTimestamp2023-05-31T22:58:08.628Z[Etc/UTC]] moved to OPEN state
2023-05-31 22:58:08,682 [main] INFO  rpc.RpcClient (RpcClient.java:createVolume(459)) - Creating Volume: 266ef1a0-a77a-4418-9570-c0c77be01748, with runner as owner and space quota set to -1 bytes, counts quota set to -1
2023-05-31 22:58:08,686 [OM StateMachine ApplyTransaction Thread - 0] INFO  volume.OMVolumeCreateRequest (OMVolumeCreateRequest.java:validateAndUpdateCache(196)) - created volume:266ef1a0-a77a-4418-9570-c0c77be01748 for user:runner
2023-05-31 22:58:08,689 [main] INFO  rpc.RpcClient (RpcClient.java:createBucket(686)) - Creating Bucket: 266ef1a0-a77a-4418-9570-c0c77be01748/350b7270-b9ac-4207-b266-d9c15cce79ec, with server-side default bucket layout, runner as owner, Versioning false, Storage Type set to DISK and Encryption set to false, Replication Type set to server-side default replication type, Namespace Quota set to -1, Space Quota set to -1 
2023-05-31 22:58:08,692 [OM StateMachine ApplyTransaction Thread - 0] INFO  bucket.OMBucketCreateRequest (OMBucketCreateRequest.java:validateAndUpdateCache(270)) - created bucket: 350b7270-b9ac-4207-b266-d9c15cce79ec of layout FILE_SYSTEM_OPTIMIZED in volume: 266ef1a0-a77a-4418-9570-c0c77be01748
2023-05-31 22:58:08,697 [IPC Server handler 7 on default port 15001] INFO  pipeline.PipelineStateManagerImpl (PipelineStateManagerImpl.java:addPipeline(103)) - Created pipeline Pipeline[ Id: eca45c04-e4b6-42d5-b0a2-ebcc620027c5, Nodes: 7c39489c-1c03-44c3-8ed9-36ad43776b05(fv-az844-56.kvdfyhrxhd0epk3sa4trub4njc.xx.internal.cloudapp.net/10.1.0.15)41c98476-2059-4142-8ca0-ae93b0d149f4(fv-az844-56.kvdfyhrxhd0epk3sa4trub4njc.xx.internal.cloudapp.net/10.1.0.15)2fca467b-8261-48a6-b0b4-c0ececcd3716(fv-az844-56.kvdfyhrxhd0epk3sa4trub4njc.xx.internal.cloudapp.net/10.1.0.15)9d40cccf-8c3a-4da2-ab03-ca5c7975d909(fv-az844-56.kvdfyhrxhd0epk3sa4trub4njc.xx.internal.cloudapp.net/10.1.0.15)697d5b73-3ed9-4d18-b9d9-ca13a08090ac(fv-az844-56.kvdfyhrxhd0epk3sa4trub4njc.xx.internal.cloudapp.net/10.1.0.15), ReplicationConfig: EC{rs-3-2-1024k}, State:ALLOCATED, leaderId:, CreationTimestamp2023-05-31T22:58:08.696Z[Etc/UTC]].
2023-05-31 22:58:08,697 [IPC Server handler 7 on default port 15001] INFO  pipeline.PipelineManagerImpl (PipelineManagerImpl.java:openPipeline(367)) - Pipeline Pipeline[ Id: eca45c04-e4b6-42d5-b0a2-ebcc620027c5, Nodes: 7c39489c-1c03-44c3-8ed9-36ad43776b05(fv-az844-56.kvdfyhrxhd0epk3sa4trub4njc.xx.internal.cloudapp.net/10.1.0.15)41c98476-2059-4142-8ca0-ae93b0d149f4(fv-az844-56.kvdfyhrxhd0epk3sa4trub4njc.xx.internal.cloudapp.net/10.1.0.15)2fca467b-8261-48a6-b0b4-c0ececcd3716(fv-az844-56.kvdfyhrxhd0epk3sa4trub4njc.xx.internal.cloudapp.net/10.1.0.15)9d40cccf-8c3a-4da2-ab03-ca5c7975d909(fv-az844-56.kvdfyhrxhd0epk3sa4trub4njc.xx.internal.cloudapp.net/10.1.0.15)697d5b73-3ed9-4d18-b9d9-ca13a08090ac(fv-az844-56.kvdfyhrxhd0epk3sa4trub4njc.xx.internal.cloudapp.net/10.1.0.15), ReplicationConfig: EC{rs-3-2-1024k}, State:ALLOCATED, leaderId:, CreationTimestamp2023-05-31T22:58:08.696Z[Etc/UTC]] moved to OPEN state
2023-05-31 22:58:08,886 [IPC Server handler 3 on default port 15001] INFO  pipeline.PipelineStateManagerImpl (PipelineStateManagerImpl.java:addPipeline(103)) - Created pipeline Pipeline[ Id: 092d8d36-6b56-4303-99d9-f709942e0cb0, Nodes: 667d9742-fdde-4102-a217-b966604d27c1(fv-az844-56.kvdfyhrxhd0epk3sa4trub4njc.xx.internal.cloudapp.net/10.1.0.15)244a53c4-9cb3-439d-93c3-5e05515fc991(fv-az844-56.kvdfyhrxhd0epk3sa4trub4njc.xx.internal.cloudapp.net/10.1.0.15)7c39489c-1c03-44c3-8ed9-36ad43776b05(fv-az844-56.kvdfyhrxhd0epk3sa4trub4njc.xx.internal.cloudapp.net/10.1.0.15)9d40cccf-8c3a-4da2-ab03-ca5c7975d909(fv-az844-56.kvdfyhrxhd0epk3sa4trub4njc.xx.internal.cloudapp.net/10.1.0.15)f4bcbbae-f69c-492d-a431-822e5a7eea0c(fv-az844-56.kvdfyhrxhd0epk3sa4trub4njc.xx.internal.cloudapp.net/10.1.0.15), ReplicationConfig: EC{rs-3-2-1024k}, State:ALLOCATED, leaderId:, CreationTimestamp2023-05-31T22:58:08.885Z[Etc/UTC]].
2023-05-31 22:58:08,886 [IPC Server handler 3 on default port 15001] INFO  pipeline.PipelineManagerImpl (PipelineManagerImpl.java:openPipeline(367)) - Pipeline Pipeline[ Id: 092d8d36-6b56-4303-99d9-f709942e0cb0, Nodes: 667d9742-fdde-4102-a217-b966604d27c1(fv-az844-56.kvdfyhrxhd0epk3sa4trub4njc.xx.internal.cloudapp.net/10.1.0.15)244a53c4-9cb3-439d-93c3-5e05515fc991(fv-az844-56.kvdfyhrxhd0epk3sa4trub4njc.xx.internal.cloudapp.net/10.1.0.15)7c39489c-1c03-44c3-8ed9-36ad43776b05(fv-az844-56.kvdfyhrxhd0epk3sa4trub4njc.xx.internal.cloudapp.net/10.1.0.15)9d40cccf-8c3a-4da2-ab03-ca5c7975d909(fv-az844-56.kvdfyhrxhd0epk3sa4trub4njc.xx.internal.cloudapp.net/10.1.0.15)f4bcbbae-f69c-492d-a431-822e5a7eea0c(fv-az844-56.kvdfyhrxhd0epk3sa4trub4njc.xx.internal.cloudapp.net/10.1.0.15), ReplicationConfig: EC{rs-3-2-1024k}, State:ALLOCATED, leaderId:, CreationTimestamp2023-05-31T22:58:08.885Z[Etc/UTC]] moved to OPEN state
2023-05-31 22:58:09,052 [main] INFO  rpc.RpcClient (RpcClient.java:createVolume(459)) - Creating Volume: 0bebda84-29e9-4a5f-ba37-9d50f63c23a8, with runner as owner and space quota set to -1 bytes, counts quota set to -1
2023-05-31 22:58:09,054 [OM StateMachine ApplyTransaction Thread - 0] INFO  volume.OMVolumeCreateRequest (OMVolumeCreateRequest.java:validateAndUpdateCache(196)) - created volume:0bebda84-29e9-4a5f-ba37-9d50f63c23a8 for user:runner
2023-05-31 22:58:09,057 [main] INFO  rpc.RpcClient (RpcClient.java:createBucket(686)) - Creating Bucket: 0bebda84-29e9-4a5f-ba37-9d50f63c23a8/5d379522-5e84-4dec-866a-1ab6f0772dc4, with server-side default bucket layout, runner as owner, Versioning false, Storage Type set to DISK and Encryption set to false, Replication Type set to server-side default replication type, Namespace Quota set to -1, Space Quota set to -1 
2023-05-31 22:58:09,059 [OM StateMachine ApplyTransaction Thread - 0] INFO  bucket.OMBucketCreateRequest (OMBucketCreateRequest.java:validateAndUpdateCache(270)) - created bucket: 5d379522-5e84-4dec-866a-1ab6f0772dc4 of layout FILE_SYSTEM_OPTIMIZED in volume: 0bebda84-29e9-4a5f-ba37-9d50f63c23a8
2023-05-31 22:58:09,065 [IPC Server handler 6 on default port 15001] INFO  pipeline.PipelineStateManagerImpl (PipelineStateManagerImpl.java:addPipeline(103)) - Created pipeline Pipeline[ Id: 2d922b6e-23d9-4dab-a664-bb37449e36ec, Nodes: 9a93b867-0c49-44e3-a75c-2e530498b118(fv-az844-56.kvdfyhrxhd0epk3sa4trub4njc.xx.internal.cloudapp.net/10.1.0.15)9d40cccf-8c3a-4da2-ab03-ca5c7975d909(fv-az844-56.kvdfyhrxhd0epk3sa4trub4njc.xx.internal.cloudapp.net/10.1.0.15)2fca467b-8261-48a6-b0b4-c0ececcd3716(fv-az844-56.kvdfyhrxhd0epk3sa4trub4njc.xx.internal.cloudapp.net/10.1.0.15)697d5b73-3ed9-4d18-b9d9-ca13a08090ac(fv-az844-56.kvdfyhrxhd0epk3sa4trub4njc.xx.internal.cloudapp.net/10.1.0.15)07122f08-5d38-49f7-8fdd-d2e34ec8d956(fv-az844-56.kvdfyhrxhd0epk3sa4trub4njc.xx.internal.cloudapp.net/10.1.0.15), ReplicationConfig: EC{rs-3-2-1024k}, State:ALLOCATED, leaderId:, CreationTimestamp2023-05-31T22:58:09.064Z[Etc/UTC]].
2023-05-31 22:58:09,066 [IPC Server handler 6 on default port 15001] INFO  pipeline.PipelineManagerImpl (PipelineManagerImpl.java:openPipeline(367)) - Pipeline Pipeline[ Id: 2d922b6e-23d9-4dab-a664-bb37449e36ec, Nodes: 9a93b867-0c49-44e3-a75c-2e530498b118(fv-az844-56.kvdfyhrxhd0epk3sa4trub4njc.xx.internal.cloudapp.net/10.1.0.15)9d40cccf-8c3a-4da2-ab03-ca5c7975d909(fv-az844-56.kvdfyhrxhd0epk3sa4trub4njc.xx.internal.cloudapp.net/10.1.0.15)2fca467b-8261-48a6-b0b4-c0ececcd3716(fv-az844-56.kvdfyhrxhd0epk3sa4trub4njc.xx.internal.cloudapp.net/10.1.0.15)697d5b73-3ed9-4d18-b9d9-ca13a08090ac(fv-az844-56.kvdfyhrxhd0epk3sa4trub4njc.xx.internal.cloudapp.net/10.1.0.15)07122f08-5d38-49f7-8fdd-d2e34ec8d956(fv-az844-56.kvdfyhrxhd0epk3sa4trub4njc.xx.internal.cloudapp.net/10.1.0.15), ReplicationConfig: EC{rs-3-2-1024k}, State:ALLOCATED, leaderId:, CreationTimestamp2023-05-31T22:58:09.064Z[Etc/UTC]] moved to OPEN state
2023-05-31 22:58:09,600 [main] INFO  rpc.RpcClient (RpcClient.java:createVolume(459)) - Creating Volume: 79215b71-56d8-41be-8b1f-061331d22600, with runner as owner and space quota set to -1 bytes, counts quota set to -1
2023-05-31 22:58:09,602 [OM StateMachine ApplyTransaction Thread - 0] INFO  volume.OMVolumeCreateRequest (OMVolumeCreateRequest.java:validateAndUpdateCache(196)) - created volume:79215b71-56d8-41be-8b1f-061331d22600 for user:runner
2023-05-31 22:58:09,604 [main] INFO  rpc.RpcClient (RpcClient.java:createBucket(686)) - Creating Bucket: 79215b71-56d8-41be-8b1f-061331d22600/09d725a6-d0e9-456e-a6af-7d00ad87bc5f, with server-side default bucket layout, runner as owner, Versioning false, Storage Type set to DISK and Encryption set to false, Replication Type set to server-side default replication type, Namespace Quota set to -1, Space Quota set to -1 
2023-05-31 22:58:09,606 [OM StateMachine ApplyTransaction Thread - 0] INFO  bucket.OMBucketCreateRequest (OMBucketCreateRequest.java:validateAndUpdateCache(270)) - created bucket: 09d725a6-d0e9-456e-a6af-7d00ad87bc5f of layout FILE_SYSTEM_OPTIMIZED in volume: 79215b71-56d8-41be-8b1f-061331d22600
2023-05-31 22:58:10,076 [main] INFO  rpc.RpcClient (RpcClient.java:createVolume(459)) - Creating Volume: f49b7a4e-5241-4d14-bd13-424dae883121, with runner as owner and space quota set to -1 bytes, counts quota set to -1
2023-05-31 22:58:10,079 [OM StateMachine ApplyTransaction Thread - 0] INFO  volume.OMVolumeCreateRequest (OMVolumeCreateRequest.java:validateAndUpdateCache(196)) - created volume:f49b7a4e-5241-4d14-bd13-424dae883121 for user:runner
2023-05-31 22:58:10,080 [main] INFO  rpc.RpcClient (RpcClient.java:createBucket(686)) - Creating Bucket: f49b7a4e-5241-4d14-bd13-424dae883121/f2349bc1-8917-4ecd-8b17-ab2664cffd3f, with server-side default bucket layout, runner as owner, Versioning false, Storage Type set to DISK and Encryption set to false, Replication Type set to server-side default replication type, Namespace Quota set to -1, Space Quota set to -1 
2023-05-31 22:58:10,084 [OM StateMachine ApplyTransaction Thread - 0] INFO  bucket.OMBucketCreateRequest (OMBucketCreateRequest.java:validateAndUpdateCache(270)) - created bucket: f2349bc1-8917-4ecd-8b17-ab2664cffd3f of layout FILE_SYSTEM_OPTIMIZED in volume: f49b7a4e-5241-4d14-bd13-424dae883121
2023-05-31 22:58:10,508 [main] INFO  rpc.RpcClient (RpcClient.java:createVolume(459)) - Creating Volume: ceace2bf-8c2b-420a-9c88-c1f408fd1570, with runner as owner and space quota set to -1 bytes, counts quota set to -1
2023-05-31 22:58:10,510 [OM StateMachine ApplyTransaction Thread - 0] INFO  volume.OMVolumeCreateRequest (OMVolumeCreateRequest.java:validateAndUpdateCache(196)) - created volume:ceace2bf-8c2b-420a-9c88-c1f408fd1570 for user:runner
2023-05-31 22:58:10,512 [main] INFO  rpc.RpcClient (RpcClient.java:createBucket(686)) - Creating Bucket: ceace2bf-8c2b-420a-9c88-c1f408fd1570/6583c6d1-c043-4e2f-8a32-1fafe37e2c2a, with server-side default bucket layout, runner as owner, Versioning false, Storage Type set to DISK and Encryption set to false, Replication Type set to server-side default replication type, Namespace Quota set to -1, Space Quota set to -1 
2023-05-31 22:58:10,514 [OM StateMachine ApplyTransaction Thread - 0] INFO  bucket.OMBucketCreateRequest (OMBucketCreateRequest.java:validateAndUpdateCache(270)) - created bucket: 6583c6d1-c043-4e2f-8a32-1fafe37e2c2a of layout FILE_SYSTEM_OPTIMIZED in volume: ceace2bf-8c2b-420a-9c88-c1f408fd1570
2023-05-31 22:58:11,305 [main] INFO  rpc.RpcClient (RpcClient.java:createVolume(459)) - Creating Volume: f54d66ee-45e5-4a71-b7da-0e2637c02343, with runner as owner and space quota set to -1 bytes, counts quota set to -1
2023-05-31 22:58:11,308 [OM StateMachine ApplyTransaction Thread - 0] INFO  volume.OMVolumeCreateRequest (OMVolumeCreateRequest.java:validateAndUpdateCache(196)) - created volume:f54d66ee-45e5-4a71-b7da-0e2637c02343 for user:runner
2023-05-31 22:58:11,310 [main] INFO  rpc.RpcClient (RpcClient.java:createBucket(686)) - Creating Bucket: f54d66ee-45e5-4a71-b7da-0e2637c02343/163578b3-d428-45cc-b01c-9d6960dc6d77, with server-side default bucket layout, runner as owner, Versioning false, Storage Type set to DISK and Encryption set to false, Replication Type set to server-side default replication type, Namespace Quota set to -1, Space Quota set to -1 
2023-05-31 22:58:11,312 [OM StateMachine ApplyTransaction Thread - 0] INFO  bucket.OMBucketCreateRequest (OMBucketCreateRequest.java:validateAndUpdateCache(270)) - created bucket: 163578b3-d428-45cc-b01c-9d6960dc6d77 of layout FILE_SYSTEM_OPTIMIZED in volume: f54d66ee-45e5-4a71-b7da-0e2637c02343
2023-05-31 22:58:11,974 [main] INFO  rpc.RpcClient (RpcClient.java:createVolume(459)) - Creating Volume: 86a15fc3-6117-473f-8d6e-432a0ef86f4e, with runner as owner and space quota set to -1 bytes, counts quota set to -1
2023-05-31 22:58:11,976 [OM StateMachine ApplyTransaction Thread - 0] INFO  volume.OMVolumeCreateRequest (OMVolumeCreateRequest.java:validateAndUpdateCache(196)) - created volume:86a15fc3-6117-473f-8d6e-432a0ef86f4e for user:runner
2023-05-31 22:58:11,982 [main] INFO  rpc.RpcClient (RpcClient.java:createBucket(686)) - Creating Bucket: 86a15fc3-6117-473f-8d6e-432a0ef86f4e/a20ba0f4-5ac6-4bd4-8574-4888aaebf650, with server-side default bucket layout, runner as owner, Versioning false, Storage Type set to DISK and Encryption set to false, Replication Type set to server-side default replication type, Namespace Quota set to -1, Space Quota set to -1 
2023-05-31 22:58:11,986 [OM StateMachine ApplyTransaction Thread - 0] INFO  bucket.OMBucketCreateRequest (OMBucketCreateRequest.java:validateAndUpdateCache(270)) - created bucket: a20ba0f4-5ac6-4bd4-8574-4888aaebf650 of layout FILE_SYSTEM_OPTIMIZED in volume: 86a15fc3-6117-473f-8d6e-432a0ef86f4e
2023-05-31 22:58:12,445 [main] INFO  rpc.RpcClient (RpcClient.java:createVolume(459)) - Creating Volume: e1a28f27-4993-4d2f-9628-1e6dfeea7fd0, with runner as owner and space quota set to -1 bytes, counts quota set to -1
2023-05-31 22:58:12,447 [OM StateMachine ApplyTransaction Thread - 0] INFO  volume.OMVolumeCreateRequest (OMVolumeCreateRequest.java:validateAndUpdateCache(196)) - created volume:e1a28f27-4993-4d2f-9628-1e6dfeea7fd0 for user:runner
2023-05-31 22:58:12,450 [main] INFO  rpc.RpcClient (RpcClient.java:createBucket(686)) - Creating Bucket: e1a28f27-4993-4d2f-9628-1e6dfeea7fd0/83e5d919-09e5-425d-85fe-80ef7211cb19, with server-side default bucket layout, runner as owner, Versioning false, Storage Type set to DISK and Encryption set to false, Replication Type set to server-side default replication type, Namespace Quota set to -1, Space Quota set to -1 
2023-05-31 22:58:12,452 [OM StateMachine ApplyTransaction Thread - 0] INFO  bucket.OMBucketCreateRequest (OMBucketCreateRequest.java:validateAndUpdateCache(270)) - created bucket: 83e5d919-09e5-425d-85fe-80ef7211cb19 of layout FILE_SYSTEM_OPTIMIZED in volume: e1a28f27-4993-4d2f-9628-1e6dfeea7fd0
2023-05-31 22:58:13,551 [main] INFO  rpc.RpcClient (RpcClient.java:createVolume(459)) - Creating Volume: b7336a29-89d4-417b-aea7-0abd9e22f956, with runner as owner and space quota set to -1 bytes, counts quota set to -1
2023-05-31 22:58:13,555 [OM StateMachine ApplyTransaction Thread - 0] INFO  volume.OMVolumeCreateRequest (OMVolumeCreateRequest.java:validateAndUpdateCache(196)) - created volume:b7336a29-89d4-417b-aea7-0abd9e22f956 for user:runner
2023-05-31 22:58:13,556 [main] INFO  rpc.RpcClient (RpcClient.java:createBucket(686)) - Creating Bucket: b7336a29-89d4-417b-aea7-0abd9e22f956/e41eeeea-ca41-4a6c-af79-2152bbc23109, with server-side default bucket layout, runner as owner, Versioning false, Storage Type set to DISK and Encryption set to false, Replication Type set to server-side default replication type, Namespace Quota set to -1, Space Quota set to -1 
2023-05-31 22:58:13,558 [OM StateMachine ApplyTransaction Thread - 0] INFO  bucket.OMBucketCreateRequest (OMBucketCreateRequest.java:validateAndUpdateCache(270)) - created bucket: e41eeeea-ca41-4a6c-af79-2152bbc23109 of layout FILE_SYSTEM_OPTIMIZED in volume: b7336a29-89d4-417b-aea7-0abd9e22f956
2023-05-31 22:58:14,107 [JvmPauseMonitor14] WARN  util.JvmPauseMonitor (JvmPauseMonitor.java:detectPause(124)) - JvmPauseMonitor-f4bcbbae-f69c-492d-a431-822e5a7eea0c: Detected pause in JVM or host machine approximately 0.293s with 0.539s GC time.
GC pool 'PS MarkSweep' had collection(s): count=1 time=452ms
GC pool 'PS Scavenge' had collection(s): count=1 time=87ms
2023-05-31 22:58:14,107 [JvmPauseMonitor2] WARN  util.JvmPauseMonitor (JvmPauseMonitor.java:detectPause(124)) - JvmPauseMonitor-697d5b73-3ed9-4d18-b9d9-ca13a08090ac: Detected pause in JVM or host machine approximately 0.293s with 0.539s GC time.
GC pool 'PS MarkSweep' had collection(s): count=1 time=452ms
GC pool 'PS Scavenge' had collection(s): count=1 time=87ms
2023-05-31 22:58:14,107 [JvmPauseMonitor6] WARN  util.JvmPauseMonitor (JvmPauseMonitor.java:detectPause(124)) - JvmPauseMonitor-83cc0f91-5896-42fb-be30-113915710489: Detected pause in JVM or host machine approximately 0.293s with 0.539s GC time.
GC pool 'PS MarkSweep' had collection(s): count=1 time=452ms
GC pool 'PS Scavenge' had collection(s): count=1 time=87ms
2023-05-31 22:58:14,107 [JvmPauseMonitor0] WARN  util.JvmPauseMonitor (JvmPauseMonitor.java:detectPause(124)) - JvmPauseMonitor-om1: Detected pause in JVM or host machine approximately 0.293s with 0.539s GC time.
GC pool 'PS MarkSweep' had collection(s): count=1 time=452ms
GC pool 'PS Scavenge' had collection(s): count=1 time=87ms
2023-05-31 22:58:14,108 [JvmPauseMonitor7] WARN  util.JvmPauseMonitor (JvmPauseMonitor.java:detectPause(124)) - JvmPauseMonitor-667d9742-fdde-4102-a217-b966604d27c1: Detected pause in JVM or host machine approximately 0.293s with 0.539s GC time.
GC pool 'PS MarkSweep' had collection(s): count=1 time=452ms
GC pool 'PS Scavenge' had collection(s): count=1 time=87ms
2023-05-31 22:58:14,108 [JvmPauseMonitor12] WARN  util.JvmPauseMonitor (JvmPauseMonitor.java:detectPause(124)) - JvmPauseMonitor-244a53c4-9cb3-439d-93c3-5e05515fc991: Detected pause in JVM or host machine approximately 0.294s with 0.539s GC time.
GC pool 'PS MarkSweep' had collection(s): count=1 time=452ms
GC pool 'PS Scavenge' had collection(s): count=1 time=87ms
2023-05-31 22:58:14,108 [JvmPauseMonitor8] WARN  util.JvmPauseMonitor (JvmPauseMonitor.java:detectPause(124)) - JvmPauseMonitor-d17261cb-7782-4d5f-ae0d-593ca4af9c73: Detected pause in JVM or host machine approximately 0.294s with 0.539s GC time.
GC pool 'PS MarkSweep' had collection(s): count=1 time=452ms
GC pool 'PS Scavenge' had collection(s): count=1 time=87ms
2023-05-31 22:58:14,108 [JvmPauseMonitor10] WARN  util.JvmPauseMonitor (JvmPauseMonitor.java:detectPause(124)) - JvmPauseMonitor-07122f08-5d38-49f7-8fdd-d2e34ec8d956: Detected pause in JVM or host machine approximately 0.294s with 0.539s GC time.
GC pool 'PS MarkSweep' had collection(s): count=1 time=452ms
GC pool 'PS Scavenge' had collection(s): count=1 time=87ms
2023-05-31 22:58:14,108 [JvmPauseMonitor13] WARN  util.JvmPauseMonitor (JvmPauseMonitor.java:detectPause(124)) - JvmPauseMonitor-2fca467b-8261-48a6-b0b4-c0ececcd3716: Detected pause in JVM or host machine approximately 0.312s with 0.539s GC time.
GC pool 'PS MarkSweep' had collection(s): count=1 time=452ms
GC pool 'PS Scavenge' had collection(s): count=1 time=87ms
2023-05-31 22:58:14,109 [JvmPauseMonitor1] WARN  util.JvmPauseMonitor (JvmPauseMonitor.java:detectPause(124)) - JvmPauseMonitor-9a93b867-0c49-44e3-a75c-2e530498b118: Detected pause in JVM or host machine approximately 0.312s with 0.539s GC time.
GC pool 'PS MarkSweep' had collection(s): count=1 time=452ms
GC pool 'PS Scavenge' had collection(s): count=1 time=87ms
2023-05-31 22:58:14,109 [JvmPauseMonitor9] WARN  util.JvmPauseMonitor (JvmPauseMonitor.java:detectPause(124)) - JvmPauseMonitor-7c39489c-1c03-44c3-8ed9-36ad43776b05: Detected pause in JVM or host machine approximately 0.312s with 0.539s GC time.
GC pool 'PS MarkSweep' had collection(s): count=1 time=452ms
GC pool 'PS Scavenge' had collection(s): count=1 time=87ms
2023-05-31 22:58:14,109 [JvmPauseMonitor4] WARN  util.JvmPauseMonitor (JvmPauseMonitor.java:detectPause(124)) - JvmPauseMonitor-41c98476-2059-4142-8ca0-ae93b0d149f4: Detected pause in JVM or host machine approximately 0.313s with 0.539s GC time.
GC pool 'PS MarkSweep' had collection(s): count=1 time=452ms
GC pool 'PS Scavenge' had collection(s): count=1 time=87ms
2023-05-31 22:58:14,109 [JvmPauseMonitor3] WARN  util.JvmPauseMonitor (JvmPauseMonitor.java:detectPause(124)) - JvmPauseMonitor-cdb52bc9-5e07-4eca-b7fa-f50f992e3122: Detected pause in JVM or host machine approximately 0.322s with 0.539s GC time.
GC pool 'PS MarkSweep' had collection(s): count=1 time=452ms
GC pool 'PS Scavenge' had collection(s): count=1 time=87ms
2023-05-31 22:58:14,109 [JvmPauseMonitor5] WARN  util.JvmPauseMonitor (JvmPauseMonitor.java:detectPause(124)) - JvmPauseMonitor-9d40cccf-8c3a-4da2-ab03-ca5c7975d909: Detected pause in JVM or host machine approximately 0.327s with 0.539s GC time.
GC pool 'PS MarkSweep' had collection(s): count=1 time=452ms
GC pool 'PS Scavenge' had collection(s): count=1 time=87ms
2023-05-31 22:58:14,109 [JvmPauseMonitor11] WARN  util.JvmPauseMonitor (JvmPauseMonitor.java:detectPause(124)) - JvmPauseMonitor-160cf24b-84e6-41e3-a0dc-1baa6b89aef1: Detected pause in JVM or host machine approximately 0.327s with 0.539s GC time.
GC pool 'PS MarkSweep' had collection(s): count=1 time=452ms
GC pool 'PS Scavenge' had collection(s): count=1 time=87ms
2023-05-31 22:58:14,110 [667d9742-fdde-4102-a217-b966604d27c1@group-07921CB9432D-FollowerState] WARN  impl.FollowerState (FollowerState.java:run(130)) - Unexpected long sleep: sleep 5149ms but took extra 354648238ns (> threshold = 300ms)
2023-05-31 22:58:14,110 [7c39489c-1c03-44c3-8ed9-36ad43776b05@group-FF6D5E61F6B2-FollowerState] WARN  impl.FollowerState (FollowerState.java:run(130)) - Unexpected long sleep: sleep 5165ms but took extra 366739013ns (> threshold = 300ms)
2023-05-31 22:58:14,586 [main] INFO  rpc.RpcClient (RpcClient.java:createVolume(459)) - Creating Volume: 020ee312-8675-49a4-812c-8ca209aeeffe, with runner as owner and space quota set to -1 bytes, counts quota set to -1
2023-05-31 22:58:14,589 [OM StateMachine ApplyTransaction Thread - 0] INFO  volume.OMVolumeCreateRequest (OMVolumeCreateRequest.java:validateAndUpdateCache(196)) - created volume:020ee312-8675-49a4-812c-8ca209aeeffe for user:runner
2023-05-31 22:58:14,591 [main] INFO  rpc.RpcClient (RpcClient.java:createBucket(686)) - Creating Bucket: 020ee312-8675-49a4-812c-8ca209aeeffe/2922659b-4711-43a6-9da7-01fbe8ec1f91, with server-side default bucket layout, runner as owner, Versioning false, Storage Type set to DISK and Encryption set to false, Replication Type set to server-side default replication type, Namespace Quota set to -1, Space Quota set to -1 
2023-05-31 22:58:14,594 [OM StateMachine ApplyTransaction Thread - 0] INFO  bucket.OMBucketCreateRequest (OMBucketCreateRequest.java:validateAndUpdateCache(270)) - created bucket: 2922659b-4711-43a6-9da7-01fbe8ec1f91 of layout FILE_SYSTEM_OPTIMIZED in volume: 020ee312-8675-49a4-812c-8ca209aeeffe
2023-05-31 22:58:15,167 [main] INFO  rpc.RpcClient (RpcClient.java:createVolume(459)) - Creating Volume: f0785dd9-14bf-4279-b424-9d13a2e702f6, with runner as owner and space quota set to -1 bytes, counts quota set to -1
2023-05-31 22:58:15,170 [OM StateMachine ApplyTransaction Thread - 0] INFO  volume.OMVolumeCreateRequest (OMVolumeCreateRequest.java:validateAndUpdateCache(196)) - created volume:f0785dd9-14bf-4279-b424-9d13a2e702f6 for user:runner
2023-05-31 22:58:15,172 [main] INFO  rpc.RpcClient (RpcClient.java:createBucket(686)) - Creating Bucket: f0785dd9-14bf-4279-b424-9d13a2e702f6/ee7e82a0-5f7f-4fd5-b525-476f0b571e03, with server-side default bucket layout, runner as owner, Versioning false, Storage Type set to DISK and Encryption set to false, Replication Type set to server-side default replication type, Namespace Quota set to -1, Space Quota set to -1 
2023-05-31 22:58:15,175 [OM StateMachine ApplyTransaction Thread - 0] INFO  bucket.OMBucketCreateRequest (OMBucketCreateRequest.java:validateAndUpdateCache(270)) - created bucket: ee7e82a0-5f7f-4fd5-b525-476f0b571e03 of layout FILE_SYSTEM_OPTIMIZED in volume: f0785dd9-14bf-4279-b424-9d13a2e702f6
]]></system-out>
  </testcase>
  <testcase name="testBucketQuotaInNamespace" classname="org.apache.hadoop.ozone.client.rpc.TestOzoneRpcClient" time="0.218">
    <system-out><![CDATA[2023-05-31 22:58:16,193 [main] INFO  rpc.RpcClient (RpcClient.java:createVolume(459)) - Creating Volume: 1bf32d33-5911-4cc9-a2f3-9e89e28de274, with runner as owner and space quota set to -1 bytes, counts quota set to -1
2023-05-31 22:58:16,196 [OM StateMachine ApplyTransaction Thread - 0] INFO  volume.OMVolumeCreateRequest (OMVolumeCreateRequest.java:validateAndUpdateCache(196)) - created volume:1bf32d33-5911-4cc9-a2f3-9e89e28de274 for user:runner
2023-05-31 22:58:16,197 [main] INFO  rpc.RpcClient (RpcClient.java:createBucket(686)) - Creating Bucket: 1bf32d33-5911-4cc9-a2f3-9e89e28de274/f6525789-0e3e-4f7f-a2f6-3c1cc0fe726c, with server-side default bucket layout, runner as owner, Versioning false, Storage Type set to DISK and Encryption set to false, Replication Type set to server-side default replication type, Namespace Quota set to -1, Space Quota set to -1 
2023-05-31 22:58:16,200 [OM StateMachine ApplyTransaction Thread - 0] INFO  bucket.OMBucketCreateRequest (OMBucketCreateRequest.java:validateAndUpdateCache(270)) - created bucket: f6525789-0e3e-4f7f-a2f6-3c1cc0fe726c of layout FILE_SYSTEM_OPTIMIZED in volume: 1bf32d33-5911-4cc9-a2f3-9e89e28de274
22:58:16.388 [OM StateMachine ApplyTransaction Thread - 0] ERROR OMAudit - user=runner | ip=127.0.0.1 | op=ALLOCATE_KEY {volume=1bf32d33-5911-4cc9-a2f3-9e89e28de274, bucket=f6525789-0e3e-4f7f-a2f6-3c1cc0fe726c, key=a7de66bb-68cc-40cb-a491-15a0a9754c69, dataSize=12, replicationType=RATIS, replicationFactor=ONE} | ret=FAILURE
org.apache.hadoop.ozone.om.exceptions.OMException: The namespace quota of Bucket:f6525789-0e3e-4f7f-a2f6-3c1cc0fe726c exceeded: quotaInNamespace: 2 but namespace consumed: 3.
	at org.apache.hadoop.ozone.om.request.key.OMKeyRequest.checkBucketQuotaInNamespace(OMKeyRequest.java:555) ~[ozone-manager-1.4.0-SNAPSHOT.jar:?]
	at org.apache.hadoop.ozone.om.request.key.OMKeyCreateRequestWithFSO.validateAndUpdateCache(OMKeyCreateRequestWithFSO.java:189) ~[ozone-manager-1.4.0-SNAPSHOT.jar:?]
	at org.apache.hadoop.ozone.protocolPB.OzoneManagerRequestHandler.handleWriteRequest(OzoneManagerRequestHandler.java:338) ~[ozone-manager-1.4.0-SNAPSHOT.jar:?]
	at org.apache.hadoop.ozone.om.ratis.OzoneManagerStateMachine.runCommand(OzoneManagerStateMachine.java:567) ~[ozone-manager-1.4.0-SNAPSHOT.jar:?]
	at org.apache.hadoop.ozone.om.ratis.OzoneManagerStateMachine.lambda$1(OzoneManagerStateMachine.java:358) ~[ozone-manager-1.4.0-SNAPSHOT.jar:?]
	at java.util.concurrent.CompletableFuture$AsyncSupply.run(CompletableFuture.java:1604) [?:1.8.0_362]
	at java.util.concurrent.ThreadPoolExecutor.runWorker(ThreadPoolExecutor.java:1149) [?:1.8.0_362]
	at java.util.concurrent.ThreadPoolExecutor$Worker.run(ThreadPoolExecutor.java:624) [?:1.8.0_362]
	at java.lang.Thread.run(Thread.java:750) [?:1.8.0_362]
2023-05-31 22:58:16,388 [OM StateMachine ApplyTransaction Thread - 0] ERROR key.OMKeyCreateRequest (OMKeyCreateRequest.java:logResult(380)) - Key creation failed. Volume:1bf32d33-5911-4cc9-a2f3-9e89e28de274, Bucket:f6525789-0e3e-4f7f-a2f6-3c1cc0fe726c, Key:a7de66bb-68cc-40cb-a491-15a0a9754c69. 
QUOTA_EXCEEDED org.apache.hadoop.ozone.om.exceptions.OMException: The namespace quota of Bucket:f6525789-0e3e-4f7f-a2f6-3c1cc0fe726c exceeded: quotaInNamespace: 2 but namespace consumed: 3.
	at org.apache.hadoop.ozone.om.request.key.OMKeyRequest.checkBucketQuotaInNamespace(OMKeyRequest.java:555)
	at org.apache.hadoop.ozone.om.request.key.OMKeyCreateRequestWithFSO.validateAndUpdateCache(OMKeyCreateRequestWithFSO.java:189)
	at org.apache.hadoop.ozone.protocolPB.OzoneManagerRequestHandler.handleWriteRequest(OzoneManagerRequestHandler.java:338)
	at org.apache.hadoop.ozone.om.ratis.OzoneManagerStateMachine.runCommand(OzoneManagerStateMachine.java:567)
	at org.apache.hadoop.ozone.om.ratis.OzoneManagerStateMachine.lambda$1(OzoneManagerStateMachine.java:358)
	at java.util.concurrent.CompletableFuture$AsyncSupply.run(CompletableFuture.java:1604)
	at java.util.concurrent.ThreadPoolExecutor.runWorker(ThreadPoolExecutor.java:1149)
	at java.util.concurrent.ThreadPoolExecutor$Worker.run(ThreadPoolExecutor.java:624)
	at java.lang.Thread.run(Thread.java:750)
]]></system-out>
  </testcase>
  <testcase name="testBucketSetOwner" classname="org.apache.hadoop.ozone.client.rpc.TestOzoneRpcClient" time="0.034">
    <system-out><![CDATA[2023-05-31 22:58:16,413 [main] INFO  rpc.RpcClient (RpcClient.java:createVolume(459)) - Creating Volume: 3787960a-3393-48bf-94e8-4fbc26d51c8b, with runner as owner and space quota set to -1 bytes, counts quota set to -1
2023-05-31 22:58:16,416 [OM StateMachine ApplyTransaction Thread - 0] INFO  volume.OMVolumeCreateRequest (OMVolumeCreateRequest.java:validateAndUpdateCache(196)) - created volume:3787960a-3393-48bf-94e8-4fbc26d51c8b for user:runner
2023-05-31 22:58:16,419 [main] INFO  rpc.RpcClient (RpcClient.java:createBucket(686)) - Creating Bucket: 3787960a-3393-48bf-94e8-4fbc26d51c8b/1863b732-611a-4abb-9673-9499439686e3, with server-side default bucket layout, runner as owner, Versioning false, Storage Type set to DISK and Encryption set to false, Replication Type set to server-side default replication type, Namespace Quota set to -1, Space Quota set to -1 
2023-05-31 22:58:16,421 [OM StateMachine ApplyTransaction Thread - 0] INFO  bucket.OMBucketCreateRequest (OMBucketCreateRequest.java:validateAndUpdateCache(270)) - created bucket: 1863b732-611a-4abb-9673-9499439686e3 of layout FILE_SYSTEM_OPTIMIZED in volume: 3787960a-3393-48bf-94e8-4fbc26d51c8b
]]></system-out>
  </testcase>
  <testcase name="testBucketUsedBytes" classname="org.apache.hadoop.ozone.client.rpc.TestOzoneRpcClient" time="0.182">
    <system-out><![CDATA[2023-05-31 22:58:16,448 [main] INFO  rpc.RpcClient (RpcClient.java:createVolume(459)) - Creating Volume: 0e5a62bd-6f6c-4d27-ab65-3496bde52325, with runner as owner and space quota set to -1 bytes, counts quota set to -1
2023-05-31 22:58:16,452 [OM StateMachine ApplyTransaction Thread - 0] INFO  volume.OMVolumeCreateRequest (OMVolumeCreateRequest.java:validateAndUpdateCache(196)) - created volume:0e5a62bd-6f6c-4d27-ab65-3496bde52325 for user:runner
2023-05-31 22:58:16,454 [main] INFO  rpc.RpcClient (RpcClient.java:createBucket(686)) - Creating Bucket: 0e5a62bd-6f6c-4d27-ab65-3496bde52325/44f7b05f-c3ea-4843-b857-b39f0b67c11c, with bucket layout OBJECT_STORE, runner as owner, Versioning false, Storage Type set to DISK and Encryption set to false, Replication Type set to server-side default replication type, Namespace Quota set to -1, Space Quota set to -1 
2023-05-31 22:58:16,457 [OM StateMachine ApplyTransaction Thread - 0] INFO  bucket.OMBucketCreateRequest (OMBucketCreateRequest.java:validateAndUpdateCache(270)) - created bucket: 44f7b05f-c3ea-4843-b857-b39f0b67c11c of layout OBJECT_STORE in volume: 0e5a62bd-6f6c-4d27-ab65-3496bde52325
]]></system-out>
  </testcase>
  <testcase name="testBucketUsedNamespace(BucketLayout)[1]" classname="org.apache.hadoop.ozone.client.rpc.TestOzoneRpcClient" time="0.24">
    <system-out><![CDATA[2023-05-31 22:58:16,632 [main] INFO  rpc.RpcClient (RpcClient.java:createVolume(459)) - Creating Volume: cddb17b6-1729-4153-b020-df2ecec70f9e, with runner as owner and space quota set to -1 bytes, counts quota set to -1
2023-05-31 22:58:16,635 [OM StateMachine ApplyTransaction Thread - 0] INFO  volume.OMVolumeCreateRequest (OMVolumeCreateRequest.java:validateAndUpdateCache(196)) - created volume:cddb17b6-1729-4153-b020-df2ecec70f9e for user:runner
2023-05-31 22:58:16,638 [main] INFO  rpc.RpcClient (RpcClient.java:createBucket(686)) - Creating Bucket: cddb17b6-1729-4153-b020-df2ecec70f9e/2a505e25-8bd9-4b04-94db-b749d18bb11c, with bucket layout OBJECT_STORE, runner as owner, Versioning false, Storage Type set to DISK and Encryption set to false, Replication Type set to server-side default replication type, Namespace Quota set to -1, Space Quota set to -1 
2023-05-31 22:58:16,640 [OM StateMachine ApplyTransaction Thread - 0] INFO  bucket.OMBucketCreateRequest (OMBucketCreateRequest.java:validateAndUpdateCache(270)) - created bucket: 2a505e25-8bd9-4b04-94db-b749d18bb11c of layout OBJECT_STORE in volume: cddb17b6-1729-4153-b020-df2ecec70f9e
]]></system-out>
  </testcase>
  <testcase name="testBucketUsedNamespace(BucketLayout)[2]" classname="org.apache.hadoop.ozone.client.rpc.TestOzoneRpcClient" time="0.192">
    <system-out><![CDATA[2023-05-31 22:58:16,875 [main] INFO  rpc.RpcClient (RpcClient.java:createVolume(459)) - Creating Volume: f1aa91c1-37f6-41fe-bc49-a787e0e5d93c, with runner as owner and space quota set to -1 bytes, counts quota set to -1
2023-05-31 22:58:16,878 [OM StateMachine ApplyTransaction Thread - 0] INFO  volume.OMVolumeCreateRequest (OMVolumeCreateRequest.java:validateAndUpdateCache(196)) - created volume:f1aa91c1-37f6-41fe-bc49-a787e0e5d93c for user:runner
2023-05-31 22:58:16,880 [main] INFO  rpc.RpcClient (RpcClient.java:createBucket(686)) - Creating Bucket: f1aa91c1-37f6-41fe-bc49-a787e0e5d93c/dbdae123-2ad8-4260-8005-328a25f88fbc, with bucket layout LEGACY, runner as owner, Versioning false, Storage Type set to DISK and Encryption set to false, Replication Type set to server-side default replication type, Namespace Quota set to -1, Space Quota set to -1 
2023-05-31 22:58:16,882 [OM StateMachine ApplyTransaction Thread - 0] INFO  bucket.OMBucketCreateRequest (OMBucketCreateRequest.java:validateAndUpdateCache(270)) - created bucket: dbdae123-2ad8-4260-8005-328a25f88fbc of layout LEGACY in volume: f1aa91c1-37f6-41fe-bc49-a787e0e5d93c
]]></system-out>
  </testcase>
  <testcase name="testBucketUsedNamespace(BucketLayout)[3]" classname="org.apache.hadoop.ozone.client.rpc.TestOzoneRpcClient" time="0.231">
    <system-out><![CDATA[2023-05-31 22:58:17,065 [main] INFO  rpc.RpcClient (RpcClient.java:createVolume(459)) - Creating Volume: 51e5d98c-b071-4c6f-ad24-b49e69358754, with runner as owner and space quota set to -1 bytes, counts quota set to -1
2023-05-31 22:58:17,068 [OM StateMachine ApplyTransaction Thread - 0] INFO  volume.OMVolumeCreateRequest (OMVolumeCreateRequest.java:validateAndUpdateCache(196)) - created volume:51e5d98c-b071-4c6f-ad24-b49e69358754 for user:runner
2023-05-31 22:58:17,070 [main] INFO  rpc.RpcClient (RpcClient.java:createBucket(686)) - Creating Bucket: 51e5d98c-b071-4c6f-ad24-b49e69358754/8e067e73-6fd7-41d9-a281-f2f9e7dc215d, with bucket layout FILE_SYSTEM_OPTIMIZED, runner as owner, Versioning false, Storage Type set to DISK and Encryption set to false, Replication Type set to server-side default replication type, Namespace Quota set to -1, Space Quota set to -1 
2023-05-31 22:58:17,072 [OM StateMachine ApplyTransaction Thread - 0] INFO  bucket.OMBucketCreateRequest (OMBucketCreateRequest.java:validateAndUpdateCache(270)) - created bucket: 8e067e73-6fd7-41d9-a281-f2f9e7dc215d of layout FILE_SYSTEM_OPTIMIZED in volume: 51e5d98c-b071-4c6f-ad24-b49e69358754
]]></system-out>
  </testcase>
  <testcase name="testCheckUsedBytesQuota" classname="org.apache.hadoop.ozone.client.rpc.TestOzoneRpcClient" time="0.947">
    <system-out><![CDATA[2023-05-31 22:58:17,297 [main] INFO  rpc.RpcClient (RpcClient.java:createVolume(459)) - Creating Volume: 1e55587a-51fc-4ae3-897f-3d03efcf29a4, with runner as owner and space quota set to -1 bytes, counts quota set to -1
2023-05-31 22:58:17,300 [OM StateMachine ApplyTransaction Thread - 0] INFO  volume.OMVolumeCreateRequest (OMVolumeCreateRequest.java:validateAndUpdateCache(196)) - created volume:1e55587a-51fc-4ae3-897f-3d03efcf29a4 for user:runner
2023-05-31 22:58:17,302 [main] INFO  rpc.RpcClient (RpcClient.java:createBucket(686)) - Creating Bucket: 1e55587a-51fc-4ae3-897f-3d03efcf29a4/9d9bb313-13f3-4e93-8306-5635e408c061, with server-side default bucket layout, runner as owner, Versioning false, Storage Type set to DISK and Encryption set to false, Replication Type set to server-side default replication type, Namespace Quota set to -1, Space Quota set to -1 
2023-05-31 22:58:17,304 [OM StateMachine ApplyTransaction Thread - 0] INFO  bucket.OMBucketCreateRequest (OMBucketCreateRequest.java:validateAndUpdateCache(270)) - created bucket: 9d9bb313-13f3-4e93-8306-5635e408c061 of layout FILE_SYSTEM_OPTIMIZED in volume: 1e55587a-51fc-4ae3-897f-3d03efcf29a4
2023-05-31 22:58:17,310 [main] INFO  rpc.RpcClient (RpcClient.java:createBucket(686)) - Creating Bucket: 1e55587a-51fc-4ae3-897f-3d03efcf29a4/e1cf4926-9aa1-4fcb-a8e3-c55bc7b44500, with server-side default bucket layout, runner as owner, Versioning false, Storage Type set to DISK and Encryption set to false, Replication Type set to server-side default replication type, Namespace Quota set to -1, Space Quota set to -1 
2023-05-31 22:58:17,312 [OM StateMachine ApplyTransaction Thread - 0] INFO  bucket.OMBucketCreateRequest (OMBucketCreateRequest.java:validateAndUpdateCache(270)) - created bucket: e1cf4926-9aa1-4fcb-a8e3-c55bc7b44500 of layout FILE_SYSTEM_OPTIMIZED in volume: 1e55587a-51fc-4ae3-897f-3d03efcf29a4
22:58:17.343 [OM StateMachine ApplyTransaction Thread - 0] ERROR OMAudit - user=runner | ip=127.0.0.1 | op=ALLOCATE_KEY {volume=1e55587a-51fc-4ae3-897f-3d03efcf29a4, bucket=e1cf4926-9aa1-4fcb-a8e3-c55bc7b44500, key=09afb7f0-5669-4b40-a219-0bf8a2b9fe73, dataSize=12, replicationType=RATIS, replicationFactor=ONE} | ret=FAILURE
org.apache.hadoop.ozone.om.exceptions.OMException: The DiskSpace quota of bucket:e1cf4926-9aa1-4fcb-a8e3-c55bc7b44500 exceeded quotaInBytes: 1 Bytes but diskspace consumed: 4194304 Bytes.
	at org.apache.hadoop.ozone.om.request.key.OMKeyRequest.checkBucketQuotaInBytes(OMKeyRequest.java:536) ~[ozone-manager-1.4.0-SNAPSHOT.jar:?]
	at org.apache.hadoop.ozone.om.request.key.OMKeyCreateRequestWithFSO.validateAndUpdateCache(OMKeyCreateRequestWithFSO.java:187) ~[ozone-manager-1.4.0-SNAPSHOT.jar:?]
	at org.apache.hadoop.ozone.protocolPB.OzoneManagerRequestHandler.handleWriteRequest(OzoneManagerRequestHandler.java:338) ~[ozone-manager-1.4.0-SNAPSHOT.jar:?]
	at org.apache.hadoop.ozone.om.ratis.OzoneManagerStateMachine.runCommand(OzoneManagerStateMachine.java:567) ~[ozone-manager-1.4.0-SNAPSHOT.jar:?]
	at org.apache.hadoop.ozone.om.ratis.OzoneManagerStateMachine.lambda$1(OzoneManagerStateMachine.java:358) ~[ozone-manager-1.4.0-SNAPSHOT.jar:?]
	at java.util.concurrent.CompletableFuture$AsyncSupply.run(CompletableFuture.java:1604) [?:1.8.0_362]
	at java.util.concurrent.ThreadPoolExecutor.runWorker(ThreadPoolExecutor.java:1149) [?:1.8.0_362]
	at java.util.concurrent.ThreadPoolExecutor$Worker.run(ThreadPoolExecutor.java:624) [?:1.8.0_362]
	at java.lang.Thread.run(Thread.java:750) [?:1.8.0_362]
2023-05-31 22:58:17,343 [OM StateMachine ApplyTransaction Thread - 0] ERROR key.OMKeyCreateRequest (OMKeyCreateRequest.java:logResult(380)) - Key creation failed. Volume:1e55587a-51fc-4ae3-897f-3d03efcf29a4, Bucket:e1cf4926-9aa1-4fcb-a8e3-c55bc7b44500, Key:09afb7f0-5669-4b40-a219-0bf8a2b9fe73. 
QUOTA_EXCEEDED org.apache.hadoop.ozone.om.exceptions.OMException: The DiskSpace quota of bucket:e1cf4926-9aa1-4fcb-a8e3-c55bc7b44500 exceeded quotaInBytes: 1 Bytes but diskspace consumed: 4194304 Bytes.
	at org.apache.hadoop.ozone.om.request.key.OMKeyRequest.checkBucketQuotaInBytes(OMKeyRequest.java:536)
	at org.apache.hadoop.ozone.om.request.key.OMKeyCreateRequestWithFSO.validateAndUpdateCache(OMKeyCreateRequestWithFSO.java:187)
	at org.apache.hadoop.ozone.protocolPB.OzoneManagerRequestHandler.handleWriteRequest(OzoneManagerRequestHandler.java:338)
	at org.apache.hadoop.ozone.om.ratis.OzoneManagerStateMachine.runCommand(OzoneManagerStateMachine.java:567)
	at org.apache.hadoop.ozone.om.ratis.OzoneManagerStateMachine.lambda$1(OzoneManagerStateMachine.java:358)
	at java.util.concurrent.CompletableFuture$AsyncSupply.run(CompletableFuture.java:1604)
	at java.util.concurrent.ThreadPoolExecutor.runWorker(ThreadPoolExecutor.java:1149)
	at java.util.concurrent.ThreadPoolExecutor$Worker.run(ThreadPoolExecutor.java:624)
	at java.lang.Thread.run(Thread.java:750)
22:58:17.365 [OM StateMachine ApplyTransaction Thread - 0] ERROR OMAudit - user=runner | ip=127.0.0.1 | op=CREATE_FILE {volume=1e55587a-51fc-4ae3-897f-3d03efcf29a4, bucket=e1cf4926-9aa1-4fcb-a8e3-c55bc7b44500, key=8c5a6920-4ba7-41ad-9c5a-f42073570a58, dataSize=4194304, replicationType=RATIS, replicationFactor=ONE} | ret=FAILURE
org.apache.hadoop.ozone.om.exceptions.OMException: The DiskSpace quota of bucket:e1cf4926-9aa1-4fcb-a8e3-c55bc7b44500 exceeded quotaInBytes: 1 Bytes but diskspace consumed: 4194304 Bytes.
	at org.apache.hadoop.ozone.om.request.key.OMKeyRequest.checkBucketQuotaInBytes(OMKeyRequest.java:536) ~[ozone-manager-1.4.0-SNAPSHOT.jar:?]
	at org.apache.hadoop.ozone.om.request.file.OMFileCreateRequestWithFSO.validateAndUpdateCache(OMFileCreateRequestWithFSO.java:201) ~[ozone-manager-1.4.0-SNAPSHOT.jar:?]
	at org.apache.hadoop.ozone.protocolPB.OzoneManagerRequestHandler.handleWriteRequest(OzoneManagerRequestHandler.java:338) ~[ozone-manager-1.4.0-SNAPSHOT.jar:?]
	at org.apache.hadoop.ozone.om.ratis.OzoneManagerStateMachine.runCommand(OzoneManagerStateMachine.java:567) ~[ozone-manager-1.4.0-SNAPSHOT.jar:?]
	at org.apache.hadoop.ozone.om.ratis.OzoneManagerStateMachine.lambda$1(OzoneManagerStateMachine.java:358) ~[ozone-manager-1.4.0-SNAPSHOT.jar:?]
	at java.util.concurrent.CompletableFuture$AsyncSupply.run(CompletableFuture.java:1604) [?:1.8.0_362]
	at java.util.concurrent.ThreadPoolExecutor.runWorker(ThreadPoolExecutor.java:1149) [?:1.8.0_362]
	at java.util.concurrent.ThreadPoolExecutor$Worker.run(ThreadPoolExecutor.java:624) [?:1.8.0_362]
	at java.lang.Thread.run(Thread.java:750) [?:1.8.0_362]
2023-05-31 22:58:17,365 [OM StateMachine ApplyTransaction Thread - 0] ERROR file.OMFileCreateRequestWithFSO (OMFileCreateRequestWithFSO.java:validateAndUpdateCache(260)) - File create failed. Volume:1e55587a-51fc-4ae3-897f-3d03efcf29a4, Bucket:e1cf4926-9aa1-4fcb-a8e3-c55bc7b44500, Key:8c5a6920-4ba7-41ad-9c5a-f42073570a58.
QUOTA_EXCEEDED org.apache.hadoop.ozone.om.exceptions.OMException: The DiskSpace quota of bucket:e1cf4926-9aa1-4fcb-a8e3-c55bc7b44500 exceeded quotaInBytes: 1 Bytes but diskspace consumed: 4194304 Bytes.
	at org.apache.hadoop.ozone.om.request.key.OMKeyRequest.checkBucketQuotaInBytes(OMKeyRequest.java:536)
	at org.apache.hadoop.ozone.om.request.file.OMFileCreateRequestWithFSO.validateAndUpdateCache(OMFileCreateRequestWithFSO.java:201)
	at org.apache.hadoop.ozone.protocolPB.OzoneManagerRequestHandler.handleWriteRequest(OzoneManagerRequestHandler.java:338)
	at org.apache.hadoop.ozone.om.ratis.OzoneManagerStateMachine.runCommand(OzoneManagerStateMachine.java:567)
	at org.apache.hadoop.ozone.om.ratis.OzoneManagerStateMachine.lambda$1(OzoneManagerStateMachine.java:358)
	at java.util.concurrent.CompletableFuture$AsyncSupply.run(CompletableFuture.java:1604)
	at java.util.concurrent.ThreadPoolExecutor.runWorker(ThreadPoolExecutor.java:1149)
	at java.util.concurrent.ThreadPoolExecutor$Worker.run(ThreadPoolExecutor.java:624)
	at java.lang.Thread.run(Thread.java:750)
2023-05-31 22:58:18,180 [OM StateMachine ApplyTransaction Thread - 0] ERROR key.OMAllocateBlockRequestWithFSO (OMAllocateBlockRequestWithFSO.java:validateAndUpdateCache(182)) - Allocate Block failed. Volume:1e55587a-51fc-4ae3-897f-3d03efcf29a4, Bucket:e1cf4926-9aa1-4fcb-a8e3-c55bc7b44500, OpenKey:/-9223372036854631168/-9223372036854629632/-9223372036854629632/31e60539-3f4e-4c56-ad93-fc4b015ce1bd/110465770938368077. Exception:{}
QUOTA_EXCEEDED org.apache.hadoop.ozone.om.exceptions.OMException: The DiskSpace quota of bucket:e1cf4926-9aa1-4fcb-a8e3-c55bc7b44500 exceeded quotaInBytes: 16777216 Bytes but diskspace consumed: 20971520 Bytes.
	at org.apache.hadoop.ozone.om.request.key.OMKeyRequest.checkBucketQuotaInBytes(OMKeyRequest.java:536)
	at org.apache.hadoop.ozone.om.request.key.OMAllocateBlockRequestWithFSO.validateAndUpdateCache(OMAllocateBlockRequestWithFSO.java:155)
	at org.apache.hadoop.ozone.protocolPB.OzoneManagerRequestHandler.handleWriteRequest(OzoneManagerRequestHandler.java:338)
	at org.apache.hadoop.ozone.om.ratis.OzoneManagerStateMachine.runCommand(OzoneManagerStateMachine.java:567)
	at org.apache.hadoop.ozone.om.ratis.OzoneManagerStateMachine.lambda$1(OzoneManagerStateMachine.java:358)
	at java.util.concurrent.CompletableFuture$AsyncSupply.run(CompletableFuture.java:1604)
	at java.util.concurrent.ThreadPoolExecutor.runWorker(ThreadPoolExecutor.java:1149)
	at java.util.concurrent.ThreadPoolExecutor$Worker.run(ThreadPoolExecutor.java:624)
	at java.lang.Thread.run(Thread.java:750)
22:58:18.181 [OM StateMachine ApplyTransaction Thread - 0] ERROR OMAudit - user=runner | ip=127.0.0.1 | op=ALLOCATE_BLOCK {volume=1e55587a-51fc-4ae3-897f-3d03efcf29a4, bucket=e1cf4926-9aa1-4fcb-a8e3-c55bc7b44500, key=31e60539-3f4e-4c56-ad93-fc4b015ce1bd, dataSize=12, replicationType=RATIS, replicationFactor=ONE, clientID=110465770938368077} | ret=FAILURE
org.apache.hadoop.ozone.om.exceptions.OMException: The DiskSpace quota of bucket:e1cf4926-9aa1-4fcb-a8e3-c55bc7b44500 exceeded quotaInBytes: 16777216 Bytes but diskspace consumed: 20971520 Bytes.
	at org.apache.hadoop.ozone.om.request.key.OMKeyRequest.checkBucketQuotaInBytes(OMKeyRequest.java:536) ~[ozone-manager-1.4.0-SNAPSHOT.jar:?]
	at org.apache.hadoop.ozone.om.request.key.OMAllocateBlockRequestWithFSO.validateAndUpdateCache(OMAllocateBlockRequestWithFSO.java:155) ~[ozone-manager-1.4.0-SNAPSHOT.jar:?]
	at org.apache.hadoop.ozone.protocolPB.OzoneManagerRequestHandler.handleWriteRequest(OzoneManagerRequestHandler.java:338) ~[ozone-manager-1.4.0-SNAPSHOT.jar:?]
	at org.apache.hadoop.ozone.om.ratis.OzoneManagerStateMachine.runCommand(OzoneManagerStateMachine.java:567) ~[ozone-manager-1.4.0-SNAPSHOT.jar:?]
	at org.apache.hadoop.ozone.om.ratis.OzoneManagerStateMachine.lambda$1(OzoneManagerStateMachine.java:358) ~[ozone-manager-1.4.0-SNAPSHOT.jar:?]
	at java.util.concurrent.CompletableFuture$AsyncSupply.run(CompletableFuture.java:1604) [?:1.8.0_362]
	at java.util.concurrent.ThreadPoolExecutor.runWorker(ThreadPoolExecutor.java:1149) [?:1.8.0_362]
	at java.util.concurrent.ThreadPoolExecutor$Worker.run(ThreadPoolExecutor.java:624) [?:1.8.0_362]
	at java.lang.Thread.run(Thread.java:750) [?:1.8.0_362]
]]></system-out>
  </testcase>
  <testcase name="testCommitPartAfterCompleteUpload" classname="org.apache.hadoop.ozone.client.rpc.TestOzoneRpcClient" time="0.655">
    <system-out><![CDATA[2023-05-31 22:58:18,244 [main] INFO  rpc.RpcClient (RpcClient.java:createVolume(459)) - Creating Volume: efe688e0-73d3-4a9a-b895-0675a56bff28, with runner as owner and space quota set to -1 bytes, counts quota set to -1
2023-05-31 22:58:18,248 [OM StateMachine ApplyTransaction Thread - 0] INFO  volume.OMVolumeCreateRequest (OMVolumeCreateRequest.java:validateAndUpdateCache(196)) - created volume:efe688e0-73d3-4a9a-b895-0675a56bff28 for user:runner
2023-05-31 22:58:18,250 [main] INFO  rpc.RpcClient (RpcClient.java:createBucket(686)) - Creating Bucket: efe688e0-73d3-4a9a-b895-0675a56bff28/f6ad6893-c9f7-4479-87fd-ead5b673c739, with server-side default bucket layout, runner as owner, Versioning false, Storage Type set to DISK and Encryption set to false, Replication Type set to server-side default replication type, Namespace Quota set to -1, Space Quota set to -1 
2023-05-31 22:58:18,254 [OM StateMachine ApplyTransaction Thread - 0] INFO  bucket.OMBucketCreateRequest (OMBucketCreateRequest.java:validateAndUpdateCache(270)) - created bucket: f6ad6893-c9f7-4479-87fd-ead5b673c739 of layout FILE_SYSTEM_OPTIMIZED in volume: efe688e0-73d3-4a9a-b895-0675a56bff28
2023-05-31 22:58:18,686 [IPC Server handler 7 on default port 15001] WARN  node.SCMNodeManager (SCMNodeManager.java:getNodesByAddress(1381)) - Cannot find node for address 127.0.0.1
2023-05-31 22:58:18,690 [IPC Server handler 3 on default port 15001] WARN  node.SCMNodeManager (SCMNodeManager.java:getNodesByAddress(1381)) - Cannot find node for address 127.0.0.1
22:58:18.898 [OM StateMachine ApplyTransaction Thread - 0] ERROR OMAudit - user=runner | ip=127.0.0.1 | op=COMMIT_MULTIPART_UPLOAD_PARTKEY {volume=efe688e0-73d3-4a9a-b895-0675a56bff28, bucket=f6ad6893-c9f7-4479-87fd-ead5b673c739, key=e24b957b-c1d8-4afe-a257-2660a9f66487, dataSize=5242880, replicationType=NONE, replicationFactor=ZERO, partNumber=2, partName=/efe688e0-73d3-4a9a-b895-0675a56bff28/f6ad6893-c9f7-4479-87fd-ead5b673c739/e24b957b-c1d8-4afe-a257-2660a9f66487-1e57c67f-dfae-4f74-a852-e2c54d87088a-110465770996105296-2} | ret=FAILURE
org.apache.hadoop.ozone.om.exceptions.OMException: No such Multipart upload is with specified uploadId 1e57c67f-dfae-4f74-a852-e2c54d87088a-110465770996105296
	at org.apache.hadoop.ozone.om.request.s3.multipart.S3MultipartUploadCommitPartRequest.validateAndUpdateCache(S3MultipartUploadCommitPartRequest.java:188) ~[ozone-manager-1.4.0-SNAPSHOT.jar:?]
	at org.apache.hadoop.ozone.protocolPB.OzoneManagerRequestHandler.handleWriteRequest(OzoneManagerRequestHandler.java:338) ~[ozone-manager-1.4.0-SNAPSHOT.jar:?]
	at org.apache.hadoop.ozone.om.ratis.OzoneManagerStateMachine.runCommand(OzoneManagerStateMachine.java:567) ~[ozone-manager-1.4.0-SNAPSHOT.jar:?]
	at org.apache.hadoop.ozone.om.ratis.OzoneManagerStateMachine.lambda$1(OzoneManagerStateMachine.java:358) ~[ozone-manager-1.4.0-SNAPSHOT.jar:?]
	at java.util.concurrent.CompletableFuture$AsyncSupply.run(CompletableFuture.java:1604) [?:1.8.0_362]
	at java.util.concurrent.ThreadPoolExecutor.runWorker(ThreadPoolExecutor.java:1149) [?:1.8.0_362]
	at java.util.concurrent.ThreadPoolExecutor$Worker.run(ThreadPoolExecutor.java:624) [?:1.8.0_362]
	at java.lang.Thread.run(Thread.java:750) [?:1.8.0_362]
2023-05-31 22:58:18,898 [OM StateMachine ApplyTransaction Thread - 0] ERROR multipart.S3MultipartUploadCommitPartRequest (S3MultipartUploadCommitPartRequest.java:logResult(327)) - MultipartUpload Commit is failed for Key:e24b957b-c1d8-4afe-a257-2660a9f66487 in Volume/Bucket efe688e0-73d3-4a9a-b895-0675a56bff28/f6ad6893-c9f7-4479-87fd-ead5b673c739
NO_SUCH_MULTIPART_UPLOAD_ERROR org.apache.hadoop.ozone.om.exceptions.OMException: No such Multipart upload is with specified uploadId 1e57c67f-dfae-4f74-a852-e2c54d87088a-110465770996105296
	at org.apache.hadoop.ozone.om.request.s3.multipart.S3MultipartUploadCommitPartRequest.validateAndUpdateCache(S3MultipartUploadCommitPartRequest.java:188)
	at org.apache.hadoop.ozone.protocolPB.OzoneManagerRequestHandler.handleWriteRequest(OzoneManagerRequestHandler.java:338)
	at org.apache.hadoop.ozone.om.ratis.OzoneManagerStateMachine.runCommand(OzoneManagerStateMachine.java:567)
	at org.apache.hadoop.ozone.om.ratis.OzoneManagerStateMachine.lambda$1(OzoneManagerStateMachine.java:358)
	at java.util.concurrent.CompletableFuture$AsyncSupply.run(CompletableFuture.java:1604)
	at java.util.concurrent.ThreadPoolExecutor.runWorker(ThreadPoolExecutor.java:1149)
	at java.util.concurrent.ThreadPoolExecutor$Worker.run(ThreadPoolExecutor.java:624)
	at java.lang.Thread.run(Thread.java:750)
]]></system-out>
  </testcase>
  <testcase name="testCreateBucket" classname="org.apache.hadoop.ozone.client.rpc.TestOzoneRpcClient" time="0.011">
    <system-out><![CDATA[2023-05-31 22:58:18,902 [main] INFO  rpc.RpcClient (RpcClient.java:createVolume(459)) - Creating Volume: 77beb1b9-ff0e-49fb-b7e9-74a2c177a7e4, with runner as owner and space quota set to -1 bytes, counts quota set to -1
2023-05-31 22:58:18,905 [OM StateMachine ApplyTransaction Thread - 0] INFO  volume.OMVolumeCreateRequest (OMVolumeCreateRequest.java:validateAndUpdateCache(196)) - created volume:77beb1b9-ff0e-49fb-b7e9-74a2c177a7e4 for user:runner
2023-05-31 22:58:18,907 [main] INFO  rpc.RpcClient (RpcClient.java:createBucket(686)) - Creating Bucket: 77beb1b9-ff0e-49fb-b7e9-74a2c177a7e4/dd7d0951-4ab2-4a3a-8e1c-909795f85dc9, with server-side default bucket layout, runner as owner, Versioning false, Storage Type set to DISK and Encryption set to false, Replication Type set to server-side default replication type, Namespace Quota set to -1, Space Quota set to -1 
2023-05-31 22:58:18,909 [OM StateMachine ApplyTransaction Thread - 0] INFO  bucket.OMBucketCreateRequest (OMBucketCreateRequest.java:validateAndUpdateCache(270)) - created bucket: dd7d0951-4ab2-4a3a-8e1c-909795f85dc9 of layout FILE_SYSTEM_OPTIMIZED in volume: 77beb1b9-ff0e-49fb-b7e9-74a2c177a7e4
]]></system-out>
  </testcase>
  <testcase name="testCreateBucketWithAcls" classname="org.apache.hadoop.ozone.client.rpc.TestOzoneRpcClient" time="0.011">
    <system-out><![CDATA[2023-05-31 22:58:18,914 [main] INFO  rpc.RpcClient (RpcClient.java:createVolume(459)) - Creating Volume: 61cf9f6a-2424-440a-a897-06b4552f6755, with runner as owner and space quota set to -1 bytes, counts quota set to -1
2023-05-31 22:58:18,917 [OM StateMachine ApplyTransaction Thread - 0] INFO  volume.OMVolumeCreateRequest (OMVolumeCreateRequest.java:validateAndUpdateCache(196)) - created volume:61cf9f6a-2424-440a-a897-06b4552f6755 for user:runner
2023-05-31 22:58:18,919 [main] INFO  rpc.RpcClient (RpcClient.java:createBucket(686)) - Creating Bucket: 61cf9f6a-2424-440a-a897-06b4552f6755/10062e8d-71e5-49f2-954e-ab28f3dee8bc, with server-side default bucket layout, runner as owner, Versioning false, Storage Type set to DISK and Encryption set to false, Replication Type set to server-side default replication type, Namespace Quota set to -1, Space Quota set to -1 
2023-05-31 22:58:18,921 [OM StateMachine ApplyTransaction Thread - 0] INFO  bucket.OMBucketCreateRequest (OMBucketCreateRequest.java:validateAndUpdateCache(270)) - created bucket: 10062e8d-71e5-49f2-954e-ab28f3dee8bc of layout FILE_SYSTEM_OPTIMIZED in volume: 61cf9f6a-2424-440a-a897-06b4552f6755
]]></system-out>
  </testcase>
  <testcase name="testCreateBucketWithAllArgument" classname="org.apache.hadoop.ozone.client.rpc.TestOzoneRpcClient" time="0.021">
    <system-out><![CDATA[2023-05-31 22:58:18,927 [main] INFO  rpc.RpcClient (RpcClient.java:createVolume(459)) - Creating Volume: 081aa435-9778-461f-9b6c-50a7ac9257fd, with runner as owner and space quota set to -1 bytes, counts quota set to -1
2023-05-31 22:58:18,929 [OM StateMachine ApplyTransaction Thread - 0] INFO  volume.OMVolumeCreateRequest (OMVolumeCreateRequest.java:validateAndUpdateCache(196)) - created volume:081aa435-9778-461f-9b6c-50a7ac9257fd for user:runner
2023-05-31 22:58:18,934 [main] INFO  rpc.RpcClient (RpcClient.java:createBucket(686)) - Creating Bucket: 081aa435-9778-461f-9b6c-50a7ac9257fd/c23ce993-148d-420f-918b-6c322f4de423, with server-side default bucket layout, runner as owner, Versioning true, Storage Type set to SSD and Encryption set to false, Replication Type set to EC, Namespace Quota set to -1, Space Quota set to -1 
2023-05-31 22:58:18,943 [OM StateMachine ApplyTransaction Thread - 0] INFO  bucket.OMBucketCreateRequest (OMBucketCreateRequest.java:validateAndUpdateCache(270)) - created bucket: c23ce993-148d-420f-918b-6c322f4de423 of layout FILE_SYSTEM_OPTIMIZED in volume: 081aa435-9778-461f-9b6c-50a7ac9257fd
]]></system-out>
  </testcase>
  <testcase name="testCreateBucketWithMetadata" classname="org.apache.hadoop.ozone.client.rpc.TestOzoneRpcClient" time="0.009">
    <system-out><![CDATA[2023-05-31 22:58:18,948 [main] INFO  rpc.RpcClient (RpcClient.java:createVolume(459)) - Creating Volume: 954a57ee-e276-49f8-a1de-1cddc46d4e47, with runner as owner and space quota set to -1 bytes, counts quota set to -1
2023-05-31 22:58:18,951 [OM StateMachine ApplyTransaction Thread - 0] INFO  volume.OMVolumeCreateRequest (OMVolumeCreateRequest.java:validateAndUpdateCache(196)) - created volume:954a57ee-e276-49f8-a1de-1cddc46d4e47 for user:runner
2023-05-31 22:58:18,953 [main] INFO  rpc.RpcClient (RpcClient.java:createBucket(686)) - Creating Bucket: 954a57ee-e276-49f8-a1de-1cddc46d4e47/db8cbfc0-d1a4-4172-8a22-a110e5a8ed7b, with server-side default bucket layout, runner as owner, Versioning false, Storage Type set to DISK and Encryption set to false, Replication Type set to server-side default replication type, Namespace Quota set to -1, Space Quota set to -1 
2023-05-31 22:58:18,955 [OM StateMachine ApplyTransaction Thread - 0] INFO  bucket.OMBucketCreateRequest (OMBucketCreateRequest.java:validateAndUpdateCache(270)) - created bucket: db8cbfc0-d1a4-4172-8a22-a110e5a8ed7b of layout FILE_SYSTEM_OPTIMIZED in volume: 954a57ee-e276-49f8-a1de-1cddc46d4e47
]]></system-out>
  </testcase>
  <testcase name="testCreateBucketWithReplicationConfig" classname="org.apache.hadoop.ozone.client.rpc.TestOzoneRpcClient" time="0.013">
    <system-out><![CDATA[2023-05-31 22:58:18,958 [main] INFO  rpc.RpcClient (RpcClient.java:createVolume(459)) - Creating Volume: 72331fb8-0317-444a-aab7-bd609cf46bf3, with runner as owner and space quota set to -1 bytes, counts quota set to -1
2023-05-31 22:58:18,960 [OM StateMachine ApplyTransaction Thread - 0] INFO  volume.OMVolumeCreateRequest (OMVolumeCreateRequest.java:validateAndUpdateCache(196)) - created volume:72331fb8-0317-444a-aab7-bd609cf46bf3 for user:runner
2023-05-31 22:58:18,964 [main] INFO  rpc.RpcClient (RpcClient.java:createBucket(686)) - Creating Bucket: 72331fb8-0317-444a-aab7-bd609cf46bf3/42b5c4a6-9b77-4068-9a9e-fed33c678eba, with server-side default bucket layout, runner as owner, Versioning false, Storage Type set to DISK and Encryption set to false, Replication Type set to EC, Namespace Quota set to -1, Space Quota set to -1 
2023-05-31 22:58:18,968 [OM StateMachine ApplyTransaction Thread - 0] INFO  bucket.OMBucketCreateRequest (OMBucketCreateRequest.java:validateAndUpdateCache(270)) - created bucket: 42b5c4a6-9b77-4068-9a9e-fed33c678eba of layout FILE_SYSTEM_OPTIMIZED in volume: 72331fb8-0317-444a-aab7-bd609cf46bf3
]]></system-out>
  </testcase>
  <testcase name="testCreateBucketWithStorageType" classname="org.apache.hadoop.ozone.client.rpc.TestOzoneRpcClient" time="0.01">
    <system-out><![CDATA[2023-05-31 22:58:18,972 [main] INFO  rpc.RpcClient (RpcClient.java:createVolume(459)) - Creating Volume: 234596ec-8ff2-46d7-b39a-e31f248cc6ac, with runner as owner and space quota set to -1 bytes, counts quota set to -1
2023-05-31 22:58:18,975 [OM StateMachine ApplyTransaction Thread - 0] INFO  volume.OMVolumeCreateRequest (OMVolumeCreateRequest.java:validateAndUpdateCache(196)) - created volume:234596ec-8ff2-46d7-b39a-e31f248cc6ac for user:runner
2023-05-31 22:58:18,978 [main] INFO  rpc.RpcClient (RpcClient.java:createBucket(686)) - Creating Bucket: 234596ec-8ff2-46d7-b39a-e31f248cc6ac/97925d34-2ae9-42ba-8a6e-0dcb285f84a4, with server-side default bucket layout, runner as owner, Versioning false, Storage Type set to SSD and Encryption set to false, Replication Type set to server-side default replication type, Namespace Quota set to -1, Space Quota set to -1 
2023-05-31 22:58:18,980 [OM StateMachine ApplyTransaction Thread - 0] INFO  bucket.OMBucketCreateRequest (OMBucketCreateRequest.java:validateAndUpdateCache(270)) - created bucket: 97925d34-2ae9-42ba-8a6e-0dcb285f84a4 of layout FILE_SYSTEM_OPTIMIZED in volume: 234596ec-8ff2-46d7-b39a-e31f248cc6ac
]]></system-out>
  </testcase>
  <testcase name="testCreateBucketWithVersioning" classname="org.apache.hadoop.ozone.client.rpc.TestOzoneRpcClient" time="0.012">
    <system-out><![CDATA[2023-05-31 22:58:18,983 [main] INFO  rpc.RpcClient (RpcClient.java:createVolume(459)) - Creating Volume: 77a1108d-c7ea-41ee-8e3e-c044ba3a7b49, with runner as owner and space quota set to -1 bytes, counts quota set to -1
2023-05-31 22:58:18,985 [OM StateMachine ApplyTransaction Thread - 0] INFO  volume.OMVolumeCreateRequest (OMVolumeCreateRequest.java:validateAndUpdateCache(196)) - created volume:77a1108d-c7ea-41ee-8e3e-c044ba3a7b49 for user:runner
2023-05-31 22:58:18,987 [main] INFO  rpc.RpcClient (RpcClient.java:createBucket(686)) - Creating Bucket: 77a1108d-c7ea-41ee-8e3e-c044ba3a7b49/04e463c5-fb7c-49eb-9495-a106b9d0a924, with server-side default bucket layout, runner as owner, Versioning true, Storage Type set to DISK and Encryption set to false, Replication Type set to server-side default replication type, Namespace Quota set to -1, Space Quota set to -1 
2023-05-31 22:58:18,989 [OM StateMachine ApplyTransaction Thread - 0] INFO  bucket.OMBucketCreateRequest (OMBucketCreateRequest.java:validateAndUpdateCache(270)) - created bucket: 04e463c5-fb7c-49eb-9495-a106b9d0a924 of layout FILE_SYSTEM_OPTIMIZED in volume: 77a1108d-c7ea-41ee-8e3e-c044ba3a7b49
]]></system-out>
  </testcase>
  <testcase name="testCreateS3Bucket" classname="org.apache.hadoop.ozone.client.rpc.TestOzoneRpcClient" time="0.015">
    <system-out><![CDATA[2023-05-31 22:58:19,002 [main] INFO  rpc.RpcClient (RpcClient.java:createBucket(686)) - Creating Bucket: s3v/cbda4ae6-8c71-4871-b588-3e5190ce6c2d, with bucket layout OBJECT_STORE, runner as owner, Versioning false, Storage Type set to DISK and Encryption set to false, Replication Type set to server-side default replication type, Namespace Quota set to -1, Space Quota set to -1 
2023-05-31 22:58:19,005 [OM StateMachine ApplyTransaction Thread - 0] INFO  bucket.OMBucketCreateRequest (OMBucketCreateRequest.java:validateAndUpdateCache(270)) - created bucket: cbda4ae6-8c71-4871-b588-3e5190ce6c2d of layout OBJECT_STORE in volume: s3v
]]></system-out>
  </testcase>
  <testcase name="testCreateVolumeWithMetadata" classname="org.apache.hadoop.ozone.client.rpc.TestOzoneRpcClient" time="0.01">
    <system-out><![CDATA[2023-05-31 22:58:19,013 [main] INFO  rpc.RpcClient (RpcClient.java:createVolume(459)) - Creating Volume: 9ab66723-471c-491c-a552-187b0f33ac78, with runner as owner and space quota set to -1 bytes, counts quota set to -1
2023-05-31 22:58:19,017 [OM StateMachine ApplyTransaction Thread - 0] INFO  volume.OMVolumeCreateRequest (OMVolumeCreateRequest.java:validateAndUpdateCache(196)) - created volume:9ab66723-471c-491c-a552-187b0f33ac78 for user:runner
]]></system-out>
  </testcase>
  <testcase name="testDefaultS3GVolumeExists" classname="org.apache.hadoop.ozone.client.rpc.TestOzoneRpcClient" time="0.004"/>
  <testcase name="testDeleteBucket" classname="org.apache.hadoop.ozone.client.rpc.TestOzoneRpcClient" time="0.025">
    <system-out><![CDATA[2023-05-31 22:58:19,027 [main] INFO  rpc.RpcClient (RpcClient.java:createVolume(459)) - Creating Volume: 446593de-27b6-4ff0-941a-bc9d7f8b440f, with runner as owner and space quota set to -1 bytes, counts quota set to -1
2023-05-31 22:58:19,031 [OM StateMachine ApplyTransaction Thread - 0] INFO  volume.OMVolumeCreateRequest (OMVolumeCreateRequest.java:validateAndUpdateCache(196)) - created volume:446593de-27b6-4ff0-941a-bc9d7f8b440f for user:runner
2023-05-31 22:58:19,033 [main] INFO  rpc.RpcClient (RpcClient.java:createBucket(686)) - Creating Bucket: 446593de-27b6-4ff0-941a-bc9d7f8b440f/85ac0c8b-ef3c-43a6-8a06-8704e23cd432, with server-side default bucket layout, runner as owner, Versioning false, Storage Type set to DISK and Encryption set to false, Replication Type set to server-side default replication type, Namespace Quota set to -1, Space Quota set to -1 
2023-05-31 22:58:19,038 [OM StateMachine ApplyTransaction Thread - 0] INFO  bucket.OMBucketCreateRequest (OMBucketCreateRequest.java:validateAndUpdateCache(270)) - created bucket: 85ac0c8b-ef3c-43a6-8a06-8704e23cd432 of layout FILE_SYSTEM_OPTIMIZED in volume: 446593de-27b6-4ff0-941a-bc9d7f8b440f
22:58:19.047 [IPC Server handler 5 on default port 15004] ERROR OMAudit - user=runner | ip=127.0.0.1 | op=READ_BUCKET {volume=446593de-27b6-4ff0-941a-bc9d7f8b440f, bucket=85ac0c8b-ef3c-43a6-8a06-8704e23cd432} | ret=FAILURE
org.apache.hadoop.ozone.om.exceptions.OMException: Bucket not found
	at org.apache.hadoop.ozone.om.OzoneManager.getBucketOwner(OzoneManager.java:2559) ~[ozone-manager-1.4.0-SNAPSHOT.jar:?]
	at org.apache.hadoop.ozone.om.OzoneManager.getBucketOwner(OzoneManager.java:2529) ~[ozone-manager-1.4.0-SNAPSHOT.jar:?]
	at org.apache.hadoop.ozone.om.OmMetadataReader.checkAcls(OmMetadataReader.java:444) ~[ozone-manager-1.4.0-SNAPSHOT.jar:?]
	at org.apache.hadoop.ozone.om.OzoneManager.getBucketInfo(OzoneManager.java:2823) ~[ozone-manager-1.4.0-SNAPSHOT.jar:?]
	at org.apache.hadoop.ozone.protocolPB.OzoneManagerRequestHandler.infoBucket(OzoneManagerRequestHandler.java:510) ~[ozone-manager-1.4.0-SNAPSHOT.jar:?]
	at org.apache.hadoop.ozone.protocolPB.OzoneManagerRequestHandler.handleReadRequest(OzoneManagerRequestHandler.java:189) ~[ozone-manager-1.4.0-SNAPSHOT.jar:?]
	at org.apache.hadoop.ozone.protocolPB.OzoneManagerProtocolServerSideTranslatorPB.submitReadRequestToOM(OzoneManagerProtocolServerSideTranslatorPB.java:223) ~[ozone-manager-1.4.0-SNAPSHOT.jar:?]
	at org.apache.hadoop.ozone.protocolPB.OzoneManagerProtocolServerSideTranslatorPB.processRequest(OzoneManagerProtocolServerSideTranslatorPB.java:177) ~[ozone-manager-1.4.0-SNAPSHOT.jar:?]
	at org.apache.hadoop.hdds.server.OzoneProtocolMessageDispatcher.processRequest(OzoneProtocolMessageDispatcher.java:87) [hdds-server-framework-1.4.0-SNAPSHOT.jar:?]
	at org.apache.hadoop.ozone.protocolPB.OzoneManagerProtocolServerSideTranslatorPB.submitRequest(OzoneManagerProtocolServerSideTranslatorPB.java:147) [ozone-manager-1.4.0-SNAPSHOT.jar:?]
	at org.apache.hadoop.ozone.protocol.proto.OzoneManagerProtocolProtos$OzoneManagerService$2.callBlockingMethod(OzoneManagerProtocolProtos.java) [ozone-interface-client-1.4.0-SNAPSHOT.jar:?]
	at org.apache.hadoop.ipc.ProtobufRpcEngine$Server.processCall(ProtobufRpcEngine.java:484) [hadoop-common-3.3.5.jar:?]
	at org.apache.hadoop.ipc.ProtobufRpcEngine2$Server$ProtoBufRpcInvoker.call(ProtobufRpcEngine2.java:595) [hadoop-common-3.3.5.jar:?]
	at org.apache.hadoop.ipc.ProtobufRpcEngine2$Server$ProtoBufRpcInvoker.call(ProtobufRpcEngine2.java:573) [hadoop-common-3.3.5.jar:?]
	at org.apache.hadoop.ipc.RPC$Server.call(RPC.java:1213) [hadoop-common-3.3.5.jar:?]
	at org.apache.hadoop.ipc.Server$RpcCall.run(Server.java:1089) [hadoop-common-3.3.5.jar:?]
	at org.apache.hadoop.ipc.Server$RpcCall.run(Server.java:1012) [hadoop-common-3.3.5.jar:?]
	at java.security.AccessController.doPrivileged(Native Method) ~[?:1.8.0_362]
	at javax.security.auth.Subject.doAs(Subject.java:422) [?:1.8.0_362]
	at org.apache.hadoop.security.UserGroupInformation.doAs(UserGroupInformation.java:1899) [hadoop-common-3.3.5.jar:?]
	at org.apache.hadoop.ipc.Server$Handler.run(Server.java:3026) [hadoop-common-3.3.5.jar:?]
]]></system-out>
  </testcase>
  <testcase name="testDeleteBucketWithTheSamePrefix(BucketLayout)[1]" classname="org.apache.hadoop.ozone.client.rpc.TestOzoneRpcClient" time="0.031">
    <system-out><![CDATA[2023-05-31 22:58:19,057 [main] INFO  rpc.RpcClient (RpcClient.java:createVolume(459)) - Creating Volume: abdb3c45-58d7-4a98-b6f9-a37274e15f41, with runner as owner and space quota set to -1 bytes, counts quota set to -1
2023-05-31 22:58:19,060 [OM StateMachine ApplyTransaction Thread - 0] INFO  volume.OMVolumeCreateRequest (OMVolumeCreateRequest.java:validateAndUpdateCache(196)) - created volume:abdb3c45-58d7-4a98-b6f9-a37274e15f41 for user:runner
2023-05-31 22:58:19,062 [main] INFO  rpc.RpcClient (RpcClient.java:createBucket(686)) - Creating Bucket: abdb3c45-58d7-4a98-b6f9-a37274e15f41/bucket1, with bucket layout OBJECT_STORE, runner as owner, Versioning false, Storage Type set to DISK and Encryption set to false, Replication Type set to server-side default replication type, Namespace Quota set to -1, Space Quota set to -1 
2023-05-31 22:58:19,065 [OM StateMachine ApplyTransaction Thread - 0] INFO  bucket.OMBucketCreateRequest (OMBucketCreateRequest.java:validateAndUpdateCache(270)) - created bucket: bucket1 of layout OBJECT_STORE in volume: abdb3c45-58d7-4a98-b6f9-a37274e15f41
2023-05-31 22:58:19,067 [main] INFO  rpc.RpcClient (RpcClient.java:createBucket(686)) - Creating Bucket: abdb3c45-58d7-4a98-b6f9-a37274e15f41/bucket11, with bucket layout OBJECT_STORE, runner as owner, Versioning false, Storage Type set to DISK and Encryption set to false, Replication Type set to server-side default replication type, Namespace Quota set to -1, Space Quota set to -1 
2023-05-31 22:58:19,070 [OM StateMachine ApplyTransaction Thread - 0] INFO  bucket.OMBucketCreateRequest (OMBucketCreateRequest.java:validateAndUpdateCache(270)) - created bucket: bucket11 of layout OBJECT_STORE in volume: abdb3c45-58d7-4a98-b6f9-a37274e15f41
22:58:19.085 [IPC Server handler 12 on default port 15004] ERROR OMAudit - user=runner | ip=127.0.0.1 | op=READ_BUCKET {volume=abdb3c45-58d7-4a98-b6f9-a37274e15f41, bucket=bucket1} | ret=FAILURE
org.apache.hadoop.ozone.om.exceptions.OMException: Bucket not found
	at org.apache.hadoop.ozone.om.OzoneManager.getBucketOwner(OzoneManager.java:2559) ~[ozone-manager-1.4.0-SNAPSHOT.jar:?]
	at org.apache.hadoop.ozone.om.OzoneManager.getBucketOwner(OzoneManager.java:2529) ~[ozone-manager-1.4.0-SNAPSHOT.jar:?]
	at org.apache.hadoop.ozone.om.OmMetadataReader.checkAcls(OmMetadataReader.java:444) ~[ozone-manager-1.4.0-SNAPSHOT.jar:?]
	at org.apache.hadoop.ozone.om.OzoneManager.getBucketInfo(OzoneManager.java:2823) ~[ozone-manager-1.4.0-SNAPSHOT.jar:?]
	at org.apache.hadoop.ozone.protocolPB.OzoneManagerRequestHandler.infoBucket(OzoneManagerRequestHandler.java:510) ~[ozone-manager-1.4.0-SNAPSHOT.jar:?]
	at org.apache.hadoop.ozone.protocolPB.OzoneManagerRequestHandler.handleReadRequest(OzoneManagerRequestHandler.java:189) ~[ozone-manager-1.4.0-SNAPSHOT.jar:?]
	at org.apache.hadoop.ozone.protocolPB.OzoneManagerProtocolServerSideTranslatorPB.submitReadRequestToOM(OzoneManagerProtocolServerSideTranslatorPB.java:223) ~[ozone-manager-1.4.0-SNAPSHOT.jar:?]
	at org.apache.hadoop.ozone.protocolPB.OzoneManagerProtocolServerSideTranslatorPB.processRequest(OzoneManagerProtocolServerSideTranslatorPB.java:177) ~[ozone-manager-1.4.0-SNAPSHOT.jar:?]
	at org.apache.hadoop.hdds.server.OzoneProtocolMessageDispatcher.processRequest(OzoneProtocolMessageDispatcher.java:87) [hdds-server-framework-1.4.0-SNAPSHOT.jar:?]
	at org.apache.hadoop.ozone.protocolPB.OzoneManagerProtocolServerSideTranslatorPB.submitRequest(OzoneManagerProtocolServerSideTranslatorPB.java:147) [ozone-manager-1.4.0-SNAPSHOT.jar:?]
	at org.apache.hadoop.ozone.protocol.proto.OzoneManagerProtocolProtos$OzoneManagerService$2.callBlockingMethod(OzoneManagerProtocolProtos.java) [ozone-interface-client-1.4.0-SNAPSHOT.jar:?]
	at org.apache.hadoop.ipc.ProtobufRpcEngine$Server.processCall(ProtobufRpcEngine.java:484) [hadoop-common-3.3.5.jar:?]
	at org.apache.hadoop.ipc.ProtobufRpcEngine2$Server$ProtoBufRpcInvoker.call(ProtobufRpcEngine2.java:595) [hadoop-common-3.3.5.jar:?]
	at org.apache.hadoop.ipc.ProtobufRpcEngine2$Server$ProtoBufRpcInvoker.call(ProtobufRpcEngine2.java:573) [hadoop-common-3.3.5.jar:?]
	at org.apache.hadoop.ipc.RPC$Server.call(RPC.java:1213) [hadoop-common-3.3.5.jar:?]
	at org.apache.hadoop.ipc.Server$RpcCall.run(Server.java:1089) [hadoop-common-3.3.5.jar:?]
	at org.apache.hadoop.ipc.Server$RpcCall.run(Server.java:1012) [hadoop-common-3.3.5.jar:?]
	at java.security.AccessController.doPrivileged(Native Method) ~[?:1.8.0_362]
	at javax.security.auth.Subject.doAs(Subject.java:422) [?:1.8.0_362]
	at org.apache.hadoop.security.UserGroupInformation.doAs(UserGroupInformation.java:1899) [hadoop-common-3.3.5.jar:?]
	at org.apache.hadoop.ipc.Server$Handler.run(Server.java:3026) [hadoop-common-3.3.5.jar:?]
]]></system-out>
  </testcase>
  <testcase name="testDeleteBucketWithTheSamePrefix(BucketLayout)[2]" classname="org.apache.hadoop.ozone.client.rpc.TestOzoneRpcClient" time="0.024">
    <system-out><![CDATA[2023-05-31 22:58:19,088 [main] INFO  rpc.RpcClient (RpcClient.java:createVolume(459)) - Creating Volume: 11fc8057-403e-4ebb-ae93-5fb1adc26d5f, with runner as owner and space quota set to -1 bytes, counts quota set to -1
2023-05-31 22:58:19,090 [OM StateMachine ApplyTransaction Thread - 0] INFO  volume.OMVolumeCreateRequest (OMVolumeCreateRequest.java:validateAndUpdateCache(196)) - created volume:11fc8057-403e-4ebb-ae93-5fb1adc26d5f for user:runner
2023-05-31 22:58:19,092 [main] INFO  rpc.RpcClient (RpcClient.java:createBucket(686)) - Creating Bucket: 11fc8057-403e-4ebb-ae93-5fb1adc26d5f/bucket1, with bucket layout LEGACY, runner as owner, Versioning false, Storage Type set to DISK and Encryption set to false, Replication Type set to server-side default replication type, Namespace Quota set to -1, Space Quota set to -1 
2023-05-31 22:58:19,094 [OM StateMachine ApplyTransaction Thread - 0] INFO  bucket.OMBucketCreateRequest (OMBucketCreateRequest.java:validateAndUpdateCache(270)) - created bucket: bucket1 of layout LEGACY in volume: 11fc8057-403e-4ebb-ae93-5fb1adc26d5f
2023-05-31 22:58:19,095 [main] INFO  rpc.RpcClient (RpcClient.java:createBucket(686)) - Creating Bucket: 11fc8057-403e-4ebb-ae93-5fb1adc26d5f/bucket11, with bucket layout LEGACY, runner as owner, Versioning false, Storage Type set to DISK and Encryption set to false, Replication Type set to server-side default replication type, Namespace Quota set to -1, Space Quota set to -1 
2023-05-31 22:58:19,097 [OM StateMachine ApplyTransaction Thread - 0] INFO  bucket.OMBucketCreateRequest (OMBucketCreateRequest.java:validateAndUpdateCache(270)) - created bucket: bucket11 of layout LEGACY in volume: 11fc8057-403e-4ebb-ae93-5fb1adc26d5f
22:58:19.110 [IPC Server handler 8 on default port 15004] ERROR OMAudit - user=runner | ip=127.0.0.1 | op=READ_BUCKET {volume=11fc8057-403e-4ebb-ae93-5fb1adc26d5f, bucket=bucket1} | ret=FAILURE
org.apache.hadoop.ozone.om.exceptions.OMException: Bucket not found
	at org.apache.hadoop.ozone.om.OzoneManager.getBucketOwner(OzoneManager.java:2559) ~[ozone-manager-1.4.0-SNAPSHOT.jar:?]
	at org.apache.hadoop.ozone.om.OzoneManager.getBucketOwner(OzoneManager.java:2529) ~[ozone-manager-1.4.0-SNAPSHOT.jar:?]
	at org.apache.hadoop.ozone.om.OmMetadataReader.checkAcls(OmMetadataReader.java:444) ~[ozone-manager-1.4.0-SNAPSHOT.jar:?]
	at org.apache.hadoop.ozone.om.OzoneManager.getBucketInfo(OzoneManager.java:2823) ~[ozone-manager-1.4.0-SNAPSHOT.jar:?]
	at org.apache.hadoop.ozone.protocolPB.OzoneManagerRequestHandler.infoBucket(OzoneManagerRequestHandler.java:510) ~[ozone-manager-1.4.0-SNAPSHOT.jar:?]
	at org.apache.hadoop.ozone.protocolPB.OzoneManagerRequestHandler.handleReadRequest(OzoneManagerRequestHandler.java:189) ~[ozone-manager-1.4.0-SNAPSHOT.jar:?]
	at org.apache.hadoop.ozone.protocolPB.OzoneManagerProtocolServerSideTranslatorPB.submitReadRequestToOM(OzoneManagerProtocolServerSideTranslatorPB.java:223) ~[ozone-manager-1.4.0-SNAPSHOT.jar:?]
	at org.apache.hadoop.ozone.protocolPB.OzoneManagerProtocolServerSideTranslatorPB.processRequest(OzoneManagerProtocolServerSideTranslatorPB.java:177) ~[ozone-manager-1.4.0-SNAPSHOT.jar:?]
	at org.apache.hadoop.hdds.server.OzoneProtocolMessageDispatcher.processRequest(OzoneProtocolMessageDispatcher.java:87) [hdds-server-framework-1.4.0-SNAPSHOT.jar:?]
	at org.apache.hadoop.ozone.protocolPB.OzoneManagerProtocolServerSideTranslatorPB.submitRequest(OzoneManagerProtocolServerSideTranslatorPB.java:147) [ozone-manager-1.4.0-SNAPSHOT.jar:?]
	at org.apache.hadoop.ozone.protocol.proto.OzoneManagerProtocolProtos$OzoneManagerService$2.callBlockingMethod(OzoneManagerProtocolProtos.java) [ozone-interface-client-1.4.0-SNAPSHOT.jar:?]
	at org.apache.hadoop.ipc.ProtobufRpcEngine$Server.processCall(ProtobufRpcEngine.java:484) [hadoop-common-3.3.5.jar:?]
	at org.apache.hadoop.ipc.ProtobufRpcEngine2$Server$ProtoBufRpcInvoker.call(ProtobufRpcEngine2.java:595) [hadoop-common-3.3.5.jar:?]
	at org.apache.hadoop.ipc.ProtobufRpcEngine2$Server$ProtoBufRpcInvoker.call(ProtobufRpcEngine2.java:573) [hadoop-common-3.3.5.jar:?]
	at org.apache.hadoop.ipc.RPC$Server.call(RPC.java:1213) [hadoop-common-3.3.5.jar:?]
	at org.apache.hadoop.ipc.Server$RpcCall.run(Server.java:1089) [hadoop-common-3.3.5.jar:?]
	at org.apache.hadoop.ipc.Server$RpcCall.run(Server.java:1012) [hadoop-common-3.3.5.jar:?]
	at java.security.AccessController.doPrivileged(Native Method) ~[?:1.8.0_362]
	at javax.security.auth.Subject.doAs(Subject.java:422) [?:1.8.0_362]
	at org.apache.hadoop.security.UserGroupInformation.doAs(UserGroupInformation.java:1899) [hadoop-common-3.3.5.jar:?]
	at org.apache.hadoop.ipc.Server$Handler.run(Server.java:3026) [hadoop-common-3.3.5.jar:?]
]]></system-out>
  </testcase>
  <testcase name="testDeleteBucketWithTheSamePrefix(BucketLayout)[3]" classname="org.apache.hadoop.ozone.client.rpc.TestOzoneRpcClient" time="0.036">
    <system-out><![CDATA[2023-05-31 22:58:19,113 [main] INFO  rpc.RpcClient (RpcClient.java:createVolume(459)) - Creating Volume: 554d4f0d-72ad-46bc-b0e3-bd1e4ee6ab54, with runner as owner and space quota set to -1 bytes, counts quota set to -1
2023-05-31 22:58:19,115 [OM StateMachine ApplyTransaction Thread - 0] INFO  volume.OMVolumeCreateRequest (OMVolumeCreateRequest.java:validateAndUpdateCache(196)) - created volume:554d4f0d-72ad-46bc-b0e3-bd1e4ee6ab54 for user:runner
2023-05-31 22:58:19,122 [main] INFO  rpc.RpcClient (RpcClient.java:createBucket(686)) - Creating Bucket: 554d4f0d-72ad-46bc-b0e3-bd1e4ee6ab54/bucket1, with bucket layout FILE_SYSTEM_OPTIMIZED, runner as owner, Versioning false, Storage Type set to DISK and Encryption set to false, Replication Type set to server-side default replication type, Namespace Quota set to -1, Space Quota set to -1 
2023-05-31 22:58:19,126 [OM StateMachine ApplyTransaction Thread - 0] INFO  bucket.OMBucketCreateRequest (OMBucketCreateRequest.java:validateAndUpdateCache(270)) - created bucket: bucket1 of layout FILE_SYSTEM_OPTIMIZED in volume: 554d4f0d-72ad-46bc-b0e3-bd1e4ee6ab54
2023-05-31 22:58:19,127 [main] INFO  rpc.RpcClient (RpcClient.java:createBucket(686)) - Creating Bucket: 554d4f0d-72ad-46bc-b0e3-bd1e4ee6ab54/bucket11, with bucket layout FILE_SYSTEM_OPTIMIZED, runner as owner, Versioning false, Storage Type set to DISK and Encryption set to false, Replication Type set to server-side default replication type, Namespace Quota set to -1, Space Quota set to -1 
2023-05-31 22:58:19,129 [OM StateMachine ApplyTransaction Thread - 0] INFO  bucket.OMBucketCreateRequest (OMBucketCreateRequest.java:validateAndUpdateCache(270)) - created bucket: bucket11 of layout FILE_SYSTEM_OPTIMIZED in volume: 554d4f0d-72ad-46bc-b0e3-bd1e4ee6ab54
22:58:19.147 [IPC Server handler 0 on default port 15004] ERROR OMAudit - user=runner | ip=127.0.0.1 | op=READ_BUCKET {volume=554d4f0d-72ad-46bc-b0e3-bd1e4ee6ab54, bucket=bucket1} | ret=FAILURE
org.apache.hadoop.ozone.om.exceptions.OMException: Bucket not found
	at org.apache.hadoop.ozone.om.OzoneManager.getBucketOwner(OzoneManager.java:2559) ~[ozone-manager-1.4.0-SNAPSHOT.jar:?]
	at org.apache.hadoop.ozone.om.OzoneManager.getBucketOwner(OzoneManager.java:2529) ~[ozone-manager-1.4.0-SNAPSHOT.jar:?]
	at org.apache.hadoop.ozone.om.OmMetadataReader.checkAcls(OmMetadataReader.java:444) ~[ozone-manager-1.4.0-SNAPSHOT.jar:?]
	at org.apache.hadoop.ozone.om.OzoneManager.getBucketInfo(OzoneManager.java:2823) ~[ozone-manager-1.4.0-SNAPSHOT.jar:?]
	at org.apache.hadoop.ozone.protocolPB.OzoneManagerRequestHandler.infoBucket(OzoneManagerRequestHandler.java:510) ~[ozone-manager-1.4.0-SNAPSHOT.jar:?]
	at org.apache.hadoop.ozone.protocolPB.OzoneManagerRequestHandler.handleReadRequest(OzoneManagerRequestHandler.java:189) ~[ozone-manager-1.4.0-SNAPSHOT.jar:?]
	at org.apache.hadoop.ozone.protocolPB.OzoneManagerProtocolServerSideTranslatorPB.submitReadRequestToOM(OzoneManagerProtocolServerSideTranslatorPB.java:223) ~[ozone-manager-1.4.0-SNAPSHOT.jar:?]
	at org.apache.hadoop.ozone.protocolPB.OzoneManagerProtocolServerSideTranslatorPB.processRequest(OzoneManagerProtocolServerSideTranslatorPB.java:177) ~[ozone-manager-1.4.0-SNAPSHOT.jar:?]
	at org.apache.hadoop.hdds.server.OzoneProtocolMessageDispatcher.processRequest(OzoneProtocolMessageDispatcher.java:87) [hdds-server-framework-1.4.0-SNAPSHOT.jar:?]
	at org.apache.hadoop.ozone.protocolPB.OzoneManagerProtocolServerSideTranslatorPB.submitRequest(OzoneManagerProtocolServerSideTranslatorPB.java:147) [ozone-manager-1.4.0-SNAPSHOT.jar:?]
	at org.apache.hadoop.ozone.protocol.proto.OzoneManagerProtocolProtos$OzoneManagerService$2.callBlockingMethod(OzoneManagerProtocolProtos.java) [ozone-interface-client-1.4.0-SNAPSHOT.jar:?]
	at org.apache.hadoop.ipc.ProtobufRpcEngine$Server.processCall(ProtobufRpcEngine.java:484) [hadoop-common-3.3.5.jar:?]
	at org.apache.hadoop.ipc.ProtobufRpcEngine2$Server$ProtoBufRpcInvoker.call(ProtobufRpcEngine2.java:595) [hadoop-common-3.3.5.jar:?]
	at org.apache.hadoop.ipc.ProtobufRpcEngine2$Server$ProtoBufRpcInvoker.call(ProtobufRpcEngine2.java:573) [hadoop-common-3.3.5.jar:?]
	at org.apache.hadoop.ipc.RPC$Server.call(RPC.java:1213) [hadoop-common-3.3.5.jar:?]
	at org.apache.hadoop.ipc.Server$RpcCall.run(Server.java:1089) [hadoop-common-3.3.5.jar:?]
	at org.apache.hadoop.ipc.Server$RpcCall.run(Server.java:1012) [hadoop-common-3.3.5.jar:?]
	at java.security.AccessController.doPrivileged(Native Method) ~[?:1.8.0_362]
	at javax.security.auth.Subject.doAs(Subject.java:422) [?:1.8.0_362]
	at org.apache.hadoop.security.UserGroupInformation.doAs(UserGroupInformation.java:1899) [hadoop-common-3.3.5.jar:?]
	at org.apache.hadoop.ipc.Server$Handler.run(Server.java:3026) [hadoop-common-3.3.5.jar:?]
]]></system-out>
  </testcase>
  <testcase name="testDeleteKey" classname="org.apache.hadoop.ozone.client.rpc.TestOzoneRpcClient" time="0.051">
    <system-out><![CDATA[2023-05-31 22:58:19,150 [main] INFO  rpc.RpcClient (RpcClient.java:createVolume(459)) - Creating Volume: e621b41f-4bc8-4f94-a472-6647f49ac975, with runner as owner and space quota set to -1 bytes, counts quota set to -1
2023-05-31 22:58:19,152 [OM StateMachine ApplyTransaction Thread - 0] INFO  volume.OMVolumeCreateRequest (OMVolumeCreateRequest.java:validateAndUpdateCache(196)) - created volume:e621b41f-4bc8-4f94-a472-6647f49ac975 for user:runner
2023-05-31 22:58:19,154 [main] INFO  rpc.RpcClient (RpcClient.java:createBucket(686)) - Creating Bucket: e621b41f-4bc8-4f94-a472-6647f49ac975/9b86f67d-bcc8-42b2-90f6-ed665984a0eb, with server-side default bucket layout, runner as owner, Versioning false, Storage Type set to DISK and Encryption set to false, Replication Type set to server-side default replication type, Namespace Quota set to -1, Space Quota set to -1 
2023-05-31 22:58:19,155 [OM StateMachine ApplyTransaction Thread - 0] INFO  bucket.OMBucketCreateRequest (OMBucketCreateRequest.java:validateAndUpdateCache(270)) - created bucket: 9b86f67d-bcc8-42b2-90f6-ed665984a0eb of layout FILE_SYSTEM_OPTIMIZED in volume: e621b41f-4bc8-4f94-a472-6647f49ac975
2023-05-31 22:58:19,185 [IPC Server handler 16 on default port 15001] WARN  node.SCMNodeManager (SCMNodeManager.java:getNodesByAddress(1381)) - Cannot find node for address 127.0.0.1
22:58:19.194 [IPC Server handler 2 on default port 15004] ERROR OMAudit - user=runner | ip=127.0.0.1 | op=READ_KEY {volume=e621b41f-4bc8-4f94-a472-6647f49ac975, bucket=9b86f67d-bcc8-42b2-90f6-ed665984a0eb, key=18fedb8d-ce7b-42e4-bb30-bd8bdefaf023, dataSize=0, replicationConfig=null} | ret=FAILURE
org.apache.hadoop.ozone.om.exceptions.OMException: Key:18fedb8d-ce7b-42e4-bb30-bd8bdefaf023 not found
	at org.apache.hadoop.ozone.om.KeyManagerImpl.readKeyInfo(KeyManagerImpl.java:438) ~[ozone-manager-1.4.0-SNAPSHOT.jar:?]
	at org.apache.hadoop.ozone.om.KeyManagerImpl.lambda$9(KeyManagerImpl.java:1932) ~[ozone-manager-1.4.0-SNAPSHOT.jar:?]
	at org.apache.hadoop.util.MetricUtil.captureLatencyNs(MetricUtil.java:37) ~[hdds-common-1.4.0-SNAPSHOT.jar:?]
	at org.apache.hadoop.ozone.om.KeyManagerImpl.getKeyInfo(KeyManagerImpl.java:1930) ~[ozone-manager-1.4.0-SNAPSHOT.jar:?]
	at org.apache.hadoop.ozone.om.OmMetadataReader.getKeyInfo(OmMetadataReader.java:210) ~[ozone-manager-1.4.0-SNAPSHOT.jar:?]
	at org.apache.hadoop.ozone.om.OzoneManager.getKeyInfo(OzoneManager.java:2861) ~[ozone-manager-1.4.0-SNAPSHOT.jar:?]
	at org.apache.hadoop.ozone.protocolPB.OzoneManagerRequestHandler.getKeyInfo(OzoneManagerRequestHandler.java:550) ~[ozone-manager-1.4.0-SNAPSHOT.jar:?]
	at org.apache.hadoop.ozone.protocolPB.OzoneManagerRequestHandler.handleReadRequest(OzoneManagerRequestHandler.java:293) ~[ozone-manager-1.4.0-SNAPSHOT.jar:?]
	at org.apache.hadoop.ozone.protocolPB.OzoneManagerProtocolServerSideTranslatorPB.submitReadRequestToOM(OzoneManagerProtocolServerSideTranslatorPB.java:223) ~[ozone-manager-1.4.0-SNAPSHOT.jar:?]
	at org.apache.hadoop.ozone.protocolPB.OzoneManagerProtocolServerSideTranslatorPB.processRequest(OzoneManagerProtocolServerSideTranslatorPB.java:177) ~[ozone-manager-1.4.0-SNAPSHOT.jar:?]
	at org.apache.hadoop.hdds.server.OzoneProtocolMessageDispatcher.processRequest(OzoneProtocolMessageDispatcher.java:87) [hdds-server-framework-1.4.0-SNAPSHOT.jar:?]
	at org.apache.hadoop.ozone.protocolPB.OzoneManagerProtocolServerSideTranslatorPB.submitRequest(OzoneManagerProtocolServerSideTranslatorPB.java:147) [ozone-manager-1.4.0-SNAPSHOT.jar:?]
	at org.apache.hadoop.ozone.protocol.proto.OzoneManagerProtocolProtos$OzoneManagerService$2.callBlockingMethod(OzoneManagerProtocolProtos.java) [ozone-interface-client-1.4.0-SNAPSHOT.jar:?]
	at org.apache.hadoop.ipc.ProtobufRpcEngine$Server.processCall(ProtobufRpcEngine.java:484) [hadoop-common-3.3.5.jar:?]
	at org.apache.hadoop.ipc.ProtobufRpcEngine2$Server$ProtoBufRpcInvoker.call(ProtobufRpcEngine2.java:595) [hadoop-common-3.3.5.jar:?]
	at org.apache.hadoop.ipc.ProtobufRpcEngine2$Server$ProtoBufRpcInvoker.call(ProtobufRpcEngine2.java:573) [hadoop-common-3.3.5.jar:?]
	at org.apache.hadoop.ipc.RPC$Server.call(RPC.java:1213) [hadoop-common-3.3.5.jar:?]
	at org.apache.hadoop.ipc.Server$RpcCall.run(Server.java:1089) [hadoop-common-3.3.5.jar:?]
	at org.apache.hadoop.ipc.Server$RpcCall.run(Server.java:1012) [hadoop-common-3.3.5.jar:?]
	at java.security.AccessController.doPrivileged(Native Method) ~[?:1.8.0_362]
	at javax.security.auth.Subject.doAs(Subject.java:422) [?:1.8.0_362]
	at org.apache.hadoop.security.UserGroupInformation.doAs(UserGroupInformation.java:1899) [hadoop-common-3.3.5.jar:?]
	at org.apache.hadoop.ipc.Server$Handler.run(Server.java:3026) [hadoop-common-3.3.5.jar:?]
]]></system-out>
  </testcase>
  <testcase name="testDeleteS3Bucket" classname="org.apache.hadoop.ozone.client.rpc.TestOzoneRpcClient" time="0.013">
    <system-out><![CDATA[2023-05-31 22:58:19,203 [main] INFO  rpc.RpcClient (RpcClient.java:createBucket(686)) - Creating Bucket: s3v/89f1d20b-a07f-48ed-a618-37a48282527c, with bucket layout OBJECT_STORE, runner as owner, Versioning false, Storage Type set to DISK and Encryption set to false, Replication Type set to server-side default replication type, Namespace Quota set to -1, Space Quota set to -1 
2023-05-31 22:58:19,205 [OM StateMachine ApplyTransaction Thread - 0] INFO  bucket.OMBucketCreateRequest (OMBucketCreateRequest.java:validateAndUpdateCache(270)) - created bucket: 89f1d20b-a07f-48ed-a618-37a48282527c of layout OBJECT_STORE in volume: s3v
22:58:19.212 [IPC Server handler 11 on default port 15004] ERROR OMAudit - user=runner | ip=127.0.0.1 | op=READ_BUCKET {volume=s3v, bucket=89f1d20b-a07f-48ed-a618-37a48282527c} | ret=FAILURE
org.apache.hadoop.ozone.om.exceptions.OMException: Bucket not found
	at org.apache.hadoop.ozone.om.OzoneManager.getBucketOwner(OzoneManager.java:2559) ~[ozone-manager-1.4.0-SNAPSHOT.jar:?]
	at org.apache.hadoop.ozone.om.OzoneManager.getBucketOwner(OzoneManager.java:2529) ~[ozone-manager-1.4.0-SNAPSHOT.jar:?]
	at org.apache.hadoop.ozone.om.OmMetadataReader.checkAcls(OmMetadataReader.java:444) ~[ozone-manager-1.4.0-SNAPSHOT.jar:?]
	at org.apache.hadoop.ozone.om.OzoneManager.getBucketInfo(OzoneManager.java:2823) ~[ozone-manager-1.4.0-SNAPSHOT.jar:?]
	at org.apache.hadoop.ozone.protocolPB.OzoneManagerRequestHandler.infoBucket(OzoneManagerRequestHandler.java:510) ~[ozone-manager-1.4.0-SNAPSHOT.jar:?]
	at org.apache.hadoop.ozone.protocolPB.OzoneManagerRequestHandler.handleReadRequest(OzoneManagerRequestHandler.java:189) ~[ozone-manager-1.4.0-SNAPSHOT.jar:?]
	at org.apache.hadoop.ozone.protocolPB.OzoneManagerProtocolServerSideTranslatorPB.submitReadRequestToOM(OzoneManagerProtocolServerSideTranslatorPB.java:223) ~[ozone-manager-1.4.0-SNAPSHOT.jar:?]
	at org.apache.hadoop.ozone.protocolPB.OzoneManagerProtocolServerSideTranslatorPB.processRequest(OzoneManagerProtocolServerSideTranslatorPB.java:177) ~[ozone-manager-1.4.0-SNAPSHOT.jar:?]
	at org.apache.hadoop.hdds.server.OzoneProtocolMessageDispatcher.processRequest(OzoneProtocolMessageDispatcher.java:87) [hdds-server-framework-1.4.0-SNAPSHOT.jar:?]
	at org.apache.hadoop.ozone.protocolPB.OzoneManagerProtocolServerSideTranslatorPB.submitRequest(OzoneManagerProtocolServerSideTranslatorPB.java:147) [ozone-manager-1.4.0-SNAPSHOT.jar:?]
	at org.apache.hadoop.ozone.protocol.proto.OzoneManagerProtocolProtos$OzoneManagerService$2.callBlockingMethod(OzoneManagerProtocolProtos.java) [ozone-interface-client-1.4.0-SNAPSHOT.jar:?]
	at org.apache.hadoop.ipc.ProtobufRpcEngine$Server.processCall(ProtobufRpcEngine.java:484) [hadoop-common-3.3.5.jar:?]
	at org.apache.hadoop.ipc.ProtobufRpcEngine2$Server$ProtoBufRpcInvoker.call(ProtobufRpcEngine2.java:595) [hadoop-common-3.3.5.jar:?]
	at org.apache.hadoop.ipc.ProtobufRpcEngine2$Server$ProtoBufRpcInvoker.call(ProtobufRpcEngine2.java:573) [hadoop-common-3.3.5.jar:?]
	at org.apache.hadoop.ipc.RPC$Server.call(RPC.java:1213) [hadoop-common-3.3.5.jar:?]
	at org.apache.hadoop.ipc.Server$RpcCall.run(Server.java:1089) [hadoop-common-3.3.5.jar:?]
	at org.apache.hadoop.ipc.Server$RpcCall.run(Server.java:1012) [hadoop-common-3.3.5.jar:?]
	at java.security.AccessController.doPrivileged(Native Method) ~[?:1.8.0_362]
	at javax.security.auth.Subject.doAs(Subject.java:422) [?:1.8.0_362]
	at org.apache.hadoop.security.UserGroupInformation.doAs(UserGroupInformation.java:1899) [hadoop-common-3.3.5.jar:?]
	at org.apache.hadoop.ipc.Server$Handler.run(Server.java:3026) [hadoop-common-3.3.5.jar:?]
]]></system-out>
  </testcase>
  <testcase name="testDeleteS3NonExistingBucket" classname="org.apache.hadoop.ozone.client.rpc.TestOzoneRpcClient" time="0.004">
    <system-out><![CDATA[22:58:19.216 [OM StateMachine ApplyTransaction Thread - 0] ERROR OMAudit - user=runner | ip=127.0.0.1 | op=DELETE_BUCKET {volume=s3v, bucket=625fa44d-56af-430e-bdc5-1ccf707d7438} | ret=FAILURE
org.apache.hadoop.ozone.om.exceptions.OMException: Bucket not found
	at org.apache.hadoop.ozone.om.OzoneManager.getBucketOwner(OzoneManager.java:2559) ~[ozone-manager-1.4.0-SNAPSHOT.jar:?]
	at org.apache.hadoop.ozone.om.OzoneManager.getBucketOwner(OzoneManager.java:2529) ~[ozone-manager-1.4.0-SNAPSHOT.jar:?]
	at org.apache.hadoop.ozone.om.request.OMClientRequest.checkAcls(OMClientRequest.java:217) ~[ozone-manager-1.4.0-SNAPSHOT.jar:?]
	at org.apache.hadoop.ozone.om.request.bucket.OMBucketDeleteRequest.validateAndUpdateCache(OMBucketDeleteRequest.java:112) ~[ozone-manager-1.4.0-SNAPSHOT.jar:?]
	at org.apache.hadoop.ozone.protocolPB.OzoneManagerRequestHandler.handleWriteRequest(OzoneManagerRequestHandler.java:338) ~[ozone-manager-1.4.0-SNAPSHOT.jar:?]
	at org.apache.hadoop.ozone.om.ratis.OzoneManagerStateMachine.runCommand(OzoneManagerStateMachine.java:567) ~[ozone-manager-1.4.0-SNAPSHOT.jar:?]
	at org.apache.hadoop.ozone.om.ratis.OzoneManagerStateMachine.lambda$1(OzoneManagerStateMachine.java:358) ~[ozone-manager-1.4.0-SNAPSHOT.jar:?]
	at java.util.concurrent.CompletableFuture$AsyncSupply.run(CompletableFuture.java:1604) [?:1.8.0_362]
	at java.util.concurrent.ThreadPoolExecutor.runWorker(ThreadPoolExecutor.java:1149) [?:1.8.0_362]
	at java.util.concurrent.ThreadPoolExecutor$Worker.run(ThreadPoolExecutor.java:624) [?:1.8.0_362]
	at java.lang.Thread.run(Thread.java:750) [?:1.8.0_362]
2023-05-31 22:58:19,217 [OM StateMachine ApplyTransaction Thread - 0] ERROR bucket.OMBucketDeleteRequest (OMBucketDeleteRequest.java:validateAndUpdateCache(212)) - Delete bucket failed for bucket:625fa44d-56af-430e-bdc5-1ccf707d7438 in volume:s3v
BUCKET_NOT_FOUND org.apache.hadoop.ozone.om.exceptions.OMException: Bucket not found
	at org.apache.hadoop.ozone.om.OzoneManager.getBucketOwner(OzoneManager.java:2559)
	at org.apache.hadoop.ozone.om.OzoneManager.getBucketOwner(OzoneManager.java:2529)
	at org.apache.hadoop.ozone.om.request.OMClientRequest.checkAcls(OMClientRequest.java:217)
	at org.apache.hadoop.ozone.om.request.bucket.OMBucketDeleteRequest.validateAndUpdateCache(OMBucketDeleteRequest.java:112)
	at org.apache.hadoop.ozone.protocolPB.OzoneManagerRequestHandler.handleWriteRequest(OzoneManagerRequestHandler.java:338)
	at org.apache.hadoop.ozone.om.ratis.OzoneManagerStateMachine.runCommand(OzoneManagerStateMachine.java:567)
	at org.apache.hadoop.ozone.om.ratis.OzoneManagerStateMachine.lambda$1(OzoneManagerStateMachine.java:358)
	at java.util.concurrent.CompletableFuture$AsyncSupply.run(CompletableFuture.java:1604)
	at java.util.concurrent.ThreadPoolExecutor.runWorker(ThreadPoolExecutor.java:1149)
	at java.util.concurrent.ThreadPoolExecutor$Worker.run(ThreadPoolExecutor.java:624)
	at java.lang.Thread.run(Thread.java:750)
]]></system-out>
  </testcase>
  <testcase name="testDeleteVolume" classname="org.apache.hadoop.ozone.client.rpc.TestOzoneRpcClient" time="0.012">
    <system-out><![CDATA[2023-05-31 22:58:19,219 [main] INFO  rpc.RpcClient (RpcClient.java:createVolume(459)) - Creating Volume: 5c4b72d1-5a47-4c18-b035-8eab5f2bf041, with runner as owner and space quota set to -1 bytes, counts quota set to -1
2023-05-31 22:58:19,223 [OM StateMachine ApplyTransaction Thread - 0] INFO  volume.OMVolumeCreateRequest (OMVolumeCreateRequest.java:validateAndUpdateCache(196)) - created volume:5c4b72d1-5a47-4c18-b035-8eab5f2bf041 for user:runner
22:58:19.229 [IPC Server handler 13 on default port 15004] ERROR OMAudit - user=runner | ip=127.0.0.1 | op=READ_VOLUME {volume=5c4b72d1-5a47-4c18-b035-8eab5f2bf041} | ret=FAILURE
org.apache.hadoop.ozone.om.exceptions.OMException: Volume 5c4b72d1-5a47-4c18-b035-8eab5f2bf041 is not found
	at org.apache.hadoop.ozone.om.OzoneManager.getVolumeOwner(OzoneManager.java:2514) ~[ozone-manager-1.4.0-SNAPSHOT.jar:?]
	at org.apache.hadoop.ozone.om.OzoneManager.getVolumeOwner(OzoneManager.java:2487) ~[ozone-manager-1.4.0-SNAPSHOT.jar:?]
	at org.apache.hadoop.ozone.om.OmMetadataReader.checkAcls(OmMetadataReader.java:443) ~[ozone-manager-1.4.0-SNAPSHOT.jar:?]
	at org.apache.hadoop.ozone.om.OzoneManager.getVolumeInfo(OzoneManager.java:2635) ~[ozone-manager-1.4.0-SNAPSHOT.jar:?]
	at org.apache.hadoop.ozone.protocolPB.OzoneManagerRequestHandler.infoVolume(OzoneManagerRequestHandler.java:436) ~[ozone-manager-1.4.0-SNAPSHOT.jar:?]
	at org.apache.hadoop.ozone.protocolPB.OzoneManagerRequestHandler.handleReadRequest(OzoneManagerRequestHandler.java:179) ~[ozone-manager-1.4.0-SNAPSHOT.jar:?]
	at org.apache.hadoop.ozone.protocolPB.OzoneManagerProtocolServerSideTranslatorPB.submitReadRequestToOM(OzoneManagerProtocolServerSideTranslatorPB.java:223) ~[ozone-manager-1.4.0-SNAPSHOT.jar:?]
	at org.apache.hadoop.ozone.protocolPB.OzoneManagerProtocolServerSideTranslatorPB.processRequest(OzoneManagerProtocolServerSideTranslatorPB.java:177) ~[ozone-manager-1.4.0-SNAPSHOT.jar:?]
	at org.apache.hadoop.hdds.server.OzoneProtocolMessageDispatcher.processRequest(OzoneProtocolMessageDispatcher.java:87) [hdds-server-framework-1.4.0-SNAPSHOT.jar:?]
	at org.apache.hadoop.ozone.protocolPB.OzoneManagerProtocolServerSideTranslatorPB.submitRequest(OzoneManagerProtocolServerSideTranslatorPB.java:147) [ozone-manager-1.4.0-SNAPSHOT.jar:?]
	at org.apache.hadoop.ozone.protocol.proto.OzoneManagerProtocolProtos$OzoneManagerService$2.callBlockingMethod(OzoneManagerProtocolProtos.java) [ozone-interface-client-1.4.0-SNAPSHOT.jar:?]
	at org.apache.hadoop.ipc.ProtobufRpcEngine$Server.processCall(ProtobufRpcEngine.java:484) [hadoop-common-3.3.5.jar:?]
	at org.apache.hadoop.ipc.ProtobufRpcEngine2$Server$ProtoBufRpcInvoker.call(ProtobufRpcEngine2.java:595) [hadoop-common-3.3.5.jar:?]
	at org.apache.hadoop.ipc.ProtobufRpcEngine2$Server$ProtoBufRpcInvoker.call(ProtobufRpcEngine2.java:573) [hadoop-common-3.3.5.jar:?]
	at org.apache.hadoop.ipc.RPC$Server.call(RPC.java:1213) [hadoop-common-3.3.5.jar:?]
	at org.apache.hadoop.ipc.Server$RpcCall.run(Server.java:1089) [hadoop-common-3.3.5.jar:?]
	at org.apache.hadoop.ipc.Server$RpcCall.run(Server.java:1012) [hadoop-common-3.3.5.jar:?]
	at java.security.AccessController.doPrivileged(Native Method) ~[?:1.8.0_362]
	at javax.security.auth.Subject.doAs(Subject.java:422) [?:1.8.0_362]
	at org.apache.hadoop.security.UserGroupInformation.doAs(UserGroupInformation.java:1899) [hadoop-common-3.3.5.jar:?]
	at org.apache.hadoop.ipc.Server$Handler.run(Server.java:3026) [hadoop-common-3.3.5.jar:?]
]]></system-out>
  </testcase>
  <testcase name="testDeletedKeyForGDPR" classname="org.apache.hadoop.ozone.client.rpc.TestOzoneRpcClient" time="0.162">
    <system-out><![CDATA[2023-05-31 22:58:19,231 [main] INFO  rpc.RpcClient (RpcClient.java:createVolume(459)) - Creating Volume: afcfcaa7-f033-4ed6-b19c-881d5098a950, with runner as owner and space quota set to -1 bytes, counts quota set to -1
2023-05-31 22:58:19,233 [OM StateMachine ApplyTransaction Thread - 0] INFO  volume.OMVolumeCreateRequest (OMVolumeCreateRequest.java:validateAndUpdateCache(196)) - created volume:afcfcaa7-f033-4ed6-b19c-881d5098a950 for user:runner
2023-05-31 22:58:19,235 [main] INFO  rpc.RpcClient (RpcClient.java:createBucket(686)) - Creating Bucket: afcfcaa7-f033-4ed6-b19c-881d5098a950/e5133b82-8fa0-4454-ab1c-6a114a242559, with server-side default bucket layout, runner as owner, Versioning false, Storage Type set to DISK and Encryption set to false, Replication Type set to server-side default replication type, Namespace Quota set to -1, Space Quota set to -1 
2023-05-31 22:58:19,238 [OM StateMachine ApplyTransaction Thread - 0] INFO  bucket.OMBucketCreateRequest (OMBucketCreateRequest.java:validateAndUpdateCache(270)) - created bucket: e5133b82-8fa0-4454-ab1c-6a114a242559 of layout FILE_SYSTEM_OPTIMIZED in volume: afcfcaa7-f033-4ed6-b19c-881d5098a950
2023-05-31 22:58:19,346 [IPC Server handler 19 on default port 15001] WARN  node.SCMNodeManager (SCMNodeManager.java:getNodesByAddress(1381)) - Cannot find node for address 127.0.0.1
2023-05-31 22:58:19,349 [IPC Server handler 15 on default port 15001] WARN  node.SCMNodeManager (SCMNodeManager.java:getNodesByAddress(1381)) - Cannot find node for address 127.0.0.1
]]></system-out>
  </testcase>
  <testcase name="testFSOBucketUsedBytes" classname="org.apache.hadoop.ozone.client.rpc.TestOzoneRpcClient" time="0.128">
    <system-out><![CDATA[2023-05-31 22:58:19,394 [main] INFO  rpc.RpcClient (RpcClient.java:createVolume(459)) - Creating Volume: bc3e7f67-19e6-43a1-98d5-55104db4440c, with runner as owner and space quota set to -1 bytes, counts quota set to -1
2023-05-31 22:58:19,396 [OM StateMachine ApplyTransaction Thread - 0] INFO  volume.OMVolumeCreateRequest (OMVolumeCreateRequest.java:validateAndUpdateCache(196)) - created volume:bc3e7f67-19e6-43a1-98d5-55104db4440c for user:runner
2023-05-31 22:58:19,398 [main] INFO  rpc.RpcClient (RpcClient.java:createBucket(686)) - Creating Bucket: bc3e7f67-19e6-43a1-98d5-55104db4440c/c38a1a74-92d4-4818-a5ec-ec7040ba3ead, with bucket layout FILE_SYSTEM_OPTIMIZED, runner as owner, Versioning false, Storage Type set to DISK and Encryption set to false, Replication Type set to server-side default replication type, Namespace Quota set to -1, Space Quota set to -1 
2023-05-31 22:58:19,400 [OM StateMachine ApplyTransaction Thread - 0] INFO  bucket.OMBucketCreateRequest (OMBucketCreateRequest.java:validateAndUpdateCache(270)) - created bucket: c38a1a74-92d4-4818-a5ec-ec7040ba3ead of layout FILE_SYSTEM_OPTIMIZED in volume: bc3e7f67-19e6-43a1-98d5-55104db4440c
]]></system-out>
  </testcase>
  <testcase name="testGetKeyDetails" classname="org.apache.hadoop.ozone.client.rpc.TestOzoneRpcClient" time="0.061">
    <system-out><![CDATA[2023-05-31 22:58:19,523 [main] INFO  rpc.RpcClient (RpcClient.java:createVolume(459)) - Creating Volume: 9aebc163-e592-4813-8e48-21595005e49a, with runner as owner and space quota set to -1 bytes, counts quota set to -1
2023-05-31 22:58:19,527 [OM StateMachine ApplyTransaction Thread - 0] INFO  volume.OMVolumeCreateRequest (OMVolumeCreateRequest.java:validateAndUpdateCache(196)) - created volume:9aebc163-e592-4813-8e48-21595005e49a for user:runner
2023-05-31 22:58:19,529 [main] INFO  rpc.RpcClient (RpcClient.java:createBucket(686)) - Creating Bucket: 9aebc163-e592-4813-8e48-21595005e49a/979034dc-90ff-4f37-98ad-ddb9cb53e158, with server-side default bucket layout, runner as owner, Versioning false, Storage Type set to DISK and Encryption set to false, Replication Type set to server-side default replication type, Namespace Quota set to -1, Space Quota set to -1 
2023-05-31 22:58:19,531 [OM StateMachine ApplyTransaction Thread - 0] INFO  bucket.OMBucketCreateRequest (OMBucketCreateRequest.java:validateAndUpdateCache(270)) - created bucket: 979034dc-90ff-4f37-98ad-ddb9cb53e158 of layout FILE_SYSTEM_OPTIMIZED in volume: 9aebc163-e592-4813-8e48-21595005e49a
2023-05-31 22:58:19,565 [IPC Server handler 2 on default port 15001] WARN  node.SCMNodeManager (SCMNodeManager.java:getNodesByAddress(1381)) - Cannot find node for address 127.0.0.1
]]></system-out>
  </testcase>
  <testcase name="testHeadObject" classname="org.apache.hadoop.ozone.client.rpc.TestOzoneRpcClient" time="0.098">
    <system-out><![CDATA[2023-05-31 22:58:19,588 [main] INFO  rpc.RpcClient (RpcClient.java:createVolume(459)) - Creating Volume: 850181c5-35d3-4d6d-8eb0-ff2c1b180225, with runner as owner and space quota set to -1 bytes, counts quota set to -1
2023-05-31 22:58:19,591 [OM StateMachine ApplyTransaction Thread - 0] INFO  volume.OMVolumeCreateRequest (OMVolumeCreateRequest.java:validateAndUpdateCache(196)) - created volume:850181c5-35d3-4d6d-8eb0-ff2c1b180225 for user:runner
2023-05-31 22:58:19,593 [main] INFO  rpc.RpcClient (RpcClient.java:createBucket(686)) - Creating Bucket: 850181c5-35d3-4d6d-8eb0-ff2c1b180225/25b70f53-d9b6-43b7-bea1-9de6652fb420, with server-side default bucket layout, runner as owner, Versioning false, Storage Type set to DISK and Encryption set to false, Replication Type set to server-side default replication type, Namespace Quota set to -1, Space Quota set to -1 
2023-05-31 22:58:19,595 [OM StateMachine ApplyTransaction Thread - 0] INFO  bucket.OMBucketCreateRequest (OMBucketCreateRequest.java:validateAndUpdateCache(270)) - created bucket: 25b70f53-d9b6-43b7-bea1-9de6652fb420 of layout FILE_SYSTEM_OPTIMIZED in volume: 850181c5-35d3-4d6d-8eb0-ff2c1b180225
22:58:19.680 [IPC Server handler 18 on default port 15004] ERROR OMAudit - user=runner | ip=127.0.0.1 | op=READ_KEY {volume=850181c5-35d3-4d6d-8eb0-ff2c1b180225, bucket=25b70f53-d9b6-43b7-bea1-9de6652fb420, key=9e8e40b0-0c5c-4ca6-b68f-145a1eceeb79, dataSize=0, replicationConfig=null} | ret=FAILURE
org.apache.hadoop.ozone.om.exceptions.OMException: Key:9e8e40b0-0c5c-4ca6-b68f-145a1eceeb79 not found
	at org.apache.hadoop.ozone.om.KeyManagerImpl.readKeyInfo(KeyManagerImpl.java:438) ~[ozone-manager-1.4.0-SNAPSHOT.jar:?]
	at org.apache.hadoop.ozone.om.KeyManagerImpl.lambda$9(KeyManagerImpl.java:1932) ~[ozone-manager-1.4.0-SNAPSHOT.jar:?]
	at org.apache.hadoop.util.MetricUtil.captureLatencyNs(MetricUtil.java:37) ~[hdds-common-1.4.0-SNAPSHOT.jar:?]
	at org.apache.hadoop.ozone.om.KeyManagerImpl.getKeyInfo(KeyManagerImpl.java:1930) ~[ozone-manager-1.4.0-SNAPSHOT.jar:?]
	at org.apache.hadoop.ozone.om.OmMetadataReader.getKeyInfo(OmMetadataReader.java:210) ~[ozone-manager-1.4.0-SNAPSHOT.jar:?]
	at org.apache.hadoop.ozone.om.OzoneManager.getKeyInfo(OzoneManager.java:2861) ~[ozone-manager-1.4.0-SNAPSHOT.jar:?]
	at org.apache.hadoop.ozone.protocolPB.OzoneManagerRequestHandler.getKeyInfo(OzoneManagerRequestHandler.java:550) ~[ozone-manager-1.4.0-SNAPSHOT.jar:?]
	at org.apache.hadoop.ozone.protocolPB.OzoneManagerRequestHandler.handleReadRequest(OzoneManagerRequestHandler.java:293) ~[ozone-manager-1.4.0-SNAPSHOT.jar:?]
	at org.apache.hadoop.ozone.protocolPB.OzoneManagerProtocolServerSideTranslatorPB.submitReadRequestToOM(OzoneManagerProtocolServerSideTranslatorPB.java:223) ~[ozone-manager-1.4.0-SNAPSHOT.jar:?]
	at org.apache.hadoop.ozone.protocolPB.OzoneManagerProtocolServerSideTranslatorPB.processRequest(OzoneManagerProtocolServerSideTranslatorPB.java:177) ~[ozone-manager-1.4.0-SNAPSHOT.jar:?]
	at org.apache.hadoop.hdds.server.OzoneProtocolMessageDispatcher.processRequest(OzoneProtocolMessageDispatcher.java:87) [hdds-server-framework-1.4.0-SNAPSHOT.jar:?]
	at org.apache.hadoop.ozone.protocolPB.OzoneManagerProtocolServerSideTranslatorPB.submitRequest(OzoneManagerProtocolServerSideTranslatorPB.java:147) [ozone-manager-1.4.0-SNAPSHOT.jar:?]
	at org.apache.hadoop.ozone.protocol.proto.OzoneManagerProtocolProtos$OzoneManagerService$2.callBlockingMethod(OzoneManagerProtocolProtos.java) [ozone-interface-client-1.4.0-SNAPSHOT.jar:?]
	at org.apache.hadoop.ipc.ProtobufRpcEngine$Server.processCall(ProtobufRpcEngine.java:484) [hadoop-common-3.3.5.jar:?]
	at org.apache.hadoop.ipc.ProtobufRpcEngine2$Server$ProtoBufRpcInvoker.call(ProtobufRpcEngine2.java:595) [hadoop-common-3.3.5.jar:?]
	at org.apache.hadoop.ipc.ProtobufRpcEngine2$Server$ProtoBufRpcInvoker.call(ProtobufRpcEngine2.java:573) [hadoop-common-3.3.5.jar:?]
	at org.apache.hadoop.ipc.RPC$Server.call(RPC.java:1213) [hadoop-common-3.3.5.jar:?]
	at org.apache.hadoop.ipc.Server$RpcCall.run(Server.java:1089) [hadoop-common-3.3.5.jar:?]
	at org.apache.hadoop.ipc.Server$RpcCall.run(Server.java:1012) [hadoop-common-3.3.5.jar:?]
	at java.security.AccessController.doPrivileged(Native Method) ~[?:1.8.0_362]
	at javax.security.auth.Subject.doAs(Subject.java:422) [?:1.8.0_362]
	at org.apache.hadoop.security.UserGroupInformation.doAs(UserGroupInformation.java:1899) [hadoop-common-3.3.5.jar:?]
	at org.apache.hadoop.ipc.Server$Handler.run(Server.java:3026) [hadoop-common-3.3.5.jar:?]
]]></system-out>
  </testcase>
  <testcase name="testInitiateMultipartUpload(ReplicationConfig)[1]" classname="org.apache.hadoop.ozone.client.rpc.TestOzoneRpcClient" time="0.024">
    <system-out><![CDATA[2023-05-31 22:58:19,685 [main] INFO  rpc.RpcClient (RpcClient.java:createVolume(459)) - Creating Volume: a4738318-0d68-4233-870c-2ff1bde16921, with runner as owner and space quota set to -1 bytes, counts quota set to -1
2023-05-31 22:58:19,688 [OM StateMachine ApplyTransaction Thread - 0] INFO  volume.OMVolumeCreateRequest (OMVolumeCreateRequest.java:validateAndUpdateCache(196)) - created volume:a4738318-0d68-4233-870c-2ff1bde16921 for user:runner
2023-05-31 22:58:19,691 [main] INFO  rpc.RpcClient (RpcClient.java:createBucket(686)) - Creating Bucket: a4738318-0d68-4233-870c-2ff1bde16921/7c426c64-e0ed-4e7c-9515-9f61d30f4b3f, with server-side default bucket layout, runner as owner, Versioning false, Storage Type set to DISK and Encryption set to false, Replication Type set to server-side default replication type, Namespace Quota set to -1, Space Quota set to -1 
2023-05-31 22:58:19,693 [OM StateMachine ApplyTransaction Thread - 0] INFO  bucket.OMBucketCreateRequest (OMBucketCreateRequest.java:validateAndUpdateCache(270)) - created bucket: 7c426c64-e0ed-4e7c-9515-9f61d30f4b3f of layout FILE_SYSTEM_OPTIMIZED in volume: a4738318-0d68-4233-870c-2ff1bde16921
]]></system-out>
  </testcase>
  <testcase name="testInitiateMultipartUpload(ReplicationConfig)[2]" classname="org.apache.hadoop.ozone.client.rpc.TestOzoneRpcClient" time="0.019">
    <system-out><![CDATA[2023-05-31 22:58:19,711 [main] INFO  rpc.RpcClient (RpcClient.java:createVolume(459)) - Creating Volume: afe569fb-b127-456a-a999-e74a35ec9ec2, with runner as owner and space quota set to -1 bytes, counts quota set to -1
2023-05-31 22:58:19,714 [OM StateMachine ApplyTransaction Thread - 0] INFO  volume.OMVolumeCreateRequest (OMVolumeCreateRequest.java:validateAndUpdateCache(196)) - created volume:afe569fb-b127-456a-a999-e74a35ec9ec2 for user:runner
2023-05-31 22:58:19,717 [main] INFO  rpc.RpcClient (RpcClient.java:createBucket(686)) - Creating Bucket: afe569fb-b127-456a-a999-e74a35ec9ec2/ff7fe293-f383-41cf-a21b-7e4d2f6c098b, with server-side default bucket layout, runner as owner, Versioning false, Storage Type set to DISK and Encryption set to false, Replication Type set to server-side default replication type, Namespace Quota set to -1, Space Quota set to -1 
2023-05-31 22:58:19,719 [OM StateMachine ApplyTransaction Thread - 0] INFO  bucket.OMBucketCreateRequest (OMBucketCreateRequest.java:validateAndUpdateCache(270)) - created bucket: ff7fe293-f383-41cf-a21b-7e4d2f6c098b of layout FILE_SYSTEM_OPTIMIZED in volume: afe569fb-b127-456a-a999-e74a35ec9ec2
]]></system-out>
  </testcase>
  <testcase name="testInitiateMultipartUpload(ReplicationConfig)[3]" classname="org.apache.hadoop.ozone.client.rpc.TestOzoneRpcClient" time="0.022">
    <system-out><![CDATA[2023-05-31 22:58:19,733 [main] INFO  rpc.RpcClient (RpcClient.java:createVolume(459)) - Creating Volume: 56c995b1-151d-4a91-861d-2831f27c1a5b, with runner as owner and space quota set to -1 bytes, counts quota set to -1
2023-05-31 22:58:19,737 [OM StateMachine ApplyTransaction Thread - 0] INFO  volume.OMVolumeCreateRequest (OMVolumeCreateRequest.java:validateAndUpdateCache(196)) - created volume:56c995b1-151d-4a91-861d-2831f27c1a5b for user:runner
2023-05-31 22:58:19,740 [main] INFO  rpc.RpcClient (RpcClient.java:createBucket(686)) - Creating Bucket: 56c995b1-151d-4a91-861d-2831f27c1a5b/7775ce06-b8ad-48cb-a674-242f612c13a9, with server-side default bucket layout, runner as owner, Versioning false, Storage Type set to DISK and Encryption set to false, Replication Type set to server-side default replication type, Namespace Quota set to -1, Space Quota set to -1 
2023-05-31 22:58:19,743 [OM StateMachine ApplyTransaction Thread - 0] INFO  bucket.OMBucketCreateRequest (OMBucketCreateRequest.java:validateAndUpdateCache(270)) - created bucket: 7775ce06-b8ad-48cb-a674-242f612c13a9 of layout FILE_SYSTEM_OPTIMIZED in volume: 56c995b1-151d-4a91-861d-2831f27c1a5b
]]></system-out>
  </testcase>
  <testcase name="testInitiateMultipartUploadWithDefaultReplication" classname="org.apache.hadoop.ozone.client.rpc.TestOzoneRpcClient" time="0.016">
    <system-out><![CDATA[2023-05-31 22:58:19,753 [main] INFO  rpc.RpcClient (RpcClient.java:createVolume(459)) - Creating Volume: 101bb824-7f73-4a61-a029-bbd7f8e7e3ec, with runner as owner and space quota set to -1 bytes, counts quota set to -1
2023-05-31 22:58:19,757 [OM StateMachine ApplyTransaction Thread - 0] INFO  volume.OMVolumeCreateRequest (OMVolumeCreateRequest.java:validateAndUpdateCache(196)) - created volume:101bb824-7f73-4a61-a029-bbd7f8e7e3ec for user:runner
2023-05-31 22:58:19,759 [main] INFO  rpc.RpcClient (RpcClient.java:createBucket(686)) - Creating Bucket: 101bb824-7f73-4a61-a029-bbd7f8e7e3ec/09a32e5b-d161-40ac-a45b-d3e287038a4e, with server-side default bucket layout, runner as owner, Versioning false, Storage Type set to DISK and Encryption set to false, Replication Type set to server-side default replication type, Namespace Quota set to -1, Space Quota set to -1 
2023-05-31 22:58:19,760 [OM StateMachine ApplyTransaction Thread - 0] INFO  bucket.OMBucketCreateRequest (OMBucketCreateRequest.java:validateAndUpdateCache(270)) - created bucket: 09a32e5b-d161-40ac-a45b-d3e287038a4e of layout FILE_SYSTEM_OPTIMIZED in volume: 101bb824-7f73-4a61-a029-bbd7f8e7e3ec
]]></system-out>
  </testcase>
  <testcase name="testInvalidBucketCreation" classname="org.apache.hadoop.ozone.client.rpc.TestOzoneRpcClient" time="0.008">
    <system-out><![CDATA[2023-05-31 22:58:19,769 [main] INFO  rpc.RpcClient (RpcClient.java:createVolume(459)) - Creating Volume: 600f2973-ccfc-482d-8a10-3de6d14367f5, with runner as owner and space quota set to -1 bytes, counts quota set to -1
2023-05-31 22:58:19,772 [OM StateMachine ApplyTransaction Thread - 0] INFO  volume.OMVolumeCreateRequest (OMVolumeCreateRequest.java:validateAndUpdateCache(196)) - created volume:600f2973-ccfc-482d-8a10-3de6d14367f5 for user:runner
]]></system-out>
  </testcase>
  <testcase name="testKeyReadWriteForGDPR" classname="org.apache.hadoop.ozone.client.rpc.TestOzoneRpcClient" time="0.06">
    <system-out><![CDATA[2023-05-31 22:58:19,778 [main] INFO  rpc.RpcClient (RpcClient.java:createVolume(459)) - Creating Volume: 5c871705-64d8-47d2-95ef-349662856624, with runner as owner and space quota set to -1 bytes, counts quota set to -1
2023-05-31 22:58:19,780 [OM StateMachine ApplyTransaction Thread - 0] INFO  volume.OMVolumeCreateRequest (OMVolumeCreateRequest.java:validateAndUpdateCache(196)) - created volume:5c871705-64d8-47d2-95ef-349662856624 for user:runner
2023-05-31 22:58:19,782 [main] INFO  rpc.RpcClient (RpcClient.java:createBucket(686)) - Creating Bucket: 5c871705-64d8-47d2-95ef-349662856624/d694542d-292a-4219-a422-3e12f055a1cc, with bucket layout OBJECT_STORE, runner as owner, Versioning false, Storage Type set to DISK and Encryption set to false, Replication Type set to server-side default replication type, Namespace Quota set to -1, Space Quota set to -1 
2023-05-31 22:58:19,784 [OM StateMachine ApplyTransaction Thread - 0] INFO  bucket.OMBucketCreateRequest (OMBucketCreateRequest.java:validateAndUpdateCache(270)) - created bucket: d694542d-292a-4219-a422-3e12f055a1cc of layout OBJECT_STORE in volume: 5c871705-64d8-47d2-95ef-349662856624
2023-05-31 22:58:19,810 [IPC Server handler 17 on default port 15001] WARN  node.SCMNodeManager (SCMNodeManager.java:getNodesByAddress(1381)) - Cannot find node for address 127.0.0.1
2023-05-31 22:58:19,817 [IPC Server handler 9 on default port 15001] WARN  node.SCMNodeManager (SCMNodeManager.java:getNodesByAddress(1381)) - Cannot find node for address 127.0.0.1
2023-05-31 22:58:19,827 [IPC Server handler 0 on default port 15001] WARN  node.SCMNodeManager (SCMNodeManager.java:getNodesByAddress(1381)) - Cannot find node for address 127.0.0.1
2023-05-31 22:58:19,831 [IPC Server handler 14 on default port 15001] WARN  node.SCMNodeManager (SCMNodeManager.java:getNodesByAddress(1381)) - Cannot find node for address 127.0.0.1
]]></system-out>
  </testcase>
  <testcase name="testKeysRename" classname="org.apache.hadoop.ozone.client.rpc.TestOzoneRpcClient" time="0.105">
    <system-out><![CDATA[2023-05-31 22:58:19,839 [main] INFO  rpc.RpcClient (RpcClient.java:createVolume(459)) - Creating Volume: db43ff3e-377e-4893-a6d3-37389b840153, with runner as owner and space quota set to -1 bytes, counts quota set to -1
2023-05-31 22:58:19,841 [OM StateMachine ApplyTransaction Thread - 0] INFO  volume.OMVolumeCreateRequest (OMVolumeCreateRequest.java:validateAndUpdateCache(196)) - created volume:db43ff3e-377e-4893-a6d3-37389b840153 for user:runner
2023-05-31 22:58:19,847 [main] INFO  rpc.RpcClient (RpcClient.java:createBucket(686)) - Creating Bucket: db43ff3e-377e-4893-a6d3-37389b840153/5ec9ac6d-89d0-49b1-b682-615884e40669, with bucket layout OBJECT_STORE, runner as owner, Versioning false, Storage Type set to DISK and Encryption set to false, Replication Type set to server-side default replication type, Namespace Quota set to -1, Space Quota set to -1 
2023-05-31 22:58:19,854 [OM StateMachine ApplyTransaction Thread - 0] INFO  bucket.OMBucketCreateRequest (OMBucketCreateRequest.java:validateAndUpdateCache(270)) - created bucket: 5ec9ac6d-89d0-49b1-b682-615884e40669 of layout OBJECT_STORE in volume: db43ff3e-377e-4893-a6d3-37389b840153
2023-05-31 22:58:19,882 [IPC Server handler 18 on default port 15001] WARN  node.SCMNodeManager (SCMNodeManager.java:getNodesByAddress(1381)) - Cannot find node for address 127.0.0.1
2023-05-31 22:58:19,904 [IPC Server handler 16 on default port 15001] WARN  node.SCMNodeManager (SCMNodeManager.java:getNodesByAddress(1381)) - Cannot find node for address 127.0.0.1
2023-05-31 22:58:19,935 [IPC Server handler 8 on default port 15001] WARN  node.SCMNodeManager (SCMNodeManager.java:getNodesByAddress(1381)) - Cannot find node for address 127.0.0.1
2023-05-31 22:58:19,937 [IPC Server handler 19 on default port 15001] WARN  node.SCMNodeManager (SCMNodeManager.java:getNodesByAddress(1381)) - Cannot find node for address 127.0.0.1
22:58:19.940 [IPC Server handler 14 on default port 15004] ERROR OMAudit - user=runner | ip=127.0.0.1 | op=READ_KEY {volume=db43ff3e-377e-4893-a6d3-37389b840153, bucket=5ec9ac6d-89d0-49b1-b682-615884e40669, key=dir/file1, dataSize=0, replicationConfig=null} | ret=FAILURE
org.apache.hadoop.ozone.om.exceptions.OMException: Key:dir/file1 not found
	at org.apache.hadoop.ozone.om.KeyManagerImpl.readKeyInfo(KeyManagerImpl.java:438) ~[ozone-manager-1.4.0-SNAPSHOT.jar:?]
	at org.apache.hadoop.ozone.om.KeyManagerImpl.lambda$9(KeyManagerImpl.java:1932) ~[ozone-manager-1.4.0-SNAPSHOT.jar:?]
	at org.apache.hadoop.util.MetricUtil.captureLatencyNs(MetricUtil.java:37) ~[hdds-common-1.4.0-SNAPSHOT.jar:?]
	at org.apache.hadoop.ozone.om.KeyManagerImpl.getKeyInfo(KeyManagerImpl.java:1930) ~[ozone-manager-1.4.0-SNAPSHOT.jar:?]
	at org.apache.hadoop.ozone.om.OmMetadataReader.getKeyInfo(OmMetadataReader.java:210) ~[ozone-manager-1.4.0-SNAPSHOT.jar:?]
	at org.apache.hadoop.ozone.om.OzoneManager.getKeyInfo(OzoneManager.java:2861) ~[ozone-manager-1.4.0-SNAPSHOT.jar:?]
	at org.apache.hadoop.ozone.protocolPB.OzoneManagerRequestHandler.getKeyInfo(OzoneManagerRequestHandler.java:550) ~[ozone-manager-1.4.0-SNAPSHOT.jar:?]
	at org.apache.hadoop.ozone.protocolPB.OzoneManagerRequestHandler.handleReadRequest(OzoneManagerRequestHandler.java:293) ~[ozone-manager-1.4.0-SNAPSHOT.jar:?]
	at org.apache.hadoop.ozone.protocolPB.OzoneManagerProtocolServerSideTranslatorPB.submitReadRequestToOM(OzoneManagerProtocolServerSideTranslatorPB.java:223) ~[ozone-manager-1.4.0-SNAPSHOT.jar:?]
	at org.apache.hadoop.ozone.protocolPB.OzoneManagerProtocolServerSideTranslatorPB.processRequest(OzoneManagerProtocolServerSideTranslatorPB.java:177) ~[ozone-manager-1.4.0-SNAPSHOT.jar:?]
	at org.apache.hadoop.hdds.server.OzoneProtocolMessageDispatcher.processRequest(OzoneProtocolMessageDispatcher.java:87) [hdds-server-framework-1.4.0-SNAPSHOT.jar:?]
	at org.apache.hadoop.ozone.protocolPB.OzoneManagerProtocolServerSideTranslatorPB.submitRequest(OzoneManagerProtocolServerSideTranslatorPB.java:147) [ozone-manager-1.4.0-SNAPSHOT.jar:?]
	at org.apache.hadoop.ozone.protocol.proto.OzoneManagerProtocolProtos$OzoneManagerService$2.callBlockingMethod(OzoneManagerProtocolProtos.java) [ozone-interface-client-1.4.0-SNAPSHOT.jar:?]
	at org.apache.hadoop.ipc.ProtobufRpcEngine$Server.processCall(ProtobufRpcEngine.java:484) [hadoop-common-3.3.5.jar:?]
	at org.apache.hadoop.ipc.ProtobufRpcEngine2$Server$ProtoBufRpcInvoker.call(ProtobufRpcEngine2.java:595) [hadoop-common-3.3.5.jar:?]
	at org.apache.hadoop.ipc.ProtobufRpcEngine2$Server$ProtoBufRpcInvoker.call(ProtobufRpcEngine2.java:573) [hadoop-common-3.3.5.jar:?]
	at org.apache.hadoop.ipc.RPC$Server.call(RPC.java:1213) [hadoop-common-3.3.5.jar:?]
	at org.apache.hadoop.ipc.Server$RpcCall.run(Server.java:1089) [hadoop-common-3.3.5.jar:?]
	at org.apache.hadoop.ipc.Server$RpcCall.run(Server.java:1012) [hadoop-common-3.3.5.jar:?]
	at java.security.AccessController.doPrivileged(Native Method) ~[?:1.8.0_362]
	at javax.security.auth.Subject.doAs(Subject.java:422) [?:1.8.0_362]
	at org.apache.hadoop.security.UserGroupInformation.doAs(UserGroupInformation.java:1899) [hadoop-common-3.3.5.jar:?]
	at org.apache.hadoop.ipc.Server$Handler.run(Server.java:3026) [hadoop-common-3.3.5.jar:?]
22:58:19.942 [IPC Server handler 11 on default port 15004] ERROR OMAudit - user=runner | ip=127.0.0.1 | op=READ_KEY {volume=db43ff3e-377e-4893-a6d3-37389b840153, bucket=5ec9ac6d-89d0-49b1-b682-615884e40669, key=dir/file2, dataSize=0, replicationConfig=null} | ret=FAILURE
org.apache.hadoop.ozone.om.exceptions.OMException: Key:dir/file2 not found
	at org.apache.hadoop.ozone.om.KeyManagerImpl.readKeyInfo(KeyManagerImpl.java:438) ~[ozone-manager-1.4.0-SNAPSHOT.jar:?]
	at org.apache.hadoop.ozone.om.KeyManagerImpl.lambda$9(KeyManagerImpl.java:1932) ~[ozone-manager-1.4.0-SNAPSHOT.jar:?]
	at org.apache.hadoop.util.MetricUtil.captureLatencyNs(MetricUtil.java:37) ~[hdds-common-1.4.0-SNAPSHOT.jar:?]
	at org.apache.hadoop.ozone.om.KeyManagerImpl.getKeyInfo(KeyManagerImpl.java:1930) ~[ozone-manager-1.4.0-SNAPSHOT.jar:?]
	at org.apache.hadoop.ozone.om.OmMetadataReader.getKeyInfo(OmMetadataReader.java:210) ~[ozone-manager-1.4.0-SNAPSHOT.jar:?]
	at org.apache.hadoop.ozone.om.OzoneManager.getKeyInfo(OzoneManager.java:2861) ~[ozone-manager-1.4.0-SNAPSHOT.jar:?]
	at org.apache.hadoop.ozone.protocolPB.OzoneManagerRequestHandler.getKeyInfo(OzoneManagerRequestHandler.java:550) ~[ozone-manager-1.4.0-SNAPSHOT.jar:?]
	at org.apache.hadoop.ozone.protocolPB.OzoneManagerRequestHandler.handleReadRequest(OzoneManagerRequestHandler.java:293) ~[ozone-manager-1.4.0-SNAPSHOT.jar:?]
	at org.apache.hadoop.ozone.protocolPB.OzoneManagerProtocolServerSideTranslatorPB.submitReadRequestToOM(OzoneManagerProtocolServerSideTranslatorPB.java:223) ~[ozone-manager-1.4.0-SNAPSHOT.jar:?]
	at org.apache.hadoop.ozone.protocolPB.OzoneManagerProtocolServerSideTranslatorPB.processRequest(OzoneManagerProtocolServerSideTranslatorPB.java:177) ~[ozone-manager-1.4.0-SNAPSHOT.jar:?]
	at org.apache.hadoop.hdds.server.OzoneProtocolMessageDispatcher.processRequest(OzoneProtocolMessageDispatcher.java:87) [hdds-server-framework-1.4.0-SNAPSHOT.jar:?]
	at org.apache.hadoop.ozone.protocolPB.OzoneManagerProtocolServerSideTranslatorPB.submitRequest(OzoneManagerProtocolServerSideTranslatorPB.java:147) [ozone-manager-1.4.0-SNAPSHOT.jar:?]
	at org.apache.hadoop.ozone.protocol.proto.OzoneManagerProtocolProtos$OzoneManagerService$2.callBlockingMethod(OzoneManagerProtocolProtos.java) [ozone-interface-client-1.4.0-SNAPSHOT.jar:?]
	at org.apache.hadoop.ipc.ProtobufRpcEngine$Server.processCall(ProtobufRpcEngine.java:484) [hadoop-common-3.3.5.jar:?]
	at org.apache.hadoop.ipc.ProtobufRpcEngine2$Server$ProtoBufRpcInvoker.call(ProtobufRpcEngine2.java:595) [hadoop-common-3.3.5.jar:?]
	at org.apache.hadoop.ipc.ProtobufRpcEngine2$Server$ProtoBufRpcInvoker.call(ProtobufRpcEngine2.java:573) [hadoop-common-3.3.5.jar:?]
	at org.apache.hadoop.ipc.RPC$Server.call(RPC.java:1213) [hadoop-common-3.3.5.jar:?]
	at org.apache.hadoop.ipc.Server$RpcCall.run(Server.java:1089) [hadoop-common-3.3.5.jar:?]
	at org.apache.hadoop.ipc.Server$RpcCall.run(Server.java:1012) [hadoop-common-3.3.5.jar:?]
	at java.security.AccessController.doPrivileged(Native Method) ~[?:1.8.0_362]
	at javax.security.auth.Subject.doAs(Subject.java:422) [?:1.8.0_362]
	at org.apache.hadoop.security.UserGroupInformation.doAs(UserGroupInformation.java:1899) [hadoop-common-3.3.5.jar:?]
	at org.apache.hadoop.ipc.Server$Handler.run(Server.java:3026) [hadoop-common-3.3.5.jar:?]
]]></system-out>
  </testcase>
  <testcase name="testKeysRenameFail" classname="org.apache.hadoop.ozone.client.rpc.TestOzoneRpcClient" time="0.037">
    <system-out><![CDATA[2023-05-31 22:58:19,945 [main] INFO  rpc.RpcClient (RpcClient.java:createVolume(459)) - Creating Volume: 2624d1bd-c27d-491a-9af5-2625060f9b17, with runner as owner and space quota set to -1 bytes, counts quota set to -1
2023-05-31 22:58:19,949 [OM StateMachine ApplyTransaction Thread - 0] INFO  volume.OMVolumeCreateRequest (OMVolumeCreateRequest.java:validateAndUpdateCache(196)) - created volume:2624d1bd-c27d-491a-9af5-2625060f9b17 for user:runner
2023-05-31 22:58:19,951 [main] INFO  rpc.RpcClient (RpcClient.java:createBucket(686)) - Creating Bucket: 2624d1bd-c27d-491a-9af5-2625060f9b17/99ca76f3-16e0-4523-86de-15b7a7ef96eb, with bucket layout OBJECT_STORE, runner as owner, Versioning false, Storage Type set to DISK and Encryption set to false, Replication Type set to server-side default replication type, Namespace Quota set to -1, Space Quota set to -1 
2023-05-31 22:58:19,953 [OM StateMachine ApplyTransaction Thread - 0] INFO  bucket.OMBucketCreateRequest (OMBucketCreateRequest.java:validateAndUpdateCache(270)) - created bucket: 99ca76f3-16e0-4523-86de-15b7a7ef96eb of layout OBJECT_STORE in volume: 2624d1bd-c27d-491a-9af5-2625060f9b17
2023-05-31 22:58:19,971 [IPC Server handler 11 on default port 15001] WARN  node.SCMNodeManager (SCMNodeManager.java:getNodesByAddress(1381)) - Cannot find node for address 127.0.0.1
2023-05-31 22:58:19,974 [OM StateMachine ApplyTransaction Thread - 0] ERROR key.OMKeysRenameRequest (OMKeysRenameRequest.java:validateAndUpdateCache(190)) - Received a request to rename a Key does not exist /2624d1bd-c27d-491a-9af5-2625060f9b17/99ca76f3-16e0-4523-86de-15b7a7ef96eb/dir/file2
2023-05-31 22:58:19,978 [IPC Server handler 4 on default port 15001] WARN  node.SCMNodeManager (SCMNodeManager.java:getNodesByAddress(1381)) - Cannot find node for address 127.0.0.1
22:58:19.980 [IPC Server handler 16 on default port 15004] ERROR OMAudit - user=runner | ip=127.0.0.1 | op=READ_KEY {volume=2624d1bd-c27d-491a-9af5-2625060f9b17, bucket=99ca76f3-16e0-4523-86de-15b7a7ef96eb, key=dir/file2, dataSize=0, replicationConfig=null} | ret=FAILURE
org.apache.hadoop.ozone.om.exceptions.OMException: Key:dir/file2 not found
	at org.apache.hadoop.ozone.om.KeyManagerImpl.readKeyInfo(KeyManagerImpl.java:438) ~[ozone-manager-1.4.0-SNAPSHOT.jar:?]
	at org.apache.hadoop.ozone.om.KeyManagerImpl.lambda$9(KeyManagerImpl.java:1932) ~[ozone-manager-1.4.0-SNAPSHOT.jar:?]
	at org.apache.hadoop.util.MetricUtil.captureLatencyNs(MetricUtil.java:37) ~[hdds-common-1.4.0-SNAPSHOT.jar:?]
	at org.apache.hadoop.ozone.om.KeyManagerImpl.getKeyInfo(KeyManagerImpl.java:1930) ~[ozone-manager-1.4.0-SNAPSHOT.jar:?]
	at org.apache.hadoop.ozone.om.OmMetadataReader.getKeyInfo(OmMetadataReader.java:210) ~[ozone-manager-1.4.0-SNAPSHOT.jar:?]
	at org.apache.hadoop.ozone.om.OzoneManager.getKeyInfo(OzoneManager.java:2861) ~[ozone-manager-1.4.0-SNAPSHOT.jar:?]
	at org.apache.hadoop.ozone.protocolPB.OzoneManagerRequestHandler.getKeyInfo(OzoneManagerRequestHandler.java:550) ~[ozone-manager-1.4.0-SNAPSHOT.jar:?]
	at org.apache.hadoop.ozone.protocolPB.OzoneManagerRequestHandler.handleReadRequest(OzoneManagerRequestHandler.java:293) ~[ozone-manager-1.4.0-SNAPSHOT.jar:?]
	at org.apache.hadoop.ozone.protocolPB.OzoneManagerProtocolServerSideTranslatorPB.submitReadRequestToOM(OzoneManagerProtocolServerSideTranslatorPB.java:223) ~[ozone-manager-1.4.0-SNAPSHOT.jar:?]
	at org.apache.hadoop.ozone.protocolPB.OzoneManagerProtocolServerSideTranslatorPB.processRequest(OzoneManagerProtocolServerSideTranslatorPB.java:177) ~[ozone-manager-1.4.0-SNAPSHOT.jar:?]
	at org.apache.hadoop.hdds.server.OzoneProtocolMessageDispatcher.processRequest(OzoneProtocolMessageDispatcher.java:87) [hdds-server-framework-1.4.0-SNAPSHOT.jar:?]
	at org.apache.hadoop.ozone.protocolPB.OzoneManagerProtocolServerSideTranslatorPB.submitRequest(OzoneManagerProtocolServerSideTranslatorPB.java:147) [ozone-manager-1.4.0-SNAPSHOT.jar:?]
	at org.apache.hadoop.ozone.protocol.proto.OzoneManagerProtocolProtos$OzoneManagerService$2.callBlockingMethod(OzoneManagerProtocolProtos.java) [ozone-interface-client-1.4.0-SNAPSHOT.jar:?]
	at org.apache.hadoop.ipc.ProtobufRpcEngine$Server.processCall(ProtobufRpcEngine.java:484) [hadoop-common-3.3.5.jar:?]
	at org.apache.hadoop.ipc.ProtobufRpcEngine2$Server$ProtoBufRpcInvoker.call(ProtobufRpcEngine2.java:595) [hadoop-common-3.3.5.jar:?]
	at org.apache.hadoop.ipc.ProtobufRpcEngine2$Server$ProtoBufRpcInvoker.call(ProtobufRpcEngine2.java:573) [hadoop-common-3.3.5.jar:?]
	at org.apache.hadoop.ipc.RPC$Server.call(RPC.java:1213) [hadoop-common-3.3.5.jar:?]
	at org.apache.hadoop.ipc.Server$RpcCall.run(Server.java:1089) [hadoop-common-3.3.5.jar:?]
	at org.apache.hadoop.ipc.Server$RpcCall.run(Server.java:1012) [hadoop-common-3.3.5.jar:?]
	at java.security.AccessController.doPrivileged(Native Method) ~[?:1.8.0_362]
	at javax.security.auth.Subject.doAs(Subject.java:422) [?:1.8.0_362]
	at org.apache.hadoop.security.UserGroupInformation.doAs(UserGroupInformation.java:1899) [hadoop-common-3.3.5.jar:?]
	at org.apache.hadoop.ipc.Server$Handler.run(Server.java:3026) [hadoop-common-3.3.5.jar:?]
]]></system-out>
  </testcase>
  <testcase name="testListBucket" classname="org.apache.hadoop.ozone.client.rpc.TestOzoneRpcClient" time="0.388">
    <system-out><![CDATA[2023-05-31 22:58:19,982 [main] INFO  rpc.RpcClient (RpcClient.java:createVolume(459)) - Creating Volume: vol-a-58424, with runner as owner and space quota set to -1 bytes, counts quota set to -1
2023-05-31 22:58:19,984 [OM StateMachine ApplyTransaction Thread - 0] INFO  volume.OMVolumeCreateRequest (OMVolumeCreateRequest.java:validateAndUpdateCache(196)) - created volume:vol-a-58424 for user:runner
2023-05-31 22:58:19,984 [main] INFO  rpc.RpcClient (RpcClient.java:createVolume(459)) - Creating Volume: vol-b-21388, with runner as owner and space quota set to -1 bytes, counts quota set to -1
2023-05-31 22:58:19,986 [OM StateMachine ApplyTransaction Thread - 0] INFO  volume.OMVolumeCreateRequest (OMVolumeCreateRequest.java:validateAndUpdateCache(196)) - created volume:vol-b-21388 for user:runner
2023-05-31 22:58:19,989 [main] INFO  rpc.RpcClient (RpcClient.java:createBucket(686)) - Creating Bucket: vol-a-58424/bucket-a-0-42123, with server-side default bucket layout, runner as owner, Versioning false, Storage Type set to DISK and Encryption set to false, Replication Type set to server-side default replication type, Namespace Quota set to -1, Space Quota set to -1 
2023-05-31 22:58:19,990 [OM StateMachine ApplyTransaction Thread - 0] INFO  bucket.OMBucketCreateRequest (OMBucketCreateRequest.java:validateAndUpdateCache(270)) - created bucket: bucket-a-0-42123 of layout FILE_SYSTEM_OPTIMIZED in volume: vol-a-58424
2023-05-31 22:58:20,053 [OM StateMachine ApplyTransaction Thread - 0] INFO  snapshot.OMSnapshotCreateRequest (OMSnapshotCreateRequest.java:validateAndUpdateCache(231)) - Created snapshot 's20230531-225820.039' under path 'vol-a-58424/bucket-a-0-42123'
2023-05-31 22:58:20,055 [main] INFO  rpc.RpcClient (RpcClient.java:createBucket(686)) - Creating Bucket: vol-b-21388/bucket-a-0-83963, with server-side default bucket layout, runner as owner, Versioning false, Storage Type set to DISK and Encryption set to false, Replication Type set to server-side default replication type, Namespace Quota set to -1, Space Quota set to -1 
2023-05-31 22:58:20,064 [OM StateMachine ApplyTransaction Thread - 0] INFO  bucket.OMBucketCreateRequest (OMBucketCreateRequest.java:validateAndUpdateCache(270)) - created bucket: bucket-a-0-83963 of layout FILE_SYSTEM_OPTIMIZED in volume: vol-b-21388
2023-05-31 22:58:20,068 [OM StateMachine ApplyTransaction Thread - 0] INFO  snapshot.OMSnapshotCreateRequest (OMSnapshotCreateRequest.java:validateAndUpdateCache(231)) - Created snapshot 's20230531-225820.066' under path 'vol-b-21388/bucket-a-0-83963'
2023-05-31 22:58:20,069 [main] INFO  rpc.RpcClient (RpcClient.java:createBucket(686)) - Creating Bucket: vol-a-58424/bucket-a-1-13156, with server-side default bucket layout, runner as owner, Versioning false, Storage Type set to DISK and Encryption set to false, Replication Type set to server-side default replication type, Namespace Quota set to -1, Space Quota set to -1 
2023-05-31 22:58:20,073 [OM StateMachine ApplyTransaction Thread - 0] INFO  bucket.OMBucketCreateRequest (OMBucketCreateRequest.java:validateAndUpdateCache(270)) - created bucket: bucket-a-1-13156 of layout FILE_SYSTEM_OPTIMIZED in volume: vol-a-58424
2023-05-31 22:58:20,079 [OM StateMachine ApplyTransaction Thread - 0] INFO  snapshot.OMSnapshotCreateRequest (OMSnapshotCreateRequest.java:validateAndUpdateCache(231)) - Created snapshot 's20230531-225820.075' under path 'vol-a-58424/bucket-a-1-13156'
2023-05-31 22:58:20,081 [main] INFO  rpc.RpcClient (RpcClient.java:createBucket(686)) - Creating Bucket: vol-b-21388/bucket-a-1-49026, with server-side default bucket layout, runner as owner, Versioning false, Storage Type set to DISK and Encryption set to false, Replication Type set to server-side default replication type, Namespace Quota set to -1, Space Quota set to -1 
2023-05-31 22:58:20,083 [OM StateMachine ApplyTransaction Thread - 0] INFO  bucket.OMBucketCreateRequest (OMBucketCreateRequest.java:validateAndUpdateCache(270)) - created bucket: bucket-a-1-49026 of layout FILE_SYSTEM_OPTIMIZED in volume: vol-b-21388
2023-05-31 22:58:20,085 [OM StateMachine ApplyTransaction Thread - 0] INFO  snapshot.OMSnapshotCreateRequest (OMSnapshotCreateRequest.java:validateAndUpdateCache(231)) - Created snapshot 's20230531-225820.084' under path 'vol-b-21388/bucket-a-1-49026'
2023-05-31 22:58:20,086 [main] INFO  rpc.RpcClient (RpcClient.java:createBucket(686)) - Creating Bucket: vol-a-58424/bucket-a-2-77947, with server-side default bucket layout, runner as owner, Versioning false, Storage Type set to DISK and Encryption set to false, Replication Type set to server-side default replication type, Namespace Quota set to -1, Space Quota set to -1 
2023-05-31 22:58:20,093 [OM StateMachine ApplyTransaction Thread - 0] INFO  bucket.OMBucketCreateRequest (OMBucketCreateRequest.java:validateAndUpdateCache(270)) - created bucket: bucket-a-2-77947 of layout FILE_SYSTEM_OPTIMIZED in volume: vol-a-58424
2023-05-31 22:58:20,095 [OM StateMachine ApplyTransaction Thread - 0] INFO  snapshot.OMSnapshotCreateRequest (OMSnapshotCreateRequest.java:validateAndUpdateCache(231)) - Created snapshot 's20230531-225820.094' under path 'vol-a-58424/bucket-a-2-77947'
2023-05-31 22:58:20,096 [main] INFO  rpc.RpcClient (RpcClient.java:createBucket(686)) - Creating Bucket: vol-b-21388/bucket-a-2-37946, with server-side default bucket layout, runner as owner, Versioning false, Storage Type set to DISK and Encryption set to false, Replication Type set to server-side default replication type, Namespace Quota set to -1, Space Quota set to -1 
2023-05-31 22:58:20,098 [OM StateMachine ApplyTransaction Thread - 0] INFO  bucket.OMBucketCreateRequest (OMBucketCreateRequest.java:validateAndUpdateCache(270)) - created bucket: bucket-a-2-37946 of layout FILE_SYSTEM_OPTIMIZED in volume: vol-b-21388
2023-05-31 22:58:20,101 [OM StateMachine ApplyTransaction Thread - 0] INFO  snapshot.OMSnapshotCreateRequest (OMSnapshotCreateRequest.java:validateAndUpdateCache(231)) - Created snapshot 's20230531-225820.100' under path 'vol-b-21388/bucket-a-2-37946'
2023-05-31 22:58:20,101 [main] INFO  rpc.RpcClient (RpcClient.java:createBucket(686)) - Creating Bucket: vol-a-58424/bucket-a-3-15268, with server-side default bucket layout, runner as owner, Versioning false, Storage Type set to DISK and Encryption set to false, Replication Type set to server-side default replication type, Namespace Quota set to -1, Space Quota set to -1 
2023-05-31 22:58:20,104 [OM StateMachine ApplyTransaction Thread - 0] INFO  bucket.OMBucketCreateRequest (OMBucketCreateRequest.java:validateAndUpdateCache(270)) - created bucket: bucket-a-3-15268 of layout FILE_SYSTEM_OPTIMIZED in volume: vol-a-58424
2023-05-31 22:58:20,107 [OM StateMachine ApplyTransaction Thread - 0] INFO  snapshot.OMSnapshotCreateRequest (OMSnapshotCreateRequest.java:validateAndUpdateCache(231)) - Created snapshot 's20230531-225820.105' under path 'vol-a-58424/bucket-a-3-15268'
2023-05-31 22:58:20,107 [main] INFO  rpc.RpcClient (RpcClient.java:createBucket(686)) - Creating Bucket: vol-b-21388/bucket-a-3-42230, with server-side default bucket layout, runner as owner, Versioning false, Storage Type set to DISK and Encryption set to false, Replication Type set to server-side default replication type, Namespace Quota set to -1, Space Quota set to -1 
2023-05-31 22:58:20,109 [OM StateMachine ApplyTransaction Thread - 0] INFO  bucket.OMBucketCreateRequest (OMBucketCreateRequest.java:validateAndUpdateCache(270)) - created bucket: bucket-a-3-42230 of layout FILE_SYSTEM_OPTIMIZED in volume: vol-b-21388
2023-05-31 22:58:20,112 [OM StateMachine ApplyTransaction Thread - 0] INFO  snapshot.OMSnapshotCreateRequest (OMSnapshotCreateRequest.java:validateAndUpdateCache(231)) - Created snapshot 's20230531-225820.110' under path 'vol-b-21388/bucket-a-3-42230'
2023-05-31 22:58:20,112 [main] INFO  rpc.RpcClient (RpcClient.java:createBucket(686)) - Creating Bucket: vol-a-58424/bucket-a-4-85116, with server-side default bucket layout, runner as owner, Versioning false, Storage Type set to DISK and Encryption set to false, Replication Type set to server-side default replication type, Namespace Quota set to -1, Space Quota set to -1 
2023-05-31 22:58:20,114 [OM StateMachine ApplyTransaction Thread - 0] INFO  bucket.OMBucketCreateRequest (OMBucketCreateRequest.java:validateAndUpdateCache(270)) - created bucket: bucket-a-4-85116 of layout FILE_SYSTEM_OPTIMIZED in volume: vol-a-58424
2023-05-31 22:58:20,119 [OM StateMachine ApplyTransaction Thread - 0] INFO  snapshot.OMSnapshotCreateRequest (OMSnapshotCreateRequest.java:validateAndUpdateCache(231)) - Created snapshot 's20230531-225820.116' under path 'vol-a-58424/bucket-a-4-85116'
2023-05-31 22:58:20,120 [main] INFO  rpc.RpcClient (RpcClient.java:createBucket(686)) - Creating Bucket: vol-b-21388/bucket-a-4-12276, with server-side default bucket layout, runner as owner, Versioning false, Storage Type set to DISK and Encryption set to false, Replication Type set to server-side default replication type, Namespace Quota set to -1, Space Quota set to -1 
2023-05-31 22:58:20,131 [OM StateMachine ApplyTransaction Thread - 0] INFO  bucket.OMBucketCreateRequest (OMBucketCreateRequest.java:validateAndUpdateCache(270)) - created bucket: bucket-a-4-12276 of layout FILE_SYSTEM_OPTIMIZED in volume: vol-b-21388
2023-05-31 22:58:20,140 [OM StateMachine ApplyTransaction Thread - 0] INFO  snapshot.OMSnapshotCreateRequest (OMSnapshotCreateRequest.java:validateAndUpdateCache(231)) - Created snapshot 's20230531-225820.139' under path 'vol-b-21388/bucket-a-4-12276'
2023-05-31 22:58:20,141 [main] INFO  rpc.RpcClient (RpcClient.java:createBucket(686)) - Creating Bucket: vol-a-58424/bucket-a-5-18946, with server-side default bucket layout, runner as owner, Versioning false, Storage Type set to DISK and Encryption set to false, Replication Type set to server-side default replication type, Namespace Quota set to -1, Space Quota set to -1 
2023-05-31 22:58:20,143 [OM StateMachine ApplyTransaction Thread - 0] INFO  bucket.OMBucketCreateRequest (OMBucketCreateRequest.java:validateAndUpdateCache(270)) - created bucket: bucket-a-5-18946 of layout FILE_SYSTEM_OPTIMIZED in volume: vol-a-58424
2023-05-31 22:58:20,144 [OMDoubleBufferFlushThread] INFO  db.RDBCheckpointManager (RDBCheckpointManager.java:createCheckpoint(89)) - Created checkpoint in rocksDB at /home/runner/work/ozone/ozone/hadoop-ozone/integration-test/target/test-dir/MiniOzoneClusterImpl-816a41a7-5c89-4e8c-81ba-db0c8b26fb2d/ozone-meta/db.snapshots/checkpointState/om.db-af462231-77c0-4c20-aea4-49fbfa5aa022 in 89 milliseconds
2023-05-31 22:58:20,148 [OM StateMachine ApplyTransaction Thread - 0] INFO  snapshot.OMSnapshotCreateRequest (OMSnapshotCreateRequest.java:validateAndUpdateCache(231)) - Created snapshot 's20230531-225820.146' under path 'vol-a-58424/bucket-a-5-18946'
2023-05-31 22:58:20,148 [main] INFO  rpc.RpcClient (RpcClient.java:createBucket(686)) - Creating Bucket: vol-b-21388/bucket-a-5-46740, with server-side default bucket layout, runner as owner, Versioning false, Storage Type set to DISK and Encryption set to false, Replication Type set to server-side default replication type, Namespace Quota set to -1, Space Quota set to -1 
2023-05-31 22:58:20,151 [OM StateMachine ApplyTransaction Thread - 0] INFO  bucket.OMBucketCreateRequest (OMBucketCreateRequest.java:validateAndUpdateCache(270)) - created bucket: bucket-a-5-46740 of layout FILE_SYSTEM_OPTIMIZED in volume: vol-b-21388
2023-05-31 22:58:20,153 [OM StateMachine ApplyTransaction Thread - 0] INFO  snapshot.OMSnapshotCreateRequest (OMSnapshotCreateRequest.java:validateAndUpdateCache(231)) - Created snapshot 's20230531-225820.152' under path 'vol-b-21388/bucket-a-5-46740'
2023-05-31 22:58:20,154 [main] INFO  rpc.RpcClient (RpcClient.java:createBucket(686)) - Creating Bucket: vol-a-58424/bucket-a-6-75896, with server-side default bucket layout, runner as owner, Versioning false, Storage Type set to DISK and Encryption set to false, Replication Type set to server-side default replication type, Namespace Quota set to -1, Space Quota set to -1 
2023-05-31 22:58:20,156 [OM StateMachine ApplyTransaction Thread - 0] INFO  bucket.OMBucketCreateRequest (OMBucketCreateRequest.java:validateAndUpdateCache(270)) - created bucket: bucket-a-6-75896 of layout FILE_SYSTEM_OPTIMIZED in volume: vol-a-58424
2023-05-31 22:58:20,158 [OM StateMachine ApplyTransaction Thread - 0] INFO  snapshot.OMSnapshotCreateRequest (OMSnapshotCreateRequest.java:validateAndUpdateCache(231)) - Created snapshot 's20230531-225820.157' under path 'vol-a-58424/bucket-a-6-75896'
2023-05-31 22:58:20,159 [main] INFO  rpc.RpcClient (RpcClient.java:createBucket(686)) - Creating Bucket: vol-b-21388/bucket-a-6-44569, with server-side default bucket layout, runner as owner, Versioning false, Storage Type set to DISK and Encryption set to false, Replication Type set to server-side default replication type, Namespace Quota set to -1, Space Quota set to -1 
2023-05-31 22:58:20,161 [OM StateMachine ApplyTransaction Thread - 0] INFO  bucket.OMBucketCreateRequest (OMBucketCreateRequest.java:validateAndUpdateCache(270)) - created bucket: bucket-a-6-44569 of layout FILE_SYSTEM_OPTIMIZED in volume: vol-b-21388
2023-05-31 22:58:20,164 [OM StateMachine ApplyTransaction Thread - 0] INFO  snapshot.OMSnapshotCreateRequest (OMSnapshotCreateRequest.java:validateAndUpdateCache(231)) - Created snapshot 's20230531-225820.163' under path 'vol-b-21388/bucket-a-6-44569'
2023-05-31 22:58:20,165 [main] INFO  rpc.RpcClient (RpcClient.java:createBucket(686)) - Creating Bucket: vol-a-58424/bucket-a-7-38244, with server-side default bucket layout, runner as owner, Versioning false, Storage Type set to DISK and Encryption set to false, Replication Type set to server-side default replication type, Namespace Quota set to -1, Space Quota set to -1 
2023-05-31 22:58:20,167 [OM StateMachine ApplyTransaction Thread - 0] INFO  bucket.OMBucketCreateRequest (OMBucketCreateRequest.java:validateAndUpdateCache(270)) - created bucket: bucket-a-7-38244 of layout FILE_SYSTEM_OPTIMIZED in volume: vol-a-58424
2023-05-31 22:58:20,170 [OM StateMachine ApplyTransaction Thread - 0] INFO  snapshot.OMSnapshotCreateRequest (OMSnapshotCreateRequest.java:validateAndUpdateCache(231)) - Created snapshot 's20230531-225820.169' under path 'vol-a-58424/bucket-a-7-38244'
2023-05-31 22:58:20,171 [main] INFO  rpc.RpcClient (RpcClient.java:createBucket(686)) - Creating Bucket: vol-b-21388/bucket-a-7-27359, with server-side default bucket layout, runner as owner, Versioning false, Storage Type set to DISK and Encryption set to false, Replication Type set to server-side default replication type, Namespace Quota set to -1, Space Quota set to -1 
2023-05-31 22:58:20,173 [OM StateMachine ApplyTransaction Thread - 0] INFO  bucket.OMBucketCreateRequest (OMBucketCreateRequest.java:validateAndUpdateCache(270)) - created bucket: bucket-a-7-27359 of layout FILE_SYSTEM_OPTIMIZED in volume: vol-b-21388
2023-05-31 22:58:20,175 [OM StateMachine ApplyTransaction Thread - 0] INFO  snapshot.OMSnapshotCreateRequest (OMSnapshotCreateRequest.java:validateAndUpdateCache(231)) - Created snapshot 's20230531-225820.174' under path 'vol-b-21388/bucket-a-7-27359'
2023-05-31 22:58:20,176 [main] INFO  rpc.RpcClient (RpcClient.java:createBucket(686)) - Creating Bucket: vol-a-58424/bucket-a-8-51854, with server-side default bucket layout, runner as owner, Versioning false, Storage Type set to DISK and Encryption set to false, Replication Type set to server-side default replication type, Namespace Quota set to -1, Space Quota set to -1 
2023-05-31 22:58:20,177 [OM StateMachine ApplyTransaction Thread - 0] INFO  bucket.OMBucketCreateRequest (OMBucketCreateRequest.java:validateAndUpdateCache(270)) - created bucket: bucket-a-8-51854 of layout FILE_SYSTEM_OPTIMIZED in volume: vol-a-58424
2023-05-31 22:58:20,179 [OM StateMachine ApplyTransaction Thread - 0] INFO  snapshot.OMSnapshotCreateRequest (OMSnapshotCreateRequest.java:validateAndUpdateCache(231)) - Created snapshot 's20230531-225820.178' under path 'vol-a-58424/bucket-a-8-51854'
2023-05-31 22:58:20,180 [main] INFO  rpc.RpcClient (RpcClient.java:createBucket(686)) - Creating Bucket: vol-b-21388/bucket-a-8-40313, with server-side default bucket layout, runner as owner, Versioning false, Storage Type set to DISK and Encryption set to false, Replication Type set to server-side default replication type, Namespace Quota set to -1, Space Quota set to -1 
2023-05-31 22:58:20,183 [OM StateMachine ApplyTransaction Thread - 0] INFO  bucket.OMBucketCreateRequest (OMBucketCreateRequest.java:validateAndUpdateCache(270)) - created bucket: bucket-a-8-40313 of layout FILE_SYSTEM_OPTIMIZED in volume: vol-b-21388
2023-05-31 22:58:20,186 [OM StateMachine ApplyTransaction Thread - 0] INFO  snapshot.OMSnapshotCreateRequest (OMSnapshotCreateRequest.java:validateAndUpdateCache(231)) - Created snapshot 's20230531-225820.184' under path 'vol-b-21388/bucket-a-8-40313'
2023-05-31 22:58:20,186 [main] INFO  rpc.RpcClient (RpcClient.java:createBucket(686)) - Creating Bucket: vol-a-58424/bucket-a-9-23346, with server-side default bucket layout, runner as owner, Versioning false, Storage Type set to DISK and Encryption set to false, Replication Type set to server-side default replication type, Namespace Quota set to -1, Space Quota set to -1 
2023-05-31 22:58:20,189 [OM StateMachine ApplyTransaction Thread - 0] INFO  bucket.OMBucketCreateRequest (OMBucketCreateRequest.java:validateAndUpdateCache(270)) - created bucket: bucket-a-9-23346 of layout FILE_SYSTEM_OPTIMIZED in volume: vol-a-58424
2023-05-31 22:58:20,191 [OM StateMachine ApplyTransaction Thread - 0] INFO  snapshot.OMSnapshotCreateRequest (OMSnapshotCreateRequest.java:validateAndUpdateCache(231)) - Created snapshot 's20230531-225820.190' under path 'vol-a-58424/bucket-a-9-23346'
2023-05-31 22:58:20,192 [main] INFO  rpc.RpcClient (RpcClient.java:createBucket(686)) - Creating Bucket: vol-b-21388/bucket-a-9-37838, with server-side default bucket layout, runner as owner, Versioning false, Storage Type set to DISK and Encryption set to false, Replication Type set to server-side default replication type, Namespace Quota set to -1, Space Quota set to -1 
2023-05-31 22:58:20,193 [OM StateMachine ApplyTransaction Thread - 0] INFO  bucket.OMBucketCreateRequest (OMBucketCreateRequest.java:validateAndUpdateCache(270)) - created bucket: bucket-a-9-37838 of layout FILE_SYSTEM_OPTIMIZED in volume: vol-b-21388
2023-05-31 22:58:20,196 [OM StateMachine ApplyTransaction Thread - 0] INFO  snapshot.OMSnapshotCreateRequest (OMSnapshotCreateRequest.java:validateAndUpdateCache(231)) - Created snapshot 's20230531-225820.195' under path 'vol-b-21388/bucket-a-9-37838'
2023-05-31 22:58:20,197 [main] INFO  rpc.RpcClient (RpcClient.java:createBucket(686)) - Creating Bucket: vol-a-58424/bucket-b-0-64225, with server-side default bucket layout, runner as owner, Versioning false, Storage Type set to DISK and Encryption set to false, Replication Type set to server-side default replication type, Namespace Quota set to -1, Space Quota set to -1 
2023-05-31 22:58:20,198 [OMDoubleBufferFlushThread] INFO  db.RDBCheckpointUtils (RDBCheckpointUtils.java:waitForCheckpointDirectoryExist(59)) - Waited for 52 milliseconds for checkpoint directory /home/runner/work/ozone/ozone/hadoop-ozone/integration-test/target/test-dir/MiniOzoneClusterImpl-816a41a7-5c89-4e8c-81ba-db0c8b26fb2d/ozone-meta/db.snapshots/checkpointState/om.db-af462231-77c0-4c20-aea4-49fbfa5aa022 availability.
2023-05-31 22:58:20,200 [OMDoubleBufferFlushThread] INFO  om.OmSnapshotManager (OmSnapshotManager.java:createOmSnapshotCheckpoint(409)) - Created checkpoint : /home/runner/work/ozone/ozone/hadoop-ozone/integration-test/target/test-dir/MiniOzoneClusterImpl-816a41a7-5c89-4e8c-81ba-db0c8b26fb2d/ozone-meta/db.snapshots/checkpointState/om.db-af462231-77c0-4c20-aea4-49fbfa5aa022 for snapshot s20230531-225820.039
2023-05-31 22:58:20,206 [OM StateMachine ApplyTransaction Thread - 0] INFO  bucket.OMBucketCreateRequest (OMBucketCreateRequest.java:validateAndUpdateCache(270)) - created bucket: bucket-b-0-64225 of layout FILE_SYSTEM_OPTIMIZED in volume: vol-a-58424
2023-05-31 22:58:20,211 [OM StateMachine ApplyTransaction Thread - 0] INFO  snapshot.OMSnapshotCreateRequest (OMSnapshotCreateRequest.java:validateAndUpdateCache(231)) - Created snapshot 's20230531-225820.208' under path 'vol-a-58424/bucket-b-0-64225'
2023-05-31 22:58:20,212 [main] INFO  rpc.RpcClient (RpcClient.java:createBucket(686)) - Creating Bucket: vol-b-21388/bucket-b-0-93362, with server-side default bucket layout, runner as owner, Versioning false, Storage Type set to DISK and Encryption set to false, Replication Type set to server-side default replication type, Namespace Quota set to -1, Space Quota set to -1 
2023-05-31 22:58:20,214 [OM StateMachine ApplyTransaction Thread - 0] INFO  bucket.OMBucketCreateRequest (OMBucketCreateRequest.java:validateAndUpdateCache(270)) - created bucket: bucket-b-0-93362 of layout FILE_SYSTEM_OPTIMIZED in volume: vol-b-21388
2023-05-31 22:58:20,215 [main] INFO  rpc.RpcClient (RpcClient.java:createBucket(686)) - Creating Bucket: vol-a-58424/bucket-b-1-00083, with server-side default bucket layout, runner as owner, Versioning false, Storage Type set to DISK and Encryption set to false, Replication Type set to server-side default replication type, Namespace Quota set to -1, Space Quota set to -1 
2023-05-31 22:58:20,219 [OM StateMachine ApplyTransaction Thread - 0] INFO  bucket.OMBucketCreateRequest (OMBucketCreateRequest.java:validateAndUpdateCache(270)) - created bucket: bucket-b-1-00083 of layout FILE_SYSTEM_OPTIMIZED in volume: vol-a-58424
2023-05-31 22:58:20,222 [OM StateMachine ApplyTransaction Thread - 0] INFO  snapshot.OMSnapshotCreateRequest (OMSnapshotCreateRequest.java:validateAndUpdateCache(231)) - Created snapshot 's20230531-225820.221' under path 'vol-a-58424/bucket-b-1-00083'
2023-05-31 22:58:20,223 [main] INFO  rpc.RpcClient (RpcClient.java:createBucket(686)) - Creating Bucket: vol-b-21388/bucket-b-1-04500, with server-side default bucket layout, runner as owner, Versioning false, Storage Type set to DISK and Encryption set to false, Replication Type set to server-side default replication type, Namespace Quota set to -1, Space Quota set to -1 
2023-05-31 22:58:20,225 [OM StateMachine ApplyTransaction Thread - 0] INFO  bucket.OMBucketCreateRequest (OMBucketCreateRequest.java:validateAndUpdateCache(270)) - created bucket: bucket-b-1-04500 of layout FILE_SYSTEM_OPTIMIZED in volume: vol-b-21388
2023-05-31 22:58:20,226 [main] INFO  rpc.RpcClient (RpcClient.java:createBucket(686)) - Creating Bucket: vol-a-58424/bucket-b-2-84902, with server-side default bucket layout, runner as owner, Versioning false, Storage Type set to DISK and Encryption set to false, Replication Type set to server-side default replication type, Namespace Quota set to -1, Space Quota set to -1 
2023-05-31 22:58:20,228 [OM StateMachine ApplyTransaction Thread - 0] INFO  bucket.OMBucketCreateRequest (OMBucketCreateRequest.java:validateAndUpdateCache(270)) - created bucket: bucket-b-2-84902 of layout FILE_SYSTEM_OPTIMIZED in volume: vol-a-58424
2023-05-31 22:58:20,231 [OM StateMachine ApplyTransaction Thread - 0] INFO  snapshot.OMSnapshotCreateRequest (OMSnapshotCreateRequest.java:validateAndUpdateCache(231)) - Created snapshot 's20230531-225820.229' under path 'vol-a-58424/bucket-b-2-84902'
2023-05-31 22:58:20,232 [main] INFO  rpc.RpcClient (RpcClient.java:createBucket(686)) - Creating Bucket: vol-b-21388/bucket-b-2-19687, with server-side default bucket layout, runner as owner, Versioning false, Storage Type set to DISK and Encryption set to false, Replication Type set to server-side default replication type, Namespace Quota set to -1, Space Quota set to -1 
2023-05-31 22:58:20,238 [OM StateMachine ApplyTransaction Thread - 0] INFO  bucket.OMBucketCreateRequest (OMBucketCreateRequest.java:validateAndUpdateCache(270)) - created bucket: bucket-b-2-19687 of layout FILE_SYSTEM_OPTIMIZED in volume: vol-b-21388
2023-05-31 22:58:20,239 [main] INFO  rpc.RpcClient (RpcClient.java:createBucket(686)) - Creating Bucket: vol-a-58424/bucket-b-3-77020, with server-side default bucket layout, runner as owner, Versioning false, Storage Type set to DISK and Encryption set to false, Replication Type set to server-side default replication type, Namespace Quota set to -1, Space Quota set to -1 
2023-05-31 22:58:20,242 [OM StateMachine ApplyTransaction Thread - 0] INFO  bucket.OMBucketCreateRequest (OMBucketCreateRequest.java:validateAndUpdateCache(270)) - created bucket: bucket-b-3-77020 of layout FILE_SYSTEM_OPTIMIZED in volume: vol-a-58424
2023-05-31 22:58:20,244 [OM StateMachine ApplyTransaction Thread - 0] INFO  snapshot.OMSnapshotCreateRequest (OMSnapshotCreateRequest.java:validateAndUpdateCache(231)) - Created snapshot 's20230531-225820.243' under path 'vol-a-58424/bucket-b-3-77020'
2023-05-31 22:58:20,245 [main] INFO  rpc.RpcClient (RpcClient.java:createBucket(686)) - Creating Bucket: vol-b-21388/bucket-b-3-40633, with server-side default bucket layout, runner as owner, Versioning false, Storage Type set to DISK and Encryption set to false, Replication Type set to server-side default replication type, Namespace Quota set to -1, Space Quota set to -1 
2023-05-31 22:58:20,246 [OMDoubleBufferFlushThread] INFO  db.RDBCheckpointManager (RDBCheckpointManager.java:createCheckpoint(89)) - Created checkpoint in rocksDB at /home/runner/work/ozone/ozone/hadoop-ozone/integration-test/target/test-dir/MiniOzoneClusterImpl-816a41a7-5c89-4e8c-81ba-db0c8b26fb2d/ozone-meta/db.snapshots/checkpointState/om.db-f06eff43-b76e-4a16-9994-d9526f3a4b94 in 35 milliseconds
2023-05-31 22:58:20,247 [OM StateMachine ApplyTransaction Thread - 0] INFO  bucket.OMBucketCreateRequest (OMBucketCreateRequest.java:validateAndUpdateCache(270)) - created bucket: bucket-b-3-40633 of layout FILE_SYSTEM_OPTIMIZED in volume: vol-b-21388
2023-05-31 22:58:20,248 [main] INFO  rpc.RpcClient (RpcClient.java:createBucket(686)) - Creating Bucket: vol-a-58424/bucket-b-4-58164, with server-side default bucket layout, runner as owner, Versioning false, Storage Type set to DISK and Encryption set to false, Replication Type set to server-side default replication type, Namespace Quota set to -1, Space Quota set to -1 
2023-05-31 22:58:20,250 [OMDoubleBufferFlushThread] INFO  db.RDBCheckpointUtils (RDBCheckpointUtils.java:waitForCheckpointDirectoryExist(59)) - Waited for 4 milliseconds for checkpoint directory /home/runner/work/ozone/ozone/hadoop-ozone/integration-test/target/test-dir/MiniOzoneClusterImpl-816a41a7-5c89-4e8c-81ba-db0c8b26fb2d/ozone-meta/db.snapshots/checkpointState/om.db-f06eff43-b76e-4a16-9994-d9526f3a4b94 availability.
2023-05-31 22:58:20,250 [OM StateMachine ApplyTransaction Thread - 0] INFO  bucket.OMBucketCreateRequest (OMBucketCreateRequest.java:validateAndUpdateCache(270)) - created bucket: bucket-b-4-58164 of layout FILE_SYSTEM_OPTIMIZED in volume: vol-a-58424
2023-05-31 22:58:20,251 [OMDoubleBufferFlushThread] INFO  om.OmSnapshotManager (OmSnapshotManager.java:createOmSnapshotCheckpoint(409)) - Created checkpoint : /home/runner/work/ozone/ozone/hadoop-ozone/integration-test/target/test-dir/MiniOzoneClusterImpl-816a41a7-5c89-4e8c-81ba-db0c8b26fb2d/ozone-meta/db.snapshots/checkpointState/om.db-f06eff43-b76e-4a16-9994-d9526f3a4b94 for snapshot s20230531-225820.066
2023-05-31 22:58:20,251 [OMDoubleBufferFlushThread] WARN  rocksdiff.RocksDBCheckpointDiffer (RocksDBCheckpointDiffer.java:setCurrentCompactionLog(312)) - Compaction log exists: /home/runner/work/ozone/ozone/hadoop-ozone/integration-test/target/test-dir/MiniOzoneClusterImpl-816a41a7-5c89-4e8c-81ba-db0c8b26fb2d/ozone-meta/db.snapshots/diffState/compaction-log/0000000000000001403.log. Will append
2023-05-31 22:58:20,255 [OM StateMachine ApplyTransaction Thread - 0] INFO  snapshot.OMSnapshotCreateRequest (OMSnapshotCreateRequest.java:validateAndUpdateCache(231)) - Created snapshot 's20230531-225820.253' under path 'vol-a-58424/bucket-b-4-58164'
2023-05-31 22:58:20,257 [main] INFO  rpc.RpcClient (RpcClient.java:createBucket(686)) - Creating Bucket: vol-b-21388/bucket-b-4-11572, with server-side default bucket layout, runner as owner, Versioning false, Storage Type set to DISK and Encryption set to false, Replication Type set to server-side default replication type, Namespace Quota set to -1, Space Quota set to -1 
2023-05-31 22:58:20,259 [OM StateMachine ApplyTransaction Thread - 0] INFO  bucket.OMBucketCreateRequest (OMBucketCreateRequest.java:validateAndUpdateCache(270)) - created bucket: bucket-b-4-11572 of layout FILE_SYSTEM_OPTIMIZED in volume: vol-b-21388
2023-05-31 22:58:20,259 [main] INFO  rpc.RpcClient (RpcClient.java:createBucket(686)) - Creating Bucket: vol-a-58424/bucket-b-5-57772, with server-side default bucket layout, runner as owner, Versioning false, Storage Type set to DISK and Encryption set to false, Replication Type set to server-side default replication type, Namespace Quota set to -1, Space Quota set to -1 
2023-05-31 22:58:20,262 [OM StateMachine ApplyTransaction Thread - 0] INFO  bucket.OMBucketCreateRequest (OMBucketCreateRequest.java:validateAndUpdateCache(270)) - created bucket: bucket-b-5-57772 of layout FILE_SYSTEM_OPTIMIZED in volume: vol-a-58424
2023-05-31 22:58:20,265 [OM StateMachine ApplyTransaction Thread - 0] INFO  snapshot.OMSnapshotCreateRequest (OMSnapshotCreateRequest.java:validateAndUpdateCache(231)) - Created snapshot 's20230531-225820.264' under path 'vol-a-58424/bucket-b-5-57772'
2023-05-31 22:58:20,266 [main] INFO  rpc.RpcClient (RpcClient.java:createBucket(686)) - Creating Bucket: vol-b-21388/bucket-b-5-53111, with server-side default bucket layout, runner as owner, Versioning false, Storage Type set to DISK and Encryption set to false, Replication Type set to server-side default replication type, Namespace Quota set to -1, Space Quota set to -1 
2023-05-31 22:58:20,268 [OM StateMachine ApplyTransaction Thread - 0] INFO  bucket.OMBucketCreateRequest (OMBucketCreateRequest.java:validateAndUpdateCache(270)) - created bucket: bucket-b-5-53111 of layout FILE_SYSTEM_OPTIMIZED in volume: vol-b-21388
2023-05-31 22:58:20,272 [main] INFO  rpc.RpcClient (RpcClient.java:createBucket(686)) - Creating Bucket: vol-a-58424/bucket-b-6-01969, with server-side default bucket layout, runner as owner, Versioning false, Storage Type set to DISK and Encryption set to false, Replication Type set to server-side default replication type, Namespace Quota set to -1, Space Quota set to -1 
2023-05-31 22:58:20,274 [OM StateMachine ApplyTransaction Thread - 0] INFO  bucket.OMBucketCreateRequest (OMBucketCreateRequest.java:validateAndUpdateCache(270)) - created bucket: bucket-b-6-01969 of layout FILE_SYSTEM_OPTIMIZED in volume: vol-a-58424
2023-05-31 22:58:20,278 [OM StateMachine ApplyTransaction Thread - 0] INFO  snapshot.OMSnapshotCreateRequest (OMSnapshotCreateRequest.java:validateAndUpdateCache(231)) - Created snapshot 's20230531-225820.276' under path 'vol-a-58424/bucket-b-6-01969'
2023-05-31 22:58:20,278 [main] INFO  rpc.RpcClient (RpcClient.java:createBucket(686)) - Creating Bucket: vol-b-21388/bucket-b-6-31435, with server-side default bucket layout, runner as owner, Versioning false, Storage Type set to DISK and Encryption set to false, Replication Type set to server-side default replication type, Namespace Quota set to -1, Space Quota set to -1 
2023-05-31 22:58:20,280 [OM StateMachine ApplyTransaction Thread - 0] INFO  bucket.OMBucketCreateRequest (OMBucketCreateRequest.java:validateAndUpdateCache(270)) - created bucket: bucket-b-6-31435 of layout FILE_SYSTEM_OPTIMIZED in volume: vol-b-21388
2023-05-31 22:58:20,282 [main] INFO  rpc.RpcClient (RpcClient.java:createBucket(686)) - Creating Bucket: vol-a-58424/bucket-b-7-29501, with server-side default bucket layout, runner as owner, Versioning false, Storage Type set to DISK and Encryption set to false, Replication Type set to server-side default replication type, Namespace Quota set to -1, Space Quota set to -1 
2023-05-31 22:58:20,284 [OM StateMachine ApplyTransaction Thread - 0] INFO  bucket.OMBucketCreateRequest (OMBucketCreateRequest.java:validateAndUpdateCache(270)) - created bucket: bucket-b-7-29501 of layout FILE_SYSTEM_OPTIMIZED in volume: vol-a-58424
2023-05-31 22:58:20,288 [OM StateMachine ApplyTransaction Thread - 0] INFO  snapshot.OMSnapshotCreateRequest (OMSnapshotCreateRequest.java:validateAndUpdateCache(231)) - Created snapshot 's20230531-225820.286' under path 'vol-a-58424/bucket-b-7-29501'
2023-05-31 22:58:20,288 [main] INFO  rpc.RpcClient (RpcClient.java:createBucket(686)) - Creating Bucket: vol-b-21388/bucket-b-7-54313, with server-side default bucket layout, runner as owner, Versioning false, Storage Type set to DISK and Encryption set to false, Replication Type set to server-side default replication type, Namespace Quota set to -1, Space Quota set to -1 
2023-05-31 22:58:20,290 [OM StateMachine ApplyTransaction Thread - 0] INFO  bucket.OMBucketCreateRequest (OMBucketCreateRequest.java:validateAndUpdateCache(270)) - created bucket: bucket-b-7-54313 of layout FILE_SYSTEM_OPTIMIZED in volume: vol-b-21388
2023-05-31 22:58:20,291 [main] INFO  rpc.RpcClient (RpcClient.java:createBucket(686)) - Creating Bucket: vol-a-58424/bucket-b-8-34832, with server-side default bucket layout, runner as owner, Versioning false, Storage Type set to DISK and Encryption set to false, Replication Type set to server-side default replication type, Namespace Quota set to -1, Space Quota set to -1 
2023-05-31 22:58:20,291 [OMDoubleBufferFlushThread] INFO  db.RDBCheckpointManager (RDBCheckpointManager.java:createCheckpoint(89)) - Created checkpoint in rocksDB at /home/runner/work/ozone/ozone/hadoop-ozone/integration-test/target/test-dir/MiniOzoneClusterImpl-816a41a7-5c89-4e8c-81ba-db0c8b26fb2d/ozone-meta/db.snapshots/checkpointState/om.db-d8d7afe0-8094-48b5-a517-f112c7d43ba7 in 36 milliseconds
2023-05-31 22:58:20,293 [OM StateMachine ApplyTransaction Thread - 0] INFO  bucket.OMBucketCreateRequest (OMBucketCreateRequest.java:validateAndUpdateCache(270)) - created bucket: bucket-b-8-34832 of layout FILE_SYSTEM_OPTIMIZED in volume: vol-a-58424
2023-05-31 22:58:20,295 [OM StateMachine ApplyTransaction Thread - 0] INFO  snapshot.OMSnapshotCreateRequest (OMSnapshotCreateRequest.java:validateAndUpdateCache(231)) - Created snapshot 's20230531-225820.294' under path 'vol-a-58424/bucket-b-8-34832'
2023-05-31 22:58:20,296 [main] INFO  rpc.RpcClient (RpcClient.java:createBucket(686)) - Creating Bucket: vol-b-21388/bucket-b-8-74324, with server-side default bucket layout, runner as owner, Versioning false, Storage Type set to DISK and Encryption set to false, Replication Type set to server-side default replication type, Namespace Quota set to -1, Space Quota set to -1 
2023-05-31 22:58:20,297 [OMDoubleBufferFlushThread] INFO  db.RDBCheckpointUtils (RDBCheckpointUtils.java:waitForCheckpointDirectoryExist(59)) - Waited for 5 milliseconds for checkpoint directory /home/runner/work/ozone/ozone/hadoop-ozone/integration-test/target/test-dir/MiniOzoneClusterImpl-816a41a7-5c89-4e8c-81ba-db0c8b26fb2d/ozone-meta/db.snapshots/checkpointState/om.db-d8d7afe0-8094-48b5-a517-f112c7d43ba7 availability.
2023-05-31 22:58:20,297 [OMDoubleBufferFlushThread] INFO  om.OmSnapshotManager (OmSnapshotManager.java:createOmSnapshotCheckpoint(409)) - Created checkpoint : /home/runner/work/ozone/ozone/hadoop-ozone/integration-test/target/test-dir/MiniOzoneClusterImpl-816a41a7-5c89-4e8c-81ba-db0c8b26fb2d/ozone-meta/db.snapshots/checkpointState/om.db-d8d7afe0-8094-48b5-a517-f112c7d43ba7 for snapshot s20230531-225820.075
2023-05-31 22:58:20,297 [OMDoubleBufferFlushThread] WARN  rocksdiff.RocksDBCheckpointDiffer (RocksDBCheckpointDiffer.java:setCurrentCompactionLog(312)) - Compaction log exists: /home/runner/work/ozone/ozone/hadoop-ozone/integration-test/target/test-dir/MiniOzoneClusterImpl-816a41a7-5c89-4e8c-81ba-db0c8b26fb2d/ozone-meta/db.snapshots/diffState/compaction-log/0000000000000001403.log. Will append
2023-05-31 22:58:20,298 [OM StateMachine ApplyTransaction Thread - 0] INFO  bucket.OMBucketCreateRequest (OMBucketCreateRequest.java:validateAndUpdateCache(270)) - created bucket: bucket-b-8-74324 of layout FILE_SYSTEM_OPTIMIZED in volume: vol-b-21388
2023-05-31 22:58:20,299 [main] INFO  rpc.RpcClient (RpcClient.java:createBucket(686)) - Creating Bucket: vol-a-58424/bucket-b-9-24164, with server-side default bucket layout, runner as owner, Versioning false, Storage Type set to DISK and Encryption set to false, Replication Type set to server-side default replication type, Namespace Quota set to -1, Space Quota set to -1 
2023-05-31 22:58:20,301 [OM StateMachine ApplyTransaction Thread - 0] INFO  bucket.OMBucketCreateRequest (OMBucketCreateRequest.java:validateAndUpdateCache(270)) - created bucket: bucket-b-9-24164 of layout FILE_SYSTEM_OPTIMIZED in volume: vol-a-58424
2023-05-31 22:58:20,305 [OM StateMachine ApplyTransaction Thread - 0] INFO  snapshot.OMSnapshotCreateRequest (OMSnapshotCreateRequest.java:validateAndUpdateCache(231)) - Created snapshot 's20230531-225820.302' under path 'vol-a-58424/bucket-b-9-24164'
2023-05-31 22:58:20,305 [main] INFO  rpc.RpcClient (RpcClient.java:createBucket(686)) - Creating Bucket: vol-b-21388/bucket-b-9-06295, with server-side default bucket layout, runner as owner, Versioning false, Storage Type set to DISK and Encryption set to false, Replication Type set to server-side default replication type, Namespace Quota set to -1, Space Quota set to -1 
2023-05-31 22:58:20,307 [OM StateMachine ApplyTransaction Thread - 0] INFO  bucket.OMBucketCreateRequest (OMBucketCreateRequest.java:validateAndUpdateCache(270)) - created bucket: bucket-b-9-06295 of layout FILE_SYSTEM_OPTIMIZED in volume: vol-b-21388
2023-05-31 22:58:20,311 [Thread-1294] INFO  rocksdiff.RocksDBCheckpointDiffer (RocksDBCheckpointDiffer.java:onCompactionCompleted(527)) - Skipped the compaction entry. Compaction input files: [/home/runner/work/ozone/ozone/hadoop-ozone/integration-test/target/test-dir/MiniOzoneClusterImpl-816a41a7-5c89-4e8c-81ba-db0c8b26fb2d/ozone-meta/om.db/000053.sst] and output files: [/home/runner/work/ozone/ozone/hadoop-ozone/integration-test/target/test-dir/MiniOzoneClusterImpl-816a41a7-5c89-4e8c-81ba-db0c8b26fb2d/ozone-meta/om.db/000053.sst] are same.
2023-05-31 22:58:20,348 [OMDoubleBufferFlushThread] INFO  db.RDBCheckpointManager (RDBCheckpointManager.java:createCheckpoint(89)) - Created checkpoint in rocksDB at /home/runner/work/ozone/ozone/hadoop-ozone/integration-test/target/test-dir/MiniOzoneClusterImpl-816a41a7-5c89-4e8c-81ba-db0c8b26fb2d/ozone-meta/db.snapshots/checkpointState/om.db-5b80705b-1848-4931-9bbd-4b1b8571829a in 48 milliseconds
2023-05-31 22:58:20,354 [OMDoubleBufferFlushThread] INFO  db.RDBCheckpointUtils (RDBCheckpointUtils.java:waitForCheckpointDirectoryExist(59)) - Waited for 6 milliseconds for checkpoint directory /home/runner/work/ozone/ozone/hadoop-ozone/integration-test/target/test-dir/MiniOzoneClusterImpl-816a41a7-5c89-4e8c-81ba-db0c8b26fb2d/ozone-meta/db.snapshots/checkpointState/om.db-5b80705b-1848-4931-9bbd-4b1b8571829a availability.
2023-05-31 22:58:20,354 [OMDoubleBufferFlushThread] INFO  om.OmSnapshotManager (OmSnapshotManager.java:createOmSnapshotCheckpoint(409)) - Created checkpoint : /home/runner/work/ozone/ozone/hadoop-ozone/integration-test/target/test-dir/MiniOzoneClusterImpl-816a41a7-5c89-4e8c-81ba-db0c8b26fb2d/ozone-meta/db.snapshots/checkpointState/om.db-5b80705b-1848-4931-9bbd-4b1b8571829a for snapshot s20230531-225820.084
2023-05-31 22:58:20,355 [OMDoubleBufferFlushThread] WARN  rocksdiff.RocksDBCheckpointDiffer (RocksDBCheckpointDiffer.java:setCurrentCompactionLog(312)) - Compaction log exists: /home/runner/work/ozone/ozone/hadoop-ozone/integration-test/target/test-dir/MiniOzoneClusterImpl-816a41a7-5c89-4e8c-81ba-db0c8b26fb2d/ozone-meta/db.snapshots/diffState/compaction-log/0000000000000001403.log. Will append
]]></system-out>
  </testcase>
  <testcase name="testListBucketsOnEmptyVolume" classname="org.apache.hadoop.ozone.client.rpc.TestOzoneRpcClient" time="0.009">
    <system-out><![CDATA[2023-05-31 22:58:20,373 [main] INFO  rpc.RpcClient (RpcClient.java:createVolume(459)) - Creating Volume: vol-empty, with runner as owner and space quota set to -1 bytes, counts quota set to -1
2023-05-31 22:58:20,375 [OM StateMachine ApplyTransaction Thread - 0] INFO  volume.OMVolumeCreateRequest (OMVolumeCreateRequest.java:validateAndUpdateCache(196)) - created volume:vol-empty for user:runner
2023-05-31 22:58:20,377 [Thread-1382] INFO  rocksdiff.RocksDBCheckpointDiffer (RocksDBCheckpointDiffer.java:onCompactionCompleted(527)) - Skipped the compaction entry. Compaction input files: [/home/runner/work/ozone/ozone/hadoop-ozone/integration-test/target/test-dir/MiniOzoneClusterImpl-816a41a7-5c89-4e8c-81ba-db0c8b26fb2d/ozone-meta/om.db/000079.sst, /home/runner/work/ozone/ozone/hadoop-ozone/integration-test/target/test-dir/MiniOzoneClusterImpl-816a41a7-5c89-4e8c-81ba-db0c8b26fb2d/ozone-meta/om.db/000074.sst, /home/runner/work/ozone/ozone/hadoop-ozone/integration-test/target/test-dir/MiniOzoneClusterImpl-816a41a7-5c89-4e8c-81ba-db0c8b26fb2d/ozone-meta/om.db/000068.sst, /home/runner/work/ozone/ozone/hadoop-ozone/integration-test/target/test-dir/MiniOzoneClusterImpl-816a41a7-5c89-4e8c-81ba-db0c8b26fb2d/ozone-meta/om.db/000055.sst] and output files: [/home/runner/work/ozone/ozone/hadoop-ozone/integration-test/target/test-dir/MiniOzoneClusterImpl-816a41a7-5c89-4e8c-81ba-db0c8b26fb2d/ozone-meta/om.db/000079.sst, /home/runner/work/ozone/ozone/hadoop-ozone/integration-test/target/test-dir/MiniOzoneClusterImpl-816a41a7-5c89-4e8c-81ba-db0c8b26fb2d/ozone-meta/om.db/000074.sst, /home/runner/work/ozone/ozone/hadoop-ozone/integration-test/target/test-dir/MiniOzoneClusterImpl-816a41a7-5c89-4e8c-81ba-db0c8b26fb2d/ozone-meta/om.db/000068.sst, /home/runner/work/ozone/ozone/hadoop-ozone/integration-test/target/test-dir/MiniOzoneClusterImpl-816a41a7-5c89-4e8c-81ba-db0c8b26fb2d/ozone-meta/om.db/000055.sst] are same.
]]></system-out>
  </testcase>
  <testcase name="testListBucketsReplicationConfig" classname="org.apache.hadoop.ozone.client.rpc.TestOzoneRpcClient" time="0.021">
    <system-out><![CDATA[2023-05-31 22:58:20,379 [main] INFO  rpc.RpcClient (RpcClient.java:createVolume(459)) - Creating Volume: dbf3890e-dfb5-466d-8fa2-3fc5c1b91e18, with runner as owner and space quota set to -1 bytes, counts quota set to -1
2023-05-31 22:58:20,382 [OM StateMachine ApplyTransaction Thread - 0] INFO  volume.OMVolumeCreateRequest (OMVolumeCreateRequest.java:validateAndUpdateCache(196)) - created volume:dbf3890e-dfb5-466d-8fa2-3fc5c1b91e18 for user:runner
2023-05-31 22:58:20,383 [Thread-1394] INFO  rocksdiff.RocksDBCheckpointDiffer (RocksDBCheckpointDiffer.java:onCompactionCompleted(527)) - Skipped the compaction entry. Compaction input files: [/home/runner/work/ozone/ozone/hadoop-ozone/integration-test/target/test-dir/MiniOzoneClusterImpl-816a41a7-5c89-4e8c-81ba-db0c8b26fb2d/ozone-meta/om.db/000071.sst, /home/runner/work/ozone/ozone/hadoop-ozone/integration-test/target/test-dir/MiniOzoneClusterImpl-816a41a7-5c89-4e8c-81ba-db0c8b26fb2d/ozone-meta/om.db/000065.sst, /home/runner/work/ozone/ozone/hadoop-ozone/integration-test/target/test-dir/MiniOzoneClusterImpl-816a41a7-5c89-4e8c-81ba-db0c8b26fb2d/ozone-meta/om.db/000076.sst] and output files: [/home/runner/work/ozone/ozone/hadoop-ozone/integration-test/target/test-dir/MiniOzoneClusterImpl-816a41a7-5c89-4e8c-81ba-db0c8b26fb2d/ozone-meta/om.db/000071.sst, /home/runner/work/ozone/ozone/hadoop-ozone/integration-test/target/test-dir/MiniOzoneClusterImpl-816a41a7-5c89-4e8c-81ba-db0c8b26fb2d/ozone-meta/om.db/000065.sst, /home/runner/work/ozone/ozone/hadoop-ozone/integration-test/target/test-dir/MiniOzoneClusterImpl-816a41a7-5c89-4e8c-81ba-db0c8b26fb2d/ozone-meta/om.db/000076.sst] are same.
2023-05-31 22:58:20,384 [main] INFO  rpc.RpcClient (RpcClient.java:createBucket(686)) - Creating Bucket: dbf3890e-dfb5-466d-8fa2-3fc5c1b91e18/d04a2844-3b35-4510-8e35-a93efff0ea34, with server-side default bucket layout, runner as owner, Versioning false, Storage Type set to DISK and Encryption set to false, Replication Type set to server-side default replication type, Namespace Quota set to -1, Space Quota set to -1 
2023-05-31 22:58:20,387 [OM StateMachine ApplyTransaction Thread - 0] INFO  bucket.OMBucketCreateRequest (OMBucketCreateRequest.java:validateAndUpdateCache(270)) - created bucket: d04a2844-3b35-4510-8e35-a93efff0ea34 of layout FILE_SYSTEM_OPTIMIZED in volume: dbf3890e-dfb5-466d-8fa2-3fc5c1b91e18
2023-05-31 22:58:20,389 [main] INFO  rpc.RpcClient (RpcClient.java:createBucket(686)) - Creating Bucket: dbf3890e-dfb5-466d-8fa2-3fc5c1b91e18/72866dee-8b6f-4453-99e6-ee82533624e0, with server-side default bucket layout, runner as owner, Versioning false, Storage Type set to DISK and Encryption set to false, Replication Type set to EC, Namespace Quota set to -1, Space Quota set to -1 
2023-05-31 22:58:20,391 [Thread-1404] INFO  rocksdiff.RocksDBCheckpointDiffer (RocksDBCheckpointDiffer.java:onCompactionCompleted(527)) - Skipped the compaction entry. Compaction input files: [/home/runner/work/ozone/ozone/hadoop-ozone/integration-test/target/test-dir/MiniOzoneClusterImpl-816a41a7-5c89-4e8c-81ba-db0c8b26fb2d/ozone-meta/om.db/000066.sst] and output files: [/home/runner/work/ozone/ozone/hadoop-ozone/integration-test/target/test-dir/MiniOzoneClusterImpl-816a41a7-5c89-4e8c-81ba-db0c8b26fb2d/ozone-meta/om.db/000066.sst] are same.
2023-05-31 22:58:20,392 [OM StateMachine ApplyTransaction Thread - 0] INFO  bucket.OMBucketCreateRequest (OMBucketCreateRequest.java:validateAndUpdateCache(270)) - created bucket: 72866dee-8b6f-4453-99e6-ee82533624e0 of layout FILE_SYSTEM_OPTIMIZED in volume: dbf3890e-dfb5-466d-8fa2-3fc5c1b91e18
2023-05-31 22:58:20,393 [OMDoubleBufferFlushThread] INFO  db.RDBCheckpointManager (RDBCheckpointManager.java:createCheckpoint(89)) - Created checkpoint in rocksDB at /home/runner/work/ozone/ozone/hadoop-ozone/integration-test/target/test-dir/MiniOzoneClusterImpl-816a41a7-5c89-4e8c-81ba-db0c8b26fb2d/ozone-meta/db.snapshots/checkpointState/om.db-b9ec8517-f5a4-493a-960a-95f893fafa67 in 35 milliseconds
2023-05-31 22:58:20,393 [main] INFO  rpc.RpcClient (RpcClient.java:createBucket(686)) - Creating Bucket: dbf3890e-dfb5-466d-8fa2-3fc5c1b91e18/e5606608-75f6-4999-940a-285faa3bff4c, with server-side default bucket layout, runner as owner, Versioning false, Storage Type set to DISK and Encryption set to false, Replication Type set to RATIS, Namespace Quota set to -1, Space Quota set to -1 
2023-05-31 22:58:20,396 [OMDoubleBufferFlushThread] INFO  db.RDBCheckpointUtils (RDBCheckpointUtils.java:waitForCheckpointDirectoryExist(59)) - Waited for 3 milliseconds for checkpoint directory /home/runner/work/ozone/ozone/hadoop-ozone/integration-test/target/test-dir/MiniOzoneClusterImpl-816a41a7-5c89-4e8c-81ba-db0c8b26fb2d/ozone-meta/db.snapshots/checkpointState/om.db-b9ec8517-f5a4-493a-960a-95f893fafa67 availability.
2023-05-31 22:58:20,397 [OMDoubleBufferFlushThread] INFO  om.OmSnapshotManager (OmSnapshotManager.java:createOmSnapshotCheckpoint(409)) - Created checkpoint : /home/runner/work/ozone/ozone/hadoop-ozone/integration-test/target/test-dir/MiniOzoneClusterImpl-816a41a7-5c89-4e8c-81ba-db0c8b26fb2d/ozone-meta/db.snapshots/checkpointState/om.db-b9ec8517-f5a4-493a-960a-95f893fafa67 for snapshot s20230531-225820.094
2023-05-31 22:58:20,397 [OMDoubleBufferFlushThread] WARN  rocksdiff.RocksDBCheckpointDiffer (RocksDBCheckpointDiffer.java:setCurrentCompactionLog(312)) - Compaction log exists: /home/runner/work/ozone/ozone/hadoop-ozone/integration-test/target/test-dir/MiniOzoneClusterImpl-816a41a7-5c89-4e8c-81ba-db0c8b26fb2d/ozone-meta/db.snapshots/diffState/compaction-log/0000000000000001403.log. Will append
2023-05-31 22:58:20,398 [OM StateMachine ApplyTransaction Thread - 0] INFO  bucket.OMBucketCreateRequest (OMBucketCreateRequest.java:validateAndUpdateCache(270)) - created bucket: e5606608-75f6-4999-940a-285faa3bff4c of layout FILE_SYSTEM_OPTIMIZED in volume: dbf3890e-dfb5-466d-8fa2-3fc5c1b91e18
]]></system-out>
  </testcase>
  <testcase name="testListKey" classname="org.apache.hadoop.ozone.client.rpc.TestOzoneRpcClient" time="1.982">
    <system-out><![CDATA[2023-05-31 22:58:20,404 [main] INFO  rpc.RpcClient (RpcClient.java:createVolume(459)) - Creating Volume: vol-a-52530, with runner as owner and space quota set to -1 bytes, counts quota set to -1
2023-05-31 22:58:20,408 [OM StateMachine ApplyTransaction Thread - 0] INFO  volume.OMVolumeCreateRequest (OMVolumeCreateRequest.java:validateAndUpdateCache(196)) - created volume:vol-a-52530 for user:runner
2023-05-31 22:58:20,409 [main] INFO  rpc.RpcClient (RpcClient.java:createVolume(459)) - Creating Volume: vol-b-67237, with runner as owner and space quota set to -1 bytes, counts quota set to -1
2023-05-31 22:58:20,412 [OM StateMachine ApplyTransaction Thread - 0] INFO  volume.OMVolumeCreateRequest (OMVolumeCreateRequest.java:validateAndUpdateCache(196)) - created volume:vol-b-67237 for user:runner
2023-05-31 22:58:20,417 [main] INFO  rpc.RpcClient (RpcClient.java:createBucket(686)) - Creating Bucket: vol-a-52530/buc-a-29942, with server-side default bucket layout, runner as owner, Versioning false, Storage Type set to DISK and Encryption set to false, Replication Type set to server-side default replication type, Namespace Quota set to -1, Space Quota set to -1 
2023-05-31 22:58:20,419 [Thread-1438] INFO  rocksdiff.RocksDBCheckpointDiffer (RocksDBCheckpointDiffer.java:onCompactionCompleted(527)) - Skipped the compaction entry. Compaction input files: [/home/runner/work/ozone/ozone/hadoop-ozone/integration-test/target/test-dir/MiniOzoneClusterImpl-816a41a7-5c89-4e8c-81ba-db0c8b26fb2d/ozone-meta/om.db/000077.sst, /home/runner/work/ozone/ozone/hadoop-ozone/integration-test/target/test-dir/MiniOzoneClusterImpl-816a41a7-5c89-4e8c-81ba-db0c8b26fb2d/ozone-meta/om.db/000072.sst, /home/runner/work/ozone/ozone/hadoop-ozone/integration-test/target/test-dir/MiniOzoneClusterImpl-816a41a7-5c89-4e8c-81ba-db0c8b26fb2d/ozone-meta/om.db/000083.sst] and output files: [/home/runner/work/ozone/ozone/hadoop-ozone/integration-test/target/test-dir/MiniOzoneClusterImpl-816a41a7-5c89-4e8c-81ba-db0c8b26fb2d/ozone-meta/om.db/000077.sst, /home/runner/work/ozone/ozone/hadoop-ozone/integration-test/target/test-dir/MiniOzoneClusterImpl-816a41a7-5c89-4e8c-81ba-db0c8b26fb2d/ozone-meta/om.db/000072.sst, /home/runner/work/ozone/ozone/hadoop-ozone/integration-test/target/test-dir/MiniOzoneClusterImpl-816a41a7-5c89-4e8c-81ba-db0c8b26fb2d/ozone-meta/om.db/000083.sst] are same.
2023-05-31 22:58:20,421 [OM StateMachine ApplyTransaction Thread - 0] INFO  bucket.OMBucketCreateRequest (OMBucketCreateRequest.java:validateAndUpdateCache(270)) - created bucket: buc-a-29942 of layout FILE_SYSTEM_OPTIMIZED in volume: vol-a-52530
2023-05-31 22:58:20,421 [main] INFO  rpc.RpcClient (RpcClient.java:createBucket(686)) - Creating Bucket: vol-a-52530/buc-b-25887, with server-side default bucket layout, runner as owner, Versioning false, Storage Type set to DISK and Encryption set to false, Replication Type set to server-side default replication type, Namespace Quota set to -1, Space Quota set to -1 
2023-05-31 22:58:20,423 [OM StateMachine ApplyTransaction Thread - 0] INFO  bucket.OMBucketCreateRequest (OMBucketCreateRequest.java:validateAndUpdateCache(270)) - created bucket: buc-b-25887 of layout FILE_SYSTEM_OPTIMIZED in volume: vol-a-52530
2023-05-31 22:58:20,424 [main] INFO  rpc.RpcClient (RpcClient.java:createBucket(686)) - Creating Bucket: vol-b-67237/buc-a-29942, with server-side default bucket layout, runner as owner, Versioning false, Storage Type set to DISK and Encryption set to false, Replication Type set to server-side default replication type, Namespace Quota set to -1, Space Quota set to -1 
2023-05-31 22:58:20,438 [OM StateMachine ApplyTransaction Thread - 0] INFO  bucket.OMBucketCreateRequest (OMBucketCreateRequest.java:validateAndUpdateCache(270)) - created bucket: buc-a-29942 of layout FILE_SYSTEM_OPTIMIZED in volume: vol-b-67237
2023-05-31 22:58:20,439 [main] INFO  rpc.RpcClient (RpcClient.java:createBucket(686)) - Creating Bucket: vol-b-67237/buc-b-25887, with server-side default bucket layout, runner as owner, Versioning false, Storage Type set to DISK and Encryption set to false, Replication Type set to server-side default replication type, Namespace Quota set to -1, Space Quota set to -1 
2023-05-31 22:58:20,447 [OMDoubleBufferFlushThread] INFO  db.RDBCheckpointManager (RDBCheckpointManager.java:createCheckpoint(89)) - Created checkpoint in rocksDB at /home/runner/work/ozone/ozone/hadoop-ozone/integration-test/target/test-dir/MiniOzoneClusterImpl-816a41a7-5c89-4e8c-81ba-db0c8b26fb2d/ozone-meta/db.snapshots/checkpointState/om.db-00a4ab15-44eb-49a7-b1ea-39bd160db21f in 48 milliseconds
2023-05-31 22:58:20,448 [OM StateMachine ApplyTransaction Thread - 0] INFO  bucket.OMBucketCreateRequest (OMBucketCreateRequest.java:validateAndUpdateCache(270)) - created bucket: buc-b-25887 of layout FILE_SYSTEM_OPTIMIZED in volume: vol-b-67237
2023-05-31 22:58:20,456 [OMDoubleBufferFlushThread] INFO  db.RDBCheckpointUtils (RDBCheckpointUtils.java:waitForCheckpointDirectoryExist(59)) - Waited for 8 milliseconds for checkpoint directory /home/runner/work/ozone/ozone/hadoop-ozone/integration-test/target/test-dir/MiniOzoneClusterImpl-816a41a7-5c89-4e8c-81ba-db0c8b26fb2d/ozone-meta/db.snapshots/checkpointState/om.db-00a4ab15-44eb-49a7-b1ea-39bd160db21f availability.
2023-05-31 22:58:20,457 [OMDoubleBufferFlushThread] INFO  om.OmSnapshotManager (OmSnapshotManager.java:createOmSnapshotCheckpoint(409)) - Created checkpoint : /home/runner/work/ozone/ozone/hadoop-ozone/integration-test/target/test-dir/MiniOzoneClusterImpl-816a41a7-5c89-4e8c-81ba-db0c8b26fb2d/ozone-meta/db.snapshots/checkpointState/om.db-00a4ab15-44eb-49a7-b1ea-39bd160db21f for snapshot s20230531-225820.100
2023-05-31 22:58:20,457 [OMDoubleBufferFlushThread] WARN  rocksdiff.RocksDBCheckpointDiffer (RocksDBCheckpointDiffer.java:setCurrentCompactionLog(312)) - Compaction log exists: /home/runner/work/ozone/ozone/hadoop-ozone/integration-test/target/test-dir/MiniOzoneClusterImpl-816a41a7-5c89-4e8c-81ba-db0c8b26fb2d/ozone-meta/db.snapshots/diffState/compaction-log/0000000000000001403.log. Will append
2023-05-31 22:58:20,507 [OMDoubleBufferFlushThread] INFO  db.RDBCheckpointManager (RDBCheckpointManager.java:createCheckpoint(89)) - Created checkpoint in rocksDB at /home/runner/work/ozone/ozone/hadoop-ozone/integration-test/target/test-dir/MiniOzoneClusterImpl-816a41a7-5c89-4e8c-81ba-db0c8b26fb2d/ozone-meta/db.snapshots/checkpointState/om.db-d284435b-e132-4e6c-9cf1-61c49004557f in 47 milliseconds
2023-05-31 22:58:20,507 [OMDoubleBufferFlushThread] INFO  db.RDBCheckpointUtils (RDBCheckpointUtils.java:waitForCheckpointDirectoryExist(59)) - Waited for 0 milliseconds for checkpoint directory /home/runner/work/ozone/ozone/hadoop-ozone/integration-test/target/test-dir/MiniOzoneClusterImpl-816a41a7-5c89-4e8c-81ba-db0c8b26fb2d/ozone-meta/db.snapshots/checkpointState/om.db-d284435b-e132-4e6c-9cf1-61c49004557f availability.
2023-05-31 22:58:20,508 [OMDoubleBufferFlushThread] INFO  om.OmSnapshotManager (OmSnapshotManager.java:createOmSnapshotCheckpoint(409)) - Created checkpoint : /home/runner/work/ozone/ozone/hadoop-ozone/integration-test/target/test-dir/MiniOzoneClusterImpl-816a41a7-5c89-4e8c-81ba-db0c8b26fb2d/ozone-meta/db.snapshots/checkpointState/om.db-d284435b-e132-4e6c-9cf1-61c49004557f for snapshot s20230531-225820.105
2023-05-31 22:58:20,508 [OMDoubleBufferFlushThread] WARN  rocksdiff.RocksDBCheckpointDiffer (RocksDBCheckpointDiffer.java:setCurrentCompactionLog(312)) - Compaction log exists: /home/runner/work/ozone/ozone/hadoop-ozone/integration-test/target/test-dir/MiniOzoneClusterImpl-816a41a7-5c89-4e8c-81ba-db0c8b26fb2d/ozone-meta/db.snapshots/diffState/compaction-log/0000000000000001403.log. Will append
2023-05-31 22:58:20,525 [Thread-1530] INFO  rocksdiff.RocksDBCheckpointDiffer (RocksDBCheckpointDiffer.java:onCompactionCompleted(527)) - Skipped the compaction entry. Compaction input files: [/home/runner/work/ozone/ozone/hadoop-ozone/integration-test/target/test-dir/MiniOzoneClusterImpl-816a41a7-5c89-4e8c-81ba-db0c8b26fb2d/ozone-meta/om.db/000082.sst] and output files: [/home/runner/work/ozone/ozone/hadoop-ozone/integration-test/target/test-dir/MiniOzoneClusterImpl-816a41a7-5c89-4e8c-81ba-db0c8b26fb2d/ozone-meta/om.db/000082.sst] are same.
2023-05-31 22:58:20,554 [OMDoubleBufferFlushThread] INFO  db.RDBCheckpointManager (RDBCheckpointManager.java:createCheckpoint(89)) - Created checkpoint in rocksDB at /home/runner/work/ozone/ozone/hadoop-ozone/integration-test/target/test-dir/MiniOzoneClusterImpl-816a41a7-5c89-4e8c-81ba-db0c8b26fb2d/ozone-meta/db.snapshots/checkpointState/om.db-02460943-e34e-46e0-8ab5-08a56026371d in 43 milliseconds
2023-05-31 22:58:20,559 [OMDoubleBufferFlushThread] INFO  db.RDBCheckpointUtils (RDBCheckpointUtils.java:waitForCheckpointDirectoryExist(59)) - Waited for 5 milliseconds for checkpoint directory /home/runner/work/ozone/ozone/hadoop-ozone/integration-test/target/test-dir/MiniOzoneClusterImpl-816a41a7-5c89-4e8c-81ba-db0c8b26fb2d/ozone-meta/db.snapshots/checkpointState/om.db-02460943-e34e-46e0-8ab5-08a56026371d availability.
2023-05-31 22:58:20,560 [OMDoubleBufferFlushThread] INFO  om.OmSnapshotManager (OmSnapshotManager.java:createOmSnapshotCheckpoint(409)) - Created checkpoint : /home/runner/work/ozone/ozone/hadoop-ozone/integration-test/target/test-dir/MiniOzoneClusterImpl-816a41a7-5c89-4e8c-81ba-db0c8b26fb2d/ozone-meta/db.snapshots/checkpointState/om.db-02460943-e34e-46e0-8ab5-08a56026371d for snapshot s20230531-225820.110
2023-05-31 22:58:20,560 [OMDoubleBufferFlushThread] WARN  rocksdiff.RocksDBCheckpointDiffer (RocksDBCheckpointDiffer.java:setCurrentCompactionLog(312)) - Compaction log exists: /home/runner/work/ozone/ozone/hadoop-ozone/integration-test/target/test-dir/MiniOzoneClusterImpl-816a41a7-5c89-4e8c-81ba-db0c8b26fb2d/ozone-meta/db.snapshots/diffState/compaction-log/0000000000000001403.log. Will append
2023-05-31 22:58:20,615 [Thread-1656] INFO  rocksdiff.RocksDBCheckpointDiffer (RocksDBCheckpointDiffer.java:onCompactionCompleted(527)) - Skipped the compaction entry. Compaction input files: [/home/runner/work/ozone/ozone/hadoop-ozone/integration-test/target/test-dir/MiniOzoneClusterImpl-816a41a7-5c89-4e8c-81ba-db0c8b26fb2d/ozone-meta/om.db/000087.sst] and output files: [/home/runner/work/ozone/ozone/hadoop-ozone/integration-test/target/test-dir/MiniOzoneClusterImpl-816a41a7-5c89-4e8c-81ba-db0c8b26fb2d/ozone-meta/om.db/000087.sst] are same.
2023-05-31 22:58:20,621 [Thread-1662] INFO  rocksdiff.RocksDBCheckpointDiffer (RocksDBCheckpointDiffer.java:onCompactionCompleted(527)) - Skipped the compaction entry. Compaction input files: [/home/runner/work/ozone/ozone/hadoop-ozone/integration-test/target/test-dir/MiniOzoneClusterImpl-816a41a7-5c89-4e8c-81ba-db0c8b26fb2d/ozone-meta/om.db/000088.sst] and output files: [/home/runner/work/ozone/ozone/hadoop-ozone/integration-test/target/test-dir/MiniOzoneClusterImpl-816a41a7-5c89-4e8c-81ba-db0c8b26fb2d/ozone-meta/om.db/000088.sst] are same.
2023-05-31 22:58:20,622 [OMDoubleBufferFlushThread] INFO  db.RDBCheckpointManager (RDBCheckpointManager.java:createCheckpoint(89)) - Created checkpoint in rocksDB at /home/runner/work/ozone/ozone/hadoop-ozone/integration-test/target/test-dir/MiniOzoneClusterImpl-816a41a7-5c89-4e8c-81ba-db0c8b26fb2d/ozone-meta/db.snapshots/checkpointState/om.db-a906acd4-e048-4595-b270-8b23ad7c7445 in 57 milliseconds
2023-05-31 22:58:20,631 [OMDoubleBufferFlushThread] INFO  db.RDBCheckpointUtils (RDBCheckpointUtils.java:waitForCheckpointDirectoryExist(59)) - Waited for 9 milliseconds for checkpoint directory /home/runner/work/ozone/ozone/hadoop-ozone/integration-test/target/test-dir/MiniOzoneClusterImpl-816a41a7-5c89-4e8c-81ba-db0c8b26fb2d/ozone-meta/db.snapshots/checkpointState/om.db-a906acd4-e048-4595-b270-8b23ad7c7445 availability.
2023-05-31 22:58:20,632 [OMDoubleBufferFlushThread] INFO  om.OmSnapshotManager (OmSnapshotManager.java:createOmSnapshotCheckpoint(409)) - Created checkpoint : /home/runner/work/ozone/ozone/hadoop-ozone/integration-test/target/test-dir/MiniOzoneClusterImpl-816a41a7-5c89-4e8c-81ba-db0c8b26fb2d/ozone-meta/db.snapshots/checkpointState/om.db-a906acd4-e048-4595-b270-8b23ad7c7445 for snapshot s20230531-225820.116
2023-05-31 22:58:20,632 [OMDoubleBufferFlushThread] WARN  rocksdiff.RocksDBCheckpointDiffer (RocksDBCheckpointDiffer.java:setCurrentCompactionLog(312)) - Compaction log exists: /home/runner/work/ozone/ozone/hadoop-ozone/integration-test/target/test-dir/MiniOzoneClusterImpl-816a41a7-5c89-4e8c-81ba-db0c8b26fb2d/ozone-meta/db.snapshots/diffState/compaction-log/0000000000000001403.log. Will append
2023-05-31 22:58:20,646 [Thread-1684] INFO  rocksdiff.RocksDBCheckpointDiffer (RocksDBCheckpointDiffer.java:onCompactionCompleted(527)) - Skipped the compaction entry. Compaction input files: [/home/runner/work/ozone/ozone/hadoop-ozone/integration-test/target/test-dir/MiniOzoneClusterImpl-816a41a7-5c89-4e8c-81ba-db0c8b26fb2d/ozone-meta/om.db/000092.sst] and output files: [/home/runner/work/ozone/ozone/hadoop-ozone/integration-test/target/test-dir/MiniOzoneClusterImpl-816a41a7-5c89-4e8c-81ba-db0c8b26fb2d/ozone-meta/om.db/000092.sst] are same.
2023-05-31 22:58:20,655 [Thread-1700] INFO  rocksdiff.RocksDBCheckpointDiffer (RocksDBCheckpointDiffer.java:onCompactionCompleted(527)) - Skipped the compaction entry. Compaction input files: [/home/runner/work/ozone/ozone/hadoop-ozone/integration-test/target/test-dir/MiniOzoneClusterImpl-816a41a7-5c89-4e8c-81ba-db0c8b26fb2d/ozone-meta/om.db/000093.sst] and output files: [/home/runner/work/ozone/ozone/hadoop-ozone/integration-test/target/test-dir/MiniOzoneClusterImpl-816a41a7-5c89-4e8c-81ba-db0c8b26fb2d/ozone-meta/om.db/000093.sst] are same.
2023-05-31 22:58:20,675 [OMDoubleBufferFlushThread] INFO  db.RDBCheckpointManager (RDBCheckpointManager.java:createCheckpoint(89)) - Created checkpoint in rocksDB at /home/runner/work/ozone/ozone/hadoop-ozone/integration-test/target/test-dir/MiniOzoneClusterImpl-816a41a7-5c89-4e8c-81ba-db0c8b26fb2d/ozone-meta/db.snapshots/checkpointState/om.db-9dbb3822-e072-47dd-9adc-b4bdb4380df2 in 39 milliseconds
2023-05-31 22:58:20,684 [OMDoubleBufferFlushThread] INFO  db.RDBCheckpointUtils (RDBCheckpointUtils.java:waitForCheckpointDirectoryExist(59)) - Waited for 8 milliseconds for checkpoint directory /home/runner/work/ozone/ozone/hadoop-ozone/integration-test/target/test-dir/MiniOzoneClusterImpl-816a41a7-5c89-4e8c-81ba-db0c8b26fb2d/ozone-meta/db.snapshots/checkpointState/om.db-9dbb3822-e072-47dd-9adc-b4bdb4380df2 availability.
2023-05-31 22:58:20,685 [OMDoubleBufferFlushThread] INFO  om.OmSnapshotManager (OmSnapshotManager.java:createOmSnapshotCheckpoint(409)) - Created checkpoint : /home/runner/work/ozone/ozone/hadoop-ozone/integration-test/target/test-dir/MiniOzoneClusterImpl-816a41a7-5c89-4e8c-81ba-db0c8b26fb2d/ozone-meta/db.snapshots/checkpointState/om.db-9dbb3822-e072-47dd-9adc-b4bdb4380df2 for snapshot s20230531-225820.139
2023-05-31 22:58:20,685 [OMDoubleBufferFlushThread] WARN  rocksdiff.RocksDBCheckpointDiffer (RocksDBCheckpointDiffer.java:setCurrentCompactionLog(312)) - Compaction log exists: /home/runner/work/ozone/ozone/hadoop-ozone/integration-test/target/test-dir/MiniOzoneClusterImpl-816a41a7-5c89-4e8c-81ba-db0c8b26fb2d/ozone-meta/db.snapshots/diffState/compaction-log/0000000000000001403.log. Will append
2023-05-31 22:58:20,700 [Thread-1740] INFO  rocksdiff.RocksDBCheckpointDiffer (RocksDBCheckpointDiffer.java:onCompactionCompleted(527)) - Skipped the compaction entry. Compaction input files: [/home/runner/work/ozone/ozone/hadoop-ozone/integration-test/target/test-dir/MiniOzoneClusterImpl-816a41a7-5c89-4e8c-81ba-db0c8b26fb2d/ozone-meta/om.db/000097.sst] and output files: [/home/runner/work/ozone/ozone/hadoop-ozone/integration-test/target/test-dir/MiniOzoneClusterImpl-816a41a7-5c89-4e8c-81ba-db0c8b26fb2d/ozone-meta/om.db/000097.sst] are same.
2023-05-31 22:58:20,703 [Thread-1756] INFO  rocksdiff.RocksDBCheckpointDiffer (RocksDBCheckpointDiffer.java:onCompactionCompleted(527)) - Skipped the compaction entry. Compaction input files: [/home/runner/work/ozone/ozone/hadoop-ozone/integration-test/target/test-dir/MiniOzoneClusterImpl-816a41a7-5c89-4e8c-81ba-db0c8b26fb2d/ozone-meta/om.db/000098.sst] and output files: [/home/runner/work/ozone/ozone/hadoop-ozone/integration-test/target/test-dir/MiniOzoneClusterImpl-816a41a7-5c89-4e8c-81ba-db0c8b26fb2d/ozone-meta/om.db/000098.sst] are same.
2023-05-31 22:58:20,728 [OMDoubleBufferFlushThread] INFO  db.RDBCheckpointManager (RDBCheckpointManager.java:createCheckpoint(89)) - Created checkpoint in rocksDB at /home/runner/work/ozone/ozone/hadoop-ozone/integration-test/target/test-dir/MiniOzoneClusterImpl-816a41a7-5c89-4e8c-81ba-db0c8b26fb2d/ozone-meta/db.snapshots/checkpointState/om.db-8e373aeb-53bb-4012-8699-303b8dafaf07 in 41 milliseconds
2023-05-31 22:58:20,729 [OMDoubleBufferFlushThread] INFO  db.RDBCheckpointUtils (RDBCheckpointUtils.java:waitForCheckpointDirectoryExist(59)) - Waited for 1 milliseconds for checkpoint directory /home/runner/work/ozone/ozone/hadoop-ozone/integration-test/target/test-dir/MiniOzoneClusterImpl-816a41a7-5c89-4e8c-81ba-db0c8b26fb2d/ozone-meta/db.snapshots/checkpointState/om.db-8e373aeb-53bb-4012-8699-303b8dafaf07 availability.
2023-05-31 22:58:20,730 [OMDoubleBufferFlushThread] INFO  om.OmSnapshotManager (OmSnapshotManager.java:createOmSnapshotCheckpoint(409)) - Created checkpoint : /home/runner/work/ozone/ozone/hadoop-ozone/integration-test/target/test-dir/MiniOzoneClusterImpl-816a41a7-5c89-4e8c-81ba-db0c8b26fb2d/ozone-meta/db.snapshots/checkpointState/om.db-8e373aeb-53bb-4012-8699-303b8dafaf07 for snapshot s20230531-225820.146
2023-05-31 22:58:20,730 [OMDoubleBufferFlushThread] WARN  rocksdiff.RocksDBCheckpointDiffer (RocksDBCheckpointDiffer.java:setCurrentCompactionLog(312)) - Compaction log exists: /home/runner/work/ozone/ozone/hadoop-ozone/integration-test/target/test-dir/MiniOzoneClusterImpl-816a41a7-5c89-4e8c-81ba-db0c8b26fb2d/ozone-meta/db.snapshots/diffState/compaction-log/0000000000000001403.log. Will append
2023-05-31 22:58:20,751 [Thread-1798] INFO  rocksdiff.RocksDBCheckpointDiffer (RocksDBCheckpointDiffer.java:onCompactionCompleted(527)) - Skipped the compaction entry. Compaction input files: [/home/runner/work/ozone/ozone/hadoop-ozone/integration-test/target/test-dir/MiniOzoneClusterImpl-816a41a7-5c89-4e8c-81ba-db0c8b26fb2d/ozone-meta/om.db/000103.sst] and output files: [/home/runner/work/ozone/ozone/hadoop-ozone/integration-test/target/test-dir/MiniOzoneClusterImpl-816a41a7-5c89-4e8c-81ba-db0c8b26fb2d/ozone-meta/om.db/000103.sst] are same.
2023-05-31 22:58:20,757 [Thread-1812] INFO  rocksdiff.RocksDBCheckpointDiffer (RocksDBCheckpointDiffer.java:onCompactionCompleted(527)) - Skipped the compaction entry. Compaction input files: [/home/runner/work/ozone/ozone/hadoop-ozone/integration-test/target/test-dir/MiniOzoneClusterImpl-816a41a7-5c89-4e8c-81ba-db0c8b26fb2d/ozone-meta/om.db/000105.sst] and output files: [/home/runner/work/ozone/ozone/hadoop-ozone/integration-test/target/test-dir/MiniOzoneClusterImpl-816a41a7-5c89-4e8c-81ba-db0c8b26fb2d/ozone-meta/om.db/000105.sst] are same.
2023-05-31 22:58:20,791 [OMDoubleBufferFlushThread] INFO  db.RDBCheckpointManager (RDBCheckpointManager.java:createCheckpoint(89)) - Created checkpoint in rocksDB at /home/runner/work/ozone/ozone/hadoop-ozone/integration-test/target/test-dir/MiniOzoneClusterImpl-816a41a7-5c89-4e8c-81ba-db0c8b26fb2d/ozone-meta/db.snapshots/checkpointState/om.db-b9531bcb-c37a-4e9a-96c8-09c992794e4a in 55 milliseconds
2023-05-31 22:58:20,806 [OMDoubleBufferFlushThread] INFO  db.RDBCheckpointUtils (RDBCheckpointUtils.java:waitForCheckpointDirectoryExist(59)) - Waited for 15 milliseconds for checkpoint directory /home/runner/work/ozone/ozone/hadoop-ozone/integration-test/target/test-dir/MiniOzoneClusterImpl-816a41a7-5c89-4e8c-81ba-db0c8b26fb2d/ozone-meta/db.snapshots/checkpointState/om.db-b9531bcb-c37a-4e9a-96c8-09c992794e4a availability.
2023-05-31 22:58:20,807 [OMDoubleBufferFlushThread] INFO  om.OmSnapshotManager (OmSnapshotManager.java:createOmSnapshotCheckpoint(409)) - Created checkpoint : /home/runner/work/ozone/ozone/hadoop-ozone/integration-test/target/test-dir/MiniOzoneClusterImpl-816a41a7-5c89-4e8c-81ba-db0c8b26fb2d/ozone-meta/db.snapshots/checkpointState/om.db-b9531bcb-c37a-4e9a-96c8-09c992794e4a for snapshot s20230531-225820.152
2023-05-31 22:58:20,807 [OMDoubleBufferFlushThread] WARN  rocksdiff.RocksDBCheckpointDiffer (RocksDBCheckpointDiffer.java:setCurrentCompactionLog(312)) - Compaction log exists: /home/runner/work/ozone/ozone/hadoop-ozone/integration-test/target/test-dir/MiniOzoneClusterImpl-816a41a7-5c89-4e8c-81ba-db0c8b26fb2d/ozone-meta/db.snapshots/diffState/compaction-log/0000000000000001403.log. Will append
2023-05-31 22:58:20,866 [Thread-1906] INFO  rocksdiff.RocksDBCheckpointDiffer (RocksDBCheckpointDiffer.java:onCompactionCompleted(527)) - Skipped the compaction entry. Compaction input files: [/home/runner/work/ozone/ozone/hadoop-ozone/integration-test/target/test-dir/MiniOzoneClusterImpl-816a41a7-5c89-4e8c-81ba-db0c8b26fb2d/ozone-meta/om.db/000109.sst] and output files: [/home/runner/work/ozone/ozone/hadoop-ozone/integration-test/target/test-dir/MiniOzoneClusterImpl-816a41a7-5c89-4e8c-81ba-db0c8b26fb2d/ozone-meta/om.db/000109.sst] are same.
2023-05-31 22:58:20,868 [OMDoubleBufferFlushThread] INFO  db.RDBCheckpointManager (RDBCheckpointManager.java:createCheckpoint(89)) - Created checkpoint in rocksDB at /home/runner/work/ozone/ozone/hadoop-ozone/integration-test/target/test-dir/MiniOzoneClusterImpl-816a41a7-5c89-4e8c-81ba-db0c8b26fb2d/ozone-meta/db.snapshots/checkpointState/om.db-5a369c79-7abe-45d4-bc39-950b0cf65b23 in 56 milliseconds
2023-05-31 22:58:20,869 [OMDoubleBufferFlushThread] INFO  db.RDBCheckpointUtils (RDBCheckpointUtils.java:waitForCheckpointDirectoryExist(59)) - Waited for 0 milliseconds for checkpoint directory /home/runner/work/ozone/ozone/hadoop-ozone/integration-test/target/test-dir/MiniOzoneClusterImpl-816a41a7-5c89-4e8c-81ba-db0c8b26fb2d/ozone-meta/db.snapshots/checkpointState/om.db-5a369c79-7abe-45d4-bc39-950b0cf65b23 availability.
2023-05-31 22:58:20,870 [Thread-1910] INFO  rocksdiff.RocksDBCheckpointDiffer (RocksDBCheckpointDiffer.java:onCompactionCompleted(527)) - Skipped the compaction entry. Compaction input files: [/home/runner/work/ozone/ozone/hadoop-ozone/integration-test/target/test-dir/MiniOzoneClusterImpl-816a41a7-5c89-4e8c-81ba-db0c8b26fb2d/ozone-meta/om.db/000110.sst] and output files: [/home/runner/work/ozone/ozone/hadoop-ozone/integration-test/target/test-dir/MiniOzoneClusterImpl-816a41a7-5c89-4e8c-81ba-db0c8b26fb2d/ozone-meta/om.db/000110.sst] are same.
2023-05-31 22:58:20,871 [OMDoubleBufferFlushThread] INFO  om.OmSnapshotManager (OmSnapshotManager.java:createOmSnapshotCheckpoint(409)) - Created checkpoint : /home/runner/work/ozone/ozone/hadoop-ozone/integration-test/target/test-dir/MiniOzoneClusterImpl-816a41a7-5c89-4e8c-81ba-db0c8b26fb2d/ozone-meta/db.snapshots/checkpointState/om.db-5a369c79-7abe-45d4-bc39-950b0cf65b23 for snapshot s20230531-225820.157
2023-05-31 22:58:20,871 [OMDoubleBufferFlushThread] WARN  rocksdiff.RocksDBCheckpointDiffer (RocksDBCheckpointDiffer.java:setCurrentCompactionLog(312)) - Compaction log exists: /home/runner/work/ozone/ozone/hadoop-ozone/integration-test/target/test-dir/MiniOzoneClusterImpl-816a41a7-5c89-4e8c-81ba-db0c8b26fb2d/ozone-meta/db.snapshots/diffState/compaction-log/0000000000000001403.log. Will append
2023-05-31 22:58:20,884 [Thread-1932] INFO  rocksdiff.RocksDBCheckpointDiffer (RocksDBCheckpointDiffer.java:onCompactionCompleted(527)) - Skipped the compaction entry. Compaction input files: [/home/runner/work/ozone/ozone/hadoop-ozone/integration-test/target/test-dir/MiniOzoneClusterImpl-816a41a7-5c89-4e8c-81ba-db0c8b26fb2d/ozone-meta/om.db/000114.sst] and output files: [/home/runner/work/ozone/ozone/hadoop-ozone/integration-test/target/test-dir/MiniOzoneClusterImpl-816a41a7-5c89-4e8c-81ba-db0c8b26fb2d/ozone-meta/om.db/000114.sst] are same.
2023-05-31 22:58:20,889 [Thread-1945] INFO  rocksdiff.RocksDBCheckpointDiffer (RocksDBCheckpointDiffer.java:onCompactionCompleted(527)) - Skipped the compaction entry. Compaction input files: [/home/runner/work/ozone/ozone/hadoop-ozone/integration-test/target/test-dir/MiniOzoneClusterImpl-816a41a7-5c89-4e8c-81ba-db0c8b26fb2d/ozone-meta/om.db/000115.sst] and output files: [/home/runner/work/ozone/ozone/hadoop-ozone/integration-test/target/test-dir/MiniOzoneClusterImpl-816a41a7-5c89-4e8c-81ba-db0c8b26fb2d/ozone-meta/om.db/000115.sst] are same.
2023-05-31 22:58:20,923 [OMDoubleBufferFlushThread] INFO  db.RDBCheckpointManager (RDBCheckpointManager.java:createCheckpoint(89)) - Created checkpoint in rocksDB at /home/runner/work/ozone/ozone/hadoop-ozone/integration-test/target/test-dir/MiniOzoneClusterImpl-816a41a7-5c89-4e8c-81ba-db0c8b26fb2d/ozone-meta/db.snapshots/checkpointState/om.db-8e47adaa-6b60-4a42-ad20-ba7640eaeef7 in 47 milliseconds
2023-05-31 22:58:20,923 [OMDoubleBufferFlushThread] INFO  db.RDBCheckpointUtils (RDBCheckpointUtils.java:waitForCheckpointDirectoryExist(59)) - Waited for 0 milliseconds for checkpoint directory /home/runner/work/ozone/ozone/hadoop-ozone/integration-test/target/test-dir/MiniOzoneClusterImpl-816a41a7-5c89-4e8c-81ba-db0c8b26fb2d/ozone-meta/db.snapshots/checkpointState/om.db-8e47adaa-6b60-4a42-ad20-ba7640eaeef7 availability.
2023-05-31 22:58:20,924 [OMDoubleBufferFlushThread] INFO  om.OmSnapshotManager (OmSnapshotManager.java:createOmSnapshotCheckpoint(409)) - Created checkpoint : /home/runner/work/ozone/ozone/hadoop-ozone/integration-test/target/test-dir/MiniOzoneClusterImpl-816a41a7-5c89-4e8c-81ba-db0c8b26fb2d/ozone-meta/db.snapshots/checkpointState/om.db-8e47adaa-6b60-4a42-ad20-ba7640eaeef7 for snapshot s20230531-225820.163
2023-05-31 22:58:20,924 [OMDoubleBufferFlushThread] WARN  rocksdiff.RocksDBCheckpointDiffer (RocksDBCheckpointDiffer.java:setCurrentCompactionLog(312)) - Compaction log exists: /home/runner/work/ozone/ozone/hadoop-ozone/integration-test/target/test-dir/MiniOzoneClusterImpl-816a41a7-5c89-4e8c-81ba-db0c8b26fb2d/ozone-meta/db.snapshots/diffState/compaction-log/0000000000000001403.log. Will append
2023-05-31 22:58:20,941 [Thread-1982] INFO  rocksdiff.RocksDBCheckpointDiffer (RocksDBCheckpointDiffer.java:onCompactionCompleted(527)) - Skipped the compaction entry. Compaction input files: [/home/runner/work/ozone/ozone/hadoop-ozone/integration-test/target/test-dir/MiniOzoneClusterImpl-816a41a7-5c89-4e8c-81ba-db0c8b26fb2d/ozone-meta/om.db/000119.sst] and output files: [/home/runner/work/ozone/ozone/hadoop-ozone/integration-test/target/test-dir/MiniOzoneClusterImpl-816a41a7-5c89-4e8c-81ba-db0c8b26fb2d/ozone-meta/om.db/000119.sst] are same.
2023-05-31 22:58:20,950 [Thread-2000] INFO  rocksdiff.RocksDBCheckpointDiffer (RocksDBCheckpointDiffer.java:onCompactionCompleted(527)) - Skipped the compaction entry. Compaction input files: [/home/runner/work/ozone/ozone/hadoop-ozone/integration-test/target/test-dir/MiniOzoneClusterImpl-816a41a7-5c89-4e8c-81ba-db0c8b26fb2d/ozone-meta/om.db/000120.sst] and output files: [/home/runner/work/ozone/ozone/hadoop-ozone/integration-test/target/test-dir/MiniOzoneClusterImpl-816a41a7-5c89-4e8c-81ba-db0c8b26fb2d/ozone-meta/om.db/000120.sst] are same.
2023-05-31 22:58:20,978 [OMDoubleBufferFlushThread] INFO  db.RDBCheckpointManager (RDBCheckpointManager.java:createCheckpoint(89)) - Created checkpoint in rocksDB at /home/runner/work/ozone/ozone/hadoop-ozone/integration-test/target/test-dir/MiniOzoneClusterImpl-816a41a7-5c89-4e8c-81ba-db0c8b26fb2d/ozone-meta/db.snapshots/checkpointState/om.db-f623666d-d62f-4372-a925-91f1ffb8a5ca in 48 milliseconds
2023-05-31 22:58:20,980 [OMDoubleBufferFlushThread] INFO  db.RDBCheckpointUtils (RDBCheckpointUtils.java:waitForCheckpointDirectoryExist(59)) - Waited for 2 milliseconds for checkpoint directory /home/runner/work/ozone/ozone/hadoop-ozone/integration-test/target/test-dir/MiniOzoneClusterImpl-816a41a7-5c89-4e8c-81ba-db0c8b26fb2d/ozone-meta/db.snapshots/checkpointState/om.db-f623666d-d62f-4372-a925-91f1ffb8a5ca availability.
2023-05-31 22:58:20,981 [OMDoubleBufferFlushThread] INFO  om.OmSnapshotManager (OmSnapshotManager.java:createOmSnapshotCheckpoint(409)) - Created checkpoint : /home/runner/work/ozone/ozone/hadoop-ozone/integration-test/target/test-dir/MiniOzoneClusterImpl-816a41a7-5c89-4e8c-81ba-db0c8b26fb2d/ozone-meta/db.snapshots/checkpointState/om.db-f623666d-d62f-4372-a925-91f1ffb8a5ca for snapshot s20230531-225820.169
2023-05-31 22:58:20,981 [OMDoubleBufferFlushThread] WARN  rocksdiff.RocksDBCheckpointDiffer (RocksDBCheckpointDiffer.java:setCurrentCompactionLog(312)) - Compaction log exists: /home/runner/work/ozone/ozone/hadoop-ozone/integration-test/target/test-dir/MiniOzoneClusterImpl-816a41a7-5c89-4e8c-81ba-db0c8b26fb2d/ozone-meta/db.snapshots/diffState/compaction-log/0000000000000001403.log. Will append
2023-05-31 22:58:20,997 [Thread-2057] INFO  rocksdiff.RocksDBCheckpointDiffer (RocksDBCheckpointDiffer.java:onCompactionCompleted(527)) - Skipped the compaction entry. Compaction input files: [/home/runner/work/ozone/ozone/hadoop-ozone/integration-test/target/test-dir/MiniOzoneClusterImpl-816a41a7-5c89-4e8c-81ba-db0c8b26fb2d/ozone-meta/om.db/000126.sst] and output files: [/home/runner/work/ozone/ozone/hadoop-ozone/integration-test/target/test-dir/MiniOzoneClusterImpl-816a41a7-5c89-4e8c-81ba-db0c8b26fb2d/ozone-meta/om.db/000126.sst] are same.
2023-05-31 22:58:20,999 [Thread-2064] INFO  rocksdiff.RocksDBCheckpointDiffer (RocksDBCheckpointDiffer.java:onCompactionCompleted(527)) - Skipped the compaction entry. Compaction input files: [/home/runner/work/ozone/ozone/hadoop-ozone/integration-test/target/test-dir/MiniOzoneClusterImpl-816a41a7-5c89-4e8c-81ba-db0c8b26fb2d/ozone-meta/om.db/000127.sst] and output files: [/home/runner/work/ozone/ozone/hadoop-ozone/integration-test/target/test-dir/MiniOzoneClusterImpl-816a41a7-5c89-4e8c-81ba-db0c8b26fb2d/ozone-meta/om.db/000127.sst] are same.
2023-05-31 22:58:21,106 [OMDoubleBufferFlushThread] INFO  db.RDBCheckpointManager (RDBCheckpointManager.java:createCheckpoint(89)) - Created checkpoint in rocksDB at /home/runner/work/ozone/ozone/hadoop-ozone/integration-test/target/test-dir/MiniOzoneClusterImpl-816a41a7-5c89-4e8c-81ba-db0c8b26fb2d/ozone-meta/db.snapshots/checkpointState/om.db-d032906a-6418-48bc-90ce-6eb3c0e06e5f in 121 milliseconds
2023-05-31 22:58:21,111 [OMDoubleBufferFlushThread] INFO  db.RDBCheckpointUtils (RDBCheckpointUtils.java:waitForCheckpointDirectoryExist(59)) - Waited for 5 milliseconds for checkpoint directory /home/runner/work/ozone/ozone/hadoop-ozone/integration-test/target/test-dir/MiniOzoneClusterImpl-816a41a7-5c89-4e8c-81ba-db0c8b26fb2d/ozone-meta/db.snapshots/checkpointState/om.db-d032906a-6418-48bc-90ce-6eb3c0e06e5f availability.
2023-05-31 22:58:21,112 [OMDoubleBufferFlushThread] INFO  om.OmSnapshotManager (OmSnapshotManager.java:createOmSnapshotCheckpoint(409)) - Created checkpoint : /home/runner/work/ozone/ozone/hadoop-ozone/integration-test/target/test-dir/MiniOzoneClusterImpl-816a41a7-5c89-4e8c-81ba-db0c8b26fb2d/ozone-meta/db.snapshots/checkpointState/om.db-d032906a-6418-48bc-90ce-6eb3c0e06e5f for snapshot s20230531-225820.174
2023-05-31 22:58:21,112 [OMDoubleBufferFlushThread] WARN  rocksdiff.RocksDBCheckpointDiffer (RocksDBCheckpointDiffer.java:setCurrentCompactionLog(312)) - Compaction log exists: /home/runner/work/ozone/ozone/hadoop-ozone/integration-test/target/test-dir/MiniOzoneClusterImpl-816a41a7-5c89-4e8c-81ba-db0c8b26fb2d/ozone-meta/db.snapshots/diffState/compaction-log/0000000000000001403.log. Will append
2023-05-31 22:58:21,126 [Thread-2138] INFO  rocksdiff.RocksDBCheckpointDiffer (RocksDBCheckpointDiffer.java:onCompactionCompleted(527)) - Skipped the compaction entry. Compaction input files: [/home/runner/work/ozone/ozone/hadoop-ozone/integration-test/target/test-dir/MiniOzoneClusterImpl-816a41a7-5c89-4e8c-81ba-db0c8b26fb2d/ozone-meta/om.db/000131.sst] and output files: [/home/runner/work/ozone/ozone/hadoop-ozone/integration-test/target/test-dir/MiniOzoneClusterImpl-816a41a7-5c89-4e8c-81ba-db0c8b26fb2d/ozone-meta/om.db/000131.sst] are same.
2023-05-31 22:58:21,141 [Thread-2164] INFO  rocksdiff.RocksDBCheckpointDiffer (RocksDBCheckpointDiffer.java:onCompactionCompleted(527)) - Skipped the compaction entry. Compaction input files: [/home/runner/work/ozone/ozone/hadoop-ozone/integration-test/target/test-dir/MiniOzoneClusterImpl-816a41a7-5c89-4e8c-81ba-db0c8b26fb2d/ozone-meta/om.db/000132.sst] and output files: [/home/runner/work/ozone/ozone/hadoop-ozone/integration-test/target/test-dir/MiniOzoneClusterImpl-816a41a7-5c89-4e8c-81ba-db0c8b26fb2d/ozone-meta/om.db/000132.sst] are same.
2023-05-31 22:58:21,161 [OMDoubleBufferFlushThread] INFO  db.RDBCheckpointManager (RDBCheckpointManager.java:createCheckpoint(89)) - Created checkpoint in rocksDB at /home/runner/work/ozone/ozone/hadoop-ozone/integration-test/target/test-dir/MiniOzoneClusterImpl-816a41a7-5c89-4e8c-81ba-db0c8b26fb2d/ozone-meta/db.snapshots/checkpointState/om.db-17654f75-37c9-4882-9d20-05c6a0a31d5d in 44 milliseconds
2023-05-31 22:58:21,164 [OMDoubleBufferFlushThread] INFO  db.RDBCheckpointUtils (RDBCheckpointUtils.java:waitForCheckpointDirectoryExist(59)) - Waited for 3 milliseconds for checkpoint directory /home/runner/work/ozone/ozone/hadoop-ozone/integration-test/target/test-dir/MiniOzoneClusterImpl-816a41a7-5c89-4e8c-81ba-db0c8b26fb2d/ozone-meta/db.snapshots/checkpointState/om.db-17654f75-37c9-4882-9d20-05c6a0a31d5d availability.
2023-05-31 22:58:21,165 [OMDoubleBufferFlushThread] INFO  om.OmSnapshotManager (OmSnapshotManager.java:createOmSnapshotCheckpoint(409)) - Created checkpoint : /home/runner/work/ozone/ozone/hadoop-ozone/integration-test/target/test-dir/MiniOzoneClusterImpl-816a41a7-5c89-4e8c-81ba-db0c8b26fb2d/ozone-meta/db.snapshots/checkpointState/om.db-17654f75-37c9-4882-9d20-05c6a0a31d5d for snapshot s20230531-225820.178
2023-05-31 22:58:21,165 [OMDoubleBufferFlushThread] WARN  rocksdiff.RocksDBCheckpointDiffer (RocksDBCheckpointDiffer.java:setCurrentCompactionLog(312)) - Compaction log exists: /home/runner/work/ozone/ozone/hadoop-ozone/integration-test/target/test-dir/MiniOzoneClusterImpl-816a41a7-5c89-4e8c-81ba-db0c8b26fb2d/ozone-meta/db.snapshots/diffState/compaction-log/0000000000000001403.log. Will append
2023-05-31 22:58:21,178 [Thread-2200] INFO  rocksdiff.RocksDBCheckpointDiffer (RocksDBCheckpointDiffer.java:onCompactionCompleted(527)) - Skipped the compaction entry. Compaction input files: [/home/runner/work/ozone/ozone/hadoop-ozone/integration-test/target/test-dir/MiniOzoneClusterImpl-816a41a7-5c89-4e8c-81ba-db0c8b26fb2d/ozone-meta/om.db/000136.sst] and output files: [/home/runner/work/ozone/ozone/hadoop-ozone/integration-test/target/test-dir/MiniOzoneClusterImpl-816a41a7-5c89-4e8c-81ba-db0c8b26fb2d/ozone-meta/om.db/000136.sst] are same.
2023-05-31 22:58:21,184 [Thread-2211] INFO  rocksdiff.RocksDBCheckpointDiffer (RocksDBCheckpointDiffer.java:onCompactionCompleted(527)) - Skipped the compaction entry. Compaction input files: [/home/runner/work/ozone/ozone/hadoop-ozone/integration-test/target/test-dir/MiniOzoneClusterImpl-816a41a7-5c89-4e8c-81ba-db0c8b26fb2d/ozone-meta/om.db/000137.sst] and output files: [/home/runner/work/ozone/ozone/hadoop-ozone/integration-test/target/test-dir/MiniOzoneClusterImpl-816a41a7-5c89-4e8c-81ba-db0c8b26fb2d/ozone-meta/om.db/000137.sst] are same.
2023-05-31 22:58:21,217 [OMDoubleBufferFlushThread] INFO  db.RDBCheckpointManager (RDBCheckpointManager.java:createCheckpoint(89)) - Created checkpoint in rocksDB at /home/runner/work/ozone/ozone/hadoop-ozone/integration-test/target/test-dir/MiniOzoneClusterImpl-816a41a7-5c89-4e8c-81ba-db0c8b26fb2d/ozone-meta/db.snapshots/checkpointState/om.db-60e0416e-4096-4b94-8e05-2b303f922df7 in 49 milliseconds
2023-05-31 22:58:21,220 [OMDoubleBufferFlushThread] INFO  db.RDBCheckpointUtils (RDBCheckpointUtils.java:waitForCheckpointDirectoryExist(59)) - Waited for 3 milliseconds for checkpoint directory /home/runner/work/ozone/ozone/hadoop-ozone/integration-test/target/test-dir/MiniOzoneClusterImpl-816a41a7-5c89-4e8c-81ba-db0c8b26fb2d/ozone-meta/db.snapshots/checkpointState/om.db-60e0416e-4096-4b94-8e05-2b303f922df7 availability.
2023-05-31 22:58:21,221 [OMDoubleBufferFlushThread] INFO  om.OmSnapshotManager (OmSnapshotManager.java:createOmSnapshotCheckpoint(409)) - Created checkpoint : /home/runner/work/ozone/ozone/hadoop-ozone/integration-test/target/test-dir/MiniOzoneClusterImpl-816a41a7-5c89-4e8c-81ba-db0c8b26fb2d/ozone-meta/db.snapshots/checkpointState/om.db-60e0416e-4096-4b94-8e05-2b303f922df7 for snapshot s20230531-225820.184
2023-05-31 22:58:21,221 [OMDoubleBufferFlushThread] WARN  rocksdiff.RocksDBCheckpointDiffer (RocksDBCheckpointDiffer.java:setCurrentCompactionLog(312)) - Compaction log exists: /home/runner/work/ozone/ozone/hadoop-ozone/integration-test/target/test-dir/MiniOzoneClusterImpl-816a41a7-5c89-4e8c-81ba-db0c8b26fb2d/ozone-meta/db.snapshots/diffState/compaction-log/0000000000000001403.log. Will append
2023-05-31 22:58:21,239 [Thread-2256] INFO  rocksdiff.RocksDBCheckpointDiffer (RocksDBCheckpointDiffer.java:onCompactionCompleted(527)) - Skipped the compaction entry. Compaction input files: [/home/runner/work/ozone/ozone/hadoop-ozone/integration-test/target/test-dir/MiniOzoneClusterImpl-816a41a7-5c89-4e8c-81ba-db0c8b26fb2d/ozone-meta/om.db/000141.sst] and output files: [/home/runner/work/ozone/ozone/hadoop-ozone/integration-test/target/test-dir/MiniOzoneClusterImpl-816a41a7-5c89-4e8c-81ba-db0c8b26fb2d/ozone-meta/om.db/000141.sst] are same.
2023-05-31 22:58:21,245 [Thread-2272] INFO  rocksdiff.RocksDBCheckpointDiffer (RocksDBCheckpointDiffer.java:onCompactionCompleted(527)) - Skipped the compaction entry. Compaction input files: [/home/runner/work/ozone/ozone/hadoop-ozone/integration-test/target/test-dir/MiniOzoneClusterImpl-816a41a7-5c89-4e8c-81ba-db0c8b26fb2d/ozone-meta/om.db/000142.sst] and output files: [/home/runner/work/ozone/ozone/hadoop-ozone/integration-test/target/test-dir/MiniOzoneClusterImpl-816a41a7-5c89-4e8c-81ba-db0c8b26fb2d/ozone-meta/om.db/000142.sst] are same.
2023-05-31 22:58:21,262 [OMDoubleBufferFlushThread] INFO  db.RDBCheckpointManager (RDBCheckpointManager.java:createCheckpoint(89)) - Created checkpoint in rocksDB at /home/runner/work/ozone/ozone/hadoop-ozone/integration-test/target/test-dir/MiniOzoneClusterImpl-816a41a7-5c89-4e8c-81ba-db0c8b26fb2d/ozone-meta/db.snapshots/checkpointState/om.db-8ed6792d-81eb-43c0-bf31-ae5579c960e2 in 38 milliseconds
2023-05-31 22:58:21,275 [OMDoubleBufferFlushThread] INFO  db.RDBCheckpointUtils (RDBCheckpointUtils.java:waitForCheckpointDirectoryExist(59)) - Waited for 13 milliseconds for checkpoint directory /home/runner/work/ozone/ozone/hadoop-ozone/integration-test/target/test-dir/MiniOzoneClusterImpl-816a41a7-5c89-4e8c-81ba-db0c8b26fb2d/ozone-meta/db.snapshots/checkpointState/om.db-8ed6792d-81eb-43c0-bf31-ae5579c960e2 availability.
2023-05-31 22:58:21,276 [OMDoubleBufferFlushThread] INFO  om.OmSnapshotManager (OmSnapshotManager.java:createOmSnapshotCheckpoint(409)) - Created checkpoint : /home/runner/work/ozone/ozone/hadoop-ozone/integration-test/target/test-dir/MiniOzoneClusterImpl-816a41a7-5c89-4e8c-81ba-db0c8b26fb2d/ozone-meta/db.snapshots/checkpointState/om.db-8ed6792d-81eb-43c0-bf31-ae5579c960e2 for snapshot s20230531-225820.190
2023-05-31 22:58:21,276 [OMDoubleBufferFlushThread] WARN  rocksdiff.RocksDBCheckpointDiffer (RocksDBCheckpointDiffer.java:setCurrentCompactionLog(312)) - Compaction log exists: /home/runner/work/ozone/ozone/hadoop-ozone/integration-test/target/test-dir/MiniOzoneClusterImpl-816a41a7-5c89-4e8c-81ba-db0c8b26fb2d/ozone-meta/db.snapshots/diffState/compaction-log/0000000000000001403.log. Will append
2023-05-31 22:58:21,292 [Thread-2312] INFO  rocksdiff.RocksDBCheckpointDiffer (RocksDBCheckpointDiffer.java:onCompactionCompleted(527)) - Skipped the compaction entry. Compaction input files: [/home/runner/work/ozone/ozone/hadoop-ozone/integration-test/target/test-dir/MiniOzoneClusterImpl-816a41a7-5c89-4e8c-81ba-db0c8b26fb2d/ozone-meta/om.db/000148.sst] and output files: [/home/runner/work/ozone/ozone/hadoop-ozone/integration-test/target/test-dir/MiniOzoneClusterImpl-816a41a7-5c89-4e8c-81ba-db0c8b26fb2d/ozone-meta/om.db/000148.sst] are same.
2023-05-31 22:58:21,301 [Thread-2328] INFO  rocksdiff.RocksDBCheckpointDiffer (RocksDBCheckpointDiffer.java:onCompactionCompleted(527)) - Skipped the compaction entry. Compaction input files: [/home/runner/work/ozone/ozone/hadoop-ozone/integration-test/target/test-dir/MiniOzoneClusterImpl-816a41a7-5c89-4e8c-81ba-db0c8b26fb2d/ozone-meta/om.db/000149.sst] and output files: [/home/runner/work/ozone/ozone/hadoop-ozone/integration-test/target/test-dir/MiniOzoneClusterImpl-816a41a7-5c89-4e8c-81ba-db0c8b26fb2d/ozone-meta/om.db/000149.sst] are same.
2023-05-31 22:58:21,322 [OMDoubleBufferFlushThread] INFO  db.RDBCheckpointManager (RDBCheckpointManager.java:createCheckpoint(89)) - Created checkpoint in rocksDB at /home/runner/work/ozone/ozone/hadoop-ozone/integration-test/target/test-dir/MiniOzoneClusterImpl-816a41a7-5c89-4e8c-81ba-db0c8b26fb2d/ozone-meta/db.snapshots/checkpointState/om.db-7ef41bb8-a906-4027-9cab-35fa58dd512e in 42 milliseconds
2023-05-31 22:58:21,322 [OMDoubleBufferFlushThread] INFO  db.RDBCheckpointUtils (RDBCheckpointUtils.java:waitForCheckpointDirectoryExist(59)) - Waited for 0 milliseconds for checkpoint directory /home/runner/work/ozone/ozone/hadoop-ozone/integration-test/target/test-dir/MiniOzoneClusterImpl-816a41a7-5c89-4e8c-81ba-db0c8b26fb2d/ozone-meta/db.snapshots/checkpointState/om.db-7ef41bb8-a906-4027-9cab-35fa58dd512e availability.
2023-05-31 22:58:21,323 [OMDoubleBufferFlushThread] INFO  om.OmSnapshotManager (OmSnapshotManager.java:createOmSnapshotCheckpoint(409)) - Created checkpoint : /home/runner/work/ozone/ozone/hadoop-ozone/integration-test/target/test-dir/MiniOzoneClusterImpl-816a41a7-5c89-4e8c-81ba-db0c8b26fb2d/ozone-meta/db.snapshots/checkpointState/om.db-7ef41bb8-a906-4027-9cab-35fa58dd512e for snapshot s20230531-225820.195
2023-05-31 22:58:21,323 [OMDoubleBufferFlushThread] WARN  rocksdiff.RocksDBCheckpointDiffer (RocksDBCheckpointDiffer.java:setCurrentCompactionLog(312)) - Compaction log exists: /home/runner/work/ozone/ozone/hadoop-ozone/integration-test/target/test-dir/MiniOzoneClusterImpl-816a41a7-5c89-4e8c-81ba-db0c8b26fb2d/ozone-meta/db.snapshots/diffState/compaction-log/0000000000000001403.log. Will append
2023-05-31 22:58:21,340 [Thread-2402] INFO  rocksdiff.RocksDBCheckpointDiffer (RocksDBCheckpointDiffer.java:onCompactionCompleted(527)) - Skipped the compaction entry. Compaction input files: [/home/runner/work/ozone/ozone/hadoop-ozone/integration-test/target/test-dir/MiniOzoneClusterImpl-816a41a7-5c89-4e8c-81ba-db0c8b26fb2d/ozone-meta/om.db/000153.sst] and output files: [/home/runner/work/ozone/ozone/hadoop-ozone/integration-test/target/test-dir/MiniOzoneClusterImpl-816a41a7-5c89-4e8c-81ba-db0c8b26fb2d/ozone-meta/om.db/000153.sst] are same.
2023-05-31 22:58:21,354 [Thread-2418] INFO  rocksdiff.RocksDBCheckpointDiffer (RocksDBCheckpointDiffer.java:onCompactionCompleted(527)) - Skipped the compaction entry. Compaction input files: [/home/runner/work/ozone/ozone/hadoop-ozone/integration-test/target/test-dir/MiniOzoneClusterImpl-816a41a7-5c89-4e8c-81ba-db0c8b26fb2d/ozone-meta/om.db/000154.sst] and output files: [/home/runner/work/ozone/ozone/hadoop-ozone/integration-test/target/test-dir/MiniOzoneClusterImpl-816a41a7-5c89-4e8c-81ba-db0c8b26fb2d/ozone-meta/om.db/000154.sst] are same.
2023-05-31 22:58:21,379 [OMDoubleBufferFlushThread] INFO  db.RDBCheckpointManager (RDBCheckpointManager.java:createCheckpoint(89)) - Created checkpoint in rocksDB at /home/runner/work/ozone/ozone/hadoop-ozone/integration-test/target/test-dir/MiniOzoneClusterImpl-816a41a7-5c89-4e8c-81ba-db0c8b26fb2d/ozone-meta/db.snapshots/checkpointState/om.db-6c33ba7f-e10e-4464-af3b-895eda5073f7 in 48 milliseconds
2023-05-31 22:58:21,382 [OMDoubleBufferFlushThread] INFO  db.RDBCheckpointUtils (RDBCheckpointUtils.java:waitForCheckpointDirectoryExist(59)) - Waited for 3 milliseconds for checkpoint directory /home/runner/work/ozone/ozone/hadoop-ozone/integration-test/target/test-dir/MiniOzoneClusterImpl-816a41a7-5c89-4e8c-81ba-db0c8b26fb2d/ozone-meta/db.snapshots/checkpointState/om.db-6c33ba7f-e10e-4464-af3b-895eda5073f7 availability.
2023-05-31 22:58:21,383 [OMDoubleBufferFlushThread] INFO  om.OmSnapshotManager (OmSnapshotManager.java:createOmSnapshotCheckpoint(409)) - Created checkpoint : /home/runner/work/ozone/ozone/hadoop-ozone/integration-test/target/test-dir/MiniOzoneClusterImpl-816a41a7-5c89-4e8c-81ba-db0c8b26fb2d/ozone-meta/db.snapshots/checkpointState/om.db-6c33ba7f-e10e-4464-af3b-895eda5073f7 for snapshot s20230531-225820.208
2023-05-31 22:58:21,400 [Thread-2458] INFO  rocksdiff.RocksDBCheckpointDiffer (RocksDBCheckpointDiffer.java:onCompactionCompleted(527)) - Skipped the compaction entry. Compaction input files: [/home/runner/work/ozone/ozone/hadoop-ozone/integration-test/target/test-dir/MiniOzoneClusterImpl-816a41a7-5c89-4e8c-81ba-db0c8b26fb2d/ozone-meta/om.db/000158.sst] and output files: [/home/runner/work/ozone/ozone/hadoop-ozone/integration-test/target/test-dir/MiniOzoneClusterImpl-816a41a7-5c89-4e8c-81ba-db0c8b26fb2d/ozone-meta/om.db/000158.sst] are same.
2023-05-31 22:58:21,408 [Thread-2474] INFO  rocksdiff.RocksDBCheckpointDiffer (RocksDBCheckpointDiffer.java:onCompactionCompleted(527)) - Skipped the compaction entry. Compaction input files: [/home/runner/work/ozone/ozone/hadoop-ozone/integration-test/target/test-dir/MiniOzoneClusterImpl-816a41a7-5c89-4e8c-81ba-db0c8b26fb2d/ozone-meta/om.db/000159.sst] and output files: [/home/runner/work/ozone/ozone/hadoop-ozone/integration-test/target/test-dir/MiniOzoneClusterImpl-816a41a7-5c89-4e8c-81ba-db0c8b26fb2d/ozone-meta/om.db/000159.sst] are same.
2023-05-31 22:58:21,429 [OMDoubleBufferFlushThread] INFO  db.RDBCheckpointManager (RDBCheckpointManager.java:createCheckpoint(89)) - Created checkpoint in rocksDB at /home/runner/work/ozone/ozone/hadoop-ozone/integration-test/target/test-dir/MiniOzoneClusterImpl-816a41a7-5c89-4e8c-81ba-db0c8b26fb2d/ozone-meta/db.snapshots/checkpointState/om.db-8a279bc0-ad1e-48ac-a8bc-496dc3926ca7 in 41 milliseconds
2023-05-31 22:58:21,433 [OMDoubleBufferFlushThread] INFO  db.RDBCheckpointUtils (RDBCheckpointUtils.java:waitForCheckpointDirectoryExist(59)) - Waited for 4 milliseconds for checkpoint directory /home/runner/work/ozone/ozone/hadoop-ozone/integration-test/target/test-dir/MiniOzoneClusterImpl-816a41a7-5c89-4e8c-81ba-db0c8b26fb2d/ozone-meta/db.snapshots/checkpointState/om.db-8a279bc0-ad1e-48ac-a8bc-496dc3926ca7 availability.
2023-05-31 22:58:21,434 [OMDoubleBufferFlushThread] INFO  om.OmSnapshotManager (OmSnapshotManager.java:createOmSnapshotCheckpoint(409)) - Created checkpoint : /home/runner/work/ozone/ozone/hadoop-ozone/integration-test/target/test-dir/MiniOzoneClusterImpl-816a41a7-5c89-4e8c-81ba-db0c8b26fb2d/ozone-meta/db.snapshots/checkpointState/om.db-8a279bc0-ad1e-48ac-a8bc-496dc3926ca7 for snapshot s20230531-225820.221
2023-05-31 22:58:21,435 [OMDoubleBufferFlushThread] WARN  rocksdiff.RocksDBCheckpointDiffer (RocksDBCheckpointDiffer.java:setCurrentCompactionLog(312)) - Compaction log exists: /home/runner/work/ozone/ozone/hadoop-ozone/integration-test/target/test-dir/MiniOzoneClusterImpl-816a41a7-5c89-4e8c-81ba-db0c8b26fb2d/ozone-meta/db.snapshots/diffState/compaction-log/0000000000000001410.log. Will append
2023-05-31 22:58:21,454 [Thread-2514] INFO  rocksdiff.RocksDBCheckpointDiffer (RocksDBCheckpointDiffer.java:onCompactionCompleted(527)) - Skipped the compaction entry. Compaction input files: [/home/runner/work/ozone/ozone/hadoop-ozone/integration-test/target/test-dir/MiniOzoneClusterImpl-816a41a7-5c89-4e8c-81ba-db0c8b26fb2d/ozone-meta/om.db/000163.sst] and output files: [/home/runner/work/ozone/ozone/hadoop-ozone/integration-test/target/test-dir/MiniOzoneClusterImpl-816a41a7-5c89-4e8c-81ba-db0c8b26fb2d/ozone-meta/om.db/000163.sst] are same.
2023-05-31 22:58:21,460 [Thread-2530] INFO  rocksdiff.RocksDBCheckpointDiffer (RocksDBCheckpointDiffer.java:onCompactionCompleted(527)) - Skipped the compaction entry. Compaction input files: [/home/runner/work/ozone/ozone/hadoop-ozone/integration-test/target/test-dir/MiniOzoneClusterImpl-816a41a7-5c89-4e8c-81ba-db0c8b26fb2d/ozone-meta/om.db/000164.sst] and output files: [/home/runner/work/ozone/ozone/hadoop-ozone/integration-test/target/test-dir/MiniOzoneClusterImpl-816a41a7-5c89-4e8c-81ba-db0c8b26fb2d/ozone-meta/om.db/000164.sst] are same.
2023-05-31 22:58:21,474 [OMDoubleBufferFlushThread] INFO  db.RDBCheckpointManager (RDBCheckpointManager.java:createCheckpoint(89)) - Created checkpoint in rocksDB at /home/runner/work/ozone/ozone/hadoop-ozone/integration-test/target/test-dir/MiniOzoneClusterImpl-816a41a7-5c89-4e8c-81ba-db0c8b26fb2d/ozone-meta/db.snapshots/checkpointState/om.db-7f8f458c-c35e-457e-825e-e828f457ec4c in 36 milliseconds
2023-05-31 22:58:21,482 [OMDoubleBufferFlushThread] INFO  db.RDBCheckpointUtils (RDBCheckpointUtils.java:waitForCheckpointDirectoryExist(59)) - Waited for 7 milliseconds for checkpoint directory /home/runner/work/ozone/ozone/hadoop-ozone/integration-test/target/test-dir/MiniOzoneClusterImpl-816a41a7-5c89-4e8c-81ba-db0c8b26fb2d/ozone-meta/db.snapshots/checkpointState/om.db-7f8f458c-c35e-457e-825e-e828f457ec4c availability.
2023-05-31 22:58:21,483 [OMDoubleBufferFlushThread] INFO  om.OmSnapshotManager (OmSnapshotManager.java:createOmSnapshotCheckpoint(409)) - Created checkpoint : /home/runner/work/ozone/ozone/hadoop-ozone/integration-test/target/test-dir/MiniOzoneClusterImpl-816a41a7-5c89-4e8c-81ba-db0c8b26fb2d/ozone-meta/db.snapshots/checkpointState/om.db-7f8f458c-c35e-457e-825e-e828f457ec4c for snapshot s20230531-225820.229
2023-05-31 22:58:21,483 [OMDoubleBufferFlushThread] WARN  rocksdiff.RocksDBCheckpointDiffer (RocksDBCheckpointDiffer.java:setCurrentCompactionLog(312)) - Compaction log exists: /home/runner/work/ozone/ozone/hadoop-ozone/integration-test/target/test-dir/MiniOzoneClusterImpl-816a41a7-5c89-4e8c-81ba-db0c8b26fb2d/ozone-meta/db.snapshots/diffState/compaction-log/0000000000000001410.log. Will append
2023-05-31 22:58:21,504 [Thread-2570] INFO  rocksdiff.RocksDBCheckpointDiffer (RocksDBCheckpointDiffer.java:onCompactionCompleted(527)) - Skipped the compaction entry. Compaction input files: [/home/runner/work/ozone/ozone/hadoop-ozone/integration-test/target/test-dir/MiniOzoneClusterImpl-816a41a7-5c89-4e8c-81ba-db0c8b26fb2d/ozone-meta/om.db/000170.sst] and output files: [/home/runner/work/ozone/ozone/hadoop-ozone/integration-test/target/test-dir/MiniOzoneClusterImpl-816a41a7-5c89-4e8c-81ba-db0c8b26fb2d/ozone-meta/om.db/000170.sst] are same.
2023-05-31 22:58:21,512 [Thread-2586] INFO  rocksdiff.RocksDBCheckpointDiffer (RocksDBCheckpointDiffer.java:onCompactionCompleted(527)) - Skipped the compaction entry. Compaction input files: [/home/runner/work/ozone/ozone/hadoop-ozone/integration-test/target/test-dir/MiniOzoneClusterImpl-816a41a7-5c89-4e8c-81ba-db0c8b26fb2d/ozone-meta/om.db/000171.sst] and output files: [/home/runner/work/ozone/ozone/hadoop-ozone/integration-test/target/test-dir/MiniOzoneClusterImpl-816a41a7-5c89-4e8c-81ba-db0c8b26fb2d/ozone-meta/om.db/000171.sst] are same.
2023-05-31 22:58:21,530 [OMDoubleBufferFlushThread] INFO  db.RDBCheckpointManager (RDBCheckpointManager.java:createCheckpoint(89)) - Created checkpoint in rocksDB at /home/runner/work/ozone/ozone/hadoop-ozone/integration-test/target/test-dir/MiniOzoneClusterImpl-816a41a7-5c89-4e8c-81ba-db0c8b26fb2d/ozone-meta/db.snapshots/checkpointState/om.db-9c5cd549-4263-441d-9156-d554e993f373 in 42 milliseconds
2023-05-31 22:58:21,542 [OMDoubleBufferFlushThread] INFO  db.RDBCheckpointUtils (RDBCheckpointUtils.java:waitForCheckpointDirectoryExist(59)) - Waited for 12 milliseconds for checkpoint directory /home/runner/work/ozone/ozone/hadoop-ozone/integration-test/target/test-dir/MiniOzoneClusterImpl-816a41a7-5c89-4e8c-81ba-db0c8b26fb2d/ozone-meta/db.snapshots/checkpointState/om.db-9c5cd549-4263-441d-9156-d554e993f373 availability.
2023-05-31 22:58:21,549 [OMDoubleBufferFlushThread] INFO  om.OmSnapshotManager (OmSnapshotManager.java:createOmSnapshotCheckpoint(409)) - Created checkpoint : /home/runner/work/ozone/ozone/hadoop-ozone/integration-test/target/test-dir/MiniOzoneClusterImpl-816a41a7-5c89-4e8c-81ba-db0c8b26fb2d/ozone-meta/db.snapshots/checkpointState/om.db-9c5cd549-4263-441d-9156-d554e993f373 for snapshot s20230531-225820.243
2023-05-31 22:58:21,549 [OMDoubleBufferFlushThread] WARN  rocksdiff.RocksDBCheckpointDiffer (RocksDBCheckpointDiffer.java:setCurrentCompactionLog(312)) - Compaction log exists: /home/runner/work/ozone/ozone/hadoop-ozone/integration-test/target/test-dir/MiniOzoneClusterImpl-816a41a7-5c89-4e8c-81ba-db0c8b26fb2d/ozone-meta/db.snapshots/diffState/compaction-log/0000000000000001410.log. Will append
2023-05-31 22:58:21,606 [OMDoubleBufferFlushThread] INFO  db.RDBCheckpointManager (RDBCheckpointManager.java:createCheckpoint(89)) - Created checkpoint in rocksDB at /home/runner/work/ozone/ozone/hadoop-ozone/integration-test/target/test-dir/MiniOzoneClusterImpl-816a41a7-5c89-4e8c-81ba-db0c8b26fb2d/ozone-meta/db.snapshots/checkpointState/om.db-3dc8c075-3077-4c66-b908-8d7ce571b672 in 53 milliseconds
2023-05-31 22:58:21,612 [OMDoubleBufferFlushThread] INFO  db.RDBCheckpointUtils (RDBCheckpointUtils.java:waitForCheckpointDirectoryExist(59)) - Waited for 6 milliseconds for checkpoint directory /home/runner/work/ozone/ozone/hadoop-ozone/integration-test/target/test-dir/MiniOzoneClusterImpl-816a41a7-5c89-4e8c-81ba-db0c8b26fb2d/ozone-meta/db.snapshots/checkpointState/om.db-3dc8c075-3077-4c66-b908-8d7ce571b672 availability.
2023-05-31 22:58:21,613 [OMDoubleBufferFlushThread] INFO  om.OmSnapshotManager (OmSnapshotManager.java:createOmSnapshotCheckpoint(409)) - Created checkpoint : /home/runner/work/ozone/ozone/hadoop-ozone/integration-test/target/test-dir/MiniOzoneClusterImpl-816a41a7-5c89-4e8c-81ba-db0c8b26fb2d/ozone-meta/db.snapshots/checkpointState/om.db-3dc8c075-3077-4c66-b908-8d7ce571b672 for snapshot s20230531-225820.253
2023-05-31 22:58:21,615 [Thread-2712] INFO  rocksdiff.RocksDBCheckpointDiffer (RocksDBCheckpointDiffer.java:onCompactionCompleted(527)) - Skipped the compaction entry. Compaction input files: [/home/runner/work/ozone/ozone/hadoop-ozone/integration-test/target/test-dir/MiniOzoneClusterImpl-816a41a7-5c89-4e8c-81ba-db0c8b26fb2d/ozone-meta/om.db/000176.sst, /home/runner/work/ozone/ozone/hadoop-ozone/integration-test/target/test-dir/MiniOzoneClusterImpl-816a41a7-5c89-4e8c-81ba-db0c8b26fb2d/ozone-meta/om.db/000181.sst, /home/runner/work/ozone/ozone/hadoop-ozone/integration-test/target/test-dir/MiniOzoneClusterImpl-816a41a7-5c89-4e8c-81ba-db0c8b26fb2d/ozone-meta/om.db/000186.sst, /home/runner/work/ozone/ozone/hadoop-ozone/integration-test/target/test-dir/MiniOzoneClusterImpl-816a41a7-5c89-4e8c-81ba-db0c8b26fb2d/ozone-meta/om.db/000193.sst] and output files: [/home/runner/work/ozone/ozone/hadoop-ozone/integration-test/target/test-dir/MiniOzoneClusterImpl-816a41a7-5c89-4e8c-81ba-db0c8b26fb2d/ozone-meta/om.db/000176.sst, /home/runner/work/ozone/ozone/hadoop-ozone/integration-test/target/test-dir/MiniOzoneClusterImpl-816a41a7-5c89-4e8c-81ba-db0c8b26fb2d/ozone-meta/om.db/000181.sst, /home/runner/work/ozone/ozone/hadoop-ozone/integration-test/target/test-dir/MiniOzoneClusterImpl-816a41a7-5c89-4e8c-81ba-db0c8b26fb2d/ozone-meta/om.db/000186.sst, /home/runner/work/ozone/ozone/hadoop-ozone/integration-test/target/test-dir/MiniOzoneClusterImpl-816a41a7-5c89-4e8c-81ba-db0c8b26fb2d/ozone-meta/om.db/000193.sst] are same.
2023-05-31 22:58:21,654 [OMDoubleBufferFlushThread] INFO  db.RDBCheckpointManager (RDBCheckpointManager.java:createCheckpoint(89)) - Created checkpoint in rocksDB at /home/runner/work/ozone/ozone/hadoop-ozone/integration-test/target/test-dir/MiniOzoneClusterImpl-816a41a7-5c89-4e8c-81ba-db0c8b26fb2d/ozone-meta/db.snapshots/checkpointState/om.db-b95deb0a-a572-492a-b0be-10afb7cd6555 in 36 milliseconds
2023-05-31 22:58:21,667 [OMDoubleBufferFlushThread] INFO  db.RDBCheckpointUtils (RDBCheckpointUtils.java:waitForCheckpointDirectoryExist(59)) - Waited for 13 milliseconds for checkpoint directory /home/runner/work/ozone/ozone/hadoop-ozone/integration-test/target/test-dir/MiniOzoneClusterImpl-816a41a7-5c89-4e8c-81ba-db0c8b26fb2d/ozone-meta/db.snapshots/checkpointState/om.db-b95deb0a-a572-492a-b0be-10afb7cd6555 availability.
2023-05-31 22:58:21,667 [OMDoubleBufferFlushThread] INFO  om.OmSnapshotManager (OmSnapshotManager.java:createOmSnapshotCheckpoint(409)) - Created checkpoint : /home/runner/work/ozone/ozone/hadoop-ozone/integration-test/target/test-dir/MiniOzoneClusterImpl-816a41a7-5c89-4e8c-81ba-db0c8b26fb2d/ozone-meta/db.snapshots/checkpointState/om.db-b95deb0a-a572-492a-b0be-10afb7cd6555 for snapshot s20230531-225820.264
2023-05-31 22:58:21,668 [OMDoubleBufferFlushThread] WARN  rocksdiff.RocksDBCheckpointDiffer (RocksDBCheckpointDiffer.java:setCurrentCompactionLog(312)) - Compaction log exists: /home/runner/work/ozone/ozone/hadoop-ozone/integration-test/target/test-dir/MiniOzoneClusterImpl-816a41a7-5c89-4e8c-81ba-db0c8b26fb2d/ozone-meta/db.snapshots/diffState/compaction-log/0000000000000001417.log. Will append
2023-05-31 22:58:21,706 [OMDoubleBufferFlushThread] INFO  db.RDBCheckpointManager (RDBCheckpointManager.java:createCheckpoint(89)) - Created checkpoint in rocksDB at /home/runner/work/ozone/ozone/hadoop-ozone/integration-test/target/test-dir/MiniOzoneClusterImpl-816a41a7-5c89-4e8c-81ba-db0c8b26fb2d/ozone-meta/db.snapshots/checkpointState/om.db-ea0a44ec-4566-487f-8500-17c8aa0824af in 31 milliseconds
2023-05-31 22:58:21,707 [OMDoubleBufferFlushThread] INFO  db.RDBCheckpointUtils (RDBCheckpointUtils.java:waitForCheckpointDirectoryExist(59)) - Waited for 1 milliseconds for checkpoint directory /home/runner/work/ozone/ozone/hadoop-ozone/integration-test/target/test-dir/MiniOzoneClusterImpl-816a41a7-5c89-4e8c-81ba-db0c8b26fb2d/ozone-meta/db.snapshots/checkpointState/om.db-ea0a44ec-4566-487f-8500-17c8aa0824af availability.
2023-05-31 22:58:21,707 [OMDoubleBufferFlushThread] INFO  om.OmSnapshotManager (OmSnapshotManager.java:createOmSnapshotCheckpoint(409)) - Created checkpoint : /home/runner/work/ozone/ozone/hadoop-ozone/integration-test/target/test-dir/MiniOzoneClusterImpl-816a41a7-5c89-4e8c-81ba-db0c8b26fb2d/ozone-meta/db.snapshots/checkpointState/om.db-ea0a44ec-4566-487f-8500-17c8aa0824af for snapshot s20230531-225820.276
2023-05-31 22:58:21,708 [OMDoubleBufferFlushThread] WARN  rocksdiff.RocksDBCheckpointDiffer (RocksDBCheckpointDiffer.java:setCurrentCompactionLog(312)) - Compaction log exists: /home/runner/work/ozone/ozone/hadoop-ozone/integration-test/target/test-dir/MiniOzoneClusterImpl-816a41a7-5c89-4e8c-81ba-db0c8b26fb2d/ozone-meta/db.snapshots/diffState/compaction-log/0000000000000001417.log. Will append
2023-05-31 22:58:21,749 [OMDoubleBufferFlushThread] INFO  db.RDBCheckpointManager (RDBCheckpointManager.java:createCheckpoint(89)) - Created checkpoint in rocksDB at /home/runner/work/ozone/ozone/hadoop-ozone/integration-test/target/test-dir/MiniOzoneClusterImpl-816a41a7-5c89-4e8c-81ba-db0c8b26fb2d/ozone-meta/db.snapshots/checkpointState/om.db-fa7e0a17-0285-4e93-95a1-84640ac0b591 in 37 milliseconds
2023-05-31 22:58:21,761 [OMDoubleBufferFlushThread] INFO  db.RDBCheckpointUtils (RDBCheckpointUtils.java:waitForCheckpointDirectoryExist(59)) - Waited for 12 milliseconds for checkpoint directory /home/runner/work/ozone/ozone/hadoop-ozone/integration-test/target/test-dir/MiniOzoneClusterImpl-816a41a7-5c89-4e8c-81ba-db0c8b26fb2d/ozone-meta/db.snapshots/checkpointState/om.db-fa7e0a17-0285-4e93-95a1-84640ac0b591 availability.
2023-05-31 22:58:21,762 [OMDoubleBufferFlushThread] INFO  om.OmSnapshotManager (OmSnapshotManager.java:createOmSnapshotCheckpoint(409)) - Created checkpoint : /home/runner/work/ozone/ozone/hadoop-ozone/integration-test/target/test-dir/MiniOzoneClusterImpl-816a41a7-5c89-4e8c-81ba-db0c8b26fb2d/ozone-meta/db.snapshots/checkpointState/om.db-fa7e0a17-0285-4e93-95a1-84640ac0b591 for snapshot s20230531-225820.286
2023-05-31 22:58:21,762 [OMDoubleBufferFlushThread] WARN  rocksdiff.RocksDBCheckpointDiffer (RocksDBCheckpointDiffer.java:setCurrentCompactionLog(312)) - Compaction log exists: /home/runner/work/ozone/ozone/hadoop-ozone/integration-test/target/test-dir/MiniOzoneClusterImpl-816a41a7-5c89-4e8c-81ba-db0c8b26fb2d/ozone-meta/db.snapshots/diffState/compaction-log/0000000000000001417.log. Will append
2023-05-31 22:58:21,803 [Thread-2960] INFO  rocksdiff.RocksDBCheckpointDiffer (RocksDBCheckpointDiffer.java:onCompactionCompleted(527)) - Skipped the compaction entry. Compaction input files: [/home/runner/work/ozone/ozone/hadoop-ozone/integration-test/target/test-dir/MiniOzoneClusterImpl-816a41a7-5c89-4e8c-81ba-db0c8b26fb2d/ozone-meta/om.db/000199.sst, /home/runner/work/ozone/ozone/hadoop-ozone/integration-test/target/test-dir/MiniOzoneClusterImpl-816a41a7-5c89-4e8c-81ba-db0c8b26fb2d/ozone-meta/om.db/000204.sst, /home/runner/work/ozone/ozone/hadoop-ozone/integration-test/target/test-dir/MiniOzoneClusterImpl-816a41a7-5c89-4e8c-81ba-db0c8b26fb2d/ozone-meta/om.db/000209.sst, /home/runner/work/ozone/ozone/hadoop-ozone/integration-test/target/test-dir/MiniOzoneClusterImpl-816a41a7-5c89-4e8c-81ba-db0c8b26fb2d/ozone-meta/om.db/000217.sst] and output files: [/home/runner/work/ozone/ozone/hadoop-ozone/integration-test/target/test-dir/MiniOzoneClusterImpl-816a41a7-5c89-4e8c-81ba-db0c8b26fb2d/ozone-meta/om.db/000199.sst, /home/runner/work/ozone/ozone/hadoop-ozone/integration-test/target/test-dir/MiniOzoneClusterImpl-816a41a7-5c89-4e8c-81ba-db0c8b26fb2d/ozone-meta/om.db/000204.sst, /home/runner/work/ozone/ozone/hadoop-ozone/integration-test/target/test-dir/MiniOzoneClusterImpl-816a41a7-5c89-4e8c-81ba-db0c8b26fb2d/ozone-meta/om.db/000209.sst, /home/runner/work/ozone/ozone/hadoop-ozone/integration-test/target/test-dir/MiniOzoneClusterImpl-816a41a7-5c89-4e8c-81ba-db0c8b26fb2d/ozone-meta/om.db/000217.sst] are same.
2023-05-31 22:58:21,819 [OMDoubleBufferFlushThread] INFO  db.RDBCheckpointManager (RDBCheckpointManager.java:createCheckpoint(89)) - Created checkpoint in rocksDB at /home/runner/work/ozone/ozone/hadoop-ozone/integration-test/target/test-dir/MiniOzoneClusterImpl-816a41a7-5c89-4e8c-81ba-db0c8b26fb2d/ozone-meta/db.snapshots/checkpointState/om.db-c7bf849f-fa7f-450f-8666-e5ee24b818a7 in 50 milliseconds
2023-05-31 22:58:21,819 [OMDoubleBufferFlushThread] INFO  db.RDBCheckpointUtils (RDBCheckpointUtils.java:waitForCheckpointDirectoryExist(59)) - Waited for 0 milliseconds for checkpoint directory /home/runner/work/ozone/ozone/hadoop-ozone/integration-test/target/test-dir/MiniOzoneClusterImpl-816a41a7-5c89-4e8c-81ba-db0c8b26fb2d/ozone-meta/db.snapshots/checkpointState/om.db-c7bf849f-fa7f-450f-8666-e5ee24b818a7 availability.
2023-05-31 22:58:21,820 [OMDoubleBufferFlushThread] INFO  om.OmSnapshotManager (OmSnapshotManager.java:createOmSnapshotCheckpoint(409)) - Created checkpoint : /home/runner/work/ozone/ozone/hadoop-ozone/integration-test/target/test-dir/MiniOzoneClusterImpl-816a41a7-5c89-4e8c-81ba-db0c8b26fb2d/ozone-meta/db.snapshots/checkpointState/om.db-c7bf849f-fa7f-450f-8666-e5ee24b818a7 for snapshot s20230531-225820.294
2023-05-31 22:58:21,820 [OMDoubleBufferFlushThread] WARN  rocksdiff.RocksDBCheckpointDiffer (RocksDBCheckpointDiffer.java:setCurrentCompactionLog(312)) - Compaction log exists: /home/runner/work/ozone/ozone/hadoop-ozone/integration-test/target/test-dir/MiniOzoneClusterImpl-816a41a7-5c89-4e8c-81ba-db0c8b26fb2d/ozone-meta/db.snapshots/diffState/compaction-log/0000000000000001417.log. Will append
2023-05-31 22:58:21,863 [OMDoubleBufferFlushThread] INFO  db.RDBCheckpointManager (RDBCheckpointManager.java:createCheckpoint(89)) - Created checkpoint in rocksDB at /home/runner/work/ozone/ozone/hadoop-ozone/integration-test/target/test-dir/MiniOzoneClusterImpl-816a41a7-5c89-4e8c-81ba-db0c8b26fb2d/ozone-meta/db.snapshots/checkpointState/om.db-cd04c7eb-a06e-4f01-a540-5097c539f8ba in 40 milliseconds
2023-05-31 22:58:21,866 [OMDoubleBufferFlushThread] INFO  db.RDBCheckpointUtils (RDBCheckpointUtils.java:waitForCheckpointDirectoryExist(59)) - Waited for 2 milliseconds for checkpoint directory /home/runner/work/ozone/ozone/hadoop-ozone/integration-test/target/test-dir/MiniOzoneClusterImpl-816a41a7-5c89-4e8c-81ba-db0c8b26fb2d/ozone-meta/db.snapshots/checkpointState/om.db-cd04c7eb-a06e-4f01-a540-5097c539f8ba availability.
2023-05-31 22:58:21,867 [OMDoubleBufferFlushThread] INFO  om.OmSnapshotManager (OmSnapshotManager.java:createOmSnapshotCheckpoint(409)) - Created checkpoint : /home/runner/work/ozone/ozone/hadoop-ozone/integration-test/target/test-dir/MiniOzoneClusterImpl-816a41a7-5c89-4e8c-81ba-db0c8b26fb2d/ozone-meta/db.snapshots/checkpointState/om.db-cd04c7eb-a06e-4f01-a540-5097c539f8ba for snapshot s20230531-225820.302
22:58:22.333 [IPC Server handler 2 on default port 15004] ERROR OMAudit - user=runner | ip=127.0.0.1 | op=GET_FILE_STATUS {volume=vol-a-52530, bucket=buc-a-29942, key=key-, dataSize=0, replicationConfig=null} | ret=FAILURE
org.apache.hadoop.ozone.om.exceptions.OMException: Unable to get file status: volume: vol-a-52530 bucket: buc-a-29942 key: key-
	at org.apache.hadoop.ozone.om.KeyManagerImpl.getOzoneFileStatusFSO(KeyManagerImpl.java:1321) ~[ozone-manager-1.4.0-SNAPSHOT.jar:?]
	at org.apache.hadoop.ozone.om.KeyManagerImpl.getFileStatus(KeyManagerImpl.java:1113) ~[ozone-manager-1.4.0-SNAPSHOT.jar:?]
	at org.apache.hadoop.ozone.om.OmMetadataReader.getFileStatus(OmMetadataReader.java:287) ~[ozone-manager-1.4.0-SNAPSHOT.jar:?]
	at org.apache.hadoop.ozone.om.OzoneManager.getFileStatus(OzoneManager.java:3554) ~[ozone-manager-1.4.0-SNAPSHOT.jar:?]
	at org.apache.hadoop.ozone.protocolPB.OzoneManagerRequestHandler.getOzoneFileStatus(OzoneManagerRequestHandler.java:936) ~[ozone-manager-1.4.0-SNAPSHOT.jar:?]
	at org.apache.hadoop.ozone.protocolPB.OzoneManagerRequestHandler.handleReadRequest(OzoneManagerRequestHandler.java:239) ~[ozone-manager-1.4.0-SNAPSHOT.jar:?]
	at org.apache.hadoop.ozone.protocolPB.OzoneManagerProtocolServerSideTranslatorPB.submitReadRequestToOM(OzoneManagerProtocolServerSideTranslatorPB.java:223) ~[ozone-manager-1.4.0-SNAPSHOT.jar:?]
	at org.apache.hadoop.ozone.protocolPB.OzoneManagerProtocolServerSideTranslatorPB.processRequest(OzoneManagerProtocolServerSideTranslatorPB.java:177) ~[ozone-manager-1.4.0-SNAPSHOT.jar:?]
	at org.apache.hadoop.hdds.server.OzoneProtocolMessageDispatcher.processRequest(OzoneProtocolMessageDispatcher.java:87) [hdds-server-framework-1.4.0-SNAPSHOT.jar:?]
	at org.apache.hadoop.ozone.protocolPB.OzoneManagerProtocolServerSideTranslatorPB.submitRequest(OzoneManagerProtocolServerSideTranslatorPB.java:147) [ozone-manager-1.4.0-SNAPSHOT.jar:?]
	at org.apache.hadoop.ozone.protocol.proto.OzoneManagerProtocolProtos$OzoneManagerService$2.callBlockingMethod(OzoneManagerProtocolProtos.java) [ozone-interface-client-1.4.0-SNAPSHOT.jar:?]
	at org.apache.hadoop.ipc.ProtobufRpcEngine$Server.processCall(ProtobufRpcEngine.java:484) [hadoop-common-3.3.5.jar:?]
	at org.apache.hadoop.ipc.ProtobufRpcEngine2$Server$ProtoBufRpcInvoker.call(ProtobufRpcEngine2.java:595) [hadoop-common-3.3.5.jar:?]
	at org.apache.hadoop.ipc.ProtobufRpcEngine2$Server$ProtoBufRpcInvoker.call(ProtobufRpcEngine2.java:573) [hadoop-common-3.3.5.jar:?]
	at org.apache.hadoop.ipc.RPC$Server.call(RPC.java:1213) [hadoop-common-3.3.5.jar:?]
	at org.apache.hadoop.ipc.Server$RpcCall.run(Server.java:1089) [hadoop-common-3.3.5.jar:?]
	at org.apache.hadoop.ipc.Server$RpcCall.run(Server.java:1012) [hadoop-common-3.3.5.jar:?]
	at java.security.AccessController.doPrivileged(Native Method) ~[?:1.8.0_362]
	at javax.security.auth.Subject.doAs(Subject.java:422) [?:1.8.0_362]
	at org.apache.hadoop.security.UserGroupInformation.doAs(UserGroupInformation.java:1899) [hadoop-common-3.3.5.jar:?]
	at org.apache.hadoop.ipc.Server$Handler.run(Server.java:3026) [hadoop-common-3.3.5.jar:?]
22:58:22.345 [IPC Server handler 7 on default port 15004] ERROR OMAudit - user=runner | ip=127.0.0.1 | op=GET_FILE_STATUS {volume=vol-a-52530, bucket=buc-b-25887, key=key-, dataSize=0, replicationConfig=null} | ret=FAILURE
org.apache.hadoop.ozone.om.exceptions.OMException: Unable to get file status: volume: vol-a-52530 bucket: buc-b-25887 key: key-
	at org.apache.hadoop.ozone.om.KeyManagerImpl.getOzoneFileStatusFSO(KeyManagerImpl.java:1321) ~[ozone-manager-1.4.0-SNAPSHOT.jar:?]
	at org.apache.hadoop.ozone.om.KeyManagerImpl.getFileStatus(KeyManagerImpl.java:1113) ~[ozone-manager-1.4.0-SNAPSHOT.jar:?]
	at org.apache.hadoop.ozone.om.OmMetadataReader.getFileStatus(OmMetadataReader.java:287) ~[ozone-manager-1.4.0-SNAPSHOT.jar:?]
	at org.apache.hadoop.ozone.om.OzoneManager.getFileStatus(OzoneManager.java:3554) ~[ozone-manager-1.4.0-SNAPSHOT.jar:?]
	at org.apache.hadoop.ozone.protocolPB.OzoneManagerRequestHandler.getOzoneFileStatus(OzoneManagerRequestHandler.java:936) ~[ozone-manager-1.4.0-SNAPSHOT.jar:?]
	at org.apache.hadoop.ozone.protocolPB.OzoneManagerRequestHandler.handleReadRequest(OzoneManagerRequestHandler.java:239) ~[ozone-manager-1.4.0-SNAPSHOT.jar:?]
	at org.apache.hadoop.ozone.protocolPB.OzoneManagerProtocolServerSideTranslatorPB.submitReadRequestToOM(OzoneManagerProtocolServerSideTranslatorPB.java:223) ~[ozone-manager-1.4.0-SNAPSHOT.jar:?]
	at org.apache.hadoop.ozone.protocolPB.OzoneManagerProtocolServerSideTranslatorPB.processRequest(OzoneManagerProtocolServerSideTranslatorPB.java:177) ~[ozone-manager-1.4.0-SNAPSHOT.jar:?]
	at org.apache.hadoop.hdds.server.OzoneProtocolMessageDispatcher.processRequest(OzoneProtocolMessageDispatcher.java:87) [hdds-server-framework-1.4.0-SNAPSHOT.jar:?]
	at org.apache.hadoop.ozone.protocolPB.OzoneManagerProtocolServerSideTranslatorPB.submitRequest(OzoneManagerProtocolServerSideTranslatorPB.java:147) [ozone-manager-1.4.0-SNAPSHOT.jar:?]
	at org.apache.hadoop.ozone.protocol.proto.OzoneManagerProtocolProtos$OzoneManagerService$2.callBlockingMethod(OzoneManagerProtocolProtos.java) [ozone-interface-client-1.4.0-SNAPSHOT.jar:?]
	at org.apache.hadoop.ipc.ProtobufRpcEngine$Server.processCall(ProtobufRpcEngine.java:484) [hadoop-common-3.3.5.jar:?]
	at org.apache.hadoop.ipc.ProtobufRpcEngine2$Server$ProtoBufRpcInvoker.call(ProtobufRpcEngine2.java:595) [hadoop-common-3.3.5.jar:?]
	at org.apache.hadoop.ipc.ProtobufRpcEngine2$Server$ProtoBufRpcInvoker.call(ProtobufRpcEngine2.java:573) [hadoop-common-3.3.5.jar:?]
	at org.apache.hadoop.ipc.RPC$Server.call(RPC.java:1213) [hadoop-common-3.3.5.jar:?]
	at org.apache.hadoop.ipc.Server$RpcCall.run(Server.java:1089) [hadoop-common-3.3.5.jar:?]
	at org.apache.hadoop.ipc.Server$RpcCall.run(Server.java:1012) [hadoop-common-3.3.5.jar:?]
	at java.security.AccessController.doPrivileged(Native Method) ~[?:1.8.0_362]
	at javax.security.auth.Subject.doAs(Subject.java:422) [?:1.8.0_362]
	at org.apache.hadoop.security.UserGroupInformation.doAs(UserGroupInformation.java:1899) [hadoop-common-3.3.5.jar:?]
	at org.apache.hadoop.ipc.Server$Handler.run(Server.java:3026) [hadoop-common-3.3.5.jar:?]
22:58:22.356 [IPC Server handler 3 on default port 15004] ERROR OMAudit - user=runner | ip=127.0.0.1 | op=GET_FILE_STATUS {volume=vol-b-67237, bucket=buc-a-29942, key=key-, dataSize=0, replicationConfig=null} | ret=FAILURE
org.apache.hadoop.ozone.om.exceptions.OMException: Unable to get file status: volume: vol-b-67237 bucket: buc-a-29942 key: key-
	at org.apache.hadoop.ozone.om.KeyManagerImpl.getOzoneFileStatusFSO(KeyManagerImpl.java:1321) ~[ozone-manager-1.4.0-SNAPSHOT.jar:?]
	at org.apache.hadoop.ozone.om.KeyManagerImpl.getFileStatus(KeyManagerImpl.java:1113) ~[ozone-manager-1.4.0-SNAPSHOT.jar:?]
	at org.apache.hadoop.ozone.om.OmMetadataReader.getFileStatus(OmMetadataReader.java:287) ~[ozone-manager-1.4.0-SNAPSHOT.jar:?]
	at org.apache.hadoop.ozone.om.OzoneManager.getFileStatus(OzoneManager.java:3554) ~[ozone-manager-1.4.0-SNAPSHOT.jar:?]
	at org.apache.hadoop.ozone.protocolPB.OzoneManagerRequestHandler.getOzoneFileStatus(OzoneManagerRequestHandler.java:936) ~[ozone-manager-1.4.0-SNAPSHOT.jar:?]
	at org.apache.hadoop.ozone.protocolPB.OzoneManagerRequestHandler.handleReadRequest(OzoneManagerRequestHandler.java:239) ~[ozone-manager-1.4.0-SNAPSHOT.jar:?]
	at org.apache.hadoop.ozone.protocolPB.OzoneManagerProtocolServerSideTranslatorPB.submitReadRequestToOM(OzoneManagerProtocolServerSideTranslatorPB.java:223) ~[ozone-manager-1.4.0-SNAPSHOT.jar:?]
	at org.apache.hadoop.ozone.protocolPB.OzoneManagerProtocolServerSideTranslatorPB.processRequest(OzoneManagerProtocolServerSideTranslatorPB.java:177) ~[ozone-manager-1.4.0-SNAPSHOT.jar:?]
	at org.apache.hadoop.hdds.server.OzoneProtocolMessageDispatcher.processRequest(OzoneProtocolMessageDispatcher.java:87) [hdds-server-framework-1.4.0-SNAPSHOT.jar:?]
	at org.apache.hadoop.ozone.protocolPB.OzoneManagerProtocolServerSideTranslatorPB.submitRequest(OzoneManagerProtocolServerSideTranslatorPB.java:147) [ozone-manager-1.4.0-SNAPSHOT.jar:?]
	at org.apache.hadoop.ozone.protocol.proto.OzoneManagerProtocolProtos$OzoneManagerService$2.callBlockingMethod(OzoneManagerProtocolProtos.java) [ozone-interface-client-1.4.0-SNAPSHOT.jar:?]
	at org.apache.hadoop.ipc.ProtobufRpcEngine$Server.processCall(ProtobufRpcEngine.java:484) [hadoop-common-3.3.5.jar:?]
	at org.apache.hadoop.ipc.ProtobufRpcEngine2$Server$ProtoBufRpcInvoker.call(ProtobufRpcEngine2.java:595) [hadoop-common-3.3.5.jar:?]
	at org.apache.hadoop.ipc.ProtobufRpcEngine2$Server$ProtoBufRpcInvoker.call(ProtobufRpcEngine2.java:573) [hadoop-common-3.3.5.jar:?]
	at org.apache.hadoop.ipc.RPC$Server.call(RPC.java:1213) [hadoop-common-3.3.5.jar:?]
	at org.apache.hadoop.ipc.Server$RpcCall.run(Server.java:1089) [hadoop-common-3.3.5.jar:?]
	at org.apache.hadoop.ipc.Server$RpcCall.run(Server.java:1012) [hadoop-common-3.3.5.jar:?]
	at java.security.AccessController.doPrivileged(Native Method) ~[?:1.8.0_362]
	at javax.security.auth.Subject.doAs(Subject.java:422) [?:1.8.0_362]
	at org.apache.hadoop.security.UserGroupInformation.doAs(UserGroupInformation.java:1899) [hadoop-common-3.3.5.jar:?]
	at org.apache.hadoop.ipc.Server$Handler.run(Server.java:3026) [hadoop-common-3.3.5.jar:?]
22:58:22.369 [IPC Server handler 9 on default port 15004] ERROR OMAudit - user=runner | ip=127.0.0.1 | op=GET_FILE_STATUS {volume=vol-b-67237, bucket=buc-b-25887, key=key-, dataSize=0, replicationConfig=null} | ret=FAILURE
org.apache.hadoop.ozone.om.exceptions.OMException: Unable to get file status: volume: vol-b-67237 bucket: buc-b-25887 key: key-
	at org.apache.hadoop.ozone.om.KeyManagerImpl.getOzoneFileStatusFSO(KeyManagerImpl.java:1321) ~[ozone-manager-1.4.0-SNAPSHOT.jar:?]
	at org.apache.hadoop.ozone.om.KeyManagerImpl.getFileStatus(KeyManagerImpl.java:1113) ~[ozone-manager-1.4.0-SNAPSHOT.jar:?]
	at org.apache.hadoop.ozone.om.OmMetadataReader.getFileStatus(OmMetadataReader.java:287) ~[ozone-manager-1.4.0-SNAPSHOT.jar:?]
	at org.apache.hadoop.ozone.om.OzoneManager.getFileStatus(OzoneManager.java:3554) ~[ozone-manager-1.4.0-SNAPSHOT.jar:?]
	at org.apache.hadoop.ozone.protocolPB.OzoneManagerRequestHandler.getOzoneFileStatus(OzoneManagerRequestHandler.java:936) ~[ozone-manager-1.4.0-SNAPSHOT.jar:?]
	at org.apache.hadoop.ozone.protocolPB.OzoneManagerRequestHandler.handleReadRequest(OzoneManagerRequestHandler.java:239) ~[ozone-manager-1.4.0-SNAPSHOT.jar:?]
	at org.apache.hadoop.ozone.protocolPB.OzoneManagerProtocolServerSideTranslatorPB.submitReadRequestToOM(OzoneManagerProtocolServerSideTranslatorPB.java:223) ~[ozone-manager-1.4.0-SNAPSHOT.jar:?]
	at org.apache.hadoop.ozone.protocolPB.OzoneManagerProtocolServerSideTranslatorPB.processRequest(OzoneManagerProtocolServerSideTranslatorPB.java:177) ~[ozone-manager-1.4.0-SNAPSHOT.jar:?]
	at org.apache.hadoop.hdds.server.OzoneProtocolMessageDispatcher.processRequest(OzoneProtocolMessageDispatcher.java:87) [hdds-server-framework-1.4.0-SNAPSHOT.jar:?]
	at org.apache.hadoop.ozone.protocolPB.OzoneManagerProtocolServerSideTranslatorPB.submitRequest(OzoneManagerProtocolServerSideTranslatorPB.java:147) [ozone-manager-1.4.0-SNAPSHOT.jar:?]
	at org.apache.hadoop.ozone.protocol.proto.OzoneManagerProtocolProtos$OzoneManagerService$2.callBlockingMethod(OzoneManagerProtocolProtos.java) [ozone-interface-client-1.4.0-SNAPSHOT.jar:?]
	at org.apache.hadoop.ipc.ProtobufRpcEngine$Server.processCall(ProtobufRpcEngine.java:484) [hadoop-common-3.3.5.jar:?]
	at org.apache.hadoop.ipc.ProtobufRpcEngine2$Server$ProtoBufRpcInvoker.call(ProtobufRpcEngine2.java:595) [hadoop-common-3.3.5.jar:?]
	at org.apache.hadoop.ipc.ProtobufRpcEngine2$Server$ProtoBufRpcInvoker.call(ProtobufRpcEngine2.java:573) [hadoop-common-3.3.5.jar:?]
	at org.apache.hadoop.ipc.RPC$Server.call(RPC.java:1213) [hadoop-common-3.3.5.jar:?]
	at org.apache.hadoop.ipc.Server$RpcCall.run(Server.java:1089) [hadoop-common-3.3.5.jar:?]
	at org.apache.hadoop.ipc.Server$RpcCall.run(Server.java:1012) [hadoop-common-3.3.5.jar:?]
	at java.security.AccessController.doPrivileged(Native Method) ~[?:1.8.0_362]
	at javax.security.auth.Subject.doAs(Subject.java:422) [?:1.8.0_362]
	at org.apache.hadoop.security.UserGroupInformation.doAs(UserGroupInformation.java:1899) [hadoop-common-3.3.5.jar:?]
	at org.apache.hadoop.ipc.Server$Handler.run(Server.java:3026) [hadoop-common-3.3.5.jar:?]
22:58:22.376 [IPC Server handler 17 on default port 15004] ERROR OMAudit - user=runner | ip=127.0.0.1 | op=GET_FILE_STATUS {volume=vol-a-52530, bucket=buc-a-29942, key=key-a-, dataSize=0, replicationConfig=null} | ret=FAILURE
org.apache.hadoop.ozone.om.exceptions.OMException: Unable to get file status: volume: vol-a-52530 bucket: buc-a-29942 key: key-a-
	at org.apache.hadoop.ozone.om.KeyManagerImpl.getOzoneFileStatusFSO(KeyManagerImpl.java:1321) ~[ozone-manager-1.4.0-SNAPSHOT.jar:?]
	at org.apache.hadoop.ozone.om.KeyManagerImpl.getFileStatus(KeyManagerImpl.java:1113) ~[ozone-manager-1.4.0-SNAPSHOT.jar:?]
	at org.apache.hadoop.ozone.om.OmMetadataReader.getFileStatus(OmMetadataReader.java:287) ~[ozone-manager-1.4.0-SNAPSHOT.jar:?]
	at org.apache.hadoop.ozone.om.OzoneManager.getFileStatus(OzoneManager.java:3554) ~[ozone-manager-1.4.0-SNAPSHOT.jar:?]
	at org.apache.hadoop.ozone.protocolPB.OzoneManagerRequestHandler.getOzoneFileStatus(OzoneManagerRequestHandler.java:936) ~[ozone-manager-1.4.0-SNAPSHOT.jar:?]
	at org.apache.hadoop.ozone.protocolPB.OzoneManagerRequestHandler.handleReadRequest(OzoneManagerRequestHandler.java:239) ~[ozone-manager-1.4.0-SNAPSHOT.jar:?]
	at org.apache.hadoop.ozone.protocolPB.OzoneManagerProtocolServerSideTranslatorPB.submitReadRequestToOM(OzoneManagerProtocolServerSideTranslatorPB.java:223) ~[ozone-manager-1.4.0-SNAPSHOT.jar:?]
	at org.apache.hadoop.ozone.protocolPB.OzoneManagerProtocolServerSideTranslatorPB.processRequest(OzoneManagerProtocolServerSideTranslatorPB.java:177) ~[ozone-manager-1.4.0-SNAPSHOT.jar:?]
	at org.apache.hadoop.hdds.server.OzoneProtocolMessageDispatcher.processRequest(OzoneProtocolMessageDispatcher.java:87) [hdds-server-framework-1.4.0-SNAPSHOT.jar:?]
	at org.apache.hadoop.ozone.protocolPB.OzoneManagerProtocolServerSideTranslatorPB.submitRequest(OzoneManagerProtocolServerSideTranslatorPB.java:147) [ozone-manager-1.4.0-SNAPSHOT.jar:?]
	at org.apache.hadoop.ozone.protocol.proto.OzoneManagerProtocolProtos$OzoneManagerService$2.callBlockingMethod(OzoneManagerProtocolProtos.java) [ozone-interface-client-1.4.0-SNAPSHOT.jar:?]
	at org.apache.hadoop.ipc.ProtobufRpcEngine$Server.processCall(ProtobufRpcEngine.java:484) [hadoop-common-3.3.5.jar:?]
	at org.apache.hadoop.ipc.ProtobufRpcEngine2$Server$ProtoBufRpcInvoker.call(ProtobufRpcEngine2.java:595) [hadoop-common-3.3.5.jar:?]
	at org.apache.hadoop.ipc.ProtobufRpcEngine2$Server$ProtoBufRpcInvoker.call(ProtobufRpcEngine2.java:573) [hadoop-common-3.3.5.jar:?]
	at org.apache.hadoop.ipc.RPC$Server.call(RPC.java:1213) [hadoop-common-3.3.5.jar:?]
	at org.apache.hadoop.ipc.Server$RpcCall.run(Server.java:1089) [hadoop-common-3.3.5.jar:?]
	at org.apache.hadoop.ipc.Server$RpcCall.run(Server.java:1012) [hadoop-common-3.3.5.jar:?]
	at java.security.AccessController.doPrivileged(Native Method) ~[?:1.8.0_362]
	at javax.security.auth.Subject.doAs(Subject.java:422) [?:1.8.0_362]
	at org.apache.hadoop.security.UserGroupInformation.doAs(UserGroupInformation.java:1899) [hadoop-common-3.3.5.jar:?]
	at org.apache.hadoop.ipc.Server$Handler.run(Server.java:3026) [hadoop-common-3.3.5.jar:?]
22:58:22.383 [IPC Server handler 15 on default port 15004] ERROR OMAudit - user=runner | ip=127.0.0.1 | op=GET_FILE_STATUS {volume=vol-a-52530, bucket=buc-a-29942, key=key-b-, dataSize=0, replicationConfig=null} | ret=FAILURE
org.apache.hadoop.ozone.om.exceptions.OMException: Unable to get file status: volume: vol-a-52530 bucket: buc-a-29942 key: key-b-
	at org.apache.hadoop.ozone.om.KeyManagerImpl.getOzoneFileStatusFSO(KeyManagerImpl.java:1321) ~[ozone-manager-1.4.0-SNAPSHOT.jar:?]
	at org.apache.hadoop.ozone.om.KeyManagerImpl.getFileStatus(KeyManagerImpl.java:1113) ~[ozone-manager-1.4.0-SNAPSHOT.jar:?]
	at org.apache.hadoop.ozone.om.OmMetadataReader.getFileStatus(OmMetadataReader.java:287) ~[ozone-manager-1.4.0-SNAPSHOT.jar:?]
	at org.apache.hadoop.ozone.om.OzoneManager.getFileStatus(OzoneManager.java:3554) ~[ozone-manager-1.4.0-SNAPSHOT.jar:?]
	at org.apache.hadoop.ozone.protocolPB.OzoneManagerRequestHandler.getOzoneFileStatus(OzoneManagerRequestHandler.java:936) ~[ozone-manager-1.4.0-SNAPSHOT.jar:?]
	at org.apache.hadoop.ozone.protocolPB.OzoneManagerRequestHandler.handleReadRequest(OzoneManagerRequestHandler.java:239) ~[ozone-manager-1.4.0-SNAPSHOT.jar:?]
	at org.apache.hadoop.ozone.protocolPB.OzoneManagerProtocolServerSideTranslatorPB.submitReadRequestToOM(OzoneManagerProtocolServerSideTranslatorPB.java:223) ~[ozone-manager-1.4.0-SNAPSHOT.jar:?]
	at org.apache.hadoop.ozone.protocolPB.OzoneManagerProtocolServerSideTranslatorPB.processRequest(OzoneManagerProtocolServerSideTranslatorPB.java:177) ~[ozone-manager-1.4.0-SNAPSHOT.jar:?]
	at org.apache.hadoop.hdds.server.OzoneProtocolMessageDispatcher.processRequest(OzoneProtocolMessageDispatcher.java:87) [hdds-server-framework-1.4.0-SNAPSHOT.jar:?]
	at org.apache.hadoop.ozone.protocolPB.OzoneManagerProtocolServerSideTranslatorPB.submitRequest(OzoneManagerProtocolServerSideTranslatorPB.java:147) [ozone-manager-1.4.0-SNAPSHOT.jar:?]
	at org.apache.hadoop.ozone.protocol.proto.OzoneManagerProtocolProtos$OzoneManagerService$2.callBlockingMethod(OzoneManagerProtocolProtos.java) [ozone-interface-client-1.4.0-SNAPSHOT.jar:?]
	at org.apache.hadoop.ipc.ProtobufRpcEngine$Server.processCall(ProtobufRpcEngine.java:484) [hadoop-common-3.3.5.jar:?]
	at org.apache.hadoop.ipc.ProtobufRpcEngine2$Server$ProtoBufRpcInvoker.call(ProtobufRpcEngine2.java:595) [hadoop-common-3.3.5.jar:?]
	at org.apache.hadoop.ipc.ProtobufRpcEngine2$Server$ProtoBufRpcInvoker.call(ProtobufRpcEngine2.java:573) [hadoop-common-3.3.5.jar:?]
	at org.apache.hadoop.ipc.RPC$Server.call(RPC.java:1213) [hadoop-common-3.3.5.jar:?]
	at org.apache.hadoop.ipc.Server$RpcCall.run(Server.java:1089) [hadoop-common-3.3.5.jar:?]
	at org.apache.hadoop.ipc.Server$RpcCall.run(Server.java:1012) [hadoop-common-3.3.5.jar:?]
	at java.security.AccessController.doPrivileged(Native Method) ~[?:1.8.0_362]
	at javax.security.auth.Subject.doAs(Subject.java:422) [?:1.8.0_362]
	at org.apache.hadoop.security.UserGroupInformation.doAs(UserGroupInformation.java:1899) [hadoop-common-3.3.5.jar:?]
	at org.apache.hadoop.ipc.Server$Handler.run(Server.java:3026) [hadoop-common-3.3.5.jar:?]
]]></system-out>
  </testcase>
  <testcase name="testListKeyOnEmptyBucket" classname="org.apache.hadoop.ozone.client.rpc.TestOzoneRpcClient" time="0.019">
    <system-out><![CDATA[2023-05-31 22:58:22,388 [main] INFO  rpc.RpcClient (RpcClient.java:createVolume(459)) - Creating Volume: vol-45591, with runner as owner and space quota set to -1 bytes, counts quota set to -1
2023-05-31 22:58:22,391 [OM StateMachine ApplyTransaction Thread - 0] INFO  volume.OMVolumeCreateRequest (OMVolumeCreateRequest.java:validateAndUpdateCache(196)) - created volume:vol-45591 for user:runner
2023-05-31 22:58:22,397 [main] INFO  rpc.RpcClient (RpcClient.java:createBucket(686)) - Creating Bucket: vol-45591/buc-81308, with server-side default bucket layout, runner as owner, Versioning false, Storage Type set to DISK and Encryption set to false, Replication Type set to server-side default replication type, Namespace Quota set to -1, Space Quota set to -1 
2023-05-31 22:58:22,402 [OM StateMachine ApplyTransaction Thread - 0] INFO  bucket.OMBucketCreateRequest (OMBucketCreateRequest.java:validateAndUpdateCache(270)) - created bucket: buc-81308 of layout FILE_SYSTEM_OPTIMIZED in volume: vol-45591
]]></system-out>
  </testcase>
  <testcase name="testListMultipartUploadParts(ReplicationConfig)[1]" classname="org.apache.hadoop.ozone.client.rpc.TestOzoneRpcClient" time="0.236">
    <system-out><![CDATA[2023-05-31 22:58:22,412 [main] INFO  rpc.RpcClient (RpcClient.java:createVolume(459)) - Creating Volume: e3b2e67a-ab77-4756-8c30-c9170b11e07c, with runner as owner and space quota set to -1 bytes, counts quota set to -1
2023-05-31 22:58:22,414 [OM StateMachine ApplyTransaction Thread - 0] INFO  volume.OMVolumeCreateRequest (OMVolumeCreateRequest.java:validateAndUpdateCache(196)) - created volume:e3b2e67a-ab77-4756-8c30-c9170b11e07c for user:runner
2023-05-31 22:58:22,416 [main] INFO  rpc.RpcClient (RpcClient.java:createBucket(686)) - Creating Bucket: e3b2e67a-ab77-4756-8c30-c9170b11e07c/f583008d-b820-4a2e-b2fc-cc5e30c34acb, with server-side default bucket layout, runner as owner, Versioning false, Storage Type set to DISK and Encryption set to false, Replication Type set to server-side default replication type, Namespace Quota set to -1, Space Quota set to -1 
2023-05-31 22:58:22,418 [OM StateMachine ApplyTransaction Thread - 0] INFO  bucket.OMBucketCreateRequest (OMBucketCreateRequest.java:validateAndUpdateCache(270)) - created bucket: f583008d-b820-4a2e-b2fc-cc5e30c34acb of layout FILE_SYSTEM_OPTIMIZED in volume: e3b2e67a-ab77-4756-8c30-c9170b11e07c
2023-05-31 22:58:22,638 [IPC Server handler 1 on default port 15004] INFO  db.TypedTable (TypedTable.java:increaseBufferSize(309)) - TypedTable-multipartInfoTable(String->OmMultipartKeyInfo): increaseBufferSize 4096 -> 8192
]]></system-out>
  </testcase>
  <testcase name="testListMultipartUploadParts(ReplicationConfig)[2]" classname="org.apache.hadoop.ozone.client.rpc.TestOzoneRpcClient" time="0.864">
    <system-out><![CDATA[2023-05-31 22:58:22,653 [main] INFO  rpc.RpcClient (RpcClient.java:createVolume(459)) - Creating Volume: 2dd67743-4faa-44a5-97f6-6d3ff569d21c, with runner as owner and space quota set to -1 bytes, counts quota set to -1
2023-05-31 22:58:22,656 [OM StateMachine ApplyTransaction Thread - 0] INFO  volume.OMVolumeCreateRequest (OMVolumeCreateRequest.java:validateAndUpdateCache(196)) - created volume:2dd67743-4faa-44a5-97f6-6d3ff569d21c for user:runner
2023-05-31 22:58:22,658 [main] INFO  rpc.RpcClient (RpcClient.java:createBucket(686)) - Creating Bucket: 2dd67743-4faa-44a5-97f6-6d3ff569d21c/ce4fa58e-6489-4caa-9149-f179ade52e97, with server-side default bucket layout, runner as owner, Versioning false, Storage Type set to DISK and Encryption set to false, Replication Type set to server-side default replication type, Namespace Quota set to -1, Space Quota set to -1 
2023-05-31 22:58:22,660 [OM StateMachine ApplyTransaction Thread - 0] INFO  bucket.OMBucketCreateRequest (OMBucketCreateRequest.java:validateAndUpdateCache(270)) - created bucket: ce4fa58e-6489-4caa-9149-f179ade52e97 of layout FILE_SYSTEM_OPTIMIZED in volume: 2dd67743-4faa-44a5-97f6-6d3ff569d21c
2023-05-31 22:58:23,514 [IPC Server handler 18 on default port 15004] INFO  db.TypedTable (TypedTable.java:increaseBufferSize(309)) - TypedTable-multipartInfoTable(String->OmMultipartKeyInfo): increaseBufferSize 8192 -> 16384
]]></system-out>
  </testcase>
  <testcase name="testListMultipartUploadParts(ReplicationConfig)[3]" classname="org.apache.hadoop.ozone.client.rpc.TestOzoneRpcClient" time="0.411">
    <system-out><![CDATA[2023-05-31 22:58:23,519 [main] INFO  rpc.RpcClient (RpcClient.java:createVolume(459)) - Creating Volume: 6b2aba1e-5784-4044-8c50-abc5121a8972, with runner as owner and space quota set to -1 bytes, counts quota set to -1
2023-05-31 22:58:23,523 [OM StateMachine ApplyTransaction Thread - 0] INFO  volume.OMVolumeCreateRequest (OMVolumeCreateRequest.java:validateAndUpdateCache(196)) - created volume:6b2aba1e-5784-4044-8c50-abc5121a8972 for user:runner
2023-05-31 22:58:23,530 [main] INFO  rpc.RpcClient (RpcClient.java:createBucket(686)) - Creating Bucket: 6b2aba1e-5784-4044-8c50-abc5121a8972/3a89ba68-2faa-4236-806e-33ab871427b9, with server-side default bucket layout, runner as owner, Versioning false, Storage Type set to DISK and Encryption set to false, Replication Type set to server-side default replication type, Namespace Quota set to -1, Space Quota set to -1 
2023-05-31 22:58:23,531 [OM StateMachine ApplyTransaction Thread - 0] INFO  bucket.OMBucketCreateRequest (OMBucketCreateRequest.java:validateAndUpdateCache(270)) - created bucket: 3a89ba68-2faa-4236-806e-33ab871427b9 of layout FILE_SYSTEM_OPTIMIZED in volume: 6b2aba1e-5784-4044-8c50-abc5121a8972
]]></system-out>
  </testcase>
  <testcase name="testListMultipartUploadPartsWithContinuation(ReplicationConfig)[1]" classname="org.apache.hadoop.ozone.client.rpc.TestOzoneRpcClient" time="0.195">
    <system-out><![CDATA[2023-05-31 22:58:23,934 [main] INFO  rpc.RpcClient (RpcClient.java:createVolume(459)) - Creating Volume: bba8937c-0cfa-4c63-8354-0386dca5b0cf, with runner as owner and space quota set to -1 bytes, counts quota set to -1
2023-05-31 22:58:23,937 [OM StateMachine ApplyTransaction Thread - 0] INFO  volume.OMVolumeCreateRequest (OMVolumeCreateRequest.java:validateAndUpdateCache(196)) - created volume:bba8937c-0cfa-4c63-8354-0386dca5b0cf for user:runner
2023-05-31 22:58:23,939 [main] INFO  rpc.RpcClient (RpcClient.java:createBucket(686)) - Creating Bucket: bba8937c-0cfa-4c63-8354-0386dca5b0cf/275b45c1-eca2-4a1b-86df-11e7928d464d, with server-side default bucket layout, runner as owner, Versioning false, Storage Type set to DISK and Encryption set to false, Replication Type set to server-side default replication type, Namespace Quota set to -1, Space Quota set to -1 
2023-05-31 22:58:23,942 [OM StateMachine ApplyTransaction Thread - 0] INFO  bucket.OMBucketCreateRequest (OMBucketCreateRequest.java:validateAndUpdateCache(270)) - created bucket: 275b45c1-eca2-4a1b-86df-11e7928d464d of layout FILE_SYSTEM_OPTIMIZED in volume: bba8937c-0cfa-4c63-8354-0386dca5b0cf
]]></system-out>
  </testcase>
  <testcase name="testListMultipartUploadPartsWithContinuation(ReplicationConfig)[2]" classname="org.apache.hadoop.ozone.client.rpc.TestOzoneRpcClient" time="0.747">
    <system-out><![CDATA[2023-05-31 22:58:24,131 [main] INFO  rpc.RpcClient (RpcClient.java:createVolume(459)) - Creating Volume: 05e66287-7358-486f-941e-709bbfbadc45, with runner as owner and space quota set to -1 bytes, counts quota set to -1
2023-05-31 22:58:24,134 [OM StateMachine ApplyTransaction Thread - 0] INFO  volume.OMVolumeCreateRequest (OMVolumeCreateRequest.java:validateAndUpdateCache(196)) - created volume:05e66287-7358-486f-941e-709bbfbadc45 for user:runner
2023-05-31 22:58:24,135 [main] INFO  rpc.RpcClient (RpcClient.java:createBucket(686)) - Creating Bucket: 05e66287-7358-486f-941e-709bbfbadc45/39006b7e-b6be-4ba7-9b68-6314c7508d81, with server-side default bucket layout, runner as owner, Versioning false, Storage Type set to DISK and Encryption set to false, Replication Type set to server-side default replication type, Namespace Quota set to -1, Space Quota set to -1 
2023-05-31 22:58:24,137 [OM StateMachine ApplyTransaction Thread - 0] INFO  bucket.OMBucketCreateRequest (OMBucketCreateRequest.java:validateAndUpdateCache(270)) - created bucket: 39006b7e-b6be-4ba7-9b68-6314c7508d81 of layout FILE_SYSTEM_OPTIMIZED in volume: 05e66287-7358-486f-941e-709bbfbadc45
]]></system-out>
  </testcase>
  <testcase name="testListMultipartUploadPartsWithContinuation(ReplicationConfig)[3]" classname="org.apache.hadoop.ozone.client.rpc.TestOzoneRpcClient" time="0.892">
    <system-out><![CDATA[2023-05-31 22:58:24,879 [main] INFO  rpc.RpcClient (RpcClient.java:createVolume(459)) - Creating Volume: 006aaeca-1145-4953-a0f5-11d70d7b262a, with runner as owner and space quota set to -1 bytes, counts quota set to -1
2023-05-31 22:58:24,882 [OM StateMachine ApplyTransaction Thread - 0] INFO  volume.OMVolumeCreateRequest (OMVolumeCreateRequest.java:validateAndUpdateCache(196)) - created volume:006aaeca-1145-4953-a0f5-11d70d7b262a for user:runner
2023-05-31 22:58:24,884 [main] INFO  rpc.RpcClient (RpcClient.java:createBucket(686)) - Creating Bucket: 006aaeca-1145-4953-a0f5-11d70d7b262a/8d26fd1e-1c5e-492e-a0a1-09a2d01cbed6, with server-side default bucket layout, runner as owner, Versioning false, Storage Type set to DISK and Encryption set to false, Replication Type set to server-side default replication type, Namespace Quota set to -1, Space Quota set to -1 
2023-05-31 22:58:24,886 [OM StateMachine ApplyTransaction Thread - 0] INFO  bucket.OMBucketCreateRequest (OMBucketCreateRequest.java:validateAndUpdateCache(270)) - created bucket: 8d26fd1e-1c5e-492e-a0a1-09a2d01cbed6 of layout FILE_SYSTEM_OPTIMIZED in volume: 006aaeca-1145-4953-a0f5-11d70d7b262a
]]></system-out>
  </testcase>
  <testcase name="testListPartsInvalidMaxParts" classname="org.apache.hadoop.ozone.client.rpc.TestOzoneRpcClient" time="0.009">
    <system-out><![CDATA[2023-05-31 22:58:25,770 [main] INFO  rpc.RpcClient (RpcClient.java:createVolume(459)) - Creating Volume: 1b4dfaa3-19ac-4090-80fb-2faf0b51574b, with runner as owner and space quota set to -1 bytes, counts quota set to -1
2023-05-31 22:58:25,772 [OM StateMachine ApplyTransaction Thread - 0] INFO  volume.OMVolumeCreateRequest (OMVolumeCreateRequest.java:validateAndUpdateCache(196)) - created volume:1b4dfaa3-19ac-4090-80fb-2faf0b51574b for user:runner
2023-05-31 22:58:25,774 [main] INFO  rpc.RpcClient (RpcClient.java:createBucket(686)) - Creating Bucket: 1b4dfaa3-19ac-4090-80fb-2faf0b51574b/4077adfb-7281-4003-89e7-86dd413f7c0a, with server-side default bucket layout, runner as owner, Versioning false, Storage Type set to DISK and Encryption set to false, Replication Type set to server-side default replication type, Namespace Quota set to -1, Space Quota set to -1 
2023-05-31 22:58:25,776 [OM StateMachine ApplyTransaction Thread - 0] INFO  bucket.OMBucketCreateRequest (OMBucketCreateRequest.java:validateAndUpdateCache(270)) - created bucket: 4077adfb-7281-4003-89e7-86dd413f7c0a of layout FILE_SYSTEM_OPTIMIZED in volume: 1b4dfaa3-19ac-4090-80fb-2faf0b51574b
]]></system-out>
  </testcase>
  <testcase name="testListPartsInvalidPartMarker" classname="org.apache.hadoop.ozone.client.rpc.TestOzoneRpcClient" time="0.008">
    <system-out><![CDATA[2023-05-31 22:58:25,779 [main] INFO  rpc.RpcClient (RpcClient.java:createVolume(459)) - Creating Volume: 2fc1839f-c684-435c-b293-b1d871d82cb9, with runner as owner and space quota set to -1 bytes, counts quota set to -1
2023-05-31 22:58:25,781 [OM StateMachine ApplyTransaction Thread - 0] INFO  volume.OMVolumeCreateRequest (OMVolumeCreateRequest.java:validateAndUpdateCache(196)) - created volume:2fc1839f-c684-435c-b293-b1d871d82cb9 for user:runner
2023-05-31 22:58:25,783 [main] INFO  rpc.RpcClient (RpcClient.java:createBucket(686)) - Creating Bucket: 2fc1839f-c684-435c-b293-b1d871d82cb9/9840bade-c29d-4b26-a704-86fa0c867a5f, with server-side default bucket layout, runner as owner, Versioning false, Storage Type set to DISK and Encryption set to false, Replication Type set to server-side default replication type, Namespace Quota set to -1, Space Quota set to -1 
2023-05-31 22:58:25,785 [OM StateMachine ApplyTransaction Thread - 0] INFO  bucket.OMBucketCreateRequest (OMBucketCreateRequest.java:validateAndUpdateCache(270)) - created bucket: 9840bade-c29d-4b26-a704-86fa0c867a5f of layout FILE_SYSTEM_OPTIMIZED in volume: 2fc1839f-c684-435c-b293-b1d871d82cb9
]]></system-out>
  </testcase>
  <testcase name="testListPartsWithInvalidUploadID" classname="org.apache.hadoop.ozone.client.rpc.TestOzoneRpcClient" time="0.009">
    <system-out><![CDATA[2023-05-31 22:58:25,788 [main] INFO  rpc.RpcClient (RpcClient.java:createVolume(459)) - Creating Volume: 8780e4bd-28c8-41de-b331-a6942b2cc33c, with runner as owner and space quota set to -1 bytes, counts quota set to -1
2023-05-31 22:58:25,790 [OM StateMachine ApplyTransaction Thread - 0] INFO  volume.OMVolumeCreateRequest (OMVolumeCreateRequest.java:validateAndUpdateCache(196)) - created volume:8780e4bd-28c8-41de-b331-a6942b2cc33c for user:runner
2023-05-31 22:58:25,791 [main] INFO  rpc.RpcClient (RpcClient.java:createBucket(686)) - Creating Bucket: 8780e4bd-28c8-41de-b331-a6942b2cc33c/56e308b3-08b4-4667-9bfa-2b4cb6ee2f5f, with server-side default bucket layout, runner as owner, Versioning false, Storage Type set to DISK and Encryption set to false, Replication Type set to server-side default replication type, Namespace Quota set to -1, Space Quota set to -1 
2023-05-31 22:58:25,793 [OM StateMachine ApplyTransaction Thread - 0] INFO  bucket.OMBucketCreateRequest (OMBucketCreateRequest.java:validateAndUpdateCache(270)) - created bucket: 56e308b3-08b4-4667-9bfa-2b4cb6ee2f5f of layout FILE_SYSTEM_OPTIMIZED in volume: 8780e4bd-28c8-41de-b331-a6942b2cc33c
22:58:25.796 [IPC Server handler 10 on default port 15004] ERROR OMAudit - user=runner | ip=127.0.0.1 | op=LIST_MULTIPART_UPLOAD_PARTS {volume=8780e4bd-28c8-41de-b331-a6942b2cc33c, bucket=56e308b3-08b4-4667-9bfa-2b4cb6ee2f5f, key=95367cab-760d-4c7d-a2d3-76a9a9ce244c, uploadID=random, partNumberMarker=100, maxParts=2} | ret=FAILURE
org.apache.hadoop.ozone.om.exceptions.OMException: No Such Multipart upload exists for this key.
	at org.apache.hadoop.ozone.om.KeyManagerImpl.listParts(KeyManagerImpl.java:733) ~[ozone-manager-1.4.0-SNAPSHOT.jar:?]
	at org.apache.hadoop.ozone.om.OzoneManager.listParts(OzoneManager.java:3512) ~[ozone-manager-1.4.0-SNAPSHOT.jar:?]
	at org.apache.hadoop.ozone.protocolPB.OzoneManagerRequestHandler.listParts(OzoneManagerRequestHandler.java:848) ~[ozone-manager-1.4.0-SNAPSHOT.jar:?]
	at org.apache.hadoop.ozone.protocolPB.OzoneManagerRequestHandler.handleReadRequest(OzoneManagerRequestHandler.java:215) ~[ozone-manager-1.4.0-SNAPSHOT.jar:?]
	at org.apache.hadoop.ozone.protocolPB.OzoneManagerProtocolServerSideTranslatorPB.submitReadRequestToOM(OzoneManagerProtocolServerSideTranslatorPB.java:223) ~[ozone-manager-1.4.0-SNAPSHOT.jar:?]
	at org.apache.hadoop.ozone.protocolPB.OzoneManagerProtocolServerSideTranslatorPB.processRequest(OzoneManagerProtocolServerSideTranslatorPB.java:177) ~[ozone-manager-1.4.0-SNAPSHOT.jar:?]
	at org.apache.hadoop.hdds.server.OzoneProtocolMessageDispatcher.processRequest(OzoneProtocolMessageDispatcher.java:87) [hdds-server-framework-1.4.0-SNAPSHOT.jar:?]
	at org.apache.hadoop.ozone.protocolPB.OzoneManagerProtocolServerSideTranslatorPB.submitRequest(OzoneManagerProtocolServerSideTranslatorPB.java:147) [ozone-manager-1.4.0-SNAPSHOT.jar:?]
	at org.apache.hadoop.ozone.protocol.proto.OzoneManagerProtocolProtos$OzoneManagerService$2.callBlockingMethod(OzoneManagerProtocolProtos.java) [ozone-interface-client-1.4.0-SNAPSHOT.jar:?]
	at org.apache.hadoop.ipc.ProtobufRpcEngine$Server.processCall(ProtobufRpcEngine.java:484) [hadoop-common-3.3.5.jar:?]
	at org.apache.hadoop.ipc.ProtobufRpcEngine2$Server$ProtoBufRpcInvoker.call(ProtobufRpcEngine2.java:595) [hadoop-common-3.3.5.jar:?]
	at org.apache.hadoop.ipc.ProtobufRpcEngine2$Server$ProtoBufRpcInvoker.call(ProtobufRpcEngine2.java:573) [hadoop-common-3.3.5.jar:?]
	at org.apache.hadoop.ipc.RPC$Server.call(RPC.java:1213) [hadoop-common-3.3.5.jar:?]
	at org.apache.hadoop.ipc.Server$RpcCall.run(Server.java:1089) [hadoop-common-3.3.5.jar:?]
	at org.apache.hadoop.ipc.Server$RpcCall.run(Server.java:1012) [hadoop-common-3.3.5.jar:?]
	at java.security.AccessController.doPrivileged(Native Method) ~[?:1.8.0_362]
	at javax.security.auth.Subject.doAs(Subject.java:422) [?:1.8.0_362]
	at org.apache.hadoop.security.UserGroupInformation.doAs(UserGroupInformation.java:1899) [hadoop-common-3.3.5.jar:?]
	at org.apache.hadoop.ipc.Server$Handler.run(Server.java:3026) [hadoop-common-3.3.5.jar:?]
]]></system-out>
  </testcase>
  <testcase name="testListPartsWithPartMarkerGreaterThanPartCount" classname="org.apache.hadoop.ozone.client.rpc.TestOzoneRpcClient" time="0.07">
    <system-out><![CDATA[2023-05-31 22:58:25,797 [main] INFO  rpc.RpcClient (RpcClient.java:createVolume(459)) - Creating Volume: 77ea1e81-2f9b-46dc-822d-f9385ab0689c, with runner as owner and space quota set to -1 bytes, counts quota set to -1
2023-05-31 22:58:25,799 [OM StateMachine ApplyTransaction Thread - 0] INFO  volume.OMVolumeCreateRequest (OMVolumeCreateRequest.java:validateAndUpdateCache(196)) - created volume:77ea1e81-2f9b-46dc-822d-f9385ab0689c for user:runner
2023-05-31 22:58:25,801 [main] INFO  rpc.RpcClient (RpcClient.java:createBucket(686)) - Creating Bucket: 77ea1e81-2f9b-46dc-822d-f9385ab0689c/b74a0b8b-b0e8-4cfd-9246-be5d107fbc56, with server-side default bucket layout, runner as owner, Versioning false, Storage Type set to DISK and Encryption set to false, Replication Type set to server-side default replication type, Namespace Quota set to -1, Space Quota set to -1 
2023-05-31 22:58:25,803 [OM StateMachine ApplyTransaction Thread - 0] INFO  bucket.OMBucketCreateRequest (OMBucketCreateRequest.java:validateAndUpdateCache(270)) - created bucket: b74a0b8b-b0e8-4cfd-9246-be5d107fbc56 of layout FILE_SYSTEM_OPTIMIZED in volume: 77ea1e81-2f9b-46dc-822d-f9385ab0689c
]]></system-out>
  </testcase>
  <testcase name="testListVolume" classname="org.apache.hadoop.ozone.client.rpc.TestOzoneRpcClient" time="0.077">
    <system-out><![CDATA[2023-05-31 22:58:25,868 [main] INFO  rpc.RpcClient (RpcClient.java:createVolume(459)) - Creating Volume: vol-list-a-0-81319, with runner as owner and space quota set to -1 bytes, counts quota set to -1
2023-05-31 22:58:25,870 [OM StateMachine ApplyTransaction Thread - 0] INFO  volume.OMVolumeCreateRequest (OMVolumeCreateRequest.java:validateAndUpdateCache(196)) - created volume:vol-list-a-0-81319 for user:runner
2023-05-31 22:58:25,872 [main] INFO  rpc.RpcClient (RpcClient.java:createVolume(459)) - Creating Volume: vol-list-a-1-68472, with runner as owner and space quota set to -1 bytes, counts quota set to -1
2023-05-31 22:58:25,873 [OM StateMachine ApplyTransaction Thread - 0] INFO  volume.OMVolumeCreateRequest (OMVolumeCreateRequest.java:validateAndUpdateCache(196)) - created volume:vol-list-a-1-68472 for user:runner
2023-05-31 22:58:25,874 [main] INFO  rpc.RpcClient (RpcClient.java:createVolume(459)) - Creating Volume: vol-list-a-2-79113, with runner as owner and space quota set to -1 bytes, counts quota set to -1
2023-05-31 22:58:25,876 [OM StateMachine ApplyTransaction Thread - 0] INFO  volume.OMVolumeCreateRequest (OMVolumeCreateRequest.java:validateAndUpdateCache(196)) - created volume:vol-list-a-2-79113 for user:runner
2023-05-31 22:58:25,877 [main] INFO  rpc.RpcClient (RpcClient.java:createVolume(459)) - Creating Volume: vol-list-a-3-26808, with runner as owner and space quota set to -1 bytes, counts quota set to -1
2023-05-31 22:58:25,878 [OM StateMachine ApplyTransaction Thread - 0] INFO  volume.OMVolumeCreateRequest (OMVolumeCreateRequest.java:validateAndUpdateCache(196)) - created volume:vol-list-a-3-26808 for user:runner
2023-05-31 22:58:25,879 [main] INFO  rpc.RpcClient (RpcClient.java:createVolume(459)) - Creating Volume: vol-list-a-4-81766, with runner as owner and space quota set to -1 bytes, counts quota set to -1
2023-05-31 22:58:25,882 [OM StateMachine ApplyTransaction Thread - 0] INFO  volume.OMVolumeCreateRequest (OMVolumeCreateRequest.java:validateAndUpdateCache(196)) - created volume:vol-list-a-4-81766 for user:runner
2023-05-31 22:58:25,883 [main] INFO  rpc.RpcClient (RpcClient.java:createVolume(459)) - Creating Volume: vol-list-a-5-51752, with runner as owner and space quota set to -1 bytes, counts quota set to -1
2023-05-31 22:58:25,884 [OM StateMachine ApplyTransaction Thread - 0] INFO  volume.OMVolumeCreateRequest (OMVolumeCreateRequest.java:validateAndUpdateCache(196)) - created volume:vol-list-a-5-51752 for user:runner
2023-05-31 22:58:25,886 [main] INFO  rpc.RpcClient (RpcClient.java:createVolume(459)) - Creating Volume: vol-list-a-6-29436, with runner as owner and space quota set to -1 bytes, counts quota set to -1
2023-05-31 22:58:25,888 [OM StateMachine ApplyTransaction Thread - 0] INFO  volume.OMVolumeCreateRequest (OMVolumeCreateRequest.java:validateAndUpdateCache(196)) - created volume:vol-list-a-6-29436 for user:runner
2023-05-31 22:58:25,889 [main] INFO  rpc.RpcClient (RpcClient.java:createVolume(459)) - Creating Volume: vol-list-a-7-63010, with runner as owner and space quota set to -1 bytes, counts quota set to -1
2023-05-31 22:58:25,891 [OM StateMachine ApplyTransaction Thread - 0] INFO  volume.OMVolumeCreateRequest (OMVolumeCreateRequest.java:validateAndUpdateCache(196)) - created volume:vol-list-a-7-63010 for user:runner
2023-05-31 22:58:25,894 [main] INFO  rpc.RpcClient (RpcClient.java:createVolume(459)) - Creating Volume: vol-list-a-8-22297, with runner as owner and space quota set to -1 bytes, counts quota set to -1
2023-05-31 22:58:25,897 [OM StateMachine ApplyTransaction Thread - 0] INFO  volume.OMVolumeCreateRequest (OMVolumeCreateRequest.java:validateAndUpdateCache(196)) - created volume:vol-list-a-8-22297 for user:runner
2023-05-31 22:58:25,898 [main] INFO  rpc.RpcClient (RpcClient.java:createVolume(459)) - Creating Volume: vol-list-a-9-19266, with runner as owner and space quota set to -1 bytes, counts quota set to -1
2023-05-31 22:58:25,899 [OM StateMachine ApplyTransaction Thread - 0] INFO  volume.OMVolumeCreateRequest (OMVolumeCreateRequest.java:validateAndUpdateCache(196)) - created volume:vol-list-a-9-19266 for user:runner
2023-05-31 22:58:25,900 [main] INFO  rpc.RpcClient (RpcClient.java:createVolume(459)) - Creating Volume: vol-list-b-0-47378, with runner as owner and space quota set to -1 bytes, counts quota set to -1
2023-05-31 22:58:25,902 [OM StateMachine ApplyTransaction Thread - 0] INFO  volume.OMVolumeCreateRequest (OMVolumeCreateRequest.java:validateAndUpdateCache(196)) - created volume:vol-list-b-0-47378 for user:runner
2023-05-31 22:58:25,903 [main] INFO  rpc.RpcClient (RpcClient.java:createVolume(459)) - Creating Volume: vol-list-b-1-83656, with runner as owner and space quota set to -1 bytes, counts quota set to -1
2023-05-31 22:58:25,905 [OM StateMachine ApplyTransaction Thread - 0] INFO  volume.OMVolumeCreateRequest (OMVolumeCreateRequest.java:validateAndUpdateCache(196)) - created volume:vol-list-b-1-83656 for user:runner
2023-05-31 22:58:25,908 [main] INFO  rpc.RpcClient (RpcClient.java:createVolume(459)) - Creating Volume: vol-list-b-2-50094, with runner as owner and space quota set to -1 bytes, counts quota set to -1
2023-05-31 22:58:25,910 [OM StateMachine ApplyTransaction Thread - 0] INFO  volume.OMVolumeCreateRequest (OMVolumeCreateRequest.java:validateAndUpdateCache(196)) - created volume:vol-list-b-2-50094 for user:runner
2023-05-31 22:58:25,911 [main] INFO  rpc.RpcClient (RpcClient.java:createVolume(459)) - Creating Volume: vol-list-b-3-63099, with runner as owner and space quota set to -1 bytes, counts quota set to -1
2023-05-31 22:58:25,913 [OM StateMachine ApplyTransaction Thread - 0] INFO  volume.OMVolumeCreateRequest (OMVolumeCreateRequest.java:validateAndUpdateCache(196)) - created volume:vol-list-b-3-63099 for user:runner
2023-05-31 22:58:25,913 [main] INFO  rpc.RpcClient (RpcClient.java:createVolume(459)) - Creating Volume: vol-list-b-4-28046, with runner as owner and space quota set to -1 bytes, counts quota set to -1
2023-05-31 22:58:25,915 [OM StateMachine ApplyTransaction Thread - 0] INFO  volume.OMVolumeCreateRequest (OMVolumeCreateRequest.java:validateAndUpdateCache(196)) - created volume:vol-list-b-4-28046 for user:runner
2023-05-31 22:58:25,916 [main] INFO  rpc.RpcClient (RpcClient.java:createVolume(459)) - Creating Volume: vol-list-b-5-08635, with runner as owner and space quota set to -1 bytes, counts quota set to -1
2023-05-31 22:58:25,918 [OM StateMachine ApplyTransaction Thread - 0] INFO  volume.OMVolumeCreateRequest (OMVolumeCreateRequest.java:validateAndUpdateCache(196)) - created volume:vol-list-b-5-08635 for user:runner
2023-05-31 22:58:25,919 [main] INFO  rpc.RpcClient (RpcClient.java:createVolume(459)) - Creating Volume: vol-list-b-6-11114, with runner as owner and space quota set to -1 bytes, counts quota set to -1
2023-05-31 22:58:25,921 [OM StateMachine ApplyTransaction Thread - 0] INFO  volume.OMVolumeCreateRequest (OMVolumeCreateRequest.java:validateAndUpdateCache(196)) - created volume:vol-list-b-6-11114 for user:runner
2023-05-31 22:58:25,921 [main] INFO  rpc.RpcClient (RpcClient.java:createVolume(459)) - Creating Volume: vol-list-b-7-03816, with runner as owner and space quota set to -1 bytes, counts quota set to -1
2023-05-31 22:58:25,924 [OM StateMachine ApplyTransaction Thread - 0] INFO  volume.OMVolumeCreateRequest (OMVolumeCreateRequest.java:validateAndUpdateCache(196)) - created volume:vol-list-b-7-03816 for user:runner
2023-05-31 22:58:25,925 [main] INFO  rpc.RpcClient (RpcClient.java:createVolume(459)) - Creating Volume: vol-list-b-8-04636, with runner as owner and space quota set to -1 bytes, counts quota set to -1
2023-05-31 22:58:25,926 [OM StateMachine ApplyTransaction Thread - 0] INFO  volume.OMVolumeCreateRequest (OMVolumeCreateRequest.java:validateAndUpdateCache(196)) - created volume:vol-list-b-8-04636 for user:runner
2023-05-31 22:58:25,927 [main] INFO  rpc.RpcClient (RpcClient.java:createVolume(459)) - Creating Volume: vol-list-b-9-23129, with runner as owner and space quota set to -1 bytes, counts quota set to -1
2023-05-31 22:58:25,929 [OM StateMachine ApplyTransaction Thread - 0] INFO  volume.OMVolumeCreateRequest (OMVolumeCreateRequest.java:validateAndUpdateCache(196)) - created volume:vol-list-b-9-23129 for user:runner
]]></system-out>
  </testcase>
  <testcase name="testMissingParentBucketUsedNamespace(BucketLayout)[1]" classname="org.apache.hadoop.ozone.client.rpc.TestOzoneRpcClient" time="0.044">
    <system-out><![CDATA[2023-05-31 22:58:25,948 [main] INFO  rpc.RpcClient (RpcClient.java:createVolume(459)) - Creating Volume: 1fcfd3f4-90a7-4e71-8f54-f68313628b42, with runner as owner and space quota set to -1 bytes, counts quota set to -1
2023-05-31 22:58:25,950 [OM StateMachine ApplyTransaction Thread - 0] INFO  volume.OMVolumeCreateRequest (OMVolumeCreateRequest.java:validateAndUpdateCache(196)) - created volume:1fcfd3f4-90a7-4e71-8f54-f68313628b42 for user:runner
2023-05-31 22:58:25,951 [main] INFO  rpc.RpcClient (RpcClient.java:createBucket(686)) - Creating Bucket: 1fcfd3f4-90a7-4e71-8f54-f68313628b42/d3c00753-01e8-4923-91bf-96d92f9f73b6, with bucket layout OBJECT_STORE, runner as owner, Versioning false, Storage Type set to DISK and Encryption set to false, Replication Type set to server-side default replication type, Namespace Quota set to -1, Space Quota set to -1 
2023-05-31 22:58:25,953 [OM StateMachine ApplyTransaction Thread - 0] INFO  bucket.OMBucketCreateRequest (OMBucketCreateRequest.java:validateAndUpdateCache(270)) - created bucket: d3c00753-01e8-4923-91bf-96d92f9f73b6 of layout OBJECT_STORE in volume: 1fcfd3f4-90a7-4e71-8f54-f68313628b42
]]></system-out>
  </testcase>
  <testcase name="testMissingParentBucketUsedNamespace(BucketLayout)[2]" classname="org.apache.hadoop.ozone.client.rpc.TestOzoneRpcClient" time="0.032">
    <system-out><![CDATA[2023-05-31 22:58:25,993 [main] INFO  rpc.RpcClient (RpcClient.java:createVolume(459)) - Creating Volume: 5fd9dd43-76f4-495e-9298-8f868a7d13a4, with runner as owner and space quota set to -1 bytes, counts quota set to -1
2023-05-31 22:58:25,995 [OM StateMachine ApplyTransaction Thread - 0] INFO  volume.OMVolumeCreateRequest (OMVolumeCreateRequest.java:validateAndUpdateCache(196)) - created volume:5fd9dd43-76f4-495e-9298-8f868a7d13a4 for user:runner
2023-05-31 22:58:25,997 [main] INFO  rpc.RpcClient (RpcClient.java:createBucket(686)) - Creating Bucket: 5fd9dd43-76f4-495e-9298-8f868a7d13a4/59b7fa10-b5e3-464d-97f9-7556daf2eabd, with bucket layout LEGACY, runner as owner, Versioning false, Storage Type set to DISK and Encryption set to false, Replication Type set to server-side default replication type, Namespace Quota set to -1, Space Quota set to -1 
2023-05-31 22:58:25,999 [OM StateMachine ApplyTransaction Thread - 0] INFO  bucket.OMBucketCreateRequest (OMBucketCreateRequest.java:validateAndUpdateCache(270)) - created bucket: 59b7fa10-b5e3-464d-97f9-7556daf2eabd of layout LEGACY in volume: 5fd9dd43-76f4-495e-9298-8f868a7d13a4
]]></system-out>
  </testcase>
  <testcase name="testMissingParentBucketUsedNamespace(BucketLayout)[3]" classname="org.apache.hadoop.ozone.client.rpc.TestOzoneRpcClient" time="0.034">
    <system-out><![CDATA[2023-05-31 22:58:26,026 [main] INFO  rpc.RpcClient (RpcClient.java:createVolume(459)) - Creating Volume: ac26382f-8853-47db-a319-73d74b4a3be2, with runner as owner and space quota set to -1 bytes, counts quota set to -1
2023-05-31 22:58:26,029 [OM StateMachine ApplyTransaction Thread - 0] INFO  volume.OMVolumeCreateRequest (OMVolumeCreateRequest.java:validateAndUpdateCache(196)) - created volume:ac26382f-8853-47db-a319-73d74b4a3be2 for user:runner
2023-05-31 22:58:26,032 [main] INFO  rpc.RpcClient (RpcClient.java:createBucket(686)) - Creating Bucket: ac26382f-8853-47db-a319-73d74b4a3be2/f73567ba-b9a7-4772-9927-1c1a4ff5772e, with bucket layout FILE_SYSTEM_OPTIMIZED, runner as owner, Versioning false, Storage Type set to DISK and Encryption set to false, Replication Type set to server-side default replication type, Namespace Quota set to -1, Space Quota set to -1 
2023-05-31 22:58:26,034 [OM StateMachine ApplyTransaction Thread - 0] INFO  bucket.OMBucketCreateRequest (OMBucketCreateRequest.java:validateAndUpdateCache(270)) - created bucket: f73567ba-b9a7-4772-9927-1c1a4ff5772e of layout FILE_SYSTEM_OPTIMIZED in volume: ac26382f-8853-47db-a319-73d74b4a3be2
]]></system-out>
  </testcase>
  <testcase name="testMultipartUploadOverride(ReplicationConfig)[1]" classname="org.apache.hadoop.ozone.client.rpc.TestOzoneRpcClient" time="0.643">
    <system-out><![CDATA[2023-05-31 22:58:26,063 [main] INFO  rpc.RpcClient (RpcClient.java:createVolume(459)) - Creating Volume: bb0c1752-99f4-4b07-b160-4416a7ecbe2f, with runner as owner and space quota set to -1 bytes, counts quota set to -1
2023-05-31 22:58:26,066 [OM StateMachine ApplyTransaction Thread - 0] INFO  volume.OMVolumeCreateRequest (OMVolumeCreateRequest.java:validateAndUpdateCache(196)) - created volume:bb0c1752-99f4-4b07-b160-4416a7ecbe2f for user:runner
2023-05-31 22:58:26,071 [main] INFO  rpc.RpcClient (RpcClient.java:createBucket(686)) - Creating Bucket: bb0c1752-99f4-4b07-b160-4416a7ecbe2f/17f1e09c-a04a-454b-b6ee-40afbe9d14de, with server-side default bucket layout, runner as owner, Versioning false, Storage Type set to DISK and Encryption set to false, Replication Type set to server-side default replication type, Namespace Quota set to -1, Space Quota set to -1 
2023-05-31 22:58:26,075 [OM StateMachine ApplyTransaction Thread - 0] INFO  bucket.OMBucketCreateRequest (OMBucketCreateRequest.java:validateAndUpdateCache(270)) - created bucket: 17f1e09c-a04a-454b-b6ee-40afbe9d14de of layout FILE_SYSTEM_OPTIMIZED in volume: bb0c1752-99f4-4b07-b160-4416a7ecbe2f
2023-05-31 22:58:26,254 [IPC Server handler 1 on default port 15001] WARN  node.SCMNodeManager (SCMNodeManager.java:getNodesByAddress(1381)) - Cannot find node for address 127.0.0.1
2023-05-31 22:58:26,255 [IPC Server handler 6 on default port 15001] WARN  node.SCMNodeManager (SCMNodeManager.java:getNodesByAddress(1381)) - Cannot find node for address 127.0.0.1
2023-05-31 22:58:26,255 [IPC Server handler 2 on default port 15001] WARN  node.SCMNodeManager (SCMNodeManager.java:getNodesByAddress(1381)) - Cannot find node for address 127.0.0.1
2023-05-31 22:58:26,256 [IPC Server handler 7 on default port 15001] WARN  node.SCMNodeManager (SCMNodeManager.java:getNodesByAddress(1381)) - Cannot find node for address 127.0.0.1
2023-05-31 22:58:26,569 [IPC Server handler 14 on default port 15001] WARN  node.SCMNodeManager (SCMNodeManager.java:getNodesByAddress(1381)) - Cannot find node for address 127.0.0.1
2023-05-31 22:58:26,570 [IPC Server handler 13 on default port 15001] WARN  node.SCMNodeManager (SCMNodeManager.java:getNodesByAddress(1381)) - Cannot find node for address 127.0.0.1
2023-05-31 22:58:26,571 [IPC Server handler 18 on default port 15001] WARN  node.SCMNodeManager (SCMNodeManager.java:getNodesByAddress(1381)) - Cannot find node for address 127.0.0.1
2023-05-31 22:58:26,572 [IPC Server handler 10 on default port 15001] WARN  node.SCMNodeManager (SCMNodeManager.java:getNodesByAddress(1381)) - Cannot find node for address 127.0.0.1
]]></system-out>
  </testcase>
  <testcase name="testMultipartUploadOverride(ReplicationConfig)[2]" classname="org.apache.hadoop.ozone.client.rpc.TestOzoneRpcClient" time="1.492">
    <system-out><![CDATA[2023-05-31 22:58:26,709 [main] INFO  rpc.RpcClient (RpcClient.java:createVolume(459)) - Creating Volume: 424524e9-f0c0-410c-9012-7f38e1e1cdad, with runner as owner and space quota set to -1 bytes, counts quota set to -1
2023-05-31 22:58:26,712 [OM StateMachine ApplyTransaction Thread - 0] INFO  volume.OMVolumeCreateRequest (OMVolumeCreateRequest.java:validateAndUpdateCache(196)) - created volume:424524e9-f0c0-410c-9012-7f38e1e1cdad for user:runner
2023-05-31 22:58:26,714 [main] INFO  rpc.RpcClient (RpcClient.java:createBucket(686)) - Creating Bucket: 424524e9-f0c0-410c-9012-7f38e1e1cdad/9964ad7f-5bc9-4eaa-a83f-2be6ea336f70, with server-side default bucket layout, runner as owner, Versioning false, Storage Type set to DISK and Encryption set to false, Replication Type set to server-side default replication type, Namespace Quota set to -1, Space Quota set to -1 
2023-05-31 22:58:26,716 [OM StateMachine ApplyTransaction Thread - 0] INFO  bucket.OMBucketCreateRequest (OMBucketCreateRequest.java:validateAndUpdateCache(270)) - created bucket: 9964ad7f-5bc9-4eaa-a83f-2be6ea336f70 of layout FILE_SYSTEM_OPTIMIZED in volume: 424524e9-f0c0-410c-9012-7f38e1e1cdad
2023-05-31 22:58:27,315 [IPC Server handler 3 on default port 15001] WARN  node.SCMNodeManager (SCMNodeManager.java:getNodesByAddress(1381)) - Cannot find node for address 127.0.0.1
2023-05-31 22:58:28,057 [IPC Server handler 11 on default port 15001] WARN  node.SCMNodeManager (SCMNodeManager.java:getNodesByAddress(1381)) - Cannot find node for address 127.0.0.1
2023-05-31 22:58:28,058 [IPC Server handler 4 on default port 15001] WARN  node.SCMNodeManager (SCMNodeManager.java:getNodesByAddress(1381)) - Cannot find node for address 127.0.0.1
2023-05-31 22:58:28,059 [IPC Server handler 5 on default port 15001] WARN  node.SCMNodeManager (SCMNodeManager.java:getNodesByAddress(1381)) - Cannot find node for address 127.0.0.1
2023-05-31 22:58:28,060 [IPC Server handler 1 on default port 15001] WARN  node.SCMNodeManager (SCMNodeManager.java:getNodesByAddress(1381)) - Cannot find node for address 127.0.0.1
]]></system-out>
  </testcase>
  <testcase name="testMultipartUploadOverride(ReplicationConfig)[3]" classname="org.apache.hadoop.ozone.client.rpc.TestOzoneRpcClient" time="1.007">
    <system-out><![CDATA[2023-05-31 22:58:28,204 [main] INFO  rpc.RpcClient (RpcClient.java:createVolume(459)) - Creating Volume: 0d33ab21-9801-4b6b-89b9-603073c1a15e, with runner as owner and space quota set to -1 bytes, counts quota set to -1
2023-05-31 22:58:28,207 [OM StateMachine ApplyTransaction Thread - 0] INFO  volume.OMVolumeCreateRequest (OMVolumeCreateRequest.java:validateAndUpdateCache(196)) - created volume:0d33ab21-9801-4b6b-89b9-603073c1a15e for user:runner
2023-05-31 22:58:28,210 [main] INFO  rpc.RpcClient (RpcClient.java:createBucket(686)) - Creating Bucket: 0d33ab21-9801-4b6b-89b9-603073c1a15e/935b0493-c8d5-4629-a906-2c1d06baa44f, with server-side default bucket layout, runner as owner, Versioning false, Storage Type set to DISK and Encryption set to false, Replication Type set to server-side default replication type, Namespace Quota set to -1, Space Quota set to -1 
2023-05-31 22:58:28,212 [OM StateMachine ApplyTransaction Thread - 0] INFO  bucket.OMBucketCreateRequest (OMBucketCreateRequest.java:validateAndUpdateCache(270)) - created bucket: 935b0493-c8d5-4629-a906-2c1d06baa44f of layout FILE_SYSTEM_OPTIMIZED in volume: 0d33ab21-9801-4b6b-89b9-603073c1a15e
2023-05-31 22:58:28,507 [IPC Server handler 9 on default port 15001] WARN  node.SCMNodeManager (SCMNodeManager.java:getNodesByAddress(1381)) - Cannot find node for address 127.0.0.1
2023-05-31 22:58:28,508 [IPC Server handler 0 on default port 15001] WARN  node.SCMNodeManager (SCMNodeManager.java:getNodesByAddress(1381)) - Cannot find node for address 127.0.0.1
2023-05-31 22:58:28,510 [IPC Server handler 13 on default port 15001] WARN  node.SCMNodeManager (SCMNodeManager.java:getNodesByAddress(1381)) - Cannot find node for address 127.0.0.1
2023-05-31 22:58:29,008 [IPC Server handler 4 on default port 15001] WARN  node.SCMNodeManager (SCMNodeManager.java:getNodesByAddress(1381)) - Cannot find node for address 127.0.0.1
2023-05-31 22:58:29,008 [IPC Server handler 5 on default port 15001] WARN  node.SCMNodeManager (SCMNodeManager.java:getNodesByAddress(1381)) - Cannot find node for address 127.0.0.1
2023-05-31 22:58:29,009 [IPC Server handler 1 on default port 15001] WARN  node.SCMNodeManager (SCMNodeManager.java:getNodesByAddress(1381)) - Cannot find node for address 127.0.0.1
]]></system-out>
  </testcase>
  <testcase name="testMultipartUploadWithACL" classname="org.apache.hadoop.ozone.client.rpc.TestOzoneRpcClient" time="0.445">
    <system-out><![CDATA[2023-05-31 22:58:29,213 [main] INFO  rpc.RpcClient (RpcClient.java:createVolume(459)) - Creating Volume: 48c10706-858a-4b4e-92af-c965579ceb93, with runner as owner and space quota set to -1 bytes, counts quota set to -1
2023-05-31 22:58:29,217 [OM StateMachine ApplyTransaction Thread - 0] INFO  volume.OMVolumeCreateRequest (OMVolumeCreateRequest.java:validateAndUpdateCache(196)) - created volume:48c10706-858a-4b4e-92af-c965579ceb93 for user:runner
2023-05-31 22:58:29,219 [main] INFO  rpc.RpcClient (RpcClient.java:createBucket(686)) - Creating Bucket: 48c10706-858a-4b4e-92af-c965579ceb93/12e2caf6-2ba6-46fe-a137-2def4ca90b8f, with bucket layout OBJECT_STORE, runner as owner, Versioning false, Storage Type set to DISK and Encryption set to false, Replication Type set to server-side default replication type, Namespace Quota set to -1, Space Quota set to -1 
2023-05-31 22:58:29,227 [OM StateMachine ApplyTransaction Thread - 0] INFO  bucket.OMBucketCreateRequest (OMBucketCreateRequest.java:validateAndUpdateCache(270)) - created bucket: 12e2caf6-2ba6-46fe-a137-2def4ca90b8f of layout OBJECT_STORE in volume: 48c10706-858a-4b4e-92af-c965579ceb93
2023-05-31 22:58:29,377 [IPC Server handler 13 on default port 15001] WARN  node.SCMNodeManager (SCMNodeManager.java:getNodesByAddress(1381)) - Cannot find node for address 127.0.0.1
2023-05-31 22:58:29,378 [IPC Server handler 14 on default port 15001] WARN  node.SCMNodeManager (SCMNodeManager.java:getNodesByAddress(1381)) - Cannot find node for address 127.0.0.1
2023-05-31 22:58:29,379 [IPC Server handler 18 on default port 15001] WARN  node.SCMNodeManager (SCMNodeManager.java:getNodesByAddress(1381)) - Cannot find node for address 127.0.0.1
2023-05-31 22:58:29,568 [OM StateMachine ApplyTransaction Thread - 0] WARN  om.OzoneManager (OmMetadataReader.java:checkAcls(506)) - User test-user doesn't have CREATE permission to access key Volume:48c10706-858a-4b4e-92af-c965579ceb93 Bucket:12e2caf6-2ba6-46fe-a137-2def4ca90b8f Key:db5b1e7c-c94b-4cac-ae16-684949741ab9
22:58:29.568 [OM StateMachine ApplyTransaction Thread - 0] ERROR OMAudit - user=test-user | ip=127.0.0.1 | op=INITIATE_MULTIPART_UPLOAD {volume=48c10706-858a-4b4e-92af-c965579ceb93, bucket=12e2caf6-2ba6-46fe-a137-2def4ca90b8f, key=db5b1e7c-c94b-4cac-ae16-684949741ab9, dataSize=0, replicationType=RATIS, replicationFactor=ONE} | ret=FAILURE
org.apache.hadoop.ozone.om.exceptions.OMException: User test-user doesn't have CREATE permission to access key Volume:48c10706-858a-4b4e-92af-c965579ceb93 Bucket:12e2caf6-2ba6-46fe-a137-2def4ca90b8f Key:db5b1e7c-c94b-4cac-ae16-684949741ab9
	at org.apache.hadoop.ozone.om.OmMetadataReader.checkAcls(OmMetadataReader.java:509) ~[ozone-manager-1.4.0-SNAPSHOT.jar:?]
	at org.apache.hadoop.ozone.om.OmMetadataReader.checkAcls(OmMetadataReader.java:484) ~[ozone-manager-1.4.0-SNAPSHOT.jar:?]
	at org.apache.hadoop.ozone.om.OzoneAclUtils.checkAllAcls(OzoneAclUtils.java:121) ~[ozone-manager-1.4.0-SNAPSHOT.jar:?]
	at org.apache.hadoop.ozone.om.request.OMClientRequest.checkAcls(OMClientRequest.java:364) ~[ozone-manager-1.4.0-SNAPSHOT.jar:?]
	at org.apache.hadoop.ozone.om.request.OMClientRequest.checkAcls(OMClientRequest.java:215) ~[ozone-manager-1.4.0-SNAPSHOT.jar:?]
	at org.apache.hadoop.ozone.om.request.key.OMKeyRequest.checkKeyAcls(OMKeyRequest.java:343) ~[ozone-manager-1.4.0-SNAPSHOT.jar:?]
	at org.apache.hadoop.ozone.om.request.s3.multipart.S3InitiateMultipartUploadRequest.validateAndUpdateCache(S3InitiateMultipartUploadRequest.java:146) ~[ozone-manager-1.4.0-SNAPSHOT.jar:?]
	at org.apache.hadoop.ozone.protocolPB.OzoneManagerRequestHandler.handleWriteRequest(OzoneManagerRequestHandler.java:338) ~[ozone-manager-1.4.0-SNAPSHOT.jar:?]
	at org.apache.hadoop.ozone.om.ratis.OzoneManagerStateMachine.runCommand(OzoneManagerStateMachine.java:567) ~[ozone-manager-1.4.0-SNAPSHOT.jar:?]
	at org.apache.hadoop.ozone.om.ratis.OzoneManagerStateMachine.lambda$1(OzoneManagerStateMachine.java:358) ~[ozone-manager-1.4.0-SNAPSHOT.jar:?]
	at java.util.concurrent.CompletableFuture$AsyncSupply.run(CompletableFuture.java:1604) [?:1.8.0_362]
	at java.util.concurrent.ThreadPoolExecutor.runWorker(ThreadPoolExecutor.java:1149) [?:1.8.0_362]
	at java.util.concurrent.ThreadPoolExecutor$Worker.run(ThreadPoolExecutor.java:624) [?:1.8.0_362]
	at java.lang.Thread.run(Thread.java:750) [?:1.8.0_362]
2023-05-31 22:58:29,569 [OM StateMachine ApplyTransaction Thread - 0] ERROR multipart.S3InitiateMultipartUploadRequest (S3InitiateMultipartUploadRequest.java:logResult(269)) - S3 InitiateMultipart Upload request for Key db5b1e7c-c94b-4cac-ae16-684949741ab9 in Volume/Bucket 48c10706-858a-4b4e-92af-c965579ceb93/12e2caf6-2ba6-46fe-a137-2def4ca90b8f is failed
PERMISSION_DENIED org.apache.hadoop.ozone.om.exceptions.OMException: User test-user doesn't have CREATE permission to access key Volume:48c10706-858a-4b4e-92af-c965579ceb93 Bucket:12e2caf6-2ba6-46fe-a137-2def4ca90b8f Key:db5b1e7c-c94b-4cac-ae16-684949741ab9
	at org.apache.hadoop.ozone.om.OmMetadataReader.checkAcls(OmMetadataReader.java:509)
	at org.apache.hadoop.ozone.om.OmMetadataReader.checkAcls(OmMetadataReader.java:484)
	at org.apache.hadoop.ozone.om.OzoneAclUtils.checkAllAcls(OzoneAclUtils.java:121)
	at org.apache.hadoop.ozone.om.request.OMClientRequest.checkAcls(OMClientRequest.java:364)
	at org.apache.hadoop.ozone.om.request.OMClientRequest.checkAcls(OMClientRequest.java:215)
	at org.apache.hadoop.ozone.om.request.key.OMKeyRequest.checkKeyAcls(OMKeyRequest.java:343)
	at org.apache.hadoop.ozone.om.request.s3.multipart.S3InitiateMultipartUploadRequest.validateAndUpdateCache(S3InitiateMultipartUploadRequest.java:146)
	at org.apache.hadoop.ozone.protocolPB.OzoneManagerRequestHandler.handleWriteRequest(OzoneManagerRequestHandler.java:338)
	at org.apache.hadoop.ozone.om.ratis.OzoneManagerStateMachine.runCommand(OzoneManagerStateMachine.java:567)
	at org.apache.hadoop.ozone.om.ratis.OzoneManagerStateMachine.lambda$1(OzoneManagerStateMachine.java:358)
	at java.util.concurrent.CompletableFuture$AsyncSupply.run(CompletableFuture.java:1604)
	at java.util.concurrent.ThreadPoolExecutor.runWorker(ThreadPoolExecutor.java:1149)
	at java.util.concurrent.ThreadPoolExecutor$Worker.run(ThreadPoolExecutor.java:624)
	at java.lang.Thread.run(Thread.java:750)
2023-05-31 22:58:29,652 [IPC Server handler 14 on default port 15004] WARN  om.OzoneManager (OmMetadataReader.java:checkAcls(506)) - User test-user doesn't have READ permission to access key Volume:48c10706-858a-4b4e-92af-c965579ceb93 Bucket:12e2caf6-2ba6-46fe-a137-2def4ca90b8f Key:90c60772-7447-4676-b2d3-7a27b897555a
22:58:29.656 [IPC Server handler 14 on default port 15004] ERROR OMAudit - user=test-user | ip=127.0.0.1 | op=READ_KEY {volume=48c10706-858a-4b4e-92af-c965579ceb93, bucket=12e2caf6-2ba6-46fe-a137-2def4ca90b8f, key=90c60772-7447-4676-b2d3-7a27b897555a, dataSize=0, replicationConfig=null} | ret=FAILURE
org.apache.hadoop.ozone.om.exceptions.OMException: User test-user doesn't have READ permission to access key Volume:48c10706-858a-4b4e-92af-c965579ceb93 Bucket:12e2caf6-2ba6-46fe-a137-2def4ca90b8f Key:90c60772-7447-4676-b2d3-7a27b897555a
	at org.apache.hadoop.ozone.om.OmMetadataReader.checkAcls(OmMetadataReader.java:509) ~[ozone-manager-1.4.0-SNAPSHOT.jar:?]
	at org.apache.hadoop.ozone.om.OmMetadataReader.checkAcls(OmMetadataReader.java:484) ~[ozone-manager-1.4.0-SNAPSHOT.jar:?]
	at org.apache.hadoop.ozone.om.OzoneAclUtils.checkAllAcls(OzoneAclUtils.java:121) ~[ozone-manager-1.4.0-SNAPSHOT.jar:?]
	at org.apache.hadoop.ozone.om.OmMetadataReader.checkAcls(OmMetadataReader.java:446) ~[ozone-manager-1.4.0-SNAPSHOT.jar:?]
	at org.apache.hadoop.ozone.om.OmMetadataReader.lambda$3(OmMetadataReader.java:202) ~[ozone-manager-1.4.0-SNAPSHOT.jar:?]
	at org.apache.hadoop.util.MetricUtil.captureLatencyNs(MetricUtil.java:48) ~[hdds-common-1.4.0-SNAPSHOT.jar:?]
	at org.apache.hadoop.ozone.om.OmMetadataReader.getKeyInfo(OmMetadataReader.java:201) ~[ozone-manager-1.4.0-SNAPSHOT.jar:?]
	at org.apache.hadoop.ozone.om.OzoneManager.getKeyInfo(OzoneManager.java:2861) ~[ozone-manager-1.4.0-SNAPSHOT.jar:?]
	at org.apache.hadoop.ozone.protocolPB.OzoneManagerRequestHandler.getKeyInfo(OzoneManagerRequestHandler.java:550) ~[ozone-manager-1.4.0-SNAPSHOT.jar:?]
	at org.apache.hadoop.ozone.protocolPB.OzoneManagerRequestHandler.handleReadRequest(OzoneManagerRequestHandler.java:293) ~[ozone-manager-1.4.0-SNAPSHOT.jar:?]
	at org.apache.hadoop.ozone.protocolPB.OzoneManagerProtocolServerSideTranslatorPB.submitReadRequestToOM(OzoneManagerProtocolServerSideTranslatorPB.java:223) ~[ozone-manager-1.4.0-SNAPSHOT.jar:?]
	at org.apache.hadoop.ozone.protocolPB.OzoneManagerProtocolServerSideTranslatorPB.processRequest(OzoneManagerProtocolServerSideTranslatorPB.java:177) ~[ozone-manager-1.4.0-SNAPSHOT.jar:?]
	at org.apache.hadoop.hdds.server.OzoneProtocolMessageDispatcher.processRequest(OzoneProtocolMessageDispatcher.java:87) [hdds-server-framework-1.4.0-SNAPSHOT.jar:?]
	at org.apache.hadoop.ozone.protocolPB.OzoneManagerProtocolServerSideTranslatorPB.submitRequest(OzoneManagerProtocolServerSideTranslatorPB.java:147) [ozone-manager-1.4.0-SNAPSHOT.jar:?]
	at org.apache.hadoop.ozone.protocol.proto.OzoneManagerProtocolProtos$OzoneManagerService$2.callBlockingMethod(OzoneManagerProtocolProtos.java) [ozone-interface-client-1.4.0-SNAPSHOT.jar:?]
	at org.apache.hadoop.ipc.ProtobufRpcEngine$Server.processCall(ProtobufRpcEngine.java:484) [hadoop-common-3.3.5.jar:?]
	at org.apache.hadoop.ipc.ProtobufRpcEngine2$Server$ProtoBufRpcInvoker.call(ProtobufRpcEngine2.java:595) [hadoop-common-3.3.5.jar:?]
	at org.apache.hadoop.ipc.ProtobufRpcEngine2$Server$ProtoBufRpcInvoker.call(ProtobufRpcEngine2.java:573) [hadoop-common-3.3.5.jar:?]
	at org.apache.hadoop.ipc.RPC$Server.call(RPC.java:1213) [hadoop-common-3.3.5.jar:?]
	at org.apache.hadoop.ipc.Server$RpcCall.run(Server.java:1089) [hadoop-common-3.3.5.jar:?]
	at org.apache.hadoop.ipc.Server$RpcCall.run(Server.java:1012) [hadoop-common-3.3.5.jar:?]
	at java.security.AccessController.doPrivileged(Native Method) ~[?:1.8.0_362]
	at javax.security.auth.Subject.doAs(Subject.java:422) [?:1.8.0_362]
	at org.apache.hadoop.security.UserGroupInformation.doAs(UserGroupInformation.java:1899) [hadoop-common-3.3.5.jar:?]
	at org.apache.hadoop.ipc.Server$Handler.run(Server.java:3026) [hadoop-common-3.3.5.jar:?]
]]></system-out>
  </testcase>
  <testcase name="testMultipartUploadWithMissingParts" classname="org.apache.hadoop.ozone.client.rpc.TestOzoneRpcClient" time="0.043">
    <system-out><![CDATA[2023-05-31 22:58:29,660 [main] INFO  rpc.RpcClient (RpcClient.java:createVolume(459)) - Creating Volume: f3b4b331-2781-4f17-b32c-c1cfa8341602, with runner as owner and space quota set to -1 bytes, counts quota set to -1
2023-05-31 22:58:29,665 [OM StateMachine ApplyTransaction Thread - 0] INFO  volume.OMVolumeCreateRequest (OMVolumeCreateRequest.java:validateAndUpdateCache(196)) - created volume:f3b4b331-2781-4f17-b32c-c1cfa8341602 for user:runner
2023-05-31 22:58:29,667 [main] INFO  rpc.RpcClient (RpcClient.java:createBucket(686)) - Creating Bucket: f3b4b331-2781-4f17-b32c-c1cfa8341602/40dc75b6-77d7-4033-9486-686a8dce080d, with server-side default bucket layout, runner as owner, Versioning false, Storage Type set to DISK and Encryption set to false, Replication Type set to server-side default replication type, Namespace Quota set to -1, Space Quota set to -1 
2023-05-31 22:58:29,670 [OM StateMachine ApplyTransaction Thread - 0] INFO  bucket.OMBucketCreateRequest (OMBucketCreateRequest.java:validateAndUpdateCache(270)) - created bucket: 40dc75b6-77d7-4033-9486-686a8dce080d of layout FILE_SYSTEM_OPTIMIZED in volume: f3b4b331-2781-4f17-b32c-c1cfa8341602
22:58:29.700 [OM StateMachine ApplyTransaction Thread - 0] ERROR OMAudit - user=runner | ip=127.0.0.1 | op=COMPLETE_MULTIPART_UPLOAD {volume=f3b4b331-2781-4f17-b32c-c1cfa8341602, bucket=40dc75b6-77d7-4033-9486-686a8dce080d, key=434b1a60-34b5-4507-9364-ec62dacb1806, dataSize=0, replicationType=NONE, replicationFactor=ZERO, multipartList=[partNumber: 3 partName: "random" ]} | ret=FAILURE
org.apache.hadoop.ozone.om.exceptions.OMException: Complete Multipart Upload Failed: volume: f3b4b331-2781-4f17-b32c-c1cfa8341602 bucket: 40dc75b6-77d7-4033-9486-686a8dce080d key: 434b1a60-34b5-4507-9364-ec62dacb1806. Provided Part info is { random, 3}, whereas OM has partName null
	at org.apache.hadoop.ozone.om.request.s3.multipart.S3MultipartUploadCompleteRequest.getMultipartDataSize(S3MultipartUploadCompleteRequest.java:502) ~[ozone-manager-1.4.0-SNAPSHOT.jar:?]
	at org.apache.hadoop.ozone.om.request.s3.multipart.S3MultipartUploadCompleteRequest.validateAndUpdateCache(S3MultipartUploadCompleteRequest.java:195) ~[ozone-manager-1.4.0-SNAPSHOT.jar:?]
	at org.apache.hadoop.ozone.protocolPB.OzoneManagerRequestHandler.handleWriteRequest(OzoneManagerRequestHandler.java:338) ~[ozone-manager-1.4.0-SNAPSHOT.jar:?]
	at org.apache.hadoop.ozone.om.ratis.OzoneManagerStateMachine.runCommand(OzoneManagerStateMachine.java:567) ~[ozone-manager-1.4.0-SNAPSHOT.jar:?]
	at org.apache.hadoop.ozone.om.ratis.OzoneManagerStateMachine.lambda$1(OzoneManagerStateMachine.java:358) ~[ozone-manager-1.4.0-SNAPSHOT.jar:?]
	at java.util.concurrent.CompletableFuture$AsyncSupply.run(CompletableFuture.java:1604) [?:1.8.0_362]
	at java.util.concurrent.ThreadPoolExecutor.runWorker(ThreadPoolExecutor.java:1149) [?:1.8.0_362]
	at java.util.concurrent.ThreadPoolExecutor$Worker.run(ThreadPoolExecutor.java:624) [?:1.8.0_362]
	at java.lang.Thread.run(Thread.java:750) [?:1.8.0_362]
2023-05-31 22:58:29,700 [OM StateMachine ApplyTransaction Thread - 0] ERROR multipart.S3MultipartUploadCompleteRequest (S3MultipartUploadCompleteRequest.java:logResult(346)) - MultipartUpload Complete request failed for Key: 434b1a60-34b5-4507-9364-ec62dacb1806 in Volume/Bucket f3b4b331-2781-4f17-b32c-c1cfa8341602/40dc75b6-77d7-4033-9486-686a8dce080d
INVALID_PART org.apache.hadoop.ozone.om.exceptions.OMException: Complete Multipart Upload Failed: volume: f3b4b331-2781-4f17-b32c-c1cfa8341602 bucket: 40dc75b6-77d7-4033-9486-686a8dce080d key: 434b1a60-34b5-4507-9364-ec62dacb1806. Provided Part info is { random, 3}, whereas OM has partName null
	at org.apache.hadoop.ozone.om.request.s3.multipart.S3MultipartUploadCompleteRequest.getMultipartDataSize(S3MultipartUploadCompleteRequest.java:502)
	at org.apache.hadoop.ozone.om.request.s3.multipart.S3MultipartUploadCompleteRequest.validateAndUpdateCache(S3MultipartUploadCompleteRequest.java:195)
	at org.apache.hadoop.ozone.protocolPB.OzoneManagerRequestHandler.handleWriteRequest(OzoneManagerRequestHandler.java:338)
	at org.apache.hadoop.ozone.om.ratis.OzoneManagerStateMachine.runCommand(OzoneManagerStateMachine.java:567)
	at org.apache.hadoop.ozone.om.ratis.OzoneManagerStateMachine.lambda$1(OzoneManagerStateMachine.java:358)
	at java.util.concurrent.CompletableFuture$AsyncSupply.run(CompletableFuture.java:1604)
	at java.util.concurrent.ThreadPoolExecutor.runWorker(ThreadPoolExecutor.java:1149)
	at java.util.concurrent.ThreadPoolExecutor$Worker.run(ThreadPoolExecutor.java:624)
	at java.lang.Thread.run(Thread.java:750)
]]></system-out>
  </testcase>
  <testcase name="testMultipartUploadWithPartsLessThanMinSize" classname="org.apache.hadoop.ozone.client.rpc.TestOzoneRpcClient" time="0.044">
    <system-out><![CDATA[2023-05-31 22:58:29,702 [main] INFO  rpc.RpcClient (RpcClient.java:createVolume(459)) - Creating Volume: 6d253b82-8030-41bc-87cb-80d74e56ba16, with runner as owner and space quota set to -1 bytes, counts quota set to -1
2023-05-31 22:58:29,704 [OM StateMachine ApplyTransaction Thread - 0] INFO  volume.OMVolumeCreateRequest (OMVolumeCreateRequest.java:validateAndUpdateCache(196)) - created volume:6d253b82-8030-41bc-87cb-80d74e56ba16 for user:runner
2023-05-31 22:58:29,706 [main] INFO  rpc.RpcClient (RpcClient.java:createBucket(686)) - Creating Bucket: 6d253b82-8030-41bc-87cb-80d74e56ba16/c12af49e-6641-4546-9a9a-6131800ba6da, with server-side default bucket layout, runner as owner, Versioning false, Storage Type set to DISK and Encryption set to false, Replication Type set to server-side default replication type, Namespace Quota set to -1, Space Quota set to -1 
2023-05-31 22:58:29,708 [OM StateMachine ApplyTransaction Thread - 0] INFO  bucket.OMBucketCreateRequest (OMBucketCreateRequest.java:validateAndUpdateCache(270)) - created bucket: c12af49e-6641-4546-9a9a-6131800ba6da of layout FILE_SYSTEM_OPTIMIZED in volume: 6d253b82-8030-41bc-87cb-80d74e56ba16
2023-05-31 22:58:29,744 [OM StateMachine ApplyTransaction Thread - 0] ERROR multipart.S3MultipartUploadCompleteRequest (S3MultipartUploadCompleteRequest.java:getMultipartDataSize(521)) - MultipartUpload: /6d253b82-8030-41bc-87cb-80d74e56ba16/c12af49e-6641-4546-9a9a-6131800ba6da/c326cd74-0344-44e8-a170-96b8ddb1dcfd Part number: 1 size 4  is less than minimum part size 5242880
22:58:29.744 [OM StateMachine ApplyTransaction Thread - 0] ERROR OMAudit - user=runner | ip=127.0.0.1 | op=COMPLETE_MULTIPART_UPLOAD {volume=6d253b82-8030-41bc-87cb-80d74e56ba16, bucket=c12af49e-6641-4546-9a9a-6131800ba6da, key=c326cd74-0344-44e8-a170-96b8ddb1dcfd, dataSize=0, replicationType=NONE, replicationFactor=ZERO, multipartList=[partNumber: 1 partName: "/6d253b82-8030-41bc-87cb-80d74e56ba16/c12af49e-6641-4546-9a9a-6131800ba6da/c326cd74-0344-44e8-a170-96b8ddb1dcfd-9d691b0d-9ff3-4b2b-908c-6f2b9c6f35ba-110465771746754807-1" , partNumber: 2 partName: "/6d253b82-8030-41bc-87cb-80d74e56ba16/c12af49e-6641-4546-9a9a-6131800ba6da/c326cd74-0344-44e8-a170-96b8ddb1dcfd-9d691b0d-9ff3-4b2b-908c-6f2b9c6f35ba-110465771746754807-2" ]} | ret=FAILURE
org.apache.hadoop.ozone.om.exceptions.OMException: Complete Multipart Upload Failed: volume: 6d253b82-8030-41bc-87cb-80d74e56ba16 bucket: c12af49e-6641-4546-9a9a-6131800ba6da key: c326cd74-0344-44e8-a170-96b8ddb1dcfd. Entity too small.
	at org.apache.hadoop.ozone.om.request.s3.multipart.S3MultipartUploadCompleteRequest.getMultipartDataSize(S3MultipartUploadCompleteRequest.java:525) ~[ozone-manager-1.4.0-SNAPSHOT.jar:?]
	at org.apache.hadoop.ozone.om.request.s3.multipart.S3MultipartUploadCompleteRequest.validateAndUpdateCache(S3MultipartUploadCompleteRequest.java:195) ~[ozone-manager-1.4.0-SNAPSHOT.jar:?]
	at org.apache.hadoop.ozone.protocolPB.OzoneManagerRequestHandler.handleWriteRequest(OzoneManagerRequestHandler.java:338) ~[ozone-manager-1.4.0-SNAPSHOT.jar:?]
	at org.apache.hadoop.ozone.om.ratis.OzoneManagerStateMachine.runCommand(OzoneManagerStateMachine.java:567) ~[ozone-manager-1.4.0-SNAPSHOT.jar:?]
	at org.apache.hadoop.ozone.om.ratis.OzoneManagerStateMachine.lambda$1(OzoneManagerStateMachine.java:358) ~[ozone-manager-1.4.0-SNAPSHOT.jar:?]
	at java.util.concurrent.CompletableFuture$AsyncSupply.run(CompletableFuture.java:1604) [?:1.8.0_362]
	at java.util.concurrent.ThreadPoolExecutor.runWorker(ThreadPoolExecutor.java:1149) [?:1.8.0_362]
	at java.util.concurrent.ThreadPoolExecutor$Worker.run(ThreadPoolExecutor.java:624) [?:1.8.0_362]
	at java.lang.Thread.run(Thread.java:750) [?:1.8.0_362]
2023-05-31 22:58:29,744 [OM StateMachine ApplyTransaction Thread - 0] ERROR multipart.S3MultipartUploadCompleteRequest (S3MultipartUploadCompleteRequest.java:logResult(346)) - MultipartUpload Complete request failed for Key: c326cd74-0344-44e8-a170-96b8ddb1dcfd in Volume/Bucket 6d253b82-8030-41bc-87cb-80d74e56ba16/c12af49e-6641-4546-9a9a-6131800ba6da
ENTITY_TOO_SMALL org.apache.hadoop.ozone.om.exceptions.OMException: Complete Multipart Upload Failed: volume: 6d253b82-8030-41bc-87cb-80d74e56ba16 bucket: c12af49e-6641-4546-9a9a-6131800ba6da key: c326cd74-0344-44e8-a170-96b8ddb1dcfd. Entity too small.
	at org.apache.hadoop.ozone.om.request.s3.multipart.S3MultipartUploadCompleteRequest.getMultipartDataSize(S3MultipartUploadCompleteRequest.java:525)
	at org.apache.hadoop.ozone.om.request.s3.multipart.S3MultipartUploadCompleteRequest.validateAndUpdateCache(S3MultipartUploadCompleteRequest.java:195)
	at org.apache.hadoop.ozone.protocolPB.OzoneManagerRequestHandler.handleWriteRequest(OzoneManagerRequestHandler.java:338)
	at org.apache.hadoop.ozone.om.ratis.OzoneManagerStateMachine.runCommand(OzoneManagerStateMachine.java:567)
	at org.apache.hadoop.ozone.om.ratis.OzoneManagerStateMachine.lambda$1(OzoneManagerStateMachine.java:358)
	at java.util.concurrent.CompletableFuture$AsyncSupply.run(CompletableFuture.java:1604)
	at java.util.concurrent.ThreadPoolExecutor.runWorker(ThreadPoolExecutor.java:1149)
	at java.util.concurrent.ThreadPoolExecutor$Worker.run(ThreadPoolExecutor.java:624)
	at java.lang.Thread.run(Thread.java:750)
]]></system-out>
  </testcase>
  <testcase name="testMultipartUploadWithPartsMisMatchWithIncorrectPartName" classname="org.apache.hadoop.ozone.client.rpc.TestOzoneRpcClient" time="0.033">
    <system-out><![CDATA[2023-05-31 22:58:29,747 [main] INFO  rpc.RpcClient (RpcClient.java:createVolume(459)) - Creating Volume: eef1ee99-d93d-4e42-8b3f-7935f7487b4c, with runner as owner and space quota set to -1 bytes, counts quota set to -1
2023-05-31 22:58:29,750 [OM StateMachine ApplyTransaction Thread - 0] INFO  volume.OMVolumeCreateRequest (OMVolumeCreateRequest.java:validateAndUpdateCache(196)) - created volume:eef1ee99-d93d-4e42-8b3f-7935f7487b4c for user:runner
2023-05-31 22:58:29,751 [main] INFO  rpc.RpcClient (RpcClient.java:createBucket(686)) - Creating Bucket: eef1ee99-d93d-4e42-8b3f-7935f7487b4c/103c26fe-db03-47bb-b9ac-0a903bf41eba, with server-side default bucket layout, runner as owner, Versioning false, Storage Type set to DISK and Encryption set to false, Replication Type set to server-side default replication type, Namespace Quota set to -1, Space Quota set to -1 
2023-05-31 22:58:29,753 [OM StateMachine ApplyTransaction Thread - 0] INFO  bucket.OMBucketCreateRequest (OMBucketCreateRequest.java:validateAndUpdateCache(270)) - created bucket: 103c26fe-db03-47bb-b9ac-0a903bf41eba of layout FILE_SYSTEM_OPTIMIZED in volume: eef1ee99-d93d-4e42-8b3f-7935f7487b4c
22:58:29.779 [OM StateMachine ApplyTransaction Thread - 0] ERROR OMAudit - user=runner | ip=127.0.0.1 | op=COMPLETE_MULTIPART_UPLOAD {volume=eef1ee99-d93d-4e42-8b3f-7935f7487b4c, bucket=103c26fe-db03-47bb-b9ac-0a903bf41eba, key=1c086739-26ce-45ff-881d-c59a2a6360b7, dataSize=0, replicationType=NONE, replicationFactor=ZERO, multipartList=[partNumber: 1 partName: "8ea7f002-4254-4461-abc2-4a4ffdef6b29" ]} | ret=FAILURE
org.apache.hadoop.ozone.om.exceptions.OMException: Complete Multipart Upload Failed: volume: eef1ee99-d93d-4e42-8b3f-7935f7487b4c bucket: 103c26fe-db03-47bb-b9ac-0a903bf41eba key: 1c086739-26ce-45ff-881d-c59a2a6360b7. Provided Part info is { 8ea7f002-4254-4461-abc2-4a4ffdef6b29, 1}, whereas OM has partName /eef1ee99-d93d-4e42-8b3f-7935f7487b4c/103c26fe-db03-47bb-b9ac-0a903bf41eba/1c086739-26ce-45ff-881d-c59a2a6360b7-acc565e3-5f2b-4200-a573-bfe156ae3555-110465771749703930-1
	at org.apache.hadoop.ozone.om.request.s3.multipart.S3MultipartUploadCompleteRequest.getMultipartDataSize(S3MultipartUploadCompleteRequest.java:502) ~[ozone-manager-1.4.0-SNAPSHOT.jar:?]
	at org.apache.hadoop.ozone.om.request.s3.multipart.S3MultipartUploadCompleteRequest.validateAndUpdateCache(S3MultipartUploadCompleteRequest.java:195) ~[ozone-manager-1.4.0-SNAPSHOT.jar:?]
	at org.apache.hadoop.ozone.protocolPB.OzoneManagerRequestHandler.handleWriteRequest(OzoneManagerRequestHandler.java:338) ~[ozone-manager-1.4.0-SNAPSHOT.jar:?]
	at org.apache.hadoop.ozone.om.ratis.OzoneManagerStateMachine.runCommand(OzoneManagerStateMachine.java:567) ~[ozone-manager-1.4.0-SNAPSHOT.jar:?]
	at org.apache.hadoop.ozone.om.ratis.OzoneManagerStateMachine.lambda$1(OzoneManagerStateMachine.java:358) ~[ozone-manager-1.4.0-SNAPSHOT.jar:?]
	at java.util.concurrent.CompletableFuture$AsyncSupply.run(CompletableFuture.java:1604) [?:1.8.0_362]
	at java.util.concurrent.ThreadPoolExecutor.runWorker(ThreadPoolExecutor.java:1149) [?:1.8.0_362]
	at java.util.concurrent.ThreadPoolExecutor$Worker.run(ThreadPoolExecutor.java:624) [?:1.8.0_362]
	at java.lang.Thread.run(Thread.java:750) [?:1.8.0_362]
2023-05-31 22:58:29,779 [OM StateMachine ApplyTransaction Thread - 0] ERROR multipart.S3MultipartUploadCompleteRequest (S3MultipartUploadCompleteRequest.java:logResult(346)) - MultipartUpload Complete request failed for Key: 1c086739-26ce-45ff-881d-c59a2a6360b7 in Volume/Bucket eef1ee99-d93d-4e42-8b3f-7935f7487b4c/103c26fe-db03-47bb-b9ac-0a903bf41eba
INVALID_PART org.apache.hadoop.ozone.om.exceptions.OMException: Complete Multipart Upload Failed: volume: eef1ee99-d93d-4e42-8b3f-7935f7487b4c bucket: 103c26fe-db03-47bb-b9ac-0a903bf41eba key: 1c086739-26ce-45ff-881d-c59a2a6360b7. Provided Part info is { 8ea7f002-4254-4461-abc2-4a4ffdef6b29, 1}, whereas OM has partName /eef1ee99-d93d-4e42-8b3f-7935f7487b4c/103c26fe-db03-47bb-b9ac-0a903bf41eba/1c086739-26ce-45ff-881d-c59a2a6360b7-acc565e3-5f2b-4200-a573-bfe156ae3555-110465771749703930-1
	at org.apache.hadoop.ozone.om.request.s3.multipart.S3MultipartUploadCompleteRequest.getMultipartDataSize(S3MultipartUploadCompleteRequest.java:502)
	at org.apache.hadoop.ozone.om.request.s3.multipart.S3MultipartUploadCompleteRequest.validateAndUpdateCache(S3MultipartUploadCompleteRequest.java:195)
	at org.apache.hadoop.ozone.protocolPB.OzoneManagerRequestHandler.handleWriteRequest(OzoneManagerRequestHandler.java:338)
	at org.apache.hadoop.ozone.om.ratis.OzoneManagerStateMachine.runCommand(OzoneManagerStateMachine.java:567)
	at org.apache.hadoop.ozone.om.ratis.OzoneManagerStateMachine.lambda$1(OzoneManagerStateMachine.java:358)
	at java.util.concurrent.CompletableFuture$AsyncSupply.run(CompletableFuture.java:1604)
	at java.util.concurrent.ThreadPoolExecutor.runWorker(ThreadPoolExecutor.java:1149)
	at java.util.concurrent.ThreadPoolExecutor$Worker.run(ThreadPoolExecutor.java:624)
	at java.lang.Thread.run(Thread.java:750)
]]></system-out>
  </testcase>
  <testcase name="testMultipartUploadWithPartsMisMatchWithListSizeDifferent" classname="org.apache.hadoop.ozone.client.rpc.TestOzoneRpcClient" time="0.015">
    <system-out><![CDATA[2023-05-31 22:58:29,782 [main] INFO  rpc.RpcClient (RpcClient.java:createVolume(459)) - Creating Volume: c905a6c3-9a9d-4a04-bbcb-873fdf92577a, with runner as owner and space quota set to -1 bytes, counts quota set to -1
2023-05-31 22:58:29,784 [OM StateMachine ApplyTransaction Thread - 0] INFO  volume.OMVolumeCreateRequest (OMVolumeCreateRequest.java:validateAndUpdateCache(196)) - created volume:c905a6c3-9a9d-4a04-bbcb-873fdf92577a for user:runner
2023-05-31 22:58:29,786 [main] INFO  rpc.RpcClient (RpcClient.java:createBucket(686)) - Creating Bucket: c905a6c3-9a9d-4a04-bbcb-873fdf92577a/a45a0e5c-2a08-4831-abf2-c785c70adeed, with server-side default bucket layout, runner as owner, Versioning false, Storage Type set to DISK and Encryption set to false, Replication Type set to server-side default replication type, Namespace Quota set to -1, Space Quota set to -1 
2023-05-31 22:58:29,788 [OM StateMachine ApplyTransaction Thread - 0] INFO  bucket.OMBucketCreateRequest (OMBucketCreateRequest.java:validateAndUpdateCache(270)) - created bucket: a45a0e5c-2a08-4831-abf2-c785c70adeed of layout FILE_SYSTEM_OPTIMIZED in volume: c905a6c3-9a9d-4a04-bbcb-873fdf92577a
2023-05-31 22:58:29,796 [OM StateMachine ApplyTransaction Thread - 0] ERROR multipart.S3MultipartUploadCompleteRequest (S3MultipartUploadCompleteRequest.java:validateAndUpdateCache(181)) - Complete MultipartUpload failed for key /c905a6c3-9a9d-4a04-bbcb-873fdf92577a/a45a0e5c-2a08-4831-abf2-c785c70adeed/748d14f7-dce4-4d11-ad22-19589a6444d2 , MPU Key has no parts in OM, parts given to upload are [partNumber: 1
partName: "4860e6ea-7c06-4742-b847-d40dd155b8b2"
]
22:58:29.796 [OM StateMachine ApplyTransaction Thread - 0] ERROR OMAudit - user=runner | ip=127.0.0.1 | op=COMPLETE_MULTIPART_UPLOAD {volume=c905a6c3-9a9d-4a04-bbcb-873fdf92577a, bucket=a45a0e5c-2a08-4831-abf2-c785c70adeed, key=748d14f7-dce4-4d11-ad22-19589a6444d2, dataSize=0, replicationType=NONE, replicationFactor=ZERO, multipartList=[partNumber: 1 partName: "4860e6ea-7c06-4742-b847-d40dd155b8b2" ]} | ret=FAILURE
org.apache.hadoop.ozone.om.exceptions.OMException: Complete Multipart Upload Failed: volume: c905a6c3-9a9d-4a04-bbcb-873fdf92577a bucket: a45a0e5c-2a08-4831-abf2-c785c70adeed key: 748d14f7-dce4-4d11-ad22-19589a6444d2
	at org.apache.hadoop.ozone.om.request.s3.multipart.S3MultipartUploadCompleteRequest.validateAndUpdateCache(S3MultipartUploadCompleteRequest.java:184) ~[ozone-manager-1.4.0-SNAPSHOT.jar:?]
	at org.apache.hadoop.ozone.protocolPB.OzoneManagerRequestHandler.handleWriteRequest(OzoneManagerRequestHandler.java:338) ~[ozone-manager-1.4.0-SNAPSHOT.jar:?]
	at org.apache.hadoop.ozone.om.ratis.OzoneManagerStateMachine.runCommand(OzoneManagerStateMachine.java:567) ~[ozone-manager-1.4.0-SNAPSHOT.jar:?]
	at org.apache.hadoop.ozone.om.ratis.OzoneManagerStateMachine.lambda$1(OzoneManagerStateMachine.java:358) ~[ozone-manager-1.4.0-SNAPSHOT.jar:?]
	at java.util.concurrent.CompletableFuture$AsyncSupply.run(CompletableFuture.java:1604) [?:1.8.0_362]
	at java.util.concurrent.ThreadPoolExecutor.runWorker(ThreadPoolExecutor.java:1149) [?:1.8.0_362]
	at java.util.concurrent.ThreadPoolExecutor$Worker.run(ThreadPoolExecutor.java:624) [?:1.8.0_362]
	at java.lang.Thread.run(Thread.java:750) [?:1.8.0_362]
2023-05-31 22:58:29,796 [OM StateMachine ApplyTransaction Thread - 0] ERROR multipart.S3MultipartUploadCompleteRequest (S3MultipartUploadCompleteRequest.java:logResult(346)) - MultipartUpload Complete request failed for Key: 748d14f7-dce4-4d11-ad22-19589a6444d2 in Volume/Bucket c905a6c3-9a9d-4a04-bbcb-873fdf92577a/a45a0e5c-2a08-4831-abf2-c785c70adeed
INVALID_PART org.apache.hadoop.ozone.om.exceptions.OMException: Complete Multipart Upload Failed: volume: c905a6c3-9a9d-4a04-bbcb-873fdf92577a bucket: a45a0e5c-2a08-4831-abf2-c785c70adeed key: 748d14f7-dce4-4d11-ad22-19589a6444d2
	at org.apache.hadoop.ozone.om.request.s3.multipart.S3MultipartUploadCompleteRequest.validateAndUpdateCache(S3MultipartUploadCompleteRequest.java:184)
	at org.apache.hadoop.ozone.protocolPB.OzoneManagerRequestHandler.handleWriteRequest(OzoneManagerRequestHandler.java:338)
	at org.apache.hadoop.ozone.om.ratis.OzoneManagerStateMachine.runCommand(OzoneManagerStateMachine.java:567)
	at org.apache.hadoop.ozone.om.ratis.OzoneManagerStateMachine.lambda$1(OzoneManagerStateMachine.java:358)
	at java.util.concurrent.CompletableFuture$AsyncSupply.run(CompletableFuture.java:1604)
	at java.util.concurrent.ThreadPoolExecutor.runWorker(ThreadPoolExecutor.java:1149)
	at java.util.concurrent.ThreadPoolExecutor$Worker.run(ThreadPoolExecutor.java:624)
	at java.lang.Thread.run(Thread.java:750)
]]></system-out>
  </testcase>
  <testcase name="testNativeAclsForBucket" classname="org.apache.hadoop.ozone.client.rpc.TestOzoneRpcClient" time="0.148">
    <system-out><![CDATA[2023-05-31 22:58:29,801 [main] INFO  rpc.RpcClient (RpcClient.java:createVolume(459)) - Creating Volume: 993fdcd6-4a4b-4b26-9cb7-b8f960933317, with runner as owner and space quota set to -1 bytes, counts quota set to -1
2023-05-31 22:58:29,803 [OM StateMachine ApplyTransaction Thread - 0] INFO  volume.OMVolumeCreateRequest (OMVolumeCreateRequest.java:validateAndUpdateCache(196)) - created volume:993fdcd6-4a4b-4b26-9cb7-b8f960933317 for user:runner
2023-05-31 22:58:29,805 [main] INFO  rpc.RpcClient (RpcClient.java:createBucket(686)) - Creating Bucket: 993fdcd6-4a4b-4b26-9cb7-b8f960933317/595b3a0d-27fb-4fd7-82b3-fbe43ed0d6c7, with server-side default bucket layout, runner as owner, Versioning false, Storage Type set to DISK and Encryption set to false, Replication Type set to server-side default replication type, Namespace Quota set to -1, Space Quota set to -1 
2023-05-31 22:58:29,807 [OM StateMachine ApplyTransaction Thread - 0] INFO  bucket.OMBucketCreateRequest (OMBucketCreateRequest.java:validateAndUpdateCache(270)) - created bucket: 595b3a0d-27fb-4fd7-82b3-fbe43ed0d6c7 of layout FILE_SYSTEM_OPTIMIZED in volume: 993fdcd6-4a4b-4b26-9cb7-b8f960933317
2023-05-31 22:58:29,942 [main] INFO  rpc.RpcClient (RpcClient.java:createBucket(686)) - Creating Bucket: 993fdcd6-4a4b-4b26-9cb7-b8f960933317/595b3a0d-27fb-4fd7-82b3-fbe43ed0d6c7, with server-side default bucket layout, runner as owner, Versioning false, Storage Type set to DISK and Encryption set to false, Replication Type set to server-side default replication type, Namespace Quota set to -1, Space Quota set to -1 
2023-05-31 22:58:29,944 [OM StateMachine ApplyTransaction Thread - 0] INFO  bucket.OMBucketCreateRequest (OMBucketCreateRequest.java:validateAndUpdateCache(270)) - created bucket: 595b3a0d-27fb-4fd7-82b3-fbe43ed0d6c7 of layout FILE_SYSTEM_OPTIMIZED in volume: 993fdcd6-4a4b-4b26-9cb7-b8f960933317
]]></system-out>
  </testcase>
  <testcase name="testNativeAclsForKey" classname="org.apache.hadoop.ozone.client.rpc.TestOzoneRpcClient" time="0.261">
    <system-out><![CDATA[2023-05-31 22:58:29,948 [main] INFO  rpc.RpcClient (RpcClient.java:createVolume(459)) - Creating Volume: 4a117dc1-9a35-4916-a987-ac07d5548191, with runner as owner and space quota set to -1 bytes, counts quota set to -1
2023-05-31 22:58:29,950 [OM StateMachine ApplyTransaction Thread - 0] INFO  volume.OMVolumeCreateRequest (OMVolumeCreateRequest.java:validateAndUpdateCache(196)) - created volume:4a117dc1-9a35-4916-a987-ac07d5548191 for user:runner
2023-05-31 22:58:29,952 [main] INFO  rpc.RpcClient (RpcClient.java:createBucket(686)) - Creating Bucket: 4a117dc1-9a35-4916-a987-ac07d5548191/d420bc51-6a32-48ee-869a-e202a7205a18, with server-side default bucket layout, runner as owner, Versioning false, Storage Type set to DISK and Encryption set to false, Replication Type set to server-side default replication type, Namespace Quota set to -1, Space Quota set to -1 
2023-05-31 22:58:29,954 [OM StateMachine ApplyTransaction Thread - 0] INFO  bucket.OMBucketCreateRequest (OMBucketCreateRequest.java:validateAndUpdateCache(270)) - created bucket: d420bc51-6a32-48ee-869a-e202a7205a18 of layout FILE_SYSTEM_OPTIMIZED in volume: 4a117dc1-9a35-4916-a987-ac07d5548191
]]></system-out>
  </testcase>
  <testcase name="testNativeAclsForPrefix" classname="org.apache.hadoop.ozone.client.rpc.TestOzoneRpcClient" time="0.167">
    <system-out><![CDATA[2023-05-31 22:58:30,209 [main] INFO  rpc.RpcClient (RpcClient.java:createVolume(459)) - Creating Volume: 623b5c55-27b4-4f71-9501-b3b06032e0ab, with runner as owner and space quota set to -1 bytes, counts quota set to -1
2023-05-31 22:58:30,211 [OM StateMachine ApplyTransaction Thread - 0] INFO  volume.OMVolumeCreateRequest (OMVolumeCreateRequest.java:validateAndUpdateCache(196)) - created volume:623b5c55-27b4-4f71-9501-b3b06032e0ab for user:runner
2023-05-31 22:58:30,216 [main] INFO  rpc.RpcClient (RpcClient.java:createBucket(686)) - Creating Bucket: 623b5c55-27b4-4f71-9501-b3b06032e0ab/666e94b1-2103-4134-b0e4-b4b1180c7b8c, with server-side default bucket layout, runner as owner, Versioning false, Storage Type set to DISK and Encryption set to false, Replication Type set to server-side default replication type, Namespace Quota set to -1, Space Quota set to -1 
2023-05-31 22:58:30,220 [OM StateMachine ApplyTransaction Thread - 0] INFO  bucket.OMBucketCreateRequest (OMBucketCreateRequest.java:validateAndUpdateCache(270)) - created bucket: 666e94b1-2103-4134-b0e4-b4b1180c7b8c of layout FILE_SYSTEM_OPTIMIZED in volume: 623b5c55-27b4-4f71-9501-b3b06032e0ab
]]></system-out>
  </testcase>
  <testcase name="testNativeAclsForVolume" classname="org.apache.hadoop.ozone.client.rpc.TestOzoneRpcClient" time="0.074">
    <system-out><![CDATA[2023-05-31 22:58:30,376 [main] INFO  rpc.RpcClient (RpcClient.java:createVolume(459)) - Creating Volume: c75a74bb-18fc-4229-8f7b-ef86389ae7e4, with runner as owner and space quota set to -1 bytes, counts quota set to -1
2023-05-31 22:58:30,378 [OM StateMachine ApplyTransaction Thread - 0] INFO  volume.OMVolumeCreateRequest (OMVolumeCreateRequest.java:validateAndUpdateCache(196)) - created volume:c75a74bb-18fc-4229-8f7b-ef86389ae7e4 for user:runner
]]></system-out>
  </testcase>
  <testcase name="testNoSuchUploadError" classname="org.apache.hadoop.ozone.client.rpc.TestOzoneRpcClient" time="0.011">
    <system-out><![CDATA[2023-05-31 22:58:30,450 [main] INFO  rpc.RpcClient (RpcClient.java:createVolume(459)) - Creating Volume: ed7aac4d-c716-450d-938e-176754c03dfe, with runner as owner and space quota set to -1 bytes, counts quota set to -1
2023-05-31 22:58:30,452 [OM StateMachine ApplyTransaction Thread - 0] INFO  volume.OMVolumeCreateRequest (OMVolumeCreateRequest.java:validateAndUpdateCache(196)) - created volume:ed7aac4d-c716-450d-938e-176754c03dfe for user:runner
2023-05-31 22:58:30,454 [main] INFO  rpc.RpcClient (RpcClient.java:createBucket(686)) - Creating Bucket: ed7aac4d-c716-450d-938e-176754c03dfe/93895dc3-1f37-47d9-aa15-56372a493b96, with server-side default bucket layout, runner as owner, Versioning false, Storage Type set to DISK and Encryption set to false, Replication Type set to server-side default replication type, Namespace Quota set to -1, Space Quota set to -1 
2023-05-31 22:58:30,456 [OM StateMachine ApplyTransaction Thread - 0] INFO  bucket.OMBucketCreateRequest (OMBucketCreateRequest.java:validateAndUpdateCache(270)) - created bucket: 93895dc3-1f37-47d9-aa15-56372a493b96 of layout FILE_SYSTEM_OPTIMIZED in volume: ed7aac4d-c716-450d-938e-176754c03dfe
22:58:30.460 [OM StateMachine ApplyTransaction Thread - 0] ERROR OMAudit - user=runner | ip=127.0.0.1 | op=ALLOCATE_KEY {volume=ed7aac4d-c716-450d-938e-176754c03dfe, bucket=93895dc3-1f37-47d9-aa15-56372a493b96, key=36d884fd-6288-4d8f-bf95-7c27969d3c24, dataSize=12, replicationType=NONE, replicationFactor=ZERO} | ret=FAILURE
org.apache.hadoop.ozone.om.exceptions.OMException: No such Multipart upload is with specified uploadId random
	at org.apache.hadoop.ozone.om.request.key.OMKeyRequest.prepareMultipartFileInfo(OMKeyRequest.java:765) ~[ozone-manager-1.4.0-SNAPSHOT.jar:?]
	at org.apache.hadoop.ozone.om.request.key.OMKeyRequest.prepareFileInfo(OMKeyRequest.java:652) ~[ozone-manager-1.4.0-SNAPSHOT.jar:?]
	at org.apache.hadoop.ozone.om.request.key.OMKeyCreateRequestWithFSO.validateAndUpdateCache(OMKeyCreateRequestWithFSO.java:162) ~[ozone-manager-1.4.0-SNAPSHOT.jar:?]
	at org.apache.hadoop.ozone.protocolPB.OzoneManagerRequestHandler.handleWriteRequest(OzoneManagerRequestHandler.java:338) ~[ozone-manager-1.4.0-SNAPSHOT.jar:?]
	at org.apache.hadoop.ozone.om.ratis.OzoneManagerStateMachine.runCommand(OzoneManagerStateMachine.java:567) ~[ozone-manager-1.4.0-SNAPSHOT.jar:?]
	at org.apache.hadoop.ozone.om.ratis.OzoneManagerStateMachine.lambda$1(OzoneManagerStateMachine.java:358) ~[ozone-manager-1.4.0-SNAPSHOT.jar:?]
	at java.util.concurrent.CompletableFuture$AsyncSupply.run(CompletableFuture.java:1604) [?:1.8.0_362]
	at java.util.concurrent.ThreadPoolExecutor.runWorker(ThreadPoolExecutor.java:1149) [?:1.8.0_362]
	at java.util.concurrent.ThreadPoolExecutor$Worker.run(ThreadPoolExecutor.java:624) [?:1.8.0_362]
	at java.lang.Thread.run(Thread.java:750) [?:1.8.0_362]
2023-05-31 22:58:30,460 [OM StateMachine ApplyTransaction Thread - 0] ERROR key.OMKeyCreateRequest (OMKeyCreateRequest.java:logResult(380)) - Key creation failed. Volume:ed7aac4d-c716-450d-938e-176754c03dfe, Bucket:93895dc3-1f37-47d9-aa15-56372a493b96, Key:36d884fd-6288-4d8f-bf95-7c27969d3c24. 
NO_SUCH_MULTIPART_UPLOAD_ERROR org.apache.hadoop.ozone.om.exceptions.OMException: No such Multipart upload is with specified uploadId random
	at org.apache.hadoop.ozone.om.request.key.OMKeyRequest.prepareMultipartFileInfo(OMKeyRequest.java:765)
	at org.apache.hadoop.ozone.om.request.key.OMKeyRequest.prepareFileInfo(OMKeyRequest.java:652)
	at org.apache.hadoop.ozone.om.request.key.OMKeyCreateRequestWithFSO.validateAndUpdateCache(OMKeyCreateRequestWithFSO.java:162)
	at org.apache.hadoop.ozone.protocolPB.OzoneManagerRequestHandler.handleWriteRequest(OzoneManagerRequestHandler.java:338)
	at org.apache.hadoop.ozone.om.ratis.OzoneManagerStateMachine.runCommand(OzoneManagerStateMachine.java:567)
	at org.apache.hadoop.ozone.om.ratis.OzoneManagerStateMachine.lambda$1(OzoneManagerStateMachine.java:358)
	at java.util.concurrent.CompletableFuture$AsyncSupply.run(CompletableFuture.java:1604)
	at java.util.concurrent.ThreadPoolExecutor.runWorker(ThreadPoolExecutor.java:1149)
	at java.util.concurrent.ThreadPoolExecutor$Worker.run(ThreadPoolExecutor.java:624)
	at java.lang.Thread.run(Thread.java:750)
]]></system-out>
  </testcase>
  <testcase name="testOMClientProxyProvider" classname="org.apache.hadoop.ozone.client.rpc.TestOzoneRpcClient" time="0.001"/>
  <testcase name="testOverWriteKeyWithAndWithOutVersioning" classname="org.apache.hadoop.ozone.client.rpc.TestOzoneRpcClient" time="0.861">
    <failure type="java.lang.AssertionError"><![CDATA[java.lang.AssertionError
	at org.junit.Assert.fail(Assert.java:87)
	at org.junit.Assert.assertTrue(Assert.java:42)
	at org.junit.Assert.assertTrue(Assert.java:53)
	at org.apache.hadoop.ozone.client.rpc.TestOzoneRpcClientAbstract.checkExceptedResultForVersioningTest(TestOzoneRpcClientAbstract.java:4060)
	at org.apache.hadoop.ozone.client.rpc.TestOzoneRpcClientAbstract.testOverWriteKeyWithAndWithOutVersioning(TestOzoneRpcClientAbstract.java:4083)
	at sun.reflect.NativeMethodAccessorImpl.invoke0(Native Method)
	at sun.reflect.NativeMethodAccessorImpl.invoke(NativeMethodAccessorImpl.java:62)
	at sun.reflect.DelegatingMethodAccessorImpl.invoke(DelegatingMethodAccessorImpl.java:43)
	at java.lang.reflect.Method.invoke(Method.java:498)
	at org.junit.platform.commons.util.ReflectionUtils.invokeMethod(ReflectionUtils.java:725)
	at org.junit.jupiter.engine.execution.MethodInvocation.proceed(MethodInvocation.java:60)
	at org.junit.jupiter.engine.execution.InvocationInterceptorChain$ValidatingInvocation.proceed(InvocationInterceptorChain.java:131)
	at org.junit.jupiter.engine.extension.TimeoutInvocation.proceed(TimeoutInvocation.java:46)
	at org.junit.jupiter.engine.extension.TimeoutExtension.intercept(TimeoutExtension.java:149)
	at org.junit.jupiter.engine.extension.TimeoutExtension.interceptTestableMethod(TimeoutExtension.java:140)
	at org.junit.jupiter.engine.extension.TimeoutExtension.interceptTestMethod(TimeoutExtension.java:84)
	at org.junit.jupiter.engine.execution.ExecutableInvoker$ReflectiveInterceptorCall.lambda$ofVoidMethod$0(ExecutableInvoker.java:115)
	at org.junit.jupiter.engine.execution.ExecutableInvoker.lambda$invoke$0(ExecutableInvoker.java:105)
	at org.junit.jupiter.engine.execution.InvocationInterceptorChain$InterceptedInvocation.proceed(InvocationInterceptorChain.java:106)
	at org.junit.jupiter.engine.execution.InvocationInterceptorChain.proceed(InvocationInterceptorChain.java:64)
	at org.junit.jupiter.engine.execution.InvocationInterceptorChain.chainAndInvoke(InvocationInterceptorChain.java:45)
	at org.junit.jupiter.engine.execution.InvocationInterceptorChain.invoke(InvocationInterceptorChain.java:37)
	at org.junit.jupiter.engine.execution.ExecutableInvoker.invoke(ExecutableInvoker.java:104)
	at org.junit.jupiter.engine.execution.ExecutableInvoker.invoke(ExecutableInvoker.java:98)
	at org.junit.jupiter.engine.descriptor.TestMethodTestDescriptor.lambda$invokeTestMethod$7(TestMethodTestDescriptor.java:214)
	at org.junit.platform.engine.support.hierarchical.ThrowableCollector.execute(ThrowableCollector.java:73)
	at org.junit.jupiter.engine.descriptor.TestMethodTestDescriptor.invokeTestMethod(TestMethodTestDescriptor.java:210)
	at org.junit.jupiter.engine.descriptor.TestMethodTestDescriptor.execute(TestMethodTestDescriptor.java:135)
	at org.junit.jupiter.engine.descriptor.TestMethodTestDescriptor.execute(TestMethodTestDescriptor.java:66)
	at org.junit.platform.engine.support.hierarchical.NodeTestTask.lambda$executeRecursively$6(NodeTestTask.java:151)
	at org.junit.platform.engine.support.hierarchical.ThrowableCollector.execute(ThrowableCollector.java:73)
	at org.junit.platform.engine.support.hierarchical.NodeTestTask.lambda$executeRecursively$8(NodeTestTask.java:141)
	at org.junit.platform.engine.support.hierarchical.Node.around(Node.java:137)
	at org.junit.platform.engine.support.hierarchical.NodeTestTask.lambda$executeRecursively$9(NodeTestTask.java:139)
	at org.junit.platform.engine.support.hierarchical.ThrowableCollector.execute(ThrowableCollector.java:73)
	at org.junit.platform.engine.support.hierarchical.NodeTestTask.executeRecursively(NodeTestTask.java:138)
	at org.junit.platform.engine.support.hierarchical.NodeTestTask.execute(NodeTestTask.java:95)
	at java.util.ArrayList.forEach(ArrayList.java:1259)
	at org.junit.platform.engine.support.hierarchical.SameThreadHierarchicalTestExecutorService.invokeAll(SameThreadHierarchicalTestExecutorService.java:41)
	at org.junit.platform.engine.support.hierarchical.NodeTestTask.lambda$executeRecursively$6(NodeTestTask.java:155)
	at org.junit.platform.engine.support.hierarchical.ThrowableCollector.execute(ThrowableCollector.java:73)
	at org.junit.platform.engine.support.hierarchical.NodeTestTask.lambda$executeRecursively$8(NodeTestTask.java:141)
	at org.junit.platform.engine.support.hierarchical.Node.around(Node.java:137)
	at org.junit.platform.engine.support.hierarchical.NodeTestTask.lambda$executeRecursively$9(NodeTestTask.java:139)
	at org.junit.platform.engine.support.hierarchical.ThrowableCollector.execute(ThrowableCollector.java:73)
	at org.junit.platform.engine.support.hierarchical.NodeTestTask.executeRecursively(NodeTestTask.java:138)
	at org.junit.platform.engine.support.hierarchical.NodeTestTask.execute(NodeTestTask.java:95)
	at java.util.ArrayList.forEach(ArrayList.java:1259)
	at org.junit.platform.engine.support.hierarchical.SameThreadHierarchicalTestExecutorService.invokeAll(SameThreadHierarchicalTestExecutorService.java:41)
	at org.junit.platform.engine.support.hierarchical.NodeTestTask.lambda$executeRecursively$6(NodeTestTask.java:155)
	at org.junit.platform.engine.support.hierarchical.ThrowableCollector.execute(ThrowableCollector.java:73)
	at org.junit.platform.engine.support.hierarchical.NodeTestTask.lambda$executeRecursively$8(NodeTestTask.java:141)
	at org.junit.platform.engine.support.hierarchical.Node.around(Node.java:137)
	at org.junit.platform.engine.support.hierarchical.NodeTestTask.lambda$executeRecursively$9(NodeTestTask.java:139)
	at org.junit.platform.engine.support.hierarchical.ThrowableCollector.execute(ThrowableCollector.java:73)
	at org.junit.platform.engine.support.hierarchical.NodeTestTask.executeRecursively(NodeTestTask.java:138)
	at org.junit.platform.engine.support.hierarchical.NodeTestTask.execute(NodeTestTask.java:95)
	at org.junit.platform.engine.support.hierarchical.SameThreadHierarchicalTestExecutorService.submit(SameThreadHierarchicalTestExecutorService.java:35)
	at org.junit.platform.engine.support.hierarchical.HierarchicalTestExecutor.execute(HierarchicalTestExecutor.java:57)
	at org.junit.platform.engine.support.hierarchical.HierarchicalTestEngine.execute(HierarchicalTestEngine.java:54)
	at org.junit.platform.launcher.core.EngineExecutionOrchestrator.execute(EngineExecutionOrchestrator.java:107)
	at org.junit.platform.launcher.core.EngineExecutionOrchestrator.execute(EngineExecutionOrchestrator.java:88)
	at org.junit.platform.launcher.core.EngineExecutionOrchestrator.lambda$execute$0(EngineExecutionOrchestrator.java:54)
	at org.junit.platform.launcher.core.EngineExecutionOrchestrator.withInterceptedStreams(EngineExecutionOrchestrator.java:67)
	at org.junit.platform.launcher.core.EngineExecutionOrchestrator.execute(EngineExecutionOrchestrator.java:52)
	at org.junit.platform.launcher.core.DefaultLauncher.execute(DefaultLauncher.java:114)
	at org.junit.platform.launcher.core.DefaultLauncher.execute(DefaultLauncher.java:86)
	at org.junit.platform.launcher.core.DefaultLauncherSession$DelegatingLauncher.execute(DefaultLauncherSession.java:86)
	at org.junit.platform.launcher.core.SessionPerRequestLauncher.execute(SessionPerRequestLauncher.java:53)
	at org.apache.maven.surefire.junitplatform.JUnitPlatformProvider.execute(JUnitPlatformProvider.java:188)
	at org.apache.maven.surefire.junitplatform.JUnitPlatformProvider.invokeAllTests(JUnitPlatformProvider.java:154)
	at org.apache.maven.surefire.junitplatform.JUnitPlatformProvider.invoke(JUnitPlatformProvider.java:124)
	at org.apache.maven.surefire.booter.ForkedBooter.runSuitesInProcess(ForkedBooter.java:428)
	at org.apache.maven.surefire.booter.ForkedBooter.execute(ForkedBooter.java:162)
	at org.apache.maven.surefire.booter.ForkedBooter.run(ForkedBooter.java:562)
	at org.apache.maven.surefire.booter.ForkedBooter.main(ForkedBooter.java:548)
]]></failure>
    <system-out><![CDATA[2023-05-31 22:58:30,463 [main] INFO  rpc.RpcClient (RpcClient.java:createVolume(459)) - Creating Volume: ea386107-af32-49b8-a65d-b9550cd6da8c, with runner as owner and space quota set to -1 bytes, counts quota set to -1
2023-05-31 22:58:30,465 [OM StateMachine ApplyTransaction Thread - 0] INFO  volume.OMVolumeCreateRequest (OMVolumeCreateRequest.java:validateAndUpdateCache(196)) - created volume:ea386107-af32-49b8-a65d-b9550cd6da8c for user:runner
2023-05-31 22:58:30,467 [main] INFO  rpc.RpcClient (RpcClient.java:createBucket(686)) - Creating Bucket: ea386107-af32-49b8-a65d-b9550cd6da8c/59a6ad6a-1161-4c0b-9d9c-a4849b01fc32, with bucket layout OBJECT_STORE, runner as owner, Versioning false, Storage Type set to DISK and Encryption set to false, Replication Type set to server-side default replication type, Namespace Quota set to -1, Space Quota set to -1 
2023-05-31 22:58:30,470 [OM StateMachine ApplyTransaction Thread - 0] INFO  bucket.OMBucketCreateRequest (OMBucketCreateRequest.java:validateAndUpdateCache(270)) - created bucket: 59a6ad6a-1161-4c0b-9d9c-a4849b01fc32 of layout OBJECT_STORE in volume: ea386107-af32-49b8-a65d-b9550cd6da8c
2023-05-31 22:58:31,267 [SstFilteringService#0] WARN  server.ServerUtils (ServerUtils.java:getDBPath(311)) - ozone.om.db.dirs is not configured. We recommend adding this setting. Falling back to ozone.metadata.dirs instead.
2023-05-31 22:58:31,268 [SstFilteringService#0] INFO  helpers.OmKeyInfo (OmKeyInfo.java:getCodec(71)) - OmKeyInfo.getCodec ignorePipeline = true
2023-05-31 22:58:31,273 [IPC Server handler 12 on default port 15001] INFO  ha.SequenceIdGenerator (SequenceIdGenerator.java:getNextId(128)) - Allocate a batch for delTxnId, change lastId from 0 to 1000.
]]></system-out>
  </testcase>
  <testcase name="testPutKey" classname="org.apache.hadoop.ozone.client.rpc.TestOzoneRpcClient" time="0.321">
    <system-out><![CDATA[2023-05-31 22:58:31,330 [main] INFO  rpc.RpcClient (RpcClient.java:createVolume(459)) - Creating Volume: d0e25728-a9e4-4f91-a429-65f1d5572488, with runner as owner and space quota set to -1 bytes, counts quota set to -1
2023-05-31 22:58:31,334 [OM StateMachine ApplyTransaction Thread - 0] INFO  volume.OMVolumeCreateRequest (OMVolumeCreateRequest.java:validateAndUpdateCache(196)) - created volume:d0e25728-a9e4-4f91-a429-65f1d5572488 for user:runner
2023-05-31 22:58:31,335 [main] INFO  rpc.RpcClient (RpcClient.java:createBucket(686)) - Creating Bucket: d0e25728-a9e4-4f91-a429-65f1d5572488/1a598a89-d6d3-4e71-b798-104c28b772e2, with server-side default bucket layout, runner as owner, Versioning false, Storage Type set to DISK and Encryption set to false, Replication Type set to server-side default replication type, Namespace Quota set to -1, Space Quota set to -1 
2023-05-31 22:58:31,341 [OM StateMachine ApplyTransaction Thread - 0] INFO  bucket.OMBucketCreateRequest (OMBucketCreateRequest.java:validateAndUpdateCache(270)) - created bucket: 1a598a89-d6d3-4e71-b798-104c28b772e2 of layout FILE_SYSTEM_OPTIMIZED in volume: d0e25728-a9e4-4f91-a429-65f1d5572488
2023-05-31 22:58:31,361 [IPC Server handler 13 on default port 15001] WARN  node.SCMNodeManager (SCMNodeManager.java:getNodesByAddress(1381)) - Cannot find node for address 127.0.0.1
2023-05-31 22:58:31,364 [IPC Server handler 14 on default port 15001] WARN  node.SCMNodeManager (SCMNodeManager.java:getNodesByAddress(1381)) - Cannot find node for address 127.0.0.1
2023-05-31 22:58:31,401 [IPC Server handler 10 on default port 15001] WARN  node.SCMNodeManager (SCMNodeManager.java:getNodesByAddress(1381)) - Cannot find node for address 127.0.0.1
2023-05-31 22:58:31,403 [IPC Server handler 16 on default port 15001] WARN  node.SCMNodeManager (SCMNodeManager.java:getNodesByAddress(1381)) - Cannot find node for address 127.0.0.1
2023-05-31 22:58:31,423 [SstFilteringService#0] WARN  server.ServerUtils (ServerUtils.java:getDBPath(311)) - ozone.om.db.dirs is not configured. We recommend adding this setting. Falling back to ozone.metadata.dirs instead.
2023-05-31 22:58:31,424 [SstFilteringService#0] INFO  helpers.OmKeyInfo (OmKeyInfo.java:getCodec(71)) - OmKeyInfo.getCodec ignorePipeline = true
2023-05-31 22:58:31,430 [IPC Server handler 19 on default port 15001] WARN  node.SCMNodeManager (SCMNodeManager.java:getNodesByAddress(1381)) - Cannot find node for address 127.0.0.1
2023-05-31 22:58:31,432 [IPC Server handler 15 on default port 15001] WARN  node.SCMNodeManager (SCMNodeManager.java:getNodesByAddress(1381)) - Cannot find node for address 127.0.0.1
2023-05-31 22:58:31,452 [IPC Server handler 4 on default port 15001] WARN  node.SCMNodeManager (SCMNodeManager.java:getNodesByAddress(1381)) - Cannot find node for address 127.0.0.1
2023-05-31 22:58:31,454 [IPC Server handler 5 on default port 15001] WARN  node.SCMNodeManager (SCMNodeManager.java:getNodesByAddress(1381)) - Cannot find node for address 127.0.0.1
2023-05-31 22:58:31,480 [IPC Server handler 6 on default port 15001] WARN  node.SCMNodeManager (SCMNodeManager.java:getNodesByAddress(1381)) - Cannot find node for address 127.0.0.1
2023-05-31 22:58:31,483 [IPC Server handler 2 on default port 15001] WARN  node.SCMNodeManager (SCMNodeManager.java:getNodesByAddress(1381)) - Cannot find node for address 127.0.0.1
2023-05-31 22:58:31,517 [IPC Server handler 3 on default port 15001] WARN  node.SCMNodeManager (SCMNodeManager.java:getNodesByAddress(1381)) - Cannot find node for address 127.0.0.1
2023-05-31 22:58:31,519 [IPC Server handler 12 on default port 15001] WARN  node.SCMNodeManager (SCMNodeManager.java:getNodesByAddress(1381)) - Cannot find node for address 127.0.0.1
2023-05-31 22:58:31,558 [IPC Server handler 9 on default port 15001] WARN  node.SCMNodeManager (SCMNodeManager.java:getNodesByAddress(1381)) - Cannot find node for address 127.0.0.1
2023-05-31 22:58:31,562 [IPC Server handler 0 on default port 15001] WARN  node.SCMNodeManager (SCMNodeManager.java:getNodesByAddress(1381)) - Cannot find node for address 127.0.0.1
2023-05-31 22:58:31,583 [IPC Server handler 14 on default port 15001] WARN  node.SCMNodeManager (SCMNodeManager.java:getNodesByAddress(1381)) - Cannot find node for address 127.0.0.1
2023-05-31 22:58:31,584 [IPC Server handler 18 on default port 15001] WARN  node.SCMNodeManager (SCMNodeManager.java:getNodesByAddress(1381)) - Cannot find node for address 127.0.0.1
2023-05-31 22:58:31,612 [IPC Server handler 16 on default port 15001] WARN  node.SCMNodeManager (SCMNodeManager.java:getNodesByAddress(1381)) - Cannot find node for address 127.0.0.1
2023-05-31 22:58:31,614 [IPC Server handler 8 on default port 15001] WARN  node.SCMNodeManager (SCMNodeManager.java:getNodesByAddress(1381)) - Cannot find node for address 127.0.0.1
2023-05-31 22:58:31,641 [IPC Server handler 15 on default port 15001] WARN  node.SCMNodeManager (SCMNodeManager.java:getNodesByAddress(1381)) - Cannot find node for address 127.0.0.1
2023-05-31 22:58:31,643 [IPC Server handler 11 on default port 15001] WARN  node.SCMNodeManager (SCMNodeManager.java:getNodesByAddress(1381)) - Cannot find node for address 127.0.0.1
]]></system-out>
  </testcase>
  <testcase name="testPutKeyRatisOneNode" classname="org.apache.hadoop.ozone.client.rpc.TestOzoneRpcClient" time="0.28">
    <system-out><![CDATA[2023-05-31 22:58:31,652 [main] INFO  rpc.RpcClient (RpcClient.java:createVolume(459)) - Creating Volume: 9a7d89fd-8497-496e-9b10-ab9fc1e17b6e, with runner as owner and space quota set to -1 bytes, counts quota set to -1
2023-05-31 22:58:31,654 [OM StateMachine ApplyTransaction Thread - 0] INFO  volume.OMVolumeCreateRequest (OMVolumeCreateRequest.java:validateAndUpdateCache(196)) - created volume:9a7d89fd-8497-496e-9b10-ab9fc1e17b6e for user:runner
2023-05-31 22:58:31,656 [main] INFO  rpc.RpcClient (RpcClient.java:createBucket(686)) - Creating Bucket: 9a7d89fd-8497-496e-9b10-ab9fc1e17b6e/d2dd5297-5156-4a7f-8cdd-9f3126e95775, with server-side default bucket layout, runner as owner, Versioning false, Storage Type set to DISK and Encryption set to false, Replication Type set to server-side default replication type, Namespace Quota set to -1, Space Quota set to -1 
2023-05-31 22:58:31,658 [OM StateMachine ApplyTransaction Thread - 0] INFO  bucket.OMBucketCreateRequest (OMBucketCreateRequest.java:validateAndUpdateCache(270)) - created bucket: d2dd5297-5156-4a7f-8cdd-9f3126e95775 of layout FILE_SYSTEM_OPTIMIZED in volume: 9a7d89fd-8497-496e-9b10-ab9fc1e17b6e
2023-05-31 22:58:31,673 [IPC Server handler 5 on default port 15001] WARN  node.SCMNodeManager (SCMNodeManager.java:getNodesByAddress(1381)) - Cannot find node for address 127.0.0.1
2023-05-31 22:58:31,676 [IPC Server handler 1 on default port 15001] WARN  node.SCMNodeManager (SCMNodeManager.java:getNodesByAddress(1381)) - Cannot find node for address 127.0.0.1
2023-05-31 22:58:31,701 [IPC Server handler 2 on default port 15001] WARN  node.SCMNodeManager (SCMNodeManager.java:getNodesByAddress(1381)) - Cannot find node for address 127.0.0.1
2023-05-31 22:58:31,704 [IPC Server handler 7 on default port 15001] WARN  node.SCMNodeManager (SCMNodeManager.java:getNodesByAddress(1381)) - Cannot find node for address 127.0.0.1
2023-05-31 22:58:31,729 [IPC Server handler 12 on default port 15001] WARN  node.SCMNodeManager (SCMNodeManager.java:getNodesByAddress(1381)) - Cannot find node for address 127.0.0.1
2023-05-31 22:58:31,732 [IPC Server handler 17 on default port 15001] WARN  node.SCMNodeManager (SCMNodeManager.java:getNodesByAddress(1381)) - Cannot find node for address 127.0.0.1
2023-05-31 22:58:31,759 [IPC Server handler 0 on default port 15001] WARN  node.SCMNodeManager (SCMNodeManager.java:getNodesByAddress(1381)) - Cannot find node for address 127.0.0.1
2023-05-31 22:58:31,761 [IPC Server handler 13 on default port 15001] WARN  node.SCMNodeManager (SCMNodeManager.java:getNodesByAddress(1381)) - Cannot find node for address 127.0.0.1
2023-05-31 22:58:31,783 [IPC Server handler 18 on default port 15001] WARN  node.SCMNodeManager (SCMNodeManager.java:getNodesByAddress(1381)) - Cannot find node for address 127.0.0.1
2023-05-31 22:58:31,785 [IPC Server handler 10 on default port 15001] WARN  node.SCMNodeManager (SCMNodeManager.java:getNodesByAddress(1381)) - Cannot find node for address 127.0.0.1
2023-05-31 22:58:31,806 [IPC Server handler 8 on default port 15001] WARN  node.SCMNodeManager (SCMNodeManager.java:getNodesByAddress(1381)) - Cannot find node for address 127.0.0.1
2023-05-31 22:58:31,809 [IPC Server handler 19 on default port 15001] WARN  node.SCMNodeManager (SCMNodeManager.java:getNodesByAddress(1381)) - Cannot find node for address 127.0.0.1
2023-05-31 22:58:31,832 [IPC Server handler 11 on default port 15001] WARN  node.SCMNodeManager (SCMNodeManager.java:getNodesByAddress(1381)) - Cannot find node for address 127.0.0.1
2023-05-31 22:58:31,834 [IPC Server handler 4 on default port 15001] WARN  node.SCMNodeManager (SCMNodeManager.java:getNodesByAddress(1381)) - Cannot find node for address 127.0.0.1
2023-05-31 22:58:31,864 [IPC Server handler 1 on default port 15001] WARN  node.SCMNodeManager (SCMNodeManager.java:getNodesByAddress(1381)) - Cannot find node for address 127.0.0.1
2023-05-31 22:58:31,867 [IPC Server handler 6 on default port 15001] WARN  node.SCMNodeManager (SCMNodeManager.java:getNodesByAddress(1381)) - Cannot find node for address 127.0.0.1
2023-05-31 22:58:31,890 [IPC Server handler 7 on default port 15001] WARN  node.SCMNodeManager (SCMNodeManager.java:getNodesByAddress(1381)) - Cannot find node for address 127.0.0.1
2023-05-31 22:58:31,893 [IPC Server handler 3 on default port 15001] WARN  node.SCMNodeManager (SCMNodeManager.java:getNodesByAddress(1381)) - Cannot find node for address 127.0.0.1
2023-05-31 22:58:31,915 [IPC Server handler 17 on default port 15001] WARN  node.SCMNodeManager (SCMNodeManager.java:getNodesByAddress(1381)) - Cannot find node for address 127.0.0.1
2023-05-31 22:58:31,917 [IPC Server handler 9 on default port 15001] WARN  node.SCMNodeManager (SCMNodeManager.java:getNodesByAddress(1381)) - Cannot find node for address 127.0.0.1
]]></system-out>
  </testcase>
  <testcase name="testPutKeyRatisThreeNodes" classname="org.apache.hadoop.ozone.client.rpc.TestOzoneRpcClient" time="0.564">
    <system-out><![CDATA[2023-05-31 22:58:31,932 [main] INFO  rpc.RpcClient (RpcClient.java:createVolume(459)) - Creating Volume: eed15026-b62e-4da3-8043-8d995e7dea10, with runner as owner and space quota set to -1 bytes, counts quota set to -1
2023-05-31 22:58:31,936 [OM StateMachine ApplyTransaction Thread - 0] INFO  volume.OMVolumeCreateRequest (OMVolumeCreateRequest.java:validateAndUpdateCache(196)) - created volume:eed15026-b62e-4da3-8043-8d995e7dea10 for user:runner
2023-05-31 22:58:31,938 [main] INFO  rpc.RpcClient (RpcClient.java:createBucket(686)) - Creating Bucket: eed15026-b62e-4da3-8043-8d995e7dea10/6ebe6248-7202-489d-b090-402020858c1a, with server-side default bucket layout, runner as owner, Versioning false, Storage Type set to DISK and Encryption set to false, Replication Type set to server-side default replication type, Namespace Quota set to -1, Space Quota set to -1 
2023-05-31 22:58:31,940 [OM StateMachine ApplyTransaction Thread - 0] INFO  bucket.OMBucketCreateRequest (OMBucketCreateRequest.java:validateAndUpdateCache(270)) - created bucket: 6ebe6248-7202-489d-b090-402020858c1a of layout FILE_SYSTEM_OPTIMIZED in volume: eed15026-b62e-4da3-8043-8d995e7dea10
2023-05-31 22:58:31,977 [IPC Server handler 13 on default port 15001] WARN  node.SCMNodeManager (SCMNodeManager.java:getNodesByAddress(1381)) - Cannot find node for address 127.0.0.1
2023-05-31 22:58:31,980 [IPC Server handler 14 on default port 15001] WARN  node.SCMNodeManager (SCMNodeManager.java:getNodesByAddress(1381)) - Cannot find node for address 127.0.0.1
2023-05-31 22:58:32,026 [IPC Server handler 10 on default port 15001] WARN  node.SCMNodeManager (SCMNodeManager.java:getNodesByAddress(1381)) - Cannot find node for address 127.0.0.1
2023-05-31 22:58:32,029 [IPC Server handler 16 on default port 15001] WARN  node.SCMNodeManager (SCMNodeManager.java:getNodesByAddress(1381)) - Cannot find node for address 127.0.0.1
2023-05-31 22:58:32,101 [IPC Server handler 19 on default port 15001] WARN  node.SCMNodeManager (SCMNodeManager.java:getNodesByAddress(1381)) - Cannot find node for address 127.0.0.1
2023-05-31 22:58:32,106 [IPC Server handler 15 on default port 15001] WARN  node.SCMNodeManager (SCMNodeManager.java:getNodesByAddress(1381)) - Cannot find node for address 127.0.0.1
2023-05-31 22:58:32,179 [IPC Server handler 4 on default port 15001] WARN  node.SCMNodeManager (SCMNodeManager.java:getNodesByAddress(1381)) - Cannot find node for address 127.0.0.1
2023-05-31 22:58:32,184 [IPC Server handler 5 on default port 15001] WARN  node.SCMNodeManager (SCMNodeManager.java:getNodesByAddress(1381)) - Cannot find node for address 127.0.0.1
2023-05-31 22:58:32,228 [IPC Server handler 6 on default port 15001] WARN  node.SCMNodeManager (SCMNodeManager.java:getNodesByAddress(1381)) - Cannot find node for address 127.0.0.1
2023-05-31 22:58:32,231 [IPC Server handler 2 on default port 15001] WARN  node.SCMNodeManager (SCMNodeManager.java:getNodesByAddress(1381)) - Cannot find node for address 127.0.0.1
2023-05-31 22:58:32,277 [IPC Server handler 3 on default port 15001] WARN  node.SCMNodeManager (SCMNodeManager.java:getNodesByAddress(1381)) - Cannot find node for address 127.0.0.1
2023-05-31 22:58:32,279 [IPC Server handler 12 on default port 15001] WARN  node.SCMNodeManager (SCMNodeManager.java:getNodesByAddress(1381)) - Cannot find node for address 127.0.0.1
2023-05-31 22:58:32,336 [IPC Server handler 9 on default port 15001] WARN  node.SCMNodeManager (SCMNodeManager.java:getNodesByAddress(1381)) - Cannot find node for address 127.0.0.1
2023-05-31 22:58:32,343 [IPC Server handler 0 on default port 15001] WARN  node.SCMNodeManager (SCMNodeManager.java:getNodesByAddress(1381)) - Cannot find node for address 127.0.0.1
2023-05-31 22:58:32,388 [IPC Server handler 14 on default port 15001] WARN  node.SCMNodeManager (SCMNodeManager.java:getNodesByAddress(1381)) - Cannot find node for address 127.0.0.1
2023-05-31 22:58:32,393 [IPC Server handler 18 on default port 15001] WARN  node.SCMNodeManager (SCMNodeManager.java:getNodesByAddress(1381)) - Cannot find node for address 127.0.0.1
2023-05-31 22:58:32,437 [IPC Server handler 16 on default port 15001] WARN  node.SCMNodeManager (SCMNodeManager.java:getNodesByAddress(1381)) - Cannot find node for address 127.0.0.1
2023-05-31 22:58:32,440 [IPC Server handler 8 on default port 15001] WARN  node.SCMNodeManager (SCMNodeManager.java:getNodesByAddress(1381)) - Cannot find node for address 127.0.0.1
2023-05-31 22:58:32,486 [IPC Server handler 15 on default port 15001] WARN  node.SCMNodeManager (SCMNodeManager.java:getNodesByAddress(1381)) - Cannot find node for address 127.0.0.1
2023-05-31 22:58:32,489 [IPC Server handler 11 on default port 15001] WARN  node.SCMNodeManager (SCMNodeManager.java:getNodesByAddress(1381)) - Cannot find node for address 127.0.0.1
]]></system-out>
  </testcase>
  <testcase name="testPutKeyRatisThreeNodesParallel" classname="org.apache.hadoop.ozone.client.rpc.TestOzoneRpcClient" time="8.344">
    <system-out><![CDATA[2023-05-31 22:58:32,496 [main] INFO  rpc.RpcClient (RpcClient.java:createVolume(459)) - Creating Volume: 6a1f3a4f-3bd2-4699-b2d3-18086df3b351, with runner as owner and space quota set to -1 bytes, counts quota set to -1
2023-05-31 22:58:32,498 [OM StateMachine ApplyTransaction Thread - 0] INFO  volume.OMVolumeCreateRequest (OMVolumeCreateRequest.java:validateAndUpdateCache(196)) - created volume:6a1f3a4f-3bd2-4699-b2d3-18086df3b351 for user:runner
2023-05-31 22:58:32,500 [main] INFO  rpc.RpcClient (RpcClient.java:createBucket(686)) - Creating Bucket: 6a1f3a4f-3bd2-4699-b2d3-18086df3b351/96d1e83c-9cd1-4879-9ea9-cbcb4633f450, with server-side default bucket layout, runner as owner, Versioning false, Storage Type set to DISK and Encryption set to false, Replication Type set to server-side default replication type, Namespace Quota set to -1, Space Quota set to -1 
2023-05-31 22:58:32,503 [OM StateMachine ApplyTransaction Thread - 0] INFO  bucket.OMBucketCreateRequest (OMBucketCreateRequest.java:validateAndUpdateCache(270)) - created bucket: 96d1e83c-9cd1-4879-9ea9-cbcb4633f450 of layout FILE_SYSTEM_OPTIMIZED in volume: 6a1f3a4f-3bd2-4699-b2d3-18086df3b351
2023-05-31 22:58:34,330 [IPC Server handler 9 on default port 15001] WARN  node.SCMNodeManager (SCMNodeManager.java:getNodesByAddress(1381)) - Cannot find node for address 127.0.0.1
2023-05-31 22:58:34,332 [IPC Server handler 0 on default port 15001] WARN  node.SCMNodeManager (SCMNodeManager.java:getNodesByAddress(1381)) - Cannot find node for address 127.0.0.1
2023-05-31 22:58:34,333 [IPC Server handler 13 on default port 15001] WARN  node.SCMNodeManager (SCMNodeManager.java:getNodesByAddress(1381)) - Cannot find node for address 127.0.0.1
2023-05-31 22:58:34,335 [IPC Server handler 14 on default port 15001] WARN  node.SCMNodeManager (SCMNodeManager.java:getNodesByAddress(1381)) - Cannot find node for address 127.0.0.1
2023-05-31 22:58:34,336 [IPC Server handler 18 on default port 15001] WARN  node.SCMNodeManager (SCMNodeManager.java:getNodesByAddress(1381)) - Cannot find node for address 127.0.0.1
2023-05-31 22:58:34,340 [IPC Server handler 10 on default port 15001] WARN  node.SCMNodeManager (SCMNodeManager.java:getNodesByAddress(1381)) - Cannot find node for address 127.0.0.1
2023-05-31 22:58:34,388 [IPC Server handler 16 on default port 15001] WARN  node.SCMNodeManager (SCMNodeManager.java:getNodesByAddress(1381)) - Cannot find node for address 127.0.0.1
2023-05-31 22:58:34,389 [IPC Server handler 8 on default port 15001] WARN  node.SCMNodeManager (SCMNodeManager.java:getNodesByAddress(1381)) - Cannot find node for address 127.0.0.1
2023-05-31 22:58:34,396 [IPC Server handler 19 on default port 15001] WARN  node.SCMNodeManager (SCMNodeManager.java:getNodesByAddress(1381)) - Cannot find node for address 127.0.0.1
2023-05-31 22:58:34,396 [IPC Server handler 15 on default port 15001] WARN  node.SCMNodeManager (SCMNodeManager.java:getNodesByAddress(1381)) - Cannot find node for address 127.0.0.1
2023-05-31 22:58:35,035 [BlockDeletingService#0] INFO  interfaces.ContainerDeletionChoosingPolicyTemplate (ContainerDeletionChoosingPolicyTemplate.java:chooseContainerForBlockDeletion(83)) - Chosen 0/5000 blocks from 0 candidate containers.
2023-05-31 22:58:35,344 [BlockDeletingService#0] INFO  interfaces.ContainerDeletionChoosingPolicyTemplate (ContainerDeletionChoosingPolicyTemplate.java:chooseContainerForBlockDeletion(83)) - Chosen 0/5000 blocks from 0 candidate containers.
2023-05-31 22:58:35,782 [BlockDeletingService#0] INFO  interfaces.ContainerDeletionChoosingPolicyTemplate (ContainerDeletionChoosingPolicyTemplate.java:chooseContainerForBlockDeletion(83)) - Chosen 0/5000 blocks from 0 candidate containers.
2023-05-31 22:58:35,996 [IPC Server handler 1 on default port 15001] WARN  node.SCMNodeManager (SCMNodeManager.java:getNodesByAddress(1381)) - Cannot find node for address 127.0.0.1
2023-05-31 22:58:36,000 [IPC Server handler 6 on default port 15001] WARN  node.SCMNodeManager (SCMNodeManager.java:getNodesByAddress(1381)) - Cannot find node for address 127.0.0.1
2023-05-31 22:58:36,005 [IPC Server handler 2 on default port 15001] WARN  node.SCMNodeManager (SCMNodeManager.java:getNodesByAddress(1381)) - Cannot find node for address 127.0.0.1
2023-05-31 22:58:36,006 [IPC Server handler 7 on default port 15001] WARN  node.SCMNodeManager (SCMNodeManager.java:getNodesByAddress(1381)) - Cannot find node for address 127.0.0.1
2023-05-31 22:58:36,107 [IPC Server handler 3 on default port 15001] WARN  node.SCMNodeManager (SCMNodeManager.java:getNodesByAddress(1381)) - Cannot find node for address 127.0.0.1
2023-05-31 22:58:36,109 [IPC Server handler 12 on default port 15001] WARN  node.SCMNodeManager (SCMNodeManager.java:getNodesByAddress(1381)) - Cannot find node for address 127.0.0.1
2023-05-31 22:58:36,110 [IPC Server handler 17 on default port 15001] WARN  node.SCMNodeManager (SCMNodeManager.java:getNodesByAddress(1381)) - Cannot find node for address 127.0.0.1
2023-05-31 22:58:36,114 [IPC Server handler 9 on default port 15001] WARN  node.SCMNodeManager (SCMNodeManager.java:getNodesByAddress(1381)) - Cannot find node for address 127.0.0.1
2023-05-31 22:58:36,114 [IPC Server handler 0 on default port 15001] WARN  node.SCMNodeManager (SCMNodeManager.java:getNodesByAddress(1381)) - Cannot find node for address 127.0.0.1
2023-05-31 22:58:36,115 [IPC Server handler 13 on default port 15001] WARN  node.SCMNodeManager (SCMNodeManager.java:getNodesByAddress(1381)) - Cannot find node for address 127.0.0.1
2023-05-31 22:58:36,159 [BlockDeletingService#0] INFO  interfaces.ContainerDeletionChoosingPolicyTemplate (ContainerDeletionChoosingPolicyTemplate.java:chooseContainerForBlockDeletion(83)) - Chosen 0/5000 blocks from 0 candidate containers.
2023-05-31 22:58:36,557 [BlockDeletingService#0] INFO  interfaces.ContainerDeletionChoosingPolicyTemplate (ContainerDeletionChoosingPolicyTemplate.java:chooseContainerForBlockDeletion(83)) - Chosen 0/5000 blocks from 0 candidate containers.
2023-05-31 22:58:37,040 [BlockDeletingService#0] INFO  interfaces.ContainerDeletionChoosingPolicyTemplate (ContainerDeletionChoosingPolicyTemplate.java:chooseContainerForBlockDeletion(83)) - Chosen 0/5000 blocks from 0 candidate containers.
2023-05-31 22:58:37,514 [BlockDeletingService#0] INFO  interfaces.ContainerDeletionChoosingPolicyTemplate (ContainerDeletionChoosingPolicyTemplate.java:chooseContainerForBlockDeletion(83)) - Chosen 0/5000 blocks from 0 candidate containers.
2023-05-31 22:58:37,792 [IPC Server handler 1 on default port 15001] WARN  node.SCMNodeManager (SCMNodeManager.java:getNodesByAddress(1381)) - Cannot find node for address 127.0.0.1
2023-05-31 22:58:37,793 [IPC Server handler 6 on default port 15001] WARN  node.SCMNodeManager (SCMNodeManager.java:getNodesByAddress(1381)) - Cannot find node for address 127.0.0.1
2023-05-31 22:58:37,797 [IPC Server handler 2 on default port 15001] WARN  node.SCMNodeManager (SCMNodeManager.java:getNodesByAddress(1381)) - Cannot find node for address 127.0.0.1
2023-05-31 22:58:37,799 [IPC Server handler 7 on default port 15001] WARN  node.SCMNodeManager (SCMNodeManager.java:getNodesByAddress(1381)) - Cannot find node for address 127.0.0.1
2023-05-31 22:58:37,801 [IPC Server handler 3 on default port 15001] WARN  node.SCMNodeManager (SCMNodeManager.java:getNodesByAddress(1381)) - Cannot find node for address 127.0.0.1
2023-05-31 22:58:37,802 [IPC Server handler 17 on default port 15001] WARN  node.SCMNodeManager (SCMNodeManager.java:getNodesByAddress(1381)) - Cannot find node for address 127.0.0.1
2023-05-31 22:58:37,868 [IPC Server handler 12 on default port 15001] WARN  node.SCMNodeManager (SCMNodeManager.java:getNodesByAddress(1381)) - Cannot find node for address 127.0.0.1
2023-05-31 22:58:37,869 [IPC Server handler 9 on default port 15001] WARN  node.SCMNodeManager (SCMNodeManager.java:getNodesByAddress(1381)) - Cannot find node for address 127.0.0.1
2023-05-31 22:58:37,870 [IPC Server handler 0 on default port 15001] WARN  node.SCMNodeManager (SCMNodeManager.java:getNodesByAddress(1381)) - Cannot find node for address 127.0.0.1
2023-05-31 22:58:37,874 [IPC Server handler 13 on default port 15001] WARN  node.SCMNodeManager (SCMNodeManager.java:getNodesByAddress(1381)) - Cannot find node for address 127.0.0.1
2023-05-31 22:58:37,875 [IPC Server handler 14 on default port 15001] WARN  node.SCMNodeManager (SCMNodeManager.java:getNodesByAddress(1381)) - Cannot find node for address 127.0.0.1
2023-05-31 22:58:37,877 [IPC Server handler 18 on default port 15001] WARN  node.SCMNodeManager (SCMNodeManager.java:getNodesByAddress(1381)) - Cannot find node for address 127.0.0.1
2023-05-31 22:58:38,090 [BlockDeletingService#1] INFO  interfaces.ContainerDeletionChoosingPolicyTemplate (ContainerDeletionChoosingPolicyTemplate.java:chooseContainerForBlockDeletion(83)) - Chosen 0/5000 blocks from 0 candidate containers.
2023-05-31 22:58:38,324 [BlockDeletingService#0] INFO  interfaces.ContainerDeletionChoosingPolicyTemplate (ContainerDeletionChoosingPolicyTemplate.java:chooseContainerForBlockDeletion(83)) - Chosen 0/5000 blocks from 0 candidate containers.
2023-05-31 22:58:38,891 [BlockDeletingService#0] INFO  interfaces.ContainerDeletionChoosingPolicyTemplate (ContainerDeletionChoosingPolicyTemplate.java:chooseContainerForBlockDeletion(83)) - Chosen 0/5000 blocks from 0 candidate containers.
2023-05-31 22:58:39,042 [IPC Server handler 10 on default port 15001] WARN  node.SCMNodeManager (SCMNodeManager.java:getNodesByAddress(1381)) - Cannot find node for address 127.0.0.1
2023-05-31 22:58:39,043 [IPC Server handler 16 on default port 15001] WARN  node.SCMNodeManager (SCMNodeManager.java:getNodesByAddress(1381)) - Cannot find node for address 127.0.0.1
2023-05-31 22:58:39,044 [IPC Server handler 8 on default port 15001] WARN  node.SCMNodeManager (SCMNodeManager.java:getNodesByAddress(1381)) - Cannot find node for address 127.0.0.1
2023-05-31 22:58:39,056 [IPC Server handler 19 on default port 15001] WARN  node.SCMNodeManager (SCMNodeManager.java:getNodesByAddress(1381)) - Cannot find node for address 127.0.0.1
2023-05-31 22:58:39,060 [IPC Server handler 15 on default port 15001] WARN  node.SCMNodeManager (SCMNodeManager.java:getNodesByAddress(1381)) - Cannot find node for address 127.0.0.1
2023-05-31 22:58:39,064 [IPC Server handler 11 on default port 15001] WARN  node.SCMNodeManager (SCMNodeManager.java:getNodesByAddress(1381)) - Cannot find node for address 127.0.0.1
2023-05-31 22:58:39,130 [IPC Server handler 4 on default port 15001] WARN  node.SCMNodeManager (SCMNodeManager.java:getNodesByAddress(1381)) - Cannot find node for address 127.0.0.1
2023-05-31 22:58:39,132 [IPC Server handler 5 on default port 15001] WARN  node.SCMNodeManager (SCMNodeManager.java:getNodesByAddress(1381)) - Cannot find node for address 127.0.0.1
2023-05-31 22:58:39,135 [IPC Server handler 1 on default port 15001] WARN  node.SCMNodeManager (SCMNodeManager.java:getNodesByAddress(1381)) - Cannot find node for address 127.0.0.1
2023-05-31 22:58:39,140 [IPC Server handler 6 on default port 15001] WARN  node.SCMNodeManager (SCMNodeManager.java:getNodesByAddress(1381)) - Cannot find node for address 127.0.0.1
2023-05-31 22:58:39,464 [BlockDeletingService#0] INFO  interfaces.ContainerDeletionChoosingPolicyTemplate (ContainerDeletionChoosingPolicyTemplate.java:chooseContainerForBlockDeletion(83)) - Chosen 0/5000 blocks from 0 candidate containers.
2023-05-31 22:58:40,001 [BlockDeletingService#0] INFO  interfaces.ContainerDeletionChoosingPolicyTemplate (ContainerDeletionChoosingPolicyTemplate.java:chooseContainerForBlockDeletion(83)) - Chosen 0/5000 blocks from 0 candidate containers.
2023-05-31 22:58:40,393 [IPC Server handler 2 on default port 15001] WARN  node.SCMNodeManager (SCMNodeManager.java:getNodesByAddress(1381)) - Cannot find node for address 127.0.0.1
2023-05-31 22:58:40,394 [IPC Server handler 7 on default port 15001] WARN  node.SCMNodeManager (SCMNodeManager.java:getNodesByAddress(1381)) - Cannot find node for address 127.0.0.1
2023-05-31 22:58:40,395 [IPC Server handler 3 on default port 15001] WARN  node.SCMNodeManager (SCMNodeManager.java:getNodesByAddress(1381)) - Cannot find node for address 127.0.0.1
2023-05-31 22:58:40,398 [IPC Server handler 17 on default port 15001] WARN  node.SCMNodeManager (SCMNodeManager.java:getNodesByAddress(1381)) - Cannot find node for address 127.0.0.1
2023-05-31 22:58:40,401 [IPC Server handler 12 on default port 15001] WARN  node.SCMNodeManager (SCMNodeManager.java:getNodesByAddress(1381)) - Cannot find node for address 127.0.0.1
2023-05-31 22:58:40,402 [IPC Server handler 9 on default port 15001] WARN  node.SCMNodeManager (SCMNodeManager.java:getNodesByAddress(1381)) - Cannot find node for address 127.0.0.1
2023-05-31 22:58:40,445 [IPC Server handler 0 on default port 15001] WARN  node.SCMNodeManager (SCMNodeManager.java:getNodesByAddress(1381)) - Cannot find node for address 127.0.0.1
2023-05-31 22:58:40,446 [IPC Server handler 13 on default port 15001] WARN  node.SCMNodeManager (SCMNodeManager.java:getNodesByAddress(1381)) - Cannot find node for address 127.0.0.1
2023-05-31 22:58:40,448 [IPC Server handler 14 on default port 15001] WARN  node.SCMNodeManager (SCMNodeManager.java:getNodesByAddress(1381)) - Cannot find node for address 127.0.0.1
2023-05-31 22:58:40,451 [IPC Server handler 18 on default port 15001] WARN  node.SCMNodeManager (SCMNodeManager.java:getNodesByAddress(1381)) - Cannot find node for address 127.0.0.1
2023-05-31 22:58:40,452 [IPC Server handler 10 on default port 15001] WARN  node.SCMNodeManager (SCMNodeManager.java:getNodesByAddress(1381)) - Cannot find node for address 127.0.0.1
2023-05-31 22:58:40,453 [IPC Server handler 16 on default port 15001] WARN  node.SCMNodeManager (SCMNodeManager.java:getNodesByAddress(1381)) - Cannot find node for address 127.0.0.1
2023-05-31 22:58:40,513 [BlockDeletingService#0] INFO  interfaces.ContainerDeletionChoosingPolicyTemplate (ContainerDeletionChoosingPolicyTemplate.java:chooseContainerForBlockDeletion(83)) - Chosen 0/5000 blocks from 0 candidate containers.
]]></system-out>
  </testcase>
  <testcase name="testPutKeyWithReplicationConfig(String, boolean)[1]" classname="org.apache.hadoop.ozone.client.rpc.TestOzoneRpcClient" time="0.015">
    <system-out><![CDATA[2023-05-31 22:58:40,889 [main] INFO  rpc.RpcClient (RpcClient.java:createVolume(459)) - Creating Volume: cd0d2f78-f677-4ed8-a988-882476a81a59, with runner as owner and space quota set to -1 bytes, counts quota set to -1
2023-05-31 22:58:40,891 [OM StateMachine ApplyTransaction Thread - 0] INFO  volume.OMVolumeCreateRequest (OMVolumeCreateRequest.java:validateAndUpdateCache(196)) - created volume:cd0d2f78-f677-4ed8-a988-882476a81a59 for user:runner
2023-05-31 22:58:40,895 [main] INFO  rpc.RpcClient (RpcClient.java:createBucket(686)) - Creating Bucket: cd0d2f78-f677-4ed8-a988-882476a81a59/fe95d3ae-ebfc-4eb3-991a-d368ff93ecab, with server-side default bucket layout, runner as owner, Versioning false, Storage Type set to DISK and Encryption set to false, Replication Type set to server-side default replication type, Namespace Quota set to -1, Space Quota set to -1 
2023-05-31 22:58:40,897 [OM StateMachine ApplyTransaction Thread - 0] INFO  bucket.OMBucketCreateRequest (OMBucketCreateRequest.java:validateAndUpdateCache(270)) - created bucket: fe95d3ae-ebfc-4eb3-991a-d368ff93ecab of layout FILE_SYSTEM_OPTIMIZED in volume: cd0d2f78-f677-4ed8-a988-882476a81a59
]]></system-out>
  </testcase>
  <testcase name="testPutKeyWithReplicationConfig(String, boolean)[2]" classname="org.apache.hadoop.ozone.client.rpc.TestOzoneRpcClient" time="0.008">
    <system-out><![CDATA[2023-05-31 22:58:40,904 [main] INFO  rpc.RpcClient (RpcClient.java:createVolume(459)) - Creating Volume: 89ef7592-e565-4232-b610-940f5e2be814, with runner as owner and space quota set to -1 bytes, counts quota set to -1
2023-05-31 22:58:40,905 [OM StateMachine ApplyTransaction Thread - 0] INFO  volume.OMVolumeCreateRequest (OMVolumeCreateRequest.java:validateAndUpdateCache(196)) - created volume:89ef7592-e565-4232-b610-940f5e2be814 for user:runner
2023-05-31 22:58:40,907 [main] INFO  rpc.RpcClient (RpcClient.java:createBucket(686)) - Creating Bucket: 89ef7592-e565-4232-b610-940f5e2be814/e6e4eb4d-34fd-4369-b672-d664572f920e, with server-side default bucket layout, runner as owner, Versioning false, Storage Type set to DISK and Encryption set to false, Replication Type set to server-side default replication type, Namespace Quota set to -1, Space Quota set to -1 
2023-05-31 22:58:40,909 [OM StateMachine ApplyTransaction Thread - 0] INFO  bucket.OMBucketCreateRequest (OMBucketCreateRequest.java:validateAndUpdateCache(270)) - created bucket: e6e4eb4d-34fd-4369-b672-d664572f920e of layout FILE_SYSTEM_OPTIMIZED in volume: 89ef7592-e565-4232-b610-940f5e2be814
]]></system-out>
  </testcase>
  <testcase name="testPutKeyWithReplicationConfig(String, boolean)[3]" classname="org.apache.hadoop.ozone.client.rpc.TestOzoneRpcClient" time="0.168">
    <system-out><![CDATA[2023-05-31 22:58:40,916 [main] INFO  rpc.RpcClient (RpcClient.java:createVolume(459)) - Creating Volume: c81d19a9-e11e-4425-9024-86569cbb4738, with runner as owner and space quota set to -1 bytes, counts quota set to -1
2023-05-31 22:58:40,919 [OM StateMachine ApplyTransaction Thread - 0] INFO  volume.OMVolumeCreateRequest (OMVolumeCreateRequest.java:validateAndUpdateCache(196)) - created volume:c81d19a9-e11e-4425-9024-86569cbb4738 for user:runner
2023-05-31 22:58:40,921 [main] INFO  rpc.RpcClient (RpcClient.java:createBucket(686)) - Creating Bucket: c81d19a9-e11e-4425-9024-86569cbb4738/6c2c8ebd-bc6e-4174-ab4b-6038baae43a0, with server-side default bucket layout, runner as owner, Versioning false, Storage Type set to DISK and Encryption set to false, Replication Type set to server-side default replication type, Namespace Quota set to -1, Space Quota set to -1 
2023-05-31 22:58:40,923 [OM StateMachine ApplyTransaction Thread - 0] INFO  bucket.OMBucketCreateRequest (OMBucketCreateRequest.java:validateAndUpdateCache(270)) - created bucket: 6c2c8ebd-bc6e-4174-ab4b-6038baae43a0 of layout FILE_SYSTEM_OPTIMIZED in volume: c81d19a9-e11e-4425-9024-86569cbb4738
2023-05-31 22:58:41,033 [IPC Server handler 19 on default port 15001] WARN  node.SCMNodeManager (SCMNodeManager.java:getNodesByAddress(1381)) - Cannot find node for address 127.0.0.1
2023-05-31 22:58:41,037 [IPC Server handler 15 on default port 15001] WARN  node.SCMNodeManager (SCMNodeManager.java:getNodesByAddress(1381)) - Cannot find node for address 127.0.0.1
]]></system-out>
  </testcase>
  <testcase name="testPutKeyWithReplicationConfig(String, boolean)[4]" classname="org.apache.hadoop.ozone.client.rpc.TestOzoneRpcClient" time="0.168">
    <system-out><![CDATA[2023-05-31 22:58:41,082 [main] INFO  rpc.RpcClient (RpcClient.java:createVolume(459)) - Creating Volume: af3168c4-ddf1-4779-abd5-4163383b558a, with runner as owner and space quota set to -1 bytes, counts quota set to -1
2023-05-31 22:58:41,085 [OM StateMachine ApplyTransaction Thread - 0] INFO  volume.OMVolumeCreateRequest (OMVolumeCreateRequest.java:validateAndUpdateCache(196)) - created volume:af3168c4-ddf1-4779-abd5-4163383b558a for user:runner
2023-05-31 22:58:41,088 [main] INFO  rpc.RpcClient (RpcClient.java:createBucket(686)) - Creating Bucket: af3168c4-ddf1-4779-abd5-4163383b558a/ca0bd2ad-ba01-4d9b-a2f6-0042033a9e7f, with server-side default bucket layout, runner as owner, Versioning false, Storage Type set to DISK and Encryption set to false, Replication Type set to server-side default replication type, Namespace Quota set to -1, Space Quota set to -1 
2023-05-31 22:58:41,090 [OM StateMachine ApplyTransaction Thread - 0] INFO  bucket.OMBucketCreateRequest (OMBucketCreateRequest.java:validateAndUpdateCache(270)) - created bucket: ca0bd2ad-ba01-4d9b-a2f6-0042033a9e7f of layout FILE_SYSTEM_OPTIMIZED in volume: af3168c4-ddf1-4779-abd5-4163383b558a
2023-05-31 22:58:41,094 [IPC Server handler 4 on default port 15001] INFO  pipeline.PipelineStateManagerImpl (PipelineStateManagerImpl.java:addPipeline(103)) - Created pipeline Pipeline[ Id: a7d0a88b-e54d-48e1-9bf5-cb5df4d6d8b9, Nodes: 9a93b867-0c49-44e3-a75c-2e530498b118(fv-az844-56.kvdfyhrxhd0epk3sa4trub4njc.xx.internal.cloudapp.net/10.1.0.15)cdb52bc9-5e07-4eca-b7fa-f50f992e3122(fv-az844-56.kvdfyhrxhd0epk3sa4trub4njc.xx.internal.cloudapp.net/10.1.0.15)9d40cccf-8c3a-4da2-ab03-ca5c7975d909(fv-az844-56.kvdfyhrxhd0epk3sa4trub4njc.xx.internal.cloudapp.net/10.1.0.15)697d5b73-3ed9-4d18-b9d9-ca13a08090ac(fv-az844-56.kvdfyhrxhd0epk3sa4trub4njc.xx.internal.cloudapp.net/10.1.0.15)160cf24b-84e6-41e3-a0dc-1baa6b89aef1(fv-az844-56.kvdfyhrxhd0epk3sa4trub4njc.xx.internal.cloudapp.net/10.1.0.15)2fca467b-8261-48a6-b0b4-c0ececcd3716(fv-az844-56.kvdfyhrxhd0epk3sa4trub4njc.xx.internal.cloudapp.net/10.1.0.15)41c98476-2059-4142-8ca0-ae93b0d149f4(fv-az844-56.kvdfyhrxhd0epk3sa4trub4njc.xx.internal.cloudapp.net/10.1.0.15)07122f08-5d38-49f7-8fdd-d2e34ec8d956(fv-az844-56.kvdfyhrxhd0epk3sa4trub4njc.xx.internal.cloudapp.net/10.1.0.15)d17261cb-7782-4d5f-ae0d-593ca4af9c73(fv-az844-56.kvdfyhrxhd0epk3sa4trub4njc.xx.internal.cloudapp.net/10.1.0.15), ReplicationConfig: EC{rs-6-3-1024k}, State:ALLOCATED, leaderId:, CreationTimestamp2023-05-31T22:58:41.093Z[Etc/UTC]].
2023-05-31 22:58:41,094 [IPC Server handler 4 on default port 15001] INFO  pipeline.PipelineManagerImpl (PipelineManagerImpl.java:openPipeline(367)) - Pipeline Pipeline[ Id: a7d0a88b-e54d-48e1-9bf5-cb5df4d6d8b9, Nodes: 9a93b867-0c49-44e3-a75c-2e530498b118(fv-az844-56.kvdfyhrxhd0epk3sa4trub4njc.xx.internal.cloudapp.net/10.1.0.15)cdb52bc9-5e07-4eca-b7fa-f50f992e3122(fv-az844-56.kvdfyhrxhd0epk3sa4trub4njc.xx.internal.cloudapp.net/10.1.0.15)9d40cccf-8c3a-4da2-ab03-ca5c7975d909(fv-az844-56.kvdfyhrxhd0epk3sa4trub4njc.xx.internal.cloudapp.net/10.1.0.15)697d5b73-3ed9-4d18-b9d9-ca13a08090ac(fv-az844-56.kvdfyhrxhd0epk3sa4trub4njc.xx.internal.cloudapp.net/10.1.0.15)160cf24b-84e6-41e3-a0dc-1baa6b89aef1(fv-az844-56.kvdfyhrxhd0epk3sa4trub4njc.xx.internal.cloudapp.net/10.1.0.15)2fca467b-8261-48a6-b0b4-c0ececcd3716(fv-az844-56.kvdfyhrxhd0epk3sa4trub4njc.xx.internal.cloudapp.net/10.1.0.15)41c98476-2059-4142-8ca0-ae93b0d149f4(fv-az844-56.kvdfyhrxhd0epk3sa4trub4njc.xx.internal.cloudapp.net/10.1.0.15)07122f08-5d38-49f7-8fdd-d2e34ec8d956(fv-az844-56.kvdfyhrxhd0epk3sa4trub4njc.xx.internal.cloudapp.net/10.1.0.15)d17261cb-7782-4d5f-ae0d-593ca4af9c73(fv-az844-56.kvdfyhrxhd0epk3sa4trub4njc.xx.internal.cloudapp.net/10.1.0.15), ReplicationConfig: EC{rs-6-3-1024k}, State:ALLOCATED, leaderId:, CreationTimestamp2023-05-31T22:58:41.093Z[Etc/UTC]] moved to OPEN state
2023-05-31 22:58:41,238 [IPC Server handler 2 on default port 15001] WARN  node.SCMNodeManager (SCMNodeManager.java:getNodesByAddress(1381)) - Cannot find node for address 127.0.0.1
2023-05-31 22:58:41,241 [IPC Server handler 7 on default port 15001] WARN  node.SCMNodeManager (SCMNodeManager.java:getNodesByAddress(1381)) - Cannot find node for address 127.0.0.1
]]></system-out>
  </testcase>
  <testcase name="testPutKeyWithReplicationConfig(String, boolean)[5]" classname="org.apache.hadoop.ozone.client.rpc.TestOzoneRpcClient" time="0.182">
    <system-out><![CDATA[2023-05-31 22:58:41,252 [main] INFO  rpc.RpcClient (RpcClient.java:createVolume(459)) - Creating Volume: 2e216e7f-f30d-4135-9ed4-8d8646aee851, with runner as owner and space quota set to -1 bytes, counts quota set to -1
2023-05-31 22:58:41,254 [OM StateMachine ApplyTransaction Thread - 0] INFO  volume.OMVolumeCreateRequest (OMVolumeCreateRequest.java:validateAndUpdateCache(196)) - created volume:2e216e7f-f30d-4135-9ed4-8d8646aee851 for user:runner
2023-05-31 22:58:41,256 [main] INFO  rpc.RpcClient (RpcClient.java:createBucket(686)) - Creating Bucket: 2e216e7f-f30d-4135-9ed4-8d8646aee851/3dada320-845d-44ea-9dd5-535b63e2dadf, with server-side default bucket layout, runner as owner, Versioning false, Storage Type set to DISK and Encryption set to false, Replication Type set to server-side default replication type, Namespace Quota set to -1, Space Quota set to -1 
2023-05-31 22:58:41,259 [OM StateMachine ApplyTransaction Thread - 0] INFO  bucket.OMBucketCreateRequest (OMBucketCreateRequest.java:validateAndUpdateCache(270)) - created bucket: 3dada320-845d-44ea-9dd5-535b63e2dadf of layout FILE_SYSTEM_OPTIMIZED in volume: 2e216e7f-f30d-4135-9ed4-8d8646aee851
2023-05-31 22:58:41,263 [IPC Server handler 3 on default port 15001] INFO  pipeline.PipelineStateManagerImpl (PipelineStateManagerImpl.java:addPipeline(103)) - Created pipeline Pipeline[ Id: 0d287617-5f3a-4ed5-948f-49552e6945e3, Nodes: 244a53c4-9cb3-439d-93c3-5e05515fc991(fv-az844-56.kvdfyhrxhd0epk3sa4trub4njc.xx.internal.cloudapp.net/10.1.0.15)697d5b73-3ed9-4d18-b9d9-ca13a08090ac(fv-az844-56.kvdfyhrxhd0epk3sa4trub4njc.xx.internal.cloudapp.net/10.1.0.15)d17261cb-7782-4d5f-ae0d-593ca4af9c73(fv-az844-56.kvdfyhrxhd0epk3sa4trub4njc.xx.internal.cloudapp.net/10.1.0.15)9d40cccf-8c3a-4da2-ab03-ca5c7975d909(fv-az844-56.kvdfyhrxhd0epk3sa4trub4njc.xx.internal.cloudapp.net/10.1.0.15)07122f08-5d38-49f7-8fdd-d2e34ec8d956(fv-az844-56.kvdfyhrxhd0epk3sa4trub4njc.xx.internal.cloudapp.net/10.1.0.15)7c39489c-1c03-44c3-8ed9-36ad43776b05(fv-az844-56.kvdfyhrxhd0epk3sa4trub4njc.xx.internal.cloudapp.net/10.1.0.15)83cc0f91-5896-42fb-be30-113915710489(fv-az844-56.kvdfyhrxhd0epk3sa4trub4njc.xx.internal.cloudapp.net/10.1.0.15)cdb52bc9-5e07-4eca-b7fa-f50f992e3122(fv-az844-56.kvdfyhrxhd0epk3sa4trub4njc.xx.internal.cloudapp.net/10.1.0.15)9a93b867-0c49-44e3-a75c-2e530498b118(fv-az844-56.kvdfyhrxhd0epk3sa4trub4njc.xx.internal.cloudapp.net/10.1.0.15)41c98476-2059-4142-8ca0-ae93b0d149f4(fv-az844-56.kvdfyhrxhd0epk3sa4trub4njc.xx.internal.cloudapp.net/10.1.0.15)160cf24b-84e6-41e3-a0dc-1baa6b89aef1(fv-az844-56.kvdfyhrxhd0epk3sa4trub4njc.xx.internal.cloudapp.net/10.1.0.15)f4bcbbae-f69c-492d-a431-822e5a7eea0c(fv-az844-56.kvdfyhrxhd0epk3sa4trub4njc.xx.internal.cloudapp.net/10.1.0.15)2fca467b-8261-48a6-b0b4-c0ececcd3716(fv-az844-56.kvdfyhrxhd0epk3sa4trub4njc.xx.internal.cloudapp.net/10.1.0.15)667d9742-fdde-4102-a217-b966604d27c1(fv-az844-56.kvdfyhrxhd0epk3sa4trub4njc.xx.internal.cloudapp.net/10.1.0.15), ReplicationConfig: EC{rs-10-4-1024k}, State:ALLOCATED, leaderId:, CreationTimestamp2023-05-31T22:58:41.263Z[Etc/UTC]].
2023-05-31 22:58:41,264 [IPC Server handler 3 on default port 15001] INFO  pipeline.PipelineManagerImpl (PipelineManagerImpl.java:openPipeline(367)) - Pipeline Pipeline[ Id: 0d287617-5f3a-4ed5-948f-49552e6945e3, Nodes: 244a53c4-9cb3-439d-93c3-5e05515fc991(fv-az844-56.kvdfyhrxhd0epk3sa4trub4njc.xx.internal.cloudapp.net/10.1.0.15)697d5b73-3ed9-4d18-b9d9-ca13a08090ac(fv-az844-56.kvdfyhrxhd0epk3sa4trub4njc.xx.internal.cloudapp.net/10.1.0.15)d17261cb-7782-4d5f-ae0d-593ca4af9c73(fv-az844-56.kvdfyhrxhd0epk3sa4trub4njc.xx.internal.cloudapp.net/10.1.0.15)9d40cccf-8c3a-4da2-ab03-ca5c7975d909(fv-az844-56.kvdfyhrxhd0epk3sa4trub4njc.xx.internal.cloudapp.net/10.1.0.15)07122f08-5d38-49f7-8fdd-d2e34ec8d956(fv-az844-56.kvdfyhrxhd0epk3sa4trub4njc.xx.internal.cloudapp.net/10.1.0.15)7c39489c-1c03-44c3-8ed9-36ad43776b05(fv-az844-56.kvdfyhrxhd0epk3sa4trub4njc.xx.internal.cloudapp.net/10.1.0.15)83cc0f91-5896-42fb-be30-113915710489(fv-az844-56.kvdfyhrxhd0epk3sa4trub4njc.xx.internal.cloudapp.net/10.1.0.15)cdb52bc9-5e07-4eca-b7fa-f50f992e3122(fv-az844-56.kvdfyhrxhd0epk3sa4trub4njc.xx.internal.cloudapp.net/10.1.0.15)9a93b867-0c49-44e3-a75c-2e530498b118(fv-az844-56.kvdfyhrxhd0epk3sa4trub4njc.xx.internal.cloudapp.net/10.1.0.15)41c98476-2059-4142-8ca0-ae93b0d149f4(fv-az844-56.kvdfyhrxhd0epk3sa4trub4njc.xx.internal.cloudapp.net/10.1.0.15)160cf24b-84e6-41e3-a0dc-1baa6b89aef1(fv-az844-56.kvdfyhrxhd0epk3sa4trub4njc.xx.internal.cloudapp.net/10.1.0.15)f4bcbbae-f69c-492d-a431-822e5a7eea0c(fv-az844-56.kvdfyhrxhd0epk3sa4trub4njc.xx.internal.cloudapp.net/10.1.0.15)2fca467b-8261-48a6-b0b4-c0ececcd3716(fv-az844-56.kvdfyhrxhd0epk3sa4trub4njc.xx.internal.cloudapp.net/10.1.0.15)667d9742-fdde-4102-a217-b966604d27c1(fv-az844-56.kvdfyhrxhd0epk3sa4trub4njc.xx.internal.cloudapp.net/10.1.0.15), ReplicationConfig: EC{rs-10-4-1024k}, State:ALLOCATED, leaderId:, CreationTimestamp2023-05-31T22:58:41.263Z[Etc/UTC]] moved to OPEN state
2023-05-31 22:58:41,420 [IPC Server handler 0 on default port 15001] WARN  node.SCMNodeManager (SCMNodeManager.java:getNodesByAddress(1381)) - Cannot find node for address 127.0.0.1
2023-05-31 22:58:41,422 [IPC Server handler 13 on default port 15001] WARN  node.SCMNodeManager (SCMNodeManager.java:getNodesByAddress(1381)) - Cannot find node for address 127.0.0.1
]]></system-out>
  </testcase>
  <testcase name="testReadKeyWithCorruptedData" classname="org.apache.hadoop.ozone.client.rpc.TestOzoneRpcClient" time="0.079">
    <system-out><![CDATA[2023-05-31 22:58:41,435 [main] INFO  rpc.RpcClient (RpcClient.java:createVolume(459)) - Creating Volume: 4e5ef629-4ab1-457f-8894-b8910be1e0eb, with runner as owner and space quota set to -1 bytes, counts quota set to -1
2023-05-31 22:58:41,438 [OM StateMachine ApplyTransaction Thread - 0] INFO  volume.OMVolumeCreateRequest (OMVolumeCreateRequest.java:validateAndUpdateCache(196)) - created volume:4e5ef629-4ab1-457f-8894-b8910be1e0eb for user:runner
2023-05-31 22:58:41,440 [main] INFO  rpc.RpcClient (RpcClient.java:createBucket(686)) - Creating Bucket: 4e5ef629-4ab1-457f-8894-b8910be1e0eb/3a8fa3f7-c9fd-4b73-a96f-27cd5ae4d8c0, with server-side default bucket layout, runner as owner, Versioning false, Storage Type set to DISK and Encryption set to false, Replication Type set to server-side default replication type, Namespace Quota set to -1, Space Quota set to -1 
2023-05-31 22:58:41,441 [OM StateMachine ApplyTransaction Thread - 0] INFO  bucket.OMBucketCreateRequest (OMBucketCreateRequest.java:validateAndUpdateCache(270)) - created bucket: 3a8fa3f7-c9fd-4b73-a96f-27cd5ae4d8c0 of layout FILE_SYSTEM_OPTIMIZED in volume: 4e5ef629-4ab1-457f-8894-b8910be1e0eb
2023-05-31 22:58:41,468 [IPC Server handler 8 on default port 15001] WARN  node.SCMNodeManager (SCMNodeManager.java:getNodesByAddress(1381)) - Cannot find node for address 127.0.0.1
2023-05-31 22:58:41,495 [IPC Server handler 19 on default port 15001] WARN  node.SCMNodeManager (SCMNodeManager.java:getNodesByAddress(1381)) - Cannot find node for address 127.0.0.1
2023-05-31 22:58:41,503 [main] ERROR scm.XceiverClientGrpc (XceiverClientGrpc.java:sendCommandWithRetry(453)) - Failed to execute command ReadChunk on the pipeline Pipeline[ Id: 335102a8-f862-46a3-abf8-3eba66c287e9, Nodes: 83cc0f91-5896-42fb-be30-113915710489(fv-az844-56.kvdfyhrxhd0epk3sa4trub4njc.xx.internal.cloudapp.net/10.1.0.15), ReplicationConfig: STANDALONE/ONE, State:OPEN, leaderId:83cc0f91-5896-42fb-be30-113915710489, CreationTimestamp2023-05-31T22:57:38.930Z[Etc/UTC]].
2023-05-31 22:58:41,511 [main] ERROR scm.XceiverClientGrpc (XceiverClientGrpc.java:sendCommandWithRetry(453)) - Failed to execute command ReadChunk on the pipeline Pipeline[ Id: 335102a8-f862-46a3-abf8-3eba66c287e9, Nodes: 83cc0f91-5896-42fb-be30-113915710489(fv-az844-56.kvdfyhrxhd0epk3sa4trub4njc.xx.internal.cloudapp.net/10.1.0.15), ReplicationConfig: STANDALONE/ONE, State:OPEN, leaderId:83cc0f91-5896-42fb-be30-113915710489, CreationTimestamp2023-05-31T22:57:38.930Z[Etc/UTC]].
2023-05-31 22:58:41,512 [main] ERROR scm.XceiverClientGrpc (XceiverClientGrpc.java:sendCommandWithRetry(453)) - Failed to execute command ReadChunk on the pipeline Pipeline[ Id: 335102a8-f862-46a3-abf8-3eba66c287e9, Nodes: 83cc0f91-5896-42fb-be30-113915710489(fv-az844-56.kvdfyhrxhd0epk3sa4trub4njc.xx.internal.cloudapp.net/10.1.0.15), ReplicationConfig: STANDALONE/ONE, State:OPEN, leaderId:83cc0f91-5896-42fb-be30-113915710489, CreationTimestamp2023-05-31T22:57:38.930Z[Etc/UTC]].
]]></system-out>
  </testcase>
  <testcase name="testReadKeyWithCorruptedDataWithMutiNodes" classname="org.apache.hadoop.ozone.client.rpc.TestOzoneRpcClient" time="0.166">
    <system-out><![CDATA[2023-05-31 22:58:41,515 [main] INFO  rpc.RpcClient (RpcClient.java:createVolume(459)) - Creating Volume: a948aca8-3374-4a0a-ba59-07d0a1096ee4, with runner as owner and space quota set to -1 bytes, counts quota set to -1
2023-05-31 22:58:41,516 [BlockDeletingService#0] INFO  interfaces.ContainerDeletionChoosingPolicyTemplate (ContainerDeletionChoosingPolicyTemplate.java:chooseContainerForBlockDeletion(83)) - Chosen 0/5000 blocks from 0 candidate containers.
2023-05-31 22:58:41,518 [OM StateMachine ApplyTransaction Thread - 0] INFO  volume.OMVolumeCreateRequest (OMVolumeCreateRequest.java:validateAndUpdateCache(196)) - created volume:a948aca8-3374-4a0a-ba59-07d0a1096ee4 for user:runner
2023-05-31 22:58:41,520 [main] INFO  rpc.RpcClient (RpcClient.java:createBucket(686)) - Creating Bucket: a948aca8-3374-4a0a-ba59-07d0a1096ee4/26b1fa3c-c046-4e24-a700-8d3805cc0681, with server-side default bucket layout, runner as owner, Versioning false, Storage Type set to DISK and Encryption set to false, Replication Type set to server-side default replication type, Namespace Quota set to -1, Space Quota set to -1 
2023-05-31 22:58:41,522 [OM StateMachine ApplyTransaction Thread - 0] INFO  bucket.OMBucketCreateRequest (OMBucketCreateRequest.java:validateAndUpdateCache(270)) - created bucket: 26b1fa3c-c046-4e24-a700-8d3805cc0681 of layout FILE_SYSTEM_OPTIMIZED in volume: a948aca8-3374-4a0a-ba59-07d0a1096ee4
2023-05-31 22:58:41,572 [IPC Server handler 11 on default port 15001] WARN  node.SCMNodeManager (SCMNodeManager.java:getNodesByAddress(1381)) - Cannot find node for address 127.0.0.1
2023-05-31 22:58:41,581 [IPC Server handler 4 on default port 15001] WARN  node.SCMNodeManager (SCMNodeManager.java:getNodesByAddress(1381)) - Cannot find node for address 127.0.0.1
2023-05-31 22:58:41,597 [IPC Server handler 1 on default port 15001] WARN  node.SCMNodeManager (SCMNodeManager.java:getNodesByAddress(1381)) - Cannot find node for address 127.0.0.1
2023-05-31 22:58:41,616 [IPC Server handler 5 on default port 15001] WARN  node.SCMNodeManager (SCMNodeManager.java:getNodesByAddress(1381)) - Cannot find node for address 127.0.0.1
2023-05-31 22:58:41,626 [main] ERROR scm.XceiverClientGrpc (XceiverClientGrpc.java:sendCommandWithRetry(453)) - Failed to execute command ReadChunk on the pipeline Pipeline[ Id: 31c9f478-22b8-4318-8be4-a53698dce0f1, Nodes: 160cf24b-84e6-41e3-a0dc-1baa6b89aef1(fv-az844-56.kvdfyhrxhd0epk3sa4trub4njc.xx.internal.cloudapp.net/10.1.0.15)07122f08-5d38-49f7-8fdd-d2e34ec8d956(fv-az844-56.kvdfyhrxhd0epk3sa4trub4njc.xx.internal.cloudapp.net/10.1.0.15)244a53c4-9cb3-439d-93c3-5e05515fc991(fv-az844-56.kvdfyhrxhd0epk3sa4trub4njc.xx.internal.cloudapp.net/10.1.0.15), ReplicationConfig: STANDALONE/THREE, State:OPEN, leaderId:07122f08-5d38-49f7-8fdd-d2e34ec8d956, CreationTimestamp2023-05-31T22:57:41.974Z[Etc/UTC]].
2023-05-31 22:58:41,626 [main] WARN  storage.ContainerProtocolCalls (ContainerProtocolCalls.java:tryEachDatanode(147)) - Failed to read chunk 111677748019200367_chunk_1 (len=12) conID: 16 locID: 111677748019200367 bcsId: 140 from 07122f08-5d38-49f7-8fdd-d2e34ec8d956(fv-az844-56.kvdfyhrxhd0epk3sa4trub4njc.xx.internal.cloudapp.net/10.1.0.15); will try another datanode.
org.apache.hadoop.ozone.common.OzoneChecksumException: Checksum mismatch at index 0
	at org.apache.hadoop.ozone.common.ChecksumData.verifyChecksumDataMatches(ChecksumData.java:139)
	at org.apache.hadoop.ozone.common.Checksum.verifyChecksum(Checksum.java:295)
	at org.apache.hadoop.hdds.scm.storage.ChunkInputStream.lambda$new$0(ChunkInputStream.java:492)
	at org.apache.hadoop.hdds.scm.XceiverClientGrpc.sendCommandWithRetry(XceiverClientGrpc.java:410)
	at org.apache.hadoop.hdds.scm.XceiverClientGrpc.lambda$sendCommandWithTraceIDAndRetry$0(XceiverClientGrpc.java:349)
	at org.apache.hadoop.hdds.tracing.TracingUtil.executeInSpan(TracingUtil.java:196)
	at org.apache.hadoop.hdds.tracing.TracingUtil.executeInNewSpan(TracingUtil.java:170)
	at org.apache.hadoop.hdds.scm.XceiverClientGrpc.sendCommandWithTraceIDAndRetry(XceiverClientGrpc.java:343)
	at org.apache.hadoop.hdds.scm.XceiverClientGrpc.sendCommand(XceiverClientGrpc.java:324)
	at org.apache.hadoop.hdds.scm.storage.ContainerProtocolCalls.readChunk(ContainerProtocolCalls.java:355)
	at org.apache.hadoop.hdds.scm.storage.ContainerProtocolCalls.lambda$readChunk$2(ContainerProtocolCalls.java:342)
	at org.apache.hadoop.hdds.scm.storage.ContainerProtocolCalls.tryEachDatanode(ContainerProtocolCalls.java:143)
	at org.apache.hadoop.hdds.scm.storage.ContainerProtocolCalls.readChunk(ContainerProtocolCalls.java:341)
	at org.apache.hadoop.hdds.scm.storage.ChunkInputStream.readChunk(ChunkInputStream.java:430)
	at org.apache.hadoop.hdds.scm.storage.ChunkInputStream.readChunkDataIntoBuffers(ChunkInputStream.java:404)
	at org.apache.hadoop.hdds.scm.storage.ChunkInputStream.readChunkFromContainer(ChunkInputStream.java:389)
	at org.apache.hadoop.hdds.scm.storage.ChunkInputStream.prepareRead(ChunkInputStream.java:331)
	at org.apache.hadoop.hdds.scm.storage.ChunkInputStream.read(ChunkInputStream.java:175)
	at org.apache.hadoop.hdds.scm.storage.ByteArrayReader.readFromBlock(ByteArrayReader.java:57)
	at org.apache.hadoop.hdds.scm.storage.BlockInputStream.readWithStrategy(BlockInputStream.java:327)
	at org.apache.hadoop.hdds.scm.storage.ExtendedInputStream.read(ExtendedInputStream.java:56)
	at org.apache.hadoop.hdds.scm.storage.ByteArrayReader.readFromBlock(ByteArrayReader.java:57)
	at org.apache.hadoop.hdds.scm.storage.MultipartInputStream.readWithStrategy(MultipartInputStream.java:96)
	at org.apache.hadoop.hdds.scm.storage.ExtendedInputStream.read(ExtendedInputStream.java:56)
	at org.apache.hadoop.ozone.client.io.OzoneInputStream.read(OzoneInputStream.java:56)
	at java.io.InputStream.read(InputStream.java:101)
	at org.apache.hadoop.ozone.client.rpc.TestOzoneRpcClientAbstract.testReadKeyWithCorruptedDataWithMutiNodes(TestOzoneRpcClientAbstract.java:2044)
	at sun.reflect.NativeMethodAccessorImpl.invoke0(Native Method)
	at sun.reflect.NativeMethodAccessorImpl.invoke(NativeMethodAccessorImpl.java:62)
	at sun.reflect.DelegatingMethodAccessorImpl.invoke(DelegatingMethodAccessorImpl.java:43)
	at java.lang.reflect.Method.invoke(Method.java:498)
	at org.junit.platform.commons.util.ReflectionUtils.invokeMethod(ReflectionUtils.java:725)
	at org.junit.jupiter.engine.execution.MethodInvocation.proceed(MethodInvocation.java:60)
	at org.junit.jupiter.engine.execution.InvocationInterceptorChain$ValidatingInvocation.proceed(InvocationInterceptorChain.java:131)
	at org.junit.jupiter.engine.extension.TimeoutInvocation.proceed(TimeoutInvocation.java:46)
	at org.junit.jupiter.engine.extension.TimeoutExtension.intercept(TimeoutExtension.java:149)
	at org.junit.jupiter.engine.extension.TimeoutExtension.interceptTestableMethod(TimeoutExtension.java:140)
	at org.junit.jupiter.engine.extension.TimeoutExtension.interceptTestMethod(TimeoutExtension.java:84)
	at org.junit.jupiter.engine.execution.ExecutableInvoker$ReflectiveInterceptorCall.lambda$ofVoidMethod$0(ExecutableInvoker.java:115)
	at org.junit.jupiter.engine.execution.ExecutableInvoker.lambda$invoke$0(ExecutableInvoker.java:105)
	at org.junit.jupiter.engine.execution.InvocationInterceptorChain$InterceptedInvocation.proceed(InvocationInterceptorChain.java:106)
	at org.junit.jupiter.engine.execution.InvocationInterceptorChain.proceed(InvocationInterceptorChain.java:64)
	at org.junit.jupiter.engine.execution.InvocationInterceptorChain.chainAndInvoke(InvocationInterceptorChain.java:45)
	at org.junit.jupiter.engine.execution.InvocationInterceptorChain.invoke(InvocationInterceptorChain.java:37)
	at org.junit.jupiter.engine.execution.ExecutableInvoker.invoke(ExecutableInvoker.java:104)
	at org.junit.jupiter.engine.execution.ExecutableInvoker.invoke(ExecutableInvoker.java:98)
	at org.junit.jupiter.engine.descriptor.TestMethodTestDescriptor.lambda$invokeTestMethod$7(TestMethodTestDescriptor.java:214)
	at org.junit.platform.engine.support.hierarchical.ThrowableCollector.execute(ThrowableCollector.java:73)
	at org.junit.jupiter.engine.descriptor.TestMethodTestDescriptor.invokeTestMethod(TestMethodTestDescriptor.java:210)
	at org.junit.jupiter.engine.descriptor.TestMethodTestDescriptor.execute(TestMethodTestDescriptor.java:135)
	at org.junit.jupiter.engine.descriptor.TestMethodTestDescriptor.execute(TestMethodTestDescriptor.java:66)
	at org.junit.platform.engine.support.hierarchical.NodeTestTask.lambda$executeRecursively$6(NodeTestTask.java:151)
	at org.junit.platform.engine.support.hierarchical.ThrowableCollector.execute(ThrowableCollector.java:73)
	at org.junit.platform.engine.support.hierarchical.NodeTestTask.lambda$executeRecursively$8(NodeTestTask.java:141)
	at org.junit.platform.engine.support.hierarchical.Node.around(Node.java:137)
	at org.junit.platform.engine.support.hierarchical.NodeTestTask.lambda$executeRecursively$9(NodeTestTask.java:139)
	at org.junit.platform.engine.support.hierarchical.ThrowableCollector.execute(ThrowableCollector.java:73)
	at org.junit.platform.engine.support.hierarchical.NodeTestTask.executeRecursively(NodeTestTask.java:138)
	at org.junit.platform.engine.support.hierarchical.NodeTestTask.execute(NodeTestTask.java:95)
	at java.util.ArrayList.forEach(ArrayList.java:1259)
	at org.junit.platform.engine.support.hierarchical.SameThreadHierarchicalTestExecutorService.invokeAll(SameThreadHierarchicalTestExecutorService.java:41)
	at org.junit.platform.engine.support.hierarchical.NodeTestTask.lambda$executeRecursively$6(NodeTestTask.java:155)
	at org.junit.platform.engine.support.hierarchical.ThrowableCollector.execute(ThrowableCollector.java:73)
	at org.junit.platform.engine.support.hierarchical.NodeTestTask.lambda$executeRecursively$8(NodeTestTask.java:141)
	at org.junit.platform.engine.support.hierarchical.Node.around(Node.java:137)
	at org.junit.platform.engine.support.hierarchical.NodeTestTask.lambda$executeRecursively$9(NodeTestTask.java:139)
	at org.junit.platform.engine.support.hierarchical.ThrowableCollector.execute(ThrowableCollector.java:73)
	at org.junit.platform.engine.support.hierarchical.NodeTestTask.executeRecursively(NodeTestTask.java:138)
	at org.junit.platform.engine.support.hierarchical.NodeTestTask.execute(NodeTestTask.java:95)
	at java.util.ArrayList.forEach(ArrayList.java:1259)
	at org.junit.platform.engine.support.hierarchical.SameThreadHierarchicalTestExecutorService.invokeAll(SameThreadHierarchicalTestExecutorService.java:41)
	at org.junit.platform.engine.support.hierarchical.NodeTestTask.lambda$executeRecursively$6(NodeTestTask.java:155)
	at org.junit.platform.engine.support.hierarchical.ThrowableCollector.execute(ThrowableCollector.java:73)
	at org.junit.platform.engine.support.hierarchical.NodeTestTask.lambda$executeRecursively$8(NodeTestTask.java:141)
	at org.junit.platform.engine.support.hierarchical.Node.around(Node.java:137)
	at org.junit.platform.engine.support.hierarchical.NodeTestTask.lambda$executeRecursively$9(NodeTestTask.java:139)
	at org.junit.platform.engine.support.hierarchical.ThrowableCollector.execute(ThrowableCollector.java:73)
	at org.junit.platform.engine.support.hierarchical.NodeTestTask.executeRecursively(NodeTestTask.java:138)
	at org.junit.platform.engine.support.hierarchical.NodeTestTask.execute(NodeTestTask.java:95)
	at org.junit.platform.engine.support.hierarchical.SameThreadHierarchicalTestExecutorService.submit(SameThreadHierarchicalTestExecutorService.java:35)
	at org.junit.platform.engine.support.hierarchical.HierarchicalTestExecutor.execute(HierarchicalTestExecutor.java:57)
	at org.junit.platform.engine.support.hierarchical.HierarchicalTestEngine.execute(HierarchicalTestEngine.java:54)
	at org.junit.platform.launcher.core.EngineExecutionOrchestrator.execute(EngineExecutionOrchestrator.java:107)
	at org.junit.platform.launcher.core.EngineExecutionOrchestrator.execute(EngineExecutionOrchestrator.java:88)
	at org.junit.platform.launcher.core.EngineExecutionOrchestrator.lambda$execute$0(EngineExecutionOrchestrator.java:54)
	at org.junit.platform.launcher.core.EngineExecutionOrchestrator.withInterceptedStreams(EngineExecutionOrchestrator.java:67)
	at org.junit.platform.launcher.core.EngineExecutionOrchestrator.execute(EngineExecutionOrchestrator.java:52)
	at org.junit.platform.launcher.core.DefaultLauncher.execute(DefaultLauncher.java:114)
	at org.junit.platform.launcher.core.DefaultLauncher.execute(DefaultLauncher.java:86)
	at org.junit.platform.launcher.core.DefaultLauncherSession$DelegatingLauncher.execute(DefaultLauncherSession.java:86)
	at org.junit.platform.launcher.core.SessionPerRequestLauncher.execute(SessionPerRequestLauncher.java:53)
	at org.apache.maven.surefire.junitplatform.JUnitPlatformProvider.execute(JUnitPlatformProvider.java:188)
	at org.apache.maven.surefire.junitplatform.JUnitPlatformProvider.invokeAllTests(JUnitPlatformProvider.java:154)
	at org.apache.maven.surefire.junitplatform.JUnitPlatformProvider.invoke(JUnitPlatformProvider.java:124)
	at org.apache.maven.surefire.booter.ForkedBooter.runSuitesInProcess(ForkedBooter.java:428)
	at org.apache.maven.surefire.booter.ForkedBooter.execute(ForkedBooter.java:162)
	at org.apache.maven.surefire.booter.ForkedBooter.run(ForkedBooter.java:562)
	at org.apache.maven.surefire.booter.ForkedBooter.main(ForkedBooter.java:548)
2023-05-31 22:58:41,632 [main] ERROR scm.XceiverClientGrpc (XceiverClientGrpc.java:sendCommandWithRetry(453)) - Failed to execute command ReadChunk on the pipeline Pipeline[ Id: 31c9f478-22b8-4318-8be4-a53698dce0f1, Nodes: 160cf24b-84e6-41e3-a0dc-1baa6b89aef1(fv-az844-56.kvdfyhrxhd0epk3sa4trub4njc.xx.internal.cloudapp.net/10.1.0.15)07122f08-5d38-49f7-8fdd-d2e34ec8d956(fv-az844-56.kvdfyhrxhd0epk3sa4trub4njc.xx.internal.cloudapp.net/10.1.0.15)244a53c4-9cb3-439d-93c3-5e05515fc991(fv-az844-56.kvdfyhrxhd0epk3sa4trub4njc.xx.internal.cloudapp.net/10.1.0.15), ReplicationConfig: STANDALONE/THREE, State:OPEN, leaderId:07122f08-5d38-49f7-8fdd-d2e34ec8d956, CreationTimestamp2023-05-31T22:57:41.974Z[Etc/UTC]].
2023-05-31 22:58:41,632 [main] WARN  storage.ContainerProtocolCalls (ContainerProtocolCalls.java:tryEachDatanode(147)) - Failed to read chunk 111677748019200367_chunk_1 (len=12) conID: 16 locID: 111677748019200367 bcsId: 140 from 160cf24b-84e6-41e3-a0dc-1baa6b89aef1(fv-az844-56.kvdfyhrxhd0epk3sa4trub4njc.xx.internal.cloudapp.net/10.1.0.15); will try another datanode.
org.apache.hadoop.ozone.common.OzoneChecksumException: Checksum mismatch at index 0
	at org.apache.hadoop.ozone.common.ChecksumData.verifyChecksumDataMatches(ChecksumData.java:139)
	at org.apache.hadoop.ozone.common.Checksum.verifyChecksum(Checksum.java:295)
	at org.apache.hadoop.hdds.scm.storage.ChunkInputStream.lambda$new$0(ChunkInputStream.java:492)
	at org.apache.hadoop.hdds.scm.XceiverClientGrpc.sendCommandWithRetry(XceiverClientGrpc.java:410)
	at org.apache.hadoop.hdds.scm.XceiverClientGrpc.lambda$sendCommandWithTraceIDAndRetry$0(XceiverClientGrpc.java:349)
	at org.apache.hadoop.hdds.tracing.TracingUtil.executeInSpan(TracingUtil.java:196)
	at org.apache.hadoop.hdds.tracing.TracingUtil.executeInNewSpan(TracingUtil.java:170)
	at org.apache.hadoop.hdds.scm.XceiverClientGrpc.sendCommandWithTraceIDAndRetry(XceiverClientGrpc.java:343)
	at org.apache.hadoop.hdds.scm.XceiverClientGrpc.sendCommand(XceiverClientGrpc.java:324)
	at org.apache.hadoop.hdds.scm.storage.ContainerProtocolCalls.readChunk(ContainerProtocolCalls.java:355)
	at org.apache.hadoop.hdds.scm.storage.ContainerProtocolCalls.lambda$readChunk$2(ContainerProtocolCalls.java:342)
	at org.apache.hadoop.hdds.scm.storage.ContainerProtocolCalls.tryEachDatanode(ContainerProtocolCalls.java:143)
	at org.apache.hadoop.hdds.scm.storage.ContainerProtocolCalls.readChunk(ContainerProtocolCalls.java:341)
	at org.apache.hadoop.hdds.scm.storage.ChunkInputStream.readChunk(ChunkInputStream.java:430)
	at org.apache.hadoop.hdds.scm.storage.ChunkInputStream.readChunkDataIntoBuffers(ChunkInputStream.java:404)
	at org.apache.hadoop.hdds.scm.storage.ChunkInputStream.readChunkFromContainer(ChunkInputStream.java:389)
	at org.apache.hadoop.hdds.scm.storage.ChunkInputStream.prepareRead(ChunkInputStream.java:331)
	at org.apache.hadoop.hdds.scm.storage.ChunkInputStream.read(ChunkInputStream.java:175)
	at org.apache.hadoop.hdds.scm.storage.ByteArrayReader.readFromBlock(ByteArrayReader.java:57)
	at org.apache.hadoop.hdds.scm.storage.BlockInputStream.readWithStrategy(BlockInputStream.java:327)
	at org.apache.hadoop.hdds.scm.storage.ExtendedInputStream.read(ExtendedInputStream.java:56)
	at org.apache.hadoop.hdds.scm.storage.ByteArrayReader.readFromBlock(ByteArrayReader.java:57)
	at org.apache.hadoop.hdds.scm.storage.MultipartInputStream.readWithStrategy(MultipartInputStream.java:96)
	at org.apache.hadoop.hdds.scm.storage.ExtendedInputStream.read(ExtendedInputStream.java:56)
	at org.apache.hadoop.ozone.client.io.OzoneInputStream.read(OzoneInputStream.java:56)
	at java.io.InputStream.read(InputStream.java:101)
	at org.apache.hadoop.ozone.client.rpc.TestOzoneRpcClientAbstract.testReadKeyWithCorruptedDataWithMutiNodes(TestOzoneRpcClientAbstract.java:2044)
	at sun.reflect.NativeMethodAccessorImpl.invoke0(Native Method)
	at sun.reflect.NativeMethodAccessorImpl.invoke(NativeMethodAccessorImpl.java:62)
	at sun.reflect.DelegatingMethodAccessorImpl.invoke(DelegatingMethodAccessorImpl.java:43)
	at java.lang.reflect.Method.invoke(Method.java:498)
	at org.junit.platform.commons.util.ReflectionUtils.invokeMethod(ReflectionUtils.java:725)
	at org.junit.jupiter.engine.execution.MethodInvocation.proceed(MethodInvocation.java:60)
	at org.junit.jupiter.engine.execution.InvocationInterceptorChain$ValidatingInvocation.proceed(InvocationInterceptorChain.java:131)
	at org.junit.jupiter.engine.extension.TimeoutInvocation.proceed(TimeoutInvocation.java:46)
	at org.junit.jupiter.engine.extension.TimeoutExtension.intercept(TimeoutExtension.java:149)
	at org.junit.jupiter.engine.extension.TimeoutExtension.interceptTestableMethod(TimeoutExtension.java:140)
	at org.junit.jupiter.engine.extension.TimeoutExtension.interceptTestMethod(TimeoutExtension.java:84)
	at org.junit.jupiter.engine.execution.ExecutableInvoker$ReflectiveInterceptorCall.lambda$ofVoidMethod$0(ExecutableInvoker.java:115)
	at org.junit.jupiter.engine.execution.ExecutableInvoker.lambda$invoke$0(ExecutableInvoker.java:105)
	at org.junit.jupiter.engine.execution.InvocationInterceptorChain$InterceptedInvocation.proceed(InvocationInterceptorChain.java:106)
	at org.junit.jupiter.engine.execution.InvocationInterceptorChain.proceed(InvocationInterceptorChain.java:64)
	at org.junit.jupiter.engine.execution.InvocationInterceptorChain.chainAndInvoke(InvocationInterceptorChain.java:45)
	at org.junit.jupiter.engine.execution.InvocationInterceptorChain.invoke(InvocationInterceptorChain.java:37)
	at org.junit.jupiter.engine.execution.ExecutableInvoker.invoke(ExecutableInvoker.java:104)
	at org.junit.jupiter.engine.execution.ExecutableInvoker.invoke(ExecutableInvoker.java:98)
	at org.junit.jupiter.engine.descriptor.TestMethodTestDescriptor.lambda$invokeTestMethod$7(TestMethodTestDescriptor.java:214)
	at org.junit.platform.engine.support.hierarchical.ThrowableCollector.execute(ThrowableCollector.java:73)
	at org.junit.jupiter.engine.descriptor.TestMethodTestDescriptor.invokeTestMethod(TestMethodTestDescriptor.java:210)
	at org.junit.jupiter.engine.descriptor.TestMethodTestDescriptor.execute(TestMethodTestDescriptor.java:135)
	at org.junit.jupiter.engine.descriptor.TestMethodTestDescriptor.execute(TestMethodTestDescriptor.java:66)
	at org.junit.platform.engine.support.hierarchical.NodeTestTask.lambda$executeRecursively$6(NodeTestTask.java:151)
	at org.junit.platform.engine.support.hierarchical.ThrowableCollector.execute(ThrowableCollector.java:73)
	at org.junit.platform.engine.support.hierarchical.NodeTestTask.lambda$executeRecursively$8(NodeTestTask.java:141)
	at org.junit.platform.engine.support.hierarchical.Node.around(Node.java:137)
	at org.junit.platform.engine.support.hierarchical.NodeTestTask.lambda$executeRecursively$9(NodeTestTask.java:139)
	at org.junit.platform.engine.support.hierarchical.ThrowableCollector.execute(ThrowableCollector.java:73)
	at org.junit.platform.engine.support.hierarchical.NodeTestTask.executeRecursively(NodeTestTask.java:138)
	at org.junit.platform.engine.support.hierarchical.NodeTestTask.execute(NodeTestTask.java:95)
	at java.util.ArrayList.forEach(ArrayList.java:1259)
	at org.junit.platform.engine.support.hierarchical.SameThreadHierarchicalTestExecutorService.invokeAll(SameThreadHierarchicalTestExecutorService.java:41)
	at org.junit.platform.engine.support.hierarchical.NodeTestTask.lambda$executeRecursively$6(NodeTestTask.java:155)
	at org.junit.platform.engine.support.hierarchical.ThrowableCollector.execute(ThrowableCollector.java:73)
	at org.junit.platform.engine.support.hierarchical.NodeTestTask.lambda$executeRecursively$8(NodeTestTask.java:141)
	at org.junit.platform.engine.support.hierarchical.Node.around(Node.java:137)
	at org.junit.platform.engine.support.hierarchical.NodeTestTask.lambda$executeRecursively$9(NodeTestTask.java:139)
	at org.junit.platform.engine.support.hierarchical.ThrowableCollector.execute(ThrowableCollector.java:73)
	at org.junit.platform.engine.support.hierarchical.NodeTestTask.executeRecursively(NodeTestTask.java:138)
	at org.junit.platform.engine.support.hierarchical.NodeTestTask.execute(NodeTestTask.java:95)
	at java.util.ArrayList.forEach(ArrayList.java:1259)
	at org.junit.platform.engine.support.hierarchical.SameThreadHierarchicalTestExecutorService.invokeAll(SameThreadHierarchicalTestExecutorService.java:41)
	at org.junit.platform.engine.support.hierarchical.NodeTestTask.lambda$executeRecursively$6(NodeTestTask.java:155)
	at org.junit.platform.engine.support.hierarchical.ThrowableCollector.execute(ThrowableCollector.java:73)
	at org.junit.platform.engine.support.hierarchical.NodeTestTask.lambda$executeRecursively$8(NodeTestTask.java:141)
	at org.junit.platform.engine.support.hierarchical.Node.around(Node.java:137)
	at org.junit.platform.engine.support.hierarchical.NodeTestTask.lambda$executeRecursively$9(NodeTestTask.java:139)
	at org.junit.platform.engine.support.hierarchical.ThrowableCollector.execute(ThrowableCollector.java:73)
	at org.junit.platform.engine.support.hierarchical.NodeTestTask.executeRecursively(NodeTestTask.java:138)
	at org.junit.platform.engine.support.hierarchical.NodeTestTask.execute(NodeTestTask.java:95)
	at org.junit.platform.engine.support.hierarchical.SameThreadHierarchicalTestExecutorService.submit(SameThreadHierarchicalTestExecutorService.java:35)
	at org.junit.platform.engine.support.hierarchical.HierarchicalTestExecutor.execute(HierarchicalTestExecutor.java:57)
	at org.junit.platform.engine.support.hierarchical.HierarchicalTestEngine.execute(HierarchicalTestEngine.java:54)
	at org.junit.platform.launcher.core.EngineExecutionOrchestrator.execute(EngineExecutionOrchestrator.java:107)
	at org.junit.platform.launcher.core.EngineExecutionOrchestrator.execute(EngineExecutionOrchestrator.java:88)
	at org.junit.platform.launcher.core.EngineExecutionOrchestrator.lambda$execute$0(EngineExecutionOrchestrator.java:54)
	at org.junit.platform.launcher.core.EngineExecutionOrchestrator.withInterceptedStreams(EngineExecutionOrchestrator.java:67)
	at org.junit.platform.launcher.core.EngineExecutionOrchestrator.execute(EngineExecutionOrchestrator.java:52)
	at org.junit.platform.launcher.core.DefaultLauncher.execute(DefaultLauncher.java:114)
	at org.junit.platform.launcher.core.DefaultLauncher.execute(DefaultLauncher.java:86)
	at org.junit.platform.launcher.core.DefaultLauncherSession$DelegatingLauncher.execute(DefaultLauncherSession.java:86)
	at org.junit.platform.launcher.core.SessionPerRequestLauncher.execute(SessionPerRequestLauncher.java:53)
	at org.apache.maven.surefire.junitplatform.JUnitPlatformProvider.execute(JUnitPlatformProvider.java:188)
	at org.apache.maven.surefire.junitplatform.JUnitPlatformProvider.invokeAllTests(JUnitPlatformProvider.java:154)
	at org.apache.maven.surefire.junitplatform.JUnitPlatformProvider.invoke(JUnitPlatformProvider.java:124)
	at org.apache.maven.surefire.booter.ForkedBooter.runSuitesInProcess(ForkedBooter.java:428)
	at org.apache.maven.surefire.booter.ForkedBooter.execute(ForkedBooter.java:162)
	at org.apache.maven.surefire.booter.ForkedBooter.run(ForkedBooter.java:562)
	at org.apache.maven.surefire.booter.ForkedBooter.main(ForkedBooter.java:548)
2023-05-31 22:58:41,638 [main] ERROR scm.XceiverClientGrpc (XceiverClientGrpc.java:sendCommandWithRetry(453)) - Failed to execute command ReadChunk on the pipeline Pipeline[ Id: 31c9f478-22b8-4318-8be4-a53698dce0f1, Nodes: 160cf24b-84e6-41e3-a0dc-1baa6b89aef1(fv-az844-56.kvdfyhrxhd0epk3sa4trub4njc.xx.internal.cloudapp.net/10.1.0.15)07122f08-5d38-49f7-8fdd-d2e34ec8d956(fv-az844-56.kvdfyhrxhd0epk3sa4trub4njc.xx.internal.cloudapp.net/10.1.0.15)244a53c4-9cb3-439d-93c3-5e05515fc991(fv-az844-56.kvdfyhrxhd0epk3sa4trub4njc.xx.internal.cloudapp.net/10.1.0.15), ReplicationConfig: STANDALONE/THREE, State:OPEN, leaderId:07122f08-5d38-49f7-8fdd-d2e34ec8d956, CreationTimestamp2023-05-31T22:57:41.974Z[Etc/UTC]].
2023-05-31 22:58:41,645 [main] ERROR scm.XceiverClientGrpc (XceiverClientGrpc.java:sendCommandWithRetry(453)) - Failed to execute command ReadChunk on the pipeline Pipeline[ Id: 31c9f478-22b8-4318-8be4-a53698dce0f1, Nodes: 160cf24b-84e6-41e3-a0dc-1baa6b89aef1(fv-az844-56.kvdfyhrxhd0epk3sa4trub4njc.xx.internal.cloudapp.net/10.1.0.15)07122f08-5d38-49f7-8fdd-d2e34ec8d956(fv-az844-56.kvdfyhrxhd0epk3sa4trub4njc.xx.internal.cloudapp.net/10.1.0.15)244a53c4-9cb3-439d-93c3-5e05515fc991(fv-az844-56.kvdfyhrxhd0epk3sa4trub4njc.xx.internal.cloudapp.net/10.1.0.15), ReplicationConfig: STANDALONE/THREE, State:OPEN, leaderId:07122f08-5d38-49f7-8fdd-d2e34ec8d956, CreationTimestamp2023-05-31T22:57:41.974Z[Etc/UTC]].
2023-05-31 22:58:41,645 [main] WARN  storage.ContainerProtocolCalls (ContainerProtocolCalls.java:tryEachDatanode(147)) - Failed to read chunk 111677748019200367_chunk_1 (len=12) conID: 16 locID: 111677748019200367 bcsId: 140 from 07122f08-5d38-49f7-8fdd-d2e34ec8d956(fv-az844-56.kvdfyhrxhd0epk3sa4trub4njc.xx.internal.cloudapp.net/10.1.0.15); will try another datanode.
org.apache.hadoop.ozone.common.OzoneChecksumException: Checksum mismatch at index 0
	at org.apache.hadoop.ozone.common.ChecksumData.verifyChecksumDataMatches(ChecksumData.java:139)
	at org.apache.hadoop.ozone.common.Checksum.verifyChecksum(Checksum.java:295)
	at org.apache.hadoop.hdds.scm.storage.ChunkInputStream.lambda$new$0(ChunkInputStream.java:492)
	at org.apache.hadoop.hdds.scm.XceiverClientGrpc.sendCommandWithRetry(XceiverClientGrpc.java:410)
	at org.apache.hadoop.hdds.scm.XceiverClientGrpc.lambda$sendCommandWithTraceIDAndRetry$0(XceiverClientGrpc.java:349)
	at org.apache.hadoop.hdds.tracing.TracingUtil.executeInSpan(TracingUtil.java:196)
	at org.apache.hadoop.hdds.tracing.TracingUtil.executeInNewSpan(TracingUtil.java:170)
	at org.apache.hadoop.hdds.scm.XceiverClientGrpc.sendCommandWithTraceIDAndRetry(XceiverClientGrpc.java:343)
	at org.apache.hadoop.hdds.scm.XceiverClientGrpc.sendCommand(XceiverClientGrpc.java:324)
	at org.apache.hadoop.hdds.scm.storage.ContainerProtocolCalls.readChunk(ContainerProtocolCalls.java:355)
	at org.apache.hadoop.hdds.scm.storage.ContainerProtocolCalls.lambda$readChunk$2(ContainerProtocolCalls.java:342)
	at org.apache.hadoop.hdds.scm.storage.ContainerProtocolCalls.tryEachDatanode(ContainerProtocolCalls.java:143)
	at org.apache.hadoop.hdds.scm.storage.ContainerProtocolCalls.readChunk(ContainerProtocolCalls.java:341)
	at org.apache.hadoop.hdds.scm.storage.ChunkInputStream.readChunk(ChunkInputStream.java:430)
	at org.apache.hadoop.hdds.scm.storage.ChunkInputStream.readChunkDataIntoBuffers(ChunkInputStream.java:404)
	at org.apache.hadoop.hdds.scm.storage.ChunkInputStream.readChunkFromContainer(ChunkInputStream.java:389)
	at org.apache.hadoop.hdds.scm.storage.ChunkInputStream.prepareRead(ChunkInputStream.java:321)
	at org.apache.hadoop.hdds.scm.storage.ChunkInputStream.read(ChunkInputStream.java:175)
	at org.apache.hadoop.hdds.scm.storage.ByteArrayReader.readFromBlock(ByteArrayReader.java:57)
	at org.apache.hadoop.hdds.scm.storage.BlockInputStream.readWithStrategy(BlockInputStream.java:327)
	at org.apache.hadoop.hdds.scm.storage.ExtendedInputStream.read(ExtendedInputStream.java:56)
	at org.apache.hadoop.hdds.scm.storage.ByteArrayReader.readFromBlock(ByteArrayReader.java:57)
	at org.apache.hadoop.hdds.scm.storage.MultipartInputStream.readWithStrategy(MultipartInputStream.java:96)
	at org.apache.hadoop.hdds.scm.storage.ExtendedInputStream.read(ExtendedInputStream.java:56)
	at org.apache.hadoop.ozone.client.io.OzoneInputStream.read(OzoneInputStream.java:56)
	at java.io.InputStream.read(InputStream.java:101)
	at org.apache.hadoop.ozone.client.rpc.TestOzoneRpcClientAbstract.testReadKeyWithCorruptedDataWithMutiNodes(TestOzoneRpcClientAbstract.java:2044)
	at sun.reflect.NativeMethodAccessorImpl.invoke0(Native Method)
	at sun.reflect.NativeMethodAccessorImpl.invoke(NativeMethodAccessorImpl.java:62)
	at sun.reflect.DelegatingMethodAccessorImpl.invoke(DelegatingMethodAccessorImpl.java:43)
	at java.lang.reflect.Method.invoke(Method.java:498)
	at org.junit.platform.commons.util.ReflectionUtils.invokeMethod(ReflectionUtils.java:725)
	at org.junit.jupiter.engine.execution.MethodInvocation.proceed(MethodInvocation.java:60)
	at org.junit.jupiter.engine.execution.InvocationInterceptorChain$ValidatingInvocation.proceed(InvocationInterceptorChain.java:131)
	at org.junit.jupiter.engine.extension.TimeoutInvocation.proceed(TimeoutInvocation.java:46)
	at org.junit.jupiter.engine.extension.TimeoutExtension.intercept(TimeoutExtension.java:149)
	at org.junit.jupiter.engine.extension.TimeoutExtension.interceptTestableMethod(TimeoutExtension.java:140)
	at org.junit.jupiter.engine.extension.TimeoutExtension.interceptTestMethod(TimeoutExtension.java:84)
	at org.junit.jupiter.engine.execution.ExecutableInvoker$ReflectiveInterceptorCall.lambda$ofVoidMethod$0(ExecutableInvoker.java:115)
	at org.junit.jupiter.engine.execution.ExecutableInvoker.lambda$invoke$0(ExecutableInvoker.java:105)
	at org.junit.jupiter.engine.execution.InvocationInterceptorChain$InterceptedInvocation.proceed(InvocationInterceptorChain.java:106)
	at org.junit.jupiter.engine.execution.InvocationInterceptorChain.proceed(InvocationInterceptorChain.java:64)
	at org.junit.jupiter.engine.execution.InvocationInterceptorChain.chainAndInvoke(InvocationInterceptorChain.java:45)
	at org.junit.jupiter.engine.execution.InvocationInterceptorChain.invoke(InvocationInterceptorChain.java:37)
	at org.junit.jupiter.engine.execution.ExecutableInvoker.invoke(ExecutableInvoker.java:104)
	at org.junit.jupiter.engine.execution.ExecutableInvoker.invoke(ExecutableInvoker.java:98)
	at org.junit.jupiter.engine.descriptor.TestMethodTestDescriptor.lambda$invokeTestMethod$7(TestMethodTestDescriptor.java:214)
	at org.junit.platform.engine.support.hierarchical.ThrowableCollector.execute(ThrowableCollector.java:73)
	at org.junit.jupiter.engine.descriptor.TestMethodTestDescriptor.invokeTestMethod(TestMethodTestDescriptor.java:210)
	at org.junit.jupiter.engine.descriptor.TestMethodTestDescriptor.execute(TestMethodTestDescriptor.java:135)
	at org.junit.jupiter.engine.descriptor.TestMethodTestDescriptor.execute(TestMethodTestDescriptor.java:66)
	at org.junit.platform.engine.support.hierarchical.NodeTestTask.lambda$executeRecursively$6(NodeTestTask.java:151)
	at org.junit.platform.engine.support.hierarchical.ThrowableCollector.execute(ThrowableCollector.java:73)
	at org.junit.platform.engine.support.hierarchical.NodeTestTask.lambda$executeRecursively$8(NodeTestTask.java:141)
	at org.junit.platform.engine.support.hierarchical.Node.around(Node.java:137)
	at org.junit.platform.engine.support.hierarchical.NodeTestTask.lambda$executeRecursively$9(NodeTestTask.java:139)
	at org.junit.platform.engine.support.hierarchical.ThrowableCollector.execute(ThrowableCollector.java:73)
	at org.junit.platform.engine.support.hierarchical.NodeTestTask.executeRecursively(NodeTestTask.java:138)
	at org.junit.platform.engine.support.hierarchical.NodeTestTask.execute(NodeTestTask.java:95)
	at java.util.ArrayList.forEach(ArrayList.java:1259)
	at org.junit.platform.engine.support.hierarchical.SameThreadHierarchicalTestExecutorService.invokeAll(SameThreadHierarchicalTestExecutorService.java:41)
	at org.junit.platform.engine.support.hierarchical.NodeTestTask.lambda$executeRecursively$6(NodeTestTask.java:155)
	at org.junit.platform.engine.support.hierarchical.ThrowableCollector.execute(ThrowableCollector.java:73)
	at org.junit.platform.engine.support.hierarchical.NodeTestTask.lambda$executeRecursively$8(NodeTestTask.java:141)
	at org.junit.platform.engine.support.hierarchical.Node.around(Node.java:137)
	at org.junit.platform.engine.support.hierarchical.NodeTestTask.lambda$executeRecursively$9(NodeTestTask.java:139)
	at org.junit.platform.engine.support.hierarchical.ThrowableCollector.execute(ThrowableCollector.java:73)
	at org.junit.platform.engine.support.hierarchical.NodeTestTask.executeRecursively(NodeTestTask.java:138)
	at org.junit.platform.engine.support.hierarchical.NodeTestTask.execute(NodeTestTask.java:95)
	at java.util.ArrayList.forEach(ArrayList.java:1259)
	at org.junit.platform.engine.support.hierarchical.SameThreadHierarchicalTestExecutorService.invokeAll(SameThreadHierarchicalTestExecutorService.java:41)
	at org.junit.platform.engine.support.hierarchical.NodeTestTask.lambda$executeRecursively$6(NodeTestTask.java:155)
	at org.junit.platform.engine.support.hierarchical.ThrowableCollector.execute(ThrowableCollector.java:73)
	at org.junit.platform.engine.support.hierarchical.NodeTestTask.lambda$executeRecursively$8(NodeTestTask.java:141)
	at org.junit.platform.engine.support.hierarchical.Node.around(Node.java:137)
	at org.junit.platform.engine.support.hierarchical.NodeTestTask.lambda$executeRecursively$9(NodeTestTask.java:139)
	at org.junit.platform.engine.support.hierarchical.ThrowableCollector.execute(ThrowableCollector.java:73)
	at org.junit.platform.engine.support.hierarchical.NodeTestTask.executeRecursively(NodeTestTask.java:138)
	at org.junit.platform.engine.support.hierarchical.NodeTestTask.execute(NodeTestTask.java:95)
	at org.junit.platform.engine.support.hierarchical.SameThreadHierarchicalTestExecutorService.submit(SameThreadHierarchicalTestExecutorService.java:35)
	at org.junit.platform.engine.support.hierarchical.HierarchicalTestExecutor.execute(HierarchicalTestExecutor.java:57)
	at org.junit.platform.engine.support.hierarchical.HierarchicalTestEngine.execute(HierarchicalTestEngine.java:54)
	at org.junit.platform.launcher.core.EngineExecutionOrchestrator.execute(EngineExecutionOrchestrator.java:107)
	at org.junit.platform.launcher.core.EngineExecutionOrchestrator.execute(EngineExecutionOrchestrator.java:88)
	at org.junit.platform.launcher.core.EngineExecutionOrchestrator.lambda$execute$0(EngineExecutionOrchestrator.java:54)
	at org.junit.platform.launcher.core.EngineExecutionOrchestrator.withInterceptedStreams(EngineExecutionOrchestrator.java:67)
	at org.junit.platform.launcher.core.EngineExecutionOrchestrator.execute(EngineExecutionOrchestrator.java:52)
	at org.junit.platform.launcher.core.DefaultLauncher.execute(DefaultLauncher.java:114)
	at org.junit.platform.launcher.core.DefaultLauncher.execute(DefaultLauncher.java:86)
	at org.junit.platform.launcher.core.DefaultLauncherSession$DelegatingLauncher.execute(DefaultLauncherSession.java:86)
	at org.junit.platform.launcher.core.SessionPerRequestLauncher.execute(SessionPerRequestLauncher.java:53)
	at org.apache.maven.surefire.junitplatform.JUnitPlatformProvider.execute(JUnitPlatformProvider.java:188)
	at org.apache.maven.surefire.junitplatform.JUnitPlatformProvider.invokeAllTests(JUnitPlatformProvider.java:154)
	at org.apache.maven.surefire.junitplatform.JUnitPlatformProvider.invoke(JUnitPlatformProvider.java:124)
	at org.apache.maven.surefire.booter.ForkedBooter.runSuitesInProcess(ForkedBooter.java:428)
	at org.apache.maven.surefire.booter.ForkedBooter.execute(ForkedBooter.java:162)
	at org.apache.maven.surefire.booter.ForkedBooter.run(ForkedBooter.java:562)
	at org.apache.maven.surefire.booter.ForkedBooter.main(ForkedBooter.java:548)
2023-05-31 22:58:41,650 [main] ERROR scm.XceiverClientGrpc (XceiverClientGrpc.java:sendCommandWithRetry(453)) - Failed to execute command ReadChunk on the pipeline Pipeline[ Id: 31c9f478-22b8-4318-8be4-a53698dce0f1, Nodes: 160cf24b-84e6-41e3-a0dc-1baa6b89aef1(fv-az844-56.kvdfyhrxhd0epk3sa4trub4njc.xx.internal.cloudapp.net/10.1.0.15)07122f08-5d38-49f7-8fdd-d2e34ec8d956(fv-az844-56.kvdfyhrxhd0epk3sa4trub4njc.xx.internal.cloudapp.net/10.1.0.15)244a53c4-9cb3-439d-93c3-5e05515fc991(fv-az844-56.kvdfyhrxhd0epk3sa4trub4njc.xx.internal.cloudapp.net/10.1.0.15), ReplicationConfig: STANDALONE/THREE, State:OPEN, leaderId:07122f08-5d38-49f7-8fdd-d2e34ec8d956, CreationTimestamp2023-05-31T22:57:41.974Z[Etc/UTC]].
2023-05-31 22:58:41,651 [main] WARN  storage.ContainerProtocolCalls (ContainerProtocolCalls.java:tryEachDatanode(147)) - Failed to read chunk 111677748019200367_chunk_1 (len=12) conID: 16 locID: 111677748019200367 bcsId: 140 from 160cf24b-84e6-41e3-a0dc-1baa6b89aef1(fv-az844-56.kvdfyhrxhd0epk3sa4trub4njc.xx.internal.cloudapp.net/10.1.0.15); will try another datanode.
org.apache.hadoop.ozone.common.OzoneChecksumException: Checksum mismatch at index 0
	at org.apache.hadoop.ozone.common.ChecksumData.verifyChecksumDataMatches(ChecksumData.java:139)
	at org.apache.hadoop.ozone.common.Checksum.verifyChecksum(Checksum.java:295)
	at org.apache.hadoop.hdds.scm.storage.ChunkInputStream.lambda$new$0(ChunkInputStream.java:492)
	at org.apache.hadoop.hdds.scm.XceiverClientGrpc.sendCommandWithRetry(XceiverClientGrpc.java:410)
	at org.apache.hadoop.hdds.scm.XceiverClientGrpc.lambda$sendCommandWithTraceIDAndRetry$0(XceiverClientGrpc.java:349)
	at org.apache.hadoop.hdds.tracing.TracingUtil.executeInSpan(TracingUtil.java:196)
	at org.apache.hadoop.hdds.tracing.TracingUtil.executeInNewSpan(TracingUtil.java:170)
	at org.apache.hadoop.hdds.scm.XceiverClientGrpc.sendCommandWithTraceIDAndRetry(XceiverClientGrpc.java:343)
	at org.apache.hadoop.hdds.scm.XceiverClientGrpc.sendCommand(XceiverClientGrpc.java:324)
	at org.apache.hadoop.hdds.scm.storage.ContainerProtocolCalls.readChunk(ContainerProtocolCalls.java:355)
	at org.apache.hadoop.hdds.scm.storage.ContainerProtocolCalls.lambda$readChunk$2(ContainerProtocolCalls.java:342)
	at org.apache.hadoop.hdds.scm.storage.ContainerProtocolCalls.tryEachDatanode(ContainerProtocolCalls.java:143)
	at org.apache.hadoop.hdds.scm.storage.ContainerProtocolCalls.readChunk(ContainerProtocolCalls.java:341)
	at org.apache.hadoop.hdds.scm.storage.ChunkInputStream.readChunk(ChunkInputStream.java:430)
	at org.apache.hadoop.hdds.scm.storage.ChunkInputStream.readChunkDataIntoBuffers(ChunkInputStream.java:404)
	at org.apache.hadoop.hdds.scm.storage.ChunkInputStream.readChunkFromContainer(ChunkInputStream.java:389)
	at org.apache.hadoop.hdds.scm.storage.ChunkInputStream.prepareRead(ChunkInputStream.java:321)
	at org.apache.hadoop.hdds.scm.storage.ChunkInputStream.read(ChunkInputStream.java:175)
	at org.apache.hadoop.hdds.scm.storage.ByteArrayReader.readFromBlock(ByteArrayReader.java:57)
	at org.apache.hadoop.hdds.scm.storage.BlockInputStream.readWithStrategy(BlockInputStream.java:327)
	at org.apache.hadoop.hdds.scm.storage.ExtendedInputStream.read(ExtendedInputStream.java:56)
	at org.apache.hadoop.hdds.scm.storage.ByteArrayReader.readFromBlock(ByteArrayReader.java:57)
	at org.apache.hadoop.hdds.scm.storage.MultipartInputStream.readWithStrategy(MultipartInputStream.java:96)
	at org.apache.hadoop.hdds.scm.storage.ExtendedInputStream.read(ExtendedInputStream.java:56)
	at org.apache.hadoop.ozone.client.io.OzoneInputStream.read(OzoneInputStream.java:56)
	at java.io.InputStream.read(InputStream.java:101)
	at org.apache.hadoop.ozone.client.rpc.TestOzoneRpcClientAbstract.testReadKeyWithCorruptedDataWithMutiNodes(TestOzoneRpcClientAbstract.java:2044)
	at sun.reflect.NativeMethodAccessorImpl.invoke0(Native Method)
	at sun.reflect.NativeMethodAccessorImpl.invoke(NativeMethodAccessorImpl.java:62)
	at sun.reflect.DelegatingMethodAccessorImpl.invoke(DelegatingMethodAccessorImpl.java:43)
	at java.lang.reflect.Method.invoke(Method.java:498)
	at org.junit.platform.commons.util.ReflectionUtils.invokeMethod(ReflectionUtils.java:725)
	at org.junit.jupiter.engine.execution.MethodInvocation.proceed(MethodInvocation.java:60)
	at org.junit.jupiter.engine.execution.InvocationInterceptorChain$ValidatingInvocation.proceed(InvocationInterceptorChain.java:131)
	at org.junit.jupiter.engine.extension.TimeoutInvocation.proceed(TimeoutInvocation.java:46)
	at org.junit.jupiter.engine.extension.TimeoutExtension.intercept(TimeoutExtension.java:149)
	at org.junit.jupiter.engine.extension.TimeoutExtension.interceptTestableMethod(TimeoutExtension.java:140)
	at org.junit.jupiter.engine.extension.TimeoutExtension.interceptTestMethod(TimeoutExtension.java:84)
	at org.junit.jupiter.engine.execution.ExecutableInvoker$ReflectiveInterceptorCall.lambda$ofVoidMethod$0(ExecutableInvoker.java:115)
	at org.junit.jupiter.engine.execution.ExecutableInvoker.lambda$invoke$0(ExecutableInvoker.java:105)
	at org.junit.jupiter.engine.execution.InvocationInterceptorChain$InterceptedInvocation.proceed(InvocationInterceptorChain.java:106)
	at org.junit.jupiter.engine.execution.InvocationInterceptorChain.proceed(InvocationInterceptorChain.java:64)
	at org.junit.jupiter.engine.execution.InvocationInterceptorChain.chainAndInvoke(InvocationInterceptorChain.java:45)
	at org.junit.jupiter.engine.execution.InvocationInterceptorChain.invoke(InvocationInterceptorChain.java:37)
	at org.junit.jupiter.engine.execution.ExecutableInvoker.invoke(ExecutableInvoker.java:104)
	at org.junit.jupiter.engine.execution.ExecutableInvoker.invoke(ExecutableInvoker.java:98)
	at org.junit.jupiter.engine.descriptor.TestMethodTestDescriptor.lambda$invokeTestMethod$7(TestMethodTestDescriptor.java:214)
	at org.junit.platform.engine.support.hierarchical.ThrowableCollector.execute(ThrowableCollector.java:73)
	at org.junit.jupiter.engine.descriptor.TestMethodTestDescriptor.invokeTestMethod(TestMethodTestDescriptor.java:210)
	at org.junit.jupiter.engine.descriptor.TestMethodTestDescriptor.execute(TestMethodTestDescriptor.java:135)
	at org.junit.jupiter.engine.descriptor.TestMethodTestDescriptor.execute(TestMethodTestDescriptor.java:66)
	at org.junit.platform.engine.support.hierarchical.NodeTestTask.lambda$executeRecursively$6(NodeTestTask.java:151)
	at org.junit.platform.engine.support.hierarchical.ThrowableCollector.execute(ThrowableCollector.java:73)
	at org.junit.platform.engine.support.hierarchical.NodeTestTask.lambda$executeRecursively$8(NodeTestTask.java:141)
	at org.junit.platform.engine.support.hierarchical.Node.around(Node.java:137)
	at org.junit.platform.engine.support.hierarchical.NodeTestTask.lambda$executeRecursively$9(NodeTestTask.java:139)
	at org.junit.platform.engine.support.hierarchical.ThrowableCollector.execute(ThrowableCollector.java:73)
	at org.junit.platform.engine.support.hierarchical.NodeTestTask.executeRecursively(NodeTestTask.java:138)
	at org.junit.platform.engine.support.hierarchical.NodeTestTask.execute(NodeTestTask.java:95)
	at java.util.ArrayList.forEach(ArrayList.java:1259)
	at org.junit.platform.engine.support.hierarchical.SameThreadHierarchicalTestExecutorService.invokeAll(SameThreadHierarchicalTestExecutorService.java:41)
	at org.junit.platform.engine.support.hierarchical.NodeTestTask.lambda$executeRecursively$6(NodeTestTask.java:155)
	at org.junit.platform.engine.support.hierarchical.ThrowableCollector.execute(ThrowableCollector.java:73)
	at org.junit.platform.engine.support.hierarchical.NodeTestTask.lambda$executeRecursively$8(NodeTestTask.java:141)
	at org.junit.platform.engine.support.hierarchical.Node.around(Node.java:137)
	at org.junit.platform.engine.support.hierarchical.NodeTestTask.lambda$executeRecursively$9(NodeTestTask.java:139)
	at org.junit.platform.engine.support.hierarchical.ThrowableCollector.execute(ThrowableCollector.java:73)
	at org.junit.platform.engine.support.hierarchical.NodeTestTask.executeRecursively(NodeTestTask.java:138)
	at org.junit.platform.engine.support.hierarchical.NodeTestTask.execute(NodeTestTask.java:95)
	at java.util.ArrayList.forEach(ArrayList.java:1259)
	at org.junit.platform.engine.support.hierarchical.SameThreadHierarchicalTestExecutorService.invokeAll(SameThreadHierarchicalTestExecutorService.java:41)
	at org.junit.platform.engine.support.hierarchical.NodeTestTask.lambda$executeRecursively$6(NodeTestTask.java:155)
	at org.junit.platform.engine.support.hierarchical.ThrowableCollector.execute(ThrowableCollector.java:73)
	at org.junit.platform.engine.support.hierarchical.NodeTestTask.lambda$executeRecursively$8(NodeTestTask.java:141)
	at org.junit.platform.engine.support.hierarchical.Node.around(Node.java:137)
	at org.junit.platform.engine.support.hierarchical.NodeTestTask.lambda$executeRecursively$9(NodeTestTask.java:139)
	at org.junit.platform.engine.support.hierarchical.ThrowableCollector.execute(ThrowableCollector.java:73)
	at org.junit.platform.engine.support.hierarchical.NodeTestTask.executeRecursively(NodeTestTask.java:138)
	at org.junit.platform.engine.support.hierarchical.NodeTestTask.execute(NodeTestTask.java:95)
	at org.junit.platform.engine.support.hierarchical.SameThreadHierarchicalTestExecutorService.submit(SameThreadHierarchicalTestExecutorService.java:35)
	at org.junit.platform.engine.support.hierarchical.HierarchicalTestExecutor.execute(HierarchicalTestExecutor.java:57)
	at org.junit.platform.engine.support.hierarchical.HierarchicalTestEngine.execute(HierarchicalTestEngine.java:54)
	at org.junit.platform.launcher.core.EngineExecutionOrchestrator.execute(EngineExecutionOrchestrator.java:107)
	at org.junit.platform.launcher.core.EngineExecutionOrchestrator.execute(EngineExecutionOrchestrator.java:88)
	at org.junit.platform.launcher.core.EngineExecutionOrchestrator.lambda$execute$0(EngineExecutionOrchestrator.java:54)
	at org.junit.platform.launcher.core.EngineExecutionOrchestrator.withInterceptedStreams(EngineExecutionOrchestrator.java:67)
	at org.junit.platform.launcher.core.EngineExecutionOrchestrator.execute(EngineExecutionOrchestrator.java:52)
	at org.junit.platform.launcher.core.DefaultLauncher.execute(DefaultLauncher.java:114)
	at org.junit.platform.launcher.core.DefaultLauncher.execute(DefaultLauncher.java:86)
	at org.junit.platform.launcher.core.DefaultLauncherSession$DelegatingLauncher.execute(DefaultLauncherSession.java:86)
	at org.junit.platform.launcher.core.SessionPerRequestLauncher.execute(SessionPerRequestLauncher.java:53)
	at org.apache.maven.surefire.junitplatform.JUnitPlatformProvider.execute(JUnitPlatformProvider.java:188)
	at org.apache.maven.surefire.junitplatform.JUnitPlatformProvider.invokeAllTests(JUnitPlatformProvider.java:154)
	at org.apache.maven.surefire.junitplatform.JUnitPlatformProvider.invoke(JUnitPlatformProvider.java:124)
	at org.apache.maven.surefire.booter.ForkedBooter.runSuitesInProcess(ForkedBooter.java:428)
	at org.apache.maven.surefire.booter.ForkedBooter.execute(ForkedBooter.java:162)
	at org.apache.maven.surefire.booter.ForkedBooter.run(ForkedBooter.java:562)
	at org.apache.maven.surefire.booter.ForkedBooter.main(ForkedBooter.java:548)
2023-05-31 22:58:41,656 [main] ERROR scm.XceiverClientGrpc (XceiverClientGrpc.java:sendCommandWithRetry(453)) - Failed to execute command ReadChunk on the pipeline Pipeline[ Id: 31c9f478-22b8-4318-8be4-a53698dce0f1, Nodes: 160cf24b-84e6-41e3-a0dc-1baa6b89aef1(fv-az844-56.kvdfyhrxhd0epk3sa4trub4njc.xx.internal.cloudapp.net/10.1.0.15)07122f08-5d38-49f7-8fdd-d2e34ec8d956(fv-az844-56.kvdfyhrxhd0epk3sa4trub4njc.xx.internal.cloudapp.net/10.1.0.15)244a53c4-9cb3-439d-93c3-5e05515fc991(fv-az844-56.kvdfyhrxhd0epk3sa4trub4njc.xx.internal.cloudapp.net/10.1.0.15), ReplicationConfig: STANDALONE/THREE, State:OPEN, leaderId:07122f08-5d38-49f7-8fdd-d2e34ec8d956, CreationTimestamp2023-05-31T22:57:41.974Z[Etc/UTC]].
2023-05-31 22:58:41,662 [main] ERROR scm.XceiverClientGrpc (XceiverClientGrpc.java:sendCommandWithRetry(453)) - Failed to execute command ReadChunk on the pipeline Pipeline[ Id: 31c9f478-22b8-4318-8be4-a53698dce0f1, Nodes: 160cf24b-84e6-41e3-a0dc-1baa6b89aef1(fv-az844-56.kvdfyhrxhd0epk3sa4trub4njc.xx.internal.cloudapp.net/10.1.0.15)07122f08-5d38-49f7-8fdd-d2e34ec8d956(fv-az844-56.kvdfyhrxhd0epk3sa4trub4njc.xx.internal.cloudapp.net/10.1.0.15)244a53c4-9cb3-439d-93c3-5e05515fc991(fv-az844-56.kvdfyhrxhd0epk3sa4trub4njc.xx.internal.cloudapp.net/10.1.0.15), ReplicationConfig: STANDALONE/THREE, State:OPEN, leaderId:07122f08-5d38-49f7-8fdd-d2e34ec8d956, CreationTimestamp2023-05-31T22:57:41.974Z[Etc/UTC]].
2023-05-31 22:58:41,663 [main] WARN  storage.ContainerProtocolCalls (ContainerProtocolCalls.java:tryEachDatanode(147)) - Failed to read chunk 111677748019200367_chunk_1 (len=12) conID: 16 locID: 111677748019200367 bcsId: 140 from 07122f08-5d38-49f7-8fdd-d2e34ec8d956(fv-az844-56.kvdfyhrxhd0epk3sa4trub4njc.xx.internal.cloudapp.net/10.1.0.15); will try another datanode.
org.apache.hadoop.ozone.common.OzoneChecksumException: Checksum mismatch at index 0
	at org.apache.hadoop.ozone.common.ChecksumData.verifyChecksumDataMatches(ChecksumData.java:139)
	at org.apache.hadoop.ozone.common.Checksum.verifyChecksum(Checksum.java:295)
	at org.apache.hadoop.hdds.scm.storage.ChunkInputStream.lambda$new$0(ChunkInputStream.java:492)
	at org.apache.hadoop.hdds.scm.XceiverClientGrpc.sendCommandWithRetry(XceiverClientGrpc.java:410)
	at org.apache.hadoop.hdds.scm.XceiverClientGrpc.lambda$sendCommandWithTraceIDAndRetry$0(XceiverClientGrpc.java:349)
	at org.apache.hadoop.hdds.tracing.TracingUtil.executeInSpan(TracingUtil.java:196)
	at org.apache.hadoop.hdds.tracing.TracingUtil.executeInNewSpan(TracingUtil.java:170)
	at org.apache.hadoop.hdds.scm.XceiverClientGrpc.sendCommandWithTraceIDAndRetry(XceiverClientGrpc.java:343)
	at org.apache.hadoop.hdds.scm.XceiverClientGrpc.sendCommand(XceiverClientGrpc.java:324)
	at org.apache.hadoop.hdds.scm.storage.ContainerProtocolCalls.readChunk(ContainerProtocolCalls.java:355)
	at org.apache.hadoop.hdds.scm.storage.ContainerProtocolCalls.lambda$readChunk$2(ContainerProtocolCalls.java:342)
	at org.apache.hadoop.hdds.scm.storage.ContainerProtocolCalls.tryEachDatanode(ContainerProtocolCalls.java:143)
	at org.apache.hadoop.hdds.scm.storage.ContainerProtocolCalls.readChunk(ContainerProtocolCalls.java:341)
	at org.apache.hadoop.hdds.scm.storage.ChunkInputStream.readChunk(ChunkInputStream.java:430)
	at org.apache.hadoop.hdds.scm.storage.ChunkInputStream.readChunkDataIntoBuffers(ChunkInputStream.java:404)
	at org.apache.hadoop.hdds.scm.storage.ChunkInputStream.readChunkFromContainer(ChunkInputStream.java:389)
	at org.apache.hadoop.hdds.scm.storage.ChunkInputStream.prepareRead(ChunkInputStream.java:321)
	at org.apache.hadoop.hdds.scm.storage.ChunkInputStream.read(ChunkInputStream.java:175)
	at org.apache.hadoop.hdds.scm.storage.ByteArrayReader.readFromBlock(ByteArrayReader.java:57)
	at org.apache.hadoop.hdds.scm.storage.BlockInputStream.readWithStrategy(BlockInputStream.java:327)
	at org.apache.hadoop.hdds.scm.storage.ExtendedInputStream.read(ExtendedInputStream.java:56)
	at org.apache.hadoop.hdds.scm.storage.ByteArrayReader.readFromBlock(ByteArrayReader.java:57)
	at org.apache.hadoop.hdds.scm.storage.MultipartInputStream.readWithStrategy(MultipartInputStream.java:96)
	at org.apache.hadoop.hdds.scm.storage.ExtendedInputStream.read(ExtendedInputStream.java:56)
	at org.apache.hadoop.ozone.client.io.OzoneInputStream.read(OzoneInputStream.java:56)
	at java.io.InputStream.read(InputStream.java:101)
	at org.apache.hadoop.ozone.client.rpc.TestOzoneRpcClientAbstract.testReadKeyWithCorruptedDataWithMutiNodes(TestOzoneRpcClientAbstract.java:2044)
	at sun.reflect.NativeMethodAccessorImpl.invoke0(Native Method)
	at sun.reflect.NativeMethodAccessorImpl.invoke(NativeMethodAccessorImpl.java:62)
	at sun.reflect.DelegatingMethodAccessorImpl.invoke(DelegatingMethodAccessorImpl.java:43)
	at java.lang.reflect.Method.invoke(Method.java:498)
	at org.junit.platform.commons.util.ReflectionUtils.invokeMethod(ReflectionUtils.java:725)
	at org.junit.jupiter.engine.execution.MethodInvocation.proceed(MethodInvocation.java:60)
	at org.junit.jupiter.engine.execution.InvocationInterceptorChain$ValidatingInvocation.proceed(InvocationInterceptorChain.java:131)
	at org.junit.jupiter.engine.extension.TimeoutInvocation.proceed(TimeoutInvocation.java:46)
	at org.junit.jupiter.engine.extension.TimeoutExtension.intercept(TimeoutExtension.java:149)
	at org.junit.jupiter.engine.extension.TimeoutExtension.interceptTestableMethod(TimeoutExtension.java:140)
	at org.junit.jupiter.engine.extension.TimeoutExtension.interceptTestMethod(TimeoutExtension.java:84)
	at org.junit.jupiter.engine.execution.ExecutableInvoker$ReflectiveInterceptorCall.lambda$ofVoidMethod$0(ExecutableInvoker.java:115)
	at org.junit.jupiter.engine.execution.ExecutableInvoker.lambda$invoke$0(ExecutableInvoker.java:105)
	at org.junit.jupiter.engine.execution.InvocationInterceptorChain$InterceptedInvocation.proceed(InvocationInterceptorChain.java:106)
	at org.junit.jupiter.engine.execution.InvocationInterceptorChain.proceed(InvocationInterceptorChain.java:64)
	at org.junit.jupiter.engine.execution.InvocationInterceptorChain.chainAndInvoke(InvocationInterceptorChain.java:45)
	at org.junit.jupiter.engine.execution.InvocationInterceptorChain.invoke(InvocationInterceptorChain.java:37)
	at org.junit.jupiter.engine.execution.ExecutableInvoker.invoke(ExecutableInvoker.java:104)
	at org.junit.jupiter.engine.execution.ExecutableInvoker.invoke(ExecutableInvoker.java:98)
	at org.junit.jupiter.engine.descriptor.TestMethodTestDescriptor.lambda$invokeTestMethod$7(TestMethodTestDescriptor.java:214)
	at org.junit.platform.engine.support.hierarchical.ThrowableCollector.execute(ThrowableCollector.java:73)
	at org.junit.jupiter.engine.descriptor.TestMethodTestDescriptor.invokeTestMethod(TestMethodTestDescriptor.java:210)
	at org.junit.jupiter.engine.descriptor.TestMethodTestDescriptor.execute(TestMethodTestDescriptor.java:135)
	at org.junit.jupiter.engine.descriptor.TestMethodTestDescriptor.execute(TestMethodTestDescriptor.java:66)
	at org.junit.platform.engine.support.hierarchical.NodeTestTask.lambda$executeRecursively$6(NodeTestTask.java:151)
	at org.junit.platform.engine.support.hierarchical.ThrowableCollector.execute(ThrowableCollector.java:73)
	at org.junit.platform.engine.support.hierarchical.NodeTestTask.lambda$executeRecursively$8(NodeTestTask.java:141)
	at org.junit.platform.engine.support.hierarchical.Node.around(Node.java:137)
	at org.junit.platform.engine.support.hierarchical.NodeTestTask.lambda$executeRecursively$9(NodeTestTask.java:139)
	at org.junit.platform.engine.support.hierarchical.ThrowableCollector.execute(ThrowableCollector.java:73)
	at org.junit.platform.engine.support.hierarchical.NodeTestTask.executeRecursively(NodeTestTask.java:138)
	at org.junit.platform.engine.support.hierarchical.NodeTestTask.execute(NodeTestTask.java:95)
	at java.util.ArrayList.forEach(ArrayList.java:1259)
	at org.junit.platform.engine.support.hierarchical.SameThreadHierarchicalTestExecutorService.invokeAll(SameThreadHierarchicalTestExecutorService.java:41)
	at org.junit.platform.engine.support.hierarchical.NodeTestTask.lambda$executeRecursively$6(NodeTestTask.java:155)
	at org.junit.platform.engine.support.hierarchical.ThrowableCollector.execute(ThrowableCollector.java:73)
	at org.junit.platform.engine.support.hierarchical.NodeTestTask.lambda$executeRecursively$8(NodeTestTask.java:141)
	at org.junit.platform.engine.support.hierarchical.Node.around(Node.java:137)
	at org.junit.platform.engine.support.hierarchical.NodeTestTask.lambda$executeRecursively$9(NodeTestTask.java:139)
	at org.junit.platform.engine.support.hierarchical.ThrowableCollector.execute(ThrowableCollector.java:73)
	at org.junit.platform.engine.support.hierarchical.NodeTestTask.executeRecursively(NodeTestTask.java:138)
	at org.junit.platform.engine.support.hierarchical.NodeTestTask.execute(NodeTestTask.java:95)
	at java.util.ArrayList.forEach(ArrayList.java:1259)
	at org.junit.platform.engine.support.hierarchical.SameThreadHierarchicalTestExecutorService.invokeAll(SameThreadHierarchicalTestExecutorService.java:41)
	at org.junit.platform.engine.support.hierarchical.NodeTestTask.lambda$executeRecursively$6(NodeTestTask.java:155)
	at org.junit.platform.engine.support.hierarchical.ThrowableCollector.execute(ThrowableCollector.java:73)
	at org.junit.platform.engine.support.hierarchical.NodeTestTask.lambda$executeRecursively$8(NodeTestTask.java:141)
	at org.junit.platform.engine.support.hierarchical.Node.around(Node.java:137)
	at org.junit.platform.engine.support.hierarchical.NodeTestTask.lambda$executeRecursively$9(NodeTestTask.java:139)
	at org.junit.platform.engine.support.hierarchical.ThrowableCollector.execute(ThrowableCollector.java:73)
	at org.junit.platform.engine.support.hierarchical.NodeTestTask.executeRecursively(NodeTestTask.java:138)
	at org.junit.platform.engine.support.hierarchical.NodeTestTask.execute(NodeTestTask.java:95)
	at org.junit.platform.engine.support.hierarchical.SameThreadHierarchicalTestExecutorService.submit(SameThreadHierarchicalTestExecutorService.java:35)
	at org.junit.platform.engine.support.hierarchical.HierarchicalTestExecutor.execute(HierarchicalTestExecutor.java:57)
	at org.junit.platform.engine.support.hierarchical.HierarchicalTestEngine.execute(HierarchicalTestEngine.java:54)
	at org.junit.platform.launcher.core.EngineExecutionOrchestrator.execute(EngineExecutionOrchestrator.java:107)
	at org.junit.platform.launcher.core.EngineExecutionOrchestrator.execute(EngineExecutionOrchestrator.java:88)
	at org.junit.platform.launcher.core.EngineExecutionOrchestrator.lambda$execute$0(EngineExecutionOrchestrator.java:54)
	at org.junit.platform.launcher.core.EngineExecutionOrchestrator.withInterceptedStreams(EngineExecutionOrchestrator.java:67)
	at org.junit.platform.launcher.core.EngineExecutionOrchestrator.execute(EngineExecutionOrchestrator.java:52)
	at org.junit.platform.launcher.core.DefaultLauncher.execute(DefaultLauncher.java:114)
	at org.junit.platform.launcher.core.DefaultLauncher.execute(DefaultLauncher.java:86)
	at org.junit.platform.launcher.core.DefaultLauncherSession$DelegatingLauncher.execute(DefaultLauncherSession.java:86)
	at org.junit.platform.launcher.core.SessionPerRequestLauncher.execute(SessionPerRequestLauncher.java:53)
	at org.apache.maven.surefire.junitplatform.JUnitPlatformProvider.execute(JUnitPlatformProvider.java:188)
	at org.apache.maven.surefire.junitplatform.JUnitPlatformProvider.invokeAllTests(JUnitPlatformProvider.java:154)
	at org.apache.maven.surefire.junitplatform.JUnitPlatformProvider.invoke(JUnitPlatformProvider.java:124)
	at org.apache.maven.surefire.booter.ForkedBooter.runSuitesInProcess(ForkedBooter.java:428)
	at org.apache.maven.surefire.booter.ForkedBooter.execute(ForkedBooter.java:162)
	at org.apache.maven.surefire.booter.ForkedBooter.run(ForkedBooter.java:562)
	at org.apache.maven.surefire.booter.ForkedBooter.main(ForkedBooter.java:548)
2023-05-31 22:58:41,672 [main] ERROR scm.XceiverClientGrpc (XceiverClientGrpc.java:sendCommandWithRetry(453)) - Failed to execute command ReadChunk on the pipeline Pipeline[ Id: 31c9f478-22b8-4318-8be4-a53698dce0f1, Nodes: 160cf24b-84e6-41e3-a0dc-1baa6b89aef1(fv-az844-56.kvdfyhrxhd0epk3sa4trub4njc.xx.internal.cloudapp.net/10.1.0.15)07122f08-5d38-49f7-8fdd-d2e34ec8d956(fv-az844-56.kvdfyhrxhd0epk3sa4trub4njc.xx.internal.cloudapp.net/10.1.0.15)244a53c4-9cb3-439d-93c3-5e05515fc991(fv-az844-56.kvdfyhrxhd0epk3sa4trub4njc.xx.internal.cloudapp.net/10.1.0.15), ReplicationConfig: STANDALONE/THREE, State:OPEN, leaderId:07122f08-5d38-49f7-8fdd-d2e34ec8d956, CreationTimestamp2023-05-31T22:57:41.974Z[Etc/UTC]].
2023-05-31 22:58:41,672 [main] WARN  storage.ContainerProtocolCalls (ContainerProtocolCalls.java:tryEachDatanode(147)) - Failed to read chunk 111677748019200367_chunk_1 (len=12) conID: 16 locID: 111677748019200367 bcsId: 140 from 160cf24b-84e6-41e3-a0dc-1baa6b89aef1(fv-az844-56.kvdfyhrxhd0epk3sa4trub4njc.xx.internal.cloudapp.net/10.1.0.15); will try another datanode.
org.apache.hadoop.ozone.common.OzoneChecksumException: Checksum mismatch at index 0
	at org.apache.hadoop.ozone.common.ChecksumData.verifyChecksumDataMatches(ChecksumData.java:139)
	at org.apache.hadoop.ozone.common.Checksum.verifyChecksum(Checksum.java:295)
	at org.apache.hadoop.hdds.scm.storage.ChunkInputStream.lambda$new$0(ChunkInputStream.java:492)
	at org.apache.hadoop.hdds.scm.XceiverClientGrpc.sendCommandWithRetry(XceiverClientGrpc.java:410)
	at org.apache.hadoop.hdds.scm.XceiverClientGrpc.lambda$sendCommandWithTraceIDAndRetry$0(XceiverClientGrpc.java:349)
	at org.apache.hadoop.hdds.tracing.TracingUtil.executeInSpan(TracingUtil.java:196)
	at org.apache.hadoop.hdds.tracing.TracingUtil.executeInNewSpan(TracingUtil.java:170)
	at org.apache.hadoop.hdds.scm.XceiverClientGrpc.sendCommandWithTraceIDAndRetry(XceiverClientGrpc.java:343)
	at org.apache.hadoop.hdds.scm.XceiverClientGrpc.sendCommand(XceiverClientGrpc.java:324)
	at org.apache.hadoop.hdds.scm.storage.ContainerProtocolCalls.readChunk(ContainerProtocolCalls.java:355)
	at org.apache.hadoop.hdds.scm.storage.ContainerProtocolCalls.lambda$readChunk$2(ContainerProtocolCalls.java:342)
	at org.apache.hadoop.hdds.scm.storage.ContainerProtocolCalls.tryEachDatanode(ContainerProtocolCalls.java:143)
	at org.apache.hadoop.hdds.scm.storage.ContainerProtocolCalls.readChunk(ContainerProtocolCalls.java:341)
	at org.apache.hadoop.hdds.scm.storage.ChunkInputStream.readChunk(ChunkInputStream.java:430)
	at org.apache.hadoop.hdds.scm.storage.ChunkInputStream.readChunkDataIntoBuffers(ChunkInputStream.java:404)
	at org.apache.hadoop.hdds.scm.storage.ChunkInputStream.readChunkFromContainer(ChunkInputStream.java:389)
	at org.apache.hadoop.hdds.scm.storage.ChunkInputStream.prepareRead(ChunkInputStream.java:321)
	at org.apache.hadoop.hdds.scm.storage.ChunkInputStream.read(ChunkInputStream.java:175)
	at org.apache.hadoop.hdds.scm.storage.ByteArrayReader.readFromBlock(ByteArrayReader.java:57)
	at org.apache.hadoop.hdds.scm.storage.BlockInputStream.readWithStrategy(BlockInputStream.java:327)
	at org.apache.hadoop.hdds.scm.storage.ExtendedInputStream.read(ExtendedInputStream.java:56)
	at org.apache.hadoop.hdds.scm.storage.ByteArrayReader.readFromBlock(ByteArrayReader.java:57)
	at org.apache.hadoop.hdds.scm.storage.MultipartInputStream.readWithStrategy(MultipartInputStream.java:96)
	at org.apache.hadoop.hdds.scm.storage.ExtendedInputStream.read(ExtendedInputStream.java:56)
	at org.apache.hadoop.ozone.client.io.OzoneInputStream.read(OzoneInputStream.java:56)
	at java.io.InputStream.read(InputStream.java:101)
	at org.apache.hadoop.ozone.client.rpc.TestOzoneRpcClientAbstract.testReadKeyWithCorruptedDataWithMutiNodes(TestOzoneRpcClientAbstract.java:2044)
	at sun.reflect.NativeMethodAccessorImpl.invoke0(Native Method)
	at sun.reflect.NativeMethodAccessorImpl.invoke(NativeMethodAccessorImpl.java:62)
	at sun.reflect.DelegatingMethodAccessorImpl.invoke(DelegatingMethodAccessorImpl.java:43)
	at java.lang.reflect.Method.invoke(Method.java:498)
	at org.junit.platform.commons.util.ReflectionUtils.invokeMethod(ReflectionUtils.java:725)
	at org.junit.jupiter.engine.execution.MethodInvocation.proceed(MethodInvocation.java:60)
	at org.junit.jupiter.engine.execution.InvocationInterceptorChain$ValidatingInvocation.proceed(InvocationInterceptorChain.java:131)
	at org.junit.jupiter.engine.extension.TimeoutInvocation.proceed(TimeoutInvocation.java:46)
	at org.junit.jupiter.engine.extension.TimeoutExtension.intercept(TimeoutExtension.java:149)
	at org.junit.jupiter.engine.extension.TimeoutExtension.interceptTestableMethod(TimeoutExtension.java:140)
	at org.junit.jupiter.engine.extension.TimeoutExtension.interceptTestMethod(TimeoutExtension.java:84)
	at org.junit.jupiter.engine.execution.ExecutableInvoker$ReflectiveInterceptorCall.lambda$ofVoidMethod$0(ExecutableInvoker.java:115)
	at org.junit.jupiter.engine.execution.ExecutableInvoker.lambda$invoke$0(ExecutableInvoker.java:105)
	at org.junit.jupiter.engine.execution.InvocationInterceptorChain$InterceptedInvocation.proceed(InvocationInterceptorChain.java:106)
	at org.junit.jupiter.engine.execution.InvocationInterceptorChain.proceed(InvocationInterceptorChain.java:64)
	at org.junit.jupiter.engine.execution.InvocationInterceptorChain.chainAndInvoke(InvocationInterceptorChain.java:45)
	at org.junit.jupiter.engine.execution.InvocationInterceptorChain.invoke(InvocationInterceptorChain.java:37)
	at org.junit.jupiter.engine.execution.ExecutableInvoker.invoke(ExecutableInvoker.java:104)
	at org.junit.jupiter.engine.execution.ExecutableInvoker.invoke(ExecutableInvoker.java:98)
	at org.junit.jupiter.engine.descriptor.TestMethodTestDescriptor.lambda$invokeTestMethod$7(TestMethodTestDescriptor.java:214)
	at org.junit.platform.engine.support.hierarchical.ThrowableCollector.execute(ThrowableCollector.java:73)
	at org.junit.jupiter.engine.descriptor.TestMethodTestDescriptor.invokeTestMethod(TestMethodTestDescriptor.java:210)
	at org.junit.jupiter.engine.descriptor.TestMethodTestDescriptor.execute(TestMethodTestDescriptor.java:135)
	at org.junit.jupiter.engine.descriptor.TestMethodTestDescriptor.execute(TestMethodTestDescriptor.java:66)
	at org.junit.platform.engine.support.hierarchical.NodeTestTask.lambda$executeRecursively$6(NodeTestTask.java:151)
	at org.junit.platform.engine.support.hierarchical.ThrowableCollector.execute(ThrowableCollector.java:73)
	at org.junit.platform.engine.support.hierarchical.NodeTestTask.lambda$executeRecursively$8(NodeTestTask.java:141)
	at org.junit.platform.engine.support.hierarchical.Node.around(Node.java:137)
	at org.junit.platform.engine.support.hierarchical.NodeTestTask.lambda$executeRecursively$9(NodeTestTask.java:139)
	at org.junit.platform.engine.support.hierarchical.ThrowableCollector.execute(ThrowableCollector.java:73)
	at org.junit.platform.engine.support.hierarchical.NodeTestTask.executeRecursively(NodeTestTask.java:138)
	at org.junit.platform.engine.support.hierarchical.NodeTestTask.execute(NodeTestTask.java:95)
	at java.util.ArrayList.forEach(ArrayList.java:1259)
	at org.junit.platform.engine.support.hierarchical.SameThreadHierarchicalTestExecutorService.invokeAll(SameThreadHierarchicalTestExecutorService.java:41)
	at org.junit.platform.engine.support.hierarchical.NodeTestTask.lambda$executeRecursively$6(NodeTestTask.java:155)
	at org.junit.platform.engine.support.hierarchical.ThrowableCollector.execute(ThrowableCollector.java:73)
	at org.junit.platform.engine.support.hierarchical.NodeTestTask.lambda$executeRecursively$8(NodeTestTask.java:141)
	at org.junit.platform.engine.support.hierarchical.Node.around(Node.java:137)
	at org.junit.platform.engine.support.hierarchical.NodeTestTask.lambda$executeRecursively$9(NodeTestTask.java:139)
	at org.junit.platform.engine.support.hierarchical.ThrowableCollector.execute(ThrowableCollector.java:73)
	at org.junit.platform.engine.support.hierarchical.NodeTestTask.executeRecursively(NodeTestTask.java:138)
	at org.junit.platform.engine.support.hierarchical.NodeTestTask.execute(NodeTestTask.java:95)
	at java.util.ArrayList.forEach(ArrayList.java:1259)
	at org.junit.platform.engine.support.hierarchical.SameThreadHierarchicalTestExecutorService.invokeAll(SameThreadHierarchicalTestExecutorService.java:41)
	at org.junit.platform.engine.support.hierarchical.NodeTestTask.lambda$executeRecursively$6(NodeTestTask.java:155)
	at org.junit.platform.engine.support.hierarchical.ThrowableCollector.execute(ThrowableCollector.java:73)
	at org.junit.platform.engine.support.hierarchical.NodeTestTask.lambda$executeRecursively$8(NodeTestTask.java:141)
	at org.junit.platform.engine.support.hierarchical.Node.around(Node.java:137)
	at org.junit.platform.engine.support.hierarchical.NodeTestTask.lambda$executeRecursively$9(NodeTestTask.java:139)
	at org.junit.platform.engine.support.hierarchical.ThrowableCollector.execute(ThrowableCollector.java:73)
	at org.junit.platform.engine.support.hierarchical.NodeTestTask.executeRecursively(NodeTestTask.java:138)
	at org.junit.platform.engine.support.hierarchical.NodeTestTask.execute(NodeTestTask.java:95)
	at org.junit.platform.engine.support.hierarchical.SameThreadHierarchicalTestExecutorService.submit(SameThreadHierarchicalTestExecutorService.java:35)
	at org.junit.platform.engine.support.hierarchical.HierarchicalTestExecutor.execute(HierarchicalTestExecutor.java:57)
	at org.junit.platform.engine.support.hierarchical.HierarchicalTestEngine.execute(HierarchicalTestEngine.java:54)
	at org.junit.platform.launcher.core.EngineExecutionOrchestrator.execute(EngineExecutionOrchestrator.java:107)
	at org.junit.platform.launcher.core.EngineExecutionOrchestrator.execute(EngineExecutionOrchestrator.java:88)
	at org.junit.platform.launcher.core.EngineExecutionOrchestrator.lambda$execute$0(EngineExecutionOrchestrator.java:54)
	at org.junit.platform.launcher.core.EngineExecutionOrchestrator.withInterceptedStreams(EngineExecutionOrchestrator.java:67)
	at org.junit.platform.launcher.core.EngineExecutionOrchestrator.execute(EngineExecutionOrchestrator.java:52)
	at org.junit.platform.launcher.core.DefaultLauncher.execute(DefaultLauncher.java:114)
	at org.junit.platform.launcher.core.DefaultLauncher.execute(DefaultLauncher.java:86)
	at org.junit.platform.launcher.core.DefaultLauncherSession$DelegatingLauncher.execute(DefaultLauncherSession.java:86)
	at org.junit.platform.launcher.core.SessionPerRequestLauncher.execute(SessionPerRequestLauncher.java:53)
	at org.apache.maven.surefire.junitplatform.JUnitPlatformProvider.execute(JUnitPlatformProvider.java:188)
	at org.apache.maven.surefire.junitplatform.JUnitPlatformProvider.invokeAllTests(JUnitPlatformProvider.java:154)
	at org.apache.maven.surefire.junitplatform.JUnitPlatformProvider.invoke(JUnitPlatformProvider.java:124)
	at org.apache.maven.surefire.booter.ForkedBooter.runSuitesInProcess(ForkedBooter.java:428)
	at org.apache.maven.surefire.booter.ForkedBooter.execute(ForkedBooter.java:162)
	at org.apache.maven.surefire.booter.ForkedBooter.run(ForkedBooter.java:562)
	at org.apache.maven.surefire.booter.ForkedBooter.main(ForkedBooter.java:548)
2023-05-31 22:58:41,678 [main] ERROR scm.XceiverClientGrpc (XceiverClientGrpc.java:sendCommandWithRetry(453)) - Failed to execute command ReadChunk on the pipeline Pipeline[ Id: 31c9f478-22b8-4318-8be4-a53698dce0f1, Nodes: 160cf24b-84e6-41e3-a0dc-1baa6b89aef1(fv-az844-56.kvdfyhrxhd0epk3sa4trub4njc.xx.internal.cloudapp.net/10.1.0.15)07122f08-5d38-49f7-8fdd-d2e34ec8d956(fv-az844-56.kvdfyhrxhd0epk3sa4trub4njc.xx.internal.cloudapp.net/10.1.0.15)244a53c4-9cb3-439d-93c3-5e05515fc991(fv-az844-56.kvdfyhrxhd0epk3sa4trub4njc.xx.internal.cloudapp.net/10.1.0.15), ReplicationConfig: STANDALONE/THREE, State:OPEN, leaderId:07122f08-5d38-49f7-8fdd-d2e34ec8d956, CreationTimestamp2023-05-31T22:57:41.974Z[Etc/UTC]].
]]></system-out>
  </testcase>
  <testcase name="testReadKeyWithVerifyChecksumFlagDisable" classname="org.apache.hadoop.ozone.client.rpc.TestOzoneRpcClient" time="0.157">
    <system-out><![CDATA[2023-05-31 22:58:41,682 [main] INFO  rpc.RpcClient (RpcClient.java:createVolume(459)) - Creating Volume: 5482b158-9403-41fe-9e16-cd41cf0f477b, with runner as owner and space quota set to -1 bytes, counts quota set to -1
2023-05-31 22:58:41,688 [OM StateMachine ApplyTransaction Thread - 0] INFO  volume.OMVolumeCreateRequest (OMVolumeCreateRequest.java:validateAndUpdateCache(196)) - created volume:5482b158-9403-41fe-9e16-cd41cf0f477b for user:runner
2023-05-31 22:58:41,693 [main] INFO  rpc.RpcClient (RpcClient.java:createBucket(686)) - Creating Bucket: 5482b158-9403-41fe-9e16-cd41cf0f477b/dfac362e-0684-45b8-8787-b4914c4344d4, with server-side default bucket layout, runner as owner, Versioning false, Storage Type set to DISK and Encryption set to false, Replication Type set to server-side default replication type, Namespace Quota set to -1, Space Quota set to -1 
2023-05-31 22:58:41,699 [OM StateMachine ApplyTransaction Thread - 0] INFO  bucket.OMBucketCreateRequest (OMBucketCreateRequest.java:validateAndUpdateCache(270)) - created bucket: dfac362e-0684-45b8-8787-b4914c4344d4 of layout FILE_SYSTEM_OPTIMIZED in volume: 5482b158-9403-41fe-9e16-cd41cf0f477b
2023-05-31 22:58:41,765 [IPC Server handler 2 on default port 15001] WARN  node.SCMNodeManager (SCMNodeManager.java:getNodesByAddress(1381)) - Cannot find node for address 127.0.0.1
2023-05-31 22:58:41,803 [IPC Server handler 7 on default port 15001] WARN  node.SCMNodeManager (SCMNodeManager.java:getNodesByAddress(1381)) - Cannot find node for address 127.0.0.1
]]></system-out>
  </testcase>
  <testcase name="testReadKeyWithVerifyChecksumFlagEnable" classname="org.apache.hadoop.ozone.client.rpc.TestOzoneRpcClient" time="0.119">
    <system-out><![CDATA[2023-05-31 22:58:41,843 [main] INFO  rpc.RpcClient (RpcClient.java:createVolume(459)) - Creating Volume: c4fbae57-74ca-4112-91b8-de5976e9bddd, with runner as owner and space quota set to -1 bytes, counts quota set to -1
2023-05-31 22:58:41,848 [OM StateMachine ApplyTransaction Thread - 0] INFO  volume.OMVolumeCreateRequest (OMVolumeCreateRequest.java:validateAndUpdateCache(196)) - created volume:c4fbae57-74ca-4112-91b8-de5976e9bddd for user:runner
2023-05-31 22:58:41,851 [main] INFO  rpc.RpcClient (RpcClient.java:createBucket(686)) - Creating Bucket: c4fbae57-74ca-4112-91b8-de5976e9bddd/83f98516-b8db-4725-8e11-6e9981259664, with server-side default bucket layout, runner as owner, Versioning false, Storage Type set to DISK and Encryption set to false, Replication Type set to server-side default replication type, Namespace Quota set to -1, Space Quota set to -1 
2023-05-31 22:58:41,853 [OM StateMachine ApplyTransaction Thread - 0] INFO  bucket.OMBucketCreateRequest (OMBucketCreateRequest.java:validateAndUpdateCache(270)) - created bucket: 83f98516-b8db-4725-8e11-6e9981259664 of layout FILE_SYSTEM_OPTIMIZED in volume: c4fbae57-74ca-4112-91b8-de5976e9bddd
2023-05-31 22:58:41,883 [IPC Server handler 17 on default port 15001] WARN  node.SCMNodeManager (SCMNodeManager.java:getNodesByAddress(1381)) - Cannot find node for address 127.0.0.1
2023-05-31 22:58:41,925 [IPC Server handler 12 on default port 15001] WARN  node.SCMNodeManager (SCMNodeManager.java:getNodesByAddress(1381)) - Cannot find node for address 127.0.0.1
2023-05-31 22:58:41,953 [main] ERROR scm.XceiverClientGrpc (XceiverClientGrpc.java:sendCommandWithRetry(453)) - Failed to execute command ReadChunk on the pipeline Pipeline[ Id: 335102a8-f862-46a3-abf8-3eba66c287e9, Nodes: 83cc0f91-5896-42fb-be30-113915710489(fv-az844-56.kvdfyhrxhd0epk3sa4trub4njc.xx.internal.cloudapp.net/10.1.0.15), ReplicationConfig: STANDALONE/ONE, State:OPEN, leaderId:83cc0f91-5896-42fb-be30-113915710489, CreationTimestamp2023-05-31T22:57:38.930Z[Etc/UTC]].
2023-05-31 22:58:41,956 [main] ERROR scm.XceiverClientGrpc (XceiverClientGrpc.java:sendCommandWithRetry(453)) - Failed to execute command ReadChunk on the pipeline Pipeline[ Id: 335102a8-f862-46a3-abf8-3eba66c287e9, Nodes: 83cc0f91-5896-42fb-be30-113915710489(fv-az844-56.kvdfyhrxhd0epk3sa4trub4njc.xx.internal.cloudapp.net/10.1.0.15), ReplicationConfig: STANDALONE/ONE, State:OPEN, leaderId:83cc0f91-5896-42fb-be30-113915710489, CreationTimestamp2023-05-31T22:57:38.930Z[Etc/UTC]].
2023-05-31 22:58:41,959 [main] ERROR scm.XceiverClientGrpc (XceiverClientGrpc.java:sendCommandWithRetry(453)) - Failed to execute command ReadChunk on the pipeline Pipeline[ Id: 335102a8-f862-46a3-abf8-3eba66c287e9, Nodes: 83cc0f91-5896-42fb-be30-113915710489(fv-az844-56.kvdfyhrxhd0epk3sa4trub4njc.xx.internal.cloudapp.net/10.1.0.15), ReplicationConfig: STANDALONE/ONE, State:OPEN, leaderId:83cc0f91-5896-42fb-be30-113915710489, CreationTimestamp2023-05-31T22:57:38.930Z[Etc/UTC]].
]]></system-out>
  </testcase>
  <testcase name="testRemoveBucketAcl" classname="org.apache.hadoop.ozone.client.rpc.TestOzoneRpcClient" time="0.022">
    <system-out><![CDATA[2023-05-31 22:58:41,965 [main] INFO  rpc.RpcClient (RpcClient.java:createVolume(459)) - Creating Volume: 1f1979b8-f02d-48a3-8afa-2666698fcfb8, with runner as owner and space quota set to -1 bytes, counts quota set to -1
2023-05-31 22:58:41,972 [OM StateMachine ApplyTransaction Thread - 0] INFO  volume.OMVolumeCreateRequest (OMVolumeCreateRequest.java:validateAndUpdateCache(196)) - created volume:1f1979b8-f02d-48a3-8afa-2666698fcfb8 for user:runner
2023-05-31 22:58:41,975 [main] INFO  rpc.RpcClient (RpcClient.java:createBucket(686)) - Creating Bucket: 1f1979b8-f02d-48a3-8afa-2666698fcfb8/acebd7e1-fcde-4d08-91b9-4102296a3899, with server-side default bucket layout, runner as owner, Versioning false, Storage Type set to DISK and Encryption set to false, Replication Type set to server-side default replication type, Namespace Quota set to -1, Space Quota set to -1 
2023-05-31 22:58:41,978 [OM StateMachine ApplyTransaction Thread - 0] INFO  bucket.OMBucketCreateRequest (OMBucketCreateRequest.java:validateAndUpdateCache(270)) - created bucket: acebd7e1-fcde-4d08-91b9-4102296a3899 of layout FILE_SYSTEM_OPTIMIZED in volume: 1f1979b8-f02d-48a3-8afa-2666698fcfb8
]]></system-out>
  </testcase>
  <testcase name="testRemoveBucketAclUsingRpcClientRemoveAcl" classname="org.apache.hadoop.ozone.client.rpc.TestOzoneRpcClient" time="0.021">
    <system-out><![CDATA[2023-05-31 22:58:41,991 [main] INFO  rpc.RpcClient (RpcClient.java:createVolume(459)) - Creating Volume: 6ca13ee7-67d3-4625-baab-2caafa931b58, with runner as owner and space quota set to -1 bytes, counts quota set to -1
2023-05-31 22:58:41,993 [OM StateMachine ApplyTransaction Thread - 0] INFO  volume.OMVolumeCreateRequest (OMVolumeCreateRequest.java:validateAndUpdateCache(196)) - created volume:6ca13ee7-67d3-4625-baab-2caafa931b58 for user:runner
2023-05-31 22:58:41,995 [main] INFO  rpc.RpcClient (RpcClient.java:createBucket(686)) - Creating Bucket: 6ca13ee7-67d3-4625-baab-2caafa931b58/ee0d8ec5-66fb-4fd7-addb-5c3ee034deb0, with server-side default bucket layout, runner as owner, Versioning false, Storage Type set to DISK and Encryption set to false, Replication Type set to server-side default replication type, Namespace Quota set to -1, Space Quota set to -1 
2023-05-31 22:58:42,001 [OM StateMachine ApplyTransaction Thread - 0] INFO  bucket.OMBucketCreateRequest (OMBucketCreateRequest.java:validateAndUpdateCache(270)) - created bucket: ee0d8ec5-66fb-4fd7-addb-5c3ee034deb0 of layout FILE_SYSTEM_OPTIMIZED in volume: 6ca13ee7-67d3-4625-baab-2caafa931b58
]]></system-out>
  </testcase>
  <testcase name="testRenameKey" classname="org.apache.hadoop.ozone.client.rpc.TestOzoneRpcClient" time="0.12">
    <system-out><![CDATA[2023-05-31 22:58:42,013 [main] INFO  rpc.RpcClient (RpcClient.java:createVolume(459)) - Creating Volume: 5fb20939-5622-4cbb-a22f-1a7240eb6438, with runner as owner and space quota set to -1 bytes, counts quota set to -1
2023-05-31 22:58:42,018 [OM StateMachine ApplyTransaction Thread - 0] INFO  volume.OMVolumeCreateRequest (OMVolumeCreateRequest.java:validateAndUpdateCache(196)) - created volume:5fb20939-5622-4cbb-a22f-1a7240eb6438 for user:runner
2023-05-31 22:58:42,021 [main] INFO  rpc.RpcClient (RpcClient.java:createBucket(686)) - Creating Bucket: 5fb20939-5622-4cbb-a22f-1a7240eb6438/9fb930dc-c355-4449-90f0-8cbcfef883db, with server-side default bucket layout, runner as owner, Versioning false, Storage Type set to DISK and Encryption set to false, Replication Type set to server-side default replication type, Namespace Quota set to -1, Space Quota set to -1 
2023-05-31 22:58:42,030 [OM StateMachine ApplyTransaction Thread - 0] INFO  bucket.OMBucketCreateRequest (OMBucketCreateRequest.java:validateAndUpdateCache(270)) - created bucket: 9fb930dc-c355-4449-90f0-8cbcfef883db of layout FILE_SYSTEM_OPTIMIZED in volume: 5fb20939-5622-4cbb-a22f-1a7240eb6438
2023-05-31 22:58:42,106 [IPC Server handler 0 on default port 15001] WARN  node.SCMNodeManager (SCMNodeManager.java:getNodesByAddress(1381)) - Cannot find node for address 127.0.0.1
2023-05-31 22:58:42,119 [IPC Server handler 13 on default port 15001] WARN  node.SCMNodeManager (SCMNodeManager.java:getNodesByAddress(1381)) - Cannot find node for address 127.0.0.1
22:58:42.128 [IPC Server handler 11 on default port 15004] ERROR OMAudit - user=runner | ip=127.0.0.1 | op=READ_KEY {volume=5fb20939-5622-4cbb-a22f-1a7240eb6438, bucket=9fb930dc-c355-4449-90f0-8cbcfef883db, key=ab6e5ccb-1226-42f5-8f3f-155e0f9ba2f3, dataSize=0, replicationConfig=null} | ret=FAILURE
org.apache.hadoop.ozone.om.exceptions.OMException: Key:ab6e5ccb-1226-42f5-8f3f-155e0f9ba2f3 not found
	at org.apache.hadoop.ozone.om.KeyManagerImpl.readKeyInfo(KeyManagerImpl.java:438) ~[ozone-manager-1.4.0-SNAPSHOT.jar:?]
	at org.apache.hadoop.ozone.om.KeyManagerImpl.lambda$9(KeyManagerImpl.java:1932) ~[ozone-manager-1.4.0-SNAPSHOT.jar:?]
	at org.apache.hadoop.util.MetricUtil.captureLatencyNs(MetricUtil.java:37) ~[hdds-common-1.4.0-SNAPSHOT.jar:?]
	at org.apache.hadoop.ozone.om.KeyManagerImpl.getKeyInfo(KeyManagerImpl.java:1930) ~[ozone-manager-1.4.0-SNAPSHOT.jar:?]
	at org.apache.hadoop.ozone.om.OmMetadataReader.getKeyInfo(OmMetadataReader.java:210) ~[ozone-manager-1.4.0-SNAPSHOT.jar:?]
	at org.apache.hadoop.ozone.om.OzoneManager.getKeyInfo(OzoneManager.java:2861) ~[ozone-manager-1.4.0-SNAPSHOT.jar:?]
	at org.apache.hadoop.ozone.protocolPB.OzoneManagerRequestHandler.getKeyInfo(OzoneManagerRequestHandler.java:550) ~[ozone-manager-1.4.0-SNAPSHOT.jar:?]
	at org.apache.hadoop.ozone.protocolPB.OzoneManagerRequestHandler.handleReadRequest(OzoneManagerRequestHandler.java:293) ~[ozone-manager-1.4.0-SNAPSHOT.jar:?]
	at org.apache.hadoop.ozone.protocolPB.OzoneManagerProtocolServerSideTranslatorPB.submitReadRequestToOM(OzoneManagerProtocolServerSideTranslatorPB.java:223) ~[ozone-manager-1.4.0-SNAPSHOT.jar:?]
	at org.apache.hadoop.ozone.protocolPB.OzoneManagerProtocolServerSideTranslatorPB.processRequest(OzoneManagerProtocolServerSideTranslatorPB.java:177) ~[ozone-manager-1.4.0-SNAPSHOT.jar:?]
	at org.apache.hadoop.hdds.server.OzoneProtocolMessageDispatcher.processRequest(OzoneProtocolMessageDispatcher.java:87) [hdds-server-framework-1.4.0-SNAPSHOT.jar:?]
	at org.apache.hadoop.ozone.protocolPB.OzoneManagerProtocolServerSideTranslatorPB.submitRequest(OzoneManagerProtocolServerSideTranslatorPB.java:147) [ozone-manager-1.4.0-SNAPSHOT.jar:?]
	at org.apache.hadoop.ozone.protocol.proto.OzoneManagerProtocolProtos$OzoneManagerService$2.callBlockingMethod(OzoneManagerProtocolProtos.java) [ozone-interface-client-1.4.0-SNAPSHOT.jar:?]
	at org.apache.hadoop.ipc.ProtobufRpcEngine$Server.processCall(ProtobufRpcEngine.java:484) [hadoop-common-3.3.5.jar:?]
	at org.apache.hadoop.ipc.ProtobufRpcEngine2$Server$ProtoBufRpcInvoker.call(ProtobufRpcEngine2.java:595) [hadoop-common-3.3.5.jar:?]
	at org.apache.hadoop.ipc.ProtobufRpcEngine2$Server$ProtoBufRpcInvoker.call(ProtobufRpcEngine2.java:573) [hadoop-common-3.3.5.jar:?]
	at org.apache.hadoop.ipc.RPC$Server.call(RPC.java:1213) [hadoop-common-3.3.5.jar:?]
	at org.apache.hadoop.ipc.Server$RpcCall.run(Server.java:1089) [hadoop-common-3.3.5.jar:?]
	at org.apache.hadoop.ipc.Server$RpcCall.run(Server.java:1012) [hadoop-common-3.3.5.jar:?]
	at java.security.AccessController.doPrivileged(Native Method) ~[?:1.8.0_362]
	at javax.security.auth.Subject.doAs(Subject.java:422) [?:1.8.0_362]
	at org.apache.hadoop.security.UserGroupInformation.doAs(UserGroupInformation.java:1899) [hadoop-common-3.3.5.jar:?]
	at org.apache.hadoop.ipc.Server$Handler.run(Server.java:3026) [hadoop-common-3.3.5.jar:?]
2023-05-31 22:58:42,131 [IPC Server handler 14 on default port 15001] WARN  node.SCMNodeManager (SCMNodeManager.java:getNodesByAddress(1381)) - Cannot find node for address 127.0.0.1
]]></system-out>
  </testcase>
  <testcase name="testSetAndClrQuota" classname="org.apache.hadoop.ozone.client.rpc.TestOzoneRpcClient" time="0.077">
    <system-out><![CDATA[2023-05-31 22:58:42,133 [main] INFO  rpc.RpcClient (RpcClient.java:createVolume(459)) - Creating Volume: 7f915191-a956-427e-b944-a4a9eccb6fd3, with runner as owner and space quota set to -1 bytes, counts quota set to -1
2023-05-31 22:58:42,136 [OM StateMachine ApplyTransaction Thread - 0] INFO  volume.OMVolumeCreateRequest (OMVolumeCreateRequest.java:validateAndUpdateCache(196)) - created volume:7f915191-a956-427e-b944-a4a9eccb6fd3 for user:runner
2023-05-31 22:58:42,137 [main] INFO  rpc.RpcClient (RpcClient.java:createBucket(686)) - Creating Bucket: 7f915191-a956-427e-b944-a4a9eccb6fd3/bb308de2-68a3-40ad-8d57-0820944105b7, with server-side default bucket layout, runner as owner, Versioning false, Storage Type set to DISK and Encryption set to false, Replication Type set to server-side default replication type, Namespace Quota set to -1, Space Quota set to -1 
2023-05-31 22:58:42,139 [OM StateMachine ApplyTransaction Thread - 0] INFO  bucket.OMBucketCreateRequest (OMBucketCreateRequest.java:validateAndUpdateCache(270)) - created bucket: bb308de2-68a3-40ad-8d57-0820944105b7 of layout FILE_SYSTEM_OPTIMIZED in volume: 7f915191-a956-427e-b944-a4a9eccb6fd3
2023-05-31 22:58:42,149 [main] INFO  rpc.RpcClient (RpcClient.java:createBucket(686)) - Creating Bucket: 7f915191-a956-427e-b944-a4a9eccb6fd3/9953acb0-ed73-4521-8af6-6bae2c5e8271, with server-side default bucket layout, runner as owner, Versioning false, Storage Type set to DISK and Encryption set to false, Replication Type set to server-side default replication type, Namespace Quota set to -1, Space Quota set to -1 
2023-05-31 22:58:42,151 [OM StateMachine ApplyTransaction Thread - 0] INFO  bucket.OMBucketCreateRequest (OMBucketCreateRequest.java:validateAndUpdateCache(270)) - created bucket: 9953acb0-ed73-4521-8af6-6bae2c5e8271 of layout FILE_SYSTEM_OPTIMIZED in volume: 7f915191-a956-427e-b944-a4a9eccb6fd3
22:58:42.167 [OM StateMachine ApplyTransaction Thread - 0] ERROR OMAudit - user=runner | ip=127.0.0.1 | op=UPDATE_BUCKET {volume=7f915191-a956-427e-b944-a4a9eccb6fd3, bucket=bb308de2-68a3-40ad-8d57-0820944105b7, gdprEnabled=null, isVersionEnabled=null} | ret=FAILURE
org.apache.hadoop.ozone.om.exceptions.OMException: Can not clear bucket spaceQuota because volume spaceQuota is not cleared.
	at org.apache.hadoop.ozone.om.request.bucket.OMBucketSetPropertyRequest.checkQuotaBytesValid(OMBucketSetPropertyRequest.java:303) ~[ozone-manager-1.4.0-SNAPSHOT.jar:?]
	at org.apache.hadoop.ozone.om.request.bucket.OMBucketSetPropertyRequest.validateAndUpdateCache(OMBucketSetPropertyRequest.java:184) ~[ozone-manager-1.4.0-SNAPSHOT.jar:?]
	at org.apache.hadoop.ozone.protocolPB.OzoneManagerRequestHandler.handleWriteRequest(OzoneManagerRequestHandler.java:338) ~[ozone-manager-1.4.0-SNAPSHOT.jar:?]
	at org.apache.hadoop.ozone.om.ratis.OzoneManagerStateMachine.runCommand(OzoneManagerStateMachine.java:567) ~[ozone-manager-1.4.0-SNAPSHOT.jar:?]
	at org.apache.hadoop.ozone.om.ratis.OzoneManagerStateMachine.lambda$1(OzoneManagerStateMachine.java:358) ~[ozone-manager-1.4.0-SNAPSHOT.jar:?]
	at java.util.concurrent.CompletableFuture$AsyncSupply.run(CompletableFuture.java:1604) [?:1.8.0_362]
	at java.util.concurrent.ThreadPoolExecutor.runWorker(ThreadPoolExecutor.java:1149) [?:1.8.0_362]
	at java.util.concurrent.ThreadPoolExecutor$Worker.run(ThreadPoolExecutor.java:624) [?:1.8.0_362]
	at java.lang.Thread.run(Thread.java:750) [?:1.8.0_362]
2023-05-31 22:58:42,168 [OM StateMachine ApplyTransaction Thread - 0] ERROR bucket.OMBucketSetPropertyRequest (OMBucketSetPropertyRequest.java:validateAndUpdateCache(263)) - Setting bucket property failed for bucket:bb308de2-68a3-40ad-8d57-0820944105b7 in volume:7f915191-a956-427e-b944-a4a9eccb6fd3
QUOTA_ERROR org.apache.hadoop.ozone.om.exceptions.OMException: Can not clear bucket spaceQuota because volume spaceQuota is not cleared.
	at org.apache.hadoop.ozone.om.request.bucket.OMBucketSetPropertyRequest.checkQuotaBytesValid(OMBucketSetPropertyRequest.java:303)
	at org.apache.hadoop.ozone.om.request.bucket.OMBucketSetPropertyRequest.validateAndUpdateCache(OMBucketSetPropertyRequest.java:184)
	at org.apache.hadoop.ozone.protocolPB.OzoneManagerRequestHandler.handleWriteRequest(OzoneManagerRequestHandler.java:338)
	at org.apache.hadoop.ozone.om.ratis.OzoneManagerStateMachine.runCommand(OzoneManagerStateMachine.java:567)
	at org.apache.hadoop.ozone.om.ratis.OzoneManagerStateMachine.lambda$1(OzoneManagerStateMachine.java:358)
	at java.util.concurrent.CompletableFuture$AsyncSupply.run(CompletableFuture.java:1604)
	at java.util.concurrent.ThreadPoolExecutor.runWorker(ThreadPoolExecutor.java:1149)
	at java.util.concurrent.ThreadPoolExecutor$Worker.run(ThreadPoolExecutor.java:624)
	at java.lang.Thread.run(Thread.java:750)
]]></system-out>
  </testcase>
  <testcase name="testSetBucketQuotaIllegal" classname="org.apache.hadoop.ozone.client.rpc.TestOzoneRpcClient" time="0.02">
    <system-out><![CDATA[2023-05-31 22:58:42,211 [main] INFO  rpc.RpcClient (RpcClient.java:createVolume(459)) - Creating Volume: 20dcbd97-dd0f-43c7-bd21-95b360cef96c, with runner as owner and space quota set to -1 bytes, counts quota set to -1
2023-05-31 22:58:42,214 [OM StateMachine ApplyTransaction Thread - 0] INFO  volume.OMVolumeCreateRequest (OMVolumeCreateRequest.java:validateAndUpdateCache(196)) - created volume:20dcbd97-dd0f-43c7-bd21-95b360cef96c for user:runner
2023-05-31 22:58:42,215 [main] INFO  rpc.RpcClient (RpcClient.java:createBucket(686)) - Creating Bucket: 20dcbd97-dd0f-43c7-bd21-95b360cef96c/b145d18b-cbb7-4b5e-bb3c-0125f3e5852d, with server-side default bucket layout, runner as owner, Versioning false, Storage Type set to DISK and Encryption set to false, Replication Type set to server-side default replication type, Namespace Quota set to -1, Space Quota set to -1 
2023-05-31 22:58:42,217 [OM StateMachine ApplyTransaction Thread - 0] INFO  bucket.OMBucketCreateRequest (OMBucketCreateRequest.java:validateAndUpdateCache(270)) - created bucket: b145d18b-cbb7-4b5e-bb3c-0125f3e5852d of layout FILE_SYSTEM_OPTIMIZED in volume: 20dcbd97-dd0f-43c7-bd21-95b360cef96c
]]></system-out>
  </testcase>
  <testcase name="testSetBucketStorageType" classname="org.apache.hadoop.ozone.client.rpc.TestOzoneRpcClient" time="0.01">
    <system-out><![CDATA[2023-05-31 22:58:42,232 [main] INFO  rpc.RpcClient (RpcClient.java:createVolume(459)) - Creating Volume: f3b3d39c-0d91-484d-843f-c871229a6c8a, with runner as owner and space quota set to -1 bytes, counts quota set to -1
2023-05-31 22:58:42,234 [OM StateMachine ApplyTransaction Thread - 0] INFO  volume.OMVolumeCreateRequest (OMVolumeCreateRequest.java:validateAndUpdateCache(196)) - created volume:f3b3d39c-0d91-484d-843f-c871229a6c8a for user:runner
2023-05-31 22:58:42,235 [main] INFO  rpc.RpcClient (RpcClient.java:createBucket(686)) - Creating Bucket: f3b3d39c-0d91-484d-843f-c871229a6c8a/1dcbb5a2-eb8c-4873-99e9-98c297f314bf, with server-side default bucket layout, runner as owner, Versioning false, Storage Type set to DISK and Encryption set to false, Replication Type set to server-side default replication type, Namespace Quota set to -1, Space Quota set to -1 
2023-05-31 22:58:42,237 [OM StateMachine ApplyTransaction Thread - 0] INFO  bucket.OMBucketCreateRequest (OMBucketCreateRequest.java:validateAndUpdateCache(270)) - created bucket: 1dcbb5a2-eb8c-4873-99e9-98c297f314bf of layout FILE_SYSTEM_OPTIMIZED in volume: f3b3d39c-0d91-484d-843f-c871229a6c8a
]]></system-out>
  </testcase>
  <testcase name="testSetBucketVersioning" classname="org.apache.hadoop.ozone.client.rpc.TestOzoneRpcClient" time="0.012">
    <system-out><![CDATA[2023-05-31 22:58:42,244 [main] INFO  rpc.RpcClient (RpcClient.java:createVolume(459)) - Creating Volume: 63696abd-9278-4622-97a1-67323703f534, with runner as owner and space quota set to -1 bytes, counts quota set to -1
2023-05-31 22:58:42,247 [OM StateMachine ApplyTransaction Thread - 0] INFO  volume.OMVolumeCreateRequest (OMVolumeCreateRequest.java:validateAndUpdateCache(196)) - created volume:63696abd-9278-4622-97a1-67323703f534 for user:runner
2023-05-31 22:58:42,249 [main] INFO  rpc.RpcClient (RpcClient.java:createBucket(686)) - Creating Bucket: 63696abd-9278-4622-97a1-67323703f534/2f220f65-5946-4b0b-ba1c-8e1e8806360e, with server-side default bucket layout, runner as owner, Versioning false, Storage Type set to DISK and Encryption set to false, Replication Type set to server-side default replication type, Namespace Quota set to -1, Space Quota set to -1 
2023-05-31 22:58:42,251 [OM StateMachine ApplyTransaction Thread - 0] INFO  bucket.OMBucketCreateRequest (OMBucketCreateRequest.java:validateAndUpdateCache(270)) - created bucket: 2f220f65-5946-4b0b-ba1c-8e1e8806360e of layout FILE_SYSTEM_OPTIMIZED in volume: 63696abd-9278-4622-97a1-67323703f534
]]></system-out>
  </testcase>
  <testcase name="testSetECReplicationConfigOnBucket" classname="org.apache.hadoop.ozone.client.rpc.TestOzoneRpcClient" time="0.015">
    <system-out><![CDATA[2023-05-31 22:58:42,256 [main] INFO  rpc.RpcClient (RpcClient.java:createVolume(459)) - Creating Volume: 6c901182-a70d-4779-8b26-4911c769a026, with runner as owner and space quota set to -1 bytes, counts quota set to -1
2023-05-31 22:58:42,258 [OM StateMachine ApplyTransaction Thread - 0] INFO  volume.OMVolumeCreateRequest (OMVolumeCreateRequest.java:validateAndUpdateCache(196)) - created volume:6c901182-a70d-4779-8b26-4911c769a026 for user:runner
2023-05-31 22:58:42,260 [main] INFO  rpc.RpcClient (RpcClient.java:createBucket(686)) - Creating Bucket: 6c901182-a70d-4779-8b26-4911c769a026/50f9a1f7-1f37-46e9-8ebc-5fb8d708b12d, with server-side default bucket layout, runner as owner, Versioning true, Storage Type set to DISK and Encryption set to false, Replication Type set to STAND_ALONE, Namespace Quota set to -1, Space Quota set to -1 
2023-05-31 22:58:42,261 [OM StateMachine ApplyTransaction Thread - 0] INFO  bucket.OMBucketCreateRequest (OMBucketCreateRequest.java:validateAndUpdateCache(270)) - created bucket: 50f9a1f7-1f37-46e9-8ebc-5fb8d708b12d of layout FILE_SYSTEM_OPTIMIZED in volume: 6c901182-a70d-4779-8b26-4911c769a026
]]></system-out>
  </testcase>
  <testcase name="testSetS3VolumeAcl" classname="org.apache.hadoop.ozone.client.rpc.TestOzoneRpcClient" time="0.004"/>
  <testcase name="testSetVolumeQuota" classname="org.apache.hadoop.ozone.client.rpc.TestOzoneRpcClient" time="0.009">
    <system-out><![CDATA[2023-05-31 22:58:42,276 [main] INFO  rpc.RpcClient (RpcClient.java:createVolume(459)) - Creating Volume: 0a1e863c-51ed-4550-a52e-fc3edfd82553, with runner as owner and space quota set to -1 bytes, counts quota set to -1
2023-05-31 22:58:42,277 [OM StateMachine ApplyTransaction Thread - 0] INFO  volume.OMVolumeCreateRequest (OMVolumeCreateRequest.java:validateAndUpdateCache(196)) - created volume:0a1e863c-51ed-4550-a52e-fc3edfd82553 for user:runner
]]></system-out>
  </testcase>
  <testcase name="testSetVolumeQuotaIllegal" classname="org.apache.hadoop.ozone.client.rpc.TestOzoneRpcClient" time="0.009">
    <system-out><![CDATA[2023-05-31 22:58:42,285 [main] INFO  rpc.RpcClient (RpcClient.java:createVolume(459)) - Creating Volume: 62221e57-f103-4197-b304-5211ccc184f0, with runner as owner and space quota set to -1 bytes, counts quota set to -1
2023-05-31 22:58:42,287 [OM StateMachine ApplyTransaction Thread - 0] INFO  volume.OMVolumeCreateRequest (OMVolumeCreateRequest.java:validateAndUpdateCache(196)) - created volume:62221e57-f103-4197-b304-5211ccc184f0 for user:runner
]]></system-out>
  </testcase>
  <testcase name="testUploadPartOverride(ReplicationConfig)[1]" classname="org.apache.hadoop.ozone.client.rpc.TestOzoneRpcClient" time="0.115">
    <system-out><![CDATA[2023-05-31 22:58:42,296 [main] INFO  rpc.RpcClient (RpcClient.java:createVolume(459)) - Creating Volume: ca651125-0df1-4221-8be9-a24e007b3cb3, with runner as owner and space quota set to -1 bytes, counts quota set to -1
2023-05-31 22:58:42,297 [OM StateMachine ApplyTransaction Thread - 0] INFO  volume.OMVolumeCreateRequest (OMVolumeCreateRequest.java:validateAndUpdateCache(196)) - created volume:ca651125-0df1-4221-8be9-a24e007b3cb3 for user:runner
2023-05-31 22:58:42,299 [main] INFO  rpc.RpcClient (RpcClient.java:createBucket(686)) - Creating Bucket: ca651125-0df1-4221-8be9-a24e007b3cb3/b5470bb9-012b-4214-bc83-04bf5311bc05, with server-side default bucket layout, runner as owner, Versioning false, Storage Type set to DISK and Encryption set to false, Replication Type set to server-side default replication type, Namespace Quota set to -1, Space Quota set to -1 
2023-05-31 22:58:42,301 [OM StateMachine ApplyTransaction Thread - 0] INFO  bucket.OMBucketCreateRequest (OMBucketCreateRequest.java:validateAndUpdateCache(270)) - created bucket: b5470bb9-012b-4214-bc83-04bf5311bc05 of layout FILE_SYSTEM_OPTIMIZED in volume: ca651125-0df1-4221-8be9-a24e007b3cb3
]]></system-out>
  </testcase>
  <testcase name="testUploadPartOverride(ReplicationConfig)[2]" classname="org.apache.hadoop.ozone.client.rpc.TestOzoneRpcClient" time="0.105">
    <system-out><![CDATA[2023-05-31 22:58:42,412 [main] INFO  rpc.RpcClient (RpcClient.java:createVolume(459)) - Creating Volume: d8c5f601-912d-405d-a163-f1495c32aa7b, with runner as owner and space quota set to -1 bytes, counts quota set to -1
2023-05-31 22:58:42,414 [OM StateMachine ApplyTransaction Thread - 0] INFO  volume.OMVolumeCreateRequest (OMVolumeCreateRequest.java:validateAndUpdateCache(196)) - created volume:d8c5f601-912d-405d-a163-f1495c32aa7b for user:runner
2023-05-31 22:58:42,415 [main] INFO  rpc.RpcClient (RpcClient.java:createBucket(686)) - Creating Bucket: d8c5f601-912d-405d-a163-f1495c32aa7b/185be95f-8d0a-49ee-9ad5-ebe7fdfeb9e3, with server-side default bucket layout, runner as owner, Versioning false, Storage Type set to DISK and Encryption set to false, Replication Type set to server-side default replication type, Namespace Quota set to -1, Space Quota set to -1 
2023-05-31 22:58:42,417 [OM StateMachine ApplyTransaction Thread - 0] INFO  bucket.OMBucketCreateRequest (OMBucketCreateRequest.java:validateAndUpdateCache(270)) - created bucket: 185be95f-8d0a-49ee-9ad5-ebe7fdfeb9e3 of layout FILE_SYSTEM_OPTIMIZED in volume: d8c5f601-912d-405d-a163-f1495c32aa7b
]]></system-out>
  </testcase>
  <testcase name="testUploadPartOverride(ReplicationConfig)[3]" classname="org.apache.hadoop.ozone.client.rpc.TestOzoneRpcClient" time="0.17">
    <system-out><![CDATA[2023-05-31 22:58:42,518 [main] INFO  rpc.RpcClient (RpcClient.java:createVolume(459)) - Creating Volume: 8f831cd6-71ef-4d94-ad1a-0d30204f933d, with runner as owner and space quota set to -1 bytes, counts quota set to -1
2023-05-31 22:58:42,520 [OM StateMachine ApplyTransaction Thread - 0] INFO  volume.OMVolumeCreateRequest (OMVolumeCreateRequest.java:validateAndUpdateCache(196)) - created volume:8f831cd6-71ef-4d94-ad1a-0d30204f933d for user:runner
2023-05-31 22:58:42,522 [main] INFO  rpc.RpcClient (RpcClient.java:createBucket(686)) - Creating Bucket: 8f831cd6-71ef-4d94-ad1a-0d30204f933d/078cca75-5194-49ec-9142-ca287c3b96d4, with server-side default bucket layout, runner as owner, Versioning false, Storage Type set to DISK and Encryption set to false, Replication Type set to server-side default replication type, Namespace Quota set to -1, Space Quota set to -1 
2023-05-31 22:58:42,523 [OM StateMachine ApplyTransaction Thread - 0] INFO  bucket.OMBucketCreateRequest (OMBucketCreateRequest.java:validateAndUpdateCache(270)) - created bucket: 078cca75-5194-49ec-9142-ca287c3b96d4 of layout FILE_SYSTEM_OPTIMIZED in volume: 8f831cd6-71ef-4d94-ad1a-0d30204f933d
]]></system-out>
  </testcase>
  <testcase name="testUploadPartWithNoOverride(ReplicationConfig)[1]" classname="org.apache.hadoop.ozone.client.rpc.TestOzoneRpcClient" time="0.032">
    <system-out><![CDATA[2023-05-31 22:58:42,689 [main] INFO  rpc.RpcClient (RpcClient.java:createVolume(459)) - Creating Volume: 06187dc4-9879-4ff8-b471-33d67c32b9c9, with runner as owner and space quota set to -1 bytes, counts quota set to -1
2023-05-31 22:58:42,692 [OM StateMachine ApplyTransaction Thread - 0] INFO  volume.OMVolumeCreateRequest (OMVolumeCreateRequest.java:validateAndUpdateCache(196)) - created volume:06187dc4-9879-4ff8-b471-33d67c32b9c9 for user:runner
2023-05-31 22:58:42,694 [main] INFO  rpc.RpcClient (RpcClient.java:createBucket(686)) - Creating Bucket: 06187dc4-9879-4ff8-b471-33d67c32b9c9/9ccdb304-a689-4299-a2b0-51c7ec3d2165, with server-side default bucket layout, runner as owner, Versioning false, Storage Type set to DISK and Encryption set to false, Replication Type set to server-side default replication type, Namespace Quota set to -1, Space Quota set to -1 
2023-05-31 22:58:42,696 [OM StateMachine ApplyTransaction Thread - 0] INFO  bucket.OMBucketCreateRequest (OMBucketCreateRequest.java:validateAndUpdateCache(270)) - created bucket: 9ccdb304-a689-4299-a2b0-51c7ec3d2165 of layout FILE_SYSTEM_OPTIMIZED in volume: 06187dc4-9879-4ff8-b471-33d67c32b9c9
]]></system-out>
  </testcase>
  <testcase name="testUploadPartWithNoOverride(ReplicationConfig)[2]" classname="org.apache.hadoop.ozone.client.rpc.TestOzoneRpcClient" time="0.053">
    <system-out><![CDATA[2023-05-31 22:58:42,721 [main] INFO  rpc.RpcClient (RpcClient.java:createVolume(459)) - Creating Volume: 10cd8a00-1f30-454d-8ccd-85be08d5ff85, with runner as owner and space quota set to -1 bytes, counts quota set to -1
2023-05-31 22:58:42,723 [OM StateMachine ApplyTransaction Thread - 0] INFO  volume.OMVolumeCreateRequest (OMVolumeCreateRequest.java:validateAndUpdateCache(196)) - created volume:10cd8a00-1f30-454d-8ccd-85be08d5ff85 for user:runner
2023-05-31 22:58:42,727 [main] INFO  rpc.RpcClient (RpcClient.java:createBucket(686)) - Creating Bucket: 10cd8a00-1f30-454d-8ccd-85be08d5ff85/a5108c7d-ab80-483b-b78c-32e28a11b8c7, with server-side default bucket layout, runner as owner, Versioning false, Storage Type set to DISK and Encryption set to false, Replication Type set to server-side default replication type, Namespace Quota set to -1, Space Quota set to -1 
2023-05-31 22:58:42,729 [OM StateMachine ApplyTransaction Thread - 0] INFO  bucket.OMBucketCreateRequest (OMBucketCreateRequest.java:validateAndUpdateCache(270)) - created bucket: a5108c7d-ab80-483b-b78c-32e28a11b8c7 of layout FILE_SYSTEM_OPTIMIZED in volume: 10cd8a00-1f30-454d-8ccd-85be08d5ff85
]]></system-out>
  </testcase>
  <testcase name="testUploadPartWithNoOverride(ReplicationConfig)[3]" classname="org.apache.hadoop.ozone.client.rpc.TestOzoneRpcClient" time="0.08">
    <system-out><![CDATA[2023-05-31 22:58:42,774 [main] INFO  rpc.RpcClient (RpcClient.java:createVolume(459)) - Creating Volume: 94fae397-9734-4fc4-987a-a1c0332ea4d0, with runner as owner and space quota set to -1 bytes, counts quota set to -1
2023-05-31 22:58:42,778 [OM StateMachine ApplyTransaction Thread - 0] INFO  volume.OMVolumeCreateRequest (OMVolumeCreateRequest.java:validateAndUpdateCache(196)) - created volume:94fae397-9734-4fc4-987a-a1c0332ea4d0 for user:runner
2023-05-31 22:58:42,780 [main] INFO  rpc.RpcClient (RpcClient.java:createBucket(686)) - Creating Bucket: 94fae397-9734-4fc4-987a-a1c0332ea4d0/6c43a991-e191-4254-afe5-87869d79ec27, with server-side default bucket layout, runner as owner, Versioning false, Storage Type set to DISK and Encryption set to false, Replication Type set to server-side default replication type, Namespace Quota set to -1, Space Quota set to -1 
2023-05-31 22:58:42,783 [OM StateMachine ApplyTransaction Thread - 0] INFO  bucket.OMBucketCreateRequest (OMBucketCreateRequest.java:validateAndUpdateCache(270)) - created bucket: 6c43a991-e191-4254-afe5-87869d79ec27 of layout FILE_SYSTEM_OPTIMIZED in volume: 94fae397-9734-4fc4-987a-a1c0332ea4d0
]]></system-out>
  </testcase>
  <testcase name="testUsedBytesWithUploadPart" classname="org.apache.hadoop.ozone.client.rpc.TestOzoneRpcClient" time="0.293">
    <system-out><![CDATA[2023-05-31 22:58:42,980 [main] INFO  rpc.RpcClient (RpcClient.java:createVolume(459)) - Creating Volume: af7f3da4-2231-48e6-8abf-30fa2769c98a, with runner as owner and space quota set to -1 bytes, counts quota set to -1
2023-05-31 22:58:42,982 [OM StateMachine ApplyTransaction Thread - 0] INFO  volume.OMVolumeCreateRequest (OMVolumeCreateRequest.java:validateAndUpdateCache(196)) - created volume:af7f3da4-2231-48e6-8abf-30fa2769c98a for user:runner
2023-05-31 22:58:42,985 [main] INFO  rpc.RpcClient (RpcClient.java:createBucket(686)) - Creating Bucket: af7f3da4-2231-48e6-8abf-30fa2769c98a/429e981e-3ba8-4191-9e27-df169fcc0f30, with server-side default bucket layout, runner as owner, Versioning false, Storage Type set to DISK and Encryption set to false, Replication Type set to server-side default replication type, Namespace Quota set to -1, Space Quota set to -1 
2023-05-31 22:58:42,988 [OM StateMachine ApplyTransaction Thread - 0] INFO  bucket.OMBucketCreateRequest (OMBucketCreateRequest.java:validateAndUpdateCache(270)) - created bucket: 429e981e-3ba8-4191-9e27-df169fcc0f30 of layout FILE_SYSTEM_OPTIMIZED in volume: af7f3da4-2231-48e6-8abf-30fa2769c98a
]]></system-out>
  </testcase>
  <testcase name="testValidateBlockLengthWithCommitKey" classname="org.apache.hadoop.ozone.client.rpc.TestOzoneRpcClient" time="0.027">
    <system-out><![CDATA[2023-05-31 22:58:43,150 [main] INFO  rpc.RpcClient (RpcClient.java:createVolume(459)) - Creating Volume: 2bb61c4d-0524-42c7-a40e-774687434289, with runner as owner and space quota set to -1 bytes, counts quota set to -1
2023-05-31 22:58:43,151 [OM StateMachine ApplyTransaction Thread - 0] INFO  volume.OMVolumeCreateRequest (OMVolumeCreateRequest.java:validateAndUpdateCache(196)) - created volume:2bb61c4d-0524-42c7-a40e-774687434289 for user:runner
2023-05-31 22:58:43,153 [main] INFO  rpc.RpcClient (RpcClient.java:createBucket(686)) - Creating Bucket: 2bb61c4d-0524-42c7-a40e-774687434289/314bb713-085f-498b-b856-754af46952ce, with server-side default bucket layout, runner as owner, Versioning false, Storage Type set to DISK and Encryption set to false, Replication Type set to server-side default replication type, Namespace Quota set to -1, Space Quota set to -1 
2023-05-31 22:58:43,154 [OM StateMachine ApplyTransaction Thread - 0] INFO  bucket.OMBucketCreateRequest (OMBucketCreateRequest.java:validateAndUpdateCache(270)) - created bucket: 314bb713-085f-498b-b856-754af46952ce of layout FILE_SYSTEM_OPTIMIZED in volume: 2bb61c4d-0524-42c7-a40e-774687434289
]]></system-out>
  </testcase>
  <testcase name="testVolumeSetOwner" classname="org.apache.hadoop.ozone.client.rpc.TestOzoneRpcClient" time="0.017">
    <system-out><![CDATA[2023-05-31 22:58:43,177 [main] INFO  rpc.RpcClient (RpcClient.java:createVolume(459)) - Creating Volume: c819c2e9-e360-4688-b484-1e8270bc0753, with runner as owner and space quota set to -1 bytes, counts quota set to -1
2023-05-31 22:58:43,180 [OM StateMachine ApplyTransaction Thread - 0] INFO  volume.OMVolumeCreateRequest (OMVolumeCreateRequest.java:validateAndUpdateCache(196)) - created volume:c819c2e9-e360-4688-b484-1e8270bc0753 for user:runner
2023-05-31 22:58:43,192 [OM StateMachine ApplyTransaction Thread - 0] WARN  volume.OMVolumeSetOwnerRequest (OMVolumeSetOwnerRequest.java:validateAndUpdateCache(132)) - Volume 'c819c2e9-e360-4688-b484-1e8270bc0753' owner is already user 'someRandomUser1'.
]]></system-out>
  </testcase>
  <testcase name="testVolumeUsedNamespace" classname="org.apache.hadoop.ozone.client.rpc.TestOzoneRpcClient" time="0.027">
    <system-out><![CDATA[2023-05-31 22:58:43,195 [main] INFO  rpc.RpcClient (RpcClient.java:createVolume(459)) - Creating Volume: 9e03d422-df17-42b7-bde6-a72fa70a65fe, with runner as owner and space quota set to -1 bytes, counts quota set to 1
2023-05-31 22:58:43,198 [OM StateMachine ApplyTransaction Thread - 0] INFO  volume.OMVolumeCreateRequest (OMVolumeCreateRequest.java:validateAndUpdateCache(196)) - created volume:9e03d422-df17-42b7-bde6-a72fa70a65fe for user:runner
2023-05-31 22:58:43,199 [main] INFO  rpc.RpcClient (RpcClient.java:createBucket(686)) - Creating Bucket: 9e03d422-df17-42b7-bde6-a72fa70a65fe/cc186265-bb6a-43aa-932e-654128c859e4, with server-side default bucket layout, runner as owner, Versioning false, Storage Type set to DISK and Encryption set to false, Replication Type set to server-side default replication type, Namespace Quota set to -1, Space Quota set to -1 
2023-05-31 22:58:43,201 [OM StateMachine ApplyTransaction Thread - 0] INFO  bucket.OMBucketCreateRequest (OMBucketCreateRequest.java:validateAndUpdateCache(270)) - created bucket: cc186265-bb6a-43aa-932e-654128c859e4 of layout FILE_SYSTEM_OPTIMIZED in volume: 9e03d422-df17-42b7-bde6-a72fa70a65fe
2023-05-31 22:58:43,202 [main] INFO  rpc.RpcClient (RpcClient.java:createBucket(686)) - Creating Bucket: 9e03d422-df17-42b7-bde6-a72fa70a65fe/23365732-207e-4528-b7ce-5a60ca7c0ddf, with server-side default bucket layout, runner as owner, Versioning false, Storage Type set to DISK and Encryption set to false, Replication Type set to server-side default replication type, Namespace Quota set to -1, Space Quota set to -1 
22:58:43.204 [OM StateMachine ApplyTransaction Thread - 0] ERROR OMAudit - user=runner | ip=127.0.0.1 | op=CREATE_BUCKET {volume=9e03d422-df17-42b7-bde6-a72fa70a65fe, bucket=23365732-207e-4528-b7ce-5a60ca7c0ddf, bucketLayout=FILE_SYSTEM_OPTIMIZED, gdprEnabled=null, acls=[user:runner:a[ACCESS], group:docker:a[ACCESS], group:adm:a[ACCESS], group:systemd-journal:a[ACCESS]], isVersionEnabled=false, storageType=DISK, creationTime=1685573923202, bucketEncryptionKey=null, modificationTime=1685573923202, usedBytes=0, usedNamespace=0} | ret=FAILURE
org.apache.hadoop.ozone.om.exceptions.OMException: The namespace quota of Volume:9e03d422-df17-42b7-bde6-a72fa70a65fe exceeded: quotaInNamespace: 1 but namespace consumed: 2.
	at org.apache.hadoop.ozone.om.request.bucket.OMBucketCreateRequest.checkQuotaInNamespace(OMBucketCreateRequest.java:357) ~[ozone-manager-1.4.0-SNAPSHOT.jar:?]
	at org.apache.hadoop.ozone.om.request.bucket.OMBucketCreateRequest.validateAndUpdateCache(OMBucketCreateRequest.java:233) ~[ozone-manager-1.4.0-SNAPSHOT.jar:?]
	at org.apache.hadoop.ozone.protocolPB.OzoneManagerRequestHandler.handleWriteRequest(OzoneManagerRequestHandler.java:338) ~[ozone-manager-1.4.0-SNAPSHOT.jar:?]
	at org.apache.hadoop.ozone.om.ratis.OzoneManagerStateMachine.runCommand(OzoneManagerStateMachine.java:567) ~[ozone-manager-1.4.0-SNAPSHOT.jar:?]
	at org.apache.hadoop.ozone.om.ratis.OzoneManagerStateMachine.lambda$1(OzoneManagerStateMachine.java:358) ~[ozone-manager-1.4.0-SNAPSHOT.jar:?]
	at java.util.concurrent.CompletableFuture$AsyncSupply.run(CompletableFuture.java:1604) [?:1.8.0_362]
	at java.util.concurrent.ThreadPoolExecutor.runWorker(ThreadPoolExecutor.java:1149) [?:1.8.0_362]
	at java.util.concurrent.ThreadPoolExecutor$Worker.run(ThreadPoolExecutor.java:624) [?:1.8.0_362]
	at java.lang.Thread.run(Thread.java:750) [?:1.8.0_362]
2023-05-31 22:58:43,204 [OM StateMachine ApplyTransaction Thread - 0] ERROR bucket.OMBucketCreateRequest (OMBucketCreateRequest.java:validateAndUpdateCache(282)) - Bucket creation failed for bucket:23365732-207e-4528-b7ce-5a60ca7c0ddf in volume:9e03d422-df17-42b7-bde6-a72fa70a65fe
QUOTA_EXCEEDED org.apache.hadoop.ozone.om.exceptions.OMException: The namespace quota of Volume:9e03d422-df17-42b7-bde6-a72fa70a65fe exceeded: quotaInNamespace: 1 but namespace consumed: 2.
	at org.apache.hadoop.ozone.om.request.bucket.OMBucketCreateRequest.checkQuotaInNamespace(OMBucketCreateRequest.java:357)
	at org.apache.hadoop.ozone.om.request.bucket.OMBucketCreateRequest.validateAndUpdateCache(OMBucketCreateRequest.java:233)
	at org.apache.hadoop.ozone.protocolPB.OzoneManagerRequestHandler.handleWriteRequest(OzoneManagerRequestHandler.java:338)
	at org.apache.hadoop.ozone.om.ratis.OzoneManagerStateMachine.runCommand(OzoneManagerStateMachine.java:567)
	at org.apache.hadoop.ozone.om.ratis.OzoneManagerStateMachine.lambda$1(OzoneManagerStateMachine.java:358)
	at java.util.concurrent.CompletableFuture$AsyncSupply.run(CompletableFuture.java:1604)
	at java.util.concurrent.ThreadPoolExecutor.runWorker(ThreadPoolExecutor.java:1149)
	at java.util.concurrent.ThreadPoolExecutor$Worker.run(ThreadPoolExecutor.java:624)
	at java.lang.Thread.run(Thread.java:750)
2023-05-31 22:58:43,205 [main] INFO  rpc.RpcClient (RpcClient.java:createVolume(459)) - Creating Volume: 4211c94c-0204-493b-b618-95c8490594cd, with runner as owner and space quota set to -1 bytes, counts quota set to -1
2023-05-31 22:58:43,207 [OM StateMachine ApplyTransaction Thread - 0] INFO  volume.OMVolumeCreateRequest (OMVolumeCreateRequest.java:validateAndUpdateCache(196)) - created volume:4211c94c-0204-493b-b618-95c8490594cd for user:runner
2023-05-31 22:58:43,208 [main] INFO  rpc.RpcClient (RpcClient.java:createBucket(686)) - Creating Bucket: 4211c94c-0204-493b-b618-95c8490594cd/c70466fd-915e-4ab6-adb5-9b6915bc4d29, with server-side default bucket layout, runner as owner, Versioning false, Storage Type set to DISK and Encryption set to false, Replication Type set to server-side default replication type, Namespace Quota set to -1, Space Quota set to -1 
2023-05-31 22:58:43,210 [OM StateMachine ApplyTransaction Thread - 0] INFO  bucket.OMBucketCreateRequest (OMBucketCreateRequest.java:validateAndUpdateCache(270)) - created bucket: c70466fd-915e-4ab6-adb5-9b6915bc4d29 of layout FILE_SYSTEM_OPTIMIZED in volume: 4211c94c-0204-493b-b618-95c8490594cd
]]></system-out>
  </testcase>
</testsuite>