<?xml version="1.0" encoding="UTF-8"?>
<testsuite xmlns:xsi="http://www.w3.org/2001/XMLSchema-instance" xsi:noNamespaceSchemaLocation="https://maven.apache.org/surefire/maven-surefire-plugin/xsd/surefire-test-report.xsd" name="org.apache.hadoop.ozone.client.rpc.TestOzoneClientRetriesOnException" time="89.43" tests="2" errors="0" skipped="0" failures="1">
  <properties>
    <property name="awt.toolkit" value="sun.awt.X11.XToolkit"/>
    <property name="file.encoding.pkg" value="sun.io"/>
    <property name="java.specification.version" value="1.8"/>
    <property name="sun.cpu.isalist" value=""/>
    <property name="sun.jnu.encoding" value="ANSI_X3.4-1968"/>
    <property name="java.class.path" value="/github/workspace/mnt/ozone/hadoop-ozone/integration-test/target/test-classes:/github/workspace/mnt/ozone/hadoop-ozone/integration-test/target/classes:/home/user/.m2/repository/org/apache/hadoop/hadoop-ozone-common/1.1.0-SNAPSHOT/hadoop-ozone-common-1.1.0-SNAPSHOT.jar:/home/user/.m2/repository/org/apache/commons/commons-compress/1.4.1/commons-compress-1.4.1.jar:/home/user/.m2/repository/org/tukaani/xz/1.0/xz-1.0.jar:/home/user/.m2/repository/org/apache/hadoop/hadoop-hdds-common/1.1.0-SNAPSHOT/hadoop-hdds-common-1.1.0-SNAPSHOT.jar:/home/user/.m2/repository/org/apache/hadoop/hadoop-hdds-client/1.1.0-SNAPSHOT/hadoop-hdds-client-1.1.0-SNAPSHOT.jar:/home/user/.m2/repository/org/apache/hadoop/hadoop-ozone-interface-client/1.1.0-SNAPSHOT/hadoop-ozone-interface-client-1.1.0-SNAPSHOT.jar:/home/user/.m2/repository/org/apache/hadoop/hadoop-hdds-test-utils/1.1.0-SNAPSHOT/hadoop-hdds-test-utils-1.1.0-SNAPSHOT.jar:/home/user/.m2/repository/com/google/guava/guava/28.2-jre/guava-28.2-jre.jar:/home/user/.m2/repository/com/google/guava/failureaccess/1.0.1/failureaccess-1.0.1.jar:/home/user/.m2/repository/com/google/guava/listenablefuture/9999.0-empty-to-avoid-conflict-with-guava/listenablefuture-9999.0-empty-to-avoid-conflict-with-guava.jar:/home/user/.m2/repository/com/google/code/findbugs/jsr305/3.0.0/jsr305-3.0.0.jar:/home/user/.m2/repository/org/checkerframework/checker-qual/2.10.0/checker-qual-2.10.0.jar:/home/user/.m2/repository/com/google/errorprone/error_prone_annotations/2.2.0/error_prone_annotations-2.2.0.jar:/home/user/.m2/repository/com/google/j2objc/j2objc-annotations/1.3/j2objc-annotations-1.3.jar:/home/user/.m2/repository/commons-io/commons-io/2.5/commons-io-2.5.jar:/home/user/.m2/repository/commons-logging/commons-logging/1.2/commons-logging-1.2.jar:/home/user/.m2/repository/log4j/log4j/1.2.17/log4j-1.2.17.jar:/home/user/.m2/repository/org/slf4j/slf4j-api/1.7.30/slf4j-api-1.7.30.jar:/home/user/.m2/repository/org/apache/hadoop/hadoop-hdds-server-scm/1.1.0-SNAPSHOT/hadoop-hdds-server-scm-1.1.0-SNAPSHOT.jar:/home/user/.m2/repository/org/apache/hadoop/hadoop-hdds-container-service/1.1.0-SNAPSHOT/hadoop-hdds-container-service-1.1.0-SNAPSHOT.jar:/home/user/.m2/repository/org/apache/hadoop/hadoop-hdds-hadoop-dependency-server/1.1.0-SNAPSHOT/hadoop-hdds-hadoop-dependency-server-1.1.0-SNAPSHOT.jar:/home/user/.m2/repository/org/apache/hadoop/hadoop-hdfs/3.2.1/hadoop-hdfs-3.2.1.jar:/home/user/.m2/repository/org/apache/hadoop/hadoop-hdds-server-framework/1.1.0-SNAPSHOT/hadoop-hdds-server-framework-1.1.0-SNAPSHOT.jar:/home/user/.m2/repository/org/apache/hadoop/hadoop-hdds-interface-server/1.1.0-SNAPSHOT/hadoop-hdds-interface-server-1.1.0-SNAPSHOT.jar:/home/user/.m2/repository/org/apache/hadoop/hadoop-hdds-interface-admin/1.1.0-SNAPSHOT/hadoop-hdds-interface-admin-1.1.0-SNAPSHOT.jar:/home/user/.m2/repository/org/eclipse/jetty/jetty-servlet/9.4.34.v20201102/jetty-servlet-9.4.34.v20201102.jar:/home/user/.m2/repository/org/eclipse/jetty/jetty-security/9.4.34.v20201102/jetty-security-9.4.34.v20201102.jar:/home/user/.m2/repository/org/rocksdb/rocksdbjni/6.8.1/rocksdbjni-6.8.1.jar:/home/user/.m2/repository/io/prometheus/simpleclient_dropwizard/0.7.0/simpleclient_dropwizard-0.7.0.jar:/home/user/.m2/repository/io/prometheus/simpleclient/0.7.0/simpleclient-0.7.0.jar:/home/user/.m2/repository/io/prometheus/simpleclient_common/0.7.0/simpleclient_common-0.7.0.jar:/home/user/.m2/repository/com/fasterxml/jackson/datatype/jackson-datatype-jsr310/2.10.3/jackson-datatype-jsr310-2.10.3.jar:/home/user/.m2/repository/io/dropwizard/metrics/metrics-core/3.2.4/metrics-core-3.2.4.jar:/home/user/.m2/repository/org/apache/hadoop/hadoop-hdfs-client/3.2.1/hadoop-hdfs-client-3.2.1.jar:/home/user/.m2/repository/org/bouncycastle/bcprov-jdk15on/1.60/bcprov-jdk15on-1.60.jar:/home/user/.m2/repository/org/apache/hadoop/hadoop-ozone-ozone-manager/1.1.0-SNAPSHOT/hadoop-ozone-ozone-manager-1.1.0-SNAPSHOT.jar:/home/user/.m2/repository/org/apache/hadoop/hadoop-hdds-interface-client/1.1.0-SNAPSHOT/hadoop-hdds-interface-client-1.1.0-SNAPSHOT.jar:/home/user/.m2/repository/org/apache/ratis/ratis-thirdparty-misc/0.6.0-SNAPSHOT/ratis-thirdparty-misc-0.6.0-SNAPSHOT.jar:/home/user/.m2/repository/org/apache/hadoop/hadoop-ozone-interface-storage/1.1.0-SNAPSHOT/hadoop-ozone-interface-storage-1.1.0-SNAPSHOT.jar:/home/user/.m2/repository/org/apache/hadoop/hadoop-minikdc/3.2.1/hadoop-minikdc-3.2.1.jar:/home/user/.m2/repository/org/apache/kerby/kerb-simplekdc/1.0.1/kerb-simplekdc-1.0.1.jar:/home/user/.m2/repository/org/apache/kerby/kerb-client/1.0.1/kerb-client-1.0.1.jar:/home/user/.m2/repository/org/apache/kerby/kerby-config/1.0.1/kerby-config-1.0.1.jar:/home/user/.m2/repository/org/apache/kerby/kerb-core/1.0.1/kerb-core-1.0.1.jar:/home/user/.m2/repository/org/apache/kerby/kerby-pkix/1.0.1/kerby-pkix-1.0.1.jar:/home/user/.m2/repository/org/apache/kerby/kerby-asn1/1.0.1/kerby-asn1-1.0.1.jar:/home/user/.m2/repository/org/apache/kerby/kerby-util/1.0.1/kerby-util-1.0.1.jar:/home/user/.m2/repository/org/apache/kerby/kerb-common/1.0.1/kerb-common-1.0.1.jar:/home/user/.m2/repository/org/apache/kerby/kerb-crypto/1.0.1/kerb-crypto-1.0.1.jar:/home/user/.m2/repository/org/apache/kerby/kerb-util/1.0.1/kerb-util-1.0.1.jar:/home/user/.m2/repository/org/apache/kerby/token-provider/1.0.1/token-provider-1.0.1.jar:/home/user/.m2/repository/org/apache/kerby/kerb-admin/1.0.1/kerb-admin-1.0.1.jar:/home/user/.m2/repository/org/apache/kerby/kerb-server/1.0.1/kerb-server-1.0.1.jar:/home/user/.m2/repository/org/apache/kerby/kerb-identity/1.0.1/kerb-identity-1.0.1.jar:/home/user/.m2/repository/org/apache/kerby/kerby-xdr/1.0.1/kerby-xdr-1.0.1.jar:/home/user/.m2/repository/org/slf4j/slf4j-log4j12/1.7.30/slf4j-log4j12-1.7.30.jar:/home/user/.m2/repository/org/apache/hadoop/hadoop-ozone-s3gateway/1.1.0-SNAPSHOT/hadoop-ozone-s3gateway-1.1.0-SNAPSHOT.jar:/home/user/.m2/repository/org/jboss/weld/servlet/weld-servlet/2.4.7.Final/weld-servlet-2.4.7.Final.jar:/home/user/.m2/repository/org/glassfish/jersey/containers/jersey-container-servlet-core/2.27/jersey-container-servlet-core-2.27.jar:/home/user/.m2/repository/org/glassfish/hk2/external/javax.inject/2.5.0-b42/javax.inject-2.5.0-b42.jar:/home/user/.m2/repository/org/glassfish/jersey/core/jersey-common/2.27/jersey-common-2.27.jar:/home/user/.m2/repository/org/glassfish/hk2/osgi-resource-locator/1.0.1/osgi-resource-locator-1.0.1.jar:/home/user/.m2/repository/javax/ws/rs/javax.ws.rs-api/2.1/javax.ws.rs-api-2.1.jar:/home/user/.m2/repository/org/glassfish/jersey/ext/cdi/jersey-cdi1x/2.27/jersey-cdi1x-2.27.jar:/home/user/.m2/repository/org/glassfish/jersey/inject/jersey-hk2/2.27/jersey-hk2-2.27.jar:/home/user/.m2/repository/org/glassfish/hk2/hk2-locator/2.5.0-b42/hk2-locator-2.5.0-b42.jar:/home/user/.m2/repository/org/javassist/javassist/3.22.0-CR2/javassist-3.22.0-CR2.jar:/home/user/.m2/repository/org/glassfish/hk2/hk2-api/2.5.0/hk2-api-2.5.0.jar:/home/user/.m2/repository/org/glassfish/hk2/external/jakarta.inject/2.5.0/jakarta.inject-2.5.0.jar:/home/user/.m2/repository/org/glassfish/hk2/hk2-utils/2.5.0/hk2-utils-2.5.0.jar:/home/user/.m2/repository/jakarta/annotation/jakarta.annotation-api/1.3.4/jakarta.annotation-api-1.3.4.jar:/home/user/.m2/repository/org/glassfish/hk2/external/aopalliance-repackaged/2.5.0/aopalliance-repackaged-2.5.0.jar:/home/user/.m2/repository/com/fasterxml/jackson/dataformat/jackson-dataformat-xml/2.10.3/jackson-dataformat-xml-2.10.3.jar:/home/user/.m2/repository/com/fasterxml/jackson/core/jackson-core/2.10.3/jackson-core-2.10.3.jar:/home/user/.m2/repository/com/fasterxml/jackson/module/jackson-module-jaxb-annotations/2.10.3/jackson-module-jaxb-annotations-2.10.3.jar:/home/user/.m2/repository/jakarta/xml/bind/jakarta.xml.bind-api/2.3.2/jakarta.xml.bind-api-2.3.2.jar:/home/user/.m2/repository/jakarta/activation/jakarta.activation-api/1.2.1/jakarta.activation-api-1.2.1.jar:/home/user/.m2/repository/org/codehaus/woodstox/stax2-api/3.1.4/stax2-api-3.1.4.jar:/home/user/.m2/repository/com/fasterxml/woodstox/woodstox-core/5.0.3/woodstox-core-5.0.3.jar:/home/user/.m2/repository/javax/enterprise/cdi-api/1.2/cdi-api-1.2.jar:/home/user/.m2/repository/javax/el/javax.el-api/3.0.0/javax.el-api-3.0.0.jar:/home/user/.m2/repository/javax/interceptor/javax.interceptor-api/1.2/javax.interceptor-api-1.2.jar:/home/user/.m2/repository/javax/inject/javax.inject/1/javax.inject-1.jar:/home/user/.m2/repository/com/sun/xml/bind/jaxb-impl/2.3.0.1/jaxb-impl-2.3.0.1.jar:/home/user/.m2/repository/com/sun/xml/bind/jaxb-core/2.3.0.1/jaxb-core-2.3.0.1.jar:/home/user/.m2/repository/javax/xml/bind/jaxb-api/2.3.0/jaxb-api-2.3.0.jar:/home/user/.m2/repository/javax/activation/activation/1.1.1/activation-1.1.1.jar:/home/user/.m2/repository/org/apache/hadoop/hadoop-ozone-csi/1.1.0-SNAPSHOT/hadoop-ozone-csi-1.1.0-SNAPSHOT.jar:/home/user/.m2/repository/com/google/protobuf/protobuf-java-util/3.11.0/protobuf-java-util-3.11.0.jar:/home/user/.m2/repository/com/google/code/gson/gson/2.2.4/gson-2.2.4.jar:/home/user/.m2/repository/org/apache/hadoop/hadoop-hdds-config/1.1.0-SNAPSHOT/hadoop-hdds-config-1.1.0-SNAPSHOT.jar:/home/user/.m2/repository/com/google/protobuf/protobuf-java/2.5.0/protobuf-java-2.5.0.jar:/home/user/.m2/repository/io/grpc/grpc-netty/1.29.0/grpc-netty-1.29.0.jar:/home/user/.m2/repository/io/grpc/grpc-core/1.29.0/grpc-core-1.29.0.jar:/home/user/.m2/repository/com/google/android/annotations/4.1.1.4/annotations-4.1.1.4.jar:/home/user/.m2/repository/io/perfmark/perfmark-api/0.19.0/perfmark-api-0.19.0.jar:/home/user/.m2/repository/io/netty/netty-codec-http2/4.1.48.Final/netty-codec-http2-4.1.48.Final.jar:/home/user/.m2/repository/io/netty/netty-codec/4.1.48.Final/netty-codec-4.1.48.Final.jar:/home/user/.m2/repository/io/netty/netty-handler/4.1.48.Final/netty-handler-4.1.48.Final.jar:/home/user/.m2/repository/io/netty/netty-codec-http/4.1.48.Final/netty-codec-http-4.1.48.Final.jar:/home/user/.m2/repository/io/netty/netty-handler-proxy/4.1.48.Final/netty-handler-proxy-4.1.48.Final.jar:/home/user/.m2/repository/io/netty/netty-codec-socks/4.1.48.Final/netty-codec-socks-4.1.48.Final.jar:/home/user/.m2/repository/io/netty/netty-transport-native-epoll/4.1.48.Final/netty-transport-native-epoll-4.1.48.Final.jar:/home/user/.m2/repository/io/netty/netty-common/4.1.48.Final/netty-common-4.1.48.Final.jar:/home/user/.m2/repository/io/netty/netty-buffer/4.1.48.Final/netty-buffer-4.1.48.Final.jar:/home/user/.m2/repository/io/netty/netty-transport/4.1.48.Final/netty-transport-4.1.48.Final.jar:/home/user/.m2/repository/io/netty/netty-resolver/4.1.48.Final/netty-resolver-4.1.48.Final.jar:/home/user/.m2/repository/io/netty/netty-transport-native-unix-common/4.1.48.Final/netty-transport-native-unix-common-4.1.48.Final.jar:/home/user/.m2/repository/io/grpc/grpc-protobuf/1.29.0/grpc-protobuf-1.29.0.jar:/home/user/.m2/repository/io/grpc/grpc-api/1.29.0/grpc-api-1.29.0.jar:/home/user/.m2/repository/io/grpc/grpc-context/1.29.0/grpc-context-1.29.0.jar:/home/user/.m2/repository/org/codehaus/mojo/animal-sniffer-annotations/1.18/animal-sniffer-annotations-1.18.jar:/home/user/.m2/repository/com/google/api/grpc/proto-google-common-protos/1.17.0/proto-google-common-protos-1.17.0.jar:/home/user/.m2/repository/io/grpc/grpc-protobuf-lite/1.29.0/grpc-protobuf-lite-1.29.0.jar:/home/user/.m2/repository/io/grpc/grpc-stub/1.29.0/grpc-stub-1.29.0.jar:/home/user/.m2/repository/org/apache/hadoop/hadoop-ozone-recon/1.1.0-SNAPSHOT/hadoop-ozone-recon-1.1.0-SNAPSHOT.jar:/home/user/.m2/repository/org/apache/hadoop/hadoop-ozone-reconcodegen/1.1.0-SNAPSHOT/hadoop-ozone-reconcodegen-1.1.0-SNAPSHOT.jar:/home/user/.m2/repository/com/google/inject/extensions/guice-multibindings/4.0/guice-multibindings-4.0.jar:/home/user/.m2/repository/com/google/inject/guice/4.0/guice-4.0.jar:/home/user/.m2/repository/aopalliance/aopalliance/1.0/aopalliance-1.0.jar:/home/user/.m2/repository/com/google/inject/extensions/guice-assistedinject/4.0/guice-assistedinject-4.0.jar:/home/user/.m2/repository/com/google/inject/extensions/guice-servlet/4.0/guice-servlet-4.0.jar:/home/user/.m2/repository/org/glassfish/jersey/containers/jersey-container-servlet/2.27/jersey-container-servlet-2.27.jar:/home/user/.m2/repository/org/glassfish/hk2/guice-bridge/2.5.0/guice-bridge-2.5.0.jar:/home/user/.m2/repository/org/glassfish/jersey/core/jersey-server/2.27/jersey-server-2.27.jar:/home/user/.m2/repository/org/glassfish/jersey/core/jersey-client/2.27/jersey-client-2.27.jar:/home/user/.m2/repository/org/glassfish/jersey/media/jersey-media-jaxb/2.27/jersey-media-jaxb-2.27.jar:/home/user/.m2/repository/javax/validation/validation-api/1.1.0.Final/validation-api-1.1.0.Final.jar:/home/user/.m2/repository/org/glassfish/jersey/media/jersey-media-json-jackson/2.27/jersey-media-json-jackson-2.27.jar:/home/user/.m2/repository/org/glassfish/jersey/ext/jersey-entity-filtering/2.27/jersey-entity-filtering-2.27.jar:/home/user/.m2/repository/org/jooq/jooq/3.11.10/jooq-3.11.10.jar:/home/user/.m2/repository/org/jooq/jooq-meta/3.11.10/jooq-meta-3.11.10.jar:/home/user/.m2/repository/org/jooq/jooq-codegen/3.11.10/jooq-codegen-3.11.10.jar:/home/user/.m2/repository/com/jolbox/bonecp/0.8.0.RELEASE/bonecp-0.8.0.RELEASE.jar:/home/user/.m2/repository/org/apache/derby/derby/10.14.2.0/derby-10.14.2.0.jar:/home/user/.m2/repository/org/xerial/sqlite-jdbc/3.25.2/sqlite-jdbc-3.25.2.jar:/home/user/.m2/repository/org/springframework/spring-jdbc/5.2.5.RELEASE/spring-jdbc-5.2.5.RELEASE.jar:/home/user/.m2/repository/org/springframework/spring-beans/5.2.5.RELEASE/spring-beans-5.2.5.RELEASE.jar:/home/user/.m2/repository/org/springframework/spring-core/5.2.5.RELEASE/spring-core-5.2.5.RELEASE.jar:/home/user/.m2/repository/org/springframework/spring-jcl/5.2.5.RELEASE/spring-jcl-5.2.5.RELEASE.jar:/home/user/.m2/repository/org/springframework/spring-tx/5.2.5.RELEASE/spring-tx-5.2.5.RELEASE.jar:/home/user/.m2/repository/org/apache/hadoop/hadoop-ozone-client/1.1.0-SNAPSHOT/hadoop-ozone-client-1.1.0-SNAPSHOT.jar:/home/user/.m2/repository/org/apache/hadoop/hadoop-ozone-filesystem/1.1.0-SNAPSHOT/hadoop-ozone-filesystem-1.1.0-SNAPSHOT.jar:/home/user/.m2/repository/org/apache/hadoop/hadoop-ozone-filesystem-common/1.1.0-SNAPSHOT/hadoop-ozone-filesystem-common-1.1.0-SNAPSHOT.jar:/home/user/.m2/repository/org/apache/hadoop/hadoop-ozone-tools/1.1.0-SNAPSHOT/hadoop-ozone-tools-1.1.0-SNAPSHOT.jar:/home/user/.m2/repository/org/apache/ratis/ratis-tools/1.1.0-913f5a4-SNAPSHOT/ratis-tools-1.1.0-913f5a4-SNAPSHOT.jar:/home/user/.m2/repository/org/apache/ratis/ratis-proto/1.1.0-913f5a4-SNAPSHOT/ratis-proto-1.1.0-913f5a4-SNAPSHOT.jar:/home/user/.m2/repository/org/apache/ratis/ratis-common/1.1.0-913f5a4-SNAPSHOT/ratis-common-1.1.0-913f5a4-SNAPSHOT.jar:/home/user/.m2/repository/com/amazonaws/aws-java-sdk-core/1.11.901/aws-java-sdk-core-1.11.901.jar:/home/user/.m2/repository/org/apache/httpcomponents/httpclient/4.5.13/httpclient-4.5.13.jar:/home/user/.m2/repository/org/apache/httpcomponents/httpcore/4.4.13/httpcore-4.4.13.jar:/home/user/.m2/repository/software/amazon/ion/ion-java/1.0.2/ion-java-1.0.2.jar:/home/user/.m2/repository/com/fasterxml/jackson/dataformat/jackson-dataformat-cbor/2.10.3/jackson-dataformat-cbor-2.10.3.jar:/home/user/.m2/repository/joda-time/joda-time/2.8.1/joda-time-2.8.1.jar:/home/user/.m2/repository/com/amazonaws/aws-java-sdk-s3/1.11.901/aws-java-sdk-s3-1.11.901.jar:/home/user/.m2/repository/com/amazonaws/aws-java-sdk-kms/1.11.901/aws-java-sdk-kms-1.11.901.jar:/home/user/.m2/repository/com/amazonaws/jmespath-java/1.11.901/jmespath-java-1.11.901.jar:/home/user/.m2/repository/org/kohsuke/metainf-services/metainf-services/1.8/metainf-services-1.8.jar:/home/user/.m2/repository/org/apache/hadoop/hadoop-hdds-tools/1.1.0-SNAPSHOT/hadoop-hdds-tools-1.1.0-SNAPSHOT.jar:/home/user/.m2/repository/commons-cli/commons-cli/1.2/commons-cli-1.2.jar:/home/user/.m2/repository/org/apache/commons/commons-lang3/3.7/commons-lang3-3.7.jar:/home/user/.m2/repository/org/apache/hadoop/hadoop-ozone-ozone-manager/1.1.0-SNAPSHOT/hadoop-ozone-ozone-manager-1.1.0-SNAPSHOT-tests.jar:/home/user/.m2/repository/org/apache/hadoop/hadoop-hdds-common/1.1.0-SNAPSHOT/hadoop-hdds-common-1.1.0-SNAPSHOT-tests.jar:/home/user/.m2/repository/org/apache/hadoop/hadoop-hdds-hadoop-dependency-client/1.1.0-SNAPSHOT/hadoop-hdds-hadoop-dependency-client-1.1.0-SNAPSHOT.jar:/home/user/.m2/repository/info/picocli/picocli/4.4.0/picocli-4.4.0.jar:/home/user/.m2/repository/com/fasterxml/jackson/core/jackson-annotations/2.10.3/jackson-annotations-2.10.3.jar:/home/user/.m2/repository/javax/annotation/javax.annotation-api/1.2/javax.annotation-api-1.2.jar:/home/user/.m2/repository/org/fusesource/leveldbjni/leveldbjni-all/1.8/leveldbjni-all-1.8.jar:/home/user/.m2/repository/org/apache/ratis/ratis-server/1.1.0-913f5a4-SNAPSHOT/ratis-server-1.1.0-913f5a4-SNAPSHOT.jar:/home/user/.m2/repository/org/apache/ratis/ratis-client/1.1.0-913f5a4-SNAPSHOT/ratis-client-1.1.0-913f5a4-SNAPSHOT.jar:/home/user/.m2/repository/org/apache/ratis/ratis-metrics/1.1.0-913f5a4-SNAPSHOT/ratis-metrics-1.1.0-913f5a4-SNAPSHOT.jar:/home/user/.m2/repository/org/apache/ratis/ratis-netty/1.1.0-913f5a4-SNAPSHOT/ratis-netty-1.1.0-913f5a4-SNAPSHOT.jar:/home/user/.m2/repository/org/apache/ratis/ratis-grpc/1.1.0-913f5a4-SNAPSHOT/ratis-grpc-1.1.0-913f5a4-SNAPSHOT.jar:/home/user/.m2/repository/org/apache/logging/log4j/log4j-api/2.13.3/log4j-api-2.13.3.jar:/home/user/.m2/repository/org/apache/logging/log4j/log4j-core/2.13.3/log4j-core-2.13.3.jar:/home/user/.m2/repository/com/lmax/disruptor/3.4.2/disruptor-3.4.2.jar:/home/user/.m2/repository/org/apache/commons/commons-pool2/2.6.0/commons-pool2-2.6.0.jar:/home/user/.m2/repository/org/bouncycastle/bcpkix-jdk15on/1.60/bcpkix-jdk15on-1.60.jar:/home/user/.m2/repository/commons-validator/commons-validator/1.6/commons-validator-1.6.jar:/home/user/.m2/repository/commons-beanutils/commons-beanutils/1.9.4/commons-beanutils-1.9.4.jar:/home/user/.m2/repository/commons-digester/commons-digester/1.8.1/commons-digester-1.8.1.jar:/home/user/.m2/repository/commons-collections/commons-collections/3.2.2/commons-collections-3.2.2.jar:/home/user/.m2/repository/io/jaegertracing/jaeger-client/1.2.0/jaeger-client-1.2.0.jar:/home/user/.m2/repository/io/jaegertracing/jaeger-thrift/1.2.0/jaeger-thrift-1.2.0.jar:/home/user/.m2/repository/org/apache/thrift/libthrift/0.13.0/libthrift-0.13.0.jar:/home/user/.m2/repository/com/squareup/okhttp3/okhttp/4.2.2/okhttp-4.2.2.jar:/home/user/.m2/repository/com/squareup/okio/okio/2.2.2/okio-2.2.2.jar:/home/user/.m2/repository/org/jetbrains/kotlin/kotlin-stdlib/1.3.50/kotlin-stdlib-1.3.50.jar:/home/user/.m2/repository/org/jetbrains/kotlin/kotlin-stdlib-common/1.3.50/kotlin-stdlib-common-1.3.50.jar:/home/user/.m2/repository/org/jetbrains/annotations/13.0/annotations-13.0.jar:/home/user/.m2/repository/io/jaegertracing/jaeger-core/1.2.0/jaeger-core-1.2.0.jar:/home/user/.m2/repository/io/jaegertracing/jaeger-tracerresolver/1.2.0/jaeger-tracerresolver-1.2.0.jar:/home/user/.m2/repository/io/opentracing/contrib/opentracing-tracerresolver/0.1.8/opentracing-tracerresolver-0.1.8.jar:/home/user/.m2/repository/io/opentracing/opentracing-util/0.33.0/opentracing-util-0.33.0.jar:/home/user/.m2/repository/io/opentracing/opentracing-api/0.33.0/opentracing-api-0.33.0.jar:/home/user/.m2/repository/io/opentracing/opentracing-noop/0.33.0/opentracing-noop-0.33.0.jar:/home/user/.m2/repository/org/yaml/snakeyaml/1.26/snakeyaml-1.26.jar:/home/user/.m2/repository/junit/junit/4.11/junit-4.11.jar:/home/user/.m2/repository/org/hamcrest/hamcrest-core/1.3/hamcrest-core-1.3.jar:/home/user/.m2/repository/org/openjdk/jmh/jmh-core/1.19/jmh-core-1.19.jar:/home/user/.m2/repository/net/sf/jopt-simple/jopt-simple/4.6/jopt-simple-4.6.jar:/home/user/.m2/repository/org/apache/commons/commons-math3/3.1.1/commons-math3-3.1.1.jar:/home/user/.m2/repository/org/openjdk/jmh/jmh-generator-annprocess/1.19/jmh-generator-annprocess-1.19.jar:/home/user/.m2/repository/org/mockito/mockito-all/1.8.5/mockito-all-1.8.5.jar:/home/user/.m2/repository/org/apache/hadoop/hadoop-kms/3.2.1/hadoop-kms-3.2.1.jar:/home/user/.m2/repository/org/apache/hadoop/hadoop-auth/3.2.1/hadoop-auth-3.2.1.jar:/home/user/.m2/repository/com/nimbusds/nimbus-jose-jwt/7.9/nimbus-jose-jwt-7.9.jar:/home/user/.m2/repository/com/github/stephenc/jcip/jcip-annotations/1.0-1/jcip-annotations-1.0-1.jar:/home/user/.m2/repository/net/minidev/json-smart/2.3/json-smart-2.3.jar:/home/user/.m2/repository/net/minidev/accessors-smart/1.2/accessors-smart-1.2.jar:/home/user/.m2/repository/org/ow2/asm/asm/5.0.4/asm-5.0.4.jar:/home/user/.m2/repository/org/apache/zookeeper/zookeeper/3.4.13/zookeeper-3.4.13.jar:/home/user/.m2/repository/org/apache/yetus/audience-annotations/0.5.0/audience-annotations-0.5.0.jar:/home/user/.m2/repository/org/apache/curator/curator-framework/2.13.0/curator-framework-2.13.0.jar:/home/user/.m2/repository/com/sun/jersey/jersey-core/1.19/jersey-core-1.19.jar:/home/user/.m2/repository/javax/ws/rs/jsr311-api/1.1.1/jsr311-api-1.1.1.jar:/home/user/.m2/repository/com/sun/jersey/jersey-server/1.19/jersey-server-1.19.jar:/home/user/.m2/repository/javax/servlet/javax.servlet-api/3.1.0/javax.servlet-api-3.1.0.jar:/home/user/.m2/repository/org/eclipse/jetty/jetty-server/9.4.34.v20201102/jetty-server-9.4.34.v20201102.jar:/home/user/.m2/repository/org/eclipse/jetty/jetty-http/9.4.34.v20201102/jetty-http-9.4.34.v20201102.jar:/home/user/.m2/repository/org/eclipse/jetty/jetty-io/9.4.34.v20201102/jetty-io-9.4.34.v20201102.jar:/home/user/.m2/repository/org/eclipse/jetty/jetty-webapp/9.4.34.v20201102/jetty-webapp-9.4.34.v20201102.jar:/home/user/.m2/repository/org/eclipse/jetty/jetty-xml/9.4.34.v20201102/jetty-xml-9.4.34.v20201102.jar:/home/user/.m2/repository/org/apache/hadoop/hadoop-common/3.2.1/hadoop-common-3.2.1.jar:/home/user/.m2/repository/commons-net/commons-net/3.6/commons-net-3.6.jar:/home/user/.m2/repository/com/sun/jersey/jersey-servlet/1.19/jersey-servlet-1.19.jar:/home/user/.m2/repository/com/sun/jersey/jersey-json/1.19/jersey-json-1.19.jar:/home/user/.m2/repository/org/codehaus/jettison/jettison/1.1/jettison-1.1.jar:/home/user/.m2/repository/org/codehaus/jackson/jackson-jaxrs/1.9.2/jackson-jaxrs-1.9.2.jar:/home/user/.m2/repository/org/codehaus/jackson/jackson-xc/1.9.2/jackson-xc-1.9.2.jar:/home/user/.m2/repository/org/apache/commons/commons-configuration2/2.1.1/commons-configuration2-2.1.1.jar:/home/user/.m2/repository/org/apache/commons/commons-text/1.4/commons-text-1.4.jar:/home/user/.m2/repository/com/google/re2j/re2j/1.1/re2j-1.1.jar:/home/user/.m2/repository/com/jcraft/jsch/0.1.54/jsch-0.1.54.jar:/home/user/.m2/repository/org/apache/curator/curator-client/2.13.0/curator-client-2.13.0.jar:/home/user/.m2/repository/org/apache/curator/curator-recipes/2.13.0/curator-recipes-2.13.0.jar:/home/user/.m2/repository/dnsjava/dnsjava/2.1.7/dnsjava-2.1.7.jar:/home/user/.m2/repository/org/slf4j/jul-to-slf4j/1.7.30/jul-to-slf4j-1.7.30.jar:/home/user/.m2/repository/org/eclipse/jetty/jetty-util/9.4.34.v20201102/jetty-util-9.4.34.v20201102.jar:/home/user/.m2/repository/com/fasterxml/jackson/core/jackson-databind/2.10.3/jackson-databind-2.10.3.jar:/home/user/.m2/repository/org/apache/hadoop/hadoop-kms/3.2.1/hadoop-kms-3.2.1-tests.jar:/home/user/.m2/repository/org/apache/hadoop/hadoop-hdds-server-scm/1.1.0-SNAPSHOT/hadoop-hdds-server-scm-1.1.0-SNAPSHOT-tests.jar:/home/user/.m2/repository/org/apache/hadoop/hadoop-hdds-container-service/1.1.0-SNAPSHOT/hadoop-hdds-container-service-1.1.0-SNAPSHOT-tests.jar:/home/user/.m2/repository/commons-codec/commons-codec/1.11/commons-codec-1.11.jar:/home/user/.m2/repository/org/apache/hadoop/hadoop-hdds-hadoop-dependency-test/1.1.0-SNAPSHOT/hadoop-hdds-hadoop-dependency-test-1.1.0-SNAPSHOT.jar:/home/user/.m2/repository/org/apache/hadoop/hadoop-common/3.2.1/hadoop-common-3.2.1-tests.jar:/home/user/.m2/repository/org/apache/hadoop/hadoop-hdfs/3.2.1/hadoop-hdfs-3.2.1-tests.jar:/home/user/.m2/repository/org/eclipse/jetty/jetty-util-ajax/9.4.34.v20201102/jetty-util-ajax-9.4.34.v20201102.jar:/home/user/.m2/repository/commons-daemon/commons-daemon/1.0.13/commons-daemon-1.0.13.jar:/home/user/.m2/repository/io/netty/netty/3.10.5.Final/netty-3.10.5.Final.jar:/home/user/.m2/repository/io/netty/netty-all/4.1.48.Final/netty-all-4.1.48.Final.jar:/home/user/.m2/repository/org/apache/htrace/htrace-core4/4.1.0-incubating/htrace-core4-4.1.0-incubating.jar:/home/user/.m2/repository/org/apache/hadoop/hadoop-distcp/3.2.1/hadoop-distcp-3.2.1.jar:/home/user/.m2/repository/org/apache/hadoop/hadoop-mapreduce-client-jobclient/3.2.1/hadoop-mapreduce-client-jobclient-3.2.1.jar:/home/user/.m2/repository/org/apache/hadoop/hadoop-mapreduce-client-common/3.2.1/hadoop-mapreduce-client-common-3.2.1.jar:/home/user/.m2/repository/org/apache/hadoop/hadoop-yarn-common/3.2.1/hadoop-yarn-common-3.2.1.jar:/home/user/.m2/repository/org/apache/hadoop/hadoop-yarn-api/3.2.1/hadoop-yarn-api-3.2.1.jar:/home/user/.m2/repository/com/sun/jersey/jersey-client/1.19/jersey-client-1.19.jar:/home/user/.m2/repository/com/sun/jersey/contribs/jersey-guice/1.19/jersey-guice-1.19.jar:/home/user/.m2/repository/com/fasterxml/jackson/jaxrs/jackson-jaxrs-json-provider/2.10.3/jackson-jaxrs-json-provider-2.10.3.jar:/home/user/.m2/repository/com/fasterxml/jackson/jaxrs/jackson-jaxrs-base/2.10.3/jackson-jaxrs-base-2.10.3.jar:/home/user/.m2/repository/org/apache/hadoop/hadoop-yarn-client/3.2.1/hadoop-yarn-client-3.2.1.jar:/home/user/.m2/repository/org/apache/hadoop/hadoop-mapreduce-client-core/3.2.1/hadoop-mapreduce-client-core-3.2.1.jar:/home/user/.m2/repository/org/apache/avro/avro/1.7.7/avro-1.7.7.jar:/home/user/.m2/repository/org/codehaus/jackson/jackson-core-asl/1.9.13/jackson-core-asl-1.9.13.jar:/home/user/.m2/repository/org/codehaus/jackson/jackson-mapper-asl/1.9.13/jackson-mapper-asl-1.9.13.jar:/home/user/.m2/repository/com/thoughtworks/paranamer/paranamer/2.3/paranamer-2.3.jar:/home/user/.m2/repository/org/xerial/snappy/snappy-java/1.0.5/snappy-java-1.0.5.jar:/home/user/.m2/repository/org/apache/hadoop/hadoop-annotations/3.2.1/hadoop-annotations-3.2.1.jar:/usr/lib/jvm/java-1.8.0-openjdk-1.8.0.232.b09-0.el7_7.x86_64/jre/../lib/tools.jar:/home/user/.m2/repository/org/apache/hadoop/hadoop-distcp/3.2.1/hadoop-distcp-3.2.1-tests.jar:"/>
    <property name="java.vm.vendor" value="Oracle Corporation"/>
    <property name="sun.arch.data.model" value="64"/>
    <property name="test.build.dir" value="/github/workspace/mnt/ozone/hadoop-ozone/integration-test/target/test-dir"/>
    <property name="test.cache.data" value=""/>
    <property name="java.vendor.url" value="http://java.oracle.com/"/>
    <property name="user.timezone" value=""/>
    <property name="java.vm.specification.version" value="1.8"/>
    <property name="os.name" value="Linux"/>
    <property name="test.build.data" value="/github/workspace/mnt/ozone/hadoop-ozone/integration-test/target/test-dir"/>
    <property name="user.country" value="US"/>
    <property name="sun.java.launcher" value="SUN_STANDARD"/>
    <property name="sun.boot.library.path" value="/usr/lib/jvm/java-1.8.0-openjdk-1.8.0.232.b09-0.el7_7.x86_64/jre/lib/amd64"/>
    <property name="sun.java.command" value="/github/workspace/mnt/ozone/hadoop-ozone/integration-test/target/surefire/surefirebooter5092858226470996761.jar /github/workspace/mnt/ozone/hadoop-ozone/integration-test/target/surefire 2020-12-07T10-20-00_712-jvmRun1 surefire6494057514614151538tmp surefire_15364729956964286224tmp"/>
    <property name="surefire.test.class.path" value="/github/workspace/mnt/ozone/hadoop-ozone/integration-test/target/test-classes:/github/workspace/mnt/ozone/hadoop-ozone/integration-test/target/classes:/home/user/.m2/repository/org/apache/hadoop/hadoop-ozone-common/1.1.0-SNAPSHOT/hadoop-ozone-common-1.1.0-SNAPSHOT.jar:/home/user/.m2/repository/org/apache/commons/commons-compress/1.4.1/commons-compress-1.4.1.jar:/home/user/.m2/repository/org/tukaani/xz/1.0/xz-1.0.jar:/home/user/.m2/repository/org/apache/hadoop/hadoop-hdds-common/1.1.0-SNAPSHOT/hadoop-hdds-common-1.1.0-SNAPSHOT.jar:/home/user/.m2/repository/org/apache/hadoop/hadoop-hdds-client/1.1.0-SNAPSHOT/hadoop-hdds-client-1.1.0-SNAPSHOT.jar:/home/user/.m2/repository/org/apache/hadoop/hadoop-ozone-interface-client/1.1.0-SNAPSHOT/hadoop-ozone-interface-client-1.1.0-SNAPSHOT.jar:/home/user/.m2/repository/org/apache/hadoop/hadoop-hdds-test-utils/1.1.0-SNAPSHOT/hadoop-hdds-test-utils-1.1.0-SNAPSHOT.jar:/home/user/.m2/repository/com/google/guava/guava/28.2-jre/guava-28.2-jre.jar:/home/user/.m2/repository/com/google/guava/failureaccess/1.0.1/failureaccess-1.0.1.jar:/home/user/.m2/repository/com/google/guava/listenablefuture/9999.0-empty-to-avoid-conflict-with-guava/listenablefuture-9999.0-empty-to-avoid-conflict-with-guava.jar:/home/user/.m2/repository/com/google/code/findbugs/jsr305/3.0.0/jsr305-3.0.0.jar:/home/user/.m2/repository/org/checkerframework/checker-qual/2.10.0/checker-qual-2.10.0.jar:/home/user/.m2/repository/com/google/errorprone/error_prone_annotations/2.2.0/error_prone_annotations-2.2.0.jar:/home/user/.m2/repository/com/google/j2objc/j2objc-annotations/1.3/j2objc-annotations-1.3.jar:/home/user/.m2/repository/commons-io/commons-io/2.5/commons-io-2.5.jar:/home/user/.m2/repository/commons-logging/commons-logging/1.2/commons-logging-1.2.jar:/home/user/.m2/repository/log4j/log4j/1.2.17/log4j-1.2.17.jar:/home/user/.m2/repository/org/slf4j/slf4j-api/1.7.30/slf4j-api-1.7.30.jar:/home/user/.m2/repository/org/apache/hadoop/hadoop-hdds-server-scm/1.1.0-SNAPSHOT/hadoop-hdds-server-scm-1.1.0-SNAPSHOT.jar:/home/user/.m2/repository/org/apache/hadoop/hadoop-hdds-container-service/1.1.0-SNAPSHOT/hadoop-hdds-container-service-1.1.0-SNAPSHOT.jar:/home/user/.m2/repository/org/apache/hadoop/hadoop-hdds-hadoop-dependency-server/1.1.0-SNAPSHOT/hadoop-hdds-hadoop-dependency-server-1.1.0-SNAPSHOT.jar:/home/user/.m2/repository/org/apache/hadoop/hadoop-hdfs/3.2.1/hadoop-hdfs-3.2.1.jar:/home/user/.m2/repository/org/apache/hadoop/hadoop-hdds-server-framework/1.1.0-SNAPSHOT/hadoop-hdds-server-framework-1.1.0-SNAPSHOT.jar:/home/user/.m2/repository/org/apache/hadoop/hadoop-hdds-interface-server/1.1.0-SNAPSHOT/hadoop-hdds-interface-server-1.1.0-SNAPSHOT.jar:/home/user/.m2/repository/org/apache/hadoop/hadoop-hdds-interface-admin/1.1.0-SNAPSHOT/hadoop-hdds-interface-admin-1.1.0-SNAPSHOT.jar:/home/user/.m2/repository/org/eclipse/jetty/jetty-servlet/9.4.34.v20201102/jetty-servlet-9.4.34.v20201102.jar:/home/user/.m2/repository/org/eclipse/jetty/jetty-security/9.4.34.v20201102/jetty-security-9.4.34.v20201102.jar:/home/user/.m2/repository/org/rocksdb/rocksdbjni/6.8.1/rocksdbjni-6.8.1.jar:/home/user/.m2/repository/io/prometheus/simpleclient_dropwizard/0.7.0/simpleclient_dropwizard-0.7.0.jar:/home/user/.m2/repository/io/prometheus/simpleclient/0.7.0/simpleclient-0.7.0.jar:/home/user/.m2/repository/io/prometheus/simpleclient_common/0.7.0/simpleclient_common-0.7.0.jar:/home/user/.m2/repository/com/fasterxml/jackson/datatype/jackson-datatype-jsr310/2.10.3/jackson-datatype-jsr310-2.10.3.jar:/home/user/.m2/repository/io/dropwizard/metrics/metrics-core/3.2.4/metrics-core-3.2.4.jar:/home/user/.m2/repository/org/apache/hadoop/hadoop-hdfs-client/3.2.1/hadoop-hdfs-client-3.2.1.jar:/home/user/.m2/repository/org/bouncycastle/bcprov-jdk15on/1.60/bcprov-jdk15on-1.60.jar:/home/user/.m2/repository/org/apache/hadoop/hadoop-ozone-ozone-manager/1.1.0-SNAPSHOT/hadoop-ozone-ozone-manager-1.1.0-SNAPSHOT.jar:/home/user/.m2/repository/org/apache/hadoop/hadoop-hdds-interface-client/1.1.0-SNAPSHOT/hadoop-hdds-interface-client-1.1.0-SNAPSHOT.jar:/home/user/.m2/repository/org/apache/ratis/ratis-thirdparty-misc/0.6.0-SNAPSHOT/ratis-thirdparty-misc-0.6.0-SNAPSHOT.jar:/home/user/.m2/repository/org/apache/hadoop/hadoop-ozone-interface-storage/1.1.0-SNAPSHOT/hadoop-ozone-interface-storage-1.1.0-SNAPSHOT.jar:/home/user/.m2/repository/org/apache/hadoop/hadoop-minikdc/3.2.1/hadoop-minikdc-3.2.1.jar:/home/user/.m2/repository/org/apache/kerby/kerb-simplekdc/1.0.1/kerb-simplekdc-1.0.1.jar:/home/user/.m2/repository/org/apache/kerby/kerb-client/1.0.1/kerb-client-1.0.1.jar:/home/user/.m2/repository/org/apache/kerby/kerby-config/1.0.1/kerby-config-1.0.1.jar:/home/user/.m2/repository/org/apache/kerby/kerb-core/1.0.1/kerb-core-1.0.1.jar:/home/user/.m2/repository/org/apache/kerby/kerby-pkix/1.0.1/kerby-pkix-1.0.1.jar:/home/user/.m2/repository/org/apache/kerby/kerby-asn1/1.0.1/kerby-asn1-1.0.1.jar:/home/user/.m2/repository/org/apache/kerby/kerby-util/1.0.1/kerby-util-1.0.1.jar:/home/user/.m2/repository/org/apache/kerby/kerb-common/1.0.1/kerb-common-1.0.1.jar:/home/user/.m2/repository/org/apache/kerby/kerb-crypto/1.0.1/kerb-crypto-1.0.1.jar:/home/user/.m2/repository/org/apache/kerby/kerb-util/1.0.1/kerb-util-1.0.1.jar:/home/user/.m2/repository/org/apache/kerby/token-provider/1.0.1/token-provider-1.0.1.jar:/home/user/.m2/repository/org/apache/kerby/kerb-admin/1.0.1/kerb-admin-1.0.1.jar:/home/user/.m2/repository/org/apache/kerby/kerb-server/1.0.1/kerb-server-1.0.1.jar:/home/user/.m2/repository/org/apache/kerby/kerb-identity/1.0.1/kerb-identity-1.0.1.jar:/home/user/.m2/repository/org/apache/kerby/kerby-xdr/1.0.1/kerby-xdr-1.0.1.jar:/home/user/.m2/repository/org/slf4j/slf4j-log4j12/1.7.30/slf4j-log4j12-1.7.30.jar:/home/user/.m2/repository/org/apache/hadoop/hadoop-ozone-s3gateway/1.1.0-SNAPSHOT/hadoop-ozone-s3gateway-1.1.0-SNAPSHOT.jar:/home/user/.m2/repository/org/jboss/weld/servlet/weld-servlet/2.4.7.Final/weld-servlet-2.4.7.Final.jar:/home/user/.m2/repository/org/glassfish/jersey/containers/jersey-container-servlet-core/2.27/jersey-container-servlet-core-2.27.jar:/home/user/.m2/repository/org/glassfish/hk2/external/javax.inject/2.5.0-b42/javax.inject-2.5.0-b42.jar:/home/user/.m2/repository/org/glassfish/jersey/core/jersey-common/2.27/jersey-common-2.27.jar:/home/user/.m2/repository/org/glassfish/hk2/osgi-resource-locator/1.0.1/osgi-resource-locator-1.0.1.jar:/home/user/.m2/repository/javax/ws/rs/javax.ws.rs-api/2.1/javax.ws.rs-api-2.1.jar:/home/user/.m2/repository/org/glassfish/jersey/ext/cdi/jersey-cdi1x/2.27/jersey-cdi1x-2.27.jar:/home/user/.m2/repository/org/glassfish/jersey/inject/jersey-hk2/2.27/jersey-hk2-2.27.jar:/home/user/.m2/repository/org/glassfish/hk2/hk2-locator/2.5.0-b42/hk2-locator-2.5.0-b42.jar:/home/user/.m2/repository/org/javassist/javassist/3.22.0-CR2/javassist-3.22.0-CR2.jar:/home/user/.m2/repository/org/glassfish/hk2/hk2-api/2.5.0/hk2-api-2.5.0.jar:/home/user/.m2/repository/org/glassfish/hk2/external/jakarta.inject/2.5.0/jakarta.inject-2.5.0.jar:/home/user/.m2/repository/org/glassfish/hk2/hk2-utils/2.5.0/hk2-utils-2.5.0.jar:/home/user/.m2/repository/jakarta/annotation/jakarta.annotation-api/1.3.4/jakarta.annotation-api-1.3.4.jar:/home/user/.m2/repository/org/glassfish/hk2/external/aopalliance-repackaged/2.5.0/aopalliance-repackaged-2.5.0.jar:/home/user/.m2/repository/com/fasterxml/jackson/dataformat/jackson-dataformat-xml/2.10.3/jackson-dataformat-xml-2.10.3.jar:/home/user/.m2/repository/com/fasterxml/jackson/core/jackson-core/2.10.3/jackson-core-2.10.3.jar:/home/user/.m2/repository/com/fasterxml/jackson/module/jackson-module-jaxb-annotations/2.10.3/jackson-module-jaxb-annotations-2.10.3.jar:/home/user/.m2/repository/jakarta/xml/bind/jakarta.xml.bind-api/2.3.2/jakarta.xml.bind-api-2.3.2.jar:/home/user/.m2/repository/jakarta/activation/jakarta.activation-api/1.2.1/jakarta.activation-api-1.2.1.jar:/home/user/.m2/repository/org/codehaus/woodstox/stax2-api/3.1.4/stax2-api-3.1.4.jar:/home/user/.m2/repository/com/fasterxml/woodstox/woodstox-core/5.0.3/woodstox-core-5.0.3.jar:/home/user/.m2/repository/javax/enterprise/cdi-api/1.2/cdi-api-1.2.jar:/home/user/.m2/repository/javax/el/javax.el-api/3.0.0/javax.el-api-3.0.0.jar:/home/user/.m2/repository/javax/interceptor/javax.interceptor-api/1.2/javax.interceptor-api-1.2.jar:/home/user/.m2/repository/javax/inject/javax.inject/1/javax.inject-1.jar:/home/user/.m2/repository/com/sun/xml/bind/jaxb-impl/2.3.0.1/jaxb-impl-2.3.0.1.jar:/home/user/.m2/repository/com/sun/xml/bind/jaxb-core/2.3.0.1/jaxb-core-2.3.0.1.jar:/home/user/.m2/repository/javax/xml/bind/jaxb-api/2.3.0/jaxb-api-2.3.0.jar:/home/user/.m2/repository/javax/activation/activation/1.1.1/activation-1.1.1.jar:/home/user/.m2/repository/org/apache/hadoop/hadoop-ozone-csi/1.1.0-SNAPSHOT/hadoop-ozone-csi-1.1.0-SNAPSHOT.jar:/home/user/.m2/repository/com/google/protobuf/protobuf-java-util/3.11.0/protobuf-java-util-3.11.0.jar:/home/user/.m2/repository/com/google/code/gson/gson/2.2.4/gson-2.2.4.jar:/home/user/.m2/repository/org/apache/hadoop/hadoop-hdds-config/1.1.0-SNAPSHOT/hadoop-hdds-config-1.1.0-SNAPSHOT.jar:/home/user/.m2/repository/com/google/protobuf/protobuf-java/2.5.0/protobuf-java-2.5.0.jar:/home/user/.m2/repository/io/grpc/grpc-netty/1.29.0/grpc-netty-1.29.0.jar:/home/user/.m2/repository/io/grpc/grpc-core/1.29.0/grpc-core-1.29.0.jar:/home/user/.m2/repository/com/google/android/annotations/4.1.1.4/annotations-4.1.1.4.jar:/home/user/.m2/repository/io/perfmark/perfmark-api/0.19.0/perfmark-api-0.19.0.jar:/home/user/.m2/repository/io/netty/netty-codec-http2/4.1.48.Final/netty-codec-http2-4.1.48.Final.jar:/home/user/.m2/repository/io/netty/netty-codec/4.1.48.Final/netty-codec-4.1.48.Final.jar:/home/user/.m2/repository/io/netty/netty-handler/4.1.48.Final/netty-handler-4.1.48.Final.jar:/home/user/.m2/repository/io/netty/netty-codec-http/4.1.48.Final/netty-codec-http-4.1.48.Final.jar:/home/user/.m2/repository/io/netty/netty-handler-proxy/4.1.48.Final/netty-handler-proxy-4.1.48.Final.jar:/home/user/.m2/repository/io/netty/netty-codec-socks/4.1.48.Final/netty-codec-socks-4.1.48.Final.jar:/home/user/.m2/repository/io/netty/netty-transport-native-epoll/4.1.48.Final/netty-transport-native-epoll-4.1.48.Final.jar:/home/user/.m2/repository/io/netty/netty-common/4.1.48.Final/netty-common-4.1.48.Final.jar:/home/user/.m2/repository/io/netty/netty-buffer/4.1.48.Final/netty-buffer-4.1.48.Final.jar:/home/user/.m2/repository/io/netty/netty-transport/4.1.48.Final/netty-transport-4.1.48.Final.jar:/home/user/.m2/repository/io/netty/netty-resolver/4.1.48.Final/netty-resolver-4.1.48.Final.jar:/home/user/.m2/repository/io/netty/netty-transport-native-unix-common/4.1.48.Final/netty-transport-native-unix-common-4.1.48.Final.jar:/home/user/.m2/repository/io/grpc/grpc-protobuf/1.29.0/grpc-protobuf-1.29.0.jar:/home/user/.m2/repository/io/grpc/grpc-api/1.29.0/grpc-api-1.29.0.jar:/home/user/.m2/repository/io/grpc/grpc-context/1.29.0/grpc-context-1.29.0.jar:/home/user/.m2/repository/org/codehaus/mojo/animal-sniffer-annotations/1.18/animal-sniffer-annotations-1.18.jar:/home/user/.m2/repository/com/google/api/grpc/proto-google-common-protos/1.17.0/proto-google-common-protos-1.17.0.jar:/home/user/.m2/repository/io/grpc/grpc-protobuf-lite/1.29.0/grpc-protobuf-lite-1.29.0.jar:/home/user/.m2/repository/io/grpc/grpc-stub/1.29.0/grpc-stub-1.29.0.jar:/home/user/.m2/repository/org/apache/hadoop/hadoop-ozone-recon/1.1.0-SNAPSHOT/hadoop-ozone-recon-1.1.0-SNAPSHOT.jar:/home/user/.m2/repository/org/apache/hadoop/hadoop-ozone-reconcodegen/1.1.0-SNAPSHOT/hadoop-ozone-reconcodegen-1.1.0-SNAPSHOT.jar:/home/user/.m2/repository/com/google/inject/extensions/guice-multibindings/4.0/guice-multibindings-4.0.jar:/home/user/.m2/repository/com/google/inject/guice/4.0/guice-4.0.jar:/home/user/.m2/repository/aopalliance/aopalliance/1.0/aopalliance-1.0.jar:/home/user/.m2/repository/com/google/inject/extensions/guice-assistedinject/4.0/guice-assistedinject-4.0.jar:/home/user/.m2/repository/com/google/inject/extensions/guice-servlet/4.0/guice-servlet-4.0.jar:/home/user/.m2/repository/org/glassfish/jersey/containers/jersey-container-servlet/2.27/jersey-container-servlet-2.27.jar:/home/user/.m2/repository/org/glassfish/hk2/guice-bridge/2.5.0/guice-bridge-2.5.0.jar:/home/user/.m2/repository/org/glassfish/jersey/core/jersey-server/2.27/jersey-server-2.27.jar:/home/user/.m2/repository/org/glassfish/jersey/core/jersey-client/2.27/jersey-client-2.27.jar:/home/user/.m2/repository/org/glassfish/jersey/media/jersey-media-jaxb/2.27/jersey-media-jaxb-2.27.jar:/home/user/.m2/repository/javax/validation/validation-api/1.1.0.Final/validation-api-1.1.0.Final.jar:/home/user/.m2/repository/org/glassfish/jersey/media/jersey-media-json-jackson/2.27/jersey-media-json-jackson-2.27.jar:/home/user/.m2/repository/org/glassfish/jersey/ext/jersey-entity-filtering/2.27/jersey-entity-filtering-2.27.jar:/home/user/.m2/repository/org/jooq/jooq/3.11.10/jooq-3.11.10.jar:/home/user/.m2/repository/org/jooq/jooq-meta/3.11.10/jooq-meta-3.11.10.jar:/home/user/.m2/repository/org/jooq/jooq-codegen/3.11.10/jooq-codegen-3.11.10.jar:/home/user/.m2/repository/com/jolbox/bonecp/0.8.0.RELEASE/bonecp-0.8.0.RELEASE.jar:/home/user/.m2/repository/org/apache/derby/derby/10.14.2.0/derby-10.14.2.0.jar:/home/user/.m2/repository/org/xerial/sqlite-jdbc/3.25.2/sqlite-jdbc-3.25.2.jar:/home/user/.m2/repository/org/springframework/spring-jdbc/5.2.5.RELEASE/spring-jdbc-5.2.5.RELEASE.jar:/home/user/.m2/repository/org/springframework/spring-beans/5.2.5.RELEASE/spring-beans-5.2.5.RELEASE.jar:/home/user/.m2/repository/org/springframework/spring-core/5.2.5.RELEASE/spring-core-5.2.5.RELEASE.jar:/home/user/.m2/repository/org/springframework/spring-jcl/5.2.5.RELEASE/spring-jcl-5.2.5.RELEASE.jar:/home/user/.m2/repository/org/springframework/spring-tx/5.2.5.RELEASE/spring-tx-5.2.5.RELEASE.jar:/home/user/.m2/repository/org/apache/hadoop/hadoop-ozone-client/1.1.0-SNAPSHOT/hadoop-ozone-client-1.1.0-SNAPSHOT.jar:/home/user/.m2/repository/org/apache/hadoop/hadoop-ozone-filesystem/1.1.0-SNAPSHOT/hadoop-ozone-filesystem-1.1.0-SNAPSHOT.jar:/home/user/.m2/repository/org/apache/hadoop/hadoop-ozone-filesystem-common/1.1.0-SNAPSHOT/hadoop-ozone-filesystem-common-1.1.0-SNAPSHOT.jar:/home/user/.m2/repository/org/apache/hadoop/hadoop-ozone-tools/1.1.0-SNAPSHOT/hadoop-ozone-tools-1.1.0-SNAPSHOT.jar:/home/user/.m2/repository/org/apache/ratis/ratis-tools/1.1.0-913f5a4-SNAPSHOT/ratis-tools-1.1.0-913f5a4-SNAPSHOT.jar:/home/user/.m2/repository/org/apache/ratis/ratis-proto/1.1.0-913f5a4-SNAPSHOT/ratis-proto-1.1.0-913f5a4-SNAPSHOT.jar:/home/user/.m2/repository/org/apache/ratis/ratis-common/1.1.0-913f5a4-SNAPSHOT/ratis-common-1.1.0-913f5a4-SNAPSHOT.jar:/home/user/.m2/repository/com/amazonaws/aws-java-sdk-core/1.11.901/aws-java-sdk-core-1.11.901.jar:/home/user/.m2/repository/org/apache/httpcomponents/httpclient/4.5.13/httpclient-4.5.13.jar:/home/user/.m2/repository/org/apache/httpcomponents/httpcore/4.4.13/httpcore-4.4.13.jar:/home/user/.m2/repository/software/amazon/ion/ion-java/1.0.2/ion-java-1.0.2.jar:/home/user/.m2/repository/com/fasterxml/jackson/dataformat/jackson-dataformat-cbor/2.10.3/jackson-dataformat-cbor-2.10.3.jar:/home/user/.m2/repository/joda-time/joda-time/2.8.1/joda-time-2.8.1.jar:/home/user/.m2/repository/com/amazonaws/aws-java-sdk-s3/1.11.901/aws-java-sdk-s3-1.11.901.jar:/home/user/.m2/repository/com/amazonaws/aws-java-sdk-kms/1.11.901/aws-java-sdk-kms-1.11.901.jar:/home/user/.m2/repository/com/amazonaws/jmespath-java/1.11.901/jmespath-java-1.11.901.jar:/home/user/.m2/repository/org/kohsuke/metainf-services/metainf-services/1.8/metainf-services-1.8.jar:/home/user/.m2/repository/org/apache/hadoop/hadoop-hdds-tools/1.1.0-SNAPSHOT/hadoop-hdds-tools-1.1.0-SNAPSHOT.jar:/home/user/.m2/repository/commons-cli/commons-cli/1.2/commons-cli-1.2.jar:/home/user/.m2/repository/org/apache/commons/commons-lang3/3.7/commons-lang3-3.7.jar:/home/user/.m2/repository/org/apache/hadoop/hadoop-ozone-ozone-manager/1.1.0-SNAPSHOT/hadoop-ozone-ozone-manager-1.1.0-SNAPSHOT-tests.jar:/home/user/.m2/repository/org/apache/hadoop/hadoop-hdds-common/1.1.0-SNAPSHOT/hadoop-hdds-common-1.1.0-SNAPSHOT-tests.jar:/home/user/.m2/repository/org/apache/hadoop/hadoop-hdds-hadoop-dependency-client/1.1.0-SNAPSHOT/hadoop-hdds-hadoop-dependency-client-1.1.0-SNAPSHOT.jar:/home/user/.m2/repository/info/picocli/picocli/4.4.0/picocli-4.4.0.jar:/home/user/.m2/repository/com/fasterxml/jackson/core/jackson-annotations/2.10.3/jackson-annotations-2.10.3.jar:/home/user/.m2/repository/javax/annotation/javax.annotation-api/1.2/javax.annotation-api-1.2.jar:/home/user/.m2/repository/org/fusesource/leveldbjni/leveldbjni-all/1.8/leveldbjni-all-1.8.jar:/home/user/.m2/repository/org/apache/ratis/ratis-server/1.1.0-913f5a4-SNAPSHOT/ratis-server-1.1.0-913f5a4-SNAPSHOT.jar:/home/user/.m2/repository/org/apache/ratis/ratis-client/1.1.0-913f5a4-SNAPSHOT/ratis-client-1.1.0-913f5a4-SNAPSHOT.jar:/home/user/.m2/repository/org/apache/ratis/ratis-metrics/1.1.0-913f5a4-SNAPSHOT/ratis-metrics-1.1.0-913f5a4-SNAPSHOT.jar:/home/user/.m2/repository/org/apache/ratis/ratis-netty/1.1.0-913f5a4-SNAPSHOT/ratis-netty-1.1.0-913f5a4-SNAPSHOT.jar:/home/user/.m2/repository/org/apache/ratis/ratis-grpc/1.1.0-913f5a4-SNAPSHOT/ratis-grpc-1.1.0-913f5a4-SNAPSHOT.jar:/home/user/.m2/repository/org/apache/logging/log4j/log4j-api/2.13.3/log4j-api-2.13.3.jar:/home/user/.m2/repository/org/apache/logging/log4j/log4j-core/2.13.3/log4j-core-2.13.3.jar:/home/user/.m2/repository/com/lmax/disruptor/3.4.2/disruptor-3.4.2.jar:/home/user/.m2/repository/org/apache/commons/commons-pool2/2.6.0/commons-pool2-2.6.0.jar:/home/user/.m2/repository/org/bouncycastle/bcpkix-jdk15on/1.60/bcpkix-jdk15on-1.60.jar:/home/user/.m2/repository/commons-validator/commons-validator/1.6/commons-validator-1.6.jar:/home/user/.m2/repository/commons-beanutils/commons-beanutils/1.9.4/commons-beanutils-1.9.4.jar:/home/user/.m2/repository/commons-digester/commons-digester/1.8.1/commons-digester-1.8.1.jar:/home/user/.m2/repository/commons-collections/commons-collections/3.2.2/commons-collections-3.2.2.jar:/home/user/.m2/repository/io/jaegertracing/jaeger-client/1.2.0/jaeger-client-1.2.0.jar:/home/user/.m2/repository/io/jaegertracing/jaeger-thrift/1.2.0/jaeger-thrift-1.2.0.jar:/home/user/.m2/repository/org/apache/thrift/libthrift/0.13.0/libthrift-0.13.0.jar:/home/user/.m2/repository/com/squareup/okhttp3/okhttp/4.2.2/okhttp-4.2.2.jar:/home/user/.m2/repository/com/squareup/okio/okio/2.2.2/okio-2.2.2.jar:/home/user/.m2/repository/org/jetbrains/kotlin/kotlin-stdlib/1.3.50/kotlin-stdlib-1.3.50.jar:/home/user/.m2/repository/org/jetbrains/kotlin/kotlin-stdlib-common/1.3.50/kotlin-stdlib-common-1.3.50.jar:/home/user/.m2/repository/org/jetbrains/annotations/13.0/annotations-13.0.jar:/home/user/.m2/repository/io/jaegertracing/jaeger-core/1.2.0/jaeger-core-1.2.0.jar:/home/user/.m2/repository/io/jaegertracing/jaeger-tracerresolver/1.2.0/jaeger-tracerresolver-1.2.0.jar:/home/user/.m2/repository/io/opentracing/contrib/opentracing-tracerresolver/0.1.8/opentracing-tracerresolver-0.1.8.jar:/home/user/.m2/repository/io/opentracing/opentracing-util/0.33.0/opentracing-util-0.33.0.jar:/home/user/.m2/repository/io/opentracing/opentracing-api/0.33.0/opentracing-api-0.33.0.jar:/home/user/.m2/repository/io/opentracing/opentracing-noop/0.33.0/opentracing-noop-0.33.0.jar:/home/user/.m2/repository/org/yaml/snakeyaml/1.26/snakeyaml-1.26.jar:/home/user/.m2/repository/junit/junit/4.11/junit-4.11.jar:/home/user/.m2/repository/org/hamcrest/hamcrest-core/1.3/hamcrest-core-1.3.jar:/home/user/.m2/repository/org/openjdk/jmh/jmh-core/1.19/jmh-core-1.19.jar:/home/user/.m2/repository/net/sf/jopt-simple/jopt-simple/4.6/jopt-simple-4.6.jar:/home/user/.m2/repository/org/apache/commons/commons-math3/3.1.1/commons-math3-3.1.1.jar:/home/user/.m2/repository/org/openjdk/jmh/jmh-generator-annprocess/1.19/jmh-generator-annprocess-1.19.jar:/home/user/.m2/repository/org/mockito/mockito-all/1.8.5/mockito-all-1.8.5.jar:/home/user/.m2/repository/org/apache/hadoop/hadoop-kms/3.2.1/hadoop-kms-3.2.1.jar:/home/user/.m2/repository/org/apache/hadoop/hadoop-auth/3.2.1/hadoop-auth-3.2.1.jar:/home/user/.m2/repository/com/nimbusds/nimbus-jose-jwt/7.9/nimbus-jose-jwt-7.9.jar:/home/user/.m2/repository/com/github/stephenc/jcip/jcip-annotations/1.0-1/jcip-annotations-1.0-1.jar:/home/user/.m2/repository/net/minidev/json-smart/2.3/json-smart-2.3.jar:/home/user/.m2/repository/net/minidev/accessors-smart/1.2/accessors-smart-1.2.jar:/home/user/.m2/repository/org/ow2/asm/asm/5.0.4/asm-5.0.4.jar:/home/user/.m2/repository/org/apache/zookeeper/zookeeper/3.4.13/zookeeper-3.4.13.jar:/home/user/.m2/repository/org/apache/yetus/audience-annotations/0.5.0/audience-annotations-0.5.0.jar:/home/user/.m2/repository/org/apache/curator/curator-framework/2.13.0/curator-framework-2.13.0.jar:/home/user/.m2/repository/com/sun/jersey/jersey-core/1.19/jersey-core-1.19.jar:/home/user/.m2/repository/javax/ws/rs/jsr311-api/1.1.1/jsr311-api-1.1.1.jar:/home/user/.m2/repository/com/sun/jersey/jersey-server/1.19/jersey-server-1.19.jar:/home/user/.m2/repository/javax/servlet/javax.servlet-api/3.1.0/javax.servlet-api-3.1.0.jar:/home/user/.m2/repository/org/eclipse/jetty/jetty-server/9.4.34.v20201102/jetty-server-9.4.34.v20201102.jar:/home/user/.m2/repository/org/eclipse/jetty/jetty-http/9.4.34.v20201102/jetty-http-9.4.34.v20201102.jar:/home/user/.m2/repository/org/eclipse/jetty/jetty-io/9.4.34.v20201102/jetty-io-9.4.34.v20201102.jar:/home/user/.m2/repository/org/eclipse/jetty/jetty-webapp/9.4.34.v20201102/jetty-webapp-9.4.34.v20201102.jar:/home/user/.m2/repository/org/eclipse/jetty/jetty-xml/9.4.34.v20201102/jetty-xml-9.4.34.v20201102.jar:/home/user/.m2/repository/org/apache/hadoop/hadoop-common/3.2.1/hadoop-common-3.2.1.jar:/home/user/.m2/repository/commons-net/commons-net/3.6/commons-net-3.6.jar:/home/user/.m2/repository/com/sun/jersey/jersey-servlet/1.19/jersey-servlet-1.19.jar:/home/user/.m2/repository/com/sun/jersey/jersey-json/1.19/jersey-json-1.19.jar:/home/user/.m2/repository/org/codehaus/jettison/jettison/1.1/jettison-1.1.jar:/home/user/.m2/repository/org/codehaus/jackson/jackson-jaxrs/1.9.2/jackson-jaxrs-1.9.2.jar:/home/user/.m2/repository/org/codehaus/jackson/jackson-xc/1.9.2/jackson-xc-1.9.2.jar:/home/user/.m2/repository/org/apache/commons/commons-configuration2/2.1.1/commons-configuration2-2.1.1.jar:/home/user/.m2/repository/org/apache/commons/commons-text/1.4/commons-text-1.4.jar:/home/user/.m2/repository/com/google/re2j/re2j/1.1/re2j-1.1.jar:/home/user/.m2/repository/com/jcraft/jsch/0.1.54/jsch-0.1.54.jar:/home/user/.m2/repository/org/apache/curator/curator-client/2.13.0/curator-client-2.13.0.jar:/home/user/.m2/repository/org/apache/curator/curator-recipes/2.13.0/curator-recipes-2.13.0.jar:/home/user/.m2/repository/dnsjava/dnsjava/2.1.7/dnsjava-2.1.7.jar:/home/user/.m2/repository/org/slf4j/jul-to-slf4j/1.7.30/jul-to-slf4j-1.7.30.jar:/home/user/.m2/repository/org/eclipse/jetty/jetty-util/9.4.34.v20201102/jetty-util-9.4.34.v20201102.jar:/home/user/.m2/repository/com/fasterxml/jackson/core/jackson-databind/2.10.3/jackson-databind-2.10.3.jar:/home/user/.m2/repository/org/apache/hadoop/hadoop-kms/3.2.1/hadoop-kms-3.2.1-tests.jar:/home/user/.m2/repository/org/apache/hadoop/hadoop-hdds-server-scm/1.1.0-SNAPSHOT/hadoop-hdds-server-scm-1.1.0-SNAPSHOT-tests.jar:/home/user/.m2/repository/org/apache/hadoop/hadoop-hdds-container-service/1.1.0-SNAPSHOT/hadoop-hdds-container-service-1.1.0-SNAPSHOT-tests.jar:/home/user/.m2/repository/commons-codec/commons-codec/1.11/commons-codec-1.11.jar:/home/user/.m2/repository/org/apache/hadoop/hadoop-hdds-hadoop-dependency-test/1.1.0-SNAPSHOT/hadoop-hdds-hadoop-dependency-test-1.1.0-SNAPSHOT.jar:/home/user/.m2/repository/org/apache/hadoop/hadoop-common/3.2.1/hadoop-common-3.2.1-tests.jar:/home/user/.m2/repository/org/apache/hadoop/hadoop-hdfs/3.2.1/hadoop-hdfs-3.2.1-tests.jar:/home/user/.m2/repository/org/eclipse/jetty/jetty-util-ajax/9.4.34.v20201102/jetty-util-ajax-9.4.34.v20201102.jar:/home/user/.m2/repository/commons-daemon/commons-daemon/1.0.13/commons-daemon-1.0.13.jar:/home/user/.m2/repository/io/netty/netty/3.10.5.Final/netty-3.10.5.Final.jar:/home/user/.m2/repository/io/netty/netty-all/4.1.48.Final/netty-all-4.1.48.Final.jar:/home/user/.m2/repository/org/apache/htrace/htrace-core4/4.1.0-incubating/htrace-core4-4.1.0-incubating.jar:/home/user/.m2/repository/org/apache/hadoop/hadoop-distcp/3.2.1/hadoop-distcp-3.2.1.jar:/home/user/.m2/repository/org/apache/hadoop/hadoop-mapreduce-client-jobclient/3.2.1/hadoop-mapreduce-client-jobclient-3.2.1.jar:/home/user/.m2/repository/org/apache/hadoop/hadoop-mapreduce-client-common/3.2.1/hadoop-mapreduce-client-common-3.2.1.jar:/home/user/.m2/repository/org/apache/hadoop/hadoop-yarn-common/3.2.1/hadoop-yarn-common-3.2.1.jar:/home/user/.m2/repository/org/apache/hadoop/hadoop-yarn-api/3.2.1/hadoop-yarn-api-3.2.1.jar:/home/user/.m2/repository/com/sun/jersey/jersey-client/1.19/jersey-client-1.19.jar:/home/user/.m2/repository/com/sun/jersey/contribs/jersey-guice/1.19/jersey-guice-1.19.jar:/home/user/.m2/repository/com/fasterxml/jackson/jaxrs/jackson-jaxrs-json-provider/2.10.3/jackson-jaxrs-json-provider-2.10.3.jar:/home/user/.m2/repository/com/fasterxml/jackson/jaxrs/jackson-jaxrs-base/2.10.3/jackson-jaxrs-base-2.10.3.jar:/home/user/.m2/repository/org/apache/hadoop/hadoop-yarn-client/3.2.1/hadoop-yarn-client-3.2.1.jar:/home/user/.m2/repository/org/apache/hadoop/hadoop-mapreduce-client-core/3.2.1/hadoop-mapreduce-client-core-3.2.1.jar:/home/user/.m2/repository/org/apache/avro/avro/1.7.7/avro-1.7.7.jar:/home/user/.m2/repository/org/codehaus/jackson/jackson-core-asl/1.9.13/jackson-core-asl-1.9.13.jar:/home/user/.m2/repository/org/codehaus/jackson/jackson-mapper-asl/1.9.13/jackson-mapper-asl-1.9.13.jar:/home/user/.m2/repository/com/thoughtworks/paranamer/paranamer/2.3/paranamer-2.3.jar:/home/user/.m2/repository/org/xerial/snappy/snappy-java/1.0.5/snappy-java-1.0.5.jar:/home/user/.m2/repository/org/apache/hadoop/hadoop-annotations/3.2.1/hadoop-annotations-3.2.1.jar:/usr/lib/jvm/java-1.8.0-openjdk-1.8.0.232.b09-0.el7_7.x86_64/jre/../lib/tools.jar:/home/user/.m2/repository/org/apache/hadoop/hadoop-distcp/3.2.1/hadoop-distcp-3.2.1-tests.jar:"/>
    <property name="sun.cpu.endian" value="little"/>
    <property name="user.home" value="/home/user"/>
    <property name="user.language" value="en"/>
    <property name="java.specification.vendor" value="Oracle Corporation"/>
    <property name="java.home" value="/usr/lib/jvm/java-1.8.0-openjdk-1.8.0.232.b09-0.el7_7.x86_64/jre"/>
    <property name="java.security.krb5.conf" value="/github/workspace/mnt/ozone/hadoop-ozone/integration-test/target/test-classes/krb5.conf"/>
    <property name="basedir" value="/github/workspace/mnt/ozone/hadoop-ozone/integration-test"/>
    <property name="file.separator" value="/"/>
    <property name="line.separator" value="&#10;"/>
    <property name="java.vm.specification.vendor" value="Oracle Corporation"/>
    <property name="java.specification.name" value="Java Platform API Specification"/>
    <property name="java.awt.graphicsenv" value="sun.awt.X11GraphicsEnvironment"/>
    <property name="skip.installnpx" value="true"/>
    <property name="surefire.real.class.path" value="/github/workspace/mnt/ozone/hadoop-ozone/integration-test/target/surefire/surefirebooter5092858226470996761.jar:/home/user/.m2/repository/org/jacoco/org.jacoco.agent/0.8.5/org.jacoco.agent-0.8.5-runtime.jar"/>
    <property name="hadoop.log.dir" value="/github/workspace/mnt/ozone/hadoop-ozone/integration-test/target/log"/>
    <property name="sun.boot.class.path" value="/usr/lib/jvm/java-1.8.0-openjdk-1.8.0.232.b09-0.el7_7.x86_64/jre/lib/resources.jar:/usr/lib/jvm/java-1.8.0-openjdk-1.8.0.232.b09-0.el7_7.x86_64/jre/lib/rt.jar:/usr/lib/jvm/java-1.8.0-openjdk-1.8.0.232.b09-0.el7_7.x86_64/jre/lib/sunrsasign.jar:/usr/lib/jvm/java-1.8.0-openjdk-1.8.0.232.b09-0.el7_7.x86_64/jre/lib/jsse.jar:/usr/lib/jvm/java-1.8.0-openjdk-1.8.0.232.b09-0.el7_7.x86_64/jre/lib/jce.jar:/usr/lib/jvm/java-1.8.0-openjdk-1.8.0.232.b09-0.el7_7.x86_64/jre/lib/charsets.jar:/usr/lib/jvm/java-1.8.0-openjdk-1.8.0.232.b09-0.el7_7.x86_64/jre/lib/jfr.jar:/usr/lib/jvm/java-1.8.0-openjdk-1.8.0.232.b09-0.el7_7.x86_64/jre/classes"/>
    <property name="sun.management.compiler" value="HotSpot 64-Bit Tiered Compilers"/>
    <property name="skip.npx" value="true"/>
    <property name="java.runtime.version" value="1.8.0_232-b09"/>
    <property name="java.net.preferIPv4Stack" value="true"/>
    <property name="user.name" value="jenkins1001"/>
    <property name="path.separator" value=":"/>
    <property name="java.security.egd" value="file:///dev/urandom"/>
    <property name="os.version" value="5.4.0-1031-azure"/>
    <property name="java.endorsed.dirs" value="/usr/lib/jvm/java-1.8.0-openjdk-1.8.0.232.b09-0.el7_7.x86_64/jre/lib/endorsed"/>
    <property name="java.runtime.name" value="OpenJDK Runtime Environment"/>
    <property name="file.encoding" value="ANSI_X3.4-1968"/>
    <property name="java.vm.name" value="OpenJDK 64-Bit Server VM"/>
    <property name="test.build.webapps" value=""/>
    <property name="localRepository" value="/home/user/.m2/repository"/>
    <property name="java.vendor.url.bug" value="http://bugreport.sun.com/bugreport/"/>
    <property name="java.io.tmpdir" value="/tmp"/>
    <property name="require.test.libhadoop" value=""/>
    <property name="java.version" value="1.8.0_232"/>
    <property name="user.dir" value="/github/workspace/mnt/ozone/hadoop-ozone/integration-test"/>
    <property name="os.arch" value="amd64"/>
    <property name="java.vm.specification.name" value="Java Virtual Machine Specification"/>
    <property name="test.build.classes" value="/github/workspace/mnt/ozone/hadoop-ozone/integration-test/target/test-classes"/>
    <property name="java.awt.printerjob" value="sun.print.PSPrinterJob"/>
    <property name="sun.os.patch.level" value="unknown"/>
    <property name="hadoop.tmp.dir" value="/github/workspace/mnt/ozone/hadoop-ozone/integration-test/target/tmp"/>
    <property name="java.library.path" value="/usr/lib:/usr/java/packages/lib/amd64:/usr/lib64:/lib64:/lib:/usr/lib"/>
    <property name="java.vm.info" value="mixed mode"/>
    <property name="java.vendor" value="Oracle Corporation"/>
    <property name="java.vm.version" value="25.232-b09"/>
    <property name="java.ext.dirs" value="/usr/lib/jvm/java-1.8.0-openjdk-1.8.0.232.b09-0.el7_7.x86_64/jre/lib/ext:/usr/java/packages/lib/ext"/>
    <property name="sun.io.unicode.encoding" value="UnicodeLittle"/>
    <property name="java.class.version" value="52.0"/>
  </properties>
  <testcase name="testGroupMismatchExceptionHandling" classname="org.apache.hadoop.ozone.client.rpc.TestOzoneClientRetriesOnException" time="45.086"/>
  <testcase name="testMaxRetriesByOzoneClient" classname="org.apache.hadoop.ozone.client.rpc.TestOzoneClientRetriesOnException" time="44.088">
    <failure message="Expected exception not thrown" type="java.lang.AssertionError">java.lang.AssertionError: Expected exception not thrown
	at org.junit.Assert.fail(Assert.java:88)
	at org.apache.hadoop.ozone.client.rpc.TestOzoneClientRetriesOnException.testMaxRetriesByOzoneClient(TestOzoneClientRetriesOnException.java:235)
	at sun.reflect.NativeMethodAccessorImpl.invoke0(Native Method)
	at sun.reflect.NativeMethodAccessorImpl.invoke(NativeMethodAccessorImpl.java:62)
	at sun.reflect.DelegatingMethodAccessorImpl.invoke(DelegatingMethodAccessorImpl.java:43)
	at java.lang.reflect.Method.invoke(Method.java:498)
	at org.junit.runners.model.FrameworkMethod$1.runReflectiveCall(FrameworkMethod.java:47)
	at org.junit.internal.runners.model.ReflectiveCallable.run(ReflectiveCallable.java:12)
	at org.junit.runners.model.FrameworkMethod.invokeExplosively(FrameworkMethod.java:44)
	at org.junit.internal.runners.statements.InvokeMethod.evaluate(InvokeMethod.java:17)
	at org.junit.internal.runners.statements.RunBefores.evaluate(RunBefores.java:26)
	at org.junit.internal.runners.statements.RunAfters.evaluate(RunAfters.java:27)
	at org.junit.internal.runners.statements.FailOnTimeout$StatementThread.run(FailOnTimeout.java:74)
</failure>
    <system-out><![CDATA[2020-12-07 10:48:08,690 [Thread-368] WARN  server.ServerUtils (ServerUtils.java:getScmDbDir(148)) - ozone.scm.db.dirs is not configured. We recommend adding this setting. Falling back to ozone.metadata.dirs instead.
2020-12-07 10:48:08,692 [Thread-368] WARN  server.ServerUtils (ServerUtils.java:getScmDbDir(148)) - ozone.scm.db.dirs is not configured. We recommend adding this setting. Falling back to ozone.metadata.dirs instead.
2020-12-07 10:48:08,693 [Thread-368] WARN  db.DBStoreBuilder (DBStoreBuilder.java:applyDBDefinition(145)) - ozone.scm.db.dirs is not configured. We recommend adding this setting. Falling back to ozone.metadata.dirs instead.
2020-12-07 10:48:08,724 [Thread-368] INFO  net.NodeSchemaLoader (NodeSchemaLoader.java:loadSchemaFromFile(126)) - Loading file from sun.misc.CompoundEnumeration@28ddab6
2020-12-07 10:48:08,724 [Thread-368] INFO  net.NodeSchemaLoader (NodeSchemaLoader.java:loadSchema(172)) - Loading network topology layer schema file
2020-12-07 10:48:08,727 [Thread-368] WARN  server.ServerUtils (ServerUtils.java:sanitizeUserArgs(73)) - ozone.scm.stale.node.interval value = 300000 is larger than max = 100000 based on the key value of ozone.scm.heartbeat.thread.interval, reset to the max value 100000.
2020-12-07 10:48:08,727 [Thread-368] WARN  server.ServerUtils (ServerUtils.java:sanitizeUserArgs(73)) - ozone.scm.stale.node.interval value = 300000 is larger than max = 100000 based on the key value of ozone.scm.heartbeat.thread.interval, reset to the max value 100000.
2020-12-07 10:48:08,728 [Thread-368] INFO  node.SCMNodeManager (SCMNodeManager.java:<init>(123)) - Entering startup safe mode.
2020-12-07 10:48:08,728 [Thread-368] INFO  algorithms.ContainerPlacementPolicyFactory (ContainerPlacementPolicyFactory.java:getPolicy(60)) - Create container placement policy of type org.apache.hadoop.hdds.scm.container.placement.algorithms.SCMContainerPlacementRandom
2020-12-07 10:48:08,728 [Thread-368] INFO  algorithms.LeaderChoosePolicyFactory (LeaderChoosePolicyFactory.java:getPolicy(57)) - Create leader choose policy of type org.apache.hadoop.hdds.scm.pipeline.leader.choose.algorithms.DefaultLeaderChoosePolicy
2020-12-07 10:48:08,729 [Thread-368] INFO  pipeline.SCMPipelineManager (SCMPipelineManager.java:initializePipelineState(161)) - No pipeline exists in current db
2020-12-07 10:48:08,729 [Thread-368] INFO  algorithms.PipelineChoosePolicyFactory (PipelineChoosePolicyFactory.java:createPipelineChoosePolicyFromClass(75)) - Create pipeline choose policy of type org.apache.hadoop.hdds.scm.pipeline.choose.algorithms.RandomPipelineChoosePolicy
2020-12-07 10:48:08,730 [Thread-368] INFO  safemode.HealthyPipelineSafeModeRule (HealthyPipelineSafeModeRule.java:<init>(89)) - Total pipeline count is 0, healthy pipeline threshold count is 0
2020-12-07 10:48:08,731 [Thread-368] INFO  safemode.OneReplicaPipelineSafeModeRule (OneReplicaPipelineSafeModeRule.java:<init>(84)) - Total pipeline count is 0, pipeline's with at least one datanode reported threshold count is 0
2020-12-07 10:48:08,734 [Thread-368] INFO  ipc.CallQueueManager (CallQueueManager.java:<init>(84)) - Using callQueue: class java.util.concurrent.LinkedBlockingQueue, queueCapacity: 2000, scheduler: class org.apache.hadoop.ipc.DefaultRpcScheduler, ipcBackoff: false.
2020-12-07 10:48:08,737 [Socket Reader #1 for port 0] INFO  ipc.Server (Server.java:run(1219)) - Starting Socket Reader #1 for port 0
2020-12-07 10:48:08,742 [Listener at 0.0.0.0/38191] INFO  ipc.CallQueueManager (CallQueueManager.java:<init>(84)) - Using callQueue: class java.util.concurrent.LinkedBlockingQueue, queueCapacity: 2000, scheduler: class org.apache.hadoop.ipc.DefaultRpcScheduler, ipcBackoff: false.
2020-12-07 10:48:08,743 [Socket Reader #1 for port 0] INFO  ipc.Server (Server.java:run(1219)) - Starting Socket Reader #1 for port 0
2020-12-07 10:48:08,744 [Listener at 0.0.0.0/38401] INFO  ipc.CallQueueManager (CallQueueManager.java:<init>(84)) - Using callQueue: class java.util.concurrent.LinkedBlockingQueue, queueCapacity: 2000, scheduler: class org.apache.hadoop.ipc.DefaultRpcScheduler, ipcBackoff: false.
2020-12-07 10:48:08,745 [Socket Reader #1 for port 0] INFO  ipc.Server (Server.java:run(1219)) - Starting Socket Reader #1 for port 0
2020-12-07 10:48:08,754 [Listener at 0.0.0.0/33947] INFO  http.BaseHttpServer (BaseHttpServer.java:newHttpServer2BuilderForOzone(207)) - Starting Web-server for scm at: http://0.0.0.0:0
2020-12-07 10:48:08,754 [Listener at 0.0.0.0/33947] INFO  http.BaseHttpServer (BaseHttpServer.java:<init>(106)) - Hadoop Security Enabled: false Ozone Security Enabled: false Ozone HTTP Security Enabled: false 
2020-12-07 10:48:08,756 [Listener at 0.0.0.0/33947] INFO  server.AuthenticationFilter (AuthenticationFilter.java:constructSecretProvider(240)) - Unable to initialize FileSignerSecretProvider, falling back to use random secrets.
2020-12-07 10:48:08,757 [Listener at 0.0.0.0/33947] WARN  http.HttpRequestLog (HttpRequestLog.java:getRequestLog(103)) - Jetty request log can only be enabled using Log4j
2020-12-07 10:48:08,758 [Listener at 0.0.0.0/33947] INFO  http.HttpServer2 (HttpServer2.java:addGlobalFilter(1019)) - Added global filter 'safety' (class=org.apache.hadoop.hdds.server.http.HttpServer2$QuotingInputFilter)
2020-12-07 10:48:08,759 [Listener at 0.0.0.0/33947] INFO  http.HttpServer2 (HttpServer2.java:addFilter(995)) - Added filter static_user_filter (class=org.apache.hadoop.http.lib.StaticUserWebFilter$StaticUserFilter) to context scm
2020-12-07 10:48:08,759 [Listener at 0.0.0.0/33947] INFO  http.HttpServer2 (HttpServer2.java:addFilter(1003)) - Added filter static_user_filter (class=org.apache.hadoop.http.lib.StaticUserWebFilter$StaticUserFilter) to context logs
2020-12-07 10:48:08,759 [Listener at 0.0.0.0/33947] INFO  http.HttpServer2 (HttpServer2.java:addFilter(1003)) - Added filter static_user_filter (class=org.apache.hadoop.http.lib.StaticUserWebFilter$StaticUserFilter) to context static
2020-12-07 10:48:08,763 [Listener at 0.0.0.0/33947] INFO  server.StorageContainerManager (StorageContainerManager.java:start(789)) - StorageContainerLocationProtocol RPC server is listening at /0.0.0.0:33947
2020-12-07 10:48:08,764 [Listener at 0.0.0.0/33947] WARN  impl.MetricsConfig (MetricsConfig.java:loadFirst(134)) - Cannot locate configuration: tried hadoop-metrics2-storagecontainermanager.properties,hadoop-metrics2.properties
2020-12-07 10:48:08,767 [Listener at 0.0.0.0/33947] INFO  impl.MetricsSystemImpl (MetricsSystemImpl.java:startTimer(374)) - Scheduled Metric snapshot period at 10 second(s).
2020-12-07 10:48:08,767 [Listener at 0.0.0.0/33947] INFO  impl.MetricsSystemImpl (MetricsSystemImpl.java:start(191)) - StorageContainerManager metrics system started
2020-12-07 10:48:08,789 [Listener at 0.0.0.0/33947] WARN  impl.MetricsSystemImpl (MetricsSystemImpl.java:register(276)) - Sink prometheus already exists!
2020-12-07 10:48:08,803 [Listener at 0.0.0.0/33947] INFO  server.SCMClientProtocolServer (SCMClientProtocolServer.java:start(159)) - RPC server for Client  is listening at /0.0.0.0:33947
2020-12-07 10:48:08,809 [IPC Server Responder] INFO  ipc.Server (Server.java:run(1460)) - IPC Server Responder: starting
2020-12-07 10:48:08,813 [IPC Server listener on 0] INFO  ipc.Server (Server.java:run(1298)) - IPC Server listener on 0: starting
2020-12-07 10:48:08,824 [Listener at 0.0.0.0/33947] INFO  server.StorageContainerManager (StorageContainerManager.java:start(801)) - ScmBlockLocationProtocol RPC server is listening at /0.0.0.0:38401
2020-12-07 10:48:08,825 [Listener at 0.0.0.0/33947] INFO  server.SCMBlockProtocolServer (SCMBlockProtocolServer.java:start(150)) - RPC server for Block Protocol is listening at /0.0.0.0:38401
2020-12-07 10:48:08,825 [IPC Server Responder] INFO  ipc.Server (Server.java:run(1460)) - IPC Server Responder: starting
2020-12-07 10:48:08,829 [IPC Server listener on 0] INFO  ipc.Server (Server.java:run(1298)) - IPC Server listener on 0: starting
2020-12-07 10:48:08,836 [Listener at 0.0.0.0/33947] INFO  server.StorageContainerManager (StorageContainerManager.java:start(807)) - ScmDatanodeProtocl RPC server is listening at /0.0.0.0:38191
2020-12-07 10:48:08,836 [Listener at 0.0.0.0/33947] INFO  server.SCMDatanodeProtocolServer (SCMDatanodeProtocolServer.java:start(174)) - RPC server for DataNodes is listening at /0.0.0.0:38191
2020-12-07 10:48:08,837 [IPC Server Responder] INFO  ipc.Server (Server.java:run(1460)) - IPC Server Responder: starting
2020-12-07 10:48:08,844 [IPC Server listener on 0] INFO  ipc.Server (Server.java:run(1298)) - IPC Server listener on 0: starting
2020-12-07 10:48:08,854 [Listener at 0.0.0.0/33947] INFO  http.HttpServer2 (HttpServer2.java:bindListener(1237)) - Jetty bound to port 46663
2020-12-07 10:48:08,854 [Listener at 0.0.0.0/33947] INFO  server.Server (Server.java:doStart(375)) - jetty-9.4.34.v20201102; built: 2020-11-02T14:15:39.302Z; git: e46af88704a893fc12cb0e3bf46e2c7b48a009e7; jvm 1.8.0_232-b09
2020-12-07 10:48:08,855 [Listener at 0.0.0.0/33947] INFO  server.session (DefaultSessionIdManager.java:doStart(334)) - DefaultSessionIdManager workerName=node0
2020-12-07 10:48:08,856 [Listener at 0.0.0.0/33947] INFO  server.session (DefaultSessionIdManager.java:doStart(339)) - No SessionScavenger set, using defaults
2020-12-07 10:48:08,856 [Listener at 0.0.0.0/33947] INFO  server.session (HouseKeeper.java:startScavenging(132)) - node0 Scavenging every 660000ms
2020-12-07 10:48:08,857 [Listener at 0.0.0.0/33947] INFO  handler.ContextHandler (ContextHandler.java:doStart(916)) - Started o.e.j.s.ServletContextHandler@21fafe22{logs,/logs,file:///github/workspace/mnt/ozone/hadoop-ozone/integration-test/target/log,AVAILABLE}
2020-12-07 10:48:08,857 [Listener at 0.0.0.0/33947] INFO  handler.ContextHandler (ContextHandler.java:doStart(916)) - Started o.e.j.s.ServletContextHandler@455f7e73{static,/static,file:///github/workspace/mnt/ozone/hadoop-ozone/integration-test/target/test-classes/webapps/static,AVAILABLE}
2020-12-07 10:48:08,861 [Listener at 0.0.0.0/33947] INFO  handler.ContextHandler (ContextHandler.java:doStart(916)) - Started o.e.j.w.WebAppContext@24057b42{scm,/,file:///github/workspace/mnt/ozone/hadoop-ozone/integration-test/target/test-classes/webapps/scm/,AVAILABLE}{file:/github/workspace/mnt/ozone/hadoop-ozone/integration-test/target/test-classes/webapps/scm}
2020-12-07 10:48:08,861 [Listener at 0.0.0.0/33947] INFO  server.AbstractConnector (AbstractConnector.java:doStart(331)) - Started ServerConnector@44147783{HTTP/1.1, (http/1.1)}{0.0.0.0:46663}
2020-12-07 10:48:08,861 [Listener at 0.0.0.0/33947] INFO  server.Server (Server.java:doStart(415)) - Started @46242ms
2020-12-07 10:48:08,862 [Listener at 0.0.0.0/33947] WARN  impl.MetricsSystemImpl (MetricsSystemImpl.java:register(276)) - Sink prometheus already exists!
2020-12-07 10:48:08,865 [Listener at 0.0.0.0/33947] INFO  http.BaseHttpServer (BaseHttpServer.java:updateConnectorAddress(327)) - HTTP server of scm listening at http://0.0.0.0:46663
2020-12-07 10:48:08,866 [Listener at 0.0.0.0/33947] WARN  server.ServerUtils (ServerUtils.java:getDBPath(225)) - ozone.om.db.dirs is not configured. We recommend adding this setting. Falling back to ozone.metadata.dirs instead.
2020-12-07 10:48:08,866 [org.apache.hadoop.util.JvmPauseMonitor$Monitor@27bf1582] INFO  util.JvmPauseMonitor (JvmPauseMonitor.java:run(188)) - Starting JVM pause monitor
2020-12-07 10:48:08,867 [Listener at 0.0.0.0/33947] INFO  ha.OMHANodeDetails (OMHANodeDetails.java:loadOMHAConfig(104)) - ozone.om.internal.service.id is not defined, falling back to ozone.om.service.ids to find serviceID for OzoneManager if it is HA enabled cluster
2020-12-07 10:48:08,868 [Listener at 0.0.0.0/33947] INFO  ha.OMHANodeDetails (OMHANodeDetails.java:loadOMHAConfig(213)) - Configuration either no ozone.om.address set. Falling back to the default OM address /127.0.0.1:0
2020-12-07 10:48:08,868 [Listener at 0.0.0.0/33947] INFO  ha.OMHANodeDetails (OMHANodeDetails.java:getOMNodeDetails(241)) - OM Service ID is not set. Setting it to the default ID: omServiceIdDefault
2020-12-07 10:48:08,868 [Listener at 0.0.0.0/33947] WARN  server.ServerUtils (ServerUtils.java:getDBPath(225)) - ozone.om.db.dirs is not configured. We recommend adding this setting. Falling back to ozone.metadata.dirs instead.
2020-12-07 10:48:08,869 [Listener at 0.0.0.0/33947] WARN  server.ServerUtils (ServerUtils.java:getDBPath(225)) - ozone.om.db.dirs is not configured. We recommend adding this setting. Falling back to ozone.metadata.dirs instead.
2020-12-07 10:48:08,873 [Listener at 0.0.0.0/33947] WARN  server.ServerUtils (ServerUtils.java:getDBPath(225)) - ozone.om.db.dirs is not configured. We recommend adding this setting. Falling back to ozone.metadata.dirs instead.
2020-12-07 10:48:08,874 [Listener at 0.0.0.0/33947] INFO  codec.OmKeyInfoCodec (OmKeyInfoCodec.java:<init>(41)) - OmKeyInfoCodec ignorePipeline = true
2020-12-07 10:48:08,874 [Listener at 0.0.0.0/33947] INFO  codec.RepeatedOmKeyInfoCodec (RepeatedOmKeyInfoCodec.java:<init>(40)) - RepeatedOmKeyInfoCodec ignorePipeline = true
2020-12-07 10:48:08,934 [Listener at 0.0.0.0/33947] INFO  om.OzoneManager (OzoneManager.java:addS3GVolumeToDB(3737)) - Created Volume s3v With Owner jenkins1001 required for S3Gateway operations.
2020-12-07 10:48:08,935 [Listener at 0.0.0.0/33947] INFO  ipc.CallQueueManager (CallQueueManager.java:<init>(84)) - Using callQueue: class java.util.concurrent.LinkedBlockingQueue, queueCapacity: 2000, scheduler: class org.apache.hadoop.ipc.DefaultRpcScheduler, ipcBackoff: false.
2020-12-07 10:48:08,936 [Socket Reader #1 for port 0] INFO  ipc.Server (Server.java:run(1219)) - Starting Socket Reader #1 for port 0
2020-12-07 10:48:08,957 [Listener at 127.0.0.1/33429] INFO  impl.MetricsSystemImpl (MetricsSystemImpl.java:init(158)) - OzoneManager metrics system started (again)
2020-12-07 10:48:08,959 [Listener at 127.0.0.1/33429] INFO  om.OzoneManager (OzoneManager.java:start(1145)) - OzoneManager RPC server is listening at localhost/127.0.0.1:33429
2020-12-07 10:48:08,964 [Listener at 127.0.0.1/33429] INFO  http.BaseHttpServer (BaseHttpServer.java:newHttpServer2BuilderForOzone(207)) - Starting Web-server for ozoneManager at: http://0.0.0.0:0
2020-12-07 10:48:08,964 [Listener at 127.0.0.1/33429] INFO  http.BaseHttpServer (BaseHttpServer.java:<init>(106)) - Hadoop Security Enabled: false Ozone Security Enabled: false Ozone HTTP Security Enabled: false 
2020-12-07 10:48:08,965 [Listener at 127.0.0.1/33429] INFO  server.AuthenticationFilter (AuthenticationFilter.java:constructSecretProvider(240)) - Unable to initialize FileSignerSecretProvider, falling back to use random secrets.
2020-12-07 10:48:08,966 [Listener at 127.0.0.1/33429] WARN  http.HttpRequestLog (HttpRequestLog.java:getRequestLog(103)) - Jetty request log can only be enabled using Log4j
2020-12-07 10:48:08,967 [Listener at 127.0.0.1/33429] INFO  http.HttpServer2 (HttpServer2.java:addGlobalFilter(1019)) - Added global filter 'safety' (class=org.apache.hadoop.hdds.server.http.HttpServer2$QuotingInputFilter)
2020-12-07 10:48:08,967 [Listener at 127.0.0.1/33429] INFO  http.HttpServer2 (HttpServer2.java:addFilter(995)) - Added filter static_user_filter (class=org.apache.hadoop.http.lib.StaticUserWebFilter$StaticUserFilter) to context ozoneManager
2020-12-07 10:48:08,967 [Listener at 127.0.0.1/33429] INFO  http.HttpServer2 (HttpServer2.java:addFilter(1003)) - Added filter static_user_filter (class=org.apache.hadoop.http.lib.StaticUserWebFilter$StaticUserFilter) to context logs
2020-12-07 10:48:08,968 [Listener at 127.0.0.1/33429] INFO  http.HttpServer2 (HttpServer2.java:addFilter(1003)) - Added filter static_user_filter (class=org.apache.hadoop.http.lib.StaticUserWebFilter$StaticUserFilter) to context static
2020-12-07 10:48:08,968 [Listener at 127.0.0.1/33429] INFO  http.HttpServer2 (HttpServer2.java:bindListener(1237)) - Jetty bound to port 42999
2020-12-07 10:48:08,968 [Listener at 127.0.0.1/33429] INFO  server.Server (Server.java:doStart(375)) - jetty-9.4.34.v20201102; built: 2020-11-02T14:15:39.302Z; git: e46af88704a893fc12cb0e3bf46e2c7b48a009e7; jvm 1.8.0_232-b09
2020-12-07 10:48:08,970 [Listener at 127.0.0.1/33429] INFO  server.session (DefaultSessionIdManager.java:doStart(334)) - DefaultSessionIdManager workerName=node0
2020-12-07 10:48:08,970 [Listener at 127.0.0.1/33429] INFO  server.session (DefaultSessionIdManager.java:doStart(339)) - No SessionScavenger set, using defaults
2020-12-07 10:48:08,970 [Listener at 127.0.0.1/33429] INFO  server.session (HouseKeeper.java:startScavenging(132)) - node0 Scavenging every 660000ms
2020-12-07 10:48:08,971 [Listener at 127.0.0.1/33429] INFO  handler.ContextHandler (ContextHandler.java:doStart(916)) - Started o.e.j.s.ServletContextHandler@7f0d0cb3{logs,/logs,file:///github/workspace/mnt/ozone/hadoop-ozone/integration-test/target/log,AVAILABLE}
2020-12-07 10:48:08,971 [Listener at 127.0.0.1/33429] INFO  handler.ContextHandler (ContextHandler.java:doStart(916)) - Started o.e.j.s.ServletContextHandler@14b8ef06{static,/static,file:///github/workspace/mnt/ozone/hadoop-ozone/integration-test/target/test-classes/webapps/static,AVAILABLE}
2020-12-07 10:48:08,974 [Listener at 127.0.0.1/33429] INFO  handler.ContextHandler (ContextHandler.java:doStart(916)) - Started o.e.j.w.WebAppContext@161e4ca{ozoneManager,/,file:///github/workspace/mnt/ozone/hadoop-ozone/integration-test/target/test-classes/webapps/ozoneManager/,AVAILABLE}{file:/github/workspace/mnt/ozone/hadoop-ozone/integration-test/target/test-classes/webapps/ozoneManager}
2020-12-07 10:48:08,977 [Listener at 127.0.0.1/33429] INFO  server.AbstractConnector (AbstractConnector.java:doStart(331)) - Started ServerConnector@252a06a1{HTTP/1.1, (http/1.1)}{0.0.0.0:42999}
2020-12-07 10:48:08,977 [Listener at 127.0.0.1/33429] INFO  server.Server (Server.java:doStart(415)) - Started @46358ms
2020-12-07 10:48:08,977 [Listener at 127.0.0.1/33429] WARN  impl.MetricsSystemImpl (MetricsSystemImpl.java:register(276)) - Sink prometheus already exists!
2020-12-07 10:48:08,981 [Listener at 127.0.0.1/33429] INFO  http.BaseHttpServer (BaseHttpServer.java:updateConnectorAddress(327)) - HTTP server of ozoneManager listening at http://0.0.0.0:42999
2020-12-07 10:48:08,981 [IPC Server Responder] INFO  ipc.Server (Server.java:run(1460)) - IPC Server Responder: starting
2020-12-07 10:48:08,981 [IPC Server listener on 0] INFO  ipc.Server (Server.java:run(1298)) - IPC Server listener on 0: starting
2020-12-07 10:48:08,991 [Listener at 127.0.0.1/33429] INFO  om.OzoneManager (OzoneManager.java:startTrashEmptier(1270)) - Trash Interval set to 0. Files deleted will not move to trash
2020-12-07 10:48:08,993 [org.apache.hadoop.util.JvmPauseMonitor$Monitor@36b8f484] INFO  util.JvmPauseMonitor (JvmPauseMonitor.java:run(188)) - Starting JVM pause monitor
2020-12-07 10:48:09,016 [Listener at 127.0.0.1/33429] INFO  impl.MetricsSystemImpl (MetricsSystemImpl.java:init(158)) - HddsDatanode metrics system started (again)
2020-12-07 10:48:09,017 [Listener at 127.0.0.1/33429] INFO  ozone.HddsDatanodeService (HddsDatanodeService.java:start(217)) - HddsDatanodeService host:e09bffc1a782 ip:172.17.0.2
2020-12-07 10:48:09,018 [Listener at 127.0.0.1/33429] INFO  volume.HddsVolume (HddsVolume.java:<init>(176)) - Creating Volume: /github/workspace/mnt/ozone/hadoop-ozone/integration-test/target/test-dir/MiniOzoneClusterImpl-63b0f1bc-721b-4e89-a01a-54c1f1559151/datanode-0/data-0/containers/hdds of storage type : DISK and capacity : 9223372036854775807
2020-12-07 10:48:09,018 [Listener at 127.0.0.1/33429] INFO  volume.MutableVolumeSet (MutableVolumeSet.java:initializeVolumeSet(179)) - Added Volume : /github/workspace/mnt/ozone/hadoop-ozone/integration-test/target/test-dir/MiniOzoneClusterImpl-63b0f1bc-721b-4e89-a01a-54c1f1559151/datanode-0/data-0/containers/hdds to VolumeSet
2020-12-07 10:48:09,019 [Listener at 127.0.0.1/33429] INFO  volume.ThrottledAsyncChecker (ThrottledAsyncChecker.java:schedule(141)) - Scheduling a check for /github/workspace/mnt/ozone/hadoop-ozone/integration-test/target/test-dir/MiniOzoneClusterImpl-63b0f1bc-721b-4e89-a01a-54c1f1559151/datanode-0/data-0/containers/hdds
2020-12-07 10:48:09,019 [Listener at 127.0.0.1/33429] INFO  volume.HddsVolumeChecker (HddsVolumeChecker.java:checkAllVolumes(200)) - Scheduled health check for volume /github/workspace/mnt/ozone/hadoop-ozone/integration-test/target/test-dir/MiniOzoneClusterImpl-63b0f1bc-721b-4e89-a01a-54c1f1559151/datanode-0/data-0/containers/hdds
2020-12-07 10:48:09,033 [Thread-491] INFO  ozoneimpl.ContainerReader (ContainerReader.java:readVolume(123)) - Start to verify containers on volume /github/workspace/mnt/ozone/hadoop-ozone/integration-test/target/test-dir/MiniOzoneClusterImpl-63b0f1bc-721b-4e89-a01a-54c1f1559151/datanode-0/data-0/containers/hdds
2020-12-07 10:48:09,033 [Thread-491] INFO  ozoneimpl.ContainerReader (ContainerReader.java:readVolume(148)) - Finish verifying containers on volume /github/workspace/mnt/ozone/hadoop-ozone/integration-test/target/test-dir/MiniOzoneClusterImpl-63b0f1bc-721b-4e89-a01a-54c1f1559151/datanode-0/data-0/containers/hdds
2020-12-07 10:48:09,033 [Listener at 127.0.0.1/33429] INFO  ozoneimpl.OzoneContainer (OzoneContainer.java:buildContainerSet(194)) - Build ContainerSet costs 0s
2020-12-07 10:48:09,035 [Listener at 127.0.0.1/33429] INFO  impl.RaftServerProxy (ConfUtils.java:logGet(44)) - raft.rpc.type = GRPC (default)
2020-12-07 10:48:09,035 [Listener at 127.0.0.1/33429] INFO  grpc.GrpcFactory (GrpcFactory.java:checkPooledByteBufAllocatorUseCacheForAllThreads(45)) - PERFORMANCE WARNING: useCacheForAllThreads is true that may cause Netty to create a lot garbage objects and, as a result, trigger GC.
	It is recommended to disable useCacheForAllThreads by setting -Dorg.apache.ratis.thirdparty.io.netty.allocator.useCacheForAllThreads=false in command line.
2020-12-07 10:48:09,036 [Listener at 127.0.0.1/33429] INFO  grpc.GrpcConfigKeys (ConfUtils.java:logGet(44)) - raft.grpc.server.port = 0 (default)
2020-12-07 10:48:09,036 [Listener at 127.0.0.1/33429] INFO  server.GrpcService (ConfUtils.java:logGet(44)) - raft.grpc.message.size.max = 32MB (=33554432) (custom)
2020-12-07 10:48:09,036 [Listener at 127.0.0.1/33429] INFO  server.RaftServerConfigKeys (ConfUtils.java:logGet(44)) - raft.server.log.appender.buffer.byte-limit = 33554432 (custom)
2020-12-07 10:48:09,036 [Listener at 127.0.0.1/33429] INFO  server.GrpcService (ConfUtils.java:logGet(44)) - raft.grpc.flow.control.window = 5MB (=5242880) (custom)
2020-12-07 10:48:09,036 [Listener at 127.0.0.1/33429] INFO  server.RaftServerConfigKeys (ConfUtils.java:logGet(44)) - raft.server.rpc.request.timeout = 60s (custom)
2020-12-07 10:48:09,037 [Listener at 127.0.0.1/33429] INFO  impl.DataStreamServerImpl (ConfUtils.java:logGet(44)) - raft.datastream.type = DISABLED (default)
2020-12-07 10:48:09,038 [Listener at 127.0.0.1/33429] INFO  server.RaftServerConfigKeys (ConfUtils.java:logGet(44)) - raft.server.storage.dir = [/github/workspace/mnt/ozone/hadoop-ozone/integration-test/target/test-dir/MiniOzoneClusterImpl-63b0f1bc-721b-4e89-a01a-54c1f1559151/datanode-0/data/ratis] (custom)
2020-12-07 10:48:09,043 [Listener at 127.0.0.1/33429] INFO  http.BaseHttpServer (BaseHttpServer.java:newHttpServer2BuilderForOzone(207)) - Starting Web-server for hddsDatanode at: http://0.0.0.0:0
2020-12-07 10:48:09,043 [Listener at 127.0.0.1/33429] INFO  http.BaseHttpServer (BaseHttpServer.java:<init>(106)) - Hadoop Security Enabled: false Ozone Security Enabled: false Ozone HTTP Security Enabled: false 
2020-12-07 10:48:09,044 [Listener at 127.0.0.1/33429] INFO  server.AuthenticationFilter (AuthenticationFilter.java:constructSecretProvider(240)) - Unable to initialize FileSignerSecretProvider, falling back to use random secrets.
2020-12-07 10:48:09,044 [Listener at 127.0.0.1/33429] WARN  http.HttpRequestLog (HttpRequestLog.java:getRequestLog(103)) - Jetty request log can only be enabled using Log4j
2020-12-07 10:48:09,045 [Listener at 127.0.0.1/33429] INFO  http.HttpServer2 (HttpServer2.java:addGlobalFilter(1019)) - Added global filter 'safety' (class=org.apache.hadoop.hdds.server.http.HttpServer2$QuotingInputFilter)
2020-12-07 10:48:09,045 [Listener at 127.0.0.1/33429] INFO  http.HttpServer2 (HttpServer2.java:addFilter(995)) - Added filter static_user_filter (class=org.apache.hadoop.http.lib.StaticUserWebFilter$StaticUserFilter) to context hddsDatanode
2020-12-07 10:48:09,045 [Listener at 127.0.0.1/33429] INFO  http.HttpServer2 (HttpServer2.java:addFilter(1003)) - Added filter static_user_filter (class=org.apache.hadoop.http.lib.StaticUserWebFilter$StaticUserFilter) to context static
2020-12-07 10:48:09,046 [Listener at 127.0.0.1/33429] INFO  http.HttpServer2 (HttpServer2.java:addFilter(1003)) - Added filter static_user_filter (class=org.apache.hadoop.http.lib.StaticUserWebFilter$StaticUserFilter) to context logs
2020-12-07 10:48:09,046 [Listener at 127.0.0.1/33429] INFO  http.HttpServer2 (HttpServer2.java:bindListener(1237)) - Jetty bound to port 37907
2020-12-07 10:48:09,046 [Listener at 127.0.0.1/33429] INFO  server.Server (Server.java:doStart(375)) - jetty-9.4.34.v20201102; built: 2020-11-02T14:15:39.302Z; git: e46af88704a893fc12cb0e3bf46e2c7b48a009e7; jvm 1.8.0_232-b09
2020-12-07 10:48:09,048 [Listener at 127.0.0.1/33429] INFO  server.session (DefaultSessionIdManager.java:doStart(334)) - DefaultSessionIdManager workerName=node0
2020-12-07 10:48:09,048 [Listener at 127.0.0.1/33429] INFO  server.session (DefaultSessionIdManager.java:doStart(339)) - No SessionScavenger set, using defaults
2020-12-07 10:48:09,048 [Listener at 127.0.0.1/33429] INFO  server.session (HouseKeeper.java:startScavenging(132)) - node0 Scavenging every 660000ms
2020-12-07 10:48:09,049 [Listener at 127.0.0.1/33429] INFO  handler.ContextHandler (ContextHandler.java:doStart(916)) - Started o.e.j.s.ServletContextHandler@504771de{logs,/logs,file:///github/workspace/mnt/ozone/hadoop-ozone/integration-test/target/log,AVAILABLE}
2020-12-07 10:48:09,049 [Listener at 127.0.0.1/33429] INFO  handler.ContextHandler (ContextHandler.java:doStart(916)) - Started o.e.j.s.ServletContextHandler@12816b57{static,/static,jar:file:/home/user/.m2/repository/org/apache/hadoop/hadoop-hdds-container-service/1.1.0-SNAPSHOT/hadoop-hdds-container-service-1.1.0-SNAPSHOT.jar!/webapps/static,AVAILABLE}
2020-12-07 10:48:09,209 [Listener at 127.0.0.1/33429] INFO  handler.ContextHandler (ContextHandler.java:doStart(916)) - Started o.e.j.w.WebAppContext@434c6fef{hddsDatanode,/,file:///tmp/jetty-0_0_0_0-37907-hadoop-hdds-container-service-1_1_0-SNAPSHOT_jar-_-any-7008000153565581763/webapp/,AVAILABLE}{jar:file:/home/user/.m2/repository/org/apache/hadoop/hadoop-hdds-container-service/1.1.0-SNAPSHOT/hadoop-hdds-container-service-1.1.0-SNAPSHOT.jar!/webapps/hddsDatanode}
2020-12-07 10:48:09,211 [Listener at 127.0.0.1/33429] INFO  server.AbstractConnector (AbstractConnector.java:doStart(331)) - Started ServerConnector@21119703{HTTP/1.1, (http/1.1)}{0.0.0.0:37907}
2020-12-07 10:48:09,211 [Listener at 127.0.0.1/33429] INFO  server.Server (Server.java:doStart(415)) - Started @46591ms
2020-12-07 10:48:09,211 [Listener at 127.0.0.1/33429] WARN  impl.MetricsSystemImpl (MetricsSystemImpl.java:register(276)) - Sink prometheus already exists!
2020-12-07 10:48:09,214 [Listener at 127.0.0.1/33429] INFO  http.BaseHttpServer (BaseHttpServer.java:updateConnectorAddress(327)) - HTTP server of hddsDatanode listening at http://0.0.0.0:37907
2020-12-07 10:48:09,216 [Listener at 127.0.0.1/33429] INFO  impl.MetricsSystemImpl (MetricsSystemImpl.java:init(158)) - HddsDatanode metrics system started (again)
2020-12-07 10:48:09,218 [Listener at 127.0.0.1/33429] INFO  ozone.HddsDatanodeService (HddsDatanodeService.java:start(217)) - HddsDatanodeService host:e09bffc1a782 ip:172.17.0.2
2020-12-07 10:48:09,221 [org.apache.hadoop.util.JvmPauseMonitor$Monitor@7d1e230b] INFO  util.JvmPauseMonitor (JvmPauseMonitor.java:run(188)) - Starting JVM pause monitor
2020-12-07 10:48:09,223 [Datanode State Machine Task Thread - 0] INFO  datanode.InitDatanodeState (InitDatanodeState.java:persistContainerDatanodeDetails(145)) - DatanodeDetails is persisted to /github/workspace/mnt/ozone/hadoop-ozone/integration-test/target/test-dir/MiniOzoneClusterImpl-63b0f1bc-721b-4e89-a01a-54c1f1559151/datanode-0/meta/datanode.id
2020-12-07 10:48:09,226 [Listener at 127.0.0.1/33429] INFO  volume.HddsVolume (HddsVolume.java:<init>(176)) - Creating Volume: /github/workspace/mnt/ozone/hadoop-ozone/integration-test/target/test-dir/MiniOzoneClusterImpl-63b0f1bc-721b-4e89-a01a-54c1f1559151/datanode-1/data-0/containers/hdds of storage type : DISK and capacity : 9223372036854775807
2020-12-07 10:48:09,226 [Listener at 127.0.0.1/33429] INFO  volume.MutableVolumeSet (MutableVolumeSet.java:initializeVolumeSet(179)) - Added Volume : /github/workspace/mnt/ozone/hadoop-ozone/integration-test/target/test-dir/MiniOzoneClusterImpl-63b0f1bc-721b-4e89-a01a-54c1f1559151/datanode-1/data-0/containers/hdds to VolumeSet
2020-12-07 10:48:09,227 [Listener at 127.0.0.1/33429] INFO  volume.ThrottledAsyncChecker (ThrottledAsyncChecker.java:schedule(141)) - Scheduling a check for /github/workspace/mnt/ozone/hadoop-ozone/integration-test/target/test-dir/MiniOzoneClusterImpl-63b0f1bc-721b-4e89-a01a-54c1f1559151/datanode-1/data-0/containers/hdds
2020-12-07 10:48:09,227 [Listener at 127.0.0.1/33429] INFO  volume.HddsVolumeChecker (HddsVolumeChecker.java:checkAllVolumes(200)) - Scheduled health check for volume /github/workspace/mnt/ozone/hadoop-ozone/integration-test/target/test-dir/MiniOzoneClusterImpl-63b0f1bc-721b-4e89-a01a-54c1f1559151/datanode-1/data-0/containers/hdds
2020-12-07 10:48:09,246 [Thread-502] INFO  ozoneimpl.ContainerReader (ContainerReader.java:readVolume(123)) - Start to verify containers on volume /github/workspace/mnt/ozone/hadoop-ozone/integration-test/target/test-dir/MiniOzoneClusterImpl-63b0f1bc-721b-4e89-a01a-54c1f1559151/datanode-1/data-0/containers/hdds
2020-12-07 10:48:09,246 [Thread-502] INFO  ozoneimpl.ContainerReader (ContainerReader.java:readVolume(148)) - Finish verifying containers on volume /github/workspace/mnt/ozone/hadoop-ozone/integration-test/target/test-dir/MiniOzoneClusterImpl-63b0f1bc-721b-4e89-a01a-54c1f1559151/datanode-1/data-0/containers/hdds
2020-12-07 10:48:09,246 [Listener at 127.0.0.1/33429] INFO  ozoneimpl.OzoneContainer (OzoneContainer.java:buildContainerSet(194)) - Build ContainerSet costs 0s
2020-12-07 10:48:09,248 [Listener at 127.0.0.1/33429] INFO  impl.RaftServerProxy (ConfUtils.java:logGet(44)) - raft.rpc.type = GRPC (default)
2020-12-07 10:48:09,248 [Listener at 127.0.0.1/33429] INFO  grpc.GrpcFactory (GrpcFactory.java:checkPooledByteBufAllocatorUseCacheForAllThreads(45)) - PERFORMANCE WARNING: useCacheForAllThreads is true that may cause Netty to create a lot garbage objects and, as a result, trigger GC.
	It is recommended to disable useCacheForAllThreads by setting -Dorg.apache.ratis.thirdparty.io.netty.allocator.useCacheForAllThreads=false in command line.
2020-12-07 10:48:09,249 [Listener at 127.0.0.1/33429] INFO  grpc.GrpcConfigKeys (ConfUtils.java:logGet(44)) - raft.grpc.server.port = 0 (default)
2020-12-07 10:48:09,249 [Listener at 127.0.0.1/33429] INFO  server.GrpcService (ConfUtils.java:logGet(44)) - raft.grpc.message.size.max = 32MB (=33554432) (custom)
2020-12-07 10:48:09,249 [Listener at 127.0.0.1/33429] INFO  server.RaftServerConfigKeys (ConfUtils.java:logGet(44)) - raft.server.log.appender.buffer.byte-limit = 33554432 (custom)
2020-12-07 10:48:09,249 [Listener at 127.0.0.1/33429] INFO  server.GrpcService (ConfUtils.java:logGet(44)) - raft.grpc.flow.control.window = 5MB (=5242880) (custom)
2020-12-07 10:48:09,249 [Listener at 127.0.0.1/33429] INFO  server.RaftServerConfigKeys (ConfUtils.java:logGet(44)) - raft.server.rpc.request.timeout = 60s (custom)
2020-12-07 10:48:09,254 [Listener at 127.0.0.1/33429] INFO  impl.DataStreamServerImpl (ConfUtils.java:logGet(44)) - raft.datastream.type = DISABLED (default)
2020-12-07 10:48:09,254 [Listener at 127.0.0.1/33429] INFO  server.RaftServerConfigKeys (ConfUtils.java:logGet(44)) - raft.server.storage.dir = [/github/workspace/mnt/ozone/hadoop-ozone/integration-test/target/test-dir/MiniOzoneClusterImpl-63b0f1bc-721b-4e89-a01a-54c1f1559151/datanode-1/data/ratis] (custom)
2020-12-07 10:48:09,259 [Listener at 127.0.0.1/33429] INFO  http.BaseHttpServer (BaseHttpServer.java:newHttpServer2BuilderForOzone(207)) - Starting Web-server for hddsDatanode at: http://0.0.0.0:0
2020-12-07 10:48:09,259 [Listener at 127.0.0.1/33429] INFO  http.BaseHttpServer (BaseHttpServer.java:<init>(106)) - Hadoop Security Enabled: false Ozone Security Enabled: false Ozone HTTP Security Enabled: false 
2020-12-07 10:48:09,260 [Listener at 127.0.0.1/33429] INFO  server.AuthenticationFilter (AuthenticationFilter.java:constructSecretProvider(240)) - Unable to initialize FileSignerSecretProvider, falling back to use random secrets.
2020-12-07 10:48:09,260 [Listener at 127.0.0.1/33429] WARN  http.HttpRequestLog (HttpRequestLog.java:getRequestLog(103)) - Jetty request log can only be enabled using Log4j
2020-12-07 10:48:09,261 [Listener at 127.0.0.1/33429] INFO  http.HttpServer2 (HttpServer2.java:addGlobalFilter(1019)) - Added global filter 'safety' (class=org.apache.hadoop.hdds.server.http.HttpServer2$QuotingInputFilter)
2020-12-07 10:48:09,261 [Listener at 127.0.0.1/33429] INFO  http.HttpServer2 (HttpServer2.java:addFilter(995)) - Added filter static_user_filter (class=org.apache.hadoop.http.lib.StaticUserWebFilter$StaticUserFilter) to context hddsDatanode
2020-12-07 10:48:09,262 [Listener at 127.0.0.1/33429] INFO  http.HttpServer2 (HttpServer2.java:addFilter(1003)) - Added filter static_user_filter (class=org.apache.hadoop.http.lib.StaticUserWebFilter$StaticUserFilter) to context static
2020-12-07 10:48:09,262 [Listener at 127.0.0.1/33429] INFO  http.HttpServer2 (HttpServer2.java:addFilter(1003)) - Added filter static_user_filter (class=org.apache.hadoop.http.lib.StaticUserWebFilter$StaticUserFilter) to context logs
2020-12-07 10:48:09,262 [Listener at 127.0.0.1/33429] INFO  http.HttpServer2 (HttpServer2.java:bindListener(1237)) - Jetty bound to port 45469
2020-12-07 10:48:09,262 [Listener at 127.0.0.1/33429] INFO  server.Server (Server.java:doStart(375)) - jetty-9.4.34.v20201102; built: 2020-11-02T14:15:39.302Z; git: e46af88704a893fc12cb0e3bf46e2c7b48a009e7; jvm 1.8.0_232-b09
2020-12-07 10:48:09,264 [Listener at 127.0.0.1/33429] INFO  server.session (DefaultSessionIdManager.java:doStart(334)) - DefaultSessionIdManager workerName=node0
2020-12-07 10:48:09,264 [Listener at 127.0.0.1/33429] INFO  server.session (DefaultSessionIdManager.java:doStart(339)) - No SessionScavenger set, using defaults
2020-12-07 10:48:09,264 [Listener at 127.0.0.1/33429] INFO  server.session (HouseKeeper.java:startScavenging(132)) - node0 Scavenging every 660000ms
2020-12-07 10:48:09,265 [Listener at 127.0.0.1/33429] INFO  handler.ContextHandler (ContextHandler.java:doStart(916)) - Started o.e.j.s.ServletContextHandler@31cb0d87{logs,/logs,file:///github/workspace/mnt/ozone/hadoop-ozone/integration-test/target/log,AVAILABLE}
2020-12-07 10:48:09,266 [Listener at 127.0.0.1/33429] INFO  handler.ContextHandler (ContextHandler.java:doStart(916)) - Started o.e.j.s.ServletContextHandler@c38a5c3{static,/static,jar:file:/home/user/.m2/repository/org/apache/hadoop/hadoop-hdds-container-service/1.1.0-SNAPSHOT/hadoop-hdds-container-service-1.1.0-SNAPSHOT.jar!/webapps/static,AVAILABLE}
2020-12-07 10:48:09,425 [Listener at 127.0.0.1/33429] INFO  handler.ContextHandler (ContextHandler.java:doStart(916)) - Started o.e.j.w.WebAppContext@202cd48c{hddsDatanode,/,file:///tmp/jetty-0_0_0_0-45469-hadoop-hdds-container-service-1_1_0-SNAPSHOT_jar-_-any-5608503152268673674/webapp/,AVAILABLE}{jar:file:/home/user/.m2/repository/org/apache/hadoop/hadoop-hdds-container-service/1.1.0-SNAPSHOT/hadoop-hdds-container-service-1.1.0-SNAPSHOT.jar!/webapps/hddsDatanode}
2020-12-07 10:48:09,428 [Listener at 127.0.0.1/33429] INFO  server.AbstractConnector (AbstractConnector.java:doStart(331)) - Started ServerConnector@2cc601fd{HTTP/1.1, (http/1.1)}{0.0.0.0:45469}
2020-12-07 10:48:09,428 [Listener at 127.0.0.1/33429] INFO  server.Server (Server.java:doStart(415)) - Started @46808ms
2020-12-07 10:48:09,428 [Listener at 127.0.0.1/33429] WARN  impl.MetricsSystemImpl (MetricsSystemImpl.java:register(276)) - Sink prometheus already exists!
2020-12-07 10:48:09,432 [Listener at 127.0.0.1/33429] INFO  http.BaseHttpServer (BaseHttpServer.java:updateConnectorAddress(327)) - HTTP server of hddsDatanode listening at http://0.0.0.0:45469
2020-12-07 10:48:09,433 [Listener at 127.0.0.1/33429] INFO  impl.MetricsSystemImpl (MetricsSystemImpl.java:init(158)) - HddsDatanode metrics system started (again)
2020-12-07 10:48:09,435 [Listener at 127.0.0.1/33429] INFO  ozone.HddsDatanodeService (HddsDatanodeService.java:start(217)) - HddsDatanodeService host:e09bffc1a782 ip:172.17.0.2
2020-12-07 10:48:09,437 [Listener at 127.0.0.1/33429] INFO  volume.HddsVolume (HddsVolume.java:<init>(176)) - Creating Volume: /github/workspace/mnt/ozone/hadoop-ozone/integration-test/target/test-dir/MiniOzoneClusterImpl-63b0f1bc-721b-4e89-a01a-54c1f1559151/datanode-2/data-0/containers/hdds of storage type : DISK and capacity : 9223372036854775807
2020-12-07 10:48:09,437 [Listener at 127.0.0.1/33429] INFO  volume.MutableVolumeSet (MutableVolumeSet.java:initializeVolumeSet(179)) - Added Volume : /github/workspace/mnt/ozone/hadoop-ozone/integration-test/target/test-dir/MiniOzoneClusterImpl-63b0f1bc-721b-4e89-a01a-54c1f1559151/datanode-2/data-0/containers/hdds to VolumeSet
2020-12-07 10:48:09,437 [Listener at 127.0.0.1/33429] INFO  volume.ThrottledAsyncChecker (ThrottledAsyncChecker.java:schedule(141)) - Scheduling a check for /github/workspace/mnt/ozone/hadoop-ozone/integration-test/target/test-dir/MiniOzoneClusterImpl-63b0f1bc-721b-4e89-a01a-54c1f1559151/datanode-2/data-0/containers/hdds
2020-12-07 10:48:09,441 [Listener at 127.0.0.1/33429] INFO  volume.HddsVolumeChecker (HddsVolumeChecker.java:checkAllVolumes(200)) - Scheduled health check for volume /github/workspace/mnt/ozone/hadoop-ozone/integration-test/target/test-dir/MiniOzoneClusterImpl-63b0f1bc-721b-4e89-a01a-54c1f1559151/datanode-2/data-0/containers/hdds
2020-12-07 10:48:09,442 [org.apache.hadoop.util.JvmPauseMonitor$Monitor@15d654df] INFO  util.JvmPauseMonitor (JvmPauseMonitor.java:run(188)) - Starting JVM pause monitor
2020-12-07 10:48:09,444 [Datanode State Machine Task Thread - 0] INFO  datanode.InitDatanodeState (InitDatanodeState.java:persistContainerDatanodeDetails(145)) - DatanodeDetails is persisted to /github/workspace/mnt/ozone/hadoop-ozone/integration-test/target/test-dir/MiniOzoneClusterImpl-63b0f1bc-721b-4e89-a01a-54c1f1559151/datanode-1/meta/datanode.id
2020-12-07 10:48:09,454 [Thread-513] INFO  ozoneimpl.ContainerReader (ContainerReader.java:readVolume(123)) - Start to verify containers on volume /github/workspace/mnt/ozone/hadoop-ozone/integration-test/target/test-dir/MiniOzoneClusterImpl-63b0f1bc-721b-4e89-a01a-54c1f1559151/datanode-2/data-0/containers/hdds
2020-12-07 10:48:09,454 [Thread-513] INFO  ozoneimpl.ContainerReader (ContainerReader.java:readVolume(148)) - Finish verifying containers on volume /github/workspace/mnt/ozone/hadoop-ozone/integration-test/target/test-dir/MiniOzoneClusterImpl-63b0f1bc-721b-4e89-a01a-54c1f1559151/datanode-2/data-0/containers/hdds
2020-12-07 10:48:09,454 [Listener at 127.0.0.1/33429] INFO  ozoneimpl.OzoneContainer (OzoneContainer.java:buildContainerSet(194)) - Build ContainerSet costs 0s
2020-12-07 10:48:09,456 [Listener at 127.0.0.1/33429] INFO  impl.RaftServerProxy (ConfUtils.java:logGet(44)) - raft.rpc.type = GRPC (default)
2020-12-07 10:48:09,456 [Listener at 127.0.0.1/33429] INFO  grpc.GrpcFactory (GrpcFactory.java:checkPooledByteBufAllocatorUseCacheForAllThreads(45)) - PERFORMANCE WARNING: useCacheForAllThreads is true that may cause Netty to create a lot garbage objects and, as a result, trigger GC.
	It is recommended to disable useCacheForAllThreads by setting -Dorg.apache.ratis.thirdparty.io.netty.allocator.useCacheForAllThreads=false in command line.
2020-12-07 10:48:09,457 [Listener at 127.0.0.1/33429] INFO  grpc.GrpcConfigKeys (ConfUtils.java:logGet(44)) - raft.grpc.server.port = 0 (default)
2020-12-07 10:48:09,457 [Listener at 127.0.0.1/33429] INFO  server.GrpcService (ConfUtils.java:logGet(44)) - raft.grpc.message.size.max = 32MB (=33554432) (custom)
2020-12-07 10:48:09,457 [Listener at 127.0.0.1/33429] INFO  server.RaftServerConfigKeys (ConfUtils.java:logGet(44)) - raft.server.log.appender.buffer.byte-limit = 33554432 (custom)
2020-12-07 10:48:09,457 [Listener at 127.0.0.1/33429] INFO  server.GrpcService (ConfUtils.java:logGet(44)) - raft.grpc.flow.control.window = 5MB (=5242880) (custom)
2020-12-07 10:48:09,457 [Listener at 127.0.0.1/33429] INFO  server.RaftServerConfigKeys (ConfUtils.java:logGet(44)) - raft.server.rpc.request.timeout = 60s (custom)
2020-12-07 10:48:09,458 [Listener at 127.0.0.1/33429] INFO  impl.DataStreamServerImpl (ConfUtils.java:logGet(44)) - raft.datastream.type = DISABLED (default)
2020-12-07 10:48:09,458 [Listener at 127.0.0.1/33429] INFO  server.RaftServerConfigKeys (ConfUtils.java:logGet(44)) - raft.server.storage.dir = [/github/workspace/mnt/ozone/hadoop-ozone/integration-test/target/test-dir/MiniOzoneClusterImpl-63b0f1bc-721b-4e89-a01a-54c1f1559151/datanode-2/data/ratis] (custom)
2020-12-07 10:48:09,463 [Listener at 127.0.0.1/33429] INFO  http.BaseHttpServer (BaseHttpServer.java:newHttpServer2BuilderForOzone(207)) - Starting Web-server for hddsDatanode at: http://0.0.0.0:0
2020-12-07 10:48:09,463 [Listener at 127.0.0.1/33429] INFO  http.BaseHttpServer (BaseHttpServer.java:<init>(106)) - Hadoop Security Enabled: false Ozone Security Enabled: false Ozone HTTP Security Enabled: false 
2020-12-07 10:48:09,464 [Listener at 127.0.0.1/33429] INFO  server.AuthenticationFilter (AuthenticationFilter.java:constructSecretProvider(240)) - Unable to initialize FileSignerSecretProvider, falling back to use random secrets.
2020-12-07 10:48:09,464 [Listener at 127.0.0.1/33429] WARN  http.HttpRequestLog (HttpRequestLog.java:getRequestLog(103)) - Jetty request log can only be enabled using Log4j
2020-12-07 10:48:09,465 [Listener at 127.0.0.1/33429] INFO  http.HttpServer2 (HttpServer2.java:addGlobalFilter(1019)) - Added global filter 'safety' (class=org.apache.hadoop.hdds.server.http.HttpServer2$QuotingInputFilter)
2020-12-07 10:48:09,466 [Listener at 127.0.0.1/33429] INFO  http.HttpServer2 (HttpServer2.java:addFilter(995)) - Added filter static_user_filter (class=org.apache.hadoop.http.lib.StaticUserWebFilter$StaticUserFilter) to context hddsDatanode
2020-12-07 10:48:09,466 [Listener at 127.0.0.1/33429] INFO  http.HttpServer2 (HttpServer2.java:addFilter(1003)) - Added filter static_user_filter (class=org.apache.hadoop.http.lib.StaticUserWebFilter$StaticUserFilter) to context logs
2020-12-07 10:48:09,466 [Listener at 127.0.0.1/33429] INFO  http.HttpServer2 (HttpServer2.java:addFilter(1003)) - Added filter static_user_filter (class=org.apache.hadoop.http.lib.StaticUserWebFilter$StaticUserFilter) to context static
2020-12-07 10:48:09,466 [Listener at 127.0.0.1/33429] INFO  http.HttpServer2 (HttpServer2.java:bindListener(1237)) - Jetty bound to port 41781
2020-12-07 10:48:09,466 [Listener at 127.0.0.1/33429] INFO  server.Server (Server.java:doStart(375)) - jetty-9.4.34.v20201102; built: 2020-11-02T14:15:39.302Z; git: e46af88704a893fc12cb0e3bf46e2c7b48a009e7; jvm 1.8.0_232-b09
2020-12-07 10:48:09,468 [Listener at 127.0.0.1/33429] INFO  server.session (DefaultSessionIdManager.java:doStart(334)) - DefaultSessionIdManager workerName=node0
2020-12-07 10:48:09,468 [Listener at 127.0.0.1/33429] INFO  server.session (DefaultSessionIdManager.java:doStart(339)) - No SessionScavenger set, using defaults
2020-12-07 10:48:09,468 [Listener at 127.0.0.1/33429] INFO  server.session (HouseKeeper.java:startScavenging(132)) - node0 Scavenging every 660000ms
2020-12-07 10:48:09,469 [Listener at 127.0.0.1/33429] INFO  handler.ContextHandler (ContextHandler.java:doStart(916)) - Started o.e.j.s.ServletContextHandler@6d1f0c3{logs,/logs,file:///github/workspace/mnt/ozone/hadoop-ozone/integration-test/target/log,AVAILABLE}
2020-12-07 10:48:09,469 [Listener at 127.0.0.1/33429] INFO  handler.ContextHandler (ContextHandler.java:doStart(916)) - Started o.e.j.s.ServletContextHandler@374ac26e{static,/static,jar:file:/home/user/.m2/repository/org/apache/hadoop/hadoop-hdds-container-service/1.1.0-SNAPSHOT/hadoop-hdds-container-service-1.1.0-SNAPSHOT.jar!/webapps/static,AVAILABLE}
2020-12-07 10:48:09,628 [Listener at 127.0.0.1/33429] INFO  handler.ContextHandler (ContextHandler.java:doStart(916)) - Started o.e.j.w.WebAppContext@3bb2f4d0{hddsDatanode,/,file:///tmp/jetty-0_0_0_0-41781-hadoop-hdds-container-service-1_1_0-SNAPSHOT_jar-_-any-8588698267745662014/webapp/,AVAILABLE}{jar:file:/home/user/.m2/repository/org/apache/hadoop/hadoop-hdds-container-service/1.1.0-SNAPSHOT/hadoop-hdds-container-service-1.1.0-SNAPSHOT.jar!/webapps/hddsDatanode}
2020-12-07 10:48:09,629 [Listener at 127.0.0.1/33429] INFO  server.AbstractConnector (AbstractConnector.java:doStart(331)) - Started ServerConnector@5c99bf28{HTTP/1.1, (http/1.1)}{0.0.0.0:41781}
2020-12-07 10:48:09,629 [Listener at 127.0.0.1/33429] INFO  server.Server (Server.java:doStart(415)) - Started @47010ms
2020-12-07 10:48:09,629 [Listener at 127.0.0.1/33429] WARN  impl.MetricsSystemImpl (MetricsSystemImpl.java:register(276)) - Sink prometheus already exists!
2020-12-07 10:48:09,632 [Listener at 127.0.0.1/33429] INFO  http.BaseHttpServer (BaseHttpServer.java:updateConnectorAddress(327)) - HTTP server of hddsDatanode listening at http://0.0.0.0:41781
2020-12-07 10:48:09,638 [Listener at 127.0.0.1/33429] INFO  impl.MetricsSystemImpl (MetricsSystemImpl.java:init(158)) - HddsDatanode metrics system started (again)
2020-12-07 10:48:09,639 [Listener at 127.0.0.1/33429] INFO  ozone.HddsDatanodeService (HddsDatanodeService.java:start(217)) - HddsDatanodeService host:e09bffc1a782 ip:172.17.0.2
2020-12-07 10:48:09,640 [Listener at 127.0.0.1/33429] INFO  volume.HddsVolume (HddsVolume.java:<init>(176)) - Creating Volume: /github/workspace/mnt/ozone/hadoop-ozone/integration-test/target/test-dir/MiniOzoneClusterImpl-63b0f1bc-721b-4e89-a01a-54c1f1559151/datanode-3/data-0/containers/hdds of storage type : DISK and capacity : 9223372036854775807
2020-12-07 10:48:09,641 [Listener at 127.0.0.1/33429] INFO  volume.MutableVolumeSet (MutableVolumeSet.java:initializeVolumeSet(179)) - Added Volume : /github/workspace/mnt/ozone/hadoop-ozone/integration-test/target/test-dir/MiniOzoneClusterImpl-63b0f1bc-721b-4e89-a01a-54c1f1559151/datanode-3/data-0/containers/hdds to VolumeSet
2020-12-07 10:48:09,641 [Listener at 127.0.0.1/33429] INFO  volume.ThrottledAsyncChecker (ThrottledAsyncChecker.java:schedule(141)) - Scheduling a check for /github/workspace/mnt/ozone/hadoop-ozone/integration-test/target/test-dir/MiniOzoneClusterImpl-63b0f1bc-721b-4e89-a01a-54c1f1559151/datanode-3/data-0/containers/hdds
2020-12-07 10:48:09,642 [Listener at 127.0.0.1/33429] INFO  volume.HddsVolumeChecker (HddsVolumeChecker.java:checkAllVolumes(200)) - Scheduled health check for volume /github/workspace/mnt/ozone/hadoop-ozone/integration-test/target/test-dir/MiniOzoneClusterImpl-63b0f1bc-721b-4e89-a01a-54c1f1559151/datanode-3/data-0/containers/hdds
2020-12-07 10:48:09,653 [org.apache.hadoop.util.JvmPauseMonitor$Monitor@78d3407d] INFO  util.JvmPauseMonitor (JvmPauseMonitor.java:run(188)) - Starting JVM pause monitor
2020-12-07 10:48:09,654 [Datanode State Machine Task Thread - 0] INFO  datanode.InitDatanodeState (InitDatanodeState.java:persistContainerDatanodeDetails(145)) - DatanodeDetails is persisted to /github/workspace/mnt/ozone/hadoop-ozone/integration-test/target/test-dir/MiniOzoneClusterImpl-63b0f1bc-721b-4e89-a01a-54c1f1559151/datanode-2/meta/datanode.id
2020-12-07 10:48:09,657 [Thread-524] INFO  ozoneimpl.ContainerReader (ContainerReader.java:readVolume(123)) - Start to verify containers on volume /github/workspace/mnt/ozone/hadoop-ozone/integration-test/target/test-dir/MiniOzoneClusterImpl-63b0f1bc-721b-4e89-a01a-54c1f1559151/datanode-3/data-0/containers/hdds
2020-12-07 10:48:09,657 [Thread-524] INFO  ozoneimpl.ContainerReader (ContainerReader.java:readVolume(148)) - Finish verifying containers on volume /github/workspace/mnt/ozone/hadoop-ozone/integration-test/target/test-dir/MiniOzoneClusterImpl-63b0f1bc-721b-4e89-a01a-54c1f1559151/datanode-3/data-0/containers/hdds
2020-12-07 10:48:09,657 [Listener at 127.0.0.1/33429] INFO  ozoneimpl.OzoneContainer (OzoneContainer.java:buildContainerSet(194)) - Build ContainerSet costs 0s
2020-12-07 10:48:09,659 [Listener at 127.0.0.1/33429] INFO  impl.RaftServerProxy (ConfUtils.java:logGet(44)) - raft.rpc.type = GRPC (default)
2020-12-07 10:48:09,659 [Listener at 127.0.0.1/33429] INFO  grpc.GrpcFactory (GrpcFactory.java:checkPooledByteBufAllocatorUseCacheForAllThreads(45)) - PERFORMANCE WARNING: useCacheForAllThreads is true that may cause Netty to create a lot garbage objects and, as a result, trigger GC.
	It is recommended to disable useCacheForAllThreads by setting -Dorg.apache.ratis.thirdparty.io.netty.allocator.useCacheForAllThreads=false in command line.
2020-12-07 10:48:09,659 [Listener at 127.0.0.1/33429] INFO  grpc.GrpcConfigKeys (ConfUtils.java:logGet(44)) - raft.grpc.server.port = 0 (default)
2020-12-07 10:48:09,659 [Listener at 127.0.0.1/33429] INFO  server.GrpcService (ConfUtils.java:logGet(44)) - raft.grpc.message.size.max = 32MB (=33554432) (custom)
2020-12-07 10:48:09,659 [Listener at 127.0.0.1/33429] INFO  server.RaftServerConfigKeys (ConfUtils.java:logGet(44)) - raft.server.log.appender.buffer.byte-limit = 33554432 (custom)
2020-12-07 10:48:09,660 [Listener at 127.0.0.1/33429] INFO  server.GrpcService (ConfUtils.java:logGet(44)) - raft.grpc.flow.control.window = 5MB (=5242880) (custom)
2020-12-07 10:48:09,660 [Listener at 127.0.0.1/33429] INFO  server.RaftServerConfigKeys (ConfUtils.java:logGet(44)) - raft.server.rpc.request.timeout = 60s (custom)
2020-12-07 10:48:09,661 [Listener at 127.0.0.1/33429] INFO  impl.DataStreamServerImpl (ConfUtils.java:logGet(44)) - raft.datastream.type = DISABLED (default)
2020-12-07 10:48:09,661 [Listener at 127.0.0.1/33429] INFO  server.RaftServerConfigKeys (ConfUtils.java:logGet(44)) - raft.server.storage.dir = [/github/workspace/mnt/ozone/hadoop-ozone/integration-test/target/test-dir/MiniOzoneClusterImpl-63b0f1bc-721b-4e89-a01a-54c1f1559151/datanode-3/data/ratis] (custom)
2020-12-07 10:48:09,665 [Listener at 127.0.0.1/33429] INFO  http.BaseHttpServer (BaseHttpServer.java:newHttpServer2BuilderForOzone(207)) - Starting Web-server for hddsDatanode at: http://0.0.0.0:0
2020-12-07 10:48:09,665 [Listener at 127.0.0.1/33429] INFO  http.BaseHttpServer (BaseHttpServer.java:<init>(106)) - Hadoop Security Enabled: false Ozone Security Enabled: false Ozone HTTP Security Enabled: false 
2020-12-07 10:48:09,666 [Listener at 127.0.0.1/33429] INFO  server.AuthenticationFilter (AuthenticationFilter.java:constructSecretProvider(240)) - Unable to initialize FileSignerSecretProvider, falling back to use random secrets.
2020-12-07 10:48:09,667 [Listener at 127.0.0.1/33429] WARN  http.HttpRequestLog (HttpRequestLog.java:getRequestLog(103)) - Jetty request log can only be enabled using Log4j
2020-12-07 10:48:09,667 [Listener at 127.0.0.1/33429] INFO  http.HttpServer2 (HttpServer2.java:addGlobalFilter(1019)) - Added global filter 'safety' (class=org.apache.hadoop.hdds.server.http.HttpServer2$QuotingInputFilter)
2020-12-07 10:48:09,668 [Listener at 127.0.0.1/33429] INFO  http.HttpServer2 (HttpServer2.java:addFilter(995)) - Added filter static_user_filter (class=org.apache.hadoop.http.lib.StaticUserWebFilter$StaticUserFilter) to context hddsDatanode
2020-12-07 10:48:09,668 [Listener at 127.0.0.1/33429] INFO  http.HttpServer2 (HttpServer2.java:addFilter(1003)) - Added filter static_user_filter (class=org.apache.hadoop.http.lib.StaticUserWebFilter$StaticUserFilter) to context static
2020-12-07 10:48:09,668 [Listener at 127.0.0.1/33429] INFO  http.HttpServer2 (HttpServer2.java:addFilter(1003)) - Added filter static_user_filter (class=org.apache.hadoop.http.lib.StaticUserWebFilter$StaticUserFilter) to context logs
2020-12-07 10:48:09,669 [Listener at 127.0.0.1/33429] INFO  http.HttpServer2 (HttpServer2.java:bindListener(1237)) - Jetty bound to port 41771
2020-12-07 10:48:09,669 [Listener at 127.0.0.1/33429] INFO  server.Server (Server.java:doStart(375)) - jetty-9.4.34.v20201102; built: 2020-11-02T14:15:39.302Z; git: e46af88704a893fc12cb0e3bf46e2c7b48a009e7; jvm 1.8.0_232-b09
2020-12-07 10:48:09,671 [Listener at 127.0.0.1/33429] INFO  server.session (DefaultSessionIdManager.java:doStart(334)) - DefaultSessionIdManager workerName=node0
2020-12-07 10:48:09,671 [Listener at 127.0.0.1/33429] INFO  server.session (DefaultSessionIdManager.java:doStart(339)) - No SessionScavenger set, using defaults
2020-12-07 10:48:09,672 [Listener at 127.0.0.1/33429] INFO  server.session (HouseKeeper.java:startScavenging(132)) - node0 Scavenging every 660000ms
2020-12-07 10:48:09,672 [Listener at 127.0.0.1/33429] INFO  handler.ContextHandler (ContextHandler.java:doStart(916)) - Started o.e.j.s.ServletContextHandler@2e24186f{logs,/logs,file:///github/workspace/mnt/ozone/hadoop-ozone/integration-test/target/log,AVAILABLE}
2020-12-07 10:48:09,673 [Listener at 127.0.0.1/33429] INFO  handler.ContextHandler (ContextHandler.java:doStart(916)) - Started o.e.j.s.ServletContextHandler@125c6475{static,/static,jar:file:/home/user/.m2/repository/org/apache/hadoop/hadoop-hdds-container-service/1.1.0-SNAPSHOT/hadoop-hdds-container-service-1.1.0-SNAPSHOT.jar!/webapps/static,AVAILABLE}
2020-12-07 10:48:09,833 [Listener at 127.0.0.1/33429] INFO  handler.ContextHandler (ContextHandler.java:doStart(916)) - Started o.e.j.w.WebAppContext@56ae6d2f{hddsDatanode,/,file:///tmp/jetty-0_0_0_0-41771-hadoop-hdds-container-service-1_1_0-SNAPSHOT_jar-_-any-1144817859599953965/webapp/,AVAILABLE}{jar:file:/home/user/.m2/repository/org/apache/hadoop/hadoop-hdds-container-service/1.1.0-SNAPSHOT/hadoop-hdds-container-service-1.1.0-SNAPSHOT.jar!/webapps/hddsDatanode}
2020-12-07 10:48:09,837 [Listener at 127.0.0.1/33429] INFO  server.AbstractConnector (AbstractConnector.java:doStart(331)) - Started ServerConnector@74ad341f{HTTP/1.1, (http/1.1)}{0.0.0.0:41771}
2020-12-07 10:48:09,838 [Listener at 127.0.0.1/33429] INFO  server.Server (Server.java:doStart(415)) - Started @47218ms
2020-12-07 10:48:09,838 [Listener at 127.0.0.1/33429] WARN  impl.MetricsSystemImpl (MetricsSystemImpl.java:register(276)) - Sink prometheus already exists!
2020-12-07 10:48:09,842 [Listener at 127.0.0.1/33429] INFO  http.BaseHttpServer (BaseHttpServer.java:updateConnectorAddress(327)) - HTTP server of hddsDatanode listening at http://0.0.0.0:41771
2020-12-07 10:48:09,842 [Listener at 127.0.0.1/33429] INFO  impl.MetricsSystemImpl (MetricsSystemImpl.java:init(158)) - HddsDatanode metrics system started (again)
2020-12-07 10:48:09,846 [Listener at 127.0.0.1/33429] INFO  ozone.HddsDatanodeService (HddsDatanodeService.java:start(217)) - HddsDatanodeService host:e09bffc1a782 ip:172.17.0.2
2020-12-07 10:48:09,861 [org.apache.hadoop.util.JvmPauseMonitor$Monitor@568294dc] INFO  util.JvmPauseMonitor (JvmPauseMonitor.java:run(188)) - Starting JVM pause monitor
2020-12-07 10:48:09,863 [Datanode State Machine Task Thread - 0] INFO  datanode.InitDatanodeState (InitDatanodeState.java:persistContainerDatanodeDetails(145)) - DatanodeDetails is persisted to /github/workspace/mnt/ozone/hadoop-ozone/integration-test/target/test-dir/MiniOzoneClusterImpl-63b0f1bc-721b-4e89-a01a-54c1f1559151/datanode-3/meta/datanode.id
2020-12-07 10:48:09,863 [Listener at 127.0.0.1/33429] INFO  volume.HddsVolume (HddsVolume.java:<init>(176)) - Creating Volume: /github/workspace/mnt/ozone/hadoop-ozone/integration-test/target/test-dir/MiniOzoneClusterImpl-63b0f1bc-721b-4e89-a01a-54c1f1559151/datanode-4/data-0/containers/hdds of storage type : DISK and capacity : 9223372036854775807
2020-12-07 10:48:09,864 [Listener at 127.0.0.1/33429] INFO  volume.MutableVolumeSet (MutableVolumeSet.java:initializeVolumeSet(179)) - Added Volume : /github/workspace/mnt/ozone/hadoop-ozone/integration-test/target/test-dir/MiniOzoneClusterImpl-63b0f1bc-721b-4e89-a01a-54c1f1559151/datanode-4/data-0/containers/hdds to VolumeSet
2020-12-07 10:48:09,864 [Listener at 127.0.0.1/33429] INFO  volume.ThrottledAsyncChecker (ThrottledAsyncChecker.java:schedule(141)) - Scheduling a check for /github/workspace/mnt/ozone/hadoop-ozone/integration-test/target/test-dir/MiniOzoneClusterImpl-63b0f1bc-721b-4e89-a01a-54c1f1559151/datanode-4/data-0/containers/hdds
2020-12-07 10:48:09,867 [Listener at 127.0.0.1/33429] INFO  volume.HddsVolumeChecker (HddsVolumeChecker.java:checkAllVolumes(200)) - Scheduled health check for volume /github/workspace/mnt/ozone/hadoop-ozone/integration-test/target/test-dir/MiniOzoneClusterImpl-63b0f1bc-721b-4e89-a01a-54c1f1559151/datanode-4/data-0/containers/hdds
2020-12-07 10:48:09,880 [Thread-535] INFO  ozoneimpl.ContainerReader (ContainerReader.java:readVolume(123)) - Start to verify containers on volume /github/workspace/mnt/ozone/hadoop-ozone/integration-test/target/test-dir/MiniOzoneClusterImpl-63b0f1bc-721b-4e89-a01a-54c1f1559151/datanode-4/data-0/containers/hdds
2020-12-07 10:48:09,880 [Thread-535] INFO  ozoneimpl.ContainerReader (ContainerReader.java:readVolume(148)) - Finish verifying containers on volume /github/workspace/mnt/ozone/hadoop-ozone/integration-test/target/test-dir/MiniOzoneClusterImpl-63b0f1bc-721b-4e89-a01a-54c1f1559151/datanode-4/data-0/containers/hdds
2020-12-07 10:48:09,880 [Listener at 127.0.0.1/33429] INFO  ozoneimpl.OzoneContainer (OzoneContainer.java:buildContainerSet(194)) - Build ContainerSet costs 0s
2020-12-07 10:48:09,882 [Listener at 127.0.0.1/33429] INFO  impl.RaftServerProxy (ConfUtils.java:logGet(44)) - raft.rpc.type = GRPC (default)
2020-12-07 10:48:09,883 [Listener at 127.0.0.1/33429] INFO  grpc.GrpcFactory (GrpcFactory.java:checkPooledByteBufAllocatorUseCacheForAllThreads(45)) - PERFORMANCE WARNING: useCacheForAllThreads is true that may cause Netty to create a lot garbage objects and, as a result, trigger GC.
	It is recommended to disable useCacheForAllThreads by setting -Dorg.apache.ratis.thirdparty.io.netty.allocator.useCacheForAllThreads=false in command line.
2020-12-07 10:48:09,883 [Listener at 127.0.0.1/33429] INFO  grpc.GrpcConfigKeys (ConfUtils.java:logGet(44)) - raft.grpc.server.port = 0 (default)
2020-12-07 10:48:09,883 [Listener at 127.0.0.1/33429] INFO  server.GrpcService (ConfUtils.java:logGet(44)) - raft.grpc.message.size.max = 32MB (=33554432) (custom)
2020-12-07 10:48:09,883 [Listener at 127.0.0.1/33429] INFO  server.RaftServerConfigKeys (ConfUtils.java:logGet(44)) - raft.server.log.appender.buffer.byte-limit = 33554432 (custom)
2020-12-07 10:48:09,883 [Listener at 127.0.0.1/33429] INFO  server.GrpcService (ConfUtils.java:logGet(44)) - raft.grpc.flow.control.window = 5MB (=5242880) (custom)
2020-12-07 10:48:09,883 [Listener at 127.0.0.1/33429] INFO  server.RaftServerConfigKeys (ConfUtils.java:logGet(44)) - raft.server.rpc.request.timeout = 60s (custom)
2020-12-07 10:48:09,885 [Listener at 127.0.0.1/33429] INFO  impl.DataStreamServerImpl (ConfUtils.java:logGet(44)) - raft.datastream.type = DISABLED (default)
2020-12-07 10:48:09,885 [Listener at 127.0.0.1/33429] INFO  server.RaftServerConfigKeys (ConfUtils.java:logGet(44)) - raft.server.storage.dir = [/github/workspace/mnt/ozone/hadoop-ozone/integration-test/target/test-dir/MiniOzoneClusterImpl-63b0f1bc-721b-4e89-a01a-54c1f1559151/datanode-4/data/ratis] (custom)
2020-12-07 10:48:09,889 [Listener at 127.0.0.1/33429] INFO  http.BaseHttpServer (BaseHttpServer.java:newHttpServer2BuilderForOzone(207)) - Starting Web-server for hddsDatanode at: http://0.0.0.0:0
2020-12-07 10:48:09,889 [Listener at 127.0.0.1/33429] INFO  http.BaseHttpServer (BaseHttpServer.java:<init>(106)) - Hadoop Security Enabled: false Ozone Security Enabled: false Ozone HTTP Security Enabled: false 
2020-12-07 10:48:09,891 [Listener at 127.0.0.1/33429] INFO  server.AuthenticationFilter (AuthenticationFilter.java:constructSecretProvider(240)) - Unable to initialize FileSignerSecretProvider, falling back to use random secrets.
2020-12-07 10:48:09,892 [Listener at 127.0.0.1/33429] WARN  http.HttpRequestLog (HttpRequestLog.java:getRequestLog(103)) - Jetty request log can only be enabled using Log4j
2020-12-07 10:48:09,892 [Listener at 127.0.0.1/33429] INFO  http.HttpServer2 (HttpServer2.java:addGlobalFilter(1019)) - Added global filter 'safety' (class=org.apache.hadoop.hdds.server.http.HttpServer2$QuotingInputFilter)
2020-12-07 10:48:09,893 [Listener at 127.0.0.1/33429] INFO  http.HttpServer2 (HttpServer2.java:addFilter(995)) - Added filter static_user_filter (class=org.apache.hadoop.http.lib.StaticUserWebFilter$StaticUserFilter) to context hddsDatanode
2020-12-07 10:48:09,893 [Listener at 127.0.0.1/33429] INFO  http.HttpServer2 (HttpServer2.java:addFilter(1003)) - Added filter static_user_filter (class=org.apache.hadoop.http.lib.StaticUserWebFilter$StaticUserFilter) to context static
2020-12-07 10:48:09,894 [Listener at 127.0.0.1/33429] INFO  http.HttpServer2 (HttpServer2.java:addFilter(1003)) - Added filter static_user_filter (class=org.apache.hadoop.http.lib.StaticUserWebFilter$StaticUserFilter) to context logs
2020-12-07 10:48:09,894 [Listener at 127.0.0.1/33429] INFO  http.HttpServer2 (HttpServer2.java:bindListener(1237)) - Jetty bound to port 39691
2020-12-07 10:48:09,894 [Listener at 127.0.0.1/33429] INFO  server.Server (Server.java:doStart(375)) - jetty-9.4.34.v20201102; built: 2020-11-02T14:15:39.302Z; git: e46af88704a893fc12cb0e3bf46e2c7b48a009e7; jvm 1.8.0_232-b09
2020-12-07 10:48:09,897 [Listener at 127.0.0.1/33429] INFO  server.session (DefaultSessionIdManager.java:doStart(334)) - DefaultSessionIdManager workerName=node0
2020-12-07 10:48:09,897 [Listener at 127.0.0.1/33429] INFO  server.session (DefaultSessionIdManager.java:doStart(339)) - No SessionScavenger set, using defaults
2020-12-07 10:48:09,897 [Listener at 127.0.0.1/33429] INFO  server.session (HouseKeeper.java:startScavenging(132)) - node0 Scavenging every 600000ms
2020-12-07 10:48:09,898 [Listener at 127.0.0.1/33429] INFO  handler.ContextHandler (ContextHandler.java:doStart(916)) - Started o.e.j.s.ServletContextHandler@7d0a9f95{logs,/logs,file:///github/workspace/mnt/ozone/hadoop-ozone/integration-test/target/log,AVAILABLE}
2020-12-07 10:48:09,899 [Listener at 127.0.0.1/33429] INFO  handler.ContextHandler (ContextHandler.java:doStart(916)) - Started o.e.j.s.ServletContextHandler@4eed0861{static,/static,jar:file:/home/user/.m2/repository/org/apache/hadoop/hadoop-hdds-container-service/1.1.0-SNAPSHOT/hadoop-hdds-container-service-1.1.0-SNAPSHOT.jar!/webapps/static,AVAILABLE}
2020-12-07 10:48:10,062 [Listener at 127.0.0.1/33429] INFO  handler.ContextHandler (ContextHandler.java:doStart(916)) - Started o.e.j.w.WebAppContext@617ac3fa{hddsDatanode,/,file:///tmp/jetty-0_0_0_0-39691-hadoop-hdds-container-service-1_1_0-SNAPSHOT_jar-_-any-4786863260610679725/webapp/,AVAILABLE}{jar:file:/home/user/.m2/repository/org/apache/hadoop/hadoop-hdds-container-service/1.1.0-SNAPSHOT/hadoop-hdds-container-service-1.1.0-SNAPSHOT.jar!/webapps/hddsDatanode}
2020-12-07 10:48:10,064 [Listener at 127.0.0.1/33429] INFO  server.AbstractConnector (AbstractConnector.java:doStart(331)) - Started ServerConnector@5817706b{HTTP/1.1, (http/1.1)}{0.0.0.0:39691}
2020-12-07 10:48:10,064 [Listener at 127.0.0.1/33429] INFO  server.Server (Server.java:doStart(415)) - Started @47444ms
2020-12-07 10:48:10,064 [Listener at 127.0.0.1/33429] WARN  impl.MetricsSystemImpl (MetricsSystemImpl.java:register(276)) - Sink prometheus already exists!
2020-12-07 10:48:10,067 [Listener at 127.0.0.1/33429] INFO  http.BaseHttpServer (BaseHttpServer.java:updateConnectorAddress(327)) - HTTP server of hddsDatanode listening at http://0.0.0.0:39691
2020-12-07 10:48:10,068 [Listener at 127.0.0.1/33429] INFO  impl.MetricsSystemImpl (MetricsSystemImpl.java:init(158)) - HddsDatanode metrics system started (again)
2020-12-07 10:48:10,083 [Listener at 127.0.0.1/33429] INFO  ozone.HddsDatanodeService (HddsDatanodeService.java:start(217)) - HddsDatanodeService host:e09bffc1a782 ip:172.17.0.2
2020-12-07 10:48:10,085 [org.apache.hadoop.util.JvmPauseMonitor$Monitor@4197acd2] INFO  util.JvmPauseMonitor (JvmPauseMonitor.java:run(188)) - Starting JVM pause monitor
2020-12-07 10:48:10,086 [Datanode State Machine Task Thread - 0] INFO  datanode.InitDatanodeState (InitDatanodeState.java:persistContainerDatanodeDetails(145)) - DatanodeDetails is persisted to /github/workspace/mnt/ozone/hadoop-ozone/integration-test/target/test-dir/MiniOzoneClusterImpl-63b0f1bc-721b-4e89-a01a-54c1f1559151/datanode-4/meta/datanode.id
2020-12-07 10:48:10,087 [Listener at 127.0.0.1/33429] INFO  volume.HddsVolume (HddsVolume.java:<init>(176)) - Creating Volume: /github/workspace/mnt/ozone/hadoop-ozone/integration-test/target/test-dir/MiniOzoneClusterImpl-63b0f1bc-721b-4e89-a01a-54c1f1559151/datanode-5/data-0/containers/hdds of storage type : DISK and capacity : 9223372036854775807
2020-12-07 10:48:10,087 [Listener at 127.0.0.1/33429] INFO  volume.MutableVolumeSet (MutableVolumeSet.java:initializeVolumeSet(179)) - Added Volume : /github/workspace/mnt/ozone/hadoop-ozone/integration-test/target/test-dir/MiniOzoneClusterImpl-63b0f1bc-721b-4e89-a01a-54c1f1559151/datanode-5/data-0/containers/hdds to VolumeSet
2020-12-07 10:48:10,087 [Listener at 127.0.0.1/33429] INFO  volume.ThrottledAsyncChecker (ThrottledAsyncChecker.java:schedule(141)) - Scheduling a check for /github/workspace/mnt/ozone/hadoop-ozone/integration-test/target/test-dir/MiniOzoneClusterImpl-63b0f1bc-721b-4e89-a01a-54c1f1559151/datanode-5/data-0/containers/hdds
2020-12-07 10:48:10,088 [Listener at 127.0.0.1/33429] INFO  volume.HddsVolumeChecker (HddsVolumeChecker.java:checkAllVolumes(200)) - Scheduled health check for volume /github/workspace/mnt/ozone/hadoop-ozone/integration-test/target/test-dir/MiniOzoneClusterImpl-63b0f1bc-721b-4e89-a01a-54c1f1559151/datanode-5/data-0/containers/hdds
2020-12-07 10:48:10,105 [Thread-546] INFO  ozoneimpl.ContainerReader (ContainerReader.java:readVolume(123)) - Start to verify containers on volume /github/workspace/mnt/ozone/hadoop-ozone/integration-test/target/test-dir/MiniOzoneClusterImpl-63b0f1bc-721b-4e89-a01a-54c1f1559151/datanode-5/data-0/containers/hdds
2020-12-07 10:48:10,105 [Thread-546] INFO  ozoneimpl.ContainerReader (ContainerReader.java:readVolume(148)) - Finish verifying containers on volume /github/workspace/mnt/ozone/hadoop-ozone/integration-test/target/test-dir/MiniOzoneClusterImpl-63b0f1bc-721b-4e89-a01a-54c1f1559151/datanode-5/data-0/containers/hdds
2020-12-07 10:48:10,105 [Listener at 127.0.0.1/33429] INFO  ozoneimpl.OzoneContainer (OzoneContainer.java:buildContainerSet(194)) - Build ContainerSet costs 0s
2020-12-07 10:48:10,134 [Listener at 127.0.0.1/33429] INFO  impl.RaftServerProxy (ConfUtils.java:logGet(44)) - raft.rpc.type = GRPC (default)
2020-12-07 10:48:10,135 [Listener at 127.0.0.1/33429] INFO  grpc.GrpcFactory (GrpcFactory.java:checkPooledByteBufAllocatorUseCacheForAllThreads(45)) - PERFORMANCE WARNING: useCacheForAllThreads is true that may cause Netty to create a lot garbage objects and, as a result, trigger GC.
	It is recommended to disable useCacheForAllThreads by setting -Dorg.apache.ratis.thirdparty.io.netty.allocator.useCacheForAllThreads=false in command line.
2020-12-07 10:48:10,135 [Listener at 127.0.0.1/33429] INFO  grpc.GrpcConfigKeys (ConfUtils.java:logGet(44)) - raft.grpc.server.port = 0 (default)
2020-12-07 10:48:10,135 [Listener at 127.0.0.1/33429] INFO  server.GrpcService (ConfUtils.java:logGet(44)) - raft.grpc.message.size.max = 32MB (=33554432) (custom)
2020-12-07 10:48:10,135 [Listener at 127.0.0.1/33429] INFO  server.RaftServerConfigKeys (ConfUtils.java:logGet(44)) - raft.server.log.appender.buffer.byte-limit = 33554432 (custom)
2020-12-07 10:48:10,135 [Listener at 127.0.0.1/33429] INFO  server.GrpcService (ConfUtils.java:logGet(44)) - raft.grpc.flow.control.window = 5MB (=5242880) (custom)
2020-12-07 10:48:10,135 [Listener at 127.0.0.1/33429] INFO  server.RaftServerConfigKeys (ConfUtils.java:logGet(44)) - raft.server.rpc.request.timeout = 60s (custom)
2020-12-07 10:48:10,136 [Listener at 127.0.0.1/33429] INFO  impl.DataStreamServerImpl (ConfUtils.java:logGet(44)) - raft.datastream.type = DISABLED (default)
2020-12-07 10:48:10,137 [Listener at 127.0.0.1/33429] INFO  server.RaftServerConfigKeys (ConfUtils.java:logGet(44)) - raft.server.storage.dir = [/github/workspace/mnt/ozone/hadoop-ozone/integration-test/target/test-dir/MiniOzoneClusterImpl-63b0f1bc-721b-4e89-a01a-54c1f1559151/datanode-5/data/ratis] (custom)
2020-12-07 10:48:10,148 [Listener at 127.0.0.1/33429] INFO  http.BaseHttpServer (BaseHttpServer.java:newHttpServer2BuilderForOzone(207)) - Starting Web-server for hddsDatanode at: http://0.0.0.0:0
2020-12-07 10:48:10,150 [Listener at 127.0.0.1/33429] INFO  http.BaseHttpServer (BaseHttpServer.java:<init>(106)) - Hadoop Security Enabled: false Ozone Security Enabled: false Ozone HTTP Security Enabled: false 
2020-12-07 10:48:10,152 [Listener at 127.0.0.1/33429] INFO  server.AuthenticationFilter (AuthenticationFilter.java:constructSecretProvider(240)) - Unable to initialize FileSignerSecretProvider, falling back to use random secrets.
2020-12-07 10:48:10,152 [Listener at 127.0.0.1/33429] WARN  http.HttpRequestLog (HttpRequestLog.java:getRequestLog(103)) - Jetty request log can only be enabled using Log4j
2020-12-07 10:48:10,153 [Listener at 127.0.0.1/33429] INFO  http.HttpServer2 (HttpServer2.java:addGlobalFilter(1019)) - Added global filter 'safety' (class=org.apache.hadoop.hdds.server.http.HttpServer2$QuotingInputFilter)
2020-12-07 10:48:10,153 [Listener at 127.0.0.1/33429] INFO  http.HttpServer2 (HttpServer2.java:addFilter(995)) - Added filter static_user_filter (class=org.apache.hadoop.http.lib.StaticUserWebFilter$StaticUserFilter) to context hddsDatanode
2020-12-07 10:48:10,153 [Listener at 127.0.0.1/33429] INFO  http.HttpServer2 (HttpServer2.java:addFilter(1003)) - Added filter static_user_filter (class=org.apache.hadoop.http.lib.StaticUserWebFilter$StaticUserFilter) to context logs
2020-12-07 10:48:10,154 [Listener at 127.0.0.1/33429] INFO  http.HttpServer2 (HttpServer2.java:addFilter(1003)) - Added filter static_user_filter (class=org.apache.hadoop.http.lib.StaticUserWebFilter$StaticUserFilter) to context static
2020-12-07 10:48:10,154 [Listener at 127.0.0.1/33429] INFO  http.HttpServer2 (HttpServer2.java:bindListener(1237)) - Jetty bound to port 42899
2020-12-07 10:48:10,154 [Listener at 127.0.0.1/33429] INFO  server.Server (Server.java:doStart(375)) - jetty-9.4.34.v20201102; built: 2020-11-02T14:15:39.302Z; git: e46af88704a893fc12cb0e3bf46e2c7b48a009e7; jvm 1.8.0_232-b09
2020-12-07 10:48:10,156 [Listener at 127.0.0.1/33429] INFO  server.session (DefaultSessionIdManager.java:doStart(334)) - DefaultSessionIdManager workerName=node0
2020-12-07 10:48:10,156 [Listener at 127.0.0.1/33429] INFO  server.session (DefaultSessionIdManager.java:doStart(339)) - No SessionScavenger set, using defaults
2020-12-07 10:48:10,157 [Listener at 127.0.0.1/33429] INFO  server.session (HouseKeeper.java:startScavenging(132)) - node0 Scavenging every 600000ms
2020-12-07 10:48:10,157 [Listener at 127.0.0.1/33429] INFO  handler.ContextHandler (ContextHandler.java:doStart(916)) - Started o.e.j.s.ServletContextHandler@ea30e2b{logs,/logs,file:///github/workspace/mnt/ozone/hadoop-ozone/integration-test/target/log,AVAILABLE}
2020-12-07 10:48:10,158 [Listener at 127.0.0.1/33429] INFO  handler.ContextHandler (ContextHandler.java:doStart(916)) - Started o.e.j.s.ServletContextHandler@7fea35c3{static,/static,jar:file:/home/user/.m2/repository/org/apache/hadoop/hadoop-hdds-container-service/1.1.0-SNAPSHOT/hadoop-hdds-container-service-1.1.0-SNAPSHOT.jar!/webapps/static,AVAILABLE}
2020-12-07 10:48:10,316 [Listener at 127.0.0.1/33429] INFO  handler.ContextHandler (ContextHandler.java:doStart(916)) - Started o.e.j.w.WebAppContext@194cb30f{hddsDatanode,/,file:///tmp/jetty-0_0_0_0-42899-hadoop-hdds-container-service-1_1_0-SNAPSHOT_jar-_-any-689433967098355816/webapp/,AVAILABLE}{jar:file:/home/user/.m2/repository/org/apache/hadoop/hadoop-hdds-container-service/1.1.0-SNAPSHOT/hadoop-hdds-container-service-1.1.0-SNAPSHOT.jar!/webapps/hddsDatanode}
2020-12-07 10:48:10,317 [Listener at 127.0.0.1/33429] INFO  server.AbstractConnector (AbstractConnector.java:doStart(331)) - Started ServerConnector@84be8be{HTTP/1.1, (http/1.1)}{0.0.0.0:42899}
2020-12-07 10:48:10,317 [Listener at 127.0.0.1/33429] INFO  server.Server (Server.java:doStart(415)) - Started @47698ms
2020-12-07 10:48:10,317 [Listener at 127.0.0.1/33429] WARN  impl.MetricsSystemImpl (MetricsSystemImpl.java:register(276)) - Sink prometheus already exists!
2020-12-07 10:48:10,321 [Listener at 127.0.0.1/33429] INFO  http.BaseHttpServer (BaseHttpServer.java:updateConnectorAddress(327)) - HTTP server of hddsDatanode listening at http://0.0.0.0:42899
2020-12-07 10:48:10,326 [Listener at 127.0.0.1/33429] INFO  impl.MetricsSystemImpl (MetricsSystemImpl.java:init(158)) - HddsDatanode metrics system started (again)
2020-12-07 10:48:10,329 [Listener at 127.0.0.1/33429] INFO  ozone.HddsDatanodeService (HddsDatanodeService.java:start(217)) - HddsDatanodeService host:e09bffc1a782 ip:172.17.0.2
2020-12-07 10:48:10,329 [org.apache.hadoop.util.JvmPauseMonitor$Monitor@37344a8a] INFO  util.JvmPauseMonitor (JvmPauseMonitor.java:run(188)) - Starting JVM pause monitor
2020-12-07 10:48:10,332 [Listener at 127.0.0.1/33429] INFO  volume.HddsVolume (HddsVolume.java:<init>(176)) - Creating Volume: /github/workspace/mnt/ozone/hadoop-ozone/integration-test/target/test-dir/MiniOzoneClusterImpl-63b0f1bc-721b-4e89-a01a-54c1f1559151/datanode-6/data-0/containers/hdds of storage type : DISK and capacity : 9223372036854775807
2020-12-07 10:48:10,333 [Listener at 127.0.0.1/33429] INFO  volume.MutableVolumeSet (MutableVolumeSet.java:initializeVolumeSet(179)) - Added Volume : /github/workspace/mnt/ozone/hadoop-ozone/integration-test/target/test-dir/MiniOzoneClusterImpl-63b0f1bc-721b-4e89-a01a-54c1f1559151/datanode-6/data-0/containers/hdds to VolumeSet
2020-12-07 10:48:10,333 [Listener at 127.0.0.1/33429] INFO  volume.ThrottledAsyncChecker (ThrottledAsyncChecker.java:schedule(141)) - Scheduling a check for /github/workspace/mnt/ozone/hadoop-ozone/integration-test/target/test-dir/MiniOzoneClusterImpl-63b0f1bc-721b-4e89-a01a-54c1f1559151/datanode-6/data-0/containers/hdds
2020-12-07 10:48:10,334 [Datanode State Machine Task Thread - 0] INFO  datanode.InitDatanodeState (InitDatanodeState.java:persistContainerDatanodeDetails(145)) - DatanodeDetails is persisted to /github/workspace/mnt/ozone/hadoop-ozone/integration-test/target/test-dir/MiniOzoneClusterImpl-63b0f1bc-721b-4e89-a01a-54c1f1559151/datanode-5/meta/datanode.id
2020-12-07 10:48:10,338 [Listener at 127.0.0.1/33429] INFO  volume.HddsVolumeChecker (HddsVolumeChecker.java:checkAllVolumes(200)) - Scheduled health check for volume /github/workspace/mnt/ozone/hadoop-ozone/integration-test/target/test-dir/MiniOzoneClusterImpl-63b0f1bc-721b-4e89-a01a-54c1f1559151/datanode-6/data-0/containers/hdds
2020-12-07 10:48:10,350 [Thread-557] INFO  ozoneimpl.ContainerReader (ContainerReader.java:readVolume(123)) - Start to verify containers on volume /github/workspace/mnt/ozone/hadoop-ozone/integration-test/target/test-dir/MiniOzoneClusterImpl-63b0f1bc-721b-4e89-a01a-54c1f1559151/datanode-6/data-0/containers/hdds
2020-12-07 10:48:10,350 [Thread-557] INFO  ozoneimpl.ContainerReader (ContainerReader.java:readVolume(148)) - Finish verifying containers on volume /github/workspace/mnt/ozone/hadoop-ozone/integration-test/target/test-dir/MiniOzoneClusterImpl-63b0f1bc-721b-4e89-a01a-54c1f1559151/datanode-6/data-0/containers/hdds
2020-12-07 10:48:10,350 [Listener at 127.0.0.1/33429] INFO  ozoneimpl.OzoneContainer (OzoneContainer.java:buildContainerSet(194)) - Build ContainerSet costs 0s
2020-12-07 10:48:10,352 [Listener at 127.0.0.1/33429] INFO  impl.RaftServerProxy (ConfUtils.java:logGet(44)) - raft.rpc.type = GRPC (default)
2020-12-07 10:48:10,353 [Listener at 127.0.0.1/33429] INFO  grpc.GrpcFactory (GrpcFactory.java:checkPooledByteBufAllocatorUseCacheForAllThreads(45)) - PERFORMANCE WARNING: useCacheForAllThreads is true that may cause Netty to create a lot garbage objects and, as a result, trigger GC.
	It is recommended to disable useCacheForAllThreads by setting -Dorg.apache.ratis.thirdparty.io.netty.allocator.useCacheForAllThreads=false in command line.
2020-12-07 10:48:10,353 [Listener at 127.0.0.1/33429] INFO  grpc.GrpcConfigKeys (ConfUtils.java:logGet(44)) - raft.grpc.server.port = 0 (default)
2020-12-07 10:48:10,353 [Listener at 127.0.0.1/33429] INFO  server.GrpcService (ConfUtils.java:logGet(44)) - raft.grpc.message.size.max = 32MB (=33554432) (custom)
2020-12-07 10:48:10,353 [Listener at 127.0.0.1/33429] INFO  server.RaftServerConfigKeys (ConfUtils.java:logGet(44)) - raft.server.log.appender.buffer.byte-limit = 33554432 (custom)
2020-12-07 10:48:10,354 [Listener at 127.0.0.1/33429] INFO  server.GrpcService (ConfUtils.java:logGet(44)) - raft.grpc.flow.control.window = 5MB (=5242880) (custom)
2020-12-07 10:48:10,354 [Listener at 127.0.0.1/33429] INFO  server.RaftServerConfigKeys (ConfUtils.java:logGet(44)) - raft.server.rpc.request.timeout = 60s (custom)
2020-12-07 10:48:10,355 [Listener at 127.0.0.1/33429] INFO  impl.DataStreamServerImpl (ConfUtils.java:logGet(44)) - raft.datastream.type = DISABLED (default)
2020-12-07 10:48:10,355 [Listener at 127.0.0.1/33429] INFO  server.RaftServerConfigKeys (ConfUtils.java:logGet(44)) - raft.server.storage.dir = [/github/workspace/mnt/ozone/hadoop-ozone/integration-test/target/test-dir/MiniOzoneClusterImpl-63b0f1bc-721b-4e89-a01a-54c1f1559151/datanode-6/data/ratis] (custom)
2020-12-07 10:48:10,359 [Listener at 127.0.0.1/33429] INFO  http.BaseHttpServer (BaseHttpServer.java:newHttpServer2BuilderForOzone(207)) - Starting Web-server for hddsDatanode at: http://0.0.0.0:0
2020-12-07 10:48:10,359 [Listener at 127.0.0.1/33429] INFO  http.BaseHttpServer (BaseHttpServer.java:<init>(106)) - Hadoop Security Enabled: false Ozone Security Enabled: false Ozone HTTP Security Enabled: false 
2020-12-07 10:48:10,360 [Listener at 127.0.0.1/33429] INFO  server.AuthenticationFilter (AuthenticationFilter.java:constructSecretProvider(240)) - Unable to initialize FileSignerSecretProvider, falling back to use random secrets.
2020-12-07 10:48:10,361 [Listener at 127.0.0.1/33429] WARN  http.HttpRequestLog (HttpRequestLog.java:getRequestLog(103)) - Jetty request log can only be enabled using Log4j
2020-12-07 10:48:10,361 [Listener at 127.0.0.1/33429] INFO  http.HttpServer2 (HttpServer2.java:addGlobalFilter(1019)) - Added global filter 'safety' (class=org.apache.hadoop.hdds.server.http.HttpServer2$QuotingInputFilter)
2020-12-07 10:48:10,362 [Listener at 127.0.0.1/33429] INFO  http.HttpServer2 (HttpServer2.java:addFilter(995)) - Added filter static_user_filter (class=org.apache.hadoop.http.lib.StaticUserWebFilter$StaticUserFilter) to context hddsDatanode
2020-12-07 10:48:10,362 [Listener at 127.0.0.1/33429] INFO  http.HttpServer2 (HttpServer2.java:addFilter(1003)) - Added filter static_user_filter (class=org.apache.hadoop.http.lib.StaticUserWebFilter$StaticUserFilter) to context static
2020-12-07 10:48:10,362 [Listener at 127.0.0.1/33429] INFO  http.HttpServer2 (HttpServer2.java:addFilter(1003)) - Added filter static_user_filter (class=org.apache.hadoop.http.lib.StaticUserWebFilter$StaticUserFilter) to context logs
2020-12-07 10:48:10,363 [Listener at 127.0.0.1/33429] INFO  http.HttpServer2 (HttpServer2.java:bindListener(1237)) - Jetty bound to port 45325
2020-12-07 10:48:10,363 [Listener at 127.0.0.1/33429] INFO  server.Server (Server.java:doStart(375)) - jetty-9.4.34.v20201102; built: 2020-11-02T14:15:39.302Z; git: e46af88704a893fc12cb0e3bf46e2c7b48a009e7; jvm 1.8.0_232-b09
2020-12-07 10:48:10,366 [Listener at 127.0.0.1/33429] INFO  server.session (DefaultSessionIdManager.java:doStart(334)) - DefaultSessionIdManager workerName=node0
2020-12-07 10:48:10,366 [Listener at 127.0.0.1/33429] INFO  server.session (DefaultSessionIdManager.java:doStart(339)) - No SessionScavenger set, using defaults
2020-12-07 10:48:10,367 [Listener at 127.0.0.1/33429] INFO  server.session (HouseKeeper.java:startScavenging(132)) - node0 Scavenging every 600000ms
2020-12-07 10:48:10,367 [Listener at 127.0.0.1/33429] INFO  handler.ContextHandler (ContextHandler.java:doStart(916)) - Started o.e.j.s.ServletContextHandler@106420b0{logs,/logs,file:///github/workspace/mnt/ozone/hadoop-ozone/integration-test/target/log,AVAILABLE}
2020-12-07 10:48:10,368 [Listener at 127.0.0.1/33429] INFO  handler.ContextHandler (ContextHandler.java:doStart(916)) - Started o.e.j.s.ServletContextHandler@2f9b35ab{static,/static,jar:file:/home/user/.m2/repository/org/apache/hadoop/hadoop-hdds-container-service/1.1.0-SNAPSHOT/hadoop-hdds-container-service-1.1.0-SNAPSHOT.jar!/webapps/static,AVAILABLE}
2020-12-07 10:48:10,522 [Listener at 127.0.0.1/33429] INFO  handler.ContextHandler (ContextHandler.java:doStart(916)) - Started o.e.j.w.WebAppContext@6b2c4c48{hddsDatanode,/,file:///tmp/jetty-0_0_0_0-45325-hadoop-hdds-container-service-1_1_0-SNAPSHOT_jar-_-any-3757407562827770175/webapp/,AVAILABLE}{jar:file:/home/user/.m2/repository/org/apache/hadoop/hadoop-hdds-container-service/1.1.0-SNAPSHOT/hadoop-hdds-container-service-1.1.0-SNAPSHOT.jar!/webapps/hddsDatanode}
2020-12-07 10:48:10,524 [Listener at 127.0.0.1/33429] INFO  server.AbstractConnector (AbstractConnector.java:doStart(331)) - Started ServerConnector@5d3af12f{HTTP/1.1, (http/1.1)}{0.0.0.0:45325}
2020-12-07 10:48:10,524 [Listener at 127.0.0.1/33429] INFO  server.Server (Server.java:doStart(415)) - Started @47904ms
2020-12-07 10:48:10,524 [Listener at 127.0.0.1/33429] WARN  impl.MetricsSystemImpl (MetricsSystemImpl.java:register(276)) - Sink prometheus already exists!
2020-12-07 10:48:10,528 [Listener at 127.0.0.1/33429] INFO  http.BaseHttpServer (BaseHttpServer.java:updateConnectorAddress(327)) - HTTP server of hddsDatanode listening at http://0.0.0.0:45325
2020-12-07 10:48:10,530 [Listener at 127.0.0.1/33429] INFO  ozone.MiniOzoneClusterImpl (MiniOzoneClusterImpl.java:lambda$waitForClusterToBeReady$0(178)) - Waiting for nodes to be ready. Got 0 of 7 DN Heartbeats.
2020-12-07 10:48:10,530 [Listener at 127.0.0.1/33429] INFO  ozone.MiniOzoneClusterImpl (MiniOzoneClusterImpl.java:lambda$waitForClusterToBeReady$0(181)) - Waiting for cluster to exit safe mode
2020-12-07 10:48:10,531 [org.apache.hadoop.util.JvmPauseMonitor$Monitor@4873b30c] INFO  util.JvmPauseMonitor (JvmPauseMonitor.java:run(188)) - Starting JVM pause monitor
2020-12-07 10:48:10,535 [Datanode State Machine Task Thread - 0] INFO  datanode.InitDatanodeState (InitDatanodeState.java:persistContainerDatanodeDetails(145)) - DatanodeDetails is persisted to /github/workspace/mnt/ozone/hadoop-ozone/integration-test/target/test-dir/MiniOzoneClusterImpl-63b0f1bc-721b-4e89-a01a-54c1f1559151/datanode-6/meta/datanode.id
2020-12-07 10:48:11,229 [EndpointStateMachine task thread for /0.0.0.0:38191 - 0 ] INFO  ozoneimpl.OzoneContainer (OzoneContainer.java:start(243)) - Attempting to start container services.
2020-12-07 10:48:11,229 [EndpointStateMachine task thread for /0.0.0.0:38191 - 0 ] INFO  ozoneimpl.OzoneContainer (OzoneContainer.java:startContainerScrub(207)) - Background container scanner has been disabled.
2020-12-07 10:48:11,230 [EndpointStateMachine task thread for /0.0.0.0:38191 - 0 ] INFO  ratis.XceiverServerRatis (XceiverServerRatis.java:start(456)) - Starting XceiverServerRatis 786fac63-cb43-495a-b53a-6153a2bfbbd7 at port 0
2020-12-07 10:48:11,232 [EndpointStateMachine task thread for /0.0.0.0:38191 - 0 ] INFO  impl.RaftServerProxy (RaftServerProxy.java:lambda$start$3(321)) - 786fac63-cb43-495a-b53a-6153a2bfbbd7: start RPC server
2020-12-07 10:48:11,233 [EndpointStateMachine task thread for /0.0.0.0:38191 - 0 ] INFO  server.GrpcService (GrpcService.java:startImpl(177)) - 786fac63-cb43-495a-b53a-6153a2bfbbd7: GrpcService started, listening on 0.0.0.0/0.0.0.0:37619
2020-12-07 10:48:11,234 [EndpointStateMachine task thread for /0.0.0.0:38191 - 0 ] INFO  ratis.XceiverServerRatis (XceiverServerRatis.java:start(468)) - XceiverServerRatis 786fac63-cb43-495a-b53a-6153a2bfbbd7 is started using port 37619
2020-12-07 10:48:11,234 [EndpointStateMachine task thread for /0.0.0.0:38191 - 0 ] INFO  server.XceiverServerGrpc (XceiverServerGrpc.java:start(145)) - XceiverServerGrpc 786fac63-cb43-495a-b53a-6153a2bfbbd7 is started using port 37189
2020-12-07 10:48:11,235 [org.apache.ratis.server.JvmPauseMonitor@19ed7f60-Monitor] INFO  server.RaftServerConfigKeys (ConfUtils.java:logGet(44)) - raft.server.leaderelection.leader.step-down.wait-time = 10s (default)
2020-12-07 10:48:11,235 [org.apache.ratis.server.JvmPauseMonitor@19ed7f60-Monitor] INFO  server.RaftServerConfigKeys (ConfUtils.java:logGet(44)) - raft.server.rpc.slowness.timeout = 300s (custom)
2020-12-07 10:48:11,242 [org.apache.ratis.server.JvmPauseMonitor@19ed7f60-Monitor] INFO  server.JvmPauseMonitor (JvmPauseMonitor.java:run(129)) - Starting Ratis JVM pause monitor
2020-12-07 10:48:11,446 [EndpointStateMachine task thread for /0.0.0.0:38191 - 0 ] INFO  ozoneimpl.OzoneContainer (OzoneContainer.java:start(243)) - Attempting to start container services.
2020-12-07 10:48:11,446 [EndpointStateMachine task thread for /0.0.0.0:38191 - 0 ] INFO  ozoneimpl.OzoneContainer (OzoneContainer.java:startContainerScrub(207)) - Background container scanner has been disabled.
2020-12-07 10:48:11,446 [EndpointStateMachine task thread for /0.0.0.0:38191 - 0 ] INFO  ratis.XceiverServerRatis (XceiverServerRatis.java:start(456)) - Starting XceiverServerRatis 0fa75ab1-6d1c-4858-bfa2-bdb40c45c28d at port 0
2020-12-07 10:48:11,453 [EndpointStateMachine task thread for /0.0.0.0:38191 - 0 ] INFO  impl.RaftServerProxy (RaftServerProxy.java:lambda$start$3(321)) - 0fa75ab1-6d1c-4858-bfa2-bdb40c45c28d: start RPC server
2020-12-07 10:48:11,454 [EndpointStateMachine task thread for /0.0.0.0:38191 - 0 ] INFO  server.GrpcService (GrpcService.java:startImpl(177)) - 0fa75ab1-6d1c-4858-bfa2-bdb40c45c28d: GrpcService started, listening on 0.0.0.0/0.0.0.0:38457
2020-12-07 10:48:11,454 [EndpointStateMachine task thread for /0.0.0.0:38191 - 0 ] INFO  ratis.XceiverServerRatis (XceiverServerRatis.java:start(468)) - XceiverServerRatis 0fa75ab1-6d1c-4858-bfa2-bdb40c45c28d is started using port 38457
2020-12-07 10:48:11,455 [org.apache.ratis.server.JvmPauseMonitor@6c28e06d-Monitor] INFO  server.RaftServerConfigKeys (ConfUtils.java:logGet(44)) - raft.server.leaderelection.leader.step-down.wait-time = 10s (default)
2020-12-07 10:48:11,455 [org.apache.ratis.server.JvmPauseMonitor@6c28e06d-Monitor] INFO  server.RaftServerConfigKeys (ConfUtils.java:logGet(44)) - raft.server.rpc.slowness.timeout = 300s (custom)
2020-12-07 10:48:11,455 [org.apache.ratis.server.JvmPauseMonitor@6c28e06d-Monitor] INFO  server.JvmPauseMonitor (JvmPauseMonitor.java:run(129)) - Starting Ratis JVM pause monitor
2020-12-07 10:48:11,455 [EndpointStateMachine task thread for /0.0.0.0:38191 - 0 ] INFO  server.XceiverServerGrpc (XceiverServerGrpc.java:start(145)) - XceiverServerGrpc 0fa75ab1-6d1c-4858-bfa2-bdb40c45c28d is started using port 42611
2020-12-07 10:48:11,530 [Listener at 127.0.0.1/33429] INFO  ozone.MiniOzoneClusterImpl (MiniOzoneClusterImpl.java:lambda$waitForClusterToBeReady$0(178)) - Waiting for nodes to be ready. Got 0 of 7 DN Heartbeats.
2020-12-07 10:48:11,531 [Listener at 127.0.0.1/33429] INFO  ozone.MiniOzoneClusterImpl (MiniOzoneClusterImpl.java:lambda$waitForClusterToBeReady$0(181)) - Waiting for cluster to exit safe mode
2020-12-07 10:48:11,657 [EndpointStateMachine task thread for /0.0.0.0:38191 - 0 ] INFO  ozoneimpl.OzoneContainer (OzoneContainer.java:start(243)) - Attempting to start container services.
2020-12-07 10:48:11,657 [EndpointStateMachine task thread for /0.0.0.0:38191 - 0 ] INFO  ozoneimpl.OzoneContainer (OzoneContainer.java:startContainerScrub(207)) - Background container scanner has been disabled.
2020-12-07 10:48:11,657 [EndpointStateMachine task thread for /0.0.0.0:38191 - 0 ] INFO  ratis.XceiverServerRatis (XceiverServerRatis.java:start(456)) - Starting XceiverServerRatis c8599c9e-d3dc-4d93-b189-78c24227363c at port 0
2020-12-07 10:48:11,658 [EndpointStateMachine task thread for /0.0.0.0:38191 - 0 ] INFO  impl.RaftServerProxy (RaftServerProxy.java:lambda$start$3(321)) - c8599c9e-d3dc-4d93-b189-78c24227363c: start RPC server
2020-12-07 10:48:11,658 [EndpointStateMachine task thread for /0.0.0.0:38191 - 0 ] INFO  server.GrpcService (GrpcService.java:startImpl(177)) - c8599c9e-d3dc-4d93-b189-78c24227363c: GrpcService started, listening on 0.0.0.0/0.0.0.0:44593
2020-12-07 10:48:11,660 [EndpointStateMachine task thread for /0.0.0.0:38191 - 0 ] INFO  ratis.XceiverServerRatis (XceiverServerRatis.java:start(468)) - XceiverServerRatis c8599c9e-d3dc-4d93-b189-78c24227363c is started using port 44593
2020-12-07 10:48:11,664 [EndpointStateMachine task thread for /0.0.0.0:38191 - 0 ] INFO  server.XceiverServerGrpc (XceiverServerGrpc.java:start(145)) - XceiverServerGrpc c8599c9e-d3dc-4d93-b189-78c24227363c is started using port 40923
2020-12-07 10:48:11,664 [org.apache.ratis.server.JvmPauseMonitor@417ab16d-Monitor] INFO  server.RaftServerConfigKeys (ConfUtils.java:logGet(44)) - raft.server.leaderelection.leader.step-down.wait-time = 10s (default)
2020-12-07 10:48:11,664 [org.apache.ratis.server.JvmPauseMonitor@417ab16d-Monitor] INFO  server.RaftServerConfigKeys (ConfUtils.java:logGet(44)) - raft.server.rpc.slowness.timeout = 300s (custom)
2020-12-07 10:48:11,664 [org.apache.ratis.server.JvmPauseMonitor@417ab16d-Monitor] INFO  server.JvmPauseMonitor (JvmPauseMonitor.java:run(129)) - Starting Ratis JVM pause monitor
2020-12-07 10:48:11,866 [EndpointStateMachine task thread for /0.0.0.0:38191 - 0 ] INFO  ozoneimpl.OzoneContainer (OzoneContainer.java:start(243)) - Attempting to start container services.
2020-12-07 10:48:11,867 [EndpointStateMachine task thread for /0.0.0.0:38191 - 0 ] INFO  ozoneimpl.OzoneContainer (OzoneContainer.java:startContainerScrub(207)) - Background container scanner has been disabled.
2020-12-07 10:48:11,867 [EndpointStateMachine task thread for /0.0.0.0:38191 - 0 ] INFO  ratis.XceiverServerRatis (XceiverServerRatis.java:start(456)) - Starting XceiverServerRatis 9dd88559-92ed-4006-9b1f-fe1c5650edb0 at port 0
2020-12-07 10:48:11,868 [EndpointStateMachine task thread for /0.0.0.0:38191 - 0 ] INFO  impl.RaftServerProxy (RaftServerProxy.java:lambda$start$3(321)) - 9dd88559-92ed-4006-9b1f-fe1c5650edb0: start RPC server
2020-12-07 10:48:11,868 [EndpointStateMachine task thread for /0.0.0.0:38191 - 0 ] INFO  server.GrpcService (GrpcService.java:startImpl(177)) - 9dd88559-92ed-4006-9b1f-fe1c5650edb0: GrpcService started, listening on 0.0.0.0/0.0.0.0:38415
2020-12-07 10:48:11,869 [EndpointStateMachine task thread for /0.0.0.0:38191 - 0 ] INFO  ratis.XceiverServerRatis (XceiverServerRatis.java:start(468)) - XceiverServerRatis 9dd88559-92ed-4006-9b1f-fe1c5650edb0 is started using port 38415
2020-12-07 10:48:11,869 [org.apache.ratis.server.JvmPauseMonitor@7596a29a-Monitor] INFO  server.RaftServerConfigKeys (ConfUtils.java:logGet(44)) - raft.server.leaderelection.leader.step-down.wait-time = 10s (default)
2020-12-07 10:48:11,869 [EndpointStateMachine task thread for /0.0.0.0:38191 - 0 ] INFO  server.XceiverServerGrpc (XceiverServerGrpc.java:start(145)) - XceiverServerGrpc 9dd88559-92ed-4006-9b1f-fe1c5650edb0 is started using port 40405
2020-12-07 10:48:11,869 [org.apache.ratis.server.JvmPauseMonitor@7596a29a-Monitor] INFO  server.RaftServerConfigKeys (ConfUtils.java:logGet(44)) - raft.server.rpc.slowness.timeout = 300s (custom)
2020-12-07 10:48:11,869 [org.apache.ratis.server.JvmPauseMonitor@7596a29a-Monitor] INFO  server.JvmPauseMonitor (JvmPauseMonitor.java:run(129)) - Starting Ratis JVM pause monitor
2020-12-07 10:48:12,088 [EndpointStateMachine task thread for /0.0.0.0:38191 - 0 ] INFO  ozoneimpl.OzoneContainer (OzoneContainer.java:start(243)) - Attempting to start container services.
2020-12-07 10:48:12,088 [EndpointStateMachine task thread for /0.0.0.0:38191 - 0 ] INFO  ozoneimpl.OzoneContainer (OzoneContainer.java:startContainerScrub(207)) - Background container scanner has been disabled.
2020-12-07 10:48:12,088 [EndpointStateMachine task thread for /0.0.0.0:38191 - 0 ] INFO  ratis.XceiverServerRatis (XceiverServerRatis.java:start(456)) - Starting XceiverServerRatis 25184b17-1fd0-4ce3-ab40-51a23a8535eb at port 0
2020-12-07 10:48:12,089 [EndpointStateMachine task thread for /0.0.0.0:38191 - 0 ] INFO  impl.RaftServerProxy (RaftServerProxy.java:lambda$start$3(321)) - 25184b17-1fd0-4ce3-ab40-51a23a8535eb: start RPC server
2020-12-07 10:48:12,090 [EndpointStateMachine task thread for /0.0.0.0:38191 - 0 ] INFO  server.GrpcService (GrpcService.java:startImpl(177)) - 25184b17-1fd0-4ce3-ab40-51a23a8535eb: GrpcService started, listening on 0.0.0.0/0.0.0.0:39065
2020-12-07 10:48:12,090 [EndpointStateMachine task thread for /0.0.0.0:38191 - 0 ] INFO  ratis.XceiverServerRatis (XceiverServerRatis.java:start(468)) - XceiverServerRatis 25184b17-1fd0-4ce3-ab40-51a23a8535eb is started using port 39065
2020-12-07 10:48:12,090 [org.apache.ratis.server.JvmPauseMonitor@c3978e0-Monitor] INFO  server.RaftServerConfigKeys (ConfUtils.java:logGet(44)) - raft.server.leaderelection.leader.step-down.wait-time = 10s (default)
2020-12-07 10:48:12,090 [org.apache.ratis.server.JvmPauseMonitor@c3978e0-Monitor] INFO  server.RaftServerConfigKeys (ConfUtils.java:logGet(44)) - raft.server.rpc.slowness.timeout = 300s (custom)
2020-12-07 10:48:12,091 [org.apache.ratis.server.JvmPauseMonitor@c3978e0-Monitor] INFO  server.JvmPauseMonitor (JvmPauseMonitor.java:run(129)) - Starting Ratis JVM pause monitor
2020-12-07 10:48:12,091 [EndpointStateMachine task thread for /0.0.0.0:38191 - 0 ] INFO  server.XceiverServerGrpc (XceiverServerGrpc.java:start(145)) - XceiverServerGrpc 25184b17-1fd0-4ce3-ab40-51a23a8535eb is started using port 35069
2020-12-07 10:48:12,336 [EndpointStateMachine task thread for /0.0.0.0:38191 - 0 ] INFO  ozoneimpl.OzoneContainer (OzoneContainer.java:start(243)) - Attempting to start container services.
2020-12-07 10:48:12,336 [EndpointStateMachine task thread for /0.0.0.0:38191 - 0 ] INFO  ozoneimpl.OzoneContainer (OzoneContainer.java:startContainerScrub(207)) - Background container scanner has been disabled.
2020-12-07 10:48:12,336 [EndpointStateMachine task thread for /0.0.0.0:38191 - 0 ] INFO  ratis.XceiverServerRatis (XceiverServerRatis.java:start(456)) - Starting XceiverServerRatis e9cccd38-0623-438e-aabf-1afb1561e1cc at port 0
2020-12-07 10:48:12,337 [EndpointStateMachine task thread for /0.0.0.0:38191 - 0 ] INFO  impl.RaftServerProxy (RaftServerProxy.java:lambda$start$3(321)) - e9cccd38-0623-438e-aabf-1afb1561e1cc: start RPC server
2020-12-07 10:48:12,337 [EndpointStateMachine task thread for /0.0.0.0:38191 - 0 ] INFO  server.GrpcService (GrpcService.java:startImpl(177)) - e9cccd38-0623-438e-aabf-1afb1561e1cc: GrpcService started, listening on 0.0.0.0/0.0.0.0:33459
2020-12-07 10:48:12,338 [EndpointStateMachine task thread for /0.0.0.0:38191 - 0 ] INFO  ratis.XceiverServerRatis (XceiverServerRatis.java:start(468)) - XceiverServerRatis e9cccd38-0623-438e-aabf-1afb1561e1cc is started using port 33459
2020-12-07 10:48:12,338 [org.apache.ratis.server.JvmPauseMonitor@36dbe961-Monitor] INFO  server.RaftServerConfigKeys (ConfUtils.java:logGet(44)) - raft.server.leaderelection.leader.step-down.wait-time = 10s (default)
2020-12-07 10:48:12,338 [EndpointStateMachine task thread for /0.0.0.0:38191 - 0 ] INFO  server.XceiverServerGrpc (XceiverServerGrpc.java:start(145)) - XceiverServerGrpc e9cccd38-0623-438e-aabf-1afb1561e1cc is started using port 34417
2020-12-07 10:48:12,340 [org.apache.ratis.server.JvmPauseMonitor@36dbe961-Monitor] INFO  server.RaftServerConfigKeys (ConfUtils.java:logGet(44)) - raft.server.rpc.slowness.timeout = 300s (custom)
2020-12-07 10:48:12,340 [org.apache.ratis.server.JvmPauseMonitor@36dbe961-Monitor] INFO  server.JvmPauseMonitor (JvmPauseMonitor.java:run(129)) - Starting Ratis JVM pause monitor
2020-12-07 10:48:12,531 [Listener at 127.0.0.1/33429] INFO  ozone.MiniOzoneClusterImpl (MiniOzoneClusterImpl.java:lambda$waitForClusterToBeReady$0(178)) - Waiting for nodes to be ready. Got 0 of 7 DN Heartbeats.
2020-12-07 10:48:12,531 [Listener at 127.0.0.1/33429] INFO  ozone.MiniOzoneClusterImpl (MiniOzoneClusterImpl.java:lambda$waitForClusterToBeReady$0(181)) - Waiting for cluster to exit safe mode
2020-12-07 10:48:12,534 [EndpointStateMachine task thread for /0.0.0.0:38191 - 0 ] INFO  ozoneimpl.OzoneContainer (OzoneContainer.java:start(243)) - Attempting to start container services.
2020-12-07 10:48:12,534 [EndpointStateMachine task thread for /0.0.0.0:38191 - 0 ] INFO  ozoneimpl.OzoneContainer (OzoneContainer.java:startContainerScrub(207)) - Background container scanner has been disabled.
2020-12-07 10:48:12,534 [EndpointStateMachine task thread for /0.0.0.0:38191 - 0 ] INFO  ratis.XceiverServerRatis (XceiverServerRatis.java:start(456)) - Starting XceiverServerRatis 2cccdb4a-43f4-414a-b789-1147e18a9f82 at port 0
2020-12-07 10:48:12,535 [EndpointStateMachine task thread for /0.0.0.0:38191 - 0 ] INFO  impl.RaftServerProxy (RaftServerProxy.java:lambda$start$3(321)) - 2cccdb4a-43f4-414a-b789-1147e18a9f82: start RPC server
2020-12-07 10:48:12,536 [EndpointStateMachine task thread for /0.0.0.0:38191 - 0 ] INFO  server.GrpcService (GrpcService.java:startImpl(177)) - 2cccdb4a-43f4-414a-b789-1147e18a9f82: GrpcService started, listening on 0.0.0.0/0.0.0.0:37441
2020-12-07 10:48:12,537 [EndpointStateMachine task thread for /0.0.0.0:38191 - 0 ] INFO  ratis.XceiverServerRatis (XceiverServerRatis.java:start(468)) - XceiverServerRatis 2cccdb4a-43f4-414a-b789-1147e18a9f82 is started using port 37441
2020-12-07 10:48:12,537 [EndpointStateMachine task thread for /0.0.0.0:38191 - 0 ] INFO  server.XceiverServerGrpc (XceiverServerGrpc.java:start(145)) - XceiverServerGrpc 2cccdb4a-43f4-414a-b789-1147e18a9f82 is started using port 39453
2020-12-07 10:48:12,537 [org.apache.ratis.server.JvmPauseMonitor@2a4d40c3-Monitor] INFO  server.RaftServerConfigKeys (ConfUtils.java:logGet(44)) - raft.server.leaderelection.leader.step-down.wait-time = 10s (default)
2020-12-07 10:48:12,537 [org.apache.ratis.server.JvmPauseMonitor@2a4d40c3-Monitor] INFO  server.RaftServerConfigKeys (ConfUtils.java:logGet(44)) - raft.server.rpc.slowness.timeout = 300s (custom)
2020-12-07 10:48:12,537 [org.apache.ratis.server.JvmPauseMonitor@2a4d40c3-Monitor] INFO  server.JvmPauseMonitor (JvmPauseMonitor.java:run(129)) - Starting Ratis JVM pause monitor
2020-12-07 10:48:13,224 [IPC Server handler 3 on default port 38191] INFO  net.NetworkTopologyImpl (NetworkTopologyImpl.java:add(111)) - Added a new node: /default-rack/786fac63-cb43-495a-b53a-6153a2bfbbd7
2020-12-07 10:48:13,225 [IPC Server handler 3 on default port 38191] INFO  node.SCMNodeManager (SCMNodeManager.java:register(341)) - Registered Data node : 786fac63-cb43-495a-b53a-6153a2bfbbd7{ip: 172.17.0.2, host: e09bffc1a782, networkLocation: /default-rack, certSerialId: null, persistedOpState: IN_SERVICE, persistedOpStateExpiryEpochSec: 0}
2020-12-07 10:48:13,225 [RatisPipelineUtilsThread] INFO  pipeline.RatisPipelineProvider (RatisPipelineProvider.java:lambda$create$0(161)) - Sending CreatePipelineCommand for pipeline:PipelineID=5cd738b5-642c-4291-84ee-293a9d80c3b9 to datanode:786fac63-cb43-495a-b53a-6153a2bfbbd7
2020-12-07 10:48:13,226 [RatisPipelineUtilsThread] INFO  pipeline.PipelineStateManager (PipelineStateManager.java:addPipeline(54)) - Created pipeline Pipeline[ Id: 5cd738b5-642c-4291-84ee-293a9d80c3b9, Nodes: 786fac63-cb43-495a-b53a-6153a2bfbbd7{ip: 172.17.0.2, host: e09bffc1a782, networkLocation: /default-rack, certSerialId: null, persistedOpState: IN_SERVICE, persistedOpStateExpiryEpochSec: 0}, Type:RATIS, Factor:ONE, State:ALLOCATED, leaderId:, CreationTimestamp2020-12-07T10:48:13.225Z]
2020-12-07 10:48:13,226 [EventQueue-NodeRegistrationContainerReportForContainerSafeModeRule] INFO  safemode.SCMSafeModeManager (SCMSafeModeManager.java:validateSafeModeExitRules(214)) - ContainerSafeModeRule rule is successfully validated
2020-12-07 10:48:13,227 [EventQueue-NodeRegistrationContainerReportForDataNodeSafeModeRule] INFO  safemode.SCMSafeModeManager (DataNodeSafeModeRule.java:process(71)) - SCM in safe mode. 1 DataNodes registered, 1 required.
2020-12-07 10:48:13,230 [EventQueue-NodeRegistrationContainerReportForDataNodeSafeModeRule] INFO  safemode.SCMSafeModeManager (SCMSafeModeManager.java:validateSafeModeExitRules(214)) - DataNodeSafeModeRule rule is successfully validated
2020-12-07 10:48:13,230 [EventQueue-NodeRegistrationContainerReportForDataNodeSafeModeRule] INFO  safemode.SCMSafeModeManager (SCMSafeModeManager.java:completePreCheck(242)) - All SCM safe mode pre check rules have passed
2020-12-07 10:48:13,231 [RatisPipelineUtilsThread] WARN  pipeline.PipelinePlacementPolicy (PipelinePlacementPolicy.java:filterViableNodes(139)) - Pipeline creation failed due to no sufficient healthy datanodes. Required 3. Found 1.
2020-12-07 10:48:13,231 [EventQueue-PipelineReportForOneReplicaPipelineSafeModeRule] INFO  safemode.SCMSafeModeManager (SCMSafeModeManager.java:validateSafeModeExitRules(214)) - AtleastOneDatanodeReportedRule rule is successfully validated
2020-12-07 10:48:13,443 [IPC Server handler 4 on default port 38191] INFO  net.NetworkTopologyImpl (NetworkTopologyImpl.java:add(111)) - Added a new node: /default-rack/0fa75ab1-6d1c-4858-bfa2-bdb40c45c28d
2020-12-07 10:48:13,444 [IPC Server handler 4 on default port 38191] INFO  node.SCMNodeManager (SCMNodeManager.java:register(341)) - Registered Data node : 0fa75ab1-6d1c-4858-bfa2-bdb40c45c28d{ip: 172.17.0.2, host: e09bffc1a782, networkLocation: /default-rack, certSerialId: null, persistedOpState: IN_SERVICE, persistedOpStateExpiryEpochSec: 0}
2020-12-07 10:48:13,444 [EventQueue-NodeRegistrationContainerReportForContainerSafeModeRule] INFO  safemode.SCMSafeModeManager (SCMSafeModeManager.java:validateSafeModeExitRules(214)) - ContainerSafeModeRule rule is successfully validated
2020-12-07 10:48:13,444 [EventQueue-PipelineReportForOneReplicaPipelineSafeModeRule] INFO  safemode.SCMSafeModeManager (SCMSafeModeManager.java:validateSafeModeExitRules(214)) - AtleastOneDatanodeReportedRule rule is successfully validated
2020-12-07 10:48:13,445 [EventQueue-NodeRegistrationContainerReportForDataNodeSafeModeRule] INFO  safemode.SCMSafeModeManager (SCMSafeModeManager.java:validateSafeModeExitRules(214)) - DataNodeSafeModeRule rule is successfully validated
2020-12-07 10:48:13,446 [RatisPipelineUtilsThread] INFO  pipeline.RatisPipelineProvider (RatisPipelineProvider.java:lambda$create$0(161)) - Sending CreatePipelineCommand for pipeline:PipelineID=efdc9b82-0eaf-46de-8379-a193149bd2f2 to datanode:0fa75ab1-6d1c-4858-bfa2-bdb40c45c28d
2020-12-07 10:48:13,447 [RatisPipelineUtilsThread] INFO  pipeline.PipelineStateManager (PipelineStateManager.java:addPipeline(54)) - Created pipeline Pipeline[ Id: efdc9b82-0eaf-46de-8379-a193149bd2f2, Nodes: 0fa75ab1-6d1c-4858-bfa2-bdb40c45c28d{ip: 172.17.0.2, host: e09bffc1a782, networkLocation: /default-rack, certSerialId: null, persistedOpState: IN_SERVICE, persistedOpStateExpiryEpochSec: 0}, Type:RATIS, Factor:ONE, State:ALLOCATED, leaderId:, CreationTimestamp2020-12-07T10:48:13.446Z]
2020-12-07 10:48:13,447 [RatisPipelineUtilsThread] WARN  pipeline.PipelinePlacementPolicy (PipelinePlacementPolicy.java:filterViableNodes(139)) - Pipeline creation failed due to no sufficient healthy datanodes. Required 3. Found 2.
2020-12-07 10:48:13,531 [Listener at 127.0.0.1/33429] INFO  ozone.MiniOzoneClusterImpl (MiniOzoneClusterImpl.java:lambda$waitForClusterToBeReady$0(178)) - Waiting for nodes to be ready. Got 2 of 7 DN Heartbeats.
2020-12-07 10:48:13,532 [Listener at 127.0.0.1/33429] INFO  ozone.MiniOzoneClusterImpl (MiniOzoneClusterImpl.java:lambda$waitForClusterToBeReady$0(181)) - Waiting for cluster to exit safe mode
2020-12-07 10:48:13,654 [IPC Server handler 5 on default port 38191] INFO  net.NetworkTopologyImpl (NetworkTopologyImpl.java:add(111)) - Added a new node: /default-rack/c8599c9e-d3dc-4d93-b189-78c24227363c
2020-12-07 10:48:13,654 [IPC Server handler 5 on default port 38191] INFO  node.SCMNodeManager (SCMNodeManager.java:register(341)) - Registered Data node : c8599c9e-d3dc-4d93-b189-78c24227363c{ip: 172.17.0.2, host: e09bffc1a782, networkLocation: /default-rack, certSerialId: null, persistedOpState: IN_SERVICE, persistedOpStateExpiryEpochSec: 0}
2020-12-07 10:48:13,655 [EventQueue-PipelineReportForOneReplicaPipelineSafeModeRule] INFO  safemode.SCMSafeModeManager (SCMSafeModeManager.java:validateSafeModeExitRules(214)) - AtleastOneDatanodeReportedRule rule is successfully validated
2020-12-07 10:48:13,655 [EventQueue-NodeRegistrationContainerReportForDataNodeSafeModeRule] INFO  safemode.SCMSafeModeManager (SCMSafeModeManager.java:validateSafeModeExitRules(214)) - DataNodeSafeModeRule rule is successfully validated
2020-12-07 10:48:13,655 [EventQueue-NodeRegistrationContainerReportForContainerSafeModeRule] INFO  safemode.SCMSafeModeManager (SCMSafeModeManager.java:validateSafeModeExitRules(214)) - ContainerSafeModeRule rule is successfully validated
2020-12-07 10:48:13,656 [RatisPipelineUtilsThread] INFO  pipeline.RatisPipelineProvider (RatisPipelineProvider.java:lambda$create$0(161)) - Sending CreatePipelineCommand for pipeline:PipelineID=f52eedbc-0e4c-4818-9204-6d0f2e90cad9 to datanode:c8599c9e-d3dc-4d93-b189-78c24227363c
2020-12-07 10:48:13,657 [RatisPipelineUtilsThread] INFO  pipeline.PipelineStateManager (PipelineStateManager.java:addPipeline(54)) - Created pipeline Pipeline[ Id: f52eedbc-0e4c-4818-9204-6d0f2e90cad9, Nodes: c8599c9e-d3dc-4d93-b189-78c24227363c{ip: 172.17.0.2, host: e09bffc1a782, networkLocation: /default-rack, certSerialId: null, persistedOpState: IN_SERVICE, persistedOpStateExpiryEpochSec: 0}, Type:RATIS, Factor:ONE, State:ALLOCATED, leaderId:, CreationTimestamp2020-12-07T10:48:13.656Z]
2020-12-07 10:48:13,657 [RatisPipelineUtilsThread] INFO  pipeline.RatisPipelineProvider (RatisPipelineProvider.java:lambda$create$0(161)) - Sending CreatePipelineCommand for pipeline:PipelineID=2ccd2da7-92ab-4207-8952-9a51f20a5674 to datanode:786fac63-cb43-495a-b53a-6153a2bfbbd7
2020-12-07 10:48:13,657 [RatisPipelineUtilsThread] INFO  pipeline.RatisPipelineProvider (RatisPipelineProvider.java:lambda$create$0(161)) - Sending CreatePipelineCommand for pipeline:PipelineID=2ccd2da7-92ab-4207-8952-9a51f20a5674 to datanode:c8599c9e-d3dc-4d93-b189-78c24227363c
2020-12-07 10:48:13,657 [RatisPipelineUtilsThread] INFO  pipeline.RatisPipelineProvider (RatisPipelineProvider.java:lambda$create$0(161)) - Sending CreatePipelineCommand for pipeline:PipelineID=2ccd2da7-92ab-4207-8952-9a51f20a5674 to datanode:0fa75ab1-6d1c-4858-bfa2-bdb40c45c28d
2020-12-07 10:48:13,658 [RatisPipelineUtilsThread] INFO  pipeline.PipelineStateManager (PipelineStateManager.java:addPipeline(54)) - Created pipeline Pipeline[ Id: 2ccd2da7-92ab-4207-8952-9a51f20a5674, Nodes: 786fac63-cb43-495a-b53a-6153a2bfbbd7{ip: 172.17.0.2, host: e09bffc1a782, networkLocation: /default-rack, certSerialId: null, persistedOpState: IN_SERVICE, persistedOpStateExpiryEpochSec: 0}c8599c9e-d3dc-4d93-b189-78c24227363c{ip: 172.17.0.2, host: e09bffc1a782, networkLocation: /default-rack, certSerialId: null, persistedOpState: IN_SERVICE, persistedOpStateExpiryEpochSec: 0}0fa75ab1-6d1c-4858-bfa2-bdb40c45c28d{ip: 172.17.0.2, host: e09bffc1a782, networkLocation: /default-rack, certSerialId: null, persistedOpState: IN_SERVICE, persistedOpStateExpiryEpochSec: 0}, Type:RATIS, Factor:THREE, State:ALLOCATED, leaderId:, CreationTimestamp2020-12-07T10:48:13.657Z]
2020-12-07 10:48:13,864 [IPC Server handler 1 on default port 38191] INFO  net.NetworkTopologyImpl (NetworkTopologyImpl.java:add(111)) - Added a new node: /default-rack/9dd88559-92ed-4006-9b1f-fe1c5650edb0
2020-12-07 10:48:13,864 [IPC Server handler 1 on default port 38191] INFO  node.SCMNodeManager (SCMNodeManager.java:register(341)) - Registered Data node : 9dd88559-92ed-4006-9b1f-fe1c5650edb0{ip: 172.17.0.2, host: e09bffc1a782, networkLocation: /default-rack, certSerialId: null, persistedOpState: IN_SERVICE, persistedOpStateExpiryEpochSec: 0}
2020-12-07 10:48:13,865 [EventQueue-PipelineReportForOneReplicaPipelineSafeModeRule] INFO  safemode.SCMSafeModeManager (SCMSafeModeManager.java:validateSafeModeExitRules(214)) - AtleastOneDatanodeReportedRule rule is successfully validated
2020-12-07 10:48:13,866 [EventQueue-NodeRegistrationContainerReportForContainerSafeModeRule] INFO  safemode.SCMSafeModeManager (SCMSafeModeManager.java:validateSafeModeExitRules(214)) - ContainerSafeModeRule rule is successfully validated
2020-12-07 10:48:13,866 [EventQueue-NodeRegistrationContainerReportForDataNodeSafeModeRule] INFO  safemode.SCMSafeModeManager (SCMSafeModeManager.java:validateSafeModeExitRules(214)) - DataNodeSafeModeRule rule is successfully validated
2020-12-07 10:48:13,868 [RatisPipelineUtilsThread] INFO  pipeline.RatisPipelineProvider (RatisPipelineProvider.java:lambda$create$0(161)) - Sending CreatePipelineCommand for pipeline:PipelineID=95e32aac-2667-4d52-9f9f-9f45b1b023df to datanode:9dd88559-92ed-4006-9b1f-fe1c5650edb0
2020-12-07 10:48:13,868 [RatisPipelineUtilsThread] INFO  pipeline.PipelineStateManager (PipelineStateManager.java:addPipeline(54)) - Created pipeline Pipeline[ Id: 95e32aac-2667-4d52-9f9f-9f45b1b023df, Nodes: 9dd88559-92ed-4006-9b1f-fe1c5650edb0{ip: 172.17.0.2, host: e09bffc1a782, networkLocation: /default-rack, certSerialId: null, persistedOpState: IN_SERVICE, persistedOpStateExpiryEpochSec: 0}, Type:RATIS, Factor:ONE, State:ALLOCATED, leaderId:, CreationTimestamp2020-12-07T10:48:13.868Z]
2020-12-07 10:48:14,086 [IPC Server handler 2 on default port 38191] INFO  net.NetworkTopologyImpl (NetworkTopologyImpl.java:add(111)) - Added a new node: /default-rack/25184b17-1fd0-4ce3-ab40-51a23a8535eb
2020-12-07 10:48:14,087 [IPC Server handler 2 on default port 38191] INFO  node.SCMNodeManager (SCMNodeManager.java:register(341)) - Registered Data node : 25184b17-1fd0-4ce3-ab40-51a23a8535eb{ip: 172.17.0.2, host: e09bffc1a782, networkLocation: /default-rack, certSerialId: null, persistedOpState: IN_SERVICE, persistedOpStateExpiryEpochSec: 0}
2020-12-07 10:48:14,087 [EventQueue-NodeRegistrationContainerReportForDataNodeSafeModeRule] INFO  safemode.SCMSafeModeManager (SCMSafeModeManager.java:validateSafeModeExitRules(214)) - DataNodeSafeModeRule rule is successfully validated
2020-12-07 10:48:14,087 [EventQueue-PipelineReportForOneReplicaPipelineSafeModeRule] INFO  safemode.SCMSafeModeManager (SCMSafeModeManager.java:validateSafeModeExitRules(214)) - AtleastOneDatanodeReportedRule rule is successfully validated
2020-12-07 10:48:14,087 [EventQueue-NodeRegistrationContainerReportForContainerSafeModeRule] INFO  safemode.SCMSafeModeManager (SCMSafeModeManager.java:validateSafeModeExitRules(214)) - ContainerSafeModeRule rule is successfully validated
2020-12-07 10:48:14,088 [RatisPipelineUtilsThread] INFO  pipeline.RatisPipelineProvider (RatisPipelineProvider.java:lambda$create$0(161)) - Sending CreatePipelineCommand for pipeline:PipelineID=750ae1b4-f4c2-49dc-bcca-bcb1084dfe7b to datanode:25184b17-1fd0-4ce3-ab40-51a23a8535eb
2020-12-07 10:48:14,088 [RatisPipelineUtilsThread] INFO  pipeline.PipelineStateManager (PipelineStateManager.java:addPipeline(54)) - Created pipeline Pipeline[ Id: 750ae1b4-f4c2-49dc-bcca-bcb1084dfe7b, Nodes: 25184b17-1fd0-4ce3-ab40-51a23a8535eb{ip: 172.17.0.2, host: e09bffc1a782, networkLocation: /default-rack, certSerialId: null, persistedOpState: IN_SERVICE, persistedOpStateExpiryEpochSec: 0}, Type:RATIS, Factor:ONE, State:ALLOCATED, leaderId:, CreationTimestamp2020-12-07T10:48:14.088Z]
2020-12-07 10:48:14,331 [IPC Server handler 4 on default port 38191] INFO  net.NetworkTopologyImpl (NetworkTopologyImpl.java:add(111)) - Added a new node: /default-rack/e9cccd38-0623-438e-aabf-1afb1561e1cc
2020-12-07 10:48:14,332 [IPC Server handler 4 on default port 38191] INFO  node.SCMNodeManager (SCMNodeManager.java:register(341)) - Registered Data node : e9cccd38-0623-438e-aabf-1afb1561e1cc{ip: 172.17.0.2, host: e09bffc1a782, networkLocation: /default-rack, certSerialId: null, persistedOpState: IN_SERVICE, persistedOpStateExpiryEpochSec: 0}
2020-12-07 10:48:14,332 [EventQueue-NodeRegistrationContainerReportForDataNodeSafeModeRule] INFO  safemode.SCMSafeModeManager (SCMSafeModeManager.java:validateSafeModeExitRules(214)) - DataNodeSafeModeRule rule is successfully validated
2020-12-07 10:48:14,332 [EventQueue-NodeRegistrationContainerReportForContainerSafeModeRule] INFO  safemode.SCMSafeModeManager (SCMSafeModeManager.java:validateSafeModeExitRules(214)) - ContainerSafeModeRule rule is successfully validated
2020-12-07 10:48:14,332 [EventQueue-PipelineReportForOneReplicaPipelineSafeModeRule] INFO  safemode.SCMSafeModeManager (SCMSafeModeManager.java:validateSafeModeExitRules(214)) - AtleastOneDatanodeReportedRule rule is successfully validated
2020-12-07 10:48:14,333 [RatisPipelineUtilsThread] INFO  pipeline.RatisPipelineProvider (RatisPipelineProvider.java:lambda$create$0(161)) - Sending CreatePipelineCommand for pipeline:PipelineID=e4afc40e-dff8-4e5c-8349-6fb94c5bad6b to datanode:e9cccd38-0623-438e-aabf-1afb1561e1cc
2020-12-07 10:48:14,333 [RatisPipelineUtilsThread] INFO  pipeline.PipelineStateManager (PipelineStateManager.java:addPipeline(54)) - Created pipeline Pipeline[ Id: e4afc40e-dff8-4e5c-8349-6fb94c5bad6b, Nodes: e9cccd38-0623-438e-aabf-1afb1561e1cc{ip: 172.17.0.2, host: e09bffc1a782, networkLocation: /default-rack, certSerialId: null, persistedOpState: IN_SERVICE, persistedOpStateExpiryEpochSec: 0}, Type:RATIS, Factor:ONE, State:ALLOCATED, leaderId:, CreationTimestamp2020-12-07T10:48:14.333Z]
2020-12-07 10:48:14,333 [RatisPipelineUtilsThread] INFO  pipeline.RatisPipelineProvider (RatisPipelineProvider.java:lambda$create$0(161)) - Sending CreatePipelineCommand for pipeline:PipelineID=fab2665a-be55-437c-913c-91f6c4109aad to datanode:25184b17-1fd0-4ce3-ab40-51a23a8535eb
2020-12-07 10:48:14,334 [RatisPipelineUtilsThread] INFO  pipeline.RatisPipelineProvider (RatisPipelineProvider.java:lambda$create$0(161)) - Sending CreatePipelineCommand for pipeline:PipelineID=fab2665a-be55-437c-913c-91f6c4109aad to datanode:e9cccd38-0623-438e-aabf-1afb1561e1cc
2020-12-07 10:48:14,334 [RatisPipelineUtilsThread] INFO  pipeline.RatisPipelineProvider (RatisPipelineProvider.java:lambda$create$0(161)) - Sending CreatePipelineCommand for pipeline:PipelineID=fab2665a-be55-437c-913c-91f6c4109aad to datanode:9dd88559-92ed-4006-9b1f-fe1c5650edb0
2020-12-07 10:48:14,334 [RatisPipelineUtilsThread] INFO  pipeline.PipelineStateManager (PipelineStateManager.java:addPipeline(54)) - Created pipeline Pipeline[ Id: fab2665a-be55-437c-913c-91f6c4109aad, Nodes: 25184b17-1fd0-4ce3-ab40-51a23a8535eb{ip: 172.17.0.2, host: e09bffc1a782, networkLocation: /default-rack, certSerialId: null, persistedOpState: IN_SERVICE, persistedOpStateExpiryEpochSec: 0}e9cccd38-0623-438e-aabf-1afb1561e1cc{ip: 172.17.0.2, host: e09bffc1a782, networkLocation: /default-rack, certSerialId: null, persistedOpState: IN_SERVICE, persistedOpStateExpiryEpochSec: 0}9dd88559-92ed-4006-9b1f-fe1c5650edb0{ip: 172.17.0.2, host: e09bffc1a782, networkLocation: /default-rack, certSerialId: null, persistedOpState: IN_SERVICE, persistedOpStateExpiryEpochSec: 0}, Type:RATIS, Factor:THREE, State:ALLOCATED, leaderId:, CreationTimestamp2020-12-07T10:48:14.333Z]
2020-12-07 10:48:14,532 [Listener at 127.0.0.1/33429] INFO  ozone.MiniOzoneClusterImpl (MiniOzoneClusterImpl.java:lambda$waitForClusterToBeReady$0(178)) - Waiting for nodes to be ready. Got 6 of 7 DN Heartbeats.
2020-12-07 10:48:14,532 [Listener at 127.0.0.1/33429] INFO  ozone.MiniOzoneClusterImpl (MiniOzoneClusterImpl.java:lambda$waitForClusterToBeReady$0(181)) - Waiting for cluster to exit safe mode
2020-12-07 10:48:14,532 [IPC Server handler 5 on default port 38191] INFO  net.NetworkTopologyImpl (NetworkTopologyImpl.java:add(111)) - Added a new node: /default-rack/2cccdb4a-43f4-414a-b789-1147e18a9f82
2020-12-07 10:48:14,534 [IPC Server handler 5 on default port 38191] INFO  node.SCMNodeManager (SCMNodeManager.java:register(341)) - Registered Data node : 2cccdb4a-43f4-414a-b789-1147e18a9f82{ip: 172.17.0.2, host: e09bffc1a782, networkLocation: /default-rack, certSerialId: null, persistedOpState: IN_SERVICE, persistedOpStateExpiryEpochSec: 0}
2020-12-07 10:48:14,534 [EventQueue-NodeRegistrationContainerReportForContainerSafeModeRule] INFO  safemode.SCMSafeModeManager (SCMSafeModeManager.java:validateSafeModeExitRules(214)) - ContainerSafeModeRule rule is successfully validated
2020-12-07 10:48:14,534 [EventQueue-NodeRegistrationContainerReportForDataNodeSafeModeRule] INFO  safemode.SCMSafeModeManager (SCMSafeModeManager.java:validateSafeModeExitRules(214)) - DataNodeSafeModeRule rule is successfully validated
2020-12-07 10:48:14,534 [EventQueue-PipelineReportForOneReplicaPipelineSafeModeRule] INFO  safemode.SCMSafeModeManager (SCMSafeModeManager.java:validateSafeModeExitRules(214)) - AtleastOneDatanodeReportedRule rule is successfully validated
2020-12-07 10:48:14,534 [RatisPipelineUtilsThread] INFO  pipeline.RatisPipelineProvider (RatisPipelineProvider.java:lambda$create$0(161)) - Sending CreatePipelineCommand for pipeline:PipelineID=ed40f1b1-a750-4495-828f-5b3c3cfb5850 to datanode:2cccdb4a-43f4-414a-b789-1147e18a9f82
2020-12-07 10:48:14,535 [RatisPipelineUtilsThread] INFO  pipeline.PipelineStateManager (PipelineStateManager.java:addPipeline(54)) - Created pipeline Pipeline[ Id: ed40f1b1-a750-4495-828f-5b3c3cfb5850, Nodes: 2cccdb4a-43f4-414a-b789-1147e18a9f82{ip: 172.17.0.2, host: e09bffc1a782, networkLocation: /default-rack, certSerialId: null, persistedOpState: IN_SERVICE, persistedOpStateExpiryEpochSec: 0}, Type:RATIS, Factor:ONE, State:ALLOCATED, leaderId:, CreationTimestamp2020-12-07T10:48:14.534Z]
2020-12-07 10:48:15,532 [Listener at 127.0.0.1/33429] INFO  ozone.MiniOzoneClusterImpl (MiniOzoneClusterImpl.java:lambda$waitForClusterToBeReady$0(178)) - Nodes are ready. Got 7 of 7 DN Heartbeats.
2020-12-07 10:48:15,532 [Listener at 127.0.0.1/33429] INFO  ozone.MiniOzoneClusterImpl (MiniOzoneClusterImpl.java:lambda$waitForClusterToBeReady$0(181)) - Waiting for cluster to exit safe mode
2020-12-07 10:48:16,223 [Command processor thread] INFO  impl.RaftServerProxy (RaftServerProxy.java:addNew(93)) - 786fac63-cb43-495a-b53a-6153a2bfbbd7: addNew group-293A9D80C3B9:[786fac63-cb43-495a-b53a-6153a2bfbbd7|rpc:172.17.0.2:37619] returns group-293A9D80C3B9:java.util.concurrent.CompletableFuture@d06ff64[Not completed]
2020-12-07 10:48:16,224 [pool-177-thread-1] INFO  impl.RaftServerImpl (RaftServerImpl.java:<init>(121)) - 786fac63-cb43-495a-b53a-6153a2bfbbd7: new RaftServerImpl for group-293A9D80C3B9:[786fac63-cb43-495a-b53a-6153a2bfbbd7|rpc:172.17.0.2:37619] with ContainerStateMachine:uninitialized
2020-12-07 10:48:16,225 [pool-177-thread-1] INFO  server.RaftServerConfigKeys (ConfUtils.java:logGet(44)) - raft.server.rpc.timeout.min = 5s (custom)
2020-12-07 10:48:16,225 [pool-177-thread-1] INFO  server.RaftServerConfigKeys (ConfUtils.java:logGet(44)) - raft.server.rpc.timeout.max = 5200ms (custom)
2020-12-07 10:48:16,225 [pool-177-thread-1] INFO  server.RaftServerConfigKeys (ConfUtils.java:logGet(44)) - raft.server.rpc.slowness.timeout = 300s (custom)
2020-12-07 10:48:16,225 [pool-177-thread-1] INFO  server.RaftServerConfigKeys (ConfUtils.java:logGet(44)) - raft.server.leaderelection.leader.step-down.wait-time = 10s (default)
2020-12-07 10:48:16,225 [pool-177-thread-1] INFO  server.RaftServerConfigKeys (ConfUtils.java:logGet(44)) - raft.server.sleep.deviation.threshold = 300 (default)
2020-12-07 10:48:16,225 [pool-177-thread-1] INFO  server.RaftServerConfigKeys (ConfUtils.java:logGet(44)) - raft.server.log.appender.install.snapshot.enabled = false (custom)
2020-12-07 10:48:16,225 [pool-177-thread-1] INFO  impl.RaftServerImpl (ServerState.java:<init>(104)) - 786fac63-cb43-495a-b53a-6153a2bfbbd7@group-293A9D80C3B9: ConfigurationManager, init=-1: [786fac63-cb43-495a-b53a-6153a2bfbbd7|rpc:172.17.0.2:37619], old=null, confs=<EMPTY_MAP>
2020-12-07 10:48:16,225 [pool-177-thread-1] INFO  server.RaftServerConfigKeys (ConfUtils.java:logGet(44)) - raft.server.storage.dir = [/github/workspace/mnt/ozone/hadoop-ozone/integration-test/target/test-dir/MiniOzoneClusterImpl-63b0f1bc-721b-4e89-a01a-54c1f1559151/datanode-0/data/ratis] (custom)
2020-12-07 10:48:16,225 [pool-177-thread-1] INFO  server.RaftServerConfigKeys (ConfUtils.java:logGet(44)) - raft.server.log.corruption.policy = EXCEPTION (default)
2020-12-07 10:48:16,226 [pool-177-thread-1] INFO  storage.RaftStorageDirectory (RaftStorageDirectory.java:analyzeStorage(261)) - The storage directory /github/workspace/mnt/ozone/hadoop-ozone/integration-test/target/test-dir/MiniOzoneClusterImpl-63b0f1bc-721b-4e89-a01a-54c1f1559151/datanode-0/data/ratis/5cd738b5-642c-4291-84ee-293a9d80c3b9 does not exist. Creating ...
2020-12-07 10:48:16,227 [pool-177-thread-1] INFO  storage.RaftStorageDirectory (RaftStorageDirectory.java:tryLock(343)) - Lock on /github/workspace/mnt/ozone/hadoop-ozone/integration-test/target/test-dir/MiniOzoneClusterImpl-63b0f1bc-721b-4e89-a01a-54c1f1559151/datanode-0/data/ratis/5cd738b5-642c-4291-84ee-293a9d80c3b9/in_use.lock acquired by nodename 26480@e09bffc1a782
2020-12-07 10:48:16,229 [pool-177-thread-1] INFO  storage.RaftStorage (RaftStorage.java:format(85)) - Storage directory /github/workspace/mnt/ozone/hadoop-ozone/integration-test/target/test-dir/MiniOzoneClusterImpl-63b0f1bc-721b-4e89-a01a-54c1f1559151/datanode-0/data/ratis/5cd738b5-642c-4291-84ee-293a9d80c3b9 has been successfully formatted.
2020-12-07 10:48:16,230 [pool-177-thread-1] INFO  ratis.ContainerStateMachine (ContainerStateMachine.java:loadSnapshot(225)) - group-293A9D80C3B9: The snapshot info is null. Setting the last applied indexto:(t:0, i:~)
2020-12-07 10:48:16,230 [pool-177-thread-1] INFO  server.RaftServerConfigKeys (ConfUtils.java:logGet(44)) - raft.server.notification.no-leader.timeout = 300s (custom)
2020-12-07 10:48:16,230 [pool-177-thread-1] INFO  server.RaftServerConfigKeys (ConfUtils.java:logGet(44)) - raft.server.log.use.memory = false (default)
2020-12-07 10:48:16,230 [pool-177-thread-1] INFO  server.RaftServerConfigKeys (ConfUtils.java:logGet(44)) - raft.server.log.purge.gap = 1000000 (custom)
2020-12-07 10:48:16,230 [pool-177-thread-1] INFO  metrics.RatisMetrics (RatisMetrics.java:lambda$create$0(36)) - Creating Metrics Registry : ratis.log_worker.786fac63-cb43-495a-b53a-6153a2bfbbd7@group-293A9D80C3B9
2020-12-07 10:48:16,230 [pool-177-thread-1] INFO  server.RaftServerConfigKeys (ConfUtils.java:logGet(44)) - raft.server.log.appender.buffer.byte-limit = 33554432 (custom)
2020-12-07 10:48:16,231 [EventQueue-PipelineReportForOneReplicaPipelineSafeModeRule] INFO  safemode.SCMSafeModeManager (SCMSafeModeManager.java:validateSafeModeExitRules(214)) - AtleastOneDatanodeReportedRule rule is successfully validated
2020-12-07 10:48:16,231 [EventQueue-PipelineReportForPipelineReportHandler] INFO  pipeline.PipelineStateManager (PipelineStateManager.java:openPipeline(132)) - Pipeline Pipeline[ Id: 5cd738b5-642c-4291-84ee-293a9d80c3b9, Nodes: 786fac63-cb43-495a-b53a-6153a2bfbbd7{ip: 172.17.0.2, host: e09bffc1a782, networkLocation: /default-rack, certSerialId: null, persistedOpState: IN_SERVICE, persistedOpStateExpiryEpochSec: 0}, Type:RATIS, Factor:ONE, State:ALLOCATED, leaderId:786fac63-cb43-495a-b53a-6153a2bfbbd7, CreationTimestamp2020-12-07T10:48:13.225Z] moved to OPEN state
2020-12-07 10:48:16,231 [pool-177-thread-1] INFO  server.RaftServerConfigKeys (ConfUtils.java:logGet(44)) - raft.server.log.segment.size.max = 1048576 (custom)
2020-12-07 10:48:16,232 [EventQueue-OpenPipelineForHealthyPipelineSafeModeRule] INFO  safemode.SCMSafeModeManager (HealthyPipelineSafeModeRule.java:process(128)) - SCM in safe mode. Healthy pipelines reported count is 0, required healthy pipeline reported count is 1
2020-12-07 10:48:16,233 [pool-177-thread-1] INFO  server.RaftServerConfigKeys (ConfUtils.java:logGet(44)) - raft.server.log.segment.cache.num.max = 2 (custom)
2020-12-07 10:48:16,233 [pool-177-thread-1] INFO  segmented.SegmentedRaftLogWorker (SegmentedRaftLogWorker.java:<init>(180)) - new 786fac63-cb43-495a-b53a-6153a2bfbbd7@group-293A9D80C3B9-SegmentedRaftLogWorker for RaftStorage:Storage Directory /github/workspace/mnt/ozone/hadoop-ozone/integration-test/target/test-dir/MiniOzoneClusterImpl-63b0f1bc-721b-4e89-a01a-54c1f1559151/datanode-0/data/ratis/5cd738b5-642c-4291-84ee-293a9d80c3b9
2020-12-07 10:48:16,233 [pool-177-thread-1] INFO  server.RaftServerConfigKeys (ConfUtils.java:logGet(44)) - raft.server.log.queue.byte-limit = 2147483647 (custom)
2020-12-07 10:48:16,234 [pool-177-thread-1] INFO  server.RaftServerConfigKeys (ConfUtils.java:logGet(44)) - raft.server.log.queue.element-limit = 1024 (custom)
2020-12-07 10:48:16,234 [pool-177-thread-1] INFO  server.RaftServerConfigKeys (ConfUtils.java:logGet(44)) - raft.server.log.segment.size.max = 1048576 (custom)
2020-12-07 10:48:16,234 [pool-177-thread-1] INFO  server.RaftServerConfigKeys (ConfUtils.java:logGet(44)) - raft.server.log.preallocated.size = 16384 (custom)
2020-12-07 10:48:16,234 [pool-177-thread-1] INFO  server.RaftServerConfigKeys (ConfUtils.java:logGet(44)) - raft.server.log.write.buffer.size = 1048576 (custom)
2020-12-07 10:48:16,234 [pool-177-thread-1] INFO  server.RaftServerConfigKeys (ConfUtils.java:logGet(44)) - raft.server.log.force.sync.num = 128 (default)
2020-12-07 10:48:16,234 [pool-177-thread-1] INFO  server.RaftServerConfigKeys (ConfUtils.java:logGet(44)) - raft.server.log.statemachine.data.sync = true (default)
2020-12-07 10:48:16,234 [pool-177-thread-1] INFO  server.RaftServerConfigKeys (ConfUtils.java:logGet(44)) - raft.server.log.statemachine.data.sync.timeout = 10s (default)
2020-12-07 10:48:16,234 [pool-177-thread-1] INFO  server.RaftServerConfigKeys (ConfUtils.java:logGet(44)) - raft.server.log.statemachine.data.sync.timeout.retry = -1 (default)
2020-12-07 10:48:16,236 [pool-177-thread-1] INFO  server.RaftServerConfigKeys (ConfUtils.java:logGet(44)) - raft.server.log.statemachine.data.caching.enabled = true (custom)
2020-12-07 10:48:16,236 [pool-177-thread-1] INFO  segmented.SegmentedRaftLogWorker (SegmentedRaftLogWorker.java:lambda$new$0(129)) - 786fac63-cb43-495a-b53a-6153a2bfbbd7@group-293A9D80C3B9-SegmentedRaftLogWorker: flushIndex: setUnconditionally 0 -> -1
2020-12-07 10:48:16,236 [pool-177-thread-1] INFO  segmented.SegmentedRaftLogWorker (SegmentedRaftLogWorker.java:lambda$new$0(129)) - 786fac63-cb43-495a-b53a-6153a2bfbbd7@group-293A9D80C3B9-SegmentedRaftLogWorker: safeCacheEvictIndex: setUnconditionally 0 -> -1
2020-12-07 10:48:16,236 [pool-177-thread-1] INFO  server.RaftServerConfigKeys (ConfUtils.java:logGet(44)) - raft.server.snapshot.auto.trigger.enabled = true (custom)
2020-12-07 10:48:16,236 [pool-177-thread-1] INFO  server.RaftServerConfigKeys (ConfUtils.java:logGet(44)) - raft.server.snapshot.auto.trigger.threshold = 10000 (custom)
2020-12-07 10:48:16,236 [pool-177-thread-1] INFO  server.RaftServerConfigKeys (ConfUtils.java:logGet(44)) - raft.server.snapshot.retention.file.num = 5 (custom)
2020-12-07 10:48:16,236 [pool-177-thread-1] INFO  server.RaftServerConfigKeys (ConfUtils.java:logGet(44)) - raft.server.log.purge.upto.snapshot.index = false (default)
2020-12-07 10:48:16,236 [pool-177-thread-1] INFO  server.RaftServerConfigKeys (ConfUtils.java:logGet(44)) - raft.server.retrycache.expirytime = 600000ms (custom)
2020-12-07 10:48:16,237 [pool-177-thread-1] INFO  metrics.RatisMetrics (RatisMetrics.java:lambda$create$0(36)) - Creating Metrics Registry : ratis.leader_election.786fac63-cb43-495a-b53a-6153a2bfbbd7@group-293A9D80C3B9
2020-12-07 10:48:16,237 [pool-177-thread-1] INFO  metrics.RatisMetrics (RatisMetrics.java:lambda$create$0(36)) - Creating Metrics Registry : ratis.server.786fac63-cb43-495a-b53a-6153a2bfbbd7@group-293A9D80C3B9
2020-12-07 10:48:16,238 [pool-177-thread-1] INFO  impl.RaftServerImpl (RaftServerImpl.java:start(215)) - 786fac63-cb43-495a-b53a-6153a2bfbbd7@group-293A9D80C3B9: start as a follower, conf=-1: [786fac63-cb43-495a-b53a-6153a2bfbbd7|rpc:172.17.0.2:37619], old=null
2020-12-07 10:48:16,238 [pool-177-thread-1] INFO  impl.RaftServerImpl (RaftServerImpl.java:setRole(204)) - 786fac63-cb43-495a-b53a-6153a2bfbbd7@group-293A9D80C3B9: changes role from      null to FOLLOWER at term 0 for startAsFollower
2020-12-07 10:48:16,238 [pool-177-thread-1] INFO  impl.RoleInfo (RoleInfo.java:updateAndGet(143)) - 786fac63-cb43-495a-b53a-6153a2bfbbd7: start 786fac63-cb43-495a-b53a-6153a2bfbbd7@group-293A9D80C3B9-FollowerState
2020-12-07 10:48:16,243 [pool-177-thread-1] INFO  util.JmxRegister (JmxRegister.java:tryRegister(44)) - Successfully registered JMX Bean with object name Ratis:service=RaftServer,group=group-293A9D80C3B9,id=786fac63-cb43-495a-b53a-6153a2bfbbd7
2020-12-07 10:48:16,243 [pool-177-thread-1] INFO  metrics.RatisMetrics (RatisMetrics.java:lambda$create$0(36)) - Creating Metrics Registry : ratis.state_machine.786fac63-cb43-495a-b53a-6153a2bfbbd7@group-293A9D80C3B9
2020-12-07 10:48:16,248 [Command processor thread] INFO  commandhandler.CreatePipelineCommandHandler (CreatePipelineCommandHandler.java:handle(106)) - Created Pipeline RATIS ONE PipelineID=5cd738b5-642c-4291-84ee-293a9d80c3b9.
2020-12-07 10:48:16,249 [Command processor thread] INFO  impl.RaftServerProxy (RaftServerProxy.java:addNew(93)) - 786fac63-cb43-495a-b53a-6153a2bfbbd7: addNew group-9A51F20A5674:[786fac63-cb43-495a-b53a-6153a2bfbbd7|rpc:172.17.0.2:37619, 0fa75ab1-6d1c-4858-bfa2-bdb40c45c28d|rpc:172.17.0.2:38457, c8599c9e-d3dc-4d93-b189-78c24227363c|rpc:172.17.0.2:44593] returns group-9A51F20A5674:java.util.concurrent.CompletableFuture@9396a1c[Not completed]
2020-12-07 10:48:16,250 [pool-177-thread-1] INFO  impl.RaftServerImpl (RaftServerImpl.java:<init>(121)) - 786fac63-cb43-495a-b53a-6153a2bfbbd7: new RaftServerImpl for group-9A51F20A5674:[786fac63-cb43-495a-b53a-6153a2bfbbd7|rpc:172.17.0.2:37619, 0fa75ab1-6d1c-4858-bfa2-bdb40c45c28d|rpc:172.17.0.2:38457, c8599c9e-d3dc-4d93-b189-78c24227363c|rpc:172.17.0.2:44593] with ContainerStateMachine:uninitialized
2020-12-07 10:48:16,250 [pool-177-thread-1] INFO  server.RaftServerConfigKeys (ConfUtils.java:logGet(44)) - raft.server.rpc.timeout.min = 5s (custom)
2020-12-07 10:48:16,250 [pool-177-thread-1] INFO  server.RaftServerConfigKeys (ConfUtils.java:logGet(44)) - raft.server.rpc.timeout.max = 5200ms (custom)
2020-12-07 10:48:16,250 [pool-177-thread-1] INFO  server.RaftServerConfigKeys (ConfUtils.java:logGet(44)) - raft.server.rpc.slowness.timeout = 300s (custom)
2020-12-07 10:48:16,250 [pool-177-thread-1] INFO  server.RaftServerConfigKeys (ConfUtils.java:logGet(44)) - raft.server.leaderelection.leader.step-down.wait-time = 10s (default)
2020-12-07 10:48:16,250 [pool-177-thread-1] INFO  server.RaftServerConfigKeys (ConfUtils.java:logGet(44)) - raft.server.sleep.deviation.threshold = 300 (default)
2020-12-07 10:48:16,250 [pool-177-thread-1] INFO  server.RaftServerConfigKeys (ConfUtils.java:logGet(44)) - raft.server.log.appender.install.snapshot.enabled = false (custom)
2020-12-07 10:48:16,250 [pool-177-thread-1] INFO  impl.RaftServerImpl (ServerState.java:<init>(104)) - 786fac63-cb43-495a-b53a-6153a2bfbbd7@group-9A51F20A5674: ConfigurationManager, init=-1: [786fac63-cb43-495a-b53a-6153a2bfbbd7|rpc:172.17.0.2:37619, 0fa75ab1-6d1c-4858-bfa2-bdb40c45c28d|rpc:172.17.0.2:38457, c8599c9e-d3dc-4d93-b189-78c24227363c|rpc:172.17.0.2:44593], old=null, confs=<EMPTY_MAP>
2020-12-07 10:48:16,250 [pool-177-thread-1] INFO  server.RaftServerConfigKeys (ConfUtils.java:logGet(44)) - raft.server.storage.dir = [/github/workspace/mnt/ozone/hadoop-ozone/integration-test/target/test-dir/MiniOzoneClusterImpl-63b0f1bc-721b-4e89-a01a-54c1f1559151/datanode-0/data/ratis] (custom)
2020-12-07 10:48:16,250 [pool-177-thread-1] INFO  server.RaftServerConfigKeys (ConfUtils.java:logGet(44)) - raft.server.log.corruption.policy = EXCEPTION (default)
2020-12-07 10:48:16,250 [pool-177-thread-1] INFO  storage.RaftStorageDirectory (RaftStorageDirectory.java:analyzeStorage(261)) - The storage directory /github/workspace/mnt/ozone/hadoop-ozone/integration-test/target/test-dir/MiniOzoneClusterImpl-63b0f1bc-721b-4e89-a01a-54c1f1559151/datanode-0/data/ratis/2ccd2da7-92ab-4207-8952-9a51f20a5674 does not exist. Creating ...
2020-12-07 10:48:16,252 [pool-177-thread-1] INFO  storage.RaftStorageDirectory (RaftStorageDirectory.java:tryLock(343)) - Lock on /github/workspace/mnt/ozone/hadoop-ozone/integration-test/target/test-dir/MiniOzoneClusterImpl-63b0f1bc-721b-4e89-a01a-54c1f1559151/datanode-0/data/ratis/2ccd2da7-92ab-4207-8952-9a51f20a5674/in_use.lock acquired by nodename 26480@e09bffc1a782
2020-12-07 10:48:16,253 [pool-177-thread-1] INFO  storage.RaftStorage (RaftStorage.java:format(85)) - Storage directory /github/workspace/mnt/ozone/hadoop-ozone/integration-test/target/test-dir/MiniOzoneClusterImpl-63b0f1bc-721b-4e89-a01a-54c1f1559151/datanode-0/data/ratis/2ccd2da7-92ab-4207-8952-9a51f20a5674 has been successfully formatted.
2020-12-07 10:48:16,254 [pool-177-thread-1] INFO  ratis.ContainerStateMachine (ContainerStateMachine.java:loadSnapshot(225)) - group-9A51F20A5674: The snapshot info is null. Setting the last applied indexto:(t:0, i:~)
2020-12-07 10:48:16,254 [pool-177-thread-1] INFO  server.RaftServerConfigKeys (ConfUtils.java:logGet(44)) - raft.server.notification.no-leader.timeout = 300s (custom)
2020-12-07 10:48:16,254 [pool-177-thread-1] INFO  server.RaftServerConfigKeys (ConfUtils.java:logGet(44)) - raft.server.log.use.memory = false (default)
2020-12-07 10:48:16,254 [pool-177-thread-1] INFO  server.RaftServerConfigKeys (ConfUtils.java:logGet(44)) - raft.server.log.purge.gap = 1000000 (custom)
2020-12-07 10:48:16,254 [pool-177-thread-1] INFO  metrics.RatisMetrics (RatisMetrics.java:lambda$create$0(36)) - Creating Metrics Registry : ratis.log_worker.786fac63-cb43-495a-b53a-6153a2bfbbd7@group-9A51F20A5674
2020-12-07 10:48:16,254 [pool-177-thread-1] INFO  server.RaftServerConfigKeys (ConfUtils.java:logGet(44)) - raft.server.log.appender.buffer.byte-limit = 33554432 (custom)
2020-12-07 10:48:16,254 [pool-177-thread-1] INFO  server.RaftServerConfigKeys (ConfUtils.java:logGet(44)) - raft.server.log.segment.size.max = 1048576 (custom)
2020-12-07 10:48:16,255 [pool-177-thread-1] INFO  server.RaftServerConfigKeys (ConfUtils.java:logGet(44)) - raft.server.log.segment.cache.num.max = 2 (custom)
2020-12-07 10:48:16,255 [pool-177-thread-1] INFO  segmented.SegmentedRaftLogWorker (SegmentedRaftLogWorker.java:<init>(180)) - new 786fac63-cb43-495a-b53a-6153a2bfbbd7@group-9A51F20A5674-SegmentedRaftLogWorker for RaftStorage:Storage Directory /github/workspace/mnt/ozone/hadoop-ozone/integration-test/target/test-dir/MiniOzoneClusterImpl-63b0f1bc-721b-4e89-a01a-54c1f1559151/datanode-0/data/ratis/2ccd2da7-92ab-4207-8952-9a51f20a5674
2020-12-07 10:48:16,255 [pool-177-thread-1] INFO  server.RaftServerConfigKeys (ConfUtils.java:logGet(44)) - raft.server.log.queue.byte-limit = 2147483647 (custom)
2020-12-07 10:48:16,255 [pool-177-thread-1] INFO  server.RaftServerConfigKeys (ConfUtils.java:logGet(44)) - raft.server.log.queue.element-limit = 1024 (custom)
2020-12-07 10:48:16,255 [pool-177-thread-1] INFO  server.RaftServerConfigKeys (ConfUtils.java:logGet(44)) - raft.server.log.segment.size.max = 1048576 (custom)
2020-12-07 10:48:16,255 [pool-177-thread-1] INFO  server.RaftServerConfigKeys (ConfUtils.java:logGet(44)) - raft.server.log.preallocated.size = 16384 (custom)
2020-12-07 10:48:16,255 [pool-177-thread-1] INFO  server.RaftServerConfigKeys (ConfUtils.java:logGet(44)) - raft.server.log.write.buffer.size = 1048576 (custom)
2020-12-07 10:48:16,255 [pool-177-thread-1] INFO  server.RaftServerConfigKeys (ConfUtils.java:logGet(44)) - raft.server.log.force.sync.num = 128 (default)
2020-12-07 10:48:16,255 [pool-177-thread-1] INFO  server.RaftServerConfigKeys (ConfUtils.java:logGet(44)) - raft.server.log.statemachine.data.sync = true (default)
2020-12-07 10:48:16,255 [pool-177-thread-1] INFO  server.RaftServerConfigKeys (ConfUtils.java:logGet(44)) - raft.server.log.statemachine.data.sync.timeout = 10s (default)
2020-12-07 10:48:16,256 [pool-177-thread-1] INFO  server.RaftServerConfigKeys (ConfUtils.java:logGet(44)) - raft.server.log.statemachine.data.sync.timeout.retry = -1 (default)
2020-12-07 10:48:16,257 [pool-177-thread-1] INFO  server.RaftServerConfigKeys (ConfUtils.java:logGet(44)) - raft.server.log.statemachine.data.caching.enabled = true (custom)
2020-12-07 10:48:16,258 [pool-177-thread-1] INFO  segmented.SegmentedRaftLogWorker (SegmentedRaftLogWorker.java:lambda$new$0(129)) - 786fac63-cb43-495a-b53a-6153a2bfbbd7@group-9A51F20A5674-SegmentedRaftLogWorker: flushIndex: setUnconditionally 0 -> -1
2020-12-07 10:48:16,258 [pool-177-thread-1] INFO  segmented.SegmentedRaftLogWorker (SegmentedRaftLogWorker.java:lambda$new$0(129)) - 786fac63-cb43-495a-b53a-6153a2bfbbd7@group-9A51F20A5674-SegmentedRaftLogWorker: safeCacheEvictIndex: setUnconditionally 0 -> -1
2020-12-07 10:48:16,258 [EventQueue-PipelineReportForOneReplicaPipelineSafeModeRule] INFO  safemode.SCMSafeModeManager (SCMSafeModeManager.java:validateSafeModeExitRules(214)) - AtleastOneDatanodeReportedRule rule is successfully validated
2020-12-07 10:48:16,258 [EventQueue-OpenPipelineForHealthyPipelineSafeModeRule] INFO  safemode.SCMSafeModeManager (HealthyPipelineSafeModeRule.java:process(128)) - SCM in safe mode. Healthy pipelines reported count is 0, required healthy pipeline reported count is 1
2020-12-07 10:48:16,258 [pool-177-thread-1] INFO  server.RaftServerConfigKeys (ConfUtils.java:logGet(44)) - raft.server.snapshot.auto.trigger.enabled = true (custom)
2020-12-07 10:48:16,258 [pool-177-thread-1] INFO  server.RaftServerConfigKeys (ConfUtils.java:logGet(44)) - raft.server.snapshot.auto.trigger.threshold = 10000 (custom)
2020-12-07 10:48:16,259 [pool-177-thread-1] INFO  server.RaftServerConfigKeys (ConfUtils.java:logGet(44)) - raft.server.snapshot.retention.file.num = 5 (custom)
2020-12-07 10:48:16,259 [pool-177-thread-1] INFO  server.RaftServerConfigKeys (ConfUtils.java:logGet(44)) - raft.server.log.purge.upto.snapshot.index = false (default)
2020-12-07 10:48:16,259 [pool-177-thread-1] INFO  server.RaftServerConfigKeys (ConfUtils.java:logGet(44)) - raft.server.retrycache.expirytime = 600000ms (custom)
2020-12-07 10:48:16,259 [pool-177-thread-1] INFO  metrics.RatisMetrics (RatisMetrics.java:lambda$create$0(36)) - Creating Metrics Registry : ratis.leader_election.786fac63-cb43-495a-b53a-6153a2bfbbd7@group-9A51F20A5674
2020-12-07 10:48:16,260 [pool-177-thread-1] INFO  metrics.RatisMetrics (RatisMetrics.java:lambda$create$0(36)) - Creating Metrics Registry : ratis.server.786fac63-cb43-495a-b53a-6153a2bfbbd7@group-9A51F20A5674
2020-12-07 10:48:16,261 [pool-177-thread-1] INFO  impl.RaftServerImpl (RaftServerImpl.java:start(215)) - 786fac63-cb43-495a-b53a-6153a2bfbbd7@group-9A51F20A5674: start as a follower, conf=-1: [786fac63-cb43-495a-b53a-6153a2bfbbd7|rpc:172.17.0.2:37619, 0fa75ab1-6d1c-4858-bfa2-bdb40c45c28d|rpc:172.17.0.2:38457, c8599c9e-d3dc-4d93-b189-78c24227363c|rpc:172.17.0.2:44593], old=null
2020-12-07 10:48:16,261 [pool-177-thread-1] INFO  impl.RaftServerImpl (RaftServerImpl.java:setRole(204)) - 786fac63-cb43-495a-b53a-6153a2bfbbd7@group-9A51F20A5674: changes role from      null to FOLLOWER at term 0 for startAsFollower
2020-12-07 10:48:16,261 [pool-177-thread-1] INFO  impl.RoleInfo (RoleInfo.java:updateAndGet(143)) - 786fac63-cb43-495a-b53a-6153a2bfbbd7: start 786fac63-cb43-495a-b53a-6153a2bfbbd7@group-9A51F20A5674-FollowerState
2020-12-07 10:48:16,262 [pool-177-thread-1] INFO  util.JmxRegister (JmxRegister.java:tryRegister(44)) - Successfully registered JMX Bean with object name Ratis:service=RaftServer,group=group-9A51F20A5674,id=786fac63-cb43-495a-b53a-6153a2bfbbd7
2020-12-07 10:48:16,262 [pool-177-thread-1] INFO  metrics.RatisMetrics (RatisMetrics.java:lambda$create$0(36)) - Creating Metrics Registry : ratis.state_machine.786fac63-cb43-495a-b53a-6153a2bfbbd7@group-9A51F20A5674
2020-12-07 10:48:16,264 [Command processor thread] INFO  metrics.RatisMetrics (RatisMetrics.java:lambda$create$0(36)) - Creating Metrics Registry : ratis.client_message_metrics.client-78D76D7374CC->c8599c9e-d3dc-4d93-b189-78c24227363c
2020-12-07 10:48:16,270 [grpc-default-executor-1] INFO  metrics.RatisMetrics (RatisMetrics.java:lambda$create$0(36)) - Creating Metrics Registry : ratis.server_message_metrics.c8599c9e-d3dc-4d93-b189-78c24227363c
2020-12-07 10:48:16,273 [grpc-default-executor-1] INFO  impl.RaftServerProxy (RaftServerProxy.java:addNew(93)) - c8599c9e-d3dc-4d93-b189-78c24227363c: addNew group-9A51F20A5674:[786fac63-cb43-495a-b53a-6153a2bfbbd7|rpc:172.17.0.2:37619|dataStream:, 0fa75ab1-6d1c-4858-bfa2-bdb40c45c28d|rpc:172.17.0.2:38457|dataStream:, c8599c9e-d3dc-4d93-b189-78c24227363c|rpc:172.17.0.2:44593|dataStream:] returns group-9A51F20A5674:java.util.concurrent.CompletableFuture@3f5e9ca6[Not completed]
2020-12-07 10:48:16,278 [pool-209-thread-1] INFO  impl.RaftServerImpl (RaftServerImpl.java:<init>(121)) - c8599c9e-d3dc-4d93-b189-78c24227363c: new RaftServerImpl for group-9A51F20A5674:[786fac63-cb43-495a-b53a-6153a2bfbbd7|rpc:172.17.0.2:37619|dataStream:, 0fa75ab1-6d1c-4858-bfa2-bdb40c45c28d|rpc:172.17.0.2:38457|dataStream:, c8599c9e-d3dc-4d93-b189-78c24227363c|rpc:172.17.0.2:44593|dataStream:] with ContainerStateMachine:uninitialized
2020-12-07 10:48:16,279 [pool-209-thread-1] INFO  server.RaftServerConfigKeys (ConfUtils.java:logGet(44)) - raft.server.rpc.timeout.min = 5s (custom)
2020-12-07 10:48:16,279 [pool-209-thread-1] INFO  server.RaftServerConfigKeys (ConfUtils.java:logGet(44)) - raft.server.rpc.timeout.max = 5200ms (custom)
2020-12-07 10:48:16,279 [pool-209-thread-1] INFO  server.RaftServerConfigKeys (ConfUtils.java:logGet(44)) - raft.server.rpc.slowness.timeout = 300s (custom)
2020-12-07 10:48:16,279 [pool-209-thread-1] INFO  server.RaftServerConfigKeys (ConfUtils.java:logGet(44)) - raft.server.leaderelection.leader.step-down.wait-time = 10s (default)
2020-12-07 10:48:16,279 [pool-209-thread-1] INFO  server.RaftServerConfigKeys (ConfUtils.java:logGet(44)) - raft.server.sleep.deviation.threshold = 300 (default)
2020-12-07 10:48:16,279 [pool-209-thread-1] INFO  server.RaftServerConfigKeys (ConfUtils.java:logGet(44)) - raft.server.log.appender.install.snapshot.enabled = false (custom)
2020-12-07 10:48:16,280 [pool-209-thread-1] INFO  impl.RaftServerImpl (ServerState.java:<init>(104)) - c8599c9e-d3dc-4d93-b189-78c24227363c@group-9A51F20A5674: ConfigurationManager, init=-1: [786fac63-cb43-495a-b53a-6153a2bfbbd7|rpc:172.17.0.2:37619|dataStream:, 0fa75ab1-6d1c-4858-bfa2-bdb40c45c28d|rpc:172.17.0.2:38457|dataStream:, c8599c9e-d3dc-4d93-b189-78c24227363c|rpc:172.17.0.2:44593|dataStream:], old=null, confs=<EMPTY_MAP>
2020-12-07 10:48:16,280 [pool-209-thread-1] INFO  server.RaftServerConfigKeys (ConfUtils.java:logGet(44)) - raft.server.storage.dir = [/github/workspace/mnt/ozone/hadoop-ozone/integration-test/target/test-dir/MiniOzoneClusterImpl-63b0f1bc-721b-4e89-a01a-54c1f1559151/datanode-2/data/ratis] (custom)
2020-12-07 10:48:16,280 [pool-209-thread-1] INFO  server.RaftServerConfigKeys (ConfUtils.java:logGet(44)) - raft.server.log.corruption.policy = EXCEPTION (default)
2020-12-07 10:48:16,280 [pool-209-thread-1] INFO  storage.RaftStorageDirectory (RaftStorageDirectory.java:analyzeStorage(261)) - The storage directory /github/workspace/mnt/ozone/hadoop-ozone/integration-test/target/test-dir/MiniOzoneClusterImpl-63b0f1bc-721b-4e89-a01a-54c1f1559151/datanode-2/data/ratis/2ccd2da7-92ab-4207-8952-9a51f20a5674 does not exist. Creating ...
2020-12-07 10:48:16,281 [pool-209-thread-1] INFO  storage.RaftStorageDirectory (RaftStorageDirectory.java:tryLock(343)) - Lock on /github/workspace/mnt/ozone/hadoop-ozone/integration-test/target/test-dir/MiniOzoneClusterImpl-63b0f1bc-721b-4e89-a01a-54c1f1559151/datanode-2/data/ratis/2ccd2da7-92ab-4207-8952-9a51f20a5674/in_use.lock acquired by nodename 26480@e09bffc1a782
2020-12-07 10:48:16,283 [pool-209-thread-1] INFO  storage.RaftStorage (RaftStorage.java:format(85)) - Storage directory /github/workspace/mnt/ozone/hadoop-ozone/integration-test/target/test-dir/MiniOzoneClusterImpl-63b0f1bc-721b-4e89-a01a-54c1f1559151/datanode-2/data/ratis/2ccd2da7-92ab-4207-8952-9a51f20a5674 has been successfully formatted.
2020-12-07 10:48:16,284 [pool-209-thread-1] INFO  ratis.ContainerStateMachine (ContainerStateMachine.java:loadSnapshot(225)) - group-9A51F20A5674: The snapshot info is null. Setting the last applied indexto:(t:0, i:~)
2020-12-07 10:48:16,284 [pool-209-thread-1] INFO  server.RaftServerConfigKeys (ConfUtils.java:logGet(44)) - raft.server.notification.no-leader.timeout = 300s (custom)
2020-12-07 10:48:16,284 [pool-209-thread-1] INFO  server.RaftServerConfigKeys (ConfUtils.java:logGet(44)) - raft.server.log.use.memory = false (default)
2020-12-07 10:48:16,285 [EventQueue-PipelineReportForOneReplicaPipelineSafeModeRule] INFO  safemode.SCMSafeModeManager (SCMSafeModeManager.java:validateSafeModeExitRules(214)) - AtleastOneDatanodeReportedRule rule is successfully validated
2020-12-07 10:48:16,285 [pool-209-thread-1] INFO  server.RaftServerConfigKeys (ConfUtils.java:logGet(44)) - raft.server.log.purge.gap = 1000000 (custom)
2020-12-07 10:48:16,285 [pool-209-thread-1] INFO  metrics.RatisMetrics (RatisMetrics.java:lambda$create$0(36)) - Creating Metrics Registry : ratis.log_worker.c8599c9e-d3dc-4d93-b189-78c24227363c@group-9A51F20A5674
2020-12-07 10:48:16,286 [pool-209-thread-1] INFO  server.RaftServerConfigKeys (ConfUtils.java:logGet(44)) - raft.server.log.appender.buffer.byte-limit = 33554432 (custom)
2020-12-07 10:48:16,286 [pool-209-thread-1] INFO  server.RaftServerConfigKeys (ConfUtils.java:logGet(44)) - raft.server.log.segment.size.max = 1048576 (custom)
2020-12-07 10:48:16,286 [pool-209-thread-1] INFO  server.RaftServerConfigKeys (ConfUtils.java:logGet(44)) - raft.server.log.segment.cache.num.max = 2 (custom)
2020-12-07 10:48:16,286 [pool-209-thread-1] INFO  segmented.SegmentedRaftLogWorker (SegmentedRaftLogWorker.java:<init>(180)) - new c8599c9e-d3dc-4d93-b189-78c24227363c@group-9A51F20A5674-SegmentedRaftLogWorker for RaftStorage:Storage Directory /github/workspace/mnt/ozone/hadoop-ozone/integration-test/target/test-dir/MiniOzoneClusterImpl-63b0f1bc-721b-4e89-a01a-54c1f1559151/datanode-2/data/ratis/2ccd2da7-92ab-4207-8952-9a51f20a5674
2020-12-07 10:48:16,286 [pool-209-thread-1] INFO  server.RaftServerConfigKeys (ConfUtils.java:logGet(44)) - raft.server.log.queue.byte-limit = 2147483647 (custom)
2020-12-07 10:48:16,287 [pool-209-thread-1] INFO  server.RaftServerConfigKeys (ConfUtils.java:logGet(44)) - raft.server.log.queue.element-limit = 1024 (custom)
2020-12-07 10:48:16,287 [pool-209-thread-1] INFO  server.RaftServerConfigKeys (ConfUtils.java:logGet(44)) - raft.server.log.segment.size.max = 1048576 (custom)
2020-12-07 10:48:16,287 [pool-209-thread-1] INFO  server.RaftServerConfigKeys (ConfUtils.java:logGet(44)) - raft.server.log.preallocated.size = 16384 (custom)
2020-12-07 10:48:16,287 [pool-209-thread-1] INFO  server.RaftServerConfigKeys (ConfUtils.java:logGet(44)) - raft.server.log.write.buffer.size = 1048576 (custom)
2020-12-07 10:48:16,287 [pool-209-thread-1] INFO  server.RaftServerConfigKeys (ConfUtils.java:logGet(44)) - raft.server.log.force.sync.num = 128 (default)
2020-12-07 10:48:16,287 [pool-209-thread-1] INFO  server.RaftServerConfigKeys (ConfUtils.java:logGet(44)) - raft.server.log.statemachine.data.sync = true (default)
2020-12-07 10:48:16,287 [pool-209-thread-1] INFO  server.RaftServerConfigKeys (ConfUtils.java:logGet(44)) - raft.server.log.statemachine.data.sync.timeout = 10s (default)
2020-12-07 10:48:16,287 [pool-209-thread-1] INFO  server.RaftServerConfigKeys (ConfUtils.java:logGet(44)) - raft.server.log.statemachine.data.sync.timeout.retry = -1 (default)
2020-12-07 10:48:16,289 [pool-209-thread-1] INFO  server.RaftServerConfigKeys (ConfUtils.java:logGet(44)) - raft.server.log.statemachine.data.caching.enabled = true (custom)
2020-12-07 10:48:16,290 [pool-209-thread-1] INFO  segmented.SegmentedRaftLogWorker (SegmentedRaftLogWorker.java:lambda$new$0(129)) - c8599c9e-d3dc-4d93-b189-78c24227363c@group-9A51F20A5674-SegmentedRaftLogWorker: flushIndex: setUnconditionally 0 -> -1
2020-12-07 10:48:16,290 [pool-209-thread-1] INFO  segmented.SegmentedRaftLogWorker (SegmentedRaftLogWorker.java:lambda$new$0(129)) - c8599c9e-d3dc-4d93-b189-78c24227363c@group-9A51F20A5674-SegmentedRaftLogWorker: safeCacheEvictIndex: setUnconditionally 0 -> -1
2020-12-07 10:48:16,292 [pool-209-thread-1] INFO  server.RaftServerConfigKeys (ConfUtils.java:logGet(44)) - raft.server.snapshot.auto.trigger.enabled = true (custom)
2020-12-07 10:48:16,292 [pool-209-thread-1] INFO  server.RaftServerConfigKeys (ConfUtils.java:logGet(44)) - raft.server.snapshot.auto.trigger.threshold = 10000 (custom)
2020-12-07 10:48:16,292 [pool-209-thread-1] INFO  server.RaftServerConfigKeys (ConfUtils.java:logGet(44)) - raft.server.snapshot.retention.file.num = 5 (custom)
2020-12-07 10:48:16,292 [pool-209-thread-1] INFO  server.RaftServerConfigKeys (ConfUtils.java:logGet(44)) - raft.server.log.purge.upto.snapshot.index = false (default)
2020-12-07 10:48:16,293 [pool-209-thread-1] INFO  server.RaftServerConfigKeys (ConfUtils.java:logGet(44)) - raft.server.retrycache.expirytime = 600000ms (custom)
2020-12-07 10:48:16,293 [pool-209-thread-1] INFO  metrics.RatisMetrics (RatisMetrics.java:lambda$create$0(36)) - Creating Metrics Registry : ratis.leader_election.c8599c9e-d3dc-4d93-b189-78c24227363c@group-9A51F20A5674
2020-12-07 10:48:16,293 [pool-209-thread-1] INFO  metrics.RatisMetrics (RatisMetrics.java:lambda$create$0(36)) - Creating Metrics Registry : ratis.server.c8599c9e-d3dc-4d93-b189-78c24227363c@group-9A51F20A5674
2020-12-07 10:48:16,295 [pool-209-thread-1] INFO  impl.RaftServerImpl (RaftServerImpl.java:start(215)) - c8599c9e-d3dc-4d93-b189-78c24227363c@group-9A51F20A5674: start as a follower, conf=-1: [786fac63-cb43-495a-b53a-6153a2bfbbd7|rpc:172.17.0.2:37619|dataStream:, 0fa75ab1-6d1c-4858-bfa2-bdb40c45c28d|rpc:172.17.0.2:38457|dataStream:, c8599c9e-d3dc-4d93-b189-78c24227363c|rpc:172.17.0.2:44593|dataStream:], old=null
2020-12-07 10:48:16,295 [pool-209-thread-1] INFO  impl.RaftServerImpl (RaftServerImpl.java:setRole(204)) - c8599c9e-d3dc-4d93-b189-78c24227363c@group-9A51F20A5674: changes role from      null to FOLLOWER at term 0 for startAsFollower
2020-12-07 10:48:16,295 [pool-209-thread-1] INFO  impl.RoleInfo (RoleInfo.java:updateAndGet(143)) - c8599c9e-d3dc-4d93-b189-78c24227363c: start c8599c9e-d3dc-4d93-b189-78c24227363c@group-9A51F20A5674-FollowerState
2020-12-07 10:48:16,295 [pool-209-thread-1] INFO  util.JmxRegister (JmxRegister.java:tryRegister(44)) - Successfully registered JMX Bean with object name Ratis:service=RaftServer,group=group-9A51F20A5674,id=c8599c9e-d3dc-4d93-b189-78c24227363c
2020-12-07 10:48:16,295 [pool-209-thread-1] INFO  metrics.RatisMetrics (RatisMetrics.java:lambda$create$0(36)) - Creating Metrics Registry : ratis.state_machine.c8599c9e-d3dc-4d93-b189-78c24227363c@group-9A51F20A5674
2020-12-07 10:48:16,300 [Command processor thread] INFO  metrics.RatisMetrics (RatisMetrics.java:lambda$create$0(36)) - Creating Metrics Registry : ratis.client_message_metrics.client-C8CB64150343->0fa75ab1-6d1c-4858-bfa2-bdb40c45c28d
2020-12-07 10:48:16,306 [grpc-default-executor-1] INFO  metrics.RatisMetrics (RatisMetrics.java:lambda$create$0(36)) - Creating Metrics Registry : ratis.server_message_metrics.0fa75ab1-6d1c-4858-bfa2-bdb40c45c28d
2020-12-07 10:48:16,309 [grpc-default-executor-1] INFO  impl.RaftServerProxy (RaftServerProxy.java:addNew(93)) - 0fa75ab1-6d1c-4858-bfa2-bdb40c45c28d: addNew group-9A51F20A5674:[786fac63-cb43-495a-b53a-6153a2bfbbd7|rpc:172.17.0.2:37619|dataStream:, 0fa75ab1-6d1c-4858-bfa2-bdb40c45c28d|rpc:172.17.0.2:38457|dataStream:, c8599c9e-d3dc-4d93-b189-78c24227363c|rpc:172.17.0.2:44593|dataStream:] returns group-9A51F20A5674:java.util.concurrent.CompletableFuture@1c9f9f3[Not completed]
2020-12-07 10:48:16,310 [pool-193-thread-1] INFO  impl.RaftServerImpl (RaftServerImpl.java:<init>(121)) - 0fa75ab1-6d1c-4858-bfa2-bdb40c45c28d: new RaftServerImpl for group-9A51F20A5674:[786fac63-cb43-495a-b53a-6153a2bfbbd7|rpc:172.17.0.2:37619|dataStream:, 0fa75ab1-6d1c-4858-bfa2-bdb40c45c28d|rpc:172.17.0.2:38457|dataStream:, c8599c9e-d3dc-4d93-b189-78c24227363c|rpc:172.17.0.2:44593|dataStream:] with ContainerStateMachine:uninitialized
2020-12-07 10:48:16,310 [pool-193-thread-1] INFO  server.RaftServerConfigKeys (ConfUtils.java:logGet(44)) - raft.server.rpc.timeout.min = 5s (custom)
2020-12-07 10:48:16,311 [pool-193-thread-1] INFO  server.RaftServerConfigKeys (ConfUtils.java:logGet(44)) - raft.server.rpc.timeout.max = 5200ms (custom)
2020-12-07 10:48:16,311 [pool-193-thread-1] INFO  server.RaftServerConfigKeys (ConfUtils.java:logGet(44)) - raft.server.rpc.slowness.timeout = 300s (custom)
2020-12-07 10:48:16,311 [pool-193-thread-1] INFO  server.RaftServerConfigKeys (ConfUtils.java:logGet(44)) - raft.server.leaderelection.leader.step-down.wait-time = 10s (default)
2020-12-07 10:48:16,311 [pool-193-thread-1] INFO  server.RaftServerConfigKeys (ConfUtils.java:logGet(44)) - raft.server.sleep.deviation.threshold = 300 (default)
2020-12-07 10:48:16,311 [pool-193-thread-1] INFO  server.RaftServerConfigKeys (ConfUtils.java:logGet(44)) - raft.server.log.appender.install.snapshot.enabled = false (custom)
2020-12-07 10:48:16,311 [pool-193-thread-1] INFO  impl.RaftServerImpl (ServerState.java:<init>(104)) - 0fa75ab1-6d1c-4858-bfa2-bdb40c45c28d@group-9A51F20A5674: ConfigurationManager, init=-1: [786fac63-cb43-495a-b53a-6153a2bfbbd7|rpc:172.17.0.2:37619|dataStream:, 0fa75ab1-6d1c-4858-bfa2-bdb40c45c28d|rpc:172.17.0.2:38457|dataStream:, c8599c9e-d3dc-4d93-b189-78c24227363c|rpc:172.17.0.2:44593|dataStream:], old=null, confs=<EMPTY_MAP>
2020-12-07 10:48:16,311 [pool-193-thread-1] INFO  server.RaftServerConfigKeys (ConfUtils.java:logGet(44)) - raft.server.storage.dir = [/github/workspace/mnt/ozone/hadoop-ozone/integration-test/target/test-dir/MiniOzoneClusterImpl-63b0f1bc-721b-4e89-a01a-54c1f1559151/datanode-1/data/ratis] (custom)
2020-12-07 10:48:16,311 [pool-193-thread-1] INFO  server.RaftServerConfigKeys (ConfUtils.java:logGet(44)) - raft.server.log.corruption.policy = EXCEPTION (default)
2020-12-07 10:48:16,312 [pool-193-thread-1] INFO  storage.RaftStorageDirectory (RaftStorageDirectory.java:analyzeStorage(261)) - The storage directory /github/workspace/mnt/ozone/hadoop-ozone/integration-test/target/test-dir/MiniOzoneClusterImpl-63b0f1bc-721b-4e89-a01a-54c1f1559151/datanode-1/data/ratis/2ccd2da7-92ab-4207-8952-9a51f20a5674 does not exist. Creating ...
2020-12-07 10:48:16,313 [pool-193-thread-1] INFO  storage.RaftStorageDirectory (RaftStorageDirectory.java:tryLock(343)) - Lock on /github/workspace/mnt/ozone/hadoop-ozone/integration-test/target/test-dir/MiniOzoneClusterImpl-63b0f1bc-721b-4e89-a01a-54c1f1559151/datanode-1/data/ratis/2ccd2da7-92ab-4207-8952-9a51f20a5674/in_use.lock acquired by nodename 26480@e09bffc1a782
2020-12-07 10:48:16,314 [pool-193-thread-1] INFO  storage.RaftStorage (RaftStorage.java:format(85)) - Storage directory /github/workspace/mnt/ozone/hadoop-ozone/integration-test/target/test-dir/MiniOzoneClusterImpl-63b0f1bc-721b-4e89-a01a-54c1f1559151/datanode-1/data/ratis/2ccd2da7-92ab-4207-8952-9a51f20a5674 has been successfully formatted.
2020-12-07 10:48:16,315 [pool-193-thread-1] INFO  ratis.ContainerStateMachine (ContainerStateMachine.java:loadSnapshot(225)) - group-9A51F20A5674: The snapshot info is null. Setting the last applied indexto:(t:0, i:~)
2020-12-07 10:48:16,315 [pool-193-thread-1] INFO  server.RaftServerConfigKeys (ConfUtils.java:logGet(44)) - raft.server.notification.no-leader.timeout = 300s (custom)
2020-12-07 10:48:16,315 [pool-193-thread-1] INFO  server.RaftServerConfigKeys (ConfUtils.java:logGet(44)) - raft.server.log.use.memory = false (default)
2020-12-07 10:48:16,315 [pool-193-thread-1] INFO  server.RaftServerConfigKeys (ConfUtils.java:logGet(44)) - raft.server.log.purge.gap = 1000000 (custom)
2020-12-07 10:48:16,316 [pool-193-thread-1] INFO  metrics.RatisMetrics (RatisMetrics.java:lambda$create$0(36)) - Creating Metrics Registry : ratis.log_worker.0fa75ab1-6d1c-4858-bfa2-bdb40c45c28d@group-9A51F20A5674
2020-12-07 10:48:16,316 [EventQueue-PipelineReportForOneReplicaPipelineSafeModeRule] INFO  safemode.SCMSafeModeManager (SCMSafeModeManager.java:validateSafeModeExitRules(214)) - AtleastOneDatanodeReportedRule rule is successfully validated
2020-12-07 10:48:16,316 [pool-193-thread-1] INFO  server.RaftServerConfigKeys (ConfUtils.java:logGet(44)) - raft.server.log.appender.buffer.byte-limit = 33554432 (custom)
2020-12-07 10:48:16,316 [pool-193-thread-1] INFO  server.RaftServerConfigKeys (ConfUtils.java:logGet(44)) - raft.server.log.segment.size.max = 1048576 (custom)
2020-12-07 10:48:16,321 [pool-193-thread-1] INFO  server.RaftServerConfigKeys (ConfUtils.java:logGet(44)) - raft.server.log.segment.cache.num.max = 2 (custom)
2020-12-07 10:48:16,322 [pool-193-thread-1] INFO  segmented.SegmentedRaftLogWorker (SegmentedRaftLogWorker.java:<init>(180)) - new 0fa75ab1-6d1c-4858-bfa2-bdb40c45c28d@group-9A51F20A5674-SegmentedRaftLogWorker for RaftStorage:Storage Directory /github/workspace/mnt/ozone/hadoop-ozone/integration-test/target/test-dir/MiniOzoneClusterImpl-63b0f1bc-721b-4e89-a01a-54c1f1559151/datanode-1/data/ratis/2ccd2da7-92ab-4207-8952-9a51f20a5674
2020-12-07 10:48:16,322 [pool-193-thread-1] INFO  server.RaftServerConfigKeys (ConfUtils.java:logGet(44)) - raft.server.log.queue.byte-limit = 2147483647 (custom)
2020-12-07 10:48:16,322 [pool-193-thread-1] INFO  server.RaftServerConfigKeys (ConfUtils.java:logGet(44)) - raft.server.log.queue.element-limit = 1024 (custom)
2020-12-07 10:48:16,322 [pool-193-thread-1] INFO  server.RaftServerConfigKeys (ConfUtils.java:logGet(44)) - raft.server.log.segment.size.max = 1048576 (custom)
2020-12-07 10:48:16,322 [pool-193-thread-1] INFO  server.RaftServerConfigKeys (ConfUtils.java:logGet(44)) - raft.server.log.preallocated.size = 16384 (custom)
2020-12-07 10:48:16,322 [pool-193-thread-1] INFO  server.RaftServerConfigKeys (ConfUtils.java:logGet(44)) - raft.server.log.write.buffer.size = 1048576 (custom)
2020-12-07 10:48:16,322 [pool-193-thread-1] INFO  server.RaftServerConfigKeys (ConfUtils.java:logGet(44)) - raft.server.log.force.sync.num = 128 (default)
2020-12-07 10:48:16,323 [pool-193-thread-1] INFO  server.RaftServerConfigKeys (ConfUtils.java:logGet(44)) - raft.server.log.statemachine.data.sync = true (default)
2020-12-07 10:48:16,323 [pool-193-thread-1] INFO  server.RaftServerConfigKeys (ConfUtils.java:logGet(44)) - raft.server.log.statemachine.data.sync.timeout = 10s (default)
2020-12-07 10:48:16,323 [pool-193-thread-1] INFO  server.RaftServerConfigKeys (ConfUtils.java:logGet(44)) - raft.server.log.statemachine.data.sync.timeout.retry = -1 (default)
2020-12-07 10:48:16,325 [pool-193-thread-1] INFO  server.RaftServerConfigKeys (ConfUtils.java:logGet(44)) - raft.server.log.statemachine.data.caching.enabled = true (custom)
2020-12-07 10:48:16,325 [pool-193-thread-1] INFO  segmented.SegmentedRaftLogWorker (SegmentedRaftLogWorker.java:lambda$new$0(129)) - 0fa75ab1-6d1c-4858-bfa2-bdb40c45c28d@group-9A51F20A5674-SegmentedRaftLogWorker: flushIndex: setUnconditionally 0 -> -1
2020-12-07 10:48:16,325 [pool-193-thread-1] INFO  segmented.SegmentedRaftLogWorker (SegmentedRaftLogWorker.java:lambda$new$0(129)) - 0fa75ab1-6d1c-4858-bfa2-bdb40c45c28d@group-9A51F20A5674-SegmentedRaftLogWorker: safeCacheEvictIndex: setUnconditionally 0 -> -1
2020-12-07 10:48:16,326 [pool-193-thread-1] INFO  server.RaftServerConfigKeys (ConfUtils.java:logGet(44)) - raft.server.snapshot.auto.trigger.enabled = true (custom)
2020-12-07 10:48:16,326 [pool-193-thread-1] INFO  server.RaftServerConfigKeys (ConfUtils.java:logGet(44)) - raft.server.snapshot.auto.trigger.threshold = 10000 (custom)
2020-12-07 10:48:16,326 [pool-193-thread-1] INFO  server.RaftServerConfigKeys (ConfUtils.java:logGet(44)) - raft.server.snapshot.retention.file.num = 5 (custom)
2020-12-07 10:48:16,326 [pool-193-thread-1] INFO  server.RaftServerConfigKeys (ConfUtils.java:logGet(44)) - raft.server.log.purge.upto.snapshot.index = false (default)
2020-12-07 10:48:16,326 [pool-193-thread-1] INFO  server.RaftServerConfigKeys (ConfUtils.java:logGet(44)) - raft.server.retrycache.expirytime = 600000ms (custom)
2020-12-07 10:48:16,326 [pool-193-thread-1] INFO  metrics.RatisMetrics (RatisMetrics.java:lambda$create$0(36)) - Creating Metrics Registry : ratis.leader_election.0fa75ab1-6d1c-4858-bfa2-bdb40c45c28d@group-9A51F20A5674
2020-12-07 10:48:16,327 [pool-193-thread-1] INFO  metrics.RatisMetrics (RatisMetrics.java:lambda$create$0(36)) - Creating Metrics Registry : ratis.server.0fa75ab1-6d1c-4858-bfa2-bdb40c45c28d@group-9A51F20A5674
2020-12-07 10:48:16,328 [pool-193-thread-1] INFO  impl.RaftServerImpl (RaftServerImpl.java:start(215)) - 0fa75ab1-6d1c-4858-bfa2-bdb40c45c28d@group-9A51F20A5674: start as a follower, conf=-1: [786fac63-cb43-495a-b53a-6153a2bfbbd7|rpc:172.17.0.2:37619|dataStream:, 0fa75ab1-6d1c-4858-bfa2-bdb40c45c28d|rpc:172.17.0.2:38457|dataStream:, c8599c9e-d3dc-4d93-b189-78c24227363c|rpc:172.17.0.2:44593|dataStream:], old=null
2020-12-07 10:48:16,328 [pool-193-thread-1] INFO  impl.RaftServerImpl (RaftServerImpl.java:setRole(204)) - 0fa75ab1-6d1c-4858-bfa2-bdb40c45c28d@group-9A51F20A5674: changes role from      null to FOLLOWER at term 0 for startAsFollower
2020-12-07 10:48:16,328 [pool-193-thread-1] INFO  impl.RoleInfo (RoleInfo.java:updateAndGet(143)) - 0fa75ab1-6d1c-4858-bfa2-bdb40c45c28d: start 0fa75ab1-6d1c-4858-bfa2-bdb40c45c28d@group-9A51F20A5674-FollowerState
2020-12-07 10:48:16,333 [pool-193-thread-1] INFO  util.JmxRegister (JmxRegister.java:tryRegister(44)) - Successfully registered JMX Bean with object name Ratis:service=RaftServer,group=group-9A51F20A5674,id=0fa75ab1-6d1c-4858-bfa2-bdb40c45c28d
2020-12-07 10:48:16,333 [pool-193-thread-1] INFO  metrics.RatisMetrics (RatisMetrics.java:lambda$create$0(36)) - Creating Metrics Registry : ratis.state_machine.0fa75ab1-6d1c-4858-bfa2-bdb40c45c28d@group-9A51F20A5674
2020-12-07 10:48:16,343 [Command processor thread] INFO  commandhandler.CreatePipelineCommandHandler (CreatePipelineCommandHandler.java:handle(106)) - Created Pipeline RATIS THREE PipelineID=2ccd2da7-92ab-4207-8952-9a51f20a5674.
2020-12-07 10:48:16,442 [Command processor thread] INFO  impl.RaftServerProxy (RaftServerProxy.java:addNew(93)) - 0fa75ab1-6d1c-4858-bfa2-bdb40c45c28d: addNew group-A193149BD2F2:[0fa75ab1-6d1c-4858-bfa2-bdb40c45c28d|rpc:172.17.0.2:38457] returns group-A193149BD2F2:java.util.concurrent.CompletableFuture@7d3c2b1d[Not completed]
2020-12-07 10:48:16,443 [pool-193-thread-1] INFO  impl.RaftServerImpl (RaftServerImpl.java:<init>(121)) - 0fa75ab1-6d1c-4858-bfa2-bdb40c45c28d: new RaftServerImpl for group-A193149BD2F2:[0fa75ab1-6d1c-4858-bfa2-bdb40c45c28d|rpc:172.17.0.2:38457] with ContainerStateMachine:uninitialized
2020-12-07 10:48:16,443 [pool-193-thread-1] INFO  server.RaftServerConfigKeys (ConfUtils.java:logGet(44)) - raft.server.rpc.timeout.min = 5s (custom)
2020-12-07 10:48:16,443 [pool-193-thread-1] INFO  server.RaftServerConfigKeys (ConfUtils.java:logGet(44)) - raft.server.rpc.timeout.max = 5200ms (custom)
2020-12-07 10:48:16,443 [pool-193-thread-1] INFO  server.RaftServerConfigKeys (ConfUtils.java:logGet(44)) - raft.server.rpc.slowness.timeout = 300s (custom)
2020-12-07 10:48:16,443 [pool-193-thread-1] INFO  server.RaftServerConfigKeys (ConfUtils.java:logGet(44)) - raft.server.leaderelection.leader.step-down.wait-time = 10s (default)
2020-12-07 10:48:16,443 [pool-193-thread-1] INFO  server.RaftServerConfigKeys (ConfUtils.java:logGet(44)) - raft.server.sleep.deviation.threshold = 300 (default)
2020-12-07 10:48:16,443 [pool-193-thread-1] INFO  server.RaftServerConfigKeys (ConfUtils.java:logGet(44)) - raft.server.log.appender.install.snapshot.enabled = false (custom)
2020-12-07 10:48:16,443 [pool-193-thread-1] INFO  impl.RaftServerImpl (ServerState.java:<init>(104)) - 0fa75ab1-6d1c-4858-bfa2-bdb40c45c28d@group-A193149BD2F2: ConfigurationManager, init=-1: [0fa75ab1-6d1c-4858-bfa2-bdb40c45c28d|rpc:172.17.0.2:38457], old=null, confs=<EMPTY_MAP>
2020-12-07 10:48:16,444 [pool-193-thread-1] INFO  server.RaftServerConfigKeys (ConfUtils.java:logGet(44)) - raft.server.storage.dir = [/github/workspace/mnt/ozone/hadoop-ozone/integration-test/target/test-dir/MiniOzoneClusterImpl-63b0f1bc-721b-4e89-a01a-54c1f1559151/datanode-1/data/ratis] (custom)
2020-12-07 10:48:16,444 [pool-193-thread-1] INFO  server.RaftServerConfigKeys (ConfUtils.java:logGet(44)) - raft.server.log.corruption.policy = EXCEPTION (default)
2020-12-07 10:48:16,444 [pool-193-thread-1] INFO  storage.RaftStorageDirectory (RaftStorageDirectory.java:analyzeStorage(261)) - The storage directory /github/workspace/mnt/ozone/hadoop-ozone/integration-test/target/test-dir/MiniOzoneClusterImpl-63b0f1bc-721b-4e89-a01a-54c1f1559151/datanode-1/data/ratis/efdc9b82-0eaf-46de-8379-a193149bd2f2 does not exist. Creating ...
2020-12-07 10:48:16,445 [pool-193-thread-1] INFO  storage.RaftStorageDirectory (RaftStorageDirectory.java:tryLock(343)) - Lock on /github/workspace/mnt/ozone/hadoop-ozone/integration-test/target/test-dir/MiniOzoneClusterImpl-63b0f1bc-721b-4e89-a01a-54c1f1559151/datanode-1/data/ratis/efdc9b82-0eaf-46de-8379-a193149bd2f2/in_use.lock acquired by nodename 26480@e09bffc1a782
2020-12-07 10:48:16,447 [pool-193-thread-1] INFO  storage.RaftStorage (RaftStorage.java:format(85)) - Storage directory /github/workspace/mnt/ozone/hadoop-ozone/integration-test/target/test-dir/MiniOzoneClusterImpl-63b0f1bc-721b-4e89-a01a-54c1f1559151/datanode-1/data/ratis/efdc9b82-0eaf-46de-8379-a193149bd2f2 has been successfully formatted.
2020-12-07 10:48:16,447 [pool-193-thread-1] INFO  ratis.ContainerStateMachine (ContainerStateMachine.java:loadSnapshot(225)) - group-A193149BD2F2: The snapshot info is null. Setting the last applied indexto:(t:0, i:~)
2020-12-07 10:48:16,447 [pool-193-thread-1] INFO  server.RaftServerConfigKeys (ConfUtils.java:logGet(44)) - raft.server.notification.no-leader.timeout = 300s (custom)
2020-12-07 10:48:16,447 [pool-193-thread-1] INFO  server.RaftServerConfigKeys (ConfUtils.java:logGet(44)) - raft.server.log.use.memory = false (default)
2020-12-07 10:48:16,447 [pool-193-thread-1] INFO  server.RaftServerConfigKeys (ConfUtils.java:logGet(44)) - raft.server.log.purge.gap = 1000000 (custom)
2020-12-07 10:48:16,448 [pool-193-thread-1] INFO  metrics.RatisMetrics (RatisMetrics.java:lambda$create$0(36)) - Creating Metrics Registry : ratis.log_worker.0fa75ab1-6d1c-4858-bfa2-bdb40c45c28d@group-A193149BD2F2
2020-12-07 10:48:16,448 [pool-193-thread-1] INFO  server.RaftServerConfigKeys (ConfUtils.java:logGet(44)) - raft.server.log.appender.buffer.byte-limit = 33554432 (custom)
2020-12-07 10:48:16,448 [pool-193-thread-1] INFO  server.RaftServerConfigKeys (ConfUtils.java:logGet(44)) - raft.server.log.segment.size.max = 1048576 (custom)
2020-12-07 10:48:16,448 [EventQueue-PipelineReportForOneReplicaPipelineSafeModeRule] INFO  safemode.SCMSafeModeManager (SCMSafeModeManager.java:validateSafeModeExitRules(214)) - AtleastOneDatanodeReportedRule rule is successfully validated
2020-12-07 10:48:16,448 [EventQueue-PipelineReportForPipelineReportHandler] INFO  pipeline.PipelineStateManager (PipelineStateManager.java:openPipeline(132)) - Pipeline Pipeline[ Id: efdc9b82-0eaf-46de-8379-a193149bd2f2, Nodes: 0fa75ab1-6d1c-4858-bfa2-bdb40c45c28d{ip: 172.17.0.2, host: e09bffc1a782, networkLocation: /default-rack, certSerialId: null, persistedOpState: IN_SERVICE, persistedOpStateExpiryEpochSec: 0}, Type:RATIS, Factor:ONE, State:ALLOCATED, leaderId:0fa75ab1-6d1c-4858-bfa2-bdb40c45c28d, CreationTimestamp2020-12-07T10:48:13.446Z] moved to OPEN state
2020-12-07 10:48:16,449 [EventQueue-OpenPipelineForHealthyPipelineSafeModeRule] INFO  safemode.SCMSafeModeManager (HealthyPipelineSafeModeRule.java:process(128)) - SCM in safe mode. Healthy pipelines reported count is 0, required healthy pipeline reported count is 1
2020-12-07 10:48:16,449 [pool-193-thread-1] INFO  server.RaftServerConfigKeys (ConfUtils.java:logGet(44)) - raft.server.log.segment.cache.num.max = 2 (custom)
2020-12-07 10:48:16,452 [pool-193-thread-1] INFO  segmented.SegmentedRaftLogWorker (SegmentedRaftLogWorker.java:<init>(180)) - new 0fa75ab1-6d1c-4858-bfa2-bdb40c45c28d@group-A193149BD2F2-SegmentedRaftLogWorker for RaftStorage:Storage Directory /github/workspace/mnt/ozone/hadoop-ozone/integration-test/target/test-dir/MiniOzoneClusterImpl-63b0f1bc-721b-4e89-a01a-54c1f1559151/datanode-1/data/ratis/efdc9b82-0eaf-46de-8379-a193149bd2f2
2020-12-07 10:48:16,452 [pool-193-thread-1] INFO  server.RaftServerConfigKeys (ConfUtils.java:logGet(44)) - raft.server.log.queue.byte-limit = 2147483647 (custom)
2020-12-07 10:48:16,452 [pool-193-thread-1] INFO  server.RaftServerConfigKeys (ConfUtils.java:logGet(44)) - raft.server.log.queue.element-limit = 1024 (custom)
2020-12-07 10:48:16,453 [pool-193-thread-1] INFO  server.RaftServerConfigKeys (ConfUtils.java:logGet(44)) - raft.server.log.segment.size.max = 1048576 (custom)
2020-12-07 10:48:16,453 [pool-193-thread-1] INFO  server.RaftServerConfigKeys (ConfUtils.java:logGet(44)) - raft.server.log.preallocated.size = 16384 (custom)
2020-12-07 10:48:16,453 [pool-193-thread-1] INFO  server.RaftServerConfigKeys (ConfUtils.java:logGet(44)) - raft.server.log.write.buffer.size = 1048576 (custom)
2020-12-07 10:48:16,453 [pool-193-thread-1] INFO  server.RaftServerConfigKeys (ConfUtils.java:logGet(44)) - raft.server.log.force.sync.num = 128 (default)
2020-12-07 10:48:16,453 [pool-193-thread-1] INFO  server.RaftServerConfigKeys (ConfUtils.java:logGet(44)) - raft.server.log.statemachine.data.sync = true (default)
2020-12-07 10:48:16,453 [pool-193-thread-1] INFO  server.RaftServerConfigKeys (ConfUtils.java:logGet(44)) - raft.server.log.statemachine.data.sync.timeout = 10s (default)
2020-12-07 10:48:16,453 [pool-193-thread-1] INFO  server.RaftServerConfigKeys (ConfUtils.java:logGet(44)) - raft.server.log.statemachine.data.sync.timeout.retry = -1 (default)
2020-12-07 10:48:16,455 [pool-193-thread-1] INFO  server.RaftServerConfigKeys (ConfUtils.java:logGet(44)) - raft.server.log.statemachine.data.caching.enabled = true (custom)
2020-12-07 10:48:16,456 [pool-193-thread-1] INFO  segmented.SegmentedRaftLogWorker (SegmentedRaftLogWorker.java:lambda$new$0(129)) - 0fa75ab1-6d1c-4858-bfa2-bdb40c45c28d@group-A193149BD2F2-SegmentedRaftLogWorker: flushIndex: setUnconditionally 0 -> -1
2020-12-07 10:48:16,456 [pool-193-thread-1] INFO  segmented.SegmentedRaftLogWorker (SegmentedRaftLogWorker.java:lambda$new$0(129)) - 0fa75ab1-6d1c-4858-bfa2-bdb40c45c28d@group-A193149BD2F2-SegmentedRaftLogWorker: safeCacheEvictIndex: setUnconditionally 0 -> -1
2020-12-07 10:48:16,456 [pool-193-thread-1] INFO  server.RaftServerConfigKeys (ConfUtils.java:logGet(44)) - raft.server.snapshot.auto.trigger.enabled = true (custom)
2020-12-07 10:48:16,456 [pool-193-thread-1] INFO  server.RaftServerConfigKeys (ConfUtils.java:logGet(44)) - raft.server.snapshot.auto.trigger.threshold = 10000 (custom)
2020-12-07 10:48:16,456 [pool-193-thread-1] INFO  server.RaftServerConfigKeys (ConfUtils.java:logGet(44)) - raft.server.snapshot.retention.file.num = 5 (custom)
2020-12-07 10:48:16,456 [pool-193-thread-1] INFO  server.RaftServerConfigKeys (ConfUtils.java:logGet(44)) - raft.server.log.purge.upto.snapshot.index = false (default)
2020-12-07 10:48:16,456 [pool-193-thread-1] INFO  server.RaftServerConfigKeys (ConfUtils.java:logGet(44)) - raft.server.retrycache.expirytime = 600000ms (custom)
2020-12-07 10:48:16,456 [pool-193-thread-1] INFO  metrics.RatisMetrics (RatisMetrics.java:lambda$create$0(36)) - Creating Metrics Registry : ratis.leader_election.0fa75ab1-6d1c-4858-bfa2-bdb40c45c28d@group-A193149BD2F2
2020-12-07 10:48:16,457 [pool-193-thread-1] INFO  metrics.RatisMetrics (RatisMetrics.java:lambda$create$0(36)) - Creating Metrics Registry : ratis.server.0fa75ab1-6d1c-4858-bfa2-bdb40c45c28d@group-A193149BD2F2
2020-12-07 10:48:16,460 [pool-193-thread-1] INFO  impl.RaftServerImpl (RaftServerImpl.java:start(215)) - 0fa75ab1-6d1c-4858-bfa2-bdb40c45c28d@group-A193149BD2F2: start as a follower, conf=-1: [0fa75ab1-6d1c-4858-bfa2-bdb40c45c28d|rpc:172.17.0.2:38457], old=null
2020-12-07 10:48:16,460 [pool-193-thread-1] INFO  impl.RaftServerImpl (RaftServerImpl.java:setRole(204)) - 0fa75ab1-6d1c-4858-bfa2-bdb40c45c28d@group-A193149BD2F2: changes role from      null to FOLLOWER at term 0 for startAsFollower
2020-12-07 10:48:16,461 [pool-193-thread-1] INFO  impl.RoleInfo (RoleInfo.java:updateAndGet(143)) - 0fa75ab1-6d1c-4858-bfa2-bdb40c45c28d: start 0fa75ab1-6d1c-4858-bfa2-bdb40c45c28d@group-A193149BD2F2-FollowerState
2020-12-07 10:48:16,461 [pool-193-thread-1] INFO  util.JmxRegister (JmxRegister.java:tryRegister(44)) - Successfully registered JMX Bean with object name Ratis:service=RaftServer,group=group-A193149BD2F2,id=0fa75ab1-6d1c-4858-bfa2-bdb40c45c28d
2020-12-07 10:48:16,461 [pool-193-thread-1] INFO  metrics.RatisMetrics (RatisMetrics.java:lambda$create$0(36)) - Creating Metrics Registry : ratis.state_machine.0fa75ab1-6d1c-4858-bfa2-bdb40c45c28d@group-A193149BD2F2
2020-12-07 10:48:16,464 [Command processor thread] INFO  commandhandler.CreatePipelineCommandHandler (CreatePipelineCommandHandler.java:handle(106)) - Created Pipeline RATIS ONE PipelineID=efdc9b82-0eaf-46de-8379-a193149bd2f2.
2020-12-07 10:48:16,533 [Listener at 127.0.0.1/33429] INFO  ozone.MiniOzoneClusterImpl (MiniOzoneClusterImpl.java:lambda$waitForClusterToBeReady$0(178)) - Nodes are ready. Got 7 of 7 DN Heartbeats.
2020-12-07 10:48:16,533 [Listener at 127.0.0.1/33429] INFO  ozone.MiniOzoneClusterImpl (MiniOzoneClusterImpl.java:lambda$waitForClusterToBeReady$0(181)) - Waiting for cluster to exit safe mode
2020-12-07 10:48:16,653 [Command processor thread] INFO  impl.RaftServerProxy (RaftServerProxy.java:addNew(93)) - c8599c9e-d3dc-4d93-b189-78c24227363c: addNew group-6D0F2E90CAD9:[c8599c9e-d3dc-4d93-b189-78c24227363c|rpc:172.17.0.2:44593] returns group-6D0F2E90CAD9:java.util.concurrent.CompletableFuture@664eff6c[Not completed]
2020-12-07 10:48:16,655 [pool-209-thread-1] INFO  impl.RaftServerImpl (RaftServerImpl.java:<init>(121)) - c8599c9e-d3dc-4d93-b189-78c24227363c: new RaftServerImpl for group-6D0F2E90CAD9:[c8599c9e-d3dc-4d93-b189-78c24227363c|rpc:172.17.0.2:44593] with ContainerStateMachine:uninitialized
2020-12-07 10:48:16,655 [pool-209-thread-1] INFO  server.RaftServerConfigKeys (ConfUtils.java:logGet(44)) - raft.server.rpc.timeout.min = 5s (custom)
2020-12-07 10:48:16,655 [pool-209-thread-1] INFO  server.RaftServerConfigKeys (ConfUtils.java:logGet(44)) - raft.server.rpc.timeout.max = 5200ms (custom)
2020-12-07 10:48:16,655 [pool-209-thread-1] INFO  server.RaftServerConfigKeys (ConfUtils.java:logGet(44)) - raft.server.rpc.slowness.timeout = 300s (custom)
2020-12-07 10:48:16,655 [pool-209-thread-1] INFO  server.RaftServerConfigKeys (ConfUtils.java:logGet(44)) - raft.server.leaderelection.leader.step-down.wait-time = 10s (default)
2020-12-07 10:48:16,655 [pool-209-thread-1] INFO  server.RaftServerConfigKeys (ConfUtils.java:logGet(44)) - raft.server.sleep.deviation.threshold = 300 (default)
2020-12-07 10:48:16,655 [pool-209-thread-1] INFO  server.RaftServerConfigKeys (ConfUtils.java:logGet(44)) - raft.server.log.appender.install.snapshot.enabled = false (custom)
2020-12-07 10:48:16,655 [pool-209-thread-1] INFO  impl.RaftServerImpl (ServerState.java:<init>(104)) - c8599c9e-d3dc-4d93-b189-78c24227363c@group-6D0F2E90CAD9: ConfigurationManager, init=-1: [c8599c9e-d3dc-4d93-b189-78c24227363c|rpc:172.17.0.2:44593], old=null, confs=<EMPTY_MAP>
2020-12-07 10:48:16,655 [pool-209-thread-1] INFO  server.RaftServerConfigKeys (ConfUtils.java:logGet(44)) - raft.server.storage.dir = [/github/workspace/mnt/ozone/hadoop-ozone/integration-test/target/test-dir/MiniOzoneClusterImpl-63b0f1bc-721b-4e89-a01a-54c1f1559151/datanode-2/data/ratis] (custom)
2020-12-07 10:48:16,655 [pool-209-thread-1] INFO  server.RaftServerConfigKeys (ConfUtils.java:logGet(44)) - raft.server.log.corruption.policy = EXCEPTION (default)
2020-12-07 10:48:16,656 [pool-209-thread-1] INFO  storage.RaftStorageDirectory (RaftStorageDirectory.java:analyzeStorage(261)) - The storage directory /github/workspace/mnt/ozone/hadoop-ozone/integration-test/target/test-dir/MiniOzoneClusterImpl-63b0f1bc-721b-4e89-a01a-54c1f1559151/datanode-2/data/ratis/f52eedbc-0e4c-4818-9204-6d0f2e90cad9 does not exist. Creating ...
2020-12-07 10:48:16,657 [pool-209-thread-1] INFO  storage.RaftStorageDirectory (RaftStorageDirectory.java:tryLock(343)) - Lock on /github/workspace/mnt/ozone/hadoop-ozone/integration-test/target/test-dir/MiniOzoneClusterImpl-63b0f1bc-721b-4e89-a01a-54c1f1559151/datanode-2/data/ratis/f52eedbc-0e4c-4818-9204-6d0f2e90cad9/in_use.lock acquired by nodename 26480@e09bffc1a782
2020-12-07 10:48:16,659 [pool-209-thread-1] INFO  storage.RaftStorage (RaftStorage.java:format(85)) - Storage directory /github/workspace/mnt/ozone/hadoop-ozone/integration-test/target/test-dir/MiniOzoneClusterImpl-63b0f1bc-721b-4e89-a01a-54c1f1559151/datanode-2/data/ratis/f52eedbc-0e4c-4818-9204-6d0f2e90cad9 has been successfully formatted.
2020-12-07 10:48:16,659 [pool-209-thread-1] INFO  ratis.ContainerStateMachine (ContainerStateMachine.java:loadSnapshot(225)) - group-6D0F2E90CAD9: The snapshot info is null. Setting the last applied indexto:(t:0, i:~)
2020-12-07 10:48:16,659 [pool-209-thread-1] INFO  server.RaftServerConfigKeys (ConfUtils.java:logGet(44)) - raft.server.notification.no-leader.timeout = 300s (custom)
2020-12-07 10:48:16,659 [pool-209-thread-1] INFO  server.RaftServerConfigKeys (ConfUtils.java:logGet(44)) - raft.server.log.use.memory = false (default)
2020-12-07 10:48:16,660 [pool-209-thread-1] INFO  server.RaftServerConfigKeys (ConfUtils.java:logGet(44)) - raft.server.log.purge.gap = 1000000 (custom)
2020-12-07 10:48:16,660 [pool-209-thread-1] INFO  metrics.RatisMetrics (RatisMetrics.java:lambda$create$0(36)) - Creating Metrics Registry : ratis.log_worker.c8599c9e-d3dc-4d93-b189-78c24227363c@group-6D0F2E90CAD9
2020-12-07 10:48:16,660 [pool-209-thread-1] INFO  server.RaftServerConfigKeys (ConfUtils.java:logGet(44)) - raft.server.log.appender.buffer.byte-limit = 33554432 (custom)
2020-12-07 10:48:16,661 [EventQueue-PipelineReportForPipelineReportHandler] INFO  pipeline.PipelineStateManager (PipelineStateManager.java:openPipeline(132)) - Pipeline Pipeline[ Id: f52eedbc-0e4c-4818-9204-6d0f2e90cad9, Nodes: c8599c9e-d3dc-4d93-b189-78c24227363c{ip: 172.17.0.2, host: e09bffc1a782, networkLocation: /default-rack, certSerialId: null, persistedOpState: IN_SERVICE, persistedOpStateExpiryEpochSec: 0}, Type:RATIS, Factor:ONE, State:ALLOCATED, leaderId:c8599c9e-d3dc-4d93-b189-78c24227363c, CreationTimestamp2020-12-07T10:48:13.656Z] moved to OPEN state
2020-12-07 10:48:16,661 [EventQueue-OpenPipelineForHealthyPipelineSafeModeRule] INFO  safemode.SCMSafeModeManager (HealthyPipelineSafeModeRule.java:process(128)) - SCM in safe mode. Healthy pipelines reported count is 0, required healthy pipeline reported count is 1
2020-12-07 10:48:16,660 [EventQueue-PipelineReportForOneReplicaPipelineSafeModeRule] INFO  safemode.SCMSafeModeManager (SCMSafeModeManager.java:validateSafeModeExitRules(214)) - AtleastOneDatanodeReportedRule rule is successfully validated
2020-12-07 10:48:16,668 [pool-209-thread-1] INFO  server.RaftServerConfigKeys (ConfUtils.java:logGet(44)) - raft.server.log.segment.size.max = 1048576 (custom)
2020-12-07 10:48:16,668 [org.apache.ratis.server.JvmPauseMonitor@417ab16d-Monitor] WARN  server.JvmPauseMonitor (JvmPauseMonitor.java:run(141)) - Detected pause in JVM or host machine (eg GC): pause of approximately 3ms
No GCs detected
2020-12-07 10:48:16,669 [pool-209-thread-1] INFO  server.RaftServerConfigKeys (ConfUtils.java:logGet(44)) - raft.server.log.segment.cache.num.max = 2 (custom)
2020-12-07 10:48:16,669 [pool-209-thread-1] INFO  segmented.SegmentedRaftLogWorker (SegmentedRaftLogWorker.java:<init>(180)) - new c8599c9e-d3dc-4d93-b189-78c24227363c@group-6D0F2E90CAD9-SegmentedRaftLogWorker for RaftStorage:Storage Directory /github/workspace/mnt/ozone/hadoop-ozone/integration-test/target/test-dir/MiniOzoneClusterImpl-63b0f1bc-721b-4e89-a01a-54c1f1559151/datanode-2/data/ratis/f52eedbc-0e4c-4818-9204-6d0f2e90cad9
2020-12-07 10:48:16,669 [pool-209-thread-1] INFO  server.RaftServerConfigKeys (ConfUtils.java:logGet(44)) - raft.server.log.queue.byte-limit = 2147483647 (custom)
2020-12-07 10:48:16,669 [pool-209-thread-1] INFO  server.RaftServerConfigKeys (ConfUtils.java:logGet(44)) - raft.server.log.queue.element-limit = 1024 (custom)
2020-12-07 10:48:16,669 [pool-209-thread-1] INFO  server.RaftServerConfigKeys (ConfUtils.java:logGet(44)) - raft.server.log.segment.size.max = 1048576 (custom)
2020-12-07 10:48:16,669 [pool-209-thread-1] INFO  server.RaftServerConfigKeys (ConfUtils.java:logGet(44)) - raft.server.log.preallocated.size = 16384 (custom)
2020-12-07 10:48:16,670 [pool-209-thread-1] INFO  server.RaftServerConfigKeys (ConfUtils.java:logGet(44)) - raft.server.log.write.buffer.size = 1048576 (custom)
2020-12-07 10:48:16,670 [pool-209-thread-1] INFO  server.RaftServerConfigKeys (ConfUtils.java:logGet(44)) - raft.server.log.force.sync.num = 128 (default)
2020-12-07 10:48:16,670 [pool-209-thread-1] INFO  server.RaftServerConfigKeys (ConfUtils.java:logGet(44)) - raft.server.log.statemachine.data.sync = true (default)
2020-12-07 10:48:16,670 [pool-209-thread-1] INFO  server.RaftServerConfigKeys (ConfUtils.java:logGet(44)) - raft.server.log.statemachine.data.sync.timeout = 10s (default)
2020-12-07 10:48:16,670 [pool-209-thread-1] INFO  server.RaftServerConfigKeys (ConfUtils.java:logGet(44)) - raft.server.log.statemachine.data.sync.timeout.retry = -1 (default)
2020-12-07 10:48:16,672 [pool-209-thread-1] INFO  server.RaftServerConfigKeys (ConfUtils.java:logGet(44)) - raft.server.log.statemachine.data.caching.enabled = true (custom)
2020-12-07 10:48:16,672 [pool-209-thread-1] INFO  segmented.SegmentedRaftLogWorker (SegmentedRaftLogWorker.java:lambda$new$0(129)) - c8599c9e-d3dc-4d93-b189-78c24227363c@group-6D0F2E90CAD9-SegmentedRaftLogWorker: flushIndex: setUnconditionally 0 -> -1
2020-12-07 10:48:16,672 [pool-209-thread-1] INFO  segmented.SegmentedRaftLogWorker (SegmentedRaftLogWorker.java:lambda$new$0(129)) - c8599c9e-d3dc-4d93-b189-78c24227363c@group-6D0F2E90CAD9-SegmentedRaftLogWorker: safeCacheEvictIndex: setUnconditionally 0 -> -1
2020-12-07 10:48:16,673 [pool-209-thread-1] INFO  server.RaftServerConfigKeys (ConfUtils.java:logGet(44)) - raft.server.snapshot.auto.trigger.enabled = true (custom)
2020-12-07 10:48:16,673 [pool-209-thread-1] INFO  server.RaftServerConfigKeys (ConfUtils.java:logGet(44)) - raft.server.snapshot.auto.trigger.threshold = 10000 (custom)
2020-12-07 10:48:16,673 [pool-209-thread-1] INFO  server.RaftServerConfigKeys (ConfUtils.java:logGet(44)) - raft.server.snapshot.retention.file.num = 5 (custom)
2020-12-07 10:48:16,673 [pool-209-thread-1] INFO  server.RaftServerConfigKeys (ConfUtils.java:logGet(44)) - raft.server.log.purge.upto.snapshot.index = false (default)
2020-12-07 10:48:16,673 [pool-209-thread-1] INFO  server.RaftServerConfigKeys (ConfUtils.java:logGet(44)) - raft.server.retrycache.expirytime = 600000ms (custom)
2020-12-07 10:48:16,673 [pool-209-thread-1] INFO  metrics.RatisMetrics (RatisMetrics.java:lambda$create$0(36)) - Creating Metrics Registry : ratis.leader_election.c8599c9e-d3dc-4d93-b189-78c24227363c@group-6D0F2E90CAD9
2020-12-07 10:48:16,674 [pool-209-thread-1] INFO  metrics.RatisMetrics (RatisMetrics.java:lambda$create$0(36)) - Creating Metrics Registry : ratis.server.c8599c9e-d3dc-4d93-b189-78c24227363c@group-6D0F2E90CAD9
2020-12-07 10:48:16,675 [pool-209-thread-1] INFO  impl.RaftServerImpl (RaftServerImpl.java:start(215)) - c8599c9e-d3dc-4d93-b189-78c24227363c@group-6D0F2E90CAD9: start as a follower, conf=-1: [c8599c9e-d3dc-4d93-b189-78c24227363c|rpc:172.17.0.2:44593], old=null
2020-12-07 10:48:16,675 [pool-209-thread-1] INFO  impl.RaftServerImpl (RaftServerImpl.java:setRole(204)) - c8599c9e-d3dc-4d93-b189-78c24227363c@group-6D0F2E90CAD9: changes role from      null to FOLLOWER at term 0 for startAsFollower
2020-12-07 10:48:16,675 [pool-209-thread-1] INFO  impl.RoleInfo (RoleInfo.java:updateAndGet(143)) - c8599c9e-d3dc-4d93-b189-78c24227363c: start c8599c9e-d3dc-4d93-b189-78c24227363c@group-6D0F2E90CAD9-FollowerState
2020-12-07 10:48:16,679 [pool-209-thread-1] INFO  util.JmxRegister (JmxRegister.java:tryRegister(44)) - Successfully registered JMX Bean with object name Ratis:service=RaftServer,group=group-6D0F2E90CAD9,id=c8599c9e-d3dc-4d93-b189-78c24227363c
2020-12-07 10:48:16,679 [pool-209-thread-1] INFO  metrics.RatisMetrics (RatisMetrics.java:lambda$create$0(36)) - Creating Metrics Registry : ratis.state_machine.c8599c9e-d3dc-4d93-b189-78c24227363c@group-6D0F2E90CAD9
2020-12-07 10:48:16,681 [Command processor thread] INFO  commandhandler.CreatePipelineCommandHandler (CreatePipelineCommandHandler.java:handle(106)) - Created Pipeline RATIS ONE PipelineID=f52eedbc-0e4c-4818-9204-6d0f2e90cad9.
2020-12-07 10:48:16,865 [Command processor thread] INFO  impl.RaftServerProxy (RaftServerProxy.java:addNew(93)) - 9dd88559-92ed-4006-9b1f-fe1c5650edb0: addNew group-9F45B1B023DF:[9dd88559-92ed-4006-9b1f-fe1c5650edb0|rpc:172.17.0.2:38415] returns group-9F45B1B023DF:java.util.concurrent.CompletableFuture@71ce87f0[Not completed]
2020-12-07 10:48:16,866 [pool-225-thread-1] INFO  impl.RaftServerImpl (RaftServerImpl.java:<init>(121)) - 9dd88559-92ed-4006-9b1f-fe1c5650edb0: new RaftServerImpl for group-9F45B1B023DF:[9dd88559-92ed-4006-9b1f-fe1c5650edb0|rpc:172.17.0.2:38415] with ContainerStateMachine:uninitialized
2020-12-07 10:48:16,867 [pool-225-thread-1] INFO  server.RaftServerConfigKeys (ConfUtils.java:logGet(44)) - raft.server.rpc.timeout.min = 5s (custom)
2020-12-07 10:48:16,867 [pool-225-thread-1] INFO  server.RaftServerConfigKeys (ConfUtils.java:logGet(44)) - raft.server.rpc.timeout.max = 5200ms (custom)
2020-12-07 10:48:16,867 [pool-225-thread-1] INFO  server.RaftServerConfigKeys (ConfUtils.java:logGet(44)) - raft.server.rpc.slowness.timeout = 300s (custom)
2020-12-07 10:48:16,867 [pool-225-thread-1] INFO  server.RaftServerConfigKeys (ConfUtils.java:logGet(44)) - raft.server.leaderelection.leader.step-down.wait-time = 10s (default)
2020-12-07 10:48:16,867 [pool-225-thread-1] INFO  server.RaftServerConfigKeys (ConfUtils.java:logGet(44)) - raft.server.sleep.deviation.threshold = 300 (default)
2020-12-07 10:48:16,867 [pool-225-thread-1] INFO  server.RaftServerConfigKeys (ConfUtils.java:logGet(44)) - raft.server.log.appender.install.snapshot.enabled = false (custom)
2020-12-07 10:48:16,868 [pool-225-thread-1] INFO  impl.RaftServerImpl (ServerState.java:<init>(104)) - 9dd88559-92ed-4006-9b1f-fe1c5650edb0@group-9F45B1B023DF: ConfigurationManager, init=-1: [9dd88559-92ed-4006-9b1f-fe1c5650edb0|rpc:172.17.0.2:38415], old=null, confs=<EMPTY_MAP>
2020-12-07 10:48:16,868 [pool-225-thread-1] INFO  server.RaftServerConfigKeys (ConfUtils.java:logGet(44)) - raft.server.storage.dir = [/github/workspace/mnt/ozone/hadoop-ozone/integration-test/target/test-dir/MiniOzoneClusterImpl-63b0f1bc-721b-4e89-a01a-54c1f1559151/datanode-3/data/ratis] (custom)
2020-12-07 10:48:16,868 [pool-225-thread-1] INFO  server.RaftServerConfigKeys (ConfUtils.java:logGet(44)) - raft.server.log.corruption.policy = EXCEPTION (default)
2020-12-07 10:48:16,868 [pool-225-thread-1] INFO  storage.RaftStorageDirectory (RaftStorageDirectory.java:analyzeStorage(261)) - The storage directory /github/workspace/mnt/ozone/hadoop-ozone/integration-test/target/test-dir/MiniOzoneClusterImpl-63b0f1bc-721b-4e89-a01a-54c1f1559151/datanode-3/data/ratis/95e32aac-2667-4d52-9f9f-9f45b1b023df does not exist. Creating ...
2020-12-07 10:48:16,869 [pool-225-thread-1] INFO  storage.RaftStorageDirectory (RaftStorageDirectory.java:tryLock(343)) - Lock on /github/workspace/mnt/ozone/hadoop-ozone/integration-test/target/test-dir/MiniOzoneClusterImpl-63b0f1bc-721b-4e89-a01a-54c1f1559151/datanode-3/data/ratis/95e32aac-2667-4d52-9f9f-9f45b1b023df/in_use.lock acquired by nodename 26480@e09bffc1a782
2020-12-07 10:48:16,871 [pool-225-thread-1] INFO  storage.RaftStorage (RaftStorage.java:format(85)) - Storage directory /github/workspace/mnt/ozone/hadoop-ozone/integration-test/target/test-dir/MiniOzoneClusterImpl-63b0f1bc-721b-4e89-a01a-54c1f1559151/datanode-3/data/ratis/95e32aac-2667-4d52-9f9f-9f45b1b023df has been successfully formatted.
2020-12-07 10:48:16,872 [pool-225-thread-1] INFO  ratis.ContainerStateMachine (ContainerStateMachine.java:loadSnapshot(225)) - group-9F45B1B023DF: The snapshot info is null. Setting the last applied indexto:(t:0, i:~)
2020-12-07 10:48:16,872 [pool-225-thread-1] INFO  server.RaftServerConfigKeys (ConfUtils.java:logGet(44)) - raft.server.notification.no-leader.timeout = 300s (custom)
2020-12-07 10:48:16,872 [pool-225-thread-1] INFO  server.RaftServerConfigKeys (ConfUtils.java:logGet(44)) - raft.server.log.use.memory = false (default)
2020-12-07 10:48:16,872 [pool-225-thread-1] INFO  server.RaftServerConfigKeys (ConfUtils.java:logGet(44)) - raft.server.log.purge.gap = 1000000 (custom)
2020-12-07 10:48:16,872 [pool-225-thread-1] INFO  metrics.RatisMetrics (RatisMetrics.java:lambda$create$0(36)) - Creating Metrics Registry : ratis.log_worker.9dd88559-92ed-4006-9b1f-fe1c5650edb0@group-9F45B1B023DF
2020-12-07 10:48:16,873 [pool-225-thread-1] INFO  server.RaftServerConfigKeys (ConfUtils.java:logGet(44)) - raft.server.log.appender.buffer.byte-limit = 33554432 (custom)
2020-12-07 10:48:16,873 [EventQueue-PipelineReportForOneReplicaPipelineSafeModeRule] INFO  safemode.SCMSafeModeManager (SCMSafeModeManager.java:validateSafeModeExitRules(214)) - AtleastOneDatanodeReportedRule rule is successfully validated
2020-12-07 10:48:16,873 [pool-225-thread-1] INFO  server.RaftServerConfigKeys (ConfUtils.java:logGet(44)) - raft.server.log.segment.size.max = 1048576 (custom)
2020-12-07 10:48:16,873 [EventQueue-PipelineReportForPipelineReportHandler] INFO  pipeline.PipelineStateManager (PipelineStateManager.java:openPipeline(132)) - Pipeline Pipeline[ Id: 95e32aac-2667-4d52-9f9f-9f45b1b023df, Nodes: 9dd88559-92ed-4006-9b1f-fe1c5650edb0{ip: 172.17.0.2, host: e09bffc1a782, networkLocation: /default-rack, certSerialId: null, persistedOpState: IN_SERVICE, persistedOpStateExpiryEpochSec: 0}, Type:RATIS, Factor:ONE, State:ALLOCATED, leaderId:9dd88559-92ed-4006-9b1f-fe1c5650edb0, CreationTimestamp2020-12-07T10:48:13.868Z] moved to OPEN state
2020-12-07 10:48:16,873 [EventQueue-OpenPipelineForHealthyPipelineSafeModeRule] INFO  safemode.SCMSafeModeManager (HealthyPipelineSafeModeRule.java:process(128)) - SCM in safe mode. Healthy pipelines reported count is 0, required healthy pipeline reported count is 1
2020-12-07 10:48:16,873 [pool-225-thread-1] INFO  server.RaftServerConfigKeys (ConfUtils.java:logGet(44)) - raft.server.log.segment.cache.num.max = 2 (custom)
2020-12-07 10:48:16,881 [pool-225-thread-1] INFO  segmented.SegmentedRaftLogWorker (SegmentedRaftLogWorker.java:<init>(180)) - new 9dd88559-92ed-4006-9b1f-fe1c5650edb0@group-9F45B1B023DF-SegmentedRaftLogWorker for RaftStorage:Storage Directory /github/workspace/mnt/ozone/hadoop-ozone/integration-test/target/test-dir/MiniOzoneClusterImpl-63b0f1bc-721b-4e89-a01a-54c1f1559151/datanode-3/data/ratis/95e32aac-2667-4d52-9f9f-9f45b1b023df
2020-12-07 10:48:16,881 [pool-225-thread-1] INFO  server.RaftServerConfigKeys (ConfUtils.java:logGet(44)) - raft.server.log.queue.byte-limit = 2147483647 (custom)
2020-12-07 10:48:16,881 [pool-225-thread-1] INFO  server.RaftServerConfigKeys (ConfUtils.java:logGet(44)) - raft.server.log.queue.element-limit = 1024 (custom)
2020-12-07 10:48:16,882 [pool-225-thread-1] INFO  server.RaftServerConfigKeys (ConfUtils.java:logGet(44)) - raft.server.log.segment.size.max = 1048576 (custom)
2020-12-07 10:48:16,882 [pool-225-thread-1] INFO  server.RaftServerConfigKeys (ConfUtils.java:logGet(44)) - raft.server.log.preallocated.size = 16384 (custom)
2020-12-07 10:48:16,882 [pool-225-thread-1] INFO  server.RaftServerConfigKeys (ConfUtils.java:logGet(44)) - raft.server.log.write.buffer.size = 1048576 (custom)
2020-12-07 10:48:16,882 [pool-225-thread-1] INFO  server.RaftServerConfigKeys (ConfUtils.java:logGet(44)) - raft.server.log.force.sync.num = 128 (default)
2020-12-07 10:48:16,882 [pool-225-thread-1] INFO  server.RaftServerConfigKeys (ConfUtils.java:logGet(44)) - raft.server.log.statemachine.data.sync = true (default)
2020-12-07 10:48:16,882 [pool-225-thread-1] INFO  server.RaftServerConfigKeys (ConfUtils.java:logGet(44)) - raft.server.log.statemachine.data.sync.timeout = 10s (default)
2020-12-07 10:48:16,882 [pool-225-thread-1] INFO  server.RaftServerConfigKeys (ConfUtils.java:logGet(44)) - raft.server.log.statemachine.data.sync.timeout.retry = -1 (default)
2020-12-07 10:48:16,884 [pool-225-thread-1] INFO  server.RaftServerConfigKeys (ConfUtils.java:logGet(44)) - raft.server.log.statemachine.data.caching.enabled = true (custom)
2020-12-07 10:48:16,885 [pool-225-thread-1] INFO  segmented.SegmentedRaftLogWorker (SegmentedRaftLogWorker.java:lambda$new$0(129)) - 9dd88559-92ed-4006-9b1f-fe1c5650edb0@group-9F45B1B023DF-SegmentedRaftLogWorker: flushIndex: setUnconditionally 0 -> -1
2020-12-07 10:48:16,886 [pool-225-thread-1] INFO  segmented.SegmentedRaftLogWorker (SegmentedRaftLogWorker.java:lambda$new$0(129)) - 9dd88559-92ed-4006-9b1f-fe1c5650edb0@group-9F45B1B023DF-SegmentedRaftLogWorker: safeCacheEvictIndex: setUnconditionally 0 -> -1
2020-12-07 10:48:16,886 [pool-225-thread-1] INFO  server.RaftServerConfigKeys (ConfUtils.java:logGet(44)) - raft.server.snapshot.auto.trigger.enabled = true (custom)
2020-12-07 10:48:16,886 [pool-225-thread-1] INFO  server.RaftServerConfigKeys (ConfUtils.java:logGet(44)) - raft.server.snapshot.auto.trigger.threshold = 10000 (custom)
2020-12-07 10:48:16,887 [pool-225-thread-1] INFO  server.RaftServerConfigKeys (ConfUtils.java:logGet(44)) - raft.server.snapshot.retention.file.num = 5 (custom)
2020-12-07 10:48:16,887 [pool-225-thread-1] INFO  server.RaftServerConfigKeys (ConfUtils.java:logGet(44)) - raft.server.log.purge.upto.snapshot.index = false (default)
2020-12-07 10:48:16,887 [pool-225-thread-1] INFO  server.RaftServerConfigKeys (ConfUtils.java:logGet(44)) - raft.server.retrycache.expirytime = 600000ms (custom)
2020-12-07 10:48:16,887 [pool-225-thread-1] INFO  metrics.RatisMetrics (RatisMetrics.java:lambda$create$0(36)) - Creating Metrics Registry : ratis.leader_election.9dd88559-92ed-4006-9b1f-fe1c5650edb0@group-9F45B1B023DF
2020-12-07 10:48:16,887 [pool-225-thread-1] INFO  metrics.RatisMetrics (RatisMetrics.java:lambda$create$0(36)) - Creating Metrics Registry : ratis.server.9dd88559-92ed-4006-9b1f-fe1c5650edb0@group-9F45B1B023DF
2020-12-07 10:48:16,888 [pool-225-thread-1] INFO  impl.RaftServerImpl (RaftServerImpl.java:start(215)) - 9dd88559-92ed-4006-9b1f-fe1c5650edb0@group-9F45B1B023DF: start as a follower, conf=-1: [9dd88559-92ed-4006-9b1f-fe1c5650edb0|rpc:172.17.0.2:38415], old=null
2020-12-07 10:48:16,888 [pool-225-thread-1] INFO  impl.RaftServerImpl (RaftServerImpl.java:setRole(204)) - 9dd88559-92ed-4006-9b1f-fe1c5650edb0@group-9F45B1B023DF: changes role from      null to FOLLOWER at term 0 for startAsFollower
2020-12-07 10:48:16,888 [pool-225-thread-1] INFO  impl.RoleInfo (RoleInfo.java:updateAndGet(143)) - 9dd88559-92ed-4006-9b1f-fe1c5650edb0: start 9dd88559-92ed-4006-9b1f-fe1c5650edb0@group-9F45B1B023DF-FollowerState
2020-12-07 10:48:16,889 [pool-225-thread-1] INFO  util.JmxRegister (JmxRegister.java:tryRegister(44)) - Successfully registered JMX Bean with object name Ratis:service=RaftServer,group=group-9F45B1B023DF,id=9dd88559-92ed-4006-9b1f-fe1c5650edb0
2020-12-07 10:48:16,889 [pool-225-thread-1] INFO  metrics.RatisMetrics (RatisMetrics.java:lambda$create$0(36)) - Creating Metrics Registry : ratis.state_machine.9dd88559-92ed-4006-9b1f-fe1c5650edb0@group-9F45B1B023DF
2020-12-07 10:48:16,890 [Command processor thread] INFO  commandhandler.CreatePipelineCommandHandler (CreatePipelineCommandHandler.java:handle(106)) - Created Pipeline RATIS ONE PipelineID=95e32aac-2667-4d52-9f9f-9f45b1b023df.
2020-12-07 10:48:16,890 [Command processor thread] INFO  impl.RaftServerProxy (RaftServerProxy.java:addNew(93)) - 9dd88559-92ed-4006-9b1f-fe1c5650edb0: addNew group-91F6C4109AAD:[25184b17-1fd0-4ce3-ab40-51a23a8535eb|rpc:172.17.0.2:39065, 9dd88559-92ed-4006-9b1f-fe1c5650edb0|rpc:172.17.0.2:38415, e9cccd38-0623-438e-aabf-1afb1561e1cc|rpc:172.17.0.2:33459] returns group-91F6C4109AAD:java.util.concurrent.CompletableFuture@75f11d11[Not completed]
2020-12-07 10:48:16,891 [pool-225-thread-1] INFO  impl.RaftServerImpl (RaftServerImpl.java:<init>(121)) - 9dd88559-92ed-4006-9b1f-fe1c5650edb0: new RaftServerImpl for group-91F6C4109AAD:[25184b17-1fd0-4ce3-ab40-51a23a8535eb|rpc:172.17.0.2:39065, 9dd88559-92ed-4006-9b1f-fe1c5650edb0|rpc:172.17.0.2:38415, e9cccd38-0623-438e-aabf-1afb1561e1cc|rpc:172.17.0.2:33459] with ContainerStateMachine:uninitialized
2020-12-07 10:48:16,891 [pool-225-thread-1] INFO  server.RaftServerConfigKeys (ConfUtils.java:logGet(44)) - raft.server.rpc.timeout.min = 5s (custom)
2020-12-07 10:48:16,891 [pool-225-thread-1] INFO  server.RaftServerConfigKeys (ConfUtils.java:logGet(44)) - raft.server.rpc.timeout.max = 5200ms (custom)
2020-12-07 10:48:16,891 [pool-225-thread-1] INFO  server.RaftServerConfigKeys (ConfUtils.java:logGet(44)) - raft.server.rpc.slowness.timeout = 300s (custom)
2020-12-07 10:48:16,891 [pool-225-thread-1] INFO  server.RaftServerConfigKeys (ConfUtils.java:logGet(44)) - raft.server.leaderelection.leader.step-down.wait-time = 10s (default)
2020-12-07 10:48:16,891 [pool-225-thread-1] INFO  server.RaftServerConfigKeys (ConfUtils.java:logGet(44)) - raft.server.sleep.deviation.threshold = 300 (default)
2020-12-07 10:48:16,891 [pool-225-thread-1] INFO  server.RaftServerConfigKeys (ConfUtils.java:logGet(44)) - raft.server.log.appender.install.snapshot.enabled = false (custom)
2020-12-07 10:48:16,891 [pool-225-thread-1] INFO  impl.RaftServerImpl (ServerState.java:<init>(104)) - 9dd88559-92ed-4006-9b1f-fe1c5650edb0@group-91F6C4109AAD: ConfigurationManager, init=-1: [25184b17-1fd0-4ce3-ab40-51a23a8535eb|rpc:172.17.0.2:39065, 9dd88559-92ed-4006-9b1f-fe1c5650edb0|rpc:172.17.0.2:38415, e9cccd38-0623-438e-aabf-1afb1561e1cc|rpc:172.17.0.2:33459], old=null, confs=<EMPTY_MAP>
2020-12-07 10:48:16,891 [pool-225-thread-1] INFO  server.RaftServerConfigKeys (ConfUtils.java:logGet(44)) - raft.server.storage.dir = [/github/workspace/mnt/ozone/hadoop-ozone/integration-test/target/test-dir/MiniOzoneClusterImpl-63b0f1bc-721b-4e89-a01a-54c1f1559151/datanode-3/data/ratis] (custom)
2020-12-07 10:48:16,892 [pool-225-thread-1] INFO  server.RaftServerConfigKeys (ConfUtils.java:logGet(44)) - raft.server.log.corruption.policy = EXCEPTION (default)
2020-12-07 10:48:16,892 [pool-225-thread-1] INFO  storage.RaftStorageDirectory (RaftStorageDirectory.java:analyzeStorage(261)) - The storage directory /github/workspace/mnt/ozone/hadoop-ozone/integration-test/target/test-dir/MiniOzoneClusterImpl-63b0f1bc-721b-4e89-a01a-54c1f1559151/datanode-3/data/ratis/fab2665a-be55-437c-913c-91f6c4109aad does not exist. Creating ...
2020-12-07 10:48:16,896 [pool-225-thread-1] INFO  storage.RaftStorageDirectory (RaftStorageDirectory.java:tryLock(343)) - Lock on /github/workspace/mnt/ozone/hadoop-ozone/integration-test/target/test-dir/MiniOzoneClusterImpl-63b0f1bc-721b-4e89-a01a-54c1f1559151/datanode-3/data/ratis/fab2665a-be55-437c-913c-91f6c4109aad/in_use.lock acquired by nodename 26480@e09bffc1a782
2020-12-07 10:48:16,898 [pool-225-thread-1] INFO  storage.RaftStorage (RaftStorage.java:format(85)) - Storage directory /github/workspace/mnt/ozone/hadoop-ozone/integration-test/target/test-dir/MiniOzoneClusterImpl-63b0f1bc-721b-4e89-a01a-54c1f1559151/datanode-3/data/ratis/fab2665a-be55-437c-913c-91f6c4109aad has been successfully formatted.
2020-12-07 10:48:16,899 [pool-225-thread-1] INFO  ratis.ContainerStateMachine (ContainerStateMachine.java:loadSnapshot(225)) - group-91F6C4109AAD: The snapshot info is null. Setting the last applied indexto:(t:0, i:~)
2020-12-07 10:48:16,899 [pool-225-thread-1] INFO  server.RaftServerConfigKeys (ConfUtils.java:logGet(44)) - raft.server.notification.no-leader.timeout = 300s (custom)
2020-12-07 10:48:16,899 [pool-225-thread-1] INFO  server.RaftServerConfigKeys (ConfUtils.java:logGet(44)) - raft.server.log.use.memory = false (default)
2020-12-07 10:48:16,899 [pool-225-thread-1] INFO  server.RaftServerConfigKeys (ConfUtils.java:logGet(44)) - raft.server.log.purge.gap = 1000000 (custom)
2020-12-07 10:48:16,899 [pool-225-thread-1] INFO  metrics.RatisMetrics (RatisMetrics.java:lambda$create$0(36)) - Creating Metrics Registry : ratis.log_worker.9dd88559-92ed-4006-9b1f-fe1c5650edb0@group-91F6C4109AAD
2020-12-07 10:48:16,899 [EventQueue-PipelineReportForOneReplicaPipelineSafeModeRule] INFO  safemode.SCMSafeModeManager (SCMSafeModeManager.java:validateSafeModeExitRules(214)) - AtleastOneDatanodeReportedRule rule is successfully validated
2020-12-07 10:48:16,899 [pool-225-thread-1] INFO  server.RaftServerConfigKeys (ConfUtils.java:logGet(44)) - raft.server.log.appender.buffer.byte-limit = 33554432 (custom)
2020-12-07 10:48:16,900 [pool-225-thread-1] INFO  server.RaftServerConfigKeys (ConfUtils.java:logGet(44)) - raft.server.log.segment.size.max = 1048576 (custom)
2020-12-07 10:48:16,900 [EventQueue-OpenPipelineForHealthyPipelineSafeModeRule] INFO  safemode.SCMSafeModeManager (HealthyPipelineSafeModeRule.java:process(128)) - SCM in safe mode. Healthy pipelines reported count is 0, required healthy pipeline reported count is 1
2020-12-07 10:48:16,901 [pool-225-thread-1] INFO  server.RaftServerConfigKeys (ConfUtils.java:logGet(44)) - raft.server.log.segment.cache.num.max = 2 (custom)
2020-12-07 10:48:16,901 [pool-225-thread-1] INFO  segmented.SegmentedRaftLogWorker (SegmentedRaftLogWorker.java:<init>(180)) - new 9dd88559-92ed-4006-9b1f-fe1c5650edb0@group-91F6C4109AAD-SegmentedRaftLogWorker for RaftStorage:Storage Directory /github/workspace/mnt/ozone/hadoop-ozone/integration-test/target/test-dir/MiniOzoneClusterImpl-63b0f1bc-721b-4e89-a01a-54c1f1559151/datanode-3/data/ratis/fab2665a-be55-437c-913c-91f6c4109aad
2020-12-07 10:48:16,901 [pool-225-thread-1] INFO  server.RaftServerConfigKeys (ConfUtils.java:logGet(44)) - raft.server.log.queue.byte-limit = 2147483647 (custom)
2020-12-07 10:48:16,902 [pool-225-thread-1] INFO  server.RaftServerConfigKeys (ConfUtils.java:logGet(44)) - raft.server.log.queue.element-limit = 1024 (custom)
2020-12-07 10:48:16,902 [pool-225-thread-1] INFO  server.RaftServerConfigKeys (ConfUtils.java:logGet(44)) - raft.server.log.segment.size.max = 1048576 (custom)
2020-12-07 10:48:16,902 [pool-225-thread-1] INFO  server.RaftServerConfigKeys (ConfUtils.java:logGet(44)) - raft.server.log.preallocated.size = 16384 (custom)
2020-12-07 10:48:16,902 [pool-225-thread-1] INFO  server.RaftServerConfigKeys (ConfUtils.java:logGet(44)) - raft.server.log.write.buffer.size = 1048576 (custom)
2020-12-07 10:48:16,902 [pool-225-thread-1] INFO  server.RaftServerConfigKeys (ConfUtils.java:logGet(44)) - raft.server.log.force.sync.num = 128 (default)
2020-12-07 10:48:16,902 [pool-225-thread-1] INFO  server.RaftServerConfigKeys (ConfUtils.java:logGet(44)) - raft.server.log.statemachine.data.sync = true (default)
2020-12-07 10:48:16,903 [pool-225-thread-1] INFO  server.RaftServerConfigKeys (ConfUtils.java:logGet(44)) - raft.server.log.statemachine.data.sync.timeout = 10s (default)
2020-12-07 10:48:16,903 [pool-225-thread-1] INFO  server.RaftServerConfigKeys (ConfUtils.java:logGet(44)) - raft.server.log.statemachine.data.sync.timeout.retry = -1 (default)
2020-12-07 10:48:16,904 [pool-225-thread-1] INFO  server.RaftServerConfigKeys (ConfUtils.java:logGet(44)) - raft.server.log.statemachine.data.caching.enabled = true (custom)
2020-12-07 10:48:16,906 [pool-225-thread-1] INFO  segmented.SegmentedRaftLogWorker (SegmentedRaftLogWorker.java:lambda$new$0(129)) - 9dd88559-92ed-4006-9b1f-fe1c5650edb0@group-91F6C4109AAD-SegmentedRaftLogWorker: flushIndex: setUnconditionally 0 -> -1
2020-12-07 10:48:16,906 [pool-225-thread-1] INFO  segmented.SegmentedRaftLogWorker (SegmentedRaftLogWorker.java:lambda$new$0(129)) - 9dd88559-92ed-4006-9b1f-fe1c5650edb0@group-91F6C4109AAD-SegmentedRaftLogWorker: safeCacheEvictIndex: setUnconditionally 0 -> -1
2020-12-07 10:48:16,909 [pool-225-thread-1] INFO  server.RaftServerConfigKeys (ConfUtils.java:logGet(44)) - raft.server.snapshot.auto.trigger.enabled = true (custom)
2020-12-07 10:48:16,909 [pool-225-thread-1] INFO  server.RaftServerConfigKeys (ConfUtils.java:logGet(44)) - raft.server.snapshot.auto.trigger.threshold = 10000 (custom)
2020-12-07 10:48:16,910 [pool-225-thread-1] INFO  server.RaftServerConfigKeys (ConfUtils.java:logGet(44)) - raft.server.snapshot.retention.file.num = 5 (custom)
2020-12-07 10:48:16,910 [pool-225-thread-1] INFO  server.RaftServerConfigKeys (ConfUtils.java:logGet(44)) - raft.server.log.purge.upto.snapshot.index = false (default)
2020-12-07 10:48:16,910 [pool-225-thread-1] INFO  server.RaftServerConfigKeys (ConfUtils.java:logGet(44)) - raft.server.retrycache.expirytime = 600000ms (custom)
2020-12-07 10:48:16,910 [pool-225-thread-1] INFO  metrics.RatisMetrics (RatisMetrics.java:lambda$create$0(36)) - Creating Metrics Registry : ratis.leader_election.9dd88559-92ed-4006-9b1f-fe1c5650edb0@group-91F6C4109AAD
2020-12-07 10:48:16,911 [pool-225-thread-1] INFO  metrics.RatisMetrics (RatisMetrics.java:lambda$create$0(36)) - Creating Metrics Registry : ratis.server.9dd88559-92ed-4006-9b1f-fe1c5650edb0@group-91F6C4109AAD
2020-12-07 10:48:16,912 [pool-225-thread-1] INFO  impl.RaftServerImpl (RaftServerImpl.java:start(215)) - 9dd88559-92ed-4006-9b1f-fe1c5650edb0@group-91F6C4109AAD: start as a follower, conf=-1: [25184b17-1fd0-4ce3-ab40-51a23a8535eb|rpc:172.17.0.2:39065, 9dd88559-92ed-4006-9b1f-fe1c5650edb0|rpc:172.17.0.2:38415, e9cccd38-0623-438e-aabf-1afb1561e1cc|rpc:172.17.0.2:33459], old=null
2020-12-07 10:48:16,912 [pool-225-thread-1] INFO  impl.RaftServerImpl (RaftServerImpl.java:setRole(204)) - 9dd88559-92ed-4006-9b1f-fe1c5650edb0@group-91F6C4109AAD: changes role from      null to FOLLOWER at term 0 for startAsFollower
2020-12-07 10:48:16,912 [pool-225-thread-1] INFO  impl.RoleInfo (RoleInfo.java:updateAndGet(143)) - 9dd88559-92ed-4006-9b1f-fe1c5650edb0: start 9dd88559-92ed-4006-9b1f-fe1c5650edb0@group-91F6C4109AAD-FollowerState
2020-12-07 10:48:16,912 [pool-225-thread-1] INFO  util.JmxRegister (JmxRegister.java:tryRegister(44)) - Successfully registered JMX Bean with object name Ratis:service=RaftServer,group=group-91F6C4109AAD,id=9dd88559-92ed-4006-9b1f-fe1c5650edb0
2020-12-07 10:48:16,913 [pool-225-thread-1] INFO  metrics.RatisMetrics (RatisMetrics.java:lambda$create$0(36)) - Creating Metrics Registry : ratis.state_machine.9dd88559-92ed-4006-9b1f-fe1c5650edb0@group-91F6C4109AAD
2020-12-07 10:48:16,915 [Command processor thread] INFO  metrics.RatisMetrics (RatisMetrics.java:lambda$create$0(36)) - Creating Metrics Registry : ratis.client_message_metrics.client-95F2653E028B->25184b17-1fd0-4ce3-ab40-51a23a8535eb
2020-12-07 10:48:16,922 [grpc-default-executor-1] INFO  metrics.RatisMetrics (RatisMetrics.java:lambda$create$0(36)) - Creating Metrics Registry : ratis.server_message_metrics.25184b17-1fd0-4ce3-ab40-51a23a8535eb
2020-12-07 10:48:16,931 [grpc-default-executor-1] INFO  impl.RaftServerProxy (RaftServerProxy.java:addNew(93)) - 25184b17-1fd0-4ce3-ab40-51a23a8535eb: addNew group-91F6C4109AAD:[25184b17-1fd0-4ce3-ab40-51a23a8535eb|rpc:172.17.0.2:39065|dataStream:, 9dd88559-92ed-4006-9b1f-fe1c5650edb0|rpc:172.17.0.2:38415|dataStream:, e9cccd38-0623-438e-aabf-1afb1561e1cc|rpc:172.17.0.2:33459|dataStream:] returns group-91F6C4109AAD:java.util.concurrent.CompletableFuture@dc5fcfe[Not completed]
2020-12-07 10:48:16,932 [pool-241-thread-1] INFO  impl.RaftServerImpl (RaftServerImpl.java:<init>(121)) - 25184b17-1fd0-4ce3-ab40-51a23a8535eb: new RaftServerImpl for group-91F6C4109AAD:[25184b17-1fd0-4ce3-ab40-51a23a8535eb|rpc:172.17.0.2:39065|dataStream:, 9dd88559-92ed-4006-9b1f-fe1c5650edb0|rpc:172.17.0.2:38415|dataStream:, e9cccd38-0623-438e-aabf-1afb1561e1cc|rpc:172.17.0.2:33459|dataStream:] with ContainerStateMachine:uninitialized
2020-12-07 10:48:16,933 [pool-241-thread-1] INFO  server.RaftServerConfigKeys (ConfUtils.java:logGet(44)) - raft.server.rpc.timeout.min = 5s (custom)
2020-12-07 10:48:16,933 [pool-241-thread-1] INFO  server.RaftServerConfigKeys (ConfUtils.java:logGet(44)) - raft.server.rpc.timeout.max = 5200ms (custom)
2020-12-07 10:48:16,933 [pool-241-thread-1] INFO  server.RaftServerConfigKeys (ConfUtils.java:logGet(44)) - raft.server.rpc.slowness.timeout = 300s (custom)
2020-12-07 10:48:16,933 [pool-241-thread-1] INFO  server.RaftServerConfigKeys (ConfUtils.java:logGet(44)) - raft.server.leaderelection.leader.step-down.wait-time = 10s (default)
2020-12-07 10:48:16,933 [pool-241-thread-1] INFO  server.RaftServerConfigKeys (ConfUtils.java:logGet(44)) - raft.server.sleep.deviation.threshold = 300 (default)
2020-12-07 10:48:16,933 [pool-241-thread-1] INFO  server.RaftServerConfigKeys (ConfUtils.java:logGet(44)) - raft.server.log.appender.install.snapshot.enabled = false (custom)
2020-12-07 10:48:16,934 [pool-241-thread-1] INFO  impl.RaftServerImpl (ServerState.java:<init>(104)) - 25184b17-1fd0-4ce3-ab40-51a23a8535eb@group-91F6C4109AAD: ConfigurationManager, init=-1: [25184b17-1fd0-4ce3-ab40-51a23a8535eb|rpc:172.17.0.2:39065|dataStream:, 9dd88559-92ed-4006-9b1f-fe1c5650edb0|rpc:172.17.0.2:38415|dataStream:, e9cccd38-0623-438e-aabf-1afb1561e1cc|rpc:172.17.0.2:33459|dataStream:], old=null, confs=<EMPTY_MAP>
2020-12-07 10:48:16,934 [pool-241-thread-1] INFO  server.RaftServerConfigKeys (ConfUtils.java:logGet(44)) - raft.server.storage.dir = [/github/workspace/mnt/ozone/hadoop-ozone/integration-test/target/test-dir/MiniOzoneClusterImpl-63b0f1bc-721b-4e89-a01a-54c1f1559151/datanode-4/data/ratis] (custom)
2020-12-07 10:48:16,934 [pool-241-thread-1] INFO  server.RaftServerConfigKeys (ConfUtils.java:logGet(44)) - raft.server.log.corruption.policy = EXCEPTION (default)
2020-12-07 10:48:16,934 [pool-241-thread-1] INFO  storage.RaftStorageDirectory (RaftStorageDirectory.java:analyzeStorage(261)) - The storage directory /github/workspace/mnt/ozone/hadoop-ozone/integration-test/target/test-dir/MiniOzoneClusterImpl-63b0f1bc-721b-4e89-a01a-54c1f1559151/datanode-4/data/ratis/fab2665a-be55-437c-913c-91f6c4109aad does not exist. Creating ...
2020-12-07 10:48:16,935 [pool-241-thread-1] INFO  storage.RaftStorageDirectory (RaftStorageDirectory.java:tryLock(343)) - Lock on /github/workspace/mnt/ozone/hadoop-ozone/integration-test/target/test-dir/MiniOzoneClusterImpl-63b0f1bc-721b-4e89-a01a-54c1f1559151/datanode-4/data/ratis/fab2665a-be55-437c-913c-91f6c4109aad/in_use.lock acquired by nodename 26480@e09bffc1a782
2020-12-07 10:48:16,937 [pool-241-thread-1] INFO  storage.RaftStorage (RaftStorage.java:format(85)) - Storage directory /github/workspace/mnt/ozone/hadoop-ozone/integration-test/target/test-dir/MiniOzoneClusterImpl-63b0f1bc-721b-4e89-a01a-54c1f1559151/datanode-4/data/ratis/fab2665a-be55-437c-913c-91f6c4109aad has been successfully formatted.
2020-12-07 10:48:16,938 [pool-241-thread-1] INFO  ratis.ContainerStateMachine (ContainerStateMachine.java:loadSnapshot(225)) - group-91F6C4109AAD: The snapshot info is null. Setting the last applied indexto:(t:0, i:~)
2020-12-07 10:48:16,940 [EventQueue-PipelineReportForOneReplicaPipelineSafeModeRule] INFO  safemode.SCMSafeModeManager (SCMSafeModeManager.java:validateSafeModeExitRules(214)) - AtleastOneDatanodeReportedRule rule is successfully validated
2020-12-07 10:48:16,941 [pool-241-thread-1] INFO  server.RaftServerConfigKeys (ConfUtils.java:logGet(44)) - raft.server.notification.no-leader.timeout = 300s (custom)
2020-12-07 10:48:16,941 [pool-241-thread-1] INFO  server.RaftServerConfigKeys (ConfUtils.java:logGet(44)) - raft.server.log.use.memory = false (default)
2020-12-07 10:48:16,941 [pool-241-thread-1] INFO  server.RaftServerConfigKeys (ConfUtils.java:logGet(44)) - raft.server.log.purge.gap = 1000000 (custom)
2020-12-07 10:48:16,942 [pool-241-thread-1] INFO  metrics.RatisMetrics (RatisMetrics.java:lambda$create$0(36)) - Creating Metrics Registry : ratis.log_worker.25184b17-1fd0-4ce3-ab40-51a23a8535eb@group-91F6C4109AAD
2020-12-07 10:48:16,942 [pool-241-thread-1] INFO  server.RaftServerConfigKeys (ConfUtils.java:logGet(44)) - raft.server.log.appender.buffer.byte-limit = 33554432 (custom)
2020-12-07 10:48:16,942 [pool-241-thread-1] INFO  server.RaftServerConfigKeys (ConfUtils.java:logGet(44)) - raft.server.log.segment.size.max = 1048576 (custom)
2020-12-07 10:48:16,943 [pool-241-thread-1] INFO  server.RaftServerConfigKeys (ConfUtils.java:logGet(44)) - raft.server.log.segment.cache.num.max = 2 (custom)
2020-12-07 10:48:16,943 [pool-241-thread-1] INFO  segmented.SegmentedRaftLogWorker (SegmentedRaftLogWorker.java:<init>(180)) - new 25184b17-1fd0-4ce3-ab40-51a23a8535eb@group-91F6C4109AAD-SegmentedRaftLogWorker for RaftStorage:Storage Directory /github/workspace/mnt/ozone/hadoop-ozone/integration-test/target/test-dir/MiniOzoneClusterImpl-63b0f1bc-721b-4e89-a01a-54c1f1559151/datanode-4/data/ratis/fab2665a-be55-437c-913c-91f6c4109aad
2020-12-07 10:48:16,943 [pool-241-thread-1] INFO  server.RaftServerConfigKeys (ConfUtils.java:logGet(44)) - raft.server.log.queue.byte-limit = 2147483647 (custom)
2020-12-07 10:48:16,943 [pool-241-thread-1] INFO  server.RaftServerConfigKeys (ConfUtils.java:logGet(44)) - raft.server.log.queue.element-limit = 1024 (custom)
2020-12-07 10:48:16,943 [pool-241-thread-1] INFO  server.RaftServerConfigKeys (ConfUtils.java:logGet(44)) - raft.server.log.segment.size.max = 1048576 (custom)
2020-12-07 10:48:16,943 [pool-241-thread-1] INFO  server.RaftServerConfigKeys (ConfUtils.java:logGet(44)) - raft.server.log.preallocated.size = 16384 (custom)
2020-12-07 10:48:16,943 [pool-241-thread-1] INFO  server.RaftServerConfigKeys (ConfUtils.java:logGet(44)) - raft.server.log.write.buffer.size = 1048576 (custom)
2020-12-07 10:48:16,943 [pool-241-thread-1] INFO  server.RaftServerConfigKeys (ConfUtils.java:logGet(44)) - raft.server.log.force.sync.num = 128 (default)
2020-12-07 10:48:16,943 [pool-241-thread-1] INFO  server.RaftServerConfigKeys (ConfUtils.java:logGet(44)) - raft.server.log.statemachine.data.sync = true (default)
2020-12-07 10:48:16,943 [pool-241-thread-1] INFO  server.RaftServerConfigKeys (ConfUtils.java:logGet(44)) - raft.server.log.statemachine.data.sync.timeout = 10s (default)
2020-12-07 10:48:16,944 [pool-241-thread-1] INFO  server.RaftServerConfigKeys (ConfUtils.java:logGet(44)) - raft.server.log.statemachine.data.sync.timeout.retry = -1 (default)
2020-12-07 10:48:16,945 [pool-241-thread-1] INFO  server.RaftServerConfigKeys (ConfUtils.java:logGet(44)) - raft.server.log.statemachine.data.caching.enabled = true (custom)
2020-12-07 10:48:16,945 [pool-241-thread-1] INFO  segmented.SegmentedRaftLogWorker (SegmentedRaftLogWorker.java:lambda$new$0(129)) - 25184b17-1fd0-4ce3-ab40-51a23a8535eb@group-91F6C4109AAD-SegmentedRaftLogWorker: flushIndex: setUnconditionally 0 -> -1
2020-12-07 10:48:16,945 [pool-241-thread-1] INFO  segmented.SegmentedRaftLogWorker (SegmentedRaftLogWorker.java:lambda$new$0(129)) - 25184b17-1fd0-4ce3-ab40-51a23a8535eb@group-91F6C4109AAD-SegmentedRaftLogWorker: safeCacheEvictIndex: setUnconditionally 0 -> -1
2020-12-07 10:48:16,945 [pool-241-thread-1] INFO  server.RaftServerConfigKeys (ConfUtils.java:logGet(44)) - raft.server.snapshot.auto.trigger.enabled = true (custom)
2020-12-07 10:48:16,946 [pool-241-thread-1] INFO  server.RaftServerConfigKeys (ConfUtils.java:logGet(44)) - raft.server.snapshot.auto.trigger.threshold = 10000 (custom)
2020-12-07 10:48:16,946 [pool-241-thread-1] INFO  server.RaftServerConfigKeys (ConfUtils.java:logGet(44)) - raft.server.snapshot.retention.file.num = 5 (custom)
2020-12-07 10:48:16,946 [pool-241-thread-1] INFO  server.RaftServerConfigKeys (ConfUtils.java:logGet(44)) - raft.server.log.purge.upto.snapshot.index = false (default)
2020-12-07 10:48:16,946 [pool-241-thread-1] INFO  server.RaftServerConfigKeys (ConfUtils.java:logGet(44)) - raft.server.retrycache.expirytime = 600000ms (custom)
2020-12-07 10:48:16,946 [pool-241-thread-1] INFO  metrics.RatisMetrics (RatisMetrics.java:lambda$create$0(36)) - Creating Metrics Registry : ratis.leader_election.25184b17-1fd0-4ce3-ab40-51a23a8535eb@group-91F6C4109AAD
2020-12-07 10:48:16,946 [pool-241-thread-1] INFO  metrics.RatisMetrics (RatisMetrics.java:lambda$create$0(36)) - Creating Metrics Registry : ratis.server.25184b17-1fd0-4ce3-ab40-51a23a8535eb@group-91F6C4109AAD
2020-12-07 10:48:16,947 [pool-241-thread-1] INFO  impl.RaftServerImpl (RaftServerImpl.java:start(215)) - 25184b17-1fd0-4ce3-ab40-51a23a8535eb@group-91F6C4109AAD: start as a follower, conf=-1: [25184b17-1fd0-4ce3-ab40-51a23a8535eb|rpc:172.17.0.2:39065|dataStream:, 9dd88559-92ed-4006-9b1f-fe1c5650edb0|rpc:172.17.0.2:38415|dataStream:, e9cccd38-0623-438e-aabf-1afb1561e1cc|rpc:172.17.0.2:33459|dataStream:], old=null
2020-12-07 10:48:16,947 [pool-241-thread-1] INFO  impl.RaftServerImpl (RaftServerImpl.java:setRole(204)) - 25184b17-1fd0-4ce3-ab40-51a23a8535eb@group-91F6C4109AAD: changes role from      null to FOLLOWER at term 0 for startAsFollower
2020-12-07 10:48:16,948 [pool-241-thread-1] INFO  impl.RoleInfo (RoleInfo.java:updateAndGet(143)) - 25184b17-1fd0-4ce3-ab40-51a23a8535eb: start 25184b17-1fd0-4ce3-ab40-51a23a8535eb@group-91F6C4109AAD-FollowerState
2020-12-07 10:48:16,948 [pool-241-thread-1] INFO  util.JmxRegister (JmxRegister.java:tryRegister(44)) - Successfully registered JMX Bean with object name Ratis:service=RaftServer,group=group-91F6C4109AAD,id=25184b17-1fd0-4ce3-ab40-51a23a8535eb
2020-12-07 10:48:16,948 [pool-241-thread-1] INFO  metrics.RatisMetrics (RatisMetrics.java:lambda$create$0(36)) - Creating Metrics Registry : ratis.state_machine.25184b17-1fd0-4ce3-ab40-51a23a8535eb@group-91F6C4109AAD
2020-12-07 10:48:16,959 [org.apache.ratis.server.JvmPauseMonitor@6c28e06d-Monitor] WARN  server.JvmPauseMonitor (JvmPauseMonitor.java:run(141)) - Detected pause in JVM or host machine (eg GC): pause of approximately 2ms
No GCs detected
2020-12-07 10:48:16,960 [Command processor thread] INFO  metrics.RatisMetrics (RatisMetrics.java:lambda$create$0(36)) - Creating Metrics Registry : ratis.client_message_metrics.client-F6C9B15D9BDE->e9cccd38-0623-438e-aabf-1afb1561e1cc
2020-12-07 10:48:16,966 [grpc-default-executor-1] INFO  metrics.RatisMetrics (RatisMetrics.java:lambda$create$0(36)) - Creating Metrics Registry : ratis.server_message_metrics.e9cccd38-0623-438e-aabf-1afb1561e1cc
2020-12-07 10:48:16,971 [grpc-default-executor-1] INFO  impl.RaftServerProxy (RaftServerProxy.java:addNew(93)) - e9cccd38-0623-438e-aabf-1afb1561e1cc: addNew group-91F6C4109AAD:[25184b17-1fd0-4ce3-ab40-51a23a8535eb|rpc:172.17.0.2:39065|dataStream:, 9dd88559-92ed-4006-9b1f-fe1c5650edb0|rpc:172.17.0.2:38415|dataStream:, e9cccd38-0623-438e-aabf-1afb1561e1cc|rpc:172.17.0.2:33459|dataStream:] returns group-91F6C4109AAD:java.util.concurrent.CompletableFuture@303900c5[Not completed]
2020-12-07 10:48:16,972 [pool-257-thread-1] INFO  impl.RaftServerImpl (RaftServerImpl.java:<init>(121)) - e9cccd38-0623-438e-aabf-1afb1561e1cc: new RaftServerImpl for group-91F6C4109AAD:[25184b17-1fd0-4ce3-ab40-51a23a8535eb|rpc:172.17.0.2:39065|dataStream:, 9dd88559-92ed-4006-9b1f-fe1c5650edb0|rpc:172.17.0.2:38415|dataStream:, e9cccd38-0623-438e-aabf-1afb1561e1cc|rpc:172.17.0.2:33459|dataStream:] with ContainerStateMachine:uninitialized
2020-12-07 10:48:16,972 [pool-257-thread-1] INFO  server.RaftServerConfigKeys (ConfUtils.java:logGet(44)) - raft.server.rpc.timeout.min = 5s (custom)
2020-12-07 10:48:16,972 [pool-257-thread-1] INFO  server.RaftServerConfigKeys (ConfUtils.java:logGet(44)) - raft.server.rpc.timeout.max = 5200ms (custom)
2020-12-07 10:48:16,972 [pool-257-thread-1] INFO  server.RaftServerConfigKeys (ConfUtils.java:logGet(44)) - raft.server.rpc.slowness.timeout = 300s (custom)
2020-12-07 10:48:16,972 [pool-257-thread-1] INFO  server.RaftServerConfigKeys (ConfUtils.java:logGet(44)) - raft.server.leaderelection.leader.step-down.wait-time = 10s (default)
2020-12-07 10:48:16,973 [pool-257-thread-1] INFO  server.RaftServerConfigKeys (ConfUtils.java:logGet(44)) - raft.server.sleep.deviation.threshold = 300 (default)
2020-12-07 10:48:16,973 [pool-257-thread-1] INFO  server.RaftServerConfigKeys (ConfUtils.java:logGet(44)) - raft.server.log.appender.install.snapshot.enabled = false (custom)
2020-12-07 10:48:16,973 [pool-257-thread-1] INFO  impl.RaftServerImpl (ServerState.java:<init>(104)) - e9cccd38-0623-438e-aabf-1afb1561e1cc@group-91F6C4109AAD: ConfigurationManager, init=-1: [25184b17-1fd0-4ce3-ab40-51a23a8535eb|rpc:172.17.0.2:39065|dataStream:, 9dd88559-92ed-4006-9b1f-fe1c5650edb0|rpc:172.17.0.2:38415|dataStream:, e9cccd38-0623-438e-aabf-1afb1561e1cc|rpc:172.17.0.2:33459|dataStream:], old=null, confs=<EMPTY_MAP>
2020-12-07 10:48:16,973 [pool-257-thread-1] INFO  server.RaftServerConfigKeys (ConfUtils.java:logGet(44)) - raft.server.storage.dir = [/github/workspace/mnt/ozone/hadoop-ozone/integration-test/target/test-dir/MiniOzoneClusterImpl-63b0f1bc-721b-4e89-a01a-54c1f1559151/datanode-5/data/ratis] (custom)
2020-12-07 10:48:16,973 [pool-257-thread-1] INFO  server.RaftServerConfigKeys (ConfUtils.java:logGet(44)) - raft.server.log.corruption.policy = EXCEPTION (default)
2020-12-07 10:48:16,973 [pool-257-thread-1] INFO  storage.RaftStorageDirectory (RaftStorageDirectory.java:analyzeStorage(261)) - The storage directory /github/workspace/mnt/ozone/hadoop-ozone/integration-test/target/test-dir/MiniOzoneClusterImpl-63b0f1bc-721b-4e89-a01a-54c1f1559151/datanode-5/data/ratis/fab2665a-be55-437c-913c-91f6c4109aad does not exist. Creating ...
2020-12-07 10:48:16,974 [pool-257-thread-1] INFO  storage.RaftStorageDirectory (RaftStorageDirectory.java:tryLock(343)) - Lock on /github/workspace/mnt/ozone/hadoop-ozone/integration-test/target/test-dir/MiniOzoneClusterImpl-63b0f1bc-721b-4e89-a01a-54c1f1559151/datanode-5/data/ratis/fab2665a-be55-437c-913c-91f6c4109aad/in_use.lock acquired by nodename 26480@e09bffc1a782
2020-12-07 10:48:16,976 [pool-257-thread-1] INFO  storage.RaftStorage (RaftStorage.java:format(85)) - Storage directory /github/workspace/mnt/ozone/hadoop-ozone/integration-test/target/test-dir/MiniOzoneClusterImpl-63b0f1bc-721b-4e89-a01a-54c1f1559151/datanode-5/data/ratis/fab2665a-be55-437c-913c-91f6c4109aad has been successfully formatted.
2020-12-07 10:48:16,977 [pool-257-thread-1] INFO  ratis.ContainerStateMachine (ContainerStateMachine.java:loadSnapshot(225)) - group-91F6C4109AAD: The snapshot info is null. Setting the last applied indexto:(t:0, i:~)
2020-12-07 10:48:16,977 [pool-257-thread-1] INFO  server.RaftServerConfigKeys (ConfUtils.java:logGet(44)) - raft.server.notification.no-leader.timeout = 300s (custom)
2020-12-07 10:48:16,977 [pool-257-thread-1] INFO  server.RaftServerConfigKeys (ConfUtils.java:logGet(44)) - raft.server.log.use.memory = false (default)
2020-12-07 10:48:16,977 [pool-257-thread-1] INFO  server.RaftServerConfigKeys (ConfUtils.java:logGet(44)) - raft.server.log.purge.gap = 1000000 (custom)
2020-12-07 10:48:16,978 [EventQueue-PipelineReportForOneReplicaPipelineSafeModeRule] INFO  safemode.SCMSafeModeManager (SCMSafeModeManager.java:validateSafeModeExitRules(214)) - AtleastOneDatanodeReportedRule rule is successfully validated
2020-12-07 10:48:16,980 [pool-257-thread-1] INFO  metrics.RatisMetrics (RatisMetrics.java:lambda$create$0(36)) - Creating Metrics Registry : ratis.log_worker.e9cccd38-0623-438e-aabf-1afb1561e1cc@group-91F6C4109AAD
2020-12-07 10:48:16,980 [pool-257-thread-1] INFO  server.RaftServerConfigKeys (ConfUtils.java:logGet(44)) - raft.server.log.appender.buffer.byte-limit = 33554432 (custom)
2020-12-07 10:48:16,980 [pool-257-thread-1] INFO  server.RaftServerConfigKeys (ConfUtils.java:logGet(44)) - raft.server.log.segment.size.max = 1048576 (custom)
2020-12-07 10:48:16,981 [pool-257-thread-1] INFO  server.RaftServerConfigKeys (ConfUtils.java:logGet(44)) - raft.server.log.segment.cache.num.max = 2 (custom)
2020-12-07 10:48:16,981 [pool-257-thread-1] INFO  segmented.SegmentedRaftLogWorker (SegmentedRaftLogWorker.java:<init>(180)) - new e9cccd38-0623-438e-aabf-1afb1561e1cc@group-91F6C4109AAD-SegmentedRaftLogWorker for RaftStorage:Storage Directory /github/workspace/mnt/ozone/hadoop-ozone/integration-test/target/test-dir/MiniOzoneClusterImpl-63b0f1bc-721b-4e89-a01a-54c1f1559151/datanode-5/data/ratis/fab2665a-be55-437c-913c-91f6c4109aad
2020-12-07 10:48:16,981 [pool-257-thread-1] INFO  server.RaftServerConfigKeys (ConfUtils.java:logGet(44)) - raft.server.log.queue.byte-limit = 2147483647 (custom)
2020-12-07 10:48:16,981 [pool-257-thread-1] INFO  server.RaftServerConfigKeys (ConfUtils.java:logGet(44)) - raft.server.log.queue.element-limit = 1024 (custom)
2020-12-07 10:48:16,981 [pool-257-thread-1] INFO  server.RaftServerConfigKeys (ConfUtils.java:logGet(44)) - raft.server.log.segment.size.max = 1048576 (custom)
2020-12-07 10:48:16,982 [pool-257-thread-1] INFO  server.RaftServerConfigKeys (ConfUtils.java:logGet(44)) - raft.server.log.preallocated.size = 16384 (custom)
2020-12-07 10:48:16,983 [pool-257-thread-1] INFO  server.RaftServerConfigKeys (ConfUtils.java:logGet(44)) - raft.server.log.write.buffer.size = 1048576 (custom)
2020-12-07 10:48:16,983 [pool-257-thread-1] INFO  server.RaftServerConfigKeys (ConfUtils.java:logGet(44)) - raft.server.log.force.sync.num = 128 (default)
2020-12-07 10:48:16,983 [pool-257-thread-1] INFO  server.RaftServerConfigKeys (ConfUtils.java:logGet(44)) - raft.server.log.statemachine.data.sync = true (default)
2020-12-07 10:48:16,984 [pool-257-thread-1] INFO  server.RaftServerConfigKeys (ConfUtils.java:logGet(44)) - raft.server.log.statemachine.data.sync.timeout = 10s (default)
2020-12-07 10:48:16,984 [pool-257-thread-1] INFO  server.RaftServerConfigKeys (ConfUtils.java:logGet(44)) - raft.server.log.statemachine.data.sync.timeout.retry = -1 (default)
2020-12-07 10:48:16,985 [pool-257-thread-1] INFO  server.RaftServerConfigKeys (ConfUtils.java:logGet(44)) - raft.server.log.statemachine.data.caching.enabled = true (custom)
2020-12-07 10:48:16,986 [pool-257-thread-1] INFO  segmented.SegmentedRaftLogWorker (SegmentedRaftLogWorker.java:lambda$new$0(129)) - e9cccd38-0623-438e-aabf-1afb1561e1cc@group-91F6C4109AAD-SegmentedRaftLogWorker: flushIndex: setUnconditionally 0 -> -1
2020-12-07 10:48:16,986 [pool-257-thread-1] INFO  segmented.SegmentedRaftLogWorker (SegmentedRaftLogWorker.java:lambda$new$0(129)) - e9cccd38-0623-438e-aabf-1afb1561e1cc@group-91F6C4109AAD-SegmentedRaftLogWorker: safeCacheEvictIndex: setUnconditionally 0 -> -1
2020-12-07 10:48:16,989 [pool-257-thread-1] INFO  server.RaftServerConfigKeys (ConfUtils.java:logGet(44)) - raft.server.snapshot.auto.trigger.enabled = true (custom)
2020-12-07 10:48:16,989 [pool-257-thread-1] INFO  server.RaftServerConfigKeys (ConfUtils.java:logGet(44)) - raft.server.snapshot.auto.trigger.threshold = 10000 (custom)
2020-12-07 10:48:16,989 [pool-257-thread-1] INFO  server.RaftServerConfigKeys (ConfUtils.java:logGet(44)) - raft.server.snapshot.retention.file.num = 5 (custom)
2020-12-07 10:48:16,990 [pool-257-thread-1] INFO  server.RaftServerConfigKeys (ConfUtils.java:logGet(44)) - raft.server.log.purge.upto.snapshot.index = false (default)
2020-12-07 10:48:16,990 [pool-257-thread-1] INFO  server.RaftServerConfigKeys (ConfUtils.java:logGet(44)) - raft.server.retrycache.expirytime = 600000ms (custom)
2020-12-07 10:48:16,990 [pool-257-thread-1] INFO  metrics.RatisMetrics (RatisMetrics.java:lambda$create$0(36)) - Creating Metrics Registry : ratis.leader_election.e9cccd38-0623-438e-aabf-1afb1561e1cc@group-91F6C4109AAD
2020-12-07 10:48:16,990 [pool-257-thread-1] INFO  metrics.RatisMetrics (RatisMetrics.java:lambda$create$0(36)) - Creating Metrics Registry : ratis.server.e9cccd38-0623-438e-aabf-1afb1561e1cc@group-91F6C4109AAD
2020-12-07 10:48:16,991 [pool-257-thread-1] INFO  impl.RaftServerImpl (RaftServerImpl.java:start(215)) - e9cccd38-0623-438e-aabf-1afb1561e1cc@group-91F6C4109AAD: start as a follower, conf=-1: [25184b17-1fd0-4ce3-ab40-51a23a8535eb|rpc:172.17.0.2:39065|dataStream:, 9dd88559-92ed-4006-9b1f-fe1c5650edb0|rpc:172.17.0.2:38415|dataStream:, e9cccd38-0623-438e-aabf-1afb1561e1cc|rpc:172.17.0.2:33459|dataStream:], old=null
2020-12-07 10:48:16,991 [pool-257-thread-1] INFO  impl.RaftServerImpl (RaftServerImpl.java:setRole(204)) - e9cccd38-0623-438e-aabf-1afb1561e1cc@group-91F6C4109AAD: changes role from      null to FOLLOWER at term 0 for startAsFollower
2020-12-07 10:48:16,992 [pool-257-thread-1] INFO  impl.RoleInfo (RoleInfo.java:updateAndGet(143)) - e9cccd38-0623-438e-aabf-1afb1561e1cc: start e9cccd38-0623-438e-aabf-1afb1561e1cc@group-91F6C4109AAD-FollowerState
2020-12-07 10:48:16,993 [pool-257-thread-1] INFO  util.JmxRegister (JmxRegister.java:tryRegister(44)) - Successfully registered JMX Bean with object name Ratis:service=RaftServer,group=group-91F6C4109AAD,id=e9cccd38-0623-438e-aabf-1afb1561e1cc
2020-12-07 10:48:16,993 [pool-257-thread-1] INFO  metrics.RatisMetrics (RatisMetrics.java:lambda$create$0(36)) - Creating Metrics Registry : ratis.state_machine.e9cccd38-0623-438e-aabf-1afb1561e1cc@group-91F6C4109AAD
2020-12-07 10:48:17,005 [Command processor thread] INFO  commandhandler.CreatePipelineCommandHandler (CreatePipelineCommandHandler.java:handle(106)) - Created Pipeline RATIS THREE PipelineID=fab2665a-be55-437c-913c-91f6c4109aad.
2020-12-07 10:48:17,085 [Command processor thread] INFO  impl.RaftServerProxy (RaftServerProxy.java:addNew(93)) - 25184b17-1fd0-4ce3-ab40-51a23a8535eb: addNew group-BCB1084DFE7B:[25184b17-1fd0-4ce3-ab40-51a23a8535eb|rpc:172.17.0.2:39065] returns group-BCB1084DFE7B:java.util.concurrent.CompletableFuture@569eafc[Not completed]
2020-12-07 10:48:17,085 [pool-241-thread-1] INFO  impl.RaftServerImpl (RaftServerImpl.java:<init>(121)) - 25184b17-1fd0-4ce3-ab40-51a23a8535eb: new RaftServerImpl for group-BCB1084DFE7B:[25184b17-1fd0-4ce3-ab40-51a23a8535eb|rpc:172.17.0.2:39065] with ContainerStateMachine:uninitialized
2020-12-07 10:48:17,086 [pool-241-thread-1] INFO  server.RaftServerConfigKeys (ConfUtils.java:logGet(44)) - raft.server.rpc.timeout.min = 5s (custom)
2020-12-07 10:48:17,086 [pool-241-thread-1] INFO  server.RaftServerConfigKeys (ConfUtils.java:logGet(44)) - raft.server.rpc.timeout.max = 5200ms (custom)
2020-12-07 10:48:17,086 [pool-241-thread-1] INFO  server.RaftServerConfigKeys (ConfUtils.java:logGet(44)) - raft.server.rpc.slowness.timeout = 300s (custom)
2020-12-07 10:48:17,086 [pool-241-thread-1] INFO  server.RaftServerConfigKeys (ConfUtils.java:logGet(44)) - raft.server.leaderelection.leader.step-down.wait-time = 10s (default)
2020-12-07 10:48:17,086 [pool-241-thread-1] INFO  server.RaftServerConfigKeys (ConfUtils.java:logGet(44)) - raft.server.sleep.deviation.threshold = 300 (default)
2020-12-07 10:48:17,086 [pool-241-thread-1] INFO  server.RaftServerConfigKeys (ConfUtils.java:logGet(44)) - raft.server.log.appender.install.snapshot.enabled = false (custom)
2020-12-07 10:48:17,086 [pool-241-thread-1] INFO  impl.RaftServerImpl (ServerState.java:<init>(104)) - 25184b17-1fd0-4ce3-ab40-51a23a8535eb@group-BCB1084DFE7B: ConfigurationManager, init=-1: [25184b17-1fd0-4ce3-ab40-51a23a8535eb|rpc:172.17.0.2:39065], old=null, confs=<EMPTY_MAP>
2020-12-07 10:48:17,086 [pool-241-thread-1] INFO  server.RaftServerConfigKeys (ConfUtils.java:logGet(44)) - raft.server.storage.dir = [/github/workspace/mnt/ozone/hadoop-ozone/integration-test/target/test-dir/MiniOzoneClusterImpl-63b0f1bc-721b-4e89-a01a-54c1f1559151/datanode-4/data/ratis] (custom)
2020-12-07 10:48:17,086 [pool-241-thread-1] INFO  server.RaftServerConfigKeys (ConfUtils.java:logGet(44)) - raft.server.log.corruption.policy = EXCEPTION (default)
2020-12-07 10:48:17,087 [pool-241-thread-1] INFO  storage.RaftStorageDirectory (RaftStorageDirectory.java:analyzeStorage(261)) - The storage directory /github/workspace/mnt/ozone/hadoop-ozone/integration-test/target/test-dir/MiniOzoneClusterImpl-63b0f1bc-721b-4e89-a01a-54c1f1559151/datanode-4/data/ratis/750ae1b4-f4c2-49dc-bcca-bcb1084dfe7b does not exist. Creating ...
2020-12-07 10:48:17,088 [pool-241-thread-1] INFO  storage.RaftStorageDirectory (RaftStorageDirectory.java:tryLock(343)) - Lock on /github/workspace/mnt/ozone/hadoop-ozone/integration-test/target/test-dir/MiniOzoneClusterImpl-63b0f1bc-721b-4e89-a01a-54c1f1559151/datanode-4/data/ratis/750ae1b4-f4c2-49dc-bcca-bcb1084dfe7b/in_use.lock acquired by nodename 26480@e09bffc1a782
2020-12-07 10:48:17,090 [pool-241-thread-1] INFO  storage.RaftStorage (RaftStorage.java:format(85)) - Storage directory /github/workspace/mnt/ozone/hadoop-ozone/integration-test/target/test-dir/MiniOzoneClusterImpl-63b0f1bc-721b-4e89-a01a-54c1f1559151/datanode-4/data/ratis/750ae1b4-f4c2-49dc-bcca-bcb1084dfe7b has been successfully formatted.
2020-12-07 10:48:17,092 [EventQueue-PipelineReportForOneReplicaPipelineSafeModeRule] INFO  safemode.SCMSafeModeManager (SCMSafeModeManager.java:validateSafeModeExitRules(214)) - AtleastOneDatanodeReportedRule rule is successfully validated
2020-12-07 10:48:17,092 [EventQueue-PipelineReportForPipelineReportHandler] INFO  pipeline.PipelineStateManager (PipelineStateManager.java:openPipeline(132)) - Pipeline Pipeline[ Id: 750ae1b4-f4c2-49dc-bcca-bcb1084dfe7b, Nodes: 25184b17-1fd0-4ce3-ab40-51a23a8535eb{ip: 172.17.0.2, host: e09bffc1a782, networkLocation: /default-rack, certSerialId: null, persistedOpState: IN_SERVICE, persistedOpStateExpiryEpochSec: 0}, Type:RATIS, Factor:ONE, State:ALLOCATED, leaderId:25184b17-1fd0-4ce3-ab40-51a23a8535eb, CreationTimestamp2020-12-07T10:48:14.088Z] moved to OPEN state
2020-12-07 10:48:17,092 [EventQueue-OpenPipelineForHealthyPipelineSafeModeRule] INFO  safemode.SCMSafeModeManager (HealthyPipelineSafeModeRule.java:process(128)) - SCM in safe mode. Healthy pipelines reported count is 0, required healthy pipeline reported count is 1
2020-12-07 10:48:17,094 [pool-241-thread-1] INFO  ratis.ContainerStateMachine (ContainerStateMachine.java:loadSnapshot(225)) - group-BCB1084DFE7B: The snapshot info is null. Setting the last applied indexto:(t:0, i:~)
2020-12-07 10:48:17,095 [pool-241-thread-1] INFO  server.RaftServerConfigKeys (ConfUtils.java:logGet(44)) - raft.server.notification.no-leader.timeout = 300s (custom)
2020-12-07 10:48:17,095 [pool-241-thread-1] INFO  server.RaftServerConfigKeys (ConfUtils.java:logGet(44)) - raft.server.log.use.memory = false (default)
2020-12-07 10:48:17,095 [pool-241-thread-1] INFO  server.RaftServerConfigKeys (ConfUtils.java:logGet(44)) - raft.server.log.purge.gap = 1000000 (custom)
2020-12-07 10:48:17,095 [pool-241-thread-1] INFO  metrics.RatisMetrics (RatisMetrics.java:lambda$create$0(36)) - Creating Metrics Registry : ratis.log_worker.25184b17-1fd0-4ce3-ab40-51a23a8535eb@group-BCB1084DFE7B
2020-12-07 10:48:17,095 [pool-241-thread-1] INFO  server.RaftServerConfigKeys (ConfUtils.java:logGet(44)) - raft.server.log.appender.buffer.byte-limit = 33554432 (custom)
2020-12-07 10:48:17,095 [pool-241-thread-1] INFO  server.RaftServerConfigKeys (ConfUtils.java:logGet(44)) - raft.server.log.segment.size.max = 1048576 (custom)
2020-12-07 10:48:17,096 [pool-241-thread-1] INFO  server.RaftServerConfigKeys (ConfUtils.java:logGet(44)) - raft.server.log.segment.cache.num.max = 2 (custom)
2020-12-07 10:48:17,096 [pool-241-thread-1] INFO  segmented.SegmentedRaftLogWorker (SegmentedRaftLogWorker.java:<init>(180)) - new 25184b17-1fd0-4ce3-ab40-51a23a8535eb@group-BCB1084DFE7B-SegmentedRaftLogWorker for RaftStorage:Storage Directory /github/workspace/mnt/ozone/hadoop-ozone/integration-test/target/test-dir/MiniOzoneClusterImpl-63b0f1bc-721b-4e89-a01a-54c1f1559151/datanode-4/data/ratis/750ae1b4-f4c2-49dc-bcca-bcb1084dfe7b
2020-12-07 10:48:17,096 [pool-241-thread-1] INFO  server.RaftServerConfigKeys (ConfUtils.java:logGet(44)) - raft.server.log.queue.byte-limit = 2147483647 (custom)
2020-12-07 10:48:17,096 [pool-241-thread-1] INFO  server.RaftServerConfigKeys (ConfUtils.java:logGet(44)) - raft.server.log.queue.element-limit = 1024 (custom)
2020-12-07 10:48:17,096 [pool-241-thread-1] INFO  server.RaftServerConfigKeys (ConfUtils.java:logGet(44)) - raft.server.log.segment.size.max = 1048576 (custom)
2020-12-07 10:48:17,096 [pool-241-thread-1] INFO  server.RaftServerConfigKeys (ConfUtils.java:logGet(44)) - raft.server.log.preallocated.size = 16384 (custom)
2020-12-07 10:48:17,096 [pool-241-thread-1] INFO  server.RaftServerConfigKeys (ConfUtils.java:logGet(44)) - raft.server.log.write.buffer.size = 1048576 (custom)
2020-12-07 10:48:17,096 [pool-241-thread-1] INFO  server.RaftServerConfigKeys (ConfUtils.java:logGet(44)) - raft.server.log.force.sync.num = 128 (default)
2020-12-07 10:48:17,096 [pool-241-thread-1] INFO  server.RaftServerConfigKeys (ConfUtils.java:logGet(44)) - raft.server.log.statemachine.data.sync = true (default)
2020-12-07 10:48:17,096 [pool-241-thread-1] INFO  server.RaftServerConfigKeys (ConfUtils.java:logGet(44)) - raft.server.log.statemachine.data.sync.timeout = 10s (default)
2020-12-07 10:48:17,096 [pool-241-thread-1] INFO  server.RaftServerConfigKeys (ConfUtils.java:logGet(44)) - raft.server.log.statemachine.data.sync.timeout.retry = -1 (default)
2020-12-07 10:48:17,098 [pool-241-thread-1] INFO  server.RaftServerConfigKeys (ConfUtils.java:logGet(44)) - raft.server.log.statemachine.data.caching.enabled = true (custom)
2020-12-07 10:48:17,098 [pool-241-thread-1] INFO  segmented.SegmentedRaftLogWorker (SegmentedRaftLogWorker.java:lambda$new$0(129)) - 25184b17-1fd0-4ce3-ab40-51a23a8535eb@group-BCB1084DFE7B-SegmentedRaftLogWorker: flushIndex: setUnconditionally 0 -> -1
2020-12-07 10:48:17,098 [pool-241-thread-1] INFO  segmented.SegmentedRaftLogWorker (SegmentedRaftLogWorker.java:lambda$new$0(129)) - 25184b17-1fd0-4ce3-ab40-51a23a8535eb@group-BCB1084DFE7B-SegmentedRaftLogWorker: safeCacheEvictIndex: setUnconditionally 0 -> -1
2020-12-07 10:48:17,098 [pool-241-thread-1] INFO  server.RaftServerConfigKeys (ConfUtils.java:logGet(44)) - raft.server.snapshot.auto.trigger.enabled = true (custom)
2020-12-07 10:48:17,098 [pool-241-thread-1] INFO  server.RaftServerConfigKeys (ConfUtils.java:logGet(44)) - raft.server.snapshot.auto.trigger.threshold = 10000 (custom)
2020-12-07 10:48:17,098 [pool-241-thread-1] INFO  server.RaftServerConfigKeys (ConfUtils.java:logGet(44)) - raft.server.snapshot.retention.file.num = 5 (custom)
2020-12-07 10:48:17,099 [pool-241-thread-1] INFO  server.RaftServerConfigKeys (ConfUtils.java:logGet(44)) - raft.server.log.purge.upto.snapshot.index = false (default)
2020-12-07 10:48:17,099 [pool-241-thread-1] INFO  server.RaftServerConfigKeys (ConfUtils.java:logGet(44)) - raft.server.retrycache.expirytime = 600000ms (custom)
2020-12-07 10:48:17,099 [pool-241-thread-1] INFO  metrics.RatisMetrics (RatisMetrics.java:lambda$create$0(36)) - Creating Metrics Registry : ratis.leader_election.25184b17-1fd0-4ce3-ab40-51a23a8535eb@group-BCB1084DFE7B
2020-12-07 10:48:17,099 [pool-241-thread-1] INFO  metrics.RatisMetrics (RatisMetrics.java:lambda$create$0(36)) - Creating Metrics Registry : ratis.server.25184b17-1fd0-4ce3-ab40-51a23a8535eb@group-BCB1084DFE7B
2020-12-07 10:48:17,100 [pool-241-thread-1] INFO  impl.RaftServerImpl (RaftServerImpl.java:start(215)) - 25184b17-1fd0-4ce3-ab40-51a23a8535eb@group-BCB1084DFE7B: start as a follower, conf=-1: [25184b17-1fd0-4ce3-ab40-51a23a8535eb|rpc:172.17.0.2:39065], old=null
2020-12-07 10:48:17,100 [pool-241-thread-1] INFO  impl.RaftServerImpl (RaftServerImpl.java:setRole(204)) - 25184b17-1fd0-4ce3-ab40-51a23a8535eb@group-BCB1084DFE7B: changes role from      null to FOLLOWER at term 0 for startAsFollower
2020-12-07 10:48:17,100 [pool-241-thread-1] INFO  impl.RoleInfo (RoleInfo.java:updateAndGet(143)) - 25184b17-1fd0-4ce3-ab40-51a23a8535eb: start 25184b17-1fd0-4ce3-ab40-51a23a8535eb@group-BCB1084DFE7B-FollowerState
2020-12-07 10:48:17,101 [pool-241-thread-1] INFO  util.JmxRegister (JmxRegister.java:tryRegister(44)) - Successfully registered JMX Bean with object name Ratis:service=RaftServer,group=group-BCB1084DFE7B,id=25184b17-1fd0-4ce3-ab40-51a23a8535eb
2020-12-07 10:48:17,101 [pool-241-thread-1] INFO  metrics.RatisMetrics (RatisMetrics.java:lambda$create$0(36)) - Creating Metrics Registry : ratis.state_machine.25184b17-1fd0-4ce3-ab40-51a23a8535eb@group-BCB1084DFE7B
2020-12-07 10:48:17,105 [Command processor thread] INFO  commandhandler.CreatePipelineCommandHandler (CreatePipelineCommandHandler.java:handle(106)) - Created Pipeline RATIS ONE PipelineID=750ae1b4-f4c2-49dc-bcca-bcb1084dfe7b.
2020-12-07 10:48:17,330 [Command processor thread] INFO  impl.RaftServerProxy (RaftServerProxy.java:addNew(93)) - e9cccd38-0623-438e-aabf-1afb1561e1cc: addNew group-6FB94C5BAD6B:[e9cccd38-0623-438e-aabf-1afb1561e1cc|rpc:172.17.0.2:33459] returns group-6FB94C5BAD6B:java.util.concurrent.CompletableFuture@607ae356[Not completed]
2020-12-07 10:48:17,331 [pool-257-thread-1] INFO  impl.RaftServerImpl (RaftServerImpl.java:<init>(121)) - e9cccd38-0623-438e-aabf-1afb1561e1cc: new RaftServerImpl for group-6FB94C5BAD6B:[e9cccd38-0623-438e-aabf-1afb1561e1cc|rpc:172.17.0.2:33459] with ContainerStateMachine:uninitialized
2020-12-07 10:48:17,332 [pool-257-thread-1] INFO  server.RaftServerConfigKeys (ConfUtils.java:logGet(44)) - raft.server.rpc.timeout.min = 5s (custom)
2020-12-07 10:48:17,332 [pool-257-thread-1] INFO  server.RaftServerConfigKeys (ConfUtils.java:logGet(44)) - raft.server.rpc.timeout.max = 5200ms (custom)
2020-12-07 10:48:17,332 [pool-257-thread-1] INFO  server.RaftServerConfigKeys (ConfUtils.java:logGet(44)) - raft.server.rpc.slowness.timeout = 300s (custom)
2020-12-07 10:48:17,332 [pool-257-thread-1] INFO  server.RaftServerConfigKeys (ConfUtils.java:logGet(44)) - raft.server.leaderelection.leader.step-down.wait-time = 10s (default)
2020-12-07 10:48:17,332 [pool-257-thread-1] INFO  server.RaftServerConfigKeys (ConfUtils.java:logGet(44)) - raft.server.sleep.deviation.threshold = 300 (default)
2020-12-07 10:48:17,332 [pool-257-thread-1] INFO  server.RaftServerConfigKeys (ConfUtils.java:logGet(44)) - raft.server.log.appender.install.snapshot.enabled = false (custom)
2020-12-07 10:48:17,332 [pool-257-thread-1] INFO  impl.RaftServerImpl (ServerState.java:<init>(104)) - e9cccd38-0623-438e-aabf-1afb1561e1cc@group-6FB94C5BAD6B: ConfigurationManager, init=-1: [e9cccd38-0623-438e-aabf-1afb1561e1cc|rpc:172.17.0.2:33459], old=null, confs=<EMPTY_MAP>
2020-12-07 10:48:17,332 [pool-257-thread-1] INFO  server.RaftServerConfigKeys (ConfUtils.java:logGet(44)) - raft.server.storage.dir = [/github/workspace/mnt/ozone/hadoop-ozone/integration-test/target/test-dir/MiniOzoneClusterImpl-63b0f1bc-721b-4e89-a01a-54c1f1559151/datanode-5/data/ratis] (custom)
2020-12-07 10:48:17,332 [pool-257-thread-1] INFO  server.RaftServerConfigKeys (ConfUtils.java:logGet(44)) - raft.server.log.corruption.policy = EXCEPTION (default)
2020-12-07 10:48:17,332 [pool-257-thread-1] INFO  storage.RaftStorageDirectory (RaftStorageDirectory.java:analyzeStorage(261)) - The storage directory /github/workspace/mnt/ozone/hadoop-ozone/integration-test/target/test-dir/MiniOzoneClusterImpl-63b0f1bc-721b-4e89-a01a-54c1f1559151/datanode-5/data/ratis/e4afc40e-dff8-4e5c-8349-6fb94c5bad6b does not exist. Creating ...
2020-12-07 10:48:17,334 [pool-257-thread-1] INFO  storage.RaftStorageDirectory (RaftStorageDirectory.java:tryLock(343)) - Lock on /github/workspace/mnt/ozone/hadoop-ozone/integration-test/target/test-dir/MiniOzoneClusterImpl-63b0f1bc-721b-4e89-a01a-54c1f1559151/datanode-5/data/ratis/e4afc40e-dff8-4e5c-8349-6fb94c5bad6b/in_use.lock acquired by nodename 26480@e09bffc1a782
2020-12-07 10:48:17,335 [pool-257-thread-1] INFO  storage.RaftStorage (RaftStorage.java:format(85)) - Storage directory /github/workspace/mnt/ozone/hadoop-ozone/integration-test/target/test-dir/MiniOzoneClusterImpl-63b0f1bc-721b-4e89-a01a-54c1f1559151/datanode-5/data/ratis/e4afc40e-dff8-4e5c-8349-6fb94c5bad6b has been successfully formatted.
2020-12-07 10:48:17,336 [pool-257-thread-1] INFO  ratis.ContainerStateMachine (ContainerStateMachine.java:loadSnapshot(225)) - group-6FB94C5BAD6B: The snapshot info is null. Setting the last applied indexto:(t:0, i:~)
2020-12-07 10:48:17,336 [pool-257-thread-1] INFO  server.RaftServerConfigKeys (ConfUtils.java:logGet(44)) - raft.server.notification.no-leader.timeout = 300s (custom)
2020-12-07 10:48:17,336 [pool-257-thread-1] INFO  server.RaftServerConfigKeys (ConfUtils.java:logGet(44)) - raft.server.log.use.memory = false (default)
2020-12-07 10:48:17,336 [pool-257-thread-1] INFO  server.RaftServerConfigKeys (ConfUtils.java:logGet(44)) - raft.server.log.purge.gap = 1000000 (custom)
2020-12-07 10:48:17,336 [pool-257-thread-1] INFO  metrics.RatisMetrics (RatisMetrics.java:lambda$create$0(36)) - Creating Metrics Registry : ratis.log_worker.e9cccd38-0623-438e-aabf-1afb1561e1cc@group-6FB94C5BAD6B
2020-12-07 10:48:17,337 [EventQueue-PipelineReportForOneReplicaPipelineSafeModeRule] INFO  safemode.SCMSafeModeManager (SCMSafeModeManager.java:validateSafeModeExitRules(214)) - AtleastOneDatanodeReportedRule rule is successfully validated
2020-12-07 10:48:17,337 [pool-257-thread-1] INFO  server.RaftServerConfigKeys (ConfUtils.java:logGet(44)) - raft.server.log.appender.buffer.byte-limit = 33554432 (custom)
2020-12-07 10:48:17,337 [EventQueue-PipelineReportForPipelineReportHandler] INFO  pipeline.PipelineStateManager (PipelineStateManager.java:openPipeline(132)) - Pipeline Pipeline[ Id: e4afc40e-dff8-4e5c-8349-6fb94c5bad6b, Nodes: e9cccd38-0623-438e-aabf-1afb1561e1cc{ip: 172.17.0.2, host: e09bffc1a782, networkLocation: /default-rack, certSerialId: null, persistedOpState: IN_SERVICE, persistedOpStateExpiryEpochSec: 0}, Type:RATIS, Factor:ONE, State:ALLOCATED, leaderId:e9cccd38-0623-438e-aabf-1afb1561e1cc, CreationTimestamp2020-12-07T10:48:14.333Z] moved to OPEN state
2020-12-07 10:48:17,337 [pool-257-thread-1] INFO  server.RaftServerConfigKeys (ConfUtils.java:logGet(44)) - raft.server.log.segment.size.max = 1048576 (custom)
2020-12-07 10:48:17,338 [EventQueue-OpenPipelineForHealthyPipelineSafeModeRule] INFO  safemode.SCMSafeModeManager (HealthyPipelineSafeModeRule.java:process(128)) - SCM in safe mode. Healthy pipelines reported count is 0, required healthy pipeline reported count is 1
2020-12-07 10:48:17,339 [pool-257-thread-1] INFO  server.RaftServerConfigKeys (ConfUtils.java:logGet(44)) - raft.server.log.segment.cache.num.max = 2 (custom)
2020-12-07 10:48:17,339 [pool-257-thread-1] INFO  segmented.SegmentedRaftLogWorker (SegmentedRaftLogWorker.java:<init>(180)) - new e9cccd38-0623-438e-aabf-1afb1561e1cc@group-6FB94C5BAD6B-SegmentedRaftLogWorker for RaftStorage:Storage Directory /github/workspace/mnt/ozone/hadoop-ozone/integration-test/target/test-dir/MiniOzoneClusterImpl-63b0f1bc-721b-4e89-a01a-54c1f1559151/datanode-5/data/ratis/e4afc40e-dff8-4e5c-8349-6fb94c5bad6b
2020-12-07 10:48:17,339 [pool-257-thread-1] INFO  server.RaftServerConfigKeys (ConfUtils.java:logGet(44)) - raft.server.log.queue.byte-limit = 2147483647 (custom)
2020-12-07 10:48:17,339 [pool-257-thread-1] INFO  server.RaftServerConfigKeys (ConfUtils.java:logGet(44)) - raft.server.log.queue.element-limit = 1024 (custom)
2020-12-07 10:48:17,339 [pool-257-thread-1] INFO  server.RaftServerConfigKeys (ConfUtils.java:logGet(44)) - raft.server.log.segment.size.max = 1048576 (custom)
2020-12-07 10:48:17,339 [pool-257-thread-1] INFO  server.RaftServerConfigKeys (ConfUtils.java:logGet(44)) - raft.server.log.preallocated.size = 16384 (custom)
2020-12-07 10:48:17,340 [pool-257-thread-1] INFO  server.RaftServerConfigKeys (ConfUtils.java:logGet(44)) - raft.server.log.write.buffer.size = 1048576 (custom)
2020-12-07 10:48:17,340 [pool-257-thread-1] INFO  server.RaftServerConfigKeys (ConfUtils.java:logGet(44)) - raft.server.log.force.sync.num = 128 (default)
2020-12-07 10:48:17,340 [pool-257-thread-1] INFO  server.RaftServerConfigKeys (ConfUtils.java:logGet(44)) - raft.server.log.statemachine.data.sync = true (default)
2020-12-07 10:48:17,340 [pool-257-thread-1] INFO  server.RaftServerConfigKeys (ConfUtils.java:logGet(44)) - raft.server.log.statemachine.data.sync.timeout = 10s (default)
2020-12-07 10:48:17,340 [pool-257-thread-1] INFO  server.RaftServerConfigKeys (ConfUtils.java:logGet(44)) - raft.server.log.statemachine.data.sync.timeout.retry = -1 (default)
2020-12-07 10:48:17,342 [pool-257-thread-1] INFO  server.RaftServerConfigKeys (ConfUtils.java:logGet(44)) - raft.server.log.statemachine.data.caching.enabled = true (custom)
2020-12-07 10:48:17,343 [pool-257-thread-1] INFO  segmented.SegmentedRaftLogWorker (SegmentedRaftLogWorker.java:lambda$new$0(129)) - e9cccd38-0623-438e-aabf-1afb1561e1cc@group-6FB94C5BAD6B-SegmentedRaftLogWorker: flushIndex: setUnconditionally 0 -> -1
2020-12-07 10:48:17,343 [pool-257-thread-1] INFO  segmented.SegmentedRaftLogWorker (SegmentedRaftLogWorker.java:lambda$new$0(129)) - e9cccd38-0623-438e-aabf-1afb1561e1cc@group-6FB94C5BAD6B-SegmentedRaftLogWorker: safeCacheEvictIndex: setUnconditionally 0 -> -1
2020-12-07 10:48:17,344 [pool-257-thread-1] INFO  server.RaftServerConfigKeys (ConfUtils.java:logGet(44)) - raft.server.snapshot.auto.trigger.enabled = true (custom)
2020-12-07 10:48:17,344 [pool-257-thread-1] INFO  server.RaftServerConfigKeys (ConfUtils.java:logGet(44)) - raft.server.snapshot.auto.trigger.threshold = 10000 (custom)
2020-12-07 10:48:17,344 [pool-257-thread-1] INFO  server.RaftServerConfigKeys (ConfUtils.java:logGet(44)) - raft.server.snapshot.retention.file.num = 5 (custom)
2020-12-07 10:48:17,344 [pool-257-thread-1] INFO  server.RaftServerConfigKeys (ConfUtils.java:logGet(44)) - raft.server.log.purge.upto.snapshot.index = false (default)
2020-12-07 10:48:17,344 [pool-257-thread-1] INFO  server.RaftServerConfigKeys (ConfUtils.java:logGet(44)) - raft.server.retrycache.expirytime = 600000ms (custom)
2020-12-07 10:48:17,344 [pool-257-thread-1] INFO  metrics.RatisMetrics (RatisMetrics.java:lambda$create$0(36)) - Creating Metrics Registry : ratis.leader_election.e9cccd38-0623-438e-aabf-1afb1561e1cc@group-6FB94C5BAD6B
2020-12-07 10:48:17,344 [pool-257-thread-1] INFO  metrics.RatisMetrics (RatisMetrics.java:lambda$create$0(36)) - Creating Metrics Registry : ratis.server.e9cccd38-0623-438e-aabf-1afb1561e1cc@group-6FB94C5BAD6B
2020-12-07 10:48:17,345 [pool-257-thread-1] INFO  impl.RaftServerImpl (RaftServerImpl.java:start(215)) - e9cccd38-0623-438e-aabf-1afb1561e1cc@group-6FB94C5BAD6B: start as a follower, conf=-1: [e9cccd38-0623-438e-aabf-1afb1561e1cc|rpc:172.17.0.2:33459], old=null
2020-12-07 10:48:17,346 [pool-257-thread-1] INFO  impl.RaftServerImpl (RaftServerImpl.java:setRole(204)) - e9cccd38-0623-438e-aabf-1afb1561e1cc@group-6FB94C5BAD6B: changes role from      null to FOLLOWER at term 0 for startAsFollower
2020-12-07 10:48:17,346 [pool-257-thread-1] INFO  impl.RoleInfo (RoleInfo.java:updateAndGet(143)) - e9cccd38-0623-438e-aabf-1afb1561e1cc: start e9cccd38-0623-438e-aabf-1afb1561e1cc@group-6FB94C5BAD6B-FollowerState
2020-12-07 10:48:17,349 [pool-257-thread-1] INFO  util.JmxRegister (JmxRegister.java:tryRegister(44)) - Successfully registered JMX Bean with object name Ratis:service=RaftServer,group=group-6FB94C5BAD6B,id=e9cccd38-0623-438e-aabf-1afb1561e1cc
2020-12-07 10:48:17,350 [pool-257-thread-1] INFO  metrics.RatisMetrics (RatisMetrics.java:lambda$create$0(36)) - Creating Metrics Registry : ratis.state_machine.e9cccd38-0623-438e-aabf-1afb1561e1cc@group-6FB94C5BAD6B
2020-12-07 10:48:17,350 [Command processor thread] INFO  commandhandler.CreatePipelineCommandHandler (CreatePipelineCommandHandler.java:handle(106)) - Created Pipeline RATIS ONE PipelineID=e4afc40e-dff8-4e5c-8349-6fb94c5bad6b.
2020-12-07 10:48:17,532 [Command processor thread] INFO  impl.RaftServerProxy (RaftServerProxy.java:addNew(93)) - 2cccdb4a-43f4-414a-b789-1147e18a9f82: addNew group-5B3C3CFB5850:[2cccdb4a-43f4-414a-b789-1147e18a9f82|rpc:172.17.0.2:37441] returns group-5B3C3CFB5850:java.util.concurrent.CompletableFuture@1bd02d86[Not completed]
2020-12-07 10:48:17,533 [Listener at 127.0.0.1/33429] INFO  ozone.MiniOzoneClusterImpl (MiniOzoneClusterImpl.java:lambda$waitForClusterToBeReady$0(178)) - Nodes are ready. Got 7 of 7 DN Heartbeats.
2020-12-07 10:48:17,533 [Listener at 127.0.0.1/33429] INFO  ozone.MiniOzoneClusterImpl (MiniOzoneClusterImpl.java:lambda$waitForClusterToBeReady$0(181)) - Waiting for cluster to exit safe mode
2020-12-07 10:48:17,534 [pool-273-thread-1] INFO  impl.RaftServerImpl (RaftServerImpl.java:<init>(121)) - 2cccdb4a-43f4-414a-b789-1147e18a9f82: new RaftServerImpl for group-5B3C3CFB5850:[2cccdb4a-43f4-414a-b789-1147e18a9f82|rpc:172.17.0.2:37441] with ContainerStateMachine:uninitialized
2020-12-07 10:48:17,535 [pool-273-thread-1] INFO  server.RaftServerConfigKeys (ConfUtils.java:logGet(44)) - raft.server.rpc.timeout.min = 5s (custom)
2020-12-07 10:48:17,535 [pool-273-thread-1] INFO  server.RaftServerConfigKeys (ConfUtils.java:logGet(44)) - raft.server.rpc.timeout.max = 5200ms (custom)
2020-12-07 10:48:17,535 [pool-273-thread-1] INFO  server.RaftServerConfigKeys (ConfUtils.java:logGet(44)) - raft.server.rpc.slowness.timeout = 300s (custom)
2020-12-07 10:48:17,535 [pool-273-thread-1] INFO  server.RaftServerConfigKeys (ConfUtils.java:logGet(44)) - raft.server.leaderelection.leader.step-down.wait-time = 10s (default)
2020-12-07 10:48:17,535 [pool-273-thread-1] INFO  server.RaftServerConfigKeys (ConfUtils.java:logGet(44)) - raft.server.sleep.deviation.threshold = 300 (default)
2020-12-07 10:48:17,535 [pool-273-thread-1] INFO  server.RaftServerConfigKeys (ConfUtils.java:logGet(44)) - raft.server.log.appender.install.snapshot.enabled = false (custom)
2020-12-07 10:48:17,535 [pool-273-thread-1] INFO  impl.RaftServerImpl (ServerState.java:<init>(104)) - 2cccdb4a-43f4-414a-b789-1147e18a9f82@group-5B3C3CFB5850: ConfigurationManager, init=-1: [2cccdb4a-43f4-414a-b789-1147e18a9f82|rpc:172.17.0.2:37441], old=null, confs=<EMPTY_MAP>
2020-12-07 10:48:17,536 [pool-273-thread-1] INFO  server.RaftServerConfigKeys (ConfUtils.java:logGet(44)) - raft.server.storage.dir = [/github/workspace/mnt/ozone/hadoop-ozone/integration-test/target/test-dir/MiniOzoneClusterImpl-63b0f1bc-721b-4e89-a01a-54c1f1559151/datanode-6/data/ratis] (custom)
2020-12-07 10:48:17,536 [pool-273-thread-1] INFO  server.RaftServerConfigKeys (ConfUtils.java:logGet(44)) - raft.server.log.corruption.policy = EXCEPTION (default)
2020-12-07 10:48:17,536 [pool-273-thread-1] INFO  storage.RaftStorageDirectory (RaftStorageDirectory.java:analyzeStorage(261)) - The storage directory /github/workspace/mnt/ozone/hadoop-ozone/integration-test/target/test-dir/MiniOzoneClusterImpl-63b0f1bc-721b-4e89-a01a-54c1f1559151/datanode-6/data/ratis/ed40f1b1-a750-4495-828f-5b3c3cfb5850 does not exist. Creating ...
2020-12-07 10:48:17,537 [pool-273-thread-1] INFO  storage.RaftStorageDirectory (RaftStorageDirectory.java:tryLock(343)) - Lock on /github/workspace/mnt/ozone/hadoop-ozone/integration-test/target/test-dir/MiniOzoneClusterImpl-63b0f1bc-721b-4e89-a01a-54c1f1559151/datanode-6/data/ratis/ed40f1b1-a750-4495-828f-5b3c3cfb5850/in_use.lock acquired by nodename 26480@e09bffc1a782
2020-12-07 10:48:17,539 [pool-273-thread-1] INFO  storage.RaftStorage (RaftStorage.java:format(85)) - Storage directory /github/workspace/mnt/ozone/hadoop-ozone/integration-test/target/test-dir/MiniOzoneClusterImpl-63b0f1bc-721b-4e89-a01a-54c1f1559151/datanode-6/data/ratis/ed40f1b1-a750-4495-828f-5b3c3cfb5850 has been successfully formatted.
2020-12-07 10:48:17,540 [pool-273-thread-1] INFO  ratis.ContainerStateMachine (ContainerStateMachine.java:loadSnapshot(225)) - group-5B3C3CFB5850: The snapshot info is null. Setting the last applied indexto:(t:0, i:~)
2020-12-07 10:48:17,540 [pool-273-thread-1] INFO  server.RaftServerConfigKeys (ConfUtils.java:logGet(44)) - raft.server.notification.no-leader.timeout = 300s (custom)
2020-12-07 10:48:17,540 [pool-273-thread-1] INFO  server.RaftServerConfigKeys (ConfUtils.java:logGet(44)) - raft.server.log.use.memory = false (default)
2020-12-07 10:48:17,540 [pool-273-thread-1] INFO  server.RaftServerConfigKeys (ConfUtils.java:logGet(44)) - raft.server.log.purge.gap = 1000000 (custom)
2020-12-07 10:48:17,540 [pool-273-thread-1] INFO  metrics.RatisMetrics (RatisMetrics.java:lambda$create$0(36)) - Creating Metrics Registry : ratis.log_worker.2cccdb4a-43f4-414a-b789-1147e18a9f82@group-5B3C3CFB5850
2020-12-07 10:48:17,540 [EventQueue-PipelineReportForOneReplicaPipelineSafeModeRule] INFO  safemode.SCMSafeModeManager (SCMSafeModeManager.java:validateSafeModeExitRules(214)) - AtleastOneDatanodeReportedRule rule is successfully validated
2020-12-07 10:48:17,541 [pool-273-thread-1] INFO  server.RaftServerConfigKeys (ConfUtils.java:logGet(44)) - raft.server.log.appender.buffer.byte-limit = 33554432 (custom)
2020-12-07 10:48:17,541 [pool-273-thread-1] INFO  server.RaftServerConfigKeys (ConfUtils.java:logGet(44)) - raft.server.log.segment.size.max = 1048576 (custom)
2020-12-07 10:48:17,541 [EventQueue-PipelineReportForPipelineReportHandler] INFO  pipeline.PipelineStateManager (PipelineStateManager.java:openPipeline(132)) - Pipeline Pipeline[ Id: ed40f1b1-a750-4495-828f-5b3c3cfb5850, Nodes: 2cccdb4a-43f4-414a-b789-1147e18a9f82{ip: 172.17.0.2, host: e09bffc1a782, networkLocation: /default-rack, certSerialId: null, persistedOpState: IN_SERVICE, persistedOpStateExpiryEpochSec: 0}, Type:RATIS, Factor:ONE, State:ALLOCATED, leaderId:2cccdb4a-43f4-414a-b789-1147e18a9f82, CreationTimestamp2020-12-07T10:48:14.534Z] moved to OPEN state
2020-12-07 10:48:17,541 [pool-273-thread-1] INFO  server.RaftServerConfigKeys (ConfUtils.java:logGet(44)) - raft.server.log.segment.cache.num.max = 2 (custom)
2020-12-07 10:48:17,541 [pool-273-thread-1] INFO  segmented.SegmentedRaftLogWorker (SegmentedRaftLogWorker.java:<init>(180)) - new 2cccdb4a-43f4-414a-b789-1147e18a9f82@group-5B3C3CFB5850-SegmentedRaftLogWorker for RaftStorage:Storage Directory /github/workspace/mnt/ozone/hadoop-ozone/integration-test/target/test-dir/MiniOzoneClusterImpl-63b0f1bc-721b-4e89-a01a-54c1f1559151/datanode-6/data/ratis/ed40f1b1-a750-4495-828f-5b3c3cfb5850
2020-12-07 10:48:17,541 [pool-273-thread-1] INFO  server.RaftServerConfigKeys (ConfUtils.java:logGet(44)) - raft.server.log.queue.byte-limit = 2147483647 (custom)
2020-12-07 10:48:17,542 [pool-273-thread-1] INFO  server.RaftServerConfigKeys (ConfUtils.java:logGet(44)) - raft.server.log.queue.element-limit = 1024 (custom)
2020-12-07 10:48:17,542 [pool-273-thread-1] INFO  server.RaftServerConfigKeys (ConfUtils.java:logGet(44)) - raft.server.log.segment.size.max = 1048576 (custom)
2020-12-07 10:48:17,542 [pool-273-thread-1] INFO  server.RaftServerConfigKeys (ConfUtils.java:logGet(44)) - raft.server.log.preallocated.size = 16384 (custom)
2020-12-07 10:48:17,542 [pool-273-thread-1] INFO  server.RaftServerConfigKeys (ConfUtils.java:logGet(44)) - raft.server.log.write.buffer.size = 1048576 (custom)
2020-12-07 10:48:17,542 [pool-273-thread-1] INFO  server.RaftServerConfigKeys (ConfUtils.java:logGet(44)) - raft.server.log.force.sync.num = 128 (default)
2020-12-07 10:48:17,542 [pool-273-thread-1] INFO  server.RaftServerConfigKeys (ConfUtils.java:logGet(44)) - raft.server.log.statemachine.data.sync = true (default)
2020-12-07 10:48:17,542 [pool-273-thread-1] INFO  server.RaftServerConfigKeys (ConfUtils.java:logGet(44)) - raft.server.log.statemachine.data.sync.timeout = 10s (default)
2020-12-07 10:48:17,542 [pool-273-thread-1] INFO  server.RaftServerConfigKeys (ConfUtils.java:logGet(44)) - raft.server.log.statemachine.data.sync.timeout.retry = -1 (default)
2020-12-07 10:48:17,542 [EventQueue-OpenPipelineForHealthyPipelineSafeModeRule] INFO  safemode.SCMSafeModeManager (HealthyPipelineSafeModeRule.java:process(128)) - SCM in safe mode. Healthy pipelines reported count is 0, required healthy pipeline reported count is 1
2020-12-07 10:48:17,544 [pool-273-thread-1] INFO  server.RaftServerConfigKeys (ConfUtils.java:logGet(44)) - raft.server.log.statemachine.data.caching.enabled = true (custom)
2020-12-07 10:48:17,544 [pool-273-thread-1] INFO  segmented.SegmentedRaftLogWorker (SegmentedRaftLogWorker.java:lambda$new$0(129)) - 2cccdb4a-43f4-414a-b789-1147e18a9f82@group-5B3C3CFB5850-SegmentedRaftLogWorker: flushIndex: setUnconditionally 0 -> -1
2020-12-07 10:48:17,544 [pool-273-thread-1] INFO  segmented.SegmentedRaftLogWorker (SegmentedRaftLogWorker.java:lambda$new$0(129)) - 2cccdb4a-43f4-414a-b789-1147e18a9f82@group-5B3C3CFB5850-SegmentedRaftLogWorker: safeCacheEvictIndex: setUnconditionally 0 -> -1
2020-12-07 10:48:17,544 [pool-273-thread-1] INFO  server.RaftServerConfigKeys (ConfUtils.java:logGet(44)) - raft.server.snapshot.auto.trigger.enabled = true (custom)
2020-12-07 10:48:17,544 [pool-273-thread-1] INFO  server.RaftServerConfigKeys (ConfUtils.java:logGet(44)) - raft.server.snapshot.auto.trigger.threshold = 10000 (custom)
2020-12-07 10:48:17,545 [pool-273-thread-1] INFO  server.RaftServerConfigKeys (ConfUtils.java:logGet(44)) - raft.server.snapshot.retention.file.num = 5 (custom)
2020-12-07 10:48:17,545 [pool-273-thread-1] INFO  server.RaftServerConfigKeys (ConfUtils.java:logGet(44)) - raft.server.log.purge.upto.snapshot.index = false (default)
2020-12-07 10:48:17,545 [pool-273-thread-1] INFO  server.RaftServerConfigKeys (ConfUtils.java:logGet(44)) - raft.server.retrycache.expirytime = 600000ms (custom)
2020-12-07 10:48:17,545 [pool-273-thread-1] INFO  metrics.RatisMetrics (RatisMetrics.java:lambda$create$0(36)) - Creating Metrics Registry : ratis.leader_election.2cccdb4a-43f4-414a-b789-1147e18a9f82@group-5B3C3CFB5850
2020-12-07 10:48:17,545 [pool-273-thread-1] INFO  metrics.RatisMetrics (RatisMetrics.java:lambda$create$0(36)) - Creating Metrics Registry : ratis.server.2cccdb4a-43f4-414a-b789-1147e18a9f82@group-5B3C3CFB5850
2020-12-07 10:48:17,546 [pool-273-thread-1] INFO  impl.RaftServerImpl (RaftServerImpl.java:start(215)) - 2cccdb4a-43f4-414a-b789-1147e18a9f82@group-5B3C3CFB5850: start as a follower, conf=-1: [2cccdb4a-43f4-414a-b789-1147e18a9f82|rpc:172.17.0.2:37441], old=null
2020-12-07 10:48:17,546 [pool-273-thread-1] INFO  impl.RaftServerImpl (RaftServerImpl.java:setRole(204)) - 2cccdb4a-43f4-414a-b789-1147e18a9f82@group-5B3C3CFB5850: changes role from      null to FOLLOWER at term 0 for startAsFollower
2020-12-07 10:48:17,546 [pool-273-thread-1] INFO  impl.RoleInfo (RoleInfo.java:updateAndGet(143)) - 2cccdb4a-43f4-414a-b789-1147e18a9f82: start 2cccdb4a-43f4-414a-b789-1147e18a9f82@group-5B3C3CFB5850-FollowerState
2020-12-07 10:48:17,547 [pool-273-thread-1] INFO  util.JmxRegister (JmxRegister.java:tryRegister(44)) - Successfully registered JMX Bean with object name Ratis:service=RaftServer,group=group-5B3C3CFB5850,id=2cccdb4a-43f4-414a-b789-1147e18a9f82
2020-12-07 10:48:17,547 [pool-273-thread-1] INFO  metrics.RatisMetrics (RatisMetrics.java:lambda$create$0(36)) - Creating Metrics Registry : ratis.state_machine.2cccdb4a-43f4-414a-b789-1147e18a9f82@group-5B3C3CFB5850
2020-12-07 10:48:17,548 [Command processor thread] INFO  commandhandler.CreatePipelineCommandHandler (CreatePipelineCommandHandler.java:handle(106)) - Created Pipeline RATIS ONE PipelineID=ed40f1b1-a750-4495-828f-5b3c3cfb5850.
2020-12-07 10:48:18,533 [Listener at 127.0.0.1/33429] INFO  ozone.MiniOzoneClusterImpl (MiniOzoneClusterImpl.java:lambda$waitForClusterToBeReady$0(178)) - Nodes are ready. Got 7 of 7 DN Heartbeats.
2020-12-07 10:48:18,534 [Listener at 127.0.0.1/33429] INFO  ozone.MiniOzoneClusterImpl (MiniOzoneClusterImpl.java:lambda$waitForClusterToBeReady$0(181)) - Waiting for cluster to exit safe mode
2020-12-07 10:48:19,534 [Listener at 127.0.0.1/33429] INFO  ozone.MiniOzoneClusterImpl (MiniOzoneClusterImpl.java:lambda$waitForClusterToBeReady$0(178)) - Nodes are ready. Got 7 of 7 DN Heartbeats.
2020-12-07 10:48:19,534 [Listener at 127.0.0.1/33429] INFO  ozone.MiniOzoneClusterImpl (MiniOzoneClusterImpl.java:lambda$waitForClusterToBeReady$0(181)) - Waiting for cluster to exit safe mode
2020-12-07 10:48:20,534 [Listener at 127.0.0.1/33429] INFO  ozone.MiniOzoneClusterImpl (MiniOzoneClusterImpl.java:lambda$waitForClusterToBeReady$0(178)) - Nodes are ready. Got 7 of 7 DN Heartbeats.
2020-12-07 10:48:20,535 [Listener at 127.0.0.1/33429] INFO  ozone.MiniOzoneClusterImpl (MiniOzoneClusterImpl.java:lambda$waitForClusterToBeReady$0(181)) - Waiting for cluster to exit safe mode
2020-12-07 10:48:21,356 [Thread-606] INFO  impl.FollowerState (FollowerState.java:run(128)) - 0fa75ab1-6d1c-4858-bfa2-bdb40c45c28d@group-9A51F20A5674-FollowerState: change to CANDIDATE, lastRpcTime:5027ms, electionTimeout:5024ms
2020-12-07 10:48:21,356 [Thread-606] INFO  impl.RoleInfo (RoleInfo.java:shutdownFollowerState(121)) - 0fa75ab1-6d1c-4858-bfa2-bdb40c45c28d: shutdown 0fa75ab1-6d1c-4858-bfa2-bdb40c45c28d@group-9A51F20A5674-FollowerState
2020-12-07 10:48:21,356 [Thread-606] INFO  impl.RaftServerImpl (RaftServerImpl.java:setRole(204)) - 0fa75ab1-6d1c-4858-bfa2-bdb40c45c28d@group-9A51F20A5674: changes role from  FOLLOWER to CANDIDATE at term 0 for changeToCandidate
2020-12-07 10:48:21,356 [Thread-606] INFO  impl.RoleInfo (RoleInfo.java:updateAndGet(143)) - 0fa75ab1-6d1c-4858-bfa2-bdb40c45c28d: start 0fa75ab1-6d1c-4858-bfa2-bdb40c45c28d@group-9A51F20A5674-LeaderElection13
2020-12-07 10:48:21,361 [0fa75ab1-6d1c-4858-bfa2-bdb40c45c28d@group-9A51F20A5674-LeaderElection13] INFO  impl.LeaderElection (LeaderElection.java:askForVotes(215)) - 0fa75ab1-6d1c-4858-bfa2-bdb40c45c28d@group-9A51F20A5674-LeaderElection13: begin an election at term 1 for -1: [786fac63-cb43-495a-b53a-6153a2bfbbd7|rpc:172.17.0.2:37619|dataStream:, 0fa75ab1-6d1c-4858-bfa2-bdb40c45c28d|rpc:172.17.0.2:38457|dataStream:, c8599c9e-d3dc-4d93-b189-78c24227363c|rpc:172.17.0.2:44593|dataStream:], old=null
2020-12-07 10:48:21,376 [grpc-default-executor-1] INFO  metrics.RatisMetrics (RatisMetrics.java:lambda$create$0(36)) - Creating Metrics Registry : ratis.server_message_metrics.786fac63-cb43-495a-b53a-6153a2bfbbd7
2020-12-07 10:48:21,377 [grpc-default-executor-1] INFO  impl.RaftServerImpl (RaftServerImpl.java:setRole(204)) - 786fac63-cb43-495a-b53a-6153a2bfbbd7@group-9A51F20A5674: changes role from  FOLLOWER to FOLLOWER at term 1 for recognizeCandidate:0fa75ab1-6d1c-4858-bfa2-bdb40c45c28d
2020-12-07 10:48:21,378 [grpc-default-executor-1] INFO  impl.RoleInfo (RoleInfo.java:shutdownFollowerState(121)) - 786fac63-cb43-495a-b53a-6153a2bfbbd7: shutdown 786fac63-cb43-495a-b53a-6153a2bfbbd7@group-9A51F20A5674-FollowerState
2020-12-07 10:48:21,378 [grpc-default-executor-1] INFO  impl.RoleInfo (RoleInfo.java:updateAndGet(143)) - 786fac63-cb43-495a-b53a-6153a2bfbbd7: start 786fac63-cb43-495a-b53a-6153a2bfbbd7@group-9A51F20A5674-FollowerState
2020-12-07 10:48:21,378 [Thread-601] INFO  impl.FollowerState (FollowerState.java:run(137)) - 786fac63-cb43-495a-b53a-6153a2bfbbd7@group-9A51F20A5674-FollowerState was interrupted: {}
java.lang.InterruptedException: sleep interrupted
	at java.lang.Thread.sleep(Native Method)
	at org.apache.ratis.util.JavaUtils.sleep(JavaUtils.java:250)
	at org.apache.ratis.server.impl.FollowerState.run(FollowerState.java:116)
2020-12-07 10:48:21,382 [grpc-default-executor-1] INFO  impl.RaftServerImpl (RaftServerImpl.java:requestVote(963)) -  FOLLOWER 786fac63-cb43-495a-b53a-6153a2bfbbd7@group-9A51F20A5674:t1, leader=null, voted=null, raftlog=786fac63-cb43-495a-b53a-6153a2bfbbd7@group-9A51F20A5674-SegmentedRaftLog:OPENED:c-1,f-1,i0, conf=-1: [786fac63-cb43-495a-b53a-6153a2bfbbd7|rpc:172.17.0.2:37619, 0fa75ab1-6d1c-4858-bfa2-bdb40c45c28d|rpc:172.17.0.2:38457, c8599c9e-d3dc-4d93-b189-78c24227363c|rpc:172.17.0.2:44593], old=null RUNNING priority:0 candidate:0fa75ab1-6d1c-4858-bfa2-bdb40c45c28d|rpc:172.17.0.2:38457 candidatePriority:0 compare:0
2020-12-07 10:48:21,383 [grpc-default-executor-0] INFO  impl.RaftServerImpl (RaftServerImpl.java:setRole(204)) - c8599c9e-d3dc-4d93-b189-78c24227363c@group-9A51F20A5674: changes role from  FOLLOWER to FOLLOWER at term 1 for recognizeCandidate:0fa75ab1-6d1c-4858-bfa2-bdb40c45c28d
2020-12-07 10:48:21,383 [grpc-default-executor-0] INFO  impl.RoleInfo (RoleInfo.java:shutdownFollowerState(121)) - c8599c9e-d3dc-4d93-b189-78c24227363c: shutdown c8599c9e-d3dc-4d93-b189-78c24227363c@group-9A51F20A5674-FollowerState
2020-12-07 10:48:21,383 [grpc-default-executor-0] INFO  impl.RoleInfo (RoleInfo.java:updateAndGet(143)) - c8599c9e-d3dc-4d93-b189-78c24227363c: start c8599c9e-d3dc-4d93-b189-78c24227363c@group-9A51F20A5674-FollowerState
2020-12-07 10:48:21,383 [Thread-603] INFO  impl.FollowerState (FollowerState.java:run(137)) - c8599c9e-d3dc-4d93-b189-78c24227363c@group-9A51F20A5674-FollowerState was interrupted: {}
java.lang.InterruptedException: sleep interrupted
	at java.lang.Thread.sleep(Native Method)
	at org.apache.ratis.util.JavaUtils.sleep(JavaUtils.java:250)
	at org.apache.ratis.server.impl.FollowerState.run(FollowerState.java:116)
2020-12-07 10:48:21,383 [grpc-default-executor-0] INFO  impl.RaftServerImpl (RaftServerImpl.java:requestVote(963)) -  FOLLOWER c8599c9e-d3dc-4d93-b189-78c24227363c@group-9A51F20A5674:t1, leader=null, voted=null, raftlog=c8599c9e-d3dc-4d93-b189-78c24227363c@group-9A51F20A5674-SegmentedRaftLog:OPENED:c-1,f-1,i0, conf=-1: [786fac63-cb43-495a-b53a-6153a2bfbbd7|rpc:172.17.0.2:37619|dataStream:, 0fa75ab1-6d1c-4858-bfa2-bdb40c45c28d|rpc:172.17.0.2:38457|dataStream:, c8599c9e-d3dc-4d93-b189-78c24227363c|rpc:172.17.0.2:44593|dataStream:], old=null RUNNING priority:0 candidate:0fa75ab1-6d1c-4858-bfa2-bdb40c45c28d|rpc:172.17.0.2:38457|dataStream: candidatePriority:0 compare:0
2020-12-07 10:48:21,393 [Thread-599] INFO  impl.FollowerState (FollowerState.java:run(128)) - 786fac63-cb43-495a-b53a-6153a2bfbbd7@group-293A9D80C3B9-FollowerState: change to CANDIDATE, lastRpcTime:5154ms, electionTimeout:5149ms
2020-12-07 10:48:21,393 [Thread-599] INFO  impl.RoleInfo (RoleInfo.java:shutdownFollowerState(121)) - 786fac63-cb43-495a-b53a-6153a2bfbbd7: shutdown 786fac63-cb43-495a-b53a-6153a2bfbbd7@group-293A9D80C3B9-FollowerState
2020-12-07 10:48:21,393 [Thread-599] INFO  impl.RaftServerImpl (RaftServerImpl.java:setRole(204)) - 786fac63-cb43-495a-b53a-6153a2bfbbd7@group-293A9D80C3B9: changes role from  FOLLOWER to CANDIDATE at term 0 for changeToCandidate
2020-12-07 10:48:21,393 [Thread-599] INFO  impl.RoleInfo (RoleInfo.java:updateAndGet(143)) - 786fac63-cb43-495a-b53a-6153a2bfbbd7: start 786fac63-cb43-495a-b53a-6153a2bfbbd7@group-293A9D80C3B9-LeaderElection14
2020-12-07 10:48:21,397 [0fa75ab1-6d1c-4858-bfa2-bdb40c45c28d@group-9A51F20A5674-LeaderElection13] INFO  impl.LeaderElection (LeaderElection.java:logAndReturn(65)) - 0fa75ab1-6d1c-4858-bfa2-bdb40c45c28d@group-9A51F20A5674-LeaderElection13: Election PASSED; received 1 response(s) [0fa75ab1-6d1c-4858-bfa2-bdb40c45c28d<-786fac63-cb43-495a-b53a-6153a2bfbbd7#0:OK-t1] and 0 exception(s); 0fa75ab1-6d1c-4858-bfa2-bdb40c45c28d@group-9A51F20A5674:t1, leader=null, voted=0fa75ab1-6d1c-4858-bfa2-bdb40c45c28d, raftlog=0fa75ab1-6d1c-4858-bfa2-bdb40c45c28d@group-9A51F20A5674-SegmentedRaftLog:OPENED:c-1,f-1,i0, conf=-1: [786fac63-cb43-495a-b53a-6153a2bfbbd7|rpc:172.17.0.2:37619|dataStream:, 0fa75ab1-6d1c-4858-bfa2-bdb40c45c28d|rpc:172.17.0.2:38457|dataStream:, c8599c9e-d3dc-4d93-b189-78c24227363c|rpc:172.17.0.2:44593|dataStream:], old=null
2020-12-07 10:48:21,402 [0fa75ab1-6d1c-4858-bfa2-bdb40c45c28d@group-9A51F20A5674-LeaderElection13] INFO  impl.RoleInfo (RoleInfo.java:shutdownLeaderElection(134)) - 0fa75ab1-6d1c-4858-bfa2-bdb40c45c28d: shutdown 0fa75ab1-6d1c-4858-bfa2-bdb40c45c28d@group-9A51F20A5674-LeaderElection13
2020-12-07 10:48:21,402 [0fa75ab1-6d1c-4858-bfa2-bdb40c45c28d@group-9A51F20A5674-LeaderElection13] INFO  impl.RaftServerImpl (RaftServerImpl.java:setRole(204)) - 0fa75ab1-6d1c-4858-bfa2-bdb40c45c28d@group-9A51F20A5674: changes role from CANDIDATE to LEADER at term 1 for changeToLeader
2020-12-07 10:48:21,403 [0fa75ab1-6d1c-4858-bfa2-bdb40c45c28d@group-9A51F20A5674-LeaderElection13] INFO  ratis.XceiverServerRatis (XceiverServerRatis.java:handleLeaderChangedNotification(854)) - Leader change notification received for group: group-9A51F20A5674 with new leaderId: 0fa75ab1-6d1c-4858-bfa2-bdb40c45c28d
2020-12-07 10:48:21,403 [0fa75ab1-6d1c-4858-bfa2-bdb40c45c28d@group-9A51F20A5674-LeaderElection13] INFO  impl.RaftServerImpl (ServerState.java:setLeader(256)) - 0fa75ab1-6d1c-4858-bfa2-bdb40c45c28d@group-9A51F20A5674: change Leader from null to 0fa75ab1-6d1c-4858-bfa2-bdb40c45c28d at term 1 for becomeLeader, leader elected after 5087ms
2020-12-07 10:48:21,403 [0fa75ab1-6d1c-4858-bfa2-bdb40c45c28d@group-9A51F20A5674-LeaderElection13] INFO  server.RaftServerConfigKeys (ConfUtils.java:logGet(44)) - raft.server.staging.catchup.gap = 1000 (default)
2020-12-07 10:48:21,403 [0fa75ab1-6d1c-4858-bfa2-bdb40c45c28d@group-9A51F20A5674-LeaderElection13] INFO  server.RaftServerConfigKeys (ConfUtils.java:logGet(44)) - raft.server.rpc.sleep.time = 25ms (default)
2020-12-07 10:48:21,403 [0fa75ab1-6d1c-4858-bfa2-bdb40c45c28d@group-9A51F20A5674-LeaderElection13] INFO  metrics.RatisMetrics (RatisMetrics.java:lambda$create$0(36)) - Creating Metrics Registry : ratis.log_appender.0fa75ab1-6d1c-4858-bfa2-bdb40c45c28d@group-9A51F20A5674
2020-12-07 10:48:21,403 [0fa75ab1-6d1c-4858-bfa2-bdb40c45c28d@group-9A51F20A5674-LeaderElection13] INFO  server.RaftServerConfigKeys (ConfUtils.java:logGet(44)) - raft.server.write.element-limit = 1024 (custom)
2020-12-07 10:48:21,403 [0fa75ab1-6d1c-4858-bfa2-bdb40c45c28d@group-9A51F20A5674-LeaderElection13] INFO  server.RaftServerConfigKeys (ConfUtils.java:logGet(44)) - raft.server.write.byte-limit = 1073741824 (custom)
2020-12-07 10:48:21,404 [0fa75ab1-6d1c-4858-bfa2-bdb40c45c28d@group-9A51F20A5674-LeaderElection13] INFO  server.RaftServerConfigKeys (ConfUtils.java:logGet(44)) - raft.server.watch.timeout = 180s (custom)
2020-12-07 10:48:21,404 [0fa75ab1-6d1c-4858-bfa2-bdb40c45c28d@group-9A51F20A5674-LeaderElection13] INFO  server.RaftServerConfigKeys (ConfUtils.java:logGet(44)) - raft.server.watch.timeout.denomination = 1s (default)
2020-12-07 10:48:21,404 [0fa75ab1-6d1c-4858-bfa2-bdb40c45c28d@group-9A51F20A5674-LeaderElection13] INFO  server.RaftServerConfigKeys (ConfUtils.java:logGet(44)) - raft.server.watch.element-limit = 65536 (default)
2020-12-07 10:48:21,404 [0fa75ab1-6d1c-4858-bfa2-bdb40c45c28d@group-9A51F20A5674-LeaderElection13] INFO  server.RaftServerConfigKeys (ConfUtils.java:logGet(44)) - raft.server.log.appender.snapshot.chunk.size.max = 16MB (=16777216) (default)
2020-12-07 10:48:21,404 [0fa75ab1-6d1c-4858-bfa2-bdb40c45c28d@group-9A51F20A5674-LeaderElection13] INFO  server.RaftServerConfigKeys (ConfUtils.java:logGet(44)) - raft.server.log.appender.buffer.byte-limit = 33554432 (custom)
2020-12-07 10:48:21,404 [EventQueue-PipelineReportForOneReplicaPipelineSafeModeRule] INFO  safemode.SCMSafeModeManager (SCMSafeModeManager.java:validateSafeModeExitRules(214)) - AtleastOneDatanodeReportedRule rule is successfully validated
2020-12-07 10:48:21,409 [786fac63-cb43-495a-b53a-6153a2bfbbd7@group-293A9D80C3B9-LeaderElection14] INFO  impl.LeaderElection (LeaderElection.java:askForVotes(215)) - 786fac63-cb43-495a-b53a-6153a2bfbbd7@group-293A9D80C3B9-LeaderElection14: begin an election at term 1 for -1: [786fac63-cb43-495a-b53a-6153a2bfbbd7|rpc:172.17.0.2:37619], old=null
2020-12-07 10:48:21,405 [0fa75ab1-6d1c-4858-bfa2-bdb40c45c28d@group-9A51F20A5674-LeaderElection13] INFO  server.RaftServerConfigKeys (ConfUtils.java:logGet(44)) - raft.server.log.appender.buffer.element-limit = 1 (custom)
2020-12-07 10:48:21,410 [0fa75ab1-6d1c-4858-bfa2-bdb40c45c28d@group-9A51F20A5674-LeaderElection13] INFO  grpc.GrpcConfigKeys (ConfUtils.java:logGet(44)) - raft.grpc.server.leader.outstanding.appends.max = 128 (default)
2020-12-07 10:48:21,410 [0fa75ab1-6d1c-4858-bfa2-bdb40c45c28d@group-9A51F20A5674-LeaderElection13] INFO  server.RaftServerConfigKeys (ConfUtils.java:logGet(44)) - raft.server.rpc.request.timeout = 60s (custom)
2020-12-07 10:48:21,410 [0fa75ab1-6d1c-4858-bfa2-bdb40c45c28d@group-9A51F20A5674-LeaderElection13] INFO  server.RaftServerConfigKeys (ConfUtils.java:logGet(44)) - raft.server.log.appender.install.snapshot.enabled = false (custom)
2020-12-07 10:48:21,410 [0fa75ab1-6d1c-4858-bfa2-bdb40c45c28d@group-9A51F20A5674-LeaderElection13] INFO  metrics.RatisMetrics (RatisMetrics.java:lambda$create$0(36)) - Creating Metrics Registry : ratis_grpc.log_appender.0fa75ab1-6d1c-4858-bfa2-bdb40c45c28d@group-9A51F20A5674
2020-12-07 10:48:21,411 [0fa75ab1-6d1c-4858-bfa2-bdb40c45c28d@group-9A51F20A5674-LeaderElection13] INFO  server.RaftServerConfigKeys (ConfUtils.java:logGet(44)) - raft.server.log.appender.snapshot.chunk.size.max = 16MB (=16777216) (default)
2020-12-07 10:48:21,411 [0fa75ab1-6d1c-4858-bfa2-bdb40c45c28d@group-9A51F20A5674-LeaderElection13] INFO  server.RaftServerConfigKeys (ConfUtils.java:logGet(44)) - raft.server.log.appender.buffer.byte-limit = 33554432 (custom)
2020-12-07 10:48:21,412 [0fa75ab1-6d1c-4858-bfa2-bdb40c45c28d@group-9A51F20A5674-LeaderElection13] INFO  server.RaftServerConfigKeys (ConfUtils.java:logGet(44)) - raft.server.log.appender.buffer.element-limit = 1 (custom)
2020-12-07 10:48:21,412 [0fa75ab1-6d1c-4858-bfa2-bdb40c45c28d@group-9A51F20A5674-LeaderElection13] INFO  grpc.GrpcConfigKeys (ConfUtils.java:logGet(44)) - raft.grpc.server.leader.outstanding.appends.max = 128 (default)
2020-12-07 10:48:21,412 [0fa75ab1-6d1c-4858-bfa2-bdb40c45c28d@group-9A51F20A5674-LeaderElection13] INFO  server.RaftServerConfigKeys (ConfUtils.java:logGet(44)) - raft.server.rpc.request.timeout = 60s (custom)
2020-12-07 10:48:21,412 [0fa75ab1-6d1c-4858-bfa2-bdb40c45c28d@group-9A51F20A5674-LeaderElection13] INFO  server.RaftServerConfigKeys (ConfUtils.java:logGet(44)) - raft.server.log.appender.install.snapshot.enabled = false (custom)
2020-12-07 10:48:21,413 [0fa75ab1-6d1c-4858-bfa2-bdb40c45c28d@group-9A51F20A5674-LeaderElection13] INFO  impl.RoleInfo (RoleInfo.java:updateAndGet(143)) - 0fa75ab1-6d1c-4858-bfa2-bdb40c45c28d: start 0fa75ab1-6d1c-4858-bfa2-bdb40c45c28d@group-9A51F20A5674-LeaderState
2020-12-07 10:48:21,413 [0fa75ab1-6d1c-4858-bfa2-bdb40c45c28d@group-9A51F20A5674-LeaderElection13] INFO  segmented.SegmentedRaftLogWorker (SegmentedRaftLogWorker.java:startLogSegment(398)) - 0fa75ab1-6d1c-4858-bfa2-bdb40c45c28d@group-9A51F20A5674-SegmentedRaftLogWorker: Starting segment from index:0
2020-12-07 10:48:21,404 [EventQueue-PipelineReportForPipelineReportHandler] INFO  pipeline.PipelineStateManager (PipelineStateManager.java:openPipeline(132)) - Pipeline Pipeline[ Id: 2ccd2da7-92ab-4207-8952-9a51f20a5674, Nodes: 786fac63-cb43-495a-b53a-6153a2bfbbd7{ip: 172.17.0.2, host: e09bffc1a782, networkLocation: /default-rack, certSerialId: null, persistedOpState: IN_SERVICE, persistedOpStateExpiryEpochSec: 0}c8599c9e-d3dc-4d93-b189-78c24227363c{ip: 172.17.0.2, host: e09bffc1a782, networkLocation: /default-rack, certSerialId: null, persistedOpState: IN_SERVICE, persistedOpStateExpiryEpochSec: 0}0fa75ab1-6d1c-4858-bfa2-bdb40c45c28d{ip: 172.17.0.2, host: e09bffc1a782, networkLocation: /default-rack, certSerialId: null, persistedOpState: IN_SERVICE, persistedOpStateExpiryEpochSec: 0}, Type:RATIS, Factor:THREE, State:ALLOCATED, leaderId:0fa75ab1-6d1c-4858-bfa2-bdb40c45c28d, CreationTimestamp2020-12-07T10:48:13.657Z] moved to OPEN state
2020-12-07 10:48:21,414 [EventQueue-OpenPipelineForHealthyPipelineSafeModeRule] INFO  safemode.SCMSafeModeManager (HealthyPipelineSafeModeRule.java:process(128)) - SCM in safe mode. Healthy pipelines reported count is 1, required healthy pipeline reported count is 1
2020-12-07 10:48:21,414 [EventQueue-OpenPipelineForHealthyPipelineSafeModeRule] INFO  safemode.SCMSafeModeManager (SCMSafeModeManager.java:validateSafeModeExitRules(214)) - HealthyPipelineSafeModeRule rule is successfully validated
2020-12-07 10:48:21,414 [EventQueue-OpenPipelineForHealthyPipelineSafeModeRule] INFO  safemode.SCMSafeModeManager (SCMSafeModeManager.java:validateSafeModeExitRules(228)) - ScmSafeModeManager, all rules are successfully validated
2020-12-07 10:48:21,414 [EventQueue-OpenPipelineForHealthyPipelineSafeModeRule] INFO  safemode.SCMSafeModeManager (SCMSafeModeManager.java:exitSafeMode(257)) - SCM exiting safe mode.
2020-12-07 10:48:21,415 [786fac63-cb43-495a-b53a-6153a2bfbbd7@group-293A9D80C3B9-LeaderElection14] INFO  impl.RoleInfo (RoleInfo.java:shutdownLeaderElection(134)) - 786fac63-cb43-495a-b53a-6153a2bfbbd7: shutdown 786fac63-cb43-495a-b53a-6153a2bfbbd7@group-293A9D80C3B9-LeaderElection14
2020-12-07 10:48:21,416 [786fac63-cb43-495a-b53a-6153a2bfbbd7@group-293A9D80C3B9-LeaderElection14] INFO  impl.RaftServerImpl (RaftServerImpl.java:setRole(204)) - 786fac63-cb43-495a-b53a-6153a2bfbbd7@group-293A9D80C3B9: changes role from CANDIDATE to LEADER at term 1 for changeToLeader
2020-12-07 10:48:21,416 [786fac63-cb43-495a-b53a-6153a2bfbbd7@group-293A9D80C3B9-LeaderElection14] INFO  ratis.XceiverServerRatis (XceiverServerRatis.java:handleLeaderChangedNotification(854)) - Leader change notification received for group: group-293A9D80C3B9 with new leaderId: 786fac63-cb43-495a-b53a-6153a2bfbbd7
2020-12-07 10:48:21,416 [0fa75ab1-6d1c-4858-bfa2-bdb40c45c28d@group-9A51F20A5674-SegmentedRaftLogWorker] INFO  segmented.SegmentedRaftLogWorker (SegmentedRaftLogWorker.java:execute(597)) - 0fa75ab1-6d1c-4858-bfa2-bdb40c45c28d@group-9A51F20A5674-SegmentedRaftLogWorker: created new log segment /github/workspace/mnt/ozone/hadoop-ozone/integration-test/target/test-dir/MiniOzoneClusterImpl-63b0f1bc-721b-4e89-a01a-54c1f1559151/datanode-1/data/ratis/2ccd2da7-92ab-4207-8952-9a51f20a5674/current/log_inprogress_0
2020-12-07 10:48:21,416 [0fa75ab1-6d1c-4858-bfa2-bdb40c45c28d@group-9A51F20A5674-LeaderElection13] INFO  impl.RaftServerImpl (ServerState.java:setRaftConf(374)) - 0fa75ab1-6d1c-4858-bfa2-bdb40c45c28d@group-9A51F20A5674: set configuration 0: [786fac63-cb43-495a-b53a-6153a2bfbbd7|rpc:172.17.0.2:37619|dataStream:, 0fa75ab1-6d1c-4858-bfa2-bdb40c45c28d|rpc:172.17.0.2:38457|dataStream:, c8599c9e-d3dc-4d93-b189-78c24227363c|rpc:172.17.0.2:44593|dataStream:], old=null at 0
2020-12-07 10:48:21,422 [786fac63-cb43-495a-b53a-6153a2bfbbd7@group-293A9D80C3B9-LeaderElection14] INFO  impl.RaftServerImpl (ServerState.java:setLeader(256)) - 786fac63-cb43-495a-b53a-6153a2bfbbd7@group-293A9D80C3B9: change Leader from null to 786fac63-cb43-495a-b53a-6153a2bfbbd7 at term 1 for becomeLeader, leader elected after 5186ms
2020-12-07 10:48:21,422 [786fac63-cb43-495a-b53a-6153a2bfbbd7@group-293A9D80C3B9-LeaderElection14] INFO  server.RaftServerConfigKeys (ConfUtils.java:logGet(44)) - raft.server.staging.catchup.gap = 1000 (default)
2020-12-07 10:48:21,422 [786fac63-cb43-495a-b53a-6153a2bfbbd7@group-293A9D80C3B9-LeaderElection14] INFO  server.RaftServerConfigKeys (ConfUtils.java:logGet(44)) - raft.server.rpc.sleep.time = 25ms (default)
2020-12-07 10:48:21,422 [786fac63-cb43-495a-b53a-6153a2bfbbd7@group-293A9D80C3B9-LeaderElection14] INFO  metrics.RatisMetrics (RatisMetrics.java:lambda$create$0(36)) - Creating Metrics Registry : ratis.log_appender.786fac63-cb43-495a-b53a-6153a2bfbbd7@group-293A9D80C3B9
2020-12-07 10:48:21,422 [786fac63-cb43-495a-b53a-6153a2bfbbd7@group-293A9D80C3B9-LeaderElection14] INFO  server.RaftServerConfigKeys (ConfUtils.java:logGet(44)) - raft.server.write.element-limit = 1024 (custom)
2020-12-07 10:48:21,422 [786fac63-cb43-495a-b53a-6153a2bfbbd7@group-293A9D80C3B9-LeaderElection14] INFO  server.RaftServerConfigKeys (ConfUtils.java:logGet(44)) - raft.server.write.byte-limit = 1073741824 (custom)
2020-12-07 10:48:21,422 [786fac63-cb43-495a-b53a-6153a2bfbbd7@group-293A9D80C3B9-LeaderElection14] INFO  server.RaftServerConfigKeys (ConfUtils.java:logGet(44)) - raft.server.watch.timeout = 180s (custom)
2020-12-07 10:48:21,423 [786fac63-cb43-495a-b53a-6153a2bfbbd7@group-293A9D80C3B9-LeaderElection14] INFO  server.RaftServerConfigKeys (ConfUtils.java:logGet(44)) - raft.server.watch.timeout.denomination = 1s (default)
2020-12-07 10:48:21,423 [786fac63-cb43-495a-b53a-6153a2bfbbd7@group-293A9D80C3B9-LeaderElection14] INFO  server.RaftServerConfigKeys (ConfUtils.java:logGet(44)) - raft.server.watch.element-limit = 65536 (default)
2020-12-07 10:48:21,423 [786fac63-cb43-495a-b53a-6153a2bfbbd7@group-293A9D80C3B9-LeaderElection14] INFO  impl.RoleInfo (RoleInfo.java:updateAndGet(143)) - 786fac63-cb43-495a-b53a-6153a2bfbbd7: start 786fac63-cb43-495a-b53a-6153a2bfbbd7@group-293A9D80C3B9-LeaderState
2020-12-07 10:48:21,423 [786fac63-cb43-495a-b53a-6153a2bfbbd7@group-293A9D80C3B9-LeaderElection14] INFO  segmented.SegmentedRaftLogWorker (SegmentedRaftLogWorker.java:startLogSegment(398)) - 786fac63-cb43-495a-b53a-6153a2bfbbd7@group-293A9D80C3B9-SegmentedRaftLogWorker: Starting segment from index:0
2020-12-07 10:48:21,426 [786fac63-cb43-495a-b53a-6153a2bfbbd7@group-293A9D80C3B9-SegmentedRaftLogWorker] INFO  segmented.SegmentedRaftLogWorker (SegmentedRaftLogWorker.java:execute(597)) - 786fac63-cb43-495a-b53a-6153a2bfbbd7@group-293A9D80C3B9-SegmentedRaftLogWorker: created new log segment /github/workspace/mnt/ozone/hadoop-ozone/integration-test/target/test-dir/MiniOzoneClusterImpl-63b0f1bc-721b-4e89-a01a-54c1f1559151/datanode-0/data/ratis/5cd738b5-642c-4291-84ee-293a9d80c3b9/current/log_inprogress_0
2020-12-07 10:48:21,427 [786fac63-cb43-495a-b53a-6153a2bfbbd7@group-293A9D80C3B9-LeaderElection14] INFO  impl.RaftServerImpl (ServerState.java:setRaftConf(374)) - 786fac63-cb43-495a-b53a-6153a2bfbbd7@group-293A9D80C3B9: set configuration 0: [786fac63-cb43-495a-b53a-6153a2bfbbd7|rpc:172.17.0.2:37619|dataStream:], old=null at 0
2020-12-07 10:48:21,445 [grpc-default-executor-0] INFO  ratis.XceiverServerRatis (XceiverServerRatis.java:handleLeaderChangedNotification(854)) - Leader change notification received for group: group-9A51F20A5674 with new leaderId: 0fa75ab1-6d1c-4858-bfa2-bdb40c45c28d
2020-12-07 10:48:21,445 [grpc-default-executor-0] INFO  impl.RaftServerImpl (ServerState.java:setLeader(256)) - 786fac63-cb43-495a-b53a-6153a2bfbbd7@group-9A51F20A5674: change Leader from null to 0fa75ab1-6d1c-4858-bfa2-bdb40c45c28d at term 1 for appendEntries, leader elected after 5191ms
2020-12-07 10:48:21,448 [grpc-default-executor-0] INFO  impl.RaftServerImpl (ServerState.java:setRaftConf(374)) - 786fac63-cb43-495a-b53a-6153a2bfbbd7@group-9A51F20A5674: set configuration 0: [786fac63-cb43-495a-b53a-6153a2bfbbd7|rpc:172.17.0.2:37619|dataStream:, 0fa75ab1-6d1c-4858-bfa2-bdb40c45c28d|rpc:172.17.0.2:38457|dataStream:, c8599c9e-d3dc-4d93-b189-78c24227363c|rpc:172.17.0.2:44593|dataStream:], old=null at 0
2020-12-07 10:48:21,449 [grpc-default-executor-0] INFO  segmented.SegmentedRaftLogWorker (SegmentedRaftLogWorker.java:startLogSegment(398)) - 786fac63-cb43-495a-b53a-6153a2bfbbd7@group-9A51F20A5674-SegmentedRaftLogWorker: Starting segment from index:0
2020-12-07 10:48:21,458 [786fac63-cb43-495a-b53a-6153a2bfbbd7@group-9A51F20A5674-SegmentedRaftLogWorker] INFO  segmented.SegmentedRaftLogWorker (SegmentedRaftLogWorker.java:execute(597)) - 786fac63-cb43-495a-b53a-6153a2bfbbd7@group-9A51F20A5674-SegmentedRaftLogWorker: created new log segment /github/workspace/mnt/ozone/hadoop-ozone/integration-test/target/test-dir/MiniOzoneClusterImpl-63b0f1bc-721b-4e89-a01a-54c1f1559151/datanode-0/data/ratis/2ccd2da7-92ab-4207-8952-9a51f20a5674/current/log_inprogress_0
2020-12-07 10:48:21,458 [grpc-default-executor-2] INFO  ratis.XceiverServerRatis (XceiverServerRatis.java:handleLeaderChangedNotification(854)) - Leader change notification received for group: group-9A51F20A5674 with new leaderId: 0fa75ab1-6d1c-4858-bfa2-bdb40c45c28d
2020-12-07 10:48:21,458 [grpc-default-executor-2] INFO  impl.RaftServerImpl (ServerState.java:setLeader(256)) - c8599c9e-d3dc-4d93-b189-78c24227363c@group-9A51F20A5674: change Leader from null to 0fa75ab1-6d1c-4858-bfa2-bdb40c45c28d at term 1 for appendEntries, leader elected after 5174ms
2020-12-07 10:48:21,462 [org.apache.ratis.server.JvmPauseMonitor@6c28e06d-Monitor] WARN  server.JvmPauseMonitor (JvmPauseMonitor.java:run(141)) - Detected pause in JVM or host machine (eg GC): pause of approximately 1ms
No GCs detected
2020-12-07 10:48:21,462 [grpc-default-executor-2] INFO  impl.RaftServerImpl (ServerState.java:setRaftConf(374)) - c8599c9e-d3dc-4d93-b189-78c24227363c@group-9A51F20A5674: set configuration 0: [786fac63-cb43-495a-b53a-6153a2bfbbd7|rpc:172.17.0.2:37619|dataStream:, 0fa75ab1-6d1c-4858-bfa2-bdb40c45c28d|rpc:172.17.0.2:38457|dataStream:, c8599c9e-d3dc-4d93-b189-78c24227363c|rpc:172.17.0.2:44593|dataStream:], old=null at 0
2020-12-07 10:48:21,463 [grpc-default-executor-2] INFO  segmented.SegmentedRaftLogWorker (SegmentedRaftLogWorker.java:startLogSegment(398)) - c8599c9e-d3dc-4d93-b189-78c24227363c@group-9A51F20A5674-SegmentedRaftLogWorker: Starting segment from index:0
2020-12-07 10:48:21,465 [c8599c9e-d3dc-4d93-b189-78c24227363c@group-9A51F20A5674-SegmentedRaftLogWorker] INFO  segmented.SegmentedRaftLogWorker (SegmentedRaftLogWorker.java:execute(597)) - c8599c9e-d3dc-4d93-b189-78c24227363c@group-9A51F20A5674-SegmentedRaftLogWorker: created new log segment /github/workspace/mnt/ozone/hadoop-ozone/integration-test/target/test-dir/MiniOzoneClusterImpl-63b0f1bc-721b-4e89-a01a-54c1f1559151/datanode-2/data/ratis/2ccd2da7-92ab-4207-8952-9a51f20a5674/current/log_inprogress_0
2020-12-07 10:48:21,518 [Thread-609] INFO  impl.FollowerState (FollowerState.java:run(128)) - 0fa75ab1-6d1c-4858-bfa2-bdb40c45c28d@group-A193149BD2F2-FollowerState: change to CANDIDATE, lastRpcTime:5057ms, electionTimeout:5056ms
2020-12-07 10:48:21,518 [Thread-609] INFO  impl.RoleInfo (RoleInfo.java:shutdownFollowerState(121)) - 0fa75ab1-6d1c-4858-bfa2-bdb40c45c28d: shutdown 0fa75ab1-6d1c-4858-bfa2-bdb40c45c28d@group-A193149BD2F2-FollowerState
2020-12-07 10:48:21,518 [Thread-609] INFO  impl.RaftServerImpl (RaftServerImpl.java:setRole(204)) - 0fa75ab1-6d1c-4858-bfa2-bdb40c45c28d@group-A193149BD2F2: changes role from  FOLLOWER to CANDIDATE at term 0 for changeToCandidate
2020-12-07 10:48:21,518 [Thread-609] INFO  impl.RoleInfo (RoleInfo.java:updateAndGet(143)) - 0fa75ab1-6d1c-4858-bfa2-bdb40c45c28d: start 0fa75ab1-6d1c-4858-bfa2-bdb40c45c28d@group-A193149BD2F2-LeaderElection15
2020-12-07 10:48:21,521 [0fa75ab1-6d1c-4858-bfa2-bdb40c45c28d@group-A193149BD2F2-LeaderElection15] INFO  impl.LeaderElection (LeaderElection.java:askForVotes(215)) - 0fa75ab1-6d1c-4858-bfa2-bdb40c45c28d@group-A193149BD2F2-LeaderElection15: begin an election at term 1 for -1: [0fa75ab1-6d1c-4858-bfa2-bdb40c45c28d|rpc:172.17.0.2:38457], old=null
2020-12-07 10:48:21,521 [0fa75ab1-6d1c-4858-bfa2-bdb40c45c28d@group-A193149BD2F2-LeaderElection15] INFO  impl.RoleInfo (RoleInfo.java:shutdownLeaderElection(134)) - 0fa75ab1-6d1c-4858-bfa2-bdb40c45c28d: shutdown 0fa75ab1-6d1c-4858-bfa2-bdb40c45c28d@group-A193149BD2F2-LeaderElection15
2020-12-07 10:48:21,522 [0fa75ab1-6d1c-4858-bfa2-bdb40c45c28d@group-A193149BD2F2-LeaderElection15] INFO  impl.RaftServerImpl (RaftServerImpl.java:setRole(204)) - 0fa75ab1-6d1c-4858-bfa2-bdb40c45c28d@group-A193149BD2F2: changes role from CANDIDATE to LEADER at term 1 for changeToLeader
2020-12-07 10:48:21,522 [0fa75ab1-6d1c-4858-bfa2-bdb40c45c28d@group-A193149BD2F2-LeaderElection15] INFO  ratis.XceiverServerRatis (XceiverServerRatis.java:handleLeaderChangedNotification(854)) - Leader change notification received for group: group-A193149BD2F2 with new leaderId: 0fa75ab1-6d1c-4858-bfa2-bdb40c45c28d
2020-12-07 10:48:21,522 [0fa75ab1-6d1c-4858-bfa2-bdb40c45c28d@group-A193149BD2F2-LeaderElection15] INFO  impl.RaftServerImpl (ServerState.java:setLeader(256)) - 0fa75ab1-6d1c-4858-bfa2-bdb40c45c28d@group-A193149BD2F2: change Leader from null to 0fa75ab1-6d1c-4858-bfa2-bdb40c45c28d at term 1 for becomeLeader, leader elected after 5074ms
2020-12-07 10:48:21,522 [0fa75ab1-6d1c-4858-bfa2-bdb40c45c28d@group-A193149BD2F2-LeaderElection15] INFO  server.RaftServerConfigKeys (ConfUtils.java:logGet(44)) - raft.server.staging.catchup.gap = 1000 (default)
2020-12-07 10:48:21,523 [0fa75ab1-6d1c-4858-bfa2-bdb40c45c28d@group-A193149BD2F2-LeaderElection15] INFO  server.RaftServerConfigKeys (ConfUtils.java:logGet(44)) - raft.server.rpc.sleep.time = 25ms (default)
2020-12-07 10:48:21,523 [0fa75ab1-6d1c-4858-bfa2-bdb40c45c28d@group-A193149BD2F2-LeaderElection15] INFO  metrics.RatisMetrics (RatisMetrics.java:lambda$create$0(36)) - Creating Metrics Registry : ratis.log_appender.0fa75ab1-6d1c-4858-bfa2-bdb40c45c28d@group-A193149BD2F2
2020-12-07 10:48:21,524 [0fa75ab1-6d1c-4858-bfa2-bdb40c45c28d@group-A193149BD2F2-LeaderElection15] INFO  server.RaftServerConfigKeys (ConfUtils.java:logGet(44)) - raft.server.write.element-limit = 1024 (custom)
2020-12-07 10:48:21,524 [0fa75ab1-6d1c-4858-bfa2-bdb40c45c28d@group-A193149BD2F2-LeaderElection15] INFO  server.RaftServerConfigKeys (ConfUtils.java:logGet(44)) - raft.server.write.byte-limit = 1073741824 (custom)
2020-12-07 10:48:21,524 [0fa75ab1-6d1c-4858-bfa2-bdb40c45c28d@group-A193149BD2F2-LeaderElection15] INFO  server.RaftServerConfigKeys (ConfUtils.java:logGet(44)) - raft.server.watch.timeout = 180s (custom)
2020-12-07 10:48:21,524 [0fa75ab1-6d1c-4858-bfa2-bdb40c45c28d@group-A193149BD2F2-LeaderElection15] INFO  server.RaftServerConfigKeys (ConfUtils.java:logGet(44)) - raft.server.watch.timeout.denomination = 1s (default)
2020-12-07 10:48:21,524 [0fa75ab1-6d1c-4858-bfa2-bdb40c45c28d@group-A193149BD2F2-LeaderElection15] INFO  server.RaftServerConfigKeys (ConfUtils.java:logGet(44)) - raft.server.watch.element-limit = 65536 (default)
2020-12-07 10:48:21,524 [0fa75ab1-6d1c-4858-bfa2-bdb40c45c28d@group-A193149BD2F2-LeaderElection15] INFO  impl.RoleInfo (RoleInfo.java:updateAndGet(143)) - 0fa75ab1-6d1c-4858-bfa2-bdb40c45c28d: start 0fa75ab1-6d1c-4858-bfa2-bdb40c45c28d@group-A193149BD2F2-LeaderState
2020-12-07 10:48:21,525 [0fa75ab1-6d1c-4858-bfa2-bdb40c45c28d@group-A193149BD2F2-LeaderElection15] INFO  segmented.SegmentedRaftLogWorker (SegmentedRaftLogWorker.java:startLogSegment(398)) - 0fa75ab1-6d1c-4858-bfa2-bdb40c45c28d@group-A193149BD2F2-SegmentedRaftLogWorker: Starting segment from index:0
2020-12-07 10:48:21,526 [0fa75ab1-6d1c-4858-bfa2-bdb40c45c28d@group-A193149BD2F2-LeaderElection15] INFO  impl.RaftServerImpl (ServerState.java:setRaftConf(374)) - 0fa75ab1-6d1c-4858-bfa2-bdb40c45c28d@group-A193149BD2F2: set configuration 0: [0fa75ab1-6d1c-4858-bfa2-bdb40c45c28d|rpc:172.17.0.2:38457|dataStream:], old=null at 0
2020-12-07 10:48:21,526 [0fa75ab1-6d1c-4858-bfa2-bdb40c45c28d@group-A193149BD2F2-SegmentedRaftLogWorker] INFO  segmented.SegmentedRaftLogWorker (SegmentedRaftLogWorker.java:execute(597)) - 0fa75ab1-6d1c-4858-bfa2-bdb40c45c28d@group-A193149BD2F2-SegmentedRaftLogWorker: created new log segment /github/workspace/mnt/ozone/hadoop-ozone/integration-test/target/test-dir/MiniOzoneClusterImpl-63b0f1bc-721b-4e89-a01a-54c1f1559151/datanode-1/data/ratis/efdc9b82-0eaf-46de-8379-a193149bd2f2/current/log_inprogress_0
2020-12-07 10:48:21,535 [Listener at 127.0.0.1/33429] INFO  ozone.MiniOzoneClusterImpl (MiniOzoneClusterImpl.java:lambda$waitForClusterToBeReady$0(178)) - Nodes are ready. Got 7 of 7 DN Heartbeats.
2020-12-07 10:48:21,535 [Listener at 127.0.0.1/33429] INFO  ozone.MiniOzoneClusterImpl (MiniOzoneClusterImpl.java:lambda$waitForClusterToBeReady$0(181)) - Cluster exits safe mode
2020-12-07 10:48:21,546 [Listener at 127.0.0.1/33429] INFO  rpc.RpcClient (RpcClient.java:createVolume(272)) - Creating Volume: testblockoutputstreamwithretries, with jenkins1001 as owner.
2020-12-07 10:48:21,547 [IPC Server handler 3 on default port 33429] INFO  volume.OMVolumeCreateRequest (OMVolumeCreateRequest.java:validateAndUpdateCache(196)) - created volume:testblockoutputstreamwithretries for user:jenkins1001
2020-12-07 10:48:21,555 [Listener at 127.0.0.1/33429] INFO  rpc.RpcClient (RpcClient.java:createBucket(425)) - Creating Bucket: testblockoutputstreamwithretries/testblockoutputstreamwithretries, with Versioning false and Storage Type set to DISK and Encryption set to false 
2020-12-07 10:48:21,573 [Listener at 127.0.0.1/33429] INFO  metrics.RatisMetrics (RatisMetrics.java:lambda$create$0(36)) - Creating Metrics Registry : ratis.client_message_metrics.client-9681E9E00F36->e9cccd38-0623-438e-aabf-1afb1561e1cc
2020-12-07 10:48:21,793 [Thread-611] INFO  impl.FollowerState (FollowerState.java:run(128)) - c8599c9e-d3dc-4d93-b189-78c24227363c@group-6D0F2E90CAD9-FollowerState: change to CANDIDATE, lastRpcTime:5118ms, electionTimeout:5113ms
2020-12-07 10:48:21,794 [Thread-611] INFO  impl.RoleInfo (RoleInfo.java:shutdownFollowerState(121)) - c8599c9e-d3dc-4d93-b189-78c24227363c: shutdown c8599c9e-d3dc-4d93-b189-78c24227363c@group-6D0F2E90CAD9-FollowerState
2020-12-07 10:48:21,794 [Thread-611] INFO  impl.RaftServerImpl (RaftServerImpl.java:setRole(204)) - c8599c9e-d3dc-4d93-b189-78c24227363c@group-6D0F2E90CAD9: changes role from  FOLLOWER to CANDIDATE at term 0 for changeToCandidate
2020-12-07 10:48:21,794 [Thread-611] INFO  impl.RoleInfo (RoleInfo.java:updateAndGet(143)) - c8599c9e-d3dc-4d93-b189-78c24227363c: start c8599c9e-d3dc-4d93-b189-78c24227363c@group-6D0F2E90CAD9-LeaderElection16
2020-12-07 10:48:21,799 [c8599c9e-d3dc-4d93-b189-78c24227363c@group-6D0F2E90CAD9-LeaderElection16] INFO  impl.LeaderElection (LeaderElection.java:askForVotes(215)) - c8599c9e-d3dc-4d93-b189-78c24227363c@group-6D0F2E90CAD9-LeaderElection16: begin an election at term 1 for -1: [c8599c9e-d3dc-4d93-b189-78c24227363c|rpc:172.17.0.2:44593], old=null
2020-12-07 10:48:21,799 [c8599c9e-d3dc-4d93-b189-78c24227363c@group-6D0F2E90CAD9-LeaderElection16] INFO  impl.RoleInfo (RoleInfo.java:shutdownLeaderElection(134)) - c8599c9e-d3dc-4d93-b189-78c24227363c: shutdown c8599c9e-d3dc-4d93-b189-78c24227363c@group-6D0F2E90CAD9-LeaderElection16
2020-12-07 10:48:21,799 [c8599c9e-d3dc-4d93-b189-78c24227363c@group-6D0F2E90CAD9-LeaderElection16] INFO  impl.RaftServerImpl (RaftServerImpl.java:setRole(204)) - c8599c9e-d3dc-4d93-b189-78c24227363c@group-6D0F2E90CAD9: changes role from CANDIDATE to LEADER at term 1 for changeToLeader
2020-12-07 10:48:21,799 [c8599c9e-d3dc-4d93-b189-78c24227363c@group-6D0F2E90CAD9-LeaderElection16] INFO  ratis.XceiverServerRatis (XceiverServerRatis.java:handleLeaderChangedNotification(854)) - Leader change notification received for group: group-6D0F2E90CAD9 with new leaderId: c8599c9e-d3dc-4d93-b189-78c24227363c
2020-12-07 10:48:21,799 [c8599c9e-d3dc-4d93-b189-78c24227363c@group-6D0F2E90CAD9-LeaderElection16] INFO  impl.RaftServerImpl (ServerState.java:setLeader(256)) - c8599c9e-d3dc-4d93-b189-78c24227363c@group-6D0F2E90CAD9: change Leader from null to c8599c9e-d3dc-4d93-b189-78c24227363c at term 1 for becomeLeader, leader elected after 5139ms
2020-12-07 10:48:21,799 [c8599c9e-d3dc-4d93-b189-78c24227363c@group-6D0F2E90CAD9-LeaderElection16] INFO  server.RaftServerConfigKeys (ConfUtils.java:logGet(44)) - raft.server.staging.catchup.gap = 1000 (default)
2020-12-07 10:48:21,800 [c8599c9e-d3dc-4d93-b189-78c24227363c@group-6D0F2E90CAD9-LeaderElection16] INFO  server.RaftServerConfigKeys (ConfUtils.java:logGet(44)) - raft.server.rpc.sleep.time = 25ms (default)
2020-12-07 10:48:21,800 [c8599c9e-d3dc-4d93-b189-78c24227363c@group-6D0F2E90CAD9-LeaderElection16] INFO  metrics.RatisMetrics (RatisMetrics.java:lambda$create$0(36)) - Creating Metrics Registry : ratis.log_appender.c8599c9e-d3dc-4d93-b189-78c24227363c@group-6D0F2E90CAD9
2020-12-07 10:48:21,800 [c8599c9e-d3dc-4d93-b189-78c24227363c@group-6D0F2E90CAD9-LeaderElection16] INFO  server.RaftServerConfigKeys (ConfUtils.java:logGet(44)) - raft.server.write.element-limit = 1024 (custom)
2020-12-07 10:48:21,800 [c8599c9e-d3dc-4d93-b189-78c24227363c@group-6D0F2E90CAD9-LeaderElection16] INFO  server.RaftServerConfigKeys (ConfUtils.java:logGet(44)) - raft.server.write.byte-limit = 1073741824 (custom)
2020-12-07 10:48:21,800 [c8599c9e-d3dc-4d93-b189-78c24227363c@group-6D0F2E90CAD9-LeaderElection16] INFO  server.RaftServerConfigKeys (ConfUtils.java:logGet(44)) - raft.server.watch.timeout = 180s (custom)
2020-12-07 10:48:21,800 [c8599c9e-d3dc-4d93-b189-78c24227363c@group-6D0F2E90CAD9-LeaderElection16] INFO  server.RaftServerConfigKeys (ConfUtils.java:logGet(44)) - raft.server.watch.timeout.denomination = 1s (default)
2020-12-07 10:48:21,801 [c8599c9e-d3dc-4d93-b189-78c24227363c@group-6D0F2E90CAD9-LeaderElection16] INFO  server.RaftServerConfigKeys (ConfUtils.java:logGet(44)) - raft.server.watch.element-limit = 65536 (default)
2020-12-07 10:48:21,801 [c8599c9e-d3dc-4d93-b189-78c24227363c@group-6D0F2E90CAD9-LeaderElection16] INFO  impl.RoleInfo (RoleInfo.java:updateAndGet(143)) - c8599c9e-d3dc-4d93-b189-78c24227363c: start c8599c9e-d3dc-4d93-b189-78c24227363c@group-6D0F2E90CAD9-LeaderState
2020-12-07 10:48:21,801 [c8599c9e-d3dc-4d93-b189-78c24227363c@group-6D0F2E90CAD9-LeaderElection16] INFO  segmented.SegmentedRaftLogWorker (SegmentedRaftLogWorker.java:startLogSegment(398)) - c8599c9e-d3dc-4d93-b189-78c24227363c@group-6D0F2E90CAD9-SegmentedRaftLogWorker: Starting segment from index:0
2020-12-07 10:48:21,802 [c8599c9e-d3dc-4d93-b189-78c24227363c@group-6D0F2E90CAD9-LeaderElection16] INFO  impl.RaftServerImpl (ServerState.java:setRaftConf(374)) - c8599c9e-d3dc-4d93-b189-78c24227363c@group-6D0F2E90CAD9: set configuration 0: [c8599c9e-d3dc-4d93-b189-78c24227363c|rpc:172.17.0.2:44593|dataStream:], old=null at 0
2020-12-07 10:48:21,803 [c8599c9e-d3dc-4d93-b189-78c24227363c@group-6D0F2E90CAD9-SegmentedRaftLogWorker] INFO  segmented.SegmentedRaftLogWorker (SegmentedRaftLogWorker.java:execute(597)) - c8599c9e-d3dc-4d93-b189-78c24227363c@group-6D0F2E90CAD9-SegmentedRaftLogWorker: created new log segment /github/workspace/mnt/ozone/hadoop-ozone/integration-test/target/test-dir/MiniOzoneClusterImpl-63b0f1bc-721b-4e89-a01a-54c1f1559151/datanode-2/data/ratis/f52eedbc-0e4c-4818-9204-6d0f2e90cad9/current/log_inprogress_0
2020-12-07 10:48:21,998 [Thread-613] INFO  impl.FollowerState (FollowerState.java:run(128)) - 9dd88559-92ed-4006-9b1f-fe1c5650edb0@group-9F45B1B023DF-FollowerState: change to CANDIDATE, lastRpcTime:5109ms, electionTimeout:5108ms
2020-12-07 10:48:21,998 [Thread-613] INFO  impl.RoleInfo (RoleInfo.java:shutdownFollowerState(121)) - 9dd88559-92ed-4006-9b1f-fe1c5650edb0: shutdown 9dd88559-92ed-4006-9b1f-fe1c5650edb0@group-9F45B1B023DF-FollowerState
2020-12-07 10:48:21,998 [Thread-613] INFO  impl.RaftServerImpl (RaftServerImpl.java:setRole(204)) - 9dd88559-92ed-4006-9b1f-fe1c5650edb0@group-9F45B1B023DF: changes role from  FOLLOWER to CANDIDATE at term 0 for changeToCandidate
2020-12-07 10:48:21,998 [Thread-613] INFO  impl.RoleInfo (RoleInfo.java:updateAndGet(143)) - 9dd88559-92ed-4006-9b1f-fe1c5650edb0: start 9dd88559-92ed-4006-9b1f-fe1c5650edb0@group-9F45B1B023DF-LeaderElection17
2020-12-07 10:48:22,000 [Thread-617] INFO  impl.FollowerState (FollowerState.java:run(128)) - 25184b17-1fd0-4ce3-ab40-51a23a8535eb@group-91F6C4109AAD-FollowerState: change to CANDIDATE, lastRpcTime:5052ms, electionTimeout:5051ms
2020-12-07 10:48:22,000 [Thread-617] INFO  impl.RoleInfo (RoleInfo.java:shutdownFollowerState(121)) - 25184b17-1fd0-4ce3-ab40-51a23a8535eb: shutdown 25184b17-1fd0-4ce3-ab40-51a23a8535eb@group-91F6C4109AAD-FollowerState
2020-12-07 10:48:22,000 [Thread-617] INFO  impl.RaftServerImpl (RaftServerImpl.java:setRole(204)) - 25184b17-1fd0-4ce3-ab40-51a23a8535eb@group-91F6C4109AAD: changes role from  FOLLOWER to CANDIDATE at term 0 for changeToCandidate
2020-12-07 10:48:22,000 [Thread-617] INFO  impl.RoleInfo (RoleInfo.java:updateAndGet(143)) - 25184b17-1fd0-4ce3-ab40-51a23a8535eb: start 25184b17-1fd0-4ce3-ab40-51a23a8535eb@group-91F6C4109AAD-LeaderElection18
2020-12-07 10:48:22,002 [9dd88559-92ed-4006-9b1f-fe1c5650edb0@group-9F45B1B023DF-LeaderElection17] INFO  impl.LeaderElection (LeaderElection.java:askForVotes(215)) - 9dd88559-92ed-4006-9b1f-fe1c5650edb0@group-9F45B1B023DF-LeaderElection17: begin an election at term 1 for -1: [9dd88559-92ed-4006-9b1f-fe1c5650edb0|rpc:172.17.0.2:38415], old=null
2020-12-07 10:48:22,002 [9dd88559-92ed-4006-9b1f-fe1c5650edb0@group-9F45B1B023DF-LeaderElection17] INFO  impl.RoleInfo (RoleInfo.java:shutdownLeaderElection(134)) - 9dd88559-92ed-4006-9b1f-fe1c5650edb0: shutdown 9dd88559-92ed-4006-9b1f-fe1c5650edb0@group-9F45B1B023DF-LeaderElection17
2020-12-07 10:48:22,002 [9dd88559-92ed-4006-9b1f-fe1c5650edb0@group-9F45B1B023DF-LeaderElection17] INFO  impl.RaftServerImpl (RaftServerImpl.java:setRole(204)) - 9dd88559-92ed-4006-9b1f-fe1c5650edb0@group-9F45B1B023DF: changes role from CANDIDATE to LEADER at term 1 for changeToLeader
2020-12-07 10:48:22,002 [9dd88559-92ed-4006-9b1f-fe1c5650edb0@group-9F45B1B023DF-LeaderElection17] INFO  ratis.XceiverServerRatis (XceiverServerRatis.java:handleLeaderChangedNotification(854)) - Leader change notification received for group: group-9F45B1B023DF with new leaderId: 9dd88559-92ed-4006-9b1f-fe1c5650edb0
2020-12-07 10:48:22,003 [9dd88559-92ed-4006-9b1f-fe1c5650edb0@group-9F45B1B023DF-LeaderElection17] INFO  impl.RaftServerImpl (ServerState.java:setLeader(256)) - 9dd88559-92ed-4006-9b1f-fe1c5650edb0@group-9F45B1B023DF: change Leader from null to 9dd88559-92ed-4006-9b1f-fe1c5650edb0 at term 1 for becomeLeader, leader elected after 5130ms
2020-12-07 10:48:22,003 [9dd88559-92ed-4006-9b1f-fe1c5650edb0@group-9F45B1B023DF-LeaderElection17] INFO  server.RaftServerConfigKeys (ConfUtils.java:logGet(44)) - raft.server.staging.catchup.gap = 1000 (default)
2020-12-07 10:48:22,003 [9dd88559-92ed-4006-9b1f-fe1c5650edb0@group-9F45B1B023DF-LeaderElection17] INFO  server.RaftServerConfigKeys (ConfUtils.java:logGet(44)) - raft.server.rpc.sleep.time = 25ms (default)
2020-12-07 10:48:22,005 [9dd88559-92ed-4006-9b1f-fe1c5650edb0@group-9F45B1B023DF-LeaderElection17] INFO  metrics.RatisMetrics (RatisMetrics.java:lambda$create$0(36)) - Creating Metrics Registry : ratis.log_appender.9dd88559-92ed-4006-9b1f-fe1c5650edb0@group-9F45B1B023DF
2020-12-07 10:48:22,005 [9dd88559-92ed-4006-9b1f-fe1c5650edb0@group-9F45B1B023DF-LeaderElection17] INFO  server.RaftServerConfigKeys (ConfUtils.java:logGet(44)) - raft.server.write.element-limit = 1024 (custom)
2020-12-07 10:48:22,005 [9dd88559-92ed-4006-9b1f-fe1c5650edb0@group-9F45B1B023DF-LeaderElection17] INFO  server.RaftServerConfigKeys (ConfUtils.java:logGet(44)) - raft.server.write.byte-limit = 1073741824 (custom)
2020-12-07 10:48:22,005 [9dd88559-92ed-4006-9b1f-fe1c5650edb0@group-9F45B1B023DF-LeaderElection17] INFO  server.RaftServerConfigKeys (ConfUtils.java:logGet(44)) - raft.server.watch.timeout = 180s (custom)
2020-12-07 10:48:22,005 [9dd88559-92ed-4006-9b1f-fe1c5650edb0@group-9F45B1B023DF-LeaderElection17] INFO  server.RaftServerConfigKeys (ConfUtils.java:logGet(44)) - raft.server.watch.timeout.denomination = 1s (default)
2020-12-07 10:48:22,005 [9dd88559-92ed-4006-9b1f-fe1c5650edb0@group-9F45B1B023DF-LeaderElection17] INFO  server.RaftServerConfigKeys (ConfUtils.java:logGet(44)) - raft.server.watch.element-limit = 65536 (default)
2020-12-07 10:48:22,006 [9dd88559-92ed-4006-9b1f-fe1c5650edb0@group-9F45B1B023DF-LeaderElection17] INFO  impl.RoleInfo (RoleInfo.java:updateAndGet(143)) - 9dd88559-92ed-4006-9b1f-fe1c5650edb0: start 9dd88559-92ed-4006-9b1f-fe1c5650edb0@group-9F45B1B023DF-LeaderState
2020-12-07 10:48:22,006 [9dd88559-92ed-4006-9b1f-fe1c5650edb0@group-9F45B1B023DF-LeaderElection17] INFO  segmented.SegmentedRaftLogWorker (SegmentedRaftLogWorker.java:startLogSegment(398)) - 9dd88559-92ed-4006-9b1f-fe1c5650edb0@group-9F45B1B023DF-SegmentedRaftLogWorker: Starting segment from index:0
2020-12-07 10:48:22,006 [25184b17-1fd0-4ce3-ab40-51a23a8535eb@group-91F6C4109AAD-LeaderElection18] INFO  impl.LeaderElection (LeaderElection.java:askForVotes(215)) - 25184b17-1fd0-4ce3-ab40-51a23a8535eb@group-91F6C4109AAD-LeaderElection18: begin an election at term 1 for -1: [25184b17-1fd0-4ce3-ab40-51a23a8535eb|rpc:172.17.0.2:39065|dataStream:, 9dd88559-92ed-4006-9b1f-fe1c5650edb0|rpc:172.17.0.2:38415|dataStream:, e9cccd38-0623-438e-aabf-1afb1561e1cc|rpc:172.17.0.2:33459|dataStream:], old=null
2020-12-07 10:48:22,007 [9dd88559-92ed-4006-9b1f-fe1c5650edb0@group-9F45B1B023DF-SegmentedRaftLogWorker] INFO  segmented.SegmentedRaftLogWorker (SegmentedRaftLogWorker.java:execute(597)) - 9dd88559-92ed-4006-9b1f-fe1c5650edb0@group-9F45B1B023DF-SegmentedRaftLogWorker: created new log segment /github/workspace/mnt/ozone/hadoop-ozone/integration-test/target/test-dir/MiniOzoneClusterImpl-63b0f1bc-721b-4e89-a01a-54c1f1559151/datanode-3/data/ratis/95e32aac-2667-4d52-9f9f-9f45b1b023df/current/log_inprogress_0
2020-12-07 10:48:22,012 [9dd88559-92ed-4006-9b1f-fe1c5650edb0@group-9F45B1B023DF-LeaderElection17] INFO  impl.RaftServerImpl (ServerState.java:setRaftConf(374)) - 9dd88559-92ed-4006-9b1f-fe1c5650edb0@group-9F45B1B023DF: set configuration 0: [9dd88559-92ed-4006-9b1f-fe1c5650edb0|rpc:172.17.0.2:38415|dataStream:], old=null at 0
2020-12-07 10:48:22,016 [grpc-default-executor-2] INFO  metrics.RatisMetrics (RatisMetrics.java:lambda$create$0(36)) - Creating Metrics Registry : ratis.server_message_metrics.9dd88559-92ed-4006-9b1f-fe1c5650edb0
2020-12-07 10:48:22,022 [grpc-default-executor-2] INFO  impl.RaftServerImpl (RaftServerImpl.java:setRole(204)) - 9dd88559-92ed-4006-9b1f-fe1c5650edb0@group-91F6C4109AAD: changes role from  FOLLOWER to FOLLOWER at term 1 for recognizeCandidate:25184b17-1fd0-4ce3-ab40-51a23a8535eb
2020-12-07 10:48:22,023 [grpc-default-executor-2] INFO  impl.RoleInfo (RoleInfo.java:shutdownFollowerState(121)) - 9dd88559-92ed-4006-9b1f-fe1c5650edb0: shutdown 9dd88559-92ed-4006-9b1f-fe1c5650edb0@group-91F6C4109AAD-FollowerState
2020-12-07 10:48:22,023 [grpc-default-executor-2] INFO  impl.RoleInfo (RoleInfo.java:updateAndGet(143)) - 9dd88559-92ed-4006-9b1f-fe1c5650edb0: start 9dd88559-92ed-4006-9b1f-fe1c5650edb0@group-91F6C4109AAD-FollowerState
2020-12-07 10:48:22,023 [Thread-615] INFO  impl.FollowerState (FollowerState.java:run(137)) - 9dd88559-92ed-4006-9b1f-fe1c5650edb0@group-91F6C4109AAD-FollowerState was interrupted: {}
java.lang.InterruptedException: sleep interrupted
	at java.lang.Thread.sleep(Native Method)
	at org.apache.ratis.util.JavaUtils.sleep(JavaUtils.java:250)
	at org.apache.ratis.server.impl.FollowerState.run(FollowerState.java:116)
2020-12-07 10:48:22,023 [grpc-default-executor-2] INFO  impl.RaftServerImpl (RaftServerImpl.java:requestVote(963)) -  FOLLOWER 9dd88559-92ed-4006-9b1f-fe1c5650edb0@group-91F6C4109AAD:t1, leader=null, voted=null, raftlog=9dd88559-92ed-4006-9b1f-fe1c5650edb0@group-91F6C4109AAD-SegmentedRaftLog:OPENED:c-1,f-1,i0, conf=-1: [25184b17-1fd0-4ce3-ab40-51a23a8535eb|rpc:172.17.0.2:39065, 9dd88559-92ed-4006-9b1f-fe1c5650edb0|rpc:172.17.0.2:38415, e9cccd38-0623-438e-aabf-1afb1561e1cc|rpc:172.17.0.2:33459], old=null RUNNING priority:0 candidate:25184b17-1fd0-4ce3-ab40-51a23a8535eb|rpc:172.17.0.2:39065 candidatePriority:0 compare:0
2020-12-07 10:48:22,032 [25184b17-1fd0-4ce3-ab40-51a23a8535eb@group-91F6C4109AAD-LeaderElection18] INFO  impl.LeaderElection (LeaderElection.java:logAndReturn(65)) - 25184b17-1fd0-4ce3-ab40-51a23a8535eb@group-91F6C4109AAD-LeaderElection18: Election PASSED; received 1 response(s) [25184b17-1fd0-4ce3-ab40-51a23a8535eb<-9dd88559-92ed-4006-9b1f-fe1c5650edb0#0:OK-t1] and 0 exception(s); 25184b17-1fd0-4ce3-ab40-51a23a8535eb@group-91F6C4109AAD:t1, leader=null, voted=25184b17-1fd0-4ce3-ab40-51a23a8535eb, raftlog=25184b17-1fd0-4ce3-ab40-51a23a8535eb@group-91F6C4109AAD-SegmentedRaftLog:OPENED:c-1,f-1,i0, conf=-1: [25184b17-1fd0-4ce3-ab40-51a23a8535eb|rpc:172.17.0.2:39065|dataStream:, 9dd88559-92ed-4006-9b1f-fe1c5650edb0|rpc:172.17.0.2:38415|dataStream:, e9cccd38-0623-438e-aabf-1afb1561e1cc|rpc:172.17.0.2:33459|dataStream:], old=null
2020-12-07 10:48:22,032 [25184b17-1fd0-4ce3-ab40-51a23a8535eb@group-91F6C4109AAD-LeaderElection18] INFO  impl.RoleInfo (RoleInfo.java:shutdownLeaderElection(134)) - 25184b17-1fd0-4ce3-ab40-51a23a8535eb: shutdown 25184b17-1fd0-4ce3-ab40-51a23a8535eb@group-91F6C4109AAD-LeaderElection18
2020-12-07 10:48:22,032 [25184b17-1fd0-4ce3-ab40-51a23a8535eb@group-91F6C4109AAD-LeaderElection18] INFO  impl.RaftServerImpl (RaftServerImpl.java:setRole(204)) - 25184b17-1fd0-4ce3-ab40-51a23a8535eb@group-91F6C4109AAD: changes role from CANDIDATE to LEADER at term 1 for changeToLeader
2020-12-07 10:48:22,032 [25184b17-1fd0-4ce3-ab40-51a23a8535eb@group-91F6C4109AAD-LeaderElection18] INFO  ratis.XceiverServerRatis (XceiverServerRatis.java:handleLeaderChangedNotification(854)) - Leader change notification received for group: group-91F6C4109AAD with new leaderId: 25184b17-1fd0-4ce3-ab40-51a23a8535eb
2020-12-07 10:48:22,032 [25184b17-1fd0-4ce3-ab40-51a23a8535eb@group-91F6C4109AAD-LeaderElection18] INFO  impl.RaftServerImpl (ServerState.java:setLeader(256)) - 25184b17-1fd0-4ce3-ab40-51a23a8535eb@group-91F6C4109AAD: change Leader from null to 25184b17-1fd0-4ce3-ab40-51a23a8535eb at term 1 for becomeLeader, leader elected after 5091ms
2020-12-07 10:48:22,033 [25184b17-1fd0-4ce3-ab40-51a23a8535eb@group-91F6C4109AAD-LeaderElection18] INFO  server.RaftServerConfigKeys (ConfUtils.java:logGet(44)) - raft.server.staging.catchup.gap = 1000 (default)
2020-12-07 10:48:22,033 [25184b17-1fd0-4ce3-ab40-51a23a8535eb@group-91F6C4109AAD-LeaderElection18] INFO  server.RaftServerConfigKeys (ConfUtils.java:logGet(44)) - raft.server.rpc.sleep.time = 25ms (default)
2020-12-07 10:48:22,033 [25184b17-1fd0-4ce3-ab40-51a23a8535eb@group-91F6C4109AAD-LeaderElection18] INFO  metrics.RatisMetrics (RatisMetrics.java:lambda$create$0(36)) - Creating Metrics Registry : ratis.log_appender.25184b17-1fd0-4ce3-ab40-51a23a8535eb@group-91F6C4109AAD
2020-12-07 10:48:22,033 [25184b17-1fd0-4ce3-ab40-51a23a8535eb@group-91F6C4109AAD-LeaderElection18] INFO  server.RaftServerConfigKeys (ConfUtils.java:logGet(44)) - raft.server.write.element-limit = 1024 (custom)
2020-12-07 10:48:22,033 [25184b17-1fd0-4ce3-ab40-51a23a8535eb@group-91F6C4109AAD-LeaderElection18] INFO  server.RaftServerConfigKeys (ConfUtils.java:logGet(44)) - raft.server.write.byte-limit = 1073741824 (custom)
2020-12-07 10:48:22,034 [25184b17-1fd0-4ce3-ab40-51a23a8535eb@group-91F6C4109AAD-LeaderElection18] INFO  server.RaftServerConfigKeys (ConfUtils.java:logGet(44)) - raft.server.watch.timeout = 180s (custom)
2020-12-07 10:48:22,034 [25184b17-1fd0-4ce3-ab40-51a23a8535eb@group-91F6C4109AAD-LeaderElection18] INFO  server.RaftServerConfigKeys (ConfUtils.java:logGet(44)) - raft.server.watch.timeout.denomination = 1s (default)
2020-12-07 10:48:22,034 [25184b17-1fd0-4ce3-ab40-51a23a8535eb@group-91F6C4109AAD-LeaderElection18] INFO  server.RaftServerConfigKeys (ConfUtils.java:logGet(44)) - raft.server.watch.element-limit = 65536 (default)
2020-12-07 10:48:22,035 [25184b17-1fd0-4ce3-ab40-51a23a8535eb@group-91F6C4109AAD-LeaderElection18] INFO  server.RaftServerConfigKeys (ConfUtils.java:logGet(44)) - raft.server.log.appender.snapshot.chunk.size.max = 16MB (=16777216) (default)
2020-12-07 10:48:22,035 [25184b17-1fd0-4ce3-ab40-51a23a8535eb@group-91F6C4109AAD-LeaderElection18] INFO  server.RaftServerConfigKeys (ConfUtils.java:logGet(44)) - raft.server.log.appender.buffer.byte-limit = 33554432 (custom)
2020-12-07 10:48:22,035 [25184b17-1fd0-4ce3-ab40-51a23a8535eb@group-91F6C4109AAD-LeaderElection18] INFO  server.RaftServerConfigKeys (ConfUtils.java:logGet(44)) - raft.server.log.appender.buffer.element-limit = 1 (custom)
2020-12-07 10:48:22,035 [25184b17-1fd0-4ce3-ab40-51a23a8535eb@group-91F6C4109AAD-LeaderElection18] INFO  grpc.GrpcConfigKeys (ConfUtils.java:logGet(44)) - raft.grpc.server.leader.outstanding.appends.max = 128 (default)
2020-12-07 10:48:22,035 [25184b17-1fd0-4ce3-ab40-51a23a8535eb@group-91F6C4109AAD-LeaderElection18] INFO  server.RaftServerConfigKeys (ConfUtils.java:logGet(44)) - raft.server.rpc.request.timeout = 60s (custom)
2020-12-07 10:48:22,036 [25184b17-1fd0-4ce3-ab40-51a23a8535eb@group-91F6C4109AAD-LeaderElection18] INFO  server.RaftServerConfigKeys (ConfUtils.java:logGet(44)) - raft.server.log.appender.install.snapshot.enabled = false (custom)
2020-12-07 10:48:22,036 [EventQueue-PipelineReportForPipelineReportHandler] INFO  pipeline.PipelineStateManager (PipelineStateManager.java:openPipeline(132)) - Pipeline Pipeline[ Id: fab2665a-be55-437c-913c-91f6c4109aad, Nodes: 25184b17-1fd0-4ce3-ab40-51a23a8535eb{ip: 172.17.0.2, host: e09bffc1a782, networkLocation: /default-rack, certSerialId: null, persistedOpState: IN_SERVICE, persistedOpStateExpiryEpochSec: 0}e9cccd38-0623-438e-aabf-1afb1561e1cc{ip: 172.17.0.2, host: e09bffc1a782, networkLocation: /default-rack, certSerialId: null, persistedOpState: IN_SERVICE, persistedOpStateExpiryEpochSec: 0}9dd88559-92ed-4006-9b1f-fe1c5650edb0{ip: 172.17.0.2, host: e09bffc1a782, networkLocation: /default-rack, certSerialId: null, persistedOpState: IN_SERVICE, persistedOpStateExpiryEpochSec: 0}, Type:RATIS, Factor:THREE, State:ALLOCATED, leaderId:25184b17-1fd0-4ce3-ab40-51a23a8535eb, CreationTimestamp2020-12-07T10:48:14.333Z] moved to OPEN state
2020-12-07 10:48:22,036 [25184b17-1fd0-4ce3-ab40-51a23a8535eb@group-91F6C4109AAD-LeaderElection18] INFO  metrics.RatisMetrics (RatisMetrics.java:lambda$create$0(36)) - Creating Metrics Registry : ratis_grpc.log_appender.25184b17-1fd0-4ce3-ab40-51a23a8535eb@group-91F6C4109AAD
2020-12-07 10:48:22,039 [25184b17-1fd0-4ce3-ab40-51a23a8535eb@group-91F6C4109AAD-LeaderElection18] INFO  server.RaftServerConfigKeys (ConfUtils.java:logGet(44)) - raft.server.log.appender.snapshot.chunk.size.max = 16MB (=16777216) (default)
2020-12-07 10:48:22,039 [25184b17-1fd0-4ce3-ab40-51a23a8535eb@group-91F6C4109AAD-LeaderElection18] INFO  server.RaftServerConfigKeys (ConfUtils.java:logGet(44)) - raft.server.log.appender.buffer.byte-limit = 33554432 (custom)
2020-12-07 10:48:22,039 [25184b17-1fd0-4ce3-ab40-51a23a8535eb@group-91F6C4109AAD-LeaderElection18] INFO  server.RaftServerConfigKeys (ConfUtils.java:logGet(44)) - raft.server.log.appender.buffer.element-limit = 1 (custom)
2020-12-07 10:48:22,040 [25184b17-1fd0-4ce3-ab40-51a23a8535eb@group-91F6C4109AAD-LeaderElection18] INFO  grpc.GrpcConfigKeys (ConfUtils.java:logGet(44)) - raft.grpc.server.leader.outstanding.appends.max = 128 (default)
2020-12-07 10:48:22,040 [25184b17-1fd0-4ce3-ab40-51a23a8535eb@group-91F6C4109AAD-LeaderElection18] INFO  server.RaftServerConfigKeys (ConfUtils.java:logGet(44)) - raft.server.rpc.request.timeout = 60s (custom)
2020-12-07 10:48:22,040 [25184b17-1fd0-4ce3-ab40-51a23a8535eb@group-91F6C4109AAD-LeaderElection18] INFO  server.RaftServerConfigKeys (ConfUtils.java:logGet(44)) - raft.server.log.appender.install.snapshot.enabled = false (custom)
2020-12-07 10:48:22,041 [25184b17-1fd0-4ce3-ab40-51a23a8535eb@group-91F6C4109AAD-LeaderElection18] INFO  impl.RoleInfo (RoleInfo.java:updateAndGet(143)) - 25184b17-1fd0-4ce3-ab40-51a23a8535eb: start 25184b17-1fd0-4ce3-ab40-51a23a8535eb@group-91F6C4109AAD-LeaderState
2020-12-07 10:48:22,042 [25184b17-1fd0-4ce3-ab40-51a23a8535eb@group-91F6C4109AAD-LeaderElection18] INFO  segmented.SegmentedRaftLogWorker (SegmentedRaftLogWorker.java:startLogSegment(398)) - 25184b17-1fd0-4ce3-ab40-51a23a8535eb@group-91F6C4109AAD-SegmentedRaftLogWorker: Starting segment from index:0
2020-12-07 10:48:22,043 [25184b17-1fd0-4ce3-ab40-51a23a8535eb@group-91F6C4109AAD-SegmentedRaftLogWorker] INFO  segmented.SegmentedRaftLogWorker (SegmentedRaftLogWorker.java:execute(597)) - 25184b17-1fd0-4ce3-ab40-51a23a8535eb@group-91F6C4109AAD-SegmentedRaftLogWorker: created new log segment /github/workspace/mnt/ozone/hadoop-ozone/integration-test/target/test-dir/MiniOzoneClusterImpl-63b0f1bc-721b-4e89-a01a-54c1f1559151/datanode-4/data/ratis/fab2665a-be55-437c-913c-91f6c4109aad/current/log_inprogress_0
2020-12-07 10:48:22,050 [25184b17-1fd0-4ce3-ab40-51a23a8535eb@group-91F6C4109AAD-LeaderElection18] INFO  impl.RaftServerImpl (ServerState.java:setRaftConf(374)) - 25184b17-1fd0-4ce3-ab40-51a23a8535eb@group-91F6C4109AAD: set configuration 0: [25184b17-1fd0-4ce3-ab40-51a23a8535eb|rpc:172.17.0.2:39065|dataStream:, 9dd88559-92ed-4006-9b1f-fe1c5650edb0|rpc:172.17.0.2:38415|dataStream:, e9cccd38-0623-438e-aabf-1afb1561e1cc|rpc:172.17.0.2:33459|dataStream:], old=null at 0
2020-12-07 10:48:22,051 [grpc-default-executor-2] INFO  impl.RaftServerImpl (RaftServerImpl.java:setRole(204)) - e9cccd38-0623-438e-aabf-1afb1561e1cc@group-91F6C4109AAD: changes role from  FOLLOWER to FOLLOWER at term 1 for recognizeCandidate:25184b17-1fd0-4ce3-ab40-51a23a8535eb
2020-12-07 10:48:22,051 [grpc-default-executor-2] INFO  impl.RoleInfo (RoleInfo.java:shutdownFollowerState(121)) - e9cccd38-0623-438e-aabf-1afb1561e1cc: shutdown e9cccd38-0623-438e-aabf-1afb1561e1cc@group-91F6C4109AAD-FollowerState
2020-12-07 10:48:22,051 [grpc-default-executor-2] INFO  impl.RoleInfo (RoleInfo.java:updateAndGet(143)) - e9cccd38-0623-438e-aabf-1afb1561e1cc: start e9cccd38-0623-438e-aabf-1afb1561e1cc@group-91F6C4109AAD-FollowerState
2020-12-07 10:48:22,051 [Thread-620] INFO  impl.FollowerState (FollowerState.java:run(137)) - e9cccd38-0623-438e-aabf-1afb1561e1cc@group-91F6C4109AAD-FollowerState was interrupted: {}
java.lang.InterruptedException: sleep interrupted
	at java.lang.Thread.sleep(Native Method)
	at org.apache.ratis.util.JavaUtils.sleep(JavaUtils.java:250)
	at org.apache.ratis.server.impl.FollowerState.run(FollowerState.java:116)
2020-12-07 10:48:22,051 [grpc-default-executor-2] INFO  impl.RaftServerImpl (RaftServerImpl.java:requestVote(963)) -  FOLLOWER e9cccd38-0623-438e-aabf-1afb1561e1cc@group-91F6C4109AAD:t1, leader=null, voted=null, raftlog=e9cccd38-0623-438e-aabf-1afb1561e1cc@group-91F6C4109AAD-SegmentedRaftLog:OPENED:c-1,f-1,i0, conf=-1: [25184b17-1fd0-4ce3-ab40-51a23a8535eb|rpc:172.17.0.2:39065|dataStream:, 9dd88559-92ed-4006-9b1f-fe1c5650edb0|rpc:172.17.0.2:38415|dataStream:, e9cccd38-0623-438e-aabf-1afb1561e1cc|rpc:172.17.0.2:33459|dataStream:], old=null RUNNING priority:0 candidate:25184b17-1fd0-4ce3-ab40-51a23a8535eb|rpc:172.17.0.2:39065|dataStream: candidatePriority:0 compare:0
2020-12-07 10:48:22,060 [grpc-default-executor-2] INFO  ratis.XceiverServerRatis (XceiverServerRatis.java:handleLeaderChangedNotification(854)) - Leader change notification received for group: group-91F6C4109AAD with new leaderId: 25184b17-1fd0-4ce3-ab40-51a23a8535eb
2020-12-07 10:48:22,060 [grpc-default-executor-2] INFO  impl.RaftServerImpl (ServerState.java:setLeader(256)) - e9cccd38-0623-438e-aabf-1afb1561e1cc@group-91F6C4109AAD: change Leader from null to 25184b17-1fd0-4ce3-ab40-51a23a8535eb at term 1 for appendEntries, leader elected after 5082ms
2020-12-07 10:48:22,061 [grpc-default-executor-2] INFO  impl.RaftServerImpl (ServerState.java:setRaftConf(374)) - e9cccd38-0623-438e-aabf-1afb1561e1cc@group-91F6C4109AAD: set configuration 0: [25184b17-1fd0-4ce3-ab40-51a23a8535eb|rpc:172.17.0.2:39065|dataStream:, 9dd88559-92ed-4006-9b1f-fe1c5650edb0|rpc:172.17.0.2:38415|dataStream:, e9cccd38-0623-438e-aabf-1afb1561e1cc|rpc:172.17.0.2:33459|dataStream:], old=null at 0
2020-12-07 10:48:22,062 [grpc-default-executor-0] INFO  ratis.XceiverServerRatis (XceiverServerRatis.java:handleLeaderChangedNotification(854)) - Leader change notification received for group: group-91F6C4109AAD with new leaderId: 25184b17-1fd0-4ce3-ab40-51a23a8535eb
2020-12-07 10:48:22,063 [grpc-default-executor-0] INFO  impl.RaftServerImpl (ServerState.java:setLeader(256)) - 9dd88559-92ed-4006-9b1f-fe1c5650edb0@group-91F6C4109AAD: change Leader from null to 25184b17-1fd0-4ce3-ab40-51a23a8535eb at term 1 for appendEntries, leader elected after 5163ms
2020-12-07 10:48:22,062 [grpc-default-executor-2] INFO  segmented.SegmentedRaftLogWorker (SegmentedRaftLogWorker.java:startLogSegment(398)) - e9cccd38-0623-438e-aabf-1afb1561e1cc@group-91F6C4109AAD-SegmentedRaftLogWorker: Starting segment from index:0
2020-12-07 10:48:22,065 [e9cccd38-0623-438e-aabf-1afb1561e1cc@group-91F6C4109AAD-SegmentedRaftLogWorker] INFO  segmented.SegmentedRaftLogWorker (SegmentedRaftLogWorker.java:execute(597)) - e9cccd38-0623-438e-aabf-1afb1561e1cc@group-91F6C4109AAD-SegmentedRaftLogWorker: created new log segment /github/workspace/mnt/ozone/hadoop-ozone/integration-test/target/test-dir/MiniOzoneClusterImpl-63b0f1bc-721b-4e89-a01a-54c1f1559151/datanode-5/data/ratis/fab2665a-be55-437c-913c-91f6c4109aad/current/log_inprogress_0
2020-12-07 10:48:22,066 [grpc-default-executor-0] INFO  impl.RaftServerImpl (ServerState.java:setRaftConf(374)) - 9dd88559-92ed-4006-9b1f-fe1c5650edb0@group-91F6C4109AAD: set configuration 0: [25184b17-1fd0-4ce3-ab40-51a23a8535eb|rpc:172.17.0.2:39065|dataStream:, 9dd88559-92ed-4006-9b1f-fe1c5650edb0|rpc:172.17.0.2:38415|dataStream:, e9cccd38-0623-438e-aabf-1afb1561e1cc|rpc:172.17.0.2:33459|dataStream:], old=null at 0
2020-12-07 10:48:22,066 [grpc-default-executor-0] INFO  segmented.SegmentedRaftLogWorker (SegmentedRaftLogWorker.java:startLogSegment(398)) - 9dd88559-92ed-4006-9b1f-fe1c5650edb0@group-91F6C4109AAD-SegmentedRaftLogWorker: Starting segment from index:0
2020-12-07 10:48:22,068 [9dd88559-92ed-4006-9b1f-fe1c5650edb0@group-91F6C4109AAD-SegmentedRaftLogWorker] INFO  segmented.SegmentedRaftLogWorker (SegmentedRaftLogWorker.java:execute(597)) - 9dd88559-92ed-4006-9b1f-fe1c5650edb0@group-91F6C4109AAD-SegmentedRaftLogWorker: created new log segment /github/workspace/mnt/ozone/hadoop-ozone/integration-test/target/test-dir/MiniOzoneClusterImpl-63b0f1bc-721b-4e89-a01a-54c1f1559151/datanode-3/data/ratis/fab2665a-be55-437c-913c-91f6c4109aad/current/log_inprogress_0
2020-12-07 10:48:22,174 [Thread-623] INFO  impl.FollowerState (FollowerState.java:run(128)) - 25184b17-1fd0-4ce3-ab40-51a23a8535eb@group-BCB1084DFE7B-FollowerState: change to CANDIDATE, lastRpcTime:5073ms, electionTimeout:5072ms
2020-12-07 10:48:22,174 [Thread-623] INFO  impl.RoleInfo (RoleInfo.java:shutdownFollowerState(121)) - 25184b17-1fd0-4ce3-ab40-51a23a8535eb: shutdown 25184b17-1fd0-4ce3-ab40-51a23a8535eb@group-BCB1084DFE7B-FollowerState
2020-12-07 10:48:22,174 [Thread-623] INFO  impl.RaftServerImpl (RaftServerImpl.java:setRole(204)) - 25184b17-1fd0-4ce3-ab40-51a23a8535eb@group-BCB1084DFE7B: changes role from  FOLLOWER to CANDIDATE at term 0 for changeToCandidate
2020-12-07 10:48:22,175 [Thread-623] INFO  impl.RoleInfo (RoleInfo.java:updateAndGet(143)) - 25184b17-1fd0-4ce3-ab40-51a23a8535eb: start 25184b17-1fd0-4ce3-ab40-51a23a8535eb@group-BCB1084DFE7B-LeaderElection19
2020-12-07 10:48:22,178 [25184b17-1fd0-4ce3-ab40-51a23a8535eb@group-BCB1084DFE7B-LeaderElection19] INFO  impl.LeaderElection (LeaderElection.java:askForVotes(215)) - 25184b17-1fd0-4ce3-ab40-51a23a8535eb@group-BCB1084DFE7B-LeaderElection19: begin an election at term 1 for -1: [25184b17-1fd0-4ce3-ab40-51a23a8535eb|rpc:172.17.0.2:39065], old=null
2020-12-07 10:48:22,178 [25184b17-1fd0-4ce3-ab40-51a23a8535eb@group-BCB1084DFE7B-LeaderElection19] INFO  impl.RoleInfo (RoleInfo.java:shutdownLeaderElection(134)) - 25184b17-1fd0-4ce3-ab40-51a23a8535eb: shutdown 25184b17-1fd0-4ce3-ab40-51a23a8535eb@group-BCB1084DFE7B-LeaderElection19
2020-12-07 10:48:22,178 [25184b17-1fd0-4ce3-ab40-51a23a8535eb@group-BCB1084DFE7B-LeaderElection19] INFO  impl.RaftServerImpl (RaftServerImpl.java:setRole(204)) - 25184b17-1fd0-4ce3-ab40-51a23a8535eb@group-BCB1084DFE7B: changes role from CANDIDATE to LEADER at term 1 for changeToLeader
2020-12-07 10:48:22,178 [25184b17-1fd0-4ce3-ab40-51a23a8535eb@group-BCB1084DFE7B-LeaderElection19] INFO  ratis.XceiverServerRatis (XceiverServerRatis.java:handleLeaderChangedNotification(854)) - Leader change notification received for group: group-BCB1084DFE7B with new leaderId: 25184b17-1fd0-4ce3-ab40-51a23a8535eb
2020-12-07 10:48:22,178 [25184b17-1fd0-4ce3-ab40-51a23a8535eb@group-BCB1084DFE7B-LeaderElection19] INFO  impl.RaftServerImpl (ServerState.java:setLeader(256)) - 25184b17-1fd0-4ce3-ab40-51a23a8535eb@group-BCB1084DFE7B: change Leader from null to 25184b17-1fd0-4ce3-ab40-51a23a8535eb at term 1 for becomeLeader, leader elected after 5083ms
2020-12-07 10:48:22,178 [25184b17-1fd0-4ce3-ab40-51a23a8535eb@group-BCB1084DFE7B-LeaderElection19] INFO  server.RaftServerConfigKeys (ConfUtils.java:logGet(44)) - raft.server.staging.catchup.gap = 1000 (default)
2020-12-07 10:48:22,179 [25184b17-1fd0-4ce3-ab40-51a23a8535eb@group-BCB1084DFE7B-LeaderElection19] INFO  server.RaftServerConfigKeys (ConfUtils.java:logGet(44)) - raft.server.rpc.sleep.time = 25ms (default)
2020-12-07 10:48:22,179 [25184b17-1fd0-4ce3-ab40-51a23a8535eb@group-BCB1084DFE7B-LeaderElection19] INFO  metrics.RatisMetrics (RatisMetrics.java:lambda$create$0(36)) - Creating Metrics Registry : ratis.log_appender.25184b17-1fd0-4ce3-ab40-51a23a8535eb@group-BCB1084DFE7B
2020-12-07 10:48:22,179 [25184b17-1fd0-4ce3-ab40-51a23a8535eb@group-BCB1084DFE7B-LeaderElection19] INFO  server.RaftServerConfigKeys (ConfUtils.java:logGet(44)) - raft.server.write.element-limit = 1024 (custom)
2020-12-07 10:48:22,179 [25184b17-1fd0-4ce3-ab40-51a23a8535eb@group-BCB1084DFE7B-LeaderElection19] INFO  server.RaftServerConfigKeys (ConfUtils.java:logGet(44)) - raft.server.write.byte-limit = 1073741824 (custom)
2020-12-07 10:48:22,179 [25184b17-1fd0-4ce3-ab40-51a23a8535eb@group-BCB1084DFE7B-LeaderElection19] INFO  server.RaftServerConfigKeys (ConfUtils.java:logGet(44)) - raft.server.watch.timeout = 180s (custom)
2020-12-07 10:48:22,179 [25184b17-1fd0-4ce3-ab40-51a23a8535eb@group-BCB1084DFE7B-LeaderElection19] INFO  server.RaftServerConfigKeys (ConfUtils.java:logGet(44)) - raft.server.watch.timeout.denomination = 1s (default)
2020-12-07 10:48:22,180 [25184b17-1fd0-4ce3-ab40-51a23a8535eb@group-BCB1084DFE7B-LeaderElection19] INFO  server.RaftServerConfigKeys (ConfUtils.java:logGet(44)) - raft.server.watch.element-limit = 65536 (default)
2020-12-07 10:48:22,180 [25184b17-1fd0-4ce3-ab40-51a23a8535eb@group-BCB1084DFE7B-LeaderElection19] INFO  impl.RoleInfo (RoleInfo.java:updateAndGet(143)) - 25184b17-1fd0-4ce3-ab40-51a23a8535eb: start 25184b17-1fd0-4ce3-ab40-51a23a8535eb@group-BCB1084DFE7B-LeaderState
2020-12-07 10:48:22,180 [25184b17-1fd0-4ce3-ab40-51a23a8535eb@group-BCB1084DFE7B-LeaderElection19] INFO  segmented.SegmentedRaftLogWorker (SegmentedRaftLogWorker.java:startLogSegment(398)) - 25184b17-1fd0-4ce3-ab40-51a23a8535eb@group-BCB1084DFE7B-SegmentedRaftLogWorker: Starting segment from index:0
2020-12-07 10:48:22,181 [25184b17-1fd0-4ce3-ab40-51a23a8535eb@group-BCB1084DFE7B-LeaderElection19] INFO  impl.RaftServerImpl (ServerState.java:setRaftConf(374)) - 25184b17-1fd0-4ce3-ab40-51a23a8535eb@group-BCB1084DFE7B: set configuration 0: [25184b17-1fd0-4ce3-ab40-51a23a8535eb|rpc:172.17.0.2:39065|dataStream:], old=null at 0
2020-12-07 10:48:22,182 [25184b17-1fd0-4ce3-ab40-51a23a8535eb@group-BCB1084DFE7B-SegmentedRaftLogWorker] INFO  segmented.SegmentedRaftLogWorker (SegmentedRaftLogWorker.java:execute(597)) - 25184b17-1fd0-4ce3-ab40-51a23a8535eb@group-BCB1084DFE7B-SegmentedRaftLogWorker: created new log segment /github/workspace/mnt/ozone/hadoop-ozone/integration-test/target/test-dir/MiniOzoneClusterImpl-63b0f1bc-721b-4e89-a01a-54c1f1559151/datanode-4/data/ratis/750ae1b4-f4c2-49dc-bcca-bcb1084dfe7b/current/log_inprogress_0
2020-12-07 10:48:22,488 [Thread-625] INFO  impl.FollowerState (FollowerState.java:run(128)) - e9cccd38-0623-438e-aabf-1afb1561e1cc@group-6FB94C5BAD6B-FollowerState: change to CANDIDATE, lastRpcTime:5141ms, electionTimeout:5137ms
2020-12-07 10:48:22,488 [Thread-625] INFO  impl.RoleInfo (RoleInfo.java:shutdownFollowerState(121)) - e9cccd38-0623-438e-aabf-1afb1561e1cc: shutdown e9cccd38-0623-438e-aabf-1afb1561e1cc@group-6FB94C5BAD6B-FollowerState
2020-12-07 10:48:22,488 [Thread-625] INFO  impl.RaftServerImpl (RaftServerImpl.java:setRole(204)) - e9cccd38-0623-438e-aabf-1afb1561e1cc@group-6FB94C5BAD6B: changes role from  FOLLOWER to CANDIDATE at term 0 for changeToCandidate
2020-12-07 10:48:22,488 [Thread-625] INFO  impl.RoleInfo (RoleInfo.java:updateAndGet(143)) - e9cccd38-0623-438e-aabf-1afb1561e1cc: start e9cccd38-0623-438e-aabf-1afb1561e1cc@group-6FB94C5BAD6B-LeaderElection20
2020-12-07 10:48:22,492 [e9cccd38-0623-438e-aabf-1afb1561e1cc@group-6FB94C5BAD6B-LeaderElection20] INFO  impl.LeaderElection (LeaderElection.java:askForVotes(215)) - e9cccd38-0623-438e-aabf-1afb1561e1cc@group-6FB94C5BAD6B-LeaderElection20: begin an election at term 1 for -1: [e9cccd38-0623-438e-aabf-1afb1561e1cc|rpc:172.17.0.2:33459], old=null
2020-12-07 10:48:22,492 [e9cccd38-0623-438e-aabf-1afb1561e1cc@group-6FB94C5BAD6B-LeaderElection20] INFO  impl.RoleInfo (RoleInfo.java:shutdownLeaderElection(134)) - e9cccd38-0623-438e-aabf-1afb1561e1cc: shutdown e9cccd38-0623-438e-aabf-1afb1561e1cc@group-6FB94C5BAD6B-LeaderElection20
2020-12-07 10:48:22,492 [e9cccd38-0623-438e-aabf-1afb1561e1cc@group-6FB94C5BAD6B-LeaderElection20] INFO  impl.RaftServerImpl (RaftServerImpl.java:setRole(204)) - e9cccd38-0623-438e-aabf-1afb1561e1cc@group-6FB94C5BAD6B: changes role from CANDIDATE to LEADER at term 1 for changeToLeader
2020-12-07 10:48:22,492 [e9cccd38-0623-438e-aabf-1afb1561e1cc@group-6FB94C5BAD6B-LeaderElection20] INFO  ratis.XceiverServerRatis (XceiverServerRatis.java:handleLeaderChangedNotification(854)) - Leader change notification received for group: group-6FB94C5BAD6B with new leaderId: e9cccd38-0623-438e-aabf-1afb1561e1cc
2020-12-07 10:48:22,493 [e9cccd38-0623-438e-aabf-1afb1561e1cc@group-6FB94C5BAD6B-LeaderElection20] INFO  impl.RaftServerImpl (ServerState.java:setLeader(256)) - e9cccd38-0623-438e-aabf-1afb1561e1cc@group-6FB94C5BAD6B: change Leader from null to e9cccd38-0623-438e-aabf-1afb1561e1cc at term 1 for becomeLeader, leader elected after 5156ms
2020-12-07 10:48:22,493 [e9cccd38-0623-438e-aabf-1afb1561e1cc@group-6FB94C5BAD6B-LeaderElection20] INFO  server.RaftServerConfigKeys (ConfUtils.java:logGet(44)) - raft.server.staging.catchup.gap = 1000 (default)
2020-12-07 10:48:22,493 [e9cccd38-0623-438e-aabf-1afb1561e1cc@group-6FB94C5BAD6B-LeaderElection20] INFO  server.RaftServerConfigKeys (ConfUtils.java:logGet(44)) - raft.server.rpc.sleep.time = 25ms (default)
2020-12-07 10:48:22,493 [e9cccd38-0623-438e-aabf-1afb1561e1cc@group-6FB94C5BAD6B-LeaderElection20] INFO  metrics.RatisMetrics (RatisMetrics.java:lambda$create$0(36)) - Creating Metrics Registry : ratis.log_appender.e9cccd38-0623-438e-aabf-1afb1561e1cc@group-6FB94C5BAD6B
2020-12-07 10:48:22,494 [e9cccd38-0623-438e-aabf-1afb1561e1cc@group-6FB94C5BAD6B-LeaderElection20] INFO  server.RaftServerConfigKeys (ConfUtils.java:logGet(44)) - raft.server.write.element-limit = 1024 (custom)
2020-12-07 10:48:22,494 [e9cccd38-0623-438e-aabf-1afb1561e1cc@group-6FB94C5BAD6B-LeaderElection20] INFO  server.RaftServerConfigKeys (ConfUtils.java:logGet(44)) - raft.server.write.byte-limit = 1073741824 (custom)
2020-12-07 10:48:22,495 [e9cccd38-0623-438e-aabf-1afb1561e1cc@group-6FB94C5BAD6B-LeaderElection20] INFO  server.RaftServerConfigKeys (ConfUtils.java:logGet(44)) - raft.server.watch.timeout = 180s (custom)
2020-12-07 10:48:22,495 [e9cccd38-0623-438e-aabf-1afb1561e1cc@group-6FB94C5BAD6B-LeaderElection20] INFO  server.RaftServerConfigKeys (ConfUtils.java:logGet(44)) - raft.server.watch.timeout.denomination = 1s (default)
2020-12-07 10:48:22,495 [e9cccd38-0623-438e-aabf-1afb1561e1cc@group-6FB94C5BAD6B-LeaderElection20] INFO  server.RaftServerConfigKeys (ConfUtils.java:logGet(44)) - raft.server.watch.element-limit = 65536 (default)
2020-12-07 10:48:22,495 [e9cccd38-0623-438e-aabf-1afb1561e1cc@group-6FB94C5BAD6B-LeaderElection20] INFO  impl.RoleInfo (RoleInfo.java:updateAndGet(143)) - e9cccd38-0623-438e-aabf-1afb1561e1cc: start e9cccd38-0623-438e-aabf-1afb1561e1cc@group-6FB94C5BAD6B-LeaderState
2020-12-07 10:48:22,495 [e9cccd38-0623-438e-aabf-1afb1561e1cc@group-6FB94C5BAD6B-LeaderElection20] INFO  segmented.SegmentedRaftLogWorker (SegmentedRaftLogWorker.java:startLogSegment(398)) - e9cccd38-0623-438e-aabf-1afb1561e1cc@group-6FB94C5BAD6B-SegmentedRaftLogWorker: Starting segment from index:0
2020-12-07 10:48:22,496 [e9cccd38-0623-438e-aabf-1afb1561e1cc@group-6FB94C5BAD6B-LeaderElection20] INFO  impl.RaftServerImpl (ServerState.java:setRaftConf(374)) - e9cccd38-0623-438e-aabf-1afb1561e1cc@group-6FB94C5BAD6B: set configuration 0: [e9cccd38-0623-438e-aabf-1afb1561e1cc|rpc:172.17.0.2:33459|dataStream:], old=null at 0
2020-12-07 10:48:22,497 [e9cccd38-0623-438e-aabf-1afb1561e1cc@group-6FB94C5BAD6B-SegmentedRaftLogWorker] INFO  segmented.SegmentedRaftLogWorker (SegmentedRaftLogWorker.java:execute(597)) - e9cccd38-0623-438e-aabf-1afb1561e1cc@group-6FB94C5BAD6B-SegmentedRaftLogWorker: created new log segment /github/workspace/mnt/ozone/hadoop-ozone/integration-test/target/test-dir/MiniOzoneClusterImpl-63b0f1bc-721b-4e89-a01a-54c1f1559151/datanode-5/data/ratis/e4afc40e-dff8-4e5c-8349-6fb94c5bad6b/current/log_inprogress_0
2020-12-07 10:48:22,741 [Thread-627] INFO  impl.FollowerState (FollowerState.java:run(128)) - 2cccdb4a-43f4-414a-b789-1147e18a9f82@group-5B3C3CFB5850-FollowerState: change to CANDIDATE, lastRpcTime:5194ms, electionTimeout:5193ms
2020-12-07 10:48:22,741 [Thread-627] INFO  impl.RoleInfo (RoleInfo.java:shutdownFollowerState(121)) - 2cccdb4a-43f4-414a-b789-1147e18a9f82: shutdown 2cccdb4a-43f4-414a-b789-1147e18a9f82@group-5B3C3CFB5850-FollowerState
2020-12-07 10:48:22,741 [Thread-627] INFO  impl.RaftServerImpl (RaftServerImpl.java:setRole(204)) - 2cccdb4a-43f4-414a-b789-1147e18a9f82@group-5B3C3CFB5850: changes role from  FOLLOWER to CANDIDATE at term 0 for changeToCandidate
2020-12-07 10:48:22,741 [Thread-627] INFO  impl.RoleInfo (RoleInfo.java:updateAndGet(143)) - 2cccdb4a-43f4-414a-b789-1147e18a9f82: start 2cccdb4a-43f4-414a-b789-1147e18a9f82@group-5B3C3CFB5850-LeaderElection21
2020-12-07 10:48:22,745 [2cccdb4a-43f4-414a-b789-1147e18a9f82@group-5B3C3CFB5850-LeaderElection21] INFO  impl.LeaderElection (LeaderElection.java:askForVotes(215)) - 2cccdb4a-43f4-414a-b789-1147e18a9f82@group-5B3C3CFB5850-LeaderElection21: begin an election at term 1 for -1: [2cccdb4a-43f4-414a-b789-1147e18a9f82|rpc:172.17.0.2:37441], old=null
2020-12-07 10:48:22,745 [2cccdb4a-43f4-414a-b789-1147e18a9f82@group-5B3C3CFB5850-LeaderElection21] INFO  impl.RoleInfo (RoleInfo.java:shutdownLeaderElection(134)) - 2cccdb4a-43f4-414a-b789-1147e18a9f82: shutdown 2cccdb4a-43f4-414a-b789-1147e18a9f82@group-5B3C3CFB5850-LeaderElection21
2020-12-07 10:48:22,745 [2cccdb4a-43f4-414a-b789-1147e18a9f82@group-5B3C3CFB5850-LeaderElection21] INFO  impl.RaftServerImpl (RaftServerImpl.java:setRole(204)) - 2cccdb4a-43f4-414a-b789-1147e18a9f82@group-5B3C3CFB5850: changes role from CANDIDATE to LEADER at term 1 for changeToLeader
2020-12-07 10:48:22,745 [2cccdb4a-43f4-414a-b789-1147e18a9f82@group-5B3C3CFB5850-LeaderElection21] INFO  ratis.XceiverServerRatis (XceiverServerRatis.java:handleLeaderChangedNotification(854)) - Leader change notification received for group: group-5B3C3CFB5850 with new leaderId: 2cccdb4a-43f4-414a-b789-1147e18a9f82
2020-12-07 10:48:22,746 [2cccdb4a-43f4-414a-b789-1147e18a9f82@group-5B3C3CFB5850-LeaderElection21] INFO  impl.RaftServerImpl (ServerState.java:setLeader(256)) - 2cccdb4a-43f4-414a-b789-1147e18a9f82@group-5B3C3CFB5850: change Leader from null to 2cccdb4a-43f4-414a-b789-1147e18a9f82 at term 1 for becomeLeader, leader elected after 5205ms
2020-12-07 10:48:22,746 [2cccdb4a-43f4-414a-b789-1147e18a9f82@group-5B3C3CFB5850-LeaderElection21] INFO  server.RaftServerConfigKeys (ConfUtils.java:logGet(44)) - raft.server.staging.catchup.gap = 1000 (default)
2020-12-07 10:48:22,746 [2cccdb4a-43f4-414a-b789-1147e18a9f82@group-5B3C3CFB5850-LeaderElection21] INFO  server.RaftServerConfigKeys (ConfUtils.java:logGet(44)) - raft.server.rpc.sleep.time = 25ms (default)
2020-12-07 10:48:22,747 [2cccdb4a-43f4-414a-b789-1147e18a9f82@group-5B3C3CFB5850-LeaderElection21] INFO  metrics.RatisMetrics (RatisMetrics.java:lambda$create$0(36)) - Creating Metrics Registry : ratis.log_appender.2cccdb4a-43f4-414a-b789-1147e18a9f82@group-5B3C3CFB5850
2020-12-07 10:48:22,747 [2cccdb4a-43f4-414a-b789-1147e18a9f82@group-5B3C3CFB5850-LeaderElection21] INFO  server.RaftServerConfigKeys (ConfUtils.java:logGet(44)) - raft.server.write.element-limit = 1024 (custom)
2020-12-07 10:48:22,747 [2cccdb4a-43f4-414a-b789-1147e18a9f82@group-5B3C3CFB5850-LeaderElection21] INFO  server.RaftServerConfigKeys (ConfUtils.java:logGet(44)) - raft.server.write.byte-limit = 1073741824 (custom)
2020-12-07 10:48:22,747 [2cccdb4a-43f4-414a-b789-1147e18a9f82@group-5B3C3CFB5850-LeaderElection21] INFO  server.RaftServerConfigKeys (ConfUtils.java:logGet(44)) - raft.server.watch.timeout = 180s (custom)
2020-12-07 10:48:22,749 [2cccdb4a-43f4-414a-b789-1147e18a9f82@group-5B3C3CFB5850-LeaderElection21] INFO  server.RaftServerConfigKeys (ConfUtils.java:logGet(44)) - raft.server.watch.timeout.denomination = 1s (default)
2020-12-07 10:48:22,749 [2cccdb4a-43f4-414a-b789-1147e18a9f82@group-5B3C3CFB5850-LeaderElection21] INFO  server.RaftServerConfigKeys (ConfUtils.java:logGet(44)) - raft.server.watch.element-limit = 65536 (default)
2020-12-07 10:48:22,749 [2cccdb4a-43f4-414a-b789-1147e18a9f82@group-5B3C3CFB5850-LeaderElection21] INFO  impl.RoleInfo (RoleInfo.java:updateAndGet(143)) - 2cccdb4a-43f4-414a-b789-1147e18a9f82: start 2cccdb4a-43f4-414a-b789-1147e18a9f82@group-5B3C3CFB5850-LeaderState
2020-12-07 10:48:22,750 [2cccdb4a-43f4-414a-b789-1147e18a9f82@group-5B3C3CFB5850-LeaderElection21] INFO  segmented.SegmentedRaftLogWorker (SegmentedRaftLogWorker.java:startLogSegment(398)) - 2cccdb4a-43f4-414a-b789-1147e18a9f82@group-5B3C3CFB5850-SegmentedRaftLogWorker: Starting segment from index:0
2020-12-07 10:48:22,751 [2cccdb4a-43f4-414a-b789-1147e18a9f82@group-5B3C3CFB5850-LeaderElection21] INFO  impl.RaftServerImpl (ServerState.java:setRaftConf(374)) - 2cccdb4a-43f4-414a-b789-1147e18a9f82@group-5B3C3CFB5850: set configuration 0: [2cccdb4a-43f4-414a-b789-1147e18a9f82|rpc:172.17.0.2:37441|dataStream:], old=null at 0
2020-12-07 10:48:22,754 [2cccdb4a-43f4-414a-b789-1147e18a9f82@group-5B3C3CFB5850-SegmentedRaftLogWorker] INFO  segmented.SegmentedRaftLogWorker (SegmentedRaftLogWorker.java:execute(597)) - 2cccdb4a-43f4-414a-b789-1147e18a9f82@group-5B3C3CFB5850-SegmentedRaftLogWorker: created new log segment /github/workspace/mnt/ozone/hadoop-ozone/integration-test/target/test-dir/MiniOzoneClusterImpl-63b0f1bc-721b-4e89-a01a-54c1f1559151/datanode-6/data/ratis/ed40f1b1-a750-4495-828f-5b3c3cfb5850/current/log_inprogress_0
2020-12-07 10:48:24,419 [EventQueue-Delayed safe mode statusForReplicationManager] INFO  container.ReplicationManager (ReplicationManager.java:start(186)) - Starting Replication Monitor Thread.
2020-12-07 10:48:24,420 [ReplicationMonitor] INFO  container.ReplicationManager (ReplicationManager.java:run(250)) - Replication Monitor Thread took 1 milliseconds for processing 3 containers.
2020-12-07 10:48:29,990 [Listener at 127.0.0.1/33429] INFO  metrics.RatisMetrics (RatisMetrics.java:lambda$create$0(36)) - Creating Metrics Registry : ratis.client_message_metrics.client-7A35D677C522->9dd88559-92ed-4006-9b1f-fe1c5650edb0
2020-12-07 10:48:30,038 [Listener at 127.0.0.1/33429] INFO  metrics.RatisMetrics (RatisMetrics.java:lambda$create$0(36)) - Creating Metrics Registry : ratis.client_message_metrics.client-F07561C11D1D->e9cccd38-0623-438e-aabf-1afb1561e1cc
2020-12-07 10:48:30,089 [EventQueue-CloseContainerForCloseContainerEventHandler] INFO  container.CloseContainerEventHandler (CloseContainerEventHandler.java:onMessage(61)) - Close container Event triggered for container : #1
2020-12-07 10:48:30,089 [EventQueue-CloseContainerForCloseContainerEventHandler] INFO  container.CloseContainerEventHandler (CloseContainerEventHandler.java:onMessage(61)) - Close container Event triggered for container : #2
2020-12-07 10:48:30,091 [EventQueue-CloseContainerForCloseContainerEventHandler] INFO  container.CloseContainerEventHandler (CloseContainerEventHandler.java:onMessage(61)) - Close container Event triggered for container : #3
2020-12-07 10:48:31,997 [RatisApplyTransactionExecutor 1] INFO  keyvalue.KeyValueContainer (KeyValueContainer.java:flushAndSyncDB(388)) - Container 1 is synced with bcsId 14.
2020-12-07 10:48:31,997 [RatisApplyTransactionExecutor 1] INFO  keyvalue.KeyValueContainer (KeyValueContainer.java:flushAndSyncDB(388)) - Container 1 is synced with bcsId 14.
2020-12-07 10:48:32,000 [RatisApplyTransactionExecutor 1] INFO  keyvalue.KeyValueContainer (KeyValueContainer.java:close(326)) - Container 1 is closed with bcsId 14.
2020-12-07 10:48:32,001 [EventQueue-IncrementalContainerReportForIncrementalContainerReportHandler] INFO  container.IncrementalContainerReportHandler (AbstractContainerReportHandler.java:updateContainerState(215)) - Moving container #1 to CLOSED state, datanode e9cccd38-0623-438e-aabf-1afb1561e1cc{ip: 172.17.0.2, host: e09bffc1a782, networkLocation: /default-rack, certSerialId: null, persistedOpState: IN_SERVICE, persistedOpStateExpiryEpochSec: 0} reported CLOSED replica.
2020-12-07 10:48:32,007 [RatisApplyTransactionExecutor 2] INFO  keyvalue.KeyValueContainer (KeyValueContainer.java:flushAndSyncDB(388)) - Container 2 is synced with bcsId 0.
2020-12-07 10:48:32,007 [RatisApplyTransactionExecutor 2] INFO  keyvalue.KeyValueContainer (KeyValueContainer.java:flushAndSyncDB(388)) - Container 2 is synced with bcsId 0.
2020-12-07 10:48:32,009 [RatisApplyTransactionExecutor 2] INFO  keyvalue.KeyValueContainer (KeyValueContainer.java:close(326)) - Container 2 is closed with bcsId 0.
2020-12-07 10:48:32,010 [EventQueue-IncrementalContainerReportForIncrementalContainerReportHandler] INFO  container.IncrementalContainerReportHandler (AbstractContainerReportHandler.java:updateContainerState(215)) - Moving container #2 to CLOSED state, datanode e9cccd38-0623-438e-aabf-1afb1561e1cc{ip: 172.17.0.2, host: e09bffc1a782, networkLocation: /default-rack, certSerialId: null, persistedOpState: IN_SERVICE, persistedOpStateExpiryEpochSec: 0} reported CLOSED replica.
2020-12-07 10:48:32,039 [RatisApplyTransactionExecutor 3] INFO  keyvalue.KeyValueContainer (KeyValueContainer.java:flushAndSyncDB(388)) - Container 3 is synced with bcsId 0.
2020-12-07 10:48:32,039 [RatisApplyTransactionExecutor 3] INFO  keyvalue.KeyValueContainer (KeyValueContainer.java:flushAndSyncDB(388)) - Container 3 is synced with bcsId 0.
2020-12-07 10:48:32,042 [RatisApplyTransactionExecutor 3] INFO  keyvalue.KeyValueContainer (KeyValueContainer.java:close(326)) - Container 3 is closed with bcsId 0.
2020-12-07 10:48:32,043 [EventQueue-IncrementalContainerReportForIncrementalContainerReportHandler] INFO  container.IncrementalContainerReportHandler (AbstractContainerReportHandler.java:updateContainerState(215)) - Moving container #3 to CLOSED state, datanode 9dd88559-92ed-4006-9b1f-fe1c5650edb0{ip: 172.17.0.2, host: e09bffc1a782, networkLocation: /default-rack, certSerialId: null, persistedOpState: IN_SERVICE, persistedOpStateExpiryEpochSec: 0} reported CLOSED replica.
10:48:32.095 [grpc-default-executor-0] ERROR DNAudit - user=null | ip=null | op=WRITE_CHUNK {blockData=conID: 1 locID: 105338509824163843 bcsId: 14} | ret=FAILURE
org.apache.hadoop.hdds.scm.container.common.helpers.ContainerNotOpenException: Container 1 in CLOSED state
	at org.apache.hadoop.ozone.container.common.impl.HddsDispatcher.validateContainerCommand(HddsDispatcher.java:484) ~[hadoop-hdds-container-service-1.1.0-SNAPSHOT.jar:?]
	at org.apache.hadoop.ozone.container.common.transport.server.ratis.ContainerStateMachine.startTransaction(ContainerStateMachine.java:319) ~[hadoop-hdds-container-service-1.1.0-SNAPSHOT.jar:?]
	at org.apache.ratis.server.impl.RaftServerImpl.submitClientRequestAsync(RaftServerImpl.java:723) ~[ratis-server-1.1.0-913f5a4-SNAPSHOT.jar:1.1.0-913f5a4-SNAPSHOT]
	at org.apache.ratis.server.impl.RaftServerProxy.lambda$submitClientRequestAsync$7(RaftServerProxy.java:364) ~[ratis-server-1.1.0-913f5a4-SNAPSHOT.jar:1.1.0-913f5a4-SNAPSHOT]
	at org.apache.ratis.server.impl.RaftServerProxy.lambda$null$5(RaftServerProxy.java:359) ~[ratis-server-1.1.0-913f5a4-SNAPSHOT.jar:1.1.0-913f5a4-SNAPSHOT]
	at org.apache.ratis.util.JavaUtils.callAsUnchecked(JavaUtils.java:116) ~[ratis-common-1.1.0-913f5a4-SNAPSHOT.jar:1.1.0-913f5a4-SNAPSHOT]
	at org.apache.ratis.server.impl.RaftServerProxy.lambda$submitRequest$6(RaftServerProxy.java:359) ~[ratis-server-1.1.0-913f5a4-SNAPSHOT.jar:1.1.0-913f5a4-SNAPSHOT]
	at java.util.concurrent.CompletableFuture.uniComposeStage(CompletableFuture.java:995) ~[?:1.8.0_232]
	at java.util.concurrent.CompletableFuture.thenCompose(CompletableFuture.java:2137) ~[?:1.8.0_232]
	at org.apache.ratis.server.impl.RaftServerProxy.submitRequest(RaftServerProxy.java:358) ~[ratis-server-1.1.0-913f5a4-SNAPSHOT.jar:1.1.0-913f5a4-SNAPSHOT]
	at org.apache.ratis.server.impl.RaftServerProxy.submitClientRequestAsync(RaftServerProxy.java:364) ~[ratis-server-1.1.0-913f5a4-SNAPSHOT.jar:1.1.0-913f5a4-SNAPSHOT]
	at org.apache.ratis.grpc.client.GrpcClientProtocolService$RequestStreamObserver.processClientRequest(GrpcClientProtocolService.java:231) ~[ratis-grpc-1.1.0-913f5a4-SNAPSHOT.jar:1.1.0-913f5a4-SNAPSHOT]
	at org.apache.ratis.grpc.client.GrpcClientProtocolService$OrderedRequestStreamObserver.processClientRequest(GrpcClientProtocolService.java:337) ~[ratis-grpc-1.1.0-913f5a4-SNAPSHOT.jar:1.1.0-913f5a4-SNAPSHOT]
	at org.apache.ratis.util.SlidingWindow$Server.processRequestsFromHead(SlidingWindow.java:429) [ratis-common-1.1.0-913f5a4-SNAPSHOT.jar:1.1.0-913f5a4-SNAPSHOT]
	at org.apache.ratis.util.SlidingWindow$Server.receivedRequest(SlidingWindow.java:421) [ratis-common-1.1.0-913f5a4-SNAPSHOT.jar:1.1.0-913f5a4-SNAPSHOT]
	at org.apache.ratis.grpc.client.GrpcClientProtocolService$OrderedRequestStreamObserver.processClientRequest(GrpcClientProtocolService.java:361) [ratis-grpc-1.1.0-913f5a4-SNAPSHOT.jar:1.1.0-913f5a4-SNAPSHOT]
	at org.apache.ratis.grpc.client.GrpcClientProtocolService$RequestStreamObserver.onNext(GrpcClientProtocolService.java:251) [ratis-grpc-1.1.0-913f5a4-SNAPSHOT.jar:1.1.0-913f5a4-SNAPSHOT]
	at org.apache.ratis.grpc.client.GrpcClientProtocolService$RequestStreamObserver.onNext(GrpcClientProtocolService.java:174) [ratis-grpc-1.1.0-913f5a4-SNAPSHOT.jar:1.1.0-913f5a4-SNAPSHOT]
	at org.apache.ratis.thirdparty.io.grpc.stub.ServerCalls$StreamingServerCallHandler$StreamingServerCallListener.onMessage(ServerCalls.java:251) [ratis-thirdparty-misc-0.6.0-SNAPSHOT.jar:0.6.0-SNAPSHOT]
	at org.apache.ratis.thirdparty.io.grpc.ForwardingServerCallListener.onMessage(ForwardingServerCallListener.java:33) [ratis-thirdparty-misc-0.6.0-SNAPSHOT.jar:0.6.0-SNAPSHOT]
	at org.apache.ratis.thirdparty.io.grpc.internal.ServerCallImpl$ServerStreamListenerImpl.messagesAvailableInternal(ServerCallImpl.java:309) [ratis-thirdparty-misc-0.6.0-SNAPSHOT.jar:0.6.0-SNAPSHOT]
	at org.apache.ratis.thirdparty.io.grpc.internal.ServerCallImpl$ServerStreamListenerImpl.messagesAvailable(ServerCallImpl.java:292) [ratis-thirdparty-misc-0.6.0-SNAPSHOT.jar:0.6.0-SNAPSHOT]
	at org.apache.ratis.thirdparty.io.grpc.internal.ServerImpl$JumpToApplicationThreadServerStreamListener$1MessagesAvailable.runInContext(ServerImpl.java:783) [ratis-thirdparty-misc-0.6.0-SNAPSHOT.jar:0.6.0-SNAPSHOT]
	at org.apache.ratis.thirdparty.io.grpc.internal.ContextRunnable.run(ContextRunnable.java:37) [ratis-thirdparty-misc-0.6.0-SNAPSHOT.jar:0.6.0-SNAPSHOT]
	at org.apache.ratis.thirdparty.io.grpc.internal.SerializingExecutor.run(SerializingExecutor.java:123) [ratis-thirdparty-misc-0.6.0-SNAPSHOT.jar:0.6.0-SNAPSHOT]
	at java.util.concurrent.ThreadPoolExecutor.runWorker(ThreadPoolExecutor.java:1149) [?:1.8.0_232]
	at java.util.concurrent.ThreadPoolExecutor$Worker.run(ThreadPoolExecutor.java:624) [?:1.8.0_232]
	at java.lang.Thread.run(Thread.java:748) [?:1.8.0_232]
10:48:32.111 [grpc-default-executor-0] ERROR DNAudit - user=null | ip=null | op=WRITE_CHUNK {blockData=conID: 1 locID: 105338509824163843 bcsId: 14} | ret=FAILURE
org.apache.hadoop.hdds.scm.container.common.helpers.ContainerNotOpenException: Container 1 in CLOSED state
	at org.apache.hadoop.ozone.container.common.impl.HddsDispatcher.validateContainerCommand(HddsDispatcher.java:484) ~[hadoop-hdds-container-service-1.1.0-SNAPSHOT.jar:?]
	at org.apache.hadoop.ozone.container.common.transport.server.ratis.ContainerStateMachine.startTransaction(ContainerStateMachine.java:319) ~[hadoop-hdds-container-service-1.1.0-SNAPSHOT.jar:?]
	at org.apache.ratis.server.impl.RaftServerImpl.submitClientRequestAsync(RaftServerImpl.java:723) ~[ratis-server-1.1.0-913f5a4-SNAPSHOT.jar:1.1.0-913f5a4-SNAPSHOT]
	at org.apache.ratis.server.impl.RaftServerProxy.lambda$submitClientRequestAsync$7(RaftServerProxy.java:364) ~[ratis-server-1.1.0-913f5a4-SNAPSHOT.jar:1.1.0-913f5a4-SNAPSHOT]
	at org.apache.ratis.server.impl.RaftServerProxy.lambda$null$5(RaftServerProxy.java:359) ~[ratis-server-1.1.0-913f5a4-SNAPSHOT.jar:1.1.0-913f5a4-SNAPSHOT]
	at org.apache.ratis.util.JavaUtils.callAsUnchecked(JavaUtils.java:116) ~[ratis-common-1.1.0-913f5a4-SNAPSHOT.jar:1.1.0-913f5a4-SNAPSHOT]
	at org.apache.ratis.server.impl.RaftServerProxy.lambda$submitRequest$6(RaftServerProxy.java:359) ~[ratis-server-1.1.0-913f5a4-SNAPSHOT.jar:1.1.0-913f5a4-SNAPSHOT]
	at java.util.concurrent.CompletableFuture.uniComposeStage(CompletableFuture.java:995) ~[?:1.8.0_232]
	at java.util.concurrent.CompletableFuture.thenCompose(CompletableFuture.java:2137) ~[?:1.8.0_232]
	at org.apache.ratis.server.impl.RaftServerProxy.submitRequest(RaftServerProxy.java:358) ~[ratis-server-1.1.0-913f5a4-SNAPSHOT.jar:1.1.0-913f5a4-SNAPSHOT]
	at org.apache.ratis.server.impl.RaftServerProxy.submitClientRequestAsync(RaftServerProxy.java:364) ~[ratis-server-1.1.0-913f5a4-SNAPSHOT.jar:1.1.0-913f5a4-SNAPSHOT]
	at org.apache.ratis.grpc.client.GrpcClientProtocolService$RequestStreamObserver.processClientRequest(GrpcClientProtocolService.java:231) ~[ratis-grpc-1.1.0-913f5a4-SNAPSHOT.jar:1.1.0-913f5a4-SNAPSHOT]
	at org.apache.ratis.grpc.client.GrpcClientProtocolService$OrderedRequestStreamObserver.processClientRequest(GrpcClientProtocolService.java:337) ~[ratis-grpc-1.1.0-913f5a4-SNAPSHOT.jar:1.1.0-913f5a4-SNAPSHOT]
	at org.apache.ratis.util.SlidingWindow$Server.processRequestsFromHead(SlidingWindow.java:429) [ratis-common-1.1.0-913f5a4-SNAPSHOT.jar:1.1.0-913f5a4-SNAPSHOT]
	at org.apache.ratis.util.SlidingWindow$Server.receivedRequest(SlidingWindow.java:421) [ratis-common-1.1.0-913f5a4-SNAPSHOT.jar:1.1.0-913f5a4-SNAPSHOT]
	at org.apache.ratis.grpc.client.GrpcClientProtocolService$OrderedRequestStreamObserver.processClientRequest(GrpcClientProtocolService.java:361) [ratis-grpc-1.1.0-913f5a4-SNAPSHOT.jar:1.1.0-913f5a4-SNAPSHOT]
	at org.apache.ratis.grpc.client.GrpcClientProtocolService$RequestStreamObserver.onNext(GrpcClientProtocolService.java:251) [ratis-grpc-1.1.0-913f5a4-SNAPSHOT.jar:1.1.0-913f5a4-SNAPSHOT]
	at org.apache.ratis.grpc.client.GrpcClientProtocolService$RequestStreamObserver.onNext(GrpcClientProtocolService.java:174) [ratis-grpc-1.1.0-913f5a4-SNAPSHOT.jar:1.1.0-913f5a4-SNAPSHOT]
	at org.apache.ratis.thirdparty.io.grpc.stub.ServerCalls$StreamingServerCallHandler$StreamingServerCallListener.onMessage(ServerCalls.java:251) [ratis-thirdparty-misc-0.6.0-SNAPSHOT.jar:0.6.0-SNAPSHOT]
	at org.apache.ratis.thirdparty.io.grpc.ForwardingServerCallListener.onMessage(ForwardingServerCallListener.java:33) [ratis-thirdparty-misc-0.6.0-SNAPSHOT.jar:0.6.0-SNAPSHOT]
	at org.apache.ratis.thirdparty.io.grpc.internal.ServerCallImpl$ServerStreamListenerImpl.messagesAvailableInternal(ServerCallImpl.java:309) [ratis-thirdparty-misc-0.6.0-SNAPSHOT.jar:0.6.0-SNAPSHOT]
	at org.apache.ratis.thirdparty.io.grpc.internal.ServerCallImpl$ServerStreamListenerImpl.messagesAvailable(ServerCallImpl.java:292) [ratis-thirdparty-misc-0.6.0-SNAPSHOT.jar:0.6.0-SNAPSHOT]
	at org.apache.ratis.thirdparty.io.grpc.internal.ServerImpl$JumpToApplicationThreadServerStreamListener$1MessagesAvailable.runInContext(ServerImpl.java:783) [ratis-thirdparty-misc-0.6.0-SNAPSHOT.jar:0.6.0-SNAPSHOT]
	at org.apache.ratis.thirdparty.io.grpc.internal.ContextRunnable.run(ContextRunnable.java:37) [ratis-thirdparty-misc-0.6.0-SNAPSHOT.jar:0.6.0-SNAPSHOT]
	at org.apache.ratis.thirdparty.io.grpc.internal.SerializingExecutor.run(SerializingExecutor.java:123) [ratis-thirdparty-misc-0.6.0-SNAPSHOT.jar:0.6.0-SNAPSHOT]
	at java.util.concurrent.ThreadPoolExecutor.runWorker(ThreadPoolExecutor.java:1149) [?:1.8.0_232]
	at java.util.concurrent.ThreadPoolExecutor$Worker.run(ThreadPoolExecutor.java:624) [?:1.8.0_232]
	at java.lang.Thread.run(Thread.java:748) [?:1.8.0_232]
2020-12-07 10:48:32,130 [grpc-default-executor-2] ERROR storage.BlockOutputStream (BlockOutputStream.java:lambda$writeChunkToContainer$3(677)) - writing chunk failed 105338509824163843_chunk_5 blockID conID: 1 locID: 105338509824163843 bcsId: 14 with exception org.apache.ratis.protocol.exceptions.StateMachineException: org.apache.hadoop.hdds.scm.container.common.helpers.ContainerNotOpenException from Server e9cccd38-0623-438e-aabf-1afb1561e1cc@group-6FB94C5BAD6B: Container 1 in CLOSED state
2020-12-07 10:48:32,136 [grpc-default-executor-2] ERROR storage.BlockOutputStream (BlockOutputStream.java:lambda$writeChunkToContainer$3(677)) - writing chunk failed 105338509824163843_chunk_6 blockID conID: 1 locID: 105338509824163843 bcsId: 14 with exception org.apache.ratis.protocol.exceptions.StateMachineException: org.apache.hadoop.hdds.scm.container.common.helpers.ContainerNotOpenException from Server e9cccd38-0623-438e-aabf-1afb1561e1cc@group-6FB94C5BAD6B: Container 1 in CLOSED state
10:48:32.140 [grpc-default-executor-0] ERROR DNAudit - user=null | ip=null | op=PUT_BLOCK {blockData=[blockId=conID: 1 locID: 105338509824163843 bcsId: 0,size=600]} | ret=FAILURE
org.apache.hadoop.hdds.scm.container.common.helpers.ContainerNotOpenException: Container 1 in CLOSED state
	at org.apache.hadoop.ozone.container.common.impl.HddsDispatcher.validateContainerCommand(HddsDispatcher.java:484) ~[hadoop-hdds-container-service-1.1.0-SNAPSHOT.jar:?]
	at org.apache.hadoop.ozone.container.common.transport.server.ratis.ContainerStateMachine.startTransaction(ContainerStateMachine.java:319) ~[hadoop-hdds-container-service-1.1.0-SNAPSHOT.jar:?]
	at org.apache.ratis.server.impl.RaftServerImpl.submitClientRequestAsync(RaftServerImpl.java:723) ~[ratis-server-1.1.0-913f5a4-SNAPSHOT.jar:1.1.0-913f5a4-SNAPSHOT]
	at org.apache.ratis.server.impl.RaftServerProxy.lambda$submitClientRequestAsync$7(RaftServerProxy.java:364) ~[ratis-server-1.1.0-913f5a4-SNAPSHOT.jar:1.1.0-913f5a4-SNAPSHOT]
	at org.apache.ratis.server.impl.RaftServerProxy.lambda$null$5(RaftServerProxy.java:359) ~[ratis-server-1.1.0-913f5a4-SNAPSHOT.jar:1.1.0-913f5a4-SNAPSHOT]
	at org.apache.ratis.util.JavaUtils.callAsUnchecked(JavaUtils.java:116) ~[ratis-common-1.1.0-913f5a4-SNAPSHOT.jar:1.1.0-913f5a4-SNAPSHOT]
	at org.apache.ratis.server.impl.RaftServerProxy.lambda$submitRequest$6(RaftServerProxy.java:359) ~[ratis-server-1.1.0-913f5a4-SNAPSHOT.jar:1.1.0-913f5a4-SNAPSHOT]
	at java.util.concurrent.CompletableFuture.uniComposeStage(CompletableFuture.java:995) ~[?:1.8.0_232]
	at java.util.concurrent.CompletableFuture.thenCompose(CompletableFuture.java:2137) ~[?:1.8.0_232]
	at org.apache.ratis.server.impl.RaftServerProxy.submitRequest(RaftServerProxy.java:358) ~[ratis-server-1.1.0-913f5a4-SNAPSHOT.jar:1.1.0-913f5a4-SNAPSHOT]
	at org.apache.ratis.server.impl.RaftServerProxy.submitClientRequestAsync(RaftServerProxy.java:364) ~[ratis-server-1.1.0-913f5a4-SNAPSHOT.jar:1.1.0-913f5a4-SNAPSHOT]
	at org.apache.ratis.grpc.client.GrpcClientProtocolService$RequestStreamObserver.processClientRequest(GrpcClientProtocolService.java:231) ~[ratis-grpc-1.1.0-913f5a4-SNAPSHOT.jar:1.1.0-913f5a4-SNAPSHOT]
	at org.apache.ratis.grpc.client.GrpcClientProtocolService$OrderedRequestStreamObserver.processClientRequest(GrpcClientProtocolService.java:337) ~[ratis-grpc-1.1.0-913f5a4-SNAPSHOT.jar:1.1.0-913f5a4-SNAPSHOT]
	at org.apache.ratis.util.SlidingWindow$Server.processRequestsFromHead(SlidingWindow.java:429) [ratis-common-1.1.0-913f5a4-SNAPSHOT.jar:1.1.0-913f5a4-SNAPSHOT]
	at org.apache.ratis.util.SlidingWindow$Server.receivedRequest(SlidingWindow.java:421) [ratis-common-1.1.0-913f5a4-SNAPSHOT.jar:1.1.0-913f5a4-SNAPSHOT]
	at org.apache.ratis.grpc.client.GrpcClientProtocolService$OrderedRequestStreamObserver.processClientRequest(GrpcClientProtocolService.java:361) [ratis-grpc-1.1.0-913f5a4-SNAPSHOT.jar:1.1.0-913f5a4-SNAPSHOT]
	at org.apache.ratis.grpc.client.GrpcClientProtocolService$RequestStreamObserver.onNext(GrpcClientProtocolService.java:251) [ratis-grpc-1.1.0-913f5a4-SNAPSHOT.jar:1.1.0-913f5a4-SNAPSHOT]
	at org.apache.ratis.grpc.client.GrpcClientProtocolService$RequestStreamObserver.onNext(GrpcClientProtocolService.java:174) [ratis-grpc-1.1.0-913f5a4-SNAPSHOT.jar:1.1.0-913f5a4-SNAPSHOT]
	at org.apache.ratis.thirdparty.io.grpc.stub.ServerCalls$StreamingServerCallHandler$StreamingServerCallListener.onMessage(ServerCalls.java:251) [ratis-thirdparty-misc-0.6.0-SNAPSHOT.jar:0.6.0-SNAPSHOT]
	at org.apache.ratis.thirdparty.io.grpc.ForwardingServerCallListener.onMessage(ForwardingServerCallListener.java:33) [ratis-thirdparty-misc-0.6.0-SNAPSHOT.jar:0.6.0-SNAPSHOT]
	at org.apache.ratis.thirdparty.io.grpc.internal.ServerCallImpl$ServerStreamListenerImpl.messagesAvailableInternal(ServerCallImpl.java:309) [ratis-thirdparty-misc-0.6.0-SNAPSHOT.jar:0.6.0-SNAPSHOT]
	at org.apache.ratis.thirdparty.io.grpc.internal.ServerCallImpl$ServerStreamListenerImpl.messagesAvailable(ServerCallImpl.java:292) [ratis-thirdparty-misc-0.6.0-SNAPSHOT.jar:0.6.0-SNAPSHOT]
	at org.apache.ratis.thirdparty.io.grpc.internal.ServerImpl$JumpToApplicationThreadServerStreamListener$1MessagesAvailable.runInContext(ServerImpl.java:783) [ratis-thirdparty-misc-0.6.0-SNAPSHOT.jar:0.6.0-SNAPSHOT]
	at org.apache.ratis.thirdparty.io.grpc.internal.ContextRunnable.run(ContextRunnable.java:37) [ratis-thirdparty-misc-0.6.0-SNAPSHOT.jar:0.6.0-SNAPSHOT]
	at org.apache.ratis.thirdparty.io.grpc.internal.SerializingExecutor.run(SerializingExecutor.java:123) [ratis-thirdparty-misc-0.6.0-SNAPSHOT.jar:0.6.0-SNAPSHOT]
	at java.util.concurrent.ThreadPoolExecutor.runWorker(ThreadPoolExecutor.java:1149) [?:1.8.0_232]
	at java.util.concurrent.ThreadPoolExecutor$Worker.run(ThreadPoolExecutor.java:624) [?:1.8.0_232]
	at java.lang.Thread.run(Thread.java:748) [?:1.8.0_232]
10:48:32.142 [grpc-default-executor-0] ERROR DNAudit - user=null | ip=null | op=WRITE_CHUNK {blockData=conID: 1 locID: 105338509824163843 bcsId: 14} | ret=FAILURE
org.apache.hadoop.hdds.scm.container.common.helpers.ContainerNotOpenException: Container 1 in CLOSED state
	at org.apache.hadoop.ozone.container.common.impl.HddsDispatcher.validateContainerCommand(HddsDispatcher.java:484) ~[hadoop-hdds-container-service-1.1.0-SNAPSHOT.jar:?]
	at org.apache.hadoop.ozone.container.common.transport.server.ratis.ContainerStateMachine.startTransaction(ContainerStateMachine.java:319) ~[hadoop-hdds-container-service-1.1.0-SNAPSHOT.jar:?]
	at org.apache.ratis.server.impl.RaftServerImpl.submitClientRequestAsync(RaftServerImpl.java:723) ~[ratis-server-1.1.0-913f5a4-SNAPSHOT.jar:1.1.0-913f5a4-SNAPSHOT]
	at org.apache.ratis.server.impl.RaftServerProxy.lambda$submitClientRequestAsync$7(RaftServerProxy.java:364) ~[ratis-server-1.1.0-913f5a4-SNAPSHOT.jar:1.1.0-913f5a4-SNAPSHOT]
	at org.apache.ratis.server.impl.RaftServerProxy.lambda$null$5(RaftServerProxy.java:359) ~[ratis-server-1.1.0-913f5a4-SNAPSHOT.jar:1.1.0-913f5a4-SNAPSHOT]
	at org.apache.ratis.util.JavaUtils.callAsUnchecked(JavaUtils.java:116) ~[ratis-common-1.1.0-913f5a4-SNAPSHOT.jar:1.1.0-913f5a4-SNAPSHOT]
	at org.apache.ratis.server.impl.RaftServerProxy.lambda$submitRequest$6(RaftServerProxy.java:359) ~[ratis-server-1.1.0-913f5a4-SNAPSHOT.jar:1.1.0-913f5a4-SNAPSHOT]
	at java.util.concurrent.CompletableFuture.uniComposeStage(CompletableFuture.java:995) ~[?:1.8.0_232]
	at java.util.concurrent.CompletableFuture.thenCompose(CompletableFuture.java:2137) ~[?:1.8.0_232]
	at org.apache.ratis.server.impl.RaftServerProxy.submitRequest(RaftServerProxy.java:358) ~[ratis-server-1.1.0-913f5a4-SNAPSHOT.jar:1.1.0-913f5a4-SNAPSHOT]
	at org.apache.ratis.server.impl.RaftServerProxy.submitClientRequestAsync(RaftServerProxy.java:364) ~[ratis-server-1.1.0-913f5a4-SNAPSHOT.jar:1.1.0-913f5a4-SNAPSHOT]
	at org.apache.ratis.grpc.client.GrpcClientProtocolService$RequestStreamObserver.processClientRequest(GrpcClientProtocolService.java:231) ~[ratis-grpc-1.1.0-913f5a4-SNAPSHOT.jar:1.1.0-913f5a4-SNAPSHOT]
	at org.apache.ratis.grpc.client.GrpcClientProtocolService$OrderedRequestStreamObserver.processClientRequest(GrpcClientProtocolService.java:337) ~[ratis-grpc-1.1.0-913f5a4-SNAPSHOT.jar:1.1.0-913f5a4-SNAPSHOT]
	at org.apache.ratis.util.SlidingWindow$Server.processRequestsFromHead(SlidingWindow.java:429) [ratis-common-1.1.0-913f5a4-SNAPSHOT.jar:1.1.0-913f5a4-SNAPSHOT]
	at org.apache.ratis.util.SlidingWindow$Server.receivedRequest(SlidingWindow.java:421) [ratis-common-1.1.0-913f5a4-SNAPSHOT.jar:1.1.0-913f5a4-SNAPSHOT]
	at org.apache.ratis.grpc.client.GrpcClientProtocolService$OrderedRequestStreamObserver.processClientRequest(GrpcClientProtocolService.java:361) [ratis-grpc-1.1.0-913f5a4-SNAPSHOT.jar:1.1.0-913f5a4-SNAPSHOT]
	at org.apache.ratis.grpc.client.GrpcClientProtocolService$RequestStreamObserver.onNext(GrpcClientProtocolService.java:251) [ratis-grpc-1.1.0-913f5a4-SNAPSHOT.jar:1.1.0-913f5a4-SNAPSHOT]
	at org.apache.ratis.grpc.client.GrpcClientProtocolService$RequestStreamObserver.onNext(GrpcClientProtocolService.java:174) [ratis-grpc-1.1.0-913f5a4-SNAPSHOT.jar:1.1.0-913f5a4-SNAPSHOT]
	at org.apache.ratis.thirdparty.io.grpc.stub.ServerCalls$StreamingServerCallHandler$StreamingServerCallListener.onMessage(ServerCalls.java:251) [ratis-thirdparty-misc-0.6.0-SNAPSHOT.jar:0.6.0-SNAPSHOT]
	at org.apache.ratis.thirdparty.io.grpc.ForwardingServerCallListener.onMessage(ForwardingServerCallListener.java:33) [ratis-thirdparty-misc-0.6.0-SNAPSHOT.jar:0.6.0-SNAPSHOT]
	at org.apache.ratis.thirdparty.io.grpc.internal.ServerCallImpl$ServerStreamListenerImpl.messagesAvailableInternal(ServerCallImpl.java:309) [ratis-thirdparty-misc-0.6.0-SNAPSHOT.jar:0.6.0-SNAPSHOT]
	at org.apache.ratis.thirdparty.io.grpc.internal.ServerCallImpl$ServerStreamListenerImpl.messagesAvailable(ServerCallImpl.java:292) [ratis-thirdparty-misc-0.6.0-SNAPSHOT.jar:0.6.0-SNAPSHOT]
	at org.apache.ratis.thirdparty.io.grpc.internal.ServerImpl$JumpToApplicationThreadServerStreamListener$1MessagesAvailable.runInContext(ServerImpl.java:783) [ratis-thirdparty-misc-0.6.0-SNAPSHOT.jar:0.6.0-SNAPSHOT]
	at org.apache.ratis.thirdparty.io.grpc.internal.ContextRunnable.run(ContextRunnable.java:37) [ratis-thirdparty-misc-0.6.0-SNAPSHOT.jar:0.6.0-SNAPSHOT]
	at org.apache.ratis.thirdparty.io.grpc.internal.SerializingExecutor.run(SerializingExecutor.java:123) [ratis-thirdparty-misc-0.6.0-SNAPSHOT.jar:0.6.0-SNAPSHOT]
	at java.util.concurrent.ThreadPoolExecutor.runWorker(ThreadPoolExecutor.java:1149) [?:1.8.0_232]
	at java.util.concurrent.ThreadPoolExecutor$Worker.run(ThreadPoolExecutor.java:624) [?:1.8.0_232]
	at java.lang.Thread.run(Thread.java:748) [?:1.8.0_232]
10:48:32.157 [grpc-default-executor-0] ERROR DNAudit - user=null | ip=null | op=WRITE_CHUNK {blockData=conID: 1 locID: 105338509824163843 bcsId: 14} | ret=FAILURE
org.apache.hadoop.hdds.scm.container.common.helpers.ContainerNotOpenException: Container 1 in CLOSED state
	at org.apache.hadoop.ozone.container.common.impl.HddsDispatcher.validateContainerCommand(HddsDispatcher.java:484) ~[hadoop-hdds-container-service-1.1.0-SNAPSHOT.jar:?]
	at org.apache.hadoop.ozone.container.common.transport.server.ratis.ContainerStateMachine.startTransaction(ContainerStateMachine.java:319) ~[hadoop-hdds-container-service-1.1.0-SNAPSHOT.jar:?]
	at org.apache.ratis.server.impl.RaftServerImpl.submitClientRequestAsync(RaftServerImpl.java:723) ~[ratis-server-1.1.0-913f5a4-SNAPSHOT.jar:1.1.0-913f5a4-SNAPSHOT]
	at org.apache.ratis.server.impl.RaftServerProxy.lambda$submitClientRequestAsync$7(RaftServerProxy.java:364) ~[ratis-server-1.1.0-913f5a4-SNAPSHOT.jar:1.1.0-913f5a4-SNAPSHOT]
	at org.apache.ratis.server.impl.RaftServerProxy.lambda$null$5(RaftServerProxy.java:359) ~[ratis-server-1.1.0-913f5a4-SNAPSHOT.jar:1.1.0-913f5a4-SNAPSHOT]
	at org.apache.ratis.util.JavaUtils.callAsUnchecked(JavaUtils.java:116) ~[ratis-common-1.1.0-913f5a4-SNAPSHOT.jar:1.1.0-913f5a4-SNAPSHOT]
	at org.apache.ratis.server.impl.RaftServerProxy.lambda$submitRequest$6(RaftServerProxy.java:359) ~[ratis-server-1.1.0-913f5a4-SNAPSHOT.jar:1.1.0-913f5a4-SNAPSHOT]
	at java.util.concurrent.CompletableFuture.uniComposeStage(CompletableFuture.java:995) ~[?:1.8.0_232]
	at java.util.concurrent.CompletableFuture.thenCompose(CompletableFuture.java:2137) ~[?:1.8.0_232]
	at org.apache.ratis.server.impl.RaftServerProxy.submitRequest(RaftServerProxy.java:358) ~[ratis-server-1.1.0-913f5a4-SNAPSHOT.jar:1.1.0-913f5a4-SNAPSHOT]
	at org.apache.ratis.server.impl.RaftServerProxy.submitClientRequestAsync(RaftServerProxy.java:364) ~[ratis-server-1.1.0-913f5a4-SNAPSHOT.jar:1.1.0-913f5a4-SNAPSHOT]
	at org.apache.ratis.grpc.client.GrpcClientProtocolService$RequestStreamObserver.processClientRequest(GrpcClientProtocolService.java:231) ~[ratis-grpc-1.1.0-913f5a4-SNAPSHOT.jar:1.1.0-913f5a4-SNAPSHOT]
	at org.apache.ratis.grpc.client.GrpcClientProtocolService$OrderedRequestStreamObserver.processClientRequest(GrpcClientProtocolService.java:337) ~[ratis-grpc-1.1.0-913f5a4-SNAPSHOT.jar:1.1.0-913f5a4-SNAPSHOT]
	at org.apache.ratis.util.SlidingWindow$Server.processRequestsFromHead(SlidingWindow.java:429) [ratis-common-1.1.0-913f5a4-SNAPSHOT.jar:1.1.0-913f5a4-SNAPSHOT]
	at org.apache.ratis.util.SlidingWindow$Server.receivedRequest(SlidingWindow.java:421) [ratis-common-1.1.0-913f5a4-SNAPSHOT.jar:1.1.0-913f5a4-SNAPSHOT]
	at org.apache.ratis.grpc.client.GrpcClientProtocolService$OrderedRequestStreamObserver.processClientRequest(GrpcClientProtocolService.java:361) [ratis-grpc-1.1.0-913f5a4-SNAPSHOT.jar:1.1.0-913f5a4-SNAPSHOT]
	at org.apache.ratis.grpc.client.GrpcClientProtocolService$RequestStreamObserver.onNext(GrpcClientProtocolService.java:251) [ratis-grpc-1.1.0-913f5a4-SNAPSHOT.jar:1.1.0-913f5a4-SNAPSHOT]
	at org.apache.ratis.grpc.client.GrpcClientProtocolService$RequestStreamObserver.onNext(GrpcClientProtocolService.java:174) [ratis-grpc-1.1.0-913f5a4-SNAPSHOT.jar:1.1.0-913f5a4-SNAPSHOT]
	at org.apache.ratis.thirdparty.io.grpc.stub.ServerCalls$StreamingServerCallHandler$StreamingServerCallListener.onMessage(ServerCalls.java:251) [ratis-thirdparty-misc-0.6.0-SNAPSHOT.jar:0.6.0-SNAPSHOT]
	at org.apache.ratis.thirdparty.io.grpc.ForwardingServerCallListener.onMessage(ForwardingServerCallListener.java:33) [ratis-thirdparty-misc-0.6.0-SNAPSHOT.jar:0.6.0-SNAPSHOT]
	at org.apache.ratis.thirdparty.io.grpc.internal.ServerCallImpl$ServerStreamListenerImpl.messagesAvailableInternal(ServerCallImpl.java:309) [ratis-thirdparty-misc-0.6.0-SNAPSHOT.jar:0.6.0-SNAPSHOT]
	at org.apache.ratis.thirdparty.io.grpc.internal.ServerCallImpl$ServerStreamListenerImpl.messagesAvailable(ServerCallImpl.java:292) [ratis-thirdparty-misc-0.6.0-SNAPSHOT.jar:0.6.0-SNAPSHOT]
	at org.apache.ratis.thirdparty.io.grpc.internal.ServerImpl$JumpToApplicationThreadServerStreamListener$1MessagesAvailable.runInContext(ServerImpl.java:783) [ratis-thirdparty-misc-0.6.0-SNAPSHOT.jar:0.6.0-SNAPSHOT]
	at org.apache.ratis.thirdparty.io.grpc.internal.ContextRunnable.run(ContextRunnable.java:37) [ratis-thirdparty-misc-0.6.0-SNAPSHOT.jar:0.6.0-SNAPSHOT]
	at org.apache.ratis.thirdparty.io.grpc.internal.SerializingExecutor.run(SerializingExecutor.java:123) [ratis-thirdparty-misc-0.6.0-SNAPSHOT.jar:0.6.0-SNAPSHOT]
	at java.util.concurrent.ThreadPoolExecutor.runWorker(ThreadPoolExecutor.java:1149) [?:1.8.0_232]
	at java.util.concurrent.ThreadPoolExecutor$Worker.run(ThreadPoolExecutor.java:624) [?:1.8.0_232]
	at java.lang.Thread.run(Thread.java:748) [?:1.8.0_232]
2020-12-07 10:48:32,158 [grpc-default-executor-2] ERROR storage.BlockOutputStream (BlockOutputStream.java:lambda$writeChunkToContainer$3(677)) - writing chunk failed 105338509824163843_chunk_7 blockID conID: 1 locID: 105338509824163843 bcsId: 14 with exception org.apache.ratis.protocol.exceptions.StateMachineException: org.apache.hadoop.hdds.scm.container.common.helpers.ContainerNotOpenException from Server e9cccd38-0623-438e-aabf-1afb1561e1cc@group-6FB94C5BAD6B: Container 1 in CLOSED state
10:48:32.162 [grpc-default-executor-0] ERROR DNAudit - user=null | ip=null | op=PUT_BLOCK {blockData=[blockId=conID: 1 locID: 105338509824163843 bcsId: 0,size=800]} | ret=FAILURE
org.apache.hadoop.hdds.scm.container.common.helpers.ContainerNotOpenException: Container 1 in CLOSED state
	at org.apache.hadoop.ozone.container.common.impl.HddsDispatcher.validateContainerCommand(HddsDispatcher.java:484) ~[hadoop-hdds-container-service-1.1.0-SNAPSHOT.jar:?]
	at org.apache.hadoop.ozone.container.common.transport.server.ratis.ContainerStateMachine.startTransaction(ContainerStateMachine.java:319) ~[hadoop-hdds-container-service-1.1.0-SNAPSHOT.jar:?]
	at org.apache.ratis.server.impl.RaftServerImpl.submitClientRequestAsync(RaftServerImpl.java:723) ~[ratis-server-1.1.0-913f5a4-SNAPSHOT.jar:1.1.0-913f5a4-SNAPSHOT]
	at org.apache.ratis.server.impl.RaftServerProxy.lambda$submitClientRequestAsync$7(RaftServerProxy.java:364) ~[ratis-server-1.1.0-913f5a4-SNAPSHOT.jar:1.1.0-913f5a4-SNAPSHOT]
	at org.apache.ratis.server.impl.RaftServerProxy.lambda$null$5(RaftServerProxy.java:359) ~[ratis-server-1.1.0-913f5a4-SNAPSHOT.jar:1.1.0-913f5a4-SNAPSHOT]
	at org.apache.ratis.util.JavaUtils.callAsUnchecked(JavaUtils.java:116) ~[ratis-common-1.1.0-913f5a4-SNAPSHOT.jar:1.1.0-913f5a4-SNAPSHOT]
	at org.apache.ratis.server.impl.RaftServerProxy.lambda$submitRequest$6(RaftServerProxy.java:359) ~[ratis-server-1.1.0-913f5a4-SNAPSHOT.jar:1.1.0-913f5a4-SNAPSHOT]
	at java.util.concurrent.CompletableFuture.uniComposeStage(CompletableFuture.java:995) ~[?:1.8.0_232]
	at java.util.concurrent.CompletableFuture.thenCompose(CompletableFuture.java:2137) ~[?:1.8.0_232]
	at org.apache.ratis.server.impl.RaftServerProxy.submitRequest(RaftServerProxy.java:358) ~[ratis-server-1.1.0-913f5a4-SNAPSHOT.jar:1.1.0-913f5a4-SNAPSHOT]
	at org.apache.ratis.server.impl.RaftServerProxy.submitClientRequestAsync(RaftServerProxy.java:364) ~[ratis-server-1.1.0-913f5a4-SNAPSHOT.jar:1.1.0-913f5a4-SNAPSHOT]
	at org.apache.ratis.grpc.client.GrpcClientProtocolService$RequestStreamObserver.processClientRequest(GrpcClientProtocolService.java:231) ~[ratis-grpc-1.1.0-913f5a4-SNAPSHOT.jar:1.1.0-913f5a4-SNAPSHOT]
	at org.apache.ratis.grpc.client.GrpcClientProtocolService$OrderedRequestStreamObserver.processClientRequest(GrpcClientProtocolService.java:337) ~[ratis-grpc-1.1.0-913f5a4-SNAPSHOT.jar:1.1.0-913f5a4-SNAPSHOT]
	at org.apache.ratis.util.SlidingWindow$Server.processRequestsFromHead(SlidingWindow.java:429) [ratis-common-1.1.0-913f5a4-SNAPSHOT.jar:1.1.0-913f5a4-SNAPSHOT]
	at org.apache.ratis.util.SlidingWindow$Server.receivedRequest(SlidingWindow.java:421) [ratis-common-1.1.0-913f5a4-SNAPSHOT.jar:1.1.0-913f5a4-SNAPSHOT]
	at org.apache.ratis.grpc.client.GrpcClientProtocolService$OrderedRequestStreamObserver.processClientRequest(GrpcClientProtocolService.java:361) [ratis-grpc-1.1.0-913f5a4-SNAPSHOT.jar:1.1.0-913f5a4-SNAPSHOT]
	at org.apache.ratis.grpc.client.GrpcClientProtocolService$RequestStreamObserver.onNext(GrpcClientProtocolService.java:251) [ratis-grpc-1.1.0-913f5a4-SNAPSHOT.jar:1.1.0-913f5a4-SNAPSHOT]
	at org.apache.ratis.grpc.client.GrpcClientProtocolService$RequestStreamObserver.onNext(GrpcClientProtocolService.java:174) [ratis-grpc-1.1.0-913f5a4-SNAPSHOT.jar:1.1.0-913f5a4-SNAPSHOT]
	at org.apache.ratis.thirdparty.io.grpc.stub.ServerCalls$StreamingServerCallHandler$StreamingServerCallListener.onMessage(ServerCalls.java:251) [ratis-thirdparty-misc-0.6.0-SNAPSHOT.jar:0.6.0-SNAPSHOT]
	at org.apache.ratis.thirdparty.io.grpc.ForwardingServerCallListener.onMessage(ForwardingServerCallListener.java:33) [ratis-thirdparty-misc-0.6.0-SNAPSHOT.jar:0.6.0-SNAPSHOT]
	at org.apache.ratis.thirdparty.io.grpc.internal.ServerCallImpl$ServerStreamListenerImpl.messagesAvailableInternal(ServerCallImpl.java:309) [ratis-thirdparty-misc-0.6.0-SNAPSHOT.jar:0.6.0-SNAPSHOT]
	at org.apache.ratis.thirdparty.io.grpc.internal.ServerCallImpl$ServerStreamListenerImpl.messagesAvailable(ServerCallImpl.java:292) [ratis-thirdparty-misc-0.6.0-SNAPSHOT.jar:0.6.0-SNAPSHOT]
	at org.apache.ratis.thirdparty.io.grpc.internal.ServerImpl$JumpToApplicationThreadServerStreamListener$1MessagesAvailable.runInContext(ServerImpl.java:783) [ratis-thirdparty-misc-0.6.0-SNAPSHOT.jar:0.6.0-SNAPSHOT]
	at org.apache.ratis.thirdparty.io.grpc.internal.ContextRunnable.run(ContextRunnable.java:37) [ratis-thirdparty-misc-0.6.0-SNAPSHOT.jar:0.6.0-SNAPSHOT]
	at org.apache.ratis.thirdparty.io.grpc.internal.SerializingExecutor.run(SerializingExecutor.java:123) [ratis-thirdparty-misc-0.6.0-SNAPSHOT.jar:0.6.0-SNAPSHOT]
	at java.util.concurrent.ThreadPoolExecutor.runWorker(ThreadPoolExecutor.java:1149) [?:1.8.0_232]
	at java.util.concurrent.ThreadPoolExecutor$Worker.run(ThreadPoolExecutor.java:624) [?:1.8.0_232]
	at java.lang.Thread.run(Thread.java:748) [?:1.8.0_232]
2020-12-07 10:48:32,170 [grpc-default-executor-0] ERROR storage.BlockOutputStream (BlockOutputStream.java:lambda$writeChunkToContainer$3(677)) - writing chunk failed 105338509824163843_chunk_8 blockID conID: 1 locID: 105338509824163843 bcsId: 14 with exception org.apache.ratis.protocol.exceptions.StateMachineException: org.apache.hadoop.hdds.scm.container.common.helpers.ContainerNotOpenException from Server e9cccd38-0623-438e-aabf-1afb1561e1cc@group-6FB94C5BAD6B: Container 1 in CLOSED state
10:48:32.183 [grpc-default-executor-0] ERROR DNAudit - user=null | ip=null | op=WRITE_CHUNK {blockData=conID: 2 locID: 105338509824163844 bcsId: 0} | ret=FAILURE
org.apache.hadoop.hdds.scm.container.common.helpers.ContainerNotOpenException: Container 2 in CLOSED state
	at org.apache.hadoop.ozone.container.common.impl.HddsDispatcher.validateContainerCommand(HddsDispatcher.java:484) ~[hadoop-hdds-container-service-1.1.0-SNAPSHOT.jar:?]
	at org.apache.hadoop.ozone.container.common.transport.server.ratis.ContainerStateMachine.startTransaction(ContainerStateMachine.java:319) ~[hadoop-hdds-container-service-1.1.0-SNAPSHOT.jar:?]
	at org.apache.ratis.server.impl.RaftServerImpl.submitClientRequestAsync(RaftServerImpl.java:723) ~[ratis-server-1.1.0-913f5a4-SNAPSHOT.jar:1.1.0-913f5a4-SNAPSHOT]
	at org.apache.ratis.server.impl.RaftServerProxy.lambda$submitClientRequestAsync$7(RaftServerProxy.java:364) ~[ratis-server-1.1.0-913f5a4-SNAPSHOT.jar:1.1.0-913f5a4-SNAPSHOT]
	at org.apache.ratis.server.impl.RaftServerProxy.lambda$null$5(RaftServerProxy.java:359) ~[ratis-server-1.1.0-913f5a4-SNAPSHOT.jar:1.1.0-913f5a4-SNAPSHOT]
	at org.apache.ratis.util.JavaUtils.callAsUnchecked(JavaUtils.java:116) ~[ratis-common-1.1.0-913f5a4-SNAPSHOT.jar:1.1.0-913f5a4-SNAPSHOT]
	at org.apache.ratis.server.impl.RaftServerProxy.lambda$submitRequest$6(RaftServerProxy.java:359) ~[ratis-server-1.1.0-913f5a4-SNAPSHOT.jar:1.1.0-913f5a4-SNAPSHOT]
	at java.util.concurrent.CompletableFuture.uniComposeStage(CompletableFuture.java:995) ~[?:1.8.0_232]
	at java.util.concurrent.CompletableFuture.thenCompose(CompletableFuture.java:2137) ~[?:1.8.0_232]
	at org.apache.ratis.server.impl.RaftServerProxy.submitRequest(RaftServerProxy.java:358) ~[ratis-server-1.1.0-913f5a4-SNAPSHOT.jar:1.1.0-913f5a4-SNAPSHOT]
	at org.apache.ratis.server.impl.RaftServerProxy.submitClientRequestAsync(RaftServerProxy.java:364) ~[ratis-server-1.1.0-913f5a4-SNAPSHOT.jar:1.1.0-913f5a4-SNAPSHOT]
	at org.apache.ratis.grpc.client.GrpcClientProtocolService$RequestStreamObserver.processClientRequest(GrpcClientProtocolService.java:231) ~[ratis-grpc-1.1.0-913f5a4-SNAPSHOT.jar:1.1.0-913f5a4-SNAPSHOT]
	at org.apache.ratis.grpc.client.GrpcClientProtocolService$OrderedRequestStreamObserver.processClientRequest(GrpcClientProtocolService.java:337) ~[ratis-grpc-1.1.0-913f5a4-SNAPSHOT.jar:1.1.0-913f5a4-SNAPSHOT]
	at org.apache.ratis.util.SlidingWindow$Server.processRequestsFromHead(SlidingWindow.java:429) [ratis-common-1.1.0-913f5a4-SNAPSHOT.jar:1.1.0-913f5a4-SNAPSHOT]
	at org.apache.ratis.util.SlidingWindow$Server.receivedRequest(SlidingWindow.java:421) [ratis-common-1.1.0-913f5a4-SNAPSHOT.jar:1.1.0-913f5a4-SNAPSHOT]
	at org.apache.ratis.grpc.client.GrpcClientProtocolService$OrderedRequestStreamObserver.processClientRequest(GrpcClientProtocolService.java:361) [ratis-grpc-1.1.0-913f5a4-SNAPSHOT.jar:1.1.0-913f5a4-SNAPSHOT]
	at org.apache.ratis.grpc.client.GrpcClientProtocolService$RequestStreamObserver.onNext(GrpcClientProtocolService.java:251) [ratis-grpc-1.1.0-913f5a4-SNAPSHOT.jar:1.1.0-913f5a4-SNAPSHOT]
	at org.apache.ratis.grpc.client.GrpcClientProtocolService$RequestStreamObserver.onNext(GrpcClientProtocolService.java:174) [ratis-grpc-1.1.0-913f5a4-SNAPSHOT.jar:1.1.0-913f5a4-SNAPSHOT]
	at org.apache.ratis.thirdparty.io.grpc.stub.ServerCalls$StreamingServerCallHandler$StreamingServerCallListener.onMessage(ServerCalls.java:251) [ratis-thirdparty-misc-0.6.0-SNAPSHOT.jar:0.6.0-SNAPSHOT]
	at org.apache.ratis.thirdparty.io.grpc.ForwardingServerCallListener.onMessage(ForwardingServerCallListener.java:33) [ratis-thirdparty-misc-0.6.0-SNAPSHOT.jar:0.6.0-SNAPSHOT]
	at org.apache.ratis.thirdparty.io.grpc.internal.ServerCallImpl$ServerStreamListenerImpl.messagesAvailableInternal(ServerCallImpl.java:309) [ratis-thirdparty-misc-0.6.0-SNAPSHOT.jar:0.6.0-SNAPSHOT]
	at org.apache.ratis.thirdparty.io.grpc.internal.ServerCallImpl$ServerStreamListenerImpl.messagesAvailable(ServerCallImpl.java:292) [ratis-thirdparty-misc-0.6.0-SNAPSHOT.jar:0.6.0-SNAPSHOT]
	at org.apache.ratis.thirdparty.io.grpc.internal.ServerImpl$JumpToApplicationThreadServerStreamListener$1MessagesAvailable.runInContext(ServerImpl.java:783) [ratis-thirdparty-misc-0.6.0-SNAPSHOT.jar:0.6.0-SNAPSHOT]
	at org.apache.ratis.thirdparty.io.grpc.internal.ContextRunnable.run(ContextRunnable.java:37) [ratis-thirdparty-misc-0.6.0-SNAPSHOT.jar:0.6.0-SNAPSHOT]
	at org.apache.ratis.thirdparty.io.grpc.internal.SerializingExecutor.run(SerializingExecutor.java:123) [ratis-thirdparty-misc-0.6.0-SNAPSHOT.jar:0.6.0-SNAPSHOT]
	at java.util.concurrent.ThreadPoolExecutor.runWorker(ThreadPoolExecutor.java:1149) [?:1.8.0_232]
	at java.util.concurrent.ThreadPoolExecutor$Worker.run(ThreadPoolExecutor.java:624) [?:1.8.0_232]
	at java.lang.Thread.run(Thread.java:748) [?:1.8.0_232]
10:48:32.183 [grpc-default-executor-0] ERROR DNAudit - user=null | ip=null | op=WRITE_CHUNK {blockData=conID: 2 locID: 105338509824163844 bcsId: 0} | ret=FAILURE
org.apache.hadoop.hdds.scm.container.common.helpers.ContainerNotOpenException: Container 2 in CLOSED state
	at org.apache.hadoop.ozone.container.common.impl.HddsDispatcher.validateContainerCommand(HddsDispatcher.java:484) ~[hadoop-hdds-container-service-1.1.0-SNAPSHOT.jar:?]
	at org.apache.hadoop.ozone.container.common.transport.server.ratis.ContainerStateMachine.startTransaction(ContainerStateMachine.java:319) ~[hadoop-hdds-container-service-1.1.0-SNAPSHOT.jar:?]
	at org.apache.ratis.server.impl.RaftServerImpl.submitClientRequestAsync(RaftServerImpl.java:723) ~[ratis-server-1.1.0-913f5a4-SNAPSHOT.jar:1.1.0-913f5a4-SNAPSHOT]
	at org.apache.ratis.server.impl.RaftServerProxy.lambda$submitClientRequestAsync$7(RaftServerProxy.java:364) ~[ratis-server-1.1.0-913f5a4-SNAPSHOT.jar:1.1.0-913f5a4-SNAPSHOT]
	at org.apache.ratis.server.impl.RaftServerProxy.lambda$null$5(RaftServerProxy.java:359) ~[ratis-server-1.1.0-913f5a4-SNAPSHOT.jar:1.1.0-913f5a4-SNAPSHOT]
	at org.apache.ratis.util.JavaUtils.callAsUnchecked(JavaUtils.java:116) ~[ratis-common-1.1.0-913f5a4-SNAPSHOT.jar:1.1.0-913f5a4-SNAPSHOT]
	at org.apache.ratis.server.impl.RaftServerProxy.lambda$submitRequest$6(RaftServerProxy.java:359) ~[ratis-server-1.1.0-913f5a4-SNAPSHOT.jar:1.1.0-913f5a4-SNAPSHOT]
	at java.util.concurrent.CompletableFuture.uniComposeStage(CompletableFuture.java:995) ~[?:1.8.0_232]
	at java.util.concurrent.CompletableFuture.thenCompose(CompletableFuture.java:2137) ~[?:1.8.0_232]
	at org.apache.ratis.server.impl.RaftServerProxy.submitRequest(RaftServerProxy.java:358) ~[ratis-server-1.1.0-913f5a4-SNAPSHOT.jar:1.1.0-913f5a4-SNAPSHOT]
	at org.apache.ratis.server.impl.RaftServerProxy.submitClientRequestAsync(RaftServerProxy.java:364) ~[ratis-server-1.1.0-913f5a4-SNAPSHOT.jar:1.1.0-913f5a4-SNAPSHOT]
	at org.apache.ratis.grpc.client.GrpcClientProtocolService$RequestStreamObserver.processClientRequest(GrpcClientProtocolService.java:231) ~[ratis-grpc-1.1.0-913f5a4-SNAPSHOT.jar:1.1.0-913f5a4-SNAPSHOT]
	at org.apache.ratis.grpc.client.GrpcClientProtocolService$OrderedRequestStreamObserver.processClientRequest(GrpcClientProtocolService.java:337) ~[ratis-grpc-1.1.0-913f5a4-SNAPSHOT.jar:1.1.0-913f5a4-SNAPSHOT]
	at org.apache.ratis.util.SlidingWindow$Server.processRequestsFromHead(SlidingWindow.java:429) [ratis-common-1.1.0-913f5a4-SNAPSHOT.jar:1.1.0-913f5a4-SNAPSHOT]
	at org.apache.ratis.util.SlidingWindow$Server.receivedRequest(SlidingWindow.java:421) [ratis-common-1.1.0-913f5a4-SNAPSHOT.jar:1.1.0-913f5a4-SNAPSHOT]
	at org.apache.ratis.grpc.client.GrpcClientProtocolService$OrderedRequestStreamObserver.processClientRequest(GrpcClientProtocolService.java:361) [ratis-grpc-1.1.0-913f5a4-SNAPSHOT.jar:1.1.0-913f5a4-SNAPSHOT]
	at org.apache.ratis.grpc.client.GrpcClientProtocolService$RequestStreamObserver.onNext(GrpcClientProtocolService.java:251) [ratis-grpc-1.1.0-913f5a4-SNAPSHOT.jar:1.1.0-913f5a4-SNAPSHOT]
	at org.apache.ratis.grpc.client.GrpcClientProtocolService$RequestStreamObserver.onNext(GrpcClientProtocolService.java:174) [ratis-grpc-1.1.0-913f5a4-SNAPSHOT.jar:1.1.0-913f5a4-SNAPSHOT]
	at org.apache.ratis.thirdparty.io.grpc.stub.ServerCalls$StreamingServerCallHandler$StreamingServerCallListener.onMessage(ServerCalls.java:251) [ratis-thirdparty-misc-0.6.0-SNAPSHOT.jar:0.6.0-SNAPSHOT]
	at org.apache.ratis.thirdparty.io.grpc.ForwardingServerCallListener.onMessage(ForwardingServerCallListener.java:33) [ratis-thirdparty-misc-0.6.0-SNAPSHOT.jar:0.6.0-SNAPSHOT]
	at org.apache.ratis.thirdparty.io.grpc.internal.ServerCallImpl$ServerStreamListenerImpl.messagesAvailableInternal(ServerCallImpl.java:309) [ratis-thirdparty-misc-0.6.0-SNAPSHOT.jar:0.6.0-SNAPSHOT]
	at org.apache.ratis.thirdparty.io.grpc.internal.ServerCallImpl$ServerStreamListenerImpl.messagesAvailable(ServerCallImpl.java:292) [ratis-thirdparty-misc-0.6.0-SNAPSHOT.jar:0.6.0-SNAPSHOT]
	at org.apache.ratis.thirdparty.io.grpc.internal.ServerImpl$JumpToApplicationThreadServerStreamListener$1MessagesAvailable.runInContext(ServerImpl.java:783) [ratis-thirdparty-misc-0.6.0-SNAPSHOT.jar:0.6.0-SNAPSHOT]
	at org.apache.ratis.thirdparty.io.grpc.internal.ContextRunnable.run(ContextRunnable.java:37) [ratis-thirdparty-misc-0.6.0-SNAPSHOT.jar:0.6.0-SNAPSHOT]
	at org.apache.ratis.thirdparty.io.grpc.internal.SerializingExecutor.run(SerializingExecutor.java:123) [ratis-thirdparty-misc-0.6.0-SNAPSHOT.jar:0.6.0-SNAPSHOT]
	at java.util.concurrent.ThreadPoolExecutor.runWorker(ThreadPoolExecutor.java:1149) [?:1.8.0_232]
	at java.util.concurrent.ThreadPoolExecutor$Worker.run(ThreadPoolExecutor.java:624) [?:1.8.0_232]
	at java.lang.Thread.run(Thread.java:748) [?:1.8.0_232]
10:48:32.185 [grpc-default-executor-0] ERROR DNAudit - user=null | ip=null | op=PUT_BLOCK {blockData=[blockId=conID: 2 locID: 105338509824163844 bcsId: 0,size=200]} | ret=FAILURE
org.apache.hadoop.hdds.scm.container.common.helpers.ContainerNotOpenException: Container 2 in CLOSED state
	at org.apache.hadoop.ozone.container.common.impl.HddsDispatcher.validateContainerCommand(HddsDispatcher.java:484) ~[hadoop-hdds-container-service-1.1.0-SNAPSHOT.jar:?]
	at org.apache.hadoop.ozone.container.common.transport.server.ratis.ContainerStateMachine.startTransaction(ContainerStateMachine.java:319) ~[hadoop-hdds-container-service-1.1.0-SNAPSHOT.jar:?]
	at org.apache.ratis.server.impl.RaftServerImpl.submitClientRequestAsync(RaftServerImpl.java:723) ~[ratis-server-1.1.0-913f5a4-SNAPSHOT.jar:1.1.0-913f5a4-SNAPSHOT]
	at org.apache.ratis.server.impl.RaftServerProxy.lambda$submitClientRequestAsync$7(RaftServerProxy.java:364) ~[ratis-server-1.1.0-913f5a4-SNAPSHOT.jar:1.1.0-913f5a4-SNAPSHOT]
	at org.apache.ratis.server.impl.RaftServerProxy.lambda$null$5(RaftServerProxy.java:359) ~[ratis-server-1.1.0-913f5a4-SNAPSHOT.jar:1.1.0-913f5a4-SNAPSHOT]
	at org.apache.ratis.util.JavaUtils.callAsUnchecked(JavaUtils.java:116) ~[ratis-common-1.1.0-913f5a4-SNAPSHOT.jar:1.1.0-913f5a4-SNAPSHOT]
	at org.apache.ratis.server.impl.RaftServerProxy.lambda$submitRequest$6(RaftServerProxy.java:359) ~[ratis-server-1.1.0-913f5a4-SNAPSHOT.jar:1.1.0-913f5a4-SNAPSHOT]
	at java.util.concurrent.CompletableFuture.uniComposeStage(CompletableFuture.java:995) ~[?:1.8.0_232]
	at java.util.concurrent.CompletableFuture.thenCompose(CompletableFuture.java:2137) ~[?:1.8.0_232]
	at org.apache.ratis.server.impl.RaftServerProxy.submitRequest(RaftServerProxy.java:358) ~[ratis-server-1.1.0-913f5a4-SNAPSHOT.jar:1.1.0-913f5a4-SNAPSHOT]
	at org.apache.ratis.server.impl.RaftServerProxy.submitClientRequestAsync(RaftServerProxy.java:364) ~[ratis-server-1.1.0-913f5a4-SNAPSHOT.jar:1.1.0-913f5a4-SNAPSHOT]
	at org.apache.ratis.grpc.client.GrpcClientProtocolService$RequestStreamObserver.processClientRequest(GrpcClientProtocolService.java:231) ~[ratis-grpc-1.1.0-913f5a4-SNAPSHOT.jar:1.1.0-913f5a4-SNAPSHOT]
	at org.apache.ratis.grpc.client.GrpcClientProtocolService$OrderedRequestStreamObserver.processClientRequest(GrpcClientProtocolService.java:337) ~[ratis-grpc-1.1.0-913f5a4-SNAPSHOT.jar:1.1.0-913f5a4-SNAPSHOT]
	at org.apache.ratis.util.SlidingWindow$Server.processRequestsFromHead(SlidingWindow.java:429) [ratis-common-1.1.0-913f5a4-SNAPSHOT.jar:1.1.0-913f5a4-SNAPSHOT]
	at org.apache.ratis.util.SlidingWindow$Server.receivedRequest(SlidingWindow.java:421) [ratis-common-1.1.0-913f5a4-SNAPSHOT.jar:1.1.0-913f5a4-SNAPSHOT]
	at org.apache.ratis.grpc.client.GrpcClientProtocolService$OrderedRequestStreamObserver.processClientRequest(GrpcClientProtocolService.java:361) [ratis-grpc-1.1.0-913f5a4-SNAPSHOT.jar:1.1.0-913f5a4-SNAPSHOT]
	at org.apache.ratis.grpc.client.GrpcClientProtocolService$RequestStreamObserver.onNext(GrpcClientProtocolService.java:251) [ratis-grpc-1.1.0-913f5a4-SNAPSHOT.jar:1.1.0-913f5a4-SNAPSHOT]
	at org.apache.ratis.grpc.client.GrpcClientProtocolService$RequestStreamObserver.onNext(GrpcClientProtocolService.java:174) [ratis-grpc-1.1.0-913f5a4-SNAPSHOT.jar:1.1.0-913f5a4-SNAPSHOT]
	at org.apache.ratis.thirdparty.io.grpc.stub.ServerCalls$StreamingServerCallHandler$StreamingServerCallListener.onMessage(ServerCalls.java:251) [ratis-thirdparty-misc-0.6.0-SNAPSHOT.jar:0.6.0-SNAPSHOT]
	at org.apache.ratis.thirdparty.io.grpc.ForwardingServerCallListener.onMessage(ForwardingServerCallListener.java:33) [ratis-thirdparty-misc-0.6.0-SNAPSHOT.jar:0.6.0-SNAPSHOT]
	at org.apache.ratis.thirdparty.io.grpc.internal.ServerCallImpl$ServerStreamListenerImpl.messagesAvailableInternal(ServerCallImpl.java:309) [ratis-thirdparty-misc-0.6.0-SNAPSHOT.jar:0.6.0-SNAPSHOT]
	at org.apache.ratis.thirdparty.io.grpc.internal.ServerCallImpl$ServerStreamListenerImpl.messagesAvailable(ServerCallImpl.java:292) [ratis-thirdparty-misc-0.6.0-SNAPSHOT.jar:0.6.0-SNAPSHOT]
	at org.apache.ratis.thirdparty.io.grpc.internal.ServerImpl$JumpToApplicationThreadServerStreamListener$1MessagesAvailable.runInContext(ServerImpl.java:783) [ratis-thirdparty-misc-0.6.0-SNAPSHOT.jar:0.6.0-SNAPSHOT]
	at org.apache.ratis.thirdparty.io.grpc.internal.ContextRunnable.run(ContextRunnable.java:37) [ratis-thirdparty-misc-0.6.0-SNAPSHOT.jar:0.6.0-SNAPSHOT]
	at org.apache.ratis.thirdparty.io.grpc.internal.SerializingExecutor.run(SerializingExecutor.java:123) [ratis-thirdparty-misc-0.6.0-SNAPSHOT.jar:0.6.0-SNAPSHOT]
	at java.util.concurrent.ThreadPoolExecutor.runWorker(ThreadPoolExecutor.java:1149) [?:1.8.0_232]
	at java.util.concurrent.ThreadPoolExecutor$Worker.run(ThreadPoolExecutor.java:624) [?:1.8.0_232]
	at java.lang.Thread.run(Thread.java:748) [?:1.8.0_232]
10:48:32.190 [grpc-default-executor-0] ERROR DNAudit - user=null | ip=null | op=WRITE_CHUNK {blockData=conID: 2 locID: 105338509824163844 bcsId: 0} | ret=FAILURE
org.apache.hadoop.hdds.scm.container.common.helpers.ContainerNotOpenException: Container 2 in CLOSED state
	at org.apache.hadoop.ozone.container.common.impl.HddsDispatcher.validateContainerCommand(HddsDispatcher.java:484) ~[hadoop-hdds-container-service-1.1.0-SNAPSHOT.jar:?]
	at org.apache.hadoop.ozone.container.common.transport.server.ratis.ContainerStateMachine.startTransaction(ContainerStateMachine.java:319) ~[hadoop-hdds-container-service-1.1.0-SNAPSHOT.jar:?]
	at org.apache.ratis.server.impl.RaftServerImpl.submitClientRequestAsync(RaftServerImpl.java:723) ~[ratis-server-1.1.0-913f5a4-SNAPSHOT.jar:1.1.0-913f5a4-SNAPSHOT]
	at org.apache.ratis.server.impl.RaftServerProxy.lambda$submitClientRequestAsync$7(RaftServerProxy.java:364) ~[ratis-server-1.1.0-913f5a4-SNAPSHOT.jar:1.1.0-913f5a4-SNAPSHOT]
	at org.apache.ratis.server.impl.RaftServerProxy.lambda$null$5(RaftServerProxy.java:359) ~[ratis-server-1.1.0-913f5a4-SNAPSHOT.jar:1.1.0-913f5a4-SNAPSHOT]
	at org.apache.ratis.util.JavaUtils.callAsUnchecked(JavaUtils.java:116) ~[ratis-common-1.1.0-913f5a4-SNAPSHOT.jar:1.1.0-913f5a4-SNAPSHOT]
	at org.apache.ratis.server.impl.RaftServerProxy.lambda$submitRequest$6(RaftServerProxy.java:359) ~[ratis-server-1.1.0-913f5a4-SNAPSHOT.jar:1.1.0-913f5a4-SNAPSHOT]
	at java.util.concurrent.CompletableFuture.uniComposeStage(CompletableFuture.java:995) ~[?:1.8.0_232]
	at java.util.concurrent.CompletableFuture.thenCompose(CompletableFuture.java:2137) ~[?:1.8.0_232]
	at org.apache.ratis.server.impl.RaftServerProxy.submitRequest(RaftServerProxy.java:358) ~[ratis-server-1.1.0-913f5a4-SNAPSHOT.jar:1.1.0-913f5a4-SNAPSHOT]
	at org.apache.ratis.server.impl.RaftServerProxy.submitClientRequestAsync(RaftServerProxy.java:364) ~[ratis-server-1.1.0-913f5a4-SNAPSHOT.jar:1.1.0-913f5a4-SNAPSHOT]
	at org.apache.ratis.grpc.client.GrpcClientProtocolService$RequestStreamObserver.processClientRequest(GrpcClientProtocolService.java:231) ~[ratis-grpc-1.1.0-913f5a4-SNAPSHOT.jar:1.1.0-913f5a4-SNAPSHOT]
	at org.apache.ratis.grpc.client.GrpcClientProtocolService$OrderedRequestStreamObserver.processClientRequest(GrpcClientProtocolService.java:337) ~[ratis-grpc-1.1.0-913f5a4-SNAPSHOT.jar:1.1.0-913f5a4-SNAPSHOT]
	at org.apache.ratis.util.SlidingWindow$Server.processRequestsFromHead(SlidingWindow.java:429) [ratis-common-1.1.0-913f5a4-SNAPSHOT.jar:1.1.0-913f5a4-SNAPSHOT]
	at org.apache.ratis.util.SlidingWindow$Server.receivedRequest(SlidingWindow.java:421) [ratis-common-1.1.0-913f5a4-SNAPSHOT.jar:1.1.0-913f5a4-SNAPSHOT]
	at org.apache.ratis.grpc.client.GrpcClientProtocolService$OrderedRequestStreamObserver.processClientRequest(GrpcClientProtocolService.java:361) [ratis-grpc-1.1.0-913f5a4-SNAPSHOT.jar:1.1.0-913f5a4-SNAPSHOT]
	at org.apache.ratis.grpc.client.GrpcClientProtocolService$RequestStreamObserver.onNext(GrpcClientProtocolService.java:251) [ratis-grpc-1.1.0-913f5a4-SNAPSHOT.jar:1.1.0-913f5a4-SNAPSHOT]
	at org.apache.ratis.grpc.client.GrpcClientProtocolService$RequestStreamObserver.onNext(GrpcClientProtocolService.java:174) [ratis-grpc-1.1.0-913f5a4-SNAPSHOT.jar:1.1.0-913f5a4-SNAPSHOT]
	at org.apache.ratis.thirdparty.io.grpc.stub.ServerCalls$StreamingServerCallHandler$StreamingServerCallListener.onMessage(ServerCalls.java:251) [ratis-thirdparty-misc-0.6.0-SNAPSHOT.jar:0.6.0-SNAPSHOT]
	at org.apache.ratis.thirdparty.io.grpc.ForwardingServerCallListener.onMessage(ForwardingServerCallListener.java:33) [ratis-thirdparty-misc-0.6.0-SNAPSHOT.jar:0.6.0-SNAPSHOT]
	at org.apache.ratis.thirdparty.io.grpc.internal.ServerCallImpl$ServerStreamListenerImpl.messagesAvailableInternal(ServerCallImpl.java:309) [ratis-thirdparty-misc-0.6.0-SNAPSHOT.jar:0.6.0-SNAPSHOT]
	at org.apache.ratis.thirdparty.io.grpc.internal.ServerCallImpl$ServerStreamListenerImpl.messagesAvailable(ServerCallImpl.java:292) [ratis-thirdparty-misc-0.6.0-SNAPSHOT.jar:0.6.0-SNAPSHOT]
	at org.apache.ratis.thirdparty.io.grpc.internal.ServerImpl$JumpToApplicationThreadServerStreamListener$1MessagesAvailable.runInContext(ServerImpl.java:783) [ratis-thirdparty-misc-0.6.0-SNAPSHOT.jar:0.6.0-SNAPSHOT]
	at org.apache.ratis.thirdparty.io.grpc.internal.ContextRunnable.run(ContextRunnable.java:37) [ratis-thirdparty-misc-0.6.0-SNAPSHOT.jar:0.6.0-SNAPSHOT]
	at org.apache.ratis.thirdparty.io.grpc.internal.SerializingExecutor.run(SerializingExecutor.java:123) [ratis-thirdparty-misc-0.6.0-SNAPSHOT.jar:0.6.0-SNAPSHOT]
	at java.util.concurrent.ThreadPoolExecutor.runWorker(ThreadPoolExecutor.java:1149) [?:1.8.0_232]
	at java.util.concurrent.ThreadPoolExecutor$Worker.run(ThreadPoolExecutor.java:624) [?:1.8.0_232]
	at java.lang.Thread.run(Thread.java:748) [?:1.8.0_232]
10:48:32.201 [grpc-default-executor-0] ERROR DNAudit - user=null | ip=null | op=WRITE_CHUNK {blockData=conID: 2 locID: 105338509824163844 bcsId: 0} | ret=FAILURE
org.apache.hadoop.hdds.scm.container.common.helpers.ContainerNotOpenException: Container 2 in CLOSED state
	at org.apache.hadoop.ozone.container.common.impl.HddsDispatcher.validateContainerCommand(HddsDispatcher.java:484) ~[hadoop-hdds-container-service-1.1.0-SNAPSHOT.jar:?]
	at org.apache.hadoop.ozone.container.common.transport.server.ratis.ContainerStateMachine.startTransaction(ContainerStateMachine.java:319) ~[hadoop-hdds-container-service-1.1.0-SNAPSHOT.jar:?]
	at org.apache.ratis.server.impl.RaftServerImpl.submitClientRequestAsync(RaftServerImpl.java:723) ~[ratis-server-1.1.0-913f5a4-SNAPSHOT.jar:1.1.0-913f5a4-SNAPSHOT]
	at org.apache.ratis.server.impl.RaftServerProxy.lambda$submitClientRequestAsync$7(RaftServerProxy.java:364) ~[ratis-server-1.1.0-913f5a4-SNAPSHOT.jar:1.1.0-913f5a4-SNAPSHOT]
	at org.apache.ratis.server.impl.RaftServerProxy.lambda$null$5(RaftServerProxy.java:359) ~[ratis-server-1.1.0-913f5a4-SNAPSHOT.jar:1.1.0-913f5a4-SNAPSHOT]
	at org.apache.ratis.util.JavaUtils.callAsUnchecked(JavaUtils.java:116) ~[ratis-common-1.1.0-913f5a4-SNAPSHOT.jar:1.1.0-913f5a4-SNAPSHOT]
	at org.apache.ratis.server.impl.RaftServerProxy.lambda$submitRequest$6(RaftServerProxy.java:359) ~[ratis-server-1.1.0-913f5a4-SNAPSHOT.jar:1.1.0-913f5a4-SNAPSHOT]
	at java.util.concurrent.CompletableFuture.uniComposeStage(CompletableFuture.java:995) ~[?:1.8.0_232]
	at java.util.concurrent.CompletableFuture.thenCompose(CompletableFuture.java:2137) ~[?:1.8.0_232]
	at org.apache.ratis.server.impl.RaftServerProxy.submitRequest(RaftServerProxy.java:358) ~[ratis-server-1.1.0-913f5a4-SNAPSHOT.jar:1.1.0-913f5a4-SNAPSHOT]
	at org.apache.ratis.server.impl.RaftServerProxy.submitClientRequestAsync(RaftServerProxy.java:364) ~[ratis-server-1.1.0-913f5a4-SNAPSHOT.jar:1.1.0-913f5a4-SNAPSHOT]
	at org.apache.ratis.grpc.client.GrpcClientProtocolService$RequestStreamObserver.processClientRequest(GrpcClientProtocolService.java:231) ~[ratis-grpc-1.1.0-913f5a4-SNAPSHOT.jar:1.1.0-913f5a4-SNAPSHOT]
	at org.apache.ratis.grpc.client.GrpcClientProtocolService$OrderedRequestStreamObserver.processClientRequest(GrpcClientProtocolService.java:337) ~[ratis-grpc-1.1.0-913f5a4-SNAPSHOT.jar:1.1.0-913f5a4-SNAPSHOT]
	at org.apache.ratis.util.SlidingWindow$Server.processRequestsFromHead(SlidingWindow.java:429) [ratis-common-1.1.0-913f5a4-SNAPSHOT.jar:1.1.0-913f5a4-SNAPSHOT]
	at org.apache.ratis.util.SlidingWindow$Server.receivedRequest(SlidingWindow.java:421) [ratis-common-1.1.0-913f5a4-SNAPSHOT.jar:1.1.0-913f5a4-SNAPSHOT]
	at org.apache.ratis.grpc.client.GrpcClientProtocolService$OrderedRequestStreamObserver.processClientRequest(GrpcClientProtocolService.java:361) [ratis-grpc-1.1.0-913f5a4-SNAPSHOT.jar:1.1.0-913f5a4-SNAPSHOT]
	at org.apache.ratis.grpc.client.GrpcClientProtocolService$RequestStreamObserver.onNext(GrpcClientProtocolService.java:251) [ratis-grpc-1.1.0-913f5a4-SNAPSHOT.jar:1.1.0-913f5a4-SNAPSHOT]
	at org.apache.ratis.grpc.client.GrpcClientProtocolService$RequestStreamObserver.onNext(GrpcClientProtocolService.java:174) [ratis-grpc-1.1.0-913f5a4-SNAPSHOT.jar:1.1.0-913f5a4-SNAPSHOT]
	at org.apache.ratis.thirdparty.io.grpc.stub.ServerCalls$StreamingServerCallHandler$StreamingServerCallListener.onMessage(ServerCalls.java:251) [ratis-thirdparty-misc-0.6.0-SNAPSHOT.jar:0.6.0-SNAPSHOT]
	at org.apache.ratis.thirdparty.io.grpc.ForwardingServerCallListener.onMessage(ForwardingServerCallListener.java:33) [ratis-thirdparty-misc-0.6.0-SNAPSHOT.jar:0.6.0-SNAPSHOT]
	at org.apache.ratis.thirdparty.io.grpc.internal.ServerCallImpl$ServerStreamListenerImpl.messagesAvailableInternal(ServerCallImpl.java:309) [ratis-thirdparty-misc-0.6.0-SNAPSHOT.jar:0.6.0-SNAPSHOT]
	at org.apache.ratis.thirdparty.io.grpc.internal.ServerCallImpl$ServerStreamListenerImpl.messagesAvailable(ServerCallImpl.java:292) [ratis-thirdparty-misc-0.6.0-SNAPSHOT.jar:0.6.0-SNAPSHOT]
	at org.apache.ratis.thirdparty.io.grpc.internal.ServerImpl$JumpToApplicationThreadServerStreamListener$1MessagesAvailable.runInContext(ServerImpl.java:783) [ratis-thirdparty-misc-0.6.0-SNAPSHOT.jar:0.6.0-SNAPSHOT]
	at org.apache.ratis.thirdparty.io.grpc.internal.ContextRunnable.run(ContextRunnable.java:37) [ratis-thirdparty-misc-0.6.0-SNAPSHOT.jar:0.6.0-SNAPSHOT]
	at org.apache.ratis.thirdparty.io.grpc.internal.SerializingExecutor.run(SerializingExecutor.java:123) [ratis-thirdparty-misc-0.6.0-SNAPSHOT.jar:0.6.0-SNAPSHOT]
	at java.util.concurrent.ThreadPoolExecutor.runWorker(ThreadPoolExecutor.java:1149) [?:1.8.0_232]
	at java.util.concurrent.ThreadPoolExecutor$Worker.run(ThreadPoolExecutor.java:624) [?:1.8.0_232]
	at java.lang.Thread.run(Thread.java:748) [?:1.8.0_232]
2020-12-07 10:48:32,202 [grpc-default-executor-2] ERROR storage.BlockOutputStream (BlockOutputStream.java:lambda$writeChunkToContainer$3(677)) - writing chunk failed 105338509824163844_chunk_1 blockID conID: 2 locID: 105338509824163844 bcsId: 0 with exception org.apache.ratis.protocol.exceptions.StateMachineException: org.apache.hadoop.hdds.scm.container.common.helpers.ContainerNotOpenException from Server e9cccd38-0623-438e-aabf-1afb1561e1cc@group-6FB94C5BAD6B: Container 2 in CLOSED state
2020-12-07 10:48:32,214 [grpc-default-executor-2] ERROR storage.BlockOutputStream (BlockOutputStream.java:lambda$writeChunkToContainer$3(677)) - writing chunk failed 105338509824163844_chunk_2 blockID conID: 2 locID: 105338509824163844 bcsId: 0 with exception org.apache.ratis.protocol.exceptions.StateMachineException: org.apache.hadoop.hdds.scm.container.common.helpers.ContainerNotOpenException from Server e9cccd38-0623-438e-aabf-1afb1561e1cc@group-6FB94C5BAD6B: Container 2 in CLOSED state
10:48:32.215 [grpc-default-executor-0] ERROR DNAudit - user=null | ip=null | op=PUT_BLOCK {blockData=[blockId=conID: 2 locID: 105338509824163844 bcsId: 0,size=400]} | ret=FAILURE
org.apache.hadoop.hdds.scm.container.common.helpers.ContainerNotOpenException: Container 2 in CLOSED state
	at org.apache.hadoop.ozone.container.common.impl.HddsDispatcher.validateContainerCommand(HddsDispatcher.java:484) ~[hadoop-hdds-container-service-1.1.0-SNAPSHOT.jar:?]
	at org.apache.hadoop.ozone.container.common.transport.server.ratis.ContainerStateMachine.startTransaction(ContainerStateMachine.java:319) ~[hadoop-hdds-container-service-1.1.0-SNAPSHOT.jar:?]
	at org.apache.ratis.server.impl.RaftServerImpl.submitClientRequestAsync(RaftServerImpl.java:723) ~[ratis-server-1.1.0-913f5a4-SNAPSHOT.jar:1.1.0-913f5a4-SNAPSHOT]
	at org.apache.ratis.server.impl.RaftServerProxy.lambda$submitClientRequestAsync$7(RaftServerProxy.java:364) ~[ratis-server-1.1.0-913f5a4-SNAPSHOT.jar:1.1.0-913f5a4-SNAPSHOT]
	at org.apache.ratis.server.impl.RaftServerProxy.lambda$null$5(RaftServerProxy.java:359) ~[ratis-server-1.1.0-913f5a4-SNAPSHOT.jar:1.1.0-913f5a4-SNAPSHOT]
	at org.apache.ratis.util.JavaUtils.callAsUnchecked(JavaUtils.java:116) ~[ratis-common-1.1.0-913f5a4-SNAPSHOT.jar:1.1.0-913f5a4-SNAPSHOT]
	at org.apache.ratis.server.impl.RaftServerProxy.lambda$submitRequest$6(RaftServerProxy.java:359) ~[ratis-server-1.1.0-913f5a4-SNAPSHOT.jar:1.1.0-913f5a4-SNAPSHOT]
	at java.util.concurrent.CompletableFuture.uniComposeStage(CompletableFuture.java:995) ~[?:1.8.0_232]
	at java.util.concurrent.CompletableFuture.thenCompose(CompletableFuture.java:2137) ~[?:1.8.0_232]
	at org.apache.ratis.server.impl.RaftServerProxy.submitRequest(RaftServerProxy.java:358) ~[ratis-server-1.1.0-913f5a4-SNAPSHOT.jar:1.1.0-913f5a4-SNAPSHOT]
	at org.apache.ratis.server.impl.RaftServerProxy.submitClientRequestAsync(RaftServerProxy.java:364) ~[ratis-server-1.1.0-913f5a4-SNAPSHOT.jar:1.1.0-913f5a4-SNAPSHOT]
	at org.apache.ratis.grpc.client.GrpcClientProtocolService$RequestStreamObserver.processClientRequest(GrpcClientProtocolService.java:231) ~[ratis-grpc-1.1.0-913f5a4-SNAPSHOT.jar:1.1.0-913f5a4-SNAPSHOT]
	at org.apache.ratis.grpc.client.GrpcClientProtocolService$OrderedRequestStreamObserver.processClientRequest(GrpcClientProtocolService.java:337) ~[ratis-grpc-1.1.0-913f5a4-SNAPSHOT.jar:1.1.0-913f5a4-SNAPSHOT]
	at org.apache.ratis.util.SlidingWindow$Server.processRequestsFromHead(SlidingWindow.java:429) [ratis-common-1.1.0-913f5a4-SNAPSHOT.jar:1.1.0-913f5a4-SNAPSHOT]
	at org.apache.ratis.util.SlidingWindow$Server.receivedRequest(SlidingWindow.java:421) [ratis-common-1.1.0-913f5a4-SNAPSHOT.jar:1.1.0-913f5a4-SNAPSHOT]
	at org.apache.ratis.grpc.client.GrpcClientProtocolService$OrderedRequestStreamObserver.processClientRequest(GrpcClientProtocolService.java:361) [ratis-grpc-1.1.0-913f5a4-SNAPSHOT.jar:1.1.0-913f5a4-SNAPSHOT]
	at org.apache.ratis.grpc.client.GrpcClientProtocolService$RequestStreamObserver.onNext(GrpcClientProtocolService.java:251) [ratis-grpc-1.1.0-913f5a4-SNAPSHOT.jar:1.1.0-913f5a4-SNAPSHOT]
	at org.apache.ratis.grpc.client.GrpcClientProtocolService$RequestStreamObserver.onNext(GrpcClientProtocolService.java:174) [ratis-grpc-1.1.0-913f5a4-SNAPSHOT.jar:1.1.0-913f5a4-SNAPSHOT]
	at org.apache.ratis.thirdparty.io.grpc.stub.ServerCalls$StreamingServerCallHandler$StreamingServerCallListener.onMessage(ServerCalls.java:251) [ratis-thirdparty-misc-0.6.0-SNAPSHOT.jar:0.6.0-SNAPSHOT]
	at org.apache.ratis.thirdparty.io.grpc.ForwardingServerCallListener.onMessage(ForwardingServerCallListener.java:33) [ratis-thirdparty-misc-0.6.0-SNAPSHOT.jar:0.6.0-SNAPSHOT]
	at org.apache.ratis.thirdparty.io.grpc.internal.ServerCallImpl$ServerStreamListenerImpl.messagesAvailableInternal(ServerCallImpl.java:309) [ratis-thirdparty-misc-0.6.0-SNAPSHOT.jar:0.6.0-SNAPSHOT]
	at org.apache.ratis.thirdparty.io.grpc.internal.ServerCallImpl$ServerStreamListenerImpl.messagesAvailable(ServerCallImpl.java:292) [ratis-thirdparty-misc-0.6.0-SNAPSHOT.jar:0.6.0-SNAPSHOT]
	at org.apache.ratis.thirdparty.io.grpc.internal.ServerImpl$JumpToApplicationThreadServerStreamListener$1MessagesAvailable.runInContext(ServerImpl.java:783) [ratis-thirdparty-misc-0.6.0-SNAPSHOT.jar:0.6.0-SNAPSHOT]
	at org.apache.ratis.thirdparty.io.grpc.internal.ContextRunnable.run(ContextRunnable.java:37) [ratis-thirdparty-misc-0.6.0-SNAPSHOT.jar:0.6.0-SNAPSHOT]
	at org.apache.ratis.thirdparty.io.grpc.internal.SerializingExecutor.run(SerializingExecutor.java:123) [ratis-thirdparty-misc-0.6.0-SNAPSHOT.jar:0.6.0-SNAPSHOT]
	at java.util.concurrent.ThreadPoolExecutor.runWorker(ThreadPoolExecutor.java:1149) [?:1.8.0_232]
	at java.util.concurrent.ThreadPoolExecutor$Worker.run(ThreadPoolExecutor.java:624) [?:1.8.0_232]
	at java.lang.Thread.run(Thread.java:748) [?:1.8.0_232]
2020-12-07 10:48:32,217 [grpc-default-executor-2] ERROR storage.BlockOutputStream (BlockOutputStream.java:lambda$writeChunkToContainer$3(677)) - writing chunk failed 105338509824163844_chunk_3 blockID conID: 2 locID: 105338509824163844 bcsId: 0 with exception org.apache.ratis.protocol.exceptions.StateMachineException: org.apache.hadoop.hdds.scm.container.common.helpers.ContainerNotOpenException from Server e9cccd38-0623-438e-aabf-1afb1561e1cc@group-6FB94C5BAD6B: Container 2 in CLOSED state
2020-12-07 10:48:32,225 [grpc-default-executor-0] ERROR storage.BlockOutputStream (BlockOutputStream.java:lambda$writeChunkToContainer$3(677)) - writing chunk failed 105338509824163844_chunk_4 blockID conID: 2 locID: 105338509824163844 bcsId: 0 with exception org.apache.ratis.protocol.exceptions.StateMachineException: org.apache.hadoop.hdds.scm.container.common.helpers.ContainerNotOpenException from Server e9cccd38-0623-438e-aabf-1afb1561e1cc@group-6FB94C5BAD6B: Container 2 in CLOSED state
2020-12-07 10:48:32,245 [Listener at 127.0.0.1/33429] INFO  metrics.RatisMetrics (RatisMetrics.java:lambda$create$0(36)) - Creating Metrics Registry : ratis.client_message_metrics.client-350B63E38E3F->9dd88559-92ed-4006-9b1f-fe1c5650edb0
10:48:32.262 [grpc-default-executor-0] ERROR DNAudit - user=null | ip=null | op=WRITE_CHUNK {blockData=conID: 3 locID: 105338509824163845 bcsId: 0} | ret=FAILURE
org.apache.hadoop.hdds.scm.container.common.helpers.ContainerNotOpenException: Container 3 in CLOSED state
	at org.apache.hadoop.ozone.container.common.impl.HddsDispatcher.validateContainerCommand(HddsDispatcher.java:484) ~[hadoop-hdds-container-service-1.1.0-SNAPSHOT.jar:?]
	at org.apache.hadoop.ozone.container.common.transport.server.ratis.ContainerStateMachine.startTransaction(ContainerStateMachine.java:319) ~[hadoop-hdds-container-service-1.1.0-SNAPSHOT.jar:?]
	at org.apache.ratis.server.impl.RaftServerImpl.submitClientRequestAsync(RaftServerImpl.java:723) ~[ratis-server-1.1.0-913f5a4-SNAPSHOT.jar:1.1.0-913f5a4-SNAPSHOT]
	at org.apache.ratis.server.impl.RaftServerProxy.lambda$submitClientRequestAsync$7(RaftServerProxy.java:364) ~[ratis-server-1.1.0-913f5a4-SNAPSHOT.jar:1.1.0-913f5a4-SNAPSHOT]
	at org.apache.ratis.server.impl.RaftServerProxy.lambda$null$5(RaftServerProxy.java:359) ~[ratis-server-1.1.0-913f5a4-SNAPSHOT.jar:1.1.0-913f5a4-SNAPSHOT]
	at org.apache.ratis.util.JavaUtils.callAsUnchecked(JavaUtils.java:116) ~[ratis-common-1.1.0-913f5a4-SNAPSHOT.jar:1.1.0-913f5a4-SNAPSHOT]
	at org.apache.ratis.server.impl.RaftServerProxy.lambda$submitRequest$6(RaftServerProxy.java:359) ~[ratis-server-1.1.0-913f5a4-SNAPSHOT.jar:1.1.0-913f5a4-SNAPSHOT]
	at java.util.concurrent.CompletableFuture.uniComposeStage(CompletableFuture.java:995) ~[?:1.8.0_232]
	at java.util.concurrent.CompletableFuture.thenCompose(CompletableFuture.java:2137) ~[?:1.8.0_232]
	at org.apache.ratis.server.impl.RaftServerProxy.submitRequest(RaftServerProxy.java:358) ~[ratis-server-1.1.0-913f5a4-SNAPSHOT.jar:1.1.0-913f5a4-SNAPSHOT]
	at org.apache.ratis.server.impl.RaftServerProxy.submitClientRequestAsync(RaftServerProxy.java:364) ~[ratis-server-1.1.0-913f5a4-SNAPSHOT.jar:1.1.0-913f5a4-SNAPSHOT]
	at org.apache.ratis.grpc.client.GrpcClientProtocolService$RequestStreamObserver.processClientRequest(GrpcClientProtocolService.java:231) ~[ratis-grpc-1.1.0-913f5a4-SNAPSHOT.jar:1.1.0-913f5a4-SNAPSHOT]
	at org.apache.ratis.grpc.client.GrpcClientProtocolService$OrderedRequestStreamObserver.processClientRequest(GrpcClientProtocolService.java:337) ~[ratis-grpc-1.1.0-913f5a4-SNAPSHOT.jar:1.1.0-913f5a4-SNAPSHOT]
	at org.apache.ratis.util.SlidingWindow$Server.processRequestsFromHead(SlidingWindow.java:429) [ratis-common-1.1.0-913f5a4-SNAPSHOT.jar:1.1.0-913f5a4-SNAPSHOT]
	at org.apache.ratis.util.SlidingWindow$Server.receivedRequest(SlidingWindow.java:421) [ratis-common-1.1.0-913f5a4-SNAPSHOT.jar:1.1.0-913f5a4-SNAPSHOT]
	at org.apache.ratis.grpc.client.GrpcClientProtocolService$OrderedRequestStreamObserver.processClientRequest(GrpcClientProtocolService.java:361) [ratis-grpc-1.1.0-913f5a4-SNAPSHOT.jar:1.1.0-913f5a4-SNAPSHOT]
	at org.apache.ratis.grpc.client.GrpcClientProtocolService$RequestStreamObserver.onNext(GrpcClientProtocolService.java:251) [ratis-grpc-1.1.0-913f5a4-SNAPSHOT.jar:1.1.0-913f5a4-SNAPSHOT]
	at org.apache.ratis.grpc.client.GrpcClientProtocolService$RequestStreamObserver.onNext(GrpcClientProtocolService.java:174) [ratis-grpc-1.1.0-913f5a4-SNAPSHOT.jar:1.1.0-913f5a4-SNAPSHOT]
	at org.apache.ratis.thirdparty.io.grpc.stub.ServerCalls$StreamingServerCallHandler$StreamingServerCallListener.onMessage(ServerCalls.java:251) [ratis-thirdparty-misc-0.6.0-SNAPSHOT.jar:0.6.0-SNAPSHOT]
	at org.apache.ratis.thirdparty.io.grpc.ForwardingServerCallListener.onMessage(ForwardingServerCallListener.java:33) [ratis-thirdparty-misc-0.6.0-SNAPSHOT.jar:0.6.0-SNAPSHOT]
	at org.apache.ratis.thirdparty.io.grpc.internal.ServerCallImpl$ServerStreamListenerImpl.messagesAvailableInternal(ServerCallImpl.java:309) [ratis-thirdparty-misc-0.6.0-SNAPSHOT.jar:0.6.0-SNAPSHOT]
	at org.apache.ratis.thirdparty.io.grpc.internal.ServerCallImpl$ServerStreamListenerImpl.messagesAvailable(ServerCallImpl.java:292) [ratis-thirdparty-misc-0.6.0-SNAPSHOT.jar:0.6.0-SNAPSHOT]
	at org.apache.ratis.thirdparty.io.grpc.internal.ServerImpl$JumpToApplicationThreadServerStreamListener$1MessagesAvailable.runInContext(ServerImpl.java:783) [ratis-thirdparty-misc-0.6.0-SNAPSHOT.jar:0.6.0-SNAPSHOT]
	at org.apache.ratis.thirdparty.io.grpc.internal.ContextRunnable.run(ContextRunnable.java:37) [ratis-thirdparty-misc-0.6.0-SNAPSHOT.jar:0.6.0-SNAPSHOT]
	at org.apache.ratis.thirdparty.io.grpc.internal.SerializingExecutor.run(SerializingExecutor.java:123) [ratis-thirdparty-misc-0.6.0-SNAPSHOT.jar:0.6.0-SNAPSHOT]
	at java.util.concurrent.ThreadPoolExecutor.runWorker(ThreadPoolExecutor.java:1149) [?:1.8.0_232]
	at java.util.concurrent.ThreadPoolExecutor$Worker.run(ThreadPoolExecutor.java:624) [?:1.8.0_232]
	at java.lang.Thread.run(Thread.java:748) [?:1.8.0_232]
10:48:32.268 [grpc-default-executor-0] ERROR DNAudit - user=null | ip=null | op=WRITE_CHUNK {blockData=conID: 3 locID: 105338509824163845 bcsId: 0} | ret=FAILURE
org.apache.hadoop.hdds.scm.container.common.helpers.ContainerNotOpenException: Container 3 in CLOSED state
	at org.apache.hadoop.ozone.container.common.impl.HddsDispatcher.validateContainerCommand(HddsDispatcher.java:484) ~[hadoop-hdds-container-service-1.1.0-SNAPSHOT.jar:?]
	at org.apache.hadoop.ozone.container.common.transport.server.ratis.ContainerStateMachine.startTransaction(ContainerStateMachine.java:319) ~[hadoop-hdds-container-service-1.1.0-SNAPSHOT.jar:?]
	at org.apache.ratis.server.impl.RaftServerImpl.submitClientRequestAsync(RaftServerImpl.java:723) ~[ratis-server-1.1.0-913f5a4-SNAPSHOT.jar:1.1.0-913f5a4-SNAPSHOT]
	at org.apache.ratis.server.impl.RaftServerProxy.lambda$submitClientRequestAsync$7(RaftServerProxy.java:364) ~[ratis-server-1.1.0-913f5a4-SNAPSHOT.jar:1.1.0-913f5a4-SNAPSHOT]
	at org.apache.ratis.server.impl.RaftServerProxy.lambda$null$5(RaftServerProxy.java:359) ~[ratis-server-1.1.0-913f5a4-SNAPSHOT.jar:1.1.0-913f5a4-SNAPSHOT]
	at org.apache.ratis.util.JavaUtils.callAsUnchecked(JavaUtils.java:116) ~[ratis-common-1.1.0-913f5a4-SNAPSHOT.jar:1.1.0-913f5a4-SNAPSHOT]
	at org.apache.ratis.server.impl.RaftServerProxy.lambda$submitRequest$6(RaftServerProxy.java:359) ~[ratis-server-1.1.0-913f5a4-SNAPSHOT.jar:1.1.0-913f5a4-SNAPSHOT]
	at java.util.concurrent.CompletableFuture.uniComposeStage(CompletableFuture.java:995) ~[?:1.8.0_232]
	at java.util.concurrent.CompletableFuture.thenCompose(CompletableFuture.java:2137) ~[?:1.8.0_232]
	at org.apache.ratis.server.impl.RaftServerProxy.submitRequest(RaftServerProxy.java:358) ~[ratis-server-1.1.0-913f5a4-SNAPSHOT.jar:1.1.0-913f5a4-SNAPSHOT]
	at org.apache.ratis.server.impl.RaftServerProxy.submitClientRequestAsync(RaftServerProxy.java:364) ~[ratis-server-1.1.0-913f5a4-SNAPSHOT.jar:1.1.0-913f5a4-SNAPSHOT]
	at org.apache.ratis.grpc.client.GrpcClientProtocolService$RequestStreamObserver.processClientRequest(GrpcClientProtocolService.java:231) ~[ratis-grpc-1.1.0-913f5a4-SNAPSHOT.jar:1.1.0-913f5a4-SNAPSHOT]
	at org.apache.ratis.grpc.client.GrpcClientProtocolService$OrderedRequestStreamObserver.processClientRequest(GrpcClientProtocolService.java:337) ~[ratis-grpc-1.1.0-913f5a4-SNAPSHOT.jar:1.1.0-913f5a4-SNAPSHOT]
	at org.apache.ratis.util.SlidingWindow$Server.processRequestsFromHead(SlidingWindow.java:429) [ratis-common-1.1.0-913f5a4-SNAPSHOT.jar:1.1.0-913f5a4-SNAPSHOT]
	at org.apache.ratis.util.SlidingWindow$Server.receivedRequest(SlidingWindow.java:421) [ratis-common-1.1.0-913f5a4-SNAPSHOT.jar:1.1.0-913f5a4-SNAPSHOT]
	at org.apache.ratis.grpc.client.GrpcClientProtocolService$OrderedRequestStreamObserver.processClientRequest(GrpcClientProtocolService.java:361) [ratis-grpc-1.1.0-913f5a4-SNAPSHOT.jar:1.1.0-913f5a4-SNAPSHOT]
	at org.apache.ratis.grpc.client.GrpcClientProtocolService$RequestStreamObserver.onNext(GrpcClientProtocolService.java:251) [ratis-grpc-1.1.0-913f5a4-SNAPSHOT.jar:1.1.0-913f5a4-SNAPSHOT]
	at org.apache.ratis.grpc.client.GrpcClientProtocolService$RequestStreamObserver.onNext(GrpcClientProtocolService.java:174) [ratis-grpc-1.1.0-913f5a4-SNAPSHOT.jar:1.1.0-913f5a4-SNAPSHOT]
	at org.apache.ratis.thirdparty.io.grpc.stub.ServerCalls$StreamingServerCallHandler$StreamingServerCallListener.onMessage(ServerCalls.java:251) [ratis-thirdparty-misc-0.6.0-SNAPSHOT.jar:0.6.0-SNAPSHOT]
	at org.apache.ratis.thirdparty.io.grpc.ForwardingServerCallListener.onMessage(ForwardingServerCallListener.java:33) [ratis-thirdparty-misc-0.6.0-SNAPSHOT.jar:0.6.0-SNAPSHOT]
	at org.apache.ratis.thirdparty.io.grpc.internal.ServerCallImpl$ServerStreamListenerImpl.messagesAvailableInternal(ServerCallImpl.java:309) [ratis-thirdparty-misc-0.6.0-SNAPSHOT.jar:0.6.0-SNAPSHOT]
	at org.apache.ratis.thirdparty.io.grpc.internal.ServerCallImpl$ServerStreamListenerImpl.messagesAvailable(ServerCallImpl.java:292) [ratis-thirdparty-misc-0.6.0-SNAPSHOT.jar:0.6.0-SNAPSHOT]
	at org.apache.ratis.thirdparty.io.grpc.internal.ServerImpl$JumpToApplicationThreadServerStreamListener$1MessagesAvailable.runInContext(ServerImpl.java:783) [ratis-thirdparty-misc-0.6.0-SNAPSHOT.jar:0.6.0-SNAPSHOT]
	at org.apache.ratis.thirdparty.io.grpc.internal.ContextRunnable.run(ContextRunnable.java:37) [ratis-thirdparty-misc-0.6.0-SNAPSHOT.jar:0.6.0-SNAPSHOT]
	at org.apache.ratis.thirdparty.io.grpc.internal.SerializingExecutor.run(SerializingExecutor.java:123) [ratis-thirdparty-misc-0.6.0-SNAPSHOT.jar:0.6.0-SNAPSHOT]
	at java.util.concurrent.ThreadPoolExecutor.runWorker(ThreadPoolExecutor.java:1149) [?:1.8.0_232]
	at java.util.concurrent.ThreadPoolExecutor$Worker.run(ThreadPoolExecutor.java:624) [?:1.8.0_232]
	at java.lang.Thread.run(Thread.java:748) [?:1.8.0_232]
2020-12-07 10:48:32,277 [grpc-default-executor-2] ERROR storage.BlockOutputStream (BlockOutputStream.java:lambda$writeChunkToContainer$3(677)) - writing chunk failed 105338509824163845_chunk_1 blockID conID: 3 locID: 105338509824163845 bcsId: 0 with exception org.apache.ratis.protocol.exceptions.StateMachineException: org.apache.hadoop.hdds.scm.container.common.helpers.ContainerNotOpenException from Server 9dd88559-92ed-4006-9b1f-fe1c5650edb0@group-9F45B1B023DF: Container 3 in CLOSED state
10:48:32.280 [grpc-default-executor-0] ERROR DNAudit - user=null | ip=null | op=PUT_BLOCK {blockData=[blockId=conID: 3 locID: 105338509824163845 bcsId: 0,size=200]} | ret=FAILURE
org.apache.hadoop.hdds.scm.container.common.helpers.ContainerNotOpenException: Container 3 in CLOSED state
	at org.apache.hadoop.ozone.container.common.impl.HddsDispatcher.validateContainerCommand(HddsDispatcher.java:484) ~[hadoop-hdds-container-service-1.1.0-SNAPSHOT.jar:?]
	at org.apache.hadoop.ozone.container.common.transport.server.ratis.ContainerStateMachine.startTransaction(ContainerStateMachine.java:319) ~[hadoop-hdds-container-service-1.1.0-SNAPSHOT.jar:?]
	at org.apache.ratis.server.impl.RaftServerImpl.submitClientRequestAsync(RaftServerImpl.java:723) ~[ratis-server-1.1.0-913f5a4-SNAPSHOT.jar:1.1.0-913f5a4-SNAPSHOT]
	at org.apache.ratis.server.impl.RaftServerProxy.lambda$submitClientRequestAsync$7(RaftServerProxy.java:364) ~[ratis-server-1.1.0-913f5a4-SNAPSHOT.jar:1.1.0-913f5a4-SNAPSHOT]
	at org.apache.ratis.server.impl.RaftServerProxy.lambda$null$5(RaftServerProxy.java:359) ~[ratis-server-1.1.0-913f5a4-SNAPSHOT.jar:1.1.0-913f5a4-SNAPSHOT]
	at org.apache.ratis.util.JavaUtils.callAsUnchecked(JavaUtils.java:116) ~[ratis-common-1.1.0-913f5a4-SNAPSHOT.jar:1.1.0-913f5a4-SNAPSHOT]
	at org.apache.ratis.server.impl.RaftServerProxy.lambda$submitRequest$6(RaftServerProxy.java:359) ~[ratis-server-1.1.0-913f5a4-SNAPSHOT.jar:1.1.0-913f5a4-SNAPSHOT]
	at java.util.concurrent.CompletableFuture.uniComposeStage(CompletableFuture.java:995) ~[?:1.8.0_232]
	at java.util.concurrent.CompletableFuture.thenCompose(CompletableFuture.java:2137) ~[?:1.8.0_232]
	at org.apache.ratis.server.impl.RaftServerProxy.submitRequest(RaftServerProxy.java:358) ~[ratis-server-1.1.0-913f5a4-SNAPSHOT.jar:1.1.0-913f5a4-SNAPSHOT]
	at org.apache.ratis.server.impl.RaftServerProxy.submitClientRequestAsync(RaftServerProxy.java:364) ~[ratis-server-1.1.0-913f5a4-SNAPSHOT.jar:1.1.0-913f5a4-SNAPSHOT]
	at org.apache.ratis.grpc.client.GrpcClientProtocolService$RequestStreamObserver.processClientRequest(GrpcClientProtocolService.java:231) ~[ratis-grpc-1.1.0-913f5a4-SNAPSHOT.jar:1.1.0-913f5a4-SNAPSHOT]
	at org.apache.ratis.grpc.client.GrpcClientProtocolService$OrderedRequestStreamObserver.processClientRequest(GrpcClientProtocolService.java:337) ~[ratis-grpc-1.1.0-913f5a4-SNAPSHOT.jar:1.1.0-913f5a4-SNAPSHOT]
	at org.apache.ratis.util.SlidingWindow$Server.processRequestsFromHead(SlidingWindow.java:429) [ratis-common-1.1.0-913f5a4-SNAPSHOT.jar:1.1.0-913f5a4-SNAPSHOT]
	at org.apache.ratis.util.SlidingWindow$Server.receivedRequest(SlidingWindow.java:421) [ratis-common-1.1.0-913f5a4-SNAPSHOT.jar:1.1.0-913f5a4-SNAPSHOT]
	at org.apache.ratis.grpc.client.GrpcClientProtocolService$OrderedRequestStreamObserver.processClientRequest(GrpcClientProtocolService.java:361) [ratis-grpc-1.1.0-913f5a4-SNAPSHOT.jar:1.1.0-913f5a4-SNAPSHOT]
	at org.apache.ratis.grpc.client.GrpcClientProtocolService$RequestStreamObserver.onNext(GrpcClientProtocolService.java:251) [ratis-grpc-1.1.0-913f5a4-SNAPSHOT.jar:1.1.0-913f5a4-SNAPSHOT]
	at org.apache.ratis.grpc.client.GrpcClientProtocolService$RequestStreamObserver.onNext(GrpcClientProtocolService.java:174) [ratis-grpc-1.1.0-913f5a4-SNAPSHOT.jar:1.1.0-913f5a4-SNAPSHOT]
	at org.apache.ratis.thirdparty.io.grpc.stub.ServerCalls$StreamingServerCallHandler$StreamingServerCallListener.onMessage(ServerCalls.java:251) [ratis-thirdparty-misc-0.6.0-SNAPSHOT.jar:0.6.0-SNAPSHOT]
	at org.apache.ratis.thirdparty.io.grpc.ForwardingServerCallListener.onMessage(ForwardingServerCallListener.java:33) [ratis-thirdparty-misc-0.6.0-SNAPSHOT.jar:0.6.0-SNAPSHOT]
	at org.apache.ratis.thirdparty.io.grpc.internal.ServerCallImpl$ServerStreamListenerImpl.messagesAvailableInternal(ServerCallImpl.java:309) [ratis-thirdparty-misc-0.6.0-SNAPSHOT.jar:0.6.0-SNAPSHOT]
	at org.apache.ratis.thirdparty.io.grpc.internal.ServerCallImpl$ServerStreamListenerImpl.messagesAvailable(ServerCallImpl.java:292) [ratis-thirdparty-misc-0.6.0-SNAPSHOT.jar:0.6.0-SNAPSHOT]
	at org.apache.ratis.thirdparty.io.grpc.internal.ServerImpl$JumpToApplicationThreadServerStreamListener$1MessagesAvailable.runInContext(ServerImpl.java:783) [ratis-thirdparty-misc-0.6.0-SNAPSHOT.jar:0.6.0-SNAPSHOT]
	at org.apache.ratis.thirdparty.io.grpc.internal.ContextRunnable.run(ContextRunnable.java:37) [ratis-thirdparty-misc-0.6.0-SNAPSHOT.jar:0.6.0-SNAPSHOT]
	at org.apache.ratis.thirdparty.io.grpc.internal.SerializingExecutor.run(SerializingExecutor.java:123) [ratis-thirdparty-misc-0.6.0-SNAPSHOT.jar:0.6.0-SNAPSHOT]
	at java.util.concurrent.ThreadPoolExecutor.runWorker(ThreadPoolExecutor.java:1149) [?:1.8.0_232]
	at java.util.concurrent.ThreadPoolExecutor$Worker.run(ThreadPoolExecutor.java:624) [?:1.8.0_232]
	at java.lang.Thread.run(Thread.java:748) [?:1.8.0_232]
2020-12-07 10:48:32,281 [grpc-default-executor-2] ERROR storage.BlockOutputStream (BlockOutputStream.java:lambda$writeChunkToContainer$3(677)) - writing chunk failed 105338509824163845_chunk_2 blockID conID: 3 locID: 105338509824163845 bcsId: 0 with exception org.apache.ratis.protocol.exceptions.StateMachineException: org.apache.hadoop.hdds.scm.container.common.helpers.ContainerNotOpenException from Server 9dd88559-92ed-4006-9b1f-fe1c5650edb0@group-9F45B1B023DF: Container 3 in CLOSED state
10:48:32.281 [grpc-default-executor-2] ERROR DNAudit - user=null | ip=null | op=WRITE_CHUNK {blockData=conID: 3 locID: 105338509824163845 bcsId: 0} | ret=FAILURE
org.apache.hadoop.hdds.scm.container.common.helpers.ContainerNotOpenException: Container 3 in CLOSED state
	at org.apache.hadoop.ozone.container.common.impl.HddsDispatcher.validateContainerCommand(HddsDispatcher.java:484) ~[hadoop-hdds-container-service-1.1.0-SNAPSHOT.jar:?]
	at org.apache.hadoop.ozone.container.common.transport.server.ratis.ContainerStateMachine.startTransaction(ContainerStateMachine.java:319) ~[hadoop-hdds-container-service-1.1.0-SNAPSHOT.jar:?]
	at org.apache.ratis.server.impl.RaftServerImpl.submitClientRequestAsync(RaftServerImpl.java:723) ~[ratis-server-1.1.0-913f5a4-SNAPSHOT.jar:1.1.0-913f5a4-SNAPSHOT]
	at org.apache.ratis.server.impl.RaftServerProxy.lambda$submitClientRequestAsync$7(RaftServerProxy.java:364) ~[ratis-server-1.1.0-913f5a4-SNAPSHOT.jar:1.1.0-913f5a4-SNAPSHOT]
	at org.apache.ratis.server.impl.RaftServerProxy.lambda$null$5(RaftServerProxy.java:359) ~[ratis-server-1.1.0-913f5a4-SNAPSHOT.jar:1.1.0-913f5a4-SNAPSHOT]
	at org.apache.ratis.util.JavaUtils.callAsUnchecked(JavaUtils.java:116) ~[ratis-common-1.1.0-913f5a4-SNAPSHOT.jar:1.1.0-913f5a4-SNAPSHOT]
	at org.apache.ratis.server.impl.RaftServerProxy.lambda$submitRequest$6(RaftServerProxy.java:359) ~[ratis-server-1.1.0-913f5a4-SNAPSHOT.jar:1.1.0-913f5a4-SNAPSHOT]
	at java.util.concurrent.CompletableFuture.uniComposeStage(CompletableFuture.java:995) ~[?:1.8.0_232]
	at java.util.concurrent.CompletableFuture.thenCompose(CompletableFuture.java:2137) ~[?:1.8.0_232]
	at org.apache.ratis.server.impl.RaftServerProxy.submitRequest(RaftServerProxy.java:358) ~[ratis-server-1.1.0-913f5a4-SNAPSHOT.jar:1.1.0-913f5a4-SNAPSHOT]
	at org.apache.ratis.server.impl.RaftServerProxy.submitClientRequestAsync(RaftServerProxy.java:364) ~[ratis-server-1.1.0-913f5a4-SNAPSHOT.jar:1.1.0-913f5a4-SNAPSHOT]
	at org.apache.ratis.grpc.client.GrpcClientProtocolService$RequestStreamObserver.processClientRequest(GrpcClientProtocolService.java:231) ~[ratis-grpc-1.1.0-913f5a4-SNAPSHOT.jar:1.1.0-913f5a4-SNAPSHOT]
	at org.apache.ratis.grpc.client.GrpcClientProtocolService$OrderedRequestStreamObserver.processClientRequest(GrpcClientProtocolService.java:337) ~[ratis-grpc-1.1.0-913f5a4-SNAPSHOT.jar:1.1.0-913f5a4-SNAPSHOT]
	at org.apache.ratis.util.SlidingWindow$Server.processRequestsFromHead(SlidingWindow.java:429) [ratis-common-1.1.0-913f5a4-SNAPSHOT.jar:1.1.0-913f5a4-SNAPSHOT]
	at org.apache.ratis.util.SlidingWindow$Server.receivedRequest(SlidingWindow.java:421) [ratis-common-1.1.0-913f5a4-SNAPSHOT.jar:1.1.0-913f5a4-SNAPSHOT]
	at org.apache.ratis.grpc.client.GrpcClientProtocolService$OrderedRequestStreamObserver.processClientRequest(GrpcClientProtocolService.java:361) [ratis-grpc-1.1.0-913f5a4-SNAPSHOT.jar:1.1.0-913f5a4-SNAPSHOT]
	at org.apache.ratis.grpc.client.GrpcClientProtocolService$RequestStreamObserver.onNext(GrpcClientProtocolService.java:251) [ratis-grpc-1.1.0-913f5a4-SNAPSHOT.jar:1.1.0-913f5a4-SNAPSHOT]
	at org.apache.ratis.grpc.client.GrpcClientProtocolService$RequestStreamObserver.onNext(GrpcClientProtocolService.java:174) [ratis-grpc-1.1.0-913f5a4-SNAPSHOT.jar:1.1.0-913f5a4-SNAPSHOT]
	at org.apache.ratis.thirdparty.io.grpc.stub.ServerCalls$StreamingServerCallHandler$StreamingServerCallListener.onMessage(ServerCalls.java:251) [ratis-thirdparty-misc-0.6.0-SNAPSHOT.jar:0.6.0-SNAPSHOT]
	at org.apache.ratis.thirdparty.io.grpc.ForwardingServerCallListener.onMessage(ForwardingServerCallListener.java:33) [ratis-thirdparty-misc-0.6.0-SNAPSHOT.jar:0.6.0-SNAPSHOT]
	at org.apache.ratis.thirdparty.io.grpc.internal.ServerCallImpl$ServerStreamListenerImpl.messagesAvailableInternal(ServerCallImpl.java:309) [ratis-thirdparty-misc-0.6.0-SNAPSHOT.jar:0.6.0-SNAPSHOT]
	at org.apache.ratis.thirdparty.io.grpc.internal.ServerCallImpl$ServerStreamListenerImpl.messagesAvailable(ServerCallImpl.java:292) [ratis-thirdparty-misc-0.6.0-SNAPSHOT.jar:0.6.0-SNAPSHOT]
	at org.apache.ratis.thirdparty.io.grpc.internal.ServerImpl$JumpToApplicationThreadServerStreamListener$1MessagesAvailable.runInContext(ServerImpl.java:783) [ratis-thirdparty-misc-0.6.0-SNAPSHOT.jar:0.6.0-SNAPSHOT]
	at org.apache.ratis.thirdparty.io.grpc.internal.ContextRunnable.run(ContextRunnable.java:37) [ratis-thirdparty-misc-0.6.0-SNAPSHOT.jar:0.6.0-SNAPSHOT]
	at org.apache.ratis.thirdparty.io.grpc.internal.SerializingExecutor.run(SerializingExecutor.java:123) [ratis-thirdparty-misc-0.6.0-SNAPSHOT.jar:0.6.0-SNAPSHOT]
	at java.util.concurrent.ThreadPoolExecutor.runWorker(ThreadPoolExecutor.java:1149) [?:1.8.0_232]
	at java.util.concurrent.ThreadPoolExecutor$Worker.run(ThreadPoolExecutor.java:624) [?:1.8.0_232]
	at java.lang.Thread.run(Thread.java:748) [?:1.8.0_232]
10:48:32.284 [grpc-default-executor-2] ERROR DNAudit - user=null | ip=null | op=WRITE_CHUNK {blockData=conID: 3 locID: 105338509824163845 bcsId: 0} | ret=FAILURE
org.apache.hadoop.hdds.scm.container.common.helpers.ContainerNotOpenException: Container 3 in CLOSED state
	at org.apache.hadoop.ozone.container.common.impl.HddsDispatcher.validateContainerCommand(HddsDispatcher.java:484) ~[hadoop-hdds-container-service-1.1.0-SNAPSHOT.jar:?]
	at org.apache.hadoop.ozone.container.common.transport.server.ratis.ContainerStateMachine.startTransaction(ContainerStateMachine.java:319) ~[hadoop-hdds-container-service-1.1.0-SNAPSHOT.jar:?]
	at org.apache.ratis.server.impl.RaftServerImpl.submitClientRequestAsync(RaftServerImpl.java:723) ~[ratis-server-1.1.0-913f5a4-SNAPSHOT.jar:1.1.0-913f5a4-SNAPSHOT]
	at org.apache.ratis.server.impl.RaftServerProxy.lambda$submitClientRequestAsync$7(RaftServerProxy.java:364) ~[ratis-server-1.1.0-913f5a4-SNAPSHOT.jar:1.1.0-913f5a4-SNAPSHOT]
	at org.apache.ratis.server.impl.RaftServerProxy.lambda$null$5(RaftServerProxy.java:359) ~[ratis-server-1.1.0-913f5a4-SNAPSHOT.jar:1.1.0-913f5a4-SNAPSHOT]
	at org.apache.ratis.util.JavaUtils.callAsUnchecked(JavaUtils.java:116) ~[ratis-common-1.1.0-913f5a4-SNAPSHOT.jar:1.1.0-913f5a4-SNAPSHOT]
	at org.apache.ratis.server.impl.RaftServerProxy.lambda$submitRequest$6(RaftServerProxy.java:359) ~[ratis-server-1.1.0-913f5a4-SNAPSHOT.jar:1.1.0-913f5a4-SNAPSHOT]
	at java.util.concurrent.CompletableFuture.uniComposeStage(CompletableFuture.java:995) ~[?:1.8.0_232]
	at java.util.concurrent.CompletableFuture.thenCompose(CompletableFuture.java:2137) ~[?:1.8.0_232]
	at org.apache.ratis.server.impl.RaftServerProxy.submitRequest(RaftServerProxy.java:358) ~[ratis-server-1.1.0-913f5a4-SNAPSHOT.jar:1.1.0-913f5a4-SNAPSHOT]
	at org.apache.ratis.server.impl.RaftServerProxy.submitClientRequestAsync(RaftServerProxy.java:364) ~[ratis-server-1.1.0-913f5a4-SNAPSHOT.jar:1.1.0-913f5a4-SNAPSHOT]
	at org.apache.ratis.grpc.client.GrpcClientProtocolService$RequestStreamObserver.processClientRequest(GrpcClientProtocolService.java:231) ~[ratis-grpc-1.1.0-913f5a4-SNAPSHOT.jar:1.1.0-913f5a4-SNAPSHOT]
	at org.apache.ratis.grpc.client.GrpcClientProtocolService$OrderedRequestStreamObserver.processClientRequest(GrpcClientProtocolService.java:337) ~[ratis-grpc-1.1.0-913f5a4-SNAPSHOT.jar:1.1.0-913f5a4-SNAPSHOT]
	at org.apache.ratis.util.SlidingWindow$Server.processRequestsFromHead(SlidingWindow.java:429) [ratis-common-1.1.0-913f5a4-SNAPSHOT.jar:1.1.0-913f5a4-SNAPSHOT]
	at org.apache.ratis.util.SlidingWindow$Server.receivedRequest(SlidingWindow.java:421) [ratis-common-1.1.0-913f5a4-SNAPSHOT.jar:1.1.0-913f5a4-SNAPSHOT]
	at org.apache.ratis.grpc.client.GrpcClientProtocolService$OrderedRequestStreamObserver.processClientRequest(GrpcClientProtocolService.java:361) [ratis-grpc-1.1.0-913f5a4-SNAPSHOT.jar:1.1.0-913f5a4-SNAPSHOT]
	at org.apache.ratis.grpc.client.GrpcClientProtocolService$RequestStreamObserver.onNext(GrpcClientProtocolService.java:251) [ratis-grpc-1.1.0-913f5a4-SNAPSHOT.jar:1.1.0-913f5a4-SNAPSHOT]
	at org.apache.ratis.grpc.client.GrpcClientProtocolService$RequestStreamObserver.onNext(GrpcClientProtocolService.java:174) [ratis-grpc-1.1.0-913f5a4-SNAPSHOT.jar:1.1.0-913f5a4-SNAPSHOT]
	at org.apache.ratis.thirdparty.io.grpc.stub.ServerCalls$StreamingServerCallHandler$StreamingServerCallListener.onMessage(ServerCalls.java:251) [ratis-thirdparty-misc-0.6.0-SNAPSHOT.jar:0.6.0-SNAPSHOT]
	at org.apache.ratis.thirdparty.io.grpc.ForwardingServerCallListener.onMessage(ForwardingServerCallListener.java:33) [ratis-thirdparty-misc-0.6.0-SNAPSHOT.jar:0.6.0-SNAPSHOT]
	at org.apache.ratis.thirdparty.io.grpc.internal.ServerCallImpl$ServerStreamListenerImpl.messagesAvailableInternal(ServerCallImpl.java:309) [ratis-thirdparty-misc-0.6.0-SNAPSHOT.jar:0.6.0-SNAPSHOT]
	at org.apache.ratis.thirdparty.io.grpc.internal.ServerCallImpl$ServerStreamListenerImpl.messagesAvailable(ServerCallImpl.java:292) [ratis-thirdparty-misc-0.6.0-SNAPSHOT.jar:0.6.0-SNAPSHOT]
	at org.apache.ratis.thirdparty.io.grpc.internal.ServerImpl$JumpToApplicationThreadServerStreamListener$1MessagesAvailable.runInContext(ServerImpl.java:783) [ratis-thirdparty-misc-0.6.0-SNAPSHOT.jar:0.6.0-SNAPSHOT]
	at org.apache.ratis.thirdparty.io.grpc.internal.ContextRunnable.run(ContextRunnable.java:37) [ratis-thirdparty-misc-0.6.0-SNAPSHOT.jar:0.6.0-SNAPSHOT]
	at org.apache.ratis.thirdparty.io.grpc.internal.SerializingExecutor.run(SerializingExecutor.java:123) [ratis-thirdparty-misc-0.6.0-SNAPSHOT.jar:0.6.0-SNAPSHOT]
	at java.util.concurrent.ThreadPoolExecutor.runWorker(ThreadPoolExecutor.java:1149) [?:1.8.0_232]
	at java.util.concurrent.ThreadPoolExecutor$Worker.run(ThreadPoolExecutor.java:624) [?:1.8.0_232]
	at java.lang.Thread.run(Thread.java:748) [?:1.8.0_232]
10:48:32.285 [grpc-default-executor-2] ERROR DNAudit - user=null | ip=null | op=PUT_BLOCK {blockData=[blockId=conID: 3 locID: 105338509824163845 bcsId: 0,size=400]} | ret=FAILURE
org.apache.hadoop.hdds.scm.container.common.helpers.ContainerNotOpenException: Container 3 in CLOSED state
	at org.apache.hadoop.ozone.container.common.impl.HddsDispatcher.validateContainerCommand(HddsDispatcher.java:484) ~[hadoop-hdds-container-service-1.1.0-SNAPSHOT.jar:?]
	at org.apache.hadoop.ozone.container.common.transport.server.ratis.ContainerStateMachine.startTransaction(ContainerStateMachine.java:319) ~[hadoop-hdds-container-service-1.1.0-SNAPSHOT.jar:?]
	at org.apache.ratis.server.impl.RaftServerImpl.submitClientRequestAsync(RaftServerImpl.java:723) ~[ratis-server-1.1.0-913f5a4-SNAPSHOT.jar:1.1.0-913f5a4-SNAPSHOT]
	at org.apache.ratis.server.impl.RaftServerProxy.lambda$submitClientRequestAsync$7(RaftServerProxy.java:364) ~[ratis-server-1.1.0-913f5a4-SNAPSHOT.jar:1.1.0-913f5a4-SNAPSHOT]
	at org.apache.ratis.server.impl.RaftServerProxy.lambda$null$5(RaftServerProxy.java:359) ~[ratis-server-1.1.0-913f5a4-SNAPSHOT.jar:1.1.0-913f5a4-SNAPSHOT]
	at org.apache.ratis.util.JavaUtils.callAsUnchecked(JavaUtils.java:116) ~[ratis-common-1.1.0-913f5a4-SNAPSHOT.jar:1.1.0-913f5a4-SNAPSHOT]
	at org.apache.ratis.server.impl.RaftServerProxy.lambda$submitRequest$6(RaftServerProxy.java:359) ~[ratis-server-1.1.0-913f5a4-SNAPSHOT.jar:1.1.0-913f5a4-SNAPSHOT]
	at java.util.concurrent.CompletableFuture.uniComposeStage(CompletableFuture.java:995) ~[?:1.8.0_232]
	at java.util.concurrent.CompletableFuture.thenCompose(CompletableFuture.java:2137) ~[?:1.8.0_232]
	at org.apache.ratis.server.impl.RaftServerProxy.submitRequest(RaftServerProxy.java:358) ~[ratis-server-1.1.0-913f5a4-SNAPSHOT.jar:1.1.0-913f5a4-SNAPSHOT]
	at org.apache.ratis.server.impl.RaftServerProxy.submitClientRequestAsync(RaftServerProxy.java:364) ~[ratis-server-1.1.0-913f5a4-SNAPSHOT.jar:1.1.0-913f5a4-SNAPSHOT]
	at org.apache.ratis.grpc.client.GrpcClientProtocolService$RequestStreamObserver.processClientRequest(GrpcClientProtocolService.java:231) ~[ratis-grpc-1.1.0-913f5a4-SNAPSHOT.jar:1.1.0-913f5a4-SNAPSHOT]
	at org.apache.ratis.grpc.client.GrpcClientProtocolService$OrderedRequestStreamObserver.processClientRequest(GrpcClientProtocolService.java:337) ~[ratis-grpc-1.1.0-913f5a4-SNAPSHOT.jar:1.1.0-913f5a4-SNAPSHOT]
	at org.apache.ratis.util.SlidingWindow$Server.processRequestsFromHead(SlidingWindow.java:429) [ratis-common-1.1.0-913f5a4-SNAPSHOT.jar:1.1.0-913f5a4-SNAPSHOT]
	at org.apache.ratis.util.SlidingWindow$Server.receivedRequest(SlidingWindow.java:421) [ratis-common-1.1.0-913f5a4-SNAPSHOT.jar:1.1.0-913f5a4-SNAPSHOT]
	at org.apache.ratis.grpc.client.GrpcClientProtocolService$OrderedRequestStreamObserver.processClientRequest(GrpcClientProtocolService.java:361) [ratis-grpc-1.1.0-913f5a4-SNAPSHOT.jar:1.1.0-913f5a4-SNAPSHOT]
	at org.apache.ratis.grpc.client.GrpcClientProtocolService$RequestStreamObserver.onNext(GrpcClientProtocolService.java:251) [ratis-grpc-1.1.0-913f5a4-SNAPSHOT.jar:1.1.0-913f5a4-SNAPSHOT]
	at org.apache.ratis.grpc.client.GrpcClientProtocolService$RequestStreamObserver.onNext(GrpcClientProtocolService.java:174) [ratis-grpc-1.1.0-913f5a4-SNAPSHOT.jar:1.1.0-913f5a4-SNAPSHOT]
	at org.apache.ratis.thirdparty.io.grpc.stub.ServerCalls$StreamingServerCallHandler$StreamingServerCallListener.onMessage(ServerCalls.java:251) [ratis-thirdparty-misc-0.6.0-SNAPSHOT.jar:0.6.0-SNAPSHOT]
	at org.apache.ratis.thirdparty.io.grpc.ForwardingServerCallListener.onMessage(ForwardingServerCallListener.java:33) [ratis-thirdparty-misc-0.6.0-SNAPSHOT.jar:0.6.0-SNAPSHOT]
	at org.apache.ratis.thirdparty.io.grpc.internal.ServerCallImpl$ServerStreamListenerImpl.messagesAvailableInternal(ServerCallImpl.java:309) [ratis-thirdparty-misc-0.6.0-SNAPSHOT.jar:0.6.0-SNAPSHOT]
	at org.apache.ratis.thirdparty.io.grpc.internal.ServerCallImpl$ServerStreamListenerImpl.messagesAvailable(ServerCallImpl.java:292) [ratis-thirdparty-misc-0.6.0-SNAPSHOT.jar:0.6.0-SNAPSHOT]
	at org.apache.ratis.thirdparty.io.grpc.internal.ServerImpl$JumpToApplicationThreadServerStreamListener$1MessagesAvailable.runInContext(ServerImpl.java:783) [ratis-thirdparty-misc-0.6.0-SNAPSHOT.jar:0.6.0-SNAPSHOT]
	at org.apache.ratis.thirdparty.io.grpc.internal.ContextRunnable.run(ContextRunnable.java:37) [ratis-thirdparty-misc-0.6.0-SNAPSHOT.jar:0.6.0-SNAPSHOT]
	at org.apache.ratis.thirdparty.io.grpc.internal.SerializingExecutor.run(SerializingExecutor.java:123) [ratis-thirdparty-misc-0.6.0-SNAPSHOT.jar:0.6.0-SNAPSHOT]
	at java.util.concurrent.ThreadPoolExecutor.runWorker(ThreadPoolExecutor.java:1149) [?:1.8.0_232]
	at java.util.concurrent.ThreadPoolExecutor$Worker.run(ThreadPoolExecutor.java:624) [?:1.8.0_232]
	at java.lang.Thread.run(Thread.java:748) [?:1.8.0_232]
2020-12-07 10:48:32,297 [grpc-default-executor-2] ERROR storage.BlockOutputStream (BlockOutputStream.java:lambda$writeChunkToContainer$3(677)) - writing chunk failed 105338509824163845_chunk_3 blockID conID: 3 locID: 105338509824163845 bcsId: 0 with exception org.apache.ratis.protocol.exceptions.StateMachineException: org.apache.hadoop.hdds.scm.container.common.helpers.ContainerNotOpenException from Server 9dd88559-92ed-4006-9b1f-fe1c5650edb0@group-9F45B1B023DF: Container 3 in CLOSED state
2020-12-07 10:48:32,309 [grpc-default-executor-2] ERROR storage.BlockOutputStream (BlockOutputStream.java:lambda$writeChunkToContainer$3(677)) - writing chunk failed 105338509824163845_chunk_4 blockID conID: 3 locID: 105338509824163845 bcsId: 0 with exception org.apache.ratis.protocol.exceptions.StateMachineException: org.apache.hadoop.hdds.scm.container.common.helpers.ContainerNotOpenException from Server 9dd88559-92ed-4006-9b1f-fe1c5650edb0@group-9F45B1B023DF: Container 3 in CLOSED state
2020-12-07 10:48:32,313 [Listener at 127.0.0.1/33429] INFO  io.BlockOutputStreamEntryPool (BlockOutputStreamEntryPool.java:allocateNewBlock(241)) - Allocating block with ExcludeList {datanodes = [], containerIds = [#1, #2, #3], pipelineIds = []}
2020-12-07 10:48:32,342 [Listener at 127.0.0.1/33429] INFO  metrics.RatisMetrics (RatisMetrics.java:lambda$create$0(36)) - Creating Metrics Registry : ratis.client_message_metrics.client-1E19F51FF61B->c8599c9e-d3dc-4d93-b189-78c24227363c
2020-12-07 10:48:32,423 [Listener at 127.0.0.1/33429] INFO  ozone.MiniOzoneClusterImpl (MiniOzoneClusterImpl.java:shutdown(388)) - Shutting down the Mini Ozone Cluster
2020-12-07 10:48:32,423 [Listener at 127.0.0.1/33429] INFO  ozone.MiniOzoneClusterImpl (MiniOzoneClusterImpl.java:stop(403)) - Stopping the Mini Ozone Cluster
2020-12-07 10:48:32,423 [Listener at 127.0.0.1/33429] INFO  ozone.MiniOzoneClusterImpl (MiniOzoneClusterImpl.java:stopOM(485)) - Stopping the OzoneManager
2020-12-07 10:48:32,423 [Listener at 127.0.0.1/33429] INFO  ipc.Server (Server.java:stop(3359)) - Stopping server on 33429
2020-12-07 10:48:32,428 [Listener at 127.0.0.1/33429] INFO  ratis.OzoneManagerDoubleBuffer (OzoneManagerDoubleBuffer.java:stop(457)) - Stopping OMDoubleBuffer flush thread
2020-12-07 10:48:32,430 [IPC Server listener on 0] INFO  ipc.Server (Server.java:run(1330)) - Stopping IPC Server listener on 0
2020-12-07 10:48:32,430 [OMDoubleBufferFlushThread] INFO  ratis.OzoneManagerDoubleBuffer (OzoneManagerDoubleBuffer.java:flushTransactions(356)) - OMDoubleBuffer flush thread OMDoubleBufferFlushThread is interrupted and will exit. OMDoubleBufferFlushThread
2020-12-07 10:48:32,431 [IPC Server Responder] INFO  ipc.Server (Server.java:run(1465)) - Stopping IPC Server Responder
2020-12-07 10:48:32,432 [Listener at 127.0.0.1/33429] INFO  utils.BackgroundService (BackgroundService.java:shutdown(132)) - Shutting down service KeyDeletingService
2020-12-07 10:48:32,433 [Listener at 127.0.0.1/33429] INFO  handler.ContextHandler (ContextHandler.java:doStop(1154)) - Stopped o.e.j.w.WebAppContext@161e4ca{ozoneManager,/,null,STOPPED}{file:/github/workspace/mnt/ozone/hadoop-ozone/integration-test/target/test-classes/webapps/ozoneManager}
2020-12-07 10:48:32,434 [Listener at 127.0.0.1/33429] INFO  server.AbstractConnector (AbstractConnector.java:doStop(381)) - Stopped ServerConnector@252a06a1{HTTP/1.1, (http/1.1)}{0.0.0.0:0}
2020-12-07 10:48:32,434 [Listener at 127.0.0.1/33429] INFO  server.session (HouseKeeper.java:stopScavenging(149)) - node0 Stopped scavenging
2020-12-07 10:48:32,434 [Listener at 127.0.0.1/33429] INFO  handler.ContextHandler (ContextHandler.java:doStop(1154)) - Stopped o.e.j.s.ServletContextHandler@14b8ef06{static,/static,file:///github/workspace/mnt/ozone/hadoop-ozone/integration-test/target/test-classes/webapps/static,STOPPED}
2020-12-07 10:48:32,434 [Listener at 127.0.0.1/33429] INFO  handler.ContextHandler (ContextHandler.java:doStop(1154)) - Stopped o.e.j.s.ServletContextHandler@7f0d0cb3{logs,/logs,file:///github/workspace/mnt/ozone/hadoop-ozone/integration-test/target/log,STOPPED}
2020-12-07 10:48:32,436 [Listener at 127.0.0.1/33429] INFO  ozone.MiniOzoneClusterImpl (MiniOzoneClusterImpl.java:stopDatanodes(462)) - Stopping the HddsDatanodes
2020-12-07 10:48:32,523 [Datanode State Machine Thread - 0] INFO  statemachine.DatanodeStateMachine (DatanodeStateMachine.java:lambda$startDaemon$0(408)) - Ozone container server started.
2020-12-07 10:48:33,180 [Datanode State Machine Thread - 0] INFO  statemachine.DatanodeStateMachine (DatanodeStateMachine.java:lambda$startDaemon$0(408)) - Ozone container server started.
2020-12-07 10:48:37,437 [ForkJoinPool.commonPool-worker-0] INFO  ozoneimpl.OzoneContainer (OzoneContainer.java:stop(257)) - Attempting to stop container services.
2020-12-07 10:48:37,438 [Listener at 127.0.0.1/33429] INFO  ozoneimpl.OzoneContainer (OzoneContainer.java:stop(257)) - Attempting to stop container services.
2020-12-07 10:48:37,438 [Listener at 127.0.0.1/33429] INFO  impl.RaftServerProxy (RaftServerProxy.java:lambda$close$4(338)) - 25184b17-1fd0-4ce3-ab40-51a23a8535eb: close
2020-12-07 10:48:37,438 [Listener at 127.0.0.1/33429] INFO  impl.RaftServerImpl (RaftServerImpl.java:lambda$shutdown$3(328)) - 25184b17-1fd0-4ce3-ab40-51a23a8535eb@group-91F6C4109AAD: shutdown
2020-12-07 10:48:37,438 [Listener at 127.0.0.1/33429] INFO  util.JmxRegister (JmxRegister.java:unregister(73)) - Successfully un-registered JMX Bean with object name Ratis:service=RaftServer,group=group-91F6C4109AAD,id=25184b17-1fd0-4ce3-ab40-51a23a8535eb
2020-12-07 10:48:37,438 [Listener at 127.0.0.1/33429] INFO  impl.RoleInfo (RoleInfo.java:shutdownLeaderState(104)) - 25184b17-1fd0-4ce3-ab40-51a23a8535eb: shutdown 25184b17-1fd0-4ce3-ab40-51a23a8535eb@group-91F6C4109AAD-LeaderState
2020-12-07 10:48:37,439 [Listener at 127.0.0.1/33429] INFO  metrics.RatisMetrics (RatisMetrics.java:unregister(43)) - Unregistering Metrics Registry : ratis_grpc.log_appender.25184b17-1fd0-4ce3-ab40-51a23a8535eb@group-91F6C4109AAD
2020-12-07 10:48:37,439 [Listener at 127.0.0.1/33429] INFO  metrics.RatisMetrics (RatisMetrics.java:unregister(43)) - Unregistering Metrics Registry : ratis_grpc.log_appender.25184b17-1fd0-4ce3-ab40-51a23a8535eb@group-91F6C4109AAD
2020-12-07 10:48:37,439 [Listener at 127.0.0.1/33429] INFO  impl.PendingRequests (PendingRequests.java:sendNotLeaderResponses(250)) - 25184b17-1fd0-4ce3-ab40-51a23a8535eb@group-91F6C4109AAD-PendingRequests: sendNotLeaderResponses
2020-12-07 10:48:37,439 [Listener at 127.0.0.1/33429] INFO  metrics.RatisMetrics (RatisMetrics.java:unregister(43)) - Unregistering Metrics Registry : ratis.log_appender.25184b17-1fd0-4ce3-ab40-51a23a8535eb@group-91F6C4109AAD
2020-12-07 10:48:37,439 [org.apache.ratis.server.impl.LogAppender$AppenderDaemon$$Lambda$477/424661179@2179da4b] WARN  server.GrpcLogAppender (GrpcLogAppender.java:mayWait(168)) - 25184b17-1fd0-4ce3-ab40-51a23a8535eb@group-91F6C4109AAD->e9cccd38-0623-438e-aabf-1afb1561e1cc-GrpcLogAppender: Wait interrupted by java.lang.InterruptedException
2020-12-07 10:48:37,440 [org.apache.ratis.server.impl.LogAppender$AppenderDaemon$$Lambda$477/424661179@3cb56c0f] WARN  server.GrpcLogAppender (GrpcLogAppender.java:mayWait(168)) - 25184b17-1fd0-4ce3-ab40-51a23a8535eb@group-91F6C4109AAD->9dd88559-92ed-4006-9b1f-fe1c5650edb0-GrpcLogAppender: Wait interrupted by java.lang.InterruptedException
2020-12-07 10:48:37,440 [ForkJoinPool.commonPool-worker-0] INFO  impl.RaftServerProxy (RaftServerProxy.java:lambda$close$4(338)) - 0fa75ab1-6d1c-4858-bfa2-bdb40c45c28d: close
2020-12-07 10:48:37,440 [ForkJoinPool.commonPool-worker-0] INFO  impl.RaftServerImpl (RaftServerImpl.java:lambda$shutdown$3(328)) - 0fa75ab1-6d1c-4858-bfa2-bdb40c45c28d@group-9A51F20A5674: shutdown
2020-12-07 10:48:37,440 [ForkJoinPool.commonPool-worker-0] INFO  util.JmxRegister (JmxRegister.java:unregister(73)) - Successfully un-registered JMX Bean with object name Ratis:service=RaftServer,group=group-9A51F20A5674,id=0fa75ab1-6d1c-4858-bfa2-bdb40c45c28d
2020-12-07 10:48:37,440 [grpc-default-executor-0] INFO  server.GrpcServerProtocolService (GrpcServerProtocolService.java:onCompleted(138)) - e9cccd38-0623-438e-aabf-1afb1561e1cc: Completed APPEND_ENTRIES, lastRequest: 25184b17-1fd0-4ce3-ab40-51a23a8535eb->e9cccd38-0623-438e-aabf-1afb1561e1cc#1-t1, previous=(t:0, i:0), leaderCommit=0, initializing? false, entries: size=1, first=(t:1, i:0), CONFIGURATIONENTRY
2020-12-07 10:48:37,441 [grpc-default-executor-2] INFO  server.GrpcServerProtocolService (GrpcServerProtocolService.java:onCompleted(138)) - 9dd88559-92ed-4006-9b1f-fe1c5650edb0: Completed APPEND_ENTRIES, lastRequest: 25184b17-1fd0-4ce3-ab40-51a23a8535eb->9dd88559-92ed-4006-9b1f-fe1c5650edb0#1-t1, previous=(t:0, i:0), leaderCommit=-1, initializing? false, entries: size=1, first=(t:1, i:0), CONFIGURATIONENTRY
2020-12-07 10:48:37,439 [Listener at 127.0.0.1/33429] INFO  metrics.RatisMetrics (RatisMetrics.java:unregister(43)) - Unregistering Metrics Registry : ratis.server.25184b17-1fd0-4ce3-ab40-51a23a8535eb@group-91F6C4109AAD
2020-12-07 10:48:37,440 [ForkJoinPool.commonPool-worker-0] INFO  impl.RoleInfo (RoleInfo.java:shutdownLeaderState(104)) - 0fa75ab1-6d1c-4858-bfa2-bdb40c45c28d: shutdown 0fa75ab1-6d1c-4858-bfa2-bdb40c45c28d@group-9A51F20A5674-LeaderState
2020-12-07 10:48:37,442 [ForkJoinPool.commonPool-worker-0] INFO  metrics.RatisMetrics (RatisMetrics.java:unregister(43)) - Unregistering Metrics Registry : ratis_grpc.log_appender.0fa75ab1-6d1c-4858-bfa2-bdb40c45c28d@group-9A51F20A5674
2020-12-07 10:48:37,442 [grpc-default-executor-1] INFO  server.GrpcLogAppender (GrpcLogAppender.java:onCompleted(337)) - 25184b17-1fd0-4ce3-ab40-51a23a8535eb@group-91F6C4109AAD->9dd88559-92ed-4006-9b1f-fe1c5650edb0-AppendLogResponseHandler: follower responses appendEntries COMPLETED
2020-12-07 10:48:37,442 [grpc-default-executor-0] INFO  server.GrpcLogAppender (GrpcLogAppender.java:onCompleted(337)) - 25184b17-1fd0-4ce3-ab40-51a23a8535eb@group-91F6C4109AAD->e9cccd38-0623-438e-aabf-1afb1561e1cc-AppendLogResponseHandler: follower responses appendEntries COMPLETED
2020-12-07 10:48:37,443 [org.apache.ratis.server.impl.LogAppender$AppenderDaemon$$Lambda$477/424661179@4e42ce9f] WARN  server.GrpcLogAppender (GrpcLogAppender.java:mayWait(168)) - 0fa75ab1-6d1c-4858-bfa2-bdb40c45c28d@group-9A51F20A5674->786fac63-cb43-495a-b53a-6153a2bfbbd7-GrpcLogAppender: Wait interrupted by java.lang.InterruptedException
2020-12-07 10:48:37,442 [ForkJoinPool.commonPool-worker-0] INFO  metrics.RatisMetrics (RatisMetrics.java:unregister(43)) - Unregistering Metrics Registry : ratis_grpc.log_appender.0fa75ab1-6d1c-4858-bfa2-bdb40c45c28d@group-9A51F20A5674
2020-12-07 10:48:37,442 [grpc-default-executor-1] INFO  impl.FollowerInfo (FollowerInfo.java:lambda$new$0(51)) - 25184b17-1fd0-4ce3-ab40-51a23a8535eb@group-91F6C4109AAD->9dd88559-92ed-4006-9b1f-fe1c5650edb0: nextIndex: updateUnconditionally 1 -> 0
2020-12-07 10:48:37,443 [org.apache.ratis.server.impl.LogAppender$AppenderDaemon$$Lambda$477/424661179@2fa4927f] WARN  server.GrpcLogAppender (GrpcLogAppender.java:mayWait(168)) - 0fa75ab1-6d1c-4858-bfa2-bdb40c45c28d@group-9A51F20A5674->c8599c9e-d3dc-4d93-b189-78c24227363c-GrpcLogAppender: Wait interrupted by java.lang.InterruptedException
2020-12-07 10:48:37,443 [ForkJoinPool.commonPool-worker-0] INFO  impl.PendingRequests (PendingRequests.java:sendNotLeaderResponses(250)) - 0fa75ab1-6d1c-4858-bfa2-bdb40c45c28d@group-9A51F20A5674-PendingRequests: sendNotLeaderResponses
2020-12-07 10:48:37,444 [25184b17-1fd0-4ce3-ab40-51a23a8535eb@group-91F6C4109AAD-StateMachineUpdater] INFO  ratis.ContainerStateMachine (ContainerStateMachine.java:takeSnapshot(293)) - group-91F6C4109AAD: Taking a snapshot at:(t:1, i:0) file /github/workspace/mnt/ozone/hadoop-ozone/integration-test/target/test-dir/MiniOzoneClusterImpl-63b0f1bc-721b-4e89-a01a-54c1f1559151/datanode-4/data/ratis/fab2665a-be55-437c-913c-91f6c4109aad/sm/snapshot.1_0
2020-12-07 10:48:37,444 [Listener at 127.0.0.1/33429] INFO  impl.StateMachineUpdater (StateMachineUpdater.java:stopAndJoin(147)) - 25184b17-1fd0-4ce3-ab40-51a23a8535eb@group-91F6C4109AAD-StateMachineUpdater: set stopIndex = 0
2020-12-07 10:48:37,443 [grpc-default-executor-0] INFO  impl.FollowerInfo (FollowerInfo.java:lambda$new$0(51)) - 25184b17-1fd0-4ce3-ab40-51a23a8535eb@group-91F6C4109AAD->e9cccd38-0623-438e-aabf-1afb1561e1cc: nextIndex: updateUnconditionally 1 -> 0
2020-12-07 10:48:37,444 [grpc-default-executor-1] INFO  server.GrpcServerProtocolService (GrpcServerProtocolService.java:onCompleted(138)) - c8599c9e-d3dc-4d93-b189-78c24227363c: Completed APPEND_ENTRIES, lastRequest: 0fa75ab1-6d1c-4858-bfa2-bdb40c45c28d->c8599c9e-d3dc-4d93-b189-78c24227363c#1-t1, previous=(t:0, i:0), leaderCommit=0, initializing? false, entries: size=1, first=(t:1, i:0), CONFIGURATIONENTRY
2020-12-07 10:48:37,446 [grpc-default-executor-2] INFO  server.GrpcServerProtocolService (GrpcServerProtocolService.java:onCompleted(138)) - 786fac63-cb43-495a-b53a-6153a2bfbbd7: Completed APPEND_ENTRIES, lastRequest: 0fa75ab1-6d1c-4858-bfa2-bdb40c45c28d->786fac63-cb43-495a-b53a-6153a2bfbbd7#1-t1, previous=(t:0, i:0), leaderCommit=0, initializing? false, entries: size=1, first=(t:1, i:0), CONFIGURATIONENTRY
2020-12-07 10:48:37,446 [25184b17-1fd0-4ce3-ab40-51a23a8535eb@group-91F6C4109AAD-StateMachineUpdater] INFO  ratis.ContainerStateMachine (ContainerStateMachine.java:takeSnapshot(304)) - group-91F6C4109AAD: Finished taking a snapshot at:(t:1, i:0) file:/github/workspace/mnt/ozone/hadoop-ozone/integration-test/target/test-dir/MiniOzoneClusterImpl-63b0f1bc-721b-4e89-a01a-54c1f1559151/datanode-4/data/ratis/fab2665a-be55-437c-913c-91f6c4109aad/sm/snapshot.1_0 time:3
2020-12-07 10:48:37,447 [25184b17-1fd0-4ce3-ab40-51a23a8535eb@group-91F6C4109AAD-StateMachineUpdater] INFO  impl.StateMachineUpdater (StateMachineUpdater.java:takeSnapshot(278)) - 25184b17-1fd0-4ce3-ab40-51a23a8535eb@group-91F6C4109AAD-StateMachineUpdater: Took a snapshot at index 0
2020-12-07 10:48:37,447 [25184b17-1fd0-4ce3-ab40-51a23a8535eb@group-91F6C4109AAD-StateMachineUpdater] INFO  impl.StateMachineUpdater (StateMachineUpdater.java:lambda$new$0(87)) - 25184b17-1fd0-4ce3-ab40-51a23a8535eb@group-91F6C4109AAD-StateMachineUpdater: snapshotIndex: updateIncreasingly -1 -> 0
2020-12-07 10:48:37,444 [ForkJoinPool.commonPool-worker-0] INFO  metrics.RatisMetrics (RatisMetrics.java:unregister(43)) - Unregistering Metrics Registry : ratis.log_appender.0fa75ab1-6d1c-4858-bfa2-bdb40c45c28d@group-9A51F20A5674
2020-12-07 10:48:37,448 [ForkJoinPool.commonPool-worker-0] INFO  metrics.RatisMetrics (RatisMetrics.java:unregister(43)) - Unregistering Metrics Registry : ratis.server.0fa75ab1-6d1c-4858-bfa2-bdb40c45c28d@group-9A51F20A5674
2020-12-07 10:48:37,448 [ForkJoinPool.commonPool-worker-0] INFO  impl.StateMachineUpdater (StateMachineUpdater.java:stopAndJoin(147)) - 0fa75ab1-6d1c-4858-bfa2-bdb40c45c28d@group-9A51F20A5674-StateMachineUpdater: set stopIndex = 0
2020-12-07 10:48:37,448 [0fa75ab1-6d1c-4858-bfa2-bdb40c45c28d@group-9A51F20A5674-StateMachineUpdater] INFO  ratis.ContainerStateMachine (ContainerStateMachine.java:takeSnapshot(293)) - group-9A51F20A5674: Taking a snapshot at:(t:1, i:0) file /github/workspace/mnt/ozone/hadoop-ozone/integration-test/target/test-dir/MiniOzoneClusterImpl-63b0f1bc-721b-4e89-a01a-54c1f1559151/datanode-1/data/ratis/2ccd2da7-92ab-4207-8952-9a51f20a5674/sm/snapshot.1_0
2020-12-07 10:48:37,449 [25184b17-1fd0-4ce3-ab40-51a23a8535eb@group-91F6C4109AAD-StateMachineUpdater] INFO  metrics.RatisMetrics (RatisMetrics.java:unregister(43)) - Unregistering Metrics Registry : ratis.state_machine.25184b17-1fd0-4ce3-ab40-51a23a8535eb@group-91F6C4109AAD
2020-12-07 10:48:37,449 [grpc-default-executor-1] INFO  server.GrpcLogAppender (GrpcLogAppender.java:onCompleted(337)) - 0fa75ab1-6d1c-4858-bfa2-bdb40c45c28d@group-9A51F20A5674->786fac63-cb43-495a-b53a-6153a2bfbbd7-AppendLogResponseHandler: follower responses appendEntries COMPLETED
2020-12-07 10:48:37,449 [grpc-default-executor-0] INFO  server.GrpcLogAppender (GrpcLogAppender.java:onCompleted(337)) - 0fa75ab1-6d1c-4858-bfa2-bdb40c45c28d@group-9A51F20A5674->c8599c9e-d3dc-4d93-b189-78c24227363c-AppendLogResponseHandler: follower responses appendEntries COMPLETED
2020-12-07 10:48:37,449 [grpc-default-executor-1] INFO  impl.FollowerInfo (FollowerInfo.java:lambda$new$0(51)) - 0fa75ab1-6d1c-4858-bfa2-bdb40c45c28d@group-9A51F20A5674->786fac63-cb43-495a-b53a-6153a2bfbbd7: nextIndex: updateUnconditionally 1 -> 0
2020-12-07 10:48:37,449 [0fa75ab1-6d1c-4858-bfa2-bdb40c45c28d@group-9A51F20A5674-StateMachineUpdater] INFO  ratis.ContainerStateMachine (ContainerStateMachine.java:takeSnapshot(304)) - group-9A51F20A5674: Finished taking a snapshot at:(t:1, i:0) file:/github/workspace/mnt/ozone/hadoop-ozone/integration-test/target/test-dir/MiniOzoneClusterImpl-63b0f1bc-721b-4e89-a01a-54c1f1559151/datanode-1/data/ratis/2ccd2da7-92ab-4207-8952-9a51f20a5674/sm/snapshot.1_0 time:1
2020-12-07 10:48:37,450 [0fa75ab1-6d1c-4858-bfa2-bdb40c45c28d@group-9A51F20A5674-StateMachineUpdater] INFO  impl.StateMachineUpdater (StateMachineUpdater.java:takeSnapshot(278)) - 0fa75ab1-6d1c-4858-bfa2-bdb40c45c28d@group-9A51F20A5674-StateMachineUpdater: Took a snapshot at index 0
2020-12-07 10:48:37,450 [0fa75ab1-6d1c-4858-bfa2-bdb40c45c28d@group-9A51F20A5674-StateMachineUpdater] INFO  impl.StateMachineUpdater (StateMachineUpdater.java:lambda$new$0(87)) - 0fa75ab1-6d1c-4858-bfa2-bdb40c45c28d@group-9A51F20A5674-StateMachineUpdater: snapshotIndex: updateIncreasingly -1 -> 0
2020-12-07 10:48:37,449 [grpc-default-executor-0] INFO  impl.FollowerInfo (FollowerInfo.java:lambda$new$0(51)) - 0fa75ab1-6d1c-4858-bfa2-bdb40c45c28d@group-9A51F20A5674->c8599c9e-d3dc-4d93-b189-78c24227363c: nextIndex: updateUnconditionally 1 -> 0
2020-12-07 10:48:37,449 [Listener at 127.0.0.1/33429] INFO  impl.RaftServerImpl (ServerState.java:close(406)) - 25184b17-1fd0-4ce3-ab40-51a23a8535eb@group-91F6C4109AAD: closes. applyIndex: 0
2020-12-07 10:48:37,450 [25184b17-1fd0-4ce3-ab40-51a23a8535eb@group-91F6C4109AAD-SegmentedRaftLogWorker] INFO  segmented.SegmentedRaftLogWorker (SegmentedRaftLogWorker.java:run(329)) - 25184b17-1fd0-4ce3-ab40-51a23a8535eb@group-91F6C4109AAD-SegmentedRaftLogWorker was interrupted, exiting. There are 0 tasks remaining in the queue.
2020-12-07 10:48:37,450 [0fa75ab1-6d1c-4858-bfa2-bdb40c45c28d@group-9A51F20A5674-StateMachineUpdater] INFO  metrics.RatisMetrics (RatisMetrics.java:unregister(43)) - Unregistering Metrics Registry : ratis.state_machine.0fa75ab1-6d1c-4858-bfa2-bdb40c45c28d@group-9A51F20A5674
2020-12-07 10:48:37,451 [Listener at 127.0.0.1/33429] INFO  segmented.SegmentedRaftLogWorker (SegmentedRaftLogWorker.java:close(235)) - 25184b17-1fd0-4ce3-ab40-51a23a8535eb@group-91F6C4109AAD-SegmentedRaftLogWorker close()
2020-12-07 10:48:37,452 [Listener at 127.0.0.1/33429] INFO  metrics.RatisMetrics (RatisMetrics.java:unregister(43)) - Unregistering Metrics Registry : ratis.log_worker.25184b17-1fd0-4ce3-ab40-51a23a8535eb@group-91F6C4109AAD
2020-12-07 10:48:37,452 [Listener at 127.0.0.1/33429] INFO  metrics.RatisMetrics (RatisMetrics.java:unregister(43)) - Unregistering Metrics Registry : ratis.leader_election.25184b17-1fd0-4ce3-ab40-51a23a8535eb@group-91F6C4109AAD
2020-12-07 10:48:37,452 [Listener at 127.0.0.1/33429] INFO  metrics.RatisMetrics (RatisMetrics.java:unregister(43)) - Unregistering Metrics Registry : ratis.server.25184b17-1fd0-4ce3-ab40-51a23a8535eb@group-91F6C4109AAD
2020-12-07 10:48:37,452 [Listener at 127.0.0.1/33429] INFO  impl.RaftServerImpl (RaftServerImpl.java:lambda$shutdown$3(328)) - 25184b17-1fd0-4ce3-ab40-51a23a8535eb@group-BCB1084DFE7B: shutdown
2020-12-07 10:48:37,452 [Listener at 127.0.0.1/33429] INFO  util.JmxRegister (JmxRegister.java:unregister(73)) - Successfully un-registered JMX Bean with object name Ratis:service=RaftServer,group=group-BCB1084DFE7B,id=25184b17-1fd0-4ce3-ab40-51a23a8535eb
2020-12-07 10:48:37,452 [Listener at 127.0.0.1/33429] INFO  impl.RoleInfo (RoleInfo.java:shutdownLeaderState(104)) - 25184b17-1fd0-4ce3-ab40-51a23a8535eb: shutdown 25184b17-1fd0-4ce3-ab40-51a23a8535eb@group-BCB1084DFE7B-LeaderState
2020-12-07 10:48:37,452 [Listener at 127.0.0.1/33429] INFO  impl.PendingRequests (PendingRequests.java:sendNotLeaderResponses(250)) - 25184b17-1fd0-4ce3-ab40-51a23a8535eb@group-BCB1084DFE7B-PendingRequests: sendNotLeaderResponses
2020-12-07 10:48:37,453 [Listener at 127.0.0.1/33429] INFO  metrics.RatisMetrics (RatisMetrics.java:unregister(43)) - Unregistering Metrics Registry : ratis.log_appender.25184b17-1fd0-4ce3-ab40-51a23a8535eb@group-BCB1084DFE7B
2020-12-07 10:48:37,453 [Listener at 127.0.0.1/33429] INFO  metrics.RatisMetrics (RatisMetrics.java:unregister(43)) - Unregistering Metrics Registry : ratis.server.25184b17-1fd0-4ce3-ab40-51a23a8535eb@group-BCB1084DFE7B
2020-12-07 10:48:37,454 [25184b17-1fd0-4ce3-ab40-51a23a8535eb@group-BCB1084DFE7B-StateMachineUpdater] INFO  ratis.ContainerStateMachine (ContainerStateMachine.java:takeSnapshot(293)) - group-BCB1084DFE7B: Taking a snapshot at:(t:1, i:0) file /github/workspace/mnt/ozone/hadoop-ozone/integration-test/target/test-dir/MiniOzoneClusterImpl-63b0f1bc-721b-4e89-a01a-54c1f1559151/datanode-4/data/ratis/750ae1b4-f4c2-49dc-bcca-bcb1084dfe7b/sm/snapshot.1_0
2020-12-07 10:48:37,454 [Listener at 127.0.0.1/33429] INFO  impl.StateMachineUpdater (StateMachineUpdater.java:stopAndJoin(147)) - 25184b17-1fd0-4ce3-ab40-51a23a8535eb@group-BCB1084DFE7B-StateMachineUpdater: set stopIndex = 0
2020-12-07 10:48:37,452 [ForkJoinPool.commonPool-worker-0] INFO  impl.RaftServerImpl (ServerState.java:close(406)) - 0fa75ab1-6d1c-4858-bfa2-bdb40c45c28d@group-9A51F20A5674: closes. applyIndex: 0
2020-12-07 10:48:37,454 [0fa75ab1-6d1c-4858-bfa2-bdb40c45c28d@group-9A51F20A5674-SegmentedRaftLogWorker] INFO  segmented.SegmentedRaftLogWorker (SegmentedRaftLogWorker.java:run(329)) - 0fa75ab1-6d1c-4858-bfa2-bdb40c45c28d@group-9A51F20A5674-SegmentedRaftLogWorker was interrupted, exiting. There are 0 tasks remaining in the queue.
2020-12-07 10:48:37,455 [ForkJoinPool.commonPool-worker-0] INFO  segmented.SegmentedRaftLogWorker (SegmentedRaftLogWorker.java:close(235)) - 0fa75ab1-6d1c-4858-bfa2-bdb40c45c28d@group-9A51F20A5674-SegmentedRaftLogWorker close()
2020-12-07 10:48:37,455 [25184b17-1fd0-4ce3-ab40-51a23a8535eb@group-BCB1084DFE7B-StateMachineUpdater] INFO  ratis.ContainerStateMachine (ContainerStateMachine.java:takeSnapshot(304)) - group-BCB1084DFE7B: Finished taking a snapshot at:(t:1, i:0) file:/github/workspace/mnt/ozone/hadoop-ozone/integration-test/target/test-dir/MiniOzoneClusterImpl-63b0f1bc-721b-4e89-a01a-54c1f1559151/datanode-4/data/ratis/750ae1b4-f4c2-49dc-bcca-bcb1084dfe7b/sm/snapshot.1_0 time:1
2020-12-07 10:48:37,456 [ForkJoinPool.commonPool-worker-0] INFO  metrics.RatisMetrics (RatisMetrics.java:unregister(43)) - Unregistering Metrics Registry : ratis.log_worker.0fa75ab1-6d1c-4858-bfa2-bdb40c45c28d@group-9A51F20A5674
2020-12-07 10:48:37,456 [25184b17-1fd0-4ce3-ab40-51a23a8535eb@group-BCB1084DFE7B-StateMachineUpdater] INFO  impl.StateMachineUpdater (StateMachineUpdater.java:takeSnapshot(278)) - 25184b17-1fd0-4ce3-ab40-51a23a8535eb@group-BCB1084DFE7B-StateMachineUpdater: Took a snapshot at index 0
2020-12-07 10:48:37,456 [25184b17-1fd0-4ce3-ab40-51a23a8535eb@group-BCB1084DFE7B-StateMachineUpdater] INFO  impl.StateMachineUpdater (StateMachineUpdater.java:lambda$new$0(87)) - 25184b17-1fd0-4ce3-ab40-51a23a8535eb@group-BCB1084DFE7B-StateMachineUpdater: snapshotIndex: updateIncreasingly -1 -> 0
2020-12-07 10:48:37,456 [ForkJoinPool.commonPool-worker-0] INFO  metrics.RatisMetrics (RatisMetrics.java:unregister(43)) - Unregistering Metrics Registry : ratis.leader_election.0fa75ab1-6d1c-4858-bfa2-bdb40c45c28d@group-9A51F20A5674
2020-12-07 10:48:37,457 [25184b17-1fd0-4ce3-ab40-51a23a8535eb@group-BCB1084DFE7B-StateMachineUpdater] INFO  metrics.RatisMetrics (RatisMetrics.java:unregister(43)) - Unregistering Metrics Registry : ratis.state_machine.25184b17-1fd0-4ce3-ab40-51a23a8535eb@group-BCB1084DFE7B
2020-12-07 10:48:37,457 [ForkJoinPool.commonPool-worker-0] INFO  metrics.RatisMetrics (RatisMetrics.java:unregister(43)) - Unregistering Metrics Registry : ratis.server.0fa75ab1-6d1c-4858-bfa2-bdb40c45c28d@group-9A51F20A5674
2020-12-07 10:48:37,457 [Listener at 127.0.0.1/33429] INFO  impl.RaftServerImpl (ServerState.java:close(406)) - 25184b17-1fd0-4ce3-ab40-51a23a8535eb@group-BCB1084DFE7B: closes. applyIndex: 0
2020-12-07 10:48:37,457 [25184b17-1fd0-4ce3-ab40-51a23a8535eb@group-BCB1084DFE7B-SegmentedRaftLogWorker] INFO  segmented.SegmentedRaftLogWorker (SegmentedRaftLogWorker.java:run(329)) - 25184b17-1fd0-4ce3-ab40-51a23a8535eb@group-BCB1084DFE7B-SegmentedRaftLogWorker was interrupted, exiting. There are 0 tasks remaining in the queue.
2020-12-07 10:48:37,457 [ForkJoinPool.commonPool-worker-0] INFO  impl.RaftServerImpl (RaftServerImpl.java:lambda$shutdown$3(328)) - 0fa75ab1-6d1c-4858-bfa2-bdb40c45c28d@group-A193149BD2F2: shutdown
2020-12-07 10:48:37,461 [ForkJoinPool.commonPool-worker-0] INFO  util.JmxRegister (JmxRegister.java:unregister(73)) - Successfully un-registered JMX Bean with object name Ratis:service=RaftServer,group=group-A193149BD2F2,id=0fa75ab1-6d1c-4858-bfa2-bdb40c45c28d
2020-12-07 10:48:37,461 [ForkJoinPool.commonPool-worker-0] INFO  impl.RoleInfo (RoleInfo.java:shutdownLeaderState(104)) - 0fa75ab1-6d1c-4858-bfa2-bdb40c45c28d: shutdown 0fa75ab1-6d1c-4858-bfa2-bdb40c45c28d@group-A193149BD2F2-LeaderState
2020-12-07 10:48:37,461 [ForkJoinPool.commonPool-worker-0] INFO  impl.PendingRequests (PendingRequests.java:sendNotLeaderResponses(250)) - 0fa75ab1-6d1c-4858-bfa2-bdb40c45c28d@group-A193149BD2F2-PendingRequests: sendNotLeaderResponses
2020-12-07 10:48:37,461 [ForkJoinPool.commonPool-worker-0] INFO  metrics.RatisMetrics (RatisMetrics.java:unregister(43)) - Unregistering Metrics Registry : ratis.log_appender.0fa75ab1-6d1c-4858-bfa2-bdb40c45c28d@group-A193149BD2F2
2020-12-07 10:48:37,461 [ForkJoinPool.commonPool-worker-0] INFO  metrics.RatisMetrics (RatisMetrics.java:unregister(43)) - Unregistering Metrics Registry : ratis.server.0fa75ab1-6d1c-4858-bfa2-bdb40c45c28d@group-A193149BD2F2
2020-12-07 10:48:37,458 [Listener at 127.0.0.1/33429] INFO  segmented.SegmentedRaftLogWorker (SegmentedRaftLogWorker.java:close(235)) - 25184b17-1fd0-4ce3-ab40-51a23a8535eb@group-BCB1084DFE7B-SegmentedRaftLogWorker close()
2020-12-07 10:48:37,465 [Listener at 127.0.0.1/33429] INFO  metrics.RatisMetrics (RatisMetrics.java:unregister(43)) - Unregistering Metrics Registry : ratis.log_worker.25184b17-1fd0-4ce3-ab40-51a23a8535eb@group-BCB1084DFE7B
2020-12-07 10:48:37,466 [Listener at 127.0.0.1/33429] INFO  metrics.RatisMetrics (RatisMetrics.java:unregister(43)) - Unregistering Metrics Registry : ratis.leader_election.25184b17-1fd0-4ce3-ab40-51a23a8535eb@group-BCB1084DFE7B
2020-12-07 10:48:37,466 [Listener at 127.0.0.1/33429] INFO  metrics.RatisMetrics (RatisMetrics.java:unregister(43)) - Unregistering Metrics Registry : ratis.server.25184b17-1fd0-4ce3-ab40-51a23a8535eb@group-BCB1084DFE7B
2020-12-07 10:48:37,466 [Listener at 127.0.0.1/33429] INFO  server.GrpcService (GrpcService.java:closeImpl(184)) - 25184b17-1fd0-4ce3-ab40-51a23a8535eb: shutdown server with port 39065 now
2020-12-07 10:48:37,466 [ForkJoinPool.commonPool-worker-0] INFO  impl.StateMachineUpdater (StateMachineUpdater.java:stopAndJoin(147)) - 0fa75ab1-6d1c-4858-bfa2-bdb40c45c28d@group-A193149BD2F2-StateMachineUpdater: set stopIndex = 0
2020-12-07 10:48:37,467 [0fa75ab1-6d1c-4858-bfa2-bdb40c45c28d@group-A193149BD2F2-StateMachineUpdater] INFO  ratis.ContainerStateMachine (ContainerStateMachine.java:takeSnapshot(293)) - group-A193149BD2F2: Taking a snapshot at:(t:1, i:0) file /github/workspace/mnt/ozone/hadoop-ozone/integration-test/target/test-dir/MiniOzoneClusterImpl-63b0f1bc-721b-4e89-a01a-54c1f1559151/datanode-1/data/ratis/efdc9b82-0eaf-46de-8379-a193149bd2f2/sm/snapshot.1_0
2020-12-07 10:48:37,469 [0fa75ab1-6d1c-4858-bfa2-bdb40c45c28d@group-A193149BD2F2-StateMachineUpdater] INFO  ratis.ContainerStateMachine (ContainerStateMachine.java:takeSnapshot(304)) - group-A193149BD2F2: Finished taking a snapshot at:(t:1, i:0) file:/github/workspace/mnt/ozone/hadoop-ozone/integration-test/target/test-dir/MiniOzoneClusterImpl-63b0f1bc-721b-4e89-a01a-54c1f1559151/datanode-1/data/ratis/efdc9b82-0eaf-46de-8379-a193149bd2f2/sm/snapshot.1_0 time:1
2020-12-07 10:48:37,469 [Listener at 127.0.0.1/33429] INFO  server.GrpcService (GrpcService.java:closeImpl(193)) - 25184b17-1fd0-4ce3-ab40-51a23a8535eb: shutdown server with port 39065 successfully
2020-12-07 10:48:37,473 [0fa75ab1-6d1c-4858-bfa2-bdb40c45c28d@group-A193149BD2F2-StateMachineUpdater] INFO  impl.StateMachineUpdater (StateMachineUpdater.java:takeSnapshot(278)) - 0fa75ab1-6d1c-4858-bfa2-bdb40c45c28d@group-A193149BD2F2-StateMachineUpdater: Took a snapshot at index 0
2020-12-07 10:48:37,474 [0fa75ab1-6d1c-4858-bfa2-bdb40c45c28d@group-A193149BD2F2-StateMachineUpdater] INFO  impl.StateMachineUpdater (StateMachineUpdater.java:lambda$new$0(87)) - 0fa75ab1-6d1c-4858-bfa2-bdb40c45c28d@group-A193149BD2F2-StateMachineUpdater: snapshotIndex: updateIncreasingly -1 -> 0
2020-12-07 10:48:37,474 [0fa75ab1-6d1c-4858-bfa2-bdb40c45c28d@group-A193149BD2F2-StateMachineUpdater] INFO  metrics.RatisMetrics (RatisMetrics.java:unregister(43)) - Unregistering Metrics Registry : ratis.state_machine.0fa75ab1-6d1c-4858-bfa2-bdb40c45c28d@group-A193149BD2F2
2020-12-07 10:48:37,475 [ForkJoinPool.commonPool-worker-0] INFO  impl.RaftServerImpl (ServerState.java:close(406)) - 0fa75ab1-6d1c-4858-bfa2-bdb40c45c28d@group-A193149BD2F2: closes. applyIndex: 0
2020-12-07 10:48:37,476 [0fa75ab1-6d1c-4858-bfa2-bdb40c45c28d@group-A193149BD2F2-SegmentedRaftLogWorker] INFO  segmented.SegmentedRaftLogWorker (SegmentedRaftLogWorker.java:run(329)) - 0fa75ab1-6d1c-4858-bfa2-bdb40c45c28d@group-A193149BD2F2-SegmentedRaftLogWorker was interrupted, exiting. There are 0 tasks remaining in the queue.
2020-12-07 10:48:37,477 [Listener at 127.0.0.1/33429] INFO  utils.BackgroundService (BackgroundService.java:shutdown(132)) - Shutting down service BlockDeletingService
2020-12-07 10:48:37,478 [ForkJoinPool.commonPool-worker-0] INFO  segmented.SegmentedRaftLogWorker (SegmentedRaftLogWorker.java:close(235)) - 0fa75ab1-6d1c-4858-bfa2-bdb40c45c28d@group-A193149BD2F2-SegmentedRaftLogWorker close()
2020-12-07 10:48:37,479 [ForkJoinPool.commonPool-worker-0] INFO  metrics.RatisMetrics (RatisMetrics.java:unregister(43)) - Unregistering Metrics Registry : ratis.log_worker.0fa75ab1-6d1c-4858-bfa2-bdb40c45c28d@group-A193149BD2F2
2020-12-07 10:48:37,479 [ForkJoinPool.commonPool-worker-0] INFO  metrics.RatisMetrics (RatisMetrics.java:unregister(43)) - Unregistering Metrics Registry : ratis.leader_election.0fa75ab1-6d1c-4858-bfa2-bdb40c45c28d@group-A193149BD2F2
2020-12-07 10:48:37,479 [ForkJoinPool.commonPool-worker-0] INFO  metrics.RatisMetrics (RatisMetrics.java:unregister(43)) - Unregistering Metrics Registry : ratis.server.0fa75ab1-6d1c-4858-bfa2-bdb40c45c28d@group-A193149BD2F2
2020-12-07 10:48:37,479 [ForkJoinPool.commonPool-worker-0] INFO  server.GrpcService (GrpcService.java:closeImpl(184)) - 0fa75ab1-6d1c-4858-bfa2-bdb40c45c28d: shutdown server with port 38457 now
2020-12-07 10:48:37,483 [Listener at 127.0.0.1/33429] INFO  statemachine.DatanodeStateMachine (DatanodeStateMachine.java:stopDaemon(461)) - Ozone container server stopped.
2020-12-07 10:48:37,484 [ForkJoinPool.commonPool-worker-0] INFO  server.GrpcService (GrpcService.java:closeImpl(193)) - 0fa75ab1-6d1c-4858-bfa2-bdb40c45c28d: shutdown server with port 38457 successfully
2020-12-07 10:48:37,487 [ForkJoinPool.commonPool-worker-0] INFO  utils.BackgroundService (BackgroundService.java:shutdown(132)) - Shutting down service BlockDeletingService
2020-12-07 10:48:37,490 [ForkJoinPool.commonPool-worker-0] INFO  statemachine.DatanodeStateMachine (DatanodeStateMachine.java:stopDaemon(461)) - Ozone container server stopped.
2020-12-07 10:48:37,497 [Listener at 127.0.0.1/33429] INFO  handler.ContextHandler (ContextHandler.java:doStop(1154)) - Stopped o.e.j.w.WebAppContext@617ac3fa{hddsDatanode,/,null,STOPPED}{jar:file:/home/user/.m2/repository/org/apache/hadoop/hadoop-hdds-container-service/1.1.0-SNAPSHOT/hadoop-hdds-container-service-1.1.0-SNAPSHOT.jar!/webapps/hddsDatanode}
2020-12-07 10:48:37,502 [ForkJoinPool.commonPool-worker-0] INFO  handler.ContextHandler (ContextHandler.java:doStop(1154)) - Stopped o.e.j.w.WebAppContext@202cd48c{hddsDatanode,/,null,STOPPED}{jar:file:/home/user/.m2/repository/org/apache/hadoop/hadoop-hdds-container-service/1.1.0-SNAPSHOT/hadoop-hdds-container-service-1.1.0-SNAPSHOT.jar!/webapps/hddsDatanode}
2020-12-07 10:48:37,502 [Listener at 127.0.0.1/33429] INFO  server.AbstractConnector (AbstractConnector.java:doStop(381)) - Stopped ServerConnector@5817706b{HTTP/1.1, (http/1.1)}{0.0.0.0:0}
2020-12-07 10:48:37,502 [ForkJoinPool.commonPool-worker-0] INFO  server.AbstractConnector (AbstractConnector.java:doStop(381)) - Stopped ServerConnector@2cc601fd{HTTP/1.1, (http/1.1)}{0.0.0.0:0}
2020-12-07 10:48:37,502 [Listener at 127.0.0.1/33429] INFO  server.session (HouseKeeper.java:stopScavenging(149)) - node0 Stopped scavenging
2020-12-07 10:48:37,503 [ForkJoinPool.commonPool-worker-0] INFO  server.session (HouseKeeper.java:stopScavenging(149)) - node0 Stopped scavenging
2020-12-07 10:48:37,503 [Listener at 127.0.0.1/33429] INFO  handler.ContextHandler (ContextHandler.java:doStop(1154)) - Stopped o.e.j.s.ServletContextHandler@4eed0861{static,/static,jar:file:/home/user/.m2/repository/org/apache/hadoop/hadoop-hdds-container-service/1.1.0-SNAPSHOT/hadoop-hdds-container-service-1.1.0-SNAPSHOT.jar!/webapps/static,STOPPED}
2020-12-07 10:48:37,504 [ForkJoinPool.commonPool-worker-0] INFO  handler.ContextHandler (ContextHandler.java:doStop(1154)) - Stopped o.e.j.s.ServletContextHandler@c38a5c3{static,/static,jar:file:/home/user/.m2/repository/org/apache/hadoop/hadoop-hdds-container-service/1.1.0-SNAPSHOT/hadoop-hdds-container-service-1.1.0-SNAPSHOT.jar!/webapps/static,STOPPED}
2020-12-07 10:48:37,504 [Listener at 127.0.0.1/33429] INFO  handler.ContextHandler (ContextHandler.java:doStop(1154)) - Stopped o.e.j.s.ServletContextHandler@7d0a9f95{logs,/logs,file:///github/workspace/mnt/ozone/hadoop-ozone/integration-test/target/log,STOPPED}
2020-12-07 10:48:37,504 [ForkJoinPool.commonPool-worker-0] INFO  handler.ContextHandler (ContextHandler.java:doStop(1154)) - Stopped o.e.j.s.ServletContextHandler@31cb0d87{logs,/logs,file:///github/workspace/mnt/ozone/hadoop-ozone/integration-test/target/log,STOPPED}
2020-12-07 10:48:38,043 [Datanode State Machine Thread - 0] INFO  statemachine.DatanodeStateMachine (DatanodeStateMachine.java:lambda$startDaemon$0(408)) - Ozone container server started.
2020-12-07 10:48:38,387 [Datanode State Machine Thread - 0] INFO  statemachine.DatanodeStateMachine (DatanodeStateMachine.java:lambda$startDaemon$0(408)) - Ozone container server started.
2020-12-07 10:48:41,630 [Thread-632] INFO  impl.FollowerState (FollowerState.java:run(128)) - c8599c9e-d3dc-4d93-b189-78c24227363c@group-9A51F20A5674-FollowerState: change to CANDIDATE, lastRpcTime:5143ms, electionTimeout:5066ms
2020-12-07 10:48:41,630 [Thread-632] INFO  impl.RoleInfo (RoleInfo.java:shutdownFollowerState(121)) - c8599c9e-d3dc-4d93-b189-78c24227363c: shutdown c8599c9e-d3dc-4d93-b189-78c24227363c@group-9A51F20A5674-FollowerState
2020-12-07 10:48:41,630 [Thread-632] INFO  impl.RaftServerImpl (RaftServerImpl.java:setRole(204)) - c8599c9e-d3dc-4d93-b189-78c24227363c@group-9A51F20A5674: changes role from  FOLLOWER to CANDIDATE at term 1 for changeToCandidate
2020-12-07 10:48:41,630 [Thread-632] INFO  impl.RoleInfo (RoleInfo.java:updateAndGet(143)) - c8599c9e-d3dc-4d93-b189-78c24227363c: start c8599c9e-d3dc-4d93-b189-78c24227363c@group-9A51F20A5674-LeaderElection22
2020-12-07 10:48:41,634 [c8599c9e-d3dc-4d93-b189-78c24227363c@group-9A51F20A5674-LeaderElection22] INFO  impl.RaftServerImpl (ServerState.java:setLeader(256)) - c8599c9e-d3dc-4d93-b189-78c24227363c@group-9A51F20A5674: change Leader from 0fa75ab1-6d1c-4858-bfa2-bdb40c45c28d to null at term 1 for initElection
2020-12-07 10:48:41,740 [Thread-631] INFO  impl.FollowerState (FollowerState.java:run(128)) - 786fac63-cb43-495a-b53a-6153a2bfbbd7@group-9A51F20A5674-FollowerState: change to CANDIDATE, lastRpcTime:5255ms, electionTimeout:5075ms
2020-12-07 10:48:41,740 [Thread-631] INFO  impl.RoleInfo (RoleInfo.java:shutdownFollowerState(121)) - 786fac63-cb43-495a-b53a-6153a2bfbbd7: shutdown 786fac63-cb43-495a-b53a-6153a2bfbbd7@group-9A51F20A5674-FollowerState
2020-12-07 10:48:41,740 [Thread-631] INFO  impl.RaftServerImpl (RaftServerImpl.java:setRole(204)) - 786fac63-cb43-495a-b53a-6153a2bfbbd7@group-9A51F20A5674: changes role from  FOLLOWER to CANDIDATE at term 1 for changeToCandidate
2020-12-07 10:48:41,740 [Thread-631] INFO  impl.RoleInfo (RoleInfo.java:updateAndGet(143)) - 786fac63-cb43-495a-b53a-6153a2bfbbd7: start 786fac63-cb43-495a-b53a-6153a2bfbbd7@group-9A51F20A5674-LeaderElection23
2020-12-07 10:48:41,741 [786fac63-cb43-495a-b53a-6153a2bfbbd7@group-9A51F20A5674-LeaderElection23] INFO  impl.RaftServerImpl (ServerState.java:setLeader(256)) - 786fac63-cb43-495a-b53a-6153a2bfbbd7@group-9A51F20A5674: change Leader from 0fa75ab1-6d1c-4858-bfa2-bdb40c45c28d to null at term 1 for initElection
2020-12-07 10:48:41,853 [786fac63-cb43-495a-b53a-6153a2bfbbd7@group-9A51F20A5674-LeaderElection23] INFO  impl.LeaderElection (LeaderElection.java:askForVotes(215)) - 786fac63-cb43-495a-b53a-6153a2bfbbd7@group-9A51F20A5674-LeaderElection23: begin an election at term 2 for 0: [786fac63-cb43-495a-b53a-6153a2bfbbd7|rpc:172.17.0.2:37619|dataStream:, 0fa75ab1-6d1c-4858-bfa2-bdb40c45c28d|rpc:172.17.0.2:38457|dataStream:, c8599c9e-d3dc-4d93-b189-78c24227363c|rpc:172.17.0.2:44593|dataStream:], old=null
2020-12-07 10:48:41,853 [c8599c9e-d3dc-4d93-b189-78c24227363c@group-9A51F20A5674-LeaderElection22] INFO  impl.LeaderElection (LeaderElection.java:askForVotes(215)) - c8599c9e-d3dc-4d93-b189-78c24227363c@group-9A51F20A5674-LeaderElection22: begin an election at term 2 for 0: [786fac63-cb43-495a-b53a-6153a2bfbbd7|rpc:172.17.0.2:37619|dataStream:, 0fa75ab1-6d1c-4858-bfa2-bdb40c45c28d|rpc:172.17.0.2:38457|dataStream:, c8599c9e-d3dc-4d93-b189-78c24227363c|rpc:172.17.0.2:44593|dataStream:], old=null
2020-12-07 10:48:41,866 [c8599c9e-d3dc-4d93-b189-78c24227363c@group-9A51F20A5674-LeaderElection22] INFO  impl.LeaderElection (LogUtils.java:infoOrTrace(137)) - c8599c9e-d3dc-4d93-b189-78c24227363c@group-9A51F20A5674-LeaderElection22 got exception when requesting votes: java.util.concurrent.ExecutionException: org.apache.ratis.thirdparty.io.grpc.StatusRuntimeException: UNAVAILABLE: io exception
2020-12-07 10:48:41,867 [c8599c9e-d3dc-4d93-b189-78c24227363c@group-9A51F20A5674-LeaderElection22] INFO  impl.LeaderElection (LeaderElection.java:logAndReturn(65)) - c8599c9e-d3dc-4d93-b189-78c24227363c@group-9A51F20A5674-LeaderElection22: Election REJECTED; received 1 response(s) [c8599c9e-d3dc-4d93-b189-78c24227363c<-786fac63-cb43-495a-b53a-6153a2bfbbd7#0:FAIL-t2] and 1 exception(s); c8599c9e-d3dc-4d93-b189-78c24227363c@group-9A51F20A5674:t2, leader=null, voted=c8599c9e-d3dc-4d93-b189-78c24227363c, raftlog=c8599c9e-d3dc-4d93-b189-78c24227363c@group-9A51F20A5674-SegmentedRaftLog:OPENED:c0,f0,i0, conf=0: [786fac63-cb43-495a-b53a-6153a2bfbbd7|rpc:172.17.0.2:37619|dataStream:, 0fa75ab1-6d1c-4858-bfa2-bdb40c45c28d|rpc:172.17.0.2:38457|dataStream:, c8599c9e-d3dc-4d93-b189-78c24227363c|rpc:172.17.0.2:44593|dataStream:], old=null
2020-12-07 10:48:41,867 [c8599c9e-d3dc-4d93-b189-78c24227363c@group-9A51F20A5674-LeaderElection22] INFO  impl.LeaderElection (LogUtils.java:infoOrTrace(137)) -   Exception 0: java.util.concurrent.ExecutionException: org.apache.ratis.thirdparty.io.grpc.StatusRuntimeException: UNAVAILABLE: io exception
2020-12-07 10:48:41,867 [c8599c9e-d3dc-4d93-b189-78c24227363c@group-9A51F20A5674-LeaderElection22] INFO  impl.RaftServerImpl (RaftServerImpl.java:setRole(204)) - c8599c9e-d3dc-4d93-b189-78c24227363c@group-9A51F20A5674: changes role from CANDIDATE to FOLLOWER at term 2 for DISCOVERED_A_NEW_TERM
2020-12-07 10:48:41,867 [c8599c9e-d3dc-4d93-b189-78c24227363c@group-9A51F20A5674-LeaderElection22] INFO  impl.RoleInfo (RoleInfo.java:shutdownLeaderElection(134)) - c8599c9e-d3dc-4d93-b189-78c24227363c: shutdown c8599c9e-d3dc-4d93-b189-78c24227363c@group-9A51F20A5674-LeaderElection22
2020-12-07 10:48:41,867 [c8599c9e-d3dc-4d93-b189-78c24227363c@group-9A51F20A5674-LeaderElection22] INFO  impl.RoleInfo (RoleInfo.java:updateAndGet(143)) - c8599c9e-d3dc-4d93-b189-78c24227363c: start c8599c9e-d3dc-4d93-b189-78c24227363c@group-9A51F20A5674-FollowerState
2020-12-07 10:48:41,867 [786fac63-cb43-495a-b53a-6153a2bfbbd7@group-9A51F20A5674-LeaderElection23] INFO  impl.LeaderElection (LogUtils.java:infoOrTrace(137)) - 786fac63-cb43-495a-b53a-6153a2bfbbd7@group-9A51F20A5674-LeaderElection23 got exception when requesting votes: java.util.concurrent.ExecutionException: org.apache.ratis.thirdparty.io.grpc.StatusRuntimeException: UNAVAILABLE: io exception
2020-12-07 10:48:41,879 [786fac63-cb43-495a-b53a-6153a2bfbbd7@group-9A51F20A5674-LeaderElection23] INFO  impl.LeaderElection (LeaderElection.java:logAndReturn(65)) - 786fac63-cb43-495a-b53a-6153a2bfbbd7@group-9A51F20A5674-LeaderElection23: Election REJECTED; received 1 response(s) [786fac63-cb43-495a-b53a-6153a2bfbbd7<-c8599c9e-d3dc-4d93-b189-78c24227363c#0:FAIL-t2] and 1 exception(s); 786fac63-cb43-495a-b53a-6153a2bfbbd7@group-9A51F20A5674:t2, leader=null, voted=786fac63-cb43-495a-b53a-6153a2bfbbd7, raftlog=786fac63-cb43-495a-b53a-6153a2bfbbd7@group-9A51F20A5674-SegmentedRaftLog:OPENED:c0,f0,i0, conf=0: [786fac63-cb43-495a-b53a-6153a2bfbbd7|rpc:172.17.0.2:37619|dataStream:, 0fa75ab1-6d1c-4858-bfa2-bdb40c45c28d|rpc:172.17.0.2:38457|dataStream:, c8599c9e-d3dc-4d93-b189-78c24227363c|rpc:172.17.0.2:44593|dataStream:], old=null
2020-12-07 10:48:41,879 [786fac63-cb43-495a-b53a-6153a2bfbbd7@group-9A51F20A5674-LeaderElection23] INFO  impl.LeaderElection (LogUtils.java:infoOrTrace(137)) -   Exception 0: java.util.concurrent.ExecutionException: org.apache.ratis.thirdparty.io.grpc.StatusRuntimeException: UNAVAILABLE: io exception
2020-12-07 10:48:41,879 [786fac63-cb43-495a-b53a-6153a2bfbbd7@group-9A51F20A5674-LeaderElection23] INFO  impl.RaftServerImpl (RaftServerImpl.java:setRole(204)) - 786fac63-cb43-495a-b53a-6153a2bfbbd7@group-9A51F20A5674: changes role from CANDIDATE to FOLLOWER at term 2 for DISCOVERED_A_NEW_TERM
2020-12-07 10:48:41,879 [786fac63-cb43-495a-b53a-6153a2bfbbd7@group-9A51F20A5674-LeaderElection23] INFO  impl.RoleInfo (RoleInfo.java:shutdownLeaderElection(134)) - 786fac63-cb43-495a-b53a-6153a2bfbbd7: shutdown 786fac63-cb43-495a-b53a-6153a2bfbbd7@group-9A51F20A5674-LeaderElection23
2020-12-07 10:48:41,879 [786fac63-cb43-495a-b53a-6153a2bfbbd7@group-9A51F20A5674-LeaderElection23] INFO  impl.RoleInfo (RoleInfo.java:updateAndGet(143)) - 786fac63-cb43-495a-b53a-6153a2bfbbd7: start 786fac63-cb43-495a-b53a-6153a2bfbbd7@group-9A51F20A5674-FollowerState
2020-12-07 10:48:42,250 [Thread-656] INFO  impl.FollowerState (FollowerState.java:run(128)) - 9dd88559-92ed-4006-9b1f-fe1c5650edb0@group-91F6C4109AAD-FollowerState: change to CANDIDATE, lastRpcTime:5159ms, electionTimeout:5014ms
2020-12-07 10:48:42,251 [Thread-656] INFO  impl.RoleInfo (RoleInfo.java:shutdownFollowerState(121)) - 9dd88559-92ed-4006-9b1f-fe1c5650edb0: shutdown 9dd88559-92ed-4006-9b1f-fe1c5650edb0@group-91F6C4109AAD-FollowerState
2020-12-07 10:48:42,252 [Thread-656] INFO  impl.RaftServerImpl (RaftServerImpl.java:setRole(204)) - 9dd88559-92ed-4006-9b1f-fe1c5650edb0@group-91F6C4109AAD: changes role from  FOLLOWER to CANDIDATE at term 1 for changeToCandidate
2020-12-07 10:48:42,252 [Thread-656] INFO  impl.RoleInfo (RoleInfo.java:updateAndGet(143)) - 9dd88559-92ed-4006-9b1f-fe1c5650edb0: start 9dd88559-92ed-4006-9b1f-fe1c5650edb0@group-91F6C4109AAD-LeaderElection24
2020-12-07 10:48:42,254 [9dd88559-92ed-4006-9b1f-fe1c5650edb0@group-91F6C4109AAD-LeaderElection24] INFO  impl.RaftServerImpl (ServerState.java:setLeader(256)) - 9dd88559-92ed-4006-9b1f-fe1c5650edb0@group-91F6C4109AAD: change Leader from 25184b17-1fd0-4ce3-ab40-51a23a8535eb to null at term 1 for initElection
2020-12-07 10:48:42,256 [9dd88559-92ed-4006-9b1f-fe1c5650edb0@group-91F6C4109AAD-LeaderElection24] INFO  impl.LeaderElection (LeaderElection.java:askForVotes(215)) - 9dd88559-92ed-4006-9b1f-fe1c5650edb0@group-91F6C4109AAD-LeaderElection24: begin an election at term 2 for 0: [25184b17-1fd0-4ce3-ab40-51a23a8535eb|rpc:172.17.0.2:39065|dataStream:, 9dd88559-92ed-4006-9b1f-fe1c5650edb0|rpc:172.17.0.2:38415|dataStream:, e9cccd38-0623-438e-aabf-1afb1561e1cc|rpc:172.17.0.2:33459|dataStream:], old=null
2020-12-07 10:48:42,263 [9dd88559-92ed-4006-9b1f-fe1c5650edb0@group-91F6C4109AAD-LeaderElection24] INFO  impl.LeaderElection (LogUtils.java:infoOrTrace(137)) - 9dd88559-92ed-4006-9b1f-fe1c5650edb0@group-91F6C4109AAD-LeaderElection24 got exception when requesting votes: java.util.concurrent.ExecutionException: org.apache.ratis.thirdparty.io.grpc.StatusRuntimeException: UNAVAILABLE: io exception
2020-12-07 10:48:42,266 [grpc-default-executor-0] INFO  impl.RaftServerImpl (ServerState.java:setLeader(256)) - e9cccd38-0623-438e-aabf-1afb1561e1cc@group-91F6C4109AAD: change Leader from 25184b17-1fd0-4ce3-ab40-51a23a8535eb to null at term 2 for updateCurrentTerm
2020-12-07 10:48:42,266 [grpc-default-executor-0] INFO  impl.RaftServerImpl (RaftServerImpl.java:setRole(204)) - e9cccd38-0623-438e-aabf-1afb1561e1cc@group-91F6C4109AAD: changes role from  FOLLOWER to FOLLOWER at term 2 for recognizeCandidate:9dd88559-92ed-4006-9b1f-fe1c5650edb0
2020-12-07 10:48:42,267 [grpc-default-executor-0] INFO  impl.RoleInfo (RoleInfo.java:shutdownFollowerState(121)) - e9cccd38-0623-438e-aabf-1afb1561e1cc: shutdown e9cccd38-0623-438e-aabf-1afb1561e1cc@group-91F6C4109AAD-FollowerState
2020-12-07 10:48:42,267 [grpc-default-executor-0] INFO  impl.RoleInfo (RoleInfo.java:updateAndGet(143)) - e9cccd38-0623-438e-aabf-1afb1561e1cc: start e9cccd38-0623-438e-aabf-1afb1561e1cc@group-91F6C4109AAD-FollowerState
2020-12-07 10:48:42,267 [Thread-660] INFO  impl.FollowerState (FollowerState.java:run(137)) - e9cccd38-0623-438e-aabf-1afb1561e1cc@group-91F6C4109AAD-FollowerState was interrupted: {}
java.lang.InterruptedException: sleep interrupted
	at java.lang.Thread.sleep(Native Method)
	at org.apache.ratis.util.JavaUtils.sleep(JavaUtils.java:250)
	at org.apache.ratis.server.impl.FollowerState.run(FollowerState.java:116)
2020-12-07 10:48:42,267 [grpc-default-executor-0] INFO  impl.RaftServerImpl (RaftServerImpl.java:requestVote(963)) -  FOLLOWER e9cccd38-0623-438e-aabf-1afb1561e1cc@group-91F6C4109AAD:t2, leader=null, voted=null, raftlog=e9cccd38-0623-438e-aabf-1afb1561e1cc@group-91F6C4109AAD-SegmentedRaftLog:OPENED:c0,f0,i0, conf=0: [25184b17-1fd0-4ce3-ab40-51a23a8535eb|rpc:172.17.0.2:39065|dataStream:, 9dd88559-92ed-4006-9b1f-fe1c5650edb0|rpc:172.17.0.2:38415|dataStream:, e9cccd38-0623-438e-aabf-1afb1561e1cc|rpc:172.17.0.2:33459|dataStream:], old=null RUNNING priority:0 candidate:9dd88559-92ed-4006-9b1f-fe1c5650edb0|rpc:172.17.0.2:38415|dataStream: candidatePriority:0 compare:0
2020-12-07 10:48:42,271 [9dd88559-92ed-4006-9b1f-fe1c5650edb0@group-91F6C4109AAD-LeaderElection24] INFO  impl.LeaderElection (LeaderElection.java:logAndReturn(65)) - 9dd88559-92ed-4006-9b1f-fe1c5650edb0@group-91F6C4109AAD-LeaderElection24: Election PASSED; received 1 response(s) [9dd88559-92ed-4006-9b1f-fe1c5650edb0<-e9cccd38-0623-438e-aabf-1afb1561e1cc#0:OK-t2] and 1 exception(s); 9dd88559-92ed-4006-9b1f-fe1c5650edb0@group-91F6C4109AAD:t2, leader=null, voted=9dd88559-92ed-4006-9b1f-fe1c5650edb0, raftlog=9dd88559-92ed-4006-9b1f-fe1c5650edb0@group-91F6C4109AAD-SegmentedRaftLog:OPENED:c0,f0,i0, conf=0: [25184b17-1fd0-4ce3-ab40-51a23a8535eb|rpc:172.17.0.2:39065|dataStream:, 9dd88559-92ed-4006-9b1f-fe1c5650edb0|rpc:172.17.0.2:38415|dataStream:, e9cccd38-0623-438e-aabf-1afb1561e1cc|rpc:172.17.0.2:33459|dataStream:], old=null
2020-12-07 10:48:42,271 [9dd88559-92ed-4006-9b1f-fe1c5650edb0@group-91F6C4109AAD-LeaderElection24] INFO  impl.LeaderElection (LogUtils.java:infoOrTrace(137)) -   Exception 0: java.util.concurrent.ExecutionException: org.apache.ratis.thirdparty.io.grpc.StatusRuntimeException: UNAVAILABLE: io exception
2020-12-07 10:48:42,271 [9dd88559-92ed-4006-9b1f-fe1c5650edb0@group-91F6C4109AAD-LeaderElection24] INFO  impl.RoleInfo (RoleInfo.java:shutdownLeaderElection(134)) - 9dd88559-92ed-4006-9b1f-fe1c5650edb0: shutdown 9dd88559-92ed-4006-9b1f-fe1c5650edb0@group-91F6C4109AAD-LeaderElection24
2020-12-07 10:48:42,271 [9dd88559-92ed-4006-9b1f-fe1c5650edb0@group-91F6C4109AAD-LeaderElection24] INFO  impl.RaftServerImpl (RaftServerImpl.java:setRole(204)) - 9dd88559-92ed-4006-9b1f-fe1c5650edb0@group-91F6C4109AAD: changes role from CANDIDATE to LEADER at term 2 for changeToLeader
2020-12-07 10:48:42,271 [9dd88559-92ed-4006-9b1f-fe1c5650edb0@group-91F6C4109AAD-LeaderElection24] INFO  ratis.XceiverServerRatis (XceiverServerRatis.java:handleLeaderChangedNotification(854)) - Leader change notification received for group: group-91F6C4109AAD with new leaderId: 9dd88559-92ed-4006-9b1f-fe1c5650edb0
2020-12-07 10:48:42,271 [9dd88559-92ed-4006-9b1f-fe1c5650edb0@group-91F6C4109AAD-LeaderElection24] INFO  impl.RaftServerImpl (ServerState.java:setLeader(256)) - 9dd88559-92ed-4006-9b1f-fe1c5650edb0@group-91F6C4109AAD: change Leader from null to 9dd88559-92ed-4006-9b1f-fe1c5650edb0 at term 2 for becomeLeader, leader elected after 16ms
2020-12-07 10:48:42,271 [9dd88559-92ed-4006-9b1f-fe1c5650edb0@group-91F6C4109AAD-LeaderElection24] INFO  server.RaftServerConfigKeys (ConfUtils.java:logGet(44)) - raft.server.staging.catchup.gap = 1000 (default)
2020-12-07 10:48:42,271 [9dd88559-92ed-4006-9b1f-fe1c5650edb0@group-91F6C4109AAD-LeaderElection24] INFO  server.RaftServerConfigKeys (ConfUtils.java:logGet(44)) - raft.server.rpc.sleep.time = 25ms (default)
2020-12-07 10:48:42,271 [9dd88559-92ed-4006-9b1f-fe1c5650edb0@group-91F6C4109AAD-LeaderElection24] INFO  metrics.RatisMetrics (RatisMetrics.java:lambda$create$0(36)) - Creating Metrics Registry : ratis.log_appender.9dd88559-92ed-4006-9b1f-fe1c5650edb0@group-91F6C4109AAD
2020-12-07 10:48:42,272 [9dd88559-92ed-4006-9b1f-fe1c5650edb0@group-91F6C4109AAD-LeaderElection24] INFO  server.RaftServerConfigKeys (ConfUtils.java:logGet(44)) - raft.server.write.element-limit = 1024 (custom)
2020-12-07 10:48:42,272 [9dd88559-92ed-4006-9b1f-fe1c5650edb0@group-91F6C4109AAD-LeaderElection24] INFO  server.RaftServerConfigKeys (ConfUtils.java:logGet(44)) - raft.server.write.byte-limit = 1073741824 (custom)
2020-12-07 10:48:42,272 [9dd88559-92ed-4006-9b1f-fe1c5650edb0@group-91F6C4109AAD-LeaderElection24] INFO  server.RaftServerConfigKeys (ConfUtils.java:logGet(44)) - raft.server.watch.timeout = 180s (custom)
2020-12-07 10:48:42,272 [9dd88559-92ed-4006-9b1f-fe1c5650edb0@group-91F6C4109AAD-LeaderElection24] INFO  server.RaftServerConfigKeys (ConfUtils.java:logGet(44)) - raft.server.watch.timeout.denomination = 1s (default)
2020-12-07 10:48:42,272 [9dd88559-92ed-4006-9b1f-fe1c5650edb0@group-91F6C4109AAD-LeaderElection24] INFO  server.RaftServerConfigKeys (ConfUtils.java:logGet(44)) - raft.server.watch.element-limit = 65536 (default)
2020-12-07 10:48:42,272 [9dd88559-92ed-4006-9b1f-fe1c5650edb0@group-91F6C4109AAD-LeaderElection24] INFO  server.RaftServerConfigKeys (ConfUtils.java:logGet(44)) - raft.server.log.appender.snapshot.chunk.size.max = 16MB (=16777216) (default)
2020-12-07 10:48:42,272 [9dd88559-92ed-4006-9b1f-fe1c5650edb0@group-91F6C4109AAD-LeaderElection24] INFO  server.RaftServerConfigKeys (ConfUtils.java:logGet(44)) - raft.server.log.appender.buffer.byte-limit = 33554432 (custom)
2020-12-07 10:48:42,273 [9dd88559-92ed-4006-9b1f-fe1c5650edb0@group-91F6C4109AAD-LeaderElection24] INFO  server.RaftServerConfigKeys (ConfUtils.java:logGet(44)) - raft.server.log.appender.buffer.element-limit = 1 (custom)
2020-12-07 10:48:42,273 [9dd88559-92ed-4006-9b1f-fe1c5650edb0@group-91F6C4109AAD-LeaderElection24] INFO  grpc.GrpcConfigKeys (ConfUtils.java:logGet(44)) - raft.grpc.server.leader.outstanding.appends.max = 128 (default)
2020-12-07 10:48:42,273 [9dd88559-92ed-4006-9b1f-fe1c5650edb0@group-91F6C4109AAD-LeaderElection24] INFO  server.RaftServerConfigKeys (ConfUtils.java:logGet(44)) - raft.server.rpc.request.timeout = 60s (custom)
2020-12-07 10:48:42,273 [9dd88559-92ed-4006-9b1f-fe1c5650edb0@group-91F6C4109AAD-LeaderElection24] INFO  server.RaftServerConfigKeys (ConfUtils.java:logGet(44)) - raft.server.log.appender.install.snapshot.enabled = false (custom)
2020-12-07 10:48:42,273 [9dd88559-92ed-4006-9b1f-fe1c5650edb0@group-91F6C4109AAD-LeaderElection24] INFO  metrics.RatisMetrics (RatisMetrics.java:lambda$create$0(36)) - Creating Metrics Registry : ratis_grpc.log_appender.9dd88559-92ed-4006-9b1f-fe1c5650edb0@group-91F6C4109AAD
2020-12-07 10:48:42,274 [9dd88559-92ed-4006-9b1f-fe1c5650edb0@group-91F6C4109AAD-LeaderElection24] INFO  server.RaftServerConfigKeys (ConfUtils.java:logGet(44)) - raft.server.log.appender.snapshot.chunk.size.max = 16MB (=16777216) (default)
2020-12-07 10:48:42,274 [9dd88559-92ed-4006-9b1f-fe1c5650edb0@group-91F6C4109AAD-LeaderElection24] INFO  server.RaftServerConfigKeys (ConfUtils.java:logGet(44)) - raft.server.log.appender.buffer.byte-limit = 33554432 (custom)
2020-12-07 10:48:42,274 [9dd88559-92ed-4006-9b1f-fe1c5650edb0@group-91F6C4109AAD-LeaderElection24] INFO  server.RaftServerConfigKeys (ConfUtils.java:logGet(44)) - raft.server.log.appender.buffer.element-limit = 1 (custom)
2020-12-07 10:48:42,274 [9dd88559-92ed-4006-9b1f-fe1c5650edb0@group-91F6C4109AAD-LeaderElection24] INFO  grpc.GrpcConfigKeys (ConfUtils.java:logGet(44)) - raft.grpc.server.leader.outstanding.appends.max = 128 (default)
2020-12-07 10:48:42,274 [9dd88559-92ed-4006-9b1f-fe1c5650edb0@group-91F6C4109AAD-LeaderElection24] INFO  server.RaftServerConfigKeys (ConfUtils.java:logGet(44)) - raft.server.rpc.request.timeout = 60s (custom)
2020-12-07 10:48:42,275 [9dd88559-92ed-4006-9b1f-fe1c5650edb0@group-91F6C4109AAD-LeaderElection24] INFO  server.RaftServerConfigKeys (ConfUtils.java:logGet(44)) - raft.server.log.appender.install.snapshot.enabled = false (custom)
2020-12-07 10:48:42,275 [9dd88559-92ed-4006-9b1f-fe1c5650edb0@group-91F6C4109AAD-LeaderElection24] INFO  impl.RoleInfo (RoleInfo.java:updateAndGet(143)) - 9dd88559-92ed-4006-9b1f-fe1c5650edb0: start 9dd88559-92ed-4006-9b1f-fe1c5650edb0@group-91F6C4109AAD-LeaderState
2020-12-07 10:48:42,276 [9dd88559-92ed-4006-9b1f-fe1c5650edb0@group-91F6C4109AAD-LeaderElection24] INFO  segmented.SegmentedRaftLogWorker (SegmentedRaftLogWorker.java:rollLogSegment(403)) - 9dd88559-92ed-4006-9b1f-fe1c5650edb0@group-91F6C4109AAD-SegmentedRaftLogWorker: Rolling segment log-0_0 to index:0
2020-12-07 10:48:42,278 [9dd88559-92ed-4006-9b1f-fe1c5650edb0@group-91F6C4109AAD-SegmentedRaftLogWorker] INFO  segmented.SegmentedRaftLogWorker (SegmentedRaftLogWorker.java:execute(554)) - 9dd88559-92ed-4006-9b1f-fe1c5650edb0@group-91F6C4109AAD-SegmentedRaftLogWorker: Rolled log segment from /github/workspace/mnt/ozone/hadoop-ozone/integration-test/target/test-dir/MiniOzoneClusterImpl-63b0f1bc-721b-4e89-a01a-54c1f1559151/datanode-3/data/ratis/fab2665a-be55-437c-913c-91f6c4109aad/current/log_inprogress_0 to /github/workspace/mnt/ozone/hadoop-ozone/integration-test/target/test-dir/MiniOzoneClusterImpl-63b0f1bc-721b-4e89-a01a-54c1f1559151/datanode-3/data/ratis/fab2665a-be55-437c-913c-91f6c4109aad/current/log_0-0
2020-12-07 10:48:42,285 [9dd88559-92ed-4006-9b1f-fe1c5650edb0@group-91F6C4109AAD-LeaderElection24] INFO  impl.RaftServerImpl (ServerState.java:setRaftConf(374)) - 9dd88559-92ed-4006-9b1f-fe1c5650edb0@group-91F6C4109AAD: set configuration 1: [25184b17-1fd0-4ce3-ab40-51a23a8535eb|rpc:172.17.0.2:39065|dataStream:, 9dd88559-92ed-4006-9b1f-fe1c5650edb0|rpc:172.17.0.2:38415|dataStream:, e9cccd38-0623-438e-aabf-1afb1561e1cc|rpc:172.17.0.2:33459|dataStream:], old=null at 1
2020-12-07 10:48:42,286 [9dd88559-92ed-4006-9b1f-fe1c5650edb0@group-91F6C4109AAD-SegmentedRaftLogWorker] INFO  segmented.SegmentedRaftLogWorker (SegmentedRaftLogWorker.java:execute(597)) - 9dd88559-92ed-4006-9b1f-fe1c5650edb0@group-91F6C4109AAD-SegmentedRaftLogWorker: created new log segment /github/workspace/mnt/ozone/hadoop-ozone/integration-test/target/test-dir/MiniOzoneClusterImpl-63b0f1bc-721b-4e89-a01a-54c1f1559151/datanode-3/data/ratis/fab2665a-be55-437c-913c-91f6c4109aad/current/log_inprogress_1
2020-12-07 10:48:42,286 [grpc-default-executor-0] WARN  server.GrpcLogAppender (LogUtils.java:warn(122)) - 9dd88559-92ed-4006-9b1f-fe1c5650edb0@group-91F6C4109AAD->25184b17-1fd0-4ce3-ab40-51a23a8535eb-AppendLogResponseHandler: Failed appendEntries: org.apache.ratis.thirdparty.io.grpc.StatusRuntimeException: UNAVAILABLE: io exception
2020-12-07 10:48:42,289 [grpc-default-executor-0] WARN  server.GrpcLogAppender (GrpcLogAppender.java:resetClient(107)) - 9dd88559-92ed-4006-9b1f-fe1c5650edb0@group-91F6C4109AAD->25184b17-1fd0-4ce3-ab40-51a23a8535eb-GrpcLogAppender: Leader has not got in touch with Follower 9dd88559-92ed-4006-9b1f-fe1c5650edb0@group-91F6C4109AAD->25184b17-1fd0-4ce3-ab40-51a23a8535eb(c-1,m0,n2, attendVote=true, lastRpcSendTime=2, lastRpcResponseTime=5216) yet, just keep nextIndex unchanged and retry.
2020-12-07 10:48:42,292 [grpc-default-executor-1] INFO  ratis.XceiverServerRatis (XceiverServerRatis.java:handleLeaderChangedNotification(854)) - Leader change notification received for group: group-91F6C4109AAD with new leaderId: 9dd88559-92ed-4006-9b1f-fe1c5650edb0
2020-12-07 10:48:42,292 [grpc-default-executor-1] INFO  impl.RaftServerImpl (ServerState.java:setLeader(256)) - e9cccd38-0623-438e-aabf-1afb1561e1cc@group-91F6C4109AAD: change Leader from null to 9dd88559-92ed-4006-9b1f-fe1c5650edb0 at term 2 for appendEntries, leader elected after 25ms
2020-12-07 10:48:42,293 [grpc-default-executor-1] INFO  impl.RaftServerImpl (ServerState.java:setRaftConf(374)) - e9cccd38-0623-438e-aabf-1afb1561e1cc@group-91F6C4109AAD: set configuration 1: [25184b17-1fd0-4ce3-ab40-51a23a8535eb|rpc:172.17.0.2:39065|dataStream:, 9dd88559-92ed-4006-9b1f-fe1c5650edb0|rpc:172.17.0.2:38415|dataStream:, e9cccd38-0623-438e-aabf-1afb1561e1cc|rpc:172.17.0.2:33459|dataStream:], old=null at 1
2020-12-07 10:48:42,293 [grpc-default-executor-1] INFO  segmented.SegmentedRaftLogWorker (SegmentedRaftLogWorker.java:rollLogSegment(403)) - e9cccd38-0623-438e-aabf-1afb1561e1cc@group-91F6C4109AAD-SegmentedRaftLogWorker: Rolling segment log-0_0 to index:0
2020-12-07 10:48:42,296 [e9cccd38-0623-438e-aabf-1afb1561e1cc@group-91F6C4109AAD-SegmentedRaftLogWorker] INFO  segmented.SegmentedRaftLogWorker (SegmentedRaftLogWorker.java:execute(554)) - e9cccd38-0623-438e-aabf-1afb1561e1cc@group-91F6C4109AAD-SegmentedRaftLogWorker: Rolled log segment from /github/workspace/mnt/ozone/hadoop-ozone/integration-test/target/test-dir/MiniOzoneClusterImpl-63b0f1bc-721b-4e89-a01a-54c1f1559151/datanode-5/data/ratis/fab2665a-be55-437c-913c-91f6c4109aad/current/log_inprogress_0 to /github/workspace/mnt/ozone/hadoop-ozone/integration-test/target/test-dir/MiniOzoneClusterImpl-63b0f1bc-721b-4e89-a01a-54c1f1559151/datanode-5/data/ratis/fab2665a-be55-437c-913c-91f6c4109aad/current/log_0-0
2020-12-07 10:48:42,297 [e9cccd38-0623-438e-aabf-1afb1561e1cc@group-91F6C4109AAD-SegmentedRaftLogWorker] INFO  segmented.SegmentedRaftLogWorker (SegmentedRaftLogWorker.java:execute(597)) - e9cccd38-0623-438e-aabf-1afb1561e1cc@group-91F6C4109AAD-SegmentedRaftLogWorker: created new log segment /github/workspace/mnt/ozone/hadoop-ozone/integration-test/target/test-dir/MiniOzoneClusterImpl-63b0f1bc-721b-4e89-a01a-54c1f1559151/datanode-5/data/ratis/fab2665a-be55-437c-913c-91f6c4109aad/current/log_inprogress_1
2020-12-07 10:48:42,302 [grpc-default-executor-1] WARN  server.GrpcLogAppender (LogUtils.java:warn(122)) - 9dd88559-92ed-4006-9b1f-fe1c5650edb0@group-91F6C4109AAD->25184b17-1fd0-4ce3-ab40-51a23a8535eb-AppendLogResponseHandler: Failed appendEntries: org.apache.ratis.thirdparty.io.grpc.StatusRuntimeException: UNAVAILABLE: io exception
2020-12-07 10:48:42,314 [grpc-default-executor-1] WARN  server.GrpcLogAppender (GrpcLogAppender.java:resetClient(107)) - 9dd88559-92ed-4006-9b1f-fe1c5650edb0@group-91F6C4109AAD->25184b17-1fd0-4ce3-ab40-51a23a8535eb-GrpcLogAppender: Leader has not got in touch with Follower 9dd88559-92ed-4006-9b1f-fe1c5650edb0@group-91F6C4109AAD->25184b17-1fd0-4ce3-ab40-51a23a8535eb(c-1,m0,n3, attendVote=true, lastRpcSendTime=11, lastRpcResponseTime=5241) yet, just keep nextIndex unchanged and retry.
2020-12-07 10:48:42,508 [Listener at 127.0.0.1/33429] INFO  ozoneimpl.OzoneContainer (OzoneContainer.java:stop(257)) - Attempting to stop container services.
2020-12-07 10:48:42,509 [Listener at 127.0.0.1/33429] INFO  impl.RaftServerProxy (RaftServerProxy.java:lambda$close$4(338)) - 9dd88559-92ed-4006-9b1f-fe1c5650edb0: close
2020-12-07 10:48:42,509 [Listener at 127.0.0.1/33429] INFO  impl.RaftServerImpl (RaftServerImpl.java:lambda$shutdown$3(328)) - 9dd88559-92ed-4006-9b1f-fe1c5650edb0@group-91F6C4109AAD: shutdown
2020-12-07 10:48:42,509 [Listener at 127.0.0.1/33429] INFO  util.JmxRegister (JmxRegister.java:unregister(73)) - Successfully un-registered JMX Bean with object name Ratis:service=RaftServer,group=group-91F6C4109AAD,id=9dd88559-92ed-4006-9b1f-fe1c5650edb0
2020-12-07 10:48:42,509 [Listener at 127.0.0.1/33429] INFO  impl.RoleInfo (RoleInfo.java:shutdownLeaderState(104)) - 9dd88559-92ed-4006-9b1f-fe1c5650edb0: shutdown 9dd88559-92ed-4006-9b1f-fe1c5650edb0@group-91F6C4109AAD-LeaderState
2020-12-07 10:48:42,510 [Listener at 127.0.0.1/33429] INFO  metrics.RatisMetrics (RatisMetrics.java:unregister(43)) - Unregistering Metrics Registry : ratis_grpc.log_appender.9dd88559-92ed-4006-9b1f-fe1c5650edb0@group-91F6C4109AAD
2020-12-07 10:48:42,509 [ForkJoinPool.commonPool-worker-0] INFO  ozoneimpl.OzoneContainer (OzoneContainer.java:stop(257)) - Attempting to stop container services.
2020-12-07 10:48:42,510 [org.apache.ratis.server.impl.LogAppender$AppenderDaemon$$Lambda$477/424661179@1babf930] WARN  server.GrpcLogAppender (GrpcLogAppender.java:mayWait(168)) - 9dd88559-92ed-4006-9b1f-fe1c5650edb0@group-91F6C4109AAD->25184b17-1fd0-4ce3-ab40-51a23a8535eb-GrpcLogAppender: Wait interrupted by java.lang.InterruptedException
2020-12-07 10:48:42,510 [Listener at 127.0.0.1/33429] INFO  metrics.RatisMetrics (RatisMetrics.java:unregister(43)) - Unregistering Metrics Registry : ratis_grpc.log_appender.9dd88559-92ed-4006-9b1f-fe1c5650edb0@group-91F6C4109AAD
2020-12-07 10:48:42,510 [ForkJoinPool.commonPool-worker-0] INFO  impl.RaftServerProxy (RaftServerProxy.java:lambda$close$4(338)) - c8599c9e-d3dc-4d93-b189-78c24227363c: close
2020-12-07 10:48:42,510 [org.apache.ratis.server.impl.LogAppender$AppenderDaemon$$Lambda$477/424661179@38a5c914] WARN  server.GrpcLogAppender (GrpcLogAppender.java:mayWait(168)) - 9dd88559-92ed-4006-9b1f-fe1c5650edb0@group-91F6C4109AAD->e9cccd38-0623-438e-aabf-1afb1561e1cc-GrpcLogAppender: Wait interrupted by java.lang.InterruptedException
2020-12-07 10:48:42,510 [Listener at 127.0.0.1/33429] INFO  impl.PendingRequests (PendingRequests.java:sendNotLeaderResponses(250)) - 9dd88559-92ed-4006-9b1f-fe1c5650edb0@group-91F6C4109AAD-PendingRequests: sendNotLeaderResponses
2020-12-07 10:48:42,510 [ForkJoinPool.commonPool-worker-0] INFO  impl.RaftServerImpl (RaftServerImpl.java:lambda$shutdown$3(328)) - c8599c9e-d3dc-4d93-b189-78c24227363c@group-6D0F2E90CAD9: shutdown
2020-12-07 10:48:42,512 [ForkJoinPool.commonPool-worker-0] INFO  util.JmxRegister (JmxRegister.java:unregister(73)) - Successfully un-registered JMX Bean with object name Ratis:service=RaftServer,group=group-6D0F2E90CAD9,id=c8599c9e-d3dc-4d93-b189-78c24227363c
2020-12-07 10:48:42,512 [ForkJoinPool.commonPool-worker-0] INFO  impl.RoleInfo (RoleInfo.java:shutdownLeaderState(104)) - c8599c9e-d3dc-4d93-b189-78c24227363c: shutdown c8599c9e-d3dc-4d93-b189-78c24227363c@group-6D0F2E90CAD9-LeaderState
2020-12-07 10:48:42,512 [Listener at 127.0.0.1/33429] INFO  metrics.RatisMetrics (RatisMetrics.java:unregister(43)) - Unregistering Metrics Registry : ratis.log_appender.9dd88559-92ed-4006-9b1f-fe1c5650edb0@group-91F6C4109AAD
2020-12-07 10:48:42,512 [Listener at 127.0.0.1/33429] INFO  metrics.RatisMetrics (RatisMetrics.java:unregister(43)) - Unregistering Metrics Registry : ratis.server.9dd88559-92ed-4006-9b1f-fe1c5650edb0@group-91F6C4109AAD
2020-12-07 10:48:42,513 [Listener at 127.0.0.1/33429] INFO  impl.StateMachineUpdater (StateMachineUpdater.java:stopAndJoin(147)) - 9dd88559-92ed-4006-9b1f-fe1c5650edb0@group-91F6C4109AAD-StateMachineUpdater: set stopIndex = 2
2020-12-07 10:48:42,512 [ForkJoinPool.commonPool-worker-0] INFO  impl.PendingRequests (PendingRequests.java:sendNotLeaderResponses(250)) - c8599c9e-d3dc-4d93-b189-78c24227363c@group-6D0F2E90CAD9-PendingRequests: sendNotLeaderResponses
2020-12-07 10:48:42,512 [grpc-default-executor-1] INFO  server.GrpcServerProtocolService (GrpcServerProtocolService.java:onCompleted(138)) - e9cccd38-0623-438e-aabf-1afb1561e1cc: Completed APPEND_ENTRIES, lastRequest: 9dd88559-92ed-4006-9b1f-fe1c5650edb0->e9cccd38-0623-438e-aabf-1afb1561e1cc#2-t2, previous=(t:2, i:1), leaderCommit=1, initializing? false, entries: size=1, first=(t:2, i:2), METADATAENTRY(c:1)
2020-12-07 10:48:42,513 [9dd88559-92ed-4006-9b1f-fe1c5650edb0@group-91F6C4109AAD-StateMachineUpdater] INFO  ratis.ContainerStateMachine (ContainerStateMachine.java:takeSnapshot(293)) - group-91F6C4109AAD: Taking a snapshot at:(t:2, i:2) file /github/workspace/mnt/ozone/hadoop-ozone/integration-test/target/test-dir/MiniOzoneClusterImpl-63b0f1bc-721b-4e89-a01a-54c1f1559151/datanode-3/data/ratis/fab2665a-be55-437c-913c-91f6c4109aad/sm/snapshot.2_2
2020-12-07 10:48:42,514 [grpc-default-executor-1] INFO  server.GrpcLogAppender (GrpcLogAppender.java:onCompleted(337)) - 9dd88559-92ed-4006-9b1f-fe1c5650edb0@group-91F6C4109AAD->e9cccd38-0623-438e-aabf-1afb1561e1cc-AppendLogResponseHandler: follower responses appendEntries COMPLETED
2020-12-07 10:48:42,514 [grpc-default-executor-1] INFO  impl.FollowerInfo (FollowerInfo.java:lambda$new$0(51)) - 9dd88559-92ed-4006-9b1f-fe1c5650edb0@group-91F6C4109AAD->e9cccd38-0623-438e-aabf-1afb1561e1cc: nextIndex: updateUnconditionally 3 -> 2
2020-12-07 10:48:42,514 [9dd88559-92ed-4006-9b1f-fe1c5650edb0@group-91F6C4109AAD-StateMachineUpdater] INFO  ratis.ContainerStateMachine (ContainerStateMachine.java:takeSnapshot(304)) - group-91F6C4109AAD: Finished taking a snapshot at:(t:2, i:2) file:/github/workspace/mnt/ozone/hadoop-ozone/integration-test/target/test-dir/MiniOzoneClusterImpl-63b0f1bc-721b-4e89-a01a-54c1f1559151/datanode-3/data/ratis/fab2665a-be55-437c-913c-91f6c4109aad/sm/snapshot.2_2 time:1
2020-12-07 10:48:42,515 [9dd88559-92ed-4006-9b1f-fe1c5650edb0@group-91F6C4109AAD-StateMachineUpdater] INFO  impl.StateMachineUpdater (StateMachineUpdater.java:takeSnapshot(278)) - 9dd88559-92ed-4006-9b1f-fe1c5650edb0@group-91F6C4109AAD-StateMachineUpdater: Took a snapshot at index 2
2020-12-07 10:48:42,515 [9dd88559-92ed-4006-9b1f-fe1c5650edb0@group-91F6C4109AAD-StateMachineUpdater] INFO  impl.StateMachineUpdater (StateMachineUpdater.java:lambda$new$0(87)) - 9dd88559-92ed-4006-9b1f-fe1c5650edb0@group-91F6C4109AAD-StateMachineUpdater: snapshotIndex: updateIncreasingly -1 -> 2
2020-12-07 10:48:42,515 [9dd88559-92ed-4006-9b1f-fe1c5650edb0@group-91F6C4109AAD-StateMachineUpdater] INFO  metrics.RatisMetrics (RatisMetrics.java:unregister(43)) - Unregistering Metrics Registry : ratis.state_machine.9dd88559-92ed-4006-9b1f-fe1c5650edb0@group-91F6C4109AAD
2020-12-07 10:48:42,515 [Listener at 127.0.0.1/33429] INFO  impl.RaftServerImpl (ServerState.java:close(406)) - 9dd88559-92ed-4006-9b1f-fe1c5650edb0@group-91F6C4109AAD: closes. applyIndex: 2
2020-12-07 10:48:42,515 [9dd88559-92ed-4006-9b1f-fe1c5650edb0@group-91F6C4109AAD-SegmentedRaftLogWorker] INFO  segmented.SegmentedRaftLogWorker (SegmentedRaftLogWorker.java:run(329)) - 9dd88559-92ed-4006-9b1f-fe1c5650edb0@group-91F6C4109AAD-SegmentedRaftLogWorker was interrupted, exiting. There are 0 tasks remaining in the queue.
2020-12-07 10:48:42,517 [Listener at 127.0.0.1/33429] INFO  segmented.SegmentedRaftLogWorker (SegmentedRaftLogWorker.java:close(235)) - 9dd88559-92ed-4006-9b1f-fe1c5650edb0@group-91F6C4109AAD-SegmentedRaftLogWorker close()
2020-12-07 10:48:42,518 [Listener at 127.0.0.1/33429] INFO  metrics.RatisMetrics (RatisMetrics.java:unregister(43)) - Unregistering Metrics Registry : ratis.log_worker.9dd88559-92ed-4006-9b1f-fe1c5650edb0@group-91F6C4109AAD
2020-12-07 10:48:42,519 [Listener at 127.0.0.1/33429] INFO  metrics.RatisMetrics (RatisMetrics.java:unregister(43)) - Unregistering Metrics Registry : ratis.leader_election.9dd88559-92ed-4006-9b1f-fe1c5650edb0@group-91F6C4109AAD
2020-12-07 10:48:42,519 [ForkJoinPool.commonPool-worker-0] INFO  metrics.RatisMetrics (RatisMetrics.java:unregister(43)) - Unregistering Metrics Registry : ratis.log_appender.c8599c9e-d3dc-4d93-b189-78c24227363c@group-6D0F2E90CAD9
2020-12-07 10:48:42,519 [Listener at 127.0.0.1/33429] INFO  metrics.RatisMetrics (RatisMetrics.java:unregister(43)) - Unregistering Metrics Registry : ratis.server.9dd88559-92ed-4006-9b1f-fe1c5650edb0@group-91F6C4109AAD
2020-12-07 10:48:42,520 [Listener at 127.0.0.1/33429] INFO  impl.RaftServerImpl (RaftServerImpl.java:lambda$shutdown$3(328)) - 9dd88559-92ed-4006-9b1f-fe1c5650edb0@group-9F45B1B023DF: shutdown
2020-12-07 10:48:42,520 [Listener at 127.0.0.1/33429] INFO  util.JmxRegister (JmxRegister.java:unregister(73)) - Successfully un-registered JMX Bean with object name Ratis:service=RaftServer,group=group-9F45B1B023DF,id=9dd88559-92ed-4006-9b1f-fe1c5650edb0
2020-12-07 10:48:42,520 [Listener at 127.0.0.1/33429] INFO  impl.RoleInfo (RoleInfo.java:shutdownLeaderState(104)) - 9dd88559-92ed-4006-9b1f-fe1c5650edb0: shutdown 9dd88559-92ed-4006-9b1f-fe1c5650edb0@group-9F45B1B023DF-LeaderState
2020-12-07 10:48:42,520 [ForkJoinPool.commonPool-worker-0] INFO  metrics.RatisMetrics (RatisMetrics.java:unregister(43)) - Unregistering Metrics Registry : ratis.server.c8599c9e-d3dc-4d93-b189-78c24227363c@group-6D0F2E90CAD9
2020-12-07 10:48:42,521 [Listener at 127.0.0.1/33429] INFO  impl.PendingRequests (PendingRequests.java:sendNotLeaderResponses(250)) - 9dd88559-92ed-4006-9b1f-fe1c5650edb0@group-9F45B1B023DF-PendingRequests: sendNotLeaderResponses
2020-12-07 10:48:42,524 [Listener at 127.0.0.1/33429] INFO  metrics.RatisMetrics (RatisMetrics.java:unregister(43)) - Unregistering Metrics Registry : ratis.log_appender.9dd88559-92ed-4006-9b1f-fe1c5650edb0@group-9F45B1B023DF
2020-12-07 10:48:42,524 [Listener at 127.0.0.1/33429] INFO  metrics.RatisMetrics (RatisMetrics.java:unregister(43)) - Unregistering Metrics Registry : ratis.server.9dd88559-92ed-4006-9b1f-fe1c5650edb0@group-9F45B1B023DF
2020-12-07 10:48:42,524 [ForkJoinPool.commonPool-worker-0] INFO  impl.StateMachineUpdater (StateMachineUpdater.java:stopAndJoin(147)) - c8599c9e-d3dc-4d93-b189-78c24227363c@group-6D0F2E90CAD9-StateMachineUpdater: set stopIndex = 11
2020-12-07 10:48:42,525 [c8599c9e-d3dc-4d93-b189-78c24227363c@group-6D0F2E90CAD9-StateMachineUpdater] INFO  ratis.ContainerStateMachine (ContainerStateMachine.java:takeSnapshot(293)) - group-6D0F2E90CAD9: Taking a snapshot at:(t:1, i:11) file /github/workspace/mnt/ozone/hadoop-ozone/integration-test/target/test-dir/MiniOzoneClusterImpl-63b0f1bc-721b-4e89-a01a-54c1f1559151/datanode-2/data/ratis/f52eedbc-0e4c-4818-9204-6d0f2e90cad9/sm/snapshot.1_11
2020-12-07 10:48:42,526 [Listener at 127.0.0.1/33429] INFO  impl.StateMachineUpdater (StateMachineUpdater.java:stopAndJoin(147)) - 9dd88559-92ed-4006-9b1f-fe1c5650edb0@group-9F45B1B023DF-StateMachineUpdater: set stopIndex = 4
2020-12-07 10:48:42,526 [9dd88559-92ed-4006-9b1f-fe1c5650edb0@group-9F45B1B023DF-StateMachineUpdater] INFO  ratis.ContainerStateMachine (ContainerStateMachine.java:takeSnapshot(293)) - group-9F45B1B023DF: Taking a snapshot at:(t:1, i:4) file /github/workspace/mnt/ozone/hadoop-ozone/integration-test/target/test-dir/MiniOzoneClusterImpl-63b0f1bc-721b-4e89-a01a-54c1f1559151/datanode-3/data/ratis/95e32aac-2667-4d52-9f9f-9f45b1b023df/sm/snapshot.1_4
2020-12-07 10:48:42,526 [c8599c9e-d3dc-4d93-b189-78c24227363c@group-6D0F2E90CAD9-StateMachineUpdater] INFO  ratis.ContainerStateMachine (ContainerStateMachine.java:takeSnapshot(304)) - group-6D0F2E90CAD9: Finished taking a snapshot at:(t:1, i:11) file:/github/workspace/mnt/ozone/hadoop-ozone/integration-test/target/test-dir/MiniOzoneClusterImpl-63b0f1bc-721b-4e89-a01a-54c1f1559151/datanode-2/data/ratis/f52eedbc-0e4c-4818-9204-6d0f2e90cad9/sm/snapshot.1_11 time:1
2020-12-07 10:48:42,526 [c8599c9e-d3dc-4d93-b189-78c24227363c@group-6D0F2E90CAD9-StateMachineUpdater] INFO  impl.StateMachineUpdater (StateMachineUpdater.java:takeSnapshot(278)) - c8599c9e-d3dc-4d93-b189-78c24227363c@group-6D0F2E90CAD9-StateMachineUpdater: Took a snapshot at index 11
2020-12-07 10:48:42,526 [c8599c9e-d3dc-4d93-b189-78c24227363c@group-6D0F2E90CAD9-StateMachineUpdater] INFO  impl.StateMachineUpdater (StateMachineUpdater.java:lambda$new$0(87)) - c8599c9e-d3dc-4d93-b189-78c24227363c@group-6D0F2E90CAD9-StateMachineUpdater: snapshotIndex: updateIncreasingly -1 -> 11
2020-12-07 10:48:42,527 [9dd88559-92ed-4006-9b1f-fe1c5650edb0@group-9F45B1B023DF-StateMachineUpdater] INFO  ratis.ContainerStateMachine (ContainerStateMachine.java:takeSnapshot(304)) - group-9F45B1B023DF: Finished taking a snapshot at:(t:1, i:4) file:/github/workspace/mnt/ozone/hadoop-ozone/integration-test/target/test-dir/MiniOzoneClusterImpl-63b0f1bc-721b-4e89-a01a-54c1f1559151/datanode-3/data/ratis/95e32aac-2667-4d52-9f9f-9f45b1b023df/sm/snapshot.1_4 time:2
2020-12-07 10:48:42,527 [9dd88559-92ed-4006-9b1f-fe1c5650edb0@group-9F45B1B023DF-StateMachineUpdater] INFO  impl.StateMachineUpdater (StateMachineUpdater.java:takeSnapshot(278)) - 9dd88559-92ed-4006-9b1f-fe1c5650edb0@group-9F45B1B023DF-StateMachineUpdater: Took a snapshot at index 4
2020-12-07 10:48:42,528 [9dd88559-92ed-4006-9b1f-fe1c5650edb0@group-9F45B1B023DF-StateMachineUpdater] INFO  impl.StateMachineUpdater (StateMachineUpdater.java:lambda$new$0(87)) - 9dd88559-92ed-4006-9b1f-fe1c5650edb0@group-9F45B1B023DF-StateMachineUpdater: snapshotIndex: updateIncreasingly -1 -> 4
2020-12-07 10:48:42,530 [9dd88559-92ed-4006-9b1f-fe1c5650edb0@group-9F45B1B023DF-StateMachineUpdater] INFO  metrics.RatisMetrics (RatisMetrics.java:unregister(43)) - Unregistering Metrics Registry : ratis.state_machine.9dd88559-92ed-4006-9b1f-fe1c5650edb0@group-9F45B1B023DF
2020-12-07 10:48:42,532 [c8599c9e-d3dc-4d93-b189-78c24227363c@group-6D0F2E90CAD9-StateMachineUpdater] INFO  metrics.RatisMetrics (RatisMetrics.java:unregister(43)) - Unregistering Metrics Registry : ratis.state_machine.c8599c9e-d3dc-4d93-b189-78c24227363c@group-6D0F2E90CAD9
2020-12-07 10:48:42,532 [ForkJoinPool.commonPool-worker-0] INFO  impl.RaftServerImpl (ServerState.java:close(406)) - c8599c9e-d3dc-4d93-b189-78c24227363c@group-6D0F2E90CAD9: closes. applyIndex: 11
2020-12-07 10:48:42,532 [c8599c9e-d3dc-4d93-b189-78c24227363c@group-6D0F2E90CAD9-SegmentedRaftLogWorker] INFO  segmented.SegmentedRaftLogWorker (SegmentedRaftLogWorker.java:run(329)) - c8599c9e-d3dc-4d93-b189-78c24227363c@group-6D0F2E90CAD9-SegmentedRaftLogWorker was interrupted, exiting. There are 0 tasks remaining in the queue.
2020-12-07 10:48:42,532 [Listener at 127.0.0.1/33429] INFO  impl.RaftServerImpl (ServerState.java:close(406)) - 9dd88559-92ed-4006-9b1f-fe1c5650edb0@group-9F45B1B023DF: closes. applyIndex: 4
2020-12-07 10:48:42,533 [ForkJoinPool.commonPool-worker-0] INFO  segmented.SegmentedRaftLogWorker (SegmentedRaftLogWorker.java:close(235)) - c8599c9e-d3dc-4d93-b189-78c24227363c@group-6D0F2E90CAD9-SegmentedRaftLogWorker close()
2020-12-07 10:48:42,533 [9dd88559-92ed-4006-9b1f-fe1c5650edb0@group-9F45B1B023DF-SegmentedRaftLogWorker] INFO  segmented.SegmentedRaftLogWorker (SegmentedRaftLogWorker.java:run(329)) - 9dd88559-92ed-4006-9b1f-fe1c5650edb0@group-9F45B1B023DF-SegmentedRaftLogWorker was interrupted, exiting. There are 0 tasks remaining in the queue.
2020-12-07 10:48:42,535 [ForkJoinPool.commonPool-worker-0] INFO  metrics.RatisMetrics (RatisMetrics.java:unregister(43)) - Unregistering Metrics Registry : ratis.log_worker.c8599c9e-d3dc-4d93-b189-78c24227363c@group-6D0F2E90CAD9
2020-12-07 10:48:42,535 [ForkJoinPool.commonPool-worker-0] INFO  metrics.RatisMetrics (RatisMetrics.java:unregister(43)) - Unregistering Metrics Registry : ratis.leader_election.c8599c9e-d3dc-4d93-b189-78c24227363c@group-6D0F2E90CAD9
2020-12-07 10:48:42,536 [ForkJoinPool.commonPool-worker-0] INFO  metrics.RatisMetrics (RatisMetrics.java:unregister(43)) - Unregistering Metrics Registry : ratis.server.c8599c9e-d3dc-4d93-b189-78c24227363c@group-6D0F2E90CAD9
2020-12-07 10:48:42,536 [ForkJoinPool.commonPool-worker-0] INFO  impl.RaftServerImpl (RaftServerImpl.java:lambda$shutdown$3(328)) - c8599c9e-d3dc-4d93-b189-78c24227363c@group-9A51F20A5674: shutdown
2020-12-07 10:48:42,536 [ForkJoinPool.commonPool-worker-0] INFO  util.JmxRegister (JmxRegister.java:unregister(73)) - Successfully un-registered JMX Bean with object name Ratis:service=RaftServer,group=group-9A51F20A5674,id=c8599c9e-d3dc-4d93-b189-78c24227363c
2020-12-07 10:48:42,536 [ForkJoinPool.commonPool-worker-0] INFO  impl.RoleInfo (RoleInfo.java:shutdownFollowerState(121)) - c8599c9e-d3dc-4d93-b189-78c24227363c: shutdown c8599c9e-d3dc-4d93-b189-78c24227363c@group-9A51F20A5674-FollowerState
2020-12-07 10:48:42,536 [ForkJoinPool.commonPool-worker-0] INFO  impl.StateMachineUpdater (StateMachineUpdater.java:stopAndJoin(147)) - c8599c9e-d3dc-4d93-b189-78c24227363c@group-9A51F20A5674-StateMachineUpdater: set stopIndex = 0
2020-12-07 10:48:42,536 [Thread-752] INFO  impl.FollowerState (FollowerState.java:run(137)) - c8599c9e-d3dc-4d93-b189-78c24227363c@group-9A51F20A5674-FollowerState was interrupted: {}
java.lang.InterruptedException: sleep interrupted
	at java.lang.Thread.sleep(Native Method)
	at org.apache.ratis.util.JavaUtils.sleep(JavaUtils.java:250)
	at org.apache.ratis.server.impl.FollowerState.run(FollowerState.java:116)
2020-12-07 10:48:42,537 [c8599c9e-d3dc-4d93-b189-78c24227363c@group-9A51F20A5674-StateMachineUpdater] INFO  ratis.ContainerStateMachine (ContainerStateMachine.java:takeSnapshot(293)) - group-9A51F20A5674: Taking a snapshot at:(t:1, i:0) file /github/workspace/mnt/ozone/hadoop-ozone/integration-test/target/test-dir/MiniOzoneClusterImpl-63b0f1bc-721b-4e89-a01a-54c1f1559151/datanode-2/data/ratis/2ccd2da7-92ab-4207-8952-9a51f20a5674/sm/snapshot.1_0
2020-12-07 10:48:42,537 [Listener at 127.0.0.1/33429] INFO  segmented.SegmentedRaftLogWorker (SegmentedRaftLogWorker.java:close(235)) - 9dd88559-92ed-4006-9b1f-fe1c5650edb0@group-9F45B1B023DF-SegmentedRaftLogWorker close()
2020-12-07 10:48:42,538 [c8599c9e-d3dc-4d93-b189-78c24227363c@group-9A51F20A5674-StateMachineUpdater] INFO  ratis.ContainerStateMachine (ContainerStateMachine.java:takeSnapshot(304)) - group-9A51F20A5674: Finished taking a snapshot at:(t:1, i:0) file:/github/workspace/mnt/ozone/hadoop-ozone/integration-test/target/test-dir/MiniOzoneClusterImpl-63b0f1bc-721b-4e89-a01a-54c1f1559151/datanode-2/data/ratis/2ccd2da7-92ab-4207-8952-9a51f20a5674/sm/snapshot.1_0 time:1
2020-12-07 10:48:42,538 [c8599c9e-d3dc-4d93-b189-78c24227363c@group-9A51F20A5674-StateMachineUpdater] INFO  impl.StateMachineUpdater (StateMachineUpdater.java:takeSnapshot(278)) - c8599c9e-d3dc-4d93-b189-78c24227363c@group-9A51F20A5674-StateMachineUpdater: Took a snapshot at index 0
2020-12-07 10:48:42,538 [c8599c9e-d3dc-4d93-b189-78c24227363c@group-9A51F20A5674-StateMachineUpdater] INFO  impl.StateMachineUpdater (StateMachineUpdater.java:lambda$new$0(87)) - c8599c9e-d3dc-4d93-b189-78c24227363c@group-9A51F20A5674-StateMachineUpdater: snapshotIndex: updateIncreasingly -1 -> 0
2020-12-07 10:48:42,538 [c8599c9e-d3dc-4d93-b189-78c24227363c@group-9A51F20A5674-StateMachineUpdater] INFO  metrics.RatisMetrics (RatisMetrics.java:unregister(43)) - Unregistering Metrics Registry : ratis.state_machine.c8599c9e-d3dc-4d93-b189-78c24227363c@group-9A51F20A5674
2020-12-07 10:48:42,539 [ForkJoinPool.commonPool-worker-0] INFO  impl.RaftServerImpl (ServerState.java:close(406)) - c8599c9e-d3dc-4d93-b189-78c24227363c@group-9A51F20A5674: closes. applyIndex: 0
2020-12-07 10:48:42,539 [c8599c9e-d3dc-4d93-b189-78c24227363c@group-9A51F20A5674-SegmentedRaftLogWorker] INFO  segmented.SegmentedRaftLogWorker (SegmentedRaftLogWorker.java:run(329)) - c8599c9e-d3dc-4d93-b189-78c24227363c@group-9A51F20A5674-SegmentedRaftLogWorker was interrupted, exiting. There are 0 tasks remaining in the queue.
2020-12-07 10:48:42,539 [Listener at 127.0.0.1/33429] INFO  metrics.RatisMetrics (RatisMetrics.java:unregister(43)) - Unregistering Metrics Registry : ratis.log_worker.9dd88559-92ed-4006-9b1f-fe1c5650edb0@group-9F45B1B023DF
2020-12-07 10:48:42,540 [ForkJoinPool.commonPool-worker-0] INFO  segmented.SegmentedRaftLogWorker (SegmentedRaftLogWorker.java:close(235)) - c8599c9e-d3dc-4d93-b189-78c24227363c@group-9A51F20A5674-SegmentedRaftLogWorker close()
2020-12-07 10:48:42,540 [Listener at 127.0.0.1/33429] INFO  metrics.RatisMetrics (RatisMetrics.java:unregister(43)) - Unregistering Metrics Registry : ratis.leader_election.9dd88559-92ed-4006-9b1f-fe1c5650edb0@group-9F45B1B023DF
2020-12-07 10:48:42,541 [ForkJoinPool.commonPool-worker-0] INFO  metrics.RatisMetrics (RatisMetrics.java:unregister(43)) - Unregistering Metrics Registry : ratis.log_worker.c8599c9e-d3dc-4d93-b189-78c24227363c@group-9A51F20A5674
2020-12-07 10:48:42,541 [ForkJoinPool.commonPool-worker-0] INFO  metrics.RatisMetrics (RatisMetrics.java:unregister(43)) - Unregistering Metrics Registry : ratis.leader_election.c8599c9e-d3dc-4d93-b189-78c24227363c@group-9A51F20A5674
2020-12-07 10:48:42,541 [ForkJoinPool.commonPool-worker-0] INFO  metrics.RatisMetrics (RatisMetrics.java:unregister(43)) - Unregistering Metrics Registry : ratis.server.c8599c9e-d3dc-4d93-b189-78c24227363c@group-9A51F20A5674
2020-12-07 10:48:42,541 [ForkJoinPool.commonPool-worker-0] INFO  server.GrpcService (GrpcService.java:closeImpl(184)) - c8599c9e-d3dc-4d93-b189-78c24227363c: shutdown server with port 44593 now
2020-12-07 10:48:42,541 [Listener at 127.0.0.1/33429] INFO  metrics.RatisMetrics (RatisMetrics.java:unregister(43)) - Unregistering Metrics Registry : ratis.server.9dd88559-92ed-4006-9b1f-fe1c5650edb0@group-9F45B1B023DF
2020-12-07 10:48:42,542 [Listener at 127.0.0.1/33429] INFO  server.GrpcService (GrpcService.java:closeImpl(184)) - 9dd88559-92ed-4006-9b1f-fe1c5650edb0: shutdown server with port 38415 now
2020-12-07 10:48:42,548 [ForkJoinPool.commonPool-worker-0] INFO  server.GrpcService (GrpcService.java:closeImpl(193)) - c8599c9e-d3dc-4d93-b189-78c24227363c: shutdown server with port 44593 successfully
2020-12-07 10:48:42,551 [ForkJoinPool.commonPool-worker-0] INFO  utils.BackgroundService (BackgroundService.java:shutdown(132)) - Shutting down service BlockDeletingService
2020-12-07 10:48:42,553 [Listener at 127.0.0.1/33429] INFO  server.GrpcService (GrpcService.java:closeImpl(193)) - 9dd88559-92ed-4006-9b1f-fe1c5650edb0: shutdown server with port 38415 successfully
2020-12-07 10:48:42,556 [Listener at 127.0.0.1/33429] INFO  utils.BackgroundService (BackgroundService.java:shutdown(132)) - Shutting down service BlockDeletingService
2020-12-07 10:48:42,557 [ForkJoinPool.commonPool-worker-0] INFO  statemachine.DatanodeStateMachine (DatanodeStateMachine.java:stopDaemon(461)) - Ozone container server stopped.
2020-12-07 10:48:42,557 [Listener at 127.0.0.1/33429] INFO  statemachine.DatanodeStateMachine (DatanodeStateMachine.java:stopDaemon(461)) - Ozone container server stopped.
2020-12-07 10:48:42,570 [Listener at 127.0.0.1/33429] INFO  handler.ContextHandler (ContextHandler.java:doStop(1154)) - Stopped o.e.j.w.WebAppContext@56ae6d2f{hddsDatanode,/,null,STOPPED}{jar:file:/home/user/.m2/repository/org/apache/hadoop/hadoop-hdds-container-service/1.1.0-SNAPSHOT/hadoop-hdds-container-service-1.1.0-SNAPSHOT.jar!/webapps/hddsDatanode}
2020-12-07 10:48:42,573 [Listener at 127.0.0.1/33429] INFO  server.AbstractConnector (AbstractConnector.java:doStop(381)) - Stopped ServerConnector@74ad341f{HTTP/1.1, (http/1.1)}{0.0.0.0:0}
2020-12-07 10:48:42,573 [Listener at 127.0.0.1/33429] INFO  server.session (HouseKeeper.java:stopScavenging(149)) - node0 Stopped scavenging
2020-12-07 10:48:42,573 [Listener at 127.0.0.1/33429] INFO  handler.ContextHandler (ContextHandler.java:doStop(1154)) - Stopped o.e.j.s.ServletContextHandler@125c6475{static,/static,jar:file:/home/user/.m2/repository/org/apache/hadoop/hadoop-hdds-container-service/1.1.0-SNAPSHOT/hadoop-hdds-container-service-1.1.0-SNAPSHOT.jar!/webapps/static,STOPPED}
2020-12-07 10:48:42,573 [Listener at 127.0.0.1/33429] INFO  handler.ContextHandler (ContextHandler.java:doStop(1154)) - Stopped o.e.j.s.ServletContextHandler@2e24186f{logs,/logs,file:///github/workspace/mnt/ozone/hadoop-ozone/integration-test/target/log,STOPPED}
2020-12-07 10:48:42,574 [ForkJoinPool.commonPool-worker-0] INFO  handler.ContextHandler (ContextHandler.java:doStop(1154)) - Stopped o.e.j.w.WebAppContext@3bb2f4d0{hddsDatanode,/,null,STOPPED}{jar:file:/home/user/.m2/repository/org/apache/hadoop/hadoop-hdds-container-service/1.1.0-SNAPSHOT/hadoop-hdds-container-service-1.1.0-SNAPSHOT.jar!/webapps/hddsDatanode}
2020-12-07 10:48:42,574 [ForkJoinPool.commonPool-worker-0] INFO  server.AbstractConnector (AbstractConnector.java:doStop(381)) - Stopped ServerConnector@5c99bf28{HTTP/1.1, (http/1.1)}{0.0.0.0:0}
2020-12-07 10:48:42,575 [ForkJoinPool.commonPool-worker-0] INFO  server.session (HouseKeeper.java:stopScavenging(149)) - node0 Stopped scavenging
2020-12-07 10:48:42,575 [ForkJoinPool.commonPool-worker-0] INFO  handler.ContextHandler (ContextHandler.java:doStop(1154)) - Stopped o.e.j.s.ServletContextHandler@374ac26e{static,/static,jar:file:/home/user/.m2/repository/org/apache/hadoop/hadoop-hdds-container-service/1.1.0-SNAPSHOT/hadoop-hdds-container-service-1.1.0-SNAPSHOT.jar!/webapps/static,STOPPED}
2020-12-07 10:48:42,576 [ForkJoinPool.commonPool-worker-0] INFO  handler.ContextHandler (ContextHandler.java:doStop(1154)) - Stopped o.e.j.s.ServletContextHandler@6d1f0c3{logs,/logs,file:///github/workspace/mnt/ozone/hadoop-ozone/integration-test/target/log,STOPPED}
2020-12-07 10:48:42,748 [Datanode State Machine Thread - 0] INFO  statemachine.DatanodeStateMachine (DatanodeStateMachine.java:lambda$startDaemon$0(408)) - Ozone container server started.
2020-12-07 10:48:43,431 [Datanode State Machine Thread - 0] INFO  statemachine.DatanodeStateMachine (DatanodeStateMachine.java:lambda$startDaemon$0(408)) - Ozone container server started.
2020-12-07 10:48:46,942 [Thread-753] INFO  impl.FollowerState (FollowerState.java:run(128)) - 786fac63-cb43-495a-b53a-6153a2bfbbd7@group-9A51F20A5674-FollowerState: change to CANDIDATE, lastRpcTime:5062ms, electionTimeout:5062ms
2020-12-07 10:48:46,942 [Thread-753] INFO  impl.RoleInfo (RoleInfo.java:shutdownFollowerState(121)) - 786fac63-cb43-495a-b53a-6153a2bfbbd7: shutdown 786fac63-cb43-495a-b53a-6153a2bfbbd7@group-9A51F20A5674-FollowerState
2020-12-07 10:48:46,942 [Thread-753] INFO  impl.RaftServerImpl (RaftServerImpl.java:setRole(204)) - 786fac63-cb43-495a-b53a-6153a2bfbbd7@group-9A51F20A5674: changes role from  FOLLOWER to CANDIDATE at term 2 for changeToCandidate
2020-12-07 10:48:46,942 [Thread-753] INFO  impl.RoleInfo (RoleInfo.java:updateAndGet(143)) - 786fac63-cb43-495a-b53a-6153a2bfbbd7: start 786fac63-cb43-495a-b53a-6153a2bfbbd7@group-9A51F20A5674-LeaderElection25
2020-12-07 10:48:46,944 [786fac63-cb43-495a-b53a-6153a2bfbbd7@group-9A51F20A5674-LeaderElection25] INFO  impl.LeaderElection (LeaderElection.java:askForVotes(215)) - 786fac63-cb43-495a-b53a-6153a2bfbbd7@group-9A51F20A5674-LeaderElection25: begin an election at term 3 for 0: [786fac63-cb43-495a-b53a-6153a2bfbbd7|rpc:172.17.0.2:37619|dataStream:, 0fa75ab1-6d1c-4858-bfa2-bdb40c45c28d|rpc:172.17.0.2:38457|dataStream:, c8599c9e-d3dc-4d93-b189-78c24227363c|rpc:172.17.0.2:44593|dataStream:], old=null
2020-12-07 10:48:46,945 [786fac63-cb43-495a-b53a-6153a2bfbbd7@group-9A51F20A5674-LeaderElection25] INFO  impl.LeaderElection (LogUtils.java:infoOrTrace(137)) - 786fac63-cb43-495a-b53a-6153a2bfbbd7@group-9A51F20A5674-LeaderElection25 got exception when requesting votes: java.util.concurrent.ExecutionException: org.apache.ratis.thirdparty.io.grpc.StatusRuntimeException: UNAVAILABLE: io exception
2020-12-07 10:48:46,948 [786fac63-cb43-495a-b53a-6153a2bfbbd7@group-9A51F20A5674-LeaderElection25] INFO  impl.LeaderElection (LogUtils.java:infoOrTrace(137)) - 786fac63-cb43-495a-b53a-6153a2bfbbd7@group-9A51F20A5674-LeaderElection25 got exception when requesting votes: java.util.concurrent.ExecutionException: org.apache.ratis.thirdparty.io.grpc.StatusRuntimeException: UNAVAILABLE: io exception
2020-12-07 10:48:46,948 [786fac63-cb43-495a-b53a-6153a2bfbbd7@group-9A51F20A5674-LeaderElection25] INFO  impl.LeaderElection (LeaderElection.java:logAndReturn(65)) - 786fac63-cb43-495a-b53a-6153a2bfbbd7@group-9A51F20A5674-LeaderElection25: Election REJECTED; received 0 response(s) [] and 2 exception(s); 786fac63-cb43-495a-b53a-6153a2bfbbd7@group-9A51F20A5674:t3, leader=null, voted=786fac63-cb43-495a-b53a-6153a2bfbbd7, raftlog=786fac63-cb43-495a-b53a-6153a2bfbbd7@group-9A51F20A5674-SegmentedRaftLog:OPENED:c0,f0,i0, conf=0: [786fac63-cb43-495a-b53a-6153a2bfbbd7|rpc:172.17.0.2:37619|dataStream:, 0fa75ab1-6d1c-4858-bfa2-bdb40c45c28d|rpc:172.17.0.2:38457|dataStream:, c8599c9e-d3dc-4d93-b189-78c24227363c|rpc:172.17.0.2:44593|dataStream:], old=null
2020-12-07 10:48:46,948 [786fac63-cb43-495a-b53a-6153a2bfbbd7@group-9A51F20A5674-LeaderElection25] INFO  impl.LeaderElection (LogUtils.java:infoOrTrace(137)) -   Exception 0: java.util.concurrent.ExecutionException: org.apache.ratis.thirdparty.io.grpc.StatusRuntimeException: UNAVAILABLE: io exception
2020-12-07 10:48:46,948 [786fac63-cb43-495a-b53a-6153a2bfbbd7@group-9A51F20A5674-LeaderElection25] INFO  impl.LeaderElection (LogUtils.java:infoOrTrace(137)) -   Exception 1: java.util.concurrent.ExecutionException: org.apache.ratis.thirdparty.io.grpc.StatusRuntimeException: UNAVAILABLE: io exception
2020-12-07 10:48:46,949 [786fac63-cb43-495a-b53a-6153a2bfbbd7@group-9A51F20A5674-LeaderElection25] INFO  impl.RaftServerImpl (RaftServerImpl.java:setRole(204)) - 786fac63-cb43-495a-b53a-6153a2bfbbd7@group-9A51F20A5674: changes role from CANDIDATE to FOLLOWER at term 3 for DISCOVERED_A_NEW_TERM
2020-12-07 10:48:46,949 [786fac63-cb43-495a-b53a-6153a2bfbbd7@group-9A51F20A5674-LeaderElection25] INFO  impl.RoleInfo (RoleInfo.java:shutdownLeaderElection(134)) - 786fac63-cb43-495a-b53a-6153a2bfbbd7: shutdown 786fac63-cb43-495a-b53a-6153a2bfbbd7@group-9A51F20A5674-LeaderElection25
2020-12-07 10:48:46,949 [786fac63-cb43-495a-b53a-6153a2bfbbd7@group-9A51F20A5674-LeaderElection25] INFO  impl.RoleInfo (RoleInfo.java:updateAndGet(143)) - 786fac63-cb43-495a-b53a-6153a2bfbbd7: start 786fac63-cb43-495a-b53a-6153a2bfbbd7@group-9A51F20A5674-FollowerState
2020-12-07 10:48:47,577 [Listener at 127.0.0.1/33429] INFO  ozoneimpl.OzoneContainer (OzoneContainer.java:stop(257)) - Attempting to stop container services.
2020-12-07 10:48:47,578 [ForkJoinPool.commonPool-worker-0] INFO  ozoneimpl.OzoneContainer (OzoneContainer.java:stop(257)) - Attempting to stop container services.
2020-12-07 10:48:47,578 [Listener at 127.0.0.1/33429] INFO  impl.RaftServerProxy (RaftServerProxy.java:lambda$close$4(338)) - 2cccdb4a-43f4-414a-b789-1147e18a9f82: close
2020-12-07 10:48:47,578 [Listener at 127.0.0.1/33429] INFO  impl.RaftServerImpl (RaftServerImpl.java:lambda$shutdown$3(328)) - 2cccdb4a-43f4-414a-b789-1147e18a9f82@group-5B3C3CFB5850: shutdown
2020-12-07 10:48:47,578 [Listener at 127.0.0.1/33429] INFO  util.JmxRegister (JmxRegister.java:unregister(73)) - Successfully un-registered JMX Bean with object name Ratis:service=RaftServer,group=group-5B3C3CFB5850,id=2cccdb4a-43f4-414a-b789-1147e18a9f82
2020-12-07 10:48:47,579 [Listener at 127.0.0.1/33429] INFO  impl.RoleInfo (RoleInfo.java:shutdownLeaderState(104)) - 2cccdb4a-43f4-414a-b789-1147e18a9f82: shutdown 2cccdb4a-43f4-414a-b789-1147e18a9f82@group-5B3C3CFB5850-LeaderState
2020-12-07 10:48:47,578 [ForkJoinPool.commonPool-worker-0] INFO  impl.RaftServerProxy (RaftServerProxy.java:lambda$close$4(338)) - 786fac63-cb43-495a-b53a-6153a2bfbbd7: close
2020-12-07 10:48:47,579 [Listener at 127.0.0.1/33429] INFO  impl.PendingRequests (PendingRequests.java:sendNotLeaderResponses(250)) - 2cccdb4a-43f4-414a-b789-1147e18a9f82@group-5B3C3CFB5850-PendingRequests: sendNotLeaderResponses
2020-12-07 10:48:47,579 [ForkJoinPool.commonPool-worker-0] INFO  impl.RaftServerImpl (RaftServerImpl.java:lambda$shutdown$3(328)) - 786fac63-cb43-495a-b53a-6153a2bfbbd7@group-293A9D80C3B9: shutdown
2020-12-07 10:48:47,579 [Listener at 127.0.0.1/33429] INFO  metrics.RatisMetrics (RatisMetrics.java:unregister(43)) - Unregistering Metrics Registry : ratis.log_appender.2cccdb4a-43f4-414a-b789-1147e18a9f82@group-5B3C3CFB5850
2020-12-07 10:48:47,579 [Listener at 127.0.0.1/33429] INFO  metrics.RatisMetrics (RatisMetrics.java:unregister(43)) - Unregistering Metrics Registry : ratis.server.2cccdb4a-43f4-414a-b789-1147e18a9f82@group-5B3C3CFB5850
2020-12-07 10:48:47,579 [ForkJoinPool.commonPool-worker-0] INFO  util.JmxRegister (JmxRegister.java:unregister(73)) - Successfully un-registered JMX Bean with object name Ratis:service=RaftServer,group=group-293A9D80C3B9,id=786fac63-cb43-495a-b53a-6153a2bfbbd7
2020-12-07 10:48:47,580 [ForkJoinPool.commonPool-worker-0] INFO  impl.RoleInfo (RoleInfo.java:shutdownLeaderState(104)) - 786fac63-cb43-495a-b53a-6153a2bfbbd7: shutdown 786fac63-cb43-495a-b53a-6153a2bfbbd7@group-293A9D80C3B9-LeaderState
2020-12-07 10:48:47,580 [ForkJoinPool.commonPool-worker-0] INFO  impl.PendingRequests (PendingRequests.java:sendNotLeaderResponses(250)) - 786fac63-cb43-495a-b53a-6153a2bfbbd7@group-293A9D80C3B9-PendingRequests: sendNotLeaderResponses
2020-12-07 10:48:47,580 [ForkJoinPool.commonPool-worker-0] INFO  metrics.RatisMetrics (RatisMetrics.java:unregister(43)) - Unregistering Metrics Registry : ratis.log_appender.786fac63-cb43-495a-b53a-6153a2bfbbd7@group-293A9D80C3B9
2020-12-07 10:48:47,580 [ForkJoinPool.commonPool-worker-0] INFO  metrics.RatisMetrics (RatisMetrics.java:unregister(43)) - Unregistering Metrics Registry : ratis.server.786fac63-cb43-495a-b53a-6153a2bfbbd7@group-293A9D80C3B9
2020-12-07 10:48:47,580 [2cccdb4a-43f4-414a-b789-1147e18a9f82@group-5B3C3CFB5850-StateMachineUpdater] INFO  ratis.ContainerStateMachine (ContainerStateMachine.java:takeSnapshot(293)) - group-5B3C3CFB5850: Taking a snapshot at:(t:1, i:0) file /github/workspace/mnt/ozone/hadoop-ozone/integration-test/target/test-dir/MiniOzoneClusterImpl-63b0f1bc-721b-4e89-a01a-54c1f1559151/datanode-6/data/ratis/ed40f1b1-a750-4495-828f-5b3c3cfb5850/sm/snapshot.1_0
2020-12-07 10:48:47,580 [Listener at 127.0.0.1/33429] INFO  impl.StateMachineUpdater (StateMachineUpdater.java:stopAndJoin(147)) - 2cccdb4a-43f4-414a-b789-1147e18a9f82@group-5B3C3CFB5850-StateMachineUpdater: set stopIndex = 0
2020-12-07 10:48:47,581 [ForkJoinPool.commonPool-worker-0] INFO  impl.StateMachineUpdater (StateMachineUpdater.java:stopAndJoin(147)) - 786fac63-cb43-495a-b53a-6153a2bfbbd7@group-293A9D80C3B9-StateMachineUpdater: set stopIndex = 0
2020-12-07 10:48:47,581 [786fac63-cb43-495a-b53a-6153a2bfbbd7@group-293A9D80C3B9-StateMachineUpdater] INFO  ratis.ContainerStateMachine (ContainerStateMachine.java:takeSnapshot(293)) - group-293A9D80C3B9: Taking a snapshot at:(t:1, i:0) file /github/workspace/mnt/ozone/hadoop-ozone/integration-test/target/test-dir/MiniOzoneClusterImpl-63b0f1bc-721b-4e89-a01a-54c1f1559151/datanode-0/data/ratis/5cd738b5-642c-4291-84ee-293a9d80c3b9/sm/snapshot.1_0
2020-12-07 10:48:47,581 [2cccdb4a-43f4-414a-b789-1147e18a9f82@group-5B3C3CFB5850-StateMachineUpdater] INFO  ratis.ContainerStateMachine (ContainerStateMachine.java:takeSnapshot(304)) - group-5B3C3CFB5850: Finished taking a snapshot at:(t:1, i:0) file:/github/workspace/mnt/ozone/hadoop-ozone/integration-test/target/test-dir/MiniOzoneClusterImpl-63b0f1bc-721b-4e89-a01a-54c1f1559151/datanode-6/data/ratis/ed40f1b1-a750-4495-828f-5b3c3cfb5850/sm/snapshot.1_0 time:1
2020-12-07 10:48:47,582 [2cccdb4a-43f4-414a-b789-1147e18a9f82@group-5B3C3CFB5850-StateMachineUpdater] INFO  impl.StateMachineUpdater (StateMachineUpdater.java:takeSnapshot(278)) - 2cccdb4a-43f4-414a-b789-1147e18a9f82@group-5B3C3CFB5850-StateMachineUpdater: Took a snapshot at index 0
2020-12-07 10:48:47,582 [2cccdb4a-43f4-414a-b789-1147e18a9f82@group-5B3C3CFB5850-StateMachineUpdater] INFO  impl.StateMachineUpdater (StateMachineUpdater.java:lambda$new$0(87)) - 2cccdb4a-43f4-414a-b789-1147e18a9f82@group-5B3C3CFB5850-StateMachineUpdater: snapshotIndex: updateIncreasingly -1 -> 0
2020-12-07 10:48:47,582 [786fac63-cb43-495a-b53a-6153a2bfbbd7@group-293A9D80C3B9-StateMachineUpdater] INFO  ratis.ContainerStateMachine (ContainerStateMachine.java:takeSnapshot(304)) - group-293A9D80C3B9: Finished taking a snapshot at:(t:1, i:0) file:/github/workspace/mnt/ozone/hadoop-ozone/integration-test/target/test-dir/MiniOzoneClusterImpl-63b0f1bc-721b-4e89-a01a-54c1f1559151/datanode-0/data/ratis/5cd738b5-642c-4291-84ee-293a9d80c3b9/sm/snapshot.1_0 time:1
2020-12-07 10:48:47,582 [2cccdb4a-43f4-414a-b789-1147e18a9f82@group-5B3C3CFB5850-StateMachineUpdater] INFO  metrics.RatisMetrics (RatisMetrics.java:unregister(43)) - Unregistering Metrics Registry : ratis.state_machine.2cccdb4a-43f4-414a-b789-1147e18a9f82@group-5B3C3CFB5850
2020-12-07 10:48:47,582 [786fac63-cb43-495a-b53a-6153a2bfbbd7@group-293A9D80C3B9-StateMachineUpdater] INFO  impl.StateMachineUpdater (StateMachineUpdater.java:takeSnapshot(278)) - 786fac63-cb43-495a-b53a-6153a2bfbbd7@group-293A9D80C3B9-StateMachineUpdater: Took a snapshot at index 0
2020-12-07 10:48:47,582 [Listener at 127.0.0.1/33429] INFO  impl.RaftServerImpl (ServerState.java:close(406)) - 2cccdb4a-43f4-414a-b789-1147e18a9f82@group-5B3C3CFB5850: closes. applyIndex: 0
2020-12-07 10:48:47,582 [786fac63-cb43-495a-b53a-6153a2bfbbd7@group-293A9D80C3B9-StateMachineUpdater] INFO  impl.StateMachineUpdater (StateMachineUpdater.java:lambda$new$0(87)) - 786fac63-cb43-495a-b53a-6153a2bfbbd7@group-293A9D80C3B9-StateMachineUpdater: snapshotIndex: updateIncreasingly -1 -> 0
2020-12-07 10:48:47,582 [786fac63-cb43-495a-b53a-6153a2bfbbd7@group-293A9D80C3B9-StateMachineUpdater] INFO  metrics.RatisMetrics (RatisMetrics.java:unregister(43)) - Unregistering Metrics Registry : ratis.state_machine.786fac63-cb43-495a-b53a-6153a2bfbbd7@group-293A9D80C3B9
2020-12-07 10:48:47,582 [ForkJoinPool.commonPool-worker-0] INFO  impl.RaftServerImpl (ServerState.java:close(406)) - 786fac63-cb43-495a-b53a-6153a2bfbbd7@group-293A9D80C3B9: closes. applyIndex: 0
2020-12-07 10:48:47,582 [2cccdb4a-43f4-414a-b789-1147e18a9f82@group-5B3C3CFB5850-SegmentedRaftLogWorker] INFO  segmented.SegmentedRaftLogWorker (SegmentedRaftLogWorker.java:run(329)) - 2cccdb4a-43f4-414a-b789-1147e18a9f82@group-5B3C3CFB5850-SegmentedRaftLogWorker was interrupted, exiting. There are 0 tasks remaining in the queue.
2020-12-07 10:48:47,583 [786fac63-cb43-495a-b53a-6153a2bfbbd7@group-293A9D80C3B9-SegmentedRaftLogWorker] INFO  segmented.SegmentedRaftLogWorker (SegmentedRaftLogWorker.java:run(329)) - 786fac63-cb43-495a-b53a-6153a2bfbbd7@group-293A9D80C3B9-SegmentedRaftLogWorker was interrupted, exiting. There are 0 tasks remaining in the queue.
2020-12-07 10:48:47,583 [Listener at 127.0.0.1/33429] INFO  segmented.SegmentedRaftLogWorker (SegmentedRaftLogWorker.java:close(235)) - 2cccdb4a-43f4-414a-b789-1147e18a9f82@group-5B3C3CFB5850-SegmentedRaftLogWorker close()
2020-12-07 10:48:47,585 [Listener at 127.0.0.1/33429] INFO  metrics.RatisMetrics (RatisMetrics.java:unregister(43)) - Unregistering Metrics Registry : ratis.log_worker.2cccdb4a-43f4-414a-b789-1147e18a9f82@group-5B3C3CFB5850
2020-12-07 10:48:47,585 [Listener at 127.0.0.1/33429] INFO  metrics.RatisMetrics (RatisMetrics.java:unregister(43)) - Unregistering Metrics Registry : ratis.leader_election.2cccdb4a-43f4-414a-b789-1147e18a9f82@group-5B3C3CFB5850
2020-12-07 10:48:47,585 [ForkJoinPool.commonPool-worker-0] INFO  segmented.SegmentedRaftLogWorker (SegmentedRaftLogWorker.java:close(235)) - 786fac63-cb43-495a-b53a-6153a2bfbbd7@group-293A9D80C3B9-SegmentedRaftLogWorker close()
2020-12-07 10:48:47,586 [Listener at 127.0.0.1/33429] INFO  metrics.RatisMetrics (RatisMetrics.java:unregister(43)) - Unregistering Metrics Registry : ratis.server.2cccdb4a-43f4-414a-b789-1147e18a9f82@group-5B3C3CFB5850
2020-12-07 10:48:47,586 [ForkJoinPool.commonPool-worker-0] INFO  metrics.RatisMetrics (RatisMetrics.java:unregister(43)) - Unregistering Metrics Registry : ratis.log_worker.786fac63-cb43-495a-b53a-6153a2bfbbd7@group-293A9D80C3B9
2020-12-07 10:48:47,586 [Listener at 127.0.0.1/33429] INFO  server.GrpcService (GrpcService.java:closeImpl(184)) - 2cccdb4a-43f4-414a-b789-1147e18a9f82: shutdown server with port 37441 now
2020-12-07 10:48:47,586 [Listener at 127.0.0.1/33429] INFO  server.GrpcService (GrpcService.java:closeImpl(193)) - 2cccdb4a-43f4-414a-b789-1147e18a9f82: shutdown server with port 37441 successfully
2020-12-07 10:48:47,588 [Listener at 127.0.0.1/33429] INFO  utils.BackgroundService (BackgroundService.java:shutdown(132)) - Shutting down service BlockDeletingService
2020-12-07 10:48:47,586 [ForkJoinPool.commonPool-worker-0] INFO  metrics.RatisMetrics (RatisMetrics.java:unregister(43)) - Unregistering Metrics Registry : ratis.leader_election.786fac63-cb43-495a-b53a-6153a2bfbbd7@group-293A9D80C3B9
2020-12-07 10:48:47,591 [ForkJoinPool.commonPool-worker-0] INFO  metrics.RatisMetrics (RatisMetrics.java:unregister(43)) - Unregistering Metrics Registry : ratis.server.786fac63-cb43-495a-b53a-6153a2bfbbd7@group-293A9D80C3B9
2020-12-07 10:48:47,591 [ForkJoinPool.commonPool-worker-0] INFO  impl.RaftServerImpl (RaftServerImpl.java:lambda$shutdown$3(328)) - 786fac63-cb43-495a-b53a-6153a2bfbbd7@group-9A51F20A5674: shutdown
2020-12-07 10:48:47,591 [ForkJoinPool.commonPool-worker-0] INFO  util.JmxRegister (JmxRegister.java:unregister(73)) - Successfully un-registered JMX Bean with object name Ratis:service=RaftServer,group=group-9A51F20A5674,id=786fac63-cb43-495a-b53a-6153a2bfbbd7
2020-12-07 10:48:47,591 [ForkJoinPool.commonPool-worker-0] INFO  impl.RoleInfo (RoleInfo.java:shutdownFollowerState(121)) - 786fac63-cb43-495a-b53a-6153a2bfbbd7: shutdown 786fac63-cb43-495a-b53a-6153a2bfbbd7@group-9A51F20A5674-FollowerState
2020-12-07 10:48:47,592 [Thread-767] INFO  impl.FollowerState (FollowerState.java:run(137)) - 786fac63-cb43-495a-b53a-6153a2bfbbd7@group-9A51F20A5674-FollowerState was interrupted: {}
java.lang.InterruptedException: sleep interrupted
	at java.lang.Thread.sleep(Native Method)
	at org.apache.ratis.util.JavaUtils.sleep(JavaUtils.java:250)
	at org.apache.ratis.server.impl.FollowerState.run(FollowerState.java:116)
2020-12-07 10:48:47,592 [786fac63-cb43-495a-b53a-6153a2bfbbd7@group-9A51F20A5674-StateMachineUpdater] INFO  ratis.ContainerStateMachine (ContainerStateMachine.java:takeSnapshot(293)) - group-9A51F20A5674: Taking a snapshot at:(t:1, i:0) file /github/workspace/mnt/ozone/hadoop-ozone/integration-test/target/test-dir/MiniOzoneClusterImpl-63b0f1bc-721b-4e89-a01a-54c1f1559151/datanode-0/data/ratis/2ccd2da7-92ab-4207-8952-9a51f20a5674/sm/snapshot.1_0
2020-12-07 10:48:47,598 [Listener at 127.0.0.1/33429] INFO  statemachine.DatanodeStateMachine (DatanodeStateMachine.java:stopDaemon(461)) - Ozone container server stopped.
2020-12-07 10:48:47,598 [ForkJoinPool.commonPool-worker-0] INFO  impl.StateMachineUpdater (StateMachineUpdater.java:stopAndJoin(147)) - 786fac63-cb43-495a-b53a-6153a2bfbbd7@group-9A51F20A5674-StateMachineUpdater: set stopIndex = 0
2020-12-07 10:48:47,600 [786fac63-cb43-495a-b53a-6153a2bfbbd7@group-9A51F20A5674-StateMachineUpdater] INFO  ratis.ContainerStateMachine (ContainerStateMachine.java:takeSnapshot(304)) - group-9A51F20A5674: Finished taking a snapshot at:(t:1, i:0) file:/github/workspace/mnt/ozone/hadoop-ozone/integration-test/target/test-dir/MiniOzoneClusterImpl-63b0f1bc-721b-4e89-a01a-54c1f1559151/datanode-0/data/ratis/2ccd2da7-92ab-4207-8952-9a51f20a5674/sm/snapshot.1_0 time:8
2020-12-07 10:48:47,600 [786fac63-cb43-495a-b53a-6153a2bfbbd7@group-9A51F20A5674-StateMachineUpdater] INFO  impl.StateMachineUpdater (StateMachineUpdater.java:takeSnapshot(278)) - 786fac63-cb43-495a-b53a-6153a2bfbbd7@group-9A51F20A5674-StateMachineUpdater: Took a snapshot at index 0
2020-12-07 10:48:47,600 [786fac63-cb43-495a-b53a-6153a2bfbbd7@group-9A51F20A5674-StateMachineUpdater] INFO  impl.StateMachineUpdater (StateMachineUpdater.java:lambda$new$0(87)) - 786fac63-cb43-495a-b53a-6153a2bfbbd7@group-9A51F20A5674-StateMachineUpdater: snapshotIndex: updateIncreasingly -1 -> 0
2020-12-07 10:48:47,600 [786fac63-cb43-495a-b53a-6153a2bfbbd7@group-9A51F20A5674-StateMachineUpdater] INFO  metrics.RatisMetrics (RatisMetrics.java:unregister(43)) - Unregistering Metrics Registry : ratis.state_machine.786fac63-cb43-495a-b53a-6153a2bfbbd7@group-9A51F20A5674
2020-12-07 10:48:47,600 [ForkJoinPool.commonPool-worker-0] INFO  impl.RaftServerImpl (ServerState.java:close(406)) - 786fac63-cb43-495a-b53a-6153a2bfbbd7@group-9A51F20A5674: closes. applyIndex: 0
2020-12-07 10:48:47,600 [786fac63-cb43-495a-b53a-6153a2bfbbd7@group-9A51F20A5674-SegmentedRaftLogWorker] INFO  segmented.SegmentedRaftLogWorker (SegmentedRaftLogWorker.java:run(329)) - 786fac63-cb43-495a-b53a-6153a2bfbbd7@group-9A51F20A5674-SegmentedRaftLogWorker was interrupted, exiting. There are 0 tasks remaining in the queue.
2020-12-07 10:48:47,601 [ForkJoinPool.commonPool-worker-0] INFO  segmented.SegmentedRaftLogWorker (SegmentedRaftLogWorker.java:close(235)) - 786fac63-cb43-495a-b53a-6153a2bfbbd7@group-9A51F20A5674-SegmentedRaftLogWorker close()
2020-12-07 10:48:47,601 [ForkJoinPool.commonPool-worker-0] INFO  metrics.RatisMetrics (RatisMetrics.java:unregister(43)) - Unregistering Metrics Registry : ratis.log_worker.786fac63-cb43-495a-b53a-6153a2bfbbd7@group-9A51F20A5674
2020-12-07 10:48:47,601 [ForkJoinPool.commonPool-worker-0] INFO  metrics.RatisMetrics (RatisMetrics.java:unregister(43)) - Unregistering Metrics Registry : ratis.leader_election.786fac63-cb43-495a-b53a-6153a2bfbbd7@group-9A51F20A5674
2020-12-07 10:48:47,601 [ForkJoinPool.commonPool-worker-0] INFO  metrics.RatisMetrics (RatisMetrics.java:unregister(43)) - Unregistering Metrics Registry : ratis.server.786fac63-cb43-495a-b53a-6153a2bfbbd7@group-9A51F20A5674
2020-12-07 10:48:47,601 [ForkJoinPool.commonPool-worker-0] INFO  server.GrpcService (GrpcService.java:closeImpl(184)) - 786fac63-cb43-495a-b53a-6153a2bfbbd7: shutdown server with port 37619 now
2020-12-07 10:48:47,612 [ForkJoinPool.commonPool-worker-0] INFO  server.GrpcService (GrpcService.java:closeImpl(193)) - 786fac63-cb43-495a-b53a-6153a2bfbbd7: shutdown server with port 37619 successfully
2020-12-07 10:48:47,615 [Listener at 127.0.0.1/33429] INFO  handler.ContextHandler (ContextHandler.java:doStop(1154)) - Stopped o.e.j.w.WebAppContext@6b2c4c48{hddsDatanode,/,null,STOPPED}{jar:file:/home/user/.m2/repository/org/apache/hadoop/hadoop-hdds-container-service/1.1.0-SNAPSHOT/hadoop-hdds-container-service-1.1.0-SNAPSHOT.jar!/webapps/hddsDatanode}
2020-12-07 10:48:47,615 [ForkJoinPool.commonPool-worker-0] INFO  utils.BackgroundService (BackgroundService.java:shutdown(132)) - Shutting down service BlockDeletingService
2020-12-07 10:48:47,616 [Listener at 127.0.0.1/33429] INFO  server.AbstractConnector (AbstractConnector.java:doStop(381)) - Stopped ServerConnector@5d3af12f{HTTP/1.1, (http/1.1)}{0.0.0.0:0}
2020-12-07 10:48:47,617 [ForkJoinPool.commonPool-worker-0] INFO  statemachine.DatanodeStateMachine (DatanodeStateMachine.java:stopDaemon(461)) - Ozone container server stopped.
2020-12-07 10:48:47,617 [Listener at 127.0.0.1/33429] INFO  server.session (HouseKeeper.java:stopScavenging(149)) - node0 Stopped scavenging
2020-12-07 10:48:47,618 [Listener at 127.0.0.1/33429] INFO  handler.ContextHandler (ContextHandler.java:doStop(1154)) - Stopped o.e.j.s.ServletContextHandler@2f9b35ab{static,/static,jar:file:/home/user/.m2/repository/org/apache/hadoop/hadoop-hdds-container-service/1.1.0-SNAPSHOT/hadoop-hdds-container-service-1.1.0-SNAPSHOT.jar!/webapps/static,STOPPED}
2020-12-07 10:48:47,618 [Listener at 127.0.0.1/33429] INFO  handler.ContextHandler (ContextHandler.java:doStop(1154)) - Stopped o.e.j.s.ServletContextHandler@106420b0{logs,/logs,file:///github/workspace/mnt/ozone/hadoop-ozone/integration-test/target/log,STOPPED}
2020-12-07 10:48:47,630 [ForkJoinPool.commonPool-worker-0] INFO  handler.ContextHandler (ContextHandler.java:doStop(1154)) - Stopped o.e.j.w.WebAppContext@434c6fef{hddsDatanode,/,null,STOPPED}{jar:file:/home/user/.m2/repository/org/apache/hadoop/hadoop-hdds-container-service/1.1.0-SNAPSHOT/hadoop-hdds-container-service-1.1.0-SNAPSHOT.jar!/webapps/hddsDatanode}
2020-12-07 10:48:47,631 [ForkJoinPool.commonPool-worker-0] INFO  server.AbstractConnector (AbstractConnector.java:doStop(381)) - Stopped ServerConnector@21119703{HTTP/1.1, (http/1.1)}{0.0.0.0:0}
2020-12-07 10:48:47,631 [ForkJoinPool.commonPool-worker-0] INFO  server.session (HouseKeeper.java:stopScavenging(149)) - node0 Stopped scavenging
2020-12-07 10:48:47,632 [ForkJoinPool.commonPool-worker-0] INFO  handler.ContextHandler (ContextHandler.java:doStop(1154)) - Stopped o.e.j.s.ServletContextHandler@12816b57{static,/static,jar:file:/home/user/.m2/repository/org/apache/hadoop/hadoop-hdds-container-service/1.1.0-SNAPSHOT/hadoop-hdds-container-service-1.1.0-SNAPSHOT.jar!/webapps/static,STOPPED}
2020-12-07 10:48:47,633 [ForkJoinPool.commonPool-worker-0] INFO  handler.ContextHandler (ContextHandler.java:doStop(1154)) - Stopped o.e.j.s.ServletContextHandler@504771de{logs,/logs,file:///github/workspace/mnt/ozone/hadoop-ozone/integration-test/target/log,STOPPED}
2020-12-07 10:48:48,010 [Datanode State Machine Thread - 0] INFO  statemachine.DatanodeStateMachine (DatanodeStateMachine.java:lambda$startDaemon$0(408)) - Ozone container server started.
2020-12-07 10:48:52,560 [Thread-757] INFO  impl.FollowerState (FollowerState.java:run(128)) - e9cccd38-0623-438e-aabf-1afb1561e1cc@group-91F6C4109AAD-FollowerState: change to CANDIDATE, lastRpcTime:10246ms, electionTimeout:5196ms
2020-12-07 10:48:52,560 [Thread-757] INFO  impl.RoleInfo (RoleInfo.java:shutdownFollowerState(121)) - e9cccd38-0623-438e-aabf-1afb1561e1cc: shutdown e9cccd38-0623-438e-aabf-1afb1561e1cc@group-91F6C4109AAD-FollowerState
2020-12-07 10:48:52,560 [Thread-757] INFO  impl.RaftServerImpl (RaftServerImpl.java:setRole(204)) - e9cccd38-0623-438e-aabf-1afb1561e1cc@group-91F6C4109AAD: changes role from  FOLLOWER to CANDIDATE at term 2 for changeToCandidate
2020-12-07 10:48:52,561 [Thread-757] INFO  impl.RoleInfo (RoleInfo.java:updateAndGet(143)) - e9cccd38-0623-438e-aabf-1afb1561e1cc: start e9cccd38-0623-438e-aabf-1afb1561e1cc@group-91F6C4109AAD-LeaderElection26
2020-12-07 10:48:52,562 [e9cccd38-0623-438e-aabf-1afb1561e1cc@group-91F6C4109AAD-LeaderElection26] INFO  impl.RaftServerImpl (ServerState.java:setLeader(256)) - e9cccd38-0623-438e-aabf-1afb1561e1cc@group-91F6C4109AAD: change Leader from 9dd88559-92ed-4006-9b1f-fe1c5650edb0 to null at term 2 for initElection
2020-12-07 10:48:52,563 [e9cccd38-0623-438e-aabf-1afb1561e1cc@group-91F6C4109AAD-LeaderElection26] INFO  impl.LeaderElection (LeaderElection.java:askForVotes(215)) - e9cccd38-0623-438e-aabf-1afb1561e1cc@group-91F6C4109AAD-LeaderElection26: begin an election at term 3 for 1: [25184b17-1fd0-4ce3-ab40-51a23a8535eb|rpc:172.17.0.2:39065|dataStream:, 9dd88559-92ed-4006-9b1f-fe1c5650edb0|rpc:172.17.0.2:38415|dataStream:, e9cccd38-0623-438e-aabf-1afb1561e1cc|rpc:172.17.0.2:33459|dataStream:], old=null
2020-12-07 10:48:52,568 [e9cccd38-0623-438e-aabf-1afb1561e1cc@group-91F6C4109AAD-LeaderElection26] INFO  impl.LeaderElection (LogUtils.java:infoOrTrace(137)) - e9cccd38-0623-438e-aabf-1afb1561e1cc@group-91F6C4109AAD-LeaderElection26 got exception when requesting votes: java.util.concurrent.ExecutionException: org.apache.ratis.thirdparty.io.grpc.StatusRuntimeException: UNAVAILABLE: io exception
2020-12-07 10:48:52,569 [e9cccd38-0623-438e-aabf-1afb1561e1cc@group-91F6C4109AAD-LeaderElection26] INFO  impl.LeaderElection (LogUtils.java:infoOrTrace(137)) - e9cccd38-0623-438e-aabf-1afb1561e1cc@group-91F6C4109AAD-LeaderElection26 got exception when requesting votes: java.util.concurrent.ExecutionException: org.apache.ratis.thirdparty.io.grpc.StatusRuntimeException: UNAVAILABLE: io exception
2020-12-07 10:48:52,569 [e9cccd38-0623-438e-aabf-1afb1561e1cc@group-91F6C4109AAD-LeaderElection26] INFO  impl.LeaderElection (LeaderElection.java:logAndReturn(65)) - e9cccd38-0623-438e-aabf-1afb1561e1cc@group-91F6C4109AAD-LeaderElection26: Election REJECTED; received 0 response(s) [] and 2 exception(s); e9cccd38-0623-438e-aabf-1afb1561e1cc@group-91F6C4109AAD:t3, leader=null, voted=e9cccd38-0623-438e-aabf-1afb1561e1cc, raftlog=e9cccd38-0623-438e-aabf-1afb1561e1cc@group-91F6C4109AAD-SegmentedRaftLog:OPENED:c1,f2,i2, conf=1: [25184b17-1fd0-4ce3-ab40-51a23a8535eb|rpc:172.17.0.2:39065|dataStream:, 9dd88559-92ed-4006-9b1f-fe1c5650edb0|rpc:172.17.0.2:38415|dataStream:, e9cccd38-0623-438e-aabf-1afb1561e1cc|rpc:172.17.0.2:33459|dataStream:], old=null
2020-12-07 10:48:52,569 [e9cccd38-0623-438e-aabf-1afb1561e1cc@group-91F6C4109AAD-LeaderElection26] INFO  impl.LeaderElection (LogUtils.java:infoOrTrace(137)) -   Exception 0: java.util.concurrent.ExecutionException: org.apache.ratis.thirdparty.io.grpc.StatusRuntimeException: UNAVAILABLE: io exception
2020-12-07 10:48:52,569 [e9cccd38-0623-438e-aabf-1afb1561e1cc@group-91F6C4109AAD-LeaderElection26] INFO  impl.LeaderElection (LogUtils.java:infoOrTrace(137)) -   Exception 1: java.util.concurrent.ExecutionException: org.apache.ratis.thirdparty.io.grpc.StatusRuntimeException: UNAVAILABLE: io exception
2020-12-07 10:48:52,569 [e9cccd38-0623-438e-aabf-1afb1561e1cc@group-91F6C4109AAD-LeaderElection26] INFO  impl.RaftServerImpl (RaftServerImpl.java:setRole(204)) - e9cccd38-0623-438e-aabf-1afb1561e1cc@group-91F6C4109AAD: changes role from CANDIDATE to FOLLOWER at term 3 for DISCOVERED_A_NEW_TERM
2020-12-07 10:48:52,569 [e9cccd38-0623-438e-aabf-1afb1561e1cc@group-91F6C4109AAD-LeaderElection26] INFO  impl.RoleInfo (RoleInfo.java:shutdownLeaderElection(134)) - e9cccd38-0623-438e-aabf-1afb1561e1cc: shutdown e9cccd38-0623-438e-aabf-1afb1561e1cc@group-91F6C4109AAD-LeaderElection26
2020-12-07 10:48:52,570 [e9cccd38-0623-438e-aabf-1afb1561e1cc@group-91F6C4109AAD-LeaderElection26] INFO  impl.RoleInfo (RoleInfo.java:updateAndGet(143)) - e9cccd38-0623-438e-aabf-1afb1561e1cc: start e9cccd38-0623-438e-aabf-1afb1561e1cc@group-91F6C4109AAD-FollowerState
2020-12-07 10:48:52,620 [Listener at 127.0.0.1/33429] INFO  ozoneimpl.OzoneContainer (OzoneContainer.java:stop(257)) - Attempting to stop container services.
2020-12-07 10:48:52,621 [Listener at 127.0.0.1/33429] INFO  impl.RaftServerProxy (RaftServerProxy.java:lambda$close$4(338)) - e9cccd38-0623-438e-aabf-1afb1561e1cc: close
2020-12-07 10:48:52,621 [Listener at 127.0.0.1/33429] INFO  impl.RaftServerImpl (RaftServerImpl.java:lambda$shutdown$3(328)) - e9cccd38-0623-438e-aabf-1afb1561e1cc@group-6FB94C5BAD6B: shutdown
2020-12-07 10:48:52,621 [Listener at 127.0.0.1/33429] INFO  util.JmxRegister (JmxRegister.java:unregister(73)) - Successfully un-registered JMX Bean with object name Ratis:service=RaftServer,group=group-6FB94C5BAD6B,id=e9cccd38-0623-438e-aabf-1afb1561e1cc
2020-12-07 10:48:52,621 [Listener at 127.0.0.1/33429] INFO  impl.RoleInfo (RoleInfo.java:shutdownLeaderState(104)) - e9cccd38-0623-438e-aabf-1afb1561e1cc: shutdown e9cccd38-0623-438e-aabf-1afb1561e1cc@group-6FB94C5BAD6B-LeaderState
2020-12-07 10:48:52,622 [Listener at 127.0.0.1/33429] INFO  impl.PendingRequests (PendingRequests.java:sendNotLeaderResponses(250)) - e9cccd38-0623-438e-aabf-1afb1561e1cc@group-6FB94C5BAD6B-PendingRequests: sendNotLeaderResponses
2020-12-07 10:48:52,624 [Listener at 127.0.0.1/33429] INFO  metrics.RatisMetrics (RatisMetrics.java:unregister(43)) - Unregistering Metrics Registry : ratis.log_appender.e9cccd38-0623-438e-aabf-1afb1561e1cc@group-6FB94C5BAD6B
2020-12-07 10:48:52,624 [Listener at 127.0.0.1/33429] INFO  metrics.RatisMetrics (RatisMetrics.java:unregister(43)) - Unregistering Metrics Registry : ratis.server.e9cccd38-0623-438e-aabf-1afb1561e1cc@group-6FB94C5BAD6B
2020-12-07 10:48:52,624 [Listener at 127.0.0.1/33429] INFO  impl.StateMachineUpdater (StateMachineUpdater.java:stopAndJoin(147)) - e9cccd38-0623-438e-aabf-1afb1561e1cc@group-6FB94C5BAD6B-StateMachineUpdater: set stopIndex = 19
2020-12-07 10:48:52,625 [e9cccd38-0623-438e-aabf-1afb1561e1cc@group-6FB94C5BAD6B-StateMachineUpdater] INFO  ratis.ContainerStateMachine (ContainerStateMachine.java:takeSnapshot(293)) - group-6FB94C5BAD6B: Taking a snapshot at:(t:1, i:19) file /github/workspace/mnt/ozone/hadoop-ozone/integration-test/target/test-dir/MiniOzoneClusterImpl-63b0f1bc-721b-4e89-a01a-54c1f1559151/datanode-5/data/ratis/e4afc40e-dff8-4e5c-8349-6fb94c5bad6b/sm/snapshot.1_19
2020-12-07 10:48:52,626 [e9cccd38-0623-438e-aabf-1afb1561e1cc@group-6FB94C5BAD6B-StateMachineUpdater] INFO  ratis.ContainerStateMachine (ContainerStateMachine.java:takeSnapshot(304)) - group-6FB94C5BAD6B: Finished taking a snapshot at:(t:1, i:19) file:/github/workspace/mnt/ozone/hadoop-ozone/integration-test/target/test-dir/MiniOzoneClusterImpl-63b0f1bc-721b-4e89-a01a-54c1f1559151/datanode-5/data/ratis/e4afc40e-dff8-4e5c-8349-6fb94c5bad6b/sm/snapshot.1_19 time:2
2020-12-07 10:48:52,627 [e9cccd38-0623-438e-aabf-1afb1561e1cc@group-6FB94C5BAD6B-StateMachineUpdater] INFO  impl.StateMachineUpdater (StateMachineUpdater.java:takeSnapshot(278)) - e9cccd38-0623-438e-aabf-1afb1561e1cc@group-6FB94C5BAD6B-StateMachineUpdater: Took a snapshot at index 19
2020-12-07 10:48:52,627 [e9cccd38-0623-438e-aabf-1afb1561e1cc@group-6FB94C5BAD6B-StateMachineUpdater] INFO  impl.StateMachineUpdater (StateMachineUpdater.java:lambda$new$0(87)) - e9cccd38-0623-438e-aabf-1afb1561e1cc@group-6FB94C5BAD6B-StateMachineUpdater: snapshotIndex: updateIncreasingly -1 -> 19
2020-12-07 10:48:52,627 [e9cccd38-0623-438e-aabf-1afb1561e1cc@group-6FB94C5BAD6B-StateMachineUpdater] INFO  metrics.RatisMetrics (RatisMetrics.java:unregister(43)) - Unregistering Metrics Registry : ratis.state_machine.e9cccd38-0623-438e-aabf-1afb1561e1cc@group-6FB94C5BAD6B
2020-12-07 10:48:52,627 [Listener at 127.0.0.1/33429] INFO  impl.RaftServerImpl (ServerState.java:close(406)) - e9cccd38-0623-438e-aabf-1afb1561e1cc@group-6FB94C5BAD6B: closes. applyIndex: 19
2020-12-07 10:48:52,627 [e9cccd38-0623-438e-aabf-1afb1561e1cc@group-6FB94C5BAD6B-SegmentedRaftLogWorker] INFO  segmented.SegmentedRaftLogWorker (SegmentedRaftLogWorker.java:run(329)) - e9cccd38-0623-438e-aabf-1afb1561e1cc@group-6FB94C5BAD6B-SegmentedRaftLogWorker was interrupted, exiting. There are 0 tasks remaining in the queue.
2020-12-07 10:48:52,628 [Listener at 127.0.0.1/33429] INFO  segmented.SegmentedRaftLogWorker (SegmentedRaftLogWorker.java:close(235)) - e9cccd38-0623-438e-aabf-1afb1561e1cc@group-6FB94C5BAD6B-SegmentedRaftLogWorker close()
2020-12-07 10:48:52,628 [Listener at 127.0.0.1/33429] INFO  metrics.RatisMetrics (RatisMetrics.java:unregister(43)) - Unregistering Metrics Registry : ratis.log_worker.e9cccd38-0623-438e-aabf-1afb1561e1cc@group-6FB94C5BAD6B
2020-12-07 10:48:52,628 [Listener at 127.0.0.1/33429] INFO  metrics.RatisMetrics (RatisMetrics.java:unregister(43)) - Unregistering Metrics Registry : ratis.leader_election.e9cccd38-0623-438e-aabf-1afb1561e1cc@group-6FB94C5BAD6B
2020-12-07 10:48:52,628 [Listener at 127.0.0.1/33429] INFO  metrics.RatisMetrics (RatisMetrics.java:unregister(43)) - Unregistering Metrics Registry : ratis.server.e9cccd38-0623-438e-aabf-1afb1561e1cc@group-6FB94C5BAD6B
2020-12-07 10:48:52,628 [Listener at 127.0.0.1/33429] INFO  impl.RaftServerImpl (RaftServerImpl.java:lambda$shutdown$3(328)) - e9cccd38-0623-438e-aabf-1afb1561e1cc@group-91F6C4109AAD: shutdown
2020-12-07 10:48:52,629 [Listener at 127.0.0.1/33429] INFO  util.JmxRegister (JmxRegister.java:unregister(73)) - Successfully un-registered JMX Bean with object name Ratis:service=RaftServer,group=group-91F6C4109AAD,id=e9cccd38-0623-438e-aabf-1afb1561e1cc
2020-12-07 10:48:52,629 [Listener at 127.0.0.1/33429] INFO  impl.RoleInfo (RoleInfo.java:shutdownFollowerState(121)) - e9cccd38-0623-438e-aabf-1afb1561e1cc: shutdown e9cccd38-0623-438e-aabf-1afb1561e1cc@group-91F6C4109AAD-FollowerState
2020-12-07 10:48:52,629 [Listener at 127.0.0.1/33429] INFO  impl.StateMachineUpdater (StateMachineUpdater.java:stopAndJoin(147)) - e9cccd38-0623-438e-aabf-1afb1561e1cc@group-91F6C4109AAD-StateMachineUpdater: set stopIndex = 1
2020-12-07 10:48:52,630 [Thread-771] INFO  impl.FollowerState (FollowerState.java:run(137)) - e9cccd38-0623-438e-aabf-1afb1561e1cc@group-91F6C4109AAD-FollowerState was interrupted: {}
java.lang.InterruptedException: sleep interrupted
	at java.lang.Thread.sleep(Native Method)
	at org.apache.ratis.util.JavaUtils.sleep(JavaUtils.java:250)
	at org.apache.ratis.server.impl.FollowerState.run(FollowerState.java:116)
2020-12-07 10:48:52,630 [e9cccd38-0623-438e-aabf-1afb1561e1cc@group-91F6C4109AAD-StateMachineUpdater] INFO  ratis.ContainerStateMachine (ContainerStateMachine.java:takeSnapshot(293)) - group-91F6C4109AAD: Taking a snapshot at:(t:2, i:1) file /github/workspace/mnt/ozone/hadoop-ozone/integration-test/target/test-dir/MiniOzoneClusterImpl-63b0f1bc-721b-4e89-a01a-54c1f1559151/datanode-5/data/ratis/fab2665a-be55-437c-913c-91f6c4109aad/sm/snapshot.2_1
2020-12-07 10:48:52,631 [e9cccd38-0623-438e-aabf-1afb1561e1cc@group-91F6C4109AAD-StateMachineUpdater] INFO  ratis.ContainerStateMachine (ContainerStateMachine.java:takeSnapshot(304)) - group-91F6C4109AAD: Finished taking a snapshot at:(t:2, i:1) file:/github/workspace/mnt/ozone/hadoop-ozone/integration-test/target/test-dir/MiniOzoneClusterImpl-63b0f1bc-721b-4e89-a01a-54c1f1559151/datanode-5/data/ratis/fab2665a-be55-437c-913c-91f6c4109aad/sm/snapshot.2_1 time:1
2020-12-07 10:48:52,631 [e9cccd38-0623-438e-aabf-1afb1561e1cc@group-91F6C4109AAD-StateMachineUpdater] INFO  impl.StateMachineUpdater (StateMachineUpdater.java:takeSnapshot(278)) - e9cccd38-0623-438e-aabf-1afb1561e1cc@group-91F6C4109AAD-StateMachineUpdater: Took a snapshot at index 1
2020-12-07 10:48:52,631 [e9cccd38-0623-438e-aabf-1afb1561e1cc@group-91F6C4109AAD-StateMachineUpdater] INFO  impl.StateMachineUpdater (StateMachineUpdater.java:lambda$new$0(87)) - e9cccd38-0623-438e-aabf-1afb1561e1cc@group-91F6C4109AAD-StateMachineUpdater: snapshotIndex: updateIncreasingly -1 -> 1
2020-12-07 10:48:52,631 [e9cccd38-0623-438e-aabf-1afb1561e1cc@group-91F6C4109AAD-StateMachineUpdater] INFO  metrics.RatisMetrics (RatisMetrics.java:unregister(43)) - Unregistering Metrics Registry : ratis.state_machine.e9cccd38-0623-438e-aabf-1afb1561e1cc@group-91F6C4109AAD
2020-12-07 10:48:52,631 [Listener at 127.0.0.1/33429] INFO  impl.RaftServerImpl (ServerState.java:close(406)) - e9cccd38-0623-438e-aabf-1afb1561e1cc@group-91F6C4109AAD: closes. applyIndex: 1
2020-12-07 10:48:52,632 [e9cccd38-0623-438e-aabf-1afb1561e1cc@group-91F6C4109AAD-SegmentedRaftLogWorker] INFO  segmented.SegmentedRaftLogWorker (SegmentedRaftLogWorker.java:run(329)) - e9cccd38-0623-438e-aabf-1afb1561e1cc@group-91F6C4109AAD-SegmentedRaftLogWorker was interrupted, exiting. There are 0 tasks remaining in the queue.
2020-12-07 10:48:52,632 [Listener at 127.0.0.1/33429] INFO  segmented.SegmentedRaftLogWorker (SegmentedRaftLogWorker.java:close(235)) - e9cccd38-0623-438e-aabf-1afb1561e1cc@group-91F6C4109AAD-SegmentedRaftLogWorker close()
2020-12-07 10:48:52,632 [Listener at 127.0.0.1/33429] INFO  metrics.RatisMetrics (RatisMetrics.java:unregister(43)) - Unregistering Metrics Registry : ratis.log_worker.e9cccd38-0623-438e-aabf-1afb1561e1cc@group-91F6C4109AAD
2020-12-07 10:48:52,632 [Listener at 127.0.0.1/33429] INFO  metrics.RatisMetrics (RatisMetrics.java:unregister(43)) - Unregistering Metrics Registry : ratis.leader_election.e9cccd38-0623-438e-aabf-1afb1561e1cc@group-91F6C4109AAD
2020-12-07 10:48:52,632 [Listener at 127.0.0.1/33429] INFO  metrics.RatisMetrics (RatisMetrics.java:unregister(43)) - Unregistering Metrics Registry : ratis.server.e9cccd38-0623-438e-aabf-1afb1561e1cc@group-91F6C4109AAD
2020-12-07 10:48:52,633 [Listener at 127.0.0.1/33429] INFO  server.GrpcService (GrpcService.java:closeImpl(184)) - e9cccd38-0623-438e-aabf-1afb1561e1cc: shutdown server with port 33459 now
2020-12-07 10:48:52,636 [Listener at 127.0.0.1/33429] INFO  server.GrpcService (GrpcService.java:closeImpl(193)) - e9cccd38-0623-438e-aabf-1afb1561e1cc: shutdown server with port 33459 successfully
2020-12-07 10:48:52,637 [Listener at 127.0.0.1/33429] INFO  utils.BackgroundService (BackgroundService.java:shutdown(132)) - Shutting down service BlockDeletingService
2020-12-07 10:48:52,638 [Listener at 127.0.0.1/33429] INFO  statemachine.DatanodeStateMachine (DatanodeStateMachine.java:stopDaemon(461)) - Ozone container server stopped.
2020-12-07 10:48:52,648 [Listener at 127.0.0.1/33429] INFO  handler.ContextHandler (ContextHandler.java:doStop(1154)) - Stopped o.e.j.w.WebAppContext@194cb30f{hddsDatanode,/,null,STOPPED}{jar:file:/home/user/.m2/repository/org/apache/hadoop/hadoop-hdds-container-service/1.1.0-SNAPSHOT/hadoop-hdds-container-service-1.1.0-SNAPSHOT.jar!/webapps/hddsDatanode}
2020-12-07 10:48:52,649 [Listener at 127.0.0.1/33429] INFO  server.AbstractConnector (AbstractConnector.java:doStop(381)) - Stopped ServerConnector@84be8be{HTTP/1.1, (http/1.1)}{0.0.0.0:0}
2020-12-07 10:48:52,649 [Listener at 127.0.0.1/33429] INFO  server.session (HouseKeeper.java:stopScavenging(149)) - node0 Stopped scavenging
2020-12-07 10:48:52,649 [Listener at 127.0.0.1/33429] INFO  handler.ContextHandler (ContextHandler.java:doStop(1154)) - Stopped o.e.j.s.ServletContextHandler@7fea35c3{static,/static,jar:file:/home/user/.m2/repository/org/apache/hadoop/hadoop-hdds-container-service/1.1.0-SNAPSHOT/hadoop-hdds-container-service-1.1.0-SNAPSHOT.jar!/webapps/static,STOPPED}
2020-12-07 10:48:52,649 [Listener at 127.0.0.1/33429] INFO  handler.ContextHandler (ContextHandler.java:doStop(1154)) - Stopped o.e.j.s.ServletContextHandler@ea30e2b{logs,/logs,file:///github/workspace/mnt/ozone/hadoop-ozone/integration-test/target/log,STOPPED}
2020-12-07 10:48:52,650 [Listener at 127.0.0.1/33429] INFO  ozone.MiniOzoneClusterImpl (MiniOzoneClusterImpl.java:stopSCM(477)) - Stopping the StorageContainerManager
2020-12-07 10:48:52,650 [Listener at 127.0.0.1/33429] INFO  server.StorageContainerManager (StorageContainerManager.java:stop(832)) - Stopping Replication Manager Service.
2020-12-07 10:48:52,650 [Listener at 127.0.0.1/33429] INFO  container.ReplicationManager (ReplicationManager.java:stop(227)) - Stopping Replication Monitor Thread.
2020-12-07 10:48:52,651 [Listener at 127.0.0.1/33429] INFO  server.StorageContainerManager (StorageContainerManager.java:stop(839)) - Stopping the Datanode Admin Monitor.
2020-12-07 10:48:52,651 [Listener at 127.0.0.1/33429] INFO  server.StorageContainerManager (StorageContainerManager.java:stop(846)) - Stopping Lease Manager of the command watchers
2020-12-07 10:48:52,651 [Listener at 127.0.0.1/33429] INFO  server.StorageContainerManager (StorageContainerManager.java:stop(853)) - Stopping datanode service RPC server
2020-12-07 10:48:52,651 [CommandWatcher-LeaseManager#LeaseMonitor] ERROR lease.LeaseManager (LeaseManager.java:run(238)) - Execution was interrupted 
java.lang.InterruptedException: sleep interrupted
	at java.lang.Thread.sleep(Native Method)
	at org.apache.hadoop.ozone.lease.LeaseManager$LeaseMonitor.run(LeaseManager.java:234)
	at java.lang.Thread.run(Thread.java:748)
2020-12-07 10:48:52,651 [Listener at 127.0.0.1/33429] INFO  server.SCMDatanodeProtocolServer (SCMDatanodeProtocolServer.java:stop(369)) - Stopping the RPC server for DataNodes
2020-12-07 10:48:52,652 [Listener at 127.0.0.1/33429] INFO  ipc.Server (Server.java:stop(3359)) - Stopping server on 38191
2020-12-07 10:48:52,654 [IPC Server listener on 0] INFO  ipc.Server (Server.java:run(1330)) - Stopping IPC Server listener on 0
2020-12-07 10:48:52,669 [IPC Server Responder] INFO  ipc.Server (Server.java:run(1465)) - Stopping IPC Server Responder
2020-12-07 10:48:52,707 [SCM Heartbeat Processing Thread - 0] WARN  node.NodeStateManager (NodeStateManager.java:scheduleNextHealthCheck(688)) - Current Thread is interrupted, shutting down HB processing thread for Node Manager.
2020-12-07 10:48:52,708 [Listener at 127.0.0.1/33429] INFO  server.StorageContainerManager (StorageContainerManager.java:stop(861)) - Stopping block service RPC server
2020-12-07 10:48:52,708 [Listener at 127.0.0.1/33429] INFO  server.SCMBlockProtocolServer (SCMBlockProtocolServer.java:stop(159)) - Stopping the RPC server for Block Protocol
2020-12-07 10:48:52,708 [Listener at 127.0.0.1/33429] INFO  ipc.Server (Server.java:stop(3359)) - Stopping server on 38401
2020-12-07 10:48:52,710 [IPC Server listener on 0] INFO  ipc.Server (Server.java:run(1330)) - Stopping IPC Server listener on 0
2020-12-07 10:48:52,710 [Listener at 127.0.0.1/33429] INFO  server.StorageContainerManager (StorageContainerManager.java:stop(868)) - Stopping the StorageContainerLocationProtocol RPC server
2020-12-07 10:48:52,710 [Listener at 127.0.0.1/33429] INFO  server.SCMClientProtocolServer (SCMClientProtocolServer.java:stop(168)) - Stopping the RPC server for Client Protocol
2020-12-07 10:48:52,710 [Listener at 127.0.0.1/33429] INFO  ipc.Server (Server.java:stop(3359)) - Stopping server on 33947
2020-12-07 10:48:52,711 [IPC Server Responder] INFO  ipc.Server (Server.java:run(1465)) - Stopping IPC Server Responder
2020-12-07 10:48:52,713 [IPC Server listener on 0] INFO  ipc.Server (Server.java:run(1330)) - Stopping IPC Server listener on 0
2020-12-07 10:48:52,713 [Listener at 127.0.0.1/33429] INFO  server.StorageContainerManager (StorageContainerManager.java:stop(875)) - Stopping Storage Container Manager HTTP server.
2020-12-07 10:48:52,713 [IPC Server Responder] INFO  ipc.Server (Server.java:run(1465)) - Stopping IPC Server Responder
2020-12-07 10:48:52,713 [Listener at 127.0.0.1/33429] INFO  handler.ContextHandler (ContextHandler.java:doStop(1154)) - Stopped o.e.j.w.WebAppContext@24057b42{scm,/,null,STOPPED}{file:/github/workspace/mnt/ozone/hadoop-ozone/integration-test/target/test-classes/webapps/scm}
2020-12-07 10:48:52,714 [Listener at 127.0.0.1/33429] INFO  server.AbstractConnector (AbstractConnector.java:doStop(381)) - Stopped ServerConnector@44147783{HTTP/1.1, (http/1.1)}{0.0.0.0:0}
2020-12-07 10:48:52,714 [Listener at 127.0.0.1/33429] INFO  server.session (HouseKeeper.java:stopScavenging(149)) - node0 Stopped scavenging
2020-12-07 10:48:52,714 [Listener at 127.0.0.1/33429] INFO  handler.ContextHandler (ContextHandler.java:doStop(1154)) - Stopped o.e.j.s.ServletContextHandler@455f7e73{static,/static,file:///github/workspace/mnt/ozone/hadoop-ozone/integration-test/target/test-classes/webapps/static,STOPPED}
2020-12-07 10:48:52,714 [Listener at 127.0.0.1/33429] INFO  handler.ContextHandler (ContextHandler.java:doStop(1154)) - Stopped o.e.j.s.ServletContextHandler@21fafe22{logs,/logs,file:///github/workspace/mnt/ozone/hadoop-ozone/integration-test/target/log,STOPPED}
2020-12-07 10:48:52,715 [Listener at 127.0.0.1/33429] INFO  server.StorageContainerManager (StorageContainerManager.java:stop(886)) - Stopping Block Manager Service.
2020-12-07 10:48:52,715 [Listener at 127.0.0.1/33429] INFO  utils.BackgroundService (BackgroundService.java:shutdown(132)) - Shutting down service SCMBlockDeletingService
2020-12-07 10:48:52,715 [Listener at 127.0.0.1/33429] INFO  utils.BackgroundService (BackgroundService.java:shutdown(132)) - Shutting down service SCMBlockDeletingService
2020-12-07 10:48:52,715 [Listener at 127.0.0.1/33429] INFO  server.StorageContainerManager (StorageContainerManager.java:stop(911)) - Stopping SCM Event Queue.
2020-12-07 10:48:52,721 [Listener at 127.0.0.1/33429] INFO  impl.MetricsSystemImpl (MetricsSystemImpl.java:stop(210)) - Stopping HddsDatanode metrics system...
2020-12-07 10:48:52,730 [Listener at 127.0.0.1/33429] INFO  impl.MetricsSystemImpl (MetricsSystemImpl.java:stop(216)) - HddsDatanode metrics system stopped.
]]></system-out>
  </testcase>
</testsuite>