<?xml version="1.0" encoding="UTF-8"?>
<testsuite xmlns:xsi="http://www.w3.org/2001/XMLSchema-instance" xsi:noNamespaceSchemaLocation="https://maven.apache.org/surefire/maven-surefire-plugin/xsd/surefire-test-report.xsd" name="org.apache.hadoop.ozone.client.rpc.TestFailureHandlingByClient" time="195.726" tests="5" errors="0" skipped="1" failures="1">
  <properties>
    <property name="awt.toolkit" value="sun.awt.X11.XToolkit"/>
    <property name="file.encoding.pkg" value="sun.io"/>
    <property name="java.specification.version" value="1.8"/>
    <property name="sun.cpu.isalist" value=""/>
    <property name="sun.jnu.encoding" value="ANSI_X3.4-1968"/>
    <property name="java.class.path" value="/github/workspace/mnt/ozone/hadoop-ozone/integration-test/target/test-classes:/github/workspace/mnt/ozone/hadoop-ozone/integration-test/target/classes:/home/user/.m2/repository/org/apache/hadoop/hadoop-ozone-common/0.6.0-SNAPSHOT/hadoop-ozone-common-0.6.0-SNAPSHOT.jar:/home/user/.m2/repository/org/apache/commons/commons-compress/1.4.1/commons-compress-1.4.1.jar:/home/user/.m2/repository/org/tukaani/xz/1.0/xz-1.0.jar:/home/user/.m2/repository/org/apache/hadoop/hadoop-hdds-common/0.6.0-SNAPSHOT/hadoop-hdds-common-0.6.0-SNAPSHOT.jar:/home/user/.m2/repository/info/picocli/picocli/3.9.6/picocli-3.9.6.jar:/home/user/.m2/repository/com/fasterxml/jackson/core/jackson-annotations/2.10.3/jackson-annotations-2.10.3.jar:/home/user/.m2/repository/javax/annotation/javax.annotation-api/1.2/javax.annotation-api-1.2.jar:/home/user/.m2/repository/org/apache/ratis/ratis-server/0.6.0-cac3336-SNAPSHOT/ratis-server-0.6.0-cac3336-SNAPSHOT.jar:/home/user/.m2/repository/org/apache/ratis/ratis-thirdparty-misc/0.4.0/ratis-thirdparty-misc-0.4.0.jar:/home/user/.m2/repository/org/apache/ratis/ratis-client/0.6.0-cac3336-SNAPSHOT/ratis-client-0.6.0-cac3336-SNAPSHOT.jar:/home/user/.m2/repository/org/apache/ratis/ratis-metrics/0.6.0-cac3336-SNAPSHOT/ratis-metrics-0.6.0-cac3336-SNAPSHOT.jar:/home/user/.m2/repository/org/apache/ratis/ratis-netty/0.6.0-cac3336-SNAPSHOT/ratis-netty-0.6.0-cac3336-SNAPSHOT.jar:/home/user/.m2/repository/org/apache/ratis/ratis-grpc/0.6.0-cac3336-SNAPSHOT/ratis-grpc-0.6.0-cac3336-SNAPSHOT.jar:/home/user/.m2/repository/org/apache/logging/log4j/log4j-api/2.11.0/log4j-api-2.11.0.jar:/home/user/.m2/repository/org/apache/logging/log4j/log4j-core/2.11.0/log4j-core-2.11.0.jar:/home/user/.m2/repository/com/lmax/disruptor/3.4.2/disruptor-3.4.2.jar:/home/user/.m2/repository/org/apache/commons/commons-pool2/2.6.0/commons-pool2-2.6.0.jar:/home/user/.m2/repository/org/bouncycastle/bcpkix-jdk15on/1.60/bcpkix-jdk15on-1.60.jar:/home/user/.m2/repository/commons-validator/commons-validator/1.6/commons-validator-1.6.jar:/home/user/.m2/repository/commons-digester/commons-digester/1.8.1/commons-digester-1.8.1.jar:/home/user/.m2/repository/io/jaegertracing/jaeger-client/1.2.0/jaeger-client-1.2.0.jar:/home/user/.m2/repository/io/jaegertracing/jaeger-thrift/1.2.0/jaeger-thrift-1.2.0.jar:/home/user/.m2/repository/org/apache/thrift/libthrift/0.13.0/libthrift-0.13.0.jar:/home/user/.m2/repository/com/squareup/okhttp3/okhttp/4.2.2/okhttp-4.2.2.jar:/home/user/.m2/repository/com/squareup/okio/okio/2.2.2/okio-2.2.2.jar:/home/user/.m2/repository/org/jetbrains/kotlin/kotlin-stdlib/1.3.50/kotlin-stdlib-1.3.50.jar:/home/user/.m2/repository/org/jetbrains/kotlin/kotlin-stdlib-common/1.3.50/kotlin-stdlib-common-1.3.50.jar:/home/user/.m2/repository/org/jetbrains/annotations/13.0/annotations-13.0.jar:/home/user/.m2/repository/io/jaegertracing/jaeger-core/1.2.0/jaeger-core-1.2.0.jar:/home/user/.m2/repository/io/jaegertracing/jaeger-tracerresolver/1.2.0/jaeger-tracerresolver-1.2.0.jar:/home/user/.m2/repository/io/opentracing/contrib/opentracing-tracerresolver/0.1.8/opentracing-tracerresolver-0.1.8.jar:/home/user/.m2/repository/io/opentracing/opentracing-util/0.33.0/opentracing-util-0.33.0.jar:/home/user/.m2/repository/io/opentracing/opentracing-api/0.33.0/opentracing-api-0.33.0.jar:/home/user/.m2/repository/io/opentracing/opentracing-noop/0.33.0/opentracing-noop-0.33.0.jar:/home/user/.m2/repository/org/apache/hadoop/hadoop-hdds-client/0.6.0-SNAPSHOT/hadoop-hdds-client-0.6.0-SNAPSHOT.jar:/home/user/.m2/repository/org/apache/hadoop/hadoop-hdds-test-utils/0.6.0-SNAPSHOT/hadoop-hdds-test-utils-0.6.0-SNAPSHOT.jar:/home/user/.m2/repository/com/google/guava/guava/28.2-jre/guava-28.2-jre.jar:/home/user/.m2/repository/com/google/guava/failureaccess/1.0.1/failureaccess-1.0.1.jar:/home/user/.m2/repository/com/google/guava/listenablefuture/9999.0-empty-to-avoid-conflict-with-guava/listenablefuture-9999.0-empty-to-avoid-conflict-with-guava.jar:/home/user/.m2/repository/com/google/code/findbugs/jsr305/3.0.0/jsr305-3.0.0.jar:/home/user/.m2/repository/org/checkerframework/checker-qual/2.10.0/checker-qual-2.10.0.jar:/home/user/.m2/repository/com/google/errorprone/error_prone_annotations/2.2.0/error_prone_annotations-2.2.0.jar:/home/user/.m2/repository/com/google/j2objc/j2objc-annotations/1.3/j2objc-annotations-1.3.jar:/home/user/.m2/repository/commons-io/commons-io/2.5/commons-io-2.5.jar:/home/user/.m2/repository/commons-logging/commons-logging/1.2/commons-logging-1.2.jar:/home/user/.m2/repository/log4j/log4j/1.2.17/log4j-1.2.17.jar:/home/user/.m2/repository/org/slf4j/slf4j-api/1.7.25/slf4j-api-1.7.25.jar:/home/user/.m2/repository/org/apache/hadoop/hadoop-hdds-server-scm/0.6.0-SNAPSHOT/hadoop-hdds-server-scm-0.6.0-SNAPSHOT.jar:/home/user/.m2/repository/org/apache/hadoop/hadoop-hdds-container-service/0.6.0-SNAPSHOT/hadoop-hdds-container-service-0.6.0-SNAPSHOT.jar:/home/user/.m2/repository/org/apache/hadoop/hadoop-hdds-hadoop-dependency-server/0.6.0-SNAPSHOT/hadoop-hdds-hadoop-dependency-server-0.6.0-SNAPSHOT.jar:/home/user/.m2/repository/org/apache/hadoop/hadoop-hdds-server-framework/0.6.0-SNAPSHOT/hadoop-hdds-server-framework-0.6.0-SNAPSHOT.jar:/home/user/.m2/repository/org/rocksdb/rocksdbjni/6.6.4/rocksdbjni-6.6.4.jar:/home/user/.m2/repository/io/prometheus/simpleclient_dropwizard/0.7.0/simpleclient_dropwizard-0.7.0.jar:/home/user/.m2/repository/io/prometheus/simpleclient/0.7.0/simpleclient-0.7.0.jar:/home/user/.m2/repository/io/prometheus/simpleclient_common/0.7.0/simpleclient_common-0.7.0.jar:/home/user/.m2/repository/com/fasterxml/jackson/datatype/jackson-datatype-jsr310/2.10.3/jackson-datatype-jsr310-2.10.3.jar:/home/user/.m2/repository/org/apache/hadoop/hadoop-hdds-docs/0.6.0-SNAPSHOT/hadoop-hdds-docs-0.6.0-SNAPSHOT.jar:/home/user/.m2/repository/io/dropwizard/metrics/metrics-core/3.2.4/metrics-core-3.2.4.jar:/home/user/.m2/repository/org/apache/hadoop/hadoop-hdfs-client/3.2.1/hadoop-hdfs-client-3.2.1.jar:/home/user/.m2/repository/org/bouncycastle/bcprov-jdk15on/1.60/bcprov-jdk15on-1.60.jar:/home/user/.m2/repository/org/apache/hadoop/hadoop-ozone-ozone-manager/0.6.0-SNAPSHOT/hadoop-ozone-ozone-manager-0.6.0-SNAPSHOT.jar:/home/user/.m2/repository/org/apache/hadoop/hadoop-minikdc/3.2.1/hadoop-minikdc-3.2.1.jar:/home/user/.m2/repository/org/apache/kerby/kerb-simplekdc/1.0.1/kerb-simplekdc-1.0.1.jar:/home/user/.m2/repository/org/apache/kerby/kerb-client/1.0.1/kerb-client-1.0.1.jar:/home/user/.m2/repository/org/apache/kerby/kerby-config/1.0.1/kerby-config-1.0.1.jar:/home/user/.m2/repository/org/apache/kerby/kerb-core/1.0.1/kerb-core-1.0.1.jar:/home/user/.m2/repository/org/apache/kerby/kerby-pkix/1.0.1/kerby-pkix-1.0.1.jar:/home/user/.m2/repository/org/apache/kerby/kerby-asn1/1.0.1/kerby-asn1-1.0.1.jar:/home/user/.m2/repository/org/apache/kerby/kerby-util/1.0.1/kerby-util-1.0.1.jar:/home/user/.m2/repository/org/apache/kerby/kerb-common/1.0.1/kerb-common-1.0.1.jar:/home/user/.m2/repository/org/apache/kerby/kerb-crypto/1.0.1/kerb-crypto-1.0.1.jar:/home/user/.m2/repository/org/apache/kerby/kerb-util/1.0.1/kerb-util-1.0.1.jar:/home/user/.m2/repository/org/apache/kerby/token-provider/1.0.1/token-provider-1.0.1.jar:/home/user/.m2/repository/org/apache/kerby/kerb-admin/1.0.1/kerb-admin-1.0.1.jar:/home/user/.m2/repository/org/apache/kerby/kerb-server/1.0.1/kerb-server-1.0.1.jar:/home/user/.m2/repository/org/apache/kerby/kerb-identity/1.0.1/kerb-identity-1.0.1.jar:/home/user/.m2/repository/org/apache/kerby/kerby-xdr/1.0.1/kerby-xdr-1.0.1.jar:/home/user/.m2/repository/org/slf4j/slf4j-log4j12/1.7.25/slf4j-log4j12-1.7.25.jar:/home/user/.m2/repository/org/apache/hadoop/hadoop-ozone-s3gateway/0.6.0-SNAPSHOT/hadoop-ozone-s3gateway-0.6.0-SNAPSHOT.jar:/home/user/.m2/repository/org/jboss/weld/servlet/weld-servlet/2.4.7.Final/weld-servlet-2.4.7.Final.jar:/home/user/.m2/repository/org/glassfish/jersey/containers/jersey-container-servlet-core/2.27/jersey-container-servlet-core-2.27.jar:/home/user/.m2/repository/org/glassfish/hk2/external/javax.inject/2.5.0-b42/javax.inject-2.5.0-b42.jar:/home/user/.m2/repository/org/glassfish/jersey/core/jersey-common/2.27/jersey-common-2.27.jar:/home/user/.m2/repository/org/glassfish/hk2/osgi-resource-locator/1.0.1/osgi-resource-locator-1.0.1.jar:/home/user/.m2/repository/javax/ws/rs/javax.ws.rs-api/2.1/javax.ws.rs-api-2.1.jar:/home/user/.m2/repository/org/glassfish/jersey/ext/cdi/jersey-cdi1x/2.27/jersey-cdi1x-2.27.jar:/home/user/.m2/repository/org/glassfish/jersey/inject/jersey-hk2/2.27/jersey-hk2-2.27.jar:/home/user/.m2/repository/org/glassfish/hk2/hk2-locator/2.5.0-b42/hk2-locator-2.5.0-b42.jar:/home/user/.m2/repository/org/javassist/javassist/3.22.0-CR2/javassist-3.22.0-CR2.jar:/home/user/.m2/repository/org/glassfish/hk2/hk2-api/2.5.0/hk2-api-2.5.0.jar:/home/user/.m2/repository/org/glassfish/hk2/external/jakarta.inject/2.5.0/jakarta.inject-2.5.0.jar:/home/user/.m2/repository/org/glassfish/hk2/hk2-utils/2.5.0/hk2-utils-2.5.0.jar:/home/user/.m2/repository/jakarta/annotation/jakarta.annotation-api/1.3.4/jakarta.annotation-api-1.3.4.jar:/home/user/.m2/repository/org/glassfish/hk2/external/aopalliance-repackaged/2.5.0/aopalliance-repackaged-2.5.0.jar:/home/user/.m2/repository/com/fasterxml/jackson/dataformat/jackson-dataformat-xml/2.10.3/jackson-dataformat-xml-2.10.3.jar:/home/user/.m2/repository/com/fasterxml/jackson/core/jackson-core/2.10.3/jackson-core-2.10.3.jar:/home/user/.m2/repository/com/fasterxml/jackson/module/jackson-module-jaxb-annotations/2.10.3/jackson-module-jaxb-annotations-2.10.3.jar:/home/user/.m2/repository/jakarta/xml/bind/jakarta.xml.bind-api/2.3.2/jakarta.xml.bind-api-2.3.2.jar:/home/user/.m2/repository/jakarta/activation/jakarta.activation-api/1.2.1/jakarta.activation-api-1.2.1.jar:/home/user/.m2/repository/org/codehaus/woodstox/stax2-api/3.1.4/stax2-api-3.1.4.jar:/home/user/.m2/repository/com/fasterxml/woodstox/woodstox-core/5.0.3/woodstox-core-5.0.3.jar:/home/user/.m2/repository/javax/enterprise/cdi-api/1.2/cdi-api-1.2.jar:/home/user/.m2/repository/javax/el/javax.el-api/3.0.0/javax.el-api-3.0.0.jar:/home/user/.m2/repository/javax/interceptor/javax.interceptor-api/1.2/javax.interceptor-api-1.2.jar:/home/user/.m2/repository/javax/inject/javax.inject/1/javax.inject-1.jar:/home/user/.m2/repository/com/sun/xml/bind/jaxb-impl/2.3.0.1/jaxb-impl-2.3.0.1.jar:/home/user/.m2/repository/com/sun/xml/bind/jaxb-core/2.3.0.1/jaxb-core-2.3.0.1.jar:/home/user/.m2/repository/javax/xml/bind/jaxb-api/2.3.0/jaxb-api-2.3.0.jar:/home/user/.m2/repository/javax/activation/activation/1.1.1/activation-1.1.1.jar:/home/user/.m2/repository/org/apache/hadoop/hadoop-ozone-csi/0.6.0-SNAPSHOT/hadoop-ozone-csi-0.6.0-SNAPSHOT.jar:/home/user/.m2/repository/com/google/protobuf/protobuf-java-util/3.11.0/protobuf-java-util-3.11.0.jar:/home/user/.m2/repository/com/google/code/gson/gson/2.2.4/gson-2.2.4.jar:/home/user/.m2/repository/org/apache/hadoop/hadoop-hdds-config/0.6.0-SNAPSHOT/hadoop-hdds-config-0.6.0-SNAPSHOT.jar:/home/user/.m2/repository/com/google/protobuf/protobuf-java/2.5.0/protobuf-java-2.5.0.jar:/home/user/.m2/repository/io/grpc/grpc-netty/1.28.1/grpc-netty-1.28.1.jar:/home/user/.m2/repository/io/grpc/grpc-core/1.28.1/grpc-core-1.28.1.jar:/home/user/.m2/repository/com/google/android/annotations/4.1.1.4/annotations-4.1.1.4.jar:/home/user/.m2/repository/io/perfmark/perfmark-api/0.19.0/perfmark-api-0.19.0.jar:/home/user/.m2/repository/io/netty/netty-codec-http2/4.1.45.Final/netty-codec-http2-4.1.45.Final.jar:/home/user/.m2/repository/io/netty/netty-codec/4.1.45.Final/netty-codec-4.1.45.Final.jar:/home/user/.m2/repository/io/netty/netty-handler/4.1.45.Final/netty-handler-4.1.45.Final.jar:/home/user/.m2/repository/io/netty/netty-codec-http/4.1.45.Final/netty-codec-http-4.1.45.Final.jar:/home/user/.m2/repository/io/netty/netty-handler-proxy/4.1.45.Final/netty-handler-proxy-4.1.45.Final.jar:/home/user/.m2/repository/io/netty/netty-codec-socks/4.1.45.Final/netty-codec-socks-4.1.45.Final.jar:/home/user/.m2/repository/io/netty/netty-transport-native-epoll/4.1.48.Final/netty-transport-native-epoll-4.1.48.Final.jar:/home/user/.m2/repository/io/netty/netty-common/4.1.48.Final/netty-common-4.1.48.Final.jar:/home/user/.m2/repository/io/netty/netty-buffer/4.1.48.Final/netty-buffer-4.1.48.Final.jar:/home/user/.m2/repository/io/netty/netty-transport/4.1.48.Final/netty-transport-4.1.48.Final.jar:/home/user/.m2/repository/io/netty/netty-resolver/4.1.48.Final/netty-resolver-4.1.48.Final.jar:/home/user/.m2/repository/io/netty/netty-transport-native-unix-common/4.1.48.Final/netty-transport-native-unix-common-4.1.48.Final.jar:/home/user/.m2/repository/io/grpc/grpc-protobuf/1.28.1/grpc-protobuf-1.28.1.jar:/home/user/.m2/repository/io/grpc/grpc-api/1.28.1/grpc-api-1.28.1.jar:/home/user/.m2/repository/io/grpc/grpc-context/1.28.1/grpc-context-1.28.1.jar:/home/user/.m2/repository/org/codehaus/mojo/animal-sniffer-annotations/1.18/animal-sniffer-annotations-1.18.jar:/home/user/.m2/repository/com/google/api/grpc/proto-google-common-protos/1.17.0/proto-google-common-protos-1.17.0.jar:/home/user/.m2/repository/io/grpc/grpc-protobuf-lite/1.28.1/grpc-protobuf-lite-1.28.1.jar:/home/user/.m2/repository/io/grpc/grpc-stub/1.28.1/grpc-stub-1.28.1.jar:/home/user/.m2/repository/org/apache/hadoop/hadoop-ozone-recon/0.6.0-SNAPSHOT/hadoop-ozone-recon-0.6.0-SNAPSHOT.jar:/home/user/.m2/repository/org/apache/hadoop/hadoop-ozone-reconcodegen/0.6.0-SNAPSHOT/hadoop-ozone-reconcodegen-0.6.0-SNAPSHOT.jar:/home/user/.m2/repository/com/google/inject/extensions/guice-multibindings/4.0/guice-multibindings-4.0.jar:/home/user/.m2/repository/com/google/inject/guice/4.0/guice-4.0.jar:/home/user/.m2/repository/aopalliance/aopalliance/1.0/aopalliance-1.0.jar:/home/user/.m2/repository/com/google/inject/extensions/guice-assistedinject/4.0/guice-assistedinject-4.0.jar:/home/user/.m2/repository/com/google/inject/extensions/guice-servlet/4.0/guice-servlet-4.0.jar:/home/user/.m2/repository/org/glassfish/jersey/containers/jersey-container-servlet/2.27/jersey-container-servlet-2.27.jar:/home/user/.m2/repository/org/glassfish/hk2/guice-bridge/2.5.0/guice-bridge-2.5.0.jar:/home/user/.m2/repository/org/glassfish/jersey/core/jersey-server/2.27/jersey-server-2.27.jar:/home/user/.m2/repository/org/glassfish/jersey/core/jersey-client/2.27/jersey-client-2.27.jar:/home/user/.m2/repository/org/glassfish/jersey/media/jersey-media-jaxb/2.27/jersey-media-jaxb-2.27.jar:/home/user/.m2/repository/javax/validation/validation-api/1.1.0.Final/validation-api-1.1.0.Final.jar:/home/user/.m2/repository/org/glassfish/jersey/media/jersey-media-json-jackson/2.27/jersey-media-json-jackson-2.27.jar:/home/user/.m2/repository/org/glassfish/jersey/ext/jersey-entity-filtering/2.27/jersey-entity-filtering-2.27.jar:/home/user/.m2/repository/org/jooq/jooq/3.11.10/jooq-3.11.10.jar:/home/user/.m2/repository/org/jooq/jooq-meta/3.11.10/jooq-meta-3.11.10.jar:/home/user/.m2/repository/org/jooq/jooq-codegen/3.11.10/jooq-codegen-3.11.10.jar:/home/user/.m2/repository/com/jolbox/bonecp/0.8.0.RELEASE/bonecp-0.8.0.RELEASE.jar:/home/user/.m2/repository/org/apache/derby/derby/10.14.2.0/derby-10.14.2.0.jar:/home/user/.m2/repository/org/xerial/sqlite-jdbc/3.25.2/sqlite-jdbc-3.25.2.jar:/home/user/.m2/repository/org/springframework/spring-jdbc/5.2.5.RELEASE/spring-jdbc-5.2.5.RELEASE.jar:/home/user/.m2/repository/org/springframework/spring-beans/5.2.5.RELEASE/spring-beans-5.2.5.RELEASE.jar:/home/user/.m2/repository/org/springframework/spring-core/5.2.5.RELEASE/spring-core-5.2.5.RELEASE.jar:/home/user/.m2/repository/org/springframework/spring-jcl/5.2.5.RELEASE/spring-jcl-5.2.5.RELEASE.jar:/home/user/.m2/repository/org/springframework/spring-tx/5.2.5.RELEASE/spring-tx-5.2.5.RELEASE.jar:/home/user/.m2/repository/org/apache/hadoop/hadoop-ozone-client/0.6.0-SNAPSHOT/hadoop-ozone-client-0.6.0-SNAPSHOT.jar:/home/user/.m2/repository/org/apache/hadoop/hadoop-ozone-filesystem/0.6.0-SNAPSHOT/hadoop-ozone-filesystem-0.6.0-SNAPSHOT.jar:/home/user/.m2/repository/org/apache/hadoop/hadoop-hdds-hadoop-dependency-client/0.6.0-SNAPSHOT/hadoop-hdds-hadoop-dependency-client-0.6.0-SNAPSHOT.jar:/home/user/.m2/repository/org/apache/hadoop/hadoop-ozone-tools/0.6.0-SNAPSHOT/hadoop-ozone-tools-0.6.0-SNAPSHOT.jar:/home/user/.m2/repository/org/apache/hadoop/hadoop-hdfs/3.2.1/hadoop-hdfs-3.2.1.jar:/home/user/.m2/repository/org/apache/ratis/ratis-tools/0.6.0-cac3336-SNAPSHOT/ratis-tools-0.6.0-cac3336-SNAPSHOT.jar:/home/user/.m2/repository/org/apache/ratis/ratis-proto/0.6.0-cac3336-SNAPSHOT/ratis-proto-0.6.0-cac3336-SNAPSHOT.jar:/home/user/.m2/repository/org/apache/ratis/ratis-common/0.6.0-cac3336-SNAPSHOT/ratis-common-0.6.0-cac3336-SNAPSHOT.jar:/home/user/.m2/repository/com/amazonaws/aws-java-sdk-core/1.11.615/aws-java-sdk-core-1.11.615.jar:/home/user/.m2/repository/org/apache/httpcomponents/httpclient/4.5.2/httpclient-4.5.2.jar:/home/user/.m2/repository/org/apache/httpcomponents/httpcore/4.4.4/httpcore-4.4.4.jar:/home/user/.m2/repository/software/amazon/ion/ion-java/1.0.2/ion-java-1.0.2.jar:/home/user/.m2/repository/com/fasterxml/jackson/dataformat/jackson-dataformat-cbor/2.10.3/jackson-dataformat-cbor-2.10.3.jar:/home/user/.m2/repository/joda-time/joda-time/2.8.1/joda-time-2.8.1.jar:/home/user/.m2/repository/com/amazonaws/aws-java-sdk-s3/1.11.615/aws-java-sdk-s3-1.11.615.jar:/home/user/.m2/repository/com/amazonaws/aws-java-sdk-kms/1.11.615/aws-java-sdk-kms-1.11.615.jar:/home/user/.m2/repository/com/amazonaws/jmespath-java/1.11.615/jmespath-java-1.11.615.jar:/home/user/.m2/repository/org/apache/hadoop/hadoop-hdds-tools/0.6.0-SNAPSHOT/hadoop-hdds-tools-0.6.0-SNAPSHOT.jar:/home/user/.m2/repository/commons-cli/commons-cli/1.2/commons-cli-1.2.jar:/home/user/.m2/repository/org/apache/commons/commons-lang3/3.7/commons-lang3-3.7.jar:/home/user/.m2/repository/org/apache/hadoop/hadoop-ozone-ozone-manager/0.6.0-SNAPSHOT/hadoop-ozone-ozone-manager-0.6.0-SNAPSHOT-tests.jar:/home/user/.m2/repository/junit/junit/4.11/junit-4.11.jar:/home/user/.m2/repository/org/hamcrest/hamcrest-core/1.3/hamcrest-core-1.3.jar:/home/user/.m2/repository/org/openjdk/jmh/jmh-core/1.19/jmh-core-1.19.jar:/home/user/.m2/repository/net/sf/jopt-simple/jopt-simple/4.6/jopt-simple-4.6.jar:/home/user/.m2/repository/org/apache/commons/commons-math3/3.1.1/commons-math3-3.1.1.jar:/home/user/.m2/repository/org/openjdk/jmh/jmh-generator-annprocess/1.19/jmh-generator-annprocess-1.19.jar:/home/user/.m2/repository/org/mockito/mockito-all/1.8.5/mockito-all-1.8.5.jar:/home/user/.m2/repository/org/apache/hadoop/hadoop-kms/3.2.1/hadoop-kms-3.2.1.jar:/home/user/.m2/repository/org/apache/hadoop/hadoop-auth/3.2.1/hadoop-auth-3.2.1.jar:/home/user/.m2/repository/com/nimbusds/nimbus-jose-jwt/7.9/nimbus-jose-jwt-7.9.jar:/home/user/.m2/repository/com/github/stephenc/jcip/jcip-annotations/1.0-1/jcip-annotations-1.0-1.jar:/home/user/.m2/repository/net/minidev/json-smart/2.3/json-smart-2.3.jar:/home/user/.m2/repository/net/minidev/accessors-smart/1.2/accessors-smart-1.2.jar:/home/user/.m2/repository/org/ow2/asm/asm/5.0.4/asm-5.0.4.jar:/home/user/.m2/repository/org/apache/zookeeper/zookeeper/3.4.13/zookeeper-3.4.13.jar:/home/user/.m2/repository/org/apache/yetus/audience-annotations/0.5.0/audience-annotations-0.5.0.jar:/home/user/.m2/repository/org/apache/curator/curator-framework/2.13.0/curator-framework-2.13.0.jar:/home/user/.m2/repository/com/sun/jersey/jersey-core/1.19/jersey-core-1.19.jar:/home/user/.m2/repository/javax/ws/rs/jsr311-api/1.1.1/jsr311-api-1.1.1.jar:/home/user/.m2/repository/com/sun/jersey/jersey-server/1.19/jersey-server-1.19.jar:/home/user/.m2/repository/javax/servlet/javax.servlet-api/3.1.0/javax.servlet-api-3.1.0.jar:/home/user/.m2/repository/org/eclipse/jetty/jetty-server/9.4.26.v20200117/jetty-server-9.4.26.v20200117.jar:/home/user/.m2/repository/org/eclipse/jetty/jetty-http/9.4.26.v20200117/jetty-http-9.4.26.v20200117.jar:/home/user/.m2/repository/org/eclipse/jetty/jetty-io/9.4.26.v20200117/jetty-io-9.4.26.v20200117.jar:/home/user/.m2/repository/org/eclipse/jetty/jetty-webapp/9.4.26.v20200117/jetty-webapp-9.4.26.v20200117.jar:/home/user/.m2/repository/org/eclipse/jetty/jetty-xml/9.4.26.v20200117/jetty-xml-9.4.26.v20200117.jar:/home/user/.m2/repository/org/eclipse/jetty/jetty-servlet/9.4.26.v20200117/jetty-servlet-9.4.26.v20200117.jar:/home/user/.m2/repository/org/eclipse/jetty/jetty-security/9.4.26.v20200117/jetty-security-9.4.26.v20200117.jar:/home/user/.m2/repository/org/apache/hadoop/hadoop-common/3.2.1/hadoop-common-3.2.1.jar:/home/user/.m2/repository/commons-net/commons-net/3.6/commons-net-3.6.jar:/home/user/.m2/repository/commons-collections/commons-collections/3.2.2/commons-collections-3.2.2.jar:/home/user/.m2/repository/com/sun/jersey/jersey-servlet/1.19/jersey-servlet-1.19.jar:/home/user/.m2/repository/com/sun/jersey/jersey-json/1.19/jersey-json-1.19.jar:/home/user/.m2/repository/org/codehaus/jettison/jettison/1.1/jettison-1.1.jar:/home/user/.m2/repository/org/codehaus/jackson/jackson-jaxrs/1.9.2/jackson-jaxrs-1.9.2.jar:/home/user/.m2/repository/org/codehaus/jackson/jackson-xc/1.9.2/jackson-xc-1.9.2.jar:/home/user/.m2/repository/commons-beanutils/commons-beanutils/1.9.4/commons-beanutils-1.9.4.jar:/home/user/.m2/repository/org/apache/commons/commons-configuration2/2.1.1/commons-configuration2-2.1.1.jar:/home/user/.m2/repository/org/apache/commons/commons-text/1.4/commons-text-1.4.jar:/home/user/.m2/repository/com/google/re2j/re2j/1.1/re2j-1.1.jar:/home/user/.m2/repository/com/jcraft/jsch/0.1.54/jsch-0.1.54.jar:/home/user/.m2/repository/org/apache/curator/curator-client/2.13.0/curator-client-2.13.0.jar:/home/user/.m2/repository/org/apache/curator/curator-recipes/2.13.0/curator-recipes-2.13.0.jar:/home/user/.m2/repository/dnsjava/dnsjava/2.1.7/dnsjava-2.1.7.jar:/home/user/.m2/repository/org/slf4j/jul-to-slf4j/1.7.25/jul-to-slf4j-1.7.25.jar:/home/user/.m2/repository/org/eclipse/jetty/jetty-util/9.4.26.v20200117/jetty-util-9.4.26.v20200117.jar:/home/user/.m2/repository/com/fasterxml/jackson/core/jackson-databind/2.10.3/jackson-databind-2.10.3.jar:/home/user/.m2/repository/org/apache/hadoop/hadoop-kms/3.2.1/hadoop-kms-3.2.1-tests.jar:/home/user/.m2/repository/org/apache/hadoop/hadoop-hdds-server-scm/0.6.0-SNAPSHOT/hadoop-hdds-server-scm-0.6.0-SNAPSHOT-tests.jar:/home/user/.m2/repository/org/apache/hadoop/hadoop-hdds-container-service/0.6.0-SNAPSHOT/hadoop-hdds-container-service-0.6.0-SNAPSHOT-tests.jar:/home/user/.m2/repository/org/apache/hadoop/hadoop-hdds-common/0.6.0-SNAPSHOT/hadoop-hdds-common-0.6.0-SNAPSHOT-tests.jar:/home/user/.m2/repository/org/yaml/snakeyaml/1.16/snakeyaml-1.16.jar:/home/user/.m2/repository/org/apache/hadoop/hadoop-hdds-hadoop-dependency-test/0.6.0-SNAPSHOT/hadoop-hdds-hadoop-dependency-test-0.6.0-SNAPSHOT.jar:/home/user/.m2/repository/org/apache/hadoop/hadoop-common/3.2.1/hadoop-common-3.2.1-tests.jar:/home/user/.m2/repository/javax/servlet/jsp/jsp-api/2.1/jsp-api-2.1.jar:/home/user/.m2/repository/org/apache/hadoop/hadoop-hdfs/3.2.1/hadoop-hdfs-3.2.1-tests.jar:/home/user/.m2/repository/org/eclipse/jetty/jetty-util-ajax/9.4.26.v20200117/jetty-util-ajax-9.4.26.v20200117.jar:/home/user/.m2/repository/commons-codec/commons-codec/1.11/commons-codec-1.11.jar:/home/user/.m2/repository/commons-daemon/commons-daemon/1.0.13/commons-daemon-1.0.13.jar:/home/user/.m2/repository/io/netty/netty/3.10.5.Final/netty-3.10.5.Final.jar:/home/user/.m2/repository/io/netty/netty-all/4.1.48.Final/netty-all-4.1.48.Final.jar:/home/user/.m2/repository/org/apache/htrace/htrace-core4/4.1.0-incubating/htrace-core4-4.1.0-incubating.jar:/home/user/.m2/repository/org/fusesource/leveldbjni/leveldbjni-all/1.8/leveldbjni-all-1.8.jar:/home/user/.m2/repository/org/apache/hadoop/hadoop-distcp/3.2.1/hadoop-distcp-3.2.1.jar:/home/user/.m2/repository/org/apache/hadoop/hadoop-mapreduce-client-jobclient/3.2.1/hadoop-mapreduce-client-jobclient-3.2.1.jar:/home/user/.m2/repository/org/apache/hadoop/hadoop-mapreduce-client-common/3.2.1/hadoop-mapreduce-client-common-3.2.1.jar:/home/user/.m2/repository/org/apache/hadoop/hadoop-yarn-common/3.2.1/hadoop-yarn-common-3.2.1.jar:/home/user/.m2/repository/org/apache/hadoop/hadoop-yarn-api/3.2.1/hadoop-yarn-api-3.2.1.jar:/home/user/.m2/repository/com/sun/jersey/jersey-client/1.19/jersey-client-1.19.jar:/home/user/.m2/repository/com/sun/jersey/contribs/jersey-guice/1.19/jersey-guice-1.19.jar:/home/user/.m2/repository/com/fasterxml/jackson/jaxrs/jackson-jaxrs-json-provider/2.10.3/jackson-jaxrs-json-provider-2.10.3.jar:/home/user/.m2/repository/com/fasterxml/jackson/jaxrs/jackson-jaxrs-base/2.10.3/jackson-jaxrs-base-2.10.3.jar:/home/user/.m2/repository/org/apache/hadoop/hadoop-yarn-client/3.2.1/hadoop-yarn-client-3.2.1.jar:/home/user/.m2/repository/org/apache/hadoop/hadoop-mapreduce-client-core/3.2.1/hadoop-mapreduce-client-core-3.2.1.jar:/home/user/.m2/repository/org/apache/avro/avro/1.7.7/avro-1.7.7.jar:/home/user/.m2/repository/org/codehaus/jackson/jackson-core-asl/1.9.13/jackson-core-asl-1.9.13.jar:/home/user/.m2/repository/org/codehaus/jackson/jackson-mapper-asl/1.9.13/jackson-mapper-asl-1.9.13.jar:/home/user/.m2/repository/com/thoughtworks/paranamer/paranamer/2.3/paranamer-2.3.jar:/home/user/.m2/repository/org/xerial/snappy/snappy-java/1.0.5/snappy-java-1.0.5.jar:/home/user/.m2/repository/org/apache/hadoop/hadoop-annotations/3.2.1/hadoop-annotations-3.2.1.jar:/usr/lib/jvm/java-1.8.0-openjdk-1.8.0.232.b09-0.el7_7.x86_64/jre/../lib/tools.jar:/home/user/.m2/repository/org/apache/hadoop/hadoop-distcp/3.2.1/hadoop-distcp-3.2.1-tests.jar:"/>
    <property name="java.vm.vendor" value="Oracle Corporation"/>
    <property name="sun.arch.data.model" value="64"/>
    <property name="test.build.dir" value="/github/workspace/mnt/ozone/hadoop-ozone/integration-test/target/test-dir"/>
    <property name="test.cache.data" value=""/>
    <property name="java.vendor.url" value="http://java.oracle.com/"/>
    <property name="user.timezone" value=""/>
    <property name="java.vm.specification.version" value="1.8"/>
    <property name="os.name" value="Linux"/>
    <property name="test.build.data" value="/github/workspace/mnt/ozone/hadoop-ozone/integration-test/target/test-dir"/>
    <property name="user.country" value="US"/>
    <property name="sun.java.launcher" value="SUN_STANDARD"/>
    <property name="sun.boot.library.path" value="/usr/lib/jvm/java-1.8.0-openjdk-1.8.0.232.b09-0.el7_7.x86_64/jre/lib/amd64"/>
    <property name="sun.java.command" value="/github/workspace/mnt/ozone/hadoop-ozone/integration-test/target/surefire/surefirebooter7752538370874304278.jar /github/workspace/mnt/ozone/hadoop-ozone/integration-test/target/surefire 2020-05-22T20-56-25_959-jvmRun1 surefire8904804969180087049tmp surefire_76735766446896462188tmp"/>
    <property name="surefire.test.class.path" value="/github/workspace/mnt/ozone/hadoop-ozone/integration-test/target/test-classes:/github/workspace/mnt/ozone/hadoop-ozone/integration-test/target/classes:/home/user/.m2/repository/org/apache/hadoop/hadoop-ozone-common/0.6.0-SNAPSHOT/hadoop-ozone-common-0.6.0-SNAPSHOT.jar:/home/user/.m2/repository/org/apache/commons/commons-compress/1.4.1/commons-compress-1.4.1.jar:/home/user/.m2/repository/org/tukaani/xz/1.0/xz-1.0.jar:/home/user/.m2/repository/org/apache/hadoop/hadoop-hdds-common/0.6.0-SNAPSHOT/hadoop-hdds-common-0.6.0-SNAPSHOT.jar:/home/user/.m2/repository/info/picocli/picocli/3.9.6/picocli-3.9.6.jar:/home/user/.m2/repository/com/fasterxml/jackson/core/jackson-annotations/2.10.3/jackson-annotations-2.10.3.jar:/home/user/.m2/repository/javax/annotation/javax.annotation-api/1.2/javax.annotation-api-1.2.jar:/home/user/.m2/repository/org/apache/ratis/ratis-server/0.6.0-cac3336-SNAPSHOT/ratis-server-0.6.0-cac3336-SNAPSHOT.jar:/home/user/.m2/repository/org/apache/ratis/ratis-thirdparty-misc/0.4.0/ratis-thirdparty-misc-0.4.0.jar:/home/user/.m2/repository/org/apache/ratis/ratis-client/0.6.0-cac3336-SNAPSHOT/ratis-client-0.6.0-cac3336-SNAPSHOT.jar:/home/user/.m2/repository/org/apache/ratis/ratis-metrics/0.6.0-cac3336-SNAPSHOT/ratis-metrics-0.6.0-cac3336-SNAPSHOT.jar:/home/user/.m2/repository/org/apache/ratis/ratis-netty/0.6.0-cac3336-SNAPSHOT/ratis-netty-0.6.0-cac3336-SNAPSHOT.jar:/home/user/.m2/repository/org/apache/ratis/ratis-grpc/0.6.0-cac3336-SNAPSHOT/ratis-grpc-0.6.0-cac3336-SNAPSHOT.jar:/home/user/.m2/repository/org/apache/logging/log4j/log4j-api/2.11.0/log4j-api-2.11.0.jar:/home/user/.m2/repository/org/apache/logging/log4j/log4j-core/2.11.0/log4j-core-2.11.0.jar:/home/user/.m2/repository/com/lmax/disruptor/3.4.2/disruptor-3.4.2.jar:/home/user/.m2/repository/org/apache/commons/commons-pool2/2.6.0/commons-pool2-2.6.0.jar:/home/user/.m2/repository/org/bouncycastle/bcpkix-jdk15on/1.60/bcpkix-jdk15on-1.60.jar:/home/user/.m2/repository/commons-validator/commons-validator/1.6/commons-validator-1.6.jar:/home/user/.m2/repository/commons-digester/commons-digester/1.8.1/commons-digester-1.8.1.jar:/home/user/.m2/repository/io/jaegertracing/jaeger-client/1.2.0/jaeger-client-1.2.0.jar:/home/user/.m2/repository/io/jaegertracing/jaeger-thrift/1.2.0/jaeger-thrift-1.2.0.jar:/home/user/.m2/repository/org/apache/thrift/libthrift/0.13.0/libthrift-0.13.0.jar:/home/user/.m2/repository/com/squareup/okhttp3/okhttp/4.2.2/okhttp-4.2.2.jar:/home/user/.m2/repository/com/squareup/okio/okio/2.2.2/okio-2.2.2.jar:/home/user/.m2/repository/org/jetbrains/kotlin/kotlin-stdlib/1.3.50/kotlin-stdlib-1.3.50.jar:/home/user/.m2/repository/org/jetbrains/kotlin/kotlin-stdlib-common/1.3.50/kotlin-stdlib-common-1.3.50.jar:/home/user/.m2/repository/org/jetbrains/annotations/13.0/annotations-13.0.jar:/home/user/.m2/repository/io/jaegertracing/jaeger-core/1.2.0/jaeger-core-1.2.0.jar:/home/user/.m2/repository/io/jaegertracing/jaeger-tracerresolver/1.2.0/jaeger-tracerresolver-1.2.0.jar:/home/user/.m2/repository/io/opentracing/contrib/opentracing-tracerresolver/0.1.8/opentracing-tracerresolver-0.1.8.jar:/home/user/.m2/repository/io/opentracing/opentracing-util/0.33.0/opentracing-util-0.33.0.jar:/home/user/.m2/repository/io/opentracing/opentracing-api/0.33.0/opentracing-api-0.33.0.jar:/home/user/.m2/repository/io/opentracing/opentracing-noop/0.33.0/opentracing-noop-0.33.0.jar:/home/user/.m2/repository/org/apache/hadoop/hadoop-hdds-client/0.6.0-SNAPSHOT/hadoop-hdds-client-0.6.0-SNAPSHOT.jar:/home/user/.m2/repository/org/apache/hadoop/hadoop-hdds-test-utils/0.6.0-SNAPSHOT/hadoop-hdds-test-utils-0.6.0-SNAPSHOT.jar:/home/user/.m2/repository/com/google/guava/guava/28.2-jre/guava-28.2-jre.jar:/home/user/.m2/repository/com/google/guava/failureaccess/1.0.1/failureaccess-1.0.1.jar:/home/user/.m2/repository/com/google/guava/listenablefuture/9999.0-empty-to-avoid-conflict-with-guava/listenablefuture-9999.0-empty-to-avoid-conflict-with-guava.jar:/home/user/.m2/repository/com/google/code/findbugs/jsr305/3.0.0/jsr305-3.0.0.jar:/home/user/.m2/repository/org/checkerframework/checker-qual/2.10.0/checker-qual-2.10.0.jar:/home/user/.m2/repository/com/google/errorprone/error_prone_annotations/2.2.0/error_prone_annotations-2.2.0.jar:/home/user/.m2/repository/com/google/j2objc/j2objc-annotations/1.3/j2objc-annotations-1.3.jar:/home/user/.m2/repository/commons-io/commons-io/2.5/commons-io-2.5.jar:/home/user/.m2/repository/commons-logging/commons-logging/1.2/commons-logging-1.2.jar:/home/user/.m2/repository/log4j/log4j/1.2.17/log4j-1.2.17.jar:/home/user/.m2/repository/org/slf4j/slf4j-api/1.7.25/slf4j-api-1.7.25.jar:/home/user/.m2/repository/org/apache/hadoop/hadoop-hdds-server-scm/0.6.0-SNAPSHOT/hadoop-hdds-server-scm-0.6.0-SNAPSHOT.jar:/home/user/.m2/repository/org/apache/hadoop/hadoop-hdds-container-service/0.6.0-SNAPSHOT/hadoop-hdds-container-service-0.6.0-SNAPSHOT.jar:/home/user/.m2/repository/org/apache/hadoop/hadoop-hdds-hadoop-dependency-server/0.6.0-SNAPSHOT/hadoop-hdds-hadoop-dependency-server-0.6.0-SNAPSHOT.jar:/home/user/.m2/repository/org/apache/hadoop/hadoop-hdds-server-framework/0.6.0-SNAPSHOT/hadoop-hdds-server-framework-0.6.0-SNAPSHOT.jar:/home/user/.m2/repository/org/rocksdb/rocksdbjni/6.6.4/rocksdbjni-6.6.4.jar:/home/user/.m2/repository/io/prometheus/simpleclient_dropwizard/0.7.0/simpleclient_dropwizard-0.7.0.jar:/home/user/.m2/repository/io/prometheus/simpleclient/0.7.0/simpleclient-0.7.0.jar:/home/user/.m2/repository/io/prometheus/simpleclient_common/0.7.0/simpleclient_common-0.7.0.jar:/home/user/.m2/repository/com/fasterxml/jackson/datatype/jackson-datatype-jsr310/2.10.3/jackson-datatype-jsr310-2.10.3.jar:/home/user/.m2/repository/org/apache/hadoop/hadoop-hdds-docs/0.6.0-SNAPSHOT/hadoop-hdds-docs-0.6.0-SNAPSHOT.jar:/home/user/.m2/repository/io/dropwizard/metrics/metrics-core/3.2.4/metrics-core-3.2.4.jar:/home/user/.m2/repository/org/apache/hadoop/hadoop-hdfs-client/3.2.1/hadoop-hdfs-client-3.2.1.jar:/home/user/.m2/repository/org/bouncycastle/bcprov-jdk15on/1.60/bcprov-jdk15on-1.60.jar:/home/user/.m2/repository/org/apache/hadoop/hadoop-ozone-ozone-manager/0.6.0-SNAPSHOT/hadoop-ozone-ozone-manager-0.6.0-SNAPSHOT.jar:/home/user/.m2/repository/org/apache/hadoop/hadoop-minikdc/3.2.1/hadoop-minikdc-3.2.1.jar:/home/user/.m2/repository/org/apache/kerby/kerb-simplekdc/1.0.1/kerb-simplekdc-1.0.1.jar:/home/user/.m2/repository/org/apache/kerby/kerb-client/1.0.1/kerb-client-1.0.1.jar:/home/user/.m2/repository/org/apache/kerby/kerby-config/1.0.1/kerby-config-1.0.1.jar:/home/user/.m2/repository/org/apache/kerby/kerb-core/1.0.1/kerb-core-1.0.1.jar:/home/user/.m2/repository/org/apache/kerby/kerby-pkix/1.0.1/kerby-pkix-1.0.1.jar:/home/user/.m2/repository/org/apache/kerby/kerby-asn1/1.0.1/kerby-asn1-1.0.1.jar:/home/user/.m2/repository/org/apache/kerby/kerby-util/1.0.1/kerby-util-1.0.1.jar:/home/user/.m2/repository/org/apache/kerby/kerb-common/1.0.1/kerb-common-1.0.1.jar:/home/user/.m2/repository/org/apache/kerby/kerb-crypto/1.0.1/kerb-crypto-1.0.1.jar:/home/user/.m2/repository/org/apache/kerby/kerb-util/1.0.1/kerb-util-1.0.1.jar:/home/user/.m2/repository/org/apache/kerby/token-provider/1.0.1/token-provider-1.0.1.jar:/home/user/.m2/repository/org/apache/kerby/kerb-admin/1.0.1/kerb-admin-1.0.1.jar:/home/user/.m2/repository/org/apache/kerby/kerb-server/1.0.1/kerb-server-1.0.1.jar:/home/user/.m2/repository/org/apache/kerby/kerb-identity/1.0.1/kerb-identity-1.0.1.jar:/home/user/.m2/repository/org/apache/kerby/kerby-xdr/1.0.1/kerby-xdr-1.0.1.jar:/home/user/.m2/repository/org/slf4j/slf4j-log4j12/1.7.25/slf4j-log4j12-1.7.25.jar:/home/user/.m2/repository/org/apache/hadoop/hadoop-ozone-s3gateway/0.6.0-SNAPSHOT/hadoop-ozone-s3gateway-0.6.0-SNAPSHOT.jar:/home/user/.m2/repository/org/jboss/weld/servlet/weld-servlet/2.4.7.Final/weld-servlet-2.4.7.Final.jar:/home/user/.m2/repository/org/glassfish/jersey/containers/jersey-container-servlet-core/2.27/jersey-container-servlet-core-2.27.jar:/home/user/.m2/repository/org/glassfish/hk2/external/javax.inject/2.5.0-b42/javax.inject-2.5.0-b42.jar:/home/user/.m2/repository/org/glassfish/jersey/core/jersey-common/2.27/jersey-common-2.27.jar:/home/user/.m2/repository/org/glassfish/hk2/osgi-resource-locator/1.0.1/osgi-resource-locator-1.0.1.jar:/home/user/.m2/repository/javax/ws/rs/javax.ws.rs-api/2.1/javax.ws.rs-api-2.1.jar:/home/user/.m2/repository/org/glassfish/jersey/ext/cdi/jersey-cdi1x/2.27/jersey-cdi1x-2.27.jar:/home/user/.m2/repository/org/glassfish/jersey/inject/jersey-hk2/2.27/jersey-hk2-2.27.jar:/home/user/.m2/repository/org/glassfish/hk2/hk2-locator/2.5.0-b42/hk2-locator-2.5.0-b42.jar:/home/user/.m2/repository/org/javassist/javassist/3.22.0-CR2/javassist-3.22.0-CR2.jar:/home/user/.m2/repository/org/glassfish/hk2/hk2-api/2.5.0/hk2-api-2.5.0.jar:/home/user/.m2/repository/org/glassfish/hk2/external/jakarta.inject/2.5.0/jakarta.inject-2.5.0.jar:/home/user/.m2/repository/org/glassfish/hk2/hk2-utils/2.5.0/hk2-utils-2.5.0.jar:/home/user/.m2/repository/jakarta/annotation/jakarta.annotation-api/1.3.4/jakarta.annotation-api-1.3.4.jar:/home/user/.m2/repository/org/glassfish/hk2/external/aopalliance-repackaged/2.5.0/aopalliance-repackaged-2.5.0.jar:/home/user/.m2/repository/com/fasterxml/jackson/dataformat/jackson-dataformat-xml/2.10.3/jackson-dataformat-xml-2.10.3.jar:/home/user/.m2/repository/com/fasterxml/jackson/core/jackson-core/2.10.3/jackson-core-2.10.3.jar:/home/user/.m2/repository/com/fasterxml/jackson/module/jackson-module-jaxb-annotations/2.10.3/jackson-module-jaxb-annotations-2.10.3.jar:/home/user/.m2/repository/jakarta/xml/bind/jakarta.xml.bind-api/2.3.2/jakarta.xml.bind-api-2.3.2.jar:/home/user/.m2/repository/jakarta/activation/jakarta.activation-api/1.2.1/jakarta.activation-api-1.2.1.jar:/home/user/.m2/repository/org/codehaus/woodstox/stax2-api/3.1.4/stax2-api-3.1.4.jar:/home/user/.m2/repository/com/fasterxml/woodstox/woodstox-core/5.0.3/woodstox-core-5.0.3.jar:/home/user/.m2/repository/javax/enterprise/cdi-api/1.2/cdi-api-1.2.jar:/home/user/.m2/repository/javax/el/javax.el-api/3.0.0/javax.el-api-3.0.0.jar:/home/user/.m2/repository/javax/interceptor/javax.interceptor-api/1.2/javax.interceptor-api-1.2.jar:/home/user/.m2/repository/javax/inject/javax.inject/1/javax.inject-1.jar:/home/user/.m2/repository/com/sun/xml/bind/jaxb-impl/2.3.0.1/jaxb-impl-2.3.0.1.jar:/home/user/.m2/repository/com/sun/xml/bind/jaxb-core/2.3.0.1/jaxb-core-2.3.0.1.jar:/home/user/.m2/repository/javax/xml/bind/jaxb-api/2.3.0/jaxb-api-2.3.0.jar:/home/user/.m2/repository/javax/activation/activation/1.1.1/activation-1.1.1.jar:/home/user/.m2/repository/org/apache/hadoop/hadoop-ozone-csi/0.6.0-SNAPSHOT/hadoop-ozone-csi-0.6.0-SNAPSHOT.jar:/home/user/.m2/repository/com/google/protobuf/protobuf-java-util/3.11.0/protobuf-java-util-3.11.0.jar:/home/user/.m2/repository/com/google/code/gson/gson/2.2.4/gson-2.2.4.jar:/home/user/.m2/repository/org/apache/hadoop/hadoop-hdds-config/0.6.0-SNAPSHOT/hadoop-hdds-config-0.6.0-SNAPSHOT.jar:/home/user/.m2/repository/com/google/protobuf/protobuf-java/2.5.0/protobuf-java-2.5.0.jar:/home/user/.m2/repository/io/grpc/grpc-netty/1.28.1/grpc-netty-1.28.1.jar:/home/user/.m2/repository/io/grpc/grpc-core/1.28.1/grpc-core-1.28.1.jar:/home/user/.m2/repository/com/google/android/annotations/4.1.1.4/annotations-4.1.1.4.jar:/home/user/.m2/repository/io/perfmark/perfmark-api/0.19.0/perfmark-api-0.19.0.jar:/home/user/.m2/repository/io/netty/netty-codec-http2/4.1.45.Final/netty-codec-http2-4.1.45.Final.jar:/home/user/.m2/repository/io/netty/netty-codec/4.1.45.Final/netty-codec-4.1.45.Final.jar:/home/user/.m2/repository/io/netty/netty-handler/4.1.45.Final/netty-handler-4.1.45.Final.jar:/home/user/.m2/repository/io/netty/netty-codec-http/4.1.45.Final/netty-codec-http-4.1.45.Final.jar:/home/user/.m2/repository/io/netty/netty-handler-proxy/4.1.45.Final/netty-handler-proxy-4.1.45.Final.jar:/home/user/.m2/repository/io/netty/netty-codec-socks/4.1.45.Final/netty-codec-socks-4.1.45.Final.jar:/home/user/.m2/repository/io/netty/netty-transport-native-epoll/4.1.48.Final/netty-transport-native-epoll-4.1.48.Final.jar:/home/user/.m2/repository/io/netty/netty-common/4.1.48.Final/netty-common-4.1.48.Final.jar:/home/user/.m2/repository/io/netty/netty-buffer/4.1.48.Final/netty-buffer-4.1.48.Final.jar:/home/user/.m2/repository/io/netty/netty-transport/4.1.48.Final/netty-transport-4.1.48.Final.jar:/home/user/.m2/repository/io/netty/netty-resolver/4.1.48.Final/netty-resolver-4.1.48.Final.jar:/home/user/.m2/repository/io/netty/netty-transport-native-unix-common/4.1.48.Final/netty-transport-native-unix-common-4.1.48.Final.jar:/home/user/.m2/repository/io/grpc/grpc-protobuf/1.28.1/grpc-protobuf-1.28.1.jar:/home/user/.m2/repository/io/grpc/grpc-api/1.28.1/grpc-api-1.28.1.jar:/home/user/.m2/repository/io/grpc/grpc-context/1.28.1/grpc-context-1.28.1.jar:/home/user/.m2/repository/org/codehaus/mojo/animal-sniffer-annotations/1.18/animal-sniffer-annotations-1.18.jar:/home/user/.m2/repository/com/google/api/grpc/proto-google-common-protos/1.17.0/proto-google-common-protos-1.17.0.jar:/home/user/.m2/repository/io/grpc/grpc-protobuf-lite/1.28.1/grpc-protobuf-lite-1.28.1.jar:/home/user/.m2/repository/io/grpc/grpc-stub/1.28.1/grpc-stub-1.28.1.jar:/home/user/.m2/repository/org/apache/hadoop/hadoop-ozone-recon/0.6.0-SNAPSHOT/hadoop-ozone-recon-0.6.0-SNAPSHOT.jar:/home/user/.m2/repository/org/apache/hadoop/hadoop-ozone-reconcodegen/0.6.0-SNAPSHOT/hadoop-ozone-reconcodegen-0.6.0-SNAPSHOT.jar:/home/user/.m2/repository/com/google/inject/extensions/guice-multibindings/4.0/guice-multibindings-4.0.jar:/home/user/.m2/repository/com/google/inject/guice/4.0/guice-4.0.jar:/home/user/.m2/repository/aopalliance/aopalliance/1.0/aopalliance-1.0.jar:/home/user/.m2/repository/com/google/inject/extensions/guice-assistedinject/4.0/guice-assistedinject-4.0.jar:/home/user/.m2/repository/com/google/inject/extensions/guice-servlet/4.0/guice-servlet-4.0.jar:/home/user/.m2/repository/org/glassfish/jersey/containers/jersey-container-servlet/2.27/jersey-container-servlet-2.27.jar:/home/user/.m2/repository/org/glassfish/hk2/guice-bridge/2.5.0/guice-bridge-2.5.0.jar:/home/user/.m2/repository/org/glassfish/jersey/core/jersey-server/2.27/jersey-server-2.27.jar:/home/user/.m2/repository/org/glassfish/jersey/core/jersey-client/2.27/jersey-client-2.27.jar:/home/user/.m2/repository/org/glassfish/jersey/media/jersey-media-jaxb/2.27/jersey-media-jaxb-2.27.jar:/home/user/.m2/repository/javax/validation/validation-api/1.1.0.Final/validation-api-1.1.0.Final.jar:/home/user/.m2/repository/org/glassfish/jersey/media/jersey-media-json-jackson/2.27/jersey-media-json-jackson-2.27.jar:/home/user/.m2/repository/org/glassfish/jersey/ext/jersey-entity-filtering/2.27/jersey-entity-filtering-2.27.jar:/home/user/.m2/repository/org/jooq/jooq/3.11.10/jooq-3.11.10.jar:/home/user/.m2/repository/org/jooq/jooq-meta/3.11.10/jooq-meta-3.11.10.jar:/home/user/.m2/repository/org/jooq/jooq-codegen/3.11.10/jooq-codegen-3.11.10.jar:/home/user/.m2/repository/com/jolbox/bonecp/0.8.0.RELEASE/bonecp-0.8.0.RELEASE.jar:/home/user/.m2/repository/org/apache/derby/derby/10.14.2.0/derby-10.14.2.0.jar:/home/user/.m2/repository/org/xerial/sqlite-jdbc/3.25.2/sqlite-jdbc-3.25.2.jar:/home/user/.m2/repository/org/springframework/spring-jdbc/5.2.5.RELEASE/spring-jdbc-5.2.5.RELEASE.jar:/home/user/.m2/repository/org/springframework/spring-beans/5.2.5.RELEASE/spring-beans-5.2.5.RELEASE.jar:/home/user/.m2/repository/org/springframework/spring-core/5.2.5.RELEASE/spring-core-5.2.5.RELEASE.jar:/home/user/.m2/repository/org/springframework/spring-jcl/5.2.5.RELEASE/spring-jcl-5.2.5.RELEASE.jar:/home/user/.m2/repository/org/springframework/spring-tx/5.2.5.RELEASE/spring-tx-5.2.5.RELEASE.jar:/home/user/.m2/repository/org/apache/hadoop/hadoop-ozone-client/0.6.0-SNAPSHOT/hadoop-ozone-client-0.6.0-SNAPSHOT.jar:/home/user/.m2/repository/org/apache/hadoop/hadoop-ozone-filesystem/0.6.0-SNAPSHOT/hadoop-ozone-filesystem-0.6.0-SNAPSHOT.jar:/home/user/.m2/repository/org/apache/hadoop/hadoop-hdds-hadoop-dependency-client/0.6.0-SNAPSHOT/hadoop-hdds-hadoop-dependency-client-0.6.0-SNAPSHOT.jar:/home/user/.m2/repository/org/apache/hadoop/hadoop-ozone-tools/0.6.0-SNAPSHOT/hadoop-ozone-tools-0.6.0-SNAPSHOT.jar:/home/user/.m2/repository/org/apache/hadoop/hadoop-hdfs/3.2.1/hadoop-hdfs-3.2.1.jar:/home/user/.m2/repository/org/apache/ratis/ratis-tools/0.6.0-cac3336-SNAPSHOT/ratis-tools-0.6.0-cac3336-SNAPSHOT.jar:/home/user/.m2/repository/org/apache/ratis/ratis-proto/0.6.0-cac3336-SNAPSHOT/ratis-proto-0.6.0-cac3336-SNAPSHOT.jar:/home/user/.m2/repository/org/apache/ratis/ratis-common/0.6.0-cac3336-SNAPSHOT/ratis-common-0.6.0-cac3336-SNAPSHOT.jar:/home/user/.m2/repository/com/amazonaws/aws-java-sdk-core/1.11.615/aws-java-sdk-core-1.11.615.jar:/home/user/.m2/repository/org/apache/httpcomponents/httpclient/4.5.2/httpclient-4.5.2.jar:/home/user/.m2/repository/org/apache/httpcomponents/httpcore/4.4.4/httpcore-4.4.4.jar:/home/user/.m2/repository/software/amazon/ion/ion-java/1.0.2/ion-java-1.0.2.jar:/home/user/.m2/repository/com/fasterxml/jackson/dataformat/jackson-dataformat-cbor/2.10.3/jackson-dataformat-cbor-2.10.3.jar:/home/user/.m2/repository/joda-time/joda-time/2.8.1/joda-time-2.8.1.jar:/home/user/.m2/repository/com/amazonaws/aws-java-sdk-s3/1.11.615/aws-java-sdk-s3-1.11.615.jar:/home/user/.m2/repository/com/amazonaws/aws-java-sdk-kms/1.11.615/aws-java-sdk-kms-1.11.615.jar:/home/user/.m2/repository/com/amazonaws/jmespath-java/1.11.615/jmespath-java-1.11.615.jar:/home/user/.m2/repository/org/apache/hadoop/hadoop-hdds-tools/0.6.0-SNAPSHOT/hadoop-hdds-tools-0.6.0-SNAPSHOT.jar:/home/user/.m2/repository/commons-cli/commons-cli/1.2/commons-cli-1.2.jar:/home/user/.m2/repository/org/apache/commons/commons-lang3/3.7/commons-lang3-3.7.jar:/home/user/.m2/repository/org/apache/hadoop/hadoop-ozone-ozone-manager/0.6.0-SNAPSHOT/hadoop-ozone-ozone-manager-0.6.0-SNAPSHOT-tests.jar:/home/user/.m2/repository/junit/junit/4.11/junit-4.11.jar:/home/user/.m2/repository/org/hamcrest/hamcrest-core/1.3/hamcrest-core-1.3.jar:/home/user/.m2/repository/org/openjdk/jmh/jmh-core/1.19/jmh-core-1.19.jar:/home/user/.m2/repository/net/sf/jopt-simple/jopt-simple/4.6/jopt-simple-4.6.jar:/home/user/.m2/repository/org/apache/commons/commons-math3/3.1.1/commons-math3-3.1.1.jar:/home/user/.m2/repository/org/openjdk/jmh/jmh-generator-annprocess/1.19/jmh-generator-annprocess-1.19.jar:/home/user/.m2/repository/org/mockito/mockito-all/1.8.5/mockito-all-1.8.5.jar:/home/user/.m2/repository/org/apache/hadoop/hadoop-kms/3.2.1/hadoop-kms-3.2.1.jar:/home/user/.m2/repository/org/apache/hadoop/hadoop-auth/3.2.1/hadoop-auth-3.2.1.jar:/home/user/.m2/repository/com/nimbusds/nimbus-jose-jwt/7.9/nimbus-jose-jwt-7.9.jar:/home/user/.m2/repository/com/github/stephenc/jcip/jcip-annotations/1.0-1/jcip-annotations-1.0-1.jar:/home/user/.m2/repository/net/minidev/json-smart/2.3/json-smart-2.3.jar:/home/user/.m2/repository/net/minidev/accessors-smart/1.2/accessors-smart-1.2.jar:/home/user/.m2/repository/org/ow2/asm/asm/5.0.4/asm-5.0.4.jar:/home/user/.m2/repository/org/apache/zookeeper/zookeeper/3.4.13/zookeeper-3.4.13.jar:/home/user/.m2/repository/org/apache/yetus/audience-annotations/0.5.0/audience-annotations-0.5.0.jar:/home/user/.m2/repository/org/apache/curator/curator-framework/2.13.0/curator-framework-2.13.0.jar:/home/user/.m2/repository/com/sun/jersey/jersey-core/1.19/jersey-core-1.19.jar:/home/user/.m2/repository/javax/ws/rs/jsr311-api/1.1.1/jsr311-api-1.1.1.jar:/home/user/.m2/repository/com/sun/jersey/jersey-server/1.19/jersey-server-1.19.jar:/home/user/.m2/repository/javax/servlet/javax.servlet-api/3.1.0/javax.servlet-api-3.1.0.jar:/home/user/.m2/repository/org/eclipse/jetty/jetty-server/9.4.26.v20200117/jetty-server-9.4.26.v20200117.jar:/home/user/.m2/repository/org/eclipse/jetty/jetty-http/9.4.26.v20200117/jetty-http-9.4.26.v20200117.jar:/home/user/.m2/repository/org/eclipse/jetty/jetty-io/9.4.26.v20200117/jetty-io-9.4.26.v20200117.jar:/home/user/.m2/repository/org/eclipse/jetty/jetty-webapp/9.4.26.v20200117/jetty-webapp-9.4.26.v20200117.jar:/home/user/.m2/repository/org/eclipse/jetty/jetty-xml/9.4.26.v20200117/jetty-xml-9.4.26.v20200117.jar:/home/user/.m2/repository/org/eclipse/jetty/jetty-servlet/9.4.26.v20200117/jetty-servlet-9.4.26.v20200117.jar:/home/user/.m2/repository/org/eclipse/jetty/jetty-security/9.4.26.v20200117/jetty-security-9.4.26.v20200117.jar:/home/user/.m2/repository/org/apache/hadoop/hadoop-common/3.2.1/hadoop-common-3.2.1.jar:/home/user/.m2/repository/commons-net/commons-net/3.6/commons-net-3.6.jar:/home/user/.m2/repository/commons-collections/commons-collections/3.2.2/commons-collections-3.2.2.jar:/home/user/.m2/repository/com/sun/jersey/jersey-servlet/1.19/jersey-servlet-1.19.jar:/home/user/.m2/repository/com/sun/jersey/jersey-json/1.19/jersey-json-1.19.jar:/home/user/.m2/repository/org/codehaus/jettison/jettison/1.1/jettison-1.1.jar:/home/user/.m2/repository/org/codehaus/jackson/jackson-jaxrs/1.9.2/jackson-jaxrs-1.9.2.jar:/home/user/.m2/repository/org/codehaus/jackson/jackson-xc/1.9.2/jackson-xc-1.9.2.jar:/home/user/.m2/repository/commons-beanutils/commons-beanutils/1.9.4/commons-beanutils-1.9.4.jar:/home/user/.m2/repository/org/apache/commons/commons-configuration2/2.1.1/commons-configuration2-2.1.1.jar:/home/user/.m2/repository/org/apache/commons/commons-text/1.4/commons-text-1.4.jar:/home/user/.m2/repository/com/google/re2j/re2j/1.1/re2j-1.1.jar:/home/user/.m2/repository/com/jcraft/jsch/0.1.54/jsch-0.1.54.jar:/home/user/.m2/repository/org/apache/curator/curator-client/2.13.0/curator-client-2.13.0.jar:/home/user/.m2/repository/org/apache/curator/curator-recipes/2.13.0/curator-recipes-2.13.0.jar:/home/user/.m2/repository/dnsjava/dnsjava/2.1.7/dnsjava-2.1.7.jar:/home/user/.m2/repository/org/slf4j/jul-to-slf4j/1.7.25/jul-to-slf4j-1.7.25.jar:/home/user/.m2/repository/org/eclipse/jetty/jetty-util/9.4.26.v20200117/jetty-util-9.4.26.v20200117.jar:/home/user/.m2/repository/com/fasterxml/jackson/core/jackson-databind/2.10.3/jackson-databind-2.10.3.jar:/home/user/.m2/repository/org/apache/hadoop/hadoop-kms/3.2.1/hadoop-kms-3.2.1-tests.jar:/home/user/.m2/repository/org/apache/hadoop/hadoop-hdds-server-scm/0.6.0-SNAPSHOT/hadoop-hdds-server-scm-0.6.0-SNAPSHOT-tests.jar:/home/user/.m2/repository/org/apache/hadoop/hadoop-hdds-container-service/0.6.0-SNAPSHOT/hadoop-hdds-container-service-0.6.0-SNAPSHOT-tests.jar:/home/user/.m2/repository/org/apache/hadoop/hadoop-hdds-common/0.6.0-SNAPSHOT/hadoop-hdds-common-0.6.0-SNAPSHOT-tests.jar:/home/user/.m2/repository/org/yaml/snakeyaml/1.16/snakeyaml-1.16.jar:/home/user/.m2/repository/org/apache/hadoop/hadoop-hdds-hadoop-dependency-test/0.6.0-SNAPSHOT/hadoop-hdds-hadoop-dependency-test-0.6.0-SNAPSHOT.jar:/home/user/.m2/repository/org/apache/hadoop/hadoop-common/3.2.1/hadoop-common-3.2.1-tests.jar:/home/user/.m2/repository/javax/servlet/jsp/jsp-api/2.1/jsp-api-2.1.jar:/home/user/.m2/repository/org/apache/hadoop/hadoop-hdfs/3.2.1/hadoop-hdfs-3.2.1-tests.jar:/home/user/.m2/repository/org/eclipse/jetty/jetty-util-ajax/9.4.26.v20200117/jetty-util-ajax-9.4.26.v20200117.jar:/home/user/.m2/repository/commons-codec/commons-codec/1.11/commons-codec-1.11.jar:/home/user/.m2/repository/commons-daemon/commons-daemon/1.0.13/commons-daemon-1.0.13.jar:/home/user/.m2/repository/io/netty/netty/3.10.5.Final/netty-3.10.5.Final.jar:/home/user/.m2/repository/io/netty/netty-all/4.1.48.Final/netty-all-4.1.48.Final.jar:/home/user/.m2/repository/org/apache/htrace/htrace-core4/4.1.0-incubating/htrace-core4-4.1.0-incubating.jar:/home/user/.m2/repository/org/fusesource/leveldbjni/leveldbjni-all/1.8/leveldbjni-all-1.8.jar:/home/user/.m2/repository/org/apache/hadoop/hadoop-distcp/3.2.1/hadoop-distcp-3.2.1.jar:/home/user/.m2/repository/org/apache/hadoop/hadoop-mapreduce-client-jobclient/3.2.1/hadoop-mapreduce-client-jobclient-3.2.1.jar:/home/user/.m2/repository/org/apache/hadoop/hadoop-mapreduce-client-common/3.2.1/hadoop-mapreduce-client-common-3.2.1.jar:/home/user/.m2/repository/org/apache/hadoop/hadoop-yarn-common/3.2.1/hadoop-yarn-common-3.2.1.jar:/home/user/.m2/repository/org/apache/hadoop/hadoop-yarn-api/3.2.1/hadoop-yarn-api-3.2.1.jar:/home/user/.m2/repository/com/sun/jersey/jersey-client/1.19/jersey-client-1.19.jar:/home/user/.m2/repository/com/sun/jersey/contribs/jersey-guice/1.19/jersey-guice-1.19.jar:/home/user/.m2/repository/com/fasterxml/jackson/jaxrs/jackson-jaxrs-json-provider/2.10.3/jackson-jaxrs-json-provider-2.10.3.jar:/home/user/.m2/repository/com/fasterxml/jackson/jaxrs/jackson-jaxrs-base/2.10.3/jackson-jaxrs-base-2.10.3.jar:/home/user/.m2/repository/org/apache/hadoop/hadoop-yarn-client/3.2.1/hadoop-yarn-client-3.2.1.jar:/home/user/.m2/repository/org/apache/hadoop/hadoop-mapreduce-client-core/3.2.1/hadoop-mapreduce-client-core-3.2.1.jar:/home/user/.m2/repository/org/apache/avro/avro/1.7.7/avro-1.7.7.jar:/home/user/.m2/repository/org/codehaus/jackson/jackson-core-asl/1.9.13/jackson-core-asl-1.9.13.jar:/home/user/.m2/repository/org/codehaus/jackson/jackson-mapper-asl/1.9.13/jackson-mapper-asl-1.9.13.jar:/home/user/.m2/repository/com/thoughtworks/paranamer/paranamer/2.3/paranamer-2.3.jar:/home/user/.m2/repository/org/xerial/snappy/snappy-java/1.0.5/snappy-java-1.0.5.jar:/home/user/.m2/repository/org/apache/hadoop/hadoop-annotations/3.2.1/hadoop-annotations-3.2.1.jar:/usr/lib/jvm/java-1.8.0-openjdk-1.8.0.232.b09-0.el7_7.x86_64/jre/../lib/tools.jar:/home/user/.m2/repository/org/apache/hadoop/hadoop-distcp/3.2.1/hadoop-distcp-3.2.1-tests.jar:"/>
    <property name="sun.cpu.endian" value="little"/>
    <property name="user.home" value="/home/user"/>
    <property name="user.language" value="en"/>
    <property name="java.specification.vendor" value="Oracle Corporation"/>
    <property name="java.home" value="/usr/lib/jvm/java-1.8.0-openjdk-1.8.0.232.b09-0.el7_7.x86_64/jre"/>
    <property name="java.security.krb5.conf" value="/github/workspace/mnt/ozone/hadoop-ozone/integration-test/target/test-classes/krb5.conf"/>
    <property name="basedir" value="/github/workspace/mnt/ozone/hadoop-ozone/integration-test"/>
    <property name="file.separator" value="/"/>
    <property name="line.separator" value="&#10;"/>
    <property name="java.vm.specification.vendor" value="Oracle Corporation"/>
    <property name="java.specification.name" value="Java Platform API Specification"/>
    <property name="java.awt.graphicsenv" value="sun.awt.X11GraphicsEnvironment"/>
    <property name="surefire.real.class.path" value="/github/workspace/mnt/ozone/hadoop-ozone/integration-test/target/surefire/surefirebooter7752538370874304278.jar:/home/user/.m2/repository/org/jacoco/org.jacoco.agent/0.8.3/org.jacoco.agent-0.8.3-runtime.jar"/>
    <property name="hadoop.log.dir" value="/github/workspace/mnt/ozone/hadoop-ozone/integration-test/target/log"/>
    <property name="sun.boot.class.path" value="/usr/lib/jvm/java-1.8.0-openjdk-1.8.0.232.b09-0.el7_7.x86_64/jre/lib/resources.jar:/usr/lib/jvm/java-1.8.0-openjdk-1.8.0.232.b09-0.el7_7.x86_64/jre/lib/rt.jar:/usr/lib/jvm/java-1.8.0-openjdk-1.8.0.232.b09-0.el7_7.x86_64/jre/lib/sunrsasign.jar:/usr/lib/jvm/java-1.8.0-openjdk-1.8.0.232.b09-0.el7_7.x86_64/jre/lib/jsse.jar:/usr/lib/jvm/java-1.8.0-openjdk-1.8.0.232.b09-0.el7_7.x86_64/jre/lib/jce.jar:/usr/lib/jvm/java-1.8.0-openjdk-1.8.0.232.b09-0.el7_7.x86_64/jre/lib/charsets.jar:/usr/lib/jvm/java-1.8.0-openjdk-1.8.0.232.b09-0.el7_7.x86_64/jre/lib/jfr.jar:/usr/lib/jvm/java-1.8.0-openjdk-1.8.0.232.b09-0.el7_7.x86_64/jre/classes"/>
    <property name="sun.management.compiler" value="HotSpot 64-Bit Tiered Compilers"/>
    <property name="java.runtime.version" value="1.8.0_232-b09"/>
    <property name="java.net.preferIPv4Stack" value="true"/>
    <property name="user.name" value="jenkins1001"/>
    <property name="path.separator" value=":"/>
    <property name="java.security.egd" value="file:///dev/urandom"/>
    <property name="os.version" value="5.3.0-1020-azure"/>
    <property name="java.endorsed.dirs" value="/usr/lib/jvm/java-1.8.0-openjdk-1.8.0.232.b09-0.el7_7.x86_64/jre/lib/endorsed"/>
    <property name="java.runtime.name" value="OpenJDK Runtime Environment"/>
    <property name="file.encoding" value="ANSI_X3.4-1968"/>
    <property name="java.vm.name" value="OpenJDK 64-Bit Server VM"/>
    <property name="test.build.webapps" value=""/>
    <property name="localRepository" value="/home/user/.m2/repository"/>
    <property name="java.vendor.url.bug" value="http://bugreport.sun.com/bugreport/"/>
    <property name="java.io.tmpdir" value="/tmp"/>
    <property name="require.test.libhadoop" value=""/>
    <property name="java.version" value="1.8.0_232"/>
    <property name="user.dir" value="/github/workspace/mnt/ozone/hadoop-ozone/integration-test"/>
    <property name="os.arch" value="amd64"/>
    <property name="java.vm.specification.name" value="Java Virtual Machine Specification"/>
    <property name="test.build.classes" value="/github/workspace/mnt/ozone/hadoop-ozone/integration-test/target/test-classes"/>
    <property name="java.awt.printerjob" value="sun.print.PSPrinterJob"/>
    <property name="sun.os.patch.level" value="unknown"/>
    <property name="hadoop.tmp.dir" value="/github/workspace/mnt/ozone/hadoop-ozone/integration-test/target/tmp"/>
    <property name="java.library.path" value="/usr/lib:/usr/java/packages/lib/amd64:/usr/lib64:/lib64:/lib:/usr/lib"/>
    <property name="java.vm.info" value="mixed mode"/>
    <property name="java.vendor" value="Oracle Corporation"/>
    <property name="java.vm.version" value="25.232-b09"/>
    <property name="java.ext.dirs" value="/usr/lib/jvm/java-1.8.0-openjdk-1.8.0.232.b09-0.el7_7.x86_64/jre/lib/ext:/usr/java/packages/lib/ext"/>
    <property name="sun.io.unicode.encoding" value="UnicodeLittle"/>
    <property name="java.class.version" value="52.0"/>
  </properties>
  <testcase name="testPipelineExclusionWithPipelineFailure" classname="org.apache.hadoop.ozone.client.rpc.TestFailureHandlingByClient" time="55.759">
    <failure type="java.lang.AssertionError">java.lang.AssertionError
	at org.junit.Assert.fail(Assert.java:86)
	at org.junit.Assert.assertTrue(Assert.java:41)
	at org.junit.Assert.assertTrue(Assert.java:52)
	at org.apache.hadoop.ozone.client.rpc.TestFailureHandlingByClient.testPipelineExclusionWithPipelineFailure(TestFailureHandlingByClient.java:400)
	at sun.reflect.NativeMethodAccessorImpl.invoke0(Native Method)
	at sun.reflect.NativeMethodAccessorImpl.invoke(NativeMethodAccessorImpl.java:62)
	at sun.reflect.DelegatingMethodAccessorImpl.invoke(DelegatingMethodAccessorImpl.java:43)
	at java.lang.reflect.Method.invoke(Method.java:498)
	at org.junit.runners.model.FrameworkMethod$1.runReflectiveCall(FrameworkMethod.java:47)
	at org.junit.internal.runners.model.ReflectiveCallable.run(ReflectiveCallable.java:12)
	at org.junit.runners.model.FrameworkMethod.invokeExplosively(FrameworkMethod.java:44)
	at org.junit.internal.runners.statements.InvokeMethod.evaluate(InvokeMethod.java:17)
	at org.junit.internal.runners.statements.RunAfters.evaluate(RunAfters.java:27)
	at org.junit.runners.ParentRunner.runLeaf(ParentRunner.java:271)
	at org.junit.runners.BlockJUnit4ClassRunner.runChild(BlockJUnit4ClassRunner.java:70)
	at org.junit.runners.BlockJUnit4ClassRunner.runChild(BlockJUnit4ClassRunner.java:50)
	at org.junit.runners.ParentRunner$3.run(ParentRunner.java:238)
	at org.junit.runners.ParentRunner$1.schedule(ParentRunner.java:63)
	at org.junit.runners.ParentRunner.runChildren(ParentRunner.java:236)
	at org.junit.runners.ParentRunner.access$000(ParentRunner.java:53)
	at org.junit.runners.ParentRunner$2.evaluate(ParentRunner.java:229)
	at org.junit.runners.ParentRunner.run(ParentRunner.java:309)
	at org.apache.maven.surefire.junit4.JUnit4Provider.execute(JUnit4Provider.java:365)
	at org.apache.maven.surefire.junit4.JUnit4Provider.executeWithRerun(JUnit4Provider.java:273)
	at org.apache.maven.surefire.junit4.JUnit4Provider.executeTestSet(JUnit4Provider.java:238)
	at org.apache.maven.surefire.junit4.JUnit4Provider.invoke(JUnit4Provider.java:159)
	at org.apache.maven.surefire.booter.ForkedBooter.invokeProviderInSameClassLoader(ForkedBooter.java:384)
	at org.apache.maven.surefire.booter.ForkedBooter.runSuitesInProcess(ForkedBooter.java:345)
	at org.apache.maven.surefire.booter.ForkedBooter.execute(ForkedBooter.java:126)
	at org.apache.maven.surefire.booter.ForkedBooter.main(ForkedBooter.java:418)
</failure>
    <system-out><![CDATA[2020-05-22 21:02:11,588 [main] WARN  server.ServerUtils (ServerUtils.java:getScmDbDir(148)) - ozone.scm.db.dirs is not configured. We recommend adding this setting. Falling back to ozone.metadata.dirs instead.
2020-05-22 21:02:11,727 [main] WARN  server.ServerUtils (ServerUtils.java:getScmDbDir(148)) - ozone.scm.db.dirs is not configured. We recommend adding this setting. Falling back to ozone.metadata.dirs instead.
2020-05-22 21:02:11,862 [main] WARN  db.DBStoreBuilder (DBStoreBuilder.java:createDBStoreBuilder(277)) - ozone.scm.db.dirs is not configured. We recommend adding this setting. Falling back to ozone.metadata.dirs instead.
2020-05-22 21:02:12,081 [main] INFO  net.NodeSchemaLoader (NodeSchemaLoader.java:loadSchemaFromFile(126)) - Loading file from sun.misc.CompoundEnumeration@56a09a5c
2020-05-22 21:02:12,086 [main] INFO  net.NodeSchemaLoader (NodeSchemaLoader.java:loadSchema(172)) - Loading network topology layer schema file
2020-05-22 21:02:12,194 [main] INFO  node.SCMNodeManager (SCMNodeManager.java:<init>(116)) - Entering startup safe mode.
2020-05-22 21:02:12,273 [main] INFO  Configuration.deprecation (Configuration.java:logDeprecation(1395)) - hadoop.configured.node.mapping is deprecated. Instead, use net.topology.configured.node.mapping
2020-05-22 21:02:12,392 [main] INFO  algorithms.ContainerPlacementPolicyFactory (ContainerPlacementPolicyFactory.java:getPolicy(60)) - Create container placement policy of type org.apache.hadoop.hdds.scm.container.placement.algorithms.SCMContainerPlacementRandom
2020-05-22 21:02:12,419 [main] INFO  pipeline.SCMPipelineManager (SCMPipelineManager.java:initializePipelineState(158)) - No pipeline exists in current db
2020-05-22 21:02:12,503 [main] INFO  safemode.HealthyPipelineSafeModeRule (HealthyPipelineSafeModeRule.java:<init>(89)) - Total pipeline count is 0, healthy pipeline threshold count is 0
2020-05-22 21:02:12,510 [main] INFO  safemode.OneReplicaPipelineSafeModeRule (OneReplicaPipelineSafeModeRule.java:<init>(79)) - Total pipeline count is 0, pipeline's with at least one datanode reported threshold count is 0
2020-05-22 21:02:12,566 [RatisPipelineUtilsThread] ERROR pipeline.SCMPipelineManager (SCMPipelineManager.java:createPipeline(222)) - Failed to create pipeline of type RATIS and factor ONE. Exception: Cannot create pipeline of factor 1 using 0 nodes. Used 0 nodes. Healthy nodes 0
2020-05-22 21:02:13,149 [main] INFO  ipc.CallQueueManager (CallQueueManager.java:<init>(84)) - Using callQueue: class java.util.concurrent.LinkedBlockingQueue, queueCapacity: 2000, scheduler: class org.apache.hadoop.ipc.DefaultRpcScheduler, ipcBackoff: false.
2020-05-22 21:02:13,188 [Socket Reader #1 for port 0] INFO  ipc.Server (Server.java:run(1219)) - Starting Socket Reader #1 for port 0
2020-05-22 21:02:13,249 [Listener at 0.0.0.0/34379] INFO  ipc.CallQueueManager (CallQueueManager.java:<init>(84)) - Using callQueue: class java.util.concurrent.LinkedBlockingQueue, queueCapacity: 2000, scheduler: class org.apache.hadoop.ipc.DefaultRpcScheduler, ipcBackoff: false.
2020-05-22 21:02:13,250 [Socket Reader #1 for port 0] INFO  ipc.Server (Server.java:run(1219)) - Starting Socket Reader #1 for port 0
2020-05-22 21:02:13,263 [Listener at 0.0.0.0/40141] INFO  ipc.CallQueueManager (CallQueueManager.java:<init>(84)) - Using callQueue: class java.util.concurrent.LinkedBlockingQueue, queueCapacity: 2000, scheduler: class org.apache.hadoop.ipc.DefaultRpcScheduler, ipcBackoff: false.
2020-05-22 21:02:13,264 [Socket Reader #1 for port 0] INFO  ipc.Server (Server.java:run(1219)) - Starting Socket Reader #1 for port 0
2020-05-22 21:02:13,291 [Listener at 0.0.0.0/41139] INFO  http.BaseHttpServer (BaseHttpServer.java:newHttpServer2BuilderForOzone(205)) - Starting Web-server for scm at: http://0.0.0.0:0
2020-05-22 21:02:13,292 [Listener at 0.0.0.0/41139] INFO  http.BaseHttpServer (BaseHttpServer.java:<init>(106)) - Hadoop Security Enabled: false Ozone Security Enabled: false Ozone HTTP Security Enabled: false 
2020-05-22 21:02:13,342 [Listener at 0.0.0.0/41139] INFO  util.log (Log.java:initialized(169)) - Logging initialized @3389ms to org.eclipse.jetty.util.log.Slf4jLog
2020-05-22 21:02:13,536 [Listener at 0.0.0.0/41139] INFO  server.AuthenticationFilter (AuthenticationFilter.java:constructSecretProvider(240)) - Unable to initialize FileSignerSecretProvider, falling back to use random secrets.
2020-05-22 21:02:13,558 [Listener at 0.0.0.0/41139] WARN  http.HttpRequestLog (HttpRequestLog.java:getRequestLog(103)) - Jetty request log can only be enabled using Log4j
2020-05-22 21:02:13,565 [Listener at 0.0.0.0/41139] INFO  http.HttpServer2 (HttpServer2.java:addGlobalFilter(993)) - Added global filter 'safety' (class=org.apache.hadoop.hdds.server.http.HttpServer2$QuotingInputFilter)
2020-05-22 21:02:13,567 [Listener at 0.0.0.0/41139] INFO  http.HttpServer2 (HttpServer2.java:addFilter(969)) - Added filter authentication (class=org.apache.hadoop.security.authentication.server.AuthenticationFilter) to context scm
2020-05-22 21:02:13,568 [Listener at 0.0.0.0/41139] INFO  http.HttpServer2 (HttpServer2.java:addFilter(977)) - Added filter authentication (class=org.apache.hadoop.security.authentication.server.AuthenticationFilter) to context logs
2020-05-22 21:02:13,568 [Listener at 0.0.0.0/41139] INFO  http.HttpServer2 (HttpServer2.java:addFilter(977)) - Added filter authentication (class=org.apache.hadoop.security.authentication.server.AuthenticationFilter) to context static
2020-05-22 21:02:13,654 [Listener at 0.0.0.0/41139] INFO  server.StorageContainerManager (StorageContainerManager.java:start(781)) - StorageContainerLocationProtocol RPC server is listening at /0.0.0.0:41139
2020-05-22 21:02:13,744 [Listener at 0.0.0.0/41139] WARN  impl.MetricsConfig (MetricsConfig.java:loadFirst(134)) - Cannot locate configuration: tried hadoop-metrics2-storagecontainermanager.properties,hadoop-metrics2.properties
2020-05-22 21:02:13,765 [Listener at 0.0.0.0/41139] INFO  impl.MetricsSystemImpl (MetricsSystemImpl.java:startTimer(374)) - Scheduled Metric snapshot period at 10 second(s).
2020-05-22 21:02:13,765 [Listener at 0.0.0.0/41139] INFO  impl.MetricsSystemImpl (MetricsSystemImpl.java:start(191)) - StorageContainerManager metrics system started
2020-05-22 21:02:14,202 [Listener at 0.0.0.0/41139] INFO  server.SCMClientProtocolServer (SCMClientProtocolServer.java:start(157)) - RPC server for Client  is listening at /0.0.0.0:41139
2020-05-22 21:02:14,202 [IPC Server Responder] INFO  ipc.Server (Server.java:run(1460)) - IPC Server Responder: starting
2020-05-22 21:02:14,206 [IPC Server listener on 0] INFO  ipc.Server (Server.java:run(1298)) - IPC Server listener on 0: starting
2020-05-22 21:02:14,215 [Listener at 0.0.0.0/41139] INFO  server.StorageContainerManager (StorageContainerManager.java:start(793)) - ScmBlockLocationProtocol RPC server is listening at /0.0.0.0:40141
2020-05-22 21:02:14,216 [Listener at 0.0.0.0/41139] INFO  server.SCMBlockProtocolServer (SCMBlockProtocolServer.java:start(149)) - RPC server for Block Protocol is listening at /0.0.0.0:40141
2020-05-22 21:02:14,217 [IPC Server Responder] INFO  ipc.Server (Server.java:run(1460)) - IPC Server Responder: starting
2020-05-22 21:02:14,217 [IPC Server listener on 0] INFO  ipc.Server (Server.java:run(1298)) - IPC Server listener on 0: starting
2020-05-22 21:02:14,223 [Listener at 0.0.0.0/41139] INFO  server.StorageContainerManager (StorageContainerManager.java:start(799)) - ScmDatanodeProtocl RPC server is listening at /0.0.0.0:34379
2020-05-22 21:02:14,223 [Listener at 0.0.0.0/41139] INFO  server.SCMDatanodeProtocolServer (SCMDatanodeProtocolServer.java:start(172)) - RPC server for DataNodes is listening at /0.0.0.0:34379
2020-05-22 21:02:14,225 [IPC Server Responder] INFO  ipc.Server (Server.java:run(1460)) - IPC Server Responder: starting
2020-05-22 21:02:14,226 [IPC Server listener on 0] INFO  ipc.Server (Server.java:run(1298)) - IPC Server listener on 0: starting
2020-05-22 21:02:14,234 [Listener at 0.0.0.0/41139] INFO  http.HttpServer2 (HttpServer2.java:bindListener(1211)) - Jetty bound to port 36645
2020-05-22 21:02:14,237 [Listener at 0.0.0.0/41139] INFO  server.Server (Server.java:doStart(359)) - jetty-9.4.26.v20200117; built: 2020-01-17T12:35:33.676Z; git: 7b38981d25d14afb4a12ff1f2596756144edf695; jvm 1.8.0_232-b09
2020-05-22 21:02:14,294 [Listener at 0.0.0.0/41139] INFO  server.session (DefaultSessionIdManager.java:doStart(333)) - DefaultSessionIdManager workerName=node0
2020-05-22 21:02:14,294 [Listener at 0.0.0.0/41139] INFO  server.session (DefaultSessionIdManager.java:doStart(338)) - No SessionScavenger set, using defaults
2020-05-22 21:02:14,297 [Listener at 0.0.0.0/41139] INFO  server.session (HouseKeeper.java:startScavenging(140)) - node0 Scavenging every 660000ms
2020-05-22 21:02:14,321 [Listener at 0.0.0.0/41139] INFO  server.AuthenticationFilter (AuthenticationFilter.java:constructSecretProvider(240)) - Unable to initialize FileSignerSecretProvider, falling back to use random secrets.
2020-05-22 21:02:14,328 [Listener at 0.0.0.0/41139] INFO  handler.ContextHandler (ContextHandler.java:doStart(825)) - Started o.e.j.s.ServletContextHandler@42775280{logs,/logs,file:///github/workspace/mnt/ozone/hadoop-ozone/integration-test/target/log,AVAILABLE}
2020-05-22 21:02:14,330 [Listener at 0.0.0.0/41139] INFO  handler.ContextHandler (ContextHandler.java:doStart(825)) - Started o.e.j.s.ServletContextHandler@211e1b51{static,/static,file:///github/workspace/mnt/ozone/hadoop-ozone/integration-test/target/test-classes/webapps/static,AVAILABLE}
2020-05-22 21:02:14,413 [Listener at 0.0.0.0/41139] INFO  handler.ContextHandler (ContextHandler.java:doStart(825)) - Started o.e.j.w.WebAppContext@1c5e759e{scm,/,file:///github/workspace/mnt/ozone/hadoop-ozone/integration-test/target/test-classes/webapps/scm/,AVAILABLE}{file:/github/workspace/mnt/ozone/hadoop-ozone/integration-test/target/test-classes/webapps/scm}
2020-05-22 21:02:14,429 [Listener at 0.0.0.0/41139] INFO  server.AbstractConnector (AbstractConnector.java:doStart(330)) - Started ServerConnector@57465bba{HTTP/1.1,[http/1.1]}{0.0.0.0:36645}
2020-05-22 21:02:14,430 [Listener at 0.0.0.0/41139] INFO  server.Server (Server.java:doStart(399)) - Started @4477ms
2020-05-22 21:02:14,437 [Listener at 0.0.0.0/41139] INFO  impl.MetricsSinkAdapter (MetricsSinkAdapter.java:start(204)) - Sink prometheus started
2020-05-22 21:02:14,437 [Listener at 0.0.0.0/41139] INFO  impl.MetricsSystemImpl (MetricsSystemImpl.java:registerSink(301)) - Registered sink prometheus
2020-05-22 21:02:14,441 [Listener at 0.0.0.0/41139] INFO  http.BaseHttpServer (BaseHttpServer.java:updateConnectorAddress(325)) - HTTP server of scm listening at http://0.0.0.0:36645
2020-05-22 21:02:14,452 [Listener at 0.0.0.0/41139] WARN  server.ServerUtils (ServerUtils.java:getDBPath(225)) - ozone.om.db.dirs is not configured. We recommend adding this setting. Falling back to ozone.metadata.dirs instead.
2020-05-22 21:02:14,463 [org.apache.hadoop.util.JvmPauseMonitor$Monitor@58936e68] INFO  util.JvmPauseMonitor (JvmPauseMonitor.java:run(188)) - Starting JVM pause monitor
2020-05-22 21:02:14,613 [Listener at 0.0.0.0/41139] INFO  ha.OMHANodeDetails (OMHANodeDetails.java:loadOMHAConfig(104)) - ozone.om.internal.service.id is not defined, falling back to ozone.om.service.ids to find serviceID for OzoneManager if it is HA enabled cluster
2020-05-22 21:02:14,617 [Listener at 0.0.0.0/41139] INFO  ha.OMHANodeDetails (OMHANodeDetails.java:loadOMHAConfig(207)) - Configuration either no ozone.om.address set. Falling back to the default OM address /127.0.0.1:0
2020-05-22 21:02:14,617 [Listener at 0.0.0.0/41139] INFO  ha.OMHANodeDetails (OMHANodeDetails.java:getOMNodeDetails(237)) - OM Service ID is not set. Setting it to the default ID: omServiceIdDefault
2020-05-22 21:02:14,620 [Listener at 0.0.0.0/41139] WARN  server.ServerUtils (ServerUtils.java:getDBPath(225)) - ozone.om.db.dirs is not configured. We recommend adding this setting. Falling back to ozone.metadata.dirs instead.
2020-05-22 21:02:14,622 [Listener at 0.0.0.0/41139] WARN  server.ServerUtils (ServerUtils.java:getDBPath(225)) - ozone.om.db.dirs is not configured. We recommend adding this setting. Falling back to ozone.metadata.dirs instead.
2020-05-22 21:02:15,449 [Listener at 0.0.0.0/41139] WARN  server.ServerUtils (ServerUtils.java:getDBPath(225)) - ozone.om.db.dirs is not configured. We recommend adding this setting. Falling back to ozone.metadata.dirs instead.
2020-05-22 21:02:15,595 [Listener at 0.0.0.0/41139] INFO  ipc.CallQueueManager (CallQueueManager.java:<init>(84)) - Using callQueue: class java.util.concurrent.LinkedBlockingQueue, queueCapacity: 2000, scheduler: class org.apache.hadoop.ipc.DefaultRpcScheduler, ipcBackoff: false.
2020-05-22 21:02:15,597 [Socket Reader #1 for port 0] INFO  ipc.Server (Server.java:run(1219)) - Starting Socket Reader #1 for port 0
2020-05-22 21:02:15,648 [Listener at 127.0.0.1/42845] INFO  impl.MetricsSystemImpl (MetricsSystemImpl.java:init(158)) - OzoneManager metrics system started (again)
2020-05-22 21:02:15,651 [Listener at 127.0.0.1/42845] INFO  om.OzoneManager (OzoneManager.java:start(1100)) - OzoneManager RPC server is listening at localhost/127.0.0.1:42845
2020-05-22 21:02:15,681 [IPC Server Responder] INFO  ipc.Server (Server.java:run(1460)) - IPC Server Responder: starting
2020-05-22 21:02:15,685 [IPC Server listener on 0] INFO  ipc.Server (Server.java:run(1298)) - IPC Server listener on 0: starting
2020-05-22 21:02:15,708 [Listener at 127.0.0.1/42845] INFO  http.BaseHttpServer (BaseHttpServer.java:newHttpServer2BuilderForOzone(205)) - Starting Web-server for ozoneManager at: http://0.0.0.0:0
2020-05-22 21:02:15,708 [Listener at 127.0.0.1/42845] INFO  http.BaseHttpServer (BaseHttpServer.java:<init>(106)) - Hadoop Security Enabled: false Ozone Security Enabled: false Ozone HTTP Security Enabled: false 
2020-05-22 21:02:15,710 [Listener at 127.0.0.1/42845] INFO  server.AuthenticationFilter (AuthenticationFilter.java:constructSecretProvider(240)) - Unable to initialize FileSignerSecretProvider, falling back to use random secrets.
2020-05-22 21:02:15,717 [Listener at 127.0.0.1/42845] WARN  http.HttpRequestLog (HttpRequestLog.java:getRequestLog(103)) - Jetty request log can only be enabled using Log4j
2020-05-22 21:02:15,719 [Listener at 127.0.0.1/42845] INFO  http.HttpServer2 (HttpServer2.java:addGlobalFilter(993)) - Added global filter 'safety' (class=org.apache.hadoop.hdds.server.http.HttpServer2$QuotingInputFilter)
2020-05-22 21:02:15,720 [Listener at 127.0.0.1/42845] INFO  http.HttpServer2 (HttpServer2.java:addFilter(969)) - Added filter authentication (class=org.apache.hadoop.security.authentication.server.AuthenticationFilter) to context ozoneManager
2020-05-22 21:02:15,720 [Listener at 127.0.0.1/42845] INFO  http.HttpServer2 (HttpServer2.java:addFilter(977)) - Added filter authentication (class=org.apache.hadoop.security.authentication.server.AuthenticationFilter) to context static
2020-05-22 21:02:15,720 [Listener at 127.0.0.1/42845] INFO  http.HttpServer2 (HttpServer2.java:addFilter(977)) - Added filter authentication (class=org.apache.hadoop.security.authentication.server.AuthenticationFilter) to context logs
2020-05-22 21:02:15,723 [Listener at 127.0.0.1/42845] INFO  http.HttpServer2 (HttpServer2.java:bindListener(1211)) - Jetty bound to port 34511
2020-05-22 21:02:15,723 [Listener at 127.0.0.1/42845] INFO  server.Server (Server.java:doStart(359)) - jetty-9.4.26.v20200117; built: 2020-01-17T12:35:33.676Z; git: 7b38981d25d14afb4a12ff1f2596756144edf695; jvm 1.8.0_232-b09
2020-05-22 21:02:15,726 [Listener at 127.0.0.1/42845] INFO  server.session (DefaultSessionIdManager.java:doStart(333)) - DefaultSessionIdManager workerName=node0
2020-05-22 21:02:15,726 [Listener at 127.0.0.1/42845] INFO  server.session (DefaultSessionIdManager.java:doStart(338)) - No SessionScavenger set, using defaults
2020-05-22 21:02:15,726 [Listener at 127.0.0.1/42845] INFO  server.session (HouseKeeper.java:startScavenging(140)) - node0 Scavenging every 660000ms
2020-05-22 21:02:15,727 [Listener at 127.0.0.1/42845] INFO  server.AuthenticationFilter (AuthenticationFilter.java:constructSecretProvider(240)) - Unable to initialize FileSignerSecretProvider, falling back to use random secrets.
2020-05-22 21:02:15,728 [Listener at 127.0.0.1/42845] INFO  handler.ContextHandler (ContextHandler.java:doStart(825)) - Started o.e.j.s.ServletContextHandler@3e1275f9{logs,/logs,file:///github/workspace/mnt/ozone/hadoop-ozone/integration-test/target/log,AVAILABLE}
2020-05-22 21:02:15,729 [Listener at 127.0.0.1/42845] INFO  handler.ContextHandler (ContextHandler.java:doStart(825)) - Started o.e.j.s.ServletContextHandler@57b262e5{static,/static,file:///github/workspace/mnt/ozone/hadoop-ozone/integration-test/target/test-classes/webapps/static,AVAILABLE}
2020-05-22 21:02:15,733 [Listener at 127.0.0.1/42845] INFO  handler.ContextHandler (ContextHandler.java:doStart(825)) - Started o.e.j.w.WebAppContext@fd27d5e{ozoneManager,/,file:///github/workspace/mnt/ozone/hadoop-ozone/integration-test/target/test-classes/webapps/ozoneManager/,AVAILABLE}{file:/github/workspace/mnt/ozone/hadoop-ozone/integration-test/target/test-classes/webapps/ozoneManager}
2020-05-22 21:02:15,742 [Listener at 127.0.0.1/42845] INFO  server.AbstractConnector (AbstractConnector.java:doStart(330)) - Started ServerConnector@5b3c383f{HTTP/1.1,[http/1.1]}{0.0.0.0:34511}
2020-05-22 21:02:15,742 [Listener at 127.0.0.1/42845] INFO  server.Server (Server.java:doStart(399)) - Started @5789ms
2020-05-22 21:02:15,742 [Listener at 127.0.0.1/42845] WARN  impl.MetricsSystemImpl (MetricsSystemImpl.java:register(276)) - Sink prometheus already exists!
2020-05-22 21:02:15,745 [Listener at 127.0.0.1/42845] INFO  http.BaseHttpServer (BaseHttpServer.java:updateConnectorAddress(325)) - HTTP server of ozoneManager listening at http://0.0.0.0:34511
2020-05-22 21:02:15,753 [org.apache.hadoop.util.JvmPauseMonitor$Monitor@49222373] INFO  util.JvmPauseMonitor (JvmPauseMonitor.java:run(188)) - Starting JVM pause monitor
2020-05-22 21:02:15,898 [Listener at 127.0.0.1/42845] INFO  metrics.MetricRegistries (MetricRegistriesLoader.java:load(64)) - Loaded MetricRegistries class org.apache.ratis.metrics.impl.MetricRegistriesImpl
2020-05-22 21:02:15,899 [Listener at 127.0.0.1/42845] INFO  impl.MetricsSystemImpl (MetricsSystemImpl.java:init(158)) - HddsDatanode metrics system started (again)
2020-05-22 21:02:15,903 [Listener at 127.0.0.1/42845] INFO  ozone.HddsDatanodeService (HddsDatanodeService.java:start(204)) - HddsDatanodeService host:b8e5eb7a950d ip:172.17.0.2
2020-05-22 21:02:15,954 [Listener at 127.0.0.1/42845] INFO  volume.HddsVolume (HddsVolume.java:<init>(176)) - Creating Volume: /github/workspace/mnt/ozone/hadoop-ozone/integration-test/target/test-dir/MiniOzoneClusterImpl-aeaef343-8586-4703-af18-3341d148064c/datanode-0/data-0/containers/hdds of storage type : DISK and capacity : 9223372036854775807
2020-05-22 21:02:15,957 [Listener at 127.0.0.1/42845] INFO  volume.MutableVolumeSet (MutableVolumeSet.java:initializeVolumeSet(181)) - Added Volume : /github/workspace/mnt/ozone/hadoop-ozone/integration-test/target/test-dir/MiniOzoneClusterImpl-aeaef343-8586-4703-af18-3341d148064c/datanode-0/data-0/containers/hdds to VolumeSet
2020-05-22 21:02:15,959 [Listener at 127.0.0.1/42845] INFO  volume.ThrottledAsyncChecker (ThrottledAsyncChecker.java:schedule(141)) - Scheduling a check for /github/workspace/mnt/ozone/hadoop-ozone/integration-test/target/test-dir/MiniOzoneClusterImpl-aeaef343-8586-4703-af18-3341d148064c/datanode-0/data-0/containers/hdds
2020-05-22 21:02:15,988 [Listener at 127.0.0.1/42845] INFO  volume.HddsVolumeChecker (HddsVolumeChecker.java:checkAllVolumes(200)) - Scheduled health check for volume /github/workspace/mnt/ozone/hadoop-ozone/integration-test/target/test-dir/MiniOzoneClusterImpl-aeaef343-8586-4703-af18-3341d148064c/datanode-0/data-0/containers/hdds
2020-05-22 21:02:16,163 [Listener at 127.0.0.1/42845] INFO  impl.RaftServerProxy (ConfUtils.java:logGet(44)) - raft.rpc.type = GRPC (default)
2020-05-22 21:02:16,311 [Listener at 127.0.0.1/42845] INFO  grpc.GrpcFactory (GrpcFactory.java:checkPooledByteBufAllocatorUseCacheForAllThreads(45)) - PERFORMANCE WARNING: useCacheForAllThreads is true that may cause Netty to create a lot garbage objects and, as a result, trigger GC.
	It is recommended to disable useCacheForAllThreads by setting -Dorg.apache.ratis.thirdparty.io.netty.allocator.useCacheForAllThreads=false in command line.
2020-05-22 21:02:16,317 [Listener at 127.0.0.1/42845] INFO  grpc.GrpcConfigKeys (ConfUtils.java:logGet(44)) - raft.grpc.server.port = 0 (default)
2020-05-22 21:02:16,319 [Listener at 127.0.0.1/42845] INFO  server.GrpcService (ConfUtils.java:logGet(44)) - raft.grpc.message.size.max = 32MB (=33554432) (custom)
2020-05-22 21:02:16,321 [Listener at 127.0.0.1/42845] INFO  server.RaftServerConfigKeys (ConfUtils.java:logGet(44)) - raft.server.log.appender.buffer.byte-limit = 33554432 (custom)
2020-05-22 21:02:16,322 [Listener at 127.0.0.1/42845] INFO  server.GrpcService (ConfUtils.java:logGet(44)) - raft.grpc.flow.control.window = 5MB (=5242880) (custom)
2020-05-22 21:02:16,324 [Listener at 127.0.0.1/42845] INFO  server.RaftServerConfigKeys (ConfUtils.java:logGet(44)) - raft.server.rpc.request.timeout = 3s (default)
2020-05-22 21:02:16,608 [Listener at 127.0.0.1/42845] INFO  server.RaftServerConfigKeys (ConfUtils.java:logGet(44)) - raft.server.storage.dir = [/github/workspace/mnt/ozone/hadoop-ozone/integration-test/target/test-dir/MiniOzoneClusterImpl-aeaef343-8586-4703-af18-3341d148064c/datanode-0/data/ratis] (custom)
2020-05-22 21:02:16,687 [Listener at 127.0.0.1/42845] INFO  http.BaseHttpServer (BaseHttpServer.java:newHttpServer2BuilderForOzone(205)) - Starting Web-server for hddsDatanode at: http://0.0.0.0:0
2020-05-22 21:02:16,687 [Listener at 127.0.0.1/42845] INFO  http.BaseHttpServer (BaseHttpServer.java:<init>(106)) - Hadoop Security Enabled: false Ozone Security Enabled: false Ozone HTTP Security Enabled: false 
2020-05-22 21:02:16,689 [Listener at 127.0.0.1/42845] INFO  server.AuthenticationFilter (AuthenticationFilter.java:constructSecretProvider(240)) - Unable to initialize FileSignerSecretProvider, falling back to use random secrets.
2020-05-22 21:02:16,690 [Listener at 127.0.0.1/42845] WARN  http.HttpRequestLog (HttpRequestLog.java:getRequestLog(103)) - Jetty request log can only be enabled using Log4j
2020-05-22 21:02:16,691 [Listener at 127.0.0.1/42845] INFO  http.HttpServer2 (HttpServer2.java:addGlobalFilter(993)) - Added global filter 'safety' (class=org.apache.hadoop.hdds.server.http.HttpServer2$QuotingInputFilter)
2020-05-22 21:02:16,692 [Listener at 127.0.0.1/42845] INFO  http.HttpServer2 (HttpServer2.java:addFilter(969)) - Added filter authentication (class=org.apache.hadoop.security.authentication.server.AuthenticationFilter) to context hddsDatanode
2020-05-22 21:02:16,692 [Listener at 127.0.0.1/42845] INFO  http.HttpServer2 (HttpServer2.java:addFilter(977)) - Added filter authentication (class=org.apache.hadoop.security.authentication.server.AuthenticationFilter) to context static
2020-05-22 21:02:16,693 [Listener at 127.0.0.1/42845] INFO  http.HttpServer2 (HttpServer2.java:addFilter(977)) - Added filter authentication (class=org.apache.hadoop.security.authentication.server.AuthenticationFilter) to context logs
2020-05-22 21:02:16,693 [Listener at 127.0.0.1/42845] INFO  http.HttpServer2 (HttpServer2.java:bindListener(1211)) - Jetty bound to port 36017
2020-05-22 21:02:16,694 [Listener at 127.0.0.1/42845] INFO  server.Server (Server.java:doStart(359)) - jetty-9.4.26.v20200117; built: 2020-01-17T12:35:33.676Z; git: 7b38981d25d14afb4a12ff1f2596756144edf695; jvm 1.8.0_232-b09
2020-05-22 21:02:16,701 [Listener at 127.0.0.1/42845] INFO  server.session (DefaultSessionIdManager.java:doStart(333)) - DefaultSessionIdManager workerName=node0
2020-05-22 21:02:16,701 [Listener at 127.0.0.1/42845] INFO  server.session (DefaultSessionIdManager.java:doStart(338)) - No SessionScavenger set, using defaults
2020-05-22 21:02:16,701 [Listener at 127.0.0.1/42845] INFO  server.session (HouseKeeper.java:startScavenging(140)) - node0 Scavenging every 600000ms
2020-05-22 21:02:16,705 [Listener at 127.0.0.1/42845] INFO  server.AuthenticationFilter (AuthenticationFilter.java:constructSecretProvider(240)) - Unable to initialize FileSignerSecretProvider, falling back to use random secrets.
2020-05-22 21:02:16,706 [Listener at 127.0.0.1/42845] INFO  handler.ContextHandler (ContextHandler.java:doStart(825)) - Started o.e.j.s.ServletContextHandler@7e7e7c60{logs,/logs,file:///github/workspace/mnt/ozone/hadoop-ozone/integration-test/target/log,AVAILABLE}
2020-05-22 21:02:16,706 [Listener at 127.0.0.1/42845] INFO  handler.ContextHandler (ContextHandler.java:doStart(825)) - Started o.e.j.s.ServletContextHandler@52309a36{static,/static,jar:file:/home/user/.m2/repository/org/apache/hadoop/hadoop-hdds-container-service/0.6.0-SNAPSHOT/hadoop-hdds-container-service-0.6.0-SNAPSHOT.jar!/webapps/static,AVAILABLE}
2020-05-22 21:02:16,740 [Listener at 127.0.0.1/42845] INFO  handler.ContextHandler (ContextHandler.java:doStart(825)) - Started o.e.j.w.WebAppContext@7c693055{hddsDatanode,/,file:///tmp/jetty-0_0_0_0-36017-hadoop-hdds-container-service-0_6_0-SNAPSHOT_jar-_-any-2385742061211421442.dir/webapp/,AVAILABLE}{jar:file:/home/user/.m2/repository/org/apache/hadoop/hadoop-hdds-container-service/0.6.0-SNAPSHOT/hadoop-hdds-container-service-0.6.0-SNAPSHOT.jar!/webapps/hddsDatanode}
2020-05-22 21:02:16,743 [Listener at 127.0.0.1/42845] INFO  server.AbstractConnector (AbstractConnector.java:doStart(330)) - Started ServerConnector@53eecafc{HTTP/1.1,[http/1.1]}{0.0.0.0:36017}
2020-05-22 21:02:16,743 [Listener at 127.0.0.1/42845] INFO  server.Server (Server.java:doStart(399)) - Started @6790ms
2020-05-22 21:02:16,743 [Listener at 127.0.0.1/42845] WARN  impl.MetricsSystemImpl (MetricsSystemImpl.java:register(276)) - Sink prometheus already exists!
2020-05-22 21:02:16,746 [Listener at 127.0.0.1/42845] INFO  http.BaseHttpServer (BaseHttpServer.java:updateConnectorAddress(325)) - HTTP server of hddsDatanode listening at http://0.0.0.0:36017
2020-05-22 21:02:16,747 [Listener at 127.0.0.1/42845] INFO  impl.MetricsSystemImpl (MetricsSystemImpl.java:init(158)) - HddsDatanode metrics system started (again)
2020-05-22 21:02:16,749 [Listener at 127.0.0.1/42845] INFO  ozone.HddsDatanodeService (HddsDatanodeService.java:start(204)) - HddsDatanodeService host:b8e5eb7a950d ip:172.17.0.2
2020-05-22 21:02:16,750 [Listener at 127.0.0.1/42845] INFO  volume.HddsVolume (HddsVolume.java:<init>(176)) - Creating Volume: /github/workspace/mnt/ozone/hadoop-ozone/integration-test/target/test-dir/MiniOzoneClusterImpl-aeaef343-8586-4703-af18-3341d148064c/datanode-1/data-0/containers/hdds of storage type : DISK and capacity : 9223372036854775807
2020-05-22 21:02:16,750 [Listener at 127.0.0.1/42845] INFO  volume.MutableVolumeSet (MutableVolumeSet.java:initializeVolumeSet(181)) - Added Volume : /github/workspace/mnt/ozone/hadoop-ozone/integration-test/target/test-dir/MiniOzoneClusterImpl-aeaef343-8586-4703-af18-3341d148064c/datanode-1/data-0/containers/hdds to VolumeSet
2020-05-22 21:02:16,750 [Listener at 127.0.0.1/42845] INFO  volume.ThrottledAsyncChecker (ThrottledAsyncChecker.java:schedule(141)) - Scheduling a check for /github/workspace/mnt/ozone/hadoop-ozone/integration-test/target/test-dir/MiniOzoneClusterImpl-aeaef343-8586-4703-af18-3341d148064c/datanode-1/data-0/containers/hdds
2020-05-22 21:02:16,751 [Listener at 127.0.0.1/42845] INFO  volume.HddsVolumeChecker (HddsVolumeChecker.java:checkAllVolumes(200)) - Scheduled health check for volume /github/workspace/mnt/ozone/hadoop-ozone/integration-test/target/test-dir/MiniOzoneClusterImpl-aeaef343-8586-4703-af18-3341d148064c/datanode-1/data-0/containers/hdds
2020-05-22 21:02:16,776 [org.apache.hadoop.util.JvmPauseMonitor$Monitor@78483703] INFO  util.JvmPauseMonitor (JvmPauseMonitor.java:run(188)) - Starting JVM pause monitor
2020-05-22 21:02:16,818 [Listener at 127.0.0.1/42845] INFO  impl.RaftServerProxy (ConfUtils.java:logGet(44)) - raft.rpc.type = GRPC (default)
2020-05-22 21:02:16,819 [Listener at 127.0.0.1/42845] INFO  grpc.GrpcFactory (GrpcFactory.java:checkPooledByteBufAllocatorUseCacheForAllThreads(45)) - PERFORMANCE WARNING: useCacheForAllThreads is true that may cause Netty to create a lot garbage objects and, as a result, trigger GC.
	It is recommended to disable useCacheForAllThreads by setting -Dorg.apache.ratis.thirdparty.io.netty.allocator.useCacheForAllThreads=false in command line.
2020-05-22 21:02:16,819 [Listener at 127.0.0.1/42845] INFO  grpc.GrpcConfigKeys (ConfUtils.java:logGet(44)) - raft.grpc.server.port = 0 (default)
2020-05-22 21:02:16,819 [Listener at 127.0.0.1/42845] INFO  server.GrpcService (ConfUtils.java:logGet(44)) - raft.grpc.message.size.max = 32MB (=33554432) (custom)
2020-05-22 21:02:16,825 [Listener at 127.0.0.1/42845] INFO  server.RaftServerConfigKeys (ConfUtils.java:logGet(44)) - raft.server.log.appender.buffer.byte-limit = 33554432 (custom)
2020-05-22 21:02:16,826 [Listener at 127.0.0.1/42845] INFO  server.GrpcService (ConfUtils.java:logGet(44)) - raft.grpc.flow.control.window = 5MB (=5242880) (custom)
2020-05-22 21:02:16,827 [Listener at 127.0.0.1/42845] INFO  server.RaftServerConfigKeys (ConfUtils.java:logGet(44)) - raft.server.rpc.request.timeout = 3s (default)
2020-05-22 21:02:16,828 [Listener at 127.0.0.1/42845] INFO  server.RaftServerConfigKeys (ConfUtils.java:logGet(44)) - raft.server.storage.dir = [/github/workspace/mnt/ozone/hadoop-ozone/integration-test/target/test-dir/MiniOzoneClusterImpl-aeaef343-8586-4703-af18-3341d148064c/datanode-1/data/ratis] (custom)
2020-05-22 21:02:16,838 [Listener at 127.0.0.1/42845] INFO  http.BaseHttpServer (BaseHttpServer.java:newHttpServer2BuilderForOzone(205)) - Starting Web-server for hddsDatanode at: http://0.0.0.0:0
2020-05-22 21:02:16,839 [Listener at 127.0.0.1/42845] INFO  http.BaseHttpServer (BaseHttpServer.java:<init>(106)) - Hadoop Security Enabled: false Ozone Security Enabled: false Ozone HTTP Security Enabled: false 
2020-05-22 21:02:16,840 [Listener at 127.0.0.1/42845] INFO  server.AuthenticationFilter (AuthenticationFilter.java:constructSecretProvider(240)) - Unable to initialize FileSignerSecretProvider, falling back to use random secrets.
2020-05-22 21:02:16,847 [Listener at 127.0.0.1/42845] WARN  http.HttpRequestLog (HttpRequestLog.java:getRequestLog(103)) - Jetty request log can only be enabled using Log4j
2020-05-22 21:02:16,848 [Listener at 127.0.0.1/42845] INFO  http.HttpServer2 (HttpServer2.java:addGlobalFilter(993)) - Added global filter 'safety' (class=org.apache.hadoop.hdds.server.http.HttpServer2$QuotingInputFilter)
2020-05-22 21:02:16,850 [Listener at 127.0.0.1/42845] INFO  http.HttpServer2 (HttpServer2.java:addFilter(969)) - Added filter authentication (class=org.apache.hadoop.security.authentication.server.AuthenticationFilter) to context hddsDatanode
2020-05-22 21:02:16,850 [Listener at 127.0.0.1/42845] INFO  http.HttpServer2 (HttpServer2.java:addFilter(977)) - Added filter authentication (class=org.apache.hadoop.security.authentication.server.AuthenticationFilter) to context static
2020-05-22 21:02:16,851 [Listener at 127.0.0.1/42845] INFO  http.HttpServer2 (HttpServer2.java:addFilter(977)) - Added filter authentication (class=org.apache.hadoop.security.authentication.server.AuthenticationFilter) to context logs
2020-05-22 21:02:16,852 [Listener at 127.0.0.1/42845] INFO  http.HttpServer2 (HttpServer2.java:bindListener(1211)) - Jetty bound to port 34815
2020-05-22 21:02:16,852 [Listener at 127.0.0.1/42845] INFO  server.Server (Server.java:doStart(359)) - jetty-9.4.26.v20200117; built: 2020-01-17T12:35:33.676Z; git: 7b38981d25d14afb4a12ff1f2596756144edf695; jvm 1.8.0_232-b09
2020-05-22 21:02:16,874 [Listener at 127.0.0.1/42845] INFO  server.session (DefaultSessionIdManager.java:doStart(333)) - DefaultSessionIdManager workerName=node0
2020-05-22 21:02:16,875 [Listener at 127.0.0.1/42845] INFO  server.session (DefaultSessionIdManager.java:doStart(338)) - No SessionScavenger set, using defaults
2020-05-22 21:02:16,875 [Listener at 127.0.0.1/42845] INFO  server.session (HouseKeeper.java:startScavenging(140)) - node0 Scavenging every 600000ms
2020-05-22 21:02:16,877 [Listener at 127.0.0.1/42845] INFO  server.AuthenticationFilter (AuthenticationFilter.java:constructSecretProvider(240)) - Unable to initialize FileSignerSecretProvider, falling back to use random secrets.
2020-05-22 21:02:16,879 [Listener at 127.0.0.1/42845] INFO  handler.ContextHandler (ContextHandler.java:doStart(825)) - Started o.e.j.s.ServletContextHandler@363374c4{logs,/logs,file:///github/workspace/mnt/ozone/hadoop-ozone/integration-test/target/log,AVAILABLE}
2020-05-22 21:02:16,879 [Listener at 127.0.0.1/42845] INFO  handler.ContextHandler (ContextHandler.java:doStart(825)) - Started o.e.j.s.ServletContextHandler@1a164e66{static,/static,jar:file:/home/user/.m2/repository/org/apache/hadoop/hadoop-hdds-container-service/0.6.0-SNAPSHOT/hadoop-hdds-container-service-0.6.0-SNAPSHOT.jar!/webapps/static,AVAILABLE}
2020-05-22 21:02:16,949 [Listener at 127.0.0.1/42845] INFO  handler.ContextHandler (ContextHandler.java:doStart(825)) - Started o.e.j.w.WebAppContext@489c6911{hddsDatanode,/,file:///tmp/jetty-0_0_0_0-34815-hadoop-hdds-container-service-0_6_0-SNAPSHOT_jar-_-any-7555035764399675193.dir/webapp/,AVAILABLE}{jar:file:/home/user/.m2/repository/org/apache/hadoop/hadoop-hdds-container-service/0.6.0-SNAPSHOT/hadoop-hdds-container-service-0.6.0-SNAPSHOT.jar!/webapps/hddsDatanode}
2020-05-22 21:02:16,950 [Listener at 127.0.0.1/42845] INFO  server.AbstractConnector (AbstractConnector.java:doStart(330)) - Started ServerConnector@3654fcb2{HTTP/1.1,[http/1.1]}{0.0.0.0:34815}
2020-05-22 21:02:16,951 [Listener at 127.0.0.1/42845] INFO  server.Server (Server.java:doStart(399)) - Started @6998ms
2020-05-22 21:02:16,951 [Listener at 127.0.0.1/42845] WARN  impl.MetricsSystemImpl (MetricsSystemImpl.java:register(276)) - Sink prometheus already exists!
2020-05-22 21:02:16,954 [Listener at 127.0.0.1/42845] INFO  http.BaseHttpServer (BaseHttpServer.java:updateConnectorAddress(325)) - HTTP server of hddsDatanode listening at http://0.0.0.0:34815
2020-05-22 21:02:16,959 [Listener at 127.0.0.1/42845] INFO  impl.MetricsSystemImpl (MetricsSystemImpl.java:init(158)) - HddsDatanode metrics system started (again)
2020-05-22 21:02:16,961 [Listener at 127.0.0.1/42845] INFO  ozone.HddsDatanodeService (HddsDatanodeService.java:start(204)) - HddsDatanodeService host:b8e5eb7a950d ip:172.17.0.2
2020-05-22 21:02:16,966 [Listener at 127.0.0.1/42845] INFO  volume.HddsVolume (HddsVolume.java:<init>(176)) - Creating Volume: /github/workspace/mnt/ozone/hadoop-ozone/integration-test/target/test-dir/MiniOzoneClusterImpl-aeaef343-8586-4703-af18-3341d148064c/datanode-2/data-0/containers/hdds of storage type : DISK and capacity : 9223372036854775807
2020-05-22 21:02:16,966 [Listener at 127.0.0.1/42845] INFO  volume.MutableVolumeSet (MutableVolumeSet.java:initializeVolumeSet(181)) - Added Volume : /github/workspace/mnt/ozone/hadoop-ozone/integration-test/target/test-dir/MiniOzoneClusterImpl-aeaef343-8586-4703-af18-3341d148064c/datanode-2/data-0/containers/hdds to VolumeSet
2020-05-22 21:02:16,966 [Listener at 127.0.0.1/42845] INFO  volume.ThrottledAsyncChecker (ThrottledAsyncChecker.java:schedule(141)) - Scheduling a check for /github/workspace/mnt/ozone/hadoop-ozone/integration-test/target/test-dir/MiniOzoneClusterImpl-aeaef343-8586-4703-af18-3341d148064c/datanode-2/data-0/containers/hdds
2020-05-22 21:02:16,967 [Listener at 127.0.0.1/42845] INFO  volume.HddsVolumeChecker (HddsVolumeChecker.java:checkAllVolumes(200)) - Scheduled health check for volume /github/workspace/mnt/ozone/hadoop-ozone/integration-test/target/test-dir/MiniOzoneClusterImpl-aeaef343-8586-4703-af18-3341d148064c/datanode-2/data-0/containers/hdds
2020-05-22 21:02:16,997 [org.apache.hadoop.util.JvmPauseMonitor$Monitor@18a0d853] INFO  util.JvmPauseMonitor (JvmPauseMonitor.java:run(188)) - Starting JVM pause monitor
2020-05-22 21:02:17,006 [Datanode State Machine Thread - 0] INFO  datanode.InitDatanodeState (InitDatanodeState.java:persistContainerDatanodeDetails(145)) - DatanodeDetails is persisted to /github/workspace/mnt/ozone/hadoop-ozone/integration-test/target/test-dir/MiniOzoneClusterImpl-aeaef343-8586-4703-af18-3341d148064c/datanode-0/meta/datanode.id
2020-05-22 21:02:17,009 [Datanode State Machine Thread - 0] INFO  datanode.InitDatanodeState (InitDatanodeState.java:persistContainerDatanodeDetails(145)) - DatanodeDetails is persisted to /github/workspace/mnt/ozone/hadoop-ozone/integration-test/target/test-dir/MiniOzoneClusterImpl-aeaef343-8586-4703-af18-3341d148064c/datanode-1/meta/datanode.id
2020-05-22 21:02:17,024 [Listener at 127.0.0.1/42845] INFO  impl.RaftServerProxy (ConfUtils.java:logGet(44)) - raft.rpc.type = GRPC (default)
2020-05-22 21:02:17,024 [Listener at 127.0.0.1/42845] INFO  grpc.GrpcFactory (GrpcFactory.java:checkPooledByteBufAllocatorUseCacheForAllThreads(45)) - PERFORMANCE WARNING: useCacheForAllThreads is true that may cause Netty to create a lot garbage objects and, as a result, trigger GC.
	It is recommended to disable useCacheForAllThreads by setting -Dorg.apache.ratis.thirdparty.io.netty.allocator.useCacheForAllThreads=false in command line.
2020-05-22 21:02:17,024 [Listener at 127.0.0.1/42845] INFO  grpc.GrpcConfigKeys (ConfUtils.java:logGet(44)) - raft.grpc.server.port = 0 (default)
2020-05-22 21:02:17,025 [Listener at 127.0.0.1/42845] INFO  server.GrpcService (ConfUtils.java:logGet(44)) - raft.grpc.message.size.max = 32MB (=33554432) (custom)
2020-05-22 21:02:17,025 [Listener at 127.0.0.1/42845] INFO  server.RaftServerConfigKeys (ConfUtils.java:logGet(44)) - raft.server.log.appender.buffer.byte-limit = 33554432 (custom)
2020-05-22 21:02:17,025 [Listener at 127.0.0.1/42845] INFO  server.GrpcService (ConfUtils.java:logGet(44)) - raft.grpc.flow.control.window = 5MB (=5242880) (custom)
2020-05-22 21:02:17,025 [Listener at 127.0.0.1/42845] INFO  server.RaftServerConfigKeys (ConfUtils.java:logGet(44)) - raft.server.rpc.request.timeout = 3s (default)
2020-05-22 21:02:17,027 [Listener at 127.0.0.1/42845] INFO  server.RaftServerConfigKeys (ConfUtils.java:logGet(44)) - raft.server.storage.dir = [/github/workspace/mnt/ozone/hadoop-ozone/integration-test/target/test-dir/MiniOzoneClusterImpl-aeaef343-8586-4703-af18-3341d148064c/datanode-2/data/ratis] (custom)
2020-05-22 21:02:17,031 [Listener at 127.0.0.1/42845] INFO  http.BaseHttpServer (BaseHttpServer.java:newHttpServer2BuilderForOzone(205)) - Starting Web-server for hddsDatanode at: http://0.0.0.0:0
2020-05-22 21:02:17,032 [Listener at 127.0.0.1/42845] INFO  http.BaseHttpServer (BaseHttpServer.java:<init>(106)) - Hadoop Security Enabled: false Ozone Security Enabled: false Ozone HTTP Security Enabled: false 
2020-05-22 21:02:17,033 [Listener at 127.0.0.1/42845] INFO  server.AuthenticationFilter (AuthenticationFilter.java:constructSecretProvider(240)) - Unable to initialize FileSignerSecretProvider, falling back to use random secrets.
2020-05-22 21:02:17,037 [Listener at 127.0.0.1/42845] WARN  http.HttpRequestLog (HttpRequestLog.java:getRequestLog(103)) - Jetty request log can only be enabled using Log4j
2020-05-22 21:02:17,038 [Listener at 127.0.0.1/42845] INFO  http.HttpServer2 (HttpServer2.java:addGlobalFilter(993)) - Added global filter 'safety' (class=org.apache.hadoop.hdds.server.http.HttpServer2$QuotingInputFilter)
2020-05-22 21:02:17,039 [Listener at 127.0.0.1/42845] INFO  http.HttpServer2 (HttpServer2.java:addFilter(969)) - Added filter authentication (class=org.apache.hadoop.security.authentication.server.AuthenticationFilter) to context hddsDatanode
2020-05-22 21:02:17,039 [Listener at 127.0.0.1/42845] INFO  http.HttpServer2 (HttpServer2.java:addFilter(977)) - Added filter authentication (class=org.apache.hadoop.security.authentication.server.AuthenticationFilter) to context logs
2020-05-22 21:02:17,040 [Listener at 127.0.0.1/42845] INFO  http.HttpServer2 (HttpServer2.java:addFilter(977)) - Added filter authentication (class=org.apache.hadoop.security.authentication.server.AuthenticationFilter) to context static
2020-05-22 21:02:17,040 [Listener at 127.0.0.1/42845] INFO  http.HttpServer2 (HttpServer2.java:bindListener(1211)) - Jetty bound to port 42421
2020-05-22 21:02:17,040 [Listener at 127.0.0.1/42845] INFO  server.Server (Server.java:doStart(359)) - jetty-9.4.26.v20200117; built: 2020-01-17T12:35:33.676Z; git: 7b38981d25d14afb4a12ff1f2596756144edf695; jvm 1.8.0_232-b09
2020-05-22 21:02:17,051 [Listener at 127.0.0.1/42845] INFO  server.session (DefaultSessionIdManager.java:doStart(333)) - DefaultSessionIdManager workerName=node0
2020-05-22 21:02:17,051 [Listener at 127.0.0.1/42845] INFO  server.session (DefaultSessionIdManager.java:doStart(338)) - No SessionScavenger set, using defaults
2020-05-22 21:02:17,051 [Listener at 127.0.0.1/42845] INFO  server.session (HouseKeeper.java:startScavenging(140)) - node0 Scavenging every 600000ms
2020-05-22 21:02:17,052 [Listener at 127.0.0.1/42845] INFO  server.AuthenticationFilter (AuthenticationFilter.java:constructSecretProvider(240)) - Unable to initialize FileSignerSecretProvider, falling back to use random secrets.
2020-05-22 21:02:17,053 [Listener at 127.0.0.1/42845] INFO  handler.ContextHandler (ContextHandler.java:doStart(825)) - Started o.e.j.s.ServletContextHandler@4136488{logs,/logs,file:///github/workspace/mnt/ozone/hadoop-ozone/integration-test/target/log,AVAILABLE}
2020-05-22 21:02:17,054 [Listener at 127.0.0.1/42845] INFO  handler.ContextHandler (ContextHandler.java:doStart(825)) - Started o.e.j.s.ServletContextHandler@5c7e27c5{static,/static,jar:file:/home/user/.m2/repository/org/apache/hadoop/hadoop-hdds-container-service/0.6.0-SNAPSHOT/hadoop-hdds-container-service-0.6.0-SNAPSHOT.jar!/webapps/static,AVAILABLE}
2020-05-22 21:02:17,085 [Listener at 127.0.0.1/42845] INFO  handler.ContextHandler (ContextHandler.java:doStart(825)) - Started o.e.j.w.WebAppContext@500200a2{hddsDatanode,/,file:///tmp/jetty-0_0_0_0-42421-hadoop-hdds-container-service-0_6_0-SNAPSHOT_jar-_-any-8209059800650415660.dir/webapp/,AVAILABLE}{jar:file:/home/user/.m2/repository/org/apache/hadoop/hadoop-hdds-container-service/0.6.0-SNAPSHOT/hadoop-hdds-container-service-0.6.0-SNAPSHOT.jar!/webapps/hddsDatanode}
2020-05-22 21:02:17,088 [Listener at 127.0.0.1/42845] INFO  server.AbstractConnector (AbstractConnector.java:doStart(330)) - Started ServerConnector@5bb64b2b{HTTP/1.1,[http/1.1]}{0.0.0.0:42421}
2020-05-22 21:02:17,088 [Listener at 127.0.0.1/42845] INFO  server.Server (Server.java:doStart(399)) - Started @7136ms
2020-05-22 21:02:17,089 [Listener at 127.0.0.1/42845] WARN  impl.MetricsSystemImpl (MetricsSystemImpl.java:register(276)) - Sink prometheus already exists!
2020-05-22 21:02:17,092 [Listener at 127.0.0.1/42845] INFO  http.BaseHttpServer (BaseHttpServer.java:updateConnectorAddress(325)) - HTTP server of hddsDatanode listening at http://0.0.0.0:42421
2020-05-22 21:02:17,093 [Listener at 127.0.0.1/42845] INFO  impl.MetricsSystemImpl (MetricsSystemImpl.java:init(158)) - HddsDatanode metrics system started (again)
2020-05-22 21:02:17,094 [Listener at 127.0.0.1/42845] INFO  ozone.HddsDatanodeService (HddsDatanodeService.java:start(204)) - HddsDatanodeService host:b8e5eb7a950d ip:172.17.0.2
2020-05-22 21:02:17,107 [Listener at 127.0.0.1/42845] INFO  volume.HddsVolume (HddsVolume.java:<init>(176)) - Creating Volume: /github/workspace/mnt/ozone/hadoop-ozone/integration-test/target/test-dir/MiniOzoneClusterImpl-aeaef343-8586-4703-af18-3341d148064c/datanode-3/data-0/containers/hdds of storage type : DISK and capacity : 9223372036854775807
2020-05-22 21:02:17,107 [Listener at 127.0.0.1/42845] INFO  volume.MutableVolumeSet (MutableVolumeSet.java:initializeVolumeSet(181)) - Added Volume : /github/workspace/mnt/ozone/hadoop-ozone/integration-test/target/test-dir/MiniOzoneClusterImpl-aeaef343-8586-4703-af18-3341d148064c/datanode-3/data-0/containers/hdds to VolumeSet
2020-05-22 21:02:17,107 [Listener at 127.0.0.1/42845] INFO  volume.ThrottledAsyncChecker (ThrottledAsyncChecker.java:schedule(141)) - Scheduling a check for /github/workspace/mnt/ozone/hadoop-ozone/integration-test/target/test-dir/MiniOzoneClusterImpl-aeaef343-8586-4703-af18-3341d148064c/datanode-3/data-0/containers/hdds
2020-05-22 21:02:17,108 [Listener at 127.0.0.1/42845] INFO  volume.HddsVolumeChecker (HddsVolumeChecker.java:checkAllVolumes(200)) - Scheduled health check for volume /github/workspace/mnt/ozone/hadoop-ozone/integration-test/target/test-dir/MiniOzoneClusterImpl-aeaef343-8586-4703-af18-3341d148064c/datanode-3/data-0/containers/hdds
2020-05-22 21:02:17,125 [org.apache.hadoop.util.JvmPauseMonitor$Monitor@8f833a4] INFO  util.JvmPauseMonitor (JvmPauseMonitor.java:run(188)) - Starting JVM pause monitor
2020-05-22 21:02:17,138 [Datanode State Machine Thread - 0] INFO  datanode.InitDatanodeState (InitDatanodeState.java:persistContainerDatanodeDetails(145)) - DatanodeDetails is persisted to /github/workspace/mnt/ozone/hadoop-ozone/integration-test/target/test-dir/MiniOzoneClusterImpl-aeaef343-8586-4703-af18-3341d148064c/datanode-2/meta/datanode.id
2020-05-22 21:02:17,155 [Listener at 127.0.0.1/42845] INFO  impl.RaftServerProxy (ConfUtils.java:logGet(44)) - raft.rpc.type = GRPC (default)
2020-05-22 21:02:17,155 [Listener at 127.0.0.1/42845] INFO  grpc.GrpcFactory (GrpcFactory.java:checkPooledByteBufAllocatorUseCacheForAllThreads(45)) - PERFORMANCE WARNING: useCacheForAllThreads is true that may cause Netty to create a lot garbage objects and, as a result, trigger GC.
	It is recommended to disable useCacheForAllThreads by setting -Dorg.apache.ratis.thirdparty.io.netty.allocator.useCacheForAllThreads=false in command line.
2020-05-22 21:02:17,156 [Listener at 127.0.0.1/42845] INFO  grpc.GrpcConfigKeys (ConfUtils.java:logGet(44)) - raft.grpc.server.port = 0 (default)
2020-05-22 21:02:17,156 [Listener at 127.0.0.1/42845] INFO  server.GrpcService (ConfUtils.java:logGet(44)) - raft.grpc.message.size.max = 32MB (=33554432) (custom)
2020-05-22 21:02:17,156 [Listener at 127.0.0.1/42845] INFO  server.RaftServerConfigKeys (ConfUtils.java:logGet(44)) - raft.server.log.appender.buffer.byte-limit = 33554432 (custom)
2020-05-22 21:02:17,156 [Listener at 127.0.0.1/42845] INFO  server.GrpcService (ConfUtils.java:logGet(44)) - raft.grpc.flow.control.window = 5MB (=5242880) (custom)
2020-05-22 21:02:17,156 [Listener at 127.0.0.1/42845] INFO  server.RaftServerConfigKeys (ConfUtils.java:logGet(44)) - raft.server.rpc.request.timeout = 3s (default)
2020-05-22 21:02:17,160 [Listener at 127.0.0.1/42845] INFO  server.RaftServerConfigKeys (ConfUtils.java:logGet(44)) - raft.server.storage.dir = [/github/workspace/mnt/ozone/hadoop-ozone/integration-test/target/test-dir/MiniOzoneClusterImpl-aeaef343-8586-4703-af18-3341d148064c/datanode-3/data/ratis] (custom)
2020-05-22 21:02:17,164 [Listener at 127.0.0.1/42845] INFO  http.BaseHttpServer (BaseHttpServer.java:newHttpServer2BuilderForOzone(205)) - Starting Web-server for hddsDatanode at: http://0.0.0.0:0
2020-05-22 21:02:17,164 [Listener at 127.0.0.1/42845] INFO  http.BaseHttpServer (BaseHttpServer.java:<init>(106)) - Hadoop Security Enabled: false Ozone Security Enabled: false Ozone HTTP Security Enabled: false 
2020-05-22 21:02:17,165 [Listener at 127.0.0.1/42845] INFO  server.AuthenticationFilter (AuthenticationFilter.java:constructSecretProvider(240)) - Unable to initialize FileSignerSecretProvider, falling back to use random secrets.
2020-05-22 21:02:17,166 [Listener at 127.0.0.1/42845] WARN  http.HttpRequestLog (HttpRequestLog.java:getRequestLog(103)) - Jetty request log can only be enabled using Log4j
2020-05-22 21:02:17,167 [Listener at 127.0.0.1/42845] INFO  http.HttpServer2 (HttpServer2.java:addGlobalFilter(993)) - Added global filter 'safety' (class=org.apache.hadoop.hdds.server.http.HttpServer2$QuotingInputFilter)
2020-05-22 21:02:17,168 [Listener at 127.0.0.1/42845] INFO  http.HttpServer2 (HttpServer2.java:addFilter(969)) - Added filter authentication (class=org.apache.hadoop.security.authentication.server.AuthenticationFilter) to context hddsDatanode
2020-05-22 21:02:17,168 [Listener at 127.0.0.1/42845] INFO  http.HttpServer2 (HttpServer2.java:addFilter(977)) - Added filter authentication (class=org.apache.hadoop.security.authentication.server.AuthenticationFilter) to context static
2020-05-22 21:02:17,168 [Listener at 127.0.0.1/42845] INFO  http.HttpServer2 (HttpServer2.java:addFilter(977)) - Added filter authentication (class=org.apache.hadoop.security.authentication.server.AuthenticationFilter) to context logs
2020-05-22 21:02:17,169 [Listener at 127.0.0.1/42845] INFO  http.HttpServer2 (HttpServer2.java:bindListener(1211)) - Jetty bound to port 38513
2020-05-22 21:02:17,169 [Listener at 127.0.0.1/42845] INFO  server.Server (Server.java:doStart(359)) - jetty-9.4.26.v20200117; built: 2020-01-17T12:35:33.676Z; git: 7b38981d25d14afb4a12ff1f2596756144edf695; jvm 1.8.0_232-b09
2020-05-22 21:02:17,171 [Listener at 127.0.0.1/42845] INFO  server.session (DefaultSessionIdManager.java:doStart(333)) - DefaultSessionIdManager workerName=node0
2020-05-22 21:02:17,172 [Listener at 127.0.0.1/42845] INFO  server.session (DefaultSessionIdManager.java:doStart(338)) - No SessionScavenger set, using defaults
2020-05-22 21:02:17,172 [Listener at 127.0.0.1/42845] INFO  server.session (HouseKeeper.java:startScavenging(140)) - node0 Scavenging every 660000ms
2020-05-22 21:02:17,173 [Listener at 127.0.0.1/42845] INFO  server.AuthenticationFilter (AuthenticationFilter.java:constructSecretProvider(240)) - Unable to initialize FileSignerSecretProvider, falling back to use random secrets.
2020-05-22 21:02:17,173 [Listener at 127.0.0.1/42845] INFO  handler.ContextHandler (ContextHandler.java:doStart(825)) - Started o.e.j.s.ServletContextHandler@f0cf7a4{logs,/logs,file:///github/workspace/mnt/ozone/hadoop-ozone/integration-test/target/log,AVAILABLE}
2020-05-22 21:02:17,174 [Listener at 127.0.0.1/42845] INFO  handler.ContextHandler (ContextHandler.java:doStart(825)) - Started o.e.j.s.ServletContextHandler@45097caa{static,/static,jar:file:/home/user/.m2/repository/org/apache/hadoop/hadoop-hdds-container-service/0.6.0-SNAPSHOT/hadoop-hdds-container-service-0.6.0-SNAPSHOT.jar!/webapps/static,AVAILABLE}
2020-05-22 21:02:17,208 [Listener at 127.0.0.1/42845] INFO  handler.ContextHandler (ContextHandler.java:doStart(825)) - Started o.e.j.w.WebAppContext@70a594e6{hddsDatanode,/,file:///tmp/jetty-0_0_0_0-38513-hadoop-hdds-container-service-0_6_0-SNAPSHOT_jar-_-any-1264909012075579046.dir/webapp/,AVAILABLE}{jar:file:/home/user/.m2/repository/org/apache/hadoop/hadoop-hdds-container-service/0.6.0-SNAPSHOT/hadoop-hdds-container-service-0.6.0-SNAPSHOT.jar!/webapps/hddsDatanode}
2020-05-22 21:02:17,211 [Listener at 127.0.0.1/42845] INFO  server.AbstractConnector (AbstractConnector.java:doStart(330)) - Started ServerConnector@20879a29{HTTP/1.1,[http/1.1]}{0.0.0.0:38513}
2020-05-22 21:02:17,214 [Listener at 127.0.0.1/42845] INFO  server.Server (Server.java:doStart(399)) - Started @7261ms
2020-05-22 21:02:17,214 [Listener at 127.0.0.1/42845] WARN  impl.MetricsSystemImpl (MetricsSystemImpl.java:register(276)) - Sink prometheus already exists!
2020-05-22 21:02:17,217 [Listener at 127.0.0.1/42845] INFO  http.BaseHttpServer (BaseHttpServer.java:updateConnectorAddress(325)) - HTTP server of hddsDatanode listening at http://0.0.0.0:38513
2020-05-22 21:02:17,218 [Listener at 127.0.0.1/42845] INFO  impl.MetricsSystemImpl (MetricsSystemImpl.java:init(158)) - HddsDatanode metrics system started (again)
2020-05-22 21:02:17,219 [Listener at 127.0.0.1/42845] INFO  ozone.HddsDatanodeService (HddsDatanodeService.java:start(204)) - HddsDatanodeService host:b8e5eb7a950d ip:172.17.0.2
2020-05-22 21:02:17,226 [Listener at 127.0.0.1/42845] INFO  volume.HddsVolume (HddsVolume.java:<init>(176)) - Creating Volume: /github/workspace/mnt/ozone/hadoop-ozone/integration-test/target/test-dir/MiniOzoneClusterImpl-aeaef343-8586-4703-af18-3341d148064c/datanode-4/data-0/containers/hdds of storage type : DISK and capacity : 9223372036854775807
2020-05-22 21:02:17,226 [Listener at 127.0.0.1/42845] INFO  volume.MutableVolumeSet (MutableVolumeSet.java:initializeVolumeSet(181)) - Added Volume : /github/workspace/mnt/ozone/hadoop-ozone/integration-test/target/test-dir/MiniOzoneClusterImpl-aeaef343-8586-4703-af18-3341d148064c/datanode-4/data-0/containers/hdds to VolumeSet
2020-05-22 21:02:17,227 [Listener at 127.0.0.1/42845] INFO  volume.ThrottledAsyncChecker (ThrottledAsyncChecker.java:schedule(141)) - Scheduling a check for /github/workspace/mnt/ozone/hadoop-ozone/integration-test/target/test-dir/MiniOzoneClusterImpl-aeaef343-8586-4703-af18-3341d148064c/datanode-4/data-0/containers/hdds
2020-05-22 21:02:17,229 [Listener at 127.0.0.1/42845] INFO  volume.HddsVolumeChecker (HddsVolumeChecker.java:checkAllVolumes(200)) - Scheduled health check for volume /github/workspace/mnt/ozone/hadoop-ozone/integration-test/target/test-dir/MiniOzoneClusterImpl-aeaef343-8586-4703-af18-3341d148064c/datanode-4/data-0/containers/hdds
2020-05-22 21:02:17,264 [org.apache.hadoop.util.JvmPauseMonitor$Monitor@1914e398] INFO  util.JvmPauseMonitor (JvmPauseMonitor.java:run(188)) - Starting JVM pause monitor
2020-05-22 21:02:17,274 [Datanode State Machine Thread - 0] INFO  datanode.InitDatanodeState (InitDatanodeState.java:persistContainerDatanodeDetails(145)) - DatanodeDetails is persisted to /github/workspace/mnt/ozone/hadoop-ozone/integration-test/target/test-dir/MiniOzoneClusterImpl-aeaef343-8586-4703-af18-3341d148064c/datanode-3/meta/datanode.id
2020-05-22 21:02:17,284 [Listener at 127.0.0.1/42845] INFO  impl.RaftServerProxy (ConfUtils.java:logGet(44)) - raft.rpc.type = GRPC (default)
2020-05-22 21:02:17,286 [Listener at 127.0.0.1/42845] INFO  grpc.GrpcFactory (GrpcFactory.java:checkPooledByteBufAllocatorUseCacheForAllThreads(45)) - PERFORMANCE WARNING: useCacheForAllThreads is true that may cause Netty to create a lot garbage objects and, as a result, trigger GC.
	It is recommended to disable useCacheForAllThreads by setting -Dorg.apache.ratis.thirdparty.io.netty.allocator.useCacheForAllThreads=false in command line.
2020-05-22 21:02:17,287 [Listener at 127.0.0.1/42845] INFO  grpc.GrpcConfigKeys (ConfUtils.java:logGet(44)) - raft.grpc.server.port = 0 (default)
2020-05-22 21:02:17,287 [Listener at 127.0.0.1/42845] INFO  server.GrpcService (ConfUtils.java:logGet(44)) - raft.grpc.message.size.max = 32MB (=33554432) (custom)
2020-05-22 21:02:17,287 [Listener at 127.0.0.1/42845] INFO  server.RaftServerConfigKeys (ConfUtils.java:logGet(44)) - raft.server.log.appender.buffer.byte-limit = 33554432 (custom)
2020-05-22 21:02:17,287 [Listener at 127.0.0.1/42845] INFO  server.GrpcService (ConfUtils.java:logGet(44)) - raft.grpc.flow.control.window = 5MB (=5242880) (custom)
2020-05-22 21:02:17,288 [Listener at 127.0.0.1/42845] INFO  server.RaftServerConfigKeys (ConfUtils.java:logGet(44)) - raft.server.rpc.request.timeout = 3s (default)
2020-05-22 21:02:17,291 [Listener at 127.0.0.1/42845] INFO  server.RaftServerConfigKeys (ConfUtils.java:logGet(44)) - raft.server.storage.dir = [/github/workspace/mnt/ozone/hadoop-ozone/integration-test/target/test-dir/MiniOzoneClusterImpl-aeaef343-8586-4703-af18-3341d148064c/datanode-4/data/ratis] (custom)
2020-05-22 21:02:17,300 [Listener at 127.0.0.1/42845] INFO  http.BaseHttpServer (BaseHttpServer.java:newHttpServer2BuilderForOzone(205)) - Starting Web-server for hddsDatanode at: http://0.0.0.0:0
2020-05-22 21:02:17,303 [Listener at 127.0.0.1/42845] INFO  http.BaseHttpServer (BaseHttpServer.java:<init>(106)) - Hadoop Security Enabled: false Ozone Security Enabled: false Ozone HTTP Security Enabled: false 
2020-05-22 21:02:17,306 [Listener at 127.0.0.1/42845] INFO  server.AuthenticationFilter (AuthenticationFilter.java:constructSecretProvider(240)) - Unable to initialize FileSignerSecretProvider, falling back to use random secrets.
2020-05-22 21:02:17,306 [Listener at 127.0.0.1/42845] WARN  http.HttpRequestLog (HttpRequestLog.java:getRequestLog(103)) - Jetty request log can only be enabled using Log4j
2020-05-22 21:02:17,307 [Listener at 127.0.0.1/42845] INFO  http.HttpServer2 (HttpServer2.java:addGlobalFilter(993)) - Added global filter 'safety' (class=org.apache.hadoop.hdds.server.http.HttpServer2$QuotingInputFilter)
2020-05-22 21:02:17,308 [Listener at 127.0.0.1/42845] INFO  http.HttpServer2 (HttpServer2.java:addFilter(969)) - Added filter authentication (class=org.apache.hadoop.security.authentication.server.AuthenticationFilter) to context hddsDatanode
2020-05-22 21:02:17,313 [Listener at 127.0.0.1/42845] INFO  http.HttpServer2 (HttpServer2.java:addFilter(977)) - Added filter authentication (class=org.apache.hadoop.security.authentication.server.AuthenticationFilter) to context logs
2020-05-22 21:02:17,313 [Listener at 127.0.0.1/42845] INFO  http.HttpServer2 (HttpServer2.java:addFilter(977)) - Added filter authentication (class=org.apache.hadoop.security.authentication.server.AuthenticationFilter) to context static
2020-05-22 21:02:17,314 [Listener at 127.0.0.1/42845] INFO  http.HttpServer2 (HttpServer2.java:bindListener(1211)) - Jetty bound to port 45717
2020-05-22 21:02:17,314 [Listener at 127.0.0.1/42845] INFO  server.Server (Server.java:doStart(359)) - jetty-9.4.26.v20200117; built: 2020-01-17T12:35:33.676Z; git: 7b38981d25d14afb4a12ff1f2596756144edf695; jvm 1.8.0_232-b09
2020-05-22 21:02:17,318 [Listener at 127.0.0.1/42845] INFO  server.session (DefaultSessionIdManager.java:doStart(333)) - DefaultSessionIdManager workerName=node0
2020-05-22 21:02:17,318 [Listener at 127.0.0.1/42845] INFO  server.session (DefaultSessionIdManager.java:doStart(338)) - No SessionScavenger set, using defaults
2020-05-22 21:02:17,319 [Listener at 127.0.0.1/42845] INFO  server.session (HouseKeeper.java:startScavenging(140)) - node0 Scavenging every 600000ms
2020-05-22 21:02:17,319 [Listener at 127.0.0.1/42845] INFO  server.AuthenticationFilter (AuthenticationFilter.java:constructSecretProvider(240)) - Unable to initialize FileSignerSecretProvider, falling back to use random secrets.
2020-05-22 21:02:17,320 [Listener at 127.0.0.1/42845] INFO  handler.ContextHandler (ContextHandler.java:doStart(825)) - Started o.e.j.s.ServletContextHandler@6d17a3fe{logs,/logs,file:///github/workspace/mnt/ozone/hadoop-ozone/integration-test/target/log,AVAILABLE}
2020-05-22 21:02:17,321 [Listener at 127.0.0.1/42845] INFO  handler.ContextHandler (ContextHandler.java:doStart(825)) - Started o.e.j.s.ServletContextHandler@41e537cb{static,/static,jar:file:/home/user/.m2/repository/org/apache/hadoop/hadoop-hdds-container-service/0.6.0-SNAPSHOT/hadoop-hdds-container-service-0.6.0-SNAPSHOT.jar!/webapps/static,AVAILABLE}
2020-05-22 21:02:17,348 [Listener at 127.0.0.1/42845] INFO  handler.ContextHandler (ContextHandler.java:doStart(825)) - Started o.e.j.w.WebAppContext@5d9a0ec4{hddsDatanode,/,file:///tmp/jetty-0_0_0_0-45717-hadoop-hdds-container-service-0_6_0-SNAPSHOT_jar-_-any-103172589420626286.dir/webapp/,AVAILABLE}{jar:file:/home/user/.m2/repository/org/apache/hadoop/hadoop-hdds-container-service/0.6.0-SNAPSHOT/hadoop-hdds-container-service-0.6.0-SNAPSHOT.jar!/webapps/hddsDatanode}
2020-05-22 21:02:17,349 [Listener at 127.0.0.1/42845] INFO  server.AbstractConnector (AbstractConnector.java:doStart(330)) - Started ServerConnector@18fe3958{HTTP/1.1,[http/1.1]}{0.0.0.0:45717}
2020-05-22 21:02:17,350 [Listener at 127.0.0.1/42845] INFO  server.Server (Server.java:doStart(399)) - Started @7397ms
2020-05-22 21:02:17,350 [Listener at 127.0.0.1/42845] WARN  impl.MetricsSystemImpl (MetricsSystemImpl.java:register(276)) - Sink prometheus already exists!
2020-05-22 21:02:17,353 [Listener at 127.0.0.1/42845] INFO  http.BaseHttpServer (BaseHttpServer.java:updateConnectorAddress(325)) - HTTP server of hddsDatanode listening at http://0.0.0.0:45717
2020-05-22 21:02:17,354 [Listener at 127.0.0.1/42845] INFO  impl.MetricsSystemImpl (MetricsSystemImpl.java:init(158)) - HddsDatanode metrics system started (again)
2020-05-22 21:02:17,356 [Listener at 127.0.0.1/42845] INFO  ozone.HddsDatanodeService (HddsDatanodeService.java:start(204)) - HddsDatanodeService host:b8e5eb7a950d ip:172.17.0.2
2020-05-22 21:02:17,358 [Listener at 127.0.0.1/42845] INFO  volume.HddsVolume (HddsVolume.java:<init>(176)) - Creating Volume: /github/workspace/mnt/ozone/hadoop-ozone/integration-test/target/test-dir/MiniOzoneClusterImpl-aeaef343-8586-4703-af18-3341d148064c/datanode-5/data-0/containers/hdds of storage type : DISK and capacity : 9223372036854775807
2020-05-22 21:02:17,358 [Listener at 127.0.0.1/42845] INFO  volume.MutableVolumeSet (MutableVolumeSet.java:initializeVolumeSet(181)) - Added Volume : /github/workspace/mnt/ozone/hadoop-ozone/integration-test/target/test-dir/MiniOzoneClusterImpl-aeaef343-8586-4703-af18-3341d148064c/datanode-5/data-0/containers/hdds to VolumeSet
2020-05-22 21:02:17,359 [Listener at 127.0.0.1/42845] INFO  volume.ThrottledAsyncChecker (ThrottledAsyncChecker.java:schedule(141)) - Scheduling a check for /github/workspace/mnt/ozone/hadoop-ozone/integration-test/target/test-dir/MiniOzoneClusterImpl-aeaef343-8586-4703-af18-3341d148064c/datanode-5/data-0/containers/hdds
2020-05-22 21:02:17,360 [Listener at 127.0.0.1/42845] INFO  volume.HddsVolumeChecker (HddsVolumeChecker.java:checkAllVolumes(200)) - Scheduled health check for volume /github/workspace/mnt/ozone/hadoop-ozone/integration-test/target/test-dir/MiniOzoneClusterImpl-aeaef343-8586-4703-af18-3341d148064c/datanode-5/data-0/containers/hdds
2020-05-22 21:02:17,369 [org.apache.hadoop.util.JvmPauseMonitor$Monitor@a14672c] INFO  util.JvmPauseMonitor (JvmPauseMonitor.java:run(188)) - Starting JVM pause monitor
2020-05-22 21:02:17,386 [Datanode State Machine Thread - 0] INFO  datanode.InitDatanodeState (InitDatanodeState.java:persistContainerDatanodeDetails(145)) - DatanodeDetails is persisted to /github/workspace/mnt/ozone/hadoop-ozone/integration-test/target/test-dir/MiniOzoneClusterImpl-aeaef343-8586-4703-af18-3341d148064c/datanode-4/meta/datanode.id
2020-05-22 21:02:17,407 [Listener at 127.0.0.1/42845] INFO  impl.RaftServerProxy (ConfUtils.java:logGet(44)) - raft.rpc.type = GRPC (default)
2020-05-22 21:02:17,407 [Listener at 127.0.0.1/42845] INFO  grpc.GrpcFactory (GrpcFactory.java:checkPooledByteBufAllocatorUseCacheForAllThreads(45)) - PERFORMANCE WARNING: useCacheForAllThreads is true that may cause Netty to create a lot garbage objects and, as a result, trigger GC.
	It is recommended to disable useCacheForAllThreads by setting -Dorg.apache.ratis.thirdparty.io.netty.allocator.useCacheForAllThreads=false in command line.
2020-05-22 21:02:17,407 [Listener at 127.0.0.1/42845] INFO  grpc.GrpcConfigKeys (ConfUtils.java:logGet(44)) - raft.grpc.server.port = 0 (default)
2020-05-22 21:02:17,408 [Listener at 127.0.0.1/42845] INFO  server.GrpcService (ConfUtils.java:logGet(44)) - raft.grpc.message.size.max = 32MB (=33554432) (custom)
2020-05-22 21:02:17,408 [Listener at 127.0.0.1/42845] INFO  server.RaftServerConfigKeys (ConfUtils.java:logGet(44)) - raft.server.log.appender.buffer.byte-limit = 33554432 (custom)
2020-05-22 21:02:17,408 [Listener at 127.0.0.1/42845] INFO  server.GrpcService (ConfUtils.java:logGet(44)) - raft.grpc.flow.control.window = 5MB (=5242880) (custom)
2020-05-22 21:02:17,408 [Listener at 127.0.0.1/42845] INFO  server.RaftServerConfigKeys (ConfUtils.java:logGet(44)) - raft.server.rpc.request.timeout = 3s (default)
2020-05-22 21:02:17,409 [Listener at 127.0.0.1/42845] INFO  server.RaftServerConfigKeys (ConfUtils.java:logGet(44)) - raft.server.storage.dir = [/github/workspace/mnt/ozone/hadoop-ozone/integration-test/target/test-dir/MiniOzoneClusterImpl-aeaef343-8586-4703-af18-3341d148064c/datanode-5/data/ratis] (custom)
2020-05-22 21:02:17,427 [Listener at 127.0.0.1/42845] INFO  http.BaseHttpServer (BaseHttpServer.java:newHttpServer2BuilderForOzone(205)) - Starting Web-server for hddsDatanode at: http://0.0.0.0:0
2020-05-22 21:02:17,427 [Listener at 127.0.0.1/42845] INFO  http.BaseHttpServer (BaseHttpServer.java:<init>(106)) - Hadoop Security Enabled: false Ozone Security Enabled: false Ozone HTTP Security Enabled: false 
2020-05-22 21:02:17,428 [Listener at 127.0.0.1/42845] INFO  server.AuthenticationFilter (AuthenticationFilter.java:constructSecretProvider(240)) - Unable to initialize FileSignerSecretProvider, falling back to use random secrets.
2020-05-22 21:02:17,429 [Listener at 127.0.0.1/42845] WARN  http.HttpRequestLog (HttpRequestLog.java:getRequestLog(103)) - Jetty request log can only be enabled using Log4j
2020-05-22 21:02:17,430 [Listener at 127.0.0.1/42845] INFO  http.HttpServer2 (HttpServer2.java:addGlobalFilter(993)) - Added global filter 'safety' (class=org.apache.hadoop.hdds.server.http.HttpServer2$QuotingInputFilter)
2020-05-22 21:02:17,431 [Listener at 127.0.0.1/42845] INFO  http.HttpServer2 (HttpServer2.java:addFilter(969)) - Added filter authentication (class=org.apache.hadoop.security.authentication.server.AuthenticationFilter) to context hddsDatanode
2020-05-22 21:02:17,431 [Listener at 127.0.0.1/42845] INFO  http.HttpServer2 (HttpServer2.java:addFilter(977)) - Added filter authentication (class=org.apache.hadoop.security.authentication.server.AuthenticationFilter) to context static
2020-05-22 21:02:17,431 [Listener at 127.0.0.1/42845] INFO  http.HttpServer2 (HttpServer2.java:addFilter(977)) - Added filter authentication (class=org.apache.hadoop.security.authentication.server.AuthenticationFilter) to context logs
2020-05-22 21:02:17,432 [Listener at 127.0.0.1/42845] INFO  http.HttpServer2 (HttpServer2.java:bindListener(1211)) - Jetty bound to port 39525
2020-05-22 21:02:17,432 [Listener at 127.0.0.1/42845] INFO  server.Server (Server.java:doStart(359)) - jetty-9.4.26.v20200117; built: 2020-01-17T12:35:33.676Z; git: 7b38981d25d14afb4a12ff1f2596756144edf695; jvm 1.8.0_232-b09
2020-05-22 21:02:17,434 [Listener at 127.0.0.1/42845] INFO  server.session (DefaultSessionIdManager.java:doStart(333)) - DefaultSessionIdManager workerName=node0
2020-05-22 21:02:17,434 [Listener at 127.0.0.1/42845] INFO  server.session (DefaultSessionIdManager.java:doStart(338)) - No SessionScavenger set, using defaults
2020-05-22 21:02:17,434 [Listener at 127.0.0.1/42845] INFO  server.session (HouseKeeper.java:startScavenging(140)) - node0 Scavenging every 660000ms
2020-05-22 21:02:17,435 [Listener at 127.0.0.1/42845] INFO  server.AuthenticationFilter (AuthenticationFilter.java:constructSecretProvider(240)) - Unable to initialize FileSignerSecretProvider, falling back to use random secrets.
2020-05-22 21:02:17,436 [Listener at 127.0.0.1/42845] INFO  handler.ContextHandler (ContextHandler.java:doStart(825)) - Started o.e.j.s.ServletContextHandler@c420a09{logs,/logs,file:///github/workspace/mnt/ozone/hadoop-ozone/integration-test/target/log,AVAILABLE}
2020-05-22 21:02:17,436 [Listener at 127.0.0.1/42845] INFO  handler.ContextHandler (ContextHandler.java:doStart(825)) - Started o.e.j.s.ServletContextHandler@2b3222b1{static,/static,jar:file:/home/user/.m2/repository/org/apache/hadoop/hadoop-hdds-container-service/0.6.0-SNAPSHOT/hadoop-hdds-container-service-0.6.0-SNAPSHOT.jar!/webapps/static,AVAILABLE}
2020-05-22 21:02:17,463 [Listener at 127.0.0.1/42845] INFO  handler.ContextHandler (ContextHandler.java:doStart(825)) - Started o.e.j.w.WebAppContext@788762da{hddsDatanode,/,file:///tmp/jetty-0_0_0_0-39525-hadoop-hdds-container-service-0_6_0-SNAPSHOT_jar-_-any-6640512528028173748.dir/webapp/,AVAILABLE}{jar:file:/home/user/.m2/repository/org/apache/hadoop/hadoop-hdds-container-service/0.6.0-SNAPSHOT/hadoop-hdds-container-service-0.6.0-SNAPSHOT.jar!/webapps/hddsDatanode}
2020-05-22 21:02:17,465 [Listener at 127.0.0.1/42845] INFO  server.AbstractConnector (AbstractConnector.java:doStart(330)) - Started ServerConnector@4fd5cff9{HTTP/1.1,[http/1.1]}{0.0.0.0:39525}
2020-05-22 21:02:17,465 [Listener at 127.0.0.1/42845] INFO  server.Server (Server.java:doStart(399)) - Started @7512ms
2020-05-22 21:02:17,465 [Listener at 127.0.0.1/42845] WARN  impl.MetricsSystemImpl (MetricsSystemImpl.java:register(276)) - Sink prometheus already exists!
2020-05-22 21:02:17,469 [Listener at 127.0.0.1/42845] INFO  http.BaseHttpServer (BaseHttpServer.java:updateConnectorAddress(325)) - HTTP server of hddsDatanode listening at http://0.0.0.0:39525
2020-05-22 21:02:17,470 [Listener at 127.0.0.1/42845] INFO  impl.MetricsSystemImpl (MetricsSystemImpl.java:init(158)) - HddsDatanode metrics system started (again)
2020-05-22 21:02:17,471 [Listener at 127.0.0.1/42845] INFO  ozone.HddsDatanodeService (HddsDatanodeService.java:start(204)) - HddsDatanodeService host:b8e5eb7a950d ip:172.17.0.2
2020-05-22 21:02:17,474 [Listener at 127.0.0.1/42845] INFO  volume.HddsVolume (HddsVolume.java:<init>(176)) - Creating Volume: /github/workspace/mnt/ozone/hadoop-ozone/integration-test/target/test-dir/MiniOzoneClusterImpl-aeaef343-8586-4703-af18-3341d148064c/datanode-6/data-0/containers/hdds of storage type : DISK and capacity : 9223372036854775807
2020-05-22 21:02:17,474 [Listener at 127.0.0.1/42845] INFO  volume.MutableVolumeSet (MutableVolumeSet.java:initializeVolumeSet(181)) - Added Volume : /github/workspace/mnt/ozone/hadoop-ozone/integration-test/target/test-dir/MiniOzoneClusterImpl-aeaef343-8586-4703-af18-3341d148064c/datanode-6/data-0/containers/hdds to VolumeSet
2020-05-22 21:02:17,474 [Listener at 127.0.0.1/42845] INFO  volume.ThrottledAsyncChecker (ThrottledAsyncChecker.java:schedule(141)) - Scheduling a check for /github/workspace/mnt/ozone/hadoop-ozone/integration-test/target/test-dir/MiniOzoneClusterImpl-aeaef343-8586-4703-af18-3341d148064c/datanode-6/data-0/containers/hdds
2020-05-22 21:02:17,477 [Listener at 127.0.0.1/42845] INFO  volume.HddsVolumeChecker (HddsVolumeChecker.java:checkAllVolumes(200)) - Scheduled health check for volume /github/workspace/mnt/ozone/hadoop-ozone/integration-test/target/test-dir/MiniOzoneClusterImpl-aeaef343-8586-4703-af18-3341d148064c/datanode-6/data-0/containers/hdds
2020-05-22 21:02:17,493 [org.apache.hadoop.util.JvmPauseMonitor$Monitor@37d2d4e9] INFO  util.JvmPauseMonitor (JvmPauseMonitor.java:run(188)) - Starting JVM pause monitor
2020-05-22 21:02:17,509 [Datanode State Machine Thread - 0] INFO  datanode.InitDatanodeState (InitDatanodeState.java:persistContainerDatanodeDetails(145)) - DatanodeDetails is persisted to /github/workspace/mnt/ozone/hadoop-ozone/integration-test/target/test-dir/MiniOzoneClusterImpl-aeaef343-8586-4703-af18-3341d148064c/datanode-5/meta/datanode.id
2020-05-22 21:02:17,516 [Listener at 127.0.0.1/42845] INFO  impl.RaftServerProxy (ConfUtils.java:logGet(44)) - raft.rpc.type = GRPC (default)
2020-05-22 21:02:17,516 [Listener at 127.0.0.1/42845] INFO  grpc.GrpcFactory (GrpcFactory.java:checkPooledByteBufAllocatorUseCacheForAllThreads(45)) - PERFORMANCE WARNING: useCacheForAllThreads is true that may cause Netty to create a lot garbage objects and, as a result, trigger GC.
	It is recommended to disable useCacheForAllThreads by setting -Dorg.apache.ratis.thirdparty.io.netty.allocator.useCacheForAllThreads=false in command line.
2020-05-22 21:02:17,516 [Listener at 127.0.0.1/42845] INFO  grpc.GrpcConfigKeys (ConfUtils.java:logGet(44)) - raft.grpc.server.port = 0 (default)
2020-05-22 21:02:17,517 [Listener at 127.0.0.1/42845] INFO  server.GrpcService (ConfUtils.java:logGet(44)) - raft.grpc.message.size.max = 32MB (=33554432) (custom)
2020-05-22 21:02:17,517 [Listener at 127.0.0.1/42845] INFO  server.RaftServerConfigKeys (ConfUtils.java:logGet(44)) - raft.server.log.appender.buffer.byte-limit = 33554432 (custom)
2020-05-22 21:02:17,517 [Listener at 127.0.0.1/42845] INFO  server.GrpcService (ConfUtils.java:logGet(44)) - raft.grpc.flow.control.window = 5MB (=5242880) (custom)
2020-05-22 21:02:17,517 [Listener at 127.0.0.1/42845] INFO  server.RaftServerConfigKeys (ConfUtils.java:logGet(44)) - raft.server.rpc.request.timeout = 3s (default)
2020-05-22 21:02:17,518 [Listener at 127.0.0.1/42845] INFO  server.RaftServerConfigKeys (ConfUtils.java:logGet(44)) - raft.server.storage.dir = [/github/workspace/mnt/ozone/hadoop-ozone/integration-test/target/test-dir/MiniOzoneClusterImpl-aeaef343-8586-4703-af18-3341d148064c/datanode-6/data/ratis] (custom)
2020-05-22 21:02:17,523 [Listener at 127.0.0.1/42845] INFO  http.BaseHttpServer (BaseHttpServer.java:newHttpServer2BuilderForOzone(205)) - Starting Web-server for hddsDatanode at: http://0.0.0.0:0
2020-05-22 21:02:17,524 [Listener at 127.0.0.1/42845] INFO  http.BaseHttpServer (BaseHttpServer.java:<init>(106)) - Hadoop Security Enabled: false Ozone Security Enabled: false Ozone HTTP Security Enabled: false 
2020-05-22 21:02:17,525 [Listener at 127.0.0.1/42845] INFO  server.AuthenticationFilter (AuthenticationFilter.java:constructSecretProvider(240)) - Unable to initialize FileSignerSecretProvider, falling back to use random secrets.
2020-05-22 21:02:17,525 [Listener at 127.0.0.1/42845] WARN  http.HttpRequestLog (HttpRequestLog.java:getRequestLog(103)) - Jetty request log can only be enabled using Log4j
2020-05-22 21:02:17,526 [Listener at 127.0.0.1/42845] INFO  http.HttpServer2 (HttpServer2.java:addGlobalFilter(993)) - Added global filter 'safety' (class=org.apache.hadoop.hdds.server.http.HttpServer2$QuotingInputFilter)
2020-05-22 21:02:17,527 [Listener at 127.0.0.1/42845] INFO  http.HttpServer2 (HttpServer2.java:addFilter(969)) - Added filter authentication (class=org.apache.hadoop.security.authentication.server.AuthenticationFilter) to context hddsDatanode
2020-05-22 21:02:17,527 [Listener at 127.0.0.1/42845] INFO  http.HttpServer2 (HttpServer2.java:addFilter(977)) - Added filter authentication (class=org.apache.hadoop.security.authentication.server.AuthenticationFilter) to context static
2020-05-22 21:02:17,527 [Listener at 127.0.0.1/42845] INFO  http.HttpServer2 (HttpServer2.java:addFilter(977)) - Added filter authentication (class=org.apache.hadoop.security.authentication.server.AuthenticationFilter) to context logs
2020-05-22 21:02:17,528 [Listener at 127.0.0.1/42845] INFO  http.HttpServer2 (HttpServer2.java:bindListener(1211)) - Jetty bound to port 38945
2020-05-22 21:02:17,528 [Listener at 127.0.0.1/42845] INFO  server.Server (Server.java:doStart(359)) - jetty-9.4.26.v20200117; built: 2020-01-17T12:35:33.676Z; git: 7b38981d25d14afb4a12ff1f2596756144edf695; jvm 1.8.0_232-b09
2020-05-22 21:02:17,530 [Listener at 127.0.0.1/42845] INFO  server.session (DefaultSessionIdManager.java:doStart(333)) - DefaultSessionIdManager workerName=node0
2020-05-22 21:02:17,530 [Listener at 127.0.0.1/42845] INFO  server.session (DefaultSessionIdManager.java:doStart(338)) - No SessionScavenger set, using defaults
2020-05-22 21:02:17,530 [Listener at 127.0.0.1/42845] INFO  server.session (HouseKeeper.java:startScavenging(140)) - node0 Scavenging every 660000ms
2020-05-22 21:02:17,531 [Listener at 127.0.0.1/42845] INFO  server.AuthenticationFilter (AuthenticationFilter.java:constructSecretProvider(240)) - Unable to initialize FileSignerSecretProvider, falling back to use random secrets.
2020-05-22 21:02:17,531 [Listener at 127.0.0.1/42845] INFO  handler.ContextHandler (ContextHandler.java:doStart(825)) - Started o.e.j.s.ServletContextHandler@41b923e4{logs,/logs,file:///github/workspace/mnt/ozone/hadoop-ozone/integration-test/target/log,AVAILABLE}
2020-05-22 21:02:17,532 [Listener at 127.0.0.1/42845] INFO  handler.ContextHandler (ContextHandler.java:doStart(825)) - Started o.e.j.s.ServletContextHandler@445e4f1f{static,/static,jar:file:/home/user/.m2/repository/org/apache/hadoop/hadoop-hdds-container-service/0.6.0-SNAPSHOT/hadoop-hdds-container-service-0.6.0-SNAPSHOT.jar!/webapps/static,AVAILABLE}
2020-05-22 21:02:17,558 [Listener at 127.0.0.1/42845] INFO  handler.ContextHandler (ContextHandler.java:doStart(825)) - Started o.e.j.w.WebAppContext@46d514cd{hddsDatanode,/,file:///tmp/jetty-0_0_0_0-38945-hadoop-hdds-container-service-0_6_0-SNAPSHOT_jar-_-any-5941202627408403286.dir/webapp/,AVAILABLE}{jar:file:/home/user/.m2/repository/org/apache/hadoop/hadoop-hdds-container-service/0.6.0-SNAPSHOT/hadoop-hdds-container-service-0.6.0-SNAPSHOT.jar!/webapps/hddsDatanode}
2020-05-22 21:02:17,560 [Listener at 127.0.0.1/42845] INFO  server.AbstractConnector (AbstractConnector.java:doStart(330)) - Started ServerConnector@16475ff2{HTTP/1.1,[http/1.1]}{0.0.0.0:38945}
2020-05-22 21:02:17,560 [Listener at 127.0.0.1/42845] INFO  server.Server (Server.java:doStart(399)) - Started @7607ms
2020-05-22 21:02:17,560 [Listener at 127.0.0.1/42845] WARN  impl.MetricsSystemImpl (MetricsSystemImpl.java:register(276)) - Sink prometheus already exists!
2020-05-22 21:02:17,563 [Listener at 127.0.0.1/42845] INFO  http.BaseHttpServer (BaseHttpServer.java:updateConnectorAddress(325)) - HTTP server of hddsDatanode listening at http://0.0.0.0:38945
2020-05-22 21:02:17,563 [Listener at 127.0.0.1/42845] INFO  impl.MetricsSystemImpl (MetricsSystemImpl.java:init(158)) - HddsDatanode metrics system started (again)
2020-05-22 21:02:17,566 [Listener at 127.0.0.1/42845] INFO  ozone.HddsDatanodeService (HddsDatanodeService.java:start(204)) - HddsDatanodeService host:b8e5eb7a950d ip:172.17.0.2
2020-05-22 21:02:17,568 [Listener at 127.0.0.1/42845] INFO  volume.HddsVolume (HddsVolume.java:<init>(176)) - Creating Volume: /github/workspace/mnt/ozone/hadoop-ozone/integration-test/target/test-dir/MiniOzoneClusterImpl-aeaef343-8586-4703-af18-3341d148064c/datanode-7/data-0/containers/hdds of storage type : DISK and capacity : 9223372036854775807
2020-05-22 21:02:17,568 [Listener at 127.0.0.1/42845] INFO  volume.MutableVolumeSet (MutableVolumeSet.java:initializeVolumeSet(181)) - Added Volume : /github/workspace/mnt/ozone/hadoop-ozone/integration-test/target/test-dir/MiniOzoneClusterImpl-aeaef343-8586-4703-af18-3341d148064c/datanode-7/data-0/containers/hdds to VolumeSet
2020-05-22 21:02:17,568 [Listener at 127.0.0.1/42845] INFO  volume.ThrottledAsyncChecker (ThrottledAsyncChecker.java:schedule(141)) - Scheduling a check for /github/workspace/mnt/ozone/hadoop-ozone/integration-test/target/test-dir/MiniOzoneClusterImpl-aeaef343-8586-4703-af18-3341d148064c/datanode-7/data-0/containers/hdds
2020-05-22 21:02:17,569 [Listener at 127.0.0.1/42845] INFO  volume.HddsVolumeChecker (HddsVolumeChecker.java:checkAllVolumes(200)) - Scheduled health check for volume /github/workspace/mnt/ozone/hadoop-ozone/integration-test/target/test-dir/MiniOzoneClusterImpl-aeaef343-8586-4703-af18-3341d148064c/datanode-7/data-0/containers/hdds
2020-05-22 21:02:17,585 [org.apache.hadoop.util.JvmPauseMonitor$Monitor@7ac10dbd] INFO  util.JvmPauseMonitor (JvmPauseMonitor.java:run(188)) - Starting JVM pause monitor
2020-05-22 21:02:17,592 [Listener at 127.0.0.1/42845] INFO  impl.RaftServerProxy (ConfUtils.java:logGet(44)) - raft.rpc.type = GRPC (default)
2020-05-22 21:02:17,593 [Listener at 127.0.0.1/42845] INFO  grpc.GrpcFactory (GrpcFactory.java:checkPooledByteBufAllocatorUseCacheForAllThreads(45)) - PERFORMANCE WARNING: useCacheForAllThreads is true that may cause Netty to create a lot garbage objects and, as a result, trigger GC.
	It is recommended to disable useCacheForAllThreads by setting -Dorg.apache.ratis.thirdparty.io.netty.allocator.useCacheForAllThreads=false in command line.
2020-05-22 21:02:17,593 [Listener at 127.0.0.1/42845] INFO  grpc.GrpcConfigKeys (ConfUtils.java:logGet(44)) - raft.grpc.server.port = 0 (default)
2020-05-22 21:02:17,593 [Listener at 127.0.0.1/42845] INFO  server.GrpcService (ConfUtils.java:logGet(44)) - raft.grpc.message.size.max = 32MB (=33554432) (custom)
2020-05-22 21:02:17,593 [Listener at 127.0.0.1/42845] INFO  server.RaftServerConfigKeys (ConfUtils.java:logGet(44)) - raft.server.log.appender.buffer.byte-limit = 33554432 (custom)
2020-05-22 21:02:17,593 [Listener at 127.0.0.1/42845] INFO  server.GrpcService (ConfUtils.java:logGet(44)) - raft.grpc.flow.control.window = 5MB (=5242880) (custom)
2020-05-22 21:02:17,594 [Listener at 127.0.0.1/42845] INFO  server.RaftServerConfigKeys (ConfUtils.java:logGet(44)) - raft.server.rpc.request.timeout = 3s (default)
2020-05-22 21:02:17,595 [Listener at 127.0.0.1/42845] INFO  server.RaftServerConfigKeys (ConfUtils.java:logGet(44)) - raft.server.storage.dir = [/github/workspace/mnt/ozone/hadoop-ozone/integration-test/target/test-dir/MiniOzoneClusterImpl-aeaef343-8586-4703-af18-3341d148064c/datanode-7/data/ratis] (custom)
2020-05-22 21:02:17,598 [Datanode State Machine Thread - 0] INFO  datanode.InitDatanodeState (InitDatanodeState.java:persistContainerDatanodeDetails(145)) - DatanodeDetails is persisted to /github/workspace/mnt/ozone/hadoop-ozone/integration-test/target/test-dir/MiniOzoneClusterImpl-aeaef343-8586-4703-af18-3341d148064c/datanode-6/meta/datanode.id
2020-05-22 21:02:17,605 [Listener at 127.0.0.1/42845] INFO  http.BaseHttpServer (BaseHttpServer.java:newHttpServer2BuilderForOzone(205)) - Starting Web-server for hddsDatanode at: http://0.0.0.0:0
2020-05-22 21:02:17,605 [Listener at 127.0.0.1/42845] INFO  http.BaseHttpServer (BaseHttpServer.java:<init>(106)) - Hadoop Security Enabled: false Ozone Security Enabled: false Ozone HTTP Security Enabled: false 
2020-05-22 21:02:17,606 [Listener at 127.0.0.1/42845] INFO  server.AuthenticationFilter (AuthenticationFilter.java:constructSecretProvider(240)) - Unable to initialize FileSignerSecretProvider, falling back to use random secrets.
2020-05-22 21:02:17,607 [Listener at 127.0.0.1/42845] WARN  http.HttpRequestLog (HttpRequestLog.java:getRequestLog(103)) - Jetty request log can only be enabled using Log4j
2020-05-22 21:02:17,608 [Listener at 127.0.0.1/42845] INFO  http.HttpServer2 (HttpServer2.java:addGlobalFilter(993)) - Added global filter 'safety' (class=org.apache.hadoop.hdds.server.http.HttpServer2$QuotingInputFilter)
2020-05-22 21:02:17,609 [Listener at 127.0.0.1/42845] INFO  http.HttpServer2 (HttpServer2.java:addFilter(969)) - Added filter authentication (class=org.apache.hadoop.security.authentication.server.AuthenticationFilter) to context hddsDatanode
2020-05-22 21:02:17,609 [Listener at 127.0.0.1/42845] INFO  http.HttpServer2 (HttpServer2.java:addFilter(977)) - Added filter authentication (class=org.apache.hadoop.security.authentication.server.AuthenticationFilter) to context static
2020-05-22 21:02:17,609 [Listener at 127.0.0.1/42845] INFO  http.HttpServer2 (HttpServer2.java:addFilter(977)) - Added filter authentication (class=org.apache.hadoop.security.authentication.server.AuthenticationFilter) to context logs
2020-05-22 21:02:17,610 [Listener at 127.0.0.1/42845] INFO  http.HttpServer2 (HttpServer2.java:bindListener(1211)) - Jetty bound to port 38685
2020-05-22 21:02:17,610 [Listener at 127.0.0.1/42845] INFO  server.Server (Server.java:doStart(359)) - jetty-9.4.26.v20200117; built: 2020-01-17T12:35:33.676Z; git: 7b38981d25d14afb4a12ff1f2596756144edf695; jvm 1.8.0_232-b09
2020-05-22 21:02:17,611 [Listener at 127.0.0.1/42845] INFO  server.session (DefaultSessionIdManager.java:doStart(333)) - DefaultSessionIdManager workerName=node0
2020-05-22 21:02:17,612 [Listener at 127.0.0.1/42845] INFO  server.session (DefaultSessionIdManager.java:doStart(338)) - No SessionScavenger set, using defaults
2020-05-22 21:02:17,612 [Listener at 127.0.0.1/42845] INFO  server.session (HouseKeeper.java:startScavenging(140)) - node0 Scavenging every 660000ms
2020-05-22 21:02:17,612 [Listener at 127.0.0.1/42845] INFO  server.AuthenticationFilter (AuthenticationFilter.java:constructSecretProvider(240)) - Unable to initialize FileSignerSecretProvider, falling back to use random secrets.
2020-05-22 21:02:17,613 [Listener at 127.0.0.1/42845] INFO  handler.ContextHandler (ContextHandler.java:doStart(825)) - Started o.e.j.s.ServletContextHandler@753c9fde{logs,/logs,file:///github/workspace/mnt/ozone/hadoop-ozone/integration-test/target/log,AVAILABLE}
2020-05-22 21:02:17,614 [Listener at 127.0.0.1/42845] INFO  handler.ContextHandler (ContextHandler.java:doStart(825)) - Started o.e.j.s.ServletContextHandler@4c3a20cb{static,/static,jar:file:/home/user/.m2/repository/org/apache/hadoop/hadoop-hdds-container-service/0.6.0-SNAPSHOT/hadoop-hdds-container-service-0.6.0-SNAPSHOT.jar!/webapps/static,AVAILABLE}
2020-05-22 21:02:17,641 [Listener at 127.0.0.1/42845] INFO  handler.ContextHandler (ContextHandler.java:doStart(825)) - Started o.e.j.w.WebAppContext@1037e983{hddsDatanode,/,file:///tmp/jetty-0_0_0_0-38685-hadoop-hdds-container-service-0_6_0-SNAPSHOT_jar-_-any-8463661408986606724.dir/webapp/,AVAILABLE}{jar:file:/home/user/.m2/repository/org/apache/hadoop/hadoop-hdds-container-service/0.6.0-SNAPSHOT/hadoop-hdds-container-service-0.6.0-SNAPSHOT.jar!/webapps/hddsDatanode}
2020-05-22 21:02:17,644 [Listener at 127.0.0.1/42845] INFO  server.AbstractConnector (AbstractConnector.java:doStart(330)) - Started ServerConnector@314b5e66{HTTP/1.1,[http/1.1]}{0.0.0.0:38685}
2020-05-22 21:02:17,648 [Listener at 127.0.0.1/42845] INFO  server.Server (Server.java:doStart(399)) - Started @7696ms
2020-05-22 21:02:17,649 [Listener at 127.0.0.1/42845] WARN  impl.MetricsSystemImpl (MetricsSystemImpl.java:register(276)) - Sink prometheus already exists!
2020-05-22 21:02:17,653 [Listener at 127.0.0.1/42845] INFO  http.BaseHttpServer (BaseHttpServer.java:updateConnectorAddress(325)) - HTTP server of hddsDatanode listening at http://0.0.0.0:38685
2020-05-22 21:02:17,654 [Listener at 127.0.0.1/42845] INFO  impl.MetricsSystemImpl (MetricsSystemImpl.java:init(158)) - HddsDatanode metrics system started (again)
2020-05-22 21:02:17,659 [Listener at 127.0.0.1/42845] INFO  ozone.HddsDatanodeService (HddsDatanodeService.java:start(204)) - HddsDatanodeService host:b8e5eb7a950d ip:172.17.0.2
2020-05-22 21:02:17,664 [Listener at 127.0.0.1/42845] INFO  volume.HddsVolume (HddsVolume.java:<init>(176)) - Creating Volume: /github/workspace/mnt/ozone/hadoop-ozone/integration-test/target/test-dir/MiniOzoneClusterImpl-aeaef343-8586-4703-af18-3341d148064c/datanode-8/data-0/containers/hdds of storage type : DISK and capacity : 9223372036854775807
2020-05-22 21:02:17,664 [Listener at 127.0.0.1/42845] INFO  volume.MutableVolumeSet (MutableVolumeSet.java:initializeVolumeSet(181)) - Added Volume : /github/workspace/mnt/ozone/hadoop-ozone/integration-test/target/test-dir/MiniOzoneClusterImpl-aeaef343-8586-4703-af18-3341d148064c/datanode-8/data-0/containers/hdds to VolumeSet
2020-05-22 21:02:17,664 [Listener at 127.0.0.1/42845] INFO  volume.ThrottledAsyncChecker (ThrottledAsyncChecker.java:schedule(141)) - Scheduling a check for /github/workspace/mnt/ozone/hadoop-ozone/integration-test/target/test-dir/MiniOzoneClusterImpl-aeaef343-8586-4703-af18-3341d148064c/datanode-8/data-0/containers/hdds
2020-05-22 21:02:17,669 [org.apache.hadoop.util.JvmPauseMonitor$Monitor@5a3e9ef2] INFO  util.JvmPauseMonitor (JvmPauseMonitor.java:run(188)) - Starting JVM pause monitor
2020-05-22 21:02:17,674 [Datanode State Machine Thread - 0] INFO  datanode.InitDatanodeState (InitDatanodeState.java:persistContainerDatanodeDetails(145)) - DatanodeDetails is persisted to /github/workspace/mnt/ozone/hadoop-ozone/integration-test/target/test-dir/MiniOzoneClusterImpl-aeaef343-8586-4703-af18-3341d148064c/datanode-7/meta/datanode.id
2020-05-22 21:02:17,675 [Listener at 127.0.0.1/42845] INFO  volume.HddsVolumeChecker (HddsVolumeChecker.java:checkAllVolumes(200)) - Scheduled health check for volume /github/workspace/mnt/ozone/hadoop-ozone/integration-test/target/test-dir/MiniOzoneClusterImpl-aeaef343-8586-4703-af18-3341d148064c/datanode-8/data-0/containers/hdds
2020-05-22 21:02:17,697 [Listener at 127.0.0.1/42845] INFO  impl.RaftServerProxy (ConfUtils.java:logGet(44)) - raft.rpc.type = GRPC (default)
2020-05-22 21:02:17,697 [Listener at 127.0.0.1/42845] INFO  grpc.GrpcFactory (GrpcFactory.java:checkPooledByteBufAllocatorUseCacheForAllThreads(45)) - PERFORMANCE WARNING: useCacheForAllThreads is true that may cause Netty to create a lot garbage objects and, as a result, trigger GC.
	It is recommended to disable useCacheForAllThreads by setting -Dorg.apache.ratis.thirdparty.io.netty.allocator.useCacheForAllThreads=false in command line.
2020-05-22 21:02:17,697 [Listener at 127.0.0.1/42845] INFO  grpc.GrpcConfigKeys (ConfUtils.java:logGet(44)) - raft.grpc.server.port = 0 (default)
2020-05-22 21:02:17,697 [Listener at 127.0.0.1/42845] INFO  server.GrpcService (ConfUtils.java:logGet(44)) - raft.grpc.message.size.max = 32MB (=33554432) (custom)
2020-05-22 21:02:17,698 [Listener at 127.0.0.1/42845] INFO  server.RaftServerConfigKeys (ConfUtils.java:logGet(44)) - raft.server.log.appender.buffer.byte-limit = 33554432 (custom)
2020-05-22 21:02:17,698 [Listener at 127.0.0.1/42845] INFO  server.GrpcService (ConfUtils.java:logGet(44)) - raft.grpc.flow.control.window = 5MB (=5242880) (custom)
2020-05-22 21:02:17,698 [Listener at 127.0.0.1/42845] INFO  server.RaftServerConfigKeys (ConfUtils.java:logGet(44)) - raft.server.rpc.request.timeout = 3s (default)
2020-05-22 21:02:17,699 [Listener at 127.0.0.1/42845] INFO  server.RaftServerConfigKeys (ConfUtils.java:logGet(44)) - raft.server.storage.dir = [/github/workspace/mnt/ozone/hadoop-ozone/integration-test/target/test-dir/MiniOzoneClusterImpl-aeaef343-8586-4703-af18-3341d148064c/datanode-8/data/ratis] (custom)
2020-05-22 21:02:17,704 [Listener at 127.0.0.1/42845] INFO  http.BaseHttpServer (BaseHttpServer.java:newHttpServer2BuilderForOzone(205)) - Starting Web-server for hddsDatanode at: http://0.0.0.0:0
2020-05-22 21:02:17,704 [Listener at 127.0.0.1/42845] INFO  http.BaseHttpServer (BaseHttpServer.java:<init>(106)) - Hadoop Security Enabled: false Ozone Security Enabled: false Ozone HTTP Security Enabled: false 
2020-05-22 21:02:17,706 [Listener at 127.0.0.1/42845] INFO  server.AuthenticationFilter (AuthenticationFilter.java:constructSecretProvider(240)) - Unable to initialize FileSignerSecretProvider, falling back to use random secrets.
2020-05-22 21:02:17,706 [Listener at 127.0.0.1/42845] WARN  http.HttpRequestLog (HttpRequestLog.java:getRequestLog(103)) - Jetty request log can only be enabled using Log4j
2020-05-22 21:02:17,707 [Listener at 127.0.0.1/42845] INFO  http.HttpServer2 (HttpServer2.java:addGlobalFilter(993)) - Added global filter 'safety' (class=org.apache.hadoop.hdds.server.http.HttpServer2$QuotingInputFilter)
2020-05-22 21:02:17,708 [Listener at 127.0.0.1/42845] INFO  http.HttpServer2 (HttpServer2.java:addFilter(969)) - Added filter authentication (class=org.apache.hadoop.security.authentication.server.AuthenticationFilter) to context hddsDatanode
2020-05-22 21:02:17,709 [Listener at 127.0.0.1/42845] INFO  http.HttpServer2 (HttpServer2.java:addFilter(977)) - Added filter authentication (class=org.apache.hadoop.security.authentication.server.AuthenticationFilter) to context logs
2020-05-22 21:02:17,709 [Listener at 127.0.0.1/42845] INFO  http.HttpServer2 (HttpServer2.java:addFilter(977)) - Added filter authentication (class=org.apache.hadoop.security.authentication.server.AuthenticationFilter) to context static
2020-05-22 21:02:17,709 [Listener at 127.0.0.1/42845] INFO  http.HttpServer2 (HttpServer2.java:bindListener(1211)) - Jetty bound to port 35655
2020-05-22 21:02:17,710 [Listener at 127.0.0.1/42845] INFO  server.Server (Server.java:doStart(359)) - jetty-9.4.26.v20200117; built: 2020-01-17T12:35:33.676Z; git: 7b38981d25d14afb4a12ff1f2596756144edf695; jvm 1.8.0_232-b09
2020-05-22 21:02:17,712 [Listener at 127.0.0.1/42845] INFO  server.session (DefaultSessionIdManager.java:doStart(333)) - DefaultSessionIdManager workerName=node0
2020-05-22 21:02:17,712 [Listener at 127.0.0.1/42845] INFO  server.session (DefaultSessionIdManager.java:doStart(338)) - No SessionScavenger set, using defaults
2020-05-22 21:02:17,713 [Listener at 127.0.0.1/42845] INFO  server.session (HouseKeeper.java:startScavenging(140)) - node0 Scavenging every 600000ms
2020-05-22 21:02:17,717 [Listener at 127.0.0.1/42845] INFO  server.AuthenticationFilter (AuthenticationFilter.java:constructSecretProvider(240)) - Unable to initialize FileSignerSecretProvider, falling back to use random secrets.
2020-05-22 21:02:17,717 [Listener at 127.0.0.1/42845] INFO  handler.ContextHandler (ContextHandler.java:doStart(825)) - Started o.e.j.s.ServletContextHandler@67831c51{logs,/logs,file:///github/workspace/mnt/ozone/hadoop-ozone/integration-test/target/log,AVAILABLE}
2020-05-22 21:02:17,718 [Listener at 127.0.0.1/42845] INFO  handler.ContextHandler (ContextHandler.java:doStart(825)) - Started o.e.j.s.ServletContextHandler@2d207b3a{static,/static,jar:file:/home/user/.m2/repository/org/apache/hadoop/hadoop-hdds-container-service/0.6.0-SNAPSHOT/hadoop-hdds-container-service-0.6.0-SNAPSHOT.jar!/webapps/static,AVAILABLE}
2020-05-22 21:02:17,747 [Listener at 127.0.0.1/42845] INFO  handler.ContextHandler (ContextHandler.java:doStart(825)) - Started o.e.j.w.WebAppContext@720b6854{hddsDatanode,/,file:///tmp/jetty-0_0_0_0-35655-hadoop-hdds-container-service-0_6_0-SNAPSHOT_jar-_-any-8132887633532553806.dir/webapp/,AVAILABLE}{jar:file:/home/user/.m2/repository/org/apache/hadoop/hadoop-hdds-container-service/0.6.0-SNAPSHOT/hadoop-hdds-container-service-0.6.0-SNAPSHOT.jar!/webapps/hddsDatanode}
2020-05-22 21:02:17,748 [Listener at 127.0.0.1/42845] INFO  server.AbstractConnector (AbstractConnector.java:doStart(330)) - Started ServerConnector@2d8b08fe{HTTP/1.1,[http/1.1]}{0.0.0.0:35655}
2020-05-22 21:02:17,748 [Listener at 127.0.0.1/42845] INFO  server.Server (Server.java:doStart(399)) - Started @7795ms
2020-05-22 21:02:17,748 [Listener at 127.0.0.1/42845] WARN  impl.MetricsSystemImpl (MetricsSystemImpl.java:register(276)) - Sink prometheus already exists!
2020-05-22 21:02:17,751 [Listener at 127.0.0.1/42845] INFO  http.BaseHttpServer (BaseHttpServer.java:updateConnectorAddress(325)) - HTTP server of hddsDatanode listening at http://0.0.0.0:35655
2020-05-22 21:02:17,752 [Listener at 127.0.0.1/42845] INFO  impl.MetricsSystemImpl (MetricsSystemImpl.java:init(158)) - HddsDatanode metrics system started (again)
2020-05-22 21:02:17,756 [org.apache.hadoop.util.JvmPauseMonitor$Monitor@5696c3f9] INFO  util.JvmPauseMonitor (JvmPauseMonitor.java:run(188)) - Starting JVM pause monitor
2020-05-22 21:02:17,758 [Listener at 127.0.0.1/42845] INFO  ozone.HddsDatanodeService (HddsDatanodeService.java:start(204)) - HddsDatanodeService host:b8e5eb7a950d ip:172.17.0.2
2020-05-22 21:02:17,763 [Datanode State Machine Thread - 0] INFO  datanode.InitDatanodeState (InitDatanodeState.java:persistContainerDatanodeDetails(145)) - DatanodeDetails is persisted to /github/workspace/mnt/ozone/hadoop-ozone/integration-test/target/test-dir/MiniOzoneClusterImpl-aeaef343-8586-4703-af18-3341d148064c/datanode-8/meta/datanode.id
2020-05-22 21:02:17,764 [Listener at 127.0.0.1/42845] INFO  volume.HddsVolume (HddsVolume.java:<init>(176)) - Creating Volume: /github/workspace/mnt/ozone/hadoop-ozone/integration-test/target/test-dir/MiniOzoneClusterImpl-aeaef343-8586-4703-af18-3341d148064c/datanode-9/data-0/containers/hdds of storage type : DISK and capacity : 9223372036854775807
2020-05-22 21:02:17,764 [Listener at 127.0.0.1/42845] INFO  volume.MutableVolumeSet (MutableVolumeSet.java:initializeVolumeSet(181)) - Added Volume : /github/workspace/mnt/ozone/hadoop-ozone/integration-test/target/test-dir/MiniOzoneClusterImpl-aeaef343-8586-4703-af18-3341d148064c/datanode-9/data-0/containers/hdds to VolumeSet
2020-05-22 21:02:17,764 [Listener at 127.0.0.1/42845] INFO  volume.ThrottledAsyncChecker (ThrottledAsyncChecker.java:schedule(141)) - Scheduling a check for /github/workspace/mnt/ozone/hadoop-ozone/integration-test/target/test-dir/MiniOzoneClusterImpl-aeaef343-8586-4703-af18-3341d148064c/datanode-9/data-0/containers/hdds
2020-05-22 21:02:17,771 [Listener at 127.0.0.1/42845] INFO  volume.HddsVolumeChecker (HddsVolumeChecker.java:checkAllVolumes(200)) - Scheduled health check for volume /github/workspace/mnt/ozone/hadoop-ozone/integration-test/target/test-dir/MiniOzoneClusterImpl-aeaef343-8586-4703-af18-3341d148064c/datanode-9/data-0/containers/hdds
2020-05-22 21:02:17,789 [Listener at 127.0.0.1/42845] INFO  impl.RaftServerProxy (ConfUtils.java:logGet(44)) - raft.rpc.type = GRPC (default)
2020-05-22 21:02:17,791 [Listener at 127.0.0.1/42845] INFO  grpc.GrpcFactory (GrpcFactory.java:checkPooledByteBufAllocatorUseCacheForAllThreads(45)) - PERFORMANCE WARNING: useCacheForAllThreads is true that may cause Netty to create a lot garbage objects and, as a result, trigger GC.
	It is recommended to disable useCacheForAllThreads by setting -Dorg.apache.ratis.thirdparty.io.netty.allocator.useCacheForAllThreads=false in command line.
2020-05-22 21:02:17,791 [Listener at 127.0.0.1/42845] INFO  grpc.GrpcConfigKeys (ConfUtils.java:logGet(44)) - raft.grpc.server.port = 0 (default)
2020-05-22 21:02:17,792 [Listener at 127.0.0.1/42845] INFO  server.GrpcService (ConfUtils.java:logGet(44)) - raft.grpc.message.size.max = 32MB (=33554432) (custom)
2020-05-22 21:02:17,792 [Listener at 127.0.0.1/42845] INFO  server.RaftServerConfigKeys (ConfUtils.java:logGet(44)) - raft.server.log.appender.buffer.byte-limit = 33554432 (custom)
2020-05-22 21:02:17,792 [Listener at 127.0.0.1/42845] INFO  server.GrpcService (ConfUtils.java:logGet(44)) - raft.grpc.flow.control.window = 5MB (=5242880) (custom)
2020-05-22 21:02:17,792 [Listener at 127.0.0.1/42845] INFO  server.RaftServerConfigKeys (ConfUtils.java:logGet(44)) - raft.server.rpc.request.timeout = 3s (default)
2020-05-22 21:02:17,794 [Listener at 127.0.0.1/42845] INFO  server.RaftServerConfigKeys (ConfUtils.java:logGet(44)) - raft.server.storage.dir = [/github/workspace/mnt/ozone/hadoop-ozone/integration-test/target/test-dir/MiniOzoneClusterImpl-aeaef343-8586-4703-af18-3341d148064c/datanode-9/data/ratis] (custom)
2020-05-22 21:02:17,797 [Listener at 127.0.0.1/42845] INFO  http.BaseHttpServer (BaseHttpServer.java:newHttpServer2BuilderForOzone(205)) - Starting Web-server for hddsDatanode at: http://0.0.0.0:0
2020-05-22 21:02:17,798 [Listener at 127.0.0.1/42845] INFO  http.BaseHttpServer (BaseHttpServer.java:<init>(106)) - Hadoop Security Enabled: false Ozone Security Enabled: false Ozone HTTP Security Enabled: false 
2020-05-22 21:02:17,800 [Listener at 127.0.0.1/42845] INFO  server.AuthenticationFilter (AuthenticationFilter.java:constructSecretProvider(240)) - Unable to initialize FileSignerSecretProvider, falling back to use random secrets.
2020-05-22 21:02:17,800 [Listener at 127.0.0.1/42845] WARN  http.HttpRequestLog (HttpRequestLog.java:getRequestLog(103)) - Jetty request log can only be enabled using Log4j
2020-05-22 21:02:17,801 [Listener at 127.0.0.1/42845] INFO  http.HttpServer2 (HttpServer2.java:addGlobalFilter(993)) - Added global filter 'safety' (class=org.apache.hadoop.hdds.server.http.HttpServer2$QuotingInputFilter)
2020-05-22 21:02:17,802 [Listener at 127.0.0.1/42845] INFO  http.HttpServer2 (HttpServer2.java:addFilter(969)) - Added filter authentication (class=org.apache.hadoop.security.authentication.server.AuthenticationFilter) to context hddsDatanode
2020-05-22 21:02:17,802 [Listener at 127.0.0.1/42845] INFO  http.HttpServer2 (HttpServer2.java:addFilter(977)) - Added filter authentication (class=org.apache.hadoop.security.authentication.server.AuthenticationFilter) to context static
2020-05-22 21:02:17,803 [Listener at 127.0.0.1/42845] INFO  http.HttpServer2 (HttpServer2.java:addFilter(977)) - Added filter authentication (class=org.apache.hadoop.security.authentication.server.AuthenticationFilter) to context logs
2020-05-22 21:02:17,803 [Listener at 127.0.0.1/42845] INFO  http.HttpServer2 (HttpServer2.java:bindListener(1211)) - Jetty bound to port 33629
2020-05-22 21:02:17,803 [Listener at 127.0.0.1/42845] INFO  server.Server (Server.java:doStart(359)) - jetty-9.4.26.v20200117; built: 2020-01-17T12:35:33.676Z; git: 7b38981d25d14afb4a12ff1f2596756144edf695; jvm 1.8.0_232-b09
2020-05-22 21:02:17,806 [Listener at 127.0.0.1/42845] INFO  server.session (DefaultSessionIdManager.java:doStart(333)) - DefaultSessionIdManager workerName=node0
2020-05-22 21:02:17,806 [Listener at 127.0.0.1/42845] INFO  server.session (DefaultSessionIdManager.java:doStart(338)) - No SessionScavenger set, using defaults
2020-05-22 21:02:17,806 [Listener at 127.0.0.1/42845] INFO  server.session (HouseKeeper.java:startScavenging(140)) - node0 Scavenging every 660000ms
2020-05-22 21:02:17,807 [Listener at 127.0.0.1/42845] INFO  server.AuthenticationFilter (AuthenticationFilter.java:constructSecretProvider(240)) - Unable to initialize FileSignerSecretProvider, falling back to use random secrets.
2020-05-22 21:02:17,808 [Listener at 127.0.0.1/42845] INFO  handler.ContextHandler (ContextHandler.java:doStart(825)) - Started o.e.j.s.ServletContextHandler@51d38e78{logs,/logs,file:///github/workspace/mnt/ozone/hadoop-ozone/integration-test/target/log,AVAILABLE}
2020-05-22 21:02:17,808 [Listener at 127.0.0.1/42845] INFO  handler.ContextHandler (ContextHandler.java:doStart(825)) - Started o.e.j.s.ServletContextHandler@5b712909{static,/static,jar:file:/home/user/.m2/repository/org/apache/hadoop/hadoop-hdds-container-service/0.6.0-SNAPSHOT/hadoop-hdds-container-service-0.6.0-SNAPSHOT.jar!/webapps/static,AVAILABLE}
2020-05-22 21:02:17,835 [Listener at 127.0.0.1/42845] INFO  handler.ContextHandler (ContextHandler.java:doStart(825)) - Started o.e.j.w.WebAppContext@d776dfe{hddsDatanode,/,file:///tmp/jetty-0_0_0_0-33629-hadoop-hdds-container-service-0_6_0-SNAPSHOT_jar-_-any-3704945673915336543.dir/webapp/,AVAILABLE}{jar:file:/home/user/.m2/repository/org/apache/hadoop/hadoop-hdds-container-service/0.6.0-SNAPSHOT/hadoop-hdds-container-service-0.6.0-SNAPSHOT.jar!/webapps/hddsDatanode}
2020-05-22 21:02:17,836 [Listener at 127.0.0.1/42845] INFO  server.AbstractConnector (AbstractConnector.java:doStart(330)) - Started ServerConnector@369c6e1b{HTTP/1.1,[http/1.1]}{0.0.0.0:33629}
2020-05-22 21:02:17,836 [Listener at 127.0.0.1/42845] INFO  server.Server (Server.java:doStart(399)) - Started @7883ms
2020-05-22 21:02:17,836 [Listener at 127.0.0.1/42845] WARN  impl.MetricsSystemImpl (MetricsSystemImpl.java:register(276)) - Sink prometheus already exists!
2020-05-22 21:02:17,839 [Listener at 127.0.0.1/42845] INFO  http.BaseHttpServer (BaseHttpServer.java:updateConnectorAddress(325)) - HTTP server of hddsDatanode listening at http://0.0.0.0:33629
2020-05-22 21:02:17,842 [Listener at 127.0.0.1/42845] INFO  ozone.MiniOzoneClusterImpl (MiniOzoneClusterImpl.java:lambda$waitForClusterToBeReady$0(177)) - Waiting for nodes to be ready. Got 0 of 10 DN Heartbeats.
2020-05-22 21:02:17,842 [Listener at 127.0.0.1/42845] INFO  ozone.MiniOzoneClusterImpl (MiniOzoneClusterImpl.java:lambda$waitForClusterToBeReady$0(180)) - Waiting for cluster to exit safe mode
2020-05-22 21:02:17,849 [org.apache.hadoop.util.JvmPauseMonitor$Monitor@20a6cf99] INFO  util.JvmPauseMonitor (JvmPauseMonitor.java:run(188)) - Starting JVM pause monitor
2020-05-22 21:02:17,851 [Datanode State Machine Thread - 0] INFO  datanode.InitDatanodeState (InitDatanodeState.java:persistContainerDatanodeDetails(145)) - DatanodeDetails is persisted to /github/workspace/mnt/ozone/hadoop-ozone/integration-test/target/test-dir/MiniOzoneClusterImpl-aeaef343-8586-4703-af18-3341d148064c/datanode-9/meta/datanode.id
2020-05-22 21:02:18,842 [Listener at 127.0.0.1/42845] INFO  ozone.MiniOzoneClusterImpl (MiniOzoneClusterImpl.java:lambda$waitForClusterToBeReady$0(177)) - Waiting for nodes to be ready. Got 0 of 10 DN Heartbeats.
2020-05-22 21:02:18,842 [Listener at 127.0.0.1/42845] INFO  ozone.MiniOzoneClusterImpl (MiniOzoneClusterImpl.java:lambda$waitForClusterToBeReady$0(180)) - Waiting for cluster to exit safe mode
2020-05-22 21:02:18,850 [Datanode State Machine Thread - 0] INFO  ozoneimpl.OzoneContainer (OzoneContainer.java:start(232)) - Attempting to start container services.
2020-05-22 21:02:18,854 [Datanode State Machine Thread - 0] INFO  ozoneimpl.OzoneContainer (OzoneContainer.java:startContainerScrub(196)) - Background container scanner has been disabled.
2020-05-22 21:02:18,854 [Datanode State Machine Thread - 0] INFO  ratis.XceiverServerRatis (XceiverServerRatis.java:start(425)) - Starting XceiverServerRatis 0dacf195-f99f-4186-8388-cfc458ddcf69 at port 0
2020-05-22 21:02:18,879 [Datanode State Machine Thread - 0] INFO  impl.RaftServerProxy (RaftServerProxy.java:lambda$start$3(299)) - 0dacf195-f99f-4186-8388-cfc458ddcf69: start RPC server
2020-05-22 21:02:18,967 [Datanode State Machine Thread - 0] INFO  server.GrpcService (GrpcService.java:startImpl(159)) - 0dacf195-f99f-4186-8388-cfc458ddcf69: GrpcService started, listening on 0.0.0.0/0.0.0.0:40519
2020-05-22 21:02:18,968 [Datanode State Machine Thread - 0] INFO  ratis.XceiverServerRatis (XceiverServerRatis.java:start(437)) - XceiverServerRatis 0dacf195-f99f-4186-8388-cfc458ddcf69 is started using port 40519
2020-05-22 21:02:18,975 [Datanode State Machine Thread - 0] INFO  server.XceiverServerGrpc (XceiverServerGrpc.java:start(145)) - XceiverServerGrpc 0dacf195-f99f-4186-8388-cfc458ddcf69 is started using port 41229
2020-05-22 21:02:18,990 [Datanode State Machine Thread - 0] INFO  ozoneimpl.OzoneContainer (OzoneContainer.java:start(232)) - Attempting to start container services.
2020-05-22 21:02:18,993 [Datanode State Machine Thread - 0] INFO  ozoneimpl.OzoneContainer (OzoneContainer.java:startContainerScrub(196)) - Background container scanner has been disabled.
2020-05-22 21:02:18,993 [Datanode State Machine Thread - 0] INFO  ratis.XceiverServerRatis (XceiverServerRatis.java:start(425)) - Starting XceiverServerRatis 2484e415-5504-40d1-8ead-c46d206deb95 at port 0
2020-05-22 21:02:18,998 [Datanode State Machine Thread - 0] INFO  impl.RaftServerProxy (RaftServerProxy.java:lambda$start$3(299)) - 2484e415-5504-40d1-8ead-c46d206deb95: start RPC server
2020-05-22 21:02:19,009 [Datanode State Machine Thread - 0] INFO  server.GrpcService (GrpcService.java:startImpl(159)) - 2484e415-5504-40d1-8ead-c46d206deb95: GrpcService started, listening on 0.0.0.0/0.0.0.0:45739
2020-05-22 21:02:19,009 [Datanode State Machine Thread - 0] INFO  ratis.XceiverServerRatis (XceiverServerRatis.java:start(437)) - XceiverServerRatis 2484e415-5504-40d1-8ead-c46d206deb95 is started using port 45739
2020-05-22 21:02:19,012 [Datanode State Machine Thread - 0] INFO  server.XceiverServerGrpc (XceiverServerGrpc.java:start(145)) - XceiverServerGrpc 2484e415-5504-40d1-8ead-c46d206deb95 is started using port 41091
2020-05-22 21:02:19,129 [Datanode State Machine Thread - 0] INFO  ozoneimpl.OzoneContainer (OzoneContainer.java:start(232)) - Attempting to start container services.
2020-05-22 21:02:19,129 [Datanode State Machine Thread - 0] INFO  ozoneimpl.OzoneContainer (OzoneContainer.java:startContainerScrub(196)) - Background container scanner has been disabled.
2020-05-22 21:02:19,129 [Datanode State Machine Thread - 0] INFO  ratis.XceiverServerRatis (XceiverServerRatis.java:start(425)) - Starting XceiverServerRatis a3997db8-320d-4151-9902-06bffb7c93ac at port 0
2020-05-22 21:02:19,131 [Datanode State Machine Thread - 0] INFO  impl.RaftServerProxy (RaftServerProxy.java:lambda$start$3(299)) - a3997db8-320d-4151-9902-06bffb7c93ac: start RPC server
2020-05-22 21:02:19,142 [Datanode State Machine Thread - 0] INFO  server.GrpcService (GrpcService.java:startImpl(159)) - a3997db8-320d-4151-9902-06bffb7c93ac: GrpcService started, listening on 0.0.0.0/0.0.0.0:38093
2020-05-22 21:02:19,142 [Datanode State Machine Thread - 0] INFO  ratis.XceiverServerRatis (XceiverServerRatis.java:start(437)) - XceiverServerRatis a3997db8-320d-4151-9902-06bffb7c93ac is started using port 38093
2020-05-22 21:02:19,143 [Datanode State Machine Thread - 0] INFO  server.XceiverServerGrpc (XceiverServerGrpc.java:start(145)) - XceiverServerGrpc a3997db8-320d-4151-9902-06bffb7c93ac is started using port 36805
2020-05-22 21:02:19,269 [Datanode State Machine Thread - 0] INFO  ozoneimpl.OzoneContainer (OzoneContainer.java:start(232)) - Attempting to start container services.
2020-05-22 21:02:19,269 [Datanode State Machine Thread - 0] INFO  ozoneimpl.OzoneContainer (OzoneContainer.java:startContainerScrub(196)) - Background container scanner has been disabled.
2020-05-22 21:02:19,269 [Datanode State Machine Thread - 0] INFO  ratis.XceiverServerRatis (XceiverServerRatis.java:start(425)) - Starting XceiverServerRatis f2bdfaa2-ada9-47f2-baba-68fb1582a464 at port 0
2020-05-22 21:02:19,270 [Datanode State Machine Thread - 0] INFO  impl.RaftServerProxy (RaftServerProxy.java:lambda$start$3(299)) - f2bdfaa2-ada9-47f2-baba-68fb1582a464: start RPC server
2020-05-22 21:02:19,274 [Datanode State Machine Thread - 0] INFO  server.GrpcService (GrpcService.java:startImpl(159)) - f2bdfaa2-ada9-47f2-baba-68fb1582a464: GrpcService started, listening on 0.0.0.0/0.0.0.0:41705
2020-05-22 21:02:19,274 [Datanode State Machine Thread - 0] INFO  ratis.XceiverServerRatis (XceiverServerRatis.java:start(437)) - XceiverServerRatis f2bdfaa2-ada9-47f2-baba-68fb1582a464 is started using port 41705
2020-05-22 21:02:19,283 [Datanode State Machine Thread - 0] INFO  server.XceiverServerGrpc (XceiverServerGrpc.java:start(145)) - XceiverServerGrpc f2bdfaa2-ada9-47f2-baba-68fb1582a464 is started using port 33141
2020-05-22 21:02:19,372 [Datanode State Machine Thread - 0] INFO  ozoneimpl.OzoneContainer (OzoneContainer.java:start(232)) - Attempting to start container services.
2020-05-22 21:02:19,372 [Datanode State Machine Thread - 0] INFO  ozoneimpl.OzoneContainer (OzoneContainer.java:startContainerScrub(196)) - Background container scanner has been disabled.
2020-05-22 21:02:19,373 [Datanode State Machine Thread - 0] INFO  ratis.XceiverServerRatis (XceiverServerRatis.java:start(425)) - Starting XceiverServerRatis 64c4e62d-3fa9-4daf-8209-3ca94e9bda72 at port 0
2020-05-22 21:02:19,374 [Datanode State Machine Thread - 0] INFO  impl.RaftServerProxy (RaftServerProxy.java:lambda$start$3(299)) - 64c4e62d-3fa9-4daf-8209-3ca94e9bda72: start RPC server
2020-05-22 21:02:19,381 [Datanode State Machine Thread - 0] INFO  server.GrpcService (GrpcService.java:startImpl(159)) - 64c4e62d-3fa9-4daf-8209-3ca94e9bda72: GrpcService started, listening on 0.0.0.0/0.0.0.0:38101
2020-05-22 21:02:19,381 [Datanode State Machine Thread - 0] INFO  ratis.XceiverServerRatis (XceiverServerRatis.java:start(437)) - XceiverServerRatis 64c4e62d-3fa9-4daf-8209-3ca94e9bda72 is started using port 38101
2020-05-22 21:02:19,383 [Datanode State Machine Thread - 0] INFO  server.XceiverServerGrpc (XceiverServerGrpc.java:start(145)) - XceiverServerGrpc 64c4e62d-3fa9-4daf-8209-3ca94e9bda72 is started using port 44539
2020-05-22 21:02:19,497 [Datanode State Machine Thread - 0] INFO  ozoneimpl.OzoneContainer (OzoneContainer.java:start(232)) - Attempting to start container services.
2020-05-22 21:02:19,497 [Datanode State Machine Thread - 0] INFO  ozoneimpl.OzoneContainer (OzoneContainer.java:startContainerScrub(196)) - Background container scanner has been disabled.
2020-05-22 21:02:19,497 [Datanode State Machine Thread - 0] INFO  ratis.XceiverServerRatis (XceiverServerRatis.java:start(425)) - Starting XceiverServerRatis ca65480a-af45-4754-bab7-1cb47c27def5 at port 0
2020-05-22 21:02:19,498 [Datanode State Machine Thread - 0] INFO  impl.RaftServerProxy (RaftServerProxy.java:lambda$start$3(299)) - ca65480a-af45-4754-bab7-1cb47c27def5: start RPC server
2020-05-22 21:02:19,500 [Datanode State Machine Thread - 0] INFO  server.GrpcService (GrpcService.java:startImpl(159)) - ca65480a-af45-4754-bab7-1cb47c27def5: GrpcService started, listening on 0.0.0.0/0.0.0.0:34187
2020-05-22 21:02:19,500 [Datanode State Machine Thread - 0] INFO  ratis.XceiverServerRatis (XceiverServerRatis.java:start(437)) - XceiverServerRatis ca65480a-af45-4754-bab7-1cb47c27def5 is started using port 34187
2020-05-22 21:02:19,501 [Datanode State Machine Thread - 0] INFO  server.XceiverServerGrpc (XceiverServerGrpc.java:start(145)) - XceiverServerGrpc ca65480a-af45-4754-bab7-1cb47c27def5 is started using port 37443
2020-05-22 21:02:19,588 [Datanode State Machine Thread - 0] INFO  ozoneimpl.OzoneContainer (OzoneContainer.java:start(232)) - Attempting to start container services.
2020-05-22 21:02:19,589 [Datanode State Machine Thread - 0] INFO  ozoneimpl.OzoneContainer (OzoneContainer.java:startContainerScrub(196)) - Background container scanner has been disabled.
2020-05-22 21:02:19,589 [Datanode State Machine Thread - 0] INFO  ratis.XceiverServerRatis (XceiverServerRatis.java:start(425)) - Starting XceiverServerRatis 5abe4e47-48d4-4bed-b79b-0afa624f904e at port 0
2020-05-22 21:02:19,596 [Datanode State Machine Thread - 0] INFO  impl.RaftServerProxy (RaftServerProxy.java:lambda$start$3(299)) - 5abe4e47-48d4-4bed-b79b-0afa624f904e: start RPC server
2020-05-22 21:02:19,598 [Datanode State Machine Thread - 0] INFO  server.GrpcService (GrpcService.java:startImpl(159)) - 5abe4e47-48d4-4bed-b79b-0afa624f904e: GrpcService started, listening on 0.0.0.0/0.0.0.0:41019
2020-05-22 21:02:19,598 [Datanode State Machine Thread - 0] INFO  ratis.XceiverServerRatis (XceiverServerRatis.java:start(437)) - XceiverServerRatis 5abe4e47-48d4-4bed-b79b-0afa624f904e is started using port 41019
2020-05-22 21:02:19,599 [Datanode State Machine Thread - 0] INFO  server.XceiverServerGrpc (XceiverServerGrpc.java:start(145)) - XceiverServerGrpc 5abe4e47-48d4-4bed-b79b-0afa624f904e is started using port 37887
2020-05-22 21:02:19,672 [Datanode State Machine Thread - 0] INFO  ozoneimpl.OzoneContainer (OzoneContainer.java:start(232)) - Attempting to start container services.
2020-05-22 21:02:19,672 [Datanode State Machine Thread - 0] INFO  ozoneimpl.OzoneContainer (OzoneContainer.java:startContainerScrub(196)) - Background container scanner has been disabled.
2020-05-22 21:02:19,672 [Datanode State Machine Thread - 0] INFO  ratis.XceiverServerRatis (XceiverServerRatis.java:start(425)) - Starting XceiverServerRatis c918de7f-ef30-4f8b-9922-6cd8c5b8891b at port 0
2020-05-22 21:02:19,674 [Datanode State Machine Thread - 0] INFO  impl.RaftServerProxy (RaftServerProxy.java:lambda$start$3(299)) - c918de7f-ef30-4f8b-9922-6cd8c5b8891b: start RPC server
2020-05-22 21:02:19,676 [Datanode State Machine Thread - 0] INFO  server.GrpcService (GrpcService.java:startImpl(159)) - c918de7f-ef30-4f8b-9922-6cd8c5b8891b: GrpcService started, listening on 0.0.0.0/0.0.0.0:46273
2020-05-22 21:02:19,676 [Datanode State Machine Thread - 0] INFO  ratis.XceiverServerRatis (XceiverServerRatis.java:start(437)) - XceiverServerRatis c918de7f-ef30-4f8b-9922-6cd8c5b8891b is started using port 46273
2020-05-22 21:02:19,682 [Datanode State Machine Thread - 0] INFO  server.XceiverServerGrpc (XceiverServerGrpc.java:start(145)) - XceiverServerGrpc c918de7f-ef30-4f8b-9922-6cd8c5b8891b is started using port 32979
2020-05-22 21:02:19,759 [Datanode State Machine Thread - 0] INFO  ozoneimpl.OzoneContainer (OzoneContainer.java:start(232)) - Attempting to start container services.
2020-05-22 21:02:19,759 [Datanode State Machine Thread - 0] INFO  ozoneimpl.OzoneContainer (OzoneContainer.java:startContainerScrub(196)) - Background container scanner has been disabled.
2020-05-22 21:02:19,759 [Datanode State Machine Thread - 0] INFO  ratis.XceiverServerRatis (XceiverServerRatis.java:start(425)) - Starting XceiverServerRatis b4cee484-4d20-4d73-ba0e-c1d545d3b234 at port 0
2020-05-22 21:02:19,761 [Datanode State Machine Thread - 0] INFO  impl.RaftServerProxy (RaftServerProxy.java:lambda$start$3(299)) - b4cee484-4d20-4d73-ba0e-c1d545d3b234: start RPC server
2020-05-22 21:02:19,763 [Datanode State Machine Thread - 0] INFO  server.GrpcService (GrpcService.java:startImpl(159)) - b4cee484-4d20-4d73-ba0e-c1d545d3b234: GrpcService started, listening on 0.0.0.0/0.0.0.0:33307
2020-05-22 21:02:19,763 [Datanode State Machine Thread - 0] INFO  ratis.XceiverServerRatis (XceiverServerRatis.java:start(437)) - XceiverServerRatis b4cee484-4d20-4d73-ba0e-c1d545d3b234 is started using port 33307
2020-05-22 21:02:19,764 [Datanode State Machine Thread - 0] INFO  server.XceiverServerGrpc (XceiverServerGrpc.java:start(145)) - XceiverServerGrpc b4cee484-4d20-4d73-ba0e-c1d545d3b234 is started using port 45839
2020-05-22 21:02:19,843 [Listener at 127.0.0.1/42845] INFO  ozone.MiniOzoneClusterImpl (MiniOzoneClusterImpl.java:lambda$waitForClusterToBeReady$0(177)) - Waiting for nodes to be ready. Got 0 of 10 DN Heartbeats.
2020-05-22 21:02:19,843 [Listener at 127.0.0.1/42845] INFO  ozone.MiniOzoneClusterImpl (MiniOzoneClusterImpl.java:lambda$waitForClusterToBeReady$0(180)) - Waiting for cluster to exit safe mode
2020-05-22 21:02:19,853 [Datanode State Machine Thread - 0] INFO  ozoneimpl.OzoneContainer (OzoneContainer.java:start(232)) - Attempting to start container services.
2020-05-22 21:02:19,853 [Datanode State Machine Thread - 0] INFO  ozoneimpl.OzoneContainer (OzoneContainer.java:startContainerScrub(196)) - Background container scanner has been disabled.
2020-05-22 21:02:19,853 [Datanode State Machine Thread - 0] INFO  ratis.XceiverServerRatis (XceiverServerRatis.java:start(425)) - Starting XceiverServerRatis cb956d13-5fe9-4a78-95a3-e5a7b9d83e98 at port 0
2020-05-22 21:02:19,854 [Datanode State Machine Thread - 0] INFO  impl.RaftServerProxy (RaftServerProxy.java:lambda$start$3(299)) - cb956d13-5fe9-4a78-95a3-e5a7b9d83e98: start RPC server
2020-05-22 21:02:19,856 [Datanode State Machine Thread - 0] INFO  server.GrpcService (GrpcService.java:startImpl(159)) - cb956d13-5fe9-4a78-95a3-e5a7b9d83e98: GrpcService started, listening on 0.0.0.0/0.0.0.0:33835
2020-05-22 21:02:19,856 [Datanode State Machine Thread - 0] INFO  ratis.XceiverServerRatis (XceiverServerRatis.java:start(437)) - XceiverServerRatis cb956d13-5fe9-4a78-95a3-e5a7b9d83e98 is started using port 33835
2020-05-22 21:02:19,862 [Datanode State Machine Thread - 0] INFO  server.XceiverServerGrpc (XceiverServerGrpc.java:start(145)) - XceiverServerGrpc cb956d13-5fe9-4a78-95a3-e5a7b9d83e98 is started using port 45183
2020-05-22 21:02:20,799 [IPC Server handler 15 on default port 34379] INFO  net.NetworkTopology (NetworkTopologyImpl.java:add(111)) - Added a new node: /rack1/0dacf195-f99f-4186-8388-cfc458ddcf69
2020-05-22 21:02:20,800 [IPC Server handler 15 on default port 34379] INFO  node.SCMNodeManager (SCMNodeManager.java:register(268)) - Registered Data node : 0dacf195-f99f-4186-8388-cfc458ddcf69{ip: 172.17.0.2, host: b8e5eb7a950d, networkLocation: /rack1, certSerialId: null}
2020-05-22 21:02:20,805 [EventQueue-NodeRegistrationContainerReportForContainerSafeModeRule] INFO  safemode.SCMSafeModeManager (SCMSafeModeManager.java:validateSafeModeExitRules(213)) - ContainerSafeModeRule rule is successfully validated
2020-05-22 21:02:20,806 [EventQueue-NodeRegistrationContainerReportForDataNodeSafeModeRule] INFO  safemode.SCMSafeModeManager (DataNodeSafeModeRule.java:process(71)) - SCM in safe mode. 1 DataNodes registered, 1 required.
2020-05-22 21:02:20,806 [EventQueue-NodeRegistrationContainerReportForDataNodeSafeModeRule] INFO  safemode.SCMSafeModeManager (SCMSafeModeManager.java:validateSafeModeExitRules(213)) - DataNodeSafeModeRule rule is successfully validated
2020-05-22 21:02:20,806 [EventQueue-NodeRegistrationContainerReportForDataNodeSafeModeRule] INFO  safemode.SCMSafeModeManager (SCMSafeModeManager.java:completePreCheck(241)) - All SCM safe mode pre check rules have passed
2020-05-22 21:02:20,816 [RatisPipelineUtilsThread] INFO  pipeline.RatisPipelineProvider (RatisPipelineProvider.java:lambda$create$0(138)) - Sending CreatePipelineCommand for pipeline:PipelineID=6da93f0f-9b2f-42c3-8636-699c23c84bc7 to datanode:0dacf195-f99f-4186-8388-cfc458ddcf69
2020-05-22 21:02:20,828 [RatisPipelineUtilsThread] INFO  pipeline.PipelineStateManager (PipelineStateManager.java:addPipeline(54)) - Created pipeline Pipeline[ Id: 6da93f0f-9b2f-42c3-8636-699c23c84bc7, Nodes: 0dacf195-f99f-4186-8388-cfc458ddcf69{ip: 172.17.0.2, host: b8e5eb7a950d, networkLocation: /rack1, certSerialId: null}, Type:RATIS, Factor:ONE, State:ALLOCATED, leaderId:null, CreationTimestamp2020-05-22T21:02:20.813Z]
2020-05-22 21:02:20,831 [RatisPipelineUtilsThread] ERROR pipeline.SCMPipelineManager (SCMPipelineManager.java:createPipeline(222)) - Failed to create pipeline of type RATIS and factor ONE. Exception: Cannot create pipeline of factor 1 using 0 nodes. Used 1 nodes. Healthy nodes 1
2020-05-22 21:02:20,832 [RatisPipelineUtilsThread] WARN  pipeline.PipelinePlacementPolicy (PipelinePlacementPolicy.java:filterViableNodes(133)) - Pipeline creation failed due to no sufficient healthy datanodes. Required 3. Found 1.
2020-05-22 21:02:20,832 [RatisPipelineUtilsThread] ERROR pipeline.SCMPipelineManager (SCMPipelineManager.java:createPipeline(222)) - Failed to create pipeline of type RATIS and factor THREE. Exception: Pipeline creation failed due to no sufficient healthy datanodes. Required 3. Found 1.
2020-05-22 21:02:20,843 [Listener at 127.0.0.1/42845] INFO  ozone.MiniOzoneClusterImpl (MiniOzoneClusterImpl.java:lambda$waitForClusterToBeReady$0(177)) - Waiting for nodes to be ready. Got 1 of 10 DN Heartbeats.
2020-05-22 21:02:20,843 [Listener at 127.0.0.1/42845] INFO  ozone.MiniOzoneClusterImpl (MiniOzoneClusterImpl.java:lambda$waitForClusterToBeReady$0(180)) - Waiting for cluster to exit safe mode
2020-05-22 21:02:20,988 [IPC Server handler 12 on default port 34379] INFO  net.NetworkTopology (NetworkTopologyImpl.java:add(111)) - Added a new node: /rack1/2484e415-5504-40d1-8ead-c46d206deb95
2020-05-22 21:02:20,989 [IPC Server handler 12 on default port 34379] INFO  node.SCMNodeManager (SCMNodeManager.java:register(268)) - Registered Data node : 2484e415-5504-40d1-8ead-c46d206deb95{ip: 172.17.0.2, host: b8e5eb7a950d, networkLocation: /rack1, certSerialId: null}
2020-05-22 21:02:20,989 [EventQueue-NodeRegistrationContainerReportForContainerSafeModeRule] INFO  safemode.SCMSafeModeManager (SCMSafeModeManager.java:validateSafeModeExitRules(213)) - ContainerSafeModeRule rule is successfully validated
2020-05-22 21:02:20,989 [EventQueue-NodeRegistrationContainerReportForDataNodeSafeModeRule] INFO  safemode.SCMSafeModeManager (SCMSafeModeManager.java:validateSafeModeExitRules(213)) - DataNodeSafeModeRule rule is successfully validated
2020-05-22 21:02:20,991 [RatisPipelineUtilsThread] INFO  pipeline.RatisPipelineProvider (RatisPipelineProvider.java:lambda$create$0(138)) - Sending CreatePipelineCommand for pipeline:PipelineID=7930d286-e56a-48d5-a383-d2655063a47b to datanode:2484e415-5504-40d1-8ead-c46d206deb95
2020-05-22 21:02:20,992 [RatisPipelineUtilsThread] INFO  pipeline.PipelineStateManager (PipelineStateManager.java:addPipeline(54)) - Created pipeline Pipeline[ Id: 7930d286-e56a-48d5-a383-d2655063a47b, Nodes: 2484e415-5504-40d1-8ead-c46d206deb95{ip: 172.17.0.2, host: b8e5eb7a950d, networkLocation: /rack1, certSerialId: null}, Type:RATIS, Factor:ONE, State:ALLOCATED, leaderId:null, CreationTimestamp2020-05-22T21:02:20.991Z]
2020-05-22 21:02:20,992 [RatisPipelineUtilsThread] ERROR pipeline.SCMPipelineManager (SCMPipelineManager.java:createPipeline(222)) - Failed to create pipeline of type RATIS and factor ONE. Exception: Cannot create pipeline of factor 1 using 0 nodes. Used 2 nodes. Healthy nodes 2
2020-05-22 21:02:20,993 [RatisPipelineUtilsThread] WARN  pipeline.PipelinePlacementPolicy (PipelinePlacementPolicy.java:filterViableNodes(133)) - Pipeline creation failed due to no sufficient healthy datanodes. Required 3. Found 2.
2020-05-22 21:02:20,993 [RatisPipelineUtilsThread] ERROR pipeline.SCMPipelineManager (SCMPipelineManager.java:createPipeline(222)) - Failed to create pipeline of type RATIS and factor THREE. Exception: Pipeline creation failed due to no sufficient healthy datanodes. Required 3. Found 2.
2020-05-22 21:02:21,130 [IPC Server handler 13 on default port 34379] INFO  net.NetworkTopology (NetworkTopologyImpl.java:add(111)) - Added a new node: /rack1/a3997db8-320d-4151-9902-06bffb7c93ac
2020-05-22 21:02:21,130 [IPC Server handler 13 on default port 34379] INFO  node.SCMNodeManager (SCMNodeManager.java:register(268)) - Registered Data node : a3997db8-320d-4151-9902-06bffb7c93ac{ip: 172.17.0.2, host: b8e5eb7a950d, networkLocation: /rack1, certSerialId: null}
2020-05-22 21:02:21,130 [EventQueue-NodeRegistrationContainerReportForContainerSafeModeRule] INFO  safemode.SCMSafeModeManager (SCMSafeModeManager.java:validateSafeModeExitRules(213)) - ContainerSafeModeRule rule is successfully validated
2020-05-22 21:02:21,131 [EventQueue-NodeRegistrationContainerReportForDataNodeSafeModeRule] INFO  safemode.SCMSafeModeManager (SCMSafeModeManager.java:validateSafeModeExitRules(213)) - DataNodeSafeModeRule rule is successfully validated
2020-05-22 21:02:21,132 [RatisPipelineUtilsThread] INFO  pipeline.RatisPipelineProvider (RatisPipelineProvider.java:lambda$create$0(138)) - Sending CreatePipelineCommand for pipeline:PipelineID=a436ad64-a1c8-460c-9add-a7e35951c657 to datanode:a3997db8-320d-4151-9902-06bffb7c93ac
2020-05-22 21:02:21,132 [RatisPipelineUtilsThread] INFO  pipeline.PipelineStateManager (PipelineStateManager.java:addPipeline(54)) - Created pipeline Pipeline[ Id: a436ad64-a1c8-460c-9add-a7e35951c657, Nodes: a3997db8-320d-4151-9902-06bffb7c93ac{ip: 172.17.0.2, host: b8e5eb7a950d, networkLocation: /rack1, certSerialId: null}, Type:RATIS, Factor:ONE, State:ALLOCATED, leaderId:null, CreationTimestamp2020-05-22T21:02:21.132Z]
2020-05-22 21:02:21,134 [RatisPipelineUtilsThread] ERROR pipeline.SCMPipelineManager (SCMPipelineManager.java:createPipeline(222)) - Failed to create pipeline of type RATIS and factor ONE. Exception: Cannot create pipeline of factor 1 using 0 nodes. Used 3 nodes. Healthy nodes 3
2020-05-22 21:02:21,141 [RatisPipelineUtilsThread] INFO  pipeline.RatisPipelineProvider (RatisPipelineProvider.java:lambda$create$0(138)) - Sending CreatePipelineCommand for pipeline:PipelineID=b8bc81e2-7c38-4433-8921-f4e35192c1a7 to datanode:a3997db8-320d-4151-9902-06bffb7c93ac
2020-05-22 21:02:21,141 [RatisPipelineUtilsThread] INFO  pipeline.RatisPipelineProvider (RatisPipelineProvider.java:lambda$create$0(138)) - Sending CreatePipelineCommand for pipeline:PipelineID=b8bc81e2-7c38-4433-8921-f4e35192c1a7 to datanode:0dacf195-f99f-4186-8388-cfc458ddcf69
2020-05-22 21:02:21,141 [RatisPipelineUtilsThread] INFO  pipeline.RatisPipelineProvider (RatisPipelineProvider.java:lambda$create$0(138)) - Sending CreatePipelineCommand for pipeline:PipelineID=b8bc81e2-7c38-4433-8921-f4e35192c1a7 to datanode:2484e415-5504-40d1-8ead-c46d206deb95
2020-05-22 21:02:21,142 [RatisPipelineUtilsThread] INFO  pipeline.PipelineStateManager (PipelineStateManager.java:addPipeline(54)) - Created pipeline Pipeline[ Id: b8bc81e2-7c38-4433-8921-f4e35192c1a7, Nodes: a3997db8-320d-4151-9902-06bffb7c93ac{ip: 172.17.0.2, host: b8e5eb7a950d, networkLocation: /rack1, certSerialId: null}0dacf195-f99f-4186-8388-cfc458ddcf69{ip: 172.17.0.2, host: b8e5eb7a950d, networkLocation: /rack1, certSerialId: null}2484e415-5504-40d1-8ead-c46d206deb95{ip: 172.17.0.2, host: b8e5eb7a950d, networkLocation: /rack1, certSerialId: null}, Type:RATIS, Factor:THREE, State:ALLOCATED, leaderId:null, CreationTimestamp2020-05-22T21:02:21.141Z]
2020-05-22 21:02:21,142 [RatisPipelineUtilsThread] ERROR pipeline.SCMPipelineManager (SCMPipelineManager.java:createPipeline(222)) - Failed to create pipeline of type RATIS and factor THREE. Exception: Pipeline creation failed because nodes are engaged in other pipelines and every node can only be engaged in max 2 pipelines. Required 3. Found 0
2020-05-22 21:02:21,267 [IPC Server handler 10 on default port 34379] INFO  net.NetworkTopology (NetworkTopologyImpl.java:add(111)) - Added a new node: /rack1/f2bdfaa2-ada9-47f2-baba-68fb1582a464
2020-05-22 21:02:21,267 [IPC Server handler 10 on default port 34379] INFO  node.SCMNodeManager (SCMNodeManager.java:register(268)) - Registered Data node : f2bdfaa2-ada9-47f2-baba-68fb1582a464{ip: 172.17.0.2, host: b8e5eb7a950d, networkLocation: /rack1, certSerialId: null}
2020-05-22 21:02:21,268 [EventQueue-NodeRegistrationContainerReportForContainerSafeModeRule] INFO  safemode.SCMSafeModeManager (SCMSafeModeManager.java:validateSafeModeExitRules(213)) - ContainerSafeModeRule rule is successfully validated
2020-05-22 21:02:21,268 [EventQueue-NodeRegistrationContainerReportForDataNodeSafeModeRule] INFO  safemode.SCMSafeModeManager (SCMSafeModeManager.java:validateSafeModeExitRules(213)) - DataNodeSafeModeRule rule is successfully validated
2020-05-22 21:02:21,269 [RatisPipelineUtilsThread] INFO  pipeline.RatisPipelineProvider (RatisPipelineProvider.java:lambda$create$0(138)) - Sending CreatePipelineCommand for pipeline:PipelineID=a5171fe9-f083-4a81-8844-86233c3ad459 to datanode:f2bdfaa2-ada9-47f2-baba-68fb1582a464
2020-05-22 21:02:21,270 [RatisPipelineUtilsThread] INFO  pipeline.PipelineStateManager (PipelineStateManager.java:addPipeline(54)) - Created pipeline Pipeline[ Id: a5171fe9-f083-4a81-8844-86233c3ad459, Nodes: f2bdfaa2-ada9-47f2-baba-68fb1582a464{ip: 172.17.0.2, host: b8e5eb7a950d, networkLocation: /rack1, certSerialId: null}, Type:RATIS, Factor:ONE, State:ALLOCATED, leaderId:null, CreationTimestamp2020-05-22T21:02:21.269Z]
2020-05-22 21:02:21,271 [RatisPipelineUtilsThread] ERROR pipeline.SCMPipelineManager (SCMPipelineManager.java:createPipeline(222)) - Failed to create pipeline of type RATIS and factor ONE. Exception: Cannot create pipeline of factor 1 using 0 nodes. Used 4 nodes. Healthy nodes 4
2020-05-22 21:02:21,271 [RatisPipelineUtilsThread] ERROR pipeline.SCMPipelineManager (SCMPipelineManager.java:createPipeline(222)) - Failed to create pipeline of type RATIS and factor THREE. Exception: Pipeline creation failed because nodes are engaged in other pipelines and every node can only be engaged in max 2 pipelines. Required 3. Found 1
2020-05-22 21:02:21,373 [IPC Server handler 2 on default port 34379] INFO  net.NetworkTopology (NetworkTopologyImpl.java:add(111)) - Added a new node: /rack1/64c4e62d-3fa9-4daf-8209-3ca94e9bda72
2020-05-22 21:02:21,373 [IPC Server handler 2 on default port 34379] INFO  node.SCMNodeManager (SCMNodeManager.java:register(268)) - Registered Data node : 64c4e62d-3fa9-4daf-8209-3ca94e9bda72{ip: 172.17.0.2, host: b8e5eb7a950d, networkLocation: /rack1, certSerialId: null}
2020-05-22 21:02:21,374 [EventQueue-NodeRegistrationContainerReportForContainerSafeModeRule] INFO  safemode.SCMSafeModeManager (SCMSafeModeManager.java:validateSafeModeExitRules(213)) - ContainerSafeModeRule rule is successfully validated
2020-05-22 21:02:21,374 [EventQueue-NodeRegistrationContainerReportForDataNodeSafeModeRule] INFO  safemode.SCMSafeModeManager (SCMSafeModeManager.java:validateSafeModeExitRules(213)) - DataNodeSafeModeRule rule is successfully validated
2020-05-22 21:02:21,376 [RatisPipelineUtilsThread] INFO  pipeline.RatisPipelineProvider (RatisPipelineProvider.java:lambda$create$0(138)) - Sending CreatePipelineCommand for pipeline:PipelineID=5a7ee96e-d86e-400f-8a8a-dc62643821c4 to datanode:64c4e62d-3fa9-4daf-8209-3ca94e9bda72
2020-05-22 21:02:21,376 [RatisPipelineUtilsThread] INFO  pipeline.PipelineStateManager (PipelineStateManager.java:addPipeline(54)) - Created pipeline Pipeline[ Id: 5a7ee96e-d86e-400f-8a8a-dc62643821c4, Nodes: 64c4e62d-3fa9-4daf-8209-3ca94e9bda72{ip: 172.17.0.2, host: b8e5eb7a950d, networkLocation: /rack1, certSerialId: null}, Type:RATIS, Factor:ONE, State:ALLOCATED, leaderId:null, CreationTimestamp2020-05-22T21:02:21.375Z]
2020-05-22 21:02:21,377 [RatisPipelineUtilsThread] ERROR pipeline.SCMPipelineManager (SCMPipelineManager.java:createPipeline(222)) - Failed to create pipeline of type RATIS and factor ONE. Exception: Cannot create pipeline of factor 1 using 0 nodes. Used 5 nodes. Healthy nodes 5
2020-05-22 21:02:21,377 [RatisPipelineUtilsThread] ERROR pipeline.SCMPipelineManager (SCMPipelineManager.java:createPipeline(222)) - Failed to create pipeline of type RATIS and factor THREE. Exception: Pipeline creation failed because nodes are engaged in other pipelines and every node can only be engaged in max 2 pipelines. Required 3. Found 2
2020-05-22 21:02:21,495 [IPC Server handler 3 on default port 34379] INFO  net.NetworkTopology (NetworkTopologyImpl.java:add(111)) - Added a new node: /rack1/ca65480a-af45-4754-bab7-1cb47c27def5
2020-05-22 21:02:21,496 [IPC Server handler 3 on default port 34379] INFO  node.SCMNodeManager (SCMNodeManager.java:register(268)) - Registered Data node : ca65480a-af45-4754-bab7-1cb47c27def5{ip: 172.17.0.2, host: b8e5eb7a950d, networkLocation: /rack1, certSerialId: null}
2020-05-22 21:02:21,496 [EventQueue-NodeRegistrationContainerReportForContainerSafeModeRule] INFO  safemode.SCMSafeModeManager (SCMSafeModeManager.java:validateSafeModeExitRules(213)) - ContainerSafeModeRule rule is successfully validated
2020-05-22 21:02:21,497 [EventQueue-NodeRegistrationContainerReportForDataNodeSafeModeRule] INFO  safemode.SCMSafeModeManager (SCMSafeModeManager.java:validateSafeModeExitRules(213)) - DataNodeSafeModeRule rule is successfully validated
2020-05-22 21:02:21,497 [RatisPipelineUtilsThread] INFO  pipeline.RatisPipelineProvider (RatisPipelineProvider.java:lambda$create$0(138)) - Sending CreatePipelineCommand for pipeline:PipelineID=b7cfcb0b-af13-4a20-9f77-e6da4c78a847 to datanode:ca65480a-af45-4754-bab7-1cb47c27def5
2020-05-22 21:02:21,497 [RatisPipelineUtilsThread] INFO  pipeline.PipelineStateManager (PipelineStateManager.java:addPipeline(54)) - Created pipeline Pipeline[ Id: b7cfcb0b-af13-4a20-9f77-e6da4c78a847, Nodes: ca65480a-af45-4754-bab7-1cb47c27def5{ip: 172.17.0.2, host: b8e5eb7a950d, networkLocation: /rack1, certSerialId: null}, Type:RATIS, Factor:ONE, State:ALLOCATED, leaderId:null, CreationTimestamp2020-05-22T21:02:21.497Z]
2020-05-22 21:02:21,498 [RatisPipelineUtilsThread] ERROR pipeline.SCMPipelineManager (SCMPipelineManager.java:createPipeline(222)) - Failed to create pipeline of type RATIS and factor ONE. Exception: Cannot create pipeline of factor 1 using 0 nodes. Used 6 nodes. Healthy nodes 6
2020-05-22 21:02:21,498 [RatisPipelineUtilsThread] INFO  pipeline.RatisPipelineProvider (RatisPipelineProvider.java:lambda$create$0(138)) - Sending CreatePipelineCommand for pipeline:PipelineID=23a7bbaf-54e2-4fd9-8428-402642e6913c to datanode:f2bdfaa2-ada9-47f2-baba-68fb1582a464
2020-05-22 21:02:21,498 [RatisPipelineUtilsThread] INFO  pipeline.RatisPipelineProvider (RatisPipelineProvider.java:lambda$create$0(138)) - Sending CreatePipelineCommand for pipeline:PipelineID=23a7bbaf-54e2-4fd9-8428-402642e6913c to datanode:64c4e62d-3fa9-4daf-8209-3ca94e9bda72
2020-05-22 21:02:21,499 [RatisPipelineUtilsThread] INFO  pipeline.RatisPipelineProvider (RatisPipelineProvider.java:lambda$create$0(138)) - Sending CreatePipelineCommand for pipeline:PipelineID=23a7bbaf-54e2-4fd9-8428-402642e6913c to datanode:ca65480a-af45-4754-bab7-1cb47c27def5
2020-05-22 21:02:21,499 [RatisPipelineUtilsThread] INFO  pipeline.PipelineStateManager (PipelineStateManager.java:addPipeline(54)) - Created pipeline Pipeline[ Id: 23a7bbaf-54e2-4fd9-8428-402642e6913c, Nodes: f2bdfaa2-ada9-47f2-baba-68fb1582a464{ip: 172.17.0.2, host: b8e5eb7a950d, networkLocation: /rack1, certSerialId: null}64c4e62d-3fa9-4daf-8209-3ca94e9bda72{ip: 172.17.0.2, host: b8e5eb7a950d, networkLocation: /rack1, certSerialId: null}ca65480a-af45-4754-bab7-1cb47c27def5{ip: 172.17.0.2, host: b8e5eb7a950d, networkLocation: /rack1, certSerialId: null}, Type:RATIS, Factor:THREE, State:ALLOCATED, leaderId:null, CreationTimestamp2020-05-22T21:02:21.498Z]
2020-05-22 21:02:21,500 [RatisPipelineUtilsThread] ERROR pipeline.SCMPipelineManager (SCMPipelineManager.java:createPipeline(222)) - Failed to create pipeline of type RATIS and factor THREE. Exception: Pipeline creation failed because nodes are engaged in other pipelines and every node can only be engaged in max 2 pipelines. Required 3. Found 0
2020-05-22 21:02:21,587 [IPC Server handler 4 on default port 34379] INFO  net.NetworkTopology (NetworkTopologyImpl.java:add(111)) - Added a new node: /rack1/5abe4e47-48d4-4bed-b79b-0afa624f904e
2020-05-22 21:02:21,588 [IPC Server handler 4 on default port 34379] INFO  node.SCMNodeManager (SCMNodeManager.java:register(268)) - Registered Data node : 5abe4e47-48d4-4bed-b79b-0afa624f904e{ip: 172.17.0.2, host: b8e5eb7a950d, networkLocation: /rack1, certSerialId: null}
2020-05-22 21:02:21,589 [EventQueue-NodeRegistrationContainerReportForDataNodeSafeModeRule] INFO  safemode.SCMSafeModeManager (SCMSafeModeManager.java:validateSafeModeExitRules(213)) - DataNodeSafeModeRule rule is successfully validated
2020-05-22 21:02:21,589 [RatisPipelineUtilsThread] INFO  pipeline.RatisPipelineProvider (RatisPipelineProvider.java:lambda$create$0(138)) - Sending CreatePipelineCommand for pipeline:PipelineID=174971fc-cd7f-41f7-b560-30b89c14ba9f to datanode:5abe4e47-48d4-4bed-b79b-0afa624f904e
2020-05-22 21:02:21,589 [EventQueue-NodeRegistrationContainerReportForContainerSafeModeRule] INFO  safemode.SCMSafeModeManager (SCMSafeModeManager.java:validateSafeModeExitRules(213)) - ContainerSafeModeRule rule is successfully validated
2020-05-22 21:02:21,590 [RatisPipelineUtilsThread] INFO  pipeline.PipelineStateManager (PipelineStateManager.java:addPipeline(54)) - Created pipeline Pipeline[ Id: 174971fc-cd7f-41f7-b560-30b89c14ba9f, Nodes: 5abe4e47-48d4-4bed-b79b-0afa624f904e{ip: 172.17.0.2, host: b8e5eb7a950d, networkLocation: /rack1, certSerialId: null}, Type:RATIS, Factor:ONE, State:ALLOCATED, leaderId:null, CreationTimestamp2020-05-22T21:02:21.589Z]
2020-05-22 21:02:21,597 [RatisPipelineUtilsThread] ERROR pipeline.SCMPipelineManager (SCMPipelineManager.java:createPipeline(222)) - Failed to create pipeline of type RATIS and factor ONE. Exception: Cannot create pipeline of factor 1 using 0 nodes. Used 7 nodes. Healthy nodes 7
2020-05-22 21:02:21,602 [RatisPipelineUtilsThread] ERROR pipeline.SCMPipelineManager (SCMPipelineManager.java:createPipeline(222)) - Failed to create pipeline of type RATIS and factor THREE. Exception: Pipeline creation failed because nodes are engaged in other pipelines and every node can only be engaged in max 2 pipelines. Required 3. Found 1
2020-05-22 21:02:21,670 [IPC Server handler 16 on default port 34379] INFO  net.NetworkTopology (NetworkTopologyImpl.java:add(111)) - Added a new node: /rack1/c918de7f-ef30-4f8b-9922-6cd8c5b8891b
2020-05-22 21:02:21,671 [IPC Server handler 16 on default port 34379] INFO  node.SCMNodeManager (SCMNodeManager.java:register(268)) - Registered Data node : c918de7f-ef30-4f8b-9922-6cd8c5b8891b{ip: 172.17.0.2, host: b8e5eb7a950d, networkLocation: /rack1, certSerialId: null}
2020-05-22 21:02:21,671 [EventQueue-NodeRegistrationContainerReportForContainerSafeModeRule] INFO  safemode.SCMSafeModeManager (SCMSafeModeManager.java:validateSafeModeExitRules(213)) - ContainerSafeModeRule rule is successfully validated
2020-05-22 21:02:21,671 [EventQueue-NodeRegistrationContainerReportForDataNodeSafeModeRule] INFO  safemode.SCMSafeModeManager (SCMSafeModeManager.java:validateSafeModeExitRules(213)) - DataNodeSafeModeRule rule is successfully validated
2020-05-22 21:02:21,672 [RatisPipelineUtilsThread] INFO  pipeline.RatisPipelineProvider (RatisPipelineProvider.java:lambda$create$0(138)) - Sending CreatePipelineCommand for pipeline:PipelineID=80f3874b-c274-43c4-b801-43c2823edef0 to datanode:c918de7f-ef30-4f8b-9922-6cd8c5b8891b
2020-05-22 21:02:21,672 [RatisPipelineUtilsThread] INFO  pipeline.PipelineStateManager (PipelineStateManager.java:addPipeline(54)) - Created pipeline Pipeline[ Id: 80f3874b-c274-43c4-b801-43c2823edef0, Nodes: c918de7f-ef30-4f8b-9922-6cd8c5b8891b{ip: 172.17.0.2, host: b8e5eb7a950d, networkLocation: /rack1, certSerialId: null}, Type:RATIS, Factor:ONE, State:ALLOCATED, leaderId:null, CreationTimestamp2020-05-22T21:02:21.672Z]
2020-05-22 21:02:21,673 [RatisPipelineUtilsThread] ERROR pipeline.SCMPipelineManager (SCMPipelineManager.java:createPipeline(222)) - Failed to create pipeline of type RATIS and factor ONE. Exception: Cannot create pipeline of factor 1 using 0 nodes. Used 8 nodes. Healthy nodes 8
2020-05-22 21:02:21,673 [RatisPipelineUtilsThread] ERROR pipeline.SCMPipelineManager (SCMPipelineManager.java:createPipeline(222)) - Failed to create pipeline of type RATIS and factor THREE. Exception: Pipeline creation failed because nodes are engaged in other pipelines and every node can only be engaged in max 2 pipelines. Required 3. Found 2
2020-05-22 21:02:21,761 [IPC Server handler 15 on default port 34379] INFO  net.NetworkTopology (NetworkTopologyImpl.java:add(111)) - Added a new node: /rack1/b4cee484-4d20-4d73-ba0e-c1d545d3b234
2020-05-22 21:02:21,761 [IPC Server handler 15 on default port 34379] INFO  node.SCMNodeManager (SCMNodeManager.java:register(268)) - Registered Data node : b4cee484-4d20-4d73-ba0e-c1d545d3b234{ip: 172.17.0.2, host: b8e5eb7a950d, networkLocation: /rack1, certSerialId: null}
2020-05-22 21:02:21,762 [RatisPipelineUtilsThread] INFO  pipeline.RatisPipelineProvider (RatisPipelineProvider.java:lambda$create$0(138)) - Sending CreatePipelineCommand for pipeline:PipelineID=60dfce0d-f4e4-432d-a95e-40cb899cd2ef to datanode:b4cee484-4d20-4d73-ba0e-c1d545d3b234
2020-05-22 21:02:21,762 [RatisPipelineUtilsThread] INFO  pipeline.PipelineStateManager (PipelineStateManager.java:addPipeline(54)) - Created pipeline Pipeline[ Id: 60dfce0d-f4e4-432d-a95e-40cb899cd2ef, Nodes: b4cee484-4d20-4d73-ba0e-c1d545d3b234{ip: 172.17.0.2, host: b8e5eb7a950d, networkLocation: /rack1, certSerialId: null}, Type:RATIS, Factor:ONE, State:ALLOCATED, leaderId:null, CreationTimestamp2020-05-22T21:02:21.762Z]
2020-05-22 21:02:21,762 [EventQueue-NodeRegistrationContainerReportForContainerSafeModeRule] INFO  safemode.SCMSafeModeManager (SCMSafeModeManager.java:validateSafeModeExitRules(213)) - ContainerSafeModeRule rule is successfully validated
2020-05-22 21:02:21,762 [RatisPipelineUtilsThread] ERROR pipeline.SCMPipelineManager (SCMPipelineManager.java:createPipeline(222)) - Failed to create pipeline of type RATIS and factor ONE. Exception: Cannot create pipeline of factor 1 using 0 nodes. Used 9 nodes. Healthy nodes 9
2020-05-22 21:02:21,762 [EventQueue-NodeRegistrationContainerReportForDataNodeSafeModeRule] INFO  safemode.SCMSafeModeManager (SCMSafeModeManager.java:validateSafeModeExitRules(213)) - DataNodeSafeModeRule rule is successfully validated
2020-05-22 21:02:21,763 [RatisPipelineUtilsThread] INFO  pipeline.RatisPipelineProvider (RatisPipelineProvider.java:lambda$create$0(138)) - Sending CreatePipelineCommand for pipeline:PipelineID=70b00f91-67e1-47a3-aec0-86cfd4ff3404 to datanode:5abe4e47-48d4-4bed-b79b-0afa624f904e
2020-05-22 21:02:21,763 [RatisPipelineUtilsThread] INFO  pipeline.RatisPipelineProvider (RatisPipelineProvider.java:lambda$create$0(138)) - Sending CreatePipelineCommand for pipeline:PipelineID=70b00f91-67e1-47a3-aec0-86cfd4ff3404 to datanode:c918de7f-ef30-4f8b-9922-6cd8c5b8891b
2020-05-22 21:02:21,763 [RatisPipelineUtilsThread] INFO  pipeline.RatisPipelineProvider (RatisPipelineProvider.java:lambda$create$0(138)) - Sending CreatePipelineCommand for pipeline:PipelineID=70b00f91-67e1-47a3-aec0-86cfd4ff3404 to datanode:b4cee484-4d20-4d73-ba0e-c1d545d3b234
2020-05-22 21:02:21,763 [RatisPipelineUtilsThread] INFO  pipeline.PipelineStateManager (PipelineStateManager.java:addPipeline(54)) - Created pipeline Pipeline[ Id: 70b00f91-67e1-47a3-aec0-86cfd4ff3404, Nodes: 5abe4e47-48d4-4bed-b79b-0afa624f904e{ip: 172.17.0.2, host: b8e5eb7a950d, networkLocation: /rack1, certSerialId: null}c918de7f-ef30-4f8b-9922-6cd8c5b8891b{ip: 172.17.0.2, host: b8e5eb7a950d, networkLocation: /rack1, certSerialId: null}b4cee484-4d20-4d73-ba0e-c1d545d3b234{ip: 172.17.0.2, host: b8e5eb7a950d, networkLocation: /rack1, certSerialId: null}, Type:RATIS, Factor:THREE, State:ALLOCATED, leaderId:null, CreationTimestamp2020-05-22T21:02:21.763Z]
2020-05-22 21:02:21,764 [RatisPipelineUtilsThread] ERROR pipeline.SCMPipelineManager (SCMPipelineManager.java:createPipeline(222)) - Failed to create pipeline of type RATIS and factor THREE. Exception: Pipeline creation failed because nodes are engaged in other pipelines and every node can only be engaged in max 2 pipelines. Required 3. Found 0
2020-05-22 21:02:21,843 [Listener at 127.0.0.1/42845] INFO  ozone.MiniOzoneClusterImpl (MiniOzoneClusterImpl.java:lambda$waitForClusterToBeReady$0(177)) - Waiting for nodes to be ready. Got 9 of 10 DN Heartbeats.
2020-05-22 21:02:21,845 [Listener at 127.0.0.1/42845] INFO  ozone.MiniOzoneClusterImpl (MiniOzoneClusterImpl.java:lambda$waitForClusterToBeReady$0(180)) - Waiting for cluster to exit safe mode
2020-05-22 21:02:21,852 [IPC Server handler 12 on default port 34379] INFO  net.NetworkTopology (NetworkTopologyImpl.java:add(111)) - Added a new node: /rack1/cb956d13-5fe9-4a78-95a3-e5a7b9d83e98
2020-05-22 21:02:21,852 [IPC Server handler 12 on default port 34379] INFO  node.SCMNodeManager (SCMNodeManager.java:register(268)) - Registered Data node : cb956d13-5fe9-4a78-95a3-e5a7b9d83e98{ip: 172.17.0.2, host: b8e5eb7a950d, networkLocation: /rack1, certSerialId: null}
2020-05-22 21:02:21,853 [EventQueue-NodeRegistrationContainerReportForContainerSafeModeRule] INFO  safemode.SCMSafeModeManager (SCMSafeModeManager.java:validateSafeModeExitRules(213)) - ContainerSafeModeRule rule is successfully validated
2020-05-22 21:02:21,853 [EventQueue-NodeRegistrationContainerReportForDataNodeSafeModeRule] INFO  safemode.SCMSafeModeManager (SCMSafeModeManager.java:validateSafeModeExitRules(213)) - DataNodeSafeModeRule rule is successfully validated
2020-05-22 21:02:21,854 [RatisPipelineUtilsThread] INFO  pipeline.RatisPipelineProvider (RatisPipelineProvider.java:lambda$create$0(138)) - Sending CreatePipelineCommand for pipeline:PipelineID=fb39f0e4-a276-4eac-8ddf-1a9806c07aef to datanode:cb956d13-5fe9-4a78-95a3-e5a7b9d83e98
2020-05-22 21:02:21,854 [RatisPipelineUtilsThread] INFO  pipeline.PipelineStateManager (PipelineStateManager.java:addPipeline(54)) - Created pipeline Pipeline[ Id: fb39f0e4-a276-4eac-8ddf-1a9806c07aef, Nodes: cb956d13-5fe9-4a78-95a3-e5a7b9d83e98{ip: 172.17.0.2, host: b8e5eb7a950d, networkLocation: /rack1, certSerialId: null}, Type:RATIS, Factor:ONE, State:ALLOCATED, leaderId:null, CreationTimestamp2020-05-22T21:02:21.854Z]
2020-05-22 21:02:21,855 [RatisPipelineUtilsThread] ERROR pipeline.SCMPipelineManager (SCMPipelineManager.java:createPipeline(222)) - Failed to create pipeline of type RATIS and factor ONE. Exception: Cannot create pipeline of factor 1 using 0 nodes. Used 10 nodes. Healthy nodes 10
2020-05-22 21:02:21,855 [RatisPipelineUtilsThread] ERROR pipeline.SCMPipelineManager (SCMPipelineManager.java:createPipeline(222)) - Failed to create pipeline of type RATIS and factor THREE. Exception: Pipeline creation failed because nodes are engaged in other pipelines and every node can only be engaged in max 2 pipelines. Required 3. Found 1
2020-05-22 21:02:22,845 [Listener at 127.0.0.1/42845] INFO  ozone.MiniOzoneClusterImpl (MiniOzoneClusterImpl.java:lambda$waitForClusterToBeReady$0(177)) - Nodes are ready. Got 10 of 10 DN Heartbeats.
2020-05-22 21:02:22,845 [Listener at 127.0.0.1/42845] INFO  ozone.MiniOzoneClusterImpl (MiniOzoneClusterImpl.java:lambda$waitForClusterToBeReady$0(180)) - Waiting for cluster to exit safe mode
2020-05-22 21:02:23,844 [Command processor thread] INFO  impl.RaftServerProxy (RaftServerProxy.java:addNew(89)) - 0dacf195-f99f-4186-8388-cfc458ddcf69: addNew group-699C23C84BC7:[0dacf195-f99f-4186-8388-cfc458ddcf69:172.17.0.2:40519] returns group-699C23C84BC7:java.util.concurrent.CompletableFuture@2a29e301[Not completed]
2020-05-22 21:02:23,845 [Listener at 127.0.0.1/42845] INFO  ozone.MiniOzoneClusterImpl (MiniOzoneClusterImpl.java:lambda$waitForClusterToBeReady$0(177)) - Nodes are ready. Got 10 of 10 DN Heartbeats.
2020-05-22 21:02:23,845 [Listener at 127.0.0.1/42845] INFO  ozone.MiniOzoneClusterImpl (MiniOzoneClusterImpl.java:lambda$waitForClusterToBeReady$0(180)) - Waiting for cluster to exit safe mode
2020-05-22 21:02:23,928 [pool-36-thread-1] INFO  impl.RaftServerImpl (RaftServerImpl.java:<init>(98)) - 0dacf195-f99f-4186-8388-cfc458ddcf69: new RaftServerImpl for group-699C23C84BC7:[0dacf195-f99f-4186-8388-cfc458ddcf69:172.17.0.2:40519] with ContainerStateMachine:uninitialized
2020-05-22 21:02:23,930 [pool-36-thread-1] INFO  server.RaftServerConfigKeys (ConfUtils.java:logGet(44)) - raft.server.rpc.timeout.min = 1s (custom)
2020-05-22 21:02:23,931 [pool-36-thread-1] INFO  server.RaftServerConfigKeys (ConfUtils.java:logGet(44)) - raft.server.rpc.timeout.max = 1200ms (custom)
2020-05-22 21:02:23,931 [pool-36-thread-1] INFO  server.RaftServerConfigKeys (ConfUtils.java:logGet(44)) - raft.server.rpcslowness.timeout = 300s (custom)
2020-05-22 21:02:23,932 [pool-36-thread-1] INFO  server.RaftServerConfigKeys (ConfUtils.java:logGet(44)) - raft.server.sleep.deviation.threshold = 300 (default)
2020-05-22 21:02:23,932 [pool-36-thread-1] INFO  server.RaftServerConfigKeys (ConfUtils.java:logGet(44)) - raft.server.log.appender.install.snapshot.enabled = false (custom)
2020-05-22 21:02:23,942 [pool-36-thread-1] INFO  impl.RaftServerImpl (ServerState.java:<init>(103)) - 0dacf195-f99f-4186-8388-cfc458ddcf69@group-699C23C84BC7: ConfigurationManager, init=-1: [0dacf195-f99f-4186-8388-cfc458ddcf69:172.17.0.2:40519], old=null, confs=<EMPTY_MAP>
2020-05-22 21:02:23,942 [pool-36-thread-1] INFO  server.RaftServerConfigKeys (ConfUtils.java:logGet(44)) - raft.server.storage.dir = [/github/workspace/mnt/ozone/hadoop-ozone/integration-test/target/test-dir/MiniOzoneClusterImpl-aeaef343-8586-4703-af18-3341d148064c/datanode-0/data/ratis] (custom)
2020-05-22 21:02:23,969 [pool-36-thread-1] INFO  server.RaftServerConfigKeys (ConfUtils.java:logGet(44)) - raft.server.log.corruption.policy = EXCEPTION (default)
2020-05-22 21:02:23,972 [pool-36-thread-1] INFO  storage.RaftStorageDirectory (RaftStorageDirectory.java:analyzeStorage(261)) - The storage directory /github/workspace/mnt/ozone/hadoop-ozone/integration-test/target/test-dir/MiniOzoneClusterImpl-aeaef343-8586-4703-af18-3341d148064c/datanode-0/data/ratis/6da93f0f-9b2f-42c3-8636-699c23c84bc7 does not exist. Creating ...
2020-05-22 21:02:23,985 [pool-36-thread-1] INFO  storage.RaftStorageDirectory (RaftStorageDirectory.java:tryLock(343)) - Lock on /github/workspace/mnt/ozone/hadoop-ozone/integration-test/target/test-dir/MiniOzoneClusterImpl-aeaef343-8586-4703-af18-3341d148064c/datanode-0/data/ratis/6da93f0f-9b2f-42c3-8636-699c23c84bc7/in_use.lock acquired by nodename 8821@b8e5eb7a950d
2020-05-22 21:02:23,992 [pool-36-thread-1] INFO  storage.RaftStorage (RaftStorage.java:format(84)) - Storage directory /github/workspace/mnt/ozone/hadoop-ozone/integration-test/target/test-dir/MiniOzoneClusterImpl-aeaef343-8586-4703-af18-3341d148064c/datanode-0/data/ratis/6da93f0f-9b2f-42c3-8636-699c23c84bc7 has been successfully formatted.
2020-05-22 21:02:23,999 [Command processor thread] INFO  impl.RaftServerProxy (RaftServerProxy.java:addNew(89)) - 2484e415-5504-40d1-8ead-c46d206deb95: addNew group-D2655063A47B:[2484e415-5504-40d1-8ead-c46d206deb95:172.17.0.2:45739] returns group-D2655063A47B:java.util.concurrent.CompletableFuture@6d084aab[Not completed]
2020-05-22 21:02:24,005 [pool-36-thread-1] INFO  ratis.ContainerStateMachine (ContainerStateMachine.java:loadSnapshot(226)) - group-699C23C84BC7: The snapshot info is null. Setting the last applied indexto:(t:0, i:~)
2020-05-22 21:02:24,007 [pool-36-thread-1] INFO  server.RaftServerConfigKeys (ConfUtils.java:logGet(44)) - raft.server.notification.no-leader.timeout = 60s (default)
2020-05-22 21:02:24,009 [pool-36-thread-1] INFO  server.RaftServerConfigKeys (ConfUtils.java:logGet(44)) - raft.server.log.use.memory = false (default)
2020-05-22 21:02:24,017 [pool-52-thread-1] INFO  impl.RaftServerImpl (RaftServerImpl.java:<init>(98)) - 2484e415-5504-40d1-8ead-c46d206deb95: new RaftServerImpl for group-D2655063A47B:[2484e415-5504-40d1-8ead-c46d206deb95:172.17.0.2:45739] with ContainerStateMachine:uninitialized
2020-05-22 21:02:24,029 [pool-52-thread-1] INFO  server.RaftServerConfigKeys (ConfUtils.java:logGet(44)) - raft.server.rpc.timeout.min = 1s (custom)
2020-05-22 21:02:24,029 [pool-52-thread-1] INFO  server.RaftServerConfigKeys (ConfUtils.java:logGet(44)) - raft.server.rpc.timeout.max = 1200ms (custom)
2020-05-22 21:02:24,029 [pool-52-thread-1] INFO  server.RaftServerConfigKeys (ConfUtils.java:logGet(44)) - raft.server.rpcslowness.timeout = 300s (custom)
2020-05-22 21:02:24,029 [pool-52-thread-1] INFO  server.RaftServerConfigKeys (ConfUtils.java:logGet(44)) - raft.server.sleep.deviation.threshold = 300 (default)
2020-05-22 21:02:24,029 [pool-52-thread-1] INFO  server.RaftServerConfigKeys (ConfUtils.java:logGet(44)) - raft.server.log.appender.install.snapshot.enabled = false (custom)
2020-05-22 21:02:24,029 [pool-52-thread-1] INFO  impl.RaftServerImpl (ServerState.java:<init>(103)) - 2484e415-5504-40d1-8ead-c46d206deb95@group-D2655063A47B: ConfigurationManager, init=-1: [2484e415-5504-40d1-8ead-c46d206deb95:172.17.0.2:45739], old=null, confs=<EMPTY_MAP>
2020-05-22 21:02:24,029 [pool-52-thread-1] INFO  server.RaftServerConfigKeys (ConfUtils.java:logGet(44)) - raft.server.storage.dir = [/github/workspace/mnt/ozone/hadoop-ozone/integration-test/target/test-dir/MiniOzoneClusterImpl-aeaef343-8586-4703-af18-3341d148064c/datanode-1/data/ratis] (custom)
2020-05-22 21:02:24,029 [pool-52-thread-1] INFO  server.RaftServerConfigKeys (ConfUtils.java:logGet(44)) - raft.server.log.corruption.policy = EXCEPTION (default)
2020-05-22 21:02:24,031 [pool-36-thread-1] INFO  server.RaftServerConfigKeys (ConfUtils.java:logGet(44)) - raft.server.log.purge.gap = 1000000 (custom)
2020-05-22 21:02:24,033 [pool-36-thread-1] INFO  server.RaftServerConfigKeys (ConfUtils.java:logGet(44)) - raft.server.log.appender.buffer.byte-limit = 33554432 (custom)
2020-05-22 21:02:24,035 [pool-36-thread-1] INFO  server.RaftServerConfigKeys (ConfUtils.java:logGet(44)) - raft.server.log.segment.size.max = 1048576 (custom)
2020-05-22 21:02:24,030 [pool-52-thread-1] INFO  storage.RaftStorageDirectory (RaftStorageDirectory.java:analyzeStorage(261)) - The storage directory /github/workspace/mnt/ozone/hadoop-ozone/integration-test/target/test-dir/MiniOzoneClusterImpl-aeaef343-8586-4703-af18-3341d148064c/datanode-1/data/ratis/7930d286-e56a-48d5-a383-d2655063a47b does not exist. Creating ...
2020-05-22 21:02:24,043 [pool-52-thread-1] INFO  storage.RaftStorageDirectory (RaftStorageDirectory.java:tryLock(343)) - Lock on /github/workspace/mnt/ozone/hadoop-ozone/integration-test/target/test-dir/MiniOzoneClusterImpl-aeaef343-8586-4703-af18-3341d148064c/datanode-1/data/ratis/7930d286-e56a-48d5-a383-d2655063a47b/in_use.lock acquired by nodename 8821@b8e5eb7a950d
2020-05-22 21:02:24,044 [pool-52-thread-1] INFO  storage.RaftStorage (RaftStorage.java:format(84)) - Storage directory /github/workspace/mnt/ozone/hadoop-ozone/integration-test/target/test-dir/MiniOzoneClusterImpl-aeaef343-8586-4703-af18-3341d148064c/datanode-1/data/ratis/7930d286-e56a-48d5-a383-d2655063a47b has been successfully formatted.
2020-05-22 21:02:24,045 [pool-52-thread-1] INFO  ratis.ContainerStateMachine (ContainerStateMachine.java:loadSnapshot(226)) - group-D2655063A47B: The snapshot info is null. Setting the last applied indexto:(t:0, i:~)
2020-05-22 21:02:24,046 [pool-52-thread-1] INFO  server.RaftServerConfigKeys (ConfUtils.java:logGet(44)) - raft.server.notification.no-leader.timeout = 60s (default)
2020-05-22 21:02:24,046 [pool-52-thread-1] INFO  server.RaftServerConfigKeys (ConfUtils.java:logGet(44)) - raft.server.log.use.memory = false (default)
2020-05-22 21:02:24,046 [pool-52-thread-1] INFO  server.RaftServerConfigKeys (ConfUtils.java:logGet(44)) - raft.server.log.purge.gap = 1000000 (custom)
2020-05-22 21:02:24,046 [pool-52-thread-1] INFO  server.RaftServerConfigKeys (ConfUtils.java:logGet(44)) - raft.server.log.appender.buffer.byte-limit = 33554432 (custom)
2020-05-22 21:02:24,046 [pool-52-thread-1] INFO  server.RaftServerConfigKeys (ConfUtils.java:logGet(44)) - raft.server.log.segment.size.max = 1048576 (custom)
2020-05-22 21:02:24,047 [EventQueue-PipelineReportForPipelineReportHandler] INFO  pipeline.PipelineStateManager (PipelineStateManager.java:openPipeline(131)) - Pipeline Pipeline[ Id: 6da93f0f-9b2f-42c3-8636-699c23c84bc7, Nodes: 0dacf195-f99f-4186-8388-cfc458ddcf69{ip: 172.17.0.2, host: b8e5eb7a950d, networkLocation: /rack1, certSerialId: null}, Type:RATIS, Factor:ONE, State:ALLOCATED, leaderId:0dacf195-f99f-4186-8388-cfc458ddcf69, CreationTimestamp2020-05-22T21:02:20.813Z] moved to OPEN state
2020-05-22 21:02:24,055 [EventQueue-OpenPipelineForOneReplicaPipelineSafeModeRule] INFO  safemode.SCMSafeModeManager (SCMSafeModeManager.java:validateSafeModeExitRules(213)) - AtleastOneDatanodeReportedRule rule is successfully validated
2020-05-22 21:02:24,056 [pool-52-thread-1] INFO  metrics.RatisMetrics (RatisMetrics.java:lambda$create$0(39)) - Creating Metrics Registry : ratis.log_worker.2484e415-5504-40d1-8ead-c46d206deb95
2020-05-22 21:02:24,057 [pool-36-thread-1] INFO  metrics.RatisMetrics (RatisMetrics.java:lambda$create$0(39)) - Creating Metrics Registry : ratis.log_worker.0dacf195-f99f-4186-8388-cfc458ddcf69
2020-05-22 21:02:24,060 [EventQueue-PipelineReportForPipelineReportHandler] INFO  pipeline.PipelineStateManager (PipelineStateManager.java:openPipeline(131)) - Pipeline Pipeline[ Id: 7930d286-e56a-48d5-a383-d2655063a47b, Nodes: 2484e415-5504-40d1-8ead-c46d206deb95{ip: 172.17.0.2, host: b8e5eb7a950d, networkLocation: /rack1, certSerialId: null}, Type:RATIS, Factor:ONE, State:ALLOCATED, leaderId:2484e415-5504-40d1-8ead-c46d206deb95, CreationTimestamp2020-05-22T21:02:20.991Z] moved to OPEN state
2020-05-22 21:02:24,061 [EventQueue-OpenPipelineForOneReplicaPipelineSafeModeRule] INFO  safemode.SCMSafeModeManager (SCMSafeModeManager.java:validateSafeModeExitRules(213)) - AtleastOneDatanodeReportedRule rule is successfully validated
2020-05-22 21:02:24,062 [EventQueue-OpenPipelineForHealthyPipelineSafeModeRule] INFO  safemode.SCMSafeModeManager (HealthyPipelineSafeModeRule.java:process(132)) - SCM in safe mode. Healthy pipelines reported count is 0, required healthy pipeline reported count is 1
2020-05-22 21:02:24,065 [EventQueue-OpenPipelineForHealthyPipelineSafeModeRule] INFO  safemode.SCMSafeModeManager (HealthyPipelineSafeModeRule.java:process(132)) - SCM in safe mode. Healthy pipelines reported count is 0, required healthy pipeline reported count is 1
2020-05-22 21:02:24,077 [pool-36-thread-1] INFO  server.RaftServerConfigKeys (ConfUtils.java:logGet(44)) - raft.server.log.segment.cache.num.max = 2 (custom)
2020-05-22 21:02:24,085 [pool-52-thread-1] INFO  server.RaftServerConfigKeys (ConfUtils.java:logGet(44)) - raft.server.log.segment.cache.num.max = 2 (custom)
2020-05-22 21:02:24,090 [pool-52-thread-1] INFO  segmented.SegmentedRaftLogWorker (SegmentedRaftLogWorker.java:<init>(176)) - new 2484e415-5504-40d1-8ead-c46d206deb95@group-D2655063A47B-SegmentedRaftLogWorker for RaftStorage:Storage Directory /github/workspace/mnt/ozone/hadoop-ozone/integration-test/target/test-dir/MiniOzoneClusterImpl-aeaef343-8586-4703-af18-3341d148064c/datanode-1/data/ratis/7930d286-e56a-48d5-a383-d2655063a47b
2020-05-22 21:02:24,090 [pool-36-thread-1] INFO  segmented.SegmentedRaftLogWorker (SegmentedRaftLogWorker.java:<init>(176)) - new 0dacf195-f99f-4186-8388-cfc458ddcf69@group-699C23C84BC7-SegmentedRaftLogWorker for RaftStorage:Storage Directory /github/workspace/mnt/ozone/hadoop-ozone/integration-test/target/test-dir/MiniOzoneClusterImpl-aeaef343-8586-4703-af18-3341d148064c/datanode-0/data/ratis/6da93f0f-9b2f-42c3-8636-699c23c84bc7
2020-05-22 21:02:24,091 [pool-52-thread-1] INFO  server.RaftServerConfigKeys (ConfUtils.java:logGet(44)) - raft.server.log.queue.byte-limit = 2147483647 (custom)
2020-05-22 21:02:24,091 [pool-36-thread-1] INFO  server.RaftServerConfigKeys (ConfUtils.java:logGet(44)) - raft.server.log.queue.byte-limit = 2147483647 (custom)
2020-05-22 21:02:24,091 [pool-52-thread-1] INFO  server.RaftServerConfigKeys (ConfUtils.java:logGet(44)) - raft.server.log.queue.element-limit = 1024 (custom)
2020-05-22 21:02:24,092 [pool-52-thread-1] INFO  server.RaftServerConfigKeys (ConfUtils.java:logGet(44)) - raft.server.log.segment.size.max = 1048576 (custom)
2020-05-22 21:02:24,093 [pool-52-thread-1] INFO  server.RaftServerConfigKeys (ConfUtils.java:logGet(44)) - raft.server.log.preallocated.size = 16384 (custom)
2020-05-22 21:02:24,093 [pool-52-thread-1] INFO  server.RaftServerConfigKeys (ConfUtils.java:logGet(44)) - raft.server.log.write.buffer.size = 1048576 (custom)
2020-05-22 21:02:24,093 [pool-52-thread-1] INFO  server.RaftServerConfigKeys (ConfUtils.java:logGet(44)) - raft.server.log.force.sync.num = 128 (default)
2020-05-22 21:02:24,091 [pool-36-thread-1] INFO  server.RaftServerConfigKeys (ConfUtils.java:logGet(44)) - raft.server.log.queue.element-limit = 1024 (custom)
2020-05-22 21:02:24,097 [pool-36-thread-1] INFO  server.RaftServerConfigKeys (ConfUtils.java:logGet(44)) - raft.server.log.segment.size.max = 1048576 (custom)
2020-05-22 21:02:24,097 [pool-36-thread-1] INFO  server.RaftServerConfigKeys (ConfUtils.java:logGet(44)) - raft.server.log.preallocated.size = 16384 (custom)
2020-05-22 21:02:24,097 [pool-36-thread-1] INFO  server.RaftServerConfigKeys (ConfUtils.java:logGet(44)) - raft.server.log.write.buffer.size = 1048576 (custom)
2020-05-22 21:02:24,097 [pool-36-thread-1] INFO  server.RaftServerConfigKeys (ConfUtils.java:logGet(44)) - raft.server.log.force.sync.num = 128 (default)
2020-05-22 21:02:24,098 [pool-36-thread-1] INFO  server.RaftServerConfigKeys (ConfUtils.java:logGet(44)) - raft.server.log.statemachine.data.sync = true (default)
2020-05-22 21:02:24,098 [pool-36-thread-1] INFO  server.RaftServerConfigKeys (ConfUtils.java:logGet(44)) - raft.server.log.statemachine.data.sync.timeout = 10s (default)
2020-05-22 21:02:24,098 [pool-36-thread-1] INFO  server.RaftServerConfigKeys (ConfUtils.java:logGet(44)) - raft.server.log.statemachine.data.sync.timeout.retry = -1 (default)
2020-05-22 21:02:24,101 [pool-52-thread-1] INFO  server.RaftServerConfigKeys (ConfUtils.java:logGet(44)) - raft.server.log.statemachine.data.sync = true (default)
2020-05-22 21:02:24,101 [pool-52-thread-1] INFO  server.RaftServerConfigKeys (ConfUtils.java:logGet(44)) - raft.server.log.statemachine.data.sync.timeout = 10s (default)
2020-05-22 21:02:24,101 [pool-52-thread-1] INFO  server.RaftServerConfigKeys (ConfUtils.java:logGet(44)) - raft.server.log.statemachine.data.sync.timeout.retry = -1 (default)
2020-05-22 21:02:24,122 [pool-52-thread-1] INFO  server.RaftServerConfigKeys (ConfUtils.java:logGet(44)) - raft.server.log.statemachine.data.caching.enabled = true (custom)
2020-05-22 21:02:24,127 [pool-52-thread-1] INFO  segmented.SegmentedRaftLogWorker (SegmentedRaftLogWorker.java:lambda$new$0(129)) - 2484e415-5504-40d1-8ead-c46d206deb95@group-D2655063A47B-SegmentedRaftLogWorker: flushIndex: setUnconditionally 0 -> -1
2020-05-22 21:02:24,129 [Command processor thread] INFO  impl.RaftServerProxy (RaftServerProxy.java:addNew(89)) - a3997db8-320d-4151-9902-06bffb7c93ac: addNew group-A7E35951C657:[a3997db8-320d-4151-9902-06bffb7c93ac:172.17.0.2:38093] returns group-A7E35951C657:java.util.concurrent.CompletableFuture@29d91210[Not completed]
2020-05-22 21:02:24,129 [pool-36-thread-1] INFO  server.RaftServerConfigKeys (ConfUtils.java:logGet(44)) - raft.server.log.statemachine.data.caching.enabled = true (custom)
2020-05-22 21:02:24,130 [pool-36-thread-1] INFO  segmented.SegmentedRaftLogWorker (SegmentedRaftLogWorker.java:lambda$new$0(129)) - 0dacf195-f99f-4186-8388-cfc458ddcf69@group-699C23C84BC7-SegmentedRaftLogWorker: flushIndex: setUnconditionally 0 -> -1
2020-05-22 21:02:24,145 [pool-52-thread-1] INFO  server.RaftServerConfigKeys (ConfUtils.java:logGet(44)) - raft.server.snapshot.auto.trigger.enabled = true (custom)
2020-05-22 21:02:24,146 [pool-52-thread-1] INFO  server.RaftServerConfigKeys (ConfUtils.java:logGet(44)) - raft.server.snapshot.auto.trigger.threshold = 10000 (custom)
2020-05-22 21:02:24,146 [pool-52-thread-1] INFO  server.RaftServerConfigKeys (ConfUtils.java:logGet(44)) - raft.server.snapshot.retention.file.num = 5 (custom)
2020-05-22 21:02:24,147 [pool-52-thread-1] INFO  server.RaftServerConfigKeys (ConfUtils.java:logGet(44)) - raft.server.log.purge.upto.snapshot.index = false (default)
2020-05-22 21:02:24,147 [pool-36-thread-1] INFO  server.RaftServerConfigKeys (ConfUtils.java:logGet(44)) - raft.server.snapshot.auto.trigger.enabled = true (custom)
2020-05-22 21:02:24,148 [pool-36-thread-1] INFO  server.RaftServerConfigKeys (ConfUtils.java:logGet(44)) - raft.server.snapshot.auto.trigger.threshold = 10000 (custom)
2020-05-22 21:02:24,148 [pool-36-thread-1] INFO  server.RaftServerConfigKeys (ConfUtils.java:logGet(44)) - raft.server.snapshot.retention.file.num = 5 (custom)
2020-05-22 21:02:24,148 [pool-36-thread-1] INFO  server.RaftServerConfigKeys (ConfUtils.java:logGet(44)) - raft.server.log.purge.upto.snapshot.index = false (default)
2020-05-22 21:02:24,148 [pool-36-thread-1] INFO  server.RaftServerConfigKeys (ConfUtils.java:logGet(44)) - raft.server.retrycache.expirytime = 600000ms (custom)
2020-05-22 21:02:24,163 [pool-52-thread-1] INFO  server.RaftServerConfigKeys (ConfUtils.java:logGet(44)) - raft.server.retrycache.expirytime = 600000ms (custom)
2020-05-22 21:02:24,166 [pool-68-thread-1] INFO  impl.RaftServerImpl (RaftServerImpl.java:<init>(98)) - a3997db8-320d-4151-9902-06bffb7c93ac: new RaftServerImpl for group-A7E35951C657:[a3997db8-320d-4151-9902-06bffb7c93ac:172.17.0.2:38093] with ContainerStateMachine:uninitialized
2020-05-22 21:02:24,168 [pool-68-thread-1] INFO  server.RaftServerConfigKeys (ConfUtils.java:logGet(44)) - raft.server.rpc.timeout.min = 1s (custom)
2020-05-22 21:02:24,168 [pool-68-thread-1] INFO  server.RaftServerConfigKeys (ConfUtils.java:logGet(44)) - raft.server.rpc.timeout.max = 1200ms (custom)
2020-05-22 21:02:24,168 [pool-68-thread-1] INFO  server.RaftServerConfigKeys (ConfUtils.java:logGet(44)) - raft.server.rpcslowness.timeout = 300s (custom)
2020-05-22 21:02:24,168 [pool-68-thread-1] INFO  server.RaftServerConfigKeys (ConfUtils.java:logGet(44)) - raft.server.sleep.deviation.threshold = 300 (default)
2020-05-22 21:02:24,168 [pool-68-thread-1] INFO  server.RaftServerConfigKeys (ConfUtils.java:logGet(44)) - raft.server.log.appender.install.snapshot.enabled = false (custom)
2020-05-22 21:02:24,168 [pool-68-thread-1] INFO  impl.RaftServerImpl (ServerState.java:<init>(103)) - a3997db8-320d-4151-9902-06bffb7c93ac@group-A7E35951C657: ConfigurationManager, init=-1: [a3997db8-320d-4151-9902-06bffb7c93ac:172.17.0.2:38093], old=null, confs=<EMPTY_MAP>
2020-05-22 21:02:24,169 [pool-68-thread-1] INFO  server.RaftServerConfigKeys (ConfUtils.java:logGet(44)) - raft.server.storage.dir = [/github/workspace/mnt/ozone/hadoop-ozone/integration-test/target/test-dir/MiniOzoneClusterImpl-aeaef343-8586-4703-af18-3341d148064c/datanode-2/data/ratis] (custom)
2020-05-22 21:02:24,169 [pool-68-thread-1] INFO  server.RaftServerConfigKeys (ConfUtils.java:logGet(44)) - raft.server.log.corruption.policy = EXCEPTION (default)
2020-05-22 21:02:24,169 [pool-68-thread-1] INFO  storage.RaftStorageDirectory (RaftStorageDirectory.java:analyzeStorage(261)) - The storage directory /github/workspace/mnt/ozone/hadoop-ozone/integration-test/target/test-dir/MiniOzoneClusterImpl-aeaef343-8586-4703-af18-3341d148064c/datanode-2/data/ratis/a436ad64-a1c8-460c-9add-a7e35951c657 does not exist. Creating ...
2020-05-22 21:02:24,173 [pool-68-thread-1] INFO  storage.RaftStorageDirectory (RaftStorageDirectory.java:tryLock(343)) - Lock on /github/workspace/mnt/ozone/hadoop-ozone/integration-test/target/test-dir/MiniOzoneClusterImpl-aeaef343-8586-4703-af18-3341d148064c/datanode-2/data/ratis/a436ad64-a1c8-460c-9add-a7e35951c657/in_use.lock acquired by nodename 8821@b8e5eb7a950d
2020-05-22 21:02:24,181 [pool-68-thread-1] INFO  storage.RaftStorage (RaftStorage.java:format(84)) - Storage directory /github/workspace/mnt/ozone/hadoop-ozone/integration-test/target/test-dir/MiniOzoneClusterImpl-aeaef343-8586-4703-af18-3341d148064c/datanode-2/data/ratis/a436ad64-a1c8-460c-9add-a7e35951c657 has been successfully formatted.
2020-05-22 21:02:24,197 [pool-68-thread-1] INFO  ratis.ContainerStateMachine (ContainerStateMachine.java:loadSnapshot(226)) - group-A7E35951C657: The snapshot info is null. Setting the last applied indexto:(t:0, i:~)
2020-05-22 21:02:24,197 [pool-68-thread-1] INFO  server.RaftServerConfigKeys (ConfUtils.java:logGet(44)) - raft.server.notification.no-leader.timeout = 60s (default)
2020-05-22 21:02:24,197 [pool-68-thread-1] INFO  server.RaftServerConfigKeys (ConfUtils.java:logGet(44)) - raft.server.log.use.memory = false (default)
2020-05-22 21:02:24,197 [pool-68-thread-1] INFO  server.RaftServerConfigKeys (ConfUtils.java:logGet(44)) - raft.server.log.purge.gap = 1000000 (custom)
2020-05-22 21:02:24,197 [pool-68-thread-1] INFO  server.RaftServerConfigKeys (ConfUtils.java:logGet(44)) - raft.server.log.appender.buffer.byte-limit = 33554432 (custom)
2020-05-22 21:02:24,197 [pool-68-thread-1] INFO  server.RaftServerConfigKeys (ConfUtils.java:logGet(44)) - raft.server.log.segment.size.max = 1048576 (custom)
2020-05-22 21:02:24,197 [pool-68-thread-1] INFO  metrics.RatisMetrics (RatisMetrics.java:lambda$create$0(39)) - Creating Metrics Registry : ratis.log_worker.a3997db8-320d-4151-9902-06bffb7c93ac
2020-05-22 21:02:24,198 [pool-68-thread-1] INFO  server.RaftServerConfigKeys (ConfUtils.java:logGet(44)) - raft.server.log.segment.cache.num.max = 2 (custom)
2020-05-22 21:02:24,198 [pool-68-thread-1] INFO  segmented.SegmentedRaftLogWorker (SegmentedRaftLogWorker.java:<init>(176)) - new a3997db8-320d-4151-9902-06bffb7c93ac@group-A7E35951C657-SegmentedRaftLogWorker for RaftStorage:Storage Directory /github/workspace/mnt/ozone/hadoop-ozone/integration-test/target/test-dir/MiniOzoneClusterImpl-aeaef343-8586-4703-af18-3341d148064c/datanode-2/data/ratis/a436ad64-a1c8-460c-9add-a7e35951c657
2020-05-22 21:02:24,198 [pool-68-thread-1] INFO  server.RaftServerConfigKeys (ConfUtils.java:logGet(44)) - raft.server.log.queue.byte-limit = 2147483647 (custom)
2020-05-22 21:02:24,198 [pool-68-thread-1] INFO  server.RaftServerConfigKeys (ConfUtils.java:logGet(44)) - raft.server.log.queue.element-limit = 1024 (custom)
2020-05-22 21:02:24,198 [pool-68-thread-1] INFO  server.RaftServerConfigKeys (ConfUtils.java:logGet(44)) - raft.server.log.segment.size.max = 1048576 (custom)
2020-05-22 21:02:24,198 [pool-68-thread-1] INFO  server.RaftServerConfigKeys (ConfUtils.java:logGet(44)) - raft.server.log.preallocated.size = 16384 (custom)
2020-05-22 21:02:24,198 [pool-68-thread-1] INFO  server.RaftServerConfigKeys (ConfUtils.java:logGet(44)) - raft.server.log.write.buffer.size = 1048576 (custom)
2020-05-22 21:02:24,198 [pool-68-thread-1] INFO  server.RaftServerConfigKeys (ConfUtils.java:logGet(44)) - raft.server.log.force.sync.num = 128 (default)
2020-05-22 21:02:24,198 [pool-68-thread-1] INFO  server.RaftServerConfigKeys (ConfUtils.java:logGet(44)) - raft.server.log.statemachine.data.sync = true (default)
2020-05-22 21:02:24,198 [pool-68-thread-1] INFO  server.RaftServerConfigKeys (ConfUtils.java:logGet(44)) - raft.server.log.statemachine.data.sync.timeout = 10s (default)
2020-05-22 21:02:24,199 [pool-68-thread-1] INFO  server.RaftServerConfigKeys (ConfUtils.java:logGet(44)) - raft.server.log.statemachine.data.sync.timeout.retry = -1 (default)
2020-05-22 21:02:24,206 [pool-68-thread-1] INFO  server.RaftServerConfigKeys (ConfUtils.java:logGet(44)) - raft.server.log.statemachine.data.caching.enabled = true (custom)
2020-05-22 21:02:24,206 [pool-68-thread-1] INFO  segmented.SegmentedRaftLogWorker (SegmentedRaftLogWorker.java:lambda$new$0(129)) - a3997db8-320d-4151-9902-06bffb7c93ac@group-A7E35951C657-SegmentedRaftLogWorker: flushIndex: setUnconditionally 0 -> -1
2020-05-22 21:02:24,213 [pool-68-thread-1] INFO  server.RaftServerConfigKeys (ConfUtils.java:logGet(44)) - raft.server.snapshot.auto.trigger.enabled = true (custom)
2020-05-22 21:02:24,215 [EventQueue-PipelineReportForPipelineReportHandler] INFO  pipeline.PipelineStateManager (PipelineStateManager.java:openPipeline(131)) - Pipeline Pipeline[ Id: a436ad64-a1c8-460c-9add-a7e35951c657, Nodes: a3997db8-320d-4151-9902-06bffb7c93ac{ip: 172.17.0.2, host: b8e5eb7a950d, networkLocation: /rack1, certSerialId: null}, Type:RATIS, Factor:ONE, State:ALLOCATED, leaderId:a3997db8-320d-4151-9902-06bffb7c93ac, CreationTimestamp2020-05-22T21:02:21.132Z] moved to OPEN state
2020-05-22 21:02:24,216 [pool-68-thread-1] INFO  server.RaftServerConfigKeys (ConfUtils.java:logGet(44)) - raft.server.snapshot.auto.trigger.threshold = 10000 (custom)
2020-05-22 21:02:24,216 [EventQueue-OpenPipelineForOneReplicaPipelineSafeModeRule] INFO  safemode.SCMSafeModeManager (SCMSafeModeManager.java:validateSafeModeExitRules(213)) - AtleastOneDatanodeReportedRule rule is successfully validated
2020-05-22 21:02:24,217 [EventQueue-OpenPipelineForHealthyPipelineSafeModeRule] INFO  safemode.SCMSafeModeManager (HealthyPipelineSafeModeRule.java:process(132)) - SCM in safe mode. Healthy pipelines reported count is 0, required healthy pipeline reported count is 1
2020-05-22 21:02:24,217 [pool-68-thread-1] INFO  server.RaftServerConfigKeys (ConfUtils.java:logGet(44)) - raft.server.snapshot.retention.file.num = 5 (custom)
2020-05-22 21:02:24,217 [pool-68-thread-1] INFO  server.RaftServerConfigKeys (ConfUtils.java:logGet(44)) - raft.server.log.purge.upto.snapshot.index = false (default)
2020-05-22 21:02:24,218 [pool-68-thread-1] INFO  server.RaftServerConfigKeys (ConfUtils.java:logGet(44)) - raft.server.retrycache.expirytime = 600000ms (custom)
2020-05-22 21:02:24,229 [pool-68-thread-1] INFO  metrics.RatisMetrics (RatisMetrics.java:lambda$create$0(39)) - Creating Metrics Registry : ratis.leader_election.a3997db8-320d-4151-9902-06bffb7c93ac@group-A7E35951C657
2020-05-22 21:02:24,230 [pool-36-thread-1] INFO  metrics.RatisMetrics (RatisMetrics.java:lambda$create$0(39)) - Creating Metrics Registry : ratis.leader_election.0dacf195-f99f-4186-8388-cfc458ddcf69@group-699C23C84BC7
2020-05-22 21:02:24,237 [pool-52-thread-1] INFO  metrics.RatisMetrics (RatisMetrics.java:lambda$create$0(39)) - Creating Metrics Registry : ratis.leader_election.2484e415-5504-40d1-8ead-c46d206deb95@group-D2655063A47B
2020-05-22 21:02:24,242 [pool-36-thread-1] INFO  metrics.RatisMetrics (RatisMetrics.java:lambda$create$0(39)) - Creating Metrics Registry : ratis.server.0dacf195-f99f-4186-8388-cfc458ddcf69@group-699C23C84BC7
2020-05-22 21:02:24,245 [pool-68-thread-1] INFO  metrics.RatisMetrics (RatisMetrics.java:lambda$create$0(39)) - Creating Metrics Registry : ratis.server.a3997db8-320d-4151-9902-06bffb7c93ac@group-A7E35951C657
2020-05-22 21:02:24,245 [pool-52-thread-1] INFO  metrics.RatisMetrics (RatisMetrics.java:lambda$create$0(39)) - Creating Metrics Registry : ratis.server.2484e415-5504-40d1-8ead-c46d206deb95@group-D2655063A47B
2020-05-22 21:02:24,263 [pool-68-thread-1] INFO  impl.RaftServerImpl (RaftServerImpl.java:start(184)) - a3997db8-320d-4151-9902-06bffb7c93ac@group-A7E35951C657: start as a follower, conf=-1: [a3997db8-320d-4151-9902-06bffb7c93ac:172.17.0.2:38093], old=null
2020-05-22 21:02:24,263 [pool-52-thread-1] INFO  impl.RaftServerImpl (RaftServerImpl.java:start(184)) - 2484e415-5504-40d1-8ead-c46d206deb95@group-D2655063A47B: start as a follower, conf=-1: [2484e415-5504-40d1-8ead-c46d206deb95:172.17.0.2:45739], old=null
2020-05-22 21:02:24,265 [pool-68-thread-1] INFO  impl.RaftServerImpl (RaftServerImpl.java:setRole(173)) - a3997db8-320d-4151-9902-06bffb7c93ac@group-A7E35951C657: changes role from      null to FOLLOWER at term 0 for startAsFollower
2020-05-22 21:02:24,265 [pool-52-thread-1] INFO  impl.RaftServerImpl (RaftServerImpl.java:setRole(173)) - 2484e415-5504-40d1-8ead-c46d206deb95@group-D2655063A47B: changes role from      null to FOLLOWER at term 0 for startAsFollower
2020-05-22 21:02:24,269 [Command processor thread] INFO  impl.RaftServerProxy (RaftServerProxy.java:addNew(89)) - f2bdfaa2-ada9-47f2-baba-68fb1582a464: addNew group-86233C3AD459:[f2bdfaa2-ada9-47f2-baba-68fb1582a464:172.17.0.2:41705] returns group-86233C3AD459:java.util.concurrent.CompletableFuture@5564655[Not completed]
2020-05-22 21:02:24,269 [pool-36-thread-1] INFO  impl.RaftServerImpl (RaftServerImpl.java:start(184)) - 0dacf195-f99f-4186-8388-cfc458ddcf69@group-699C23C84BC7: start as a follower, conf=-1: [0dacf195-f99f-4186-8388-cfc458ddcf69:172.17.0.2:40519], old=null
2020-05-22 21:02:24,269 [pool-36-thread-1] INFO  impl.RaftServerImpl (RaftServerImpl.java:setRole(173)) - 0dacf195-f99f-4186-8388-cfc458ddcf69@group-699C23C84BC7: changes role from      null to FOLLOWER at term 0 for startAsFollower
2020-05-22 21:02:24,270 [pool-36-thread-1] INFO  impl.RoleInfo (RoleInfo.java:updateAndGet(143)) - 0dacf195-f99f-4186-8388-cfc458ddcf69: start FollowerState
2020-05-22 21:02:24,271 [pool-36-thread-1] INFO  util.JmxRegister (JmxRegister.java:tryRegister(44)) - Successfully registered JMX Bean with object name Ratis:service=RaftServer,group=group-699C23C84BC7,id=0dacf195-f99f-4186-8388-cfc458ddcf69
2020-05-22 21:02:24,272 [pool-68-thread-1] INFO  impl.RoleInfo (RoleInfo.java:updateAndGet(143)) - a3997db8-320d-4151-9902-06bffb7c93ac: start FollowerState
2020-05-22 21:02:24,272 [pool-52-thread-1] INFO  impl.RoleInfo (RoleInfo.java:updateAndGet(143)) - 2484e415-5504-40d1-8ead-c46d206deb95: start FollowerState
2020-05-22 21:02:24,277 [pool-52-thread-1] INFO  util.JmxRegister (JmxRegister.java:tryRegister(44)) - Successfully registered JMX Bean with object name Ratis:service=RaftServer,group=group-D2655063A47B,id=2484e415-5504-40d1-8ead-c46d206deb95
2020-05-22 21:02:24,286 [pool-52-thread-1] INFO  metrics.RatisMetrics (RatisMetrics.java:lambda$create$0(39)) - Creating Metrics Registry : ratis.state_machine.2484e415-5504-40d1-8ead-c46d206deb95@group-D2655063A47B
2020-05-22 21:02:24,287 [pool-84-thread-1] INFO  impl.RaftServerImpl (RaftServerImpl.java:<init>(98)) - f2bdfaa2-ada9-47f2-baba-68fb1582a464: new RaftServerImpl for group-86233C3AD459:[f2bdfaa2-ada9-47f2-baba-68fb1582a464:172.17.0.2:41705] with ContainerStateMachine:uninitialized
2020-05-22 21:02:24,287 [pool-84-thread-1] INFO  server.RaftServerConfigKeys (ConfUtils.java:logGet(44)) - raft.server.rpc.timeout.min = 1s (custom)
2020-05-22 21:02:24,287 [pool-84-thread-1] INFO  server.RaftServerConfigKeys (ConfUtils.java:logGet(44)) - raft.server.rpc.timeout.max = 1200ms (custom)
2020-05-22 21:02:24,287 [pool-84-thread-1] INFO  server.RaftServerConfigKeys (ConfUtils.java:logGet(44)) - raft.server.rpcslowness.timeout = 300s (custom)
2020-05-22 21:02:24,287 [pool-84-thread-1] INFO  server.RaftServerConfigKeys (ConfUtils.java:logGet(44)) - raft.server.sleep.deviation.threshold = 300 (default)
2020-05-22 21:02:24,287 [pool-84-thread-1] INFO  server.RaftServerConfigKeys (ConfUtils.java:logGet(44)) - raft.server.log.appender.install.snapshot.enabled = false (custom)
2020-05-22 21:02:24,288 [pool-84-thread-1] INFO  impl.RaftServerImpl (ServerState.java:<init>(103)) - f2bdfaa2-ada9-47f2-baba-68fb1582a464@group-86233C3AD459: ConfigurationManager, init=-1: [f2bdfaa2-ada9-47f2-baba-68fb1582a464:172.17.0.2:41705], old=null, confs=<EMPTY_MAP>
2020-05-22 21:02:24,288 [pool-84-thread-1] INFO  server.RaftServerConfigKeys (ConfUtils.java:logGet(44)) - raft.server.storage.dir = [/github/workspace/mnt/ozone/hadoop-ozone/integration-test/target/test-dir/MiniOzoneClusterImpl-aeaef343-8586-4703-af18-3341d148064c/datanode-3/data/ratis] (custom)
2020-05-22 21:02:24,288 [pool-84-thread-1] INFO  server.RaftServerConfigKeys (ConfUtils.java:logGet(44)) - raft.server.log.corruption.policy = EXCEPTION (default)
2020-05-22 21:02:24,288 [pool-84-thread-1] INFO  storage.RaftStorageDirectory (RaftStorageDirectory.java:analyzeStorage(261)) - The storage directory /github/workspace/mnt/ozone/hadoop-ozone/integration-test/target/test-dir/MiniOzoneClusterImpl-aeaef343-8586-4703-af18-3341d148064c/datanode-3/data/ratis/a5171fe9-f083-4a81-8844-86233c3ad459 does not exist. Creating ...
2020-05-22 21:02:24,289 [pool-36-thread-1] INFO  metrics.RatisMetrics (RatisMetrics.java:lambda$create$0(39)) - Creating Metrics Registry : ratis.state_machine.0dacf195-f99f-4186-8388-cfc458ddcf69@group-699C23C84BC7
2020-05-22 21:02:24,293 [pool-84-thread-1] INFO  storage.RaftStorageDirectory (RaftStorageDirectory.java:tryLock(343)) - Lock on /github/workspace/mnt/ozone/hadoop-ozone/integration-test/target/test-dir/MiniOzoneClusterImpl-aeaef343-8586-4703-af18-3341d148064c/datanode-3/data/ratis/a5171fe9-f083-4a81-8844-86233c3ad459/in_use.lock acquired by nodename 8821@b8e5eb7a950d
2020-05-22 21:02:24,301 [pool-84-thread-1] INFO  storage.RaftStorage (RaftStorage.java:format(84)) - Storage directory /github/workspace/mnt/ozone/hadoop-ozone/integration-test/target/test-dir/MiniOzoneClusterImpl-aeaef343-8586-4703-af18-3341d148064c/datanode-3/data/ratis/a5171fe9-f083-4a81-8844-86233c3ad459 has been successfully formatted.
2020-05-22 21:02:24,303 [pool-68-thread-1] INFO  util.JmxRegister (JmxRegister.java:tryRegister(44)) - Successfully registered JMX Bean with object name Ratis:service=RaftServer,group=group-A7E35951C657,id=a3997db8-320d-4151-9902-06bffb7c93ac
2020-05-22 21:02:24,303 [pool-68-thread-1] INFO  metrics.RatisMetrics (RatisMetrics.java:lambda$create$0(39)) - Creating Metrics Registry : ratis.state_machine.a3997db8-320d-4151-9902-06bffb7c93ac@group-A7E35951C657
2020-05-22 21:02:24,305 [Command processor thread] INFO  commandhandler.CreatePipelineCommandHandler (CreatePipelineCommandHandler.java:handle(109)) - Created Pipeline RATIS ONE #id: "7930d286-e56a-48d5-a383-d2655063a47b"
.
2020-05-22 21:02:24,306 [Command processor thread] INFO  impl.RaftServerProxy (RaftServerProxy.java:addNew(89)) - 2484e415-5504-40d1-8ead-c46d206deb95: addNew group-F4E35192C1A7:[2484e415-5504-40d1-8ead-c46d206deb95:172.17.0.2:45739, a3997db8-320d-4151-9902-06bffb7c93ac:172.17.0.2:38093, 0dacf195-f99f-4186-8388-cfc458ddcf69:172.17.0.2:40519] returns group-F4E35192C1A7:java.util.concurrent.CompletableFuture@1d532ef1[Not completed]
2020-05-22 21:02:24,306 [Command processor thread] INFO  commandhandler.CreatePipelineCommandHandler (CreatePipelineCommandHandler.java:handle(109)) - Created Pipeline RATIS ONE #id: "6da93f0f-9b2f-42c3-8636-699c23c84bc7"
.
2020-05-22 21:02:24,309 [Command processor thread] INFO  impl.RaftServerProxy (RaftServerProxy.java:addNew(89)) - 0dacf195-f99f-4186-8388-cfc458ddcf69: addNew group-F4E35192C1A7:[2484e415-5504-40d1-8ead-c46d206deb95:172.17.0.2:45739, a3997db8-320d-4151-9902-06bffb7c93ac:172.17.0.2:38093, 0dacf195-f99f-4186-8388-cfc458ddcf69:172.17.0.2:40519] returns group-F4E35192C1A7:java.util.concurrent.CompletableFuture@61393a29[Not completed]
2020-05-22 21:02:24,310 [pool-52-thread-1] INFO  impl.RaftServerImpl (RaftServerImpl.java:<init>(98)) - 2484e415-5504-40d1-8ead-c46d206deb95: new RaftServerImpl for group-F4E35192C1A7:[2484e415-5504-40d1-8ead-c46d206deb95:172.17.0.2:45739, a3997db8-320d-4151-9902-06bffb7c93ac:172.17.0.2:38093, 0dacf195-f99f-4186-8388-cfc458ddcf69:172.17.0.2:40519] with ContainerStateMachine:uninitialized
2020-05-22 21:02:24,310 [pool-52-thread-1] INFO  server.RaftServerConfigKeys (ConfUtils.java:logGet(44)) - raft.server.rpc.timeout.min = 1s (custom)
2020-05-22 21:02:24,311 [pool-52-thread-1] INFO  server.RaftServerConfigKeys (ConfUtils.java:logGet(44)) - raft.server.rpc.timeout.max = 1200ms (custom)
2020-05-22 21:02:24,311 [pool-52-thread-1] INFO  server.RaftServerConfigKeys (ConfUtils.java:logGet(44)) - raft.server.rpcslowness.timeout = 300s (custom)
2020-05-22 21:02:24,311 [pool-52-thread-1] INFO  server.RaftServerConfigKeys (ConfUtils.java:logGet(44)) - raft.server.sleep.deviation.threshold = 300 (default)
2020-05-22 21:02:24,311 [pool-52-thread-1] INFO  server.RaftServerConfigKeys (ConfUtils.java:logGet(44)) - raft.server.log.appender.install.snapshot.enabled = false (custom)
2020-05-22 21:02:24,311 [pool-52-thread-1] INFO  impl.RaftServerImpl (ServerState.java:<init>(103)) - 2484e415-5504-40d1-8ead-c46d206deb95@group-F4E35192C1A7: ConfigurationManager, init=-1: [2484e415-5504-40d1-8ead-c46d206deb95:172.17.0.2:45739, a3997db8-320d-4151-9902-06bffb7c93ac:172.17.0.2:38093, 0dacf195-f99f-4186-8388-cfc458ddcf69:172.17.0.2:40519], old=null, confs=<EMPTY_MAP>
2020-05-22 21:02:24,311 [pool-52-thread-1] INFO  server.RaftServerConfigKeys (ConfUtils.java:logGet(44)) - raft.server.storage.dir = [/github/workspace/mnt/ozone/hadoop-ozone/integration-test/target/test-dir/MiniOzoneClusterImpl-aeaef343-8586-4703-af18-3341d148064c/datanode-1/data/ratis] (custom)
2020-05-22 21:02:24,311 [pool-52-thread-1] INFO  server.RaftServerConfigKeys (ConfUtils.java:logGet(44)) - raft.server.log.corruption.policy = EXCEPTION (default)
2020-05-22 21:02:24,311 [pool-52-thread-1] INFO  storage.RaftStorageDirectory (RaftStorageDirectory.java:analyzeStorage(261)) - The storage directory /github/workspace/mnt/ozone/hadoop-ozone/integration-test/target/test-dir/MiniOzoneClusterImpl-aeaef343-8586-4703-af18-3341d148064c/datanode-1/data/ratis/b8bc81e2-7c38-4433-8921-f4e35192c1a7 does not exist. Creating ...
2020-05-22 21:02:24,312 [EventQueue-PipelineReportForPipelineReportHandler] INFO  pipeline.PipelineStateManager (PipelineStateManager.java:openPipeline(131)) - Pipeline Pipeline[ Id: a5171fe9-f083-4a81-8844-86233c3ad459, Nodes: f2bdfaa2-ada9-47f2-baba-68fb1582a464{ip: 172.17.0.2, host: b8e5eb7a950d, networkLocation: /rack1, certSerialId: null}, Type:RATIS, Factor:ONE, State:ALLOCATED, leaderId:f2bdfaa2-ada9-47f2-baba-68fb1582a464, CreationTimestamp2020-05-22T21:02:21.269Z] moved to OPEN state
2020-05-22 21:02:24,313 [EventQueue-OpenPipelineForOneReplicaPipelineSafeModeRule] INFO  safemode.SCMSafeModeManager (SCMSafeModeManager.java:validateSafeModeExitRules(213)) - AtleastOneDatanodeReportedRule rule is successfully validated
2020-05-22 21:02:24,313 [EventQueue-OpenPipelineForHealthyPipelineSafeModeRule] INFO  safemode.SCMSafeModeManager (HealthyPipelineSafeModeRule.java:process(132)) - SCM in safe mode. Healthy pipelines reported count is 0, required healthy pipeline reported count is 1
2020-05-22 21:02:24,313 [pool-36-thread-1] INFO  impl.RaftServerImpl (RaftServerImpl.java:<init>(98)) - 0dacf195-f99f-4186-8388-cfc458ddcf69: new RaftServerImpl for group-F4E35192C1A7:[2484e415-5504-40d1-8ead-c46d206deb95:172.17.0.2:45739, a3997db8-320d-4151-9902-06bffb7c93ac:172.17.0.2:38093, 0dacf195-f99f-4186-8388-cfc458ddcf69:172.17.0.2:40519] with ContainerStateMachine:uninitialized
2020-05-22 21:02:24,313 [pool-36-thread-1] INFO  server.RaftServerConfigKeys (ConfUtils.java:logGet(44)) - raft.server.rpc.timeout.min = 1s (custom)
2020-05-22 21:02:24,313 [pool-36-thread-1] INFO  server.RaftServerConfigKeys (ConfUtils.java:logGet(44)) - raft.server.rpc.timeout.max = 1200ms (custom)
2020-05-22 21:02:24,313 [pool-36-thread-1] INFO  server.RaftServerConfigKeys (ConfUtils.java:logGet(44)) - raft.server.rpcslowness.timeout = 300s (custom)
2020-05-22 21:02:24,313 [pool-36-thread-1] INFO  server.RaftServerConfigKeys (ConfUtils.java:logGet(44)) - raft.server.sleep.deviation.threshold = 300 (default)
2020-05-22 21:02:24,313 [pool-36-thread-1] INFO  server.RaftServerConfigKeys (ConfUtils.java:logGet(44)) - raft.server.log.appender.install.snapshot.enabled = false (custom)
2020-05-22 21:02:24,313 [pool-36-thread-1] INFO  impl.RaftServerImpl (ServerState.java:<init>(103)) - 0dacf195-f99f-4186-8388-cfc458ddcf69@group-F4E35192C1A7: ConfigurationManager, init=-1: [2484e415-5504-40d1-8ead-c46d206deb95:172.17.0.2:45739, a3997db8-320d-4151-9902-06bffb7c93ac:172.17.0.2:38093, 0dacf195-f99f-4186-8388-cfc458ddcf69:172.17.0.2:40519], old=null, confs=<EMPTY_MAP>
2020-05-22 21:02:24,313 [pool-36-thread-1] INFO  server.RaftServerConfigKeys (ConfUtils.java:logGet(44)) - raft.server.storage.dir = [/github/workspace/mnt/ozone/hadoop-ozone/integration-test/target/test-dir/MiniOzoneClusterImpl-aeaef343-8586-4703-af18-3341d148064c/datanode-0/data/ratis] (custom)
2020-05-22 21:02:24,314 [pool-36-thread-1] INFO  server.RaftServerConfigKeys (ConfUtils.java:logGet(44)) - raft.server.log.corruption.policy = EXCEPTION (default)
2020-05-22 21:02:24,314 [pool-36-thread-1] INFO  storage.RaftStorageDirectory (RaftStorageDirectory.java:analyzeStorage(261)) - The storage directory /github/workspace/mnt/ozone/hadoop-ozone/integration-test/target/test-dir/MiniOzoneClusterImpl-aeaef343-8586-4703-af18-3341d148064c/datanode-0/data/ratis/b8bc81e2-7c38-4433-8921-f4e35192c1a7 does not exist. Creating ...
2020-05-22 21:02:24,315 [pool-36-thread-1] INFO  storage.RaftStorageDirectory (RaftStorageDirectory.java:tryLock(343)) - Lock on /github/workspace/mnt/ozone/hadoop-ozone/integration-test/target/test-dir/MiniOzoneClusterImpl-aeaef343-8586-4703-af18-3341d148064c/datanode-0/data/ratis/b8bc81e2-7c38-4433-8921-f4e35192c1a7/in_use.lock acquired by nodename 8821@b8e5eb7a950d
2020-05-22 21:02:24,316 [pool-36-thread-1] INFO  storage.RaftStorage (RaftStorage.java:format(84)) - Storage directory /github/workspace/mnt/ozone/hadoop-ozone/integration-test/target/test-dir/MiniOzoneClusterImpl-aeaef343-8586-4703-af18-3341d148064c/datanode-0/data/ratis/b8bc81e2-7c38-4433-8921-f4e35192c1a7 has been successfully formatted.
2020-05-22 21:02:24,316 [pool-36-thread-1] INFO  ratis.ContainerStateMachine (ContainerStateMachine.java:loadSnapshot(226)) - group-F4E35192C1A7: The snapshot info is null. Setting the last applied indexto:(t:0, i:~)
2020-05-22 21:02:24,316 [pool-36-thread-1] INFO  server.RaftServerConfigKeys (ConfUtils.java:logGet(44)) - raft.server.notification.no-leader.timeout = 60s (default)
2020-05-22 21:02:24,317 [pool-36-thread-1] INFO  server.RaftServerConfigKeys (ConfUtils.java:logGet(44)) - raft.server.log.use.memory = false (default)
2020-05-22 21:02:24,320 [pool-36-thread-1] INFO  server.RaftServerConfigKeys (ConfUtils.java:logGet(44)) - raft.server.log.purge.gap = 1000000 (custom)
2020-05-22 21:02:24,320 [pool-36-thread-1] INFO  server.RaftServerConfigKeys (ConfUtils.java:logGet(44)) - raft.server.log.appender.buffer.byte-limit = 33554432 (custom)
2020-05-22 21:02:24,320 [pool-36-thread-1] INFO  server.RaftServerConfigKeys (ConfUtils.java:logGet(44)) - raft.server.log.segment.size.max = 1048576 (custom)
2020-05-22 21:02:24,320 [pool-36-thread-1] INFO  server.RaftServerConfigKeys (ConfUtils.java:logGet(44)) - raft.server.log.segment.cache.num.max = 2 (custom)
2020-05-22 21:02:24,320 [pool-36-thread-1] INFO  segmented.SegmentedRaftLogWorker (SegmentedRaftLogWorker.java:<init>(176)) - new 0dacf195-f99f-4186-8388-cfc458ddcf69@group-F4E35192C1A7-SegmentedRaftLogWorker for RaftStorage:Storage Directory /github/workspace/mnt/ozone/hadoop-ozone/integration-test/target/test-dir/MiniOzoneClusterImpl-aeaef343-8586-4703-af18-3341d148064c/datanode-0/data/ratis/b8bc81e2-7c38-4433-8921-f4e35192c1a7
2020-05-22 21:02:24,320 [pool-36-thread-1] INFO  server.RaftServerConfigKeys (ConfUtils.java:logGet(44)) - raft.server.log.queue.byte-limit = 2147483647 (custom)
2020-05-22 21:02:24,320 [pool-36-thread-1] INFO  server.RaftServerConfigKeys (ConfUtils.java:logGet(44)) - raft.server.log.queue.element-limit = 1024 (custom)
2020-05-22 21:02:24,321 [pool-36-thread-1] INFO  server.RaftServerConfigKeys (ConfUtils.java:logGet(44)) - raft.server.log.segment.size.max = 1048576 (custom)
2020-05-22 21:02:24,321 [pool-36-thread-1] INFO  server.RaftServerConfigKeys (ConfUtils.java:logGet(44)) - raft.server.log.preallocated.size = 16384 (custom)
2020-05-22 21:02:24,321 [pool-36-thread-1] INFO  server.RaftServerConfigKeys (ConfUtils.java:logGet(44)) - raft.server.log.write.buffer.size = 1048576 (custom)
2020-05-22 21:02:24,321 [pool-36-thread-1] INFO  server.RaftServerConfigKeys (ConfUtils.java:logGet(44)) - raft.server.log.force.sync.num = 128 (default)
2020-05-22 21:02:24,321 [pool-36-thread-1] INFO  server.RaftServerConfigKeys (ConfUtils.java:logGet(44)) - raft.server.log.statemachine.data.sync = true (default)
2020-05-22 21:02:24,321 [pool-36-thread-1] INFO  server.RaftServerConfigKeys (ConfUtils.java:logGet(44)) - raft.server.log.statemachine.data.sync.timeout = 10s (default)
2020-05-22 21:02:24,321 [pool-36-thread-1] INFO  server.RaftServerConfigKeys (ConfUtils.java:logGet(44)) - raft.server.log.statemachine.data.sync.timeout.retry = -1 (default)
2020-05-22 21:02:24,322 [pool-36-thread-1] INFO  server.RaftServerConfigKeys (ConfUtils.java:logGet(44)) - raft.server.log.statemachine.data.caching.enabled = true (custom)
2020-05-22 21:02:24,322 [pool-36-thread-1] INFO  segmented.SegmentedRaftLogWorker (SegmentedRaftLogWorker.java:lambda$new$0(129)) - 0dacf195-f99f-4186-8388-cfc458ddcf69@group-F4E35192C1A7-SegmentedRaftLogWorker: flushIndex: setUnconditionally 0 -> -1
2020-05-22 21:02:24,317 [pool-52-thread-1] INFO  storage.RaftStorageDirectory (RaftStorageDirectory.java:tryLock(343)) - Lock on /github/workspace/mnt/ozone/hadoop-ozone/integration-test/target/test-dir/MiniOzoneClusterImpl-aeaef343-8586-4703-af18-3341d148064c/datanode-1/data/ratis/b8bc81e2-7c38-4433-8921-f4e35192c1a7/in_use.lock acquired by nodename 8821@b8e5eb7a950d
2020-05-22 21:02:24,322 [pool-36-thread-1] INFO  server.RaftServerConfigKeys (ConfUtils.java:logGet(44)) - raft.server.snapshot.auto.trigger.enabled = true (custom)
2020-05-22 21:02:24,323 [pool-36-thread-1] INFO  server.RaftServerConfigKeys (ConfUtils.java:logGet(44)) - raft.server.snapshot.auto.trigger.threshold = 10000 (custom)
2020-05-22 21:02:24,323 [pool-36-thread-1] INFO  server.RaftServerConfigKeys (ConfUtils.java:logGet(44)) - raft.server.snapshot.retention.file.num = 5 (custom)
2020-05-22 21:02:24,323 [pool-36-thread-1] INFO  server.RaftServerConfigKeys (ConfUtils.java:logGet(44)) - raft.server.log.purge.upto.snapshot.index = false (default)
2020-05-22 21:02:24,323 [pool-36-thread-1] INFO  server.RaftServerConfigKeys (ConfUtils.java:logGet(44)) - raft.server.retrycache.expirytime = 600000ms (custom)
2020-05-22 21:02:24,323 [pool-84-thread-1] INFO  ratis.ContainerStateMachine (ContainerStateMachine.java:loadSnapshot(226)) - group-86233C3AD459: The snapshot info is null. Setting the last applied indexto:(t:0, i:~)
2020-05-22 21:02:24,324 [pool-84-thread-1] INFO  server.RaftServerConfigKeys (ConfUtils.java:logGet(44)) - raft.server.notification.no-leader.timeout = 60s (default)
2020-05-22 21:02:24,324 [pool-84-thread-1] INFO  server.RaftServerConfigKeys (ConfUtils.java:logGet(44)) - raft.server.log.use.memory = false (default)
2020-05-22 21:02:24,324 [pool-84-thread-1] INFO  server.RaftServerConfigKeys (ConfUtils.java:logGet(44)) - raft.server.log.purge.gap = 1000000 (custom)
2020-05-22 21:02:24,324 [pool-84-thread-1] INFO  server.RaftServerConfigKeys (ConfUtils.java:logGet(44)) - raft.server.log.appender.buffer.byte-limit = 33554432 (custom)
2020-05-22 21:02:24,324 [pool-84-thread-1] INFO  server.RaftServerConfigKeys (ConfUtils.java:logGet(44)) - raft.server.log.segment.size.max = 1048576 (custom)
2020-05-22 21:02:24,324 [pool-84-thread-1] INFO  metrics.RatisMetrics (RatisMetrics.java:lambda$create$0(39)) - Creating Metrics Registry : ratis.log_worker.f2bdfaa2-ada9-47f2-baba-68fb1582a464
2020-05-22 21:02:24,325 [pool-84-thread-1] INFO  server.RaftServerConfigKeys (ConfUtils.java:logGet(44)) - raft.server.log.segment.cache.num.max = 2 (custom)
2020-05-22 21:02:24,325 [pool-84-thread-1] INFO  segmented.SegmentedRaftLogWorker (SegmentedRaftLogWorker.java:<init>(176)) - new f2bdfaa2-ada9-47f2-baba-68fb1582a464@group-86233C3AD459-SegmentedRaftLogWorker for RaftStorage:Storage Directory /github/workspace/mnt/ozone/hadoop-ozone/integration-test/target/test-dir/MiniOzoneClusterImpl-aeaef343-8586-4703-af18-3341d148064c/datanode-3/data/ratis/a5171fe9-f083-4a81-8844-86233c3ad459
2020-05-22 21:02:24,325 [pool-84-thread-1] INFO  server.RaftServerConfigKeys (ConfUtils.java:logGet(44)) - raft.server.log.queue.byte-limit = 2147483647 (custom)
2020-05-22 21:02:24,325 [pool-84-thread-1] INFO  server.RaftServerConfigKeys (ConfUtils.java:logGet(44)) - raft.server.log.queue.element-limit = 1024 (custom)
2020-05-22 21:02:24,325 [pool-84-thread-1] INFO  server.RaftServerConfigKeys (ConfUtils.java:logGet(44)) - raft.server.log.segment.size.max = 1048576 (custom)
2020-05-22 21:02:24,325 [pool-84-thread-1] INFO  server.RaftServerConfigKeys (ConfUtils.java:logGet(44)) - raft.server.log.preallocated.size = 16384 (custom)
2020-05-22 21:02:24,325 [pool-84-thread-1] INFO  server.RaftServerConfigKeys (ConfUtils.java:logGet(44)) - raft.server.log.write.buffer.size = 1048576 (custom)
2020-05-22 21:02:24,325 [pool-84-thread-1] INFO  server.RaftServerConfigKeys (ConfUtils.java:logGet(44)) - raft.server.log.force.sync.num = 128 (default)
2020-05-22 21:02:24,326 [pool-84-thread-1] INFO  server.RaftServerConfigKeys (ConfUtils.java:logGet(44)) - raft.server.log.statemachine.data.sync = true (default)
2020-05-22 21:02:24,326 [pool-84-thread-1] INFO  server.RaftServerConfigKeys (ConfUtils.java:logGet(44)) - raft.server.log.statemachine.data.sync.timeout = 10s (default)
2020-05-22 21:02:24,326 [pool-84-thread-1] INFO  server.RaftServerConfigKeys (ConfUtils.java:logGet(44)) - raft.server.log.statemachine.data.sync.timeout.retry = -1 (default)
2020-05-22 21:02:24,326 [pool-52-thread-1] INFO  storage.RaftStorage (RaftStorage.java:format(84)) - Storage directory /github/workspace/mnt/ozone/hadoop-ozone/integration-test/target/test-dir/MiniOzoneClusterImpl-aeaef343-8586-4703-af18-3341d148064c/datanode-1/data/ratis/b8bc81e2-7c38-4433-8921-f4e35192c1a7 has been successfully formatted.
2020-05-22 21:02:24,329 [pool-36-thread-1] INFO  metrics.RatisMetrics (RatisMetrics.java:lambda$create$0(39)) - Creating Metrics Registry : ratis.leader_election.0dacf195-f99f-4186-8388-cfc458ddcf69@group-F4E35192C1A7
2020-05-22 21:02:24,331 [pool-36-thread-1] INFO  metrics.RatisMetrics (RatisMetrics.java:lambda$create$0(39)) - Creating Metrics Registry : ratis.server.0dacf195-f99f-4186-8388-cfc458ddcf69@group-F4E35192C1A7
2020-05-22 21:02:24,335 [pool-84-thread-1] INFO  server.RaftServerConfigKeys (ConfUtils.java:logGet(44)) - raft.server.log.statemachine.data.caching.enabled = true (custom)
2020-05-22 21:02:24,339 [pool-84-thread-1] INFO  segmented.SegmentedRaftLogWorker (SegmentedRaftLogWorker.java:lambda$new$0(129)) - f2bdfaa2-ada9-47f2-baba-68fb1582a464@group-86233C3AD459-SegmentedRaftLogWorker: flushIndex: setUnconditionally 0 -> -1
2020-05-22 21:02:24,332 [pool-52-thread-1] INFO  ratis.ContainerStateMachine (ContainerStateMachine.java:loadSnapshot(226)) - group-F4E35192C1A7: The snapshot info is null. Setting the last applied indexto:(t:0, i:~)
2020-05-22 21:02:24,340 [pool-52-thread-1] INFO  server.RaftServerConfigKeys (ConfUtils.java:logGet(44)) - raft.server.notification.no-leader.timeout = 60s (default)
2020-05-22 21:02:24,340 [pool-52-thread-1] INFO  server.RaftServerConfigKeys (ConfUtils.java:logGet(44)) - raft.server.log.use.memory = false (default)
2020-05-22 21:02:24,340 [pool-52-thread-1] INFO  server.RaftServerConfigKeys (ConfUtils.java:logGet(44)) - raft.server.log.purge.gap = 1000000 (custom)
2020-05-22 21:02:24,340 [pool-52-thread-1] INFO  server.RaftServerConfigKeys (ConfUtils.java:logGet(44)) - raft.server.log.appender.buffer.byte-limit = 33554432 (custom)
2020-05-22 21:02:24,340 [pool-52-thread-1] INFO  server.RaftServerConfigKeys (ConfUtils.java:logGet(44)) - raft.server.log.segment.size.max = 1048576 (custom)
2020-05-22 21:02:24,340 [pool-52-thread-1] INFO  server.RaftServerConfigKeys (ConfUtils.java:logGet(44)) - raft.server.log.segment.cache.num.max = 2 (custom)
2020-05-22 21:02:24,340 [pool-52-thread-1] INFO  segmented.SegmentedRaftLogWorker (SegmentedRaftLogWorker.java:<init>(176)) - new 2484e415-5504-40d1-8ead-c46d206deb95@group-F4E35192C1A7-SegmentedRaftLogWorker for RaftStorage:Storage Directory /github/workspace/mnt/ozone/hadoop-ozone/integration-test/target/test-dir/MiniOzoneClusterImpl-aeaef343-8586-4703-af18-3341d148064c/datanode-1/data/ratis/b8bc81e2-7c38-4433-8921-f4e35192c1a7
2020-05-22 21:02:24,340 [pool-52-thread-1] INFO  server.RaftServerConfigKeys (ConfUtils.java:logGet(44)) - raft.server.log.queue.byte-limit = 2147483647 (custom)
2020-05-22 21:02:24,340 [pool-52-thread-1] INFO  server.RaftServerConfigKeys (ConfUtils.java:logGet(44)) - raft.server.log.queue.element-limit = 1024 (custom)
2020-05-22 21:02:24,340 [pool-52-thread-1] INFO  server.RaftServerConfigKeys (ConfUtils.java:logGet(44)) - raft.server.log.segment.size.max = 1048576 (custom)
2020-05-22 21:02:24,340 [pool-52-thread-1] INFO  server.RaftServerConfigKeys (ConfUtils.java:logGet(44)) - raft.server.log.preallocated.size = 16384 (custom)
2020-05-22 21:02:24,341 [pool-52-thread-1] INFO  server.RaftServerConfigKeys (ConfUtils.java:logGet(44)) - raft.server.log.write.buffer.size = 1048576 (custom)
2020-05-22 21:02:24,341 [pool-52-thread-1] INFO  server.RaftServerConfigKeys (ConfUtils.java:logGet(44)) - raft.server.log.force.sync.num = 128 (default)
2020-05-22 21:02:24,341 [pool-52-thread-1] INFO  server.RaftServerConfigKeys (ConfUtils.java:logGet(44)) - raft.server.log.statemachine.data.sync = true (default)
2020-05-22 21:02:24,332 [Command processor thread] INFO  commandhandler.CreatePipelineCommandHandler (CreatePipelineCommandHandler.java:handle(109)) - Created Pipeline RATIS ONE #id: "a436ad64-a1c8-460c-9add-a7e35951c657"
.
2020-05-22 21:02:24,341 [pool-84-thread-1] INFO  server.RaftServerConfigKeys (ConfUtils.java:logGet(44)) - raft.server.snapshot.auto.trigger.enabled = true (custom)
2020-05-22 21:02:24,341 [pool-84-thread-1] INFO  server.RaftServerConfigKeys (ConfUtils.java:logGet(44)) - raft.server.snapshot.auto.trigger.threshold = 10000 (custom)
2020-05-22 21:02:24,341 [pool-84-thread-1] INFO  server.RaftServerConfigKeys (ConfUtils.java:logGet(44)) - raft.server.snapshot.retention.file.num = 5 (custom)
2020-05-22 21:02:24,341 [pool-84-thread-1] INFO  server.RaftServerConfigKeys (ConfUtils.java:logGet(44)) - raft.server.log.purge.upto.snapshot.index = false (default)
2020-05-22 21:02:24,341 [pool-84-thread-1] INFO  server.RaftServerConfigKeys (ConfUtils.java:logGet(44)) - raft.server.retrycache.expirytime = 600000ms (custom)
2020-05-22 21:02:24,342 [pool-84-thread-1] INFO  metrics.RatisMetrics (RatisMetrics.java:lambda$create$0(39)) - Creating Metrics Registry : ratis.leader_election.f2bdfaa2-ada9-47f2-baba-68fb1582a464@group-86233C3AD459
2020-05-22 21:02:24,342 [pool-84-thread-1] INFO  metrics.RatisMetrics (RatisMetrics.java:lambda$create$0(39)) - Creating Metrics Registry : ratis.server.f2bdfaa2-ada9-47f2-baba-68fb1582a464@group-86233C3AD459
2020-05-22 21:02:24,343 [pool-36-thread-1] INFO  impl.RaftServerImpl (RaftServerImpl.java:start(184)) - 0dacf195-f99f-4186-8388-cfc458ddcf69@group-F4E35192C1A7: start as a follower, conf=-1: [2484e415-5504-40d1-8ead-c46d206deb95:172.17.0.2:45739, a3997db8-320d-4151-9902-06bffb7c93ac:172.17.0.2:38093, 0dacf195-f99f-4186-8388-cfc458ddcf69:172.17.0.2:40519], old=null
2020-05-22 21:02:24,341 [pool-52-thread-1] INFO  server.RaftServerConfigKeys (ConfUtils.java:logGet(44)) - raft.server.log.statemachine.data.sync.timeout = 10s (default)
2020-05-22 21:02:24,345 [pool-52-thread-1] INFO  server.RaftServerConfigKeys (ConfUtils.java:logGet(44)) - raft.server.log.statemachine.data.sync.timeout.retry = -1 (default)
2020-05-22 21:02:24,346 [pool-52-thread-1] INFO  server.RaftServerConfigKeys (ConfUtils.java:logGet(44)) - raft.server.log.statemachine.data.caching.enabled = true (custom)
2020-05-22 21:02:24,346 [pool-52-thread-1] INFO  segmented.SegmentedRaftLogWorker (SegmentedRaftLogWorker.java:lambda$new$0(129)) - 2484e415-5504-40d1-8ead-c46d206deb95@group-F4E35192C1A7-SegmentedRaftLogWorker: flushIndex: setUnconditionally 0 -> -1
2020-05-22 21:02:24,345 [pool-36-thread-1] INFO  impl.RaftServerImpl (RaftServerImpl.java:setRole(173)) - 0dacf195-f99f-4186-8388-cfc458ddcf69@group-F4E35192C1A7: changes role from      null to FOLLOWER at term 0 for startAsFollower
2020-05-22 21:02:24,345 [pool-68-thread-1] INFO  impl.RaftServerImpl (RaftServerImpl.java:<init>(98)) - a3997db8-320d-4151-9902-06bffb7c93ac: new RaftServerImpl for group-F4E35192C1A7:[2484e415-5504-40d1-8ead-c46d206deb95:172.17.0.2:45739, a3997db8-320d-4151-9902-06bffb7c93ac:172.17.0.2:38093, 0dacf195-f99f-4186-8388-cfc458ddcf69:172.17.0.2:40519] with ContainerStateMachine:uninitialized
2020-05-22 21:02:24,346 [pool-68-thread-1] INFO  server.RaftServerConfigKeys (ConfUtils.java:logGet(44)) - raft.server.rpc.timeout.min = 1s (custom)
2020-05-22 21:02:24,346 [pool-68-thread-1] INFO  server.RaftServerConfigKeys (ConfUtils.java:logGet(44)) - raft.server.rpc.timeout.max = 1200ms (custom)
2020-05-22 21:02:24,346 [pool-68-thread-1] INFO  server.RaftServerConfigKeys (ConfUtils.java:logGet(44)) - raft.server.rpcslowness.timeout = 300s (custom)
2020-05-22 21:02:24,346 [pool-68-thread-1] INFO  server.RaftServerConfigKeys (ConfUtils.java:logGet(44)) - raft.server.sleep.deviation.threshold = 300 (default)
2020-05-22 21:02:24,347 [pool-68-thread-1] INFO  server.RaftServerConfigKeys (ConfUtils.java:logGet(44)) - raft.server.log.appender.install.snapshot.enabled = false (custom)
2020-05-22 21:02:24,347 [pool-68-thread-1] INFO  impl.RaftServerImpl (ServerState.java:<init>(103)) - a3997db8-320d-4151-9902-06bffb7c93ac@group-F4E35192C1A7: ConfigurationManager, init=-1: [2484e415-5504-40d1-8ead-c46d206deb95:172.17.0.2:45739, a3997db8-320d-4151-9902-06bffb7c93ac:172.17.0.2:38093, 0dacf195-f99f-4186-8388-cfc458ddcf69:172.17.0.2:40519], old=null, confs=<EMPTY_MAP>
2020-05-22 21:02:24,347 [pool-68-thread-1] INFO  server.RaftServerConfigKeys (ConfUtils.java:logGet(44)) - raft.server.storage.dir = [/github/workspace/mnt/ozone/hadoop-ozone/integration-test/target/test-dir/MiniOzoneClusterImpl-aeaef343-8586-4703-af18-3341d148064c/datanode-2/data/ratis] (custom)
2020-05-22 21:02:24,347 [pool-68-thread-1] INFO  server.RaftServerConfigKeys (ConfUtils.java:logGet(44)) - raft.server.log.corruption.policy = EXCEPTION (default)
2020-05-22 21:02:24,347 [pool-68-thread-1] INFO  storage.RaftStorageDirectory (RaftStorageDirectory.java:analyzeStorage(261)) - The storage directory /github/workspace/mnt/ozone/hadoop-ozone/integration-test/target/test-dir/MiniOzoneClusterImpl-aeaef343-8586-4703-af18-3341d148064c/datanode-2/data/ratis/b8bc81e2-7c38-4433-8921-f4e35192c1a7 does not exist. Creating ...
2020-05-22 21:02:24,344 [pool-84-thread-1] INFO  impl.RaftServerImpl (RaftServerImpl.java:start(184)) - f2bdfaa2-ada9-47f2-baba-68fb1582a464@group-86233C3AD459: start as a follower, conf=-1: [f2bdfaa2-ada9-47f2-baba-68fb1582a464:172.17.0.2:41705], old=null
2020-05-22 21:02:24,348 [pool-84-thread-1] INFO  impl.RaftServerImpl (RaftServerImpl.java:setRole(173)) - f2bdfaa2-ada9-47f2-baba-68fb1582a464@group-86233C3AD459: changes role from      null to FOLLOWER at term 0 for startAsFollower
2020-05-22 21:02:24,341 [Command processor thread] INFO  impl.RaftServerProxy (RaftServerProxy.java:addNew(89)) - a3997db8-320d-4151-9902-06bffb7c93ac: addNew group-F4E35192C1A7:[2484e415-5504-40d1-8ead-c46d206deb95:172.17.0.2:45739, a3997db8-320d-4151-9902-06bffb7c93ac:172.17.0.2:38093, 0dacf195-f99f-4186-8388-cfc458ddcf69:172.17.0.2:40519] returns group-F4E35192C1A7:java.util.concurrent.CompletableFuture@2de683f3[Not completed]
2020-05-22 21:02:24,348 [pool-36-thread-1] INFO  impl.RoleInfo (RoleInfo.java:updateAndGet(143)) - 0dacf195-f99f-4186-8388-cfc458ddcf69: start FollowerState
2020-05-22 21:02:24,348 [pool-52-thread-1] INFO  server.RaftServerConfigKeys (ConfUtils.java:logGet(44)) - raft.server.snapshot.auto.trigger.enabled = true (custom)
2020-05-22 21:02:24,348 [pool-52-thread-1] INFO  server.RaftServerConfigKeys (ConfUtils.java:logGet(44)) - raft.server.snapshot.auto.trigger.threshold = 10000 (custom)
2020-05-22 21:02:24,348 [pool-52-thread-1] INFO  server.RaftServerConfigKeys (ConfUtils.java:logGet(44)) - raft.server.snapshot.retention.file.num = 5 (custom)
2020-05-22 21:02:24,349 [pool-52-thread-1] INFO  server.RaftServerConfigKeys (ConfUtils.java:logGet(44)) - raft.server.log.purge.upto.snapshot.index = false (default)
2020-05-22 21:02:24,349 [pool-68-thread-1] INFO  storage.RaftStorageDirectory (RaftStorageDirectory.java:tryLock(343)) - Lock on /github/workspace/mnt/ozone/hadoop-ozone/integration-test/target/test-dir/MiniOzoneClusterImpl-aeaef343-8586-4703-af18-3341d148064c/datanode-2/data/ratis/b8bc81e2-7c38-4433-8921-f4e35192c1a7/in_use.lock acquired by nodename 8821@b8e5eb7a950d
2020-05-22 21:02:24,350 [pool-68-thread-1] INFO  storage.RaftStorage (RaftStorage.java:format(84)) - Storage directory /github/workspace/mnt/ozone/hadoop-ozone/integration-test/target/test-dir/MiniOzoneClusterImpl-aeaef343-8586-4703-af18-3341d148064c/datanode-2/data/ratis/b8bc81e2-7c38-4433-8921-f4e35192c1a7 has been successfully formatted.
2020-05-22 21:02:24,357 [pool-36-thread-1] INFO  util.JmxRegister (JmxRegister.java:tryRegister(44)) - Successfully registered JMX Bean with object name Ratis:service=RaftServer,group=group-F4E35192C1A7,id=0dacf195-f99f-4186-8388-cfc458ddcf69
2020-05-22 21:02:24,357 [pool-36-thread-1] INFO  metrics.RatisMetrics (RatisMetrics.java:lambda$create$0(39)) - Creating Metrics Registry : ratis.state_machine.0dacf195-f99f-4186-8388-cfc458ddcf69@group-F4E35192C1A7
2020-05-22 21:02:24,361 [pool-84-thread-1] INFO  impl.RoleInfo (RoleInfo.java:updateAndGet(143)) - f2bdfaa2-ada9-47f2-baba-68fb1582a464: start FollowerState
2020-05-22 21:02:24,361 [pool-68-thread-1] INFO  ratis.ContainerStateMachine (ContainerStateMachine.java:loadSnapshot(226)) - group-F4E35192C1A7: The snapshot info is null. Setting the last applied indexto:(t:0, i:~)
2020-05-22 21:02:24,361 [pool-68-thread-1] INFO  server.RaftServerConfigKeys (ConfUtils.java:logGet(44)) - raft.server.notification.no-leader.timeout = 60s (default)
2020-05-22 21:02:24,361 [pool-68-thread-1] INFO  server.RaftServerConfigKeys (ConfUtils.java:logGet(44)) - raft.server.log.use.memory = false (default)
2020-05-22 21:02:24,361 [pool-68-thread-1] INFO  server.RaftServerConfigKeys (ConfUtils.java:logGet(44)) - raft.server.log.purge.gap = 1000000 (custom)
2020-05-22 21:02:24,361 [pool-68-thread-1] INFO  server.RaftServerConfigKeys (ConfUtils.java:logGet(44)) - raft.server.log.appender.buffer.byte-limit = 33554432 (custom)
2020-05-22 21:02:24,362 [pool-68-thread-1] INFO  server.RaftServerConfigKeys (ConfUtils.java:logGet(44)) - raft.server.log.segment.size.max = 1048576 (custom)
2020-05-22 21:02:24,362 [pool-68-thread-1] INFO  server.RaftServerConfigKeys (ConfUtils.java:logGet(44)) - raft.server.log.segment.cache.num.max = 2 (custom)
2020-05-22 21:02:24,362 [pool-68-thread-1] INFO  segmented.SegmentedRaftLogWorker (SegmentedRaftLogWorker.java:<init>(176)) - new a3997db8-320d-4151-9902-06bffb7c93ac@group-F4E35192C1A7-SegmentedRaftLogWorker for RaftStorage:Storage Directory /github/workspace/mnt/ozone/hadoop-ozone/integration-test/target/test-dir/MiniOzoneClusterImpl-aeaef343-8586-4703-af18-3341d148064c/datanode-2/data/ratis/b8bc81e2-7c38-4433-8921-f4e35192c1a7
2020-05-22 21:02:24,362 [pool-68-thread-1] INFO  server.RaftServerConfigKeys (ConfUtils.java:logGet(44)) - raft.server.log.queue.byte-limit = 2147483647 (custom)
2020-05-22 21:02:24,362 [pool-68-thread-1] INFO  server.RaftServerConfigKeys (ConfUtils.java:logGet(44)) - raft.server.log.queue.element-limit = 1024 (custom)
2020-05-22 21:02:24,362 [pool-68-thread-1] INFO  server.RaftServerConfigKeys (ConfUtils.java:logGet(44)) - raft.server.log.segment.size.max = 1048576 (custom)
2020-05-22 21:02:24,363 [pool-68-thread-1] INFO  server.RaftServerConfigKeys (ConfUtils.java:logGet(44)) - raft.server.log.preallocated.size = 16384 (custom)
2020-05-22 21:02:24,363 [pool-68-thread-1] INFO  server.RaftServerConfigKeys (ConfUtils.java:logGet(44)) - raft.server.log.write.buffer.size = 1048576 (custom)
2020-05-22 21:02:24,363 [pool-68-thread-1] INFO  server.RaftServerConfigKeys (ConfUtils.java:logGet(44)) - raft.server.log.force.sync.num = 128 (default)
2020-05-22 21:02:24,363 [pool-68-thread-1] INFO  server.RaftServerConfigKeys (ConfUtils.java:logGet(44)) - raft.server.log.statemachine.data.sync = true (default)
2020-05-22 21:02:24,363 [pool-68-thread-1] INFO  server.RaftServerConfigKeys (ConfUtils.java:logGet(44)) - raft.server.log.statemachine.data.sync.timeout = 10s (default)
2020-05-22 21:02:24,363 [pool-68-thread-1] INFO  server.RaftServerConfigKeys (ConfUtils.java:logGet(44)) - raft.server.log.statemachine.data.sync.timeout.retry = -1 (default)
2020-05-22 21:02:24,363 [pool-84-thread-1] INFO  util.JmxRegister (JmxRegister.java:tryRegister(44)) - Successfully registered JMX Bean with object name Ratis:service=RaftServer,group=group-86233C3AD459,id=f2bdfaa2-ada9-47f2-baba-68fb1582a464
2020-05-22 21:02:24,363 [pool-84-thread-1] INFO  metrics.RatisMetrics (RatisMetrics.java:lambda$create$0(39)) - Creating Metrics Registry : ratis.state_machine.f2bdfaa2-ada9-47f2-baba-68fb1582a464@group-86233C3AD459
2020-05-22 21:02:24,364 [pool-68-thread-1] INFO  server.RaftServerConfigKeys (ConfUtils.java:logGet(44)) - raft.server.log.statemachine.data.caching.enabled = true (custom)
2020-05-22 21:02:24,364 [pool-68-thread-1] INFO  segmented.SegmentedRaftLogWorker (SegmentedRaftLogWorker.java:lambda$new$0(129)) - a3997db8-320d-4151-9902-06bffb7c93ac@group-F4E35192C1A7-SegmentedRaftLogWorker: flushIndex: setUnconditionally 0 -> -1
2020-05-22 21:02:24,374 [pool-52-thread-1] INFO  server.RaftServerConfigKeys (ConfUtils.java:logGet(44)) - raft.server.retrycache.expirytime = 600000ms (custom)
2020-05-22 21:02:24,374 [pool-52-thread-1] INFO  metrics.RatisMetrics (RatisMetrics.java:lambda$create$0(39)) - Creating Metrics Registry : ratis.leader_election.2484e415-5504-40d1-8ead-c46d206deb95@group-F4E35192C1A7
2020-05-22 21:02:24,375 [pool-52-thread-1] INFO  metrics.RatisMetrics (RatisMetrics.java:lambda$create$0(39)) - Creating Metrics Registry : ratis.server.2484e415-5504-40d1-8ead-c46d206deb95@group-F4E35192C1A7
2020-05-22 21:02:24,385 [Command processor thread] INFO  impl.RaftServerProxy (RaftServerProxy.java:addNew(89)) - 64c4e62d-3fa9-4daf-8209-3ca94e9bda72: addNew group-DC62643821C4:[64c4e62d-3fa9-4daf-8209-3ca94e9bda72:172.17.0.2:38101] returns group-DC62643821C4:java.util.concurrent.CompletableFuture@4b15ed44[Not completed]
2020-05-22 21:02:24,386 [pool-68-thread-1] INFO  server.RaftServerConfigKeys (ConfUtils.java:logGet(44)) - raft.server.snapshot.auto.trigger.enabled = true (custom)
2020-05-22 21:02:24,386 [pool-68-thread-1] INFO  server.RaftServerConfigKeys (ConfUtils.java:logGet(44)) - raft.server.snapshot.auto.trigger.threshold = 10000 (custom)
2020-05-22 21:02:24,386 [pool-68-thread-1] INFO  server.RaftServerConfigKeys (ConfUtils.java:logGet(44)) - raft.server.snapshot.retention.file.num = 5 (custom)
2020-05-22 21:02:24,386 [pool-68-thread-1] INFO  server.RaftServerConfigKeys (ConfUtils.java:logGet(44)) - raft.server.log.purge.upto.snapshot.index = false (default)
2020-05-22 21:02:24,387 [pool-68-thread-1] INFO  server.RaftServerConfigKeys (ConfUtils.java:logGet(44)) - raft.server.retrycache.expirytime = 600000ms (custom)
2020-05-22 21:02:24,387 [pool-68-thread-1] INFO  metrics.RatisMetrics (RatisMetrics.java:lambda$create$0(39)) - Creating Metrics Registry : ratis.leader_election.a3997db8-320d-4151-9902-06bffb7c93ac@group-F4E35192C1A7
2020-05-22 21:02:24,396 [pool-52-thread-1] INFO  impl.RaftServerImpl (RaftServerImpl.java:start(184)) - 2484e415-5504-40d1-8ead-c46d206deb95@group-F4E35192C1A7: start as a follower, conf=-1: [2484e415-5504-40d1-8ead-c46d206deb95:172.17.0.2:45739, a3997db8-320d-4151-9902-06bffb7c93ac:172.17.0.2:38093, 0dacf195-f99f-4186-8388-cfc458ddcf69:172.17.0.2:40519], old=null
2020-05-22 21:02:24,396 [pool-52-thread-1] INFO  impl.RaftServerImpl (RaftServerImpl.java:setRole(173)) - 2484e415-5504-40d1-8ead-c46d206deb95@group-F4E35192C1A7: changes role from      null to FOLLOWER at term 0 for startAsFollower
2020-05-22 21:02:24,396 [pool-52-thread-1] INFO  impl.RoleInfo (RoleInfo.java:updateAndGet(143)) - 2484e415-5504-40d1-8ead-c46d206deb95: start FollowerState
2020-05-22 21:02:24,396 [pool-68-thread-1] INFO  metrics.RatisMetrics (RatisMetrics.java:lambda$create$0(39)) - Creating Metrics Registry : ratis.server.a3997db8-320d-4151-9902-06bffb7c93ac@group-F4E35192C1A7
2020-05-22 21:02:24,397 [pool-68-thread-1] INFO  impl.RaftServerImpl (RaftServerImpl.java:start(184)) - a3997db8-320d-4151-9902-06bffb7c93ac@group-F4E35192C1A7: start as a follower, conf=-1: [2484e415-5504-40d1-8ead-c46d206deb95:172.17.0.2:45739, a3997db8-320d-4151-9902-06bffb7c93ac:172.17.0.2:38093, 0dacf195-f99f-4186-8388-cfc458ddcf69:172.17.0.2:40519], old=null
2020-05-22 21:02:24,397 [pool-68-thread-1] INFO  impl.RaftServerImpl (RaftServerImpl.java:setRole(173)) - a3997db8-320d-4151-9902-06bffb7c93ac@group-F4E35192C1A7: changes role from      null to FOLLOWER at term 0 for startAsFollower
2020-05-22 21:02:24,401 [pool-52-thread-1] INFO  util.JmxRegister (JmxRegister.java:tryRegister(44)) - Successfully registered JMX Bean with object name Ratis:service=RaftServer,group=group-F4E35192C1A7,id=2484e415-5504-40d1-8ead-c46d206deb95
2020-05-22 21:02:24,401 [pool-52-thread-1] INFO  metrics.RatisMetrics (RatisMetrics.java:lambda$create$0(39)) - Creating Metrics Registry : ratis.state_machine.2484e415-5504-40d1-8ead-c46d206deb95@group-F4E35192C1A7
2020-05-22 21:02:24,402 [Command processor thread] INFO  commandhandler.CreatePipelineCommandHandler (CreatePipelineCommandHandler.java:handle(109)) - Created Pipeline RATIS ONE #id: "a5171fe9-f083-4a81-8844-86233c3ad459"
.
2020-05-22 21:02:24,403 [Command processor thread] INFO  impl.RaftServerProxy (RaftServerProxy.java:addNew(89)) - f2bdfaa2-ada9-47f2-baba-68fb1582a464: addNew group-402642E6913C:[ca65480a-af45-4754-bab7-1cb47c27def5:172.17.0.2:34187, 64c4e62d-3fa9-4daf-8209-3ca94e9bda72:172.17.0.2:38101, f2bdfaa2-ada9-47f2-baba-68fb1582a464:172.17.0.2:41705] returns group-402642E6913C:java.util.concurrent.CompletableFuture@169c227[Not completed]
2020-05-22 21:02:24,403 [pool-68-thread-1] INFO  impl.RoleInfo (RoleInfo.java:updateAndGet(143)) - a3997db8-320d-4151-9902-06bffb7c93ac: start FollowerState
2020-05-22 21:02:24,404 [pool-84-thread-1] INFO  impl.RaftServerImpl (RaftServerImpl.java:<init>(98)) - f2bdfaa2-ada9-47f2-baba-68fb1582a464: new RaftServerImpl for group-402642E6913C:[ca65480a-af45-4754-bab7-1cb47c27def5:172.17.0.2:34187, 64c4e62d-3fa9-4daf-8209-3ca94e9bda72:172.17.0.2:38101, f2bdfaa2-ada9-47f2-baba-68fb1582a464:172.17.0.2:41705] with ContainerStateMachine:uninitialized
2020-05-22 21:02:24,405 [pool-84-thread-1] INFO  server.RaftServerConfigKeys (ConfUtils.java:logGet(44)) - raft.server.rpc.timeout.min = 1s (custom)
2020-05-22 21:02:24,405 [pool-84-thread-1] INFO  server.RaftServerConfigKeys (ConfUtils.java:logGet(44)) - raft.server.rpc.timeout.max = 1200ms (custom)
2020-05-22 21:02:24,405 [pool-84-thread-1] INFO  server.RaftServerConfigKeys (ConfUtils.java:logGet(44)) - raft.server.rpcslowness.timeout = 300s (custom)
2020-05-22 21:02:24,405 [pool-84-thread-1] INFO  server.RaftServerConfigKeys (ConfUtils.java:logGet(44)) - raft.server.sleep.deviation.threshold = 300 (default)
2020-05-22 21:02:24,405 [pool-84-thread-1] INFO  server.RaftServerConfigKeys (ConfUtils.java:logGet(44)) - raft.server.log.appender.install.snapshot.enabled = false (custom)
2020-05-22 21:02:24,405 [pool-84-thread-1] INFO  impl.RaftServerImpl (ServerState.java:<init>(103)) - f2bdfaa2-ada9-47f2-baba-68fb1582a464@group-402642E6913C: ConfigurationManager, init=-1: [ca65480a-af45-4754-bab7-1cb47c27def5:172.17.0.2:34187, 64c4e62d-3fa9-4daf-8209-3ca94e9bda72:172.17.0.2:38101, f2bdfaa2-ada9-47f2-baba-68fb1582a464:172.17.0.2:41705], old=null, confs=<EMPTY_MAP>
2020-05-22 21:02:24,405 [pool-84-thread-1] INFO  server.RaftServerConfigKeys (ConfUtils.java:logGet(44)) - raft.server.storage.dir = [/github/workspace/mnt/ozone/hadoop-ozone/integration-test/target/test-dir/MiniOzoneClusterImpl-aeaef343-8586-4703-af18-3341d148064c/datanode-3/data/ratis] (custom)
2020-05-22 21:02:24,405 [pool-84-thread-1] INFO  server.RaftServerConfigKeys (ConfUtils.java:logGet(44)) - raft.server.log.corruption.policy = EXCEPTION (default)
2020-05-22 21:02:24,406 [pool-84-thread-1] INFO  storage.RaftStorageDirectory (RaftStorageDirectory.java:analyzeStorage(261)) - The storage directory /github/workspace/mnt/ozone/hadoop-ozone/integration-test/target/test-dir/MiniOzoneClusterImpl-aeaef343-8586-4703-af18-3341d148064c/datanode-3/data/ratis/23a7bbaf-54e2-4fd9-8428-402642e6913c does not exist. Creating ...
2020-05-22 21:02:24,406 [pool-68-thread-1] INFO  util.JmxRegister (JmxRegister.java:tryRegister(44)) - Successfully registered JMX Bean with object name Ratis:service=RaftServer,group=group-F4E35192C1A7,id=a3997db8-320d-4151-9902-06bffb7c93ac
2020-05-22 21:02:24,406 [pool-68-thread-1] INFO  metrics.RatisMetrics (RatisMetrics.java:lambda$create$0(39)) - Creating Metrics Registry : ratis.state_machine.a3997db8-320d-4151-9902-06bffb7c93ac@group-F4E35192C1A7
2020-05-22 21:02:24,408 [pool-100-thread-1] INFO  impl.RaftServerImpl (RaftServerImpl.java:<init>(98)) - 64c4e62d-3fa9-4daf-8209-3ca94e9bda72: new RaftServerImpl for group-DC62643821C4:[64c4e62d-3fa9-4daf-8209-3ca94e9bda72:172.17.0.2:38101] with ContainerStateMachine:uninitialized
2020-05-22 21:02:24,408 [pool-100-thread-1] INFO  server.RaftServerConfigKeys (ConfUtils.java:logGet(44)) - raft.server.rpc.timeout.min = 1s (custom)
2020-05-22 21:02:24,408 [pool-100-thread-1] INFO  server.RaftServerConfigKeys (ConfUtils.java:logGet(44)) - raft.server.rpc.timeout.max = 1200ms (custom)
2020-05-22 21:02:24,408 [pool-100-thread-1] INFO  server.RaftServerConfigKeys (ConfUtils.java:logGet(44)) - raft.server.rpcslowness.timeout = 300s (custom)
2020-05-22 21:02:24,408 [pool-100-thread-1] INFO  server.RaftServerConfigKeys (ConfUtils.java:logGet(44)) - raft.server.sleep.deviation.threshold = 300 (default)
2020-05-22 21:02:24,408 [pool-100-thread-1] INFO  server.RaftServerConfigKeys (ConfUtils.java:logGet(44)) - raft.server.log.appender.install.snapshot.enabled = false (custom)
2020-05-22 21:02:24,421 [pool-100-thread-1] INFO  impl.RaftServerImpl (ServerState.java:<init>(103)) - 64c4e62d-3fa9-4daf-8209-3ca94e9bda72@group-DC62643821C4: ConfigurationManager, init=-1: [64c4e62d-3fa9-4daf-8209-3ca94e9bda72:172.17.0.2:38101], old=null, confs=<EMPTY_MAP>
2020-05-22 21:02:24,421 [pool-100-thread-1] INFO  server.RaftServerConfigKeys (ConfUtils.java:logGet(44)) - raft.server.storage.dir = [/github/workspace/mnt/ozone/hadoop-ozone/integration-test/target/test-dir/MiniOzoneClusterImpl-aeaef343-8586-4703-af18-3341d148064c/datanode-4/data/ratis] (custom)
2020-05-22 21:02:24,422 [pool-100-thread-1] INFO  server.RaftServerConfigKeys (ConfUtils.java:logGet(44)) - raft.server.log.corruption.policy = EXCEPTION (default)
2020-05-22 21:02:24,422 [pool-100-thread-1] INFO  storage.RaftStorageDirectory (RaftStorageDirectory.java:analyzeStorage(261)) - The storage directory /github/workspace/mnt/ozone/hadoop-ozone/integration-test/target/test-dir/MiniOzoneClusterImpl-aeaef343-8586-4703-af18-3341d148064c/datanode-4/data/ratis/5a7ee96e-d86e-400f-8a8a-dc62643821c4 does not exist. Creating ...
2020-05-22 21:02:24,425 [pool-84-thread-1] INFO  storage.RaftStorageDirectory (RaftStorageDirectory.java:tryLock(343)) - Lock on /github/workspace/mnt/ozone/hadoop-ozone/integration-test/target/test-dir/MiniOzoneClusterImpl-aeaef343-8586-4703-af18-3341d148064c/datanode-3/data/ratis/23a7bbaf-54e2-4fd9-8428-402642e6913c/in_use.lock acquired by nodename 8821@b8e5eb7a950d
2020-05-22 21:02:24,443 [pool-100-thread-1] INFO  storage.RaftStorageDirectory (RaftStorageDirectory.java:tryLock(343)) - Lock on /github/workspace/mnt/ozone/hadoop-ozone/integration-test/target/test-dir/MiniOzoneClusterImpl-aeaef343-8586-4703-af18-3341d148064c/datanode-4/data/ratis/5a7ee96e-d86e-400f-8a8a-dc62643821c4/in_use.lock acquired by nodename 8821@b8e5eb7a950d
2020-05-22 21:02:24,443 [pool-84-thread-1] INFO  storage.RaftStorage (RaftStorage.java:format(84)) - Storage directory /github/workspace/mnt/ozone/hadoop-ozone/integration-test/target/test-dir/MiniOzoneClusterImpl-aeaef343-8586-4703-af18-3341d148064c/datanode-3/data/ratis/23a7bbaf-54e2-4fd9-8428-402642e6913c has been successfully formatted.
2020-05-22 21:02:24,444 [pool-100-thread-1] INFO  storage.RaftStorage (RaftStorage.java:format(84)) - Storage directory /github/workspace/mnt/ozone/hadoop-ozone/integration-test/target/test-dir/MiniOzoneClusterImpl-aeaef343-8586-4703-af18-3341d148064c/datanode-4/data/ratis/5a7ee96e-d86e-400f-8a8a-dc62643821c4 has been successfully formatted.
2020-05-22 21:02:24,444 [pool-84-thread-1] INFO  ratis.ContainerStateMachine (ContainerStateMachine.java:loadSnapshot(226)) - group-402642E6913C: The snapshot info is null. Setting the last applied indexto:(t:0, i:~)
2020-05-22 21:02:24,444 [pool-84-thread-1] INFO  server.RaftServerConfigKeys (ConfUtils.java:logGet(44)) - raft.server.notification.no-leader.timeout = 60s (default)
2020-05-22 21:02:24,445 [pool-84-thread-1] INFO  server.RaftServerConfigKeys (ConfUtils.java:logGet(44)) - raft.server.log.use.memory = false (default)
2020-05-22 21:02:24,445 [pool-84-thread-1] INFO  server.RaftServerConfigKeys (ConfUtils.java:logGet(44)) - raft.server.log.purge.gap = 1000000 (custom)
2020-05-22 21:02:24,445 [pool-84-thread-1] INFO  server.RaftServerConfigKeys (ConfUtils.java:logGet(44)) - raft.server.log.appender.buffer.byte-limit = 33554432 (custom)
2020-05-22 21:02:24,445 [pool-84-thread-1] INFO  server.RaftServerConfigKeys (ConfUtils.java:logGet(44)) - raft.server.log.segment.size.max = 1048576 (custom)
2020-05-22 21:02:24,445 [pool-84-thread-1] INFO  server.RaftServerConfigKeys (ConfUtils.java:logGet(44)) - raft.server.log.segment.cache.num.max = 2 (custom)
2020-05-22 21:02:24,445 [pool-84-thread-1] INFO  segmented.SegmentedRaftLogWorker (SegmentedRaftLogWorker.java:<init>(176)) - new f2bdfaa2-ada9-47f2-baba-68fb1582a464@group-402642E6913C-SegmentedRaftLogWorker for RaftStorage:Storage Directory /github/workspace/mnt/ozone/hadoop-ozone/integration-test/target/test-dir/MiniOzoneClusterImpl-aeaef343-8586-4703-af18-3341d148064c/datanode-3/data/ratis/23a7bbaf-54e2-4fd9-8428-402642e6913c
2020-05-22 21:02:24,447 [pool-84-thread-1] INFO  server.RaftServerConfigKeys (ConfUtils.java:logGet(44)) - raft.server.log.queue.byte-limit = 2147483647 (custom)
2020-05-22 21:02:24,447 [pool-84-thread-1] INFO  server.RaftServerConfigKeys (ConfUtils.java:logGet(44)) - raft.server.log.queue.element-limit = 1024 (custom)
2020-05-22 21:02:24,446 [pool-100-thread-1] INFO  ratis.ContainerStateMachine (ContainerStateMachine.java:loadSnapshot(226)) - group-DC62643821C4: The snapshot info is null. Setting the last applied indexto:(t:0, i:~)
2020-05-22 21:02:24,447 [pool-100-thread-1] INFO  server.RaftServerConfigKeys (ConfUtils.java:logGet(44)) - raft.server.notification.no-leader.timeout = 60s (default)
2020-05-22 21:02:24,447 [pool-100-thread-1] INFO  server.RaftServerConfigKeys (ConfUtils.java:logGet(44)) - raft.server.log.use.memory = false (default)
2020-05-22 21:02:24,448 [pool-100-thread-1] INFO  server.RaftServerConfigKeys (ConfUtils.java:logGet(44)) - raft.server.log.purge.gap = 1000000 (custom)
2020-05-22 21:02:24,448 [pool-100-thread-1] INFO  server.RaftServerConfigKeys (ConfUtils.java:logGet(44)) - raft.server.log.appender.buffer.byte-limit = 33554432 (custom)
2020-05-22 21:02:24,448 [pool-100-thread-1] INFO  server.RaftServerConfigKeys (ConfUtils.java:logGet(44)) - raft.server.log.segment.size.max = 1048576 (custom)
2020-05-22 21:02:24,448 [pool-100-thread-1] INFO  metrics.RatisMetrics (RatisMetrics.java:lambda$create$0(39)) - Creating Metrics Registry : ratis.log_worker.64c4e62d-3fa9-4daf-8209-3ca94e9bda72
2020-05-22 21:02:24,453 [EventQueue-PipelineReportForPipelineReportHandler] INFO  pipeline.PipelineStateManager (PipelineStateManager.java:openPipeline(131)) - Pipeline Pipeline[ Id: 5a7ee96e-d86e-400f-8a8a-dc62643821c4, Nodes: 64c4e62d-3fa9-4daf-8209-3ca94e9bda72{ip: 172.17.0.2, host: b8e5eb7a950d, networkLocation: /rack1, certSerialId: null}, Type:RATIS, Factor:ONE, State:ALLOCATED, leaderId:64c4e62d-3fa9-4daf-8209-3ca94e9bda72, CreationTimestamp2020-05-22T21:02:21.375Z] moved to OPEN state
2020-05-22 21:02:24,453 [EventQueue-OpenPipelineForOneReplicaPipelineSafeModeRule] INFO  safemode.SCMSafeModeManager (SCMSafeModeManager.java:validateSafeModeExitRules(213)) - AtleastOneDatanodeReportedRule rule is successfully validated
2020-05-22 21:02:24,453 [EventQueue-OpenPipelineForHealthyPipelineSafeModeRule] INFO  safemode.SCMSafeModeManager (HealthyPipelineSafeModeRule.java:process(132)) - SCM in safe mode. Healthy pipelines reported count is 0, required healthy pipeline reported count is 1
2020-05-22 21:02:24,454 [pool-84-thread-1] INFO  server.RaftServerConfigKeys (ConfUtils.java:logGet(44)) - raft.server.log.segment.size.max = 1048576 (custom)
2020-05-22 21:02:24,454 [pool-84-thread-1] INFO  server.RaftServerConfigKeys (ConfUtils.java:logGet(44)) - raft.server.log.preallocated.size = 16384 (custom)
2020-05-22 21:02:24,454 [pool-84-thread-1] INFO  server.RaftServerConfigKeys (ConfUtils.java:logGet(44)) - raft.server.log.write.buffer.size = 1048576 (custom)
2020-05-22 21:02:24,454 [pool-84-thread-1] INFO  server.RaftServerConfigKeys (ConfUtils.java:logGet(44)) - raft.server.log.force.sync.num = 128 (default)
2020-05-22 21:02:24,454 [pool-84-thread-1] INFO  server.RaftServerConfigKeys (ConfUtils.java:logGet(44)) - raft.server.log.statemachine.data.sync = true (default)
2020-05-22 21:02:24,454 [pool-84-thread-1] INFO  server.RaftServerConfigKeys (ConfUtils.java:logGet(44)) - raft.server.log.statemachine.data.sync.timeout = 10s (default)
2020-05-22 21:02:24,454 [pool-84-thread-1] INFO  server.RaftServerConfigKeys (ConfUtils.java:logGet(44)) - raft.server.log.statemachine.data.sync.timeout.retry = -1 (default)
2020-05-22 21:02:24,455 [pool-84-thread-1] INFO  server.RaftServerConfigKeys (ConfUtils.java:logGet(44)) - raft.server.log.statemachine.data.caching.enabled = true (custom)
2020-05-22 21:02:24,455 [pool-84-thread-1] INFO  segmented.SegmentedRaftLogWorker (SegmentedRaftLogWorker.java:lambda$new$0(129)) - f2bdfaa2-ada9-47f2-baba-68fb1582a464@group-402642E6913C-SegmentedRaftLogWorker: flushIndex: setUnconditionally 0 -> -1
2020-05-22 21:02:24,456 [pool-100-thread-1] INFO  server.RaftServerConfigKeys (ConfUtils.java:logGet(44)) - raft.server.log.segment.cache.num.max = 2 (custom)
2020-05-22 21:02:24,456 [pool-100-thread-1] INFO  segmented.SegmentedRaftLogWorker (SegmentedRaftLogWorker.java:<init>(176)) - new 64c4e62d-3fa9-4daf-8209-3ca94e9bda72@group-DC62643821C4-SegmentedRaftLogWorker for RaftStorage:Storage Directory /github/workspace/mnt/ozone/hadoop-ozone/integration-test/target/test-dir/MiniOzoneClusterImpl-aeaef343-8586-4703-af18-3341d148064c/datanode-4/data/ratis/5a7ee96e-d86e-400f-8a8a-dc62643821c4
2020-05-22 21:02:24,456 [pool-100-thread-1] INFO  server.RaftServerConfigKeys (ConfUtils.java:logGet(44)) - raft.server.log.queue.byte-limit = 2147483647 (custom)
2020-05-22 21:02:24,456 [pool-100-thread-1] INFO  server.RaftServerConfigKeys (ConfUtils.java:logGet(44)) - raft.server.log.queue.element-limit = 1024 (custom)
2020-05-22 21:02:24,456 [pool-100-thread-1] INFO  server.RaftServerConfigKeys (ConfUtils.java:logGet(44)) - raft.server.log.segment.size.max = 1048576 (custom)
2020-05-22 21:02:24,456 [pool-100-thread-1] INFO  server.RaftServerConfigKeys (ConfUtils.java:logGet(44)) - raft.server.log.preallocated.size = 16384 (custom)
2020-05-22 21:02:24,457 [pool-100-thread-1] INFO  server.RaftServerConfigKeys (ConfUtils.java:logGet(44)) - raft.server.log.write.buffer.size = 1048576 (custom)
2020-05-22 21:02:24,457 [pool-100-thread-1] INFO  server.RaftServerConfigKeys (ConfUtils.java:logGet(44)) - raft.server.log.force.sync.num = 128 (default)
2020-05-22 21:02:24,457 [pool-100-thread-1] INFO  server.RaftServerConfigKeys (ConfUtils.java:logGet(44)) - raft.server.log.statemachine.data.sync = true (default)
2020-05-22 21:02:24,457 [pool-100-thread-1] INFO  server.RaftServerConfigKeys (ConfUtils.java:logGet(44)) - raft.server.log.statemachine.data.sync.timeout = 10s (default)
2020-05-22 21:02:24,457 [pool-100-thread-1] INFO  server.RaftServerConfigKeys (ConfUtils.java:logGet(44)) - raft.server.log.statemachine.data.sync.timeout.retry = -1 (default)
2020-05-22 21:02:24,464 [pool-84-thread-1] INFO  server.RaftServerConfigKeys (ConfUtils.java:logGet(44)) - raft.server.snapshot.auto.trigger.enabled = true (custom)
2020-05-22 21:02:24,464 [pool-84-thread-1] INFO  server.RaftServerConfigKeys (ConfUtils.java:logGet(44)) - raft.server.snapshot.auto.trigger.threshold = 10000 (custom)
2020-05-22 21:02:24,464 [pool-84-thread-1] INFO  server.RaftServerConfigKeys (ConfUtils.java:logGet(44)) - raft.server.snapshot.retention.file.num = 5 (custom)
2020-05-22 21:02:24,464 [pool-84-thread-1] INFO  server.RaftServerConfigKeys (ConfUtils.java:logGet(44)) - raft.server.log.purge.upto.snapshot.index = false (default)
2020-05-22 21:02:24,464 [pool-84-thread-1] INFO  server.RaftServerConfigKeys (ConfUtils.java:logGet(44)) - raft.server.retrycache.expirytime = 600000ms (custom)
2020-05-22 21:02:24,464 [pool-84-thread-1] INFO  metrics.RatisMetrics (RatisMetrics.java:lambda$create$0(39)) - Creating Metrics Registry : ratis.leader_election.f2bdfaa2-ada9-47f2-baba-68fb1582a464@group-402642E6913C
2020-05-22 21:02:24,465 [pool-84-thread-1] INFO  metrics.RatisMetrics (RatisMetrics.java:lambda$create$0(39)) - Creating Metrics Registry : ratis.server.f2bdfaa2-ada9-47f2-baba-68fb1582a464@group-402642E6913C
2020-05-22 21:02:24,466 [pool-84-thread-1] INFO  impl.RaftServerImpl (RaftServerImpl.java:start(184)) - f2bdfaa2-ada9-47f2-baba-68fb1582a464@group-402642E6913C: start as a follower, conf=-1: [ca65480a-af45-4754-bab7-1cb47c27def5:172.17.0.2:34187, 64c4e62d-3fa9-4daf-8209-3ca94e9bda72:172.17.0.2:38101, f2bdfaa2-ada9-47f2-baba-68fb1582a464:172.17.0.2:41705], old=null
2020-05-22 21:02:24,466 [pool-84-thread-1] INFO  impl.RaftServerImpl (RaftServerImpl.java:setRole(173)) - f2bdfaa2-ada9-47f2-baba-68fb1582a464@group-402642E6913C: changes role from      null to FOLLOWER at term 0 for startAsFollower
2020-05-22 21:02:24,466 [pool-84-thread-1] INFO  impl.RoleInfo (RoleInfo.java:updateAndGet(143)) - f2bdfaa2-ada9-47f2-baba-68fb1582a464: start FollowerState
2020-05-22 21:02:24,467 [pool-84-thread-1] INFO  util.JmxRegister (JmxRegister.java:tryRegister(44)) - Successfully registered JMX Bean with object name Ratis:service=RaftServer,group=group-402642E6913C,id=f2bdfaa2-ada9-47f2-baba-68fb1582a464
2020-05-22 21:02:24,467 [pool-84-thread-1] INFO  metrics.RatisMetrics (RatisMetrics.java:lambda$create$0(39)) - Creating Metrics Registry : ratis.state_machine.f2bdfaa2-ada9-47f2-baba-68fb1582a464@group-402642E6913C
2020-05-22 21:02:24,470 [pool-100-thread-1] INFO  server.RaftServerConfigKeys (ConfUtils.java:logGet(44)) - raft.server.log.statemachine.data.caching.enabled = true (custom)
2020-05-22 21:02:24,470 [pool-100-thread-1] INFO  segmented.SegmentedRaftLogWorker (SegmentedRaftLogWorker.java:lambda$new$0(129)) - 64c4e62d-3fa9-4daf-8209-3ca94e9bda72@group-DC62643821C4-SegmentedRaftLogWorker: flushIndex: setUnconditionally 0 -> -1
2020-05-22 21:02:24,472 [pool-100-thread-1] INFO  server.RaftServerConfigKeys (ConfUtils.java:logGet(44)) - raft.server.snapshot.auto.trigger.enabled = true (custom)
2020-05-22 21:02:24,472 [pool-100-thread-1] INFO  server.RaftServerConfigKeys (ConfUtils.java:logGet(44)) - raft.server.snapshot.auto.trigger.threshold = 10000 (custom)
2020-05-22 21:02:24,472 [pool-100-thread-1] INFO  server.RaftServerConfigKeys (ConfUtils.java:logGet(44)) - raft.server.snapshot.retention.file.num = 5 (custom)
2020-05-22 21:02:24,472 [pool-100-thread-1] INFO  server.RaftServerConfigKeys (ConfUtils.java:logGet(44)) - raft.server.log.purge.upto.snapshot.index = false (default)
2020-05-22 21:02:24,472 [pool-100-thread-1] INFO  server.RaftServerConfigKeys (ConfUtils.java:logGet(44)) - raft.server.retrycache.expirytime = 600000ms (custom)
2020-05-22 21:02:24,472 [pool-100-thread-1] INFO  metrics.RatisMetrics (RatisMetrics.java:lambda$create$0(39)) - Creating Metrics Registry : ratis.leader_election.64c4e62d-3fa9-4daf-8209-3ca94e9bda72@group-DC62643821C4
2020-05-22 21:02:24,488 [pool-100-thread-1] INFO  metrics.RatisMetrics (RatisMetrics.java:lambda$create$0(39)) - Creating Metrics Registry : ratis.server.64c4e62d-3fa9-4daf-8209-3ca94e9bda72@group-DC62643821C4
2020-05-22 21:02:24,489 [pool-100-thread-1] INFO  impl.RaftServerImpl (RaftServerImpl.java:start(184)) - 64c4e62d-3fa9-4daf-8209-3ca94e9bda72@group-DC62643821C4: start as a follower, conf=-1: [64c4e62d-3fa9-4daf-8209-3ca94e9bda72:172.17.0.2:38101], old=null
2020-05-22 21:02:24,489 [pool-100-thread-1] INFO  impl.RaftServerImpl (RaftServerImpl.java:setRole(173)) - 64c4e62d-3fa9-4daf-8209-3ca94e9bda72@group-DC62643821C4: changes role from      null to FOLLOWER at term 0 for startAsFollower
2020-05-22 21:02:24,489 [pool-100-thread-1] INFO  impl.RoleInfo (RoleInfo.java:updateAndGet(143)) - 64c4e62d-3fa9-4daf-8209-3ca94e9bda72: start FollowerState
2020-05-22 21:02:24,497 [pool-100-thread-1] INFO  util.JmxRegister (JmxRegister.java:tryRegister(44)) - Successfully registered JMX Bean with object name Ratis:service=RaftServer,group=group-DC62643821C4,id=64c4e62d-3fa9-4daf-8209-3ca94e9bda72
2020-05-22 21:02:24,497 [pool-100-thread-1] INFO  metrics.RatisMetrics (RatisMetrics.java:lambda$create$0(39)) - Creating Metrics Registry : ratis.state_machine.64c4e62d-3fa9-4daf-8209-3ca94e9bda72@group-DC62643821C4
2020-05-22 21:02:24,501 [Command processor thread] INFO  impl.RaftServerProxy (RaftServerProxy.java:addNew(89)) - ca65480a-af45-4754-bab7-1cb47c27def5: addNew group-E6DA4C78A847:[ca65480a-af45-4754-bab7-1cb47c27def5:172.17.0.2:34187] returns group-E6DA4C78A847:java.util.concurrent.CompletableFuture@5d399e66[Not completed]
2020-05-22 21:02:24,504 [Command processor thread] INFO  commandhandler.CreatePipelineCommandHandler (CreatePipelineCommandHandler.java:handle(109)) - Created Pipeline RATIS ONE #id: "5a7ee96e-d86e-400f-8a8a-dc62643821c4"
.
2020-05-22 21:02:24,505 [Command processor thread] INFO  impl.RaftServerProxy (RaftServerProxy.java:addNew(89)) - 64c4e62d-3fa9-4daf-8209-3ca94e9bda72: addNew group-402642E6913C:[ca65480a-af45-4754-bab7-1cb47c27def5:172.17.0.2:34187, 64c4e62d-3fa9-4daf-8209-3ca94e9bda72:172.17.0.2:38101, f2bdfaa2-ada9-47f2-baba-68fb1582a464:172.17.0.2:41705] returns group-402642E6913C:java.util.concurrent.CompletableFuture@4f2a70fe[Not completed]
2020-05-22 21:02:24,506 [pool-100-thread-1] INFO  impl.RaftServerImpl (RaftServerImpl.java:<init>(98)) - 64c4e62d-3fa9-4daf-8209-3ca94e9bda72: new RaftServerImpl for group-402642E6913C:[ca65480a-af45-4754-bab7-1cb47c27def5:172.17.0.2:34187, 64c4e62d-3fa9-4daf-8209-3ca94e9bda72:172.17.0.2:38101, f2bdfaa2-ada9-47f2-baba-68fb1582a464:172.17.0.2:41705] with ContainerStateMachine:uninitialized
2020-05-22 21:02:24,506 [pool-100-thread-1] INFO  server.RaftServerConfigKeys (ConfUtils.java:logGet(44)) - raft.server.rpc.timeout.min = 1s (custom)
2020-05-22 21:02:24,506 [pool-100-thread-1] INFO  server.RaftServerConfigKeys (ConfUtils.java:logGet(44)) - raft.server.rpc.timeout.max = 1200ms (custom)
2020-05-22 21:02:24,506 [pool-100-thread-1] INFO  server.RaftServerConfigKeys (ConfUtils.java:logGet(44)) - raft.server.rpcslowness.timeout = 300s (custom)
2020-05-22 21:02:24,506 [pool-100-thread-1] INFO  server.RaftServerConfigKeys (ConfUtils.java:logGet(44)) - raft.server.sleep.deviation.threshold = 300 (default)
2020-05-22 21:02:24,507 [pool-100-thread-1] INFO  server.RaftServerConfigKeys (ConfUtils.java:logGet(44)) - raft.server.log.appender.install.snapshot.enabled = false (custom)
2020-05-22 21:02:24,507 [pool-100-thread-1] INFO  impl.RaftServerImpl (ServerState.java:<init>(103)) - 64c4e62d-3fa9-4daf-8209-3ca94e9bda72@group-402642E6913C: ConfigurationManager, init=-1: [ca65480a-af45-4754-bab7-1cb47c27def5:172.17.0.2:34187, 64c4e62d-3fa9-4daf-8209-3ca94e9bda72:172.17.0.2:38101, f2bdfaa2-ada9-47f2-baba-68fb1582a464:172.17.0.2:41705], old=null, confs=<EMPTY_MAP>
2020-05-22 21:02:24,507 [pool-100-thread-1] INFO  server.RaftServerConfigKeys (ConfUtils.java:logGet(44)) - raft.server.storage.dir = [/github/workspace/mnt/ozone/hadoop-ozone/integration-test/target/test-dir/MiniOzoneClusterImpl-aeaef343-8586-4703-af18-3341d148064c/datanode-4/data/ratis] (custom)
2020-05-22 21:02:24,507 [pool-100-thread-1] INFO  server.RaftServerConfigKeys (ConfUtils.java:logGet(44)) - raft.server.log.corruption.policy = EXCEPTION (default)
2020-05-22 21:02:24,507 [pool-100-thread-1] INFO  storage.RaftStorageDirectory (RaftStorageDirectory.java:analyzeStorage(261)) - The storage directory /github/workspace/mnt/ozone/hadoop-ozone/integration-test/target/test-dir/MiniOzoneClusterImpl-aeaef343-8586-4703-af18-3341d148064c/datanode-4/data/ratis/23a7bbaf-54e2-4fd9-8428-402642e6913c does not exist. Creating ...
2020-05-22 21:02:24,509 [pool-100-thread-1] INFO  storage.RaftStorageDirectory (RaftStorageDirectory.java:tryLock(343)) - Lock on /github/workspace/mnt/ozone/hadoop-ozone/integration-test/target/test-dir/MiniOzoneClusterImpl-aeaef343-8586-4703-af18-3341d148064c/datanode-4/data/ratis/23a7bbaf-54e2-4fd9-8428-402642e6913c/in_use.lock acquired by nodename 8821@b8e5eb7a950d
2020-05-22 21:02:24,513 [pool-100-thread-1] INFO  storage.RaftStorage (RaftStorage.java:format(84)) - Storage directory /github/workspace/mnt/ozone/hadoop-ozone/integration-test/target/test-dir/MiniOzoneClusterImpl-aeaef343-8586-4703-af18-3341d148064c/datanode-4/data/ratis/23a7bbaf-54e2-4fd9-8428-402642e6913c has been successfully formatted.
2020-05-22 21:02:24,513 [pool-100-thread-1] INFO  ratis.ContainerStateMachine (ContainerStateMachine.java:loadSnapshot(226)) - group-402642E6913C: The snapshot info is null. Setting the last applied indexto:(t:0, i:~)
2020-05-22 21:02:24,513 [pool-100-thread-1] INFO  server.RaftServerConfigKeys (ConfUtils.java:logGet(44)) - raft.server.notification.no-leader.timeout = 60s (default)
2020-05-22 21:02:24,513 [pool-100-thread-1] INFO  server.RaftServerConfigKeys (ConfUtils.java:logGet(44)) - raft.server.log.use.memory = false (default)
2020-05-22 21:02:24,513 [pool-100-thread-1] INFO  server.RaftServerConfigKeys (ConfUtils.java:logGet(44)) - raft.server.log.purge.gap = 1000000 (custom)
2020-05-22 21:02:24,513 [pool-100-thread-1] INFO  server.RaftServerConfigKeys (ConfUtils.java:logGet(44)) - raft.server.log.appender.buffer.byte-limit = 33554432 (custom)
2020-05-22 21:02:24,514 [pool-100-thread-1] INFO  server.RaftServerConfigKeys (ConfUtils.java:logGet(44)) - raft.server.log.segment.size.max = 1048576 (custom)
2020-05-22 21:02:24,515 [pool-100-thread-1] INFO  server.RaftServerConfigKeys (ConfUtils.java:logGet(44)) - raft.server.log.segment.cache.num.max = 2 (custom)
2020-05-22 21:02:24,515 [pool-100-thread-1] INFO  segmented.SegmentedRaftLogWorker (SegmentedRaftLogWorker.java:<init>(176)) - new 64c4e62d-3fa9-4daf-8209-3ca94e9bda72@group-402642E6913C-SegmentedRaftLogWorker for RaftStorage:Storage Directory /github/workspace/mnt/ozone/hadoop-ozone/integration-test/target/test-dir/MiniOzoneClusterImpl-aeaef343-8586-4703-af18-3341d148064c/datanode-4/data/ratis/23a7bbaf-54e2-4fd9-8428-402642e6913c
2020-05-22 21:02:24,515 [pool-100-thread-1] INFO  server.RaftServerConfigKeys (ConfUtils.java:logGet(44)) - raft.server.log.queue.byte-limit = 2147483647 (custom)
2020-05-22 21:02:24,515 [pool-100-thread-1] INFO  server.RaftServerConfigKeys (ConfUtils.java:logGet(44)) - raft.server.log.queue.element-limit = 1024 (custom)
2020-05-22 21:02:24,515 [pool-100-thread-1] INFO  server.RaftServerConfigKeys (ConfUtils.java:logGet(44)) - raft.server.log.segment.size.max = 1048576 (custom)
2020-05-22 21:02:24,515 [pool-100-thread-1] INFO  server.RaftServerConfigKeys (ConfUtils.java:logGet(44)) - raft.server.log.preallocated.size = 16384 (custom)
2020-05-22 21:02:24,516 [pool-100-thread-1] INFO  server.RaftServerConfigKeys (ConfUtils.java:logGet(44)) - raft.server.log.write.buffer.size = 1048576 (custom)
2020-05-22 21:02:24,516 [pool-100-thread-1] INFO  server.RaftServerConfigKeys (ConfUtils.java:logGet(44)) - raft.server.log.force.sync.num = 128 (default)
2020-05-22 21:02:24,516 [pool-100-thread-1] INFO  server.RaftServerConfigKeys (ConfUtils.java:logGet(44)) - raft.server.log.statemachine.data.sync = true (default)
2020-05-22 21:02:24,516 [pool-100-thread-1] INFO  server.RaftServerConfigKeys (ConfUtils.java:logGet(44)) - raft.server.log.statemachine.data.sync.timeout = 10s (default)
2020-05-22 21:02:24,516 [pool-100-thread-1] INFO  server.RaftServerConfigKeys (ConfUtils.java:logGet(44)) - raft.server.log.statemachine.data.sync.timeout.retry = -1 (default)
2020-05-22 21:02:24,517 [pool-100-thread-1] INFO  server.RaftServerConfigKeys (ConfUtils.java:logGet(44)) - raft.server.log.statemachine.data.caching.enabled = true (custom)
2020-05-22 21:02:24,517 [pool-100-thread-1] INFO  segmented.SegmentedRaftLogWorker (SegmentedRaftLogWorker.java:lambda$new$0(129)) - 64c4e62d-3fa9-4daf-8209-3ca94e9bda72@group-402642E6913C-SegmentedRaftLogWorker: flushIndex: setUnconditionally 0 -> -1
2020-05-22 21:02:24,520 [pool-100-thread-1] INFO  server.RaftServerConfigKeys (ConfUtils.java:logGet(44)) - raft.server.snapshot.auto.trigger.enabled = true (custom)
2020-05-22 21:02:24,520 [pool-100-thread-1] INFO  server.RaftServerConfigKeys (ConfUtils.java:logGet(44)) - raft.server.snapshot.auto.trigger.threshold = 10000 (custom)
2020-05-22 21:02:24,525 [pool-100-thread-1] INFO  server.RaftServerConfigKeys (ConfUtils.java:logGet(44)) - raft.server.snapshot.retention.file.num = 5 (custom)
2020-05-22 21:02:24,525 [pool-100-thread-1] INFO  server.RaftServerConfigKeys (ConfUtils.java:logGet(44)) - raft.server.log.purge.upto.snapshot.index = false (default)
2020-05-22 21:02:24,525 [pool-100-thread-1] INFO  server.RaftServerConfigKeys (ConfUtils.java:logGet(44)) - raft.server.retrycache.expirytime = 600000ms (custom)
2020-05-22 21:02:24,525 [pool-100-thread-1] INFO  metrics.RatisMetrics (RatisMetrics.java:lambda$create$0(39)) - Creating Metrics Registry : ratis.leader_election.64c4e62d-3fa9-4daf-8209-3ca94e9bda72@group-402642E6913C
2020-05-22 21:02:24,526 [pool-100-thread-1] INFO  metrics.RatisMetrics (RatisMetrics.java:lambda$create$0(39)) - Creating Metrics Registry : ratis.server.64c4e62d-3fa9-4daf-8209-3ca94e9bda72@group-402642E6913C
2020-05-22 21:02:24,527 [pool-100-thread-1] INFO  impl.RaftServerImpl (RaftServerImpl.java:start(184)) - 64c4e62d-3fa9-4daf-8209-3ca94e9bda72@group-402642E6913C: start as a follower, conf=-1: [ca65480a-af45-4754-bab7-1cb47c27def5:172.17.0.2:34187, 64c4e62d-3fa9-4daf-8209-3ca94e9bda72:172.17.0.2:38101, f2bdfaa2-ada9-47f2-baba-68fb1582a464:172.17.0.2:41705], old=null
2020-05-22 21:02:24,528 [pool-100-thread-1] INFO  impl.RaftServerImpl (RaftServerImpl.java:setRole(173)) - 64c4e62d-3fa9-4daf-8209-3ca94e9bda72@group-402642E6913C: changes role from      null to FOLLOWER at term 0 for startAsFollower
2020-05-22 21:02:24,528 [pool-100-thread-1] INFO  impl.RoleInfo (RoleInfo.java:updateAndGet(143)) - 64c4e62d-3fa9-4daf-8209-3ca94e9bda72: start FollowerState
2020-05-22 21:02:24,530 [pool-116-thread-1] INFO  impl.RaftServerImpl (RaftServerImpl.java:<init>(98)) - ca65480a-af45-4754-bab7-1cb47c27def5: new RaftServerImpl for group-E6DA4C78A847:[ca65480a-af45-4754-bab7-1cb47c27def5:172.17.0.2:34187] with ContainerStateMachine:uninitialized
2020-05-22 21:02:24,530 [pool-116-thread-1] INFO  server.RaftServerConfigKeys (ConfUtils.java:logGet(44)) - raft.server.rpc.timeout.min = 1s (custom)
2020-05-22 21:02:24,530 [pool-116-thread-1] INFO  server.RaftServerConfigKeys (ConfUtils.java:logGet(44)) - raft.server.rpc.timeout.max = 1200ms (custom)
2020-05-22 21:02:24,530 [pool-116-thread-1] INFO  server.RaftServerConfigKeys (ConfUtils.java:logGet(44)) - raft.server.rpcslowness.timeout = 300s (custom)
2020-05-22 21:02:24,530 [pool-116-thread-1] INFO  server.RaftServerConfigKeys (ConfUtils.java:logGet(44)) - raft.server.sleep.deviation.threshold = 300 (default)
2020-05-22 21:02:24,530 [pool-116-thread-1] INFO  server.RaftServerConfigKeys (ConfUtils.java:logGet(44)) - raft.server.log.appender.install.snapshot.enabled = false (custom)
2020-05-22 21:02:24,531 [pool-116-thread-1] INFO  impl.RaftServerImpl (ServerState.java:<init>(103)) - ca65480a-af45-4754-bab7-1cb47c27def5@group-E6DA4C78A847: ConfigurationManager, init=-1: [ca65480a-af45-4754-bab7-1cb47c27def5:172.17.0.2:34187], old=null, confs=<EMPTY_MAP>
2020-05-22 21:02:24,531 [pool-116-thread-1] INFO  server.RaftServerConfigKeys (ConfUtils.java:logGet(44)) - raft.server.storage.dir = [/github/workspace/mnt/ozone/hadoop-ozone/integration-test/target/test-dir/MiniOzoneClusterImpl-aeaef343-8586-4703-af18-3341d148064c/datanode-5/data/ratis] (custom)
2020-05-22 21:02:24,531 [pool-116-thread-1] INFO  server.RaftServerConfigKeys (ConfUtils.java:logGet(44)) - raft.server.log.corruption.policy = EXCEPTION (default)
2020-05-22 21:02:24,532 [pool-116-thread-1] INFO  storage.RaftStorageDirectory (RaftStorageDirectory.java:analyzeStorage(261)) - The storage directory /github/workspace/mnt/ozone/hadoop-ozone/integration-test/target/test-dir/MiniOzoneClusterImpl-aeaef343-8586-4703-af18-3341d148064c/datanode-5/data/ratis/b7cfcb0b-af13-4a20-9f77-e6da4c78a847 does not exist. Creating ...
2020-05-22 21:02:24,533 [pool-100-thread-1] INFO  util.JmxRegister (JmxRegister.java:tryRegister(44)) - Successfully registered JMX Bean with object name Ratis:service=RaftServer,group=group-402642E6913C,id=64c4e62d-3fa9-4daf-8209-3ca94e9bda72
2020-05-22 21:02:24,533 [pool-100-thread-1] INFO  metrics.RatisMetrics (RatisMetrics.java:lambda$create$0(39)) - Creating Metrics Registry : ratis.state_machine.64c4e62d-3fa9-4daf-8209-3ca94e9bda72@group-402642E6913C
2020-05-22 21:02:24,533 [pool-116-thread-1] INFO  storage.RaftStorageDirectory (RaftStorageDirectory.java:tryLock(343)) - Lock on /github/workspace/mnt/ozone/hadoop-ozone/integration-test/target/test-dir/MiniOzoneClusterImpl-aeaef343-8586-4703-af18-3341d148064c/datanode-5/data/ratis/b7cfcb0b-af13-4a20-9f77-e6da4c78a847/in_use.lock acquired by nodename 8821@b8e5eb7a950d
2020-05-22 21:02:24,552 [pool-116-thread-1] INFO  storage.RaftStorage (RaftStorage.java:format(84)) - Storage directory /github/workspace/mnt/ozone/hadoop-ozone/integration-test/target/test-dir/MiniOzoneClusterImpl-aeaef343-8586-4703-af18-3341d148064c/datanode-5/data/ratis/b7cfcb0b-af13-4a20-9f77-e6da4c78a847 has been successfully formatted.
2020-05-22 21:02:24,554 [EventQueue-PipelineReportForPipelineReportHandler] INFO  pipeline.PipelineStateManager (PipelineStateManager.java:openPipeline(131)) - Pipeline Pipeline[ Id: b7cfcb0b-af13-4a20-9f77-e6da4c78a847, Nodes: ca65480a-af45-4754-bab7-1cb47c27def5{ip: 172.17.0.2, host: b8e5eb7a950d, networkLocation: /rack1, certSerialId: null}, Type:RATIS, Factor:ONE, State:ALLOCATED, leaderId:ca65480a-af45-4754-bab7-1cb47c27def5, CreationTimestamp2020-05-22T21:02:21.497Z] moved to OPEN state
2020-05-22 21:02:24,554 [EventQueue-OpenPipelineForOneReplicaPipelineSafeModeRule] INFO  safemode.SCMSafeModeManager (SCMSafeModeManager.java:validateSafeModeExitRules(213)) - AtleastOneDatanodeReportedRule rule is successfully validated
2020-05-22 21:02:24,554 [EventQueue-OpenPipelineForHealthyPipelineSafeModeRule] INFO  safemode.SCMSafeModeManager (HealthyPipelineSafeModeRule.java:process(132)) - SCM in safe mode. Healthy pipelines reported count is 0, required healthy pipeline reported count is 1
2020-05-22 21:02:24,561 [pool-116-thread-1] INFO  ratis.ContainerStateMachine (ContainerStateMachine.java:loadSnapshot(226)) - group-E6DA4C78A847: The snapshot info is null. Setting the last applied indexto:(t:0, i:~)
2020-05-22 21:02:24,561 [pool-116-thread-1] INFO  server.RaftServerConfigKeys (ConfUtils.java:logGet(44)) - raft.server.notification.no-leader.timeout = 60s (default)
2020-05-22 21:02:24,561 [pool-116-thread-1] INFO  server.RaftServerConfigKeys (ConfUtils.java:logGet(44)) - raft.server.log.use.memory = false (default)
2020-05-22 21:02:24,561 [pool-116-thread-1] INFO  server.RaftServerConfigKeys (ConfUtils.java:logGet(44)) - raft.server.log.purge.gap = 1000000 (custom)
2020-05-22 21:02:24,561 [pool-116-thread-1] INFO  server.RaftServerConfigKeys (ConfUtils.java:logGet(44)) - raft.server.log.appender.buffer.byte-limit = 33554432 (custom)
2020-05-22 21:02:24,562 [pool-116-thread-1] INFO  server.RaftServerConfigKeys (ConfUtils.java:logGet(44)) - raft.server.log.segment.size.max = 1048576 (custom)
2020-05-22 21:02:24,562 [pool-116-thread-1] INFO  metrics.RatisMetrics (RatisMetrics.java:lambda$create$0(39)) - Creating Metrics Registry : ratis.log_worker.ca65480a-af45-4754-bab7-1cb47c27def5
2020-05-22 21:02:24,562 [pool-116-thread-1] INFO  server.RaftServerConfigKeys (ConfUtils.java:logGet(44)) - raft.server.log.segment.cache.num.max = 2 (custom)
2020-05-22 21:02:24,563 [pool-116-thread-1] INFO  segmented.SegmentedRaftLogWorker (SegmentedRaftLogWorker.java:<init>(176)) - new ca65480a-af45-4754-bab7-1cb47c27def5@group-E6DA4C78A847-SegmentedRaftLogWorker for RaftStorage:Storage Directory /github/workspace/mnt/ozone/hadoop-ozone/integration-test/target/test-dir/MiniOzoneClusterImpl-aeaef343-8586-4703-af18-3341d148064c/datanode-5/data/ratis/b7cfcb0b-af13-4a20-9f77-e6da4c78a847
2020-05-22 21:02:24,563 [pool-116-thread-1] INFO  server.RaftServerConfigKeys (ConfUtils.java:logGet(44)) - raft.server.log.queue.byte-limit = 2147483647 (custom)
2020-05-22 21:02:24,563 [pool-116-thread-1] INFO  server.RaftServerConfigKeys (ConfUtils.java:logGet(44)) - raft.server.log.queue.element-limit = 1024 (custom)
2020-05-22 21:02:24,563 [pool-116-thread-1] INFO  server.RaftServerConfigKeys (ConfUtils.java:logGet(44)) - raft.server.log.segment.size.max = 1048576 (custom)
2020-05-22 21:02:24,563 [pool-116-thread-1] INFO  server.RaftServerConfigKeys (ConfUtils.java:logGet(44)) - raft.server.log.preallocated.size = 16384 (custom)
2020-05-22 21:02:24,563 [pool-116-thread-1] INFO  server.RaftServerConfigKeys (ConfUtils.java:logGet(44)) - raft.server.log.write.buffer.size = 1048576 (custom)
2020-05-22 21:02:24,563 [pool-116-thread-1] INFO  server.RaftServerConfigKeys (ConfUtils.java:logGet(44)) - raft.server.log.force.sync.num = 128 (default)
2020-05-22 21:02:24,563 [pool-116-thread-1] INFO  server.RaftServerConfigKeys (ConfUtils.java:logGet(44)) - raft.server.log.statemachine.data.sync = true (default)
2020-05-22 21:02:24,563 [pool-116-thread-1] INFO  server.RaftServerConfigKeys (ConfUtils.java:logGet(44)) - raft.server.log.statemachine.data.sync.timeout = 10s (default)
2020-05-22 21:02:24,563 [pool-116-thread-1] INFO  server.RaftServerConfigKeys (ConfUtils.java:logGet(44)) - raft.server.log.statemachine.data.sync.timeout.retry = -1 (default)
2020-05-22 21:02:24,565 [pool-116-thread-1] INFO  server.RaftServerConfigKeys (ConfUtils.java:logGet(44)) - raft.server.log.statemachine.data.caching.enabled = true (custom)
2020-05-22 21:02:24,566 [pool-116-thread-1] INFO  segmented.SegmentedRaftLogWorker (SegmentedRaftLogWorker.java:lambda$new$0(129)) - ca65480a-af45-4754-bab7-1cb47c27def5@group-E6DA4C78A847-SegmentedRaftLogWorker: flushIndex: setUnconditionally 0 -> -1
2020-05-22 21:02:24,578 [pool-116-thread-1] INFO  server.RaftServerConfigKeys (ConfUtils.java:logGet(44)) - raft.server.snapshot.auto.trigger.enabled = true (custom)
2020-05-22 21:02:24,578 [pool-116-thread-1] INFO  server.RaftServerConfigKeys (ConfUtils.java:logGet(44)) - raft.server.snapshot.auto.trigger.threshold = 10000 (custom)
2020-05-22 21:02:24,578 [pool-116-thread-1] INFO  server.RaftServerConfigKeys (ConfUtils.java:logGet(44)) - raft.server.snapshot.retention.file.num = 5 (custom)
2020-05-22 21:02:24,578 [pool-116-thread-1] INFO  server.RaftServerConfigKeys (ConfUtils.java:logGet(44)) - raft.server.log.purge.upto.snapshot.index = false (default)
2020-05-22 21:02:24,578 [pool-116-thread-1] INFO  server.RaftServerConfigKeys (ConfUtils.java:logGet(44)) - raft.server.retrycache.expirytime = 600000ms (custom)
2020-05-22 21:02:24,579 [pool-116-thread-1] INFO  metrics.RatisMetrics (RatisMetrics.java:lambda$create$0(39)) - Creating Metrics Registry : ratis.leader_election.ca65480a-af45-4754-bab7-1cb47c27def5@group-E6DA4C78A847
2020-05-22 21:02:24,579 [pool-116-thread-1] INFO  metrics.RatisMetrics (RatisMetrics.java:lambda$create$0(39)) - Creating Metrics Registry : ratis.server.ca65480a-af45-4754-bab7-1cb47c27def5@group-E6DA4C78A847
2020-05-22 21:02:24,580 [pool-116-thread-1] INFO  impl.RaftServerImpl (RaftServerImpl.java:start(184)) - ca65480a-af45-4754-bab7-1cb47c27def5@group-E6DA4C78A847: start as a follower, conf=-1: [ca65480a-af45-4754-bab7-1cb47c27def5:172.17.0.2:34187], old=null
2020-05-22 21:02:24,580 [pool-116-thread-1] INFO  impl.RaftServerImpl (RaftServerImpl.java:setRole(173)) - ca65480a-af45-4754-bab7-1cb47c27def5@group-E6DA4C78A847: changes role from      null to FOLLOWER at term 0 for startAsFollower
2020-05-22 21:02:24,580 [pool-116-thread-1] INFO  impl.RoleInfo (RoleInfo.java:updateAndGet(143)) - ca65480a-af45-4754-bab7-1cb47c27def5: start FollowerState
2020-05-22 21:02:24,585 [pool-116-thread-1] INFO  util.JmxRegister (JmxRegister.java:tryRegister(44)) - Successfully registered JMX Bean with object name Ratis:service=RaftServer,group=group-E6DA4C78A847,id=ca65480a-af45-4754-bab7-1cb47c27def5
2020-05-22 21:02:24,586 [pool-116-thread-1] INFO  metrics.RatisMetrics (RatisMetrics.java:lambda$create$0(39)) - Creating Metrics Registry : ratis.state_machine.ca65480a-af45-4754-bab7-1cb47c27def5@group-E6DA4C78A847
2020-05-22 21:02:24,587 [Command processor thread] INFO  impl.RaftServerProxy (RaftServerProxy.java:addNew(89)) - 5abe4e47-48d4-4bed-b79b-0afa624f904e: addNew group-30B89C14BA9F:[5abe4e47-48d4-4bed-b79b-0afa624f904e:172.17.0.2:41019] returns group-30B89C14BA9F:java.util.concurrent.CompletableFuture@3eee1b49[Not completed]
2020-05-22 21:02:24,588 [pool-132-thread-1] INFO  impl.RaftServerImpl (RaftServerImpl.java:<init>(98)) - 5abe4e47-48d4-4bed-b79b-0afa624f904e: new RaftServerImpl for group-30B89C14BA9F:[5abe4e47-48d4-4bed-b79b-0afa624f904e:172.17.0.2:41019] with ContainerStateMachine:uninitialized
2020-05-22 21:02:24,588 [pool-132-thread-1] INFO  server.RaftServerConfigKeys (ConfUtils.java:logGet(44)) - raft.server.rpc.timeout.min = 1s (custom)
2020-05-22 21:02:24,588 [pool-132-thread-1] INFO  server.RaftServerConfigKeys (ConfUtils.java:logGet(44)) - raft.server.rpc.timeout.max = 1200ms (custom)
2020-05-22 21:02:24,589 [pool-132-thread-1] INFO  server.RaftServerConfigKeys (ConfUtils.java:logGet(44)) - raft.server.rpcslowness.timeout = 300s (custom)
2020-05-22 21:02:24,589 [pool-132-thread-1] INFO  server.RaftServerConfigKeys (ConfUtils.java:logGet(44)) - raft.server.sleep.deviation.threshold = 300 (default)
2020-05-22 21:02:24,589 [pool-132-thread-1] INFO  server.RaftServerConfigKeys (ConfUtils.java:logGet(44)) - raft.server.log.appender.install.snapshot.enabled = false (custom)
2020-05-22 21:02:24,596 [Command processor thread] INFO  commandhandler.CreatePipelineCommandHandler (CreatePipelineCommandHandler.java:handle(109)) - Created Pipeline RATIS ONE #id: "b7cfcb0b-af13-4a20-9f77-e6da4c78a847"
.
2020-05-22 21:02:24,606 [Command processor thread] INFO  impl.RaftServerProxy (RaftServerProxy.java:addNew(89)) - ca65480a-af45-4754-bab7-1cb47c27def5: addNew group-402642E6913C:[ca65480a-af45-4754-bab7-1cb47c27def5:172.17.0.2:34187, 64c4e62d-3fa9-4daf-8209-3ca94e9bda72:172.17.0.2:38101, f2bdfaa2-ada9-47f2-baba-68fb1582a464:172.17.0.2:41705] returns group-402642E6913C:java.util.concurrent.CompletableFuture@59060119[Not completed]
2020-05-22 21:02:24,606 [pool-132-thread-1] INFO  impl.RaftServerImpl (ServerState.java:<init>(103)) - 5abe4e47-48d4-4bed-b79b-0afa624f904e@group-30B89C14BA9F: ConfigurationManager, init=-1: [5abe4e47-48d4-4bed-b79b-0afa624f904e:172.17.0.2:41019], old=null, confs=<EMPTY_MAP>
2020-05-22 21:02:24,606 [pool-132-thread-1] INFO  server.RaftServerConfigKeys (ConfUtils.java:logGet(44)) - raft.server.storage.dir = [/github/workspace/mnt/ozone/hadoop-ozone/integration-test/target/test-dir/MiniOzoneClusterImpl-aeaef343-8586-4703-af18-3341d148064c/datanode-6/data/ratis] (custom)
2020-05-22 21:02:24,606 [pool-132-thread-1] INFO  server.RaftServerConfigKeys (ConfUtils.java:logGet(44)) - raft.server.log.corruption.policy = EXCEPTION (default)
2020-05-22 21:02:24,607 [pool-132-thread-1] INFO  storage.RaftStorageDirectory (RaftStorageDirectory.java:analyzeStorage(261)) - The storage directory /github/workspace/mnt/ozone/hadoop-ozone/integration-test/target/test-dir/MiniOzoneClusterImpl-aeaef343-8586-4703-af18-3341d148064c/datanode-6/data/ratis/174971fc-cd7f-41f7-b560-30b89c14ba9f does not exist. Creating ...
2020-05-22 21:02:24,608 [pool-116-thread-1] INFO  impl.RaftServerImpl (RaftServerImpl.java:<init>(98)) - ca65480a-af45-4754-bab7-1cb47c27def5: new RaftServerImpl for group-402642E6913C:[ca65480a-af45-4754-bab7-1cb47c27def5:172.17.0.2:34187, 64c4e62d-3fa9-4daf-8209-3ca94e9bda72:172.17.0.2:38101, f2bdfaa2-ada9-47f2-baba-68fb1582a464:172.17.0.2:41705] with ContainerStateMachine:uninitialized
2020-05-22 21:02:24,608 [pool-116-thread-1] INFO  server.RaftServerConfigKeys (ConfUtils.java:logGet(44)) - raft.server.rpc.timeout.min = 1s (custom)
2020-05-22 21:02:24,608 [pool-116-thread-1] INFO  server.RaftServerConfigKeys (ConfUtils.java:logGet(44)) - raft.server.rpc.timeout.max = 1200ms (custom)
2020-05-22 21:02:24,608 [pool-116-thread-1] INFO  server.RaftServerConfigKeys (ConfUtils.java:logGet(44)) - raft.server.rpcslowness.timeout = 300s (custom)
2020-05-22 21:02:24,608 [pool-116-thread-1] INFO  server.RaftServerConfigKeys (ConfUtils.java:logGet(44)) - raft.server.sleep.deviation.threshold = 300 (default)
2020-05-22 21:02:24,608 [pool-116-thread-1] INFO  server.RaftServerConfigKeys (ConfUtils.java:logGet(44)) - raft.server.log.appender.install.snapshot.enabled = false (custom)
2020-05-22 21:02:24,609 [pool-116-thread-1] INFO  impl.RaftServerImpl (ServerState.java:<init>(103)) - ca65480a-af45-4754-bab7-1cb47c27def5@group-402642E6913C: ConfigurationManager, init=-1: [ca65480a-af45-4754-bab7-1cb47c27def5:172.17.0.2:34187, 64c4e62d-3fa9-4daf-8209-3ca94e9bda72:172.17.0.2:38101, f2bdfaa2-ada9-47f2-baba-68fb1582a464:172.17.0.2:41705], old=null, confs=<EMPTY_MAP>
2020-05-22 21:02:24,609 [pool-116-thread-1] INFO  server.RaftServerConfigKeys (ConfUtils.java:logGet(44)) - raft.server.storage.dir = [/github/workspace/mnt/ozone/hadoop-ozone/integration-test/target/test-dir/MiniOzoneClusterImpl-aeaef343-8586-4703-af18-3341d148064c/datanode-5/data/ratis] (custom)
2020-05-22 21:02:24,609 [pool-116-thread-1] INFO  server.RaftServerConfigKeys (ConfUtils.java:logGet(44)) - raft.server.log.corruption.policy = EXCEPTION (default)
2020-05-22 21:02:24,609 [pool-116-thread-1] INFO  storage.RaftStorageDirectory (RaftStorageDirectory.java:analyzeStorage(261)) - The storage directory /github/workspace/mnt/ozone/hadoop-ozone/integration-test/target/test-dir/MiniOzoneClusterImpl-aeaef343-8586-4703-af18-3341d148064c/datanode-5/data/ratis/23a7bbaf-54e2-4fd9-8428-402642e6913c does not exist. Creating ...
2020-05-22 21:02:24,612 [pool-116-thread-1] INFO  storage.RaftStorageDirectory (RaftStorageDirectory.java:tryLock(343)) - Lock on /github/workspace/mnt/ozone/hadoop-ozone/integration-test/target/test-dir/MiniOzoneClusterImpl-aeaef343-8586-4703-af18-3341d148064c/datanode-5/data/ratis/23a7bbaf-54e2-4fd9-8428-402642e6913c/in_use.lock acquired by nodename 8821@b8e5eb7a950d
2020-05-22 21:02:24,613 [pool-116-thread-1] INFO  storage.RaftStorage (RaftStorage.java:format(84)) - Storage directory /github/workspace/mnt/ozone/hadoop-ozone/integration-test/target/test-dir/MiniOzoneClusterImpl-aeaef343-8586-4703-af18-3341d148064c/datanode-5/data/ratis/23a7bbaf-54e2-4fd9-8428-402642e6913c has been successfully formatted.
2020-05-22 21:02:24,615 [pool-116-thread-1] INFO  ratis.ContainerStateMachine (ContainerStateMachine.java:loadSnapshot(226)) - group-402642E6913C: The snapshot info is null. Setting the last applied indexto:(t:0, i:~)
2020-05-22 21:02:24,615 [pool-116-thread-1] INFO  server.RaftServerConfigKeys (ConfUtils.java:logGet(44)) - raft.server.notification.no-leader.timeout = 60s (default)
2020-05-22 21:02:24,615 [pool-116-thread-1] INFO  server.RaftServerConfigKeys (ConfUtils.java:logGet(44)) - raft.server.log.use.memory = false (default)
2020-05-22 21:02:24,615 [pool-116-thread-1] INFO  server.RaftServerConfigKeys (ConfUtils.java:logGet(44)) - raft.server.log.purge.gap = 1000000 (custom)
2020-05-22 21:02:24,616 [pool-116-thread-1] INFO  server.RaftServerConfigKeys (ConfUtils.java:logGet(44)) - raft.server.log.appender.buffer.byte-limit = 33554432 (custom)
2020-05-22 21:02:24,617 [pool-116-thread-1] INFO  server.RaftServerConfigKeys (ConfUtils.java:logGet(44)) - raft.server.log.segment.size.max = 1048576 (custom)
2020-05-22 21:02:24,617 [pool-116-thread-1] INFO  server.RaftServerConfigKeys (ConfUtils.java:logGet(44)) - raft.server.log.segment.cache.num.max = 2 (custom)
2020-05-22 21:02:24,618 [pool-116-thread-1] INFO  segmented.SegmentedRaftLogWorker (SegmentedRaftLogWorker.java:<init>(176)) - new ca65480a-af45-4754-bab7-1cb47c27def5@group-402642E6913C-SegmentedRaftLogWorker for RaftStorage:Storage Directory /github/workspace/mnt/ozone/hadoop-ozone/integration-test/target/test-dir/MiniOzoneClusterImpl-aeaef343-8586-4703-af18-3341d148064c/datanode-5/data/ratis/23a7bbaf-54e2-4fd9-8428-402642e6913c
2020-05-22 21:02:24,618 [pool-116-thread-1] INFO  server.RaftServerConfigKeys (ConfUtils.java:logGet(44)) - raft.server.log.queue.byte-limit = 2147483647 (custom)
2020-05-22 21:02:24,618 [pool-116-thread-1] INFO  server.RaftServerConfigKeys (ConfUtils.java:logGet(44)) - raft.server.log.queue.element-limit = 1024 (custom)
2020-05-22 21:02:24,618 [pool-116-thread-1] INFO  server.RaftServerConfigKeys (ConfUtils.java:logGet(44)) - raft.server.log.segment.size.max = 1048576 (custom)
2020-05-22 21:02:24,618 [pool-116-thread-1] INFO  server.RaftServerConfigKeys (ConfUtils.java:logGet(44)) - raft.server.log.preallocated.size = 16384 (custom)
2020-05-22 21:02:24,618 [pool-116-thread-1] INFO  server.RaftServerConfigKeys (ConfUtils.java:logGet(44)) - raft.server.log.write.buffer.size = 1048576 (custom)
2020-05-22 21:02:24,616 [pool-132-thread-1] INFO  storage.RaftStorageDirectory (RaftStorageDirectory.java:tryLock(343)) - Lock on /github/workspace/mnt/ozone/hadoop-ozone/integration-test/target/test-dir/MiniOzoneClusterImpl-aeaef343-8586-4703-af18-3341d148064c/datanode-6/data/ratis/174971fc-cd7f-41f7-b560-30b89c14ba9f/in_use.lock acquired by nodename 8821@b8e5eb7a950d
2020-05-22 21:02:24,618 [pool-116-thread-1] INFO  server.RaftServerConfigKeys (ConfUtils.java:logGet(44)) - raft.server.log.force.sync.num = 128 (default)
2020-05-22 21:02:24,619 [pool-116-thread-1] INFO  server.RaftServerConfigKeys (ConfUtils.java:logGet(44)) - raft.server.log.statemachine.data.sync = true (default)
2020-05-22 21:02:24,619 [pool-116-thread-1] INFO  server.RaftServerConfigKeys (ConfUtils.java:logGet(44)) - raft.server.log.statemachine.data.sync.timeout = 10s (default)
2020-05-22 21:02:24,619 [pool-116-thread-1] INFO  server.RaftServerConfigKeys (ConfUtils.java:logGet(44)) - raft.server.log.statemachine.data.sync.timeout.retry = -1 (default)
2020-05-22 21:02:24,619 [pool-132-thread-1] INFO  storage.RaftStorage (RaftStorage.java:format(84)) - Storage directory /github/workspace/mnt/ozone/hadoop-ozone/integration-test/target/test-dir/MiniOzoneClusterImpl-aeaef343-8586-4703-af18-3341d148064c/datanode-6/data/ratis/174971fc-cd7f-41f7-b560-30b89c14ba9f has been successfully formatted.
2020-05-22 21:02:24,621 [pool-132-thread-1] INFO  ratis.ContainerStateMachine (ContainerStateMachine.java:loadSnapshot(226)) - group-30B89C14BA9F: The snapshot info is null. Setting the last applied indexto:(t:0, i:~)
2020-05-22 21:02:24,621 [pool-132-thread-1] INFO  server.RaftServerConfigKeys (ConfUtils.java:logGet(44)) - raft.server.notification.no-leader.timeout = 60s (default)
2020-05-22 21:02:24,621 [pool-132-thread-1] INFO  server.RaftServerConfigKeys (ConfUtils.java:logGet(44)) - raft.server.log.use.memory = false (default)
2020-05-22 21:02:24,621 [pool-132-thread-1] INFO  server.RaftServerConfigKeys (ConfUtils.java:logGet(44)) - raft.server.log.purge.gap = 1000000 (custom)
2020-05-22 21:02:24,621 [pool-132-thread-1] INFO  server.RaftServerConfigKeys (ConfUtils.java:logGet(44)) - raft.server.log.appender.buffer.byte-limit = 33554432 (custom)
2020-05-22 21:02:24,621 [pool-132-thread-1] INFO  server.RaftServerConfigKeys (ConfUtils.java:logGet(44)) - raft.server.log.segment.size.max = 1048576 (custom)
2020-05-22 21:02:24,621 [pool-132-thread-1] INFO  metrics.RatisMetrics (RatisMetrics.java:lambda$create$0(39)) - Creating Metrics Registry : ratis.log_worker.5abe4e47-48d4-4bed-b79b-0afa624f904e
2020-05-22 21:02:24,622 [EventQueue-PipelineReportForPipelineReportHandler] INFO  pipeline.PipelineStateManager (PipelineStateManager.java:openPipeline(131)) - Pipeline Pipeline[ Id: 174971fc-cd7f-41f7-b560-30b89c14ba9f, Nodes: 5abe4e47-48d4-4bed-b79b-0afa624f904e{ip: 172.17.0.2, host: b8e5eb7a950d, networkLocation: /rack1, certSerialId: null}, Type:RATIS, Factor:ONE, State:ALLOCATED, leaderId:5abe4e47-48d4-4bed-b79b-0afa624f904e, CreationTimestamp2020-05-22T21:02:21.589Z] moved to OPEN state
2020-05-22 21:02:24,623 [EventQueue-OpenPipelineForOneReplicaPipelineSafeModeRule] INFO  safemode.SCMSafeModeManager (SCMSafeModeManager.java:validateSafeModeExitRules(213)) - AtleastOneDatanodeReportedRule rule is successfully validated
2020-05-22 21:02:24,623 [EventQueue-OpenPipelineForHealthyPipelineSafeModeRule] INFO  safemode.SCMSafeModeManager (HealthyPipelineSafeModeRule.java:process(132)) - SCM in safe mode. Healthy pipelines reported count is 0, required healthy pipeline reported count is 1
2020-05-22 21:02:24,622 [pool-116-thread-1] INFO  server.RaftServerConfigKeys (ConfUtils.java:logGet(44)) - raft.server.log.statemachine.data.caching.enabled = true (custom)
2020-05-22 21:02:24,623 [pool-116-thread-1] INFO  segmented.SegmentedRaftLogWorker (SegmentedRaftLogWorker.java:lambda$new$0(129)) - ca65480a-af45-4754-bab7-1cb47c27def5@group-402642E6913C-SegmentedRaftLogWorker: flushIndex: setUnconditionally 0 -> -1
2020-05-22 21:02:24,622 [pool-132-thread-1] INFO  server.RaftServerConfigKeys (ConfUtils.java:logGet(44)) - raft.server.log.segment.cache.num.max = 2 (custom)
2020-05-22 21:02:24,624 [pool-132-thread-1] INFO  segmented.SegmentedRaftLogWorker (SegmentedRaftLogWorker.java:<init>(176)) - new 5abe4e47-48d4-4bed-b79b-0afa624f904e@group-30B89C14BA9F-SegmentedRaftLogWorker for RaftStorage:Storage Directory /github/workspace/mnt/ozone/hadoop-ozone/integration-test/target/test-dir/MiniOzoneClusterImpl-aeaef343-8586-4703-af18-3341d148064c/datanode-6/data/ratis/174971fc-cd7f-41f7-b560-30b89c14ba9f
2020-05-22 21:02:24,624 [pool-132-thread-1] INFO  server.RaftServerConfigKeys (ConfUtils.java:logGet(44)) - raft.server.log.queue.byte-limit = 2147483647 (custom)
2020-05-22 21:02:24,624 [pool-132-thread-1] INFO  server.RaftServerConfigKeys (ConfUtils.java:logGet(44)) - raft.server.log.queue.element-limit = 1024 (custom)
2020-05-22 21:02:24,624 [pool-132-thread-1] INFO  server.RaftServerConfigKeys (ConfUtils.java:logGet(44)) - raft.server.log.segment.size.max = 1048576 (custom)
2020-05-22 21:02:24,624 [pool-132-thread-1] INFO  server.RaftServerConfigKeys (ConfUtils.java:logGet(44)) - raft.server.log.preallocated.size = 16384 (custom)
2020-05-22 21:02:24,624 [pool-132-thread-1] INFO  server.RaftServerConfigKeys (ConfUtils.java:logGet(44)) - raft.server.log.write.buffer.size = 1048576 (custom)
2020-05-22 21:02:24,624 [pool-132-thread-1] INFO  server.RaftServerConfigKeys (ConfUtils.java:logGet(44)) - raft.server.log.force.sync.num = 128 (default)
2020-05-22 21:02:24,624 [pool-132-thread-1] INFO  server.RaftServerConfigKeys (ConfUtils.java:logGet(44)) - raft.server.log.statemachine.data.sync = true (default)
2020-05-22 21:02:24,625 [pool-132-thread-1] INFO  server.RaftServerConfigKeys (ConfUtils.java:logGet(44)) - raft.server.log.statemachine.data.sync.timeout = 10s (default)
2020-05-22 21:02:24,625 [pool-132-thread-1] INFO  server.RaftServerConfigKeys (ConfUtils.java:logGet(44)) - raft.server.log.statemachine.data.sync.timeout.retry = -1 (default)
2020-05-22 21:02:24,637 [pool-116-thread-1] INFO  server.RaftServerConfigKeys (ConfUtils.java:logGet(44)) - raft.server.snapshot.auto.trigger.enabled = true (custom)
2020-05-22 21:02:24,637 [pool-116-thread-1] INFO  server.RaftServerConfigKeys (ConfUtils.java:logGet(44)) - raft.server.snapshot.auto.trigger.threshold = 10000 (custom)
2020-05-22 21:02:24,637 [pool-116-thread-1] INFO  server.RaftServerConfigKeys (ConfUtils.java:logGet(44)) - raft.server.snapshot.retention.file.num = 5 (custom)
2020-05-22 21:02:24,637 [pool-116-thread-1] INFO  server.RaftServerConfigKeys (ConfUtils.java:logGet(44)) - raft.server.log.purge.upto.snapshot.index = false (default)
2020-05-22 21:02:24,637 [pool-116-thread-1] INFO  server.RaftServerConfigKeys (ConfUtils.java:logGet(44)) - raft.server.retrycache.expirytime = 600000ms (custom)
2020-05-22 21:02:24,637 [pool-116-thread-1] INFO  metrics.RatisMetrics (RatisMetrics.java:lambda$create$0(39)) - Creating Metrics Registry : ratis.leader_election.ca65480a-af45-4754-bab7-1cb47c27def5@group-402642E6913C
2020-05-22 21:02:24,642 [pool-132-thread-1] INFO  server.RaftServerConfigKeys (ConfUtils.java:logGet(44)) - raft.server.log.statemachine.data.caching.enabled = true (custom)
2020-05-22 21:02:24,642 [pool-132-thread-1] INFO  segmented.SegmentedRaftLogWorker (SegmentedRaftLogWorker.java:lambda$new$0(129)) - 5abe4e47-48d4-4bed-b79b-0afa624f904e@group-30B89C14BA9F-SegmentedRaftLogWorker: flushIndex: setUnconditionally 0 -> -1
2020-05-22 21:02:24,644 [pool-116-thread-1] INFO  metrics.RatisMetrics (RatisMetrics.java:lambda$create$0(39)) - Creating Metrics Registry : ratis.server.ca65480a-af45-4754-bab7-1cb47c27def5@group-402642E6913C
2020-05-22 21:02:24,649 [pool-116-thread-1] INFO  impl.RaftServerImpl (RaftServerImpl.java:start(184)) - ca65480a-af45-4754-bab7-1cb47c27def5@group-402642E6913C: start as a follower, conf=-1: [ca65480a-af45-4754-bab7-1cb47c27def5:172.17.0.2:34187, 64c4e62d-3fa9-4daf-8209-3ca94e9bda72:172.17.0.2:38101, f2bdfaa2-ada9-47f2-baba-68fb1582a464:172.17.0.2:41705], old=null
2020-05-22 21:02:24,649 [pool-116-thread-1] INFO  impl.RaftServerImpl (RaftServerImpl.java:setRole(173)) - ca65480a-af45-4754-bab7-1cb47c27def5@group-402642E6913C: changes role from      null to FOLLOWER at term 0 for startAsFollower
2020-05-22 21:02:24,649 [pool-132-thread-1] INFO  server.RaftServerConfigKeys (ConfUtils.java:logGet(44)) - raft.server.snapshot.auto.trigger.enabled = true (custom)
2020-05-22 21:02:24,649 [pool-132-thread-1] INFO  server.RaftServerConfigKeys (ConfUtils.java:logGet(44)) - raft.server.snapshot.auto.trigger.threshold = 10000 (custom)
2020-05-22 21:02:24,649 [pool-132-thread-1] INFO  server.RaftServerConfigKeys (ConfUtils.java:logGet(44)) - raft.server.snapshot.retention.file.num = 5 (custom)
2020-05-22 21:02:24,650 [pool-132-thread-1] INFO  server.RaftServerConfigKeys (ConfUtils.java:logGet(44)) - raft.server.log.purge.upto.snapshot.index = false (default)
2020-05-22 21:02:24,650 [pool-116-thread-1] INFO  impl.RoleInfo (RoleInfo.java:updateAndGet(143)) - ca65480a-af45-4754-bab7-1cb47c27def5: start FollowerState
2020-05-22 21:02:24,650 [pool-132-thread-1] INFO  server.RaftServerConfigKeys (ConfUtils.java:logGet(44)) - raft.server.retrycache.expirytime = 600000ms (custom)
2020-05-22 21:02:24,651 [pool-132-thread-1] INFO  metrics.RatisMetrics (RatisMetrics.java:lambda$create$0(39)) - Creating Metrics Registry : ratis.leader_election.5abe4e47-48d4-4bed-b79b-0afa624f904e@group-30B89C14BA9F
2020-05-22 21:02:24,652 [pool-132-thread-1] INFO  metrics.RatisMetrics (RatisMetrics.java:lambda$create$0(39)) - Creating Metrics Registry : ratis.server.5abe4e47-48d4-4bed-b79b-0afa624f904e@group-30B89C14BA9F
2020-05-22 21:02:24,653 [pool-132-thread-1] INFO  impl.RaftServerImpl (RaftServerImpl.java:start(184)) - 5abe4e47-48d4-4bed-b79b-0afa624f904e@group-30B89C14BA9F: start as a follower, conf=-1: [5abe4e47-48d4-4bed-b79b-0afa624f904e:172.17.0.2:41019], old=null
2020-05-22 21:02:24,653 [pool-132-thread-1] INFO  impl.RaftServerImpl (RaftServerImpl.java:setRole(173)) - 5abe4e47-48d4-4bed-b79b-0afa624f904e@group-30B89C14BA9F: changes role from      null to FOLLOWER at term 0 for startAsFollower
2020-05-22 21:02:24,661 [pool-116-thread-1] INFO  util.JmxRegister (JmxRegister.java:tryRegister(44)) - Successfully registered JMX Bean with object name Ratis:service=RaftServer,group=group-402642E6913C,id=ca65480a-af45-4754-bab7-1cb47c27def5
2020-05-22 21:02:24,661 [pool-116-thread-1] INFO  metrics.RatisMetrics (RatisMetrics.java:lambda$create$0(39)) - Creating Metrics Registry : ratis.state_machine.ca65480a-af45-4754-bab7-1cb47c27def5@group-402642E6913C
2020-05-22 21:02:24,667 [pool-132-thread-1] INFO  impl.RoleInfo (RoleInfo.java:updateAndGet(143)) - 5abe4e47-48d4-4bed-b79b-0afa624f904e: start FollowerState
2020-05-22 21:02:24,690 [pool-132-thread-1] INFO  util.JmxRegister (JmxRegister.java:tryRegister(44)) - Successfully registered JMX Bean with object name Ratis:service=RaftServer,group=group-30B89C14BA9F,id=5abe4e47-48d4-4bed-b79b-0afa624f904e
2020-05-22 21:02:24,690 [pool-132-thread-1] INFO  metrics.RatisMetrics (RatisMetrics.java:lambda$create$0(39)) - Creating Metrics Registry : ratis.state_machine.5abe4e47-48d4-4bed-b79b-0afa624f904e@group-30B89C14BA9F
2020-05-22 21:02:24,697 [Command processor thread] INFO  commandhandler.CreatePipelineCommandHandler (CreatePipelineCommandHandler.java:handle(109)) - Created Pipeline RATIS ONE #id: "174971fc-cd7f-41f7-b560-30b89c14ba9f"
.
2020-05-22 21:02:24,697 [Command processor thread] INFO  impl.RaftServerProxy (RaftServerProxy.java:addNew(89)) - 5abe4e47-48d4-4bed-b79b-0afa624f904e: addNew group-86CFD4FF3404:[b4cee484-4d20-4d73-ba0e-c1d545d3b234:172.17.0.2:33307, 5abe4e47-48d4-4bed-b79b-0afa624f904e:172.17.0.2:41019, c918de7f-ef30-4f8b-9922-6cd8c5b8891b:172.17.0.2:46273] returns group-86CFD4FF3404:java.util.concurrent.CompletableFuture@3ad1984c[Not completed]
2020-05-22 21:02:24,701 [pool-132-thread-1] INFO  impl.RaftServerImpl (RaftServerImpl.java:<init>(98)) - 5abe4e47-48d4-4bed-b79b-0afa624f904e: new RaftServerImpl for group-86CFD4FF3404:[b4cee484-4d20-4d73-ba0e-c1d545d3b234:172.17.0.2:33307, 5abe4e47-48d4-4bed-b79b-0afa624f904e:172.17.0.2:41019, c918de7f-ef30-4f8b-9922-6cd8c5b8891b:172.17.0.2:46273] with ContainerStateMachine:uninitialized
2020-05-22 21:02:24,701 [pool-132-thread-1] INFO  server.RaftServerConfigKeys (ConfUtils.java:logGet(44)) - raft.server.rpc.timeout.min = 1s (custom)
2020-05-22 21:02:24,702 [pool-132-thread-1] INFO  server.RaftServerConfigKeys (ConfUtils.java:logGet(44)) - raft.server.rpc.timeout.max = 1200ms (custom)
2020-05-22 21:02:24,702 [pool-132-thread-1] INFO  server.RaftServerConfigKeys (ConfUtils.java:logGet(44)) - raft.server.rpcslowness.timeout = 300s (custom)
2020-05-22 21:02:24,702 [pool-132-thread-1] INFO  server.RaftServerConfigKeys (ConfUtils.java:logGet(44)) - raft.server.sleep.deviation.threshold = 300 (default)
2020-05-22 21:02:24,702 [pool-132-thread-1] INFO  server.RaftServerConfigKeys (ConfUtils.java:logGet(44)) - raft.server.log.appender.install.snapshot.enabled = false (custom)
2020-05-22 21:02:24,702 [pool-132-thread-1] INFO  impl.RaftServerImpl (ServerState.java:<init>(103)) - 5abe4e47-48d4-4bed-b79b-0afa624f904e@group-86CFD4FF3404: ConfigurationManager, init=-1: [b4cee484-4d20-4d73-ba0e-c1d545d3b234:172.17.0.2:33307, 5abe4e47-48d4-4bed-b79b-0afa624f904e:172.17.0.2:41019, c918de7f-ef30-4f8b-9922-6cd8c5b8891b:172.17.0.2:46273], old=null, confs=<EMPTY_MAP>
2020-05-22 21:02:24,702 [pool-132-thread-1] INFO  server.RaftServerConfigKeys (ConfUtils.java:logGet(44)) - raft.server.storage.dir = [/github/workspace/mnt/ozone/hadoop-ozone/integration-test/target/test-dir/MiniOzoneClusterImpl-aeaef343-8586-4703-af18-3341d148064c/datanode-6/data/ratis] (custom)
2020-05-22 21:02:24,702 [pool-132-thread-1] INFO  server.RaftServerConfigKeys (ConfUtils.java:logGet(44)) - raft.server.log.corruption.policy = EXCEPTION (default)
2020-05-22 21:02:24,702 [pool-132-thread-1] INFO  storage.RaftStorageDirectory (RaftStorageDirectory.java:analyzeStorage(261)) - The storage directory /github/workspace/mnt/ozone/hadoop-ozone/integration-test/target/test-dir/MiniOzoneClusterImpl-aeaef343-8586-4703-af18-3341d148064c/datanode-6/data/ratis/70b00f91-67e1-47a3-aec0-86cfd4ff3404 does not exist. Creating ...
2020-05-22 21:02:24,713 [pool-132-thread-1] INFO  storage.RaftStorageDirectory (RaftStorageDirectory.java:tryLock(343)) - Lock on /github/workspace/mnt/ozone/hadoop-ozone/integration-test/target/test-dir/MiniOzoneClusterImpl-aeaef343-8586-4703-af18-3341d148064c/datanode-6/data/ratis/70b00f91-67e1-47a3-aec0-86cfd4ff3404/in_use.lock acquired by nodename 8821@b8e5eb7a950d
2020-05-22 21:02:24,715 [pool-132-thread-1] INFO  storage.RaftStorage (RaftStorage.java:format(84)) - Storage directory /github/workspace/mnt/ozone/hadoop-ozone/integration-test/target/test-dir/MiniOzoneClusterImpl-aeaef343-8586-4703-af18-3341d148064c/datanode-6/data/ratis/70b00f91-67e1-47a3-aec0-86cfd4ff3404 has been successfully formatted.
2020-05-22 21:02:24,721 [Command processor thread] INFO  impl.RaftServerProxy (RaftServerProxy.java:addNew(89)) - c918de7f-ef30-4f8b-9922-6cd8c5b8891b: addNew group-43C2823EDEF0:[c918de7f-ef30-4f8b-9922-6cd8c5b8891b:172.17.0.2:46273] returns group-43C2823EDEF0:java.util.concurrent.CompletableFuture@31fdcd0d[Not completed]
2020-05-22 21:02:24,723 [pool-148-thread-1] INFO  impl.RaftServerImpl (RaftServerImpl.java:<init>(98)) - c918de7f-ef30-4f8b-9922-6cd8c5b8891b: new RaftServerImpl for group-43C2823EDEF0:[c918de7f-ef30-4f8b-9922-6cd8c5b8891b:172.17.0.2:46273] with ContainerStateMachine:uninitialized
2020-05-22 21:02:24,723 [pool-148-thread-1] INFO  server.RaftServerConfigKeys (ConfUtils.java:logGet(44)) - raft.server.rpc.timeout.min = 1s (custom)
2020-05-22 21:02:24,723 [pool-148-thread-1] INFO  server.RaftServerConfigKeys (ConfUtils.java:logGet(44)) - raft.server.rpc.timeout.max = 1200ms (custom)
2020-05-22 21:02:24,723 [pool-148-thread-1] INFO  server.RaftServerConfigKeys (ConfUtils.java:logGet(44)) - raft.server.rpcslowness.timeout = 300s (custom)
2020-05-22 21:02:24,724 [pool-148-thread-1] INFO  server.RaftServerConfigKeys (ConfUtils.java:logGet(44)) - raft.server.sleep.deviation.threshold = 300 (default)
2020-05-22 21:02:24,724 [pool-148-thread-1] INFO  server.RaftServerConfigKeys (ConfUtils.java:logGet(44)) - raft.server.log.appender.install.snapshot.enabled = false (custom)
2020-05-22 21:02:24,724 [pool-148-thread-1] INFO  impl.RaftServerImpl (ServerState.java:<init>(103)) - c918de7f-ef30-4f8b-9922-6cd8c5b8891b@group-43C2823EDEF0: ConfigurationManager, init=-1: [c918de7f-ef30-4f8b-9922-6cd8c5b8891b:172.17.0.2:46273], old=null, confs=<EMPTY_MAP>
2020-05-22 21:02:24,724 [pool-148-thread-1] INFO  server.RaftServerConfigKeys (ConfUtils.java:logGet(44)) - raft.server.storage.dir = [/github/workspace/mnt/ozone/hadoop-ozone/integration-test/target/test-dir/MiniOzoneClusterImpl-aeaef343-8586-4703-af18-3341d148064c/datanode-7/data/ratis] (custom)
2020-05-22 21:02:24,724 [pool-148-thread-1] INFO  server.RaftServerConfigKeys (ConfUtils.java:logGet(44)) - raft.server.log.corruption.policy = EXCEPTION (default)
2020-05-22 21:02:24,724 [pool-148-thread-1] INFO  storage.RaftStorageDirectory (RaftStorageDirectory.java:analyzeStorage(261)) - The storage directory /github/workspace/mnt/ozone/hadoop-ozone/integration-test/target/test-dir/MiniOzoneClusterImpl-aeaef343-8586-4703-af18-3341d148064c/datanode-7/data/ratis/80f3874b-c274-43c4-b801-43c2823edef0 does not exist. Creating ...
2020-05-22 21:02:24,737 [pool-132-thread-1] INFO  ratis.ContainerStateMachine (ContainerStateMachine.java:loadSnapshot(226)) - group-86CFD4FF3404: The snapshot info is null. Setting the last applied indexto:(t:0, i:~)
2020-05-22 21:02:24,737 [pool-132-thread-1] INFO  server.RaftServerConfigKeys (ConfUtils.java:logGet(44)) - raft.server.notification.no-leader.timeout = 60s (default)
2020-05-22 21:02:24,737 [pool-132-thread-1] INFO  server.RaftServerConfigKeys (ConfUtils.java:logGet(44)) - raft.server.log.use.memory = false (default)
2020-05-22 21:02:24,737 [pool-132-thread-1] INFO  server.RaftServerConfigKeys (ConfUtils.java:logGet(44)) - raft.server.log.purge.gap = 1000000 (custom)
2020-05-22 21:02:24,737 [pool-132-thread-1] INFO  server.RaftServerConfigKeys (ConfUtils.java:logGet(44)) - raft.server.log.appender.buffer.byte-limit = 33554432 (custom)
2020-05-22 21:02:24,738 [pool-132-thread-1] INFO  server.RaftServerConfigKeys (ConfUtils.java:logGet(44)) - raft.server.log.segment.size.max = 1048576 (custom)
2020-05-22 21:02:24,738 [pool-132-thread-1] INFO  server.RaftServerConfigKeys (ConfUtils.java:logGet(44)) - raft.server.log.segment.cache.num.max = 2 (custom)
2020-05-22 21:02:24,738 [pool-148-thread-1] INFO  storage.RaftStorageDirectory (RaftStorageDirectory.java:tryLock(343)) - Lock on /github/workspace/mnt/ozone/hadoop-ozone/integration-test/target/test-dir/MiniOzoneClusterImpl-aeaef343-8586-4703-af18-3341d148064c/datanode-7/data/ratis/80f3874b-c274-43c4-b801-43c2823edef0/in_use.lock acquired by nodename 8821@b8e5eb7a950d
2020-05-22 21:02:24,738 [pool-132-thread-1] INFO  segmented.SegmentedRaftLogWorker (SegmentedRaftLogWorker.java:<init>(176)) - new 5abe4e47-48d4-4bed-b79b-0afa624f904e@group-86CFD4FF3404-SegmentedRaftLogWorker for RaftStorage:Storage Directory /github/workspace/mnt/ozone/hadoop-ozone/integration-test/target/test-dir/MiniOzoneClusterImpl-aeaef343-8586-4703-af18-3341d148064c/datanode-6/data/ratis/70b00f91-67e1-47a3-aec0-86cfd4ff3404
2020-05-22 21:02:24,738 [pool-132-thread-1] INFO  server.RaftServerConfigKeys (ConfUtils.java:logGet(44)) - raft.server.log.queue.byte-limit = 2147483647 (custom)
2020-05-22 21:02:24,738 [pool-132-thread-1] INFO  server.RaftServerConfigKeys (ConfUtils.java:logGet(44)) - raft.server.log.queue.element-limit = 1024 (custom)
2020-05-22 21:02:24,738 [pool-132-thread-1] INFO  server.RaftServerConfigKeys (ConfUtils.java:logGet(44)) - raft.server.log.segment.size.max = 1048576 (custom)
2020-05-22 21:02:24,738 [pool-132-thread-1] INFO  server.RaftServerConfigKeys (ConfUtils.java:logGet(44)) - raft.server.log.preallocated.size = 16384 (custom)
2020-05-22 21:02:24,738 [pool-132-thread-1] INFO  server.RaftServerConfigKeys (ConfUtils.java:logGet(44)) - raft.server.log.write.buffer.size = 1048576 (custom)
2020-05-22 21:02:24,738 [pool-132-thread-1] INFO  server.RaftServerConfigKeys (ConfUtils.java:logGet(44)) - raft.server.log.force.sync.num = 128 (default)
2020-05-22 21:02:24,738 [pool-132-thread-1] INFO  server.RaftServerConfigKeys (ConfUtils.java:logGet(44)) - raft.server.log.statemachine.data.sync = true (default)
2020-05-22 21:02:24,739 [pool-132-thread-1] INFO  server.RaftServerConfigKeys (ConfUtils.java:logGet(44)) - raft.server.log.statemachine.data.sync.timeout = 10s (default)
2020-05-22 21:02:24,739 [pool-132-thread-1] INFO  server.RaftServerConfigKeys (ConfUtils.java:logGet(44)) - raft.server.log.statemachine.data.sync.timeout.retry = -1 (default)
2020-05-22 21:02:24,740 [pool-132-thread-1] INFO  server.RaftServerConfigKeys (ConfUtils.java:logGet(44)) - raft.server.log.statemachine.data.caching.enabled = true (custom)
2020-05-22 21:02:24,740 [pool-132-thread-1] INFO  segmented.SegmentedRaftLogWorker (SegmentedRaftLogWorker.java:lambda$new$0(129)) - 5abe4e47-48d4-4bed-b79b-0afa624f904e@group-86CFD4FF3404-SegmentedRaftLogWorker: flushIndex: setUnconditionally 0 -> -1
2020-05-22 21:02:24,742 [pool-148-thread-1] INFO  storage.RaftStorage (RaftStorage.java:format(84)) - Storage directory /github/workspace/mnt/ozone/hadoop-ozone/integration-test/target/test-dir/MiniOzoneClusterImpl-aeaef343-8586-4703-af18-3341d148064c/datanode-7/data/ratis/80f3874b-c274-43c4-b801-43c2823edef0 has been successfully formatted.
2020-05-22 21:02:24,745 [pool-132-thread-1] INFO  server.RaftServerConfigKeys (ConfUtils.java:logGet(44)) - raft.server.snapshot.auto.trigger.enabled = true (custom)
2020-05-22 21:02:24,745 [pool-132-thread-1] INFO  server.RaftServerConfigKeys (ConfUtils.java:logGet(44)) - raft.server.snapshot.auto.trigger.threshold = 10000 (custom)
2020-05-22 21:02:24,745 [pool-132-thread-1] INFO  server.RaftServerConfigKeys (ConfUtils.java:logGet(44)) - raft.server.snapshot.retention.file.num = 5 (custom)
2020-05-22 21:02:24,745 [pool-132-thread-1] INFO  server.RaftServerConfigKeys (ConfUtils.java:logGet(44)) - raft.server.log.purge.upto.snapshot.index = false (default)
2020-05-22 21:02:24,745 [pool-148-thread-1] INFO  ratis.ContainerStateMachine (ContainerStateMachine.java:loadSnapshot(226)) - group-43C2823EDEF0: The snapshot info is null. Setting the last applied indexto:(t:0, i:~)
2020-05-22 21:02:24,746 [pool-132-thread-1] INFO  server.RaftServerConfigKeys (ConfUtils.java:logGet(44)) - raft.server.retrycache.expirytime = 600000ms (custom)
2020-05-22 21:02:24,746 [pool-148-thread-1] INFO  server.RaftServerConfigKeys (ConfUtils.java:logGet(44)) - raft.server.notification.no-leader.timeout = 60s (default)
2020-05-22 21:02:24,746 [pool-148-thread-1] INFO  server.RaftServerConfigKeys (ConfUtils.java:logGet(44)) - raft.server.log.use.memory = false (default)
2020-05-22 21:02:24,746 [pool-132-thread-1] INFO  metrics.RatisMetrics (RatisMetrics.java:lambda$create$0(39)) - Creating Metrics Registry : ratis.leader_election.5abe4e47-48d4-4bed-b79b-0afa624f904e@group-86CFD4FF3404
2020-05-22 21:02:24,746 [pool-148-thread-1] INFO  server.RaftServerConfigKeys (ConfUtils.java:logGet(44)) - raft.server.log.purge.gap = 1000000 (custom)
2020-05-22 21:02:24,747 [pool-148-thread-1] INFO  server.RaftServerConfigKeys (ConfUtils.java:logGet(44)) - raft.server.log.appender.buffer.byte-limit = 33554432 (custom)
2020-05-22 21:02:24,747 [pool-148-thread-1] INFO  server.RaftServerConfigKeys (ConfUtils.java:logGet(44)) - raft.server.log.segment.size.max = 1048576 (custom)
2020-05-22 21:02:24,747 [pool-148-thread-1] INFO  metrics.RatisMetrics (RatisMetrics.java:lambda$create$0(39)) - Creating Metrics Registry : ratis.log_worker.c918de7f-ef30-4f8b-9922-6cd8c5b8891b
2020-05-22 21:02:24,747 [pool-148-thread-1] INFO  server.RaftServerConfigKeys (ConfUtils.java:logGet(44)) - raft.server.log.segment.cache.num.max = 2 (custom)
2020-05-22 21:02:24,747 [pool-132-thread-1] INFO  metrics.RatisMetrics (RatisMetrics.java:lambda$create$0(39)) - Creating Metrics Registry : ratis.server.5abe4e47-48d4-4bed-b79b-0afa624f904e@group-86CFD4FF3404
2020-05-22 21:02:24,748 [EventQueue-PipelineReportForPipelineReportHandler] INFO  pipeline.PipelineStateManager (PipelineStateManager.java:openPipeline(131)) - Pipeline Pipeline[ Id: 80f3874b-c274-43c4-b801-43c2823edef0, Nodes: c918de7f-ef30-4f8b-9922-6cd8c5b8891b{ip: 172.17.0.2, host: b8e5eb7a950d, networkLocation: /rack1, certSerialId: null}, Type:RATIS, Factor:ONE, State:ALLOCATED, leaderId:c918de7f-ef30-4f8b-9922-6cd8c5b8891b, CreationTimestamp2020-05-22T21:02:21.672Z] moved to OPEN state
2020-05-22 21:02:24,748 [EventQueue-OpenPipelineForOneReplicaPipelineSafeModeRule] INFO  safemode.SCMSafeModeManager (SCMSafeModeManager.java:validateSafeModeExitRules(213)) - AtleastOneDatanodeReportedRule rule is successfully validated
2020-05-22 21:02:24,748 [EventQueue-OpenPipelineForHealthyPipelineSafeModeRule] INFO  safemode.SCMSafeModeManager (HealthyPipelineSafeModeRule.java:process(132)) - SCM in safe mode. Healthy pipelines reported count is 0, required healthy pipeline reported count is 1
2020-05-22 21:02:24,748 [pool-148-thread-1] INFO  segmented.SegmentedRaftLogWorker (SegmentedRaftLogWorker.java:<init>(176)) - new c918de7f-ef30-4f8b-9922-6cd8c5b8891b@group-43C2823EDEF0-SegmentedRaftLogWorker for RaftStorage:Storage Directory /github/workspace/mnt/ozone/hadoop-ozone/integration-test/target/test-dir/MiniOzoneClusterImpl-aeaef343-8586-4703-af18-3341d148064c/datanode-7/data/ratis/80f3874b-c274-43c4-b801-43c2823edef0
2020-05-22 21:02:24,748 [pool-148-thread-1] INFO  server.RaftServerConfigKeys (ConfUtils.java:logGet(44)) - raft.server.log.queue.byte-limit = 2147483647 (custom)
2020-05-22 21:02:24,748 [pool-148-thread-1] INFO  server.RaftServerConfigKeys (ConfUtils.java:logGet(44)) - raft.server.log.queue.element-limit = 1024 (custom)
2020-05-22 21:02:24,748 [pool-132-thread-1] INFO  impl.RaftServerImpl (RaftServerImpl.java:start(184)) - 5abe4e47-48d4-4bed-b79b-0afa624f904e@group-86CFD4FF3404: start as a follower, conf=-1: [b4cee484-4d20-4d73-ba0e-c1d545d3b234:172.17.0.2:33307, 5abe4e47-48d4-4bed-b79b-0afa624f904e:172.17.0.2:41019, c918de7f-ef30-4f8b-9922-6cd8c5b8891b:172.17.0.2:46273], old=null
2020-05-22 21:02:24,748 [pool-148-thread-1] INFO  server.RaftServerConfigKeys (ConfUtils.java:logGet(44)) - raft.server.log.segment.size.max = 1048576 (custom)
2020-05-22 21:02:24,749 [pool-132-thread-1] INFO  impl.RaftServerImpl (RaftServerImpl.java:setRole(173)) - 5abe4e47-48d4-4bed-b79b-0afa624f904e@group-86CFD4FF3404: changes role from      null to FOLLOWER at term 0 for startAsFollower
2020-05-22 21:02:24,749 [pool-148-thread-1] INFO  server.RaftServerConfigKeys (ConfUtils.java:logGet(44)) - raft.server.log.preallocated.size = 16384 (custom)
2020-05-22 21:02:24,749 [pool-132-thread-1] INFO  impl.RoleInfo (RoleInfo.java:updateAndGet(143)) - 5abe4e47-48d4-4bed-b79b-0afa624f904e: start FollowerState
2020-05-22 21:02:24,749 [pool-148-thread-1] INFO  server.RaftServerConfigKeys (ConfUtils.java:logGet(44)) - raft.server.log.write.buffer.size = 1048576 (custom)
2020-05-22 21:02:24,749 [pool-148-thread-1] INFO  server.RaftServerConfigKeys (ConfUtils.java:logGet(44)) - raft.server.log.force.sync.num = 128 (default)
2020-05-22 21:02:24,749 [pool-148-thread-1] INFO  server.RaftServerConfigKeys (ConfUtils.java:logGet(44)) - raft.server.log.statemachine.data.sync = true (default)
2020-05-22 21:02:24,750 [pool-148-thread-1] INFO  server.RaftServerConfigKeys (ConfUtils.java:logGet(44)) - raft.server.log.statemachine.data.sync.timeout = 10s (default)
2020-05-22 21:02:24,750 [pool-148-thread-1] INFO  server.RaftServerConfigKeys (ConfUtils.java:logGet(44)) - raft.server.log.statemachine.data.sync.timeout.retry = -1 (default)
2020-05-22 21:02:24,756 [pool-132-thread-1] INFO  util.JmxRegister (JmxRegister.java:tryRegister(44)) - Successfully registered JMX Bean with object name Ratis:service=RaftServer,group=group-86CFD4FF3404,id=5abe4e47-48d4-4bed-b79b-0afa624f904e
2020-05-22 21:02:24,756 [pool-132-thread-1] INFO  metrics.RatisMetrics (RatisMetrics.java:lambda$create$0(39)) - Creating Metrics Registry : ratis.state_machine.5abe4e47-48d4-4bed-b79b-0afa624f904e@group-86CFD4FF3404
2020-05-22 21:02:24,774 [Command processor thread] INFO  impl.RaftServerProxy (RaftServerProxy.java:addNew(89)) - b4cee484-4d20-4d73-ba0e-c1d545d3b234: addNew group-40CB899CD2EF:[b4cee484-4d20-4d73-ba0e-c1d545d3b234:172.17.0.2:33307] returns group-40CB899CD2EF:java.util.concurrent.CompletableFuture@2200f9e4[Not completed]
2020-05-22 21:02:24,775 [pool-148-thread-1] INFO  server.RaftServerConfigKeys (ConfUtils.java:logGet(44)) - raft.server.log.statemachine.data.caching.enabled = true (custom)
2020-05-22 21:02:24,775 [pool-148-thread-1] INFO  segmented.SegmentedRaftLogWorker (SegmentedRaftLogWorker.java:lambda$new$0(129)) - c918de7f-ef30-4f8b-9922-6cd8c5b8891b@group-43C2823EDEF0-SegmentedRaftLogWorker: flushIndex: setUnconditionally 0 -> -1
2020-05-22 21:02:24,776 [pool-164-thread-1] INFO  impl.RaftServerImpl (RaftServerImpl.java:<init>(98)) - b4cee484-4d20-4d73-ba0e-c1d545d3b234: new RaftServerImpl for group-40CB899CD2EF:[b4cee484-4d20-4d73-ba0e-c1d545d3b234:172.17.0.2:33307] with ContainerStateMachine:uninitialized
2020-05-22 21:02:24,776 [pool-164-thread-1] INFO  server.RaftServerConfigKeys (ConfUtils.java:logGet(44)) - raft.server.rpc.timeout.min = 1s (custom)
2020-05-22 21:02:24,776 [pool-164-thread-1] INFO  server.RaftServerConfigKeys (ConfUtils.java:logGet(44)) - raft.server.rpc.timeout.max = 1200ms (custom)
2020-05-22 21:02:24,776 [pool-164-thread-1] INFO  server.RaftServerConfigKeys (ConfUtils.java:logGet(44)) - raft.server.rpcslowness.timeout = 300s (custom)
2020-05-22 21:02:24,776 [pool-164-thread-1] INFO  server.RaftServerConfigKeys (ConfUtils.java:logGet(44)) - raft.server.sleep.deviation.threshold = 300 (default)
2020-05-22 21:02:24,777 [pool-164-thread-1] INFO  server.RaftServerConfigKeys (ConfUtils.java:logGet(44)) - raft.server.log.appender.install.snapshot.enabled = false (custom)
2020-05-22 21:02:24,777 [pool-164-thread-1] INFO  impl.RaftServerImpl (ServerState.java:<init>(103)) - b4cee484-4d20-4d73-ba0e-c1d545d3b234@group-40CB899CD2EF: ConfigurationManager, init=-1: [b4cee484-4d20-4d73-ba0e-c1d545d3b234:172.17.0.2:33307], old=null, confs=<EMPTY_MAP>
2020-05-22 21:02:24,777 [pool-164-thread-1] INFO  server.RaftServerConfigKeys (ConfUtils.java:logGet(44)) - raft.server.storage.dir = [/github/workspace/mnt/ozone/hadoop-ozone/integration-test/target/test-dir/MiniOzoneClusterImpl-aeaef343-8586-4703-af18-3341d148064c/datanode-8/data/ratis] (custom)
2020-05-22 21:02:24,777 [pool-164-thread-1] INFO  server.RaftServerConfigKeys (ConfUtils.java:logGet(44)) - raft.server.log.corruption.policy = EXCEPTION (default)
2020-05-22 21:02:24,778 [pool-164-thread-1] INFO  storage.RaftStorageDirectory (RaftStorageDirectory.java:analyzeStorage(261)) - The storage directory /github/workspace/mnt/ozone/hadoop-ozone/integration-test/target/test-dir/MiniOzoneClusterImpl-aeaef343-8586-4703-af18-3341d148064c/datanode-8/data/ratis/60dfce0d-f4e4-432d-a95e-40cb899cd2ef does not exist. Creating ...
2020-05-22 21:02:24,778 [pool-148-thread-1] INFO  server.RaftServerConfigKeys (ConfUtils.java:logGet(44)) - raft.server.snapshot.auto.trigger.enabled = true (custom)
2020-05-22 21:02:24,778 [pool-148-thread-1] INFO  server.RaftServerConfigKeys (ConfUtils.java:logGet(44)) - raft.server.snapshot.auto.trigger.threshold = 10000 (custom)
2020-05-22 21:02:24,779 [pool-148-thread-1] INFO  server.RaftServerConfigKeys (ConfUtils.java:logGet(44)) - raft.server.snapshot.retention.file.num = 5 (custom)
2020-05-22 21:02:24,779 [pool-148-thread-1] INFO  server.RaftServerConfigKeys (ConfUtils.java:logGet(44)) - raft.server.log.purge.upto.snapshot.index = false (default)
2020-05-22 21:02:24,779 [pool-148-thread-1] INFO  server.RaftServerConfigKeys (ConfUtils.java:logGet(44)) - raft.server.retrycache.expirytime = 600000ms (custom)
2020-05-22 21:02:24,779 [pool-148-thread-1] INFO  metrics.RatisMetrics (RatisMetrics.java:lambda$create$0(39)) - Creating Metrics Registry : ratis.leader_election.c918de7f-ef30-4f8b-9922-6cd8c5b8891b@group-43C2823EDEF0
2020-05-22 21:02:24,779 [pool-164-thread-1] INFO  storage.RaftStorageDirectory (RaftStorageDirectory.java:tryLock(343)) - Lock on /github/workspace/mnt/ozone/hadoop-ozone/integration-test/target/test-dir/MiniOzoneClusterImpl-aeaef343-8586-4703-af18-3341d148064c/datanode-8/data/ratis/60dfce0d-f4e4-432d-a95e-40cb899cd2ef/in_use.lock acquired by nodename 8821@b8e5eb7a950d
2020-05-22 21:02:24,780 [pool-148-thread-1] INFO  metrics.RatisMetrics (RatisMetrics.java:lambda$create$0(39)) - Creating Metrics Registry : ratis.server.c918de7f-ef30-4f8b-9922-6cd8c5b8891b@group-43C2823EDEF0
2020-05-22 21:02:24,781 [pool-148-thread-1] INFO  impl.RaftServerImpl (RaftServerImpl.java:start(184)) - c918de7f-ef30-4f8b-9922-6cd8c5b8891b@group-43C2823EDEF0: start as a follower, conf=-1: [c918de7f-ef30-4f8b-9922-6cd8c5b8891b:172.17.0.2:46273], old=null
2020-05-22 21:02:24,781 [pool-148-thread-1] INFO  impl.RaftServerImpl (RaftServerImpl.java:setRole(173)) - c918de7f-ef30-4f8b-9922-6cd8c5b8891b@group-43C2823EDEF0: changes role from      null to FOLLOWER at term 0 for startAsFollower
2020-05-22 21:02:24,784 [pool-164-thread-1] INFO  storage.RaftStorage (RaftStorage.java:format(84)) - Storage directory /github/workspace/mnt/ozone/hadoop-ozone/integration-test/target/test-dir/MiniOzoneClusterImpl-aeaef343-8586-4703-af18-3341d148064c/datanode-8/data/ratis/60dfce0d-f4e4-432d-a95e-40cb899cd2ef has been successfully formatted.
2020-05-22 21:02:24,796 [pool-148-thread-1] INFO  impl.RoleInfo (RoleInfo.java:updateAndGet(143)) - c918de7f-ef30-4f8b-9922-6cd8c5b8891b: start FollowerState
2020-05-22 21:02:24,802 [pool-164-thread-1] INFO  ratis.ContainerStateMachine (ContainerStateMachine.java:loadSnapshot(226)) - group-40CB899CD2EF: The snapshot info is null. Setting the last applied indexto:(t:0, i:~)
2020-05-22 21:02:24,802 [pool-164-thread-1] INFO  server.RaftServerConfigKeys (ConfUtils.java:logGet(44)) - raft.server.notification.no-leader.timeout = 60s (default)
2020-05-22 21:02:24,802 [pool-164-thread-1] INFO  server.RaftServerConfigKeys (ConfUtils.java:logGet(44)) - raft.server.log.use.memory = false (default)
2020-05-22 21:02:24,803 [pool-164-thread-1] INFO  server.RaftServerConfigKeys (ConfUtils.java:logGet(44)) - raft.server.log.purge.gap = 1000000 (custom)
2020-05-22 21:02:24,803 [pool-164-thread-1] INFO  server.RaftServerConfigKeys (ConfUtils.java:logGet(44)) - raft.server.log.appender.buffer.byte-limit = 33554432 (custom)
2020-05-22 21:02:24,803 [pool-164-thread-1] INFO  server.RaftServerConfigKeys (ConfUtils.java:logGet(44)) - raft.server.log.segment.size.max = 1048576 (custom)
2020-05-22 21:02:24,803 [pool-164-thread-1] INFO  metrics.RatisMetrics (RatisMetrics.java:lambda$create$0(39)) - Creating Metrics Registry : ratis.log_worker.b4cee484-4d20-4d73-ba0e-c1d545d3b234
2020-05-22 21:02:24,803 [pool-164-thread-1] INFO  server.RaftServerConfigKeys (ConfUtils.java:logGet(44)) - raft.server.log.segment.cache.num.max = 2 (custom)
2020-05-22 21:02:24,803 [pool-164-thread-1] INFO  segmented.SegmentedRaftLogWorker (SegmentedRaftLogWorker.java:<init>(176)) - new b4cee484-4d20-4d73-ba0e-c1d545d3b234@group-40CB899CD2EF-SegmentedRaftLogWorker for RaftStorage:Storage Directory /github/workspace/mnt/ozone/hadoop-ozone/integration-test/target/test-dir/MiniOzoneClusterImpl-aeaef343-8586-4703-af18-3341d148064c/datanode-8/data/ratis/60dfce0d-f4e4-432d-a95e-40cb899cd2ef
2020-05-22 21:02:24,803 [pool-164-thread-1] INFO  server.RaftServerConfigKeys (ConfUtils.java:logGet(44)) - raft.server.log.queue.byte-limit = 2147483647 (custom)
2020-05-22 21:02:24,803 [pool-164-thread-1] INFO  server.RaftServerConfigKeys (ConfUtils.java:logGet(44)) - raft.server.log.queue.element-limit = 1024 (custom)
2020-05-22 21:02:24,804 [pool-164-thread-1] INFO  server.RaftServerConfigKeys (ConfUtils.java:logGet(44)) - raft.server.log.segment.size.max = 1048576 (custom)
2020-05-22 21:02:24,804 [pool-164-thread-1] INFO  server.RaftServerConfigKeys (ConfUtils.java:logGet(44)) - raft.server.log.preallocated.size = 16384 (custom)
2020-05-22 21:02:24,804 [pool-164-thread-1] INFO  server.RaftServerConfigKeys (ConfUtils.java:logGet(44)) - raft.server.log.write.buffer.size = 1048576 (custom)
2020-05-22 21:02:24,804 [pool-164-thread-1] INFO  server.RaftServerConfigKeys (ConfUtils.java:logGet(44)) - raft.server.log.force.sync.num = 128 (default)
2020-05-22 21:02:24,804 [pool-164-thread-1] INFO  server.RaftServerConfigKeys (ConfUtils.java:logGet(44)) - raft.server.log.statemachine.data.sync = true (default)
2020-05-22 21:02:24,804 [pool-164-thread-1] INFO  server.RaftServerConfigKeys (ConfUtils.java:logGet(44)) - raft.server.log.statemachine.data.sync.timeout = 10s (default)
2020-05-22 21:02:24,804 [pool-164-thread-1] INFO  server.RaftServerConfigKeys (ConfUtils.java:logGet(44)) - raft.server.log.statemachine.data.sync.timeout.retry = -1 (default)
2020-05-22 21:02:24,806 [EventQueue-PipelineReportForPipelineReportHandler] INFO  pipeline.PipelineStateManager (PipelineStateManager.java:openPipeline(131)) - Pipeline Pipeline[ Id: 60dfce0d-f4e4-432d-a95e-40cb899cd2ef, Nodes: b4cee484-4d20-4d73-ba0e-c1d545d3b234{ip: 172.17.0.2, host: b8e5eb7a950d, networkLocation: /rack1, certSerialId: null}, Type:RATIS, Factor:ONE, State:ALLOCATED, leaderId:b4cee484-4d20-4d73-ba0e-c1d545d3b234, CreationTimestamp2020-05-22T21:02:21.762Z] moved to OPEN state
2020-05-22 21:02:24,806 [EventQueue-OpenPipelineForOneReplicaPipelineSafeModeRule] INFO  safemode.SCMSafeModeManager (SCMSafeModeManager.java:validateSafeModeExitRules(213)) - AtleastOneDatanodeReportedRule rule is successfully validated
2020-05-22 21:02:24,806 [EventQueue-OpenPipelineForHealthyPipelineSafeModeRule] INFO  safemode.SCMSafeModeManager (HealthyPipelineSafeModeRule.java:process(132)) - SCM in safe mode. Healthy pipelines reported count is 0, required healthy pipeline reported count is 1
2020-05-22 21:02:24,807 [pool-148-thread-1] INFO  util.JmxRegister (JmxRegister.java:tryRegister(44)) - Successfully registered JMX Bean with object name Ratis:service=RaftServer,group=group-43C2823EDEF0,id=c918de7f-ef30-4f8b-9922-6cd8c5b8891b
2020-05-22 21:02:24,807 [pool-148-thread-1] INFO  metrics.RatisMetrics (RatisMetrics.java:lambda$create$0(39)) - Creating Metrics Registry : ratis.state_machine.c918de7f-ef30-4f8b-9922-6cd8c5b8891b@group-43C2823EDEF0
2020-05-22 21:02:24,809 [pool-164-thread-1] INFO  server.RaftServerConfigKeys (ConfUtils.java:logGet(44)) - raft.server.log.statemachine.data.caching.enabled = true (custom)
2020-05-22 21:02:24,809 [pool-164-thread-1] INFO  segmented.SegmentedRaftLogWorker (SegmentedRaftLogWorker.java:lambda$new$0(129)) - b4cee484-4d20-4d73-ba0e-c1d545d3b234@group-40CB899CD2EF-SegmentedRaftLogWorker: flushIndex: setUnconditionally 0 -> -1
2020-05-22 21:02:24,813 [Command processor thread] INFO  commandhandler.CreatePipelineCommandHandler (CreatePipelineCommandHandler.java:handle(109)) - Created Pipeline RATIS ONE #id: "80f3874b-c274-43c4-b801-43c2823edef0"
.
2020-05-22 21:02:24,813 [Command processor thread] INFO  impl.RaftServerProxy (RaftServerProxy.java:addNew(89)) - c918de7f-ef30-4f8b-9922-6cd8c5b8891b: addNew group-86CFD4FF3404:[b4cee484-4d20-4d73-ba0e-c1d545d3b234:172.17.0.2:33307, 5abe4e47-48d4-4bed-b79b-0afa624f904e:172.17.0.2:41019, c918de7f-ef30-4f8b-9922-6cd8c5b8891b:172.17.0.2:46273] returns group-86CFD4FF3404:java.util.concurrent.CompletableFuture@35c24fea[Not completed]
2020-05-22 21:02:24,814 [pool-148-thread-1] INFO  impl.RaftServerImpl (RaftServerImpl.java:<init>(98)) - c918de7f-ef30-4f8b-9922-6cd8c5b8891b: new RaftServerImpl for group-86CFD4FF3404:[b4cee484-4d20-4d73-ba0e-c1d545d3b234:172.17.0.2:33307, 5abe4e47-48d4-4bed-b79b-0afa624f904e:172.17.0.2:41019, c918de7f-ef30-4f8b-9922-6cd8c5b8891b:172.17.0.2:46273] with ContainerStateMachine:uninitialized
2020-05-22 21:02:24,815 [pool-148-thread-1] INFO  server.RaftServerConfigKeys (ConfUtils.java:logGet(44)) - raft.server.rpc.timeout.min = 1s (custom)
2020-05-22 21:02:24,815 [pool-148-thread-1] INFO  server.RaftServerConfigKeys (ConfUtils.java:logGet(44)) - raft.server.rpc.timeout.max = 1200ms (custom)
2020-05-22 21:02:24,815 [pool-148-thread-1] INFO  server.RaftServerConfigKeys (ConfUtils.java:logGet(44)) - raft.server.rpcslowness.timeout = 300s (custom)
2020-05-22 21:02:24,815 [pool-148-thread-1] INFO  server.RaftServerConfigKeys (ConfUtils.java:logGet(44)) - raft.server.sleep.deviation.threshold = 300 (default)
2020-05-22 21:02:24,815 [pool-148-thread-1] INFO  server.RaftServerConfigKeys (ConfUtils.java:logGet(44)) - raft.server.log.appender.install.snapshot.enabled = false (custom)
2020-05-22 21:02:24,815 [pool-148-thread-1] INFO  impl.RaftServerImpl (ServerState.java:<init>(103)) - c918de7f-ef30-4f8b-9922-6cd8c5b8891b@group-86CFD4FF3404: ConfigurationManager, init=-1: [b4cee484-4d20-4d73-ba0e-c1d545d3b234:172.17.0.2:33307, 5abe4e47-48d4-4bed-b79b-0afa624f904e:172.17.0.2:41019, c918de7f-ef30-4f8b-9922-6cd8c5b8891b:172.17.0.2:46273], old=null, confs=<EMPTY_MAP>
2020-05-22 21:02:24,815 [pool-148-thread-1] INFO  server.RaftServerConfigKeys (ConfUtils.java:logGet(44)) - raft.server.storage.dir = [/github/workspace/mnt/ozone/hadoop-ozone/integration-test/target/test-dir/MiniOzoneClusterImpl-aeaef343-8586-4703-af18-3341d148064c/datanode-7/data/ratis] (custom)
2020-05-22 21:02:24,815 [pool-148-thread-1] INFO  server.RaftServerConfigKeys (ConfUtils.java:logGet(44)) - raft.server.log.corruption.policy = EXCEPTION (default)
2020-05-22 21:02:24,816 [pool-148-thread-1] INFO  storage.RaftStorageDirectory (RaftStorageDirectory.java:analyzeStorage(261)) - The storage directory /github/workspace/mnt/ozone/hadoop-ozone/integration-test/target/test-dir/MiniOzoneClusterImpl-aeaef343-8586-4703-af18-3341d148064c/datanode-7/data/ratis/70b00f91-67e1-47a3-aec0-86cfd4ff3404 does not exist. Creating ...
2020-05-22 21:02:24,817 [pool-148-thread-1] INFO  storage.RaftStorageDirectory (RaftStorageDirectory.java:tryLock(343)) - Lock on /github/workspace/mnt/ozone/hadoop-ozone/integration-test/target/test-dir/MiniOzoneClusterImpl-aeaef343-8586-4703-af18-3341d148064c/datanode-7/data/ratis/70b00f91-67e1-47a3-aec0-86cfd4ff3404/in_use.lock acquired by nodename 8821@b8e5eb7a950d
2020-05-22 21:02:24,818 [pool-148-thread-1] INFO  storage.RaftStorage (RaftStorage.java:format(84)) - Storage directory /github/workspace/mnt/ozone/hadoop-ozone/integration-test/target/test-dir/MiniOzoneClusterImpl-aeaef343-8586-4703-af18-3341d148064c/datanode-7/data/ratis/70b00f91-67e1-47a3-aec0-86cfd4ff3404 has been successfully formatted.
2020-05-22 21:02:24,825 [pool-148-thread-1] INFO  ratis.ContainerStateMachine (ContainerStateMachine.java:loadSnapshot(226)) - group-86CFD4FF3404: The snapshot info is null. Setting the last applied indexto:(t:0, i:~)
2020-05-22 21:02:24,825 [pool-148-thread-1] INFO  server.RaftServerConfigKeys (ConfUtils.java:logGet(44)) - raft.server.notification.no-leader.timeout = 60s (default)
2020-05-22 21:02:24,825 [pool-148-thread-1] INFO  server.RaftServerConfigKeys (ConfUtils.java:logGet(44)) - raft.server.log.use.memory = false (default)
2020-05-22 21:02:24,825 [pool-148-thread-1] INFO  server.RaftServerConfigKeys (ConfUtils.java:logGet(44)) - raft.server.log.purge.gap = 1000000 (custom)
2020-05-22 21:02:24,825 [pool-148-thread-1] INFO  server.RaftServerConfigKeys (ConfUtils.java:logGet(44)) - raft.server.log.appender.buffer.byte-limit = 33554432 (custom)
2020-05-22 21:02:24,825 [pool-148-thread-1] INFO  server.RaftServerConfigKeys (ConfUtils.java:logGet(44)) - raft.server.log.segment.size.max = 1048576 (custom)
2020-05-22 21:02:24,825 [pool-148-thread-1] INFO  server.RaftServerConfigKeys (ConfUtils.java:logGet(44)) - raft.server.log.segment.cache.num.max = 2 (custom)
2020-05-22 21:02:24,825 [pool-148-thread-1] INFO  segmented.SegmentedRaftLogWorker (SegmentedRaftLogWorker.java:<init>(176)) - new c918de7f-ef30-4f8b-9922-6cd8c5b8891b@group-86CFD4FF3404-SegmentedRaftLogWorker for RaftStorage:Storage Directory /github/workspace/mnt/ozone/hadoop-ozone/integration-test/target/test-dir/MiniOzoneClusterImpl-aeaef343-8586-4703-af18-3341d148064c/datanode-7/data/ratis/70b00f91-67e1-47a3-aec0-86cfd4ff3404
2020-05-22 21:02:24,826 [pool-148-thread-1] INFO  server.RaftServerConfigKeys (ConfUtils.java:logGet(44)) - raft.server.log.queue.byte-limit = 2147483647 (custom)
2020-05-22 21:02:24,826 [pool-148-thread-1] INFO  server.RaftServerConfigKeys (ConfUtils.java:logGet(44)) - raft.server.log.queue.element-limit = 1024 (custom)
2020-05-22 21:02:24,826 [pool-148-thread-1] INFO  server.RaftServerConfigKeys (ConfUtils.java:logGet(44)) - raft.server.log.segment.size.max = 1048576 (custom)
2020-05-22 21:02:24,826 [pool-148-thread-1] INFO  server.RaftServerConfigKeys (ConfUtils.java:logGet(44)) - raft.server.log.preallocated.size = 16384 (custom)
2020-05-22 21:02:24,826 [pool-148-thread-1] INFO  server.RaftServerConfigKeys (ConfUtils.java:logGet(44)) - raft.server.log.write.buffer.size = 1048576 (custom)
2020-05-22 21:02:24,826 [pool-148-thread-1] INFO  server.RaftServerConfigKeys (ConfUtils.java:logGet(44)) - raft.server.log.force.sync.num = 128 (default)
2020-05-22 21:02:24,826 [pool-148-thread-1] INFO  server.RaftServerConfigKeys (ConfUtils.java:logGet(44)) - raft.server.log.statemachine.data.sync = true (default)
2020-05-22 21:02:24,826 [pool-148-thread-1] INFO  server.RaftServerConfigKeys (ConfUtils.java:logGet(44)) - raft.server.log.statemachine.data.sync.timeout = 10s (default)
2020-05-22 21:02:24,826 [pool-148-thread-1] INFO  server.RaftServerConfigKeys (ConfUtils.java:logGet(44)) - raft.server.log.statemachine.data.sync.timeout.retry = -1 (default)
2020-05-22 21:02:24,827 [pool-148-thread-1] INFO  server.RaftServerConfigKeys (ConfUtils.java:logGet(44)) - raft.server.log.statemachine.data.caching.enabled = true (custom)
2020-05-22 21:02:24,828 [pool-148-thread-1] INFO  segmented.SegmentedRaftLogWorker (SegmentedRaftLogWorker.java:lambda$new$0(129)) - c918de7f-ef30-4f8b-9922-6cd8c5b8891b@group-86CFD4FF3404-SegmentedRaftLogWorker: flushIndex: setUnconditionally 0 -> -1
2020-05-22 21:02:24,828 [pool-164-thread-1] INFO  server.RaftServerConfigKeys (ConfUtils.java:logGet(44)) - raft.server.snapshot.auto.trigger.enabled = true (custom)
2020-05-22 21:02:24,828 [pool-164-thread-1] INFO  server.RaftServerConfigKeys (ConfUtils.java:logGet(44)) - raft.server.snapshot.auto.trigger.threshold = 10000 (custom)
2020-05-22 21:02:24,828 [pool-164-thread-1] INFO  server.RaftServerConfigKeys (ConfUtils.java:logGet(44)) - raft.server.snapshot.retention.file.num = 5 (custom)
2020-05-22 21:02:24,829 [pool-164-thread-1] INFO  server.RaftServerConfigKeys (ConfUtils.java:logGet(44)) - raft.server.log.purge.upto.snapshot.index = false (default)
2020-05-22 21:02:24,831 [pool-148-thread-1] INFO  server.RaftServerConfigKeys (ConfUtils.java:logGet(44)) - raft.server.snapshot.auto.trigger.enabled = true (custom)
2020-05-22 21:02:24,832 [pool-148-thread-1] INFO  server.RaftServerConfigKeys (ConfUtils.java:logGet(44)) - raft.server.snapshot.auto.trigger.threshold = 10000 (custom)
2020-05-22 21:02:24,832 [pool-148-thread-1] INFO  server.RaftServerConfigKeys (ConfUtils.java:logGet(44)) - raft.server.snapshot.retention.file.num = 5 (custom)
2020-05-22 21:02:24,832 [pool-148-thread-1] INFO  server.RaftServerConfigKeys (ConfUtils.java:logGet(44)) - raft.server.log.purge.upto.snapshot.index = false (default)
2020-05-22 21:02:24,832 [pool-148-thread-1] INFO  server.RaftServerConfigKeys (ConfUtils.java:logGet(44)) - raft.server.retrycache.expirytime = 600000ms (custom)
2020-05-22 21:02:24,832 [pool-148-thread-1] INFO  metrics.RatisMetrics (RatisMetrics.java:lambda$create$0(39)) - Creating Metrics Registry : ratis.leader_election.c918de7f-ef30-4f8b-9922-6cd8c5b8891b@group-86CFD4FF3404
2020-05-22 21:02:24,833 [pool-164-thread-1] INFO  server.RaftServerConfigKeys (ConfUtils.java:logGet(44)) - raft.server.retrycache.expirytime = 600000ms (custom)
2020-05-22 21:02:24,833 [pool-164-thread-1] INFO  metrics.RatisMetrics (RatisMetrics.java:lambda$create$0(39)) - Creating Metrics Registry : ratis.leader_election.b4cee484-4d20-4d73-ba0e-c1d545d3b234@group-40CB899CD2EF
2020-05-22 21:02:24,834 [pool-148-thread-1] INFO  metrics.RatisMetrics (RatisMetrics.java:lambda$create$0(39)) - Creating Metrics Registry : ratis.server.c918de7f-ef30-4f8b-9922-6cd8c5b8891b@group-86CFD4FF3404
2020-05-22 21:02:24,835 [pool-164-thread-1] INFO  metrics.RatisMetrics (RatisMetrics.java:lambda$create$0(39)) - Creating Metrics Registry : ratis.server.b4cee484-4d20-4d73-ba0e-c1d545d3b234@group-40CB899CD2EF
2020-05-22 21:02:24,839 [pool-148-thread-1] INFO  impl.RaftServerImpl (RaftServerImpl.java:start(184)) - c918de7f-ef30-4f8b-9922-6cd8c5b8891b@group-86CFD4FF3404: start as a follower, conf=-1: [b4cee484-4d20-4d73-ba0e-c1d545d3b234:172.17.0.2:33307, 5abe4e47-48d4-4bed-b79b-0afa624f904e:172.17.0.2:41019, c918de7f-ef30-4f8b-9922-6cd8c5b8891b:172.17.0.2:46273], old=null
2020-05-22 21:02:24,839 [pool-148-thread-1] INFO  impl.RaftServerImpl (RaftServerImpl.java:setRole(173)) - c918de7f-ef30-4f8b-9922-6cd8c5b8891b@group-86CFD4FF3404: changes role from      null to FOLLOWER at term 0 for startAsFollower
2020-05-22 21:02:24,839 [pool-164-thread-1] INFO  impl.RaftServerImpl (RaftServerImpl.java:start(184)) - b4cee484-4d20-4d73-ba0e-c1d545d3b234@group-40CB899CD2EF: start as a follower, conf=-1: [b4cee484-4d20-4d73-ba0e-c1d545d3b234:172.17.0.2:33307], old=null
2020-05-22 21:02:24,839 [pool-164-thread-1] INFO  impl.RaftServerImpl (RaftServerImpl.java:setRole(173)) - b4cee484-4d20-4d73-ba0e-c1d545d3b234@group-40CB899CD2EF: changes role from      null to FOLLOWER at term 0 for startAsFollower
2020-05-22 21:02:24,840 [pool-164-thread-1] INFO  impl.RoleInfo (RoleInfo.java:updateAndGet(143)) - b4cee484-4d20-4d73-ba0e-c1d545d3b234: start FollowerState
2020-05-22 21:02:24,844 [pool-164-thread-1] INFO  util.JmxRegister (JmxRegister.java:tryRegister(44)) - Successfully registered JMX Bean with object name Ratis:service=RaftServer,group=group-40CB899CD2EF,id=b4cee484-4d20-4d73-ba0e-c1d545d3b234
2020-05-22 21:02:24,846 [Listener at 127.0.0.1/42845] INFO  ozone.MiniOzoneClusterImpl (MiniOzoneClusterImpl.java:lambda$waitForClusterToBeReady$0(177)) - Nodes are ready. Got 10 of 10 DN Heartbeats.
2020-05-22 21:02:24,847 [Listener at 127.0.0.1/42845] INFO  ozone.MiniOzoneClusterImpl (MiniOzoneClusterImpl.java:lambda$waitForClusterToBeReady$0(180)) - Waiting for cluster to exit safe mode
2020-05-22 21:02:24,847 [pool-164-thread-1] INFO  metrics.RatisMetrics (RatisMetrics.java:lambda$create$0(39)) - Creating Metrics Registry : ratis.state_machine.b4cee484-4d20-4d73-ba0e-c1d545d3b234@group-40CB899CD2EF
2020-05-22 21:02:24,861 [pool-148-thread-1] INFO  impl.RoleInfo (RoleInfo.java:updateAndGet(143)) - c918de7f-ef30-4f8b-9922-6cd8c5b8891b: start FollowerState
2020-05-22 21:02:24,861 [Command processor thread] INFO  commandhandler.CreatePipelineCommandHandler (CreatePipelineCommandHandler.java:handle(109)) - Created Pipeline RATIS ONE #id: "60dfce0d-f4e4-432d-a95e-40cb899cd2ef"
.
2020-05-22 21:02:24,862 [Command processor thread] INFO  impl.RaftServerProxy (RaftServerProxy.java:addNew(89)) - b4cee484-4d20-4d73-ba0e-c1d545d3b234: addNew group-86CFD4FF3404:[b4cee484-4d20-4d73-ba0e-c1d545d3b234:172.17.0.2:33307, 5abe4e47-48d4-4bed-b79b-0afa624f904e:172.17.0.2:41019, c918de7f-ef30-4f8b-9922-6cd8c5b8891b:172.17.0.2:46273] returns group-86CFD4FF3404:java.util.concurrent.CompletableFuture@263f797c[Not completed]
2020-05-22 21:02:24,863 [pool-164-thread-1] INFO  impl.RaftServerImpl (RaftServerImpl.java:<init>(98)) - b4cee484-4d20-4d73-ba0e-c1d545d3b234: new RaftServerImpl for group-86CFD4FF3404:[b4cee484-4d20-4d73-ba0e-c1d545d3b234:172.17.0.2:33307, 5abe4e47-48d4-4bed-b79b-0afa624f904e:172.17.0.2:41019, c918de7f-ef30-4f8b-9922-6cd8c5b8891b:172.17.0.2:46273] with ContainerStateMachine:uninitialized
2020-05-22 21:02:24,863 [pool-164-thread-1] INFO  server.RaftServerConfigKeys (ConfUtils.java:logGet(44)) - raft.server.rpc.timeout.min = 1s (custom)
2020-05-22 21:02:24,863 [pool-164-thread-1] INFO  server.RaftServerConfigKeys (ConfUtils.java:logGet(44)) - raft.server.rpc.timeout.max = 1200ms (custom)
2020-05-22 21:02:24,864 [pool-164-thread-1] INFO  server.RaftServerConfigKeys (ConfUtils.java:logGet(44)) - raft.server.rpcslowness.timeout = 300s (custom)
2020-05-22 21:02:24,864 [pool-164-thread-1] INFO  server.RaftServerConfigKeys (ConfUtils.java:logGet(44)) - raft.server.sleep.deviation.threshold = 300 (default)
2020-05-22 21:02:24,864 [pool-164-thread-1] INFO  server.RaftServerConfigKeys (ConfUtils.java:logGet(44)) - raft.server.log.appender.install.snapshot.enabled = false (custom)
2020-05-22 21:02:24,864 [pool-164-thread-1] INFO  impl.RaftServerImpl (ServerState.java:<init>(103)) - b4cee484-4d20-4d73-ba0e-c1d545d3b234@group-86CFD4FF3404: ConfigurationManager, init=-1: [b4cee484-4d20-4d73-ba0e-c1d545d3b234:172.17.0.2:33307, 5abe4e47-48d4-4bed-b79b-0afa624f904e:172.17.0.2:41019, c918de7f-ef30-4f8b-9922-6cd8c5b8891b:172.17.0.2:46273], old=null, confs=<EMPTY_MAP>
2020-05-22 21:02:24,864 [pool-164-thread-1] INFO  server.RaftServerConfigKeys (ConfUtils.java:logGet(44)) - raft.server.storage.dir = [/github/workspace/mnt/ozone/hadoop-ozone/integration-test/target/test-dir/MiniOzoneClusterImpl-aeaef343-8586-4703-af18-3341d148064c/datanode-8/data/ratis] (custom)
2020-05-22 21:02:24,865 [pool-164-thread-1] INFO  server.RaftServerConfigKeys (ConfUtils.java:logGet(44)) - raft.server.log.corruption.policy = EXCEPTION (default)
2020-05-22 21:02:24,865 [pool-164-thread-1] INFO  storage.RaftStorageDirectory (RaftStorageDirectory.java:analyzeStorage(261)) - The storage directory /github/workspace/mnt/ozone/hadoop-ozone/integration-test/target/test-dir/MiniOzoneClusterImpl-aeaef343-8586-4703-af18-3341d148064c/datanode-8/data/ratis/70b00f91-67e1-47a3-aec0-86cfd4ff3404 does not exist. Creating ...
2020-05-22 21:02:24,867 [pool-164-thread-1] INFO  storage.RaftStorageDirectory (RaftStorageDirectory.java:tryLock(343)) - Lock on /github/workspace/mnt/ozone/hadoop-ozone/integration-test/target/test-dir/MiniOzoneClusterImpl-aeaef343-8586-4703-af18-3341d148064c/datanode-8/data/ratis/70b00f91-67e1-47a3-aec0-86cfd4ff3404/in_use.lock acquired by nodename 8821@b8e5eb7a950d
2020-05-22 21:02:25,052 [pool-148-thread-1] INFO  util.JmxRegister (JmxRegister.java:tryRegister(44)) - Successfully registered JMX Bean with object name Ratis:service=RaftServer,group=group-86CFD4FF3404,id=c918de7f-ef30-4f8b-9922-6cd8c5b8891b
2020-05-22 21:02:25,053 [pool-148-thread-1] INFO  metrics.RatisMetrics (RatisMetrics.java:lambda$create$0(39)) - Creating Metrics Registry : ratis.state_machine.c918de7f-ef30-4f8b-9922-6cd8c5b8891b@group-86CFD4FF3404
2020-05-22 21:02:25,054 [Command processor thread] INFO  impl.RaftServerProxy (RaftServerProxy.java:addNew(89)) - cb956d13-5fe9-4a78-95a3-e5a7b9d83e98: addNew group-1A9806C07AEF:[cb956d13-5fe9-4a78-95a3-e5a7b9d83e98:172.17.0.2:33835] returns group-1A9806C07AEF:java.util.concurrent.CompletableFuture@7fccd1a8[Not completed]
2020-05-22 21:02:25,068 [pool-180-thread-1] INFO  impl.RaftServerImpl (RaftServerImpl.java:<init>(98)) - cb956d13-5fe9-4a78-95a3-e5a7b9d83e98: new RaftServerImpl for group-1A9806C07AEF:[cb956d13-5fe9-4a78-95a3-e5a7b9d83e98:172.17.0.2:33835] with ContainerStateMachine:uninitialized
2020-05-22 21:02:25,070 [pool-164-thread-1] INFO  storage.RaftStorage (RaftStorage.java:format(84)) - Storage directory /github/workspace/mnt/ozone/hadoop-ozone/integration-test/target/test-dir/MiniOzoneClusterImpl-aeaef343-8586-4703-af18-3341d148064c/datanode-8/data/ratis/70b00f91-67e1-47a3-aec0-86cfd4ff3404 has been successfully formatted.
2020-05-22 21:02:25,071 [pool-164-thread-1] INFO  ratis.ContainerStateMachine (ContainerStateMachine.java:loadSnapshot(226)) - group-86CFD4FF3404: The snapshot info is null. Setting the last applied indexto:(t:0, i:~)
2020-05-22 21:02:25,071 [pool-164-thread-1] INFO  server.RaftServerConfigKeys (ConfUtils.java:logGet(44)) - raft.server.notification.no-leader.timeout = 60s (default)
2020-05-22 21:02:25,071 [pool-164-thread-1] INFO  server.RaftServerConfigKeys (ConfUtils.java:logGet(44)) - raft.server.log.use.memory = false (default)
2020-05-22 21:02:25,071 [pool-164-thread-1] INFO  server.RaftServerConfigKeys (ConfUtils.java:logGet(44)) - raft.server.log.purge.gap = 1000000 (custom)
2020-05-22 21:02:25,071 [pool-164-thread-1] INFO  server.RaftServerConfigKeys (ConfUtils.java:logGet(44)) - raft.server.log.appender.buffer.byte-limit = 33554432 (custom)
2020-05-22 21:02:25,071 [pool-164-thread-1] INFO  server.RaftServerConfigKeys (ConfUtils.java:logGet(44)) - raft.server.log.segment.size.max = 1048576 (custom)
2020-05-22 21:02:25,071 [pool-164-thread-1] INFO  server.RaftServerConfigKeys (ConfUtils.java:logGet(44)) - raft.server.log.segment.cache.num.max = 2 (custom)
2020-05-22 21:02:25,071 [pool-164-thread-1] INFO  segmented.SegmentedRaftLogWorker (SegmentedRaftLogWorker.java:<init>(176)) - new b4cee484-4d20-4d73-ba0e-c1d545d3b234@group-86CFD4FF3404-SegmentedRaftLogWorker for RaftStorage:Storage Directory /github/workspace/mnt/ozone/hadoop-ozone/integration-test/target/test-dir/MiniOzoneClusterImpl-aeaef343-8586-4703-af18-3341d148064c/datanode-8/data/ratis/70b00f91-67e1-47a3-aec0-86cfd4ff3404
2020-05-22 21:02:25,071 [pool-164-thread-1] INFO  server.RaftServerConfigKeys (ConfUtils.java:logGet(44)) - raft.server.log.queue.byte-limit = 2147483647 (custom)
2020-05-22 21:02:25,071 [pool-164-thread-1] INFO  server.RaftServerConfigKeys (ConfUtils.java:logGet(44)) - raft.server.log.queue.element-limit = 1024 (custom)
2020-05-22 21:02:25,071 [pool-164-thread-1] INFO  server.RaftServerConfigKeys (ConfUtils.java:logGet(44)) - raft.server.log.segment.size.max = 1048576 (custom)
2020-05-22 21:02:25,071 [pool-164-thread-1] INFO  server.RaftServerConfigKeys (ConfUtils.java:logGet(44)) - raft.server.log.preallocated.size = 16384 (custom)
2020-05-22 21:02:25,072 [pool-164-thread-1] INFO  server.RaftServerConfigKeys (ConfUtils.java:logGet(44)) - raft.server.log.write.buffer.size = 1048576 (custom)
2020-05-22 21:02:25,072 [pool-164-thread-1] INFO  server.RaftServerConfigKeys (ConfUtils.java:logGet(44)) - raft.server.log.force.sync.num = 128 (default)
2020-05-22 21:02:25,072 [pool-164-thread-1] INFO  server.RaftServerConfigKeys (ConfUtils.java:logGet(44)) - raft.server.log.statemachine.data.sync = true (default)
2020-05-22 21:02:25,072 [pool-164-thread-1] INFO  server.RaftServerConfigKeys (ConfUtils.java:logGet(44)) - raft.server.log.statemachine.data.sync.timeout = 10s (default)
2020-05-22 21:02:25,072 [pool-164-thread-1] INFO  server.RaftServerConfigKeys (ConfUtils.java:logGet(44)) - raft.server.log.statemachine.data.sync.timeout.retry = -1 (default)
2020-05-22 21:02:25,086 [pool-180-thread-1] INFO  server.RaftServerConfigKeys (ConfUtils.java:logGet(44)) - raft.server.rpc.timeout.min = 1s (custom)
2020-05-22 21:02:25,117 [pool-180-thread-1] INFO  server.RaftServerConfigKeys (ConfUtils.java:logGet(44)) - raft.server.rpc.timeout.max = 1200ms (custom)
2020-05-22 21:02:25,117 [pool-180-thread-1] INFO  server.RaftServerConfigKeys (ConfUtils.java:logGet(44)) - raft.server.rpcslowness.timeout = 300s (custom)
2020-05-22 21:02:25,117 [pool-180-thread-1] INFO  server.RaftServerConfigKeys (ConfUtils.java:logGet(44)) - raft.server.sleep.deviation.threshold = 300 (default)
2020-05-22 21:02:25,117 [pool-180-thread-1] INFO  server.RaftServerConfigKeys (ConfUtils.java:logGet(44)) - raft.server.log.appender.install.snapshot.enabled = false (custom)
2020-05-22 21:02:25,117 [pool-180-thread-1] INFO  impl.RaftServerImpl (ServerState.java:<init>(103)) - cb956d13-5fe9-4a78-95a3-e5a7b9d83e98@group-1A9806C07AEF: ConfigurationManager, init=-1: [cb956d13-5fe9-4a78-95a3-e5a7b9d83e98:172.17.0.2:33835], old=null, confs=<EMPTY_MAP>
2020-05-22 21:02:25,117 [pool-180-thread-1] INFO  server.RaftServerConfigKeys (ConfUtils.java:logGet(44)) - raft.server.storage.dir = [/github/workspace/mnt/ozone/hadoop-ozone/integration-test/target/test-dir/MiniOzoneClusterImpl-aeaef343-8586-4703-af18-3341d148064c/datanode-9/data/ratis] (custom)
2020-05-22 21:02:25,117 [pool-180-thread-1] INFO  server.RaftServerConfigKeys (ConfUtils.java:logGet(44)) - raft.server.log.corruption.policy = EXCEPTION (default)
2020-05-22 21:02:25,118 [pool-180-thread-1] INFO  storage.RaftStorageDirectory (RaftStorageDirectory.java:analyzeStorage(261)) - The storage directory /github/workspace/mnt/ozone/hadoop-ozone/integration-test/target/test-dir/MiniOzoneClusterImpl-aeaef343-8586-4703-af18-3341d148064c/datanode-9/data/ratis/fb39f0e4-a276-4eac-8ddf-1a9806c07aef does not exist. Creating ...
2020-05-22 21:02:25,119 [pool-164-thread-1] INFO  server.RaftServerConfigKeys (ConfUtils.java:logGet(44)) - raft.server.log.statemachine.data.caching.enabled = true (custom)
2020-05-22 21:02:25,120 [pool-164-thread-1] INFO  segmented.SegmentedRaftLogWorker (SegmentedRaftLogWorker.java:lambda$new$0(129)) - b4cee484-4d20-4d73-ba0e-c1d545d3b234@group-86CFD4FF3404-SegmentedRaftLogWorker: flushIndex: setUnconditionally 0 -> -1
2020-05-22 21:02:25,120 [pool-164-thread-1] INFO  server.RaftServerConfigKeys (ConfUtils.java:logGet(44)) - raft.server.snapshot.auto.trigger.enabled = true (custom)
2020-05-22 21:02:25,120 [pool-164-thread-1] INFO  server.RaftServerConfigKeys (ConfUtils.java:logGet(44)) - raft.server.snapshot.auto.trigger.threshold = 10000 (custom)
2020-05-22 21:02:25,120 [pool-164-thread-1] INFO  server.RaftServerConfigKeys (ConfUtils.java:logGet(44)) - raft.server.snapshot.retention.file.num = 5 (custom)
2020-05-22 21:02:25,120 [pool-164-thread-1] INFO  server.RaftServerConfigKeys (ConfUtils.java:logGet(44)) - raft.server.log.purge.upto.snapshot.index = false (default)
2020-05-22 21:02:25,121 [pool-164-thread-1] INFO  server.RaftServerConfigKeys (ConfUtils.java:logGet(44)) - raft.server.retrycache.expirytime = 600000ms (custom)
2020-05-22 21:02:25,121 [pool-164-thread-1] INFO  metrics.RatisMetrics (RatisMetrics.java:lambda$create$0(39)) - Creating Metrics Registry : ratis.leader_election.b4cee484-4d20-4d73-ba0e-c1d545d3b234@group-86CFD4FF3404
2020-05-22 21:02:25,121 [pool-180-thread-1] INFO  storage.RaftStorageDirectory (RaftStorageDirectory.java:tryLock(343)) - Lock on /github/workspace/mnt/ozone/hadoop-ozone/integration-test/target/test-dir/MiniOzoneClusterImpl-aeaef343-8586-4703-af18-3341d148064c/datanode-9/data/ratis/fb39f0e4-a276-4eac-8ddf-1a9806c07aef/in_use.lock acquired by nodename 8821@b8e5eb7a950d
2020-05-22 21:02:25,121 [pool-164-thread-1] INFO  metrics.RatisMetrics (RatisMetrics.java:lambda$create$0(39)) - Creating Metrics Registry : ratis.server.b4cee484-4d20-4d73-ba0e-c1d545d3b234@group-86CFD4FF3404
2020-05-22 21:02:25,122 [pool-164-thread-1] INFO  impl.RaftServerImpl (RaftServerImpl.java:start(184)) - b4cee484-4d20-4d73-ba0e-c1d545d3b234@group-86CFD4FF3404: start as a follower, conf=-1: [b4cee484-4d20-4d73-ba0e-c1d545d3b234:172.17.0.2:33307, 5abe4e47-48d4-4bed-b79b-0afa624f904e:172.17.0.2:41019, c918de7f-ef30-4f8b-9922-6cd8c5b8891b:172.17.0.2:46273], old=null
2020-05-22 21:02:25,122 [pool-164-thread-1] INFO  impl.RaftServerImpl (RaftServerImpl.java:setRole(173)) - b4cee484-4d20-4d73-ba0e-c1d545d3b234@group-86CFD4FF3404: changes role from      null to FOLLOWER at term 0 for startAsFollower
2020-05-22 21:02:25,123 [pool-164-thread-1] INFO  impl.RoleInfo (RoleInfo.java:updateAndGet(143)) - b4cee484-4d20-4d73-ba0e-c1d545d3b234: start FollowerState
2020-05-22 21:02:25,123 [pool-164-thread-1] INFO  util.JmxRegister (JmxRegister.java:tryRegister(44)) - Successfully registered JMX Bean with object name Ratis:service=RaftServer,group=group-86CFD4FF3404,id=b4cee484-4d20-4d73-ba0e-c1d545d3b234
2020-05-22 21:02:25,123 [pool-164-thread-1] INFO  metrics.RatisMetrics (RatisMetrics.java:lambda$create$0(39)) - Creating Metrics Registry : ratis.state_machine.b4cee484-4d20-4d73-ba0e-c1d545d3b234@group-86CFD4FF3404
2020-05-22 21:02:25,128 [pool-180-thread-1] INFO  storage.RaftStorage (RaftStorage.java:format(84)) - Storage directory /github/workspace/mnt/ozone/hadoop-ozone/integration-test/target/test-dir/MiniOzoneClusterImpl-aeaef343-8586-4703-af18-3341d148064c/datanode-9/data/ratis/fb39f0e4-a276-4eac-8ddf-1a9806c07aef has been successfully formatted.
2020-05-22 21:02:25,129 [pool-180-thread-1] INFO  ratis.ContainerStateMachine (ContainerStateMachine.java:loadSnapshot(226)) - group-1A9806C07AEF: The snapshot info is null. Setting the last applied indexto:(t:0, i:~)
2020-05-22 21:02:25,130 [pool-180-thread-1] INFO  server.RaftServerConfigKeys (ConfUtils.java:logGet(44)) - raft.server.notification.no-leader.timeout = 60s (default)
2020-05-22 21:02:25,130 [EventQueue-PipelineReportForPipelineReportHandler] INFO  pipeline.PipelineStateManager (PipelineStateManager.java:openPipeline(131)) - Pipeline Pipeline[ Id: fb39f0e4-a276-4eac-8ddf-1a9806c07aef, Nodes: cb956d13-5fe9-4a78-95a3-e5a7b9d83e98{ip: 172.17.0.2, host: b8e5eb7a950d, networkLocation: /rack1, certSerialId: null}, Type:RATIS, Factor:ONE, State:ALLOCATED, leaderId:cb956d13-5fe9-4a78-95a3-e5a7b9d83e98, CreationTimestamp2020-05-22T21:02:21.854Z] moved to OPEN state
2020-05-22 21:02:25,137 [pool-180-thread-1] INFO  server.RaftServerConfigKeys (ConfUtils.java:logGet(44)) - raft.server.log.use.memory = false (default)
2020-05-22 21:02:25,137 [EventQueue-OpenPipelineForHealthyPipelineSafeModeRule] INFO  safemode.SCMSafeModeManager (HealthyPipelineSafeModeRule.java:process(132)) - SCM in safe mode. Healthy pipelines reported count is 0, required healthy pipeline reported count is 1
2020-05-22 21:02:25,137 [EventQueue-OpenPipelineForOneReplicaPipelineSafeModeRule] INFO  safemode.SCMSafeModeManager (SCMSafeModeManager.java:validateSafeModeExitRules(213)) - AtleastOneDatanodeReportedRule rule is successfully validated
2020-05-22 21:02:25,137 [pool-180-thread-1] INFO  server.RaftServerConfigKeys (ConfUtils.java:logGet(44)) - raft.server.log.purge.gap = 1000000 (custom)
2020-05-22 21:02:25,137 [pool-180-thread-1] INFO  server.RaftServerConfigKeys (ConfUtils.java:logGet(44)) - raft.server.log.appender.buffer.byte-limit = 33554432 (custom)
2020-05-22 21:02:25,137 [pool-180-thread-1] INFO  server.RaftServerConfigKeys (ConfUtils.java:logGet(44)) - raft.server.log.segment.size.max = 1048576 (custom)
2020-05-22 21:02:25,138 [pool-180-thread-1] INFO  metrics.RatisMetrics (RatisMetrics.java:lambda$create$0(39)) - Creating Metrics Registry : ratis.log_worker.cb956d13-5fe9-4a78-95a3-e5a7b9d83e98
2020-05-22 21:02:25,138 [pool-180-thread-1] INFO  server.RaftServerConfigKeys (ConfUtils.java:logGet(44)) - raft.server.log.segment.cache.num.max = 2 (custom)
2020-05-22 21:02:25,138 [pool-180-thread-1] INFO  segmented.SegmentedRaftLogWorker (SegmentedRaftLogWorker.java:<init>(176)) - new cb956d13-5fe9-4a78-95a3-e5a7b9d83e98@group-1A9806C07AEF-SegmentedRaftLogWorker for RaftStorage:Storage Directory /github/workspace/mnt/ozone/hadoop-ozone/integration-test/target/test-dir/MiniOzoneClusterImpl-aeaef343-8586-4703-af18-3341d148064c/datanode-9/data/ratis/fb39f0e4-a276-4eac-8ddf-1a9806c07aef
2020-05-22 21:02:25,138 [pool-180-thread-1] INFO  server.RaftServerConfigKeys (ConfUtils.java:logGet(44)) - raft.server.log.queue.byte-limit = 2147483647 (custom)
2020-05-22 21:02:25,138 [pool-180-thread-1] INFO  server.RaftServerConfigKeys (ConfUtils.java:logGet(44)) - raft.server.log.queue.element-limit = 1024 (custom)
2020-05-22 21:02:25,138 [pool-180-thread-1] INFO  server.RaftServerConfigKeys (ConfUtils.java:logGet(44)) - raft.server.log.segment.size.max = 1048576 (custom)
2020-05-22 21:02:25,138 [pool-180-thread-1] INFO  server.RaftServerConfigKeys (ConfUtils.java:logGet(44)) - raft.server.log.preallocated.size = 16384 (custom)
2020-05-22 21:02:25,138 [pool-180-thread-1] INFO  server.RaftServerConfigKeys (ConfUtils.java:logGet(44)) - raft.server.log.write.buffer.size = 1048576 (custom)
2020-05-22 21:02:25,138 [pool-180-thread-1] INFO  server.RaftServerConfigKeys (ConfUtils.java:logGet(44)) - raft.server.log.force.sync.num = 128 (default)
2020-05-22 21:02:25,138 [pool-180-thread-1] INFO  server.RaftServerConfigKeys (ConfUtils.java:logGet(44)) - raft.server.log.statemachine.data.sync = true (default)
2020-05-22 21:02:25,138 [pool-180-thread-1] INFO  server.RaftServerConfigKeys (ConfUtils.java:logGet(44)) - raft.server.log.statemachine.data.sync.timeout = 10s (default)
2020-05-22 21:02:25,139 [pool-180-thread-1] INFO  server.RaftServerConfigKeys (ConfUtils.java:logGet(44)) - raft.server.log.statemachine.data.sync.timeout.retry = -1 (default)
2020-05-22 21:02:25,140 [pool-180-thread-1] INFO  server.RaftServerConfigKeys (ConfUtils.java:logGet(44)) - raft.server.log.statemachine.data.caching.enabled = true (custom)
2020-05-22 21:02:25,141 [pool-180-thread-1] INFO  segmented.SegmentedRaftLogWorker (SegmentedRaftLogWorker.java:lambda$new$0(129)) - cb956d13-5fe9-4a78-95a3-e5a7b9d83e98@group-1A9806C07AEF-SegmentedRaftLogWorker: flushIndex: setUnconditionally 0 -> -1
2020-05-22 21:02:25,145 [pool-180-thread-1] INFO  server.RaftServerConfigKeys (ConfUtils.java:logGet(44)) - raft.server.snapshot.auto.trigger.enabled = true (custom)
2020-05-22 21:02:25,145 [pool-180-thread-1] INFO  server.RaftServerConfigKeys (ConfUtils.java:logGet(44)) - raft.server.snapshot.auto.trigger.threshold = 10000 (custom)
2020-05-22 21:02:25,145 [pool-180-thread-1] INFO  server.RaftServerConfigKeys (ConfUtils.java:logGet(44)) - raft.server.snapshot.retention.file.num = 5 (custom)
2020-05-22 21:02:25,145 [pool-180-thread-1] INFO  server.RaftServerConfigKeys (ConfUtils.java:logGet(44)) - raft.server.log.purge.upto.snapshot.index = false (default)
2020-05-22 21:02:25,145 [pool-180-thread-1] INFO  server.RaftServerConfigKeys (ConfUtils.java:logGet(44)) - raft.server.retrycache.expirytime = 600000ms (custom)
2020-05-22 21:02:25,146 [pool-180-thread-1] INFO  metrics.RatisMetrics (RatisMetrics.java:lambda$create$0(39)) - Creating Metrics Registry : ratis.leader_election.cb956d13-5fe9-4a78-95a3-e5a7b9d83e98@group-1A9806C07AEF
2020-05-22 21:02:25,146 [pool-180-thread-1] INFO  metrics.RatisMetrics (RatisMetrics.java:lambda$create$0(39)) - Creating Metrics Registry : ratis.server.cb956d13-5fe9-4a78-95a3-e5a7b9d83e98@group-1A9806C07AEF
2020-05-22 21:02:25,147 [pool-180-thread-1] INFO  impl.RaftServerImpl (RaftServerImpl.java:start(184)) - cb956d13-5fe9-4a78-95a3-e5a7b9d83e98@group-1A9806C07AEF: start as a follower, conf=-1: [cb956d13-5fe9-4a78-95a3-e5a7b9d83e98:172.17.0.2:33835], old=null
2020-05-22 21:02:25,147 [pool-180-thread-1] INFO  impl.RaftServerImpl (RaftServerImpl.java:setRole(173)) - cb956d13-5fe9-4a78-95a3-e5a7b9d83e98@group-1A9806C07AEF: changes role from      null to FOLLOWER at term 0 for startAsFollower
2020-05-22 21:02:25,147 [pool-180-thread-1] INFO  impl.RoleInfo (RoleInfo.java:updateAndGet(143)) - cb956d13-5fe9-4a78-95a3-e5a7b9d83e98: start FollowerState
2020-05-22 21:02:25,150 [pool-180-thread-1] INFO  util.JmxRegister (JmxRegister.java:tryRegister(44)) - Successfully registered JMX Bean with object name Ratis:service=RaftServer,group=group-1A9806C07AEF,id=cb956d13-5fe9-4a78-95a3-e5a7b9d83e98
2020-05-22 21:02:25,150 [pool-180-thread-1] INFO  metrics.RatisMetrics (RatisMetrics.java:lambda$create$0(39)) - Creating Metrics Registry : ratis.state_machine.cb956d13-5fe9-4a78-95a3-e5a7b9d83e98@group-1A9806C07AEF
2020-05-22 21:02:25,156 [Command processor thread] INFO  commandhandler.CreatePipelineCommandHandler (CreatePipelineCommandHandler.java:handle(109)) - Created Pipeline RATIS ONE #id: "fb39f0e4-a276-4eac-8ddf-1a9806c07aef"
.
2020-05-22 21:02:25,295 [Thread-273] INFO  impl.FollowerState (FollowerState.java:run(108)) - 0dacf195-f99f-4186-8388-cfc458ddcf69@group-699C23C84BC7-FollowerState: change to CANDIDATE, lastRpcTime:1025ms, electionTimeout:1018ms
2020-05-22 21:02:25,305 [Thread-273] INFO  impl.RoleInfo (RoleInfo.java:shutdownFollowerState(121)) - 0dacf195-f99f-4186-8388-cfc458ddcf69: shutdown FollowerState
2020-05-22 21:02:25,306 [Thread-273] INFO  impl.RaftServerImpl (RaftServerImpl.java:setRole(173)) - 0dacf195-f99f-4186-8388-cfc458ddcf69@group-699C23C84BC7: changes role from  FOLLOWER to CANDIDATE at term 0 for changeToCandidate
2020-05-22 21:02:25,309 [Thread-273] INFO  impl.RoleInfo (RoleInfo.java:updateAndGet(143)) - 0dacf195-f99f-4186-8388-cfc458ddcf69: start LeaderElection
2020-05-22 21:02:25,316 [0dacf195-f99f-4186-8388-cfc458ddcf69@group-699C23C84BC7-LeaderElection1] INFO  impl.LeaderElection (LeaderElection.java:askForVotes(206)) - 0dacf195-f99f-4186-8388-cfc458ddcf69@group-699C23C84BC7-LeaderElection1: begin an election at term 1 for -1: [0dacf195-f99f-4186-8388-cfc458ddcf69:172.17.0.2:40519], old=null
2020-05-22 21:02:25,318 [0dacf195-f99f-4186-8388-cfc458ddcf69@group-699C23C84BC7-LeaderElection1] INFO  impl.RoleInfo (RoleInfo.java:shutdownLeaderElection(134)) - 0dacf195-f99f-4186-8388-cfc458ddcf69: shutdown LeaderElection
2020-05-22 21:02:25,319 [0dacf195-f99f-4186-8388-cfc458ddcf69@group-699C23C84BC7-LeaderElection1] INFO  impl.RaftServerImpl (RaftServerImpl.java:setRole(173)) - 0dacf195-f99f-4186-8388-cfc458ddcf69@group-699C23C84BC7: changes role from CANDIDATE to LEADER at term 1 for changeToLeader
2020-05-22 21:02:25,319 [0dacf195-f99f-4186-8388-cfc458ddcf69@group-699C23C84BC7-LeaderElection1] INFO  ratis.XceiverServerRatis (XceiverServerRatis.java:handleLeaderChangedNotification(762)) - Leader change notification received for group: group-699C23C84BC7 with new leaderId: 0dacf195-f99f-4186-8388-cfc458ddcf69
2020-05-22 21:02:25,321 [0dacf195-f99f-4186-8388-cfc458ddcf69@group-699C23C84BC7-LeaderElection1] INFO  impl.RaftServerImpl (ServerState.java:setLeader(255)) - 0dacf195-f99f-4186-8388-cfc458ddcf69@group-699C23C84BC7: change Leader from null to 0dacf195-f99f-4186-8388-cfc458ddcf69 at term 1 for becomeLeader, leader elected after 1314ms
2020-05-22 21:02:25,328 [0dacf195-f99f-4186-8388-cfc458ddcf69@group-699C23C84BC7-LeaderElection1] INFO  server.RaftServerConfigKeys (ConfUtils.java:logGet(44)) - raft.server.staging.catchup.gap = 1000 (default)
2020-05-22 21:02:25,328 [0dacf195-f99f-4186-8388-cfc458ddcf69@group-699C23C84BC7-LeaderElection1] INFO  server.RaftServerConfigKeys (ConfUtils.java:logGet(44)) - raft.server.rpc.sleep.time = 25ms (default)
2020-05-22 21:02:25,333 [0dacf195-f99f-4186-8388-cfc458ddcf69@group-699C23C84BC7-LeaderElection1] INFO  metrics.RatisMetrics (RatisMetrics.java:lambda$create$0(39)) - Creating Metrics Registry : ratis.log_appender.0dacf195-f99f-4186-8388-cfc458ddcf69@group-699C23C84BC7
2020-05-22 21:02:25,351 [Thread-271] INFO  impl.FollowerState (FollowerState.java:run(108)) - 2484e415-5504-40d1-8ead-c46d206deb95@group-D2655063A47B-FollowerState: change to CANDIDATE, lastRpcTime:1078ms, electionTimeout:1050ms
2020-05-22 21:02:25,354 [Thread-271] INFO  impl.RoleInfo (RoleInfo.java:shutdownFollowerState(121)) - 2484e415-5504-40d1-8ead-c46d206deb95: shutdown FollowerState
2020-05-22 21:02:25,354 [Thread-271] INFO  impl.RaftServerImpl (RaftServerImpl.java:setRole(173)) - 2484e415-5504-40d1-8ead-c46d206deb95@group-D2655063A47B: changes role from  FOLLOWER to CANDIDATE at term 0 for changeToCandidate
2020-05-22 21:02:25,354 [Thread-271] INFO  impl.RoleInfo (RoleInfo.java:updateAndGet(143)) - 2484e415-5504-40d1-8ead-c46d206deb95: start LeaderElection
2020-05-22 21:02:25,363 [0dacf195-f99f-4186-8388-cfc458ddcf69@group-699C23C84BC7-LeaderElection1] INFO  server.RaftServerConfigKeys (ConfUtils.java:logGet(44)) - raft.server.write.element-limit = 1024 (custom)
2020-05-22 21:02:25,382 [0dacf195-f99f-4186-8388-cfc458ddcf69@group-699C23C84BC7-LeaderElection1] INFO  server.RaftServerConfigKeys (ConfUtils.java:logGet(44)) - raft.server.write.byte-limit = 1073741824 (custom)
2020-05-22 21:02:25,390 [0dacf195-f99f-4186-8388-cfc458ddcf69@group-699C23C84BC7-LeaderElection1] INFO  server.RaftServerConfigKeys (ConfUtils.java:logGet(44)) - raft.server.watch.timeout = 3s (custom)
2020-05-22 21:02:25,391 [2484e415-5504-40d1-8ead-c46d206deb95@group-D2655063A47B-LeaderElection2] INFO  impl.LeaderElection (LeaderElection.java:askForVotes(206)) - 2484e415-5504-40d1-8ead-c46d206deb95@group-D2655063A47B-LeaderElection2: begin an election at term 1 for -1: [2484e415-5504-40d1-8ead-c46d206deb95:172.17.0.2:45739], old=null
2020-05-22 21:02:25,395 [0dacf195-f99f-4186-8388-cfc458ddcf69@group-699C23C84BC7-LeaderElection1] INFO  server.RaftServerConfigKeys (ConfUtils.java:logGet(44)) - raft.server.watch.timeout.denomination = 1s (default)
2020-05-22 21:02:25,395 [2484e415-5504-40d1-8ead-c46d206deb95@group-D2655063A47B-LeaderElection2] INFO  impl.RoleInfo (RoleInfo.java:shutdownLeaderElection(134)) - 2484e415-5504-40d1-8ead-c46d206deb95: shutdown LeaderElection
2020-05-22 21:02:25,395 [2484e415-5504-40d1-8ead-c46d206deb95@group-D2655063A47B-LeaderElection2] INFO  impl.RaftServerImpl (RaftServerImpl.java:setRole(173)) - 2484e415-5504-40d1-8ead-c46d206deb95@group-D2655063A47B: changes role from CANDIDATE to LEADER at term 1 for changeToLeader
2020-05-22 21:02:25,395 [2484e415-5504-40d1-8ead-c46d206deb95@group-D2655063A47B-LeaderElection2] INFO  ratis.XceiverServerRatis (XceiverServerRatis.java:handleLeaderChangedNotification(762)) - Leader change notification received for group: group-D2655063A47B with new leaderId: 2484e415-5504-40d1-8ead-c46d206deb95
2020-05-22 21:02:25,395 [2484e415-5504-40d1-8ead-c46d206deb95@group-D2655063A47B-LeaderElection2] INFO  impl.RaftServerImpl (ServerState.java:setLeader(255)) - 2484e415-5504-40d1-8ead-c46d206deb95@group-D2655063A47B: change Leader from null to 2484e415-5504-40d1-8ead-c46d206deb95 at term 1 for becomeLeader, leader elected after 1348ms
2020-05-22 21:02:25,399 [2484e415-5504-40d1-8ead-c46d206deb95@group-D2655063A47B-LeaderElection2] INFO  server.RaftServerConfigKeys (ConfUtils.java:logGet(44)) - raft.server.staging.catchup.gap = 1000 (default)
2020-05-22 21:02:25,399 [2484e415-5504-40d1-8ead-c46d206deb95@group-D2655063A47B-LeaderElection2] INFO  server.RaftServerConfigKeys (ConfUtils.java:logGet(44)) - raft.server.rpc.sleep.time = 25ms (default)
2020-05-22 21:02:25,399 [2484e415-5504-40d1-8ead-c46d206deb95@group-D2655063A47B-LeaderElection2] INFO  metrics.RatisMetrics (RatisMetrics.java:lambda$create$0(39)) - Creating Metrics Registry : ratis.log_appender.2484e415-5504-40d1-8ead-c46d206deb95@group-D2655063A47B
2020-05-22 21:02:25,400 [2484e415-5504-40d1-8ead-c46d206deb95@group-D2655063A47B-LeaderElection2] INFO  server.RaftServerConfigKeys (ConfUtils.java:logGet(44)) - raft.server.write.element-limit = 1024 (custom)
2020-05-22 21:02:25,400 [2484e415-5504-40d1-8ead-c46d206deb95@group-D2655063A47B-LeaderElection2] INFO  server.RaftServerConfigKeys (ConfUtils.java:logGet(44)) - raft.server.write.byte-limit = 1073741824 (custom)
2020-05-22 21:02:25,400 [2484e415-5504-40d1-8ead-c46d206deb95@group-D2655063A47B-LeaderElection2] INFO  server.RaftServerConfigKeys (ConfUtils.java:logGet(44)) - raft.server.watch.timeout = 3s (custom)
2020-05-22 21:02:25,400 [2484e415-5504-40d1-8ead-c46d206deb95@group-D2655063A47B-LeaderElection2] INFO  server.RaftServerConfigKeys (ConfUtils.java:logGet(44)) - raft.server.watch.timeout.denomination = 1s (default)
2020-05-22 21:02:25,401 [2484e415-5504-40d1-8ead-c46d206deb95@group-D2655063A47B-LeaderElection2] INFO  server.RaftServerConfigKeys (ConfUtils.java:logGet(44)) - raft.server.watch.element-limit = 65536 (default)
2020-05-22 21:02:25,410 [0dacf195-f99f-4186-8388-cfc458ddcf69@group-699C23C84BC7-LeaderElection1] INFO  server.RaftServerConfigKeys (ConfUtils.java:logGet(44)) - raft.server.watch.element-limit = 65536 (default)
2020-05-22 21:02:25,415 [Thread-280] INFO  impl.FollowerState (FollowerState.java:run(108)) - 2484e415-5504-40d1-8ead-c46d206deb95@group-F4E35192C1A7-FollowerState: change to CANDIDATE, lastRpcTime:1018ms, electionTimeout:1013ms
2020-05-22 21:02:25,415 [Thread-280] INFO  impl.RoleInfo (RoleInfo.java:shutdownFollowerState(121)) - 2484e415-5504-40d1-8ead-c46d206deb95: shutdown FollowerState
2020-05-22 21:02:25,415 [Thread-280] INFO  impl.RaftServerImpl (RaftServerImpl.java:setRole(173)) - 2484e415-5504-40d1-8ead-c46d206deb95@group-F4E35192C1A7: changes role from  FOLLOWER to CANDIDATE at term 0 for changeToCandidate
2020-05-22 21:02:25,415 [Thread-280] INFO  impl.RoleInfo (RoleInfo.java:updateAndGet(143)) - 2484e415-5504-40d1-8ead-c46d206deb95: start LeaderElection
2020-05-22 21:02:25,426 [0dacf195-f99f-4186-8388-cfc458ddcf69@group-699C23C84BC7-LeaderElection1] INFO  impl.RoleInfo (RoleInfo.java:updateAndGet(143)) - 0dacf195-f99f-4186-8388-cfc458ddcf69: start LeaderState
2020-05-22 21:02:25,433 [2484e415-5504-40d1-8ead-c46d206deb95@group-D2655063A47B-LeaderElection2] INFO  impl.RoleInfo (RoleInfo.java:updateAndGet(143)) - 2484e415-5504-40d1-8ead-c46d206deb95: start LeaderState
2020-05-22 21:02:25,441 [Thread-277] INFO  impl.FollowerState (FollowerState.java:run(108)) - 0dacf195-f99f-4186-8388-cfc458ddcf69@group-F4E35192C1A7-FollowerState: change to CANDIDATE, lastRpcTime:1092ms, electionTimeout:1083ms
2020-05-22 21:02:25,441 [Thread-277] INFO  impl.RoleInfo (RoleInfo.java:shutdownFollowerState(121)) - 0dacf195-f99f-4186-8388-cfc458ddcf69: shutdown FollowerState
2020-05-22 21:02:25,441 [Thread-277] INFO  impl.RaftServerImpl (RaftServerImpl.java:setRole(173)) - 0dacf195-f99f-4186-8388-cfc458ddcf69@group-F4E35192C1A7: changes role from  FOLLOWER to CANDIDATE at term 0 for changeToCandidate
2020-05-22 21:02:25,441 [Thread-277] INFO  impl.RoleInfo (RoleInfo.java:updateAndGet(143)) - 0dacf195-f99f-4186-8388-cfc458ddcf69: start LeaderElection
2020-05-22 21:02:25,437 [2484e415-5504-40d1-8ead-c46d206deb95@group-F4E35192C1A7-LeaderElection3] INFO  impl.LeaderElection (LeaderElection.java:askForVotes(206)) - 2484e415-5504-40d1-8ead-c46d206deb95@group-F4E35192C1A7-LeaderElection3: begin an election at term 1 for -1: [2484e415-5504-40d1-8ead-c46d206deb95:172.17.0.2:45739, a3997db8-320d-4151-9902-06bffb7c93ac:172.17.0.2:38093, 0dacf195-f99f-4186-8388-cfc458ddcf69:172.17.0.2:40519], old=null
2020-05-22 21:02:25,481 [Thread-272] INFO  impl.FollowerState (FollowerState.java:run(108)) - a3997db8-320d-4151-9902-06bffb7c93ac@group-A7E35951C657-FollowerState: change to CANDIDATE, lastRpcTime:1208ms, electionTimeout:1142ms
2020-05-22 21:02:25,481 [Thread-272] INFO  impl.RoleInfo (RoleInfo.java:shutdownFollowerState(121)) - a3997db8-320d-4151-9902-06bffb7c93ac: shutdown FollowerState
2020-05-22 21:02:25,481 [Thread-272] INFO  impl.RaftServerImpl (RaftServerImpl.java:setRole(173)) - a3997db8-320d-4151-9902-06bffb7c93ac@group-A7E35951C657: changes role from  FOLLOWER to CANDIDATE at term 0 for changeToCandidate
2020-05-22 21:02:25,481 [Thread-272] INFO  impl.RoleInfo (RoleInfo.java:updateAndGet(143)) - a3997db8-320d-4151-9902-06bffb7c93ac: start LeaderElection
2020-05-22 21:02:25,489 [0dacf195-f99f-4186-8388-cfc458ddcf69@group-F4E35192C1A7-LeaderElection4] INFO  impl.LeaderElection (LeaderElection.java:askForVotes(206)) - 0dacf195-f99f-4186-8388-cfc458ddcf69@group-F4E35192C1A7-LeaderElection4: begin an election at term 1 for -1: [2484e415-5504-40d1-8ead-c46d206deb95:172.17.0.2:45739, a3997db8-320d-4151-9902-06bffb7c93ac:172.17.0.2:38093, 0dacf195-f99f-4186-8388-cfc458ddcf69:172.17.0.2:40519], old=null
2020-05-22 21:02:25,504 [2484e415-5504-40d1-8ead-c46d206deb95@group-D2655063A47B-LeaderElection2] INFO  segmented.SegmentedRaftLogWorker (SegmentedRaftLogWorker.java:startLogSegment(391)) - 2484e415-5504-40d1-8ead-c46d206deb95@group-D2655063A47B-SegmentedRaftLogWorker: Starting segment from index:0
2020-05-22 21:02:25,505 [0dacf195-f99f-4186-8388-cfc458ddcf69@group-699C23C84BC7-LeaderElection1] INFO  segmented.SegmentedRaftLogWorker (SegmentedRaftLogWorker.java:startLogSegment(391)) - 0dacf195-f99f-4186-8388-cfc458ddcf69@group-699C23C84BC7-SegmentedRaftLogWorker: Starting segment from index:0
2020-05-22 21:02:25,520 [Thread-281] INFO  impl.FollowerState (FollowerState.java:run(108)) - a3997db8-320d-4151-9902-06bffb7c93ac@group-F4E35192C1A7-FollowerState: change to CANDIDATE, lastRpcTime:1117ms, electionTimeout:1113ms
2020-05-22 21:02:25,521 [Thread-281] INFO  impl.RoleInfo (RoleInfo.java:shutdownFollowerState(121)) - a3997db8-320d-4151-9902-06bffb7c93ac: shutdown FollowerState
2020-05-22 21:02:25,521 [Thread-281] INFO  impl.RaftServerImpl (RaftServerImpl.java:setRole(173)) - a3997db8-320d-4151-9902-06bffb7c93ac@group-F4E35192C1A7: changes role from  FOLLOWER to CANDIDATE at term 0 for changeToCandidate
2020-05-22 21:02:25,547 [Thread-276] INFO  impl.FollowerState (FollowerState.java:run(108)) - f2bdfaa2-ada9-47f2-baba-68fb1582a464@group-86233C3AD459-FollowerState: change to CANDIDATE, lastRpcTime:1186ms, electionTimeout:1179ms
2020-05-22 21:02:25,548 [Thread-276] INFO  impl.RoleInfo (RoleInfo.java:shutdownFollowerState(121)) - f2bdfaa2-ada9-47f2-baba-68fb1582a464: shutdown FollowerState
2020-05-22 21:02:25,548 [Thread-276] INFO  impl.RaftServerImpl (RaftServerImpl.java:setRole(173)) - f2bdfaa2-ada9-47f2-baba-68fb1582a464@group-86233C3AD459: changes role from  FOLLOWER to CANDIDATE at term 0 for changeToCandidate
2020-05-22 21:02:25,553 [0dacf195-f99f-4186-8388-cfc458ddcf69@group-699C23C84BC7-LeaderElection1] INFO  impl.RaftServerImpl (ServerState.java:setRaftConf(356)) - 0dacf195-f99f-4186-8388-cfc458ddcf69@group-699C23C84BC7: set configuration 0: [0dacf195-f99f-4186-8388-cfc458ddcf69:172.17.0.2:40519], old=null at 0
2020-05-22 21:02:25,558 [2484e415-5504-40d1-8ead-c46d206deb95@group-D2655063A47B-LeaderElection2] INFO  impl.RaftServerImpl (ServerState.java:setRaftConf(356)) - 2484e415-5504-40d1-8ead-c46d206deb95@group-D2655063A47B: set configuration 0: [2484e415-5504-40d1-8ead-c46d206deb95:172.17.0.2:45739], old=null at 0
2020-05-22 21:02:25,559 [Thread-281] INFO  impl.RoleInfo (RoleInfo.java:updateAndGet(143)) - a3997db8-320d-4151-9902-06bffb7c93ac: start LeaderElection
2020-05-22 21:02:25,564 [a3997db8-320d-4151-9902-06bffb7c93ac@group-A7E35951C657-LeaderElection5] INFO  impl.LeaderElection (LeaderElection.java:askForVotes(206)) - a3997db8-320d-4151-9902-06bffb7c93ac@group-A7E35951C657-LeaderElection5: begin an election at term 1 for -1: [a3997db8-320d-4151-9902-06bffb7c93ac:172.17.0.2:38093], old=null
2020-05-22 21:02:25,564 [a3997db8-320d-4151-9902-06bffb7c93ac@group-A7E35951C657-LeaderElection5] INFO  impl.RoleInfo (RoleInfo.java:shutdownLeaderElection(134)) - a3997db8-320d-4151-9902-06bffb7c93ac: shutdown LeaderElection
2020-05-22 21:02:25,564 [a3997db8-320d-4151-9902-06bffb7c93ac@group-A7E35951C657-LeaderElection5] INFO  impl.RaftServerImpl (RaftServerImpl.java:setRole(173)) - a3997db8-320d-4151-9902-06bffb7c93ac@group-A7E35951C657: changes role from CANDIDATE to LEADER at term 1 for changeToLeader
2020-05-22 21:02:25,564 [a3997db8-320d-4151-9902-06bffb7c93ac@group-A7E35951C657-LeaderElection5] INFO  ratis.XceiverServerRatis (XceiverServerRatis.java:handleLeaderChangedNotification(762)) - Leader change notification received for group: group-A7E35951C657 with new leaderId: a3997db8-320d-4151-9902-06bffb7c93ac
2020-05-22 21:02:25,573 [Thread-276] INFO  impl.RoleInfo (RoleInfo.java:updateAndGet(143)) - f2bdfaa2-ada9-47f2-baba-68fb1582a464: start LeaderElection
2020-05-22 21:02:25,574 [a3997db8-320d-4151-9902-06bffb7c93ac@group-A7E35951C657-LeaderElection5] INFO  impl.RaftServerImpl (ServerState.java:setLeader(255)) - a3997db8-320d-4151-9902-06bffb7c93ac@group-A7E35951C657: change Leader from null to a3997db8-320d-4151-9902-06bffb7c93ac at term 1 for becomeLeader, leader elected after 1367ms
2020-05-22 21:02:25,589 [Thread-283] INFO  impl.FollowerState (FollowerState.java:run(108)) - f2bdfaa2-ada9-47f2-baba-68fb1582a464@group-402642E6913C-FollowerState: change to CANDIDATE, lastRpcTime:1122ms, electionTimeout:1121ms
2020-05-22 21:02:25,589 [Thread-283] INFO  impl.RoleInfo (RoleInfo.java:shutdownFollowerState(121)) - f2bdfaa2-ada9-47f2-baba-68fb1582a464: shutdown FollowerState
2020-05-22 21:02:25,589 [Thread-283] INFO  impl.RaftServerImpl (RaftServerImpl.java:setRole(173)) - f2bdfaa2-ada9-47f2-baba-68fb1582a464@group-402642E6913C: changes role from  FOLLOWER to CANDIDATE at term 0 for changeToCandidate
2020-05-22 21:02:25,590 [Thread-283] INFO  impl.RoleInfo (RoleInfo.java:updateAndGet(143)) - f2bdfaa2-ada9-47f2-baba-68fb1582a464: start LeaderElection
2020-05-22 21:02:25,590 [a3997db8-320d-4151-9902-06bffb7c93ac@group-A7E35951C657-LeaderElection5] INFO  server.RaftServerConfigKeys (ConfUtils.java:logGet(44)) - raft.server.staging.catchup.gap = 1000 (default)
2020-05-22 21:02:25,590 [a3997db8-320d-4151-9902-06bffb7c93ac@group-A7E35951C657-LeaderElection5] INFO  server.RaftServerConfigKeys (ConfUtils.java:logGet(44)) - raft.server.rpc.sleep.time = 25ms (default)
2020-05-22 21:02:25,601 [a3997db8-320d-4151-9902-06bffb7c93ac@group-A7E35951C657-LeaderElection5] INFO  metrics.RatisMetrics (RatisMetrics.java:lambda$create$0(39)) - Creating Metrics Registry : ratis.log_appender.a3997db8-320d-4151-9902-06bffb7c93ac@group-A7E35951C657
2020-05-22 21:02:25,602 [a3997db8-320d-4151-9902-06bffb7c93ac@group-A7E35951C657-LeaderElection5] INFO  server.RaftServerConfigKeys (ConfUtils.java:logGet(44)) - raft.server.write.element-limit = 1024 (custom)
2020-05-22 21:02:25,602 [a3997db8-320d-4151-9902-06bffb7c93ac@group-A7E35951C657-LeaderElection5] INFO  server.RaftServerConfigKeys (ConfUtils.java:logGet(44)) - raft.server.write.byte-limit = 1073741824 (custom)
2020-05-22 21:02:25,603 [a3997db8-320d-4151-9902-06bffb7c93ac@group-A7E35951C657-LeaderElection5] INFO  server.RaftServerConfigKeys (ConfUtils.java:logGet(44)) - raft.server.watch.timeout = 3s (custom)
2020-05-22 21:02:25,603 [a3997db8-320d-4151-9902-06bffb7c93ac@group-A7E35951C657-LeaderElection5] INFO  server.RaftServerConfigKeys (ConfUtils.java:logGet(44)) - raft.server.watch.timeout.denomination = 1s (default)
2020-05-22 21:02:25,603 [a3997db8-320d-4151-9902-06bffb7c93ac@group-A7E35951C657-LeaderElection5] INFO  server.RaftServerConfigKeys (ConfUtils.java:logGet(44)) - raft.server.watch.element-limit = 65536 (default)
2020-05-22 21:02:25,603 [a3997db8-320d-4151-9902-06bffb7c93ac@group-A7E35951C657-LeaderElection5] INFO  impl.RoleInfo (RoleInfo.java:updateAndGet(143)) - a3997db8-320d-4151-9902-06bffb7c93ac: start LeaderState
2020-05-22 21:02:25,604 [a3997db8-320d-4151-9902-06bffb7c93ac@group-A7E35951C657-LeaderElection5] INFO  segmented.SegmentedRaftLogWorker (SegmentedRaftLogWorker.java:startLogSegment(391)) - a3997db8-320d-4151-9902-06bffb7c93ac@group-A7E35951C657-SegmentedRaftLogWorker: Starting segment from index:0
2020-05-22 21:02:25,605 [a3997db8-320d-4151-9902-06bffb7c93ac@group-F4E35192C1A7-LeaderElection6] INFO  impl.LeaderElection (LeaderElection.java:askForVotes(206)) - a3997db8-320d-4151-9902-06bffb7c93ac@group-F4E35192C1A7-LeaderElection6: begin an election at term 1 for -1: [2484e415-5504-40d1-8ead-c46d206deb95:172.17.0.2:45739, a3997db8-320d-4151-9902-06bffb7c93ac:172.17.0.2:38093, 0dacf195-f99f-4186-8388-cfc458ddcf69:172.17.0.2:40519], old=null
2020-05-22 21:02:25,616 [a3997db8-320d-4151-9902-06bffb7c93ac@group-A7E35951C657-LeaderElection5] INFO  impl.RaftServerImpl (ServerState.java:setRaftConf(356)) - a3997db8-320d-4151-9902-06bffb7c93ac@group-A7E35951C657: set configuration 0: [a3997db8-320d-4151-9902-06bffb7c93ac:172.17.0.2:38093], old=null at 0
2020-05-22 21:02:25,628 [f2bdfaa2-ada9-47f2-baba-68fb1582a464@group-86233C3AD459-LeaderElection7] INFO  impl.LeaderElection (LeaderElection.java:askForVotes(206)) - f2bdfaa2-ada9-47f2-baba-68fb1582a464@group-86233C3AD459-LeaderElection7: begin an election at term 1 for -1: [f2bdfaa2-ada9-47f2-baba-68fb1582a464:172.17.0.2:41705], old=null
2020-05-22 21:02:25,628 [f2bdfaa2-ada9-47f2-baba-68fb1582a464@group-86233C3AD459-LeaderElection7] INFO  impl.RoleInfo (RoleInfo.java:shutdownLeaderElection(134)) - f2bdfaa2-ada9-47f2-baba-68fb1582a464: shutdown LeaderElection
2020-05-22 21:02:25,628 [f2bdfaa2-ada9-47f2-baba-68fb1582a464@group-86233C3AD459-LeaderElection7] INFO  impl.RaftServerImpl (RaftServerImpl.java:setRole(173)) - f2bdfaa2-ada9-47f2-baba-68fb1582a464@group-86233C3AD459: changes role from CANDIDATE to LEADER at term 1 for changeToLeader
2020-05-22 21:02:25,628 [f2bdfaa2-ada9-47f2-baba-68fb1582a464@group-86233C3AD459-LeaderElection7] INFO  ratis.XceiverServerRatis (XceiverServerRatis.java:handleLeaderChangedNotification(762)) - Leader change notification received for group: group-86233C3AD459 with new leaderId: f2bdfaa2-ada9-47f2-baba-68fb1582a464
2020-05-22 21:02:25,644 [f2bdfaa2-ada9-47f2-baba-68fb1582a464@group-86233C3AD459-LeaderElection7] INFO  impl.RaftServerImpl (ServerState.java:setLeader(255)) - f2bdfaa2-ada9-47f2-baba-68fb1582a464@group-86233C3AD459: change Leader from null to f2bdfaa2-ada9-47f2-baba-68fb1582a464 at term 1 for becomeLeader, leader elected after 1304ms
2020-05-22 21:02:25,645 [Thread-287] INFO  impl.FollowerState (FollowerState.java:run(108)) - 64c4e62d-3fa9-4daf-8209-3ca94e9bda72@group-402642E6913C-FollowerState: change to CANDIDATE, lastRpcTime:1116ms, electionTimeout:1109ms
2020-05-22 21:02:25,645 [Thread-287] INFO  impl.RoleInfo (RoleInfo.java:shutdownFollowerState(121)) - 64c4e62d-3fa9-4daf-8209-3ca94e9bda72: shutdown FollowerState
2020-05-22 21:02:25,645 [Thread-287] INFO  impl.RaftServerImpl (RaftServerImpl.java:setRole(173)) - 64c4e62d-3fa9-4daf-8209-3ca94e9bda72@group-402642E6913C: changes role from  FOLLOWER to CANDIDATE at term 0 for changeToCandidate
2020-05-22 21:02:25,645 [Thread-287] INFO  impl.RoleInfo (RoleInfo.java:updateAndGet(143)) - 64c4e62d-3fa9-4daf-8209-3ca94e9bda72: start LeaderElection
2020-05-22 21:02:25,651 [f2bdfaa2-ada9-47f2-baba-68fb1582a464@group-402642E6913C-LeaderElection8] INFO  impl.LeaderElection (LeaderElection.java:askForVotes(206)) - f2bdfaa2-ada9-47f2-baba-68fb1582a464@group-402642E6913C-LeaderElection8: begin an election at term 1 for -1: [ca65480a-af45-4754-bab7-1cb47c27def5:172.17.0.2:34187, 64c4e62d-3fa9-4daf-8209-3ca94e9bda72:172.17.0.2:38101, f2bdfaa2-ada9-47f2-baba-68fb1582a464:172.17.0.2:41705], old=null
2020-05-22 21:02:25,672 [f2bdfaa2-ada9-47f2-baba-68fb1582a464@group-86233C3AD459-LeaderElection7] INFO  server.RaftServerConfigKeys (ConfUtils.java:logGet(44)) - raft.server.staging.catchup.gap = 1000 (default)
2020-05-22 21:02:25,672 [f2bdfaa2-ada9-47f2-baba-68fb1582a464@group-86233C3AD459-LeaderElection7] INFO  server.RaftServerConfigKeys (ConfUtils.java:logGet(44)) - raft.server.rpc.sleep.time = 25ms (default)
2020-05-22 21:02:25,672 [f2bdfaa2-ada9-47f2-baba-68fb1582a464@group-86233C3AD459-LeaderElection7] INFO  metrics.RatisMetrics (RatisMetrics.java:lambda$create$0(39)) - Creating Metrics Registry : ratis.log_appender.f2bdfaa2-ada9-47f2-baba-68fb1582a464@group-86233C3AD459
2020-05-22 21:02:25,673 [f2bdfaa2-ada9-47f2-baba-68fb1582a464@group-86233C3AD459-LeaderElection7] INFO  server.RaftServerConfigKeys (ConfUtils.java:logGet(44)) - raft.server.write.element-limit = 1024 (custom)
2020-05-22 21:02:25,673 [f2bdfaa2-ada9-47f2-baba-68fb1582a464@group-86233C3AD459-LeaderElection7] INFO  server.RaftServerConfigKeys (ConfUtils.java:logGet(44)) - raft.server.write.byte-limit = 1073741824 (custom)
2020-05-22 21:02:25,673 [f2bdfaa2-ada9-47f2-baba-68fb1582a464@group-86233C3AD459-LeaderElection7] INFO  server.RaftServerConfigKeys (ConfUtils.java:logGet(44)) - raft.server.watch.timeout = 3s (custom)
2020-05-22 21:02:25,674 [f2bdfaa2-ada9-47f2-baba-68fb1582a464@group-86233C3AD459-LeaderElection7] INFO  server.RaftServerConfigKeys (ConfUtils.java:logGet(44)) - raft.server.watch.timeout.denomination = 1s (default)
2020-05-22 21:02:25,674 [f2bdfaa2-ada9-47f2-baba-68fb1582a464@group-86233C3AD459-LeaderElection7] INFO  server.RaftServerConfigKeys (ConfUtils.java:logGet(44)) - raft.server.watch.element-limit = 65536 (default)
2020-05-22 21:02:25,674 [f2bdfaa2-ada9-47f2-baba-68fb1582a464@group-86233C3AD459-LeaderElection7] INFO  impl.RoleInfo (RoleInfo.java:updateAndGet(143)) - f2bdfaa2-ada9-47f2-baba-68fb1582a464: start LeaderState
2020-05-22 21:02:25,674 [f2bdfaa2-ada9-47f2-baba-68fb1582a464@group-86233C3AD459-LeaderElection7] INFO  segmented.SegmentedRaftLogWorker (SegmentedRaftLogWorker.java:startLogSegment(391)) - f2bdfaa2-ada9-47f2-baba-68fb1582a464@group-86233C3AD459-SegmentedRaftLogWorker: Starting segment from index:0
2020-05-22 21:02:25,678 [Thread-292] INFO  impl.FollowerState (FollowerState.java:run(108)) - ca65480a-af45-4754-bab7-1cb47c27def5@group-402642E6913C-FollowerState: change to CANDIDATE, lastRpcTime:1028ms, electionTimeout:1014ms
2020-05-22 21:02:25,678 [Thread-292] INFO  impl.RoleInfo (RoleInfo.java:shutdownFollowerState(121)) - ca65480a-af45-4754-bab7-1cb47c27def5: shutdown FollowerState
2020-05-22 21:02:25,678 [Thread-292] INFO  impl.RaftServerImpl (RaftServerImpl.java:setRole(173)) - ca65480a-af45-4754-bab7-1cb47c27def5@group-402642E6913C: changes role from  FOLLOWER to CANDIDATE at term 0 for changeToCandidate
2020-05-22 21:02:25,679 [f2bdfaa2-ada9-47f2-baba-68fb1582a464@group-86233C3AD459-LeaderElection7] INFO  impl.RaftServerImpl (ServerState.java:setRaftConf(356)) - f2bdfaa2-ada9-47f2-baba-68fb1582a464@group-86233C3AD459: set configuration 0: [f2bdfaa2-ada9-47f2-baba-68fb1582a464:172.17.0.2:41705], old=null at 0
2020-05-22 21:02:25,680 [Thread-289] INFO  impl.FollowerState (FollowerState.java:run(108)) - ca65480a-af45-4754-bab7-1cb47c27def5@group-E6DA4C78A847-FollowerState: change to CANDIDATE, lastRpcTime:1100ms, electionTimeout:1077ms
2020-05-22 21:02:25,681 [Thread-289] INFO  impl.RoleInfo (RoleInfo.java:shutdownFollowerState(121)) - ca65480a-af45-4754-bab7-1cb47c27def5: shutdown FollowerState
2020-05-22 21:02:25,681 [Thread-289] INFO  impl.RaftServerImpl (RaftServerImpl.java:setRole(173)) - ca65480a-af45-4754-bab7-1cb47c27def5@group-E6DA4C78A847: changes role from  FOLLOWER to CANDIDATE at term 0 for changeToCandidate
2020-05-22 21:02:25,681 [Thread-289] INFO  impl.RoleInfo (RoleInfo.java:updateAndGet(143)) - ca65480a-af45-4754-bab7-1cb47c27def5: start LeaderElection
2020-05-22 21:02:25,681 [Thread-292] INFO  impl.RoleInfo (RoleInfo.java:updateAndGet(143)) - ca65480a-af45-4754-bab7-1cb47c27def5: start LeaderElection
2020-05-22 21:02:25,692 [Thread-285] INFO  impl.FollowerState (FollowerState.java:run(108)) - 64c4e62d-3fa9-4daf-8209-3ca94e9bda72@group-DC62643821C4-FollowerState: change to CANDIDATE, lastRpcTime:1202ms, electionTimeout:1186ms
2020-05-22 21:02:25,692 [Thread-285] INFO  impl.RoleInfo (RoleInfo.java:shutdownFollowerState(121)) - 64c4e62d-3fa9-4daf-8209-3ca94e9bda72: shutdown FollowerState
2020-05-22 21:02:25,692 [Thread-285] INFO  impl.RaftServerImpl (RaftServerImpl.java:setRole(173)) - 64c4e62d-3fa9-4daf-8209-3ca94e9bda72@group-DC62643821C4: changes role from  FOLLOWER to CANDIDATE at term 0 for changeToCandidate
2020-05-22 21:02:25,692 [Thread-285] INFO  impl.RoleInfo (RoleInfo.java:updateAndGet(143)) - 64c4e62d-3fa9-4daf-8209-3ca94e9bda72: start LeaderElection
2020-05-22 21:02:25,693 [64c4e62d-3fa9-4daf-8209-3ca94e9bda72@group-402642E6913C-LeaderElection9] INFO  impl.LeaderElection (LeaderElection.java:askForVotes(206)) - 64c4e62d-3fa9-4daf-8209-3ca94e9bda72@group-402642E6913C-LeaderElection9: begin an election at term 1 for -1: [ca65480a-af45-4754-bab7-1cb47c27def5:172.17.0.2:34187, 64c4e62d-3fa9-4daf-8209-3ca94e9bda72:172.17.0.2:38101, f2bdfaa2-ada9-47f2-baba-68fb1582a464:172.17.0.2:41705], old=null
2020-05-22 21:02:25,708 [64c4e62d-3fa9-4daf-8209-3ca94e9bda72@group-DC62643821C4-LeaderElection12] INFO  impl.LeaderElection (LeaderElection.java:askForVotes(206)) - 64c4e62d-3fa9-4daf-8209-3ca94e9bda72@group-DC62643821C4-LeaderElection12: begin an election at term 1 for -1: [64c4e62d-3fa9-4daf-8209-3ca94e9bda72:172.17.0.2:38101], old=null
2020-05-22 21:02:25,725 [64c4e62d-3fa9-4daf-8209-3ca94e9bda72@group-DC62643821C4-LeaderElection12] INFO  impl.RoleInfo (RoleInfo.java:shutdownLeaderElection(134)) - 64c4e62d-3fa9-4daf-8209-3ca94e9bda72: shutdown LeaderElection
2020-05-22 21:02:25,725 [64c4e62d-3fa9-4daf-8209-3ca94e9bda72@group-DC62643821C4-LeaderElection12] INFO  impl.RaftServerImpl (RaftServerImpl.java:setRole(173)) - 64c4e62d-3fa9-4daf-8209-3ca94e9bda72@group-DC62643821C4: changes role from CANDIDATE to LEADER at term 1 for changeToLeader
2020-05-22 21:02:25,725 [64c4e62d-3fa9-4daf-8209-3ca94e9bda72@group-DC62643821C4-LeaderElection12] INFO  ratis.XceiverServerRatis (XceiverServerRatis.java:handleLeaderChangedNotification(762)) - Leader change notification received for group: group-DC62643821C4 with new leaderId: 64c4e62d-3fa9-4daf-8209-3ca94e9bda72
2020-05-22 21:02:25,749 [64c4e62d-3fa9-4daf-8209-3ca94e9bda72@group-DC62643821C4-LeaderElection12] INFO  impl.RaftServerImpl (ServerState.java:setLeader(255)) - 64c4e62d-3fa9-4daf-8209-3ca94e9bda72@group-DC62643821C4: change Leader from null to 64c4e62d-3fa9-4daf-8209-3ca94e9bda72 at term 1 for becomeLeader, leader elected after 1277ms
2020-05-22 21:02:25,774 [ca65480a-af45-4754-bab7-1cb47c27def5@group-E6DA4C78A847-LeaderElection11] INFO  impl.LeaderElection (LeaderElection.java:askForVotes(206)) - ca65480a-af45-4754-bab7-1cb47c27def5@group-E6DA4C78A847-LeaderElection11: begin an election at term 1 for -1: [ca65480a-af45-4754-bab7-1cb47c27def5:172.17.0.2:34187], old=null
2020-05-22 21:02:25,774 [ca65480a-af45-4754-bab7-1cb47c27def5@group-E6DA4C78A847-LeaderElection11] INFO  impl.RoleInfo (RoleInfo.java:shutdownLeaderElection(134)) - ca65480a-af45-4754-bab7-1cb47c27def5: shutdown LeaderElection
2020-05-22 21:02:25,774 [ca65480a-af45-4754-bab7-1cb47c27def5@group-E6DA4C78A847-LeaderElection11] INFO  impl.RaftServerImpl (RaftServerImpl.java:setRole(173)) - ca65480a-af45-4754-bab7-1cb47c27def5@group-E6DA4C78A847: changes role from CANDIDATE to LEADER at term 1 for changeToLeader
2020-05-22 21:02:25,774 [ca65480a-af45-4754-bab7-1cb47c27def5@group-E6DA4C78A847-LeaderElection11] INFO  ratis.XceiverServerRatis (XceiverServerRatis.java:handleLeaderChangedNotification(762)) - Leader change notification received for group: group-E6DA4C78A847 with new leaderId: ca65480a-af45-4754-bab7-1cb47c27def5
2020-05-22 21:02:25,774 [ca65480a-af45-4754-bab7-1cb47c27def5@group-E6DA4C78A847-LeaderElection11] INFO  impl.RaftServerImpl (ServerState.java:setLeader(255)) - ca65480a-af45-4754-bab7-1cb47c27def5@group-E6DA4C78A847: change Leader from null to ca65480a-af45-4754-bab7-1cb47c27def5 at term 1 for becomeLeader, leader elected after 1213ms
2020-05-22 21:02:25,777 [ca65480a-af45-4754-bab7-1cb47c27def5@group-402642E6913C-LeaderElection10] INFO  impl.LeaderElection (LeaderElection.java:askForVotes(206)) - ca65480a-af45-4754-bab7-1cb47c27def5@group-402642E6913C-LeaderElection10: begin an election at term 1 for -1: [ca65480a-af45-4754-bab7-1cb47c27def5:172.17.0.2:34187, 64c4e62d-3fa9-4daf-8209-3ca94e9bda72:172.17.0.2:38101, f2bdfaa2-ada9-47f2-baba-68fb1582a464:172.17.0.2:41705], old=null
2020-05-22 21:02:25,782 [64c4e62d-3fa9-4daf-8209-3ca94e9bda72@group-DC62643821C4-LeaderElection12] INFO  server.RaftServerConfigKeys (ConfUtils.java:logGet(44)) - raft.server.staging.catchup.gap = 1000 (default)
2020-05-22 21:02:25,782 [64c4e62d-3fa9-4daf-8209-3ca94e9bda72@group-DC62643821C4-LeaderElection12] INFO  server.RaftServerConfigKeys (ConfUtils.java:logGet(44)) - raft.server.rpc.sleep.time = 25ms (default)
2020-05-22 21:02:25,793 [64c4e62d-3fa9-4daf-8209-3ca94e9bda72@group-DC62643821C4-LeaderElection12] INFO  metrics.RatisMetrics (RatisMetrics.java:lambda$create$0(39)) - Creating Metrics Registry : ratis.log_appender.64c4e62d-3fa9-4daf-8209-3ca94e9bda72@group-DC62643821C4
2020-05-22 21:02:25,793 [64c4e62d-3fa9-4daf-8209-3ca94e9bda72@group-DC62643821C4-LeaderElection12] INFO  server.RaftServerConfigKeys (ConfUtils.java:logGet(44)) - raft.server.write.element-limit = 1024 (custom)
2020-05-22 21:02:25,794 [64c4e62d-3fa9-4daf-8209-3ca94e9bda72@group-DC62643821C4-LeaderElection12] INFO  server.RaftServerConfigKeys (ConfUtils.java:logGet(44)) - raft.server.write.byte-limit = 1073741824 (custom)
2020-05-22 21:02:25,794 [64c4e62d-3fa9-4daf-8209-3ca94e9bda72@group-DC62643821C4-LeaderElection12] INFO  server.RaftServerConfigKeys (ConfUtils.java:logGet(44)) - raft.server.watch.timeout = 3s (custom)
2020-05-22 21:02:25,794 [64c4e62d-3fa9-4daf-8209-3ca94e9bda72@group-DC62643821C4-LeaderElection12] INFO  server.RaftServerConfigKeys (ConfUtils.java:logGet(44)) - raft.server.watch.timeout.denomination = 1s (default)
2020-05-22 21:02:25,794 [64c4e62d-3fa9-4daf-8209-3ca94e9bda72@group-DC62643821C4-LeaderElection12] INFO  server.RaftServerConfigKeys (ConfUtils.java:logGet(44)) - raft.server.watch.element-limit = 65536 (default)
2020-05-22 21:02:25,794 [64c4e62d-3fa9-4daf-8209-3ca94e9bda72@group-DC62643821C4-LeaderElection12] INFO  impl.RoleInfo (RoleInfo.java:updateAndGet(143)) - 64c4e62d-3fa9-4daf-8209-3ca94e9bda72: start LeaderState
2020-05-22 21:02:25,795 [64c4e62d-3fa9-4daf-8209-3ca94e9bda72@group-DC62643821C4-LeaderElection12] INFO  segmented.SegmentedRaftLogWorker (SegmentedRaftLogWorker.java:startLogSegment(391)) - 64c4e62d-3fa9-4daf-8209-3ca94e9bda72@group-DC62643821C4-SegmentedRaftLogWorker: Starting segment from index:0
2020-05-22 21:02:25,795 [ca65480a-af45-4754-bab7-1cb47c27def5@group-E6DA4C78A847-LeaderElection11] INFO  server.RaftServerConfigKeys (ConfUtils.java:logGet(44)) - raft.server.staging.catchup.gap = 1000 (default)
2020-05-22 21:02:25,795 [ca65480a-af45-4754-bab7-1cb47c27def5@group-E6DA4C78A847-LeaderElection11] INFO  server.RaftServerConfigKeys (ConfUtils.java:logGet(44)) - raft.server.rpc.sleep.time = 25ms (default)
2020-05-22 21:02:25,796 [64c4e62d-3fa9-4daf-8209-3ca94e9bda72@group-DC62643821C4-LeaderElection12] INFO  impl.RaftServerImpl (ServerState.java:setRaftConf(356)) - 64c4e62d-3fa9-4daf-8209-3ca94e9bda72@group-DC62643821C4: set configuration 0: [64c4e62d-3fa9-4daf-8209-3ca94e9bda72:172.17.0.2:38101], old=null at 0
2020-05-22 21:02:25,804 [ca65480a-af45-4754-bab7-1cb47c27def5@group-E6DA4C78A847-LeaderElection11] INFO  metrics.RatisMetrics (RatisMetrics.java:lambda$create$0(39)) - Creating Metrics Registry : ratis.log_appender.ca65480a-af45-4754-bab7-1cb47c27def5@group-E6DA4C78A847
2020-05-22 21:02:25,804 [ca65480a-af45-4754-bab7-1cb47c27def5@group-E6DA4C78A847-LeaderElection11] INFO  server.RaftServerConfigKeys (ConfUtils.java:logGet(44)) - raft.server.write.element-limit = 1024 (custom)
2020-05-22 21:02:25,804 [ca65480a-af45-4754-bab7-1cb47c27def5@group-E6DA4C78A847-LeaderElection11] INFO  server.RaftServerConfigKeys (ConfUtils.java:logGet(44)) - raft.server.write.byte-limit = 1073741824 (custom)
2020-05-22 21:02:25,805 [ca65480a-af45-4754-bab7-1cb47c27def5@group-E6DA4C78A847-LeaderElection11] INFO  server.RaftServerConfigKeys (ConfUtils.java:logGet(44)) - raft.server.watch.timeout = 3s (custom)
2020-05-22 21:02:25,805 [ca65480a-af45-4754-bab7-1cb47c27def5@group-E6DA4C78A847-LeaderElection11] INFO  server.RaftServerConfigKeys (ConfUtils.java:logGet(44)) - raft.server.watch.timeout.denomination = 1s (default)
2020-05-22 21:02:25,805 [ca65480a-af45-4754-bab7-1cb47c27def5@group-E6DA4C78A847-LeaderElection11] INFO  server.RaftServerConfigKeys (ConfUtils.java:logGet(44)) - raft.server.watch.element-limit = 65536 (default)
2020-05-22 21:02:25,805 [ca65480a-af45-4754-bab7-1cb47c27def5@group-E6DA4C78A847-LeaderElection11] INFO  impl.RoleInfo (RoleInfo.java:updateAndGet(143)) - ca65480a-af45-4754-bab7-1cb47c27def5: start LeaderState
2020-05-22 21:02:25,806 [ca65480a-af45-4754-bab7-1cb47c27def5@group-E6DA4C78A847-LeaderElection11] INFO  segmented.SegmentedRaftLogWorker (SegmentedRaftLogWorker.java:startLogSegment(391)) - ca65480a-af45-4754-bab7-1cb47c27def5@group-E6DA4C78A847-SegmentedRaftLogWorker: Starting segment from index:0
2020-05-22 21:02:25,822 [ca65480a-af45-4754-bab7-1cb47c27def5@group-E6DA4C78A847-LeaderElection11] INFO  impl.RaftServerImpl (ServerState.java:setRaftConf(356)) - ca65480a-af45-4754-bab7-1cb47c27def5@group-E6DA4C78A847: set configuration 0: [ca65480a-af45-4754-bab7-1cb47c27def5:172.17.0.2:34187], old=null at 0
2020-05-22 21:02:25,847 [Listener at 127.0.0.1/42845] INFO  ozone.MiniOzoneClusterImpl (MiniOzoneClusterImpl.java:lambda$waitForClusterToBeReady$0(177)) - Nodes are ready. Got 10 of 10 DN Heartbeats.
2020-05-22 21:02:25,847 [Listener at 127.0.0.1/42845] INFO  ozone.MiniOzoneClusterImpl (MiniOzoneClusterImpl.java:lambda$waitForClusterToBeReady$0(180)) - Waiting for cluster to exit safe mode
2020-05-22 21:02:25,851 [Thread-297] INFO  impl.FollowerState (FollowerState.java:run(108)) - c918de7f-ef30-4f8b-9922-6cd8c5b8891b@group-43C2823EDEF0-FollowerState: change to CANDIDATE, lastRpcTime:1054ms, electionTimeout:1041ms
2020-05-22 21:02:25,851 [Thread-297] INFO  impl.RoleInfo (RoleInfo.java:shutdownFollowerState(121)) - c918de7f-ef30-4f8b-9922-6cd8c5b8891b: shutdown FollowerState
2020-05-22 21:02:25,851 [Thread-297] INFO  impl.RaftServerImpl (RaftServerImpl.java:setRole(173)) - c918de7f-ef30-4f8b-9922-6cd8c5b8891b@group-43C2823EDEF0: changes role from  FOLLOWER to CANDIDATE at term 0 for changeToCandidate
2020-05-22 21:02:25,851 [Thread-297] INFO  impl.RoleInfo (RoleInfo.java:updateAndGet(143)) - c918de7f-ef30-4f8b-9922-6cd8c5b8891b: start LeaderElection
2020-05-22 21:02:25,866 [Thread-293] INFO  impl.FollowerState (FollowerState.java:run(108)) - 5abe4e47-48d4-4bed-b79b-0afa624f904e@group-30B89C14BA9F-FollowerState: change to CANDIDATE, lastRpcTime:1199ms, electionTimeout:1165ms
2020-05-22 21:02:25,867 [Thread-293] INFO  impl.RoleInfo (RoleInfo.java:shutdownFollowerState(121)) - 5abe4e47-48d4-4bed-b79b-0afa624f904e: shutdown FollowerState
2020-05-22 21:02:25,867 [Thread-293] INFO  impl.RaftServerImpl (RaftServerImpl.java:setRole(173)) - 5abe4e47-48d4-4bed-b79b-0afa624f904e@group-30B89C14BA9F: changes role from  FOLLOWER to CANDIDATE at term 0 for changeToCandidate
2020-05-22 21:02:25,867 [Thread-293] INFO  impl.RoleInfo (RoleInfo.java:updateAndGet(143)) - 5abe4e47-48d4-4bed-b79b-0afa624f904e: start LeaderElection
2020-05-22 21:02:25,890 [c918de7f-ef30-4f8b-9922-6cd8c5b8891b@group-43C2823EDEF0-LeaderElection13] INFO  impl.LeaderElection (LeaderElection.java:askForVotes(206)) - c918de7f-ef30-4f8b-9922-6cd8c5b8891b@group-43C2823EDEF0-LeaderElection13: begin an election at term 1 for -1: [c918de7f-ef30-4f8b-9922-6cd8c5b8891b:172.17.0.2:46273], old=null
2020-05-22 21:02:25,890 [c918de7f-ef30-4f8b-9922-6cd8c5b8891b@group-43C2823EDEF0-LeaderElection13] INFO  impl.RoleInfo (RoleInfo.java:shutdownLeaderElection(134)) - c918de7f-ef30-4f8b-9922-6cd8c5b8891b: shutdown LeaderElection
2020-05-22 21:02:25,890 [c918de7f-ef30-4f8b-9922-6cd8c5b8891b@group-43C2823EDEF0-LeaderElection13] INFO  impl.RaftServerImpl (RaftServerImpl.java:setRole(173)) - c918de7f-ef30-4f8b-9922-6cd8c5b8891b@group-43C2823EDEF0: changes role from CANDIDATE to LEADER at term 1 for changeToLeader
2020-05-22 21:02:25,890 [c918de7f-ef30-4f8b-9922-6cd8c5b8891b@group-43C2823EDEF0-LeaderElection13] INFO  ratis.XceiverServerRatis (XceiverServerRatis.java:handleLeaderChangedNotification(762)) - Leader change notification received for group: group-43C2823EDEF0 with new leaderId: c918de7f-ef30-4f8b-9922-6cd8c5b8891b
2020-05-22 21:02:25,890 [c918de7f-ef30-4f8b-9922-6cd8c5b8891b@group-43C2823EDEF0-LeaderElection13] INFO  impl.RaftServerImpl (ServerState.java:setLeader(255)) - c918de7f-ef30-4f8b-9922-6cd8c5b8891b@group-43C2823EDEF0: change Leader from null to c918de7f-ef30-4f8b-9922-6cd8c5b8891b at term 1 for becomeLeader, leader elected after 1144ms
2020-05-22 21:02:25,907 [c918de7f-ef30-4f8b-9922-6cd8c5b8891b@group-43C2823EDEF0-LeaderElection13] INFO  server.RaftServerConfigKeys (ConfUtils.java:logGet(44)) - raft.server.staging.catchup.gap = 1000 (default)
2020-05-22 21:02:25,907 [c918de7f-ef30-4f8b-9922-6cd8c5b8891b@group-43C2823EDEF0-LeaderElection13] INFO  server.RaftServerConfigKeys (ConfUtils.java:logGet(44)) - raft.server.rpc.sleep.time = 25ms (default)
2020-05-22 21:02:25,907 [c918de7f-ef30-4f8b-9922-6cd8c5b8891b@group-43C2823EDEF0-LeaderElection13] INFO  metrics.RatisMetrics (RatisMetrics.java:lambda$create$0(39)) - Creating Metrics Registry : ratis.log_appender.c918de7f-ef30-4f8b-9922-6cd8c5b8891b@group-43C2823EDEF0
2020-05-22 21:02:25,907 [c918de7f-ef30-4f8b-9922-6cd8c5b8891b@group-43C2823EDEF0-LeaderElection13] INFO  server.RaftServerConfigKeys (ConfUtils.java:logGet(44)) - raft.server.write.element-limit = 1024 (custom)
2020-05-22 21:02:25,907 [c918de7f-ef30-4f8b-9922-6cd8c5b8891b@group-43C2823EDEF0-LeaderElection13] INFO  server.RaftServerConfigKeys (ConfUtils.java:logGet(44)) - raft.server.write.byte-limit = 1073741824 (custom)
2020-05-22 21:02:25,908 [c918de7f-ef30-4f8b-9922-6cd8c5b8891b@group-43C2823EDEF0-LeaderElection13] INFO  server.RaftServerConfigKeys (ConfUtils.java:logGet(44)) - raft.server.watch.timeout = 3s (custom)
2020-05-22 21:02:25,908 [c918de7f-ef30-4f8b-9922-6cd8c5b8891b@group-43C2823EDEF0-LeaderElection13] INFO  server.RaftServerConfigKeys (ConfUtils.java:logGet(44)) - raft.server.watch.timeout.denomination = 1s (default)
2020-05-22 21:02:25,908 [c918de7f-ef30-4f8b-9922-6cd8c5b8891b@group-43C2823EDEF0-LeaderElection13] INFO  server.RaftServerConfigKeys (ConfUtils.java:logGet(44)) - raft.server.watch.element-limit = 65536 (default)
2020-05-22 21:02:25,908 [c918de7f-ef30-4f8b-9922-6cd8c5b8891b@group-43C2823EDEF0-LeaderElection13] INFO  impl.RoleInfo (RoleInfo.java:updateAndGet(143)) - c918de7f-ef30-4f8b-9922-6cd8c5b8891b: start LeaderState
2020-05-22 21:02:25,913 [5abe4e47-48d4-4bed-b79b-0afa624f904e@group-30B89C14BA9F-LeaderElection14] INFO  impl.LeaderElection (LeaderElection.java:askForVotes(206)) - 5abe4e47-48d4-4bed-b79b-0afa624f904e@group-30B89C14BA9F-LeaderElection14: begin an election at term 1 for -1: [5abe4e47-48d4-4bed-b79b-0afa624f904e:172.17.0.2:41019], old=null
2020-05-22 21:02:25,913 [5abe4e47-48d4-4bed-b79b-0afa624f904e@group-30B89C14BA9F-LeaderElection14] INFO  impl.RoleInfo (RoleInfo.java:shutdownLeaderElection(134)) - 5abe4e47-48d4-4bed-b79b-0afa624f904e: shutdown LeaderElection
2020-05-22 21:02:25,913 [5abe4e47-48d4-4bed-b79b-0afa624f904e@group-30B89C14BA9F-LeaderElection14] INFO  impl.RaftServerImpl (RaftServerImpl.java:setRole(173)) - 5abe4e47-48d4-4bed-b79b-0afa624f904e@group-30B89C14BA9F: changes role from CANDIDATE to LEADER at term 1 for changeToLeader
2020-05-22 21:02:25,913 [5abe4e47-48d4-4bed-b79b-0afa624f904e@group-30B89C14BA9F-LeaderElection14] INFO  ratis.XceiverServerRatis (XceiverServerRatis.java:handleLeaderChangedNotification(762)) - Leader change notification received for group: group-30B89C14BA9F with new leaderId: 5abe4e47-48d4-4bed-b79b-0afa624f904e
2020-05-22 21:02:25,913 [5abe4e47-48d4-4bed-b79b-0afa624f904e@group-30B89C14BA9F-LeaderElection14] INFO  impl.RaftServerImpl (ServerState.java:setLeader(255)) - 5abe4e47-48d4-4bed-b79b-0afa624f904e@group-30B89C14BA9F: change Leader from null to 5abe4e47-48d4-4bed-b79b-0afa624f904e at term 1 for becomeLeader, leader elected after 1291ms
2020-05-22 21:02:25,917 [c918de7f-ef30-4f8b-9922-6cd8c5b8891b@group-43C2823EDEF0-LeaderElection13] INFO  segmented.SegmentedRaftLogWorker (SegmentedRaftLogWorker.java:startLogSegment(391)) - c918de7f-ef30-4f8b-9922-6cd8c5b8891b@group-43C2823EDEF0-SegmentedRaftLogWorker: Starting segment from index:0
2020-05-22 21:02:25,921 [5abe4e47-48d4-4bed-b79b-0afa624f904e@group-30B89C14BA9F-LeaderElection14] INFO  server.RaftServerConfigKeys (ConfUtils.java:logGet(44)) - raft.server.staging.catchup.gap = 1000 (default)
2020-05-22 21:02:25,921 [c918de7f-ef30-4f8b-9922-6cd8c5b8891b@group-43C2823EDEF0-LeaderElection13] INFO  impl.RaftServerImpl (ServerState.java:setRaftConf(356)) - c918de7f-ef30-4f8b-9922-6cd8c5b8891b@group-43C2823EDEF0: set configuration 0: [c918de7f-ef30-4f8b-9922-6cd8c5b8891b:172.17.0.2:46273], old=null at 0
2020-05-22 21:02:25,921 [5abe4e47-48d4-4bed-b79b-0afa624f904e@group-30B89C14BA9F-LeaderElection14] INFO  server.RaftServerConfigKeys (ConfUtils.java:logGet(44)) - raft.server.rpc.sleep.time = 25ms (default)
2020-05-22 21:02:25,921 [5abe4e47-48d4-4bed-b79b-0afa624f904e@group-30B89C14BA9F-LeaderElection14] INFO  metrics.RatisMetrics (RatisMetrics.java:lambda$create$0(39)) - Creating Metrics Registry : ratis.log_appender.5abe4e47-48d4-4bed-b79b-0afa624f904e@group-30B89C14BA9F
2020-05-22 21:02:25,921 [5abe4e47-48d4-4bed-b79b-0afa624f904e@group-30B89C14BA9F-LeaderElection14] INFO  server.RaftServerConfigKeys (ConfUtils.java:logGet(44)) - raft.server.write.element-limit = 1024 (custom)
2020-05-22 21:02:25,921 [5abe4e47-48d4-4bed-b79b-0afa624f904e@group-30B89C14BA9F-LeaderElection14] INFO  server.RaftServerConfigKeys (ConfUtils.java:logGet(44)) - raft.server.write.byte-limit = 1073741824 (custom)
2020-05-22 21:02:25,922 [5abe4e47-48d4-4bed-b79b-0afa624f904e@group-30B89C14BA9F-LeaderElection14] INFO  server.RaftServerConfigKeys (ConfUtils.java:logGet(44)) - raft.server.watch.timeout = 3s (custom)
2020-05-22 21:02:25,922 [5abe4e47-48d4-4bed-b79b-0afa624f904e@group-30B89C14BA9F-LeaderElection14] INFO  server.RaftServerConfigKeys (ConfUtils.java:logGet(44)) - raft.server.watch.timeout.denomination = 1s (default)
2020-05-22 21:02:25,922 [5abe4e47-48d4-4bed-b79b-0afa624f904e@group-30B89C14BA9F-LeaderElection14] INFO  server.RaftServerConfigKeys (ConfUtils.java:logGet(44)) - raft.server.watch.element-limit = 65536 (default)
2020-05-22 21:02:25,922 [5abe4e47-48d4-4bed-b79b-0afa624f904e@group-30B89C14BA9F-LeaderElection14] INFO  impl.RoleInfo (RoleInfo.java:updateAndGet(143)) - 5abe4e47-48d4-4bed-b79b-0afa624f904e: start LeaderState
2020-05-22 21:02:25,922 [5abe4e47-48d4-4bed-b79b-0afa624f904e@group-30B89C14BA9F-LeaderElection14] INFO  segmented.SegmentedRaftLogWorker (SegmentedRaftLogWorker.java:startLogSegment(391)) - 5abe4e47-48d4-4bed-b79b-0afa624f904e@group-30B89C14BA9F-SegmentedRaftLogWorker: Starting segment from index:0
2020-05-22 21:02:25,930 [5abe4e47-48d4-4bed-b79b-0afa624f904e@group-30B89C14BA9F-LeaderElection14] INFO  impl.RaftServerImpl (ServerState.java:setRaftConf(356)) - 5abe4e47-48d4-4bed-b79b-0afa624f904e@group-30B89C14BA9F: set configuration 0: [5abe4e47-48d4-4bed-b79b-0afa624f904e:172.17.0.2:41019], old=null at 0
2020-05-22 21:02:25,937 [2484e415-5504-40d1-8ead-c46d206deb95@group-D2655063A47B-SegmentedRaftLogWorker] INFO  segmented.SegmentedRaftLogWorker (SegmentedRaftLogWorker.java:execute(583)) - 2484e415-5504-40d1-8ead-c46d206deb95@group-D2655063A47B-SegmentedRaftLogWorker: created new log segment /github/workspace/mnt/ozone/hadoop-ozone/integration-test/target/test-dir/MiniOzoneClusterImpl-aeaef343-8586-4703-af18-3341d148064c/datanode-1/data/ratis/7930d286-e56a-48d5-a383-d2655063a47b/current/log_inprogress_0
2020-05-22 21:02:25,938 [c918de7f-ef30-4f8b-9922-6cd8c5b8891b@group-43C2823EDEF0-SegmentedRaftLogWorker] INFO  segmented.SegmentedRaftLogWorker (SegmentedRaftLogWorker.java:execute(583)) - c918de7f-ef30-4f8b-9922-6cd8c5b8891b@group-43C2823EDEF0-SegmentedRaftLogWorker: created new log segment /github/workspace/mnt/ozone/hadoop-ozone/integration-test/target/test-dir/MiniOzoneClusterImpl-aeaef343-8586-4703-af18-3341d148064c/datanode-7/data/ratis/80f3874b-c274-43c4-b801-43c2823edef0/current/log_inprogress_0
2020-05-22 21:02:25,938 [0dacf195-f99f-4186-8388-cfc458ddcf69@group-699C23C84BC7-SegmentedRaftLogWorker] INFO  segmented.SegmentedRaftLogWorker (SegmentedRaftLogWorker.java:execute(583)) - 0dacf195-f99f-4186-8388-cfc458ddcf69@group-699C23C84BC7-SegmentedRaftLogWorker: created new log segment /github/workspace/mnt/ozone/hadoop-ozone/integration-test/target/test-dir/MiniOzoneClusterImpl-aeaef343-8586-4703-af18-3341d148064c/datanode-0/data/ratis/6da93f0f-9b2f-42c3-8636-699c23c84bc7/current/log_inprogress_0
2020-05-22 21:02:25,939 [64c4e62d-3fa9-4daf-8209-3ca94e9bda72@group-DC62643821C4-SegmentedRaftLogWorker] INFO  segmented.SegmentedRaftLogWorker (SegmentedRaftLogWorker.java:execute(583)) - 64c4e62d-3fa9-4daf-8209-3ca94e9bda72@group-DC62643821C4-SegmentedRaftLogWorker: created new log segment /github/workspace/mnt/ozone/hadoop-ozone/integration-test/target/test-dir/MiniOzoneClusterImpl-aeaef343-8586-4703-af18-3341d148064c/datanode-4/data/ratis/5a7ee96e-d86e-400f-8a8a-dc62643821c4/current/log_inprogress_0
2020-05-22 21:02:25,939 [a3997db8-320d-4151-9902-06bffb7c93ac@group-A7E35951C657-SegmentedRaftLogWorker] INFO  segmented.SegmentedRaftLogWorker (SegmentedRaftLogWorker.java:execute(583)) - a3997db8-320d-4151-9902-06bffb7c93ac@group-A7E35951C657-SegmentedRaftLogWorker: created new log segment /github/workspace/mnt/ozone/hadoop-ozone/integration-test/target/test-dir/MiniOzoneClusterImpl-aeaef343-8586-4703-af18-3341d148064c/datanode-2/data/ratis/a436ad64-a1c8-460c-9add-a7e35951c657/current/log_inprogress_0
2020-05-22 21:02:25,939 [f2bdfaa2-ada9-47f2-baba-68fb1582a464@group-86233C3AD459-SegmentedRaftLogWorker] INFO  segmented.SegmentedRaftLogWorker (SegmentedRaftLogWorker.java:execute(583)) - f2bdfaa2-ada9-47f2-baba-68fb1582a464@group-86233C3AD459-SegmentedRaftLogWorker: created new log segment /github/workspace/mnt/ozone/hadoop-ozone/integration-test/target/test-dir/MiniOzoneClusterImpl-aeaef343-8586-4703-af18-3341d148064c/datanode-3/data/ratis/a5171fe9-f083-4a81-8844-86233c3ad459/current/log_inprogress_0
2020-05-22 21:02:25,940 [5abe4e47-48d4-4bed-b79b-0afa624f904e@group-30B89C14BA9F-SegmentedRaftLogWorker] INFO  segmented.SegmentedRaftLogWorker (SegmentedRaftLogWorker.java:execute(583)) - 5abe4e47-48d4-4bed-b79b-0afa624f904e@group-30B89C14BA9F-SegmentedRaftLogWorker: created new log segment /github/workspace/mnt/ozone/hadoop-ozone/integration-test/target/test-dir/MiniOzoneClusterImpl-aeaef343-8586-4703-af18-3341d148064c/datanode-6/data/ratis/174971fc-cd7f-41f7-b560-30b89c14ba9f/current/log_inprogress_0
2020-05-22 21:02:25,942 [2484e415-5504-40d1-8ead-c46d206deb95@group-F4E35192C1A7-LeaderElection3] INFO  impl.LeaderElection (LeaderElection.java:logAndReturn(61)) - 2484e415-5504-40d1-8ead-c46d206deb95@group-F4E35192C1A7-LeaderElection3: Election REJECTED; received 2 response(s) [2484e415-5504-40d1-8ead-c46d206deb95<-a3997db8-320d-4151-9902-06bffb7c93ac#0:FAIL-t1, 2484e415-5504-40d1-8ead-c46d206deb95<-0dacf195-f99f-4186-8388-cfc458ddcf69#0:FAIL-t1] and 0 exception(s); 2484e415-5504-40d1-8ead-c46d206deb95@group-F4E35192C1A7:t1, leader=null, voted=2484e415-5504-40d1-8ead-c46d206deb95, raftlog=2484e415-5504-40d1-8ead-c46d206deb95@group-F4E35192C1A7-SegmentedRaftLog:OPENED:c-1,f-1,i0, conf=-1: [2484e415-5504-40d1-8ead-c46d206deb95:172.17.0.2:45739, a3997db8-320d-4151-9902-06bffb7c93ac:172.17.0.2:38093, 0dacf195-f99f-4186-8388-cfc458ddcf69:172.17.0.2:40519], old=null
2020-05-22 21:02:25,943 [2484e415-5504-40d1-8ead-c46d206deb95@group-F4E35192C1A7-LeaderElection3] INFO  impl.RaftServerImpl (RaftServerImpl.java:setRole(173)) - 2484e415-5504-40d1-8ead-c46d206deb95@group-F4E35192C1A7: changes role from CANDIDATE to FOLLOWER at term 1 for DISCOVERED_A_NEW_TERM
2020-05-22 21:02:25,943 [2484e415-5504-40d1-8ead-c46d206deb95@group-F4E35192C1A7-LeaderElection3] INFO  impl.RoleInfo (RoleInfo.java:shutdownLeaderElection(134)) - 2484e415-5504-40d1-8ead-c46d206deb95: shutdown LeaderElection
2020-05-22 21:02:25,943 [2484e415-5504-40d1-8ead-c46d206deb95@group-F4E35192C1A7-LeaderElection3] INFO  impl.RoleInfo (RoleInfo.java:updateAndGet(143)) - 2484e415-5504-40d1-8ead-c46d206deb95: start FollowerState
2020-05-22 21:02:25,943 [Thread-295] INFO  impl.FollowerState (FollowerState.java:run(108)) - 5abe4e47-48d4-4bed-b79b-0afa624f904e@group-86CFD4FF3404-FollowerState: change to CANDIDATE, lastRpcTime:1194ms, electionTimeout:1186ms
2020-05-22 21:02:25,958 [Thread-301] INFO  impl.FollowerState (FollowerState.java:run(108)) - b4cee484-4d20-4d73-ba0e-c1d545d3b234@group-40CB899CD2EF-FollowerState: change to CANDIDATE, lastRpcTime:1118ms, electionTimeout:1103ms
2020-05-22 21:02:25,962 [Thread-295] INFO  impl.RoleInfo (RoleInfo.java:shutdownFollowerState(121)) - 5abe4e47-48d4-4bed-b79b-0afa624f904e: shutdown FollowerState
2020-05-22 21:02:25,962 [Thread-295] INFO  impl.RaftServerImpl (RaftServerImpl.java:setRole(173)) - 5abe4e47-48d4-4bed-b79b-0afa624f904e@group-86CFD4FF3404: changes role from  FOLLOWER to CANDIDATE at term 0 for changeToCandidate
2020-05-22 21:02:25,950 [ca65480a-af45-4754-bab7-1cb47c27def5@group-E6DA4C78A847-SegmentedRaftLogWorker] INFO  segmented.SegmentedRaftLogWorker (SegmentedRaftLogWorker.java:execute(583)) - ca65480a-af45-4754-bab7-1cb47c27def5@group-E6DA4C78A847-SegmentedRaftLogWorker: created new log segment /github/workspace/mnt/ozone/hadoop-ozone/integration-test/target/test-dir/MiniOzoneClusterImpl-aeaef343-8586-4703-af18-3341d148064c/datanode-5/data/ratis/b7cfcb0b-af13-4a20-9f77-e6da4c78a847/current/log_inprogress_0
2020-05-22 21:02:25,962 [Thread-301] INFO  impl.RoleInfo (RoleInfo.java:shutdownFollowerState(121)) - b4cee484-4d20-4d73-ba0e-c1d545d3b234: shutdown FollowerState
2020-05-22 21:02:25,962 [Thread-301] INFO  impl.RaftServerImpl (RaftServerImpl.java:setRole(173)) - b4cee484-4d20-4d73-ba0e-c1d545d3b234@group-40CB899CD2EF: changes role from  FOLLOWER to CANDIDATE at term 0 for changeToCandidate
2020-05-22 21:02:25,963 [Thread-301] INFO  impl.RoleInfo (RoleInfo.java:updateAndGet(143)) - b4cee484-4d20-4d73-ba0e-c1d545d3b234: start LeaderElection
2020-05-22 21:02:25,962 [Thread-295] INFO  impl.RoleInfo (RoleInfo.java:updateAndGet(143)) - 5abe4e47-48d4-4bed-b79b-0afa624f904e: start LeaderElection
2020-05-22 21:02:26,029 [b4cee484-4d20-4d73-ba0e-c1d545d3b234@group-40CB899CD2EF-LeaderElection16] INFO  impl.LeaderElection (LeaderElection.java:askForVotes(206)) - b4cee484-4d20-4d73-ba0e-c1d545d3b234@group-40CB899CD2EF-LeaderElection16: begin an election at term 1 for -1: [b4cee484-4d20-4d73-ba0e-c1d545d3b234:172.17.0.2:33307], old=null
2020-05-22 21:02:26,029 [b4cee484-4d20-4d73-ba0e-c1d545d3b234@group-40CB899CD2EF-LeaderElection16] INFO  impl.RoleInfo (RoleInfo.java:shutdownLeaderElection(134)) - b4cee484-4d20-4d73-ba0e-c1d545d3b234: shutdown LeaderElection
2020-05-22 21:02:26,029 [b4cee484-4d20-4d73-ba0e-c1d545d3b234@group-40CB899CD2EF-LeaderElection16] INFO  impl.RaftServerImpl (RaftServerImpl.java:setRole(173)) - b4cee484-4d20-4d73-ba0e-c1d545d3b234@group-40CB899CD2EF: changes role from CANDIDATE to LEADER at term 1 for changeToLeader
2020-05-22 21:02:26,029 [b4cee484-4d20-4d73-ba0e-c1d545d3b234@group-40CB899CD2EF-LeaderElection16] INFO  ratis.XceiverServerRatis (XceiverServerRatis.java:handleLeaderChangedNotification(762)) - Leader change notification received for group: group-40CB899CD2EF with new leaderId: b4cee484-4d20-4d73-ba0e-c1d545d3b234
2020-05-22 21:02:26,029 [b4cee484-4d20-4d73-ba0e-c1d545d3b234@group-40CB899CD2EF-LeaderElection16] INFO  impl.RaftServerImpl (ServerState.java:setLeader(255)) - b4cee484-4d20-4d73-ba0e-c1d545d3b234@group-40CB899CD2EF: change Leader from null to b4cee484-4d20-4d73-ba0e-c1d545d3b234 at term 1 for becomeLeader, leader elected after 1226ms
2020-05-22 21:02:26,029 [5abe4e47-48d4-4bed-b79b-0afa624f904e@group-86CFD4FF3404-LeaderElection15] INFO  impl.LeaderElection (LeaderElection.java:askForVotes(206)) - 5abe4e47-48d4-4bed-b79b-0afa624f904e@group-86CFD4FF3404-LeaderElection15: begin an election at term 1 for -1: [b4cee484-4d20-4d73-ba0e-c1d545d3b234:172.17.0.2:33307, 5abe4e47-48d4-4bed-b79b-0afa624f904e:172.17.0.2:41019, c918de7f-ef30-4f8b-9922-6cd8c5b8891b:172.17.0.2:46273], old=null
2020-05-22 21:02:26,043 [b4cee484-4d20-4d73-ba0e-c1d545d3b234@group-40CB899CD2EF-LeaderElection16] INFO  server.RaftServerConfigKeys (ConfUtils.java:logGet(44)) - raft.server.staging.catchup.gap = 1000 (default)
2020-05-22 21:02:26,043 [b4cee484-4d20-4d73-ba0e-c1d545d3b234@group-40CB899CD2EF-LeaderElection16] INFO  server.RaftServerConfigKeys (ConfUtils.java:logGet(44)) - raft.server.rpc.sleep.time = 25ms (default)
2020-05-22 21:02:26,044 [b4cee484-4d20-4d73-ba0e-c1d545d3b234@group-40CB899CD2EF-LeaderElection16] INFO  metrics.RatisMetrics (RatisMetrics.java:lambda$create$0(39)) - Creating Metrics Registry : ratis.log_appender.b4cee484-4d20-4d73-ba0e-c1d545d3b234@group-40CB899CD2EF
2020-05-22 21:02:26,044 [b4cee484-4d20-4d73-ba0e-c1d545d3b234@group-40CB899CD2EF-LeaderElection16] INFO  server.RaftServerConfigKeys (ConfUtils.java:logGet(44)) - raft.server.write.element-limit = 1024 (custom)
2020-05-22 21:02:26,044 [b4cee484-4d20-4d73-ba0e-c1d545d3b234@group-40CB899CD2EF-LeaderElection16] INFO  server.RaftServerConfigKeys (ConfUtils.java:logGet(44)) - raft.server.write.byte-limit = 1073741824 (custom)
2020-05-22 21:02:26,044 [b4cee484-4d20-4d73-ba0e-c1d545d3b234@group-40CB899CD2EF-LeaderElection16] INFO  server.RaftServerConfigKeys (ConfUtils.java:logGet(44)) - raft.server.watch.timeout = 3s (custom)
2020-05-22 21:02:26,044 [b4cee484-4d20-4d73-ba0e-c1d545d3b234@group-40CB899CD2EF-LeaderElection16] INFO  server.RaftServerConfigKeys (ConfUtils.java:logGet(44)) - raft.server.watch.timeout.denomination = 1s (default)
2020-05-22 21:02:26,044 [b4cee484-4d20-4d73-ba0e-c1d545d3b234@group-40CB899CD2EF-LeaderElection16] INFO  server.RaftServerConfigKeys (ConfUtils.java:logGet(44)) - raft.server.watch.element-limit = 65536 (default)
2020-05-22 21:02:26,045 [b4cee484-4d20-4d73-ba0e-c1d545d3b234@group-40CB899CD2EF-LeaderElection16] INFO  impl.RoleInfo (RoleInfo.java:updateAndGet(143)) - b4cee484-4d20-4d73-ba0e-c1d545d3b234: start LeaderState
2020-05-22 21:02:26,045 [b4cee484-4d20-4d73-ba0e-c1d545d3b234@group-40CB899CD2EF-LeaderElection16] INFO  segmented.SegmentedRaftLogWorker (SegmentedRaftLogWorker.java:startLogSegment(391)) - b4cee484-4d20-4d73-ba0e-c1d545d3b234@group-40CB899CD2EF-SegmentedRaftLogWorker: Starting segment from index:0
2020-05-22 21:02:26,047 [b4cee484-4d20-4d73-ba0e-c1d545d3b234@group-40CB899CD2EF-SegmentedRaftLogWorker] INFO  segmented.SegmentedRaftLogWorker (SegmentedRaftLogWorker.java:execute(583)) - b4cee484-4d20-4d73-ba0e-c1d545d3b234@group-40CB899CD2EF-SegmentedRaftLogWorker: created new log segment /github/workspace/mnt/ozone/hadoop-ozone/integration-test/target/test-dir/MiniOzoneClusterImpl-aeaef343-8586-4703-af18-3341d148064c/datanode-8/data/ratis/60dfce0d-f4e4-432d-a95e-40cb899cd2ef/current/log_inprogress_0
2020-05-22 21:02:26,050 [b4cee484-4d20-4d73-ba0e-c1d545d3b234@group-40CB899CD2EF-LeaderElection16] INFO  impl.RaftServerImpl (ServerState.java:setRaftConf(356)) - b4cee484-4d20-4d73-ba0e-c1d545d3b234@group-40CB899CD2EF: set configuration 0: [b4cee484-4d20-4d73-ba0e-c1d545d3b234:172.17.0.2:33307], old=null at 0
2020-05-22 21:02:26,072 [a3997db8-320d-4151-9902-06bffb7c93ac@group-F4E35192C1A7-LeaderElection6] INFO  impl.LeaderElection (LeaderElection.java:logAndReturn(61)) - a3997db8-320d-4151-9902-06bffb7c93ac@group-F4E35192C1A7-LeaderElection6: Election REJECTED; received 2 response(s) [a3997db8-320d-4151-9902-06bffb7c93ac<-2484e415-5504-40d1-8ead-c46d206deb95#0:FAIL-t1, a3997db8-320d-4151-9902-06bffb7c93ac<-0dacf195-f99f-4186-8388-cfc458ddcf69#0:FAIL-t1] and 0 exception(s); a3997db8-320d-4151-9902-06bffb7c93ac@group-F4E35192C1A7:t1, leader=null, voted=a3997db8-320d-4151-9902-06bffb7c93ac, raftlog=a3997db8-320d-4151-9902-06bffb7c93ac@group-F4E35192C1A7-SegmentedRaftLog:OPENED:c-1,f-1,i0, conf=-1: [2484e415-5504-40d1-8ead-c46d206deb95:172.17.0.2:45739, a3997db8-320d-4151-9902-06bffb7c93ac:172.17.0.2:38093, 0dacf195-f99f-4186-8388-cfc458ddcf69:172.17.0.2:40519], old=null
2020-05-22 21:02:26,072 [a3997db8-320d-4151-9902-06bffb7c93ac@group-F4E35192C1A7-LeaderElection6] INFO  impl.RaftServerImpl (RaftServerImpl.java:setRole(173)) - a3997db8-320d-4151-9902-06bffb7c93ac@group-F4E35192C1A7: changes role from CANDIDATE to FOLLOWER at term 1 for DISCOVERED_A_NEW_TERM
2020-05-22 21:02:26,072 [a3997db8-320d-4151-9902-06bffb7c93ac@group-F4E35192C1A7-LeaderElection6] INFO  impl.RoleInfo (RoleInfo.java:shutdownLeaderElection(134)) - a3997db8-320d-4151-9902-06bffb7c93ac: shutdown LeaderElection
2020-05-22 21:02:26,072 [a3997db8-320d-4151-9902-06bffb7c93ac@group-F4E35192C1A7-LeaderElection6] INFO  impl.RoleInfo (RoleInfo.java:updateAndGet(143)) - a3997db8-320d-4151-9902-06bffb7c93ac: start FollowerState
2020-05-22 21:02:26,090 [f2bdfaa2-ada9-47f2-baba-68fb1582a464@group-402642E6913C-LeaderElection8] INFO  impl.LeaderElection (LeaderElection.java:logAndReturn(61)) - f2bdfaa2-ada9-47f2-baba-68fb1582a464@group-402642E6913C-LeaderElection8: Election REJECTED; received 2 response(s) [f2bdfaa2-ada9-47f2-baba-68fb1582a464<-ca65480a-af45-4754-bab7-1cb47c27def5#0:FAIL-t1, f2bdfaa2-ada9-47f2-baba-68fb1582a464<-64c4e62d-3fa9-4daf-8209-3ca94e9bda72#0:FAIL-t1] and 0 exception(s); f2bdfaa2-ada9-47f2-baba-68fb1582a464@group-402642E6913C:t1, leader=null, voted=f2bdfaa2-ada9-47f2-baba-68fb1582a464, raftlog=f2bdfaa2-ada9-47f2-baba-68fb1582a464@group-402642E6913C-SegmentedRaftLog:OPENED:c-1,f-1,i0, conf=-1: [ca65480a-af45-4754-bab7-1cb47c27def5:172.17.0.2:34187, 64c4e62d-3fa9-4daf-8209-3ca94e9bda72:172.17.0.2:38101, f2bdfaa2-ada9-47f2-baba-68fb1582a464:172.17.0.2:41705], old=null
2020-05-22 21:02:26,092 [grpc-default-executor-6] INFO  impl.RaftServerImpl (RaftServerImpl.java:setRole(173)) - c918de7f-ef30-4f8b-9922-6cd8c5b8891b@group-86CFD4FF3404: changes role from  FOLLOWER to FOLLOWER at term 1 for recognizeCandidate:5abe4e47-48d4-4bed-b79b-0afa624f904e
2020-05-22 21:02:26,092 [grpc-default-executor-6] INFO  impl.RoleInfo (RoleInfo.java:shutdownFollowerState(121)) - c918de7f-ef30-4f8b-9922-6cd8c5b8891b: shutdown FollowerState
2020-05-22 21:02:26,092 [grpc-default-executor-6] INFO  impl.RoleInfo (RoleInfo.java:updateAndGet(143)) - c918de7f-ef30-4f8b-9922-6cd8c5b8891b: start FollowerState
2020-05-22 21:02:26,092 [f2bdfaa2-ada9-47f2-baba-68fb1582a464@group-402642E6913C-LeaderElection8] INFO  impl.RaftServerImpl (RaftServerImpl.java:setRole(173)) - f2bdfaa2-ada9-47f2-baba-68fb1582a464@group-402642E6913C: changes role from CANDIDATE to FOLLOWER at term 1 for DISCOVERED_A_NEW_TERM
2020-05-22 21:02:26,097 [f2bdfaa2-ada9-47f2-baba-68fb1582a464@group-402642E6913C-LeaderElection8] INFO  impl.RoleInfo (RoleInfo.java:shutdownLeaderElection(134)) - f2bdfaa2-ada9-47f2-baba-68fb1582a464: shutdown LeaderElection
2020-05-22 21:02:26,097 [f2bdfaa2-ada9-47f2-baba-68fb1582a464@group-402642E6913C-LeaderElection8] INFO  impl.RoleInfo (RoleInfo.java:updateAndGet(143)) - f2bdfaa2-ada9-47f2-baba-68fb1582a464: start FollowerState
2020-05-22 21:02:26,093 [0dacf195-f99f-4186-8388-cfc458ddcf69@group-F4E35192C1A7-LeaderElection4] INFO  impl.LeaderElection (LeaderElection.java:logAndReturn(61)) - 0dacf195-f99f-4186-8388-cfc458ddcf69@group-F4E35192C1A7-LeaderElection4: Election REJECTED; received 2 response(s) [0dacf195-f99f-4186-8388-cfc458ddcf69<-2484e415-5504-40d1-8ead-c46d206deb95#0:FAIL-t1, 0dacf195-f99f-4186-8388-cfc458ddcf69<-a3997db8-320d-4151-9902-06bffb7c93ac#0:FAIL-t1] and 0 exception(s); 0dacf195-f99f-4186-8388-cfc458ddcf69@group-F4E35192C1A7:t1, leader=null, voted=0dacf195-f99f-4186-8388-cfc458ddcf69, raftlog=0dacf195-f99f-4186-8388-cfc458ddcf69@group-F4E35192C1A7-SegmentedRaftLog:OPENED:c-1,f-1,i0, conf=-1: [2484e415-5504-40d1-8ead-c46d206deb95:172.17.0.2:45739, a3997db8-320d-4151-9902-06bffb7c93ac:172.17.0.2:38093, 0dacf195-f99f-4186-8388-cfc458ddcf69:172.17.0.2:40519], old=null
2020-05-22 21:02:26,106 [0dacf195-f99f-4186-8388-cfc458ddcf69@group-F4E35192C1A7-LeaderElection4] INFO  impl.RaftServerImpl (RaftServerImpl.java:setRole(173)) - 0dacf195-f99f-4186-8388-cfc458ddcf69@group-F4E35192C1A7: changes role from CANDIDATE to FOLLOWER at term 1 for DISCOVERED_A_NEW_TERM
2020-05-22 21:02:26,106 [0dacf195-f99f-4186-8388-cfc458ddcf69@group-F4E35192C1A7-LeaderElection4] INFO  impl.RoleInfo (RoleInfo.java:shutdownLeaderElection(134)) - 0dacf195-f99f-4186-8388-cfc458ddcf69: shutdown LeaderElection
2020-05-22 21:02:26,106 [0dacf195-f99f-4186-8388-cfc458ddcf69@group-F4E35192C1A7-LeaderElection4] INFO  impl.RoleInfo (RoleInfo.java:updateAndGet(143)) - 0dacf195-f99f-4186-8388-cfc458ddcf69: start FollowerState
2020-05-22 21:02:26,092 [Thread-300] INFO  impl.FollowerState (FollowerState.java:run(117)) - c918de7f-ef30-4f8b-9922-6cd8c5b8891b@group-86CFD4FF3404-FollowerState was interrupted: java.lang.InterruptedException: sleep interrupted
2020-05-22 21:02:26,117 [5abe4e47-48d4-4bed-b79b-0afa624f904e@group-86CFD4FF3404-LeaderElection15] INFO  impl.LeaderElection (LeaderElection.java:logAndReturn(61)) - 5abe4e47-48d4-4bed-b79b-0afa624f904e@group-86CFD4FF3404-LeaderElection15: Election PASSED; received 1 response(s) [5abe4e47-48d4-4bed-b79b-0afa624f904e<-c918de7f-ef30-4f8b-9922-6cd8c5b8891b#0:OK-t1] and 0 exception(s); 5abe4e47-48d4-4bed-b79b-0afa624f904e@group-86CFD4FF3404:t1, leader=null, voted=5abe4e47-48d4-4bed-b79b-0afa624f904e, raftlog=5abe4e47-48d4-4bed-b79b-0afa624f904e@group-86CFD4FF3404-SegmentedRaftLog:OPENED:c-1,f-1,i0, conf=-1: [b4cee484-4d20-4d73-ba0e-c1d545d3b234:172.17.0.2:33307, 5abe4e47-48d4-4bed-b79b-0afa624f904e:172.17.0.2:41019, c918de7f-ef30-4f8b-9922-6cd8c5b8891b:172.17.0.2:46273], old=null
2020-05-22 21:02:26,118 [5abe4e47-48d4-4bed-b79b-0afa624f904e@group-86CFD4FF3404-LeaderElection15] INFO  impl.RoleInfo (RoleInfo.java:shutdownLeaderElection(134)) - 5abe4e47-48d4-4bed-b79b-0afa624f904e: shutdown LeaderElection
2020-05-22 21:02:26,118 [5abe4e47-48d4-4bed-b79b-0afa624f904e@group-86CFD4FF3404-LeaderElection15] INFO  impl.RaftServerImpl (RaftServerImpl.java:setRole(173)) - 5abe4e47-48d4-4bed-b79b-0afa624f904e@group-86CFD4FF3404: changes role from CANDIDATE to LEADER at term 1 for changeToLeader
2020-05-22 21:02:26,118 [5abe4e47-48d4-4bed-b79b-0afa624f904e@group-86CFD4FF3404-LeaderElection15] INFO  ratis.XceiverServerRatis (XceiverServerRatis.java:handleLeaderChangedNotification(762)) - Leader change notification received for group: group-86CFD4FF3404 with new leaderId: 5abe4e47-48d4-4bed-b79b-0afa624f904e
2020-05-22 21:02:26,118 [5abe4e47-48d4-4bed-b79b-0afa624f904e@group-86CFD4FF3404-LeaderElection15] INFO  impl.RaftServerImpl (ServerState.java:setLeader(255)) - 5abe4e47-48d4-4bed-b79b-0afa624f904e@group-86CFD4FF3404: change Leader from null to 5abe4e47-48d4-4bed-b79b-0afa624f904e at term 1 for becomeLeader, leader elected after 1380ms
2020-05-22 21:02:26,118 [5abe4e47-48d4-4bed-b79b-0afa624f904e@group-86CFD4FF3404-LeaderElection15] INFO  server.RaftServerConfigKeys (ConfUtils.java:logGet(44)) - raft.server.staging.catchup.gap = 1000 (default)
2020-05-22 21:02:26,118 [5abe4e47-48d4-4bed-b79b-0afa624f904e@group-86CFD4FF3404-LeaderElection15] INFO  server.RaftServerConfigKeys (ConfUtils.java:logGet(44)) - raft.server.rpc.sleep.time = 25ms (default)
2020-05-22 21:02:26,118 [5abe4e47-48d4-4bed-b79b-0afa624f904e@group-86CFD4FF3404-LeaderElection15] INFO  metrics.RatisMetrics (RatisMetrics.java:lambda$create$0(39)) - Creating Metrics Registry : ratis.log_appender.5abe4e47-48d4-4bed-b79b-0afa624f904e@group-86CFD4FF3404
2020-05-22 21:02:26,118 [5abe4e47-48d4-4bed-b79b-0afa624f904e@group-86CFD4FF3404-LeaderElection15] INFO  server.RaftServerConfigKeys (ConfUtils.java:logGet(44)) - raft.server.write.element-limit = 1024 (custom)
2020-05-22 21:02:26,118 [5abe4e47-48d4-4bed-b79b-0afa624f904e@group-86CFD4FF3404-LeaderElection15] INFO  server.RaftServerConfigKeys (ConfUtils.java:logGet(44)) - raft.server.write.byte-limit = 1073741824 (custom)
2020-05-22 21:02:26,119 [5abe4e47-48d4-4bed-b79b-0afa624f904e@group-86CFD4FF3404-LeaderElection15] INFO  server.RaftServerConfigKeys (ConfUtils.java:logGet(44)) - raft.server.watch.timeout = 3s (custom)
2020-05-22 21:02:26,119 [5abe4e47-48d4-4bed-b79b-0afa624f904e@group-86CFD4FF3404-LeaderElection15] INFO  server.RaftServerConfigKeys (ConfUtils.java:logGet(44)) - raft.server.watch.timeout.denomination = 1s (default)
2020-05-22 21:02:26,119 [5abe4e47-48d4-4bed-b79b-0afa624f904e@group-86CFD4FF3404-LeaderElection15] INFO  server.RaftServerConfigKeys (ConfUtils.java:logGet(44)) - raft.server.watch.element-limit = 65536 (default)
2020-05-22 21:02:26,121 [EventQueue-PipelineReportForPipelineReportHandler] INFO  pipeline.PipelineStateManager (PipelineStateManager.java:openPipeline(131)) - Pipeline Pipeline[ Id: 70b00f91-67e1-47a3-aec0-86cfd4ff3404, Nodes: 5abe4e47-48d4-4bed-b79b-0afa624f904e{ip: 172.17.0.2, host: b8e5eb7a950d, networkLocation: /rack1, certSerialId: null}c918de7f-ef30-4f8b-9922-6cd8c5b8891b{ip: 172.17.0.2, host: b8e5eb7a950d, networkLocation: /rack1, certSerialId: null}b4cee484-4d20-4d73-ba0e-c1d545d3b234{ip: 172.17.0.2, host: b8e5eb7a950d, networkLocation: /rack1, certSerialId: null}, Type:RATIS, Factor:THREE, State:ALLOCATED, leaderId:5abe4e47-48d4-4bed-b79b-0afa624f904e, CreationTimestamp2020-05-22T21:02:21.763Z] moved to OPEN state
2020-05-22 21:02:26,128 [5abe4e47-48d4-4bed-b79b-0afa624f904e@group-86CFD4FF3404-LeaderElection15] INFO  server.RaftServerConfigKeys (ConfUtils.java:logGet(44)) - raft.server.log.appender.snapshot.chunk.size.max = 16MB (=16777216) (default)
2020-05-22 21:02:26,129 [5abe4e47-48d4-4bed-b79b-0afa624f904e@group-86CFD4FF3404-LeaderElection15] INFO  server.RaftServerConfigKeys (ConfUtils.java:logGet(44)) - raft.server.log.appender.buffer.byte-limit = 33554432 (custom)
2020-05-22 21:02:26,129 [5abe4e47-48d4-4bed-b79b-0afa624f904e@group-86CFD4FF3404-LeaderElection15] INFO  server.RaftServerConfigKeys (ConfUtils.java:logGet(44)) - raft.server.log.appender.buffer.element-limit = 1 (custom)
2020-05-22 21:02:26,129 [EventQueue-OpenPipelineForOneReplicaPipelineSafeModeRule] INFO  safemode.SCMSafeModeManager (SCMSafeModeManager.java:validateSafeModeExitRules(213)) - AtleastOneDatanodeReportedRule rule is successfully validated
2020-05-22 21:02:26,129 [EventQueue-OpenPipelineForHealthyPipelineSafeModeRule] INFO  safemode.SCMSafeModeManager (HealthyPipelineSafeModeRule.java:process(132)) - SCM in safe mode. Healthy pipelines reported count is 1, required healthy pipeline reported count is 1
2020-05-22 21:02:26,137 [EventQueue-OpenPipelineForHealthyPipelineSafeModeRule] INFO  safemode.SCMSafeModeManager (SCMSafeModeManager.java:validateSafeModeExitRules(213)) - HealthyPipelineSafeModeRule rule is successfully validated
2020-05-22 21:02:26,137 [EventQueue-OpenPipelineForHealthyPipelineSafeModeRule] INFO  safemode.SCMSafeModeManager (SCMSafeModeManager.java:validateSafeModeExitRules(227)) - ScmSafeModeManager, all rules are successfully validated
2020-05-22 21:02:26,137 [EventQueue-OpenPipelineForHealthyPipelineSafeModeRule] INFO  safemode.SCMSafeModeManager (SCMSafeModeManager.java:exitSafeMode(256)) - SCM exiting safe mode.
2020-05-22 21:02:26,137 [5abe4e47-48d4-4bed-b79b-0afa624f904e@group-86CFD4FF3404-LeaderElection15] INFO  grpc.GrpcConfigKeys (ConfUtils.java:logGet(44)) - raft.grpc.server.leader.outstanding.appends.max = 128 (default)
2020-05-22 21:02:26,146 [5abe4e47-48d4-4bed-b79b-0afa624f904e@group-86CFD4FF3404-LeaderElection15] INFO  server.RaftServerConfigKeys (ConfUtils.java:logGet(44)) - raft.server.rpc.request.timeout = 3s (default)
2020-05-22 21:02:26,146 [5abe4e47-48d4-4bed-b79b-0afa624f904e@group-86CFD4FF3404-LeaderElection15] INFO  server.RaftServerConfigKeys (ConfUtils.java:logGet(44)) - raft.server.log.appender.install.snapshot.enabled = false (custom)
2020-05-22 21:02:26,157 [64c4e62d-3fa9-4daf-8209-3ca94e9bda72@group-402642E6913C-LeaderElection9] INFO  impl.LeaderElection (LeaderElection.java:logAndReturn(61)) - 64c4e62d-3fa9-4daf-8209-3ca94e9bda72@group-402642E6913C-LeaderElection9: Election REJECTED; received 2 response(s) [64c4e62d-3fa9-4daf-8209-3ca94e9bda72<-ca65480a-af45-4754-bab7-1cb47c27def5#0:FAIL-t1, 64c4e62d-3fa9-4daf-8209-3ca94e9bda72<-f2bdfaa2-ada9-47f2-baba-68fb1582a464#0:FAIL-t1] and 0 exception(s); 64c4e62d-3fa9-4daf-8209-3ca94e9bda72@group-402642E6913C:t1, leader=null, voted=64c4e62d-3fa9-4daf-8209-3ca94e9bda72, raftlog=64c4e62d-3fa9-4daf-8209-3ca94e9bda72@group-402642E6913C-SegmentedRaftLog:OPENED:c-1,f-1,i0, conf=-1: [ca65480a-af45-4754-bab7-1cb47c27def5:172.17.0.2:34187, 64c4e62d-3fa9-4daf-8209-3ca94e9bda72:172.17.0.2:38101, f2bdfaa2-ada9-47f2-baba-68fb1582a464:172.17.0.2:41705], old=null
2020-05-22 21:02:26,158 [5abe4e47-48d4-4bed-b79b-0afa624f904e@group-86CFD4FF3404-LeaderElection15] INFO  server.RaftServerConfigKeys (ConfUtils.java:logGet(44)) - raft.server.log.appender.snapshot.chunk.size.max = 16MB (=16777216) (default)
2020-05-22 21:02:26,158 [5abe4e47-48d4-4bed-b79b-0afa624f904e@group-86CFD4FF3404-LeaderElection15] INFO  server.RaftServerConfigKeys (ConfUtils.java:logGet(44)) - raft.server.log.appender.buffer.byte-limit = 33554432 (custom)
2020-05-22 21:02:26,158 [5abe4e47-48d4-4bed-b79b-0afa624f904e@group-86CFD4FF3404-LeaderElection15] INFO  server.RaftServerConfigKeys (ConfUtils.java:logGet(44)) - raft.server.log.appender.buffer.element-limit = 1 (custom)
2020-05-22 21:02:26,159 [ca65480a-af45-4754-bab7-1cb47c27def5@group-402642E6913C-LeaderElection10] INFO  impl.LeaderElection (LeaderElection.java:logAndReturn(61)) - ca65480a-af45-4754-bab7-1cb47c27def5@group-402642E6913C-LeaderElection10: Election REJECTED; received 2 response(s) [ca65480a-af45-4754-bab7-1cb47c27def5<-64c4e62d-3fa9-4daf-8209-3ca94e9bda72#0:FAIL-t1, ca65480a-af45-4754-bab7-1cb47c27def5<-f2bdfaa2-ada9-47f2-baba-68fb1582a464#0:FAIL-t1] and 0 exception(s); ca65480a-af45-4754-bab7-1cb47c27def5@group-402642E6913C:t1, leader=null, voted=ca65480a-af45-4754-bab7-1cb47c27def5, raftlog=ca65480a-af45-4754-bab7-1cb47c27def5@group-402642E6913C-SegmentedRaftLog:OPENED:c-1,f-1,i0, conf=-1: [ca65480a-af45-4754-bab7-1cb47c27def5:172.17.0.2:34187, 64c4e62d-3fa9-4daf-8209-3ca94e9bda72:172.17.0.2:38101, f2bdfaa2-ada9-47f2-baba-68fb1582a464:172.17.0.2:41705], old=null
2020-05-22 21:02:26,166 [ca65480a-af45-4754-bab7-1cb47c27def5@group-402642E6913C-LeaderElection10] INFO  impl.RaftServerImpl (RaftServerImpl.java:setRole(173)) - ca65480a-af45-4754-bab7-1cb47c27def5@group-402642E6913C: changes role from CANDIDATE to FOLLOWER at term 1 for DISCOVERED_A_NEW_TERM
2020-05-22 21:02:26,166 [ca65480a-af45-4754-bab7-1cb47c27def5@group-402642E6913C-LeaderElection10] INFO  impl.RoleInfo (RoleInfo.java:shutdownLeaderElection(134)) - ca65480a-af45-4754-bab7-1cb47c27def5: shutdown LeaderElection
2020-05-22 21:02:26,166 [ca65480a-af45-4754-bab7-1cb47c27def5@group-402642E6913C-LeaderElection10] INFO  impl.RoleInfo (RoleInfo.java:updateAndGet(143)) - ca65480a-af45-4754-bab7-1cb47c27def5: start FollowerState
2020-05-22 21:02:26,163 [64c4e62d-3fa9-4daf-8209-3ca94e9bda72@group-402642E6913C-LeaderElection9] INFO  impl.RaftServerImpl (RaftServerImpl.java:setRole(173)) - 64c4e62d-3fa9-4daf-8209-3ca94e9bda72@group-402642E6913C: changes role from CANDIDATE to FOLLOWER at term 1 for DISCOVERED_A_NEW_TERM
2020-05-22 21:02:26,169 [64c4e62d-3fa9-4daf-8209-3ca94e9bda72@group-402642E6913C-LeaderElection9] INFO  impl.RoleInfo (RoleInfo.java:shutdownLeaderElection(134)) - 64c4e62d-3fa9-4daf-8209-3ca94e9bda72: shutdown LeaderElection
2020-05-22 21:02:26,169 [64c4e62d-3fa9-4daf-8209-3ca94e9bda72@group-402642E6913C-LeaderElection9] INFO  impl.RoleInfo (RoleInfo.java:updateAndGet(143)) - 64c4e62d-3fa9-4daf-8209-3ca94e9bda72: start FollowerState
2020-05-22 21:02:26,163 [5abe4e47-48d4-4bed-b79b-0afa624f904e@group-86CFD4FF3404-LeaderElection15] INFO  grpc.GrpcConfigKeys (ConfUtils.java:logGet(44)) - raft.grpc.server.leader.outstanding.appends.max = 128 (default)
2020-05-22 21:02:26,170 [5abe4e47-48d4-4bed-b79b-0afa624f904e@group-86CFD4FF3404-LeaderElection15] INFO  server.RaftServerConfigKeys (ConfUtils.java:logGet(44)) - raft.server.rpc.request.timeout = 3s (default)
2020-05-22 21:02:26,170 [5abe4e47-48d4-4bed-b79b-0afa624f904e@group-86CFD4FF3404-LeaderElection15] INFO  server.RaftServerConfigKeys (ConfUtils.java:logGet(44)) - raft.server.log.appender.install.snapshot.enabled = false (custom)
2020-05-22 21:02:26,179 [5abe4e47-48d4-4bed-b79b-0afa624f904e@group-86CFD4FF3404-LeaderElection15] INFO  impl.RoleInfo (RoleInfo.java:updateAndGet(143)) - 5abe4e47-48d4-4bed-b79b-0afa624f904e: start LeaderState
2020-05-22 21:02:26,179 [5abe4e47-48d4-4bed-b79b-0afa624f904e@group-86CFD4FF3404-LeaderElection15] INFO  segmented.SegmentedRaftLogWorker (SegmentedRaftLogWorker.java:startLogSegment(391)) - 5abe4e47-48d4-4bed-b79b-0afa624f904e@group-86CFD4FF3404-SegmentedRaftLogWorker: Starting segment from index:0
2020-05-22 21:02:26,180 [Thread-303] INFO  impl.FollowerState (FollowerState.java:run(108)) - b4cee484-4d20-4d73-ba0e-c1d545d3b234@group-86CFD4FF3404-FollowerState: change to CANDIDATE, lastRpcTime:1057ms, electionTimeout:1056ms
2020-05-22 21:02:26,180 [5abe4e47-48d4-4bed-b79b-0afa624f904e@group-86CFD4FF3404-SegmentedRaftLogWorker] INFO  segmented.SegmentedRaftLogWorker (SegmentedRaftLogWorker.java:execute(583)) - 5abe4e47-48d4-4bed-b79b-0afa624f904e@group-86CFD4FF3404-SegmentedRaftLogWorker: created new log segment /github/workspace/mnt/ozone/hadoop-ozone/integration-test/target/test-dir/MiniOzoneClusterImpl-aeaef343-8586-4703-af18-3341d148064c/datanode-6/data/ratis/70b00f91-67e1-47a3-aec0-86cfd4ff3404/current/log_inprogress_0
2020-05-22 21:02:26,181 [Thread-303] INFO  impl.RoleInfo (RoleInfo.java:shutdownFollowerState(121)) - b4cee484-4d20-4d73-ba0e-c1d545d3b234: shutdown FollowerState
2020-05-22 21:02:26,181 [Thread-303] INFO  impl.RaftServerImpl (RaftServerImpl.java:setRole(173)) - b4cee484-4d20-4d73-ba0e-c1d545d3b234@group-86CFD4FF3404: changes role from  FOLLOWER to CANDIDATE at term 0 for changeToCandidate
2020-05-22 21:02:26,190 [5abe4e47-48d4-4bed-b79b-0afa624f904e@group-86CFD4FF3404-LeaderElection15] INFO  impl.RaftServerImpl (ServerState.java:setRaftConf(356)) - 5abe4e47-48d4-4bed-b79b-0afa624f904e@group-86CFD4FF3404: set configuration 0: [b4cee484-4d20-4d73-ba0e-c1d545d3b234:172.17.0.2:33307, 5abe4e47-48d4-4bed-b79b-0afa624f904e:172.17.0.2:41019, c918de7f-ef30-4f8b-9922-6cd8c5b8891b:172.17.0.2:46273], old=null at 0
2020-05-22 21:02:26,191 [Thread-303] INFO  impl.RoleInfo (RoleInfo.java:updateAndGet(143)) - b4cee484-4d20-4d73-ba0e-c1d545d3b234: start LeaderElection
2020-05-22 21:02:26,211 [Command processor thread] INFO  commandhandler.CreatePipelineCommandHandler (CreatePipelineCommandHandler.java:handle(109)) - Created Pipeline RATIS THREE #id: "70b00f91-67e1-47a3-aec0-86cfd4ff3404"
.
2020-05-22 21:02:26,219 [Command processor thread] INFO  commandhandler.CreatePipelineCommandHandler (CreatePipelineCommandHandler.java:handle(109)) - Created Pipeline RATIS THREE #id: "23a7bbaf-54e2-4fd9-8428-402642e6913c"
.
2020-05-22 21:02:26,220 [grpc-default-executor-8] INFO  impl.RaftServerImpl (RaftServerImpl.java:setRole(173)) - b4cee484-4d20-4d73-ba0e-c1d545d3b234@group-86CFD4FF3404: changes role from CANDIDATE to FOLLOWER at term 1 for recognizeCandidate:5abe4e47-48d4-4bed-b79b-0afa624f904e
2020-05-22 21:02:26,220 [grpc-default-executor-8] INFO  impl.RoleInfo (RoleInfo.java:shutdownLeaderElection(134)) - b4cee484-4d20-4d73-ba0e-c1d545d3b234: shutdown LeaderElection
2020-05-22 21:02:26,220 [grpc-default-executor-8] INFO  impl.RoleInfo (RoleInfo.java:updateAndGet(143)) - b4cee484-4d20-4d73-ba0e-c1d545d3b234: start FollowerState
2020-05-22 21:02:26,232 [b4cee484-4d20-4d73-ba0e-c1d545d3b234@group-86CFD4FF3404-LeaderElection17] INFO  impl.LeaderElection (LeaderElection.java:askForVotes(206)) - b4cee484-4d20-4d73-ba0e-c1d545d3b234@group-86CFD4FF3404-LeaderElection17: begin an election at term 2 for -1: [b4cee484-4d20-4d73-ba0e-c1d545d3b234:172.17.0.2:33307, 5abe4e47-48d4-4bed-b79b-0afa624f904e:172.17.0.2:41019, c918de7f-ef30-4f8b-9922-6cd8c5b8891b:172.17.0.2:46273], old=null
2020-05-22 21:02:26,237 [b4cee484-4d20-4d73-ba0e-c1d545d3b234@group-86CFD4FF3404-LeaderElection17] INFO  impl.LeaderElection (LeaderElection.java:logAndReturn(61)) - b4cee484-4d20-4d73-ba0e-c1d545d3b234@group-86CFD4FF3404-LeaderElection17: Election REJECTED; received 0 response(s) [] and 0 exception(s); b4cee484-4d20-4d73-ba0e-c1d545d3b234@group-86CFD4FF3404:t2, leader=null, voted=b4cee484-4d20-4d73-ba0e-c1d545d3b234, raftlog=b4cee484-4d20-4d73-ba0e-c1d545d3b234@group-86CFD4FF3404-SegmentedRaftLog:OPENED:c-1,f-1,i0, conf=-1: [b4cee484-4d20-4d73-ba0e-c1d545d3b234:172.17.0.2:33307, 5abe4e47-48d4-4bed-b79b-0afa624f904e:172.17.0.2:41019, c918de7f-ef30-4f8b-9922-6cd8c5b8891b:172.17.0.2:46273], old=null
2020-05-22 21:02:26,280 [grpc-default-executor-8] INFO  ratis.XceiverServerRatis (XceiverServerRatis.java:handleLeaderChangedNotification(762)) - Leader change notification received for group: group-86CFD4FF3404 with new leaderId: 5abe4e47-48d4-4bed-b79b-0afa624f904e
2020-05-22 21:02:26,280 [grpc-default-executor-8] INFO  impl.RaftServerImpl (ServerState.java:setLeader(255)) - c918de7f-ef30-4f8b-9922-6cd8c5b8891b@group-86CFD4FF3404: change Leader from null to 5abe4e47-48d4-4bed-b79b-0afa624f904e at term 1 for appendEntries, leader elected after 1455ms
2020-05-22 21:02:26,292 [Command processor thread] INFO  commandhandler.CreatePipelineCommandHandler (CreatePipelineCommandHandler.java:handle(109)) - Created Pipeline RATIS THREE #id: "b8bc81e2-7c38-4433-8921-f4e35192c1a7"
.
2020-05-22 21:02:26,301 [grpc-default-executor-4] INFO  impl.RaftServerImpl (ServerState.java:setLeader(255)) - 5abe4e47-48d4-4bed-b79b-0afa624f904e@group-86CFD4FF3404: change Leader from 5abe4e47-48d4-4bed-b79b-0afa624f904e to null at term 2 for updateCurrentTerm
2020-05-22 21:02:26,301 [grpc-default-executor-4] INFO  impl.RaftServerImpl (RaftServerImpl.java:setRole(173)) - 5abe4e47-48d4-4bed-b79b-0afa624f904e@group-86CFD4FF3404: changes role from    LEADER to FOLLOWER at term 2 for recognizeCandidate:b4cee484-4d20-4d73-ba0e-c1d545d3b234
2020-05-22 21:02:26,301 [grpc-default-executor-4] INFO  impl.RoleInfo (RoleInfo.java:shutdownLeaderState(104)) - 5abe4e47-48d4-4bed-b79b-0afa624f904e: shutdown LeaderState
2020-05-22 21:02:26,304 [grpc-default-executor-8] INFO  impl.RaftServerImpl (ServerState.java:setRaftConf(356)) - c918de7f-ef30-4f8b-9922-6cd8c5b8891b@group-86CFD4FF3404: set configuration 0: [b4cee484-4d20-4d73-ba0e-c1d545d3b234:172.17.0.2:33307, 5abe4e47-48d4-4bed-b79b-0afa624f904e:172.17.0.2:41019, c918de7f-ef30-4f8b-9922-6cd8c5b8891b:172.17.0.2:46273], old=null at 0
2020-05-22 21:02:26,309 [org.apache.ratis.server.impl.LogAppender$AppenderDaemon$$Lambda$479/568955185@59961edc] WARN  server.GrpcLogAppender (GrpcLogAppender.java:mayWait(153)) - 5abe4e47-48d4-4bed-b79b-0afa624f904e@group-86CFD4FF3404->b4cee484-4d20-4d73-ba0e-c1d545d3b234-GrpcLogAppender: Wait interrupted by java.lang.InterruptedException
2020-05-22 21:02:26,310 [grpc-default-executor-8] INFO  segmented.SegmentedRaftLogWorker (SegmentedRaftLogWorker.java:startLogSegment(391)) - c918de7f-ef30-4f8b-9922-6cd8c5b8891b@group-86CFD4FF3404-SegmentedRaftLogWorker: Starting segment from index:0
2020-05-22 21:02:26,312 [c918de7f-ef30-4f8b-9922-6cd8c5b8891b@group-86CFD4FF3404-SegmentedRaftLogWorker] INFO  segmented.SegmentedRaftLogWorker (SegmentedRaftLogWorker.java:execute(583)) - c918de7f-ef30-4f8b-9922-6cd8c5b8891b@group-86CFD4FF3404-SegmentedRaftLogWorker: created new log segment /github/workspace/mnt/ozone/hadoop-ozone/integration-test/target/test-dir/MiniOzoneClusterImpl-aeaef343-8586-4703-af18-3341d148064c/datanode-7/data/ratis/70b00f91-67e1-47a3-aec0-86cfd4ff3404/current/log_inprogress_0
2020-05-22 21:02:26,312 [org.apache.ratis.server.impl.LogAppender$AppenderDaemon$$Lambda$479/568955185@7275bb4b] WARN  server.GrpcLogAppender (GrpcLogAppender.java:mayWait(153)) - 5abe4e47-48d4-4bed-b79b-0afa624f904e@group-86CFD4FF3404->c918de7f-ef30-4f8b-9922-6cd8c5b8891b-GrpcLogAppender: Wait interrupted by java.lang.InterruptedException
2020-05-22 21:02:26,315 [grpc-default-executor-4] INFO  impl.PendingRequests (PendingRequests.java:sendNotLeaderResponses(242)) - 5abe4e47-48d4-4bed-b79b-0afa624f904e@group-86CFD4FF3404-PendingRequests: sendNotLeaderResponses
2020-05-22 21:02:26,316 [grpc-default-executor-4] INFO  metrics.RatisMetrics (RatisMetrics.java:unregister(46)) - Unregistering Metrics Registry : ratis.log_appender.5abe4e47-48d4-4bed-b79b-0afa624f904e@group-86CFD4FF3404
2020-05-22 21:02:26,321 [grpc-default-executor-4] INFO  impl.RoleInfo (RoleInfo.java:updateAndGet(143)) - 5abe4e47-48d4-4bed-b79b-0afa624f904e: start FollowerState
2020-05-22 21:02:26,329 [Thread-305] INFO  impl.FollowerState (FollowerState.java:run(108)) - cb956d13-5fe9-4a78-95a3-e5a7b9d83e98@group-1A9806C07AEF-FollowerState: change to CANDIDATE, lastRpcTime:1181ms, electionTimeout:1179ms
2020-05-22 21:02:26,330 [Thread-305] INFO  impl.RoleInfo (RoleInfo.java:shutdownFollowerState(121)) - cb956d13-5fe9-4a78-95a3-e5a7b9d83e98: shutdown FollowerState
2020-05-22 21:02:26,330 [Thread-305] INFO  impl.RaftServerImpl (RaftServerImpl.java:setRole(173)) - cb956d13-5fe9-4a78-95a3-e5a7b9d83e98@group-1A9806C07AEF: changes role from  FOLLOWER to CANDIDATE at term 0 for changeToCandidate
2020-05-22 21:02:26,330 [Thread-305] INFO  impl.RoleInfo (RoleInfo.java:updateAndGet(143)) - cb956d13-5fe9-4a78-95a3-e5a7b9d83e98: start LeaderElection
2020-05-22 21:02:26,330 [grpc-default-executor-8] INFO  server.GrpcServerProtocolService (GrpcServerProtocolService.java:onCompleted(137)) - c918de7f-ef30-4f8b-9922-6cd8c5b8891b: Completed APPEND_ENTRIES, lastRequest: 5abe4e47-48d4-4bed-b79b-0afa624f904e->c918de7f-ef30-4f8b-9922-6cd8c5b8891b#1-t1, previous=(t:0, i:0), leaderCommit=0, initializing? false, entries: size=1, first=(t:1, i:0), CONFIGURATIONENTRY
2020-05-22 21:02:26,332 [grpc-default-executor-2] INFO  server.GrpcLogAppender (GrpcLogAppender.java:onCompleted(309)) - 5abe4e47-48d4-4bed-b79b-0afa624f904e@group-86CFD4FF3404->c918de7f-ef30-4f8b-9922-6cd8c5b8891b-AppendLogResponseHandler: follower responses appendEntries COMPLETED
2020-05-22 21:02:26,352 [grpc-default-executor-2] INFO  impl.FollowerInfo (FollowerInfo.java:lambda$new$0(50)) - 5abe4e47-48d4-4bed-b79b-0afa624f904e@group-86CFD4FF3404->c918de7f-ef30-4f8b-9922-6cd8c5b8891b: nextIndex: updateUnconditionally 1 -> 0
2020-05-22 21:02:26,357 [cb956d13-5fe9-4a78-95a3-e5a7b9d83e98@group-1A9806C07AEF-LeaderElection18] INFO  impl.LeaderElection (LeaderElection.java:askForVotes(206)) - cb956d13-5fe9-4a78-95a3-e5a7b9d83e98@group-1A9806C07AEF-LeaderElection18: begin an election at term 1 for -1: [cb956d13-5fe9-4a78-95a3-e5a7b9d83e98:172.17.0.2:33835], old=null
2020-05-22 21:02:26,361 [cb956d13-5fe9-4a78-95a3-e5a7b9d83e98@group-1A9806C07AEF-LeaderElection18] INFO  impl.RoleInfo (RoleInfo.java:shutdownLeaderElection(134)) - cb956d13-5fe9-4a78-95a3-e5a7b9d83e98: shutdown LeaderElection
2020-05-22 21:02:26,361 [cb956d13-5fe9-4a78-95a3-e5a7b9d83e98@group-1A9806C07AEF-LeaderElection18] INFO  impl.RaftServerImpl (RaftServerImpl.java:setRole(173)) - cb956d13-5fe9-4a78-95a3-e5a7b9d83e98@group-1A9806C07AEF: changes role from CANDIDATE to LEADER at term 1 for changeToLeader
2020-05-22 21:02:26,361 [cb956d13-5fe9-4a78-95a3-e5a7b9d83e98@group-1A9806C07AEF-LeaderElection18] INFO  ratis.XceiverServerRatis (XceiverServerRatis.java:handleLeaderChangedNotification(762)) - Leader change notification received for group: group-1A9806C07AEF with new leaderId: cb956d13-5fe9-4a78-95a3-e5a7b9d83e98
2020-05-22 21:02:26,361 [cb956d13-5fe9-4a78-95a3-e5a7b9d83e98@group-1A9806C07AEF-LeaderElection18] INFO  impl.RaftServerImpl (ServerState.java:setLeader(255)) - cb956d13-5fe9-4a78-95a3-e5a7b9d83e98@group-1A9806C07AEF: change Leader from null to cb956d13-5fe9-4a78-95a3-e5a7b9d83e98 at term 1 for becomeLeader, leader elected after 1231ms
2020-05-22 21:02:26,361 [cb956d13-5fe9-4a78-95a3-e5a7b9d83e98@group-1A9806C07AEF-LeaderElection18] INFO  server.RaftServerConfigKeys (ConfUtils.java:logGet(44)) - raft.server.staging.catchup.gap = 1000 (default)
2020-05-22 21:02:26,362 [cb956d13-5fe9-4a78-95a3-e5a7b9d83e98@group-1A9806C07AEF-LeaderElection18] INFO  server.RaftServerConfigKeys (ConfUtils.java:logGet(44)) - raft.server.rpc.sleep.time = 25ms (default)
2020-05-22 21:02:26,362 [cb956d13-5fe9-4a78-95a3-e5a7b9d83e98@group-1A9806C07AEF-LeaderElection18] INFO  metrics.RatisMetrics (RatisMetrics.java:lambda$create$0(39)) - Creating Metrics Registry : ratis.log_appender.cb956d13-5fe9-4a78-95a3-e5a7b9d83e98@group-1A9806C07AEF
2020-05-22 21:02:26,363 [cb956d13-5fe9-4a78-95a3-e5a7b9d83e98@group-1A9806C07AEF-LeaderElection18] INFO  server.RaftServerConfigKeys (ConfUtils.java:logGet(44)) - raft.server.write.element-limit = 1024 (custom)
2020-05-22 21:02:26,363 [cb956d13-5fe9-4a78-95a3-e5a7b9d83e98@group-1A9806C07AEF-LeaderElection18] INFO  server.RaftServerConfigKeys (ConfUtils.java:logGet(44)) - raft.server.write.byte-limit = 1073741824 (custom)
2020-05-22 21:02:26,363 [cb956d13-5fe9-4a78-95a3-e5a7b9d83e98@group-1A9806C07AEF-LeaderElection18] INFO  server.RaftServerConfigKeys (ConfUtils.java:logGet(44)) - raft.server.watch.timeout = 3s (custom)
2020-05-22 21:02:26,364 [cb956d13-5fe9-4a78-95a3-e5a7b9d83e98@group-1A9806C07AEF-LeaderElection18] INFO  server.RaftServerConfigKeys (ConfUtils.java:logGet(44)) - raft.server.watch.timeout.denomination = 1s (default)
2020-05-22 21:02:26,364 [cb956d13-5fe9-4a78-95a3-e5a7b9d83e98@group-1A9806C07AEF-LeaderElection18] INFO  server.RaftServerConfigKeys (ConfUtils.java:logGet(44)) - raft.server.watch.element-limit = 65536 (default)
2020-05-22 21:02:26,364 [cb956d13-5fe9-4a78-95a3-e5a7b9d83e98@group-1A9806C07AEF-LeaderElection18] INFO  impl.RoleInfo (RoleInfo.java:updateAndGet(143)) - cb956d13-5fe9-4a78-95a3-e5a7b9d83e98: start LeaderState
2020-05-22 21:02:26,369 [cb956d13-5fe9-4a78-95a3-e5a7b9d83e98@group-1A9806C07AEF-LeaderElection18] INFO  segmented.SegmentedRaftLogWorker (SegmentedRaftLogWorker.java:startLogSegment(391)) - cb956d13-5fe9-4a78-95a3-e5a7b9d83e98@group-1A9806C07AEF-SegmentedRaftLogWorker: Starting segment from index:0
2020-05-22 21:02:26,372 [cb956d13-5fe9-4a78-95a3-e5a7b9d83e98@group-1A9806C07AEF-SegmentedRaftLogWorker] INFO  segmented.SegmentedRaftLogWorker (SegmentedRaftLogWorker.java:execute(583)) - cb956d13-5fe9-4a78-95a3-e5a7b9d83e98@group-1A9806C07AEF-SegmentedRaftLogWorker: created new log segment /github/workspace/mnt/ozone/hadoop-ozone/integration-test/target/test-dir/MiniOzoneClusterImpl-aeaef343-8586-4703-af18-3341d148064c/datanode-9/data/ratis/fb39f0e4-a276-4eac-8ddf-1a9806c07aef/current/log_inprogress_0
2020-05-22 21:02:26,374 [grpc-default-executor-8] INFO  server.GrpcServerProtocolService (GrpcServerProtocolService.java:onCompleted(137)) - b4cee484-4d20-4d73-ba0e-c1d545d3b234: Completed APPEND_ENTRIES, lastRequest: 5abe4e47-48d4-4bed-b79b-0afa624f904e->b4cee484-4d20-4d73-ba0e-c1d545d3b234#1-t1, previous=(t:0, i:0), leaderCommit=0, initializing? false, entries: size=1, first=(t:1, i:0), CONFIGURATIONENTRY
2020-05-22 21:02:26,386 [cb956d13-5fe9-4a78-95a3-e5a7b9d83e98@group-1A9806C07AEF-LeaderElection18] INFO  impl.RaftServerImpl (ServerState.java:setRaftConf(356)) - cb956d13-5fe9-4a78-95a3-e5a7b9d83e98@group-1A9806C07AEF: set configuration 0: [cb956d13-5fe9-4a78-95a3-e5a7b9d83e98:172.17.0.2:33835], old=null at 0
2020-05-22 21:02:26,389 [grpc-default-executor-8] INFO  impl.RaftServerImpl (ServerState.java:setLeader(255)) - c918de7f-ef30-4f8b-9922-6cd8c5b8891b@group-86CFD4FF3404: change Leader from 5abe4e47-48d4-4bed-b79b-0afa624f904e to null at term 2 for updateCurrentTerm
2020-05-22 21:02:26,389 [grpc-default-executor-8] INFO  impl.RaftServerImpl (RaftServerImpl.java:setRole(173)) - c918de7f-ef30-4f8b-9922-6cd8c5b8891b@group-86CFD4FF3404: changes role from  FOLLOWER to FOLLOWER at term 2 for recognizeCandidate:b4cee484-4d20-4d73-ba0e-c1d545d3b234
2020-05-22 21:02:26,389 [grpc-default-executor-8] INFO  impl.RoleInfo (RoleInfo.java:shutdownFollowerState(121)) - c918de7f-ef30-4f8b-9922-6cd8c5b8891b: shutdown FollowerState
2020-05-22 21:02:26,390 [grpc-default-executor-8] INFO  impl.RoleInfo (RoleInfo.java:updateAndGet(143)) - c918de7f-ef30-4f8b-9922-6cd8c5b8891b: start FollowerState
2020-05-22 21:02:26,390 [Thread-356] INFO  impl.FollowerState (FollowerState.java:run(117)) - c918de7f-ef30-4f8b-9922-6cd8c5b8891b@group-86CFD4FF3404-FollowerState was interrupted: java.lang.InterruptedException: sleep interrupted
2020-05-22 21:02:26,396 [Command processor thread] INFO  commandhandler.CreatePipelineCommandHandler (CreatePipelineCommandHandler.java:handle(109)) - Created Pipeline RATIS THREE #id: "23a7bbaf-54e2-4fd9-8428-402642e6913c"
.
2020-05-22 21:02:26,396 [Command processor thread] INFO  commandhandler.CreatePipelineCommandHandler (CreatePipelineCommandHandler.java:handle(109)) - Created Pipeline RATIS THREE #id: "70b00f91-67e1-47a3-aec0-86cfd4ff3404"
.
2020-05-22 21:02:26,397 [Command processor thread] INFO  commandhandler.CreatePipelineCommandHandler (CreatePipelineCommandHandler.java:handle(109)) - Created Pipeline RATIS THREE #id: "b8bc81e2-7c38-4433-8921-f4e35192c1a7"
.
2020-05-22 21:02:26,400 [Command processor thread] INFO  commandhandler.CreatePipelineCommandHandler (CreatePipelineCommandHandler.java:handle(109)) - Created Pipeline RATIS THREE #id: "70b00f91-67e1-47a3-aec0-86cfd4ff3404"
.
2020-05-22 21:02:26,400 [Command processor thread] INFO  commandhandler.CreatePipelineCommandHandler (CreatePipelineCommandHandler.java:handle(109)) - Created Pipeline RATIS THREE #id: "23a7bbaf-54e2-4fd9-8428-402642e6913c"
.
2020-05-22 21:02:26,408 [Command processor thread] INFO  commandhandler.CreatePipelineCommandHandler (CreatePipelineCommandHandler.java:handle(109)) - Created Pipeline RATIS THREE #id: "b8bc81e2-7c38-4433-8921-f4e35192c1a7"
.
2020-05-22 21:02:26,410 [grpc-default-executor-8] INFO  server.GrpcLogAppender (GrpcLogAppender.java:onCompleted(309)) - 5abe4e47-48d4-4bed-b79b-0afa624f904e@group-86CFD4FF3404->b4cee484-4d20-4d73-ba0e-c1d545d3b234-AppendLogResponseHandler: follower responses appendEntries COMPLETED
2020-05-22 21:02:26,416 [grpc-default-executor-8] INFO  impl.FollowerInfo (FollowerInfo.java:lambda$new$0(50)) - 5abe4e47-48d4-4bed-b79b-0afa624f904e@group-86CFD4FF3404->b4cee484-4d20-4d73-ba0e-c1d545d3b234: nextIndex: updateUnconditionally 1 -> 0
2020-05-22 21:02:26,847 [Listener at 127.0.0.1/42845] INFO  ozone.MiniOzoneClusterImpl (MiniOzoneClusterImpl.java:lambda$waitForClusterToBeReady$0(177)) - Nodes are ready. Got 10 of 10 DN Heartbeats.
2020-05-22 21:02:26,848 [Listener at 127.0.0.1/42845] INFO  ozone.MiniOzoneClusterImpl (MiniOzoneClusterImpl.java:lambda$waitForClusterToBeReady$0(180)) - Cluster exits safe mode
2020-05-22 21:02:27,035 [Thread-349] INFO  impl.FollowerState (FollowerState.java:run(108)) - 2484e415-5504-40d1-8ead-c46d206deb95@group-F4E35192C1A7-FollowerState: change to CANDIDATE, lastRpcTime:1092ms, electionTimeout:1078ms
2020-05-22 21:02:27,036 [Thread-349] INFO  impl.RoleInfo (RoleInfo.java:shutdownFollowerState(121)) - 2484e415-5504-40d1-8ead-c46d206deb95: shutdown FollowerState
2020-05-22 21:02:27,036 [Thread-349] INFO  impl.RaftServerImpl (RaftServerImpl.java:setRole(173)) - 2484e415-5504-40d1-8ead-c46d206deb95@group-F4E35192C1A7: changes role from  FOLLOWER to CANDIDATE at term 1 for changeToCandidate
2020-05-22 21:02:27,036 [Thread-349] INFO  impl.RoleInfo (RoleInfo.java:updateAndGet(143)) - 2484e415-5504-40d1-8ead-c46d206deb95: start LeaderElection
2020-05-22 21:02:27,052 [2484e415-5504-40d1-8ead-c46d206deb95@group-F4E35192C1A7-LeaderElection19] INFO  impl.LeaderElection (LeaderElection.java:askForVotes(206)) - 2484e415-5504-40d1-8ead-c46d206deb95@group-F4E35192C1A7-LeaderElection19: begin an election at term 2 for -1: [2484e415-5504-40d1-8ead-c46d206deb95:172.17.0.2:45739, a3997db8-320d-4151-9902-06bffb7c93ac:172.17.0.2:38093, 0dacf195-f99f-4186-8388-cfc458ddcf69:172.17.0.2:40519], old=null
2020-05-22 21:02:27,074 [grpc-default-executor-8] INFO  impl.RaftServerImpl (RaftServerImpl.java:setRole(173)) - a3997db8-320d-4151-9902-06bffb7c93ac@group-F4E35192C1A7: changes role from  FOLLOWER to FOLLOWER at term 2 for recognizeCandidate:2484e415-5504-40d1-8ead-c46d206deb95
2020-05-22 21:02:27,074 [grpc-default-executor-8] INFO  impl.RoleInfo (RoleInfo.java:shutdownFollowerState(121)) - a3997db8-320d-4151-9902-06bffb7c93ac: shutdown FollowerState
2020-05-22 21:02:27,074 [grpc-default-executor-8] INFO  impl.RoleInfo (RoleInfo.java:updateAndGet(143)) - a3997db8-320d-4151-9902-06bffb7c93ac: start FollowerState
2020-05-22 21:02:27,074 [Thread-355] INFO  impl.FollowerState (FollowerState.java:run(117)) - a3997db8-320d-4151-9902-06bffb7c93ac@group-F4E35192C1A7-FollowerState was interrupted: java.lang.InterruptedException: sleep interrupted
2020-05-22 21:02:27,082 [grpc-default-executor-8] INFO  impl.RaftServerImpl (RaftServerImpl.java:setRole(173)) - 0dacf195-f99f-4186-8388-cfc458ddcf69@group-F4E35192C1A7: changes role from  FOLLOWER to FOLLOWER at term 2 for recognizeCandidate:2484e415-5504-40d1-8ead-c46d206deb95
2020-05-22 21:02:27,082 [grpc-default-executor-8] INFO  impl.RoleInfo (RoleInfo.java:shutdownFollowerState(121)) - 0dacf195-f99f-4186-8388-cfc458ddcf69: shutdown FollowerState
2020-05-22 21:02:27,082 [grpc-default-executor-8] INFO  impl.RoleInfo (RoleInfo.java:updateAndGet(143)) - 0dacf195-f99f-4186-8388-cfc458ddcf69: start FollowerState
2020-05-22 21:02:27,082 [Thread-358] INFO  impl.FollowerState (FollowerState.java:run(117)) - 0dacf195-f99f-4186-8388-cfc458ddcf69@group-F4E35192C1A7-FollowerState was interrupted: java.lang.InterruptedException: sleep interrupted
2020-05-22 21:02:27,090 [2484e415-5504-40d1-8ead-c46d206deb95@group-F4E35192C1A7-LeaderElection19] INFO  impl.LeaderElection (LeaderElection.java:logAndReturn(61)) - 2484e415-5504-40d1-8ead-c46d206deb95@group-F4E35192C1A7-LeaderElection19: Election PASSED; received 1 response(s) [2484e415-5504-40d1-8ead-c46d206deb95<-a3997db8-320d-4151-9902-06bffb7c93ac#0:OK-t2] and 0 exception(s); 2484e415-5504-40d1-8ead-c46d206deb95@group-F4E35192C1A7:t2, leader=null, voted=2484e415-5504-40d1-8ead-c46d206deb95, raftlog=2484e415-5504-40d1-8ead-c46d206deb95@group-F4E35192C1A7-SegmentedRaftLog:OPENED:c-1,f-1,i0, conf=-1: [2484e415-5504-40d1-8ead-c46d206deb95:172.17.0.2:45739, a3997db8-320d-4151-9902-06bffb7c93ac:172.17.0.2:38093, 0dacf195-f99f-4186-8388-cfc458ddcf69:172.17.0.2:40519], old=null
2020-05-22 21:02:27,090 [2484e415-5504-40d1-8ead-c46d206deb95@group-F4E35192C1A7-LeaderElection19] INFO  impl.RoleInfo (RoleInfo.java:shutdownLeaderElection(134)) - 2484e415-5504-40d1-8ead-c46d206deb95: shutdown LeaderElection
2020-05-22 21:02:27,090 [2484e415-5504-40d1-8ead-c46d206deb95@group-F4E35192C1A7-LeaderElection19] INFO  impl.RaftServerImpl (RaftServerImpl.java:setRole(173)) - 2484e415-5504-40d1-8ead-c46d206deb95@group-F4E35192C1A7: changes role from CANDIDATE to LEADER at term 2 for changeToLeader
2020-05-22 21:02:27,090 [2484e415-5504-40d1-8ead-c46d206deb95@group-F4E35192C1A7-LeaderElection19] INFO  ratis.XceiverServerRatis (XceiverServerRatis.java:handleLeaderChangedNotification(762)) - Leader change notification received for group: group-F4E35192C1A7 with new leaderId: 2484e415-5504-40d1-8ead-c46d206deb95
2020-05-22 21:02:27,090 [2484e415-5504-40d1-8ead-c46d206deb95@group-F4E35192C1A7-LeaderElection19] INFO  impl.RaftServerImpl (ServerState.java:setLeader(255)) - 2484e415-5504-40d1-8ead-c46d206deb95@group-F4E35192C1A7: change Leader from null to 2484e415-5504-40d1-8ead-c46d206deb95 at term 2 for becomeLeader, leader elected after 2750ms
2020-05-22 21:02:27,094 [EventQueue-PipelineReportForPipelineReportHandler] INFO  pipeline.PipelineStateManager (PipelineStateManager.java:openPipeline(131)) - Pipeline Pipeline[ Id: b8bc81e2-7c38-4433-8921-f4e35192c1a7, Nodes: a3997db8-320d-4151-9902-06bffb7c93ac{ip: 172.17.0.2, host: b8e5eb7a950d, networkLocation: /rack1, certSerialId: null}0dacf195-f99f-4186-8388-cfc458ddcf69{ip: 172.17.0.2, host: b8e5eb7a950d, networkLocation: /rack1, certSerialId: null}2484e415-5504-40d1-8ead-c46d206deb95{ip: 172.17.0.2, host: b8e5eb7a950d, networkLocation: /rack1, certSerialId: null}, Type:RATIS, Factor:THREE, State:ALLOCATED, leaderId:2484e415-5504-40d1-8ead-c46d206deb95, CreationTimestamp2020-05-22T21:02:21.141Z] moved to OPEN state
2020-05-22 21:02:27,096 [2484e415-5504-40d1-8ead-c46d206deb95@group-F4E35192C1A7-LeaderElection19] INFO  server.RaftServerConfigKeys (ConfUtils.java:logGet(44)) - raft.server.staging.catchup.gap = 1000 (default)
2020-05-22 21:02:27,097 [2484e415-5504-40d1-8ead-c46d206deb95@group-F4E35192C1A7-LeaderElection19] INFO  server.RaftServerConfigKeys (ConfUtils.java:logGet(44)) - raft.server.rpc.sleep.time = 25ms (default)
2020-05-22 21:02:27,097 [2484e415-5504-40d1-8ead-c46d206deb95@group-F4E35192C1A7-LeaderElection19] INFO  metrics.RatisMetrics (RatisMetrics.java:lambda$create$0(39)) - Creating Metrics Registry : ratis.log_appender.2484e415-5504-40d1-8ead-c46d206deb95@group-F4E35192C1A7
2020-05-22 21:02:27,097 [2484e415-5504-40d1-8ead-c46d206deb95@group-F4E35192C1A7-LeaderElection19] INFO  server.RaftServerConfigKeys (ConfUtils.java:logGet(44)) - raft.server.write.element-limit = 1024 (custom)
2020-05-22 21:02:27,098 [2484e415-5504-40d1-8ead-c46d206deb95@group-F4E35192C1A7-LeaderElection19] INFO  server.RaftServerConfigKeys (ConfUtils.java:logGet(44)) - raft.server.write.byte-limit = 1073741824 (custom)
2020-05-22 21:02:27,098 [2484e415-5504-40d1-8ead-c46d206deb95@group-F4E35192C1A7-LeaderElection19] INFO  server.RaftServerConfigKeys (ConfUtils.java:logGet(44)) - raft.server.watch.timeout = 3s (custom)
2020-05-22 21:02:27,098 [2484e415-5504-40d1-8ead-c46d206deb95@group-F4E35192C1A7-LeaderElection19] INFO  server.RaftServerConfigKeys (ConfUtils.java:logGet(44)) - raft.server.watch.timeout.denomination = 1s (default)
2020-05-22 21:02:27,098 [2484e415-5504-40d1-8ead-c46d206deb95@group-F4E35192C1A7-LeaderElection19] INFO  server.RaftServerConfigKeys (ConfUtils.java:logGet(44)) - raft.server.watch.element-limit = 65536 (default)
2020-05-22 21:02:27,098 [2484e415-5504-40d1-8ead-c46d206deb95@group-F4E35192C1A7-LeaderElection19] INFO  server.RaftServerConfigKeys (ConfUtils.java:logGet(44)) - raft.server.log.appender.snapshot.chunk.size.max = 16MB (=16777216) (default)
2020-05-22 21:02:27,099 [2484e415-5504-40d1-8ead-c46d206deb95@group-F4E35192C1A7-LeaderElection19] INFO  server.RaftServerConfigKeys (ConfUtils.java:logGet(44)) - raft.server.log.appender.buffer.byte-limit = 33554432 (custom)
2020-05-22 21:02:27,099 [2484e415-5504-40d1-8ead-c46d206deb95@group-F4E35192C1A7-LeaderElection19] INFO  server.RaftServerConfigKeys (ConfUtils.java:logGet(44)) - raft.server.log.appender.buffer.element-limit = 1 (custom)
2020-05-22 21:02:27,099 [2484e415-5504-40d1-8ead-c46d206deb95@group-F4E35192C1A7-LeaderElection19] INFO  grpc.GrpcConfigKeys (ConfUtils.java:logGet(44)) - raft.grpc.server.leader.outstanding.appends.max = 128 (default)
2020-05-22 21:02:27,099 [2484e415-5504-40d1-8ead-c46d206deb95@group-F4E35192C1A7-LeaderElection19] INFO  server.RaftServerConfigKeys (ConfUtils.java:logGet(44)) - raft.server.rpc.request.timeout = 3s (default)
2020-05-22 21:02:27,100 [2484e415-5504-40d1-8ead-c46d206deb95@group-F4E35192C1A7-LeaderElection19] INFO  server.RaftServerConfigKeys (ConfUtils.java:logGet(44)) - raft.server.log.appender.install.snapshot.enabled = false (custom)
2020-05-22 21:02:27,101 [2484e415-5504-40d1-8ead-c46d206deb95@group-F4E35192C1A7-LeaderElection19] INFO  server.RaftServerConfigKeys (ConfUtils.java:logGet(44)) - raft.server.log.appender.snapshot.chunk.size.max = 16MB (=16777216) (default)
2020-05-22 21:02:27,101 [2484e415-5504-40d1-8ead-c46d206deb95@group-F4E35192C1A7-LeaderElection19] INFO  server.RaftServerConfigKeys (ConfUtils.java:logGet(44)) - raft.server.log.appender.buffer.byte-limit = 33554432 (custom)
2020-05-22 21:02:27,101 [2484e415-5504-40d1-8ead-c46d206deb95@group-F4E35192C1A7-LeaderElection19] INFO  server.RaftServerConfigKeys (ConfUtils.java:logGet(44)) - raft.server.log.appender.buffer.element-limit = 1 (custom)
2020-05-22 21:02:27,101 [2484e415-5504-40d1-8ead-c46d206deb95@group-F4E35192C1A7-LeaderElection19] INFO  grpc.GrpcConfigKeys (ConfUtils.java:logGet(44)) - raft.grpc.server.leader.outstanding.appends.max = 128 (default)
2020-05-22 21:02:27,102 [2484e415-5504-40d1-8ead-c46d206deb95@group-F4E35192C1A7-LeaderElection19] INFO  server.RaftServerConfigKeys (ConfUtils.java:logGet(44)) - raft.server.rpc.request.timeout = 3s (default)
2020-05-22 21:02:27,102 [2484e415-5504-40d1-8ead-c46d206deb95@group-F4E35192C1A7-LeaderElection19] INFO  server.RaftServerConfigKeys (ConfUtils.java:logGet(44)) - raft.server.log.appender.install.snapshot.enabled = false (custom)
2020-05-22 21:02:27,111 [2484e415-5504-40d1-8ead-c46d206deb95@group-F4E35192C1A7-LeaderElection19] INFO  impl.RoleInfo (RoleInfo.java:updateAndGet(143)) - 2484e415-5504-40d1-8ead-c46d206deb95: start LeaderState
2020-05-22 21:02:27,111 [2484e415-5504-40d1-8ead-c46d206deb95@group-F4E35192C1A7-LeaderElection19] INFO  segmented.SegmentedRaftLogWorker (SegmentedRaftLogWorker.java:startLogSegment(391)) - 2484e415-5504-40d1-8ead-c46d206deb95@group-F4E35192C1A7-SegmentedRaftLogWorker: Starting segment from index:0
2020-05-22 21:02:27,112 [Thread-357] INFO  impl.FollowerState (FollowerState.java:run(108)) - f2bdfaa2-ada9-47f2-baba-68fb1582a464@group-402642E6913C-FollowerState: change to CANDIDATE, lastRpcTime:1014ms, electionTimeout:1006ms
2020-05-22 21:02:27,117 [Thread-357] INFO  impl.RoleInfo (RoleInfo.java:shutdownFollowerState(121)) - f2bdfaa2-ada9-47f2-baba-68fb1582a464: shutdown FollowerState
2020-05-22 21:02:27,117 [Thread-357] INFO  impl.RaftServerImpl (RaftServerImpl.java:setRole(173)) - f2bdfaa2-ada9-47f2-baba-68fb1582a464@group-402642E6913C: changes role from  FOLLOWER to CANDIDATE at term 1 for changeToCandidate
2020-05-22 21:02:27,117 [Thread-357] INFO  impl.RoleInfo (RoleInfo.java:updateAndGet(143)) - f2bdfaa2-ada9-47f2-baba-68fb1582a464: start LeaderElection
2020-05-22 21:02:27,114 [2484e415-5504-40d1-8ead-c46d206deb95@group-F4E35192C1A7-LeaderElection19] INFO  impl.RaftServerImpl (ServerState.java:setRaftConf(356)) - 2484e415-5504-40d1-8ead-c46d206deb95@group-F4E35192C1A7: set configuration 0: [2484e415-5504-40d1-8ead-c46d206deb95:172.17.0.2:45739, a3997db8-320d-4151-9902-06bffb7c93ac:172.17.0.2:38093, 0dacf195-f99f-4186-8388-cfc458ddcf69:172.17.0.2:40519], old=null at 0
2020-05-22 21:02:27,112 [2484e415-5504-40d1-8ead-c46d206deb95@group-F4E35192C1A7-SegmentedRaftLogWorker] INFO  segmented.SegmentedRaftLogWorker (SegmentedRaftLogWorker.java:execute(583)) - 2484e415-5504-40d1-8ead-c46d206deb95@group-F4E35192C1A7-SegmentedRaftLogWorker: created new log segment /github/workspace/mnt/ozone/hadoop-ozone/integration-test/target/test-dir/MiniOzoneClusterImpl-aeaef343-8586-4703-af18-3341d148064c/datanode-1/data/ratis/b8bc81e2-7c38-4433-8921-f4e35192c1a7/current/log_inprogress_0
2020-05-22 21:02:27,130 [grpc-default-executor-2] INFO  ratis.XceiverServerRatis (XceiverServerRatis.java:handleLeaderChangedNotification(762)) - Leader change notification received for group: group-F4E35192C1A7 with new leaderId: 2484e415-5504-40d1-8ead-c46d206deb95
2020-05-22 21:02:27,130 [grpc-default-executor-2] INFO  impl.RaftServerImpl (ServerState.java:setLeader(255)) - a3997db8-320d-4151-9902-06bffb7c93ac@group-F4E35192C1A7: change Leader from null to 2484e415-5504-40d1-8ead-c46d206deb95 at term 2 for appendEntries, leader elected after 2768ms
2020-05-22 21:02:27,130 [f2bdfaa2-ada9-47f2-baba-68fb1582a464@group-402642E6913C-LeaderElection20] INFO  impl.LeaderElection (LeaderElection.java:askForVotes(206)) - f2bdfaa2-ada9-47f2-baba-68fb1582a464@group-402642E6913C-LeaderElection20: begin an election at term 2 for -1: [ca65480a-af45-4754-bab7-1cb47c27def5:172.17.0.2:34187, 64c4e62d-3fa9-4daf-8209-3ca94e9bda72:172.17.0.2:38101, f2bdfaa2-ada9-47f2-baba-68fb1582a464:172.17.0.2:41705], old=null
2020-05-22 21:02:27,140 [grpc-default-executor-8] INFO  ratis.XceiverServerRatis (XceiverServerRatis.java:handleLeaderChangedNotification(762)) - Leader change notification received for group: group-F4E35192C1A7 with new leaderId: 2484e415-5504-40d1-8ead-c46d206deb95
2020-05-22 21:02:27,140 [grpc-default-executor-8] INFO  impl.RaftServerImpl (ServerState.java:setLeader(255)) - 0dacf195-f99f-4186-8388-cfc458ddcf69@group-F4E35192C1A7: change Leader from null to 2484e415-5504-40d1-8ead-c46d206deb95 at term 2 for appendEntries, leader elected after 2823ms
2020-05-22 21:02:27,154 [grpc-default-executor-8] INFO  impl.RaftServerImpl (ServerState.java:setRaftConf(356)) - 0dacf195-f99f-4186-8388-cfc458ddcf69@group-F4E35192C1A7: set configuration 0: [2484e415-5504-40d1-8ead-c46d206deb95:172.17.0.2:45739, a3997db8-320d-4151-9902-06bffb7c93ac:172.17.0.2:38093, 0dacf195-f99f-4186-8388-cfc458ddcf69:172.17.0.2:40519], old=null at 0
2020-05-22 21:02:27,154 [grpc-default-executor-8] INFO  segmented.SegmentedRaftLogWorker (SegmentedRaftLogWorker.java:startLogSegment(391)) - 0dacf195-f99f-4186-8388-cfc458ddcf69@group-F4E35192C1A7-SegmentedRaftLogWorker: Starting segment from index:0
2020-05-22 21:02:27,160 [grpc-default-executor-4] INFO  impl.RaftServerImpl (RaftServerImpl.java:setRole(173)) - ca65480a-af45-4754-bab7-1cb47c27def5@group-402642E6913C: changes role from  FOLLOWER to FOLLOWER at term 2 for recognizeCandidate:f2bdfaa2-ada9-47f2-baba-68fb1582a464
2020-05-22 21:02:27,160 [grpc-default-executor-4] INFO  impl.RoleInfo (RoleInfo.java:shutdownFollowerState(121)) - ca65480a-af45-4754-bab7-1cb47c27def5: shutdown FollowerState
2020-05-22 21:02:27,160 [grpc-default-executor-4] INFO  impl.RoleInfo (RoleInfo.java:updateAndGet(143)) - ca65480a-af45-4754-bab7-1cb47c27def5: start FollowerState
2020-05-22 21:02:27,160 [Thread-365] INFO  impl.FollowerState (FollowerState.java:run(117)) - ca65480a-af45-4754-bab7-1cb47c27def5@group-402642E6913C-FollowerState was interrupted: java.lang.InterruptedException: sleep interrupted
2020-05-22 21:02:27,162 [0dacf195-f99f-4186-8388-cfc458ddcf69@group-F4E35192C1A7-SegmentedRaftLogWorker] INFO  segmented.SegmentedRaftLogWorker (SegmentedRaftLogWorker.java:execute(583)) - 0dacf195-f99f-4186-8388-cfc458ddcf69@group-F4E35192C1A7-SegmentedRaftLogWorker: created new log segment /github/workspace/mnt/ozone/hadoop-ozone/integration-test/target/test-dir/MiniOzoneClusterImpl-aeaef343-8586-4703-af18-3341d148064c/datanode-0/data/ratis/b8bc81e2-7c38-4433-8921-f4e35192c1a7/current/log_inprogress_0
2020-05-22 21:02:27,164 [grpc-default-executor-2] INFO  impl.RaftServerImpl (ServerState.java:setRaftConf(356)) - a3997db8-320d-4151-9902-06bffb7c93ac@group-F4E35192C1A7: set configuration 0: [2484e415-5504-40d1-8ead-c46d206deb95:172.17.0.2:45739, a3997db8-320d-4151-9902-06bffb7c93ac:172.17.0.2:38093, 0dacf195-f99f-4186-8388-cfc458ddcf69:172.17.0.2:40519], old=null at 0
2020-05-22 21:02:27,164 [grpc-default-executor-2] INFO  segmented.SegmentedRaftLogWorker (SegmentedRaftLogWorker.java:startLogSegment(391)) - a3997db8-320d-4151-9902-06bffb7c93ac@group-F4E35192C1A7-SegmentedRaftLogWorker: Starting segment from index:0
2020-05-22 21:02:27,166 [a3997db8-320d-4151-9902-06bffb7c93ac@group-F4E35192C1A7-SegmentedRaftLogWorker] INFO  segmented.SegmentedRaftLogWorker (SegmentedRaftLogWorker.java:execute(583)) - a3997db8-320d-4151-9902-06bffb7c93ac@group-F4E35192C1A7-SegmentedRaftLogWorker: created new log segment /github/workspace/mnt/ozone/hadoop-ozone/integration-test/target/test-dir/MiniOzoneClusterImpl-aeaef343-8586-4703-af18-3341d148064c/datanode-2/data/ratis/b8bc81e2-7c38-4433-8921-f4e35192c1a7/current/log_inprogress_0
2020-05-22 21:02:27,166 [f2bdfaa2-ada9-47f2-baba-68fb1582a464@group-402642E6913C-LeaderElection20] INFO  impl.LeaderElection (LeaderElection.java:logAndReturn(61)) - f2bdfaa2-ada9-47f2-baba-68fb1582a464@group-402642E6913C-LeaderElection20: Election PASSED; received 1 response(s) [f2bdfaa2-ada9-47f2-baba-68fb1582a464<-ca65480a-af45-4754-bab7-1cb47c27def5#0:OK-t2] and 0 exception(s); f2bdfaa2-ada9-47f2-baba-68fb1582a464@group-402642E6913C:t2, leader=null, voted=f2bdfaa2-ada9-47f2-baba-68fb1582a464, raftlog=f2bdfaa2-ada9-47f2-baba-68fb1582a464@group-402642E6913C-SegmentedRaftLog:OPENED:c-1,f-1,i0, conf=-1: [ca65480a-af45-4754-bab7-1cb47c27def5:172.17.0.2:34187, 64c4e62d-3fa9-4daf-8209-3ca94e9bda72:172.17.0.2:38101, f2bdfaa2-ada9-47f2-baba-68fb1582a464:172.17.0.2:41705], old=null
2020-05-22 21:02:27,167 [f2bdfaa2-ada9-47f2-baba-68fb1582a464@group-402642E6913C-LeaderElection20] INFO  impl.RoleInfo (RoleInfo.java:shutdownLeaderElection(134)) - f2bdfaa2-ada9-47f2-baba-68fb1582a464: shutdown LeaderElection
2020-05-22 21:02:27,167 [f2bdfaa2-ada9-47f2-baba-68fb1582a464@group-402642E6913C-LeaderElection20] INFO  impl.RaftServerImpl (RaftServerImpl.java:setRole(173)) - f2bdfaa2-ada9-47f2-baba-68fb1582a464@group-402642E6913C: changes role from CANDIDATE to LEADER at term 2 for changeToLeader
2020-05-22 21:02:27,167 [f2bdfaa2-ada9-47f2-baba-68fb1582a464@group-402642E6913C-LeaderElection20] INFO  ratis.XceiverServerRatis (XceiverServerRatis.java:handleLeaderChangedNotification(762)) - Leader change notification received for group: group-402642E6913C with new leaderId: f2bdfaa2-ada9-47f2-baba-68fb1582a464
2020-05-22 21:02:27,167 [f2bdfaa2-ada9-47f2-baba-68fb1582a464@group-402642E6913C-LeaderElection20] INFO  impl.RaftServerImpl (ServerState.java:setLeader(255)) - f2bdfaa2-ada9-47f2-baba-68fb1582a464@group-402642E6913C: change Leader from null to f2bdfaa2-ada9-47f2-baba-68fb1582a464 at term 2 for becomeLeader, leader elected after 2722ms
2020-05-22 21:02:27,167 [f2bdfaa2-ada9-47f2-baba-68fb1582a464@group-402642E6913C-LeaderElection20] INFO  server.RaftServerConfigKeys (ConfUtils.java:logGet(44)) - raft.server.staging.catchup.gap = 1000 (default)
2020-05-22 21:02:27,167 [f2bdfaa2-ada9-47f2-baba-68fb1582a464@group-402642E6913C-LeaderElection20] INFO  server.RaftServerConfigKeys (ConfUtils.java:logGet(44)) - raft.server.rpc.sleep.time = 25ms (default)
2020-05-22 21:02:27,167 [f2bdfaa2-ada9-47f2-baba-68fb1582a464@group-402642E6913C-LeaderElection20] INFO  metrics.RatisMetrics (RatisMetrics.java:lambda$create$0(39)) - Creating Metrics Registry : ratis.log_appender.f2bdfaa2-ada9-47f2-baba-68fb1582a464@group-402642E6913C
2020-05-22 21:02:27,168 [f2bdfaa2-ada9-47f2-baba-68fb1582a464@group-402642E6913C-LeaderElection20] INFO  server.RaftServerConfigKeys (ConfUtils.java:logGet(44)) - raft.server.write.element-limit = 1024 (custom)
2020-05-22 21:02:27,168 [f2bdfaa2-ada9-47f2-baba-68fb1582a464@group-402642E6913C-LeaderElection20] INFO  server.RaftServerConfigKeys (ConfUtils.java:logGet(44)) - raft.server.write.byte-limit = 1073741824 (custom)
2020-05-22 21:02:27,168 [f2bdfaa2-ada9-47f2-baba-68fb1582a464@group-402642E6913C-LeaderElection20] INFO  server.RaftServerConfigKeys (ConfUtils.java:logGet(44)) - raft.server.watch.timeout = 3s (custom)
2020-05-22 21:02:27,168 [f2bdfaa2-ada9-47f2-baba-68fb1582a464@group-402642E6913C-LeaderElection20] INFO  server.RaftServerConfigKeys (ConfUtils.java:logGet(44)) - raft.server.watch.timeout.denomination = 1s (default)
2020-05-22 21:02:27,168 [f2bdfaa2-ada9-47f2-baba-68fb1582a464@group-402642E6913C-LeaderElection20] INFO  server.RaftServerConfigKeys (ConfUtils.java:logGet(44)) - raft.server.watch.element-limit = 65536 (default)
2020-05-22 21:02:27,168 [f2bdfaa2-ada9-47f2-baba-68fb1582a464@group-402642E6913C-LeaderElection20] INFO  server.RaftServerConfigKeys (ConfUtils.java:logGet(44)) - raft.server.log.appender.snapshot.chunk.size.max = 16MB (=16777216) (default)
2020-05-22 21:02:27,171 [grpc-default-executor-2] INFO  impl.RaftServerImpl (RaftServerImpl.java:setRole(173)) - 64c4e62d-3fa9-4daf-8209-3ca94e9bda72@group-402642E6913C: changes role from  FOLLOWER to FOLLOWER at term 2 for recognizeCandidate:f2bdfaa2-ada9-47f2-baba-68fb1582a464
2020-05-22 21:02:27,181 [grpc-default-executor-2] INFO  impl.RoleInfo (RoleInfo.java:shutdownFollowerState(121)) - 64c4e62d-3fa9-4daf-8209-3ca94e9bda72: shutdown FollowerState
2020-05-22 21:02:27,170 [EventQueue-PipelineReportForPipelineReportHandler] INFO  pipeline.PipelineStateManager (PipelineStateManager.java:openPipeline(131)) - Pipeline Pipeline[ Id: 23a7bbaf-54e2-4fd9-8428-402642e6913c, Nodes: f2bdfaa2-ada9-47f2-baba-68fb1582a464{ip: 172.17.0.2, host: b8e5eb7a950d, networkLocation: /rack1, certSerialId: null}64c4e62d-3fa9-4daf-8209-3ca94e9bda72{ip: 172.17.0.2, host: b8e5eb7a950d, networkLocation: /rack1, certSerialId: null}ca65480a-af45-4754-bab7-1cb47c27def5{ip: 172.17.0.2, host: b8e5eb7a950d, networkLocation: /rack1, certSerialId: null}, Type:RATIS, Factor:THREE, State:ALLOCATED, leaderId:f2bdfaa2-ada9-47f2-baba-68fb1582a464, CreationTimestamp2020-05-22T21:02:21.498Z] moved to OPEN state
2020-05-22 21:02:27,182 [Thread-366] INFO  impl.FollowerState (FollowerState.java:run(117)) - 64c4e62d-3fa9-4daf-8209-3ca94e9bda72@group-402642E6913C-FollowerState was interrupted: java.lang.InterruptedException: sleep interrupted
2020-05-22 21:02:27,181 [grpc-default-executor-2] INFO  impl.RoleInfo (RoleInfo.java:updateAndGet(143)) - 64c4e62d-3fa9-4daf-8209-3ca94e9bda72: start FollowerState
2020-05-22 21:02:27,182 [f2bdfaa2-ada9-47f2-baba-68fb1582a464@group-402642E6913C-LeaderElection20] INFO  server.RaftServerConfigKeys (ConfUtils.java:logGet(44)) - raft.server.log.appender.buffer.byte-limit = 33554432 (custom)
2020-05-22 21:02:27,183 [f2bdfaa2-ada9-47f2-baba-68fb1582a464@group-402642E6913C-LeaderElection20] INFO  server.RaftServerConfigKeys (ConfUtils.java:logGet(44)) - raft.server.log.appender.buffer.element-limit = 1 (custom)
2020-05-22 21:02:27,185 [f2bdfaa2-ada9-47f2-baba-68fb1582a464@group-402642E6913C-LeaderElection20] INFO  grpc.GrpcConfigKeys (ConfUtils.java:logGet(44)) - raft.grpc.server.leader.outstanding.appends.max = 128 (default)
2020-05-22 21:02:27,185 [f2bdfaa2-ada9-47f2-baba-68fb1582a464@group-402642E6913C-LeaderElection20] INFO  server.RaftServerConfigKeys (ConfUtils.java:logGet(44)) - raft.server.rpc.request.timeout = 3s (default)
2020-05-22 21:02:27,185 [f2bdfaa2-ada9-47f2-baba-68fb1582a464@group-402642E6913C-LeaderElection20] INFO  server.RaftServerConfigKeys (ConfUtils.java:logGet(44)) - raft.server.log.appender.install.snapshot.enabled = false (custom)
2020-05-22 21:02:27,186 [f2bdfaa2-ada9-47f2-baba-68fb1582a464@group-402642E6913C-LeaderElection20] INFO  server.RaftServerConfigKeys (ConfUtils.java:logGet(44)) - raft.server.log.appender.snapshot.chunk.size.max = 16MB (=16777216) (default)
2020-05-22 21:02:27,186 [f2bdfaa2-ada9-47f2-baba-68fb1582a464@group-402642E6913C-LeaderElection20] INFO  server.RaftServerConfigKeys (ConfUtils.java:logGet(44)) - raft.server.log.appender.buffer.byte-limit = 33554432 (custom)
2020-05-22 21:02:27,186 [f2bdfaa2-ada9-47f2-baba-68fb1582a464@group-402642E6913C-LeaderElection20] INFO  server.RaftServerConfigKeys (ConfUtils.java:logGet(44)) - raft.server.log.appender.buffer.element-limit = 1 (custom)
2020-05-22 21:02:27,186 [f2bdfaa2-ada9-47f2-baba-68fb1582a464@group-402642E6913C-LeaderElection20] INFO  grpc.GrpcConfigKeys (ConfUtils.java:logGet(44)) - raft.grpc.server.leader.outstanding.appends.max = 128 (default)
2020-05-22 21:02:27,187 [f2bdfaa2-ada9-47f2-baba-68fb1582a464@group-402642E6913C-LeaderElection20] INFO  server.RaftServerConfigKeys (ConfUtils.java:logGet(44)) - raft.server.rpc.request.timeout = 3s (default)
2020-05-22 21:02:27,187 [f2bdfaa2-ada9-47f2-baba-68fb1582a464@group-402642E6913C-LeaderElection20] INFO  server.RaftServerConfigKeys (ConfUtils.java:logGet(44)) - raft.server.log.appender.install.snapshot.enabled = false (custom)
2020-05-22 21:02:27,188 [f2bdfaa2-ada9-47f2-baba-68fb1582a464@group-402642E6913C-LeaderElection20] INFO  impl.RoleInfo (RoleInfo.java:updateAndGet(143)) - f2bdfaa2-ada9-47f2-baba-68fb1582a464: start LeaderState
2020-05-22 21:02:27,188 [f2bdfaa2-ada9-47f2-baba-68fb1582a464@group-402642E6913C-LeaderElection20] INFO  segmented.SegmentedRaftLogWorker (SegmentedRaftLogWorker.java:startLogSegment(391)) - f2bdfaa2-ada9-47f2-baba-68fb1582a464@group-402642E6913C-SegmentedRaftLogWorker: Starting segment from index:0
2020-05-22 21:02:27,212 [grpc-default-executor-4] INFO  ratis.XceiverServerRatis (XceiverServerRatis.java:handleLeaderChangedNotification(762)) - Leader change notification received for group: group-402642E6913C with new leaderId: f2bdfaa2-ada9-47f2-baba-68fb1582a464
2020-05-22 21:02:27,213 [grpc-default-executor-4] INFO  impl.RaftServerImpl (ServerState.java:setLeader(255)) - ca65480a-af45-4754-bab7-1cb47c27def5@group-402642E6913C: change Leader from null to f2bdfaa2-ada9-47f2-baba-68fb1582a464 at term 2 for appendEntries, leader elected after 2597ms
2020-05-22 21:02:27,213 [f2bdfaa2-ada9-47f2-baba-68fb1582a464@group-402642E6913C-LeaderElection20] INFO  impl.RaftServerImpl (ServerState.java:setRaftConf(356)) - f2bdfaa2-ada9-47f2-baba-68fb1582a464@group-402642E6913C: set configuration 0: [ca65480a-af45-4754-bab7-1cb47c27def5:172.17.0.2:34187, 64c4e62d-3fa9-4daf-8209-3ca94e9bda72:172.17.0.2:38101, f2bdfaa2-ada9-47f2-baba-68fb1582a464:172.17.0.2:41705], old=null at 0
2020-05-22 21:02:27,214 [f2bdfaa2-ada9-47f2-baba-68fb1582a464@group-402642E6913C-SegmentedRaftLogWorker] INFO  segmented.SegmentedRaftLogWorker (SegmentedRaftLogWorker.java:execute(583)) - f2bdfaa2-ada9-47f2-baba-68fb1582a464@group-402642E6913C-SegmentedRaftLogWorker: created new log segment /github/workspace/mnt/ozone/hadoop-ozone/integration-test/target/test-dir/MiniOzoneClusterImpl-aeaef343-8586-4703-af18-3341d148064c/datanode-3/data/ratis/23a7bbaf-54e2-4fd9-8428-402642e6913c/current/log_inprogress_0
2020-05-22 21:02:27,217 [grpc-default-executor-2] INFO  ratis.XceiverServerRatis (XceiverServerRatis.java:handleLeaderChangedNotification(762)) - Leader change notification received for group: group-402642E6913C with new leaderId: f2bdfaa2-ada9-47f2-baba-68fb1582a464
2020-05-22 21:02:27,217 [grpc-default-executor-2] INFO  impl.RaftServerImpl (ServerState.java:setLeader(255)) - 64c4e62d-3fa9-4daf-8209-3ca94e9bda72@group-402642E6913C: change Leader from null to f2bdfaa2-ada9-47f2-baba-68fb1582a464 at term 2 for appendEntries, leader elected after 2703ms
2020-05-22 21:02:27,218 [grpc-default-executor-4] INFO  impl.RaftServerImpl (ServerState.java:setRaftConf(356)) - ca65480a-af45-4754-bab7-1cb47c27def5@group-402642E6913C: set configuration 0: [ca65480a-af45-4754-bab7-1cb47c27def5:172.17.0.2:34187, 64c4e62d-3fa9-4daf-8209-3ca94e9bda72:172.17.0.2:38101, f2bdfaa2-ada9-47f2-baba-68fb1582a464:172.17.0.2:41705], old=null at 0
2020-05-22 21:02:27,218 [grpc-default-executor-4] INFO  segmented.SegmentedRaftLogWorker (SegmentedRaftLogWorker.java:startLogSegment(391)) - ca65480a-af45-4754-bab7-1cb47c27def5@group-402642E6913C-SegmentedRaftLogWorker: Starting segment from index:0
2020-05-22 21:02:27,221 [ca65480a-af45-4754-bab7-1cb47c27def5@group-402642E6913C-SegmentedRaftLogWorker] INFO  segmented.SegmentedRaftLogWorker (SegmentedRaftLogWorker.java:execute(583)) - ca65480a-af45-4754-bab7-1cb47c27def5@group-402642E6913C-SegmentedRaftLogWorker: created new log segment /github/workspace/mnt/ozone/hadoop-ozone/integration-test/target/test-dir/MiniOzoneClusterImpl-aeaef343-8586-4703-af18-3341d148064c/datanode-5/data/ratis/23a7bbaf-54e2-4fd9-8428-402642e6913c/current/log_inprogress_0
2020-05-22 21:02:27,221 [grpc-default-executor-2] INFO  impl.RaftServerImpl (ServerState.java:setRaftConf(356)) - 64c4e62d-3fa9-4daf-8209-3ca94e9bda72@group-402642E6913C: set configuration 0: [ca65480a-af45-4754-bab7-1cb47c27def5:172.17.0.2:34187, 64c4e62d-3fa9-4daf-8209-3ca94e9bda72:172.17.0.2:38101, f2bdfaa2-ada9-47f2-baba-68fb1582a464:172.17.0.2:41705], old=null at 0
2020-05-22 21:02:27,221 [grpc-default-executor-2] INFO  segmented.SegmentedRaftLogWorker (SegmentedRaftLogWorker.java:startLogSegment(391)) - 64c4e62d-3fa9-4daf-8209-3ca94e9bda72@group-402642E6913C-SegmentedRaftLogWorker: Starting segment from index:0
2020-05-22 21:02:27,222 [64c4e62d-3fa9-4daf-8209-3ca94e9bda72@group-402642E6913C-SegmentedRaftLogWorker] INFO  segmented.SegmentedRaftLogWorker (SegmentedRaftLogWorker.java:execute(583)) - 64c4e62d-3fa9-4daf-8209-3ca94e9bda72@group-402642E6913C-SegmentedRaftLogWorker: created new log segment /github/workspace/mnt/ozone/hadoop-ozone/integration-test/target/test-dir/MiniOzoneClusterImpl-aeaef343-8586-4703-af18-3341d148064c/datanode-4/data/ratis/23a7bbaf-54e2-4fd9-8428-402642e6913c/current/log_inprogress_0
2020-05-22 21:02:27,415 [Thread-374] INFO  impl.FollowerState (FollowerState.java:run(108)) - b4cee484-4d20-4d73-ba0e-c1d545d3b234@group-86CFD4FF3404-FollowerState: change to CANDIDATE, lastRpcTime:1194ms, electionTimeout:1185ms
2020-05-22 21:02:27,415 [Thread-374] INFO  impl.RoleInfo (RoleInfo.java:shutdownFollowerState(121)) - b4cee484-4d20-4d73-ba0e-c1d545d3b234: shutdown FollowerState
2020-05-22 21:02:27,415 [Thread-374] INFO  impl.RaftServerImpl (RaftServerImpl.java:setRole(173)) - b4cee484-4d20-4d73-ba0e-c1d545d3b234@group-86CFD4FF3404: changes role from  FOLLOWER to CANDIDATE at term 2 for changeToCandidate
2020-05-22 21:02:27,416 [Thread-374] INFO  impl.RoleInfo (RoleInfo.java:updateAndGet(143)) - b4cee484-4d20-4d73-ba0e-c1d545d3b234: start LeaderElection
2020-05-22 21:02:27,417 [b4cee484-4d20-4d73-ba0e-c1d545d3b234@group-86CFD4FF3404-LeaderElection21] INFO  impl.LeaderElection (LeaderElection.java:askForVotes(206)) - b4cee484-4d20-4d73-ba0e-c1d545d3b234@group-86CFD4FF3404-LeaderElection21: begin an election at term 3 for -1: [b4cee484-4d20-4d73-ba0e-c1d545d3b234:172.17.0.2:33307, 5abe4e47-48d4-4bed-b79b-0afa624f904e:172.17.0.2:41019, c918de7f-ef30-4f8b-9922-6cd8c5b8891b:172.17.0.2:46273], old=null
2020-05-22 21:02:27,422 [grpc-default-executor-2] INFO  impl.RaftServerImpl (RaftServerImpl.java:setRole(173)) - 5abe4e47-48d4-4bed-b79b-0afa624f904e@group-86CFD4FF3404: changes role from  FOLLOWER to FOLLOWER at term 3 for recognizeCandidate:b4cee484-4d20-4d73-ba0e-c1d545d3b234
2020-05-22 21:02:27,422 [grpc-default-executor-2] INFO  impl.RoleInfo (RoleInfo.java:shutdownFollowerState(121)) - 5abe4e47-48d4-4bed-b79b-0afa624f904e: shutdown FollowerState
2020-05-22 21:02:27,422 [grpc-default-executor-2] INFO  impl.RoleInfo (RoleInfo.java:updateAndGet(143)) - 5abe4e47-48d4-4bed-b79b-0afa624f904e: start FollowerState
2020-05-22 21:02:27,422 [Thread-381] INFO  impl.FollowerState (FollowerState.java:run(117)) - 5abe4e47-48d4-4bed-b79b-0afa624f904e@group-86CFD4FF3404-FollowerState was interrupted: java.lang.InterruptedException: sleep interrupted
2020-05-22 21:02:27,426 [grpc-default-executor-4] INFO  impl.RaftServerImpl (RaftServerImpl.java:setRole(173)) - c918de7f-ef30-4f8b-9922-6cd8c5b8891b@group-86CFD4FF3404: changes role from  FOLLOWER to FOLLOWER at term 3 for recognizeCandidate:b4cee484-4d20-4d73-ba0e-c1d545d3b234
2020-05-22 21:02:27,426 [grpc-default-executor-4] INFO  impl.RoleInfo (RoleInfo.java:shutdownFollowerState(121)) - c918de7f-ef30-4f8b-9922-6cd8c5b8891b: shutdown FollowerState
2020-05-22 21:02:27,426 [grpc-default-executor-4] INFO  impl.RoleInfo (RoleInfo.java:updateAndGet(143)) - c918de7f-ef30-4f8b-9922-6cd8c5b8891b: start FollowerState
2020-05-22 21:02:27,427 [Thread-384] INFO  impl.FollowerState (FollowerState.java:run(117)) - c918de7f-ef30-4f8b-9922-6cd8c5b8891b@group-86CFD4FF3404-FollowerState was interrupted: java.lang.InterruptedException: sleep interrupted
2020-05-22 21:02:27,439 [b4cee484-4d20-4d73-ba0e-c1d545d3b234@group-86CFD4FF3404-LeaderElection21] INFO  impl.LeaderElection (LeaderElection.java:logAndReturn(61)) - b4cee484-4d20-4d73-ba0e-c1d545d3b234@group-86CFD4FF3404-LeaderElection21: Election REJECTED; received 2 response(s) [b4cee484-4d20-4d73-ba0e-c1d545d3b234<-5abe4e47-48d4-4bed-b79b-0afa624f904e#0:FAIL-t3, b4cee484-4d20-4d73-ba0e-c1d545d3b234<-c918de7f-ef30-4f8b-9922-6cd8c5b8891b#0:FAIL-t3] and 0 exception(s); b4cee484-4d20-4d73-ba0e-c1d545d3b234@group-86CFD4FF3404:t3, leader=null, voted=b4cee484-4d20-4d73-ba0e-c1d545d3b234, raftlog=b4cee484-4d20-4d73-ba0e-c1d545d3b234@group-86CFD4FF3404-SegmentedRaftLog:OPENED:c-1,f-1,i0, conf=-1: [b4cee484-4d20-4d73-ba0e-c1d545d3b234:172.17.0.2:33307, 5abe4e47-48d4-4bed-b79b-0afa624f904e:172.17.0.2:41019, c918de7f-ef30-4f8b-9922-6cd8c5b8891b:172.17.0.2:46273], old=null
2020-05-22 21:02:27,439 [b4cee484-4d20-4d73-ba0e-c1d545d3b234@group-86CFD4FF3404-LeaderElection21] INFO  impl.RaftServerImpl (RaftServerImpl.java:setRole(173)) - b4cee484-4d20-4d73-ba0e-c1d545d3b234@group-86CFD4FF3404: changes role from CANDIDATE to FOLLOWER at term 3 for DISCOVERED_A_NEW_TERM
2020-05-22 21:02:27,439 [b4cee484-4d20-4d73-ba0e-c1d545d3b234@group-86CFD4FF3404-LeaderElection21] INFO  impl.RoleInfo (RoleInfo.java:shutdownLeaderElection(134)) - b4cee484-4d20-4d73-ba0e-c1d545d3b234: shutdown LeaderElection
2020-05-22 21:02:27,439 [b4cee484-4d20-4d73-ba0e-c1d545d3b234@group-86CFD4FF3404-LeaderElection21] INFO  impl.RoleInfo (RoleInfo.java:updateAndGet(143)) - b4cee484-4d20-4d73-ba0e-c1d545d3b234: start FollowerState
2020-05-22 21:02:27,524 [Listener at 127.0.0.1/42845] INFO  rpc.RpcClient (RpcClient.java:createVolume(308)) - Creating Volume: datanodefailurehandlingtest, with jenkins1001 as owner.
2020-05-22 21:02:27,594 [IPC Server handler 10 on default port 42845] INFO  volume.OMVolumeCreateRequest (OMVolumeCreateRequest.java:validateAndUpdateCache(204)) - created volume:datanodefailurehandlingtest for user:jenkins1001
2020-05-22 21:02:27,651 [Listener at 127.0.0.1/42845] INFO  rpc.RpcClient (RpcClient.java:createBucket(448)) - Creating Bucket: datanodefailurehandlingtest/datanodefailurehandlingtest, with Versioning false and Storage Type set to DISK and Encryption set to false 
2020-05-22 21:02:27,830 [Listener at 127.0.0.1/42845] INFO  impl.MetricsSystemImpl (MetricsSystemImpl.java:init(158)) - XceiverClientMetrics metrics system started (again)
2020-05-22 21:02:28,523 [Thread-415] INFO  impl.FollowerState (FollowerState.java:run(108)) - 5abe4e47-48d4-4bed-b79b-0afa624f904e@group-86CFD4FF3404-FollowerState: change to CANDIDATE, lastRpcTime:1100ms, electionTimeout:1099ms
2020-05-22 21:02:28,523 [Thread-415] INFO  impl.RoleInfo (RoleInfo.java:shutdownFollowerState(121)) - 5abe4e47-48d4-4bed-b79b-0afa624f904e: shutdown FollowerState
2020-05-22 21:02:28,523 [Thread-415] INFO  impl.RaftServerImpl (RaftServerImpl.java:setRole(173)) - 5abe4e47-48d4-4bed-b79b-0afa624f904e@group-86CFD4FF3404: changes role from  FOLLOWER to CANDIDATE at term 3 for changeToCandidate
2020-05-22 21:02:28,523 [Thread-415] INFO  impl.RoleInfo (RoleInfo.java:updateAndGet(143)) - 5abe4e47-48d4-4bed-b79b-0afa624f904e: start LeaderElection
2020-05-22 21:02:28,526 [5abe4e47-48d4-4bed-b79b-0afa624f904e@group-86CFD4FF3404-LeaderElection22] INFO  impl.LeaderElection (LeaderElection.java:askForVotes(206)) - 5abe4e47-48d4-4bed-b79b-0afa624f904e@group-86CFD4FF3404-LeaderElection22: begin an election at term 4 for 0: [b4cee484-4d20-4d73-ba0e-c1d545d3b234:172.17.0.2:33307, 5abe4e47-48d4-4bed-b79b-0afa624f904e:172.17.0.2:41019, c918de7f-ef30-4f8b-9922-6cd8c5b8891b:172.17.0.2:46273], old=null
2020-05-22 21:02:28,555 [Thread-417] INFO  impl.FollowerState (FollowerState.java:run(108)) - b4cee484-4d20-4d73-ba0e-c1d545d3b234@group-86CFD4FF3404-FollowerState: change to CANDIDATE, lastRpcTime:1115ms, electionTimeout:1093ms
2020-05-22 21:02:28,555 [Thread-417] INFO  impl.RoleInfo (RoleInfo.java:shutdownFollowerState(121)) - b4cee484-4d20-4d73-ba0e-c1d545d3b234: shutdown FollowerState
2020-05-22 21:02:28,555 [Thread-417] INFO  impl.RaftServerImpl (RaftServerImpl.java:setRole(173)) - b4cee484-4d20-4d73-ba0e-c1d545d3b234@group-86CFD4FF3404: changes role from  FOLLOWER to CANDIDATE at term 3 for changeToCandidate
2020-05-22 21:02:28,555 [Thread-417] INFO  impl.RoleInfo (RoleInfo.java:updateAndGet(143)) - b4cee484-4d20-4d73-ba0e-c1d545d3b234: start LeaderElection
2020-05-22 21:02:28,571 [grpc-default-executor-4] INFO  impl.RaftServerImpl (RaftServerImpl.java:setRole(173)) - c918de7f-ef30-4f8b-9922-6cd8c5b8891b@group-86CFD4FF3404: changes role from  FOLLOWER to FOLLOWER at term 4 for recognizeCandidate:5abe4e47-48d4-4bed-b79b-0afa624f904e
2020-05-22 21:02:28,571 [grpc-default-executor-4] INFO  impl.RoleInfo (RoleInfo.java:shutdownFollowerState(121)) - c918de7f-ef30-4f8b-9922-6cd8c5b8891b: shutdown FollowerState
2020-05-22 21:02:28,571 [grpc-default-executor-4] INFO  impl.RoleInfo (RoleInfo.java:updateAndGet(143)) - c918de7f-ef30-4f8b-9922-6cd8c5b8891b: start FollowerState
2020-05-22 21:02:28,571 [Thread-416] INFO  impl.FollowerState (FollowerState.java:run(117)) - c918de7f-ef30-4f8b-9922-6cd8c5b8891b@group-86CFD4FF3404-FollowerState was interrupted: java.lang.InterruptedException: sleep interrupted
2020-05-22 21:02:28,577 [b4cee484-4d20-4d73-ba0e-c1d545d3b234@group-86CFD4FF3404-LeaderElection23] INFO  impl.LeaderElection (LeaderElection.java:askForVotes(206)) - b4cee484-4d20-4d73-ba0e-c1d545d3b234@group-86CFD4FF3404-LeaderElection23: begin an election at term 4 for -1: [b4cee484-4d20-4d73-ba0e-c1d545d3b234:172.17.0.2:33307, 5abe4e47-48d4-4bed-b79b-0afa624f904e:172.17.0.2:41019, c918de7f-ef30-4f8b-9922-6cd8c5b8891b:172.17.0.2:46273], old=null
2020-05-22 21:02:28,597 [5abe4e47-48d4-4bed-b79b-0afa624f904e@group-86CFD4FF3404-LeaderElection22] INFO  impl.LeaderElection (LeaderElection.java:logAndReturn(61)) - 5abe4e47-48d4-4bed-b79b-0afa624f904e@group-86CFD4FF3404-LeaderElection22: Election PASSED; received 1 response(s) [5abe4e47-48d4-4bed-b79b-0afa624f904e<-c918de7f-ef30-4f8b-9922-6cd8c5b8891b#0:OK-t4] and 0 exception(s); 5abe4e47-48d4-4bed-b79b-0afa624f904e@group-86CFD4FF3404:t4, leader=null, voted=5abe4e47-48d4-4bed-b79b-0afa624f904e, raftlog=5abe4e47-48d4-4bed-b79b-0afa624f904e@group-86CFD4FF3404-SegmentedRaftLog:OPENED:c0,f0,i0, conf=0: [b4cee484-4d20-4d73-ba0e-c1d545d3b234:172.17.0.2:33307, 5abe4e47-48d4-4bed-b79b-0afa624f904e:172.17.0.2:41019, c918de7f-ef30-4f8b-9922-6cd8c5b8891b:172.17.0.2:46273], old=null
2020-05-22 21:02:28,597 [5abe4e47-48d4-4bed-b79b-0afa624f904e@group-86CFD4FF3404-LeaderElection22] INFO  impl.RoleInfo (RoleInfo.java:shutdownLeaderElection(134)) - 5abe4e47-48d4-4bed-b79b-0afa624f904e: shutdown LeaderElection
2020-05-22 21:02:28,597 [5abe4e47-48d4-4bed-b79b-0afa624f904e@group-86CFD4FF3404-LeaderElection22] INFO  impl.RaftServerImpl (RaftServerImpl.java:setRole(173)) - 5abe4e47-48d4-4bed-b79b-0afa624f904e@group-86CFD4FF3404: changes role from CANDIDATE to LEADER at term 4 for changeToLeader
2020-05-22 21:02:28,598 [5abe4e47-48d4-4bed-b79b-0afa624f904e@group-86CFD4FF3404-LeaderElection22] INFO  ratis.XceiverServerRatis (XceiverServerRatis.java:handleLeaderChangedNotification(762)) - Leader change notification received for group: group-86CFD4FF3404 with new leaderId: 5abe4e47-48d4-4bed-b79b-0afa624f904e
2020-05-22 21:02:28,598 [5abe4e47-48d4-4bed-b79b-0afa624f904e@group-86CFD4FF3404-LeaderElection22] INFO  impl.RaftServerImpl (ServerState.java:setLeader(255)) - 5abe4e47-48d4-4bed-b79b-0afa624f904e@group-86CFD4FF3404: change Leader from null to 5abe4e47-48d4-4bed-b79b-0afa624f904e at term 4 for becomeLeader, leader elected after 2296ms
2020-05-22 21:02:28,598 [5abe4e47-48d4-4bed-b79b-0afa624f904e@group-86CFD4FF3404-LeaderElection22] INFO  server.RaftServerConfigKeys (ConfUtils.java:logGet(44)) - raft.server.staging.catchup.gap = 1000 (default)
2020-05-22 21:02:28,598 [5abe4e47-48d4-4bed-b79b-0afa624f904e@group-86CFD4FF3404-LeaderElection22] INFO  server.RaftServerConfigKeys (ConfUtils.java:logGet(44)) - raft.server.rpc.sleep.time = 25ms (default)
2020-05-22 21:02:28,598 [5abe4e47-48d4-4bed-b79b-0afa624f904e@group-86CFD4FF3404-LeaderElection22] INFO  metrics.RatisMetrics (RatisMetrics.java:lambda$create$0(39)) - Creating Metrics Registry : ratis.log_appender.5abe4e47-48d4-4bed-b79b-0afa624f904e@group-86CFD4FF3404
2020-05-22 21:02:28,598 [5abe4e47-48d4-4bed-b79b-0afa624f904e@group-86CFD4FF3404-LeaderElection22] INFO  server.RaftServerConfigKeys (ConfUtils.java:logGet(44)) - raft.server.write.element-limit = 1024 (custom)
2020-05-22 21:02:28,598 [5abe4e47-48d4-4bed-b79b-0afa624f904e@group-86CFD4FF3404-LeaderElection22] INFO  server.RaftServerConfigKeys (ConfUtils.java:logGet(44)) - raft.server.write.byte-limit = 1073741824 (custom)
2020-05-22 21:02:28,599 [5abe4e47-48d4-4bed-b79b-0afa624f904e@group-86CFD4FF3404-LeaderElection22] INFO  server.RaftServerConfigKeys (ConfUtils.java:logGet(44)) - raft.server.watch.timeout = 3s (custom)
2020-05-22 21:02:28,599 [5abe4e47-48d4-4bed-b79b-0afa624f904e@group-86CFD4FF3404-LeaderElection22] INFO  server.RaftServerConfigKeys (ConfUtils.java:logGet(44)) - raft.server.watch.timeout.denomination = 1s (default)
2020-05-22 21:02:28,599 [5abe4e47-48d4-4bed-b79b-0afa624f904e@group-86CFD4FF3404-LeaderElection22] INFO  server.RaftServerConfigKeys (ConfUtils.java:logGet(44)) - raft.server.watch.element-limit = 65536 (default)
2020-05-22 21:02:28,599 [5abe4e47-48d4-4bed-b79b-0afa624f904e@group-86CFD4FF3404-LeaderElection22] INFO  server.RaftServerConfigKeys (ConfUtils.java:logGet(44)) - raft.server.log.appender.snapshot.chunk.size.max = 16MB (=16777216) (default)
2020-05-22 21:02:28,599 [5abe4e47-48d4-4bed-b79b-0afa624f904e@group-86CFD4FF3404-LeaderElection22] INFO  server.RaftServerConfigKeys (ConfUtils.java:logGet(44)) - raft.server.log.appender.buffer.byte-limit = 33554432 (custom)
2020-05-22 21:02:28,599 [5abe4e47-48d4-4bed-b79b-0afa624f904e@group-86CFD4FF3404-LeaderElection22] INFO  server.RaftServerConfigKeys (ConfUtils.java:logGet(44)) - raft.server.log.appender.buffer.element-limit = 1 (custom)
2020-05-22 21:02:28,599 [5abe4e47-48d4-4bed-b79b-0afa624f904e@group-86CFD4FF3404-LeaderElection22] INFO  grpc.GrpcConfigKeys (ConfUtils.java:logGet(44)) - raft.grpc.server.leader.outstanding.appends.max = 128 (default)
2020-05-22 21:02:28,599 [5abe4e47-48d4-4bed-b79b-0afa624f904e@group-86CFD4FF3404-LeaderElection22] INFO  server.RaftServerConfigKeys (ConfUtils.java:logGet(44)) - raft.server.rpc.request.timeout = 3s (default)
2020-05-22 21:02:28,599 [5abe4e47-48d4-4bed-b79b-0afa624f904e@group-86CFD4FF3404-LeaderElection22] INFO  server.RaftServerConfigKeys (ConfUtils.java:logGet(44)) - raft.server.log.appender.install.snapshot.enabled = false (custom)
2020-05-22 21:02:28,601 [5abe4e47-48d4-4bed-b79b-0afa624f904e@group-86CFD4FF3404-LeaderElection22] INFO  server.RaftServerConfigKeys (ConfUtils.java:logGet(44)) - raft.server.log.appender.snapshot.chunk.size.max = 16MB (=16777216) (default)
2020-05-22 21:02:28,602 [5abe4e47-48d4-4bed-b79b-0afa624f904e@group-86CFD4FF3404-LeaderElection22] INFO  server.RaftServerConfigKeys (ConfUtils.java:logGet(44)) - raft.server.log.appender.buffer.byte-limit = 33554432 (custom)
2020-05-22 21:02:28,602 [5abe4e47-48d4-4bed-b79b-0afa624f904e@group-86CFD4FF3404-LeaderElection22] INFO  server.RaftServerConfigKeys (ConfUtils.java:logGet(44)) - raft.server.log.appender.buffer.element-limit = 1 (custom)
2020-05-22 21:02:28,602 [5abe4e47-48d4-4bed-b79b-0afa624f904e@group-86CFD4FF3404-LeaderElection22] INFO  grpc.GrpcConfigKeys (ConfUtils.java:logGet(44)) - raft.grpc.server.leader.outstanding.appends.max = 128 (default)
2020-05-22 21:02:28,602 [5abe4e47-48d4-4bed-b79b-0afa624f904e@group-86CFD4FF3404-LeaderElection22] INFO  server.RaftServerConfigKeys (ConfUtils.java:logGet(44)) - raft.server.rpc.request.timeout = 3s (default)
2020-05-22 21:02:28,602 [5abe4e47-48d4-4bed-b79b-0afa624f904e@group-86CFD4FF3404-LeaderElection22] INFO  server.RaftServerConfigKeys (ConfUtils.java:logGet(44)) - raft.server.log.appender.install.snapshot.enabled = false (custom)
2020-05-22 21:02:28,603 [5abe4e47-48d4-4bed-b79b-0afa624f904e@group-86CFD4FF3404-LeaderElection22] INFO  impl.RoleInfo (RoleInfo.java:updateAndGet(143)) - 5abe4e47-48d4-4bed-b79b-0afa624f904e: start LeaderState
2020-05-22 21:02:28,604 [5abe4e47-48d4-4bed-b79b-0afa624f904e@group-86CFD4FF3404-LeaderElection22] INFO  segmented.SegmentedRaftLogWorker (SegmentedRaftLogWorker.java:rollLogSegment(396)) - 5abe4e47-48d4-4bed-b79b-0afa624f904e@group-86CFD4FF3404-SegmentedRaftLogWorker: Rolling segment log-0_0 to index:0
2020-05-22 21:02:28,607 [5abe4e47-48d4-4bed-b79b-0afa624f904e@group-86CFD4FF3404-SegmentedRaftLogWorker] INFO  segmented.SegmentedRaftLogWorker (SegmentedRaftLogWorker.java:execute(541)) - 5abe4e47-48d4-4bed-b79b-0afa624f904e@group-86CFD4FF3404-SegmentedRaftLogWorker: Rolled log segment from /github/workspace/mnt/ozone/hadoop-ozone/integration-test/target/test-dir/MiniOzoneClusterImpl-aeaef343-8586-4703-af18-3341d148064c/datanode-6/data/ratis/70b00f91-67e1-47a3-aec0-86cfd4ff3404/current/log_inprogress_0 to /github/workspace/mnt/ozone/hadoop-ozone/integration-test/target/test-dir/MiniOzoneClusterImpl-aeaef343-8586-4703-af18-3341d148064c/datanode-6/data/ratis/70b00f91-67e1-47a3-aec0-86cfd4ff3404/current/log_0-0
2020-05-22 21:02:28,611 [5abe4e47-48d4-4bed-b79b-0afa624f904e@group-86CFD4FF3404-LeaderElection22] INFO  impl.RaftServerImpl (ServerState.java:setRaftConf(356)) - 5abe4e47-48d4-4bed-b79b-0afa624f904e@group-86CFD4FF3404: set configuration 1: [b4cee484-4d20-4d73-ba0e-c1d545d3b234:172.17.0.2:33307, 5abe4e47-48d4-4bed-b79b-0afa624f904e:172.17.0.2:41019, c918de7f-ef30-4f8b-9922-6cd8c5b8891b:172.17.0.2:46273], old=null at 1
2020-05-22 21:02:28,619 [5abe4e47-48d4-4bed-b79b-0afa624f904e@group-86CFD4FF3404-SegmentedRaftLogWorker] INFO  segmented.SegmentedRaftLogWorker (SegmentedRaftLogWorker.java:execute(583)) - 5abe4e47-48d4-4bed-b79b-0afa624f904e@group-86CFD4FF3404-SegmentedRaftLogWorker: created new log segment /github/workspace/mnt/ozone/hadoop-ozone/integration-test/target/test-dir/MiniOzoneClusterImpl-aeaef343-8586-4703-af18-3341d148064c/datanode-6/data/ratis/70b00f91-67e1-47a3-aec0-86cfd4ff3404/current/log_inprogress_1
2020-05-22 21:02:28,620 [grpc-default-executor-8] INFO  impl.RaftServerImpl (RaftServerImpl.java:setRole(173)) - b4cee484-4d20-4d73-ba0e-c1d545d3b234@group-86CFD4FF3404: changes role from CANDIDATE to FOLLOWER at term 4 for appendEntries
2020-05-22 21:02:28,620 [grpc-default-executor-8] INFO  impl.RoleInfo (RoleInfo.java:shutdownLeaderElection(134)) - b4cee484-4d20-4d73-ba0e-c1d545d3b234: shutdown LeaderElection
2020-05-22 21:02:28,621 [grpc-default-executor-8] INFO  impl.RoleInfo (RoleInfo.java:updateAndGet(143)) - b4cee484-4d20-4d73-ba0e-c1d545d3b234: start FollowerState
2020-05-22 21:02:28,622 [grpc-default-executor-2] INFO  ratis.XceiverServerRatis (XceiverServerRatis.java:handleLeaderChangedNotification(762)) - Leader change notification received for group: group-86CFD4FF3404 with new leaderId: 5abe4e47-48d4-4bed-b79b-0afa624f904e
2020-05-22 21:02:28,622 [grpc-default-executor-2] INFO  impl.RaftServerImpl (ServerState.java:setLeader(255)) - c918de7f-ef30-4f8b-9922-6cd8c5b8891b@group-86CFD4FF3404: change Leader from null to 5abe4e47-48d4-4bed-b79b-0afa624f904e at term 4 for appendEntries, leader elected after 2233ms
2020-05-22 21:02:28,626 [grpc-default-executor-8] INFO  ratis.XceiverServerRatis (XceiverServerRatis.java:handleLeaderChangedNotification(762)) - Leader change notification received for group: group-86CFD4FF3404 with new leaderId: 5abe4e47-48d4-4bed-b79b-0afa624f904e
2020-05-22 21:02:28,626 [grpc-default-executor-8] INFO  impl.RaftServerImpl (ServerState.java:setLeader(255)) - b4cee484-4d20-4d73-ba0e-c1d545d3b234@group-86CFD4FF3404: change Leader from null to 5abe4e47-48d4-4bed-b79b-0afa624f904e at term 4 for appendEntries, leader elected after 3555ms
2020-05-22 21:02:28,626 [grpc-default-executor-8] INFO  impl.RaftServerImpl (RaftServerImpl.java:checkInconsistentAppendEntries(1078)) - b4cee484-4d20-4d73-ba0e-c1d545d3b234@group-86CFD4FF3404: Failed appendEntries as previous log entry ((t:1, i:0)) is not found
2020-05-22 21:02:28,627 [grpc-default-executor-8] INFO  impl.RaftServerImpl (RaftServerImpl.java:checkInconsistentAppendEntries(1044)) - b4cee484-4d20-4d73-ba0e-c1d545d3b234@group-86CFD4FF3404: inconsistency entries. Reply:5abe4e47-48d4-4bed-b79b-0afa624f904e<-b4cee484-4d20-4d73-ba0e-c1d545d3b234#0:FAIL,INCONSISTENCY,nextIndex:0,term:4,followerCommit:-1
2020-05-22 21:02:28,626 [grpc-default-executor-4] INFO  impl.RaftServerImpl (RaftServerImpl.java:requestVote(818)) - 5abe4e47-48d4-4bed-b79b-0afa624f904e@group-86CFD4FF3404-   LEADER: Withhold vote from candidate b4cee484-4d20-4d73-ba0e-c1d545d3b234 with term 4. State: leader=5abe4e47-48d4-4bed-b79b-0afa624f904e, term=4, lastRpcElapsed=null
2020-05-22 21:02:28,629 [grpc-default-executor-8] INFO  impl.RaftServerImpl (RaftServerImpl.java:checkInconsistentAppendEntries(1078)) - b4cee484-4d20-4d73-ba0e-c1d545d3b234@group-86CFD4FF3404: Failed appendEntries as previous log entry ((t:1, i:0)) is not found
2020-05-22 21:02:28,629 [grpc-default-executor-8] INFO  impl.RaftServerImpl (RaftServerImpl.java:checkInconsistentAppendEntries(1044)) - b4cee484-4d20-4d73-ba0e-c1d545d3b234@group-86CFD4FF3404: inconsistency entries. Reply:5abe4e47-48d4-4bed-b79b-0afa624f904e<-b4cee484-4d20-4d73-ba0e-c1d545d3b234#1:FAIL,INCONSISTENCY,nextIndex:0,term:4,followerCommit:-1
2020-05-22 21:02:28,636 [grpc-default-executor-2] INFO  impl.RaftServerImpl (ServerState.java:setRaftConf(356)) - c918de7f-ef30-4f8b-9922-6cd8c5b8891b@group-86CFD4FF3404: set configuration 1: [b4cee484-4d20-4d73-ba0e-c1d545d3b234:172.17.0.2:33307, 5abe4e47-48d4-4bed-b79b-0afa624f904e:172.17.0.2:41019, c918de7f-ef30-4f8b-9922-6cd8c5b8891b:172.17.0.2:46273], old=null at 1
2020-05-22 21:02:28,636 [grpc-default-executor-2] INFO  segmented.SegmentedRaftLogWorker (SegmentedRaftLogWorker.java:rollLogSegment(396)) - c918de7f-ef30-4f8b-9922-6cd8c5b8891b@group-86CFD4FF3404-SegmentedRaftLogWorker: Rolling segment log-0_0 to index:0
2020-05-22 21:02:28,637 [c918de7f-ef30-4f8b-9922-6cd8c5b8891b@group-86CFD4FF3404-SegmentedRaftLogWorker] INFO  segmented.SegmentedRaftLogWorker (SegmentedRaftLogWorker.java:execute(541)) - c918de7f-ef30-4f8b-9922-6cd8c5b8891b@group-86CFD4FF3404-SegmentedRaftLogWorker: Rolled log segment from /github/workspace/mnt/ozone/hadoop-ozone/integration-test/target/test-dir/MiniOzoneClusterImpl-aeaef343-8586-4703-af18-3341d148064c/datanode-7/data/ratis/70b00f91-67e1-47a3-aec0-86cfd4ff3404/current/log_inprogress_0 to /github/workspace/mnt/ozone/hadoop-ozone/integration-test/target/test-dir/MiniOzoneClusterImpl-aeaef343-8586-4703-af18-3341d148064c/datanode-7/data/ratis/70b00f91-67e1-47a3-aec0-86cfd4ff3404/current/log_0-0
2020-05-22 21:02:28,638 [c918de7f-ef30-4f8b-9922-6cd8c5b8891b@group-86CFD4FF3404-SegmentedRaftLogWorker] INFO  segmented.SegmentedRaftLogWorker (SegmentedRaftLogWorker.java:execute(583)) - c918de7f-ef30-4f8b-9922-6cd8c5b8891b@group-86CFD4FF3404-SegmentedRaftLogWorker: created new log segment /github/workspace/mnt/ozone/hadoop-ozone/integration-test/target/test-dir/MiniOzoneClusterImpl-aeaef343-8586-4703-af18-3341d148064c/datanode-7/data/ratis/70b00f91-67e1-47a3-aec0-86cfd4ff3404/current/log_inprogress_1
2020-05-22 21:02:28,639 [grpc-default-executor-2] INFO  impl.FollowerInfo (FollowerInfo.java:lambda$new$0(50)) - 5abe4e47-48d4-4bed-b79b-0afa624f904e@group-86CFD4FF3404->b4cee484-4d20-4d73-ba0e-c1d545d3b234: nextIndex: updateUnconditionally 2 -> 0
2020-05-22 21:02:28,639 [b4cee484-4d20-4d73-ba0e-c1d545d3b234@group-86CFD4FF3404-LeaderElection23] INFO  impl.LeaderElection (LeaderElection.java:logAndReturn(61)) - b4cee484-4d20-4d73-ba0e-c1d545d3b234@group-86CFD4FF3404-LeaderElection23: Election REJECTED; received 2 response(s) [b4cee484-4d20-4d73-ba0e-c1d545d3b234<-5abe4e47-48d4-4bed-b79b-0afa624f904e#0:FAIL-t4, b4cee484-4d20-4d73-ba0e-c1d545d3b234<-c918de7f-ef30-4f8b-9922-6cd8c5b8891b#0:FAIL-t4] and 0 exception(s); b4cee484-4d20-4d73-ba0e-c1d545d3b234@group-86CFD4FF3404:t4, leader=5abe4e47-48d4-4bed-b79b-0afa624f904e, voted=b4cee484-4d20-4d73-ba0e-c1d545d3b234, raftlog=b4cee484-4d20-4d73-ba0e-c1d545d3b234@group-86CFD4FF3404-SegmentedRaftLog:OPENED:c-1,f-1,i0, conf=-1: [b4cee484-4d20-4d73-ba0e-c1d545d3b234:172.17.0.2:33307, 5abe4e47-48d4-4bed-b79b-0afa624f904e:172.17.0.2:41019, c918de7f-ef30-4f8b-9922-6cd8c5b8891b:172.17.0.2:46273], old=null
2020-05-22 21:02:28,643 [grpc-default-executor-2] INFO  impl.FollowerInfo (FollowerInfo.java:lambda$new$0(50)) - 5abe4e47-48d4-4bed-b79b-0afa624f904e@group-86CFD4FF3404->b4cee484-4d20-4d73-ba0e-c1d545d3b234: nextIndex: updateUnconditionally 1 -> 0
2020-05-22 21:02:28,647 [grpc-default-executor-2] INFO  impl.RaftServerImpl (ServerState.java:setRaftConf(356)) - b4cee484-4d20-4d73-ba0e-c1d545d3b234@group-86CFD4FF3404: set configuration 0: [b4cee484-4d20-4d73-ba0e-c1d545d3b234:172.17.0.2:33307, 5abe4e47-48d4-4bed-b79b-0afa624f904e:172.17.0.2:41019, c918de7f-ef30-4f8b-9922-6cd8c5b8891b:172.17.0.2:46273], old=null at 0
2020-05-22 21:02:28,647 [grpc-default-executor-2] INFO  segmented.SegmentedRaftLogWorker (SegmentedRaftLogWorker.java:startLogSegment(391)) - b4cee484-4d20-4d73-ba0e-c1d545d3b234@group-86CFD4FF3404-SegmentedRaftLogWorker: Starting segment from index:0
2020-05-22 21:02:28,649 [b4cee484-4d20-4d73-ba0e-c1d545d3b234@group-86CFD4FF3404-SegmentedRaftLogWorker] INFO  segmented.SegmentedRaftLogWorker (SegmentedRaftLogWorker.java:execute(583)) - b4cee484-4d20-4d73-ba0e-c1d545d3b234@group-86CFD4FF3404-SegmentedRaftLogWorker: created new log segment /github/workspace/mnt/ozone/hadoop-ozone/integration-test/target/test-dir/MiniOzoneClusterImpl-aeaef343-8586-4703-af18-3341d148064c/datanode-8/data/ratis/70b00f91-67e1-47a3-aec0-86cfd4ff3404/current/log_inprogress_0
2020-05-22 21:02:28,654 [grpc-default-executor-2] INFO  impl.RaftServerImpl (ServerState.java:setRaftConf(356)) - b4cee484-4d20-4d73-ba0e-c1d545d3b234@group-86CFD4FF3404: set configuration 0: [b4cee484-4d20-4d73-ba0e-c1d545d3b234:172.17.0.2:33307, 5abe4e47-48d4-4bed-b79b-0afa624f904e:172.17.0.2:41019, c918de7f-ef30-4f8b-9922-6cd8c5b8891b:172.17.0.2:46273], old=null at 0
2020-05-22 21:02:28,663 [grpc-default-executor-2] INFO  impl.RaftServerImpl (ServerState.java:setRaftConf(356)) - b4cee484-4d20-4d73-ba0e-c1d545d3b234@group-86CFD4FF3404: set configuration 1: [b4cee484-4d20-4d73-ba0e-c1d545d3b234:172.17.0.2:33307, 5abe4e47-48d4-4bed-b79b-0afa624f904e:172.17.0.2:41019, c918de7f-ef30-4f8b-9922-6cd8c5b8891b:172.17.0.2:46273], old=null at 1
2020-05-22 21:02:28,663 [grpc-default-executor-2] INFO  segmented.SegmentedRaftLogWorker (SegmentedRaftLogWorker.java:rollLogSegment(396)) - b4cee484-4d20-4d73-ba0e-c1d545d3b234@group-86CFD4FF3404-SegmentedRaftLogWorker: Rolling segment log-0_0 to index:0
2020-05-22 21:02:28,669 [b4cee484-4d20-4d73-ba0e-c1d545d3b234@group-86CFD4FF3404-SegmentedRaftLogWorker] INFO  segmented.SegmentedRaftLogWorker (SegmentedRaftLogWorker.java:execute(541)) - b4cee484-4d20-4d73-ba0e-c1d545d3b234@group-86CFD4FF3404-SegmentedRaftLogWorker: Rolled log segment from /github/workspace/mnt/ozone/hadoop-ozone/integration-test/target/test-dir/MiniOzoneClusterImpl-aeaef343-8586-4703-af18-3341d148064c/datanode-8/data/ratis/70b00f91-67e1-47a3-aec0-86cfd4ff3404/current/log_inprogress_0 to /github/workspace/mnt/ozone/hadoop-ozone/integration-test/target/test-dir/MiniOzoneClusterImpl-aeaef343-8586-4703-af18-3341d148064c/datanode-8/data/ratis/70b00f91-67e1-47a3-aec0-86cfd4ff3404/current/log_0-0
2020-05-22 21:02:28,670 [b4cee484-4d20-4d73-ba0e-c1d545d3b234@group-86CFD4FF3404-SegmentedRaftLogWorker] INFO  segmented.SegmentedRaftLogWorker (SegmentedRaftLogWorker.java:execute(583)) - b4cee484-4d20-4d73-ba0e-c1d545d3b234@group-86CFD4FF3404-SegmentedRaftLogWorker: created new log segment /github/workspace/mnt/ozone/hadoop-ozone/integration-test/target/test-dir/MiniOzoneClusterImpl-aeaef343-8586-4703-af18-3341d148064c/datanode-8/data/ratis/70b00f91-67e1-47a3-aec0-86cfd4ff3404/current/log_inprogress_1
2020-05-22 21:02:29,164 [EventQueue-Delayed safe mode statusForReplicationManager] INFO  container.ReplicationManager (ReplicationManager.java:start(167)) - Starting Replication Monitor Thread.
2020-05-22 21:02:29,182 [ReplicationMonitor] INFO  container.ReplicationManager (ReplicationManager.java:run(230)) - Replication Monitor Thread took 12 milliseconds for processing 1 containers.
2020-05-22 21:02:29,183 [EventQueue-CloseContainerForCloseContainerEventHandler] INFO  container.CloseContainerEventHandler (CloseContainerEventHandler.java:onMessage(61)) - Close container Event triggered for container : #1
2020-05-22 21:02:30,143 [java.util.concurrent.ThreadPoolExecutor$Worker@19803608[State = -1, empty queue]] WARN  server.GrpcLogAppender (GrpcLogAppender.java:timeoutAppendRequest(213)) - 2484e415-5504-40d1-8ead-c46d206deb95@group-F4E35192C1A7->0dacf195-f99f-4186-8388-cfc458ddcf69-GrpcLogAppender:  appendEntries Timeout, request=AppendEntriesRequest:cid=1,entriesCount=1,lastEntry=(t:2, i:0)
2020-05-22 21:02:30,388 [Datanode State Machine Thread - 0] INFO  statemachine.DatanodeStateMachine (DatanodeStateMachine.java:lambda$startDaemon$0(376)) - Ozone container server started.
2020-05-22 21:02:34,529 [Listener at 127.0.0.1/42845] INFO  ozoneimpl.OzoneContainer (OzoneContainer.java:stop(246)) - Attempting to stop container services.
2020-05-22 21:02:34,529 [Listener at 127.0.0.1/42845] INFO  impl.RaftServerProxy (RaftServerProxy.java:lambda$close$4(314)) - 5abe4e47-48d4-4bed-b79b-0afa624f904e: close
2020-05-22 21:02:34,531 [Listener at 127.0.0.1/42845] INFO  impl.RaftServerImpl (RaftServerImpl.java:lambda$shutdown$3(250)) - 5abe4e47-48d4-4bed-b79b-0afa624f904e@group-86CFD4FF3404: shutdown
2020-05-22 21:02:34,531 [Listener at 127.0.0.1/42845] INFO  util.JmxRegister (JmxRegister.java:unregister(73)) - Successfully un-registered JMX Bean with object name Ratis:service=RaftServer,group=group-86CFD4FF3404,id=5abe4e47-48d4-4bed-b79b-0afa624f904e
2020-05-22 21:02:34,531 [Listener at 127.0.0.1/42845] INFO  impl.RoleInfo (RoleInfo.java:shutdownLeaderState(104)) - 5abe4e47-48d4-4bed-b79b-0afa624f904e: shutdown LeaderState
2020-05-22 21:02:34,533 [ForkJoinPool.commonPool-worker-0] INFO  impl.RaftServerImpl (RaftServerImpl.java:lambda$shutdown$3(250)) - 5abe4e47-48d4-4bed-b79b-0afa624f904e@group-30B89C14BA9F: shutdown
2020-05-22 21:02:34,533 [ForkJoinPool.commonPool-worker-0] INFO  util.JmxRegister (JmxRegister.java:unregister(73)) - Successfully un-registered JMX Bean with object name Ratis:service=RaftServer,group=group-30B89C14BA9F,id=5abe4e47-48d4-4bed-b79b-0afa624f904e
2020-05-22 21:02:34,533 [ForkJoinPool.commonPool-worker-0] INFO  impl.RoleInfo (RoleInfo.java:shutdownLeaderState(104)) - 5abe4e47-48d4-4bed-b79b-0afa624f904e: shutdown LeaderState
2020-05-22 21:02:34,534 [org.apache.ratis.server.impl.LogAppender$AppenderDaemon$$Lambda$479/568955185@78e38093] WARN  server.GrpcLogAppender (GrpcLogAppender.java:mayWait(153)) - 5abe4e47-48d4-4bed-b79b-0afa624f904e@group-86CFD4FF3404->b4cee484-4d20-4d73-ba0e-c1d545d3b234-GrpcLogAppender: Wait interrupted by java.lang.InterruptedException
2020-05-22 21:02:34,533 [ForkJoinPool.commonPool-worker-0] INFO  impl.PendingRequests (PendingRequests.java:sendNotLeaderResponses(242)) - 5abe4e47-48d4-4bed-b79b-0afa624f904e@group-30B89C14BA9F-PendingRequests: sendNotLeaderResponses
2020-05-22 21:02:34,536 [org.apache.ratis.server.impl.LogAppender$AppenderDaemon$$Lambda$479/568955185@6f553c1b] WARN  server.GrpcLogAppender (GrpcLogAppender.java:mayWait(153)) - 5abe4e47-48d4-4bed-b79b-0afa624f904e@group-86CFD4FF3404->c918de7f-ef30-4f8b-9922-6cd8c5b8891b-GrpcLogAppender: Wait interrupted by java.lang.InterruptedException
2020-05-22 21:02:34,537 [ForkJoinPool.commonPool-worker-0] INFO  metrics.RatisMetrics (RatisMetrics.java:unregister(46)) - Unregistering Metrics Registry : ratis.log_appender.5abe4e47-48d4-4bed-b79b-0afa624f904e@group-30B89C14BA9F
2020-05-22 21:02:34,537 [ForkJoinPool.commonPool-worker-0] INFO  impl.StateMachineUpdater (StateMachineUpdater.java:stopAndJoin(142)) - 5abe4e47-48d4-4bed-b79b-0afa624f904e@group-30B89C14BA9F-StateMachineUpdater: set stopIndex = 0
2020-05-22 21:02:34,537 [grpc-default-executor-8] INFO  server.GrpcServerProtocolService (GrpcServerProtocolService.java:onCompleted(137)) - c918de7f-ef30-4f8b-9922-6cd8c5b8891b: Completed APPEND_ENTRIES, lastRequest: 5abe4e47-48d4-4bed-b79b-0afa624f904e->c918de7f-ef30-4f8b-9922-6cd8c5b8891b#7-t4, previous=(t:4, i:5), leaderCommit=4, initializing? false, entries: size=1, first=(t:4, i:6), METADATAENTRY(c:4)
2020-05-22 21:02:34,537 [5abe4e47-48d4-4bed-b79b-0afa624f904e@group-30B89C14BA9F-StateMachineUpdater] INFO  ratis.ContainerStateMachine (ContainerStateMachine.java:takeSnapshot(288)) - group-30B89C14BA9F: Taking a snapshot at:(t:1, i:0) file /github/workspace/mnt/ozone/hadoop-ozone/integration-test/target/test-dir/MiniOzoneClusterImpl-aeaef343-8586-4703-af18-3341d148064c/datanode-6/data/ratis/174971fc-cd7f-41f7-b560-30b89c14ba9f/sm/snapshot.1_0
2020-05-22 21:02:34,536 [grpc-default-executor-3] INFO  server.GrpcServerProtocolService (GrpcServerProtocolService.java:onCompleted(137)) - b4cee484-4d20-4d73-ba0e-c1d545d3b234: Completed APPEND_ENTRIES, lastRequest: 5abe4e47-48d4-4bed-b79b-0afa624f904e->b4cee484-4d20-4d73-ba0e-c1d545d3b234#10-t4, previous=(t:4, i:5), leaderCommit=4, initializing? false, entries: size=1, first=(t:4, i:6), METADATAENTRY(c:4)
2020-05-22 21:02:34,541 [Listener at 127.0.0.1/42845] INFO  impl.PendingRequests (PendingRequests.java:sendNotLeaderResponses(242)) - 5abe4e47-48d4-4bed-b79b-0afa624f904e@group-86CFD4FF3404-PendingRequests: sendNotLeaderResponses
2020-05-22 21:02:34,542 [grpc-default-executor-8] INFO  server.GrpcLogAppender (GrpcLogAppender.java:onCompleted(309)) - 5abe4e47-48d4-4bed-b79b-0afa624f904e@group-86CFD4FF3404->b4cee484-4d20-4d73-ba0e-c1d545d3b234-AppendLogResponseHandler: follower responses appendEntries COMPLETED
2020-05-22 21:02:34,542 [grpc-default-executor-1] INFO  server.GrpcLogAppender (GrpcLogAppender.java:onCompleted(309)) - 5abe4e47-48d4-4bed-b79b-0afa624f904e@group-86CFD4FF3404->c918de7f-ef30-4f8b-9922-6cd8c5b8891b-AppendLogResponseHandler: follower responses appendEntries COMPLETED
2020-05-22 21:02:34,546 [grpc-default-executor-1] INFO  impl.FollowerInfo (FollowerInfo.java:lambda$new$0(50)) - 5abe4e47-48d4-4bed-b79b-0afa624f904e@group-86CFD4FF3404->c918de7f-ef30-4f8b-9922-6cd8c5b8891b: nextIndex: updateUnconditionally 7 -> 6
2020-05-22 21:02:34,546 [grpc-default-executor-8] INFO  impl.FollowerInfo (FollowerInfo.java:lambda$new$0(50)) - 5abe4e47-48d4-4bed-b79b-0afa624f904e@group-86CFD4FF3404->b4cee484-4d20-4d73-ba0e-c1d545d3b234: nextIndex: updateUnconditionally 7 -> 6
2020-05-22 21:02:34,548 [Listener at 127.0.0.1/42845] INFO  metrics.RatisMetrics (RatisMetrics.java:unregister(46)) - Unregistering Metrics Registry : ratis.log_appender.5abe4e47-48d4-4bed-b79b-0afa624f904e@group-86CFD4FF3404
2020-05-22 21:02:34,549 [Listener at 127.0.0.1/42845] INFO  impl.StateMachineUpdater (StateMachineUpdater.java:stopAndJoin(142)) - 5abe4e47-48d4-4bed-b79b-0afa624f904e@group-86CFD4FF3404-StateMachineUpdater: set stopIndex = 6
2020-05-22 21:02:34,550 [5abe4e47-48d4-4bed-b79b-0afa624f904e@group-86CFD4FF3404-StateMachineUpdater] INFO  ratis.ContainerStateMachine (ContainerStateMachine.java:takeSnapshot(288)) - group-86CFD4FF3404: Taking a snapshot at:(t:4, i:6) file /github/workspace/mnt/ozone/hadoop-ozone/integration-test/target/test-dir/MiniOzoneClusterImpl-aeaef343-8586-4703-af18-3341d148064c/datanode-6/data/ratis/70b00f91-67e1-47a3-aec0-86cfd4ff3404/sm/snapshot.4_6
2020-05-22 21:02:34,566 [5abe4e47-48d4-4bed-b79b-0afa624f904e@group-30B89C14BA9F-StateMachineUpdater] INFO  ratis.ContainerStateMachine (ContainerStateMachine.java:takeSnapshot(299)) - group-30B89C14BA9F: Finished taking a snapshot at:(t:1, i:0) file:/github/workspace/mnt/ozone/hadoop-ozone/integration-test/target/test-dir/MiniOzoneClusterImpl-aeaef343-8586-4703-af18-3341d148064c/datanode-6/data/ratis/174971fc-cd7f-41f7-b560-30b89c14ba9f/sm/snapshot.1_0 time:29
2020-05-22 21:02:34,567 [5abe4e47-48d4-4bed-b79b-0afa624f904e@group-86CFD4FF3404-StateMachineUpdater] INFO  ratis.ContainerStateMachine (ContainerStateMachine.java:takeSnapshot(299)) - group-86CFD4FF3404: Finished taking a snapshot at:(t:4, i:6) file:/github/workspace/mnt/ozone/hadoop-ozone/integration-test/target/test-dir/MiniOzoneClusterImpl-aeaef343-8586-4703-af18-3341d148064c/datanode-6/data/ratis/70b00f91-67e1-47a3-aec0-86cfd4ff3404/sm/snapshot.4_6 time:16
2020-05-22 21:02:34,569 [5abe4e47-48d4-4bed-b79b-0afa624f904e@group-86CFD4FF3404-StateMachineUpdater] INFO  impl.StateMachineUpdater (StateMachineUpdater.java:takeSnapshot(277)) - 5abe4e47-48d4-4bed-b79b-0afa624f904e@group-86CFD4FF3404-StateMachineUpdater: Took a snapshot at index 6
2020-05-22 21:02:34,569 [5abe4e47-48d4-4bed-b79b-0afa624f904e@group-86CFD4FF3404-StateMachineUpdater] INFO  impl.StateMachineUpdater (StateMachineUpdater.java:lambda$new$0(87)) - 5abe4e47-48d4-4bed-b79b-0afa624f904e@group-86CFD4FF3404-StateMachineUpdater: snapshotIndex: updateIncreasingly -1 -> 6
2020-05-22 21:02:34,577 [5abe4e47-48d4-4bed-b79b-0afa624f904e@group-30B89C14BA9F-StateMachineUpdater] INFO  impl.StateMachineUpdater (StateMachineUpdater.java:takeSnapshot(277)) - 5abe4e47-48d4-4bed-b79b-0afa624f904e@group-30B89C14BA9F-StateMachineUpdater: Took a snapshot at index 0
2020-05-22 21:02:34,578 [5abe4e47-48d4-4bed-b79b-0afa624f904e@group-30B89C14BA9F-StateMachineUpdater] INFO  impl.StateMachineUpdater (StateMachineUpdater.java:lambda$new$0(87)) - 5abe4e47-48d4-4bed-b79b-0afa624f904e@group-30B89C14BA9F-StateMachineUpdater: snapshotIndex: updateIncreasingly -1 -> 0
2020-05-22 21:02:34,578 [5abe4e47-48d4-4bed-b79b-0afa624f904e@group-86CFD4FF3404-StateMachineUpdater] INFO  metrics.RatisMetrics (RatisMetrics.java:unregister(46)) - Unregistering Metrics Registry : ratis.state_machine.5abe4e47-48d4-4bed-b79b-0afa624f904e@group-86CFD4FF3404
2020-05-22 21:02:34,578 [Listener at 127.0.0.1/42845] INFO  impl.RaftServerImpl (ServerState.java:close(387)) - 5abe4e47-48d4-4bed-b79b-0afa624f904e@group-86CFD4FF3404: closes. applyIndex: 6
2020-05-22 21:02:34,578 [5abe4e47-48d4-4bed-b79b-0afa624f904e@group-30B89C14BA9F-StateMachineUpdater] INFO  metrics.RatisMetrics (RatisMetrics.java:unregister(46)) - Unregistering Metrics Registry : ratis.state_machine.5abe4e47-48d4-4bed-b79b-0afa624f904e@group-30B89C14BA9F
2020-05-22 21:02:34,578 [ForkJoinPool.commonPool-worker-0] INFO  impl.RaftServerImpl (ServerState.java:close(387)) - 5abe4e47-48d4-4bed-b79b-0afa624f904e@group-30B89C14BA9F: closes. applyIndex: 0
2020-05-22 21:02:34,579 [5abe4e47-48d4-4bed-b79b-0afa624f904e@group-30B89C14BA9F-SegmentedRaftLogWorker] INFO  segmented.SegmentedRaftLogWorker (SegmentedRaftLogWorker.java:run(321)) - 5abe4e47-48d4-4bed-b79b-0afa624f904e@group-30B89C14BA9F-SegmentedRaftLogWorker was interrupted, exiting. There are 0 tasks remaining in the queue.
2020-05-22 21:02:34,579 [5abe4e47-48d4-4bed-b79b-0afa624f904e@group-86CFD4FF3404-SegmentedRaftLogWorker] INFO  segmented.SegmentedRaftLogWorker (SegmentedRaftLogWorker.java:run(321)) - 5abe4e47-48d4-4bed-b79b-0afa624f904e@group-86CFD4FF3404-SegmentedRaftLogWorker was interrupted, exiting. There are 0 tasks remaining in the queue.
2020-05-22 21:02:34,580 [ForkJoinPool.commonPool-worker-0] INFO  segmented.SegmentedRaftLogWorker (SegmentedRaftLogWorker.java:close(229)) - 5abe4e47-48d4-4bed-b79b-0afa624f904e@group-30B89C14BA9F-SegmentedRaftLogWorker close()
2020-05-22 21:02:34,580 [Listener at 127.0.0.1/42845] INFO  segmented.SegmentedRaftLogWorker (SegmentedRaftLogWorker.java:close(229)) - 5abe4e47-48d4-4bed-b79b-0afa624f904e@group-86CFD4FF3404-SegmentedRaftLogWorker close()
2020-05-22 21:02:34,581 [ForkJoinPool.commonPool-worker-0] INFO  metrics.RatisMetrics (RatisMetrics.java:unregister(46)) - Unregistering Metrics Registry : ratis.log_worker.5abe4e47-48d4-4bed-b79b-0afa624f904e
2020-05-22 21:02:34,581 [Listener at 127.0.0.1/42845] INFO  metrics.RatisMetrics (RatisMetrics.java:unregister(46)) - Unregistering Metrics Registry : ratis.log_worker.5abe4e47-48d4-4bed-b79b-0afa624f904e
2020-05-22 21:02:34,581 [ForkJoinPool.commonPool-worker-0] INFO  metrics.RatisMetrics (RatisMetrics.java:unregister(46)) - Unregistering Metrics Registry : ratis.leader_election.5abe4e47-48d4-4bed-b79b-0afa624f904e@group-30B89C14BA9F
2020-05-22 21:02:34,581 [ForkJoinPool.commonPool-worker-0] INFO  metrics.RatisMetrics (RatisMetrics.java:unregister(46)) - Unregistering Metrics Registry : ratis.server.5abe4e47-48d4-4bed-b79b-0afa624f904e@group-30B89C14BA9F
2020-05-22 21:02:34,581 [Listener at 127.0.0.1/42845] INFO  metrics.RatisMetrics (RatisMetrics.java:unregister(46)) - Unregistering Metrics Registry : ratis.leader_election.5abe4e47-48d4-4bed-b79b-0afa624f904e@group-86CFD4FF3404
2020-05-22 21:02:34,582 [Listener at 127.0.0.1/42845] INFO  metrics.RatisMetrics (RatisMetrics.java:unregister(46)) - Unregistering Metrics Registry : ratis.server.5abe4e47-48d4-4bed-b79b-0afa624f904e@group-86CFD4FF3404
2020-05-22 21:02:34,582 [Listener at 127.0.0.1/42845] INFO  server.GrpcService (GrpcService.java:closeImpl(165)) - 5abe4e47-48d4-4bed-b79b-0afa624f904e: shutdown server with port 41019 now
2020-05-22 21:02:34,587 [Listener at 127.0.0.1/42845] INFO  server.GrpcService (GrpcService.java:closeImpl(173)) - 5abe4e47-48d4-4bed-b79b-0afa624f904e: shutdown server with port 41019 successfully
2020-05-22 21:02:34,590 [Listener at 127.0.0.1/42845] INFO  utils.BackgroundService (BackgroundService.java:shutdown(157)) - Shutting down service BlockDeletingService
2020-05-22 21:02:34,591 [Listener at 127.0.0.1/42845] INFO  statemachine.DatanodeStateMachine (DatanodeStateMachine.java:stopDaemon(424)) - Ozone container server stopped.
2020-05-22 21:02:34,595 [Listener at 127.0.0.1/42845] INFO  handler.ContextHandler (ContextHandler.java:doStop(1016)) - Stopped o.e.j.w.WebAppContext@46d514cd{hddsDatanode,/,null,UNAVAILABLE}{jar:file:/home/user/.m2/repository/org/apache/hadoop/hadoop-hdds-container-service/0.6.0-SNAPSHOT/hadoop-hdds-container-service-0.6.0-SNAPSHOT.jar!/webapps/hddsDatanode}
2020-05-22 21:02:34,600 [Listener at 127.0.0.1/42845] INFO  server.AbstractConnector (AbstractConnector.java:doStop(380)) - Stopped ServerConnector@16475ff2{HTTP/1.1,[http/1.1]}{0.0.0.0:0}
2020-05-22 21:02:34,600 [Listener at 127.0.0.1/42845] INFO  server.session (HouseKeeper.java:stopScavenging(158)) - node0 Stopped scavenging
2020-05-22 21:02:34,600 [Listener at 127.0.0.1/42845] INFO  handler.ContextHandler (ContextHandler.java:doStop(1016)) - Stopped o.e.j.s.ServletContextHandler@445e4f1f{static,/static,jar:file:/home/user/.m2/repository/org/apache/hadoop/hadoop-hdds-container-service/0.6.0-SNAPSHOT/hadoop-hdds-container-service-0.6.0-SNAPSHOT.jar!/webapps/static,UNAVAILABLE}
2020-05-22 21:02:34,601 [Listener at 127.0.0.1/42845] INFO  handler.ContextHandler (ContextHandler.java:doStop(1016)) - Stopped o.e.j.s.ServletContextHandler@41b923e4{logs,/logs,file:///github/workspace/mnt/ozone/hadoop-ozone/integration-test/target/log,UNAVAILABLE}
2020-05-22 21:02:34,899 [Datanode State Machine Thread - 0] INFO  statemachine.DatanodeStateMachine (DatanodeStateMachine.java:lambda$startDaemon$0(376)) - Ozone container server started.
2020-05-22 21:02:36,219 [Thread-440] INFO  impl.FollowerState (FollowerState.java:run(108)) - b4cee484-4d20-4d73-ba0e-c1d545d3b234@group-86CFD4FF3404-FollowerState: change to CANDIDATE, lastRpcTime:1710ms, electionTimeout:1127ms
2020-05-22 21:02:36,220 [Thread-440] INFO  impl.RoleInfo (RoleInfo.java:shutdownFollowerState(121)) - b4cee484-4d20-4d73-ba0e-c1d545d3b234: shutdown FollowerState
2020-05-22 21:02:36,220 [Thread-440] INFO  impl.RaftServerImpl (RaftServerImpl.java:setRole(173)) - b4cee484-4d20-4d73-ba0e-c1d545d3b234@group-86CFD4FF3404: changes role from  FOLLOWER to CANDIDATE at term 4 for changeToCandidate
2020-05-22 21:02:36,220 [Thread-440] INFO  impl.RoleInfo (RoleInfo.java:updateAndGet(143)) - b4cee484-4d20-4d73-ba0e-c1d545d3b234: start LeaderElection
2020-05-22 21:02:36,221 [b4cee484-4d20-4d73-ba0e-c1d545d3b234@group-86CFD4FF3404-LeaderElection24] INFO  impl.RaftServerImpl (ServerState.java:setLeader(255)) - b4cee484-4d20-4d73-ba0e-c1d545d3b234@group-86CFD4FF3404: change Leader from 5abe4e47-48d4-4bed-b79b-0afa624f904e to null at term 4 for initElection
2020-05-22 21:02:36,222 [b4cee484-4d20-4d73-ba0e-c1d545d3b234@group-86CFD4FF3404-LeaderElection24] INFO  impl.LeaderElection (LeaderElection.java:askForVotes(206)) - b4cee484-4d20-4d73-ba0e-c1d545d3b234@group-86CFD4FF3404-LeaderElection24: begin an election at term 5 for 1: [b4cee484-4d20-4d73-ba0e-c1d545d3b234:172.17.0.2:33307, 5abe4e47-48d4-4bed-b79b-0afa624f904e:172.17.0.2:41019, c918de7f-ef30-4f8b-9922-6cd8c5b8891b:172.17.0.2:46273], old=null
2020-05-22 21:02:36,230 [grpc-default-executor-8] INFO  impl.RaftServerImpl (ServerState.java:setLeader(255)) - c918de7f-ef30-4f8b-9922-6cd8c5b8891b@group-86CFD4FF3404: change Leader from 5abe4e47-48d4-4bed-b79b-0afa624f904e to null at term 5 for updateCurrentTerm
2020-05-22 21:02:36,230 [grpc-default-executor-8] INFO  impl.RaftServerImpl (RaftServerImpl.java:setRole(173)) - c918de7f-ef30-4f8b-9922-6cd8c5b8891b@group-86CFD4FF3404: changes role from  FOLLOWER to FOLLOWER at term 5 for recognizeCandidate:b4cee484-4d20-4d73-ba0e-c1d545d3b234
2020-05-22 21:02:36,230 [grpc-default-executor-8] INFO  impl.RoleInfo (RoleInfo.java:shutdownFollowerState(121)) - c918de7f-ef30-4f8b-9922-6cd8c5b8891b: shutdown FollowerState
2020-05-22 21:02:36,230 [grpc-default-executor-8] INFO  impl.RoleInfo (RoleInfo.java:updateAndGet(143)) - c918de7f-ef30-4f8b-9922-6cd8c5b8891b: start FollowerState
2020-05-22 21:02:36,231 [Thread-434] INFO  impl.FollowerState (FollowerState.java:run(117)) - c918de7f-ef30-4f8b-9922-6cd8c5b8891b@group-86CFD4FF3404-FollowerState was interrupted: java.lang.InterruptedException: sleep interrupted
2020-05-22 21:02:36,237 [b4cee484-4d20-4d73-ba0e-c1d545d3b234@group-86CFD4FF3404-LeaderElection24] INFO  impl.LeaderElection (LeaderElection.java:logAndReturn(61)) - b4cee484-4d20-4d73-ba0e-c1d545d3b234@group-86CFD4FF3404-LeaderElection24: Election PASSED; received 1 response(s) [b4cee484-4d20-4d73-ba0e-c1d545d3b234<-c918de7f-ef30-4f8b-9922-6cd8c5b8891b#0:OK-t5] and 0 exception(s); b4cee484-4d20-4d73-ba0e-c1d545d3b234@group-86CFD4FF3404:t5, leader=null, voted=b4cee484-4d20-4d73-ba0e-c1d545d3b234, raftlog=b4cee484-4d20-4d73-ba0e-c1d545d3b234@group-86CFD4FF3404-SegmentedRaftLog:OPENED:c6,f6,i6, conf=1: [b4cee484-4d20-4d73-ba0e-c1d545d3b234:172.17.0.2:33307, 5abe4e47-48d4-4bed-b79b-0afa624f904e:172.17.0.2:41019, c918de7f-ef30-4f8b-9922-6cd8c5b8891b:172.17.0.2:46273], old=null
2020-05-22 21:02:36,237 [b4cee484-4d20-4d73-ba0e-c1d545d3b234@group-86CFD4FF3404-LeaderElection24] INFO  impl.RoleInfo (RoleInfo.java:shutdownLeaderElection(134)) - b4cee484-4d20-4d73-ba0e-c1d545d3b234: shutdown LeaderElection
2020-05-22 21:02:36,237 [b4cee484-4d20-4d73-ba0e-c1d545d3b234@group-86CFD4FF3404-LeaderElection24] INFO  impl.RaftServerImpl (RaftServerImpl.java:setRole(173)) - b4cee484-4d20-4d73-ba0e-c1d545d3b234@group-86CFD4FF3404: changes role from CANDIDATE to LEADER at term 5 for changeToLeader
2020-05-22 21:02:36,237 [b4cee484-4d20-4d73-ba0e-c1d545d3b234@group-86CFD4FF3404-LeaderElection24] INFO  ratis.XceiverServerRatis (XceiverServerRatis.java:handleLeaderChangedNotification(762)) - Leader change notification received for group: group-86CFD4FF3404 with new leaderId: b4cee484-4d20-4d73-ba0e-c1d545d3b234
2020-05-22 21:02:36,237 [b4cee484-4d20-4d73-ba0e-c1d545d3b234@group-86CFD4FF3404-LeaderElection24] INFO  impl.RaftServerImpl (ServerState.java:setLeader(255)) - b4cee484-4d20-4d73-ba0e-c1d545d3b234@group-86CFD4FF3404: change Leader from null to b4cee484-4d20-4d73-ba0e-c1d545d3b234 at term 5 for becomeLeader, leader elected after 15ms
2020-05-22 21:02:36,237 [b4cee484-4d20-4d73-ba0e-c1d545d3b234@group-86CFD4FF3404-LeaderElection24] INFO  server.RaftServerConfigKeys (ConfUtils.java:logGet(44)) - raft.server.staging.catchup.gap = 1000 (default)
2020-05-22 21:02:36,237 [b4cee484-4d20-4d73-ba0e-c1d545d3b234@group-86CFD4FF3404-LeaderElection24] INFO  server.RaftServerConfigKeys (ConfUtils.java:logGet(44)) - raft.server.rpc.sleep.time = 25ms (default)
2020-05-22 21:02:36,238 [b4cee484-4d20-4d73-ba0e-c1d545d3b234@group-86CFD4FF3404-LeaderElection24] INFO  metrics.RatisMetrics (RatisMetrics.java:lambda$create$0(39)) - Creating Metrics Registry : ratis.log_appender.b4cee484-4d20-4d73-ba0e-c1d545d3b234@group-86CFD4FF3404
2020-05-22 21:02:36,238 [b4cee484-4d20-4d73-ba0e-c1d545d3b234@group-86CFD4FF3404-LeaderElection24] INFO  server.RaftServerConfigKeys (ConfUtils.java:logGet(44)) - raft.server.write.element-limit = 1024 (custom)
2020-05-22 21:02:36,238 [b4cee484-4d20-4d73-ba0e-c1d545d3b234@group-86CFD4FF3404-LeaderElection24] INFO  server.RaftServerConfigKeys (ConfUtils.java:logGet(44)) - raft.server.write.byte-limit = 1073741824 (custom)
2020-05-22 21:02:36,238 [b4cee484-4d20-4d73-ba0e-c1d545d3b234@group-86CFD4FF3404-LeaderElection24] INFO  server.RaftServerConfigKeys (ConfUtils.java:logGet(44)) - raft.server.watch.timeout = 3s (custom)
2020-05-22 21:02:36,238 [b4cee484-4d20-4d73-ba0e-c1d545d3b234@group-86CFD4FF3404-LeaderElection24] INFO  server.RaftServerConfigKeys (ConfUtils.java:logGet(44)) - raft.server.watch.timeout.denomination = 1s (default)
2020-05-22 21:02:36,239 [b4cee484-4d20-4d73-ba0e-c1d545d3b234@group-86CFD4FF3404-LeaderElection24] INFO  server.RaftServerConfigKeys (ConfUtils.java:logGet(44)) - raft.server.watch.element-limit = 65536 (default)
2020-05-22 21:02:36,239 [b4cee484-4d20-4d73-ba0e-c1d545d3b234@group-86CFD4FF3404-LeaderElection24] INFO  server.RaftServerConfigKeys (ConfUtils.java:logGet(44)) - raft.server.log.appender.snapshot.chunk.size.max = 16MB (=16777216) (default)
2020-05-22 21:02:36,239 [b4cee484-4d20-4d73-ba0e-c1d545d3b234@group-86CFD4FF3404-LeaderElection24] INFO  server.RaftServerConfigKeys (ConfUtils.java:logGet(44)) - raft.server.log.appender.buffer.byte-limit = 33554432 (custom)
2020-05-22 21:02:36,239 [b4cee484-4d20-4d73-ba0e-c1d545d3b234@group-86CFD4FF3404-LeaderElection24] INFO  server.RaftServerConfigKeys (ConfUtils.java:logGet(44)) - raft.server.log.appender.buffer.element-limit = 1 (custom)
2020-05-22 21:02:36,239 [b4cee484-4d20-4d73-ba0e-c1d545d3b234@group-86CFD4FF3404-LeaderElection24] INFO  grpc.GrpcConfigKeys (ConfUtils.java:logGet(44)) - raft.grpc.server.leader.outstanding.appends.max = 128 (default)
2020-05-22 21:02:36,239 [b4cee484-4d20-4d73-ba0e-c1d545d3b234@group-86CFD4FF3404-LeaderElection24] INFO  server.RaftServerConfigKeys (ConfUtils.java:logGet(44)) - raft.server.rpc.request.timeout = 3s (default)
2020-05-22 21:02:36,239 [b4cee484-4d20-4d73-ba0e-c1d545d3b234@group-86CFD4FF3404-LeaderElection24] INFO  server.RaftServerConfigKeys (ConfUtils.java:logGet(44)) - raft.server.log.appender.install.snapshot.enabled = false (custom)
2020-05-22 21:02:36,241 [b4cee484-4d20-4d73-ba0e-c1d545d3b234@group-86CFD4FF3404-LeaderElection24] INFO  server.RaftServerConfigKeys (ConfUtils.java:logGet(44)) - raft.server.log.appender.snapshot.chunk.size.max = 16MB (=16777216) (default)
2020-05-22 21:02:36,241 [b4cee484-4d20-4d73-ba0e-c1d545d3b234@group-86CFD4FF3404-LeaderElection24] INFO  server.RaftServerConfigKeys (ConfUtils.java:logGet(44)) - raft.server.log.appender.buffer.byte-limit = 33554432 (custom)
2020-05-22 21:02:36,241 [b4cee484-4d20-4d73-ba0e-c1d545d3b234@group-86CFD4FF3404-LeaderElection24] INFO  server.RaftServerConfigKeys (ConfUtils.java:logGet(44)) - raft.server.log.appender.buffer.element-limit = 1 (custom)
2020-05-22 21:02:36,242 [b4cee484-4d20-4d73-ba0e-c1d545d3b234@group-86CFD4FF3404-LeaderElection24] INFO  grpc.GrpcConfigKeys (ConfUtils.java:logGet(44)) - raft.grpc.server.leader.outstanding.appends.max = 128 (default)
2020-05-22 21:02:36,242 [b4cee484-4d20-4d73-ba0e-c1d545d3b234@group-86CFD4FF3404-LeaderElection24] INFO  server.RaftServerConfigKeys (ConfUtils.java:logGet(44)) - raft.server.rpc.request.timeout = 3s (default)
2020-05-22 21:02:36,242 [b4cee484-4d20-4d73-ba0e-c1d545d3b234@group-86CFD4FF3404-LeaderElection24] INFO  server.RaftServerConfigKeys (ConfUtils.java:logGet(44)) - raft.server.log.appender.install.snapshot.enabled = false (custom)
2020-05-22 21:02:36,243 [b4cee484-4d20-4d73-ba0e-c1d545d3b234@group-86CFD4FF3404-LeaderElection24] INFO  impl.RoleInfo (RoleInfo.java:updateAndGet(143)) - b4cee484-4d20-4d73-ba0e-c1d545d3b234: start LeaderState
2020-05-22 21:02:36,243 [b4cee484-4d20-4d73-ba0e-c1d545d3b234@group-86CFD4FF3404-LeaderElection24] INFO  segmented.SegmentedRaftLogWorker (SegmentedRaftLogWorker.java:rollLogSegment(396)) - b4cee484-4d20-4d73-ba0e-c1d545d3b234@group-86CFD4FF3404-SegmentedRaftLogWorker: Rolling segment log-1_6 to index:6
2020-05-22 21:02:36,244 [b4cee484-4d20-4d73-ba0e-c1d545d3b234@group-86CFD4FF3404-SegmentedRaftLogWorker] INFO  segmented.SegmentedRaftLogWorker (SegmentedRaftLogWorker.java:execute(541)) - b4cee484-4d20-4d73-ba0e-c1d545d3b234@group-86CFD4FF3404-SegmentedRaftLogWorker: Rolled log segment from /github/workspace/mnt/ozone/hadoop-ozone/integration-test/target/test-dir/MiniOzoneClusterImpl-aeaef343-8586-4703-af18-3341d148064c/datanode-8/data/ratis/70b00f91-67e1-47a3-aec0-86cfd4ff3404/current/log_inprogress_1 to /github/workspace/mnt/ozone/hadoop-ozone/integration-test/target/test-dir/MiniOzoneClusterImpl-aeaef343-8586-4703-af18-3341d148064c/datanode-8/data/ratis/70b00f91-67e1-47a3-aec0-86cfd4ff3404/current/log_1-6
2020-05-22 21:02:36,261 [b4cee484-4d20-4d73-ba0e-c1d545d3b234@group-86CFD4FF3404-LeaderElection24] INFO  impl.RaftServerImpl (ServerState.java:setRaftConf(356)) - b4cee484-4d20-4d73-ba0e-c1d545d3b234@group-86CFD4FF3404: set configuration 7: [b4cee484-4d20-4d73-ba0e-c1d545d3b234:172.17.0.2:33307, 5abe4e47-48d4-4bed-b79b-0afa624f904e:172.17.0.2:41019, c918de7f-ef30-4f8b-9922-6cd8c5b8891b:172.17.0.2:46273], old=null at 7
2020-05-22 21:02:36,261 [b4cee484-4d20-4d73-ba0e-c1d545d3b234@group-86CFD4FF3404-SegmentedRaftLogWorker] INFO  segmented.SegmentedRaftLogWorker (SegmentedRaftLogWorker.java:execute(583)) - b4cee484-4d20-4d73-ba0e-c1d545d3b234@group-86CFD4FF3404-SegmentedRaftLogWorker: created new log segment /github/workspace/mnt/ozone/hadoop-ozone/integration-test/target/test-dir/MiniOzoneClusterImpl-aeaef343-8586-4703-af18-3341d148064c/datanode-8/data/ratis/70b00f91-67e1-47a3-aec0-86cfd4ff3404/current/log_inprogress_7
2020-05-22 21:02:36,269 [grpc-default-executor-8] WARN  server.GrpcLogAppender (LogUtils.java:warn(122)) - b4cee484-4d20-4d73-ba0e-c1d545d3b234@group-86CFD4FF3404->5abe4e47-48d4-4bed-b79b-0afa624f904e-AppendLogResponseHandler: Failed appendEntries: org.apache.ratis.thirdparty.io.grpc.StatusRuntimeException: UNAVAILABLE: io exception
2020-05-22 21:02:36,271 [grpc-default-executor-8] INFO  impl.FollowerInfo (FollowerInfo.java:lambda$new$0(50)) - b4cee484-4d20-4d73-ba0e-c1d545d3b234@group-86CFD4FF3404->5abe4e47-48d4-4bed-b79b-0afa624f904e: nextIndex: updateUnconditionally 8 -> 1
2020-05-22 21:02:36,272 [grpc-default-executor-8] INFO  ratis.XceiverServerRatis (XceiverServerRatis.java:handleLeaderChangedNotification(762)) - Leader change notification received for group: group-86CFD4FF3404 with new leaderId: b4cee484-4d20-4d73-ba0e-c1d545d3b234
2020-05-22 21:02:36,272 [grpc-default-executor-8] INFO  impl.RaftServerImpl (ServerState.java:setLeader(255)) - c918de7f-ef30-4f8b-9922-6cd8c5b8891b@group-86CFD4FF3404: change Leader from null to b4cee484-4d20-4d73-ba0e-c1d545d3b234 at term 5 for appendEntries, leader elected after 41ms
2020-05-22 21:02:36,281 [grpc-default-executor-8] INFO  impl.RaftServerImpl (ServerState.java:setRaftConf(356)) - c918de7f-ef30-4f8b-9922-6cd8c5b8891b@group-86CFD4FF3404: set configuration 7: [b4cee484-4d20-4d73-ba0e-c1d545d3b234:172.17.0.2:33307, 5abe4e47-48d4-4bed-b79b-0afa624f904e:172.17.0.2:41019, c918de7f-ef30-4f8b-9922-6cd8c5b8891b:172.17.0.2:46273], old=null at 7
2020-05-22 21:02:36,281 [grpc-default-executor-8] INFO  segmented.SegmentedRaftLogWorker (SegmentedRaftLogWorker.java:rollLogSegment(396)) - c918de7f-ef30-4f8b-9922-6cd8c5b8891b@group-86CFD4FF3404-SegmentedRaftLogWorker: Rolling segment log-1_6 to index:6
2020-05-22 21:02:36,282 [c918de7f-ef30-4f8b-9922-6cd8c5b8891b@group-86CFD4FF3404-SegmentedRaftLogWorker] INFO  segmented.SegmentedRaftLogWorker (SegmentedRaftLogWorker.java:execute(541)) - c918de7f-ef30-4f8b-9922-6cd8c5b8891b@group-86CFD4FF3404-SegmentedRaftLogWorker: Rolled log segment from /github/workspace/mnt/ozone/hadoop-ozone/integration-test/target/test-dir/MiniOzoneClusterImpl-aeaef343-8586-4703-af18-3341d148064c/datanode-7/data/ratis/70b00f91-67e1-47a3-aec0-86cfd4ff3404/current/log_inprogress_1 to /github/workspace/mnt/ozone/hadoop-ozone/integration-test/target/test-dir/MiniOzoneClusterImpl-aeaef343-8586-4703-af18-3341d148064c/datanode-7/data/ratis/70b00f91-67e1-47a3-aec0-86cfd4ff3404/current/log_1-6
2020-05-22 21:02:36,283 [c918de7f-ef30-4f8b-9922-6cd8c5b8891b@group-86CFD4FF3404-SegmentedRaftLogWorker] INFO  segmented.SegmentedRaftLogWorker (SegmentedRaftLogWorker.java:execute(583)) - c918de7f-ef30-4f8b-9922-6cd8c5b8891b@group-86CFD4FF3404-SegmentedRaftLogWorker: created new log segment /github/workspace/mnt/ozone/hadoop-ozone/integration-test/target/test-dir/MiniOzoneClusterImpl-aeaef343-8586-4703-af18-3341d148064c/datanode-7/data/ratis/70b00f91-67e1-47a3-aec0-86cfd4ff3404/current/log_inprogress_7
2020-05-22 21:02:36,298 [grpc-default-executor-8] WARN  server.GrpcLogAppender (LogUtils.java:warn(122)) - b4cee484-4d20-4d73-ba0e-c1d545d3b234@group-86CFD4FF3404->5abe4e47-48d4-4bed-b79b-0afa624f904e-AppendLogResponseHandler: Failed appendEntries: org.apache.ratis.thirdparty.io.grpc.StatusRuntimeException: UNAVAILABLE: io exception
2020-05-22 21:02:36,300 [grpc-default-executor-8] INFO  impl.FollowerInfo (FollowerInfo.java:lambda$new$0(50)) - b4cee484-4d20-4d73-ba0e-c1d545d3b234@group-86CFD4FF3404->5abe4e47-48d4-4bed-b79b-0afa624f904e: nextIndex: updateUnconditionally 2 -> 1
2020-05-22 21:02:36,311 [grpc-default-executor-1] WARN  server.GrpcLogAppender (LogUtils.java:warn(122)) - b4cee484-4d20-4d73-ba0e-c1d545d3b234@group-86CFD4FF3404->5abe4e47-48d4-4bed-b79b-0afa624f904e-AppendLogResponseHandler: Failed appendEntries: org.apache.ratis.thirdparty.io.grpc.StatusRuntimeException: UNAVAILABLE: io exception
2020-05-22 21:02:36,313 [grpc-default-executor-1] INFO  impl.FollowerInfo (FollowerInfo.java:lambda$new$0(50)) - b4cee484-4d20-4d73-ba0e-c1d545d3b234@group-86CFD4FF3404->5abe4e47-48d4-4bed-b79b-0afa624f904e: nextIndex: updateUnconditionally 2 -> 1
2020-05-22 21:02:36,814 [grpc-default-executor-8] WARN  server.GrpcLogAppender (LogUtils.java:warn(122)) - b4cee484-4d20-4d73-ba0e-c1d545d3b234@group-86CFD4FF3404->5abe4e47-48d4-4bed-b79b-0afa624f904e-AppendLogResponseHandler: Failed appendEntries: org.apache.ratis.thirdparty.io.grpc.StatusRuntimeException: UNAVAILABLE: io exception
2020-05-22 21:02:36,815 [grpc-default-executor-8] INFO  impl.FollowerInfo (FollowerInfo.java:lambda$new$0(50)) - b4cee484-4d20-4d73-ba0e-c1d545d3b234@group-86CFD4FF3404->5abe4e47-48d4-4bed-b79b-0afa624f904e: nextIndex: updateUnconditionally 2 -> 1
2020-05-22 21:02:37,316 [grpc-default-executor-8] WARN  server.GrpcLogAppender (LogUtils.java:warn(122)) - b4cee484-4d20-4d73-ba0e-c1d545d3b234@group-86CFD4FF3404->5abe4e47-48d4-4bed-b79b-0afa624f904e-AppendLogResponseHandler: Failed appendEntries: org.apache.ratis.thirdparty.io.grpc.StatusRuntimeException: UNAVAILABLE: io exception
2020-05-22 21:02:37,318 [grpc-default-executor-8] INFO  impl.FollowerInfo (FollowerInfo.java:lambda$new$0(50)) - b4cee484-4d20-4d73-ba0e-c1d545d3b234@group-86CFD4FF3404->5abe4e47-48d4-4bed-b79b-0afa624f904e: nextIndex: updateUnconditionally 2 -> 1
2020-05-22 21:02:37,819 [grpc-default-executor-1] WARN  server.GrpcLogAppender (LogUtils.java:warn(122)) - b4cee484-4d20-4d73-ba0e-c1d545d3b234@group-86CFD4FF3404->5abe4e47-48d4-4bed-b79b-0afa624f904e-AppendLogResponseHandler: Failed appendEntries: org.apache.ratis.thirdparty.io.grpc.StatusRuntimeException: UNAVAILABLE: io exception
2020-05-22 21:02:37,821 [grpc-default-executor-1] INFO  impl.FollowerInfo (FollowerInfo.java:lambda$new$0(50)) - b4cee484-4d20-4d73-ba0e-c1d545d3b234@group-86CFD4FF3404->5abe4e47-48d4-4bed-b79b-0afa624f904e: nextIndex: updateUnconditionally 2 -> 1
2020-05-22 21:02:38,320 [grpc-default-executor-8] WARN  server.GrpcLogAppender (LogUtils.java:warn(122)) - b4cee484-4d20-4d73-ba0e-c1d545d3b234@group-86CFD4FF3404->5abe4e47-48d4-4bed-b79b-0afa624f904e-AppendLogResponseHandler: Failed appendEntries: org.apache.ratis.thirdparty.io.grpc.StatusRuntimeException: UNAVAILABLE: io exception
2020-05-22 21:02:38,322 [grpc-default-executor-8] INFO  impl.FollowerInfo (FollowerInfo.java:lambda$new$0(50)) - b4cee484-4d20-4d73-ba0e-c1d545d3b234@group-86CFD4FF3404->5abe4e47-48d4-4bed-b79b-0afa624f904e: nextIndex: updateUnconditionally 2 -> 1
2020-05-22 21:02:38,822 [grpc-default-executor-8] WARN  server.GrpcLogAppender (LogUtils.java:warn(122)) - b4cee484-4d20-4d73-ba0e-c1d545d3b234@group-86CFD4FF3404->5abe4e47-48d4-4bed-b79b-0afa624f904e-AppendLogResponseHandler: Failed appendEntries: org.apache.ratis.thirdparty.io.grpc.StatusRuntimeException: UNAVAILABLE: io exception
2020-05-22 21:02:38,824 [grpc-default-executor-8] INFO  impl.FollowerInfo (FollowerInfo.java:lambda$new$0(50)) - b4cee484-4d20-4d73-ba0e-c1d545d3b234@group-86CFD4FF3404->5abe4e47-48d4-4bed-b79b-0afa624f904e: nextIndex: updateUnconditionally 2 -> 1
2020-05-22 21:02:39,324 [grpc-default-executor-1] WARN  server.GrpcLogAppender (LogUtils.java:warn(122)) - b4cee484-4d20-4d73-ba0e-c1d545d3b234@group-86CFD4FF3404->5abe4e47-48d4-4bed-b79b-0afa624f904e-AppendLogResponseHandler: Failed appendEntries: org.apache.ratis.thirdparty.io.grpc.StatusRuntimeException: UNAVAILABLE: io exception
2020-05-22 21:02:39,326 [grpc-default-executor-1] INFO  impl.FollowerInfo (FollowerInfo.java:lambda$new$0(50)) - b4cee484-4d20-4d73-ba0e-c1d545d3b234@group-86CFD4FF3404->5abe4e47-48d4-4bed-b79b-0afa624f904e: nextIndex: updateUnconditionally 2 -> 1
2020-05-22 21:02:39,602 [Listener at 127.0.0.1/42845] INFO  ozoneimpl.OzoneContainer (OzoneContainer.java:stop(246)) - Attempting to stop container services.
2020-05-22 21:02:39,603 [Listener at 127.0.0.1/42845] INFO  impl.RaftServerProxy (RaftServerProxy.java:lambda$close$4(314)) - c918de7f-ef30-4f8b-9922-6cd8c5b8891b: close
2020-05-22 21:02:39,603 [Listener at 127.0.0.1/42845] INFO  impl.RaftServerImpl (RaftServerImpl.java:lambda$shutdown$3(250)) - c918de7f-ef30-4f8b-9922-6cd8c5b8891b@group-43C2823EDEF0: shutdown
2020-05-22 21:02:39,603 [Listener at 127.0.0.1/42845] INFO  util.JmxRegister (JmxRegister.java:unregister(73)) - Successfully un-registered JMX Bean with object name Ratis:service=RaftServer,group=group-43C2823EDEF0,id=c918de7f-ef30-4f8b-9922-6cd8c5b8891b
2020-05-22 21:02:39,604 [Listener at 127.0.0.1/42845] INFO  impl.RoleInfo (RoleInfo.java:shutdownLeaderState(104)) - c918de7f-ef30-4f8b-9922-6cd8c5b8891b: shutdown LeaderState
2020-05-22 21:02:39,604 [Listener at 127.0.0.1/42845] INFO  impl.PendingRequests (PendingRequests.java:sendNotLeaderResponses(242)) - c918de7f-ef30-4f8b-9922-6cd8c5b8891b@group-43C2823EDEF0-PendingRequests: sendNotLeaderResponses
2020-05-22 21:02:39,604 [Listener at 127.0.0.1/42845] INFO  metrics.RatisMetrics (RatisMetrics.java:unregister(46)) - Unregistering Metrics Registry : ratis.log_appender.c918de7f-ef30-4f8b-9922-6cd8c5b8891b@group-43C2823EDEF0
2020-05-22 21:02:39,604 [Listener at 127.0.0.1/42845] INFO  impl.StateMachineUpdater (StateMachineUpdater.java:stopAndJoin(142)) - c918de7f-ef30-4f8b-9922-6cd8c5b8891b@group-43C2823EDEF0-StateMachineUpdater: set stopIndex = 0
2020-05-22 21:02:39,605 [c918de7f-ef30-4f8b-9922-6cd8c5b8891b@group-43C2823EDEF0-StateMachineUpdater] INFO  ratis.ContainerStateMachine (ContainerStateMachine.java:takeSnapshot(288)) - group-43C2823EDEF0: Taking a snapshot at:(t:1, i:0) file /github/workspace/mnt/ozone/hadoop-ozone/integration-test/target/test-dir/MiniOzoneClusterImpl-aeaef343-8586-4703-af18-3341d148064c/datanode-7/data/ratis/80f3874b-c274-43c4-b801-43c2823edef0/sm/snapshot.1_0
2020-05-22 21:02:39,606 [c918de7f-ef30-4f8b-9922-6cd8c5b8891b@group-43C2823EDEF0-StateMachineUpdater] INFO  ratis.ContainerStateMachine (ContainerStateMachine.java:takeSnapshot(299)) - group-43C2823EDEF0: Finished taking a snapshot at:(t:1, i:0) file:/github/workspace/mnt/ozone/hadoop-ozone/integration-test/target/test-dir/MiniOzoneClusterImpl-aeaef343-8586-4703-af18-3341d148064c/datanode-7/data/ratis/80f3874b-c274-43c4-b801-43c2823edef0/sm/snapshot.1_0 time:1
2020-05-22 21:02:39,606 [c918de7f-ef30-4f8b-9922-6cd8c5b8891b@group-43C2823EDEF0-StateMachineUpdater] INFO  impl.StateMachineUpdater (StateMachineUpdater.java:takeSnapshot(277)) - c918de7f-ef30-4f8b-9922-6cd8c5b8891b@group-43C2823EDEF0-StateMachineUpdater: Took a snapshot at index 0
2020-05-22 21:02:39,606 [c918de7f-ef30-4f8b-9922-6cd8c5b8891b@group-43C2823EDEF0-StateMachineUpdater] INFO  impl.StateMachineUpdater (StateMachineUpdater.java:lambda$new$0(87)) - c918de7f-ef30-4f8b-9922-6cd8c5b8891b@group-43C2823EDEF0-StateMachineUpdater: snapshotIndex: updateIncreasingly -1 -> 0
2020-05-22 21:02:39,606 [c918de7f-ef30-4f8b-9922-6cd8c5b8891b@group-43C2823EDEF0-StateMachineUpdater] INFO  metrics.RatisMetrics (RatisMetrics.java:unregister(46)) - Unregistering Metrics Registry : ratis.state_machine.c918de7f-ef30-4f8b-9922-6cd8c5b8891b@group-43C2823EDEF0
2020-05-22 21:02:39,607 [Listener at 127.0.0.1/42845] INFO  impl.RaftServerImpl (ServerState.java:close(387)) - c918de7f-ef30-4f8b-9922-6cd8c5b8891b@group-43C2823EDEF0: closes. applyIndex: 0
2020-05-22 21:02:39,607 [c918de7f-ef30-4f8b-9922-6cd8c5b8891b@group-43C2823EDEF0-SegmentedRaftLogWorker] INFO  segmented.SegmentedRaftLogWorker (SegmentedRaftLogWorker.java:run(321)) - c918de7f-ef30-4f8b-9922-6cd8c5b8891b@group-43C2823EDEF0-SegmentedRaftLogWorker was interrupted, exiting. There are 0 tasks remaining in the queue.
2020-05-22 21:02:39,608 [Listener at 127.0.0.1/42845] INFO  segmented.SegmentedRaftLogWorker (SegmentedRaftLogWorker.java:close(229)) - c918de7f-ef30-4f8b-9922-6cd8c5b8891b@group-43C2823EDEF0-SegmentedRaftLogWorker close()
2020-05-22 21:02:39,609 [Listener at 127.0.0.1/42845] INFO  metrics.RatisMetrics (RatisMetrics.java:unregister(46)) - Unregistering Metrics Registry : ratis.log_worker.c918de7f-ef30-4f8b-9922-6cd8c5b8891b
2020-05-22 21:02:39,609 [Listener at 127.0.0.1/42845] INFO  metrics.RatisMetrics (RatisMetrics.java:unregister(46)) - Unregistering Metrics Registry : ratis.leader_election.c918de7f-ef30-4f8b-9922-6cd8c5b8891b@group-43C2823EDEF0
2020-05-22 21:02:39,610 [Listener at 127.0.0.1/42845] INFO  metrics.RatisMetrics (RatisMetrics.java:unregister(46)) - Unregistering Metrics Registry : ratis.server.c918de7f-ef30-4f8b-9922-6cd8c5b8891b@group-43C2823EDEF0
2020-05-22 21:02:39,610 [Listener at 127.0.0.1/42845] INFO  impl.RaftServerImpl (RaftServerImpl.java:lambda$shutdown$3(250)) - c918de7f-ef30-4f8b-9922-6cd8c5b8891b@group-86CFD4FF3404: shutdown
2020-05-22 21:02:39,610 [Listener at 127.0.0.1/42845] INFO  util.JmxRegister (JmxRegister.java:unregister(73)) - Successfully un-registered JMX Bean with object name Ratis:service=RaftServer,group=group-86CFD4FF3404,id=c918de7f-ef30-4f8b-9922-6cd8c5b8891b
2020-05-22 21:02:39,610 [Listener at 127.0.0.1/42845] INFO  impl.RoleInfo (RoleInfo.java:shutdownFollowerState(121)) - c918de7f-ef30-4f8b-9922-6cd8c5b8891b: shutdown FollowerState
2020-05-22 21:02:39,610 [Thread-552] INFO  impl.FollowerState (FollowerState.java:run(117)) - c918de7f-ef30-4f8b-9922-6cd8c5b8891b@group-86CFD4FF3404-FollowerState was interrupted: java.lang.InterruptedException: sleep interrupted
2020-05-22 21:02:39,611 [Listener at 127.0.0.1/42845] INFO  impl.StateMachineUpdater (StateMachineUpdater.java:stopAndJoin(142)) - c918de7f-ef30-4f8b-9922-6cd8c5b8891b@group-86CFD4FF3404-StateMachineUpdater: set stopIndex = 8
2020-05-22 21:02:39,611 [c918de7f-ef30-4f8b-9922-6cd8c5b8891b@group-86CFD4FF3404-StateMachineUpdater] INFO  ratis.ContainerStateMachine (ContainerStateMachine.java:takeSnapshot(288)) - group-86CFD4FF3404: Taking a snapshot at:(t:5, i:8) file /github/workspace/mnt/ozone/hadoop-ozone/integration-test/target/test-dir/MiniOzoneClusterImpl-aeaef343-8586-4703-af18-3341d148064c/datanode-7/data/ratis/70b00f91-67e1-47a3-aec0-86cfd4ff3404/sm/snapshot.5_8
2020-05-22 21:02:39,612 [c918de7f-ef30-4f8b-9922-6cd8c5b8891b@group-86CFD4FF3404-StateMachineUpdater] INFO  ratis.ContainerStateMachine (ContainerStateMachine.java:takeSnapshot(299)) - group-86CFD4FF3404: Finished taking a snapshot at:(t:5, i:8) file:/github/workspace/mnt/ozone/hadoop-ozone/integration-test/target/test-dir/MiniOzoneClusterImpl-aeaef343-8586-4703-af18-3341d148064c/datanode-7/data/ratis/70b00f91-67e1-47a3-aec0-86cfd4ff3404/sm/snapshot.5_8 time:1
2020-05-22 21:02:39,613 [c918de7f-ef30-4f8b-9922-6cd8c5b8891b@group-86CFD4FF3404-StateMachineUpdater] INFO  impl.StateMachineUpdater (StateMachineUpdater.java:takeSnapshot(277)) - c918de7f-ef30-4f8b-9922-6cd8c5b8891b@group-86CFD4FF3404-StateMachineUpdater: Took a snapshot at index 8
2020-05-22 21:02:39,613 [c918de7f-ef30-4f8b-9922-6cd8c5b8891b@group-86CFD4FF3404-StateMachineUpdater] INFO  impl.StateMachineUpdater (StateMachineUpdater.java:lambda$new$0(87)) - c918de7f-ef30-4f8b-9922-6cd8c5b8891b@group-86CFD4FF3404-StateMachineUpdater: snapshotIndex: updateIncreasingly -1 -> 8
2020-05-22 21:02:39,613 [c918de7f-ef30-4f8b-9922-6cd8c5b8891b@group-86CFD4FF3404-StateMachineUpdater] INFO  metrics.RatisMetrics (RatisMetrics.java:unregister(46)) - Unregistering Metrics Registry : ratis.state_machine.c918de7f-ef30-4f8b-9922-6cd8c5b8891b@group-86CFD4FF3404
2020-05-22 21:02:39,613 [Listener at 127.0.0.1/42845] INFO  impl.RaftServerImpl (ServerState.java:close(387)) - c918de7f-ef30-4f8b-9922-6cd8c5b8891b@group-86CFD4FF3404: closes. applyIndex: 8
2020-05-22 21:02:39,613 [c918de7f-ef30-4f8b-9922-6cd8c5b8891b@group-86CFD4FF3404-SegmentedRaftLogWorker] INFO  segmented.SegmentedRaftLogWorker (SegmentedRaftLogWorker.java:run(321)) - c918de7f-ef30-4f8b-9922-6cd8c5b8891b@group-86CFD4FF3404-SegmentedRaftLogWorker was interrupted, exiting. There are 0 tasks remaining in the queue.
2020-05-22 21:02:39,614 [Listener at 127.0.0.1/42845] INFO  segmented.SegmentedRaftLogWorker (SegmentedRaftLogWorker.java:close(229)) - c918de7f-ef30-4f8b-9922-6cd8c5b8891b@group-86CFD4FF3404-SegmentedRaftLogWorker close()
2020-05-22 21:02:39,615 [Listener at 127.0.0.1/42845] INFO  metrics.RatisMetrics (RatisMetrics.java:unregister(46)) - Unregistering Metrics Registry : ratis.log_worker.c918de7f-ef30-4f8b-9922-6cd8c5b8891b
2020-05-22 21:02:39,615 [Listener at 127.0.0.1/42845] INFO  metrics.RatisMetrics (RatisMetrics.java:unregister(46)) - Unregistering Metrics Registry : ratis.leader_election.c918de7f-ef30-4f8b-9922-6cd8c5b8891b@group-86CFD4FF3404
2020-05-22 21:02:39,616 [Listener at 127.0.0.1/42845] INFO  metrics.RatisMetrics (RatisMetrics.java:unregister(46)) - Unregistering Metrics Registry : ratis.server.c918de7f-ef30-4f8b-9922-6cd8c5b8891b@group-86CFD4FF3404
2020-05-22 21:02:39,617 [Listener at 127.0.0.1/42845] INFO  server.GrpcService (GrpcService.java:closeImpl(165)) - c918de7f-ef30-4f8b-9922-6cd8c5b8891b: shutdown server with port 46273 now
2020-05-22 21:02:39,620 [grpc-default-executor-1] WARN  server.GrpcLogAppender (LogUtils.java:warn(122)) - b4cee484-4d20-4d73-ba0e-c1d545d3b234@group-86CFD4FF3404->c918de7f-ef30-4f8b-9922-6cd8c5b8891b-AppendLogResponseHandler: Failed appendEntries: org.apache.ratis.thirdparty.io.grpc.StatusRuntimeException: CANCELLED: HTTP/2 error code: CANCEL
Received Rst Stream
2020-05-22 21:02:39,620 [Listener at 127.0.0.1/42845] INFO  server.GrpcService (GrpcService.java:closeImpl(173)) - c918de7f-ef30-4f8b-9922-6cd8c5b8891b: shutdown server with port 46273 successfully
2020-05-22 21:02:39,621 [grpc-default-executor-8] WARN  server.GrpcServerProtocolService (LogUtils.java:warn(122)) - c918de7f-ef30-4f8b-9922-6cd8c5b8891b: installSnapshot onError, lastRequest: b4cee484-4d20-4d73-ba0e-c1d545d3b234->c918de7f-ef30-4f8b-9922-6cd8c5b8891b#2-t5, previous=(t:5, i:7), leaderCommit=7, initializing? false, entries: size=1, first=(t:5, i:8), METADATAENTRY(c:7): org.apache.ratis.thirdparty.io.grpc.StatusRuntimeException: CANCELLED: cancelled before receiving half close
2020-05-22 21:02:39,621 [grpc-default-executor-1] INFO  impl.FollowerInfo (FollowerInfo.java:lambda$new$0(50)) - b4cee484-4d20-4d73-ba0e-c1d545d3b234@group-86CFD4FF3404->c918de7f-ef30-4f8b-9922-6cd8c5b8891b: nextIndex: updateUnconditionally 9 -> 8
2020-05-22 21:02:39,626 [Listener at 127.0.0.1/42845] INFO  utils.BackgroundService (BackgroundService.java:shutdown(157)) - Shutting down service BlockDeletingService
2020-05-22 21:02:39,628 [Listener at 127.0.0.1/42845] INFO  statemachine.DatanodeStateMachine (DatanodeStateMachine.java:stopDaemon(424)) - Ozone container server stopped.
2020-05-22 21:02:39,629 [Listener at 127.0.0.1/42845] INFO  handler.ContextHandler (ContextHandler.java:doStop(1016)) - Stopped o.e.j.w.WebAppContext@1037e983{hddsDatanode,/,null,UNAVAILABLE}{jar:file:/home/user/.m2/repository/org/apache/hadoop/hadoop-hdds-container-service/0.6.0-SNAPSHOT/hadoop-hdds-container-service-0.6.0-SNAPSHOT.jar!/webapps/hddsDatanode}
2020-05-22 21:02:39,630 [Listener at 127.0.0.1/42845] INFO  server.AbstractConnector (AbstractConnector.java:doStop(380)) - Stopped ServerConnector@314b5e66{HTTP/1.1,[http/1.1]}{0.0.0.0:0}
2020-05-22 21:02:39,631 [Listener at 127.0.0.1/42845] INFO  server.session (HouseKeeper.java:stopScavenging(158)) - node0 Stopped scavenging
2020-05-22 21:02:39,631 [Listener at 127.0.0.1/42845] INFO  handler.ContextHandler (ContextHandler.java:doStop(1016)) - Stopped o.e.j.s.ServletContextHandler@4c3a20cb{static,/static,jar:file:/home/user/.m2/repository/org/apache/hadoop/hadoop-hdds-container-service/0.6.0-SNAPSHOT/hadoop-hdds-container-service-0.6.0-SNAPSHOT.jar!/webapps/static,UNAVAILABLE}
2020-05-22 21:02:39,631 [Listener at 127.0.0.1/42845] INFO  handler.ContextHandler (ContextHandler.java:doStop(1016)) - Stopped o.e.j.s.ServletContextHandler@753c9fde{logs,/logs,file:///github/workspace/mnt/ozone/hadoop-ozone/integration-test/target/log,UNAVAILABLE}
2020-05-22 21:02:39,825 [grpc-default-executor-1] WARN  server.GrpcLogAppender (LogUtils.java:warn(122)) - b4cee484-4d20-4d73-ba0e-c1d545d3b234@group-86CFD4FF3404->c918de7f-ef30-4f8b-9922-6cd8c5b8891b-AppendLogResponseHandler: Failed appendEntries: org.apache.ratis.thirdparty.io.grpc.StatusRuntimeException: UNAVAILABLE: io exception
2020-05-22 21:02:39,827 [grpc-default-executor-1] INFO  impl.FollowerInfo (FollowerInfo.java:lambda$new$0(50)) - b4cee484-4d20-4d73-ba0e-c1d545d3b234@group-86CFD4FF3404->c918de7f-ef30-4f8b-9922-6cd8c5b8891b: nextIndex: updateUnconditionally 9 -> 8
2020-05-22 21:02:39,828 [grpc-default-executor-1] WARN  server.GrpcLogAppender (LogUtils.java:warn(122)) - b4cee484-4d20-4d73-ba0e-c1d545d3b234@group-86CFD4FF3404->5abe4e47-48d4-4bed-b79b-0afa624f904e-AppendLogResponseHandler: Failed appendEntries: org.apache.ratis.thirdparty.io.grpc.StatusRuntimeException: UNAVAILABLE: io exception
2020-05-22 21:02:39,834 [grpc-default-executor-1] INFO  impl.FollowerInfo (FollowerInfo.java:lambda$new$0(50)) - b4cee484-4d20-4d73-ba0e-c1d545d3b234@group-86CFD4FF3404->5abe4e47-48d4-4bed-b79b-0afa624f904e: nextIndex: updateUnconditionally 2 -> 1
2020-05-22 21:02:40,329 [grpc-default-executor-3] WARN  server.GrpcLogAppender (LogUtils.java:warn(122)) - b4cee484-4d20-4d73-ba0e-c1d545d3b234@group-86CFD4FF3404->5abe4e47-48d4-4bed-b79b-0afa624f904e-AppendLogResponseHandler: Failed appendEntries: org.apache.ratis.thirdparty.io.grpc.StatusRuntimeException: UNAVAILABLE: io exception
2020-05-22 21:02:40,330 [grpc-default-executor-3] INFO  impl.FollowerInfo (FollowerInfo.java:lambda$new$0(50)) - b4cee484-4d20-4d73-ba0e-c1d545d3b234@group-86CFD4FF3404->5abe4e47-48d4-4bed-b79b-0afa624f904e: nextIndex: updateUnconditionally 2 -> 1
2020-05-22 21:02:40,331 [grpc-default-executor-1] WARN  server.GrpcLogAppender (LogUtils.java:warn(122)) - b4cee484-4d20-4d73-ba0e-c1d545d3b234@group-86CFD4FF3404->c918de7f-ef30-4f8b-9922-6cd8c5b8891b-AppendLogResponseHandler: Failed appendEntries: org.apache.ratis.thirdparty.io.grpc.StatusRuntimeException: UNAVAILABLE: io exception
2020-05-22 21:02:40,332 [grpc-default-executor-1] INFO  impl.FollowerInfo (FollowerInfo.java:lambda$new$0(50)) - b4cee484-4d20-4d73-ba0e-c1d545d3b234@group-86CFD4FF3404->c918de7f-ef30-4f8b-9922-6cd8c5b8891b: nextIndex: updateUnconditionally 9 -> 8
21:02:40.659 [grpc-default-executor-3] ERROR DNAudit - user=null | ip=null | op=WRITE_CHUNK {blockData=conID: 1 locID: 104214124804046848 bcsId: 4} | ret=FAILURE
org.apache.hadoop.hdds.scm.container.common.helpers.ContainerNotOpenException: Container 1 in CLOSING state
	at org.apache.hadoop.ozone.container.common.impl.HddsDispatcher.validateContainerCommand(HddsDispatcher.java:478) ~[hadoop-hdds-container-service-0.6.0-SNAPSHOT.jar:?]
	at org.apache.hadoop.ozone.container.common.transport.server.ratis.ContainerStateMachine.startTransaction(ContainerStateMachine.java:314) ~[hadoop-hdds-container-service-0.6.0-SNAPSHOT.jar:?]
	at org.apache.ratis.server.impl.RaftServerImpl.submitClientRequestAsync(RaftServerImpl.java:609) ~[ratis-server-0.6.0-cac3336-SNAPSHOT.jar:0.6.0-cac3336-SNAPSHOT]
	at org.apache.ratis.server.impl.RaftServerProxy.lambda$submitClientRequestAsync$7(RaftServerProxy.java:333) ~[ratis-server-0.6.0-cac3336-SNAPSHOT.jar:0.6.0-cac3336-SNAPSHOT]
	at org.apache.ratis.server.impl.RaftServerProxy.lambda$null$5(RaftServerProxy.java:328) ~[ratis-server-0.6.0-cac3336-SNAPSHOT.jar:0.6.0-cac3336-SNAPSHOT]
	at org.apache.ratis.util.JavaUtils.callAsUnchecked(JavaUtils.java:109) ~[ratis-common-0.6.0-cac3336-SNAPSHOT.jar:0.6.0-cac3336-SNAPSHOT]
	at org.apache.ratis.server.impl.RaftServerProxy.lambda$submitRequest$6(RaftServerProxy.java:328) ~[ratis-server-0.6.0-cac3336-SNAPSHOT.jar:0.6.0-cac3336-SNAPSHOT]
	at java.util.concurrent.CompletableFuture.uniComposeStage(CompletableFuture.java:995) ~[?:1.8.0_232]
	at java.util.concurrent.CompletableFuture.thenCompose(CompletableFuture.java:2137) ~[?:1.8.0_232]
	at org.apache.ratis.server.impl.RaftServerProxy.submitRequest(RaftServerProxy.java:327) ~[ratis-server-0.6.0-cac3336-SNAPSHOT.jar:0.6.0-cac3336-SNAPSHOT]
	at org.apache.ratis.server.impl.RaftServerProxy.submitClientRequestAsync(RaftServerProxy.java:333) ~[ratis-server-0.6.0-cac3336-SNAPSHOT.jar:0.6.0-cac3336-SNAPSHOT]
	at org.apache.ratis.grpc.client.GrpcClientProtocolService$RequestStreamObserver.processClientRequest(GrpcClientProtocolService.java:225) ~[ratis-grpc-0.6.0-cac3336-SNAPSHOT.jar:0.6.0-cac3336-SNAPSHOT]
	at org.apache.ratis.grpc.client.GrpcClientProtocolService$OrderedRequestStreamObserver.processClientRequest(GrpcClientProtocolService.java:331) ~[ratis-grpc-0.6.0-cac3336-SNAPSHOT.jar:0.6.0-cac3336-SNAPSHOT]
	at org.apache.ratis.util.SlidingWindow$Server.processRequestsFromHead(SlidingWindow.java:429) [ratis-common-0.6.0-cac3336-SNAPSHOT.jar:0.6.0-cac3336-SNAPSHOT]
	at org.apache.ratis.util.SlidingWindow$Server.receivedRequest(SlidingWindow.java:421) [ratis-common-0.6.0-cac3336-SNAPSHOT.jar:0.6.0-cac3336-SNAPSHOT]
	at org.apache.ratis.grpc.client.GrpcClientProtocolService$OrderedRequestStreamObserver.processClientRequest(GrpcClientProtocolService.java:355) [ratis-grpc-0.6.0-cac3336-SNAPSHOT.jar:0.6.0-cac3336-SNAPSHOT]
	at org.apache.ratis.grpc.client.GrpcClientProtocolService$RequestStreamObserver.onNext(GrpcClientProtocolService.java:245) [ratis-grpc-0.6.0-cac3336-SNAPSHOT.jar:0.6.0-cac3336-SNAPSHOT]
	at org.apache.ratis.grpc.client.GrpcClientProtocolService$RequestStreamObserver.onNext(GrpcClientProtocolService.java:168) [ratis-grpc-0.6.0-cac3336-SNAPSHOT.jar:0.6.0-cac3336-SNAPSHOT]
	at org.apache.ratis.thirdparty.io.grpc.stub.ServerCalls$StreamingServerCallHandler$StreamingServerCallListener.onMessage(ServerCalls.java:251) [ratis-thirdparty-misc-0.4.0.jar:0.4.0]
	at org.apache.ratis.thirdparty.io.grpc.internal.ServerCallImpl$ServerStreamListenerImpl.messagesAvailableInternal(ServerCallImpl.java:309) [ratis-thirdparty-misc-0.4.0.jar:0.4.0]
	at org.apache.ratis.thirdparty.io.grpc.internal.ServerCallImpl$ServerStreamListenerImpl.messagesAvailable(ServerCallImpl.java:292) [ratis-thirdparty-misc-0.4.0.jar:0.4.0]
	at org.apache.ratis.thirdparty.io.grpc.internal.ServerImpl$JumpToApplicationThreadServerStreamListener$1MessagesAvailable.runInContext(ServerImpl.java:782) [ratis-thirdparty-misc-0.4.0.jar:0.4.0]
	at org.apache.ratis.thirdparty.io.grpc.internal.ContextRunnable.run(ContextRunnable.java:37) [ratis-thirdparty-misc-0.4.0.jar:0.4.0]
	at org.apache.ratis.thirdparty.io.grpc.internal.SerializingExecutor.run(SerializingExecutor.java:123) [ratis-thirdparty-misc-0.4.0.jar:0.4.0]
	at java.util.concurrent.ThreadPoolExecutor.runWorker(ThreadPoolExecutor.java:1149) [?:1.8.0_232]
	at java.util.concurrent.ThreadPoolExecutor$Worker.run(ThreadPoolExecutor.java:624) [?:1.8.0_232]
	at java.lang.Thread.run(Thread.java:748) [?:1.8.0_232]
21:02:40.686 [grpc-default-executor-3] ERROR DNAudit - user=null | ip=null | op=PUT_BLOCK {blockData=[blockId=conID: 1 locID: 104214124804046848 bcsId: 0,size=2097152]} | ret=FAILURE
org.apache.hadoop.hdds.scm.container.common.helpers.ContainerNotOpenException: Container 1 in CLOSING state
	at org.apache.hadoop.ozone.container.common.impl.HddsDispatcher.validateContainerCommand(HddsDispatcher.java:478) ~[hadoop-hdds-container-service-0.6.0-SNAPSHOT.jar:?]
	at org.apache.hadoop.ozone.container.common.transport.server.ratis.ContainerStateMachine.startTransaction(ContainerStateMachine.java:314) ~[hadoop-hdds-container-service-0.6.0-SNAPSHOT.jar:?]
	at org.apache.ratis.server.impl.RaftServerImpl.submitClientRequestAsync(RaftServerImpl.java:609) ~[ratis-server-0.6.0-cac3336-SNAPSHOT.jar:0.6.0-cac3336-SNAPSHOT]
	at org.apache.ratis.server.impl.RaftServerProxy.lambda$submitClientRequestAsync$7(RaftServerProxy.java:333) ~[ratis-server-0.6.0-cac3336-SNAPSHOT.jar:0.6.0-cac3336-SNAPSHOT]
	at org.apache.ratis.server.impl.RaftServerProxy.lambda$null$5(RaftServerProxy.java:328) ~[ratis-server-0.6.0-cac3336-SNAPSHOT.jar:0.6.0-cac3336-SNAPSHOT]
	at org.apache.ratis.util.JavaUtils.callAsUnchecked(JavaUtils.java:109) ~[ratis-common-0.6.0-cac3336-SNAPSHOT.jar:0.6.0-cac3336-SNAPSHOT]
	at org.apache.ratis.server.impl.RaftServerProxy.lambda$submitRequest$6(RaftServerProxy.java:328) ~[ratis-server-0.6.0-cac3336-SNAPSHOT.jar:0.6.0-cac3336-SNAPSHOT]
	at java.util.concurrent.CompletableFuture.uniComposeStage(CompletableFuture.java:995) ~[?:1.8.0_232]
	at java.util.concurrent.CompletableFuture.thenCompose(CompletableFuture.java:2137) ~[?:1.8.0_232]
	at org.apache.ratis.server.impl.RaftServerProxy.submitRequest(RaftServerProxy.java:327) ~[ratis-server-0.6.0-cac3336-SNAPSHOT.jar:0.6.0-cac3336-SNAPSHOT]
	at org.apache.ratis.server.impl.RaftServerProxy.submitClientRequestAsync(RaftServerProxy.java:333) ~[ratis-server-0.6.0-cac3336-SNAPSHOT.jar:0.6.0-cac3336-SNAPSHOT]
	at org.apache.ratis.grpc.client.GrpcClientProtocolService$RequestStreamObserver.processClientRequest(GrpcClientProtocolService.java:225) ~[ratis-grpc-0.6.0-cac3336-SNAPSHOT.jar:0.6.0-cac3336-SNAPSHOT]
	at org.apache.ratis.grpc.client.GrpcClientProtocolService$OrderedRequestStreamObserver.processClientRequest(GrpcClientProtocolService.java:331) ~[ratis-grpc-0.6.0-cac3336-SNAPSHOT.jar:0.6.0-cac3336-SNAPSHOT]
	at org.apache.ratis.util.SlidingWindow$Server.processRequestsFromHead(SlidingWindow.java:429) [ratis-common-0.6.0-cac3336-SNAPSHOT.jar:0.6.0-cac3336-SNAPSHOT]
	at org.apache.ratis.util.SlidingWindow$Server.receivedRequest(SlidingWindow.java:421) [ratis-common-0.6.0-cac3336-SNAPSHOT.jar:0.6.0-cac3336-SNAPSHOT]
	at org.apache.ratis.grpc.client.GrpcClientProtocolService$OrderedRequestStreamObserver.processClientRequest(GrpcClientProtocolService.java:355) [ratis-grpc-0.6.0-cac3336-SNAPSHOT.jar:0.6.0-cac3336-SNAPSHOT]
	at org.apache.ratis.grpc.client.GrpcClientProtocolService$RequestStreamObserver.onNext(GrpcClientProtocolService.java:245) [ratis-grpc-0.6.0-cac3336-SNAPSHOT.jar:0.6.0-cac3336-SNAPSHOT]
	at org.apache.ratis.grpc.client.GrpcClientProtocolService$RequestStreamObserver.onNext(GrpcClientProtocolService.java:168) [ratis-grpc-0.6.0-cac3336-SNAPSHOT.jar:0.6.0-cac3336-SNAPSHOT]
	at org.apache.ratis.thirdparty.io.grpc.stub.ServerCalls$StreamingServerCallHandler$StreamingServerCallListener.onMessage(ServerCalls.java:251) [ratis-thirdparty-misc-0.4.0.jar:0.4.0]
	at org.apache.ratis.thirdparty.io.grpc.internal.ServerCallImpl$ServerStreamListenerImpl.messagesAvailableInternal(ServerCallImpl.java:309) [ratis-thirdparty-misc-0.4.0.jar:0.4.0]
	at org.apache.ratis.thirdparty.io.grpc.internal.ServerCallImpl$ServerStreamListenerImpl.messagesAvailable(ServerCallImpl.java:292) [ratis-thirdparty-misc-0.4.0.jar:0.4.0]
	at org.apache.ratis.thirdparty.io.grpc.internal.ServerImpl$JumpToApplicationThreadServerStreamListener$1MessagesAvailable.runInContext(ServerImpl.java:782) [ratis-thirdparty-misc-0.4.0.jar:0.4.0]
	at org.apache.ratis.thirdparty.io.grpc.internal.ContextRunnable.run(ContextRunnable.java:37) [ratis-thirdparty-misc-0.4.0.jar:0.4.0]
	at org.apache.ratis.thirdparty.io.grpc.internal.SerializingExecutor.run(SerializingExecutor.java:123) [ratis-thirdparty-misc-0.4.0.jar:0.4.0]
	at java.util.concurrent.ThreadPoolExecutor.runWorker(ThreadPoolExecutor.java:1149) [?:1.8.0_232]
	at java.util.concurrent.ThreadPoolExecutor$Worker.run(ThreadPoolExecutor.java:624) [?:1.8.0_232]
	at java.lang.Thread.run(Thread.java:748) [?:1.8.0_232]
21:02:40.708 [grpc-default-executor-3] ERROR DNAudit - user=null | ip=null | op=WRITE_CHUNK {blockData=conID: 1 locID: 104214124804046848 bcsId: 4} | ret=FAILURE
org.apache.hadoop.hdds.scm.container.common.helpers.ContainerNotOpenException: Container 1 in CLOSING state
	at org.apache.hadoop.ozone.container.common.impl.HddsDispatcher.validateContainerCommand(HddsDispatcher.java:478) ~[hadoop-hdds-container-service-0.6.0-SNAPSHOT.jar:?]
	at org.apache.hadoop.ozone.container.common.transport.server.ratis.ContainerStateMachine.startTransaction(ContainerStateMachine.java:314) ~[hadoop-hdds-container-service-0.6.0-SNAPSHOT.jar:?]
	at org.apache.ratis.server.impl.RaftServerImpl.submitClientRequestAsync(RaftServerImpl.java:609) ~[ratis-server-0.6.0-cac3336-SNAPSHOT.jar:0.6.0-cac3336-SNAPSHOT]
	at org.apache.ratis.server.impl.RaftServerProxy.lambda$submitClientRequestAsync$7(RaftServerProxy.java:333) ~[ratis-server-0.6.0-cac3336-SNAPSHOT.jar:0.6.0-cac3336-SNAPSHOT]
	at org.apache.ratis.server.impl.RaftServerProxy.lambda$null$5(RaftServerProxy.java:328) ~[ratis-server-0.6.0-cac3336-SNAPSHOT.jar:0.6.0-cac3336-SNAPSHOT]
	at org.apache.ratis.util.JavaUtils.callAsUnchecked(JavaUtils.java:109) ~[ratis-common-0.6.0-cac3336-SNAPSHOT.jar:0.6.0-cac3336-SNAPSHOT]
	at org.apache.ratis.server.impl.RaftServerProxy.lambda$submitRequest$6(RaftServerProxy.java:328) ~[ratis-server-0.6.0-cac3336-SNAPSHOT.jar:0.6.0-cac3336-SNAPSHOT]
	at java.util.concurrent.CompletableFuture.uniComposeStage(CompletableFuture.java:995) ~[?:1.8.0_232]
	at java.util.concurrent.CompletableFuture.thenCompose(CompletableFuture.java:2137) ~[?:1.8.0_232]
	at org.apache.ratis.server.impl.RaftServerProxy.submitRequest(RaftServerProxy.java:327) ~[ratis-server-0.6.0-cac3336-SNAPSHOT.jar:0.6.0-cac3336-SNAPSHOT]
	at org.apache.ratis.server.impl.RaftServerProxy.submitClientRequestAsync(RaftServerProxy.java:333) ~[ratis-server-0.6.0-cac3336-SNAPSHOT.jar:0.6.0-cac3336-SNAPSHOT]
	at org.apache.ratis.grpc.client.GrpcClientProtocolService$RequestStreamObserver.processClientRequest(GrpcClientProtocolService.java:225) ~[ratis-grpc-0.6.0-cac3336-SNAPSHOT.jar:0.6.0-cac3336-SNAPSHOT]
	at org.apache.ratis.grpc.client.GrpcClientProtocolService$OrderedRequestStreamObserver.processClientRequest(GrpcClientProtocolService.java:331) ~[ratis-grpc-0.6.0-cac3336-SNAPSHOT.jar:0.6.0-cac3336-SNAPSHOT]
	at org.apache.ratis.util.SlidingWindow$Server.processRequestsFromHead(SlidingWindow.java:429) [ratis-common-0.6.0-cac3336-SNAPSHOT.jar:0.6.0-cac3336-SNAPSHOT]
	at org.apache.ratis.util.SlidingWindow$Server.receivedRequest(SlidingWindow.java:421) [ratis-common-0.6.0-cac3336-SNAPSHOT.jar:0.6.0-cac3336-SNAPSHOT]
	at org.apache.ratis.grpc.client.GrpcClientProtocolService$OrderedRequestStreamObserver.processClientRequest(GrpcClientProtocolService.java:355) [ratis-grpc-0.6.0-cac3336-SNAPSHOT.jar:0.6.0-cac3336-SNAPSHOT]
	at org.apache.ratis.grpc.client.GrpcClientProtocolService$RequestStreamObserver.onNext(GrpcClientProtocolService.java:245) [ratis-grpc-0.6.0-cac3336-SNAPSHOT.jar:0.6.0-cac3336-SNAPSHOT]
	at org.apache.ratis.grpc.client.GrpcClientProtocolService$RequestStreamObserver.onNext(GrpcClientProtocolService.java:168) [ratis-grpc-0.6.0-cac3336-SNAPSHOT.jar:0.6.0-cac3336-SNAPSHOT]
	at org.apache.ratis.thirdparty.io.grpc.stub.ServerCalls$StreamingServerCallHandler$StreamingServerCallListener.onMessage(ServerCalls.java:251) [ratis-thirdparty-misc-0.4.0.jar:0.4.0]
	at org.apache.ratis.thirdparty.io.grpc.internal.ServerCallImpl$ServerStreamListenerImpl.messagesAvailableInternal(ServerCallImpl.java:309) [ratis-thirdparty-misc-0.4.0.jar:0.4.0]
	at org.apache.ratis.thirdparty.io.grpc.internal.ServerCallImpl$ServerStreamListenerImpl.messagesAvailable(ServerCallImpl.java:292) [ratis-thirdparty-misc-0.4.0.jar:0.4.0]
	at org.apache.ratis.thirdparty.io.grpc.internal.ServerImpl$JumpToApplicationThreadServerStreamListener$1MessagesAvailable.runInContext(ServerImpl.java:782) [ratis-thirdparty-misc-0.4.0.jar:0.4.0]
	at org.apache.ratis.thirdparty.io.grpc.internal.ContextRunnable.run(ContextRunnable.java:37) [ratis-thirdparty-misc-0.4.0.jar:0.4.0]
	at org.apache.ratis.thirdparty.io.grpc.internal.SerializingExecutor.run(SerializingExecutor.java:123) [ratis-thirdparty-misc-0.4.0.jar:0.4.0]
	at java.util.concurrent.ThreadPoolExecutor.runWorker(ThreadPoolExecutor.java:1149) [?:1.8.0_232]
	at java.util.concurrent.ThreadPoolExecutor$Worker.run(ThreadPoolExecutor.java:624) [?:1.8.0_232]
	at java.lang.Thread.run(Thread.java:748) [?:1.8.0_232]
21:02:40.717 [grpc-default-executor-3] ERROR DNAudit - user=null | ip=null | op=PUT_BLOCK {blockData=[blockId=conID: 1 locID: 104214124804046848 bcsId: 0,size=3145728]} | ret=FAILURE
org.apache.hadoop.hdds.scm.container.common.helpers.ContainerNotOpenException: Container 1 in CLOSING state
	at org.apache.hadoop.ozone.container.common.impl.HddsDispatcher.validateContainerCommand(HddsDispatcher.java:478) ~[hadoop-hdds-container-service-0.6.0-SNAPSHOT.jar:?]
	at org.apache.hadoop.ozone.container.common.transport.server.ratis.ContainerStateMachine.startTransaction(ContainerStateMachine.java:314) ~[hadoop-hdds-container-service-0.6.0-SNAPSHOT.jar:?]
	at org.apache.ratis.server.impl.RaftServerImpl.submitClientRequestAsync(RaftServerImpl.java:609) ~[ratis-server-0.6.0-cac3336-SNAPSHOT.jar:0.6.0-cac3336-SNAPSHOT]
	at org.apache.ratis.server.impl.RaftServerProxy.lambda$submitClientRequestAsync$7(RaftServerProxy.java:333) ~[ratis-server-0.6.0-cac3336-SNAPSHOT.jar:0.6.0-cac3336-SNAPSHOT]
	at org.apache.ratis.server.impl.RaftServerProxy.lambda$null$5(RaftServerProxy.java:328) ~[ratis-server-0.6.0-cac3336-SNAPSHOT.jar:0.6.0-cac3336-SNAPSHOT]
	at org.apache.ratis.util.JavaUtils.callAsUnchecked(JavaUtils.java:109) ~[ratis-common-0.6.0-cac3336-SNAPSHOT.jar:0.6.0-cac3336-SNAPSHOT]
	at org.apache.ratis.server.impl.RaftServerProxy.lambda$submitRequest$6(RaftServerProxy.java:328) ~[ratis-server-0.6.0-cac3336-SNAPSHOT.jar:0.6.0-cac3336-SNAPSHOT]
	at java.util.concurrent.CompletableFuture.uniComposeStage(CompletableFuture.java:995) ~[?:1.8.0_232]
	at java.util.concurrent.CompletableFuture.thenCompose(CompletableFuture.java:2137) ~[?:1.8.0_232]
	at org.apache.ratis.server.impl.RaftServerProxy.submitRequest(RaftServerProxy.java:327) ~[ratis-server-0.6.0-cac3336-SNAPSHOT.jar:0.6.0-cac3336-SNAPSHOT]
	at org.apache.ratis.server.impl.RaftServerProxy.submitClientRequestAsync(RaftServerProxy.java:333) ~[ratis-server-0.6.0-cac3336-SNAPSHOT.jar:0.6.0-cac3336-SNAPSHOT]
	at org.apache.ratis.grpc.client.GrpcClientProtocolService$RequestStreamObserver.processClientRequest(GrpcClientProtocolService.java:225) ~[ratis-grpc-0.6.0-cac3336-SNAPSHOT.jar:0.6.0-cac3336-SNAPSHOT]
	at org.apache.ratis.grpc.client.GrpcClientProtocolService$OrderedRequestStreamObserver.processClientRequest(GrpcClientProtocolService.java:331) ~[ratis-grpc-0.6.0-cac3336-SNAPSHOT.jar:0.6.0-cac3336-SNAPSHOT]
	at org.apache.ratis.util.SlidingWindow$Server.processRequestsFromHead(SlidingWindow.java:429) [ratis-common-0.6.0-cac3336-SNAPSHOT.jar:0.6.0-cac3336-SNAPSHOT]
	at org.apache.ratis.util.SlidingWindow$Server.receivedRequest(SlidingWindow.java:421) [ratis-common-0.6.0-cac3336-SNAPSHOT.jar:0.6.0-cac3336-SNAPSHOT]
	at org.apache.ratis.grpc.client.GrpcClientProtocolService$OrderedRequestStreamObserver.processClientRequest(GrpcClientProtocolService.java:355) [ratis-grpc-0.6.0-cac3336-SNAPSHOT.jar:0.6.0-cac3336-SNAPSHOT]
	at org.apache.ratis.grpc.client.GrpcClientProtocolService$RequestStreamObserver.onNext(GrpcClientProtocolService.java:245) [ratis-grpc-0.6.0-cac3336-SNAPSHOT.jar:0.6.0-cac3336-SNAPSHOT]
	at org.apache.ratis.grpc.client.GrpcClientProtocolService$RequestStreamObserver.onNext(GrpcClientProtocolService.java:168) [ratis-grpc-0.6.0-cac3336-SNAPSHOT.jar:0.6.0-cac3336-SNAPSHOT]
	at org.apache.ratis.thirdparty.io.grpc.stub.ServerCalls$StreamingServerCallHandler$StreamingServerCallListener.onMessage(ServerCalls.java:251) [ratis-thirdparty-misc-0.4.0.jar:0.4.0]
	at org.apache.ratis.thirdparty.io.grpc.internal.ServerCallImpl$ServerStreamListenerImpl.messagesAvailableInternal(ServerCallImpl.java:309) [ratis-thirdparty-misc-0.4.0.jar:0.4.0]
	at org.apache.ratis.thirdparty.io.grpc.internal.ServerCallImpl$ServerStreamListenerImpl.messagesAvailable(ServerCallImpl.java:292) [ratis-thirdparty-misc-0.4.0.jar:0.4.0]
	at org.apache.ratis.thirdparty.io.grpc.internal.ServerImpl$JumpToApplicationThreadServerStreamListener$1MessagesAvailable.runInContext(ServerImpl.java:782) [ratis-thirdparty-misc-0.4.0.jar:0.4.0]
	at org.apache.ratis.thirdparty.io.grpc.internal.ContextRunnable.run(ContextRunnable.java:37) [ratis-thirdparty-misc-0.4.0.jar:0.4.0]
	at org.apache.ratis.thirdparty.io.grpc.internal.SerializingExecutor.run(SerializingExecutor.java:123) [ratis-thirdparty-misc-0.4.0.jar:0.4.0]
	at java.util.concurrent.ThreadPoolExecutor.runWorker(ThreadPoolExecutor.java:1149) [?:1.8.0_232]
	at java.util.concurrent.ThreadPoolExecutor$Worker.run(ThreadPoolExecutor.java:624) [?:1.8.0_232]
	at java.lang.Thread.run(Thread.java:748) [?:1.8.0_232]
2020-05-22 21:02:40,738 [Listener at 127.0.0.1/42845] INFO  io.BlockOutputStreamEntryPool (BlockOutputStreamEntryPool.java:allocateNewBlock(284)) - Allocating block with ExcludeList {datanodes = [], containerIds = [#1], pipelineIds = []}
2020-05-22 21:02:40,861 [grpc-default-executor-3] WARN  server.GrpcLogAppender (LogUtils.java:warn(122)) - b4cee484-4d20-4d73-ba0e-c1d545d3b234@group-86CFD4FF3404->c918de7f-ef30-4f8b-9922-6cd8c5b8891b-AppendLogResponseHandler: Failed appendEntries: org.apache.ratis.thirdparty.io.grpc.StatusRuntimeException: UNAVAILABLE: io exception
2020-05-22 21:02:40,862 [grpc-default-executor-2] WARN  server.GrpcLogAppender (LogUtils.java:warn(122)) - b4cee484-4d20-4d73-ba0e-c1d545d3b234@group-86CFD4FF3404->5abe4e47-48d4-4bed-b79b-0afa624f904e-AppendLogResponseHandler: Failed appendEntries: org.apache.ratis.thirdparty.io.grpc.StatusRuntimeException: UNAVAILABLE: io exception
2020-05-22 21:02:40,898 [grpc-default-executor-3] INFO  impl.FollowerInfo (FollowerInfo.java:lambda$new$0(50)) - b4cee484-4d20-4d73-ba0e-c1d545d3b234@group-86CFD4FF3404->c918de7f-ef30-4f8b-9922-6cd8c5b8891b: nextIndex: updateUnconditionally 9 -> 8
2020-05-22 21:02:40,913 [grpc-default-executor-2] INFO  impl.FollowerInfo (FollowerInfo.java:lambda$new$0(50)) - b4cee484-4d20-4d73-ba0e-c1d545d3b234@group-86CFD4FF3404->5abe4e47-48d4-4bed-b79b-0afa624f904e: nextIndex: updateUnconditionally 2 -> 1
2020-05-22 21:02:41,335 [grpc-default-executor-2] WARN  server.GrpcLogAppender (LogUtils.java:warn(122)) - b4cee484-4d20-4d73-ba0e-c1d545d3b234@group-86CFD4FF3404->5abe4e47-48d4-4bed-b79b-0afa624f904e-AppendLogResponseHandler: Failed appendEntries: org.apache.ratis.thirdparty.io.grpc.StatusRuntimeException: UNAVAILABLE: io exception
2020-05-22 21:02:41,336 [grpc-default-executor-1] WARN  server.GrpcLogAppender (LogUtils.java:warn(122)) - b4cee484-4d20-4d73-ba0e-c1d545d3b234@group-86CFD4FF3404->c918de7f-ef30-4f8b-9922-6cd8c5b8891b-AppendLogResponseHandler: Failed appendEntries: org.apache.ratis.thirdparty.io.grpc.StatusRuntimeException: UNAVAILABLE: io exception
2020-05-22 21:02:41,339 [grpc-default-executor-2] INFO  impl.FollowerInfo (FollowerInfo.java:lambda$new$0(50)) - b4cee484-4d20-4d73-ba0e-c1d545d3b234@group-86CFD4FF3404->5abe4e47-48d4-4bed-b79b-0afa624f904e: nextIndex: updateUnconditionally 2 -> 1
2020-05-22 21:02:41,339 [grpc-default-executor-1] INFO  impl.FollowerInfo (FollowerInfo.java:lambda$new$0(50)) - b4cee484-4d20-4d73-ba0e-c1d545d3b234@group-86CFD4FF3404->c918de7f-ef30-4f8b-9922-6cd8c5b8891b: nextIndex: updateUnconditionally 9 -> 8
2020-05-22 21:02:41,395 [Listener at 127.0.0.1/42845] INFO  ozone.MiniOzoneClusterImpl (MiniOzoneClusterImpl.java:shutdown(387)) - Shutting down the Mini Ozone Cluster
2020-05-22 21:02:41,396 [Listener at 127.0.0.1/42845] INFO  ozone.MiniOzoneClusterImpl (MiniOzoneClusterImpl.java:stop(402)) - Stopping the Mini Ozone Cluster
2020-05-22 21:02:41,396 [Listener at 127.0.0.1/42845] INFO  ozone.MiniOzoneClusterImpl (MiniOzoneClusterImpl.java:stopOM(484)) - Stopping the OzoneManager
2020-05-22 21:02:41,396 [Listener at 127.0.0.1/42845] INFO  ipc.Server (Server.java:stop(3359)) - Stopping server on 42845
2020-05-22 21:02:41,402 [Listener at 127.0.0.1/42845] INFO  ratis.OzoneManagerDoubleBuffer (OzoneManagerDoubleBuffer.java:stop(344)) - Stopping OMDoubleBuffer flush thread
2020-05-22 21:02:41,402 [IPC Server Responder] INFO  ipc.Server (Server.java:run(1465)) - Stopping IPC Server Responder
2020-05-22 21:02:41,402 [IPC Server listener on 0] INFO  ipc.Server (Server.java:run(1330)) - Stopping IPC Server listener on 0
2020-05-22 21:02:41,402 [OMDoubleBufferFlushThread] INFO  ratis.OzoneManagerDoubleBuffer (OzoneManagerDoubleBuffer.java:flushTransactions(275)) - OMDoubleBuffer flush thread OMDoubleBufferFlushThread is interrupted and will exit. OMDoubleBufferFlushThread
2020-05-22 21:02:41,403 [Listener at 127.0.0.1/42845] INFO  utils.BackgroundService (BackgroundService.java:shutdown(157)) - Shutting down service KeyDeletingService
2020-05-22 21:02:41,405 [Listener at 127.0.0.1/42845] INFO  handler.ContextHandler (ContextHandler.java:doStop(1016)) - Stopped o.e.j.w.WebAppContext@fd27d5e{ozoneManager,/,null,UNAVAILABLE}{file:/github/workspace/mnt/ozone/hadoop-ozone/integration-test/target/test-classes/webapps/ozoneManager}
2020-05-22 21:02:41,406 [Listener at 127.0.0.1/42845] INFO  server.AbstractConnector (AbstractConnector.java:doStop(380)) - Stopped ServerConnector@5b3c383f{HTTP/1.1,[http/1.1]}{0.0.0.0:0}
2020-05-22 21:02:41,407 [Listener at 127.0.0.1/42845] INFO  server.session (HouseKeeper.java:stopScavenging(158)) - node0 Stopped scavenging
2020-05-22 21:02:41,408 [Listener at 127.0.0.1/42845] INFO  handler.ContextHandler (ContextHandler.java:doStop(1016)) - Stopped o.e.j.s.ServletContextHandler@57b262e5{static,/static,file:///github/workspace/mnt/ozone/hadoop-ozone/integration-test/target/test-classes/webapps/static,UNAVAILABLE}
2020-05-22 21:02:41,408 [Listener at 127.0.0.1/42845] INFO  handler.ContextHandler (ContextHandler.java:doStop(1016)) - Stopped o.e.j.s.ServletContextHandler@3e1275f9{logs,/logs,file:///github/workspace/mnt/ozone/hadoop-ozone/integration-test/target/log,UNAVAILABLE}
2020-05-22 21:02:41,414 [Listener at 127.0.0.1/42845] INFO  ozone.MiniOzoneClusterImpl (MiniOzoneClusterImpl.java:stopDatanodes(461)) - Stopping the HddsDatanodes
2020-05-22 21:02:41,777 [Datanode State Machine Thread - 0] INFO  statemachine.DatanodeStateMachine (DatanodeStateMachine.java:lambda$startDaemon$0(376)) - Ozone container server started.
2020-05-22 21:02:41,838 [grpc-default-executor-1] WARN  server.GrpcLogAppender (LogUtils.java:warn(122)) - b4cee484-4d20-4d73-ba0e-c1d545d3b234@group-86CFD4FF3404->5abe4e47-48d4-4bed-b79b-0afa624f904e-AppendLogResponseHandler: Failed appendEntries: org.apache.ratis.thirdparty.io.grpc.StatusRuntimeException: UNAVAILABLE: io exception
2020-05-22 21:02:41,839 [grpc-default-executor-8] WARN  server.GrpcLogAppender (LogUtils.java:warn(122)) - b4cee484-4d20-4d73-ba0e-c1d545d3b234@group-86CFD4FF3404->c918de7f-ef30-4f8b-9922-6cd8c5b8891b-AppendLogResponseHandler: Failed appendEntries: org.apache.ratis.thirdparty.io.grpc.StatusRuntimeException: UNAVAILABLE: io exception
2020-05-22 21:02:41,840 [grpc-default-executor-1] INFO  impl.FollowerInfo (FollowerInfo.java:lambda$new$0(50)) - b4cee484-4d20-4d73-ba0e-c1d545d3b234@group-86CFD4FF3404->5abe4e47-48d4-4bed-b79b-0afa624f904e: nextIndex: updateUnconditionally 2 -> 1
2020-05-22 21:02:41,840 [grpc-default-executor-8] INFO  impl.FollowerInfo (FollowerInfo.java:lambda$new$0(50)) - b4cee484-4d20-4d73-ba0e-c1d545d3b234@group-86CFD4FF3404->c918de7f-ef30-4f8b-9922-6cd8c5b8891b: nextIndex: updateUnconditionally 9 -> 8
2020-05-22 21:02:41,841 [Datanode State Machine Thread - 0] INFO  statemachine.DatanodeStateMachine (DatanodeStateMachine.java:lambda$startDaemon$0(376)) - Ozone container server started.
2020-05-22 21:02:42,343 [grpc-default-executor-1] WARN  server.GrpcLogAppender (LogUtils.java:warn(122)) - b4cee484-4d20-4d73-ba0e-c1d545d3b234@group-86CFD4FF3404->5abe4e47-48d4-4bed-b79b-0afa624f904e-AppendLogResponseHandler: Failed appendEntries: org.apache.ratis.thirdparty.io.grpc.StatusRuntimeException: UNAVAILABLE: io exception
2020-05-22 21:02:42,344 [grpc-default-executor-1] INFO  impl.FollowerInfo (FollowerInfo.java:lambda$new$0(50)) - b4cee484-4d20-4d73-ba0e-c1d545d3b234@group-86CFD4FF3404->5abe4e47-48d4-4bed-b79b-0afa624f904e: nextIndex: updateUnconditionally 2 -> 1
2020-05-22 21:02:42,345 [grpc-default-executor-1] WARN  server.GrpcLogAppender (LogUtils.java:warn(122)) - b4cee484-4d20-4d73-ba0e-c1d545d3b234@group-86CFD4FF3404->c918de7f-ef30-4f8b-9922-6cd8c5b8891b-AppendLogResponseHandler: Failed appendEntries: org.apache.ratis.thirdparty.io.grpc.StatusRuntimeException: UNAVAILABLE: io exception
2020-05-22 21:02:42,345 [grpc-default-executor-1] INFO  impl.FollowerInfo (FollowerInfo.java:lambda$new$0(50)) - b4cee484-4d20-4d73-ba0e-c1d545d3b234@group-86CFD4FF3404->c918de7f-ef30-4f8b-9922-6cd8c5b8891b: nextIndex: updateUnconditionally 9 -> 8
2020-05-22 21:02:42,843 [grpc-default-executor-8] WARN  server.GrpcLogAppender (LogUtils.java:warn(122)) - b4cee484-4d20-4d73-ba0e-c1d545d3b234@group-86CFD4FF3404->c918de7f-ef30-4f8b-9922-6cd8c5b8891b-AppendLogResponseHandler: Failed appendEntries: org.apache.ratis.thirdparty.io.grpc.StatusRuntimeException: UNAVAILABLE: io exception
2020-05-22 21:02:42,844 [grpc-default-executor-8] INFO  impl.FollowerInfo (FollowerInfo.java:lambda$new$0(50)) - b4cee484-4d20-4d73-ba0e-c1d545d3b234@group-86CFD4FF3404->c918de7f-ef30-4f8b-9922-6cd8c5b8891b: nextIndex: updateUnconditionally 9 -> 8
2020-05-22 21:02:42,846 [grpc-default-executor-8] WARN  server.GrpcLogAppender (LogUtils.java:warn(122)) - b4cee484-4d20-4d73-ba0e-c1d545d3b234@group-86CFD4FF3404->5abe4e47-48d4-4bed-b79b-0afa624f904e-AppendLogResponseHandler: Failed appendEntries: org.apache.ratis.thirdparty.io.grpc.StatusRuntimeException: UNAVAILABLE: io exception
2020-05-22 21:02:42,851 [grpc-default-executor-8] INFO  impl.FollowerInfo (FollowerInfo.java:lambda$new$0(50)) - b4cee484-4d20-4d73-ba0e-c1d545d3b234@group-86CFD4FF3404->5abe4e47-48d4-4bed-b79b-0afa624f904e: nextIndex: updateUnconditionally 2 -> 1
2020-05-22 21:02:43,346 [grpc-default-executor-8] WARN  server.GrpcLogAppender (LogUtils.java:warn(122)) - b4cee484-4d20-4d73-ba0e-c1d545d3b234@group-86CFD4FF3404->c918de7f-ef30-4f8b-9922-6cd8c5b8891b-AppendLogResponseHandler: Failed appendEntries: org.apache.ratis.thirdparty.io.grpc.StatusRuntimeException: UNAVAILABLE: io exception
2020-05-22 21:02:43,346 [grpc-default-executor-8] INFO  impl.FollowerInfo (FollowerInfo.java:lambda$new$0(50)) - b4cee484-4d20-4d73-ba0e-c1d545d3b234@group-86CFD4FF3404->c918de7f-ef30-4f8b-9922-6cd8c5b8891b: nextIndex: updateUnconditionally 9 -> 8
2020-05-22 21:02:43,349 [grpc-default-executor-1] WARN  server.GrpcLogAppender (LogUtils.java:warn(122)) - b4cee484-4d20-4d73-ba0e-c1d545d3b234@group-86CFD4FF3404->5abe4e47-48d4-4bed-b79b-0afa624f904e-AppendLogResponseHandler: Failed appendEntries: org.apache.ratis.thirdparty.io.grpc.StatusRuntimeException: UNAVAILABLE: io exception
2020-05-22 21:02:43,350 [grpc-default-executor-1] INFO  impl.FollowerInfo (FollowerInfo.java:lambda$new$0(50)) - b4cee484-4d20-4d73-ba0e-c1d545d3b234@group-86CFD4FF3404->5abe4e47-48d4-4bed-b79b-0afa624f904e: nextIndex: updateUnconditionally 2 -> 1
2020-05-22 21:02:43,797 [java.util.concurrent.ThreadPoolExecutor$Worker@27361751[State = -1, empty queue]] WARN  server.GrpcLogAppender (GrpcLogAppender.java:timeoutAppendRequest(213)) - 2484e415-5504-40d1-8ead-c46d206deb95@group-F4E35192C1A7->0dacf195-f99f-4186-8388-cfc458ddcf69-GrpcLogAppender:  appendEntries Timeout, request=AppendEntriesRequest:cid=28,entriesCount=1,lastEntry=(t:2, i:1)
2020-05-22 21:02:43,800 [java.util.concurrent.ThreadPoolExecutor$Worker@27361751[State = -1, empty queue]] WARN  server.GrpcLogAppender (GrpcLogAppender.java:timeoutAppendRequest(213)) - 2484e415-5504-40d1-8ead-c46d206deb95@group-F4E35192C1A7->0dacf195-f99f-4186-8388-cfc458ddcf69-GrpcLogAppender:  appendEntries Timeout, request=AppendEntriesRequest:cid=29,entriesCount=1,lastEntry=(t:2, i:2)
2020-05-22 21:02:43,815 [java.util.concurrent.ThreadPoolExecutor$Worker@27361751[State = -1, empty queue]] WARN  server.GrpcLogAppender (GrpcLogAppender.java:timeoutAppendRequest(213)) - 2484e415-5504-40d1-8ead-c46d206deb95@group-F4E35192C1A7->0dacf195-f99f-4186-8388-cfc458ddcf69-GrpcLogAppender:  appendEntries Timeout, request=AppendEntriesRequest:cid=30,entriesCount=1,lastEntry=(t:2, i:3)
2020-05-22 21:02:43,849 [grpc-default-executor-8] WARN  server.GrpcLogAppender (LogUtils.java:warn(122)) - b4cee484-4d20-4d73-ba0e-c1d545d3b234@group-86CFD4FF3404->c918de7f-ef30-4f8b-9922-6cd8c5b8891b-AppendLogResponseHandler: Failed appendEntries: org.apache.ratis.thirdparty.io.grpc.StatusRuntimeException: UNAVAILABLE: io exception
2020-05-22 21:02:43,850 [java.util.concurrent.ThreadPoolExecutor$Worker@27361751[State = -1, empty queue]] WARN  server.GrpcLogAppender (GrpcLogAppender.java:timeoutAppendRequest(213)) - 2484e415-5504-40d1-8ead-c46d206deb95@group-F4E35192C1A7->0dacf195-f99f-4186-8388-cfc458ddcf69-GrpcLogAppender:  appendEntries Timeout, request=AppendEntriesRequest:cid=31,entriesCount=1,lastEntry=(t:2, i:4)
2020-05-22 21:02:43,850 [grpc-default-executor-8] INFO  impl.FollowerInfo (FollowerInfo.java:lambda$new$0(50)) - b4cee484-4d20-4d73-ba0e-c1d545d3b234@group-86CFD4FF3404->c918de7f-ef30-4f8b-9922-6cd8c5b8891b: nextIndex: updateUnconditionally 9 -> 8
2020-05-22 21:02:43,852 [grpc-default-executor-1] WARN  server.GrpcLogAppender (LogUtils.java:warn(122)) - b4cee484-4d20-4d73-ba0e-c1d545d3b234@group-86CFD4FF3404->5abe4e47-48d4-4bed-b79b-0afa624f904e-AppendLogResponseHandler: Failed appendEntries: org.apache.ratis.thirdparty.io.grpc.StatusRuntimeException: UNAVAILABLE: io exception
2020-05-22 21:02:43,852 [grpc-default-executor-1] INFO  impl.FollowerInfo (FollowerInfo.java:lambda$new$0(50)) - b4cee484-4d20-4d73-ba0e-c1d545d3b234@group-86CFD4FF3404->5abe4e47-48d4-4bed-b79b-0afa624f904e: nextIndex: updateUnconditionally 2 -> 1
2020-05-22 21:02:43,858 [java.util.concurrent.ThreadPoolExecutor$Worker@27361751[State = -1, empty queue]] WARN  server.GrpcLogAppender (GrpcLogAppender.java:timeoutAppendRequest(213)) - 2484e415-5504-40d1-8ead-c46d206deb95@group-F4E35192C1A7->0dacf195-f99f-4186-8388-cfc458ddcf69-GrpcLogAppender:  appendEntries Timeout, request=AppendEntriesRequest:cid=32,entriesCount=1,lastEntry=(t:2, i:5)
2020-05-22 21:02:43,863 [java.util.concurrent.ThreadPoolExecutor$Worker@27361751[State = -1, empty queue]] WARN  server.GrpcLogAppender (GrpcLogAppender.java:timeoutAppendRequest(213)) - 2484e415-5504-40d1-8ead-c46d206deb95@group-F4E35192C1A7->0dacf195-f99f-4186-8388-cfc458ddcf69-GrpcLogAppender:  appendEntries Timeout, request=AppendEntriesRequest:cid=33,entriesCount=1,lastEntry=(t:2, i:6)
2020-05-22 21:02:43,867 [java.util.concurrent.ThreadPoolExecutor$Worker@27361751[State = -1, empty queue]] WARN  server.GrpcLogAppender (GrpcLogAppender.java:timeoutAppendRequest(213)) - 2484e415-5504-40d1-8ead-c46d206deb95@group-F4E35192C1A7->0dacf195-f99f-4186-8388-cfc458ddcf69-GrpcLogAppender:  appendEntries Timeout, request=AppendEntriesRequest:cid=34,entriesCount=1,lastEntry=(t:2, i:7)
2020-05-22 21:02:43,886 [java.util.concurrent.ThreadPoolExecutor$Worker@27361751[State = -1, empty queue]] WARN  server.GrpcLogAppender (GrpcLogAppender.java:timeoutAppendRequest(213)) - 2484e415-5504-40d1-8ead-c46d206deb95@group-F4E35192C1A7->0dacf195-f99f-4186-8388-cfc458ddcf69-GrpcLogAppender:  appendEntries Timeout, request=AppendEntriesRequest:cid=35,entriesCount=1,lastEntry=(t:2, i:8)
2020-05-22 21:02:44,350 [grpc-default-executor-1] WARN  server.GrpcLogAppender (LogUtils.java:warn(122)) - b4cee484-4d20-4d73-ba0e-c1d545d3b234@group-86CFD4FF3404->c918de7f-ef30-4f8b-9922-6cd8c5b8891b-AppendLogResponseHandler: Failed appendEntries: org.apache.ratis.thirdparty.io.grpc.StatusRuntimeException: UNAVAILABLE: io exception
2020-05-22 21:02:44,353 [grpc-default-executor-1] INFO  impl.FollowerInfo (FollowerInfo.java:lambda$new$0(50)) - b4cee484-4d20-4d73-ba0e-c1d545d3b234@group-86CFD4FF3404->c918de7f-ef30-4f8b-9922-6cd8c5b8891b: nextIndex: updateUnconditionally 9 -> 8
2020-05-22 21:02:44,354 [grpc-default-executor-1] WARN  server.GrpcLogAppender (LogUtils.java:warn(122)) - b4cee484-4d20-4d73-ba0e-c1d545d3b234@group-86CFD4FF3404->5abe4e47-48d4-4bed-b79b-0afa624f904e-AppendLogResponseHandler: Failed appendEntries: org.apache.ratis.thirdparty.io.grpc.StatusRuntimeException: UNAVAILABLE: io exception
2020-05-22 21:02:44,355 [grpc-default-executor-1] INFO  impl.FollowerInfo (FollowerInfo.java:lambda$new$0(50)) - b4cee484-4d20-4d73-ba0e-c1d545d3b234@group-86CFD4FF3404->5abe4e47-48d4-4bed-b79b-0afa624f904e: nextIndex: updateUnconditionally 2 -> 1
2020-05-22 21:02:44,852 [grpc-default-executor-1] WARN  server.GrpcLogAppender (LogUtils.java:warn(122)) - b4cee484-4d20-4d73-ba0e-c1d545d3b234@group-86CFD4FF3404->c918de7f-ef30-4f8b-9922-6cd8c5b8891b-AppendLogResponseHandler: Failed appendEntries: org.apache.ratis.thirdparty.io.grpc.StatusRuntimeException: UNAVAILABLE: io exception
2020-05-22 21:02:44,853 [grpc-default-executor-1] INFO  impl.FollowerInfo (FollowerInfo.java:lambda$new$0(50)) - b4cee484-4d20-4d73-ba0e-c1d545d3b234@group-86CFD4FF3404->c918de7f-ef30-4f8b-9922-6cd8c5b8891b: nextIndex: updateUnconditionally 9 -> 8
2020-05-22 21:02:44,856 [grpc-default-executor-8] WARN  server.GrpcLogAppender (LogUtils.java:warn(122)) - b4cee484-4d20-4d73-ba0e-c1d545d3b234@group-86CFD4FF3404->5abe4e47-48d4-4bed-b79b-0afa624f904e-AppendLogResponseHandler: Failed appendEntries: org.apache.ratis.thirdparty.io.grpc.StatusRuntimeException: UNAVAILABLE: io exception
2020-05-22 21:02:44,858 [grpc-default-executor-8] INFO  impl.FollowerInfo (FollowerInfo.java:lambda$new$0(50)) - b4cee484-4d20-4d73-ba0e-c1d545d3b234@group-86CFD4FF3404->5abe4e47-48d4-4bed-b79b-0afa624f904e: nextIndex: updateUnconditionally 2 -> 1
2020-05-22 21:02:45,355 [grpc-default-executor-1] WARN  server.GrpcLogAppender (LogUtils.java:warn(122)) - b4cee484-4d20-4d73-ba0e-c1d545d3b234@group-86CFD4FF3404->c918de7f-ef30-4f8b-9922-6cd8c5b8891b-AppendLogResponseHandler: Failed appendEntries: org.apache.ratis.thirdparty.io.grpc.StatusRuntimeException: UNAVAILABLE: io exception
2020-05-22 21:02:45,355 [grpc-default-executor-1] INFO  impl.FollowerInfo (FollowerInfo.java:lambda$new$0(50)) - b4cee484-4d20-4d73-ba0e-c1d545d3b234@group-86CFD4FF3404->c918de7f-ef30-4f8b-9922-6cd8c5b8891b: nextIndex: updateUnconditionally 9 -> 8
2020-05-22 21:02:45,358 [grpc-default-executor-8] WARN  server.GrpcLogAppender (LogUtils.java:warn(122)) - b4cee484-4d20-4d73-ba0e-c1d545d3b234@group-86CFD4FF3404->5abe4e47-48d4-4bed-b79b-0afa624f904e-AppendLogResponseHandler: Failed appendEntries: org.apache.ratis.thirdparty.io.grpc.StatusRuntimeException: UNAVAILABLE: io exception
2020-05-22 21:02:45,358 [grpc-default-executor-8] INFO  impl.FollowerInfo (FollowerInfo.java:lambda$new$0(50)) - b4cee484-4d20-4d73-ba0e-c1d545d3b234@group-86CFD4FF3404->5abe4e47-48d4-4bed-b79b-0afa624f904e: nextIndex: updateUnconditionally 2 -> 1
2020-05-22 21:02:45,858 [grpc-default-executor-1] WARN  server.GrpcLogAppender (LogUtils.java:warn(122)) - b4cee484-4d20-4d73-ba0e-c1d545d3b234@group-86CFD4FF3404->c918de7f-ef30-4f8b-9922-6cd8c5b8891b-AppendLogResponseHandler: Failed appendEntries: org.apache.ratis.thirdparty.io.grpc.StatusRuntimeException: UNAVAILABLE: io exception
2020-05-22 21:02:45,858 [grpc-default-executor-1] INFO  impl.FollowerInfo (FollowerInfo.java:lambda$new$0(50)) - b4cee484-4d20-4d73-ba0e-c1d545d3b234@group-86CFD4FF3404->c918de7f-ef30-4f8b-9922-6cd8c5b8891b: nextIndex: updateUnconditionally 9 -> 8
2020-05-22 21:02:45,859 [grpc-default-executor-8] WARN  server.GrpcLogAppender (LogUtils.java:warn(122)) - b4cee484-4d20-4d73-ba0e-c1d545d3b234@group-86CFD4FF3404->5abe4e47-48d4-4bed-b79b-0afa624f904e-AppendLogResponseHandler: Failed appendEntries: org.apache.ratis.thirdparty.io.grpc.StatusRuntimeException: UNAVAILABLE: io exception
2020-05-22 21:02:45,859 [grpc-default-executor-8] INFO  impl.FollowerInfo (FollowerInfo.java:lambda$new$0(50)) - b4cee484-4d20-4d73-ba0e-c1d545d3b234@group-86CFD4FF3404->5abe4e47-48d4-4bed-b79b-0afa624f904e: nextIndex: updateUnconditionally 2 -> 1
2020-05-22 21:02:46,360 [grpc-default-executor-2] WARN  server.GrpcLogAppender (LogUtils.java:warn(122)) - b4cee484-4d20-4d73-ba0e-c1d545d3b234@group-86CFD4FF3404->c918de7f-ef30-4f8b-9922-6cd8c5b8891b-AppendLogResponseHandler: Failed appendEntries: org.apache.ratis.thirdparty.io.grpc.StatusRuntimeException: UNAVAILABLE: io exception
2020-05-22 21:02:46,360 [grpc-default-executor-2] INFO  impl.FollowerInfo (FollowerInfo.java:lambda$new$0(50)) - b4cee484-4d20-4d73-ba0e-c1d545d3b234@group-86CFD4FF3404->c918de7f-ef30-4f8b-9922-6cd8c5b8891b: nextIndex: updateUnconditionally 9 -> 8
2020-05-22 21:02:46,361 [grpc-default-executor-2] WARN  server.GrpcLogAppender (LogUtils.java:warn(122)) - b4cee484-4d20-4d73-ba0e-c1d545d3b234@group-86CFD4FF3404->5abe4e47-48d4-4bed-b79b-0afa624f904e-AppendLogResponseHandler: Failed appendEntries: org.apache.ratis.thirdparty.io.grpc.StatusRuntimeException: UNAVAILABLE: io exception
2020-05-22 21:02:46,362 [grpc-default-executor-2] INFO  impl.FollowerInfo (FollowerInfo.java:lambda$new$0(50)) - b4cee484-4d20-4d73-ba0e-c1d545d3b234@group-86CFD4FF3404->5abe4e47-48d4-4bed-b79b-0afa624f904e: nextIndex: updateUnconditionally 2 -> 1
2020-05-22 21:02:46,415 [ForkJoinPool.commonPool-worker-1] INFO  ozoneimpl.OzoneContainer (OzoneContainer.java:stop(246)) - Attempting to stop container services.
2020-05-22 21:02:46,415 [Listener at 127.0.0.1/42845] INFO  ozoneimpl.OzoneContainer (OzoneContainer.java:stop(246)) - Attempting to stop container services.
2020-05-22 21:02:46,416 [Listener at 127.0.0.1/42845] INFO  impl.RaftServerProxy (RaftServerProxy.java:lambda$close$4(314)) - ca65480a-af45-4754-bab7-1cb47c27def5: close
2020-05-22 21:02:46,416 [Listener at 127.0.0.1/42845] INFO  impl.RaftServerImpl (RaftServerImpl.java:lambda$shutdown$3(250)) - ca65480a-af45-4754-bab7-1cb47c27def5@group-E6DA4C78A847: shutdown
2020-05-22 21:02:46,417 [Listener at 127.0.0.1/42845] INFO  util.JmxRegister (JmxRegister.java:unregister(73)) - Successfully un-registered JMX Bean with object name Ratis:service=RaftServer,group=group-E6DA4C78A847,id=ca65480a-af45-4754-bab7-1cb47c27def5
2020-05-22 21:02:46,417 [Listener at 127.0.0.1/42845] INFO  impl.RoleInfo (RoleInfo.java:shutdownLeaderState(104)) - ca65480a-af45-4754-bab7-1cb47c27def5: shutdown LeaderState
2020-05-22 21:02:46,417 [Listener at 127.0.0.1/42845] INFO  impl.PendingRequests (PendingRequests.java:sendNotLeaderResponses(242)) - ca65480a-af45-4754-bab7-1cb47c27def5@group-E6DA4C78A847-PendingRequests: sendNotLeaderResponses
2020-05-22 21:02:46,418 [Listener at 127.0.0.1/42845] INFO  metrics.RatisMetrics (RatisMetrics.java:unregister(46)) - Unregistering Metrics Registry : ratis.log_appender.ca65480a-af45-4754-bab7-1cb47c27def5@group-E6DA4C78A847
2020-05-22 21:02:46,418 [Listener at 127.0.0.1/42845] INFO  impl.StateMachineUpdater (StateMachineUpdater.java:stopAndJoin(142)) - ca65480a-af45-4754-bab7-1cb47c27def5@group-E6DA4C78A847-StateMachineUpdater: set stopIndex = 0
2020-05-22 21:02:46,419 [ca65480a-af45-4754-bab7-1cb47c27def5@group-E6DA4C78A847-StateMachineUpdater] INFO  ratis.ContainerStateMachine (ContainerStateMachine.java:takeSnapshot(288)) - group-E6DA4C78A847: Taking a snapshot at:(t:1, i:0) file /github/workspace/mnt/ozone/hadoop-ozone/integration-test/target/test-dir/MiniOzoneClusterImpl-aeaef343-8586-4703-af18-3341d148064c/datanode-5/data/ratis/b7cfcb0b-af13-4a20-9f77-e6da4c78a847/sm/snapshot.1_0
2020-05-22 21:02:46,420 [ca65480a-af45-4754-bab7-1cb47c27def5@group-E6DA4C78A847-StateMachineUpdater] INFO  ratis.ContainerStateMachine (ContainerStateMachine.java:takeSnapshot(299)) - group-E6DA4C78A847: Finished taking a snapshot at:(t:1, i:0) file:/github/workspace/mnt/ozone/hadoop-ozone/integration-test/target/test-dir/MiniOzoneClusterImpl-aeaef343-8586-4703-af18-3341d148064c/datanode-5/data/ratis/b7cfcb0b-af13-4a20-9f77-e6da4c78a847/sm/snapshot.1_0 time:1
2020-05-22 21:02:46,420 [ca65480a-af45-4754-bab7-1cb47c27def5@group-E6DA4C78A847-StateMachineUpdater] INFO  impl.StateMachineUpdater (StateMachineUpdater.java:takeSnapshot(277)) - ca65480a-af45-4754-bab7-1cb47c27def5@group-E6DA4C78A847-StateMachineUpdater: Took a snapshot at index 0
2020-05-22 21:02:46,420 [ca65480a-af45-4754-bab7-1cb47c27def5@group-E6DA4C78A847-StateMachineUpdater] INFO  impl.StateMachineUpdater (StateMachineUpdater.java:lambda$new$0(87)) - ca65480a-af45-4754-bab7-1cb47c27def5@group-E6DA4C78A847-StateMachineUpdater: snapshotIndex: updateIncreasingly -1 -> 0
2020-05-22 21:02:46,421 [ca65480a-af45-4754-bab7-1cb47c27def5@group-E6DA4C78A847-StateMachineUpdater] INFO  metrics.RatisMetrics (RatisMetrics.java:unregister(46)) - Unregistering Metrics Registry : ratis.state_machine.ca65480a-af45-4754-bab7-1cb47c27def5@group-E6DA4C78A847
2020-05-22 21:02:46,421 [Listener at 127.0.0.1/42845] INFO  impl.RaftServerImpl (ServerState.java:close(387)) - ca65480a-af45-4754-bab7-1cb47c27def5@group-E6DA4C78A847: closes. applyIndex: 0
2020-05-22 21:02:46,421 [ca65480a-af45-4754-bab7-1cb47c27def5@group-E6DA4C78A847-SegmentedRaftLogWorker] INFO  segmented.SegmentedRaftLogWorker (SegmentedRaftLogWorker.java:run(321)) - ca65480a-af45-4754-bab7-1cb47c27def5@group-E6DA4C78A847-SegmentedRaftLogWorker was interrupted, exiting. There are 0 tasks remaining in the queue.
2020-05-22 21:02:46,422 [Listener at 127.0.0.1/42845] INFO  segmented.SegmentedRaftLogWorker (SegmentedRaftLogWorker.java:close(229)) - ca65480a-af45-4754-bab7-1cb47c27def5@group-E6DA4C78A847-SegmentedRaftLogWorker close()
2020-05-22 21:02:46,416 [ForkJoinPool.commonPool-worker-1] INFO  impl.RaftServerProxy (RaftServerProxy.java:lambda$close$4(314)) - a3997db8-320d-4151-9902-06bffb7c93ac: close
2020-05-22 21:02:46,424 [ForkJoinPool.commonPool-worker-1] INFO  impl.RaftServerImpl (RaftServerImpl.java:lambda$shutdown$3(250)) - a3997db8-320d-4151-9902-06bffb7c93ac@group-F4E35192C1A7: shutdown
2020-05-22 21:02:46,424 [ForkJoinPool.commonPool-worker-1] INFO  util.JmxRegister (JmxRegister.java:unregister(73)) - Successfully un-registered JMX Bean with object name Ratis:service=RaftServer,group=group-F4E35192C1A7,id=a3997db8-320d-4151-9902-06bffb7c93ac
2020-05-22 21:02:46,424 [ForkJoinPool.commonPool-worker-1] INFO  impl.RoleInfo (RoleInfo.java:shutdownFollowerState(121)) - a3997db8-320d-4151-9902-06bffb7c93ac: shutdown FollowerState
2020-05-22 21:02:46,424 [ForkJoinPool.commonPool-worker-1] INFO  impl.StateMachineUpdater (StateMachineUpdater.java:stopAndJoin(142)) - a3997db8-320d-4151-9902-06bffb7c93ac@group-F4E35192C1A7-StateMachineUpdater: set stopIndex = 8
2020-05-22 21:02:46,424 [Thread-388] INFO  impl.FollowerState (FollowerState.java:run(117)) - a3997db8-320d-4151-9902-06bffb7c93ac@group-F4E35192C1A7-FollowerState was interrupted: java.lang.InterruptedException: sleep interrupted
2020-05-22 21:02:46,425 [a3997db8-320d-4151-9902-06bffb7c93ac@group-F4E35192C1A7-StateMachineUpdater] INFO  ratis.ContainerStateMachine (ContainerStateMachine.java:takeSnapshot(288)) - group-F4E35192C1A7: Taking a snapshot at:(t:2, i:8) file /github/workspace/mnt/ozone/hadoop-ozone/integration-test/target/test-dir/MiniOzoneClusterImpl-aeaef343-8586-4703-af18-3341d148064c/datanode-2/data/ratis/b8bc81e2-7c38-4433-8921-f4e35192c1a7/sm/snapshot.2_8
2020-05-22 21:02:46,426 [Listener at 127.0.0.1/42845] INFO  metrics.RatisMetrics (RatisMetrics.java:unregister(46)) - Unregistering Metrics Registry : ratis.log_worker.ca65480a-af45-4754-bab7-1cb47c27def5
2020-05-22 21:02:46,426 [Listener at 127.0.0.1/42845] INFO  metrics.RatisMetrics (RatisMetrics.java:unregister(46)) - Unregistering Metrics Registry : ratis.leader_election.ca65480a-af45-4754-bab7-1cb47c27def5@group-E6DA4C78A847
2020-05-22 21:02:46,426 [Listener at 127.0.0.1/42845] INFO  metrics.RatisMetrics (RatisMetrics.java:unregister(46)) - Unregistering Metrics Registry : ratis.server.ca65480a-af45-4754-bab7-1cb47c27def5@group-E6DA4C78A847
2020-05-22 21:02:46,427 [Listener at 127.0.0.1/42845] INFO  impl.RaftServerImpl (RaftServerImpl.java:lambda$shutdown$3(250)) - ca65480a-af45-4754-bab7-1cb47c27def5@group-402642E6913C: shutdown
2020-05-22 21:02:46,427 [Listener at 127.0.0.1/42845] INFO  util.JmxRegister (JmxRegister.java:unregister(73)) - Successfully un-registered JMX Bean with object name Ratis:service=RaftServer,group=group-402642E6913C,id=ca65480a-af45-4754-bab7-1cb47c27def5
2020-05-22 21:02:46,427 [Listener at 127.0.0.1/42845] INFO  impl.RoleInfo (RoleInfo.java:shutdownFollowerState(121)) - ca65480a-af45-4754-bab7-1cb47c27def5: shutdown FollowerState
2020-05-22 21:02:46,426 [a3997db8-320d-4151-9902-06bffb7c93ac@group-F4E35192C1A7-StateMachineUpdater] INFO  ratis.ContainerStateMachine (ContainerStateMachine.java:takeSnapshot(299)) - group-F4E35192C1A7: Finished taking a snapshot at:(t:2, i:8) file:/github/workspace/mnt/ozone/hadoop-ozone/integration-test/target/test-dir/MiniOzoneClusterImpl-aeaef343-8586-4703-af18-3341d148064c/datanode-2/data/ratis/b8bc81e2-7c38-4433-8921-f4e35192c1a7/sm/snapshot.2_8 time:1
2020-05-22 21:02:46,427 [a3997db8-320d-4151-9902-06bffb7c93ac@group-F4E35192C1A7-StateMachineUpdater] INFO  impl.StateMachineUpdater (StateMachineUpdater.java:takeSnapshot(277)) - a3997db8-320d-4151-9902-06bffb7c93ac@group-F4E35192C1A7-StateMachineUpdater: Took a snapshot at index 8
2020-05-22 21:02:46,427 [a3997db8-320d-4151-9902-06bffb7c93ac@group-F4E35192C1A7-StateMachineUpdater] INFO  impl.StateMachineUpdater (StateMachineUpdater.java:lambda$new$0(87)) - a3997db8-320d-4151-9902-06bffb7c93ac@group-F4E35192C1A7-StateMachineUpdater: snapshotIndex: updateIncreasingly -1 -> 8
2020-05-22 21:02:46,427 [Listener at 127.0.0.1/42845] INFO  impl.StateMachineUpdater (StateMachineUpdater.java:stopAndJoin(142)) - ca65480a-af45-4754-bab7-1cb47c27def5@group-402642E6913C-StateMachineUpdater: set stopIndex = 0
2020-05-22 21:02:46,428 [Thread-400] INFO  impl.FollowerState (FollowerState.java:run(117)) - ca65480a-af45-4754-bab7-1cb47c27def5@group-402642E6913C-FollowerState was interrupted: java.lang.InterruptedException: sleep interrupted
2020-05-22 21:02:46,428 [a3997db8-320d-4151-9902-06bffb7c93ac@group-F4E35192C1A7-StateMachineUpdater] INFO  metrics.RatisMetrics (RatisMetrics.java:unregister(46)) - Unregistering Metrics Registry : ratis.state_machine.a3997db8-320d-4151-9902-06bffb7c93ac@group-F4E35192C1A7
2020-05-22 21:02:46,427 [ca65480a-af45-4754-bab7-1cb47c27def5@group-402642E6913C-StateMachineUpdater] INFO  ratis.ContainerStateMachine (ContainerStateMachine.java:takeSnapshot(288)) - group-402642E6913C: Taking a snapshot at:(t:2, i:0) file /github/workspace/mnt/ozone/hadoop-ozone/integration-test/target/test-dir/MiniOzoneClusterImpl-aeaef343-8586-4703-af18-3341d148064c/datanode-5/data/ratis/23a7bbaf-54e2-4fd9-8428-402642e6913c/sm/snapshot.2_0
2020-05-22 21:02:46,429 [ForkJoinPool.commonPool-worker-1] INFO  impl.RaftServerImpl (ServerState.java:close(387)) - a3997db8-320d-4151-9902-06bffb7c93ac@group-F4E35192C1A7: closes. applyIndex: 8
2020-05-22 21:02:46,429 [a3997db8-320d-4151-9902-06bffb7c93ac@group-F4E35192C1A7-SegmentedRaftLogWorker] INFO  segmented.SegmentedRaftLogWorker (SegmentedRaftLogWorker.java:run(321)) - a3997db8-320d-4151-9902-06bffb7c93ac@group-F4E35192C1A7-SegmentedRaftLogWorker was interrupted, exiting. There are 0 tasks remaining in the queue.
2020-05-22 21:02:46,429 [ca65480a-af45-4754-bab7-1cb47c27def5@group-402642E6913C-StateMachineUpdater] INFO  ratis.ContainerStateMachine (ContainerStateMachine.java:takeSnapshot(299)) - group-402642E6913C: Finished taking a snapshot at:(t:2, i:0) file:/github/workspace/mnt/ozone/hadoop-ozone/integration-test/target/test-dir/MiniOzoneClusterImpl-aeaef343-8586-4703-af18-3341d148064c/datanode-5/data/ratis/23a7bbaf-54e2-4fd9-8428-402642e6913c/sm/snapshot.2_0 time:2
2020-05-22 21:02:46,430 [ca65480a-af45-4754-bab7-1cb47c27def5@group-402642E6913C-StateMachineUpdater] INFO  impl.StateMachineUpdater (StateMachineUpdater.java:takeSnapshot(277)) - ca65480a-af45-4754-bab7-1cb47c27def5@group-402642E6913C-StateMachineUpdater: Took a snapshot at index 0
2020-05-22 21:02:46,430 [ca65480a-af45-4754-bab7-1cb47c27def5@group-402642E6913C-StateMachineUpdater] INFO  impl.StateMachineUpdater (StateMachineUpdater.java:lambda$new$0(87)) - ca65480a-af45-4754-bab7-1cb47c27def5@group-402642E6913C-StateMachineUpdater: snapshotIndex: updateIncreasingly -1 -> 0
2020-05-22 21:02:46,430 [ca65480a-af45-4754-bab7-1cb47c27def5@group-402642E6913C-StateMachineUpdater] INFO  metrics.RatisMetrics (RatisMetrics.java:unregister(46)) - Unregistering Metrics Registry : ratis.state_machine.ca65480a-af45-4754-bab7-1cb47c27def5@group-402642E6913C
2020-05-22 21:02:46,430 [Listener at 127.0.0.1/42845] INFO  impl.RaftServerImpl (ServerState.java:close(387)) - ca65480a-af45-4754-bab7-1cb47c27def5@group-402642E6913C: closes. applyIndex: 0
2020-05-22 21:02:46,430 [ca65480a-af45-4754-bab7-1cb47c27def5@group-402642E6913C-SegmentedRaftLogWorker] INFO  segmented.SegmentedRaftLogWorker (SegmentedRaftLogWorker.java:run(321)) - ca65480a-af45-4754-bab7-1cb47c27def5@group-402642E6913C-SegmentedRaftLogWorker was interrupted, exiting. There are 0 tasks remaining in the queue.
2020-05-22 21:02:46,431 [ForkJoinPool.commonPool-worker-1] INFO  segmented.SegmentedRaftLogWorker (SegmentedRaftLogWorker.java:close(229)) - a3997db8-320d-4151-9902-06bffb7c93ac@group-F4E35192C1A7-SegmentedRaftLogWorker close()
2020-05-22 21:02:46,431 [Listener at 127.0.0.1/42845] INFO  segmented.SegmentedRaftLogWorker (SegmentedRaftLogWorker.java:close(229)) - ca65480a-af45-4754-bab7-1cb47c27def5@group-402642E6913C-SegmentedRaftLogWorker close()
2020-05-22 21:02:46,433 [ForkJoinPool.commonPool-worker-1] INFO  metrics.RatisMetrics (RatisMetrics.java:unregister(46)) - Unregistering Metrics Registry : ratis.log_worker.a3997db8-320d-4151-9902-06bffb7c93ac
2020-05-22 21:02:46,433 [ForkJoinPool.commonPool-worker-1] INFO  metrics.RatisMetrics (RatisMetrics.java:unregister(46)) - Unregistering Metrics Registry : ratis.leader_election.a3997db8-320d-4151-9902-06bffb7c93ac@group-F4E35192C1A7
2020-05-22 21:02:46,433 [ForkJoinPool.commonPool-worker-1] INFO  metrics.RatisMetrics (RatisMetrics.java:unregister(46)) - Unregistering Metrics Registry : ratis.server.a3997db8-320d-4151-9902-06bffb7c93ac@group-F4E35192C1A7
2020-05-22 21:02:46,433 [ForkJoinPool.commonPool-worker-1] INFO  impl.RaftServerImpl (RaftServerImpl.java:lambda$shutdown$3(250)) - a3997db8-320d-4151-9902-06bffb7c93ac@group-A7E35951C657: shutdown
2020-05-22 21:02:46,433 [ForkJoinPool.commonPool-worker-1] INFO  util.JmxRegister (JmxRegister.java:unregister(73)) - Successfully un-registered JMX Bean with object name Ratis:service=RaftServer,group=group-A7E35951C657,id=a3997db8-320d-4151-9902-06bffb7c93ac
2020-05-22 21:02:46,433 [ForkJoinPool.commonPool-worker-1] INFO  impl.RoleInfo (RoleInfo.java:shutdownLeaderState(104)) - a3997db8-320d-4151-9902-06bffb7c93ac: shutdown LeaderState
2020-05-22 21:02:46,434 [ForkJoinPool.commonPool-worker-1] INFO  impl.PendingRequests (PendingRequests.java:sendNotLeaderResponses(242)) - a3997db8-320d-4151-9902-06bffb7c93ac@group-A7E35951C657-PendingRequests: sendNotLeaderResponses
2020-05-22 21:02:46,434 [ForkJoinPool.commonPool-worker-1] INFO  metrics.RatisMetrics (RatisMetrics.java:unregister(46)) - Unregistering Metrics Registry : ratis.log_appender.a3997db8-320d-4151-9902-06bffb7c93ac@group-A7E35951C657
2020-05-22 21:02:46,434 [Listener at 127.0.0.1/42845] INFO  metrics.RatisMetrics (RatisMetrics.java:unregister(46)) - Unregistering Metrics Registry : ratis.log_worker.ca65480a-af45-4754-bab7-1cb47c27def5
2020-05-22 21:02:46,434 [Listener at 127.0.0.1/42845] INFO  metrics.RatisMetrics (RatisMetrics.java:unregister(46)) - Unregistering Metrics Registry : ratis.leader_election.ca65480a-af45-4754-bab7-1cb47c27def5@group-402642E6913C
2020-05-22 21:02:46,434 [Listener at 127.0.0.1/42845] INFO  metrics.RatisMetrics (RatisMetrics.java:unregister(46)) - Unregistering Metrics Registry : ratis.server.ca65480a-af45-4754-bab7-1cb47c27def5@group-402642E6913C
2020-05-22 21:02:46,434 [Listener at 127.0.0.1/42845] INFO  server.GrpcService (GrpcService.java:closeImpl(165)) - ca65480a-af45-4754-bab7-1cb47c27def5: shutdown server with port 34187 now
2020-05-22 21:02:46,435 [ForkJoinPool.commonPool-worker-1] INFO  impl.StateMachineUpdater (StateMachineUpdater.java:stopAndJoin(142)) - a3997db8-320d-4151-9902-06bffb7c93ac@group-A7E35951C657-StateMachineUpdater: set stopIndex = 0
2020-05-22 21:02:46,435 [a3997db8-320d-4151-9902-06bffb7c93ac@group-A7E35951C657-StateMachineUpdater] INFO  ratis.ContainerStateMachine (ContainerStateMachine.java:takeSnapshot(288)) - group-A7E35951C657: Taking a snapshot at:(t:1, i:0) file /github/workspace/mnt/ozone/hadoop-ozone/integration-test/target/test-dir/MiniOzoneClusterImpl-aeaef343-8586-4703-af18-3341d148064c/datanode-2/data/ratis/a436ad64-a1c8-460c-9add-a7e35951c657/sm/snapshot.1_0
2020-05-22 21:02:46,436 [a3997db8-320d-4151-9902-06bffb7c93ac@group-A7E35951C657-StateMachineUpdater] INFO  ratis.ContainerStateMachine (ContainerStateMachine.java:takeSnapshot(299)) - group-A7E35951C657: Finished taking a snapshot at:(t:1, i:0) file:/github/workspace/mnt/ozone/hadoop-ozone/integration-test/target/test-dir/MiniOzoneClusterImpl-aeaef343-8586-4703-af18-3341d148064c/datanode-2/data/ratis/a436ad64-a1c8-460c-9add-a7e35951c657/sm/snapshot.1_0 time:0
2020-05-22 21:02:46,436 [a3997db8-320d-4151-9902-06bffb7c93ac@group-A7E35951C657-StateMachineUpdater] INFO  impl.StateMachineUpdater (StateMachineUpdater.java:takeSnapshot(277)) - a3997db8-320d-4151-9902-06bffb7c93ac@group-A7E35951C657-StateMachineUpdater: Took a snapshot at index 0
2020-05-22 21:02:46,436 [a3997db8-320d-4151-9902-06bffb7c93ac@group-A7E35951C657-StateMachineUpdater] INFO  impl.StateMachineUpdater (StateMachineUpdater.java:lambda$new$0(87)) - a3997db8-320d-4151-9902-06bffb7c93ac@group-A7E35951C657-StateMachineUpdater: snapshotIndex: updateIncreasingly -1 -> 0
2020-05-22 21:02:46,436 [a3997db8-320d-4151-9902-06bffb7c93ac@group-A7E35951C657-StateMachineUpdater] INFO  metrics.RatisMetrics (RatisMetrics.java:unregister(46)) - Unregistering Metrics Registry : ratis.state_machine.a3997db8-320d-4151-9902-06bffb7c93ac@group-A7E35951C657
2020-05-22 21:02:46,436 [ForkJoinPool.commonPool-worker-1] INFO  impl.RaftServerImpl (ServerState.java:close(387)) - a3997db8-320d-4151-9902-06bffb7c93ac@group-A7E35951C657: closes. applyIndex: 0
2020-05-22 21:02:46,437 [a3997db8-320d-4151-9902-06bffb7c93ac@group-A7E35951C657-SegmentedRaftLogWorker] INFO  segmented.SegmentedRaftLogWorker (SegmentedRaftLogWorker.java:run(321)) - a3997db8-320d-4151-9902-06bffb7c93ac@group-A7E35951C657-SegmentedRaftLogWorker was interrupted, exiting. There are 0 tasks remaining in the queue.
2020-05-22 21:02:46,440 [grpc-default-executor-2] WARN  server.GrpcServerProtocolService (LogUtils.java:warn(122)) - ca65480a-af45-4754-bab7-1cb47c27def5: installSnapshot onError, lastRequest: f2bdfaa2-ada9-47f2-baba-68fb1582a464->ca65480a-af45-4754-bab7-1cb47c27def5#1-t2, previous=(t:0, i:0), leaderCommit=-1, initializing? false, entries: size=1, first=(t:2, i:0), CONFIGURATIONENTRY: org.apache.ratis.thirdparty.io.grpc.StatusRuntimeException: CANCELLED: cancelled before receiving half close
2020-05-22 21:02:46,441 [grpc-default-executor-8] WARN  server.GrpcLogAppender (LogUtils.java:warn(122)) - f2bdfaa2-ada9-47f2-baba-68fb1582a464@group-402642E6913C->ca65480a-af45-4754-bab7-1cb47c27def5-AppendLogResponseHandler: Failed appendEntries: org.apache.ratis.thirdparty.io.grpc.StatusRuntimeException: CANCELLED: HTTP/2 error code: CANCEL
Received Rst Stream
2020-05-22 21:02:46,442 [grpc-default-executor-8] INFO  impl.FollowerInfo (FollowerInfo.java:lambda$new$0(50)) - f2bdfaa2-ada9-47f2-baba-68fb1582a464@group-402642E6913C->ca65480a-af45-4754-bab7-1cb47c27def5: nextIndex: updateUnconditionally 1 -> 0
2020-05-22 21:02:46,445 [ForkJoinPool.commonPool-worker-1] INFO  segmented.SegmentedRaftLogWorker (SegmentedRaftLogWorker.java:close(229)) - a3997db8-320d-4151-9902-06bffb7c93ac@group-A7E35951C657-SegmentedRaftLogWorker close()
2020-05-22 21:02:46,445 [Listener at 127.0.0.1/42845] INFO  server.GrpcService (GrpcService.java:closeImpl(173)) - ca65480a-af45-4754-bab7-1cb47c27def5: shutdown server with port 34187 successfully
2020-05-22 21:02:46,458 [ForkJoinPool.commonPool-worker-1] INFO  metrics.RatisMetrics (RatisMetrics.java:unregister(46)) - Unregistering Metrics Registry : ratis.log_worker.a3997db8-320d-4151-9902-06bffb7c93ac
2020-05-22 21:02:46,458 [ForkJoinPool.commonPool-worker-1] INFO  metrics.RatisMetrics (RatisMetrics.java:unregister(46)) - Unregistering Metrics Registry : ratis.leader_election.a3997db8-320d-4151-9902-06bffb7c93ac@group-A7E35951C657
2020-05-22 21:02:46,458 [Listener at 127.0.0.1/42845] INFO  utils.BackgroundService (BackgroundService.java:shutdown(157)) - Shutting down service BlockDeletingService
2020-05-22 21:02:46,459 [ForkJoinPool.commonPool-worker-1] INFO  metrics.RatisMetrics (RatisMetrics.java:unregister(46)) - Unregistering Metrics Registry : ratis.server.a3997db8-320d-4151-9902-06bffb7c93ac@group-A7E35951C657
2020-05-22 21:02:46,459 [ForkJoinPool.commonPool-worker-1] INFO  server.GrpcService (GrpcService.java:closeImpl(165)) - a3997db8-320d-4151-9902-06bffb7c93ac: shutdown server with port 38093 now
2020-05-22 21:02:46,460 [grpc-default-executor-2] WARN  server.GrpcServerProtocolService (LogUtils.java:warn(122)) - a3997db8-320d-4151-9902-06bffb7c93ac: installSnapshot onError, lastRequest: 2484e415-5504-40d1-8ead-c46d206deb95->a3997db8-320d-4151-9902-06bffb7c93ac#35-t2, previous=(t:2, i:7), leaderCommit=4, initializing? false, entries: size=1, first=(t:2, i:8), METADATAENTRY(c:4): org.apache.ratis.thirdparty.io.grpc.StatusRuntimeException: CANCELLED: cancelled before receiving half close
2020-05-22 21:02:46,462 [grpc-default-executor-2] WARN  server.GrpcLogAppender (LogUtils.java:warn(122)) - 2484e415-5504-40d1-8ead-c46d206deb95@group-F4E35192C1A7->a3997db8-320d-4151-9902-06bffb7c93ac-AppendLogResponseHandler: Failed appendEntries: org.apache.ratis.thirdparty.io.grpc.StatusRuntimeException: CANCELLED: HTTP/2 error code: CANCEL
Received Rst Stream
2020-05-22 21:02:46,465 [ForkJoinPool.commonPool-worker-1] INFO  server.GrpcService (GrpcService.java:closeImpl(173)) - a3997db8-320d-4151-9902-06bffb7c93ac: shutdown server with port 38093 successfully
2020-05-22 21:02:46,470 [grpc-default-executor-2] INFO  impl.FollowerInfo (FollowerInfo.java:lambda$new$0(50)) - 2484e415-5504-40d1-8ead-c46d206deb95@group-F4E35192C1A7->a3997db8-320d-4151-9902-06bffb7c93ac: nextIndex: updateUnconditionally 9 -> 8
2020-05-22 21:02:46,471 [Listener at 127.0.0.1/42845] INFO  statemachine.DatanodeStateMachine (DatanodeStateMachine.java:stopDaemon(424)) - Ozone container server stopped.
2020-05-22 21:02:46,472 [Listener at 127.0.0.1/42845] INFO  handler.ContextHandler (ContextHandler.java:doStop(1016)) - Stopped o.e.j.w.WebAppContext@788762da{hddsDatanode,/,null,UNAVAILABLE}{jar:file:/home/user/.m2/repository/org/apache/hadoop/hadoop-hdds-container-service/0.6.0-SNAPSHOT/hadoop-hdds-container-service-0.6.0-SNAPSHOT.jar!/webapps/hddsDatanode}
2020-05-22 21:02:46,473 [Listener at 127.0.0.1/42845] INFO  server.AbstractConnector (AbstractConnector.java:doStop(380)) - Stopped ServerConnector@4fd5cff9{HTTP/1.1,[http/1.1]}{0.0.0.0:0}
2020-05-22 21:02:46,473 [Listener at 127.0.0.1/42845] INFO  server.session (HouseKeeper.java:stopScavenging(158)) - node0 Stopped scavenging
2020-05-22 21:02:46,474 [Listener at 127.0.0.1/42845] INFO  handler.ContextHandler (ContextHandler.java:doStop(1016)) - Stopped o.e.j.s.ServletContextHandler@2b3222b1{static,/static,jar:file:/home/user/.m2/repository/org/apache/hadoop/hadoop-hdds-container-service/0.6.0-SNAPSHOT/hadoop-hdds-container-service-0.6.0-SNAPSHOT.jar!/webapps/static,UNAVAILABLE}
2020-05-22 21:02:46,474 [Listener at 127.0.0.1/42845] INFO  handler.ContextHandler (ContextHandler.java:doStop(1016)) - Stopped o.e.j.s.ServletContextHandler@c420a09{logs,/logs,file:///github/workspace/mnt/ozone/hadoop-ozone/integration-test/target/log,UNAVAILABLE}
2020-05-22 21:02:46,476 [ForkJoinPool.commonPool-worker-1] INFO  utils.BackgroundService (BackgroundService.java:shutdown(157)) - Shutting down service BlockDeletingService
2020-05-22 21:02:46,478 [ForkJoinPool.commonPool-worker-1] INFO  statemachine.DatanodeStateMachine (DatanodeStateMachine.java:stopDaemon(424)) - Ozone container server stopped.
2020-05-22 21:02:46,480 [ForkJoinPool.commonPool-worker-1] INFO  handler.ContextHandler (ContextHandler.java:doStop(1016)) - Stopped o.e.j.w.WebAppContext@500200a2{hddsDatanode,/,null,UNAVAILABLE}{jar:file:/home/user/.m2/repository/org/apache/hadoop/hadoop-hdds-container-service/0.6.0-SNAPSHOT/hadoop-hdds-container-service-0.6.0-SNAPSHOT.jar!/webapps/hddsDatanode}
2020-05-22 21:02:46,481 [ForkJoinPool.commonPool-worker-1] INFO  server.AbstractConnector (AbstractConnector.java:doStop(380)) - Stopped ServerConnector@5bb64b2b{HTTP/1.1,[http/1.1]}{0.0.0.0:0}
2020-05-22 21:02:46,481 [ForkJoinPool.commonPool-worker-1] INFO  server.session (HouseKeeper.java:stopScavenging(158)) - node0 Stopped scavenging
2020-05-22 21:02:46,482 [ForkJoinPool.commonPool-worker-1] INFO  handler.ContextHandler (ContextHandler.java:doStop(1016)) - Stopped o.e.j.s.ServletContextHandler@5c7e27c5{static,/static,jar:file:/home/user/.m2/repository/org/apache/hadoop/hadoop-hdds-container-service/0.6.0-SNAPSHOT/hadoop-hdds-container-service-0.6.0-SNAPSHOT.jar!/webapps/static,UNAVAILABLE}
2020-05-22 21:02:46,483 [ForkJoinPool.commonPool-worker-1] INFO  handler.ContextHandler (ContextHandler.java:doStop(1016)) - Stopped o.e.j.s.ServletContextHandler@4136488{logs,/logs,file:///github/workspace/mnt/ozone/hadoop-ozone/integration-test/target/log,UNAVAILABLE}
2020-05-22 21:02:46,862 [grpc-default-executor-8] WARN  server.GrpcLogAppender (LogUtils.java:warn(122)) - b4cee484-4d20-4d73-ba0e-c1d545d3b234@group-86CFD4FF3404->c918de7f-ef30-4f8b-9922-6cd8c5b8891b-AppendLogResponseHandler: Failed appendEntries: org.apache.ratis.thirdparty.io.grpc.StatusRuntimeException: UNAVAILABLE: io exception
2020-05-22 21:02:46,862 [grpc-default-executor-8] INFO  impl.FollowerInfo (FollowerInfo.java:lambda$new$0(50)) - b4cee484-4d20-4d73-ba0e-c1d545d3b234@group-86CFD4FF3404->c918de7f-ef30-4f8b-9922-6cd8c5b8891b: nextIndex: updateUnconditionally 9 -> 8
2020-05-22 21:02:46,865 [grpc-default-executor-2] WARN  server.GrpcLogAppender (LogUtils.java:warn(122)) - b4cee484-4d20-4d73-ba0e-c1d545d3b234@group-86CFD4FF3404->5abe4e47-48d4-4bed-b79b-0afa624f904e-AppendLogResponseHandler: Failed appendEntries: org.apache.ratis.thirdparty.io.grpc.StatusRuntimeException: UNAVAILABLE: io exception
2020-05-22 21:02:46,865 [grpc-default-executor-2] INFO  impl.FollowerInfo (FollowerInfo.java:lambda$new$0(50)) - b4cee484-4d20-4d73-ba0e-c1d545d3b234@group-86CFD4FF3404->5abe4e47-48d4-4bed-b79b-0afa624f904e: nextIndex: updateUnconditionally 2 -> 1
2020-05-22 21:02:46,931 [grpc-default-executor-8] WARN  server.GrpcLogAppender (LogUtils.java:warn(122)) - f2bdfaa2-ada9-47f2-baba-68fb1582a464@group-402642E6913C->ca65480a-af45-4754-bab7-1cb47c27def5-AppendLogResponseHandler: Failed appendEntries: org.apache.ratis.thirdparty.io.grpc.StatusRuntimeException: UNAVAILABLE: io exception
2020-05-22 21:02:46,931 [grpc-default-executor-8] INFO  impl.FollowerInfo (FollowerInfo.java:lambda$new$0(50)) - f2bdfaa2-ada9-47f2-baba-68fb1582a464@group-402642E6913C->ca65480a-af45-4754-bab7-1cb47c27def5: nextIndex: updateUnconditionally 1 -> 0
2020-05-22 21:02:46,950 [grpc-default-executor-2] WARN  server.GrpcLogAppender (LogUtils.java:warn(122)) - 2484e415-5504-40d1-8ead-c46d206deb95@group-F4E35192C1A7->a3997db8-320d-4151-9902-06bffb7c93ac-AppendLogResponseHandler: Failed appendEntries: org.apache.ratis.thirdparty.io.grpc.StatusRuntimeException: UNAVAILABLE: io exception
2020-05-22 21:02:46,950 [grpc-default-executor-2] INFO  impl.FollowerInfo (FollowerInfo.java:lambda$new$0(50)) - 2484e415-5504-40d1-8ead-c46d206deb95@group-F4E35192C1A7->a3997db8-320d-4151-9902-06bffb7c93ac: nextIndex: updateUnconditionally 9 -> 8
2020-05-22 21:02:47,170 [Datanode State Machine Thread - 0] INFO  statemachine.DatanodeStateMachine (DatanodeStateMachine.java:lambda$startDaemon$0(376)) - Ozone container server started.
2020-05-22 21:02:47,242 [Datanode State Machine Thread - 0] INFO  statemachine.DatanodeStateMachine (DatanodeStateMachine.java:lambda$startDaemon$0(376)) - Ozone container server started.
2020-05-22 21:02:47,364 [grpc-default-executor-8] WARN  server.GrpcLogAppender (LogUtils.java:warn(122)) - b4cee484-4d20-4d73-ba0e-c1d545d3b234@group-86CFD4FF3404->c918de7f-ef30-4f8b-9922-6cd8c5b8891b-AppendLogResponseHandler: Failed appendEntries: org.apache.ratis.thirdparty.io.grpc.StatusRuntimeException: UNAVAILABLE: io exception
2020-05-22 21:02:47,364 [grpc-default-executor-8] INFO  impl.FollowerInfo (FollowerInfo.java:lambda$new$0(50)) - b4cee484-4d20-4d73-ba0e-c1d545d3b234@group-86CFD4FF3404->c918de7f-ef30-4f8b-9922-6cd8c5b8891b: nextIndex: updateUnconditionally 9 -> 8
2020-05-22 21:02:47,368 [grpc-default-executor-2] WARN  server.GrpcLogAppender (LogUtils.java:warn(122)) - b4cee484-4d20-4d73-ba0e-c1d545d3b234@group-86CFD4FF3404->5abe4e47-48d4-4bed-b79b-0afa624f904e-AppendLogResponseHandler: Failed appendEntries: org.apache.ratis.thirdparty.io.grpc.StatusRuntimeException: UNAVAILABLE: io exception
2020-05-22 21:02:47,369 [grpc-default-executor-2] INFO  impl.FollowerInfo (FollowerInfo.java:lambda$new$0(50)) - b4cee484-4d20-4d73-ba0e-c1d545d3b234@group-86CFD4FF3404->5abe4e47-48d4-4bed-b79b-0afa624f904e: nextIndex: updateUnconditionally 2 -> 1
2020-05-22 21:02:47,430 [grpc-default-executor-1] WARN  server.GrpcLogAppender (LogUtils.java:warn(122)) - f2bdfaa2-ada9-47f2-baba-68fb1582a464@group-402642E6913C->ca65480a-af45-4754-bab7-1cb47c27def5-AppendLogResponseHandler: Failed appendEntries: org.apache.ratis.thirdparty.io.grpc.StatusRuntimeException: UNAVAILABLE: io exception
2020-05-22 21:02:47,431 [grpc-default-executor-1] INFO  impl.FollowerInfo (FollowerInfo.java:lambda$new$0(50)) - f2bdfaa2-ada9-47f2-baba-68fb1582a464@group-402642E6913C->ca65480a-af45-4754-bab7-1cb47c27def5: nextIndex: updateUnconditionally 1 -> 0
2020-05-22 21:02:47,450 [grpc-default-executor-8] WARN  server.GrpcLogAppender (LogUtils.java:warn(122)) - 2484e415-5504-40d1-8ead-c46d206deb95@group-F4E35192C1A7->a3997db8-320d-4151-9902-06bffb7c93ac-AppendLogResponseHandler: Failed appendEntries: org.apache.ratis.thirdparty.io.grpc.StatusRuntimeException: UNAVAILABLE: io exception
2020-05-22 21:02:47,451 [grpc-default-executor-8] INFO  impl.FollowerInfo (FollowerInfo.java:lambda$new$0(50)) - 2484e415-5504-40d1-8ead-c46d206deb95@group-F4E35192C1A7->a3997db8-320d-4151-9902-06bffb7c93ac: nextIndex: updateUnconditionally 9 -> 8
2020-05-22 21:02:47,867 [grpc-default-executor-1] WARN  server.GrpcLogAppender (LogUtils.java:warn(122)) - b4cee484-4d20-4d73-ba0e-c1d545d3b234@group-86CFD4FF3404->c918de7f-ef30-4f8b-9922-6cd8c5b8891b-AppendLogResponseHandler: Failed appendEntries: org.apache.ratis.thirdparty.io.grpc.StatusRuntimeException: UNAVAILABLE: io exception
2020-05-22 21:02:47,867 [grpc-default-executor-1] INFO  impl.FollowerInfo (FollowerInfo.java:lambda$new$0(50)) - b4cee484-4d20-4d73-ba0e-c1d545d3b234@group-86CFD4FF3404->c918de7f-ef30-4f8b-9922-6cd8c5b8891b: nextIndex: updateUnconditionally 9 -> 8
2020-05-22 21:02:47,869 [grpc-default-executor-1] WARN  server.GrpcLogAppender (LogUtils.java:warn(122)) - b4cee484-4d20-4d73-ba0e-c1d545d3b234@group-86CFD4FF3404->5abe4e47-48d4-4bed-b79b-0afa624f904e-AppendLogResponseHandler: Failed appendEntries: org.apache.ratis.thirdparty.io.grpc.StatusRuntimeException: UNAVAILABLE: io exception
2020-05-22 21:02:47,869 [grpc-default-executor-1] INFO  impl.FollowerInfo (FollowerInfo.java:lambda$new$0(50)) - b4cee484-4d20-4d73-ba0e-c1d545d3b234@group-86CFD4FF3404->5abe4e47-48d4-4bed-b79b-0afa624f904e: nextIndex: updateUnconditionally 2 -> 1
2020-05-22 21:02:47,935 [grpc-default-executor-2] WARN  server.GrpcLogAppender (LogUtils.java:warn(122)) - f2bdfaa2-ada9-47f2-baba-68fb1582a464@group-402642E6913C->ca65480a-af45-4754-bab7-1cb47c27def5-AppendLogResponseHandler: Failed appendEntries: org.apache.ratis.thirdparty.io.grpc.StatusRuntimeException: UNAVAILABLE: io exception
2020-05-22 21:02:47,935 [grpc-default-executor-2] INFO  impl.FollowerInfo (FollowerInfo.java:lambda$new$0(50)) - f2bdfaa2-ada9-47f2-baba-68fb1582a464@group-402642E6913C->ca65480a-af45-4754-bab7-1cb47c27def5: nextIndex: updateUnconditionally 1 -> 0
2020-05-22 21:02:47,952 [grpc-default-executor-8] WARN  server.GrpcLogAppender (LogUtils.java:warn(122)) - 2484e415-5504-40d1-8ead-c46d206deb95@group-F4E35192C1A7->a3997db8-320d-4151-9902-06bffb7c93ac-AppendLogResponseHandler: Failed appendEntries: org.apache.ratis.thirdparty.io.grpc.StatusRuntimeException: UNAVAILABLE: io exception
2020-05-22 21:02:47,952 [grpc-default-executor-8] INFO  impl.FollowerInfo (FollowerInfo.java:lambda$new$0(50)) - 2484e415-5504-40d1-8ead-c46d206deb95@group-F4E35192C1A7->a3997db8-320d-4151-9902-06bffb7c93ac: nextIndex: updateUnconditionally 9 -> 8
2020-05-22 21:02:48,374 [grpc-default-executor-1] WARN  server.GrpcLogAppender (LogUtils.java:warn(122)) - b4cee484-4d20-4d73-ba0e-c1d545d3b234@group-86CFD4FF3404->c918de7f-ef30-4f8b-9922-6cd8c5b8891b-AppendLogResponseHandler: Failed appendEntries: org.apache.ratis.thirdparty.io.grpc.StatusRuntimeException: UNAVAILABLE: io exception
2020-05-22 21:02:48,375 [grpc-default-executor-2] WARN  server.GrpcLogAppender (LogUtils.java:warn(122)) - b4cee484-4d20-4d73-ba0e-c1d545d3b234@group-86CFD4FF3404->5abe4e47-48d4-4bed-b79b-0afa624f904e-AppendLogResponseHandler: Failed appendEntries: org.apache.ratis.thirdparty.io.grpc.StatusRuntimeException: UNAVAILABLE: io exception
2020-05-22 21:02:48,376 [grpc-default-executor-2] INFO  impl.FollowerInfo (FollowerInfo.java:lambda$new$0(50)) - b4cee484-4d20-4d73-ba0e-c1d545d3b234@group-86CFD4FF3404->5abe4e47-48d4-4bed-b79b-0afa624f904e: nextIndex: updateUnconditionally 2 -> 1
2020-05-22 21:02:48,376 [grpc-default-executor-1] INFO  impl.FollowerInfo (FollowerInfo.java:lambda$new$0(50)) - b4cee484-4d20-4d73-ba0e-c1d545d3b234@group-86CFD4FF3404->c918de7f-ef30-4f8b-9922-6cd8c5b8891b: nextIndex: updateUnconditionally 9 -> 8
2020-05-22 21:02:48,435 [grpc-default-executor-2] WARN  server.GrpcLogAppender (LogUtils.java:warn(122)) - f2bdfaa2-ada9-47f2-baba-68fb1582a464@group-402642E6913C->ca65480a-af45-4754-bab7-1cb47c27def5-AppendLogResponseHandler: Failed appendEntries: org.apache.ratis.thirdparty.io.grpc.StatusRuntimeException: UNAVAILABLE: io exception
2020-05-22 21:02:48,435 [grpc-default-executor-2] INFO  impl.FollowerInfo (FollowerInfo.java:lambda$new$0(50)) - f2bdfaa2-ada9-47f2-baba-68fb1582a464@group-402642E6913C->ca65480a-af45-4754-bab7-1cb47c27def5: nextIndex: updateUnconditionally 1 -> 0
2020-05-22 21:02:48,457 [grpc-default-executor-1] WARN  server.GrpcLogAppender (LogUtils.java:warn(122)) - 2484e415-5504-40d1-8ead-c46d206deb95@group-F4E35192C1A7->a3997db8-320d-4151-9902-06bffb7c93ac-AppendLogResponseHandler: Failed appendEntries: org.apache.ratis.thirdparty.io.grpc.StatusRuntimeException: UNAVAILABLE: io exception
2020-05-22 21:02:48,457 [grpc-default-executor-1] INFO  impl.FollowerInfo (FollowerInfo.java:lambda$new$0(50)) - 2484e415-5504-40d1-8ead-c46d206deb95@group-F4E35192C1A7->a3997db8-320d-4151-9902-06bffb7c93ac: nextIndex: updateUnconditionally 9 -> 8
2020-05-22 21:02:48,871 [grpc-default-executor-2] WARN  server.GrpcLogAppender (LogUtils.java:warn(122)) - b4cee484-4d20-4d73-ba0e-c1d545d3b234@group-86CFD4FF3404->c918de7f-ef30-4f8b-9922-6cd8c5b8891b-AppendLogResponseHandler: Failed appendEntries: org.apache.ratis.thirdparty.io.grpc.StatusRuntimeException: UNAVAILABLE: io exception
2020-05-22 21:02:48,872 [grpc-default-executor-2] INFO  impl.FollowerInfo (FollowerInfo.java:lambda$new$0(50)) - b4cee484-4d20-4d73-ba0e-c1d545d3b234@group-86CFD4FF3404->c918de7f-ef30-4f8b-9922-6cd8c5b8891b: nextIndex: updateUnconditionally 9 -> 8
2020-05-22 21:02:48,876 [grpc-default-executor-1] WARN  server.GrpcLogAppender (LogUtils.java:warn(122)) - b4cee484-4d20-4d73-ba0e-c1d545d3b234@group-86CFD4FF3404->5abe4e47-48d4-4bed-b79b-0afa624f904e-AppendLogResponseHandler: Failed appendEntries: org.apache.ratis.thirdparty.io.grpc.StatusRuntimeException: UNAVAILABLE: io exception
2020-05-22 21:02:48,876 [grpc-default-executor-1] INFO  impl.FollowerInfo (FollowerInfo.java:lambda$new$0(50)) - b4cee484-4d20-4d73-ba0e-c1d545d3b234@group-86CFD4FF3404->5abe4e47-48d4-4bed-b79b-0afa624f904e: nextIndex: updateUnconditionally 2 -> 1
2020-05-22 21:02:48,938 [grpc-default-executor-2] WARN  server.GrpcLogAppender (LogUtils.java:warn(122)) - f2bdfaa2-ada9-47f2-baba-68fb1582a464@group-402642E6913C->ca65480a-af45-4754-bab7-1cb47c27def5-AppendLogResponseHandler: Failed appendEntries: org.apache.ratis.thirdparty.io.grpc.StatusRuntimeException: UNAVAILABLE: io exception
2020-05-22 21:02:48,938 [grpc-default-executor-2] INFO  impl.FollowerInfo (FollowerInfo.java:lambda$new$0(50)) - f2bdfaa2-ada9-47f2-baba-68fb1582a464@group-402642E6913C->ca65480a-af45-4754-bab7-1cb47c27def5: nextIndex: updateUnconditionally 1 -> 0
2020-05-22 21:02:48,959 [grpc-default-executor-1] WARN  server.GrpcLogAppender (LogUtils.java:warn(122)) - 2484e415-5504-40d1-8ead-c46d206deb95@group-F4E35192C1A7->a3997db8-320d-4151-9902-06bffb7c93ac-AppendLogResponseHandler: Failed appendEntries: org.apache.ratis.thirdparty.io.grpc.StatusRuntimeException: UNAVAILABLE: io exception
2020-05-22 21:02:48,959 [grpc-default-executor-1] INFO  impl.FollowerInfo (FollowerInfo.java:lambda$new$0(50)) - 2484e415-5504-40d1-8ead-c46d206deb95@group-F4E35192C1A7->a3997db8-320d-4151-9902-06bffb7c93ac: nextIndex: updateUnconditionally 9 -> 8
2020-05-22 21:02:49,373 [grpc-default-executor-2] WARN  server.GrpcLogAppender (LogUtils.java:warn(122)) - b4cee484-4d20-4d73-ba0e-c1d545d3b234@group-86CFD4FF3404->c918de7f-ef30-4f8b-9922-6cd8c5b8891b-AppendLogResponseHandler: Failed appendEntries: org.apache.ratis.thirdparty.io.grpc.StatusRuntimeException: UNAVAILABLE: io exception
2020-05-22 21:02:49,373 [grpc-default-executor-2] INFO  impl.FollowerInfo (FollowerInfo.java:lambda$new$0(50)) - b4cee484-4d20-4d73-ba0e-c1d545d3b234@group-86CFD4FF3404->c918de7f-ef30-4f8b-9922-6cd8c5b8891b: nextIndex: updateUnconditionally 9 -> 8
2020-05-22 21:02:49,377 [grpc-default-executor-1] WARN  server.GrpcLogAppender (LogUtils.java:warn(122)) - b4cee484-4d20-4d73-ba0e-c1d545d3b234@group-86CFD4FF3404->5abe4e47-48d4-4bed-b79b-0afa624f904e-AppendLogResponseHandler: Failed appendEntries: org.apache.ratis.thirdparty.io.grpc.StatusRuntimeException: UNAVAILABLE: io exception
2020-05-22 21:02:49,378 [grpc-default-executor-1] INFO  impl.FollowerInfo (FollowerInfo.java:lambda$new$0(50)) - b4cee484-4d20-4d73-ba0e-c1d545d3b234@group-86CFD4FF3404->5abe4e47-48d4-4bed-b79b-0afa624f904e: nextIndex: updateUnconditionally 2 -> 1
2020-05-22 21:02:49,439 [grpc-default-executor-2] WARN  server.GrpcLogAppender (LogUtils.java:warn(122)) - f2bdfaa2-ada9-47f2-baba-68fb1582a464@group-402642E6913C->ca65480a-af45-4754-bab7-1cb47c27def5-AppendLogResponseHandler: Failed appendEntries: org.apache.ratis.thirdparty.io.grpc.StatusRuntimeException: UNAVAILABLE: io exception
2020-05-22 21:02:49,439 [grpc-default-executor-2] INFO  impl.FollowerInfo (FollowerInfo.java:lambda$new$0(50)) - f2bdfaa2-ada9-47f2-baba-68fb1582a464@group-402642E6913C->ca65480a-af45-4754-bab7-1cb47c27def5: nextIndex: updateUnconditionally 1 -> 0
2020-05-22 21:02:49,460 [grpc-default-executor-1] WARN  server.GrpcLogAppender (LogUtils.java:warn(122)) - 2484e415-5504-40d1-8ead-c46d206deb95@group-F4E35192C1A7->a3997db8-320d-4151-9902-06bffb7c93ac-AppendLogResponseHandler: Failed appendEntries: org.apache.ratis.thirdparty.io.grpc.StatusRuntimeException: UNAVAILABLE: io exception
2020-05-22 21:02:49,460 [grpc-default-executor-1] INFO  impl.FollowerInfo (FollowerInfo.java:lambda$new$0(50)) - 2484e415-5504-40d1-8ead-c46d206deb95@group-F4E35192C1A7->a3997db8-320d-4151-9902-06bffb7c93ac: nextIndex: updateUnconditionally 9 -> 8
2020-05-22 21:02:49,876 [grpc-default-executor-2] WARN  server.GrpcLogAppender (LogUtils.java:warn(122)) - b4cee484-4d20-4d73-ba0e-c1d545d3b234@group-86CFD4FF3404->c918de7f-ef30-4f8b-9922-6cd8c5b8891b-AppendLogResponseHandler: Failed appendEntries: org.apache.ratis.thirdparty.io.grpc.StatusRuntimeException: UNAVAILABLE: io exception
2020-05-22 21:02:49,876 [grpc-default-executor-2] INFO  impl.FollowerInfo (FollowerInfo.java:lambda$new$0(50)) - b4cee484-4d20-4d73-ba0e-c1d545d3b234@group-86CFD4FF3404->c918de7f-ef30-4f8b-9922-6cd8c5b8891b: nextIndex: updateUnconditionally 9 -> 8
2020-05-22 21:02:49,879 [grpc-default-executor-1] WARN  server.GrpcLogAppender (LogUtils.java:warn(122)) - b4cee484-4d20-4d73-ba0e-c1d545d3b234@group-86CFD4FF3404->5abe4e47-48d4-4bed-b79b-0afa624f904e-AppendLogResponseHandler: Failed appendEntries: org.apache.ratis.thirdparty.io.grpc.StatusRuntimeException: UNAVAILABLE: io exception
2020-05-22 21:02:49,880 [grpc-default-executor-1] INFO  impl.FollowerInfo (FollowerInfo.java:lambda$new$0(50)) - b4cee484-4d20-4d73-ba0e-c1d545d3b234@group-86CFD4FF3404->5abe4e47-48d4-4bed-b79b-0afa624f904e: nextIndex: updateUnconditionally 2 -> 1
2020-05-22 21:02:49,942 [grpc-default-executor-2] WARN  server.GrpcLogAppender (LogUtils.java:warn(122)) - f2bdfaa2-ada9-47f2-baba-68fb1582a464@group-402642E6913C->ca65480a-af45-4754-bab7-1cb47c27def5-AppendLogResponseHandler: Failed appendEntries: org.apache.ratis.thirdparty.io.grpc.StatusRuntimeException: UNAVAILABLE: io exception
2020-05-22 21:02:49,942 [grpc-default-executor-2] INFO  impl.FollowerInfo (FollowerInfo.java:lambda$new$0(50)) - f2bdfaa2-ada9-47f2-baba-68fb1582a464@group-402642E6913C->ca65480a-af45-4754-bab7-1cb47c27def5: nextIndex: updateUnconditionally 1 -> 0
2020-05-22 21:02:49,962 [grpc-default-executor-1] WARN  server.GrpcLogAppender (LogUtils.java:warn(122)) - 2484e415-5504-40d1-8ead-c46d206deb95@group-F4E35192C1A7->a3997db8-320d-4151-9902-06bffb7c93ac-AppendLogResponseHandler: Failed appendEntries: org.apache.ratis.thirdparty.io.grpc.StatusRuntimeException: UNAVAILABLE: io exception
2020-05-22 21:02:49,962 [grpc-default-executor-1] INFO  impl.FollowerInfo (FollowerInfo.java:lambda$new$0(50)) - 2484e415-5504-40d1-8ead-c46d206deb95@group-F4E35192C1A7->a3997db8-320d-4151-9902-06bffb7c93ac: nextIndex: updateUnconditionally 9 -> 8
2020-05-22 21:02:50,378 [grpc-default-executor-2] WARN  server.GrpcLogAppender (LogUtils.java:warn(122)) - b4cee484-4d20-4d73-ba0e-c1d545d3b234@group-86CFD4FF3404->c918de7f-ef30-4f8b-9922-6cd8c5b8891b-AppendLogResponseHandler: Failed appendEntries: org.apache.ratis.thirdparty.io.grpc.StatusRuntimeException: UNAVAILABLE: io exception
2020-05-22 21:02:50,379 [grpc-default-executor-2] INFO  impl.FollowerInfo (FollowerInfo.java:lambda$new$0(50)) - b4cee484-4d20-4d73-ba0e-c1d545d3b234@group-86CFD4FF3404->c918de7f-ef30-4f8b-9922-6cd8c5b8891b: nextIndex: updateUnconditionally 9 -> 8
2020-05-22 21:02:50,381 [grpc-default-executor-1] WARN  server.GrpcLogAppender (LogUtils.java:warn(122)) - b4cee484-4d20-4d73-ba0e-c1d545d3b234@group-86CFD4FF3404->5abe4e47-48d4-4bed-b79b-0afa624f904e-AppendLogResponseHandler: Failed appendEntries: org.apache.ratis.thirdparty.io.grpc.StatusRuntimeException: UNAVAILABLE: io exception
2020-05-22 21:02:50,382 [grpc-default-executor-1] INFO  impl.FollowerInfo (FollowerInfo.java:lambda$new$0(50)) - b4cee484-4d20-4d73-ba0e-c1d545d3b234@group-86CFD4FF3404->5abe4e47-48d4-4bed-b79b-0afa624f904e: nextIndex: updateUnconditionally 2 -> 1
2020-05-22 21:02:50,443 [grpc-default-executor-2] WARN  server.GrpcLogAppender (LogUtils.java:warn(122)) - f2bdfaa2-ada9-47f2-baba-68fb1582a464@group-402642E6913C->ca65480a-af45-4754-bab7-1cb47c27def5-AppendLogResponseHandler: Failed appendEntries: org.apache.ratis.thirdparty.io.grpc.StatusRuntimeException: UNAVAILABLE: io exception
2020-05-22 21:02:50,444 [grpc-default-executor-2] INFO  impl.FollowerInfo (FollowerInfo.java:lambda$new$0(50)) - f2bdfaa2-ada9-47f2-baba-68fb1582a464@group-402642E6913C->ca65480a-af45-4754-bab7-1cb47c27def5: nextIndex: updateUnconditionally 1 -> 0
2020-05-22 21:02:50,464 [grpc-default-executor-1] WARN  server.GrpcLogAppender (LogUtils.java:warn(122)) - 2484e415-5504-40d1-8ead-c46d206deb95@group-F4E35192C1A7->a3997db8-320d-4151-9902-06bffb7c93ac-AppendLogResponseHandler: Failed appendEntries: org.apache.ratis.thirdparty.io.grpc.StatusRuntimeException: UNAVAILABLE: io exception
2020-05-22 21:02:50,464 [grpc-default-executor-1] INFO  impl.FollowerInfo (FollowerInfo.java:lambda$new$0(50)) - 2484e415-5504-40d1-8ead-c46d206deb95@group-F4E35192C1A7->a3997db8-320d-4151-9902-06bffb7c93ac: nextIndex: updateUnconditionally 9 -> 8
2020-05-22 21:02:50,882 [grpc-default-executor-2] WARN  server.GrpcLogAppender (LogUtils.java:warn(122)) - b4cee484-4d20-4d73-ba0e-c1d545d3b234@group-86CFD4FF3404->c918de7f-ef30-4f8b-9922-6cd8c5b8891b-AppendLogResponseHandler: Failed appendEntries: org.apache.ratis.thirdparty.io.grpc.StatusRuntimeException: UNAVAILABLE: io exception
2020-05-22 21:02:50,883 [grpc-default-executor-2] INFO  impl.FollowerInfo (FollowerInfo.java:lambda$new$0(50)) - b4cee484-4d20-4d73-ba0e-c1d545d3b234@group-86CFD4FF3404->c918de7f-ef30-4f8b-9922-6cd8c5b8891b: nextIndex: updateUnconditionally 9 -> 8
2020-05-22 21:02:50,884 [grpc-default-executor-1] WARN  server.GrpcLogAppender (LogUtils.java:warn(122)) - b4cee484-4d20-4d73-ba0e-c1d545d3b234@group-86CFD4FF3404->5abe4e47-48d4-4bed-b79b-0afa624f904e-AppendLogResponseHandler: Failed appendEntries: org.apache.ratis.thirdparty.io.grpc.StatusRuntimeException: UNAVAILABLE: io exception
2020-05-22 21:02:50,884 [grpc-default-executor-1] INFO  impl.FollowerInfo (FollowerInfo.java:lambda$new$0(50)) - b4cee484-4d20-4d73-ba0e-c1d545d3b234@group-86CFD4FF3404->5abe4e47-48d4-4bed-b79b-0afa624f904e: nextIndex: updateUnconditionally 2 -> 1
2020-05-22 21:02:50,945 [grpc-default-executor-2] WARN  server.GrpcLogAppender (LogUtils.java:warn(122)) - f2bdfaa2-ada9-47f2-baba-68fb1582a464@group-402642E6913C->ca65480a-af45-4754-bab7-1cb47c27def5-AppendLogResponseHandler: Failed appendEntries: org.apache.ratis.thirdparty.io.grpc.StatusRuntimeException: UNAVAILABLE: io exception
2020-05-22 21:02:50,945 [grpc-default-executor-2] INFO  impl.FollowerInfo (FollowerInfo.java:lambda$new$0(50)) - f2bdfaa2-ada9-47f2-baba-68fb1582a464@group-402642E6913C->ca65480a-af45-4754-bab7-1cb47c27def5: nextIndex: updateUnconditionally 1 -> 0
2020-05-22 21:02:50,966 [grpc-default-executor-1] WARN  server.GrpcLogAppender (LogUtils.java:warn(122)) - 2484e415-5504-40d1-8ead-c46d206deb95@group-F4E35192C1A7->a3997db8-320d-4151-9902-06bffb7c93ac-AppendLogResponseHandler: Failed appendEntries: org.apache.ratis.thirdparty.io.grpc.StatusRuntimeException: UNAVAILABLE: io exception
2020-05-22 21:02:50,966 [grpc-default-executor-1] INFO  impl.FollowerInfo (FollowerInfo.java:lambda$new$0(50)) - 2484e415-5504-40d1-8ead-c46d206deb95@group-F4E35192C1A7->a3997db8-320d-4151-9902-06bffb7c93ac: nextIndex: updateUnconditionally 9 -> 8
2020-05-22 21:02:51,383 [grpc-default-executor-2] WARN  server.GrpcLogAppender (LogUtils.java:warn(122)) - b4cee484-4d20-4d73-ba0e-c1d545d3b234@group-86CFD4FF3404->c918de7f-ef30-4f8b-9922-6cd8c5b8891b-AppendLogResponseHandler: Failed appendEntries: org.apache.ratis.thirdparty.io.grpc.StatusRuntimeException: UNAVAILABLE: io exception
2020-05-22 21:02:51,384 [grpc-default-executor-2] INFO  impl.FollowerInfo (FollowerInfo.java:lambda$new$0(50)) - b4cee484-4d20-4d73-ba0e-c1d545d3b234@group-86CFD4FF3404->c918de7f-ef30-4f8b-9922-6cd8c5b8891b: nextIndex: updateUnconditionally 9 -> 8
2020-05-22 21:02:51,385 [grpc-default-executor-2] WARN  server.GrpcLogAppender (LogUtils.java:warn(122)) - b4cee484-4d20-4d73-ba0e-c1d545d3b234@group-86CFD4FF3404->5abe4e47-48d4-4bed-b79b-0afa624f904e-AppendLogResponseHandler: Failed appendEntries: org.apache.ratis.thirdparty.io.grpc.StatusRuntimeException: UNAVAILABLE: io exception
2020-05-22 21:02:51,385 [grpc-default-executor-2] INFO  impl.FollowerInfo (FollowerInfo.java:lambda$new$0(50)) - b4cee484-4d20-4d73-ba0e-c1d545d3b234@group-86CFD4FF3404->5abe4e47-48d4-4bed-b79b-0afa624f904e: nextIndex: updateUnconditionally 2 -> 1
2020-05-22 21:02:51,446 [grpc-default-executor-1] WARN  server.GrpcLogAppender (LogUtils.java:warn(122)) - f2bdfaa2-ada9-47f2-baba-68fb1582a464@group-402642E6913C->ca65480a-af45-4754-bab7-1cb47c27def5-AppendLogResponseHandler: Failed appendEntries: org.apache.ratis.thirdparty.io.grpc.StatusRuntimeException: UNAVAILABLE: io exception
2020-05-22 21:02:51,446 [grpc-default-executor-1] INFO  impl.FollowerInfo (FollowerInfo.java:lambda$new$0(50)) - f2bdfaa2-ada9-47f2-baba-68fb1582a464@group-402642E6913C->ca65480a-af45-4754-bab7-1cb47c27def5: nextIndex: updateUnconditionally 1 -> 0
2020-05-22 21:02:51,467 [grpc-default-executor-2] WARN  server.GrpcLogAppender (LogUtils.java:warn(122)) - 2484e415-5504-40d1-8ead-c46d206deb95@group-F4E35192C1A7->a3997db8-320d-4151-9902-06bffb7c93ac-AppendLogResponseHandler: Failed appendEntries: org.apache.ratis.thirdparty.io.grpc.StatusRuntimeException: UNAVAILABLE: io exception
2020-05-22 21:02:51,467 [grpc-default-executor-2] INFO  impl.FollowerInfo (FollowerInfo.java:lambda$new$0(50)) - 2484e415-5504-40d1-8ead-c46d206deb95@group-F4E35192C1A7->a3997db8-320d-4151-9902-06bffb7c93ac: nextIndex: updateUnconditionally 9 -> 8
2020-05-22 21:02:51,476 [Listener at 127.0.0.1/42845] INFO  ozoneimpl.OzoneContainer (OzoneContainer.java:stop(246)) - Attempting to stop container services.
2020-05-22 21:02:51,476 [Listener at 127.0.0.1/42845] INFO  impl.RaftServerProxy (RaftServerProxy.java:lambda$close$4(314)) - b4cee484-4d20-4d73-ba0e-c1d545d3b234: close
2020-05-22 21:02:51,476 [Listener at 127.0.0.1/42845] INFO  impl.RaftServerImpl (RaftServerImpl.java:lambda$shutdown$3(250)) - b4cee484-4d20-4d73-ba0e-c1d545d3b234@group-86CFD4FF3404: shutdown
2020-05-22 21:02:51,476 [Listener at 127.0.0.1/42845] INFO  util.JmxRegister (JmxRegister.java:unregister(73)) - Successfully un-registered JMX Bean with object name Ratis:service=RaftServer,group=group-86CFD4FF3404,id=b4cee484-4d20-4d73-ba0e-c1d545d3b234
2020-05-22 21:02:51,477 [Listener at 127.0.0.1/42845] INFO  impl.RoleInfo (RoleInfo.java:shutdownLeaderState(104)) - b4cee484-4d20-4d73-ba0e-c1d545d3b234: shutdown LeaderState
2020-05-22 21:02:51,478 [org.apache.ratis.server.impl.LogAppender$AppenderDaemon$$Lambda$479/568955185@401a0918] WARN  server.GrpcLogAppender (GrpcLogAppender.java:mayWait(153)) - b4cee484-4d20-4d73-ba0e-c1d545d3b234@group-86CFD4FF3404->5abe4e47-48d4-4bed-b79b-0afa624f904e-GrpcLogAppender: Wait interrupted by java.lang.InterruptedException
2020-05-22 21:02:51,478 [org.apache.ratis.server.impl.LogAppender$AppenderDaemon$$Lambda$479/568955185@48e20fbb] WARN  server.GrpcLogAppender (GrpcLogAppender.java:mayWait(153)) - b4cee484-4d20-4d73-ba0e-c1d545d3b234@group-86CFD4FF3404->c918de7f-ef30-4f8b-9922-6cd8c5b8891b-GrpcLogAppender: Wait interrupted by java.lang.InterruptedException
2020-05-22 21:02:51,478 [Listener at 127.0.0.1/42845] INFO  impl.PendingRequests (PendingRequests.java:sendNotLeaderResponses(242)) - b4cee484-4d20-4d73-ba0e-c1d545d3b234@group-86CFD4FF3404-PendingRequests: sendNotLeaderResponses
2020-05-22 21:02:51,479 [Listener at 127.0.0.1/42845] INFO  metrics.RatisMetrics (RatisMetrics.java:unregister(46)) - Unregistering Metrics Registry : ratis.log_appender.b4cee484-4d20-4d73-ba0e-c1d545d3b234@group-86CFD4FF3404
2020-05-22 21:02:51,479 [b4cee484-4d20-4d73-ba0e-c1d545d3b234@group-86CFD4FF3404-StateMachineUpdater] INFO  ratis.ContainerStateMachine (ContainerStateMachine.java:takeSnapshot(288)) - group-86CFD4FF3404: Taking a snapshot at:(t:5, i:8) file /github/workspace/mnt/ozone/hadoop-ozone/integration-test/target/test-dir/MiniOzoneClusterImpl-aeaef343-8586-4703-af18-3341d148064c/datanode-8/data/ratis/70b00f91-67e1-47a3-aec0-86cfd4ff3404/sm/snapshot.5_8
2020-05-22 21:02:51,479 [Listener at 127.0.0.1/42845] INFO  impl.StateMachineUpdater (StateMachineUpdater.java:stopAndJoin(142)) - b4cee484-4d20-4d73-ba0e-c1d545d3b234@group-86CFD4FF3404-StateMachineUpdater: set stopIndex = 8
2020-05-22 21:02:51,480 [b4cee484-4d20-4d73-ba0e-c1d545d3b234@group-86CFD4FF3404-StateMachineUpdater] INFO  ratis.ContainerStateMachine (ContainerStateMachine.java:takeSnapshot(299)) - group-86CFD4FF3404: Finished taking a snapshot at:(t:5, i:8) file:/github/workspace/mnt/ozone/hadoop-ozone/integration-test/target/test-dir/MiniOzoneClusterImpl-aeaef343-8586-4703-af18-3341d148064c/datanode-8/data/ratis/70b00f91-67e1-47a3-aec0-86cfd4ff3404/sm/snapshot.5_8 time:1
2020-05-22 21:02:51,480 [b4cee484-4d20-4d73-ba0e-c1d545d3b234@group-86CFD4FF3404-StateMachineUpdater] INFO  impl.StateMachineUpdater (StateMachineUpdater.java:takeSnapshot(277)) - b4cee484-4d20-4d73-ba0e-c1d545d3b234@group-86CFD4FF3404-StateMachineUpdater: Took a snapshot at index 8
2020-05-22 21:02:51,481 [b4cee484-4d20-4d73-ba0e-c1d545d3b234@group-86CFD4FF3404-StateMachineUpdater] INFO  impl.StateMachineUpdater (StateMachineUpdater.java:lambda$new$0(87)) - b4cee484-4d20-4d73-ba0e-c1d545d3b234@group-86CFD4FF3404-StateMachineUpdater: snapshotIndex: updateIncreasingly -1 -> 8
2020-05-22 21:02:51,481 [b4cee484-4d20-4d73-ba0e-c1d545d3b234@group-86CFD4FF3404-StateMachineUpdater] INFO  metrics.RatisMetrics (RatisMetrics.java:unregister(46)) - Unregistering Metrics Registry : ratis.state_machine.b4cee484-4d20-4d73-ba0e-c1d545d3b234@group-86CFD4FF3404
2020-05-22 21:02:51,481 [Listener at 127.0.0.1/42845] INFO  impl.RaftServerImpl (ServerState.java:close(387)) - b4cee484-4d20-4d73-ba0e-c1d545d3b234@group-86CFD4FF3404: closes. applyIndex: 8
2020-05-22 21:02:51,481 [b4cee484-4d20-4d73-ba0e-c1d545d3b234@group-86CFD4FF3404-SegmentedRaftLogWorker] INFO  segmented.SegmentedRaftLogWorker (SegmentedRaftLogWorker.java:run(321)) - b4cee484-4d20-4d73-ba0e-c1d545d3b234@group-86CFD4FF3404-SegmentedRaftLogWorker was interrupted, exiting. There are 0 tasks remaining in the queue.
2020-05-22 21:02:51,482 [Listener at 127.0.0.1/42845] INFO  segmented.SegmentedRaftLogWorker (SegmentedRaftLogWorker.java:close(229)) - b4cee484-4d20-4d73-ba0e-c1d545d3b234@group-86CFD4FF3404-SegmentedRaftLogWorker close()
2020-05-22 21:02:51,483 [Listener at 127.0.0.1/42845] INFO  metrics.RatisMetrics (RatisMetrics.java:unregister(46)) - Unregistering Metrics Registry : ratis.log_worker.b4cee484-4d20-4d73-ba0e-c1d545d3b234
2020-05-22 21:02:51,483 [Listener at 127.0.0.1/42845] INFO  metrics.RatisMetrics (RatisMetrics.java:unregister(46)) - Unregistering Metrics Registry : ratis.leader_election.b4cee484-4d20-4d73-ba0e-c1d545d3b234@group-86CFD4FF3404
2020-05-22 21:02:51,483 [Listener at 127.0.0.1/42845] INFO  metrics.RatisMetrics (RatisMetrics.java:unregister(46)) - Unregistering Metrics Registry : ratis.server.b4cee484-4d20-4d73-ba0e-c1d545d3b234@group-86CFD4FF3404
2020-05-22 21:02:51,483 [Listener at 127.0.0.1/42845] INFO  impl.RaftServerImpl (RaftServerImpl.java:lambda$shutdown$3(250)) - b4cee484-4d20-4d73-ba0e-c1d545d3b234@group-40CB899CD2EF: shutdown
2020-05-22 21:02:51,483 [Listener at 127.0.0.1/42845] INFO  util.JmxRegister (JmxRegister.java:unregister(73)) - Successfully un-registered JMX Bean with object name Ratis:service=RaftServer,group=group-40CB899CD2EF,id=b4cee484-4d20-4d73-ba0e-c1d545d3b234
2020-05-22 21:02:51,483 [Listener at 127.0.0.1/42845] INFO  impl.RoleInfo (RoleInfo.java:shutdownLeaderState(104)) - b4cee484-4d20-4d73-ba0e-c1d545d3b234: shutdown LeaderState
2020-05-22 21:02:51,483 [Listener at 127.0.0.1/42845] INFO  impl.PendingRequests (PendingRequests.java:sendNotLeaderResponses(242)) - b4cee484-4d20-4d73-ba0e-c1d545d3b234@group-40CB899CD2EF-PendingRequests: sendNotLeaderResponses
2020-05-22 21:02:51,484 [Listener at 127.0.0.1/42845] INFO  metrics.RatisMetrics (RatisMetrics.java:unregister(46)) - Unregistering Metrics Registry : ratis.log_appender.b4cee484-4d20-4d73-ba0e-c1d545d3b234@group-40CB899CD2EF
2020-05-22 21:02:51,484 [b4cee484-4d20-4d73-ba0e-c1d545d3b234@group-40CB899CD2EF-StateMachineUpdater] INFO  ratis.ContainerStateMachine (ContainerStateMachine.java:takeSnapshot(288)) - group-40CB899CD2EF: Taking a snapshot at:(t:1, i:0) file /github/workspace/mnt/ozone/hadoop-ozone/integration-test/target/test-dir/MiniOzoneClusterImpl-aeaef343-8586-4703-af18-3341d148064c/datanode-8/data/ratis/60dfce0d-f4e4-432d-a95e-40cb899cd2ef/sm/snapshot.1_0
2020-05-22 21:02:51,484 [Listener at 127.0.0.1/42845] INFO  impl.StateMachineUpdater (StateMachineUpdater.java:stopAndJoin(142)) - b4cee484-4d20-4d73-ba0e-c1d545d3b234@group-40CB899CD2EF-StateMachineUpdater: set stopIndex = 0
2020-05-22 21:02:51,485 [b4cee484-4d20-4d73-ba0e-c1d545d3b234@group-40CB899CD2EF-StateMachineUpdater] INFO  ratis.ContainerStateMachine (ContainerStateMachine.java:takeSnapshot(299)) - group-40CB899CD2EF: Finished taking a snapshot at:(t:1, i:0) file:/github/workspace/mnt/ozone/hadoop-ozone/integration-test/target/test-dir/MiniOzoneClusterImpl-aeaef343-8586-4703-af18-3341d148064c/datanode-8/data/ratis/60dfce0d-f4e4-432d-a95e-40cb899cd2ef/sm/snapshot.1_0 time:1
2020-05-22 21:02:51,485 [b4cee484-4d20-4d73-ba0e-c1d545d3b234@group-40CB899CD2EF-StateMachineUpdater] INFO  impl.StateMachineUpdater (StateMachineUpdater.java:takeSnapshot(277)) - b4cee484-4d20-4d73-ba0e-c1d545d3b234@group-40CB899CD2EF-StateMachineUpdater: Took a snapshot at index 0
2020-05-22 21:02:51,485 [b4cee484-4d20-4d73-ba0e-c1d545d3b234@group-40CB899CD2EF-StateMachineUpdater] INFO  impl.StateMachineUpdater (StateMachineUpdater.java:lambda$new$0(87)) - b4cee484-4d20-4d73-ba0e-c1d545d3b234@group-40CB899CD2EF-StateMachineUpdater: snapshotIndex: updateIncreasingly -1 -> 0
2020-05-22 21:02:51,485 [b4cee484-4d20-4d73-ba0e-c1d545d3b234@group-40CB899CD2EF-StateMachineUpdater] INFO  metrics.RatisMetrics (RatisMetrics.java:unregister(46)) - Unregistering Metrics Registry : ratis.state_machine.b4cee484-4d20-4d73-ba0e-c1d545d3b234@group-40CB899CD2EF
2020-05-22 21:02:51,486 [Listener at 127.0.0.1/42845] INFO  impl.RaftServerImpl (ServerState.java:close(387)) - b4cee484-4d20-4d73-ba0e-c1d545d3b234@group-40CB899CD2EF: closes. applyIndex: 0
2020-05-22 21:02:51,490 [ForkJoinPool.commonPool-worker-1] INFO  ozoneimpl.OzoneContainer (OzoneContainer.java:stop(246)) - Attempting to stop container services.
2020-05-22 21:02:51,491 [b4cee484-4d20-4d73-ba0e-c1d545d3b234@group-40CB899CD2EF-SegmentedRaftLogWorker] INFO  segmented.SegmentedRaftLogWorker (SegmentedRaftLogWorker.java:run(321)) - b4cee484-4d20-4d73-ba0e-c1d545d3b234@group-40CB899CD2EF-SegmentedRaftLogWorker was interrupted, exiting. There are 0 tasks remaining in the queue.
2020-05-22 21:02:51,496 [Listener at 127.0.0.1/42845] INFO  segmented.SegmentedRaftLogWorker (SegmentedRaftLogWorker.java:close(229)) - b4cee484-4d20-4d73-ba0e-c1d545d3b234@group-40CB899CD2EF-SegmentedRaftLogWorker close()
2020-05-22 21:02:51,496 [ForkJoinPool.commonPool-worker-1] INFO  impl.RaftServerProxy (RaftServerProxy.java:lambda$close$4(314)) - f2bdfaa2-ada9-47f2-baba-68fb1582a464: close
2020-05-22 21:02:51,498 [ForkJoinPool.commonPool-worker-1] INFO  impl.RaftServerImpl (RaftServerImpl.java:lambda$shutdown$3(250)) - f2bdfaa2-ada9-47f2-baba-68fb1582a464@group-402642E6913C: shutdown
2020-05-22 21:02:51,499 [ForkJoinPool.commonPool-worker-1] INFO  util.JmxRegister (JmxRegister.java:unregister(73)) - Successfully un-registered JMX Bean with object name Ratis:service=RaftServer,group=group-402642E6913C,id=f2bdfaa2-ada9-47f2-baba-68fb1582a464
2020-05-22 21:02:51,499 [ForkJoinPool.commonPool-worker-1] INFO  impl.RoleInfo (RoleInfo.java:shutdownLeaderState(104)) - f2bdfaa2-ada9-47f2-baba-68fb1582a464: shutdown LeaderState
2020-05-22 21:02:51,505 [org.apache.ratis.server.impl.LogAppender$AppenderDaemon$$Lambda$479/568955185@6a538e3a] WARN  server.GrpcLogAppender (GrpcLogAppender.java:mayWait(153)) - f2bdfaa2-ada9-47f2-baba-68fb1582a464@group-402642E6913C->ca65480a-af45-4754-bab7-1cb47c27def5-GrpcLogAppender: Wait interrupted by java.lang.InterruptedException
2020-05-22 21:02:51,506 [ForkJoinPool.commonPool-worker-1] INFO  impl.PendingRequests (PendingRequests.java:sendNotLeaderResponses(242)) - f2bdfaa2-ada9-47f2-baba-68fb1582a464@group-402642E6913C-PendingRequests: sendNotLeaderResponses
2020-05-22 21:02:51,506 [ForkJoinPool.commonPool-worker-1] INFO  metrics.RatisMetrics (RatisMetrics.java:unregister(46)) - Unregistering Metrics Registry : ratis.log_appender.f2bdfaa2-ada9-47f2-baba-68fb1582a464@group-402642E6913C
2020-05-22 21:02:51,506 [ForkJoinPool.commonPool-worker-1] INFO  impl.StateMachineUpdater (StateMachineUpdater.java:stopAndJoin(142)) - f2bdfaa2-ada9-47f2-baba-68fb1582a464@group-402642E6913C-StateMachineUpdater: set stopIndex = 0
2020-05-22 21:02:51,505 [Listener at 127.0.0.1/42845] INFO  metrics.RatisMetrics (RatisMetrics.java:unregister(46)) - Unregistering Metrics Registry : ratis.log_worker.b4cee484-4d20-4d73-ba0e-c1d545d3b234
2020-05-22 21:02:51,507 [Listener at 127.0.0.1/42845] INFO  metrics.RatisMetrics (RatisMetrics.java:unregister(46)) - Unregistering Metrics Registry : ratis.leader_election.b4cee484-4d20-4d73-ba0e-c1d545d3b234@group-40CB899CD2EF
2020-05-22 21:02:51,507 [Listener at 127.0.0.1/42845] INFO  metrics.RatisMetrics (RatisMetrics.java:unregister(46)) - Unregistering Metrics Registry : ratis.server.b4cee484-4d20-4d73-ba0e-c1d545d3b234@group-40CB899CD2EF
2020-05-22 21:02:51,507 [f2bdfaa2-ada9-47f2-baba-68fb1582a464@group-402642E6913C-StateMachineUpdater] INFO  ratis.ContainerStateMachine (ContainerStateMachine.java:takeSnapshot(288)) - group-402642E6913C: Taking a snapshot at:(t:2, i:0) file /github/workspace/mnt/ozone/hadoop-ozone/integration-test/target/test-dir/MiniOzoneClusterImpl-aeaef343-8586-4703-af18-3341d148064c/datanode-3/data/ratis/23a7bbaf-54e2-4fd9-8428-402642e6913c/sm/snapshot.2_0
2020-05-22 21:02:51,506 [org.apache.ratis.server.impl.LogAppender$AppenderDaemon$$Lambda$479/568955185@5202bb1c] WARN  server.GrpcLogAppender (GrpcLogAppender.java:mayWait(153)) - f2bdfaa2-ada9-47f2-baba-68fb1582a464@group-402642E6913C->64c4e62d-3fa9-4daf-8209-3ca94e9bda72-GrpcLogAppender: Wait interrupted by java.lang.InterruptedException
2020-05-22 21:02:51,508 [f2bdfaa2-ada9-47f2-baba-68fb1582a464@group-402642E6913C-StateMachineUpdater] INFO  ratis.ContainerStateMachine (ContainerStateMachine.java:takeSnapshot(299)) - group-402642E6913C: Finished taking a snapshot at:(t:2, i:0) file:/github/workspace/mnt/ozone/hadoop-ozone/integration-test/target/test-dir/MiniOzoneClusterImpl-aeaef343-8586-4703-af18-3341d148064c/datanode-3/data/ratis/23a7bbaf-54e2-4fd9-8428-402642e6913c/sm/snapshot.2_0 time:1
2020-05-22 21:02:51,508 [f2bdfaa2-ada9-47f2-baba-68fb1582a464@group-402642E6913C-StateMachineUpdater] INFO  impl.StateMachineUpdater (StateMachineUpdater.java:takeSnapshot(277)) - f2bdfaa2-ada9-47f2-baba-68fb1582a464@group-402642E6913C-StateMachineUpdater: Took a snapshot at index 0
2020-05-22 21:02:51,508 [f2bdfaa2-ada9-47f2-baba-68fb1582a464@group-402642E6913C-StateMachineUpdater] INFO  impl.StateMachineUpdater (StateMachineUpdater.java:lambda$new$0(87)) - f2bdfaa2-ada9-47f2-baba-68fb1582a464@group-402642E6913C-StateMachineUpdater: snapshotIndex: updateIncreasingly -1 -> 0
2020-05-22 21:02:51,508 [f2bdfaa2-ada9-47f2-baba-68fb1582a464@group-402642E6913C-StateMachineUpdater] INFO  metrics.RatisMetrics (RatisMetrics.java:unregister(46)) - Unregistering Metrics Registry : ratis.state_machine.f2bdfaa2-ada9-47f2-baba-68fb1582a464@group-402642E6913C
2020-05-22 21:02:51,508 [ForkJoinPool.commonPool-worker-1] INFO  impl.RaftServerImpl (ServerState.java:close(387)) - f2bdfaa2-ada9-47f2-baba-68fb1582a464@group-402642E6913C: closes. applyIndex: 0
2020-05-22 21:02:51,507 [Listener at 127.0.0.1/42845] INFO  server.GrpcService (GrpcService.java:closeImpl(165)) - b4cee484-4d20-4d73-ba0e-c1d545d3b234: shutdown server with port 33307 now
2020-05-22 21:02:51,509 [f2bdfaa2-ada9-47f2-baba-68fb1582a464@group-402642E6913C-SegmentedRaftLogWorker] INFO  segmented.SegmentedRaftLogWorker (SegmentedRaftLogWorker.java:run(321)) - f2bdfaa2-ada9-47f2-baba-68fb1582a464@group-402642E6913C-SegmentedRaftLogWorker was interrupted, exiting. There are 0 tasks remaining in the queue.
2020-05-22 21:02:51,508 [grpc-default-executor-2] INFO  server.GrpcServerProtocolService (GrpcServerProtocolService.java:onCompleted(137)) - 64c4e62d-3fa9-4daf-8209-3ca94e9bda72: Completed APPEND_ENTRIES, lastRequest: f2bdfaa2-ada9-47f2-baba-68fb1582a464->64c4e62d-3fa9-4daf-8209-3ca94e9bda72#1-t2, previous=(t:0, i:0), leaderCommit=-1, initializing? false, entries: size=1, first=(t:2, i:0), CONFIGURATIONENTRY
2020-05-22 21:02:51,510 [Listener at 127.0.0.1/42845] INFO  server.GrpcService (GrpcService.java:closeImpl(173)) - b4cee484-4d20-4d73-ba0e-c1d545d3b234: shutdown server with port 33307 successfully
2020-05-22 21:02:51,510 [grpc-default-executor-1] INFO  server.GrpcLogAppender (GrpcLogAppender.java:onCompleted(309)) - f2bdfaa2-ada9-47f2-baba-68fb1582a464@group-402642E6913C->64c4e62d-3fa9-4daf-8209-3ca94e9bda72-AppendLogResponseHandler: follower responses appendEntries COMPLETED
2020-05-22 21:02:51,511 [Listener at 127.0.0.1/42845] INFO  utils.BackgroundService (BackgroundService.java:shutdown(157)) - Shutting down service BlockDeletingService
2020-05-22 21:02:51,512 [ForkJoinPool.commonPool-worker-1] INFO  segmented.SegmentedRaftLogWorker (SegmentedRaftLogWorker.java:close(229)) - f2bdfaa2-ada9-47f2-baba-68fb1582a464@group-402642E6913C-SegmentedRaftLogWorker close()
2020-05-22 21:02:51,512 [grpc-default-executor-1] INFO  impl.FollowerInfo (FollowerInfo.java:lambda$new$0(50)) - f2bdfaa2-ada9-47f2-baba-68fb1582a464@group-402642E6913C->64c4e62d-3fa9-4daf-8209-3ca94e9bda72: nextIndex: updateUnconditionally 1 -> 0
2020-05-22 21:02:51,519 [ForkJoinPool.commonPool-worker-1] INFO  metrics.RatisMetrics (RatisMetrics.java:unregister(46)) - Unregistering Metrics Registry : ratis.log_worker.f2bdfaa2-ada9-47f2-baba-68fb1582a464
2020-05-22 21:02:51,519 [ForkJoinPool.commonPool-worker-1] INFO  metrics.RatisMetrics (RatisMetrics.java:unregister(46)) - Unregistering Metrics Registry : ratis.leader_election.f2bdfaa2-ada9-47f2-baba-68fb1582a464@group-402642E6913C
2020-05-22 21:02:51,519 [ForkJoinPool.commonPool-worker-1] INFO  metrics.RatisMetrics (RatisMetrics.java:unregister(46)) - Unregistering Metrics Registry : ratis.server.f2bdfaa2-ada9-47f2-baba-68fb1582a464@group-402642E6913C
2020-05-22 21:02:51,519 [ForkJoinPool.commonPool-worker-1] INFO  impl.RaftServerImpl (RaftServerImpl.java:lambda$shutdown$3(250)) - f2bdfaa2-ada9-47f2-baba-68fb1582a464@group-86233C3AD459: shutdown
2020-05-22 21:02:51,519 [ForkJoinPool.commonPool-worker-1] INFO  util.JmxRegister (JmxRegister.java:unregister(73)) - Successfully un-registered JMX Bean with object name Ratis:service=RaftServer,group=group-86233C3AD459,id=f2bdfaa2-ada9-47f2-baba-68fb1582a464
2020-05-22 21:02:51,519 [ForkJoinPool.commonPool-worker-1] INFO  impl.RoleInfo (RoleInfo.java:shutdownLeaderState(104)) - f2bdfaa2-ada9-47f2-baba-68fb1582a464: shutdown LeaderState
2020-05-22 21:02:51,519 [ForkJoinPool.commonPool-worker-1] INFO  impl.PendingRequests (PendingRequests.java:sendNotLeaderResponses(242)) - f2bdfaa2-ada9-47f2-baba-68fb1582a464@group-86233C3AD459-PendingRequests: sendNotLeaderResponses
2020-05-22 21:02:51,520 [ForkJoinPool.commonPool-worker-1] INFO  metrics.RatisMetrics (RatisMetrics.java:unregister(46)) - Unregistering Metrics Registry : ratis.log_appender.f2bdfaa2-ada9-47f2-baba-68fb1582a464@group-86233C3AD459
2020-05-22 21:02:51,520 [f2bdfaa2-ada9-47f2-baba-68fb1582a464@group-86233C3AD459-StateMachineUpdater] INFO  ratis.ContainerStateMachine (ContainerStateMachine.java:takeSnapshot(288)) - group-86233C3AD459: Taking a snapshot at:(t:1, i:0) file /github/workspace/mnt/ozone/hadoop-ozone/integration-test/target/test-dir/MiniOzoneClusterImpl-aeaef343-8586-4703-af18-3341d148064c/datanode-3/data/ratis/a5171fe9-f083-4a81-8844-86233c3ad459/sm/snapshot.1_0
2020-05-22 21:02:51,520 [ForkJoinPool.commonPool-worker-1] INFO  impl.StateMachineUpdater (StateMachineUpdater.java:stopAndJoin(142)) - f2bdfaa2-ada9-47f2-baba-68fb1582a464@group-86233C3AD459-StateMachineUpdater: set stopIndex = 0
2020-05-22 21:02:51,521 [f2bdfaa2-ada9-47f2-baba-68fb1582a464@group-86233C3AD459-StateMachineUpdater] INFO  ratis.ContainerStateMachine (ContainerStateMachine.java:takeSnapshot(299)) - group-86233C3AD459: Finished taking a snapshot at:(t:1, i:0) file:/github/workspace/mnt/ozone/hadoop-ozone/integration-test/target/test-dir/MiniOzoneClusterImpl-aeaef343-8586-4703-af18-3341d148064c/datanode-3/data/ratis/a5171fe9-f083-4a81-8844-86233c3ad459/sm/snapshot.1_0 time:1
2020-05-22 21:02:51,521 [f2bdfaa2-ada9-47f2-baba-68fb1582a464@group-86233C3AD459-StateMachineUpdater] INFO  impl.StateMachineUpdater (StateMachineUpdater.java:takeSnapshot(277)) - f2bdfaa2-ada9-47f2-baba-68fb1582a464@group-86233C3AD459-StateMachineUpdater: Took a snapshot at index 0
2020-05-22 21:02:51,521 [f2bdfaa2-ada9-47f2-baba-68fb1582a464@group-86233C3AD459-StateMachineUpdater] INFO  impl.StateMachineUpdater (StateMachineUpdater.java:lambda$new$0(87)) - f2bdfaa2-ada9-47f2-baba-68fb1582a464@group-86233C3AD459-StateMachineUpdater: snapshotIndex: updateIncreasingly -1 -> 0
2020-05-22 21:02:51,521 [f2bdfaa2-ada9-47f2-baba-68fb1582a464@group-86233C3AD459-StateMachineUpdater] INFO  metrics.RatisMetrics (RatisMetrics.java:unregister(46)) - Unregistering Metrics Registry : ratis.state_machine.f2bdfaa2-ada9-47f2-baba-68fb1582a464@group-86233C3AD459
2020-05-22 21:02:51,522 [ForkJoinPool.commonPool-worker-1] INFO  impl.RaftServerImpl (ServerState.java:close(387)) - f2bdfaa2-ada9-47f2-baba-68fb1582a464@group-86233C3AD459: closes. applyIndex: 0
2020-05-22 21:02:51,522 [f2bdfaa2-ada9-47f2-baba-68fb1582a464@group-86233C3AD459-SegmentedRaftLogWorker] INFO  segmented.SegmentedRaftLogWorker (SegmentedRaftLogWorker.java:run(321)) - f2bdfaa2-ada9-47f2-baba-68fb1582a464@group-86233C3AD459-SegmentedRaftLogWorker was interrupted, exiting. There are 0 tasks remaining in the queue.
2020-05-22 21:02:51,522 [ForkJoinPool.commonPool-worker-1] INFO  segmented.SegmentedRaftLogWorker (SegmentedRaftLogWorker.java:close(229)) - f2bdfaa2-ada9-47f2-baba-68fb1582a464@group-86233C3AD459-SegmentedRaftLogWorker close()
2020-05-22 21:02:51,523 [Listener at 127.0.0.1/42845] INFO  statemachine.DatanodeStateMachine (DatanodeStateMachine.java:stopDaemon(424)) - Ozone container server stopped.
2020-05-22 21:02:51,523 [Listener at 127.0.0.1/42845] INFO  handler.ContextHandler (ContextHandler.java:doStop(1016)) - Stopped o.e.j.w.WebAppContext@720b6854{hddsDatanode,/,null,UNAVAILABLE}{jar:file:/home/user/.m2/repository/org/apache/hadoop/hadoop-hdds-container-service/0.6.0-SNAPSHOT/hadoop-hdds-container-service-0.6.0-SNAPSHOT.jar!/webapps/hddsDatanode}
2020-05-22 21:02:51,524 [ForkJoinPool.commonPool-worker-1] INFO  metrics.RatisMetrics (RatisMetrics.java:unregister(46)) - Unregistering Metrics Registry : ratis.log_worker.f2bdfaa2-ada9-47f2-baba-68fb1582a464
2020-05-22 21:02:51,524 [ForkJoinPool.commonPool-worker-1] INFO  metrics.RatisMetrics (RatisMetrics.java:unregister(46)) - Unregistering Metrics Registry : ratis.leader_election.f2bdfaa2-ada9-47f2-baba-68fb1582a464@group-86233C3AD459
2020-05-22 21:02:51,524 [ForkJoinPool.commonPool-worker-1] INFO  metrics.RatisMetrics (RatisMetrics.java:unregister(46)) - Unregistering Metrics Registry : ratis.server.f2bdfaa2-ada9-47f2-baba-68fb1582a464@group-86233C3AD459
2020-05-22 21:02:51,524 [ForkJoinPool.commonPool-worker-1] INFO  server.GrpcService (GrpcService.java:closeImpl(165)) - f2bdfaa2-ada9-47f2-baba-68fb1582a464: shutdown server with port 41705 now
2020-05-22 21:02:51,524 [Listener at 127.0.0.1/42845] INFO  server.AbstractConnector (AbstractConnector.java:doStop(380)) - Stopped ServerConnector@2d8b08fe{HTTP/1.1,[http/1.1]}{0.0.0.0:0}
2020-05-22 21:02:51,524 [Listener at 127.0.0.1/42845] INFO  server.session (HouseKeeper.java:stopScavenging(158)) - node0 Stopped scavenging
2020-05-22 21:02:51,525 [Listener at 127.0.0.1/42845] INFO  handler.ContextHandler (ContextHandler.java:doStop(1016)) - Stopped o.e.j.s.ServletContextHandler@2d207b3a{static,/static,jar:file:/home/user/.m2/repository/org/apache/hadoop/hadoop-hdds-container-service/0.6.0-SNAPSHOT/hadoop-hdds-container-service-0.6.0-SNAPSHOT.jar!/webapps/static,UNAVAILABLE}
2020-05-22 21:02:51,525 [Listener at 127.0.0.1/42845] INFO  handler.ContextHandler (ContextHandler.java:doStop(1016)) - Stopped o.e.j.s.ServletContextHandler@67831c51{logs,/logs,file:///github/workspace/mnt/ozone/hadoop-ozone/integration-test/target/log,UNAVAILABLE}
2020-05-22 21:02:51,527 [ForkJoinPool.commonPool-worker-1] INFO  server.GrpcService (GrpcService.java:closeImpl(173)) - f2bdfaa2-ada9-47f2-baba-68fb1582a464: shutdown server with port 41705 successfully
2020-05-22 21:02:51,528 [ForkJoinPool.commonPool-worker-1] INFO  utils.BackgroundService (BackgroundService.java:shutdown(157)) - Shutting down service BlockDeletingService
2020-05-22 21:02:51,530 [ForkJoinPool.commonPool-worker-1] INFO  statemachine.DatanodeStateMachine (DatanodeStateMachine.java:stopDaemon(424)) - Ozone container server stopped.
2020-05-22 21:02:51,532 [ForkJoinPool.commonPool-worker-1] INFO  handler.ContextHandler (ContextHandler.java:doStop(1016)) - Stopped o.e.j.w.WebAppContext@70a594e6{hddsDatanode,/,null,UNAVAILABLE}{jar:file:/home/user/.m2/repository/org/apache/hadoop/hadoop-hdds-container-service/0.6.0-SNAPSHOT/hadoop-hdds-container-service-0.6.0-SNAPSHOT.jar!/webapps/hddsDatanode}
2020-05-22 21:02:51,533 [ForkJoinPool.commonPool-worker-1] INFO  server.AbstractConnector (AbstractConnector.java:doStop(380)) - Stopped ServerConnector@20879a29{HTTP/1.1,[http/1.1]}{0.0.0.0:0}
2020-05-22 21:02:51,533 [ForkJoinPool.commonPool-worker-1] INFO  server.session (HouseKeeper.java:stopScavenging(158)) - node0 Stopped scavenging
2020-05-22 21:02:51,537 [ForkJoinPool.commonPool-worker-1] INFO  handler.ContextHandler (ContextHandler.java:doStop(1016)) - Stopped o.e.j.s.ServletContextHandler@45097caa{static,/static,jar:file:/home/user/.m2/repository/org/apache/hadoop/hadoop-hdds-container-service/0.6.0-SNAPSHOT/hadoop-hdds-container-service-0.6.0-SNAPSHOT.jar!/webapps/static,UNAVAILABLE}
2020-05-22 21:02:51,537 [ForkJoinPool.commonPool-worker-1] INFO  handler.ContextHandler (ContextHandler.java:doStop(1016)) - Stopped o.e.j.s.ServletContextHandler@f0cf7a4{logs,/logs,file:///github/workspace/mnt/ozone/hadoop-ozone/integration-test/target/log,UNAVAILABLE}
2020-05-22 21:02:51,758 [Datanode State Machine Thread - 0] INFO  statemachine.DatanodeStateMachine (DatanodeStateMachine.java:lambda$startDaemon$0(376)) - Ozone container server started.
2020-05-22 21:02:51,970 [grpc-default-executor-2] WARN  server.GrpcLogAppender (LogUtils.java:warn(122)) - 2484e415-5504-40d1-8ead-c46d206deb95@group-F4E35192C1A7->a3997db8-320d-4151-9902-06bffb7c93ac-AppendLogResponseHandler: Failed appendEntries: org.apache.ratis.thirdparty.io.grpc.StatusRuntimeException: UNAVAILABLE: io exception
2020-05-22 21:02:51,970 [grpc-default-executor-2] INFO  impl.FollowerInfo (FollowerInfo.java:lambda$new$0(50)) - 2484e415-5504-40d1-8ead-c46d206deb95@group-F4E35192C1A7->a3997db8-320d-4151-9902-06bffb7c93ac: nextIndex: updateUnconditionally 9 -> 8
2020-05-22 21:02:52,370 [Datanode State Machine Thread - 0] INFO  statemachine.DatanodeStateMachine (DatanodeStateMachine.java:lambda$startDaemon$0(376)) - Ozone container server started.
2020-05-22 21:02:52,472 [grpc-default-executor-1] WARN  server.GrpcLogAppender (LogUtils.java:warn(122)) - 2484e415-5504-40d1-8ead-c46d206deb95@group-F4E35192C1A7->a3997db8-320d-4151-9902-06bffb7c93ac-AppendLogResponseHandler: Failed appendEntries: org.apache.ratis.thirdparty.io.grpc.StatusRuntimeException: UNAVAILABLE: io exception
2020-05-22 21:02:52,473 [grpc-default-executor-1] INFO  impl.FollowerInfo (FollowerInfo.java:lambda$new$0(50)) - 2484e415-5504-40d1-8ead-c46d206deb95@group-F4E35192C1A7->a3997db8-320d-4151-9902-06bffb7c93ac: nextIndex: updateUnconditionally 9 -> 8
2020-05-22 21:02:52,974 [grpc-default-executor-2] WARN  server.GrpcLogAppender (LogUtils.java:warn(122)) - 2484e415-5504-40d1-8ead-c46d206deb95@group-F4E35192C1A7->a3997db8-320d-4151-9902-06bffb7c93ac-AppendLogResponseHandler: Failed appendEntries: org.apache.ratis.thirdparty.io.grpc.StatusRuntimeException: UNAVAILABLE: io exception
2020-05-22 21:02:52,975 [grpc-default-executor-2] INFO  impl.FollowerInfo (FollowerInfo.java:lambda$new$0(50)) - 2484e415-5504-40d1-8ead-c46d206deb95@group-F4E35192C1A7->a3997db8-320d-4151-9902-06bffb7c93ac: nextIndex: updateUnconditionally 9 -> 8
2020-05-22 21:02:53,205 [Thread-404] INFO  impl.FollowerState (FollowerState.java:run(108)) - 64c4e62d-3fa9-4daf-8209-3ca94e9bda72@group-402642E6913C-FollowerState: change to CANDIDATE, lastRpcTime:1706ms, electionTimeout:1003ms
2020-05-22 21:02:53,205 [Thread-404] INFO  impl.RoleInfo (RoleInfo.java:shutdownFollowerState(121)) - 64c4e62d-3fa9-4daf-8209-3ca94e9bda72: shutdown FollowerState
2020-05-22 21:02:53,205 [Thread-404] INFO  impl.RaftServerImpl (RaftServerImpl.java:setRole(173)) - 64c4e62d-3fa9-4daf-8209-3ca94e9bda72@group-402642E6913C: changes role from  FOLLOWER to CANDIDATE at term 2 for changeToCandidate
2020-05-22 21:02:53,205 [Thread-404] INFO  impl.RoleInfo (RoleInfo.java:updateAndGet(143)) - 64c4e62d-3fa9-4daf-8209-3ca94e9bda72: start LeaderElection
2020-05-22 21:02:53,207 [64c4e62d-3fa9-4daf-8209-3ca94e9bda72@group-402642E6913C-LeaderElection25] INFO  impl.RaftServerImpl (ServerState.java:setLeader(255)) - 64c4e62d-3fa9-4daf-8209-3ca94e9bda72@group-402642E6913C: change Leader from f2bdfaa2-ada9-47f2-baba-68fb1582a464 to null at term 2 for initElection
2020-05-22 21:02:53,208 [64c4e62d-3fa9-4daf-8209-3ca94e9bda72@group-402642E6913C-LeaderElection25] INFO  impl.LeaderElection (LeaderElection.java:askForVotes(206)) - 64c4e62d-3fa9-4daf-8209-3ca94e9bda72@group-402642E6913C-LeaderElection25: begin an election at term 3 for 0: [ca65480a-af45-4754-bab7-1cb47c27def5:172.17.0.2:34187, 64c4e62d-3fa9-4daf-8209-3ca94e9bda72:172.17.0.2:38101, f2bdfaa2-ada9-47f2-baba-68fb1582a464:172.17.0.2:41705], old=null
2020-05-22 21:02:53,213 [64c4e62d-3fa9-4daf-8209-3ca94e9bda72@group-402642E6913C-LeaderElection25] INFO  impl.LeaderElection (LogUtils.java:infoOrTrace(137)) - 64c4e62d-3fa9-4daf-8209-3ca94e9bda72@group-402642E6913C-LeaderElection25 got exception when requesting votes: java.util.concurrent.ExecutionException: org.apache.ratis.thirdparty.io.grpc.StatusRuntimeException: UNAVAILABLE: io exception
2020-05-22 21:02:53,213 [64c4e62d-3fa9-4daf-8209-3ca94e9bda72@group-402642E6913C-LeaderElection25] INFO  impl.LeaderElection (LogUtils.java:infoOrTrace(137)) - 64c4e62d-3fa9-4daf-8209-3ca94e9bda72@group-402642E6913C-LeaderElection25 got exception when requesting votes: java.util.concurrent.ExecutionException: org.apache.ratis.thirdparty.io.grpc.StatusRuntimeException: UNAVAILABLE: io exception
2020-05-22 21:02:53,213 [64c4e62d-3fa9-4daf-8209-3ca94e9bda72@group-402642E6913C-LeaderElection25] INFO  impl.LeaderElection (LeaderElection.java:logAndReturn(61)) - 64c4e62d-3fa9-4daf-8209-3ca94e9bda72@group-402642E6913C-LeaderElection25: Election REJECTED; received 0 response(s) [] and 2 exception(s); 64c4e62d-3fa9-4daf-8209-3ca94e9bda72@group-402642E6913C:t3, leader=null, voted=64c4e62d-3fa9-4daf-8209-3ca94e9bda72, raftlog=64c4e62d-3fa9-4daf-8209-3ca94e9bda72@group-402642E6913C-SegmentedRaftLog:OPENED:c0,f0,i0, conf=0: [ca65480a-af45-4754-bab7-1cb47c27def5:172.17.0.2:34187, 64c4e62d-3fa9-4daf-8209-3ca94e9bda72:172.17.0.2:38101, f2bdfaa2-ada9-47f2-baba-68fb1582a464:172.17.0.2:41705], old=null
2020-05-22 21:02:53,213 [64c4e62d-3fa9-4daf-8209-3ca94e9bda72@group-402642E6913C-LeaderElection25] INFO  impl.LeaderElection (LogUtils.java:infoOrTrace(137)) -   Exception 0: java.util.concurrent.ExecutionException: org.apache.ratis.thirdparty.io.grpc.StatusRuntimeException: UNAVAILABLE: io exception
2020-05-22 21:02:53,214 [64c4e62d-3fa9-4daf-8209-3ca94e9bda72@group-402642E6913C-LeaderElection25] INFO  impl.LeaderElection (LogUtils.java:infoOrTrace(137)) -   Exception 1: java.util.concurrent.ExecutionException: org.apache.ratis.thirdparty.io.grpc.StatusRuntimeException: UNAVAILABLE: io exception
2020-05-22 21:02:53,214 [64c4e62d-3fa9-4daf-8209-3ca94e9bda72@group-402642E6913C-LeaderElection25] INFO  impl.RaftServerImpl (RaftServerImpl.java:setRole(173)) - 64c4e62d-3fa9-4daf-8209-3ca94e9bda72@group-402642E6913C: changes role from CANDIDATE to FOLLOWER at term 3 for DISCOVERED_A_NEW_TERM
2020-05-22 21:02:53,214 [64c4e62d-3fa9-4daf-8209-3ca94e9bda72@group-402642E6913C-LeaderElection25] INFO  impl.RoleInfo (RoleInfo.java:shutdownLeaderElection(134)) - 64c4e62d-3fa9-4daf-8209-3ca94e9bda72: shutdown LeaderElection
2020-05-22 21:02:53,214 [64c4e62d-3fa9-4daf-8209-3ca94e9bda72@group-402642E6913C-LeaderElection25] INFO  impl.RoleInfo (RoleInfo.java:updateAndGet(143)) - 64c4e62d-3fa9-4daf-8209-3ca94e9bda72: start FollowerState
2020-05-22 21:02:53,476 [grpc-default-executor-1] WARN  server.GrpcLogAppender (LogUtils.java:warn(122)) - 2484e415-5504-40d1-8ead-c46d206deb95@group-F4E35192C1A7->a3997db8-320d-4151-9902-06bffb7c93ac-AppendLogResponseHandler: Failed appendEntries: org.apache.ratis.thirdparty.io.grpc.StatusRuntimeException: UNAVAILABLE: io exception
2020-05-22 21:02:53,477 [grpc-default-executor-1] INFO  impl.FollowerInfo (FollowerInfo.java:lambda$new$0(50)) - 2484e415-5504-40d1-8ead-c46d206deb95@group-F4E35192C1A7->a3997db8-320d-4151-9902-06bffb7c93ac: nextIndex: updateUnconditionally 9 -> 8
2020-05-22 21:02:53,978 [grpc-default-executor-2] WARN  server.GrpcLogAppender (LogUtils.java:warn(122)) - 2484e415-5504-40d1-8ead-c46d206deb95@group-F4E35192C1A7->a3997db8-320d-4151-9902-06bffb7c93ac-AppendLogResponseHandler: Failed appendEntries: org.apache.ratis.thirdparty.io.grpc.StatusRuntimeException: UNAVAILABLE: io exception
2020-05-22 21:02:53,978 [grpc-default-executor-2] INFO  impl.FollowerInfo (FollowerInfo.java:lambda$new$0(50)) - 2484e415-5504-40d1-8ead-c46d206deb95@group-F4E35192C1A7->a3997db8-320d-4151-9902-06bffb7c93ac: nextIndex: updateUnconditionally 9 -> 8
2020-05-22 21:02:54,276 [Thread-707] INFO  impl.FollowerState (FollowerState.java:run(108)) - 64c4e62d-3fa9-4daf-8209-3ca94e9bda72@group-402642E6913C-FollowerState: change to CANDIDATE, lastRpcTime:1062ms, electionTimeout:1062ms
2020-05-22 21:02:54,276 [Thread-707] INFO  impl.RoleInfo (RoleInfo.java:shutdownFollowerState(121)) - 64c4e62d-3fa9-4daf-8209-3ca94e9bda72: shutdown FollowerState
2020-05-22 21:02:54,276 [Thread-707] INFO  impl.RaftServerImpl (RaftServerImpl.java:setRole(173)) - 64c4e62d-3fa9-4daf-8209-3ca94e9bda72@group-402642E6913C: changes role from  FOLLOWER to CANDIDATE at term 3 for changeToCandidate
2020-05-22 21:02:54,277 [Thread-707] INFO  impl.RoleInfo (RoleInfo.java:updateAndGet(143)) - 64c4e62d-3fa9-4daf-8209-3ca94e9bda72: start LeaderElection
2020-05-22 21:02:54,280 [64c4e62d-3fa9-4daf-8209-3ca94e9bda72@group-402642E6913C-LeaderElection26] INFO  impl.LeaderElection (LeaderElection.java:askForVotes(206)) - 64c4e62d-3fa9-4daf-8209-3ca94e9bda72@group-402642E6913C-LeaderElection26: begin an election at term 4 for 0: [ca65480a-af45-4754-bab7-1cb47c27def5:172.17.0.2:34187, 64c4e62d-3fa9-4daf-8209-3ca94e9bda72:172.17.0.2:38101, f2bdfaa2-ada9-47f2-baba-68fb1582a464:172.17.0.2:41705], old=null
2020-05-22 21:02:54,281 [64c4e62d-3fa9-4daf-8209-3ca94e9bda72@group-402642E6913C-LeaderElection26] INFO  impl.LeaderElection (LogUtils.java:infoOrTrace(137)) - 64c4e62d-3fa9-4daf-8209-3ca94e9bda72@group-402642E6913C-LeaderElection26 got exception when requesting votes: java.util.concurrent.ExecutionException: org.apache.ratis.thirdparty.io.grpc.StatusRuntimeException: UNAVAILABLE: io exception
2020-05-22 21:02:54,283 [64c4e62d-3fa9-4daf-8209-3ca94e9bda72@group-402642E6913C-LeaderElection26] INFO  impl.LeaderElection (LogUtils.java:infoOrTrace(137)) - 64c4e62d-3fa9-4daf-8209-3ca94e9bda72@group-402642E6913C-LeaderElection26 got exception when requesting votes: java.util.concurrent.ExecutionException: org.apache.ratis.thirdparty.io.grpc.StatusRuntimeException: UNAVAILABLE: io exception
2020-05-22 21:02:54,283 [64c4e62d-3fa9-4daf-8209-3ca94e9bda72@group-402642E6913C-LeaderElection26] INFO  impl.LeaderElection (LeaderElection.java:logAndReturn(61)) - 64c4e62d-3fa9-4daf-8209-3ca94e9bda72@group-402642E6913C-LeaderElection26: Election REJECTED; received 0 response(s) [] and 2 exception(s); 64c4e62d-3fa9-4daf-8209-3ca94e9bda72@group-402642E6913C:t4, leader=null, voted=64c4e62d-3fa9-4daf-8209-3ca94e9bda72, raftlog=64c4e62d-3fa9-4daf-8209-3ca94e9bda72@group-402642E6913C-SegmentedRaftLog:OPENED:c0,f0,i0, conf=0: [ca65480a-af45-4754-bab7-1cb47c27def5:172.17.0.2:34187, 64c4e62d-3fa9-4daf-8209-3ca94e9bda72:172.17.0.2:38101, f2bdfaa2-ada9-47f2-baba-68fb1582a464:172.17.0.2:41705], old=null
2020-05-22 21:02:54,283 [64c4e62d-3fa9-4daf-8209-3ca94e9bda72@group-402642E6913C-LeaderElection26] INFO  impl.LeaderElection (LogUtils.java:infoOrTrace(137)) -   Exception 0: java.util.concurrent.ExecutionException: org.apache.ratis.thirdparty.io.grpc.StatusRuntimeException: UNAVAILABLE: io exception
2020-05-22 21:02:54,283 [64c4e62d-3fa9-4daf-8209-3ca94e9bda72@group-402642E6913C-LeaderElection26] INFO  impl.LeaderElection (LogUtils.java:infoOrTrace(137)) -   Exception 1: java.util.concurrent.ExecutionException: org.apache.ratis.thirdparty.io.grpc.StatusRuntimeException: UNAVAILABLE: io exception
2020-05-22 21:02:54,284 [64c4e62d-3fa9-4daf-8209-3ca94e9bda72@group-402642E6913C-LeaderElection26] INFO  impl.RaftServerImpl (RaftServerImpl.java:setRole(173)) - 64c4e62d-3fa9-4daf-8209-3ca94e9bda72@group-402642E6913C: changes role from CANDIDATE to FOLLOWER at term 4 for DISCOVERED_A_NEW_TERM
2020-05-22 21:02:54,284 [64c4e62d-3fa9-4daf-8209-3ca94e9bda72@group-402642E6913C-LeaderElection26] INFO  impl.RoleInfo (RoleInfo.java:shutdownLeaderElection(134)) - 64c4e62d-3fa9-4daf-8209-3ca94e9bda72: shutdown LeaderElection
2020-05-22 21:02:54,284 [64c4e62d-3fa9-4daf-8209-3ca94e9bda72@group-402642E6913C-LeaderElection26] INFO  impl.RoleInfo (RoleInfo.java:updateAndGet(143)) - 64c4e62d-3fa9-4daf-8209-3ca94e9bda72: start FollowerState
2020-05-22 21:02:54,481 [grpc-default-executor-1] WARN  server.GrpcLogAppender (LogUtils.java:warn(122)) - 2484e415-5504-40d1-8ead-c46d206deb95@group-F4E35192C1A7->a3997db8-320d-4151-9902-06bffb7c93ac-AppendLogResponseHandler: Failed appendEntries: org.apache.ratis.thirdparty.io.grpc.StatusRuntimeException: UNAVAILABLE: io exception
2020-05-22 21:02:54,482 [grpc-default-executor-1] INFO  impl.FollowerInfo (FollowerInfo.java:lambda$new$0(50)) - 2484e415-5504-40d1-8ead-c46d206deb95@group-F4E35192C1A7->a3997db8-320d-4151-9902-06bffb7c93ac: nextIndex: updateUnconditionally 9 -> 8
2020-05-22 21:02:54,982 [grpc-default-executor-2] WARN  server.GrpcLogAppender (LogUtils.java:warn(122)) - 2484e415-5504-40d1-8ead-c46d206deb95@group-F4E35192C1A7->a3997db8-320d-4151-9902-06bffb7c93ac-AppendLogResponseHandler: Failed appendEntries: org.apache.ratis.thirdparty.io.grpc.StatusRuntimeException: UNAVAILABLE: io exception
2020-05-22 21:02:54,982 [grpc-default-executor-2] INFO  impl.FollowerInfo (FollowerInfo.java:lambda$new$0(50)) - 2484e415-5504-40d1-8ead-c46d206deb95@group-F4E35192C1A7->a3997db8-320d-4151-9902-06bffb7c93ac: nextIndex: updateUnconditionally 9 -> 8
2020-05-22 21:02:55,474 [Thread-713] INFO  impl.FollowerState (FollowerState.java:run(108)) - 64c4e62d-3fa9-4daf-8209-3ca94e9bda72@group-402642E6913C-FollowerState: change to CANDIDATE, lastRpcTime:1190ms, electionTimeout:1190ms
2020-05-22 21:02:55,474 [Thread-713] INFO  impl.RoleInfo (RoleInfo.java:shutdownFollowerState(121)) - 64c4e62d-3fa9-4daf-8209-3ca94e9bda72: shutdown FollowerState
2020-05-22 21:02:55,474 [Thread-713] INFO  impl.RaftServerImpl (RaftServerImpl.java:setRole(173)) - 64c4e62d-3fa9-4daf-8209-3ca94e9bda72@group-402642E6913C: changes role from  FOLLOWER to CANDIDATE at term 4 for changeToCandidate
2020-05-22 21:02:55,475 [Thread-713] INFO  impl.RoleInfo (RoleInfo.java:updateAndGet(143)) - 64c4e62d-3fa9-4daf-8209-3ca94e9bda72: start LeaderElection
2020-05-22 21:02:55,477 [64c4e62d-3fa9-4daf-8209-3ca94e9bda72@group-402642E6913C-LeaderElection27] INFO  impl.LeaderElection (LeaderElection.java:askForVotes(206)) - 64c4e62d-3fa9-4daf-8209-3ca94e9bda72@group-402642E6913C-LeaderElection27: begin an election at term 5 for 0: [ca65480a-af45-4754-bab7-1cb47c27def5:172.17.0.2:34187, 64c4e62d-3fa9-4daf-8209-3ca94e9bda72:172.17.0.2:38101, f2bdfaa2-ada9-47f2-baba-68fb1582a464:172.17.0.2:41705], old=null
2020-05-22 21:02:55,478 [64c4e62d-3fa9-4daf-8209-3ca94e9bda72@group-402642E6913C-LeaderElection27] INFO  impl.LeaderElection (LogUtils.java:infoOrTrace(137)) - 64c4e62d-3fa9-4daf-8209-3ca94e9bda72@group-402642E6913C-LeaderElection27 got exception when requesting votes: java.util.concurrent.ExecutionException: org.apache.ratis.thirdparty.io.grpc.StatusRuntimeException: UNAVAILABLE: io exception
2020-05-22 21:02:55,479 [64c4e62d-3fa9-4daf-8209-3ca94e9bda72@group-402642E6913C-LeaderElection27] INFO  impl.LeaderElection (LogUtils.java:infoOrTrace(137)) - 64c4e62d-3fa9-4daf-8209-3ca94e9bda72@group-402642E6913C-LeaderElection27 got exception when requesting votes: java.util.concurrent.ExecutionException: org.apache.ratis.thirdparty.io.grpc.StatusRuntimeException: UNAVAILABLE: io exception
2020-05-22 21:02:55,479 [64c4e62d-3fa9-4daf-8209-3ca94e9bda72@group-402642E6913C-LeaderElection27] INFO  impl.LeaderElection (LeaderElection.java:logAndReturn(61)) - 64c4e62d-3fa9-4daf-8209-3ca94e9bda72@group-402642E6913C-LeaderElection27: Election REJECTED; received 0 response(s) [] and 2 exception(s); 64c4e62d-3fa9-4daf-8209-3ca94e9bda72@group-402642E6913C:t5, leader=null, voted=64c4e62d-3fa9-4daf-8209-3ca94e9bda72, raftlog=64c4e62d-3fa9-4daf-8209-3ca94e9bda72@group-402642E6913C-SegmentedRaftLog:OPENED:c0,f0,i0, conf=0: [ca65480a-af45-4754-bab7-1cb47c27def5:172.17.0.2:34187, 64c4e62d-3fa9-4daf-8209-3ca94e9bda72:172.17.0.2:38101, f2bdfaa2-ada9-47f2-baba-68fb1582a464:172.17.0.2:41705], old=null
2020-05-22 21:02:55,479 [64c4e62d-3fa9-4daf-8209-3ca94e9bda72@group-402642E6913C-LeaderElection27] INFO  impl.LeaderElection (LogUtils.java:infoOrTrace(137)) -   Exception 0: java.util.concurrent.ExecutionException: org.apache.ratis.thirdparty.io.grpc.StatusRuntimeException: UNAVAILABLE: io exception
2020-05-22 21:02:55,479 [64c4e62d-3fa9-4daf-8209-3ca94e9bda72@group-402642E6913C-LeaderElection27] INFO  impl.LeaderElection (LogUtils.java:infoOrTrace(137)) -   Exception 1: java.util.concurrent.ExecutionException: org.apache.ratis.thirdparty.io.grpc.StatusRuntimeException: UNAVAILABLE: io exception
2020-05-22 21:02:55,479 [64c4e62d-3fa9-4daf-8209-3ca94e9bda72@group-402642E6913C-LeaderElection27] INFO  impl.RaftServerImpl (RaftServerImpl.java:setRole(173)) - 64c4e62d-3fa9-4daf-8209-3ca94e9bda72@group-402642E6913C: changes role from CANDIDATE to FOLLOWER at term 5 for DISCOVERED_A_NEW_TERM
2020-05-22 21:02:55,479 [64c4e62d-3fa9-4daf-8209-3ca94e9bda72@group-402642E6913C-LeaderElection27] INFO  impl.RoleInfo (RoleInfo.java:shutdownLeaderElection(134)) - 64c4e62d-3fa9-4daf-8209-3ca94e9bda72: shutdown LeaderElection
2020-05-22 21:02:55,479 [64c4e62d-3fa9-4daf-8209-3ca94e9bda72@group-402642E6913C-LeaderElection27] INFO  impl.RoleInfo (RoleInfo.java:updateAndGet(143)) - 64c4e62d-3fa9-4daf-8209-3ca94e9bda72: start FollowerState
2020-05-22 21:02:55,486 [grpc-default-executor-1] WARN  server.GrpcLogAppender (LogUtils.java:warn(122)) - 2484e415-5504-40d1-8ead-c46d206deb95@group-F4E35192C1A7->a3997db8-320d-4151-9902-06bffb7c93ac-AppendLogResponseHandler: Failed appendEntries: org.apache.ratis.thirdparty.io.grpc.StatusRuntimeException: UNAVAILABLE: io exception
2020-05-22 21:02:55,486 [grpc-default-executor-1] INFO  impl.FollowerInfo (FollowerInfo.java:lambda$new$0(50)) - 2484e415-5504-40d1-8ead-c46d206deb95@group-F4E35192C1A7->a3997db8-320d-4151-9902-06bffb7c93ac: nextIndex: updateUnconditionally 9 -> 8
2020-05-22 21:02:55,987 [grpc-default-executor-2] WARN  server.GrpcLogAppender (LogUtils.java:warn(122)) - 2484e415-5504-40d1-8ead-c46d206deb95@group-F4E35192C1A7->a3997db8-320d-4151-9902-06bffb7c93ac-AppendLogResponseHandler: Failed appendEntries: org.apache.ratis.thirdparty.io.grpc.StatusRuntimeException: UNAVAILABLE: io exception
2020-05-22 21:02:55,987 [grpc-default-executor-2] INFO  impl.FollowerInfo (FollowerInfo.java:lambda$new$0(50)) - 2484e415-5504-40d1-8ead-c46d206deb95@group-F4E35192C1A7->a3997db8-320d-4151-9902-06bffb7c93ac: nextIndex: updateUnconditionally 9 -> 8
2020-05-22 21:02:56,485 [Thread-720] INFO  impl.FollowerState (FollowerState.java:run(108)) - 64c4e62d-3fa9-4daf-8209-3ca94e9bda72@group-402642E6913C-FollowerState: change to CANDIDATE, lastRpcTime:1005ms, electionTimeout:1005ms
2020-05-22 21:02:56,485 [Thread-720] INFO  impl.RoleInfo (RoleInfo.java:shutdownFollowerState(121)) - 64c4e62d-3fa9-4daf-8209-3ca94e9bda72: shutdown FollowerState
2020-05-22 21:02:56,485 [Thread-720] INFO  impl.RaftServerImpl (RaftServerImpl.java:setRole(173)) - 64c4e62d-3fa9-4daf-8209-3ca94e9bda72@group-402642E6913C: changes role from  FOLLOWER to CANDIDATE at term 5 for changeToCandidate
2020-05-22 21:02:56,485 [Thread-720] INFO  impl.RoleInfo (RoleInfo.java:updateAndGet(143)) - 64c4e62d-3fa9-4daf-8209-3ca94e9bda72: start LeaderElection
2020-05-22 21:02:56,488 [64c4e62d-3fa9-4daf-8209-3ca94e9bda72@group-402642E6913C-LeaderElection28] INFO  impl.LeaderElection (LeaderElection.java:askForVotes(206)) - 64c4e62d-3fa9-4daf-8209-3ca94e9bda72@group-402642E6913C-LeaderElection28: begin an election at term 6 for 0: [ca65480a-af45-4754-bab7-1cb47c27def5:172.17.0.2:34187, 64c4e62d-3fa9-4daf-8209-3ca94e9bda72:172.17.0.2:38101, f2bdfaa2-ada9-47f2-baba-68fb1582a464:172.17.0.2:41705], old=null
2020-05-22 21:02:56,491 [grpc-default-executor-1] WARN  server.GrpcLogAppender (LogUtils.java:warn(122)) - 2484e415-5504-40d1-8ead-c46d206deb95@group-F4E35192C1A7->a3997db8-320d-4151-9902-06bffb7c93ac-AppendLogResponseHandler: Failed appendEntries: org.apache.ratis.thirdparty.io.grpc.StatusRuntimeException: UNAVAILABLE: io exception
2020-05-22 21:02:56,491 [grpc-default-executor-1] INFO  impl.FollowerInfo (FollowerInfo.java:lambda$new$0(50)) - 2484e415-5504-40d1-8ead-c46d206deb95@group-F4E35192C1A7->a3997db8-320d-4151-9902-06bffb7c93ac: nextIndex: updateUnconditionally 9 -> 8
2020-05-22 21:02:56,491 [64c4e62d-3fa9-4daf-8209-3ca94e9bda72@group-402642E6913C-LeaderElection28] INFO  impl.LeaderElection (LogUtils.java:infoOrTrace(137)) - 64c4e62d-3fa9-4daf-8209-3ca94e9bda72@group-402642E6913C-LeaderElection28 got exception when requesting votes: java.util.concurrent.ExecutionException: org.apache.ratis.thirdparty.io.grpc.StatusRuntimeException: UNAVAILABLE: io exception
2020-05-22 21:02:56,491 [64c4e62d-3fa9-4daf-8209-3ca94e9bda72@group-402642E6913C-LeaderElection28] INFO  impl.LeaderElection (LogUtils.java:infoOrTrace(137)) - 64c4e62d-3fa9-4daf-8209-3ca94e9bda72@group-402642E6913C-LeaderElection28 got exception when requesting votes: java.util.concurrent.ExecutionException: org.apache.ratis.thirdparty.io.grpc.StatusRuntimeException: UNAVAILABLE: io exception
2020-05-22 21:02:56,492 [64c4e62d-3fa9-4daf-8209-3ca94e9bda72@group-402642E6913C-LeaderElection28] INFO  impl.LeaderElection (LeaderElection.java:logAndReturn(61)) - 64c4e62d-3fa9-4daf-8209-3ca94e9bda72@group-402642E6913C-LeaderElection28: Election REJECTED; received 0 response(s) [] and 2 exception(s); 64c4e62d-3fa9-4daf-8209-3ca94e9bda72@group-402642E6913C:t6, leader=null, voted=64c4e62d-3fa9-4daf-8209-3ca94e9bda72, raftlog=64c4e62d-3fa9-4daf-8209-3ca94e9bda72@group-402642E6913C-SegmentedRaftLog:OPENED:c0,f0,i0, conf=0: [ca65480a-af45-4754-bab7-1cb47c27def5:172.17.0.2:34187, 64c4e62d-3fa9-4daf-8209-3ca94e9bda72:172.17.0.2:38101, f2bdfaa2-ada9-47f2-baba-68fb1582a464:172.17.0.2:41705], old=null
2020-05-22 21:02:56,492 [64c4e62d-3fa9-4daf-8209-3ca94e9bda72@group-402642E6913C-LeaderElection28] INFO  impl.LeaderElection (LogUtils.java:infoOrTrace(137)) -   Exception 0: java.util.concurrent.ExecutionException: org.apache.ratis.thirdparty.io.grpc.StatusRuntimeException: UNAVAILABLE: io exception
2020-05-22 21:02:56,492 [64c4e62d-3fa9-4daf-8209-3ca94e9bda72@group-402642E6913C-LeaderElection28] INFO  impl.LeaderElection (LogUtils.java:infoOrTrace(137)) -   Exception 1: java.util.concurrent.ExecutionException: org.apache.ratis.thirdparty.io.grpc.StatusRuntimeException: UNAVAILABLE: io exception
2020-05-22 21:02:56,492 [64c4e62d-3fa9-4daf-8209-3ca94e9bda72@group-402642E6913C-LeaderElection28] INFO  impl.RaftServerImpl (RaftServerImpl.java:setRole(173)) - 64c4e62d-3fa9-4daf-8209-3ca94e9bda72@group-402642E6913C: changes role from CANDIDATE to FOLLOWER at term 6 for DISCOVERED_A_NEW_TERM
2020-05-22 21:02:56,492 [64c4e62d-3fa9-4daf-8209-3ca94e9bda72@group-402642E6913C-LeaderElection28] INFO  impl.RoleInfo (RoleInfo.java:shutdownLeaderElection(134)) - 64c4e62d-3fa9-4daf-8209-3ca94e9bda72: shutdown LeaderElection
2020-05-22 21:02:56,492 [64c4e62d-3fa9-4daf-8209-3ca94e9bda72@group-402642E6913C-LeaderElection28] INFO  impl.RoleInfo (RoleInfo.java:updateAndGet(143)) - 64c4e62d-3fa9-4daf-8209-3ca94e9bda72: start FollowerState
2020-05-22 21:02:56,529 [Listener at 127.0.0.1/42845] INFO  ozoneimpl.OzoneContainer (OzoneContainer.java:stop(246)) - Attempting to stop container services.
2020-05-22 21:02:56,530 [Listener at 127.0.0.1/42845] INFO  impl.RaftServerProxy (RaftServerProxy.java:lambda$close$4(314)) - cb956d13-5fe9-4a78-95a3-e5a7b9d83e98: close
2020-05-22 21:02:56,531 [Listener at 127.0.0.1/42845] INFO  impl.RaftServerImpl (RaftServerImpl.java:lambda$shutdown$3(250)) - cb956d13-5fe9-4a78-95a3-e5a7b9d83e98@group-1A9806C07AEF: shutdown
2020-05-22 21:02:56,531 [Listener at 127.0.0.1/42845] INFO  util.JmxRegister (JmxRegister.java:unregister(73)) - Successfully un-registered JMX Bean with object name Ratis:service=RaftServer,group=group-1A9806C07AEF,id=cb956d13-5fe9-4a78-95a3-e5a7b9d83e98
2020-05-22 21:02:56,531 [Listener at 127.0.0.1/42845] INFO  impl.RoleInfo (RoleInfo.java:shutdownLeaderState(104)) - cb956d13-5fe9-4a78-95a3-e5a7b9d83e98: shutdown LeaderState
2020-05-22 21:02:56,531 [Listener at 127.0.0.1/42845] INFO  impl.PendingRequests (PendingRequests.java:sendNotLeaderResponses(242)) - cb956d13-5fe9-4a78-95a3-e5a7b9d83e98@group-1A9806C07AEF-PendingRequests: sendNotLeaderResponses
2020-05-22 21:02:56,531 [Listener at 127.0.0.1/42845] INFO  metrics.RatisMetrics (RatisMetrics.java:unregister(46)) - Unregistering Metrics Registry : ratis.log_appender.cb956d13-5fe9-4a78-95a3-e5a7b9d83e98@group-1A9806C07AEF
2020-05-22 21:02:56,532 [Listener at 127.0.0.1/42845] INFO  impl.StateMachineUpdater (StateMachineUpdater.java:stopAndJoin(142)) - cb956d13-5fe9-4a78-95a3-e5a7b9d83e98@group-1A9806C07AEF-StateMachineUpdater: set stopIndex = 0
2020-05-22 21:02:56,532 [cb956d13-5fe9-4a78-95a3-e5a7b9d83e98@group-1A9806C07AEF-StateMachineUpdater] INFO  ratis.ContainerStateMachine (ContainerStateMachine.java:takeSnapshot(288)) - group-1A9806C07AEF: Taking a snapshot at:(t:1, i:0) file /github/workspace/mnt/ozone/hadoop-ozone/integration-test/target/test-dir/MiniOzoneClusterImpl-aeaef343-8586-4703-af18-3341d148064c/datanode-9/data/ratis/fb39f0e4-a276-4eac-8ddf-1a9806c07aef/sm/snapshot.1_0
2020-05-22 21:02:56,533 [cb956d13-5fe9-4a78-95a3-e5a7b9d83e98@group-1A9806C07AEF-StateMachineUpdater] INFO  ratis.ContainerStateMachine (ContainerStateMachine.java:takeSnapshot(299)) - group-1A9806C07AEF: Finished taking a snapshot at:(t:1, i:0) file:/github/workspace/mnt/ozone/hadoop-ozone/integration-test/target/test-dir/MiniOzoneClusterImpl-aeaef343-8586-4703-af18-3341d148064c/datanode-9/data/ratis/fb39f0e4-a276-4eac-8ddf-1a9806c07aef/sm/snapshot.1_0 time:0
2020-05-22 21:02:56,533 [cb956d13-5fe9-4a78-95a3-e5a7b9d83e98@group-1A9806C07AEF-StateMachineUpdater] INFO  impl.StateMachineUpdater (StateMachineUpdater.java:takeSnapshot(277)) - cb956d13-5fe9-4a78-95a3-e5a7b9d83e98@group-1A9806C07AEF-StateMachineUpdater: Took a snapshot at index 0
2020-05-22 21:02:56,533 [cb956d13-5fe9-4a78-95a3-e5a7b9d83e98@group-1A9806C07AEF-StateMachineUpdater] INFO  impl.StateMachineUpdater (StateMachineUpdater.java:lambda$new$0(87)) - cb956d13-5fe9-4a78-95a3-e5a7b9d83e98@group-1A9806C07AEF-StateMachineUpdater: snapshotIndex: updateIncreasingly -1 -> 0
2020-05-22 21:02:56,533 [cb956d13-5fe9-4a78-95a3-e5a7b9d83e98@group-1A9806C07AEF-StateMachineUpdater] INFO  metrics.RatisMetrics (RatisMetrics.java:unregister(46)) - Unregistering Metrics Registry : ratis.state_machine.cb956d13-5fe9-4a78-95a3-e5a7b9d83e98@group-1A9806C07AEF
2020-05-22 21:02:56,533 [Listener at 127.0.0.1/42845] INFO  impl.RaftServerImpl (ServerState.java:close(387)) - cb956d13-5fe9-4a78-95a3-e5a7b9d83e98@group-1A9806C07AEF: closes. applyIndex: 0
2020-05-22 21:02:56,534 [cb956d13-5fe9-4a78-95a3-e5a7b9d83e98@group-1A9806C07AEF-SegmentedRaftLogWorker] INFO  segmented.SegmentedRaftLogWorker (SegmentedRaftLogWorker.java:run(321)) - cb956d13-5fe9-4a78-95a3-e5a7b9d83e98@group-1A9806C07AEF-SegmentedRaftLogWorker was interrupted, exiting. There are 0 tasks remaining in the queue.
2020-05-22 21:02:56,534 [Listener at 127.0.0.1/42845] INFO  segmented.SegmentedRaftLogWorker (SegmentedRaftLogWorker.java:close(229)) - cb956d13-5fe9-4a78-95a3-e5a7b9d83e98@group-1A9806C07AEF-SegmentedRaftLogWorker close()
2020-05-22 21:02:56,535 [Listener at 127.0.0.1/42845] INFO  metrics.RatisMetrics (RatisMetrics.java:unregister(46)) - Unregistering Metrics Registry : ratis.log_worker.cb956d13-5fe9-4a78-95a3-e5a7b9d83e98
2020-05-22 21:02:56,535 [Listener at 127.0.0.1/42845] INFO  metrics.RatisMetrics (RatisMetrics.java:unregister(46)) - Unregistering Metrics Registry : ratis.leader_election.cb956d13-5fe9-4a78-95a3-e5a7b9d83e98@group-1A9806C07AEF
2020-05-22 21:02:56,535 [Listener at 127.0.0.1/42845] INFO  metrics.RatisMetrics (RatisMetrics.java:unregister(46)) - Unregistering Metrics Registry : ratis.server.cb956d13-5fe9-4a78-95a3-e5a7b9d83e98@group-1A9806C07AEF
2020-05-22 21:02:56,535 [Listener at 127.0.0.1/42845] INFO  server.GrpcService (GrpcService.java:closeImpl(165)) - cb956d13-5fe9-4a78-95a3-e5a7b9d83e98: shutdown server with port 33835 now
2020-05-22 21:02:56,536 [Listener at 127.0.0.1/42845] INFO  server.GrpcService (GrpcService.java:closeImpl(173)) - cb956d13-5fe9-4a78-95a3-e5a7b9d83e98: shutdown server with port 33835 successfully
2020-05-22 21:02:56,537 [Listener at 127.0.0.1/42845] INFO  utils.BackgroundService (BackgroundService.java:shutdown(157)) - Shutting down service BlockDeletingService
2020-05-22 21:02:56,539 [Listener at 127.0.0.1/42845] INFO  statemachine.DatanodeStateMachine (DatanodeStateMachine.java:stopDaemon(424)) - Ozone container server stopped.
2020-05-22 21:02:56,539 [ForkJoinPool.commonPool-worker-1] INFO  ozoneimpl.OzoneContainer (OzoneContainer.java:stop(246)) - Attempting to stop container services.
2020-05-22 21:02:56,539 [ForkJoinPool.commonPool-worker-1] INFO  impl.RaftServerProxy (RaftServerProxy.java:lambda$close$4(314)) - 64c4e62d-3fa9-4daf-8209-3ca94e9bda72: close
2020-05-22 21:02:56,540 [ForkJoinPool.commonPool-worker-1] INFO  impl.RaftServerImpl (RaftServerImpl.java:lambda$shutdown$3(250)) - 64c4e62d-3fa9-4daf-8209-3ca94e9bda72@group-DC62643821C4: shutdown
2020-05-22 21:02:56,540 [ForkJoinPool.commonPool-worker-1] INFO  util.JmxRegister (JmxRegister.java:unregister(73)) - Successfully un-registered JMX Bean with object name Ratis:service=RaftServer,group=group-DC62643821C4,id=64c4e62d-3fa9-4daf-8209-3ca94e9bda72
2020-05-22 21:02:56,540 [ForkJoinPool.commonPool-worker-1] INFO  impl.RoleInfo (RoleInfo.java:shutdownLeaderState(104)) - 64c4e62d-3fa9-4daf-8209-3ca94e9bda72: shutdown LeaderState
2020-05-22 21:02:56,540 [ForkJoinPool.commonPool-worker-1] INFO  impl.PendingRequests (PendingRequests.java:sendNotLeaderResponses(242)) - 64c4e62d-3fa9-4daf-8209-3ca94e9bda72@group-DC62643821C4-PendingRequests: sendNotLeaderResponses
2020-05-22 21:02:56,540 [Listener at 127.0.0.1/42845] INFO  handler.ContextHandler (ContextHandler.java:doStop(1016)) - Stopped o.e.j.w.WebAppContext@d776dfe{hddsDatanode,/,null,UNAVAILABLE}{jar:file:/home/user/.m2/repository/org/apache/hadoop/hadoop-hdds-container-service/0.6.0-SNAPSHOT/hadoop-hdds-container-service-0.6.0-SNAPSHOT.jar!/webapps/hddsDatanode}
2020-05-22 21:02:56,541 [Listener at 127.0.0.1/42845] INFO  server.AbstractConnector (AbstractConnector.java:doStop(380)) - Stopped ServerConnector@369c6e1b{HTTP/1.1,[http/1.1]}{0.0.0.0:0}
2020-05-22 21:02:56,541 [Listener at 127.0.0.1/42845] INFO  server.session (HouseKeeper.java:stopScavenging(158)) - node0 Stopped scavenging
2020-05-22 21:02:56,541 [Listener at 127.0.0.1/42845] INFO  handler.ContextHandler (ContextHandler.java:doStop(1016)) - Stopped o.e.j.s.ServletContextHandler@5b712909{static,/static,jar:file:/home/user/.m2/repository/org/apache/hadoop/hadoop-hdds-container-service/0.6.0-SNAPSHOT/hadoop-hdds-container-service-0.6.0-SNAPSHOT.jar!/webapps/static,UNAVAILABLE}
2020-05-22 21:02:56,541 [Listener at 127.0.0.1/42845] INFO  handler.ContextHandler (ContextHandler.java:doStop(1016)) - Stopped o.e.j.s.ServletContextHandler@51d38e78{logs,/logs,file:///github/workspace/mnt/ozone/hadoop-ozone/integration-test/target/log,UNAVAILABLE}
2020-05-22 21:02:56,540 [ForkJoinPool.commonPool-worker-1] INFO  metrics.RatisMetrics (RatisMetrics.java:unregister(46)) - Unregistering Metrics Registry : ratis.log_appender.64c4e62d-3fa9-4daf-8209-3ca94e9bda72@group-DC62643821C4
2020-05-22 21:02:56,543 [ForkJoinPool.commonPool-worker-1] INFO  impl.StateMachineUpdater (StateMachineUpdater.java:stopAndJoin(142)) - 64c4e62d-3fa9-4daf-8209-3ca94e9bda72@group-DC62643821C4-StateMachineUpdater: set stopIndex = 0
2020-05-22 21:02:56,543 [64c4e62d-3fa9-4daf-8209-3ca94e9bda72@group-DC62643821C4-StateMachineUpdater] INFO  ratis.ContainerStateMachine (ContainerStateMachine.java:takeSnapshot(288)) - group-DC62643821C4: Taking a snapshot at:(t:1, i:0) file /github/workspace/mnt/ozone/hadoop-ozone/integration-test/target/test-dir/MiniOzoneClusterImpl-aeaef343-8586-4703-af18-3341d148064c/datanode-4/data/ratis/5a7ee96e-d86e-400f-8a8a-dc62643821c4/sm/snapshot.1_0
2020-05-22 21:02:56,544 [64c4e62d-3fa9-4daf-8209-3ca94e9bda72@group-DC62643821C4-StateMachineUpdater] INFO  ratis.ContainerStateMachine (ContainerStateMachine.java:takeSnapshot(299)) - group-DC62643821C4: Finished taking a snapshot at:(t:1, i:0) file:/github/workspace/mnt/ozone/hadoop-ozone/integration-test/target/test-dir/MiniOzoneClusterImpl-aeaef343-8586-4703-af18-3341d148064c/datanode-4/data/ratis/5a7ee96e-d86e-400f-8a8a-dc62643821c4/sm/snapshot.1_0 time:1
2020-05-22 21:02:56,544 [64c4e62d-3fa9-4daf-8209-3ca94e9bda72@group-DC62643821C4-StateMachineUpdater] INFO  impl.StateMachineUpdater (StateMachineUpdater.java:takeSnapshot(277)) - 64c4e62d-3fa9-4daf-8209-3ca94e9bda72@group-DC62643821C4-StateMachineUpdater: Took a snapshot at index 0
2020-05-22 21:02:56,544 [64c4e62d-3fa9-4daf-8209-3ca94e9bda72@group-DC62643821C4-StateMachineUpdater] INFO  impl.StateMachineUpdater (StateMachineUpdater.java:lambda$new$0(87)) - 64c4e62d-3fa9-4daf-8209-3ca94e9bda72@group-DC62643821C4-StateMachineUpdater: snapshotIndex: updateIncreasingly -1 -> 0
2020-05-22 21:02:56,544 [64c4e62d-3fa9-4daf-8209-3ca94e9bda72@group-DC62643821C4-StateMachineUpdater] INFO  metrics.RatisMetrics (RatisMetrics.java:unregister(46)) - Unregistering Metrics Registry : ratis.state_machine.64c4e62d-3fa9-4daf-8209-3ca94e9bda72@group-DC62643821C4
2020-05-22 21:02:56,545 [ForkJoinPool.commonPool-worker-1] INFO  impl.RaftServerImpl (ServerState.java:close(387)) - 64c4e62d-3fa9-4daf-8209-3ca94e9bda72@group-DC62643821C4: closes. applyIndex: 0
2020-05-22 21:02:56,545 [64c4e62d-3fa9-4daf-8209-3ca94e9bda72@group-DC62643821C4-SegmentedRaftLogWorker] INFO  segmented.SegmentedRaftLogWorker (SegmentedRaftLogWorker.java:run(321)) - 64c4e62d-3fa9-4daf-8209-3ca94e9bda72@group-DC62643821C4-SegmentedRaftLogWorker was interrupted, exiting. There are 0 tasks remaining in the queue.
2020-05-22 21:02:56,545 [ForkJoinPool.commonPool-worker-1] INFO  segmented.SegmentedRaftLogWorker (SegmentedRaftLogWorker.java:close(229)) - 64c4e62d-3fa9-4daf-8209-3ca94e9bda72@group-DC62643821C4-SegmentedRaftLogWorker close()
2020-05-22 21:02:56,546 [ForkJoinPool.commonPool-worker-1] INFO  metrics.RatisMetrics (RatisMetrics.java:unregister(46)) - Unregistering Metrics Registry : ratis.log_worker.64c4e62d-3fa9-4daf-8209-3ca94e9bda72
2020-05-22 21:02:56,546 [ForkJoinPool.commonPool-worker-1] INFO  metrics.RatisMetrics (RatisMetrics.java:unregister(46)) - Unregistering Metrics Registry : ratis.leader_election.64c4e62d-3fa9-4daf-8209-3ca94e9bda72@group-DC62643821C4
2020-05-22 21:02:56,546 [ForkJoinPool.commonPool-worker-1] INFO  metrics.RatisMetrics (RatisMetrics.java:unregister(46)) - Unregistering Metrics Registry : ratis.server.64c4e62d-3fa9-4daf-8209-3ca94e9bda72@group-DC62643821C4
2020-05-22 21:02:56,546 [ForkJoinPool.commonPool-worker-1] INFO  impl.RaftServerImpl (RaftServerImpl.java:lambda$shutdown$3(250)) - 64c4e62d-3fa9-4daf-8209-3ca94e9bda72@group-402642E6913C: shutdown
2020-05-22 21:02:56,547 [ForkJoinPool.commonPool-worker-1] INFO  util.JmxRegister (JmxRegister.java:unregister(73)) - Successfully un-registered JMX Bean with object name Ratis:service=RaftServer,group=group-402642E6913C,id=64c4e62d-3fa9-4daf-8209-3ca94e9bda72
2020-05-22 21:02:56,547 [ForkJoinPool.commonPool-worker-1] INFO  impl.RoleInfo (RoleInfo.java:shutdownFollowerState(121)) - 64c4e62d-3fa9-4daf-8209-3ca94e9bda72: shutdown FollowerState
2020-05-22 21:02:56,547 [64c4e62d-3fa9-4daf-8209-3ca94e9bda72@group-402642E6913C-StateMachineUpdater] INFO  ratis.ContainerStateMachine (ContainerStateMachine.java:takeSnapshot(288)) - group-402642E6913C: Taking a snapshot at:(t:2, i:0) file /github/workspace/mnt/ozone/hadoop-ozone/integration-test/target/test-dir/MiniOzoneClusterImpl-aeaef343-8586-4703-af18-3341d148064c/datanode-4/data/ratis/23a7bbaf-54e2-4fd9-8428-402642e6913c/sm/snapshot.2_0
2020-05-22 21:02:56,547 [ForkJoinPool.commonPool-worker-1] INFO  impl.StateMachineUpdater (StateMachineUpdater.java:stopAndJoin(142)) - 64c4e62d-3fa9-4daf-8209-3ca94e9bda72@group-402642E6913C-StateMachineUpdater: set stopIndex = 0
2020-05-22 21:02:56,548 [64c4e62d-3fa9-4daf-8209-3ca94e9bda72@group-402642E6913C-StateMachineUpdater] INFO  ratis.ContainerStateMachine (ContainerStateMachine.java:takeSnapshot(299)) - group-402642E6913C: Finished taking a snapshot at:(t:2, i:0) file:/github/workspace/mnt/ozone/hadoop-ozone/integration-test/target/test-dir/MiniOzoneClusterImpl-aeaef343-8586-4703-af18-3341d148064c/datanode-4/data/ratis/23a7bbaf-54e2-4fd9-8428-402642e6913c/sm/snapshot.2_0 time:1
2020-05-22 21:02:56,548 [64c4e62d-3fa9-4daf-8209-3ca94e9bda72@group-402642E6913C-StateMachineUpdater] INFO  impl.StateMachineUpdater (StateMachineUpdater.java:takeSnapshot(277)) - 64c4e62d-3fa9-4daf-8209-3ca94e9bda72@group-402642E6913C-StateMachineUpdater: Took a snapshot at index 0
2020-05-22 21:02:56,548 [64c4e62d-3fa9-4daf-8209-3ca94e9bda72@group-402642E6913C-StateMachineUpdater] INFO  impl.StateMachineUpdater (StateMachineUpdater.java:lambda$new$0(87)) - 64c4e62d-3fa9-4daf-8209-3ca94e9bda72@group-402642E6913C-StateMachineUpdater: snapshotIndex: updateIncreasingly -1 -> 0
2020-05-22 21:02:56,548 [64c4e62d-3fa9-4daf-8209-3ca94e9bda72@group-402642E6913C-StateMachineUpdater] INFO  metrics.RatisMetrics (RatisMetrics.java:unregister(46)) - Unregistering Metrics Registry : ratis.state_machine.64c4e62d-3fa9-4daf-8209-3ca94e9bda72@group-402642E6913C
2020-05-22 21:02:56,549 [Thread-726] INFO  impl.FollowerState (FollowerState.java:run(117)) - 64c4e62d-3fa9-4daf-8209-3ca94e9bda72@group-402642E6913C-FollowerState was interrupted: java.lang.InterruptedException: sleep interrupted
2020-05-22 21:02:56,549 [ForkJoinPool.commonPool-worker-1] INFO  impl.RaftServerImpl (ServerState.java:close(387)) - 64c4e62d-3fa9-4daf-8209-3ca94e9bda72@group-402642E6913C: closes. applyIndex: 0
2020-05-22 21:02:56,550 [64c4e62d-3fa9-4daf-8209-3ca94e9bda72@group-402642E6913C-SegmentedRaftLogWorker] INFO  segmented.SegmentedRaftLogWorker (SegmentedRaftLogWorker.java:run(321)) - 64c4e62d-3fa9-4daf-8209-3ca94e9bda72@group-402642E6913C-SegmentedRaftLogWorker was interrupted, exiting. There are 0 tasks remaining in the queue.
2020-05-22 21:02:56,550 [ForkJoinPool.commonPool-worker-1] INFO  segmented.SegmentedRaftLogWorker (SegmentedRaftLogWorker.java:close(229)) - 64c4e62d-3fa9-4daf-8209-3ca94e9bda72@group-402642E6913C-SegmentedRaftLogWorker close()
2020-05-22 21:02:56,550 [ForkJoinPool.commonPool-worker-1] INFO  metrics.RatisMetrics (RatisMetrics.java:unregister(46)) - Unregistering Metrics Registry : ratis.log_worker.64c4e62d-3fa9-4daf-8209-3ca94e9bda72
2020-05-22 21:02:56,550 [ForkJoinPool.commonPool-worker-1] INFO  metrics.RatisMetrics (RatisMetrics.java:unregister(46)) - Unregistering Metrics Registry : ratis.leader_election.64c4e62d-3fa9-4daf-8209-3ca94e9bda72@group-402642E6913C
2020-05-22 21:02:56,550 [ForkJoinPool.commonPool-worker-1] INFO  metrics.RatisMetrics (RatisMetrics.java:unregister(46)) - Unregistering Metrics Registry : ratis.server.64c4e62d-3fa9-4daf-8209-3ca94e9bda72@group-402642E6913C
2020-05-22 21:02:56,551 [ForkJoinPool.commonPool-worker-1] INFO  server.GrpcService (GrpcService.java:closeImpl(165)) - 64c4e62d-3fa9-4daf-8209-3ca94e9bda72: shutdown server with port 38101 now
2020-05-22 21:02:56,561 [ForkJoinPool.commonPool-worker-1] INFO  server.GrpcService (GrpcService.java:closeImpl(173)) - 64c4e62d-3fa9-4daf-8209-3ca94e9bda72: shutdown server with port 38101 successfully
2020-05-22 21:02:56,562 [ForkJoinPool.commonPool-worker-1] INFO  utils.BackgroundService (BackgroundService.java:shutdown(157)) - Shutting down service BlockDeletingService
2020-05-22 21:02:56,564 [ForkJoinPool.commonPool-worker-1] INFO  statemachine.DatanodeStateMachine (DatanodeStateMachine.java:stopDaemon(424)) - Ozone container server stopped.
2020-05-22 21:02:56,567 [ForkJoinPool.commonPool-worker-1] INFO  handler.ContextHandler (ContextHandler.java:doStop(1016)) - Stopped o.e.j.w.WebAppContext@5d9a0ec4{hddsDatanode,/,null,UNAVAILABLE}{jar:file:/home/user/.m2/repository/org/apache/hadoop/hadoop-hdds-container-service/0.6.0-SNAPSHOT/hadoop-hdds-container-service-0.6.0-SNAPSHOT.jar!/webapps/hddsDatanode}
2020-05-22 21:02:56,568 [ForkJoinPool.commonPool-worker-1] INFO  server.AbstractConnector (AbstractConnector.java:doStop(380)) - Stopped ServerConnector@18fe3958{HTTP/1.1,[http/1.1]}{0.0.0.0:0}
2020-05-22 21:02:56,568 [ForkJoinPool.commonPool-worker-1] INFO  server.session (HouseKeeper.java:stopScavenging(158)) - node0 Stopped scavenging
2020-05-22 21:02:56,568 [ForkJoinPool.commonPool-worker-1] INFO  handler.ContextHandler (ContextHandler.java:doStop(1016)) - Stopped o.e.j.s.ServletContextHandler@41e537cb{static,/static,jar:file:/home/user/.m2/repository/org/apache/hadoop/hadoop-hdds-container-service/0.6.0-SNAPSHOT/hadoop-hdds-container-service-0.6.0-SNAPSHOT.jar!/webapps/static,UNAVAILABLE}
2020-05-22 21:02:56,570 [ForkJoinPool.commonPool-worker-1] INFO  handler.ContextHandler (ContextHandler.java:doStop(1016)) - Stopped o.e.j.s.ServletContextHandler@6d17a3fe{logs,/logs,file:///github/workspace/mnt/ozone/hadoop-ozone/integration-test/target/log,UNAVAILABLE}
2020-05-22 21:02:56,884 [Datanode State Machine Thread - 0] INFO  statemachine.DatanodeStateMachine (DatanodeStateMachine.java:lambda$startDaemon$0(376)) - Ozone container server started.
2020-05-22 21:02:56,994 [grpc-default-executor-1] WARN  server.GrpcLogAppender (LogUtils.java:warn(122)) - 2484e415-5504-40d1-8ead-c46d206deb95@group-F4E35192C1A7->a3997db8-320d-4151-9902-06bffb7c93ac-AppendLogResponseHandler: Failed appendEntries: org.apache.ratis.thirdparty.io.grpc.StatusRuntimeException: UNAVAILABLE: io exception
2020-05-22 21:02:56,995 [grpc-default-executor-1] INFO  impl.FollowerInfo (FollowerInfo.java:lambda$new$0(50)) - 2484e415-5504-40d1-8ead-c46d206deb95@group-F4E35192C1A7->a3997db8-320d-4151-9902-06bffb7c93ac: nextIndex: updateUnconditionally 8 -> 7
2020-05-22 21:02:56,998 [grpc-default-executor-1] WARN  server.GrpcLogAppender (LogUtils.java:warn(122)) - 2484e415-5504-40d1-8ead-c46d206deb95@group-F4E35192C1A7->a3997db8-320d-4151-9902-06bffb7c93ac-AppendLogResponseHandler: Failed appendEntries: org.apache.ratis.thirdparty.io.grpc.StatusRuntimeException: UNAVAILABLE: io exception
2020-05-22 21:02:56,998 [grpc-default-executor-1] INFO  impl.FollowerInfo (FollowerInfo.java:lambda$new$0(50)) - 2484e415-5504-40d1-8ead-c46d206deb95@group-F4E35192C1A7->a3997db8-320d-4151-9902-06bffb7c93ac: nextIndex: updateUnconditionally 8 -> 7
2020-05-22 21:02:57,002 [grpc-default-executor-1] WARN  server.GrpcLogAppender (LogUtils.java:warn(122)) - 2484e415-5504-40d1-8ead-c46d206deb95@group-F4E35192C1A7->a3997db8-320d-4151-9902-06bffb7c93ac-AppendLogResponseHandler: Failed appendEntries: org.apache.ratis.thirdparty.io.grpc.StatusRuntimeException: UNAVAILABLE: io exception
2020-05-22 21:02:57,002 [grpc-default-executor-1] INFO  impl.FollowerInfo (FollowerInfo.java:lambda$new$0(50)) - 2484e415-5504-40d1-8ead-c46d206deb95@group-F4E35192C1A7->a3997db8-320d-4151-9902-06bffb7c93ac: nextIndex: updateUnconditionally 8 -> 7
2020-05-22 21:02:57,506 [grpc-default-executor-2] WARN  server.GrpcLogAppender (LogUtils.java:warn(122)) - 2484e415-5504-40d1-8ead-c46d206deb95@group-F4E35192C1A7->a3997db8-320d-4151-9902-06bffb7c93ac-AppendLogResponseHandler: Failed appendEntries: org.apache.ratis.thirdparty.io.grpc.StatusRuntimeException: UNAVAILABLE: io exception
2020-05-22 21:02:57,506 [grpc-default-executor-2] INFO  impl.FollowerInfo (FollowerInfo.java:lambda$new$0(50)) - 2484e415-5504-40d1-8ead-c46d206deb95@group-F4E35192C1A7->a3997db8-320d-4151-9902-06bffb7c93ac: nextIndex: updateUnconditionally 8 -> 7
2020-05-22 21:02:58,008 [grpc-default-executor-1] WARN  server.GrpcLogAppender (LogUtils.java:warn(122)) - 2484e415-5504-40d1-8ead-c46d206deb95@group-F4E35192C1A7->a3997db8-320d-4151-9902-06bffb7c93ac-AppendLogResponseHandler: Failed appendEntries: org.apache.ratis.thirdparty.io.grpc.StatusRuntimeException: UNAVAILABLE: io exception
2020-05-22 21:02:58,009 [grpc-default-executor-1] INFO  impl.FollowerInfo (FollowerInfo.java:lambda$new$0(50)) - 2484e415-5504-40d1-8ead-c46d206deb95@group-F4E35192C1A7->a3997db8-320d-4151-9902-06bffb7c93ac: nextIndex: updateUnconditionally 8 -> 7
2020-05-22 21:02:58,511 [grpc-default-executor-2] WARN  server.GrpcLogAppender (LogUtils.java:warn(122)) - 2484e415-5504-40d1-8ead-c46d206deb95@group-F4E35192C1A7->a3997db8-320d-4151-9902-06bffb7c93ac-AppendLogResponseHandler: Failed appendEntries: org.apache.ratis.thirdparty.io.grpc.StatusRuntimeException: UNAVAILABLE: io exception
2020-05-22 21:02:58,512 [grpc-default-executor-2] INFO  impl.FollowerInfo (FollowerInfo.java:lambda$new$0(50)) - 2484e415-5504-40d1-8ead-c46d206deb95@group-F4E35192C1A7->a3997db8-320d-4151-9902-06bffb7c93ac: nextIndex: updateUnconditionally 8 -> 7
2020-05-22 21:02:59,013 [grpc-default-executor-1] WARN  server.GrpcLogAppender (LogUtils.java:warn(122)) - 2484e415-5504-40d1-8ead-c46d206deb95@group-F4E35192C1A7->a3997db8-320d-4151-9902-06bffb7c93ac-AppendLogResponseHandler: Failed appendEntries: org.apache.ratis.thirdparty.io.grpc.StatusRuntimeException: UNAVAILABLE: io exception
2020-05-22 21:02:59,013 [grpc-default-executor-1] INFO  impl.FollowerInfo (FollowerInfo.java:lambda$new$0(50)) - 2484e415-5504-40d1-8ead-c46d206deb95@group-F4E35192C1A7->a3997db8-320d-4151-9902-06bffb7c93ac: nextIndex: updateUnconditionally 8 -> 7
2020-05-22 21:02:59,515 [grpc-default-executor-2] WARN  server.GrpcLogAppender (LogUtils.java:warn(122)) - 2484e415-5504-40d1-8ead-c46d206deb95@group-F4E35192C1A7->a3997db8-320d-4151-9902-06bffb7c93ac-AppendLogResponseHandler: Failed appendEntries: org.apache.ratis.thirdparty.io.grpc.StatusRuntimeException: UNAVAILABLE: io exception
2020-05-22 21:02:59,516 [grpc-default-executor-2] INFO  impl.FollowerInfo (FollowerInfo.java:lambda$new$0(50)) - 2484e415-5504-40d1-8ead-c46d206deb95@group-F4E35192C1A7->a3997db8-320d-4151-9902-06bffb7c93ac: nextIndex: updateUnconditionally 8 -> 7
2020-05-22 21:03:00,018 [grpc-default-executor-2] WARN  server.GrpcLogAppender (LogUtils.java:warn(122)) - 2484e415-5504-40d1-8ead-c46d206deb95@group-F4E35192C1A7->a3997db8-320d-4151-9902-06bffb7c93ac-AppendLogResponseHandler: Failed appendEntries: org.apache.ratis.thirdparty.io.grpc.StatusRuntimeException: UNAVAILABLE: io exception
2020-05-22 21:03:00,018 [grpc-default-executor-2] INFO  impl.FollowerInfo (FollowerInfo.java:lambda$new$0(50)) - 2484e415-5504-40d1-8ead-c46d206deb95@group-F4E35192C1A7->a3997db8-320d-4151-9902-06bffb7c93ac: nextIndex: updateUnconditionally 8 -> 7
2020-05-22 21:03:00,520 [grpc-default-executor-1] WARN  server.GrpcLogAppender (LogUtils.java:warn(122)) - 2484e415-5504-40d1-8ead-c46d206deb95@group-F4E35192C1A7->a3997db8-320d-4151-9902-06bffb7c93ac-AppendLogResponseHandler: Failed appendEntries: org.apache.ratis.thirdparty.io.grpc.StatusRuntimeException: UNAVAILABLE: io exception
2020-05-22 21:03:00,520 [grpc-default-executor-1] INFO  impl.FollowerInfo (FollowerInfo.java:lambda$new$0(50)) - 2484e415-5504-40d1-8ead-c46d206deb95@group-F4E35192C1A7->a3997db8-320d-4151-9902-06bffb7c93ac: nextIndex: updateUnconditionally 8 -> 7
2020-05-22 21:03:01,022 [grpc-default-executor-2] WARN  server.GrpcLogAppender (LogUtils.java:warn(122)) - 2484e415-5504-40d1-8ead-c46d206deb95@group-F4E35192C1A7->a3997db8-320d-4151-9902-06bffb7c93ac-AppendLogResponseHandler: Failed appendEntries: org.apache.ratis.thirdparty.io.grpc.StatusRuntimeException: UNAVAILABLE: io exception
2020-05-22 21:03:01,022 [grpc-default-executor-2] INFO  impl.FollowerInfo (FollowerInfo.java:lambda$new$0(50)) - 2484e415-5504-40d1-8ead-c46d206deb95@group-F4E35192C1A7->a3997db8-320d-4151-9902-06bffb7c93ac: nextIndex: updateUnconditionally 8 -> 7
2020-05-22 21:03:01,525 [grpc-default-executor-1] WARN  server.GrpcLogAppender (LogUtils.java:warn(122)) - 2484e415-5504-40d1-8ead-c46d206deb95@group-F4E35192C1A7->a3997db8-320d-4151-9902-06bffb7c93ac-AppendLogResponseHandler: Failed appendEntries: org.apache.ratis.thirdparty.io.grpc.StatusRuntimeException: UNAVAILABLE: io exception
2020-05-22 21:03:01,525 [grpc-default-executor-1] INFO  impl.FollowerInfo (FollowerInfo.java:lambda$new$0(50)) - 2484e415-5504-40d1-8ead-c46d206deb95@group-F4E35192C1A7->a3997db8-320d-4151-9902-06bffb7c93ac: nextIndex: updateUnconditionally 8 -> 7
2020-05-22 21:03:01,543 [Listener at 127.0.0.1/42845] INFO  ozoneimpl.OzoneContainer (OzoneContainer.java:stop(246)) - Attempting to stop container services.
2020-05-22 21:03:01,543 [Listener at 127.0.0.1/42845] INFO  impl.RaftServerProxy (RaftServerProxy.java:lambda$close$4(314)) - 0dacf195-f99f-4186-8388-cfc458ddcf69: close
2020-05-22 21:03:01,544 [Listener at 127.0.0.1/42845] INFO  impl.RaftServerImpl (RaftServerImpl.java:lambda$shutdown$3(250)) - 0dacf195-f99f-4186-8388-cfc458ddcf69@group-F4E35192C1A7: shutdown
2020-05-22 21:03:01,544 [Listener at 127.0.0.1/42845] INFO  util.JmxRegister (JmxRegister.java:unregister(73)) - Successfully un-registered JMX Bean with object name Ratis:service=RaftServer,group=group-F4E35192C1A7,id=0dacf195-f99f-4186-8388-cfc458ddcf69
2020-05-22 21:03:01,544 [Listener at 127.0.0.1/42845] INFO  impl.RoleInfo (RoleInfo.java:shutdownFollowerState(121)) - 0dacf195-f99f-4186-8388-cfc458ddcf69: shutdown FollowerState
2020-05-22 21:03:01,544 [Listener at 127.0.0.1/42845] INFO  impl.StateMachineUpdater (StateMachineUpdater.java:stopAndJoin(142)) - 0dacf195-f99f-4186-8388-cfc458ddcf69@group-F4E35192C1A7-StateMachineUpdater: set stopIndex = 8
2020-05-22 21:03:01,544 [Thread-390] INFO  impl.FollowerState (FollowerState.java:run(117)) - 0dacf195-f99f-4186-8388-cfc458ddcf69@group-F4E35192C1A7-FollowerState was interrupted: java.lang.InterruptedException: sleep interrupted
2020-05-22 21:03:01,545 [ForkJoinPool.commonPool-worker-0] INFO  impl.RaftServerImpl (RaftServerImpl.java:lambda$shutdown$3(250)) - 0dacf195-f99f-4186-8388-cfc458ddcf69@group-699C23C84BC7: shutdown
2020-05-22 21:03:01,545 [ForkJoinPool.commonPool-worker-0] INFO  util.JmxRegister (JmxRegister.java:unregister(73)) - Successfully un-registered JMX Bean with object name Ratis:service=RaftServer,group=group-699C23C84BC7,id=0dacf195-f99f-4186-8388-cfc458ddcf69
2020-05-22 21:03:01,545 [ForkJoinPool.commonPool-worker-0] INFO  impl.RoleInfo (RoleInfo.java:shutdownLeaderState(104)) - 0dacf195-f99f-4186-8388-cfc458ddcf69: shutdown LeaderState
2020-05-22 21:03:01,545 [ForkJoinPool.commonPool-worker-0] INFO  impl.PendingRequests (PendingRequests.java:sendNotLeaderResponses(242)) - 0dacf195-f99f-4186-8388-cfc458ddcf69@group-699C23C84BC7-PendingRequests: sendNotLeaderResponses
2020-05-22 21:03:01,545 [ForkJoinPool.commonPool-worker-0] INFO  metrics.RatisMetrics (RatisMetrics.java:unregister(46)) - Unregistering Metrics Registry : ratis.log_appender.0dacf195-f99f-4186-8388-cfc458ddcf69@group-699C23C84BC7
2020-05-22 21:03:01,545 [ForkJoinPool.commonPool-worker-0] INFO  impl.StateMachineUpdater (StateMachineUpdater.java:stopAndJoin(142)) - 0dacf195-f99f-4186-8388-cfc458ddcf69@group-699C23C84BC7-StateMachineUpdater: set stopIndex = 0
2020-05-22 21:03:01,546 [0dacf195-f99f-4186-8388-cfc458ddcf69@group-699C23C84BC7-StateMachineUpdater] INFO  ratis.ContainerStateMachine (ContainerStateMachine.java:takeSnapshot(288)) - group-699C23C84BC7: Taking a snapshot at:(t:1, i:0) file /github/workspace/mnt/ozone/hadoop-ozone/integration-test/target/test-dir/MiniOzoneClusterImpl-aeaef343-8586-4703-af18-3341d148064c/datanode-0/data/ratis/6da93f0f-9b2f-42c3-8636-699c23c84bc7/sm/snapshot.1_0
2020-05-22 21:03:01,546 [0dacf195-f99f-4186-8388-cfc458ddcf69@group-F4E35192C1A7-StateMachineUpdater] INFO  ratis.ContainerStateMachine (ContainerStateMachine.java:takeSnapshot(288)) - group-F4E35192C1A7: Taking a snapshot at:(t:2, i:8) file /github/workspace/mnt/ozone/hadoop-ozone/integration-test/target/test-dir/MiniOzoneClusterImpl-aeaef343-8586-4703-af18-3341d148064c/datanode-0/data/ratis/b8bc81e2-7c38-4433-8921-f4e35192c1a7/sm/snapshot.2_8
2020-05-22 21:03:01,548 [0dacf195-f99f-4186-8388-cfc458ddcf69@group-699C23C84BC7-StateMachineUpdater] INFO  ratis.ContainerStateMachine (ContainerStateMachine.java:takeSnapshot(299)) - group-699C23C84BC7: Finished taking a snapshot at:(t:1, i:0) file:/github/workspace/mnt/ozone/hadoop-ozone/integration-test/target/test-dir/MiniOzoneClusterImpl-aeaef343-8586-4703-af18-3341d148064c/datanode-0/data/ratis/6da93f0f-9b2f-42c3-8636-699c23c84bc7/sm/snapshot.1_0 time:1
2020-05-22 21:03:01,548 [0dacf195-f99f-4186-8388-cfc458ddcf69@group-699C23C84BC7-StateMachineUpdater] INFO  impl.StateMachineUpdater (StateMachineUpdater.java:takeSnapshot(277)) - 0dacf195-f99f-4186-8388-cfc458ddcf69@group-699C23C84BC7-StateMachineUpdater: Took a snapshot at index 0
2020-05-22 21:03:01,548 [0dacf195-f99f-4186-8388-cfc458ddcf69@group-699C23C84BC7-StateMachineUpdater] INFO  impl.StateMachineUpdater (StateMachineUpdater.java:lambda$new$0(87)) - 0dacf195-f99f-4186-8388-cfc458ddcf69@group-699C23C84BC7-StateMachineUpdater: snapshotIndex: updateIncreasingly -1 -> 0
2020-05-22 21:03:01,548 [0dacf195-f99f-4186-8388-cfc458ddcf69@group-699C23C84BC7-StateMachineUpdater] INFO  metrics.RatisMetrics (RatisMetrics.java:unregister(46)) - Unregistering Metrics Registry : ratis.state_machine.0dacf195-f99f-4186-8388-cfc458ddcf69@group-699C23C84BC7
2020-05-22 21:03:01,548 [0dacf195-f99f-4186-8388-cfc458ddcf69@group-F4E35192C1A7-StateMachineUpdater] INFO  ratis.ContainerStateMachine (ContainerStateMachine.java:takeSnapshot(299)) - group-F4E35192C1A7: Finished taking a snapshot at:(t:2, i:8) file:/github/workspace/mnt/ozone/hadoop-ozone/integration-test/target/test-dir/MiniOzoneClusterImpl-aeaef343-8586-4703-af18-3341d148064c/datanode-0/data/ratis/b8bc81e2-7c38-4433-8921-f4e35192c1a7/sm/snapshot.2_8 time:2
2020-05-22 21:03:01,548 [0dacf195-f99f-4186-8388-cfc458ddcf69@group-F4E35192C1A7-StateMachineUpdater] INFO  impl.StateMachineUpdater (StateMachineUpdater.java:takeSnapshot(277)) - 0dacf195-f99f-4186-8388-cfc458ddcf69@group-F4E35192C1A7-StateMachineUpdater: Took a snapshot at index 8
2020-05-22 21:03:01,548 [ForkJoinPool.commonPool-worker-0] INFO  impl.RaftServerImpl (ServerState.java:close(387)) - 0dacf195-f99f-4186-8388-cfc458ddcf69@group-699C23C84BC7: closes. applyIndex: 0
2020-05-22 21:03:01,549 [0dacf195-f99f-4186-8388-cfc458ddcf69@group-F4E35192C1A7-StateMachineUpdater] INFO  impl.StateMachineUpdater (StateMachineUpdater.java:lambda$new$0(87)) - 0dacf195-f99f-4186-8388-cfc458ddcf69@group-F4E35192C1A7-StateMachineUpdater: snapshotIndex: updateIncreasingly -1 -> 8
2020-05-22 21:03:01,549 [0dacf195-f99f-4186-8388-cfc458ddcf69@group-F4E35192C1A7-StateMachineUpdater] INFO  metrics.RatisMetrics (RatisMetrics.java:unregister(46)) - Unregistering Metrics Registry : ratis.state_machine.0dacf195-f99f-4186-8388-cfc458ddcf69@group-F4E35192C1A7
2020-05-22 21:03:01,549 [Listener at 127.0.0.1/42845] INFO  impl.RaftServerImpl (ServerState.java:close(387)) - 0dacf195-f99f-4186-8388-cfc458ddcf69@group-F4E35192C1A7: closes. applyIndex: 8
2020-05-22 21:03:01,549 [0dacf195-f99f-4186-8388-cfc458ddcf69@group-F4E35192C1A7-SegmentedRaftLogWorker] INFO  segmented.SegmentedRaftLogWorker (SegmentedRaftLogWorker.java:run(321)) - 0dacf195-f99f-4186-8388-cfc458ddcf69@group-F4E35192C1A7-SegmentedRaftLogWorker was interrupted, exiting. There are 0 tasks remaining in the queue.
2020-05-22 21:03:01,549 [0dacf195-f99f-4186-8388-cfc458ddcf69@group-699C23C84BC7-SegmentedRaftLogWorker] INFO  segmented.SegmentedRaftLogWorker (SegmentedRaftLogWorker.java:run(321)) - 0dacf195-f99f-4186-8388-cfc458ddcf69@group-699C23C84BC7-SegmentedRaftLogWorker was interrupted, exiting. There are 0 tasks remaining in the queue.
2020-05-22 21:03:01,550 [Listener at 127.0.0.1/42845] INFO  segmented.SegmentedRaftLogWorker (SegmentedRaftLogWorker.java:close(229)) - 0dacf195-f99f-4186-8388-cfc458ddcf69@group-F4E35192C1A7-SegmentedRaftLogWorker close()
2020-05-22 21:03:01,550 [ForkJoinPool.commonPool-worker-0] INFO  segmented.SegmentedRaftLogWorker (SegmentedRaftLogWorker.java:close(229)) - 0dacf195-f99f-4186-8388-cfc458ddcf69@group-699C23C84BC7-SegmentedRaftLogWorker close()
2020-05-22 21:03:01,551 [ForkJoinPool.commonPool-worker-0] INFO  metrics.RatisMetrics (RatisMetrics.java:unregister(46)) - Unregistering Metrics Registry : ratis.log_worker.0dacf195-f99f-4186-8388-cfc458ddcf69
2020-05-22 21:03:01,552 [ForkJoinPool.commonPool-worker-0] INFO  metrics.RatisMetrics (RatisMetrics.java:unregister(46)) - Unregistering Metrics Registry : ratis.leader_election.0dacf195-f99f-4186-8388-cfc458ddcf69@group-699C23C84BC7
2020-05-22 21:03:01,552 [ForkJoinPool.commonPool-worker-0] INFO  metrics.RatisMetrics (RatisMetrics.java:unregister(46)) - Unregistering Metrics Registry : ratis.server.0dacf195-f99f-4186-8388-cfc458ddcf69@group-699C23C84BC7
2020-05-22 21:03:01,550 [Listener at 127.0.0.1/42845] INFO  metrics.RatisMetrics (RatisMetrics.java:unregister(46)) - Unregistering Metrics Registry : ratis.log_worker.0dacf195-f99f-4186-8388-cfc458ddcf69
2020-05-22 21:03:01,552 [Listener at 127.0.0.1/42845] INFO  metrics.RatisMetrics (RatisMetrics.java:unregister(46)) - Unregistering Metrics Registry : ratis.leader_election.0dacf195-f99f-4186-8388-cfc458ddcf69@group-F4E35192C1A7
2020-05-22 21:03:01,552 [Listener at 127.0.0.1/42845] INFO  metrics.RatisMetrics (RatisMetrics.java:unregister(46)) - Unregistering Metrics Registry : ratis.server.0dacf195-f99f-4186-8388-cfc458ddcf69@group-F4E35192C1A7
2020-05-22 21:03:01,552 [Listener at 127.0.0.1/42845] INFO  server.GrpcService (GrpcService.java:closeImpl(165)) - 0dacf195-f99f-4186-8388-cfc458ddcf69: shutdown server with port 40519 now
2020-05-22 21:03:01,554 [grpc-default-executor-2] WARN  server.GrpcServerProtocolService (LogUtils.java:warn(122)) - 0dacf195-f99f-4186-8388-cfc458ddcf69: installSnapshot onError, lastRequest: 2484e415-5504-40d1-8ead-c46d206deb95->0dacf195-f99f-4186-8388-cfc458ddcf69#35-t2, previous=(t:2, i:7), leaderCommit=4, initializing? false, entries: size=1, first=(t:2, i:8), METADATAENTRY(c:4): org.apache.ratis.thirdparty.io.grpc.StatusRuntimeException: CANCELLED: cancelled before receiving half close
2020-05-22 21:03:01,555 [grpc-default-executor-4] WARN  server.GrpcLogAppender (LogUtils.java:warn(122)) - 2484e415-5504-40d1-8ead-c46d206deb95@group-F4E35192C1A7->0dacf195-f99f-4186-8388-cfc458ddcf69-AppendLogResponseHandler: Failed appendEntries: org.apache.ratis.thirdparty.io.grpc.StatusRuntimeException: CANCELLED: HTTP/2 error code: CANCEL
Received Rst Stream
2020-05-22 21:03:01,555 [grpc-default-executor-4] INFO  impl.FollowerInfo (FollowerInfo.java:lambda$new$0(50)) - 2484e415-5504-40d1-8ead-c46d206deb95@group-F4E35192C1A7->0dacf195-f99f-4186-8388-cfc458ddcf69: nextIndex: updateUnconditionally 9 -> 1
2020-05-22 21:03:01,558 [Listener at 127.0.0.1/42845] INFO  server.GrpcService (GrpcService.java:closeImpl(173)) - 0dacf195-f99f-4186-8388-cfc458ddcf69: shutdown server with port 40519 successfully
2020-05-22 21:03:01,559 [Listener at 127.0.0.1/42845] INFO  utils.BackgroundService (BackgroundService.java:shutdown(157)) - Shutting down service BlockDeletingService
2020-05-22 21:03:01,562 [Listener at 127.0.0.1/42845] INFO  statemachine.DatanodeStateMachine (DatanodeStateMachine.java:stopDaemon(424)) - Ozone container server stopped.
2020-05-22 21:03:01,563 [Listener at 127.0.0.1/42845] INFO  handler.ContextHandler (ContextHandler.java:doStop(1016)) - Stopped o.e.j.w.WebAppContext@7c693055{hddsDatanode,/,null,UNAVAILABLE}{jar:file:/home/user/.m2/repository/org/apache/hadoop/hadoop-hdds-container-service/0.6.0-SNAPSHOT/hadoop-hdds-container-service-0.6.0-SNAPSHOT.jar!/webapps/hddsDatanode}
2020-05-22 21:03:01,564 [Listener at 127.0.0.1/42845] INFO  server.AbstractConnector (AbstractConnector.java:doStop(380)) - Stopped ServerConnector@53eecafc{HTTP/1.1,[http/1.1]}{0.0.0.0:0}
2020-05-22 21:03:01,565 [Listener at 127.0.0.1/42845] INFO  server.session (HouseKeeper.java:stopScavenging(158)) - node0 Stopped scavenging
2020-05-22 21:03:01,566 [Listener at 127.0.0.1/42845] INFO  handler.ContextHandler (ContextHandler.java:doStop(1016)) - Stopped o.e.j.s.ServletContextHandler@52309a36{static,/static,jar:file:/home/user/.m2/repository/org/apache/hadoop/hadoop-hdds-container-service/0.6.0-SNAPSHOT/hadoop-hdds-container-service-0.6.0-SNAPSHOT.jar!/webapps/static,UNAVAILABLE}
2020-05-22 21:03:01,566 [Listener at 127.0.0.1/42845] INFO  handler.ContextHandler (ContextHandler.java:doStop(1016)) - Stopped o.e.j.s.ServletContextHandler@7e7e7c60{logs,/logs,file:///github/workspace/mnt/ozone/hadoop-ozone/integration-test/target/log,UNAVAILABLE}
2020-05-22 21:03:01,826 [Datanode State Machine Thread - 0] INFO  statemachine.DatanodeStateMachine (DatanodeStateMachine.java:lambda$startDaemon$0(376)) - Ozone container server started.
2020-05-22 21:03:02,008 [grpc-default-executor-4] WARN  server.GrpcLogAppender (LogUtils.java:warn(122)) - 2484e415-5504-40d1-8ead-c46d206deb95@group-F4E35192C1A7->0dacf195-f99f-4186-8388-cfc458ddcf69-AppendLogResponseHandler: Failed appendEntries: org.apache.ratis.thirdparty.io.grpc.StatusRuntimeException: UNAVAILABLE: io exception
2020-05-22 21:03:02,018 [grpc-default-executor-4] INFO  impl.FollowerInfo (FollowerInfo.java:lambda$new$0(50)) - 2484e415-5504-40d1-8ead-c46d206deb95@group-F4E35192C1A7->0dacf195-f99f-4186-8388-cfc458ddcf69: nextIndex: updateUnconditionally 2 -> 1
2020-05-22 21:03:02,026 [grpc-default-executor-2] WARN  server.GrpcLogAppender (LogUtils.java:warn(122)) - 2484e415-5504-40d1-8ead-c46d206deb95@group-F4E35192C1A7->a3997db8-320d-4151-9902-06bffb7c93ac-AppendLogResponseHandler: Failed appendEntries: org.apache.ratis.thirdparty.io.grpc.StatusRuntimeException: UNAVAILABLE: io exception
2020-05-22 21:03:02,026 [grpc-default-executor-2] INFO  impl.FollowerInfo (FollowerInfo.java:lambda$new$0(50)) - 2484e415-5504-40d1-8ead-c46d206deb95@group-F4E35192C1A7->a3997db8-320d-4151-9902-06bffb7c93ac: nextIndex: updateUnconditionally 8 -> 7
2020-05-22 21:03:02,523 [grpc-default-executor-4] WARN  server.GrpcLogAppender (LogUtils.java:warn(122)) - 2484e415-5504-40d1-8ead-c46d206deb95@group-F4E35192C1A7->0dacf195-f99f-4186-8388-cfc458ddcf69-AppendLogResponseHandler: Failed appendEntries: org.apache.ratis.thirdparty.io.grpc.StatusRuntimeException: UNAVAILABLE: io exception
2020-05-22 21:03:02,523 [grpc-default-executor-4] INFO  impl.FollowerInfo (FollowerInfo.java:lambda$new$0(50)) - 2484e415-5504-40d1-8ead-c46d206deb95@group-F4E35192C1A7->0dacf195-f99f-4186-8388-cfc458ddcf69: nextIndex: updateUnconditionally 2 -> 1
2020-05-22 21:03:02,528 [grpc-default-executor-2] WARN  server.GrpcLogAppender (LogUtils.java:warn(122)) - 2484e415-5504-40d1-8ead-c46d206deb95@group-F4E35192C1A7->a3997db8-320d-4151-9902-06bffb7c93ac-AppendLogResponseHandler: Failed appendEntries: org.apache.ratis.thirdparty.io.grpc.StatusRuntimeException: UNAVAILABLE: io exception
2020-05-22 21:03:02,528 [grpc-default-executor-2] INFO  impl.FollowerInfo (FollowerInfo.java:lambda$new$0(50)) - 2484e415-5504-40d1-8ead-c46d206deb95@group-F4E35192C1A7->a3997db8-320d-4151-9902-06bffb7c93ac: nextIndex: updateUnconditionally 8 -> 7
2020-05-22 21:03:03,027 [grpc-default-executor-2] WARN  server.GrpcLogAppender (LogUtils.java:warn(122)) - 2484e415-5504-40d1-8ead-c46d206deb95@group-F4E35192C1A7->0dacf195-f99f-4186-8388-cfc458ddcf69-AppendLogResponseHandler: Failed appendEntries: org.apache.ratis.thirdparty.io.grpc.StatusRuntimeException: UNAVAILABLE: io exception
2020-05-22 21:03:03,027 [grpc-default-executor-2] INFO  impl.FollowerInfo (FollowerInfo.java:lambda$new$0(50)) - 2484e415-5504-40d1-8ead-c46d206deb95@group-F4E35192C1A7->0dacf195-f99f-4186-8388-cfc458ddcf69: nextIndex: updateUnconditionally 2 -> 1
2020-05-22 21:03:03,029 [grpc-default-executor-4] WARN  server.GrpcLogAppender (LogUtils.java:warn(122)) - 2484e415-5504-40d1-8ead-c46d206deb95@group-F4E35192C1A7->a3997db8-320d-4151-9902-06bffb7c93ac-AppendLogResponseHandler: Failed appendEntries: org.apache.ratis.thirdparty.io.grpc.StatusRuntimeException: UNAVAILABLE: io exception
2020-05-22 21:03:03,030 [grpc-default-executor-4] INFO  impl.FollowerInfo (FollowerInfo.java:lambda$new$0(50)) - 2484e415-5504-40d1-8ead-c46d206deb95@group-F4E35192C1A7->a3997db8-320d-4151-9902-06bffb7c93ac: nextIndex: updateUnconditionally 8 -> 7
2020-05-22 21:03:03,531 [grpc-default-executor-1] WARN  server.GrpcLogAppender (LogUtils.java:warn(122)) - 2484e415-5504-40d1-8ead-c46d206deb95@group-F4E35192C1A7->0dacf195-f99f-4186-8388-cfc458ddcf69-AppendLogResponseHandler: Failed appendEntries: org.apache.ratis.thirdparty.io.grpc.StatusRuntimeException: UNAVAILABLE: io exception
2020-05-22 21:03:03,532 [grpc-default-executor-1] INFO  impl.FollowerInfo (FollowerInfo.java:lambda$new$0(50)) - 2484e415-5504-40d1-8ead-c46d206deb95@group-F4E35192C1A7->0dacf195-f99f-4186-8388-cfc458ddcf69: nextIndex: updateUnconditionally 2 -> 1
2020-05-22 21:03:03,532 [grpc-default-executor-2] WARN  server.GrpcLogAppender (LogUtils.java:warn(122)) - 2484e415-5504-40d1-8ead-c46d206deb95@group-F4E35192C1A7->a3997db8-320d-4151-9902-06bffb7c93ac-AppendLogResponseHandler: Failed appendEntries: org.apache.ratis.thirdparty.io.grpc.StatusRuntimeException: UNAVAILABLE: io exception
2020-05-22 21:03:03,532 [grpc-default-executor-2] INFO  impl.FollowerInfo (FollowerInfo.java:lambda$new$0(50)) - 2484e415-5504-40d1-8ead-c46d206deb95@group-F4E35192C1A7->a3997db8-320d-4151-9902-06bffb7c93ac: nextIndex: updateUnconditionally 8 -> 7
2020-05-22 21:03:04,034 [grpc-default-executor-4] WARN  server.GrpcLogAppender (LogUtils.java:warn(122)) - 2484e415-5504-40d1-8ead-c46d206deb95@group-F4E35192C1A7->a3997db8-320d-4151-9902-06bffb7c93ac-AppendLogResponseHandler: Failed appendEntries: org.apache.ratis.thirdparty.io.grpc.StatusRuntimeException: UNAVAILABLE: io exception
2020-05-22 21:03:04,035 [grpc-default-executor-1] WARN  server.GrpcLogAppender (LogUtils.java:warn(122)) - 2484e415-5504-40d1-8ead-c46d206deb95@group-F4E35192C1A7->0dacf195-f99f-4186-8388-cfc458ddcf69-AppendLogResponseHandler: Failed appendEntries: org.apache.ratis.thirdparty.io.grpc.StatusRuntimeException: UNAVAILABLE: io exception
2020-05-22 21:03:04,035 [grpc-default-executor-4] INFO  impl.FollowerInfo (FollowerInfo.java:lambda$new$0(50)) - 2484e415-5504-40d1-8ead-c46d206deb95@group-F4E35192C1A7->a3997db8-320d-4151-9902-06bffb7c93ac: nextIndex: updateUnconditionally 8 -> 7
2020-05-22 21:03:04,035 [grpc-default-executor-1] INFO  impl.FollowerInfo (FollowerInfo.java:lambda$new$0(50)) - 2484e415-5504-40d1-8ead-c46d206deb95@group-F4E35192C1A7->0dacf195-f99f-4186-8388-cfc458ddcf69: nextIndex: updateUnconditionally 2 -> 1
2020-05-22 21:03:04,536 [grpc-default-executor-4] WARN  server.GrpcLogAppender (LogUtils.java:warn(122)) - 2484e415-5504-40d1-8ead-c46d206deb95@group-F4E35192C1A7->a3997db8-320d-4151-9902-06bffb7c93ac-AppendLogResponseHandler: Failed appendEntries: org.apache.ratis.thirdparty.io.grpc.StatusRuntimeException: UNAVAILABLE: io exception
2020-05-22 21:03:04,536 [grpc-default-executor-4] INFO  impl.FollowerInfo (FollowerInfo.java:lambda$new$0(50)) - 2484e415-5504-40d1-8ead-c46d206deb95@group-F4E35192C1A7->a3997db8-320d-4151-9902-06bffb7c93ac: nextIndex: updateUnconditionally 8 -> 7
2020-05-22 21:03:04,537 [grpc-default-executor-4] WARN  server.GrpcLogAppender (LogUtils.java:warn(122)) - 2484e415-5504-40d1-8ead-c46d206deb95@group-F4E35192C1A7->0dacf195-f99f-4186-8388-cfc458ddcf69-AppendLogResponseHandler: Failed appendEntries: org.apache.ratis.thirdparty.io.grpc.StatusRuntimeException: UNAVAILABLE: io exception
2020-05-22 21:03:04,538 [grpc-default-executor-4] INFO  impl.FollowerInfo (FollowerInfo.java:lambda$new$0(50)) - 2484e415-5504-40d1-8ead-c46d206deb95@group-F4E35192C1A7->0dacf195-f99f-4186-8388-cfc458ddcf69: nextIndex: updateUnconditionally 2 -> 1
2020-05-22 21:03:05,038 [grpc-default-executor-1] WARN  server.GrpcLogAppender (LogUtils.java:warn(122)) - 2484e415-5504-40d1-8ead-c46d206deb95@group-F4E35192C1A7->a3997db8-320d-4151-9902-06bffb7c93ac-AppendLogResponseHandler: Failed appendEntries: org.apache.ratis.thirdparty.io.grpc.StatusRuntimeException: UNAVAILABLE: io exception
2020-05-22 21:03:05,039 [grpc-default-executor-1] INFO  impl.FollowerInfo (FollowerInfo.java:lambda$new$0(50)) - 2484e415-5504-40d1-8ead-c46d206deb95@group-F4E35192C1A7->a3997db8-320d-4151-9902-06bffb7c93ac: nextIndex: updateUnconditionally 8 -> 7
2020-05-22 21:03:05,040 [grpc-default-executor-1] WARN  server.GrpcLogAppender (LogUtils.java:warn(122)) - 2484e415-5504-40d1-8ead-c46d206deb95@group-F4E35192C1A7->0dacf195-f99f-4186-8388-cfc458ddcf69-AppendLogResponseHandler: Failed appendEntries: org.apache.ratis.thirdparty.io.grpc.StatusRuntimeException: UNAVAILABLE: io exception
2020-05-22 21:03:05,040 [grpc-default-executor-1] INFO  impl.FollowerInfo (FollowerInfo.java:lambda$new$0(50)) - 2484e415-5504-40d1-8ead-c46d206deb95@group-F4E35192C1A7->0dacf195-f99f-4186-8388-cfc458ddcf69: nextIndex: updateUnconditionally 2 -> 1
2020-05-22 21:03:05,044 [grpc-default-executor-4] WARN  server.GrpcLogAppender (LogUtils.java:warn(122)) - 2484e415-5504-40d1-8ead-c46d206deb95@group-F4E35192C1A7->0dacf195-f99f-4186-8388-cfc458ddcf69-AppendLogResponseHandler: Failed appendEntries: org.apache.ratis.thirdparty.io.grpc.StatusRuntimeException: UNAVAILABLE: io exception
2020-05-22 21:03:05,044 [grpc-default-executor-4] INFO  impl.FollowerInfo (FollowerInfo.java:lambda$new$0(50)) - 2484e415-5504-40d1-8ead-c46d206deb95@group-F4E35192C1A7->0dacf195-f99f-4186-8388-cfc458ddcf69: nextIndex: updateUnconditionally 2 -> 1
2020-05-22 21:03:05,540 [grpc-default-executor-1] WARN  server.GrpcLogAppender (LogUtils.java:warn(122)) - 2484e415-5504-40d1-8ead-c46d206deb95@group-F4E35192C1A7->a3997db8-320d-4151-9902-06bffb7c93ac-AppendLogResponseHandler: Failed appendEntries: org.apache.ratis.thirdparty.io.grpc.StatusRuntimeException: UNAVAILABLE: io exception
2020-05-22 21:03:05,541 [grpc-default-executor-1] INFO  impl.FollowerInfo (FollowerInfo.java:lambda$new$0(50)) - 2484e415-5504-40d1-8ead-c46d206deb95@group-F4E35192C1A7->a3997db8-320d-4151-9902-06bffb7c93ac: nextIndex: updateUnconditionally 8 -> 7
2020-05-22 21:03:05,546 [grpc-default-executor-4] WARN  server.GrpcLogAppender (LogUtils.java:warn(122)) - 2484e415-5504-40d1-8ead-c46d206deb95@group-F4E35192C1A7->0dacf195-f99f-4186-8388-cfc458ddcf69-AppendLogResponseHandler: Failed appendEntries: org.apache.ratis.thirdparty.io.grpc.StatusRuntimeException: UNAVAILABLE: io exception
2020-05-22 21:03:05,551 [grpc-default-executor-4] INFO  impl.FollowerInfo (FollowerInfo.java:lambda$new$0(50)) - 2484e415-5504-40d1-8ead-c46d206deb95@group-F4E35192C1A7->0dacf195-f99f-4186-8388-cfc458ddcf69: nextIndex: updateUnconditionally 2 -> 1
2020-05-22 21:03:05,557 [grpc-default-executor-1] WARN  server.GrpcLogAppender (LogUtils.java:warn(122)) - 2484e415-5504-40d1-8ead-c46d206deb95@group-F4E35192C1A7->0dacf195-f99f-4186-8388-cfc458ddcf69-AppendLogResponseHandler: Failed appendEntries: org.apache.ratis.thirdparty.io.grpc.StatusRuntimeException: UNAVAILABLE: io exception
2020-05-22 21:03:05,557 [grpc-default-executor-1] INFO  impl.FollowerInfo (FollowerInfo.java:lambda$new$0(50)) - 2484e415-5504-40d1-8ead-c46d206deb95@group-F4E35192C1A7->0dacf195-f99f-4186-8388-cfc458ddcf69: nextIndex: updateUnconditionally 2 -> 1
2020-05-22 21:03:06,043 [grpc-default-executor-4] WARN  server.GrpcLogAppender (LogUtils.java:warn(122)) - 2484e415-5504-40d1-8ead-c46d206deb95@group-F4E35192C1A7->a3997db8-320d-4151-9902-06bffb7c93ac-AppendLogResponseHandler: Failed appendEntries: org.apache.ratis.thirdparty.io.grpc.StatusRuntimeException: UNAVAILABLE: io exception
2020-05-22 21:03:06,043 [grpc-default-executor-4] INFO  impl.FollowerInfo (FollowerInfo.java:lambda$new$0(50)) - 2484e415-5504-40d1-8ead-c46d206deb95@group-F4E35192C1A7->a3997db8-320d-4151-9902-06bffb7c93ac: nextIndex: updateUnconditionally 8 -> 7
2020-05-22 21:03:06,060 [grpc-default-executor-1] WARN  server.GrpcLogAppender (LogUtils.java:warn(122)) - 2484e415-5504-40d1-8ead-c46d206deb95@group-F4E35192C1A7->0dacf195-f99f-4186-8388-cfc458ddcf69-AppendLogResponseHandler: Failed appendEntries: org.apache.ratis.thirdparty.io.grpc.StatusRuntimeException: UNAVAILABLE: io exception
2020-05-22 21:03:06,061 [grpc-default-executor-1] INFO  impl.FollowerInfo (FollowerInfo.java:lambda$new$0(50)) - 2484e415-5504-40d1-8ead-c46d206deb95@group-F4E35192C1A7->0dacf195-f99f-4186-8388-cfc458ddcf69: nextIndex: updateUnconditionally 2 -> 1
2020-05-22 21:03:06,545 [grpc-default-executor-4] WARN  server.GrpcLogAppender (LogUtils.java:warn(122)) - 2484e415-5504-40d1-8ead-c46d206deb95@group-F4E35192C1A7->a3997db8-320d-4151-9902-06bffb7c93ac-AppendLogResponseHandler: Failed appendEntries: org.apache.ratis.thirdparty.io.grpc.StatusRuntimeException: UNAVAILABLE: io exception
2020-05-22 21:03:06,545 [grpc-default-executor-4] INFO  impl.FollowerInfo (FollowerInfo.java:lambda$new$0(50)) - 2484e415-5504-40d1-8ead-c46d206deb95@group-F4E35192C1A7->a3997db8-320d-4151-9902-06bffb7c93ac: nextIndex: updateUnconditionally 8 -> 7
2020-05-22 21:03:06,564 [grpc-default-executor-1] WARN  server.GrpcLogAppender (LogUtils.java:warn(122)) - 2484e415-5504-40d1-8ead-c46d206deb95@group-F4E35192C1A7->0dacf195-f99f-4186-8388-cfc458ddcf69-AppendLogResponseHandler: Failed appendEntries: org.apache.ratis.thirdparty.io.grpc.StatusRuntimeException: UNAVAILABLE: io exception
2020-05-22 21:03:06,564 [grpc-default-executor-1] INFO  impl.FollowerInfo (FollowerInfo.java:lambda$new$0(50)) - 2484e415-5504-40d1-8ead-c46d206deb95@group-F4E35192C1A7->0dacf195-f99f-4186-8388-cfc458ddcf69: nextIndex: updateUnconditionally 2 -> 1
2020-05-22 21:03:06,568 [Listener at 127.0.0.1/42845] INFO  ozoneimpl.OzoneContainer (OzoneContainer.java:stop(246)) - Attempting to stop container services.
2020-05-22 21:03:06,569 [Listener at 127.0.0.1/42845] INFO  impl.RaftServerProxy (RaftServerProxy.java:lambda$close$4(314)) - 2484e415-5504-40d1-8ead-c46d206deb95: close
2020-05-22 21:03:06,569 [Listener at 127.0.0.1/42845] INFO  impl.RaftServerImpl (RaftServerImpl.java:lambda$shutdown$3(250)) - 2484e415-5504-40d1-8ead-c46d206deb95@group-F4E35192C1A7: shutdown
2020-05-22 21:03:06,570 [Listener at 127.0.0.1/42845] INFO  util.JmxRegister (JmxRegister.java:unregister(73)) - Successfully un-registered JMX Bean with object name Ratis:service=RaftServer,group=group-F4E35192C1A7,id=2484e415-5504-40d1-8ead-c46d206deb95
2020-05-22 21:03:06,570 [Listener at 127.0.0.1/42845] INFO  impl.RoleInfo (RoleInfo.java:shutdownLeaderState(104)) - 2484e415-5504-40d1-8ead-c46d206deb95: shutdown LeaderState
2020-05-22 21:03:06,570 [org.apache.ratis.server.impl.LogAppender$AppenderDaemon$$Lambda$479/568955185@1472db30] WARN  server.GrpcLogAppender (GrpcLogAppender.java:mayWait(153)) - 2484e415-5504-40d1-8ead-c46d206deb95@group-F4E35192C1A7->a3997db8-320d-4151-9902-06bffb7c93ac-GrpcLogAppender: Wait interrupted by java.lang.InterruptedException
2020-05-22 21:03:06,571 [org.apache.ratis.server.impl.LogAppender$AppenderDaemon$$Lambda$479/568955185@1bba845d] WARN  server.GrpcLogAppender (GrpcLogAppender.java:mayWait(153)) - 2484e415-5504-40d1-8ead-c46d206deb95@group-F4E35192C1A7->0dacf195-f99f-4186-8388-cfc458ddcf69-GrpcLogAppender: Wait interrupted by java.lang.InterruptedException
2020-05-22 21:03:06,571 [Listener at 127.0.0.1/42845] INFO  impl.PendingRequests (PendingRequests.java:sendNotLeaderResponses(242)) - 2484e415-5504-40d1-8ead-c46d206deb95@group-F4E35192C1A7-PendingRequests: sendNotLeaderResponses
2020-05-22 21:03:06,572 [Listener at 127.0.0.1/42845] INFO  metrics.RatisMetrics (RatisMetrics.java:unregister(46)) - Unregistering Metrics Registry : ratis.log_appender.2484e415-5504-40d1-8ead-c46d206deb95@group-F4E35192C1A7
2020-05-22 21:03:06,573 [Listener at 127.0.0.1/42845] INFO  impl.StateMachineUpdater (StateMachineUpdater.java:stopAndJoin(142)) - 2484e415-5504-40d1-8ead-c46d206deb95@group-F4E35192C1A7-StateMachineUpdater: set stopIndex = 8
2020-05-22 21:03:06,573 [2484e415-5504-40d1-8ead-c46d206deb95@group-F4E35192C1A7-StateMachineUpdater] INFO  ratis.ContainerStateMachine (ContainerStateMachine.java:takeSnapshot(288)) - group-F4E35192C1A7: Taking a snapshot at:(t:2, i:8) file /github/workspace/mnt/ozone/hadoop-ozone/integration-test/target/test-dir/MiniOzoneClusterImpl-aeaef343-8586-4703-af18-3341d148064c/datanode-1/data/ratis/b8bc81e2-7c38-4433-8921-f4e35192c1a7/sm/snapshot.2_8
2020-05-22 21:03:06,575 [2484e415-5504-40d1-8ead-c46d206deb95@group-F4E35192C1A7-StateMachineUpdater] INFO  ratis.ContainerStateMachine (ContainerStateMachine.java:takeSnapshot(299)) - group-F4E35192C1A7: Finished taking a snapshot at:(t:2, i:8) file:/github/workspace/mnt/ozone/hadoop-ozone/integration-test/target/test-dir/MiniOzoneClusterImpl-aeaef343-8586-4703-af18-3341d148064c/datanode-1/data/ratis/b8bc81e2-7c38-4433-8921-f4e35192c1a7/sm/snapshot.2_8 time:1
2020-05-22 21:03:06,575 [2484e415-5504-40d1-8ead-c46d206deb95@group-F4E35192C1A7-StateMachineUpdater] INFO  impl.StateMachineUpdater (StateMachineUpdater.java:takeSnapshot(277)) - 2484e415-5504-40d1-8ead-c46d206deb95@group-F4E35192C1A7-StateMachineUpdater: Took a snapshot at index 8
2020-05-22 21:03:06,575 [2484e415-5504-40d1-8ead-c46d206deb95@group-F4E35192C1A7-StateMachineUpdater] INFO  impl.StateMachineUpdater (StateMachineUpdater.java:lambda$new$0(87)) - 2484e415-5504-40d1-8ead-c46d206deb95@group-F4E35192C1A7-StateMachineUpdater: snapshotIndex: updateIncreasingly -1 -> 8
2020-05-22 21:03:06,575 [2484e415-5504-40d1-8ead-c46d206deb95@group-F4E35192C1A7-StateMachineUpdater] INFO  metrics.RatisMetrics (RatisMetrics.java:unregister(46)) - Unregistering Metrics Registry : ratis.state_machine.2484e415-5504-40d1-8ead-c46d206deb95@group-F4E35192C1A7
2020-05-22 21:03:06,575 [Listener at 127.0.0.1/42845] INFO  impl.RaftServerImpl (ServerState.java:close(387)) - 2484e415-5504-40d1-8ead-c46d206deb95@group-F4E35192C1A7: closes. applyIndex: 8
2020-05-22 21:03:06,576 [2484e415-5504-40d1-8ead-c46d206deb95@group-F4E35192C1A7-SegmentedRaftLogWorker] INFO  segmented.SegmentedRaftLogWorker (SegmentedRaftLogWorker.java:run(321)) - 2484e415-5504-40d1-8ead-c46d206deb95@group-F4E35192C1A7-SegmentedRaftLogWorker was interrupted, exiting. There are 0 tasks remaining in the queue.
2020-05-22 21:03:06,576 [Listener at 127.0.0.1/42845] INFO  segmented.SegmentedRaftLogWorker (SegmentedRaftLogWorker.java:close(229)) - 2484e415-5504-40d1-8ead-c46d206deb95@group-F4E35192C1A7-SegmentedRaftLogWorker close()
2020-05-22 21:03:06,576 [Listener at 127.0.0.1/42845] INFO  metrics.RatisMetrics (RatisMetrics.java:unregister(46)) - Unregistering Metrics Registry : ratis.log_worker.2484e415-5504-40d1-8ead-c46d206deb95
2020-05-22 21:03:06,577 [Listener at 127.0.0.1/42845] INFO  metrics.RatisMetrics (RatisMetrics.java:unregister(46)) - Unregistering Metrics Registry : ratis.leader_election.2484e415-5504-40d1-8ead-c46d206deb95@group-F4E35192C1A7
2020-05-22 21:03:06,577 [Listener at 127.0.0.1/42845] INFO  metrics.RatisMetrics (RatisMetrics.java:unregister(46)) - Unregistering Metrics Registry : ratis.server.2484e415-5504-40d1-8ead-c46d206deb95@group-F4E35192C1A7
2020-05-22 21:03:06,577 [Listener at 127.0.0.1/42845] INFO  impl.RaftServerImpl (RaftServerImpl.java:lambda$shutdown$3(250)) - 2484e415-5504-40d1-8ead-c46d206deb95@group-D2655063A47B: shutdown
2020-05-22 21:03:06,577 [Listener at 127.0.0.1/42845] INFO  util.JmxRegister (JmxRegister.java:unregister(73)) - Successfully un-registered JMX Bean with object name Ratis:service=RaftServer,group=group-D2655063A47B,id=2484e415-5504-40d1-8ead-c46d206deb95
2020-05-22 21:03:06,577 [Listener at 127.0.0.1/42845] INFO  impl.RoleInfo (RoleInfo.java:shutdownLeaderState(104)) - 2484e415-5504-40d1-8ead-c46d206deb95: shutdown LeaderState
2020-05-22 21:03:06,578 [Listener at 127.0.0.1/42845] INFO  impl.PendingRequests (PendingRequests.java:sendNotLeaderResponses(242)) - 2484e415-5504-40d1-8ead-c46d206deb95@group-D2655063A47B-PendingRequests: sendNotLeaderResponses
2020-05-22 21:03:06,578 [Listener at 127.0.0.1/42845] INFO  metrics.RatisMetrics (RatisMetrics.java:unregister(46)) - Unregistering Metrics Registry : ratis.log_appender.2484e415-5504-40d1-8ead-c46d206deb95@group-D2655063A47B
2020-05-22 21:03:06,578 [Listener at 127.0.0.1/42845] INFO  impl.StateMachineUpdater (StateMachineUpdater.java:stopAndJoin(142)) - 2484e415-5504-40d1-8ead-c46d206deb95@group-D2655063A47B-StateMachineUpdater: set stopIndex = 0
2020-05-22 21:03:06,578 [2484e415-5504-40d1-8ead-c46d206deb95@group-D2655063A47B-StateMachineUpdater] INFO  ratis.ContainerStateMachine (ContainerStateMachine.java:takeSnapshot(288)) - group-D2655063A47B: Taking a snapshot at:(t:1, i:0) file /github/workspace/mnt/ozone/hadoop-ozone/integration-test/target/test-dir/MiniOzoneClusterImpl-aeaef343-8586-4703-af18-3341d148064c/datanode-1/data/ratis/7930d286-e56a-48d5-a383-d2655063a47b/sm/snapshot.1_0
2020-05-22 21:03:06,579 [2484e415-5504-40d1-8ead-c46d206deb95@group-D2655063A47B-StateMachineUpdater] INFO  ratis.ContainerStateMachine (ContainerStateMachine.java:takeSnapshot(299)) - group-D2655063A47B: Finished taking a snapshot at:(t:1, i:0) file:/github/workspace/mnt/ozone/hadoop-ozone/integration-test/target/test-dir/MiniOzoneClusterImpl-aeaef343-8586-4703-af18-3341d148064c/datanode-1/data/ratis/7930d286-e56a-48d5-a383-d2655063a47b/sm/snapshot.1_0 time:1
2020-05-22 21:03:06,579 [2484e415-5504-40d1-8ead-c46d206deb95@group-D2655063A47B-StateMachineUpdater] INFO  impl.StateMachineUpdater (StateMachineUpdater.java:takeSnapshot(277)) - 2484e415-5504-40d1-8ead-c46d206deb95@group-D2655063A47B-StateMachineUpdater: Took a snapshot at index 0
2020-05-22 21:03:06,579 [2484e415-5504-40d1-8ead-c46d206deb95@group-D2655063A47B-StateMachineUpdater] INFO  impl.StateMachineUpdater (StateMachineUpdater.java:lambda$new$0(87)) - 2484e415-5504-40d1-8ead-c46d206deb95@group-D2655063A47B-StateMachineUpdater: snapshotIndex: updateIncreasingly -1 -> 0
2020-05-22 21:03:06,580 [2484e415-5504-40d1-8ead-c46d206deb95@group-D2655063A47B-StateMachineUpdater] INFO  metrics.RatisMetrics (RatisMetrics.java:unregister(46)) - Unregistering Metrics Registry : ratis.state_machine.2484e415-5504-40d1-8ead-c46d206deb95@group-D2655063A47B
2020-05-22 21:03:06,580 [Listener at 127.0.0.1/42845] INFO  impl.RaftServerImpl (ServerState.java:close(387)) - 2484e415-5504-40d1-8ead-c46d206deb95@group-D2655063A47B: closes. applyIndex: 0
2020-05-22 21:03:06,580 [2484e415-5504-40d1-8ead-c46d206deb95@group-D2655063A47B-SegmentedRaftLogWorker] INFO  segmented.SegmentedRaftLogWorker (SegmentedRaftLogWorker.java:run(321)) - 2484e415-5504-40d1-8ead-c46d206deb95@group-D2655063A47B-SegmentedRaftLogWorker was interrupted, exiting. There are 0 tasks remaining in the queue.
2020-05-22 21:03:06,580 [Listener at 127.0.0.1/42845] INFO  segmented.SegmentedRaftLogWorker (SegmentedRaftLogWorker.java:close(229)) - 2484e415-5504-40d1-8ead-c46d206deb95@group-D2655063A47B-SegmentedRaftLogWorker close()
2020-05-22 21:03:06,581 [Listener at 127.0.0.1/42845] INFO  metrics.RatisMetrics (RatisMetrics.java:unregister(46)) - Unregistering Metrics Registry : ratis.log_worker.2484e415-5504-40d1-8ead-c46d206deb95
2020-05-22 21:03:06,581 [Listener at 127.0.0.1/42845] INFO  metrics.RatisMetrics (RatisMetrics.java:unregister(46)) - Unregistering Metrics Registry : ratis.leader_election.2484e415-5504-40d1-8ead-c46d206deb95@group-D2655063A47B
2020-05-22 21:03:06,581 [Listener at 127.0.0.1/42845] INFO  metrics.RatisMetrics (RatisMetrics.java:unregister(46)) - Unregistering Metrics Registry : ratis.server.2484e415-5504-40d1-8ead-c46d206deb95@group-D2655063A47B
2020-05-22 21:03:06,581 [Listener at 127.0.0.1/42845] INFO  server.GrpcService (GrpcService.java:closeImpl(165)) - 2484e415-5504-40d1-8ead-c46d206deb95: shutdown server with port 45739 now
2020-05-22 21:03:06,583 [grpc-default-executor-4] WARN  client.GrpcClientProtocolService (LogUtils.java:warn(122)) - 1-UnorderedRequestStreamObserver1: onError: org.apache.ratis.thirdparty.io.grpc.StatusRuntimeException: CANCELLED: cancelled before receiving half close
2020-05-22 21:03:06,589 [Listener at 127.0.0.1/42845] INFO  server.GrpcService (GrpcService.java:closeImpl(173)) - 2484e415-5504-40d1-8ead-c46d206deb95: shutdown server with port 45739 successfully
2020-05-22 21:03:06,591 [Listener at 127.0.0.1/42845] INFO  utils.BackgroundService (BackgroundService.java:shutdown(157)) - Shutting down service BlockDeletingService
2020-05-22 21:03:06,597 [Listener at 127.0.0.1/42845] INFO  statemachine.DatanodeStateMachine (DatanodeStateMachine.java:stopDaemon(424)) - Ozone container server stopped.
2020-05-22 21:03:06,598 [Listener at 127.0.0.1/42845] INFO  handler.ContextHandler (ContextHandler.java:doStop(1016)) - Stopped o.e.j.w.WebAppContext@489c6911{hddsDatanode,/,null,UNAVAILABLE}{jar:file:/home/user/.m2/repository/org/apache/hadoop/hadoop-hdds-container-service/0.6.0-SNAPSHOT/hadoop-hdds-container-service-0.6.0-SNAPSHOT.jar!/webapps/hddsDatanode}
2020-05-22 21:03:06,599 [Listener at 127.0.0.1/42845] INFO  server.AbstractConnector (AbstractConnector.java:doStop(380)) - Stopped ServerConnector@3654fcb2{HTTP/1.1,[http/1.1]}{0.0.0.0:0}
2020-05-22 21:03:06,599 [Listener at 127.0.0.1/42845] INFO  server.session (HouseKeeper.java:stopScavenging(158)) - node0 Stopped scavenging
2020-05-22 21:03:06,599 [Listener at 127.0.0.1/42845] INFO  handler.ContextHandler (ContextHandler.java:doStop(1016)) - Stopped o.e.j.s.ServletContextHandler@1a164e66{static,/static,jar:file:/home/user/.m2/repository/org/apache/hadoop/hadoop-hdds-container-service/0.6.0-SNAPSHOT/hadoop-hdds-container-service-0.6.0-SNAPSHOT.jar!/webapps/static,UNAVAILABLE}
2020-05-22 21:03:06,600 [Listener at 127.0.0.1/42845] INFO  handler.ContextHandler (ContextHandler.java:doStop(1016)) - Stopped o.e.j.s.ServletContextHandler@363374c4{logs,/logs,file:///github/workspace/mnt/ozone/hadoop-ozone/integration-test/target/log,UNAVAILABLE}
2020-05-22 21:03:06,601 [Listener at 127.0.0.1/42845] INFO  ozone.MiniOzoneClusterImpl (MiniOzoneClusterImpl.java:stopSCM(476)) - Stopping the StorageContainerManager
2020-05-22 21:03:06,601 [Listener at 127.0.0.1/42845] INFO  server.StorageContainerManager (StorageContainerManager.java:stop(824)) - Stopping Replication Manager Service.
2020-05-22 21:03:06,601 [Listener at 127.0.0.1/42845] INFO  container.ReplicationManager (ReplicationManager.java:stop(208)) - Stopping Replication Monitor Thread.
2020-05-22 21:03:06,601 [Listener at 127.0.0.1/42845] INFO  server.StorageContainerManager (StorageContainerManager.java:stop(831)) - Stopping Lease Manager of the command watchers
2020-05-22 21:03:06,602 [CommandWatcher-LeaseManager#LeaseMonitor] ERROR lease.LeaseManager (LeaseManager.java:run(238)) - Execution was interrupted 
java.lang.InterruptedException: sleep interrupted
	at java.lang.Thread.sleep(Native Method)
	at org.apache.hadoop.ozone.lease.LeaseManager$LeaseMonitor.run(LeaseManager.java:234)
	at java.lang.Thread.run(Thread.java:748)
2020-05-22 21:03:06,603 [Listener at 127.0.0.1/42845] INFO  server.StorageContainerManager (StorageContainerManager.java:stop(838)) - Stopping datanode service RPC server
2020-05-22 21:03:06,603 [Listener at 127.0.0.1/42845] INFO  server.SCMDatanodeProtocolServer (SCMDatanodeProtocolServer.java:stop(361)) - Stopping the RPC server for DataNodes
2020-05-22 21:03:06,603 [Listener at 127.0.0.1/42845] INFO  ipc.Server (Server.java:stop(3359)) - Stopping server on 34379
2020-05-22 21:03:06,605 [IPC Server listener on 0] INFO  ipc.Server (Server.java:run(1330)) - Stopping IPC Server listener on 0
2020-05-22 21:03:06,606 [IPC Server Responder] INFO  ipc.Server (Server.java:run(1465)) - Stopping IPC Server Responder
2020-05-22 21:03:06,699 [SCM Heartbeat Processing Thread - 0] WARN  node.NodeStateManager (NodeStateManager.java:scheduleNextHealthCheck(661)) - Current Thread is interrupted, shutting down HB processing thread for Node Manager.
2020-05-22 21:03:06,700 [Listener at 127.0.0.1/42845] INFO  server.StorageContainerManager (StorageContainerManager.java:stop(846)) - Stopping block service RPC server
2020-05-22 21:03:06,700 [Listener at 127.0.0.1/42845] INFO  server.SCMBlockProtocolServer (SCMBlockProtocolServer.java:stop(158)) - Stopping the RPC server for Block Protocol
2020-05-22 21:03:06,700 [Listener at 127.0.0.1/42845] INFO  ipc.Server (Server.java:stop(3359)) - Stopping server on 40141
2020-05-22 21:03:06,703 [IPC Server listener on 0] INFO  ipc.Server (Server.java:run(1330)) - Stopping IPC Server listener on 0
2020-05-22 21:03:06,703 [IPC Server Responder] INFO  ipc.Server (Server.java:run(1465)) - Stopping IPC Server Responder
2020-05-22 21:03:06,703 [Listener at 127.0.0.1/42845] INFO  server.StorageContainerManager (StorageContainerManager.java:stop(853)) - Stopping the StorageContainerLocationProtocol RPC server
2020-05-22 21:03:06,704 [Listener at 127.0.0.1/42845] INFO  server.SCMClientProtocolServer (SCMClientProtocolServer.java:stop(166)) - Stopping the RPC server for Client Protocol
2020-05-22 21:03:06,704 [Listener at 127.0.0.1/42845] INFO  ipc.Server (Server.java:stop(3359)) - Stopping server on 41139
2020-05-22 21:03:06,705 [IPC Server listener on 0] INFO  ipc.Server (Server.java:run(1330)) - Stopping IPC Server listener on 0
2020-05-22 21:03:06,706 [IPC Server Responder] INFO  ipc.Server (Server.java:run(1465)) - Stopping IPC Server Responder
2020-05-22 21:03:06,706 [Listener at 127.0.0.1/42845] INFO  server.StorageContainerManager (StorageContainerManager.java:stop(860)) - Stopping Storage Container Manager HTTP server.
2020-05-22 21:03:06,707 [Listener at 127.0.0.1/42845] INFO  handler.ContextHandler (ContextHandler.java:doStop(1016)) - Stopped o.e.j.w.WebAppContext@1c5e759e{scm,/,null,UNAVAILABLE}{file:/github/workspace/mnt/ozone/hadoop-ozone/integration-test/target/test-classes/webapps/scm}
2020-05-22 21:03:06,708 [Listener at 127.0.0.1/42845] INFO  server.AbstractConnector (AbstractConnector.java:doStop(380)) - Stopped ServerConnector@57465bba{HTTP/1.1,[http/1.1]}{0.0.0.0:0}
2020-05-22 21:03:06,708 [Listener at 127.0.0.1/42845] INFO  server.session (HouseKeeper.java:stopScavenging(158)) - node0 Stopped scavenging
2020-05-22 21:03:06,709 [Listener at 127.0.0.1/42845] INFO  handler.ContextHandler (ContextHandler.java:doStop(1016)) - Stopped o.e.j.s.ServletContextHandler@211e1b51{static,/static,file:///github/workspace/mnt/ozone/hadoop-ozone/integration-test/target/test-classes/webapps/static,UNAVAILABLE}
2020-05-22 21:03:06,709 [Listener at 127.0.0.1/42845] INFO  handler.ContextHandler (ContextHandler.java:doStop(1016)) - Stopped o.e.j.s.ServletContextHandler@42775280{logs,/logs,file:///github/workspace/mnt/ozone/hadoop-ozone/integration-test/target/log,UNAVAILABLE}
2020-05-22 21:03:06,710 [Listener at 127.0.0.1/42845] INFO  server.StorageContainerManager (StorageContainerManager.java:stop(871)) - Stopping Block Manager Service.
2020-05-22 21:03:06,710 [Listener at 127.0.0.1/42845] INFO  utils.BackgroundService (BackgroundService.java:shutdown(157)) - Shutting down service SCMBlockDeletingService
2020-05-22 21:03:06,711 [Listener at 127.0.0.1/42845] INFO  utils.BackgroundService (BackgroundService.java:shutdown(157)) - Shutting down service SCMBlockDeletingService
2020-05-22 21:03:06,711 [Listener at 127.0.0.1/42845] INFO  server.StorageContainerManager (StorageContainerManager.java:stop(896)) - Stopping SCM Event Queue.
2020-05-22 21:03:06,716 [Listener at 127.0.0.1/42845] INFO  impl.MetricsSystemImpl (MetricsSystemImpl.java:stop(210)) - Stopping XceiverClientMetrics metrics system...
2020-05-22 21:03:06,729 [prometheus] INFO  impl.MetricsSinkAdapter (MetricsSinkAdapter.java:publishMetricsFromQueue(141)) - prometheus thread interrupted.
2020-05-22 21:03:06,729 [Listener at 127.0.0.1/42845] INFO  impl.MetricsSystemImpl (MetricsSystemImpl.java:stop(216)) - XceiverClientMetrics metrics system stopped.
]]></system-out>
    <system-err><![CDATA[ERROR StatusLogger No Log4j 2 configuration file found. Using default configuration (logging only errors to the console), or user programmatically provided configurations. Set system property 'log4j2.debug' to show Log4j 2 internal initialization logging. See https://logging.apache.org/log4j/2.x/manual/configuration.html for instructions on how to configure Log4j 2
May 22, 2020 9:02:39 PM org.apache.ratis.thirdparty.io.grpc.internal.SerializingExecutor run
SEVERE: Exception while executing runnable org.apache.ratis.thirdparty.io.grpc.internal.ServerImpl$JumpToApplicationThreadServerStreamListener$1Closed@4adfb088
org.apache.ratis.thirdparty.io.grpc.StatusRuntimeException: CANCELLED: call already cancelled
	at org.apache.ratis.thirdparty.io.grpc.Status.asRuntimeException(Status.java:524)
	at org.apache.ratis.thirdparty.io.grpc.stub.ServerCalls$ServerCallStreamObserverImpl.onCompleted(ServerCalls.java:368)
	at org.apache.ratis.grpc.server.GrpcServerProtocolService$ServerRequestStreamObserver.onError(GrpcServerProtocolService.java:145)
	at org.apache.ratis.thirdparty.io.grpc.stub.ServerCalls$StreamingServerCallHandler$StreamingServerCallListener.onCancel(ServerCalls.java:272)
	at org.apache.ratis.thirdparty.io.grpc.internal.ServerCallImpl$ServerStreamListenerImpl.closedInternal(ServerCallImpl.java:353)
	at org.apache.ratis.thirdparty.io.grpc.internal.ServerCallImpl$ServerStreamListenerImpl.closed(ServerCallImpl.java:341)
	at org.apache.ratis.thirdparty.io.grpc.internal.ServerImpl$JumpToApplicationThreadServerStreamListener$1Closed.runInContext(ServerImpl.java:867)
	at org.apache.ratis.thirdparty.io.grpc.internal.ContextRunnable.run(ContextRunnable.java:37)
	at org.apache.ratis.thirdparty.io.grpc.internal.SerializingExecutor.run(SerializingExecutor.java:123)
	at java.util.concurrent.ThreadPoolExecutor.runWorker(ThreadPoolExecutor.java:1149)
	at java.util.concurrent.ThreadPoolExecutor$Worker.run(ThreadPoolExecutor.java:624)
	at java.lang.Thread.run(Thread.java:748)

May 22, 2020 9:02:46 PM org.apache.ratis.thirdparty.io.grpc.internal.SerializingExecutor run
SEVERE: Exception while executing runnable org.apache.ratis.thirdparty.io.grpc.internal.ServerImpl$JumpToApplicationThreadServerStreamListener$1Closed@666966bb
org.apache.ratis.thirdparty.io.grpc.StatusRuntimeException: CANCELLED: call already cancelled
	at org.apache.ratis.thirdparty.io.grpc.Status.asRuntimeException(Status.java:524)
	at org.apache.ratis.thirdparty.io.grpc.stub.ServerCalls$ServerCallStreamObserverImpl.onCompleted(ServerCalls.java:368)
	at org.apache.ratis.grpc.server.GrpcServerProtocolService$ServerRequestStreamObserver.onError(GrpcServerProtocolService.java:145)
	at org.apache.ratis.thirdparty.io.grpc.stub.ServerCalls$StreamingServerCallHandler$StreamingServerCallListener.onCancel(ServerCalls.java:272)
	at org.apache.ratis.thirdparty.io.grpc.internal.ServerCallImpl$ServerStreamListenerImpl.closedInternal(ServerCallImpl.java:353)
	at org.apache.ratis.thirdparty.io.grpc.internal.ServerCallImpl$ServerStreamListenerImpl.closed(ServerCallImpl.java:341)
	at org.apache.ratis.thirdparty.io.grpc.internal.ServerImpl$JumpToApplicationThreadServerStreamListener$1Closed.runInContext(ServerImpl.java:867)
	at org.apache.ratis.thirdparty.io.grpc.internal.ContextRunnable.run(ContextRunnable.java:37)
	at org.apache.ratis.thirdparty.io.grpc.internal.SerializingExecutor.run(SerializingExecutor.java:123)
	at java.util.concurrent.ThreadPoolExecutor.runWorker(ThreadPoolExecutor.java:1149)
	at java.util.concurrent.ThreadPoolExecutor$Worker.run(ThreadPoolExecutor.java:624)
	at java.lang.Thread.run(Thread.java:748)

May 22, 2020 9:02:46 PM org.apache.ratis.thirdparty.io.grpc.internal.SerializingExecutor run
SEVERE: Exception while executing runnable org.apache.ratis.thirdparty.io.grpc.internal.ServerImpl$JumpToApplicationThreadServerStreamListener$1Closed@4ebc4a69
org.apache.ratis.thirdparty.io.grpc.StatusRuntimeException: CANCELLED: call already cancelled
	at org.apache.ratis.thirdparty.io.grpc.Status.asRuntimeException(Status.java:524)
	at org.apache.ratis.thirdparty.io.grpc.stub.ServerCalls$ServerCallStreamObserverImpl.onCompleted(ServerCalls.java:368)
	at org.apache.ratis.grpc.server.GrpcServerProtocolService$ServerRequestStreamObserver.onError(GrpcServerProtocolService.java:145)
	at org.apache.ratis.thirdparty.io.grpc.stub.ServerCalls$StreamingServerCallHandler$StreamingServerCallListener.onCancel(ServerCalls.java:272)
	at org.apache.ratis.thirdparty.io.grpc.internal.ServerCallImpl$ServerStreamListenerImpl.closedInternal(ServerCallImpl.java:353)
	at org.apache.ratis.thirdparty.io.grpc.internal.ServerCallImpl$ServerStreamListenerImpl.closed(ServerCallImpl.java:341)
	at org.apache.ratis.thirdparty.io.grpc.internal.ServerImpl$JumpToApplicationThreadServerStreamListener$1Closed.runInContext(ServerImpl.java:867)
	at org.apache.ratis.thirdparty.io.grpc.internal.ContextRunnable.run(ContextRunnable.java:37)
	at org.apache.ratis.thirdparty.io.grpc.internal.SerializingExecutor.run(SerializingExecutor.java:123)
	at java.util.concurrent.ThreadPoolExecutor.runWorker(ThreadPoolExecutor.java:1149)
	at java.util.concurrent.ThreadPoolExecutor$Worker.run(ThreadPoolExecutor.java:624)
	at java.lang.Thread.run(Thread.java:748)

May 22, 2020 9:03:01 PM org.apache.ratis.thirdparty.io.grpc.internal.SerializingExecutor run
SEVERE: Exception while executing runnable org.apache.ratis.thirdparty.io.grpc.internal.ServerImpl$JumpToApplicationThreadServerStreamListener$1Closed@22cac560
org.apache.ratis.thirdparty.io.grpc.StatusRuntimeException: CANCELLED: call already cancelled
	at org.apache.ratis.thirdparty.io.grpc.Status.asRuntimeException(Status.java:524)
	at org.apache.ratis.thirdparty.io.grpc.stub.ServerCalls$ServerCallStreamObserverImpl.onCompleted(ServerCalls.java:368)
	at org.apache.ratis.grpc.server.GrpcServerProtocolService$ServerRequestStreamObserver.onError(GrpcServerProtocolService.java:145)
	at org.apache.ratis.thirdparty.io.grpc.stub.ServerCalls$StreamingServerCallHandler$StreamingServerCallListener.onCancel(ServerCalls.java:272)
	at org.apache.ratis.thirdparty.io.grpc.internal.ServerCallImpl$ServerStreamListenerImpl.closedInternal(ServerCallImpl.java:353)
	at org.apache.ratis.thirdparty.io.grpc.internal.ServerCallImpl$ServerStreamListenerImpl.closed(ServerCallImpl.java:341)
	at org.apache.ratis.thirdparty.io.grpc.internal.ServerImpl$JumpToApplicationThreadServerStreamListener$1Closed.runInContext(ServerImpl.java:867)
	at org.apache.ratis.thirdparty.io.grpc.internal.ContextRunnable.run(ContextRunnable.java:37)
	at org.apache.ratis.thirdparty.io.grpc.internal.SerializingExecutor.run(SerializingExecutor.java:123)
	at java.util.concurrent.ThreadPoolExecutor.runWorker(ThreadPoolExecutor.java:1149)
	at java.util.concurrent.ThreadPoolExecutor$Worker.run(ThreadPoolExecutor.java:624)
	at java.lang.Thread.run(Thread.java:748)

]]></system-err>
  </testcase>
  <testcase name="testContainerExclusionWithClosedContainerException" classname="org.apache.hadoop.ozone.client.rpc.TestFailureHandlingByClient" time="37.383"/>
  <testcase name="testWriteSmallFile" classname="org.apache.hadoop.ozone.client.rpc.TestFailureHandlingByClient" time="53.868"/>
  <testcase name="testBlockWritesWithDnFailures" classname="org.apache.hadoop.ozone.client.rpc.TestFailureHandlingByClient" time="48.528"/>
  <testcase name="testDatanodeExclusionWithMajorityCommit" classname="org.apache.hadoop.ozone.client.rpc.TestFailureHandlingByClient" time="0">
    <skipped message="HDDS-3298"/>
  </testcase>
</testsuite>