<?xml version="1.0" encoding="UTF-8"?>
<testsuite xmlns:xsi="http://www.w3.org/2001/XMLSchema-instance" xsi:noNamespaceSchemaLocation="https://maven.apache.org/surefire/maven-surefire-plugin/xsd/surefire-test-report-3.0.xsd" version="3.0" name="org.apache.hadoop.ozone.client.rpc.TestSecureOzoneRpcClient" time="92.223" tests="122" errors="0" skipped="1" failures="1">
  <properties>
    <property name="awt.toolkit" value="sun.awt.X11.XToolkit"/>
    <property name="file.encoding.pkg" value="sun.io"/>
    <property name="java.specification.version" value="1.8"/>
    <property name="sun.cpu.isalist" value=""/>
    <property name="sun.jnu.encoding" value="UTF-8"/>
    <property name="java.class.path" value="/home/runner/work/ozone/ozone/hadoop-ozone/integration-test/target/test-classes:/home/runner/work/ozone/ozone/hadoop-ozone/integration-test/target/classes:/home/runner/.m2/repository/org/apache/ozone/ozone-common/1.4.0-SNAPSHOT/ozone-common-1.4.0-SNAPSHOT.jar:/home/runner/.m2/repository/io/grpc/grpc-netty/1.51.1/grpc-netty-1.51.1.jar:/home/runner/.m2/repository/io/grpc/grpc-core/1.51.1/grpc-core-1.51.1.jar:/home/runner/.m2/repository/com/google/android/annotations/4.1.1.4/annotations-4.1.1.4.jar:/home/runner/.m2/repository/org/codehaus/mojo/animal-sniffer-annotations/1.21/animal-sniffer-annotations-1.21.jar:/home/runner/.m2/repository/com/google/errorprone/error_prone_annotations/2.2.0/error_prone_annotations-2.2.0.jar:/home/runner/.m2/repository/io/perfmark/perfmark-api/0.25.0/perfmark-api-0.25.0.jar:/home/runner/.m2/repository/io/netty/netty-codec-http2/4.1.86.Final/netty-codec-http2-4.1.86.Final.jar:/home/runner/.m2/repository/io/netty/netty-common/4.1.86.Final/netty-common-4.1.86.Final.jar:/home/runner/.m2/repository/io/netty/netty-buffer/4.1.86.Final/netty-buffer-4.1.86.Final.jar:/home/runner/.m2/repository/io/netty/netty-codec-http/4.1.86.Final/netty-codec-http-4.1.86.Final.jar:/home/runner/.m2/repository/io/netty/netty-handler-proxy/4.1.86.Final/netty-handler-proxy-4.1.86.Final.jar:/home/runner/.m2/repository/io/netty/netty-codec-socks/4.1.86.Final/netty-codec-socks-4.1.86.Final.jar:/home/runner/.m2/repository/io/netty/netty-tcnative-boringssl-static/2.0.54.Final/netty-tcnative-boringssl-static-2.0.54.Final.jar:/home/runner/.m2/repository/io/netty/netty-tcnative-classes/2.0.54.Final/netty-tcnative-classes-2.0.54.Final.jar:/home/runner/.m2/repository/io/netty/netty-tcnative-boringssl-static/2.0.54.Final/netty-tcnative-boringssl-static-2.0.54.Final-linux-x86_64.jar:/home/runner/.m2/repository/io/netty/netty-tcnative-boringssl-static/2.0.54.Final/netty-tcnative-boringssl-static-2.0.54.Final-linux-aarch_64.jar:/home/runner/.m2/repository/io/netty/netty-tcnative-boringssl-static/2.0.54.Final/netty-tcnative-boringssl-static-2.0.54.Final-osx-x86_64.jar:/home/runner/.m2/repository/io/netty/netty-tcnative-boringssl-static/2.0.54.Final/netty-tcnative-boringssl-static-2.0.54.Final-osx-aarch_64.jar:/home/runner/.m2/repository/io/netty/netty-tcnative-boringssl-static/2.0.54.Final/netty-tcnative-boringssl-static-2.0.54.Final-windows-x86_64.jar:/home/runner/.m2/repository/org/apache/commons/commons-compress/1.21/commons-compress-1.21.jar:/home/runner/.m2/repository/org/apache/ozone/hdds-common/1.4.0-SNAPSHOT/hdds-common-1.4.0-SNAPSHOT.jar:/home/runner/.m2/repository/org/apache/ozone/hdds-client/1.4.0-SNAPSHOT/hdds-client-1.4.0-SNAPSHOT.jar:/home/runner/.m2/repository/org/apache/ozone/ozone-interface-client/1.4.0-SNAPSHOT/ozone-interface-client-1.4.0-SNAPSHOT.jar:/home/runner/.m2/repository/org/apache/hadoop/hadoop-hdfs-client/3.3.5/hadoop-hdfs-client-3.3.5.jar:/home/runner/.m2/repository/com/squareup/okhttp3/okhttp/4.9.3/okhttp-4.9.3.jar:/home/runner/.m2/repository/com/squareup/okio/okio/2.8.0/okio-2.8.0.jar:/home/runner/.m2/repository/org/jetbrains/kotlin/kotlin-stdlib-common/1.6.21/kotlin-stdlib-common-1.6.21.jar:/home/runner/.m2/repository/org/apache/ozone/hdds-test-utils/1.4.0-SNAPSHOT/hdds-test-utils-1.4.0-SNAPSHOT.jar:/home/runner/.m2/repository/com/google/guava/guava/31.1-jre/guava-31.1-jre.jar:/home/runner/.m2/repository/com/google/guava/failureaccess/1.0.1/failureaccess-1.0.1.jar:/home/runner/.m2/repository/com/google/guava/listenablefuture/9999.0-empty-to-avoid-conflict-with-guava/listenablefuture-9999.0-empty-to-avoid-conflict-with-guava.jar:/home/runner/.m2/repository/com/google/code/findbugs/jsr305/3.0.0/jsr305-3.0.0.jar:/home/runner/.m2/repository/org/checkerframework/checker-qual/3.12.0/checker-qual-3.12.0.jar:/home/runner/.m2/repository/com/google/j2objc/j2objc-annotations/1.3/j2objc-annotations-1.3.jar:/home/runner/.m2/repository/commons-io/commons-io/2.11.0/commons-io-2.11.0.jar:/home/runner/.m2/repository/commons-logging/commons-logging/1.2/commons-logging-1.2.jar:/home/runner/.m2/repository/ch/qos/reload4j/reload4j/1.2.22/reload4j-1.2.22.jar:/home/runner/.m2/repository/org/slf4j/slf4j-api/1.7.36/slf4j-api-1.7.36.jar:/home/runner/.m2/repository/org/apache/ozone/hdds-server-scm/1.4.0-SNAPSHOT/hdds-server-scm-1.4.0-SNAPSHOT.jar:/home/runner/.m2/repository/org/apache/ozone/hdds-container-service/1.4.0-SNAPSHOT/hdds-container-service-1.4.0-SNAPSHOT.jar:/home/runner/.m2/repository/org/apache/ozone/hdds-hadoop-dependency-server/1.4.0-SNAPSHOT/hdds-hadoop-dependency-server-1.4.0-SNAPSHOT.jar:/home/runner/.m2/repository/org/apache/hadoop/hadoop-hdfs/3.3.5/hadoop-hdfs-3.3.5.jar:/home/runner/.m2/repository/commons-daemon/commons-daemon/1.0.13/commons-daemon-1.0.13.jar:/home/runner/.m2/repository/org/apache/ozone/hdds-server-framework/1.4.0-SNAPSHOT/hdds-server-framework-1.4.0-SNAPSHOT.jar:/home/runner/.m2/repository/io/dropwizard/metrics/metrics-core/3.2.4/metrics-core-3.2.4.jar:/home/runner/.m2/repository/org/apache/commons/commons-text/1.4/commons-text-1.4.jar:/home/runner/.m2/repository/org/bouncycastle/bcprov-jdk15on/1.67/bcprov-jdk15on-1.67.jar:/home/runner/.m2/repository/com/google/protobuf/protobuf-java/2.5.0/protobuf-java-2.5.0.jar:/home/runner/.m2/repository/org/apache/ozone/hdds-server-framework/1.4.0-SNAPSHOT/hdds-server-framework-1.4.0-SNAPSHOT-tests.jar:/home/runner/.m2/repository/org/apache/ozone/hdds-interface-server/1.4.0-SNAPSHOT/hdds-interface-server-1.4.0-SNAPSHOT.jar:/home/runner/.m2/repository/org/apache/ozone/hdds-interface-admin/1.4.0-SNAPSHOT/hdds-interface-admin-1.4.0-SNAPSHOT.jar:/home/runner/.m2/repository/org/apache/ozone/hdds-managed-rocksdb/1.4.0-SNAPSHOT/hdds-managed-rocksdb-1.4.0-SNAPSHOT.jar:/home/runner/.m2/repository/org/rocksdb/rocksdbjni/7.7.3/rocksdbjni-7.7.3.jar:/home/runner/.m2/repository/org/slf4j/slf4j-reload4j/1.7.36/slf4j-reload4j-1.7.36.jar:/home/runner/.m2/repository/org/apache/commons/commons-configuration2/2.1.1/commons-configuration2-2.1.1.jar:/home/runner/.m2/repository/org/apache/logging/log4j/log4j-core/2.17.1/log4j-core-2.17.1.jar:/home/runner/.m2/repository/com/lmax/disruptor/3.4.2/disruptor-3.4.2.jar:/home/runner/.m2/repository/org/eclipse/jetty/jetty-util/9.4.51.v20230217/jetty-util-9.4.51.v20230217.jar:/home/runner/.m2/repository/org/eclipse/jetty/jetty-server/9.4.51.v20230217/jetty-server-9.4.51.v20230217.jar:/home/runner/.m2/repository/org/eclipse/jetty/jetty-http/9.4.51.v20230217/jetty-http-9.4.51.v20230217.jar:/home/runner/.m2/repository/org/eclipse/jetty/jetty-io/9.4.51.v20230217/jetty-io-9.4.51.v20230217.jar:/home/runner/.m2/repository/org/eclipse/jetty/jetty-servlet/9.4.51.v20230217/jetty-servlet-9.4.51.v20230217.jar:/home/runner/.m2/repository/org/eclipse/jetty/jetty-security/9.4.51.v20230217/jetty-security-9.4.51.v20230217.jar:/home/runner/.m2/repository/org/eclipse/jetty/jetty-util-ajax/9.4.51.v20230217/jetty-util-ajax-9.4.51.v20230217.jar:/home/runner/.m2/repository/org/eclipse/jetty/jetty-webapp/9.4.51.v20230217/jetty-webapp-9.4.51.v20230217.jar:/home/runner/.m2/repository/org/eclipse/jetty/jetty-xml/9.4.51.v20230217/jetty-xml-9.4.51.v20230217.jar:/home/runner/.m2/repository/org/apache/ratis/ratis-server/2.5.1/ratis-server-2.5.1.jar:/home/runner/.m2/repository/org/apache/ratis/ratis-thirdparty-misc/1.0.4/ratis-thirdparty-misc-1.0.4.jar:/home/runner/.m2/repository/org/apache/ratis/ratis-proto/2.5.1/ratis-proto-2.5.1.jar:/home/runner/.m2/repository/org/apache/ratis/ratis-common/2.5.1/ratis-common-2.5.1.jar:/home/runner/.m2/repository/org/apache/ratis/ratis-client/2.5.1/ratis-client-2.5.1.jar:/home/runner/.m2/repository/org/apache/ratis/ratis-server-api/2.5.1/ratis-server-api-2.5.1.jar:/home/runner/.m2/repository/org/apache/ratis/ratis-metrics/2.5.1/ratis-metrics-2.5.1.jar:/home/runner/.m2/repository/io/prometheus/simpleclient_dropwizard/0.7.0/simpleclient_dropwizard-0.7.0.jar:/home/runner/.m2/repository/io/prometheus/simpleclient/0.7.0/simpleclient-0.7.0.jar:/home/runner/.m2/repository/io/prometheus/simpleclient_common/0.7.0/simpleclient_common-0.7.0.jar:/home/runner/.m2/repository/com/fasterxml/jackson/datatype/jackson-datatype-jsr310/2.13.4/jackson-datatype-jsr310-2.13.4.jar:/home/runner/.m2/repository/com/fasterxml/jackson/core/jackson-core/2.13.4/jackson-core-2.13.4.jar:/home/runner/.m2/repository/com/github/spotbugs/spotbugs-annotations/3.1.12/spotbugs-annotations-3.1.12.jar:/home/runner/.m2/repository/org/apache/ozone/rocksdb-checkpoint-differ/1.4.0-SNAPSHOT/rocksdb-checkpoint-differ-1.4.0-SNAPSHOT.jar:/home/runner/.m2/repository/org/awaitility/awaitility/4.2.0/awaitility-4.2.0.jar:/home/runner/.m2/repository/org/hamcrest/hamcrest/2.1/hamcrest-2.1.jar:/home/runner/.m2/repository/org/apache/ozone/ozone-manager/1.4.0-SNAPSHOT/ozone-manager-1.4.0-SNAPSHOT.jar:/home/runner/.m2/repository/org/aspectj/aspectjrt/1.9.7/aspectjrt-1.9.7.jar:/home/runner/.m2/repository/org/aspectj/aspectjweaver/1.9.7/aspectjweaver-1.9.7.jar:/home/runner/.m2/repository/org/apache/ozone/hdds-interface-client/1.4.0-SNAPSHOT/hdds-interface-client-1.4.0-SNAPSHOT.jar:/home/runner/.m2/repository/org/apache/hadoop/thirdparty/hadoop-shaded-protobuf_3_7/1.1.1/hadoop-shaded-protobuf_3_7-1.1.1.jar:/home/runner/.m2/repository/org/apache/ozone/ozone-interface-storage/1.4.0-SNAPSHOT/ozone-interface-storage-1.4.0-SNAPSHOT.jar:/home/runner/.m2/repository/org/reflections/reflections/0.9.11/reflections-0.9.11.jar:/home/runner/.m2/repository/com/sun/jersey/jersey-client/1.19/jersey-client-1.19.jar:/home/runner/.m2/repository/org/codehaus/jackson/jackson-core-asl/1.9.13/jackson-core-asl-1.9.13.jar:/home/runner/.m2/repository/org/codehaus/jackson/jackson-mapper-asl/1.9.13/jackson-mapper-asl-1.9.13.jar:/home/runner/.m2/repository/org/codehaus/jackson/jackson-jaxrs/1.9.13/jackson-jaxrs-1.9.13.jar:/home/runner/.m2/repository/org/apache/ranger/ranger-intg/2.3.0/ranger-intg-2.3.0.jar:/home/runner/.m2/repository/org/apache/ranger/ranger-plugins-common/2.3.0/ranger-plugins-common-2.3.0.jar:/home/runner/.m2/repository/commons-lang/commons-lang/2.6/commons-lang-2.6.jar:/home/runner/.m2/repository/org/apache/ranger/ranger-plugins-cred/2.3.0/ranger-plugins-cred-2.3.0.jar:/home/runner/.m2/repository/org/apache/ranger/ranger-plugins-audit/2.3.0/ranger-plugins-audit-2.3.0.jar:/home/runner/.m2/repository/org/eclipse/jetty/jetty-client/9.4.51.v20230217/jetty-client-9.4.51.v20230217.jar:/home/runner/.m2/repository/org/apache/httpcomponents/httpmime/4.5.6/httpmime-4.5.6.jar:/home/runner/.m2/repository/org/apache/httpcomponents/httpcore-nio/4.4.13/httpcore-nio-4.4.13.jar:/home/runner/.m2/repository/org/apache/httpcomponents/httpasyncclient/4.1.3/httpasyncclient-4.1.3.jar:/home/runner/.m2/repository/com/carrotsearch/hppc/0.8.0/hppc-0.8.0.jar:/home/runner/.m2/repository/org/apache/orc/orc-core/1.5.8/orc-core-1.5.8.jar:/home/runner/.m2/repository/net/java/dev/jna/jna/5.2.0/jna-5.2.0.jar:/home/runner/.m2/repository/net/java/dev/jna/jna-platform/5.2.0/jna-platform-5.2.0.jar:/home/runner/.m2/repository/com/kstruct/gethostname4j/0.0.2/gethostname4j-0.0.2.jar:/home/runner/.m2/repository/org/apache/ranger/ranger-plugin-classloader/2.3.0/ranger-plugin-classloader-2.3.0.jar:/home/runner/.m2/repository/org/apache/ozone/hdds-rocks-native/1.4.0-SNAPSHOT/hdds-rocks-native-1.4.0-SNAPSHOT.jar:/home/runner/.m2/repository/org/apache/hadoop/hadoop-minikdc/3.3.5/hadoop-minikdc-3.3.5.jar:/home/runner/.m2/repository/org/apache/kerby/kerb-simplekdc/1.0.1/kerb-simplekdc-1.0.1.jar:/home/runner/.m2/repository/org/apache/kerby/kerb-client/1.0.1/kerb-client-1.0.1.jar:/home/runner/.m2/repository/org/apache/kerby/kerby-config/1.0.1/kerby-config-1.0.1.jar:/home/runner/.m2/repository/org/apache/kerby/kerb-common/1.0.1/kerb-common-1.0.1.jar:/home/runner/.m2/repository/org/apache/kerby/kerb-crypto/1.0.1/kerb-crypto-1.0.1.jar:/home/runner/.m2/repository/org/apache/kerby/kerb-util/1.0.1/kerb-util-1.0.1.jar:/home/runner/.m2/repository/org/apache/kerby/token-provider/1.0.1/token-provider-1.0.1.jar:/home/runner/.m2/repository/org/apache/kerby/kerb-admin/1.0.1/kerb-admin-1.0.1.jar:/home/runner/.m2/repository/org/apache/kerby/kerb-server/1.0.1/kerb-server-1.0.1.jar:/home/runner/.m2/repository/org/apache/kerby/kerb-identity/1.0.1/kerb-identity-1.0.1.jar:/home/runner/.m2/repository/org/apache/kerby/kerby-xdr/1.0.1/kerby-xdr-1.0.1.jar:/home/runner/.m2/repository/org/apache/ozone/ozone-s3gateway/1.4.0-SNAPSHOT/ozone-s3gateway-1.4.0-SNAPSHOT.jar:/home/runner/.m2/repository/org/javassist/javassist/3.21.0-GA/javassist-3.21.0-GA.jar:/home/runner/.m2/repository/org/jboss/weld/servlet/weld-servlet-shaded/3.1.9.Final/weld-servlet-shaded-3.1.9.Final.jar:/home/runner/.m2/repository/org/glassfish/jersey/containers/jersey-container-servlet-core/2.34/jersey-container-servlet-core-2.34.jar:/home/runner/.m2/repository/org/glassfish/hk2/external/jakarta.inject/2.6.1/jakarta.inject-2.6.1.jar:/home/runner/.m2/repository/org/glassfish/jersey/core/jersey-common/2.34/jersey-common-2.34.jar:/home/runner/.m2/repository/jakarta/ws/rs/jakarta.ws.rs-api/2.1.6/jakarta.ws.rs-api-2.1.6.jar:/home/runner/.m2/repository/org/glassfish/jersey/ext/cdi/jersey-cdi1x/2.34/jersey-cdi1x-2.34.jar:/home/runner/.m2/repository/org/glassfish/jersey/inject/jersey-hk2/2.34/jersey-hk2-2.34.jar:/home/runner/.m2/repository/org/glassfish/hk2/hk2-locator/2.6.1/hk2-locator-2.6.1.jar:/home/runner/.m2/repository/org/glassfish/jersey/media/jersey-media-jaxb/2.34/jersey-media-jaxb-2.34.jar:/home/runner/.m2/repository/org/glassfish/hk2/osgi-resource-locator/1.0.3/osgi-resource-locator-1.0.3.jar:/home/runner/.m2/repository/org/glassfish/hk2/hk2-api/2.5.0/hk2-api-2.5.0.jar:/home/runner/.m2/repository/org/glassfish/hk2/hk2-utils/2.5.0/hk2-utils-2.5.0.jar:/home/runner/.m2/repository/org/glassfish/hk2/external/aopalliance-repackaged/2.5.0/aopalliance-repackaged-2.5.0.jar:/home/runner/.m2/repository/com/fasterxml/jackson/dataformat/jackson-dataformat-xml/2.13.4/jackson-dataformat-xml-2.13.4.jar:/home/runner/.m2/repository/org/codehaus/woodstox/stax2-api/4.2.1/stax2-api-4.2.1.jar:/home/runner/.m2/repository/com/fasterxml/woodstox/woodstox-core/5.4.0/woodstox-core-5.4.0.jar:/home/runner/.m2/repository/com/fasterxml/jackson/module/jackson-module-jaxb-annotations/2.13.4/jackson-module-jaxb-annotations-2.13.4.jar:/home/runner/.m2/repository/jakarta/xml/bind/jakarta.xml.bind-api/2.3.3/jakarta.xml.bind-api-2.3.3.jar:/home/runner/.m2/repository/jakarta/activation/jakarta.activation-api/1.2.2/jakarta.activation-api-1.2.2.jar:/home/runner/.m2/repository/javax/enterprise/cdi-api/2.0/cdi-api-2.0.jar:/home/runner/.m2/repository/javax/el/javax.el-api/3.0.0/javax.el-api-3.0.0.jar:/home/runner/.m2/repository/javax/interceptor/javax.interceptor-api/1.2/javax.interceptor-api-1.2.jar:/home/runner/.m2/repository/javax/inject/javax.inject/1/javax.inject-1.jar:/home/runner/.m2/repository/javax/xml/bind/jaxb-api/2.3.0/jaxb-api-2.3.0.jar:/home/runner/.m2/repository/org/glassfish/jaxb/jaxb-runtime/2.3.0.1/jaxb-runtime-2.3.0.1.jar:/home/runner/.m2/repository/org/glassfish/jaxb/jaxb-core/2.3.0.1/jaxb-core-2.3.0.1.jar:/home/runner/.m2/repository/org/glassfish/jaxb/txw2/2.3.0.1/txw2-2.3.0.1.jar:/home/runner/.m2/repository/com/sun/istack/istack-commons-runtime/3.0.5/istack-commons-runtime-3.0.5.jar:/home/runner/.m2/repository/org/jvnet/staxex/stax-ex/1.7.8/stax-ex-1.7.8.jar:/home/runner/.m2/repository/com/sun/xml/fastinfoset/FastInfoset/1.2.13/FastInfoset-1.2.13.jar:/home/runner/.m2/repository/javax/activation/activation/1.1.1/activation-1.1.1.jar:/home/runner/.m2/repository/io/grpc/grpc-protobuf/1.51.1/grpc-protobuf-1.51.1.jar:/home/runner/.m2/repository/com/google/api/grpc/proto-google-common-protos/2.9.0/proto-google-common-protos-2.9.0.jar:/home/runner/.m2/repository/io/grpc/grpc-protobuf-lite/1.51.1/grpc-protobuf-lite-1.51.1.jar:/home/runner/.m2/repository/io/grpc/grpc-stub/1.51.1/grpc-stub-1.51.1.jar:/home/runner/.m2/repository/io/netty/netty-transport/4.1.86.Final/netty-transport-4.1.86.Final.jar:/home/runner/.m2/repository/io/netty/netty-resolver/4.1.86.Final/netty-resolver-4.1.86.Final.jar:/home/runner/.m2/repository/org/apache/ozone/ozone-csi/1.4.0-SNAPSHOT/ozone-csi-1.4.0-SNAPSHOT.jar:/home/runner/.m2/repository/com/google/protobuf/protobuf-java-util/3.19.6/protobuf-java-util-3.19.6.jar:/home/runner/.m2/repository/com/google/code/gson/gson/2.9.0/gson-2.9.0.jar:/home/runner/.m2/repository/org/apache/ozone/hdds-config/1.4.0-SNAPSHOT/hdds-config-1.4.0-SNAPSHOT.jar:/home/runner/.m2/repository/io/netty/netty-transport-native-epoll/4.1.86.Final/netty-transport-native-epoll-4.1.86.Final-linux-x86_64.jar:/home/runner/.m2/repository/io/netty/netty-transport-classes-epoll/4.1.86.Final/netty-transport-classes-epoll-4.1.86.Final.jar:/home/runner/.m2/repository/io/netty/netty-transport-native-unix-common/4.1.86.Final/netty-transport-native-unix-common-4.1.86.Final.jar:/home/runner/.m2/repository/org/apache/ozone/ozone-recon/1.4.0-SNAPSHOT/ozone-recon-1.4.0-SNAPSHOT.jar:/home/runner/.m2/repository/org/apache/ozone/ozone-reconcodegen/1.4.0-SNAPSHOT/ozone-reconcodegen-1.4.0-SNAPSHOT.jar:/home/runner/.m2/repository/com/google/inject/guice/5.1.0/guice-5.1.0.jar:/home/runner/.m2/repository/aopalliance/aopalliance/1.0/aopalliance-1.0.jar:/home/runner/.m2/repository/com/google/inject/extensions/guice-assistedinject/5.1.0/guice-assistedinject-5.1.0.jar:/home/runner/.m2/repository/com/google/inject/extensions/guice-servlet/5.1.0/guice-servlet-5.1.0.jar:/home/runner/.m2/repository/org/glassfish/jersey/containers/jersey-container-servlet/2.34/jersey-container-servlet-2.34.jar:/home/runner/.m2/repository/org/glassfish/hk2/guice-bridge/2.5.0/guice-bridge-2.5.0.jar:/home/runner/.m2/repository/org/glassfish/jersey/core/jersey-server/2.34/jersey-server-2.34.jar:/home/runner/.m2/repository/org/glassfish/jersey/core/jersey-client/2.34/jersey-client-2.34.jar:/home/runner/.m2/repository/jakarta/annotation/jakarta.annotation-api/1.3.5/jakarta.annotation-api-1.3.5.jar:/home/runner/.m2/repository/jakarta/validation/jakarta.validation-api/2.0.2/jakarta.validation-api-2.0.2.jar:/home/runner/.m2/repository/org/glassfish/jersey/media/jersey-media-json-jackson/2.34/jersey-media-json-jackson-2.34.jar:/home/runner/.m2/repository/org/glassfish/jersey/ext/jersey-entity-filtering/2.34/jersey-entity-filtering-2.34.jar:/home/runner/.m2/repository/org/jooq/jooq/3.11.10/jooq-3.11.10.jar:/home/runner/.m2/repository/org/jooq/jooq-meta/3.11.10/jooq-meta-3.11.10.jar:/home/runner/.m2/repository/org/jooq/jooq-codegen/3.11.10/jooq-codegen-3.11.10.jar:/home/runner/.m2/repository/com/jolbox/bonecp/0.8.0.RELEASE/bonecp-0.8.0.RELEASE.jar:/home/runner/.m2/repository/org/apache/derby/derby/10.14.2.0/derby-10.14.2.0.jar:/home/runner/.m2/repository/org/xerial/sqlite-jdbc/3.41.2.2/sqlite-jdbc-3.41.2.2.jar:/home/runner/.m2/repository/org/springframework/spring-jdbc/5.3.27/spring-jdbc-5.3.27.jar:/home/runner/.m2/repository/org/springframework/spring-beans/5.3.27/spring-beans-5.3.27.jar:/home/runner/.m2/repository/org/springframework/spring-core/5.3.27/spring-core-5.3.27.jar:/home/runner/.m2/repository/org/springframework/spring-tx/5.3.27/spring-tx-5.3.27.jar:/home/runner/.m2/repository/org/apache/ozone/ozone-client/1.4.0-SNAPSHOT/ozone-client-1.4.0-SNAPSHOT.jar:/home/runner/.m2/repository/org/apache/ozone/hdds-erasurecode/1.4.0-SNAPSHOT/hdds-erasurecode-1.4.0-SNAPSHOT.jar:/home/runner/.m2/repository/org/apache/ozone/ozone-filesystem/1.4.0-SNAPSHOT/ozone-filesystem-1.4.0-SNAPSHOT.jar:/home/runner/.m2/repository/org/apache/ozone/ozone-filesystem-common/1.4.0-SNAPSHOT/ozone-filesystem-common-1.4.0-SNAPSHOT.jar:/home/runner/.m2/repository/org/apache/ozone/ozone-tools/1.4.0-SNAPSHOT/ozone-tools-1.4.0-SNAPSHOT.jar:/home/runner/.m2/repository/com/amazonaws/aws-java-sdk-core/1.12.261/aws-java-sdk-core-1.12.261.jar:/home/runner/.m2/repository/org/apache/httpcomponents/httpclient/4.5.13/httpclient-4.5.13.jar:/home/runner/.m2/repository/org/apache/httpcomponents/httpcore/4.4.13/httpcore-4.4.13.jar:/home/runner/.m2/repository/software/amazon/ion/ion-java/1.0.2/ion-java-1.0.2.jar:/home/runner/.m2/repository/com/fasterxml/jackson/dataformat/jackson-dataformat-cbor/2.13.4/jackson-dataformat-cbor-2.13.4.jar:/home/runner/.m2/repository/joda-time/joda-time/2.10.6/joda-time-2.10.6.jar:/home/runner/.m2/repository/com/amazonaws/aws-java-sdk-s3/1.12.261/aws-java-sdk-s3-1.12.261.jar:/home/runner/.m2/repository/com/amazonaws/aws-java-sdk-kms/1.12.261/aws-java-sdk-kms-1.12.261.jar:/home/runner/.m2/repository/com/amazonaws/jmespath-java/1.12.261/jmespath-java-1.12.261.jar:/home/runner/.m2/repository/org/kohsuke/metainf-services/metainf-services/1.8/metainf-services-1.8.jar:/home/runner/.m2/repository/org/apache/ozone/hdds-tools/1.4.0-SNAPSHOT/hdds-tools-1.4.0-SNAPSHOT.jar:/home/runner/.m2/repository/org/apache/ratis/ratis-tools/2.5.1/ratis-tools-2.5.1.jar:/home/runner/.m2/repository/commons-cli/commons-cli/1.2/commons-cli-1.2.jar:/home/runner/.m2/repository/org/apache/commons/commons-lang3/3.7/commons-lang3-3.7.jar:/home/runner/.m2/repository/org/apache/ozone/ozone-manager/1.4.0-SNAPSHOT/ozone-manager-1.4.0-SNAPSHOT-tests.jar:/home/runner/.m2/repository/org/apache/ozone/hdds-common/1.4.0-SNAPSHOT/hdds-common-1.4.0-SNAPSHOT-tests.jar:/home/runner/.m2/repository/org/apache/ozone/hdds-hadoop-dependency-client/1.4.0-SNAPSHOT/hdds-hadoop-dependency-client-1.4.0-SNAPSHOT.jar:/home/runner/.m2/repository/info/picocli/picocli/4.6.1/picocli-4.6.1.jar:/home/runner/.m2/repository/com/fasterxml/jackson/core/jackson-annotations/2.13.4/jackson-annotations-2.13.4.jar:/home/runner/.m2/repository/org/apache/ozone/hdds-annotation-processing/1.4.0-SNAPSHOT/hdds-annotation-processing-1.4.0-SNAPSHOT.jar:/home/runner/.m2/repository/javax/annotation/javax.annotation-api/1.2/javax.annotation-api-1.2.jar:/home/runner/.m2/repository/org/apache/ratis/ratis-netty/2.5.1/ratis-netty-2.5.1.jar:/home/runner/.m2/repository/org/apache/ratis/ratis-grpc/2.5.1/ratis-grpc-2.5.1.jar:/home/runner/.m2/repository/org/apache/logging/log4j/log4j-api/2.17.1/log4j-api-2.17.1.jar:/home/runner/.m2/repository/org/apache/commons/commons-pool2/2.6.0/commons-pool2-2.6.0.jar:/home/runner/.m2/repository/org/bouncycastle/bcpkix-jdk15on/1.67/bcpkix-jdk15on-1.67.jar:/home/runner/.m2/repository/commons-validator/commons-validator/1.6/commons-validator-1.6.jar:/home/runner/.m2/repository/commons-beanutils/commons-beanutils/1.9.4/commons-beanutils-1.9.4.jar:/home/runner/.m2/repository/commons-digester/commons-digester/1.8.1/commons-digester-1.8.1.jar:/home/runner/.m2/repository/commons-collections/commons-collections/3.2.2/commons-collections-3.2.2.jar:/home/runner/.m2/repository/io/jaegertracing/jaeger-client/1.6.0/jaeger-client-1.6.0.jar:/home/runner/.m2/repository/io/jaegertracing/jaeger-thrift/1.6.0/jaeger-thrift-1.6.0.jar:/home/runner/.m2/repository/org/apache/thrift/libthrift/0.14.1/libthrift-0.14.1.jar:/home/runner/.m2/repository/io/jaegertracing/jaeger-core/1.6.0/jaeger-core-1.6.0.jar:/home/runner/.m2/repository/io/jaegertracing/jaeger-tracerresolver/1.6.0/jaeger-tracerresolver-1.6.0.jar:/home/runner/.m2/repository/io/opentracing/contrib/opentracing-tracerresolver/0.1.8/opentracing-tracerresolver-0.1.8.jar:/home/runner/.m2/repository/org/jetbrains/kotlin/kotlin-stdlib/1.6.21/kotlin-stdlib-1.6.21.jar:/home/runner/.m2/repository/org/jetbrains/annotations/13.0/annotations-13.0.jar:/home/runner/.m2/repository/io/opentracing/opentracing-util/0.33.0/opentracing-util-0.33.0.jar:/home/runner/.m2/repository/io/opentracing/opentracing-api/0.33.0/opentracing-api-0.33.0.jar:/home/runner/.m2/repository/io/opentracing/opentracing-noop/0.33.0/opentracing-noop-0.33.0.jar:/home/runner/.m2/repository/org/yaml/snakeyaml/2.0/snakeyaml-2.0.jar:/home/runner/.m2/repository/io/grpc/grpc-api/1.51.1/grpc-api-1.51.1.jar:/home/runner/.m2/repository/io/grpc/grpc-context/1.51.1/grpc-context-1.51.1.jar:/home/runner/.m2/repository/junit/junit/4.13.1/junit-4.13.1.jar:/home/runner/.m2/repository/org/hamcrest/hamcrest-core/1.3/hamcrest-core-1.3.jar:/home/runner/.m2/repository/org/junit/jupiter/junit-jupiter-api/5.8.2/junit-jupiter-api-5.8.2.jar:/home/runner/.m2/repository/org/opentest4j/opentest4j/1.2.0/opentest4j-1.2.0.jar:/home/runner/.m2/repository/org/junit/platform/junit-platform-commons/1.8.2/junit-platform-commons-1.8.2.jar:/home/runner/.m2/repository/org/apiguardian/apiguardian-api/1.1.2/apiguardian-api-1.1.2.jar:/home/runner/.m2/repository/org/junit/jupiter/junit-jupiter-params/5.8.2/junit-jupiter-params-5.8.2.jar:/home/runner/.m2/repository/org/junit/jupiter/junit-jupiter-migrationsupport/5.8.2/junit-jupiter-migrationsupport-5.8.2.jar:/home/runner/.m2/repository/org/junit/jupiter/junit-jupiter-engine/5.8.2/junit-jupiter-engine-5.8.2.jar:/home/runner/.m2/repository/org/junit/platform/junit-platform-engine/1.8.2/junit-platform-engine-1.8.2.jar:/home/runner/.m2/repository/org/junit/vintage/junit-vintage-engine/5.8.2/junit-vintage-engine-5.8.2.jar:/home/runner/.m2/repository/org/junit/platform/junit-platform-launcher/1.8.2/junit-platform-launcher-1.8.2.jar:/home/runner/.m2/repository/org/mockito/mockito-core/2.28.2/mockito-core-2.28.2.jar:/home/runner/.m2/repository/net/bytebuddy/byte-buddy/1.9.10/byte-buddy-1.9.10.jar:/home/runner/.m2/repository/net/bytebuddy/byte-buddy-agent/1.9.10/byte-buddy-agent-1.9.10.jar:/home/runner/.m2/repository/org/objenesis/objenesis/1.0/objenesis-1.0.jar:/home/runner/.m2/repository/org/apache/hadoop/hadoop-kms/3.3.5/hadoop-kms-3.3.5.jar:/home/runner/.m2/repository/org/apache/hadoop/hadoop-auth/3.3.5/hadoop-auth-3.3.5.jar:/home/runner/.m2/repository/com/nimbusds/nimbus-jose-jwt/9.8.1/nimbus-jose-jwt-9.8.1.jar:/home/runner/.m2/repository/com/github/stephenc/jcip/jcip-annotations/1.0-1/jcip-annotations-1.0-1.jar:/home/runner/.m2/repository/net/minidev/json-smart/2.4.7/json-smart-2.4.7.jar:/home/runner/.m2/repository/net/minidev/accessors-smart/2.4.7/accessors-smart-2.4.7.jar:/home/runner/.m2/repository/org/ow2/asm/asm/5.0.4/asm-5.0.4.jar:/home/runner/.m2/repository/org/apache/zookeeper/zookeeper/3.5.6/zookeeper-3.5.6.jar:/home/runner/.m2/repository/org/apache/zookeeper/zookeeper-jute/3.5.6/zookeeper-jute-3.5.6.jar:/home/runner/.m2/repository/org/apache/yetus/audience-annotations/0.5.0/audience-annotations-0.5.0.jar:/home/runner/.m2/repository/org/apache/curator/curator-framework/4.2.0/curator-framework-4.2.0.jar:/home/runner/.m2/repository/org/apache/hadoop/thirdparty/hadoop-shaded-guava/1.1.1/hadoop-shaded-guava-1.1.1.jar:/home/runner/.m2/repository/com/sun/jersey/jersey-core/1.19/jersey-core-1.19.jar:/home/runner/.m2/repository/javax/ws/rs/jsr311-api/1.1.1/jsr311-api-1.1.1.jar:/home/runner/.m2/repository/com/sun/jersey/jersey-server/1.19/jersey-server-1.19.jar:/home/runner/.m2/repository/javax/servlet/javax.servlet-api/3.1.0/javax.servlet-api-3.1.0.jar:/home/runner/.m2/repository/org/apache/hadoop/hadoop-common/3.3.5/hadoop-common-3.3.5.jar:/home/runner/.m2/repository/org/apache/commons/commons-math3/3.1.1/commons-math3-3.1.1.jar:/home/runner/.m2/repository/commons-net/commons-net/3.9.0/commons-net-3.9.0.jar:/home/runner/.m2/repository/com/sun/jersey/jersey-servlet/1.19/jersey-servlet-1.19.jar:/home/runner/.m2/repository/com/github/pjfanning/jersey-json/1.20/jersey-json-1.20.jar:/home/runner/.m2/repository/org/codehaus/jettison/jettison/1.1/jettison-1.1.jar:/home/runner/.m2/repository/com/sun/xml/bind/jaxb-impl/2.2.3-1/jaxb-impl-2.2.3-1.jar:/home/runner/.m2/repository/com/google/re2j/re2j/1.1/re2j-1.1.jar:/home/runner/.m2/repository/com/jcraft/jsch/0.1.54/jsch-0.1.54.jar:/home/runner/.m2/repository/org/apache/curator/curator-client/4.2.0/curator-client-4.2.0.jar:/home/runner/.m2/repository/org/apache/curator/curator-recipes/4.2.0/curator-recipes-4.2.0.jar:/home/runner/.m2/repository/org/apache/kerby/kerb-core/1.0.1/kerb-core-1.0.1.jar:/home/runner/.m2/repository/org/apache/kerby/kerby-pkix/1.0.1/kerby-pkix-1.0.1.jar:/home/runner/.m2/repository/org/apache/kerby/kerby-asn1/1.0.1/kerby-asn1-1.0.1.jar:/home/runner/.m2/repository/org/apache/kerby/kerby-util/1.0.1/kerby-util-1.0.1.jar:/home/runner/.m2/repository/dnsjava/dnsjava/2.1.7/dnsjava-2.1.7.jar:/home/runner/.m2/repository/org/xerial/snappy/snappy-java/1.1.8.2/snappy-java-1.1.8.2.jar:/home/runner/.m2/repository/com/fasterxml/jackson/core/jackson-databind/2.13.4.2/jackson-databind-2.13.4.2.jar:/home/runner/.m2/repository/org/apache/hadoop/hadoop-kms/3.3.5/hadoop-kms-3.3.5-tests.jar:/home/runner/.m2/repository/org/apache/ozone/hdds-server-scm/1.4.0-SNAPSHOT/hdds-server-scm-1.4.0-SNAPSHOT-tests.jar:/home/runner/.m2/repository/org/apache/ozone/hdds-container-service/1.4.0-SNAPSHOT/hdds-container-service-1.4.0-SNAPSHOT-tests.jar:/home/runner/.m2/repository/com/github/luben/zstd-jni/1.5.2-5/zstd-jni-1.5.2-5.jar:/home/runner/.m2/repository/commons-codec/commons-codec/1.15/commons-codec-1.15.jar:/home/runner/.m2/repository/io/netty/netty-codec/4.1.86.Final/netty-codec-4.1.86.Final.jar:/home/runner/.m2/repository/io/netty/netty-handler/4.1.86.Final/netty-handler-4.1.86.Final.jar:/home/runner/.m2/repository/org/apache/ozone/hdds-hadoop-dependency-test/1.4.0-SNAPSHOT/hdds-hadoop-dependency-test-1.4.0-SNAPSHOT.jar:/home/runner/.m2/repository/org/apache/hadoop/hadoop-common/3.3.5/hadoop-common-3.3.5-tests.jar:/home/runner/.m2/repository/org/apache/hadoop/hadoop-hdfs/3.3.5/hadoop-hdfs-3.3.5-tests.jar:/home/runner/.m2/repository/org/assertj/assertj-core/3.12.2/assertj-core-3.12.2.jar:/home/runner/.m2/repository/org/apache/hadoop/hadoop-distcp/3.3.5/hadoop-distcp-3.3.5.jar:/home/runner/.m2/repository/org/apache/hadoop/hadoop-mapreduce-client-jobclient/3.3.5/hadoop-mapreduce-client-jobclient-3.3.5.jar:/home/runner/.m2/repository/org/apache/hadoop/hadoop-mapreduce-client-common/3.3.5/hadoop-mapreduce-client-common-3.3.5.jar:/home/runner/.m2/repository/org/apache/hadoop/hadoop-yarn-common/3.3.5/hadoop-yarn-common-3.3.5.jar:/home/runner/.m2/repository/org/apache/hadoop/hadoop-yarn-api/3.3.5/hadoop-yarn-api-3.3.5.jar:/home/runner/.m2/repository/com/sun/jersey/contribs/jersey-guice/1.19/jersey-guice-1.19.jar:/home/runner/.m2/repository/com/fasterxml/jackson/jaxrs/jackson-jaxrs-json-provider/2.13.4/jackson-jaxrs-json-provider-2.13.4.jar:/home/runner/.m2/repository/com/fasterxml/jackson/jaxrs/jackson-jaxrs-base/2.13.4/jackson-jaxrs-base-2.13.4.jar:/home/runner/.m2/repository/org/apache/hadoop/hadoop-yarn-client/3.3.5/hadoop-yarn-client-3.3.5.jar:/home/runner/.m2/repository/org/eclipse/jetty/websocket/websocket-client/9.4.48.v20220622/websocket-client-9.4.48.v20220622.jar:/home/runner/.m2/repository/org/eclipse/jetty/websocket/websocket-common/9.4.48.v20220622/websocket-common-9.4.48.v20220622.jar:/home/runner/.m2/repository/org/eclipse/jetty/websocket/websocket-api/9.4.48.v20220622/websocket-api-9.4.48.v20220622.jar:/home/runner/.m2/repository/org/jline/jline/3.9.0/jline-3.9.0.jar:/home/runner/.m2/repository/org/apache/hadoop/hadoop-mapreduce-client-core/3.3.5/hadoop-mapreduce-client-core-3.3.5.jar:/home/runner/.m2/repository/org/apache/avro/avro/1.7.7/avro-1.7.7.jar:/home/runner/.m2/repository/com/thoughtworks/paranamer/paranamer/2.3/paranamer-2.3.jar:/home/runner/.m2/repository/org/apache/hadoop/hadoop-annotations/3.3.5/hadoop-annotations-3.3.5.jar:/usr/lib/jvm/temurin-8-jdk-amd64/jre/../lib/tools.jar:/home/runner/.m2/repository/io/netty/netty/3.10.6.Final/netty-3.10.6.Final.jar:/home/runner/.m2/repository/org/apache/hadoop/hadoop-distcp/3.3.5/hadoop-distcp-3.3.5-tests.jar:/home/runner/.m2/repository/org/slf4j/jul-to-slf4j/1.7.36/jul-to-slf4j-1.7.36.jar:"/>
    <property name="java.vm.vendor" value="Temurin"/>
    <property name="sun.arch.data.model" value="64"/>
    <property name="test.build.dir" value="/home/runner/work/ozone/ozone/hadoop-ozone/integration-test/target/test-dir"/>
    <property name="test.cache.data" value=""/>
    <property name="java.vendor.url" value="https://adoptium.net/"/>
    <property name="user.timezone" value="Etc/UTC"/>
    <property name="java.vm.specification.version" value="1.8"/>
    <property name="os.name" value="Linux"/>
    <property name="test.build.data" value="/home/runner/work/ozone/ozone/hadoop-ozone/integration-test/target/test-dir"/>
    <property name="sun.java.launcher" value="SUN_STANDARD"/>
    <property name="sun.boot.library.path" value="/usr/lib/jvm/temurin-8-jdk-amd64/jre/lib/amd64"/>
    <property name="sun.java.command" value="/home/runner/work/ozone/ozone/hadoop-ozone/integration-test/target/surefire/surefirebooter5151564609426103125.jar /home/runner/work/ozone/ozone/hadoop-ozone/integration-test/target/surefire 2023-06-07T06-32-44_402-jvmRun1 surefire1229851177989234680tmp surefire_313896918860911318560tmp"/>
    <property name="surefire.test.class.path" value="/home/runner/work/ozone/ozone/hadoop-ozone/integration-test/target/test-classes:/home/runner/work/ozone/ozone/hadoop-ozone/integration-test/target/classes:/home/runner/.m2/repository/org/apache/ozone/ozone-common/1.4.0-SNAPSHOT/ozone-common-1.4.0-SNAPSHOT.jar:/home/runner/.m2/repository/io/grpc/grpc-netty/1.51.1/grpc-netty-1.51.1.jar:/home/runner/.m2/repository/io/grpc/grpc-core/1.51.1/grpc-core-1.51.1.jar:/home/runner/.m2/repository/com/google/android/annotations/4.1.1.4/annotations-4.1.1.4.jar:/home/runner/.m2/repository/org/codehaus/mojo/animal-sniffer-annotations/1.21/animal-sniffer-annotations-1.21.jar:/home/runner/.m2/repository/com/google/errorprone/error_prone_annotations/2.2.0/error_prone_annotations-2.2.0.jar:/home/runner/.m2/repository/io/perfmark/perfmark-api/0.25.0/perfmark-api-0.25.0.jar:/home/runner/.m2/repository/io/netty/netty-codec-http2/4.1.86.Final/netty-codec-http2-4.1.86.Final.jar:/home/runner/.m2/repository/io/netty/netty-common/4.1.86.Final/netty-common-4.1.86.Final.jar:/home/runner/.m2/repository/io/netty/netty-buffer/4.1.86.Final/netty-buffer-4.1.86.Final.jar:/home/runner/.m2/repository/io/netty/netty-codec-http/4.1.86.Final/netty-codec-http-4.1.86.Final.jar:/home/runner/.m2/repository/io/netty/netty-handler-proxy/4.1.86.Final/netty-handler-proxy-4.1.86.Final.jar:/home/runner/.m2/repository/io/netty/netty-codec-socks/4.1.86.Final/netty-codec-socks-4.1.86.Final.jar:/home/runner/.m2/repository/io/netty/netty-tcnative-boringssl-static/2.0.54.Final/netty-tcnative-boringssl-static-2.0.54.Final.jar:/home/runner/.m2/repository/io/netty/netty-tcnative-classes/2.0.54.Final/netty-tcnative-classes-2.0.54.Final.jar:/home/runner/.m2/repository/io/netty/netty-tcnative-boringssl-static/2.0.54.Final/netty-tcnative-boringssl-static-2.0.54.Final-linux-x86_64.jar:/home/runner/.m2/repository/io/netty/netty-tcnative-boringssl-static/2.0.54.Final/netty-tcnative-boringssl-static-2.0.54.Final-linux-aarch_64.jar:/home/runner/.m2/repository/io/netty/netty-tcnative-boringssl-static/2.0.54.Final/netty-tcnative-boringssl-static-2.0.54.Final-osx-x86_64.jar:/home/runner/.m2/repository/io/netty/netty-tcnative-boringssl-static/2.0.54.Final/netty-tcnative-boringssl-static-2.0.54.Final-osx-aarch_64.jar:/home/runner/.m2/repository/io/netty/netty-tcnative-boringssl-static/2.0.54.Final/netty-tcnative-boringssl-static-2.0.54.Final-windows-x86_64.jar:/home/runner/.m2/repository/org/apache/commons/commons-compress/1.21/commons-compress-1.21.jar:/home/runner/.m2/repository/org/apache/ozone/hdds-common/1.4.0-SNAPSHOT/hdds-common-1.4.0-SNAPSHOT.jar:/home/runner/.m2/repository/org/apache/ozone/hdds-client/1.4.0-SNAPSHOT/hdds-client-1.4.0-SNAPSHOT.jar:/home/runner/.m2/repository/org/apache/ozone/ozone-interface-client/1.4.0-SNAPSHOT/ozone-interface-client-1.4.0-SNAPSHOT.jar:/home/runner/.m2/repository/org/apache/hadoop/hadoop-hdfs-client/3.3.5/hadoop-hdfs-client-3.3.5.jar:/home/runner/.m2/repository/com/squareup/okhttp3/okhttp/4.9.3/okhttp-4.9.3.jar:/home/runner/.m2/repository/com/squareup/okio/okio/2.8.0/okio-2.8.0.jar:/home/runner/.m2/repository/org/jetbrains/kotlin/kotlin-stdlib-common/1.6.21/kotlin-stdlib-common-1.6.21.jar:/home/runner/.m2/repository/org/apache/ozone/hdds-test-utils/1.4.0-SNAPSHOT/hdds-test-utils-1.4.0-SNAPSHOT.jar:/home/runner/.m2/repository/com/google/guava/guava/31.1-jre/guava-31.1-jre.jar:/home/runner/.m2/repository/com/google/guava/failureaccess/1.0.1/failureaccess-1.0.1.jar:/home/runner/.m2/repository/com/google/guava/listenablefuture/9999.0-empty-to-avoid-conflict-with-guava/listenablefuture-9999.0-empty-to-avoid-conflict-with-guava.jar:/home/runner/.m2/repository/com/google/code/findbugs/jsr305/3.0.0/jsr305-3.0.0.jar:/home/runner/.m2/repository/org/checkerframework/checker-qual/3.12.0/checker-qual-3.12.0.jar:/home/runner/.m2/repository/com/google/j2objc/j2objc-annotations/1.3/j2objc-annotations-1.3.jar:/home/runner/.m2/repository/commons-io/commons-io/2.11.0/commons-io-2.11.0.jar:/home/runner/.m2/repository/commons-logging/commons-logging/1.2/commons-logging-1.2.jar:/home/runner/.m2/repository/ch/qos/reload4j/reload4j/1.2.22/reload4j-1.2.22.jar:/home/runner/.m2/repository/org/slf4j/slf4j-api/1.7.36/slf4j-api-1.7.36.jar:/home/runner/.m2/repository/org/apache/ozone/hdds-server-scm/1.4.0-SNAPSHOT/hdds-server-scm-1.4.0-SNAPSHOT.jar:/home/runner/.m2/repository/org/apache/ozone/hdds-container-service/1.4.0-SNAPSHOT/hdds-container-service-1.4.0-SNAPSHOT.jar:/home/runner/.m2/repository/org/apache/ozone/hdds-hadoop-dependency-server/1.4.0-SNAPSHOT/hdds-hadoop-dependency-server-1.4.0-SNAPSHOT.jar:/home/runner/.m2/repository/org/apache/hadoop/hadoop-hdfs/3.3.5/hadoop-hdfs-3.3.5.jar:/home/runner/.m2/repository/commons-daemon/commons-daemon/1.0.13/commons-daemon-1.0.13.jar:/home/runner/.m2/repository/org/apache/ozone/hdds-server-framework/1.4.0-SNAPSHOT/hdds-server-framework-1.4.0-SNAPSHOT.jar:/home/runner/.m2/repository/io/dropwizard/metrics/metrics-core/3.2.4/metrics-core-3.2.4.jar:/home/runner/.m2/repository/org/apache/commons/commons-text/1.4/commons-text-1.4.jar:/home/runner/.m2/repository/org/bouncycastle/bcprov-jdk15on/1.67/bcprov-jdk15on-1.67.jar:/home/runner/.m2/repository/com/google/protobuf/protobuf-java/2.5.0/protobuf-java-2.5.0.jar:/home/runner/.m2/repository/org/apache/ozone/hdds-server-framework/1.4.0-SNAPSHOT/hdds-server-framework-1.4.0-SNAPSHOT-tests.jar:/home/runner/.m2/repository/org/apache/ozone/hdds-interface-server/1.4.0-SNAPSHOT/hdds-interface-server-1.4.0-SNAPSHOT.jar:/home/runner/.m2/repository/org/apache/ozone/hdds-interface-admin/1.4.0-SNAPSHOT/hdds-interface-admin-1.4.0-SNAPSHOT.jar:/home/runner/.m2/repository/org/apache/ozone/hdds-managed-rocksdb/1.4.0-SNAPSHOT/hdds-managed-rocksdb-1.4.0-SNAPSHOT.jar:/home/runner/.m2/repository/org/rocksdb/rocksdbjni/7.7.3/rocksdbjni-7.7.3.jar:/home/runner/.m2/repository/org/slf4j/slf4j-reload4j/1.7.36/slf4j-reload4j-1.7.36.jar:/home/runner/.m2/repository/org/apache/commons/commons-configuration2/2.1.1/commons-configuration2-2.1.1.jar:/home/runner/.m2/repository/org/apache/logging/log4j/log4j-core/2.17.1/log4j-core-2.17.1.jar:/home/runner/.m2/repository/com/lmax/disruptor/3.4.2/disruptor-3.4.2.jar:/home/runner/.m2/repository/org/eclipse/jetty/jetty-util/9.4.51.v20230217/jetty-util-9.4.51.v20230217.jar:/home/runner/.m2/repository/org/eclipse/jetty/jetty-server/9.4.51.v20230217/jetty-server-9.4.51.v20230217.jar:/home/runner/.m2/repository/org/eclipse/jetty/jetty-http/9.4.51.v20230217/jetty-http-9.4.51.v20230217.jar:/home/runner/.m2/repository/org/eclipse/jetty/jetty-io/9.4.51.v20230217/jetty-io-9.4.51.v20230217.jar:/home/runner/.m2/repository/org/eclipse/jetty/jetty-servlet/9.4.51.v20230217/jetty-servlet-9.4.51.v20230217.jar:/home/runner/.m2/repository/org/eclipse/jetty/jetty-security/9.4.51.v20230217/jetty-security-9.4.51.v20230217.jar:/home/runner/.m2/repository/org/eclipse/jetty/jetty-util-ajax/9.4.51.v20230217/jetty-util-ajax-9.4.51.v20230217.jar:/home/runner/.m2/repository/org/eclipse/jetty/jetty-webapp/9.4.51.v20230217/jetty-webapp-9.4.51.v20230217.jar:/home/runner/.m2/repository/org/eclipse/jetty/jetty-xml/9.4.51.v20230217/jetty-xml-9.4.51.v20230217.jar:/home/runner/.m2/repository/org/apache/ratis/ratis-server/2.5.1/ratis-server-2.5.1.jar:/home/runner/.m2/repository/org/apache/ratis/ratis-thirdparty-misc/1.0.4/ratis-thirdparty-misc-1.0.4.jar:/home/runner/.m2/repository/org/apache/ratis/ratis-proto/2.5.1/ratis-proto-2.5.1.jar:/home/runner/.m2/repository/org/apache/ratis/ratis-common/2.5.1/ratis-common-2.5.1.jar:/home/runner/.m2/repository/org/apache/ratis/ratis-client/2.5.1/ratis-client-2.5.1.jar:/home/runner/.m2/repository/org/apache/ratis/ratis-server-api/2.5.1/ratis-server-api-2.5.1.jar:/home/runner/.m2/repository/org/apache/ratis/ratis-metrics/2.5.1/ratis-metrics-2.5.1.jar:/home/runner/.m2/repository/io/prometheus/simpleclient_dropwizard/0.7.0/simpleclient_dropwizard-0.7.0.jar:/home/runner/.m2/repository/io/prometheus/simpleclient/0.7.0/simpleclient-0.7.0.jar:/home/runner/.m2/repository/io/prometheus/simpleclient_common/0.7.0/simpleclient_common-0.7.0.jar:/home/runner/.m2/repository/com/fasterxml/jackson/datatype/jackson-datatype-jsr310/2.13.4/jackson-datatype-jsr310-2.13.4.jar:/home/runner/.m2/repository/com/fasterxml/jackson/core/jackson-core/2.13.4/jackson-core-2.13.4.jar:/home/runner/.m2/repository/com/github/spotbugs/spotbugs-annotations/3.1.12/spotbugs-annotations-3.1.12.jar:/home/runner/.m2/repository/org/apache/ozone/rocksdb-checkpoint-differ/1.4.0-SNAPSHOT/rocksdb-checkpoint-differ-1.4.0-SNAPSHOT.jar:/home/runner/.m2/repository/org/awaitility/awaitility/4.2.0/awaitility-4.2.0.jar:/home/runner/.m2/repository/org/hamcrest/hamcrest/2.1/hamcrest-2.1.jar:/home/runner/.m2/repository/org/apache/ozone/ozone-manager/1.4.0-SNAPSHOT/ozone-manager-1.4.0-SNAPSHOT.jar:/home/runner/.m2/repository/org/aspectj/aspectjrt/1.9.7/aspectjrt-1.9.7.jar:/home/runner/.m2/repository/org/aspectj/aspectjweaver/1.9.7/aspectjweaver-1.9.7.jar:/home/runner/.m2/repository/org/apache/ozone/hdds-interface-client/1.4.0-SNAPSHOT/hdds-interface-client-1.4.0-SNAPSHOT.jar:/home/runner/.m2/repository/org/apache/hadoop/thirdparty/hadoop-shaded-protobuf_3_7/1.1.1/hadoop-shaded-protobuf_3_7-1.1.1.jar:/home/runner/.m2/repository/org/apache/ozone/ozone-interface-storage/1.4.0-SNAPSHOT/ozone-interface-storage-1.4.0-SNAPSHOT.jar:/home/runner/.m2/repository/org/reflections/reflections/0.9.11/reflections-0.9.11.jar:/home/runner/.m2/repository/com/sun/jersey/jersey-client/1.19/jersey-client-1.19.jar:/home/runner/.m2/repository/org/codehaus/jackson/jackson-core-asl/1.9.13/jackson-core-asl-1.9.13.jar:/home/runner/.m2/repository/org/codehaus/jackson/jackson-mapper-asl/1.9.13/jackson-mapper-asl-1.9.13.jar:/home/runner/.m2/repository/org/codehaus/jackson/jackson-jaxrs/1.9.13/jackson-jaxrs-1.9.13.jar:/home/runner/.m2/repository/org/apache/ranger/ranger-intg/2.3.0/ranger-intg-2.3.0.jar:/home/runner/.m2/repository/org/apache/ranger/ranger-plugins-common/2.3.0/ranger-plugins-common-2.3.0.jar:/home/runner/.m2/repository/commons-lang/commons-lang/2.6/commons-lang-2.6.jar:/home/runner/.m2/repository/org/apache/ranger/ranger-plugins-cred/2.3.0/ranger-plugins-cred-2.3.0.jar:/home/runner/.m2/repository/org/apache/ranger/ranger-plugins-audit/2.3.0/ranger-plugins-audit-2.3.0.jar:/home/runner/.m2/repository/org/eclipse/jetty/jetty-client/9.4.51.v20230217/jetty-client-9.4.51.v20230217.jar:/home/runner/.m2/repository/org/apache/httpcomponents/httpmime/4.5.6/httpmime-4.5.6.jar:/home/runner/.m2/repository/org/apache/httpcomponents/httpcore-nio/4.4.13/httpcore-nio-4.4.13.jar:/home/runner/.m2/repository/org/apache/httpcomponents/httpasyncclient/4.1.3/httpasyncclient-4.1.3.jar:/home/runner/.m2/repository/com/carrotsearch/hppc/0.8.0/hppc-0.8.0.jar:/home/runner/.m2/repository/org/apache/orc/orc-core/1.5.8/orc-core-1.5.8.jar:/home/runner/.m2/repository/net/java/dev/jna/jna/5.2.0/jna-5.2.0.jar:/home/runner/.m2/repository/net/java/dev/jna/jna-platform/5.2.0/jna-platform-5.2.0.jar:/home/runner/.m2/repository/com/kstruct/gethostname4j/0.0.2/gethostname4j-0.0.2.jar:/home/runner/.m2/repository/org/apache/ranger/ranger-plugin-classloader/2.3.0/ranger-plugin-classloader-2.3.0.jar:/home/runner/.m2/repository/org/apache/ozone/hdds-rocks-native/1.4.0-SNAPSHOT/hdds-rocks-native-1.4.0-SNAPSHOT.jar:/home/runner/.m2/repository/org/apache/hadoop/hadoop-minikdc/3.3.5/hadoop-minikdc-3.3.5.jar:/home/runner/.m2/repository/org/apache/kerby/kerb-simplekdc/1.0.1/kerb-simplekdc-1.0.1.jar:/home/runner/.m2/repository/org/apache/kerby/kerb-client/1.0.1/kerb-client-1.0.1.jar:/home/runner/.m2/repository/org/apache/kerby/kerby-config/1.0.1/kerby-config-1.0.1.jar:/home/runner/.m2/repository/org/apache/kerby/kerb-common/1.0.1/kerb-common-1.0.1.jar:/home/runner/.m2/repository/org/apache/kerby/kerb-crypto/1.0.1/kerb-crypto-1.0.1.jar:/home/runner/.m2/repository/org/apache/kerby/kerb-util/1.0.1/kerb-util-1.0.1.jar:/home/runner/.m2/repository/org/apache/kerby/token-provider/1.0.1/token-provider-1.0.1.jar:/home/runner/.m2/repository/org/apache/kerby/kerb-admin/1.0.1/kerb-admin-1.0.1.jar:/home/runner/.m2/repository/org/apache/kerby/kerb-server/1.0.1/kerb-server-1.0.1.jar:/home/runner/.m2/repository/org/apache/kerby/kerb-identity/1.0.1/kerb-identity-1.0.1.jar:/home/runner/.m2/repository/org/apache/kerby/kerby-xdr/1.0.1/kerby-xdr-1.0.1.jar:/home/runner/.m2/repository/org/apache/ozone/ozone-s3gateway/1.4.0-SNAPSHOT/ozone-s3gateway-1.4.0-SNAPSHOT.jar:/home/runner/.m2/repository/org/javassist/javassist/3.21.0-GA/javassist-3.21.0-GA.jar:/home/runner/.m2/repository/org/jboss/weld/servlet/weld-servlet-shaded/3.1.9.Final/weld-servlet-shaded-3.1.9.Final.jar:/home/runner/.m2/repository/org/glassfish/jersey/containers/jersey-container-servlet-core/2.34/jersey-container-servlet-core-2.34.jar:/home/runner/.m2/repository/org/glassfish/hk2/external/jakarta.inject/2.6.1/jakarta.inject-2.6.1.jar:/home/runner/.m2/repository/org/glassfish/jersey/core/jersey-common/2.34/jersey-common-2.34.jar:/home/runner/.m2/repository/jakarta/ws/rs/jakarta.ws.rs-api/2.1.6/jakarta.ws.rs-api-2.1.6.jar:/home/runner/.m2/repository/org/glassfish/jersey/ext/cdi/jersey-cdi1x/2.34/jersey-cdi1x-2.34.jar:/home/runner/.m2/repository/org/glassfish/jersey/inject/jersey-hk2/2.34/jersey-hk2-2.34.jar:/home/runner/.m2/repository/org/glassfish/hk2/hk2-locator/2.6.1/hk2-locator-2.6.1.jar:/home/runner/.m2/repository/org/glassfish/jersey/media/jersey-media-jaxb/2.34/jersey-media-jaxb-2.34.jar:/home/runner/.m2/repository/org/glassfish/hk2/osgi-resource-locator/1.0.3/osgi-resource-locator-1.0.3.jar:/home/runner/.m2/repository/org/glassfish/hk2/hk2-api/2.5.0/hk2-api-2.5.0.jar:/home/runner/.m2/repository/org/glassfish/hk2/hk2-utils/2.5.0/hk2-utils-2.5.0.jar:/home/runner/.m2/repository/org/glassfish/hk2/external/aopalliance-repackaged/2.5.0/aopalliance-repackaged-2.5.0.jar:/home/runner/.m2/repository/com/fasterxml/jackson/dataformat/jackson-dataformat-xml/2.13.4/jackson-dataformat-xml-2.13.4.jar:/home/runner/.m2/repository/org/codehaus/woodstox/stax2-api/4.2.1/stax2-api-4.2.1.jar:/home/runner/.m2/repository/com/fasterxml/woodstox/woodstox-core/5.4.0/woodstox-core-5.4.0.jar:/home/runner/.m2/repository/com/fasterxml/jackson/module/jackson-module-jaxb-annotations/2.13.4/jackson-module-jaxb-annotations-2.13.4.jar:/home/runner/.m2/repository/jakarta/xml/bind/jakarta.xml.bind-api/2.3.3/jakarta.xml.bind-api-2.3.3.jar:/home/runner/.m2/repository/jakarta/activation/jakarta.activation-api/1.2.2/jakarta.activation-api-1.2.2.jar:/home/runner/.m2/repository/javax/enterprise/cdi-api/2.0/cdi-api-2.0.jar:/home/runner/.m2/repository/javax/el/javax.el-api/3.0.0/javax.el-api-3.0.0.jar:/home/runner/.m2/repository/javax/interceptor/javax.interceptor-api/1.2/javax.interceptor-api-1.2.jar:/home/runner/.m2/repository/javax/inject/javax.inject/1/javax.inject-1.jar:/home/runner/.m2/repository/javax/xml/bind/jaxb-api/2.3.0/jaxb-api-2.3.0.jar:/home/runner/.m2/repository/org/glassfish/jaxb/jaxb-runtime/2.3.0.1/jaxb-runtime-2.3.0.1.jar:/home/runner/.m2/repository/org/glassfish/jaxb/jaxb-core/2.3.0.1/jaxb-core-2.3.0.1.jar:/home/runner/.m2/repository/org/glassfish/jaxb/txw2/2.3.0.1/txw2-2.3.0.1.jar:/home/runner/.m2/repository/com/sun/istack/istack-commons-runtime/3.0.5/istack-commons-runtime-3.0.5.jar:/home/runner/.m2/repository/org/jvnet/staxex/stax-ex/1.7.8/stax-ex-1.7.8.jar:/home/runner/.m2/repository/com/sun/xml/fastinfoset/FastInfoset/1.2.13/FastInfoset-1.2.13.jar:/home/runner/.m2/repository/javax/activation/activation/1.1.1/activation-1.1.1.jar:/home/runner/.m2/repository/io/grpc/grpc-protobuf/1.51.1/grpc-protobuf-1.51.1.jar:/home/runner/.m2/repository/com/google/api/grpc/proto-google-common-protos/2.9.0/proto-google-common-protos-2.9.0.jar:/home/runner/.m2/repository/io/grpc/grpc-protobuf-lite/1.51.1/grpc-protobuf-lite-1.51.1.jar:/home/runner/.m2/repository/io/grpc/grpc-stub/1.51.1/grpc-stub-1.51.1.jar:/home/runner/.m2/repository/io/netty/netty-transport/4.1.86.Final/netty-transport-4.1.86.Final.jar:/home/runner/.m2/repository/io/netty/netty-resolver/4.1.86.Final/netty-resolver-4.1.86.Final.jar:/home/runner/.m2/repository/org/apache/ozone/ozone-csi/1.4.0-SNAPSHOT/ozone-csi-1.4.0-SNAPSHOT.jar:/home/runner/.m2/repository/com/google/protobuf/protobuf-java-util/3.19.6/protobuf-java-util-3.19.6.jar:/home/runner/.m2/repository/com/google/code/gson/gson/2.9.0/gson-2.9.0.jar:/home/runner/.m2/repository/org/apache/ozone/hdds-config/1.4.0-SNAPSHOT/hdds-config-1.4.0-SNAPSHOT.jar:/home/runner/.m2/repository/io/netty/netty-transport-native-epoll/4.1.86.Final/netty-transport-native-epoll-4.1.86.Final-linux-x86_64.jar:/home/runner/.m2/repository/io/netty/netty-transport-classes-epoll/4.1.86.Final/netty-transport-classes-epoll-4.1.86.Final.jar:/home/runner/.m2/repository/io/netty/netty-transport-native-unix-common/4.1.86.Final/netty-transport-native-unix-common-4.1.86.Final.jar:/home/runner/.m2/repository/org/apache/ozone/ozone-recon/1.4.0-SNAPSHOT/ozone-recon-1.4.0-SNAPSHOT.jar:/home/runner/.m2/repository/org/apache/ozone/ozone-reconcodegen/1.4.0-SNAPSHOT/ozone-reconcodegen-1.4.0-SNAPSHOT.jar:/home/runner/.m2/repository/com/google/inject/guice/5.1.0/guice-5.1.0.jar:/home/runner/.m2/repository/aopalliance/aopalliance/1.0/aopalliance-1.0.jar:/home/runner/.m2/repository/com/google/inject/extensions/guice-assistedinject/5.1.0/guice-assistedinject-5.1.0.jar:/home/runner/.m2/repository/com/google/inject/extensions/guice-servlet/5.1.0/guice-servlet-5.1.0.jar:/home/runner/.m2/repository/org/glassfish/jersey/containers/jersey-container-servlet/2.34/jersey-container-servlet-2.34.jar:/home/runner/.m2/repository/org/glassfish/hk2/guice-bridge/2.5.0/guice-bridge-2.5.0.jar:/home/runner/.m2/repository/org/glassfish/jersey/core/jersey-server/2.34/jersey-server-2.34.jar:/home/runner/.m2/repository/org/glassfish/jersey/core/jersey-client/2.34/jersey-client-2.34.jar:/home/runner/.m2/repository/jakarta/annotation/jakarta.annotation-api/1.3.5/jakarta.annotation-api-1.3.5.jar:/home/runner/.m2/repository/jakarta/validation/jakarta.validation-api/2.0.2/jakarta.validation-api-2.0.2.jar:/home/runner/.m2/repository/org/glassfish/jersey/media/jersey-media-json-jackson/2.34/jersey-media-json-jackson-2.34.jar:/home/runner/.m2/repository/org/glassfish/jersey/ext/jersey-entity-filtering/2.34/jersey-entity-filtering-2.34.jar:/home/runner/.m2/repository/org/jooq/jooq/3.11.10/jooq-3.11.10.jar:/home/runner/.m2/repository/org/jooq/jooq-meta/3.11.10/jooq-meta-3.11.10.jar:/home/runner/.m2/repository/org/jooq/jooq-codegen/3.11.10/jooq-codegen-3.11.10.jar:/home/runner/.m2/repository/com/jolbox/bonecp/0.8.0.RELEASE/bonecp-0.8.0.RELEASE.jar:/home/runner/.m2/repository/org/apache/derby/derby/10.14.2.0/derby-10.14.2.0.jar:/home/runner/.m2/repository/org/xerial/sqlite-jdbc/3.41.2.2/sqlite-jdbc-3.41.2.2.jar:/home/runner/.m2/repository/org/springframework/spring-jdbc/5.3.27/spring-jdbc-5.3.27.jar:/home/runner/.m2/repository/org/springframework/spring-beans/5.3.27/spring-beans-5.3.27.jar:/home/runner/.m2/repository/org/springframework/spring-core/5.3.27/spring-core-5.3.27.jar:/home/runner/.m2/repository/org/springframework/spring-tx/5.3.27/spring-tx-5.3.27.jar:/home/runner/.m2/repository/org/apache/ozone/ozone-client/1.4.0-SNAPSHOT/ozone-client-1.4.0-SNAPSHOT.jar:/home/runner/.m2/repository/org/apache/ozone/hdds-erasurecode/1.4.0-SNAPSHOT/hdds-erasurecode-1.4.0-SNAPSHOT.jar:/home/runner/.m2/repository/org/apache/ozone/ozone-filesystem/1.4.0-SNAPSHOT/ozone-filesystem-1.4.0-SNAPSHOT.jar:/home/runner/.m2/repository/org/apache/ozone/ozone-filesystem-common/1.4.0-SNAPSHOT/ozone-filesystem-common-1.4.0-SNAPSHOT.jar:/home/runner/.m2/repository/org/apache/ozone/ozone-tools/1.4.0-SNAPSHOT/ozone-tools-1.4.0-SNAPSHOT.jar:/home/runner/.m2/repository/com/amazonaws/aws-java-sdk-core/1.12.261/aws-java-sdk-core-1.12.261.jar:/home/runner/.m2/repository/org/apache/httpcomponents/httpclient/4.5.13/httpclient-4.5.13.jar:/home/runner/.m2/repository/org/apache/httpcomponents/httpcore/4.4.13/httpcore-4.4.13.jar:/home/runner/.m2/repository/software/amazon/ion/ion-java/1.0.2/ion-java-1.0.2.jar:/home/runner/.m2/repository/com/fasterxml/jackson/dataformat/jackson-dataformat-cbor/2.13.4/jackson-dataformat-cbor-2.13.4.jar:/home/runner/.m2/repository/joda-time/joda-time/2.10.6/joda-time-2.10.6.jar:/home/runner/.m2/repository/com/amazonaws/aws-java-sdk-s3/1.12.261/aws-java-sdk-s3-1.12.261.jar:/home/runner/.m2/repository/com/amazonaws/aws-java-sdk-kms/1.12.261/aws-java-sdk-kms-1.12.261.jar:/home/runner/.m2/repository/com/amazonaws/jmespath-java/1.12.261/jmespath-java-1.12.261.jar:/home/runner/.m2/repository/org/kohsuke/metainf-services/metainf-services/1.8/metainf-services-1.8.jar:/home/runner/.m2/repository/org/apache/ozone/hdds-tools/1.4.0-SNAPSHOT/hdds-tools-1.4.0-SNAPSHOT.jar:/home/runner/.m2/repository/org/apache/ratis/ratis-tools/2.5.1/ratis-tools-2.5.1.jar:/home/runner/.m2/repository/commons-cli/commons-cli/1.2/commons-cli-1.2.jar:/home/runner/.m2/repository/org/apache/commons/commons-lang3/3.7/commons-lang3-3.7.jar:/home/runner/.m2/repository/org/apache/ozone/ozone-manager/1.4.0-SNAPSHOT/ozone-manager-1.4.0-SNAPSHOT-tests.jar:/home/runner/.m2/repository/org/apache/ozone/hdds-common/1.4.0-SNAPSHOT/hdds-common-1.4.0-SNAPSHOT-tests.jar:/home/runner/.m2/repository/org/apache/ozone/hdds-hadoop-dependency-client/1.4.0-SNAPSHOT/hdds-hadoop-dependency-client-1.4.0-SNAPSHOT.jar:/home/runner/.m2/repository/info/picocli/picocli/4.6.1/picocli-4.6.1.jar:/home/runner/.m2/repository/com/fasterxml/jackson/core/jackson-annotations/2.13.4/jackson-annotations-2.13.4.jar:/home/runner/.m2/repository/org/apache/ozone/hdds-annotation-processing/1.4.0-SNAPSHOT/hdds-annotation-processing-1.4.0-SNAPSHOT.jar:/home/runner/.m2/repository/javax/annotation/javax.annotation-api/1.2/javax.annotation-api-1.2.jar:/home/runner/.m2/repository/org/apache/ratis/ratis-netty/2.5.1/ratis-netty-2.5.1.jar:/home/runner/.m2/repository/org/apache/ratis/ratis-grpc/2.5.1/ratis-grpc-2.5.1.jar:/home/runner/.m2/repository/org/apache/logging/log4j/log4j-api/2.17.1/log4j-api-2.17.1.jar:/home/runner/.m2/repository/org/apache/commons/commons-pool2/2.6.0/commons-pool2-2.6.0.jar:/home/runner/.m2/repository/org/bouncycastle/bcpkix-jdk15on/1.67/bcpkix-jdk15on-1.67.jar:/home/runner/.m2/repository/commons-validator/commons-validator/1.6/commons-validator-1.6.jar:/home/runner/.m2/repository/commons-beanutils/commons-beanutils/1.9.4/commons-beanutils-1.9.4.jar:/home/runner/.m2/repository/commons-digester/commons-digester/1.8.1/commons-digester-1.8.1.jar:/home/runner/.m2/repository/commons-collections/commons-collections/3.2.2/commons-collections-3.2.2.jar:/home/runner/.m2/repository/io/jaegertracing/jaeger-client/1.6.0/jaeger-client-1.6.0.jar:/home/runner/.m2/repository/io/jaegertracing/jaeger-thrift/1.6.0/jaeger-thrift-1.6.0.jar:/home/runner/.m2/repository/org/apache/thrift/libthrift/0.14.1/libthrift-0.14.1.jar:/home/runner/.m2/repository/io/jaegertracing/jaeger-core/1.6.0/jaeger-core-1.6.0.jar:/home/runner/.m2/repository/io/jaegertracing/jaeger-tracerresolver/1.6.0/jaeger-tracerresolver-1.6.0.jar:/home/runner/.m2/repository/io/opentracing/contrib/opentracing-tracerresolver/0.1.8/opentracing-tracerresolver-0.1.8.jar:/home/runner/.m2/repository/org/jetbrains/kotlin/kotlin-stdlib/1.6.21/kotlin-stdlib-1.6.21.jar:/home/runner/.m2/repository/org/jetbrains/annotations/13.0/annotations-13.0.jar:/home/runner/.m2/repository/io/opentracing/opentracing-util/0.33.0/opentracing-util-0.33.0.jar:/home/runner/.m2/repository/io/opentracing/opentracing-api/0.33.0/opentracing-api-0.33.0.jar:/home/runner/.m2/repository/io/opentracing/opentracing-noop/0.33.0/opentracing-noop-0.33.0.jar:/home/runner/.m2/repository/org/yaml/snakeyaml/2.0/snakeyaml-2.0.jar:/home/runner/.m2/repository/io/grpc/grpc-api/1.51.1/grpc-api-1.51.1.jar:/home/runner/.m2/repository/io/grpc/grpc-context/1.51.1/grpc-context-1.51.1.jar:/home/runner/.m2/repository/junit/junit/4.13.1/junit-4.13.1.jar:/home/runner/.m2/repository/org/hamcrest/hamcrest-core/1.3/hamcrest-core-1.3.jar:/home/runner/.m2/repository/org/junit/jupiter/junit-jupiter-api/5.8.2/junit-jupiter-api-5.8.2.jar:/home/runner/.m2/repository/org/opentest4j/opentest4j/1.2.0/opentest4j-1.2.0.jar:/home/runner/.m2/repository/org/junit/platform/junit-platform-commons/1.8.2/junit-platform-commons-1.8.2.jar:/home/runner/.m2/repository/org/apiguardian/apiguardian-api/1.1.2/apiguardian-api-1.1.2.jar:/home/runner/.m2/repository/org/junit/jupiter/junit-jupiter-params/5.8.2/junit-jupiter-params-5.8.2.jar:/home/runner/.m2/repository/org/junit/jupiter/junit-jupiter-migrationsupport/5.8.2/junit-jupiter-migrationsupport-5.8.2.jar:/home/runner/.m2/repository/org/junit/jupiter/junit-jupiter-engine/5.8.2/junit-jupiter-engine-5.8.2.jar:/home/runner/.m2/repository/org/junit/platform/junit-platform-engine/1.8.2/junit-platform-engine-1.8.2.jar:/home/runner/.m2/repository/org/junit/vintage/junit-vintage-engine/5.8.2/junit-vintage-engine-5.8.2.jar:/home/runner/.m2/repository/org/junit/platform/junit-platform-launcher/1.8.2/junit-platform-launcher-1.8.2.jar:/home/runner/.m2/repository/org/mockito/mockito-core/2.28.2/mockito-core-2.28.2.jar:/home/runner/.m2/repository/net/bytebuddy/byte-buddy/1.9.10/byte-buddy-1.9.10.jar:/home/runner/.m2/repository/net/bytebuddy/byte-buddy-agent/1.9.10/byte-buddy-agent-1.9.10.jar:/home/runner/.m2/repository/org/objenesis/objenesis/1.0/objenesis-1.0.jar:/home/runner/.m2/repository/org/apache/hadoop/hadoop-kms/3.3.5/hadoop-kms-3.3.5.jar:/home/runner/.m2/repository/org/apache/hadoop/hadoop-auth/3.3.5/hadoop-auth-3.3.5.jar:/home/runner/.m2/repository/com/nimbusds/nimbus-jose-jwt/9.8.1/nimbus-jose-jwt-9.8.1.jar:/home/runner/.m2/repository/com/github/stephenc/jcip/jcip-annotations/1.0-1/jcip-annotations-1.0-1.jar:/home/runner/.m2/repository/net/minidev/json-smart/2.4.7/json-smart-2.4.7.jar:/home/runner/.m2/repository/net/minidev/accessors-smart/2.4.7/accessors-smart-2.4.7.jar:/home/runner/.m2/repository/org/ow2/asm/asm/5.0.4/asm-5.0.4.jar:/home/runner/.m2/repository/org/apache/zookeeper/zookeeper/3.5.6/zookeeper-3.5.6.jar:/home/runner/.m2/repository/org/apache/zookeeper/zookeeper-jute/3.5.6/zookeeper-jute-3.5.6.jar:/home/runner/.m2/repository/org/apache/yetus/audience-annotations/0.5.0/audience-annotations-0.5.0.jar:/home/runner/.m2/repository/org/apache/curator/curator-framework/4.2.0/curator-framework-4.2.0.jar:/home/runner/.m2/repository/org/apache/hadoop/thirdparty/hadoop-shaded-guava/1.1.1/hadoop-shaded-guava-1.1.1.jar:/home/runner/.m2/repository/com/sun/jersey/jersey-core/1.19/jersey-core-1.19.jar:/home/runner/.m2/repository/javax/ws/rs/jsr311-api/1.1.1/jsr311-api-1.1.1.jar:/home/runner/.m2/repository/com/sun/jersey/jersey-server/1.19/jersey-server-1.19.jar:/home/runner/.m2/repository/javax/servlet/javax.servlet-api/3.1.0/javax.servlet-api-3.1.0.jar:/home/runner/.m2/repository/org/apache/hadoop/hadoop-common/3.3.5/hadoop-common-3.3.5.jar:/home/runner/.m2/repository/org/apache/commons/commons-math3/3.1.1/commons-math3-3.1.1.jar:/home/runner/.m2/repository/commons-net/commons-net/3.9.0/commons-net-3.9.0.jar:/home/runner/.m2/repository/com/sun/jersey/jersey-servlet/1.19/jersey-servlet-1.19.jar:/home/runner/.m2/repository/com/github/pjfanning/jersey-json/1.20/jersey-json-1.20.jar:/home/runner/.m2/repository/org/codehaus/jettison/jettison/1.1/jettison-1.1.jar:/home/runner/.m2/repository/com/sun/xml/bind/jaxb-impl/2.2.3-1/jaxb-impl-2.2.3-1.jar:/home/runner/.m2/repository/com/google/re2j/re2j/1.1/re2j-1.1.jar:/home/runner/.m2/repository/com/jcraft/jsch/0.1.54/jsch-0.1.54.jar:/home/runner/.m2/repository/org/apache/curator/curator-client/4.2.0/curator-client-4.2.0.jar:/home/runner/.m2/repository/org/apache/curator/curator-recipes/4.2.0/curator-recipes-4.2.0.jar:/home/runner/.m2/repository/org/apache/kerby/kerb-core/1.0.1/kerb-core-1.0.1.jar:/home/runner/.m2/repository/org/apache/kerby/kerby-pkix/1.0.1/kerby-pkix-1.0.1.jar:/home/runner/.m2/repository/org/apache/kerby/kerby-asn1/1.0.1/kerby-asn1-1.0.1.jar:/home/runner/.m2/repository/org/apache/kerby/kerby-util/1.0.1/kerby-util-1.0.1.jar:/home/runner/.m2/repository/dnsjava/dnsjava/2.1.7/dnsjava-2.1.7.jar:/home/runner/.m2/repository/org/xerial/snappy/snappy-java/1.1.8.2/snappy-java-1.1.8.2.jar:/home/runner/.m2/repository/com/fasterxml/jackson/core/jackson-databind/2.13.4.2/jackson-databind-2.13.4.2.jar:/home/runner/.m2/repository/org/apache/hadoop/hadoop-kms/3.3.5/hadoop-kms-3.3.5-tests.jar:/home/runner/.m2/repository/org/apache/ozone/hdds-server-scm/1.4.0-SNAPSHOT/hdds-server-scm-1.4.0-SNAPSHOT-tests.jar:/home/runner/.m2/repository/org/apache/ozone/hdds-container-service/1.4.0-SNAPSHOT/hdds-container-service-1.4.0-SNAPSHOT-tests.jar:/home/runner/.m2/repository/com/github/luben/zstd-jni/1.5.2-5/zstd-jni-1.5.2-5.jar:/home/runner/.m2/repository/commons-codec/commons-codec/1.15/commons-codec-1.15.jar:/home/runner/.m2/repository/io/netty/netty-codec/4.1.86.Final/netty-codec-4.1.86.Final.jar:/home/runner/.m2/repository/io/netty/netty-handler/4.1.86.Final/netty-handler-4.1.86.Final.jar:/home/runner/.m2/repository/org/apache/ozone/hdds-hadoop-dependency-test/1.4.0-SNAPSHOT/hdds-hadoop-dependency-test-1.4.0-SNAPSHOT.jar:/home/runner/.m2/repository/org/apache/hadoop/hadoop-common/3.3.5/hadoop-common-3.3.5-tests.jar:/home/runner/.m2/repository/org/apache/hadoop/hadoop-hdfs/3.3.5/hadoop-hdfs-3.3.5-tests.jar:/home/runner/.m2/repository/org/assertj/assertj-core/3.12.2/assertj-core-3.12.2.jar:/home/runner/.m2/repository/org/apache/hadoop/hadoop-distcp/3.3.5/hadoop-distcp-3.3.5.jar:/home/runner/.m2/repository/org/apache/hadoop/hadoop-mapreduce-client-jobclient/3.3.5/hadoop-mapreduce-client-jobclient-3.3.5.jar:/home/runner/.m2/repository/org/apache/hadoop/hadoop-mapreduce-client-common/3.3.5/hadoop-mapreduce-client-common-3.3.5.jar:/home/runner/.m2/repository/org/apache/hadoop/hadoop-yarn-common/3.3.5/hadoop-yarn-common-3.3.5.jar:/home/runner/.m2/repository/org/apache/hadoop/hadoop-yarn-api/3.3.5/hadoop-yarn-api-3.3.5.jar:/home/runner/.m2/repository/com/sun/jersey/contribs/jersey-guice/1.19/jersey-guice-1.19.jar:/home/runner/.m2/repository/com/fasterxml/jackson/jaxrs/jackson-jaxrs-json-provider/2.13.4/jackson-jaxrs-json-provider-2.13.4.jar:/home/runner/.m2/repository/com/fasterxml/jackson/jaxrs/jackson-jaxrs-base/2.13.4/jackson-jaxrs-base-2.13.4.jar:/home/runner/.m2/repository/org/apache/hadoop/hadoop-yarn-client/3.3.5/hadoop-yarn-client-3.3.5.jar:/home/runner/.m2/repository/org/eclipse/jetty/websocket/websocket-client/9.4.48.v20220622/websocket-client-9.4.48.v20220622.jar:/home/runner/.m2/repository/org/eclipse/jetty/websocket/websocket-common/9.4.48.v20220622/websocket-common-9.4.48.v20220622.jar:/home/runner/.m2/repository/org/eclipse/jetty/websocket/websocket-api/9.4.48.v20220622/websocket-api-9.4.48.v20220622.jar:/home/runner/.m2/repository/org/jline/jline/3.9.0/jline-3.9.0.jar:/home/runner/.m2/repository/org/apache/hadoop/hadoop-mapreduce-client-core/3.3.5/hadoop-mapreduce-client-core-3.3.5.jar:/home/runner/.m2/repository/org/apache/avro/avro/1.7.7/avro-1.7.7.jar:/home/runner/.m2/repository/com/thoughtworks/paranamer/paranamer/2.3/paranamer-2.3.jar:/home/runner/.m2/repository/org/apache/hadoop/hadoop-annotations/3.3.5/hadoop-annotations-3.3.5.jar:/usr/lib/jvm/temurin-8-jdk-amd64/jre/../lib/tools.jar:/home/runner/.m2/repository/io/netty/netty/3.10.6.Final/netty-3.10.6.Final.jar:/home/runner/.m2/repository/org/apache/hadoop/hadoop-distcp/3.3.5/hadoop-distcp-3.3.5-tests.jar:/home/runner/.m2/repository/org/slf4j/jul-to-slf4j/1.7.36/jul-to-slf4j-1.7.36.jar:"/>
    <property name="sun.cpu.endian" value="little"/>
    <property name="user.home" value="/home/runner"/>
    <property name="user.language" value="en"/>
    <property name="java.specification.vendor" value="Oracle Corporation"/>
    <property name="java.home" value="/usr/lib/jvm/temurin-8-jdk-amd64/jre"/>
    <property name="java.security.krb5.conf" value="/home/runner/work/ozone/ozone/hadoop-ozone/integration-test/target/test-classes/krb5.conf"/>
    <property name="basedir" value="/home/runner/work/ozone/ozone/hadoop-ozone/integration-test"/>
    <property name="file.separator" value="/"/>
    <property name="line.separator" value="&#10;"/>
    <property name="java.vm.specification.vendor" value="Oracle Corporation"/>
    <property name="java.specification.name" value="Java Platform API Specification"/>
    <property name="java.awt.graphicsenv" value="sun.awt.X11GraphicsEnvironment"/>
    <property name="skip.installnpx" value="true"/>
    <property name="surefire.real.class.path" value="/home/runner/work/ozone/ozone/hadoop-ozone/integration-test/target/surefire/surefirebooter5151564609426103125.jar:/home/runner/.m2/repository/org/jacoco/org.jacoco.agent/0.8.5/org.jacoco.agent-0.8.5-runtime.jar"/>
    <property name="hadoop.log.dir" value="/home/runner/work/ozone/ozone/hadoop-ozone/integration-test/target/log"/>
    <property name="sun.boot.class.path" value="/usr/lib/jvm/temurin-8-jdk-amd64/jre/lib/resources.jar:/usr/lib/jvm/temurin-8-jdk-amd64/jre/lib/rt.jar:/usr/lib/jvm/temurin-8-jdk-amd64/jre/lib/sunrsasign.jar:/usr/lib/jvm/temurin-8-jdk-amd64/jre/lib/jsse.jar:/usr/lib/jvm/temurin-8-jdk-amd64/jre/lib/jce.jar:/usr/lib/jvm/temurin-8-jdk-amd64/jre/lib/charsets.jar:/usr/lib/jvm/temurin-8-jdk-amd64/jre/lib/jfr.jar:/usr/lib/jvm/temurin-8-jdk-amd64/jre/classes"/>
    <property name="sun.management.compiler" value="HotSpot 64-Bit Tiered Compilers"/>
    <property name="skip.npx" value="true"/>
    <property name="java.runtime.version" value="1.8.0_372-b07"/>
    <property name="java.net.preferIPv4Stack" value="true"/>
    <property name="user.name" value="runner"/>
    <property name="path.separator" value=":"/>
    <property name="java.security.egd" value="file:///dev/urandom"/>
    <property name="os.version" value="5.15.0-1038-azure"/>
    <property name="java.endorsed.dirs" value="/usr/lib/jvm/temurin-8-jdk-amd64/jre/lib/endorsed"/>
    <property name="java.runtime.name" value="OpenJDK Runtime Environment"/>
    <property name="file.encoding" value="UTF-8"/>
    <property name="java.vm.name" value="OpenJDK 64-Bit Server VM"/>
    <property name="test.build.webapps" value=""/>
    <property name="localRepository" value="/home/runner/.m2/repository"/>
    <property name="jetty.git.hash" value="b45c405e4544384de066f814ed42ae3dceacdd49"/>
    <property name="java.vendor.url.bug" value="https://github.com/adoptium/adoptium-support/issues"/>
    <property name="java.io.tmpdir" value="/tmp"/>
    <property name="require.test.libhadoop" value=""/>
    <property name="java.version" value="1.8.0_372"/>
    <property name="user.dir" value="/home/runner/work/ozone/ozone/hadoop-ozone/integration-test"/>
    <property name="os.arch" value="amd64"/>
    <property name="java.vm.specification.name" value="Java Virtual Machine Specification"/>
    <property name="test.build.classes" value="/home/runner/work/ozone/ozone/hadoop-ozone/integration-test/target/test-classes"/>
    <property name="java.awt.printerjob" value="sun.print.PSPrinterJob"/>
    <property name="sun.os.patch.level" value="unknown"/>
    <property name="org.apache.ratis.thirdparty.io.netty.allocator.useCacheForAllThreads" value="false"/>
    <property name="hadoop.tmp.dir" value="/home/runner/work/ozone/ozone/hadoop-ozone/integration-test/target/tmp"/>
    <property name="java.library.path" value="/usr/java/packages/lib/amd64:/usr/lib64:/lib64:/lib:/usr/lib"/>
    <property name="java.vm.info" value="mixed mode"/>
    <property name="java.vendor" value="Temurin"/>
    <property name="java.vm.version" value="25.372-b07"/>
    <property name="java.specification.maintenance.version" value="4"/>
    <property name="java.ext.dirs" value="/usr/lib/jvm/temurin-8-jdk-amd64/jre/lib/ext:/usr/java/packages/lib/ext"/>
    <property name="sun.io.unicode.encoding" value="UnicodeLittle"/>
    <property name="java.class.version" value="52.0"/>
  </properties>
  <testcase name="bucketUsedBytesOverWrite(BucketLayout)[1]" classname="org.apache.hadoop.ozone.client.rpc.TestSecureOzoneRpcClient" time="11.882">
    <system-out><![CDATA[2023-06-07 07:10:35,361 [main] INFO  audit.AuditLogger (AuditLogger.java:refreshDebugCmdSet(126)) - Refresh DebugCmdSet for OMAudit to [].
2023-06-07 07:10:36,940 [main] INFO  utils.SelfSignedCertificate (SelfSignedCertificate.java:generateCertificate(158)) - Certificate 1 is issued by CN=rootCA@localhost,OU=scm1,O=cluster1 to CN=rootCA@localhost,OU=scm1,O=cluster1, valid from Wed Jun 07 07:10:36 UTC 2023 to Sat Jul 15 07:10:36 UTC 2028
2023-06-07 07:10:37,143 [main] WARN  server.ServerUtils (ServerUtils.java:getScmDbDir(155)) - ozone.scm.db.dirs is not configured. We recommend adding this setting. Falling back to ozone.metadata.dirs instead.
2023-06-07 07:10:37,387 [main] INFO  reflections.Reflections (Reflections.java:scan(232)) - Reflections took 197 ms to scan 7 urls, producing 157 keys and 367 values 
2023-06-07 07:10:37,501 [main] WARN  server.ServerUtils (ServerUtils.java:getScmDbDir(155)) - ozone.scm.db.dirs is not configured. We recommend adding this setting. Falling back to ozone.metadata.dirs instead.
2023-06-07 07:10:37,505 [main] INFO  ha.SCMHANodeDetails (SCMHANodeDetails.java:loadSCMHAConfig(209)) - ServiceID for StorageContainerManager is null
2023-06-07 07:10:37,514 [main] WARN  ha.SCMHANodeDetails (SCMHANodeDetails.java:validateSCMHAConfig(182)) - Invalid config ozone.scm.ratis.enable. The config was not specified, but the default value true conflicts with the expected config value false. Falling back to the expected value. Current State of SCM: SCM is running in Non-HA without Ratis Ratis SCM -> Non Ratis SCM or Non HA SCM -> HA SCM is not supported
2023-06-07 07:10:37,514 [main] INFO  ha.SCMHANodeDetails (SCMHANodeDetails.java:loadSCMHAConfig(214)) - ozone.scm.default.service.id is not defined, falling back to ozone.scm.service.ids to find serviceID for StorageContainerManager if it is HA enabled cluster
2023-06-07 07:10:37,850 [main] WARN  utils.HAUtils (HAUtils.java:getMetaDir(352)) - ozone.scm.db.dirs is not configured. We recommend adding this setting. Falling back to ozone.metadata.dirs instead.
2023-06-07 07:10:38,033 [main] WARN  db.DBStoreBuilder (DBStoreBuilder.java:applyDBDefinition(165)) - ozone.scm.db.dirs is not configured. We recommend adding this setting. Falling back to ozone.metadata.dirs instead.
2023-06-07 07:10:38,408 [main] INFO  net.NodeSchemaLoader (NodeSchemaLoader.java:loadSchemaFromFile(129)) - Loading schema from [jar:file:/home/runner/.m2/repository/org/apache/ozone/hdds-common/1.4.0-SNAPSHOT/hdds-common-1.4.0-SNAPSHOT.jar!/network-topology-default.xml]
2023-06-07 07:10:38,410 [main] INFO  net.NodeSchemaLoader (NodeSchemaLoader.java:loadSchema(176)) - Loading network topology layer schema file
2023-06-07 07:10:38,468 [main] INFO  metrics.MetricRegistries (MetricRegistriesLoader.java:load(64)) - Loaded MetricRegistries class org.apache.ratis.metrics.impl.MetricRegistriesImpl
2023-06-07 07:10:38,483 [main] INFO  upgrade.AbstractLayoutVersionManager (AbstractLayoutVersionManager.java:init(83)) - Initializing Layout version manager with metadata layout = HADOOP_PRC_PORTS_IN_DATANODEDETAILS (version = 7), software layout = HADOOP_PRC_PORTS_IN_DATANODEDETAILS (version = 7)
2023-06-07 07:10:38,645 [main] INFO  ha.SequenceIdGenerator (SequenceIdGenerator.java:upgradeToSequenceId(349)) - upgrade localId to 111677748019200000
2023-06-07 07:10:38,647 [main] INFO  ha.SequenceIdGenerator (SequenceIdGenerator.java:upgradeToSequenceId(359)) - upgrade delTxnId to 0
2023-06-07 07:10:38,658 [main] INFO  ha.SequenceIdGenerator (SequenceIdGenerator.java:upgradeToSequenceId(376)) - upgrade containerId to 0
2023-06-07 07:10:38,661 [main] INFO  ha.SequenceIdGenerator (SequenceIdGenerator.java:<init>(220)) - Init the HA SequenceIdGenerator.
2023-06-07 07:10:38,728 [main] WARN  server.ServerUtils (ServerUtils.java:sanitizeUserArgs(80)) - ozone.scm.stale.node.interval value = 300000 is larger than max = 100000 based on the key value of ozone.scm.heartbeat.thread.interval, reset to the max value 100000.
2023-06-07 07:10:38,728 [main] WARN  server.ServerUtils (ServerUtils.java:sanitizeUserArgs(80)) - ozone.scm.stale.node.interval value = 300000 is larger than max = 100000 based on the key value of ozone.scm.heartbeat.thread.interval, reset to the max value 100000.
2023-06-07 07:10:38,735 [main] INFO  node.SCMNodeManager (SCMNodeManager.java:<init>(159)) - Entering startup safe mode.
2023-06-07 07:10:38,759 [main] INFO  algorithms.ContainerPlacementPolicyFactory (ContainerPlacementPolicyFactory.java:getPolicyInternal(86)) - Create container placement policy of type org.apache.hadoop.hdds.scm.container.placement.algorithms.SCMContainerPlacementRackAware
2023-06-07 07:10:38,764 [main] INFO  algorithms.ContainerPlacementPolicyFactory (ContainerPlacementPolicyFactory.java:getPolicyInternal(86)) - Create container placement policy of type org.apache.hadoop.hdds.scm.container.placement.algorithms.SCMContainerPlacementRackScatter
2023-06-07 07:10:38,774 [main] INFO  pipeline.PipelineStateManagerImpl (PipelineStateManagerImpl.java:initialize(78)) - No pipeline exists in current db
2023-06-07 07:10:38,791 [main] INFO  algorithms.LeaderChoosePolicyFactory (LeaderChoosePolicyFactory.java:getPolicy(57)) - Create leader choose policy of type org.apache.hadoop.hdds.scm.pipeline.leader.choose.algorithms.MinLeaderCountChoosePolicy
2023-06-07 07:10:38,796 [main] INFO  algorithms.ContainerPlacementPolicyFactory (ContainerPlacementPolicyFactory.java:getPolicyInternal(86)) - Create container placement policy of type org.apache.hadoop.hdds.scm.container.placement.algorithms.SCMContainerPlacementRackScatter
2023-06-07 07:10:38,802 [main] INFO  ha.SCMServiceManager (SCMServiceManager.java:register(42)) - Registering service BackgroundPipelineCreator.
2023-06-07 07:10:38,802 [main] INFO  pipeline.BackgroundPipelineCreator (BackgroundPipelineCreator.java:start(124)) - Starting RatisPipelineUtilsThread.
2023-06-07 07:10:38,805 [main] INFO  BackgroundPipelineScrubber (BackgroundSCMService.java:start(68)) - Starting BackgroundPipelineScrubber Service.
2023-06-07 07:10:38,806 [main] INFO  ha.SCMServiceManager (SCMServiceManager.java:register(42)) - Registering service BackgroundPipelineScrubber.
2023-06-07 07:10:38,813 [main] INFO  ExpiredContainerReplicaOpScrubber (BackgroundSCMService.java:start(68)) - Starting ExpiredContainerReplicaOpScrubber Service.
2023-06-07 07:10:38,813 [main] INFO  ha.SCMServiceManager (SCMServiceManager.java:register(42)) - Registering service ExpiredContainerReplicaOpScrubber.
2023-06-07 07:10:38,860 [main] INFO  algorithms.PipelineChoosePolicyFactory (PipelineChoosePolicyFactory.java:createPipelineChoosePolicyFromClass(73)) - Create pipeline choose policy of type org.apache.hadoop.hdds.scm.pipeline.choose.algorithms.RandomPipelineChoosePolicy
2023-06-07 07:10:38,892 [main] INFO  ha.SCMServiceManager (SCMServiceManager.java:register(42)) - Registering service SCMBlockDeletingService.
2023-06-07 07:10:38,950 [main] INFO  replication.ReplicationManager (ReplicationManager.java:start(299)) - Starting Replication Monitor Thread.
2023-06-07 07:10:38,962 [main] INFO  ha.SCMServiceManager (SCMServiceManager.java:register(42)) - Registering service ReplicationManager.
2023-06-07 07:10:38,969 [ReplicationMonitor] INFO  replication.ReplicationManager (ReplicationManager.java:processAll(374)) - Replication Manager is not ready to run until 3000ms after safemode exit
2023-06-07 07:10:38,973 [main] INFO  safemode.ContainerSafeModeRule (ContainerSafeModeRule.java:<init>(89)) - containers with one replica threshold count 0
2023-06-07 07:10:38,977 [main] INFO  safemode.HealthyPipelineSafeModeRule (HealthyPipelineSafeModeRule.java:initializeRule(169)) - Total pipeline count is 0, healthy pipeline threshold count is 1
2023-06-07 07:10:38,979 [main] INFO  safemode.OneReplicaPipelineSafeModeRule (OneReplicaPipelineSafeModeRule.java:initializeRule(180)) - Total pipeline count is 0, pipeline's with at least one datanode reported threshold count is 0
2023-06-07 07:10:39,030 [main] INFO  server.StorageContainerManager (StorageContainerManager.java:<init>(398)) - SCM start with adminUsers: [runner]
2023-06-07 07:10:39,061 [main] INFO  audit.AuditLogger (AuditLogger.java:refreshDebugCmdSet(126)) - Refresh DebugCmdSet for SCMAudit to [].
2023-06-07 07:10:39,098 [main] INFO  ipc.CallQueueManager (CallQueueManager.java:<init>(90)) - Using callQueue: class java.util.concurrent.LinkedBlockingQueue, queueCapacity: 2000, scheduler: class org.apache.hadoop.ipc.DefaultRpcScheduler, ipcBackoff: false.
2023-06-07 07:10:39,144 [Socket Reader #1 for port 15002] INFO  ipc.Server (Server.java:run(1319)) - Starting Socket Reader #1 for port 15002
2023-06-07 07:10:39,182 [Listener at 0.0.0.0/15002] INFO  hdds.HddsUtils (HddsUtils.java:preserveThreadName(843)) - Restoring thread name: main
2023-06-07 07:10:39,209 [main] INFO  audit.AuditLogger (AuditLogger.java:refreshDebugCmdSet(126)) - Refresh DebugCmdSet for SCMAudit to [].
2023-06-07 07:10:39,215 [main] INFO  ipc.CallQueueManager (CallQueueManager.java:<init>(90)) - Using callQueue: class java.util.concurrent.LinkedBlockingQueue, queueCapacity: 2000, scheduler: class org.apache.hadoop.ipc.DefaultRpcScheduler, ipcBackoff: false.
2023-06-07 07:10:39,217 [Socket Reader #1 for port 15001] INFO  ipc.Server (Server.java:run(1319)) - Starting Socket Reader #1 for port 15001
2023-06-07 07:10:39,224 [Listener at 0.0.0.0/15001] INFO  hdds.HddsUtils (HddsUtils.java:preserveThreadName(843)) - Restoring thread name: main
2023-06-07 07:10:39,272 [main] INFO  audit.AuditLogger (AuditLogger.java:refreshDebugCmdSet(126)) - Refresh DebugCmdSet for SCMAudit to [].
2023-06-07 07:10:39,285 [main] INFO  ipc.CallQueueManager (CallQueueManager.java:<init>(90)) - Using callQueue: class java.util.concurrent.LinkedBlockingQueue, queueCapacity: 2000, scheduler: class org.apache.hadoop.ipc.DefaultRpcScheduler, ipcBackoff: false.
2023-06-07 07:10:39,286 [Socket Reader #1 for port 15000] INFO  ipc.Server (Server.java:run(1319)) - Starting Socket Reader #1 for port 15000
2023-06-07 07:10:39,291 [Listener at 0.0.0.0/15000] INFO  hdds.HddsUtils (HddsUtils.java:preserveThreadName(843)) - Restoring thread name: main
2023-06-07 07:10:39,347 [main] INFO  ha.SCMServiceManager (SCMServiceManager.java:register(42)) - Registering service ContainerBalancer.
2023-06-07 07:10:39,347 [main] INFO  server.StorageContainerManager (StorageContainerManager.java:<init>(415)) - 
Container Balancer status:
Key                            Value
Running                        false
Container Balancer Configuration values:
Key                                                Value
Threshold                                          10
Max Datanodes to Involve per Iteration(percent)    20
Max Size to Move per Iteration                     500GB
Max Size Entering Target per Iteration             26GB
Max Size Leaving Source per Iteration              26GB

2023-06-07 07:10:39,348 [main] INFO  ha.SCMContext (SCMContext.java:updateSafeModeStatus(228)) - Update SafeModeStatus from SafeModeStatus{safeModeStatus=true, preCheckPassed=false} to SafeModeStatus{safeModeStatus=true, preCheckPassed=false}.
2023-06-07 07:10:39,351 [main] INFO  server.StorageContainerManager (StorageContainerManager.java:start(1466)) - StorageContainerLocationProtocol RPC server is listening at /0.0.0.0:15000
2023-06-07 07:10:39,459 [main] WARN  impl.MetricsConfig (MetricsConfig.java:loadFirst(136)) - Cannot locate configuration: tried hadoop-metrics2-storagecontainermanager.properties,hadoop-metrics2.properties
2023-06-07 07:10:39,477 [main] INFO  impl.MetricsSystemImpl (MetricsSystemImpl.java:startTimer(378)) - Scheduled Metric snapshot period at 10 second(s).
2023-06-07 07:10:39,478 [main] INFO  impl.MetricsSystemImpl (MetricsSystemImpl.java:start(191)) - StorageContainerManager metrics system started
2023-06-07 07:10:39,572 [main] INFO  server.SCMClientProtocolServer (SCMClientProtocolServer.java:start(201)) - RPC server for Client  is listening at /0.0.0.0:15000
2023-06-07 07:10:39,573 [IPC Server Responder] INFO  ipc.Server (Server.java:run(1558)) - IPC Server Responder: starting
2023-06-07 07:10:39,579 [IPC Server listener on 15000] INFO  ipc.Server (Server.java:run(1398)) - IPC Server listener on 15000: starting
2023-06-07 07:10:39,607 [main] INFO  server.StorageContainerManager (StorageContainerManager.java:start(1480)) - ScmBlockLocationProtocol RPC server is listening at /0.0.0.0:15001
2023-06-07 07:10:39,611 [main] INFO  server.SCMBlockProtocolServer (SCMBlockProtocolServer.java:start(152)) - RPC server for Block Protocol is listening at /0.0.0.0:15001
2023-06-07 07:10:39,612 [IPC Server Responder] INFO  ipc.Server (Server.java:run(1558)) - IPC Server Responder: starting
2023-06-07 07:10:39,619 [IPC Server listener on 15001] INFO  ipc.Server (Server.java:run(1398)) - IPC Server listener on 15001: starting
2023-06-07 07:10:39,622 [main] INFO  server.SCMDatanodeProtocolServer (SCMDatanodeProtocolServer.java:start(193)) - ScmDatanodeProtocol RPC server for DataNodes is listening at /0.0.0.0:15002
2023-06-07 07:10:39,626 [IPC Server Responder] INFO  ipc.Server (Server.java:run(1558)) - IPC Server Responder: starting
2023-06-07 07:10:39,632 [IPC Server listener on 15002] INFO  ipc.Server (Server.java:run(1398)) - IPC Server listener on 15002: starting
2023-06-07 07:10:39,650 [JvmPauseMonitor0] INFO  util.JvmPauseMonitor (JvmPauseMonitor.java:run(103)) - JvmPauseMonitor-8ceffbcb-4ba3-4901-aff0-f27fe6d3fad6: Started
2023-06-07 07:10:39,666 [main] INFO  http.BaseHttpServer (BaseHttpServer.java:newHttpServer2BuilderForOzone(224)) - Starting Web-server for scm at: http://0.0.0.0:15003
2023-06-07 07:10:39,668 [main] INFO  http.BaseHttpServer (BaseHttpServer.java:<init>(111)) - Hadoop Security Enabled: false Ozone Security Enabled: false Ozone HTTP Security Enabled: false 
2023-06-07 07:10:39,714 [main] INFO  util.log (Log.java:initialized(170)) - Logging initialized @6647ms to org.eclipse.jetty.util.log.Slf4jLog
2023-06-07 07:10:39,830 [main] WARN  server.AuthenticationFilter (AuthenticationFilter.java:constructSecretProvider(240)) - Unable to initialize FileSignerSecretProvider, falling back to use random secrets. Reason: Could not read signature secret file: /home/runner/hadoop-http-auth-signature-secret
2023-06-07 07:10:39,838 [main] INFO  http.HttpRequestLog (HttpRequestLog.java:getRequestLog(86)) - Http request log for http.requests.scm is not defined
2023-06-07 07:10:39,848 [main] INFO  http.HttpServer2 (HttpServer2.java:addGlobalFilter(1031)) - Added global filter 'safety' (class=org.apache.hadoop.hdds.server.http.HttpServer2$QuotingInputFilter)
2023-06-07 07:10:39,852 [main] INFO  http.HttpServer2 (HttpServer2.java:addFilter(1007)) - Added filter static_user_filter (class=org.apache.hadoop.http.lib.StaticUserWebFilter$StaticUserFilter) to context scm
2023-06-07 07:10:39,852 [main] INFO  http.HttpServer2 (HttpServer2.java:addFilter(1015)) - Added filter static_user_filter (class=org.apache.hadoop.http.lib.StaticUserWebFilter$StaticUserFilter) to context logs
2023-06-07 07:10:39,852 [main] INFO  http.HttpServer2 (HttpServer2.java:addFilter(1015)) - Added filter static_user_filter (class=org.apache.hadoop.http.lib.StaticUserWebFilter$StaticUserFilter) to context static
2023-06-07 07:10:39,896 [main] INFO  http.BaseHttpServer (BaseHttpServer.java:<init>(190)) - HTTP server of scm uses base directory /home/runner/work/ozone/ozone/hadoop-ozone/integration-test/target/test-dir/MiniOzoneClusterImpl-28223e3b-fb3b-4559-a623-43dba3cd33a0/ozone-meta/webserver
2023-06-07 07:10:39,898 [main] INFO  http.HttpServer2 (HttpServer2.java:bindListener(1250)) - Jetty bound to port 15003
2023-06-07 07:10:39,899 [main] INFO  server.Server (Server.java:doStart(375)) - jetty-9.4.51.v20230217; built: 2023-02-17T08:19:37.309Z; git: b45c405e4544384de066f814ed42ae3dceacdd49; jvm 1.8.0_372-b07
2023-06-07 07:10:39,931 [main] INFO  server.session (DefaultSessionIdManager.java:doStart(334)) - DefaultSessionIdManager workerName=node0
2023-06-07 07:10:39,932 [main] INFO  server.session (DefaultSessionIdManager.java:doStart(339)) - No SessionScavenger set, using defaults
2023-06-07 07:10:39,934 [main] INFO  server.session (HouseKeeper.java:startScavenging(132)) - node0 Scavenging every 600000ms
2023-06-07 07:10:39,950 [main] INFO  handler.ContextHandler (ContextHandler.java:doStart(921)) - Started o.e.j.s.ServletContextHandler@537979aa{logs,/logs,file:///home/runner/work/ozone/ozone/hadoop-ozone/integration-test/target/log,AVAILABLE}
2023-06-07 07:10:39,955 [main] INFO  handler.ContextHandler (ContextHandler.java:doStart(921)) - Started o.e.j.s.ServletContextHandler@1ad28f2{static,/static,file:///home/runner/work/ozone/ozone/hadoop-ozone/integration-test/target/test-classes/webapps/static,AVAILABLE}
2023-06-07 07:10:40,018 [main] INFO  handler.ContextHandler (ContextHandler.java:doStart(921)) - Started o.e.j.w.WebAppContext@13088030{scm,/,file:///home/runner/work/ozone/ozone/hadoop-ozone/integration-test/target/test-classes/webapps/scm/,AVAILABLE}{file:/home/runner/work/ozone/ozone/hadoop-ozone/integration-test/target/test-classes/webapps/scm}
2023-06-07 07:10:40,035 [main] INFO  server.AbstractConnector (AbstractConnector.java:doStart(333)) - Started ServerConnector@7845f53d{HTTP/1.1, (http/1.1)}{0.0.0.0:15003}
2023-06-07 07:10:40,036 [main] INFO  server.Server (Server.java:doStart(415)) - Started @6969ms
2023-06-07 07:10:40,041 [main] INFO  impl.MetricsSinkAdapter (MetricsSinkAdapter.java:start(204)) - Sink prometheus started
2023-06-07 07:10:40,042 [main] INFO  impl.MetricsSystemImpl (MetricsSystemImpl.java:registerSink(305)) - Registered sink prometheus
2023-06-07 07:10:40,043 [main] INFO  http.BaseHttpServer (BaseHttpServer.java:updateConnectorAddress(344)) - HTTP server of scm listening at http://0.0.0.0:15003
2023-06-07 07:10:40,046 [main] WARN  server.ServerUtils (ServerUtils.java:getDBPath(311)) - ozone.om.db.dirs is not configured. We recommend adding this setting. Falling back to ozone.metadata.dirs instead.
2023-06-07 07:10:40,057 [main] INFO  ha.OMHANodeDetails (OMHANodeDetails.java:loadOMHAConfig(115)) - ozone.om.internal.service.id is not defined, falling back to ozone.om.service.ids to find serviceID for OzoneManager if it is HA enabled cluster
2023-06-07 07:10:40,061 [main] INFO  ha.OMHANodeDetails (OMHANodeDetails.java:loadOMHAConfig(226)) - Configuration does not have ozone.om.address set. Falling back to the default OM address /127.0.0.1:15004
2023-06-07 07:10:40,062 [main] INFO  ha.OMHANodeDetails (OMHANodeDetails.java:getOMNodeDetailsForNonHA(254)) - OM Service ID is not set. Setting it to the default ID: omServiceIdDefault
2023-06-07 07:10:40,062 [main] INFO  ha.OMHANodeDetails (OMHANodeDetails.java:getOMNodeDetailsForNonHA(261)) - OM Node ID is not set. Setting it to the default ID: om1
2023-06-07 07:10:40,069 [main] WARN  server.ServerUtils (ServerUtils.java:getDBPath(311)) - ozone.om.db.dirs is not configured. We recommend adding this setting. Falling back to ozone.metadata.dirs instead.
2023-06-07 07:10:40,073 [main] INFO  upgrade.AbstractLayoutVersionManager (AbstractLayoutVersionManager.java:init(83)) - Initializing Layout version manager with metadata layout = FILESYSTEM_SNAPSHOT (version = 5), software layout = FILESYSTEM_SNAPSHOT (version = 5)
2023-06-07 07:10:40,198 [main] INFO  reflections.Reflections (Reflections.java:scan(232)) - Reflections took 119 ms to scan 2 urls, producing 177 keys and 490 values [using 2 cores]
2023-06-07 07:10:40,203 [main] INFO  upgrade.OMLayoutVersionManager (OMLayoutVersionManager.java:lambda$0(115)) - Skipping Upgrade Action MockOmUpgradeAction since it has been finalized.
2023-06-07 07:10:40,205 [main] WARN  server.ServerUtils (ServerUtils.java:getDBPath(311)) - ozone.om.db.dirs is not configured. We recommend adding this setting. Falling back to ozone.metadata.dirs instead.
2023-06-07 07:10:40,376 [main] INFO  proxy.SCMBlockLocationFailoverProxyProvider (SCMBlockLocationFailoverProxyProvider.java:<init>(114)) - Created block location fail-over proxy with 1 nodes: [nodeId=scmNodeId,nodeAddress=/0.0.0.0:15001]
2023-06-07 07:10:40,441 [main] INFO  om.OzoneManager (OzoneManager.java:<init>(637)) - OM start with adminUsers: [runner]
2023-06-07 07:10:40,457 [main] WARN  server.ServerUtils (ServerUtils.java:getDBPath(311)) - ozone.om.db.dirs is not configured. We recommend adding this setting. Falling back to ozone.metadata.dirs instead.
2023-06-07 07:10:40,488 [main] INFO  helpers.OmKeyInfo (OmKeyInfo.java:getCodec(71)) - OmKeyInfo.getCodec ignorePipeline = true
2023-06-07 07:10:40,858 [main] INFO  om.OzoneManager (OzoneManager.java:instantiateServices(766)) - S3 Multi-Tenancy is disabled
2023-06-07 07:10:40,870 [main] INFO  security.OzoneSecretStore (OzoneSecretStore.java:loadState(69)) - Loaded 0 tokens
2023-06-07 07:10:40,870 [main] INFO  security.OzoneDelegationTokenSecretManager (OzoneDelegationTokenSecretManager.java:loadTokenSecretState(530)) - Loading token state into token manager.
2023-06-07 07:10:40,899 [main] INFO  om.OmSnapshotManager (OmSnapshotManager.java:<init>(170)) - Ozone filesystem snapshot feature is enabled.
2023-06-07 07:10:40,907 [main] WARN  server.ServerUtils (ServerUtils.java:getDBPath(311)) - ozone.om.snapshot.diff.db.dir is not configured. We recommend adding this setting. Falling back to ozone.metadata.dirs instead.
2023-06-07 07:10:40,953 [main] INFO  utils.NativeLibraryLoader (NativeLibraryLoader.java:loadLibrary(103)) - Loading Library: ozone_rocksdb_tools
2023-06-07 07:10:41,029 [main] INFO  om.OzoneManager (OzoneManager.java:addS3GVolumeToDB(4236)) - Created Volume s3v With Owner runner required for S3Gateway operations.
2023-06-07 07:10:41,095 [main] WARN  server.ServerUtils (ServerUtils.java:getDefaultRatisDirectory(323)) - Storage directory for Ratis is not configured. It is a good idea to map this to an SSD disk. Falling back to ozone.metadata.dirs
2023-06-07 07:10:41,096 [main] WARN  utils.OzoneManagerRatisUtils (OzoneManagerRatisUtils.java:getOMRatisSnapshotDirectory(461)) - ozone.om.ratis.snapshot.dir is not configured. Falling back to ozone.metadata.dirs config
2023-06-07 07:10:41,111 [main] WARN  server.ServerUtils (ServerUtils.java:getDefaultRatisDirectory(323)) - Storage directory for Ratis is not configured. It is a good idea to map this to an SSD disk. Falling back to ozone.metadata.dirs
2023-06-07 07:10:41,136 [main] INFO  ratis.OzoneManagerRatisServer (OzoneManagerRatisServer.java:<init>(163)) - Instantiating OM Ratis server with groupID: omServiceIdDefault and peers: localhost:15007
2023-06-07 07:10:41,146 [main] INFO  ratis.OzoneManagerStateMachine (OzoneManagerStateMachine.java:loadSnapshotInfoFromDB(670)) - LastAppliedIndex is set from TransactionInfo from OM DB as (t:0, i:~)
2023-06-07 07:10:41,209 [main] INFO  server.RaftServer (ConfUtils.java:logGet(46)) - raft.rpc.type = GRPC (default)
2023-06-07 07:10:41,220 [main] INFO  grpc.GrpcConfigKeys (ConfUtils.java:logFallback(53)) - raft.grpc.admin.host = null (fallback to raft.grpc.server.host)
2023-06-07 07:10:41,221 [main] INFO  grpc.GrpcConfigKeys (ConfUtils.java:logFallback(53)) - raft.grpc.admin.port = 15007 (fallback to raft.grpc.server.port)
2023-06-07 07:10:41,222 [main] INFO  grpc.GrpcConfigKeys (ConfUtils.java:logFallback(53)) - raft.grpc.client.host = null (fallback to raft.grpc.server.host)
2023-06-07 07:10:41,223 [main] INFO  grpc.GrpcConfigKeys (ConfUtils.java:logFallback(53)) - raft.grpc.client.port = 15007 (fallback to raft.grpc.server.port)
2023-06-07 07:10:41,223 [main] INFO  grpc.GrpcConfigKeys (ConfUtils.java:logGet(46)) - raft.grpc.server.host = null (default)
2023-06-07 07:10:41,223 [main] INFO  grpc.GrpcConfigKeys (ConfUtils.java:logGet(46)) - raft.grpc.server.port = 15007 (custom)
2023-06-07 07:10:41,224 [main] INFO  server.GrpcService (ConfUtils.java:logGet(46)) - raft.grpc.message.size.max = 33554432 (custom)
2023-06-07 07:10:41,225 [main] INFO  server.RaftServerConfigKeys (ConfUtils.java:logGet(46)) - raft.server.log.appender.buffer.byte-limit = 33554432 (custom)
2023-06-07 07:10:41,226 [main] INFO  server.GrpcService (ConfUtils.java:logGet(46)) - raft.grpc.flow.control.window = 1MB (=1048576) (default)
2023-06-07 07:10:41,227 [main] INFO  server.RaftServerConfigKeys (ConfUtils.java:logGet(46)) - raft.server.rpc.request.timeout = 3000ms (default)
2023-06-07 07:10:41,240 [main] INFO  grpc.GrpcConfigKeys (ConfUtils.java:logGet(46)) - raft.grpc.server.heartbeat.channel = true (default)
2023-06-07 07:10:41,244 [main] INFO  grpc.GrpcConfigKeys (ConfUtils.java:logGet(46)) - raft.grpc.server.async.request.thread.pool.cached = true (default)
2023-06-07 07:10:41,245 [main] INFO  grpc.GrpcConfigKeys (ConfUtils.java:logGet(46)) - raft.grpc.server.async.request.thread.pool.size = 32 (default)
2023-06-07 07:10:41,490 [main] INFO  impl.DataStreamServerImpl (ConfUtils.java:logGet(46)) - raft.datastream.type = DISABLED (default)
2023-06-07 07:10:41,493 [main] INFO  server.RaftServerConfigKeys (ConfUtils.java:logGet(46)) - raft.server.threadpool.proxy.cached = true (default)
2023-06-07 07:10:41,494 [main] INFO  server.RaftServerConfigKeys (ConfUtils.java:logGet(46)) - raft.server.threadpool.proxy.size = 0 (default)
2023-06-07 07:10:41,494 [main] INFO  server.RaftServerConfigKeys (ConfUtils.java:logGet(46)) - raft.server.rpc.slowness.timeout = 120s (custom)
2023-06-07 07:10:41,495 [main] INFO  server.RaftServerConfigKeys (ConfUtils.java:logGet(46)) - raft.server.leaderelection.leader.step-down.wait-time = 10s (default)
2023-06-07 07:10:41,496 [main] INFO  server.RaftServerConfigKeys (ConfUtils.java:logGet(46)) - raft.server.storage.dir = [/home/runner/work/ozone/ozone/hadoop-ozone/integration-test/target/test-dir/MiniOzoneClusterImpl-28223e3b-fb3b-4559-a623-43dba3cd33a0/ozone-meta/ratis] (custom)
2023-06-07 07:10:41,506 [main] INFO  server.RaftServer (RaftServerProxy.java:addNew(98)) - om1: addNew group-C5BA1605619E:[om1|rpc:localhost:15007|priority:0|startupRole:FOLLOWER] returns group-C5BA1605619E:java.util.concurrent.CompletableFuture@45d19da1[Not completed]
2023-06-07 07:10:41,506 [main] INFO  om.OzoneManager (OzoneManager.java:initializeRatisServer(2107)) - OzoneManager Ratis server initialized at port 15007
2023-06-07 07:10:41,509 [main] INFO  om.OzoneManager (OzoneManager.java:getRpcServer(1166)) - Creating RPC Server
2023-06-07 07:10:41,534 [om1-groupManagement] INFO  server.RaftServer$Division (RaftServerImpl.java:<init>(198)) - om1: new RaftServerImpl for group-C5BA1605619E:[om1|rpc:localhost:15007|priority:0|startupRole:FOLLOWER] with OzoneManagerStateMachine:uninitialized
2023-06-07 07:10:41,535 [om1-groupManagement] INFO  server.RaftServerConfigKeys (ConfUtils.java:logGet(46)) - raft.server.rpc.timeout.min = 1s (custom)
2023-06-07 07:10:41,541 [om1-groupManagement] INFO  server.RaftServerConfigKeys (ConfUtils.java:logGet(46)) - raft.server.rpc.timeout.max = 1200ms (custom)
2023-06-07 07:10:41,542 [om1-groupManagement] INFO  server.RaftServerConfigKeys (ConfUtils.java:logGet(46)) - raft.server.rpc.sleep.time = 25ms (default)
2023-06-07 07:10:41,542 [om1-groupManagement] INFO  server.RaftServerConfigKeys (ConfUtils.java:logGet(46)) - raft.server.rpc.slowness.timeout = 120s (custom)
2023-06-07 07:10:41,542 [om1-groupManagement] INFO  server.RaftServerConfigKeys (ConfUtils.java:logGet(46)) - raft.server.leaderelection.leader.step-down.wait-time = 10s (default)
2023-06-07 07:10:41,542 [om1-groupManagement] INFO  server.RaftServerConfigKeys (ConfUtils.java:logGet(46)) - raft.server.sleep.deviation.threshold = 300ms (default)
2023-06-07 07:10:41,733 [om1-groupManagement] INFO  server.RaftServer$Division (ServerState.java:<init>(120)) - om1@group-C5BA1605619E: ConfigurationManager, init=-1: peers:[om1|rpc:localhost:15007|priority:0|startupRole:FOLLOWER]|listeners:[], old=null, confs=<EMPTY_MAP>
2023-06-07 07:10:41,734 [om1-groupManagement] INFO  server.RaftServerConfigKeys (ConfUtils.java:logGet(46)) - raft.server.storage.dir = [/home/runner/work/ozone/ozone/hadoop-ozone/integration-test/target/test-dir/MiniOzoneClusterImpl-28223e3b-fb3b-4559-a623-43dba3cd33a0/ozone-meta/ratis] (custom)
2023-06-07 07:10:41,747 [om1-groupManagement] INFO  server.RaftServerConfigKeys (ConfUtils.java:logGet(46)) - raft.server.log.corruption.policy = EXCEPTION (default)
2023-06-07 07:10:41,750 [om1-groupManagement] INFO  server.RaftServerConfigKeys (ConfUtils.java:logGet(46)) - raft.server.storage.free-space.min = 0MB (=0) (default)
2023-06-07 07:10:41,769 [om1-groupManagement] INFO  server.RaftServerConfigKeys (ConfUtils.java:logGet(46)) - raft.server.notification.no-leader.timeout = 120s (custom)
2023-06-07 07:10:41,786 [om1-groupManagement] INFO  server.RaftServerConfigKeys (ConfUtils.java:logGet(46)) - raft.server.read.timeout = 10s (default)
2023-06-07 07:10:41,790 [om1-groupManagement] INFO  server.RaftServerConfigKeys (ConfUtils.java:logGet(46)) - raft.server.retrycache.expirytime = 300s (custom)
2023-06-07 07:10:41,791 [om1-groupManagement] INFO  server.RaftServerConfigKeys (ConfUtils.java:logGet(46)) - raft.server.retrycache.statistics.expirytime = 100μs (default)
2023-06-07 07:10:41,889 [om1-groupManagement] INFO  server.RaftServerConfigKeys (ConfUtils.java:logGet(46)) - raft.server.read.option = DEFAULT (default)
2023-06-07 07:10:41,952 [om1-groupManagement] INFO  server.RaftServerConfigKeys (ConfUtils.java:logGet(46)) - raft.server.rpc.request.timeout = 3000ms (default)
2023-06-07 07:10:41,960 [om1-groupManagement] INFO  server.RaftServerConfigKeys (ConfUtils.java:logGet(46)) - raft.server.log.appender.install.snapshot.enabled = false (custom)
2023-06-07 07:10:41,961 [om1-groupManagement] INFO  server.RaftServerConfigKeys (ConfUtils.java:logGet(46)) - raft.server.threadpool.server.cached = true (default)
2023-06-07 07:10:41,962 [om1-groupManagement] INFO  server.RaftServerConfigKeys (ConfUtils.java:logGet(46)) - raft.server.threadpool.server.size = 0 (default)
2023-06-07 07:10:41,963 [om1-groupManagement] INFO  server.RaftServerConfigKeys (ConfUtils.java:logGet(46)) - raft.server.threadpool.client.cached = true (default)
2023-06-07 07:10:41,964 [om1-groupManagement] INFO  server.RaftServerConfigKeys (ConfUtils.java:logGet(46)) - raft.server.threadpool.client.size = 0 (default)
2023-06-07 07:10:42,792 [main] INFO  reflections.Reflections (Reflections.java:scan(232)) - Reflections took 1021 ms to scan 19 urls, producing 69 keys and 5293 values [using 2 cores]
2023-06-07 07:10:42,987 [main] INFO  ipc.CallQueueManager (CallQueueManager.java:<init>(90)) - Using callQueue: class java.util.concurrent.LinkedBlockingQueue, queueCapacity: 2000, scheduler: class org.apache.hadoop.ipc.DefaultRpcScheduler, ipcBackoff: false.
2023-06-07 07:10:42,996 [Socket Reader #1 for port 15004] INFO  ipc.Server (Server.java:run(1319)) - Starting Socket Reader #1 for port 15004
2023-06-07 07:10:43,016 [Listener at 127.0.0.1/15004] INFO  hdds.HddsUtils (HddsUtils.java:preserveThreadName(843)) - Restoring thread name: main
2023-06-07 07:10:43,046 [main] INFO  impl.MetricsSystemImpl (MetricsSystemImpl.java:init(158)) - OzoneManager metrics system started (again)
2023-06-07 07:10:43,062 [main] INFO  om.OzoneManager (OzoneManager.java:start(1588)) - OzoneManager RPC server is listening at localhost/127.0.0.1:15004
2023-06-07 07:10:43,063 [main] INFO  ratis.OzoneManagerRatisServer (OzoneManagerRatisServer.java:start(558)) - Starting OzoneManagerRatisServer om1 at port 15007
2023-06-07 07:10:43,066 [om1-impl-thread1] INFO  storage.RaftStorageDirectory (RaftStorageDirectoryImpl.java:analyzeStorage(137)) - The storage directory /home/runner/work/ozone/ozone/hadoop-ozone/integration-test/target/test-dir/MiniOzoneClusterImpl-28223e3b-fb3b-4559-a623-43dba3cd33a0/ozone-meta/ratis/bf265839-605b-3f16-9796-c5ba1605619e does not exist. Creating ...
2023-06-07 07:10:43,071 [om1-impl-thread1] INFO  storage.RaftStorageDirectory (RaftStorageDirectoryImpl.java:tryLock(231)) - Lock on /home/runner/work/ozone/ozone/hadoop-ozone/integration-test/target/test-dir/MiniOzoneClusterImpl-28223e3b-fb3b-4559-a623-43dba3cd33a0/ozone-meta/ratis/bf265839-605b-3f16-9796-c5ba1605619e/in_use.lock acquired by nodename 65108@fv-az246-755
2023-06-07 07:10:43,077 [om1-impl-thread1] INFO  storage.RaftStorage (RaftStorageImpl.java:format(96)) - Storage directory /home/runner/work/ozone/ozone/hadoop-ozone/integration-test/target/test-dir/MiniOzoneClusterImpl-28223e3b-fb3b-4559-a623-43dba3cd33a0/ozone-meta/ratis/bf265839-605b-3f16-9796-c5ba1605619e has been successfully formatted.
2023-06-07 07:10:43,081 [om1-impl-thread1] INFO  server.RaftServerConfigKeys (ConfUtils.java:logGet(46)) - raft.server.log.use.memory = false (default)
2023-06-07 07:10:43,090 [om1-impl-thread1] INFO  server.RaftServerConfigKeys (ConfUtils.java:logGet(46)) - raft.server.log.purge.gap = 1000000 (custom)
2023-06-07 07:10:43,091 [om1-impl-thread1] INFO  server.RaftServerConfigKeys (ConfUtils.java:logGet(46)) - raft.server.log.appender.buffer.byte-limit = 33554432 (custom)
2023-06-07 07:10:43,095 [om1-impl-thread1] INFO  server.RaftServerConfigKeys (ConfUtils.java:logGet(46)) - raft.server.log.statemachine.data.read.timeout = 1000ms (default)
2023-06-07 07:10:43,096 [om1-impl-thread1] INFO  server.RaftServerConfigKeys (ConfUtils.java:logGet(46)) - raft.server.log.purge.preservation.log.num = 0 (default)
2023-06-07 07:10:43,098 [om1-impl-thread1] INFO  server.RaftServerConfigKeys (ConfUtils.java:logGet(46)) - raft.server.log.segment.size.max = 4194304 (custom)
2023-06-07 07:10:43,106 [om1-impl-thread1] INFO  server.RaftServerConfigKeys (ConfUtils.java:logGet(46)) - raft.server.log.segment.cache.num.max = 2 (custom)
2023-06-07 07:10:43,106 [om1-impl-thread1] INFO  server.RaftServerConfigKeys (ConfUtils.java:logGet(46)) - raft.server.log.segment.cache.size.max = 200MB (=209715200) (default)
2023-06-07 07:10:43,106 [om1-impl-thread1] INFO  server.RaftServerConfigKeys (ConfUtils.java:logGet(46)) - raft.server.log.appender.buffer.byte-limit = 33554432 (custom)
2023-06-07 07:10:43,113 [om1-impl-thread1] INFO  segmented.SegmentedRaftLogWorker (SegmentedRaftLogWorker.java:<init>(188)) - new om1@group-C5BA1605619E-SegmentedRaftLogWorker for RaftStorageImpl:Storage Directory /home/runner/work/ozone/ozone/hadoop-ozone/integration-test/target/test-dir/MiniOzoneClusterImpl-28223e3b-fb3b-4559-a623-43dba3cd33a0/ozone-meta/ratis/bf265839-605b-3f16-9796-c5ba1605619e
2023-06-07 07:10:43,113 [om1-impl-thread1] INFO  server.RaftServerConfigKeys (ConfUtils.java:logGet(46)) - raft.server.log.queue.byte-limit = 64MB (=67108864) (default)
2023-06-07 07:10:43,114 [om1-impl-thread1] INFO  server.RaftServerConfigKeys (ConfUtils.java:logGet(46)) - raft.server.log.queue.element-limit = 4096 (default)
2023-06-07 07:10:43,115 [om1-impl-thread1] INFO  server.RaftServerConfigKeys (ConfUtils.java:logGet(46)) - raft.server.log.segment.size.max = 4194304 (custom)
2023-06-07 07:10:43,115 [om1-impl-thread1] INFO  server.RaftServerConfigKeys (ConfUtils.java:logGet(46)) - raft.server.log.preallocated.size = 4194304 (custom)
2023-06-07 07:10:43,116 [om1-impl-thread1] INFO  server.RaftServerConfigKeys (ConfUtils.java:logGet(46)) - raft.server.log.force.sync.num = 128 (default)
2023-06-07 07:10:43,117 [om1-impl-thread1] INFO  server.RaftServerConfigKeys (ConfUtils.java:logGet(46)) - raft.server.log.statemachine.data.sync = true (default)
2023-06-07 07:10:43,117 [om1-impl-thread1] INFO  server.RaftServerConfigKeys (ConfUtils.java:logGet(46)) - raft.server.log.statemachine.data.sync.timeout = 10s (default)
2023-06-07 07:10:43,117 [om1-impl-thread1] INFO  server.RaftServerConfigKeys (ConfUtils.java:logGet(46)) - raft.server.log.statemachine.data.sync.timeout.retry = -1 (default)
2023-06-07 07:10:43,130 [om1-impl-thread1] INFO  server.RaftServerConfigKeys (ConfUtils.java:logGet(46)) - raft.server.log.write.buffer.size = 64KB (=65536) (default)
2023-06-07 07:10:43,130 [om1-impl-thread1] INFO  server.RaftServerConfigKeys (ConfUtils.java:logGet(46)) - raft.server.log.appender.buffer.byte-limit = 33554432 (custom)
2023-06-07 07:10:43,136 [om1-impl-thread1] INFO  server.RaftServerConfigKeys (ConfUtils.java:logGet(46)) - raft.server.log.unsafe-flush.enabled = false (default)
2023-06-07 07:10:43,137 [om1-impl-thread1] INFO  server.RaftServerConfigKeys (ConfUtils.java:logGet(46)) - raft.server.log.async-flush.enabled = false (default)
2023-06-07 07:10:43,137 [om1-impl-thread1] INFO  server.RaftServerConfigKeys (ConfUtils.java:logGet(46)) - raft.server.log.statemachine.data.caching.enabled = false (default)
2023-06-07 07:10:43,144 [om1-impl-thread1] INFO  segmented.SegmentedRaftLogWorker (SegmentedRaftLogWorker.java:lambda$new$0(135)) - om1@group-C5BA1605619E-SegmentedRaftLogWorker: flushIndex: setUnconditionally 0 -> -1
2023-06-07 07:10:43,145 [om1-impl-thread1] INFO  segmented.SegmentedRaftLogWorker (SegmentedRaftLogWorker.java:lambda$new$0(135)) - om1@group-C5BA1605619E-SegmentedRaftLogWorker: safeCacheEvictIndex: setUnconditionally 0 -> -1
2023-06-07 07:10:43,146 [om1-impl-thread1] INFO  server.RaftServer$Division (RaftServerImpl.java:start(342)) - om1@group-C5BA1605619E: start as a follower, conf=-1: peers:[om1|rpc:localhost:15007|priority:0|startupRole:FOLLOWER]|listeners:[], old=null
2023-06-07 07:10:43,147 [om1-impl-thread1] INFO  server.RaftServer$Division (RaftServerImpl.java:setRole(329)) - om1@group-C5BA1605619E: changes role from      null to FOLLOWER at term 0 for startAsFollower
2023-06-07 07:10:43,149 [om1-impl-thread1] INFO  impl.RoleInfo (RoleInfo.java:updateAndGet(139)) - om1: start om1@group-C5BA1605619E-FollowerState
2023-06-07 07:10:43,151 [om1-impl-thread1] INFO  util.JmxRegister (JmxRegister.java:tryRegister(44)) - Successfully registered JMX Bean with object name Ratis:service=RaftServer,group=group-C5BA1605619E,id=om1
2023-06-07 07:10:43,154 [om1-impl-thread1] INFO  server.RaftServerConfigKeys (ConfUtils.java:logGet(46)) - raft.server.snapshot.auto.trigger.enabled = true (custom)
2023-06-07 07:10:43,155 [om1-impl-thread1] INFO  server.RaftServerConfigKeys (ConfUtils.java:logGet(46)) - raft.server.snapshot.auto.trigger.threshold = 400000 (default)
2023-06-07 07:10:43,155 [om1-impl-thread1] INFO  server.RaftServerConfigKeys (ConfUtils.java:logGet(46)) - raft.server.snapshot.retention.file.num = -1 (default)
2023-06-07 07:10:43,156 [om1-impl-thread1] INFO  server.RaftServerConfigKeys (ConfUtils.java:logGet(46)) - raft.server.log.purge.upto.snapshot.index = true (custom)
2023-06-07 07:10:43,158 [om1@group-C5BA1605619E-FollowerState] INFO  server.RaftServerConfigKeys (ConfUtils.java:logFallback(53)) - raft.server.rpc.first-election.timeout.min = 1s (fallback to raft.server.rpc.timeout.min)
2023-06-07 07:10:43,158 [om1@group-C5BA1605619E-FollowerState] INFO  server.RaftServerConfigKeys (ConfUtils.java:logFallback(53)) - raft.server.rpc.first-election.timeout.max = 1200ms (fallback to raft.server.rpc.timeout.max)
2023-06-07 07:10:43,160 [main] INFO  server.RaftServer (RaftServerProxy.java:startImpl(400)) - om1: start RPC server
2023-06-07 07:10:43,215 [main] INFO  server.GrpcService (GrpcService.java:startImpl(302)) - om1: GrpcService started, listening on 15007
2023-06-07 07:10:43,216 [main] INFO  om.OzoneManager (OzoneManager.java:start(1604)) - Version File has different layout version (5) than OM DB (null). That is expected if this OM has never been finalized to a newer layout version.
2023-06-07 07:10:43,222 [JvmPauseMonitor1] INFO  util.JvmPauseMonitor (JvmPauseMonitor.java:run(103)) - JvmPauseMonitor-om1: Started
2023-06-07 07:10:43,257 [main] INFO  http.BaseHttpServer (BaseHttpServer.java:newHttpServer2BuilderForOzone(224)) - Starting Web-server for ozoneManager at: http://0.0.0.0:15005
2023-06-07 07:10:43,257 [main] INFO  http.BaseHttpServer (BaseHttpServer.java:<init>(111)) - Hadoop Security Enabled: false Ozone Security Enabled: false Ozone HTTP Security Enabled: false 
2023-06-07 07:10:43,259 [main] WARN  server.AuthenticationFilter (AuthenticationFilter.java:constructSecretProvider(240)) - Unable to initialize FileSignerSecretProvider, falling back to use random secrets. Reason: Could not read signature secret file: /home/runner/hadoop-http-auth-signature-secret
2023-06-07 07:10:43,263 [main] INFO  http.HttpRequestLog (HttpRequestLog.java:getRequestLog(86)) - Http request log for http.requests.ozoneManager is not defined
2023-06-07 07:10:43,267 [main] INFO  http.HttpServer2 (HttpServer2.java:addGlobalFilter(1031)) - Added global filter 'safety' (class=org.apache.hadoop.hdds.server.http.HttpServer2$QuotingInputFilter)
2023-06-07 07:10:43,268 [main] INFO  http.HttpServer2 (HttpServer2.java:addFilter(1007)) - Added filter static_user_filter (class=org.apache.hadoop.http.lib.StaticUserWebFilter$StaticUserFilter) to context ozoneManager
2023-06-07 07:10:43,268 [main] INFO  http.HttpServer2 (HttpServer2.java:addFilter(1015)) - Added filter static_user_filter (class=org.apache.hadoop.http.lib.StaticUserWebFilter$StaticUserFilter) to context logs
2023-06-07 07:10:43,268 [main] INFO  http.HttpServer2 (HttpServer2.java:addFilter(1015)) - Added filter static_user_filter (class=org.apache.hadoop.http.lib.StaticUserWebFilter$StaticUserFilter) to context static
2023-06-07 07:10:43,269 [main] INFO  http.BaseHttpServer (BaseHttpServer.java:<init>(190)) - HTTP server of ozoneManager uses base directory /home/runner/work/ozone/ozone/hadoop-ozone/integration-test/target/test-dir/MiniOzoneClusterImpl-28223e3b-fb3b-4559-a623-43dba3cd33a0/ozone-meta/webserver
2023-06-07 07:10:43,272 [main] INFO  http.HttpServer2 (HttpServer2.java:bindListener(1250)) - Jetty bound to port 15005
2023-06-07 07:10:43,273 [main] INFO  server.Server (Server.java:doStart(375)) - jetty-9.4.51.v20230217; built: 2023-02-17T08:19:37.309Z; git: b45c405e4544384de066f814ed42ae3dceacdd49; jvm 1.8.0_372-b07
2023-06-07 07:10:43,279 [main] INFO  server.session (DefaultSessionIdManager.java:doStart(334)) - DefaultSessionIdManager workerName=node0
2023-06-07 07:10:43,280 [main] INFO  server.session (DefaultSessionIdManager.java:doStart(339)) - No SessionScavenger set, using defaults
2023-06-07 07:10:43,280 [main] INFO  server.session (HouseKeeper.java:startScavenging(132)) - node0 Scavenging every 660000ms
2023-06-07 07:10:43,281 [main] INFO  handler.ContextHandler (ContextHandler.java:doStart(921)) - Started o.e.j.s.ServletContextHandler@1c2e1acb{logs,/logs,file:///home/runner/work/ozone/ozone/hadoop-ozone/integration-test/target/log,AVAILABLE}
2023-06-07 07:10:43,282 [main] INFO  handler.ContextHandler (ContextHandler.java:doStart(921)) - Started o.e.j.s.ServletContextHandler@7175d37c{static,/static,file:///home/runner/work/ozone/ozone/hadoop-ozone/integration-test/target/test-classes/webapps/static,AVAILABLE}
2023-06-07 07:10:43,287 [main] INFO  handler.ContextHandler (ContextHandler.java:doStart(921)) - Started o.e.j.w.WebAppContext@54fcbf16{ozoneManager,/,file:///home/runner/work/ozone/ozone/hadoop-ozone/integration-test/target/test-classes/webapps/ozoneManager/,AVAILABLE}{file:/home/runner/work/ozone/ozone/hadoop-ozone/integration-test/target/test-classes/webapps/ozoneManager}
2023-06-07 07:10:43,289 [main] INFO  server.AbstractConnector (AbstractConnector.java:doStart(333)) - Started ServerConnector@4aff0bac{HTTP/1.1, (http/1.1)}{0.0.0.0:15005}
2023-06-07 07:10:43,290 [main] INFO  server.Server (Server.java:doStart(415)) - Started @10223ms
2023-06-07 07:10:43,290 [main] WARN  impl.MetricsSystemImpl (MetricsSystemImpl.java:register(279)) - Sink prometheus already exists!
2023-06-07 07:10:43,291 [main] INFO  http.BaseHttpServer (BaseHttpServer.java:updateConnectorAddress(344)) - HTTP server of ozoneManager listening at http://0.0.0.0:15005
2023-06-07 07:10:43,291 [IPC Server Responder] INFO  ipc.Server (Server.java:run(1558)) - IPC Server Responder: starting
2023-06-07 07:10:43,294 [IPC Server listener on 15004] INFO  ipc.Server (Server.java:run(1398)) - IPC Server listener on 15004: starting
2023-06-07 07:10:43,333 [main] INFO  om.OzoneManager (OzoneManager.java:startTrashEmptier(2060)) - Trash Interval set to 0. Files deleted won't move to trash
2023-06-07 07:10:43,582 [main] WARN  impl.MetricRegistriesImpl (MetricRegistriesImpl.java:addReporterRegistration(111)) - New reporters are added after registries were created. Some metrics will be missing from the reporter. Please add reporter before adding any new registry.
2023-06-07 07:10:43,582 [main] WARN  impl.MetricRegistriesImpl (MetricRegistriesImpl.java:addReporterRegistration(111)) - New reporters are added after registries were created. Some metrics will be missing from the reporter. Please add reporter before adding any new registry.
2023-06-07 07:10:43,582 [main] INFO  impl.MetricsSystemImpl (MetricsSystemImpl.java:init(158)) - HddsDatanode metrics system started (again)
2023-06-07 07:10:43,628 [main] INFO  ozone.HddsDatanodeService (HddsDatanodeService.java:start(258)) - HddsDatanodeService host:fv-az246-755.dmzl2ssfaldu3choa5k4qgfeyh.jx.internal.cloudapp.net ip:10.1.0.31
2023-06-07 07:10:43,665 [main] INFO  upgrade.AbstractLayoutVersionManager (AbstractLayoutVersionManager.java:init(83)) - Initializing Layout version manager with metadata layout = HADOOP_PRC_PORTS_IN_DATANODEDETAILS (version = 7), software layout = HADOOP_PRC_PORTS_IN_DATANODEDETAILS (version = 7)
2023-06-07 07:10:43,670 [main] INFO  statemachine.DatanodeStateMachine (DatanodeStateMachine.java:getEndPointTaskThreadPoolSize(271)) - Datanode State Machine Task Thread Pool size 2
2023-06-07 07:10:43,836 [main] INFO  volume.HddsVolume (HddsVolume.java:<init>(130)) - Creating HddsVolume: /home/runner/work/ozone/ozone/hadoop-ozone/integration-test/target/test-dir/MiniOzoneClusterImpl-28223e3b-fb3b-4559-a623-43dba3cd33a0/datanode-0/data-0/containers/hdds of storage type : DISK capacity : 9223372036854775807
2023-06-07 07:10:43,839 [main] INFO  volume.MutableVolumeSet (MutableVolumeSet.java:initializeVolumeSet(175)) - Added Volume : /home/runner/work/ozone/ozone/hadoop-ozone/integration-test/target/test-dir/MiniOzoneClusterImpl-28223e3b-fb3b-4559-a623-43dba3cd33a0/datanode-0/data-0/containers/hdds to VolumeSet
2023-06-07 07:10:43,840 [main] INFO  volume.ThrottledAsyncChecker (ThrottledAsyncChecker.java:schedule(141)) - Scheduling a check for /home/runner/work/ozone/ozone/hadoop-ozone/integration-test/target/test-dir/MiniOzoneClusterImpl-28223e3b-fb3b-4559-a623-43dba3cd33a0/datanode-0/data-0/containers/hdds
2023-06-07 07:10:43,871 [main] INFO  volume.StorageVolumeChecker (StorageVolumeChecker.java:checkAllVolumes(202)) - Scheduled health check for volume /home/runner/work/ozone/ozone/hadoop-ozone/integration-test/target/test-dir/MiniOzoneClusterImpl-28223e3b-fb3b-4559-a623-43dba3cd33a0/datanode-0/data-0/containers/hdds
2023-06-07 07:10:43,899 [main] INFO  volume.MutableVolumeSet (MutableVolumeSet.java:initializeVolumeSet(175)) - Added Volume : /home/runner/work/ozone/ozone/hadoop-ozone/integration-test/target/test-dir/MiniOzoneClusterImpl-28223e3b-fb3b-4559-a623-43dba3cd33a0/datanode-0/data/ratis to VolumeSet
2023-06-07 07:10:43,899 [main] INFO  volume.ThrottledAsyncChecker (ThrottledAsyncChecker.java:schedule(141)) - Scheduling a check for /home/runner/work/ozone/ozone/hadoop-ozone/integration-test/target/test-dir/MiniOzoneClusterImpl-28223e3b-fb3b-4559-a623-43dba3cd33a0/datanode-0/data/ratis
2023-06-07 07:10:43,899 [main] INFO  volume.StorageVolumeChecker (StorageVolumeChecker.java:checkAllVolumes(202)) - Scheduled health check for volume /home/runner/work/ozone/ozone/hadoop-ozone/integration-test/target/test-dir/MiniOzoneClusterImpl-28223e3b-fb3b-4559-a623-43dba3cd33a0/datanode-0/data/ratis
2023-06-07 07:10:43,931 [Thread-139] INFO  ozoneimpl.ContainerReader (ContainerReader.java:readVolume(175)) - Finish verifying containers on volume /home/runner/work/ozone/ozone/hadoop-ozone/integration-test/target/test-dir/MiniOzoneClusterImpl-28223e3b-fb3b-4559-a623-43dba3cd33a0/datanode-0/data-0/containers/hdds
2023-06-07 07:10:43,933 [main] INFO  ozoneimpl.OzoneContainer (OzoneContainer.java:buildContainerSet(303)) - Build ContainerSet costs 0s
2023-06-07 07:10:43,993 [main] INFO  audit.AuditLogger (AuditLogger.java:refreshDebugCmdSet(126)) - Refresh DebugCmdSet for DNAudit to [].
2023-06-07 07:10:44,033 [main] INFO  server.RaftServer (ConfUtils.java:logGet(46)) - raft.rpc.type = GRPC (default)
2023-06-07 07:10:44,034 [main] INFO  grpc.GrpcConfigKeys (ConfUtils.java:logFallback(53)) - raft.grpc.admin.host = null (fallback to raft.grpc.server.host)
2023-06-07 07:10:44,035 [main] INFO  grpc.GrpcConfigKeys (ConfUtils.java:logGet(46)) - raft.grpc.admin.port = 15013 (custom)
2023-06-07 07:10:44,035 [main] INFO  grpc.GrpcConfigKeys (ConfUtils.java:logFallback(53)) - raft.grpc.client.host = null (fallback to raft.grpc.server.host)
2023-06-07 07:10:44,035 [main] INFO  grpc.GrpcConfigKeys (ConfUtils.java:logGet(46)) - raft.grpc.client.port = 15012 (custom)
2023-06-07 07:10:44,035 [main] INFO  grpc.GrpcConfigKeys (ConfUtils.java:logGet(46)) - raft.grpc.server.host = null (default)
2023-06-07 07:10:44,036 [main] INFO  grpc.GrpcConfigKeys (ConfUtils.java:logGet(46)) - raft.grpc.server.port = 15014 (custom)
2023-06-07 07:10:44,036 [main] INFO  server.GrpcService (ConfUtils.java:logGet(46)) - raft.grpc.message.size.max = 32MB (=33554432) (custom)
2023-06-07 07:10:44,036 [main] INFO  server.RaftServerConfigKeys (ConfUtils.java:logGet(46)) - raft.server.log.appender.buffer.byte-limit = 33554432 (custom)
2023-06-07 07:10:44,036 [main] INFO  server.GrpcService (ConfUtils.java:logGet(46)) - raft.grpc.flow.control.window = 5MB (=5242880) (custom)
2023-06-07 07:10:44,036 [main] INFO  server.RaftServerConfigKeys (ConfUtils.java:logGet(46)) - raft.server.rpc.request.timeout = 60s (custom)
2023-06-07 07:10:44,037 [main] INFO  grpc.GrpcConfigKeys (ConfUtils.java:logGet(46)) - raft.grpc.server.heartbeat.channel = true (default)
2023-06-07 07:10:44,037 [main] INFO  grpc.GrpcConfigKeys (ConfUtils.java:logGet(46)) - raft.grpc.server.async.request.thread.pool.cached = true (default)
2023-06-07 07:10:44,037 [main] INFO  grpc.GrpcConfigKeys (ConfUtils.java:logGet(46)) - raft.grpc.server.async.request.thread.pool.size = 32 (default)
2023-06-07 07:10:44,041 [main] INFO  impl.DataStreamServerImpl (ConfUtils.java:logGet(46)) - raft.datastream.type = NETTY (custom)
2023-06-07 07:10:44,052 [main] INFO  server.RaftServerConfigKeys (ConfUtils.java:logGet(46)) - raft.server.data-stream.async.request.thread.pool.cached = false (default)
2023-06-07 07:10:44,053 [main] INFO  server.RaftServerConfigKeys (ConfUtils.java:logGet(46)) - raft.server.data-stream.async.request.thread.pool.size = 20 (custom)
2023-06-07 07:10:44,054 [main] INFO  server.RaftServerConfigKeys (ConfUtils.java:logGet(46)) - raft.server.data-stream.async.write.thread.pool.size = 16 (default)
2023-06-07 07:10:44,055 [main] INFO  server.RaftServerConfigKeys (ConfUtils.java:logGet(46)) - raft.server.data-stream.client.pool.size = 10 (default)
2023-06-07 07:10:44,058 [main] INFO  netty.NettyConfigKeys$DataStream (ConfUtils.java:logGet(46)) - raft.netty.dataStream.server.use-epoll = false (default)
2023-06-07 07:10:44,059 [main] INFO  netty.NettyConfigKeys$DataStream (ConfUtils.java:logGet(46)) - raft.netty.dataStream.server.boss-group.size = 0 (default)
2023-06-07 07:10:44,067 [main] INFO  netty.NettyConfigKeys$DataStream (ConfUtils.java:logGet(46)) - raft.netty.dataStream.server.worker-group.size = 0 (default)
2023-06-07 07:10:44,068 [main] INFO  netty.NettyConfigKeys$DataStream (ConfUtils.java:logGet(46)) - raft.netty.dataStream.server.tls.conf = null (default)
2023-06-07 07:10:44,070 [main] INFO  netty.NettyConfigKeys$DataStream (ConfUtils.java:logGet(46)) - raft.netty.dataStream.host = null (default)
2023-06-07 07:10:44,071 [main] INFO  netty.NettyConfigKeys$DataStream (ConfUtils.java:logGet(46)) - raft.netty.dataStream.port = 15015 (custom)
2023-06-07 07:10:44,082 [main] INFO  server.RaftServerConfigKeys (ConfUtils.java:logGet(46)) - raft.server.threadpool.proxy.cached = true (default)
2023-06-07 07:10:44,082 [main] INFO  server.RaftServerConfigKeys (ConfUtils.java:logGet(46)) - raft.server.threadpool.proxy.size = 0 (default)
2023-06-07 07:10:44,083 [main] INFO  server.RaftServerConfigKeys (ConfUtils.java:logGet(46)) - raft.server.rpc.slowness.timeout = 300s (custom)
2023-06-07 07:10:44,083 [main] INFO  server.RaftServerConfigKeys (ConfUtils.java:logGet(46)) - raft.server.leaderelection.leader.step-down.wait-time = 10s (default)
2023-06-07 07:10:44,084 [main] INFO  server.RaftServerConfigKeys (ConfUtils.java:logGet(46)) - raft.server.storage.dir = [/home/runner/work/ozone/ozone/hadoop-ozone/integration-test/target/test-dir/MiniOzoneClusterImpl-28223e3b-fb3b-4559-a623-43dba3cd33a0/datanode-0/data/ratis] (custom)
2023-06-07 07:10:44,099 [add60280-7665-46a7-8f97-112ab314f22d-NettyServerStreamRpc-bossGroup--thread1] INFO  logging.LoggingHandler (AbstractInternalLogger.java:log(148)) - [id: 0xbd31eeed] REGISTERED
2023-06-07 07:10:44,099 [add60280-7665-46a7-8f97-112ab314f22d-NettyServerStreamRpc-bossGroup--thread1] INFO  logging.LoggingHandler (AbstractInternalLogger.java:log(148)) - [id: 0xbd31eeed] BIND: 0.0.0.0/0.0.0.0:15015
2023-06-07 07:10:44,100 [add60280-7665-46a7-8f97-112ab314f22d-NettyServerStreamRpc-bossGroup--thread1] INFO  logging.LoggingHandler (AbstractInternalLogger.java:log(148)) - [id: 0xbd31eeed, L:/0:0:0:0:0:0:0:0:15015] ACTIVE
2023-06-07 07:10:44,120 [main] INFO  server.XceiverServerGrpc (XceiverServerGrpc.java:<init>(132)) - GrpcServer channel type EpollServerSocketChannel
2023-06-07 07:10:44,163 [main] INFO  replication.ReplicationSupervisor (ReplicationSupervisor.java:nodeStateUpdated(305)) - Node state updated to IN_SERVICE, scaling executor pool size to 10
2023-06-07 07:10:44,189 [main] INFO  token.OzoneBlockTokenSecretManager (OzoneSecretManager.java:updateCurrentKey(175)) - Updating current master key for generating tokens. Cert id 3430031981533
2023-06-07 07:10:44,224 [main] INFO  http.BaseHttpServer (BaseHttpServer.java:newHttpServer2BuilderForOzone(224)) - Starting Web-server for hddsDatanode at: http://0.0.0.0:15009
2023-06-07 07:10:44,224 [main] INFO  http.BaseHttpServer (BaseHttpServer.java:<init>(111)) - Hadoop Security Enabled: false Ozone Security Enabled: false Ozone HTTP Security Enabled: false 
2023-06-07 07:10:44,226 [main] WARN  server.AuthenticationFilter (AuthenticationFilter.java:constructSecretProvider(240)) - Unable to initialize FileSignerSecretProvider, falling back to use random secrets. Reason: Could not read signature secret file: /home/runner/hadoop-http-auth-signature-secret
2023-06-07 07:10:44,227 [main] INFO  http.HttpRequestLog (HttpRequestLog.java:getRequestLog(86)) - Http request log for http.requests.hddsDatanode is not defined
2023-06-07 07:10:44,229 [main] INFO  http.HttpServer2 (HttpServer2.java:addGlobalFilter(1031)) - Added global filter 'safety' (class=org.apache.hadoop.hdds.server.http.HttpServer2$QuotingInputFilter)
2023-06-07 07:10:44,230 [main] INFO  http.HttpServer2 (HttpServer2.java:addFilter(1007)) - Added filter static_user_filter (class=org.apache.hadoop.http.lib.StaticUserWebFilter$StaticUserFilter) to context hddsDatanode
2023-06-07 07:10:44,230 [main] INFO  http.HttpServer2 (HttpServer2.java:addFilter(1015)) - Added filter static_user_filter (class=org.apache.hadoop.http.lib.StaticUserWebFilter$StaticUserFilter) to context logs
2023-06-07 07:10:44,230 [main] INFO  http.HttpServer2 (HttpServer2.java:addFilter(1015)) - Added filter static_user_filter (class=org.apache.hadoop.http.lib.StaticUserWebFilter$StaticUserFilter) to context static
2023-06-07 07:10:44,231 [om1@group-C5BA1605619E-FollowerState] INFO  impl.FollowerState (FollowerState.java:run(143)) - om1@group-C5BA1605619E-FollowerState: change to CANDIDATE, lastRpcElapsedTime:1081755697ns, electionTimeout:1071ms
2023-06-07 07:10:44,231 [main] INFO  http.BaseHttpServer (BaseHttpServer.java:<init>(190)) - HTTP server of hddsDatanode uses base directory /home/runner/work/ozone/ozone/hadoop-ozone/integration-test/target/test-dir/MiniOzoneClusterImpl-28223e3b-fb3b-4559-a623-43dba3cd33a0/datanode-0/meta/webserver
2023-06-07 07:10:44,231 [main] INFO  http.HttpServer2 (HttpServer2.java:bindListener(1250)) - Jetty bound to port 15009
2023-06-07 07:10:44,232 [main] INFO  server.Server (Server.java:doStart(375)) - jetty-9.4.51.v20230217; built: 2023-02-17T08:19:37.309Z; git: b45c405e4544384de066f814ed42ae3dceacdd49; jvm 1.8.0_372-b07
2023-06-07 07:10:44,232 [om1@group-C5BA1605619E-FollowerState] INFO  impl.RoleInfo (RoleInfo.java:shutdownFollowerState(110)) - om1: shutdown om1@group-C5BA1605619E-FollowerState
2023-06-07 07:10:44,238 [om1@group-C5BA1605619E-FollowerState] INFO  server.RaftServer$Division (RaftServerImpl.java:setRole(329)) - om1@group-C5BA1605619E: changes role from  FOLLOWER to CANDIDATE at term 0 for changeToCandidate
2023-06-07 07:10:44,242 [main] INFO  server.session (DefaultSessionIdManager.java:doStart(334)) - DefaultSessionIdManager workerName=node0
2023-06-07 07:10:44,242 [main] INFO  server.session (DefaultSessionIdManager.java:doStart(339)) - No SessionScavenger set, using defaults
2023-06-07 07:10:44,242 [main] INFO  server.session (HouseKeeper.java:startScavenging(132)) - node0 Scavenging every 660000ms
2023-06-07 07:10:44,243 [main] INFO  handler.ContextHandler (ContextHandler.java:doStart(921)) - Started o.e.j.s.ServletContextHandler@20a2fe41{logs,/logs,file:///home/runner/work/ozone/ozone/hadoop-ozone/integration-test/target/log,AVAILABLE}
2023-06-07 07:10:44,244 [main] INFO  handler.ContextHandler (ContextHandler.java:doStart(921)) - Started o.e.j.s.ServletContextHandler@deaba61{static,/static,jar:file:/home/runner/.m2/repository/org/apache/ozone/hdds-container-service/1.4.0-SNAPSHOT/hdds-container-service-1.4.0-SNAPSHOT.jar!/webapps/static,AVAILABLE}
2023-06-07 07:10:44,246 [om1@group-C5BA1605619E-FollowerState] INFO  server.RaftServerConfigKeys (ConfUtils.java:logGet(46)) - raft.server.leaderelection.pre-vote = true (default)
2023-06-07 07:10:44,246 [om1@group-C5BA1605619E-FollowerState] INFO  impl.RoleInfo (RoleInfo.java:updateAndGet(139)) - om1: start om1@group-C5BA1605619E-LeaderElection1
2023-06-07 07:10:44,257 [om1@group-C5BA1605619E-LeaderElection1] INFO  impl.LeaderElection (LeaderElection.java:askForVotes(321)) - om1@group-C5BA1605619E-LeaderElection1 PRE_VOTE round 0: submit vote requests at term 0 for -1: peers:[om1|rpc:localhost:15007|priority:0|startupRole:FOLLOWER]|listeners:[], old=null
2023-06-07 07:10:44,258 [om1@group-C5BA1605619E-LeaderElection1] INFO  impl.LeaderElection (LeaderElection.java:askForVotes(323)) - om1@group-C5BA1605619E-LeaderElection1 PRE_VOTE round 0: result PASSED (term=0)
2023-06-07 07:10:44,261 [om1@group-C5BA1605619E-LeaderElection1] INFO  impl.LeaderElection (LeaderElection.java:askForVotes(321)) - om1@group-C5BA1605619E-LeaderElection1 ELECTION round 0: submit vote requests at term 1 for -1: peers:[om1|rpc:localhost:15007|priority:0|startupRole:FOLLOWER]|listeners:[], old=null
2023-06-07 07:10:44,262 [om1@group-C5BA1605619E-LeaderElection1] INFO  impl.LeaderElection (LeaderElection.java:askForVotes(323)) - om1@group-C5BA1605619E-LeaderElection1 ELECTION round 0: result PASSED (term=1)
2023-06-07 07:10:44,262 [om1@group-C5BA1605619E-LeaderElection1] INFO  impl.RoleInfo (RoleInfo.java:shutdownLeaderElection(130)) - om1: shutdown om1@group-C5BA1605619E-LeaderElection1
2023-06-07 07:10:44,263 [om1@group-C5BA1605619E-LeaderElection1] INFO  server.RaftServer$Division (RaftServerImpl.java:setRole(329)) - om1@group-C5BA1605619E: changes role from CANDIDATE to LEADER at term 1 for changeToLeader
2023-06-07 07:10:44,269 [om1@group-C5BA1605619E-LeaderElection1] INFO  server.RaftServer$Division (ServerState.java:setLeader(317)) - om1@group-C5BA1605619E: change Leader from null to om1 at term 1 for becomeLeader, leader elected after 2494ms
2023-06-07 07:10:44,292 [om1@group-C5BA1605619E-LeaderElection1] INFO  server.RaftServerConfigKeys (ConfUtils.java:logGet(46)) - raft.server.staging.catchup.gap = 1000 (default)
2023-06-07 07:10:44,308 [om1@group-C5BA1605619E-LeaderElection1] INFO  server.RaftServerConfigKeys (ConfUtils.java:logGet(46)) - raft.server.write.element-limit = 4096 (default)
2023-06-07 07:10:44,310 [om1@group-C5BA1605619E-LeaderElection1] INFO  server.RaftServerConfigKeys (ConfUtils.java:logGet(46)) - raft.server.write.byte-limit = 64MB (=67108864) (default)
2023-06-07 07:10:44,319 [om1@group-C5BA1605619E-LeaderElection1] INFO  server.RaftServerConfigKeys (ConfUtils.java:logGet(46)) - raft.server.watch.timeout = 10s (default)
2023-06-07 07:10:44,320 [om1@group-C5BA1605619E-LeaderElection1] INFO  server.RaftServerConfigKeys (ConfUtils.java:logGet(46)) - raft.server.watch.timeout.denomination = 1s (default)
2023-06-07 07:10:44,321 [om1@group-C5BA1605619E-LeaderElection1] INFO  server.RaftServerConfigKeys (ConfUtils.java:logGet(46)) - raft.server.watch.element-limit = 65536 (default)
2023-06-07 07:10:44,335 [om1@group-C5BA1605619E-LeaderElection1] INFO  server.RaftServerConfigKeys (ConfUtils.java:logGet(46)) - raft.server.write.element-limit = 4096 (default)
2023-06-07 07:10:44,474 [om1@group-C5BA1605619E-LeaderElection1] INFO  server.RaftServerConfigKeys (ConfUtils.java:logGet(46)) - raft.server.write.follower.gap.ratio.max = -1.0 (default)
2023-06-07 07:10:44,476 [om1@group-C5BA1605619E-LeaderElection1] INFO  impl.RoleInfo (RoleInfo.java:updateAndGet(139)) - om1: start om1@group-C5BA1605619E-LeaderStateImpl
2023-06-07 07:10:44,508 [om1@group-C5BA1605619E-LeaderElection1] INFO  segmented.SegmentedRaftLogWorker (SegmentedRaftLogWorker.java:startLogSegment(447)) - om1@group-C5BA1605619E-SegmentedRaftLogWorker: Starting segment from index:0
2023-06-07 07:10:44,580 [om1@group-C5BA1605619E-LeaderElection1] INFO  server.RaftServer$Division (ServerState.java:setRaftConf(434)) - om1@group-C5BA1605619E: set configuration 0: peers:[om1|rpc:localhost:15007|admin:|client:|dataStream:|priority:0|startupRole:FOLLOWER]|listeners:[], old=null
2023-06-07 07:10:44,643 [om1@group-C5BA1605619E-SegmentedRaftLogWorker] INFO  segmented.SegmentedRaftLogWorker (SegmentedRaftLogWorker.java:execute(651)) - om1@group-C5BA1605619E-SegmentedRaftLogWorker: created new log segment /home/runner/work/ozone/ozone/hadoop-ozone/integration-test/target/test-dir/MiniOzoneClusterImpl-28223e3b-fb3b-4559-a623-43dba3cd33a0/ozone-meta/ratis/bf265839-605b-3f16-9796-c5ba1605619e/current/log_inprogress_0
2023-06-07 07:10:44,738 [main] INFO  handler.ContextHandler (ContextHandler.java:doStart(921)) - Started o.e.j.w.WebAppContext@2635118a{hddsDatanode,/,file:///home/runner/work/ozone/ozone/hadoop-ozone/integration-test/target/test-dir/MiniOzoneClusterImpl-28223e3b-fb3b-4559-a623-43dba3cd33a0/datanode-0/meta/webserver/jetty-0_0_0_0-15009-hdds-container-service-1_4_0-SNAPSHOT_jar-_-any-5464062551543842711/webapp/,AVAILABLE}{jar:file:/home/runner/.m2/repository/org/apache/ozone/hdds-container-service/1.4.0-SNAPSHOT/hdds-container-service-1.4.0-SNAPSHOT.jar!/webapps/hddsDatanode}
2023-06-07 07:10:44,746 [main] INFO  server.AbstractConnector (AbstractConnector.java:doStart(333)) - Started ServerConnector@2ea45459{HTTP/1.1, (http/1.1)}{0.0.0.0:15009}
2023-06-07 07:10:44,746 [main] INFO  server.Server (Server.java:doStart(415)) - Started @11679ms
2023-06-07 07:10:44,747 [main] WARN  impl.MetricsSystemImpl (MetricsSystemImpl.java:register(279)) - Sink prometheus already exists!
2023-06-07 07:10:44,762 [main] INFO  http.BaseHttpServer (BaseHttpServer.java:updateConnectorAddress(344)) - HTTP server of hddsDatanode listening at http://0.0.0.0:15009
2023-06-07 07:10:44,766 [main] INFO  ipc.CallQueueManager (CallQueueManager.java:<init>(90)) - Using callQueue: class java.util.concurrent.LinkedBlockingQueue, queueCapacity: 100, scheduler: class org.apache.hadoop.ipc.DefaultRpcScheduler, ipcBackoff: false.
2023-06-07 07:10:44,767 [Socket Reader #1 for port 15010] INFO  ipc.Server (Server.java:run(1319)) - Starting Socket Reader #1 for port 15010
2023-06-07 07:10:44,769 [Listener at 0.0.0.0/15010] INFO  hdds.HddsUtils (HddsUtils.java:preserveThreadName(843)) - Restoring thread name: main
2023-06-07 07:10:44,771 [main] INFO  ozone.HddsDatanodeService (HddsDatanodeService.java:start(332)) - Datanode start with admins: [runner]
2023-06-07 07:10:44,771 [main] INFO  ozone.HddsDatanodeClientProtocolServer (HddsDatanodeClientProtocolServer.java:start(72)) - RPC server for Client /0.0.0.0:15010
2023-06-07 07:10:44,772 [IPC Server Responder] INFO  ipc.Server (Server.java:run(1558)) - IPC Server Responder: starting
2023-06-07 07:10:44,772 [IPC Server listener on 15010] INFO  ipc.Server (Server.java:run(1398)) - IPC Server listener on 15010: starting
2023-06-07 07:10:44,774 [main] WARN  impl.MetricRegistriesImpl (MetricRegistriesImpl.java:addReporterRegistration(111)) - New reporters are added after registries were created. Some metrics will be missing from the reporter. Please add reporter before adding any new registry.
2023-06-07 07:10:44,774 [main] WARN  impl.MetricRegistriesImpl (MetricRegistriesImpl.java:addReporterRegistration(111)) - New reporters are added after registries were created. Some metrics will be missing from the reporter. Please add reporter before adding any new registry.
2023-06-07 07:10:44,774 [main] INFO  impl.MetricsSystemImpl (MetricsSystemImpl.java:init(158)) - HddsDatanode metrics system started (again)
2023-06-07 07:10:44,786 [Datanode State Machine Daemon Thread] INFO  statemachine.DatanodeStateMachine (DatanodeStateMachine.java:lambda$startDaemon$0(523)) - Ozone container server started.
2023-06-07 07:10:44,797 [main] INFO  ozone.HddsDatanodeService (HddsDatanodeService.java:start(258)) - HddsDatanodeService host:fv-az246-755.dmzl2ssfaldu3choa5k4qgfeyh.jx.internal.cloudapp.net ip:10.1.0.31
2023-06-07 07:10:44,843 [main] INFO  upgrade.AbstractLayoutVersionManager (AbstractLayoutVersionManager.java:init(83)) - Initializing Layout version manager with metadata layout = HADOOP_PRC_PORTS_IN_DATANODEDETAILS (version = 7), software layout = HADOOP_PRC_PORTS_IN_DATANODEDETAILS (version = 7)
2023-06-07 07:10:44,844 [main] INFO  statemachine.DatanodeStateMachine (DatanodeStateMachine.java:getEndPointTaskThreadPoolSize(271)) - Datanode State Machine Task Thread Pool size 2
2023-06-07 07:10:44,856 [main] INFO  volume.HddsVolume (HddsVolume.java:<init>(130)) - Creating HddsVolume: /home/runner/work/ozone/ozone/hadoop-ozone/integration-test/target/test-dir/MiniOzoneClusterImpl-28223e3b-fb3b-4559-a623-43dba3cd33a0/datanode-1/data-0/containers/hdds of storage type : DISK capacity : 9223372036854775807
2023-06-07 07:10:44,856 [main] INFO  volume.MutableVolumeSet (MutableVolumeSet.java:initializeVolumeSet(175)) - Added Volume : /home/runner/work/ozone/ozone/hadoop-ozone/integration-test/target/test-dir/MiniOzoneClusterImpl-28223e3b-fb3b-4559-a623-43dba3cd33a0/datanode-1/data-0/containers/hdds to VolumeSet
2023-06-07 07:10:44,856 [main] INFO  volume.ThrottledAsyncChecker (ThrottledAsyncChecker.java:schedule(141)) - Scheduling a check for /home/runner/work/ozone/ozone/hadoop-ozone/integration-test/target/test-dir/MiniOzoneClusterImpl-28223e3b-fb3b-4559-a623-43dba3cd33a0/datanode-1/data-0/containers/hdds
2023-06-07 07:10:44,861 [main] INFO  volume.StorageVolumeChecker (StorageVolumeChecker.java:checkAllVolumes(202)) - Scheduled health check for volume /home/runner/work/ozone/ozone/hadoop-ozone/integration-test/target/test-dir/MiniOzoneClusterImpl-28223e3b-fb3b-4559-a623-43dba3cd33a0/datanode-1/data-0/containers/hdds
2023-06-07 07:10:44,866 [om1@group-C5BA1605619E-StateMachineUpdater] INFO  ratis.OzoneManagerStateMachine (OzoneManagerStateMachine.java:notifyConfigurationChanged(201)) - Received Configuration change notification from Ratis. New Peer list:
[id: "om1"
address: "localhost:15007"
startupRole: FOLLOWER
]
2023-06-07 07:10:44,888 [main] INFO  volume.MutableVolumeSet (MutableVolumeSet.java:initializeVolumeSet(175)) - Added Volume : /home/runner/work/ozone/ozone/hadoop-ozone/integration-test/target/test-dir/MiniOzoneClusterImpl-28223e3b-fb3b-4559-a623-43dba3cd33a0/datanode-1/data/ratis to VolumeSet
2023-06-07 07:10:44,889 [main] INFO  volume.ThrottledAsyncChecker (ThrottledAsyncChecker.java:schedule(141)) - Scheduling a check for /home/runner/work/ozone/ozone/hadoop-ozone/integration-test/target/test-dir/MiniOzoneClusterImpl-28223e3b-fb3b-4559-a623-43dba3cd33a0/datanode-1/data/ratis
2023-06-07 07:10:44,889 [main] INFO  volume.StorageVolumeChecker (StorageVolumeChecker.java:checkAllVolumes(202)) - Scheduled health check for volume /home/runner/work/ozone/ozone/hadoop-ozone/integration-test/target/test-dir/MiniOzoneClusterImpl-28223e3b-fb3b-4559-a623-43dba3cd33a0/datanode-1/data/ratis
2023-06-07 07:10:44,926 [Thread-158] INFO  ozoneimpl.ContainerReader (ContainerReader.java:readVolume(175)) - Finish verifying containers on volume /home/runner/work/ozone/ozone/hadoop-ozone/integration-test/target/test-dir/MiniOzoneClusterImpl-28223e3b-fb3b-4559-a623-43dba3cd33a0/datanode-1/data-0/containers/hdds
2023-06-07 07:10:44,927 [main] INFO  ozoneimpl.OzoneContainer (OzoneContainer.java:buildContainerSet(303)) - Build ContainerSet costs 0s
2023-06-07 07:10:44,932 [main] INFO  server.RaftServer (ConfUtils.java:logGet(46)) - raft.rpc.type = GRPC (default)
2023-06-07 07:10:44,932 [main] INFO  grpc.GrpcConfigKeys (ConfUtils.java:logFallback(53)) - raft.grpc.admin.host = null (fallback to raft.grpc.server.host)
2023-06-07 07:10:44,932 [main] INFO  grpc.GrpcConfigKeys (ConfUtils.java:logGet(46)) - raft.grpc.admin.port = 15022 (custom)
2023-06-07 07:10:44,932 [main] INFO  grpc.GrpcConfigKeys (ConfUtils.java:logFallback(53)) - raft.grpc.client.host = null (fallback to raft.grpc.server.host)
2023-06-07 07:10:44,933 [main] INFO  grpc.GrpcConfigKeys (ConfUtils.java:logGet(46)) - raft.grpc.client.port = 15021 (custom)
2023-06-07 07:10:44,933 [main] INFO  grpc.GrpcConfigKeys (ConfUtils.java:logGet(46)) - raft.grpc.server.host = null (default)
2023-06-07 07:10:44,933 [main] INFO  grpc.GrpcConfigKeys (ConfUtils.java:logGet(46)) - raft.grpc.server.port = 15023 (custom)
2023-06-07 07:10:44,933 [main] INFO  server.GrpcService (ConfUtils.java:logGet(46)) - raft.grpc.message.size.max = 32MB (=33554432) (custom)
2023-06-07 07:10:44,933 [main] INFO  server.RaftServerConfigKeys (ConfUtils.java:logGet(46)) - raft.server.log.appender.buffer.byte-limit = 33554432 (custom)
2023-06-07 07:10:44,934 [main] INFO  server.GrpcService (ConfUtils.java:logGet(46)) - raft.grpc.flow.control.window = 5MB (=5242880) (custom)
2023-06-07 07:10:44,934 [main] INFO  server.RaftServerConfigKeys (ConfUtils.java:logGet(46)) - raft.server.rpc.request.timeout = 60s (custom)
2023-06-07 07:10:44,934 [main] INFO  grpc.GrpcConfigKeys (ConfUtils.java:logGet(46)) - raft.grpc.server.heartbeat.channel = true (default)
2023-06-07 07:10:44,934 [main] INFO  grpc.GrpcConfigKeys (ConfUtils.java:logGet(46)) - raft.grpc.server.async.request.thread.pool.cached = true (default)
2023-06-07 07:10:44,934 [main] INFO  grpc.GrpcConfigKeys (ConfUtils.java:logGet(46)) - raft.grpc.server.async.request.thread.pool.size = 32 (default)
2023-06-07 07:10:44,940 [main] INFO  impl.DataStreamServerImpl (ConfUtils.java:logGet(46)) - raft.datastream.type = NETTY (custom)
2023-06-07 07:10:44,942 [main] INFO  server.RaftServerConfigKeys (ConfUtils.java:logGet(46)) - raft.server.data-stream.async.request.thread.pool.cached = false (default)
2023-06-07 07:10:44,942 [main] INFO  server.RaftServerConfigKeys (ConfUtils.java:logGet(46)) - raft.server.data-stream.async.request.thread.pool.size = 20 (custom)
2023-06-07 07:10:44,942 [main] INFO  server.RaftServerConfigKeys (ConfUtils.java:logGet(46)) - raft.server.data-stream.async.write.thread.pool.size = 16 (default)
2023-06-07 07:10:44,943 [main] INFO  server.RaftServerConfigKeys (ConfUtils.java:logGet(46)) - raft.server.data-stream.client.pool.size = 10 (default)
2023-06-07 07:10:44,944 [main] INFO  netty.NettyConfigKeys$DataStream (ConfUtils.java:logGet(46)) - raft.netty.dataStream.server.use-epoll = false (default)
2023-06-07 07:10:44,944 [main] INFO  netty.NettyConfigKeys$DataStream (ConfUtils.java:logGet(46)) - raft.netty.dataStream.server.boss-group.size = 0 (default)
2023-06-07 07:10:44,944 [main] INFO  netty.NettyConfigKeys$DataStream (ConfUtils.java:logGet(46)) - raft.netty.dataStream.server.worker-group.size = 0 (default)
2023-06-07 07:10:44,946 [main] INFO  netty.NettyConfigKeys$DataStream (ConfUtils.java:logGet(46)) - raft.netty.dataStream.server.tls.conf = null (default)
2023-06-07 07:10:44,946 [main] INFO  netty.NettyConfigKeys$DataStream (ConfUtils.java:logGet(46)) - raft.netty.dataStream.host = null (default)
2023-06-07 07:10:44,946 [main] INFO  netty.NettyConfigKeys$DataStream (ConfUtils.java:logGet(46)) - raft.netty.dataStream.port = 15024 (custom)
2023-06-07 07:10:44,952 [main] INFO  server.RaftServerConfigKeys (ConfUtils.java:logGet(46)) - raft.server.threadpool.proxy.cached = true (default)
2023-06-07 07:10:44,952 [main] INFO  server.RaftServerConfigKeys (ConfUtils.java:logGet(46)) - raft.server.threadpool.proxy.size = 0 (default)
2023-06-07 07:10:44,952 [main] INFO  server.RaftServerConfigKeys (ConfUtils.java:logGet(46)) - raft.server.rpc.slowness.timeout = 300s (custom)
2023-06-07 07:10:44,953 [main] INFO  server.RaftServerConfigKeys (ConfUtils.java:logGet(46)) - raft.server.leaderelection.leader.step-down.wait-time = 10s (default)
2023-06-07 07:10:44,953 [main] INFO  server.RaftServerConfigKeys (ConfUtils.java:logGet(46)) - raft.server.storage.dir = [/home/runner/work/ozone/ozone/hadoop-ozone/integration-test/target/test-dir/MiniOzoneClusterImpl-28223e3b-fb3b-4559-a623-43dba3cd33a0/datanode-1/data/ratis] (custom)
2023-06-07 07:10:44,958 [44d8f5b4-8dfc-4dc1-b3e0-dd93457af28b-NettyServerStreamRpc-bossGroup--thread1] INFO  logging.LoggingHandler (AbstractInternalLogger.java:log(148)) - [id: 0xa47db263] REGISTERED
2023-06-07 07:10:44,962 [44d8f5b4-8dfc-4dc1-b3e0-dd93457af28b-NettyServerStreamRpc-bossGroup--thread1] INFO  logging.LoggingHandler (AbstractInternalLogger.java:log(148)) - [id: 0xa47db263] BIND: 0.0.0.0/0.0.0.0:15024
2023-06-07 07:10:44,962 [44d8f5b4-8dfc-4dc1-b3e0-dd93457af28b-NettyServerStreamRpc-bossGroup--thread1] INFO  logging.LoggingHandler (AbstractInternalLogger.java:log(148)) - [id: 0xa47db263, L:/0:0:0:0:0:0:0:0:15024] ACTIVE
2023-06-07 07:10:44,963 [main] INFO  server.XceiverServerGrpc (XceiverServerGrpc.java:<init>(132)) - GrpcServer channel type EpollServerSocketChannel
2023-06-07 07:10:44,966 [main] INFO  replication.ReplicationSupervisor (ReplicationSupervisor.java:nodeStateUpdated(305)) - Node state updated to IN_SERVICE, scaling executor pool size to 10
2023-06-07 07:10:44,969 [main] INFO  token.OzoneBlockTokenSecretManager (OzoneSecretManager.java:updateCurrentKey(175)) - Updating current master key for generating tokens. Cert id 3430031981533
2023-06-07 07:10:44,976 [main] INFO  http.BaseHttpServer (BaseHttpServer.java:newHttpServer2BuilderForOzone(224)) - Starting Web-server for hddsDatanode at: http://0.0.0.0:15018
2023-06-07 07:10:44,976 [main] INFO  http.BaseHttpServer (BaseHttpServer.java:<init>(111)) - Hadoop Security Enabled: false Ozone Security Enabled: false Ozone HTTP Security Enabled: false 
2023-06-07 07:10:44,978 [main] WARN  server.AuthenticationFilter (AuthenticationFilter.java:constructSecretProvider(240)) - Unable to initialize FileSignerSecretProvider, falling back to use random secrets. Reason: Could not read signature secret file: /home/runner/hadoop-http-auth-signature-secret
2023-06-07 07:10:44,983 [main] INFO  http.HttpRequestLog (HttpRequestLog.java:getRequestLog(86)) - Http request log for http.requests.hddsDatanode is not defined
2023-06-07 07:10:44,985 [main] INFO  http.HttpServer2 (HttpServer2.java:addGlobalFilter(1031)) - Added global filter 'safety' (class=org.apache.hadoop.hdds.server.http.HttpServer2$QuotingInputFilter)
2023-06-07 07:10:44,986 [main] INFO  http.HttpServer2 (HttpServer2.java:addFilter(1007)) - Added filter static_user_filter (class=org.apache.hadoop.http.lib.StaticUserWebFilter$StaticUserFilter) to context hddsDatanode
2023-06-07 07:10:44,986 [main] INFO  http.HttpServer2 (HttpServer2.java:addFilter(1015)) - Added filter static_user_filter (class=org.apache.hadoop.http.lib.StaticUserWebFilter$StaticUserFilter) to context logs
2023-06-07 07:10:44,986 [main] INFO  http.HttpServer2 (HttpServer2.java:addFilter(1015)) - Added filter static_user_filter (class=org.apache.hadoop.http.lib.StaticUserWebFilter$StaticUserFilter) to context static
2023-06-07 07:10:44,987 [main] INFO  http.BaseHttpServer (BaseHttpServer.java:<init>(190)) - HTTP server of hddsDatanode uses base directory /home/runner/work/ozone/ozone/hadoop-ozone/integration-test/target/test-dir/MiniOzoneClusterImpl-28223e3b-fb3b-4559-a623-43dba3cd33a0/datanode-1/meta/webserver
2023-06-07 07:10:44,988 [main] INFO  http.HttpServer2 (HttpServer2.java:bindListener(1250)) - Jetty bound to port 15018
2023-06-07 07:10:44,988 [main] INFO  server.Server (Server.java:doStart(375)) - jetty-9.4.51.v20230217; built: 2023-02-17T08:19:37.309Z; git: b45c405e4544384de066f814ed42ae3dceacdd49; jvm 1.8.0_372-b07
2023-06-07 07:10:45,006 [main] INFO  server.session (DefaultSessionIdManager.java:doStart(334)) - DefaultSessionIdManager workerName=node0
2023-06-07 07:10:45,007 [main] INFO  server.session (DefaultSessionIdManager.java:doStart(339)) - No SessionScavenger set, using defaults
2023-06-07 07:10:45,007 [main] INFO  server.session (HouseKeeper.java:startScavenging(132)) - node0 Scavenging every 600000ms
2023-06-07 07:10:45,008 [main] INFO  handler.ContextHandler (ContextHandler.java:doStart(921)) - Started o.e.j.s.ServletContextHandler@4b77d20{logs,/logs,file:///home/runner/work/ozone/ozone/hadoop-ozone/integration-test/target/log,AVAILABLE}
2023-06-07 07:10:45,009 [main] INFO  handler.ContextHandler (ContextHandler.java:doStart(921)) - Started o.e.j.s.ServletContextHandler@efe3ed0{static,/static,jar:file:/home/runner/.m2/repository/org/apache/ozone/hdds-container-service/1.4.0-SNAPSHOT/hdds-container-service-1.4.0-SNAPSHOT.jar!/webapps/static,AVAILABLE}
2023-06-07 07:10:45,052 [Datanode State Machine Task Thread - 0] INFO  datanode.InitDatanodeState (InitDatanodeState.java:persistContainerDatanodeDetails(138)) - DatanodeDetails is persisted to /home/runner/work/ozone/ozone/hadoop-ozone/integration-test/target/test-dir/MiniOzoneClusterImpl-28223e3b-fb3b-4559-a623-43dba3cd33a0/datanode-0/meta/datanode.id
2023-06-07 07:10:45,246 [main] INFO  handler.ContextHandler (ContextHandler.java:doStart(921)) - Started o.e.j.w.WebAppContext@1393c8b{hddsDatanode,/,file:///home/runner/work/ozone/ozone/hadoop-ozone/integration-test/target/test-dir/MiniOzoneClusterImpl-28223e3b-fb3b-4559-a623-43dba3cd33a0/datanode-1/meta/webserver/jetty-0_0_0_0-15018-hdds-container-service-1_4_0-SNAPSHOT_jar-_-any-9090056511413743189/webapp/,AVAILABLE}{jar:file:/home/runner/.m2/repository/org/apache/ozone/hdds-container-service/1.4.0-SNAPSHOT/hdds-container-service-1.4.0-SNAPSHOT.jar!/webapps/hddsDatanode}
2023-06-07 07:10:45,248 [main] INFO  server.AbstractConnector (AbstractConnector.java:doStart(333)) - Started ServerConnector@7e03a6fb{HTTP/1.1, (http/1.1)}{0.0.0.0:15018}
2023-06-07 07:10:45,248 [main] INFO  server.Server (Server.java:doStart(415)) - Started @12181ms
2023-06-07 07:10:45,248 [main] WARN  impl.MetricsSystemImpl (MetricsSystemImpl.java:register(279)) - Sink prometheus already exists!
2023-06-07 07:10:45,249 [main] INFO  http.BaseHttpServer (BaseHttpServer.java:updateConnectorAddress(344)) - HTTP server of hddsDatanode listening at http://0.0.0.0:15018
2023-06-07 07:10:45,249 [main] INFO  ipc.CallQueueManager (CallQueueManager.java:<init>(90)) - Using callQueue: class java.util.concurrent.LinkedBlockingQueue, queueCapacity: 100, scheduler: class org.apache.hadoop.ipc.DefaultRpcScheduler, ipcBackoff: false.
2023-06-07 07:10:45,251 [Socket Reader #1 for port 15019] INFO  ipc.Server (Server.java:run(1319)) - Starting Socket Reader #1 for port 15019
2023-06-07 07:10:45,258 [Listener at 0.0.0.0/15019] INFO  hdds.HddsUtils (HddsUtils.java:preserveThreadName(843)) - Restoring thread name: main
2023-06-07 07:10:45,259 [main] INFO  ozone.HddsDatanodeService (HddsDatanodeService.java:start(332)) - Datanode start with admins: [runner]
2023-06-07 07:10:45,259 [main] INFO  ozone.HddsDatanodeClientProtocolServer (HddsDatanodeClientProtocolServer.java:start(72)) - RPC server for Client /0.0.0.0:15019
2023-06-07 07:10:45,259 [IPC Server Responder] INFO  ipc.Server (Server.java:run(1558)) - IPC Server Responder: starting
2023-06-07 07:10:45,262 [IPC Server listener on 15019] INFO  ipc.Server (Server.java:run(1398)) - IPC Server listener on 15019: starting
2023-06-07 07:10:45,262 [Datanode State Machine Daemon Thread] INFO  statemachine.DatanodeStateMachine (DatanodeStateMachine.java:lambda$startDaemon$0(523)) - Ozone container server started.
2023-06-07 07:10:45,264 [main] WARN  impl.MetricRegistriesImpl (MetricRegistriesImpl.java:addReporterRegistration(111)) - New reporters are added after registries were created. Some metrics will be missing from the reporter. Please add reporter before adding any new registry.
2023-06-07 07:10:45,265 [main] WARN  impl.MetricRegistriesImpl (MetricRegistriesImpl.java:addReporterRegistration(111)) - New reporters are added after registries were created. Some metrics will be missing from the reporter. Please add reporter before adding any new registry.
2023-06-07 07:10:45,265 [main] INFO  impl.MetricsSystemImpl (MetricsSystemImpl.java:init(158)) - HddsDatanode metrics system started (again)
2023-06-07 07:10:45,284 [main] INFO  ozone.HddsDatanodeService (HddsDatanodeService.java:start(258)) - HddsDatanodeService host:fv-az246-755.dmzl2ssfaldu3choa5k4qgfeyh.jx.internal.cloudapp.net ip:10.1.0.31
2023-06-07 07:10:45,299 [Datanode State Machine Task Thread - 0] INFO  datanode.InitDatanodeState (InitDatanodeState.java:persistContainerDatanodeDetails(138)) - DatanodeDetails is persisted to /home/runner/work/ozone/ozone/hadoop-ozone/integration-test/target/test-dir/MiniOzoneClusterImpl-28223e3b-fb3b-4559-a623-43dba3cd33a0/datanode-1/meta/datanode.id
2023-06-07 07:10:45,322 [main] INFO  upgrade.AbstractLayoutVersionManager (AbstractLayoutVersionManager.java:init(83)) - Initializing Layout version manager with metadata layout = HADOOP_PRC_PORTS_IN_DATANODEDETAILS (version = 7), software layout = HADOOP_PRC_PORTS_IN_DATANODEDETAILS (version = 7)
2023-06-07 07:10:45,324 [main] INFO  statemachine.DatanodeStateMachine (DatanodeStateMachine.java:getEndPointTaskThreadPoolSize(271)) - Datanode State Machine Task Thread Pool size 2
2023-06-07 07:10:45,327 [main] INFO  volume.HddsVolume (HddsVolume.java:<init>(130)) - Creating HddsVolume: /home/runner/work/ozone/ozone/hadoop-ozone/integration-test/target/test-dir/MiniOzoneClusterImpl-28223e3b-fb3b-4559-a623-43dba3cd33a0/datanode-2/data-0/containers/hdds of storage type : DISK capacity : 9223372036854775807
2023-06-07 07:10:45,328 [main] INFO  volume.MutableVolumeSet (MutableVolumeSet.java:initializeVolumeSet(175)) - Added Volume : /home/runner/work/ozone/ozone/hadoop-ozone/integration-test/target/test-dir/MiniOzoneClusterImpl-28223e3b-fb3b-4559-a623-43dba3cd33a0/datanode-2/data-0/containers/hdds to VolumeSet
2023-06-07 07:10:45,328 [main] INFO  volume.ThrottledAsyncChecker (ThrottledAsyncChecker.java:schedule(141)) - Scheduling a check for /home/runner/work/ozone/ozone/hadoop-ozone/integration-test/target/test-dir/MiniOzoneClusterImpl-28223e3b-fb3b-4559-a623-43dba3cd33a0/datanode-2/data-0/containers/hdds
2023-06-07 07:10:45,332 [main] INFO  volume.StorageVolumeChecker (StorageVolumeChecker.java:checkAllVolumes(202)) - Scheduled health check for volume /home/runner/work/ozone/ozone/hadoop-ozone/integration-test/target/test-dir/MiniOzoneClusterImpl-28223e3b-fb3b-4559-a623-43dba3cd33a0/datanode-2/data-0/containers/hdds
2023-06-07 07:10:45,347 [main] INFO  volume.MutableVolumeSet (MutableVolumeSet.java:initializeVolumeSet(175)) - Added Volume : /home/runner/work/ozone/ozone/hadoop-ozone/integration-test/target/test-dir/MiniOzoneClusterImpl-28223e3b-fb3b-4559-a623-43dba3cd33a0/datanode-2/data/ratis to VolumeSet
2023-06-07 07:10:45,347 [main] INFO  volume.ThrottledAsyncChecker (ThrottledAsyncChecker.java:schedule(141)) - Scheduling a check for /home/runner/work/ozone/ozone/hadoop-ozone/integration-test/target/test-dir/MiniOzoneClusterImpl-28223e3b-fb3b-4559-a623-43dba3cd33a0/datanode-2/data/ratis
2023-06-07 07:10:45,348 [main] INFO  volume.StorageVolumeChecker (StorageVolumeChecker.java:checkAllVolumes(202)) - Scheduled health check for volume /home/runner/work/ozone/ozone/hadoop-ozone/integration-test/target/test-dir/MiniOzoneClusterImpl-28223e3b-fb3b-4559-a623-43dba3cd33a0/datanode-2/data/ratis
2023-06-07 07:10:45,363 [Thread-175] INFO  ozoneimpl.ContainerReader (ContainerReader.java:readVolume(175)) - Finish verifying containers on volume /home/runner/work/ozone/ozone/hadoop-ozone/integration-test/target/test-dir/MiniOzoneClusterImpl-28223e3b-fb3b-4559-a623-43dba3cd33a0/datanode-2/data-0/containers/hdds
2023-06-07 07:10:45,363 [main] INFO  ozoneimpl.OzoneContainer (OzoneContainer.java:buildContainerSet(303)) - Build ContainerSet costs 0s
2023-06-07 07:10:45,366 [main] INFO  server.RaftServer (ConfUtils.java:logGet(46)) - raft.rpc.type = GRPC (default)
2023-06-07 07:10:45,367 [main] INFO  grpc.GrpcConfigKeys (ConfUtils.java:logFallback(53)) - raft.grpc.admin.host = null (fallback to raft.grpc.server.host)
2023-06-07 07:10:45,367 [main] INFO  grpc.GrpcConfigKeys (ConfUtils.java:logGet(46)) - raft.grpc.admin.port = 15031 (custom)
2023-06-07 07:10:45,367 [main] INFO  grpc.GrpcConfigKeys (ConfUtils.java:logFallback(53)) - raft.grpc.client.host = null (fallback to raft.grpc.server.host)
2023-06-07 07:10:45,367 [main] INFO  grpc.GrpcConfigKeys (ConfUtils.java:logGet(46)) - raft.grpc.client.port = 15030 (custom)
2023-06-07 07:10:45,367 [main] INFO  grpc.GrpcConfigKeys (ConfUtils.java:logGet(46)) - raft.grpc.server.host = null (default)
2023-06-07 07:10:45,367 [main] INFO  grpc.GrpcConfigKeys (ConfUtils.java:logGet(46)) - raft.grpc.server.port = 15032 (custom)
2023-06-07 07:10:45,368 [main] INFO  server.GrpcService (ConfUtils.java:logGet(46)) - raft.grpc.message.size.max = 32MB (=33554432) (custom)
2023-06-07 07:10:45,368 [main] INFO  server.RaftServerConfigKeys (ConfUtils.java:logGet(46)) - raft.server.log.appender.buffer.byte-limit = 33554432 (custom)
2023-06-07 07:10:45,368 [main] INFO  server.GrpcService (ConfUtils.java:logGet(46)) - raft.grpc.flow.control.window = 5MB (=5242880) (custom)
2023-06-07 07:10:45,368 [main] INFO  server.RaftServerConfigKeys (ConfUtils.java:logGet(46)) - raft.server.rpc.request.timeout = 60s (custom)
2023-06-07 07:10:45,368 [main] INFO  grpc.GrpcConfigKeys (ConfUtils.java:logGet(46)) - raft.grpc.server.heartbeat.channel = true (default)
2023-06-07 07:10:45,368 [main] INFO  grpc.GrpcConfigKeys (ConfUtils.java:logGet(46)) - raft.grpc.server.async.request.thread.pool.cached = true (default)
2023-06-07 07:10:45,368 [main] INFO  grpc.GrpcConfigKeys (ConfUtils.java:logGet(46)) - raft.grpc.server.async.request.thread.pool.size = 32 (default)
2023-06-07 07:10:45,371 [main] INFO  impl.DataStreamServerImpl (ConfUtils.java:logGet(46)) - raft.datastream.type = NETTY (custom)
2023-06-07 07:10:45,372 [main] INFO  server.RaftServerConfigKeys (ConfUtils.java:logGet(46)) - raft.server.data-stream.async.request.thread.pool.cached = false (default)
2023-06-07 07:10:45,372 [main] INFO  server.RaftServerConfigKeys (ConfUtils.java:logGet(46)) - raft.server.data-stream.async.request.thread.pool.size = 20 (custom)
2023-06-07 07:10:45,372 [main] INFO  server.RaftServerConfigKeys (ConfUtils.java:logGet(46)) - raft.server.data-stream.async.write.thread.pool.size = 16 (default)
2023-06-07 07:10:45,372 [main] INFO  server.RaftServerConfigKeys (ConfUtils.java:logGet(46)) - raft.server.data-stream.client.pool.size = 10 (default)
2023-06-07 07:10:45,372 [main] INFO  netty.NettyConfigKeys$DataStream (ConfUtils.java:logGet(46)) - raft.netty.dataStream.server.use-epoll = false (default)
2023-06-07 07:10:45,372 [main] INFO  netty.NettyConfigKeys$DataStream (ConfUtils.java:logGet(46)) - raft.netty.dataStream.server.boss-group.size = 0 (default)
2023-06-07 07:10:45,373 [main] INFO  netty.NettyConfigKeys$DataStream (ConfUtils.java:logGet(46)) - raft.netty.dataStream.server.worker-group.size = 0 (default)
2023-06-07 07:10:45,373 [main] INFO  netty.NettyConfigKeys$DataStream (ConfUtils.java:logGet(46)) - raft.netty.dataStream.server.tls.conf = null (default)
2023-06-07 07:10:45,374 [main] INFO  netty.NettyConfigKeys$DataStream (ConfUtils.java:logGet(46)) - raft.netty.dataStream.host = null (default)
2023-06-07 07:10:45,374 [main] INFO  netty.NettyConfigKeys$DataStream (ConfUtils.java:logGet(46)) - raft.netty.dataStream.port = 15033 (custom)
2023-06-07 07:10:45,374 [main] INFO  server.RaftServerConfigKeys (ConfUtils.java:logGet(46)) - raft.server.threadpool.proxy.cached = true (default)
2023-06-07 07:10:45,375 [main] INFO  server.RaftServerConfigKeys (ConfUtils.java:logGet(46)) - raft.server.threadpool.proxy.size = 0 (default)
2023-06-07 07:10:45,375 [main] INFO  server.RaftServerConfigKeys (ConfUtils.java:logGet(46)) - raft.server.rpc.slowness.timeout = 300s (custom)
2023-06-07 07:10:45,375 [main] INFO  server.RaftServerConfigKeys (ConfUtils.java:logGet(46)) - raft.server.leaderelection.leader.step-down.wait-time = 10s (default)
2023-06-07 07:10:45,375 [main] INFO  server.RaftServerConfigKeys (ConfUtils.java:logGet(46)) - raft.server.storage.dir = [/home/runner/work/ozone/ozone/hadoop-ozone/integration-test/target/test-dir/MiniOzoneClusterImpl-28223e3b-fb3b-4559-a623-43dba3cd33a0/datanode-2/data/ratis] (custom)
2023-06-07 07:10:45,383 [2912fda5-c0b1-4d9e-ac44-fd313bf4d5ec-NettyServerStreamRpc-bossGroup--thread1] INFO  logging.LoggingHandler (AbstractInternalLogger.java:log(148)) - [id: 0xb5a3073f] REGISTERED
2023-06-07 07:10:45,384 [main] INFO  server.XceiverServerGrpc (XceiverServerGrpc.java:<init>(132)) - GrpcServer channel type EpollServerSocketChannel
2023-06-07 07:10:45,384 [2912fda5-c0b1-4d9e-ac44-fd313bf4d5ec-NettyServerStreamRpc-bossGroup--thread1] INFO  logging.LoggingHandler (AbstractInternalLogger.java:log(148)) - [id: 0xb5a3073f] BIND: 0.0.0.0/0.0.0.0:15033
2023-06-07 07:10:45,385 [2912fda5-c0b1-4d9e-ac44-fd313bf4d5ec-NettyServerStreamRpc-bossGroup--thread1] INFO  logging.LoggingHandler (AbstractInternalLogger.java:log(148)) - [id: 0xb5a3073f, L:/0:0:0:0:0:0:0:0:15033] ACTIVE
2023-06-07 07:10:45,387 [main] INFO  replication.ReplicationSupervisor (ReplicationSupervisor.java:nodeStateUpdated(305)) - Node state updated to IN_SERVICE, scaling executor pool size to 10
2023-06-07 07:10:45,389 [main] INFO  token.OzoneBlockTokenSecretManager (OzoneSecretManager.java:updateCurrentKey(175)) - Updating current master key for generating tokens. Cert id 3430031981533
2023-06-07 07:10:45,390 [main] INFO  http.BaseHttpServer (BaseHttpServer.java:newHttpServer2BuilderForOzone(224)) - Starting Web-server for hddsDatanode at: http://0.0.0.0:15027
2023-06-07 07:10:45,391 [main] INFO  http.BaseHttpServer (BaseHttpServer.java:<init>(111)) - Hadoop Security Enabled: false Ozone Security Enabled: false Ozone HTTP Security Enabled: false 
2023-06-07 07:10:45,392 [main] WARN  server.AuthenticationFilter (AuthenticationFilter.java:constructSecretProvider(240)) - Unable to initialize FileSignerSecretProvider, falling back to use random secrets. Reason: Could not read signature secret file: /home/runner/hadoop-http-auth-signature-secret
2023-06-07 07:10:45,393 [main] INFO  http.HttpRequestLog (HttpRequestLog.java:getRequestLog(86)) - Http request log for http.requests.hddsDatanode is not defined
2023-06-07 07:10:45,397 [main] INFO  http.HttpServer2 (HttpServer2.java:addGlobalFilter(1031)) - Added global filter 'safety' (class=org.apache.hadoop.hdds.server.http.HttpServer2$QuotingInputFilter)
2023-06-07 07:10:45,399 [main] INFO  http.HttpServer2 (HttpServer2.java:addFilter(1007)) - Added filter static_user_filter (class=org.apache.hadoop.http.lib.StaticUserWebFilter$StaticUserFilter) to context hddsDatanode
2023-06-07 07:10:45,399 [main] INFO  http.HttpServer2 (HttpServer2.java:addFilter(1015)) - Added filter static_user_filter (class=org.apache.hadoop.http.lib.StaticUserWebFilter$StaticUserFilter) to context logs
2023-06-07 07:10:45,399 [main] INFO  http.HttpServer2 (HttpServer2.java:addFilter(1015)) - Added filter static_user_filter (class=org.apache.hadoop.http.lib.StaticUserWebFilter$StaticUserFilter) to context static
2023-06-07 07:10:45,400 [main] INFO  http.BaseHttpServer (BaseHttpServer.java:<init>(190)) - HTTP server of hddsDatanode uses base directory /home/runner/work/ozone/ozone/hadoop-ozone/integration-test/target/test-dir/MiniOzoneClusterImpl-28223e3b-fb3b-4559-a623-43dba3cd33a0/datanode-2/meta/webserver
2023-06-07 07:10:45,403 [main] INFO  http.HttpServer2 (HttpServer2.java:bindListener(1250)) - Jetty bound to port 15027
2023-06-07 07:10:45,403 [main] INFO  server.Server (Server.java:doStart(375)) - jetty-9.4.51.v20230217; built: 2023-02-17T08:19:37.309Z; git: b45c405e4544384de066f814ed42ae3dceacdd49; jvm 1.8.0_372-b07
2023-06-07 07:10:45,406 [main] INFO  server.session (DefaultSessionIdManager.java:doStart(334)) - DefaultSessionIdManager workerName=node0
2023-06-07 07:10:45,406 [main] INFO  server.session (DefaultSessionIdManager.java:doStart(339)) - No SessionScavenger set, using defaults
2023-06-07 07:10:45,407 [main] INFO  server.session (HouseKeeper.java:startScavenging(132)) - node0 Scavenging every 600000ms
2023-06-07 07:10:45,408 [main] INFO  handler.ContextHandler (ContextHandler.java:doStart(921)) - Started o.e.j.s.ServletContextHandler@507c1e19{logs,/logs,file:///home/runner/work/ozone/ozone/hadoop-ozone/integration-test/target/log,AVAILABLE}
2023-06-07 07:10:45,408 [main] INFO  handler.ContextHandler (ContextHandler.java:doStart(921)) - Started o.e.j.s.ServletContextHandler@4906e4cd{static,/static,jar:file:/home/runner/.m2/repository/org/apache/ozone/hdds-container-service/1.4.0-SNAPSHOT/hdds-container-service-1.4.0-SNAPSHOT.jar!/webapps/static,AVAILABLE}
2023-06-07 07:10:45,638 [main] INFO  handler.ContextHandler (ContextHandler.java:doStart(921)) - Started o.e.j.w.WebAppContext@12c25f3{hddsDatanode,/,file:///home/runner/work/ozone/ozone/hadoop-ozone/integration-test/target/test-dir/MiniOzoneClusterImpl-28223e3b-fb3b-4559-a623-43dba3cd33a0/datanode-2/meta/webserver/jetty-0_0_0_0-15027-hdds-container-service-1_4_0-SNAPSHOT_jar-_-any-382940910790187995/webapp/,AVAILABLE}{jar:file:/home/runner/.m2/repository/org/apache/ozone/hdds-container-service/1.4.0-SNAPSHOT/hdds-container-service-1.4.0-SNAPSHOT.jar!/webapps/hddsDatanode}
2023-06-07 07:10:45,640 [main] INFO  server.AbstractConnector (AbstractConnector.java:doStart(333)) - Started ServerConnector@52c3818d{HTTP/1.1, (http/1.1)}{0.0.0.0:15027}
2023-06-07 07:10:45,640 [main] INFO  server.Server (Server.java:doStart(415)) - Started @12573ms
2023-06-07 07:10:45,640 [main] WARN  impl.MetricsSystemImpl (MetricsSystemImpl.java:register(279)) - Sink prometheus already exists!
2023-06-07 07:10:45,641 [main] INFO  http.BaseHttpServer (BaseHttpServer.java:updateConnectorAddress(344)) - HTTP server of hddsDatanode listening at http://0.0.0.0:15027
2023-06-07 07:10:45,641 [main] INFO  ipc.CallQueueManager (CallQueueManager.java:<init>(90)) - Using callQueue: class java.util.concurrent.LinkedBlockingQueue, queueCapacity: 100, scheduler: class org.apache.hadoop.ipc.DefaultRpcScheduler, ipcBackoff: false.
2023-06-07 07:10:45,642 [Socket Reader #1 for port 15028] INFO  ipc.Server (Server.java:run(1319)) - Starting Socket Reader #1 for port 15028
2023-06-07 07:10:45,650 [Listener at 0.0.0.0/15028] INFO  hdds.HddsUtils (HddsUtils.java:preserveThreadName(843)) - Restoring thread name: main
2023-06-07 07:10:45,650 [main] INFO  ozone.HddsDatanodeService (HddsDatanodeService.java:start(332)) - Datanode start with admins: [runner]
2023-06-07 07:10:45,651 [main] INFO  ozone.HddsDatanodeClientProtocolServer (HddsDatanodeClientProtocolServer.java:start(72)) - RPC server for Client /0.0.0.0:15028
2023-06-07 07:10:45,652 [IPC Server listener on 15028] INFO  ipc.Server (Server.java:run(1398)) - IPC Server listener on 15028: starting
2023-06-07 07:10:45,652 [IPC Server Responder] INFO  ipc.Server (Server.java:run(1558)) - IPC Server Responder: starting
2023-06-07 07:10:45,652 [main] WARN  impl.MetricRegistriesImpl (MetricRegistriesImpl.java:addReporterRegistration(111)) - New reporters are added after registries were created. Some metrics will be missing from the reporter. Please add reporter before adding any new registry.
2023-06-07 07:10:45,658 [main] WARN  impl.MetricRegistriesImpl (MetricRegistriesImpl.java:addReporterRegistration(111)) - New reporters are added after registries were created. Some metrics will be missing from the reporter. Please add reporter before adding any new registry.
2023-06-07 07:10:45,652 [Datanode State Machine Daemon Thread] INFO  statemachine.DatanodeStateMachine (DatanodeStateMachine.java:lambda$startDaemon$0(523)) - Ozone container server started.
2023-06-07 07:10:45,658 [main] INFO  impl.MetricsSystemImpl (MetricsSystemImpl.java:init(158)) - HddsDatanode metrics system started (again)
2023-06-07 07:10:45,680 [main] INFO  ozone.HddsDatanodeService (HddsDatanodeService.java:start(258)) - HddsDatanodeService host:fv-az246-755.dmzl2ssfaldu3choa5k4qgfeyh.jx.internal.cloudapp.net ip:10.1.0.31
2023-06-07 07:10:45,687 [Datanode State Machine Task Thread - 0] INFO  datanode.InitDatanodeState (InitDatanodeState.java:persistContainerDatanodeDetails(138)) - DatanodeDetails is persisted to /home/runner/work/ozone/ozone/hadoop-ozone/integration-test/target/test-dir/MiniOzoneClusterImpl-28223e3b-fb3b-4559-a623-43dba3cd33a0/datanode-2/meta/datanode.id
2023-06-07 07:10:45,712 [main] INFO  upgrade.AbstractLayoutVersionManager (AbstractLayoutVersionManager.java:init(83)) - Initializing Layout version manager with metadata layout = HADOOP_PRC_PORTS_IN_DATANODEDETAILS (version = 7), software layout = HADOOP_PRC_PORTS_IN_DATANODEDETAILS (version = 7)
2023-06-07 07:10:45,714 [main] INFO  statemachine.DatanodeStateMachine (DatanodeStateMachine.java:getEndPointTaskThreadPoolSize(271)) - Datanode State Machine Task Thread Pool size 2
2023-06-07 07:10:45,722 [main] INFO  volume.HddsVolume (HddsVolume.java:<init>(130)) - Creating HddsVolume: /home/runner/work/ozone/ozone/hadoop-ozone/integration-test/target/test-dir/MiniOzoneClusterImpl-28223e3b-fb3b-4559-a623-43dba3cd33a0/datanode-3/data-0/containers/hdds of storage type : DISK capacity : 9223372036854775807
2023-06-07 07:10:45,722 [main] INFO  volume.MutableVolumeSet (MutableVolumeSet.java:initializeVolumeSet(175)) - Added Volume : /home/runner/work/ozone/ozone/hadoop-ozone/integration-test/target/test-dir/MiniOzoneClusterImpl-28223e3b-fb3b-4559-a623-43dba3cd33a0/datanode-3/data-0/containers/hdds to VolumeSet
2023-06-07 07:10:45,723 [main] INFO  volume.ThrottledAsyncChecker (ThrottledAsyncChecker.java:schedule(141)) - Scheduling a check for /home/runner/work/ozone/ozone/hadoop-ozone/integration-test/target/test-dir/MiniOzoneClusterImpl-28223e3b-fb3b-4559-a623-43dba3cd33a0/datanode-3/data-0/containers/hdds
2023-06-07 07:10:45,724 [main] INFO  volume.StorageVolumeChecker (StorageVolumeChecker.java:checkAllVolumes(202)) - Scheduled health check for volume /home/runner/work/ozone/ozone/hadoop-ozone/integration-test/target/test-dir/MiniOzoneClusterImpl-28223e3b-fb3b-4559-a623-43dba3cd33a0/datanode-3/data-0/containers/hdds
2023-06-07 07:10:45,739 [main] INFO  volume.MutableVolumeSet (MutableVolumeSet.java:initializeVolumeSet(175)) - Added Volume : /home/runner/work/ozone/ozone/hadoop-ozone/integration-test/target/test-dir/MiniOzoneClusterImpl-28223e3b-fb3b-4559-a623-43dba3cd33a0/datanode-3/data/ratis to VolumeSet
2023-06-07 07:10:45,739 [main] INFO  volume.ThrottledAsyncChecker (ThrottledAsyncChecker.java:schedule(141)) - Scheduling a check for /home/runner/work/ozone/ozone/hadoop-ozone/integration-test/target/test-dir/MiniOzoneClusterImpl-28223e3b-fb3b-4559-a623-43dba3cd33a0/datanode-3/data/ratis
2023-06-07 07:10:45,739 [main] INFO  volume.StorageVolumeChecker (StorageVolumeChecker.java:checkAllVolumes(202)) - Scheduled health check for volume /home/runner/work/ozone/ozone/hadoop-ozone/integration-test/target/test-dir/MiniOzoneClusterImpl-28223e3b-fb3b-4559-a623-43dba3cd33a0/datanode-3/data/ratis
2023-06-07 07:10:45,756 [Thread-192] INFO  ozoneimpl.ContainerReader (ContainerReader.java:readVolume(175)) - Finish verifying containers on volume /home/runner/work/ozone/ozone/hadoop-ozone/integration-test/target/test-dir/MiniOzoneClusterImpl-28223e3b-fb3b-4559-a623-43dba3cd33a0/datanode-3/data-0/containers/hdds
2023-06-07 07:10:45,756 [main] INFO  ozoneimpl.OzoneContainer (OzoneContainer.java:buildContainerSet(303)) - Build ContainerSet costs 0s
2023-06-07 07:10:45,760 [main] INFO  server.RaftServer (ConfUtils.java:logGet(46)) - raft.rpc.type = GRPC (default)
2023-06-07 07:10:45,760 [main] INFO  grpc.GrpcConfigKeys (ConfUtils.java:logFallback(53)) - raft.grpc.admin.host = null (fallback to raft.grpc.server.host)
2023-06-07 07:10:45,760 [main] INFO  grpc.GrpcConfigKeys (ConfUtils.java:logGet(46)) - raft.grpc.admin.port = 15040 (custom)
2023-06-07 07:10:45,760 [main] INFO  grpc.GrpcConfigKeys (ConfUtils.java:logFallback(53)) - raft.grpc.client.host = null (fallback to raft.grpc.server.host)
2023-06-07 07:10:45,760 [main] INFO  grpc.GrpcConfigKeys (ConfUtils.java:logGet(46)) - raft.grpc.client.port = 15039 (custom)
2023-06-07 07:10:45,760 [main] INFO  grpc.GrpcConfigKeys (ConfUtils.java:logGet(46)) - raft.grpc.server.host = null (default)
2023-06-07 07:10:45,761 [main] INFO  grpc.GrpcConfigKeys (ConfUtils.java:logGet(46)) - raft.grpc.server.port = 15041 (custom)
2023-06-07 07:10:45,761 [main] INFO  server.GrpcService (ConfUtils.java:logGet(46)) - raft.grpc.message.size.max = 32MB (=33554432) (custom)
2023-06-07 07:10:45,761 [main] INFO  server.RaftServerConfigKeys (ConfUtils.java:logGet(46)) - raft.server.log.appender.buffer.byte-limit = 33554432 (custom)
2023-06-07 07:10:45,761 [main] INFO  server.GrpcService (ConfUtils.java:logGet(46)) - raft.grpc.flow.control.window = 5MB (=5242880) (custom)
2023-06-07 07:10:45,765 [main] INFO  server.RaftServerConfigKeys (ConfUtils.java:logGet(46)) - raft.server.rpc.request.timeout = 60s (custom)
2023-06-07 07:10:45,766 [main] INFO  grpc.GrpcConfigKeys (ConfUtils.java:logGet(46)) - raft.grpc.server.heartbeat.channel = true (default)
2023-06-07 07:10:45,766 [main] INFO  grpc.GrpcConfigKeys (ConfUtils.java:logGet(46)) - raft.grpc.server.async.request.thread.pool.cached = true (default)
2023-06-07 07:10:45,766 [main] INFO  grpc.GrpcConfigKeys (ConfUtils.java:logGet(46)) - raft.grpc.server.async.request.thread.pool.size = 32 (default)
2023-06-07 07:10:45,770 [main] INFO  impl.DataStreamServerImpl (ConfUtils.java:logGet(46)) - raft.datastream.type = NETTY (custom)
2023-06-07 07:10:45,770 [main] INFO  server.RaftServerConfigKeys (ConfUtils.java:logGet(46)) - raft.server.data-stream.async.request.thread.pool.cached = false (default)
2023-06-07 07:10:45,771 [main] INFO  server.RaftServerConfigKeys (ConfUtils.java:logGet(46)) - raft.server.data-stream.async.request.thread.pool.size = 20 (custom)
2023-06-07 07:10:45,771 [main] INFO  server.RaftServerConfigKeys (ConfUtils.java:logGet(46)) - raft.server.data-stream.async.write.thread.pool.size = 16 (default)
2023-06-07 07:10:45,771 [main] INFO  server.RaftServerConfigKeys (ConfUtils.java:logGet(46)) - raft.server.data-stream.client.pool.size = 10 (default)
2023-06-07 07:10:45,771 [main] INFO  netty.NettyConfigKeys$DataStream (ConfUtils.java:logGet(46)) - raft.netty.dataStream.server.use-epoll = false (default)
2023-06-07 07:10:45,771 [main] INFO  netty.NettyConfigKeys$DataStream (ConfUtils.java:logGet(46)) - raft.netty.dataStream.server.boss-group.size = 0 (default)
2023-06-07 07:10:45,772 [main] INFO  netty.NettyConfigKeys$DataStream (ConfUtils.java:logGet(46)) - raft.netty.dataStream.server.worker-group.size = 0 (default)
2023-06-07 07:10:45,772 [main] INFO  netty.NettyConfigKeys$DataStream (ConfUtils.java:logGet(46)) - raft.netty.dataStream.server.tls.conf = null (default)
2023-06-07 07:10:45,772 [main] INFO  netty.NettyConfigKeys$DataStream (ConfUtils.java:logGet(46)) - raft.netty.dataStream.host = null (default)
2023-06-07 07:10:45,773 [main] INFO  netty.NettyConfigKeys$DataStream (ConfUtils.java:logGet(46)) - raft.netty.dataStream.port = 15042 (custom)
2023-06-07 07:10:45,773 [main] INFO  server.RaftServerConfigKeys (ConfUtils.java:logGet(46)) - raft.server.threadpool.proxy.cached = true (default)
2023-06-07 07:10:45,773 [main] INFO  server.RaftServerConfigKeys (ConfUtils.java:logGet(46)) - raft.server.threadpool.proxy.size = 0 (default)
2023-06-07 07:10:45,774 [main] INFO  server.RaftServerConfigKeys (ConfUtils.java:logGet(46)) - raft.server.rpc.slowness.timeout = 300s (custom)
2023-06-07 07:10:45,774 [main] INFO  server.RaftServerConfigKeys (ConfUtils.java:logGet(46)) - raft.server.leaderelection.leader.step-down.wait-time = 10s (default)
2023-06-07 07:10:45,774 [main] INFO  server.RaftServerConfigKeys (ConfUtils.java:logGet(46)) - raft.server.storage.dir = [/home/runner/work/ozone/ozone/hadoop-ozone/integration-test/target/test-dir/MiniOzoneClusterImpl-28223e3b-fb3b-4559-a623-43dba3cd33a0/datanode-3/data/ratis] (custom)
2023-06-07 07:10:45,780 [4867cc16-78cf-4276-b1e1-ad4ddd1b82d4-NettyServerStreamRpc-bossGroup--thread1] INFO  logging.LoggingHandler (AbstractInternalLogger.java:log(148)) - [id: 0x060f8157] REGISTERED
2023-06-07 07:10:45,780 [4867cc16-78cf-4276-b1e1-ad4ddd1b82d4-NettyServerStreamRpc-bossGroup--thread1] INFO  logging.LoggingHandler (AbstractInternalLogger.java:log(148)) - [id: 0x060f8157] BIND: 0.0.0.0/0.0.0.0:15042
2023-06-07 07:10:45,780 [4867cc16-78cf-4276-b1e1-ad4ddd1b82d4-NettyServerStreamRpc-bossGroup--thread1] INFO  logging.LoggingHandler (AbstractInternalLogger.java:log(148)) - [id: 0x060f8157, L:/0:0:0:0:0:0:0:0:15042] ACTIVE
2023-06-07 07:10:45,780 [main] INFO  server.XceiverServerGrpc (XceiverServerGrpc.java:<init>(132)) - GrpcServer channel type EpollServerSocketChannel
2023-06-07 07:10:45,784 [main] INFO  replication.ReplicationSupervisor (ReplicationSupervisor.java:nodeStateUpdated(305)) - Node state updated to IN_SERVICE, scaling executor pool size to 10
2023-06-07 07:10:45,785 [main] INFO  token.OzoneBlockTokenSecretManager (OzoneSecretManager.java:updateCurrentKey(175)) - Updating current master key for generating tokens. Cert id 3430031981533
2023-06-07 07:10:45,787 [main] INFO  http.BaseHttpServer (BaseHttpServer.java:newHttpServer2BuilderForOzone(224)) - Starting Web-server for hddsDatanode at: http://0.0.0.0:15036
2023-06-07 07:10:45,787 [main] INFO  http.BaseHttpServer (BaseHttpServer.java:<init>(111)) - Hadoop Security Enabled: false Ozone Security Enabled: false Ozone HTTP Security Enabled: false 
2023-06-07 07:10:45,788 [main] WARN  server.AuthenticationFilter (AuthenticationFilter.java:constructSecretProvider(240)) - Unable to initialize FileSignerSecretProvider, falling back to use random secrets. Reason: Could not read signature secret file: /home/runner/hadoop-http-auth-signature-secret
2023-06-07 07:10:45,789 [main] INFO  http.HttpRequestLog (HttpRequestLog.java:getRequestLog(86)) - Http request log for http.requests.hddsDatanode is not defined
2023-06-07 07:10:45,791 [main] INFO  http.HttpServer2 (HttpServer2.java:addGlobalFilter(1031)) - Added global filter 'safety' (class=org.apache.hadoop.hdds.server.http.HttpServer2$QuotingInputFilter)
2023-06-07 07:10:45,792 [main] INFO  http.HttpServer2 (HttpServer2.java:addFilter(1007)) - Added filter static_user_filter (class=org.apache.hadoop.http.lib.StaticUserWebFilter$StaticUserFilter) to context hddsDatanode
2023-06-07 07:10:45,792 [main] INFO  http.HttpServer2 (HttpServer2.java:addFilter(1015)) - Added filter static_user_filter (class=org.apache.hadoop.http.lib.StaticUserWebFilter$StaticUserFilter) to context static
2023-06-07 07:10:45,792 [main] INFO  http.HttpServer2 (HttpServer2.java:addFilter(1015)) - Added filter static_user_filter (class=org.apache.hadoop.http.lib.StaticUserWebFilter$StaticUserFilter) to context logs
2023-06-07 07:10:45,793 [main] INFO  http.BaseHttpServer (BaseHttpServer.java:<init>(190)) - HTTP server of hddsDatanode uses base directory /home/runner/work/ozone/ozone/hadoop-ozone/integration-test/target/test-dir/MiniOzoneClusterImpl-28223e3b-fb3b-4559-a623-43dba3cd33a0/datanode-3/meta/webserver
2023-06-07 07:10:45,793 [main] INFO  http.HttpServer2 (HttpServer2.java:bindListener(1250)) - Jetty bound to port 15036
2023-06-07 07:10:45,794 [main] INFO  server.Server (Server.java:doStart(375)) - jetty-9.4.51.v20230217; built: 2023-02-17T08:19:37.309Z; git: b45c405e4544384de066f814ed42ae3dceacdd49; jvm 1.8.0_372-b07
2023-06-07 07:10:45,795 [main] INFO  server.session (DefaultSessionIdManager.java:doStart(334)) - DefaultSessionIdManager workerName=node0
2023-06-07 07:10:45,795 [main] INFO  server.session (DefaultSessionIdManager.java:doStart(339)) - No SessionScavenger set, using defaults
2023-06-07 07:10:45,795 [main] INFO  server.session (HouseKeeper.java:startScavenging(132)) - node0 Scavenging every 600000ms
2023-06-07 07:10:45,796 [main] INFO  handler.ContextHandler (ContextHandler.java:doStart(921)) - Started o.e.j.s.ServletContextHandler@35d58b38{logs,/logs,file:///home/runner/work/ozone/ozone/hadoop-ozone/integration-test/target/log,AVAILABLE}
2023-06-07 07:10:45,797 [main] INFO  handler.ContextHandler (ContextHandler.java:doStart(921)) - Started o.e.j.s.ServletContextHandler@5f99ff48{static,/static,jar:file:/home/runner/.m2/repository/org/apache/ozone/hdds-container-service/1.4.0-SNAPSHOT/hdds-container-service-1.4.0-SNAPSHOT.jar!/webapps/static,AVAILABLE}
2023-06-07 07:10:46,047 [main] INFO  handler.ContextHandler (ContextHandler.java:doStart(921)) - Started o.e.j.w.WebAppContext@189a2927{hddsDatanode,/,file:///home/runner/work/ozone/ozone/hadoop-ozone/integration-test/target/test-dir/MiniOzoneClusterImpl-28223e3b-fb3b-4559-a623-43dba3cd33a0/datanode-3/meta/webserver/jetty-0_0_0_0-15036-hdds-container-service-1_4_0-SNAPSHOT_jar-_-any-6733159301452213935/webapp/,AVAILABLE}{jar:file:/home/runner/.m2/repository/org/apache/ozone/hdds-container-service/1.4.0-SNAPSHOT/hdds-container-service-1.4.0-SNAPSHOT.jar!/webapps/hddsDatanode}
2023-06-07 07:10:46,050 [main] INFO  server.AbstractConnector (AbstractConnector.java:doStart(333)) - Started ServerConnector@5b68097a{HTTP/1.1, (http/1.1)}{0.0.0.0:15036}
2023-06-07 07:10:46,050 [main] INFO  server.Server (Server.java:doStart(415)) - Started @12983ms
2023-06-07 07:10:46,050 [main] WARN  impl.MetricsSystemImpl (MetricsSystemImpl.java:register(279)) - Sink prometheus already exists!
2023-06-07 07:10:46,051 [main] INFO  http.BaseHttpServer (BaseHttpServer.java:updateConnectorAddress(344)) - HTTP server of hddsDatanode listening at http://0.0.0.0:15036
2023-06-07 07:10:46,051 [main] INFO  ipc.CallQueueManager (CallQueueManager.java:<init>(90)) - Using callQueue: class java.util.concurrent.LinkedBlockingQueue, queueCapacity: 100, scheduler: class org.apache.hadoop.ipc.DefaultRpcScheduler, ipcBackoff: false.
2023-06-07 07:10:46,052 [Socket Reader #1 for port 15037] INFO  ipc.Server (Server.java:run(1319)) - Starting Socket Reader #1 for port 15037
2023-06-07 07:10:46,059 [Listener at 0.0.0.0/15037] INFO  hdds.HddsUtils (HddsUtils.java:preserveThreadName(843)) - Restoring thread name: main
2023-06-07 07:10:46,059 [main] INFO  ozone.HddsDatanodeService (HddsDatanodeService.java:start(332)) - Datanode start with admins: [runner]
2023-06-07 07:10:46,060 [main] INFO  ozone.HddsDatanodeClientProtocolServer (HddsDatanodeClientProtocolServer.java:start(72)) - RPC server for Client /0.0.0.0:15037
2023-06-07 07:10:46,060 [IPC Server Responder] INFO  ipc.Server (Server.java:run(1558)) - IPC Server Responder: starting
2023-06-07 07:10:46,060 [IPC Server listener on 15037] INFO  ipc.Server (Server.java:run(1398)) - IPC Server listener on 15037: starting
2023-06-07 07:10:46,061 [Datanode State Machine Daemon Thread] INFO  statemachine.DatanodeStateMachine (DatanodeStateMachine.java:lambda$startDaemon$0(523)) - Ozone container server started.
2023-06-07 07:10:46,061 [main] WARN  impl.MetricRegistriesImpl (MetricRegistriesImpl.java:addReporterRegistration(111)) - New reporters are added after registries were created. Some metrics will be missing from the reporter. Please add reporter before adding any new registry.
2023-06-07 07:10:46,061 [main] WARN  impl.MetricRegistriesImpl (MetricRegistriesImpl.java:addReporterRegistration(111)) - New reporters are added after registries were created. Some metrics will be missing from the reporter. Please add reporter before adding any new registry.
2023-06-07 07:10:46,061 [main] INFO  impl.MetricsSystemImpl (MetricsSystemImpl.java:init(158)) - HddsDatanode metrics system started (again)
2023-06-07 07:10:46,076 [Datanode State Machine Task Thread - 0] INFO  datanode.InitDatanodeState (InitDatanodeState.java:persistContainerDatanodeDetails(138)) - DatanodeDetails is persisted to /home/runner/work/ozone/ozone/hadoop-ozone/integration-test/target/test-dir/MiniOzoneClusterImpl-28223e3b-fb3b-4559-a623-43dba3cd33a0/datanode-3/meta/datanode.id
2023-06-07 07:10:46,082 [main] INFO  ozone.HddsDatanodeService (HddsDatanodeService.java:start(258)) - HddsDatanodeService host:fv-az246-755.dmzl2ssfaldu3choa5k4qgfeyh.jx.internal.cloudapp.net ip:10.1.0.31
2023-06-07 07:10:46,116 [main] INFO  upgrade.AbstractLayoutVersionManager (AbstractLayoutVersionManager.java:init(83)) - Initializing Layout version manager with metadata layout = HADOOP_PRC_PORTS_IN_DATANODEDETAILS (version = 7), software layout = HADOOP_PRC_PORTS_IN_DATANODEDETAILS (version = 7)
2023-06-07 07:10:46,118 [main] INFO  statemachine.DatanodeStateMachine (DatanodeStateMachine.java:getEndPointTaskThreadPoolSize(271)) - Datanode State Machine Task Thread Pool size 2
2023-06-07 07:10:46,122 [main] INFO  volume.HddsVolume (HddsVolume.java:<init>(130)) - Creating HddsVolume: /home/runner/work/ozone/ozone/hadoop-ozone/integration-test/target/test-dir/MiniOzoneClusterImpl-28223e3b-fb3b-4559-a623-43dba3cd33a0/datanode-4/data-0/containers/hdds of storage type : DISK capacity : 9223372036854775807
2023-06-07 07:10:46,123 [main] INFO  volume.MutableVolumeSet (MutableVolumeSet.java:initializeVolumeSet(175)) - Added Volume : /home/runner/work/ozone/ozone/hadoop-ozone/integration-test/target/test-dir/MiniOzoneClusterImpl-28223e3b-fb3b-4559-a623-43dba3cd33a0/datanode-4/data-0/containers/hdds to VolumeSet
2023-06-07 07:10:46,123 [main] INFO  volume.ThrottledAsyncChecker (ThrottledAsyncChecker.java:schedule(141)) - Scheduling a check for /home/runner/work/ozone/ozone/hadoop-ozone/integration-test/target/test-dir/MiniOzoneClusterImpl-28223e3b-fb3b-4559-a623-43dba3cd33a0/datanode-4/data-0/containers/hdds
2023-06-07 07:10:46,126 [main] INFO  volume.StorageVolumeChecker (StorageVolumeChecker.java:checkAllVolumes(202)) - Scheduled health check for volume /home/runner/work/ozone/ozone/hadoop-ozone/integration-test/target/test-dir/MiniOzoneClusterImpl-28223e3b-fb3b-4559-a623-43dba3cd33a0/datanode-4/data-0/containers/hdds
2023-06-07 07:10:46,141 [main] INFO  volume.MutableVolumeSet (MutableVolumeSet.java:initializeVolumeSet(175)) - Added Volume : /home/runner/work/ozone/ozone/hadoop-ozone/integration-test/target/test-dir/MiniOzoneClusterImpl-28223e3b-fb3b-4559-a623-43dba3cd33a0/datanode-4/data/ratis to VolumeSet
2023-06-07 07:10:46,142 [main] INFO  volume.ThrottledAsyncChecker (ThrottledAsyncChecker.java:schedule(141)) - Scheduling a check for /home/runner/work/ozone/ozone/hadoop-ozone/integration-test/target/test-dir/MiniOzoneClusterImpl-28223e3b-fb3b-4559-a623-43dba3cd33a0/datanode-4/data/ratis
2023-06-07 07:10:46,142 [main] INFO  volume.StorageVolumeChecker (StorageVolumeChecker.java:checkAllVolumes(202)) - Scheduled health check for volume /home/runner/work/ozone/ozone/hadoop-ozone/integration-test/target/test-dir/MiniOzoneClusterImpl-28223e3b-fb3b-4559-a623-43dba3cd33a0/datanode-4/data/ratis
2023-06-07 07:10:46,159 [Thread-209] INFO  ozoneimpl.ContainerReader (ContainerReader.java:readVolume(175)) - Finish verifying containers on volume /home/runner/work/ozone/ozone/hadoop-ozone/integration-test/target/test-dir/MiniOzoneClusterImpl-28223e3b-fb3b-4559-a623-43dba3cd33a0/datanode-4/data-0/containers/hdds
2023-06-07 07:10:46,159 [main] INFO  ozoneimpl.OzoneContainer (OzoneContainer.java:buildContainerSet(303)) - Build ContainerSet costs 0s
2023-06-07 07:10:46,163 [main] INFO  server.RaftServer (ConfUtils.java:logGet(46)) - raft.rpc.type = GRPC (default)
2023-06-07 07:10:46,163 [main] INFO  grpc.GrpcConfigKeys (ConfUtils.java:logFallback(53)) - raft.grpc.admin.host = null (fallback to raft.grpc.server.host)
2023-06-07 07:10:46,163 [main] INFO  grpc.GrpcConfigKeys (ConfUtils.java:logGet(46)) - raft.grpc.admin.port = 15049 (custom)
2023-06-07 07:10:46,163 [main] INFO  grpc.GrpcConfigKeys (ConfUtils.java:logFallback(53)) - raft.grpc.client.host = null (fallback to raft.grpc.server.host)
2023-06-07 07:10:46,164 [main] INFO  grpc.GrpcConfigKeys (ConfUtils.java:logGet(46)) - raft.grpc.client.port = 15048 (custom)
2023-06-07 07:10:46,164 [main] INFO  grpc.GrpcConfigKeys (ConfUtils.java:logGet(46)) - raft.grpc.server.host = null (default)
2023-06-07 07:10:46,164 [main] INFO  grpc.GrpcConfigKeys (ConfUtils.java:logGet(46)) - raft.grpc.server.port = 15050 (custom)
2023-06-07 07:10:46,164 [main] INFO  server.GrpcService (ConfUtils.java:logGet(46)) - raft.grpc.message.size.max = 32MB (=33554432) (custom)
2023-06-07 07:10:46,164 [main] INFO  server.RaftServerConfigKeys (ConfUtils.java:logGet(46)) - raft.server.log.appender.buffer.byte-limit = 33554432 (custom)
2023-06-07 07:10:46,164 [main] INFO  server.GrpcService (ConfUtils.java:logGet(46)) - raft.grpc.flow.control.window = 5MB (=5242880) (custom)
2023-06-07 07:10:46,164 [main] INFO  server.RaftServerConfigKeys (ConfUtils.java:logGet(46)) - raft.server.rpc.request.timeout = 60s (custom)
2023-06-07 07:10:46,165 [main] INFO  grpc.GrpcConfigKeys (ConfUtils.java:logGet(46)) - raft.grpc.server.heartbeat.channel = true (default)
2023-06-07 07:10:46,165 [main] INFO  grpc.GrpcConfigKeys (ConfUtils.java:logGet(46)) - raft.grpc.server.async.request.thread.pool.cached = true (default)
2023-06-07 07:10:46,165 [main] INFO  grpc.GrpcConfigKeys (ConfUtils.java:logGet(46)) - raft.grpc.server.async.request.thread.pool.size = 32 (default)
2023-06-07 07:10:46,168 [main] INFO  impl.DataStreamServerImpl (ConfUtils.java:logGet(46)) - raft.datastream.type = NETTY (custom)
2023-06-07 07:10:46,169 [main] INFO  server.RaftServerConfigKeys (ConfUtils.java:logGet(46)) - raft.server.data-stream.async.request.thread.pool.cached = false (default)
2023-06-07 07:10:46,169 [main] INFO  server.RaftServerConfigKeys (ConfUtils.java:logGet(46)) - raft.server.data-stream.async.request.thread.pool.size = 20 (custom)
2023-06-07 07:10:46,170 [main] INFO  server.RaftServerConfigKeys (ConfUtils.java:logGet(46)) - raft.server.data-stream.async.write.thread.pool.size = 16 (default)
2023-06-07 07:10:46,170 [main] INFO  server.RaftServerConfigKeys (ConfUtils.java:logGet(46)) - raft.server.data-stream.client.pool.size = 10 (default)
2023-06-07 07:10:46,170 [main] INFO  netty.NettyConfigKeys$DataStream (ConfUtils.java:logGet(46)) - raft.netty.dataStream.server.use-epoll = false (default)
2023-06-07 07:10:46,170 [main] INFO  netty.NettyConfigKeys$DataStream (ConfUtils.java:logGet(46)) - raft.netty.dataStream.server.boss-group.size = 0 (default)
2023-06-07 07:10:46,171 [main] INFO  netty.NettyConfigKeys$DataStream (ConfUtils.java:logGet(46)) - raft.netty.dataStream.server.worker-group.size = 0 (default)
2023-06-07 07:10:46,171 [main] INFO  netty.NettyConfigKeys$DataStream (ConfUtils.java:logGet(46)) - raft.netty.dataStream.server.tls.conf = null (default)
2023-06-07 07:10:46,172 [main] INFO  netty.NettyConfigKeys$DataStream (ConfUtils.java:logGet(46)) - raft.netty.dataStream.host = null (default)
2023-06-07 07:10:46,172 [main] INFO  netty.NettyConfigKeys$DataStream (ConfUtils.java:logGet(46)) - raft.netty.dataStream.port = 15051 (custom)
2023-06-07 07:10:46,173 [main] INFO  server.RaftServerConfigKeys (ConfUtils.java:logGet(46)) - raft.server.threadpool.proxy.cached = true (default)
2023-06-07 07:10:46,173 [main] INFO  server.RaftServerConfigKeys (ConfUtils.java:logGet(46)) - raft.server.threadpool.proxy.size = 0 (default)
2023-06-07 07:10:46,174 [main] INFO  server.RaftServerConfigKeys (ConfUtils.java:logGet(46)) - raft.server.rpc.slowness.timeout = 300s (custom)
2023-06-07 07:10:46,174 [main] INFO  server.RaftServerConfigKeys (ConfUtils.java:logGet(46)) - raft.server.leaderelection.leader.step-down.wait-time = 10s (default)
2023-06-07 07:10:46,174 [main] INFO  server.RaftServerConfigKeys (ConfUtils.java:logGet(46)) - raft.server.storage.dir = [/home/runner/work/ozone/ozone/hadoop-ozone/integration-test/target/test-dir/MiniOzoneClusterImpl-28223e3b-fb3b-4559-a623-43dba3cd33a0/datanode-4/data/ratis] (custom)
2023-06-07 07:10:46,176 [c9e90f19-93bd-492a-840b-17fd0f306342-NettyServerStreamRpc-bossGroup--thread1] INFO  logging.LoggingHandler (AbstractInternalLogger.java:log(148)) - [id: 0x60e2025b] REGISTERED
2023-06-07 07:10:46,178 [main] INFO  server.XceiverServerGrpc (XceiverServerGrpc.java:<init>(132)) - GrpcServer channel type EpollServerSocketChannel
2023-06-07 07:10:46,180 [main] INFO  replication.ReplicationSupervisor (ReplicationSupervisor.java:nodeStateUpdated(305)) - Node state updated to IN_SERVICE, scaling executor pool size to 10
2023-06-07 07:10:46,181 [c9e90f19-93bd-492a-840b-17fd0f306342-NettyServerStreamRpc-bossGroup--thread1] INFO  logging.LoggingHandler (AbstractInternalLogger.java:log(148)) - [id: 0x60e2025b] BIND: 0.0.0.0/0.0.0.0:15051
2023-06-07 07:10:46,181 [c9e90f19-93bd-492a-840b-17fd0f306342-NettyServerStreamRpc-bossGroup--thread1] INFO  logging.LoggingHandler (AbstractInternalLogger.java:log(148)) - [id: 0x60e2025b, L:/0:0:0:0:0:0:0:0:15051] ACTIVE
2023-06-07 07:10:46,181 [main] INFO  token.OzoneBlockTokenSecretManager (OzoneSecretManager.java:updateCurrentKey(175)) - Updating current master key for generating tokens. Cert id 3430031981533
2023-06-07 07:10:46,183 [main] INFO  http.BaseHttpServer (BaseHttpServer.java:newHttpServer2BuilderForOzone(224)) - Starting Web-server for hddsDatanode at: http://0.0.0.0:15045
2023-06-07 07:10:46,183 [main] INFO  http.BaseHttpServer (BaseHttpServer.java:<init>(111)) - Hadoop Security Enabled: false Ozone Security Enabled: false Ozone HTTP Security Enabled: false 
2023-06-07 07:10:46,185 [main] WARN  server.AuthenticationFilter (AuthenticationFilter.java:constructSecretProvider(240)) - Unable to initialize FileSignerSecretProvider, falling back to use random secrets. Reason: Could not read signature secret file: /home/runner/hadoop-http-auth-signature-secret
2023-06-07 07:10:46,186 [main] INFO  http.HttpRequestLog (HttpRequestLog.java:getRequestLog(86)) - Http request log for http.requests.hddsDatanode is not defined
2023-06-07 07:10:46,187 [main] INFO  http.HttpServer2 (HttpServer2.java:addGlobalFilter(1031)) - Added global filter 'safety' (class=org.apache.hadoop.hdds.server.http.HttpServer2$QuotingInputFilter)
2023-06-07 07:10:46,188 [main] INFO  http.HttpServer2 (HttpServer2.java:addFilter(1007)) - Added filter static_user_filter (class=org.apache.hadoop.http.lib.StaticUserWebFilter$StaticUserFilter) to context hddsDatanode
2023-06-07 07:10:46,188 [main] INFO  http.HttpServer2 (HttpServer2.java:addFilter(1015)) - Added filter static_user_filter (class=org.apache.hadoop.http.lib.StaticUserWebFilter$StaticUserFilter) to context logs
2023-06-07 07:10:46,189 [main] INFO  http.HttpServer2 (HttpServer2.java:addFilter(1015)) - Added filter static_user_filter (class=org.apache.hadoop.http.lib.StaticUserWebFilter$StaticUserFilter) to context static
2023-06-07 07:10:46,189 [main] INFO  http.BaseHttpServer (BaseHttpServer.java:<init>(190)) - HTTP server of hddsDatanode uses base directory /home/runner/work/ozone/ozone/hadoop-ozone/integration-test/target/test-dir/MiniOzoneClusterImpl-28223e3b-fb3b-4559-a623-43dba3cd33a0/datanode-4/meta/webserver
2023-06-07 07:10:46,190 [main] INFO  http.HttpServer2 (HttpServer2.java:bindListener(1250)) - Jetty bound to port 15045
2023-06-07 07:10:46,190 [main] INFO  server.Server (Server.java:doStart(375)) - jetty-9.4.51.v20230217; built: 2023-02-17T08:19:37.309Z; git: b45c405e4544384de066f814ed42ae3dceacdd49; jvm 1.8.0_372-b07
2023-06-07 07:10:46,192 [main] INFO  server.session (DefaultSessionIdManager.java:doStart(334)) - DefaultSessionIdManager workerName=node0
2023-06-07 07:10:46,193 [main] INFO  server.session (DefaultSessionIdManager.java:doStart(339)) - No SessionScavenger set, using defaults
2023-06-07 07:10:46,193 [main] INFO  server.session (HouseKeeper.java:startScavenging(132)) - node0 Scavenging every 600000ms
2023-06-07 07:10:46,194 [main] INFO  handler.ContextHandler (ContextHandler.java:doStart(921)) - Started o.e.j.s.ServletContextHandler@372787b5{logs,/logs,file:///home/runner/work/ozone/ozone/hadoop-ozone/integration-test/target/log,AVAILABLE}
2023-06-07 07:10:46,195 [main] INFO  handler.ContextHandler (ContextHandler.java:doStart(921)) - Started o.e.j.s.ServletContextHandler@6b6e4c41{static,/static,jar:file:/home/runner/.m2/repository/org/apache/ozone/hdds-container-service/1.4.0-SNAPSHOT/hdds-container-service-1.4.0-SNAPSHOT.jar!/webapps/static,AVAILABLE}
2023-06-07 07:10:46,443 [main] INFO  handler.ContextHandler (ContextHandler.java:doStart(921)) - Started o.e.j.w.WebAppContext@e129407{hddsDatanode,/,file:///home/runner/work/ozone/ozone/hadoop-ozone/integration-test/target/test-dir/MiniOzoneClusterImpl-28223e3b-fb3b-4559-a623-43dba3cd33a0/datanode-4/meta/webserver/jetty-0_0_0_0-15045-hdds-container-service-1_4_0-SNAPSHOT_jar-_-any-894133752221773171/webapp/,AVAILABLE}{jar:file:/home/runner/.m2/repository/org/apache/ozone/hdds-container-service/1.4.0-SNAPSHOT/hdds-container-service-1.4.0-SNAPSHOT.jar!/webapps/hddsDatanode}
2023-06-07 07:10:46,447 [main] INFO  server.AbstractConnector (AbstractConnector.java:doStart(333)) - Started ServerConnector@cc1247a{HTTP/1.1, (http/1.1)}{0.0.0.0:15045}
2023-06-07 07:10:46,447 [main] INFO  server.Server (Server.java:doStart(415)) - Started @13380ms
2023-06-07 07:10:46,447 [main] WARN  impl.MetricsSystemImpl (MetricsSystemImpl.java:register(279)) - Sink prometheus already exists!
2023-06-07 07:10:46,449 [main] INFO  http.BaseHttpServer (BaseHttpServer.java:updateConnectorAddress(344)) - HTTP server of hddsDatanode listening at http://0.0.0.0:15045
2023-06-07 07:10:46,450 [main] INFO  ipc.CallQueueManager (CallQueueManager.java:<init>(90)) - Using callQueue: class java.util.concurrent.LinkedBlockingQueue, queueCapacity: 100, scheduler: class org.apache.hadoop.ipc.DefaultRpcScheduler, ipcBackoff: false.
2023-06-07 07:10:46,450 [Socket Reader #1 for port 15046] INFO  ipc.Server (Server.java:run(1319)) - Starting Socket Reader #1 for port 15046
2023-06-07 07:10:46,457 [Listener at 0.0.0.0/15046] INFO  hdds.HddsUtils (HddsUtils.java:preserveThreadName(843)) - Restoring thread name: main
2023-06-07 07:10:46,457 [main] INFO  ozone.HddsDatanodeService (HddsDatanodeService.java:start(332)) - Datanode start with admins: [runner]
2023-06-07 07:10:46,457 [main] INFO  ozone.HddsDatanodeClientProtocolServer (HddsDatanodeClientProtocolServer.java:start(72)) - RPC server for Client /0.0.0.0:15046
2023-06-07 07:10:46,458 [IPC Server Responder] INFO  ipc.Server (Server.java:run(1558)) - IPC Server Responder: starting
2023-06-07 07:10:46,458 [IPC Server listener on 15046] INFO  ipc.Server (Server.java:run(1398)) - IPC Server listener on 15046: starting
2023-06-07 07:10:46,459 [main] WARN  impl.MetricRegistriesImpl (MetricRegistriesImpl.java:addReporterRegistration(111)) - New reporters are added after registries were created. Some metrics will be missing from the reporter. Please add reporter before adding any new registry.
2023-06-07 07:10:46,459 [main] WARN  impl.MetricRegistriesImpl (MetricRegistriesImpl.java:addReporterRegistration(111)) - New reporters are added after registries were created. Some metrics will be missing from the reporter. Please add reporter before adding any new registry.
2023-06-07 07:10:46,459 [Datanode State Machine Daemon Thread] INFO  statemachine.DatanodeStateMachine (DatanodeStateMachine.java:lambda$startDaemon$0(523)) - Ozone container server started.
2023-06-07 07:10:46,459 [main] INFO  impl.MetricsSystemImpl (MetricsSystemImpl.java:init(158)) - HddsDatanode metrics system started (again)
2023-06-07 07:10:46,477 [main] INFO  ozone.HddsDatanodeService (HddsDatanodeService.java:start(258)) - HddsDatanodeService host:fv-az246-755.dmzl2ssfaldu3choa5k4qgfeyh.jx.internal.cloudapp.net ip:10.1.0.31
2023-06-07 07:10:46,484 [Datanode State Machine Task Thread - 0] INFO  datanode.InitDatanodeState (InitDatanodeState.java:persistContainerDatanodeDetails(138)) - DatanodeDetails is persisted to /home/runner/work/ozone/ozone/hadoop-ozone/integration-test/target/test-dir/MiniOzoneClusterImpl-28223e3b-fb3b-4559-a623-43dba3cd33a0/datanode-4/meta/datanode.id
2023-06-07 07:10:46,505 [main] INFO  upgrade.AbstractLayoutVersionManager (AbstractLayoutVersionManager.java:init(83)) - Initializing Layout version manager with metadata layout = HADOOP_PRC_PORTS_IN_DATANODEDETAILS (version = 7), software layout = HADOOP_PRC_PORTS_IN_DATANODEDETAILS (version = 7)
2023-06-07 07:10:46,506 [main] INFO  statemachine.DatanodeStateMachine (DatanodeStateMachine.java:getEndPointTaskThreadPoolSize(271)) - Datanode State Machine Task Thread Pool size 2
2023-06-07 07:10:46,508 [main] INFO  volume.HddsVolume (HddsVolume.java:<init>(130)) - Creating HddsVolume: /home/runner/work/ozone/ozone/hadoop-ozone/integration-test/target/test-dir/MiniOzoneClusterImpl-28223e3b-fb3b-4559-a623-43dba3cd33a0/datanode-5/data-0/containers/hdds of storage type : DISK capacity : 9223372036854775807
2023-06-07 07:10:46,509 [main] INFO  volume.MutableVolumeSet (MutableVolumeSet.java:initializeVolumeSet(175)) - Added Volume : /home/runner/work/ozone/ozone/hadoop-ozone/integration-test/target/test-dir/MiniOzoneClusterImpl-28223e3b-fb3b-4559-a623-43dba3cd33a0/datanode-5/data-0/containers/hdds to VolumeSet
2023-06-07 07:10:46,509 [main] INFO  volume.ThrottledAsyncChecker (ThrottledAsyncChecker.java:schedule(141)) - Scheduling a check for /home/runner/work/ozone/ozone/hadoop-ozone/integration-test/target/test-dir/MiniOzoneClusterImpl-28223e3b-fb3b-4559-a623-43dba3cd33a0/datanode-5/data-0/containers/hdds
2023-06-07 07:10:46,510 [main] INFO  volume.StorageVolumeChecker (StorageVolumeChecker.java:checkAllVolumes(202)) - Scheduled health check for volume /home/runner/work/ozone/ozone/hadoop-ozone/integration-test/target/test-dir/MiniOzoneClusterImpl-28223e3b-fb3b-4559-a623-43dba3cd33a0/datanode-5/data-0/containers/hdds
2023-06-07 07:10:46,523 [main] INFO  volume.MutableVolumeSet (MutableVolumeSet.java:initializeVolumeSet(175)) - Added Volume : /home/runner/work/ozone/ozone/hadoop-ozone/integration-test/target/test-dir/MiniOzoneClusterImpl-28223e3b-fb3b-4559-a623-43dba3cd33a0/datanode-5/data/ratis to VolumeSet
2023-06-07 07:10:46,524 [main] INFO  volume.ThrottledAsyncChecker (ThrottledAsyncChecker.java:schedule(141)) - Scheduling a check for /home/runner/work/ozone/ozone/hadoop-ozone/integration-test/target/test-dir/MiniOzoneClusterImpl-28223e3b-fb3b-4559-a623-43dba3cd33a0/datanode-5/data/ratis
2023-06-07 07:10:46,524 [main] INFO  volume.StorageVolumeChecker (StorageVolumeChecker.java:checkAllVolumes(202)) - Scheduled health check for volume /home/runner/work/ozone/ozone/hadoop-ozone/integration-test/target/test-dir/MiniOzoneClusterImpl-28223e3b-fb3b-4559-a623-43dba3cd33a0/datanode-5/data/ratis
2023-06-07 07:10:46,537 [Thread-226] INFO  ozoneimpl.ContainerReader (ContainerReader.java:readVolume(175)) - Finish verifying containers on volume /home/runner/work/ozone/ozone/hadoop-ozone/integration-test/target/test-dir/MiniOzoneClusterImpl-28223e3b-fb3b-4559-a623-43dba3cd33a0/datanode-5/data-0/containers/hdds
2023-06-07 07:10:46,537 [main] INFO  ozoneimpl.OzoneContainer (OzoneContainer.java:buildContainerSet(303)) - Build ContainerSet costs 0s
2023-06-07 07:10:46,541 [main] INFO  server.RaftServer (ConfUtils.java:logGet(46)) - raft.rpc.type = GRPC (default)
2023-06-07 07:10:46,541 [main] INFO  grpc.GrpcConfigKeys (ConfUtils.java:logFallback(53)) - raft.grpc.admin.host = null (fallback to raft.grpc.server.host)
2023-06-07 07:10:46,541 [main] INFO  grpc.GrpcConfigKeys (ConfUtils.java:logGet(46)) - raft.grpc.admin.port = 15058 (custom)
2023-06-07 07:10:46,541 [main] INFO  grpc.GrpcConfigKeys (ConfUtils.java:logFallback(53)) - raft.grpc.client.host = null (fallback to raft.grpc.server.host)
2023-06-07 07:10:46,541 [main] INFO  grpc.GrpcConfigKeys (ConfUtils.java:logGet(46)) - raft.grpc.client.port = 15057 (custom)
2023-06-07 07:10:46,542 [main] INFO  grpc.GrpcConfigKeys (ConfUtils.java:logGet(46)) - raft.grpc.server.host = null (default)
2023-06-07 07:10:46,542 [main] INFO  grpc.GrpcConfigKeys (ConfUtils.java:logGet(46)) - raft.grpc.server.port = 15059 (custom)
2023-06-07 07:10:46,542 [main] INFO  server.GrpcService (ConfUtils.java:logGet(46)) - raft.grpc.message.size.max = 32MB (=33554432) (custom)
2023-06-07 07:10:46,542 [main] INFO  server.RaftServerConfigKeys (ConfUtils.java:logGet(46)) - raft.server.log.appender.buffer.byte-limit = 33554432 (custom)
2023-06-07 07:10:46,542 [main] INFO  server.GrpcService (ConfUtils.java:logGet(46)) - raft.grpc.flow.control.window = 5MB (=5242880) (custom)
2023-06-07 07:10:46,542 [main] INFO  server.RaftServerConfigKeys (ConfUtils.java:logGet(46)) - raft.server.rpc.request.timeout = 60s (custom)
2023-06-07 07:10:46,543 [main] INFO  grpc.GrpcConfigKeys (ConfUtils.java:logGet(46)) - raft.grpc.server.heartbeat.channel = true (default)
2023-06-07 07:10:46,543 [main] INFO  grpc.GrpcConfigKeys (ConfUtils.java:logGet(46)) - raft.grpc.server.async.request.thread.pool.cached = true (default)
2023-06-07 07:10:46,543 [main] INFO  grpc.GrpcConfigKeys (ConfUtils.java:logGet(46)) - raft.grpc.server.async.request.thread.pool.size = 32 (default)
2023-06-07 07:10:46,546 [main] INFO  impl.DataStreamServerImpl (ConfUtils.java:logGet(46)) - raft.datastream.type = NETTY (custom)
2023-06-07 07:10:46,546 [main] INFO  server.RaftServerConfigKeys (ConfUtils.java:logGet(46)) - raft.server.data-stream.async.request.thread.pool.cached = false (default)
2023-06-07 07:10:46,546 [main] INFO  server.RaftServerConfigKeys (ConfUtils.java:logGet(46)) - raft.server.data-stream.async.request.thread.pool.size = 20 (custom)
2023-06-07 07:10:46,546 [main] INFO  server.RaftServerConfigKeys (ConfUtils.java:logGet(46)) - raft.server.data-stream.async.write.thread.pool.size = 16 (default)
2023-06-07 07:10:46,547 [main] INFO  server.RaftServerConfigKeys (ConfUtils.java:logGet(46)) - raft.server.data-stream.client.pool.size = 10 (default)
2023-06-07 07:10:46,547 [main] INFO  netty.NettyConfigKeys$DataStream (ConfUtils.java:logGet(46)) - raft.netty.dataStream.server.use-epoll = false (default)
2023-06-07 07:10:46,547 [main] INFO  netty.NettyConfigKeys$DataStream (ConfUtils.java:logGet(46)) - raft.netty.dataStream.server.boss-group.size = 0 (default)
2023-06-07 07:10:46,547 [main] INFO  netty.NettyConfigKeys$DataStream (ConfUtils.java:logGet(46)) - raft.netty.dataStream.server.worker-group.size = 0 (default)
2023-06-07 07:10:46,548 [main] INFO  netty.NettyConfigKeys$DataStream (ConfUtils.java:logGet(46)) - raft.netty.dataStream.server.tls.conf = null (default)
2023-06-07 07:10:46,548 [main] INFO  netty.NettyConfigKeys$DataStream (ConfUtils.java:logGet(46)) - raft.netty.dataStream.host = null (default)
2023-06-07 07:10:46,548 [main] INFO  netty.NettyConfigKeys$DataStream (ConfUtils.java:logGet(46)) - raft.netty.dataStream.port = 15060 (custom)
2023-06-07 07:10:46,549 [main] INFO  server.RaftServerConfigKeys (ConfUtils.java:logGet(46)) - raft.server.threadpool.proxy.cached = true (default)
2023-06-07 07:10:46,549 [main] INFO  server.RaftServerConfigKeys (ConfUtils.java:logGet(46)) - raft.server.threadpool.proxy.size = 0 (default)
2023-06-07 07:10:46,549 [main] INFO  server.RaftServerConfigKeys (ConfUtils.java:logGet(46)) - raft.server.rpc.slowness.timeout = 300s (custom)
2023-06-07 07:10:46,549 [main] INFO  server.RaftServerConfigKeys (ConfUtils.java:logGet(46)) - raft.server.leaderelection.leader.step-down.wait-time = 10s (default)
2023-06-07 07:10:46,549 [main] INFO  server.RaftServerConfigKeys (ConfUtils.java:logGet(46)) - raft.server.storage.dir = [/home/runner/work/ozone/ozone/hadoop-ozone/integration-test/target/test-dir/MiniOzoneClusterImpl-28223e3b-fb3b-4559-a623-43dba3cd33a0/datanode-5/data/ratis] (custom)
2023-06-07 07:10:46,555 [main] INFO  server.XceiverServerGrpc (XceiverServerGrpc.java:<init>(132)) - GrpcServer channel type EpollServerSocketChannel
2023-06-07 07:10:46,557 [main] INFO  replication.ReplicationSupervisor (ReplicationSupervisor.java:nodeStateUpdated(305)) - Node state updated to IN_SERVICE, scaling executor pool size to 10
2023-06-07 07:10:46,558 [1b66a908-7502-432b-9648-1ff1190a9abb-NettyServerStreamRpc-bossGroup--thread1] INFO  logging.LoggingHandler (AbstractInternalLogger.java:log(148)) - [id: 0x3040a3a3] REGISTERED
2023-06-07 07:10:46,560 [1b66a908-7502-432b-9648-1ff1190a9abb-NettyServerStreamRpc-bossGroup--thread1] INFO  logging.LoggingHandler (AbstractInternalLogger.java:log(148)) - [id: 0x3040a3a3] BIND: 0.0.0.0/0.0.0.0:15060
2023-06-07 07:10:46,560 [1b66a908-7502-432b-9648-1ff1190a9abb-NettyServerStreamRpc-bossGroup--thread1] INFO  logging.LoggingHandler (AbstractInternalLogger.java:log(148)) - [id: 0x3040a3a3, L:/0:0:0:0:0:0:0:0:15060] ACTIVE
2023-06-07 07:10:46,561 [main] INFO  token.OzoneBlockTokenSecretManager (OzoneSecretManager.java:updateCurrentKey(175)) - Updating current master key for generating tokens. Cert id 3430031981533
2023-06-07 07:10:46,562 [main] INFO  http.BaseHttpServer (BaseHttpServer.java:newHttpServer2BuilderForOzone(224)) - Starting Web-server for hddsDatanode at: http://0.0.0.0:15054
2023-06-07 07:10:46,563 [main] INFO  http.BaseHttpServer (BaseHttpServer.java:<init>(111)) - Hadoop Security Enabled: false Ozone Security Enabled: false Ozone HTTP Security Enabled: false 
2023-06-07 07:10:46,564 [main] WARN  server.AuthenticationFilter (AuthenticationFilter.java:constructSecretProvider(240)) - Unable to initialize FileSignerSecretProvider, falling back to use random secrets. Reason: Could not read signature secret file: /home/runner/hadoop-http-auth-signature-secret
2023-06-07 07:10:46,565 [main] INFO  http.HttpRequestLog (HttpRequestLog.java:getRequestLog(86)) - Http request log for http.requests.hddsDatanode is not defined
2023-06-07 07:10:46,567 [main] INFO  http.HttpServer2 (HttpServer2.java:addGlobalFilter(1031)) - Added global filter 'safety' (class=org.apache.hadoop.hdds.server.http.HttpServer2$QuotingInputFilter)
2023-06-07 07:10:46,568 [main] INFO  http.HttpServer2 (HttpServer2.java:addFilter(1007)) - Added filter static_user_filter (class=org.apache.hadoop.http.lib.StaticUserWebFilter$StaticUserFilter) to context hddsDatanode
2023-06-07 07:10:46,568 [main] INFO  http.HttpServer2 (HttpServer2.java:addFilter(1015)) - Added filter static_user_filter (class=org.apache.hadoop.http.lib.StaticUserWebFilter$StaticUserFilter) to context static
2023-06-07 07:10:46,569 [main] INFO  http.HttpServer2 (HttpServer2.java:addFilter(1015)) - Added filter static_user_filter (class=org.apache.hadoop.http.lib.StaticUserWebFilter$StaticUserFilter) to context logs
2023-06-07 07:10:46,572 [main] INFO  http.BaseHttpServer (BaseHttpServer.java:<init>(190)) - HTTP server of hddsDatanode uses base directory /home/runner/work/ozone/ozone/hadoop-ozone/integration-test/target/test-dir/MiniOzoneClusterImpl-28223e3b-fb3b-4559-a623-43dba3cd33a0/datanode-5/meta/webserver
2023-06-07 07:10:46,573 [main] INFO  http.HttpServer2 (HttpServer2.java:bindListener(1250)) - Jetty bound to port 15054
2023-06-07 07:10:46,574 [main] INFO  server.Server (Server.java:doStart(375)) - jetty-9.4.51.v20230217; built: 2023-02-17T08:19:37.309Z; git: b45c405e4544384de066f814ed42ae3dceacdd49; jvm 1.8.0_372-b07
2023-06-07 07:10:46,576 [main] INFO  server.session (DefaultSessionIdManager.java:doStart(334)) - DefaultSessionIdManager workerName=node0
2023-06-07 07:10:46,576 [main] INFO  server.session (DefaultSessionIdManager.java:doStart(339)) - No SessionScavenger set, using defaults
2023-06-07 07:10:46,576 [main] INFO  server.session (HouseKeeper.java:startScavenging(132)) - node0 Scavenging every 660000ms
2023-06-07 07:10:46,578 [main] INFO  handler.ContextHandler (ContextHandler.java:doStart(921)) - Started o.e.j.s.ServletContextHandler@7e89a707{logs,/logs,file:///home/runner/work/ozone/ozone/hadoop-ozone/integration-test/target/log,AVAILABLE}
2023-06-07 07:10:46,579 [main] INFO  handler.ContextHandler (ContextHandler.java:doStart(921)) - Started o.e.j.s.ServletContextHandler@33c7c26a{static,/static,jar:file:/home/runner/.m2/repository/org/apache/ozone/hdds-container-service/1.4.0-SNAPSHOT/hdds-container-service-1.4.0-SNAPSHOT.jar!/webapps/static,AVAILABLE}
2023-06-07 07:10:46,833 [main] INFO  handler.ContextHandler (ContextHandler.java:doStart(921)) - Started o.e.j.w.WebAppContext@1f474cbe{hddsDatanode,/,file:///home/runner/work/ozone/ozone/hadoop-ozone/integration-test/target/test-dir/MiniOzoneClusterImpl-28223e3b-fb3b-4559-a623-43dba3cd33a0/datanode-5/meta/webserver/jetty-0_0_0_0-15054-hdds-container-service-1_4_0-SNAPSHOT_jar-_-any-3244168525281812965/webapp/,AVAILABLE}{jar:file:/home/runner/.m2/repository/org/apache/ozone/hdds-container-service/1.4.0-SNAPSHOT/hdds-container-service-1.4.0-SNAPSHOT.jar!/webapps/hddsDatanode}
2023-06-07 07:10:46,837 [main] INFO  server.AbstractConnector (AbstractConnector.java:doStart(333)) - Started ServerConnector@33b0f1e2{HTTP/1.1, (http/1.1)}{0.0.0.0:15054}
2023-06-07 07:10:46,837 [main] INFO  server.Server (Server.java:doStart(415)) - Started @13770ms
2023-06-07 07:10:46,837 [main] WARN  impl.MetricsSystemImpl (MetricsSystemImpl.java:register(279)) - Sink prometheus already exists!
2023-06-07 07:10:46,838 [main] INFO  http.BaseHttpServer (BaseHttpServer.java:updateConnectorAddress(344)) - HTTP server of hddsDatanode listening at http://0.0.0.0:15054
2023-06-07 07:10:46,838 [main] INFO  ipc.CallQueueManager (CallQueueManager.java:<init>(90)) - Using callQueue: class java.util.concurrent.LinkedBlockingQueue, queueCapacity: 100, scheduler: class org.apache.hadoop.ipc.DefaultRpcScheduler, ipcBackoff: false.
2023-06-07 07:10:46,839 [Socket Reader #1 for port 15055] INFO  ipc.Server (Server.java:run(1319)) - Starting Socket Reader #1 for port 15055
2023-06-07 07:10:46,850 [Listener at 0.0.0.0/15055] INFO  hdds.HddsUtils (HddsUtils.java:preserveThreadName(843)) - Restoring thread name: main
2023-06-07 07:10:46,851 [main] INFO  ozone.HddsDatanodeService (HddsDatanodeService.java:start(332)) - Datanode start with admins: [runner]
2023-06-07 07:10:46,852 [main] INFO  ozone.HddsDatanodeClientProtocolServer (HddsDatanodeClientProtocolServer.java:start(72)) - RPC server for Client /0.0.0.0:15055
2023-06-07 07:10:46,853 [IPC Server Responder] INFO  ipc.Server (Server.java:run(1558)) - IPC Server Responder: starting
2023-06-07 07:10:46,854 [IPC Server listener on 15055] INFO  ipc.Server (Server.java:run(1398)) - IPC Server listener on 15055: starting
2023-06-07 07:10:46,861 [main] WARN  impl.MetricRegistriesImpl (MetricRegistriesImpl.java:addReporterRegistration(111)) - New reporters are added after registries were created. Some metrics will be missing from the reporter. Please add reporter before adding any new registry.
2023-06-07 07:10:46,861 [main] WARN  impl.MetricRegistriesImpl (MetricRegistriesImpl.java:addReporterRegistration(111)) - New reporters are added after registries were created. Some metrics will be missing from the reporter. Please add reporter before adding any new registry.
2023-06-07 07:10:46,861 [main] INFO  impl.MetricsSystemImpl (MetricsSystemImpl.java:init(158)) - HddsDatanode metrics system started (again)
2023-06-07 07:10:46,867 [Datanode State Machine Daemon Thread] INFO  statemachine.DatanodeStateMachine (DatanodeStateMachine.java:lambda$startDaemon$0(523)) - Ozone container server started.
2023-06-07 07:10:46,889 [main] INFO  ozone.HddsDatanodeService (HddsDatanodeService.java:start(258)) - HddsDatanodeService host:fv-az246-755.dmzl2ssfaldu3choa5k4qgfeyh.jx.internal.cloudapp.net ip:10.1.0.31
2023-06-07 07:10:46,906 [Datanode State Machine Task Thread - 0] INFO  datanode.InitDatanodeState (InitDatanodeState.java:persistContainerDatanodeDetails(138)) - DatanodeDetails is persisted to /home/runner/work/ozone/ozone/hadoop-ozone/integration-test/target/test-dir/MiniOzoneClusterImpl-28223e3b-fb3b-4559-a623-43dba3cd33a0/datanode-5/meta/datanode.id
2023-06-07 07:10:46,935 [main] INFO  upgrade.AbstractLayoutVersionManager (AbstractLayoutVersionManager.java:init(83)) - Initializing Layout version manager with metadata layout = HADOOP_PRC_PORTS_IN_DATANODEDETAILS (version = 7), software layout = HADOOP_PRC_PORTS_IN_DATANODEDETAILS (version = 7)
2023-06-07 07:10:46,936 [main] INFO  statemachine.DatanodeStateMachine (DatanodeStateMachine.java:getEndPointTaskThreadPoolSize(271)) - Datanode State Machine Task Thread Pool size 2
2023-06-07 07:10:46,948 [main] INFO  volume.HddsVolume (HddsVolume.java:<init>(130)) - Creating HddsVolume: /home/runner/work/ozone/ozone/hadoop-ozone/integration-test/target/test-dir/MiniOzoneClusterImpl-28223e3b-fb3b-4559-a623-43dba3cd33a0/datanode-6/data-0/containers/hdds of storage type : DISK capacity : 9223372036854775807
2023-06-07 07:10:46,948 [main] INFO  volume.MutableVolumeSet (MutableVolumeSet.java:initializeVolumeSet(175)) - Added Volume : /home/runner/work/ozone/ozone/hadoop-ozone/integration-test/target/test-dir/MiniOzoneClusterImpl-28223e3b-fb3b-4559-a623-43dba3cd33a0/datanode-6/data-0/containers/hdds to VolumeSet
2023-06-07 07:10:46,949 [main] INFO  volume.ThrottledAsyncChecker (ThrottledAsyncChecker.java:schedule(141)) - Scheduling a check for /home/runner/work/ozone/ozone/hadoop-ozone/integration-test/target/test-dir/MiniOzoneClusterImpl-28223e3b-fb3b-4559-a623-43dba3cd33a0/datanode-6/data-0/containers/hdds
2023-06-07 07:10:46,959 [main] INFO  volume.StorageVolumeChecker (StorageVolumeChecker.java:checkAllVolumes(202)) - Scheduled health check for volume /home/runner/work/ozone/ozone/hadoop-ozone/integration-test/target/test-dir/MiniOzoneClusterImpl-28223e3b-fb3b-4559-a623-43dba3cd33a0/datanode-6/data-0/containers/hdds
2023-06-07 07:10:46,979 [main] INFO  volume.MutableVolumeSet (MutableVolumeSet.java:initializeVolumeSet(175)) - Added Volume : /home/runner/work/ozone/ozone/hadoop-ozone/integration-test/target/test-dir/MiniOzoneClusterImpl-28223e3b-fb3b-4559-a623-43dba3cd33a0/datanode-6/data/ratis to VolumeSet
2023-06-07 07:10:46,979 [main] INFO  volume.ThrottledAsyncChecker (ThrottledAsyncChecker.java:schedule(141)) - Scheduling a check for /home/runner/work/ozone/ozone/hadoop-ozone/integration-test/target/test-dir/MiniOzoneClusterImpl-28223e3b-fb3b-4559-a623-43dba3cd33a0/datanode-6/data/ratis
2023-06-07 07:10:46,979 [main] INFO  volume.StorageVolumeChecker (StorageVolumeChecker.java:checkAllVolumes(202)) - Scheduled health check for volume /home/runner/work/ozone/ozone/hadoop-ozone/integration-test/target/test-dir/MiniOzoneClusterImpl-28223e3b-fb3b-4559-a623-43dba3cd33a0/datanode-6/data/ratis
2023-06-07 07:10:46,997 [Thread-244] INFO  ozoneimpl.ContainerReader (ContainerReader.java:readVolume(175)) - Finish verifying containers on volume /home/runner/work/ozone/ozone/hadoop-ozone/integration-test/target/test-dir/MiniOzoneClusterImpl-28223e3b-fb3b-4559-a623-43dba3cd33a0/datanode-6/data-0/containers/hdds
2023-06-07 07:10:46,997 [main] INFO  ozoneimpl.OzoneContainer (OzoneContainer.java:buildContainerSet(303)) - Build ContainerSet costs 0s
2023-06-07 07:10:47,003 [main] INFO  server.RaftServer (ConfUtils.java:logGet(46)) - raft.rpc.type = GRPC (default)
2023-06-07 07:10:47,004 [main] INFO  grpc.GrpcConfigKeys (ConfUtils.java:logFallback(53)) - raft.grpc.admin.host = null (fallback to raft.grpc.server.host)
2023-06-07 07:10:47,004 [main] INFO  grpc.GrpcConfigKeys (ConfUtils.java:logGet(46)) - raft.grpc.admin.port = 15067 (custom)
2023-06-07 07:10:47,005 [main] INFO  grpc.GrpcConfigKeys (ConfUtils.java:logFallback(53)) - raft.grpc.client.host = null (fallback to raft.grpc.server.host)
2023-06-07 07:10:47,005 [main] INFO  grpc.GrpcConfigKeys (ConfUtils.java:logGet(46)) - raft.grpc.client.port = 15066 (custom)
2023-06-07 07:10:47,005 [main] INFO  grpc.GrpcConfigKeys (ConfUtils.java:logGet(46)) - raft.grpc.server.host = null (default)
2023-06-07 07:10:47,005 [main] INFO  grpc.GrpcConfigKeys (ConfUtils.java:logGet(46)) - raft.grpc.server.port = 15068 (custom)
2023-06-07 07:10:47,005 [main] INFO  server.GrpcService (ConfUtils.java:logGet(46)) - raft.grpc.message.size.max = 32MB (=33554432) (custom)
2023-06-07 07:10:47,005 [main] INFO  server.RaftServerConfigKeys (ConfUtils.java:logGet(46)) - raft.server.log.appender.buffer.byte-limit = 33554432 (custom)
2023-06-07 07:10:47,006 [main] INFO  server.GrpcService (ConfUtils.java:logGet(46)) - raft.grpc.flow.control.window = 5MB (=5242880) (custom)
2023-06-07 07:10:47,006 [main] INFO  server.RaftServerConfigKeys (ConfUtils.java:logGet(46)) - raft.server.rpc.request.timeout = 60s (custom)
2023-06-07 07:10:47,006 [main] INFO  grpc.GrpcConfigKeys (ConfUtils.java:logGet(46)) - raft.grpc.server.heartbeat.channel = true (default)
2023-06-07 07:10:47,006 [main] INFO  grpc.GrpcConfigKeys (ConfUtils.java:logGet(46)) - raft.grpc.server.async.request.thread.pool.cached = true (default)
2023-06-07 07:10:47,006 [main] INFO  grpc.GrpcConfigKeys (ConfUtils.java:logGet(46)) - raft.grpc.server.async.request.thread.pool.size = 32 (default)
2023-06-07 07:10:47,010 [main] INFO  impl.DataStreamServerImpl (ConfUtils.java:logGet(46)) - raft.datastream.type = NETTY (custom)
2023-06-07 07:10:47,013 [main] INFO  server.RaftServerConfigKeys (ConfUtils.java:logGet(46)) - raft.server.data-stream.async.request.thread.pool.cached = false (default)
2023-06-07 07:10:47,014 [main] INFO  server.RaftServerConfigKeys (ConfUtils.java:logGet(46)) - raft.server.data-stream.async.request.thread.pool.size = 20 (custom)
2023-06-07 07:10:47,014 [main] INFO  server.RaftServerConfigKeys (ConfUtils.java:logGet(46)) - raft.server.data-stream.async.write.thread.pool.size = 16 (default)
2023-06-07 07:10:47,014 [main] INFO  server.RaftServerConfigKeys (ConfUtils.java:logGet(46)) - raft.server.data-stream.client.pool.size = 10 (default)
2023-06-07 07:10:47,016 [main] INFO  netty.NettyConfigKeys$DataStream (ConfUtils.java:logGet(46)) - raft.netty.dataStream.server.use-epoll = false (default)
2023-06-07 07:10:47,016 [main] INFO  netty.NettyConfigKeys$DataStream (ConfUtils.java:logGet(46)) - raft.netty.dataStream.server.boss-group.size = 0 (default)
2023-06-07 07:10:47,017 [main] INFO  netty.NettyConfigKeys$DataStream (ConfUtils.java:logGet(46)) - raft.netty.dataStream.server.worker-group.size = 0 (default)
2023-06-07 07:10:47,017 [main] INFO  netty.NettyConfigKeys$DataStream (ConfUtils.java:logGet(46)) - raft.netty.dataStream.server.tls.conf = null (default)
2023-06-07 07:10:47,018 [main] INFO  netty.NettyConfigKeys$DataStream (ConfUtils.java:logGet(46)) - raft.netty.dataStream.host = null (default)
2023-06-07 07:10:47,018 [main] INFO  netty.NettyConfigKeys$DataStream (ConfUtils.java:logGet(46)) - raft.netty.dataStream.port = 15069 (custom)
2023-06-07 07:10:47,019 [main] INFO  server.RaftServerConfigKeys (ConfUtils.java:logGet(46)) - raft.server.threadpool.proxy.cached = true (default)
2023-06-07 07:10:47,019 [main] INFO  server.RaftServerConfigKeys (ConfUtils.java:logGet(46)) - raft.server.threadpool.proxy.size = 0 (default)
2023-06-07 07:10:47,019 [main] INFO  server.RaftServerConfigKeys (ConfUtils.java:logGet(46)) - raft.server.rpc.slowness.timeout = 300s (custom)
2023-06-07 07:10:47,019 [main] INFO  server.RaftServerConfigKeys (ConfUtils.java:logGet(46)) - raft.server.leaderelection.leader.step-down.wait-time = 10s (default)
2023-06-07 07:10:47,020 [main] INFO  server.RaftServerConfigKeys (ConfUtils.java:logGet(46)) - raft.server.storage.dir = [/home/runner/work/ozone/ozone/hadoop-ozone/integration-test/target/test-dir/MiniOzoneClusterImpl-28223e3b-fb3b-4559-a623-43dba3cd33a0/datanode-6/data/ratis] (custom)
2023-06-07 07:10:47,023 [8757bef3-5796-4279-bd7f-82165642237f-NettyServerStreamRpc-bossGroup--thread1] INFO  logging.LoggingHandler (AbstractInternalLogger.java:log(148)) - [id: 0x406ceada] REGISTERED
2023-06-07 07:10:47,029 [main] INFO  server.XceiverServerGrpc (XceiverServerGrpc.java:<init>(132)) - GrpcServer channel type EpollServerSocketChannel
2023-06-07 07:10:47,030 [8757bef3-5796-4279-bd7f-82165642237f-NettyServerStreamRpc-bossGroup--thread1] INFO  logging.LoggingHandler (AbstractInternalLogger.java:log(148)) - [id: 0x406ceada] BIND: 0.0.0.0/0.0.0.0:15069
2023-06-07 07:10:47,030 [8757bef3-5796-4279-bd7f-82165642237f-NettyServerStreamRpc-bossGroup--thread1] INFO  logging.LoggingHandler (AbstractInternalLogger.java:log(148)) - [id: 0x406ceada, L:/0:0:0:0:0:0:0:0:15069] ACTIVE
2023-06-07 07:10:47,032 [main] INFO  replication.ReplicationSupervisor (ReplicationSupervisor.java:nodeStateUpdated(305)) - Node state updated to IN_SERVICE, scaling executor pool size to 10
2023-06-07 07:10:47,035 [main] INFO  token.OzoneBlockTokenSecretManager (OzoneSecretManager.java:updateCurrentKey(175)) - Updating current master key for generating tokens. Cert id 3430031981533
2023-06-07 07:10:47,044 [main] INFO  http.BaseHttpServer (BaseHttpServer.java:newHttpServer2BuilderForOzone(224)) - Starting Web-server for hddsDatanode at: http://0.0.0.0:15063
2023-06-07 07:10:47,045 [main] INFO  http.BaseHttpServer (BaseHttpServer.java:<init>(111)) - Hadoop Security Enabled: false Ozone Security Enabled: false Ozone HTTP Security Enabled: false 
2023-06-07 07:10:47,047 [main] WARN  server.AuthenticationFilter (AuthenticationFilter.java:constructSecretProvider(240)) - Unable to initialize FileSignerSecretProvider, falling back to use random secrets. Reason: Could not read signature secret file: /home/runner/hadoop-http-auth-signature-secret
2023-06-07 07:10:47,069 [main] INFO  http.HttpRequestLog (HttpRequestLog.java:getRequestLog(86)) - Http request log for http.requests.hddsDatanode is not defined
2023-06-07 07:10:47,073 [main] INFO  http.HttpServer2 (HttpServer2.java:addGlobalFilter(1031)) - Added global filter 'safety' (class=org.apache.hadoop.hdds.server.http.HttpServer2$QuotingInputFilter)
2023-06-07 07:10:47,075 [main] INFO  http.HttpServer2 (HttpServer2.java:addFilter(1007)) - Added filter static_user_filter (class=org.apache.hadoop.http.lib.StaticUserWebFilter$StaticUserFilter) to context hddsDatanode
2023-06-07 07:10:47,075 [main] INFO  http.HttpServer2 (HttpServer2.java:addFilter(1015)) - Added filter static_user_filter (class=org.apache.hadoop.http.lib.StaticUserWebFilter$StaticUserFilter) to context static
2023-06-07 07:10:47,076 [main] INFO  http.HttpServer2 (HttpServer2.java:addFilter(1015)) - Added filter static_user_filter (class=org.apache.hadoop.http.lib.StaticUserWebFilter$StaticUserFilter) to context logs
2023-06-07 07:10:47,077 [main] INFO  http.BaseHttpServer (BaseHttpServer.java:<init>(190)) - HTTP server of hddsDatanode uses base directory /home/runner/work/ozone/ozone/hadoop-ozone/integration-test/target/test-dir/MiniOzoneClusterImpl-28223e3b-fb3b-4559-a623-43dba3cd33a0/datanode-6/meta/webserver
2023-06-07 07:10:47,077 [main] INFO  http.HttpServer2 (HttpServer2.java:bindListener(1250)) - Jetty bound to port 15063
2023-06-07 07:10:47,077 [main] INFO  server.Server (Server.java:doStart(375)) - jetty-9.4.51.v20230217; built: 2023-02-17T08:19:37.309Z; git: b45c405e4544384de066f814ed42ae3dceacdd49; jvm 1.8.0_372-b07
2023-06-07 07:10:47,079 [main] INFO  server.session (DefaultSessionIdManager.java:doStart(334)) - DefaultSessionIdManager workerName=node0
2023-06-07 07:10:47,079 [main] INFO  server.session (DefaultSessionIdManager.java:doStart(339)) - No SessionScavenger set, using defaults
2023-06-07 07:10:47,080 [main] INFO  server.session (HouseKeeper.java:startScavenging(132)) - node0 Scavenging every 660000ms
2023-06-07 07:10:47,082 [main] INFO  handler.ContextHandler (ContextHandler.java:doStart(921)) - Started o.e.j.s.ServletContextHandler@1d7ff206{logs,/logs,file:///home/runner/work/ozone/ozone/hadoop-ozone/integration-test/target/log,AVAILABLE}
2023-06-07 07:10:47,082 [main] INFO  handler.ContextHandler (ContextHandler.java:doStart(921)) - Started o.e.j.s.ServletContextHandler@6cc4daa4{static,/static,jar:file:/home/runner/.m2/repository/org/apache/ozone/hdds-container-service/1.4.0-SNAPSHOT/hdds-container-service-1.4.0-SNAPSHOT.jar!/webapps/static,AVAILABLE}
2023-06-07 07:10:47,238 [EndpointStateMachine task thread for /0.0.0.0:15002 - 0 ] INFO  utils.DatanodeStoreCache (DatanodeStoreCache.java:addDB(66)) - Added db /home/runner/work/ozone/ozone/hadoop-ozone/integration-test/target/test-dir/MiniOzoneClusterImpl-28223e3b-fb3b-4559-a623-43dba3cd33a0/datanode-0/data-0/containers/hdds/28223e3b-fb3b-4559-a623-43dba3cd33a0/DS-9b552d66-5dea-4310-8b6f-1203a1f6433a/container.db to cache
2023-06-07 07:10:47,238 [EndpointStateMachine task thread for /0.0.0.0:15002 - 0 ] INFO  volume.HddsVolume (HddsVolume.java:createDbStore(350)) - SchemaV3 db is created and loaded at /home/runner/work/ozone/ozone/hadoop-ozone/integration-test/target/test-dir/MiniOzoneClusterImpl-28223e3b-fb3b-4559-a623-43dba3cd33a0/datanode-0/data-0/containers/hdds/28223e3b-fb3b-4559-a623-43dba3cd33a0/DS-9b552d66-5dea-4310-8b6f-1203a1f6433a/container.db for volume DS-9b552d66-5dea-4310-8b6f-1203a1f6433a
2023-06-07 07:10:47,241 [EndpointStateMachine task thread for /0.0.0.0:15002 - 0 ] INFO  ozoneimpl.OzoneContainer (OzoneContainer.java:start(398)) - Attempting to start container services.
2023-06-07 07:10:47,245 [EndpointStateMachine task thread for /0.0.0.0:15002 - 0 ] INFO  ozoneimpl.OzoneContainer (OzoneContainer.java:startContainerScrub(314)) - Scheduled background container scanners and the on-demand container scanner have been disabled.
2023-06-07 07:10:47,248 [EndpointStateMachine task thread for /0.0.0.0:15002 - 0 ] INFO  replication.ReplicationServer (ReplicationServer.java:start(128)) - ReplicationServer is started using port 15016
2023-06-07 07:10:47,249 [EndpointStateMachine task thread for /0.0.0.0:15002 - 0 ] INFO  ratis.XceiverServerRatis (XceiverServerRatis.java:start(517)) - Starting XceiverServerRatis add60280-7665-46a7-8f97-112ab314f22d
2023-06-07 07:10:47,254 [EndpointStateMachine task thread for /0.0.0.0:15002 - 0 ] INFO  server.RaftServer (RaftServerProxy.java:startImpl(400)) - add60280-7665-46a7-8f97-112ab314f22d: start RPC server
2023-06-07 07:10:47,265 [EndpointStateMachine task thread for /0.0.0.0:15002 - 0 ] INFO  server.GrpcService (GrpcService.java:startImpl(302)) - add60280-7665-46a7-8f97-112ab314f22d: GrpcService started, listening on 15012
2023-06-07 07:10:47,267 [EndpointStateMachine task thread for /0.0.0.0:15002 - 0 ] INFO  server.GrpcService (GrpcService.java:startImpl(302)) - add60280-7665-46a7-8f97-112ab314f22d: GrpcService started, listening on 15014
2023-06-07 07:10:47,269 [EndpointStateMachine task thread for /0.0.0.0:15002 - 0 ] INFO  server.GrpcService (GrpcService.java:startImpl(302)) - add60280-7665-46a7-8f97-112ab314f22d: GrpcService started, listening on 15013
2023-06-07 07:10:47,269 [EndpointStateMachine task thread for /0.0.0.0:15002 - 0 ] INFO  ratis.XceiverServerRatis (XceiverServerRatis.java:getRealPort(543)) - XceiverServerRatis add60280-7665-46a7-8f97-112ab314f22d is started using port 15012 for RATIS
2023-06-07 07:10:47,269 [EndpointStateMachine task thread for /0.0.0.0:15002 - 0 ] INFO  ratis.XceiverServerRatis (XceiverServerRatis.java:getRealPort(543)) - XceiverServerRatis add60280-7665-46a7-8f97-112ab314f22d is started using port 15013 for RATIS_ADMIN
2023-06-07 07:10:47,269 [EndpointStateMachine task thread for /0.0.0.0:15002 - 0 ] INFO  ratis.XceiverServerRatis (XceiverServerRatis.java:getRealPort(543)) - XceiverServerRatis add60280-7665-46a7-8f97-112ab314f22d is started using port 15014 for RATIS_SERVER
2023-06-07 07:10:47,270 [EndpointStateMachine task thread for /0.0.0.0:15002 - 0 ] INFO  ratis.XceiverServerRatis (XceiverServerRatis.java:getRealPort(543)) - XceiverServerRatis add60280-7665-46a7-8f97-112ab314f22d is started using port 15015 for RATIS_DATASTREAM
2023-06-07 07:10:47,273 [JvmPauseMonitor2] INFO  util.JvmPauseMonitor (JvmPauseMonitor.java:run(103)) - JvmPauseMonitor-add60280-7665-46a7-8f97-112ab314f22d: Started
2023-06-07 07:10:47,290 [BlockDeletingService#0] INFO  interfaces.ContainerDeletionChoosingPolicyTemplate (ContainerDeletionChoosingPolicyTemplate.java:chooseContainerForBlockDeletion(83)) - Chosen 0/5000 blocks from 0 candidate containers.
2023-06-07 07:10:47,368 [EndpointStateMachine task thread for /0.0.0.0:15002 - 0 ] INFO  utils.DatanodeStoreCache (DatanodeStoreCache.java:addDB(66)) - Added db /home/runner/work/ozone/ozone/hadoop-ozone/integration-test/target/test-dir/MiniOzoneClusterImpl-28223e3b-fb3b-4559-a623-43dba3cd33a0/datanode-1/data-0/containers/hdds/28223e3b-fb3b-4559-a623-43dba3cd33a0/DS-dcf1e64b-6158-45fe-98c7-39dfa2a1abdc/container.db to cache
2023-06-07 07:10:47,368 [EndpointStateMachine task thread for /0.0.0.0:15002 - 0 ] INFO  volume.HddsVolume (HddsVolume.java:createDbStore(350)) - SchemaV3 db is created and loaded at /home/runner/work/ozone/ozone/hadoop-ozone/integration-test/target/test-dir/MiniOzoneClusterImpl-28223e3b-fb3b-4559-a623-43dba3cd33a0/datanode-1/data-0/containers/hdds/28223e3b-fb3b-4559-a623-43dba3cd33a0/DS-dcf1e64b-6158-45fe-98c7-39dfa2a1abdc/container.db for volume DS-dcf1e64b-6158-45fe-98c7-39dfa2a1abdc
2023-06-07 07:10:47,371 [EndpointStateMachine task thread for /0.0.0.0:15002 - 0 ] INFO  ozoneimpl.OzoneContainer (OzoneContainer.java:start(398)) - Attempting to start container services.
2023-06-07 07:10:47,371 [EndpointStateMachine task thread for /0.0.0.0:15002 - 0 ] INFO  ozoneimpl.OzoneContainer (OzoneContainer.java:startContainerScrub(314)) - Scheduled background container scanners and the on-demand container scanner have been disabled.
2023-06-07 07:10:47,374 [EndpointStateMachine task thread for /0.0.0.0:15002 - 0 ] INFO  replication.ReplicationServer (ReplicationServer.java:start(128)) - ReplicationServer is started using port 15025
2023-06-07 07:10:47,375 [EndpointStateMachine task thread for /0.0.0.0:15002 - 0 ] INFO  ratis.XceiverServerRatis (XceiverServerRatis.java:start(517)) - Starting XceiverServerRatis 44d8f5b4-8dfc-4dc1-b3e0-dd93457af28b
2023-06-07 07:10:47,392 [main] INFO  handler.ContextHandler (ContextHandler.java:doStart(921)) - Started o.e.j.w.WebAppContext@29381a1d{hddsDatanode,/,file:///home/runner/work/ozone/ozone/hadoop-ozone/integration-test/target/test-dir/MiniOzoneClusterImpl-28223e3b-fb3b-4559-a623-43dba3cd33a0/datanode-6/meta/webserver/jetty-0_0_0_0-15063-hdds-container-service-1_4_0-SNAPSHOT_jar-_-any-8372480329890703300/webapp/,AVAILABLE}{jar:file:/home/runner/.m2/repository/org/apache/ozone/hdds-container-service/1.4.0-SNAPSHOT/hdds-container-service-1.4.0-SNAPSHOT.jar!/webapps/hddsDatanode}
2023-06-07 07:10:47,393 [EndpointStateMachine task thread for /0.0.0.0:15002 - 0 ] INFO  server.RaftServer (RaftServerProxy.java:startImpl(400)) - 44d8f5b4-8dfc-4dc1-b3e0-dd93457af28b: start RPC server
2023-06-07 07:10:47,396 [main] INFO  server.AbstractConnector (AbstractConnector.java:doStart(333)) - Started ServerConnector@661f4394{HTTP/1.1, (http/1.1)}{0.0.0.0:15063}
2023-06-07 07:10:47,397 [EndpointStateMachine task thread for /0.0.0.0:15002 - 0 ] INFO  server.GrpcService (GrpcService.java:startImpl(302)) - 44d8f5b4-8dfc-4dc1-b3e0-dd93457af28b: GrpcService started, listening on 15021
2023-06-07 07:10:47,397 [main] INFO  server.Server (Server.java:doStart(415)) - Started @14330ms
2023-06-07 07:10:47,399 [EndpointStateMachine task thread for /0.0.0.0:15002 - 0 ] INFO  server.GrpcService (GrpcService.java:startImpl(302)) - 44d8f5b4-8dfc-4dc1-b3e0-dd93457af28b: GrpcService started, listening on 15023
2023-06-07 07:10:47,399 [main] WARN  impl.MetricsSystemImpl (MetricsSystemImpl.java:register(279)) - Sink prometheus already exists!
2023-06-07 07:10:47,404 [EndpointStateMachine task thread for /0.0.0.0:15002 - 0 ] INFO  server.GrpcService (GrpcService.java:startImpl(302)) - 44d8f5b4-8dfc-4dc1-b3e0-dd93457af28b: GrpcService started, listening on 15022
2023-06-07 07:10:47,405 [EndpointStateMachine task thread for /0.0.0.0:15002 - 0 ] INFO  ratis.XceiverServerRatis (XceiverServerRatis.java:getRealPort(543)) - XceiverServerRatis 44d8f5b4-8dfc-4dc1-b3e0-dd93457af28b is started using port 15021 for RATIS
2023-06-07 07:10:47,405 [JvmPauseMonitor3] INFO  util.JvmPauseMonitor (JvmPauseMonitor.java:run(103)) - JvmPauseMonitor-44d8f5b4-8dfc-4dc1-b3e0-dd93457af28b: Started
2023-06-07 07:10:47,405 [EndpointStateMachine task thread for /0.0.0.0:15002 - 0 ] INFO  ratis.XceiverServerRatis (XceiverServerRatis.java:getRealPort(543)) - XceiverServerRatis 44d8f5b4-8dfc-4dc1-b3e0-dd93457af28b is started using port 15022 for RATIS_ADMIN
2023-06-07 07:10:47,405 [EndpointStateMachine task thread for /0.0.0.0:15002 - 0 ] INFO  ratis.XceiverServerRatis (XceiverServerRatis.java:getRealPort(543)) - XceiverServerRatis 44d8f5b4-8dfc-4dc1-b3e0-dd93457af28b is started using port 15023 for RATIS_SERVER
2023-06-07 07:10:47,405 [EndpointStateMachine task thread for /0.0.0.0:15002 - 0 ] INFO  ratis.XceiverServerRatis (XceiverServerRatis.java:getRealPort(543)) - XceiverServerRatis 44d8f5b4-8dfc-4dc1-b3e0-dd93457af28b is started using port 15024 for RATIS_DATASTREAM
2023-06-07 07:10:47,408 [main] INFO  http.BaseHttpServer (BaseHttpServer.java:updateConnectorAddress(344)) - HTTP server of hddsDatanode listening at http://0.0.0.0:15063
2023-06-07 07:10:47,409 [main] INFO  ipc.CallQueueManager (CallQueueManager.java:<init>(90)) - Using callQueue: class java.util.concurrent.LinkedBlockingQueue, queueCapacity: 100, scheduler: class org.apache.hadoop.ipc.DefaultRpcScheduler, ipcBackoff: false.
2023-06-07 07:10:47,411 [Socket Reader #1 for port 15064] INFO  ipc.Server (Server.java:run(1319)) - Starting Socket Reader #1 for port 15064
2023-06-07 07:10:47,413 [Listener at 0.0.0.0/15064] INFO  hdds.HddsUtils (HddsUtils.java:preserveThreadName(843)) - Restoring thread name: main
2023-06-07 07:10:47,413 [main] INFO  ozone.HddsDatanodeService (HddsDatanodeService.java:start(332)) - Datanode start with admins: [runner]
2023-06-07 07:10:47,413 [main] INFO  ozone.HddsDatanodeClientProtocolServer (HddsDatanodeClientProtocolServer.java:start(72)) - RPC server for Client /0.0.0.0:15064
2023-06-07 07:10:47,413 [IPC Server Responder] INFO  ipc.Server (Server.java:run(1558)) - IPC Server Responder: starting
2023-06-07 07:10:47,414 [Datanode State Machine Daemon Thread] INFO  statemachine.DatanodeStateMachine (DatanodeStateMachine.java:lambda$startDaemon$0(523)) - Ozone container server started.
2023-06-07 07:10:47,414 [main] WARN  impl.MetricRegistriesImpl (MetricRegistriesImpl.java:addReporterRegistration(111)) - New reporters are added after registries were created. Some metrics will be missing from the reporter. Please add reporter before adding any new registry.
2023-06-07 07:10:47,414 [main] WARN  impl.MetricRegistriesImpl (MetricRegistriesImpl.java:addReporterRegistration(111)) - New reporters are added after registries were created. Some metrics will be missing from the reporter. Please add reporter before adding any new registry.
2023-06-07 07:10:47,414 [main] INFO  impl.MetricsSystemImpl (MetricsSystemImpl.java:init(158)) - HddsDatanode metrics system started (again)
2023-06-07 07:10:47,417 [BlockDeletingService#0] INFO  interfaces.ContainerDeletionChoosingPolicyTemplate (ContainerDeletionChoosingPolicyTemplate.java:chooseContainerForBlockDeletion(83)) - Chosen 0/5000 blocks from 0 candidate containers.
2023-06-07 07:10:47,418 [IPC Server listener on 15064] INFO  ipc.Server (Server.java:run(1398)) - IPC Server listener on 15064: starting
2023-06-07 07:10:47,442 [main] INFO  ozone.HddsDatanodeService (HddsDatanodeService.java:start(258)) - HddsDatanodeService host:fv-az246-755.dmzl2ssfaldu3choa5k4qgfeyh.jx.internal.cloudapp.net ip:10.1.0.31
2023-06-07 07:10:47,461 [Datanode State Machine Task Thread - 0] INFO  datanode.InitDatanodeState (InitDatanodeState.java:persistContainerDatanodeDetails(138)) - DatanodeDetails is persisted to /home/runner/work/ozone/ozone/hadoop-ozone/integration-test/target/test-dir/MiniOzoneClusterImpl-28223e3b-fb3b-4559-a623-43dba3cd33a0/datanode-6/meta/datanode.id
2023-06-07 07:10:47,475 [main] INFO  upgrade.AbstractLayoutVersionManager (AbstractLayoutVersionManager.java:init(83)) - Initializing Layout version manager with metadata layout = HADOOP_PRC_PORTS_IN_DATANODEDETAILS (version = 7), software layout = HADOOP_PRC_PORTS_IN_DATANODEDETAILS (version = 7)
2023-06-07 07:10:47,476 [main] INFO  statemachine.DatanodeStateMachine (DatanodeStateMachine.java:getEndPointTaskThreadPoolSize(271)) - Datanode State Machine Task Thread Pool size 2
2023-06-07 07:10:47,479 [main] INFO  volume.HddsVolume (HddsVolume.java:<init>(130)) - Creating HddsVolume: /home/runner/work/ozone/ozone/hadoop-ozone/integration-test/target/test-dir/MiniOzoneClusterImpl-28223e3b-fb3b-4559-a623-43dba3cd33a0/datanode-7/data-0/containers/hdds of storage type : DISK capacity : 9223372036854775807
2023-06-07 07:10:47,479 [main] INFO  volume.MutableVolumeSet (MutableVolumeSet.java:initializeVolumeSet(175)) - Added Volume : /home/runner/work/ozone/ozone/hadoop-ozone/integration-test/target/test-dir/MiniOzoneClusterImpl-28223e3b-fb3b-4559-a623-43dba3cd33a0/datanode-7/data-0/containers/hdds to VolumeSet
2023-06-07 07:10:47,479 [main] INFO  volume.ThrottledAsyncChecker (ThrottledAsyncChecker.java:schedule(141)) - Scheduling a check for /home/runner/work/ozone/ozone/hadoop-ozone/integration-test/target/test-dir/MiniOzoneClusterImpl-28223e3b-fb3b-4559-a623-43dba3cd33a0/datanode-7/data-0/containers/hdds
2023-06-07 07:10:47,482 [main] INFO  volume.StorageVolumeChecker (StorageVolumeChecker.java:checkAllVolumes(202)) - Scheduled health check for volume /home/runner/work/ozone/ozone/hadoop-ozone/integration-test/target/test-dir/MiniOzoneClusterImpl-28223e3b-fb3b-4559-a623-43dba3cd33a0/datanode-7/data-0/containers/hdds
2023-06-07 07:10:47,498 [main] INFO  volume.MutableVolumeSet (MutableVolumeSet.java:initializeVolumeSet(175)) - Added Volume : /home/runner/work/ozone/ozone/hadoop-ozone/integration-test/target/test-dir/MiniOzoneClusterImpl-28223e3b-fb3b-4559-a623-43dba3cd33a0/datanode-7/data/ratis to VolumeSet
2023-06-07 07:10:47,498 [main] INFO  volume.ThrottledAsyncChecker (ThrottledAsyncChecker.java:schedule(141)) - Scheduling a check for /home/runner/work/ozone/ozone/hadoop-ozone/integration-test/target/test-dir/MiniOzoneClusterImpl-28223e3b-fb3b-4559-a623-43dba3cd33a0/datanode-7/data/ratis
2023-06-07 07:10:47,498 [main] INFO  volume.StorageVolumeChecker (StorageVolumeChecker.java:checkAllVolumes(202)) - Scheduled health check for volume /home/runner/work/ozone/ozone/hadoop-ozone/integration-test/target/test-dir/MiniOzoneClusterImpl-28223e3b-fb3b-4559-a623-43dba3cd33a0/datanode-7/data/ratis
2023-06-07 07:10:47,513 [Thread-271] INFO  ozoneimpl.ContainerReader (ContainerReader.java:readVolume(175)) - Finish verifying containers on volume /home/runner/work/ozone/ozone/hadoop-ozone/integration-test/target/test-dir/MiniOzoneClusterImpl-28223e3b-fb3b-4559-a623-43dba3cd33a0/datanode-7/data-0/containers/hdds
2023-06-07 07:10:47,514 [main] INFO  ozoneimpl.OzoneContainer (OzoneContainer.java:buildContainerSet(303)) - Build ContainerSet costs 0s
2023-06-07 07:10:47,517 [main] INFO  server.RaftServer (ConfUtils.java:logGet(46)) - raft.rpc.type = GRPC (default)
2023-06-07 07:10:47,517 [main] INFO  grpc.GrpcConfigKeys (ConfUtils.java:logFallback(53)) - raft.grpc.admin.host = null (fallback to raft.grpc.server.host)
2023-06-07 07:10:47,517 [main] INFO  grpc.GrpcConfigKeys (ConfUtils.java:logGet(46)) - raft.grpc.admin.port = 15076 (custom)
2023-06-07 07:10:47,517 [main] INFO  grpc.GrpcConfigKeys (ConfUtils.java:logFallback(53)) - raft.grpc.client.host = null (fallback to raft.grpc.server.host)
2023-06-07 07:10:47,517 [main] INFO  grpc.GrpcConfigKeys (ConfUtils.java:logGet(46)) - raft.grpc.client.port = 15075 (custom)
2023-06-07 07:10:47,518 [main] INFO  grpc.GrpcConfigKeys (ConfUtils.java:logGet(46)) - raft.grpc.server.host = null (default)
2023-06-07 07:10:47,518 [main] INFO  grpc.GrpcConfigKeys (ConfUtils.java:logGet(46)) - raft.grpc.server.port = 15077 (custom)
2023-06-07 07:10:47,518 [main] INFO  server.GrpcService (ConfUtils.java:logGet(46)) - raft.grpc.message.size.max = 32MB (=33554432) (custom)
2023-06-07 07:10:47,518 [main] INFO  server.RaftServerConfigKeys (ConfUtils.java:logGet(46)) - raft.server.log.appender.buffer.byte-limit = 33554432 (custom)
2023-06-07 07:10:47,518 [main] INFO  server.GrpcService (ConfUtils.java:logGet(46)) - raft.grpc.flow.control.window = 5MB (=5242880) (custom)
2023-06-07 07:10:47,518 [main] INFO  server.RaftServerConfigKeys (ConfUtils.java:logGet(46)) - raft.server.rpc.request.timeout = 60s (custom)
2023-06-07 07:10:47,519 [main] INFO  grpc.GrpcConfigKeys (ConfUtils.java:logGet(46)) - raft.grpc.server.heartbeat.channel = true (default)
2023-06-07 07:10:47,519 [main] INFO  grpc.GrpcConfigKeys (ConfUtils.java:logGet(46)) - raft.grpc.server.async.request.thread.pool.cached = true (default)
2023-06-07 07:10:47,519 [main] INFO  grpc.GrpcConfigKeys (ConfUtils.java:logGet(46)) - raft.grpc.server.async.request.thread.pool.size = 32 (default)
2023-06-07 07:10:47,522 [main] INFO  impl.DataStreamServerImpl (ConfUtils.java:logGet(46)) - raft.datastream.type = NETTY (custom)
2023-06-07 07:10:47,523 [main] INFO  server.RaftServerConfigKeys (ConfUtils.java:logGet(46)) - raft.server.data-stream.async.request.thread.pool.cached = false (default)
2023-06-07 07:10:47,523 [main] INFO  server.RaftServerConfigKeys (ConfUtils.java:logGet(46)) - raft.server.data-stream.async.request.thread.pool.size = 20 (custom)
2023-06-07 07:10:47,523 [main] INFO  server.RaftServerConfigKeys (ConfUtils.java:logGet(46)) - raft.server.data-stream.async.write.thread.pool.size = 16 (default)
2023-06-07 07:10:47,523 [main] INFO  server.RaftServerConfigKeys (ConfUtils.java:logGet(46)) - raft.server.data-stream.client.pool.size = 10 (default)
2023-06-07 07:10:47,523 [main] INFO  netty.NettyConfigKeys$DataStream (ConfUtils.java:logGet(46)) - raft.netty.dataStream.server.use-epoll = false (default)
2023-06-07 07:10:47,524 [main] INFO  netty.NettyConfigKeys$DataStream (ConfUtils.java:logGet(46)) - raft.netty.dataStream.server.boss-group.size = 0 (default)
2023-06-07 07:10:47,524 [main] INFO  netty.NettyConfigKeys$DataStream (ConfUtils.java:logGet(46)) - raft.netty.dataStream.server.worker-group.size = 0 (default)
2023-06-07 07:10:47,524 [main] INFO  netty.NettyConfigKeys$DataStream (ConfUtils.java:logGet(46)) - raft.netty.dataStream.server.tls.conf = null (default)
2023-06-07 07:10:47,525 [main] INFO  netty.NettyConfigKeys$DataStream (ConfUtils.java:logGet(46)) - raft.netty.dataStream.host = null (default)
2023-06-07 07:10:47,525 [main] INFO  netty.NettyConfigKeys$DataStream (ConfUtils.java:logGet(46)) - raft.netty.dataStream.port = 15078 (custom)
2023-06-07 07:10:47,525 [main] INFO  server.RaftServerConfigKeys (ConfUtils.java:logGet(46)) - raft.server.threadpool.proxy.cached = true (default)
2023-06-07 07:10:47,526 [main] INFO  server.RaftServerConfigKeys (ConfUtils.java:logGet(46)) - raft.server.threadpool.proxy.size = 0 (default)
2023-06-07 07:10:47,526 [main] INFO  server.RaftServerConfigKeys (ConfUtils.java:logGet(46)) - raft.server.rpc.slowness.timeout = 300s (custom)
2023-06-07 07:10:47,526 [main] INFO  server.RaftServerConfigKeys (ConfUtils.java:logGet(46)) - raft.server.leaderelection.leader.step-down.wait-time = 10s (default)
2023-06-07 07:10:47,526 [main] INFO  server.RaftServerConfigKeys (ConfUtils.java:logGet(46)) - raft.server.storage.dir = [/home/runner/work/ozone/ozone/hadoop-ozone/integration-test/target/test-dir/MiniOzoneClusterImpl-28223e3b-fb3b-4559-a623-43dba3cd33a0/datanode-7/data/ratis] (custom)
2023-06-07 07:10:47,541 [main] INFO  server.XceiverServerGrpc (XceiverServerGrpc.java:<init>(132)) - GrpcServer channel type EpollServerSocketChannel
2023-06-07 07:10:47,543 [main] INFO  replication.ReplicationSupervisor (ReplicationSupervisor.java:nodeStateUpdated(305)) - Node state updated to IN_SERVICE, scaling executor pool size to 10
2023-06-07 07:10:47,544 [main] INFO  token.OzoneBlockTokenSecretManager (OzoneSecretManager.java:updateCurrentKey(175)) - Updating current master key for generating tokens. Cert id 3430031981533
2023-06-07 07:10:47,545 [main] INFO  http.BaseHttpServer (BaseHttpServer.java:newHttpServer2BuilderForOzone(224)) - Starting Web-server for hddsDatanode at: http://0.0.0.0:15072
2023-06-07 07:10:47,546 [main] INFO  http.BaseHttpServer (BaseHttpServer.java:<init>(111)) - Hadoop Security Enabled: false Ozone Security Enabled: false Ozone HTTP Security Enabled: false 
2023-06-07 07:10:47,547 [main] WARN  server.AuthenticationFilter (AuthenticationFilter.java:constructSecretProvider(240)) - Unable to initialize FileSignerSecretProvider, falling back to use random secrets. Reason: Could not read signature secret file: /home/runner/hadoop-http-auth-signature-secret
2023-06-07 07:10:47,550 [1c3f76c4-a361-44c3-a437-710dc7a71a87-NettyServerStreamRpc-bossGroup--thread1] INFO  logging.LoggingHandler (AbstractInternalLogger.java:log(148)) - [id: 0xf119229d] REGISTERED
2023-06-07 07:10:47,550 [1c3f76c4-a361-44c3-a437-710dc7a71a87-NettyServerStreamRpc-bossGroup--thread1] INFO  logging.LoggingHandler (AbstractInternalLogger.java:log(148)) - [id: 0xf119229d] BIND: 0.0.0.0/0.0.0.0:15078
2023-06-07 07:10:47,550 [1c3f76c4-a361-44c3-a437-710dc7a71a87-NettyServerStreamRpc-bossGroup--thread1] INFO  logging.LoggingHandler (AbstractInternalLogger.java:log(148)) - [id: 0xf119229d, L:/0:0:0:0:0:0:0:0:15078] ACTIVE
2023-06-07 07:10:47,551 [main] INFO  http.HttpRequestLog (HttpRequestLog.java:getRequestLog(86)) - Http request log for http.requests.hddsDatanode is not defined
2023-06-07 07:10:47,552 [main] INFO  http.HttpServer2 (HttpServer2.java:addGlobalFilter(1031)) - Added global filter 'safety' (class=org.apache.hadoop.hdds.server.http.HttpServer2$QuotingInputFilter)
2023-06-07 07:10:47,553 [main] INFO  http.HttpServer2 (HttpServer2.java:addFilter(1007)) - Added filter static_user_filter (class=org.apache.hadoop.http.lib.StaticUserWebFilter$StaticUserFilter) to context hddsDatanode
2023-06-07 07:10:47,554 [main] INFO  http.HttpServer2 (HttpServer2.java:addFilter(1015)) - Added filter static_user_filter (class=org.apache.hadoop.http.lib.StaticUserWebFilter$StaticUserFilter) to context logs
2023-06-07 07:10:47,554 [main] INFO  http.HttpServer2 (HttpServer2.java:addFilter(1015)) - Added filter static_user_filter (class=org.apache.hadoop.http.lib.StaticUserWebFilter$StaticUserFilter) to context static
2023-06-07 07:10:47,554 [main] INFO  http.BaseHttpServer (BaseHttpServer.java:<init>(190)) - HTTP server of hddsDatanode uses base directory /home/runner/work/ozone/ozone/hadoop-ozone/integration-test/target/test-dir/MiniOzoneClusterImpl-28223e3b-fb3b-4559-a623-43dba3cd33a0/datanode-7/meta/webserver
2023-06-07 07:10:47,555 [main] INFO  http.HttpServer2 (HttpServer2.java:bindListener(1250)) - Jetty bound to port 15072
2023-06-07 07:10:47,555 [main] INFO  server.Server (Server.java:doStart(375)) - jetty-9.4.51.v20230217; built: 2023-02-17T08:19:37.309Z; git: b45c405e4544384de066f814ed42ae3dceacdd49; jvm 1.8.0_372-b07
2023-06-07 07:10:47,557 [main] INFO  server.session (DefaultSessionIdManager.java:doStart(334)) - DefaultSessionIdManager workerName=node0
2023-06-07 07:10:47,557 [main] INFO  server.session (DefaultSessionIdManager.java:doStart(339)) - No SessionScavenger set, using defaults
2023-06-07 07:10:47,557 [main] INFO  server.session (HouseKeeper.java:startScavenging(132)) - node0 Scavenging every 600000ms
2023-06-07 07:10:47,558 [main] INFO  handler.ContextHandler (ContextHandler.java:doStart(921)) - Started o.e.j.s.ServletContextHandler@39c1b088{logs,/logs,file:///home/runner/work/ozone/ozone/hadoop-ozone/integration-test/target/log,AVAILABLE}
2023-06-07 07:10:47,559 [main] INFO  handler.ContextHandler (ContextHandler.java:doStart(921)) - Started o.e.j.s.ServletContextHandler@edab760{static,/static,jar:file:/home/runner/.m2/repository/org/apache/ozone/hdds-container-service/1.4.0-SNAPSHOT/hdds-container-service-1.4.0-SNAPSHOT.jar!/webapps/static,AVAILABLE}
2023-06-07 07:10:47,758 [EndpointStateMachine task thread for /0.0.0.0:15002 - 0 ] INFO  utils.DatanodeStoreCache (DatanodeStoreCache.java:addDB(66)) - Added db /home/runner/work/ozone/ozone/hadoop-ozone/integration-test/target/test-dir/MiniOzoneClusterImpl-28223e3b-fb3b-4559-a623-43dba3cd33a0/datanode-2/data-0/containers/hdds/28223e3b-fb3b-4559-a623-43dba3cd33a0/DS-6d1b31f8-1db9-4019-9f58-5421604d2bf6/container.db to cache
2023-06-07 07:10:47,758 [EndpointStateMachine task thread for /0.0.0.0:15002 - 0 ] INFO  volume.HddsVolume (HddsVolume.java:createDbStore(350)) - SchemaV3 db is created and loaded at /home/runner/work/ozone/ozone/hadoop-ozone/integration-test/target/test-dir/MiniOzoneClusterImpl-28223e3b-fb3b-4559-a623-43dba3cd33a0/datanode-2/data-0/containers/hdds/28223e3b-fb3b-4559-a623-43dba3cd33a0/DS-6d1b31f8-1db9-4019-9f58-5421604d2bf6/container.db for volume DS-6d1b31f8-1db9-4019-9f58-5421604d2bf6
2023-06-07 07:10:47,759 [EndpointStateMachine task thread for /0.0.0.0:15002 - 0 ] INFO  ozoneimpl.OzoneContainer (OzoneContainer.java:start(398)) - Attempting to start container services.
2023-06-07 07:10:47,759 [EndpointStateMachine task thread for /0.0.0.0:15002 - 0 ] INFO  ozoneimpl.OzoneContainer (OzoneContainer.java:startContainerScrub(314)) - Scheduled background container scanners and the on-demand container scanner have been disabled.
2023-06-07 07:10:47,762 [EndpointStateMachine task thread for /0.0.0.0:15002 - 0 ] INFO  replication.ReplicationServer (ReplicationServer.java:start(128)) - ReplicationServer is started using port 15034
2023-06-07 07:10:47,762 [EndpointStateMachine task thread for /0.0.0.0:15002 - 0 ] INFO  ratis.XceiverServerRatis (XceiverServerRatis.java:start(517)) - Starting XceiverServerRatis 2912fda5-c0b1-4d9e-ac44-fd313bf4d5ec
2023-06-07 07:10:47,762 [EndpointStateMachine task thread for /0.0.0.0:15002 - 0 ] INFO  server.RaftServer (RaftServerProxy.java:startImpl(400)) - 2912fda5-c0b1-4d9e-ac44-fd313bf4d5ec: start RPC server
2023-06-07 07:10:47,767 [EndpointStateMachine task thread for /0.0.0.0:15002 - 0 ] INFO  server.GrpcService (GrpcService.java:startImpl(302)) - 2912fda5-c0b1-4d9e-ac44-fd313bf4d5ec: GrpcService started, listening on 15030
2023-06-07 07:10:47,769 [EndpointStateMachine task thread for /0.0.0.0:15002 - 0 ] INFO  server.GrpcService (GrpcService.java:startImpl(302)) - 2912fda5-c0b1-4d9e-ac44-fd313bf4d5ec: GrpcService started, listening on 15032
2023-06-07 07:10:47,772 [EndpointStateMachine task thread for /0.0.0.0:15002 - 0 ] INFO  server.GrpcService (GrpcService.java:startImpl(302)) - 2912fda5-c0b1-4d9e-ac44-fd313bf4d5ec: GrpcService started, listening on 15031
2023-06-07 07:10:47,772 [EndpointStateMachine task thread for /0.0.0.0:15002 - 0 ] INFO  ratis.XceiverServerRatis (XceiverServerRatis.java:getRealPort(543)) - XceiverServerRatis 2912fda5-c0b1-4d9e-ac44-fd313bf4d5ec is started using port 15030 for RATIS
2023-06-07 07:10:47,772 [EndpointStateMachine task thread for /0.0.0.0:15002 - 0 ] INFO  ratis.XceiverServerRatis (XceiverServerRatis.java:getRealPort(543)) - XceiverServerRatis 2912fda5-c0b1-4d9e-ac44-fd313bf4d5ec is started using port 15031 for RATIS_ADMIN
2023-06-07 07:10:47,772 [EndpointStateMachine task thread for /0.0.0.0:15002 - 0 ] INFO  ratis.XceiverServerRatis (XceiverServerRatis.java:getRealPort(543)) - XceiverServerRatis 2912fda5-c0b1-4d9e-ac44-fd313bf4d5ec is started using port 15032 for RATIS_SERVER
2023-06-07 07:10:47,772 [EndpointStateMachine task thread for /0.0.0.0:15002 - 0 ] INFO  ratis.XceiverServerRatis (XceiverServerRatis.java:getRealPort(543)) - XceiverServerRatis 2912fda5-c0b1-4d9e-ac44-fd313bf4d5ec is started using port 15033 for RATIS_DATASTREAM
2023-06-07 07:10:47,772 [JvmPauseMonitor4] INFO  util.JvmPauseMonitor (JvmPauseMonitor.java:run(103)) - JvmPauseMonitor-2912fda5-c0b1-4d9e-ac44-fd313bf4d5ec: Started
2023-06-07 07:10:47,783 [BlockDeletingService#0] INFO  interfaces.ContainerDeletionChoosingPolicyTemplate (ContainerDeletionChoosingPolicyTemplate.java:chooseContainerForBlockDeletion(83)) - Chosen 0/5000 blocks from 0 candidate containers.
2023-06-07 07:10:47,828 [main] INFO  handler.ContextHandler (ContextHandler.java:doStart(921)) - Started o.e.j.w.WebAppContext@ee2702a{hddsDatanode,/,file:///home/runner/work/ozone/ozone/hadoop-ozone/integration-test/target/test-dir/MiniOzoneClusterImpl-28223e3b-fb3b-4559-a623-43dba3cd33a0/datanode-7/meta/webserver/jetty-0_0_0_0-15072-hdds-container-service-1_4_0-SNAPSHOT_jar-_-any-3036910644323264994/webapp/,AVAILABLE}{jar:file:/home/runner/.m2/repository/org/apache/ozone/hdds-container-service/1.4.0-SNAPSHOT/hdds-container-service-1.4.0-SNAPSHOT.jar!/webapps/hddsDatanode}
2023-06-07 07:10:47,830 [main] INFO  server.AbstractConnector (AbstractConnector.java:doStart(333)) - Started ServerConnector@3fd87902{HTTP/1.1, (http/1.1)}{0.0.0.0:15072}
2023-06-07 07:10:47,831 [main] INFO  server.Server (Server.java:doStart(415)) - Started @14764ms
2023-06-07 07:10:47,831 [main] WARN  impl.MetricsSystemImpl (MetricsSystemImpl.java:register(279)) - Sink prometheus already exists!
2023-06-07 07:10:47,831 [main] INFO  http.BaseHttpServer (BaseHttpServer.java:updateConnectorAddress(344)) - HTTP server of hddsDatanode listening at http://0.0.0.0:15072
2023-06-07 07:10:47,833 [main] INFO  ipc.CallQueueManager (CallQueueManager.java:<init>(90)) - Using callQueue: class java.util.concurrent.LinkedBlockingQueue, queueCapacity: 100, scheduler: class org.apache.hadoop.ipc.DefaultRpcScheduler, ipcBackoff: false.
2023-06-07 07:10:47,836 [Socket Reader #1 for port 15073] INFO  ipc.Server (Server.java:run(1319)) - Starting Socket Reader #1 for port 15073
2023-06-07 07:10:47,842 [Listener at 0.0.0.0/15073] INFO  hdds.HddsUtils (HddsUtils.java:preserveThreadName(843)) - Restoring thread name: main
2023-06-07 07:10:47,842 [main] INFO  ozone.HddsDatanodeService (HddsDatanodeService.java:start(332)) - Datanode start with admins: [runner]
2023-06-07 07:10:47,842 [main] INFO  ozone.HddsDatanodeClientProtocolServer (HddsDatanodeClientProtocolServer.java:start(72)) - RPC server for Client /0.0.0.0:15073
2023-06-07 07:10:47,843 [IPC Server Responder] INFO  ipc.Server (Server.java:run(1558)) - IPC Server Responder: starting
2023-06-07 07:10:47,854 [IPC Server listener on 15073] INFO  ipc.Server (Server.java:run(1398)) - IPC Server listener on 15073: starting
2023-06-07 07:10:47,855 [Datanode State Machine Daemon Thread] INFO  statemachine.DatanodeStateMachine (DatanodeStateMachine.java:lambda$startDaemon$0(523)) - Ozone container server started.
2023-06-07 07:10:47,855 [main] WARN  impl.MetricRegistriesImpl (MetricRegistriesImpl.java:addReporterRegistration(111)) - New reporters are added after registries were created. Some metrics will be missing from the reporter. Please add reporter before adding any new registry.
2023-06-07 07:10:47,855 [main] WARN  impl.MetricRegistriesImpl (MetricRegistriesImpl.java:addReporterRegistration(111)) - New reporters are added after registries were created. Some metrics will be missing from the reporter. Please add reporter before adding any new registry.
2023-06-07 07:10:47,855 [main] INFO  impl.MetricsSystemImpl (MetricsSystemImpl.java:init(158)) - HddsDatanode metrics system started (again)
2023-06-07 07:10:47,880 [Datanode State Machine Task Thread - 0] INFO  datanode.InitDatanodeState (InitDatanodeState.java:persistContainerDatanodeDetails(138)) - DatanodeDetails is persisted to /home/runner/work/ozone/ozone/hadoop-ozone/integration-test/target/test-dir/MiniOzoneClusterImpl-28223e3b-fb3b-4559-a623-43dba3cd33a0/datanode-7/meta/datanode.id
2023-06-07 07:10:47,880 [main] INFO  ozone.HddsDatanodeService (HddsDatanodeService.java:start(258)) - HddsDatanodeService host:fv-az246-755.dmzl2ssfaldu3choa5k4qgfeyh.jx.internal.cloudapp.net ip:10.1.0.31
2023-06-07 07:10:47,909 [main] INFO  upgrade.AbstractLayoutVersionManager (AbstractLayoutVersionManager.java:init(83)) - Initializing Layout version manager with metadata layout = HADOOP_PRC_PORTS_IN_DATANODEDETAILS (version = 7), software layout = HADOOP_PRC_PORTS_IN_DATANODEDETAILS (version = 7)
2023-06-07 07:10:47,910 [main] INFO  statemachine.DatanodeStateMachine (DatanodeStateMachine.java:getEndPointTaskThreadPoolSize(271)) - Datanode State Machine Task Thread Pool size 2
2023-06-07 07:10:47,913 [main] INFO  volume.HddsVolume (HddsVolume.java:<init>(130)) - Creating HddsVolume: /home/runner/work/ozone/ozone/hadoop-ozone/integration-test/target/test-dir/MiniOzoneClusterImpl-28223e3b-fb3b-4559-a623-43dba3cd33a0/datanode-8/data-0/containers/hdds of storage type : DISK capacity : 9223372036854775807
2023-06-07 07:10:47,913 [main] INFO  volume.MutableVolumeSet (MutableVolumeSet.java:initializeVolumeSet(175)) - Added Volume : /home/runner/work/ozone/ozone/hadoop-ozone/integration-test/target/test-dir/MiniOzoneClusterImpl-28223e3b-fb3b-4559-a623-43dba3cd33a0/datanode-8/data-0/containers/hdds to VolumeSet
2023-06-07 07:10:47,913 [main] INFO  volume.ThrottledAsyncChecker (ThrottledAsyncChecker.java:schedule(141)) - Scheduling a check for /home/runner/work/ozone/ozone/hadoop-ozone/integration-test/target/test-dir/MiniOzoneClusterImpl-28223e3b-fb3b-4559-a623-43dba3cd33a0/datanode-8/data-0/containers/hdds
2023-06-07 07:10:47,914 [main] INFO  volume.StorageVolumeChecker (StorageVolumeChecker.java:checkAllVolumes(202)) - Scheduled health check for volume /home/runner/work/ozone/ozone/hadoop-ozone/integration-test/target/test-dir/MiniOzoneClusterImpl-28223e3b-fb3b-4559-a623-43dba3cd33a0/datanode-8/data-0/containers/hdds
2023-06-07 07:10:47,927 [main] INFO  volume.MutableVolumeSet (MutableVolumeSet.java:initializeVolumeSet(175)) - Added Volume : /home/runner/work/ozone/ozone/hadoop-ozone/integration-test/target/test-dir/MiniOzoneClusterImpl-28223e3b-fb3b-4559-a623-43dba3cd33a0/datanode-8/data/ratis to VolumeSet
2023-06-07 07:10:47,927 [main] INFO  volume.ThrottledAsyncChecker (ThrottledAsyncChecker.java:schedule(141)) - Scheduling a check for /home/runner/work/ozone/ozone/hadoop-ozone/integration-test/target/test-dir/MiniOzoneClusterImpl-28223e3b-fb3b-4559-a623-43dba3cd33a0/datanode-8/data/ratis
2023-06-07 07:10:47,928 [main] INFO  volume.StorageVolumeChecker (StorageVolumeChecker.java:checkAllVolumes(202)) - Scheduled health check for volume /home/runner/work/ozone/ozone/hadoop-ozone/integration-test/target/test-dir/MiniOzoneClusterImpl-28223e3b-fb3b-4559-a623-43dba3cd33a0/datanode-8/data/ratis
2023-06-07 07:10:47,942 [Thread-293] INFO  ozoneimpl.ContainerReader (ContainerReader.java:readVolume(175)) - Finish verifying containers on volume /home/runner/work/ozone/ozone/hadoop-ozone/integration-test/target/test-dir/MiniOzoneClusterImpl-28223e3b-fb3b-4559-a623-43dba3cd33a0/datanode-8/data-0/containers/hdds
2023-06-07 07:10:47,942 [main] INFO  ozoneimpl.OzoneContainer (OzoneContainer.java:buildContainerSet(303)) - Build ContainerSet costs 0s
2023-06-07 07:10:47,945 [main] INFO  server.RaftServer (ConfUtils.java:logGet(46)) - raft.rpc.type = GRPC (default)
2023-06-07 07:10:47,945 [main] INFO  grpc.GrpcConfigKeys (ConfUtils.java:logFallback(53)) - raft.grpc.admin.host = null (fallback to raft.grpc.server.host)
2023-06-07 07:10:47,945 [main] INFO  grpc.GrpcConfigKeys (ConfUtils.java:logGet(46)) - raft.grpc.admin.port = 15085 (custom)
2023-06-07 07:10:47,946 [main] INFO  grpc.GrpcConfigKeys (ConfUtils.java:logFallback(53)) - raft.grpc.client.host = null (fallback to raft.grpc.server.host)
2023-06-07 07:10:47,946 [main] INFO  grpc.GrpcConfigKeys (ConfUtils.java:logGet(46)) - raft.grpc.client.port = 15084 (custom)
2023-06-07 07:10:47,946 [main] INFO  grpc.GrpcConfigKeys (ConfUtils.java:logGet(46)) - raft.grpc.server.host = null (default)
2023-06-07 07:10:47,946 [main] INFO  grpc.GrpcConfigKeys (ConfUtils.java:logGet(46)) - raft.grpc.server.port = 15086 (custom)
2023-06-07 07:10:47,946 [main] INFO  server.GrpcService (ConfUtils.java:logGet(46)) - raft.grpc.message.size.max = 32MB (=33554432) (custom)
2023-06-07 07:10:47,946 [main] INFO  server.RaftServerConfigKeys (ConfUtils.java:logGet(46)) - raft.server.log.appender.buffer.byte-limit = 33554432 (custom)
2023-06-07 07:10:47,946 [main] INFO  server.GrpcService (ConfUtils.java:logGet(46)) - raft.grpc.flow.control.window = 5MB (=5242880) (custom)
2023-06-07 07:10:47,947 [main] INFO  server.RaftServerConfigKeys (ConfUtils.java:logGet(46)) - raft.server.rpc.request.timeout = 60s (custom)
2023-06-07 07:10:47,947 [main] INFO  grpc.GrpcConfigKeys (ConfUtils.java:logGet(46)) - raft.grpc.server.heartbeat.channel = true (default)
2023-06-07 07:10:47,947 [main] INFO  grpc.GrpcConfigKeys (ConfUtils.java:logGet(46)) - raft.grpc.server.async.request.thread.pool.cached = true (default)
2023-06-07 07:10:47,947 [main] INFO  grpc.GrpcConfigKeys (ConfUtils.java:logGet(46)) - raft.grpc.server.async.request.thread.pool.size = 32 (default)
2023-06-07 07:10:47,950 [main] INFO  impl.DataStreamServerImpl (ConfUtils.java:logGet(46)) - raft.datastream.type = NETTY (custom)
2023-06-07 07:10:47,951 [main] INFO  server.RaftServerConfigKeys (ConfUtils.java:logGet(46)) - raft.server.data-stream.async.request.thread.pool.cached = false (default)
2023-06-07 07:10:47,951 [main] INFO  server.RaftServerConfigKeys (ConfUtils.java:logGet(46)) - raft.server.data-stream.async.request.thread.pool.size = 20 (custom)
2023-06-07 07:10:47,951 [main] INFO  server.RaftServerConfigKeys (ConfUtils.java:logGet(46)) - raft.server.data-stream.async.write.thread.pool.size = 16 (default)
2023-06-07 07:10:47,951 [main] INFO  server.RaftServerConfigKeys (ConfUtils.java:logGet(46)) - raft.server.data-stream.client.pool.size = 10 (default)
2023-06-07 07:10:47,951 [main] INFO  netty.NettyConfigKeys$DataStream (ConfUtils.java:logGet(46)) - raft.netty.dataStream.server.use-epoll = false (default)
2023-06-07 07:10:47,952 [main] INFO  netty.NettyConfigKeys$DataStream (ConfUtils.java:logGet(46)) - raft.netty.dataStream.server.boss-group.size = 0 (default)
2023-06-07 07:10:47,952 [main] INFO  netty.NettyConfigKeys$DataStream (ConfUtils.java:logGet(46)) - raft.netty.dataStream.server.worker-group.size = 0 (default)
2023-06-07 07:10:47,952 [main] INFO  netty.NettyConfigKeys$DataStream (ConfUtils.java:logGet(46)) - raft.netty.dataStream.server.tls.conf = null (default)
2023-06-07 07:10:47,953 [main] INFO  netty.NettyConfigKeys$DataStream (ConfUtils.java:logGet(46)) - raft.netty.dataStream.host = null (default)
2023-06-07 07:10:47,953 [main] INFO  netty.NettyConfigKeys$DataStream (ConfUtils.java:logGet(46)) - raft.netty.dataStream.port = 15087 (custom)
2023-06-07 07:10:47,953 [main] INFO  server.RaftServerConfigKeys (ConfUtils.java:logGet(46)) - raft.server.threadpool.proxy.cached = true (default)
2023-06-07 07:10:47,954 [main] INFO  server.RaftServerConfigKeys (ConfUtils.java:logGet(46)) - raft.server.threadpool.proxy.size = 0 (default)
2023-06-07 07:10:47,954 [main] INFO  server.RaftServerConfigKeys (ConfUtils.java:logGet(46)) - raft.server.rpc.slowness.timeout = 300s (custom)
2023-06-07 07:10:47,954 [main] INFO  server.RaftServerConfigKeys (ConfUtils.java:logGet(46)) - raft.server.leaderelection.leader.step-down.wait-time = 10s (default)
2023-06-07 07:10:47,954 [main] INFO  server.RaftServerConfigKeys (ConfUtils.java:logGet(46)) - raft.server.storage.dir = [/home/runner/work/ozone/ozone/hadoop-ozone/integration-test/target/test-dir/MiniOzoneClusterImpl-28223e3b-fb3b-4559-a623-43dba3cd33a0/datanode-8/data/ratis] (custom)
2023-06-07 07:10:47,959 [20fd9795-0abc-4083-965d-6ba83b10546c-NettyServerStreamRpc-bossGroup--thread1] INFO  logging.LoggingHandler (AbstractInternalLogger.java:log(148)) - [id: 0x8a7adc53] REGISTERED
2023-06-07 07:10:47,959 [20fd9795-0abc-4083-965d-6ba83b10546c-NettyServerStreamRpc-bossGroup--thread1] INFO  logging.LoggingHandler (AbstractInternalLogger.java:log(148)) - [id: 0x8a7adc53] BIND: 0.0.0.0/0.0.0.0:15087
2023-06-07 07:10:47,959 [20fd9795-0abc-4083-965d-6ba83b10546c-NettyServerStreamRpc-bossGroup--thread1] INFO  logging.LoggingHandler (AbstractInternalLogger.java:log(148)) - [id: 0x8a7adc53, L:/0:0:0:0:0:0:0:0:15087] ACTIVE
2023-06-07 07:10:47,964 [main] INFO  server.XceiverServerGrpc (XceiverServerGrpc.java:<init>(132)) - GrpcServer channel type EpollServerSocketChannel
2023-06-07 07:10:47,966 [main] INFO  replication.ReplicationSupervisor (ReplicationSupervisor.java:nodeStateUpdated(305)) - Node state updated to IN_SERVICE, scaling executor pool size to 10
2023-06-07 07:10:47,967 [main] INFO  token.OzoneBlockTokenSecretManager (OzoneSecretManager.java:updateCurrentKey(175)) - Updating current master key for generating tokens. Cert id 3430031981533
2023-06-07 07:10:47,974 [main] INFO  http.BaseHttpServer (BaseHttpServer.java:newHttpServer2BuilderForOzone(224)) - Starting Web-server for hddsDatanode at: http://0.0.0.0:15081
2023-06-07 07:10:47,974 [main] INFO  http.BaseHttpServer (BaseHttpServer.java:<init>(111)) - Hadoop Security Enabled: false Ozone Security Enabled: false Ozone HTTP Security Enabled: false 
2023-06-07 07:10:47,976 [main] WARN  server.AuthenticationFilter (AuthenticationFilter.java:constructSecretProvider(240)) - Unable to initialize FileSignerSecretProvider, falling back to use random secrets. Reason: Could not read signature secret file: /home/runner/hadoop-http-auth-signature-secret
2023-06-07 07:10:47,977 [main] INFO  http.HttpRequestLog (HttpRequestLog.java:getRequestLog(86)) - Http request log for http.requests.hddsDatanode is not defined
2023-06-07 07:10:47,979 [main] INFO  http.HttpServer2 (HttpServer2.java:addGlobalFilter(1031)) - Added global filter 'safety' (class=org.apache.hadoop.hdds.server.http.HttpServer2$QuotingInputFilter)
2023-06-07 07:10:47,983 [main] INFO  http.HttpServer2 (HttpServer2.java:addFilter(1007)) - Added filter static_user_filter (class=org.apache.hadoop.http.lib.StaticUserWebFilter$StaticUserFilter) to context hddsDatanode
2023-06-07 07:10:47,983 [main] INFO  http.HttpServer2 (HttpServer2.java:addFilter(1015)) - Added filter static_user_filter (class=org.apache.hadoop.http.lib.StaticUserWebFilter$StaticUserFilter) to context logs
2023-06-07 07:10:47,984 [main] INFO  http.HttpServer2 (HttpServer2.java:addFilter(1015)) - Added filter static_user_filter (class=org.apache.hadoop.http.lib.StaticUserWebFilter$StaticUserFilter) to context static
2023-06-07 07:10:47,985 [main] INFO  http.BaseHttpServer (BaseHttpServer.java:<init>(190)) - HTTP server of hddsDatanode uses base directory /home/runner/work/ozone/ozone/hadoop-ozone/integration-test/target/test-dir/MiniOzoneClusterImpl-28223e3b-fb3b-4559-a623-43dba3cd33a0/datanode-8/meta/webserver
2023-06-07 07:10:47,985 [main] INFO  http.HttpServer2 (HttpServer2.java:bindListener(1250)) - Jetty bound to port 15081
2023-06-07 07:10:47,986 [main] INFO  server.Server (Server.java:doStart(375)) - jetty-9.4.51.v20230217; built: 2023-02-17T08:19:37.309Z; git: b45c405e4544384de066f814ed42ae3dceacdd49; jvm 1.8.0_372-b07
2023-06-07 07:10:47,987 [main] INFO  server.session (DefaultSessionIdManager.java:doStart(334)) - DefaultSessionIdManager workerName=node0
2023-06-07 07:10:47,988 [main] INFO  server.session (DefaultSessionIdManager.java:doStart(339)) - No SessionScavenger set, using defaults
2023-06-07 07:10:47,988 [main] INFO  server.session (HouseKeeper.java:startScavenging(132)) - node0 Scavenging every 660000ms
2023-06-07 07:10:47,990 [main] INFO  handler.ContextHandler (ContextHandler.java:doStart(921)) - Started o.e.j.s.ServletContextHandler@24694bd9{logs,/logs,file:///home/runner/work/ozone/ozone/hadoop-ozone/integration-test/target/log,AVAILABLE}
2023-06-07 07:10:47,991 [main] INFO  handler.ContextHandler (ContextHandler.java:doStart(921)) - Started o.e.j.s.ServletContextHandler@773c7356{static,/static,jar:file:/home/runner/.m2/repository/org/apache/ozone/hdds-container-service/1.4.0-SNAPSHOT/hdds-container-service-1.4.0-SNAPSHOT.jar!/webapps/static,AVAILABLE}
2023-06-07 07:10:48,141 [EndpointStateMachine task thread for /0.0.0.0:15002 - 0 ] INFO  utils.DatanodeStoreCache (DatanodeStoreCache.java:addDB(66)) - Added db /home/runner/work/ozone/ozone/hadoop-ozone/integration-test/target/test-dir/MiniOzoneClusterImpl-28223e3b-fb3b-4559-a623-43dba3cd33a0/datanode-3/data-0/containers/hdds/28223e3b-fb3b-4559-a623-43dba3cd33a0/DS-e3a3f66f-e54b-4f75-98e4-538f37d74036/container.db to cache
2023-06-07 07:10:48,169 [EndpointStateMachine task thread for /0.0.0.0:15002 - 0 ] INFO  volume.HddsVolume (HddsVolume.java:createDbStore(350)) - SchemaV3 db is created and loaded at /home/runner/work/ozone/ozone/hadoop-ozone/integration-test/target/test-dir/MiniOzoneClusterImpl-28223e3b-fb3b-4559-a623-43dba3cd33a0/datanode-3/data-0/containers/hdds/28223e3b-fb3b-4559-a623-43dba3cd33a0/DS-e3a3f66f-e54b-4f75-98e4-538f37d74036/container.db for volume DS-e3a3f66f-e54b-4f75-98e4-538f37d74036
2023-06-07 07:10:48,170 [EndpointStateMachine task thread for /0.0.0.0:15002 - 0 ] INFO  ozoneimpl.OzoneContainer (OzoneContainer.java:start(398)) - Attempting to start container services.
2023-06-07 07:10:48,170 [EndpointStateMachine task thread for /0.0.0.0:15002 - 0 ] INFO  ozoneimpl.OzoneContainer (OzoneContainer.java:startContainerScrub(314)) - Scheduled background container scanners and the on-demand container scanner have been disabled.
2023-06-07 07:10:48,182 [EndpointStateMachine task thread for /0.0.0.0:15002 - 0 ] INFO  replication.ReplicationServer (ReplicationServer.java:start(128)) - ReplicationServer is started using port 15043
2023-06-07 07:10:48,183 [EndpointStateMachine task thread for /0.0.0.0:15002 - 0 ] INFO  ratis.XceiverServerRatis (XceiverServerRatis.java:start(517)) - Starting XceiverServerRatis 4867cc16-78cf-4276-b1e1-ad4ddd1b82d4
2023-06-07 07:10:48,195 [EndpointStateMachine task thread for /0.0.0.0:15002 - 0 ] INFO  server.RaftServer (RaftServerProxy.java:startImpl(400)) - 4867cc16-78cf-4276-b1e1-ad4ddd1b82d4: start RPC server
2023-06-07 07:10:48,199 [EndpointStateMachine task thread for /0.0.0.0:15002 - 0 ] INFO  server.GrpcService (GrpcService.java:startImpl(302)) - 4867cc16-78cf-4276-b1e1-ad4ddd1b82d4: GrpcService started, listening on 15039
2023-06-07 07:10:48,202 [EndpointStateMachine task thread for /0.0.0.0:15002 - 0 ] INFO  server.GrpcService (GrpcService.java:startImpl(302)) - 4867cc16-78cf-4276-b1e1-ad4ddd1b82d4: GrpcService started, listening on 15041
2023-06-07 07:10:48,209 [EndpointStateMachine task thread for /0.0.0.0:15002 - 0 ] INFO  server.GrpcService (GrpcService.java:startImpl(302)) - 4867cc16-78cf-4276-b1e1-ad4ddd1b82d4: GrpcService started, listening on 15040
2023-06-07 07:10:48,210 [EndpointStateMachine task thread for /0.0.0.0:15002 - 0 ] INFO  ratis.XceiverServerRatis (XceiverServerRatis.java:getRealPort(543)) - XceiverServerRatis 4867cc16-78cf-4276-b1e1-ad4ddd1b82d4 is started using port 15039 for RATIS
2023-06-07 07:10:48,210 [EndpointStateMachine task thread for /0.0.0.0:15002 - 0 ] INFO  ratis.XceiverServerRatis (XceiverServerRatis.java:getRealPort(543)) - XceiverServerRatis 4867cc16-78cf-4276-b1e1-ad4ddd1b82d4 is started using port 15040 for RATIS_ADMIN
2023-06-07 07:10:48,210 [EndpointStateMachine task thread for /0.0.0.0:15002 - 0 ] INFO  ratis.XceiverServerRatis (XceiverServerRatis.java:getRealPort(543)) - XceiverServerRatis 4867cc16-78cf-4276-b1e1-ad4ddd1b82d4 is started using port 15041 for RATIS_SERVER
2023-06-07 07:10:48,210 [EndpointStateMachine task thread for /0.0.0.0:15002 - 0 ] INFO  ratis.XceiverServerRatis (XceiverServerRatis.java:getRealPort(543)) - XceiverServerRatis 4867cc16-78cf-4276-b1e1-ad4ddd1b82d4 is started using port 15042 for RATIS_DATASTREAM
2023-06-07 07:10:48,210 [JvmPauseMonitor5] INFO  util.JvmPauseMonitor (JvmPauseMonitor.java:run(103)) - JvmPauseMonitor-4867cc16-78cf-4276-b1e1-ad4ddd1b82d4: Started
2023-06-07 07:10:48,241 [BlockDeletingService#0] INFO  interfaces.ContainerDeletionChoosingPolicyTemplate (ContainerDeletionChoosingPolicyTemplate.java:chooseContainerForBlockDeletion(83)) - Chosen 0/5000 blocks from 0 candidate containers.
2023-06-07 07:10:48,318 [main] INFO  handler.ContextHandler (ContextHandler.java:doStart(921)) - Started o.e.j.w.WebAppContext@36f95ecb{hddsDatanode,/,file:///home/runner/work/ozone/ozone/hadoop-ozone/integration-test/target/test-dir/MiniOzoneClusterImpl-28223e3b-fb3b-4559-a623-43dba3cd33a0/datanode-8/meta/webserver/jetty-0_0_0_0-15081-hdds-container-service-1_4_0-SNAPSHOT_jar-_-any-6236073509932309437/webapp/,AVAILABLE}{jar:file:/home/runner/.m2/repository/org/apache/ozone/hdds-container-service/1.4.0-SNAPSHOT/hdds-container-service-1.4.0-SNAPSHOT.jar!/webapps/hddsDatanode}
2023-06-07 07:10:48,322 [main] INFO  server.AbstractConnector (AbstractConnector.java:doStart(333)) - Started ServerConnector@46e48aaf{HTTP/1.1, (http/1.1)}{0.0.0.0:15081}
2023-06-07 07:10:48,322 [main] INFO  server.Server (Server.java:doStart(415)) - Started @15255ms
2023-06-07 07:10:48,322 [main] WARN  impl.MetricsSystemImpl (MetricsSystemImpl.java:register(279)) - Sink prometheus already exists!
2023-06-07 07:10:48,323 [main] INFO  http.BaseHttpServer (BaseHttpServer.java:updateConnectorAddress(344)) - HTTP server of hddsDatanode listening at http://0.0.0.0:15081
2023-06-07 07:10:48,323 [main] INFO  ipc.CallQueueManager (CallQueueManager.java:<init>(90)) - Using callQueue: class java.util.concurrent.LinkedBlockingQueue, queueCapacity: 100, scheduler: class org.apache.hadoop.ipc.DefaultRpcScheduler, ipcBackoff: false.
2023-06-07 07:10:48,324 [Socket Reader #1 for port 15082] INFO  ipc.Server (Server.java:run(1319)) - Starting Socket Reader #1 for port 15082
2023-06-07 07:10:48,326 [Listener at 0.0.0.0/15082] INFO  hdds.HddsUtils (HddsUtils.java:preserveThreadName(843)) - Restoring thread name: main
2023-06-07 07:10:48,331 [main] INFO  ozone.HddsDatanodeService (HddsDatanodeService.java:start(332)) - Datanode start with admins: [runner]
2023-06-07 07:10:48,331 [main] INFO  ozone.HddsDatanodeClientProtocolServer (HddsDatanodeClientProtocolServer.java:start(72)) - RPC server for Client /0.0.0.0:15082
2023-06-07 07:10:48,331 [IPC Server Responder] INFO  ipc.Server (Server.java:run(1558)) - IPC Server Responder: starting
2023-06-07 07:10:48,338 [IPC Server listener on 15082] INFO  ipc.Server (Server.java:run(1398)) - IPC Server listener on 15082: starting
2023-06-07 07:10:48,340 [main] WARN  impl.MetricRegistriesImpl (MetricRegistriesImpl.java:addReporterRegistration(111)) - New reporters are added after registries were created. Some metrics will be missing from the reporter. Please add reporter before adding any new registry.
2023-06-07 07:10:48,340 [main] WARN  impl.MetricRegistriesImpl (MetricRegistriesImpl.java:addReporterRegistration(111)) - New reporters are added after registries were created. Some metrics will be missing from the reporter. Please add reporter before adding any new registry.
2023-06-07 07:10:48,341 [main] INFO  impl.MetricsSystemImpl (MetricsSystemImpl.java:init(158)) - HddsDatanode metrics system started (again)
2023-06-07 07:10:48,342 [Datanode State Machine Daemon Thread] INFO  statemachine.DatanodeStateMachine (DatanodeStateMachine.java:lambda$startDaemon$0(523)) - Ozone container server started.
2023-06-07 07:10:48,356 [main] INFO  ozone.HddsDatanodeService (HddsDatanodeService.java:start(258)) - HddsDatanodeService host:fv-az246-755.dmzl2ssfaldu3choa5k4qgfeyh.jx.internal.cloudapp.net ip:10.1.0.31
2023-06-07 07:10:48,358 [Datanode State Machine Task Thread - 0] INFO  datanode.InitDatanodeState (InitDatanodeState.java:persistContainerDatanodeDetails(138)) - DatanodeDetails is persisted to /home/runner/work/ozone/ozone/hadoop-ozone/integration-test/target/test-dir/MiniOzoneClusterImpl-28223e3b-fb3b-4559-a623-43dba3cd33a0/datanode-8/meta/datanode.id
2023-06-07 07:10:48,382 [main] INFO  upgrade.AbstractLayoutVersionManager (AbstractLayoutVersionManager.java:init(83)) - Initializing Layout version manager with metadata layout = HADOOP_PRC_PORTS_IN_DATANODEDETAILS (version = 7), software layout = HADOOP_PRC_PORTS_IN_DATANODEDETAILS (version = 7)
2023-06-07 07:10:48,383 [main] INFO  statemachine.DatanodeStateMachine (DatanodeStateMachine.java:getEndPointTaskThreadPoolSize(271)) - Datanode State Machine Task Thread Pool size 2
2023-06-07 07:10:48,385 [main] INFO  volume.HddsVolume (HddsVolume.java:<init>(130)) - Creating HddsVolume: /home/runner/work/ozone/ozone/hadoop-ozone/integration-test/target/test-dir/MiniOzoneClusterImpl-28223e3b-fb3b-4559-a623-43dba3cd33a0/datanode-9/data-0/containers/hdds of storage type : DISK capacity : 9223372036854775807
2023-06-07 07:10:48,385 [main] INFO  volume.MutableVolumeSet (MutableVolumeSet.java:initializeVolumeSet(175)) - Added Volume : /home/runner/work/ozone/ozone/hadoop-ozone/integration-test/target/test-dir/MiniOzoneClusterImpl-28223e3b-fb3b-4559-a623-43dba3cd33a0/datanode-9/data-0/containers/hdds to VolumeSet
2023-06-07 07:10:48,385 [main] INFO  volume.ThrottledAsyncChecker (ThrottledAsyncChecker.java:schedule(141)) - Scheduling a check for /home/runner/work/ozone/ozone/hadoop-ozone/integration-test/target/test-dir/MiniOzoneClusterImpl-28223e3b-fb3b-4559-a623-43dba3cd33a0/datanode-9/data-0/containers/hdds
2023-06-07 07:10:48,386 [main] INFO  volume.StorageVolumeChecker (StorageVolumeChecker.java:checkAllVolumes(202)) - Scheduled health check for volume /home/runner/work/ozone/ozone/hadoop-ozone/integration-test/target/test-dir/MiniOzoneClusterImpl-28223e3b-fb3b-4559-a623-43dba3cd33a0/datanode-9/data-0/containers/hdds
2023-06-07 07:10:48,399 [main] INFO  volume.MutableVolumeSet (MutableVolumeSet.java:initializeVolumeSet(175)) - Added Volume : /home/runner/work/ozone/ozone/hadoop-ozone/integration-test/target/test-dir/MiniOzoneClusterImpl-28223e3b-fb3b-4559-a623-43dba3cd33a0/datanode-9/data/ratis to VolumeSet
2023-06-07 07:10:48,399 [main] INFO  volume.ThrottledAsyncChecker (ThrottledAsyncChecker.java:schedule(141)) - Scheduling a check for /home/runner/work/ozone/ozone/hadoop-ozone/integration-test/target/test-dir/MiniOzoneClusterImpl-28223e3b-fb3b-4559-a623-43dba3cd33a0/datanode-9/data/ratis
2023-06-07 07:10:48,399 [main] INFO  volume.StorageVolumeChecker (StorageVolumeChecker.java:checkAllVolumes(202)) - Scheduled health check for volume /home/runner/work/ozone/ozone/hadoop-ozone/integration-test/target/test-dir/MiniOzoneClusterImpl-28223e3b-fb3b-4559-a623-43dba3cd33a0/datanode-9/data/ratis
2023-06-07 07:10:48,412 [Thread-315] INFO  ozoneimpl.ContainerReader (ContainerReader.java:readVolume(175)) - Finish verifying containers on volume /home/runner/work/ozone/ozone/hadoop-ozone/integration-test/target/test-dir/MiniOzoneClusterImpl-28223e3b-fb3b-4559-a623-43dba3cd33a0/datanode-9/data-0/containers/hdds
2023-06-07 07:10:48,412 [main] INFO  ozoneimpl.OzoneContainer (OzoneContainer.java:buildContainerSet(303)) - Build ContainerSet costs 0s
2023-06-07 07:10:48,420 [main] INFO  server.RaftServer (ConfUtils.java:logGet(46)) - raft.rpc.type = GRPC (default)
2023-06-07 07:10:48,420 [main] INFO  grpc.GrpcConfigKeys (ConfUtils.java:logFallback(53)) - raft.grpc.admin.host = null (fallback to raft.grpc.server.host)
2023-06-07 07:10:48,421 [main] INFO  grpc.GrpcConfigKeys (ConfUtils.java:logGet(46)) - raft.grpc.admin.port = 15094 (custom)
2023-06-07 07:10:48,421 [main] INFO  grpc.GrpcConfigKeys (ConfUtils.java:logFallback(53)) - raft.grpc.client.host = null (fallback to raft.grpc.server.host)
2023-06-07 07:10:48,421 [main] INFO  grpc.GrpcConfigKeys (ConfUtils.java:logGet(46)) - raft.grpc.client.port = 15093 (custom)
2023-06-07 07:10:48,422 [main] INFO  grpc.GrpcConfigKeys (ConfUtils.java:logGet(46)) - raft.grpc.server.host = null (default)
2023-06-07 07:10:48,422 [main] INFO  grpc.GrpcConfigKeys (ConfUtils.java:logGet(46)) - raft.grpc.server.port = 15095 (custom)
2023-06-07 07:10:48,422 [main] INFO  server.GrpcService (ConfUtils.java:logGet(46)) - raft.grpc.message.size.max = 32MB (=33554432) (custom)
2023-06-07 07:10:48,422 [main] INFO  server.RaftServerConfigKeys (ConfUtils.java:logGet(46)) - raft.server.log.appender.buffer.byte-limit = 33554432 (custom)
2023-06-07 07:10:48,422 [main] INFO  server.GrpcService (ConfUtils.java:logGet(46)) - raft.grpc.flow.control.window = 5MB (=5242880) (custom)
2023-06-07 07:10:48,422 [main] INFO  server.RaftServerConfigKeys (ConfUtils.java:logGet(46)) - raft.server.rpc.request.timeout = 60s (custom)
2023-06-07 07:10:48,423 [main] INFO  grpc.GrpcConfigKeys (ConfUtils.java:logGet(46)) - raft.grpc.server.heartbeat.channel = true (default)
2023-06-07 07:10:48,423 [main] INFO  grpc.GrpcConfigKeys (ConfUtils.java:logGet(46)) - raft.grpc.server.async.request.thread.pool.cached = true (default)
2023-06-07 07:10:48,423 [main] INFO  grpc.GrpcConfigKeys (ConfUtils.java:logGet(46)) - raft.grpc.server.async.request.thread.pool.size = 32 (default)
2023-06-07 07:10:48,426 [main] INFO  impl.DataStreamServerImpl (ConfUtils.java:logGet(46)) - raft.datastream.type = NETTY (custom)
2023-06-07 07:10:48,429 [main] INFO  server.RaftServerConfigKeys (ConfUtils.java:logGet(46)) - raft.server.data-stream.async.request.thread.pool.cached = false (default)
2023-06-07 07:10:48,429 [main] INFO  server.RaftServerConfigKeys (ConfUtils.java:logGet(46)) - raft.server.data-stream.async.request.thread.pool.size = 20 (custom)
2023-06-07 07:10:48,429 [main] INFO  server.RaftServerConfigKeys (ConfUtils.java:logGet(46)) - raft.server.data-stream.async.write.thread.pool.size = 16 (default)
2023-06-07 07:10:48,429 [main] INFO  server.RaftServerConfigKeys (ConfUtils.java:logGet(46)) - raft.server.data-stream.client.pool.size = 10 (default)
2023-06-07 07:10:48,429 [main] INFO  netty.NettyConfigKeys$DataStream (ConfUtils.java:logGet(46)) - raft.netty.dataStream.server.use-epoll = false (default)
2023-06-07 07:10:48,430 [main] INFO  netty.NettyConfigKeys$DataStream (ConfUtils.java:logGet(46)) - raft.netty.dataStream.server.boss-group.size = 0 (default)
2023-06-07 07:10:48,430 [main] INFO  netty.NettyConfigKeys$DataStream (ConfUtils.java:logGet(46)) - raft.netty.dataStream.server.worker-group.size = 0 (default)
2023-06-07 07:10:48,445 [main] INFO  netty.NettyConfigKeys$DataStream (ConfUtils.java:logGet(46)) - raft.netty.dataStream.server.tls.conf = null (default)
2023-06-07 07:10:48,446 [main] INFO  netty.NettyConfigKeys$DataStream (ConfUtils.java:logGet(46)) - raft.netty.dataStream.host = null (default)
2023-06-07 07:10:48,446 [main] INFO  netty.NettyConfigKeys$DataStream (ConfUtils.java:logGet(46)) - raft.netty.dataStream.port = 15096 (custom)
2023-06-07 07:10:48,447 [main] INFO  server.RaftServerConfigKeys (ConfUtils.java:logGet(46)) - raft.server.threadpool.proxy.cached = true (default)
2023-06-07 07:10:48,447 [main] INFO  server.RaftServerConfigKeys (ConfUtils.java:logGet(46)) - raft.server.threadpool.proxy.size = 0 (default)
2023-06-07 07:10:48,447 [main] INFO  server.RaftServerConfigKeys (ConfUtils.java:logGet(46)) - raft.server.rpc.slowness.timeout = 300s (custom)
2023-06-07 07:10:48,447 [main] INFO  server.RaftServerConfigKeys (ConfUtils.java:logGet(46)) - raft.server.leaderelection.leader.step-down.wait-time = 10s (default)
2023-06-07 07:10:48,448 [main] INFO  server.RaftServerConfigKeys (ConfUtils.java:logGet(46)) - raft.server.storage.dir = [/home/runner/work/ozone/ozone/hadoop-ozone/integration-test/target/test-dir/MiniOzoneClusterImpl-28223e3b-fb3b-4559-a623-43dba3cd33a0/datanode-9/data/ratis] (custom)
2023-06-07 07:10:48,451 [53afdcff-9740-4d1d-9155-3eea53ceb243-NettyServerStreamRpc-bossGroup--thread1] INFO  logging.LoggingHandler (AbstractInternalLogger.java:log(148)) - [id: 0xa138f6bd] REGISTERED
2023-06-07 07:10:48,451 [53afdcff-9740-4d1d-9155-3eea53ceb243-NettyServerStreamRpc-bossGroup--thread1] INFO  logging.LoggingHandler (AbstractInternalLogger.java:log(148)) - [id: 0xa138f6bd] BIND: 0.0.0.0/0.0.0.0:15096
2023-06-07 07:10:48,451 [53afdcff-9740-4d1d-9155-3eea53ceb243-NettyServerStreamRpc-bossGroup--thread1] INFO  logging.LoggingHandler (AbstractInternalLogger.java:log(148)) - [id: 0xa138f6bd, L:/0:0:0:0:0:0:0:0:15096] ACTIVE
2023-06-07 07:10:48,453 [main] INFO  server.XceiverServerGrpc (XceiverServerGrpc.java:<init>(132)) - GrpcServer channel type EpollServerSocketChannel
2023-06-07 07:10:48,456 [main] INFO  replication.ReplicationSupervisor (ReplicationSupervisor.java:nodeStateUpdated(305)) - Node state updated to IN_SERVICE, scaling executor pool size to 10
2023-06-07 07:10:48,457 [main] INFO  token.OzoneBlockTokenSecretManager (OzoneSecretManager.java:updateCurrentKey(175)) - Updating current master key for generating tokens. Cert id 3430031981533
2023-06-07 07:10:48,463 [main] INFO  http.BaseHttpServer (BaseHttpServer.java:newHttpServer2BuilderForOzone(224)) - Starting Web-server for hddsDatanode at: http://0.0.0.0:15090
2023-06-07 07:10:48,464 [main] INFO  http.BaseHttpServer (BaseHttpServer.java:<init>(111)) - Hadoop Security Enabled: false Ozone Security Enabled: false Ozone HTTP Security Enabled: false 
2023-06-07 07:10:48,465 [main] WARN  server.AuthenticationFilter (AuthenticationFilter.java:constructSecretProvider(240)) - Unable to initialize FileSignerSecretProvider, falling back to use random secrets. Reason: Could not read signature secret file: /home/runner/hadoop-http-auth-signature-secret
2023-06-07 07:10:48,466 [main] INFO  http.HttpRequestLog (HttpRequestLog.java:getRequestLog(86)) - Http request log for http.requests.hddsDatanode is not defined
2023-06-07 07:10:48,467 [main] INFO  http.HttpServer2 (HttpServer2.java:addGlobalFilter(1031)) - Added global filter 'safety' (class=org.apache.hadoop.hdds.server.http.HttpServer2$QuotingInputFilter)
2023-06-07 07:10:48,468 [main] INFO  http.HttpServer2 (HttpServer2.java:addFilter(1007)) - Added filter static_user_filter (class=org.apache.hadoop.http.lib.StaticUserWebFilter$StaticUserFilter) to context hddsDatanode
2023-06-07 07:10:48,468 [main] INFO  http.HttpServer2 (HttpServer2.java:addFilter(1015)) - Added filter static_user_filter (class=org.apache.hadoop.http.lib.StaticUserWebFilter$StaticUserFilter) to context static
2023-06-07 07:10:48,468 [main] INFO  http.HttpServer2 (HttpServer2.java:addFilter(1015)) - Added filter static_user_filter (class=org.apache.hadoop.http.lib.StaticUserWebFilter$StaticUserFilter) to context logs
2023-06-07 07:10:48,469 [main] INFO  http.BaseHttpServer (BaseHttpServer.java:<init>(190)) - HTTP server of hddsDatanode uses base directory /home/runner/work/ozone/ozone/hadoop-ozone/integration-test/target/test-dir/MiniOzoneClusterImpl-28223e3b-fb3b-4559-a623-43dba3cd33a0/datanode-9/meta/webserver
2023-06-07 07:10:48,469 [main] INFO  http.HttpServer2 (HttpServer2.java:bindListener(1250)) - Jetty bound to port 15090
2023-06-07 07:10:48,469 [main] INFO  server.Server (Server.java:doStart(375)) - jetty-9.4.51.v20230217; built: 2023-02-17T08:19:37.309Z; git: b45c405e4544384de066f814ed42ae3dceacdd49; jvm 1.8.0_372-b07
2023-06-07 07:10:48,474 [main] INFO  server.session (DefaultSessionIdManager.java:doStart(334)) - DefaultSessionIdManager workerName=node0
2023-06-07 07:10:48,474 [main] INFO  server.session (DefaultSessionIdManager.java:doStart(339)) - No SessionScavenger set, using defaults
2023-06-07 07:10:48,474 [main] INFO  server.session (HouseKeeper.java:startScavenging(132)) - node0 Scavenging every 660000ms
2023-06-07 07:10:48,475 [main] INFO  handler.ContextHandler (ContextHandler.java:doStart(921)) - Started o.e.j.s.ServletContextHandler@29f827c1{logs,/logs,file:///home/runner/work/ozone/ozone/hadoop-ozone/integration-test/target/log,AVAILABLE}
2023-06-07 07:10:48,476 [main] INFO  handler.ContextHandler (ContextHandler.java:doStart(921)) - Started o.e.j.s.ServletContextHandler@a87b8e4{static,/static,jar:file:/home/runner/.m2/repository/org/apache/ozone/hdds-container-service/1.4.0-SNAPSHOT/hdds-container-service-1.4.0-SNAPSHOT.jar!/webapps/static,AVAILABLE}
2023-06-07 07:10:48,534 [EndpointStateMachine task thread for /0.0.0.0:15002 - 0 ] INFO  utils.DatanodeStoreCache (DatanodeStoreCache.java:addDB(66)) - Added db /home/runner/work/ozone/ozone/hadoop-ozone/integration-test/target/test-dir/MiniOzoneClusterImpl-28223e3b-fb3b-4559-a623-43dba3cd33a0/datanode-4/data-0/containers/hdds/28223e3b-fb3b-4559-a623-43dba3cd33a0/DS-485c343d-8917-4d5e-aea7-77dd35799f0c/container.db to cache
2023-06-07 07:10:48,534 [EndpointStateMachine task thread for /0.0.0.0:15002 - 0 ] INFO  volume.HddsVolume (HddsVolume.java:createDbStore(350)) - SchemaV3 db is created and loaded at /home/runner/work/ozone/ozone/hadoop-ozone/integration-test/target/test-dir/MiniOzoneClusterImpl-28223e3b-fb3b-4559-a623-43dba3cd33a0/datanode-4/data-0/containers/hdds/28223e3b-fb3b-4559-a623-43dba3cd33a0/DS-485c343d-8917-4d5e-aea7-77dd35799f0c/container.db for volume DS-485c343d-8917-4d5e-aea7-77dd35799f0c
2023-06-07 07:10:48,535 [EndpointStateMachine task thread for /0.0.0.0:15002 - 0 ] INFO  ozoneimpl.OzoneContainer (OzoneContainer.java:start(398)) - Attempting to start container services.
2023-06-07 07:10:48,535 [EndpointStateMachine task thread for /0.0.0.0:15002 - 0 ] INFO  ozoneimpl.OzoneContainer (OzoneContainer.java:startContainerScrub(314)) - Scheduled background container scanners and the on-demand container scanner have been disabled.
2023-06-07 07:10:48,537 [EndpointStateMachine task thread for /0.0.0.0:15002 - 0 ] INFO  replication.ReplicationServer (ReplicationServer.java:start(128)) - ReplicationServer is started using port 15052
2023-06-07 07:10:48,538 [EndpointStateMachine task thread for /0.0.0.0:15002 - 0 ] INFO  ratis.XceiverServerRatis (XceiverServerRatis.java:start(517)) - Starting XceiverServerRatis c9e90f19-93bd-492a-840b-17fd0f306342
2023-06-07 07:10:48,542 [EndpointStateMachine task thread for /0.0.0.0:15002 - 0 ] INFO  server.RaftServer (RaftServerProxy.java:startImpl(400)) - c9e90f19-93bd-492a-840b-17fd0f306342: start RPC server
2023-06-07 07:10:48,546 [EndpointStateMachine task thread for /0.0.0.0:15002 - 0 ] INFO  server.GrpcService (GrpcService.java:startImpl(302)) - c9e90f19-93bd-492a-840b-17fd0f306342: GrpcService started, listening on 15048
2023-06-07 07:10:48,548 [EndpointStateMachine task thread for /0.0.0.0:15002 - 0 ] INFO  server.GrpcService (GrpcService.java:startImpl(302)) - c9e90f19-93bd-492a-840b-17fd0f306342: GrpcService started, listening on 15050
2023-06-07 07:10:48,549 [EndpointStateMachine task thread for /0.0.0.0:15002 - 0 ] INFO  server.GrpcService (GrpcService.java:startImpl(302)) - c9e90f19-93bd-492a-840b-17fd0f306342: GrpcService started, listening on 15049
2023-06-07 07:10:48,555 [EndpointStateMachine task thread for /0.0.0.0:15002 - 0 ] INFO  ratis.XceiverServerRatis (XceiverServerRatis.java:getRealPort(543)) - XceiverServerRatis c9e90f19-93bd-492a-840b-17fd0f306342 is started using port 15048 for RATIS
2023-06-07 07:10:48,555 [EndpointStateMachine task thread for /0.0.0.0:15002 - 0 ] INFO  ratis.XceiverServerRatis (XceiverServerRatis.java:getRealPort(543)) - XceiverServerRatis c9e90f19-93bd-492a-840b-17fd0f306342 is started using port 15049 for RATIS_ADMIN
2023-06-07 07:10:48,555 [EndpointStateMachine task thread for /0.0.0.0:15002 - 0 ] INFO  ratis.XceiverServerRatis (XceiverServerRatis.java:getRealPort(543)) - XceiverServerRatis c9e90f19-93bd-492a-840b-17fd0f306342 is started using port 15050 for RATIS_SERVER
2023-06-07 07:10:48,555 [EndpointStateMachine task thread for /0.0.0.0:15002 - 0 ] INFO  ratis.XceiverServerRatis (XceiverServerRatis.java:getRealPort(543)) - XceiverServerRatis c9e90f19-93bd-492a-840b-17fd0f306342 is started using port 15051 for RATIS_DATASTREAM
2023-06-07 07:10:48,556 [JvmPauseMonitor6] INFO  util.JvmPauseMonitor (JvmPauseMonitor.java:run(103)) - JvmPauseMonitor-c9e90f19-93bd-492a-840b-17fd0f306342: Started
2023-06-07 07:10:48,570 [BlockDeletingService#0] INFO  interfaces.ContainerDeletionChoosingPolicyTemplate (ContainerDeletionChoosingPolicyTemplate.java:chooseContainerForBlockDeletion(83)) - Chosen 0/5000 blocks from 0 candidate containers.
2023-06-07 07:10:48,729 [main] INFO  handler.ContextHandler (ContextHandler.java:doStart(921)) - Started o.e.j.w.WebAppContext@78509083{hddsDatanode,/,file:///home/runner/work/ozone/ozone/hadoop-ozone/integration-test/target/test-dir/MiniOzoneClusterImpl-28223e3b-fb3b-4559-a623-43dba3cd33a0/datanode-9/meta/webserver/jetty-0_0_0_0-15090-hdds-container-service-1_4_0-SNAPSHOT_jar-_-any-7353745104286379560/webapp/,AVAILABLE}{jar:file:/home/runner/.m2/repository/org/apache/ozone/hdds-container-service/1.4.0-SNAPSHOT/hdds-container-service-1.4.0-SNAPSHOT.jar!/webapps/hddsDatanode}
2023-06-07 07:10:48,731 [main] INFO  server.AbstractConnector (AbstractConnector.java:doStart(333)) - Started ServerConnector@46871c49{HTTP/1.1, (http/1.1)}{0.0.0.0:15090}
2023-06-07 07:10:48,732 [main] INFO  server.Server (Server.java:doStart(415)) - Started @15665ms
2023-06-07 07:10:48,732 [main] WARN  impl.MetricsSystemImpl (MetricsSystemImpl.java:register(279)) - Sink prometheus already exists!
2023-06-07 07:10:48,735 [main] INFO  http.BaseHttpServer (BaseHttpServer.java:updateConnectorAddress(344)) - HTTP server of hddsDatanode listening at http://0.0.0.0:15090
2023-06-07 07:10:48,735 [main] INFO  ipc.CallQueueManager (CallQueueManager.java:<init>(90)) - Using callQueue: class java.util.concurrent.LinkedBlockingQueue, queueCapacity: 100, scheduler: class org.apache.hadoop.ipc.DefaultRpcScheduler, ipcBackoff: false.
2023-06-07 07:10:48,737 [Socket Reader #1 for port 15091] INFO  ipc.Server (Server.java:run(1319)) - Starting Socket Reader #1 for port 15091
2023-06-07 07:10:48,749 [Listener at 0.0.0.0/15091] INFO  hdds.HddsUtils (HddsUtils.java:preserveThreadName(843)) - Restoring thread name: main
2023-06-07 07:10:48,750 [main] INFO  ozone.HddsDatanodeService (HddsDatanodeService.java:start(332)) - Datanode start with admins: [runner]
2023-06-07 07:10:48,750 [main] INFO  ozone.HddsDatanodeClientProtocolServer (HddsDatanodeClientProtocolServer.java:start(72)) - RPC server for Client /0.0.0.0:15091
2023-06-07 07:10:48,752 [IPC Server Responder] INFO  ipc.Server (Server.java:run(1558)) - IPC Server Responder: starting
2023-06-07 07:10:48,752 [IPC Server listener on 15091] INFO  ipc.Server (Server.java:run(1398)) - IPC Server listener on 15091: starting
2023-06-07 07:10:48,754 [Datanode State Machine Daemon Thread] INFO  statemachine.DatanodeStateMachine (DatanodeStateMachine.java:lambda$startDaemon$0(523)) - Ozone container server started.
2023-06-07 07:10:48,757 [main] WARN  impl.MetricRegistriesImpl (MetricRegistriesImpl.java:addReporterRegistration(111)) - New reporters are added after registries were created. Some metrics will be missing from the reporter. Please add reporter before adding any new registry.
2023-06-07 07:10:48,757 [main] WARN  impl.MetricRegistriesImpl (MetricRegistriesImpl.java:addReporterRegistration(111)) - New reporters are added after registries were created. Some metrics will be missing from the reporter. Please add reporter before adding any new registry.
2023-06-07 07:10:48,757 [main] INFO  impl.MetricsSystemImpl (MetricsSystemImpl.java:init(158)) - HddsDatanode metrics system started (again)
2023-06-07 07:10:48,775 [main] INFO  ozone.HddsDatanodeService (HddsDatanodeService.java:start(258)) - HddsDatanodeService host:fv-az246-755.dmzl2ssfaldu3choa5k4qgfeyh.jx.internal.cloudapp.net ip:10.1.0.31
2023-06-07 07:10:48,777 [Datanode State Machine Task Thread - 0] INFO  datanode.InitDatanodeState (InitDatanodeState.java:persistContainerDatanodeDetails(138)) - DatanodeDetails is persisted to /home/runner/work/ozone/ozone/hadoop-ozone/integration-test/target/test-dir/MiniOzoneClusterImpl-28223e3b-fb3b-4559-a623-43dba3cd33a0/datanode-9/meta/datanode.id
2023-06-07 07:10:48,806 [main] INFO  upgrade.AbstractLayoutVersionManager (AbstractLayoutVersionManager.java:init(83)) - Initializing Layout version manager with metadata layout = HADOOP_PRC_PORTS_IN_DATANODEDETAILS (version = 7), software layout = HADOOP_PRC_PORTS_IN_DATANODEDETAILS (version = 7)
2023-06-07 07:10:48,807 [main] INFO  statemachine.DatanodeStateMachine (DatanodeStateMachine.java:getEndPointTaskThreadPoolSize(271)) - Datanode State Machine Task Thread Pool size 2
2023-06-07 07:10:48,810 [main] INFO  volume.HddsVolume (HddsVolume.java:<init>(130)) - Creating HddsVolume: /home/runner/work/ozone/ozone/hadoop-ozone/integration-test/target/test-dir/MiniOzoneClusterImpl-28223e3b-fb3b-4559-a623-43dba3cd33a0/datanode-10/data-0/containers/hdds of storage type : DISK capacity : 9223372036854775807
2023-06-07 07:10:48,811 [main] INFO  volume.MutableVolumeSet (MutableVolumeSet.java:initializeVolumeSet(175)) - Added Volume : /home/runner/work/ozone/ozone/hadoop-ozone/integration-test/target/test-dir/MiniOzoneClusterImpl-28223e3b-fb3b-4559-a623-43dba3cd33a0/datanode-10/data-0/containers/hdds to VolumeSet
2023-06-07 07:10:48,811 [main] INFO  volume.ThrottledAsyncChecker (ThrottledAsyncChecker.java:schedule(141)) - Scheduling a check for /home/runner/work/ozone/ozone/hadoop-ozone/integration-test/target/test-dir/MiniOzoneClusterImpl-28223e3b-fb3b-4559-a623-43dba3cd33a0/datanode-10/data-0/containers/hdds
2023-06-07 07:10:48,818 [main] INFO  volume.StorageVolumeChecker (StorageVolumeChecker.java:checkAllVolumes(202)) - Scheduled health check for volume /home/runner/work/ozone/ozone/hadoop-ozone/integration-test/target/test-dir/MiniOzoneClusterImpl-28223e3b-fb3b-4559-a623-43dba3cd33a0/datanode-10/data-0/containers/hdds
2023-06-07 07:10:48,843 [main] INFO  volume.MutableVolumeSet (MutableVolumeSet.java:initializeVolumeSet(175)) - Added Volume : /home/runner/work/ozone/ozone/hadoop-ozone/integration-test/target/test-dir/MiniOzoneClusterImpl-28223e3b-fb3b-4559-a623-43dba3cd33a0/datanode-10/data/ratis to VolumeSet
2023-06-07 07:10:48,843 [main] INFO  volume.ThrottledAsyncChecker (ThrottledAsyncChecker.java:schedule(141)) - Scheduling a check for /home/runner/work/ozone/ozone/hadoop-ozone/integration-test/target/test-dir/MiniOzoneClusterImpl-28223e3b-fb3b-4559-a623-43dba3cd33a0/datanode-10/data/ratis
2023-06-07 07:10:48,844 [main] INFO  volume.StorageVolumeChecker (StorageVolumeChecker.java:checkAllVolumes(202)) - Scheduled health check for volume /home/runner/work/ozone/ozone/hadoop-ozone/integration-test/target/test-dir/MiniOzoneClusterImpl-28223e3b-fb3b-4559-a623-43dba3cd33a0/datanode-10/data/ratis
2023-06-07 07:10:48,860 [IPC Server handler 19 on default port 15002] INFO  net.NetworkTopologyImpl (NetworkTopologyImpl.java:add(112)) - Added a new node: /default-rack/add60280-7665-46a7-8f97-112ab314f22d
2023-06-07 07:10:48,867 [IPC Server handler 19 on default port 15002] INFO  node.SCMNodeManager (SCMNodeManager.java:register(407)) - Registered Data node : add60280-7665-46a7-8f97-112ab314f22d{ip: 10.1.0.31, host: fv-az246-755.dmzl2ssfaldu3choa5k4qgfeyh.jx.internal.cloudapp.net, ports: [HTTP=15009, CLIENT_RPC=15010, REPLICATION=15016, RATIS=15012, RATIS_ADMIN=15013, RATIS_SERVER=15014, RATIS_DATASTREAM=15015, STANDALONE=15011], networkLocation: /default-rack, certSerialId: null, persistedOpState: null, persistedOpStateExpiryEpochSec: 0}
2023-06-07 07:10:48,882 [EventQueue-NodeRegistrationContainerReportForDataNodeSafeModeRule] INFO  safemode.SCMSafeModeManager (DataNodeSafeModeRule.java:process(71)) - SCM in safe mode. 1 DataNodes registered, 3 required.
2023-06-07 07:10:48,883 [EventQueue-NodeRegistrationContainerReportForContainerSafeModeRule] INFO  safemode.SCMSafeModeManager (SCMSafeModeManager.java:validateSafeModeExitRules(200)) - ContainerSafeModeRule rule is successfully validated
2023-06-07 07:10:48,906 [EventQueue-PipelineReportForOneReplicaPipelineSafeModeRule] INFO  safemode.SCMSafeModeManager (SCMSafeModeManager.java:validateSafeModeExitRules(200)) - AtleastOneDatanodeReportedRule rule is successfully validated
2023-06-07 07:10:48,901 [EventQueue-NewNodeForNewNodeHandler] INFO  pipeline.BackgroundPipelineCreator (BackgroundPipelineCreator.java:notifyEventTriggered(276)) - trigger a one-shot run on RatisPipelineUtilsThread.
2023-06-07 07:10:48,913 [Thread-342] INFO  ozoneimpl.ContainerReader (ContainerReader.java:readVolume(175)) - Finish verifying containers on volume /home/runner/work/ozone/ozone/hadoop-ozone/integration-test/target/test-dir/MiniOzoneClusterImpl-28223e3b-fb3b-4559-a623-43dba3cd33a0/datanode-10/data-0/containers/hdds
2023-06-07 07:10:48,914 [main] INFO  ozoneimpl.OzoneContainer (OzoneContainer.java:buildContainerSet(303)) - Build ContainerSet costs 0s
2023-06-07 07:10:48,919 [main] INFO  server.RaftServer (ConfUtils.java:logGet(46)) - raft.rpc.type = GRPC (default)
2023-06-07 07:10:48,920 [main] INFO  grpc.GrpcConfigKeys (ConfUtils.java:logFallback(53)) - raft.grpc.admin.host = null (fallback to raft.grpc.server.host)
2023-06-07 07:10:48,920 [main] INFO  grpc.GrpcConfigKeys (ConfUtils.java:logGet(46)) - raft.grpc.admin.port = 15103 (custom)
2023-06-07 07:10:48,920 [main] INFO  grpc.GrpcConfigKeys (ConfUtils.java:logFallback(53)) - raft.grpc.client.host = null (fallback to raft.grpc.server.host)
2023-06-07 07:10:48,920 [main] INFO  grpc.GrpcConfigKeys (ConfUtils.java:logGet(46)) - raft.grpc.client.port = 15102 (custom)
2023-06-07 07:10:48,920 [main] INFO  grpc.GrpcConfigKeys (ConfUtils.java:logGet(46)) - raft.grpc.server.host = null (default)
2023-06-07 07:10:48,920 [main] INFO  grpc.GrpcConfigKeys (ConfUtils.java:logGet(46)) - raft.grpc.server.port = 15104 (custom)
2023-06-07 07:10:48,921 [main] INFO  server.GrpcService (ConfUtils.java:logGet(46)) - raft.grpc.message.size.max = 32MB (=33554432) (custom)
2023-06-07 07:10:48,921 [main] INFO  server.RaftServerConfigKeys (ConfUtils.java:logGet(46)) - raft.server.log.appender.buffer.byte-limit = 33554432 (custom)
2023-06-07 07:10:48,921 [main] INFO  server.GrpcService (ConfUtils.java:logGet(46)) - raft.grpc.flow.control.window = 5MB (=5242880) (custom)
2023-06-07 07:10:48,921 [main] INFO  server.RaftServerConfigKeys (ConfUtils.java:logGet(46)) - raft.server.rpc.request.timeout = 60s (custom)
2023-06-07 07:10:48,921 [main] INFO  grpc.GrpcConfigKeys (ConfUtils.java:logGet(46)) - raft.grpc.server.heartbeat.channel = true (default)
2023-06-07 07:10:48,921 [main] INFO  grpc.GrpcConfigKeys (ConfUtils.java:logGet(46)) - raft.grpc.server.async.request.thread.pool.cached = true (default)
2023-06-07 07:10:48,921 [main] INFO  grpc.GrpcConfigKeys (ConfUtils.java:logGet(46)) - raft.grpc.server.async.request.thread.pool.size = 32 (default)
2023-06-07 07:10:48,924 [main] INFO  impl.DataStreamServerImpl (ConfUtils.java:logGet(46)) - raft.datastream.type = NETTY (custom)
2023-06-07 07:10:48,925 [RatisPipelineUtilsThread - 0] INFO  pipeline.RatisPipelineProvider (RatisPipelineProvider.java:lambda$create$0(206)) - Sending CreatePipelineCommand for pipeline:PipelineID=7634eb11-ea24-4f1c-9289-ee57d26294f5 to datanode:add60280-7665-46a7-8f97-112ab314f22d
2023-06-07 07:10:48,934 [main] INFO  server.RaftServerConfigKeys (ConfUtils.java:logGet(46)) - raft.server.data-stream.async.request.thread.pool.cached = false (default)
2023-06-07 07:10:48,934 [main] INFO  server.RaftServerConfigKeys (ConfUtils.java:logGet(46)) - raft.server.data-stream.async.request.thread.pool.size = 20 (custom)
2023-06-07 07:10:48,934 [main] INFO  server.RaftServerConfigKeys (ConfUtils.java:logGet(46)) - raft.server.data-stream.async.write.thread.pool.size = 16 (default)
2023-06-07 07:10:48,934 [main] INFO  server.RaftServerConfigKeys (ConfUtils.java:logGet(46)) - raft.server.data-stream.client.pool.size = 10 (default)
2023-06-07 07:10:48,934 [main] INFO  netty.NettyConfigKeys$DataStream (ConfUtils.java:logGet(46)) - raft.netty.dataStream.server.use-epoll = false (default)
2023-06-07 07:10:48,935 [main] INFO  netty.NettyConfigKeys$DataStream (ConfUtils.java:logGet(46)) - raft.netty.dataStream.server.boss-group.size = 0 (default)
2023-06-07 07:10:48,935 [main] INFO  netty.NettyConfigKeys$DataStream (ConfUtils.java:logGet(46)) - raft.netty.dataStream.server.worker-group.size = 0 (default)
2023-06-07 07:10:48,936 [main] INFO  netty.NettyConfigKeys$DataStream (ConfUtils.java:logGet(46)) - raft.netty.dataStream.server.tls.conf = null (default)
2023-06-07 07:10:48,936 [main] INFO  netty.NettyConfigKeys$DataStream (ConfUtils.java:logGet(46)) - raft.netty.dataStream.host = null (default)
2023-06-07 07:10:48,936 [main] INFO  netty.NettyConfigKeys$DataStream (ConfUtils.java:logGet(46)) - raft.netty.dataStream.port = 15105 (custom)
2023-06-07 07:10:48,950 [main] INFO  server.RaftServerConfigKeys (ConfUtils.java:logGet(46)) - raft.server.threadpool.proxy.cached = true (default)
2023-06-07 07:10:48,954 [b1b35183-3015-42af-b03c-e7d97dc9a7f6-NettyServerStreamRpc-bossGroup--thread1] INFO  logging.LoggingHandler (AbstractInternalLogger.java:log(148)) - [id: 0x169fd210] REGISTERED
2023-06-07 07:10:48,955 [main] INFO  server.RaftServerConfigKeys (ConfUtils.java:logGet(46)) - raft.server.threadpool.proxy.size = 0 (default)
2023-06-07 07:10:48,955 [b1b35183-3015-42af-b03c-e7d97dc9a7f6-NettyServerStreamRpc-bossGroup--thread1] INFO  logging.LoggingHandler (AbstractInternalLogger.java:log(148)) - [id: 0x169fd210] BIND: 0.0.0.0/0.0.0.0:15105
2023-06-07 07:10:48,958 [b1b35183-3015-42af-b03c-e7d97dc9a7f6-NettyServerStreamRpc-bossGroup--thread1] INFO  logging.LoggingHandler (AbstractInternalLogger.java:log(148)) - [id: 0x169fd210, L:/0:0:0:0:0:0:0:0:15105] ACTIVE
2023-06-07 07:10:48,958 [main] INFO  server.RaftServerConfigKeys (ConfUtils.java:logGet(46)) - raft.server.rpc.slowness.timeout = 300s (custom)
2023-06-07 07:10:48,959 [main] INFO  server.RaftServerConfigKeys (ConfUtils.java:logGet(46)) - raft.server.leaderelection.leader.step-down.wait-time = 10s (default)
2023-06-07 07:10:48,959 [main] INFO  server.RaftServerConfigKeys (ConfUtils.java:logGet(46)) - raft.server.storage.dir = [/home/runner/work/ozone/ozone/hadoop-ozone/integration-test/target/test-dir/MiniOzoneClusterImpl-28223e3b-fb3b-4559-a623-43dba3cd33a0/datanode-10/data/ratis] (custom)
2023-06-07 07:10:48,973 [RatisPipelineUtilsThread - 0] INFO  pipeline.PipelineStateManagerImpl (PipelineStateManagerImpl.java:addPipeline(103)) - Created pipeline Pipeline[ Id: 7634eb11-ea24-4f1c-9289-ee57d26294f5, Nodes: add60280-7665-46a7-8f97-112ab314f22d(fv-az246-755.dmzl2ssfaldu3choa5k4qgfeyh.jx.internal.cloudapp.net/10.1.0.31), ReplicationConfig: RATIS/ONE, State:ALLOCATED, leaderId:, CreationTimestamp2023-06-07T07:10:48.917Z[Etc/UTC]].
2023-06-07 07:10:48,978 [main] INFO  server.XceiverServerGrpc (XceiverServerGrpc.java:<init>(132)) - GrpcServer channel type EpollServerSocketChannel
2023-06-07 07:10:48,983 [main] INFO  replication.ReplicationSupervisor (ReplicationSupervisor.java:nodeStateUpdated(305)) - Node state updated to IN_SERVICE, scaling executor pool size to 10
2023-06-07 07:10:48,992 [main] INFO  token.OzoneBlockTokenSecretManager (OzoneSecretManager.java:updateCurrentKey(175)) - Updating current master key for generating tokens. Cert id 3430031981533
2023-06-07 07:10:49,000 [main] INFO  http.BaseHttpServer (BaseHttpServer.java:newHttpServer2BuilderForOzone(224)) - Starting Web-server for hddsDatanode at: http://0.0.0.0:15099
2023-06-07 07:10:49,001 [main] INFO  http.BaseHttpServer (BaseHttpServer.java:<init>(111)) - Hadoop Security Enabled: false Ozone Security Enabled: false Ozone HTTP Security Enabled: false 
2023-06-07 07:10:49,002 [EndpointStateMachine task thread for /0.0.0.0:15002 - 0 ] INFO  utils.DatanodeStoreCache (DatanodeStoreCache.java:addDB(66)) - Added db /home/runner/work/ozone/ozone/hadoop-ozone/integration-test/target/test-dir/MiniOzoneClusterImpl-28223e3b-fb3b-4559-a623-43dba3cd33a0/datanode-5/data-0/containers/hdds/28223e3b-fb3b-4559-a623-43dba3cd33a0/DS-780eccb0-d5c9-4b71-b748-4dc69daa18b2/container.db to cache
2023-06-07 07:10:49,002 [EndpointStateMachine task thread for /0.0.0.0:15002 - 0 ] INFO  volume.HddsVolume (HddsVolume.java:createDbStore(350)) - SchemaV3 db is created and loaded at /home/runner/work/ozone/ozone/hadoop-ozone/integration-test/target/test-dir/MiniOzoneClusterImpl-28223e3b-fb3b-4559-a623-43dba3cd33a0/datanode-5/data-0/containers/hdds/28223e3b-fb3b-4559-a623-43dba3cd33a0/DS-780eccb0-d5c9-4b71-b748-4dc69daa18b2/container.db for volume DS-780eccb0-d5c9-4b71-b748-4dc69daa18b2
2023-06-07 07:10:49,002 [EndpointStateMachine task thread for /0.0.0.0:15002 - 0 ] INFO  ozoneimpl.OzoneContainer (OzoneContainer.java:start(398)) - Attempting to start container services.
2023-06-07 07:10:49,003 [EndpointStateMachine task thread for /0.0.0.0:15002 - 0 ] INFO  ozoneimpl.OzoneContainer (OzoneContainer.java:startContainerScrub(314)) - Scheduled background container scanners and the on-demand container scanner have been disabled.
2023-06-07 07:10:49,005 [main] WARN  server.AuthenticationFilter (AuthenticationFilter.java:constructSecretProvider(240)) - Unable to initialize FileSignerSecretProvider, falling back to use random secrets. Reason: Could not read signature secret file: /home/runner/hadoop-http-auth-signature-secret
2023-06-07 07:10:49,011 [EndpointStateMachine task thread for /0.0.0.0:15002 - 0 ] INFO  replication.ReplicationServer (ReplicationServer.java:start(128)) - ReplicationServer is started using port 15061
2023-06-07 07:10:49,011 [EndpointStateMachine task thread for /0.0.0.0:15002 - 0 ] INFO  ratis.XceiverServerRatis (XceiverServerRatis.java:start(517)) - Starting XceiverServerRatis 1b66a908-7502-432b-9648-1ff1190a9abb
2023-06-07 07:10:49,012 [main] INFO  http.HttpRequestLog (HttpRequestLog.java:getRequestLog(86)) - Http request log for http.requests.hddsDatanode is not defined
2023-06-07 07:10:49,015 [main] INFO  http.HttpServer2 (HttpServer2.java:addGlobalFilter(1031)) - Added global filter 'safety' (class=org.apache.hadoop.hdds.server.http.HttpServer2$QuotingInputFilter)
2023-06-07 07:10:49,016 [main] INFO  http.HttpServer2 (HttpServer2.java:addFilter(1007)) - Added filter static_user_filter (class=org.apache.hadoop.http.lib.StaticUserWebFilter$StaticUserFilter) to context hddsDatanode
2023-06-07 07:10:49,016 [main] INFO  http.HttpServer2 (HttpServer2.java:addFilter(1015)) - Added filter static_user_filter (class=org.apache.hadoop.http.lib.StaticUserWebFilter$StaticUserFilter) to context static
2023-06-07 07:10:49,016 [main] INFO  http.HttpServer2 (HttpServer2.java:addFilter(1015)) - Added filter static_user_filter (class=org.apache.hadoop.http.lib.StaticUserWebFilter$StaticUserFilter) to context logs
2023-06-07 07:10:49,017 [main] INFO  http.BaseHttpServer (BaseHttpServer.java:<init>(190)) - HTTP server of hddsDatanode uses base directory /home/runner/work/ozone/ozone/hadoop-ozone/integration-test/target/test-dir/MiniOzoneClusterImpl-28223e3b-fb3b-4559-a623-43dba3cd33a0/datanode-10/meta/webserver
2023-06-07 07:10:49,018 [main] INFO  http.HttpServer2 (HttpServer2.java:bindListener(1250)) - Jetty bound to port 15099
2023-06-07 07:10:49,018 [main] INFO  server.Server (Server.java:doStart(375)) - jetty-9.4.51.v20230217; built: 2023-02-17T08:19:37.309Z; git: b45c405e4544384de066f814ed42ae3dceacdd49; jvm 1.8.0_372-b07
2023-06-07 07:10:49,025 [EndpointStateMachine task thread for /0.0.0.0:15002 - 0 ] INFO  server.RaftServer (RaftServerProxy.java:startImpl(400)) - 1b66a908-7502-432b-9648-1ff1190a9abb: start RPC server
2023-06-07 07:10:49,030 [EndpointStateMachine task thread for /0.0.0.0:15002 - 0 ] INFO  server.GrpcService (GrpcService.java:startImpl(302)) - 1b66a908-7502-432b-9648-1ff1190a9abb: GrpcService started, listening on 15057
2023-06-07 07:10:49,032 [EndpointStateMachine task thread for /0.0.0.0:15002 - 0 ] INFO  server.GrpcService (GrpcService.java:startImpl(302)) - 1b66a908-7502-432b-9648-1ff1190a9abb: GrpcService started, listening on 15059
2023-06-07 07:10:49,033 [main] INFO  server.session (DefaultSessionIdManager.java:doStart(334)) - DefaultSessionIdManager workerName=node0
2023-06-07 07:10:49,034 [main] INFO  server.session (DefaultSessionIdManager.java:doStart(339)) - No SessionScavenger set, using defaults
2023-06-07 07:10:49,035 [EndpointStateMachine task thread for /0.0.0.0:15002 - 0 ] INFO  server.GrpcService (GrpcService.java:startImpl(302)) - 1b66a908-7502-432b-9648-1ff1190a9abb: GrpcService started, listening on 15058
2023-06-07 07:10:49,035 [main] INFO  server.session (HouseKeeper.java:startScavenging(132)) - node0 Scavenging every 660000ms
2023-06-07 07:10:49,035 [EndpointStateMachine task thread for /0.0.0.0:15002 - 0 ] INFO  ratis.XceiverServerRatis (XceiverServerRatis.java:getRealPort(543)) - XceiverServerRatis 1b66a908-7502-432b-9648-1ff1190a9abb is started using port 15057 for RATIS
2023-06-07 07:10:49,035 [EndpointStateMachine task thread for /0.0.0.0:15002 - 0 ] INFO  ratis.XceiverServerRatis (XceiverServerRatis.java:getRealPort(543)) - XceiverServerRatis 1b66a908-7502-432b-9648-1ff1190a9abb is started using port 15058 for RATIS_ADMIN
2023-06-07 07:10:49,035 [EndpointStateMachine task thread for /0.0.0.0:15002 - 0 ] INFO  ratis.XceiverServerRatis (XceiverServerRatis.java:getRealPort(543)) - XceiverServerRatis 1b66a908-7502-432b-9648-1ff1190a9abb is started using port 15059 for RATIS_SERVER
2023-06-07 07:10:49,035 [EndpointStateMachine task thread for /0.0.0.0:15002 - 0 ] INFO  ratis.XceiverServerRatis (XceiverServerRatis.java:getRealPort(543)) - XceiverServerRatis 1b66a908-7502-432b-9648-1ff1190a9abb is started using port 15060 for RATIS_DATASTREAM
2023-06-07 07:10:49,036 [JvmPauseMonitor7] INFO  util.JvmPauseMonitor (JvmPauseMonitor.java:run(103)) - JvmPauseMonitor-1b66a908-7502-432b-9648-1ff1190a9abb: Started
2023-06-07 07:10:49,036 [main] INFO  handler.ContextHandler (ContextHandler.java:doStart(921)) - Started o.e.j.s.ServletContextHandler@7eafc362{logs,/logs,file:///home/runner/work/ozone/ozone/hadoop-ozone/integration-test/target/log,AVAILABLE}
2023-06-07 07:10:49,037 [main] INFO  handler.ContextHandler (ContextHandler.java:doStart(921)) - Started o.e.j.s.ServletContextHandler@648cfca5{static,/static,jar:file:/home/runner/.m2/repository/org/apache/ozone/hdds-container-service/1.4.0-SNAPSHOT/hdds-container-service-1.4.0-SNAPSHOT.jar!/webapps/static,AVAILABLE}
2023-06-07 07:10:49,071 [BlockDeletingService#0] INFO  interfaces.ContainerDeletionChoosingPolicyTemplate (ContainerDeletionChoosingPolicyTemplate.java:chooseContainerForBlockDeletion(83)) - Chosen 0/5000 blocks from 0 candidate containers.
2023-06-07 07:10:49,281 [main] INFO  handler.ContextHandler (ContextHandler.java:doStart(921)) - Started o.e.j.w.WebAppContext@3222e820{hddsDatanode,/,file:///home/runner/work/ozone/ozone/hadoop-ozone/integration-test/target/test-dir/MiniOzoneClusterImpl-28223e3b-fb3b-4559-a623-43dba3cd33a0/datanode-10/meta/webserver/jetty-0_0_0_0-15099-hdds-container-service-1_4_0-SNAPSHOT_jar-_-any-5661141660418329652/webapp/,AVAILABLE}{jar:file:/home/runner/.m2/repository/org/apache/ozone/hdds-container-service/1.4.0-SNAPSHOT/hdds-container-service-1.4.0-SNAPSHOT.jar!/webapps/hddsDatanode}
2023-06-07 07:10:49,283 [main] INFO  server.AbstractConnector (AbstractConnector.java:doStart(333)) - Started ServerConnector@3f2be1a2{HTTP/1.1, (http/1.1)}{0.0.0.0:15099}
2023-06-07 07:10:49,283 [main] INFO  server.Server (Server.java:doStart(415)) - Started @16216ms
2023-06-07 07:10:49,284 [main] WARN  impl.MetricsSystemImpl (MetricsSystemImpl.java:register(279)) - Sink prometheus already exists!
2023-06-07 07:10:49,285 [main] INFO  http.BaseHttpServer (BaseHttpServer.java:updateConnectorAddress(344)) - HTTP server of hddsDatanode listening at http://0.0.0.0:15099
2023-06-07 07:10:49,285 [main] INFO  ipc.CallQueueManager (CallQueueManager.java:<init>(90)) - Using callQueue: class java.util.concurrent.LinkedBlockingQueue, queueCapacity: 100, scheduler: class org.apache.hadoop.ipc.DefaultRpcScheduler, ipcBackoff: false.
2023-06-07 07:10:49,288 [Listener at 0.0.0.0/15100] INFO  hdds.HddsUtils (HddsUtils.java:preserveThreadName(843)) - Restoring thread name: main
2023-06-07 07:10:49,289 [main] INFO  ozone.HddsDatanodeService (HddsDatanodeService.java:start(332)) - Datanode start with admins: [runner]
2023-06-07 07:10:49,289 [main] INFO  ozone.HddsDatanodeClientProtocolServer (HddsDatanodeClientProtocolServer.java:start(72)) - RPC server for Client /0.0.0.0:15100
2023-06-07 07:10:49,289 [IPC Server Responder] INFO  ipc.Server (Server.java:run(1558)) - IPC Server Responder: starting
2023-06-07 07:10:49,292 [Datanode State Machine Daemon Thread] INFO  statemachine.DatanodeStateMachine (DatanodeStateMachine.java:lambda$startDaemon$0(523)) - Ozone container server started.
2023-06-07 07:10:49,290 [main] WARN  impl.MetricRegistriesImpl (MetricRegistriesImpl.java:addReporterRegistration(111)) - New reporters are added after registries were created. Some metrics will be missing from the reporter. Please add reporter before adding any new registry.
2023-06-07 07:10:49,289 [IPC Server listener on 15100] INFO  ipc.Server (Server.java:run(1398)) - IPC Server listener on 15100: starting
2023-06-07 07:10:49,297 [main] WARN  impl.MetricRegistriesImpl (MetricRegistriesImpl.java:addReporterRegistration(111)) - New reporters are added after registries were created. Some metrics will be missing from the reporter. Please add reporter before adding any new registry.
2023-06-07 07:10:49,294 [IPC Server handler 17 on default port 15002] INFO  net.NetworkTopologyImpl (NetworkTopologyImpl.java:add(112)) - Added a new node: /default-rack/44d8f5b4-8dfc-4dc1-b3e0-dd93457af28b
2023-06-07 07:10:49,294 [Socket Reader #1 for port 15100] INFO  ipc.Server (Server.java:run(1319)) - Starting Socket Reader #1 for port 15100
2023-06-07 07:10:49,297 [main] INFO  impl.MetricsSystemImpl (MetricsSystemImpl.java:init(158)) - HddsDatanode metrics system started (again)
2023-06-07 07:10:49,297 [IPC Server handler 17 on default port 15002] INFO  node.SCMNodeManager (SCMNodeManager.java:register(407)) - Registered Data node : 44d8f5b4-8dfc-4dc1-b3e0-dd93457af28b{ip: 10.1.0.31, host: fv-az246-755.dmzl2ssfaldu3choa5k4qgfeyh.jx.internal.cloudapp.net, ports: [HTTP=15018, CLIENT_RPC=15019, REPLICATION=15025, RATIS=15021, RATIS_ADMIN=15022, RATIS_SERVER=15023, RATIS_DATASTREAM=15024, STANDALONE=15020], networkLocation: /default-rack, certSerialId: null, persistedOpState: null, persistedOpStateExpiryEpochSec: 0}
2023-06-07 07:10:49,315 [EventQueue-NodeRegistrationContainerReportForDataNodeSafeModeRule] INFO  safemode.SCMSafeModeManager (DataNodeSafeModeRule.java:process(71)) - SCM in safe mode. 2 DataNodes registered, 3 required.
2023-06-07 07:10:49,316 [EventQueue-NewNodeForNewNodeHandler] INFO  pipeline.BackgroundPipelineCreator (BackgroundPipelineCreator.java:notifyEventTriggered(276)) - trigger a one-shot run on RatisPipelineUtilsThread.
2023-06-07 07:10:49,322 [Datanode State Machine Task Thread - 0] INFO  datanode.InitDatanodeState (InitDatanodeState.java:persistContainerDatanodeDetails(138)) - DatanodeDetails is persisted to /home/runner/work/ozone/ozone/hadoop-ozone/integration-test/target/test-dir/MiniOzoneClusterImpl-28223e3b-fb3b-4559-a623-43dba3cd33a0/datanode-10/meta/datanode.id
2023-06-07 07:10:49,322 [main] INFO  ozone.HddsDatanodeService (HddsDatanodeService.java:start(258)) - HddsDatanodeService host:fv-az246-755.dmzl2ssfaldu3choa5k4qgfeyh.jx.internal.cloudapp.net ip:10.1.0.31
2023-06-07 07:10:49,334 [RatisPipelineUtilsThread - 0] INFO  pipeline.RatisPipelineProvider (RatisPipelineProvider.java:lambda$create$0(206)) - Sending CreatePipelineCommand for pipeline:PipelineID=b864b66a-da5b-4620-82ee-1c2bd616fca9 to datanode:44d8f5b4-8dfc-4dc1-b3e0-dd93457af28b
2023-06-07 07:10:49,335 [RatisPipelineUtilsThread - 0] INFO  pipeline.PipelineStateManagerImpl (PipelineStateManagerImpl.java:addPipeline(103)) - Created pipeline Pipeline[ Id: b864b66a-da5b-4620-82ee-1c2bd616fca9, Nodes: 44d8f5b4-8dfc-4dc1-b3e0-dd93457af28b(fv-az246-755.dmzl2ssfaldu3choa5k4qgfeyh.jx.internal.cloudapp.net/10.1.0.31), ReplicationConfig: RATIS/ONE, State:ALLOCATED, leaderId:, CreationTimestamp2023-06-07T07:10:49.334Z[Etc/UTC]].
2023-06-07 07:10:49,352 [main] INFO  upgrade.AbstractLayoutVersionManager (AbstractLayoutVersionManager.java:init(83)) - Initializing Layout version manager with metadata layout = HADOOP_PRC_PORTS_IN_DATANODEDETAILS (version = 7), software layout = HADOOP_PRC_PORTS_IN_DATANODEDETAILS (version = 7)
2023-06-07 07:10:49,353 [main] INFO  statemachine.DatanodeStateMachine (DatanodeStateMachine.java:getEndPointTaskThreadPoolSize(271)) - Datanode State Machine Task Thread Pool size 2
2023-06-07 07:10:49,360 [main] INFO  volume.HddsVolume (HddsVolume.java:<init>(130)) - Creating HddsVolume: /home/runner/work/ozone/ozone/hadoop-ozone/integration-test/target/test-dir/MiniOzoneClusterImpl-28223e3b-fb3b-4559-a623-43dba3cd33a0/datanode-11/data-0/containers/hdds of storage type : DISK capacity : 9223372036854775807
2023-06-07 07:10:49,360 [main] INFO  volume.MutableVolumeSet (MutableVolumeSet.java:initializeVolumeSet(175)) - Added Volume : /home/runner/work/ozone/ozone/hadoop-ozone/integration-test/target/test-dir/MiniOzoneClusterImpl-28223e3b-fb3b-4559-a623-43dba3cd33a0/datanode-11/data-0/containers/hdds to VolumeSet
2023-06-07 07:10:49,361 [main] INFO  volume.ThrottledAsyncChecker (ThrottledAsyncChecker.java:schedule(141)) - Scheduling a check for /home/runner/work/ozone/ozone/hadoop-ozone/integration-test/target/test-dir/MiniOzoneClusterImpl-28223e3b-fb3b-4559-a623-43dba3cd33a0/datanode-11/data-0/containers/hdds
2023-06-07 07:10:49,361 [main] INFO  volume.StorageVolumeChecker (StorageVolumeChecker.java:checkAllVolumes(202)) - Scheduled health check for volume /home/runner/work/ozone/ozone/hadoop-ozone/integration-test/target/test-dir/MiniOzoneClusterImpl-28223e3b-fb3b-4559-a623-43dba3cd33a0/datanode-11/data-0/containers/hdds
2023-06-07 07:10:49,375 [main] INFO  volume.MutableVolumeSet (MutableVolumeSet.java:initializeVolumeSet(175)) - Added Volume : /home/runner/work/ozone/ozone/hadoop-ozone/integration-test/target/test-dir/MiniOzoneClusterImpl-28223e3b-fb3b-4559-a623-43dba3cd33a0/datanode-11/data/ratis to VolumeSet
2023-06-07 07:10:49,376 [main] INFO  volume.ThrottledAsyncChecker (ThrottledAsyncChecker.java:schedule(141)) - Scheduling a check for /home/runner/work/ozone/ozone/hadoop-ozone/integration-test/target/test-dir/MiniOzoneClusterImpl-28223e3b-fb3b-4559-a623-43dba3cd33a0/datanode-11/data/ratis
2023-06-07 07:10:49,376 [main] INFO  volume.StorageVolumeChecker (StorageVolumeChecker.java:checkAllVolumes(202)) - Scheduled health check for volume /home/runner/work/ozone/ozone/hadoop-ozone/integration-test/target/test-dir/MiniOzoneClusterImpl-28223e3b-fb3b-4559-a623-43dba3cd33a0/datanode-11/data/ratis
2023-06-07 07:10:49,392 [Thread-365] INFO  ozoneimpl.ContainerReader (ContainerReader.java:readVolume(175)) - Finish verifying containers on volume /home/runner/work/ozone/ozone/hadoop-ozone/integration-test/target/test-dir/MiniOzoneClusterImpl-28223e3b-fb3b-4559-a623-43dba3cd33a0/datanode-11/data-0/containers/hdds
2023-06-07 07:10:49,392 [main] INFO  ozoneimpl.OzoneContainer (OzoneContainer.java:buildContainerSet(303)) - Build ContainerSet costs 0s
2023-06-07 07:10:49,395 [main] INFO  server.RaftServer (ConfUtils.java:logGet(46)) - raft.rpc.type = GRPC (default)
2023-06-07 07:10:49,395 [main] INFO  grpc.GrpcConfigKeys (ConfUtils.java:logFallback(53)) - raft.grpc.admin.host = null (fallback to raft.grpc.server.host)
2023-06-07 07:10:49,395 [main] INFO  grpc.GrpcConfigKeys (ConfUtils.java:logGet(46)) - raft.grpc.admin.port = 15112 (custom)
2023-06-07 07:10:49,396 [main] INFO  grpc.GrpcConfigKeys (ConfUtils.java:logFallback(53)) - raft.grpc.client.host = null (fallback to raft.grpc.server.host)
2023-06-07 07:10:49,396 [main] INFO  grpc.GrpcConfigKeys (ConfUtils.java:logGet(46)) - raft.grpc.client.port = 15111 (custom)
2023-06-07 07:10:49,396 [main] INFO  grpc.GrpcConfigKeys (ConfUtils.java:logGet(46)) - raft.grpc.server.host = null (default)
2023-06-07 07:10:49,396 [main] INFO  grpc.GrpcConfigKeys (ConfUtils.java:logGet(46)) - raft.grpc.server.port = 15113 (custom)
2023-06-07 07:10:49,396 [main] INFO  server.GrpcService (ConfUtils.java:logGet(46)) - raft.grpc.message.size.max = 32MB (=33554432) (custom)
2023-06-07 07:10:49,396 [main] INFO  server.RaftServerConfigKeys (ConfUtils.java:logGet(46)) - raft.server.log.appender.buffer.byte-limit = 33554432 (custom)
2023-06-07 07:10:49,396 [main] INFO  server.GrpcService (ConfUtils.java:logGet(46)) - raft.grpc.flow.control.window = 5MB (=5242880) (custom)
2023-06-07 07:10:49,397 [main] INFO  server.RaftServerConfigKeys (ConfUtils.java:logGet(46)) - raft.server.rpc.request.timeout = 60s (custom)
2023-06-07 07:10:49,397 [main] INFO  grpc.GrpcConfigKeys (ConfUtils.java:logGet(46)) - raft.grpc.server.heartbeat.channel = true (default)
2023-06-07 07:10:49,397 [main] INFO  grpc.GrpcConfigKeys (ConfUtils.java:logGet(46)) - raft.grpc.server.async.request.thread.pool.cached = true (default)
2023-06-07 07:10:49,397 [main] INFO  grpc.GrpcConfigKeys (ConfUtils.java:logGet(46)) - raft.grpc.server.async.request.thread.pool.size = 32 (default)
2023-06-07 07:10:49,400 [main] INFO  impl.DataStreamServerImpl (ConfUtils.java:logGet(46)) - raft.datastream.type = NETTY (custom)
2023-06-07 07:10:49,401 [main] INFO  server.RaftServerConfigKeys (ConfUtils.java:logGet(46)) - raft.server.data-stream.async.request.thread.pool.cached = false (default)
2023-06-07 07:10:49,401 [main] INFO  server.RaftServerConfigKeys (ConfUtils.java:logGet(46)) - raft.server.data-stream.async.request.thread.pool.size = 20 (custom)
2023-06-07 07:10:49,401 [main] INFO  server.RaftServerConfigKeys (ConfUtils.java:logGet(46)) - raft.server.data-stream.async.write.thread.pool.size = 16 (default)
2023-06-07 07:10:49,401 [main] INFO  server.RaftServerConfigKeys (ConfUtils.java:logGet(46)) - raft.server.data-stream.client.pool.size = 10 (default)
2023-06-07 07:10:49,401 [main] INFO  netty.NettyConfigKeys$DataStream (ConfUtils.java:logGet(46)) - raft.netty.dataStream.server.use-epoll = false (default)
2023-06-07 07:10:49,402 [main] INFO  netty.NettyConfigKeys$DataStream (ConfUtils.java:logGet(46)) - raft.netty.dataStream.server.boss-group.size = 0 (default)
2023-06-07 07:10:49,402 [main] INFO  netty.NettyConfigKeys$DataStream (ConfUtils.java:logGet(46)) - raft.netty.dataStream.server.worker-group.size = 0 (default)
2023-06-07 07:10:49,402 [main] INFO  netty.NettyConfigKeys$DataStream (ConfUtils.java:logGet(46)) - raft.netty.dataStream.server.tls.conf = null (default)
2023-06-07 07:10:49,403 [main] INFO  netty.NettyConfigKeys$DataStream (ConfUtils.java:logGet(46)) - raft.netty.dataStream.host = null (default)
2023-06-07 07:10:49,403 [main] INFO  netty.NettyConfigKeys$DataStream (ConfUtils.java:logGet(46)) - raft.netty.dataStream.port = 15114 (custom)
2023-06-07 07:10:49,405 [main] INFO  server.RaftServerConfigKeys (ConfUtils.java:logGet(46)) - raft.server.threadpool.proxy.cached = true (default)
2023-06-07 07:10:49,408 [main] INFO  server.RaftServerConfigKeys (ConfUtils.java:logGet(46)) - raft.server.threadpool.proxy.size = 0 (default)
2023-06-07 07:10:49,409 [main] INFO  server.RaftServerConfigKeys (ConfUtils.java:logGet(46)) - raft.server.rpc.slowness.timeout = 300s (custom)
2023-06-07 07:10:49,409 [main] INFO  server.RaftServerConfigKeys (ConfUtils.java:logGet(46)) - raft.server.leaderelection.leader.step-down.wait-time = 10s (default)
2023-06-07 07:10:49,409 [main] INFO  server.RaftServerConfigKeys (ConfUtils.java:logGet(46)) - raft.server.storage.dir = [/home/runner/work/ozone/ozone/hadoop-ozone/integration-test/target/test-dir/MiniOzoneClusterImpl-28223e3b-fb3b-4559-a623-43dba3cd33a0/datanode-11/data/ratis] (custom)
2023-06-07 07:10:49,408 [cd92a3c4-ef96-4770-b512-b3fe4045cd4b-NettyServerStreamRpc-bossGroup--thread1] INFO  logging.LoggingHandler (AbstractInternalLogger.java:log(148)) - [id: 0xc69817c0] REGISTERED
2023-06-07 07:10:49,409 [cd92a3c4-ef96-4770-b512-b3fe4045cd4b-NettyServerStreamRpc-bossGroup--thread1] INFO  logging.LoggingHandler (AbstractInternalLogger.java:log(148)) - [id: 0xc69817c0] BIND: 0.0.0.0/0.0.0.0:15114
2023-06-07 07:10:49,410 [cd92a3c4-ef96-4770-b512-b3fe4045cd4b-NettyServerStreamRpc-bossGroup--thread1] INFO  logging.LoggingHandler (AbstractInternalLogger.java:log(148)) - [id: 0xc69817c0, L:/0:0:0:0:0:0:0:0:15114] ACTIVE
2023-06-07 07:10:49,412 [main] INFO  server.XceiverServerGrpc (XceiverServerGrpc.java:<init>(132)) - GrpcServer channel type EpollServerSocketChannel
2023-06-07 07:10:49,414 [main] INFO  replication.ReplicationSupervisor (ReplicationSupervisor.java:nodeStateUpdated(305)) - Node state updated to IN_SERVICE, scaling executor pool size to 10
2023-06-07 07:10:49,415 [main] INFO  token.OzoneBlockTokenSecretManager (OzoneSecretManager.java:updateCurrentKey(175)) - Updating current master key for generating tokens. Cert id 3430031981533
2023-06-07 07:10:49,418 [main] INFO  http.BaseHttpServer (BaseHttpServer.java:newHttpServer2BuilderForOzone(224)) - Starting Web-server for hddsDatanode at: http://0.0.0.0:15108
2023-06-07 07:10:49,418 [main] INFO  http.BaseHttpServer (BaseHttpServer.java:<init>(111)) - Hadoop Security Enabled: false Ozone Security Enabled: false Ozone HTTP Security Enabled: false 
2023-06-07 07:10:49,419 [main] WARN  server.AuthenticationFilter (AuthenticationFilter.java:constructSecretProvider(240)) - Unable to initialize FileSignerSecretProvider, falling back to use random secrets. Reason: Could not read signature secret file: /home/runner/hadoop-http-auth-signature-secret
2023-06-07 07:10:49,420 [main] INFO  http.HttpRequestLog (HttpRequestLog.java:getRequestLog(86)) - Http request log for http.requests.hddsDatanode is not defined
2023-06-07 07:10:49,421 [main] INFO  http.HttpServer2 (HttpServer2.java:addGlobalFilter(1031)) - Added global filter 'safety' (class=org.apache.hadoop.hdds.server.http.HttpServer2$QuotingInputFilter)
2023-06-07 07:10:49,422 [main] INFO  http.HttpServer2 (HttpServer2.java:addFilter(1007)) - Added filter static_user_filter (class=org.apache.hadoop.http.lib.StaticUserWebFilter$StaticUserFilter) to context hddsDatanode
2023-06-07 07:10:49,422 [main] INFO  http.HttpServer2 (HttpServer2.java:addFilter(1015)) - Added filter static_user_filter (class=org.apache.hadoop.http.lib.StaticUserWebFilter$StaticUserFilter) to context logs
2023-06-07 07:10:49,422 [main] INFO  http.HttpServer2 (HttpServer2.java:addFilter(1015)) - Added filter static_user_filter (class=org.apache.hadoop.http.lib.StaticUserWebFilter$StaticUserFilter) to context static
2023-06-07 07:10:49,423 [main] INFO  http.BaseHttpServer (BaseHttpServer.java:<init>(190)) - HTTP server of hddsDatanode uses base directory /home/runner/work/ozone/ozone/hadoop-ozone/integration-test/target/test-dir/MiniOzoneClusterImpl-28223e3b-fb3b-4559-a623-43dba3cd33a0/datanode-11/meta/webserver
2023-06-07 07:10:49,423 [main] INFO  http.HttpServer2 (HttpServer2.java:bindListener(1250)) - Jetty bound to port 15108
2023-06-07 07:10:49,424 [main] INFO  server.Server (Server.java:doStart(375)) - jetty-9.4.51.v20230217; built: 2023-02-17T08:19:37.309Z; git: b45c405e4544384de066f814ed42ae3dceacdd49; jvm 1.8.0_372-b07
2023-06-07 07:10:49,425 [main] INFO  server.session (DefaultSessionIdManager.java:doStart(334)) - DefaultSessionIdManager workerName=node0
2023-06-07 07:10:49,425 [main] INFO  server.session (DefaultSessionIdManager.java:doStart(339)) - No SessionScavenger set, using defaults
2023-06-07 07:10:49,425 [main] INFO  server.session (HouseKeeper.java:startScavenging(132)) - node0 Scavenging every 600000ms
2023-06-07 07:10:49,426 [main] INFO  handler.ContextHandler (ContextHandler.java:doStart(921)) - Started o.e.j.s.ServletContextHandler@792333b0{logs,/logs,file:///home/runner/work/ozone/ozone/hadoop-ozone/integration-test/target/log,AVAILABLE}
2023-06-07 07:10:49,427 [main] INFO  handler.ContextHandler (ContextHandler.java:doStart(921)) - Started o.e.j.s.ServletContextHandler@105df316{static,/static,jar:file:/home/runner/.m2/repository/org/apache/ozone/hdds-container-service/1.4.0-SNAPSHOT/hdds-container-service-1.4.0-SNAPSHOT.jar!/webapps/static,AVAILABLE}
2023-06-07 07:10:49,627 [EndpointStateMachine task thread for /0.0.0.0:15002 - 0 ] INFO  utils.DatanodeStoreCache (DatanodeStoreCache.java:addDB(66)) - Added db /home/runner/work/ozone/ozone/hadoop-ozone/integration-test/target/test-dir/MiniOzoneClusterImpl-28223e3b-fb3b-4559-a623-43dba3cd33a0/datanode-6/data-0/containers/hdds/28223e3b-fb3b-4559-a623-43dba3cd33a0/DS-bb7b7718-c588-45c5-a316-877648e68f85/container.db to cache
2023-06-07 07:10:49,627 [EndpointStateMachine task thread for /0.0.0.0:15002 - 0 ] INFO  volume.HddsVolume (HddsVolume.java:createDbStore(350)) - SchemaV3 db is created and loaded at /home/runner/work/ozone/ozone/hadoop-ozone/integration-test/target/test-dir/MiniOzoneClusterImpl-28223e3b-fb3b-4559-a623-43dba3cd33a0/datanode-6/data-0/containers/hdds/28223e3b-fb3b-4559-a623-43dba3cd33a0/DS-bb7b7718-c588-45c5-a316-877648e68f85/container.db for volume DS-bb7b7718-c588-45c5-a316-877648e68f85
2023-06-07 07:10:49,627 [EndpointStateMachine task thread for /0.0.0.0:15002 - 0 ] INFO  ozoneimpl.OzoneContainer (OzoneContainer.java:start(398)) - Attempting to start container services.
2023-06-07 07:10:49,627 [EndpointStateMachine task thread for /0.0.0.0:15002 - 0 ] INFO  ozoneimpl.OzoneContainer (OzoneContainer.java:startContainerScrub(314)) - Scheduled background container scanners and the on-demand container scanner have been disabled.
2023-06-07 07:10:49,633 [EndpointStateMachine task thread for /0.0.0.0:15002 - 0 ] INFO  replication.ReplicationServer (ReplicationServer.java:start(128)) - ReplicationServer is started using port 15070
2023-06-07 07:10:49,633 [EndpointStateMachine task thread for /0.0.0.0:15002 - 0 ] INFO  ratis.XceiverServerRatis (XceiverServerRatis.java:start(517)) - Starting XceiverServerRatis 8757bef3-5796-4279-bd7f-82165642237f
2023-06-07 07:10:49,670 [EndpointStateMachine task thread for /0.0.0.0:15002 - 0 ] INFO  server.RaftServer (RaftServerProxy.java:startImpl(400)) - 8757bef3-5796-4279-bd7f-82165642237f: start RPC server
2023-06-07 07:10:49,678 [EndpointStateMachine task thread for /0.0.0.0:15002 - 0 ] INFO  server.GrpcService (GrpcService.java:startImpl(302)) - 8757bef3-5796-4279-bd7f-82165642237f: GrpcService started, listening on 15066
2023-06-07 07:10:49,689 [EndpointStateMachine task thread for /0.0.0.0:15002 - 0 ] INFO  server.GrpcService (GrpcService.java:startImpl(302)) - 8757bef3-5796-4279-bd7f-82165642237f: GrpcService started, listening on 15068
2023-06-07 07:10:49,689 [IPC Server handler 15 on default port 15002] INFO  net.NetworkTopologyImpl (NetworkTopologyImpl.java:add(112)) - Added a new node: /default-rack/2912fda5-c0b1-4d9e-ac44-fd313bf4d5ec
2023-06-07 07:10:49,690 [EndpointStateMachine task thread for /0.0.0.0:15002 - 0 ] INFO  server.GrpcService (GrpcService.java:startImpl(302)) - 8757bef3-5796-4279-bd7f-82165642237f: GrpcService started, listening on 15067
2023-06-07 07:10:49,691 [IPC Server handler 15 on default port 15002] INFO  node.SCMNodeManager (SCMNodeManager.java:register(407)) - Registered Data node : 2912fda5-c0b1-4d9e-ac44-fd313bf4d5ec{ip: 10.1.0.31, host: fv-az246-755.dmzl2ssfaldu3choa5k4qgfeyh.jx.internal.cloudapp.net, ports: [HTTP=15027, CLIENT_RPC=15028, REPLICATION=15034, RATIS=15030, RATIS_ADMIN=15031, RATIS_SERVER=15032, RATIS_DATASTREAM=15033, STANDALONE=15029], networkLocation: /default-rack, certSerialId: null, persistedOpState: null, persistedOpStateExpiryEpochSec: 0}
2023-06-07 07:10:49,691 [EndpointStateMachine task thread for /0.0.0.0:15002 - 0 ] INFO  ratis.XceiverServerRatis (XceiverServerRatis.java:getRealPort(543)) - XceiverServerRatis 8757bef3-5796-4279-bd7f-82165642237f is started using port 15066 for RATIS
2023-06-07 07:10:49,691 [EventQueue-NewNodeForNewNodeHandler] INFO  pipeline.BackgroundPipelineCreator (BackgroundPipelineCreator.java:notifyEventTriggered(276)) - trigger a one-shot run on RatisPipelineUtilsThread.
2023-06-07 07:10:49,692 [RatisPipelineUtilsThread - 0] INFO  pipeline.RatisPipelineProvider (RatisPipelineProvider.java:lambda$create$0(206)) - Sending CreatePipelineCommand for pipeline:PipelineID=b04cffd8-1b50-43a3-a094-0d1e8d6e61e7 to datanode:2912fda5-c0b1-4d9e-ac44-fd313bf4d5ec
2023-06-07 07:10:49,693 [RatisPipelineUtilsThread - 0] INFO  pipeline.PipelineStateManagerImpl (PipelineStateManagerImpl.java:addPipeline(103)) - Created pipeline Pipeline[ Id: b04cffd8-1b50-43a3-a094-0d1e8d6e61e7, Nodes: 2912fda5-c0b1-4d9e-ac44-fd313bf4d5ec(fv-az246-755.dmzl2ssfaldu3choa5k4qgfeyh.jx.internal.cloudapp.net/10.1.0.31), ReplicationConfig: RATIS/ONE, State:ALLOCATED, leaderId:, CreationTimestamp2023-06-07T07:10:49.692Z[Etc/UTC]].
2023-06-07 07:10:49,691 [EndpointStateMachine task thread for /0.0.0.0:15002 - 0 ] INFO  ratis.XceiverServerRatis (XceiverServerRatis.java:getRealPort(543)) - XceiverServerRatis 8757bef3-5796-4279-bd7f-82165642237f is started using port 15067 for RATIS_ADMIN
2023-06-07 07:10:49,694 [EndpointStateMachine task thread for /0.0.0.0:15002 - 0 ] INFO  ratis.XceiverServerRatis (XceiverServerRatis.java:getRealPort(543)) - XceiverServerRatis 8757bef3-5796-4279-bd7f-82165642237f is started using port 15068 for RATIS_SERVER
2023-06-07 07:10:49,694 [EndpointStateMachine task thread for /0.0.0.0:15002 - 0 ] INFO  ratis.XceiverServerRatis (XceiverServerRatis.java:getRealPort(543)) - XceiverServerRatis 8757bef3-5796-4279-bd7f-82165642237f is started using port 15069 for RATIS_DATASTREAM
2023-06-07 07:10:49,702 [EventQueue-NodeRegistrationContainerReportForDataNodeSafeModeRule] INFO  safemode.SCMSafeModeManager (DataNodeSafeModeRule.java:process(71)) - SCM in safe mode. 3 DataNodes registered, 3 required.
2023-06-07 07:10:49,702 [EventQueue-NodeRegistrationContainerReportForDataNodeSafeModeRule] INFO  safemode.SCMSafeModeManager (SCMSafeModeManager.java:validateSafeModeExitRules(200)) - DataNodeSafeModeRule rule is successfully validated
2023-06-07 07:10:49,702 [EventQueue-NodeRegistrationContainerReportForDataNodeSafeModeRule] INFO  safemode.SCMSafeModeManager (SCMSafeModeManager.java:completePreCheck(229)) - All SCM safe mode pre check rules have passed
2023-06-07 07:10:49,702 [EventQueue-NodeRegistrationContainerReportForDataNodeSafeModeRule] INFO  ha.SCMContext (SCMContext.java:updateSafeModeStatus(228)) - Update SafeModeStatus from SafeModeStatus{safeModeStatus=true, preCheckPassed=false} to SafeModeStatus{safeModeStatus=true, preCheckPassed=true}.
2023-06-07 07:10:49,702 [EventQueue-NodeRegistrationContainerReportForDataNodeSafeModeRule] INFO  pipeline.BackgroundPipelineCreator (BackgroundPipelineCreator.java:notifyEventTriggered(276)) - trigger a one-shot run on RatisPipelineUtilsThread.
2023-06-07 07:10:49,710 [JvmPauseMonitor8] INFO  util.JvmPauseMonitor (JvmPauseMonitor.java:run(103)) - JvmPauseMonitor-8757bef3-5796-4279-bd7f-82165642237f: Started
2023-06-07 07:10:49,714 [RatisPipelineUtilsThread - 0] INFO  pipeline.RatisPipelineProvider (RatisPipelineProvider.java:lambda$create$0(206)) - Sending CreatePipelineCommand for pipeline:PipelineID=c312a65c-e52e-4b85-ac95-ab933bbae0cc to datanode:44d8f5b4-8dfc-4dc1-b3e0-dd93457af28b
2023-06-07 07:10:49,715 [RatisPipelineUtilsThread - 0] INFO  pipeline.RatisPipelineProvider (RatisPipelineProvider.java:lambda$create$0(206)) - Sending CreatePipelineCommand for pipeline:PipelineID=c312a65c-e52e-4b85-ac95-ab933bbae0cc to datanode:add60280-7665-46a7-8f97-112ab314f22d
2023-06-07 07:10:49,715 [RatisPipelineUtilsThread - 0] INFO  pipeline.RatisPipelineProvider (RatisPipelineProvider.java:lambda$create$0(206)) - Sending CreatePipelineCommand for pipeline:PipelineID=c312a65c-e52e-4b85-ac95-ab933bbae0cc to datanode:2912fda5-c0b1-4d9e-ac44-fd313bf4d5ec
2023-06-07 07:10:49,716 [RatisPipelineUtilsThread - 0] INFO  pipeline.PipelineStateManagerImpl (PipelineStateManagerImpl.java:addPipeline(103)) - Created pipeline Pipeline[ Id: c312a65c-e52e-4b85-ac95-ab933bbae0cc, Nodes: 44d8f5b4-8dfc-4dc1-b3e0-dd93457af28b(fv-az246-755.dmzl2ssfaldu3choa5k4qgfeyh.jx.internal.cloudapp.net/10.1.0.31)add60280-7665-46a7-8f97-112ab314f22d(fv-az246-755.dmzl2ssfaldu3choa5k4qgfeyh.jx.internal.cloudapp.net/10.1.0.31)2912fda5-c0b1-4d9e-ac44-fd313bf4d5ec(fv-az246-755.dmzl2ssfaldu3choa5k4qgfeyh.jx.internal.cloudapp.net/10.1.0.31), ReplicationConfig: RATIS/THREE, State:ALLOCATED, leaderId:, CreationTimestamp2023-06-07T07:10:49.714Z[Etc/UTC]].
2023-06-07 07:10:49,711 [BlockDeletingService#0] INFO  interfaces.ContainerDeletionChoosingPolicyTemplate (ContainerDeletionChoosingPolicyTemplate.java:chooseContainerForBlockDeletion(83)) - Chosen 0/5000 blocks from 0 candidate containers.
2023-06-07 07:10:49,717 [RatisPipelineUtilsThread - 0] INFO  pipeline.RatisPipelineProvider (RatisPipelineProvider.java:lambda$create$0(206)) - Sending CreatePipelineCommand for pipeline:PipelineID=5fa2f39f-6c68-4c5f-95db-cfa832b76c4a to datanode:2912fda5-c0b1-4d9e-ac44-fd313bf4d5ec
2023-06-07 07:10:49,732 [RatisPipelineUtilsThread - 0] INFO  pipeline.RatisPipelineProvider (RatisPipelineProvider.java:lambda$create$0(206)) - Sending CreatePipelineCommand for pipeline:PipelineID=5fa2f39f-6c68-4c5f-95db-cfa832b76c4a to datanode:add60280-7665-46a7-8f97-112ab314f22d
2023-06-07 07:10:49,732 [RatisPipelineUtilsThread - 0] INFO  pipeline.RatisPipelineProvider (RatisPipelineProvider.java:lambda$create$0(206)) - Sending CreatePipelineCommand for pipeline:PipelineID=5fa2f39f-6c68-4c5f-95db-cfa832b76c4a to datanode:44d8f5b4-8dfc-4dc1-b3e0-dd93457af28b
2023-06-07 07:10:49,733 [RatisPipelineUtilsThread - 0] INFO  pipeline.PipelineStateManagerImpl (PipelineStateManagerImpl.java:addPipeline(103)) - Created pipeline Pipeline[ Id: 5fa2f39f-6c68-4c5f-95db-cfa832b76c4a, Nodes: 2912fda5-c0b1-4d9e-ac44-fd313bf4d5ec(fv-az246-755.dmzl2ssfaldu3choa5k4qgfeyh.jx.internal.cloudapp.net/10.1.0.31)add60280-7665-46a7-8f97-112ab314f22d(fv-az246-755.dmzl2ssfaldu3choa5k4qgfeyh.jx.internal.cloudapp.net/10.1.0.31)44d8f5b4-8dfc-4dc1-b3e0-dd93457af28b(fv-az246-755.dmzl2ssfaldu3choa5k4qgfeyh.jx.internal.cloudapp.net/10.1.0.31), ReplicationConfig: RATIS/THREE, State:ALLOCATED, leaderId:, CreationTimestamp2023-06-07T07:10:49.717Z[Etc/UTC]].
2023-06-07 07:10:49,734 [RatisPipelineUtilsThread - 0] INFO  pipeline.PipelineManagerImpl (PipelineManagerImpl.java:recordMetricsForPipeline(826)) - Pipeline: PipelineID=5fa2f39f-6c68-4c5f-95db-cfa832b76c4a contains same datanodes as previous pipelines: PipelineID=c312a65c-e52e-4b85-ac95-ab933bbae0cc nodeIds: 2912fda5-c0b1-4d9e-ac44-fd313bf4d5ec, add60280-7665-46a7-8f97-112ab314f22d, 44d8f5b4-8dfc-4dc1-b3e0-dd93457af28b
2023-06-07 07:10:49,734 [RatisPipelineUtilsThread - 0] WARN  pipeline.PipelinePlacementPolicy (PipelinePlacementPolicy.java:filterViableNodes(166)) - Pipeline creation failed due to no sufficient healthy datanodes. Required 3. Found 0. Excluded 3.
2023-06-07 07:10:49,878 [main] INFO  handler.ContextHandler (ContextHandler.java:doStart(921)) - Started o.e.j.w.WebAppContext@5233a315{hddsDatanode,/,file:///home/runner/work/ozone/ozone/hadoop-ozone/integration-test/target/test-dir/MiniOzoneClusterImpl-28223e3b-fb3b-4559-a623-43dba3cd33a0/datanode-11/meta/webserver/jetty-0_0_0_0-15108-hdds-container-service-1_4_0-SNAPSHOT_jar-_-any-7149968810790211542/webapp/,AVAILABLE}{jar:file:/home/runner/.m2/repository/org/apache/ozone/hdds-container-service/1.4.0-SNAPSHOT/hdds-container-service-1.4.0-SNAPSHOT.jar!/webapps/hddsDatanode}
2023-06-07 07:10:49,881 [main] INFO  server.AbstractConnector (AbstractConnector.java:doStart(333)) - Started ServerConnector@6603bbe4{HTTP/1.1, (http/1.1)}{0.0.0.0:15108}
2023-06-07 07:10:49,882 [main] INFO  server.Server (Server.java:doStart(415)) - Started @16815ms
2023-06-07 07:10:49,882 [main] WARN  impl.MetricsSystemImpl (MetricsSystemImpl.java:register(279)) - Sink prometheus already exists!
2023-06-07 07:10:49,883 [main] INFO  http.BaseHttpServer (BaseHttpServer.java:updateConnectorAddress(344)) - HTTP server of hddsDatanode listening at http://0.0.0.0:15108
2023-06-07 07:10:49,884 [main] INFO  ipc.CallQueueManager (CallQueueManager.java:<init>(90)) - Using callQueue: class java.util.concurrent.LinkedBlockingQueue, queueCapacity: 100, scheduler: class org.apache.hadoop.ipc.DefaultRpcScheduler, ipcBackoff: false.
2023-06-07 07:10:49,886 [Socket Reader #1 for port 15109] INFO  ipc.Server (Server.java:run(1319)) - Starting Socket Reader #1 for port 15109
2023-06-07 07:10:49,886 [Listener at 0.0.0.0/15109] INFO  hdds.HddsUtils (HddsUtils.java:preserveThreadName(843)) - Restoring thread name: main
2023-06-07 07:10:49,891 [main] INFO  ozone.HddsDatanodeService (HddsDatanodeService.java:start(332)) - Datanode start with admins: [runner]
2023-06-07 07:10:49,891 [main] INFO  ozone.HddsDatanodeClientProtocolServer (HddsDatanodeClientProtocolServer.java:start(72)) - RPC server for Client /0.0.0.0:15109
2023-06-07 07:10:49,891 [IPC Server Responder] INFO  ipc.Server (Server.java:run(1558)) - IPC Server Responder: starting
2023-06-07 07:10:49,892 [IPC Server listener on 15109] INFO  ipc.Server (Server.java:run(1398)) - IPC Server listener on 15109: starting
2023-06-07 07:10:49,894 [main] WARN  impl.MetricRegistriesImpl (MetricRegistriesImpl.java:addReporterRegistration(111)) - New reporters are added after registries were created. Some metrics will be missing from the reporter. Please add reporter before adding any new registry.
2023-06-07 07:10:49,894 [main] WARN  impl.MetricRegistriesImpl (MetricRegistriesImpl.java:addReporterRegistration(111)) - New reporters are added after registries were created. Some metrics will be missing from the reporter. Please add reporter before adding any new registry.
2023-06-07 07:10:49,894 [main] INFO  impl.MetricsSystemImpl (MetricsSystemImpl.java:init(158)) - HddsDatanode metrics system started (again)
2023-06-07 07:10:49,907 [Datanode State Machine Daemon Thread] INFO  statemachine.DatanodeStateMachine (DatanodeStateMachine.java:lambda$startDaemon$0(523)) - Ozone container server started.
2023-06-07 07:10:49,941 [main] INFO  ozone.HddsDatanodeService (HddsDatanodeService.java:start(258)) - HddsDatanodeService host:fv-az246-755.dmzl2ssfaldu3choa5k4qgfeyh.jx.internal.cloudapp.net ip:10.1.0.31
2023-06-07 07:10:49,948 [EndpointStateMachine task thread for /0.0.0.0:15002 - 0 ] INFO  utils.DatanodeStoreCache (DatanodeStoreCache.java:addDB(66)) - Added db /home/runner/work/ozone/ozone/hadoop-ozone/integration-test/target/test-dir/MiniOzoneClusterImpl-28223e3b-fb3b-4559-a623-43dba3cd33a0/datanode-7/data-0/containers/hdds/28223e3b-fb3b-4559-a623-43dba3cd33a0/DS-025379f4-b1cb-466a-b3b8-32ab8eb24371/container.db to cache
2023-06-07 07:10:49,948 [EndpointStateMachine task thread for /0.0.0.0:15002 - 0 ] INFO  volume.HddsVolume (HddsVolume.java:createDbStore(350)) - SchemaV3 db is created and loaded at /home/runner/work/ozone/ozone/hadoop-ozone/integration-test/target/test-dir/MiniOzoneClusterImpl-28223e3b-fb3b-4559-a623-43dba3cd33a0/datanode-7/data-0/containers/hdds/28223e3b-fb3b-4559-a623-43dba3cd33a0/DS-025379f4-b1cb-466a-b3b8-32ab8eb24371/container.db for volume DS-025379f4-b1cb-466a-b3b8-32ab8eb24371
2023-06-07 07:10:49,950 [EndpointStateMachine task thread for /0.0.0.0:15002 - 0 ] INFO  ozoneimpl.OzoneContainer (OzoneContainer.java:start(398)) - Attempting to start container services.
2023-06-07 07:10:49,952 [EndpointStateMachine task thread for /0.0.0.0:15002 - 0 ] INFO  ozoneimpl.OzoneContainer (OzoneContainer.java:startContainerScrub(314)) - Scheduled background container scanners and the on-demand container scanner have been disabled.
2023-06-07 07:10:49,958 [EndpointStateMachine task thread for /0.0.0.0:15002 - 0 ] INFO  replication.ReplicationServer (ReplicationServer.java:start(128)) - ReplicationServer is started using port 15079
2023-06-07 07:10:49,958 [EndpointStateMachine task thread for /0.0.0.0:15002 - 0 ] INFO  ratis.XceiverServerRatis (XceiverServerRatis.java:start(517)) - Starting XceiverServerRatis 1c3f76c4-a361-44c3-a437-710dc7a71a87
2023-06-07 07:10:49,962 [Datanode State Machine Task Thread - 0] INFO  datanode.InitDatanodeState (InitDatanodeState.java:persistContainerDatanodeDetails(138)) - DatanodeDetails is persisted to /home/runner/work/ozone/ozone/hadoop-ozone/integration-test/target/test-dir/MiniOzoneClusterImpl-28223e3b-fb3b-4559-a623-43dba3cd33a0/datanode-11/meta/datanode.id
2023-06-07 07:10:49,962 [EndpointStateMachine task thread for /0.0.0.0:15002 - 0 ] INFO  server.RaftServer (RaftServerProxy.java:startImpl(400)) - 1c3f76c4-a361-44c3-a437-710dc7a71a87: start RPC server
2023-06-07 07:10:49,964 [EndpointStateMachine task thread for /0.0.0.0:15002 - 0 ] INFO  server.GrpcService (GrpcService.java:startImpl(302)) - 1c3f76c4-a361-44c3-a437-710dc7a71a87: GrpcService started, listening on 15075
2023-06-07 07:10:49,967 [EndpointStateMachine task thread for /0.0.0.0:15002 - 0 ] INFO  server.GrpcService (GrpcService.java:startImpl(302)) - 1c3f76c4-a361-44c3-a437-710dc7a71a87: GrpcService started, listening on 15077
2023-06-07 07:10:49,971 [EndpointStateMachine task thread for /0.0.0.0:15002 - 0 ] INFO  server.GrpcService (GrpcService.java:startImpl(302)) - 1c3f76c4-a361-44c3-a437-710dc7a71a87: GrpcService started, listening on 15076
2023-06-07 07:10:49,971 [EndpointStateMachine task thread for /0.0.0.0:15002 - 0 ] INFO  ratis.XceiverServerRatis (XceiverServerRatis.java:getRealPort(543)) - XceiverServerRatis 1c3f76c4-a361-44c3-a437-710dc7a71a87 is started using port 15075 for RATIS
2023-06-07 07:10:49,971 [EndpointStateMachine task thread for /0.0.0.0:15002 - 0 ] INFO  ratis.XceiverServerRatis (XceiverServerRatis.java:getRealPort(543)) - XceiverServerRatis 1c3f76c4-a361-44c3-a437-710dc7a71a87 is started using port 15076 for RATIS_ADMIN
2023-06-07 07:10:49,971 [EndpointStateMachine task thread for /0.0.0.0:15002 - 0 ] INFO  ratis.XceiverServerRatis (XceiverServerRatis.java:getRealPort(543)) - XceiverServerRatis 1c3f76c4-a361-44c3-a437-710dc7a71a87 is started using port 15077 for RATIS_SERVER
2023-06-07 07:10:49,971 [EndpointStateMachine task thread for /0.0.0.0:15002 - 0 ] INFO  ratis.XceiverServerRatis (XceiverServerRatis.java:getRealPort(543)) - XceiverServerRatis 1c3f76c4-a361-44c3-a437-710dc7a71a87 is started using port 15078 for RATIS_DATASTREAM
2023-06-07 07:10:49,972 [JvmPauseMonitor9] INFO  util.JvmPauseMonitor (JvmPauseMonitor.java:run(103)) - JvmPauseMonitor-1c3f76c4-a361-44c3-a437-710dc7a71a87: Started
2023-06-07 07:10:49,976 [BlockDeletingService#0] INFO  interfaces.ContainerDeletionChoosingPolicyTemplate (ContainerDeletionChoosingPolicyTemplate.java:chooseContainerForBlockDeletion(83)) - Chosen 0/5000 blocks from 0 candidate containers.
2023-06-07 07:10:49,983 [main] INFO  upgrade.AbstractLayoutVersionManager (AbstractLayoutVersionManager.java:init(83)) - Initializing Layout version manager with metadata layout = HADOOP_PRC_PORTS_IN_DATANODEDETAILS (version = 7), software layout = HADOOP_PRC_PORTS_IN_DATANODEDETAILS (version = 7)
2023-06-07 07:10:49,983 [main] INFO  statemachine.DatanodeStateMachine (DatanodeStateMachine.java:getEndPointTaskThreadPoolSize(271)) - Datanode State Machine Task Thread Pool size 2
2023-06-07 07:10:49,986 [main] INFO  volume.HddsVolume (HddsVolume.java:<init>(130)) - Creating HddsVolume: /home/runner/work/ozone/ozone/hadoop-ozone/integration-test/target/test-dir/MiniOzoneClusterImpl-28223e3b-fb3b-4559-a623-43dba3cd33a0/datanode-12/data-0/containers/hdds of storage type : DISK capacity : 9223372036854775807
2023-06-07 07:10:49,986 [main] INFO  volume.MutableVolumeSet (MutableVolumeSet.java:initializeVolumeSet(175)) - Added Volume : /home/runner/work/ozone/ozone/hadoop-ozone/integration-test/target/test-dir/MiniOzoneClusterImpl-28223e3b-fb3b-4559-a623-43dba3cd33a0/datanode-12/data-0/containers/hdds to VolumeSet
2023-06-07 07:10:49,987 [main] INFO  volume.ThrottledAsyncChecker (ThrottledAsyncChecker.java:schedule(141)) - Scheduling a check for /home/runner/work/ozone/ozone/hadoop-ozone/integration-test/target/test-dir/MiniOzoneClusterImpl-28223e3b-fb3b-4559-a623-43dba3cd33a0/datanode-12/data-0/containers/hdds
2023-06-07 07:10:49,987 [main] INFO  volume.StorageVolumeChecker (StorageVolumeChecker.java:checkAllVolumes(202)) - Scheduled health check for volume /home/runner/work/ozone/ozone/hadoop-ozone/integration-test/target/test-dir/MiniOzoneClusterImpl-28223e3b-fb3b-4559-a623-43dba3cd33a0/datanode-12/data-0/containers/hdds
2023-06-07 07:10:50,002 [main] INFO  volume.MutableVolumeSet (MutableVolumeSet.java:initializeVolumeSet(175)) - Added Volume : /home/runner/work/ozone/ozone/hadoop-ozone/integration-test/target/test-dir/MiniOzoneClusterImpl-28223e3b-fb3b-4559-a623-43dba3cd33a0/datanode-12/data/ratis to VolumeSet
2023-06-07 07:10:50,002 [main] INFO  volume.ThrottledAsyncChecker (ThrottledAsyncChecker.java:schedule(141)) - Scheduling a check for /home/runner/work/ozone/ozone/hadoop-ozone/integration-test/target/test-dir/MiniOzoneClusterImpl-28223e3b-fb3b-4559-a623-43dba3cd33a0/datanode-12/data/ratis
2023-06-07 07:10:50,003 [main] INFO  volume.StorageVolumeChecker (StorageVolumeChecker.java:checkAllVolumes(202)) - Scheduled health check for volume /home/runner/work/ozone/ozone/hadoop-ozone/integration-test/target/test-dir/MiniOzoneClusterImpl-28223e3b-fb3b-4559-a623-43dba3cd33a0/datanode-12/data/ratis
2023-06-07 07:10:50,018 [Thread-392] INFO  ozoneimpl.ContainerReader (ContainerReader.java:readVolume(175)) - Finish verifying containers on volume /home/runner/work/ozone/ozone/hadoop-ozone/integration-test/target/test-dir/MiniOzoneClusterImpl-28223e3b-fb3b-4559-a623-43dba3cd33a0/datanode-12/data-0/containers/hdds
2023-06-07 07:10:50,018 [main] INFO  ozoneimpl.OzoneContainer (OzoneContainer.java:buildContainerSet(303)) - Build ContainerSet costs 0s
2023-06-07 07:10:50,021 [main] INFO  server.RaftServer (ConfUtils.java:logGet(46)) - raft.rpc.type = GRPC (default)
2023-06-07 07:10:50,022 [main] INFO  grpc.GrpcConfigKeys (ConfUtils.java:logFallback(53)) - raft.grpc.admin.host = null (fallback to raft.grpc.server.host)
2023-06-07 07:10:50,022 [main] INFO  grpc.GrpcConfigKeys (ConfUtils.java:logGet(46)) - raft.grpc.admin.port = 15121 (custom)
2023-06-07 07:10:50,022 [main] INFO  grpc.GrpcConfigKeys (ConfUtils.java:logFallback(53)) - raft.grpc.client.host = null (fallback to raft.grpc.server.host)
2023-06-07 07:10:50,022 [main] INFO  grpc.GrpcConfigKeys (ConfUtils.java:logGet(46)) - raft.grpc.client.port = 15120 (custom)
2023-06-07 07:10:50,022 [main] INFO  grpc.GrpcConfigKeys (ConfUtils.java:logGet(46)) - raft.grpc.server.host = null (default)
2023-06-07 07:10:50,023 [main] INFO  grpc.GrpcConfigKeys (ConfUtils.java:logGet(46)) - raft.grpc.server.port = 15122 (custom)
2023-06-07 07:10:50,023 [main] INFO  server.GrpcService (ConfUtils.java:logGet(46)) - raft.grpc.message.size.max = 32MB (=33554432) (custom)
2023-06-07 07:10:50,023 [main] INFO  server.RaftServerConfigKeys (ConfUtils.java:logGet(46)) - raft.server.log.appender.buffer.byte-limit = 33554432 (custom)
2023-06-07 07:10:50,023 [main] INFO  server.GrpcService (ConfUtils.java:logGet(46)) - raft.grpc.flow.control.window = 5MB (=5242880) (custom)
2023-06-07 07:10:50,023 [main] INFO  server.RaftServerConfigKeys (ConfUtils.java:logGet(46)) - raft.server.rpc.request.timeout = 60s (custom)
2023-06-07 07:10:50,023 [main] INFO  grpc.GrpcConfigKeys (ConfUtils.java:logGet(46)) - raft.grpc.server.heartbeat.channel = true (default)
2023-06-07 07:10:50,023 [main] INFO  grpc.GrpcConfigKeys (ConfUtils.java:logGet(46)) - raft.grpc.server.async.request.thread.pool.cached = true (default)
2023-06-07 07:10:50,024 [main] INFO  grpc.GrpcConfigKeys (ConfUtils.java:logGet(46)) - raft.grpc.server.async.request.thread.pool.size = 32 (default)
2023-06-07 07:10:50,027 [main] INFO  impl.DataStreamServerImpl (ConfUtils.java:logGet(46)) - raft.datastream.type = NETTY (custom)
2023-06-07 07:10:50,027 [main] INFO  server.RaftServerConfigKeys (ConfUtils.java:logGet(46)) - raft.server.data-stream.async.request.thread.pool.cached = false (default)
2023-06-07 07:10:50,028 [main] INFO  server.RaftServerConfigKeys (ConfUtils.java:logGet(46)) - raft.server.data-stream.async.request.thread.pool.size = 20 (custom)
2023-06-07 07:10:50,028 [main] INFO  server.RaftServerConfigKeys (ConfUtils.java:logGet(46)) - raft.server.data-stream.async.write.thread.pool.size = 16 (default)
2023-06-07 07:10:50,028 [main] INFO  server.RaftServerConfigKeys (ConfUtils.java:logGet(46)) - raft.server.data-stream.client.pool.size = 10 (default)
2023-06-07 07:10:50,028 [main] INFO  netty.NettyConfigKeys$DataStream (ConfUtils.java:logGet(46)) - raft.netty.dataStream.server.use-epoll = false (default)
2023-06-07 07:10:50,028 [main] INFO  netty.NettyConfigKeys$DataStream (ConfUtils.java:logGet(46)) - raft.netty.dataStream.server.boss-group.size = 0 (default)
2023-06-07 07:10:50,029 [main] INFO  netty.NettyConfigKeys$DataStream (ConfUtils.java:logGet(46)) - raft.netty.dataStream.server.worker-group.size = 0 (default)
2023-06-07 07:10:50,029 [main] INFO  netty.NettyConfigKeys$DataStream (ConfUtils.java:logGet(46)) - raft.netty.dataStream.server.tls.conf = null (default)
2023-06-07 07:10:50,029 [main] INFO  netty.NettyConfigKeys$DataStream (ConfUtils.java:logGet(46)) - raft.netty.dataStream.host = null (default)
2023-06-07 07:10:50,029 [main] INFO  netty.NettyConfigKeys$DataStream (ConfUtils.java:logGet(46)) - raft.netty.dataStream.port = 15123 (custom)
2023-06-07 07:10:50,030 [main] INFO  server.RaftServerConfigKeys (ConfUtils.java:logGet(46)) - raft.server.threadpool.proxy.cached = true (default)
2023-06-07 07:10:50,032 [main] INFO  server.RaftServerConfigKeys (ConfUtils.java:logGet(46)) - raft.server.threadpool.proxy.size = 0 (default)
2023-06-07 07:10:50,033 [193ce337-dffd-4cd7-9fc4-5b62e57d89f8-NettyServerStreamRpc-bossGroup--thread1] INFO  logging.LoggingHandler (AbstractInternalLogger.java:log(148)) - [id: 0x7348b784] REGISTERED
2023-06-07 07:10:50,033 [main] INFO  server.RaftServerConfigKeys (ConfUtils.java:logGet(46)) - raft.server.rpc.slowness.timeout = 300s (custom)
2023-06-07 07:10:50,033 [193ce337-dffd-4cd7-9fc4-5b62e57d89f8-NettyServerStreamRpc-bossGroup--thread1] INFO  logging.LoggingHandler (AbstractInternalLogger.java:log(148)) - [id: 0x7348b784] BIND: 0.0.0.0/0.0.0.0:15123
2023-06-07 07:10:50,033 [main] INFO  server.RaftServerConfigKeys (ConfUtils.java:logGet(46)) - raft.server.leaderelection.leader.step-down.wait-time = 10s (default)
2023-06-07 07:10:50,034 [193ce337-dffd-4cd7-9fc4-5b62e57d89f8-NettyServerStreamRpc-bossGroup--thread1] INFO  logging.LoggingHandler (AbstractInternalLogger.java:log(148)) - [id: 0x7348b784, L:/0:0:0:0:0:0:0:0:15123] ACTIVE
2023-06-07 07:10:50,034 [main] INFO  server.RaftServerConfigKeys (ConfUtils.java:logGet(46)) - raft.server.storage.dir = [/home/runner/work/ozone/ozone/hadoop-ozone/integration-test/target/test-dir/MiniOzoneClusterImpl-28223e3b-fb3b-4559-a623-43dba3cd33a0/datanode-12/data/ratis] (custom)
2023-06-07 07:10:50,036 [main] INFO  server.XceiverServerGrpc (XceiverServerGrpc.java:<init>(132)) - GrpcServer channel type EpollServerSocketChannel
2023-06-07 07:10:50,044 [main] INFO  replication.ReplicationSupervisor (ReplicationSupervisor.java:nodeStateUpdated(305)) - Node state updated to IN_SERVICE, scaling executor pool size to 10
2023-06-07 07:10:50,045 [main] INFO  token.OzoneBlockTokenSecretManager (OzoneSecretManager.java:updateCurrentKey(175)) - Updating current master key for generating tokens. Cert id 3430031981533
2023-06-07 07:10:50,047 [main] INFO  http.BaseHttpServer (BaseHttpServer.java:newHttpServer2BuilderForOzone(224)) - Starting Web-server for hddsDatanode at: http://0.0.0.0:15117
2023-06-07 07:10:50,047 [main] INFO  http.BaseHttpServer (BaseHttpServer.java:<init>(111)) - Hadoop Security Enabled: false Ozone Security Enabled: false Ozone HTTP Security Enabled: false 
2023-06-07 07:10:50,048 [main] WARN  server.AuthenticationFilter (AuthenticationFilter.java:constructSecretProvider(240)) - Unable to initialize FileSignerSecretProvider, falling back to use random secrets. Reason: Could not read signature secret file: /home/runner/hadoop-http-auth-signature-secret
2023-06-07 07:10:50,052 [main] INFO  http.HttpRequestLog (HttpRequestLog.java:getRequestLog(86)) - Http request log for http.requests.hddsDatanode is not defined
2023-06-07 07:10:50,054 [main] INFO  http.HttpServer2 (HttpServer2.java:addGlobalFilter(1031)) - Added global filter 'safety' (class=org.apache.hadoop.hdds.server.http.HttpServer2$QuotingInputFilter)
2023-06-07 07:10:50,055 [main] INFO  http.HttpServer2 (HttpServer2.java:addFilter(1007)) - Added filter static_user_filter (class=org.apache.hadoop.http.lib.StaticUserWebFilter$StaticUserFilter) to context hddsDatanode
2023-06-07 07:10:50,055 [main] INFO  http.HttpServer2 (HttpServer2.java:addFilter(1015)) - Added filter static_user_filter (class=org.apache.hadoop.http.lib.StaticUserWebFilter$StaticUserFilter) to context logs
2023-06-07 07:10:50,056 [main] INFO  http.HttpServer2 (HttpServer2.java:addFilter(1015)) - Added filter static_user_filter (class=org.apache.hadoop.http.lib.StaticUserWebFilter$StaticUserFilter) to context static
2023-06-07 07:10:50,057 [main] INFO  http.BaseHttpServer (BaseHttpServer.java:<init>(190)) - HTTP server of hddsDatanode uses base directory /home/runner/work/ozone/ozone/hadoop-ozone/integration-test/target/test-dir/MiniOzoneClusterImpl-28223e3b-fb3b-4559-a623-43dba3cd33a0/datanode-12/meta/webserver
2023-06-07 07:10:50,057 [main] INFO  http.HttpServer2 (HttpServer2.java:bindListener(1250)) - Jetty bound to port 15117
2023-06-07 07:10:50,057 [main] INFO  server.Server (Server.java:doStart(375)) - jetty-9.4.51.v20230217; built: 2023-02-17T08:19:37.309Z; git: b45c405e4544384de066f814ed42ae3dceacdd49; jvm 1.8.0_372-b07
2023-06-07 07:10:50,058 [main] INFO  server.session (DefaultSessionIdManager.java:doStart(334)) - DefaultSessionIdManager workerName=node0
2023-06-07 07:10:50,059 [main] INFO  server.session (DefaultSessionIdManager.java:doStart(339)) - No SessionScavenger set, using defaults
2023-06-07 07:10:50,059 [main] INFO  server.session (HouseKeeper.java:startScavenging(132)) - node0 Scavenging every 600000ms
2023-06-07 07:10:50,061 [main] INFO  handler.ContextHandler (ContextHandler.java:doStart(921)) - Started o.e.j.s.ServletContextHandler@4e29ac60{logs,/logs,file:///home/runner/work/ozone/ozone/hadoop-ozone/integration-test/target/log,AVAILABLE}
2023-06-07 07:10:50,062 [main] INFO  handler.ContextHandler (ContextHandler.java:doStart(921)) - Started o.e.j.s.ServletContextHandler@25cb3c60{static,/static,jar:file:/home/runner/.m2/repository/org/apache/ozone/hdds-container-service/1.4.0-SNAPSHOT/hdds-container-service-1.4.0-SNAPSHOT.jar!/webapps/static,AVAILABLE}
2023-06-07 07:10:50,074 [IPC Server handler 17 on default port 15002] INFO  net.NetworkTopologyImpl (NetworkTopologyImpl.java:add(112)) - Added a new node: /default-rack/4867cc16-78cf-4276-b1e1-ad4ddd1b82d4
2023-06-07 07:10:50,075 [IPC Server handler 17 on default port 15002] INFO  node.SCMNodeManager (SCMNodeManager.java:register(407)) - Registered Data node : 4867cc16-78cf-4276-b1e1-ad4ddd1b82d4{ip: 10.1.0.31, host: fv-az246-755.dmzl2ssfaldu3choa5k4qgfeyh.jx.internal.cloudapp.net, ports: [HTTP=15036, CLIENT_RPC=15037, REPLICATION=15043, RATIS=15039, RATIS_ADMIN=15040, RATIS_SERVER=15041, RATIS_DATASTREAM=15042, STANDALONE=15038], networkLocation: /default-rack, certSerialId: null, persistedOpState: null, persistedOpStateExpiryEpochSec: 0}
2023-06-07 07:10:50,075 [EventQueue-NewNodeForNewNodeHandler] INFO  pipeline.BackgroundPipelineCreator (BackgroundPipelineCreator.java:notifyEventTriggered(276)) - trigger a one-shot run on RatisPipelineUtilsThread.
2023-06-07 07:10:50,076 [RatisPipelineUtilsThread - 0] INFO  pipeline.RatisPipelineProvider (RatisPipelineProvider.java:lambda$create$0(206)) - Sending CreatePipelineCommand for pipeline:PipelineID=1526e63b-1c4a-438b-bdcc-1a902b538acd to datanode:4867cc16-78cf-4276-b1e1-ad4ddd1b82d4
2023-06-07 07:10:50,080 [RatisPipelineUtilsThread - 0] INFO  pipeline.PipelineStateManagerImpl (PipelineStateManagerImpl.java:addPipeline(103)) - Created pipeline Pipeline[ Id: 1526e63b-1c4a-438b-bdcc-1a902b538acd, Nodes: 4867cc16-78cf-4276-b1e1-ad4ddd1b82d4(fv-az246-755.dmzl2ssfaldu3choa5k4qgfeyh.jx.internal.cloudapp.net/10.1.0.31), ReplicationConfig: RATIS/ONE, State:ALLOCATED, leaderId:, CreationTimestamp2023-06-07T07:10:50.076Z[Etc/UTC]].
2023-06-07 07:10:50,081 [RatisPipelineUtilsThread - 0] WARN  pipeline.PipelinePlacementPolicy (PipelinePlacementPolicy.java:filterViableNodes(166)) - Pipeline creation failed due to no sufficient healthy datanodes. Required 3. Found 1. Excluded 3.
2023-06-07 07:10:50,300 [main] INFO  handler.ContextHandler (ContextHandler.java:doStart(921)) - Started o.e.j.w.WebAppContext@71d3b320{hddsDatanode,/,file:///home/runner/work/ozone/ozone/hadoop-ozone/integration-test/target/test-dir/MiniOzoneClusterImpl-28223e3b-fb3b-4559-a623-43dba3cd33a0/datanode-12/meta/webserver/jetty-0_0_0_0-15117-hdds-container-service-1_4_0-SNAPSHOT_jar-_-any-4961051615411159901/webapp/,AVAILABLE}{jar:file:/home/runner/.m2/repository/org/apache/ozone/hdds-container-service/1.4.0-SNAPSHOT/hdds-container-service-1.4.0-SNAPSHOT.jar!/webapps/hddsDatanode}
2023-06-07 07:10:50,302 [main] INFO  server.AbstractConnector (AbstractConnector.java:doStart(333)) - Started ServerConnector@7fb8e260{HTTP/1.1, (http/1.1)}{0.0.0.0:15117}
2023-06-07 07:10:50,303 [main] INFO  server.Server (Server.java:doStart(415)) - Started @17236ms
2023-06-07 07:10:50,303 [main] WARN  impl.MetricsSystemImpl (MetricsSystemImpl.java:register(279)) - Sink prometheus already exists!
2023-06-07 07:10:50,304 [main] INFO  http.BaseHttpServer (BaseHttpServer.java:updateConnectorAddress(344)) - HTTP server of hddsDatanode listening at http://0.0.0.0:15117
2023-06-07 07:10:50,304 [main] INFO  ipc.CallQueueManager (CallQueueManager.java:<init>(90)) - Using callQueue: class java.util.concurrent.LinkedBlockingQueue, queueCapacity: 100, scheduler: class org.apache.hadoop.ipc.DefaultRpcScheduler, ipcBackoff: false.
2023-06-07 07:10:50,305 [Socket Reader #1 for port 15118] INFO  ipc.Server (Server.java:run(1319)) - Starting Socket Reader #1 for port 15118
2023-06-07 07:10:50,321 [Listener at 0.0.0.0/15118] INFO  hdds.HddsUtils (HddsUtils.java:preserveThreadName(843)) - Restoring thread name: main
2023-06-07 07:10:50,324 [main] INFO  ozone.HddsDatanodeService (HddsDatanodeService.java:start(332)) - Datanode start with admins: [runner]
2023-06-07 07:10:50,324 [main] INFO  ozone.HddsDatanodeClientProtocolServer (HddsDatanodeClientProtocolServer.java:start(72)) - RPC server for Client /0.0.0.0:15118
2023-06-07 07:10:50,326 [IPC Server Responder] INFO  ipc.Server (Server.java:run(1558)) - IPC Server Responder: starting
2023-06-07 07:10:50,326 [IPC Server listener on 15118] INFO  ipc.Server (Server.java:run(1398)) - IPC Server listener on 15118: starting
2023-06-07 07:10:50,326 [Datanode State Machine Daemon Thread] INFO  statemachine.DatanodeStateMachine (DatanodeStateMachine.java:lambda$startDaemon$0(523)) - Ozone container server started.
2023-06-07 07:10:50,326 [main] WARN  impl.MetricRegistriesImpl (MetricRegistriesImpl.java:addReporterRegistration(111)) - New reporters are added after registries were created. Some metrics will be missing from the reporter. Please add reporter before adding any new registry.
2023-06-07 07:10:50,327 [main] WARN  impl.MetricRegistriesImpl (MetricRegistriesImpl.java:addReporterRegistration(111)) - New reporters are added after registries were created. Some metrics will be missing from the reporter. Please add reporter before adding any new registry.
2023-06-07 07:10:50,327 [main] INFO  impl.MetricsSystemImpl (MetricsSystemImpl.java:init(158)) - HddsDatanode metrics system started (again)
2023-06-07 07:10:50,343 [Datanode State Machine Task Thread - 0] INFO  datanode.InitDatanodeState (InitDatanodeState.java:persistContainerDatanodeDetails(138)) - DatanodeDetails is persisted to /home/runner/work/ozone/ozone/hadoop-ozone/integration-test/target/test-dir/MiniOzoneClusterImpl-28223e3b-fb3b-4559-a623-43dba3cd33a0/datanode-12/meta/datanode.id
2023-06-07 07:10:50,366 [main] INFO  ozone.HddsDatanodeService (HddsDatanodeService.java:start(258)) - HddsDatanodeService host:fv-az246-755.dmzl2ssfaldu3choa5k4qgfeyh.jx.internal.cloudapp.net ip:10.1.0.31
2023-06-07 07:10:50,401 [main] INFO  upgrade.AbstractLayoutVersionManager (AbstractLayoutVersionManager.java:init(83)) - Initializing Layout version manager with metadata layout = HADOOP_PRC_PORTS_IN_DATANODEDETAILS (version = 7), software layout = HADOOP_PRC_PORTS_IN_DATANODEDETAILS (version = 7)
2023-06-07 07:10:50,402 [main] INFO  statemachine.DatanodeStateMachine (DatanodeStateMachine.java:getEndPointTaskThreadPoolSize(271)) - Datanode State Machine Task Thread Pool size 2
2023-06-07 07:10:50,408 [main] INFO  volume.HddsVolume (HddsVolume.java:<init>(130)) - Creating HddsVolume: /home/runner/work/ozone/ozone/hadoop-ozone/integration-test/target/test-dir/MiniOzoneClusterImpl-28223e3b-fb3b-4559-a623-43dba3cd33a0/datanode-13/data-0/containers/hdds of storage type : DISK capacity : 9223372036854775807
2023-06-07 07:10:50,408 [main] INFO  volume.MutableVolumeSet (MutableVolumeSet.java:initializeVolumeSet(175)) - Added Volume : /home/runner/work/ozone/ozone/hadoop-ozone/integration-test/target/test-dir/MiniOzoneClusterImpl-28223e3b-fb3b-4559-a623-43dba3cd33a0/datanode-13/data-0/containers/hdds to VolumeSet
2023-06-07 07:10:50,408 [main] INFO  volume.ThrottledAsyncChecker (ThrottledAsyncChecker.java:schedule(141)) - Scheduling a check for /home/runner/work/ozone/ozone/hadoop-ozone/integration-test/target/test-dir/MiniOzoneClusterImpl-28223e3b-fb3b-4559-a623-43dba3cd33a0/datanode-13/data-0/containers/hdds
2023-06-07 07:10:50,409 [main] INFO  volume.StorageVolumeChecker (StorageVolumeChecker.java:checkAllVolumes(202)) - Scheduled health check for volume /home/runner/work/ozone/ozone/hadoop-ozone/integration-test/target/test-dir/MiniOzoneClusterImpl-28223e3b-fb3b-4559-a623-43dba3cd33a0/datanode-13/data-0/containers/hdds
2023-06-07 07:10:50,411 [EndpointStateMachine task thread for /0.0.0.0:15002 - 0 ] INFO  utils.DatanodeStoreCache (DatanodeStoreCache.java:addDB(66)) - Added db /home/runner/work/ozone/ozone/hadoop-ozone/integration-test/target/test-dir/MiniOzoneClusterImpl-28223e3b-fb3b-4559-a623-43dba3cd33a0/datanode-8/data-0/containers/hdds/28223e3b-fb3b-4559-a623-43dba3cd33a0/DS-3c023857-8780-4a54-8caa-8a0cc5eebbc3/container.db to cache
2023-06-07 07:10:50,411 [EndpointStateMachine task thread for /0.0.0.0:15002 - 0 ] INFO  volume.HddsVolume (HddsVolume.java:createDbStore(350)) - SchemaV3 db is created and loaded at /home/runner/work/ozone/ozone/hadoop-ozone/integration-test/target/test-dir/MiniOzoneClusterImpl-28223e3b-fb3b-4559-a623-43dba3cd33a0/datanode-8/data-0/containers/hdds/28223e3b-fb3b-4559-a623-43dba3cd33a0/DS-3c023857-8780-4a54-8caa-8a0cc5eebbc3/container.db for volume DS-3c023857-8780-4a54-8caa-8a0cc5eebbc3
2023-06-07 07:10:50,411 [EndpointStateMachine task thread for /0.0.0.0:15002 - 0 ] INFO  ozoneimpl.OzoneContainer (OzoneContainer.java:start(398)) - Attempting to start container services.
2023-06-07 07:10:50,411 [EndpointStateMachine task thread for /0.0.0.0:15002 - 0 ] INFO  ozoneimpl.OzoneContainer (OzoneContainer.java:startContainerScrub(314)) - Scheduled background container scanners and the on-demand container scanner have been disabled.
2023-06-07 07:10:50,413 [EndpointStateMachine task thread for /0.0.0.0:15002 - 0 ] INFO  replication.ReplicationServer (ReplicationServer.java:start(128)) - ReplicationServer is started using port 15088
2023-06-07 07:10:50,413 [EndpointStateMachine task thread for /0.0.0.0:15002 - 0 ] INFO  ratis.XceiverServerRatis (XceiverServerRatis.java:start(517)) - Starting XceiverServerRatis 20fd9795-0abc-4083-965d-6ba83b10546c
2023-06-07 07:10:50,423 [main] INFO  volume.MutableVolumeSet (MutableVolumeSet.java:initializeVolumeSet(175)) - Added Volume : /home/runner/work/ozone/ozone/hadoop-ozone/integration-test/target/test-dir/MiniOzoneClusterImpl-28223e3b-fb3b-4559-a623-43dba3cd33a0/datanode-13/data/ratis to VolumeSet
2023-06-07 07:10:50,423 [main] INFO  volume.ThrottledAsyncChecker (ThrottledAsyncChecker.java:schedule(141)) - Scheduling a check for /home/runner/work/ozone/ozone/hadoop-ozone/integration-test/target/test-dir/MiniOzoneClusterImpl-28223e3b-fb3b-4559-a623-43dba3cd33a0/datanode-13/data/ratis
2023-06-07 07:10:50,424 [main] INFO  volume.StorageVolumeChecker (StorageVolumeChecker.java:checkAllVolumes(202)) - Scheduled health check for volume /home/runner/work/ozone/ozone/hadoop-ozone/integration-test/target/test-dir/MiniOzoneClusterImpl-28223e3b-fb3b-4559-a623-43dba3cd33a0/datanode-13/data/ratis
2023-06-07 07:10:50,424 [EndpointStateMachine task thread for /0.0.0.0:15002 - 0 ] INFO  server.RaftServer (RaftServerProxy.java:startImpl(400)) - 20fd9795-0abc-4083-965d-6ba83b10546c: start RPC server
2023-06-07 07:10:50,425 [EndpointStateMachine task thread for /0.0.0.0:15002 - 0 ] INFO  server.GrpcService (GrpcService.java:startImpl(302)) - 20fd9795-0abc-4083-965d-6ba83b10546c: GrpcService started, listening on 15084
2023-06-07 07:10:50,426 [EndpointStateMachine task thread for /0.0.0.0:15002 - 0 ] INFO  server.GrpcService (GrpcService.java:startImpl(302)) - 20fd9795-0abc-4083-965d-6ba83b10546c: GrpcService started, listening on 15086
2023-06-07 07:10:50,431 [EndpointStateMachine task thread for /0.0.0.0:15002 - 0 ] INFO  server.GrpcService (GrpcService.java:startImpl(302)) - 20fd9795-0abc-4083-965d-6ba83b10546c: GrpcService started, listening on 15085
2023-06-07 07:10:50,433 [EndpointStateMachine task thread for /0.0.0.0:15002 - 0 ] INFO  ratis.XceiverServerRatis (XceiverServerRatis.java:getRealPort(543)) - XceiverServerRatis 20fd9795-0abc-4083-965d-6ba83b10546c is started using port 15084 for RATIS
2023-06-07 07:10:50,433 [EndpointStateMachine task thread for /0.0.0.0:15002 - 0 ] INFO  ratis.XceiverServerRatis (XceiverServerRatis.java:getRealPort(543)) - XceiverServerRatis 20fd9795-0abc-4083-965d-6ba83b10546c is started using port 15085 for RATIS_ADMIN
2023-06-07 07:10:50,433 [EndpointStateMachine task thread for /0.0.0.0:15002 - 0 ] INFO  ratis.XceiverServerRatis (XceiverServerRatis.java:getRealPort(543)) - XceiverServerRatis 20fd9795-0abc-4083-965d-6ba83b10546c is started using port 15086 for RATIS_SERVER
2023-06-07 07:10:50,433 [EndpointStateMachine task thread for /0.0.0.0:15002 - 0 ] INFO  ratis.XceiverServerRatis (XceiverServerRatis.java:getRealPort(543)) - XceiverServerRatis 20fd9795-0abc-4083-965d-6ba83b10546c is started using port 15087 for RATIS_DATASTREAM
2023-06-07 07:10:50,434 [JvmPauseMonitor10] INFO  util.JvmPauseMonitor (JvmPauseMonitor.java:run(103)) - JvmPauseMonitor-20fd9795-0abc-4083-965d-6ba83b10546c: Started
2023-06-07 07:10:50,437 [BlockDeletingService#0] INFO  interfaces.ContainerDeletionChoosingPolicyTemplate (ContainerDeletionChoosingPolicyTemplate.java:chooseContainerForBlockDeletion(83)) - Chosen 0/5000 blocks from 0 candidate containers.
2023-06-07 07:10:50,442 [Thread-414] INFO  ozoneimpl.ContainerReader (ContainerReader.java:readVolume(175)) - Finish verifying containers on volume /home/runner/work/ozone/ozone/hadoop-ozone/integration-test/target/test-dir/MiniOzoneClusterImpl-28223e3b-fb3b-4559-a623-43dba3cd33a0/datanode-13/data-0/containers/hdds
2023-06-07 07:10:50,442 [main] INFO  ozoneimpl.OzoneContainer (OzoneContainer.java:buildContainerSet(303)) - Build ContainerSet costs 0s
2023-06-07 07:10:50,444 [main] INFO  server.RaftServer (ConfUtils.java:logGet(46)) - raft.rpc.type = GRPC (default)
2023-06-07 07:10:50,445 [main] INFO  grpc.GrpcConfigKeys (ConfUtils.java:logFallback(53)) - raft.grpc.admin.host = null (fallback to raft.grpc.server.host)
2023-06-07 07:10:50,445 [main] INFO  grpc.GrpcConfigKeys (ConfUtils.java:logGet(46)) - raft.grpc.admin.port = 15130 (custom)
2023-06-07 07:10:50,445 [main] INFO  grpc.GrpcConfigKeys (ConfUtils.java:logFallback(53)) - raft.grpc.client.host = null (fallback to raft.grpc.server.host)
2023-06-07 07:10:50,445 [main] INFO  grpc.GrpcConfigKeys (ConfUtils.java:logGet(46)) - raft.grpc.client.port = 15129 (custom)
2023-06-07 07:10:50,445 [main] INFO  grpc.GrpcConfigKeys (ConfUtils.java:logGet(46)) - raft.grpc.server.host = null (default)
2023-06-07 07:10:50,445 [main] INFO  grpc.GrpcConfigKeys (ConfUtils.java:logGet(46)) - raft.grpc.server.port = 15131 (custom)
2023-06-07 07:10:50,446 [main] INFO  server.GrpcService (ConfUtils.java:logGet(46)) - raft.grpc.message.size.max = 32MB (=33554432) (custom)
2023-06-07 07:10:50,446 [main] INFO  server.RaftServerConfigKeys (ConfUtils.java:logGet(46)) - raft.server.log.appender.buffer.byte-limit = 33554432 (custom)
2023-06-07 07:10:50,446 [main] INFO  server.GrpcService (ConfUtils.java:logGet(46)) - raft.grpc.flow.control.window = 5MB (=5242880) (custom)
2023-06-07 07:10:50,446 [main] INFO  server.RaftServerConfigKeys (ConfUtils.java:logGet(46)) - raft.server.rpc.request.timeout = 60s (custom)
2023-06-07 07:10:50,446 [main] INFO  grpc.GrpcConfigKeys (ConfUtils.java:logGet(46)) - raft.grpc.server.heartbeat.channel = true (default)
2023-06-07 07:10:50,446 [main] INFO  grpc.GrpcConfigKeys (ConfUtils.java:logGet(46)) - raft.grpc.server.async.request.thread.pool.cached = true (default)
2023-06-07 07:10:50,446 [main] INFO  grpc.GrpcConfigKeys (ConfUtils.java:logGet(46)) - raft.grpc.server.async.request.thread.pool.size = 32 (default)
2023-06-07 07:10:50,449 [main] INFO  impl.DataStreamServerImpl (ConfUtils.java:logGet(46)) - raft.datastream.type = NETTY (custom)
2023-06-07 07:10:50,450 [main] INFO  server.RaftServerConfigKeys (ConfUtils.java:logGet(46)) - raft.server.data-stream.async.request.thread.pool.cached = false (default)
2023-06-07 07:10:50,450 [main] INFO  server.RaftServerConfigKeys (ConfUtils.java:logGet(46)) - raft.server.data-stream.async.request.thread.pool.size = 20 (custom)
2023-06-07 07:10:50,450 [main] INFO  server.RaftServerConfigKeys (ConfUtils.java:logGet(46)) - raft.server.data-stream.async.write.thread.pool.size = 16 (default)
2023-06-07 07:10:50,451 [main] INFO  server.RaftServerConfigKeys (ConfUtils.java:logGet(46)) - raft.server.data-stream.client.pool.size = 10 (default)
2023-06-07 07:10:50,451 [main] INFO  netty.NettyConfigKeys$DataStream (ConfUtils.java:logGet(46)) - raft.netty.dataStream.server.use-epoll = false (default)
2023-06-07 07:10:50,451 [main] INFO  netty.NettyConfigKeys$DataStream (ConfUtils.java:logGet(46)) - raft.netty.dataStream.server.boss-group.size = 0 (default)
2023-06-07 07:10:50,451 [main] INFO  netty.NettyConfigKeys$DataStream (ConfUtils.java:logGet(46)) - raft.netty.dataStream.server.worker-group.size = 0 (default)
2023-06-07 07:10:50,452 [main] INFO  netty.NettyConfigKeys$DataStream (ConfUtils.java:logGet(46)) - raft.netty.dataStream.server.tls.conf = null (default)
2023-06-07 07:10:50,452 [main] INFO  netty.NettyConfigKeys$DataStream (ConfUtils.java:logGet(46)) - raft.netty.dataStream.host = null (default)
2023-06-07 07:10:50,452 [main] INFO  netty.NettyConfigKeys$DataStream (ConfUtils.java:logGet(46)) - raft.netty.dataStream.port = 15132 (custom)
2023-06-07 07:10:50,453 [main] INFO  server.RaftServerConfigKeys (ConfUtils.java:logGet(46)) - raft.server.threadpool.proxy.cached = true (default)
2023-06-07 07:10:50,453 [main] INFO  server.RaftServerConfigKeys (ConfUtils.java:logGet(46)) - raft.server.threadpool.proxy.size = 0 (default)
2023-06-07 07:10:50,453 [main] INFO  server.RaftServerConfigKeys (ConfUtils.java:logGet(46)) - raft.server.rpc.slowness.timeout = 300s (custom)
2023-06-07 07:10:50,453 [main] INFO  server.RaftServerConfigKeys (ConfUtils.java:logGet(46)) - raft.server.leaderelection.leader.step-down.wait-time = 10s (default)
2023-06-07 07:10:50,454 [main] INFO  server.RaftServerConfigKeys (ConfUtils.java:logGet(46)) - raft.server.storage.dir = [/home/runner/work/ozone/ozone/hadoop-ozone/integration-test/target/test-dir/MiniOzoneClusterImpl-28223e3b-fb3b-4559-a623-43dba3cd33a0/datanode-13/data/ratis] (custom)
2023-06-07 07:10:50,457 [2a2b2d62-8637-433f-be3f-60f9dc9f206f-NettyServerStreamRpc-bossGroup--thread1] INFO  logging.LoggingHandler (AbstractInternalLogger.java:log(148)) - [id: 0x4916671e] REGISTERED
2023-06-07 07:10:50,458 [2a2b2d62-8637-433f-be3f-60f9dc9f206f-NettyServerStreamRpc-bossGroup--thread1] INFO  logging.LoggingHandler (AbstractInternalLogger.java:log(148)) - [id: 0x4916671e] BIND: 0.0.0.0/0.0.0.0:15132
2023-06-07 07:10:50,458 [2a2b2d62-8637-433f-be3f-60f9dc9f206f-NettyServerStreamRpc-bossGroup--thread1] INFO  logging.LoggingHandler (AbstractInternalLogger.java:log(148)) - [id: 0x4916671e, L:/0:0:0:0:0:0:0:0:15132] ACTIVE
2023-06-07 07:10:50,459 [main] INFO  server.XceiverServerGrpc (XceiverServerGrpc.java:<init>(132)) - GrpcServer channel type EpollServerSocketChannel
2023-06-07 07:10:50,461 [main] INFO  replication.ReplicationSupervisor (ReplicationSupervisor.java:nodeStateUpdated(305)) - Node state updated to IN_SERVICE, scaling executor pool size to 10
2023-06-07 07:10:50,462 [main] INFO  token.OzoneBlockTokenSecretManager (OzoneSecretManager.java:updateCurrentKey(175)) - Updating current master key for generating tokens. Cert id 3430031981533
2023-06-07 07:10:50,464 [main] INFO  http.BaseHttpServer (BaseHttpServer.java:newHttpServer2BuilderForOzone(224)) - Starting Web-server for hddsDatanode at: http://0.0.0.0:15126
2023-06-07 07:10:50,464 [main] INFO  http.BaseHttpServer (BaseHttpServer.java:<init>(111)) - Hadoop Security Enabled: false Ozone Security Enabled: false Ozone HTTP Security Enabled: false 
2023-06-07 07:10:50,466 [main] WARN  server.AuthenticationFilter (AuthenticationFilter.java:constructSecretProvider(240)) - Unable to initialize FileSignerSecretProvider, falling back to use random secrets. Reason: Could not read signature secret file: /home/runner/hadoop-http-auth-signature-secret
2023-06-07 07:10:50,466 [main] INFO  http.HttpRequestLog (HttpRequestLog.java:getRequestLog(86)) - Http request log for http.requests.hddsDatanode is not defined
2023-06-07 07:10:50,467 [main] INFO  http.HttpServer2 (HttpServer2.java:addGlobalFilter(1031)) - Added global filter 'safety' (class=org.apache.hadoop.hdds.server.http.HttpServer2$QuotingInputFilter)
2023-06-07 07:10:50,469 [main] INFO  http.HttpServer2 (HttpServer2.java:addFilter(1007)) - Added filter static_user_filter (class=org.apache.hadoop.http.lib.StaticUserWebFilter$StaticUserFilter) to context hddsDatanode
2023-06-07 07:10:50,469 [main] INFO  http.HttpServer2 (HttpServer2.java:addFilter(1015)) - Added filter static_user_filter (class=org.apache.hadoop.http.lib.StaticUserWebFilter$StaticUserFilter) to context logs
2023-06-07 07:10:50,469 [main] INFO  http.HttpServer2 (HttpServer2.java:addFilter(1015)) - Added filter static_user_filter (class=org.apache.hadoop.http.lib.StaticUserWebFilter$StaticUserFilter) to context static
2023-06-07 07:10:50,470 [main] INFO  http.BaseHttpServer (BaseHttpServer.java:<init>(190)) - HTTP server of hddsDatanode uses base directory /home/runner/work/ozone/ozone/hadoop-ozone/integration-test/target/test-dir/MiniOzoneClusterImpl-28223e3b-fb3b-4559-a623-43dba3cd33a0/datanode-13/meta/webserver
2023-06-07 07:10:50,475 [main] INFO  http.HttpServer2 (HttpServer2.java:bindListener(1250)) - Jetty bound to port 15126
2023-06-07 07:10:50,475 [main] INFO  server.Server (Server.java:doStart(375)) - jetty-9.4.51.v20230217; built: 2023-02-17T08:19:37.309Z; git: b45c405e4544384de066f814ed42ae3dceacdd49; jvm 1.8.0_372-b07
2023-06-07 07:10:50,475 [IPC Server handler 15 on default port 15002] INFO  net.NetworkTopologyImpl (NetworkTopologyImpl.java:add(112)) - Added a new node: /default-rack/c9e90f19-93bd-492a-840b-17fd0f306342
2023-06-07 07:10:50,475 [IPC Server handler 15 on default port 15002] INFO  node.SCMNodeManager (SCMNodeManager.java:register(407)) - Registered Data node : c9e90f19-93bd-492a-840b-17fd0f306342{ip: 10.1.0.31, host: fv-az246-755.dmzl2ssfaldu3choa5k4qgfeyh.jx.internal.cloudapp.net, ports: [HTTP=15045, CLIENT_RPC=15046, REPLICATION=15052, RATIS=15048, RATIS_ADMIN=15049, RATIS_SERVER=15050, RATIS_DATASTREAM=15051, STANDALONE=15047], networkLocation: /default-rack, certSerialId: null, persistedOpState: null, persistedOpStateExpiryEpochSec: 0}
2023-06-07 07:10:50,476 [EventQueue-NewNodeForNewNodeHandler] INFO  pipeline.BackgroundPipelineCreator (BackgroundPipelineCreator.java:notifyEventTriggered(276)) - trigger a one-shot run on RatisPipelineUtilsThread.
2023-06-07 07:10:50,476 [RatisPipelineUtilsThread - 0] INFO  pipeline.RatisPipelineProvider (RatisPipelineProvider.java:lambda$create$0(206)) - Sending CreatePipelineCommand for pipeline:PipelineID=f13ef35a-47e8-4f6a-8a47-7964e24fc078 to datanode:c9e90f19-93bd-492a-840b-17fd0f306342
2023-06-07 07:10:50,477 [main] INFO  server.session (DefaultSessionIdManager.java:doStart(334)) - DefaultSessionIdManager workerName=node0
2023-06-07 07:10:50,487 [main] INFO  server.session (DefaultSessionIdManager.java:doStart(339)) - No SessionScavenger set, using defaults
2023-06-07 07:10:50,487 [main] INFO  server.session (HouseKeeper.java:startScavenging(132)) - node0 Scavenging every 600000ms
2023-06-07 07:10:50,489 [main] INFO  handler.ContextHandler (ContextHandler.java:doStart(921)) - Started o.e.j.s.ServletContextHandler@721df027{logs,/logs,file:///home/runner/work/ozone/ozone/hadoop-ozone/integration-test/target/log,AVAILABLE}
2023-06-07 07:10:50,487 [RatisPipelineUtilsThread - 0] INFO  pipeline.PipelineStateManagerImpl (PipelineStateManagerImpl.java:addPipeline(103)) - Created pipeline Pipeline[ Id: f13ef35a-47e8-4f6a-8a47-7964e24fc078, Nodes: c9e90f19-93bd-492a-840b-17fd0f306342(fv-az246-755.dmzl2ssfaldu3choa5k4qgfeyh.jx.internal.cloudapp.net/10.1.0.31), ReplicationConfig: RATIS/ONE, State:ALLOCATED, leaderId:, CreationTimestamp2023-06-07T07:10:50.476Z[Etc/UTC]].
2023-06-07 07:10:50,489 [main] INFO  handler.ContextHandler (ContextHandler.java:doStart(921)) - Started o.e.j.s.ServletContextHandler@7581ad8a{static,/static,jar:file:/home/runner/.m2/repository/org/apache/ozone/hdds-container-service/1.4.0-SNAPSHOT/hdds-container-service-1.4.0-SNAPSHOT.jar!/webapps/static,AVAILABLE}
2023-06-07 07:10:50,490 [RatisPipelineUtilsThread - 0] WARN  pipeline.PipelinePlacementPolicy (PipelinePlacementPolicy.java:filterViableNodes(166)) - Pipeline creation failed due to no sufficient healthy datanodes. Required 3. Found 2. Excluded 3.
2023-06-07 07:10:50,712 [main] INFO  handler.ContextHandler (ContextHandler.java:doStart(921)) - Started o.e.j.w.WebAppContext@730e92ff{hddsDatanode,/,file:///home/runner/work/ozone/ozone/hadoop-ozone/integration-test/target/test-dir/MiniOzoneClusterImpl-28223e3b-fb3b-4559-a623-43dba3cd33a0/datanode-13/meta/webserver/jetty-0_0_0_0-15126-hdds-container-service-1_4_0-SNAPSHOT_jar-_-any-2349647769893508413/webapp/,AVAILABLE}{jar:file:/home/runner/.m2/repository/org/apache/ozone/hdds-container-service/1.4.0-SNAPSHOT/hdds-container-service-1.4.0-SNAPSHOT.jar!/webapps/hddsDatanode}
2023-06-07 07:10:50,715 [main] INFO  server.AbstractConnector (AbstractConnector.java:doStart(333)) - Started ServerConnector@237d6031{HTTP/1.1, (http/1.1)}{0.0.0.0:15126}
2023-06-07 07:10:50,715 [main] INFO  server.Server (Server.java:doStart(415)) - Started @17648ms
2023-06-07 07:10:50,715 [main] WARN  impl.MetricsSystemImpl (MetricsSystemImpl.java:register(279)) - Sink prometheus already exists!
2023-06-07 07:10:50,716 [main] INFO  http.BaseHttpServer (BaseHttpServer.java:updateConnectorAddress(344)) - HTTP server of hddsDatanode listening at http://0.0.0.0:15126
2023-06-07 07:10:50,716 [main] INFO  ipc.CallQueueManager (CallQueueManager.java:<init>(90)) - Using callQueue: class java.util.concurrent.LinkedBlockingQueue, queueCapacity: 100, scheduler: class org.apache.hadoop.ipc.DefaultRpcScheduler, ipcBackoff: false.
2023-06-07 07:10:50,717 [Socket Reader #1 for port 15127] INFO  ipc.Server (Server.java:run(1319)) - Starting Socket Reader #1 for port 15127
2023-06-07 07:10:50,728 [Listener at 0.0.0.0/15127] INFO  hdds.HddsUtils (HddsUtils.java:preserveThreadName(843)) - Restoring thread name: main
2023-06-07 07:10:50,729 [main] INFO  ozone.HddsDatanodeService (HddsDatanodeService.java:start(332)) - Datanode start with admins: [runner]
2023-06-07 07:10:50,729 [main] INFO  ozone.HddsDatanodeClientProtocolServer (HddsDatanodeClientProtocolServer.java:start(72)) - RPC server for Client /0.0.0.0:15127
2023-06-07 07:10:50,729 [IPC Server Responder] INFO  ipc.Server (Server.java:run(1558)) - IPC Server Responder: starting
2023-06-07 07:10:50,732 [IPC Server listener on 15127] INFO  ipc.Server (Server.java:run(1398)) - IPC Server listener on 15127: starting
2023-06-07 07:10:50,733 [Datanode State Machine Daemon Thread] INFO  statemachine.DatanodeStateMachine (DatanodeStateMachine.java:lambda$startDaemon$0(523)) - Ozone container server started.
2023-06-07 07:10:50,736 [main] INFO  token.OzoneBlockTokenSecretManager (OzoneSecretManager.java:updateCurrentKey(175)) - Updating current master key for generating tokens. Cert id 3430031981533
2023-06-07 07:10:50,736 [main] INFO  om.OzoneManager (OzoneManager.java:startSecretManager(1077)) - Starting OM block token secret manager
2023-06-07 07:10:50,736 [main] INFO  token.OzoneBlockTokenSecretManager (OzoneSecretManager.java:updateCurrentKey(175)) - Updating current master key for generating tokens. Cert id 3430031981533
2023-06-07 07:10:50,736 [main] INFO  om.OzoneManager (OzoneManager.java:startSecretManager(1088)) - Starting OM delegation token secret manager
2023-06-07 07:10:50,736 [main] INFO  security.OzoneDelegationTokenSecretManager (OzoneSecretManager.java:updateCurrentKey(175)) - Updating current master key for generating tokens. Cert id 3430031981533
2023-06-07 07:10:50,741 [main] INFO  ozone.MiniOzoneClusterImpl (MiniOzoneClusterImpl.java:lambda$waitForClusterToBeReady$0(222)) - Waiting for nodes to be ready. Got 5 of 14 DN Heartbeats.
2023-06-07 07:10:50,741 [main] INFO  ozone.MiniOzoneClusterImpl (MiniOzoneClusterImpl.java:lambda$waitForClusterToBeReady$0(225)) - Waiting for cluster to exit safe mode
2023-06-07 07:10:50,741 [main] INFO  ozone.MiniOzoneClusterImpl (MiniOzoneClusterImpl.java:lambda$waitForClusterToBeReady$0(227)) - SCM became leader
2023-06-07 07:10:50,740 [Thread[Thread-430,5,main]] INFO  security.OzoneDelegationTokenSecretManager (OzoneDelegationTokenSecretManager.java:run(636)) - Starting expired delegation token remover thread, tokenRemoverScanInterval=60 min(s)
2023-06-07 07:10:50,747 [Datanode State Machine Task Thread - 0] INFO  datanode.InitDatanodeState (InitDatanodeState.java:persistContainerDatanodeDetails(138)) - DatanodeDetails is persisted to /home/runner/work/ozone/ozone/hadoop-ozone/integration-test/target/test-dir/MiniOzoneClusterImpl-28223e3b-fb3b-4559-a623-43dba3cd33a0/datanode-13/meta/datanode.id
2023-06-07 07:10:50,814 [EndpointStateMachine task thread for /0.0.0.0:15002 - 0 ] INFO  utils.DatanodeStoreCache (DatanodeStoreCache.java:addDB(66)) - Added db /home/runner/work/ozone/ozone/hadoop-ozone/integration-test/target/test-dir/MiniOzoneClusterImpl-28223e3b-fb3b-4559-a623-43dba3cd33a0/datanode-9/data-0/containers/hdds/28223e3b-fb3b-4559-a623-43dba3cd33a0/DS-d3844361-6457-45f7-be10-1054037ec0bd/container.db to cache
2023-06-07 07:10:50,814 [EndpointStateMachine task thread for /0.0.0.0:15002 - 0 ] INFO  volume.HddsVolume (HddsVolume.java:createDbStore(350)) - SchemaV3 db is created and loaded at /home/runner/work/ozone/ozone/hadoop-ozone/integration-test/target/test-dir/MiniOzoneClusterImpl-28223e3b-fb3b-4559-a623-43dba3cd33a0/datanode-9/data-0/containers/hdds/28223e3b-fb3b-4559-a623-43dba3cd33a0/DS-d3844361-6457-45f7-be10-1054037ec0bd/container.db for volume DS-d3844361-6457-45f7-be10-1054037ec0bd
2023-06-07 07:10:50,815 [EndpointStateMachine task thread for /0.0.0.0:15002 - 0 ] INFO  ozoneimpl.OzoneContainer (OzoneContainer.java:start(398)) - Attempting to start container services.
2023-06-07 07:10:50,815 [EndpointStateMachine task thread for /0.0.0.0:15002 - 0 ] INFO  ozoneimpl.OzoneContainer (OzoneContainer.java:startContainerScrub(314)) - Scheduled background container scanners and the on-demand container scanner have been disabled.
2023-06-07 07:10:50,819 [EndpointStateMachine task thread for /0.0.0.0:15002 - 0 ] INFO  replication.ReplicationServer (ReplicationServer.java:start(128)) - ReplicationServer is started using port 15097
2023-06-07 07:10:50,820 [EndpointStateMachine task thread for /0.0.0.0:15002 - 0 ] INFO  ratis.XceiverServerRatis (XceiverServerRatis.java:start(517)) - Starting XceiverServerRatis 53afdcff-9740-4d1d-9155-3eea53ceb243
2023-06-07 07:10:50,824 [EndpointStateMachine task thread for /0.0.0.0:15002 - 0 ] INFO  server.RaftServer (RaftServerProxy.java:startImpl(400)) - 53afdcff-9740-4d1d-9155-3eea53ceb243: start RPC server
2023-06-07 07:10:50,825 [EndpointStateMachine task thread for /0.0.0.0:15002 - 0 ] INFO  server.GrpcService (GrpcService.java:startImpl(302)) - 53afdcff-9740-4d1d-9155-3eea53ceb243: GrpcService started, listening on 15093
2023-06-07 07:10:50,826 [EndpointStateMachine task thread for /0.0.0.0:15002 - 0 ] INFO  server.GrpcService (GrpcService.java:startImpl(302)) - 53afdcff-9740-4d1d-9155-3eea53ceb243: GrpcService started, listening on 15095
2023-06-07 07:10:50,828 [EndpointStateMachine task thread for /0.0.0.0:15002 - 0 ] INFO  server.GrpcService (GrpcService.java:startImpl(302)) - 53afdcff-9740-4d1d-9155-3eea53ceb243: GrpcService started, listening on 15094
2023-06-07 07:10:50,834 [EndpointStateMachine task thread for /0.0.0.0:15002 - 0 ] INFO  ratis.XceiverServerRatis (XceiverServerRatis.java:getRealPort(543)) - XceiverServerRatis 53afdcff-9740-4d1d-9155-3eea53ceb243 is started using port 15093 for RATIS
2023-06-07 07:10:50,834 [EndpointStateMachine task thread for /0.0.0.0:15002 - 0 ] INFO  ratis.XceiverServerRatis (XceiverServerRatis.java:getRealPort(543)) - XceiverServerRatis 53afdcff-9740-4d1d-9155-3eea53ceb243 is started using port 15094 for RATIS_ADMIN
2023-06-07 07:10:50,834 [EndpointStateMachine task thread for /0.0.0.0:15002 - 0 ] INFO  ratis.XceiverServerRatis (XceiverServerRatis.java:getRealPort(543)) - XceiverServerRatis 53afdcff-9740-4d1d-9155-3eea53ceb243 is started using port 15095 for RATIS_SERVER
2023-06-07 07:10:50,834 [EndpointStateMachine task thread for /0.0.0.0:15002 - 0 ] INFO  ratis.XceiverServerRatis (XceiverServerRatis.java:getRealPort(543)) - XceiverServerRatis 53afdcff-9740-4d1d-9155-3eea53ceb243 is started using port 15096 for RATIS_DATASTREAM
2023-06-07 07:10:50,849 [JvmPauseMonitor11] INFO  util.JvmPauseMonitor (JvmPauseMonitor.java:run(103)) - JvmPauseMonitor-53afdcff-9740-4d1d-9155-3eea53ceb243: Started
2023-06-07 07:10:50,852 [BlockDeletingService#0] INFO  interfaces.ContainerDeletionChoosingPolicyTemplate (ContainerDeletionChoosingPolicyTemplate.java:chooseContainerForBlockDeletion(83)) - Chosen 0/5000 blocks from 0 candidate containers.
2023-06-07 07:10:50,904 [IPC Server handler 17 on default port 15002] INFO  net.NetworkTopologyImpl (NetworkTopologyImpl.java:add(112)) - Added a new node: /default-rack/1b66a908-7502-432b-9648-1ff1190a9abb
2023-06-07 07:10:50,904 [IPC Server handler 17 on default port 15002] INFO  node.SCMNodeManager (SCMNodeManager.java:register(407)) - Registered Data node : 1b66a908-7502-432b-9648-1ff1190a9abb{ip: 10.1.0.31, host: fv-az246-755.dmzl2ssfaldu3choa5k4qgfeyh.jx.internal.cloudapp.net, ports: [HTTP=15054, CLIENT_RPC=15055, REPLICATION=15061, RATIS=15057, RATIS_ADMIN=15058, RATIS_SERVER=15059, RATIS_DATASTREAM=15060, STANDALONE=15056], networkLocation: /default-rack, certSerialId: null, persistedOpState: null, persistedOpStateExpiryEpochSec: 0}
2023-06-07 07:10:50,905 [EventQueue-NewNodeForNewNodeHandler] INFO  pipeline.BackgroundPipelineCreator (BackgroundPipelineCreator.java:notifyEventTriggered(276)) - trigger a one-shot run on RatisPipelineUtilsThread.
2023-06-07 07:10:50,905 [RatisPipelineUtilsThread - 0] INFO  pipeline.RatisPipelineProvider (RatisPipelineProvider.java:lambda$create$0(206)) - Sending CreatePipelineCommand for pipeline:PipelineID=47a982c7-e734-4afd-89cc-134c86f9c103 to datanode:1b66a908-7502-432b-9648-1ff1190a9abb
2023-06-07 07:10:50,908 [RatisPipelineUtilsThread - 0] INFO  pipeline.PipelineStateManagerImpl (PipelineStateManagerImpl.java:addPipeline(103)) - Created pipeline Pipeline[ Id: 47a982c7-e734-4afd-89cc-134c86f9c103, Nodes: 1b66a908-7502-432b-9648-1ff1190a9abb(fv-az246-755.dmzl2ssfaldu3choa5k4qgfeyh.jx.internal.cloudapp.net/10.1.0.31), ReplicationConfig: RATIS/ONE, State:ALLOCATED, leaderId:, CreationTimestamp2023-06-07T07:10:50.905Z[Etc/UTC]].
2023-06-07 07:10:50,909 [RatisPipelineUtilsThread - 0] INFO  pipeline.RatisPipelineProvider (RatisPipelineProvider.java:lambda$create$0(206)) - Sending CreatePipelineCommand for pipeline:PipelineID=800a9cfe-39c7-45b0-ab17-b292545453d3 to datanode:1b66a908-7502-432b-9648-1ff1190a9abb
2023-06-07 07:10:50,909 [RatisPipelineUtilsThread - 0] INFO  pipeline.RatisPipelineProvider (RatisPipelineProvider.java:lambda$create$0(206)) - Sending CreatePipelineCommand for pipeline:PipelineID=800a9cfe-39c7-45b0-ab17-b292545453d3 to datanode:c9e90f19-93bd-492a-840b-17fd0f306342
2023-06-07 07:10:50,909 [RatisPipelineUtilsThread - 0] INFO  pipeline.RatisPipelineProvider (RatisPipelineProvider.java:lambda$create$0(206)) - Sending CreatePipelineCommand for pipeline:PipelineID=800a9cfe-39c7-45b0-ab17-b292545453d3 to datanode:4867cc16-78cf-4276-b1e1-ad4ddd1b82d4
2023-06-07 07:10:50,910 [RatisPipelineUtilsThread - 0] INFO  pipeline.PipelineStateManagerImpl (PipelineStateManagerImpl.java:addPipeline(103)) - Created pipeline Pipeline[ Id: 800a9cfe-39c7-45b0-ab17-b292545453d3, Nodes: 1b66a908-7502-432b-9648-1ff1190a9abb(fv-az246-755.dmzl2ssfaldu3choa5k4qgfeyh.jx.internal.cloudapp.net/10.1.0.31)c9e90f19-93bd-492a-840b-17fd0f306342(fv-az246-755.dmzl2ssfaldu3choa5k4qgfeyh.jx.internal.cloudapp.net/10.1.0.31)4867cc16-78cf-4276-b1e1-ad4ddd1b82d4(fv-az246-755.dmzl2ssfaldu3choa5k4qgfeyh.jx.internal.cloudapp.net/10.1.0.31), ReplicationConfig: RATIS/THREE, State:ALLOCATED, leaderId:, CreationTimestamp2023-06-07T07:10:50.909Z[Etc/UTC]].
2023-06-07 07:10:50,914 [RatisPipelineUtilsThread - 0] INFO  pipeline.RatisPipelineProvider (RatisPipelineProvider.java:lambda$create$0(206)) - Sending CreatePipelineCommand for pipeline:PipelineID=9ea93171-eff4-4ff6-a6d2-deb1234baf49 to datanode:4867cc16-78cf-4276-b1e1-ad4ddd1b82d4
2023-06-07 07:10:50,916 [RatisPipelineUtilsThread - 0] INFO  pipeline.RatisPipelineProvider (RatisPipelineProvider.java:lambda$create$0(206)) - Sending CreatePipelineCommand for pipeline:PipelineID=9ea93171-eff4-4ff6-a6d2-deb1234baf49 to datanode:c9e90f19-93bd-492a-840b-17fd0f306342
2023-06-07 07:10:50,916 [RatisPipelineUtilsThread - 0] INFO  pipeline.RatisPipelineProvider (RatisPipelineProvider.java:lambda$create$0(206)) - Sending CreatePipelineCommand for pipeline:PipelineID=9ea93171-eff4-4ff6-a6d2-deb1234baf49 to datanode:1b66a908-7502-432b-9648-1ff1190a9abb
2023-06-07 07:10:50,917 [RatisPipelineUtilsThread - 0] INFO  pipeline.PipelineStateManagerImpl (PipelineStateManagerImpl.java:addPipeline(103)) - Created pipeline Pipeline[ Id: 9ea93171-eff4-4ff6-a6d2-deb1234baf49, Nodes: 4867cc16-78cf-4276-b1e1-ad4ddd1b82d4(fv-az246-755.dmzl2ssfaldu3choa5k4qgfeyh.jx.internal.cloudapp.net/10.1.0.31)c9e90f19-93bd-492a-840b-17fd0f306342(fv-az246-755.dmzl2ssfaldu3choa5k4qgfeyh.jx.internal.cloudapp.net/10.1.0.31)1b66a908-7502-432b-9648-1ff1190a9abb(fv-az246-755.dmzl2ssfaldu3choa5k4qgfeyh.jx.internal.cloudapp.net/10.1.0.31), ReplicationConfig: RATIS/THREE, State:ALLOCATED, leaderId:, CreationTimestamp2023-06-07T07:10:50.914Z[Etc/UTC]].
2023-06-07 07:10:50,918 [RatisPipelineUtilsThread - 0] INFO  pipeline.PipelineManagerImpl (PipelineManagerImpl.java:recordMetricsForPipeline(826)) - Pipeline: PipelineID=9ea93171-eff4-4ff6-a6d2-deb1234baf49 contains same datanodes as previous pipelines: PipelineID=800a9cfe-39c7-45b0-ab17-b292545453d3 nodeIds: 4867cc16-78cf-4276-b1e1-ad4ddd1b82d4, c9e90f19-93bd-492a-840b-17fd0f306342, 1b66a908-7502-432b-9648-1ff1190a9abb
2023-06-07 07:10:50,919 [RatisPipelineUtilsThread - 0] WARN  pipeline.PipelinePlacementPolicy (PipelinePlacementPolicy.java:filterViableNodes(166)) - Pipeline creation failed due to no sufficient healthy datanodes. Required 3. Found 0. Excluded 6.
2023-06-07 07:10:51,358 [EndpointStateMachine task thread for /0.0.0.0:15002 - 0 ] INFO  utils.DatanodeStoreCache (DatanodeStoreCache.java:addDB(66)) - Added db /home/runner/work/ozone/ozone/hadoop-ozone/integration-test/target/test-dir/MiniOzoneClusterImpl-28223e3b-fb3b-4559-a623-43dba3cd33a0/datanode-10/data-0/containers/hdds/28223e3b-fb3b-4559-a623-43dba3cd33a0/DS-22415836-2d8d-4999-9734-45dfed928b83/container.db to cache
2023-06-07 07:10:51,364 [EndpointStateMachine task thread for /0.0.0.0:15002 - 0 ] INFO  volume.HddsVolume (HddsVolume.java:createDbStore(350)) - SchemaV3 db is created and loaded at /home/runner/work/ozone/ozone/hadoop-ozone/integration-test/target/test-dir/MiniOzoneClusterImpl-28223e3b-fb3b-4559-a623-43dba3cd33a0/datanode-10/data-0/containers/hdds/28223e3b-fb3b-4559-a623-43dba3cd33a0/DS-22415836-2d8d-4999-9734-45dfed928b83/container.db for volume DS-22415836-2d8d-4999-9734-45dfed928b83
2023-06-07 07:10:51,364 [EndpointStateMachine task thread for /0.0.0.0:15002 - 0 ] INFO  ozoneimpl.OzoneContainer (OzoneContainer.java:start(398)) - Attempting to start container services.
2023-06-07 07:10:51,365 [EndpointStateMachine task thread for /0.0.0.0:15002 - 0 ] INFO  ozoneimpl.OzoneContainer (OzoneContainer.java:startContainerScrub(314)) - Scheduled background container scanners and the on-demand container scanner have been disabled.
2023-06-07 07:10:51,365 [EndpointStateMachine task thread for /0.0.0.0:15002 - 0 ] INFO  replication.ReplicationServer (ReplicationServer.java:start(128)) - ReplicationServer is started using port 15106
2023-06-07 07:10:51,365 [EndpointStateMachine task thread for /0.0.0.0:15002 - 0 ] INFO  ratis.XceiverServerRatis (XceiverServerRatis.java:start(517)) - Starting XceiverServerRatis b1b35183-3015-42af-b03c-e7d97dc9a7f6
2023-06-07 07:10:51,366 [EndpointStateMachine task thread for /0.0.0.0:15002 - 0 ] INFO  server.RaftServer (RaftServerProxy.java:startImpl(400)) - b1b35183-3015-42af-b03c-e7d97dc9a7f6: start RPC server
2023-06-07 07:10:51,367 [EndpointStateMachine task thread for /0.0.0.0:15002 - 0 ] INFO  server.GrpcService (GrpcService.java:startImpl(302)) - b1b35183-3015-42af-b03c-e7d97dc9a7f6: GrpcService started, listening on 15102
2023-06-07 07:10:51,368 [EndpointStateMachine task thread for /0.0.0.0:15002 - 0 ] INFO  server.GrpcService (GrpcService.java:startImpl(302)) - b1b35183-3015-42af-b03c-e7d97dc9a7f6: GrpcService started, listening on 15104
2023-06-07 07:10:51,368 [EndpointStateMachine task thread for /0.0.0.0:15002 - 0 ] INFO  server.GrpcService (GrpcService.java:startImpl(302)) - b1b35183-3015-42af-b03c-e7d97dc9a7f6: GrpcService started, listening on 15103
2023-06-07 07:10:51,368 [EndpointStateMachine task thread for /0.0.0.0:15002 - 0 ] INFO  ratis.XceiverServerRatis (XceiverServerRatis.java:getRealPort(543)) - XceiverServerRatis b1b35183-3015-42af-b03c-e7d97dc9a7f6 is started using port 15102 for RATIS
2023-06-07 07:10:51,368 [JvmPauseMonitor12] INFO  util.JvmPauseMonitor (JvmPauseMonitor.java:run(103)) - JvmPauseMonitor-b1b35183-3015-42af-b03c-e7d97dc9a7f6: Started
2023-06-07 07:10:51,368 [EndpointStateMachine task thread for /0.0.0.0:15002 - 0 ] INFO  ratis.XceiverServerRatis (XceiverServerRatis.java:getRealPort(543)) - XceiverServerRatis b1b35183-3015-42af-b03c-e7d97dc9a7f6 is started using port 15103 for RATIS_ADMIN
2023-06-07 07:10:51,369 [EndpointStateMachine task thread for /0.0.0.0:15002 - 0 ] INFO  ratis.XceiverServerRatis (XceiverServerRatis.java:getRealPort(543)) - XceiverServerRatis b1b35183-3015-42af-b03c-e7d97dc9a7f6 is started using port 15104 for RATIS_SERVER
2023-06-07 07:10:51,369 [EndpointStateMachine task thread for /0.0.0.0:15002 - 0 ] INFO  ratis.XceiverServerRatis (XceiverServerRatis.java:getRealPort(543)) - XceiverServerRatis b1b35183-3015-42af-b03c-e7d97dc9a7f6 is started using port 15105 for RATIS_DATASTREAM
2023-06-07 07:10:51,370 [BlockDeletingService#0] INFO  interfaces.ContainerDeletionChoosingPolicyTemplate (ContainerDeletionChoosingPolicyTemplate.java:chooseContainerForBlockDeletion(83)) - Chosen 0/5000 blocks from 0 candidate containers.
2023-06-07 07:10:51,460 [IPC Server handler 14 on default port 15002] INFO  net.NetworkTopologyImpl (NetworkTopologyImpl.java:add(112)) - Added a new node: /default-rack/8757bef3-5796-4279-bd7f-82165642237f
2023-06-07 07:10:51,460 [IPC Server handler 14 on default port 15002] INFO  node.SCMNodeManager (SCMNodeManager.java:register(407)) - Registered Data node : 8757bef3-5796-4279-bd7f-82165642237f{ip: 10.1.0.31, host: fv-az246-755.dmzl2ssfaldu3choa5k4qgfeyh.jx.internal.cloudapp.net, ports: [HTTP=15063, CLIENT_RPC=15064, REPLICATION=15070, RATIS=15066, RATIS_ADMIN=15067, RATIS_SERVER=15068, RATIS_DATASTREAM=15069, STANDALONE=15065], networkLocation: /default-rack, certSerialId: null, persistedOpState: null, persistedOpStateExpiryEpochSec: 0}
2023-06-07 07:10:51,463 [EventQueue-NewNodeForNewNodeHandler] INFO  pipeline.BackgroundPipelineCreator (BackgroundPipelineCreator.java:notifyEventTriggered(276)) - trigger a one-shot run on RatisPipelineUtilsThread.
2023-06-07 07:10:51,463 [RatisPipelineUtilsThread - 0] INFO  pipeline.RatisPipelineProvider (RatisPipelineProvider.java:lambda$create$0(206)) - Sending CreatePipelineCommand for pipeline:PipelineID=c392b6fe-5c01-4b13-a139-f414cf65ca04 to datanode:8757bef3-5796-4279-bd7f-82165642237f
2023-06-07 07:10:51,466 [RatisPipelineUtilsThread - 0] INFO  pipeline.PipelineStateManagerImpl (PipelineStateManagerImpl.java:addPipeline(103)) - Created pipeline Pipeline[ Id: c392b6fe-5c01-4b13-a139-f414cf65ca04, Nodes: 8757bef3-5796-4279-bd7f-82165642237f(fv-az246-755.dmzl2ssfaldu3choa5k4qgfeyh.jx.internal.cloudapp.net/10.1.0.31), ReplicationConfig: RATIS/ONE, State:ALLOCATED, leaderId:, CreationTimestamp2023-06-07T07:10:51.463Z[Etc/UTC]].
2023-06-07 07:10:51,467 [RatisPipelineUtilsThread - 0] WARN  pipeline.PipelinePlacementPolicy (PipelinePlacementPolicy.java:filterViableNodes(166)) - Pipeline creation failed due to no sufficient healthy datanodes. Required 3. Found 1. Excluded 6.
2023-06-07 07:10:51,741 [main] INFO  ozone.MiniOzoneClusterImpl (MiniOzoneClusterImpl.java:lambda$waitForClusterToBeReady$0(222)) - Waiting for nodes to be ready. Got 7 of 14 DN Heartbeats.
2023-06-07 07:10:51,742 [main] INFO  ozone.MiniOzoneClusterImpl (MiniOzoneClusterImpl.java:lambda$waitForClusterToBeReady$0(225)) - Waiting for cluster to exit safe mode
2023-06-07 07:10:51,742 [main] INFO  ozone.MiniOzoneClusterImpl (MiniOzoneClusterImpl.java:lambda$waitForClusterToBeReady$0(227)) - SCM became leader
2023-06-07 07:10:51,859 [PipelineCommandHandlerThread-0] INFO  server.RaftServer (RaftServerProxy.java:addNew(98)) - add60280-7665-46a7-8f97-112ab314f22d: addNew group-EE57D26294F5:[add60280-7665-46a7-8f97-112ab314f22d|rpc:10.1.0.31:15014|admin:10.1.0.31:15013|client:10.1.0.31:15012|dataStream:10.1.0.31:15015|priority:1|startupRole:FOLLOWER] returns group-EE57D26294F5:java.util.concurrent.CompletableFuture@4c48d62d[Not completed]
2023-06-07 07:10:51,868 [add60280-7665-46a7-8f97-112ab314f22d-groupManagement] INFO  server.RaftServer$Division (RaftServerImpl.java:<init>(198)) - add60280-7665-46a7-8f97-112ab314f22d: new RaftServerImpl for group-EE57D26294F5:[add60280-7665-46a7-8f97-112ab314f22d|rpc:10.1.0.31:15014|admin:10.1.0.31:15013|client:10.1.0.31:15012|dataStream:10.1.0.31:15015|priority:1|startupRole:FOLLOWER] with ContainerStateMachine:uninitialized
2023-06-07 07:10:51,868 [add60280-7665-46a7-8f97-112ab314f22d-groupManagement] INFO  server.RaftServerConfigKeys (ConfUtils.java:logGet(46)) - raft.server.rpc.timeout.min = 5s (custom)
2023-06-07 07:10:51,869 [add60280-7665-46a7-8f97-112ab314f22d-groupManagement] INFO  server.RaftServerConfigKeys (ConfUtils.java:logGet(46)) - raft.server.rpc.timeout.max = 5200ms (custom)
2023-06-07 07:10:51,869 [add60280-7665-46a7-8f97-112ab314f22d-groupManagement] INFO  server.RaftServerConfigKeys (ConfUtils.java:logGet(46)) - raft.server.rpc.sleep.time = 25ms (default)
2023-06-07 07:10:51,869 [add60280-7665-46a7-8f97-112ab314f22d-groupManagement] INFO  server.RaftServerConfigKeys (ConfUtils.java:logGet(46)) - raft.server.rpc.slowness.timeout = 300s (custom)
2023-06-07 07:10:51,869 [add60280-7665-46a7-8f97-112ab314f22d-groupManagement] INFO  server.RaftServerConfigKeys (ConfUtils.java:logGet(46)) - raft.server.leaderelection.leader.step-down.wait-time = 10s (default)
2023-06-07 07:10:51,869 [add60280-7665-46a7-8f97-112ab314f22d-groupManagement] INFO  server.RaftServerConfigKeys (ConfUtils.java:logGet(46)) - raft.server.sleep.deviation.threshold = 300ms (default)
2023-06-07 07:10:51,869 [add60280-7665-46a7-8f97-112ab314f22d-groupManagement] INFO  server.RaftServer$Division (ServerState.java:<init>(120)) - add60280-7665-46a7-8f97-112ab314f22d@group-EE57D26294F5: ConfigurationManager, init=-1: peers:[add60280-7665-46a7-8f97-112ab314f22d|rpc:10.1.0.31:15014|admin:10.1.0.31:15013|client:10.1.0.31:15012|dataStream:10.1.0.31:15015|priority:1|startupRole:FOLLOWER]|listeners:[], old=null, confs=<EMPTY_MAP>
2023-06-07 07:10:51,869 [add60280-7665-46a7-8f97-112ab314f22d-groupManagement] INFO  server.RaftServerConfigKeys (ConfUtils.java:logGet(46)) - raft.server.storage.dir = [/home/runner/work/ozone/ozone/hadoop-ozone/integration-test/target/test-dir/MiniOzoneClusterImpl-28223e3b-fb3b-4559-a623-43dba3cd33a0/datanode-0/data/ratis] (custom)
2023-06-07 07:10:51,871 [IPC Server handler 18 on default port 15002] INFO  net.NetworkTopologyImpl (NetworkTopologyImpl.java:add(112)) - Added a new node: /default-rack/1c3f76c4-a361-44c3-a437-710dc7a71a87
2023-06-07 07:10:51,872 [add60280-7665-46a7-8f97-112ab314f22d-groupManagement] INFO  server.RaftServerConfigKeys (ConfUtils.java:logGet(46)) - raft.server.log.corruption.policy = EXCEPTION (default)
2023-06-07 07:10:51,872 [IPC Server handler 18 on default port 15002] INFO  node.SCMNodeManager (SCMNodeManager.java:register(407)) - Registered Data node : 1c3f76c4-a361-44c3-a437-710dc7a71a87{ip: 10.1.0.31, host: fv-az246-755.dmzl2ssfaldu3choa5k4qgfeyh.jx.internal.cloudapp.net, ports: [HTTP=15072, CLIENT_RPC=15073, REPLICATION=15079, RATIS=15075, RATIS_ADMIN=15076, RATIS_SERVER=15077, RATIS_DATASTREAM=15078, STANDALONE=15074], networkLocation: /default-rack, certSerialId: null, persistedOpState: null, persistedOpStateExpiryEpochSec: 0}
2023-06-07 07:10:51,873 [add60280-7665-46a7-8f97-112ab314f22d-groupManagement] INFO  server.RaftServerConfigKeys (ConfUtils.java:logGet(46)) - raft.server.storage.free-space.min = 0MB (=0) (default)
2023-06-07 07:10:51,873 [add60280-7665-46a7-8f97-112ab314f22d-groupManagement] INFO  server.RaftServerConfigKeys (ConfUtils.java:logGet(46)) - raft.server.notification.no-leader.timeout = 300s (custom)
2023-06-07 07:10:51,873 [add60280-7665-46a7-8f97-112ab314f22d-groupManagement] INFO  server.RaftServerConfigKeys (ConfUtils.java:logGet(46)) - raft.server.read.timeout = 10s (default)
2023-06-07 07:10:51,873 [add60280-7665-46a7-8f97-112ab314f22d-groupManagement] INFO  server.RaftServerConfigKeys (ConfUtils.java:logGet(46)) - raft.server.retrycache.expirytime = 600000ms (custom)
2023-06-07 07:10:51,873 [add60280-7665-46a7-8f97-112ab314f22d-groupManagement] INFO  server.RaftServerConfigKeys (ConfUtils.java:logGet(46)) - raft.server.retrycache.statistics.expirytime = 100μs (default)
2023-06-07 07:10:51,873 [add60280-7665-46a7-8f97-112ab314f22d-groupManagement] INFO  server.RaftServerConfigKeys (ConfUtils.java:logGet(46)) - raft.server.read.option = DEFAULT (default)
2023-06-07 07:10:51,874 [EventQueue-NewNodeForNewNodeHandler] INFO  pipeline.BackgroundPipelineCreator (BackgroundPipelineCreator.java:notifyEventTriggered(276)) - trigger a one-shot run on RatisPipelineUtilsThread.
2023-06-07 07:10:51,890 [add60280-7665-46a7-8f97-112ab314f22d-groupManagement] INFO  server.RaftServerConfigKeys (ConfUtils.java:logGet(46)) - raft.server.rpc.request.timeout = 60s (custom)
2023-06-07 07:10:51,897 [add60280-7665-46a7-8f97-112ab314f22d-groupManagement] INFO  server.RaftServerConfigKeys (ConfUtils.java:logGet(46)) - raft.server.log.appender.install.snapshot.enabled = false (custom)
2023-06-07 07:10:51,897 [add60280-7665-46a7-8f97-112ab314f22d-groupManagement] INFO  server.RaftServerConfigKeys (ConfUtils.java:logGet(46)) - raft.server.threadpool.server.cached = true (default)
2023-06-07 07:10:51,897 [add60280-7665-46a7-8f97-112ab314f22d-groupManagement] INFO  server.RaftServerConfigKeys (ConfUtils.java:logGet(46)) - raft.server.threadpool.server.size = 0 (default)
2023-06-07 07:10:51,897 [RatisPipelineUtilsThread - 0] INFO  pipeline.RatisPipelineProvider (RatisPipelineProvider.java:lambda$create$0(206)) - Sending CreatePipelineCommand for pipeline:PipelineID=294d5083-aa55-44bc-a178-7d00ecf9154a to datanode:1c3f76c4-a361-44c3-a437-710dc7a71a87
2023-06-07 07:10:51,897 [add60280-7665-46a7-8f97-112ab314f22d-groupManagement] INFO  server.RaftServerConfigKeys (ConfUtils.java:logGet(46)) - raft.server.threadpool.client.cached = true (default)
2023-06-07 07:10:51,898 [RatisPipelineUtilsThread - 0] INFO  pipeline.PipelineStateManagerImpl (PipelineStateManagerImpl.java:addPipeline(103)) - Created pipeline Pipeline[ Id: 294d5083-aa55-44bc-a178-7d00ecf9154a, Nodes: 1c3f76c4-a361-44c3-a437-710dc7a71a87(fv-az246-755.dmzl2ssfaldu3choa5k4qgfeyh.jx.internal.cloudapp.net/10.1.0.31), ReplicationConfig: RATIS/ONE, State:ALLOCATED, leaderId:, CreationTimestamp2023-06-07T07:10:51.897Z[Etc/UTC]].
2023-06-07 07:10:51,899 [RatisPipelineUtilsThread - 0] WARN  pipeline.PipelinePlacementPolicy (PipelinePlacementPolicy.java:filterViableNodes(166)) - Pipeline creation failed due to no sufficient healthy datanodes. Required 3. Found 2. Excluded 6.
2023-06-07 07:10:51,898 [add60280-7665-46a7-8f97-112ab314f22d-groupManagement] INFO  server.RaftServerConfigKeys (ConfUtils.java:logGet(46)) - raft.server.threadpool.client.size = 0 (default)
2023-06-07 07:10:51,899 [add60280-7665-46a7-8f97-112ab314f22d-groupManagement] INFO  storage.RaftStorageDirectory (RaftStorageDirectoryImpl.java:analyzeStorage(137)) - The storage directory /home/runner/work/ozone/ozone/hadoop-ozone/integration-test/target/test-dir/MiniOzoneClusterImpl-28223e3b-fb3b-4559-a623-43dba3cd33a0/datanode-0/data/ratis/7634eb11-ea24-4f1c-9289-ee57d26294f5 does not exist. Creating ...
2023-06-07 07:10:51,902 [add60280-7665-46a7-8f97-112ab314f22d-groupManagement] INFO  storage.RaftStorageDirectory (RaftStorageDirectoryImpl.java:tryLock(231)) - Lock on /home/runner/work/ozone/ozone/hadoop-ozone/integration-test/target/test-dir/MiniOzoneClusterImpl-28223e3b-fb3b-4559-a623-43dba3cd33a0/datanode-0/data/ratis/7634eb11-ea24-4f1c-9289-ee57d26294f5/in_use.lock acquired by nodename 65108@fv-az246-755
2023-06-07 07:10:51,904 [add60280-7665-46a7-8f97-112ab314f22d-groupManagement] INFO  storage.RaftStorage (RaftStorageImpl.java:format(96)) - Storage directory /home/runner/work/ozone/ozone/hadoop-ozone/integration-test/target/test-dir/MiniOzoneClusterImpl-28223e3b-fb3b-4559-a623-43dba3cd33a0/datanode-0/data/ratis/7634eb11-ea24-4f1c-9289-ee57d26294f5 has been successfully formatted.
2023-06-07 07:10:51,911 [add60280-7665-46a7-8f97-112ab314f22d-groupManagement] INFO  ratis.ContainerStateMachine (ContainerStateMachine.java:loadSnapshot(262)) - group-EE57D26294F5: The snapshot info is null. Setting the last applied indexto:(t:0, i:~)
2023-06-07 07:10:51,911 [add60280-7665-46a7-8f97-112ab314f22d-groupManagement] INFO  server.RaftServerConfigKeys (ConfUtils.java:logGet(46)) - raft.server.log.use.memory = false (default)
2023-06-07 07:10:51,911 [add60280-7665-46a7-8f97-112ab314f22d-groupManagement] INFO  server.RaftServerConfigKeys (ConfUtils.java:logGet(46)) - raft.server.log.purge.gap = 1000000 (custom)
2023-06-07 07:10:51,911 [add60280-7665-46a7-8f97-112ab314f22d-groupManagement] INFO  server.RaftServerConfigKeys (ConfUtils.java:logGet(46)) - raft.server.log.appender.buffer.byte-limit = 33554432 (custom)
2023-06-07 07:10:51,911 [add60280-7665-46a7-8f97-112ab314f22d-groupManagement] INFO  server.RaftServerConfigKeys (ConfUtils.java:logGet(46)) - raft.server.log.statemachine.data.read.timeout = 1000ms (default)
2023-06-07 07:10:51,912 [add60280-7665-46a7-8f97-112ab314f22d-groupManagement] INFO  server.RaftServerConfigKeys (ConfUtils.java:logGet(46)) - raft.server.log.purge.preservation.log.num = 0 (default)
2023-06-07 07:10:51,912 [add60280-7665-46a7-8f97-112ab314f22d-groupManagement] INFO  server.RaftServerConfigKeys (ConfUtils.java:logGet(46)) - raft.server.log.segment.size.max = 1048576 (custom)
2023-06-07 07:10:51,917 [add60280-7665-46a7-8f97-112ab314f22d-groupManagement] INFO  server.RaftServerConfigKeys (ConfUtils.java:logGet(46)) - raft.server.log.segment.cache.num.max = 2 (custom)
2023-06-07 07:10:51,917 [add60280-7665-46a7-8f97-112ab314f22d-groupManagement] INFO  server.RaftServerConfigKeys (ConfUtils.java:logGet(46)) - raft.server.log.segment.cache.size.max = 200MB (=209715200) (default)
2023-06-07 07:10:51,918 [add60280-7665-46a7-8f97-112ab314f22d-groupManagement] INFO  server.RaftServerConfigKeys (ConfUtils.java:logGet(46)) - raft.server.log.appender.buffer.byte-limit = 33554432 (custom)
2023-06-07 07:10:51,919 [add60280-7665-46a7-8f97-112ab314f22d-groupManagement] INFO  segmented.SegmentedRaftLogWorker (SegmentedRaftLogWorker.java:<init>(188)) - new add60280-7665-46a7-8f97-112ab314f22d@group-EE57D26294F5-SegmentedRaftLogWorker for RaftStorageImpl:Storage Directory /home/runner/work/ozone/ozone/hadoop-ozone/integration-test/target/test-dir/MiniOzoneClusterImpl-28223e3b-fb3b-4559-a623-43dba3cd33a0/datanode-0/data/ratis/7634eb11-ea24-4f1c-9289-ee57d26294f5
2023-06-07 07:10:51,919 [add60280-7665-46a7-8f97-112ab314f22d-groupManagement] INFO  server.RaftServerConfigKeys (ConfUtils.java:logGet(46)) - raft.server.log.queue.byte-limit = 4294967296 (custom)
2023-06-07 07:10:51,919 [add60280-7665-46a7-8f97-112ab314f22d-groupManagement] INFO  server.RaftServerConfigKeys (ConfUtils.java:logGet(46)) - raft.server.log.queue.element-limit = 1024 (custom)
2023-06-07 07:10:51,919 [add60280-7665-46a7-8f97-112ab314f22d-groupManagement] INFO  server.RaftServerConfigKeys (ConfUtils.java:logGet(46)) - raft.server.log.segment.size.max = 1048576 (custom)
2023-06-07 07:10:51,919 [add60280-7665-46a7-8f97-112ab314f22d-groupManagement] INFO  server.RaftServerConfigKeys (ConfUtils.java:logGet(46)) - raft.server.log.preallocated.size = 16384 (custom)
2023-06-07 07:10:51,919 [add60280-7665-46a7-8f97-112ab314f22d-groupManagement] INFO  server.RaftServerConfigKeys (ConfUtils.java:logGet(46)) - raft.server.log.force.sync.num = 128 (default)
2023-06-07 07:10:51,919 [add60280-7665-46a7-8f97-112ab314f22d-groupManagement] INFO  server.RaftServerConfigKeys (ConfUtils.java:logGet(46)) - raft.server.log.statemachine.data.sync = true (default)
2023-06-07 07:10:51,919 [add60280-7665-46a7-8f97-112ab314f22d-groupManagement] INFO  server.RaftServerConfigKeys (ConfUtils.java:logGet(46)) - raft.server.log.statemachine.data.sync.timeout = 10s (default)
2023-06-07 07:10:51,919 [add60280-7665-46a7-8f97-112ab314f22d-groupManagement] INFO  server.RaftServerConfigKeys (ConfUtils.java:logGet(46)) - raft.server.log.statemachine.data.sync.timeout.retry = -1 (default)
2023-06-07 07:10:51,922 [add60280-7665-46a7-8f97-112ab314f22d-groupManagement] INFO  server.RaftServerConfigKeys (ConfUtils.java:logGet(46)) - raft.server.log.write.buffer.size = 1048576 (custom)
2023-06-07 07:10:51,923 [add60280-7665-46a7-8f97-112ab314f22d-groupManagement] INFO  server.RaftServerConfigKeys (ConfUtils.java:logGet(46)) - raft.server.log.appender.buffer.byte-limit = 33554432 (custom)
2023-06-07 07:10:51,928 [add60280-7665-46a7-8f97-112ab314f22d-groupManagement] INFO  server.RaftServerConfigKeys (ConfUtils.java:logGet(46)) - raft.server.log.unsafe-flush.enabled = false (default)
2023-06-07 07:10:51,928 [add60280-7665-46a7-8f97-112ab314f22d-groupManagement] INFO  server.RaftServerConfigKeys (ConfUtils.java:logGet(46)) - raft.server.log.async-flush.enabled = false (default)
2023-06-07 07:10:51,928 [add60280-7665-46a7-8f97-112ab314f22d-groupManagement] INFO  server.RaftServerConfigKeys (ConfUtils.java:logGet(46)) - raft.server.log.statemachine.data.caching.enabled = true (custom)
2023-06-07 07:10:51,929 [add60280-7665-46a7-8f97-112ab314f22d-groupManagement] INFO  segmented.SegmentedRaftLogWorker (SegmentedRaftLogWorker.java:lambda$new$0(135)) - add60280-7665-46a7-8f97-112ab314f22d@group-EE57D26294F5-SegmentedRaftLogWorker: flushIndex: setUnconditionally 0 -> -1
2023-06-07 07:10:51,929 [add60280-7665-46a7-8f97-112ab314f22d-groupManagement] INFO  segmented.SegmentedRaftLogWorker (SegmentedRaftLogWorker.java:lambda$new$0(135)) - add60280-7665-46a7-8f97-112ab314f22d@group-EE57D26294F5-SegmentedRaftLogWorker: safeCacheEvictIndex: setUnconditionally 0 -> -1
2023-06-07 07:10:51,929 [add60280-7665-46a7-8f97-112ab314f22d-groupManagement] INFO  server.RaftServer$Division (RaftServerImpl.java:start(342)) - add60280-7665-46a7-8f97-112ab314f22d@group-EE57D26294F5: start as a follower, conf=-1: peers:[add60280-7665-46a7-8f97-112ab314f22d|rpc:10.1.0.31:15014|admin:10.1.0.31:15013|client:10.1.0.31:15012|dataStream:10.1.0.31:15015|priority:1|startupRole:FOLLOWER]|listeners:[], old=null
2023-06-07 07:10:51,931 [add60280-7665-46a7-8f97-112ab314f22d-groupManagement] INFO  server.RaftServer$Division (RaftServerImpl.java:setRole(329)) - add60280-7665-46a7-8f97-112ab314f22d@group-EE57D26294F5: changes role from      null to FOLLOWER at term 0 for startAsFollower
2023-06-07 07:10:51,931 [add60280-7665-46a7-8f97-112ab314f22d-groupManagement] INFO  impl.RoleInfo (RoleInfo.java:updateAndGet(139)) - add60280-7665-46a7-8f97-112ab314f22d: start add60280-7665-46a7-8f97-112ab314f22d@group-EE57D26294F5-FollowerState
2023-06-07 07:10:51,933 [add60280-7665-46a7-8f97-112ab314f22d-groupManagement] INFO  util.JmxRegister (JmxRegister.java:tryRegister(44)) - Successfully registered JMX Bean with object name Ratis:service=RaftServer,group=group-EE57D26294F5,id=add60280-7665-46a7-8f97-112ab314f22d
2023-06-07 07:10:51,933 [add60280-7665-46a7-8f97-112ab314f22d-groupManagement] INFO  server.RaftServerConfigKeys (ConfUtils.java:logGet(46)) - raft.server.snapshot.auto.trigger.enabled = true (custom)
2023-06-07 07:10:51,933 [add60280-7665-46a7-8f97-112ab314f22d-groupManagement] INFO  server.RaftServerConfigKeys (ConfUtils.java:logGet(46)) - raft.server.snapshot.auto.trigger.threshold = 10000 (custom)
2023-06-07 07:10:51,933 [add60280-7665-46a7-8f97-112ab314f22d-groupManagement] INFO  server.RaftServerConfigKeys (ConfUtils.java:logGet(46)) - raft.server.snapshot.retention.file.num = 5 (custom)
2023-06-07 07:10:51,933 [add60280-7665-46a7-8f97-112ab314f22d-groupManagement] INFO  server.RaftServerConfigKeys (ConfUtils.java:logGet(46)) - raft.server.log.purge.upto.snapshot.index = false (default)
2023-06-07 07:10:51,936 [add60280-7665-46a7-8f97-112ab314f22d@group-EE57D26294F5-FollowerState] INFO  server.RaftServerConfigKeys (ConfUtils.java:logFallback(53)) - raft.server.rpc.first-election.timeout.min = 5s (fallback to raft.server.rpc.timeout.min)
2023-06-07 07:10:51,936 [add60280-7665-46a7-8f97-112ab314f22d@group-EE57D26294F5-FollowerState] INFO  server.RaftServerConfigKeys (ConfUtils.java:logFallback(53)) - raft.server.rpc.first-election.timeout.max = 5200ms (fallback to raft.server.rpc.timeout.max)
2023-06-07 07:10:51,944 [EventQueue-PipelineReportForPipelineReportHandler] INFO  pipeline.PipelineManagerImpl (PipelineManagerImpl.java:openPipeline(367)) - Pipeline Pipeline[ Id: 7634eb11-ea24-4f1c-9289-ee57d26294f5, Nodes: add60280-7665-46a7-8f97-112ab314f22d(fv-az246-755.dmzl2ssfaldu3choa5k4qgfeyh.jx.internal.cloudapp.net/10.1.0.31), ReplicationConfig: RATIS/ONE, State:ALLOCATED, leaderId:add60280-7665-46a7-8f97-112ab314f22d, CreationTimestamp2023-06-07T07:10:48.917Z[Etc/UTC]] moved to OPEN state
2023-06-07 07:10:51,957 [PipelineCommandHandlerThread-0] INFO  ratis.XceiverServerRatis (XceiverServerRatis.java:addGroup(804)) - Created group PipelineID=7634eb11-ea24-4f1c-9289-ee57d26294f5
2023-06-07 07:10:51,958 [PipelineCommandHandlerThread-0] INFO  commandhandler.CreatePipelineCommandHandler (CreatePipelineCommandHandler.java:lambda$handle$2(124)) - Created Pipeline RATIS ONE PipelineID=7634eb11-ea24-4f1c-9289-ee57d26294f5.
2023-06-07 07:10:51,958 [PipelineCommandHandlerThread-0] INFO  server.RaftServer (RaftServerProxy.java:addNew(98)) - add60280-7665-46a7-8f97-112ab314f22d: addNew group-AB933BBAE0CC:[add60280-7665-46a7-8f97-112ab314f22d|rpc:10.1.0.31:15014|admin:10.1.0.31:15013|client:10.1.0.31:15012|dataStream:10.1.0.31:15015|priority:1|startupRole:FOLLOWER, 44d8f5b4-8dfc-4dc1-b3e0-dd93457af28b|rpc:10.1.0.31:15023|admin:10.1.0.31:15022|client:10.1.0.31:15021|dataStream:10.1.0.31:15024|priority:0|startupRole:FOLLOWER, 2912fda5-c0b1-4d9e-ac44-fd313bf4d5ec|rpc:10.1.0.31:15032|admin:10.1.0.31:15031|client:10.1.0.31:15030|dataStream:10.1.0.31:15033|priority:0|startupRole:FOLLOWER] returns group-AB933BBAE0CC:java.util.concurrent.CompletableFuture@376823d7[Not completed]
2023-06-07 07:10:51,960 [add60280-7665-46a7-8f97-112ab314f22d-groupManagement] INFO  server.RaftServer$Division (RaftServerImpl.java:<init>(198)) - add60280-7665-46a7-8f97-112ab314f22d: new RaftServerImpl for group-AB933BBAE0CC:[add60280-7665-46a7-8f97-112ab314f22d|rpc:10.1.0.31:15014|admin:10.1.0.31:15013|client:10.1.0.31:15012|dataStream:10.1.0.31:15015|priority:1|startupRole:FOLLOWER, 44d8f5b4-8dfc-4dc1-b3e0-dd93457af28b|rpc:10.1.0.31:15023|admin:10.1.0.31:15022|client:10.1.0.31:15021|dataStream:10.1.0.31:15024|priority:0|startupRole:FOLLOWER, 2912fda5-c0b1-4d9e-ac44-fd313bf4d5ec|rpc:10.1.0.31:15032|admin:10.1.0.31:15031|client:10.1.0.31:15030|dataStream:10.1.0.31:15033|priority:0|startupRole:FOLLOWER] with ContainerStateMachine:uninitialized
2023-06-07 07:10:51,960 [add60280-7665-46a7-8f97-112ab314f22d-groupManagement] INFO  server.RaftServerConfigKeys (ConfUtils.java:logGet(46)) - raft.server.rpc.timeout.min = 5s (custom)
2023-06-07 07:10:51,960 [add60280-7665-46a7-8f97-112ab314f22d-groupManagement] INFO  server.RaftServerConfigKeys (ConfUtils.java:logGet(46)) - raft.server.rpc.timeout.max = 5200ms (custom)
2023-06-07 07:10:51,960 [add60280-7665-46a7-8f97-112ab314f22d-groupManagement] INFO  server.RaftServerConfigKeys (ConfUtils.java:logGet(46)) - raft.server.rpc.sleep.time = 25ms (default)
2023-06-07 07:10:51,960 [add60280-7665-46a7-8f97-112ab314f22d-groupManagement] INFO  server.RaftServerConfigKeys (ConfUtils.java:logGet(46)) - raft.server.rpc.slowness.timeout = 300s (custom)
2023-06-07 07:10:51,960 [add60280-7665-46a7-8f97-112ab314f22d-groupManagement] INFO  server.RaftServerConfigKeys (ConfUtils.java:logGet(46)) - raft.server.leaderelection.leader.step-down.wait-time = 10s (default)
2023-06-07 07:10:51,960 [add60280-7665-46a7-8f97-112ab314f22d-groupManagement] INFO  server.RaftServerConfigKeys (ConfUtils.java:logGet(46)) - raft.server.sleep.deviation.threshold = 300ms (default)
2023-06-07 07:10:51,960 [add60280-7665-46a7-8f97-112ab314f22d-groupManagement] INFO  server.RaftServer$Division (ServerState.java:<init>(120)) - add60280-7665-46a7-8f97-112ab314f22d@group-AB933BBAE0CC: ConfigurationManager, init=-1: peers:[add60280-7665-46a7-8f97-112ab314f22d|rpc:10.1.0.31:15014|admin:10.1.0.31:15013|client:10.1.0.31:15012|dataStream:10.1.0.31:15015|priority:1|startupRole:FOLLOWER, 44d8f5b4-8dfc-4dc1-b3e0-dd93457af28b|rpc:10.1.0.31:15023|admin:10.1.0.31:15022|client:10.1.0.31:15021|dataStream:10.1.0.31:15024|priority:0|startupRole:FOLLOWER, 2912fda5-c0b1-4d9e-ac44-fd313bf4d5ec|rpc:10.1.0.31:15032|admin:10.1.0.31:15031|client:10.1.0.31:15030|dataStream:10.1.0.31:15033|priority:0|startupRole:FOLLOWER]|listeners:[], old=null, confs=<EMPTY_MAP>
2023-06-07 07:10:51,960 [add60280-7665-46a7-8f97-112ab314f22d-groupManagement] INFO  server.RaftServerConfigKeys (ConfUtils.java:logGet(46)) - raft.server.storage.dir = [/home/runner/work/ozone/ozone/hadoop-ozone/integration-test/target/test-dir/MiniOzoneClusterImpl-28223e3b-fb3b-4559-a623-43dba3cd33a0/datanode-0/data/ratis] (custom)
2023-06-07 07:10:51,961 [add60280-7665-46a7-8f97-112ab314f22d-groupManagement] INFO  server.RaftServerConfigKeys (ConfUtils.java:logGet(46)) - raft.server.log.corruption.policy = EXCEPTION (default)
2023-06-07 07:10:51,961 [add60280-7665-46a7-8f97-112ab314f22d-groupManagement] INFO  server.RaftServerConfigKeys (ConfUtils.java:logGet(46)) - raft.server.storage.free-space.min = 0MB (=0) (default)
2023-06-07 07:10:51,961 [add60280-7665-46a7-8f97-112ab314f22d-groupManagement] INFO  server.RaftServerConfigKeys (ConfUtils.java:logGet(46)) - raft.server.notification.no-leader.timeout = 300s (custom)
2023-06-07 07:10:51,961 [add60280-7665-46a7-8f97-112ab314f22d-groupManagement] INFO  server.RaftServerConfigKeys (ConfUtils.java:logGet(46)) - raft.server.read.timeout = 10s (default)
2023-06-07 07:10:51,961 [add60280-7665-46a7-8f97-112ab314f22d-groupManagement] INFO  server.RaftServerConfigKeys (ConfUtils.java:logGet(46)) - raft.server.retrycache.expirytime = 600000ms (custom)
2023-06-07 07:10:51,961 [add60280-7665-46a7-8f97-112ab314f22d-groupManagement] INFO  server.RaftServerConfigKeys (ConfUtils.java:logGet(46)) - raft.server.retrycache.statistics.expirytime = 100μs (default)
2023-06-07 07:10:51,961 [add60280-7665-46a7-8f97-112ab314f22d-groupManagement] INFO  server.RaftServerConfigKeys (ConfUtils.java:logGet(46)) - raft.server.read.option = DEFAULT (default)
2023-06-07 07:10:51,971 [EventQueue-OpenPipelineForHealthyPipelineSafeModeRule] INFO  safemode.SCMSafeModeManager (HealthyPipelineSafeModeRule.java:process(137)) - SCM in safe mode. Healthy pipelines reported count is 0, required healthy pipeline reported count is 1
2023-06-07 07:10:51,990 [add60280-7665-46a7-8f97-112ab314f22d-groupManagement] INFO  server.RaftServerConfigKeys (ConfUtils.java:logGet(46)) - raft.server.rpc.request.timeout = 60s (custom)
2023-06-07 07:10:51,990 [add60280-7665-46a7-8f97-112ab314f22d-groupManagement] INFO  server.RaftServerConfigKeys (ConfUtils.java:logGet(46)) - raft.server.log.appender.install.snapshot.enabled = false (custom)
2023-06-07 07:10:51,990 [add60280-7665-46a7-8f97-112ab314f22d-groupManagement] INFO  server.RaftServerConfigKeys (ConfUtils.java:logGet(46)) - raft.server.threadpool.server.cached = true (default)
2023-06-07 07:10:51,990 [add60280-7665-46a7-8f97-112ab314f22d-groupManagement] INFO  server.RaftServerConfigKeys (ConfUtils.java:logGet(46)) - raft.server.threadpool.server.size = 0 (default)
2023-06-07 07:10:51,990 [add60280-7665-46a7-8f97-112ab314f22d-groupManagement] INFO  server.RaftServerConfigKeys (ConfUtils.java:logGet(46)) - raft.server.threadpool.client.cached = true (default)
2023-06-07 07:10:51,990 [add60280-7665-46a7-8f97-112ab314f22d-groupManagement] INFO  server.RaftServerConfigKeys (ConfUtils.java:logGet(46)) - raft.server.threadpool.client.size = 0 (default)
2023-06-07 07:10:51,991 [add60280-7665-46a7-8f97-112ab314f22d-groupManagement] INFO  storage.RaftStorageDirectory (RaftStorageDirectoryImpl.java:analyzeStorage(137)) - The storage directory /home/runner/work/ozone/ozone/hadoop-ozone/integration-test/target/test-dir/MiniOzoneClusterImpl-28223e3b-fb3b-4559-a623-43dba3cd33a0/datanode-0/data/ratis/c312a65c-e52e-4b85-ac95-ab933bbae0cc does not exist. Creating ...
2023-06-07 07:10:51,995 [add60280-7665-46a7-8f97-112ab314f22d-groupManagement] INFO  storage.RaftStorageDirectory (RaftStorageDirectoryImpl.java:tryLock(231)) - Lock on /home/runner/work/ozone/ozone/hadoop-ozone/integration-test/target/test-dir/MiniOzoneClusterImpl-28223e3b-fb3b-4559-a623-43dba3cd33a0/datanode-0/data/ratis/c312a65c-e52e-4b85-ac95-ab933bbae0cc/in_use.lock acquired by nodename 65108@fv-az246-755
2023-06-07 07:10:51,998 [add60280-7665-46a7-8f97-112ab314f22d-groupManagement] INFO  storage.RaftStorage (RaftStorageImpl.java:format(96)) - Storage directory /home/runner/work/ozone/ozone/hadoop-ozone/integration-test/target/test-dir/MiniOzoneClusterImpl-28223e3b-fb3b-4559-a623-43dba3cd33a0/datanode-0/data/ratis/c312a65c-e52e-4b85-ac95-ab933bbae0cc has been successfully formatted.
2023-06-07 07:10:52,003 [EventQueue-OpenPipelineForHealthyPipelineSafeModeRule] INFO  safemode.SCMSafeModeManager (HealthyPipelineSafeModeRule.java:process(137)) - SCM in safe mode. Healthy pipelines reported count is 0, required healthy pipeline reported count is 1
2023-06-07 07:10:52,003 [add60280-7665-46a7-8f97-112ab314f22d-groupManagement] INFO  ratis.ContainerStateMachine (ContainerStateMachine.java:loadSnapshot(262)) - group-AB933BBAE0CC: The snapshot info is null. Setting the last applied indexto:(t:0, i:~)
2023-06-07 07:10:52,004 [add60280-7665-46a7-8f97-112ab314f22d-groupManagement] INFO  server.RaftServerConfigKeys (ConfUtils.java:logGet(46)) - raft.server.log.use.memory = false (default)
2023-06-07 07:10:52,004 [add60280-7665-46a7-8f97-112ab314f22d-groupManagement] INFO  server.RaftServerConfigKeys (ConfUtils.java:logGet(46)) - raft.server.log.purge.gap = 1000000 (custom)
2023-06-07 07:10:52,004 [add60280-7665-46a7-8f97-112ab314f22d-groupManagement] INFO  server.RaftServerConfigKeys (ConfUtils.java:logGet(46)) - raft.server.log.appender.buffer.byte-limit = 33554432 (custom)
2023-06-07 07:10:52,004 [add60280-7665-46a7-8f97-112ab314f22d-groupManagement] INFO  server.RaftServerConfigKeys (ConfUtils.java:logGet(46)) - raft.server.log.statemachine.data.read.timeout = 1000ms (default)
2023-06-07 07:10:52,004 [add60280-7665-46a7-8f97-112ab314f22d-groupManagement] INFO  server.RaftServerConfigKeys (ConfUtils.java:logGet(46)) - raft.server.log.purge.preservation.log.num = 0 (default)
2023-06-07 07:10:52,006 [add60280-7665-46a7-8f97-112ab314f22d-groupManagement] INFO  server.RaftServerConfigKeys (ConfUtils.java:logGet(46)) - raft.server.log.segment.size.max = 1048576 (custom)
2023-06-07 07:10:52,010 [add60280-7665-46a7-8f97-112ab314f22d-groupManagement] INFO  server.RaftServerConfigKeys (ConfUtils.java:logGet(46)) - raft.server.log.segment.cache.num.max = 2 (custom)
2023-06-07 07:10:52,010 [add60280-7665-46a7-8f97-112ab314f22d-groupManagement] INFO  server.RaftServerConfigKeys (ConfUtils.java:logGet(46)) - raft.server.log.segment.cache.size.max = 200MB (=209715200) (default)
2023-06-07 07:10:52,010 [add60280-7665-46a7-8f97-112ab314f22d-groupManagement] INFO  server.RaftServerConfigKeys (ConfUtils.java:logGet(46)) - raft.server.log.appender.buffer.byte-limit = 33554432 (custom)
2023-06-07 07:10:52,010 [add60280-7665-46a7-8f97-112ab314f22d-groupManagement] INFO  segmented.SegmentedRaftLogWorker (SegmentedRaftLogWorker.java:<init>(188)) - new add60280-7665-46a7-8f97-112ab314f22d@group-AB933BBAE0CC-SegmentedRaftLogWorker for RaftStorageImpl:Storage Directory /home/runner/work/ozone/ozone/hadoop-ozone/integration-test/target/test-dir/MiniOzoneClusterImpl-28223e3b-fb3b-4559-a623-43dba3cd33a0/datanode-0/data/ratis/c312a65c-e52e-4b85-ac95-ab933bbae0cc
2023-06-07 07:10:52,010 [add60280-7665-46a7-8f97-112ab314f22d-groupManagement] INFO  server.RaftServerConfigKeys (ConfUtils.java:logGet(46)) - raft.server.log.queue.byte-limit = 4294967296 (custom)
2023-06-07 07:10:52,010 [add60280-7665-46a7-8f97-112ab314f22d-groupManagement] INFO  server.RaftServerConfigKeys (ConfUtils.java:logGet(46)) - raft.server.log.queue.element-limit = 1024 (custom)
2023-06-07 07:10:52,010 [add60280-7665-46a7-8f97-112ab314f22d-groupManagement] INFO  server.RaftServerConfigKeys (ConfUtils.java:logGet(46)) - raft.server.log.segment.size.max = 1048576 (custom)
2023-06-07 07:10:52,010 [add60280-7665-46a7-8f97-112ab314f22d-groupManagement] INFO  server.RaftServerConfigKeys (ConfUtils.java:logGet(46)) - raft.server.log.preallocated.size = 16384 (custom)
2023-06-07 07:10:52,010 [add60280-7665-46a7-8f97-112ab314f22d-groupManagement] INFO  server.RaftServerConfigKeys (ConfUtils.java:logGet(46)) - raft.server.log.force.sync.num = 128 (default)
2023-06-07 07:10:52,010 [add60280-7665-46a7-8f97-112ab314f22d-groupManagement] INFO  server.RaftServerConfigKeys (ConfUtils.java:logGet(46)) - raft.server.log.statemachine.data.sync = true (default)
2023-06-07 07:10:52,010 [add60280-7665-46a7-8f97-112ab314f22d-groupManagement] INFO  server.RaftServerConfigKeys (ConfUtils.java:logGet(46)) - raft.server.log.statemachine.data.sync.timeout = 10s (default)
2023-06-07 07:10:52,010 [add60280-7665-46a7-8f97-112ab314f22d-groupManagement] INFO  server.RaftServerConfigKeys (ConfUtils.java:logGet(46)) - raft.server.log.statemachine.data.sync.timeout.retry = -1 (default)
2023-06-07 07:10:52,013 [add60280-7665-46a7-8f97-112ab314f22d-groupManagement] INFO  server.RaftServerConfigKeys (ConfUtils.java:logGet(46)) - raft.server.log.write.buffer.size = 1048576 (custom)
2023-06-07 07:10:52,014 [add60280-7665-46a7-8f97-112ab314f22d-groupManagement] INFO  server.RaftServerConfigKeys (ConfUtils.java:logGet(46)) - raft.server.log.appender.buffer.byte-limit = 33554432 (custom)
2023-06-07 07:10:52,020 [add60280-7665-46a7-8f97-112ab314f22d-groupManagement] INFO  server.RaftServerConfigKeys (ConfUtils.java:logGet(46)) - raft.server.log.unsafe-flush.enabled = false (default)
2023-06-07 07:10:52,020 [add60280-7665-46a7-8f97-112ab314f22d-groupManagement] INFO  server.RaftServerConfigKeys (ConfUtils.java:logGet(46)) - raft.server.log.async-flush.enabled = false (default)
2023-06-07 07:10:52,020 [add60280-7665-46a7-8f97-112ab314f22d-groupManagement] INFO  server.RaftServerConfigKeys (ConfUtils.java:logGet(46)) - raft.server.log.statemachine.data.caching.enabled = true (custom)
2023-06-07 07:10:52,020 [add60280-7665-46a7-8f97-112ab314f22d-groupManagement] INFO  segmented.SegmentedRaftLogWorker (SegmentedRaftLogWorker.java:lambda$new$0(135)) - add60280-7665-46a7-8f97-112ab314f22d@group-AB933BBAE0CC-SegmentedRaftLogWorker: flushIndex: setUnconditionally 0 -> -1
2023-06-07 07:10:52,020 [add60280-7665-46a7-8f97-112ab314f22d-groupManagement] INFO  segmented.SegmentedRaftLogWorker (SegmentedRaftLogWorker.java:lambda$new$0(135)) - add60280-7665-46a7-8f97-112ab314f22d@group-AB933BBAE0CC-SegmentedRaftLogWorker: safeCacheEvictIndex: setUnconditionally 0 -> -1
2023-06-07 07:10:52,021 [add60280-7665-46a7-8f97-112ab314f22d-groupManagement] INFO  server.RaftServer$Division (RaftServerImpl.java:start(342)) - add60280-7665-46a7-8f97-112ab314f22d@group-AB933BBAE0CC: start as a follower, conf=-1: peers:[add60280-7665-46a7-8f97-112ab314f22d|rpc:10.1.0.31:15014|admin:10.1.0.31:15013|client:10.1.0.31:15012|dataStream:10.1.0.31:15015|priority:1|startupRole:FOLLOWER, 44d8f5b4-8dfc-4dc1-b3e0-dd93457af28b|rpc:10.1.0.31:15023|admin:10.1.0.31:15022|client:10.1.0.31:15021|dataStream:10.1.0.31:15024|priority:0|startupRole:FOLLOWER, 2912fda5-c0b1-4d9e-ac44-fd313bf4d5ec|rpc:10.1.0.31:15032|admin:10.1.0.31:15031|client:10.1.0.31:15030|dataStream:10.1.0.31:15033|priority:0|startupRole:FOLLOWER]|listeners:[], old=null
2023-06-07 07:10:52,021 [add60280-7665-46a7-8f97-112ab314f22d-groupManagement] INFO  server.RaftServer$Division (RaftServerImpl.java:setRole(329)) - add60280-7665-46a7-8f97-112ab314f22d@group-AB933BBAE0CC: changes role from      null to FOLLOWER at term 0 for startAsFollower
2023-06-07 07:10:52,021 [add60280-7665-46a7-8f97-112ab314f22d-groupManagement] INFO  impl.RoleInfo (RoleInfo.java:updateAndGet(139)) - add60280-7665-46a7-8f97-112ab314f22d: start add60280-7665-46a7-8f97-112ab314f22d@group-AB933BBAE0CC-FollowerState
2023-06-07 07:10:52,021 [add60280-7665-46a7-8f97-112ab314f22d-groupManagement] INFO  util.JmxRegister (JmxRegister.java:tryRegister(44)) - Successfully registered JMX Bean with object name Ratis:service=RaftServer,group=group-AB933BBAE0CC,id=add60280-7665-46a7-8f97-112ab314f22d
2023-06-07 07:10:52,021 [add60280-7665-46a7-8f97-112ab314f22d-groupManagement] INFO  server.RaftServerConfigKeys (ConfUtils.java:logGet(46)) - raft.server.snapshot.auto.trigger.enabled = true (custom)
2023-06-07 07:10:52,021 [add60280-7665-46a7-8f97-112ab314f22d-groupManagement] INFO  server.RaftServerConfigKeys (ConfUtils.java:logGet(46)) - raft.server.snapshot.auto.trigger.threshold = 10000 (custom)
2023-06-07 07:10:52,022 [add60280-7665-46a7-8f97-112ab314f22d-groupManagement] INFO  server.RaftServerConfigKeys (ConfUtils.java:logGet(46)) - raft.server.snapshot.retention.file.num = 5 (custom)
2023-06-07 07:10:52,022 [add60280-7665-46a7-8f97-112ab314f22d-groupManagement] INFO  server.RaftServerConfigKeys (ConfUtils.java:logGet(46)) - raft.server.log.purge.upto.snapshot.index = false (default)
2023-06-07 07:10:52,023 [add60280-7665-46a7-8f97-112ab314f22d@group-AB933BBAE0CC-FollowerState] INFO  server.RaftServerConfigKeys (ConfUtils.java:logFallback(53)) - raft.server.rpc.first-election.timeout.min = 5s (fallback to raft.server.rpc.timeout.min)
2023-06-07 07:10:52,028 [add60280-7665-46a7-8f97-112ab314f22d@group-AB933BBAE0CC-FollowerState] INFO  server.RaftServerConfigKeys (ConfUtils.java:logFallback(53)) - raft.server.rpc.first-election.timeout.max = 5200ms (fallback to raft.server.rpc.timeout.max)
2023-06-07 07:10:52,028 [PipelineCommandHandlerThread-0] INFO  ratis.XceiverServerRatis (XceiverServerRatis.java:addGroup(804)) - Created group PipelineID=c312a65c-e52e-4b85-ac95-ab933bbae0cc
2023-06-07 07:10:52,036 [EndpointStateMachine task thread for /0.0.0.0:15002 - 0 ] INFO  utils.DatanodeStoreCache (DatanodeStoreCache.java:addDB(66)) - Added db /home/runner/work/ozone/ozone/hadoop-ozone/integration-test/target/test-dir/MiniOzoneClusterImpl-28223e3b-fb3b-4559-a623-43dba3cd33a0/datanode-11/data-0/containers/hdds/28223e3b-fb3b-4559-a623-43dba3cd33a0/DS-992312eb-6236-4eaf-9e60-7b96479458c2/container.db to cache
2023-06-07 07:10:52,036 [EndpointStateMachine task thread for /0.0.0.0:15002 - 0 ] INFO  volume.HddsVolume (HddsVolume.java:createDbStore(350)) - SchemaV3 db is created and loaded at /home/runner/work/ozone/ozone/hadoop-ozone/integration-test/target/test-dir/MiniOzoneClusterImpl-28223e3b-fb3b-4559-a623-43dba3cd33a0/datanode-11/data-0/containers/hdds/28223e3b-fb3b-4559-a623-43dba3cd33a0/DS-992312eb-6236-4eaf-9e60-7b96479458c2/container.db for volume DS-992312eb-6236-4eaf-9e60-7b96479458c2
2023-06-07 07:10:52,036 [EndpointStateMachine task thread for /0.0.0.0:15002 - 0 ] INFO  ozoneimpl.OzoneContainer (OzoneContainer.java:start(398)) - Attempting to start container services.
2023-06-07 07:10:52,036 [EndpointStateMachine task thread for /0.0.0.0:15002 - 0 ] INFO  ozoneimpl.OzoneContainer (OzoneContainer.java:startContainerScrub(314)) - Scheduled background container scanners and the on-demand container scanner have been disabled.
2023-06-07 07:10:52,038 [EndpointStateMachine task thread for /0.0.0.0:15002 - 0 ] INFO  replication.ReplicationServer (ReplicationServer.java:start(128)) - ReplicationServer is started using port 15115
2023-06-07 07:10:52,038 [EndpointStateMachine task thread for /0.0.0.0:15002 - 0 ] INFO  ratis.XceiverServerRatis (XceiverServerRatis.java:start(517)) - Starting XceiverServerRatis cd92a3c4-ef96-4770-b512-b3fe4045cd4b
2023-06-07 07:10:52,054 [EndpointStateMachine task thread for /0.0.0.0:15002 - 0 ] INFO  server.RaftServer (RaftServerProxy.java:startImpl(400)) - cd92a3c4-ef96-4770-b512-b3fe4045cd4b: start RPC server
2023-06-07 07:10:52,055 [EndpointStateMachine task thread for /0.0.0.0:15002 - 0 ] INFO  server.GrpcService (GrpcService.java:startImpl(302)) - cd92a3c4-ef96-4770-b512-b3fe4045cd4b: GrpcService started, listening on 15111
2023-06-07 07:10:52,056 [EndpointStateMachine task thread for /0.0.0.0:15002 - 0 ] INFO  server.GrpcService (GrpcService.java:startImpl(302)) - cd92a3c4-ef96-4770-b512-b3fe4045cd4b: GrpcService started, listening on 15113
2023-06-07 07:10:52,056 [EndpointStateMachine task thread for /0.0.0.0:15002 - 0 ] INFO  server.GrpcService (GrpcService.java:startImpl(302)) - cd92a3c4-ef96-4770-b512-b3fe4045cd4b: GrpcService started, listening on 15112
2023-06-07 07:10:52,059 [EndpointStateMachine task thread for /0.0.0.0:15002 - 0 ] INFO  ratis.XceiverServerRatis (XceiverServerRatis.java:getRealPort(543)) - XceiverServerRatis cd92a3c4-ef96-4770-b512-b3fe4045cd4b is started using port 15111 for RATIS
2023-06-07 07:10:52,059 [JvmPauseMonitor13] INFO  util.JvmPauseMonitor (JvmPauseMonitor.java:run(103)) - JvmPauseMonitor-cd92a3c4-ef96-4770-b512-b3fe4045cd4b: Started
2023-06-07 07:10:52,059 [EndpointStateMachine task thread for /0.0.0.0:15002 - 0 ] INFO  ratis.XceiverServerRatis (XceiverServerRatis.java:getRealPort(543)) - XceiverServerRatis cd92a3c4-ef96-4770-b512-b3fe4045cd4b is started using port 15112 for RATIS_ADMIN
2023-06-07 07:10:52,059 [EndpointStateMachine task thread for /0.0.0.0:15002 - 0 ] INFO  ratis.XceiverServerRatis (XceiverServerRatis.java:getRealPort(543)) - XceiverServerRatis cd92a3c4-ef96-4770-b512-b3fe4045cd4b is started using port 15113 for RATIS_SERVER
2023-06-07 07:10:52,059 [EndpointStateMachine task thread for /0.0.0.0:15002 - 0 ] INFO  ratis.XceiverServerRatis (XceiverServerRatis.java:getRealPort(543)) - XceiverServerRatis cd92a3c4-ef96-4770-b512-b3fe4045cd4b is started using port 15114 for RATIS_DATASTREAM
2023-06-07 07:10:52,061 [BlockDeletingService#0] INFO  interfaces.ContainerDeletionChoosingPolicyTemplate (ContainerDeletionChoosingPolicyTemplate.java:chooseContainerForBlockDeletion(83)) - Chosen 0/5000 blocks from 0 candidate containers.
2023-06-07 07:10:52,301 [PipelineCommandHandlerThread-0] INFO  server.RaftServer (RaftServerProxy.java:addNew(98)) - 44d8f5b4-8dfc-4dc1-b3e0-dd93457af28b: addNew group-1C2BD616FCA9:[44d8f5b4-8dfc-4dc1-b3e0-dd93457af28b|rpc:10.1.0.31:15023|admin:10.1.0.31:15022|client:10.1.0.31:15021|dataStream:10.1.0.31:15024|priority:1|startupRole:FOLLOWER] returns group-1C2BD616FCA9:java.util.concurrent.CompletableFuture@5b2fdbdd[Not completed]
2023-06-07 07:10:52,303 [44d8f5b4-8dfc-4dc1-b3e0-dd93457af28b-groupManagement] INFO  server.RaftServer$Division (RaftServerImpl.java:<init>(198)) - 44d8f5b4-8dfc-4dc1-b3e0-dd93457af28b: new RaftServerImpl for group-1C2BD616FCA9:[44d8f5b4-8dfc-4dc1-b3e0-dd93457af28b|rpc:10.1.0.31:15023|admin:10.1.0.31:15022|client:10.1.0.31:15021|dataStream:10.1.0.31:15024|priority:1|startupRole:FOLLOWER] with ContainerStateMachine:uninitialized
2023-06-07 07:10:52,303 [44d8f5b4-8dfc-4dc1-b3e0-dd93457af28b-groupManagement] INFO  server.RaftServerConfigKeys (ConfUtils.java:logGet(46)) - raft.server.rpc.timeout.min = 5s (custom)
2023-06-07 07:10:52,303 [44d8f5b4-8dfc-4dc1-b3e0-dd93457af28b-groupManagement] INFO  server.RaftServerConfigKeys (ConfUtils.java:logGet(46)) - raft.server.rpc.timeout.max = 5200ms (custom)
2023-06-07 07:10:52,303 [44d8f5b4-8dfc-4dc1-b3e0-dd93457af28b-groupManagement] INFO  server.RaftServerConfigKeys (ConfUtils.java:logGet(46)) - raft.server.rpc.sleep.time = 25ms (default)
2023-06-07 07:10:52,303 [44d8f5b4-8dfc-4dc1-b3e0-dd93457af28b-groupManagement] INFO  server.RaftServerConfigKeys (ConfUtils.java:logGet(46)) - raft.server.rpc.slowness.timeout = 300s (custom)
2023-06-07 07:10:52,303 [44d8f5b4-8dfc-4dc1-b3e0-dd93457af28b-groupManagement] INFO  server.RaftServerConfigKeys (ConfUtils.java:logGet(46)) - raft.server.leaderelection.leader.step-down.wait-time = 10s (default)
2023-06-07 07:10:52,303 [44d8f5b4-8dfc-4dc1-b3e0-dd93457af28b-groupManagement] INFO  server.RaftServerConfigKeys (ConfUtils.java:logGet(46)) - raft.server.sleep.deviation.threshold = 300ms (default)
2023-06-07 07:10:52,303 [44d8f5b4-8dfc-4dc1-b3e0-dd93457af28b-groupManagement] INFO  server.RaftServer$Division (ServerState.java:<init>(120)) - 44d8f5b4-8dfc-4dc1-b3e0-dd93457af28b@group-1C2BD616FCA9: ConfigurationManager, init=-1: peers:[44d8f5b4-8dfc-4dc1-b3e0-dd93457af28b|rpc:10.1.0.31:15023|admin:10.1.0.31:15022|client:10.1.0.31:15021|dataStream:10.1.0.31:15024|priority:1|startupRole:FOLLOWER]|listeners:[], old=null, confs=<EMPTY_MAP>
2023-06-07 07:10:52,303 [44d8f5b4-8dfc-4dc1-b3e0-dd93457af28b-groupManagement] INFO  server.RaftServerConfigKeys (ConfUtils.java:logGet(46)) - raft.server.storage.dir = [/home/runner/work/ozone/ozone/hadoop-ozone/integration-test/target/test-dir/MiniOzoneClusterImpl-28223e3b-fb3b-4559-a623-43dba3cd33a0/datanode-1/data/ratis] (custom)
2023-06-07 07:10:52,304 [44d8f5b4-8dfc-4dc1-b3e0-dd93457af28b-groupManagement] INFO  server.RaftServerConfigKeys (ConfUtils.java:logGet(46)) - raft.server.log.corruption.policy = EXCEPTION (default)
2023-06-07 07:10:52,305 [44d8f5b4-8dfc-4dc1-b3e0-dd93457af28b-groupManagement] INFO  server.RaftServerConfigKeys (ConfUtils.java:logGet(46)) - raft.server.storage.free-space.min = 0MB (=0) (default)
2023-06-07 07:10:52,305 [44d8f5b4-8dfc-4dc1-b3e0-dd93457af28b-groupManagement] INFO  server.RaftServerConfigKeys (ConfUtils.java:logGet(46)) - raft.server.notification.no-leader.timeout = 300s (custom)
2023-06-07 07:10:52,305 [44d8f5b4-8dfc-4dc1-b3e0-dd93457af28b-groupManagement] INFO  server.RaftServerConfigKeys (ConfUtils.java:logGet(46)) - raft.server.read.timeout = 10s (default)
2023-06-07 07:10:52,305 [44d8f5b4-8dfc-4dc1-b3e0-dd93457af28b-groupManagement] INFO  server.RaftServerConfigKeys (ConfUtils.java:logGet(46)) - raft.server.retrycache.expirytime = 600000ms (custom)
2023-06-07 07:10:52,305 [44d8f5b4-8dfc-4dc1-b3e0-dd93457af28b-groupManagement] INFO  server.RaftServerConfigKeys (ConfUtils.java:logGet(46)) - raft.server.retrycache.statistics.expirytime = 100μs (default)
2023-06-07 07:10:52,305 [44d8f5b4-8dfc-4dc1-b3e0-dd93457af28b-groupManagement] INFO  server.RaftServerConfigKeys (ConfUtils.java:logGet(46)) - raft.server.read.option = DEFAULT (default)
2023-06-07 07:10:52,311 [44d8f5b4-8dfc-4dc1-b3e0-dd93457af28b-groupManagement] INFO  server.RaftServerConfigKeys (ConfUtils.java:logGet(46)) - raft.server.rpc.request.timeout = 60s (custom)
2023-06-07 07:10:52,312 [44d8f5b4-8dfc-4dc1-b3e0-dd93457af28b-groupManagement] INFO  server.RaftServerConfigKeys (ConfUtils.java:logGet(46)) - raft.server.log.appender.install.snapshot.enabled = false (custom)
2023-06-07 07:10:52,312 [44d8f5b4-8dfc-4dc1-b3e0-dd93457af28b-groupManagement] INFO  server.RaftServerConfigKeys (ConfUtils.java:logGet(46)) - raft.server.threadpool.server.cached = true (default)
2023-06-07 07:10:52,312 [44d8f5b4-8dfc-4dc1-b3e0-dd93457af28b-groupManagement] INFO  server.RaftServerConfigKeys (ConfUtils.java:logGet(46)) - raft.server.threadpool.server.size = 0 (default)
2023-06-07 07:10:52,312 [44d8f5b4-8dfc-4dc1-b3e0-dd93457af28b-groupManagement] INFO  server.RaftServerConfigKeys (ConfUtils.java:logGet(46)) - raft.server.threadpool.client.cached = true (default)
2023-06-07 07:10:52,312 [44d8f5b4-8dfc-4dc1-b3e0-dd93457af28b-groupManagement] INFO  server.RaftServerConfigKeys (ConfUtils.java:logGet(46)) - raft.server.threadpool.client.size = 0 (default)
2023-06-07 07:10:52,312 [44d8f5b4-8dfc-4dc1-b3e0-dd93457af28b-groupManagement] INFO  storage.RaftStorageDirectory (RaftStorageDirectoryImpl.java:analyzeStorage(137)) - The storage directory /home/runner/work/ozone/ozone/hadoop-ozone/integration-test/target/test-dir/MiniOzoneClusterImpl-28223e3b-fb3b-4559-a623-43dba3cd33a0/datanode-1/data/ratis/b864b66a-da5b-4620-82ee-1c2bd616fca9 does not exist. Creating ...
2023-06-07 07:10:52,316 [44d8f5b4-8dfc-4dc1-b3e0-dd93457af28b-groupManagement] INFO  storage.RaftStorageDirectory (RaftStorageDirectoryImpl.java:tryLock(231)) - Lock on /home/runner/work/ozone/ozone/hadoop-ozone/integration-test/target/test-dir/MiniOzoneClusterImpl-28223e3b-fb3b-4559-a623-43dba3cd33a0/datanode-1/data/ratis/b864b66a-da5b-4620-82ee-1c2bd616fca9/in_use.lock acquired by nodename 65108@fv-az246-755
2023-06-07 07:10:52,317 [44d8f5b4-8dfc-4dc1-b3e0-dd93457af28b-groupManagement] INFO  storage.RaftStorage (RaftStorageImpl.java:format(96)) - Storage directory /home/runner/work/ozone/ozone/hadoop-ozone/integration-test/target/test-dir/MiniOzoneClusterImpl-28223e3b-fb3b-4559-a623-43dba3cd33a0/datanode-1/data/ratis/b864b66a-da5b-4620-82ee-1c2bd616fca9 has been successfully formatted.
2023-06-07 07:10:52,321 [44d8f5b4-8dfc-4dc1-b3e0-dd93457af28b-groupManagement] INFO  ratis.ContainerStateMachine (ContainerStateMachine.java:loadSnapshot(262)) - group-1C2BD616FCA9: The snapshot info is null. Setting the last applied indexto:(t:0, i:~)
2023-06-07 07:10:52,323 [44d8f5b4-8dfc-4dc1-b3e0-dd93457af28b-groupManagement] INFO  server.RaftServerConfigKeys (ConfUtils.java:logGet(46)) - raft.server.log.use.memory = false (default)
2023-06-07 07:10:52,323 [44d8f5b4-8dfc-4dc1-b3e0-dd93457af28b-groupManagement] INFO  server.RaftServerConfigKeys (ConfUtils.java:logGet(46)) - raft.server.log.purge.gap = 1000000 (custom)
2023-06-07 07:10:52,323 [44d8f5b4-8dfc-4dc1-b3e0-dd93457af28b-groupManagement] INFO  server.RaftServerConfigKeys (ConfUtils.java:logGet(46)) - raft.server.log.appender.buffer.byte-limit = 33554432 (custom)
2023-06-07 07:10:52,323 [44d8f5b4-8dfc-4dc1-b3e0-dd93457af28b-groupManagement] INFO  server.RaftServerConfigKeys (ConfUtils.java:logGet(46)) - raft.server.log.statemachine.data.read.timeout = 1000ms (default)
2023-06-07 07:10:52,323 [44d8f5b4-8dfc-4dc1-b3e0-dd93457af28b-groupManagement] INFO  server.RaftServerConfigKeys (ConfUtils.java:logGet(46)) - raft.server.log.purge.preservation.log.num = 0 (default)
2023-06-07 07:10:52,323 [44d8f5b4-8dfc-4dc1-b3e0-dd93457af28b-groupManagement] INFO  server.RaftServerConfigKeys (ConfUtils.java:logGet(46)) - raft.server.log.segment.size.max = 1048576 (custom)
2023-06-07 07:10:52,324 [44d8f5b4-8dfc-4dc1-b3e0-dd93457af28b-groupManagement] INFO  server.RaftServerConfigKeys (ConfUtils.java:logGet(46)) - raft.server.log.segment.cache.num.max = 2 (custom)
2023-06-07 07:10:52,324 [44d8f5b4-8dfc-4dc1-b3e0-dd93457af28b-groupManagement] INFO  server.RaftServerConfigKeys (ConfUtils.java:logGet(46)) - raft.server.log.segment.cache.size.max = 200MB (=209715200) (default)
2023-06-07 07:10:52,324 [44d8f5b4-8dfc-4dc1-b3e0-dd93457af28b-groupManagement] INFO  server.RaftServerConfigKeys (ConfUtils.java:logGet(46)) - raft.server.log.appender.buffer.byte-limit = 33554432 (custom)
2023-06-07 07:10:52,325 [44d8f5b4-8dfc-4dc1-b3e0-dd93457af28b-groupManagement] INFO  segmented.SegmentedRaftLogWorker (SegmentedRaftLogWorker.java:<init>(188)) - new 44d8f5b4-8dfc-4dc1-b3e0-dd93457af28b@group-1C2BD616FCA9-SegmentedRaftLogWorker for RaftStorageImpl:Storage Directory /home/runner/work/ozone/ozone/hadoop-ozone/integration-test/target/test-dir/MiniOzoneClusterImpl-28223e3b-fb3b-4559-a623-43dba3cd33a0/datanode-1/data/ratis/b864b66a-da5b-4620-82ee-1c2bd616fca9
2023-06-07 07:10:52,325 [44d8f5b4-8dfc-4dc1-b3e0-dd93457af28b-groupManagement] INFO  server.RaftServerConfigKeys (ConfUtils.java:logGet(46)) - raft.server.log.queue.byte-limit = 4294967296 (custom)
2023-06-07 07:10:52,325 [44d8f5b4-8dfc-4dc1-b3e0-dd93457af28b-groupManagement] INFO  server.RaftServerConfigKeys (ConfUtils.java:logGet(46)) - raft.server.log.queue.element-limit = 1024 (custom)
2023-06-07 07:10:52,325 [44d8f5b4-8dfc-4dc1-b3e0-dd93457af28b-groupManagement] INFO  server.RaftServerConfigKeys (ConfUtils.java:logGet(46)) - raft.server.log.segment.size.max = 1048576 (custom)
2023-06-07 07:10:52,325 [44d8f5b4-8dfc-4dc1-b3e0-dd93457af28b-groupManagement] INFO  server.RaftServerConfigKeys (ConfUtils.java:logGet(46)) - raft.server.log.preallocated.size = 16384 (custom)
2023-06-07 07:10:52,325 [44d8f5b4-8dfc-4dc1-b3e0-dd93457af28b-groupManagement] INFO  server.RaftServerConfigKeys (ConfUtils.java:logGet(46)) - raft.server.log.force.sync.num = 128 (default)
2023-06-07 07:10:52,325 [44d8f5b4-8dfc-4dc1-b3e0-dd93457af28b-groupManagement] INFO  server.RaftServerConfigKeys (ConfUtils.java:logGet(46)) - raft.server.log.statemachine.data.sync = true (default)
2023-06-07 07:10:52,325 [44d8f5b4-8dfc-4dc1-b3e0-dd93457af28b-groupManagement] INFO  server.RaftServerConfigKeys (ConfUtils.java:logGet(46)) - raft.server.log.statemachine.data.sync.timeout = 10s (default)
2023-06-07 07:10:52,325 [44d8f5b4-8dfc-4dc1-b3e0-dd93457af28b-groupManagement] INFO  server.RaftServerConfigKeys (ConfUtils.java:logGet(46)) - raft.server.log.statemachine.data.sync.timeout.retry = -1 (default)
2023-06-07 07:10:52,327 [EventQueue-PipelineReportForPipelineReportHandler] INFO  pipeline.PipelineManagerImpl (PipelineManagerImpl.java:openPipeline(367)) - Pipeline Pipeline[ Id: b864b66a-da5b-4620-82ee-1c2bd616fca9, Nodes: 44d8f5b4-8dfc-4dc1-b3e0-dd93457af28b(fv-az246-755.dmzl2ssfaldu3choa5k4qgfeyh.jx.internal.cloudapp.net/10.1.0.31), ReplicationConfig: RATIS/ONE, State:ALLOCATED, leaderId:44d8f5b4-8dfc-4dc1-b3e0-dd93457af28b, CreationTimestamp2023-06-07T07:10:49.334Z[Etc/UTC]] moved to OPEN state
2023-06-07 07:10:52,327 [44d8f5b4-8dfc-4dc1-b3e0-dd93457af28b-groupManagement] INFO  server.RaftServerConfigKeys (ConfUtils.java:logGet(46)) - raft.server.log.write.buffer.size = 1048576 (custom)
2023-06-07 07:10:52,328 [EventQueue-OpenPipelineForHealthyPipelineSafeModeRule] INFO  safemode.SCMSafeModeManager (HealthyPipelineSafeModeRule.java:process(137)) - SCM in safe mode. Healthy pipelines reported count is 0, required healthy pipeline reported count is 1
2023-06-07 07:10:52,328 [44d8f5b4-8dfc-4dc1-b3e0-dd93457af28b-groupManagement] INFO  server.RaftServerConfigKeys (ConfUtils.java:logGet(46)) - raft.server.log.appender.buffer.byte-limit = 33554432 (custom)
2023-06-07 07:10:52,347 [44d8f5b4-8dfc-4dc1-b3e0-dd93457af28b-groupManagement] INFO  server.RaftServerConfigKeys (ConfUtils.java:logGet(46)) - raft.server.log.unsafe-flush.enabled = false (default)
2023-06-07 07:10:52,347 [44d8f5b4-8dfc-4dc1-b3e0-dd93457af28b-groupManagement] INFO  server.RaftServerConfigKeys (ConfUtils.java:logGet(46)) - raft.server.log.async-flush.enabled = false (default)
2023-06-07 07:10:52,347 [44d8f5b4-8dfc-4dc1-b3e0-dd93457af28b-groupManagement] INFO  server.RaftServerConfigKeys (ConfUtils.java:logGet(46)) - raft.server.log.statemachine.data.caching.enabled = true (custom)
2023-06-07 07:10:52,347 [44d8f5b4-8dfc-4dc1-b3e0-dd93457af28b-groupManagement] INFO  segmented.SegmentedRaftLogWorker (SegmentedRaftLogWorker.java:lambda$new$0(135)) - 44d8f5b4-8dfc-4dc1-b3e0-dd93457af28b@group-1C2BD616FCA9-SegmentedRaftLogWorker: flushIndex: setUnconditionally 0 -> -1
2023-06-07 07:10:52,347 [44d8f5b4-8dfc-4dc1-b3e0-dd93457af28b-groupManagement] INFO  segmented.SegmentedRaftLogWorker (SegmentedRaftLogWorker.java:lambda$new$0(135)) - 44d8f5b4-8dfc-4dc1-b3e0-dd93457af28b@group-1C2BD616FCA9-SegmentedRaftLogWorker: safeCacheEvictIndex: setUnconditionally 0 -> -1
2023-06-07 07:10:52,354 [44d8f5b4-8dfc-4dc1-b3e0-dd93457af28b-groupManagement] INFO  server.RaftServer$Division (RaftServerImpl.java:start(342)) - 44d8f5b4-8dfc-4dc1-b3e0-dd93457af28b@group-1C2BD616FCA9: start as a follower, conf=-1: peers:[44d8f5b4-8dfc-4dc1-b3e0-dd93457af28b|rpc:10.1.0.31:15023|admin:10.1.0.31:15022|client:10.1.0.31:15021|dataStream:10.1.0.31:15024|priority:1|startupRole:FOLLOWER]|listeners:[], old=null
2023-06-07 07:10:52,355 [44d8f5b4-8dfc-4dc1-b3e0-dd93457af28b-groupManagement] INFO  server.RaftServer$Division (RaftServerImpl.java:setRole(329)) - 44d8f5b4-8dfc-4dc1-b3e0-dd93457af28b@group-1C2BD616FCA9: changes role from      null to FOLLOWER at term 0 for startAsFollower
2023-06-07 07:10:52,355 [44d8f5b4-8dfc-4dc1-b3e0-dd93457af28b-groupManagement] INFO  impl.RoleInfo (RoleInfo.java:updateAndGet(139)) - 44d8f5b4-8dfc-4dc1-b3e0-dd93457af28b: start 44d8f5b4-8dfc-4dc1-b3e0-dd93457af28b@group-1C2BD616FCA9-FollowerState
2023-06-07 07:10:52,355 [44d8f5b4-8dfc-4dc1-b3e0-dd93457af28b@group-1C2BD616FCA9-FollowerState] INFO  server.RaftServerConfigKeys (ConfUtils.java:logFallback(53)) - raft.server.rpc.first-election.timeout.min = 5s (fallback to raft.server.rpc.timeout.min)
2023-06-07 07:10:52,358 [IPC Server handler 5 on default port 15002] INFO  net.NetworkTopologyImpl (NetworkTopologyImpl.java:add(112)) - Added a new node: /default-rack/20fd9795-0abc-4083-965d-6ba83b10546c
2023-06-07 07:10:52,355 [44d8f5b4-8dfc-4dc1-b3e0-dd93457af28b-groupManagement] INFO  util.JmxRegister (JmxRegister.java:tryRegister(44)) - Successfully registered JMX Bean with object name Ratis:service=RaftServer,group=group-1C2BD616FCA9,id=44d8f5b4-8dfc-4dc1-b3e0-dd93457af28b
2023-06-07 07:10:52,360 [IPC Server handler 5 on default port 15002] INFO  node.SCMNodeManager (SCMNodeManager.java:register(407)) - Registered Data node : 20fd9795-0abc-4083-965d-6ba83b10546c{ip: 10.1.0.31, host: fv-az246-755.dmzl2ssfaldu3choa5k4qgfeyh.jx.internal.cloudapp.net, ports: [HTTP=15081, CLIENT_RPC=15082, REPLICATION=15088, RATIS=15084, RATIS_ADMIN=15085, RATIS_SERVER=15086, RATIS_DATASTREAM=15087, STANDALONE=15083], networkLocation: /default-rack, certSerialId: null, persistedOpState: null, persistedOpStateExpiryEpochSec: 0}
2023-06-07 07:10:52,360 [44d8f5b4-8dfc-4dc1-b3e0-dd93457af28b-groupManagement] INFO  server.RaftServerConfigKeys (ConfUtils.java:logGet(46)) - raft.server.snapshot.auto.trigger.enabled = true (custom)
2023-06-07 07:10:52,360 [44d8f5b4-8dfc-4dc1-b3e0-dd93457af28b-groupManagement] INFO  server.RaftServerConfigKeys (ConfUtils.java:logGet(46)) - raft.server.snapshot.auto.trigger.threshold = 10000 (custom)
2023-06-07 07:10:52,360 [44d8f5b4-8dfc-4dc1-b3e0-dd93457af28b-groupManagement] INFO  server.RaftServerConfigKeys (ConfUtils.java:logGet(46)) - raft.server.snapshot.retention.file.num = 5 (custom)
2023-06-07 07:10:52,360 [44d8f5b4-8dfc-4dc1-b3e0-dd93457af28b-groupManagement] INFO  server.RaftServerConfigKeys (ConfUtils.java:logGet(46)) - raft.server.log.purge.upto.snapshot.index = false (default)
2023-06-07 07:10:52,361 [44d8f5b4-8dfc-4dc1-b3e0-dd93457af28b@group-1C2BD616FCA9-FollowerState] INFO  server.RaftServerConfigKeys (ConfUtils.java:logFallback(53)) - raft.server.rpc.first-election.timeout.max = 5200ms (fallback to raft.server.rpc.timeout.max)
2023-06-07 07:10:52,365 [PipelineCommandHandlerThread-0] INFO  ratis.XceiverServerRatis (XceiverServerRatis.java:addGroup(804)) - Created group PipelineID=b864b66a-da5b-4620-82ee-1c2bd616fca9
2023-06-07 07:10:52,371 [EventQueue-NewNodeForNewNodeHandler] INFO  pipeline.BackgroundPipelineCreator (BackgroundPipelineCreator.java:notifyEventTriggered(276)) - trigger a one-shot run on RatisPipelineUtilsThread.
2023-06-07 07:10:52,371 [PipelineCommandHandlerThread-0] INFO  commandhandler.CreatePipelineCommandHandler (CreatePipelineCommandHandler.java:lambda$handle$2(124)) - Created Pipeline RATIS ONE PipelineID=b864b66a-da5b-4620-82ee-1c2bd616fca9.
2023-06-07 07:10:52,374 [PipelineCommandHandlerThread-0] INFO  server.RaftServer (RaftServerProxy.java:addNew(98)) - 44d8f5b4-8dfc-4dc1-b3e0-dd93457af28b: addNew group-AB933BBAE0CC:[add60280-7665-46a7-8f97-112ab314f22d|rpc:10.1.0.31:15014|admin:10.1.0.31:15013|client:10.1.0.31:15012|dataStream:10.1.0.31:15015|priority:1|startupRole:FOLLOWER, 44d8f5b4-8dfc-4dc1-b3e0-dd93457af28b|rpc:10.1.0.31:15023|admin:10.1.0.31:15022|client:10.1.0.31:15021|dataStream:10.1.0.31:15024|priority:0|startupRole:FOLLOWER, 2912fda5-c0b1-4d9e-ac44-fd313bf4d5ec|rpc:10.1.0.31:15032|admin:10.1.0.31:15031|client:10.1.0.31:15030|dataStream:10.1.0.31:15033|priority:0|startupRole:FOLLOWER] returns group-AB933BBAE0CC:java.util.concurrent.CompletableFuture@5f105460[Not completed]
2023-06-07 07:10:52,374 [RatisPipelineUtilsThread - 0] INFO  pipeline.RatisPipelineProvider (RatisPipelineProvider.java:lambda$create$0(206)) - Sending CreatePipelineCommand for pipeline:PipelineID=a92714d7-7814-499a-bafe-aca54d5dce50 to datanode:20fd9795-0abc-4083-965d-6ba83b10546c
2023-06-07 07:10:52,375 [44d8f5b4-8dfc-4dc1-b3e0-dd93457af28b-groupManagement] INFO  server.RaftServer$Division (RaftServerImpl.java:<init>(198)) - 44d8f5b4-8dfc-4dc1-b3e0-dd93457af28b: new RaftServerImpl for group-AB933BBAE0CC:[add60280-7665-46a7-8f97-112ab314f22d|rpc:10.1.0.31:15014|admin:10.1.0.31:15013|client:10.1.0.31:15012|dataStream:10.1.0.31:15015|priority:1|startupRole:FOLLOWER, 44d8f5b4-8dfc-4dc1-b3e0-dd93457af28b|rpc:10.1.0.31:15023|admin:10.1.0.31:15022|client:10.1.0.31:15021|dataStream:10.1.0.31:15024|priority:0|startupRole:FOLLOWER, 2912fda5-c0b1-4d9e-ac44-fd313bf4d5ec|rpc:10.1.0.31:15032|admin:10.1.0.31:15031|client:10.1.0.31:15030|dataStream:10.1.0.31:15033|priority:0|startupRole:FOLLOWER] with ContainerStateMachine:uninitialized
2023-06-07 07:10:52,377 [RatisPipelineUtilsThread - 0] INFO  pipeline.PipelineStateManagerImpl (PipelineStateManagerImpl.java:addPipeline(103)) - Created pipeline Pipeline[ Id: a92714d7-7814-499a-bafe-aca54d5dce50, Nodes: 20fd9795-0abc-4083-965d-6ba83b10546c(fv-az246-755.dmzl2ssfaldu3choa5k4qgfeyh.jx.internal.cloudapp.net/10.1.0.31), ReplicationConfig: RATIS/ONE, State:ALLOCATED, leaderId:, CreationTimestamp2023-06-07T07:10:52.374Z[Etc/UTC]].
2023-06-07 07:10:52,382 [44d8f5b4-8dfc-4dc1-b3e0-dd93457af28b-groupManagement] INFO  server.RaftServerConfigKeys (ConfUtils.java:logGet(46)) - raft.server.rpc.timeout.min = 5s (custom)
2023-06-07 07:10:52,384 [44d8f5b4-8dfc-4dc1-b3e0-dd93457af28b-groupManagement] INFO  server.RaftServerConfigKeys (ConfUtils.java:logGet(46)) - raft.server.rpc.timeout.max = 5200ms (custom)
2023-06-07 07:10:52,384 [44d8f5b4-8dfc-4dc1-b3e0-dd93457af28b-groupManagement] INFO  server.RaftServerConfigKeys (ConfUtils.java:logGet(46)) - raft.server.rpc.sleep.time = 25ms (default)
2023-06-07 07:10:52,384 [44d8f5b4-8dfc-4dc1-b3e0-dd93457af28b-groupManagement] INFO  server.RaftServerConfigKeys (ConfUtils.java:logGet(46)) - raft.server.rpc.slowness.timeout = 300s (custom)
2023-06-07 07:10:52,384 [44d8f5b4-8dfc-4dc1-b3e0-dd93457af28b-groupManagement] INFO  server.RaftServerConfigKeys (ConfUtils.java:logGet(46)) - raft.server.leaderelection.leader.step-down.wait-time = 10s (default)
2023-06-07 07:10:52,384 [44d8f5b4-8dfc-4dc1-b3e0-dd93457af28b-groupManagement] INFO  server.RaftServerConfigKeys (ConfUtils.java:logGet(46)) - raft.server.sleep.deviation.threshold = 300ms (default)
2023-06-07 07:10:52,384 [44d8f5b4-8dfc-4dc1-b3e0-dd93457af28b-groupManagement] INFO  server.RaftServer$Division (ServerState.java:<init>(120)) - 44d8f5b4-8dfc-4dc1-b3e0-dd93457af28b@group-AB933BBAE0CC: ConfigurationManager, init=-1: peers:[add60280-7665-46a7-8f97-112ab314f22d|rpc:10.1.0.31:15014|admin:10.1.0.31:15013|client:10.1.0.31:15012|dataStream:10.1.0.31:15015|priority:1|startupRole:FOLLOWER, 44d8f5b4-8dfc-4dc1-b3e0-dd93457af28b|rpc:10.1.0.31:15023|admin:10.1.0.31:15022|client:10.1.0.31:15021|dataStream:10.1.0.31:15024|priority:0|startupRole:FOLLOWER, 2912fda5-c0b1-4d9e-ac44-fd313bf4d5ec|rpc:10.1.0.31:15032|admin:10.1.0.31:15031|client:10.1.0.31:15030|dataStream:10.1.0.31:15033|priority:0|startupRole:FOLLOWER]|listeners:[], old=null, confs=<EMPTY_MAP>
2023-06-07 07:10:52,384 [44d8f5b4-8dfc-4dc1-b3e0-dd93457af28b-groupManagement] INFO  server.RaftServerConfigKeys (ConfUtils.java:logGet(46)) - raft.server.storage.dir = [/home/runner/work/ozone/ozone/hadoop-ozone/integration-test/target/test-dir/MiniOzoneClusterImpl-28223e3b-fb3b-4559-a623-43dba3cd33a0/datanode-1/data/ratis] (custom)
2023-06-07 07:10:52,384 [44d8f5b4-8dfc-4dc1-b3e0-dd93457af28b-groupManagement] INFO  server.RaftServerConfigKeys (ConfUtils.java:logGet(46)) - raft.server.log.corruption.policy = EXCEPTION (default)
2023-06-07 07:10:52,384 [44d8f5b4-8dfc-4dc1-b3e0-dd93457af28b-groupManagement] INFO  server.RaftServerConfigKeys (ConfUtils.java:logGet(46)) - raft.server.storage.free-space.min = 0MB (=0) (default)
2023-06-07 07:10:52,384 [44d8f5b4-8dfc-4dc1-b3e0-dd93457af28b-groupManagement] INFO  server.RaftServerConfigKeys (ConfUtils.java:logGet(46)) - raft.server.notification.no-leader.timeout = 300s (custom)
2023-06-07 07:10:52,385 [44d8f5b4-8dfc-4dc1-b3e0-dd93457af28b-groupManagement] INFO  server.RaftServerConfigKeys (ConfUtils.java:logGet(46)) - raft.server.read.timeout = 10s (default)
2023-06-07 07:10:52,385 [44d8f5b4-8dfc-4dc1-b3e0-dd93457af28b-groupManagement] INFO  server.RaftServerConfigKeys (ConfUtils.java:logGet(46)) - raft.server.retrycache.expirytime = 600000ms (custom)
2023-06-07 07:10:52,385 [44d8f5b4-8dfc-4dc1-b3e0-dd93457af28b-groupManagement] INFO  server.RaftServerConfigKeys (ConfUtils.java:logGet(46)) - raft.server.retrycache.statistics.expirytime = 100μs (default)
2023-06-07 07:10:52,385 [44d8f5b4-8dfc-4dc1-b3e0-dd93457af28b-groupManagement] INFO  server.RaftServerConfigKeys (ConfUtils.java:logGet(46)) - raft.server.read.option = DEFAULT (default)
2023-06-07 07:10:52,388 [44d8f5b4-8dfc-4dc1-b3e0-dd93457af28b-groupManagement] INFO  server.RaftServerConfigKeys (ConfUtils.java:logGet(46)) - raft.server.rpc.request.timeout = 60s (custom)
2023-06-07 07:10:52,388 [44d8f5b4-8dfc-4dc1-b3e0-dd93457af28b-groupManagement] INFO  server.RaftServerConfigKeys (ConfUtils.java:logGet(46)) - raft.server.log.appender.install.snapshot.enabled = false (custom)
2023-06-07 07:10:52,388 [44d8f5b4-8dfc-4dc1-b3e0-dd93457af28b-groupManagement] INFO  server.RaftServerConfigKeys (ConfUtils.java:logGet(46)) - raft.server.threadpool.server.cached = true (default)
2023-06-07 07:10:52,388 [44d8f5b4-8dfc-4dc1-b3e0-dd93457af28b-groupManagement] INFO  server.RaftServerConfigKeys (ConfUtils.java:logGet(46)) - raft.server.threadpool.server.size = 0 (default)
2023-06-07 07:10:52,388 [44d8f5b4-8dfc-4dc1-b3e0-dd93457af28b-groupManagement] INFO  server.RaftServerConfigKeys (ConfUtils.java:logGet(46)) - raft.server.threadpool.client.cached = true (default)
2023-06-07 07:10:52,388 [44d8f5b4-8dfc-4dc1-b3e0-dd93457af28b-groupManagement] INFO  server.RaftServerConfigKeys (ConfUtils.java:logGet(46)) - raft.server.threadpool.client.size = 0 (default)
2023-06-07 07:10:52,388 [44d8f5b4-8dfc-4dc1-b3e0-dd93457af28b-groupManagement] INFO  storage.RaftStorageDirectory (RaftStorageDirectoryImpl.java:analyzeStorage(137)) - The storage directory /home/runner/work/ozone/ozone/hadoop-ozone/integration-test/target/test-dir/MiniOzoneClusterImpl-28223e3b-fb3b-4559-a623-43dba3cd33a0/datanode-1/data/ratis/c312a65c-e52e-4b85-ac95-ab933bbae0cc does not exist. Creating ...
2023-06-07 07:10:52,390 [44d8f5b4-8dfc-4dc1-b3e0-dd93457af28b-groupManagement] INFO  storage.RaftStorageDirectory (RaftStorageDirectoryImpl.java:tryLock(231)) - Lock on /home/runner/work/ozone/ozone/hadoop-ozone/integration-test/target/test-dir/MiniOzoneClusterImpl-28223e3b-fb3b-4559-a623-43dba3cd33a0/datanode-1/data/ratis/c312a65c-e52e-4b85-ac95-ab933bbae0cc/in_use.lock acquired by nodename 65108@fv-az246-755
2023-06-07 07:10:52,392 [44d8f5b4-8dfc-4dc1-b3e0-dd93457af28b-groupManagement] INFO  storage.RaftStorage (RaftStorageImpl.java:format(96)) - Storage directory /home/runner/work/ozone/ozone/hadoop-ozone/integration-test/target/test-dir/MiniOzoneClusterImpl-28223e3b-fb3b-4559-a623-43dba3cd33a0/datanode-1/data/ratis/c312a65c-e52e-4b85-ac95-ab933bbae0cc has been successfully formatted.
2023-06-07 07:10:52,393 [RatisPipelineUtilsThread - 0] INFO  pipeline.RatisPipelineProvider (RatisPipelineProvider.java:lambda$create$0(206)) - Sending CreatePipelineCommand for pipeline:PipelineID=c319041b-25dc-4b19-96cc-d03428c1b187 to datanode:1c3f76c4-a361-44c3-a437-710dc7a71a87
2023-06-07 07:10:52,398 [RatisPipelineUtilsThread - 0] INFO  pipeline.RatisPipelineProvider (RatisPipelineProvider.java:lambda$create$0(206)) - Sending CreatePipelineCommand for pipeline:PipelineID=c319041b-25dc-4b19-96cc-d03428c1b187 to datanode:8757bef3-5796-4279-bd7f-82165642237f
2023-06-07 07:10:52,398 [RatisPipelineUtilsThread - 0] INFO  pipeline.RatisPipelineProvider (RatisPipelineProvider.java:lambda$create$0(206)) - Sending CreatePipelineCommand for pipeline:PipelineID=c319041b-25dc-4b19-96cc-d03428c1b187 to datanode:20fd9795-0abc-4083-965d-6ba83b10546c
2023-06-07 07:10:52,399 [EventQueue-OpenPipelineForHealthyPipelineSafeModeRule] INFO  safemode.SCMSafeModeManager (HealthyPipelineSafeModeRule.java:process(137)) - SCM in safe mode. Healthy pipelines reported count is 0, required healthy pipeline reported count is 1
2023-06-07 07:10:52,400 [RatisPipelineUtilsThread - 0] INFO  pipeline.PipelineStateManagerImpl (PipelineStateManagerImpl.java:addPipeline(103)) - Created pipeline Pipeline[ Id: c319041b-25dc-4b19-96cc-d03428c1b187, Nodes: 1c3f76c4-a361-44c3-a437-710dc7a71a87(fv-az246-755.dmzl2ssfaldu3choa5k4qgfeyh.jx.internal.cloudapp.net/10.1.0.31)8757bef3-5796-4279-bd7f-82165642237f(fv-az246-755.dmzl2ssfaldu3choa5k4qgfeyh.jx.internal.cloudapp.net/10.1.0.31)20fd9795-0abc-4083-965d-6ba83b10546c(fv-az246-755.dmzl2ssfaldu3choa5k4qgfeyh.jx.internal.cloudapp.net/10.1.0.31), ReplicationConfig: RATIS/THREE, State:ALLOCATED, leaderId:, CreationTimestamp2023-06-07T07:10:52.393Z[Etc/UTC]].
2023-06-07 07:10:52,401 [44d8f5b4-8dfc-4dc1-b3e0-dd93457af28b-groupManagement] INFO  ratis.ContainerStateMachine (ContainerStateMachine.java:loadSnapshot(262)) - group-AB933BBAE0CC: The snapshot info is null. Setting the last applied indexto:(t:0, i:~)
2023-06-07 07:10:52,401 [44d8f5b4-8dfc-4dc1-b3e0-dd93457af28b-groupManagement] INFO  server.RaftServerConfigKeys (ConfUtils.java:logGet(46)) - raft.server.log.use.memory = false (default)
2023-06-07 07:10:52,401 [RatisPipelineUtilsThread - 0] INFO  pipeline.RatisPipelineProvider (RatisPipelineProvider.java:lambda$create$0(206)) - Sending CreatePipelineCommand for pipeline:PipelineID=6104eddc-cdf8-44f2-ae6f-9647af00faf7 to datanode:20fd9795-0abc-4083-965d-6ba83b10546c
2023-06-07 07:10:52,404 [RatisPipelineUtilsThread - 0] INFO  pipeline.RatisPipelineProvider (RatisPipelineProvider.java:lambda$create$0(206)) - Sending CreatePipelineCommand for pipeline:PipelineID=6104eddc-cdf8-44f2-ae6f-9647af00faf7 to datanode:1c3f76c4-a361-44c3-a437-710dc7a71a87
2023-06-07 07:10:52,404 [RatisPipelineUtilsThread - 0] INFO  pipeline.RatisPipelineProvider (RatisPipelineProvider.java:lambda$create$0(206)) - Sending CreatePipelineCommand for pipeline:PipelineID=6104eddc-cdf8-44f2-ae6f-9647af00faf7 to datanode:8757bef3-5796-4279-bd7f-82165642237f
2023-06-07 07:10:52,404 [RatisPipelineUtilsThread - 0] INFO  pipeline.PipelineStateManagerImpl (PipelineStateManagerImpl.java:addPipeline(103)) - Created pipeline Pipeline[ Id: 6104eddc-cdf8-44f2-ae6f-9647af00faf7, Nodes: 20fd9795-0abc-4083-965d-6ba83b10546c(fv-az246-755.dmzl2ssfaldu3choa5k4qgfeyh.jx.internal.cloudapp.net/10.1.0.31)1c3f76c4-a361-44c3-a437-710dc7a71a87(fv-az246-755.dmzl2ssfaldu3choa5k4qgfeyh.jx.internal.cloudapp.net/10.1.0.31)8757bef3-5796-4279-bd7f-82165642237f(fv-az246-755.dmzl2ssfaldu3choa5k4qgfeyh.jx.internal.cloudapp.net/10.1.0.31), ReplicationConfig: RATIS/THREE, State:ALLOCATED, leaderId:, CreationTimestamp2023-06-07T07:10:52.401Z[Etc/UTC]].
2023-06-07 07:10:52,405 [RatisPipelineUtilsThread - 0] INFO  pipeline.PipelineManagerImpl (PipelineManagerImpl.java:recordMetricsForPipeline(826)) - Pipeline: PipelineID=6104eddc-cdf8-44f2-ae6f-9647af00faf7 contains same datanodes as previous pipelines: PipelineID=c319041b-25dc-4b19-96cc-d03428c1b187 nodeIds: 20fd9795-0abc-4083-965d-6ba83b10546c, 1c3f76c4-a361-44c3-a437-710dc7a71a87, 8757bef3-5796-4279-bd7f-82165642237f
2023-06-07 07:10:52,407 [RatisPipelineUtilsThread - 0] WARN  pipeline.PipelinePlacementPolicy (PipelinePlacementPolicy.java:filterViableNodes(166)) - Pipeline creation failed due to no sufficient healthy datanodes. Required 3. Found 0. Excluded 9.
2023-06-07 07:10:52,409 [44d8f5b4-8dfc-4dc1-b3e0-dd93457af28b-groupManagement] INFO  server.RaftServerConfigKeys (ConfUtils.java:logGet(46)) - raft.server.log.purge.gap = 1000000 (custom)
2023-06-07 07:10:52,412 [44d8f5b4-8dfc-4dc1-b3e0-dd93457af28b-groupManagement] INFO  server.RaftServerConfigKeys (ConfUtils.java:logGet(46)) - raft.server.log.appender.buffer.byte-limit = 33554432 (custom)
2023-06-07 07:10:52,412 [44d8f5b4-8dfc-4dc1-b3e0-dd93457af28b-groupManagement] INFO  server.RaftServerConfigKeys (ConfUtils.java:logGet(46)) - raft.server.log.statemachine.data.read.timeout = 1000ms (default)
2023-06-07 07:10:52,412 [44d8f5b4-8dfc-4dc1-b3e0-dd93457af28b-groupManagement] INFO  server.RaftServerConfigKeys (ConfUtils.java:logGet(46)) - raft.server.log.purge.preservation.log.num = 0 (default)
2023-06-07 07:10:52,412 [44d8f5b4-8dfc-4dc1-b3e0-dd93457af28b-groupManagement] INFO  server.RaftServerConfigKeys (ConfUtils.java:logGet(46)) - raft.server.log.segment.size.max = 1048576 (custom)
2023-06-07 07:10:52,413 [44d8f5b4-8dfc-4dc1-b3e0-dd93457af28b-groupManagement] INFO  server.RaftServerConfigKeys (ConfUtils.java:logGet(46)) - raft.server.log.segment.cache.num.max = 2 (custom)
2023-06-07 07:10:52,413 [44d8f5b4-8dfc-4dc1-b3e0-dd93457af28b-groupManagement] INFO  server.RaftServerConfigKeys (ConfUtils.java:logGet(46)) - raft.server.log.segment.cache.size.max = 200MB (=209715200) (default)
2023-06-07 07:10:52,413 [44d8f5b4-8dfc-4dc1-b3e0-dd93457af28b-groupManagement] INFO  server.RaftServerConfigKeys (ConfUtils.java:logGet(46)) - raft.server.log.appender.buffer.byte-limit = 33554432 (custom)
2023-06-07 07:10:52,413 [44d8f5b4-8dfc-4dc1-b3e0-dd93457af28b-groupManagement] INFO  segmented.SegmentedRaftLogWorker (SegmentedRaftLogWorker.java:<init>(188)) - new 44d8f5b4-8dfc-4dc1-b3e0-dd93457af28b@group-AB933BBAE0CC-SegmentedRaftLogWorker for RaftStorageImpl:Storage Directory /home/runner/work/ozone/ozone/hadoop-ozone/integration-test/target/test-dir/MiniOzoneClusterImpl-28223e3b-fb3b-4559-a623-43dba3cd33a0/datanode-1/data/ratis/c312a65c-e52e-4b85-ac95-ab933bbae0cc
2023-06-07 07:10:52,413 [44d8f5b4-8dfc-4dc1-b3e0-dd93457af28b-groupManagement] INFO  server.RaftServerConfigKeys (ConfUtils.java:logGet(46)) - raft.server.log.queue.byte-limit = 4294967296 (custom)
2023-06-07 07:10:52,413 [44d8f5b4-8dfc-4dc1-b3e0-dd93457af28b-groupManagement] INFO  server.RaftServerConfigKeys (ConfUtils.java:logGet(46)) - raft.server.log.queue.element-limit = 1024 (custom)
2023-06-07 07:10:52,413 [44d8f5b4-8dfc-4dc1-b3e0-dd93457af28b-groupManagement] INFO  server.RaftServerConfigKeys (ConfUtils.java:logGet(46)) - raft.server.log.segment.size.max = 1048576 (custom)
2023-06-07 07:10:52,413 [44d8f5b4-8dfc-4dc1-b3e0-dd93457af28b-groupManagement] INFO  server.RaftServerConfigKeys (ConfUtils.java:logGet(46)) - raft.server.log.preallocated.size = 16384 (custom)
2023-06-07 07:10:52,413 [44d8f5b4-8dfc-4dc1-b3e0-dd93457af28b-groupManagement] INFO  server.RaftServerConfigKeys (ConfUtils.java:logGet(46)) - raft.server.log.force.sync.num = 128 (default)
2023-06-07 07:10:52,413 [44d8f5b4-8dfc-4dc1-b3e0-dd93457af28b-groupManagement] INFO  server.RaftServerConfigKeys (ConfUtils.java:logGet(46)) - raft.server.log.statemachine.data.sync = true (default)
2023-06-07 07:10:52,413 [44d8f5b4-8dfc-4dc1-b3e0-dd93457af28b-groupManagement] INFO  server.RaftServerConfigKeys (ConfUtils.java:logGet(46)) - raft.server.log.statemachine.data.sync.timeout = 10s (default)
2023-06-07 07:10:52,413 [44d8f5b4-8dfc-4dc1-b3e0-dd93457af28b-groupManagement] INFO  server.RaftServerConfigKeys (ConfUtils.java:logGet(46)) - raft.server.log.statemachine.data.sync.timeout.retry = -1 (default)
2023-06-07 07:10:52,418 [44d8f5b4-8dfc-4dc1-b3e0-dd93457af28b-groupManagement] INFO  server.RaftServerConfigKeys (ConfUtils.java:logGet(46)) - raft.server.log.write.buffer.size = 1048576 (custom)
2023-06-07 07:10:52,418 [44d8f5b4-8dfc-4dc1-b3e0-dd93457af28b-groupManagement] INFO  server.RaftServerConfigKeys (ConfUtils.java:logGet(46)) - raft.server.log.appender.buffer.byte-limit = 33554432 (custom)
2023-06-07 07:10:52,652 [JvmPauseMonitor7] WARN  util.JvmPauseMonitor (JvmPauseMonitor.java:detectPause(124)) - JvmPauseMonitor-1b66a908-7502-432b-9648-1ff1190a9abb: Detected pause in JVM or host machine approximately 0.113s with 0.228s GC time.
GC pool 'PS MarkSweep' had collection(s): count=1 time=174ms
GC pool 'PS Scavenge' had collection(s): count=1 time=54ms
2023-06-07 07:10:52,658 [JvmPauseMonitor9] WARN  util.JvmPauseMonitor (JvmPauseMonitor.java:detectPause(124)) - JvmPauseMonitor-1c3f76c4-a361-44c3-a437-710dc7a71a87: Detected pause in JVM or host machine approximately 0.180s with 0.228s GC time.
GC pool 'PS MarkSweep' had collection(s): count=1 time=174ms
GC pool 'PS Scavenge' had collection(s): count=1 time=54ms
2023-06-07 07:10:52,668 [JvmPauseMonitor10] WARN  util.JvmPauseMonitor (JvmPauseMonitor.java:detectPause(124)) - JvmPauseMonitor-20fd9795-0abc-4083-965d-6ba83b10546c: Detected pause in JVM or host machine approximately 0.226s with 0.228s GC time.
GC pool 'PS MarkSweep' had collection(s): count=1 time=174ms
GC pool 'PS Scavenge' had collection(s): count=1 time=54ms
2023-06-07 07:10:52,669 [EndpointStateMachine task thread for /0.0.0.0:15002 - 0 ] INFO  utils.DatanodeStoreCache (DatanodeStoreCache.java:addDB(66)) - Added db /home/runner/work/ozone/ozone/hadoop-ozone/integration-test/target/test-dir/MiniOzoneClusterImpl-28223e3b-fb3b-4559-a623-43dba3cd33a0/datanode-12/data-0/containers/hdds/28223e3b-fb3b-4559-a623-43dba3cd33a0/DS-a7b48cbd-3942-4786-8edb-580ea20305ab/container.db to cache
2023-06-07 07:10:52,669 [EndpointStateMachine task thread for /0.0.0.0:15002 - 0 ] INFO  volume.HddsVolume (HddsVolume.java:createDbStore(350)) - SchemaV3 db is created and loaded at /home/runner/work/ozone/ozone/hadoop-ozone/integration-test/target/test-dir/MiniOzoneClusterImpl-28223e3b-fb3b-4559-a623-43dba3cd33a0/datanode-12/data-0/containers/hdds/28223e3b-fb3b-4559-a623-43dba3cd33a0/DS-a7b48cbd-3942-4786-8edb-580ea20305ab/container.db for volume DS-a7b48cbd-3942-4786-8edb-580ea20305ab
2023-06-07 07:10:52,669 [EndpointStateMachine task thread for /0.0.0.0:15002 - 0 ] INFO  ozoneimpl.OzoneContainer (OzoneContainer.java:start(398)) - Attempting to start container services.
2023-06-07 07:10:52,670 [44d8f5b4-8dfc-4dc1-b3e0-dd93457af28b-groupManagement] INFO  server.RaftServerConfigKeys (ConfUtils.java:logGet(46)) - raft.server.log.unsafe-flush.enabled = false (default)
2023-06-07 07:10:52,670 [44d8f5b4-8dfc-4dc1-b3e0-dd93457af28b-groupManagement] INFO  server.RaftServerConfigKeys (ConfUtils.java:logGet(46)) - raft.server.log.async-flush.enabled = false (default)
2023-06-07 07:10:52,670 [44d8f5b4-8dfc-4dc1-b3e0-dd93457af28b-groupManagement] INFO  server.RaftServerConfigKeys (ConfUtils.java:logGet(46)) - raft.server.log.statemachine.data.caching.enabled = true (custom)
2023-06-07 07:10:52,678 [44d8f5b4-8dfc-4dc1-b3e0-dd93457af28b-groupManagement] INFO  segmented.SegmentedRaftLogWorker (SegmentedRaftLogWorker.java:lambda$new$0(135)) - 44d8f5b4-8dfc-4dc1-b3e0-dd93457af28b@group-AB933BBAE0CC-SegmentedRaftLogWorker: flushIndex: setUnconditionally 0 -> -1
2023-06-07 07:10:52,678 [44d8f5b4-8dfc-4dc1-b3e0-dd93457af28b-groupManagement] INFO  segmented.SegmentedRaftLogWorker (SegmentedRaftLogWorker.java:lambda$new$0(135)) - 44d8f5b4-8dfc-4dc1-b3e0-dd93457af28b@group-AB933BBAE0CC-SegmentedRaftLogWorker: safeCacheEvictIndex: setUnconditionally 0 -> -1
2023-06-07 07:10:52,670 [EndpointStateMachine task thread for /0.0.0.0:15002 - 0 ] INFO  ozoneimpl.OzoneContainer (OzoneContainer.java:startContainerScrub(314)) - Scheduled background container scanners and the on-demand container scanner have been disabled.
2023-06-07 07:10:52,679 [EndpointStateMachine task thread for /0.0.0.0:15002 - 0 ] INFO  replication.ReplicationServer (ReplicationServer.java:start(128)) - ReplicationServer is started using port 15124
2023-06-07 07:10:52,679 [EndpointStateMachine task thread for /0.0.0.0:15002 - 0 ] INFO  ratis.XceiverServerRatis (XceiverServerRatis.java:start(517)) - Starting XceiverServerRatis 193ce337-dffd-4cd7-9fc4-5b62e57d89f8
2023-06-07 07:10:52,684 [44d8f5b4-8dfc-4dc1-b3e0-dd93457af28b-groupManagement] INFO  server.RaftServer$Division (RaftServerImpl.java:start(342)) - 44d8f5b4-8dfc-4dc1-b3e0-dd93457af28b@group-AB933BBAE0CC: start as a follower, conf=-1: peers:[add60280-7665-46a7-8f97-112ab314f22d|rpc:10.1.0.31:15014|admin:10.1.0.31:15013|client:10.1.0.31:15012|dataStream:10.1.0.31:15015|priority:1|startupRole:FOLLOWER, 44d8f5b4-8dfc-4dc1-b3e0-dd93457af28b|rpc:10.1.0.31:15023|admin:10.1.0.31:15022|client:10.1.0.31:15021|dataStream:10.1.0.31:15024|priority:0|startupRole:FOLLOWER, 2912fda5-c0b1-4d9e-ac44-fd313bf4d5ec|rpc:10.1.0.31:15032|admin:10.1.0.31:15031|client:10.1.0.31:15030|dataStream:10.1.0.31:15033|priority:0|startupRole:FOLLOWER]|listeners:[], old=null
2023-06-07 07:10:52,684 [44d8f5b4-8dfc-4dc1-b3e0-dd93457af28b-groupManagement] INFO  server.RaftServer$Division (RaftServerImpl.java:setRole(329)) - 44d8f5b4-8dfc-4dc1-b3e0-dd93457af28b@group-AB933BBAE0CC: changes role from      null to FOLLOWER at term 0 for startAsFollower
2023-06-07 07:10:52,684 [44d8f5b4-8dfc-4dc1-b3e0-dd93457af28b-groupManagement] INFO  impl.RoleInfo (RoleInfo.java:updateAndGet(139)) - 44d8f5b4-8dfc-4dc1-b3e0-dd93457af28b: start 44d8f5b4-8dfc-4dc1-b3e0-dd93457af28b@group-AB933BBAE0CC-FollowerState
2023-06-07 07:10:52,689 [44d8f5b4-8dfc-4dc1-b3e0-dd93457af28b-groupManagement] INFO  util.JmxRegister (JmxRegister.java:tryRegister(44)) - Successfully registered JMX Bean with object name Ratis:service=RaftServer,group=group-AB933BBAE0CC,id=44d8f5b4-8dfc-4dc1-b3e0-dd93457af28b
2023-06-07 07:10:52,689 [44d8f5b4-8dfc-4dc1-b3e0-dd93457af28b-groupManagement] INFO  server.RaftServerConfigKeys (ConfUtils.java:logGet(46)) - raft.server.snapshot.auto.trigger.enabled = true (custom)
2023-06-07 07:10:52,689 [44d8f5b4-8dfc-4dc1-b3e0-dd93457af28b-groupManagement] INFO  server.RaftServerConfigKeys (ConfUtils.java:logGet(46)) - raft.server.snapshot.auto.trigger.threshold = 10000 (custom)
2023-06-07 07:10:52,689 [44d8f5b4-8dfc-4dc1-b3e0-dd93457af28b-groupManagement] INFO  server.RaftServerConfigKeys (ConfUtils.java:logGet(46)) - raft.server.snapshot.retention.file.num = 5 (custom)
2023-06-07 07:10:52,689 [44d8f5b4-8dfc-4dc1-b3e0-dd93457af28b-groupManagement] INFO  server.RaftServerConfigKeys (ConfUtils.java:logGet(46)) - raft.server.log.purge.upto.snapshot.index = false (default)
2023-06-07 07:10:52,690 [44d8f5b4-8dfc-4dc1-b3e0-dd93457af28b@group-AB933BBAE0CC-FollowerState] INFO  server.RaftServerConfigKeys (ConfUtils.java:logFallback(53)) - raft.server.rpc.first-election.timeout.min = 5s (fallback to raft.server.rpc.timeout.min)
2023-06-07 07:10:52,694 [44d8f5b4-8dfc-4dc1-b3e0-dd93457af28b@group-AB933BBAE0CC-FollowerState] INFO  server.RaftServerConfigKeys (ConfUtils.java:logFallback(53)) - raft.server.rpc.first-election.timeout.max = 5200ms (fallback to raft.server.rpc.timeout.max)
2023-06-07 07:10:52,694 [EndpointStateMachine task thread for /0.0.0.0:15002 - 0 ] INFO  server.RaftServer (RaftServerProxy.java:startImpl(400)) - 193ce337-dffd-4cd7-9fc4-5b62e57d89f8: start RPC server
2023-06-07 07:10:52,697 [EndpointStateMachine task thread for /0.0.0.0:15002 - 0 ] INFO  server.GrpcService (GrpcService.java:startImpl(302)) - 193ce337-dffd-4cd7-9fc4-5b62e57d89f8: GrpcService started, listening on 15120
2023-06-07 07:10:52,697 [PipelineCommandHandlerThread-0] INFO  ratis.XceiverServerRatis (XceiverServerRatis.java:addGroup(804)) - Created group PipelineID=c312a65c-e52e-4b85-ac95-ab933bbae0cc
2023-06-07 07:10:52,699 [EndpointStateMachine task thread for /0.0.0.0:15002 - 0 ] INFO  server.GrpcService (GrpcService.java:startImpl(302)) - 193ce337-dffd-4cd7-9fc4-5b62e57d89f8: GrpcService started, listening on 15122
2023-06-07 07:10:52,700 [EndpointStateMachine task thread for /0.0.0.0:15002 - 0 ] INFO  server.GrpcService (GrpcService.java:startImpl(302)) - 193ce337-dffd-4cd7-9fc4-5b62e57d89f8: GrpcService started, listening on 15121
2023-06-07 07:10:52,717 [EndpointStateMachine task thread for /0.0.0.0:15002 - 0 ] INFO  ratis.XceiverServerRatis (XceiverServerRatis.java:getRealPort(543)) - XceiverServerRatis 193ce337-dffd-4cd7-9fc4-5b62e57d89f8 is started using port 15120 for RATIS
2023-06-07 07:10:52,717 [EndpointStateMachine task thread for /0.0.0.0:15002 - 0 ] INFO  ratis.XceiverServerRatis (XceiverServerRatis.java:getRealPort(543)) - XceiverServerRatis 193ce337-dffd-4cd7-9fc4-5b62e57d89f8 is started using port 15121 for RATIS_ADMIN
2023-06-07 07:10:52,717 [EndpointStateMachine task thread for /0.0.0.0:15002 - 0 ] INFO  ratis.XceiverServerRatis (XceiverServerRatis.java:getRealPort(543)) - XceiverServerRatis 193ce337-dffd-4cd7-9fc4-5b62e57d89f8 is started using port 15122 for RATIS_SERVER
2023-06-07 07:10:52,718 [EndpointStateMachine task thread for /0.0.0.0:15002 - 0 ] INFO  ratis.XceiverServerRatis (XceiverServerRatis.java:getRealPort(543)) - XceiverServerRatis 193ce337-dffd-4cd7-9fc4-5b62e57d89f8 is started using port 15123 for RATIS_DATASTREAM
2023-06-07 07:10:52,718 [JvmPauseMonitor14] INFO  util.JvmPauseMonitor (JvmPauseMonitor.java:run(103)) - JvmPauseMonitor-193ce337-dffd-4cd7-9fc4-5b62e57d89f8: Started
2023-06-07 07:10:52,732 [PipelineCommandHandlerThread-0] INFO  server.RaftServer (RaftServerProxy.java:addNew(98)) - 2912fda5-c0b1-4d9e-ac44-fd313bf4d5ec: addNew group-0D1E8D6E61E7:[2912fda5-c0b1-4d9e-ac44-fd313bf4d5ec|rpc:10.1.0.31:15032|admin:10.1.0.31:15031|client:10.1.0.31:15030|dataStream:10.1.0.31:15033|priority:1|startupRole:FOLLOWER] returns group-0D1E8D6E61E7:java.util.concurrent.CompletableFuture@3204e1ce[Not completed]
2023-06-07 07:10:52,735 [2912fda5-c0b1-4d9e-ac44-fd313bf4d5ec-groupManagement] INFO  server.RaftServer$Division (RaftServerImpl.java:<init>(198)) - 2912fda5-c0b1-4d9e-ac44-fd313bf4d5ec: new RaftServerImpl for group-0D1E8D6E61E7:[2912fda5-c0b1-4d9e-ac44-fd313bf4d5ec|rpc:10.1.0.31:15032|admin:10.1.0.31:15031|client:10.1.0.31:15030|dataStream:10.1.0.31:15033|priority:1|startupRole:FOLLOWER] with ContainerStateMachine:uninitialized
2023-06-07 07:10:52,735 [2912fda5-c0b1-4d9e-ac44-fd313bf4d5ec-groupManagement] INFO  server.RaftServerConfigKeys (ConfUtils.java:logGet(46)) - raft.server.rpc.timeout.min = 5s (custom)
2023-06-07 07:10:52,736 [2912fda5-c0b1-4d9e-ac44-fd313bf4d5ec-groupManagement] INFO  server.RaftServerConfigKeys (ConfUtils.java:logGet(46)) - raft.server.rpc.timeout.max = 5200ms (custom)
2023-06-07 07:10:52,736 [2912fda5-c0b1-4d9e-ac44-fd313bf4d5ec-groupManagement] INFO  server.RaftServerConfigKeys (ConfUtils.java:logGet(46)) - raft.server.rpc.sleep.time = 25ms (default)
2023-06-07 07:10:52,736 [2912fda5-c0b1-4d9e-ac44-fd313bf4d5ec-groupManagement] INFO  server.RaftServerConfigKeys (ConfUtils.java:logGet(46)) - raft.server.rpc.slowness.timeout = 300s (custom)
2023-06-07 07:10:52,736 [2912fda5-c0b1-4d9e-ac44-fd313bf4d5ec-groupManagement] INFO  server.RaftServerConfigKeys (ConfUtils.java:logGet(46)) - raft.server.leaderelection.leader.step-down.wait-time = 10s (default)
2023-06-07 07:10:52,736 [2912fda5-c0b1-4d9e-ac44-fd313bf4d5ec-groupManagement] INFO  server.RaftServerConfigKeys (ConfUtils.java:logGet(46)) - raft.server.sleep.deviation.threshold = 300ms (default)
2023-06-07 07:10:52,736 [2912fda5-c0b1-4d9e-ac44-fd313bf4d5ec-groupManagement] INFO  server.RaftServer$Division (ServerState.java:<init>(120)) - 2912fda5-c0b1-4d9e-ac44-fd313bf4d5ec@group-0D1E8D6E61E7: ConfigurationManager, init=-1: peers:[2912fda5-c0b1-4d9e-ac44-fd313bf4d5ec|rpc:10.1.0.31:15032|admin:10.1.0.31:15031|client:10.1.0.31:15030|dataStream:10.1.0.31:15033|priority:1|startupRole:FOLLOWER]|listeners:[], old=null, confs=<EMPTY_MAP>
2023-06-07 07:10:52,736 [2912fda5-c0b1-4d9e-ac44-fd313bf4d5ec-groupManagement] INFO  server.RaftServerConfigKeys (ConfUtils.java:logGet(46)) - raft.server.storage.dir = [/home/runner/work/ozone/ozone/hadoop-ozone/integration-test/target/test-dir/MiniOzoneClusterImpl-28223e3b-fb3b-4559-a623-43dba3cd33a0/datanode-2/data/ratis] (custom)
2023-06-07 07:10:52,736 [2912fda5-c0b1-4d9e-ac44-fd313bf4d5ec-groupManagement] INFO  server.RaftServerConfigKeys (ConfUtils.java:logGet(46)) - raft.server.log.corruption.policy = EXCEPTION (default)
2023-06-07 07:10:52,736 [2912fda5-c0b1-4d9e-ac44-fd313bf4d5ec-groupManagement] INFO  server.RaftServerConfigKeys (ConfUtils.java:logGet(46)) - raft.server.storage.free-space.min = 0MB (=0) (default)
2023-06-07 07:10:52,736 [2912fda5-c0b1-4d9e-ac44-fd313bf4d5ec-groupManagement] INFO  server.RaftServerConfigKeys (ConfUtils.java:logGet(46)) - raft.server.notification.no-leader.timeout = 300s (custom)
2023-06-07 07:10:52,736 [2912fda5-c0b1-4d9e-ac44-fd313bf4d5ec-groupManagement] INFO  server.RaftServerConfigKeys (ConfUtils.java:logGet(46)) - raft.server.read.timeout = 10s (default)
2023-06-07 07:10:52,736 [2912fda5-c0b1-4d9e-ac44-fd313bf4d5ec-groupManagement] INFO  server.RaftServerConfigKeys (ConfUtils.java:logGet(46)) - raft.server.retrycache.expirytime = 600000ms (custom)
2023-06-07 07:10:52,736 [2912fda5-c0b1-4d9e-ac44-fd313bf4d5ec-groupManagement] INFO  server.RaftServerConfigKeys (ConfUtils.java:logGet(46)) - raft.server.retrycache.statistics.expirytime = 100μs (default)
2023-06-07 07:10:52,737 [2912fda5-c0b1-4d9e-ac44-fd313bf4d5ec-groupManagement] INFO  server.RaftServerConfigKeys (ConfUtils.java:logGet(46)) - raft.server.read.option = DEFAULT (default)
2023-06-07 07:10:52,741 [2912fda5-c0b1-4d9e-ac44-fd313bf4d5ec-groupManagement] INFO  server.RaftServerConfigKeys (ConfUtils.java:logGet(46)) - raft.server.rpc.request.timeout = 60s (custom)
2023-06-07 07:10:52,742 [main] INFO  ozone.MiniOzoneClusterImpl (MiniOzoneClusterImpl.java:lambda$waitForClusterToBeReady$0(222)) - Waiting for nodes to be ready. Got 9 of 14 DN Heartbeats.
2023-06-07 07:10:52,744 [main] INFO  ozone.MiniOzoneClusterImpl (MiniOzoneClusterImpl.java:lambda$waitForClusterToBeReady$0(225)) - Waiting for cluster to exit safe mode
2023-06-07 07:10:52,744 [main] INFO  ozone.MiniOzoneClusterImpl (MiniOzoneClusterImpl.java:lambda$waitForClusterToBeReady$0(227)) - SCM became leader
2023-06-07 07:10:52,744 [2912fda5-c0b1-4d9e-ac44-fd313bf4d5ec-groupManagement] INFO  server.RaftServerConfigKeys (ConfUtils.java:logGet(46)) - raft.server.log.appender.install.snapshot.enabled = false (custom)
2023-06-07 07:10:52,744 [2912fda5-c0b1-4d9e-ac44-fd313bf4d5ec-groupManagement] INFO  server.RaftServerConfigKeys (ConfUtils.java:logGet(46)) - raft.server.threadpool.server.cached = true (default)
2023-06-07 07:10:52,744 [2912fda5-c0b1-4d9e-ac44-fd313bf4d5ec-groupManagement] INFO  server.RaftServerConfigKeys (ConfUtils.java:logGet(46)) - raft.server.threadpool.server.size = 0 (default)
2023-06-07 07:10:52,744 [2912fda5-c0b1-4d9e-ac44-fd313bf4d5ec-groupManagement] INFO  server.RaftServerConfigKeys (ConfUtils.java:logGet(46)) - raft.server.threadpool.client.cached = true (default)
2023-06-07 07:10:52,744 [2912fda5-c0b1-4d9e-ac44-fd313bf4d5ec-groupManagement] INFO  server.RaftServerConfigKeys (ConfUtils.java:logGet(46)) - raft.server.threadpool.client.size = 0 (default)
2023-06-07 07:10:52,744 [2912fda5-c0b1-4d9e-ac44-fd313bf4d5ec-groupManagement] INFO  storage.RaftStorageDirectory (RaftStorageDirectoryImpl.java:analyzeStorage(137)) - The storage directory /home/runner/work/ozone/ozone/hadoop-ozone/integration-test/target/test-dir/MiniOzoneClusterImpl-28223e3b-fb3b-4559-a623-43dba3cd33a0/datanode-2/data/ratis/b04cffd8-1b50-43a3-a094-0d1e8d6e61e7 does not exist. Creating ...
2023-06-07 07:10:52,745 [BlockDeletingService#0] INFO  interfaces.ContainerDeletionChoosingPolicyTemplate (ContainerDeletionChoosingPolicyTemplate.java:chooseContainerForBlockDeletion(83)) - Chosen 0/5000 blocks from 0 candidate containers.
2023-06-07 07:10:52,746 [2912fda5-c0b1-4d9e-ac44-fd313bf4d5ec-groupManagement] INFO  storage.RaftStorageDirectory (RaftStorageDirectoryImpl.java:tryLock(231)) - Lock on /home/runner/work/ozone/ozone/hadoop-ozone/integration-test/target/test-dir/MiniOzoneClusterImpl-28223e3b-fb3b-4559-a623-43dba3cd33a0/datanode-2/data/ratis/b04cffd8-1b50-43a3-a094-0d1e8d6e61e7/in_use.lock acquired by nodename 65108@fv-az246-755
2023-06-07 07:10:52,749 [2912fda5-c0b1-4d9e-ac44-fd313bf4d5ec-groupManagement] INFO  storage.RaftStorage (RaftStorageImpl.java:format(96)) - Storage directory /home/runner/work/ozone/ozone/hadoop-ozone/integration-test/target/test-dir/MiniOzoneClusterImpl-28223e3b-fb3b-4559-a623-43dba3cd33a0/datanode-2/data/ratis/b04cffd8-1b50-43a3-a094-0d1e8d6e61e7 has been successfully formatted.
2023-06-07 07:10:52,763 [2912fda5-c0b1-4d9e-ac44-fd313bf4d5ec-groupManagement] INFO  ratis.ContainerStateMachine (ContainerStateMachine.java:loadSnapshot(262)) - group-0D1E8D6E61E7: The snapshot info is null. Setting the last applied indexto:(t:0, i:~)
2023-06-07 07:10:52,763 [2912fda5-c0b1-4d9e-ac44-fd313bf4d5ec-groupManagement] INFO  server.RaftServerConfigKeys (ConfUtils.java:logGet(46)) - raft.server.log.use.memory = false (default)
2023-06-07 07:10:52,763 [2912fda5-c0b1-4d9e-ac44-fd313bf4d5ec-groupManagement] INFO  server.RaftServerConfigKeys (ConfUtils.java:logGet(46)) - raft.server.log.purge.gap = 1000000 (custom)
2023-06-07 07:10:52,763 [2912fda5-c0b1-4d9e-ac44-fd313bf4d5ec-groupManagement] INFO  server.RaftServerConfigKeys (ConfUtils.java:logGet(46)) - raft.server.log.appender.buffer.byte-limit = 33554432 (custom)
2023-06-07 07:10:52,763 [2912fda5-c0b1-4d9e-ac44-fd313bf4d5ec-groupManagement] INFO  server.RaftServerConfigKeys (ConfUtils.java:logGet(46)) - raft.server.log.statemachine.data.read.timeout = 1000ms (default)
2023-06-07 07:10:52,763 [2912fda5-c0b1-4d9e-ac44-fd313bf4d5ec-groupManagement] INFO  server.RaftServerConfigKeys (ConfUtils.java:logGet(46)) - raft.server.log.purge.preservation.log.num = 0 (default)
2023-06-07 07:10:52,764 [2912fda5-c0b1-4d9e-ac44-fd313bf4d5ec-groupManagement] INFO  server.RaftServerConfigKeys (ConfUtils.java:logGet(46)) - raft.server.log.segment.size.max = 1048576 (custom)
2023-06-07 07:10:52,764 [2912fda5-c0b1-4d9e-ac44-fd313bf4d5ec-groupManagement] INFO  server.RaftServerConfigKeys (ConfUtils.java:logGet(46)) - raft.server.log.segment.cache.num.max = 2 (custom)
2023-06-07 07:10:52,765 [2912fda5-c0b1-4d9e-ac44-fd313bf4d5ec-groupManagement] INFO  server.RaftServerConfigKeys (ConfUtils.java:logGet(46)) - raft.server.log.segment.cache.size.max = 200MB (=209715200) (default)
2023-06-07 07:10:52,765 [2912fda5-c0b1-4d9e-ac44-fd313bf4d5ec-groupManagement] INFO  server.RaftServerConfigKeys (ConfUtils.java:logGet(46)) - raft.server.log.appender.buffer.byte-limit = 33554432 (custom)
2023-06-07 07:10:52,765 [2912fda5-c0b1-4d9e-ac44-fd313bf4d5ec-groupManagement] INFO  segmented.SegmentedRaftLogWorker (SegmentedRaftLogWorker.java:<init>(188)) - new 2912fda5-c0b1-4d9e-ac44-fd313bf4d5ec@group-0D1E8D6E61E7-SegmentedRaftLogWorker for RaftStorageImpl:Storage Directory /home/runner/work/ozone/ozone/hadoop-ozone/integration-test/target/test-dir/MiniOzoneClusterImpl-28223e3b-fb3b-4559-a623-43dba3cd33a0/datanode-2/data/ratis/b04cffd8-1b50-43a3-a094-0d1e8d6e61e7
2023-06-07 07:10:52,765 [2912fda5-c0b1-4d9e-ac44-fd313bf4d5ec-groupManagement] INFO  server.RaftServerConfigKeys (ConfUtils.java:logGet(46)) - raft.server.log.queue.byte-limit = 4294967296 (custom)
2023-06-07 07:10:52,765 [2912fda5-c0b1-4d9e-ac44-fd313bf4d5ec-groupManagement] INFO  server.RaftServerConfigKeys (ConfUtils.java:logGet(46)) - raft.server.log.queue.element-limit = 1024 (custom)
2023-06-07 07:10:52,765 [2912fda5-c0b1-4d9e-ac44-fd313bf4d5ec-groupManagement] INFO  server.RaftServerConfigKeys (ConfUtils.java:logGet(46)) - raft.server.log.segment.size.max = 1048576 (custom)
2023-06-07 07:10:52,765 [2912fda5-c0b1-4d9e-ac44-fd313bf4d5ec-groupManagement] INFO  server.RaftServerConfigKeys (ConfUtils.java:logGet(46)) - raft.server.log.preallocated.size = 16384 (custom)
2023-06-07 07:10:52,765 [2912fda5-c0b1-4d9e-ac44-fd313bf4d5ec-groupManagement] INFO  server.RaftServerConfigKeys (ConfUtils.java:logGet(46)) - raft.server.log.force.sync.num = 128 (default)
2023-06-07 07:10:52,765 [2912fda5-c0b1-4d9e-ac44-fd313bf4d5ec-groupManagement] INFO  server.RaftServerConfigKeys (ConfUtils.java:logGet(46)) - raft.server.log.statemachine.data.sync = true (default)
2023-06-07 07:10:52,765 [2912fda5-c0b1-4d9e-ac44-fd313bf4d5ec-groupManagement] INFO  server.RaftServerConfigKeys (ConfUtils.java:logGet(46)) - raft.server.log.statemachine.data.sync.timeout = 10s (default)
2023-06-07 07:10:52,765 [2912fda5-c0b1-4d9e-ac44-fd313bf4d5ec-groupManagement] INFO  server.RaftServerConfigKeys (ConfUtils.java:logGet(46)) - raft.server.log.statemachine.data.sync.timeout.retry = -1 (default)
2023-06-07 07:10:52,768 [2912fda5-c0b1-4d9e-ac44-fd313bf4d5ec-groupManagement] INFO  server.RaftServerConfigKeys (ConfUtils.java:logGet(46)) - raft.server.log.write.buffer.size = 1048576 (custom)
2023-06-07 07:10:52,769 [2912fda5-c0b1-4d9e-ac44-fd313bf4d5ec-groupManagement] INFO  server.RaftServerConfigKeys (ConfUtils.java:logGet(46)) - raft.server.log.appender.buffer.byte-limit = 33554432 (custom)
2023-06-07 07:10:52,779 [IPC Server handler 18 on default port 15002] INFO  net.NetworkTopologyImpl (NetworkTopologyImpl.java:add(112)) - Added a new node: /default-rack/53afdcff-9740-4d1d-9155-3eea53ceb243
2023-06-07 07:10:52,779 [IPC Server handler 18 on default port 15002] INFO  node.SCMNodeManager (SCMNodeManager.java:register(407)) - Registered Data node : 53afdcff-9740-4d1d-9155-3eea53ceb243{ip: 10.1.0.31, host: fv-az246-755.dmzl2ssfaldu3choa5k4qgfeyh.jx.internal.cloudapp.net, ports: [HTTP=15090, CLIENT_RPC=15091, REPLICATION=15097, RATIS=15093, RATIS_ADMIN=15094, RATIS_SERVER=15095, RATIS_DATASTREAM=15096, STANDALONE=15092], networkLocation: /default-rack, certSerialId: null, persistedOpState: null, persistedOpStateExpiryEpochSec: 0}
2023-06-07 07:10:52,780 [EventQueue-NewNodeForNewNodeHandler] INFO  pipeline.BackgroundPipelineCreator (BackgroundPipelineCreator.java:notifyEventTriggered(276)) - trigger a one-shot run on RatisPipelineUtilsThread.
2023-06-07 07:10:52,781 [RatisPipelineUtilsThread - 0] INFO  pipeline.RatisPipelineProvider (RatisPipelineProvider.java:lambda$create$0(206)) - Sending CreatePipelineCommand for pipeline:PipelineID=4b37e625-8716-4dbe-9410-f73fe6c43a4a to datanode:53afdcff-9740-4d1d-9155-3eea53ceb243
2023-06-07 07:10:52,781 [2912fda5-c0b1-4d9e-ac44-fd313bf4d5ec-groupManagement] INFO  server.RaftServerConfigKeys (ConfUtils.java:logGet(46)) - raft.server.log.unsafe-flush.enabled = false (default)
2023-06-07 07:10:52,789 [RatisPipelineUtilsThread - 0] INFO  pipeline.PipelineStateManagerImpl (PipelineStateManagerImpl.java:addPipeline(103)) - Created pipeline Pipeline[ Id: 4b37e625-8716-4dbe-9410-f73fe6c43a4a, Nodes: 53afdcff-9740-4d1d-9155-3eea53ceb243(fv-az246-755.dmzl2ssfaldu3choa5k4qgfeyh.jx.internal.cloudapp.net/10.1.0.31), ReplicationConfig: RATIS/ONE, State:ALLOCATED, leaderId:, CreationTimestamp2023-06-07T07:10:52.781Z[Etc/UTC]].
2023-06-07 07:10:52,790 [2912fda5-c0b1-4d9e-ac44-fd313bf4d5ec-groupManagement] INFO  server.RaftServerConfigKeys (ConfUtils.java:logGet(46)) - raft.server.log.async-flush.enabled = false (default)
2023-06-07 07:10:52,790 [2912fda5-c0b1-4d9e-ac44-fd313bf4d5ec-groupManagement] INFO  server.RaftServerConfigKeys (ConfUtils.java:logGet(46)) - raft.server.log.statemachine.data.caching.enabled = true (custom)
2023-06-07 07:10:52,790 [EventQueue-PipelineReportForPipelineReportHandler] INFO  pipeline.PipelineManagerImpl (PipelineManagerImpl.java:openPipeline(367)) - Pipeline Pipeline[ Id: b04cffd8-1b50-43a3-a094-0d1e8d6e61e7, Nodes: 2912fda5-c0b1-4d9e-ac44-fd313bf4d5ec(fv-az246-755.dmzl2ssfaldu3choa5k4qgfeyh.jx.internal.cloudapp.net/10.1.0.31), ReplicationConfig: RATIS/ONE, State:ALLOCATED, leaderId:2912fda5-c0b1-4d9e-ac44-fd313bf4d5ec, CreationTimestamp2023-06-07T07:10:49.692Z[Etc/UTC]] moved to OPEN state
2023-06-07 07:10:52,791 [2912fda5-c0b1-4d9e-ac44-fd313bf4d5ec-groupManagement] INFO  segmented.SegmentedRaftLogWorker (SegmentedRaftLogWorker.java:lambda$new$0(135)) - 2912fda5-c0b1-4d9e-ac44-fd313bf4d5ec@group-0D1E8D6E61E7-SegmentedRaftLogWorker: flushIndex: setUnconditionally 0 -> -1
2023-06-07 07:10:52,791 [EventQueue-OpenPipelineForHealthyPipelineSafeModeRule] INFO  safemode.SCMSafeModeManager (HealthyPipelineSafeModeRule.java:process(137)) - SCM in safe mode. Healthy pipelines reported count is 0, required healthy pipeline reported count is 1
2023-06-07 07:10:52,791 [2912fda5-c0b1-4d9e-ac44-fd313bf4d5ec-groupManagement] INFO  segmented.SegmentedRaftLogWorker (SegmentedRaftLogWorker.java:lambda$new$0(135)) - 2912fda5-c0b1-4d9e-ac44-fd313bf4d5ec@group-0D1E8D6E61E7-SegmentedRaftLogWorker: safeCacheEvictIndex: setUnconditionally 0 -> -1
2023-06-07 07:10:52,798 [RatisPipelineUtilsThread - 0] WARN  pipeline.PipelinePlacementPolicy (PipelinePlacementPolicy.java:filterViableNodes(166)) - Pipeline creation failed due to no sufficient healthy datanodes. Required 3. Found 1. Excluded 9.
2023-06-07 07:10:52,799 [2912fda5-c0b1-4d9e-ac44-fd313bf4d5ec-groupManagement] INFO  server.RaftServer$Division (RaftServerImpl.java:start(342)) - 2912fda5-c0b1-4d9e-ac44-fd313bf4d5ec@group-0D1E8D6E61E7: start as a follower, conf=-1: peers:[2912fda5-c0b1-4d9e-ac44-fd313bf4d5ec|rpc:10.1.0.31:15032|admin:10.1.0.31:15031|client:10.1.0.31:15030|dataStream:10.1.0.31:15033|priority:1|startupRole:FOLLOWER]|listeners:[], old=null
2023-06-07 07:10:52,799 [2912fda5-c0b1-4d9e-ac44-fd313bf4d5ec-groupManagement] INFO  server.RaftServer$Division (RaftServerImpl.java:setRole(329)) - 2912fda5-c0b1-4d9e-ac44-fd313bf4d5ec@group-0D1E8D6E61E7: changes role from      null to FOLLOWER at term 0 for startAsFollower
2023-06-07 07:10:52,799 [2912fda5-c0b1-4d9e-ac44-fd313bf4d5ec-groupManagement] INFO  impl.RoleInfo (RoleInfo.java:updateAndGet(139)) - 2912fda5-c0b1-4d9e-ac44-fd313bf4d5ec: start 2912fda5-c0b1-4d9e-ac44-fd313bf4d5ec@group-0D1E8D6E61E7-FollowerState
2023-06-07 07:10:52,800 [2912fda5-c0b1-4d9e-ac44-fd313bf4d5ec-groupManagement] INFO  util.JmxRegister (JmxRegister.java:tryRegister(44)) - Successfully registered JMX Bean with object name Ratis:service=RaftServer,group=group-0D1E8D6E61E7,id=2912fda5-c0b1-4d9e-ac44-fd313bf4d5ec
2023-06-07 07:10:52,800 [2912fda5-c0b1-4d9e-ac44-fd313bf4d5ec-groupManagement] INFO  server.RaftServerConfigKeys (ConfUtils.java:logGet(46)) - raft.server.snapshot.auto.trigger.enabled = true (custom)
2023-06-07 07:10:52,800 [2912fda5-c0b1-4d9e-ac44-fd313bf4d5ec-groupManagement] INFO  server.RaftServerConfigKeys (ConfUtils.java:logGet(46)) - raft.server.snapshot.auto.trigger.threshold = 10000 (custom)
2023-06-07 07:10:52,800 [2912fda5-c0b1-4d9e-ac44-fd313bf4d5ec-groupManagement] INFO  server.RaftServerConfigKeys (ConfUtils.java:logGet(46)) - raft.server.snapshot.retention.file.num = 5 (custom)
2023-06-07 07:10:52,800 [2912fda5-c0b1-4d9e-ac44-fd313bf4d5ec-groupManagement] INFO  server.RaftServerConfigKeys (ConfUtils.java:logGet(46)) - raft.server.log.purge.upto.snapshot.index = false (default)
2023-06-07 07:10:52,801 [2912fda5-c0b1-4d9e-ac44-fd313bf4d5ec@group-0D1E8D6E61E7-FollowerState] INFO  server.RaftServerConfigKeys (ConfUtils.java:logFallback(53)) - raft.server.rpc.first-election.timeout.min = 5s (fallback to raft.server.rpc.timeout.min)
2023-06-07 07:10:52,801 [2912fda5-c0b1-4d9e-ac44-fd313bf4d5ec@group-0D1E8D6E61E7-FollowerState] INFO  server.RaftServerConfigKeys (ConfUtils.java:logFallback(53)) - raft.server.rpc.first-election.timeout.max = 5200ms (fallback to raft.server.rpc.timeout.max)
2023-06-07 07:10:52,802 [PipelineCommandHandlerThread-0] INFO  ratis.XceiverServerRatis (XceiverServerRatis.java:addGroup(804)) - Created group PipelineID=b04cffd8-1b50-43a3-a094-0d1e8d6e61e7
2023-06-07 07:10:52,802 [PipelineCommandHandlerThread-0] INFO  commandhandler.CreatePipelineCommandHandler (CreatePipelineCommandHandler.java:lambda$handle$2(124)) - Created Pipeline RATIS ONE PipelineID=b04cffd8-1b50-43a3-a094-0d1e8d6e61e7.
2023-06-07 07:10:52,802 [PipelineCommandHandlerThread-0] INFO  server.RaftServer (RaftServerProxy.java:addNew(98)) - 2912fda5-c0b1-4d9e-ac44-fd313bf4d5ec: addNew group-AB933BBAE0CC:[add60280-7665-46a7-8f97-112ab314f22d|rpc:10.1.0.31:15014|admin:10.1.0.31:15013|client:10.1.0.31:15012|dataStream:10.1.0.31:15015|priority:1|startupRole:FOLLOWER, 44d8f5b4-8dfc-4dc1-b3e0-dd93457af28b|rpc:10.1.0.31:15023|admin:10.1.0.31:15022|client:10.1.0.31:15021|dataStream:10.1.0.31:15024|priority:0|startupRole:FOLLOWER, 2912fda5-c0b1-4d9e-ac44-fd313bf4d5ec|rpc:10.1.0.31:15032|admin:10.1.0.31:15031|client:10.1.0.31:15030|dataStream:10.1.0.31:15033|priority:0|startupRole:FOLLOWER] returns group-AB933BBAE0CC:java.util.concurrent.CompletableFuture@363b6356[Not completed]
2023-06-07 07:10:52,816 [2912fda5-c0b1-4d9e-ac44-fd313bf4d5ec-groupManagement] INFO  server.RaftServer$Division (RaftServerImpl.java:<init>(198)) - 2912fda5-c0b1-4d9e-ac44-fd313bf4d5ec: new RaftServerImpl for group-AB933BBAE0CC:[add60280-7665-46a7-8f97-112ab314f22d|rpc:10.1.0.31:15014|admin:10.1.0.31:15013|client:10.1.0.31:15012|dataStream:10.1.0.31:15015|priority:1|startupRole:FOLLOWER, 44d8f5b4-8dfc-4dc1-b3e0-dd93457af28b|rpc:10.1.0.31:15023|admin:10.1.0.31:15022|client:10.1.0.31:15021|dataStream:10.1.0.31:15024|priority:0|startupRole:FOLLOWER, 2912fda5-c0b1-4d9e-ac44-fd313bf4d5ec|rpc:10.1.0.31:15032|admin:10.1.0.31:15031|client:10.1.0.31:15030|dataStream:10.1.0.31:15033|priority:0|startupRole:FOLLOWER] with ContainerStateMachine:uninitialized
2023-06-07 07:10:52,816 [2912fda5-c0b1-4d9e-ac44-fd313bf4d5ec-groupManagement] INFO  server.RaftServerConfigKeys (ConfUtils.java:logGet(46)) - raft.server.rpc.timeout.min = 5s (custom)
2023-06-07 07:10:52,816 [2912fda5-c0b1-4d9e-ac44-fd313bf4d5ec-groupManagement] INFO  server.RaftServerConfigKeys (ConfUtils.java:logGet(46)) - raft.server.rpc.timeout.max = 5200ms (custom)
2023-06-07 07:10:52,816 [2912fda5-c0b1-4d9e-ac44-fd313bf4d5ec-groupManagement] INFO  server.RaftServerConfigKeys (ConfUtils.java:logGet(46)) - raft.server.rpc.sleep.time = 25ms (default)
2023-06-07 07:10:52,816 [2912fda5-c0b1-4d9e-ac44-fd313bf4d5ec-groupManagement] INFO  server.RaftServerConfigKeys (ConfUtils.java:logGet(46)) - raft.server.rpc.slowness.timeout = 300s (custom)
2023-06-07 07:10:52,816 [2912fda5-c0b1-4d9e-ac44-fd313bf4d5ec-groupManagement] INFO  server.RaftServerConfigKeys (ConfUtils.java:logGet(46)) - raft.server.leaderelection.leader.step-down.wait-time = 10s (default)
2023-06-07 07:10:52,816 [2912fda5-c0b1-4d9e-ac44-fd313bf4d5ec-groupManagement] INFO  server.RaftServerConfigKeys (ConfUtils.java:logGet(46)) - raft.server.sleep.deviation.threshold = 300ms (default)
2023-06-07 07:10:52,817 [2912fda5-c0b1-4d9e-ac44-fd313bf4d5ec-groupManagement] INFO  server.RaftServer$Division (ServerState.java:<init>(120)) - 2912fda5-c0b1-4d9e-ac44-fd313bf4d5ec@group-AB933BBAE0CC: ConfigurationManager, init=-1: peers:[add60280-7665-46a7-8f97-112ab314f22d|rpc:10.1.0.31:15014|admin:10.1.0.31:15013|client:10.1.0.31:15012|dataStream:10.1.0.31:15015|priority:1|startupRole:FOLLOWER, 44d8f5b4-8dfc-4dc1-b3e0-dd93457af28b|rpc:10.1.0.31:15023|admin:10.1.0.31:15022|client:10.1.0.31:15021|dataStream:10.1.0.31:15024|priority:0|startupRole:FOLLOWER, 2912fda5-c0b1-4d9e-ac44-fd313bf4d5ec|rpc:10.1.0.31:15032|admin:10.1.0.31:15031|client:10.1.0.31:15030|dataStream:10.1.0.31:15033|priority:0|startupRole:FOLLOWER]|listeners:[], old=null, confs=<EMPTY_MAP>
2023-06-07 07:10:52,817 [2912fda5-c0b1-4d9e-ac44-fd313bf4d5ec-groupManagement] INFO  server.RaftServerConfigKeys (ConfUtils.java:logGet(46)) - raft.server.storage.dir = [/home/runner/work/ozone/ozone/hadoop-ozone/integration-test/target/test-dir/MiniOzoneClusterImpl-28223e3b-fb3b-4559-a623-43dba3cd33a0/datanode-2/data/ratis] (custom)
2023-06-07 07:10:52,817 [2912fda5-c0b1-4d9e-ac44-fd313bf4d5ec-groupManagement] INFO  server.RaftServerConfigKeys (ConfUtils.java:logGet(46)) - raft.server.log.corruption.policy = EXCEPTION (default)
2023-06-07 07:10:52,817 [2912fda5-c0b1-4d9e-ac44-fd313bf4d5ec-groupManagement] INFO  server.RaftServerConfigKeys (ConfUtils.java:logGet(46)) - raft.server.storage.free-space.min = 0MB (=0) (default)
2023-06-07 07:10:52,817 [2912fda5-c0b1-4d9e-ac44-fd313bf4d5ec-groupManagement] INFO  server.RaftServerConfigKeys (ConfUtils.java:logGet(46)) - raft.server.notification.no-leader.timeout = 300s (custom)
2023-06-07 07:10:52,817 [2912fda5-c0b1-4d9e-ac44-fd313bf4d5ec-groupManagement] INFO  server.RaftServerConfigKeys (ConfUtils.java:logGet(46)) - raft.server.read.timeout = 10s (default)
2023-06-07 07:10:52,817 [2912fda5-c0b1-4d9e-ac44-fd313bf4d5ec-groupManagement] INFO  server.RaftServerConfigKeys (ConfUtils.java:logGet(46)) - raft.server.retrycache.expirytime = 600000ms (custom)
2023-06-07 07:10:52,819 [2912fda5-c0b1-4d9e-ac44-fd313bf4d5ec-groupManagement] INFO  server.RaftServerConfigKeys (ConfUtils.java:logGet(46)) - raft.server.retrycache.statistics.expirytime = 100μs (default)
2023-06-07 07:10:52,819 [2912fda5-c0b1-4d9e-ac44-fd313bf4d5ec-groupManagement] INFO  server.RaftServerConfigKeys (ConfUtils.java:logGet(46)) - raft.server.read.option = DEFAULT (default)
2023-06-07 07:10:52,821 [2912fda5-c0b1-4d9e-ac44-fd313bf4d5ec-groupManagement] INFO  server.RaftServerConfigKeys (ConfUtils.java:logGet(46)) - raft.server.rpc.request.timeout = 60s (custom)
2023-06-07 07:10:52,821 [2912fda5-c0b1-4d9e-ac44-fd313bf4d5ec-groupManagement] INFO  server.RaftServerConfigKeys (ConfUtils.java:logGet(46)) - raft.server.log.appender.install.snapshot.enabled = false (custom)
2023-06-07 07:10:52,821 [2912fda5-c0b1-4d9e-ac44-fd313bf4d5ec-groupManagement] INFO  server.RaftServerConfigKeys (ConfUtils.java:logGet(46)) - raft.server.threadpool.server.cached = true (default)
2023-06-07 07:10:52,821 [2912fda5-c0b1-4d9e-ac44-fd313bf4d5ec-groupManagement] INFO  server.RaftServerConfigKeys (ConfUtils.java:logGet(46)) - raft.server.threadpool.server.size = 0 (default)
2023-06-07 07:10:52,821 [2912fda5-c0b1-4d9e-ac44-fd313bf4d5ec-groupManagement] INFO  server.RaftServerConfigKeys (ConfUtils.java:logGet(46)) - raft.server.threadpool.client.cached = true (default)
2023-06-07 07:10:52,821 [2912fda5-c0b1-4d9e-ac44-fd313bf4d5ec-groupManagement] INFO  server.RaftServerConfigKeys (ConfUtils.java:logGet(46)) - raft.server.threadpool.client.size = 0 (default)
2023-06-07 07:10:52,822 [2912fda5-c0b1-4d9e-ac44-fd313bf4d5ec-groupManagement] INFO  storage.RaftStorageDirectory (RaftStorageDirectoryImpl.java:analyzeStorage(137)) - The storage directory /home/runner/work/ozone/ozone/hadoop-ozone/integration-test/target/test-dir/MiniOzoneClusterImpl-28223e3b-fb3b-4559-a623-43dba3cd33a0/datanode-2/data/ratis/c312a65c-e52e-4b85-ac95-ab933bbae0cc does not exist. Creating ...
2023-06-07 07:10:52,824 [2912fda5-c0b1-4d9e-ac44-fd313bf4d5ec-groupManagement] INFO  storage.RaftStorageDirectory (RaftStorageDirectoryImpl.java:tryLock(231)) - Lock on /home/runner/work/ozone/ozone/hadoop-ozone/integration-test/target/test-dir/MiniOzoneClusterImpl-28223e3b-fb3b-4559-a623-43dba3cd33a0/datanode-2/data/ratis/c312a65c-e52e-4b85-ac95-ab933bbae0cc/in_use.lock acquired by nodename 65108@fv-az246-755
2023-06-07 07:10:52,826 [2912fda5-c0b1-4d9e-ac44-fd313bf4d5ec-groupManagement] INFO  storage.RaftStorage (RaftStorageImpl.java:format(96)) - Storage directory /home/runner/work/ozone/ozone/hadoop-ozone/integration-test/target/test-dir/MiniOzoneClusterImpl-28223e3b-fb3b-4559-a623-43dba3cd33a0/datanode-2/data/ratis/c312a65c-e52e-4b85-ac95-ab933bbae0cc has been successfully formatted.
2023-06-07 07:10:52,829 [2912fda5-c0b1-4d9e-ac44-fd313bf4d5ec-groupManagement] INFO  ratis.ContainerStateMachine (ContainerStateMachine.java:loadSnapshot(262)) - group-AB933BBAE0CC: The snapshot info is null. Setting the last applied indexto:(t:0, i:~)
2023-06-07 07:10:52,829 [2912fda5-c0b1-4d9e-ac44-fd313bf4d5ec-groupManagement] INFO  server.RaftServerConfigKeys (ConfUtils.java:logGet(46)) - raft.server.log.use.memory = false (default)
2023-06-07 07:10:52,829 [2912fda5-c0b1-4d9e-ac44-fd313bf4d5ec-groupManagement] INFO  server.RaftServerConfigKeys (ConfUtils.java:logGet(46)) - raft.server.log.purge.gap = 1000000 (custom)
2023-06-07 07:10:52,829 [2912fda5-c0b1-4d9e-ac44-fd313bf4d5ec-groupManagement] INFO  server.RaftServerConfigKeys (ConfUtils.java:logGet(46)) - raft.server.log.appender.buffer.byte-limit = 33554432 (custom)
2023-06-07 07:10:52,829 [2912fda5-c0b1-4d9e-ac44-fd313bf4d5ec-groupManagement] INFO  server.RaftServerConfigKeys (ConfUtils.java:logGet(46)) - raft.server.log.statemachine.data.read.timeout = 1000ms (default)
2023-06-07 07:10:52,829 [2912fda5-c0b1-4d9e-ac44-fd313bf4d5ec-groupManagement] INFO  server.RaftServerConfigKeys (ConfUtils.java:logGet(46)) - raft.server.log.purge.preservation.log.num = 0 (default)
2023-06-07 07:10:52,830 [2912fda5-c0b1-4d9e-ac44-fd313bf4d5ec-groupManagement] INFO  server.RaftServerConfigKeys (ConfUtils.java:logGet(46)) - raft.server.log.segment.size.max = 1048576 (custom)
2023-06-07 07:10:52,831 [2912fda5-c0b1-4d9e-ac44-fd313bf4d5ec-groupManagement] INFO  server.RaftServerConfigKeys (ConfUtils.java:logGet(46)) - raft.server.log.segment.cache.num.max = 2 (custom)
2023-06-07 07:10:52,831 [2912fda5-c0b1-4d9e-ac44-fd313bf4d5ec-groupManagement] INFO  server.RaftServerConfigKeys (ConfUtils.java:logGet(46)) - raft.server.log.segment.cache.size.max = 200MB (=209715200) (default)
2023-06-07 07:10:52,831 [2912fda5-c0b1-4d9e-ac44-fd313bf4d5ec-groupManagement] INFO  server.RaftServerConfigKeys (ConfUtils.java:logGet(46)) - raft.server.log.appender.buffer.byte-limit = 33554432 (custom)
2023-06-07 07:10:52,831 [2912fda5-c0b1-4d9e-ac44-fd313bf4d5ec-groupManagement] INFO  segmented.SegmentedRaftLogWorker (SegmentedRaftLogWorker.java:<init>(188)) - new 2912fda5-c0b1-4d9e-ac44-fd313bf4d5ec@group-AB933BBAE0CC-SegmentedRaftLogWorker for RaftStorageImpl:Storage Directory /home/runner/work/ozone/ozone/hadoop-ozone/integration-test/target/test-dir/MiniOzoneClusterImpl-28223e3b-fb3b-4559-a623-43dba3cd33a0/datanode-2/data/ratis/c312a65c-e52e-4b85-ac95-ab933bbae0cc
2023-06-07 07:10:52,831 [2912fda5-c0b1-4d9e-ac44-fd313bf4d5ec-groupManagement] INFO  server.RaftServerConfigKeys (ConfUtils.java:logGet(46)) - raft.server.log.queue.byte-limit = 4294967296 (custom)
2023-06-07 07:10:52,831 [2912fda5-c0b1-4d9e-ac44-fd313bf4d5ec-groupManagement] INFO  server.RaftServerConfigKeys (ConfUtils.java:logGet(46)) - raft.server.log.queue.element-limit = 1024 (custom)
2023-06-07 07:10:52,831 [2912fda5-c0b1-4d9e-ac44-fd313bf4d5ec-groupManagement] INFO  server.RaftServerConfigKeys (ConfUtils.java:logGet(46)) - raft.server.log.segment.size.max = 1048576 (custom)
2023-06-07 07:10:52,831 [2912fda5-c0b1-4d9e-ac44-fd313bf4d5ec-groupManagement] INFO  server.RaftServerConfigKeys (ConfUtils.java:logGet(46)) - raft.server.log.preallocated.size = 16384 (custom)
2023-06-07 07:10:52,831 [2912fda5-c0b1-4d9e-ac44-fd313bf4d5ec-groupManagement] INFO  server.RaftServerConfigKeys (ConfUtils.java:logGet(46)) - raft.server.log.force.sync.num = 128 (default)
2023-06-07 07:10:52,831 [2912fda5-c0b1-4d9e-ac44-fd313bf4d5ec-groupManagement] INFO  server.RaftServerConfigKeys (ConfUtils.java:logGet(46)) - raft.server.log.statemachine.data.sync = true (default)
2023-06-07 07:10:52,831 [2912fda5-c0b1-4d9e-ac44-fd313bf4d5ec-groupManagement] INFO  server.RaftServerConfigKeys (ConfUtils.java:logGet(46)) - raft.server.log.statemachine.data.sync.timeout = 10s (default)
2023-06-07 07:10:52,831 [2912fda5-c0b1-4d9e-ac44-fd313bf4d5ec-groupManagement] INFO  server.RaftServerConfigKeys (ConfUtils.java:logGet(46)) - raft.server.log.statemachine.data.sync.timeout.retry = -1 (default)
2023-06-07 07:10:52,833 [2912fda5-c0b1-4d9e-ac44-fd313bf4d5ec-groupManagement] INFO  server.RaftServerConfigKeys (ConfUtils.java:logGet(46)) - raft.server.log.write.buffer.size = 1048576 (custom)
2023-06-07 07:10:52,835 [2912fda5-c0b1-4d9e-ac44-fd313bf4d5ec-groupManagement] INFO  server.RaftServerConfigKeys (ConfUtils.java:logGet(46)) - raft.server.log.appender.buffer.byte-limit = 33554432 (custom)
2023-06-07 07:10:52,844 [EventQueue-OpenPipelineForHealthyPipelineSafeModeRule] INFO  safemode.SCMSafeModeManager (HealthyPipelineSafeModeRule.java:process(137)) - SCM in safe mode. Healthy pipelines reported count is 0, required healthy pipeline reported count is 1
2023-06-07 07:10:52,859 [2912fda5-c0b1-4d9e-ac44-fd313bf4d5ec-groupManagement] INFO  server.RaftServerConfigKeys (ConfUtils.java:logGet(46)) - raft.server.log.unsafe-flush.enabled = false (default)
2023-06-07 07:10:52,859 [2912fda5-c0b1-4d9e-ac44-fd313bf4d5ec-groupManagement] INFO  server.RaftServerConfigKeys (ConfUtils.java:logGet(46)) - raft.server.log.async-flush.enabled = false (default)
2023-06-07 07:10:52,859 [2912fda5-c0b1-4d9e-ac44-fd313bf4d5ec-groupManagement] INFO  server.RaftServerConfigKeys (ConfUtils.java:logGet(46)) - raft.server.log.statemachine.data.caching.enabled = true (custom)
2023-06-07 07:10:52,859 [2912fda5-c0b1-4d9e-ac44-fd313bf4d5ec-groupManagement] INFO  segmented.SegmentedRaftLogWorker (SegmentedRaftLogWorker.java:lambda$new$0(135)) - 2912fda5-c0b1-4d9e-ac44-fd313bf4d5ec@group-AB933BBAE0CC-SegmentedRaftLogWorker: flushIndex: setUnconditionally 0 -> -1
2023-06-07 07:10:52,859 [2912fda5-c0b1-4d9e-ac44-fd313bf4d5ec-groupManagement] INFO  segmented.SegmentedRaftLogWorker (SegmentedRaftLogWorker.java:lambda$new$0(135)) - 2912fda5-c0b1-4d9e-ac44-fd313bf4d5ec@group-AB933BBAE0CC-SegmentedRaftLogWorker: safeCacheEvictIndex: setUnconditionally 0 -> -1
2023-06-07 07:10:52,855 [EndpointStateMachine task thread for /0.0.0.0:15002 - 0 ] INFO  utils.DatanodeStoreCache (DatanodeStoreCache.java:addDB(66)) - Added db /home/runner/work/ozone/ozone/hadoop-ozone/integration-test/target/test-dir/MiniOzoneClusterImpl-28223e3b-fb3b-4559-a623-43dba3cd33a0/datanode-13/data-0/containers/hdds/28223e3b-fb3b-4559-a623-43dba3cd33a0/DS-87a07b4f-0a52-44e7-8759-880c36b0af2f/container.db to cache
2023-06-07 07:10:52,862 [EndpointStateMachine task thread for /0.0.0.0:15002 - 0 ] INFO  volume.HddsVolume (HddsVolume.java:createDbStore(350)) - SchemaV3 db is created and loaded at /home/runner/work/ozone/ozone/hadoop-ozone/integration-test/target/test-dir/MiniOzoneClusterImpl-28223e3b-fb3b-4559-a623-43dba3cd33a0/datanode-13/data-0/containers/hdds/28223e3b-fb3b-4559-a623-43dba3cd33a0/DS-87a07b4f-0a52-44e7-8759-880c36b0af2f/container.db for volume DS-87a07b4f-0a52-44e7-8759-880c36b0af2f
2023-06-07 07:10:52,863 [EndpointStateMachine task thread for /0.0.0.0:15002 - 0 ] INFO  ozoneimpl.OzoneContainer (OzoneContainer.java:start(398)) - Attempting to start container services.
2023-06-07 07:10:52,863 [EndpointStateMachine task thread for /0.0.0.0:15002 - 0 ] INFO  ozoneimpl.OzoneContainer (OzoneContainer.java:startContainerScrub(314)) - Scheduled background container scanners and the on-demand container scanner have been disabled.
2023-06-07 07:10:52,863 [EndpointStateMachine task thread for /0.0.0.0:15002 - 0 ] INFO  replication.ReplicationServer (ReplicationServer.java:start(128)) - ReplicationServer is started using port 15133
2023-06-07 07:10:52,863 [EndpointStateMachine task thread for /0.0.0.0:15002 - 0 ] INFO  ratis.XceiverServerRatis (XceiverServerRatis.java:start(517)) - Starting XceiverServerRatis 2a2b2d62-8637-433f-be3f-60f9dc9f206f
2023-06-07 07:10:52,864 [2912fda5-c0b1-4d9e-ac44-fd313bf4d5ec-groupManagement] INFO  server.RaftServer$Division (RaftServerImpl.java:start(342)) - 2912fda5-c0b1-4d9e-ac44-fd313bf4d5ec@group-AB933BBAE0CC: start as a follower, conf=-1: peers:[add60280-7665-46a7-8f97-112ab314f22d|rpc:10.1.0.31:15014|admin:10.1.0.31:15013|client:10.1.0.31:15012|dataStream:10.1.0.31:15015|priority:1|startupRole:FOLLOWER, 44d8f5b4-8dfc-4dc1-b3e0-dd93457af28b|rpc:10.1.0.31:15023|admin:10.1.0.31:15022|client:10.1.0.31:15021|dataStream:10.1.0.31:15024|priority:0|startupRole:FOLLOWER, 2912fda5-c0b1-4d9e-ac44-fd313bf4d5ec|rpc:10.1.0.31:15032|admin:10.1.0.31:15031|client:10.1.0.31:15030|dataStream:10.1.0.31:15033|priority:0|startupRole:FOLLOWER]|listeners:[], old=null
2023-06-07 07:10:52,864 [2912fda5-c0b1-4d9e-ac44-fd313bf4d5ec-groupManagement] INFO  server.RaftServer$Division (RaftServerImpl.java:setRole(329)) - 2912fda5-c0b1-4d9e-ac44-fd313bf4d5ec@group-AB933BBAE0CC: changes role from      null to FOLLOWER at term 0 for startAsFollower
2023-06-07 07:10:52,869 [EndpointStateMachine task thread for /0.0.0.0:15002 - 0 ] INFO  server.RaftServer (RaftServerProxy.java:startImpl(400)) - 2a2b2d62-8637-433f-be3f-60f9dc9f206f: start RPC server
2023-06-07 07:10:52,871 [2912fda5-c0b1-4d9e-ac44-fd313bf4d5ec-groupManagement] INFO  impl.RoleInfo (RoleInfo.java:updateAndGet(139)) - 2912fda5-c0b1-4d9e-ac44-fd313bf4d5ec: start 2912fda5-c0b1-4d9e-ac44-fd313bf4d5ec@group-AB933BBAE0CC-FollowerState
2023-06-07 07:10:52,872 [EndpointStateMachine task thread for /0.0.0.0:15002 - 0 ] INFO  server.GrpcService (GrpcService.java:startImpl(302)) - 2a2b2d62-8637-433f-be3f-60f9dc9f206f: GrpcService started, listening on 15129
2023-06-07 07:10:52,873 [EndpointStateMachine task thread for /0.0.0.0:15002 - 0 ] INFO  server.GrpcService (GrpcService.java:startImpl(302)) - 2a2b2d62-8637-433f-be3f-60f9dc9f206f: GrpcService started, listening on 15131
2023-06-07 07:10:52,875 [EndpointStateMachine task thread for /0.0.0.0:15002 - 0 ] INFO  server.GrpcService (GrpcService.java:startImpl(302)) - 2a2b2d62-8637-433f-be3f-60f9dc9f206f: GrpcService started, listening on 15130
2023-06-07 07:10:52,881 [EndpointStateMachine task thread for /0.0.0.0:15002 - 0 ] INFO  ratis.XceiverServerRatis (XceiverServerRatis.java:getRealPort(543)) - XceiverServerRatis 2a2b2d62-8637-433f-be3f-60f9dc9f206f is started using port 15129 for RATIS
2023-06-07 07:10:52,881 [EndpointStateMachine task thread for /0.0.0.0:15002 - 0 ] INFO  ratis.XceiverServerRatis (XceiverServerRatis.java:getRealPort(543)) - XceiverServerRatis 2a2b2d62-8637-433f-be3f-60f9dc9f206f is started using port 15130 for RATIS_ADMIN
2023-06-07 07:10:52,881 [EndpointStateMachine task thread for /0.0.0.0:15002 - 0 ] INFO  ratis.XceiverServerRatis (XceiverServerRatis.java:getRealPort(543)) - XceiverServerRatis 2a2b2d62-8637-433f-be3f-60f9dc9f206f is started using port 15131 for RATIS_SERVER
2023-06-07 07:10:52,881 [EndpointStateMachine task thread for /0.0.0.0:15002 - 0 ] INFO  ratis.XceiverServerRatis (XceiverServerRatis.java:getRealPort(543)) - XceiverServerRatis 2a2b2d62-8637-433f-be3f-60f9dc9f206f is started using port 15132 for RATIS_DATASTREAM
2023-06-07 07:10:52,881 [JvmPauseMonitor15] INFO  util.JvmPauseMonitor (JvmPauseMonitor.java:run(103)) - JvmPauseMonitor-2a2b2d62-8637-433f-be3f-60f9dc9f206f: Started
2023-06-07 07:10:52,882 [2912fda5-c0b1-4d9e-ac44-fd313bf4d5ec-groupManagement] INFO  util.JmxRegister (JmxRegister.java:tryRegister(44)) - Successfully registered JMX Bean with object name Ratis:service=RaftServer,group=group-AB933BBAE0CC,id=2912fda5-c0b1-4d9e-ac44-fd313bf4d5ec
2023-06-07 07:10:52,882 [2912fda5-c0b1-4d9e-ac44-fd313bf4d5ec-groupManagement] INFO  server.RaftServerConfigKeys (ConfUtils.java:logGet(46)) - raft.server.snapshot.auto.trigger.enabled = true (custom)
2023-06-07 07:10:52,882 [2912fda5-c0b1-4d9e-ac44-fd313bf4d5ec-groupManagement] INFO  server.RaftServerConfigKeys (ConfUtils.java:logGet(46)) - raft.server.snapshot.auto.trigger.threshold = 10000 (custom)
2023-06-07 07:10:52,882 [2912fda5-c0b1-4d9e-ac44-fd313bf4d5ec-groupManagement] INFO  server.RaftServerConfigKeys (ConfUtils.java:logGet(46)) - raft.server.snapshot.retention.file.num = 5 (custom)
2023-06-07 07:10:52,882 [2912fda5-c0b1-4d9e-ac44-fd313bf4d5ec-groupManagement] INFO  server.RaftServerConfigKeys (ConfUtils.java:logGet(46)) - raft.server.log.purge.upto.snapshot.index = false (default)
2023-06-07 07:10:52,889 [PipelineCommandHandlerThread-0] INFO  ratis.XceiverServerRatis (XceiverServerRatis.java:addGroup(804)) - Created group PipelineID=c312a65c-e52e-4b85-ac95-ab933bbae0cc
2023-06-07 07:10:52,889 [2912fda5-c0b1-4d9e-ac44-fd313bf4d5ec@group-AB933BBAE0CC-FollowerState] INFO  server.RaftServerConfigKeys (ConfUtils.java:logFallback(53)) - raft.server.rpc.first-election.timeout.min = 5s (fallback to raft.server.rpc.timeout.min)
2023-06-07 07:10:52,889 [2912fda5-c0b1-4d9e-ac44-fd313bf4d5ec@group-AB933BBAE0CC-FollowerState] INFO  server.RaftServerConfigKeys (ConfUtils.java:logFallback(53)) - raft.server.rpc.first-election.timeout.max = 5200ms (fallback to raft.server.rpc.timeout.max)
2023-06-07 07:10:52,895 [BlockDeletingService#0] INFO  interfaces.ContainerDeletionChoosingPolicyTemplate (ContainerDeletionChoosingPolicyTemplate.java:chooseContainerForBlockDeletion(83)) - Chosen 0/5000 blocks from 0 candidate containers.
2023-06-07 07:10:53,085 [PipelineCommandHandlerThread-0] INFO  server.RaftServer (RaftServerProxy.java:addNew(98)) - 4867cc16-78cf-4276-b1e1-ad4ddd1b82d4: addNew group-1A902B538ACD:[4867cc16-78cf-4276-b1e1-ad4ddd1b82d4|rpc:10.1.0.31:15041|admin:10.1.0.31:15040|client:10.1.0.31:15039|dataStream:10.1.0.31:15042|priority:1|startupRole:FOLLOWER] returns group-1A902B538ACD:java.util.concurrent.CompletableFuture@4d68a204[Not completed]
2023-06-07 07:10:53,087 [4867cc16-78cf-4276-b1e1-ad4ddd1b82d4-groupManagement] INFO  server.RaftServer$Division (RaftServerImpl.java:<init>(198)) - 4867cc16-78cf-4276-b1e1-ad4ddd1b82d4: new RaftServerImpl for group-1A902B538ACD:[4867cc16-78cf-4276-b1e1-ad4ddd1b82d4|rpc:10.1.0.31:15041|admin:10.1.0.31:15040|client:10.1.0.31:15039|dataStream:10.1.0.31:15042|priority:1|startupRole:FOLLOWER] with ContainerStateMachine:uninitialized
2023-06-07 07:10:53,087 [4867cc16-78cf-4276-b1e1-ad4ddd1b82d4-groupManagement] INFO  server.RaftServerConfigKeys (ConfUtils.java:logGet(46)) - raft.server.rpc.timeout.min = 5s (custom)
2023-06-07 07:10:53,088 [4867cc16-78cf-4276-b1e1-ad4ddd1b82d4-groupManagement] INFO  server.RaftServerConfigKeys (ConfUtils.java:logGet(46)) - raft.server.rpc.timeout.max = 5200ms (custom)
2023-06-07 07:10:53,088 [4867cc16-78cf-4276-b1e1-ad4ddd1b82d4-groupManagement] INFO  server.RaftServerConfigKeys (ConfUtils.java:logGet(46)) - raft.server.rpc.sleep.time = 25ms (default)
2023-06-07 07:10:53,088 [4867cc16-78cf-4276-b1e1-ad4ddd1b82d4-groupManagement] INFO  server.RaftServerConfigKeys (ConfUtils.java:logGet(46)) - raft.server.rpc.slowness.timeout = 300s (custom)
2023-06-07 07:10:53,088 [4867cc16-78cf-4276-b1e1-ad4ddd1b82d4-groupManagement] INFO  server.RaftServerConfigKeys (ConfUtils.java:logGet(46)) - raft.server.leaderelection.leader.step-down.wait-time = 10s (default)
2023-06-07 07:10:53,088 [4867cc16-78cf-4276-b1e1-ad4ddd1b82d4-groupManagement] INFO  server.RaftServerConfigKeys (ConfUtils.java:logGet(46)) - raft.server.sleep.deviation.threshold = 300ms (default)
2023-06-07 07:10:53,088 [4867cc16-78cf-4276-b1e1-ad4ddd1b82d4-groupManagement] INFO  server.RaftServer$Division (ServerState.java:<init>(120)) - 4867cc16-78cf-4276-b1e1-ad4ddd1b82d4@group-1A902B538ACD: ConfigurationManager, init=-1: peers:[4867cc16-78cf-4276-b1e1-ad4ddd1b82d4|rpc:10.1.0.31:15041|admin:10.1.0.31:15040|client:10.1.0.31:15039|dataStream:10.1.0.31:15042|priority:1|startupRole:FOLLOWER]|listeners:[], old=null, confs=<EMPTY_MAP>
2023-06-07 07:10:53,088 [4867cc16-78cf-4276-b1e1-ad4ddd1b82d4-groupManagement] INFO  server.RaftServerConfigKeys (ConfUtils.java:logGet(46)) - raft.server.storage.dir = [/home/runner/work/ozone/ozone/hadoop-ozone/integration-test/target/test-dir/MiniOzoneClusterImpl-28223e3b-fb3b-4559-a623-43dba3cd33a0/datanode-3/data/ratis] (custom)
2023-06-07 07:10:53,088 [4867cc16-78cf-4276-b1e1-ad4ddd1b82d4-groupManagement] INFO  server.RaftServerConfigKeys (ConfUtils.java:logGet(46)) - raft.server.log.corruption.policy = EXCEPTION (default)
2023-06-07 07:10:53,088 [4867cc16-78cf-4276-b1e1-ad4ddd1b82d4-groupManagement] INFO  server.RaftServerConfigKeys (ConfUtils.java:logGet(46)) - raft.server.storage.free-space.min = 0MB (=0) (default)
2023-06-07 07:10:53,089 [4867cc16-78cf-4276-b1e1-ad4ddd1b82d4-groupManagement] INFO  server.RaftServerConfigKeys (ConfUtils.java:logGet(46)) - raft.server.notification.no-leader.timeout = 300s (custom)
2023-06-07 07:10:53,089 [4867cc16-78cf-4276-b1e1-ad4ddd1b82d4-groupManagement] INFO  server.RaftServerConfigKeys (ConfUtils.java:logGet(46)) - raft.server.read.timeout = 10s (default)
2023-06-07 07:10:53,089 [4867cc16-78cf-4276-b1e1-ad4ddd1b82d4-groupManagement] INFO  server.RaftServerConfigKeys (ConfUtils.java:logGet(46)) - raft.server.retrycache.expirytime = 600000ms (custom)
2023-06-07 07:10:53,089 [4867cc16-78cf-4276-b1e1-ad4ddd1b82d4-groupManagement] INFO  server.RaftServerConfigKeys (ConfUtils.java:logGet(46)) - raft.server.retrycache.statistics.expirytime = 100μs (default)
2023-06-07 07:10:53,089 [4867cc16-78cf-4276-b1e1-ad4ddd1b82d4-groupManagement] INFO  server.RaftServerConfigKeys (ConfUtils.java:logGet(46)) - raft.server.read.option = DEFAULT (default)
2023-06-07 07:10:53,091 [4867cc16-78cf-4276-b1e1-ad4ddd1b82d4-groupManagement] INFO  server.RaftServerConfigKeys (ConfUtils.java:logGet(46)) - raft.server.rpc.request.timeout = 60s (custom)
2023-06-07 07:10:53,091 [4867cc16-78cf-4276-b1e1-ad4ddd1b82d4-groupManagement] INFO  server.RaftServerConfigKeys (ConfUtils.java:logGet(46)) - raft.server.log.appender.install.snapshot.enabled = false (custom)
2023-06-07 07:10:53,091 [4867cc16-78cf-4276-b1e1-ad4ddd1b82d4-groupManagement] INFO  server.RaftServerConfigKeys (ConfUtils.java:logGet(46)) - raft.server.threadpool.server.cached = true (default)
2023-06-07 07:10:53,091 [4867cc16-78cf-4276-b1e1-ad4ddd1b82d4-groupManagement] INFO  server.RaftServerConfigKeys (ConfUtils.java:logGet(46)) - raft.server.threadpool.server.size = 0 (default)
2023-06-07 07:10:53,091 [4867cc16-78cf-4276-b1e1-ad4ddd1b82d4-groupManagement] INFO  server.RaftServerConfigKeys (ConfUtils.java:logGet(46)) - raft.server.threadpool.client.cached = true (default)
2023-06-07 07:10:53,091 [4867cc16-78cf-4276-b1e1-ad4ddd1b82d4-groupManagement] INFO  server.RaftServerConfigKeys (ConfUtils.java:logGet(46)) - raft.server.threadpool.client.size = 0 (default)
2023-06-07 07:10:53,091 [4867cc16-78cf-4276-b1e1-ad4ddd1b82d4-groupManagement] INFO  storage.RaftStorageDirectory (RaftStorageDirectoryImpl.java:analyzeStorage(137)) - The storage directory /home/runner/work/ozone/ozone/hadoop-ozone/integration-test/target/test-dir/MiniOzoneClusterImpl-28223e3b-fb3b-4559-a623-43dba3cd33a0/datanode-3/data/ratis/1526e63b-1c4a-438b-bdcc-1a902b538acd does not exist. Creating ...
2023-06-07 07:10:53,093 [4867cc16-78cf-4276-b1e1-ad4ddd1b82d4-groupManagement] INFO  storage.RaftStorageDirectory (RaftStorageDirectoryImpl.java:tryLock(231)) - Lock on /home/runner/work/ozone/ozone/hadoop-ozone/integration-test/target/test-dir/MiniOzoneClusterImpl-28223e3b-fb3b-4559-a623-43dba3cd33a0/datanode-3/data/ratis/1526e63b-1c4a-438b-bdcc-1a902b538acd/in_use.lock acquired by nodename 65108@fv-az246-755
2023-06-07 07:10:53,095 [4867cc16-78cf-4276-b1e1-ad4ddd1b82d4-groupManagement] INFO  storage.RaftStorage (RaftStorageImpl.java:format(96)) - Storage directory /home/runner/work/ozone/ozone/hadoop-ozone/integration-test/target/test-dir/MiniOzoneClusterImpl-28223e3b-fb3b-4559-a623-43dba3cd33a0/datanode-3/data/ratis/1526e63b-1c4a-438b-bdcc-1a902b538acd has been successfully formatted.
2023-06-07 07:10:53,099 [4867cc16-78cf-4276-b1e1-ad4ddd1b82d4-groupManagement] INFO  ratis.ContainerStateMachine (ContainerStateMachine.java:loadSnapshot(262)) - group-1A902B538ACD: The snapshot info is null. Setting the last applied indexto:(t:0, i:~)
2023-06-07 07:10:53,105 [4867cc16-78cf-4276-b1e1-ad4ddd1b82d4-groupManagement] INFO  server.RaftServerConfigKeys (ConfUtils.java:logGet(46)) - raft.server.log.use.memory = false (default)
2023-06-07 07:10:53,107 [EventQueue-PipelineReportForPipelineReportHandler] INFO  pipeline.PipelineManagerImpl (PipelineManagerImpl.java:openPipeline(367)) - Pipeline Pipeline[ Id: 1526e63b-1c4a-438b-bdcc-1a902b538acd, Nodes: 4867cc16-78cf-4276-b1e1-ad4ddd1b82d4(fv-az246-755.dmzl2ssfaldu3choa5k4qgfeyh.jx.internal.cloudapp.net/10.1.0.31), ReplicationConfig: RATIS/ONE, State:ALLOCATED, leaderId:4867cc16-78cf-4276-b1e1-ad4ddd1b82d4, CreationTimestamp2023-06-07T07:10:50.076Z[Etc/UTC]] moved to OPEN state
2023-06-07 07:10:53,108 [4867cc16-78cf-4276-b1e1-ad4ddd1b82d4-groupManagement] INFO  server.RaftServerConfigKeys (ConfUtils.java:logGet(46)) - raft.server.log.purge.gap = 1000000 (custom)
2023-06-07 07:10:53,110 [EventQueue-OpenPipelineForHealthyPipelineSafeModeRule] INFO  safemode.SCMSafeModeManager (HealthyPipelineSafeModeRule.java:process(137)) - SCM in safe mode. Healthy pipelines reported count is 0, required healthy pipeline reported count is 1
2023-06-07 07:10:53,110 [4867cc16-78cf-4276-b1e1-ad4ddd1b82d4-groupManagement] INFO  server.RaftServerConfigKeys (ConfUtils.java:logGet(46)) - raft.server.log.appender.buffer.byte-limit = 33554432 (custom)
2023-06-07 07:10:53,111 [4867cc16-78cf-4276-b1e1-ad4ddd1b82d4-groupManagement] INFO  server.RaftServerConfigKeys (ConfUtils.java:logGet(46)) - raft.server.log.statemachine.data.read.timeout = 1000ms (default)
2023-06-07 07:10:53,111 [4867cc16-78cf-4276-b1e1-ad4ddd1b82d4-groupManagement] INFO  server.RaftServerConfigKeys (ConfUtils.java:logGet(46)) - raft.server.log.purge.preservation.log.num = 0 (default)
2023-06-07 07:10:53,113 [4867cc16-78cf-4276-b1e1-ad4ddd1b82d4-groupManagement] INFO  server.RaftServerConfigKeys (ConfUtils.java:logGet(46)) - raft.server.log.segment.size.max = 1048576 (custom)
2023-06-07 07:10:53,115 [4867cc16-78cf-4276-b1e1-ad4ddd1b82d4-groupManagement] INFO  server.RaftServerConfigKeys (ConfUtils.java:logGet(46)) - raft.server.log.segment.cache.num.max = 2 (custom)
2023-06-07 07:10:53,115 [4867cc16-78cf-4276-b1e1-ad4ddd1b82d4-groupManagement] INFO  server.RaftServerConfigKeys (ConfUtils.java:logGet(46)) - raft.server.log.segment.cache.size.max = 200MB (=209715200) (default)
2023-06-07 07:10:53,115 [4867cc16-78cf-4276-b1e1-ad4ddd1b82d4-groupManagement] INFO  server.RaftServerConfigKeys (ConfUtils.java:logGet(46)) - raft.server.log.appender.buffer.byte-limit = 33554432 (custom)
2023-06-07 07:10:53,115 [4867cc16-78cf-4276-b1e1-ad4ddd1b82d4-groupManagement] INFO  segmented.SegmentedRaftLogWorker (SegmentedRaftLogWorker.java:<init>(188)) - new 4867cc16-78cf-4276-b1e1-ad4ddd1b82d4@group-1A902B538ACD-SegmentedRaftLogWorker for RaftStorageImpl:Storage Directory /home/runner/work/ozone/ozone/hadoop-ozone/integration-test/target/test-dir/MiniOzoneClusterImpl-28223e3b-fb3b-4559-a623-43dba3cd33a0/datanode-3/data/ratis/1526e63b-1c4a-438b-bdcc-1a902b538acd
2023-06-07 07:10:53,115 [4867cc16-78cf-4276-b1e1-ad4ddd1b82d4-groupManagement] INFO  server.RaftServerConfigKeys (ConfUtils.java:logGet(46)) - raft.server.log.queue.byte-limit = 4294967296 (custom)
2023-06-07 07:10:53,115 [4867cc16-78cf-4276-b1e1-ad4ddd1b82d4-groupManagement] INFO  server.RaftServerConfigKeys (ConfUtils.java:logGet(46)) - raft.server.log.queue.element-limit = 1024 (custom)
2023-06-07 07:10:53,115 [4867cc16-78cf-4276-b1e1-ad4ddd1b82d4-groupManagement] INFO  server.RaftServerConfigKeys (ConfUtils.java:logGet(46)) - raft.server.log.segment.size.max = 1048576 (custom)
2023-06-07 07:10:53,115 [4867cc16-78cf-4276-b1e1-ad4ddd1b82d4-groupManagement] INFO  server.RaftServerConfigKeys (ConfUtils.java:logGet(46)) - raft.server.log.preallocated.size = 16384 (custom)
2023-06-07 07:10:53,115 [4867cc16-78cf-4276-b1e1-ad4ddd1b82d4-groupManagement] INFO  server.RaftServerConfigKeys (ConfUtils.java:logGet(46)) - raft.server.log.force.sync.num = 128 (default)
2023-06-07 07:10:53,116 [4867cc16-78cf-4276-b1e1-ad4ddd1b82d4-groupManagement] INFO  server.RaftServerConfigKeys (ConfUtils.java:logGet(46)) - raft.server.log.statemachine.data.sync = true (default)
2023-06-07 07:10:53,116 [4867cc16-78cf-4276-b1e1-ad4ddd1b82d4-groupManagement] INFO  server.RaftServerConfigKeys (ConfUtils.java:logGet(46)) - raft.server.log.statemachine.data.sync.timeout = 10s (default)
2023-06-07 07:10:53,116 [4867cc16-78cf-4276-b1e1-ad4ddd1b82d4-groupManagement] INFO  server.RaftServerConfigKeys (ConfUtils.java:logGet(46)) - raft.server.log.statemachine.data.sync.timeout.retry = -1 (default)
2023-06-07 07:10:53,120 [4867cc16-78cf-4276-b1e1-ad4ddd1b82d4-groupManagement] INFO  server.RaftServerConfigKeys (ConfUtils.java:logGet(46)) - raft.server.log.write.buffer.size = 1048576 (custom)
2023-06-07 07:10:53,120 [4867cc16-78cf-4276-b1e1-ad4ddd1b82d4-groupManagement] INFO  server.RaftServerConfigKeys (ConfUtils.java:logGet(46)) - raft.server.log.appender.buffer.byte-limit = 33554432 (custom)
2023-06-07 07:10:53,131 [4867cc16-78cf-4276-b1e1-ad4ddd1b82d4-groupManagement] INFO  server.RaftServerConfigKeys (ConfUtils.java:logGet(46)) - raft.server.log.unsafe-flush.enabled = false (default)
2023-06-07 07:10:53,133 [4867cc16-78cf-4276-b1e1-ad4ddd1b82d4-groupManagement] INFO  server.RaftServerConfigKeys (ConfUtils.java:logGet(46)) - raft.server.log.async-flush.enabled = false (default)
2023-06-07 07:10:53,133 [4867cc16-78cf-4276-b1e1-ad4ddd1b82d4-groupManagement] INFO  server.RaftServerConfigKeys (ConfUtils.java:logGet(46)) - raft.server.log.statemachine.data.caching.enabled = true (custom)
2023-06-07 07:10:53,133 [4867cc16-78cf-4276-b1e1-ad4ddd1b82d4-groupManagement] INFO  segmented.SegmentedRaftLogWorker (SegmentedRaftLogWorker.java:lambda$new$0(135)) - 4867cc16-78cf-4276-b1e1-ad4ddd1b82d4@group-1A902B538ACD-SegmentedRaftLogWorker: flushIndex: setUnconditionally 0 -> -1
2023-06-07 07:10:53,133 [4867cc16-78cf-4276-b1e1-ad4ddd1b82d4-groupManagement] INFO  segmented.SegmentedRaftLogWorker (SegmentedRaftLogWorker.java:lambda$new$0(135)) - 4867cc16-78cf-4276-b1e1-ad4ddd1b82d4@group-1A902B538ACD-SegmentedRaftLogWorker: safeCacheEvictIndex: setUnconditionally 0 -> -1
2023-06-07 07:10:53,151 [4867cc16-78cf-4276-b1e1-ad4ddd1b82d4-groupManagement] INFO  server.RaftServer$Division (RaftServerImpl.java:start(342)) - 4867cc16-78cf-4276-b1e1-ad4ddd1b82d4@group-1A902B538ACD: start as a follower, conf=-1: peers:[4867cc16-78cf-4276-b1e1-ad4ddd1b82d4|rpc:10.1.0.31:15041|admin:10.1.0.31:15040|client:10.1.0.31:15039|dataStream:10.1.0.31:15042|priority:1|startupRole:FOLLOWER]|listeners:[], old=null
2023-06-07 07:10:53,151 [4867cc16-78cf-4276-b1e1-ad4ddd1b82d4-groupManagement] INFO  server.RaftServer$Division (RaftServerImpl.java:setRole(329)) - 4867cc16-78cf-4276-b1e1-ad4ddd1b82d4@group-1A902B538ACD: changes role from      null to FOLLOWER at term 0 for startAsFollower
2023-06-07 07:10:53,151 [4867cc16-78cf-4276-b1e1-ad4ddd1b82d4-groupManagement] INFO  impl.RoleInfo (RoleInfo.java:updateAndGet(139)) - 4867cc16-78cf-4276-b1e1-ad4ddd1b82d4: start 4867cc16-78cf-4276-b1e1-ad4ddd1b82d4@group-1A902B538ACD-FollowerState
2023-06-07 07:10:53,151 [4867cc16-78cf-4276-b1e1-ad4ddd1b82d4-groupManagement] INFO  util.JmxRegister (JmxRegister.java:tryRegister(44)) - Successfully registered JMX Bean with object name Ratis:service=RaftServer,group=group-1A902B538ACD,id=4867cc16-78cf-4276-b1e1-ad4ddd1b82d4
2023-06-07 07:10:53,151 [4867cc16-78cf-4276-b1e1-ad4ddd1b82d4-groupManagement] INFO  server.RaftServerConfigKeys (ConfUtils.java:logGet(46)) - raft.server.snapshot.auto.trigger.enabled = true (custom)
2023-06-07 07:10:53,151 [4867cc16-78cf-4276-b1e1-ad4ddd1b82d4-groupManagement] INFO  server.RaftServerConfigKeys (ConfUtils.java:logGet(46)) - raft.server.snapshot.auto.trigger.threshold = 10000 (custom)
2023-06-07 07:10:53,151 [4867cc16-78cf-4276-b1e1-ad4ddd1b82d4-groupManagement] INFO  server.RaftServerConfigKeys (ConfUtils.java:logGet(46)) - raft.server.snapshot.retention.file.num = 5 (custom)
2023-06-07 07:10:53,151 [4867cc16-78cf-4276-b1e1-ad4ddd1b82d4-groupManagement] INFO  server.RaftServerConfigKeys (ConfUtils.java:logGet(46)) - raft.server.log.purge.upto.snapshot.index = false (default)
2023-06-07 07:10:53,152 [4867cc16-78cf-4276-b1e1-ad4ddd1b82d4@group-1A902B538ACD-FollowerState] INFO  server.RaftServerConfigKeys (ConfUtils.java:logFallback(53)) - raft.server.rpc.first-election.timeout.min = 5s (fallback to raft.server.rpc.timeout.min)
2023-06-07 07:10:53,153 [4867cc16-78cf-4276-b1e1-ad4ddd1b82d4@group-1A902B538ACD-FollowerState] INFO  server.RaftServerConfigKeys (ConfUtils.java:logFallback(53)) - raft.server.rpc.first-election.timeout.max = 5200ms (fallback to raft.server.rpc.timeout.max)
2023-06-07 07:10:53,161 [PipelineCommandHandlerThread-0] INFO  ratis.XceiverServerRatis (XceiverServerRatis.java:addGroup(804)) - Created group PipelineID=1526e63b-1c4a-438b-bdcc-1a902b538acd
2023-06-07 07:10:53,161 [PipelineCommandHandlerThread-0] INFO  commandhandler.CreatePipelineCommandHandler (CreatePipelineCommandHandler.java:lambda$handle$2(124)) - Created Pipeline RATIS ONE PipelineID=1526e63b-1c4a-438b-bdcc-1a902b538acd.
2023-06-07 07:10:53,167 [PipelineCommandHandlerThread-0] INFO  server.RaftServer (RaftServerProxy.java:addNew(98)) - 4867cc16-78cf-4276-b1e1-ad4ddd1b82d4: addNew group-B292545453D3:[1b66a908-7502-432b-9648-1ff1190a9abb|rpc:10.1.0.31:15059|admin:10.1.0.31:15058|client:10.1.0.31:15057|dataStream:10.1.0.31:15060|priority:0|startupRole:FOLLOWER, c9e90f19-93bd-492a-840b-17fd0f306342|rpc:10.1.0.31:15050|admin:10.1.0.31:15049|client:10.1.0.31:15048|dataStream:10.1.0.31:15051|priority:1|startupRole:FOLLOWER, 4867cc16-78cf-4276-b1e1-ad4ddd1b82d4|rpc:10.1.0.31:15041|admin:10.1.0.31:15040|client:10.1.0.31:15039|dataStream:10.1.0.31:15042|priority:0|startupRole:FOLLOWER] returns group-B292545453D3:java.util.concurrent.CompletableFuture@49572f71[Not completed]
2023-06-07 07:10:53,172 [4867cc16-78cf-4276-b1e1-ad4ddd1b82d4-groupManagement] INFO  server.RaftServer$Division (RaftServerImpl.java:<init>(198)) - 4867cc16-78cf-4276-b1e1-ad4ddd1b82d4: new RaftServerImpl for group-B292545453D3:[1b66a908-7502-432b-9648-1ff1190a9abb|rpc:10.1.0.31:15059|admin:10.1.0.31:15058|client:10.1.0.31:15057|dataStream:10.1.0.31:15060|priority:0|startupRole:FOLLOWER, c9e90f19-93bd-492a-840b-17fd0f306342|rpc:10.1.0.31:15050|admin:10.1.0.31:15049|client:10.1.0.31:15048|dataStream:10.1.0.31:15051|priority:1|startupRole:FOLLOWER, 4867cc16-78cf-4276-b1e1-ad4ddd1b82d4|rpc:10.1.0.31:15041|admin:10.1.0.31:15040|client:10.1.0.31:15039|dataStream:10.1.0.31:15042|priority:0|startupRole:FOLLOWER] with ContainerStateMachine:uninitialized
2023-06-07 07:10:53,172 [4867cc16-78cf-4276-b1e1-ad4ddd1b82d4-groupManagement] INFO  server.RaftServerConfigKeys (ConfUtils.java:logGet(46)) - raft.server.rpc.timeout.min = 5s (custom)
2023-06-07 07:10:53,172 [4867cc16-78cf-4276-b1e1-ad4ddd1b82d4-groupManagement] INFO  server.RaftServerConfigKeys (ConfUtils.java:logGet(46)) - raft.server.rpc.timeout.max = 5200ms (custom)
2023-06-07 07:10:53,172 [4867cc16-78cf-4276-b1e1-ad4ddd1b82d4-groupManagement] INFO  server.RaftServerConfigKeys (ConfUtils.java:logGet(46)) - raft.server.rpc.sleep.time = 25ms (default)
2023-06-07 07:10:53,173 [4867cc16-78cf-4276-b1e1-ad4ddd1b82d4-groupManagement] INFO  server.RaftServerConfigKeys (ConfUtils.java:logGet(46)) - raft.server.rpc.slowness.timeout = 300s (custom)
2023-06-07 07:10:53,173 [4867cc16-78cf-4276-b1e1-ad4ddd1b82d4-groupManagement] INFO  server.RaftServerConfigKeys (ConfUtils.java:logGet(46)) - raft.server.leaderelection.leader.step-down.wait-time = 10s (default)
2023-06-07 07:10:53,173 [4867cc16-78cf-4276-b1e1-ad4ddd1b82d4-groupManagement] INFO  server.RaftServerConfigKeys (ConfUtils.java:logGet(46)) - raft.server.sleep.deviation.threshold = 300ms (default)
2023-06-07 07:10:53,174 [4867cc16-78cf-4276-b1e1-ad4ddd1b82d4-groupManagement] INFO  server.RaftServer$Division (ServerState.java:<init>(120)) - 4867cc16-78cf-4276-b1e1-ad4ddd1b82d4@group-B292545453D3: ConfigurationManager, init=-1: peers:[1b66a908-7502-432b-9648-1ff1190a9abb|rpc:10.1.0.31:15059|admin:10.1.0.31:15058|client:10.1.0.31:15057|dataStream:10.1.0.31:15060|priority:0|startupRole:FOLLOWER, c9e90f19-93bd-492a-840b-17fd0f306342|rpc:10.1.0.31:15050|admin:10.1.0.31:15049|client:10.1.0.31:15048|dataStream:10.1.0.31:15051|priority:1|startupRole:FOLLOWER, 4867cc16-78cf-4276-b1e1-ad4ddd1b82d4|rpc:10.1.0.31:15041|admin:10.1.0.31:15040|client:10.1.0.31:15039|dataStream:10.1.0.31:15042|priority:0|startupRole:FOLLOWER]|listeners:[], old=null, confs=<EMPTY_MAP>
2023-06-07 07:10:53,174 [4867cc16-78cf-4276-b1e1-ad4ddd1b82d4-groupManagement] INFO  server.RaftServerConfigKeys (ConfUtils.java:logGet(46)) - raft.server.storage.dir = [/home/runner/work/ozone/ozone/hadoop-ozone/integration-test/target/test-dir/MiniOzoneClusterImpl-28223e3b-fb3b-4559-a623-43dba3cd33a0/datanode-3/data/ratis] (custom)
2023-06-07 07:10:53,174 [4867cc16-78cf-4276-b1e1-ad4ddd1b82d4-groupManagement] INFO  server.RaftServerConfigKeys (ConfUtils.java:logGet(46)) - raft.server.log.corruption.policy = EXCEPTION (default)
2023-06-07 07:10:53,174 [4867cc16-78cf-4276-b1e1-ad4ddd1b82d4-groupManagement] INFO  server.RaftServerConfigKeys (ConfUtils.java:logGet(46)) - raft.server.storage.free-space.min = 0MB (=0) (default)
2023-06-07 07:10:53,174 [4867cc16-78cf-4276-b1e1-ad4ddd1b82d4-groupManagement] INFO  server.RaftServerConfigKeys (ConfUtils.java:logGet(46)) - raft.server.notification.no-leader.timeout = 300s (custom)
2023-06-07 07:10:53,174 [4867cc16-78cf-4276-b1e1-ad4ddd1b82d4-groupManagement] INFO  server.RaftServerConfigKeys (ConfUtils.java:logGet(46)) - raft.server.read.timeout = 10s (default)
2023-06-07 07:10:53,174 [4867cc16-78cf-4276-b1e1-ad4ddd1b82d4-groupManagement] INFO  server.RaftServerConfigKeys (ConfUtils.java:logGet(46)) - raft.server.retrycache.expirytime = 600000ms (custom)
2023-06-07 07:10:53,174 [4867cc16-78cf-4276-b1e1-ad4ddd1b82d4-groupManagement] INFO  server.RaftServerConfigKeys (ConfUtils.java:logGet(46)) - raft.server.retrycache.statistics.expirytime = 100μs (default)
2023-06-07 07:10:53,174 [4867cc16-78cf-4276-b1e1-ad4ddd1b82d4-groupManagement] INFO  server.RaftServerConfigKeys (ConfUtils.java:logGet(46)) - raft.server.read.option = DEFAULT (default)
2023-06-07 07:10:53,177 [4867cc16-78cf-4276-b1e1-ad4ddd1b82d4-groupManagement] INFO  server.RaftServerConfigKeys (ConfUtils.java:logGet(46)) - raft.server.rpc.request.timeout = 60s (custom)
2023-06-07 07:10:53,177 [4867cc16-78cf-4276-b1e1-ad4ddd1b82d4-groupManagement] INFO  server.RaftServerConfigKeys (ConfUtils.java:logGet(46)) - raft.server.log.appender.install.snapshot.enabled = false (custom)
2023-06-07 07:10:53,177 [4867cc16-78cf-4276-b1e1-ad4ddd1b82d4-groupManagement] INFO  server.RaftServerConfigKeys (ConfUtils.java:logGet(46)) - raft.server.threadpool.server.cached = true (default)
2023-06-07 07:10:53,177 [4867cc16-78cf-4276-b1e1-ad4ddd1b82d4-groupManagement] INFO  server.RaftServerConfigKeys (ConfUtils.java:logGet(46)) - raft.server.threadpool.server.size = 0 (default)
2023-06-07 07:10:53,177 [4867cc16-78cf-4276-b1e1-ad4ddd1b82d4-groupManagement] INFO  server.RaftServerConfigKeys (ConfUtils.java:logGet(46)) - raft.server.threadpool.client.cached = true (default)
2023-06-07 07:10:53,177 [4867cc16-78cf-4276-b1e1-ad4ddd1b82d4-groupManagement] INFO  server.RaftServerConfigKeys (ConfUtils.java:logGet(46)) - raft.server.threadpool.client.size = 0 (default)
2023-06-07 07:10:53,179 [4867cc16-78cf-4276-b1e1-ad4ddd1b82d4-groupManagement] INFO  storage.RaftStorageDirectory (RaftStorageDirectoryImpl.java:analyzeStorage(137)) - The storage directory /home/runner/work/ozone/ozone/hadoop-ozone/integration-test/target/test-dir/MiniOzoneClusterImpl-28223e3b-fb3b-4559-a623-43dba3cd33a0/datanode-3/data/ratis/800a9cfe-39c7-45b0-ab17-b292545453d3 does not exist. Creating ...
2023-06-07 07:10:53,181 [4867cc16-78cf-4276-b1e1-ad4ddd1b82d4-groupManagement] INFO  storage.RaftStorageDirectory (RaftStorageDirectoryImpl.java:tryLock(231)) - Lock on /home/runner/work/ozone/ozone/hadoop-ozone/integration-test/target/test-dir/MiniOzoneClusterImpl-28223e3b-fb3b-4559-a623-43dba3cd33a0/datanode-3/data/ratis/800a9cfe-39c7-45b0-ab17-b292545453d3/in_use.lock acquired by nodename 65108@fv-az246-755
2023-06-07 07:10:53,189 [4867cc16-78cf-4276-b1e1-ad4ddd1b82d4-groupManagement] INFO  storage.RaftStorage (RaftStorageImpl.java:format(96)) - Storage directory /home/runner/work/ozone/ozone/hadoop-ozone/integration-test/target/test-dir/MiniOzoneClusterImpl-28223e3b-fb3b-4559-a623-43dba3cd33a0/datanode-3/data/ratis/800a9cfe-39c7-45b0-ab17-b292545453d3 has been successfully formatted.
2023-06-07 07:10:53,192 [EventQueue-OpenPipelineForHealthyPipelineSafeModeRule] INFO  safemode.SCMSafeModeManager (HealthyPipelineSafeModeRule.java:process(137)) - SCM in safe mode. Healthy pipelines reported count is 0, required healthy pipeline reported count is 1
2023-06-07 07:10:53,194 [4867cc16-78cf-4276-b1e1-ad4ddd1b82d4-groupManagement] INFO  ratis.ContainerStateMachine (ContainerStateMachine.java:loadSnapshot(262)) - group-B292545453D3: The snapshot info is null. Setting the last applied indexto:(t:0, i:~)
2023-06-07 07:10:53,205 [4867cc16-78cf-4276-b1e1-ad4ddd1b82d4-groupManagement] INFO  server.RaftServerConfigKeys (ConfUtils.java:logGet(46)) - raft.server.log.use.memory = false (default)
2023-06-07 07:10:53,205 [4867cc16-78cf-4276-b1e1-ad4ddd1b82d4-groupManagement] INFO  server.RaftServerConfigKeys (ConfUtils.java:logGet(46)) - raft.server.log.purge.gap = 1000000 (custom)
2023-06-07 07:10:53,205 [4867cc16-78cf-4276-b1e1-ad4ddd1b82d4-groupManagement] INFO  server.RaftServerConfigKeys (ConfUtils.java:logGet(46)) - raft.server.log.appender.buffer.byte-limit = 33554432 (custom)
2023-06-07 07:10:53,206 [4867cc16-78cf-4276-b1e1-ad4ddd1b82d4-groupManagement] INFO  server.RaftServerConfigKeys (ConfUtils.java:logGet(46)) - raft.server.log.statemachine.data.read.timeout = 1000ms (default)
2023-06-07 07:10:53,206 [4867cc16-78cf-4276-b1e1-ad4ddd1b82d4-groupManagement] INFO  server.RaftServerConfigKeys (ConfUtils.java:logGet(46)) - raft.server.log.purge.preservation.log.num = 0 (default)
2023-06-07 07:10:53,206 [4867cc16-78cf-4276-b1e1-ad4ddd1b82d4-groupManagement] INFO  server.RaftServerConfigKeys (ConfUtils.java:logGet(46)) - raft.server.log.segment.size.max = 1048576 (custom)
2023-06-07 07:10:53,207 [4867cc16-78cf-4276-b1e1-ad4ddd1b82d4-groupManagement] INFO  server.RaftServerConfigKeys (ConfUtils.java:logGet(46)) - raft.server.log.segment.cache.num.max = 2 (custom)
2023-06-07 07:10:53,207 [4867cc16-78cf-4276-b1e1-ad4ddd1b82d4-groupManagement] INFO  server.RaftServerConfigKeys (ConfUtils.java:logGet(46)) - raft.server.log.segment.cache.size.max = 200MB (=209715200) (default)
2023-06-07 07:10:53,207 [4867cc16-78cf-4276-b1e1-ad4ddd1b82d4-groupManagement] INFO  server.RaftServerConfigKeys (ConfUtils.java:logGet(46)) - raft.server.log.appender.buffer.byte-limit = 33554432 (custom)
2023-06-07 07:10:53,207 [4867cc16-78cf-4276-b1e1-ad4ddd1b82d4-groupManagement] INFO  segmented.SegmentedRaftLogWorker (SegmentedRaftLogWorker.java:<init>(188)) - new 4867cc16-78cf-4276-b1e1-ad4ddd1b82d4@group-B292545453D3-SegmentedRaftLogWorker for RaftStorageImpl:Storage Directory /home/runner/work/ozone/ozone/hadoop-ozone/integration-test/target/test-dir/MiniOzoneClusterImpl-28223e3b-fb3b-4559-a623-43dba3cd33a0/datanode-3/data/ratis/800a9cfe-39c7-45b0-ab17-b292545453d3
2023-06-07 07:10:53,207 [4867cc16-78cf-4276-b1e1-ad4ddd1b82d4-groupManagement] INFO  server.RaftServerConfigKeys (ConfUtils.java:logGet(46)) - raft.server.log.queue.byte-limit = 4294967296 (custom)
2023-06-07 07:10:53,207 [4867cc16-78cf-4276-b1e1-ad4ddd1b82d4-groupManagement] INFO  server.RaftServerConfigKeys (ConfUtils.java:logGet(46)) - raft.server.log.queue.element-limit = 1024 (custom)
2023-06-07 07:10:53,207 [4867cc16-78cf-4276-b1e1-ad4ddd1b82d4-groupManagement] INFO  server.RaftServerConfigKeys (ConfUtils.java:logGet(46)) - raft.server.log.segment.size.max = 1048576 (custom)
2023-06-07 07:10:53,207 [4867cc16-78cf-4276-b1e1-ad4ddd1b82d4-groupManagement] INFO  server.RaftServerConfigKeys (ConfUtils.java:logGet(46)) - raft.server.log.preallocated.size = 16384 (custom)
2023-06-07 07:10:53,207 [4867cc16-78cf-4276-b1e1-ad4ddd1b82d4-groupManagement] INFO  server.RaftServerConfigKeys (ConfUtils.java:logGet(46)) - raft.server.log.force.sync.num = 128 (default)
2023-06-07 07:10:53,208 [4867cc16-78cf-4276-b1e1-ad4ddd1b82d4-groupManagement] INFO  server.RaftServerConfigKeys (ConfUtils.java:logGet(46)) - raft.server.log.statemachine.data.sync = true (default)
2023-06-07 07:10:53,208 [4867cc16-78cf-4276-b1e1-ad4ddd1b82d4-groupManagement] INFO  server.RaftServerConfigKeys (ConfUtils.java:logGet(46)) - raft.server.log.statemachine.data.sync.timeout = 10s (default)
2023-06-07 07:10:53,208 [4867cc16-78cf-4276-b1e1-ad4ddd1b82d4-groupManagement] INFO  server.RaftServerConfigKeys (ConfUtils.java:logGet(46)) - raft.server.log.statemachine.data.sync.timeout.retry = -1 (default)
2023-06-07 07:10:53,218 [4867cc16-78cf-4276-b1e1-ad4ddd1b82d4-groupManagement] INFO  server.RaftServerConfigKeys (ConfUtils.java:logGet(46)) - raft.server.log.write.buffer.size = 1048576 (custom)
2023-06-07 07:10:53,229 [4867cc16-78cf-4276-b1e1-ad4ddd1b82d4-groupManagement] INFO  server.RaftServerConfigKeys (ConfUtils.java:logGet(46)) - raft.server.log.appender.buffer.byte-limit = 33554432 (custom)
2023-06-07 07:10:53,237 [4867cc16-78cf-4276-b1e1-ad4ddd1b82d4-groupManagement] INFO  server.RaftServerConfigKeys (ConfUtils.java:logGet(46)) - raft.server.log.unsafe-flush.enabled = false (default)
2023-06-07 07:10:53,248 [4867cc16-78cf-4276-b1e1-ad4ddd1b82d4-groupManagement] INFO  server.RaftServerConfigKeys (ConfUtils.java:logGet(46)) - raft.server.log.async-flush.enabled = false (default)
2023-06-07 07:10:53,248 [4867cc16-78cf-4276-b1e1-ad4ddd1b82d4-groupManagement] INFO  server.RaftServerConfigKeys (ConfUtils.java:logGet(46)) - raft.server.log.statemachine.data.caching.enabled = true (custom)
2023-06-07 07:10:53,248 [4867cc16-78cf-4276-b1e1-ad4ddd1b82d4-groupManagement] INFO  segmented.SegmentedRaftLogWorker (SegmentedRaftLogWorker.java:lambda$new$0(135)) - 4867cc16-78cf-4276-b1e1-ad4ddd1b82d4@group-B292545453D3-SegmentedRaftLogWorker: flushIndex: setUnconditionally 0 -> -1
2023-06-07 07:10:53,248 [4867cc16-78cf-4276-b1e1-ad4ddd1b82d4-groupManagement] INFO  segmented.SegmentedRaftLogWorker (SegmentedRaftLogWorker.java:lambda$new$0(135)) - 4867cc16-78cf-4276-b1e1-ad4ddd1b82d4@group-B292545453D3-SegmentedRaftLogWorker: safeCacheEvictIndex: setUnconditionally 0 -> -1
2023-06-07 07:10:53,252 [4867cc16-78cf-4276-b1e1-ad4ddd1b82d4-groupManagement] INFO  server.RaftServer$Division (RaftServerImpl.java:start(342)) - 4867cc16-78cf-4276-b1e1-ad4ddd1b82d4@group-B292545453D3: start as a follower, conf=-1: peers:[1b66a908-7502-432b-9648-1ff1190a9abb|rpc:10.1.0.31:15059|admin:10.1.0.31:15058|client:10.1.0.31:15057|dataStream:10.1.0.31:15060|priority:0|startupRole:FOLLOWER, c9e90f19-93bd-492a-840b-17fd0f306342|rpc:10.1.0.31:15050|admin:10.1.0.31:15049|client:10.1.0.31:15048|dataStream:10.1.0.31:15051|priority:1|startupRole:FOLLOWER, 4867cc16-78cf-4276-b1e1-ad4ddd1b82d4|rpc:10.1.0.31:15041|admin:10.1.0.31:15040|client:10.1.0.31:15039|dataStream:10.1.0.31:15042|priority:0|startupRole:FOLLOWER]|listeners:[], old=null
2023-06-07 07:10:53,252 [4867cc16-78cf-4276-b1e1-ad4ddd1b82d4-groupManagement] INFO  server.RaftServer$Division (RaftServerImpl.java:setRole(329)) - 4867cc16-78cf-4276-b1e1-ad4ddd1b82d4@group-B292545453D3: changes role from      null to FOLLOWER at term 0 for startAsFollower
2023-06-07 07:10:53,253 [4867cc16-78cf-4276-b1e1-ad4ddd1b82d4-groupManagement] INFO  impl.RoleInfo (RoleInfo.java:updateAndGet(139)) - 4867cc16-78cf-4276-b1e1-ad4ddd1b82d4: start 4867cc16-78cf-4276-b1e1-ad4ddd1b82d4@group-B292545453D3-FollowerState
2023-06-07 07:10:53,254 [4867cc16-78cf-4276-b1e1-ad4ddd1b82d4-groupManagement] INFO  util.JmxRegister (JmxRegister.java:tryRegister(44)) - Successfully registered JMX Bean with object name Ratis:service=RaftServer,group=group-B292545453D3,id=4867cc16-78cf-4276-b1e1-ad4ddd1b82d4
2023-06-07 07:10:53,254 [4867cc16-78cf-4276-b1e1-ad4ddd1b82d4-groupManagement] INFO  server.RaftServerConfigKeys (ConfUtils.java:logGet(46)) - raft.server.snapshot.auto.trigger.enabled = true (custom)
2023-06-07 07:10:53,254 [4867cc16-78cf-4276-b1e1-ad4ddd1b82d4-groupManagement] INFO  server.RaftServerConfigKeys (ConfUtils.java:logGet(46)) - raft.server.snapshot.auto.trigger.threshold = 10000 (custom)
2023-06-07 07:10:53,254 [4867cc16-78cf-4276-b1e1-ad4ddd1b82d4-groupManagement] INFO  server.RaftServerConfigKeys (ConfUtils.java:logGet(46)) - raft.server.snapshot.retention.file.num = 5 (custom)
2023-06-07 07:10:53,254 [4867cc16-78cf-4276-b1e1-ad4ddd1b82d4-groupManagement] INFO  server.RaftServerConfigKeys (ConfUtils.java:logGet(46)) - raft.server.log.purge.upto.snapshot.index = false (default)
2023-06-07 07:10:53,255 [4867cc16-78cf-4276-b1e1-ad4ddd1b82d4@group-B292545453D3-FollowerState] INFO  server.RaftServerConfigKeys (ConfUtils.java:logFallback(53)) - raft.server.rpc.first-election.timeout.min = 5s (fallback to raft.server.rpc.timeout.min)
2023-06-07 07:10:53,255 [4867cc16-78cf-4276-b1e1-ad4ddd1b82d4@group-B292545453D3-FollowerState] INFO  server.RaftServerConfigKeys (ConfUtils.java:logFallback(53)) - raft.server.rpc.first-election.timeout.max = 5200ms (fallback to raft.server.rpc.timeout.max)
2023-06-07 07:10:53,256 [PipelineCommandHandlerThread-0] INFO  ratis.XceiverServerRatis (XceiverServerRatis.java:addGroup(804)) - Created group PipelineID=800a9cfe-39c7-45b0-ab17-b292545453d3
2023-06-07 07:10:53,310 [IPC Server handler 0 on default port 15002] INFO  net.NetworkTopologyImpl (NetworkTopologyImpl.java:add(112)) - Added a new node: /default-rack/b1b35183-3015-42af-b03c-e7d97dc9a7f6
2023-06-07 07:10:53,311 [IPC Server handler 0 on default port 15002] INFO  node.SCMNodeManager (SCMNodeManager.java:register(407)) - Registered Data node : b1b35183-3015-42af-b03c-e7d97dc9a7f6{ip: 10.1.0.31, host: fv-az246-755.dmzl2ssfaldu3choa5k4qgfeyh.jx.internal.cloudapp.net, ports: [HTTP=15099, CLIENT_RPC=15100, REPLICATION=15106, RATIS=15102, RATIS_ADMIN=15103, RATIS_SERVER=15104, RATIS_DATASTREAM=15105, STANDALONE=15101], networkLocation: /default-rack, certSerialId: null, persistedOpState: null, persistedOpStateExpiryEpochSec: 0}
2023-06-07 07:10:53,311 [EventQueue-NewNodeForNewNodeHandler] INFO  pipeline.BackgroundPipelineCreator (BackgroundPipelineCreator.java:notifyEventTriggered(276)) - trigger a one-shot run on RatisPipelineUtilsThread.
2023-06-07 07:10:53,312 [RatisPipelineUtilsThread - 0] INFO  pipeline.RatisPipelineProvider (RatisPipelineProvider.java:lambda$create$0(206)) - Sending CreatePipelineCommand for pipeline:PipelineID=9af600a4-9831-4fa9-9058-71d6bb20000e to datanode:b1b35183-3015-42af-b03c-e7d97dc9a7f6
2023-06-07 07:10:53,312 [RatisPipelineUtilsThread - 0] INFO  pipeline.PipelineStateManagerImpl (PipelineStateManagerImpl.java:addPipeline(103)) - Created pipeline Pipeline[ Id: 9af600a4-9831-4fa9-9058-71d6bb20000e, Nodes: b1b35183-3015-42af-b03c-e7d97dc9a7f6(fv-az246-755.dmzl2ssfaldu3choa5k4qgfeyh.jx.internal.cloudapp.net/10.1.0.31), ReplicationConfig: RATIS/ONE, State:ALLOCATED, leaderId:, CreationTimestamp2023-06-07T07:10:53.312Z[Etc/UTC]].
2023-06-07 07:10:53,313 [RatisPipelineUtilsThread - 0] WARN  pipeline.PipelinePlacementPolicy (PipelinePlacementPolicy.java:filterViableNodes(166)) - Pipeline creation failed due to no sufficient healthy datanodes. Required 3. Found 2. Excluded 9.
2023-06-07 07:10:53,318 [grpc-default-executor-2] INFO  server.RaftServer (RaftServerProxy.java:addNew(98)) - 1b66a908-7502-432b-9648-1ff1190a9abb: addNew group-B292545453D3:[1b66a908-7502-432b-9648-1ff1190a9abb|rpc:10.1.0.31:15059|admin:10.1.0.31:15058|client:10.1.0.31:15057|dataStream:10.1.0.31:15060|priority:0|startupRole:FOLLOWER, c9e90f19-93bd-492a-840b-17fd0f306342|rpc:10.1.0.31:15050|admin:10.1.0.31:15049|client:10.1.0.31:15048|dataStream:10.1.0.31:15051|priority:1|startupRole:FOLLOWER, 4867cc16-78cf-4276-b1e1-ad4ddd1b82d4|rpc:10.1.0.31:15041|admin:10.1.0.31:15040|client:10.1.0.31:15039|dataStream:10.1.0.31:15042|priority:0|startupRole:FOLLOWER] returns group-B292545453D3:java.util.concurrent.CompletableFuture@ee50383[Not completed]
2023-06-07 07:10:53,320 [PipelineCommandHandlerThread-0] INFO  commandhandler.CreatePipelineCommandHandler (CreatePipelineCommandHandler.java:lambda$handle$2(124)) - Created Pipeline RATIS THREE PipelineID=c312a65c-e52e-4b85-ac95-ab933bbae0cc.
2023-06-07 07:10:53,321 [PipelineCommandHandlerThread-0] INFO  server.RaftServer (RaftServerProxy.java:addNew(98)) - 2912fda5-c0b1-4d9e-ac44-fd313bf4d5ec: addNew group-CFA832B76C4A:[add60280-7665-46a7-8f97-112ab314f22d|rpc:10.1.0.31:15014|admin:10.1.0.31:15013|client:10.1.0.31:15012|dataStream:10.1.0.31:15015|priority:0|startupRole:FOLLOWER, 44d8f5b4-8dfc-4dc1-b3e0-dd93457af28b|rpc:10.1.0.31:15023|admin:10.1.0.31:15022|client:10.1.0.31:15021|dataStream:10.1.0.31:15024|priority:1|startupRole:FOLLOWER, 2912fda5-c0b1-4d9e-ac44-fd313bf4d5ec|rpc:10.1.0.31:15032|admin:10.1.0.31:15031|client:10.1.0.31:15030|dataStream:10.1.0.31:15033|priority:0|startupRole:FOLLOWER] returns group-CFA832B76C4A:java.util.concurrent.CompletableFuture@1cfed371[Not completed]
2023-06-07 07:10:53,322 [2912fda5-c0b1-4d9e-ac44-fd313bf4d5ec-groupManagement] INFO  server.RaftServer$Division (RaftServerImpl.java:<init>(198)) - 2912fda5-c0b1-4d9e-ac44-fd313bf4d5ec: new RaftServerImpl for group-CFA832B76C4A:[add60280-7665-46a7-8f97-112ab314f22d|rpc:10.1.0.31:15014|admin:10.1.0.31:15013|client:10.1.0.31:15012|dataStream:10.1.0.31:15015|priority:0|startupRole:FOLLOWER, 44d8f5b4-8dfc-4dc1-b3e0-dd93457af28b|rpc:10.1.0.31:15023|admin:10.1.0.31:15022|client:10.1.0.31:15021|dataStream:10.1.0.31:15024|priority:1|startupRole:FOLLOWER, 2912fda5-c0b1-4d9e-ac44-fd313bf4d5ec|rpc:10.1.0.31:15032|admin:10.1.0.31:15031|client:10.1.0.31:15030|dataStream:10.1.0.31:15033|priority:0|startupRole:FOLLOWER] with ContainerStateMachine:uninitialized
2023-06-07 07:10:53,322 [2912fda5-c0b1-4d9e-ac44-fd313bf4d5ec-groupManagement] INFO  server.RaftServerConfigKeys (ConfUtils.java:logGet(46)) - raft.server.rpc.timeout.min = 5s (custom)
2023-06-07 07:10:53,322 [2912fda5-c0b1-4d9e-ac44-fd313bf4d5ec-groupManagement] INFO  server.RaftServerConfigKeys (ConfUtils.java:logGet(46)) - raft.server.rpc.timeout.max = 5200ms (custom)
2023-06-07 07:10:53,322 [2912fda5-c0b1-4d9e-ac44-fd313bf4d5ec-groupManagement] INFO  server.RaftServerConfigKeys (ConfUtils.java:logGet(46)) - raft.server.rpc.sleep.time = 25ms (default)
2023-06-07 07:10:53,322 [2912fda5-c0b1-4d9e-ac44-fd313bf4d5ec-groupManagement] INFO  server.RaftServerConfigKeys (ConfUtils.java:logGet(46)) - raft.server.rpc.slowness.timeout = 300s (custom)
2023-06-07 07:10:53,322 [2912fda5-c0b1-4d9e-ac44-fd313bf4d5ec-groupManagement] INFO  server.RaftServerConfigKeys (ConfUtils.java:logGet(46)) - raft.server.leaderelection.leader.step-down.wait-time = 10s (default)
2023-06-07 07:10:53,322 [2912fda5-c0b1-4d9e-ac44-fd313bf4d5ec-groupManagement] INFO  server.RaftServerConfigKeys (ConfUtils.java:logGet(46)) - raft.server.sleep.deviation.threshold = 300ms (default)
2023-06-07 07:10:53,322 [2912fda5-c0b1-4d9e-ac44-fd313bf4d5ec-groupManagement] INFO  server.RaftServer$Division (ServerState.java:<init>(120)) - 2912fda5-c0b1-4d9e-ac44-fd313bf4d5ec@group-CFA832B76C4A: ConfigurationManager, init=-1: peers:[add60280-7665-46a7-8f97-112ab314f22d|rpc:10.1.0.31:15014|admin:10.1.0.31:15013|client:10.1.0.31:15012|dataStream:10.1.0.31:15015|priority:0|startupRole:FOLLOWER, 44d8f5b4-8dfc-4dc1-b3e0-dd93457af28b|rpc:10.1.0.31:15023|admin:10.1.0.31:15022|client:10.1.0.31:15021|dataStream:10.1.0.31:15024|priority:1|startupRole:FOLLOWER, 2912fda5-c0b1-4d9e-ac44-fd313bf4d5ec|rpc:10.1.0.31:15032|admin:10.1.0.31:15031|client:10.1.0.31:15030|dataStream:10.1.0.31:15033|priority:0|startupRole:FOLLOWER]|listeners:[], old=null, confs=<EMPTY_MAP>
2023-06-07 07:10:53,325 [PipelineCommandHandlerThread-0] INFO  commandhandler.CreatePipelineCommandHandler (CreatePipelineCommandHandler.java:lambda$handle$2(124)) - Created Pipeline RATIS THREE PipelineID=c312a65c-e52e-4b85-ac95-ab933bbae0cc.
2023-06-07 07:10:53,326 [1b66a908-7502-432b-9648-1ff1190a9abb-groupManagement] INFO  server.RaftServer$Division (RaftServerImpl.java:<init>(198)) - 1b66a908-7502-432b-9648-1ff1190a9abb: new RaftServerImpl for group-B292545453D3:[1b66a908-7502-432b-9648-1ff1190a9abb|rpc:10.1.0.31:15059|admin:10.1.0.31:15058|client:10.1.0.31:15057|dataStream:10.1.0.31:15060|priority:0|startupRole:FOLLOWER, c9e90f19-93bd-492a-840b-17fd0f306342|rpc:10.1.0.31:15050|admin:10.1.0.31:15049|client:10.1.0.31:15048|dataStream:10.1.0.31:15051|priority:1|startupRole:FOLLOWER, 4867cc16-78cf-4276-b1e1-ad4ddd1b82d4|rpc:10.1.0.31:15041|admin:10.1.0.31:15040|client:10.1.0.31:15039|dataStream:10.1.0.31:15042|priority:0|startupRole:FOLLOWER] with ContainerStateMachine:uninitialized
2023-06-07 07:10:53,326 [2912fda5-c0b1-4d9e-ac44-fd313bf4d5ec-groupManagement] INFO  server.RaftServerConfigKeys (ConfUtils.java:logGet(46)) - raft.server.storage.dir = [/home/runner/work/ozone/ozone/hadoop-ozone/integration-test/target/test-dir/MiniOzoneClusterImpl-28223e3b-fb3b-4559-a623-43dba3cd33a0/datanode-2/data/ratis] (custom)
2023-06-07 07:10:53,326 [PipelineCommandHandlerThread-0] INFO  server.RaftServer (RaftServerProxy.java:addNew(98)) - 44d8f5b4-8dfc-4dc1-b3e0-dd93457af28b: addNew group-CFA832B76C4A:[add60280-7665-46a7-8f97-112ab314f22d|rpc:10.1.0.31:15014|admin:10.1.0.31:15013|client:10.1.0.31:15012|dataStream:10.1.0.31:15015|priority:0|startupRole:FOLLOWER, 44d8f5b4-8dfc-4dc1-b3e0-dd93457af28b|rpc:10.1.0.31:15023|admin:10.1.0.31:15022|client:10.1.0.31:15021|dataStream:10.1.0.31:15024|priority:1|startupRole:FOLLOWER, 2912fda5-c0b1-4d9e-ac44-fd313bf4d5ec|rpc:10.1.0.31:15032|admin:10.1.0.31:15031|client:10.1.0.31:15030|dataStream:10.1.0.31:15033|priority:0|startupRole:FOLLOWER] returns group-CFA832B76C4A:java.util.concurrent.CompletableFuture@4bca7b9f[Not completed]
2023-06-07 07:10:53,326 [2912fda5-c0b1-4d9e-ac44-fd313bf4d5ec-groupManagement] INFO  server.RaftServerConfigKeys (ConfUtils.java:logGet(46)) - raft.server.log.corruption.policy = EXCEPTION (default)
2023-06-07 07:10:53,326 [2912fda5-c0b1-4d9e-ac44-fd313bf4d5ec-groupManagement] INFO  server.RaftServerConfigKeys (ConfUtils.java:logGet(46)) - raft.server.storage.free-space.min = 0MB (=0) (default)
2023-06-07 07:10:53,326 [2912fda5-c0b1-4d9e-ac44-fd313bf4d5ec-groupManagement] INFO  server.RaftServerConfigKeys (ConfUtils.java:logGet(46)) - raft.server.notification.no-leader.timeout = 300s (custom)
2023-06-07 07:10:53,326 [2912fda5-c0b1-4d9e-ac44-fd313bf4d5ec-groupManagement] INFO  server.RaftServerConfigKeys (ConfUtils.java:logGet(46)) - raft.server.read.timeout = 10s (default)
2023-06-07 07:10:53,326 [2912fda5-c0b1-4d9e-ac44-fd313bf4d5ec-groupManagement] INFO  server.RaftServerConfigKeys (ConfUtils.java:logGet(46)) - raft.server.retrycache.expirytime = 600000ms (custom)
2023-06-07 07:10:53,326 [2912fda5-c0b1-4d9e-ac44-fd313bf4d5ec-groupManagement] INFO  server.RaftServerConfigKeys (ConfUtils.java:logGet(46)) - raft.server.retrycache.statistics.expirytime = 100μs (default)
2023-06-07 07:10:53,326 [2912fda5-c0b1-4d9e-ac44-fd313bf4d5ec-groupManagement] INFO  server.RaftServerConfigKeys (ConfUtils.java:logGet(46)) - raft.server.read.option = DEFAULT (default)
2023-06-07 07:10:53,327 [1b66a908-7502-432b-9648-1ff1190a9abb-groupManagement] INFO  server.RaftServerConfigKeys (ConfUtils.java:logGet(46)) - raft.server.rpc.timeout.min = 5s (custom)
2023-06-07 07:10:53,331 [2912fda5-c0b1-4d9e-ac44-fd313bf4d5ec-groupManagement] INFO  server.RaftServerConfigKeys (ConfUtils.java:logGet(46)) - raft.server.rpc.request.timeout = 60s (custom)
2023-06-07 07:10:53,327 [44d8f5b4-8dfc-4dc1-b3e0-dd93457af28b-groupManagement] INFO  server.RaftServer$Division (RaftServerImpl.java:<init>(198)) - 44d8f5b4-8dfc-4dc1-b3e0-dd93457af28b: new RaftServerImpl for group-CFA832B76C4A:[add60280-7665-46a7-8f97-112ab314f22d|rpc:10.1.0.31:15014|admin:10.1.0.31:15013|client:10.1.0.31:15012|dataStream:10.1.0.31:15015|priority:0|startupRole:FOLLOWER, 44d8f5b4-8dfc-4dc1-b3e0-dd93457af28b|rpc:10.1.0.31:15023|admin:10.1.0.31:15022|client:10.1.0.31:15021|dataStream:10.1.0.31:15024|priority:1|startupRole:FOLLOWER, 2912fda5-c0b1-4d9e-ac44-fd313bf4d5ec|rpc:10.1.0.31:15032|admin:10.1.0.31:15031|client:10.1.0.31:15030|dataStream:10.1.0.31:15033|priority:0|startupRole:FOLLOWER] with ContainerStateMachine:uninitialized
2023-06-07 07:10:53,331 [1b66a908-7502-432b-9648-1ff1190a9abb-groupManagement] INFO  server.RaftServerConfigKeys (ConfUtils.java:logGet(46)) - raft.server.rpc.timeout.max = 5200ms (custom)
2023-06-07 07:10:53,331 [2912fda5-c0b1-4d9e-ac44-fd313bf4d5ec-groupManagement] INFO  server.RaftServerConfigKeys (ConfUtils.java:logGet(46)) - raft.server.log.appender.install.snapshot.enabled = false (custom)
2023-06-07 07:10:53,331 [2912fda5-c0b1-4d9e-ac44-fd313bf4d5ec-groupManagement] INFO  server.RaftServerConfigKeys (ConfUtils.java:logGet(46)) - raft.server.threadpool.server.cached = true (default)
2023-06-07 07:10:53,332 [2912fda5-c0b1-4d9e-ac44-fd313bf4d5ec-groupManagement] INFO  server.RaftServerConfigKeys (ConfUtils.java:logGet(46)) - raft.server.threadpool.server.size = 0 (default)
2023-06-07 07:10:53,331 [44d8f5b4-8dfc-4dc1-b3e0-dd93457af28b-groupManagement] INFO  server.RaftServerConfigKeys (ConfUtils.java:logGet(46)) - raft.server.rpc.timeout.min = 5s (custom)
2023-06-07 07:10:53,332 [1b66a908-7502-432b-9648-1ff1190a9abb-groupManagement] INFO  server.RaftServerConfigKeys (ConfUtils.java:logGet(46)) - raft.server.rpc.sleep.time = 25ms (default)
2023-06-07 07:10:53,332 [44d8f5b4-8dfc-4dc1-b3e0-dd93457af28b-groupManagement] INFO  server.RaftServerConfigKeys (ConfUtils.java:logGet(46)) - raft.server.rpc.timeout.max = 5200ms (custom)
2023-06-07 07:10:53,332 [44d8f5b4-8dfc-4dc1-b3e0-dd93457af28b-groupManagement] INFO  server.RaftServerConfigKeys (ConfUtils.java:logGet(46)) - raft.server.rpc.sleep.time = 25ms (default)
2023-06-07 07:10:53,332 [44d8f5b4-8dfc-4dc1-b3e0-dd93457af28b-groupManagement] INFO  server.RaftServerConfigKeys (ConfUtils.java:logGet(46)) - raft.server.rpc.slowness.timeout = 300s (custom)
2023-06-07 07:10:53,332 [44d8f5b4-8dfc-4dc1-b3e0-dd93457af28b-groupManagement] INFO  server.RaftServerConfigKeys (ConfUtils.java:logGet(46)) - raft.server.leaderelection.leader.step-down.wait-time = 10s (default)
2023-06-07 07:10:53,332 [44d8f5b4-8dfc-4dc1-b3e0-dd93457af28b-groupManagement] INFO  server.RaftServerConfigKeys (ConfUtils.java:logGet(46)) - raft.server.sleep.deviation.threshold = 300ms (default)
2023-06-07 07:10:53,332 [44d8f5b4-8dfc-4dc1-b3e0-dd93457af28b-groupManagement] INFO  server.RaftServer$Division (ServerState.java:<init>(120)) - 44d8f5b4-8dfc-4dc1-b3e0-dd93457af28b@group-CFA832B76C4A: ConfigurationManager, init=-1: peers:[add60280-7665-46a7-8f97-112ab314f22d|rpc:10.1.0.31:15014|admin:10.1.0.31:15013|client:10.1.0.31:15012|dataStream:10.1.0.31:15015|priority:0|startupRole:FOLLOWER, 44d8f5b4-8dfc-4dc1-b3e0-dd93457af28b|rpc:10.1.0.31:15023|admin:10.1.0.31:15022|client:10.1.0.31:15021|dataStream:10.1.0.31:15024|priority:1|startupRole:FOLLOWER, 2912fda5-c0b1-4d9e-ac44-fd313bf4d5ec|rpc:10.1.0.31:15032|admin:10.1.0.31:15031|client:10.1.0.31:15030|dataStream:10.1.0.31:15033|priority:0|startupRole:FOLLOWER]|listeners:[], old=null, confs=<EMPTY_MAP>
2023-06-07 07:10:53,332 [44d8f5b4-8dfc-4dc1-b3e0-dd93457af28b-groupManagement] INFO  server.RaftServerConfigKeys (ConfUtils.java:logGet(46)) - raft.server.storage.dir = [/home/runner/work/ozone/ozone/hadoop-ozone/integration-test/target/test-dir/MiniOzoneClusterImpl-28223e3b-fb3b-4559-a623-43dba3cd33a0/datanode-1/data/ratis] (custom)
2023-06-07 07:10:53,332 [44d8f5b4-8dfc-4dc1-b3e0-dd93457af28b-groupManagement] INFO  server.RaftServerConfigKeys (ConfUtils.java:logGet(46)) - raft.server.log.corruption.policy = EXCEPTION (default)
2023-06-07 07:10:53,332 [44d8f5b4-8dfc-4dc1-b3e0-dd93457af28b-groupManagement] INFO  server.RaftServerConfigKeys (ConfUtils.java:logGet(46)) - raft.server.storage.free-space.min = 0MB (=0) (default)
2023-06-07 07:10:53,333 [44d8f5b4-8dfc-4dc1-b3e0-dd93457af28b-groupManagement] INFO  server.RaftServerConfigKeys (ConfUtils.java:logGet(46)) - raft.server.notification.no-leader.timeout = 300s (custom)
2023-06-07 07:10:53,333 [44d8f5b4-8dfc-4dc1-b3e0-dd93457af28b-groupManagement] INFO  server.RaftServerConfigKeys (ConfUtils.java:logGet(46)) - raft.server.read.timeout = 10s (default)
2023-06-07 07:10:53,333 [44d8f5b4-8dfc-4dc1-b3e0-dd93457af28b-groupManagement] INFO  server.RaftServerConfigKeys (ConfUtils.java:logGet(46)) - raft.server.retrycache.expirytime = 600000ms (custom)
2023-06-07 07:10:53,333 [44d8f5b4-8dfc-4dc1-b3e0-dd93457af28b-groupManagement] INFO  server.RaftServerConfigKeys (ConfUtils.java:logGet(46)) - raft.server.retrycache.statistics.expirytime = 100μs (default)
2023-06-07 07:10:53,333 [44d8f5b4-8dfc-4dc1-b3e0-dd93457af28b-groupManagement] INFO  server.RaftServerConfigKeys (ConfUtils.java:logGet(46)) - raft.server.read.option = DEFAULT (default)
2023-06-07 07:10:53,334 [44d8f5b4-8dfc-4dc1-b3e0-dd93457af28b-groupManagement] INFO  server.RaftServerConfigKeys (ConfUtils.java:logGet(46)) - raft.server.rpc.request.timeout = 60s (custom)
2023-06-07 07:10:53,334 [44d8f5b4-8dfc-4dc1-b3e0-dd93457af28b-groupManagement] INFO  server.RaftServerConfigKeys (ConfUtils.java:logGet(46)) - raft.server.log.appender.install.snapshot.enabled = false (custom)
2023-06-07 07:10:53,335 [44d8f5b4-8dfc-4dc1-b3e0-dd93457af28b-groupManagement] INFO  server.RaftServerConfigKeys (ConfUtils.java:logGet(46)) - raft.server.threadpool.server.cached = true (default)
2023-06-07 07:10:53,335 [44d8f5b4-8dfc-4dc1-b3e0-dd93457af28b-groupManagement] INFO  server.RaftServerConfigKeys (ConfUtils.java:logGet(46)) - raft.server.threadpool.server.size = 0 (default)
2023-06-07 07:10:53,335 [44d8f5b4-8dfc-4dc1-b3e0-dd93457af28b-groupManagement] INFO  server.RaftServerConfigKeys (ConfUtils.java:logGet(46)) - raft.server.threadpool.client.cached = true (default)
2023-06-07 07:10:53,335 [44d8f5b4-8dfc-4dc1-b3e0-dd93457af28b-groupManagement] INFO  server.RaftServerConfigKeys (ConfUtils.java:logGet(46)) - raft.server.threadpool.client.size = 0 (default)
2023-06-07 07:10:53,335 [44d8f5b4-8dfc-4dc1-b3e0-dd93457af28b-groupManagement] INFO  storage.RaftStorageDirectory (RaftStorageDirectoryImpl.java:analyzeStorage(137)) - The storage directory /home/runner/work/ozone/ozone/hadoop-ozone/integration-test/target/test-dir/MiniOzoneClusterImpl-28223e3b-fb3b-4559-a623-43dba3cd33a0/datanode-1/data/ratis/5fa2f39f-6c68-4c5f-95db-cfa832b76c4a does not exist. Creating ...
2023-06-07 07:10:53,336 [PipelineCommandHandlerThread-0] INFO  commandhandler.CreatePipelineCommandHandler (CreatePipelineCommandHandler.java:lambda$handle$2(124)) - Created Pipeline RATIS THREE PipelineID=c312a65c-e52e-4b85-ac95-ab933bbae0cc.
2023-06-07 07:10:53,336 [PipelineCommandHandlerThread-0] INFO  server.RaftServer (RaftServerProxy.java:addNew(98)) - add60280-7665-46a7-8f97-112ab314f22d: addNew group-CFA832B76C4A:[add60280-7665-46a7-8f97-112ab314f22d|rpc:10.1.0.31:15014|admin:10.1.0.31:15013|client:10.1.0.31:15012|dataStream:10.1.0.31:15015|priority:0|startupRole:FOLLOWER, 44d8f5b4-8dfc-4dc1-b3e0-dd93457af28b|rpc:10.1.0.31:15023|admin:10.1.0.31:15022|client:10.1.0.31:15021|dataStream:10.1.0.31:15024|priority:1|startupRole:FOLLOWER, 2912fda5-c0b1-4d9e-ac44-fd313bf4d5ec|rpc:10.1.0.31:15032|admin:10.1.0.31:15031|client:10.1.0.31:15030|dataStream:10.1.0.31:15033|priority:0|startupRole:FOLLOWER] returns group-CFA832B76C4A:java.util.concurrent.CompletableFuture@6e8df696[Not completed]
2023-06-07 07:10:53,332 [2912fda5-c0b1-4d9e-ac44-fd313bf4d5ec-groupManagement] INFO  server.RaftServerConfigKeys (ConfUtils.java:logGet(46)) - raft.server.threadpool.client.cached = true (default)
2023-06-07 07:10:53,338 [2912fda5-c0b1-4d9e-ac44-fd313bf4d5ec-groupManagement] INFO  server.RaftServerConfigKeys (ConfUtils.java:logGet(46)) - raft.server.threadpool.client.size = 0 (default)
2023-06-07 07:10:53,338 [2912fda5-c0b1-4d9e-ac44-fd313bf4d5ec-groupManagement] INFO  storage.RaftStorageDirectory (RaftStorageDirectoryImpl.java:analyzeStorage(137)) - The storage directory /home/runner/work/ozone/ozone/hadoop-ozone/integration-test/target/test-dir/MiniOzoneClusterImpl-28223e3b-fb3b-4559-a623-43dba3cd33a0/datanode-2/data/ratis/5fa2f39f-6c68-4c5f-95db-cfa832b76c4a does not exist. Creating ...
2023-06-07 07:10:53,338 [44d8f5b4-8dfc-4dc1-b3e0-dd93457af28b-groupManagement] INFO  storage.RaftStorageDirectory (RaftStorageDirectoryImpl.java:tryLock(231)) - Lock on /home/runner/work/ozone/ozone/hadoop-ozone/integration-test/target/test-dir/MiniOzoneClusterImpl-28223e3b-fb3b-4559-a623-43dba3cd33a0/datanode-1/data/ratis/5fa2f39f-6c68-4c5f-95db-cfa832b76c4a/in_use.lock acquired by nodename 65108@fv-az246-755
2023-06-07 07:10:53,338 [add60280-7665-46a7-8f97-112ab314f22d-groupManagement] INFO  server.RaftServer$Division (RaftServerImpl.java:<init>(198)) - add60280-7665-46a7-8f97-112ab314f22d: new RaftServerImpl for group-CFA832B76C4A:[add60280-7665-46a7-8f97-112ab314f22d|rpc:10.1.0.31:15014|admin:10.1.0.31:15013|client:10.1.0.31:15012|dataStream:10.1.0.31:15015|priority:0|startupRole:FOLLOWER, 44d8f5b4-8dfc-4dc1-b3e0-dd93457af28b|rpc:10.1.0.31:15023|admin:10.1.0.31:15022|client:10.1.0.31:15021|dataStream:10.1.0.31:15024|priority:1|startupRole:FOLLOWER, 2912fda5-c0b1-4d9e-ac44-fd313bf4d5ec|rpc:10.1.0.31:15032|admin:10.1.0.31:15031|client:10.1.0.31:15030|dataStream:10.1.0.31:15033|priority:0|startupRole:FOLLOWER] with ContainerStateMachine:uninitialized
2023-06-07 07:10:53,339 [add60280-7665-46a7-8f97-112ab314f22d-groupManagement] INFO  server.RaftServerConfigKeys (ConfUtils.java:logGet(46)) - raft.server.rpc.timeout.min = 5s (custom)
2023-06-07 07:10:53,339 [add60280-7665-46a7-8f97-112ab314f22d-groupManagement] INFO  server.RaftServerConfigKeys (ConfUtils.java:logGet(46)) - raft.server.rpc.timeout.max = 5200ms (custom)
2023-06-07 07:10:53,339 [add60280-7665-46a7-8f97-112ab314f22d-groupManagement] INFO  server.RaftServerConfigKeys (ConfUtils.java:logGet(46)) - raft.server.rpc.sleep.time = 25ms (default)
2023-06-07 07:10:53,339 [add60280-7665-46a7-8f97-112ab314f22d-groupManagement] INFO  server.RaftServerConfigKeys (ConfUtils.java:logGet(46)) - raft.server.rpc.slowness.timeout = 300s (custom)
2023-06-07 07:10:53,339 [add60280-7665-46a7-8f97-112ab314f22d-groupManagement] INFO  server.RaftServerConfigKeys (ConfUtils.java:logGet(46)) - raft.server.leaderelection.leader.step-down.wait-time = 10s (default)
2023-06-07 07:10:53,339 [add60280-7665-46a7-8f97-112ab314f22d-groupManagement] INFO  server.RaftServerConfigKeys (ConfUtils.java:logGet(46)) - raft.server.sleep.deviation.threshold = 300ms (default)
2023-06-07 07:10:53,339 [add60280-7665-46a7-8f97-112ab314f22d-groupManagement] INFO  server.RaftServer$Division (ServerState.java:<init>(120)) - add60280-7665-46a7-8f97-112ab314f22d@group-CFA832B76C4A: ConfigurationManager, init=-1: peers:[add60280-7665-46a7-8f97-112ab314f22d|rpc:10.1.0.31:15014|admin:10.1.0.31:15013|client:10.1.0.31:15012|dataStream:10.1.0.31:15015|priority:0|startupRole:FOLLOWER, 44d8f5b4-8dfc-4dc1-b3e0-dd93457af28b|rpc:10.1.0.31:15023|admin:10.1.0.31:15022|client:10.1.0.31:15021|dataStream:10.1.0.31:15024|priority:1|startupRole:FOLLOWER, 2912fda5-c0b1-4d9e-ac44-fd313bf4d5ec|rpc:10.1.0.31:15032|admin:10.1.0.31:15031|client:10.1.0.31:15030|dataStream:10.1.0.31:15033|priority:0|startupRole:FOLLOWER]|listeners:[], old=null, confs=<EMPTY_MAP>
2023-06-07 07:10:53,340 [add60280-7665-46a7-8f97-112ab314f22d-groupManagement] INFO  server.RaftServerConfigKeys (ConfUtils.java:logGet(46)) - raft.server.storage.dir = [/home/runner/work/ozone/ozone/hadoop-ozone/integration-test/target/test-dir/MiniOzoneClusterImpl-28223e3b-fb3b-4559-a623-43dba3cd33a0/datanode-0/data/ratis] (custom)
2023-06-07 07:10:53,340 [add60280-7665-46a7-8f97-112ab314f22d-groupManagement] INFO  server.RaftServerConfigKeys (ConfUtils.java:logGet(46)) - raft.server.log.corruption.policy = EXCEPTION (default)
2023-06-07 07:10:53,340 [add60280-7665-46a7-8f97-112ab314f22d-groupManagement] INFO  server.RaftServerConfigKeys (ConfUtils.java:logGet(46)) - raft.server.storage.free-space.min = 0MB (=0) (default)
2023-06-07 07:10:53,340 [add60280-7665-46a7-8f97-112ab314f22d-groupManagement] INFO  server.RaftServerConfigKeys (ConfUtils.java:logGet(46)) - raft.server.notification.no-leader.timeout = 300s (custom)
2023-06-07 07:10:53,340 [add60280-7665-46a7-8f97-112ab314f22d-groupManagement] INFO  server.RaftServerConfigKeys (ConfUtils.java:logGet(46)) - raft.server.read.timeout = 10s (default)
2023-06-07 07:10:53,339 [1b66a908-7502-432b-9648-1ff1190a9abb-groupManagement] INFO  server.RaftServerConfigKeys (ConfUtils.java:logGet(46)) - raft.server.rpc.slowness.timeout = 300s (custom)
2023-06-07 07:10:53,340 [add60280-7665-46a7-8f97-112ab314f22d-groupManagement] INFO  server.RaftServerConfigKeys (ConfUtils.java:logGet(46)) - raft.server.retrycache.expirytime = 600000ms (custom)
2023-06-07 07:10:53,341 [add60280-7665-46a7-8f97-112ab314f22d-groupManagement] INFO  server.RaftServerConfigKeys (ConfUtils.java:logGet(46)) - raft.server.retrycache.statistics.expirytime = 100μs (default)
2023-06-07 07:10:53,341 [1b66a908-7502-432b-9648-1ff1190a9abb-groupManagement] INFO  server.RaftServerConfigKeys (ConfUtils.java:logGet(46)) - raft.server.leaderelection.leader.step-down.wait-time = 10s (default)
2023-06-07 07:10:53,341 [add60280-7665-46a7-8f97-112ab314f22d-groupManagement] INFO  server.RaftServerConfigKeys (ConfUtils.java:logGet(46)) - raft.server.read.option = DEFAULT (default)
2023-06-07 07:10:53,341 [2912fda5-c0b1-4d9e-ac44-fd313bf4d5ec-groupManagement] INFO  storage.RaftStorageDirectory (RaftStorageDirectoryImpl.java:tryLock(231)) - Lock on /home/runner/work/ozone/ozone/hadoop-ozone/integration-test/target/test-dir/MiniOzoneClusterImpl-28223e3b-fb3b-4559-a623-43dba3cd33a0/datanode-2/data/ratis/5fa2f39f-6c68-4c5f-95db-cfa832b76c4a/in_use.lock acquired by nodename 65108@fv-az246-755
2023-06-07 07:10:53,340 [44d8f5b4-8dfc-4dc1-b3e0-dd93457af28b-groupManagement] INFO  storage.RaftStorage (RaftStorageImpl.java:format(96)) - Storage directory /home/runner/work/ozone/ozone/hadoop-ozone/integration-test/target/test-dir/MiniOzoneClusterImpl-28223e3b-fb3b-4559-a623-43dba3cd33a0/datanode-1/data/ratis/5fa2f39f-6c68-4c5f-95db-cfa832b76c4a has been successfully formatted.
2023-06-07 07:10:53,341 [1b66a908-7502-432b-9648-1ff1190a9abb-groupManagement] INFO  server.RaftServerConfigKeys (ConfUtils.java:logGet(46)) - raft.server.sleep.deviation.threshold = 300ms (default)
2023-06-07 07:10:53,342 [1b66a908-7502-432b-9648-1ff1190a9abb-groupManagement] INFO  server.RaftServer$Division (ServerState.java:<init>(120)) - 1b66a908-7502-432b-9648-1ff1190a9abb@group-B292545453D3: ConfigurationManager, init=-1: peers:[1b66a908-7502-432b-9648-1ff1190a9abb|rpc:10.1.0.31:15059|admin:10.1.0.31:15058|client:10.1.0.31:15057|dataStream:10.1.0.31:15060|priority:0|startupRole:FOLLOWER, c9e90f19-93bd-492a-840b-17fd0f306342|rpc:10.1.0.31:15050|admin:10.1.0.31:15049|client:10.1.0.31:15048|dataStream:10.1.0.31:15051|priority:1|startupRole:FOLLOWER, 4867cc16-78cf-4276-b1e1-ad4ddd1b82d4|rpc:10.1.0.31:15041|admin:10.1.0.31:15040|client:10.1.0.31:15039|dataStream:10.1.0.31:15042|priority:0|startupRole:FOLLOWER]|listeners:[], old=null, confs=<EMPTY_MAP>
2023-06-07 07:10:53,342 [1b66a908-7502-432b-9648-1ff1190a9abb-groupManagement] INFO  server.RaftServerConfigKeys (ConfUtils.java:logGet(46)) - raft.server.storage.dir = [/home/runner/work/ozone/ozone/hadoop-ozone/integration-test/target/test-dir/MiniOzoneClusterImpl-28223e3b-fb3b-4559-a623-43dba3cd33a0/datanode-5/data/ratis] (custom)
2023-06-07 07:10:53,342 [1b66a908-7502-432b-9648-1ff1190a9abb-groupManagement] INFO  server.RaftServerConfigKeys (ConfUtils.java:logGet(46)) - raft.server.log.corruption.policy = EXCEPTION (default)
2023-06-07 07:10:53,342 [1b66a908-7502-432b-9648-1ff1190a9abb-groupManagement] INFO  server.RaftServerConfigKeys (ConfUtils.java:logGet(46)) - raft.server.storage.free-space.min = 0MB (=0) (default)
2023-06-07 07:10:53,342 [1b66a908-7502-432b-9648-1ff1190a9abb-groupManagement] INFO  server.RaftServerConfigKeys (ConfUtils.java:logGet(46)) - raft.server.notification.no-leader.timeout = 300s (custom)
2023-06-07 07:10:53,342 [1b66a908-7502-432b-9648-1ff1190a9abb-groupManagement] INFO  server.RaftServerConfigKeys (ConfUtils.java:logGet(46)) - raft.server.read.timeout = 10s (default)
2023-06-07 07:10:53,343 [1b66a908-7502-432b-9648-1ff1190a9abb-groupManagement] INFO  server.RaftServerConfigKeys (ConfUtils.java:logGet(46)) - raft.server.retrycache.expirytime = 600000ms (custom)
2023-06-07 07:10:53,343 [1b66a908-7502-432b-9648-1ff1190a9abb-groupManagement] INFO  server.RaftServerConfigKeys (ConfUtils.java:logGet(46)) - raft.server.retrycache.statistics.expirytime = 100μs (default)
2023-06-07 07:10:53,343 [1b66a908-7502-432b-9648-1ff1190a9abb-groupManagement] INFO  server.RaftServerConfigKeys (ConfUtils.java:logGet(46)) - raft.server.read.option = DEFAULT (default)
2023-06-07 07:10:53,344 [1b66a908-7502-432b-9648-1ff1190a9abb-groupManagement] INFO  server.RaftServerConfigKeys (ConfUtils.java:logGet(46)) - raft.server.rpc.request.timeout = 60s (custom)
2023-06-07 07:10:53,344 [1b66a908-7502-432b-9648-1ff1190a9abb-groupManagement] INFO  server.RaftServerConfigKeys (ConfUtils.java:logGet(46)) - raft.server.log.appender.install.snapshot.enabled = false (custom)
2023-06-07 07:10:53,344 [1b66a908-7502-432b-9648-1ff1190a9abb-groupManagement] INFO  server.RaftServerConfigKeys (ConfUtils.java:logGet(46)) - raft.server.threadpool.server.cached = true (default)
2023-06-07 07:10:53,345 [44d8f5b4-8dfc-4dc1-b3e0-dd93457af28b-groupManagement] INFO  ratis.ContainerStateMachine (ContainerStateMachine.java:loadSnapshot(262)) - group-CFA832B76C4A: The snapshot info is null. Setting the last applied indexto:(t:0, i:~)
2023-06-07 07:10:53,345 [44d8f5b4-8dfc-4dc1-b3e0-dd93457af28b-groupManagement] INFO  server.RaftServerConfigKeys (ConfUtils.java:logGet(46)) - raft.server.log.use.memory = false (default)
2023-06-07 07:10:53,345 [44d8f5b4-8dfc-4dc1-b3e0-dd93457af28b-groupManagement] INFO  server.RaftServerConfigKeys (ConfUtils.java:logGet(46)) - raft.server.log.purge.gap = 1000000 (custom)
2023-06-07 07:10:53,345 [44d8f5b4-8dfc-4dc1-b3e0-dd93457af28b-groupManagement] INFO  server.RaftServerConfigKeys (ConfUtils.java:logGet(46)) - raft.server.log.appender.buffer.byte-limit = 33554432 (custom)
2023-06-07 07:10:53,345 [44d8f5b4-8dfc-4dc1-b3e0-dd93457af28b-groupManagement] INFO  server.RaftServerConfigKeys (ConfUtils.java:logGet(46)) - raft.server.log.statemachine.data.read.timeout = 1000ms (default)
2023-06-07 07:10:53,345 [44d8f5b4-8dfc-4dc1-b3e0-dd93457af28b-groupManagement] INFO  server.RaftServerConfigKeys (ConfUtils.java:logGet(46)) - raft.server.log.purge.preservation.log.num = 0 (default)
2023-06-07 07:10:53,345 [EventQueue-OpenPipelineForHealthyPipelineSafeModeRule] INFO  safemode.SCMSafeModeManager (HealthyPipelineSafeModeRule.java:process(137)) - SCM in safe mode. Healthy pipelines reported count is 0, required healthy pipeline reported count is 1
2023-06-07 07:10:53,342 [2912fda5-c0b1-4d9e-ac44-fd313bf4d5ec-groupManagement] INFO  storage.RaftStorage (RaftStorageImpl.java:format(96)) - Storage directory /home/runner/work/ozone/ozone/hadoop-ozone/integration-test/target/test-dir/MiniOzoneClusterImpl-28223e3b-fb3b-4559-a623-43dba3cd33a0/datanode-2/data/ratis/5fa2f39f-6c68-4c5f-95db-cfa832b76c4a has been successfully formatted.
2023-06-07 07:10:53,346 [2912fda5-c0b1-4d9e-ac44-fd313bf4d5ec-groupManagement] INFO  ratis.ContainerStateMachine (ContainerStateMachine.java:loadSnapshot(262)) - group-CFA832B76C4A: The snapshot info is null. Setting the last applied indexto:(t:0, i:~)
2023-06-07 07:10:53,346 [2912fda5-c0b1-4d9e-ac44-fd313bf4d5ec-groupManagement] INFO  server.RaftServerConfigKeys (ConfUtils.java:logGet(46)) - raft.server.log.use.memory = false (default)
2023-06-07 07:10:53,346 [2912fda5-c0b1-4d9e-ac44-fd313bf4d5ec-groupManagement] INFO  server.RaftServerConfigKeys (ConfUtils.java:logGet(46)) - raft.server.log.purge.gap = 1000000 (custom)
2023-06-07 07:10:53,346 [2912fda5-c0b1-4d9e-ac44-fd313bf4d5ec-groupManagement] INFO  server.RaftServerConfigKeys (ConfUtils.java:logGet(46)) - raft.server.log.appender.buffer.byte-limit = 33554432 (custom)
2023-06-07 07:10:53,346 [2912fda5-c0b1-4d9e-ac44-fd313bf4d5ec-groupManagement] INFO  server.RaftServerConfigKeys (ConfUtils.java:logGet(46)) - raft.server.log.statemachine.data.read.timeout = 1000ms (default)
2023-06-07 07:10:53,346 [2912fda5-c0b1-4d9e-ac44-fd313bf4d5ec-groupManagement] INFO  server.RaftServerConfigKeys (ConfUtils.java:logGet(46)) - raft.server.log.purge.preservation.log.num = 0 (default)
2023-06-07 07:10:53,347 [2912fda5-c0b1-4d9e-ac44-fd313bf4d5ec-groupManagement] INFO  server.RaftServerConfigKeys (ConfUtils.java:logGet(46)) - raft.server.log.segment.size.max = 1048576 (custom)
2023-06-07 07:10:53,347 [2912fda5-c0b1-4d9e-ac44-fd313bf4d5ec-groupManagement] INFO  server.RaftServerConfigKeys (ConfUtils.java:logGet(46)) - raft.server.log.segment.cache.num.max = 2 (custom)
2023-06-07 07:10:53,347 [2912fda5-c0b1-4d9e-ac44-fd313bf4d5ec-groupManagement] INFO  server.RaftServerConfigKeys (ConfUtils.java:logGet(46)) - raft.server.log.segment.cache.size.max = 200MB (=209715200) (default)
2023-06-07 07:10:53,347 [2912fda5-c0b1-4d9e-ac44-fd313bf4d5ec-groupManagement] INFO  server.RaftServerConfigKeys (ConfUtils.java:logGet(46)) - raft.server.log.appender.buffer.byte-limit = 33554432 (custom)
2023-06-07 07:10:53,347 [2912fda5-c0b1-4d9e-ac44-fd313bf4d5ec-groupManagement] INFO  segmented.SegmentedRaftLogWorker (SegmentedRaftLogWorker.java:<init>(188)) - new 2912fda5-c0b1-4d9e-ac44-fd313bf4d5ec@group-CFA832B76C4A-SegmentedRaftLogWorker for RaftStorageImpl:Storage Directory /home/runner/work/ozone/ozone/hadoop-ozone/integration-test/target/test-dir/MiniOzoneClusterImpl-28223e3b-fb3b-4559-a623-43dba3cd33a0/datanode-2/data/ratis/5fa2f39f-6c68-4c5f-95db-cfa832b76c4a
2023-06-07 07:10:53,347 [EventQueue-OpenPipelineForHealthyPipelineSafeModeRule] INFO  safemode.SCMSafeModeManager (HealthyPipelineSafeModeRule.java:process(137)) - SCM in safe mode. Healthy pipelines reported count is 0, required healthy pipeline reported count is 1
2023-06-07 07:10:53,349 [2912fda5-c0b1-4d9e-ac44-fd313bf4d5ec-groupManagement] INFO  server.RaftServerConfigKeys (ConfUtils.java:logGet(46)) - raft.server.log.queue.byte-limit = 4294967296 (custom)
2023-06-07 07:10:53,349 [2912fda5-c0b1-4d9e-ac44-fd313bf4d5ec-groupManagement] INFO  server.RaftServerConfigKeys (ConfUtils.java:logGet(46)) - raft.server.log.queue.element-limit = 1024 (custom)
2023-06-07 07:10:53,349 [2912fda5-c0b1-4d9e-ac44-fd313bf4d5ec-groupManagement] INFO  server.RaftServerConfigKeys (ConfUtils.java:logGet(46)) - raft.server.log.segment.size.max = 1048576 (custom)
2023-06-07 07:10:53,349 [2912fda5-c0b1-4d9e-ac44-fd313bf4d5ec-groupManagement] INFO  server.RaftServerConfigKeys (ConfUtils.java:logGet(46)) - raft.server.log.preallocated.size = 16384 (custom)
2023-06-07 07:10:53,349 [2912fda5-c0b1-4d9e-ac44-fd313bf4d5ec-groupManagement] INFO  server.RaftServerConfigKeys (ConfUtils.java:logGet(46)) - raft.server.log.force.sync.num = 128 (default)
2023-06-07 07:10:53,349 [2912fda5-c0b1-4d9e-ac44-fd313bf4d5ec-groupManagement] INFO  server.RaftServerConfigKeys (ConfUtils.java:logGet(46)) - raft.server.log.statemachine.data.sync = true (default)
2023-06-07 07:10:53,349 [2912fda5-c0b1-4d9e-ac44-fd313bf4d5ec-groupManagement] INFO  server.RaftServerConfigKeys (ConfUtils.java:logGet(46)) - raft.server.log.statemachine.data.sync.timeout = 10s (default)
2023-06-07 07:10:53,349 [44d8f5b4-8dfc-4dc1-b3e0-dd93457af28b-groupManagement] INFO  server.RaftServerConfigKeys (ConfUtils.java:logGet(46)) - raft.server.log.segment.size.max = 1048576 (custom)
2023-06-07 07:10:53,350 [44d8f5b4-8dfc-4dc1-b3e0-dd93457af28b-groupManagement] INFO  server.RaftServerConfigKeys (ConfUtils.java:logGet(46)) - raft.server.log.segment.cache.num.max = 2 (custom)
2023-06-07 07:10:53,351 [44d8f5b4-8dfc-4dc1-b3e0-dd93457af28b-groupManagement] INFO  server.RaftServerConfigKeys (ConfUtils.java:logGet(46)) - raft.server.log.segment.cache.size.max = 200MB (=209715200) (default)
2023-06-07 07:10:53,351 [44d8f5b4-8dfc-4dc1-b3e0-dd93457af28b-groupManagement] INFO  server.RaftServerConfigKeys (ConfUtils.java:logGet(46)) - raft.server.log.appender.buffer.byte-limit = 33554432 (custom)
2023-06-07 07:10:53,351 [44d8f5b4-8dfc-4dc1-b3e0-dd93457af28b-groupManagement] INFO  segmented.SegmentedRaftLogWorker (SegmentedRaftLogWorker.java:<init>(188)) - new 44d8f5b4-8dfc-4dc1-b3e0-dd93457af28b@group-CFA832B76C4A-SegmentedRaftLogWorker for RaftStorageImpl:Storage Directory /home/runner/work/ozone/ozone/hadoop-ozone/integration-test/target/test-dir/MiniOzoneClusterImpl-28223e3b-fb3b-4559-a623-43dba3cd33a0/datanode-1/data/ratis/5fa2f39f-6c68-4c5f-95db-cfa832b76c4a
2023-06-07 07:10:53,351 [44d8f5b4-8dfc-4dc1-b3e0-dd93457af28b-groupManagement] INFO  server.RaftServerConfigKeys (ConfUtils.java:logGet(46)) - raft.server.log.queue.byte-limit = 4294967296 (custom)
2023-06-07 07:10:53,351 [44d8f5b4-8dfc-4dc1-b3e0-dd93457af28b-groupManagement] INFO  server.RaftServerConfigKeys (ConfUtils.java:logGet(46)) - raft.server.log.queue.element-limit = 1024 (custom)
2023-06-07 07:10:53,352 [44d8f5b4-8dfc-4dc1-b3e0-dd93457af28b-groupManagement] INFO  server.RaftServerConfigKeys (ConfUtils.java:logGet(46)) - raft.server.log.segment.size.max = 1048576 (custom)
2023-06-07 07:10:53,352 [44d8f5b4-8dfc-4dc1-b3e0-dd93457af28b-groupManagement] INFO  server.RaftServerConfigKeys (ConfUtils.java:logGet(46)) - raft.server.log.preallocated.size = 16384 (custom)
2023-06-07 07:10:53,352 [44d8f5b4-8dfc-4dc1-b3e0-dd93457af28b-groupManagement] INFO  server.RaftServerConfigKeys (ConfUtils.java:logGet(46)) - raft.server.log.force.sync.num = 128 (default)
2023-06-07 07:10:53,352 [44d8f5b4-8dfc-4dc1-b3e0-dd93457af28b-groupManagement] INFO  server.RaftServerConfigKeys (ConfUtils.java:logGet(46)) - raft.server.log.statemachine.data.sync = true (default)
2023-06-07 07:10:53,352 [44d8f5b4-8dfc-4dc1-b3e0-dd93457af28b-groupManagement] INFO  server.RaftServerConfigKeys (ConfUtils.java:logGet(46)) - raft.server.log.statemachine.data.sync.timeout = 10s (default)
2023-06-07 07:10:53,352 [44d8f5b4-8dfc-4dc1-b3e0-dd93457af28b-groupManagement] INFO  server.RaftServerConfigKeys (ConfUtils.java:logGet(46)) - raft.server.log.statemachine.data.sync.timeout.retry = -1 (default)
2023-06-07 07:10:53,349 [2912fda5-c0b1-4d9e-ac44-fd313bf4d5ec-groupManagement] INFO  server.RaftServerConfigKeys (ConfUtils.java:logGet(46)) - raft.server.log.statemachine.data.sync.timeout.retry = -1 (default)
2023-06-07 07:10:53,354 [2912fda5-c0b1-4d9e-ac44-fd313bf4d5ec-groupManagement] INFO  server.RaftServerConfigKeys (ConfUtils.java:logGet(46)) - raft.server.log.write.buffer.size = 1048576 (custom)
2023-06-07 07:10:53,351 [1b66a908-7502-432b-9648-1ff1190a9abb-groupManagement] INFO  server.RaftServerConfigKeys (ConfUtils.java:logGet(46)) - raft.server.threadpool.server.size = 0 (default)
2023-06-07 07:10:53,351 [add60280-7665-46a7-8f97-112ab314f22d-groupManagement] INFO  server.RaftServerConfigKeys (ConfUtils.java:logGet(46)) - raft.server.rpc.request.timeout = 60s (custom)
2023-06-07 07:10:53,356 [add60280-7665-46a7-8f97-112ab314f22d-groupManagement] INFO  server.RaftServerConfigKeys (ConfUtils.java:logGet(46)) - raft.server.log.appender.install.snapshot.enabled = false (custom)
2023-06-07 07:10:53,356 [add60280-7665-46a7-8f97-112ab314f22d-groupManagement] INFO  server.RaftServerConfigKeys (ConfUtils.java:logGet(46)) - raft.server.threadpool.server.cached = true (default)
2023-06-07 07:10:53,356 [add60280-7665-46a7-8f97-112ab314f22d-groupManagement] INFO  server.RaftServerConfigKeys (ConfUtils.java:logGet(46)) - raft.server.threadpool.server.size = 0 (default)
2023-06-07 07:10:53,356 [add60280-7665-46a7-8f97-112ab314f22d-groupManagement] INFO  server.RaftServerConfigKeys (ConfUtils.java:logGet(46)) - raft.server.threadpool.client.cached = true (default)
2023-06-07 07:10:53,356 [add60280-7665-46a7-8f97-112ab314f22d-groupManagement] INFO  server.RaftServerConfigKeys (ConfUtils.java:logGet(46)) - raft.server.threadpool.client.size = 0 (default)
2023-06-07 07:10:53,356 [add60280-7665-46a7-8f97-112ab314f22d-groupManagement] INFO  storage.RaftStorageDirectory (RaftStorageDirectoryImpl.java:analyzeStorage(137)) - The storage directory /home/runner/work/ozone/ozone/hadoop-ozone/integration-test/target/test-dir/MiniOzoneClusterImpl-28223e3b-fb3b-4559-a623-43dba3cd33a0/datanode-0/data/ratis/5fa2f39f-6c68-4c5f-95db-cfa832b76c4a does not exist. Creating ...
2023-06-07 07:10:53,356 [1b66a908-7502-432b-9648-1ff1190a9abb-groupManagement] INFO  server.RaftServerConfigKeys (ConfUtils.java:logGet(46)) - raft.server.threadpool.client.cached = true (default)
2023-06-07 07:10:53,357 [1b66a908-7502-432b-9648-1ff1190a9abb-groupManagement] INFO  server.RaftServerConfigKeys (ConfUtils.java:logGet(46)) - raft.server.threadpool.client.size = 0 (default)
2023-06-07 07:10:53,357 [1b66a908-7502-432b-9648-1ff1190a9abb-groupManagement] INFO  storage.RaftStorageDirectory (RaftStorageDirectoryImpl.java:analyzeStorage(137)) - The storage directory /home/runner/work/ozone/ozone/hadoop-ozone/integration-test/target/test-dir/MiniOzoneClusterImpl-28223e3b-fb3b-4559-a623-43dba3cd33a0/datanode-5/data/ratis/800a9cfe-39c7-45b0-ab17-b292545453d3 does not exist. Creating ...
2023-06-07 07:10:53,358 [add60280-7665-46a7-8f97-112ab314f22d-groupManagement] INFO  storage.RaftStorageDirectory (RaftStorageDirectoryImpl.java:tryLock(231)) - Lock on /home/runner/work/ozone/ozone/hadoop-ozone/integration-test/target/test-dir/MiniOzoneClusterImpl-28223e3b-fb3b-4559-a623-43dba3cd33a0/datanode-0/data/ratis/5fa2f39f-6c68-4c5f-95db-cfa832b76c4a/in_use.lock acquired by nodename 65108@fv-az246-755
2023-06-07 07:10:53,356 [2912fda5-c0b1-4d9e-ac44-fd313bf4d5ec-groupManagement] INFO  server.RaftServerConfigKeys (ConfUtils.java:logGet(46)) - raft.server.log.appender.buffer.byte-limit = 33554432 (custom)
2023-06-07 07:10:53,361 [44d8f5b4-8dfc-4dc1-b3e0-dd93457af28b-groupManagement] INFO  server.RaftServerConfigKeys (ConfUtils.java:logGet(46)) - raft.server.log.write.buffer.size = 1048576 (custom)
2023-06-07 07:10:53,364 [44d8f5b4-8dfc-4dc1-b3e0-dd93457af28b-groupManagement] INFO  server.RaftServerConfigKeys (ConfUtils.java:logGet(46)) - raft.server.log.appender.buffer.byte-limit = 33554432 (custom)
2023-06-07 07:10:53,373 [2912fda5-c0b1-4d9e-ac44-fd313bf4d5ec-groupManagement] INFO  server.RaftServerConfigKeys (ConfUtils.java:logGet(46)) - raft.server.log.unsafe-flush.enabled = false (default)
2023-06-07 07:10:53,376 [2912fda5-c0b1-4d9e-ac44-fd313bf4d5ec-groupManagement] INFO  server.RaftServerConfigKeys (ConfUtils.java:logGet(46)) - raft.server.log.async-flush.enabled = false (default)
2023-06-07 07:10:53,376 [2912fda5-c0b1-4d9e-ac44-fd313bf4d5ec-groupManagement] INFO  server.RaftServerConfigKeys (ConfUtils.java:logGet(46)) - raft.server.log.statemachine.data.caching.enabled = true (custom)
2023-06-07 07:10:53,376 [2912fda5-c0b1-4d9e-ac44-fd313bf4d5ec-groupManagement] INFO  segmented.SegmentedRaftLogWorker (SegmentedRaftLogWorker.java:lambda$new$0(135)) - 2912fda5-c0b1-4d9e-ac44-fd313bf4d5ec@group-CFA832B76C4A-SegmentedRaftLogWorker: flushIndex: setUnconditionally 0 -> -1
2023-06-07 07:10:53,376 [2912fda5-c0b1-4d9e-ac44-fd313bf4d5ec-groupManagement] INFO  segmented.SegmentedRaftLogWorker (SegmentedRaftLogWorker.java:lambda$new$0(135)) - 2912fda5-c0b1-4d9e-ac44-fd313bf4d5ec@group-CFA832B76C4A-SegmentedRaftLogWorker: safeCacheEvictIndex: setUnconditionally 0 -> -1
2023-06-07 07:10:53,375 [1b66a908-7502-432b-9648-1ff1190a9abb-groupManagement] INFO  storage.RaftStorageDirectory (RaftStorageDirectoryImpl.java:tryLock(231)) - Lock on /home/runner/work/ozone/ozone/hadoop-ozone/integration-test/target/test-dir/MiniOzoneClusterImpl-28223e3b-fb3b-4559-a623-43dba3cd33a0/datanode-5/data/ratis/800a9cfe-39c7-45b0-ab17-b292545453d3/in_use.lock acquired by nodename 65108@fv-az246-755
2023-06-07 07:10:53,374 [add60280-7665-46a7-8f97-112ab314f22d-groupManagement] INFO  storage.RaftStorage (RaftStorageImpl.java:format(96)) - Storage directory /home/runner/work/ozone/ozone/hadoop-ozone/integration-test/target/test-dir/MiniOzoneClusterImpl-28223e3b-fb3b-4559-a623-43dba3cd33a0/datanode-0/data/ratis/5fa2f39f-6c68-4c5f-95db-cfa832b76c4a has been successfully formatted.
2023-06-07 07:10:53,379 [44d8f5b4-8dfc-4dc1-b3e0-dd93457af28b-groupManagement] INFO  server.RaftServerConfigKeys (ConfUtils.java:logGet(46)) - raft.server.log.unsafe-flush.enabled = false (default)
2023-06-07 07:10:53,379 [44d8f5b4-8dfc-4dc1-b3e0-dd93457af28b-groupManagement] INFO  server.RaftServerConfigKeys (ConfUtils.java:logGet(46)) - raft.server.log.async-flush.enabled = false (default)
2023-06-07 07:10:53,379 [44d8f5b4-8dfc-4dc1-b3e0-dd93457af28b-groupManagement] INFO  server.RaftServerConfigKeys (ConfUtils.java:logGet(46)) - raft.server.log.statemachine.data.caching.enabled = true (custom)
2023-06-07 07:10:53,380 [44d8f5b4-8dfc-4dc1-b3e0-dd93457af28b-groupManagement] INFO  segmented.SegmentedRaftLogWorker (SegmentedRaftLogWorker.java:lambda$new$0(135)) - 44d8f5b4-8dfc-4dc1-b3e0-dd93457af28b@group-CFA832B76C4A-SegmentedRaftLogWorker: flushIndex: setUnconditionally 0 -> -1
2023-06-07 07:10:53,380 [44d8f5b4-8dfc-4dc1-b3e0-dd93457af28b-groupManagement] INFO  segmented.SegmentedRaftLogWorker (SegmentedRaftLogWorker.java:lambda$new$0(135)) - 44d8f5b4-8dfc-4dc1-b3e0-dd93457af28b@group-CFA832B76C4A-SegmentedRaftLogWorker: safeCacheEvictIndex: setUnconditionally 0 -> -1
2023-06-07 07:10:53,381 [1b66a908-7502-432b-9648-1ff1190a9abb-groupManagement] INFO  storage.RaftStorage (RaftStorageImpl.java:format(96)) - Storage directory /home/runner/work/ozone/ozone/hadoop-ozone/integration-test/target/test-dir/MiniOzoneClusterImpl-28223e3b-fb3b-4559-a623-43dba3cd33a0/datanode-5/data/ratis/800a9cfe-39c7-45b0-ab17-b292545453d3 has been successfully formatted.
2023-06-07 07:10:53,382 [2912fda5-c0b1-4d9e-ac44-fd313bf4d5ec-groupManagement] INFO  server.RaftServer$Division (RaftServerImpl.java:start(342)) - 2912fda5-c0b1-4d9e-ac44-fd313bf4d5ec@group-CFA832B76C4A: start as a follower, conf=-1: peers:[add60280-7665-46a7-8f97-112ab314f22d|rpc:10.1.0.31:15014|admin:10.1.0.31:15013|client:10.1.0.31:15012|dataStream:10.1.0.31:15015|priority:0|startupRole:FOLLOWER, 44d8f5b4-8dfc-4dc1-b3e0-dd93457af28b|rpc:10.1.0.31:15023|admin:10.1.0.31:15022|client:10.1.0.31:15021|dataStream:10.1.0.31:15024|priority:1|startupRole:FOLLOWER, 2912fda5-c0b1-4d9e-ac44-fd313bf4d5ec|rpc:10.1.0.31:15032|admin:10.1.0.31:15031|client:10.1.0.31:15030|dataStream:10.1.0.31:15033|priority:0|startupRole:FOLLOWER]|listeners:[], old=null
2023-06-07 07:10:53,388 [44d8f5b4-8dfc-4dc1-b3e0-dd93457af28b-groupManagement] INFO  server.RaftServer$Division (RaftServerImpl.java:start(342)) - 44d8f5b4-8dfc-4dc1-b3e0-dd93457af28b@group-CFA832B76C4A: start as a follower, conf=-1: peers:[add60280-7665-46a7-8f97-112ab314f22d|rpc:10.1.0.31:15014|admin:10.1.0.31:15013|client:10.1.0.31:15012|dataStream:10.1.0.31:15015|priority:0|startupRole:FOLLOWER, 44d8f5b4-8dfc-4dc1-b3e0-dd93457af28b|rpc:10.1.0.31:15023|admin:10.1.0.31:15022|client:10.1.0.31:15021|dataStream:10.1.0.31:15024|priority:1|startupRole:FOLLOWER, 2912fda5-c0b1-4d9e-ac44-fd313bf4d5ec|rpc:10.1.0.31:15032|admin:10.1.0.31:15031|client:10.1.0.31:15030|dataStream:10.1.0.31:15033|priority:0|startupRole:FOLLOWER]|listeners:[], old=null
2023-06-07 07:10:53,388 [44d8f5b4-8dfc-4dc1-b3e0-dd93457af28b-groupManagement] INFO  server.RaftServer$Division (RaftServerImpl.java:setRole(329)) - 44d8f5b4-8dfc-4dc1-b3e0-dd93457af28b@group-CFA832B76C4A: changes role from      null to FOLLOWER at term 0 for startAsFollower
2023-06-07 07:10:53,388 [44d8f5b4-8dfc-4dc1-b3e0-dd93457af28b-groupManagement] INFO  impl.RoleInfo (RoleInfo.java:updateAndGet(139)) - 44d8f5b4-8dfc-4dc1-b3e0-dd93457af28b: start 44d8f5b4-8dfc-4dc1-b3e0-dd93457af28b@group-CFA832B76C4A-FollowerState
2023-06-07 07:10:53,394 [44d8f5b4-8dfc-4dc1-b3e0-dd93457af28b-groupManagement] INFO  util.JmxRegister (JmxRegister.java:tryRegister(44)) - Successfully registered JMX Bean with object name Ratis:service=RaftServer,group=group-CFA832B76C4A,id=44d8f5b4-8dfc-4dc1-b3e0-dd93457af28b
2023-06-07 07:10:53,394 [44d8f5b4-8dfc-4dc1-b3e0-dd93457af28b-groupManagement] INFO  server.RaftServerConfigKeys (ConfUtils.java:logGet(46)) - raft.server.snapshot.auto.trigger.enabled = true (custom)
2023-06-07 07:10:53,394 [44d8f5b4-8dfc-4dc1-b3e0-dd93457af28b-groupManagement] INFO  server.RaftServerConfigKeys (ConfUtils.java:logGet(46)) - raft.server.snapshot.auto.trigger.threshold = 10000 (custom)
2023-06-07 07:10:53,394 [44d8f5b4-8dfc-4dc1-b3e0-dd93457af28b-groupManagement] INFO  server.RaftServerConfigKeys (ConfUtils.java:logGet(46)) - raft.server.snapshot.retention.file.num = 5 (custom)
2023-06-07 07:10:53,394 [44d8f5b4-8dfc-4dc1-b3e0-dd93457af28b-groupManagement] INFO  server.RaftServerConfigKeys (ConfUtils.java:logGet(46)) - raft.server.log.purge.upto.snapshot.index = false (default)
2023-06-07 07:10:53,394 [44d8f5b4-8dfc-4dc1-b3e0-dd93457af28b@group-CFA832B76C4A-FollowerState] INFO  server.RaftServerConfigKeys (ConfUtils.java:logFallback(53)) - raft.server.rpc.first-election.timeout.min = 5s (fallback to raft.server.rpc.timeout.min)
2023-06-07 07:10:53,397 [44d8f5b4-8dfc-4dc1-b3e0-dd93457af28b@group-CFA832B76C4A-FollowerState] INFO  server.RaftServerConfigKeys (ConfUtils.java:logFallback(53)) - raft.server.rpc.first-election.timeout.max = 5200ms (fallback to raft.server.rpc.timeout.max)
2023-06-07 07:10:53,401 [PipelineCommandHandlerThread-0] INFO  ratis.XceiverServerRatis (XceiverServerRatis.java:addGroup(804)) - Created group PipelineID=5fa2f39f-6c68-4c5f-95db-cfa832b76c4a
2023-06-07 07:10:53,401 [add60280-7665-46a7-8f97-112ab314f22d-groupManagement] INFO  ratis.ContainerStateMachine (ContainerStateMachine.java:loadSnapshot(262)) - group-CFA832B76C4A: The snapshot info is null. Setting the last applied indexto:(t:0, i:~)
2023-06-07 07:10:53,401 [add60280-7665-46a7-8f97-112ab314f22d-groupManagement] INFO  server.RaftServerConfigKeys (ConfUtils.java:logGet(46)) - raft.server.log.use.memory = false (default)
2023-06-07 07:10:53,402 [add60280-7665-46a7-8f97-112ab314f22d-groupManagement] INFO  server.RaftServerConfigKeys (ConfUtils.java:logGet(46)) - raft.server.log.purge.gap = 1000000 (custom)
2023-06-07 07:10:53,402 [add60280-7665-46a7-8f97-112ab314f22d-groupManagement] INFO  server.RaftServerConfigKeys (ConfUtils.java:logGet(46)) - raft.server.log.appender.buffer.byte-limit = 33554432 (custom)
2023-06-07 07:10:53,402 [add60280-7665-46a7-8f97-112ab314f22d-groupManagement] INFO  server.RaftServerConfigKeys (ConfUtils.java:logGet(46)) - raft.server.log.statemachine.data.read.timeout = 1000ms (default)
2023-06-07 07:10:53,402 [add60280-7665-46a7-8f97-112ab314f22d-groupManagement] INFO  server.RaftServerConfigKeys (ConfUtils.java:logGet(46)) - raft.server.log.purge.preservation.log.num = 0 (default)
2023-06-07 07:10:53,402 [add60280-7665-46a7-8f97-112ab314f22d-groupManagement] INFO  server.RaftServerConfigKeys (ConfUtils.java:logGet(46)) - raft.server.log.segment.size.max = 1048576 (custom)
2023-06-07 07:10:53,403 [add60280-7665-46a7-8f97-112ab314f22d-groupManagement] INFO  server.RaftServerConfigKeys (ConfUtils.java:logGet(46)) - raft.server.log.segment.cache.num.max = 2 (custom)
2023-06-07 07:10:53,403 [add60280-7665-46a7-8f97-112ab314f22d-groupManagement] INFO  server.RaftServerConfigKeys (ConfUtils.java:logGet(46)) - raft.server.log.segment.cache.size.max = 200MB (=209715200) (default)
2023-06-07 07:10:53,403 [add60280-7665-46a7-8f97-112ab314f22d-groupManagement] INFO  server.RaftServerConfigKeys (ConfUtils.java:logGet(46)) - raft.server.log.appender.buffer.byte-limit = 33554432 (custom)
2023-06-07 07:10:53,403 [add60280-7665-46a7-8f97-112ab314f22d-groupManagement] INFO  segmented.SegmentedRaftLogWorker (SegmentedRaftLogWorker.java:<init>(188)) - new add60280-7665-46a7-8f97-112ab314f22d@group-CFA832B76C4A-SegmentedRaftLogWorker for RaftStorageImpl:Storage Directory /home/runner/work/ozone/ozone/hadoop-ozone/integration-test/target/test-dir/MiniOzoneClusterImpl-28223e3b-fb3b-4559-a623-43dba3cd33a0/datanode-0/data/ratis/5fa2f39f-6c68-4c5f-95db-cfa832b76c4a
2023-06-07 07:10:53,403 [add60280-7665-46a7-8f97-112ab314f22d-groupManagement] INFO  server.RaftServerConfigKeys (ConfUtils.java:logGet(46)) - raft.server.log.queue.byte-limit = 4294967296 (custom)
2023-06-07 07:10:53,403 [add60280-7665-46a7-8f97-112ab314f22d-groupManagement] INFO  server.RaftServerConfigKeys (ConfUtils.java:logGet(46)) - raft.server.log.queue.element-limit = 1024 (custom)
2023-06-07 07:10:53,403 [add60280-7665-46a7-8f97-112ab314f22d-groupManagement] INFO  server.RaftServerConfigKeys (ConfUtils.java:logGet(46)) - raft.server.log.segment.size.max = 1048576 (custom)
2023-06-07 07:10:53,403 [add60280-7665-46a7-8f97-112ab314f22d-groupManagement] INFO  server.RaftServerConfigKeys (ConfUtils.java:logGet(46)) - raft.server.log.preallocated.size = 16384 (custom)
2023-06-07 07:10:53,403 [add60280-7665-46a7-8f97-112ab314f22d-groupManagement] INFO  server.RaftServerConfigKeys (ConfUtils.java:logGet(46)) - raft.server.log.force.sync.num = 128 (default)
2023-06-07 07:10:53,403 [add60280-7665-46a7-8f97-112ab314f22d-groupManagement] INFO  server.RaftServerConfigKeys (ConfUtils.java:logGet(46)) - raft.server.log.statemachine.data.sync = true (default)
2023-06-07 07:10:53,403 [add60280-7665-46a7-8f97-112ab314f22d-groupManagement] INFO  server.RaftServerConfigKeys (ConfUtils.java:logGet(46)) - raft.server.log.statemachine.data.sync.timeout = 10s (default)
2023-06-07 07:10:53,403 [add60280-7665-46a7-8f97-112ab314f22d-groupManagement] INFO  server.RaftServerConfigKeys (ConfUtils.java:logGet(46)) - raft.server.log.statemachine.data.sync.timeout.retry = -1 (default)
2023-06-07 07:10:53,404 [add60280-7665-46a7-8f97-112ab314f22d-groupManagement] INFO  server.RaftServerConfigKeys (ConfUtils.java:logGet(46)) - raft.server.log.write.buffer.size = 1048576 (custom)
2023-06-07 07:10:53,405 [1b66a908-7502-432b-9648-1ff1190a9abb-groupManagement] INFO  ratis.ContainerStateMachine (ContainerStateMachine.java:loadSnapshot(262)) - group-B292545453D3: The snapshot info is null. Setting the last applied indexto:(t:0, i:~)
2023-06-07 07:10:53,405 [1b66a908-7502-432b-9648-1ff1190a9abb-groupManagement] INFO  server.RaftServerConfigKeys (ConfUtils.java:logGet(46)) - raft.server.log.use.memory = false (default)
2023-06-07 07:10:53,406 [2912fda5-c0b1-4d9e-ac44-fd313bf4d5ec-groupManagement] INFO  server.RaftServer$Division (RaftServerImpl.java:setRole(329)) - 2912fda5-c0b1-4d9e-ac44-fd313bf4d5ec@group-CFA832B76C4A: changes role from      null to FOLLOWER at term 0 for startAsFollower
2023-06-07 07:10:53,406 [1b66a908-7502-432b-9648-1ff1190a9abb-groupManagement] INFO  server.RaftServerConfigKeys (ConfUtils.java:logGet(46)) - raft.server.log.purge.gap = 1000000 (custom)
2023-06-07 07:10:53,406 [2912fda5-c0b1-4d9e-ac44-fd313bf4d5ec-groupManagement] INFO  impl.RoleInfo (RoleInfo.java:updateAndGet(139)) - 2912fda5-c0b1-4d9e-ac44-fd313bf4d5ec: start 2912fda5-c0b1-4d9e-ac44-fd313bf4d5ec@group-CFA832B76C4A-FollowerState
2023-06-07 07:10:53,407 [add60280-7665-46a7-8f97-112ab314f22d-groupManagement] INFO  server.RaftServerConfigKeys (ConfUtils.java:logGet(46)) - raft.server.log.appender.buffer.byte-limit = 33554432 (custom)
2023-06-07 07:10:53,408 [EventQueue-OpenPipelineForHealthyPipelineSafeModeRule] INFO  safemode.SCMSafeModeManager (HealthyPipelineSafeModeRule.java:process(137)) - SCM in safe mode. Healthy pipelines reported count is 0, required healthy pipeline reported count is 1
2023-06-07 07:10:53,406 [1b66a908-7502-432b-9648-1ff1190a9abb-groupManagement] INFO  server.RaftServerConfigKeys (ConfUtils.java:logGet(46)) - raft.server.log.appender.buffer.byte-limit = 33554432 (custom)
2023-06-07 07:10:53,409 [1b66a908-7502-432b-9648-1ff1190a9abb-groupManagement] INFO  server.RaftServerConfigKeys (ConfUtils.java:logGet(46)) - raft.server.log.statemachine.data.read.timeout = 1000ms (default)
2023-06-07 07:10:53,409 [1b66a908-7502-432b-9648-1ff1190a9abb-groupManagement] INFO  server.RaftServerConfigKeys (ConfUtils.java:logGet(46)) - raft.server.log.purge.preservation.log.num = 0 (default)
2023-06-07 07:10:53,410 [1b66a908-7502-432b-9648-1ff1190a9abb-groupManagement] INFO  server.RaftServerConfigKeys (ConfUtils.java:logGet(46)) - raft.server.log.segment.size.max = 1048576 (custom)
2023-06-07 07:10:53,410 [1b66a908-7502-432b-9648-1ff1190a9abb-groupManagement] INFO  server.RaftServerConfigKeys (ConfUtils.java:logGet(46)) - raft.server.log.segment.cache.num.max = 2 (custom)
2023-06-07 07:10:53,410 [1b66a908-7502-432b-9648-1ff1190a9abb-groupManagement] INFO  server.RaftServerConfigKeys (ConfUtils.java:logGet(46)) - raft.server.log.segment.cache.size.max = 200MB (=209715200) (default)
2023-06-07 07:10:53,410 [1b66a908-7502-432b-9648-1ff1190a9abb-groupManagement] INFO  server.RaftServerConfigKeys (ConfUtils.java:logGet(46)) - raft.server.log.appender.buffer.byte-limit = 33554432 (custom)
2023-06-07 07:10:53,410 [1b66a908-7502-432b-9648-1ff1190a9abb-groupManagement] INFO  segmented.SegmentedRaftLogWorker (SegmentedRaftLogWorker.java:<init>(188)) - new 1b66a908-7502-432b-9648-1ff1190a9abb@group-B292545453D3-SegmentedRaftLogWorker for RaftStorageImpl:Storage Directory /home/runner/work/ozone/ozone/hadoop-ozone/integration-test/target/test-dir/MiniOzoneClusterImpl-28223e3b-fb3b-4559-a623-43dba3cd33a0/datanode-5/data/ratis/800a9cfe-39c7-45b0-ab17-b292545453d3
2023-06-07 07:10:53,411 [1b66a908-7502-432b-9648-1ff1190a9abb-groupManagement] INFO  server.RaftServerConfigKeys (ConfUtils.java:logGet(46)) - raft.server.log.queue.byte-limit = 4294967296 (custom)
2023-06-07 07:10:53,411 [1b66a908-7502-432b-9648-1ff1190a9abb-groupManagement] INFO  server.RaftServerConfigKeys (ConfUtils.java:logGet(46)) - raft.server.log.queue.element-limit = 1024 (custom)
2023-06-07 07:10:53,411 [1b66a908-7502-432b-9648-1ff1190a9abb-groupManagement] INFO  server.RaftServerConfigKeys (ConfUtils.java:logGet(46)) - raft.server.log.segment.size.max = 1048576 (custom)
2023-06-07 07:10:53,411 [1b66a908-7502-432b-9648-1ff1190a9abb-groupManagement] INFO  server.RaftServerConfigKeys (ConfUtils.java:logGet(46)) - raft.server.log.preallocated.size = 16384 (custom)
2023-06-07 07:10:53,411 [1b66a908-7502-432b-9648-1ff1190a9abb-groupManagement] INFO  server.RaftServerConfigKeys (ConfUtils.java:logGet(46)) - raft.server.log.force.sync.num = 128 (default)
2023-06-07 07:10:53,411 [1b66a908-7502-432b-9648-1ff1190a9abb-groupManagement] INFO  server.RaftServerConfigKeys (ConfUtils.java:logGet(46)) - raft.server.log.statemachine.data.sync = true (default)
2023-06-07 07:10:53,411 [1b66a908-7502-432b-9648-1ff1190a9abb-groupManagement] INFO  server.RaftServerConfigKeys (ConfUtils.java:logGet(46)) - raft.server.log.statemachine.data.sync.timeout = 10s (default)
2023-06-07 07:10:53,411 [1b66a908-7502-432b-9648-1ff1190a9abb-groupManagement] INFO  server.RaftServerConfigKeys (ConfUtils.java:logGet(46)) - raft.server.log.statemachine.data.sync.timeout.retry = -1 (default)
2023-06-07 07:10:53,412 [1b66a908-7502-432b-9648-1ff1190a9abb-groupManagement] INFO  server.RaftServerConfigKeys (ConfUtils.java:logGet(46)) - raft.server.log.write.buffer.size = 1048576 (custom)
2023-06-07 07:10:53,413 [1b66a908-7502-432b-9648-1ff1190a9abb-groupManagement] INFO  server.RaftServerConfigKeys (ConfUtils.java:logGet(46)) - raft.server.log.appender.buffer.byte-limit = 33554432 (custom)
2023-06-07 07:10:53,414 [2912fda5-c0b1-4d9e-ac44-fd313bf4d5ec-groupManagement] INFO  util.JmxRegister (JmxRegister.java:tryRegister(44)) - Successfully registered JMX Bean with object name Ratis:service=RaftServer,group=group-CFA832B76C4A,id=2912fda5-c0b1-4d9e-ac44-fd313bf4d5ec
2023-06-07 07:10:53,414 [2912fda5-c0b1-4d9e-ac44-fd313bf4d5ec-groupManagement] INFO  server.RaftServerConfigKeys (ConfUtils.java:logGet(46)) - raft.server.snapshot.auto.trigger.enabled = true (custom)
2023-06-07 07:10:53,414 [2912fda5-c0b1-4d9e-ac44-fd313bf4d5ec-groupManagement] INFO  server.RaftServerConfigKeys (ConfUtils.java:logGet(46)) - raft.server.snapshot.auto.trigger.threshold = 10000 (custom)
2023-06-07 07:10:53,414 [2912fda5-c0b1-4d9e-ac44-fd313bf4d5ec-groupManagement] INFO  server.RaftServerConfigKeys (ConfUtils.java:logGet(46)) - raft.server.snapshot.retention.file.num = 5 (custom)
2023-06-07 07:10:53,414 [2912fda5-c0b1-4d9e-ac44-fd313bf4d5ec-groupManagement] INFO  server.RaftServerConfigKeys (ConfUtils.java:logGet(46)) - raft.server.log.purge.upto.snapshot.index = false (default)
2023-06-07 07:10:53,415 [2912fda5-c0b1-4d9e-ac44-fd313bf4d5ec@group-CFA832B76C4A-FollowerState] INFO  server.RaftServerConfigKeys (ConfUtils.java:logFallback(53)) - raft.server.rpc.first-election.timeout.min = 5s (fallback to raft.server.rpc.timeout.min)
2023-06-07 07:10:53,415 [2912fda5-c0b1-4d9e-ac44-fd313bf4d5ec@group-CFA832B76C4A-FollowerState] INFO  server.RaftServerConfigKeys (ConfUtils.java:logFallback(53)) - raft.server.rpc.first-election.timeout.max = 5200ms (fallback to raft.server.rpc.timeout.max)
2023-06-07 07:10:53,416 [add60280-7665-46a7-8f97-112ab314f22d-groupManagement] INFO  server.RaftServerConfigKeys (ConfUtils.java:logGet(46)) - raft.server.log.unsafe-flush.enabled = false (default)
2023-06-07 07:10:53,417 [add60280-7665-46a7-8f97-112ab314f22d-groupManagement] INFO  server.RaftServerConfigKeys (ConfUtils.java:logGet(46)) - raft.server.log.async-flush.enabled = false (default)
2023-06-07 07:10:53,417 [add60280-7665-46a7-8f97-112ab314f22d-groupManagement] INFO  server.RaftServerConfigKeys (ConfUtils.java:logGet(46)) - raft.server.log.statemachine.data.caching.enabled = true (custom)
2023-06-07 07:10:53,417 [add60280-7665-46a7-8f97-112ab314f22d-groupManagement] INFO  segmented.SegmentedRaftLogWorker (SegmentedRaftLogWorker.java:lambda$new$0(135)) - add60280-7665-46a7-8f97-112ab314f22d@group-CFA832B76C4A-SegmentedRaftLogWorker: flushIndex: setUnconditionally 0 -> -1
2023-06-07 07:10:53,417 [add60280-7665-46a7-8f97-112ab314f22d-groupManagement] INFO  segmented.SegmentedRaftLogWorker (SegmentedRaftLogWorker.java:lambda$new$0(135)) - add60280-7665-46a7-8f97-112ab314f22d@group-CFA832B76C4A-SegmentedRaftLogWorker: safeCacheEvictIndex: setUnconditionally 0 -> -1
2023-06-07 07:10:53,427 [add60280-7665-46a7-8f97-112ab314f22d-groupManagement] INFO  server.RaftServer$Division (RaftServerImpl.java:start(342)) - add60280-7665-46a7-8f97-112ab314f22d@group-CFA832B76C4A: start as a follower, conf=-1: peers:[add60280-7665-46a7-8f97-112ab314f22d|rpc:10.1.0.31:15014|admin:10.1.0.31:15013|client:10.1.0.31:15012|dataStream:10.1.0.31:15015|priority:0|startupRole:FOLLOWER, 44d8f5b4-8dfc-4dc1-b3e0-dd93457af28b|rpc:10.1.0.31:15023|admin:10.1.0.31:15022|client:10.1.0.31:15021|dataStream:10.1.0.31:15024|priority:1|startupRole:FOLLOWER, 2912fda5-c0b1-4d9e-ac44-fd313bf4d5ec|rpc:10.1.0.31:15032|admin:10.1.0.31:15031|client:10.1.0.31:15030|dataStream:10.1.0.31:15033|priority:0|startupRole:FOLLOWER]|listeners:[], old=null
2023-06-07 07:10:53,428 [add60280-7665-46a7-8f97-112ab314f22d-groupManagement] INFO  server.RaftServer$Division (RaftServerImpl.java:setRole(329)) - add60280-7665-46a7-8f97-112ab314f22d@group-CFA832B76C4A: changes role from      null to FOLLOWER at term 0 for startAsFollower
2023-06-07 07:10:53,428 [add60280-7665-46a7-8f97-112ab314f22d-groupManagement] INFO  impl.RoleInfo (RoleInfo.java:updateAndGet(139)) - add60280-7665-46a7-8f97-112ab314f22d: start add60280-7665-46a7-8f97-112ab314f22d@group-CFA832B76C4A-FollowerState
2023-06-07 07:10:53,430 [add60280-7665-46a7-8f97-112ab314f22d-groupManagement] INFO  util.JmxRegister (JmxRegister.java:tryRegister(44)) - Successfully registered JMX Bean with object name Ratis:service=RaftServer,group=group-CFA832B76C4A,id=add60280-7665-46a7-8f97-112ab314f22d
2023-06-07 07:10:53,430 [add60280-7665-46a7-8f97-112ab314f22d-groupManagement] INFO  server.RaftServerConfigKeys (ConfUtils.java:logGet(46)) - raft.server.snapshot.auto.trigger.enabled = true (custom)
2023-06-07 07:10:53,430 [add60280-7665-46a7-8f97-112ab314f22d-groupManagement] INFO  server.RaftServerConfigKeys (ConfUtils.java:logGet(46)) - raft.server.snapshot.auto.trigger.threshold = 10000 (custom)
2023-06-07 07:10:53,430 [add60280-7665-46a7-8f97-112ab314f22d-groupManagement] INFO  server.RaftServerConfigKeys (ConfUtils.java:logGet(46)) - raft.server.snapshot.retention.file.num = 5 (custom)
2023-06-07 07:10:53,430 [add60280-7665-46a7-8f97-112ab314f22d-groupManagement] INFO  server.RaftServerConfigKeys (ConfUtils.java:logGet(46)) - raft.server.log.purge.upto.snapshot.index = false (default)
2023-06-07 07:10:53,431 [add60280-7665-46a7-8f97-112ab314f22d@group-CFA832B76C4A-FollowerState] INFO  server.RaftServerConfigKeys (ConfUtils.java:logFallback(53)) - raft.server.rpc.first-election.timeout.min = 5s (fallback to raft.server.rpc.timeout.min)
2023-06-07 07:10:53,432 [add60280-7665-46a7-8f97-112ab314f22d@group-CFA832B76C4A-FollowerState] INFO  server.RaftServerConfigKeys (ConfUtils.java:logFallback(53)) - raft.server.rpc.first-election.timeout.max = 5200ms (fallback to raft.server.rpc.timeout.max)
2023-06-07 07:10:53,432 [PipelineCommandHandlerThread-0] INFO  ratis.XceiverServerRatis (XceiverServerRatis.java:addGroup(804)) - Created group PipelineID=5fa2f39f-6c68-4c5f-95db-cfa832b76c4a
2023-06-07 07:10:53,445 [PipelineCommandHandlerThread-0] INFO  ratis.XceiverServerRatis (XceiverServerRatis.java:addGroup(804)) - Created group PipelineID=5fa2f39f-6c68-4c5f-95db-cfa832b76c4a
2023-06-07 07:10:53,447 [1b66a908-7502-432b-9648-1ff1190a9abb-groupManagement] INFO  server.RaftServerConfigKeys (ConfUtils.java:logGet(46)) - raft.server.log.unsafe-flush.enabled = false (default)
2023-06-07 07:10:53,447 [1b66a908-7502-432b-9648-1ff1190a9abb-groupManagement] INFO  server.RaftServerConfigKeys (ConfUtils.java:logGet(46)) - raft.server.log.async-flush.enabled = false (default)
2023-06-07 07:10:53,447 [1b66a908-7502-432b-9648-1ff1190a9abb-groupManagement] INFO  server.RaftServerConfigKeys (ConfUtils.java:logGet(46)) - raft.server.log.statemachine.data.caching.enabled = true (custom)
2023-06-07 07:10:53,447 [1b66a908-7502-432b-9648-1ff1190a9abb-groupManagement] INFO  segmented.SegmentedRaftLogWorker (SegmentedRaftLogWorker.java:lambda$new$0(135)) - 1b66a908-7502-432b-9648-1ff1190a9abb@group-B292545453D3-SegmentedRaftLogWorker: flushIndex: setUnconditionally 0 -> -1
2023-06-07 07:10:53,447 [1b66a908-7502-432b-9648-1ff1190a9abb-groupManagement] INFO  segmented.SegmentedRaftLogWorker (SegmentedRaftLogWorker.java:lambda$new$0(135)) - 1b66a908-7502-432b-9648-1ff1190a9abb@group-B292545453D3-SegmentedRaftLogWorker: safeCacheEvictIndex: setUnconditionally 0 -> -1
2023-06-07 07:10:53,468 [1b66a908-7502-432b-9648-1ff1190a9abb-groupManagement] INFO  server.RaftServer$Division (RaftServerImpl.java:start(342)) - 1b66a908-7502-432b-9648-1ff1190a9abb@group-B292545453D3: start as a follower, conf=-1: peers:[1b66a908-7502-432b-9648-1ff1190a9abb|rpc:10.1.0.31:15059|admin:10.1.0.31:15058|client:10.1.0.31:15057|dataStream:10.1.0.31:15060|priority:0|startupRole:FOLLOWER, c9e90f19-93bd-492a-840b-17fd0f306342|rpc:10.1.0.31:15050|admin:10.1.0.31:15049|client:10.1.0.31:15048|dataStream:10.1.0.31:15051|priority:1|startupRole:FOLLOWER, 4867cc16-78cf-4276-b1e1-ad4ddd1b82d4|rpc:10.1.0.31:15041|admin:10.1.0.31:15040|client:10.1.0.31:15039|dataStream:10.1.0.31:15042|priority:0|startupRole:FOLLOWER]|listeners:[], old=null
2023-06-07 07:10:53,468 [1b66a908-7502-432b-9648-1ff1190a9abb-groupManagement] INFO  server.RaftServer$Division (RaftServerImpl.java:setRole(329)) - 1b66a908-7502-432b-9648-1ff1190a9abb@group-B292545453D3: changes role from      null to FOLLOWER at term 0 for startAsFollower
2023-06-07 07:10:53,468 [1b66a908-7502-432b-9648-1ff1190a9abb-groupManagement] INFO  impl.RoleInfo (RoleInfo.java:updateAndGet(139)) - 1b66a908-7502-432b-9648-1ff1190a9abb: start 1b66a908-7502-432b-9648-1ff1190a9abb@group-B292545453D3-FollowerState
2023-06-07 07:10:53,469 [1b66a908-7502-432b-9648-1ff1190a9abb-groupManagement] INFO  util.JmxRegister (JmxRegister.java:tryRegister(44)) - Successfully registered JMX Bean with object name Ratis:service=RaftServer,group=group-B292545453D3,id=1b66a908-7502-432b-9648-1ff1190a9abb
2023-06-07 07:10:53,469 [1b66a908-7502-432b-9648-1ff1190a9abb-groupManagement] INFO  server.RaftServerConfigKeys (ConfUtils.java:logGet(46)) - raft.server.snapshot.auto.trigger.enabled = true (custom)
2023-06-07 07:10:53,469 [1b66a908-7502-432b-9648-1ff1190a9abb-groupManagement] INFO  server.RaftServerConfigKeys (ConfUtils.java:logGet(46)) - raft.server.snapshot.auto.trigger.threshold = 10000 (custom)
2023-06-07 07:10:53,469 [1b66a908-7502-432b-9648-1ff1190a9abb-groupManagement] INFO  server.RaftServerConfigKeys (ConfUtils.java:logGet(46)) - raft.server.snapshot.retention.file.num = 5 (custom)
2023-06-07 07:10:53,469 [1b66a908-7502-432b-9648-1ff1190a9abb-groupManagement] INFO  server.RaftServerConfigKeys (ConfUtils.java:logGet(46)) - raft.server.log.purge.upto.snapshot.index = false (default)
2023-06-07 07:10:53,470 [1b66a908-7502-432b-9648-1ff1190a9abb@group-B292545453D3-FollowerState] INFO  server.RaftServerConfigKeys (ConfUtils.java:logFallback(53)) - raft.server.rpc.first-election.timeout.min = 5s (fallback to raft.server.rpc.timeout.min)
2023-06-07 07:10:53,470 [1b66a908-7502-432b-9648-1ff1190a9abb@group-B292545453D3-FollowerState] INFO  server.RaftServerConfigKeys (ConfUtils.java:logFallback(53)) - raft.server.rpc.first-election.timeout.max = 5200ms (fallback to raft.server.rpc.timeout.max)
2023-06-07 07:10:53,484 [PipelineCommandHandlerThread-0] INFO  server.RaftServer (RaftServerProxy.java:addNew(98)) - c9e90f19-93bd-492a-840b-17fd0f306342: addNew group-7964E24FC078:[c9e90f19-93bd-492a-840b-17fd0f306342|rpc:10.1.0.31:15050|admin:10.1.0.31:15049|client:10.1.0.31:15048|dataStream:10.1.0.31:15051|priority:1|startupRole:FOLLOWER] returns group-7964E24FC078:java.util.concurrent.CompletableFuture@7d2bcf38[Not completed]
2023-06-07 07:10:53,499 [c9e90f19-93bd-492a-840b-17fd0f306342-groupManagement] INFO  server.RaftServer$Division (RaftServerImpl.java:<init>(198)) - c9e90f19-93bd-492a-840b-17fd0f306342: new RaftServerImpl for group-7964E24FC078:[c9e90f19-93bd-492a-840b-17fd0f306342|rpc:10.1.0.31:15050|admin:10.1.0.31:15049|client:10.1.0.31:15048|dataStream:10.1.0.31:15051|priority:1|startupRole:FOLLOWER] with ContainerStateMachine:uninitialized
2023-06-07 07:10:53,500 [c9e90f19-93bd-492a-840b-17fd0f306342-groupManagement] INFO  server.RaftServerConfigKeys (ConfUtils.java:logGet(46)) - raft.server.rpc.timeout.min = 5s (custom)
2023-06-07 07:10:53,504 [c9e90f19-93bd-492a-840b-17fd0f306342-groupManagement] INFO  server.RaftServerConfigKeys (ConfUtils.java:logGet(46)) - raft.server.rpc.timeout.max = 5200ms (custom)
2023-06-07 07:10:53,504 [c9e90f19-93bd-492a-840b-17fd0f306342-groupManagement] INFO  server.RaftServerConfigKeys (ConfUtils.java:logGet(46)) - raft.server.rpc.sleep.time = 25ms (default)
2023-06-07 07:10:53,504 [c9e90f19-93bd-492a-840b-17fd0f306342-groupManagement] INFO  server.RaftServerConfigKeys (ConfUtils.java:logGet(46)) - raft.server.rpc.slowness.timeout = 300s (custom)
2023-06-07 07:10:53,504 [c9e90f19-93bd-492a-840b-17fd0f306342-groupManagement] INFO  server.RaftServerConfigKeys (ConfUtils.java:logGet(46)) - raft.server.leaderelection.leader.step-down.wait-time = 10s (default)
2023-06-07 07:10:53,504 [c9e90f19-93bd-492a-840b-17fd0f306342-groupManagement] INFO  server.RaftServerConfigKeys (ConfUtils.java:logGet(46)) - raft.server.sleep.deviation.threshold = 300ms (default)
2023-06-07 07:10:53,504 [c9e90f19-93bd-492a-840b-17fd0f306342-groupManagement] INFO  server.RaftServer$Division (ServerState.java:<init>(120)) - c9e90f19-93bd-492a-840b-17fd0f306342@group-7964E24FC078: ConfigurationManager, init=-1: peers:[c9e90f19-93bd-492a-840b-17fd0f306342|rpc:10.1.0.31:15050|admin:10.1.0.31:15049|client:10.1.0.31:15048|dataStream:10.1.0.31:15051|priority:1|startupRole:FOLLOWER]|listeners:[], old=null, confs=<EMPTY_MAP>
2023-06-07 07:10:53,504 [c9e90f19-93bd-492a-840b-17fd0f306342-groupManagement] INFO  server.RaftServerConfigKeys (ConfUtils.java:logGet(46)) - raft.server.storage.dir = [/home/runner/work/ozone/ozone/hadoop-ozone/integration-test/target/test-dir/MiniOzoneClusterImpl-28223e3b-fb3b-4559-a623-43dba3cd33a0/datanode-4/data/ratis] (custom)
2023-06-07 07:10:53,505 [c9e90f19-93bd-492a-840b-17fd0f306342-groupManagement] INFO  server.RaftServerConfigKeys (ConfUtils.java:logGet(46)) - raft.server.log.corruption.policy = EXCEPTION (default)
2023-06-07 07:10:53,505 [c9e90f19-93bd-492a-840b-17fd0f306342-groupManagement] INFO  server.RaftServerConfigKeys (ConfUtils.java:logGet(46)) - raft.server.storage.free-space.min = 0MB (=0) (default)
2023-06-07 07:10:53,505 [c9e90f19-93bd-492a-840b-17fd0f306342-groupManagement] INFO  server.RaftServerConfigKeys (ConfUtils.java:logGet(46)) - raft.server.notification.no-leader.timeout = 300s (custom)
2023-06-07 07:10:53,505 [c9e90f19-93bd-492a-840b-17fd0f306342-groupManagement] INFO  server.RaftServerConfigKeys (ConfUtils.java:logGet(46)) - raft.server.read.timeout = 10s (default)
2023-06-07 07:10:53,505 [c9e90f19-93bd-492a-840b-17fd0f306342-groupManagement] INFO  server.RaftServerConfigKeys (ConfUtils.java:logGet(46)) - raft.server.retrycache.expirytime = 600000ms (custom)
2023-06-07 07:10:53,505 [c9e90f19-93bd-492a-840b-17fd0f306342-groupManagement] INFO  server.RaftServerConfigKeys (ConfUtils.java:logGet(46)) - raft.server.retrycache.statistics.expirytime = 100μs (default)
2023-06-07 07:10:53,505 [c9e90f19-93bd-492a-840b-17fd0f306342-groupManagement] INFO  server.RaftServerConfigKeys (ConfUtils.java:logGet(46)) - raft.server.read.option = DEFAULT (default)
2023-06-07 07:10:53,515 [c9e90f19-93bd-492a-840b-17fd0f306342-groupManagement] INFO  server.RaftServerConfigKeys (ConfUtils.java:logGet(46)) - raft.server.rpc.request.timeout = 60s (custom)
2023-06-07 07:10:53,515 [c9e90f19-93bd-492a-840b-17fd0f306342-groupManagement] INFO  server.RaftServerConfigKeys (ConfUtils.java:logGet(46)) - raft.server.log.appender.install.snapshot.enabled = false (custom)
2023-06-07 07:10:53,515 [c9e90f19-93bd-492a-840b-17fd0f306342-groupManagement] INFO  server.RaftServerConfigKeys (ConfUtils.java:logGet(46)) - raft.server.threadpool.server.cached = true (default)
2023-06-07 07:10:53,515 [c9e90f19-93bd-492a-840b-17fd0f306342-groupManagement] INFO  server.RaftServerConfigKeys (ConfUtils.java:logGet(46)) - raft.server.threadpool.server.size = 0 (default)
2023-06-07 07:10:53,515 [c9e90f19-93bd-492a-840b-17fd0f306342-groupManagement] INFO  server.RaftServerConfigKeys (ConfUtils.java:logGet(46)) - raft.server.threadpool.client.cached = true (default)
2023-06-07 07:10:53,516 [c9e90f19-93bd-492a-840b-17fd0f306342-groupManagement] INFO  server.RaftServerConfigKeys (ConfUtils.java:logGet(46)) - raft.server.threadpool.client.size = 0 (default)
2023-06-07 07:10:53,516 [c9e90f19-93bd-492a-840b-17fd0f306342-groupManagement] INFO  storage.RaftStorageDirectory (RaftStorageDirectoryImpl.java:analyzeStorage(137)) - The storage directory /home/runner/work/ozone/ozone/hadoop-ozone/integration-test/target/test-dir/MiniOzoneClusterImpl-28223e3b-fb3b-4559-a623-43dba3cd33a0/datanode-4/data/ratis/f13ef35a-47e8-4f6a-8a47-7964e24fc078 does not exist. Creating ...
2023-06-07 07:10:53,517 [c9e90f19-93bd-492a-840b-17fd0f306342-groupManagement] INFO  storage.RaftStorageDirectory (RaftStorageDirectoryImpl.java:tryLock(231)) - Lock on /home/runner/work/ozone/ozone/hadoop-ozone/integration-test/target/test-dir/MiniOzoneClusterImpl-28223e3b-fb3b-4559-a623-43dba3cd33a0/datanode-4/data/ratis/f13ef35a-47e8-4f6a-8a47-7964e24fc078/in_use.lock acquired by nodename 65108@fv-az246-755
2023-06-07 07:10:53,523 [c9e90f19-93bd-492a-840b-17fd0f306342-groupManagement] INFO  storage.RaftStorage (RaftStorageImpl.java:format(96)) - Storage directory /home/runner/work/ozone/ozone/hadoop-ozone/integration-test/target/test-dir/MiniOzoneClusterImpl-28223e3b-fb3b-4559-a623-43dba3cd33a0/datanode-4/data/ratis/f13ef35a-47e8-4f6a-8a47-7964e24fc078 has been successfully formatted.
2023-06-07 07:10:53,533 [c9e90f19-93bd-492a-840b-17fd0f306342-groupManagement] INFO  ratis.ContainerStateMachine (ContainerStateMachine.java:loadSnapshot(262)) - group-7964E24FC078: The snapshot info is null. Setting the last applied indexto:(t:0, i:~)
2023-06-07 07:10:53,533 [c9e90f19-93bd-492a-840b-17fd0f306342-groupManagement] INFO  server.RaftServerConfigKeys (ConfUtils.java:logGet(46)) - raft.server.log.use.memory = false (default)
2023-06-07 07:10:53,533 [c9e90f19-93bd-492a-840b-17fd0f306342-groupManagement] INFO  server.RaftServerConfigKeys (ConfUtils.java:logGet(46)) - raft.server.log.purge.gap = 1000000 (custom)
2023-06-07 07:10:53,533 [c9e90f19-93bd-492a-840b-17fd0f306342-groupManagement] INFO  server.RaftServerConfigKeys (ConfUtils.java:logGet(46)) - raft.server.log.appender.buffer.byte-limit = 33554432 (custom)
2023-06-07 07:10:53,533 [c9e90f19-93bd-492a-840b-17fd0f306342-groupManagement] INFO  server.RaftServerConfigKeys (ConfUtils.java:logGet(46)) - raft.server.log.statemachine.data.read.timeout = 1000ms (default)
2023-06-07 07:10:53,534 [c9e90f19-93bd-492a-840b-17fd0f306342-groupManagement] INFO  server.RaftServerConfigKeys (ConfUtils.java:logGet(46)) - raft.server.log.purge.preservation.log.num = 0 (default)
2023-06-07 07:10:53,534 [c9e90f19-93bd-492a-840b-17fd0f306342-groupManagement] INFO  server.RaftServerConfigKeys (ConfUtils.java:logGet(46)) - raft.server.log.segment.size.max = 1048576 (custom)
2023-06-07 07:10:53,534 [c9e90f19-93bd-492a-840b-17fd0f306342-groupManagement] INFO  server.RaftServerConfigKeys (ConfUtils.java:logGet(46)) - raft.server.log.segment.cache.num.max = 2 (custom)
2023-06-07 07:10:53,534 [c9e90f19-93bd-492a-840b-17fd0f306342-groupManagement] INFO  server.RaftServerConfigKeys (ConfUtils.java:logGet(46)) - raft.server.log.segment.cache.size.max = 200MB (=209715200) (default)
2023-06-07 07:10:53,534 [c9e90f19-93bd-492a-840b-17fd0f306342-groupManagement] INFO  server.RaftServerConfigKeys (ConfUtils.java:logGet(46)) - raft.server.log.appender.buffer.byte-limit = 33554432 (custom)
2023-06-07 07:10:53,534 [c9e90f19-93bd-492a-840b-17fd0f306342-groupManagement] INFO  segmented.SegmentedRaftLogWorker (SegmentedRaftLogWorker.java:<init>(188)) - new c9e90f19-93bd-492a-840b-17fd0f306342@group-7964E24FC078-SegmentedRaftLogWorker for RaftStorageImpl:Storage Directory /home/runner/work/ozone/ozone/hadoop-ozone/integration-test/target/test-dir/MiniOzoneClusterImpl-28223e3b-fb3b-4559-a623-43dba3cd33a0/datanode-4/data/ratis/f13ef35a-47e8-4f6a-8a47-7964e24fc078
2023-06-07 07:10:53,535 [c9e90f19-93bd-492a-840b-17fd0f306342-groupManagement] INFO  server.RaftServerConfigKeys (ConfUtils.java:logGet(46)) - raft.server.log.queue.byte-limit = 4294967296 (custom)
2023-06-07 07:10:53,535 [c9e90f19-93bd-492a-840b-17fd0f306342-groupManagement] INFO  server.RaftServerConfigKeys (ConfUtils.java:logGet(46)) - raft.server.log.queue.element-limit = 1024 (custom)
2023-06-07 07:10:53,535 [c9e90f19-93bd-492a-840b-17fd0f306342-groupManagement] INFO  server.RaftServerConfigKeys (ConfUtils.java:logGet(46)) - raft.server.log.segment.size.max = 1048576 (custom)
2023-06-07 07:10:53,535 [c9e90f19-93bd-492a-840b-17fd0f306342-groupManagement] INFO  server.RaftServerConfigKeys (ConfUtils.java:logGet(46)) - raft.server.log.preallocated.size = 16384 (custom)
2023-06-07 07:10:53,535 [c9e90f19-93bd-492a-840b-17fd0f306342-groupManagement] INFO  server.RaftServerConfigKeys (ConfUtils.java:logGet(46)) - raft.server.log.force.sync.num = 128 (default)
2023-06-07 07:10:53,535 [c9e90f19-93bd-492a-840b-17fd0f306342-groupManagement] INFO  server.RaftServerConfigKeys (ConfUtils.java:logGet(46)) - raft.server.log.statemachine.data.sync = true (default)
2023-06-07 07:10:53,535 [c9e90f19-93bd-492a-840b-17fd0f306342-groupManagement] INFO  server.RaftServerConfigKeys (ConfUtils.java:logGet(46)) - raft.server.log.statemachine.data.sync.timeout = 10s (default)
2023-06-07 07:10:53,535 [c9e90f19-93bd-492a-840b-17fd0f306342-groupManagement] INFO  server.RaftServerConfigKeys (ConfUtils.java:logGet(46)) - raft.server.log.statemachine.data.sync.timeout.retry = -1 (default)
2023-06-07 07:10:53,536 [EventQueue-PipelineReportForPipelineReportHandler] INFO  pipeline.PipelineManagerImpl (PipelineManagerImpl.java:openPipeline(367)) - Pipeline Pipeline[ Id: f13ef35a-47e8-4f6a-8a47-7964e24fc078, Nodes: c9e90f19-93bd-492a-840b-17fd0f306342(fv-az246-755.dmzl2ssfaldu3choa5k4qgfeyh.jx.internal.cloudapp.net/10.1.0.31), ReplicationConfig: RATIS/ONE, State:ALLOCATED, leaderId:c9e90f19-93bd-492a-840b-17fd0f306342, CreationTimestamp2023-06-07T07:10:50.476Z[Etc/UTC]] moved to OPEN state
2023-06-07 07:10:53,537 [EventQueue-OpenPipelineForHealthyPipelineSafeModeRule] INFO  safemode.SCMSafeModeManager (HealthyPipelineSafeModeRule.java:process(137)) - SCM in safe mode. Healthy pipelines reported count is 0, required healthy pipeline reported count is 1
2023-06-07 07:10:53,540 [c9e90f19-93bd-492a-840b-17fd0f306342-groupManagement] INFO  server.RaftServerConfigKeys (ConfUtils.java:logGet(46)) - raft.server.log.write.buffer.size = 1048576 (custom)
2023-06-07 07:10:53,544 [c9e90f19-93bd-492a-840b-17fd0f306342-groupManagement] INFO  server.RaftServerConfigKeys (ConfUtils.java:logGet(46)) - raft.server.log.appender.buffer.byte-limit = 33554432 (custom)
2023-06-07 07:10:53,549 [c9e90f19-93bd-492a-840b-17fd0f306342-groupManagement] INFO  server.RaftServerConfigKeys (ConfUtils.java:logGet(46)) - raft.server.log.unsafe-flush.enabled = false (default)
2023-06-07 07:10:53,549 [c9e90f19-93bd-492a-840b-17fd0f306342-groupManagement] INFO  server.RaftServerConfigKeys (ConfUtils.java:logGet(46)) - raft.server.log.async-flush.enabled = false (default)
2023-06-07 07:10:53,549 [c9e90f19-93bd-492a-840b-17fd0f306342-groupManagement] INFO  server.RaftServerConfigKeys (ConfUtils.java:logGet(46)) - raft.server.log.statemachine.data.caching.enabled = true (custom)
2023-06-07 07:10:53,549 [c9e90f19-93bd-492a-840b-17fd0f306342-groupManagement] INFO  segmented.SegmentedRaftLogWorker (SegmentedRaftLogWorker.java:lambda$new$0(135)) - c9e90f19-93bd-492a-840b-17fd0f306342@group-7964E24FC078-SegmentedRaftLogWorker: flushIndex: setUnconditionally 0 -> -1
2023-06-07 07:10:53,549 [c9e90f19-93bd-492a-840b-17fd0f306342-groupManagement] INFO  segmented.SegmentedRaftLogWorker (SegmentedRaftLogWorker.java:lambda$new$0(135)) - c9e90f19-93bd-492a-840b-17fd0f306342@group-7964E24FC078-SegmentedRaftLogWorker: safeCacheEvictIndex: setUnconditionally 0 -> -1
2023-06-07 07:10:53,551 [c9e90f19-93bd-492a-840b-17fd0f306342-groupManagement] INFO  server.RaftServer$Division (RaftServerImpl.java:start(342)) - c9e90f19-93bd-492a-840b-17fd0f306342@group-7964E24FC078: start as a follower, conf=-1: peers:[c9e90f19-93bd-492a-840b-17fd0f306342|rpc:10.1.0.31:15050|admin:10.1.0.31:15049|client:10.1.0.31:15048|dataStream:10.1.0.31:15051|priority:1|startupRole:FOLLOWER]|listeners:[], old=null
2023-06-07 07:10:53,559 [c9e90f19-93bd-492a-840b-17fd0f306342-groupManagement] INFO  server.RaftServer$Division (RaftServerImpl.java:setRole(329)) - c9e90f19-93bd-492a-840b-17fd0f306342@group-7964E24FC078: changes role from      null to FOLLOWER at term 0 for startAsFollower
2023-06-07 07:10:53,560 [c9e90f19-93bd-492a-840b-17fd0f306342-groupManagement] INFO  impl.RoleInfo (RoleInfo.java:updateAndGet(139)) - c9e90f19-93bd-492a-840b-17fd0f306342: start c9e90f19-93bd-492a-840b-17fd0f306342@group-7964E24FC078-FollowerState
2023-06-07 07:10:53,562 [c9e90f19-93bd-492a-840b-17fd0f306342-groupManagement] INFO  util.JmxRegister (JmxRegister.java:tryRegister(44)) - Successfully registered JMX Bean with object name Ratis:service=RaftServer,group=group-7964E24FC078,id=c9e90f19-93bd-492a-840b-17fd0f306342
2023-06-07 07:10:53,562 [c9e90f19-93bd-492a-840b-17fd0f306342-groupManagement] INFO  server.RaftServerConfigKeys (ConfUtils.java:logGet(46)) - raft.server.snapshot.auto.trigger.enabled = true (custom)
2023-06-07 07:10:53,562 [c9e90f19-93bd-492a-840b-17fd0f306342-groupManagement] INFO  server.RaftServerConfigKeys (ConfUtils.java:logGet(46)) - raft.server.snapshot.auto.trigger.threshold = 10000 (custom)
2023-06-07 07:10:53,562 [c9e90f19-93bd-492a-840b-17fd0f306342-groupManagement] INFO  server.RaftServerConfigKeys (ConfUtils.java:logGet(46)) - raft.server.snapshot.retention.file.num = 5 (custom)
2023-06-07 07:10:53,562 [c9e90f19-93bd-492a-840b-17fd0f306342-groupManagement] INFO  server.RaftServerConfigKeys (ConfUtils.java:logGet(46)) - raft.server.log.purge.upto.snapshot.index = false (default)
2023-06-07 07:10:53,563 [c9e90f19-93bd-492a-840b-17fd0f306342@group-7964E24FC078-FollowerState] INFO  server.RaftServerConfigKeys (ConfUtils.java:logFallback(53)) - raft.server.rpc.first-election.timeout.min = 5s (fallback to raft.server.rpc.timeout.min)
2023-06-07 07:10:53,563 [c9e90f19-93bd-492a-840b-17fd0f306342@group-7964E24FC078-FollowerState] INFO  server.RaftServerConfigKeys (ConfUtils.java:logFallback(53)) - raft.server.rpc.first-election.timeout.max = 5200ms (fallback to raft.server.rpc.timeout.max)
2023-06-07 07:10:53,565 [PipelineCommandHandlerThread-0] INFO  ratis.XceiverServerRatis (XceiverServerRatis.java:addGroup(804)) - Created group PipelineID=f13ef35a-47e8-4f6a-8a47-7964e24fc078
2023-06-07 07:10:53,565 [PipelineCommandHandlerThread-0] INFO  commandhandler.CreatePipelineCommandHandler (CreatePipelineCommandHandler.java:lambda$handle$2(124)) - Created Pipeline RATIS ONE PipelineID=f13ef35a-47e8-4f6a-8a47-7964e24fc078.
2023-06-07 07:10:53,565 [PipelineCommandHandlerThread-0] INFO  server.RaftServer (RaftServerProxy.java:addNew(98)) - c9e90f19-93bd-492a-840b-17fd0f306342: addNew group-B292545453D3:[1b66a908-7502-432b-9648-1ff1190a9abb|rpc:10.1.0.31:15059|admin:10.1.0.31:15058|client:10.1.0.31:15057|dataStream:10.1.0.31:15060|priority:0|startupRole:FOLLOWER, c9e90f19-93bd-492a-840b-17fd0f306342|rpc:10.1.0.31:15050|admin:10.1.0.31:15049|client:10.1.0.31:15048|dataStream:10.1.0.31:15051|priority:1|startupRole:FOLLOWER, 4867cc16-78cf-4276-b1e1-ad4ddd1b82d4|rpc:10.1.0.31:15041|admin:10.1.0.31:15040|client:10.1.0.31:15039|dataStream:10.1.0.31:15042|priority:0|startupRole:FOLLOWER] returns group-B292545453D3:java.util.concurrent.CompletableFuture@79145445[Not completed]
2023-06-07 07:10:53,569 [c9e90f19-93bd-492a-840b-17fd0f306342-groupManagement] INFO  server.RaftServer$Division (RaftServerImpl.java:<init>(198)) - c9e90f19-93bd-492a-840b-17fd0f306342: new RaftServerImpl for group-B292545453D3:[1b66a908-7502-432b-9648-1ff1190a9abb|rpc:10.1.0.31:15059|admin:10.1.0.31:15058|client:10.1.0.31:15057|dataStream:10.1.0.31:15060|priority:0|startupRole:FOLLOWER, c9e90f19-93bd-492a-840b-17fd0f306342|rpc:10.1.0.31:15050|admin:10.1.0.31:15049|client:10.1.0.31:15048|dataStream:10.1.0.31:15051|priority:1|startupRole:FOLLOWER, 4867cc16-78cf-4276-b1e1-ad4ddd1b82d4|rpc:10.1.0.31:15041|admin:10.1.0.31:15040|client:10.1.0.31:15039|dataStream:10.1.0.31:15042|priority:0|startupRole:FOLLOWER] with ContainerStateMachine:uninitialized
2023-06-07 07:10:53,569 [c9e90f19-93bd-492a-840b-17fd0f306342-groupManagement] INFO  server.RaftServerConfigKeys (ConfUtils.java:logGet(46)) - raft.server.rpc.timeout.min = 5s (custom)
2023-06-07 07:10:53,569 [c9e90f19-93bd-492a-840b-17fd0f306342-groupManagement] INFO  server.RaftServerConfigKeys (ConfUtils.java:logGet(46)) - raft.server.rpc.timeout.max = 5200ms (custom)
2023-06-07 07:10:53,570 [c9e90f19-93bd-492a-840b-17fd0f306342-groupManagement] INFO  server.RaftServerConfigKeys (ConfUtils.java:logGet(46)) - raft.server.rpc.sleep.time = 25ms (default)
2023-06-07 07:10:53,570 [c9e90f19-93bd-492a-840b-17fd0f306342-groupManagement] INFO  server.RaftServerConfigKeys (ConfUtils.java:logGet(46)) - raft.server.rpc.slowness.timeout = 300s (custom)
2023-06-07 07:10:53,570 [c9e90f19-93bd-492a-840b-17fd0f306342-groupManagement] INFO  server.RaftServerConfigKeys (ConfUtils.java:logGet(46)) - raft.server.leaderelection.leader.step-down.wait-time = 10s (default)
2023-06-07 07:10:53,570 [c9e90f19-93bd-492a-840b-17fd0f306342-groupManagement] INFO  server.RaftServerConfigKeys (ConfUtils.java:logGet(46)) - raft.server.sleep.deviation.threshold = 300ms (default)
2023-06-07 07:10:53,570 [c9e90f19-93bd-492a-840b-17fd0f306342-groupManagement] INFO  server.RaftServer$Division (ServerState.java:<init>(120)) - c9e90f19-93bd-492a-840b-17fd0f306342@group-B292545453D3: ConfigurationManager, init=-1: peers:[1b66a908-7502-432b-9648-1ff1190a9abb|rpc:10.1.0.31:15059|admin:10.1.0.31:15058|client:10.1.0.31:15057|dataStream:10.1.0.31:15060|priority:0|startupRole:FOLLOWER, c9e90f19-93bd-492a-840b-17fd0f306342|rpc:10.1.0.31:15050|admin:10.1.0.31:15049|client:10.1.0.31:15048|dataStream:10.1.0.31:15051|priority:1|startupRole:FOLLOWER, 4867cc16-78cf-4276-b1e1-ad4ddd1b82d4|rpc:10.1.0.31:15041|admin:10.1.0.31:15040|client:10.1.0.31:15039|dataStream:10.1.0.31:15042|priority:0|startupRole:FOLLOWER]|listeners:[], old=null, confs=<EMPTY_MAP>
2023-06-07 07:10:53,570 [c9e90f19-93bd-492a-840b-17fd0f306342-groupManagement] INFO  server.RaftServerConfigKeys (ConfUtils.java:logGet(46)) - raft.server.storage.dir = [/home/runner/work/ozone/ozone/hadoop-ozone/integration-test/target/test-dir/MiniOzoneClusterImpl-28223e3b-fb3b-4559-a623-43dba3cd33a0/datanode-4/data/ratis] (custom)
2023-06-07 07:10:53,570 [c9e90f19-93bd-492a-840b-17fd0f306342-groupManagement] INFO  server.RaftServerConfigKeys (ConfUtils.java:logGet(46)) - raft.server.log.corruption.policy = EXCEPTION (default)
2023-06-07 07:10:53,570 [c9e90f19-93bd-492a-840b-17fd0f306342-groupManagement] INFO  server.RaftServerConfigKeys (ConfUtils.java:logGet(46)) - raft.server.storage.free-space.min = 0MB (=0) (default)
2023-06-07 07:10:53,570 [c9e90f19-93bd-492a-840b-17fd0f306342-groupManagement] INFO  server.RaftServerConfigKeys (ConfUtils.java:logGet(46)) - raft.server.notification.no-leader.timeout = 300s (custom)
2023-06-07 07:10:53,570 [c9e90f19-93bd-492a-840b-17fd0f306342-groupManagement] INFO  server.RaftServerConfigKeys (ConfUtils.java:logGet(46)) - raft.server.read.timeout = 10s (default)
2023-06-07 07:10:53,570 [c9e90f19-93bd-492a-840b-17fd0f306342-groupManagement] INFO  server.RaftServerConfigKeys (ConfUtils.java:logGet(46)) - raft.server.retrycache.expirytime = 600000ms (custom)
2023-06-07 07:10:53,570 [c9e90f19-93bd-492a-840b-17fd0f306342-groupManagement] INFO  server.RaftServerConfigKeys (ConfUtils.java:logGet(46)) - raft.server.retrycache.statistics.expirytime = 100μs (default)
2023-06-07 07:10:53,571 [c9e90f19-93bd-492a-840b-17fd0f306342-groupManagement] INFO  server.RaftServerConfigKeys (ConfUtils.java:logGet(46)) - raft.server.read.option = DEFAULT (default)
2023-06-07 07:10:53,573 [c9e90f19-93bd-492a-840b-17fd0f306342-groupManagement] INFO  server.RaftServerConfigKeys (ConfUtils.java:logGet(46)) - raft.server.rpc.request.timeout = 60s (custom)
2023-06-07 07:10:53,573 [c9e90f19-93bd-492a-840b-17fd0f306342-groupManagement] INFO  server.RaftServerConfigKeys (ConfUtils.java:logGet(46)) - raft.server.log.appender.install.snapshot.enabled = false (custom)
2023-06-07 07:10:53,573 [c9e90f19-93bd-492a-840b-17fd0f306342-groupManagement] INFO  server.RaftServerConfigKeys (ConfUtils.java:logGet(46)) - raft.server.threadpool.server.cached = true (default)
2023-06-07 07:10:53,573 [c9e90f19-93bd-492a-840b-17fd0f306342-groupManagement] INFO  server.RaftServerConfigKeys (ConfUtils.java:logGet(46)) - raft.server.threadpool.server.size = 0 (default)
2023-06-07 07:10:53,574 [c9e90f19-93bd-492a-840b-17fd0f306342-groupManagement] INFO  server.RaftServerConfigKeys (ConfUtils.java:logGet(46)) - raft.server.threadpool.client.cached = true (default)
2023-06-07 07:10:53,574 [c9e90f19-93bd-492a-840b-17fd0f306342-groupManagement] INFO  server.RaftServerConfigKeys (ConfUtils.java:logGet(46)) - raft.server.threadpool.client.size = 0 (default)
2023-06-07 07:10:53,574 [c9e90f19-93bd-492a-840b-17fd0f306342-groupManagement] INFO  storage.RaftStorageDirectory (RaftStorageDirectoryImpl.java:analyzeStorage(137)) - The storage directory /home/runner/work/ozone/ozone/hadoop-ozone/integration-test/target/test-dir/MiniOzoneClusterImpl-28223e3b-fb3b-4559-a623-43dba3cd33a0/datanode-4/data/ratis/800a9cfe-39c7-45b0-ab17-b292545453d3 does not exist. Creating ...
2023-06-07 07:10:53,578 [c9e90f19-93bd-492a-840b-17fd0f306342-groupManagement] INFO  storage.RaftStorageDirectory (RaftStorageDirectoryImpl.java:tryLock(231)) - Lock on /home/runner/work/ozone/ozone/hadoop-ozone/integration-test/target/test-dir/MiniOzoneClusterImpl-28223e3b-fb3b-4559-a623-43dba3cd33a0/datanode-4/data/ratis/800a9cfe-39c7-45b0-ab17-b292545453d3/in_use.lock acquired by nodename 65108@fv-az246-755
2023-06-07 07:10:53,580 [c9e90f19-93bd-492a-840b-17fd0f306342-groupManagement] INFO  storage.RaftStorage (RaftStorageImpl.java:format(96)) - Storage directory /home/runner/work/ozone/ozone/hadoop-ozone/integration-test/target/test-dir/MiniOzoneClusterImpl-28223e3b-fb3b-4559-a623-43dba3cd33a0/datanode-4/data/ratis/800a9cfe-39c7-45b0-ab17-b292545453d3 has been successfully formatted.
2023-06-07 07:10:53,588 [c9e90f19-93bd-492a-840b-17fd0f306342-groupManagement] INFO  ratis.ContainerStateMachine (ContainerStateMachine.java:loadSnapshot(262)) - group-B292545453D3: The snapshot info is null. Setting the last applied indexto:(t:0, i:~)
2023-06-07 07:10:53,588 [c9e90f19-93bd-492a-840b-17fd0f306342-groupManagement] INFO  server.RaftServerConfigKeys (ConfUtils.java:logGet(46)) - raft.server.log.use.memory = false (default)
2023-06-07 07:10:53,588 [c9e90f19-93bd-492a-840b-17fd0f306342-groupManagement] INFO  server.RaftServerConfigKeys (ConfUtils.java:logGet(46)) - raft.server.log.purge.gap = 1000000 (custom)
2023-06-07 07:10:53,588 [c9e90f19-93bd-492a-840b-17fd0f306342-groupManagement] INFO  server.RaftServerConfigKeys (ConfUtils.java:logGet(46)) - raft.server.log.appender.buffer.byte-limit = 33554432 (custom)
2023-06-07 07:10:53,588 [c9e90f19-93bd-492a-840b-17fd0f306342-groupManagement] INFO  server.RaftServerConfigKeys (ConfUtils.java:logGet(46)) - raft.server.log.statemachine.data.read.timeout = 1000ms (default)
2023-06-07 07:10:53,588 [c9e90f19-93bd-492a-840b-17fd0f306342-groupManagement] INFO  server.RaftServerConfigKeys (ConfUtils.java:logGet(46)) - raft.server.log.purge.preservation.log.num = 0 (default)
2023-06-07 07:10:53,588 [c9e90f19-93bd-492a-840b-17fd0f306342-groupManagement] INFO  server.RaftServerConfigKeys (ConfUtils.java:logGet(46)) - raft.server.log.segment.size.max = 1048576 (custom)
2023-06-07 07:10:53,589 [c9e90f19-93bd-492a-840b-17fd0f306342-groupManagement] INFO  server.RaftServerConfigKeys (ConfUtils.java:logGet(46)) - raft.server.log.segment.cache.num.max = 2 (custom)
2023-06-07 07:10:53,589 [c9e90f19-93bd-492a-840b-17fd0f306342-groupManagement] INFO  server.RaftServerConfigKeys (ConfUtils.java:logGet(46)) - raft.server.log.segment.cache.size.max = 200MB (=209715200) (default)
2023-06-07 07:10:53,589 [c9e90f19-93bd-492a-840b-17fd0f306342-groupManagement] INFO  server.RaftServerConfigKeys (ConfUtils.java:logGet(46)) - raft.server.log.appender.buffer.byte-limit = 33554432 (custom)
2023-06-07 07:10:53,589 [c9e90f19-93bd-492a-840b-17fd0f306342-groupManagement] INFO  segmented.SegmentedRaftLogWorker (SegmentedRaftLogWorker.java:<init>(188)) - new c9e90f19-93bd-492a-840b-17fd0f306342@group-B292545453D3-SegmentedRaftLogWorker for RaftStorageImpl:Storage Directory /home/runner/work/ozone/ozone/hadoop-ozone/integration-test/target/test-dir/MiniOzoneClusterImpl-28223e3b-fb3b-4559-a623-43dba3cd33a0/datanode-4/data/ratis/800a9cfe-39c7-45b0-ab17-b292545453d3
2023-06-07 07:10:53,589 [c9e90f19-93bd-492a-840b-17fd0f306342-groupManagement] INFO  server.RaftServerConfigKeys (ConfUtils.java:logGet(46)) - raft.server.log.queue.byte-limit = 4294967296 (custom)
2023-06-07 07:10:53,589 [c9e90f19-93bd-492a-840b-17fd0f306342-groupManagement] INFO  server.RaftServerConfigKeys (ConfUtils.java:logGet(46)) - raft.server.log.queue.element-limit = 1024 (custom)
2023-06-07 07:10:53,590 [c9e90f19-93bd-492a-840b-17fd0f306342-groupManagement] INFO  server.RaftServerConfigKeys (ConfUtils.java:logGet(46)) - raft.server.log.segment.size.max = 1048576 (custom)
2023-06-07 07:10:53,590 [c9e90f19-93bd-492a-840b-17fd0f306342-groupManagement] INFO  server.RaftServerConfigKeys (ConfUtils.java:logGet(46)) - raft.server.log.preallocated.size = 16384 (custom)
2023-06-07 07:10:53,590 [c9e90f19-93bd-492a-840b-17fd0f306342-groupManagement] INFO  server.RaftServerConfigKeys (ConfUtils.java:logGet(46)) - raft.server.log.force.sync.num = 128 (default)
2023-06-07 07:10:53,590 [c9e90f19-93bd-492a-840b-17fd0f306342-groupManagement] INFO  server.RaftServerConfigKeys (ConfUtils.java:logGet(46)) - raft.server.log.statemachine.data.sync = true (default)
2023-06-07 07:10:53,590 [c9e90f19-93bd-492a-840b-17fd0f306342-groupManagement] INFO  server.RaftServerConfigKeys (ConfUtils.java:logGet(46)) - raft.server.log.statemachine.data.sync.timeout = 10s (default)
2023-06-07 07:10:53,591 [EventQueue-OpenPipelineForHealthyPipelineSafeModeRule] INFO  safemode.SCMSafeModeManager (HealthyPipelineSafeModeRule.java:process(137)) - SCM in safe mode. Healthy pipelines reported count is 0, required healthy pipeline reported count is 1
2023-06-07 07:10:53,591 [c9e90f19-93bd-492a-840b-17fd0f306342-groupManagement] INFO  server.RaftServerConfigKeys (ConfUtils.java:logGet(46)) - raft.server.log.statemachine.data.sync.timeout.retry = -1 (default)
2023-06-07 07:10:53,603 [c9e90f19-93bd-492a-840b-17fd0f306342-groupManagement] INFO  server.RaftServerConfigKeys (ConfUtils.java:logGet(46)) - raft.server.log.write.buffer.size = 1048576 (custom)
2023-06-07 07:10:53,604 [c9e90f19-93bd-492a-840b-17fd0f306342-groupManagement] INFO  server.RaftServerConfigKeys (ConfUtils.java:logGet(46)) - raft.server.log.appender.buffer.byte-limit = 33554432 (custom)
2023-06-07 07:10:53,609 [c9e90f19-93bd-492a-840b-17fd0f306342-groupManagement] INFO  server.RaftServerConfigKeys (ConfUtils.java:logGet(46)) - raft.server.log.unsafe-flush.enabled = false (default)
2023-06-07 07:10:53,609 [c9e90f19-93bd-492a-840b-17fd0f306342-groupManagement] INFO  server.RaftServerConfigKeys (ConfUtils.java:logGet(46)) - raft.server.log.async-flush.enabled = false (default)
2023-06-07 07:10:53,609 [c9e90f19-93bd-492a-840b-17fd0f306342-groupManagement] INFO  server.RaftServerConfigKeys (ConfUtils.java:logGet(46)) - raft.server.log.statemachine.data.caching.enabled = true (custom)
2023-06-07 07:10:53,614 [c9e90f19-93bd-492a-840b-17fd0f306342-groupManagement] INFO  segmented.SegmentedRaftLogWorker (SegmentedRaftLogWorker.java:lambda$new$0(135)) - c9e90f19-93bd-492a-840b-17fd0f306342@group-B292545453D3-SegmentedRaftLogWorker: flushIndex: setUnconditionally 0 -> -1
2023-06-07 07:10:53,614 [c9e90f19-93bd-492a-840b-17fd0f306342-groupManagement] INFO  segmented.SegmentedRaftLogWorker (SegmentedRaftLogWorker.java:lambda$new$0(135)) - c9e90f19-93bd-492a-840b-17fd0f306342@group-B292545453D3-SegmentedRaftLogWorker: safeCacheEvictIndex: setUnconditionally 0 -> -1
2023-06-07 07:10:53,615 [c9e90f19-93bd-492a-840b-17fd0f306342-groupManagement] INFO  server.RaftServer$Division (RaftServerImpl.java:start(342)) - c9e90f19-93bd-492a-840b-17fd0f306342@group-B292545453D3: start as a follower, conf=-1: peers:[1b66a908-7502-432b-9648-1ff1190a9abb|rpc:10.1.0.31:15059|admin:10.1.0.31:15058|client:10.1.0.31:15057|dataStream:10.1.0.31:15060|priority:0|startupRole:FOLLOWER, c9e90f19-93bd-492a-840b-17fd0f306342|rpc:10.1.0.31:15050|admin:10.1.0.31:15049|client:10.1.0.31:15048|dataStream:10.1.0.31:15051|priority:1|startupRole:FOLLOWER, 4867cc16-78cf-4276-b1e1-ad4ddd1b82d4|rpc:10.1.0.31:15041|admin:10.1.0.31:15040|client:10.1.0.31:15039|dataStream:10.1.0.31:15042|priority:0|startupRole:FOLLOWER]|listeners:[], old=null
2023-06-07 07:10:53,616 [c9e90f19-93bd-492a-840b-17fd0f306342-groupManagement] INFO  server.RaftServer$Division (RaftServerImpl.java:setRole(329)) - c9e90f19-93bd-492a-840b-17fd0f306342@group-B292545453D3: changes role from      null to FOLLOWER at term 0 for startAsFollower
2023-06-07 07:10:53,616 [c9e90f19-93bd-492a-840b-17fd0f306342-groupManagement] INFO  impl.RoleInfo (RoleInfo.java:updateAndGet(139)) - c9e90f19-93bd-492a-840b-17fd0f306342: start c9e90f19-93bd-492a-840b-17fd0f306342@group-B292545453D3-FollowerState
2023-06-07 07:10:53,616 [c9e90f19-93bd-492a-840b-17fd0f306342-groupManagement] INFO  util.JmxRegister (JmxRegister.java:tryRegister(44)) - Successfully registered JMX Bean with object name Ratis:service=RaftServer,group=group-B292545453D3,id=c9e90f19-93bd-492a-840b-17fd0f306342
2023-06-07 07:10:53,616 [c9e90f19-93bd-492a-840b-17fd0f306342-groupManagement] INFO  server.RaftServerConfigKeys (ConfUtils.java:logGet(46)) - raft.server.snapshot.auto.trigger.enabled = true (custom)
2023-06-07 07:10:53,616 [c9e90f19-93bd-492a-840b-17fd0f306342-groupManagement] INFO  server.RaftServerConfigKeys (ConfUtils.java:logGet(46)) - raft.server.snapshot.auto.trigger.threshold = 10000 (custom)
2023-06-07 07:10:53,616 [c9e90f19-93bd-492a-840b-17fd0f306342-groupManagement] INFO  server.RaftServerConfigKeys (ConfUtils.java:logGet(46)) - raft.server.snapshot.retention.file.num = 5 (custom)
2023-06-07 07:10:53,616 [c9e90f19-93bd-492a-840b-17fd0f306342-groupManagement] INFO  server.RaftServerConfigKeys (ConfUtils.java:logGet(46)) - raft.server.log.purge.upto.snapshot.index = false (default)
2023-06-07 07:10:53,617 [PipelineCommandHandlerThread-0] INFO  ratis.XceiverServerRatis (XceiverServerRatis.java:addGroup(804)) - Created group PipelineID=800a9cfe-39c7-45b0-ab17-b292545453d3
2023-06-07 07:10:53,624 [c9e90f19-93bd-492a-840b-17fd0f306342@group-B292545453D3-FollowerState] INFO  server.RaftServerConfigKeys (ConfUtils.java:logFallback(53)) - raft.server.rpc.first-election.timeout.min = 5s (fallback to raft.server.rpc.timeout.min)
2023-06-07 07:10:53,625 [c9e90f19-93bd-492a-840b-17fd0f306342@group-B292545453D3-FollowerState] INFO  server.RaftServerConfigKeys (ConfUtils.java:logFallback(53)) - raft.server.rpc.first-election.timeout.max = 5200ms (fallback to raft.server.rpc.timeout.max)
2023-06-07 07:10:53,688 [PipelineCommandHandlerThread-0] INFO  commandhandler.CreatePipelineCommandHandler (CreatePipelineCommandHandler.java:lambda$handle$2(124)) - Created Pipeline RATIS THREE PipelineID=5fa2f39f-6c68-4c5f-95db-cfa832b76c4a.
2023-06-07 07:10:53,713 [PipelineCommandHandlerThread-0] INFO  commandhandler.CreatePipelineCommandHandler (CreatePipelineCommandHandler.java:lambda$handle$2(124)) - Created Pipeline RATIS THREE PipelineID=5fa2f39f-6c68-4c5f-95db-cfa832b76c4a.
2023-06-07 07:10:53,729 [PipelineCommandHandlerThread-0] INFO  commandhandler.CreatePipelineCommandHandler (CreatePipelineCommandHandler.java:lambda$handle$2(124)) - Created Pipeline RATIS THREE PipelineID=800a9cfe-39c7-45b0-ab17-b292545453d3.
2023-06-07 07:10:53,739 [PipelineCommandHandlerThread-0] INFO  server.RaftServer (RaftServerProxy.java:addNew(98)) - 4867cc16-78cf-4276-b1e1-ad4ddd1b82d4: addNew group-DEB1234BAF49:[1b66a908-7502-432b-9648-1ff1190a9abb|rpc:10.1.0.31:15059|admin:10.1.0.31:15058|client:10.1.0.31:15057|dataStream:10.1.0.31:15060|priority:0|startupRole:FOLLOWER, c9e90f19-93bd-492a-840b-17fd0f306342|rpc:10.1.0.31:15050|admin:10.1.0.31:15049|client:10.1.0.31:15048|dataStream:10.1.0.31:15051|priority:0|startupRole:FOLLOWER, 4867cc16-78cf-4276-b1e1-ad4ddd1b82d4|rpc:10.1.0.31:15041|admin:10.1.0.31:15040|client:10.1.0.31:15039|dataStream:10.1.0.31:15042|priority:1|startupRole:FOLLOWER] returns group-DEB1234BAF49:java.util.concurrent.CompletableFuture@22737a27[Not completed]
2023-06-07 07:10:53,745 [main] INFO  ozone.MiniOzoneClusterImpl (MiniOzoneClusterImpl.java:lambda$waitForClusterToBeReady$0(222)) - Waiting for nodes to be ready. Got 11 of 14 DN Heartbeats.
2023-06-07 07:10:53,745 [main] INFO  ozone.MiniOzoneClusterImpl (MiniOzoneClusterImpl.java:lambda$waitForClusterToBeReady$0(225)) - Waiting for cluster to exit safe mode
2023-06-07 07:10:53,745 [main] INFO  ozone.MiniOzoneClusterImpl (MiniOzoneClusterImpl.java:lambda$waitForClusterToBeReady$0(227)) - SCM became leader
2023-06-07 07:10:53,746 [4867cc16-78cf-4276-b1e1-ad4ddd1b82d4-groupManagement] INFO  server.RaftServer$Division (RaftServerImpl.java:<init>(198)) - 4867cc16-78cf-4276-b1e1-ad4ddd1b82d4: new RaftServerImpl for group-DEB1234BAF49:[1b66a908-7502-432b-9648-1ff1190a9abb|rpc:10.1.0.31:15059|admin:10.1.0.31:15058|client:10.1.0.31:15057|dataStream:10.1.0.31:15060|priority:0|startupRole:FOLLOWER, c9e90f19-93bd-492a-840b-17fd0f306342|rpc:10.1.0.31:15050|admin:10.1.0.31:15049|client:10.1.0.31:15048|dataStream:10.1.0.31:15051|priority:0|startupRole:FOLLOWER, 4867cc16-78cf-4276-b1e1-ad4ddd1b82d4|rpc:10.1.0.31:15041|admin:10.1.0.31:15040|client:10.1.0.31:15039|dataStream:10.1.0.31:15042|priority:1|startupRole:FOLLOWER] with ContainerStateMachine:uninitialized
2023-06-07 07:10:53,746 [4867cc16-78cf-4276-b1e1-ad4ddd1b82d4-groupManagement] INFO  server.RaftServerConfigKeys (ConfUtils.java:logGet(46)) - raft.server.rpc.timeout.min = 5s (custom)
2023-06-07 07:10:53,746 [4867cc16-78cf-4276-b1e1-ad4ddd1b82d4-groupManagement] INFO  server.RaftServerConfigKeys (ConfUtils.java:logGet(46)) - raft.server.rpc.timeout.max = 5200ms (custom)
2023-06-07 07:10:53,746 [4867cc16-78cf-4276-b1e1-ad4ddd1b82d4-groupManagement] INFO  server.RaftServerConfigKeys (ConfUtils.java:logGet(46)) - raft.server.rpc.sleep.time = 25ms (default)
2023-06-07 07:10:53,746 [4867cc16-78cf-4276-b1e1-ad4ddd1b82d4-groupManagement] INFO  server.RaftServerConfigKeys (ConfUtils.java:logGet(46)) - raft.server.rpc.slowness.timeout = 300s (custom)
2023-06-07 07:10:53,746 [4867cc16-78cf-4276-b1e1-ad4ddd1b82d4-groupManagement] INFO  server.RaftServerConfigKeys (ConfUtils.java:logGet(46)) - raft.server.leaderelection.leader.step-down.wait-time = 10s (default)
2023-06-07 07:10:53,747 [4867cc16-78cf-4276-b1e1-ad4ddd1b82d4-groupManagement] INFO  server.RaftServerConfigKeys (ConfUtils.java:logGet(46)) - raft.server.sleep.deviation.threshold = 300ms (default)
2023-06-07 07:10:53,747 [4867cc16-78cf-4276-b1e1-ad4ddd1b82d4-groupManagement] INFO  server.RaftServer$Division (ServerState.java:<init>(120)) - 4867cc16-78cf-4276-b1e1-ad4ddd1b82d4@group-DEB1234BAF49: ConfigurationManager, init=-1: peers:[1b66a908-7502-432b-9648-1ff1190a9abb|rpc:10.1.0.31:15059|admin:10.1.0.31:15058|client:10.1.0.31:15057|dataStream:10.1.0.31:15060|priority:0|startupRole:FOLLOWER, c9e90f19-93bd-492a-840b-17fd0f306342|rpc:10.1.0.31:15050|admin:10.1.0.31:15049|client:10.1.0.31:15048|dataStream:10.1.0.31:15051|priority:0|startupRole:FOLLOWER, 4867cc16-78cf-4276-b1e1-ad4ddd1b82d4|rpc:10.1.0.31:15041|admin:10.1.0.31:15040|client:10.1.0.31:15039|dataStream:10.1.0.31:15042|priority:1|startupRole:FOLLOWER]|listeners:[], old=null, confs=<EMPTY_MAP>
2023-06-07 07:10:53,747 [4867cc16-78cf-4276-b1e1-ad4ddd1b82d4-groupManagement] INFO  server.RaftServerConfigKeys (ConfUtils.java:logGet(46)) - raft.server.storage.dir = [/home/runner/work/ozone/ozone/hadoop-ozone/integration-test/target/test-dir/MiniOzoneClusterImpl-28223e3b-fb3b-4559-a623-43dba3cd33a0/datanode-3/data/ratis] (custom)
2023-06-07 07:10:53,747 [4867cc16-78cf-4276-b1e1-ad4ddd1b82d4-groupManagement] INFO  server.RaftServerConfigKeys (ConfUtils.java:logGet(46)) - raft.server.log.corruption.policy = EXCEPTION (default)
2023-06-07 07:10:53,747 [4867cc16-78cf-4276-b1e1-ad4ddd1b82d4-groupManagement] INFO  server.RaftServerConfigKeys (ConfUtils.java:logGet(46)) - raft.server.storage.free-space.min = 0MB (=0) (default)
2023-06-07 07:10:53,747 [4867cc16-78cf-4276-b1e1-ad4ddd1b82d4-groupManagement] INFO  server.RaftServerConfigKeys (ConfUtils.java:logGet(46)) - raft.server.notification.no-leader.timeout = 300s (custom)
2023-06-07 07:10:53,748 [4867cc16-78cf-4276-b1e1-ad4ddd1b82d4-groupManagement] INFO  server.RaftServerConfigKeys (ConfUtils.java:logGet(46)) - raft.server.read.timeout = 10s (default)
2023-06-07 07:10:53,748 [4867cc16-78cf-4276-b1e1-ad4ddd1b82d4-groupManagement] INFO  server.RaftServerConfigKeys (ConfUtils.java:logGet(46)) - raft.server.retrycache.expirytime = 600000ms (custom)
2023-06-07 07:10:53,748 [4867cc16-78cf-4276-b1e1-ad4ddd1b82d4-groupManagement] INFO  server.RaftServerConfigKeys (ConfUtils.java:logGet(46)) - raft.server.retrycache.statistics.expirytime = 100μs (default)
2023-06-07 07:10:53,748 [4867cc16-78cf-4276-b1e1-ad4ddd1b82d4-groupManagement] INFO  server.RaftServerConfigKeys (ConfUtils.java:logGet(46)) - raft.server.read.option = DEFAULT (default)
2023-06-07 07:10:53,750 [4867cc16-78cf-4276-b1e1-ad4ddd1b82d4-groupManagement] INFO  server.RaftServerConfigKeys (ConfUtils.java:logGet(46)) - raft.server.rpc.request.timeout = 60s (custom)
2023-06-07 07:10:53,750 [4867cc16-78cf-4276-b1e1-ad4ddd1b82d4-groupManagement] INFO  server.RaftServerConfigKeys (ConfUtils.java:logGet(46)) - raft.server.log.appender.install.snapshot.enabled = false (custom)
2023-06-07 07:10:53,750 [4867cc16-78cf-4276-b1e1-ad4ddd1b82d4-groupManagement] INFO  server.RaftServerConfigKeys (ConfUtils.java:logGet(46)) - raft.server.threadpool.server.cached = true (default)
2023-06-07 07:10:53,750 [4867cc16-78cf-4276-b1e1-ad4ddd1b82d4-groupManagement] INFO  server.RaftServerConfigKeys (ConfUtils.java:logGet(46)) - raft.server.threadpool.server.size = 0 (default)
2023-06-07 07:10:53,750 [4867cc16-78cf-4276-b1e1-ad4ddd1b82d4-groupManagement] INFO  server.RaftServerConfigKeys (ConfUtils.java:logGet(46)) - raft.server.threadpool.client.cached = true (default)
2023-06-07 07:10:53,750 [4867cc16-78cf-4276-b1e1-ad4ddd1b82d4-groupManagement] INFO  server.RaftServerConfigKeys (ConfUtils.java:logGet(46)) - raft.server.threadpool.client.size = 0 (default)
2023-06-07 07:10:53,762 [4867cc16-78cf-4276-b1e1-ad4ddd1b82d4-groupManagement] INFO  storage.RaftStorageDirectory (RaftStorageDirectoryImpl.java:analyzeStorage(137)) - The storage directory /home/runner/work/ozone/ozone/hadoop-ozone/integration-test/target/test-dir/MiniOzoneClusterImpl-28223e3b-fb3b-4559-a623-43dba3cd33a0/datanode-3/data/ratis/9ea93171-eff4-4ff6-a6d2-deb1234baf49 does not exist. Creating ...
2023-06-07 07:10:53,763 [PipelineCommandHandlerThread-0] INFO  commandhandler.CreatePipelineCommandHandler (CreatePipelineCommandHandler.java:lambda$handle$2(124)) - Created Pipeline RATIS THREE PipelineID=5fa2f39f-6c68-4c5f-95db-cfa832b76c4a.
2023-06-07 07:10:53,765 [4867cc16-78cf-4276-b1e1-ad4ddd1b82d4-groupManagement] INFO  storage.RaftStorageDirectory (RaftStorageDirectoryImpl.java:tryLock(231)) - Lock on /home/runner/work/ozone/ozone/hadoop-ozone/integration-test/target/test-dir/MiniOzoneClusterImpl-28223e3b-fb3b-4559-a623-43dba3cd33a0/datanode-3/data/ratis/9ea93171-eff4-4ff6-a6d2-deb1234baf49/in_use.lock acquired by nodename 65108@fv-az246-755
2023-06-07 07:10:53,769 [4867cc16-78cf-4276-b1e1-ad4ddd1b82d4-groupManagement] INFO  storage.RaftStorage (RaftStorageImpl.java:format(96)) - Storage directory /home/runner/work/ozone/ozone/hadoop-ozone/integration-test/target/test-dir/MiniOzoneClusterImpl-28223e3b-fb3b-4559-a623-43dba3cd33a0/datanode-3/data/ratis/9ea93171-eff4-4ff6-a6d2-deb1234baf49 has been successfully formatted.
2023-06-07 07:10:53,770 [4867cc16-78cf-4276-b1e1-ad4ddd1b82d4-groupManagement] INFO  ratis.ContainerStateMachine (ContainerStateMachine.java:loadSnapshot(262)) - group-DEB1234BAF49: The snapshot info is null. Setting the last applied indexto:(t:0, i:~)
2023-06-07 07:10:53,770 [4867cc16-78cf-4276-b1e1-ad4ddd1b82d4-groupManagement] INFO  server.RaftServerConfigKeys (ConfUtils.java:logGet(46)) - raft.server.log.use.memory = false (default)
2023-06-07 07:10:53,770 [4867cc16-78cf-4276-b1e1-ad4ddd1b82d4-groupManagement] INFO  server.RaftServerConfigKeys (ConfUtils.java:logGet(46)) - raft.server.log.purge.gap = 1000000 (custom)
2023-06-07 07:10:53,770 [4867cc16-78cf-4276-b1e1-ad4ddd1b82d4-groupManagement] INFO  server.RaftServerConfigKeys (ConfUtils.java:logGet(46)) - raft.server.log.appender.buffer.byte-limit = 33554432 (custom)
2023-06-07 07:10:53,770 [4867cc16-78cf-4276-b1e1-ad4ddd1b82d4-groupManagement] INFO  server.RaftServerConfigKeys (ConfUtils.java:logGet(46)) - raft.server.log.statemachine.data.read.timeout = 1000ms (default)
2023-06-07 07:10:53,770 [4867cc16-78cf-4276-b1e1-ad4ddd1b82d4-groupManagement] INFO  server.RaftServerConfigKeys (ConfUtils.java:logGet(46)) - raft.server.log.purge.preservation.log.num = 0 (default)
2023-06-07 07:10:53,770 [4867cc16-78cf-4276-b1e1-ad4ddd1b82d4-groupManagement] INFO  server.RaftServerConfigKeys (ConfUtils.java:logGet(46)) - raft.server.log.segment.size.max = 1048576 (custom)
2023-06-07 07:10:53,771 [4867cc16-78cf-4276-b1e1-ad4ddd1b82d4-groupManagement] INFO  server.RaftServerConfigKeys (ConfUtils.java:logGet(46)) - raft.server.log.segment.cache.num.max = 2 (custom)
2023-06-07 07:10:53,771 [4867cc16-78cf-4276-b1e1-ad4ddd1b82d4-groupManagement] INFO  server.RaftServerConfigKeys (ConfUtils.java:logGet(46)) - raft.server.log.segment.cache.size.max = 200MB (=209715200) (default)
2023-06-07 07:10:53,771 [4867cc16-78cf-4276-b1e1-ad4ddd1b82d4-groupManagement] INFO  server.RaftServerConfigKeys (ConfUtils.java:logGet(46)) - raft.server.log.appender.buffer.byte-limit = 33554432 (custom)
2023-06-07 07:10:53,775 [4867cc16-78cf-4276-b1e1-ad4ddd1b82d4-groupManagement] INFO  segmented.SegmentedRaftLogWorker (SegmentedRaftLogWorker.java:<init>(188)) - new 4867cc16-78cf-4276-b1e1-ad4ddd1b82d4@group-DEB1234BAF49-SegmentedRaftLogWorker for RaftStorageImpl:Storage Directory /home/runner/work/ozone/ozone/hadoop-ozone/integration-test/target/test-dir/MiniOzoneClusterImpl-28223e3b-fb3b-4559-a623-43dba3cd33a0/datanode-3/data/ratis/9ea93171-eff4-4ff6-a6d2-deb1234baf49
2023-06-07 07:10:53,775 [4867cc16-78cf-4276-b1e1-ad4ddd1b82d4-groupManagement] INFO  server.RaftServerConfigKeys (ConfUtils.java:logGet(46)) - raft.server.log.queue.byte-limit = 4294967296 (custom)
2023-06-07 07:10:53,775 [4867cc16-78cf-4276-b1e1-ad4ddd1b82d4-groupManagement] INFO  server.RaftServerConfigKeys (ConfUtils.java:logGet(46)) - raft.server.log.queue.element-limit = 1024 (custom)
2023-06-07 07:10:53,775 [4867cc16-78cf-4276-b1e1-ad4ddd1b82d4-groupManagement] INFO  server.RaftServerConfigKeys (ConfUtils.java:logGet(46)) - raft.server.log.segment.size.max = 1048576 (custom)
2023-06-07 07:10:53,775 [4867cc16-78cf-4276-b1e1-ad4ddd1b82d4-groupManagement] INFO  server.RaftServerConfigKeys (ConfUtils.java:logGet(46)) - raft.server.log.preallocated.size = 16384 (custom)
2023-06-07 07:10:53,775 [4867cc16-78cf-4276-b1e1-ad4ddd1b82d4-groupManagement] INFO  server.RaftServerConfigKeys (ConfUtils.java:logGet(46)) - raft.server.log.force.sync.num = 128 (default)
2023-06-07 07:10:53,775 [4867cc16-78cf-4276-b1e1-ad4ddd1b82d4-groupManagement] INFO  server.RaftServerConfigKeys (ConfUtils.java:logGet(46)) - raft.server.log.statemachine.data.sync = true (default)
2023-06-07 07:10:53,775 [4867cc16-78cf-4276-b1e1-ad4ddd1b82d4-groupManagement] INFO  server.RaftServerConfigKeys (ConfUtils.java:logGet(46)) - raft.server.log.statemachine.data.sync.timeout = 10s (default)
2023-06-07 07:10:53,775 [4867cc16-78cf-4276-b1e1-ad4ddd1b82d4-groupManagement] INFO  server.RaftServerConfigKeys (ConfUtils.java:logGet(46)) - raft.server.log.statemachine.data.sync.timeout.retry = -1 (default)
2023-06-07 07:10:53,776 [4867cc16-78cf-4276-b1e1-ad4ddd1b82d4-groupManagement] INFO  server.RaftServerConfigKeys (ConfUtils.java:logGet(46)) - raft.server.log.write.buffer.size = 1048576 (custom)
2023-06-07 07:10:53,778 [PipelineCommandHandlerThread-0] INFO  commandhandler.CreatePipelineCommandHandler (CreatePipelineCommandHandler.java:lambda$handle$2(124)) - Created Pipeline RATIS THREE PipelineID=800a9cfe-39c7-45b0-ab17-b292545453d3.
2023-06-07 07:10:53,778 [PipelineCommandHandlerThread-0] INFO  server.RaftServer (RaftServerProxy.java:addNew(98)) - c9e90f19-93bd-492a-840b-17fd0f306342: addNew group-DEB1234BAF49:[1b66a908-7502-432b-9648-1ff1190a9abb|rpc:10.1.0.31:15059|admin:10.1.0.31:15058|client:10.1.0.31:15057|dataStream:10.1.0.31:15060|priority:0|startupRole:FOLLOWER, c9e90f19-93bd-492a-840b-17fd0f306342|rpc:10.1.0.31:15050|admin:10.1.0.31:15049|client:10.1.0.31:15048|dataStream:10.1.0.31:15051|priority:0|startupRole:FOLLOWER, 4867cc16-78cf-4276-b1e1-ad4ddd1b82d4|rpc:10.1.0.31:15041|admin:10.1.0.31:15040|client:10.1.0.31:15039|dataStream:10.1.0.31:15042|priority:1|startupRole:FOLLOWER] returns group-DEB1234BAF49:java.util.concurrent.CompletableFuture@63571b4[Not completed]
2023-06-07 07:10:53,779 [c9e90f19-93bd-492a-840b-17fd0f306342-groupManagement] INFO  server.RaftServer$Division (RaftServerImpl.java:<init>(198)) - c9e90f19-93bd-492a-840b-17fd0f306342: new RaftServerImpl for group-DEB1234BAF49:[1b66a908-7502-432b-9648-1ff1190a9abb|rpc:10.1.0.31:15059|admin:10.1.0.31:15058|client:10.1.0.31:15057|dataStream:10.1.0.31:15060|priority:0|startupRole:FOLLOWER, c9e90f19-93bd-492a-840b-17fd0f306342|rpc:10.1.0.31:15050|admin:10.1.0.31:15049|client:10.1.0.31:15048|dataStream:10.1.0.31:15051|priority:0|startupRole:FOLLOWER, 4867cc16-78cf-4276-b1e1-ad4ddd1b82d4|rpc:10.1.0.31:15041|admin:10.1.0.31:15040|client:10.1.0.31:15039|dataStream:10.1.0.31:15042|priority:1|startupRole:FOLLOWER] with ContainerStateMachine:uninitialized
2023-06-07 07:10:53,779 [c9e90f19-93bd-492a-840b-17fd0f306342-groupManagement] INFO  server.RaftServerConfigKeys (ConfUtils.java:logGet(46)) - raft.server.rpc.timeout.min = 5s (custom)
2023-06-07 07:10:53,779 [c9e90f19-93bd-492a-840b-17fd0f306342-groupManagement] INFO  server.RaftServerConfigKeys (ConfUtils.java:logGet(46)) - raft.server.rpc.timeout.max = 5200ms (custom)
2023-06-07 07:10:54,282 [c9e90f19-93bd-492a-840b-17fd0f306342-groupManagement] INFO  server.RaftServerConfigKeys (ConfUtils.java:logGet(46)) - raft.server.rpc.sleep.time = 25ms (default)
2023-06-07 07:10:54,282 [c9e90f19-93bd-492a-840b-17fd0f306342-groupManagement] INFO  server.RaftServerConfigKeys (ConfUtils.java:logGet(46)) - raft.server.rpc.slowness.timeout = 300s (custom)
2023-06-07 07:10:54,282 [c9e90f19-93bd-492a-840b-17fd0f306342-groupManagement] INFO  server.RaftServerConfigKeys (ConfUtils.java:logGet(46)) - raft.server.leaderelection.leader.step-down.wait-time = 10s (default)
2023-06-07 07:10:54,282 [c9e90f19-93bd-492a-840b-17fd0f306342-groupManagement] INFO  server.RaftServerConfigKeys (ConfUtils.java:logGet(46)) - raft.server.sleep.deviation.threshold = 300ms (default)
2023-06-07 07:10:54,283 [c9e90f19-93bd-492a-840b-17fd0f306342-groupManagement] INFO  server.RaftServer$Division (ServerState.java:<init>(120)) - c9e90f19-93bd-492a-840b-17fd0f306342@group-DEB1234BAF49: ConfigurationManager, init=-1: peers:[1b66a908-7502-432b-9648-1ff1190a9abb|rpc:10.1.0.31:15059|admin:10.1.0.31:15058|client:10.1.0.31:15057|dataStream:10.1.0.31:15060|priority:0|startupRole:FOLLOWER, c9e90f19-93bd-492a-840b-17fd0f306342|rpc:10.1.0.31:15050|admin:10.1.0.31:15049|client:10.1.0.31:15048|dataStream:10.1.0.31:15051|priority:0|startupRole:FOLLOWER, 4867cc16-78cf-4276-b1e1-ad4ddd1b82d4|rpc:10.1.0.31:15041|admin:10.1.0.31:15040|client:10.1.0.31:15039|dataStream:10.1.0.31:15042|priority:1|startupRole:FOLLOWER]|listeners:[], old=null, confs=<EMPTY_MAP>
2023-06-07 07:10:54,283 [c9e90f19-93bd-492a-840b-17fd0f306342-groupManagement] INFO  server.RaftServerConfigKeys (ConfUtils.java:logGet(46)) - raft.server.storage.dir = [/home/runner/work/ozone/ozone/hadoop-ozone/integration-test/target/test-dir/MiniOzoneClusterImpl-28223e3b-fb3b-4559-a623-43dba3cd33a0/datanode-4/data/ratis] (custom)
2023-06-07 07:10:54,283 [c9e90f19-93bd-492a-840b-17fd0f306342-groupManagement] INFO  server.RaftServerConfigKeys (ConfUtils.java:logGet(46)) - raft.server.log.corruption.policy = EXCEPTION (default)
2023-06-07 07:10:54,306 [c9e90f19-93bd-492a-840b-17fd0f306342-groupManagement] INFO  server.RaftServerConfigKeys (ConfUtils.java:logGet(46)) - raft.server.storage.free-space.min = 0MB (=0) (default)
2023-06-07 07:10:54,306 [c9e90f19-93bd-492a-840b-17fd0f306342-groupManagement] INFO  server.RaftServerConfigKeys (ConfUtils.java:logGet(46)) - raft.server.notification.no-leader.timeout = 300s (custom)
2023-06-07 07:10:54,306 [c9e90f19-93bd-492a-840b-17fd0f306342-groupManagement] INFO  server.RaftServerConfigKeys (ConfUtils.java:logGet(46)) - raft.server.read.timeout = 10s (default)
2023-06-07 07:10:54,306 [c9e90f19-93bd-492a-840b-17fd0f306342-groupManagement] INFO  server.RaftServerConfigKeys (ConfUtils.java:logGet(46)) - raft.server.retrycache.expirytime = 600000ms (custom)
2023-06-07 07:10:54,306 [c9e90f19-93bd-492a-840b-17fd0f306342-groupManagement] INFO  server.RaftServerConfigKeys (ConfUtils.java:logGet(46)) - raft.server.retrycache.statistics.expirytime = 100μs (default)
2023-06-07 07:10:54,306 [c9e90f19-93bd-492a-840b-17fd0f306342-groupManagement] INFO  server.RaftServerConfigKeys (ConfUtils.java:logGet(46)) - raft.server.read.option = DEFAULT (default)
2023-06-07 07:10:54,305 [JvmPauseMonitor10] WARN  util.JvmPauseMonitor (JvmPauseMonitor.java:detectPause(124)) - JvmPauseMonitor-20fd9795-0abc-4083-965d-6ba83b10546c: Detected pause in JVM or host machine approximately 0.118s with 0.501s GC time.
GC pool 'PS MarkSweep' had collection(s): count=1 time=390ms
GC pool 'PS Scavenge' had collection(s): count=1 time=111ms
2023-06-07 07:10:54,304 [EventQueue-OpenPipelineForHealthyPipelineSafeModeRule] INFO  safemode.SCMSafeModeManager (HealthyPipelineSafeModeRule.java:process(137)) - SCM in safe mode. Healthy pipelines reported count is 0, required healthy pipeline reported count is 1
2023-06-07 07:10:54,308 [c9e90f19-93bd-492a-840b-17fd0f306342-groupManagement] INFO  server.RaftServerConfigKeys (ConfUtils.java:logGet(46)) - raft.server.rpc.request.timeout = 60s (custom)
2023-06-07 07:10:54,308 [c9e90f19-93bd-492a-840b-17fd0f306342-groupManagement] INFO  server.RaftServerConfigKeys (ConfUtils.java:logGet(46)) - raft.server.log.appender.install.snapshot.enabled = false (custom)
2023-06-07 07:10:54,308 [c9e90f19-93bd-492a-840b-17fd0f306342-groupManagement] INFO  server.RaftServerConfigKeys (ConfUtils.java:logGet(46)) - raft.server.threadpool.server.cached = true (default)
2023-06-07 07:10:54,308 [c9e90f19-93bd-492a-840b-17fd0f306342-groupManagement] INFO  server.RaftServerConfigKeys (ConfUtils.java:logGet(46)) - raft.server.threadpool.server.size = 0 (default)
2023-06-07 07:10:54,296 [JvmPauseMonitor13] WARN  util.JvmPauseMonitor (JvmPauseMonitor.java:detectPause(124)) - JvmPauseMonitor-cd92a3c4-ef96-4770-b512-b3fe4045cd4b: Detected pause in JVM or host machine approximately 0.139s with 0.501s GC time.
GC pool 'PS MarkSweep' had collection(s): count=1 time=390ms
GC pool 'PS Scavenge' had collection(s): count=1 time=111ms
2023-06-07 07:10:54,304 [4867cc16-78cf-4276-b1e1-ad4ddd1b82d4-groupManagement] INFO  server.RaftServerConfigKeys (ConfUtils.java:logGet(46)) - raft.server.log.appender.buffer.byte-limit = 33554432 (custom)
2023-06-07 07:10:54,301 [JvmPauseMonitor2] WARN  util.JvmPauseMonitor (JvmPauseMonitor.java:detectPause(124)) - JvmPauseMonitor-add60280-7665-46a7-8f97-112ab314f22d: Detected pause in JVM or host machine approximately 0.518s with 0.501s GC time.
GC pool 'PS MarkSweep' had collection(s): count=1 time=390ms
GC pool 'PS Scavenge' had collection(s): count=1 time=111ms
2023-06-07 07:10:54,301 [JvmPauseMonitor4] WARN  util.JvmPauseMonitor (JvmPauseMonitor.java:detectPause(124)) - JvmPauseMonitor-2912fda5-c0b1-4d9e-ac44-fd313bf4d5ec: Detected pause in JVM or host machine approximately 0.518s with 0.501s GC time.
GC pool 'PS MarkSweep' had collection(s): count=1 time=390ms
GC pool 'PS Scavenge' had collection(s): count=1 time=111ms
2023-06-07 07:10:54,300 [JvmPauseMonitor11] WARN  util.JvmPauseMonitor (JvmPauseMonitor.java:detectPause(124)) - JvmPauseMonitor-53afdcff-9740-4d1d-9155-3eea53ceb243: Detected pause in JVM or host machine approximately 0.444s with 0.501s GC time.
GC pool 'PS MarkSweep' had collection(s): count=1 time=390ms
GC pool 'PS Scavenge' had collection(s): count=1 time=111ms
2023-06-07 07:10:54,299 [1b66a908-7502-432b-9648-1ff1190a9abb-groupManagement] INFO  server.RaftServer$Division (RaftServerImpl.java:<init>(198)) - 1b66a908-7502-432b-9648-1ff1190a9abb: new RaftServerImpl for group-134C86F9C103:[1b66a908-7502-432b-9648-1ff1190a9abb|rpc:10.1.0.31:15059|admin:10.1.0.31:15058|client:10.1.0.31:15057|dataStream:10.1.0.31:15060|priority:1|startupRole:FOLLOWER] with ContainerStateMachine:uninitialized
2023-06-07 07:10:54,309 [1b66a908-7502-432b-9648-1ff1190a9abb-groupManagement] INFO  server.RaftServerConfigKeys (ConfUtils.java:logGet(46)) - raft.server.rpc.timeout.min = 5s (custom)
2023-06-07 07:10:54,309 [1b66a908-7502-432b-9648-1ff1190a9abb-groupManagement] INFO  server.RaftServerConfigKeys (ConfUtils.java:logGet(46)) - raft.server.rpc.timeout.max = 5200ms (custom)
2023-06-07 07:10:54,309 [1b66a908-7502-432b-9648-1ff1190a9abb-groupManagement] INFO  server.RaftServerConfigKeys (ConfUtils.java:logGet(46)) - raft.server.rpc.sleep.time = 25ms (default)
2023-06-07 07:10:54,312 [1b66a908-7502-432b-9648-1ff1190a9abb-groupManagement] INFO  server.RaftServerConfigKeys (ConfUtils.java:logGet(46)) - raft.server.rpc.slowness.timeout = 300s (custom)
2023-06-07 07:10:54,312 [1b66a908-7502-432b-9648-1ff1190a9abb-groupManagement] INFO  server.RaftServerConfigKeys (ConfUtils.java:logGet(46)) - raft.server.leaderelection.leader.step-down.wait-time = 10s (default)
2023-06-07 07:10:54,312 [1b66a908-7502-432b-9648-1ff1190a9abb-groupManagement] INFO  server.RaftServerConfigKeys (ConfUtils.java:logGet(46)) - raft.server.sleep.deviation.threshold = 300ms (default)
2023-06-07 07:10:54,312 [1b66a908-7502-432b-9648-1ff1190a9abb-groupManagement] INFO  server.RaftServer$Division (ServerState.java:<init>(120)) - 1b66a908-7502-432b-9648-1ff1190a9abb@group-134C86F9C103: ConfigurationManager, init=-1: peers:[1b66a908-7502-432b-9648-1ff1190a9abb|rpc:10.1.0.31:15059|admin:10.1.0.31:15058|client:10.1.0.31:15057|dataStream:10.1.0.31:15060|priority:1|startupRole:FOLLOWER]|listeners:[], old=null, confs=<EMPTY_MAP>
2023-06-07 07:10:54,312 [1b66a908-7502-432b-9648-1ff1190a9abb-groupManagement] INFO  server.RaftServerConfigKeys (ConfUtils.java:logGet(46)) - raft.server.storage.dir = [/home/runner/work/ozone/ozone/hadoop-ozone/integration-test/target/test-dir/MiniOzoneClusterImpl-28223e3b-fb3b-4559-a623-43dba3cd33a0/datanode-5/data/ratis] (custom)
2023-06-07 07:10:54,312 [1b66a908-7502-432b-9648-1ff1190a9abb-groupManagement] INFO  server.RaftServerConfigKeys (ConfUtils.java:logGet(46)) - raft.server.log.corruption.policy = EXCEPTION (default)
2023-06-07 07:10:54,312 [1b66a908-7502-432b-9648-1ff1190a9abb-groupManagement] INFO  server.RaftServerConfigKeys (ConfUtils.java:logGet(46)) - raft.server.storage.free-space.min = 0MB (=0) (default)
2023-06-07 07:10:54,312 [1b66a908-7502-432b-9648-1ff1190a9abb-groupManagement] INFO  server.RaftServerConfigKeys (ConfUtils.java:logGet(46)) - raft.server.notification.no-leader.timeout = 300s (custom)
2023-06-07 07:10:54,312 [1b66a908-7502-432b-9648-1ff1190a9abb-groupManagement] INFO  server.RaftServerConfigKeys (ConfUtils.java:logGet(46)) - raft.server.read.timeout = 10s (default)
2023-06-07 07:10:54,312 [1b66a908-7502-432b-9648-1ff1190a9abb-groupManagement] INFO  server.RaftServerConfigKeys (ConfUtils.java:logGet(46)) - raft.server.retrycache.expirytime = 600000ms (custom)
2023-06-07 07:10:54,313 [1b66a908-7502-432b-9648-1ff1190a9abb-groupManagement] INFO  server.RaftServerConfigKeys (ConfUtils.java:logGet(46)) - raft.server.retrycache.statistics.expirytime = 100μs (default)
2023-06-07 07:10:54,313 [1b66a908-7502-432b-9648-1ff1190a9abb-groupManagement] INFO  server.RaftServerConfigKeys (ConfUtils.java:logGet(46)) - raft.server.read.option = DEFAULT (default)
2023-06-07 07:10:54,314 [IPC Server handler 12 on default port 15002] INFO  net.NetworkTopologyImpl (NetworkTopologyImpl.java:add(112)) - Added a new node: /default-rack/cd92a3c4-ef96-4770-b512-b3fe4045cd4b
2023-06-07 07:10:54,314 [IPC Server handler 12 on default port 15002] INFO  node.SCMNodeManager (SCMNodeManager.java:register(407)) - Registered Data node : cd92a3c4-ef96-4770-b512-b3fe4045cd4b{ip: 10.1.0.31, host: fv-az246-755.dmzl2ssfaldu3choa5k4qgfeyh.jx.internal.cloudapp.net, ports: [HTTP=15108, CLIENT_RPC=15109, REPLICATION=15115, RATIS=15111, RATIS_ADMIN=15112, RATIS_SERVER=15113, RATIS_DATASTREAM=15114, STANDALONE=15110], networkLocation: /default-rack, certSerialId: null, persistedOpState: null, persistedOpStateExpiryEpochSec: 0}
2023-06-07 07:10:54,315 [EventQueue-NewNodeForNewNodeHandler] INFO  pipeline.BackgroundPipelineCreator (BackgroundPipelineCreator.java:notifyEventTriggered(276)) - trigger a one-shot run on RatisPipelineUtilsThread.
2023-06-07 07:10:54,315 [RatisPipelineUtilsThread - 0] INFO  pipeline.RatisPipelineProvider (RatisPipelineProvider.java:lambda$create$0(206)) - Sending CreatePipelineCommand for pipeline:PipelineID=f4fbc1ab-c13c-4528-be17-3c28a615d201 to datanode:cd92a3c4-ef96-4770-b512-b3fe4045cd4b
2023-06-07 07:10:54,316 [RatisPipelineUtilsThread - 0] INFO  pipeline.PipelineStateManagerImpl (PipelineStateManagerImpl.java:addPipeline(103)) - Created pipeline Pipeline[ Id: f4fbc1ab-c13c-4528-be17-3c28a615d201, Nodes: cd92a3c4-ef96-4770-b512-b3fe4045cd4b(fv-az246-755.dmzl2ssfaldu3choa5k4qgfeyh.jx.internal.cloudapp.net/10.1.0.31), ReplicationConfig: RATIS/ONE, State:ALLOCATED, leaderId:, CreationTimestamp2023-06-07T07:10:54.315Z[Etc/UTC]].
2023-06-07 07:10:54,317 [4867cc16-78cf-4276-b1e1-ad4ddd1b82d4-groupManagement] INFO  server.RaftServerConfigKeys (ConfUtils.java:logGet(46)) - raft.server.log.unsafe-flush.enabled = false (default)
2023-06-07 07:10:54,317 [4867cc16-78cf-4276-b1e1-ad4ddd1b82d4-groupManagement] INFO  server.RaftServerConfigKeys (ConfUtils.java:logGet(46)) - raft.server.log.async-flush.enabled = false (default)
2023-06-07 07:10:54,317 [4867cc16-78cf-4276-b1e1-ad4ddd1b82d4-groupManagement] INFO  server.RaftServerConfigKeys (ConfUtils.java:logGet(46)) - raft.server.log.statemachine.data.caching.enabled = true (custom)
2023-06-07 07:10:54,319 [4867cc16-78cf-4276-b1e1-ad4ddd1b82d4-groupManagement] INFO  segmented.SegmentedRaftLogWorker (SegmentedRaftLogWorker.java:lambda$new$0(135)) - 4867cc16-78cf-4276-b1e1-ad4ddd1b82d4@group-DEB1234BAF49-SegmentedRaftLogWorker: flushIndex: setUnconditionally 0 -> -1
2023-06-07 07:10:54,319 [4867cc16-78cf-4276-b1e1-ad4ddd1b82d4-groupManagement] INFO  segmented.SegmentedRaftLogWorker (SegmentedRaftLogWorker.java:lambda$new$0(135)) - 4867cc16-78cf-4276-b1e1-ad4ddd1b82d4@group-DEB1234BAF49-SegmentedRaftLogWorker: safeCacheEvictIndex: setUnconditionally 0 -> -1
2023-06-07 07:10:54,320 [RatisPipelineUtilsThread - 0] INFO  pipeline.RatisPipelineProvider (RatisPipelineProvider.java:lambda$create$0(206)) - Sending CreatePipelineCommand for pipeline:PipelineID=2348e00e-cbbb-4144-a011-de80c7ec9d56 to datanode:cd92a3c4-ef96-4770-b512-b3fe4045cd4b
2023-06-07 07:10:54,320 [RatisPipelineUtilsThread - 0] INFO  pipeline.RatisPipelineProvider (RatisPipelineProvider.java:lambda$create$0(206)) - Sending CreatePipelineCommand for pipeline:PipelineID=2348e00e-cbbb-4144-a011-de80c7ec9d56 to datanode:53afdcff-9740-4d1d-9155-3eea53ceb243
2023-06-07 07:10:54,320 [RatisPipelineUtilsThread - 0] INFO  pipeline.RatisPipelineProvider (RatisPipelineProvider.java:lambda$create$0(206)) - Sending CreatePipelineCommand for pipeline:PipelineID=2348e00e-cbbb-4144-a011-de80c7ec9d56 to datanode:b1b35183-3015-42af-b03c-e7d97dc9a7f6
2023-06-07 07:10:54,321 [1b66a908-7502-432b-9648-1ff1190a9abb-groupManagement] INFO  server.RaftServerConfigKeys (ConfUtils.java:logGet(46)) - raft.server.rpc.request.timeout = 60s (custom)
2023-06-07 07:10:54,321 [1b66a908-7502-432b-9648-1ff1190a9abb-groupManagement] INFO  server.RaftServerConfigKeys (ConfUtils.java:logGet(46)) - raft.server.log.appender.install.snapshot.enabled = false (custom)
2023-06-07 07:10:54,321 [1b66a908-7502-432b-9648-1ff1190a9abb-groupManagement] INFO  server.RaftServerConfigKeys (ConfUtils.java:logGet(46)) - raft.server.threadpool.server.cached = true (default)
2023-06-07 07:10:54,321 [1b66a908-7502-432b-9648-1ff1190a9abb-groupManagement] INFO  server.RaftServerConfigKeys (ConfUtils.java:logGet(46)) - raft.server.threadpool.server.size = 0 (default)
2023-06-07 07:10:54,322 [1b66a908-7502-432b-9648-1ff1190a9abb-groupManagement] INFO  server.RaftServerConfigKeys (ConfUtils.java:logGet(46)) - raft.server.threadpool.client.cached = true (default)
2023-06-07 07:10:54,322 [1b66a908-7502-432b-9648-1ff1190a9abb-groupManagement] INFO  server.RaftServerConfigKeys (ConfUtils.java:logGet(46)) - raft.server.threadpool.client.size = 0 (default)
2023-06-07 07:10:54,297 [PipelineCommandHandlerThread-0] INFO  server.RaftServer (RaftServerProxy.java:addNew(98)) - 1b66a908-7502-432b-9648-1ff1190a9abb: addNew group-134C86F9C103:[1b66a908-7502-432b-9648-1ff1190a9abb|rpc:10.1.0.31:15059|admin:10.1.0.31:15058|client:10.1.0.31:15057|dataStream:10.1.0.31:15060|priority:1|startupRole:FOLLOWER] returns group-134C86F9C103:java.util.concurrent.CompletableFuture@5ade5c89[Not completed]
2023-06-07 07:10:54,297 [JvmPauseMonitor12] WARN  util.JvmPauseMonitor (JvmPauseMonitor.java:detectPause(124)) - JvmPauseMonitor-b1b35183-3015-42af-b03c-e7d97dc9a7f6: Detected pause in JVM or host machine approximately 0.425s with 0.501s GC time.
GC pool 'PS MarkSweep' had collection(s): count=1 time=390ms
GC pool 'PS Scavenge' had collection(s): count=1 time=111ms
2023-06-07 07:10:54,297 [JvmPauseMonitor15] WARN  util.JvmPauseMonitor (JvmPauseMonitor.java:detectPause(124)) - JvmPauseMonitor-2a2b2d62-8637-433f-be3f-60f9dc9f206f: Detected pause in JVM or host machine approximately 0.415s with 0.501s GC time.
GC pool 'PS MarkSweep' had collection(s): count=1 time=390ms
GC pool 'PS Scavenge' had collection(s): count=1 time=111ms
2023-06-07 07:10:54,297 [JvmPauseMonitor3] WARN  util.JvmPauseMonitor (JvmPauseMonitor.java:detectPause(124)) - JvmPauseMonitor-44d8f5b4-8dfc-4dc1-b3e0-dd93457af28b: Detected pause in JVM or host machine approximately 0.388s with 0.501s GC time.
GC pool 'PS MarkSweep' had collection(s): count=1 time=390ms
GC pool 'PS Scavenge' had collection(s): count=1 time=111ms
2023-06-07 07:10:54,322 [1b66a908-7502-432b-9648-1ff1190a9abb-groupManagement] INFO  storage.RaftStorageDirectory (RaftStorageDirectoryImpl.java:analyzeStorage(137)) - The storage directory /home/runner/work/ozone/ozone/hadoop-ozone/integration-test/target/test-dir/MiniOzoneClusterImpl-28223e3b-fb3b-4559-a623-43dba3cd33a0/datanode-5/data/ratis/47a982c7-e734-4afd-89cc-134c86f9c103 does not exist. Creating ...
2023-06-07 07:10:54,296 [JvmPauseMonitor6] WARN  util.JvmPauseMonitor (JvmPauseMonitor.java:detectPause(124)) - JvmPauseMonitor-c9e90f19-93bd-492a-840b-17fd0f306342: Detected pause in JVM or host machine approximately 0.140s with 0.501s GC time.
GC pool 'PS MarkSweep' had collection(s): count=1 time=390ms
GC pool 'PS Scavenge' had collection(s): count=1 time=111ms
2023-06-07 07:10:54,296 [JvmPauseMonitor7] WARN  util.JvmPauseMonitor (JvmPauseMonitor.java:detectPause(124)) - JvmPauseMonitor-1b66a908-7502-432b-9648-1ff1190a9abb: Detected pause in JVM or host machine approximately 0.143s with 0.501s GC time.
GC pool 'PS MarkSweep' had collection(s): count=1 time=390ms
GC pool 'PS Scavenge' had collection(s): count=1 time=111ms
2023-06-07 07:10:54,296 [JvmPauseMonitor9] WARN  util.JvmPauseMonitor (JvmPauseMonitor.java:detectPause(124)) - JvmPauseMonitor-1c3f76c4-a361-44c3-a437-710dc7a71a87: Detected pause in JVM or host machine approximately 0.134s with 0.501s GC time.
GC pool 'PS MarkSweep' had collection(s): count=1 time=390ms
GC pool 'PS Scavenge' had collection(s): count=1 time=111ms
2023-06-07 07:10:54,308 [c9e90f19-93bd-492a-840b-17fd0f306342-groupManagement] INFO  server.RaftServerConfigKeys (ConfUtils.java:logGet(46)) - raft.server.threadpool.client.cached = true (default)
2023-06-07 07:10:54,322 [c9e90f19-93bd-492a-840b-17fd0f306342-groupManagement] INFO  server.RaftServerConfigKeys (ConfUtils.java:logGet(46)) - raft.server.threadpool.client.size = 0 (default)
2023-06-07 07:10:54,323 [c9e90f19-93bd-492a-840b-17fd0f306342-groupManagement] INFO  storage.RaftStorageDirectory (RaftStorageDirectoryImpl.java:analyzeStorage(137)) - The storage directory /home/runner/work/ozone/ozone/hadoop-ozone/integration-test/target/test-dir/MiniOzoneClusterImpl-28223e3b-fb3b-4559-a623-43dba3cd33a0/datanode-4/data/ratis/9ea93171-eff4-4ff6-a6d2-deb1234baf49 does not exist. Creating ...
2023-06-07 07:10:54,324 [RatisPipelineUtilsThread - 0] INFO  pipeline.PipelineStateManagerImpl (PipelineStateManagerImpl.java:addPipeline(103)) - Created pipeline Pipeline[ Id: 2348e00e-cbbb-4144-a011-de80c7ec9d56, Nodes: cd92a3c4-ef96-4770-b512-b3fe4045cd4b(fv-az246-755.dmzl2ssfaldu3choa5k4qgfeyh.jx.internal.cloudapp.net/10.1.0.31)53afdcff-9740-4d1d-9155-3eea53ceb243(fv-az246-755.dmzl2ssfaldu3choa5k4qgfeyh.jx.internal.cloudapp.net/10.1.0.31)b1b35183-3015-42af-b03c-e7d97dc9a7f6(fv-az246-755.dmzl2ssfaldu3choa5k4qgfeyh.jx.internal.cloudapp.net/10.1.0.31), ReplicationConfig: RATIS/THREE, State:ALLOCATED, leaderId:, CreationTimestamp2023-06-07T07:10:54.320Z[Etc/UTC]].
2023-06-07 07:10:54,324 [1b66a908-7502-432b-9648-1ff1190a9abb-groupManagement] INFO  storage.RaftStorageDirectory (RaftStorageDirectoryImpl.java:tryLock(231)) - Lock on /home/runner/work/ozone/ozone/hadoop-ozone/integration-test/target/test-dir/MiniOzoneClusterImpl-28223e3b-fb3b-4559-a623-43dba3cd33a0/datanode-5/data/ratis/47a982c7-e734-4afd-89cc-134c86f9c103/in_use.lock acquired by nodename 65108@fv-az246-755
2023-06-07 07:10:54,324 [c9e90f19-93bd-492a-840b-17fd0f306342-groupManagement] INFO  storage.RaftStorageDirectory (RaftStorageDirectoryImpl.java:tryLock(231)) - Lock on /home/runner/work/ozone/ozone/hadoop-ozone/integration-test/target/test-dir/MiniOzoneClusterImpl-28223e3b-fb3b-4559-a623-43dba3cd33a0/datanode-4/data/ratis/9ea93171-eff4-4ff6-a6d2-deb1234baf49/in_use.lock acquired by nodename 65108@fv-az246-755
2023-06-07 07:10:54,325 [4867cc16-78cf-4276-b1e1-ad4ddd1b82d4-groupManagement] INFO  server.RaftServer$Division (RaftServerImpl.java:start(342)) - 4867cc16-78cf-4276-b1e1-ad4ddd1b82d4@group-DEB1234BAF49: start as a follower, conf=-1: peers:[1b66a908-7502-432b-9648-1ff1190a9abb|rpc:10.1.0.31:15059|admin:10.1.0.31:15058|client:10.1.0.31:15057|dataStream:10.1.0.31:15060|priority:0|startupRole:FOLLOWER, c9e90f19-93bd-492a-840b-17fd0f306342|rpc:10.1.0.31:15050|admin:10.1.0.31:15049|client:10.1.0.31:15048|dataStream:10.1.0.31:15051|priority:0|startupRole:FOLLOWER, 4867cc16-78cf-4276-b1e1-ad4ddd1b82d4|rpc:10.1.0.31:15041|admin:10.1.0.31:15040|client:10.1.0.31:15039|dataStream:10.1.0.31:15042|priority:1|startupRole:FOLLOWER]|listeners:[], old=null
2023-06-07 07:10:54,325 [4867cc16-78cf-4276-b1e1-ad4ddd1b82d4-groupManagement] INFO  server.RaftServer$Division (RaftServerImpl.java:setRole(329)) - 4867cc16-78cf-4276-b1e1-ad4ddd1b82d4@group-DEB1234BAF49: changes role from      null to FOLLOWER at term 0 for startAsFollower
2023-06-07 07:10:54,326 [4867cc16-78cf-4276-b1e1-ad4ddd1b82d4-groupManagement] INFO  impl.RoleInfo (RoleInfo.java:updateAndGet(139)) - 4867cc16-78cf-4276-b1e1-ad4ddd1b82d4: start 4867cc16-78cf-4276-b1e1-ad4ddd1b82d4@group-DEB1234BAF49-FollowerState
2023-06-07 07:10:54,326 [1b66a908-7502-432b-9648-1ff1190a9abb-groupManagement] INFO  storage.RaftStorage (RaftStorageImpl.java:format(96)) - Storage directory /home/runner/work/ozone/ozone/hadoop-ozone/integration-test/target/test-dir/MiniOzoneClusterImpl-28223e3b-fb3b-4559-a623-43dba3cd33a0/datanode-5/data/ratis/47a982c7-e734-4afd-89cc-134c86f9c103 has been successfully formatted.
2023-06-07 07:10:54,326 [c9e90f19-93bd-492a-840b-17fd0f306342-groupManagement] INFO  storage.RaftStorage (RaftStorageImpl.java:format(96)) - Storage directory /home/runner/work/ozone/ozone/hadoop-ozone/integration-test/target/test-dir/MiniOzoneClusterImpl-28223e3b-fb3b-4559-a623-43dba3cd33a0/datanode-4/data/ratis/9ea93171-eff4-4ff6-a6d2-deb1234baf49 has been successfully formatted.
2023-06-07 07:10:54,327 [RatisPipelineUtilsThread - 0] INFO  pipeline.RatisPipelineProvider (RatisPipelineProvider.java:lambda$create$0(206)) - Sending CreatePipelineCommand for pipeline:PipelineID=ad97a0ce-7cd9-4945-8bcd-ed556ec830f3 to datanode:b1b35183-3015-42af-b03c-e7d97dc9a7f6
2023-06-07 07:10:54,328 [RatisPipelineUtilsThread - 0] INFO  pipeline.RatisPipelineProvider (RatisPipelineProvider.java:lambda$create$0(206)) - Sending CreatePipelineCommand for pipeline:PipelineID=ad97a0ce-7cd9-4945-8bcd-ed556ec830f3 to datanode:53afdcff-9740-4d1d-9155-3eea53ceb243
2023-06-07 07:10:54,328 [RatisPipelineUtilsThread - 0] INFO  pipeline.RatisPipelineProvider (RatisPipelineProvider.java:lambda$create$0(206)) - Sending CreatePipelineCommand for pipeline:PipelineID=ad97a0ce-7cd9-4945-8bcd-ed556ec830f3 to datanode:cd92a3c4-ef96-4770-b512-b3fe4045cd4b
2023-06-07 07:10:54,329 [4867cc16-78cf-4276-b1e1-ad4ddd1b82d4-groupManagement] INFO  util.JmxRegister (JmxRegister.java:tryRegister(44)) - Successfully registered JMX Bean with object name Ratis:service=RaftServer,group=group-DEB1234BAF49,id=4867cc16-78cf-4276-b1e1-ad4ddd1b82d4
2023-06-07 07:10:54,330 [4867cc16-78cf-4276-b1e1-ad4ddd1b82d4-groupManagement] INFO  server.RaftServerConfigKeys (ConfUtils.java:logGet(46)) - raft.server.snapshot.auto.trigger.enabled = true (custom)
2023-06-07 07:10:54,330 [4867cc16-78cf-4276-b1e1-ad4ddd1b82d4-groupManagement] INFO  server.RaftServerConfigKeys (ConfUtils.java:logGet(46)) - raft.server.snapshot.auto.trigger.threshold = 10000 (custom)
2023-06-07 07:10:54,330 [4867cc16-78cf-4276-b1e1-ad4ddd1b82d4-groupManagement] INFO  server.RaftServerConfigKeys (ConfUtils.java:logGet(46)) - raft.server.snapshot.retention.file.num = 5 (custom)
2023-06-07 07:10:54,330 [4867cc16-78cf-4276-b1e1-ad4ddd1b82d4-groupManagement] INFO  server.RaftServerConfigKeys (ConfUtils.java:logGet(46)) - raft.server.log.purge.upto.snapshot.index = false (default)
2023-06-07 07:10:54,330 [c9e90f19-93bd-492a-840b-17fd0f306342-groupManagement] INFO  ratis.ContainerStateMachine (ContainerStateMachine.java:loadSnapshot(262)) - group-DEB1234BAF49: The snapshot info is null. Setting the last applied indexto:(t:0, i:~)
2023-06-07 07:10:54,330 [c9e90f19-93bd-492a-840b-17fd0f306342-groupManagement] INFO  server.RaftServerConfigKeys (ConfUtils.java:logGet(46)) - raft.server.log.use.memory = false (default)
2023-06-07 07:10:54,330 [c9e90f19-93bd-492a-840b-17fd0f306342-groupManagement] INFO  server.RaftServerConfigKeys (ConfUtils.java:logGet(46)) - raft.server.log.purge.gap = 1000000 (custom)
2023-06-07 07:10:54,331 [c9e90f19-93bd-492a-840b-17fd0f306342-groupManagement] INFO  server.RaftServerConfigKeys (ConfUtils.java:logGet(46)) - raft.server.log.appender.buffer.byte-limit = 33554432 (custom)
2023-06-07 07:10:54,331 [c9e90f19-93bd-492a-840b-17fd0f306342-groupManagement] INFO  server.RaftServerConfigKeys (ConfUtils.java:logGet(46)) - raft.server.log.statemachine.data.read.timeout = 1000ms (default)
2023-06-07 07:10:54,331 [c9e90f19-93bd-492a-840b-17fd0f306342-groupManagement] INFO  server.RaftServerConfigKeys (ConfUtils.java:logGet(46)) - raft.server.log.purge.preservation.log.num = 0 (default)
2023-06-07 07:10:54,331 [c9e90f19-93bd-492a-840b-17fd0f306342-groupManagement] INFO  server.RaftServerConfigKeys (ConfUtils.java:logGet(46)) - raft.server.log.segment.size.max = 1048576 (custom)
2023-06-07 07:10:54,331 [EventQueue-OpenPipelineForHealthyPipelineSafeModeRule] INFO  safemode.SCMSafeModeManager (HealthyPipelineSafeModeRule.java:process(137)) - SCM in safe mode. Healthy pipelines reported count is 0, required healthy pipeline reported count is 1
2023-06-07 07:10:54,332 [RatisPipelineUtilsThread - 0] INFO  pipeline.PipelineStateManagerImpl (PipelineStateManagerImpl.java:addPipeline(103)) - Created pipeline Pipeline[ Id: ad97a0ce-7cd9-4945-8bcd-ed556ec830f3, Nodes: b1b35183-3015-42af-b03c-e7d97dc9a7f6(fv-az246-755.dmzl2ssfaldu3choa5k4qgfeyh.jx.internal.cloudapp.net/10.1.0.31)53afdcff-9740-4d1d-9155-3eea53ceb243(fv-az246-755.dmzl2ssfaldu3choa5k4qgfeyh.jx.internal.cloudapp.net/10.1.0.31)cd92a3c4-ef96-4770-b512-b3fe4045cd4b(fv-az246-755.dmzl2ssfaldu3choa5k4qgfeyh.jx.internal.cloudapp.net/10.1.0.31), ReplicationConfig: RATIS/THREE, State:ALLOCATED, leaderId:, CreationTimestamp2023-06-07T07:10:54.327Z[Etc/UTC]].
2023-06-07 07:10:54,332 [RatisPipelineUtilsThread - 0] INFO  pipeline.PipelineManagerImpl (PipelineManagerImpl.java:recordMetricsForPipeline(826)) - Pipeline: PipelineID=ad97a0ce-7cd9-4945-8bcd-ed556ec830f3 contains same datanodes as previous pipelines: PipelineID=2348e00e-cbbb-4144-a011-de80c7ec9d56 nodeIds: b1b35183-3015-42af-b03c-e7d97dc9a7f6, 53afdcff-9740-4d1d-9155-3eea53ceb243, cd92a3c4-ef96-4770-b512-b3fe4045cd4b
2023-06-07 07:10:54,333 [c9e90f19-93bd-492a-840b-17fd0f306342-groupManagement] INFO  server.RaftServerConfigKeys (ConfUtils.java:logGet(46)) - raft.server.log.segment.cache.num.max = 2 (custom)
2023-06-07 07:10:54,333 [c9e90f19-93bd-492a-840b-17fd0f306342-groupManagement] INFO  server.RaftServerConfigKeys (ConfUtils.java:logGet(46)) - raft.server.log.segment.cache.size.max = 200MB (=209715200) (default)
2023-06-07 07:10:54,333 [c9e90f19-93bd-492a-840b-17fd0f306342-groupManagement] INFO  server.RaftServerConfigKeys (ConfUtils.java:logGet(46)) - raft.server.log.appender.buffer.byte-limit = 33554432 (custom)
2023-06-07 07:10:54,333 [c9e90f19-93bd-492a-840b-17fd0f306342-groupManagement] INFO  segmented.SegmentedRaftLogWorker (SegmentedRaftLogWorker.java:<init>(188)) - new c9e90f19-93bd-492a-840b-17fd0f306342@group-DEB1234BAF49-SegmentedRaftLogWorker for RaftStorageImpl:Storage Directory /home/runner/work/ozone/ozone/hadoop-ozone/integration-test/target/test-dir/MiniOzoneClusterImpl-28223e3b-fb3b-4559-a623-43dba3cd33a0/datanode-4/data/ratis/9ea93171-eff4-4ff6-a6d2-deb1234baf49
2023-06-07 07:10:54,333 [c9e90f19-93bd-492a-840b-17fd0f306342-groupManagement] INFO  server.RaftServerConfigKeys (ConfUtils.java:logGet(46)) - raft.server.log.queue.byte-limit = 4294967296 (custom)
2023-06-07 07:10:54,333 [c9e90f19-93bd-492a-840b-17fd0f306342-groupManagement] INFO  server.RaftServerConfigKeys (ConfUtils.java:logGet(46)) - raft.server.log.queue.element-limit = 1024 (custom)
2023-06-07 07:10:54,334 [c9e90f19-93bd-492a-840b-17fd0f306342-groupManagement] INFO  server.RaftServerConfigKeys (ConfUtils.java:logGet(46)) - raft.server.log.segment.size.max = 1048576 (custom)
2023-06-07 07:10:54,334 [c9e90f19-93bd-492a-840b-17fd0f306342-groupManagement] INFO  server.RaftServerConfigKeys (ConfUtils.java:logGet(46)) - raft.server.log.preallocated.size = 16384 (custom)
2023-06-07 07:10:54,334 [c9e90f19-93bd-492a-840b-17fd0f306342-groupManagement] INFO  server.RaftServerConfigKeys (ConfUtils.java:logGet(46)) - raft.server.log.force.sync.num = 128 (default)
2023-06-07 07:10:54,334 [c9e90f19-93bd-492a-840b-17fd0f306342-groupManagement] INFO  server.RaftServerConfigKeys (ConfUtils.java:logGet(46)) - raft.server.log.statemachine.data.sync = true (default)
2023-06-07 07:10:54,334 [c9e90f19-93bd-492a-840b-17fd0f306342-groupManagement] INFO  server.RaftServerConfigKeys (ConfUtils.java:logGet(46)) - raft.server.log.statemachine.data.sync.timeout = 10s (default)
2023-06-07 07:10:54,335 [c9e90f19-93bd-492a-840b-17fd0f306342-groupManagement] INFO  server.RaftServerConfigKeys (ConfUtils.java:logGet(46)) - raft.server.log.statemachine.data.sync.timeout.retry = -1 (default)
2023-06-07 07:10:54,335 [RatisPipelineUtilsThread - 0] WARN  pipeline.PipelinePlacementPolicy (PipelinePlacementPolicy.java:filterViableNodes(166)) - Pipeline creation failed due to no sufficient healthy datanodes. Required 3. Found 0. Excluded 12.
2023-06-07 07:10:54,330 [1b66a908-7502-432b-9648-1ff1190a9abb-groupManagement] INFO  ratis.ContainerStateMachine (ContainerStateMachine.java:loadSnapshot(262)) - group-134C86F9C103: The snapshot info is null. Setting the last applied indexto:(t:0, i:~)
2023-06-07 07:10:54,336 [1b66a908-7502-432b-9648-1ff1190a9abb-groupManagement] INFO  server.RaftServerConfigKeys (ConfUtils.java:logGet(46)) - raft.server.log.use.memory = false (default)
2023-06-07 07:10:54,336 [1b66a908-7502-432b-9648-1ff1190a9abb-groupManagement] INFO  server.RaftServerConfigKeys (ConfUtils.java:logGet(46)) - raft.server.log.purge.gap = 1000000 (custom)
2023-06-07 07:10:54,336 [1b66a908-7502-432b-9648-1ff1190a9abb-groupManagement] INFO  server.RaftServerConfigKeys (ConfUtils.java:logGet(46)) - raft.server.log.appender.buffer.byte-limit = 33554432 (custom)
2023-06-07 07:10:54,336 [1b66a908-7502-432b-9648-1ff1190a9abb-groupManagement] INFO  server.RaftServerConfigKeys (ConfUtils.java:logGet(46)) - raft.server.log.statemachine.data.read.timeout = 1000ms (default)
2023-06-07 07:10:54,336 [1b66a908-7502-432b-9648-1ff1190a9abb-groupManagement] INFO  server.RaftServerConfigKeys (ConfUtils.java:logGet(46)) - raft.server.log.purge.preservation.log.num = 0 (default)
2023-06-07 07:10:54,337 [1b66a908-7502-432b-9648-1ff1190a9abb-groupManagement] INFO  server.RaftServerConfigKeys (ConfUtils.java:logGet(46)) - raft.server.log.segment.size.max = 1048576 (custom)
2023-06-07 07:10:54,337 [EventQueue-PipelineReportForPipelineReportHandler] INFO  pipeline.PipelineManagerImpl (PipelineManagerImpl.java:openPipeline(367)) - Pipeline Pipeline[ Id: 47a982c7-e734-4afd-89cc-134c86f9c103, Nodes: 1b66a908-7502-432b-9648-1ff1190a9abb(fv-az246-755.dmzl2ssfaldu3choa5k4qgfeyh.jx.internal.cloudapp.net/10.1.0.31), ReplicationConfig: RATIS/ONE, State:ALLOCATED, leaderId:1b66a908-7502-432b-9648-1ff1190a9abb, CreationTimestamp2023-06-07T07:10:50.905Z[Etc/UTC]] moved to OPEN state
2023-06-07 07:10:54,338 [EventQueue-OpenPipelineForHealthyPipelineSafeModeRule] INFO  safemode.SCMSafeModeManager (HealthyPipelineSafeModeRule.java:process(137)) - SCM in safe mode. Healthy pipelines reported count is 0, required healthy pipeline reported count is 1
2023-06-07 07:10:54,339 [IPC Server handler 9 on default port 15002] INFO  net.NetworkTopologyImpl (NetworkTopologyImpl.java:add(112)) - Added a new node: /default-rack/193ce337-dffd-4cd7-9fc4-5b62e57d89f8
2023-06-07 07:10:54,339 [IPC Server handler 9 on default port 15002] INFO  node.SCMNodeManager (SCMNodeManager.java:register(407)) - Registered Data node : 193ce337-dffd-4cd7-9fc4-5b62e57d89f8{ip: 10.1.0.31, host: fv-az246-755.dmzl2ssfaldu3choa5k4qgfeyh.jx.internal.cloudapp.net, ports: [HTTP=15117, CLIENT_RPC=15118, REPLICATION=15124, RATIS=15120, RATIS_ADMIN=15121, RATIS_SERVER=15122, RATIS_DATASTREAM=15123, STANDALONE=15119], networkLocation: /default-rack, certSerialId: null, persistedOpState: null, persistedOpStateExpiryEpochSec: 0}
2023-06-07 07:10:54,340 [EventQueue-NewNodeForNewNodeHandler] INFO  pipeline.BackgroundPipelineCreator (BackgroundPipelineCreator.java:notifyEventTriggered(276)) - trigger a one-shot run on RatisPipelineUtilsThread.
2023-06-07 07:10:54,341 [RatisPipelineUtilsThread - 0] INFO  pipeline.RatisPipelineProvider (RatisPipelineProvider.java:lambda$create$0(206)) - Sending CreatePipelineCommand for pipeline:PipelineID=ca48261b-a2dc-4c22-9ec3-a331d06dfb85 to datanode:193ce337-dffd-4cd7-9fc4-5b62e57d89f8
2023-06-07 07:10:54,342 [RatisPipelineUtilsThread - 0] INFO  pipeline.PipelineStateManagerImpl (PipelineStateManagerImpl.java:addPipeline(103)) - Created pipeline Pipeline[ Id: ca48261b-a2dc-4c22-9ec3-a331d06dfb85, Nodes: 193ce337-dffd-4cd7-9fc4-5b62e57d89f8(fv-az246-755.dmzl2ssfaldu3choa5k4qgfeyh.jx.internal.cloudapp.net/10.1.0.31), ReplicationConfig: RATIS/ONE, State:ALLOCATED, leaderId:, CreationTimestamp2023-06-07T07:10:54.341Z[Etc/UTC]].
2023-06-07 07:10:54,342 [4867cc16-78cf-4276-b1e1-ad4ddd1b82d4@group-DEB1234BAF49-FollowerState] INFO  server.RaftServerConfigKeys (ConfUtils.java:logFallback(53)) - raft.server.rpc.first-election.timeout.min = 5s (fallback to raft.server.rpc.timeout.min)
2023-06-07 07:10:54,342 [RatisPipelineUtilsThread - 0] WARN  pipeline.PipelinePlacementPolicy (PipelinePlacementPolicy.java:filterViableNodes(166)) - Pipeline creation failed due to no sufficient healthy datanodes. Required 3. Found 1. Excluded 12.
2023-06-07 07:10:54,343 [4867cc16-78cf-4276-b1e1-ad4ddd1b82d4@group-DEB1234BAF49-FollowerState] INFO  server.RaftServerConfigKeys (ConfUtils.java:logFallback(53)) - raft.server.rpc.first-election.timeout.max = 5200ms (fallback to raft.server.rpc.timeout.max)
2023-06-07 07:10:54,353 [1b66a908-7502-432b-9648-1ff1190a9abb-groupManagement] INFO  server.RaftServerConfigKeys (ConfUtils.java:logGet(46)) - raft.server.log.segment.cache.num.max = 2 (custom)
2023-06-07 07:10:54,353 [1b66a908-7502-432b-9648-1ff1190a9abb-groupManagement] INFO  server.RaftServerConfigKeys (ConfUtils.java:logGet(46)) - raft.server.log.segment.cache.size.max = 200MB (=209715200) (default)
2023-06-07 07:10:54,354 [1b66a908-7502-432b-9648-1ff1190a9abb-groupManagement] INFO  server.RaftServerConfigKeys (ConfUtils.java:logGet(46)) - raft.server.log.appender.buffer.byte-limit = 33554432 (custom)
2023-06-07 07:10:54,354 [1b66a908-7502-432b-9648-1ff1190a9abb-groupManagement] INFO  segmented.SegmentedRaftLogWorker (SegmentedRaftLogWorker.java:<init>(188)) - new 1b66a908-7502-432b-9648-1ff1190a9abb@group-134C86F9C103-SegmentedRaftLogWorker for RaftStorageImpl:Storage Directory /home/runner/work/ozone/ozone/hadoop-ozone/integration-test/target/test-dir/MiniOzoneClusterImpl-28223e3b-fb3b-4559-a623-43dba3cd33a0/datanode-5/data/ratis/47a982c7-e734-4afd-89cc-134c86f9c103
2023-06-07 07:10:54,354 [1b66a908-7502-432b-9648-1ff1190a9abb-groupManagement] INFO  server.RaftServerConfigKeys (ConfUtils.java:logGet(46)) - raft.server.log.queue.byte-limit = 4294967296 (custom)
2023-06-07 07:10:54,354 [1b66a908-7502-432b-9648-1ff1190a9abb-groupManagement] INFO  server.RaftServerConfigKeys (ConfUtils.java:logGet(46)) - raft.server.log.queue.element-limit = 1024 (custom)
2023-06-07 07:10:54,354 [1b66a908-7502-432b-9648-1ff1190a9abb-groupManagement] INFO  server.RaftServerConfigKeys (ConfUtils.java:logGet(46)) - raft.server.log.segment.size.max = 1048576 (custom)
2023-06-07 07:10:54,354 [1b66a908-7502-432b-9648-1ff1190a9abb-groupManagement] INFO  server.RaftServerConfigKeys (ConfUtils.java:logGet(46)) - raft.server.log.preallocated.size = 16384 (custom)
2023-06-07 07:10:54,354 [1b66a908-7502-432b-9648-1ff1190a9abb-groupManagement] INFO  server.RaftServerConfigKeys (ConfUtils.java:logGet(46)) - raft.server.log.force.sync.num = 128 (default)
2023-06-07 07:10:54,354 [1b66a908-7502-432b-9648-1ff1190a9abb-groupManagement] INFO  server.RaftServerConfigKeys (ConfUtils.java:logGet(46)) - raft.server.log.statemachine.data.sync = true (default)
2023-06-07 07:10:54,354 [1b66a908-7502-432b-9648-1ff1190a9abb-groupManagement] INFO  server.RaftServerConfigKeys (ConfUtils.java:logGet(46)) - raft.server.log.statemachine.data.sync.timeout = 10s (default)
2023-06-07 07:10:54,354 [1b66a908-7502-432b-9648-1ff1190a9abb-groupManagement] INFO  server.RaftServerConfigKeys (ConfUtils.java:logGet(46)) - raft.server.log.statemachine.data.sync.timeout.retry = -1 (default)
2023-06-07 07:10:54,354 [c9e90f19-93bd-492a-840b-17fd0f306342-groupManagement] INFO  server.RaftServerConfigKeys (ConfUtils.java:logGet(46)) - raft.server.log.write.buffer.size = 1048576 (custom)
2023-06-07 07:10:54,355 [c9e90f19-93bd-492a-840b-17fd0f306342-groupManagement] INFO  server.RaftServerConfigKeys (ConfUtils.java:logGet(46)) - raft.server.log.appender.buffer.byte-limit = 33554432 (custom)
2023-06-07 07:10:54,355 [1b66a908-7502-432b-9648-1ff1190a9abb-groupManagement] INFO  server.RaftServerConfigKeys (ConfUtils.java:logGet(46)) - raft.server.log.write.buffer.size = 1048576 (custom)
2023-06-07 07:10:54,356 [1b66a908-7502-432b-9648-1ff1190a9abb-groupManagement] INFO  server.RaftServerConfigKeys (ConfUtils.java:logGet(46)) - raft.server.log.appender.buffer.byte-limit = 33554432 (custom)
2023-06-07 07:10:54,361 [c9e90f19-93bd-492a-840b-17fd0f306342-groupManagement] INFO  server.RaftServerConfigKeys (ConfUtils.java:logGet(46)) - raft.server.log.unsafe-flush.enabled = false (default)
2023-06-07 07:10:54,361 [c9e90f19-93bd-492a-840b-17fd0f306342-groupManagement] INFO  server.RaftServerConfigKeys (ConfUtils.java:logGet(46)) - raft.server.log.async-flush.enabled = false (default)
2023-06-07 07:10:54,361 [c9e90f19-93bd-492a-840b-17fd0f306342-groupManagement] INFO  server.RaftServerConfigKeys (ConfUtils.java:logGet(46)) - raft.server.log.statemachine.data.caching.enabled = true (custom)
2023-06-07 07:10:54,362 [c9e90f19-93bd-492a-840b-17fd0f306342-groupManagement] INFO  segmented.SegmentedRaftLogWorker (SegmentedRaftLogWorker.java:lambda$new$0(135)) - c9e90f19-93bd-492a-840b-17fd0f306342@group-DEB1234BAF49-SegmentedRaftLogWorker: flushIndex: setUnconditionally 0 -> -1
2023-06-07 07:10:54,362 [c9e90f19-93bd-492a-840b-17fd0f306342-groupManagement] INFO  segmented.SegmentedRaftLogWorker (SegmentedRaftLogWorker.java:lambda$new$0(135)) - c9e90f19-93bd-492a-840b-17fd0f306342@group-DEB1234BAF49-SegmentedRaftLogWorker: safeCacheEvictIndex: setUnconditionally 0 -> -1
2023-06-07 07:10:54,365 [1b66a908-7502-432b-9648-1ff1190a9abb-groupManagement] INFO  server.RaftServerConfigKeys (ConfUtils.java:logGet(46)) - raft.server.log.unsafe-flush.enabled = false (default)
2023-06-07 07:10:54,365 [1b66a908-7502-432b-9648-1ff1190a9abb-groupManagement] INFO  server.RaftServerConfigKeys (ConfUtils.java:logGet(46)) - raft.server.log.async-flush.enabled = false (default)
2023-06-07 07:10:54,365 [1b66a908-7502-432b-9648-1ff1190a9abb-groupManagement] INFO  server.RaftServerConfigKeys (ConfUtils.java:logGet(46)) - raft.server.log.statemachine.data.caching.enabled = true (custom)
2023-06-07 07:10:54,365 [PipelineCommandHandlerThread-0] INFO  ratis.XceiverServerRatis (XceiverServerRatis.java:addGroup(804)) - Created group PipelineID=9ea93171-eff4-4ff6-a6d2-deb1234baf49
2023-06-07 07:10:54,365 [1b66a908-7502-432b-9648-1ff1190a9abb-groupManagement] INFO  segmented.SegmentedRaftLogWorker (SegmentedRaftLogWorker.java:lambda$new$0(135)) - 1b66a908-7502-432b-9648-1ff1190a9abb@group-134C86F9C103-SegmentedRaftLogWorker: flushIndex: setUnconditionally 0 -> -1
2023-06-07 07:10:54,375 [1b66a908-7502-432b-9648-1ff1190a9abb-groupManagement] INFO  segmented.SegmentedRaftLogWorker (SegmentedRaftLogWorker.java:lambda$new$0(135)) - 1b66a908-7502-432b-9648-1ff1190a9abb@group-134C86F9C103-SegmentedRaftLogWorker: safeCacheEvictIndex: setUnconditionally 0 -> -1
2023-06-07 07:10:54,375 [c9e90f19-93bd-492a-840b-17fd0f306342-groupManagement] INFO  server.RaftServer$Division (RaftServerImpl.java:start(342)) - c9e90f19-93bd-492a-840b-17fd0f306342@group-DEB1234BAF49: start as a follower, conf=-1: peers:[1b66a908-7502-432b-9648-1ff1190a9abb|rpc:10.1.0.31:15059|admin:10.1.0.31:15058|client:10.1.0.31:15057|dataStream:10.1.0.31:15060|priority:0|startupRole:FOLLOWER, c9e90f19-93bd-492a-840b-17fd0f306342|rpc:10.1.0.31:15050|admin:10.1.0.31:15049|client:10.1.0.31:15048|dataStream:10.1.0.31:15051|priority:0|startupRole:FOLLOWER, 4867cc16-78cf-4276-b1e1-ad4ddd1b82d4|rpc:10.1.0.31:15041|admin:10.1.0.31:15040|client:10.1.0.31:15039|dataStream:10.1.0.31:15042|priority:1|startupRole:FOLLOWER]|listeners:[], old=null
2023-06-07 07:10:54,375 [c9e90f19-93bd-492a-840b-17fd0f306342-groupManagement] INFO  server.RaftServer$Division (RaftServerImpl.java:setRole(329)) - c9e90f19-93bd-492a-840b-17fd0f306342@group-DEB1234BAF49: changes role from      null to FOLLOWER at term 0 for startAsFollower
2023-06-07 07:10:54,375 [c9e90f19-93bd-492a-840b-17fd0f306342-groupManagement] INFO  impl.RoleInfo (RoleInfo.java:updateAndGet(139)) - c9e90f19-93bd-492a-840b-17fd0f306342: start c9e90f19-93bd-492a-840b-17fd0f306342@group-DEB1234BAF49-FollowerState
2023-06-07 07:10:54,375 [c9e90f19-93bd-492a-840b-17fd0f306342-groupManagement] INFO  util.JmxRegister (JmxRegister.java:tryRegister(44)) - Successfully registered JMX Bean with object name Ratis:service=RaftServer,group=group-DEB1234BAF49,id=c9e90f19-93bd-492a-840b-17fd0f306342
2023-06-07 07:10:54,376 [c9e90f19-93bd-492a-840b-17fd0f306342-groupManagement] INFO  server.RaftServerConfigKeys (ConfUtils.java:logGet(46)) - raft.server.snapshot.auto.trigger.enabled = true (custom)
2023-06-07 07:10:54,376 [c9e90f19-93bd-492a-840b-17fd0f306342-groupManagement] INFO  server.RaftServerConfigKeys (ConfUtils.java:logGet(46)) - raft.server.snapshot.auto.trigger.threshold = 10000 (custom)
2023-06-07 07:10:54,376 [c9e90f19-93bd-492a-840b-17fd0f306342-groupManagement] INFO  server.RaftServerConfigKeys (ConfUtils.java:logGet(46)) - raft.server.snapshot.retention.file.num = 5 (custom)
2023-06-07 07:10:54,376 [c9e90f19-93bd-492a-840b-17fd0f306342-groupManagement] INFO  server.RaftServerConfigKeys (ConfUtils.java:logGet(46)) - raft.server.log.purge.upto.snapshot.index = false (default)
2023-06-07 07:10:54,377 [c9e90f19-93bd-492a-840b-17fd0f306342@group-DEB1234BAF49-FollowerState] INFO  server.RaftServerConfigKeys (ConfUtils.java:logFallback(53)) - raft.server.rpc.first-election.timeout.min = 5s (fallback to raft.server.rpc.timeout.min)
2023-06-07 07:10:54,377 [c9e90f19-93bd-492a-840b-17fd0f306342@group-DEB1234BAF49-FollowerState] INFO  server.RaftServerConfigKeys (ConfUtils.java:logFallback(53)) - raft.server.rpc.first-election.timeout.max = 5200ms (fallback to raft.server.rpc.timeout.max)
2023-06-07 07:10:54,377 [PipelineCommandHandlerThread-0] INFO  ratis.XceiverServerRatis (XceiverServerRatis.java:addGroup(804)) - Created group PipelineID=9ea93171-eff4-4ff6-a6d2-deb1234baf49
2023-06-07 07:10:54,393 [1b66a908-7502-432b-9648-1ff1190a9abb-groupManagement] INFO  server.RaftServer$Division (RaftServerImpl.java:start(342)) - 1b66a908-7502-432b-9648-1ff1190a9abb@group-134C86F9C103: start as a follower, conf=-1: peers:[1b66a908-7502-432b-9648-1ff1190a9abb|rpc:10.1.0.31:15059|admin:10.1.0.31:15058|client:10.1.0.31:15057|dataStream:10.1.0.31:15060|priority:1|startupRole:FOLLOWER]|listeners:[], old=null
2023-06-07 07:10:54,393 [1b66a908-7502-432b-9648-1ff1190a9abb-groupManagement] INFO  server.RaftServer$Division (RaftServerImpl.java:setRole(329)) - 1b66a908-7502-432b-9648-1ff1190a9abb@group-134C86F9C103: changes role from      null to FOLLOWER at term 0 for startAsFollower
2023-06-07 07:10:54,393 [1b66a908-7502-432b-9648-1ff1190a9abb-groupManagement] INFO  impl.RoleInfo (RoleInfo.java:updateAndGet(139)) - 1b66a908-7502-432b-9648-1ff1190a9abb: start 1b66a908-7502-432b-9648-1ff1190a9abb@group-134C86F9C103-FollowerState
2023-06-07 07:10:54,394 [1b66a908-7502-432b-9648-1ff1190a9abb-groupManagement] INFO  util.JmxRegister (JmxRegister.java:tryRegister(44)) - Successfully registered JMX Bean with object name Ratis:service=RaftServer,group=group-134C86F9C103,id=1b66a908-7502-432b-9648-1ff1190a9abb
2023-06-07 07:10:54,394 [1b66a908-7502-432b-9648-1ff1190a9abb-groupManagement] INFO  server.RaftServerConfigKeys (ConfUtils.java:logGet(46)) - raft.server.snapshot.auto.trigger.enabled = true (custom)
2023-06-07 07:10:54,394 [1b66a908-7502-432b-9648-1ff1190a9abb-groupManagement] INFO  server.RaftServerConfigKeys (ConfUtils.java:logGet(46)) - raft.server.snapshot.auto.trigger.threshold = 10000 (custom)
2023-06-07 07:10:54,394 [1b66a908-7502-432b-9648-1ff1190a9abb-groupManagement] INFO  server.RaftServerConfigKeys (ConfUtils.java:logGet(46)) - raft.server.snapshot.retention.file.num = 5 (custom)
2023-06-07 07:10:54,394 [1b66a908-7502-432b-9648-1ff1190a9abb-groupManagement] INFO  server.RaftServerConfigKeys (ConfUtils.java:logGet(46)) - raft.server.log.purge.upto.snapshot.index = false (default)
2023-06-07 07:10:54,395 [1b66a908-7502-432b-9648-1ff1190a9abb@group-134C86F9C103-FollowerState] INFO  server.RaftServerConfigKeys (ConfUtils.java:logFallback(53)) - raft.server.rpc.first-election.timeout.min = 5s (fallback to raft.server.rpc.timeout.min)
2023-06-07 07:10:54,395 [1b66a908-7502-432b-9648-1ff1190a9abb@group-134C86F9C103-FollowerState] INFO  server.RaftServerConfigKeys (ConfUtils.java:logFallback(53)) - raft.server.rpc.first-election.timeout.max = 5200ms (fallback to raft.server.rpc.timeout.max)
2023-06-07 07:10:54,405 [PipelineCommandHandlerThread-0] INFO  ratis.XceiverServerRatis (XceiverServerRatis.java:addGroup(804)) - Created group PipelineID=47a982c7-e734-4afd-89cc-134c86f9c103
2023-06-07 07:10:54,405 [PipelineCommandHandlerThread-0] INFO  commandhandler.CreatePipelineCommandHandler (CreatePipelineCommandHandler.java:lambda$handle$2(124)) - Created Pipeline RATIS ONE PipelineID=47a982c7-e734-4afd-89cc-134c86f9c103.
2023-06-07 07:10:54,406 [PipelineCommandHandlerThread-0] INFO  server.RaftServer (RaftServerProxy.java:addNew(98)) - 1b66a908-7502-432b-9648-1ff1190a9abb: addNew group-DEB1234BAF49:[1b66a908-7502-432b-9648-1ff1190a9abb|rpc:10.1.0.31:15059|admin:10.1.0.31:15058|client:10.1.0.31:15057|dataStream:10.1.0.31:15060|priority:0|startupRole:FOLLOWER, c9e90f19-93bd-492a-840b-17fd0f306342|rpc:10.1.0.31:15050|admin:10.1.0.31:15049|client:10.1.0.31:15048|dataStream:10.1.0.31:15051|priority:0|startupRole:FOLLOWER, 4867cc16-78cf-4276-b1e1-ad4ddd1b82d4|rpc:10.1.0.31:15041|admin:10.1.0.31:15040|client:10.1.0.31:15039|dataStream:10.1.0.31:15042|priority:1|startupRole:FOLLOWER] returns group-DEB1234BAF49:java.util.concurrent.CompletableFuture@5419b9a2[Not completed]
2023-06-07 07:10:54,408 [1b66a908-7502-432b-9648-1ff1190a9abb-groupManagement] INFO  server.RaftServer$Division (RaftServerImpl.java:<init>(198)) - 1b66a908-7502-432b-9648-1ff1190a9abb: new RaftServerImpl for group-DEB1234BAF49:[1b66a908-7502-432b-9648-1ff1190a9abb|rpc:10.1.0.31:15059|admin:10.1.0.31:15058|client:10.1.0.31:15057|dataStream:10.1.0.31:15060|priority:0|startupRole:FOLLOWER, c9e90f19-93bd-492a-840b-17fd0f306342|rpc:10.1.0.31:15050|admin:10.1.0.31:15049|client:10.1.0.31:15048|dataStream:10.1.0.31:15051|priority:0|startupRole:FOLLOWER, 4867cc16-78cf-4276-b1e1-ad4ddd1b82d4|rpc:10.1.0.31:15041|admin:10.1.0.31:15040|client:10.1.0.31:15039|dataStream:10.1.0.31:15042|priority:1|startupRole:FOLLOWER] with ContainerStateMachine:uninitialized
2023-06-07 07:10:54,408 [1b66a908-7502-432b-9648-1ff1190a9abb-groupManagement] INFO  server.RaftServerConfigKeys (ConfUtils.java:logGet(46)) - raft.server.rpc.timeout.min = 5s (custom)
2023-06-07 07:10:54,408 [1b66a908-7502-432b-9648-1ff1190a9abb-groupManagement] INFO  server.RaftServerConfigKeys (ConfUtils.java:logGet(46)) - raft.server.rpc.timeout.max = 5200ms (custom)
2023-06-07 07:10:54,408 [1b66a908-7502-432b-9648-1ff1190a9abb-groupManagement] INFO  server.RaftServerConfigKeys (ConfUtils.java:logGet(46)) - raft.server.rpc.sleep.time = 25ms (default)
2023-06-07 07:10:54,408 [1b66a908-7502-432b-9648-1ff1190a9abb-groupManagement] INFO  server.RaftServerConfigKeys (ConfUtils.java:logGet(46)) - raft.server.rpc.slowness.timeout = 300s (custom)
2023-06-07 07:10:54,408 [1b66a908-7502-432b-9648-1ff1190a9abb-groupManagement] INFO  server.RaftServerConfigKeys (ConfUtils.java:logGet(46)) - raft.server.leaderelection.leader.step-down.wait-time = 10s (default)
2023-06-07 07:10:54,408 [1b66a908-7502-432b-9648-1ff1190a9abb-groupManagement] INFO  server.RaftServerConfigKeys (ConfUtils.java:logGet(46)) - raft.server.sleep.deviation.threshold = 300ms (default)
2023-06-07 07:10:54,408 [1b66a908-7502-432b-9648-1ff1190a9abb-groupManagement] INFO  server.RaftServer$Division (ServerState.java:<init>(120)) - 1b66a908-7502-432b-9648-1ff1190a9abb@group-DEB1234BAF49: ConfigurationManager, init=-1: peers:[1b66a908-7502-432b-9648-1ff1190a9abb|rpc:10.1.0.31:15059|admin:10.1.0.31:15058|client:10.1.0.31:15057|dataStream:10.1.0.31:15060|priority:0|startupRole:FOLLOWER, c9e90f19-93bd-492a-840b-17fd0f306342|rpc:10.1.0.31:15050|admin:10.1.0.31:15049|client:10.1.0.31:15048|dataStream:10.1.0.31:15051|priority:0|startupRole:FOLLOWER, 4867cc16-78cf-4276-b1e1-ad4ddd1b82d4|rpc:10.1.0.31:15041|admin:10.1.0.31:15040|client:10.1.0.31:15039|dataStream:10.1.0.31:15042|priority:1|startupRole:FOLLOWER]|listeners:[], old=null, confs=<EMPTY_MAP>
2023-06-07 07:10:54,411 [1b66a908-7502-432b-9648-1ff1190a9abb-groupManagement] INFO  server.RaftServerConfigKeys (ConfUtils.java:logGet(46)) - raft.server.storage.dir = [/home/runner/work/ozone/ozone/hadoop-ozone/integration-test/target/test-dir/MiniOzoneClusterImpl-28223e3b-fb3b-4559-a623-43dba3cd33a0/datanode-5/data/ratis] (custom)
2023-06-07 07:10:54,411 [1b66a908-7502-432b-9648-1ff1190a9abb-groupManagement] INFO  server.RaftServerConfigKeys (ConfUtils.java:logGet(46)) - raft.server.log.corruption.policy = EXCEPTION (default)
2023-06-07 07:10:54,411 [1b66a908-7502-432b-9648-1ff1190a9abb-groupManagement] INFO  server.RaftServerConfigKeys (ConfUtils.java:logGet(46)) - raft.server.storage.free-space.min = 0MB (=0) (default)
2023-06-07 07:10:54,411 [1b66a908-7502-432b-9648-1ff1190a9abb-groupManagement] INFO  server.RaftServerConfigKeys (ConfUtils.java:logGet(46)) - raft.server.notification.no-leader.timeout = 300s (custom)
2023-06-07 07:10:54,411 [1b66a908-7502-432b-9648-1ff1190a9abb-groupManagement] INFO  server.RaftServerConfigKeys (ConfUtils.java:logGet(46)) - raft.server.read.timeout = 10s (default)
2023-06-07 07:10:54,411 [1b66a908-7502-432b-9648-1ff1190a9abb-groupManagement] INFO  server.RaftServerConfigKeys (ConfUtils.java:logGet(46)) - raft.server.retrycache.expirytime = 600000ms (custom)
2023-06-07 07:10:54,411 [1b66a908-7502-432b-9648-1ff1190a9abb-groupManagement] INFO  server.RaftServerConfigKeys (ConfUtils.java:logGet(46)) - raft.server.retrycache.statistics.expirytime = 100μs (default)
2023-06-07 07:10:54,411 [1b66a908-7502-432b-9648-1ff1190a9abb-groupManagement] INFO  server.RaftServerConfigKeys (ConfUtils.java:logGet(46)) - raft.server.read.option = DEFAULT (default)
2023-06-07 07:10:54,413 [1b66a908-7502-432b-9648-1ff1190a9abb-groupManagement] INFO  server.RaftServerConfigKeys (ConfUtils.java:logGet(46)) - raft.server.rpc.request.timeout = 60s (custom)
2023-06-07 07:10:54,413 [1b66a908-7502-432b-9648-1ff1190a9abb-groupManagement] INFO  server.RaftServerConfigKeys (ConfUtils.java:logGet(46)) - raft.server.log.appender.install.snapshot.enabled = false (custom)
2023-06-07 07:10:54,413 [1b66a908-7502-432b-9648-1ff1190a9abb-groupManagement] INFO  server.RaftServerConfigKeys (ConfUtils.java:logGet(46)) - raft.server.threadpool.server.cached = true (default)
2023-06-07 07:10:54,413 [1b66a908-7502-432b-9648-1ff1190a9abb-groupManagement] INFO  server.RaftServerConfigKeys (ConfUtils.java:logGet(46)) - raft.server.threadpool.server.size = 0 (default)
2023-06-07 07:10:54,413 [1b66a908-7502-432b-9648-1ff1190a9abb-groupManagement] INFO  server.RaftServerConfigKeys (ConfUtils.java:logGet(46)) - raft.server.threadpool.client.cached = true (default)
2023-06-07 07:10:54,427 [1b66a908-7502-432b-9648-1ff1190a9abb-groupManagement] INFO  server.RaftServerConfigKeys (ConfUtils.java:logGet(46)) - raft.server.threadpool.client.size = 0 (default)
2023-06-07 07:10:54,427 [1b66a908-7502-432b-9648-1ff1190a9abb-groupManagement] INFO  storage.RaftStorageDirectory (RaftStorageDirectoryImpl.java:analyzeStorage(137)) - The storage directory /home/runner/work/ozone/ozone/hadoop-ozone/integration-test/target/test-dir/MiniOzoneClusterImpl-28223e3b-fb3b-4559-a623-43dba3cd33a0/datanode-5/data/ratis/9ea93171-eff4-4ff6-a6d2-deb1234baf49 does not exist. Creating ...
2023-06-07 07:10:54,433 [1b66a908-7502-432b-9648-1ff1190a9abb-groupManagement] INFO  storage.RaftStorageDirectory (RaftStorageDirectoryImpl.java:tryLock(231)) - Lock on /home/runner/work/ozone/ozone/hadoop-ozone/integration-test/target/test-dir/MiniOzoneClusterImpl-28223e3b-fb3b-4559-a623-43dba3cd33a0/datanode-5/data/ratis/9ea93171-eff4-4ff6-a6d2-deb1234baf49/in_use.lock acquired by nodename 65108@fv-az246-755
2023-06-07 07:10:54,438 [1b66a908-7502-432b-9648-1ff1190a9abb-groupManagement] INFO  storage.RaftStorage (RaftStorageImpl.java:format(96)) - Storage directory /home/runner/work/ozone/ozone/hadoop-ozone/integration-test/target/test-dir/MiniOzoneClusterImpl-28223e3b-fb3b-4559-a623-43dba3cd33a0/datanode-5/data/ratis/9ea93171-eff4-4ff6-a6d2-deb1234baf49 has been successfully formatted.
2023-06-07 07:10:54,439 [1b66a908-7502-432b-9648-1ff1190a9abb-groupManagement] INFO  ratis.ContainerStateMachine (ContainerStateMachine.java:loadSnapshot(262)) - group-DEB1234BAF49: The snapshot info is null. Setting the last applied indexto:(t:0, i:~)
2023-06-07 07:10:54,439 [1b66a908-7502-432b-9648-1ff1190a9abb-groupManagement] INFO  server.RaftServerConfigKeys (ConfUtils.java:logGet(46)) - raft.server.log.use.memory = false (default)
2023-06-07 07:10:54,439 [1b66a908-7502-432b-9648-1ff1190a9abb-groupManagement] INFO  server.RaftServerConfigKeys (ConfUtils.java:logGet(46)) - raft.server.log.purge.gap = 1000000 (custom)
2023-06-07 07:10:54,439 [1b66a908-7502-432b-9648-1ff1190a9abb-groupManagement] INFO  server.RaftServerConfigKeys (ConfUtils.java:logGet(46)) - raft.server.log.appender.buffer.byte-limit = 33554432 (custom)
2023-06-07 07:10:54,439 [1b66a908-7502-432b-9648-1ff1190a9abb-groupManagement] INFO  server.RaftServerConfigKeys (ConfUtils.java:logGet(46)) - raft.server.log.statemachine.data.read.timeout = 1000ms (default)
2023-06-07 07:10:54,439 [1b66a908-7502-432b-9648-1ff1190a9abb-groupManagement] INFO  server.RaftServerConfigKeys (ConfUtils.java:logGet(46)) - raft.server.log.purge.preservation.log.num = 0 (default)
2023-06-07 07:10:54,439 [1b66a908-7502-432b-9648-1ff1190a9abb-groupManagement] INFO  server.RaftServerConfigKeys (ConfUtils.java:logGet(46)) - raft.server.log.segment.size.max = 1048576 (custom)
2023-06-07 07:10:54,440 [1b66a908-7502-432b-9648-1ff1190a9abb-groupManagement] INFO  server.RaftServerConfigKeys (ConfUtils.java:logGet(46)) - raft.server.log.segment.cache.num.max = 2 (custom)
2023-06-07 07:10:54,440 [1b66a908-7502-432b-9648-1ff1190a9abb-groupManagement] INFO  server.RaftServerConfigKeys (ConfUtils.java:logGet(46)) - raft.server.log.segment.cache.size.max = 200MB (=209715200) (default)
2023-06-07 07:10:54,440 [1b66a908-7502-432b-9648-1ff1190a9abb-groupManagement] INFO  server.RaftServerConfigKeys (ConfUtils.java:logGet(46)) - raft.server.log.appender.buffer.byte-limit = 33554432 (custom)
2023-06-07 07:10:54,440 [1b66a908-7502-432b-9648-1ff1190a9abb-groupManagement] INFO  segmented.SegmentedRaftLogWorker (SegmentedRaftLogWorker.java:<init>(188)) - new 1b66a908-7502-432b-9648-1ff1190a9abb@group-DEB1234BAF49-SegmentedRaftLogWorker for RaftStorageImpl:Storage Directory /home/runner/work/ozone/ozone/hadoop-ozone/integration-test/target/test-dir/MiniOzoneClusterImpl-28223e3b-fb3b-4559-a623-43dba3cd33a0/datanode-5/data/ratis/9ea93171-eff4-4ff6-a6d2-deb1234baf49
2023-06-07 07:10:54,440 [1b66a908-7502-432b-9648-1ff1190a9abb-groupManagement] INFO  server.RaftServerConfigKeys (ConfUtils.java:logGet(46)) - raft.server.log.queue.byte-limit = 4294967296 (custom)
2023-06-07 07:10:54,440 [1b66a908-7502-432b-9648-1ff1190a9abb-groupManagement] INFO  server.RaftServerConfigKeys (ConfUtils.java:logGet(46)) - raft.server.log.queue.element-limit = 1024 (custom)
2023-06-07 07:10:54,440 [1b66a908-7502-432b-9648-1ff1190a9abb-groupManagement] INFO  server.RaftServerConfigKeys (ConfUtils.java:logGet(46)) - raft.server.log.segment.size.max = 1048576 (custom)
2023-06-07 07:10:54,440 [1b66a908-7502-432b-9648-1ff1190a9abb-groupManagement] INFO  server.RaftServerConfigKeys (ConfUtils.java:logGet(46)) - raft.server.log.preallocated.size = 16384 (custom)
2023-06-07 07:10:54,440 [1b66a908-7502-432b-9648-1ff1190a9abb-groupManagement] INFO  server.RaftServerConfigKeys (ConfUtils.java:logGet(46)) - raft.server.log.force.sync.num = 128 (default)
2023-06-07 07:10:54,440 [1b66a908-7502-432b-9648-1ff1190a9abb-groupManagement] INFO  server.RaftServerConfigKeys (ConfUtils.java:logGet(46)) - raft.server.log.statemachine.data.sync = true (default)
2023-06-07 07:10:54,440 [1b66a908-7502-432b-9648-1ff1190a9abb-groupManagement] INFO  server.RaftServerConfigKeys (ConfUtils.java:logGet(46)) - raft.server.log.statemachine.data.sync.timeout = 10s (default)
2023-06-07 07:10:54,440 [1b66a908-7502-432b-9648-1ff1190a9abb-groupManagement] INFO  server.RaftServerConfigKeys (ConfUtils.java:logGet(46)) - raft.server.log.statemachine.data.sync.timeout.retry = -1 (default)
2023-06-07 07:10:54,445 [EventQueue-OpenPipelineForHealthyPipelineSafeModeRule] INFO  safemode.SCMSafeModeManager (HealthyPipelineSafeModeRule.java:process(137)) - SCM in safe mode. Healthy pipelines reported count is 0, required healthy pipeline reported count is 1
2023-06-07 07:10:54,447 [1b66a908-7502-432b-9648-1ff1190a9abb-groupManagement] INFO  server.RaftServerConfigKeys (ConfUtils.java:logGet(46)) - raft.server.log.write.buffer.size = 1048576 (custom)
2023-06-07 07:10:54,447 [1b66a908-7502-432b-9648-1ff1190a9abb-groupManagement] INFO  server.RaftServerConfigKeys (ConfUtils.java:logGet(46)) - raft.server.log.appender.buffer.byte-limit = 33554432 (custom)
2023-06-07 07:10:54,456 [1b66a908-7502-432b-9648-1ff1190a9abb-groupManagement] INFO  server.RaftServerConfigKeys (ConfUtils.java:logGet(46)) - raft.server.log.unsafe-flush.enabled = false (default)
2023-06-07 07:10:54,456 [1b66a908-7502-432b-9648-1ff1190a9abb-groupManagement] INFO  server.RaftServerConfigKeys (ConfUtils.java:logGet(46)) - raft.server.log.async-flush.enabled = false (default)
2023-06-07 07:10:54,456 [1b66a908-7502-432b-9648-1ff1190a9abb-groupManagement] INFO  server.RaftServerConfigKeys (ConfUtils.java:logGet(46)) - raft.server.log.statemachine.data.caching.enabled = true (custom)
2023-06-07 07:10:54,456 [1b66a908-7502-432b-9648-1ff1190a9abb-groupManagement] INFO  segmented.SegmentedRaftLogWorker (SegmentedRaftLogWorker.java:lambda$new$0(135)) - 1b66a908-7502-432b-9648-1ff1190a9abb@group-DEB1234BAF49-SegmentedRaftLogWorker: flushIndex: setUnconditionally 0 -> -1
2023-06-07 07:10:54,456 [1b66a908-7502-432b-9648-1ff1190a9abb-groupManagement] INFO  segmented.SegmentedRaftLogWorker (SegmentedRaftLogWorker.java:lambda$new$0(135)) - 1b66a908-7502-432b-9648-1ff1190a9abb@group-DEB1234BAF49-SegmentedRaftLogWorker: safeCacheEvictIndex: setUnconditionally 0 -> -1
2023-06-07 07:10:54,457 [1b66a908-7502-432b-9648-1ff1190a9abb-groupManagement] INFO  server.RaftServer$Division (RaftServerImpl.java:start(342)) - 1b66a908-7502-432b-9648-1ff1190a9abb@group-DEB1234BAF49: start as a follower, conf=-1: peers:[1b66a908-7502-432b-9648-1ff1190a9abb|rpc:10.1.0.31:15059|admin:10.1.0.31:15058|client:10.1.0.31:15057|dataStream:10.1.0.31:15060|priority:0|startupRole:FOLLOWER, c9e90f19-93bd-492a-840b-17fd0f306342|rpc:10.1.0.31:15050|admin:10.1.0.31:15049|client:10.1.0.31:15048|dataStream:10.1.0.31:15051|priority:0|startupRole:FOLLOWER, 4867cc16-78cf-4276-b1e1-ad4ddd1b82d4|rpc:10.1.0.31:15041|admin:10.1.0.31:15040|client:10.1.0.31:15039|dataStream:10.1.0.31:15042|priority:1|startupRole:FOLLOWER]|listeners:[], old=null
2023-06-07 07:10:54,457 [1b66a908-7502-432b-9648-1ff1190a9abb-groupManagement] INFO  server.RaftServer$Division (RaftServerImpl.java:setRole(329)) - 1b66a908-7502-432b-9648-1ff1190a9abb@group-DEB1234BAF49: changes role from      null to FOLLOWER at term 0 for startAsFollower
2023-06-07 07:10:54,457 [1b66a908-7502-432b-9648-1ff1190a9abb-groupManagement] INFO  impl.RoleInfo (RoleInfo.java:updateAndGet(139)) - 1b66a908-7502-432b-9648-1ff1190a9abb: start 1b66a908-7502-432b-9648-1ff1190a9abb@group-DEB1234BAF49-FollowerState
2023-06-07 07:10:54,459 [1b66a908-7502-432b-9648-1ff1190a9abb-groupManagement] INFO  util.JmxRegister (JmxRegister.java:tryRegister(44)) - Successfully registered JMX Bean with object name Ratis:service=RaftServer,group=group-DEB1234BAF49,id=1b66a908-7502-432b-9648-1ff1190a9abb
2023-06-07 07:10:54,459 [1b66a908-7502-432b-9648-1ff1190a9abb-groupManagement] INFO  server.RaftServerConfigKeys (ConfUtils.java:logGet(46)) - raft.server.snapshot.auto.trigger.enabled = true (custom)
2023-06-07 07:10:54,459 [1b66a908-7502-432b-9648-1ff1190a9abb-groupManagement] INFO  server.RaftServerConfigKeys (ConfUtils.java:logGet(46)) - raft.server.snapshot.auto.trigger.threshold = 10000 (custom)
2023-06-07 07:10:54,459 [1b66a908-7502-432b-9648-1ff1190a9abb-groupManagement] INFO  server.RaftServerConfigKeys (ConfUtils.java:logGet(46)) - raft.server.snapshot.retention.file.num = 5 (custom)
2023-06-07 07:10:54,459 [1b66a908-7502-432b-9648-1ff1190a9abb-groupManagement] INFO  server.RaftServerConfigKeys (ConfUtils.java:logGet(46)) - raft.server.log.purge.upto.snapshot.index = false (default)
2023-06-07 07:10:54,460 [1b66a908-7502-432b-9648-1ff1190a9abb@group-DEB1234BAF49-FollowerState] INFO  server.RaftServerConfigKeys (ConfUtils.java:logFallback(53)) - raft.server.rpc.first-election.timeout.min = 5s (fallback to raft.server.rpc.timeout.min)
2023-06-07 07:10:54,460 [1b66a908-7502-432b-9648-1ff1190a9abb@group-DEB1234BAF49-FollowerState] INFO  server.RaftServerConfigKeys (ConfUtils.java:logFallback(53)) - raft.server.rpc.first-election.timeout.max = 5200ms (fallback to raft.server.rpc.timeout.max)
2023-06-07 07:10:54,462 [PipelineCommandHandlerThread-0] INFO  ratis.XceiverServerRatis (XceiverServerRatis.java:addGroup(804)) - Created group PipelineID=9ea93171-eff4-4ff6-a6d2-deb1234baf49
2023-06-07 07:10:54,506 [PipelineCommandHandlerThread-0] INFO  server.RaftServer (RaftServerProxy.java:addNew(98)) - 8757bef3-5796-4279-bd7f-82165642237f: addNew group-F414CF65CA04:[8757bef3-5796-4279-bd7f-82165642237f|rpc:10.1.0.31:15068|admin:10.1.0.31:15067|client:10.1.0.31:15066|dataStream:10.1.0.31:15069|priority:1|startupRole:FOLLOWER] returns group-F414CF65CA04:java.util.concurrent.CompletableFuture@4eba0996[Not completed]
2023-06-07 07:10:54,539 [8757bef3-5796-4279-bd7f-82165642237f-groupManagement] INFO  server.RaftServer$Division (RaftServerImpl.java:<init>(198)) - 8757bef3-5796-4279-bd7f-82165642237f: new RaftServerImpl for group-F414CF65CA04:[8757bef3-5796-4279-bd7f-82165642237f|rpc:10.1.0.31:15068|admin:10.1.0.31:15067|client:10.1.0.31:15066|dataStream:10.1.0.31:15069|priority:1|startupRole:FOLLOWER] with ContainerStateMachine:uninitialized
2023-06-07 07:10:54,539 [8757bef3-5796-4279-bd7f-82165642237f-groupManagement] INFO  server.RaftServerConfigKeys (ConfUtils.java:logGet(46)) - raft.server.rpc.timeout.min = 5s (custom)
2023-06-07 07:10:54,539 [8757bef3-5796-4279-bd7f-82165642237f-groupManagement] INFO  server.RaftServerConfigKeys (ConfUtils.java:logGet(46)) - raft.server.rpc.timeout.max = 5200ms (custom)
2023-06-07 07:10:54,539 [8757bef3-5796-4279-bd7f-82165642237f-groupManagement] INFO  server.RaftServerConfigKeys (ConfUtils.java:logGet(46)) - raft.server.rpc.sleep.time = 25ms (default)
2023-06-07 07:10:54,539 [8757bef3-5796-4279-bd7f-82165642237f-groupManagement] INFO  server.RaftServerConfigKeys (ConfUtils.java:logGet(46)) - raft.server.rpc.slowness.timeout = 300s (custom)
2023-06-07 07:10:54,539 [8757bef3-5796-4279-bd7f-82165642237f-groupManagement] INFO  server.RaftServerConfigKeys (ConfUtils.java:logGet(46)) - raft.server.leaderelection.leader.step-down.wait-time = 10s (default)
2023-06-07 07:10:54,539 [8757bef3-5796-4279-bd7f-82165642237f-groupManagement] INFO  server.RaftServerConfigKeys (ConfUtils.java:logGet(46)) - raft.server.sleep.deviation.threshold = 300ms (default)
2023-06-07 07:10:54,539 [8757bef3-5796-4279-bd7f-82165642237f-groupManagement] INFO  server.RaftServer$Division (ServerState.java:<init>(120)) - 8757bef3-5796-4279-bd7f-82165642237f@group-F414CF65CA04: ConfigurationManager, init=-1: peers:[8757bef3-5796-4279-bd7f-82165642237f|rpc:10.1.0.31:15068|admin:10.1.0.31:15067|client:10.1.0.31:15066|dataStream:10.1.0.31:15069|priority:1|startupRole:FOLLOWER]|listeners:[], old=null, confs=<EMPTY_MAP>
2023-06-07 07:10:54,539 [8757bef3-5796-4279-bd7f-82165642237f-groupManagement] INFO  server.RaftServerConfigKeys (ConfUtils.java:logGet(46)) - raft.server.storage.dir = [/home/runner/work/ozone/ozone/hadoop-ozone/integration-test/target/test-dir/MiniOzoneClusterImpl-28223e3b-fb3b-4559-a623-43dba3cd33a0/datanode-6/data/ratis] (custom)
2023-06-07 07:10:54,540 [8757bef3-5796-4279-bd7f-82165642237f-groupManagement] INFO  server.RaftServerConfigKeys (ConfUtils.java:logGet(46)) - raft.server.log.corruption.policy = EXCEPTION (default)
2023-06-07 07:10:54,540 [8757bef3-5796-4279-bd7f-82165642237f-groupManagement] INFO  server.RaftServerConfigKeys (ConfUtils.java:logGet(46)) - raft.server.storage.free-space.min = 0MB (=0) (default)
2023-06-07 07:10:54,547 [8757bef3-5796-4279-bd7f-82165642237f-groupManagement] INFO  server.RaftServerConfigKeys (ConfUtils.java:logGet(46)) - raft.server.notification.no-leader.timeout = 300s (custom)
2023-06-07 07:10:54,558 [8757bef3-5796-4279-bd7f-82165642237f-groupManagement] INFO  server.RaftServerConfigKeys (ConfUtils.java:logGet(46)) - raft.server.read.timeout = 10s (default)
2023-06-07 07:10:54,558 [8757bef3-5796-4279-bd7f-82165642237f-groupManagement] INFO  server.RaftServerConfigKeys (ConfUtils.java:logGet(46)) - raft.server.retrycache.expirytime = 600000ms (custom)
2023-06-07 07:10:54,558 [8757bef3-5796-4279-bd7f-82165642237f-groupManagement] INFO  server.RaftServerConfigKeys (ConfUtils.java:logGet(46)) - raft.server.retrycache.statistics.expirytime = 100μs (default)
2023-06-07 07:10:54,559 [8757bef3-5796-4279-bd7f-82165642237f-groupManagement] INFO  server.RaftServerConfigKeys (ConfUtils.java:logGet(46)) - raft.server.read.option = DEFAULT (default)
2023-06-07 07:10:54,565 [8757bef3-5796-4279-bd7f-82165642237f-groupManagement] INFO  server.RaftServerConfigKeys (ConfUtils.java:logGet(46)) - raft.server.rpc.request.timeout = 60s (custom)
2023-06-07 07:10:54,565 [8757bef3-5796-4279-bd7f-82165642237f-groupManagement] INFO  server.RaftServerConfigKeys (ConfUtils.java:logGet(46)) - raft.server.log.appender.install.snapshot.enabled = false (custom)
2023-06-07 07:10:54,565 [8757bef3-5796-4279-bd7f-82165642237f-groupManagement] INFO  server.RaftServerConfigKeys (ConfUtils.java:logGet(46)) - raft.server.threadpool.server.cached = true (default)
2023-06-07 07:10:54,565 [8757bef3-5796-4279-bd7f-82165642237f-groupManagement] INFO  server.RaftServerConfigKeys (ConfUtils.java:logGet(46)) - raft.server.threadpool.server.size = 0 (default)
2023-06-07 07:10:54,565 [8757bef3-5796-4279-bd7f-82165642237f-groupManagement] INFO  server.RaftServerConfigKeys (ConfUtils.java:logGet(46)) - raft.server.threadpool.client.cached = true (default)
2023-06-07 07:10:54,566 [8757bef3-5796-4279-bd7f-82165642237f-groupManagement] INFO  server.RaftServerConfigKeys (ConfUtils.java:logGet(46)) - raft.server.threadpool.client.size = 0 (default)
2023-06-07 07:10:54,566 [8757bef3-5796-4279-bd7f-82165642237f-groupManagement] INFO  storage.RaftStorageDirectory (RaftStorageDirectoryImpl.java:analyzeStorage(137)) - The storage directory /home/runner/work/ozone/ozone/hadoop-ozone/integration-test/target/test-dir/MiniOzoneClusterImpl-28223e3b-fb3b-4559-a623-43dba3cd33a0/datanode-6/data/ratis/c392b6fe-5c01-4b13-a139-f414cf65ca04 does not exist. Creating ...
2023-06-07 07:10:54,571 [8757bef3-5796-4279-bd7f-82165642237f-groupManagement] INFO  storage.RaftStorageDirectory (RaftStorageDirectoryImpl.java:tryLock(231)) - Lock on /home/runner/work/ozone/ozone/hadoop-ozone/integration-test/target/test-dir/MiniOzoneClusterImpl-28223e3b-fb3b-4559-a623-43dba3cd33a0/datanode-6/data/ratis/c392b6fe-5c01-4b13-a139-f414cf65ca04/in_use.lock acquired by nodename 65108@fv-az246-755
2023-06-07 07:10:54,574 [8757bef3-5796-4279-bd7f-82165642237f-groupManagement] INFO  storage.RaftStorage (RaftStorageImpl.java:format(96)) - Storage directory /home/runner/work/ozone/ozone/hadoop-ozone/integration-test/target/test-dir/MiniOzoneClusterImpl-28223e3b-fb3b-4559-a623-43dba3cd33a0/datanode-6/data/ratis/c392b6fe-5c01-4b13-a139-f414cf65ca04 has been successfully formatted.
2023-06-07 07:10:54,587 [8757bef3-5796-4279-bd7f-82165642237f-groupManagement] INFO  ratis.ContainerStateMachine (ContainerStateMachine.java:loadSnapshot(262)) - group-F414CF65CA04: The snapshot info is null. Setting the last applied indexto:(t:0, i:~)
2023-06-07 07:10:54,587 [8757bef3-5796-4279-bd7f-82165642237f-groupManagement] INFO  server.RaftServerConfigKeys (ConfUtils.java:logGet(46)) - raft.server.log.use.memory = false (default)
2023-06-07 07:10:54,587 [8757bef3-5796-4279-bd7f-82165642237f-groupManagement] INFO  server.RaftServerConfigKeys (ConfUtils.java:logGet(46)) - raft.server.log.purge.gap = 1000000 (custom)
2023-06-07 07:10:54,587 [8757bef3-5796-4279-bd7f-82165642237f-groupManagement] INFO  server.RaftServerConfigKeys (ConfUtils.java:logGet(46)) - raft.server.log.appender.buffer.byte-limit = 33554432 (custom)
2023-06-07 07:10:54,587 [8757bef3-5796-4279-bd7f-82165642237f-groupManagement] INFO  server.RaftServerConfigKeys (ConfUtils.java:logGet(46)) - raft.server.log.statemachine.data.read.timeout = 1000ms (default)
2023-06-07 07:10:54,587 [8757bef3-5796-4279-bd7f-82165642237f-groupManagement] INFO  server.RaftServerConfigKeys (ConfUtils.java:logGet(46)) - raft.server.log.purge.preservation.log.num = 0 (default)
2023-06-07 07:10:54,588 [8757bef3-5796-4279-bd7f-82165642237f-groupManagement] INFO  server.RaftServerConfigKeys (ConfUtils.java:logGet(46)) - raft.server.log.segment.size.max = 1048576 (custom)
2023-06-07 07:10:54,598 [PipelineCommandHandlerThread-0] INFO  commandhandler.CreatePipelineCommandHandler (CreatePipelineCommandHandler.java:lambda$handle$2(124)) - Created Pipeline RATIS THREE PipelineID=9ea93171-eff4-4ff6-a6d2-deb1234baf49.
2023-06-07 07:10:54,600 [EventQueue-PipelineReportForPipelineReportHandler] INFO  pipeline.PipelineManagerImpl (PipelineManagerImpl.java:openPipeline(367)) - Pipeline Pipeline[ Id: c392b6fe-5c01-4b13-a139-f414cf65ca04, Nodes: 8757bef3-5796-4279-bd7f-82165642237f(fv-az246-755.dmzl2ssfaldu3choa5k4qgfeyh.jx.internal.cloudapp.net/10.1.0.31), ReplicationConfig: RATIS/ONE, State:ALLOCATED, leaderId:8757bef3-5796-4279-bd7f-82165642237f, CreationTimestamp2023-06-07T07:10:51.463Z[Etc/UTC]] moved to OPEN state
2023-06-07 07:10:54,600 [8757bef3-5796-4279-bd7f-82165642237f-groupManagement] INFO  server.RaftServerConfigKeys (ConfUtils.java:logGet(46)) - raft.server.log.segment.cache.num.max = 2 (custom)
2023-06-07 07:10:54,601 [8757bef3-5796-4279-bd7f-82165642237f-groupManagement] INFO  server.RaftServerConfigKeys (ConfUtils.java:logGet(46)) - raft.server.log.segment.cache.size.max = 200MB (=209715200) (default)
2023-06-07 07:10:54,601 [8757bef3-5796-4279-bd7f-82165642237f-groupManagement] INFO  server.RaftServerConfigKeys (ConfUtils.java:logGet(46)) - raft.server.log.appender.buffer.byte-limit = 33554432 (custom)
2023-06-07 07:10:54,600 [EventQueue-OpenPipelineForHealthyPipelineSafeModeRule] INFO  safemode.SCMSafeModeManager (HealthyPipelineSafeModeRule.java:process(137)) - SCM in safe mode. Healthy pipelines reported count is 0, required healthy pipeline reported count is 1
2023-06-07 07:10:54,601 [8757bef3-5796-4279-bd7f-82165642237f-groupManagement] INFO  segmented.SegmentedRaftLogWorker (SegmentedRaftLogWorker.java:<init>(188)) - new 8757bef3-5796-4279-bd7f-82165642237f@group-F414CF65CA04-SegmentedRaftLogWorker for RaftStorageImpl:Storage Directory /home/runner/work/ozone/ozone/hadoop-ozone/integration-test/target/test-dir/MiniOzoneClusterImpl-28223e3b-fb3b-4559-a623-43dba3cd33a0/datanode-6/data/ratis/c392b6fe-5c01-4b13-a139-f414cf65ca04
2023-06-07 07:10:54,601 [8757bef3-5796-4279-bd7f-82165642237f-groupManagement] INFO  server.RaftServerConfigKeys (ConfUtils.java:logGet(46)) - raft.server.log.queue.byte-limit = 4294967296 (custom)
2023-06-07 07:10:54,601 [8757bef3-5796-4279-bd7f-82165642237f-groupManagement] INFO  server.RaftServerConfigKeys (ConfUtils.java:logGet(46)) - raft.server.log.queue.element-limit = 1024 (custom)
2023-06-07 07:10:54,601 [8757bef3-5796-4279-bd7f-82165642237f-groupManagement] INFO  server.RaftServerConfigKeys (ConfUtils.java:logGet(46)) - raft.server.log.segment.size.max = 1048576 (custom)
2023-06-07 07:10:54,601 [8757bef3-5796-4279-bd7f-82165642237f-groupManagement] INFO  server.RaftServerConfigKeys (ConfUtils.java:logGet(46)) - raft.server.log.preallocated.size = 16384 (custom)
2023-06-07 07:10:54,601 [8757bef3-5796-4279-bd7f-82165642237f-groupManagement] INFO  server.RaftServerConfigKeys (ConfUtils.java:logGet(46)) - raft.server.log.force.sync.num = 128 (default)
2023-06-07 07:10:54,602 [8757bef3-5796-4279-bd7f-82165642237f-groupManagement] INFO  server.RaftServerConfigKeys (ConfUtils.java:logGet(46)) - raft.server.log.statemachine.data.sync = true (default)
2023-06-07 07:10:54,602 [8757bef3-5796-4279-bd7f-82165642237f-groupManagement] INFO  server.RaftServerConfigKeys (ConfUtils.java:logGet(46)) - raft.server.log.statemachine.data.sync.timeout = 10s (default)
2023-06-07 07:10:54,602 [8757bef3-5796-4279-bd7f-82165642237f-groupManagement] INFO  server.RaftServerConfigKeys (ConfUtils.java:logGet(46)) - raft.server.log.statemachine.data.sync.timeout.retry = -1 (default)
2023-06-07 07:10:54,603 [PipelineCommandHandlerThread-0] INFO  commandhandler.CreatePipelineCommandHandler (CreatePipelineCommandHandler.java:lambda$handle$2(124)) - Created Pipeline RATIS THREE PipelineID=9ea93171-eff4-4ff6-a6d2-deb1234baf49.
2023-06-07 07:10:54,603 [8757bef3-5796-4279-bd7f-82165642237f-groupManagement] INFO  server.RaftServerConfigKeys (ConfUtils.java:logGet(46)) - raft.server.log.write.buffer.size = 1048576 (custom)
2023-06-07 07:10:54,604 [8757bef3-5796-4279-bd7f-82165642237f-groupManagement] INFO  server.RaftServerConfigKeys (ConfUtils.java:logGet(46)) - raft.server.log.appender.buffer.byte-limit = 33554432 (custom)
2023-06-07 07:10:54,618 [8757bef3-5796-4279-bd7f-82165642237f-groupManagement] INFO  server.RaftServerConfigKeys (ConfUtils.java:logGet(46)) - raft.server.log.unsafe-flush.enabled = false (default)
2023-06-07 07:10:54,621 [8757bef3-5796-4279-bd7f-82165642237f-groupManagement] INFO  server.RaftServerConfigKeys (ConfUtils.java:logGet(46)) - raft.server.log.async-flush.enabled = false (default)
2023-06-07 07:10:54,621 [8757bef3-5796-4279-bd7f-82165642237f-groupManagement] INFO  server.RaftServerConfigKeys (ConfUtils.java:logGet(46)) - raft.server.log.statemachine.data.caching.enabled = true (custom)
2023-06-07 07:10:54,622 [8757bef3-5796-4279-bd7f-82165642237f-groupManagement] INFO  segmented.SegmentedRaftLogWorker (SegmentedRaftLogWorker.java:lambda$new$0(135)) - 8757bef3-5796-4279-bd7f-82165642237f@group-F414CF65CA04-SegmentedRaftLogWorker: flushIndex: setUnconditionally 0 -> -1
2023-06-07 07:10:54,622 [8757bef3-5796-4279-bd7f-82165642237f-groupManagement] INFO  segmented.SegmentedRaftLogWorker (SegmentedRaftLogWorker.java:lambda$new$0(135)) - 8757bef3-5796-4279-bd7f-82165642237f@group-F414CF65CA04-SegmentedRaftLogWorker: safeCacheEvictIndex: setUnconditionally 0 -> -1
2023-06-07 07:10:54,624 [8757bef3-5796-4279-bd7f-82165642237f-groupManagement] INFO  server.RaftServer$Division (RaftServerImpl.java:start(342)) - 8757bef3-5796-4279-bd7f-82165642237f@group-F414CF65CA04: start as a follower, conf=-1: peers:[8757bef3-5796-4279-bd7f-82165642237f|rpc:10.1.0.31:15068|admin:10.1.0.31:15067|client:10.1.0.31:15066|dataStream:10.1.0.31:15069|priority:1|startupRole:FOLLOWER]|listeners:[], old=null
2023-06-07 07:10:54,624 [8757bef3-5796-4279-bd7f-82165642237f-groupManagement] INFO  server.RaftServer$Division (RaftServerImpl.java:setRole(329)) - 8757bef3-5796-4279-bd7f-82165642237f@group-F414CF65CA04: changes role from      null to FOLLOWER at term 0 for startAsFollower
2023-06-07 07:10:54,624 [8757bef3-5796-4279-bd7f-82165642237f-groupManagement] INFO  impl.RoleInfo (RoleInfo.java:updateAndGet(139)) - 8757bef3-5796-4279-bd7f-82165642237f: start 8757bef3-5796-4279-bd7f-82165642237f@group-F414CF65CA04-FollowerState
2023-06-07 07:10:54,638 [8757bef3-5796-4279-bd7f-82165642237f@group-F414CF65CA04-FollowerState] INFO  server.RaftServerConfigKeys (ConfUtils.java:logFallback(53)) - raft.server.rpc.first-election.timeout.min = 5s (fallback to raft.server.rpc.timeout.min)
2023-06-07 07:10:54,638 [8757bef3-5796-4279-bd7f-82165642237f@group-F414CF65CA04-FollowerState] INFO  server.RaftServerConfigKeys (ConfUtils.java:logFallback(53)) - raft.server.rpc.first-election.timeout.max = 5200ms (fallback to raft.server.rpc.timeout.max)
2023-06-07 07:10:54,639 [8757bef3-5796-4279-bd7f-82165642237f-groupManagement] INFO  util.JmxRegister (JmxRegister.java:tryRegister(44)) - Successfully registered JMX Bean with object name Ratis:service=RaftServer,group=group-F414CF65CA04,id=8757bef3-5796-4279-bd7f-82165642237f
2023-06-07 07:10:54,640 [8757bef3-5796-4279-bd7f-82165642237f-groupManagement] INFO  server.RaftServerConfigKeys (ConfUtils.java:logGet(46)) - raft.server.snapshot.auto.trigger.enabled = true (custom)
2023-06-07 07:10:54,640 [8757bef3-5796-4279-bd7f-82165642237f-groupManagement] INFO  server.RaftServerConfigKeys (ConfUtils.java:logGet(46)) - raft.server.snapshot.auto.trigger.threshold = 10000 (custom)
2023-06-07 07:10:54,640 [8757bef3-5796-4279-bd7f-82165642237f-groupManagement] INFO  server.RaftServerConfigKeys (ConfUtils.java:logGet(46)) - raft.server.snapshot.retention.file.num = 5 (custom)
2023-06-07 07:10:54,640 [8757bef3-5796-4279-bd7f-82165642237f-groupManagement] INFO  server.RaftServerConfigKeys (ConfUtils.java:logGet(46)) - raft.server.log.purge.upto.snapshot.index = false (default)
2023-06-07 07:10:54,644 [PipelineCommandHandlerThread-0] INFO  ratis.XceiverServerRatis (XceiverServerRatis.java:addGroup(804)) - Created group PipelineID=c392b6fe-5c01-4b13-a139-f414cf65ca04
2023-06-07 07:10:54,644 [PipelineCommandHandlerThread-0] INFO  commandhandler.CreatePipelineCommandHandler (CreatePipelineCommandHandler.java:lambda$handle$2(124)) - Created Pipeline RATIS ONE PipelineID=c392b6fe-5c01-4b13-a139-f414cf65ca04.
2023-06-07 07:10:54,644 [PipelineCommandHandlerThread-0] INFO  server.RaftServer (RaftServerProxy.java:addNew(98)) - 8757bef3-5796-4279-bd7f-82165642237f: addNew group-D03428C1B187:[1c3f76c4-a361-44c3-a437-710dc7a71a87|rpc:10.1.0.31:15077|admin:10.1.0.31:15076|client:10.1.0.31:15075|dataStream:10.1.0.31:15078|priority:1|startupRole:FOLLOWER, 8757bef3-5796-4279-bd7f-82165642237f|rpc:10.1.0.31:15068|admin:10.1.0.31:15067|client:10.1.0.31:15066|dataStream:10.1.0.31:15069|priority:0|startupRole:FOLLOWER, 20fd9795-0abc-4083-965d-6ba83b10546c|rpc:10.1.0.31:15086|admin:10.1.0.31:15085|client:10.1.0.31:15084|dataStream:10.1.0.31:15087|priority:0|startupRole:FOLLOWER] returns group-D03428C1B187:java.util.concurrent.CompletableFuture@4a858499[Not completed]
2023-06-07 07:10:54,646 [8757bef3-5796-4279-bd7f-82165642237f-groupManagement] INFO  server.RaftServer$Division (RaftServerImpl.java:<init>(198)) - 8757bef3-5796-4279-bd7f-82165642237f: new RaftServerImpl for group-D03428C1B187:[1c3f76c4-a361-44c3-a437-710dc7a71a87|rpc:10.1.0.31:15077|admin:10.1.0.31:15076|client:10.1.0.31:15075|dataStream:10.1.0.31:15078|priority:1|startupRole:FOLLOWER, 8757bef3-5796-4279-bd7f-82165642237f|rpc:10.1.0.31:15068|admin:10.1.0.31:15067|client:10.1.0.31:15066|dataStream:10.1.0.31:15069|priority:0|startupRole:FOLLOWER, 20fd9795-0abc-4083-965d-6ba83b10546c|rpc:10.1.0.31:15086|admin:10.1.0.31:15085|client:10.1.0.31:15084|dataStream:10.1.0.31:15087|priority:0|startupRole:FOLLOWER] with ContainerStateMachine:uninitialized
2023-06-07 07:10:54,646 [8757bef3-5796-4279-bd7f-82165642237f-groupManagement] INFO  server.RaftServerConfigKeys (ConfUtils.java:logGet(46)) - raft.server.rpc.timeout.min = 5s (custom)
2023-06-07 07:10:54,646 [8757bef3-5796-4279-bd7f-82165642237f-groupManagement] INFO  server.RaftServerConfigKeys (ConfUtils.java:logGet(46)) - raft.server.rpc.timeout.max = 5200ms (custom)
2023-06-07 07:10:54,646 [8757bef3-5796-4279-bd7f-82165642237f-groupManagement] INFO  server.RaftServerConfigKeys (ConfUtils.java:logGet(46)) - raft.server.rpc.sleep.time = 25ms (default)
2023-06-07 07:10:54,646 [8757bef3-5796-4279-bd7f-82165642237f-groupManagement] INFO  server.RaftServerConfigKeys (ConfUtils.java:logGet(46)) - raft.server.rpc.slowness.timeout = 300s (custom)
2023-06-07 07:10:54,646 [8757bef3-5796-4279-bd7f-82165642237f-groupManagement] INFO  server.RaftServerConfigKeys (ConfUtils.java:logGet(46)) - raft.server.leaderelection.leader.step-down.wait-time = 10s (default)
2023-06-07 07:10:54,646 [8757bef3-5796-4279-bd7f-82165642237f-groupManagement] INFO  server.RaftServerConfigKeys (ConfUtils.java:logGet(46)) - raft.server.sleep.deviation.threshold = 300ms (default)
2023-06-07 07:10:54,646 [8757bef3-5796-4279-bd7f-82165642237f-groupManagement] INFO  server.RaftServer$Division (ServerState.java:<init>(120)) - 8757bef3-5796-4279-bd7f-82165642237f@group-D03428C1B187: ConfigurationManager, init=-1: peers:[1c3f76c4-a361-44c3-a437-710dc7a71a87|rpc:10.1.0.31:15077|admin:10.1.0.31:15076|client:10.1.0.31:15075|dataStream:10.1.0.31:15078|priority:1|startupRole:FOLLOWER, 8757bef3-5796-4279-bd7f-82165642237f|rpc:10.1.0.31:15068|admin:10.1.0.31:15067|client:10.1.0.31:15066|dataStream:10.1.0.31:15069|priority:0|startupRole:FOLLOWER, 20fd9795-0abc-4083-965d-6ba83b10546c|rpc:10.1.0.31:15086|admin:10.1.0.31:15085|client:10.1.0.31:15084|dataStream:10.1.0.31:15087|priority:0|startupRole:FOLLOWER]|listeners:[], old=null, confs=<EMPTY_MAP>
2023-06-07 07:10:54,646 [8757bef3-5796-4279-bd7f-82165642237f-groupManagement] INFO  server.RaftServerConfigKeys (ConfUtils.java:logGet(46)) - raft.server.storage.dir = [/home/runner/work/ozone/ozone/hadoop-ozone/integration-test/target/test-dir/MiniOzoneClusterImpl-28223e3b-fb3b-4559-a623-43dba3cd33a0/datanode-6/data/ratis] (custom)
2023-06-07 07:10:54,646 [8757bef3-5796-4279-bd7f-82165642237f-groupManagement] INFO  server.RaftServerConfigKeys (ConfUtils.java:logGet(46)) - raft.server.log.corruption.policy = EXCEPTION (default)
2023-06-07 07:10:54,646 [8757bef3-5796-4279-bd7f-82165642237f-groupManagement] INFO  server.RaftServerConfigKeys (ConfUtils.java:logGet(46)) - raft.server.storage.free-space.min = 0MB (=0) (default)
2023-06-07 07:10:54,647 [8757bef3-5796-4279-bd7f-82165642237f-groupManagement] INFO  server.RaftServerConfigKeys (ConfUtils.java:logGet(46)) - raft.server.notification.no-leader.timeout = 300s (custom)
2023-06-07 07:10:54,647 [8757bef3-5796-4279-bd7f-82165642237f-groupManagement] INFO  server.RaftServerConfigKeys (ConfUtils.java:logGet(46)) - raft.server.read.timeout = 10s (default)
2023-06-07 07:10:54,647 [8757bef3-5796-4279-bd7f-82165642237f-groupManagement] INFO  server.RaftServerConfigKeys (ConfUtils.java:logGet(46)) - raft.server.retrycache.expirytime = 600000ms (custom)
2023-06-07 07:10:54,647 [8757bef3-5796-4279-bd7f-82165642237f-groupManagement] INFO  server.RaftServerConfigKeys (ConfUtils.java:logGet(46)) - raft.server.retrycache.statistics.expirytime = 100μs (default)
2023-06-07 07:10:54,647 [8757bef3-5796-4279-bd7f-82165642237f-groupManagement] INFO  server.RaftServerConfigKeys (ConfUtils.java:logGet(46)) - raft.server.read.option = DEFAULT (default)
2023-06-07 07:10:54,648 [8757bef3-5796-4279-bd7f-82165642237f-groupManagement] INFO  server.RaftServerConfigKeys (ConfUtils.java:logGet(46)) - raft.server.rpc.request.timeout = 60s (custom)
2023-06-07 07:10:54,648 [8757bef3-5796-4279-bd7f-82165642237f-groupManagement] INFO  server.RaftServerConfigKeys (ConfUtils.java:logGet(46)) - raft.server.log.appender.install.snapshot.enabled = false (custom)
2023-06-07 07:10:54,649 [8757bef3-5796-4279-bd7f-82165642237f-groupManagement] INFO  server.RaftServerConfigKeys (ConfUtils.java:logGet(46)) - raft.server.threadpool.server.cached = true (default)
2023-06-07 07:10:54,649 [8757bef3-5796-4279-bd7f-82165642237f-groupManagement] INFO  server.RaftServerConfigKeys (ConfUtils.java:logGet(46)) - raft.server.threadpool.server.size = 0 (default)
2023-06-07 07:10:54,649 [8757bef3-5796-4279-bd7f-82165642237f-groupManagement] INFO  server.RaftServerConfigKeys (ConfUtils.java:logGet(46)) - raft.server.threadpool.client.cached = true (default)
2023-06-07 07:10:54,649 [8757bef3-5796-4279-bd7f-82165642237f-groupManagement] INFO  server.RaftServerConfigKeys (ConfUtils.java:logGet(46)) - raft.server.threadpool.client.size = 0 (default)
2023-06-07 07:10:54,649 [8757bef3-5796-4279-bd7f-82165642237f-groupManagement] INFO  storage.RaftStorageDirectory (RaftStorageDirectoryImpl.java:analyzeStorage(137)) - The storage directory /home/runner/work/ozone/ozone/hadoop-ozone/integration-test/target/test-dir/MiniOzoneClusterImpl-28223e3b-fb3b-4559-a623-43dba3cd33a0/datanode-6/data/ratis/c319041b-25dc-4b19-96cc-d03428c1b187 does not exist. Creating ...
2023-06-07 07:10:54,656 [8757bef3-5796-4279-bd7f-82165642237f-groupManagement] INFO  storage.RaftStorageDirectory (RaftStorageDirectoryImpl.java:tryLock(231)) - Lock on /home/runner/work/ozone/ozone/hadoop-ozone/integration-test/target/test-dir/MiniOzoneClusterImpl-28223e3b-fb3b-4559-a623-43dba3cd33a0/datanode-6/data/ratis/c319041b-25dc-4b19-96cc-d03428c1b187/in_use.lock acquired by nodename 65108@fv-az246-755
2023-06-07 07:10:54,659 [8757bef3-5796-4279-bd7f-82165642237f-groupManagement] INFO  storage.RaftStorage (RaftStorageImpl.java:format(96)) - Storage directory /home/runner/work/ozone/ozone/hadoop-ozone/integration-test/target/test-dir/MiniOzoneClusterImpl-28223e3b-fb3b-4559-a623-43dba3cd33a0/datanode-6/data/ratis/c319041b-25dc-4b19-96cc-d03428c1b187 has been successfully formatted.
2023-06-07 07:10:54,659 [PipelineCommandHandlerThread-0] INFO  commandhandler.CreatePipelineCommandHandler (CreatePipelineCommandHandler.java:lambda$handle$2(124)) - Created Pipeline RATIS THREE PipelineID=9ea93171-eff4-4ff6-a6d2-deb1234baf49.
2023-06-07 07:10:54,659 [8757bef3-5796-4279-bd7f-82165642237f-groupManagement] INFO  ratis.ContainerStateMachine (ContainerStateMachine.java:loadSnapshot(262)) - group-D03428C1B187: The snapshot info is null. Setting the last applied indexto:(t:0, i:~)
2023-06-07 07:10:54,660 [8757bef3-5796-4279-bd7f-82165642237f-groupManagement] INFO  server.RaftServerConfigKeys (ConfUtils.java:logGet(46)) - raft.server.log.use.memory = false (default)
2023-06-07 07:10:54,660 [8757bef3-5796-4279-bd7f-82165642237f-groupManagement] INFO  server.RaftServerConfigKeys (ConfUtils.java:logGet(46)) - raft.server.log.purge.gap = 1000000 (custom)
2023-06-07 07:10:54,660 [8757bef3-5796-4279-bd7f-82165642237f-groupManagement] INFO  server.RaftServerConfigKeys (ConfUtils.java:logGet(46)) - raft.server.log.appender.buffer.byte-limit = 33554432 (custom)
2023-06-07 07:10:54,660 [8757bef3-5796-4279-bd7f-82165642237f-groupManagement] INFO  server.RaftServerConfigKeys (ConfUtils.java:logGet(46)) - raft.server.log.statemachine.data.read.timeout = 1000ms (default)
2023-06-07 07:10:54,660 [8757bef3-5796-4279-bd7f-82165642237f-groupManagement] INFO  server.RaftServerConfigKeys (ConfUtils.java:logGet(46)) - raft.server.log.purge.preservation.log.num = 0 (default)
2023-06-07 07:10:54,660 [8757bef3-5796-4279-bd7f-82165642237f-groupManagement] INFO  server.RaftServerConfigKeys (ConfUtils.java:logGet(46)) - raft.server.log.segment.size.max = 1048576 (custom)
2023-06-07 07:10:54,661 [8757bef3-5796-4279-bd7f-82165642237f-groupManagement] INFO  server.RaftServerConfigKeys (ConfUtils.java:logGet(46)) - raft.server.log.segment.cache.num.max = 2 (custom)
2023-06-07 07:10:54,661 [8757bef3-5796-4279-bd7f-82165642237f-groupManagement] INFO  server.RaftServerConfigKeys (ConfUtils.java:logGet(46)) - raft.server.log.segment.cache.size.max = 200MB (=209715200) (default)
2023-06-07 07:10:54,661 [8757bef3-5796-4279-bd7f-82165642237f-groupManagement] INFO  server.RaftServerConfigKeys (ConfUtils.java:logGet(46)) - raft.server.log.appender.buffer.byte-limit = 33554432 (custom)
2023-06-07 07:10:54,661 [8757bef3-5796-4279-bd7f-82165642237f-groupManagement] INFO  segmented.SegmentedRaftLogWorker (SegmentedRaftLogWorker.java:<init>(188)) - new 8757bef3-5796-4279-bd7f-82165642237f@group-D03428C1B187-SegmentedRaftLogWorker for RaftStorageImpl:Storage Directory /home/runner/work/ozone/ozone/hadoop-ozone/integration-test/target/test-dir/MiniOzoneClusterImpl-28223e3b-fb3b-4559-a623-43dba3cd33a0/datanode-6/data/ratis/c319041b-25dc-4b19-96cc-d03428c1b187
2023-06-07 07:10:54,661 [8757bef3-5796-4279-bd7f-82165642237f-groupManagement] INFO  server.RaftServerConfigKeys (ConfUtils.java:logGet(46)) - raft.server.log.queue.byte-limit = 4294967296 (custom)
2023-06-07 07:10:54,662 [8757bef3-5796-4279-bd7f-82165642237f-groupManagement] INFO  server.RaftServerConfigKeys (ConfUtils.java:logGet(46)) - raft.server.log.queue.element-limit = 1024 (custom)
2023-06-07 07:10:54,662 [8757bef3-5796-4279-bd7f-82165642237f-groupManagement] INFO  server.RaftServerConfigKeys (ConfUtils.java:logGet(46)) - raft.server.log.segment.size.max = 1048576 (custom)
2023-06-07 07:10:54,662 [8757bef3-5796-4279-bd7f-82165642237f-groupManagement] INFO  server.RaftServerConfigKeys (ConfUtils.java:logGet(46)) - raft.server.log.preallocated.size = 16384 (custom)
2023-06-07 07:10:54,662 [8757bef3-5796-4279-bd7f-82165642237f-groupManagement] INFO  server.RaftServerConfigKeys (ConfUtils.java:logGet(46)) - raft.server.log.force.sync.num = 128 (default)
2023-06-07 07:10:54,662 [8757bef3-5796-4279-bd7f-82165642237f-groupManagement] INFO  server.RaftServerConfigKeys (ConfUtils.java:logGet(46)) - raft.server.log.statemachine.data.sync = true (default)
2023-06-07 07:10:54,662 [8757bef3-5796-4279-bd7f-82165642237f-groupManagement] INFO  server.RaftServerConfigKeys (ConfUtils.java:logGet(46)) - raft.server.log.statemachine.data.sync.timeout = 10s (default)
2023-06-07 07:10:54,663 [8757bef3-5796-4279-bd7f-82165642237f-groupManagement] INFO  server.RaftServerConfigKeys (ConfUtils.java:logGet(46)) - raft.server.log.statemachine.data.sync.timeout.retry = -1 (default)
2023-06-07 07:10:54,665 [EventQueue-OpenPipelineForHealthyPipelineSafeModeRule] INFO  safemode.SCMSafeModeManager (HealthyPipelineSafeModeRule.java:process(137)) - SCM in safe mode. Healthy pipelines reported count is 0, required healthy pipeline reported count is 1
2023-06-07 07:10:54,665 [8757bef3-5796-4279-bd7f-82165642237f-groupManagement] INFO  server.RaftServerConfigKeys (ConfUtils.java:logGet(46)) - raft.server.log.write.buffer.size = 1048576 (custom)
2023-06-07 07:10:54,666 [8757bef3-5796-4279-bd7f-82165642237f-groupManagement] INFO  server.RaftServerConfigKeys (ConfUtils.java:logGet(46)) - raft.server.log.appender.buffer.byte-limit = 33554432 (custom)
2023-06-07 07:10:54,672 [8757bef3-5796-4279-bd7f-82165642237f-groupManagement] INFO  server.RaftServerConfigKeys (ConfUtils.java:logGet(46)) - raft.server.log.unsafe-flush.enabled = false (default)
2023-06-07 07:10:54,672 [8757bef3-5796-4279-bd7f-82165642237f-groupManagement] INFO  server.RaftServerConfigKeys (ConfUtils.java:logGet(46)) - raft.server.log.async-flush.enabled = false (default)
2023-06-07 07:10:54,672 [8757bef3-5796-4279-bd7f-82165642237f-groupManagement] INFO  server.RaftServerConfigKeys (ConfUtils.java:logGet(46)) - raft.server.log.statemachine.data.caching.enabled = true (custom)
2023-06-07 07:10:54,672 [8757bef3-5796-4279-bd7f-82165642237f-groupManagement] INFO  segmented.SegmentedRaftLogWorker (SegmentedRaftLogWorker.java:lambda$new$0(135)) - 8757bef3-5796-4279-bd7f-82165642237f@group-D03428C1B187-SegmentedRaftLogWorker: flushIndex: setUnconditionally 0 -> -1
2023-06-07 07:10:54,672 [8757bef3-5796-4279-bd7f-82165642237f-groupManagement] INFO  segmented.SegmentedRaftLogWorker (SegmentedRaftLogWorker.java:lambda$new$0(135)) - 8757bef3-5796-4279-bd7f-82165642237f@group-D03428C1B187-SegmentedRaftLogWorker: safeCacheEvictIndex: setUnconditionally 0 -> -1
2023-06-07 07:10:54,673 [8757bef3-5796-4279-bd7f-82165642237f-groupManagement] INFO  server.RaftServer$Division (RaftServerImpl.java:start(342)) - 8757bef3-5796-4279-bd7f-82165642237f@group-D03428C1B187: start as a follower, conf=-1: peers:[1c3f76c4-a361-44c3-a437-710dc7a71a87|rpc:10.1.0.31:15077|admin:10.1.0.31:15076|client:10.1.0.31:15075|dataStream:10.1.0.31:15078|priority:1|startupRole:FOLLOWER, 8757bef3-5796-4279-bd7f-82165642237f|rpc:10.1.0.31:15068|admin:10.1.0.31:15067|client:10.1.0.31:15066|dataStream:10.1.0.31:15069|priority:0|startupRole:FOLLOWER, 20fd9795-0abc-4083-965d-6ba83b10546c|rpc:10.1.0.31:15086|admin:10.1.0.31:15085|client:10.1.0.31:15084|dataStream:10.1.0.31:15087|priority:0|startupRole:FOLLOWER]|listeners:[], old=null
2023-06-07 07:10:54,673 [8757bef3-5796-4279-bd7f-82165642237f-groupManagement] INFO  server.RaftServer$Division (RaftServerImpl.java:setRole(329)) - 8757bef3-5796-4279-bd7f-82165642237f@group-D03428C1B187: changes role from      null to FOLLOWER at term 0 for startAsFollower
2023-06-07 07:10:54,673 [8757bef3-5796-4279-bd7f-82165642237f-groupManagement] INFO  impl.RoleInfo (RoleInfo.java:updateAndGet(139)) - 8757bef3-5796-4279-bd7f-82165642237f: start 8757bef3-5796-4279-bd7f-82165642237f@group-D03428C1B187-FollowerState
2023-06-07 07:10:54,673 [8757bef3-5796-4279-bd7f-82165642237f-groupManagement] INFO  util.JmxRegister (JmxRegister.java:tryRegister(44)) - Successfully registered JMX Bean with object name Ratis:service=RaftServer,group=group-D03428C1B187,id=8757bef3-5796-4279-bd7f-82165642237f
2023-06-07 07:10:54,673 [8757bef3-5796-4279-bd7f-82165642237f-groupManagement] INFO  server.RaftServerConfigKeys (ConfUtils.java:logGet(46)) - raft.server.snapshot.auto.trigger.enabled = true (custom)
2023-06-07 07:10:54,673 [8757bef3-5796-4279-bd7f-82165642237f-groupManagement] INFO  server.RaftServerConfigKeys (ConfUtils.java:logGet(46)) - raft.server.snapshot.auto.trigger.threshold = 10000 (custom)
2023-06-07 07:10:54,674 [8757bef3-5796-4279-bd7f-82165642237f-groupManagement] INFO  server.RaftServerConfigKeys (ConfUtils.java:logGet(46)) - raft.server.snapshot.retention.file.num = 5 (custom)
2023-06-07 07:10:54,674 [8757bef3-5796-4279-bd7f-82165642237f-groupManagement] INFO  server.RaftServerConfigKeys (ConfUtils.java:logGet(46)) - raft.server.log.purge.upto.snapshot.index = false (default)
2023-06-07 07:10:54,674 [8757bef3-5796-4279-bd7f-82165642237f@group-D03428C1B187-FollowerState] INFO  server.RaftServerConfigKeys (ConfUtils.java:logFallback(53)) - raft.server.rpc.first-election.timeout.min = 5s (fallback to raft.server.rpc.timeout.min)
2023-06-07 07:10:54,675 [8757bef3-5796-4279-bd7f-82165642237f@group-D03428C1B187-FollowerState] INFO  server.RaftServerConfigKeys (ConfUtils.java:logFallback(53)) - raft.server.rpc.first-election.timeout.max = 5200ms (fallback to raft.server.rpc.timeout.max)
2023-06-07 07:10:54,675 [PipelineCommandHandlerThread-0] INFO  ratis.XceiverServerRatis (XceiverServerRatis.java:addGroup(804)) - Created group PipelineID=c319041b-25dc-4b19-96cc-d03428c1b187
2023-06-07 07:10:54,697 [grpc-default-executor-1] INFO  server.RaftServer (RaftServerProxy.java:addNew(98)) - 1c3f76c4-a361-44c3-a437-710dc7a71a87: addNew group-D03428C1B187:[1c3f76c4-a361-44c3-a437-710dc7a71a87|rpc:10.1.0.31:15077|admin:10.1.0.31:15076|client:10.1.0.31:15075|dataStream:10.1.0.31:15078|priority:1|startupRole:FOLLOWER, 8757bef3-5796-4279-bd7f-82165642237f|rpc:10.1.0.31:15068|admin:10.1.0.31:15067|client:10.1.0.31:15066|dataStream:10.1.0.31:15069|priority:0|startupRole:FOLLOWER, 20fd9795-0abc-4083-965d-6ba83b10546c|rpc:10.1.0.31:15086|admin:10.1.0.31:15085|client:10.1.0.31:15084|dataStream:10.1.0.31:15087|priority:0|startupRole:FOLLOWER] returns group-D03428C1B187:java.util.concurrent.CompletableFuture@4824bf40[Not completed]
2023-06-07 07:10:54,699 [1c3f76c4-a361-44c3-a437-710dc7a71a87-groupManagement] INFO  server.RaftServer$Division (RaftServerImpl.java:<init>(198)) - 1c3f76c4-a361-44c3-a437-710dc7a71a87: new RaftServerImpl for group-D03428C1B187:[1c3f76c4-a361-44c3-a437-710dc7a71a87|rpc:10.1.0.31:15077|admin:10.1.0.31:15076|client:10.1.0.31:15075|dataStream:10.1.0.31:15078|priority:1|startupRole:FOLLOWER, 8757bef3-5796-4279-bd7f-82165642237f|rpc:10.1.0.31:15068|admin:10.1.0.31:15067|client:10.1.0.31:15066|dataStream:10.1.0.31:15069|priority:0|startupRole:FOLLOWER, 20fd9795-0abc-4083-965d-6ba83b10546c|rpc:10.1.0.31:15086|admin:10.1.0.31:15085|client:10.1.0.31:15084|dataStream:10.1.0.31:15087|priority:0|startupRole:FOLLOWER] with ContainerStateMachine:uninitialized
2023-06-07 07:10:54,699 [1c3f76c4-a361-44c3-a437-710dc7a71a87-groupManagement] INFO  server.RaftServerConfigKeys (ConfUtils.java:logGet(46)) - raft.server.rpc.timeout.min = 5s (custom)
2023-06-07 07:10:54,699 [1c3f76c4-a361-44c3-a437-710dc7a71a87-groupManagement] INFO  server.RaftServerConfigKeys (ConfUtils.java:logGet(46)) - raft.server.rpc.timeout.max = 5200ms (custom)
2023-06-07 07:10:54,699 [1c3f76c4-a361-44c3-a437-710dc7a71a87-groupManagement] INFO  server.RaftServerConfigKeys (ConfUtils.java:logGet(46)) - raft.server.rpc.sleep.time = 25ms (default)
2023-06-07 07:10:54,699 [1c3f76c4-a361-44c3-a437-710dc7a71a87-groupManagement] INFO  server.RaftServerConfigKeys (ConfUtils.java:logGet(46)) - raft.server.rpc.slowness.timeout = 300s (custom)
2023-06-07 07:10:54,699 [1c3f76c4-a361-44c3-a437-710dc7a71a87-groupManagement] INFO  server.RaftServerConfigKeys (ConfUtils.java:logGet(46)) - raft.server.leaderelection.leader.step-down.wait-time = 10s (default)
2023-06-07 07:10:54,699 [1c3f76c4-a361-44c3-a437-710dc7a71a87-groupManagement] INFO  server.RaftServerConfigKeys (ConfUtils.java:logGet(46)) - raft.server.sleep.deviation.threshold = 300ms (default)
2023-06-07 07:10:54,699 [1c3f76c4-a361-44c3-a437-710dc7a71a87-groupManagement] INFO  server.RaftServer$Division (ServerState.java:<init>(120)) - 1c3f76c4-a361-44c3-a437-710dc7a71a87@group-D03428C1B187: ConfigurationManager, init=-1: peers:[1c3f76c4-a361-44c3-a437-710dc7a71a87|rpc:10.1.0.31:15077|admin:10.1.0.31:15076|client:10.1.0.31:15075|dataStream:10.1.0.31:15078|priority:1|startupRole:FOLLOWER, 8757bef3-5796-4279-bd7f-82165642237f|rpc:10.1.0.31:15068|admin:10.1.0.31:15067|client:10.1.0.31:15066|dataStream:10.1.0.31:15069|priority:0|startupRole:FOLLOWER, 20fd9795-0abc-4083-965d-6ba83b10546c|rpc:10.1.0.31:15086|admin:10.1.0.31:15085|client:10.1.0.31:15084|dataStream:10.1.0.31:15087|priority:0|startupRole:FOLLOWER]|listeners:[], old=null, confs=<EMPTY_MAP>
2023-06-07 07:10:54,699 [1c3f76c4-a361-44c3-a437-710dc7a71a87-groupManagement] INFO  server.RaftServerConfigKeys (ConfUtils.java:logGet(46)) - raft.server.storage.dir = [/home/runner/work/ozone/ozone/hadoop-ozone/integration-test/target/test-dir/MiniOzoneClusterImpl-28223e3b-fb3b-4559-a623-43dba3cd33a0/datanode-7/data/ratis] (custom)
2023-06-07 07:10:54,700 [1c3f76c4-a361-44c3-a437-710dc7a71a87-groupManagement] INFO  server.RaftServerConfigKeys (ConfUtils.java:logGet(46)) - raft.server.log.corruption.policy = EXCEPTION (default)
2023-06-07 07:10:54,700 [1c3f76c4-a361-44c3-a437-710dc7a71a87-groupManagement] INFO  server.RaftServerConfigKeys (ConfUtils.java:logGet(46)) - raft.server.storage.free-space.min = 0MB (=0) (default)
2023-06-07 07:10:54,700 [1c3f76c4-a361-44c3-a437-710dc7a71a87-groupManagement] INFO  server.RaftServerConfigKeys (ConfUtils.java:logGet(46)) - raft.server.notification.no-leader.timeout = 300s (custom)
2023-06-07 07:10:54,700 [1c3f76c4-a361-44c3-a437-710dc7a71a87-groupManagement] INFO  server.RaftServerConfigKeys (ConfUtils.java:logGet(46)) - raft.server.read.timeout = 10s (default)
2023-06-07 07:10:54,700 [1c3f76c4-a361-44c3-a437-710dc7a71a87-groupManagement] INFO  server.RaftServerConfigKeys (ConfUtils.java:logGet(46)) - raft.server.retrycache.expirytime = 600000ms (custom)
2023-06-07 07:10:54,700 [1c3f76c4-a361-44c3-a437-710dc7a71a87-groupManagement] INFO  server.RaftServerConfigKeys (ConfUtils.java:logGet(46)) - raft.server.retrycache.statistics.expirytime = 100μs (default)
2023-06-07 07:10:54,700 [1c3f76c4-a361-44c3-a437-710dc7a71a87-groupManagement] INFO  server.RaftServerConfigKeys (ConfUtils.java:logGet(46)) - raft.server.read.option = DEFAULT (default)
2023-06-07 07:10:54,701 [1c3f76c4-a361-44c3-a437-710dc7a71a87-groupManagement] INFO  server.RaftServerConfigKeys (ConfUtils.java:logGet(46)) - raft.server.rpc.request.timeout = 60s (custom)
2023-06-07 07:10:54,702 [1c3f76c4-a361-44c3-a437-710dc7a71a87-groupManagement] INFO  server.RaftServerConfigKeys (ConfUtils.java:logGet(46)) - raft.server.log.appender.install.snapshot.enabled = false (custom)
2023-06-07 07:10:54,702 [1c3f76c4-a361-44c3-a437-710dc7a71a87-groupManagement] INFO  server.RaftServerConfigKeys (ConfUtils.java:logGet(46)) - raft.server.threadpool.server.cached = true (default)
2023-06-07 07:10:54,702 [1c3f76c4-a361-44c3-a437-710dc7a71a87-groupManagement] INFO  server.RaftServerConfigKeys (ConfUtils.java:logGet(46)) - raft.server.threadpool.server.size = 0 (default)
2023-06-07 07:10:54,702 [1c3f76c4-a361-44c3-a437-710dc7a71a87-groupManagement] INFO  server.RaftServerConfigKeys (ConfUtils.java:logGet(46)) - raft.server.threadpool.client.cached = true (default)
2023-06-07 07:10:54,702 [1c3f76c4-a361-44c3-a437-710dc7a71a87-groupManagement] INFO  server.RaftServerConfigKeys (ConfUtils.java:logGet(46)) - raft.server.threadpool.client.size = 0 (default)
2023-06-07 07:10:54,702 [1c3f76c4-a361-44c3-a437-710dc7a71a87-groupManagement] INFO  storage.RaftStorageDirectory (RaftStorageDirectoryImpl.java:analyzeStorage(137)) - The storage directory /home/runner/work/ozone/ozone/hadoop-ozone/integration-test/target/test-dir/MiniOzoneClusterImpl-28223e3b-fb3b-4559-a623-43dba3cd33a0/datanode-7/data/ratis/c319041b-25dc-4b19-96cc-d03428c1b187 does not exist. Creating ...
2023-06-07 07:10:54,703 [1c3f76c4-a361-44c3-a437-710dc7a71a87-groupManagement] INFO  storage.RaftStorageDirectory (RaftStorageDirectoryImpl.java:tryLock(231)) - Lock on /home/runner/work/ozone/ozone/hadoop-ozone/integration-test/target/test-dir/MiniOzoneClusterImpl-28223e3b-fb3b-4559-a623-43dba3cd33a0/datanode-7/data/ratis/c319041b-25dc-4b19-96cc-d03428c1b187/in_use.lock acquired by nodename 65108@fv-az246-755
2023-06-07 07:10:54,705 [1c3f76c4-a361-44c3-a437-710dc7a71a87-groupManagement] INFO  storage.RaftStorage (RaftStorageImpl.java:format(96)) - Storage directory /home/runner/work/ozone/ozone/hadoop-ozone/integration-test/target/test-dir/MiniOzoneClusterImpl-28223e3b-fb3b-4559-a623-43dba3cd33a0/datanode-7/data/ratis/c319041b-25dc-4b19-96cc-d03428c1b187 has been successfully formatted.
2023-06-07 07:10:54,708 [1c3f76c4-a361-44c3-a437-710dc7a71a87-groupManagement] INFO  ratis.ContainerStateMachine (ContainerStateMachine.java:loadSnapshot(262)) - group-D03428C1B187: The snapshot info is null. Setting the last applied indexto:(t:0, i:~)
2023-06-07 07:10:54,708 [1c3f76c4-a361-44c3-a437-710dc7a71a87-groupManagement] INFO  server.RaftServerConfigKeys (ConfUtils.java:logGet(46)) - raft.server.log.use.memory = false (default)
2023-06-07 07:10:54,709 [1c3f76c4-a361-44c3-a437-710dc7a71a87-groupManagement] INFO  server.RaftServerConfigKeys (ConfUtils.java:logGet(46)) - raft.server.log.purge.gap = 1000000 (custom)
2023-06-07 07:10:54,710 [1c3f76c4-a361-44c3-a437-710dc7a71a87-groupManagement] INFO  server.RaftServerConfigKeys (ConfUtils.java:logGet(46)) - raft.server.log.appender.buffer.byte-limit = 33554432 (custom)
2023-06-07 07:10:54,710 [1c3f76c4-a361-44c3-a437-710dc7a71a87-groupManagement] INFO  server.RaftServerConfigKeys (ConfUtils.java:logGet(46)) - raft.server.log.statemachine.data.read.timeout = 1000ms (default)
2023-06-07 07:10:54,710 [1c3f76c4-a361-44c3-a437-710dc7a71a87-groupManagement] INFO  server.RaftServerConfigKeys (ConfUtils.java:logGet(46)) - raft.server.log.purge.preservation.log.num = 0 (default)
2023-06-07 07:10:54,710 [1c3f76c4-a361-44c3-a437-710dc7a71a87-groupManagement] INFO  server.RaftServerConfigKeys (ConfUtils.java:logGet(46)) - raft.server.log.segment.size.max = 1048576 (custom)
2023-06-07 07:10:54,710 [1c3f76c4-a361-44c3-a437-710dc7a71a87-groupManagement] INFO  server.RaftServerConfigKeys (ConfUtils.java:logGet(46)) - raft.server.log.segment.cache.num.max = 2 (custom)
2023-06-07 07:10:54,711 [1c3f76c4-a361-44c3-a437-710dc7a71a87-groupManagement] INFO  server.RaftServerConfigKeys (ConfUtils.java:logGet(46)) - raft.server.log.segment.cache.size.max = 200MB (=209715200) (default)
2023-06-07 07:10:54,711 [1c3f76c4-a361-44c3-a437-710dc7a71a87-groupManagement] INFO  server.RaftServerConfigKeys (ConfUtils.java:logGet(46)) - raft.server.log.appender.buffer.byte-limit = 33554432 (custom)
2023-06-07 07:10:54,711 [1c3f76c4-a361-44c3-a437-710dc7a71a87-groupManagement] INFO  segmented.SegmentedRaftLogWorker (SegmentedRaftLogWorker.java:<init>(188)) - new 1c3f76c4-a361-44c3-a437-710dc7a71a87@group-D03428C1B187-SegmentedRaftLogWorker for RaftStorageImpl:Storage Directory /home/runner/work/ozone/ozone/hadoop-ozone/integration-test/target/test-dir/MiniOzoneClusterImpl-28223e3b-fb3b-4559-a623-43dba3cd33a0/datanode-7/data/ratis/c319041b-25dc-4b19-96cc-d03428c1b187
2023-06-07 07:10:54,711 [1c3f76c4-a361-44c3-a437-710dc7a71a87-groupManagement] INFO  server.RaftServerConfigKeys (ConfUtils.java:logGet(46)) - raft.server.log.queue.byte-limit = 4294967296 (custom)
2023-06-07 07:10:54,711 [1c3f76c4-a361-44c3-a437-710dc7a71a87-groupManagement] INFO  server.RaftServerConfigKeys (ConfUtils.java:logGet(46)) - raft.server.log.queue.element-limit = 1024 (custom)
2023-06-07 07:10:54,711 [1c3f76c4-a361-44c3-a437-710dc7a71a87-groupManagement] INFO  server.RaftServerConfigKeys (ConfUtils.java:logGet(46)) - raft.server.log.segment.size.max = 1048576 (custom)
2023-06-07 07:10:54,711 [1c3f76c4-a361-44c3-a437-710dc7a71a87-groupManagement] INFO  server.RaftServerConfigKeys (ConfUtils.java:logGet(46)) - raft.server.log.preallocated.size = 16384 (custom)
2023-06-07 07:10:54,711 [1c3f76c4-a361-44c3-a437-710dc7a71a87-groupManagement] INFO  server.RaftServerConfigKeys (ConfUtils.java:logGet(46)) - raft.server.log.force.sync.num = 128 (default)
2023-06-07 07:10:54,711 [1c3f76c4-a361-44c3-a437-710dc7a71a87-groupManagement] INFO  server.RaftServerConfigKeys (ConfUtils.java:logGet(46)) - raft.server.log.statemachine.data.sync = true (default)
2023-06-07 07:10:54,711 [1c3f76c4-a361-44c3-a437-710dc7a71a87-groupManagement] INFO  server.RaftServerConfigKeys (ConfUtils.java:logGet(46)) - raft.server.log.statemachine.data.sync.timeout = 10s (default)
2023-06-07 07:10:54,711 [1c3f76c4-a361-44c3-a437-710dc7a71a87-groupManagement] INFO  server.RaftServerConfigKeys (ConfUtils.java:logGet(46)) - raft.server.log.statemachine.data.sync.timeout.retry = -1 (default)
2023-06-07 07:10:54,712 [1c3f76c4-a361-44c3-a437-710dc7a71a87-groupManagement] INFO  server.RaftServerConfigKeys (ConfUtils.java:logGet(46)) - raft.server.log.write.buffer.size = 1048576 (custom)
2023-06-07 07:10:54,713 [1c3f76c4-a361-44c3-a437-710dc7a71a87-groupManagement] INFO  server.RaftServerConfigKeys (ConfUtils.java:logGet(46)) - raft.server.log.appender.buffer.byte-limit = 33554432 (custom)
2023-06-07 07:10:54,718 [1c3f76c4-a361-44c3-a437-710dc7a71a87-groupManagement] INFO  server.RaftServerConfigKeys (ConfUtils.java:logGet(46)) - raft.server.log.unsafe-flush.enabled = false (default)
2023-06-07 07:10:54,719 [1c3f76c4-a361-44c3-a437-710dc7a71a87-groupManagement] INFO  server.RaftServerConfigKeys (ConfUtils.java:logGet(46)) - raft.server.log.async-flush.enabled = false (default)
2023-06-07 07:10:54,719 [1c3f76c4-a361-44c3-a437-710dc7a71a87-groupManagement] INFO  server.RaftServerConfigKeys (ConfUtils.java:logGet(46)) - raft.server.log.statemachine.data.caching.enabled = true (custom)
2023-06-07 07:10:54,719 [1c3f76c4-a361-44c3-a437-710dc7a71a87-groupManagement] INFO  segmented.SegmentedRaftLogWorker (SegmentedRaftLogWorker.java:lambda$new$0(135)) - 1c3f76c4-a361-44c3-a437-710dc7a71a87@group-D03428C1B187-SegmentedRaftLogWorker: flushIndex: setUnconditionally 0 -> -1
2023-06-07 07:10:54,719 [1c3f76c4-a361-44c3-a437-710dc7a71a87-groupManagement] INFO  segmented.SegmentedRaftLogWorker (SegmentedRaftLogWorker.java:lambda$new$0(135)) - 1c3f76c4-a361-44c3-a437-710dc7a71a87@group-D03428C1B187-SegmentedRaftLogWorker: safeCacheEvictIndex: setUnconditionally 0 -> -1
2023-06-07 07:10:54,719 [1c3f76c4-a361-44c3-a437-710dc7a71a87-groupManagement] INFO  server.RaftServer$Division (RaftServerImpl.java:start(342)) - 1c3f76c4-a361-44c3-a437-710dc7a71a87@group-D03428C1B187: start as a follower, conf=-1: peers:[1c3f76c4-a361-44c3-a437-710dc7a71a87|rpc:10.1.0.31:15077|admin:10.1.0.31:15076|client:10.1.0.31:15075|dataStream:10.1.0.31:15078|priority:1|startupRole:FOLLOWER, 8757bef3-5796-4279-bd7f-82165642237f|rpc:10.1.0.31:15068|admin:10.1.0.31:15067|client:10.1.0.31:15066|dataStream:10.1.0.31:15069|priority:0|startupRole:FOLLOWER, 20fd9795-0abc-4083-965d-6ba83b10546c|rpc:10.1.0.31:15086|admin:10.1.0.31:15085|client:10.1.0.31:15084|dataStream:10.1.0.31:15087|priority:0|startupRole:FOLLOWER]|listeners:[], old=null
2023-06-07 07:10:54,720 [1c3f76c4-a361-44c3-a437-710dc7a71a87-groupManagement] INFO  server.RaftServer$Division (RaftServerImpl.java:setRole(329)) - 1c3f76c4-a361-44c3-a437-710dc7a71a87@group-D03428C1B187: changes role from      null to FOLLOWER at term 0 for startAsFollower
2023-06-07 07:10:54,720 [1c3f76c4-a361-44c3-a437-710dc7a71a87-groupManagement] INFO  impl.RoleInfo (RoleInfo.java:updateAndGet(139)) - 1c3f76c4-a361-44c3-a437-710dc7a71a87: start 1c3f76c4-a361-44c3-a437-710dc7a71a87@group-D03428C1B187-FollowerState
2023-06-07 07:10:54,720 [1c3f76c4-a361-44c3-a437-710dc7a71a87-groupManagement] INFO  util.JmxRegister (JmxRegister.java:tryRegister(44)) - Successfully registered JMX Bean with object name Ratis:service=RaftServer,group=group-D03428C1B187,id=1c3f76c4-a361-44c3-a437-710dc7a71a87
2023-06-07 07:10:54,720 [1c3f76c4-a361-44c3-a437-710dc7a71a87-groupManagement] INFO  server.RaftServerConfigKeys (ConfUtils.java:logGet(46)) - raft.server.snapshot.auto.trigger.enabled = true (custom)
2023-06-07 07:10:54,720 [1c3f76c4-a361-44c3-a437-710dc7a71a87-groupManagement] INFO  server.RaftServerConfigKeys (ConfUtils.java:logGet(46)) - raft.server.snapshot.auto.trigger.threshold = 10000 (custom)
2023-06-07 07:10:54,720 [1c3f76c4-a361-44c3-a437-710dc7a71a87-groupManagement] INFO  server.RaftServerConfigKeys (ConfUtils.java:logGet(46)) - raft.server.snapshot.retention.file.num = 5 (custom)
2023-06-07 07:10:54,720 [1c3f76c4-a361-44c3-a437-710dc7a71a87-groupManagement] INFO  server.RaftServerConfigKeys (ConfUtils.java:logGet(46)) - raft.server.log.purge.upto.snapshot.index = false (default)
2023-06-07 07:10:54,721 [1c3f76c4-a361-44c3-a437-710dc7a71a87@group-D03428C1B187-FollowerState] INFO  server.RaftServerConfigKeys (ConfUtils.java:logFallback(53)) - raft.server.rpc.first-election.timeout.min = 5s (fallback to raft.server.rpc.timeout.min)
2023-06-07 07:10:54,721 [1c3f76c4-a361-44c3-a437-710dc7a71a87@group-D03428C1B187-FollowerState] INFO  server.RaftServerConfigKeys (ConfUtils.java:logFallback(53)) - raft.server.rpc.first-election.timeout.max = 5200ms (fallback to raft.server.rpc.timeout.max)
2023-06-07 07:10:54,745 [IPC Server handler 11 on default port 15002] INFO  net.NetworkTopologyImpl (NetworkTopologyImpl.java:add(112)) - Added a new node: /default-rack/2a2b2d62-8637-433f-be3f-60f9dc9f206f
2023-06-07 07:10:54,745 [IPC Server handler 11 on default port 15002] INFO  node.SCMNodeManager (SCMNodeManager.java:register(407)) - Registered Data node : 2a2b2d62-8637-433f-be3f-60f9dc9f206f{ip: 10.1.0.31, host: fv-az246-755.dmzl2ssfaldu3choa5k4qgfeyh.jx.internal.cloudapp.net, ports: [HTTP=15126, CLIENT_RPC=15127, REPLICATION=15133, RATIS=15129, RATIS_ADMIN=15130, RATIS_SERVER=15131, RATIS_DATASTREAM=15132, STANDALONE=15128], networkLocation: /default-rack, certSerialId: null, persistedOpState: null, persistedOpStateExpiryEpochSec: 0}
2023-06-07 07:10:54,745 [main] INFO  ozone.MiniOzoneClusterImpl (MiniOzoneClusterImpl.java:lambda$waitForClusterToBeReady$0(222)) - Nodes are ready. Got 14 of 14 DN Heartbeats.
2023-06-07 07:10:54,746 [main] INFO  ozone.MiniOzoneClusterImpl (MiniOzoneClusterImpl.java:lambda$waitForClusterToBeReady$0(225)) - Waiting for cluster to exit safe mode
2023-06-07 07:10:54,745 [EventQueue-NewNodeForNewNodeHandler] INFO  pipeline.BackgroundPipelineCreator (BackgroundPipelineCreator.java:notifyEventTriggered(276)) - trigger a one-shot run on RatisPipelineUtilsThread.
2023-06-07 07:10:54,746 [main] INFO  ozone.MiniOzoneClusterImpl (MiniOzoneClusterImpl.java:lambda$waitForClusterToBeReady$0(227)) - SCM became leader
2023-06-07 07:10:54,747 [RatisPipelineUtilsThread - 0] INFO  pipeline.RatisPipelineProvider (RatisPipelineProvider.java:lambda$create$0(206)) - Sending CreatePipelineCommand for pipeline:PipelineID=7e161cbf-6de1-446b-bae3-0d523fa6b420 to datanode:2a2b2d62-8637-433f-be3f-60f9dc9f206f
2023-06-07 07:10:54,748 [RatisPipelineUtilsThread - 0] INFO  pipeline.PipelineStateManagerImpl (PipelineStateManagerImpl.java:addPipeline(103)) - Created pipeline Pipeline[ Id: 7e161cbf-6de1-446b-bae3-0d523fa6b420, Nodes: 2a2b2d62-8637-433f-be3f-60f9dc9f206f(fv-az246-755.dmzl2ssfaldu3choa5k4qgfeyh.jx.internal.cloudapp.net/10.1.0.31), ReplicationConfig: RATIS/ONE, State:ALLOCATED, leaderId:, CreationTimestamp2023-06-07T07:10:54.747Z[Etc/UTC]].
2023-06-07 07:10:54,750 [RatisPipelineUtilsThread - 0] WARN  pipeline.PipelinePlacementPolicy (PipelinePlacementPolicy.java:filterViableNodes(166)) - Pipeline creation failed due to no sufficient healthy datanodes. Required 3. Found 2. Excluded 12.
2023-06-07 07:10:54,752 [grpc-default-executor-1] INFO  server.RaftServer (RaftServerProxy.java:addNew(98)) - 20fd9795-0abc-4083-965d-6ba83b10546c: addNew group-D03428C1B187:[1c3f76c4-a361-44c3-a437-710dc7a71a87|rpc:10.1.0.31:15077|admin:10.1.0.31:15076|client:10.1.0.31:15075|dataStream:10.1.0.31:15078|priority:1|startupRole:FOLLOWER, 8757bef3-5796-4279-bd7f-82165642237f|rpc:10.1.0.31:15068|admin:10.1.0.31:15067|client:10.1.0.31:15066|dataStream:10.1.0.31:15069|priority:0|startupRole:FOLLOWER, 20fd9795-0abc-4083-965d-6ba83b10546c|rpc:10.1.0.31:15086|admin:10.1.0.31:15085|client:10.1.0.31:15084|dataStream:10.1.0.31:15087|priority:0|startupRole:FOLLOWER] returns group-D03428C1B187:java.util.concurrent.CompletableFuture@1be2a329[Not completed]
2023-06-07 07:10:54,754 [20fd9795-0abc-4083-965d-6ba83b10546c-groupManagement] INFO  server.RaftServer$Division (RaftServerImpl.java:<init>(198)) - 20fd9795-0abc-4083-965d-6ba83b10546c: new RaftServerImpl for group-D03428C1B187:[1c3f76c4-a361-44c3-a437-710dc7a71a87|rpc:10.1.0.31:15077|admin:10.1.0.31:15076|client:10.1.0.31:15075|dataStream:10.1.0.31:15078|priority:1|startupRole:FOLLOWER, 8757bef3-5796-4279-bd7f-82165642237f|rpc:10.1.0.31:15068|admin:10.1.0.31:15067|client:10.1.0.31:15066|dataStream:10.1.0.31:15069|priority:0|startupRole:FOLLOWER, 20fd9795-0abc-4083-965d-6ba83b10546c|rpc:10.1.0.31:15086|admin:10.1.0.31:15085|client:10.1.0.31:15084|dataStream:10.1.0.31:15087|priority:0|startupRole:FOLLOWER] with ContainerStateMachine:uninitialized
2023-06-07 07:10:54,755 [20fd9795-0abc-4083-965d-6ba83b10546c-groupManagement] INFO  server.RaftServerConfigKeys (ConfUtils.java:logGet(46)) - raft.server.rpc.timeout.min = 5s (custom)
2023-06-07 07:10:54,755 [20fd9795-0abc-4083-965d-6ba83b10546c-groupManagement] INFO  server.RaftServerConfigKeys (ConfUtils.java:logGet(46)) - raft.server.rpc.timeout.max = 5200ms (custom)
2023-06-07 07:10:54,755 [20fd9795-0abc-4083-965d-6ba83b10546c-groupManagement] INFO  server.RaftServerConfigKeys (ConfUtils.java:logGet(46)) - raft.server.rpc.sleep.time = 25ms (default)
2023-06-07 07:10:54,755 [20fd9795-0abc-4083-965d-6ba83b10546c-groupManagement] INFO  server.RaftServerConfigKeys (ConfUtils.java:logGet(46)) - raft.server.rpc.slowness.timeout = 300s (custom)
2023-06-07 07:10:54,755 [20fd9795-0abc-4083-965d-6ba83b10546c-groupManagement] INFO  server.RaftServerConfigKeys (ConfUtils.java:logGet(46)) - raft.server.leaderelection.leader.step-down.wait-time = 10s (default)
2023-06-07 07:10:54,755 [20fd9795-0abc-4083-965d-6ba83b10546c-groupManagement] INFO  server.RaftServerConfigKeys (ConfUtils.java:logGet(46)) - raft.server.sleep.deviation.threshold = 300ms (default)
2023-06-07 07:10:54,755 [20fd9795-0abc-4083-965d-6ba83b10546c-groupManagement] INFO  server.RaftServer$Division (ServerState.java:<init>(120)) - 20fd9795-0abc-4083-965d-6ba83b10546c@group-D03428C1B187: ConfigurationManager, init=-1: peers:[1c3f76c4-a361-44c3-a437-710dc7a71a87|rpc:10.1.0.31:15077|admin:10.1.0.31:15076|client:10.1.0.31:15075|dataStream:10.1.0.31:15078|priority:1|startupRole:FOLLOWER, 8757bef3-5796-4279-bd7f-82165642237f|rpc:10.1.0.31:15068|admin:10.1.0.31:15067|client:10.1.0.31:15066|dataStream:10.1.0.31:15069|priority:0|startupRole:FOLLOWER, 20fd9795-0abc-4083-965d-6ba83b10546c|rpc:10.1.0.31:15086|admin:10.1.0.31:15085|client:10.1.0.31:15084|dataStream:10.1.0.31:15087|priority:0|startupRole:FOLLOWER]|listeners:[], old=null, confs=<EMPTY_MAP>
2023-06-07 07:10:54,755 [20fd9795-0abc-4083-965d-6ba83b10546c-groupManagement] INFO  server.RaftServerConfigKeys (ConfUtils.java:logGet(46)) - raft.server.storage.dir = [/home/runner/work/ozone/ozone/hadoop-ozone/integration-test/target/test-dir/MiniOzoneClusterImpl-28223e3b-fb3b-4559-a623-43dba3cd33a0/datanode-8/data/ratis] (custom)
2023-06-07 07:10:54,755 [20fd9795-0abc-4083-965d-6ba83b10546c-groupManagement] INFO  server.RaftServerConfigKeys (ConfUtils.java:logGet(46)) - raft.server.log.corruption.policy = EXCEPTION (default)
2023-06-07 07:10:54,755 [20fd9795-0abc-4083-965d-6ba83b10546c-groupManagement] INFO  server.RaftServerConfigKeys (ConfUtils.java:logGet(46)) - raft.server.storage.free-space.min = 0MB (=0) (default)
2023-06-07 07:10:54,755 [20fd9795-0abc-4083-965d-6ba83b10546c-groupManagement] INFO  server.RaftServerConfigKeys (ConfUtils.java:logGet(46)) - raft.server.notification.no-leader.timeout = 300s (custom)
2023-06-07 07:10:54,756 [20fd9795-0abc-4083-965d-6ba83b10546c-groupManagement] INFO  server.RaftServerConfigKeys (ConfUtils.java:logGet(46)) - raft.server.read.timeout = 10s (default)
2023-06-07 07:10:54,756 [20fd9795-0abc-4083-965d-6ba83b10546c-groupManagement] INFO  server.RaftServerConfigKeys (ConfUtils.java:logGet(46)) - raft.server.retrycache.expirytime = 600000ms (custom)
2023-06-07 07:10:54,756 [20fd9795-0abc-4083-965d-6ba83b10546c-groupManagement] INFO  server.RaftServerConfigKeys (ConfUtils.java:logGet(46)) - raft.server.retrycache.statistics.expirytime = 100μs (default)
2023-06-07 07:10:54,756 [20fd9795-0abc-4083-965d-6ba83b10546c-groupManagement] INFO  server.RaftServerConfigKeys (ConfUtils.java:logGet(46)) - raft.server.read.option = DEFAULT (default)
2023-06-07 07:10:54,757 [20fd9795-0abc-4083-965d-6ba83b10546c-groupManagement] INFO  server.RaftServerConfigKeys (ConfUtils.java:logGet(46)) - raft.server.rpc.request.timeout = 60s (custom)
2023-06-07 07:10:54,757 [20fd9795-0abc-4083-965d-6ba83b10546c-groupManagement] INFO  server.RaftServerConfigKeys (ConfUtils.java:logGet(46)) - raft.server.log.appender.install.snapshot.enabled = false (custom)
2023-06-07 07:10:54,757 [20fd9795-0abc-4083-965d-6ba83b10546c-groupManagement] INFO  server.RaftServerConfigKeys (ConfUtils.java:logGet(46)) - raft.server.threadpool.server.cached = true (default)
2023-06-07 07:10:54,757 [20fd9795-0abc-4083-965d-6ba83b10546c-groupManagement] INFO  server.RaftServerConfigKeys (ConfUtils.java:logGet(46)) - raft.server.threadpool.server.size = 0 (default)
2023-06-07 07:10:54,758 [20fd9795-0abc-4083-965d-6ba83b10546c-groupManagement] INFO  server.RaftServerConfigKeys (ConfUtils.java:logGet(46)) - raft.server.threadpool.client.cached = true (default)
2023-06-07 07:10:54,758 [20fd9795-0abc-4083-965d-6ba83b10546c-groupManagement] INFO  server.RaftServerConfigKeys (ConfUtils.java:logGet(46)) - raft.server.threadpool.client.size = 0 (default)
2023-06-07 07:10:54,758 [20fd9795-0abc-4083-965d-6ba83b10546c-groupManagement] INFO  storage.RaftStorageDirectory (RaftStorageDirectoryImpl.java:analyzeStorage(137)) - The storage directory /home/runner/work/ozone/ozone/hadoop-ozone/integration-test/target/test-dir/MiniOzoneClusterImpl-28223e3b-fb3b-4559-a623-43dba3cd33a0/datanode-8/data/ratis/c319041b-25dc-4b19-96cc-d03428c1b187 does not exist. Creating ...
2023-06-07 07:10:54,760 [20fd9795-0abc-4083-965d-6ba83b10546c-groupManagement] INFO  storage.RaftStorageDirectory (RaftStorageDirectoryImpl.java:tryLock(231)) - Lock on /home/runner/work/ozone/ozone/hadoop-ozone/integration-test/target/test-dir/MiniOzoneClusterImpl-28223e3b-fb3b-4559-a623-43dba3cd33a0/datanode-8/data/ratis/c319041b-25dc-4b19-96cc-d03428c1b187/in_use.lock acquired by nodename 65108@fv-az246-755
2023-06-07 07:10:54,762 [20fd9795-0abc-4083-965d-6ba83b10546c-groupManagement] INFO  storage.RaftStorage (RaftStorageImpl.java:format(96)) - Storage directory /home/runner/work/ozone/ozone/hadoop-ozone/integration-test/target/test-dir/MiniOzoneClusterImpl-28223e3b-fb3b-4559-a623-43dba3cd33a0/datanode-8/data/ratis/c319041b-25dc-4b19-96cc-d03428c1b187 has been successfully formatted.
2023-06-07 07:10:54,766 [20fd9795-0abc-4083-965d-6ba83b10546c-groupManagement] INFO  ratis.ContainerStateMachine (ContainerStateMachine.java:loadSnapshot(262)) - group-D03428C1B187: The snapshot info is null. Setting the last applied indexto:(t:0, i:~)
2023-06-07 07:10:54,766 [20fd9795-0abc-4083-965d-6ba83b10546c-groupManagement] INFO  server.RaftServerConfigKeys (ConfUtils.java:logGet(46)) - raft.server.log.use.memory = false (default)
2023-06-07 07:10:54,766 [20fd9795-0abc-4083-965d-6ba83b10546c-groupManagement] INFO  server.RaftServerConfigKeys (ConfUtils.java:logGet(46)) - raft.server.log.purge.gap = 1000000 (custom)
2023-06-07 07:10:54,766 [20fd9795-0abc-4083-965d-6ba83b10546c-groupManagement] INFO  server.RaftServerConfigKeys (ConfUtils.java:logGet(46)) - raft.server.log.appender.buffer.byte-limit = 33554432 (custom)
2023-06-07 07:10:54,766 [20fd9795-0abc-4083-965d-6ba83b10546c-groupManagement] INFO  server.RaftServerConfigKeys (ConfUtils.java:logGet(46)) - raft.server.log.statemachine.data.read.timeout = 1000ms (default)
2023-06-07 07:10:54,766 [20fd9795-0abc-4083-965d-6ba83b10546c-groupManagement] INFO  server.RaftServerConfigKeys (ConfUtils.java:logGet(46)) - raft.server.log.purge.preservation.log.num = 0 (default)
2023-06-07 07:10:54,771 [20fd9795-0abc-4083-965d-6ba83b10546c-groupManagement] INFO  server.RaftServerConfigKeys (ConfUtils.java:logGet(46)) - raft.server.log.segment.size.max = 1048576 (custom)
2023-06-07 07:10:54,772 [20fd9795-0abc-4083-965d-6ba83b10546c-groupManagement] INFO  server.RaftServerConfigKeys (ConfUtils.java:logGet(46)) - raft.server.log.segment.cache.num.max = 2 (custom)
2023-06-07 07:10:54,772 [20fd9795-0abc-4083-965d-6ba83b10546c-groupManagement] INFO  server.RaftServerConfigKeys (ConfUtils.java:logGet(46)) - raft.server.log.segment.cache.size.max = 200MB (=209715200) (default)
2023-06-07 07:10:54,772 [20fd9795-0abc-4083-965d-6ba83b10546c-groupManagement] INFO  server.RaftServerConfigKeys (ConfUtils.java:logGet(46)) - raft.server.log.appender.buffer.byte-limit = 33554432 (custom)
2023-06-07 07:10:54,772 [20fd9795-0abc-4083-965d-6ba83b10546c-groupManagement] INFO  segmented.SegmentedRaftLogWorker (SegmentedRaftLogWorker.java:<init>(188)) - new 20fd9795-0abc-4083-965d-6ba83b10546c@group-D03428C1B187-SegmentedRaftLogWorker for RaftStorageImpl:Storage Directory /home/runner/work/ozone/ozone/hadoop-ozone/integration-test/target/test-dir/MiniOzoneClusterImpl-28223e3b-fb3b-4559-a623-43dba3cd33a0/datanode-8/data/ratis/c319041b-25dc-4b19-96cc-d03428c1b187
2023-06-07 07:10:54,772 [20fd9795-0abc-4083-965d-6ba83b10546c-groupManagement] INFO  server.RaftServerConfigKeys (ConfUtils.java:logGet(46)) - raft.server.log.queue.byte-limit = 4294967296 (custom)
2023-06-07 07:10:54,772 [20fd9795-0abc-4083-965d-6ba83b10546c-groupManagement] INFO  server.RaftServerConfigKeys (ConfUtils.java:logGet(46)) - raft.server.log.queue.element-limit = 1024 (custom)
2023-06-07 07:10:54,772 [20fd9795-0abc-4083-965d-6ba83b10546c-groupManagement] INFO  server.RaftServerConfigKeys (ConfUtils.java:logGet(46)) - raft.server.log.segment.size.max = 1048576 (custom)
2023-06-07 07:10:54,772 [20fd9795-0abc-4083-965d-6ba83b10546c-groupManagement] INFO  server.RaftServerConfigKeys (ConfUtils.java:logGet(46)) - raft.server.log.preallocated.size = 16384 (custom)
2023-06-07 07:10:54,772 [20fd9795-0abc-4083-965d-6ba83b10546c-groupManagement] INFO  server.RaftServerConfigKeys (ConfUtils.java:logGet(46)) - raft.server.log.force.sync.num = 128 (default)
2023-06-07 07:10:54,772 [20fd9795-0abc-4083-965d-6ba83b10546c-groupManagement] INFO  server.RaftServerConfigKeys (ConfUtils.java:logGet(46)) - raft.server.log.statemachine.data.sync = true (default)
2023-06-07 07:10:54,773 [20fd9795-0abc-4083-965d-6ba83b10546c-groupManagement] INFO  server.RaftServerConfigKeys (ConfUtils.java:logGet(46)) - raft.server.log.statemachine.data.sync.timeout = 10s (default)
2023-06-07 07:10:54,773 [20fd9795-0abc-4083-965d-6ba83b10546c-groupManagement] INFO  server.RaftServerConfigKeys (ConfUtils.java:logGet(46)) - raft.server.log.statemachine.data.sync.timeout.retry = -1 (default)
2023-06-07 07:10:54,775 [20fd9795-0abc-4083-965d-6ba83b10546c-groupManagement] INFO  server.RaftServerConfigKeys (ConfUtils.java:logGet(46)) - raft.server.log.write.buffer.size = 1048576 (custom)
2023-06-07 07:10:54,776 [20fd9795-0abc-4083-965d-6ba83b10546c-groupManagement] INFO  server.RaftServerConfigKeys (ConfUtils.java:logGet(46)) - raft.server.log.appender.buffer.byte-limit = 33554432 (custom)
2023-06-07 07:10:54,782 [20fd9795-0abc-4083-965d-6ba83b10546c-groupManagement] INFO  server.RaftServerConfigKeys (ConfUtils.java:logGet(46)) - raft.server.log.unsafe-flush.enabled = false (default)
2023-06-07 07:10:54,782 [20fd9795-0abc-4083-965d-6ba83b10546c-groupManagement] INFO  server.RaftServerConfigKeys (ConfUtils.java:logGet(46)) - raft.server.log.async-flush.enabled = false (default)
2023-06-07 07:10:54,782 [20fd9795-0abc-4083-965d-6ba83b10546c-groupManagement] INFO  server.RaftServerConfigKeys (ConfUtils.java:logGet(46)) - raft.server.log.statemachine.data.caching.enabled = true (custom)
2023-06-07 07:10:54,782 [20fd9795-0abc-4083-965d-6ba83b10546c-groupManagement] INFO  segmented.SegmentedRaftLogWorker (SegmentedRaftLogWorker.java:lambda$new$0(135)) - 20fd9795-0abc-4083-965d-6ba83b10546c@group-D03428C1B187-SegmentedRaftLogWorker: flushIndex: setUnconditionally 0 -> -1
2023-06-07 07:10:54,782 [20fd9795-0abc-4083-965d-6ba83b10546c-groupManagement] INFO  segmented.SegmentedRaftLogWorker (SegmentedRaftLogWorker.java:lambda$new$0(135)) - 20fd9795-0abc-4083-965d-6ba83b10546c@group-D03428C1B187-SegmentedRaftLogWorker: safeCacheEvictIndex: setUnconditionally 0 -> -1
2023-06-07 07:10:54,783 [20fd9795-0abc-4083-965d-6ba83b10546c-groupManagement] INFO  server.RaftServer$Division (RaftServerImpl.java:start(342)) - 20fd9795-0abc-4083-965d-6ba83b10546c@group-D03428C1B187: start as a follower, conf=-1: peers:[1c3f76c4-a361-44c3-a437-710dc7a71a87|rpc:10.1.0.31:15077|admin:10.1.0.31:15076|client:10.1.0.31:15075|dataStream:10.1.0.31:15078|priority:1|startupRole:FOLLOWER, 8757bef3-5796-4279-bd7f-82165642237f|rpc:10.1.0.31:15068|admin:10.1.0.31:15067|client:10.1.0.31:15066|dataStream:10.1.0.31:15069|priority:0|startupRole:FOLLOWER, 20fd9795-0abc-4083-965d-6ba83b10546c|rpc:10.1.0.31:15086|admin:10.1.0.31:15085|client:10.1.0.31:15084|dataStream:10.1.0.31:15087|priority:0|startupRole:FOLLOWER]|listeners:[], old=null
2023-06-07 07:10:54,783 [20fd9795-0abc-4083-965d-6ba83b10546c-groupManagement] INFO  server.RaftServer$Division (RaftServerImpl.java:setRole(329)) - 20fd9795-0abc-4083-965d-6ba83b10546c@group-D03428C1B187: changes role from      null to FOLLOWER at term 0 for startAsFollower
2023-06-07 07:10:54,783 [20fd9795-0abc-4083-965d-6ba83b10546c-groupManagement] INFO  impl.RoleInfo (RoleInfo.java:updateAndGet(139)) - 20fd9795-0abc-4083-965d-6ba83b10546c: start 20fd9795-0abc-4083-965d-6ba83b10546c@group-D03428C1B187-FollowerState
2023-06-07 07:10:54,785 [20fd9795-0abc-4083-965d-6ba83b10546c-groupManagement] INFO  util.JmxRegister (JmxRegister.java:tryRegister(44)) - Successfully registered JMX Bean with object name Ratis:service=RaftServer,group=group-D03428C1B187,id=20fd9795-0abc-4083-965d-6ba83b10546c
2023-06-07 07:10:54,786 [20fd9795-0abc-4083-965d-6ba83b10546c-groupManagement] INFO  server.RaftServerConfigKeys (ConfUtils.java:logGet(46)) - raft.server.snapshot.auto.trigger.enabled = true (custom)
2023-06-07 07:10:54,786 [20fd9795-0abc-4083-965d-6ba83b10546c-groupManagement] INFO  server.RaftServerConfigKeys (ConfUtils.java:logGet(46)) - raft.server.snapshot.auto.trigger.threshold = 10000 (custom)
2023-06-07 07:10:54,786 [20fd9795-0abc-4083-965d-6ba83b10546c-groupManagement] INFO  server.RaftServerConfigKeys (ConfUtils.java:logGet(46)) - raft.server.snapshot.retention.file.num = 5 (custom)
2023-06-07 07:10:54,786 [20fd9795-0abc-4083-965d-6ba83b10546c-groupManagement] INFO  server.RaftServerConfigKeys (ConfUtils.java:logGet(46)) - raft.server.log.purge.upto.snapshot.index = false (default)
2023-06-07 07:10:54,787 [20fd9795-0abc-4083-965d-6ba83b10546c@group-D03428C1B187-FollowerState] INFO  server.RaftServerConfigKeys (ConfUtils.java:logFallback(53)) - raft.server.rpc.first-election.timeout.min = 5s (fallback to raft.server.rpc.timeout.min)
2023-06-07 07:10:54,787 [20fd9795-0abc-4083-965d-6ba83b10546c@group-D03428C1B187-FollowerState] INFO  server.RaftServerConfigKeys (ConfUtils.java:logFallback(53)) - raft.server.rpc.first-election.timeout.max = 5200ms (fallback to raft.server.rpc.timeout.max)
2023-06-07 07:10:54,811 [PipelineCommandHandlerThread-0] INFO  commandhandler.CreatePipelineCommandHandler (CreatePipelineCommandHandler.java:lambda$handle$2(124)) - Created Pipeline RATIS THREE PipelineID=c319041b-25dc-4b19-96cc-d03428c1b187.
2023-06-07 07:10:54,811 [PipelineCommandHandlerThread-0] INFO  server.RaftServer (RaftServerProxy.java:addNew(98)) - 8757bef3-5796-4279-bd7f-82165642237f: addNew group-9647AF00FAF7:[1c3f76c4-a361-44c3-a437-710dc7a71a87|rpc:10.1.0.31:15077|admin:10.1.0.31:15076|client:10.1.0.31:15075|dataStream:10.1.0.31:15078|priority:0|startupRole:FOLLOWER, 8757bef3-5796-4279-bd7f-82165642237f|rpc:10.1.0.31:15068|admin:10.1.0.31:15067|client:10.1.0.31:15066|dataStream:10.1.0.31:15069|priority:0|startupRole:FOLLOWER, 20fd9795-0abc-4083-965d-6ba83b10546c|rpc:10.1.0.31:15086|admin:10.1.0.31:15085|client:10.1.0.31:15084|dataStream:10.1.0.31:15087|priority:1|startupRole:FOLLOWER] returns group-9647AF00FAF7:java.util.concurrent.CompletableFuture@1cf34111[Not completed]
2023-06-07 07:10:54,813 [8757bef3-5796-4279-bd7f-82165642237f-groupManagement] INFO  server.RaftServer$Division (RaftServerImpl.java:<init>(198)) - 8757bef3-5796-4279-bd7f-82165642237f: new RaftServerImpl for group-9647AF00FAF7:[1c3f76c4-a361-44c3-a437-710dc7a71a87|rpc:10.1.0.31:15077|admin:10.1.0.31:15076|client:10.1.0.31:15075|dataStream:10.1.0.31:15078|priority:0|startupRole:FOLLOWER, 8757bef3-5796-4279-bd7f-82165642237f|rpc:10.1.0.31:15068|admin:10.1.0.31:15067|client:10.1.0.31:15066|dataStream:10.1.0.31:15069|priority:0|startupRole:FOLLOWER, 20fd9795-0abc-4083-965d-6ba83b10546c|rpc:10.1.0.31:15086|admin:10.1.0.31:15085|client:10.1.0.31:15084|dataStream:10.1.0.31:15087|priority:1|startupRole:FOLLOWER] with ContainerStateMachine:uninitialized
2023-06-07 07:10:54,813 [8757bef3-5796-4279-bd7f-82165642237f-groupManagement] INFO  server.RaftServerConfigKeys (ConfUtils.java:logGet(46)) - raft.server.rpc.timeout.min = 5s (custom)
2023-06-07 07:10:54,813 [8757bef3-5796-4279-bd7f-82165642237f-groupManagement] INFO  server.RaftServerConfigKeys (ConfUtils.java:logGet(46)) - raft.server.rpc.timeout.max = 5200ms (custom)
2023-06-07 07:10:54,813 [8757bef3-5796-4279-bd7f-82165642237f-groupManagement] INFO  server.RaftServerConfigKeys (ConfUtils.java:logGet(46)) - raft.server.rpc.sleep.time = 25ms (default)
2023-06-07 07:10:54,813 [8757bef3-5796-4279-bd7f-82165642237f-groupManagement] INFO  server.RaftServerConfigKeys (ConfUtils.java:logGet(46)) - raft.server.rpc.slowness.timeout = 300s (custom)
2023-06-07 07:10:54,813 [8757bef3-5796-4279-bd7f-82165642237f-groupManagement] INFO  server.RaftServerConfigKeys (ConfUtils.java:logGet(46)) - raft.server.leaderelection.leader.step-down.wait-time = 10s (default)
2023-06-07 07:10:54,813 [8757bef3-5796-4279-bd7f-82165642237f-groupManagement] INFO  server.RaftServerConfigKeys (ConfUtils.java:logGet(46)) - raft.server.sleep.deviation.threshold = 300ms (default)
2023-06-07 07:10:54,814 [8757bef3-5796-4279-bd7f-82165642237f-groupManagement] INFO  server.RaftServer$Division (ServerState.java:<init>(120)) - 8757bef3-5796-4279-bd7f-82165642237f@group-9647AF00FAF7: ConfigurationManager, init=-1: peers:[1c3f76c4-a361-44c3-a437-710dc7a71a87|rpc:10.1.0.31:15077|admin:10.1.0.31:15076|client:10.1.0.31:15075|dataStream:10.1.0.31:15078|priority:0|startupRole:FOLLOWER, 8757bef3-5796-4279-bd7f-82165642237f|rpc:10.1.0.31:15068|admin:10.1.0.31:15067|client:10.1.0.31:15066|dataStream:10.1.0.31:15069|priority:0|startupRole:FOLLOWER, 20fd9795-0abc-4083-965d-6ba83b10546c|rpc:10.1.0.31:15086|admin:10.1.0.31:15085|client:10.1.0.31:15084|dataStream:10.1.0.31:15087|priority:1|startupRole:FOLLOWER]|listeners:[], old=null, confs=<EMPTY_MAP>
2023-06-07 07:10:54,814 [8757bef3-5796-4279-bd7f-82165642237f-groupManagement] INFO  server.RaftServerConfigKeys (ConfUtils.java:logGet(46)) - raft.server.storage.dir = [/home/runner/work/ozone/ozone/hadoop-ozone/integration-test/target/test-dir/MiniOzoneClusterImpl-28223e3b-fb3b-4559-a623-43dba3cd33a0/datanode-6/data/ratis] (custom)
2023-06-07 07:10:54,814 [8757bef3-5796-4279-bd7f-82165642237f-groupManagement] INFO  server.RaftServerConfigKeys (ConfUtils.java:logGet(46)) - raft.server.log.corruption.policy = EXCEPTION (default)
2023-06-07 07:10:54,814 [8757bef3-5796-4279-bd7f-82165642237f-groupManagement] INFO  server.RaftServerConfigKeys (ConfUtils.java:logGet(46)) - raft.server.storage.free-space.min = 0MB (=0) (default)
2023-06-07 07:10:54,814 [8757bef3-5796-4279-bd7f-82165642237f-groupManagement] INFO  server.RaftServerConfigKeys (ConfUtils.java:logGet(46)) - raft.server.notification.no-leader.timeout = 300s (custom)
2023-06-07 07:10:54,814 [8757bef3-5796-4279-bd7f-82165642237f-groupManagement] INFO  server.RaftServerConfigKeys (ConfUtils.java:logGet(46)) - raft.server.read.timeout = 10s (default)
2023-06-07 07:10:54,814 [8757bef3-5796-4279-bd7f-82165642237f-groupManagement] INFO  server.RaftServerConfigKeys (ConfUtils.java:logGet(46)) - raft.server.retrycache.expirytime = 600000ms (custom)
2023-06-07 07:10:54,814 [8757bef3-5796-4279-bd7f-82165642237f-groupManagement] INFO  server.RaftServerConfigKeys (ConfUtils.java:logGet(46)) - raft.server.retrycache.statistics.expirytime = 100μs (default)
2023-06-07 07:10:54,814 [8757bef3-5796-4279-bd7f-82165642237f-groupManagement] INFO  server.RaftServerConfigKeys (ConfUtils.java:logGet(46)) - raft.server.read.option = DEFAULT (default)
2023-06-07 07:10:54,816 [8757bef3-5796-4279-bd7f-82165642237f-groupManagement] INFO  server.RaftServerConfigKeys (ConfUtils.java:logGet(46)) - raft.server.rpc.request.timeout = 60s (custom)
2023-06-07 07:10:54,816 [8757bef3-5796-4279-bd7f-82165642237f-groupManagement] INFO  server.RaftServerConfigKeys (ConfUtils.java:logGet(46)) - raft.server.log.appender.install.snapshot.enabled = false (custom)
2023-06-07 07:10:54,816 [8757bef3-5796-4279-bd7f-82165642237f-groupManagement] INFO  server.RaftServerConfigKeys (ConfUtils.java:logGet(46)) - raft.server.threadpool.server.cached = true (default)
2023-06-07 07:10:54,816 [8757bef3-5796-4279-bd7f-82165642237f-groupManagement] INFO  server.RaftServerConfigKeys (ConfUtils.java:logGet(46)) - raft.server.threadpool.server.size = 0 (default)
2023-06-07 07:10:54,816 [8757bef3-5796-4279-bd7f-82165642237f-groupManagement] INFO  server.RaftServerConfigKeys (ConfUtils.java:logGet(46)) - raft.server.threadpool.client.cached = true (default)
2023-06-07 07:10:54,816 [8757bef3-5796-4279-bd7f-82165642237f-groupManagement] INFO  server.RaftServerConfigKeys (ConfUtils.java:logGet(46)) - raft.server.threadpool.client.size = 0 (default)
2023-06-07 07:10:54,816 [8757bef3-5796-4279-bd7f-82165642237f-groupManagement] INFO  storage.RaftStorageDirectory (RaftStorageDirectoryImpl.java:analyzeStorage(137)) - The storage directory /home/runner/work/ozone/ozone/hadoop-ozone/integration-test/target/test-dir/MiniOzoneClusterImpl-28223e3b-fb3b-4559-a623-43dba3cd33a0/datanode-6/data/ratis/6104eddc-cdf8-44f2-ae6f-9647af00faf7 does not exist. Creating ...
2023-06-07 07:10:54,819 [8757bef3-5796-4279-bd7f-82165642237f-groupManagement] INFO  storage.RaftStorageDirectory (RaftStorageDirectoryImpl.java:tryLock(231)) - Lock on /home/runner/work/ozone/ozone/hadoop-ozone/integration-test/target/test-dir/MiniOzoneClusterImpl-28223e3b-fb3b-4559-a623-43dba3cd33a0/datanode-6/data/ratis/6104eddc-cdf8-44f2-ae6f-9647af00faf7/in_use.lock acquired by nodename 65108@fv-az246-755
2023-06-07 07:10:54,821 [8757bef3-5796-4279-bd7f-82165642237f-groupManagement] INFO  storage.RaftStorage (RaftStorageImpl.java:format(96)) - Storage directory /home/runner/work/ozone/ozone/hadoop-ozone/integration-test/target/test-dir/MiniOzoneClusterImpl-28223e3b-fb3b-4559-a623-43dba3cd33a0/datanode-6/data/ratis/6104eddc-cdf8-44f2-ae6f-9647af00faf7 has been successfully formatted.
2023-06-07 07:10:54,822 [8757bef3-5796-4279-bd7f-82165642237f-groupManagement] INFO  ratis.ContainerStateMachine (ContainerStateMachine.java:loadSnapshot(262)) - group-9647AF00FAF7: The snapshot info is null. Setting the last applied indexto:(t:0, i:~)
2023-06-07 07:10:54,823 [8757bef3-5796-4279-bd7f-82165642237f-groupManagement] INFO  server.RaftServerConfigKeys (ConfUtils.java:logGet(46)) - raft.server.log.use.memory = false (default)
2023-06-07 07:10:54,824 [8757bef3-5796-4279-bd7f-82165642237f-groupManagement] INFO  server.RaftServerConfigKeys (ConfUtils.java:logGet(46)) - raft.server.log.purge.gap = 1000000 (custom)
2023-06-07 07:10:54,824 [EventQueue-OpenPipelineForHealthyPipelineSafeModeRule] INFO  safemode.SCMSafeModeManager (HealthyPipelineSafeModeRule.java:process(137)) - SCM in safe mode. Healthy pipelines reported count is 0, required healthy pipeline reported count is 1
2023-06-07 07:10:54,824 [8757bef3-5796-4279-bd7f-82165642237f-groupManagement] INFO  server.RaftServerConfigKeys (ConfUtils.java:logGet(46)) - raft.server.log.appender.buffer.byte-limit = 33554432 (custom)
2023-06-07 07:10:54,825 [8757bef3-5796-4279-bd7f-82165642237f-groupManagement] INFO  server.RaftServerConfigKeys (ConfUtils.java:logGet(46)) - raft.server.log.statemachine.data.read.timeout = 1000ms (default)
2023-06-07 07:10:54,825 [8757bef3-5796-4279-bd7f-82165642237f-groupManagement] INFO  server.RaftServerConfigKeys (ConfUtils.java:logGet(46)) - raft.server.log.purge.preservation.log.num = 0 (default)
2023-06-07 07:10:54,825 [8757bef3-5796-4279-bd7f-82165642237f-groupManagement] INFO  server.RaftServerConfigKeys (ConfUtils.java:logGet(46)) - raft.server.log.segment.size.max = 1048576 (custom)
2023-06-07 07:10:54,827 [8757bef3-5796-4279-bd7f-82165642237f-groupManagement] INFO  server.RaftServerConfigKeys (ConfUtils.java:logGet(46)) - raft.server.log.segment.cache.num.max = 2 (custom)
2023-06-07 07:10:54,827 [8757bef3-5796-4279-bd7f-82165642237f-groupManagement] INFO  server.RaftServerConfigKeys (ConfUtils.java:logGet(46)) - raft.server.log.segment.cache.size.max = 200MB (=209715200) (default)
2023-06-07 07:10:54,827 [8757bef3-5796-4279-bd7f-82165642237f-groupManagement] INFO  server.RaftServerConfigKeys (ConfUtils.java:logGet(46)) - raft.server.log.appender.buffer.byte-limit = 33554432 (custom)
2023-06-07 07:10:54,827 [8757bef3-5796-4279-bd7f-82165642237f-groupManagement] INFO  segmented.SegmentedRaftLogWorker (SegmentedRaftLogWorker.java:<init>(188)) - new 8757bef3-5796-4279-bd7f-82165642237f@group-9647AF00FAF7-SegmentedRaftLogWorker for RaftStorageImpl:Storage Directory /home/runner/work/ozone/ozone/hadoop-ozone/integration-test/target/test-dir/MiniOzoneClusterImpl-28223e3b-fb3b-4559-a623-43dba3cd33a0/datanode-6/data/ratis/6104eddc-cdf8-44f2-ae6f-9647af00faf7
2023-06-07 07:10:54,827 [8757bef3-5796-4279-bd7f-82165642237f-groupManagement] INFO  server.RaftServerConfigKeys (ConfUtils.java:logGet(46)) - raft.server.log.queue.byte-limit = 4294967296 (custom)
2023-06-07 07:10:54,827 [8757bef3-5796-4279-bd7f-82165642237f-groupManagement] INFO  server.RaftServerConfigKeys (ConfUtils.java:logGet(46)) - raft.server.log.queue.element-limit = 1024 (custom)
2023-06-07 07:10:54,827 [8757bef3-5796-4279-bd7f-82165642237f-groupManagement] INFO  server.RaftServerConfigKeys (ConfUtils.java:logGet(46)) - raft.server.log.segment.size.max = 1048576 (custom)
2023-06-07 07:10:54,827 [8757bef3-5796-4279-bd7f-82165642237f-groupManagement] INFO  server.RaftServerConfigKeys (ConfUtils.java:logGet(46)) - raft.server.log.preallocated.size = 16384 (custom)
2023-06-07 07:10:54,827 [8757bef3-5796-4279-bd7f-82165642237f-groupManagement] INFO  server.RaftServerConfigKeys (ConfUtils.java:logGet(46)) - raft.server.log.force.sync.num = 128 (default)
2023-06-07 07:10:54,827 [8757bef3-5796-4279-bd7f-82165642237f-groupManagement] INFO  server.RaftServerConfigKeys (ConfUtils.java:logGet(46)) - raft.server.log.statemachine.data.sync = true (default)
2023-06-07 07:10:54,828 [8757bef3-5796-4279-bd7f-82165642237f-groupManagement] INFO  server.RaftServerConfigKeys (ConfUtils.java:logGet(46)) - raft.server.log.statemachine.data.sync.timeout = 10s (default)
2023-06-07 07:10:54,828 [8757bef3-5796-4279-bd7f-82165642237f-groupManagement] INFO  server.RaftServerConfigKeys (ConfUtils.java:logGet(46)) - raft.server.log.statemachine.data.sync.timeout.retry = -1 (default)
2023-06-07 07:10:54,831 [8757bef3-5796-4279-bd7f-82165642237f-groupManagement] INFO  server.RaftServerConfigKeys (ConfUtils.java:logGet(46)) - raft.server.log.write.buffer.size = 1048576 (custom)
2023-06-07 07:10:54,832 [8757bef3-5796-4279-bd7f-82165642237f-groupManagement] INFO  server.RaftServerConfigKeys (ConfUtils.java:logGet(46)) - raft.server.log.appender.buffer.byte-limit = 33554432 (custom)
2023-06-07 07:10:54,840 [8757bef3-5796-4279-bd7f-82165642237f-groupManagement] INFO  server.RaftServerConfigKeys (ConfUtils.java:logGet(46)) - raft.server.log.unsafe-flush.enabled = false (default)
2023-06-07 07:10:54,840 [8757bef3-5796-4279-bd7f-82165642237f-groupManagement] INFO  server.RaftServerConfigKeys (ConfUtils.java:logGet(46)) - raft.server.log.async-flush.enabled = false (default)
2023-06-07 07:10:54,841 [8757bef3-5796-4279-bd7f-82165642237f-groupManagement] INFO  server.RaftServerConfigKeys (ConfUtils.java:logGet(46)) - raft.server.log.statemachine.data.caching.enabled = true (custom)
2023-06-07 07:10:54,841 [8757bef3-5796-4279-bd7f-82165642237f-groupManagement] INFO  segmented.SegmentedRaftLogWorker (SegmentedRaftLogWorker.java:lambda$new$0(135)) - 8757bef3-5796-4279-bd7f-82165642237f@group-9647AF00FAF7-SegmentedRaftLogWorker: flushIndex: setUnconditionally 0 -> -1
2023-06-07 07:10:54,841 [8757bef3-5796-4279-bd7f-82165642237f-groupManagement] INFO  segmented.SegmentedRaftLogWorker (SegmentedRaftLogWorker.java:lambda$new$0(135)) - 8757bef3-5796-4279-bd7f-82165642237f@group-9647AF00FAF7-SegmentedRaftLogWorker: safeCacheEvictIndex: setUnconditionally 0 -> -1
2023-06-07 07:10:54,842 [8757bef3-5796-4279-bd7f-82165642237f-groupManagement] INFO  server.RaftServer$Division (RaftServerImpl.java:start(342)) - 8757bef3-5796-4279-bd7f-82165642237f@group-9647AF00FAF7: start as a follower, conf=-1: peers:[1c3f76c4-a361-44c3-a437-710dc7a71a87|rpc:10.1.0.31:15077|admin:10.1.0.31:15076|client:10.1.0.31:15075|dataStream:10.1.0.31:15078|priority:0|startupRole:FOLLOWER, 8757bef3-5796-4279-bd7f-82165642237f|rpc:10.1.0.31:15068|admin:10.1.0.31:15067|client:10.1.0.31:15066|dataStream:10.1.0.31:15069|priority:0|startupRole:FOLLOWER, 20fd9795-0abc-4083-965d-6ba83b10546c|rpc:10.1.0.31:15086|admin:10.1.0.31:15085|client:10.1.0.31:15084|dataStream:10.1.0.31:15087|priority:1|startupRole:FOLLOWER]|listeners:[], old=null
2023-06-07 07:10:54,842 [8757bef3-5796-4279-bd7f-82165642237f-groupManagement] INFO  server.RaftServer$Division (RaftServerImpl.java:setRole(329)) - 8757bef3-5796-4279-bd7f-82165642237f@group-9647AF00FAF7: changes role from      null to FOLLOWER at term 0 for startAsFollower
2023-06-07 07:10:54,843 [8757bef3-5796-4279-bd7f-82165642237f-groupManagement] INFO  impl.RoleInfo (RoleInfo.java:updateAndGet(139)) - 8757bef3-5796-4279-bd7f-82165642237f: start 8757bef3-5796-4279-bd7f-82165642237f@group-9647AF00FAF7-FollowerState
2023-06-07 07:10:54,843 [8757bef3-5796-4279-bd7f-82165642237f-groupManagement] INFO  util.JmxRegister (JmxRegister.java:tryRegister(44)) - Successfully registered JMX Bean with object name Ratis:service=RaftServer,group=group-9647AF00FAF7,id=8757bef3-5796-4279-bd7f-82165642237f
2023-06-07 07:10:54,843 [8757bef3-5796-4279-bd7f-82165642237f@group-9647AF00FAF7-FollowerState] INFO  server.RaftServerConfigKeys (ConfUtils.java:logFallback(53)) - raft.server.rpc.first-election.timeout.min = 5s (fallback to raft.server.rpc.timeout.min)
2023-06-07 07:10:54,843 [8757bef3-5796-4279-bd7f-82165642237f-groupManagement] INFO  server.RaftServerConfigKeys (ConfUtils.java:logGet(46)) - raft.server.snapshot.auto.trigger.enabled = true (custom)
2023-06-07 07:10:54,844 [8757bef3-5796-4279-bd7f-82165642237f@group-9647AF00FAF7-FollowerState] INFO  server.RaftServerConfigKeys (ConfUtils.java:logFallback(53)) - raft.server.rpc.first-election.timeout.max = 5200ms (fallback to raft.server.rpc.timeout.max)
2023-06-07 07:10:54,844 [8757bef3-5796-4279-bd7f-82165642237f-groupManagement] INFO  server.RaftServerConfigKeys (ConfUtils.java:logGet(46)) - raft.server.snapshot.auto.trigger.threshold = 10000 (custom)
2023-06-07 07:10:54,844 [8757bef3-5796-4279-bd7f-82165642237f-groupManagement] INFO  server.RaftServerConfigKeys (ConfUtils.java:logGet(46)) - raft.server.snapshot.retention.file.num = 5 (custom)
2023-06-07 07:10:54,844 [8757bef3-5796-4279-bd7f-82165642237f-groupManagement] INFO  server.RaftServerConfigKeys (ConfUtils.java:logGet(46)) - raft.server.log.purge.upto.snapshot.index = false (default)
2023-06-07 07:10:54,845 [PipelineCommandHandlerThread-0] INFO  ratis.XceiverServerRatis (XceiverServerRatis.java:addGroup(804)) - Created group PipelineID=6104eddc-cdf8-44f2-ae6f-9647af00faf7
2023-06-07 07:10:54,866 [grpc-default-executor-1] INFO  server.RaftServer (RaftServerProxy.java:addNew(98)) - 20fd9795-0abc-4083-965d-6ba83b10546c: addNew group-9647AF00FAF7:[1c3f76c4-a361-44c3-a437-710dc7a71a87|rpc:10.1.0.31:15077|admin:10.1.0.31:15076|client:10.1.0.31:15075|dataStream:10.1.0.31:15078|priority:0|startupRole:FOLLOWER, 8757bef3-5796-4279-bd7f-82165642237f|rpc:10.1.0.31:15068|admin:10.1.0.31:15067|client:10.1.0.31:15066|dataStream:10.1.0.31:15069|priority:0|startupRole:FOLLOWER, 20fd9795-0abc-4083-965d-6ba83b10546c|rpc:10.1.0.31:15086|admin:10.1.0.31:15085|client:10.1.0.31:15084|dataStream:10.1.0.31:15087|priority:1|startupRole:FOLLOWER] returns group-9647AF00FAF7:java.util.concurrent.CompletableFuture@163941b8[Not completed]
2023-06-07 07:10:54,867 [20fd9795-0abc-4083-965d-6ba83b10546c-groupManagement] INFO  server.RaftServer$Division (RaftServerImpl.java:<init>(198)) - 20fd9795-0abc-4083-965d-6ba83b10546c: new RaftServerImpl for group-9647AF00FAF7:[1c3f76c4-a361-44c3-a437-710dc7a71a87|rpc:10.1.0.31:15077|admin:10.1.0.31:15076|client:10.1.0.31:15075|dataStream:10.1.0.31:15078|priority:0|startupRole:FOLLOWER, 8757bef3-5796-4279-bd7f-82165642237f|rpc:10.1.0.31:15068|admin:10.1.0.31:15067|client:10.1.0.31:15066|dataStream:10.1.0.31:15069|priority:0|startupRole:FOLLOWER, 20fd9795-0abc-4083-965d-6ba83b10546c|rpc:10.1.0.31:15086|admin:10.1.0.31:15085|client:10.1.0.31:15084|dataStream:10.1.0.31:15087|priority:1|startupRole:FOLLOWER] with ContainerStateMachine:uninitialized
2023-06-07 07:10:54,867 [20fd9795-0abc-4083-965d-6ba83b10546c-groupManagement] INFO  server.RaftServerConfigKeys (ConfUtils.java:logGet(46)) - raft.server.rpc.timeout.min = 5s (custom)
2023-06-07 07:10:54,867 [20fd9795-0abc-4083-965d-6ba83b10546c-groupManagement] INFO  server.RaftServerConfigKeys (ConfUtils.java:logGet(46)) - raft.server.rpc.timeout.max = 5200ms (custom)
2023-06-07 07:10:54,867 [20fd9795-0abc-4083-965d-6ba83b10546c-groupManagement] INFO  server.RaftServerConfigKeys (ConfUtils.java:logGet(46)) - raft.server.rpc.sleep.time = 25ms (default)
2023-06-07 07:10:54,867 [20fd9795-0abc-4083-965d-6ba83b10546c-groupManagement] INFO  server.RaftServerConfigKeys (ConfUtils.java:logGet(46)) - raft.server.rpc.slowness.timeout = 300s (custom)
2023-06-07 07:10:54,867 [20fd9795-0abc-4083-965d-6ba83b10546c-groupManagement] INFO  server.RaftServerConfigKeys (ConfUtils.java:logGet(46)) - raft.server.leaderelection.leader.step-down.wait-time = 10s (default)
2023-06-07 07:10:54,868 [20fd9795-0abc-4083-965d-6ba83b10546c-groupManagement] INFO  server.RaftServerConfigKeys (ConfUtils.java:logGet(46)) - raft.server.sleep.deviation.threshold = 300ms (default)
2023-06-07 07:10:54,868 [20fd9795-0abc-4083-965d-6ba83b10546c-groupManagement] INFO  server.RaftServer$Division (ServerState.java:<init>(120)) - 20fd9795-0abc-4083-965d-6ba83b10546c@group-9647AF00FAF7: ConfigurationManager, init=-1: peers:[1c3f76c4-a361-44c3-a437-710dc7a71a87|rpc:10.1.0.31:15077|admin:10.1.0.31:15076|client:10.1.0.31:15075|dataStream:10.1.0.31:15078|priority:0|startupRole:FOLLOWER, 8757bef3-5796-4279-bd7f-82165642237f|rpc:10.1.0.31:15068|admin:10.1.0.31:15067|client:10.1.0.31:15066|dataStream:10.1.0.31:15069|priority:0|startupRole:FOLLOWER, 20fd9795-0abc-4083-965d-6ba83b10546c|rpc:10.1.0.31:15086|admin:10.1.0.31:15085|client:10.1.0.31:15084|dataStream:10.1.0.31:15087|priority:1|startupRole:FOLLOWER]|listeners:[], old=null, confs=<EMPTY_MAP>
2023-06-07 07:10:54,868 [20fd9795-0abc-4083-965d-6ba83b10546c-groupManagement] INFO  server.RaftServerConfigKeys (ConfUtils.java:logGet(46)) - raft.server.storage.dir = [/home/runner/work/ozone/ozone/hadoop-ozone/integration-test/target/test-dir/MiniOzoneClusterImpl-28223e3b-fb3b-4559-a623-43dba3cd33a0/datanode-8/data/ratis] (custom)
2023-06-07 07:10:54,868 [20fd9795-0abc-4083-965d-6ba83b10546c-groupManagement] INFO  server.RaftServerConfigKeys (ConfUtils.java:logGet(46)) - raft.server.log.corruption.policy = EXCEPTION (default)
2023-06-07 07:10:54,868 [20fd9795-0abc-4083-965d-6ba83b10546c-groupManagement] INFO  server.RaftServerConfigKeys (ConfUtils.java:logGet(46)) - raft.server.storage.free-space.min = 0MB (=0) (default)
2023-06-07 07:10:54,868 [20fd9795-0abc-4083-965d-6ba83b10546c-groupManagement] INFO  server.RaftServerConfigKeys (ConfUtils.java:logGet(46)) - raft.server.notification.no-leader.timeout = 300s (custom)
2023-06-07 07:10:54,869 [20fd9795-0abc-4083-965d-6ba83b10546c-groupManagement] INFO  server.RaftServerConfigKeys (ConfUtils.java:logGet(46)) - raft.server.read.timeout = 10s (default)
2023-06-07 07:10:54,869 [20fd9795-0abc-4083-965d-6ba83b10546c-groupManagement] INFO  server.RaftServerConfigKeys (ConfUtils.java:logGet(46)) - raft.server.retrycache.expirytime = 600000ms (custom)
2023-06-07 07:10:54,869 [20fd9795-0abc-4083-965d-6ba83b10546c-groupManagement] INFO  server.RaftServerConfigKeys (ConfUtils.java:logGet(46)) - raft.server.retrycache.statistics.expirytime = 100μs (default)
2023-06-07 07:10:54,869 [20fd9795-0abc-4083-965d-6ba83b10546c-groupManagement] INFO  server.RaftServerConfigKeys (ConfUtils.java:logGet(46)) - raft.server.read.option = DEFAULT (default)
2023-06-07 07:10:54,873 [20fd9795-0abc-4083-965d-6ba83b10546c-groupManagement] INFO  server.RaftServerConfigKeys (ConfUtils.java:logGet(46)) - raft.server.rpc.request.timeout = 60s (custom)
2023-06-07 07:10:54,873 [20fd9795-0abc-4083-965d-6ba83b10546c-groupManagement] INFO  server.RaftServerConfigKeys (ConfUtils.java:logGet(46)) - raft.server.log.appender.install.snapshot.enabled = false (custom)
2023-06-07 07:10:54,873 [20fd9795-0abc-4083-965d-6ba83b10546c-groupManagement] INFO  server.RaftServerConfigKeys (ConfUtils.java:logGet(46)) - raft.server.threadpool.server.cached = true (default)
2023-06-07 07:10:54,873 [20fd9795-0abc-4083-965d-6ba83b10546c-groupManagement] INFO  server.RaftServerConfigKeys (ConfUtils.java:logGet(46)) - raft.server.threadpool.server.size = 0 (default)
2023-06-07 07:10:54,873 [20fd9795-0abc-4083-965d-6ba83b10546c-groupManagement] INFO  server.RaftServerConfigKeys (ConfUtils.java:logGet(46)) - raft.server.threadpool.client.cached = true (default)
2023-06-07 07:10:54,873 [20fd9795-0abc-4083-965d-6ba83b10546c-groupManagement] INFO  server.RaftServerConfigKeys (ConfUtils.java:logGet(46)) - raft.server.threadpool.client.size = 0 (default)
2023-06-07 07:10:54,873 [20fd9795-0abc-4083-965d-6ba83b10546c-groupManagement] INFO  storage.RaftStorageDirectory (RaftStorageDirectoryImpl.java:analyzeStorage(137)) - The storage directory /home/runner/work/ozone/ozone/hadoop-ozone/integration-test/target/test-dir/MiniOzoneClusterImpl-28223e3b-fb3b-4559-a623-43dba3cd33a0/datanode-8/data/ratis/6104eddc-cdf8-44f2-ae6f-9647af00faf7 does not exist. Creating ...
2023-06-07 07:10:54,876 [1c3f76c4-a361-44c3-a437-710dc7a71a87-groupManagement] INFO  server.RaftServer$Division (RaftServerImpl.java:<init>(198)) - 1c3f76c4-a361-44c3-a437-710dc7a71a87: new RaftServerImpl for group-7D00ECF9154A:[1c3f76c4-a361-44c3-a437-710dc7a71a87|rpc:10.1.0.31:15077|admin:10.1.0.31:15076|client:10.1.0.31:15075|dataStream:10.1.0.31:15078|priority:1|startupRole:FOLLOWER] with ContainerStateMachine:uninitialized
2023-06-07 07:10:54,876 [1c3f76c4-a361-44c3-a437-710dc7a71a87-groupManagement] INFO  server.RaftServerConfigKeys (ConfUtils.java:logGet(46)) - raft.server.rpc.timeout.min = 5s (custom)
2023-06-07 07:10:54,876 [1c3f76c4-a361-44c3-a437-710dc7a71a87-groupManagement] INFO  server.RaftServerConfigKeys (ConfUtils.java:logGet(46)) - raft.server.rpc.timeout.max = 5200ms (custom)
2023-06-07 07:10:54,876 [1c3f76c4-a361-44c3-a437-710dc7a71a87-groupManagement] INFO  server.RaftServerConfigKeys (ConfUtils.java:logGet(46)) - raft.server.rpc.sleep.time = 25ms (default)
2023-06-07 07:10:54,876 [1c3f76c4-a361-44c3-a437-710dc7a71a87-groupManagement] INFO  server.RaftServerConfigKeys (ConfUtils.java:logGet(46)) - raft.server.rpc.slowness.timeout = 300s (custom)
2023-06-07 07:10:54,876 [1c3f76c4-a361-44c3-a437-710dc7a71a87-groupManagement] INFO  server.RaftServerConfigKeys (ConfUtils.java:logGet(46)) - raft.server.leaderelection.leader.step-down.wait-time = 10s (default)
2023-06-07 07:10:54,877 [1c3f76c4-a361-44c3-a437-710dc7a71a87-groupManagement] INFO  server.RaftServerConfigKeys (ConfUtils.java:logGet(46)) - raft.server.sleep.deviation.threshold = 300ms (default)
2023-06-07 07:10:54,877 [1c3f76c4-a361-44c3-a437-710dc7a71a87-groupManagement] INFO  server.RaftServer$Division (ServerState.java:<init>(120)) - 1c3f76c4-a361-44c3-a437-710dc7a71a87@group-7D00ECF9154A: ConfigurationManager, init=-1: peers:[1c3f76c4-a361-44c3-a437-710dc7a71a87|rpc:10.1.0.31:15077|admin:10.1.0.31:15076|client:10.1.0.31:15075|dataStream:10.1.0.31:15078|priority:1|startupRole:FOLLOWER]|listeners:[], old=null, confs=<EMPTY_MAP>
2023-06-07 07:10:54,877 [1c3f76c4-a361-44c3-a437-710dc7a71a87-groupManagement] INFO  server.RaftServerConfigKeys (ConfUtils.java:logGet(46)) - raft.server.storage.dir = [/home/runner/work/ozone/ozone/hadoop-ozone/integration-test/target/test-dir/MiniOzoneClusterImpl-28223e3b-fb3b-4559-a623-43dba3cd33a0/datanode-7/data/ratis] (custom)
2023-06-07 07:10:54,877 [1c3f76c4-a361-44c3-a437-710dc7a71a87-groupManagement] INFO  server.RaftServerConfigKeys (ConfUtils.java:logGet(46)) - raft.server.log.corruption.policy = EXCEPTION (default)
2023-06-07 07:10:54,877 [1c3f76c4-a361-44c3-a437-710dc7a71a87-groupManagement] INFO  server.RaftServerConfigKeys (ConfUtils.java:logGet(46)) - raft.server.storage.free-space.min = 0MB (=0) (default)
2023-06-07 07:10:54,878 [20fd9795-0abc-4083-965d-6ba83b10546c-groupManagement] INFO  storage.RaftStorageDirectory (RaftStorageDirectoryImpl.java:tryLock(231)) - Lock on /home/runner/work/ozone/ozone/hadoop-ozone/integration-test/target/test-dir/MiniOzoneClusterImpl-28223e3b-fb3b-4559-a623-43dba3cd33a0/datanode-8/data/ratis/6104eddc-cdf8-44f2-ae6f-9647af00faf7/in_use.lock acquired by nodename 65108@fv-az246-755
2023-06-07 07:10:54,879 [1c3f76c4-a361-44c3-a437-710dc7a71a87-groupManagement] INFO  server.RaftServerConfigKeys (ConfUtils.java:logGet(46)) - raft.server.notification.no-leader.timeout = 300s (custom)
2023-06-07 07:10:54,879 [1c3f76c4-a361-44c3-a437-710dc7a71a87-groupManagement] INFO  server.RaftServerConfigKeys (ConfUtils.java:logGet(46)) - raft.server.read.timeout = 10s (default)
2023-06-07 07:10:54,879 [1c3f76c4-a361-44c3-a437-710dc7a71a87-groupManagement] INFO  server.RaftServerConfigKeys (ConfUtils.java:logGet(46)) - raft.server.retrycache.expirytime = 600000ms (custom)
2023-06-07 07:10:54,879 [1c3f76c4-a361-44c3-a437-710dc7a71a87-groupManagement] INFO  server.RaftServerConfigKeys (ConfUtils.java:logGet(46)) - raft.server.retrycache.statistics.expirytime = 100μs (default)
2023-06-07 07:10:54,879 [1c3f76c4-a361-44c3-a437-710dc7a71a87-groupManagement] INFO  server.RaftServerConfigKeys (ConfUtils.java:logGet(46)) - raft.server.read.option = DEFAULT (default)
2023-06-07 07:10:54,882 [20fd9795-0abc-4083-965d-6ba83b10546c-groupManagement] INFO  storage.RaftStorage (RaftStorageImpl.java:format(96)) - Storage directory /home/runner/work/ozone/ozone/hadoop-ozone/integration-test/target/test-dir/MiniOzoneClusterImpl-28223e3b-fb3b-4559-a623-43dba3cd33a0/datanode-8/data/ratis/6104eddc-cdf8-44f2-ae6f-9647af00faf7 has been successfully formatted.
2023-06-07 07:10:54,883 [20fd9795-0abc-4083-965d-6ba83b10546c-groupManagement] INFO  ratis.ContainerStateMachine (ContainerStateMachine.java:loadSnapshot(262)) - group-9647AF00FAF7: The snapshot info is null. Setting the last applied indexto:(t:0, i:~)
2023-06-07 07:10:54,883 [20fd9795-0abc-4083-965d-6ba83b10546c-groupManagement] INFO  server.RaftServerConfigKeys (ConfUtils.java:logGet(46)) - raft.server.log.use.memory = false (default)
2023-06-07 07:10:54,883 [20fd9795-0abc-4083-965d-6ba83b10546c-groupManagement] INFO  server.RaftServerConfigKeys (ConfUtils.java:logGet(46)) - raft.server.log.purge.gap = 1000000 (custom)
2023-06-07 07:10:54,883 [20fd9795-0abc-4083-965d-6ba83b10546c-groupManagement] INFO  server.RaftServerConfigKeys (ConfUtils.java:logGet(46)) - raft.server.log.appender.buffer.byte-limit = 33554432 (custom)
2023-06-07 07:10:54,883 [20fd9795-0abc-4083-965d-6ba83b10546c-groupManagement] INFO  server.RaftServerConfigKeys (ConfUtils.java:logGet(46)) - raft.server.log.statemachine.data.read.timeout = 1000ms (default)
2023-06-07 07:10:54,884 [20fd9795-0abc-4083-965d-6ba83b10546c-groupManagement] INFO  server.RaftServerConfigKeys (ConfUtils.java:logGet(46)) - raft.server.log.purge.preservation.log.num = 0 (default)
2023-06-07 07:10:54,884 [20fd9795-0abc-4083-965d-6ba83b10546c-groupManagement] INFO  server.RaftServerConfigKeys (ConfUtils.java:logGet(46)) - raft.server.log.segment.size.max = 1048576 (custom)
2023-06-07 07:10:54,884 [1c3f76c4-a361-44c3-a437-710dc7a71a87-groupManagement] INFO  server.RaftServerConfigKeys (ConfUtils.java:logGet(46)) - raft.server.rpc.request.timeout = 60s (custom)
2023-06-07 07:10:54,884 [1c3f76c4-a361-44c3-a437-710dc7a71a87-groupManagement] INFO  server.RaftServerConfigKeys (ConfUtils.java:logGet(46)) - raft.server.log.appender.install.snapshot.enabled = false (custom)
2023-06-07 07:10:54,887 [1c3f76c4-a361-44c3-a437-710dc7a71a87-groupManagement] INFO  server.RaftServerConfigKeys (ConfUtils.java:logGet(46)) - raft.server.threadpool.server.cached = true (default)
2023-06-07 07:10:54,887 [1c3f76c4-a361-44c3-a437-710dc7a71a87-groupManagement] INFO  server.RaftServerConfigKeys (ConfUtils.java:logGet(46)) - raft.server.threadpool.server.size = 0 (default)
2023-06-07 07:10:54,887 [1c3f76c4-a361-44c3-a437-710dc7a71a87-groupManagement] INFO  server.RaftServerConfigKeys (ConfUtils.java:logGet(46)) - raft.server.threadpool.client.cached = true (default)
2023-06-07 07:10:54,887 [1c3f76c4-a361-44c3-a437-710dc7a71a87-groupManagement] INFO  server.RaftServerConfigKeys (ConfUtils.java:logGet(46)) - raft.server.threadpool.client.size = 0 (default)
2023-06-07 07:10:54,887 [20fd9795-0abc-4083-965d-6ba83b10546c-groupManagement] INFO  server.RaftServerConfigKeys (ConfUtils.java:logGet(46)) - raft.server.log.segment.cache.num.max = 2 (custom)
2023-06-07 07:10:54,887 [20fd9795-0abc-4083-965d-6ba83b10546c-groupManagement] INFO  server.RaftServerConfigKeys (ConfUtils.java:logGet(46)) - raft.server.log.segment.cache.size.max = 200MB (=209715200) (default)
2023-06-07 07:10:54,887 [20fd9795-0abc-4083-965d-6ba83b10546c-groupManagement] INFO  server.RaftServerConfigKeys (ConfUtils.java:logGet(46)) - raft.server.log.appender.buffer.byte-limit = 33554432 (custom)
2023-06-07 07:10:54,887 [20fd9795-0abc-4083-965d-6ba83b10546c-groupManagement] INFO  segmented.SegmentedRaftLogWorker (SegmentedRaftLogWorker.java:<init>(188)) - new 20fd9795-0abc-4083-965d-6ba83b10546c@group-9647AF00FAF7-SegmentedRaftLogWorker for RaftStorageImpl:Storage Directory /home/runner/work/ozone/ozone/hadoop-ozone/integration-test/target/test-dir/MiniOzoneClusterImpl-28223e3b-fb3b-4559-a623-43dba3cd33a0/datanode-8/data/ratis/6104eddc-cdf8-44f2-ae6f-9647af00faf7
2023-06-07 07:10:54,888 [20fd9795-0abc-4083-965d-6ba83b10546c-groupManagement] INFO  server.RaftServerConfigKeys (ConfUtils.java:logGet(46)) - raft.server.log.queue.byte-limit = 4294967296 (custom)
2023-06-07 07:10:54,888 [20fd9795-0abc-4083-965d-6ba83b10546c-groupManagement] INFO  server.RaftServerConfigKeys (ConfUtils.java:logGet(46)) - raft.server.log.queue.element-limit = 1024 (custom)
2023-06-07 07:10:54,888 [20fd9795-0abc-4083-965d-6ba83b10546c-groupManagement] INFO  server.RaftServerConfigKeys (ConfUtils.java:logGet(46)) - raft.server.log.segment.size.max = 1048576 (custom)
2023-06-07 07:10:54,888 [20fd9795-0abc-4083-965d-6ba83b10546c-groupManagement] INFO  server.RaftServerConfigKeys (ConfUtils.java:logGet(46)) - raft.server.log.preallocated.size = 16384 (custom)
2023-06-07 07:10:54,888 [20fd9795-0abc-4083-965d-6ba83b10546c-groupManagement] INFO  server.RaftServerConfigKeys (ConfUtils.java:logGet(46)) - raft.server.log.force.sync.num = 128 (default)
2023-06-07 07:10:54,888 [20fd9795-0abc-4083-965d-6ba83b10546c-groupManagement] INFO  server.RaftServerConfigKeys (ConfUtils.java:logGet(46)) - raft.server.log.statemachine.data.sync = true (default)
2023-06-07 07:10:54,888 [20fd9795-0abc-4083-965d-6ba83b10546c-groupManagement] INFO  server.RaftServerConfigKeys (ConfUtils.java:logGet(46)) - raft.server.log.statemachine.data.sync.timeout = 10s (default)
2023-06-07 07:10:54,888 [20fd9795-0abc-4083-965d-6ba83b10546c-groupManagement] INFO  server.RaftServerConfigKeys (ConfUtils.java:logGet(46)) - raft.server.log.statemachine.data.sync.timeout.retry = -1 (default)
2023-06-07 07:10:54,889 [PipelineCommandHandlerThread-0] INFO  server.RaftServer (RaftServerProxy.java:addNew(98)) - 1c3f76c4-a361-44c3-a437-710dc7a71a87: addNew group-7D00ECF9154A:[1c3f76c4-a361-44c3-a437-710dc7a71a87|rpc:10.1.0.31:15077|admin:10.1.0.31:15076|client:10.1.0.31:15075|dataStream:10.1.0.31:15078|priority:1|startupRole:FOLLOWER] returns      null 1c3f76c4-a361-44c3-a437-710dc7a71a87@group-7D00ECF9154A:t0, leader=null, voted=null, raftlog=UNINITIALIZED, conf=-1: peers:[1c3f76c4-a361-44c3-a437-710dc7a71a87|rpc:10.1.0.31:15077|admin:10.1.0.31:15076|client:10.1.0.31:15075|dataStream:10.1.0.31:15078|priority:1|startupRole:FOLLOWER]|listeners:[], old=null NEW
2023-06-07 07:10:54,890 [1c3f76c4-a361-44c3-a437-710dc7a71a87-groupManagement] INFO  storage.RaftStorageDirectory (RaftStorageDirectoryImpl.java:analyzeStorage(137)) - The storage directory /home/runner/work/ozone/ozone/hadoop-ozone/integration-test/target/test-dir/MiniOzoneClusterImpl-28223e3b-fb3b-4559-a623-43dba3cd33a0/datanode-7/data/ratis/294d5083-aa55-44bc-a178-7d00ecf9154a does not exist. Creating ...
2023-06-07 07:10:54,891 [1c3f76c4-a361-44c3-a437-710dc7a71a87-groupManagement] INFO  storage.RaftStorageDirectory (RaftStorageDirectoryImpl.java:tryLock(231)) - Lock on /home/runner/work/ozone/ozone/hadoop-ozone/integration-test/target/test-dir/MiniOzoneClusterImpl-28223e3b-fb3b-4559-a623-43dba3cd33a0/datanode-7/data/ratis/294d5083-aa55-44bc-a178-7d00ecf9154a/in_use.lock acquired by nodename 65108@fv-az246-755
2023-06-07 07:10:54,892 [20fd9795-0abc-4083-965d-6ba83b10546c-groupManagement] INFO  server.RaftServerConfigKeys (ConfUtils.java:logGet(46)) - raft.server.log.write.buffer.size = 1048576 (custom)
2023-06-07 07:10:54,892 [1c3f76c4-a361-44c3-a437-710dc7a71a87-groupManagement] INFO  storage.RaftStorage (RaftStorageImpl.java:format(96)) - Storage directory /home/runner/work/ozone/ozone/hadoop-ozone/integration-test/target/test-dir/MiniOzoneClusterImpl-28223e3b-fb3b-4559-a623-43dba3cd33a0/datanode-7/data/ratis/294d5083-aa55-44bc-a178-7d00ecf9154a has been successfully formatted.
2023-06-07 07:10:54,894 [1c3f76c4-a361-44c3-a437-710dc7a71a87-groupManagement] INFO  ratis.ContainerStateMachine (ContainerStateMachine.java:loadSnapshot(262)) - group-7D00ECF9154A: The snapshot info is null. Setting the last applied indexto:(t:0, i:~)
2023-06-07 07:10:54,894 [1c3f76c4-a361-44c3-a437-710dc7a71a87-groupManagement] INFO  server.RaftServerConfigKeys (ConfUtils.java:logGet(46)) - raft.server.log.use.memory = false (default)
2023-06-07 07:10:54,894 [1c3f76c4-a361-44c3-a437-710dc7a71a87-groupManagement] INFO  server.RaftServerConfigKeys (ConfUtils.java:logGet(46)) - raft.server.log.purge.gap = 1000000 (custom)
2023-06-07 07:10:54,894 [1c3f76c4-a361-44c3-a437-710dc7a71a87-groupManagement] INFO  server.RaftServerConfigKeys (ConfUtils.java:logGet(46)) - raft.server.log.appender.buffer.byte-limit = 33554432 (custom)
2023-06-07 07:10:54,894 [1c3f76c4-a361-44c3-a437-710dc7a71a87-groupManagement] INFO  server.RaftServerConfigKeys (ConfUtils.java:logGet(46)) - raft.server.log.statemachine.data.read.timeout = 1000ms (default)
2023-06-07 07:10:54,894 [1c3f76c4-a361-44c3-a437-710dc7a71a87-groupManagement] INFO  server.RaftServerConfigKeys (ConfUtils.java:logGet(46)) - raft.server.log.purge.preservation.log.num = 0 (default)
2023-06-07 07:10:54,894 [EventQueue-PipelineReportForPipelineReportHandler] INFO  pipeline.PipelineManagerImpl (PipelineManagerImpl.java:openPipeline(367)) - Pipeline Pipeline[ Id: 294d5083-aa55-44bc-a178-7d00ecf9154a, Nodes: 1c3f76c4-a361-44c3-a437-710dc7a71a87(fv-az246-755.dmzl2ssfaldu3choa5k4qgfeyh.jx.internal.cloudapp.net/10.1.0.31), ReplicationConfig: RATIS/ONE, State:ALLOCATED, leaderId:1c3f76c4-a361-44c3-a437-710dc7a71a87, CreationTimestamp2023-06-07T07:10:51.897Z[Etc/UTC]] moved to OPEN state
2023-06-07 07:10:54,895 [1c3f76c4-a361-44c3-a437-710dc7a71a87-groupManagement] INFO  server.RaftServerConfigKeys (ConfUtils.java:logGet(46)) - raft.server.log.segment.size.max = 1048576 (custom)
2023-06-07 07:10:54,895 [EventQueue-OpenPipelineForHealthyPipelineSafeModeRule] INFO  safemode.SCMSafeModeManager (HealthyPipelineSafeModeRule.java:process(137)) - SCM in safe mode. Healthy pipelines reported count is 0, required healthy pipeline reported count is 1
2023-06-07 07:10:54,896 [1c3f76c4-a361-44c3-a437-710dc7a71a87-groupManagement] INFO  server.RaftServerConfigKeys (ConfUtils.java:logGet(46)) - raft.server.log.segment.cache.num.max = 2 (custom)
2023-06-07 07:10:54,896 [1c3f76c4-a361-44c3-a437-710dc7a71a87-groupManagement] INFO  server.RaftServerConfigKeys (ConfUtils.java:logGet(46)) - raft.server.log.segment.cache.size.max = 200MB (=209715200) (default)
2023-06-07 07:10:54,896 [1c3f76c4-a361-44c3-a437-710dc7a71a87-groupManagement] INFO  server.RaftServerConfigKeys (ConfUtils.java:logGet(46)) - raft.server.log.appender.buffer.byte-limit = 33554432 (custom)
2023-06-07 07:10:54,896 [1c3f76c4-a361-44c3-a437-710dc7a71a87-groupManagement] INFO  segmented.SegmentedRaftLogWorker (SegmentedRaftLogWorker.java:<init>(188)) - new 1c3f76c4-a361-44c3-a437-710dc7a71a87@group-7D00ECF9154A-SegmentedRaftLogWorker for RaftStorageImpl:Storage Directory /home/runner/work/ozone/ozone/hadoop-ozone/integration-test/target/test-dir/MiniOzoneClusterImpl-28223e3b-fb3b-4559-a623-43dba3cd33a0/datanode-7/data/ratis/294d5083-aa55-44bc-a178-7d00ecf9154a
2023-06-07 07:10:54,896 [1c3f76c4-a361-44c3-a437-710dc7a71a87-groupManagement] INFO  server.RaftServerConfigKeys (ConfUtils.java:logGet(46)) - raft.server.log.queue.byte-limit = 4294967296 (custom)
2023-06-07 07:10:54,897 [1c3f76c4-a361-44c3-a437-710dc7a71a87-groupManagement] INFO  server.RaftServerConfigKeys (ConfUtils.java:logGet(46)) - raft.server.log.queue.element-limit = 1024 (custom)
2023-06-07 07:10:54,897 [1c3f76c4-a361-44c3-a437-710dc7a71a87-groupManagement] INFO  server.RaftServerConfigKeys (ConfUtils.java:logGet(46)) - raft.server.log.segment.size.max = 1048576 (custom)
2023-06-07 07:10:54,897 [1c3f76c4-a361-44c3-a437-710dc7a71a87-groupManagement] INFO  server.RaftServerConfigKeys (ConfUtils.java:logGet(46)) - raft.server.log.preallocated.size = 16384 (custom)
2023-06-07 07:10:54,897 [1c3f76c4-a361-44c3-a437-710dc7a71a87-groupManagement] INFO  server.RaftServerConfigKeys (ConfUtils.java:logGet(46)) - raft.server.log.force.sync.num = 128 (default)
2023-06-07 07:10:54,897 [1c3f76c4-a361-44c3-a437-710dc7a71a87-groupManagement] INFO  server.RaftServerConfigKeys (ConfUtils.java:logGet(46)) - raft.server.log.statemachine.data.sync = true (default)
2023-06-07 07:10:54,897 [1c3f76c4-a361-44c3-a437-710dc7a71a87-groupManagement] INFO  server.RaftServerConfigKeys (ConfUtils.java:logGet(46)) - raft.server.log.statemachine.data.sync.timeout = 10s (default)
2023-06-07 07:10:54,897 [1c3f76c4-a361-44c3-a437-710dc7a71a87-groupManagement] INFO  server.RaftServerConfigKeys (ConfUtils.java:logGet(46)) - raft.server.log.statemachine.data.sync.timeout.retry = -1 (default)
2023-06-07 07:10:54,897 [20fd9795-0abc-4083-965d-6ba83b10546c-groupManagement] INFO  server.RaftServerConfigKeys (ConfUtils.java:logGet(46)) - raft.server.log.appender.buffer.byte-limit = 33554432 (custom)
2023-06-07 07:10:54,899 [1c3f76c4-a361-44c3-a437-710dc7a71a87-groupManagement] INFO  server.RaftServerConfigKeys (ConfUtils.java:logGet(46)) - raft.server.log.write.buffer.size = 1048576 (custom)
2023-06-07 07:10:54,901 [1c3f76c4-a361-44c3-a437-710dc7a71a87-groupManagement] INFO  server.RaftServerConfigKeys (ConfUtils.java:logGet(46)) - raft.server.log.appender.buffer.byte-limit = 33554432 (custom)
2023-06-07 07:10:54,907 [20fd9795-0abc-4083-965d-6ba83b10546c-groupManagement] INFO  server.RaftServerConfigKeys (ConfUtils.java:logGet(46)) - raft.server.log.unsafe-flush.enabled = false (default)
2023-06-07 07:10:54,908 [20fd9795-0abc-4083-965d-6ba83b10546c-groupManagement] INFO  server.RaftServerConfigKeys (ConfUtils.java:logGet(46)) - raft.server.log.async-flush.enabled = false (default)
2023-06-07 07:10:54,908 [20fd9795-0abc-4083-965d-6ba83b10546c-groupManagement] INFO  server.RaftServerConfigKeys (ConfUtils.java:logGet(46)) - raft.server.log.statemachine.data.caching.enabled = true (custom)
2023-06-07 07:10:54,908 [20fd9795-0abc-4083-965d-6ba83b10546c-groupManagement] INFO  segmented.SegmentedRaftLogWorker (SegmentedRaftLogWorker.java:lambda$new$0(135)) - 20fd9795-0abc-4083-965d-6ba83b10546c@group-9647AF00FAF7-SegmentedRaftLogWorker: flushIndex: setUnconditionally 0 -> -1
2023-06-07 07:10:54,908 [20fd9795-0abc-4083-965d-6ba83b10546c-groupManagement] INFO  segmented.SegmentedRaftLogWorker (SegmentedRaftLogWorker.java:lambda$new$0(135)) - 20fd9795-0abc-4083-965d-6ba83b10546c@group-9647AF00FAF7-SegmentedRaftLogWorker: safeCacheEvictIndex: setUnconditionally 0 -> -1
2023-06-07 07:10:54,909 [20fd9795-0abc-4083-965d-6ba83b10546c-groupManagement] INFO  server.RaftServer$Division (RaftServerImpl.java:start(342)) - 20fd9795-0abc-4083-965d-6ba83b10546c@group-9647AF00FAF7: start as a follower, conf=-1: peers:[1c3f76c4-a361-44c3-a437-710dc7a71a87|rpc:10.1.0.31:15077|admin:10.1.0.31:15076|client:10.1.0.31:15075|dataStream:10.1.0.31:15078|priority:0|startupRole:FOLLOWER, 8757bef3-5796-4279-bd7f-82165642237f|rpc:10.1.0.31:15068|admin:10.1.0.31:15067|client:10.1.0.31:15066|dataStream:10.1.0.31:15069|priority:0|startupRole:FOLLOWER, 20fd9795-0abc-4083-965d-6ba83b10546c|rpc:10.1.0.31:15086|admin:10.1.0.31:15085|client:10.1.0.31:15084|dataStream:10.1.0.31:15087|priority:1|startupRole:FOLLOWER]|listeners:[], old=null
2023-06-07 07:10:54,909 [20fd9795-0abc-4083-965d-6ba83b10546c-groupManagement] INFO  server.RaftServer$Division (RaftServerImpl.java:setRole(329)) - 20fd9795-0abc-4083-965d-6ba83b10546c@group-9647AF00FAF7: changes role from      null to FOLLOWER at term 0 for startAsFollower
2023-06-07 07:10:54,909 [20fd9795-0abc-4083-965d-6ba83b10546c-groupManagement] INFO  impl.RoleInfo (RoleInfo.java:updateAndGet(139)) - 20fd9795-0abc-4083-965d-6ba83b10546c: start 20fd9795-0abc-4083-965d-6ba83b10546c@group-9647AF00FAF7-FollowerState
2023-06-07 07:10:54,912 [1c3f76c4-a361-44c3-a437-710dc7a71a87-groupManagement] INFO  server.RaftServerConfigKeys (ConfUtils.java:logGet(46)) - raft.server.log.unsafe-flush.enabled = false (default)
2023-06-07 07:10:54,913 [1c3f76c4-a361-44c3-a437-710dc7a71a87-groupManagement] INFO  server.RaftServerConfigKeys (ConfUtils.java:logGet(46)) - raft.server.log.async-flush.enabled = false (default)
2023-06-07 07:10:54,913 [1c3f76c4-a361-44c3-a437-710dc7a71a87-groupManagement] INFO  server.RaftServerConfigKeys (ConfUtils.java:logGet(46)) - raft.server.log.statemachine.data.caching.enabled = true (custom)
2023-06-07 07:10:54,913 [1c3f76c4-a361-44c3-a437-710dc7a71a87-groupManagement] INFO  segmented.SegmentedRaftLogWorker (SegmentedRaftLogWorker.java:lambda$new$0(135)) - 1c3f76c4-a361-44c3-a437-710dc7a71a87@group-7D00ECF9154A-SegmentedRaftLogWorker: flushIndex: setUnconditionally 0 -> -1
2023-06-07 07:10:54,915 [1c3f76c4-a361-44c3-a437-710dc7a71a87-groupManagement] INFO  segmented.SegmentedRaftLogWorker (SegmentedRaftLogWorker.java:lambda$new$0(135)) - 1c3f76c4-a361-44c3-a437-710dc7a71a87@group-7D00ECF9154A-SegmentedRaftLogWorker: safeCacheEvictIndex: setUnconditionally 0 -> -1
2023-06-07 07:10:54,913 [20fd9795-0abc-4083-965d-6ba83b10546c@group-9647AF00FAF7-FollowerState] INFO  server.RaftServerConfigKeys (ConfUtils.java:logFallback(53)) - raft.server.rpc.first-election.timeout.min = 5s (fallback to raft.server.rpc.timeout.min)
2023-06-07 07:10:54,912 [20fd9795-0abc-4083-965d-6ba83b10546c-groupManagement] INFO  util.JmxRegister (JmxRegister.java:tryRegister(44)) - Successfully registered JMX Bean with object name Ratis:service=RaftServer,group=group-9647AF00FAF7,id=20fd9795-0abc-4083-965d-6ba83b10546c
2023-06-07 07:10:54,916 [20fd9795-0abc-4083-965d-6ba83b10546c-groupManagement] INFO  server.RaftServerConfigKeys (ConfUtils.java:logGet(46)) - raft.server.snapshot.auto.trigger.enabled = true (custom)
2023-06-07 07:10:54,916 [20fd9795-0abc-4083-965d-6ba83b10546c-groupManagement] INFO  server.RaftServerConfigKeys (ConfUtils.java:logGet(46)) - raft.server.snapshot.auto.trigger.threshold = 10000 (custom)
2023-06-07 07:10:54,916 [20fd9795-0abc-4083-965d-6ba83b10546c-groupManagement] INFO  server.RaftServerConfigKeys (ConfUtils.java:logGet(46)) - raft.server.snapshot.retention.file.num = 5 (custom)
2023-06-07 07:10:54,916 [20fd9795-0abc-4083-965d-6ba83b10546c-groupManagement] INFO  server.RaftServerConfigKeys (ConfUtils.java:logGet(46)) - raft.server.log.purge.upto.snapshot.index = false (default)
2023-06-07 07:10:54,916 [20fd9795-0abc-4083-965d-6ba83b10546c@group-9647AF00FAF7-FollowerState] INFO  server.RaftServerConfigKeys (ConfUtils.java:logFallback(53)) - raft.server.rpc.first-election.timeout.max = 5200ms (fallback to raft.server.rpc.timeout.max)
2023-06-07 07:10:54,917 [1c3f76c4-a361-44c3-a437-710dc7a71a87-groupManagement] INFO  server.RaftServer$Division (RaftServerImpl.java:start(342)) - 1c3f76c4-a361-44c3-a437-710dc7a71a87@group-7D00ECF9154A: start as a follower, conf=-1: peers:[1c3f76c4-a361-44c3-a437-710dc7a71a87|rpc:10.1.0.31:15077|admin:10.1.0.31:15076|client:10.1.0.31:15075|dataStream:10.1.0.31:15078|priority:1|startupRole:FOLLOWER]|listeners:[], old=null
2023-06-07 07:10:54,917 [1c3f76c4-a361-44c3-a437-710dc7a71a87-groupManagement] INFO  server.RaftServer$Division (RaftServerImpl.java:setRole(329)) - 1c3f76c4-a361-44c3-a437-710dc7a71a87@group-7D00ECF9154A: changes role from      null to FOLLOWER at term 0 for startAsFollower
2023-06-07 07:10:54,918 [1c3f76c4-a361-44c3-a437-710dc7a71a87-groupManagement] INFO  impl.RoleInfo (RoleInfo.java:updateAndGet(139)) - 1c3f76c4-a361-44c3-a437-710dc7a71a87: start 1c3f76c4-a361-44c3-a437-710dc7a71a87@group-7D00ECF9154A-FollowerState
2023-06-07 07:10:54,923 [1c3f76c4-a361-44c3-a437-710dc7a71a87-groupManagement] INFO  util.JmxRegister (JmxRegister.java:tryRegister(44)) - Successfully registered JMX Bean with object name Ratis:service=RaftServer,group=group-7D00ECF9154A,id=1c3f76c4-a361-44c3-a437-710dc7a71a87
2023-06-07 07:10:54,923 [1c3f76c4-a361-44c3-a437-710dc7a71a87-groupManagement] INFO  server.RaftServerConfigKeys (ConfUtils.java:logGet(46)) - raft.server.snapshot.auto.trigger.enabled = true (custom)
2023-06-07 07:10:54,923 [1c3f76c4-a361-44c3-a437-710dc7a71a87-groupManagement] INFO  server.RaftServerConfigKeys (ConfUtils.java:logGet(46)) - raft.server.snapshot.auto.trigger.threshold = 10000 (custom)
2023-06-07 07:10:54,923 [1c3f76c4-a361-44c3-a437-710dc7a71a87-groupManagement] INFO  server.RaftServerConfigKeys (ConfUtils.java:logGet(46)) - raft.server.snapshot.retention.file.num = 5 (custom)
2023-06-07 07:10:54,923 [1c3f76c4-a361-44c3-a437-710dc7a71a87-groupManagement] INFO  server.RaftServerConfigKeys (ConfUtils.java:logGet(46)) - raft.server.log.purge.upto.snapshot.index = false (default)
2023-06-07 07:10:54,924 [1c3f76c4-a361-44c3-a437-710dc7a71a87@group-7D00ECF9154A-FollowerState] INFO  server.RaftServerConfigKeys (ConfUtils.java:logFallback(53)) - raft.server.rpc.first-election.timeout.min = 5s (fallback to raft.server.rpc.timeout.min)
2023-06-07 07:10:54,924 [1c3f76c4-a361-44c3-a437-710dc7a71a87@group-7D00ECF9154A-FollowerState] INFO  server.RaftServerConfigKeys (ConfUtils.java:logFallback(53)) - raft.server.rpc.first-election.timeout.max = 5200ms (fallback to raft.server.rpc.timeout.max)
2023-06-07 07:10:54,927 [PipelineCommandHandlerThread-0] INFO  ratis.XceiverServerRatis (XceiverServerRatis.java:addGroup(804)) - Created group PipelineID=294d5083-aa55-44bc-a178-7d00ecf9154a
2023-06-07 07:10:54,927 [PipelineCommandHandlerThread-0] INFO  commandhandler.CreatePipelineCommandHandler (CreatePipelineCommandHandler.java:lambda$handle$2(124)) - Created Pipeline RATIS ONE PipelineID=294d5083-aa55-44bc-a178-7d00ecf9154a.
2023-06-07 07:10:54,927 [PipelineCommandHandlerThread-0] INFO  server.RaftServer (RaftServerProxy.java:addNew(98)) - 1c3f76c4-a361-44c3-a437-710dc7a71a87: addNew group-9647AF00FAF7:[1c3f76c4-a361-44c3-a437-710dc7a71a87|rpc:10.1.0.31:15077|admin:10.1.0.31:15076|client:10.1.0.31:15075|dataStream:10.1.0.31:15078|priority:0|startupRole:FOLLOWER, 8757bef3-5796-4279-bd7f-82165642237f|rpc:10.1.0.31:15068|admin:10.1.0.31:15067|client:10.1.0.31:15066|dataStream:10.1.0.31:15069|priority:0|startupRole:FOLLOWER, 20fd9795-0abc-4083-965d-6ba83b10546c|rpc:10.1.0.31:15086|admin:10.1.0.31:15085|client:10.1.0.31:15084|dataStream:10.1.0.31:15087|priority:1|startupRole:FOLLOWER] returns group-9647AF00FAF7:java.util.concurrent.CompletableFuture@2e76f0cb[Not completed]
2023-06-07 07:10:54,929 [1c3f76c4-a361-44c3-a437-710dc7a71a87-groupManagement] INFO  server.RaftServer$Division (RaftServerImpl.java:<init>(198)) - 1c3f76c4-a361-44c3-a437-710dc7a71a87: new RaftServerImpl for group-9647AF00FAF7:[1c3f76c4-a361-44c3-a437-710dc7a71a87|rpc:10.1.0.31:15077|admin:10.1.0.31:15076|client:10.1.0.31:15075|dataStream:10.1.0.31:15078|priority:0|startupRole:FOLLOWER, 8757bef3-5796-4279-bd7f-82165642237f|rpc:10.1.0.31:15068|admin:10.1.0.31:15067|client:10.1.0.31:15066|dataStream:10.1.0.31:15069|priority:0|startupRole:FOLLOWER, 20fd9795-0abc-4083-965d-6ba83b10546c|rpc:10.1.0.31:15086|admin:10.1.0.31:15085|client:10.1.0.31:15084|dataStream:10.1.0.31:15087|priority:1|startupRole:FOLLOWER] with ContainerStateMachine:uninitialized
2023-06-07 07:10:54,929 [1c3f76c4-a361-44c3-a437-710dc7a71a87-groupManagement] INFO  server.RaftServerConfigKeys (ConfUtils.java:logGet(46)) - raft.server.rpc.timeout.min = 5s (custom)
2023-06-07 07:10:54,929 [1c3f76c4-a361-44c3-a437-710dc7a71a87-groupManagement] INFO  server.RaftServerConfigKeys (ConfUtils.java:logGet(46)) - raft.server.rpc.timeout.max = 5200ms (custom)
2023-06-07 07:10:54,929 [1c3f76c4-a361-44c3-a437-710dc7a71a87-groupManagement] INFO  server.RaftServerConfigKeys (ConfUtils.java:logGet(46)) - raft.server.rpc.sleep.time = 25ms (default)
2023-06-07 07:10:54,929 [1c3f76c4-a361-44c3-a437-710dc7a71a87-groupManagement] INFO  server.RaftServerConfigKeys (ConfUtils.java:logGet(46)) - raft.server.rpc.slowness.timeout = 300s (custom)
2023-06-07 07:10:54,929 [1c3f76c4-a361-44c3-a437-710dc7a71a87-groupManagement] INFO  server.RaftServerConfigKeys (ConfUtils.java:logGet(46)) - raft.server.leaderelection.leader.step-down.wait-time = 10s (default)
2023-06-07 07:10:54,929 [1c3f76c4-a361-44c3-a437-710dc7a71a87-groupManagement] INFO  server.RaftServerConfigKeys (ConfUtils.java:logGet(46)) - raft.server.sleep.deviation.threshold = 300ms (default)
2023-06-07 07:10:54,929 [1c3f76c4-a361-44c3-a437-710dc7a71a87-groupManagement] INFO  server.RaftServer$Division (ServerState.java:<init>(120)) - 1c3f76c4-a361-44c3-a437-710dc7a71a87@group-9647AF00FAF7: ConfigurationManager, init=-1: peers:[1c3f76c4-a361-44c3-a437-710dc7a71a87|rpc:10.1.0.31:15077|admin:10.1.0.31:15076|client:10.1.0.31:15075|dataStream:10.1.0.31:15078|priority:0|startupRole:FOLLOWER, 8757bef3-5796-4279-bd7f-82165642237f|rpc:10.1.0.31:15068|admin:10.1.0.31:15067|client:10.1.0.31:15066|dataStream:10.1.0.31:15069|priority:0|startupRole:FOLLOWER, 20fd9795-0abc-4083-965d-6ba83b10546c|rpc:10.1.0.31:15086|admin:10.1.0.31:15085|client:10.1.0.31:15084|dataStream:10.1.0.31:15087|priority:1|startupRole:FOLLOWER]|listeners:[], old=null, confs=<EMPTY_MAP>
2023-06-07 07:10:54,929 [1c3f76c4-a361-44c3-a437-710dc7a71a87-groupManagement] INFO  server.RaftServerConfigKeys (ConfUtils.java:logGet(46)) - raft.server.storage.dir = [/home/runner/work/ozone/ozone/hadoop-ozone/integration-test/target/test-dir/MiniOzoneClusterImpl-28223e3b-fb3b-4559-a623-43dba3cd33a0/datanode-7/data/ratis] (custom)
2023-06-07 07:10:54,930 [1c3f76c4-a361-44c3-a437-710dc7a71a87-groupManagement] INFO  server.RaftServerConfigKeys (ConfUtils.java:logGet(46)) - raft.server.log.corruption.policy = EXCEPTION (default)
2023-06-07 07:10:54,930 [1c3f76c4-a361-44c3-a437-710dc7a71a87-groupManagement] INFO  server.RaftServerConfigKeys (ConfUtils.java:logGet(46)) - raft.server.storage.free-space.min = 0MB (=0) (default)
2023-06-07 07:10:54,930 [1c3f76c4-a361-44c3-a437-710dc7a71a87-groupManagement] INFO  server.RaftServerConfigKeys (ConfUtils.java:logGet(46)) - raft.server.notification.no-leader.timeout = 300s (custom)
2023-06-07 07:10:54,930 [1c3f76c4-a361-44c3-a437-710dc7a71a87-groupManagement] INFO  server.RaftServerConfigKeys (ConfUtils.java:logGet(46)) - raft.server.read.timeout = 10s (default)
2023-06-07 07:10:54,930 [1c3f76c4-a361-44c3-a437-710dc7a71a87-groupManagement] INFO  server.RaftServerConfigKeys (ConfUtils.java:logGet(46)) - raft.server.retrycache.expirytime = 600000ms (custom)
2023-06-07 07:10:54,930 [1c3f76c4-a361-44c3-a437-710dc7a71a87-groupManagement] INFO  server.RaftServerConfigKeys (ConfUtils.java:logGet(46)) - raft.server.retrycache.statistics.expirytime = 100μs (default)
2023-06-07 07:10:54,930 [1c3f76c4-a361-44c3-a437-710dc7a71a87-groupManagement] INFO  server.RaftServerConfigKeys (ConfUtils.java:logGet(46)) - raft.server.read.option = DEFAULT (default)
2023-06-07 07:10:54,931 [1c3f76c4-a361-44c3-a437-710dc7a71a87-groupManagement] INFO  server.RaftServerConfigKeys (ConfUtils.java:logGet(46)) - raft.server.rpc.request.timeout = 60s (custom)
2023-06-07 07:10:54,931 [1c3f76c4-a361-44c3-a437-710dc7a71a87-groupManagement] INFO  server.RaftServerConfigKeys (ConfUtils.java:logGet(46)) - raft.server.log.appender.install.snapshot.enabled = false (custom)
2023-06-07 07:10:54,931 [1c3f76c4-a361-44c3-a437-710dc7a71a87-groupManagement] INFO  server.RaftServerConfigKeys (ConfUtils.java:logGet(46)) - raft.server.threadpool.server.cached = true (default)
2023-06-07 07:10:54,931 [1c3f76c4-a361-44c3-a437-710dc7a71a87-groupManagement] INFO  server.RaftServerConfigKeys (ConfUtils.java:logGet(46)) - raft.server.threadpool.server.size = 0 (default)
2023-06-07 07:10:54,931 [1c3f76c4-a361-44c3-a437-710dc7a71a87-groupManagement] INFO  server.RaftServerConfigKeys (ConfUtils.java:logGet(46)) - raft.server.threadpool.client.cached = true (default)
2023-06-07 07:10:54,931 [1c3f76c4-a361-44c3-a437-710dc7a71a87-groupManagement] INFO  server.RaftServerConfigKeys (ConfUtils.java:logGet(46)) - raft.server.threadpool.client.size = 0 (default)
2023-06-07 07:10:54,932 [1c3f76c4-a361-44c3-a437-710dc7a71a87-groupManagement] INFO  storage.RaftStorageDirectory (RaftStorageDirectoryImpl.java:analyzeStorage(137)) - The storage directory /home/runner/work/ozone/ozone/hadoop-ozone/integration-test/target/test-dir/MiniOzoneClusterImpl-28223e3b-fb3b-4559-a623-43dba3cd33a0/datanode-7/data/ratis/6104eddc-cdf8-44f2-ae6f-9647af00faf7 does not exist. Creating ...
2023-06-07 07:10:54,945 [1c3f76c4-a361-44c3-a437-710dc7a71a87-groupManagement] INFO  storage.RaftStorageDirectory (RaftStorageDirectoryImpl.java:tryLock(231)) - Lock on /home/runner/work/ozone/ozone/hadoop-ozone/integration-test/target/test-dir/MiniOzoneClusterImpl-28223e3b-fb3b-4559-a623-43dba3cd33a0/datanode-7/data/ratis/6104eddc-cdf8-44f2-ae6f-9647af00faf7/in_use.lock acquired by nodename 65108@fv-az246-755
2023-06-07 07:10:54,950 [1c3f76c4-a361-44c3-a437-710dc7a71a87-groupManagement] INFO  storage.RaftStorage (RaftStorageImpl.java:format(96)) - Storage directory /home/runner/work/ozone/ozone/hadoop-ozone/integration-test/target/test-dir/MiniOzoneClusterImpl-28223e3b-fb3b-4559-a623-43dba3cd33a0/datanode-7/data/ratis/6104eddc-cdf8-44f2-ae6f-9647af00faf7 has been successfully formatted.
2023-06-07 07:10:54,952 [1c3f76c4-a361-44c3-a437-710dc7a71a87-groupManagement] INFO  ratis.ContainerStateMachine (ContainerStateMachine.java:loadSnapshot(262)) - group-9647AF00FAF7: The snapshot info is null. Setting the last applied indexto:(t:0, i:~)
2023-06-07 07:10:54,952 [1c3f76c4-a361-44c3-a437-710dc7a71a87-groupManagement] INFO  server.RaftServerConfigKeys (ConfUtils.java:logGet(46)) - raft.server.log.use.memory = false (default)
2023-06-07 07:10:54,952 [1c3f76c4-a361-44c3-a437-710dc7a71a87-groupManagement] INFO  server.RaftServerConfigKeys (ConfUtils.java:logGet(46)) - raft.server.log.purge.gap = 1000000 (custom)
2023-06-07 07:10:54,953 [EventQueue-OpenPipelineForHealthyPipelineSafeModeRule] INFO  safemode.SCMSafeModeManager (HealthyPipelineSafeModeRule.java:process(137)) - SCM in safe mode. Healthy pipelines reported count is 0, required healthy pipeline reported count is 1
2023-06-07 07:10:54,955 [1c3f76c4-a361-44c3-a437-710dc7a71a87-groupManagement] INFO  server.RaftServerConfigKeys (ConfUtils.java:logGet(46)) - raft.server.log.appender.buffer.byte-limit = 33554432 (custom)
2023-06-07 07:10:54,955 [1c3f76c4-a361-44c3-a437-710dc7a71a87-groupManagement] INFO  server.RaftServerConfigKeys (ConfUtils.java:logGet(46)) - raft.server.log.statemachine.data.read.timeout = 1000ms (default)
2023-06-07 07:10:54,955 [1c3f76c4-a361-44c3-a437-710dc7a71a87-groupManagement] INFO  server.RaftServerConfigKeys (ConfUtils.java:logGet(46)) - raft.server.log.purge.preservation.log.num = 0 (default)
2023-06-07 07:10:54,955 [1c3f76c4-a361-44c3-a437-710dc7a71a87-groupManagement] INFO  server.RaftServerConfigKeys (ConfUtils.java:logGet(46)) - raft.server.log.segment.size.max = 1048576 (custom)
2023-06-07 07:10:54,957 [1c3f76c4-a361-44c3-a437-710dc7a71a87-groupManagement] INFO  server.RaftServerConfigKeys (ConfUtils.java:logGet(46)) - raft.server.log.segment.cache.num.max = 2 (custom)
2023-06-07 07:10:54,957 [1c3f76c4-a361-44c3-a437-710dc7a71a87-groupManagement] INFO  server.RaftServerConfigKeys (ConfUtils.java:logGet(46)) - raft.server.log.segment.cache.size.max = 200MB (=209715200) (default)
2023-06-07 07:10:54,957 [1c3f76c4-a361-44c3-a437-710dc7a71a87-groupManagement] INFO  server.RaftServerConfigKeys (ConfUtils.java:logGet(46)) - raft.server.log.appender.buffer.byte-limit = 33554432 (custom)
2023-06-07 07:10:54,957 [1c3f76c4-a361-44c3-a437-710dc7a71a87-groupManagement] INFO  segmented.SegmentedRaftLogWorker (SegmentedRaftLogWorker.java:<init>(188)) - new 1c3f76c4-a361-44c3-a437-710dc7a71a87@group-9647AF00FAF7-SegmentedRaftLogWorker for RaftStorageImpl:Storage Directory /home/runner/work/ozone/ozone/hadoop-ozone/integration-test/target/test-dir/MiniOzoneClusterImpl-28223e3b-fb3b-4559-a623-43dba3cd33a0/datanode-7/data/ratis/6104eddc-cdf8-44f2-ae6f-9647af00faf7
2023-06-07 07:10:54,957 [1c3f76c4-a361-44c3-a437-710dc7a71a87-groupManagement] INFO  server.RaftServerConfigKeys (ConfUtils.java:logGet(46)) - raft.server.log.queue.byte-limit = 4294967296 (custom)
2023-06-07 07:10:54,957 [1c3f76c4-a361-44c3-a437-710dc7a71a87-groupManagement] INFO  server.RaftServerConfigKeys (ConfUtils.java:logGet(46)) - raft.server.log.queue.element-limit = 1024 (custom)
2023-06-07 07:10:54,957 [1c3f76c4-a361-44c3-a437-710dc7a71a87-groupManagement] INFO  server.RaftServerConfigKeys (ConfUtils.java:logGet(46)) - raft.server.log.segment.size.max = 1048576 (custom)
2023-06-07 07:10:54,957 [1c3f76c4-a361-44c3-a437-710dc7a71a87-groupManagement] INFO  server.RaftServerConfigKeys (ConfUtils.java:logGet(46)) - raft.server.log.preallocated.size = 16384 (custom)
2023-06-07 07:10:54,960 [1c3f76c4-a361-44c3-a437-710dc7a71a87-groupManagement] INFO  server.RaftServerConfigKeys (ConfUtils.java:logGet(46)) - raft.server.log.force.sync.num = 128 (default)
2023-06-07 07:10:54,960 [1c3f76c4-a361-44c3-a437-710dc7a71a87-groupManagement] INFO  server.RaftServerConfigKeys (ConfUtils.java:logGet(46)) - raft.server.log.statemachine.data.sync = true (default)
2023-06-07 07:10:54,960 [1c3f76c4-a361-44c3-a437-710dc7a71a87-groupManagement] INFO  server.RaftServerConfigKeys (ConfUtils.java:logGet(46)) - raft.server.log.statemachine.data.sync.timeout = 10s (default)
2023-06-07 07:10:54,960 [1c3f76c4-a361-44c3-a437-710dc7a71a87-groupManagement] INFO  server.RaftServerConfigKeys (ConfUtils.java:logGet(46)) - raft.server.log.statemachine.data.sync.timeout.retry = -1 (default)
2023-06-07 07:10:54,963 [1c3f76c4-a361-44c3-a437-710dc7a71a87-groupManagement] INFO  server.RaftServerConfigKeys (ConfUtils.java:logGet(46)) - raft.server.log.write.buffer.size = 1048576 (custom)
2023-06-07 07:10:54,964 [1c3f76c4-a361-44c3-a437-710dc7a71a87-groupManagement] INFO  server.RaftServerConfigKeys (ConfUtils.java:logGet(46)) - raft.server.log.appender.buffer.byte-limit = 33554432 (custom)
2023-06-07 07:10:54,974 [1c3f76c4-a361-44c3-a437-710dc7a71a87-groupManagement] INFO  server.RaftServerConfigKeys (ConfUtils.java:logGet(46)) - raft.server.log.unsafe-flush.enabled = false (default)
2023-06-07 07:10:54,974 [1c3f76c4-a361-44c3-a437-710dc7a71a87-groupManagement] INFO  server.RaftServerConfigKeys (ConfUtils.java:logGet(46)) - raft.server.log.async-flush.enabled = false (default)
2023-06-07 07:10:54,974 [1c3f76c4-a361-44c3-a437-710dc7a71a87-groupManagement] INFO  server.RaftServerConfigKeys (ConfUtils.java:logGet(46)) - raft.server.log.statemachine.data.caching.enabled = true (custom)
2023-06-07 07:10:54,979 [1c3f76c4-a361-44c3-a437-710dc7a71a87-groupManagement] INFO  segmented.SegmentedRaftLogWorker (SegmentedRaftLogWorker.java:lambda$new$0(135)) - 1c3f76c4-a361-44c3-a437-710dc7a71a87@group-9647AF00FAF7-SegmentedRaftLogWorker: flushIndex: setUnconditionally 0 -> -1
2023-06-07 07:10:54,980 [1c3f76c4-a361-44c3-a437-710dc7a71a87-groupManagement] INFO  segmented.SegmentedRaftLogWorker (SegmentedRaftLogWorker.java:lambda$new$0(135)) - 1c3f76c4-a361-44c3-a437-710dc7a71a87@group-9647AF00FAF7-SegmentedRaftLogWorker: safeCacheEvictIndex: setUnconditionally 0 -> -1
2023-06-07 07:10:54,980 [1c3f76c4-a361-44c3-a437-710dc7a71a87-groupManagement] INFO  server.RaftServer$Division (RaftServerImpl.java:start(342)) - 1c3f76c4-a361-44c3-a437-710dc7a71a87@group-9647AF00FAF7: start as a follower, conf=-1: peers:[1c3f76c4-a361-44c3-a437-710dc7a71a87|rpc:10.1.0.31:15077|admin:10.1.0.31:15076|client:10.1.0.31:15075|dataStream:10.1.0.31:15078|priority:0|startupRole:FOLLOWER, 8757bef3-5796-4279-bd7f-82165642237f|rpc:10.1.0.31:15068|admin:10.1.0.31:15067|client:10.1.0.31:15066|dataStream:10.1.0.31:15069|priority:0|startupRole:FOLLOWER, 20fd9795-0abc-4083-965d-6ba83b10546c|rpc:10.1.0.31:15086|admin:10.1.0.31:15085|client:10.1.0.31:15084|dataStream:10.1.0.31:15087|priority:1|startupRole:FOLLOWER]|listeners:[], old=null
2023-06-07 07:10:54,980 [1c3f76c4-a361-44c3-a437-710dc7a71a87-groupManagement] INFO  server.RaftServer$Division (RaftServerImpl.java:setRole(329)) - 1c3f76c4-a361-44c3-a437-710dc7a71a87@group-9647AF00FAF7: changes role from      null to FOLLOWER at term 0 for startAsFollower
2023-06-07 07:10:54,980 [1c3f76c4-a361-44c3-a437-710dc7a71a87-groupManagement] INFO  impl.RoleInfo (RoleInfo.java:updateAndGet(139)) - 1c3f76c4-a361-44c3-a437-710dc7a71a87: start 1c3f76c4-a361-44c3-a437-710dc7a71a87@group-9647AF00FAF7-FollowerState
2023-06-07 07:10:54,982 [1c3f76c4-a361-44c3-a437-710dc7a71a87-groupManagement] INFO  util.JmxRegister (JmxRegister.java:tryRegister(44)) - Successfully registered JMX Bean with object name Ratis:service=RaftServer,group=group-9647AF00FAF7,id=1c3f76c4-a361-44c3-a437-710dc7a71a87
2023-06-07 07:10:54,982 [1c3f76c4-a361-44c3-a437-710dc7a71a87-groupManagement] INFO  server.RaftServerConfigKeys (ConfUtils.java:logGet(46)) - raft.server.snapshot.auto.trigger.enabled = true (custom)
2023-06-07 07:10:54,982 [1c3f76c4-a361-44c3-a437-710dc7a71a87-groupManagement] INFO  server.RaftServerConfigKeys (ConfUtils.java:logGet(46)) - raft.server.snapshot.auto.trigger.threshold = 10000 (custom)
2023-06-07 07:10:54,982 [1c3f76c4-a361-44c3-a437-710dc7a71a87-groupManagement] INFO  server.RaftServerConfigKeys (ConfUtils.java:logGet(46)) - raft.server.snapshot.retention.file.num = 5 (custom)
2023-06-07 07:10:54,982 [1c3f76c4-a361-44c3-a437-710dc7a71a87-groupManagement] INFO  server.RaftServerConfigKeys (ConfUtils.java:logGet(46)) - raft.server.log.purge.upto.snapshot.index = false (default)
2023-06-07 07:10:54,982 [PipelineCommandHandlerThread-0] INFO  commandhandler.CreatePipelineCommandHandler (CreatePipelineCommandHandler.java:lambda$handle$2(124)) - Created Pipeline RATIS THREE PipelineID=6104eddc-cdf8-44f2-ae6f-9647af00faf7.
2023-06-07 07:10:54,983 [PipelineCommandHandlerThread-0] INFO  ratis.XceiverServerRatis (XceiverServerRatis.java:addGroup(804)) - Created group PipelineID=6104eddc-cdf8-44f2-ae6f-9647af00faf7
2023-06-07 07:10:54,995 [1c3f76c4-a361-44c3-a437-710dc7a71a87@group-9647AF00FAF7-FollowerState] INFO  server.RaftServerConfigKeys (ConfUtils.java:logFallback(53)) - raft.server.rpc.first-election.timeout.min = 5s (fallback to raft.server.rpc.timeout.min)
2023-06-07 07:10:54,995 [1c3f76c4-a361-44c3-a437-710dc7a71a87@group-9647AF00FAF7-FollowerState] INFO  server.RaftServerConfigKeys (ConfUtils.java:logFallback(53)) - raft.server.rpc.first-election.timeout.max = 5200ms (fallback to raft.server.rpc.timeout.max)
2023-06-07 07:10:55,043 [PipelineCommandHandlerThread-0] INFO  commandhandler.CreatePipelineCommandHandler (CreatePipelineCommandHandler.java:lambda$handle$2(124)) - Created Pipeline RATIS THREE PipelineID=6104eddc-cdf8-44f2-ae6f-9647af00faf7.
2023-06-07 07:10:55,351 [20fd9795-0abc-4083-965d-6ba83b10546c-groupManagement] INFO  server.RaftServer$Division (RaftServerImpl.java:<init>(198)) - 20fd9795-0abc-4083-965d-6ba83b10546c: new RaftServerImpl for group-ACA54D5DCE50:[20fd9795-0abc-4083-965d-6ba83b10546c|rpc:10.1.0.31:15086|admin:10.1.0.31:15085|client:10.1.0.31:15084|dataStream:10.1.0.31:15087|priority:1|startupRole:FOLLOWER] with ContainerStateMachine:uninitialized
2023-06-07 07:10:55,351 [20fd9795-0abc-4083-965d-6ba83b10546c-groupManagement] INFO  server.RaftServerConfigKeys (ConfUtils.java:logGet(46)) - raft.server.rpc.timeout.min = 5s (custom)
2023-06-07 07:10:55,351 [20fd9795-0abc-4083-965d-6ba83b10546c-groupManagement] INFO  server.RaftServerConfigKeys (ConfUtils.java:logGet(46)) - raft.server.rpc.timeout.max = 5200ms (custom)
2023-06-07 07:10:55,351 [20fd9795-0abc-4083-965d-6ba83b10546c-groupManagement] INFO  server.RaftServerConfigKeys (ConfUtils.java:logGet(46)) - raft.server.rpc.sleep.time = 25ms (default)
2023-06-07 07:10:55,351 [20fd9795-0abc-4083-965d-6ba83b10546c-groupManagement] INFO  server.RaftServerConfigKeys (ConfUtils.java:logGet(46)) - raft.server.rpc.slowness.timeout = 300s (custom)
2023-06-07 07:10:55,351 [20fd9795-0abc-4083-965d-6ba83b10546c-groupManagement] INFO  server.RaftServerConfigKeys (ConfUtils.java:logGet(46)) - raft.server.leaderelection.leader.step-down.wait-time = 10s (default)
2023-06-07 07:10:55,351 [20fd9795-0abc-4083-965d-6ba83b10546c-groupManagement] INFO  server.RaftServerConfigKeys (ConfUtils.java:logGet(46)) - raft.server.sleep.deviation.threshold = 300ms (default)
2023-06-07 07:10:55,351 [20fd9795-0abc-4083-965d-6ba83b10546c-groupManagement] INFO  server.RaftServer$Division (ServerState.java:<init>(120)) - 20fd9795-0abc-4083-965d-6ba83b10546c@group-ACA54D5DCE50: ConfigurationManager, init=-1: peers:[20fd9795-0abc-4083-965d-6ba83b10546c|rpc:10.1.0.31:15086|admin:10.1.0.31:15085|client:10.1.0.31:15084|dataStream:10.1.0.31:15087|priority:1|startupRole:FOLLOWER]|listeners:[], old=null, confs=<EMPTY_MAP>
2023-06-07 07:10:55,351 [20fd9795-0abc-4083-965d-6ba83b10546c-groupManagement] INFO  server.RaftServerConfigKeys (ConfUtils.java:logGet(46)) - raft.server.storage.dir = [/home/runner/work/ozone/ozone/hadoop-ozone/integration-test/target/test-dir/MiniOzoneClusterImpl-28223e3b-fb3b-4559-a623-43dba3cd33a0/datanode-8/data/ratis] (custom)
2023-06-07 07:10:55,351 [20fd9795-0abc-4083-965d-6ba83b10546c-groupManagement] INFO  server.RaftServerConfigKeys (ConfUtils.java:logGet(46)) - raft.server.log.corruption.policy = EXCEPTION (default)
2023-06-07 07:10:55,351 [20fd9795-0abc-4083-965d-6ba83b10546c-groupManagement] INFO  server.RaftServerConfigKeys (ConfUtils.java:logGet(46)) - raft.server.storage.free-space.min = 0MB (=0) (default)
2023-06-07 07:10:55,352 [20fd9795-0abc-4083-965d-6ba83b10546c-groupManagement] INFO  server.RaftServerConfigKeys (ConfUtils.java:logGet(46)) - raft.server.notification.no-leader.timeout = 300s (custom)
2023-06-07 07:10:55,352 [20fd9795-0abc-4083-965d-6ba83b10546c-groupManagement] INFO  server.RaftServerConfigKeys (ConfUtils.java:logGet(46)) - raft.server.read.timeout = 10s (default)
2023-06-07 07:10:55,352 [20fd9795-0abc-4083-965d-6ba83b10546c-groupManagement] INFO  server.RaftServerConfigKeys (ConfUtils.java:logGet(46)) - raft.server.retrycache.expirytime = 600000ms (custom)
2023-06-07 07:10:55,352 [20fd9795-0abc-4083-965d-6ba83b10546c-groupManagement] INFO  server.RaftServerConfigKeys (ConfUtils.java:logGet(46)) - raft.server.retrycache.statistics.expirytime = 100μs (default)
2023-06-07 07:10:55,352 [20fd9795-0abc-4083-965d-6ba83b10546c-groupManagement] INFO  server.RaftServerConfigKeys (ConfUtils.java:logGet(46)) - raft.server.read.option = DEFAULT (default)
2023-06-07 07:10:55,353 [PipelineCommandHandlerThread-0] INFO  server.RaftServer (RaftServerProxy.java:addNew(98)) - 20fd9795-0abc-4083-965d-6ba83b10546c: addNew group-ACA54D5DCE50:[20fd9795-0abc-4083-965d-6ba83b10546c|rpc:10.1.0.31:15086|admin:10.1.0.31:15085|client:10.1.0.31:15084|dataStream:10.1.0.31:15087|priority:1|startupRole:FOLLOWER] returns group-ACA54D5DCE50:java.util.concurrent.CompletableFuture@11a8ed63[Not completed]
2023-06-07 07:10:55,354 [20fd9795-0abc-4083-965d-6ba83b10546c-groupManagement] INFO  server.RaftServerConfigKeys (ConfUtils.java:logGet(46)) - raft.server.rpc.request.timeout = 60s (custom)
2023-06-07 07:10:55,354 [20fd9795-0abc-4083-965d-6ba83b10546c-groupManagement] INFO  server.RaftServerConfigKeys (ConfUtils.java:logGet(46)) - raft.server.log.appender.install.snapshot.enabled = false (custom)
2023-06-07 07:10:55,354 [20fd9795-0abc-4083-965d-6ba83b10546c-groupManagement] INFO  server.RaftServerConfigKeys (ConfUtils.java:logGet(46)) - raft.server.threadpool.server.cached = true (default)
2023-06-07 07:10:55,355 [20fd9795-0abc-4083-965d-6ba83b10546c-groupManagement] INFO  server.RaftServerConfigKeys (ConfUtils.java:logGet(46)) - raft.server.threadpool.server.size = 0 (default)
2023-06-07 07:10:55,355 [20fd9795-0abc-4083-965d-6ba83b10546c-groupManagement] INFO  server.RaftServerConfigKeys (ConfUtils.java:logGet(46)) - raft.server.threadpool.client.cached = true (default)
2023-06-07 07:10:55,355 [20fd9795-0abc-4083-965d-6ba83b10546c-groupManagement] INFO  server.RaftServerConfigKeys (ConfUtils.java:logGet(46)) - raft.server.threadpool.client.size = 0 (default)
2023-06-07 07:10:55,355 [20fd9795-0abc-4083-965d-6ba83b10546c-groupManagement] INFO  storage.RaftStorageDirectory (RaftStorageDirectoryImpl.java:analyzeStorage(137)) - The storage directory /home/runner/work/ozone/ozone/hadoop-ozone/integration-test/target/test-dir/MiniOzoneClusterImpl-28223e3b-fb3b-4559-a623-43dba3cd33a0/datanode-8/data/ratis/a92714d7-7814-499a-bafe-aca54d5dce50 does not exist. Creating ...
2023-06-07 07:10:55,356 [20fd9795-0abc-4083-965d-6ba83b10546c-groupManagement] INFO  storage.RaftStorageDirectory (RaftStorageDirectoryImpl.java:tryLock(231)) - Lock on /home/runner/work/ozone/ozone/hadoop-ozone/integration-test/target/test-dir/MiniOzoneClusterImpl-28223e3b-fb3b-4559-a623-43dba3cd33a0/datanode-8/data/ratis/a92714d7-7814-499a-bafe-aca54d5dce50/in_use.lock acquired by nodename 65108@fv-az246-755
2023-06-07 07:10:55,358 [20fd9795-0abc-4083-965d-6ba83b10546c-groupManagement] INFO  storage.RaftStorage (RaftStorageImpl.java:format(96)) - Storage directory /home/runner/work/ozone/ozone/hadoop-ozone/integration-test/target/test-dir/MiniOzoneClusterImpl-28223e3b-fb3b-4559-a623-43dba3cd33a0/datanode-8/data/ratis/a92714d7-7814-499a-bafe-aca54d5dce50 has been successfully formatted.
2023-06-07 07:10:55,358 [20fd9795-0abc-4083-965d-6ba83b10546c-groupManagement] INFO  ratis.ContainerStateMachine (ContainerStateMachine.java:loadSnapshot(262)) - group-ACA54D5DCE50: The snapshot info is null. Setting the last applied indexto:(t:0, i:~)
2023-06-07 07:10:55,358 [20fd9795-0abc-4083-965d-6ba83b10546c-groupManagement] INFO  server.RaftServerConfigKeys (ConfUtils.java:logGet(46)) - raft.server.log.use.memory = false (default)
2023-06-07 07:10:55,359 [20fd9795-0abc-4083-965d-6ba83b10546c-groupManagement] INFO  server.RaftServerConfigKeys (ConfUtils.java:logGet(46)) - raft.server.log.purge.gap = 1000000 (custom)
2023-06-07 07:10:55,359 [20fd9795-0abc-4083-965d-6ba83b10546c-groupManagement] INFO  server.RaftServerConfigKeys (ConfUtils.java:logGet(46)) - raft.server.log.appender.buffer.byte-limit = 33554432 (custom)
2023-06-07 07:10:55,359 [20fd9795-0abc-4083-965d-6ba83b10546c-groupManagement] INFO  server.RaftServerConfigKeys (ConfUtils.java:logGet(46)) - raft.server.log.statemachine.data.read.timeout = 1000ms (default)
2023-06-07 07:10:55,359 [20fd9795-0abc-4083-965d-6ba83b10546c-groupManagement] INFO  server.RaftServerConfigKeys (ConfUtils.java:logGet(46)) - raft.server.log.purge.preservation.log.num = 0 (default)
2023-06-07 07:10:55,359 [20fd9795-0abc-4083-965d-6ba83b10546c-groupManagement] INFO  server.RaftServerConfigKeys (ConfUtils.java:logGet(46)) - raft.server.log.segment.size.max = 1048576 (custom)
2023-06-07 07:10:55,360 [EventQueue-PipelineReportForPipelineReportHandler] INFO  pipeline.PipelineManagerImpl (PipelineManagerImpl.java:openPipeline(367)) - Pipeline Pipeline[ Id: a92714d7-7814-499a-bafe-aca54d5dce50, Nodes: 20fd9795-0abc-4083-965d-6ba83b10546c(fv-az246-755.dmzl2ssfaldu3choa5k4qgfeyh.jx.internal.cloudapp.net/10.1.0.31), ReplicationConfig: RATIS/ONE, State:ALLOCATED, leaderId:20fd9795-0abc-4083-965d-6ba83b10546c, CreationTimestamp2023-06-07T07:10:52.374Z[Etc/UTC]] moved to OPEN state
2023-06-07 07:10:55,361 [EventQueue-OpenPipelineForHealthyPipelineSafeModeRule] INFO  safemode.SCMSafeModeManager (HealthyPipelineSafeModeRule.java:process(137)) - SCM in safe mode. Healthy pipelines reported count is 0, required healthy pipeline reported count is 1
2023-06-07 07:10:55,362 [20fd9795-0abc-4083-965d-6ba83b10546c-groupManagement] INFO  server.RaftServerConfigKeys (ConfUtils.java:logGet(46)) - raft.server.log.segment.cache.num.max = 2 (custom)
2023-06-07 07:10:55,362 [20fd9795-0abc-4083-965d-6ba83b10546c-groupManagement] INFO  server.RaftServerConfigKeys (ConfUtils.java:logGet(46)) - raft.server.log.segment.cache.size.max = 200MB (=209715200) (default)
2023-06-07 07:10:55,362 [20fd9795-0abc-4083-965d-6ba83b10546c-groupManagement] INFO  server.RaftServerConfigKeys (ConfUtils.java:logGet(46)) - raft.server.log.appender.buffer.byte-limit = 33554432 (custom)
2023-06-07 07:10:55,362 [20fd9795-0abc-4083-965d-6ba83b10546c-groupManagement] INFO  segmented.SegmentedRaftLogWorker (SegmentedRaftLogWorker.java:<init>(188)) - new 20fd9795-0abc-4083-965d-6ba83b10546c@group-ACA54D5DCE50-SegmentedRaftLogWorker for RaftStorageImpl:Storage Directory /home/runner/work/ozone/ozone/hadoop-ozone/integration-test/target/test-dir/MiniOzoneClusterImpl-28223e3b-fb3b-4559-a623-43dba3cd33a0/datanode-8/data/ratis/a92714d7-7814-499a-bafe-aca54d5dce50
2023-06-07 07:10:55,362 [20fd9795-0abc-4083-965d-6ba83b10546c-groupManagement] INFO  server.RaftServerConfigKeys (ConfUtils.java:logGet(46)) - raft.server.log.queue.byte-limit = 4294967296 (custom)
2023-06-07 07:10:55,362 [20fd9795-0abc-4083-965d-6ba83b10546c-groupManagement] INFO  server.RaftServerConfigKeys (ConfUtils.java:logGet(46)) - raft.server.log.queue.element-limit = 1024 (custom)
2023-06-07 07:10:55,362 [20fd9795-0abc-4083-965d-6ba83b10546c-groupManagement] INFO  server.RaftServerConfigKeys (ConfUtils.java:logGet(46)) - raft.server.log.segment.size.max = 1048576 (custom)
2023-06-07 07:10:55,362 [20fd9795-0abc-4083-965d-6ba83b10546c-groupManagement] INFO  server.RaftServerConfigKeys (ConfUtils.java:logGet(46)) - raft.server.log.preallocated.size = 16384 (custom)
2023-06-07 07:10:55,362 [20fd9795-0abc-4083-965d-6ba83b10546c-groupManagement] INFO  server.RaftServerConfigKeys (ConfUtils.java:logGet(46)) - raft.server.log.force.sync.num = 128 (default)
2023-06-07 07:10:55,362 [20fd9795-0abc-4083-965d-6ba83b10546c-groupManagement] INFO  server.RaftServerConfigKeys (ConfUtils.java:logGet(46)) - raft.server.log.statemachine.data.sync = true (default)
2023-06-07 07:10:55,363 [20fd9795-0abc-4083-965d-6ba83b10546c-groupManagement] INFO  server.RaftServerConfigKeys (ConfUtils.java:logGet(46)) - raft.server.log.statemachine.data.sync.timeout = 10s (default)
2023-06-07 07:10:55,363 [20fd9795-0abc-4083-965d-6ba83b10546c-groupManagement] INFO  server.RaftServerConfigKeys (ConfUtils.java:logGet(46)) - raft.server.log.statemachine.data.sync.timeout.retry = -1 (default)
2023-06-07 07:10:55,364 [20fd9795-0abc-4083-965d-6ba83b10546c-groupManagement] INFO  server.RaftServerConfigKeys (ConfUtils.java:logGet(46)) - raft.server.log.write.buffer.size = 1048576 (custom)
2023-06-07 07:10:55,365 [20fd9795-0abc-4083-965d-6ba83b10546c-groupManagement] INFO  server.RaftServerConfigKeys (ConfUtils.java:logGet(46)) - raft.server.log.appender.buffer.byte-limit = 33554432 (custom)
2023-06-07 07:10:55,372 [20fd9795-0abc-4083-965d-6ba83b10546c-groupManagement] INFO  server.RaftServerConfigKeys (ConfUtils.java:logGet(46)) - raft.server.log.unsafe-flush.enabled = false (default)
2023-06-07 07:10:55,372 [20fd9795-0abc-4083-965d-6ba83b10546c-groupManagement] INFO  server.RaftServerConfigKeys (ConfUtils.java:logGet(46)) - raft.server.log.async-flush.enabled = false (default)
2023-06-07 07:10:55,372 [20fd9795-0abc-4083-965d-6ba83b10546c-groupManagement] INFO  server.RaftServerConfigKeys (ConfUtils.java:logGet(46)) - raft.server.log.statemachine.data.caching.enabled = true (custom)
2023-06-07 07:10:55,373 [20fd9795-0abc-4083-965d-6ba83b10546c-groupManagement] INFO  segmented.SegmentedRaftLogWorker (SegmentedRaftLogWorker.java:lambda$new$0(135)) - 20fd9795-0abc-4083-965d-6ba83b10546c@group-ACA54D5DCE50-SegmentedRaftLogWorker: flushIndex: setUnconditionally 0 -> -1
2023-06-07 07:10:55,373 [20fd9795-0abc-4083-965d-6ba83b10546c-groupManagement] INFO  segmented.SegmentedRaftLogWorker (SegmentedRaftLogWorker.java:lambda$new$0(135)) - 20fd9795-0abc-4083-965d-6ba83b10546c@group-ACA54D5DCE50-SegmentedRaftLogWorker: safeCacheEvictIndex: setUnconditionally 0 -> -1
2023-06-07 07:10:55,377 [20fd9795-0abc-4083-965d-6ba83b10546c-groupManagement] INFO  server.RaftServer$Division (RaftServerImpl.java:start(342)) - 20fd9795-0abc-4083-965d-6ba83b10546c@group-ACA54D5DCE50: start as a follower, conf=-1: peers:[20fd9795-0abc-4083-965d-6ba83b10546c|rpc:10.1.0.31:15086|admin:10.1.0.31:15085|client:10.1.0.31:15084|dataStream:10.1.0.31:15087|priority:1|startupRole:FOLLOWER]|listeners:[], old=null
2023-06-07 07:10:55,377 [20fd9795-0abc-4083-965d-6ba83b10546c-groupManagement] INFO  server.RaftServer$Division (RaftServerImpl.java:setRole(329)) - 20fd9795-0abc-4083-965d-6ba83b10546c@group-ACA54D5DCE50: changes role from      null to FOLLOWER at term 0 for startAsFollower
2023-06-07 07:10:55,378 [20fd9795-0abc-4083-965d-6ba83b10546c-groupManagement] INFO  impl.RoleInfo (RoleInfo.java:updateAndGet(139)) - 20fd9795-0abc-4083-965d-6ba83b10546c: start 20fd9795-0abc-4083-965d-6ba83b10546c@group-ACA54D5DCE50-FollowerState
2023-06-07 07:10:55,383 [20fd9795-0abc-4083-965d-6ba83b10546c-groupManagement] INFO  util.JmxRegister (JmxRegister.java:tryRegister(44)) - Successfully registered JMX Bean with object name Ratis:service=RaftServer,group=group-ACA54D5DCE50,id=20fd9795-0abc-4083-965d-6ba83b10546c
2023-06-07 07:10:55,383 [20fd9795-0abc-4083-965d-6ba83b10546c-groupManagement] INFO  server.RaftServerConfigKeys (ConfUtils.java:logGet(46)) - raft.server.snapshot.auto.trigger.enabled = true (custom)
2023-06-07 07:10:55,383 [20fd9795-0abc-4083-965d-6ba83b10546c-groupManagement] INFO  server.RaftServerConfigKeys (ConfUtils.java:logGet(46)) - raft.server.snapshot.auto.trigger.threshold = 10000 (custom)
2023-06-07 07:10:55,383 [20fd9795-0abc-4083-965d-6ba83b10546c-groupManagement] INFO  server.RaftServerConfigKeys (ConfUtils.java:logGet(46)) - raft.server.snapshot.retention.file.num = 5 (custom)
2023-06-07 07:10:55,383 [20fd9795-0abc-4083-965d-6ba83b10546c-groupManagement] INFO  server.RaftServerConfigKeys (ConfUtils.java:logGet(46)) - raft.server.log.purge.upto.snapshot.index = false (default)
2023-06-07 07:10:55,384 [PipelineCommandHandlerThread-0] INFO  ratis.XceiverServerRatis (XceiverServerRatis.java:addGroup(804)) - Created group PipelineID=a92714d7-7814-499a-bafe-aca54d5dce50
2023-06-07 07:10:55,384 [PipelineCommandHandlerThread-0] INFO  commandhandler.CreatePipelineCommandHandler (CreatePipelineCommandHandler.java:lambda$handle$2(124)) - Created Pipeline RATIS ONE PipelineID=a92714d7-7814-499a-bafe-aca54d5dce50.
2023-06-07 07:10:55,385 [20fd9795-0abc-4083-965d-6ba83b10546c@group-ACA54D5DCE50-FollowerState] INFO  server.RaftServerConfigKeys (ConfUtils.java:logFallback(53)) - raft.server.rpc.first-election.timeout.min = 5s (fallback to raft.server.rpc.timeout.min)
2023-06-07 07:10:55,385 [20fd9795-0abc-4083-965d-6ba83b10546c@group-ACA54D5DCE50-FollowerState] INFO  server.RaftServerConfigKeys (ConfUtils.java:logFallback(53)) - raft.server.rpc.first-election.timeout.max = 5200ms (fallback to raft.server.rpc.timeout.max)
2023-06-07 07:10:55,746 [main] INFO  ozone.MiniOzoneClusterImpl (MiniOzoneClusterImpl.java:lambda$waitForClusterToBeReady$0(222)) - Nodes are ready. Got 14 of 14 DN Heartbeats.
2023-06-07 07:10:55,747 [main] INFO  ozone.MiniOzoneClusterImpl (MiniOzoneClusterImpl.java:lambda$waitForClusterToBeReady$0(225)) - Waiting for cluster to exit safe mode
2023-06-07 07:10:55,747 [main] INFO  ozone.MiniOzoneClusterImpl (MiniOzoneClusterImpl.java:lambda$waitForClusterToBeReady$0(227)) - SCM became leader
2023-06-07 07:10:55,770 [PipelineCommandHandlerThread-0] INFO  server.RaftServer (RaftServerProxy.java:addNew(98)) - 53afdcff-9740-4d1d-9155-3eea53ceb243: addNew group-F73FE6C43A4A:[53afdcff-9740-4d1d-9155-3eea53ceb243|rpc:10.1.0.31:15095|admin:10.1.0.31:15094|client:10.1.0.31:15093|dataStream:10.1.0.31:15096|priority:1|startupRole:FOLLOWER] returns group-F73FE6C43A4A:java.util.concurrent.CompletableFuture@59998c6a[Not completed]
2023-06-07 07:10:55,773 [53afdcff-9740-4d1d-9155-3eea53ceb243-groupManagement] INFO  server.RaftServer$Division (RaftServerImpl.java:<init>(198)) - 53afdcff-9740-4d1d-9155-3eea53ceb243: new RaftServerImpl for group-F73FE6C43A4A:[53afdcff-9740-4d1d-9155-3eea53ceb243|rpc:10.1.0.31:15095|admin:10.1.0.31:15094|client:10.1.0.31:15093|dataStream:10.1.0.31:15096|priority:1|startupRole:FOLLOWER] with ContainerStateMachine:uninitialized
2023-06-07 07:10:55,773 [53afdcff-9740-4d1d-9155-3eea53ceb243-groupManagement] INFO  server.RaftServerConfigKeys (ConfUtils.java:logGet(46)) - raft.server.rpc.timeout.min = 5s (custom)
2023-06-07 07:10:55,773 [53afdcff-9740-4d1d-9155-3eea53ceb243-groupManagement] INFO  server.RaftServerConfigKeys (ConfUtils.java:logGet(46)) - raft.server.rpc.timeout.max = 5200ms (custom)
2023-06-07 07:10:55,773 [53afdcff-9740-4d1d-9155-3eea53ceb243-groupManagement] INFO  server.RaftServerConfigKeys (ConfUtils.java:logGet(46)) - raft.server.rpc.sleep.time = 25ms (default)
2023-06-07 07:10:55,773 [53afdcff-9740-4d1d-9155-3eea53ceb243-groupManagement] INFO  server.RaftServerConfigKeys (ConfUtils.java:logGet(46)) - raft.server.rpc.slowness.timeout = 300s (custom)
2023-06-07 07:10:55,773 [53afdcff-9740-4d1d-9155-3eea53ceb243-groupManagement] INFO  server.RaftServerConfigKeys (ConfUtils.java:logGet(46)) - raft.server.leaderelection.leader.step-down.wait-time = 10s (default)
2023-06-07 07:10:55,773 [53afdcff-9740-4d1d-9155-3eea53ceb243-groupManagement] INFO  server.RaftServerConfigKeys (ConfUtils.java:logGet(46)) - raft.server.sleep.deviation.threshold = 300ms (default)
2023-06-07 07:10:55,774 [53afdcff-9740-4d1d-9155-3eea53ceb243-groupManagement] INFO  server.RaftServer$Division (ServerState.java:<init>(120)) - 53afdcff-9740-4d1d-9155-3eea53ceb243@group-F73FE6C43A4A: ConfigurationManager, init=-1: peers:[53afdcff-9740-4d1d-9155-3eea53ceb243|rpc:10.1.0.31:15095|admin:10.1.0.31:15094|client:10.1.0.31:15093|dataStream:10.1.0.31:15096|priority:1|startupRole:FOLLOWER]|listeners:[], old=null, confs=<EMPTY_MAP>
2023-06-07 07:10:55,774 [53afdcff-9740-4d1d-9155-3eea53ceb243-groupManagement] INFO  server.RaftServerConfigKeys (ConfUtils.java:logGet(46)) - raft.server.storage.dir = [/home/runner/work/ozone/ozone/hadoop-ozone/integration-test/target/test-dir/MiniOzoneClusterImpl-28223e3b-fb3b-4559-a623-43dba3cd33a0/datanode-9/data/ratis] (custom)
2023-06-07 07:10:55,774 [53afdcff-9740-4d1d-9155-3eea53ceb243-groupManagement] INFO  server.RaftServerConfigKeys (ConfUtils.java:logGet(46)) - raft.server.log.corruption.policy = EXCEPTION (default)
2023-06-07 07:10:55,774 [53afdcff-9740-4d1d-9155-3eea53ceb243-groupManagement] INFO  server.RaftServerConfigKeys (ConfUtils.java:logGet(46)) - raft.server.storage.free-space.min = 0MB (=0) (default)
2023-06-07 07:10:55,776 [53afdcff-9740-4d1d-9155-3eea53ceb243-groupManagement] INFO  server.RaftServerConfigKeys (ConfUtils.java:logGet(46)) - raft.server.notification.no-leader.timeout = 300s (custom)
2023-06-07 07:10:55,776 [53afdcff-9740-4d1d-9155-3eea53ceb243-groupManagement] INFO  server.RaftServerConfigKeys (ConfUtils.java:logGet(46)) - raft.server.read.timeout = 10s (default)
2023-06-07 07:10:55,776 [53afdcff-9740-4d1d-9155-3eea53ceb243-groupManagement] INFO  server.RaftServerConfigKeys (ConfUtils.java:logGet(46)) - raft.server.retrycache.expirytime = 600000ms (custom)
2023-06-07 07:10:55,776 [53afdcff-9740-4d1d-9155-3eea53ceb243-groupManagement] INFO  server.RaftServerConfigKeys (ConfUtils.java:logGet(46)) - raft.server.retrycache.statistics.expirytime = 100μs (default)
2023-06-07 07:10:55,776 [53afdcff-9740-4d1d-9155-3eea53ceb243-groupManagement] INFO  server.RaftServerConfigKeys (ConfUtils.java:logGet(46)) - raft.server.read.option = DEFAULT (default)
2023-06-07 07:10:55,777 [53afdcff-9740-4d1d-9155-3eea53ceb243-groupManagement] INFO  server.RaftServerConfigKeys (ConfUtils.java:logGet(46)) - raft.server.rpc.request.timeout = 60s (custom)
2023-06-07 07:10:55,778 [53afdcff-9740-4d1d-9155-3eea53ceb243-groupManagement] INFO  server.RaftServerConfigKeys (ConfUtils.java:logGet(46)) - raft.server.log.appender.install.snapshot.enabled = false (custom)
2023-06-07 07:10:55,778 [53afdcff-9740-4d1d-9155-3eea53ceb243-groupManagement] INFO  server.RaftServerConfigKeys (ConfUtils.java:logGet(46)) - raft.server.threadpool.server.cached = true (default)
2023-06-07 07:10:55,778 [53afdcff-9740-4d1d-9155-3eea53ceb243-groupManagement] INFO  server.RaftServerConfigKeys (ConfUtils.java:logGet(46)) - raft.server.threadpool.server.size = 0 (default)
2023-06-07 07:10:55,778 [53afdcff-9740-4d1d-9155-3eea53ceb243-groupManagement] INFO  server.RaftServerConfigKeys (ConfUtils.java:logGet(46)) - raft.server.threadpool.client.cached = true (default)
2023-06-07 07:10:55,778 [53afdcff-9740-4d1d-9155-3eea53ceb243-groupManagement] INFO  server.RaftServerConfigKeys (ConfUtils.java:logGet(46)) - raft.server.threadpool.client.size = 0 (default)
2023-06-07 07:10:55,778 [53afdcff-9740-4d1d-9155-3eea53ceb243-groupManagement] INFO  storage.RaftStorageDirectory (RaftStorageDirectoryImpl.java:analyzeStorage(137)) - The storage directory /home/runner/work/ozone/ozone/hadoop-ozone/integration-test/target/test-dir/MiniOzoneClusterImpl-28223e3b-fb3b-4559-a623-43dba3cd33a0/datanode-9/data/ratis/4b37e625-8716-4dbe-9410-f73fe6c43a4a does not exist. Creating ...
2023-06-07 07:10:55,780 [53afdcff-9740-4d1d-9155-3eea53ceb243-groupManagement] INFO  storage.RaftStorageDirectory (RaftStorageDirectoryImpl.java:tryLock(231)) - Lock on /home/runner/work/ozone/ozone/hadoop-ozone/integration-test/target/test-dir/MiniOzoneClusterImpl-28223e3b-fb3b-4559-a623-43dba3cd33a0/datanode-9/data/ratis/4b37e625-8716-4dbe-9410-f73fe6c43a4a/in_use.lock acquired by nodename 65108@fv-az246-755
2023-06-07 07:10:55,781 [53afdcff-9740-4d1d-9155-3eea53ceb243-groupManagement] INFO  storage.RaftStorage (RaftStorageImpl.java:format(96)) - Storage directory /home/runner/work/ozone/ozone/hadoop-ozone/integration-test/target/test-dir/MiniOzoneClusterImpl-28223e3b-fb3b-4559-a623-43dba3cd33a0/datanode-9/data/ratis/4b37e625-8716-4dbe-9410-f73fe6c43a4a has been successfully formatted.
2023-06-07 07:10:55,784 [53afdcff-9740-4d1d-9155-3eea53ceb243-groupManagement] INFO  ratis.ContainerStateMachine (ContainerStateMachine.java:loadSnapshot(262)) - group-F73FE6C43A4A: The snapshot info is null. Setting the last applied indexto:(t:0, i:~)
2023-06-07 07:10:55,784 [53afdcff-9740-4d1d-9155-3eea53ceb243-groupManagement] INFO  server.RaftServerConfigKeys (ConfUtils.java:logGet(46)) - raft.server.log.use.memory = false (default)
2023-06-07 07:10:55,784 [53afdcff-9740-4d1d-9155-3eea53ceb243-groupManagement] INFO  server.RaftServerConfigKeys (ConfUtils.java:logGet(46)) - raft.server.log.purge.gap = 1000000 (custom)
2023-06-07 07:10:55,784 [53afdcff-9740-4d1d-9155-3eea53ceb243-groupManagement] INFO  server.RaftServerConfigKeys (ConfUtils.java:logGet(46)) - raft.server.log.appender.buffer.byte-limit = 33554432 (custom)
2023-06-07 07:10:55,784 [53afdcff-9740-4d1d-9155-3eea53ceb243-groupManagement] INFO  server.RaftServerConfigKeys (ConfUtils.java:logGet(46)) - raft.server.log.statemachine.data.read.timeout = 1000ms (default)
2023-06-07 07:10:55,784 [53afdcff-9740-4d1d-9155-3eea53ceb243-groupManagement] INFO  server.RaftServerConfigKeys (ConfUtils.java:logGet(46)) - raft.server.log.purge.preservation.log.num = 0 (default)
2023-06-07 07:10:55,784 [53afdcff-9740-4d1d-9155-3eea53ceb243-groupManagement] INFO  server.RaftServerConfigKeys (ConfUtils.java:logGet(46)) - raft.server.log.segment.size.max = 1048576 (custom)
2023-06-07 07:10:55,785 [EventQueue-PipelineReportForPipelineReportHandler] INFO  pipeline.PipelineManagerImpl (PipelineManagerImpl.java:openPipeline(367)) - Pipeline Pipeline[ Id: 4b37e625-8716-4dbe-9410-f73fe6c43a4a, Nodes: 53afdcff-9740-4d1d-9155-3eea53ceb243(fv-az246-755.dmzl2ssfaldu3choa5k4qgfeyh.jx.internal.cloudapp.net/10.1.0.31), ReplicationConfig: RATIS/ONE, State:ALLOCATED, leaderId:53afdcff-9740-4d1d-9155-3eea53ceb243, CreationTimestamp2023-06-07T07:10:52.781Z[Etc/UTC]] moved to OPEN state
2023-06-07 07:10:55,786 [EventQueue-OpenPipelineForHealthyPipelineSafeModeRule] INFO  safemode.SCMSafeModeManager (HealthyPipelineSafeModeRule.java:process(137)) - SCM in safe mode. Healthy pipelines reported count is 0, required healthy pipeline reported count is 1
2023-06-07 07:10:55,786 [53afdcff-9740-4d1d-9155-3eea53ceb243-groupManagement] INFO  server.RaftServerConfigKeys (ConfUtils.java:logGet(46)) - raft.server.log.segment.cache.num.max = 2 (custom)
2023-06-07 07:10:55,786 [53afdcff-9740-4d1d-9155-3eea53ceb243-groupManagement] INFO  server.RaftServerConfigKeys (ConfUtils.java:logGet(46)) - raft.server.log.segment.cache.size.max = 200MB (=209715200) (default)
2023-06-07 07:10:55,786 [53afdcff-9740-4d1d-9155-3eea53ceb243-groupManagement] INFO  server.RaftServerConfigKeys (ConfUtils.java:logGet(46)) - raft.server.log.appender.buffer.byte-limit = 33554432 (custom)
2023-06-07 07:10:55,786 [53afdcff-9740-4d1d-9155-3eea53ceb243-groupManagement] INFO  segmented.SegmentedRaftLogWorker (SegmentedRaftLogWorker.java:<init>(188)) - new 53afdcff-9740-4d1d-9155-3eea53ceb243@group-F73FE6C43A4A-SegmentedRaftLogWorker for RaftStorageImpl:Storage Directory /home/runner/work/ozone/ozone/hadoop-ozone/integration-test/target/test-dir/MiniOzoneClusterImpl-28223e3b-fb3b-4559-a623-43dba3cd33a0/datanode-9/data/ratis/4b37e625-8716-4dbe-9410-f73fe6c43a4a
2023-06-07 07:10:55,786 [53afdcff-9740-4d1d-9155-3eea53ceb243-groupManagement] INFO  server.RaftServerConfigKeys (ConfUtils.java:logGet(46)) - raft.server.log.queue.byte-limit = 4294967296 (custom)
2023-06-07 07:10:55,786 [53afdcff-9740-4d1d-9155-3eea53ceb243-groupManagement] INFO  server.RaftServerConfigKeys (ConfUtils.java:logGet(46)) - raft.server.log.queue.element-limit = 1024 (custom)
2023-06-07 07:10:55,786 [53afdcff-9740-4d1d-9155-3eea53ceb243-groupManagement] INFO  server.RaftServerConfigKeys (ConfUtils.java:logGet(46)) - raft.server.log.segment.size.max = 1048576 (custom)
2023-06-07 07:10:55,786 [53afdcff-9740-4d1d-9155-3eea53ceb243-groupManagement] INFO  server.RaftServerConfigKeys (ConfUtils.java:logGet(46)) - raft.server.log.preallocated.size = 16384 (custom)
2023-06-07 07:10:55,787 [53afdcff-9740-4d1d-9155-3eea53ceb243-groupManagement] INFO  server.RaftServerConfigKeys (ConfUtils.java:logGet(46)) - raft.server.log.force.sync.num = 128 (default)
2023-06-07 07:10:55,787 [53afdcff-9740-4d1d-9155-3eea53ceb243-groupManagement] INFO  server.RaftServerConfigKeys (ConfUtils.java:logGet(46)) - raft.server.log.statemachine.data.sync = true (default)
2023-06-07 07:10:55,787 [53afdcff-9740-4d1d-9155-3eea53ceb243-groupManagement] INFO  server.RaftServerConfigKeys (ConfUtils.java:logGet(46)) - raft.server.log.statemachine.data.sync.timeout = 10s (default)
2023-06-07 07:10:55,787 [53afdcff-9740-4d1d-9155-3eea53ceb243-groupManagement] INFO  server.RaftServerConfigKeys (ConfUtils.java:logGet(46)) - raft.server.log.statemachine.data.sync.timeout.retry = -1 (default)
2023-06-07 07:10:55,788 [53afdcff-9740-4d1d-9155-3eea53ceb243-groupManagement] INFO  server.RaftServerConfigKeys (ConfUtils.java:logGet(46)) - raft.server.log.write.buffer.size = 1048576 (custom)
2023-06-07 07:10:55,788 [53afdcff-9740-4d1d-9155-3eea53ceb243-groupManagement] INFO  server.RaftServerConfigKeys (ConfUtils.java:logGet(46)) - raft.server.log.appender.buffer.byte-limit = 33554432 (custom)
2023-06-07 07:10:56,280 [JvmPauseMonitor6] WARN  util.JvmPauseMonitor (JvmPauseMonitor.java:detectPause(124)) - JvmPauseMonitor-c9e90f19-93bd-492a-840b-17fd0f306342: Detected pause in JVM or host machine approximately 0.457s with 0.478s GC time.
GC pool 'PS MarkSweep' had collection(s): count=1 time=327ms
GC pool 'PS Scavenge' had collection(s): count=1 time=151ms
2023-06-07 07:10:56,280 [JvmPauseMonitor15] WARN  util.JvmPauseMonitor (JvmPauseMonitor.java:detectPause(124)) - JvmPauseMonitor-2a2b2d62-8637-433f-be3f-60f9dc9f206f: Detected pause in JVM or host machine approximately 0.457s with 0.478s GC time.
GC pool 'PS MarkSweep' had collection(s): count=1 time=327ms
GC pool 'PS Scavenge' had collection(s): count=1 time=151ms
2023-06-07 07:10:56,293 [JvmPauseMonitor9] WARN  util.JvmPauseMonitor (JvmPauseMonitor.java:detectPause(124)) - JvmPauseMonitor-1c3f76c4-a361-44c3-a437-710dc7a71a87: Detected pause in JVM or host machine approximately 0.456s with 0.478s GC time.
GC pool 'PS MarkSweep' had collection(s): count=1 time=327ms
GC pool 'PS Scavenge' had collection(s): count=1 time=151ms
2023-06-07 07:10:56,280 [JvmPauseMonitor3] WARN  util.JvmPauseMonitor (JvmPauseMonitor.java:detectPause(124)) - JvmPauseMonitor-44d8f5b4-8dfc-4dc1-b3e0-dd93457af28b: Detected pause in JVM or host machine approximately 0.457s with 0.478s GC time.
GC pool 'PS MarkSweep' had collection(s): count=1 time=327ms
GC pool 'PS Scavenge' had collection(s): count=1 time=151ms
2023-06-07 07:10:56,280 [JvmPauseMonitor7] WARN  util.JvmPauseMonitor (JvmPauseMonitor.java:detectPause(124)) - JvmPauseMonitor-1b66a908-7502-432b-9648-1ff1190a9abb: Detected pause in JVM or host machine approximately 0.457s with 0.478s GC time.
GC pool 'PS MarkSweep' had collection(s): count=1 time=327ms
GC pool 'PS Scavenge' had collection(s): count=1 time=151ms
2023-06-07 07:10:56,293 [JvmPauseMonitor11] WARN  util.JvmPauseMonitor (JvmPauseMonitor.java:detectPause(124)) - JvmPauseMonitor-53afdcff-9740-4d1d-9155-3eea53ceb243: Detected pause in JVM or host machine approximately 0.474s with 0.478s GC time.
GC pool 'PS MarkSweep' had collection(s): count=1 time=327ms
GC pool 'PS Scavenge' had collection(s): count=1 time=151ms
2023-06-07 07:10:56,293 [JvmPauseMonitor4] WARN  util.JvmPauseMonitor (JvmPauseMonitor.java:detectPause(124)) - JvmPauseMonitor-2912fda5-c0b1-4d9e-ac44-fd313bf4d5ec: Detected pause in JVM or host machine approximately 0.475s with 0.478s GC time.
GC pool 'PS MarkSweep' had collection(s): count=1 time=327ms
GC pool 'PS Scavenge' had collection(s): count=1 time=151ms
2023-06-07 07:10:56,291 [JvmPauseMonitor2] WARN  util.JvmPauseMonitor (JvmPauseMonitor.java:detectPause(124)) - JvmPauseMonitor-add60280-7665-46a7-8f97-112ab314f22d: Detected pause in JVM or host machine approximately 0.476s with 0.478s GC time.
GC pool 'PS MarkSweep' had collection(s): count=1 time=327ms
GC pool 'PS Scavenge' had collection(s): count=1 time=151ms
2023-06-07 07:10:56,291 [JvmPauseMonitor13] WARN  util.JvmPauseMonitor (JvmPauseMonitor.java:detectPause(124)) - JvmPauseMonitor-cd92a3c4-ef96-4770-b512-b3fe4045cd4b: Detected pause in JVM or host machine approximately 0.478s with 0.478s GC time.
GC pool 'PS MarkSweep' had collection(s): count=1 time=327ms
GC pool 'PS Scavenge' had collection(s): count=1 time=151ms
2023-06-07 07:10:56,290 [JvmPauseMonitor8] WARN  util.JvmPauseMonitor (JvmPauseMonitor.java:detectPause(124)) - JvmPauseMonitor-8757bef3-5796-4279-bd7f-82165642237f: Detected pause in JVM or host machine approximately 0.500s with 0.478s GC time.
GC pool 'PS MarkSweep' had collection(s): count=1 time=327ms
GC pool 'PS Scavenge' had collection(s): count=1 time=151ms
2023-06-07 07:10:56,290 [JvmPauseMonitor14] WARN  util.JvmPauseMonitor (JvmPauseMonitor.java:detectPause(124)) - JvmPauseMonitor-193ce337-dffd-4cd7-9fc4-5b62e57d89f8: Detected pause in JVM or host machine approximately 0.500s with 0.478s GC time.
GC pool 'PS MarkSweep' had collection(s): count=1 time=327ms
GC pool 'PS Scavenge' had collection(s): count=1 time=151ms
2023-06-07 07:10:56,290 [JvmPauseMonitor5] WARN  util.JvmPauseMonitor (JvmPauseMonitor.java:detectPause(124)) - JvmPauseMonitor-4867cc16-78cf-4276-b1e1-ad4ddd1b82d4: Detected pause in JVM or host machine approximately 0.499s with 0.478s GC time.
GC pool 'PS MarkSweep' had collection(s): count=1 time=327ms
GC pool 'PS Scavenge' had collection(s): count=1 time=151ms
2023-06-07 07:10:56,290 [JvmPauseMonitor10] WARN  util.JvmPauseMonitor (JvmPauseMonitor.java:detectPause(124)) - JvmPauseMonitor-20fd9795-0abc-4083-965d-6ba83b10546c: Detected pause in JVM or host machine approximately 0.482s with 0.478s GC time.
GC pool 'PS MarkSweep' had collection(s): count=1 time=327ms
GC pool 'PS Scavenge' had collection(s): count=1 time=151ms
2023-06-07 07:10:56,288 [JvmPauseMonitor1] WARN  util.JvmPauseMonitor (JvmPauseMonitor.java:detectPause(124)) - JvmPauseMonitor-om1: Detected pause in JVM or host machine approximately 0.479s with 0.478s GC time.
GC pool 'PS MarkSweep' had collection(s): count=1 time=327ms
GC pool 'PS Scavenge' had collection(s): count=1 time=151ms
2023-06-07 07:10:56,288 [JvmPauseMonitor0] WARN  util.JvmPauseMonitor (JvmPauseMonitor.java:detectPause(124)) - JvmPauseMonitor-8ceffbcb-4ba3-4901-aff0-f27fe6d3fad6: Detected pause in JVM or host machine approximately 0.479s with 0.478s GC time.
GC pool 'PS MarkSweep' had collection(s): count=1 time=327ms
GC pool 'PS Scavenge' had collection(s): count=1 time=151ms
2023-06-07 07:10:56,281 [JvmPauseMonitor12] WARN  util.JvmPauseMonitor (JvmPauseMonitor.java:detectPause(124)) - JvmPauseMonitor-b1b35183-3015-42af-b03c-e7d97dc9a7f6: Detected pause in JVM or host machine approximately 0.459s with 0.478s GC time.
GC pool 'PS MarkSweep' had collection(s): count=1 time=327ms
GC pool 'PS Scavenge' had collection(s): count=1 time=151ms
2023-06-07 07:10:56,301 [53afdcff-9740-4d1d-9155-3eea53ceb243-groupManagement] INFO  server.RaftServerConfigKeys (ConfUtils.java:logGet(46)) - raft.server.log.unsafe-flush.enabled = false (default)
2023-06-07 07:10:56,301 [53afdcff-9740-4d1d-9155-3eea53ceb243-groupManagement] INFO  server.RaftServerConfigKeys (ConfUtils.java:logGet(46)) - raft.server.log.async-flush.enabled = false (default)
2023-06-07 07:10:56,301 [53afdcff-9740-4d1d-9155-3eea53ceb243-groupManagement] INFO  server.RaftServerConfigKeys (ConfUtils.java:logGet(46)) - raft.server.log.statemachine.data.caching.enabled = true (custom)
2023-06-07 07:10:56,305 [53afdcff-9740-4d1d-9155-3eea53ceb243-groupManagement] INFO  segmented.SegmentedRaftLogWorker (SegmentedRaftLogWorker.java:lambda$new$0(135)) - 53afdcff-9740-4d1d-9155-3eea53ceb243@group-F73FE6C43A4A-SegmentedRaftLogWorker: flushIndex: setUnconditionally 0 -> -1
2023-06-07 07:10:56,305 [53afdcff-9740-4d1d-9155-3eea53ceb243-groupManagement] INFO  segmented.SegmentedRaftLogWorker (SegmentedRaftLogWorker.java:lambda$new$0(135)) - 53afdcff-9740-4d1d-9155-3eea53ceb243@group-F73FE6C43A4A-SegmentedRaftLogWorker: safeCacheEvictIndex: setUnconditionally 0 -> -1
2023-06-07 07:10:56,311 [53afdcff-9740-4d1d-9155-3eea53ceb243-groupManagement] INFO  server.RaftServer$Division (RaftServerImpl.java:start(342)) - 53afdcff-9740-4d1d-9155-3eea53ceb243@group-F73FE6C43A4A: start as a follower, conf=-1: peers:[53afdcff-9740-4d1d-9155-3eea53ceb243|rpc:10.1.0.31:15095|admin:10.1.0.31:15094|client:10.1.0.31:15093|dataStream:10.1.0.31:15096|priority:1|startupRole:FOLLOWER]|listeners:[], old=null
2023-06-07 07:10:56,311 [53afdcff-9740-4d1d-9155-3eea53ceb243-groupManagement] INFO  server.RaftServer$Division (RaftServerImpl.java:setRole(329)) - 53afdcff-9740-4d1d-9155-3eea53ceb243@group-F73FE6C43A4A: changes role from      null to FOLLOWER at term 0 for startAsFollower
2023-06-07 07:10:56,311 [53afdcff-9740-4d1d-9155-3eea53ceb243-groupManagement] INFO  impl.RoleInfo (RoleInfo.java:updateAndGet(139)) - 53afdcff-9740-4d1d-9155-3eea53ceb243: start 53afdcff-9740-4d1d-9155-3eea53ceb243@group-F73FE6C43A4A-FollowerState
2023-06-07 07:10:56,317 [53afdcff-9740-4d1d-9155-3eea53ceb243-groupManagement] INFO  util.JmxRegister (JmxRegister.java:tryRegister(44)) - Successfully registered JMX Bean with object name Ratis:service=RaftServer,group=group-F73FE6C43A4A,id=53afdcff-9740-4d1d-9155-3eea53ceb243
2023-06-07 07:10:56,318 [53afdcff-9740-4d1d-9155-3eea53ceb243-groupManagement] INFO  server.RaftServerConfigKeys (ConfUtils.java:logGet(46)) - raft.server.snapshot.auto.trigger.enabled = true (custom)
2023-06-07 07:10:56,318 [53afdcff-9740-4d1d-9155-3eea53ceb243-groupManagement] INFO  server.RaftServerConfigKeys (ConfUtils.java:logGet(46)) - raft.server.snapshot.auto.trigger.threshold = 10000 (custom)
2023-06-07 07:10:56,318 [53afdcff-9740-4d1d-9155-3eea53ceb243-groupManagement] INFO  server.RaftServerConfigKeys (ConfUtils.java:logGet(46)) - raft.server.snapshot.retention.file.num = 5 (custom)
2023-06-07 07:10:56,318 [53afdcff-9740-4d1d-9155-3eea53ceb243-groupManagement] INFO  server.RaftServerConfigKeys (ConfUtils.java:logGet(46)) - raft.server.log.purge.upto.snapshot.index = false (default)
2023-06-07 07:10:56,321 [PipelineCommandHandlerThread-0] INFO  server.RaftServer (RaftServerProxy.java:addNew(98)) - b1b35183-3015-42af-b03c-e7d97dc9a7f6: addNew group-71D6BB20000E:[b1b35183-3015-42af-b03c-e7d97dc9a7f6|rpc:10.1.0.31:15104|admin:10.1.0.31:15103|client:10.1.0.31:15102|dataStream:10.1.0.31:15105|priority:1|startupRole:FOLLOWER] returns group-71D6BB20000E:java.util.concurrent.CompletableFuture@55ea9a31[Not completed]
2023-06-07 07:10:56,321 [53afdcff-9740-4d1d-9155-3eea53ceb243@group-F73FE6C43A4A-FollowerState] INFO  server.RaftServerConfigKeys (ConfUtils.java:logFallback(53)) - raft.server.rpc.first-election.timeout.min = 5s (fallback to raft.server.rpc.timeout.min)
2023-06-07 07:10:56,322 [53afdcff-9740-4d1d-9155-3eea53ceb243@group-F73FE6C43A4A-FollowerState] INFO  server.RaftServerConfigKeys (ConfUtils.java:logFallback(53)) - raft.server.rpc.first-election.timeout.max = 5200ms (fallback to raft.server.rpc.timeout.max)
2023-06-07 07:10:56,323 [PipelineCommandHandlerThread-0] INFO  ratis.XceiverServerRatis (XceiverServerRatis.java:addGroup(804)) - Created group PipelineID=4b37e625-8716-4dbe-9410-f73fe6c43a4a
2023-06-07 07:10:56,323 [PipelineCommandHandlerThread-0] INFO  commandhandler.CreatePipelineCommandHandler (CreatePipelineCommandHandler.java:lambda$handle$2(124)) - Created Pipeline RATIS ONE PipelineID=4b37e625-8716-4dbe-9410-f73fe6c43a4a.
2023-06-07 07:10:56,323 [PipelineCommandHandlerThread-0] INFO  server.RaftServer (RaftServerProxy.java:addNew(98)) - 53afdcff-9740-4d1d-9155-3eea53ceb243: addNew group-DE80C7EC9D56:[cd92a3c4-ef96-4770-b512-b3fe4045cd4b|rpc:10.1.0.31:15113|admin:10.1.0.31:15112|client:10.1.0.31:15111|dataStream:10.1.0.31:15114|priority:0|startupRole:FOLLOWER, b1b35183-3015-42af-b03c-e7d97dc9a7f6|rpc:10.1.0.31:15104|admin:10.1.0.31:15103|client:10.1.0.31:15102|dataStream:10.1.0.31:15105|priority:1|startupRole:FOLLOWER, 53afdcff-9740-4d1d-9155-3eea53ceb243|rpc:10.1.0.31:15095|admin:10.1.0.31:15094|client:10.1.0.31:15093|dataStream:10.1.0.31:15096|priority:0|startupRole:FOLLOWER] returns group-DE80C7EC9D56:java.util.concurrent.CompletableFuture@5da60381[Not completed]
2023-06-07 07:10:56,325 [b1b35183-3015-42af-b03c-e7d97dc9a7f6-groupManagement] INFO  server.RaftServer$Division (RaftServerImpl.java:<init>(198)) - b1b35183-3015-42af-b03c-e7d97dc9a7f6: new RaftServerImpl for group-71D6BB20000E:[b1b35183-3015-42af-b03c-e7d97dc9a7f6|rpc:10.1.0.31:15104|admin:10.1.0.31:15103|client:10.1.0.31:15102|dataStream:10.1.0.31:15105|priority:1|startupRole:FOLLOWER] with ContainerStateMachine:uninitialized
2023-06-07 07:10:56,325 [b1b35183-3015-42af-b03c-e7d97dc9a7f6-groupManagement] INFO  server.RaftServerConfigKeys (ConfUtils.java:logGet(46)) - raft.server.rpc.timeout.min = 5s (custom)
2023-06-07 07:10:56,325 [53afdcff-9740-4d1d-9155-3eea53ceb243-groupManagement] INFO  server.RaftServer$Division (RaftServerImpl.java:<init>(198)) - 53afdcff-9740-4d1d-9155-3eea53ceb243: new RaftServerImpl for group-DE80C7EC9D56:[cd92a3c4-ef96-4770-b512-b3fe4045cd4b|rpc:10.1.0.31:15113|admin:10.1.0.31:15112|client:10.1.0.31:15111|dataStream:10.1.0.31:15114|priority:0|startupRole:FOLLOWER, b1b35183-3015-42af-b03c-e7d97dc9a7f6|rpc:10.1.0.31:15104|admin:10.1.0.31:15103|client:10.1.0.31:15102|dataStream:10.1.0.31:15105|priority:1|startupRole:FOLLOWER, 53afdcff-9740-4d1d-9155-3eea53ceb243|rpc:10.1.0.31:15095|admin:10.1.0.31:15094|client:10.1.0.31:15093|dataStream:10.1.0.31:15096|priority:0|startupRole:FOLLOWER] with ContainerStateMachine:uninitialized
2023-06-07 07:10:56,325 [53afdcff-9740-4d1d-9155-3eea53ceb243-groupManagement] INFO  server.RaftServerConfigKeys (ConfUtils.java:logGet(46)) - raft.server.rpc.timeout.min = 5s (custom)
2023-06-07 07:10:56,325 [53afdcff-9740-4d1d-9155-3eea53ceb243-groupManagement] INFO  server.RaftServerConfigKeys (ConfUtils.java:logGet(46)) - raft.server.rpc.timeout.max = 5200ms (custom)
2023-06-07 07:10:56,326 [53afdcff-9740-4d1d-9155-3eea53ceb243-groupManagement] INFO  server.RaftServerConfigKeys (ConfUtils.java:logGet(46)) - raft.server.rpc.sleep.time = 25ms (default)
2023-06-07 07:10:56,326 [53afdcff-9740-4d1d-9155-3eea53ceb243-groupManagement] INFO  server.RaftServerConfigKeys (ConfUtils.java:logGet(46)) - raft.server.rpc.slowness.timeout = 300s (custom)
2023-06-07 07:10:56,326 [53afdcff-9740-4d1d-9155-3eea53ceb243-groupManagement] INFO  server.RaftServerConfigKeys (ConfUtils.java:logGet(46)) - raft.server.leaderelection.leader.step-down.wait-time = 10s (default)
2023-06-07 07:10:56,326 [53afdcff-9740-4d1d-9155-3eea53ceb243-groupManagement] INFO  server.RaftServerConfigKeys (ConfUtils.java:logGet(46)) - raft.server.sleep.deviation.threshold = 300ms (default)
2023-06-07 07:10:56,326 [53afdcff-9740-4d1d-9155-3eea53ceb243-groupManagement] INFO  server.RaftServer$Division (ServerState.java:<init>(120)) - 53afdcff-9740-4d1d-9155-3eea53ceb243@group-DE80C7EC9D56: ConfigurationManager, init=-1: peers:[cd92a3c4-ef96-4770-b512-b3fe4045cd4b|rpc:10.1.0.31:15113|admin:10.1.0.31:15112|client:10.1.0.31:15111|dataStream:10.1.0.31:15114|priority:0|startupRole:FOLLOWER, b1b35183-3015-42af-b03c-e7d97dc9a7f6|rpc:10.1.0.31:15104|admin:10.1.0.31:15103|client:10.1.0.31:15102|dataStream:10.1.0.31:15105|priority:1|startupRole:FOLLOWER, 53afdcff-9740-4d1d-9155-3eea53ceb243|rpc:10.1.0.31:15095|admin:10.1.0.31:15094|client:10.1.0.31:15093|dataStream:10.1.0.31:15096|priority:0|startupRole:FOLLOWER]|listeners:[], old=null, confs=<EMPTY_MAP>
2023-06-07 07:10:56,326 [53afdcff-9740-4d1d-9155-3eea53ceb243-groupManagement] INFO  server.RaftServerConfigKeys (ConfUtils.java:logGet(46)) - raft.server.storage.dir = [/home/runner/work/ozone/ozone/hadoop-ozone/integration-test/target/test-dir/MiniOzoneClusterImpl-28223e3b-fb3b-4559-a623-43dba3cd33a0/datanode-9/data/ratis] (custom)
2023-06-07 07:10:56,326 [53afdcff-9740-4d1d-9155-3eea53ceb243-groupManagement] INFO  server.RaftServerConfigKeys (ConfUtils.java:logGet(46)) - raft.server.log.corruption.policy = EXCEPTION (default)
2023-06-07 07:10:56,326 [53afdcff-9740-4d1d-9155-3eea53ceb243-groupManagement] INFO  server.RaftServerConfigKeys (ConfUtils.java:logGet(46)) - raft.server.storage.free-space.min = 0MB (=0) (default)
2023-06-07 07:10:56,326 [53afdcff-9740-4d1d-9155-3eea53ceb243-groupManagement] INFO  server.RaftServerConfigKeys (ConfUtils.java:logGet(46)) - raft.server.notification.no-leader.timeout = 300s (custom)
2023-06-07 07:10:56,326 [53afdcff-9740-4d1d-9155-3eea53ceb243-groupManagement] INFO  server.RaftServerConfigKeys (ConfUtils.java:logGet(46)) - raft.server.read.timeout = 10s (default)
2023-06-07 07:10:56,326 [53afdcff-9740-4d1d-9155-3eea53ceb243-groupManagement] INFO  server.RaftServerConfigKeys (ConfUtils.java:logGet(46)) - raft.server.retrycache.expirytime = 600000ms (custom)
2023-06-07 07:10:56,326 [53afdcff-9740-4d1d-9155-3eea53ceb243-groupManagement] INFO  server.RaftServerConfigKeys (ConfUtils.java:logGet(46)) - raft.server.retrycache.statistics.expirytime = 100μs (default)
2023-06-07 07:10:56,326 [53afdcff-9740-4d1d-9155-3eea53ceb243-groupManagement] INFO  server.RaftServerConfigKeys (ConfUtils.java:logGet(46)) - raft.server.read.option = DEFAULT (default)
2023-06-07 07:10:56,325 [b1b35183-3015-42af-b03c-e7d97dc9a7f6-groupManagement] INFO  server.RaftServerConfigKeys (ConfUtils.java:logGet(46)) - raft.server.rpc.timeout.max = 5200ms (custom)
2023-06-07 07:10:56,327 [b1b35183-3015-42af-b03c-e7d97dc9a7f6-groupManagement] INFO  server.RaftServerConfigKeys (ConfUtils.java:logGet(46)) - raft.server.rpc.sleep.time = 25ms (default)
2023-06-07 07:10:56,327 [b1b35183-3015-42af-b03c-e7d97dc9a7f6-groupManagement] INFO  server.RaftServerConfigKeys (ConfUtils.java:logGet(46)) - raft.server.rpc.slowness.timeout = 300s (custom)
2023-06-07 07:10:56,327 [b1b35183-3015-42af-b03c-e7d97dc9a7f6-groupManagement] INFO  server.RaftServerConfigKeys (ConfUtils.java:logGet(46)) - raft.server.leaderelection.leader.step-down.wait-time = 10s (default)
2023-06-07 07:10:56,328 [53afdcff-9740-4d1d-9155-3eea53ceb243-groupManagement] INFO  server.RaftServerConfigKeys (ConfUtils.java:logGet(46)) - raft.server.rpc.request.timeout = 60s (custom)
2023-06-07 07:10:56,328 [53afdcff-9740-4d1d-9155-3eea53ceb243-groupManagement] INFO  server.RaftServerConfigKeys (ConfUtils.java:logGet(46)) - raft.server.log.appender.install.snapshot.enabled = false (custom)
2023-06-07 07:10:56,328 [53afdcff-9740-4d1d-9155-3eea53ceb243-groupManagement] INFO  server.RaftServerConfigKeys (ConfUtils.java:logGet(46)) - raft.server.threadpool.server.cached = true (default)
2023-06-07 07:10:56,328 [53afdcff-9740-4d1d-9155-3eea53ceb243-groupManagement] INFO  server.RaftServerConfigKeys (ConfUtils.java:logGet(46)) - raft.server.threadpool.server.size = 0 (default)
2023-06-07 07:10:56,328 [53afdcff-9740-4d1d-9155-3eea53ceb243-groupManagement] INFO  server.RaftServerConfigKeys (ConfUtils.java:logGet(46)) - raft.server.threadpool.client.cached = true (default)
2023-06-07 07:10:56,328 [53afdcff-9740-4d1d-9155-3eea53ceb243-groupManagement] INFO  server.RaftServerConfigKeys (ConfUtils.java:logGet(46)) - raft.server.threadpool.client.size = 0 (default)
2023-06-07 07:10:56,328 [53afdcff-9740-4d1d-9155-3eea53ceb243-groupManagement] INFO  storage.RaftStorageDirectory (RaftStorageDirectoryImpl.java:analyzeStorage(137)) - The storage directory /home/runner/work/ozone/ozone/hadoop-ozone/integration-test/target/test-dir/MiniOzoneClusterImpl-28223e3b-fb3b-4559-a623-43dba3cd33a0/datanode-9/data/ratis/2348e00e-cbbb-4144-a011-de80c7ec9d56 does not exist. Creating ...
2023-06-07 07:10:56,328 [b1b35183-3015-42af-b03c-e7d97dc9a7f6-groupManagement] INFO  server.RaftServerConfigKeys (ConfUtils.java:logGet(46)) - raft.server.sleep.deviation.threshold = 300ms (default)
2023-06-07 07:10:56,328 [b1b35183-3015-42af-b03c-e7d97dc9a7f6-groupManagement] INFO  server.RaftServer$Division (ServerState.java:<init>(120)) - b1b35183-3015-42af-b03c-e7d97dc9a7f6@group-71D6BB20000E: ConfigurationManager, init=-1: peers:[b1b35183-3015-42af-b03c-e7d97dc9a7f6|rpc:10.1.0.31:15104|admin:10.1.0.31:15103|client:10.1.0.31:15102|dataStream:10.1.0.31:15105|priority:1|startupRole:FOLLOWER]|listeners:[], old=null, confs=<EMPTY_MAP>
2023-06-07 07:10:56,329 [b1b35183-3015-42af-b03c-e7d97dc9a7f6-groupManagement] INFO  server.RaftServerConfigKeys (ConfUtils.java:logGet(46)) - raft.server.storage.dir = [/home/runner/work/ozone/ozone/hadoop-ozone/integration-test/target/test-dir/MiniOzoneClusterImpl-28223e3b-fb3b-4559-a623-43dba3cd33a0/datanode-10/data/ratis] (custom)
2023-06-07 07:10:56,329 [b1b35183-3015-42af-b03c-e7d97dc9a7f6-groupManagement] INFO  server.RaftServerConfigKeys (ConfUtils.java:logGet(46)) - raft.server.log.corruption.policy = EXCEPTION (default)
2023-06-07 07:10:56,329 [b1b35183-3015-42af-b03c-e7d97dc9a7f6-groupManagement] INFO  server.RaftServerConfigKeys (ConfUtils.java:logGet(46)) - raft.server.storage.free-space.min = 0MB (=0) (default)
2023-06-07 07:10:56,329 [b1b35183-3015-42af-b03c-e7d97dc9a7f6-groupManagement] INFO  server.RaftServerConfigKeys (ConfUtils.java:logGet(46)) - raft.server.notification.no-leader.timeout = 300s (custom)
2023-06-07 07:10:56,329 [b1b35183-3015-42af-b03c-e7d97dc9a7f6-groupManagement] INFO  server.RaftServerConfigKeys (ConfUtils.java:logGet(46)) - raft.server.read.timeout = 10s (default)
2023-06-07 07:10:56,329 [b1b35183-3015-42af-b03c-e7d97dc9a7f6-groupManagement] INFO  server.RaftServerConfigKeys (ConfUtils.java:logGet(46)) - raft.server.retrycache.expirytime = 600000ms (custom)
2023-06-07 07:10:56,329 [b1b35183-3015-42af-b03c-e7d97dc9a7f6-groupManagement] INFO  server.RaftServerConfigKeys (ConfUtils.java:logGet(46)) - raft.server.retrycache.statistics.expirytime = 100μs (default)
2023-06-07 07:10:56,329 [b1b35183-3015-42af-b03c-e7d97dc9a7f6-groupManagement] INFO  server.RaftServerConfigKeys (ConfUtils.java:logGet(46)) - raft.server.read.option = DEFAULT (default)
2023-06-07 07:10:56,330 [53afdcff-9740-4d1d-9155-3eea53ceb243-groupManagement] INFO  storage.RaftStorageDirectory (RaftStorageDirectoryImpl.java:tryLock(231)) - Lock on /home/runner/work/ozone/ozone/hadoop-ozone/integration-test/target/test-dir/MiniOzoneClusterImpl-28223e3b-fb3b-4559-a623-43dba3cd33a0/datanode-9/data/ratis/2348e00e-cbbb-4144-a011-de80c7ec9d56/in_use.lock acquired by nodename 65108@fv-az246-755
2023-06-07 07:10:56,334 [b1b35183-3015-42af-b03c-e7d97dc9a7f6-groupManagement] INFO  server.RaftServerConfigKeys (ConfUtils.java:logGet(46)) - raft.server.rpc.request.timeout = 60s (custom)
2023-06-07 07:10:56,334 [b1b35183-3015-42af-b03c-e7d97dc9a7f6-groupManagement] INFO  server.RaftServerConfigKeys (ConfUtils.java:logGet(46)) - raft.server.log.appender.install.snapshot.enabled = false (custom)
2023-06-07 07:10:56,334 [b1b35183-3015-42af-b03c-e7d97dc9a7f6-groupManagement] INFO  server.RaftServerConfigKeys (ConfUtils.java:logGet(46)) - raft.server.threadpool.server.cached = true (default)
2023-06-07 07:10:56,334 [b1b35183-3015-42af-b03c-e7d97dc9a7f6-groupManagement] INFO  server.RaftServerConfigKeys (ConfUtils.java:logGet(46)) - raft.server.threadpool.server.size = 0 (default)
2023-06-07 07:10:56,334 [b1b35183-3015-42af-b03c-e7d97dc9a7f6-groupManagement] INFO  server.RaftServerConfigKeys (ConfUtils.java:logGet(46)) - raft.server.threadpool.client.cached = true (default)
2023-06-07 07:10:56,334 [b1b35183-3015-42af-b03c-e7d97dc9a7f6-groupManagement] INFO  server.RaftServerConfigKeys (ConfUtils.java:logGet(46)) - raft.server.threadpool.client.size = 0 (default)
2023-06-07 07:10:56,334 [53afdcff-9740-4d1d-9155-3eea53ceb243-groupManagement] INFO  storage.RaftStorage (RaftStorageImpl.java:format(96)) - Storage directory /home/runner/work/ozone/ozone/hadoop-ozone/integration-test/target/test-dir/MiniOzoneClusterImpl-28223e3b-fb3b-4559-a623-43dba3cd33a0/datanode-9/data/ratis/2348e00e-cbbb-4144-a011-de80c7ec9d56 has been successfully formatted.
2023-06-07 07:10:56,336 [EventQueue-OpenPipelineForHealthyPipelineSafeModeRule] INFO  safemode.SCMSafeModeManager (HealthyPipelineSafeModeRule.java:process(137)) - SCM in safe mode. Healthy pipelines reported count is 0, required healthy pipeline reported count is 1
2023-06-07 07:10:56,336 [53afdcff-9740-4d1d-9155-3eea53ceb243-groupManagement] INFO  ratis.ContainerStateMachine (ContainerStateMachine.java:loadSnapshot(262)) - group-DE80C7EC9D56: The snapshot info is null. Setting the last applied indexto:(t:0, i:~)
2023-06-07 07:10:56,337 [53afdcff-9740-4d1d-9155-3eea53ceb243-groupManagement] INFO  server.RaftServerConfigKeys (ConfUtils.java:logGet(46)) - raft.server.log.use.memory = false (default)
2023-06-07 07:10:56,337 [b1b35183-3015-42af-b03c-e7d97dc9a7f6-groupManagement] INFO  storage.RaftStorageDirectory (RaftStorageDirectoryImpl.java:analyzeStorage(137)) - The storage directory /home/runner/work/ozone/ozone/hadoop-ozone/integration-test/target/test-dir/MiniOzoneClusterImpl-28223e3b-fb3b-4559-a623-43dba3cd33a0/datanode-10/data/ratis/9af600a4-9831-4fa9-9058-71d6bb20000e does not exist. Creating ...
2023-06-07 07:10:56,337 [53afdcff-9740-4d1d-9155-3eea53ceb243-groupManagement] INFO  server.RaftServerConfigKeys (ConfUtils.java:logGet(46)) - raft.server.log.purge.gap = 1000000 (custom)
2023-06-07 07:10:56,337 [53afdcff-9740-4d1d-9155-3eea53ceb243-groupManagement] INFO  server.RaftServerConfigKeys (ConfUtils.java:logGet(46)) - raft.server.log.appender.buffer.byte-limit = 33554432 (custom)
2023-06-07 07:10:56,339 [53afdcff-9740-4d1d-9155-3eea53ceb243-groupManagement] INFO  server.RaftServerConfigKeys (ConfUtils.java:logGet(46)) - raft.server.log.statemachine.data.read.timeout = 1000ms (default)
2023-06-07 07:10:56,339 [53afdcff-9740-4d1d-9155-3eea53ceb243-groupManagement] INFO  server.RaftServerConfigKeys (ConfUtils.java:logGet(46)) - raft.server.log.purge.preservation.log.num = 0 (default)
2023-06-07 07:10:56,339 [53afdcff-9740-4d1d-9155-3eea53ceb243-groupManagement] INFO  server.RaftServerConfigKeys (ConfUtils.java:logGet(46)) - raft.server.log.segment.size.max = 1048576 (custom)
2023-06-07 07:10:56,341 [53afdcff-9740-4d1d-9155-3eea53ceb243-groupManagement] INFO  server.RaftServerConfigKeys (ConfUtils.java:logGet(46)) - raft.server.log.segment.cache.num.max = 2 (custom)
2023-06-07 07:10:56,341 [53afdcff-9740-4d1d-9155-3eea53ceb243-groupManagement] INFO  server.RaftServerConfigKeys (ConfUtils.java:logGet(46)) - raft.server.log.segment.cache.size.max = 200MB (=209715200) (default)
2023-06-07 07:10:56,341 [53afdcff-9740-4d1d-9155-3eea53ceb243-groupManagement] INFO  server.RaftServerConfigKeys (ConfUtils.java:logGet(46)) - raft.server.log.appender.buffer.byte-limit = 33554432 (custom)
2023-06-07 07:10:56,341 [53afdcff-9740-4d1d-9155-3eea53ceb243-groupManagement] INFO  segmented.SegmentedRaftLogWorker (SegmentedRaftLogWorker.java:<init>(188)) - new 53afdcff-9740-4d1d-9155-3eea53ceb243@group-DE80C7EC9D56-SegmentedRaftLogWorker for RaftStorageImpl:Storage Directory /home/runner/work/ozone/ozone/hadoop-ozone/integration-test/target/test-dir/MiniOzoneClusterImpl-28223e3b-fb3b-4559-a623-43dba3cd33a0/datanode-9/data/ratis/2348e00e-cbbb-4144-a011-de80c7ec9d56
2023-06-07 07:10:56,341 [53afdcff-9740-4d1d-9155-3eea53ceb243-groupManagement] INFO  server.RaftServerConfigKeys (ConfUtils.java:logGet(46)) - raft.server.log.queue.byte-limit = 4294967296 (custom)
2023-06-07 07:10:56,341 [53afdcff-9740-4d1d-9155-3eea53ceb243-groupManagement] INFO  server.RaftServerConfigKeys (ConfUtils.java:logGet(46)) - raft.server.log.queue.element-limit = 1024 (custom)
2023-06-07 07:10:56,341 [53afdcff-9740-4d1d-9155-3eea53ceb243-groupManagement] INFO  server.RaftServerConfigKeys (ConfUtils.java:logGet(46)) - raft.server.log.segment.size.max = 1048576 (custom)
2023-06-07 07:10:56,341 [53afdcff-9740-4d1d-9155-3eea53ceb243-groupManagement] INFO  server.RaftServerConfigKeys (ConfUtils.java:logGet(46)) - raft.server.log.preallocated.size = 16384 (custom)
2023-06-07 07:10:56,341 [53afdcff-9740-4d1d-9155-3eea53ceb243-groupManagement] INFO  server.RaftServerConfigKeys (ConfUtils.java:logGet(46)) - raft.server.log.force.sync.num = 128 (default)
2023-06-07 07:10:56,342 [53afdcff-9740-4d1d-9155-3eea53ceb243-groupManagement] INFO  server.RaftServerConfigKeys (ConfUtils.java:logGet(46)) - raft.server.log.statemachine.data.sync = true (default)
2023-06-07 07:10:56,342 [53afdcff-9740-4d1d-9155-3eea53ceb243-groupManagement] INFO  server.RaftServerConfigKeys (ConfUtils.java:logGet(46)) - raft.server.log.statemachine.data.sync.timeout = 10s (default)
2023-06-07 07:10:56,342 [53afdcff-9740-4d1d-9155-3eea53ceb243-groupManagement] INFO  server.RaftServerConfigKeys (ConfUtils.java:logGet(46)) - raft.server.log.statemachine.data.sync.timeout.retry = -1 (default)
2023-06-07 07:10:56,342 [b1b35183-3015-42af-b03c-e7d97dc9a7f6-groupManagement] INFO  storage.RaftStorageDirectory (RaftStorageDirectoryImpl.java:tryLock(231)) - Lock on /home/runner/work/ozone/ozone/hadoop-ozone/integration-test/target/test-dir/MiniOzoneClusterImpl-28223e3b-fb3b-4559-a623-43dba3cd33a0/datanode-10/data/ratis/9af600a4-9831-4fa9-9058-71d6bb20000e/in_use.lock acquired by nodename 65108@fv-az246-755
2023-06-07 07:10:56,343 [53afdcff-9740-4d1d-9155-3eea53ceb243-groupManagement] INFO  server.RaftServerConfigKeys (ConfUtils.java:logGet(46)) - raft.server.log.write.buffer.size = 1048576 (custom)
2023-06-07 07:10:56,343 [53afdcff-9740-4d1d-9155-3eea53ceb243-groupManagement] INFO  server.RaftServerConfigKeys (ConfUtils.java:logGet(46)) - raft.server.log.appender.buffer.byte-limit = 33554432 (custom)
2023-06-07 07:10:56,348 [b1b35183-3015-42af-b03c-e7d97dc9a7f6-groupManagement] INFO  storage.RaftStorage (RaftStorageImpl.java:format(96)) - Storage directory /home/runner/work/ozone/ozone/hadoop-ozone/integration-test/target/test-dir/MiniOzoneClusterImpl-28223e3b-fb3b-4559-a623-43dba3cd33a0/datanode-10/data/ratis/9af600a4-9831-4fa9-9058-71d6bb20000e has been successfully formatted.
2023-06-07 07:10:56,353 [53afdcff-9740-4d1d-9155-3eea53ceb243-groupManagement] INFO  server.RaftServerConfigKeys (ConfUtils.java:logGet(46)) - raft.server.log.unsafe-flush.enabled = false (default)
2023-06-07 07:10:56,353 [53afdcff-9740-4d1d-9155-3eea53ceb243-groupManagement] INFO  server.RaftServerConfigKeys (ConfUtils.java:logGet(46)) - raft.server.log.async-flush.enabled = false (default)
2023-06-07 07:10:56,353 [53afdcff-9740-4d1d-9155-3eea53ceb243-groupManagement] INFO  server.RaftServerConfigKeys (ConfUtils.java:logGet(46)) - raft.server.log.statemachine.data.caching.enabled = true (custom)
2023-06-07 07:10:56,353 [53afdcff-9740-4d1d-9155-3eea53ceb243-groupManagement] INFO  segmented.SegmentedRaftLogWorker (SegmentedRaftLogWorker.java:lambda$new$0(135)) - 53afdcff-9740-4d1d-9155-3eea53ceb243@group-DE80C7EC9D56-SegmentedRaftLogWorker: flushIndex: setUnconditionally 0 -> -1
2023-06-07 07:10:56,353 [53afdcff-9740-4d1d-9155-3eea53ceb243-groupManagement] INFO  segmented.SegmentedRaftLogWorker (SegmentedRaftLogWorker.java:lambda$new$0(135)) - 53afdcff-9740-4d1d-9155-3eea53ceb243@group-DE80C7EC9D56-SegmentedRaftLogWorker: safeCacheEvictIndex: setUnconditionally 0 -> -1
2023-06-07 07:10:56,354 [b1b35183-3015-42af-b03c-e7d97dc9a7f6-groupManagement] INFO  ratis.ContainerStateMachine (ContainerStateMachine.java:loadSnapshot(262)) - group-71D6BB20000E: The snapshot info is null. Setting the last applied indexto:(t:0, i:~)
2023-06-07 07:10:56,354 [b1b35183-3015-42af-b03c-e7d97dc9a7f6-groupManagement] INFO  server.RaftServerConfigKeys (ConfUtils.java:logGet(46)) - raft.server.log.use.memory = false (default)
2023-06-07 07:10:56,354 [b1b35183-3015-42af-b03c-e7d97dc9a7f6-groupManagement] INFO  server.RaftServerConfigKeys (ConfUtils.java:logGet(46)) - raft.server.log.purge.gap = 1000000 (custom)
2023-06-07 07:10:56,354 [b1b35183-3015-42af-b03c-e7d97dc9a7f6-groupManagement] INFO  server.RaftServerConfigKeys (ConfUtils.java:logGet(46)) - raft.server.log.appender.buffer.byte-limit = 33554432 (custom)
2023-06-07 07:10:56,354 [EventQueue-PipelineReportForPipelineReportHandler] INFO  pipeline.PipelineManagerImpl (PipelineManagerImpl.java:openPipeline(367)) - Pipeline Pipeline[ Id: 9af600a4-9831-4fa9-9058-71d6bb20000e, Nodes: b1b35183-3015-42af-b03c-e7d97dc9a7f6(fv-az246-755.dmzl2ssfaldu3choa5k4qgfeyh.jx.internal.cloudapp.net/10.1.0.31), ReplicationConfig: RATIS/ONE, State:ALLOCATED, leaderId:b1b35183-3015-42af-b03c-e7d97dc9a7f6, CreationTimestamp2023-06-07T07:10:53.312Z[Etc/UTC]] moved to OPEN state
2023-06-07 07:10:56,355 [EventQueue-OpenPipelineForHealthyPipelineSafeModeRule] INFO  safemode.SCMSafeModeManager (HealthyPipelineSafeModeRule.java:process(137)) - SCM in safe mode. Healthy pipelines reported count is 0, required healthy pipeline reported count is 1
2023-06-07 07:10:56,356 [53afdcff-9740-4d1d-9155-3eea53ceb243-groupManagement] INFO  server.RaftServer$Division (RaftServerImpl.java:start(342)) - 53afdcff-9740-4d1d-9155-3eea53ceb243@group-DE80C7EC9D56: start as a follower, conf=-1: peers:[cd92a3c4-ef96-4770-b512-b3fe4045cd4b|rpc:10.1.0.31:15113|admin:10.1.0.31:15112|client:10.1.0.31:15111|dataStream:10.1.0.31:15114|priority:0|startupRole:FOLLOWER, b1b35183-3015-42af-b03c-e7d97dc9a7f6|rpc:10.1.0.31:15104|admin:10.1.0.31:15103|client:10.1.0.31:15102|dataStream:10.1.0.31:15105|priority:1|startupRole:FOLLOWER, 53afdcff-9740-4d1d-9155-3eea53ceb243|rpc:10.1.0.31:15095|admin:10.1.0.31:15094|client:10.1.0.31:15093|dataStream:10.1.0.31:15096|priority:0|startupRole:FOLLOWER]|listeners:[], old=null
2023-06-07 07:10:56,356 [53afdcff-9740-4d1d-9155-3eea53ceb243-groupManagement] INFO  server.RaftServer$Division (RaftServerImpl.java:setRole(329)) - 53afdcff-9740-4d1d-9155-3eea53ceb243@group-DE80C7EC9D56: changes role from      null to FOLLOWER at term 0 for startAsFollower
2023-06-07 07:10:56,356 [53afdcff-9740-4d1d-9155-3eea53ceb243-groupManagement] INFO  impl.RoleInfo (RoleInfo.java:updateAndGet(139)) - 53afdcff-9740-4d1d-9155-3eea53ceb243: start 53afdcff-9740-4d1d-9155-3eea53ceb243@group-DE80C7EC9D56-FollowerState
2023-06-07 07:10:56,356 [b1b35183-3015-42af-b03c-e7d97dc9a7f6-groupManagement] INFO  server.RaftServerConfigKeys (ConfUtils.java:logGet(46)) - raft.server.log.statemachine.data.read.timeout = 1000ms (default)
2023-06-07 07:10:56,356 [53afdcff-9740-4d1d-9155-3eea53ceb243-groupManagement] INFO  util.JmxRegister (JmxRegister.java:tryRegister(44)) - Successfully registered JMX Bean with object name Ratis:service=RaftServer,group=group-DE80C7EC9D56,id=53afdcff-9740-4d1d-9155-3eea53ceb243
2023-06-07 07:10:56,356 [53afdcff-9740-4d1d-9155-3eea53ceb243-groupManagement] INFO  server.RaftServerConfigKeys (ConfUtils.java:logGet(46)) - raft.server.snapshot.auto.trigger.enabled = true (custom)
2023-06-07 07:10:56,357 [53afdcff-9740-4d1d-9155-3eea53ceb243-groupManagement] INFO  server.RaftServerConfigKeys (ConfUtils.java:logGet(46)) - raft.server.snapshot.auto.trigger.threshold = 10000 (custom)
2023-06-07 07:10:56,357 [53afdcff-9740-4d1d-9155-3eea53ceb243-groupManagement] INFO  server.RaftServerConfigKeys (ConfUtils.java:logGet(46)) - raft.server.snapshot.retention.file.num = 5 (custom)
2023-06-07 07:10:56,357 [53afdcff-9740-4d1d-9155-3eea53ceb243-groupManagement] INFO  server.RaftServerConfigKeys (ConfUtils.java:logGet(46)) - raft.server.log.purge.upto.snapshot.index = false (default)
2023-06-07 07:10:56,357 [53afdcff-9740-4d1d-9155-3eea53ceb243@group-DE80C7EC9D56-FollowerState] INFO  server.RaftServerConfigKeys (ConfUtils.java:logFallback(53)) - raft.server.rpc.first-election.timeout.min = 5s (fallback to raft.server.rpc.timeout.min)
2023-06-07 07:10:56,357 [53afdcff-9740-4d1d-9155-3eea53ceb243@group-DE80C7EC9D56-FollowerState] INFO  server.RaftServerConfigKeys (ConfUtils.java:logFallback(53)) - raft.server.rpc.first-election.timeout.max = 5200ms (fallback to raft.server.rpc.timeout.max)
2023-06-07 07:10:56,356 [b1b35183-3015-42af-b03c-e7d97dc9a7f6-groupManagement] INFO  server.RaftServerConfigKeys (ConfUtils.java:logGet(46)) - raft.server.log.purge.preservation.log.num = 0 (default)
2023-06-07 07:10:56,358 [b1b35183-3015-42af-b03c-e7d97dc9a7f6-groupManagement] INFO  server.RaftServerConfigKeys (ConfUtils.java:logGet(46)) - raft.server.log.segment.size.max = 1048576 (custom)
2023-06-07 07:10:56,358 [b1b35183-3015-42af-b03c-e7d97dc9a7f6-groupManagement] INFO  server.RaftServerConfigKeys (ConfUtils.java:logGet(46)) - raft.server.log.segment.cache.num.max = 2 (custom)
2023-06-07 07:10:56,358 [b1b35183-3015-42af-b03c-e7d97dc9a7f6-groupManagement] INFO  server.RaftServerConfigKeys (ConfUtils.java:logGet(46)) - raft.server.log.segment.cache.size.max = 200MB (=209715200) (default)
2023-06-07 07:10:56,358 [b1b35183-3015-42af-b03c-e7d97dc9a7f6-groupManagement] INFO  server.RaftServerConfigKeys (ConfUtils.java:logGet(46)) - raft.server.log.appender.buffer.byte-limit = 33554432 (custom)
2023-06-07 07:10:56,358 [b1b35183-3015-42af-b03c-e7d97dc9a7f6-groupManagement] INFO  segmented.SegmentedRaftLogWorker (SegmentedRaftLogWorker.java:<init>(188)) - new b1b35183-3015-42af-b03c-e7d97dc9a7f6@group-71D6BB20000E-SegmentedRaftLogWorker for RaftStorageImpl:Storage Directory /home/runner/work/ozone/ozone/hadoop-ozone/integration-test/target/test-dir/MiniOzoneClusterImpl-28223e3b-fb3b-4559-a623-43dba3cd33a0/datanode-10/data/ratis/9af600a4-9831-4fa9-9058-71d6bb20000e
2023-06-07 07:10:56,358 [b1b35183-3015-42af-b03c-e7d97dc9a7f6-groupManagement] INFO  server.RaftServerConfigKeys (ConfUtils.java:logGet(46)) - raft.server.log.queue.byte-limit = 4294967296 (custom)
2023-06-07 07:10:56,361 [b1b35183-3015-42af-b03c-e7d97dc9a7f6-groupManagement] INFO  server.RaftServerConfigKeys (ConfUtils.java:logGet(46)) - raft.server.log.queue.element-limit = 1024 (custom)
2023-06-07 07:10:56,361 [b1b35183-3015-42af-b03c-e7d97dc9a7f6-groupManagement] INFO  server.RaftServerConfigKeys (ConfUtils.java:logGet(46)) - raft.server.log.segment.size.max = 1048576 (custom)
2023-06-07 07:10:56,361 [b1b35183-3015-42af-b03c-e7d97dc9a7f6-groupManagement] INFO  server.RaftServerConfigKeys (ConfUtils.java:logGet(46)) - raft.server.log.preallocated.size = 16384 (custom)
2023-06-07 07:10:56,361 [b1b35183-3015-42af-b03c-e7d97dc9a7f6-groupManagement] INFO  server.RaftServerConfigKeys (ConfUtils.java:logGet(46)) - raft.server.log.force.sync.num = 128 (default)
2023-06-07 07:10:56,361 [b1b35183-3015-42af-b03c-e7d97dc9a7f6-groupManagement] INFO  server.RaftServerConfigKeys (ConfUtils.java:logGet(46)) - raft.server.log.statemachine.data.sync = true (default)
2023-06-07 07:10:56,361 [b1b35183-3015-42af-b03c-e7d97dc9a7f6-groupManagement] INFO  server.RaftServerConfigKeys (ConfUtils.java:logGet(46)) - raft.server.log.statemachine.data.sync.timeout = 10s (default)
2023-06-07 07:10:56,361 [b1b35183-3015-42af-b03c-e7d97dc9a7f6-groupManagement] INFO  server.RaftServerConfigKeys (ConfUtils.java:logGet(46)) - raft.server.log.statemachine.data.sync.timeout.retry = -1 (default)
2023-06-07 07:10:56,364 [b1b35183-3015-42af-b03c-e7d97dc9a7f6-groupManagement] INFO  server.RaftServerConfigKeys (ConfUtils.java:logGet(46)) - raft.server.log.write.buffer.size = 1048576 (custom)
2023-06-07 07:10:56,366 [b1b35183-3015-42af-b03c-e7d97dc9a7f6-groupManagement] INFO  server.RaftServerConfigKeys (ConfUtils.java:logGet(46)) - raft.server.log.appender.buffer.byte-limit = 33554432 (custom)
2023-06-07 07:10:56,369 [PipelineCommandHandlerThread-0] INFO  ratis.XceiverServerRatis (XceiverServerRatis.java:addGroup(804)) - Created group PipelineID=2348e00e-cbbb-4144-a011-de80c7ec9d56
2023-06-07 07:10:56,383 [b1b35183-3015-42af-b03c-e7d97dc9a7f6-groupManagement] INFO  server.RaftServerConfigKeys (ConfUtils.java:logGet(46)) - raft.server.log.unsafe-flush.enabled = false (default)
2023-06-07 07:10:56,383 [b1b35183-3015-42af-b03c-e7d97dc9a7f6-groupManagement] INFO  server.RaftServerConfigKeys (ConfUtils.java:logGet(46)) - raft.server.log.async-flush.enabled = false (default)
2023-06-07 07:10:56,383 [b1b35183-3015-42af-b03c-e7d97dc9a7f6-groupManagement] INFO  server.RaftServerConfigKeys (ConfUtils.java:logGet(46)) - raft.server.log.statemachine.data.caching.enabled = true (custom)
2023-06-07 07:10:56,383 [b1b35183-3015-42af-b03c-e7d97dc9a7f6-groupManagement] INFO  segmented.SegmentedRaftLogWorker (SegmentedRaftLogWorker.java:lambda$new$0(135)) - b1b35183-3015-42af-b03c-e7d97dc9a7f6@group-71D6BB20000E-SegmentedRaftLogWorker: flushIndex: setUnconditionally 0 -> -1
2023-06-07 07:10:56,383 [b1b35183-3015-42af-b03c-e7d97dc9a7f6-groupManagement] INFO  segmented.SegmentedRaftLogWorker (SegmentedRaftLogWorker.java:lambda$new$0(135)) - b1b35183-3015-42af-b03c-e7d97dc9a7f6@group-71D6BB20000E-SegmentedRaftLogWorker: safeCacheEvictIndex: setUnconditionally 0 -> -1
2023-06-07 07:10:56,388 [grpc-default-executor-1] INFO  server.RaftServer (RaftServerProxy.java:addNew(98)) - cd92a3c4-ef96-4770-b512-b3fe4045cd4b: addNew group-DE80C7EC9D56:[cd92a3c4-ef96-4770-b512-b3fe4045cd4b|rpc:10.1.0.31:15113|admin:10.1.0.31:15112|client:10.1.0.31:15111|dataStream:10.1.0.31:15114|priority:0|startupRole:FOLLOWER, b1b35183-3015-42af-b03c-e7d97dc9a7f6|rpc:10.1.0.31:15104|admin:10.1.0.31:15103|client:10.1.0.31:15102|dataStream:10.1.0.31:15105|priority:1|startupRole:FOLLOWER, 53afdcff-9740-4d1d-9155-3eea53ceb243|rpc:10.1.0.31:15095|admin:10.1.0.31:15094|client:10.1.0.31:15093|dataStream:10.1.0.31:15096|priority:0|startupRole:FOLLOWER] returns group-DE80C7EC9D56:java.util.concurrent.CompletableFuture@3d79dcbd[Not completed]
2023-06-07 07:10:56,388 [b1b35183-3015-42af-b03c-e7d97dc9a7f6-groupManagement] INFO  server.RaftServer$Division (RaftServerImpl.java:start(342)) - b1b35183-3015-42af-b03c-e7d97dc9a7f6@group-71D6BB20000E: start as a follower, conf=-1: peers:[b1b35183-3015-42af-b03c-e7d97dc9a7f6|rpc:10.1.0.31:15104|admin:10.1.0.31:15103|client:10.1.0.31:15102|dataStream:10.1.0.31:15105|priority:1|startupRole:FOLLOWER]|listeners:[], old=null
2023-06-07 07:10:56,388 [b1b35183-3015-42af-b03c-e7d97dc9a7f6-groupManagement] INFO  server.RaftServer$Division (RaftServerImpl.java:setRole(329)) - b1b35183-3015-42af-b03c-e7d97dc9a7f6@group-71D6BB20000E: changes role from      null to FOLLOWER at term 0 for startAsFollower
2023-06-07 07:10:56,388 [b1b35183-3015-42af-b03c-e7d97dc9a7f6-groupManagement] INFO  impl.RoleInfo (RoleInfo.java:updateAndGet(139)) - b1b35183-3015-42af-b03c-e7d97dc9a7f6: start b1b35183-3015-42af-b03c-e7d97dc9a7f6@group-71D6BB20000E-FollowerState
2023-06-07 07:10:56,389 [cd92a3c4-ef96-4770-b512-b3fe4045cd4b-groupManagement] INFO  server.RaftServer$Division (RaftServerImpl.java:<init>(198)) - cd92a3c4-ef96-4770-b512-b3fe4045cd4b: new RaftServerImpl for group-DE80C7EC9D56:[cd92a3c4-ef96-4770-b512-b3fe4045cd4b|rpc:10.1.0.31:15113|admin:10.1.0.31:15112|client:10.1.0.31:15111|dataStream:10.1.0.31:15114|priority:0|startupRole:FOLLOWER, b1b35183-3015-42af-b03c-e7d97dc9a7f6|rpc:10.1.0.31:15104|admin:10.1.0.31:15103|client:10.1.0.31:15102|dataStream:10.1.0.31:15105|priority:1|startupRole:FOLLOWER, 53afdcff-9740-4d1d-9155-3eea53ceb243|rpc:10.1.0.31:15095|admin:10.1.0.31:15094|client:10.1.0.31:15093|dataStream:10.1.0.31:15096|priority:0|startupRole:FOLLOWER] with ContainerStateMachine:uninitialized
2023-06-07 07:10:56,389 [cd92a3c4-ef96-4770-b512-b3fe4045cd4b-groupManagement] INFO  server.RaftServerConfigKeys (ConfUtils.java:logGet(46)) - raft.server.rpc.timeout.min = 5s (custom)
2023-06-07 07:10:56,389 [cd92a3c4-ef96-4770-b512-b3fe4045cd4b-groupManagement] INFO  server.RaftServerConfigKeys (ConfUtils.java:logGet(46)) - raft.server.rpc.timeout.max = 5200ms (custom)
2023-06-07 07:10:56,389 [cd92a3c4-ef96-4770-b512-b3fe4045cd4b-groupManagement] INFO  server.RaftServerConfigKeys (ConfUtils.java:logGet(46)) - raft.server.rpc.sleep.time = 25ms (default)
2023-06-07 07:10:56,389 [cd92a3c4-ef96-4770-b512-b3fe4045cd4b-groupManagement] INFO  server.RaftServerConfigKeys (ConfUtils.java:logGet(46)) - raft.server.rpc.slowness.timeout = 300s (custom)
2023-06-07 07:10:56,389 [cd92a3c4-ef96-4770-b512-b3fe4045cd4b-groupManagement] INFO  server.RaftServerConfigKeys (ConfUtils.java:logGet(46)) - raft.server.leaderelection.leader.step-down.wait-time = 10s (default)
2023-06-07 07:10:56,389 [cd92a3c4-ef96-4770-b512-b3fe4045cd4b-groupManagement] INFO  server.RaftServerConfigKeys (ConfUtils.java:logGet(46)) - raft.server.sleep.deviation.threshold = 300ms (default)
2023-06-07 07:10:56,389 [cd92a3c4-ef96-4770-b512-b3fe4045cd4b-groupManagement] INFO  server.RaftServer$Division (ServerState.java:<init>(120)) - cd92a3c4-ef96-4770-b512-b3fe4045cd4b@group-DE80C7EC9D56: ConfigurationManager, init=-1: peers:[cd92a3c4-ef96-4770-b512-b3fe4045cd4b|rpc:10.1.0.31:15113|admin:10.1.0.31:15112|client:10.1.0.31:15111|dataStream:10.1.0.31:15114|priority:0|startupRole:FOLLOWER, b1b35183-3015-42af-b03c-e7d97dc9a7f6|rpc:10.1.0.31:15104|admin:10.1.0.31:15103|client:10.1.0.31:15102|dataStream:10.1.0.31:15105|priority:1|startupRole:FOLLOWER, 53afdcff-9740-4d1d-9155-3eea53ceb243|rpc:10.1.0.31:15095|admin:10.1.0.31:15094|client:10.1.0.31:15093|dataStream:10.1.0.31:15096|priority:0|startupRole:FOLLOWER]|listeners:[], old=null, confs=<EMPTY_MAP>
2023-06-07 07:10:56,390 [cd92a3c4-ef96-4770-b512-b3fe4045cd4b-groupManagement] INFO  server.RaftServerConfigKeys (ConfUtils.java:logGet(46)) - raft.server.storage.dir = [/home/runner/work/ozone/ozone/hadoop-ozone/integration-test/target/test-dir/MiniOzoneClusterImpl-28223e3b-fb3b-4559-a623-43dba3cd33a0/datanode-11/data/ratis] (custom)
2023-06-07 07:10:56,390 [cd92a3c4-ef96-4770-b512-b3fe4045cd4b-groupManagement] INFO  server.RaftServerConfigKeys (ConfUtils.java:logGet(46)) - raft.server.log.corruption.policy = EXCEPTION (default)
2023-06-07 07:10:56,390 [cd92a3c4-ef96-4770-b512-b3fe4045cd4b-groupManagement] INFO  server.RaftServerConfigKeys (ConfUtils.java:logGet(46)) - raft.server.storage.free-space.min = 0MB (=0) (default)
2023-06-07 07:10:56,390 [cd92a3c4-ef96-4770-b512-b3fe4045cd4b-groupManagement] INFO  server.RaftServerConfigKeys (ConfUtils.java:logGet(46)) - raft.server.notification.no-leader.timeout = 300s (custom)
2023-06-07 07:10:56,390 [cd92a3c4-ef96-4770-b512-b3fe4045cd4b-groupManagement] INFO  server.RaftServerConfigKeys (ConfUtils.java:logGet(46)) - raft.server.read.timeout = 10s (default)
2023-06-07 07:10:56,390 [cd92a3c4-ef96-4770-b512-b3fe4045cd4b-groupManagement] INFO  server.RaftServerConfigKeys (ConfUtils.java:logGet(46)) - raft.server.retrycache.expirytime = 600000ms (custom)
2023-06-07 07:10:56,390 [cd92a3c4-ef96-4770-b512-b3fe4045cd4b-groupManagement] INFO  server.RaftServerConfigKeys (ConfUtils.java:logGet(46)) - raft.server.retrycache.statistics.expirytime = 100μs (default)
2023-06-07 07:10:56,390 [cd92a3c4-ef96-4770-b512-b3fe4045cd4b-groupManagement] INFO  server.RaftServerConfigKeys (ConfUtils.java:logGet(46)) - raft.server.read.option = DEFAULT (default)
2023-06-07 07:10:56,391 [cd92a3c4-ef96-4770-b512-b3fe4045cd4b-groupManagement] INFO  server.RaftServerConfigKeys (ConfUtils.java:logGet(46)) - raft.server.rpc.request.timeout = 60s (custom)
2023-06-07 07:10:56,392 [cd92a3c4-ef96-4770-b512-b3fe4045cd4b-groupManagement] INFO  server.RaftServerConfigKeys (ConfUtils.java:logGet(46)) - raft.server.log.appender.install.snapshot.enabled = false (custom)
2023-06-07 07:10:56,392 [cd92a3c4-ef96-4770-b512-b3fe4045cd4b-groupManagement] INFO  server.RaftServerConfigKeys (ConfUtils.java:logGet(46)) - raft.server.threadpool.server.cached = true (default)
2023-06-07 07:10:56,392 [cd92a3c4-ef96-4770-b512-b3fe4045cd4b-groupManagement] INFO  server.RaftServerConfigKeys (ConfUtils.java:logGet(46)) - raft.server.threadpool.server.size = 0 (default)
2023-06-07 07:10:56,392 [cd92a3c4-ef96-4770-b512-b3fe4045cd4b-groupManagement] INFO  server.RaftServerConfigKeys (ConfUtils.java:logGet(46)) - raft.server.threadpool.client.cached = true (default)
2023-06-07 07:10:56,392 [cd92a3c4-ef96-4770-b512-b3fe4045cd4b-groupManagement] INFO  server.RaftServerConfigKeys (ConfUtils.java:logGet(46)) - raft.server.threadpool.client.size = 0 (default)
2023-06-07 07:10:56,392 [b1b35183-3015-42af-b03c-e7d97dc9a7f6-groupManagement] INFO  util.JmxRegister (JmxRegister.java:tryRegister(44)) - Successfully registered JMX Bean with object name Ratis:service=RaftServer,group=group-71D6BB20000E,id=b1b35183-3015-42af-b03c-e7d97dc9a7f6
2023-06-07 07:10:56,392 [cd92a3c4-ef96-4770-b512-b3fe4045cd4b-groupManagement] INFO  storage.RaftStorageDirectory (RaftStorageDirectoryImpl.java:analyzeStorage(137)) - The storage directory /home/runner/work/ozone/ozone/hadoop-ozone/integration-test/target/test-dir/MiniOzoneClusterImpl-28223e3b-fb3b-4559-a623-43dba3cd33a0/datanode-11/data/ratis/2348e00e-cbbb-4144-a011-de80c7ec9d56 does not exist. Creating ...
2023-06-07 07:10:56,393 [b1b35183-3015-42af-b03c-e7d97dc9a7f6@group-71D6BB20000E-FollowerState] INFO  server.RaftServerConfigKeys (ConfUtils.java:logFallback(53)) - raft.server.rpc.first-election.timeout.min = 5s (fallback to raft.server.rpc.timeout.min)
2023-06-07 07:10:56,393 [b1b35183-3015-42af-b03c-e7d97dc9a7f6@group-71D6BB20000E-FollowerState] INFO  server.RaftServerConfigKeys (ConfUtils.java:logFallback(53)) - raft.server.rpc.first-election.timeout.max = 5200ms (fallback to raft.server.rpc.timeout.max)
2023-06-07 07:10:56,392 [b1b35183-3015-42af-b03c-e7d97dc9a7f6-groupManagement] INFO  server.RaftServerConfigKeys (ConfUtils.java:logGet(46)) - raft.server.snapshot.auto.trigger.enabled = true (custom)
2023-06-07 07:10:56,393 [b1b35183-3015-42af-b03c-e7d97dc9a7f6-groupManagement] INFO  server.RaftServerConfigKeys (ConfUtils.java:logGet(46)) - raft.server.snapshot.auto.trigger.threshold = 10000 (custom)
2023-06-07 07:10:56,393 [b1b35183-3015-42af-b03c-e7d97dc9a7f6-groupManagement] INFO  server.RaftServerConfigKeys (ConfUtils.java:logGet(46)) - raft.server.snapshot.retention.file.num = 5 (custom)
2023-06-07 07:10:56,393 [b1b35183-3015-42af-b03c-e7d97dc9a7f6-groupManagement] INFO  server.RaftServerConfigKeys (ConfUtils.java:logGet(46)) - raft.server.log.purge.upto.snapshot.index = false (default)
2023-06-07 07:10:56,395 [PipelineCommandHandlerThread-0] INFO  ratis.XceiverServerRatis (XceiverServerRatis.java:addGroup(804)) - Created group PipelineID=9af600a4-9831-4fa9-9058-71d6bb20000e
2023-06-07 07:10:56,395 [cd92a3c4-ef96-4770-b512-b3fe4045cd4b-groupManagement] INFO  storage.RaftStorageDirectory (RaftStorageDirectoryImpl.java:tryLock(231)) - Lock on /home/runner/work/ozone/ozone/hadoop-ozone/integration-test/target/test-dir/MiniOzoneClusterImpl-28223e3b-fb3b-4559-a623-43dba3cd33a0/datanode-11/data/ratis/2348e00e-cbbb-4144-a011-de80c7ec9d56/in_use.lock acquired by nodename 65108@fv-az246-755
2023-06-07 07:10:56,395 [PipelineCommandHandlerThread-0] INFO  commandhandler.CreatePipelineCommandHandler (CreatePipelineCommandHandler.java:lambda$handle$2(124)) - Created Pipeline RATIS ONE PipelineID=9af600a4-9831-4fa9-9058-71d6bb20000e.
2023-06-07 07:10:56,395 [PipelineCommandHandlerThread-0] INFO  server.RaftServer (RaftServerProxy.java:addNew(98)) - b1b35183-3015-42af-b03c-e7d97dc9a7f6: addNew group-DE80C7EC9D56:[cd92a3c4-ef96-4770-b512-b3fe4045cd4b|rpc:10.1.0.31:15113|admin:10.1.0.31:15112|client:10.1.0.31:15111|dataStream:10.1.0.31:15114|priority:0|startupRole:FOLLOWER, b1b35183-3015-42af-b03c-e7d97dc9a7f6|rpc:10.1.0.31:15104|admin:10.1.0.31:15103|client:10.1.0.31:15102|dataStream:10.1.0.31:15105|priority:1|startupRole:FOLLOWER, 53afdcff-9740-4d1d-9155-3eea53ceb243|rpc:10.1.0.31:15095|admin:10.1.0.31:15094|client:10.1.0.31:15093|dataStream:10.1.0.31:15096|priority:0|startupRole:FOLLOWER] returns group-DE80C7EC9D56:java.util.concurrent.CompletableFuture@51d50454[Not completed]
2023-06-07 07:10:56,396 [b1b35183-3015-42af-b03c-e7d97dc9a7f6-groupManagement] INFO  server.RaftServer$Division (RaftServerImpl.java:<init>(198)) - b1b35183-3015-42af-b03c-e7d97dc9a7f6: new RaftServerImpl for group-DE80C7EC9D56:[cd92a3c4-ef96-4770-b512-b3fe4045cd4b|rpc:10.1.0.31:15113|admin:10.1.0.31:15112|client:10.1.0.31:15111|dataStream:10.1.0.31:15114|priority:0|startupRole:FOLLOWER, b1b35183-3015-42af-b03c-e7d97dc9a7f6|rpc:10.1.0.31:15104|admin:10.1.0.31:15103|client:10.1.0.31:15102|dataStream:10.1.0.31:15105|priority:1|startupRole:FOLLOWER, 53afdcff-9740-4d1d-9155-3eea53ceb243|rpc:10.1.0.31:15095|admin:10.1.0.31:15094|client:10.1.0.31:15093|dataStream:10.1.0.31:15096|priority:0|startupRole:FOLLOWER] with ContainerStateMachine:uninitialized
2023-06-07 07:10:56,397 [b1b35183-3015-42af-b03c-e7d97dc9a7f6-groupManagement] INFO  server.RaftServerConfigKeys (ConfUtils.java:logGet(46)) - raft.server.rpc.timeout.min = 5s (custom)
2023-06-07 07:10:56,397 [b1b35183-3015-42af-b03c-e7d97dc9a7f6-groupManagement] INFO  server.RaftServerConfigKeys (ConfUtils.java:logGet(46)) - raft.server.rpc.timeout.max = 5200ms (custom)
2023-06-07 07:10:56,397 [b1b35183-3015-42af-b03c-e7d97dc9a7f6-groupManagement] INFO  server.RaftServerConfigKeys (ConfUtils.java:logGet(46)) - raft.server.rpc.sleep.time = 25ms (default)
2023-06-07 07:10:56,397 [b1b35183-3015-42af-b03c-e7d97dc9a7f6-groupManagement] INFO  server.RaftServerConfigKeys (ConfUtils.java:logGet(46)) - raft.server.rpc.slowness.timeout = 300s (custom)
2023-06-07 07:10:56,397 [b1b35183-3015-42af-b03c-e7d97dc9a7f6-groupManagement] INFO  server.RaftServerConfigKeys (ConfUtils.java:logGet(46)) - raft.server.leaderelection.leader.step-down.wait-time = 10s (default)
2023-06-07 07:10:56,397 [b1b35183-3015-42af-b03c-e7d97dc9a7f6-groupManagement] INFO  server.RaftServerConfigKeys (ConfUtils.java:logGet(46)) - raft.server.sleep.deviation.threshold = 300ms (default)
2023-06-07 07:10:56,397 [b1b35183-3015-42af-b03c-e7d97dc9a7f6-groupManagement] INFO  server.RaftServer$Division (ServerState.java:<init>(120)) - b1b35183-3015-42af-b03c-e7d97dc9a7f6@group-DE80C7EC9D56: ConfigurationManager, init=-1: peers:[cd92a3c4-ef96-4770-b512-b3fe4045cd4b|rpc:10.1.0.31:15113|admin:10.1.0.31:15112|client:10.1.0.31:15111|dataStream:10.1.0.31:15114|priority:0|startupRole:FOLLOWER, b1b35183-3015-42af-b03c-e7d97dc9a7f6|rpc:10.1.0.31:15104|admin:10.1.0.31:15103|client:10.1.0.31:15102|dataStream:10.1.0.31:15105|priority:1|startupRole:FOLLOWER, 53afdcff-9740-4d1d-9155-3eea53ceb243|rpc:10.1.0.31:15095|admin:10.1.0.31:15094|client:10.1.0.31:15093|dataStream:10.1.0.31:15096|priority:0|startupRole:FOLLOWER]|listeners:[], old=null, confs=<EMPTY_MAP>
2023-06-07 07:10:56,397 [b1b35183-3015-42af-b03c-e7d97dc9a7f6-groupManagement] INFO  server.RaftServerConfigKeys (ConfUtils.java:logGet(46)) - raft.server.storage.dir = [/home/runner/work/ozone/ozone/hadoop-ozone/integration-test/target/test-dir/MiniOzoneClusterImpl-28223e3b-fb3b-4559-a623-43dba3cd33a0/datanode-10/data/ratis] (custom)
2023-06-07 07:10:56,397 [cd92a3c4-ef96-4770-b512-b3fe4045cd4b-groupManagement] INFO  storage.RaftStorage (RaftStorageImpl.java:format(96)) - Storage directory /home/runner/work/ozone/ozone/hadoop-ozone/integration-test/target/test-dir/MiniOzoneClusterImpl-28223e3b-fb3b-4559-a623-43dba3cd33a0/datanode-11/data/ratis/2348e00e-cbbb-4144-a011-de80c7ec9d56 has been successfully formatted.
2023-06-07 07:10:56,397 [b1b35183-3015-42af-b03c-e7d97dc9a7f6-groupManagement] INFO  server.RaftServerConfigKeys (ConfUtils.java:logGet(46)) - raft.server.log.corruption.policy = EXCEPTION (default)
2023-06-07 07:10:56,397 [b1b35183-3015-42af-b03c-e7d97dc9a7f6-groupManagement] INFO  server.RaftServerConfigKeys (ConfUtils.java:logGet(46)) - raft.server.storage.free-space.min = 0MB (=0) (default)
2023-06-07 07:10:56,397 [b1b35183-3015-42af-b03c-e7d97dc9a7f6-groupManagement] INFO  server.RaftServerConfigKeys (ConfUtils.java:logGet(46)) - raft.server.notification.no-leader.timeout = 300s (custom)
2023-06-07 07:10:56,398 [b1b35183-3015-42af-b03c-e7d97dc9a7f6-groupManagement] INFO  server.RaftServerConfigKeys (ConfUtils.java:logGet(46)) - raft.server.read.timeout = 10s (default)
2023-06-07 07:10:56,403 [b1b35183-3015-42af-b03c-e7d97dc9a7f6-groupManagement] INFO  server.RaftServerConfigKeys (ConfUtils.java:logGet(46)) - raft.server.retrycache.expirytime = 600000ms (custom)
2023-06-07 07:10:56,403 [b1b35183-3015-42af-b03c-e7d97dc9a7f6-groupManagement] INFO  server.RaftServerConfigKeys (ConfUtils.java:logGet(46)) - raft.server.retrycache.statistics.expirytime = 100μs (default)
2023-06-07 07:10:56,403 [b1b35183-3015-42af-b03c-e7d97dc9a7f6-groupManagement] INFO  server.RaftServerConfigKeys (ConfUtils.java:logGet(46)) - raft.server.read.option = DEFAULT (default)
2023-06-07 07:10:56,403 [cd92a3c4-ef96-4770-b512-b3fe4045cd4b-groupManagement] INFO  ratis.ContainerStateMachine (ContainerStateMachine.java:loadSnapshot(262)) - group-DE80C7EC9D56: The snapshot info is null. Setting the last applied indexto:(t:0, i:~)
2023-06-07 07:10:56,403 [cd92a3c4-ef96-4770-b512-b3fe4045cd4b-groupManagement] INFO  server.RaftServerConfigKeys (ConfUtils.java:logGet(46)) - raft.server.log.use.memory = false (default)
2023-06-07 07:10:56,404 [cd92a3c4-ef96-4770-b512-b3fe4045cd4b-groupManagement] INFO  server.RaftServerConfigKeys (ConfUtils.java:logGet(46)) - raft.server.log.purge.gap = 1000000 (custom)
2023-06-07 07:10:56,404 [cd92a3c4-ef96-4770-b512-b3fe4045cd4b-groupManagement] INFO  server.RaftServerConfigKeys (ConfUtils.java:logGet(46)) - raft.server.log.appender.buffer.byte-limit = 33554432 (custom)
2023-06-07 07:10:56,404 [cd92a3c4-ef96-4770-b512-b3fe4045cd4b-groupManagement] INFO  server.RaftServerConfigKeys (ConfUtils.java:logGet(46)) - raft.server.log.statemachine.data.read.timeout = 1000ms (default)
2023-06-07 07:10:56,404 [cd92a3c4-ef96-4770-b512-b3fe4045cd4b-groupManagement] INFO  server.RaftServerConfigKeys (ConfUtils.java:logGet(46)) - raft.server.log.purge.preservation.log.num = 0 (default)
2023-06-07 07:10:56,404 [cd92a3c4-ef96-4770-b512-b3fe4045cd4b-groupManagement] INFO  server.RaftServerConfigKeys (ConfUtils.java:logGet(46)) - raft.server.log.segment.size.max = 1048576 (custom)
2023-06-07 07:10:56,406 [b1b35183-3015-42af-b03c-e7d97dc9a7f6-groupManagement] INFO  server.RaftServerConfigKeys (ConfUtils.java:logGet(46)) - raft.server.rpc.request.timeout = 60s (custom)
2023-06-07 07:10:56,406 [b1b35183-3015-42af-b03c-e7d97dc9a7f6-groupManagement] INFO  server.RaftServerConfigKeys (ConfUtils.java:logGet(46)) - raft.server.log.appender.install.snapshot.enabled = false (custom)
2023-06-07 07:10:56,406 [b1b35183-3015-42af-b03c-e7d97dc9a7f6-groupManagement] INFO  server.RaftServerConfigKeys (ConfUtils.java:logGet(46)) - raft.server.threadpool.server.cached = true (default)
2023-06-07 07:10:56,406 [b1b35183-3015-42af-b03c-e7d97dc9a7f6-groupManagement] INFO  server.RaftServerConfigKeys (ConfUtils.java:logGet(46)) - raft.server.threadpool.server.size = 0 (default)
2023-06-07 07:10:56,406 [b1b35183-3015-42af-b03c-e7d97dc9a7f6-groupManagement] INFO  server.RaftServerConfigKeys (ConfUtils.java:logGet(46)) - raft.server.threadpool.client.cached = true (default)
2023-06-07 07:10:56,406 [b1b35183-3015-42af-b03c-e7d97dc9a7f6-groupManagement] INFO  server.RaftServerConfigKeys (ConfUtils.java:logGet(46)) - raft.server.threadpool.client.size = 0 (default)
2023-06-07 07:10:56,406 [b1b35183-3015-42af-b03c-e7d97dc9a7f6-groupManagement] INFO  storage.RaftStorageDirectory (RaftStorageDirectoryImpl.java:analyzeStorage(137)) - The storage directory /home/runner/work/ozone/ozone/hadoop-ozone/integration-test/target/test-dir/MiniOzoneClusterImpl-28223e3b-fb3b-4559-a623-43dba3cd33a0/datanode-10/data/ratis/2348e00e-cbbb-4144-a011-de80c7ec9d56 does not exist. Creating ...
2023-06-07 07:10:56,407 [cd92a3c4-ef96-4770-b512-b3fe4045cd4b-groupManagement] INFO  server.RaftServerConfigKeys (ConfUtils.java:logGet(46)) - raft.server.log.segment.cache.num.max = 2 (custom)
2023-06-07 07:10:56,407 [cd92a3c4-ef96-4770-b512-b3fe4045cd4b-groupManagement] INFO  server.RaftServerConfigKeys (ConfUtils.java:logGet(46)) - raft.server.log.segment.cache.size.max = 200MB (=209715200) (default)
2023-06-07 07:10:56,407 [cd92a3c4-ef96-4770-b512-b3fe4045cd4b-groupManagement] INFO  server.RaftServerConfigKeys (ConfUtils.java:logGet(46)) - raft.server.log.appender.buffer.byte-limit = 33554432 (custom)
2023-06-07 07:10:56,407 [cd92a3c4-ef96-4770-b512-b3fe4045cd4b-groupManagement] INFO  segmented.SegmentedRaftLogWorker (SegmentedRaftLogWorker.java:<init>(188)) - new cd92a3c4-ef96-4770-b512-b3fe4045cd4b@group-DE80C7EC9D56-SegmentedRaftLogWorker for RaftStorageImpl:Storage Directory /home/runner/work/ozone/ozone/hadoop-ozone/integration-test/target/test-dir/MiniOzoneClusterImpl-28223e3b-fb3b-4559-a623-43dba3cd33a0/datanode-11/data/ratis/2348e00e-cbbb-4144-a011-de80c7ec9d56
2023-06-07 07:10:56,407 [cd92a3c4-ef96-4770-b512-b3fe4045cd4b-groupManagement] INFO  server.RaftServerConfigKeys (ConfUtils.java:logGet(46)) - raft.server.log.queue.byte-limit = 4294967296 (custom)
2023-06-07 07:10:56,407 [cd92a3c4-ef96-4770-b512-b3fe4045cd4b-groupManagement] INFO  server.RaftServerConfigKeys (ConfUtils.java:logGet(46)) - raft.server.log.queue.element-limit = 1024 (custom)
2023-06-07 07:10:56,407 [cd92a3c4-ef96-4770-b512-b3fe4045cd4b-groupManagement] INFO  server.RaftServerConfigKeys (ConfUtils.java:logGet(46)) - raft.server.log.segment.size.max = 1048576 (custom)
2023-06-07 07:10:56,407 [cd92a3c4-ef96-4770-b512-b3fe4045cd4b-groupManagement] INFO  server.RaftServerConfigKeys (ConfUtils.java:logGet(46)) - raft.server.log.preallocated.size = 16384 (custom)
2023-06-07 07:10:56,407 [cd92a3c4-ef96-4770-b512-b3fe4045cd4b-groupManagement] INFO  server.RaftServerConfigKeys (ConfUtils.java:logGet(46)) - raft.server.log.force.sync.num = 128 (default)
2023-06-07 07:10:56,407 [cd92a3c4-ef96-4770-b512-b3fe4045cd4b-groupManagement] INFO  server.RaftServerConfigKeys (ConfUtils.java:logGet(46)) - raft.server.log.statemachine.data.sync = true (default)
2023-06-07 07:10:56,408 [cd92a3c4-ef96-4770-b512-b3fe4045cd4b-groupManagement] INFO  server.RaftServerConfigKeys (ConfUtils.java:logGet(46)) - raft.server.log.statemachine.data.sync.timeout = 10s (default)
2023-06-07 07:10:56,408 [cd92a3c4-ef96-4770-b512-b3fe4045cd4b-groupManagement] INFO  server.RaftServerConfigKeys (ConfUtils.java:logGet(46)) - raft.server.log.statemachine.data.sync.timeout.retry = -1 (default)
2023-06-07 07:10:56,408 [b1b35183-3015-42af-b03c-e7d97dc9a7f6-groupManagement] INFO  storage.RaftStorageDirectory (RaftStorageDirectoryImpl.java:tryLock(231)) - Lock on /home/runner/work/ozone/ozone/hadoop-ozone/integration-test/target/test-dir/MiniOzoneClusterImpl-28223e3b-fb3b-4559-a623-43dba3cd33a0/datanode-10/data/ratis/2348e00e-cbbb-4144-a011-de80c7ec9d56/in_use.lock acquired by nodename 65108@fv-az246-755
2023-06-07 07:10:56,411 [cd92a3c4-ef96-4770-b512-b3fe4045cd4b-groupManagement] INFO  server.RaftServerConfigKeys (ConfUtils.java:logGet(46)) - raft.server.log.write.buffer.size = 1048576 (custom)
2023-06-07 07:10:56,411 [b1b35183-3015-42af-b03c-e7d97dc9a7f6-groupManagement] INFO  storage.RaftStorage (RaftStorageImpl.java:format(96)) - Storage directory /home/runner/work/ozone/ozone/hadoop-ozone/integration-test/target/test-dir/MiniOzoneClusterImpl-28223e3b-fb3b-4559-a623-43dba3cd33a0/datanode-10/data/ratis/2348e00e-cbbb-4144-a011-de80c7ec9d56 has been successfully formatted.
2023-06-07 07:10:56,412 [b1b35183-3015-42af-b03c-e7d97dc9a7f6-groupManagement] INFO  ratis.ContainerStateMachine (ContainerStateMachine.java:loadSnapshot(262)) - group-DE80C7EC9D56: The snapshot info is null. Setting the last applied indexto:(t:0, i:~)
2023-06-07 07:10:56,412 [b1b35183-3015-42af-b03c-e7d97dc9a7f6-groupManagement] INFO  server.RaftServerConfigKeys (ConfUtils.java:logGet(46)) - raft.server.log.use.memory = false (default)
2023-06-07 07:10:56,412 [b1b35183-3015-42af-b03c-e7d97dc9a7f6-groupManagement] INFO  server.RaftServerConfigKeys (ConfUtils.java:logGet(46)) - raft.server.log.purge.gap = 1000000 (custom)
2023-06-07 07:10:56,412 [b1b35183-3015-42af-b03c-e7d97dc9a7f6-groupManagement] INFO  server.RaftServerConfigKeys (ConfUtils.java:logGet(46)) - raft.server.log.appender.buffer.byte-limit = 33554432 (custom)
2023-06-07 07:10:56,412 [b1b35183-3015-42af-b03c-e7d97dc9a7f6-groupManagement] INFO  server.RaftServerConfigKeys (ConfUtils.java:logGet(46)) - raft.server.log.statemachine.data.read.timeout = 1000ms (default)
2023-06-07 07:10:56,412 [b1b35183-3015-42af-b03c-e7d97dc9a7f6-groupManagement] INFO  server.RaftServerConfigKeys (ConfUtils.java:logGet(46)) - raft.server.log.purge.preservation.log.num = 0 (default)
2023-06-07 07:10:56,413 [EventQueue-OpenPipelineForHealthyPipelineSafeModeRule] INFO  safemode.SCMSafeModeManager (HealthyPipelineSafeModeRule.java:process(137)) - SCM in safe mode. Healthy pipelines reported count is 0, required healthy pipeline reported count is 1
2023-06-07 07:10:56,413 [b1b35183-3015-42af-b03c-e7d97dc9a7f6-groupManagement] INFO  server.RaftServerConfigKeys (ConfUtils.java:logGet(46)) - raft.server.log.segment.size.max = 1048576 (custom)
2023-06-07 07:10:56,414 [b1b35183-3015-42af-b03c-e7d97dc9a7f6-groupManagement] INFO  server.RaftServerConfigKeys (ConfUtils.java:logGet(46)) - raft.server.log.segment.cache.num.max = 2 (custom)
2023-06-07 07:10:56,414 [b1b35183-3015-42af-b03c-e7d97dc9a7f6-groupManagement] INFO  server.RaftServerConfigKeys (ConfUtils.java:logGet(46)) - raft.server.log.segment.cache.size.max = 200MB (=209715200) (default)
2023-06-07 07:10:56,414 [b1b35183-3015-42af-b03c-e7d97dc9a7f6-groupManagement] INFO  server.RaftServerConfigKeys (ConfUtils.java:logGet(46)) - raft.server.log.appender.buffer.byte-limit = 33554432 (custom)
2023-06-07 07:10:56,414 [b1b35183-3015-42af-b03c-e7d97dc9a7f6-groupManagement] INFO  segmented.SegmentedRaftLogWorker (SegmentedRaftLogWorker.java:<init>(188)) - new b1b35183-3015-42af-b03c-e7d97dc9a7f6@group-DE80C7EC9D56-SegmentedRaftLogWorker for RaftStorageImpl:Storage Directory /home/runner/work/ozone/ozone/hadoop-ozone/integration-test/target/test-dir/MiniOzoneClusterImpl-28223e3b-fb3b-4559-a623-43dba3cd33a0/datanode-10/data/ratis/2348e00e-cbbb-4144-a011-de80c7ec9d56
2023-06-07 07:10:56,414 [b1b35183-3015-42af-b03c-e7d97dc9a7f6-groupManagement] INFO  server.RaftServerConfigKeys (ConfUtils.java:logGet(46)) - raft.server.log.queue.byte-limit = 4294967296 (custom)
2023-06-07 07:10:56,414 [b1b35183-3015-42af-b03c-e7d97dc9a7f6-groupManagement] INFO  server.RaftServerConfigKeys (ConfUtils.java:logGet(46)) - raft.server.log.queue.element-limit = 1024 (custom)
2023-06-07 07:10:56,414 [b1b35183-3015-42af-b03c-e7d97dc9a7f6-groupManagement] INFO  server.RaftServerConfigKeys (ConfUtils.java:logGet(46)) - raft.server.log.segment.size.max = 1048576 (custom)
2023-06-07 07:10:56,414 [b1b35183-3015-42af-b03c-e7d97dc9a7f6-groupManagement] INFO  server.RaftServerConfigKeys (ConfUtils.java:logGet(46)) - raft.server.log.preallocated.size = 16384 (custom)
2023-06-07 07:10:56,414 [b1b35183-3015-42af-b03c-e7d97dc9a7f6-groupManagement] INFO  server.RaftServerConfigKeys (ConfUtils.java:logGet(46)) - raft.server.log.force.sync.num = 128 (default)
2023-06-07 07:10:56,414 [b1b35183-3015-42af-b03c-e7d97dc9a7f6-groupManagement] INFO  server.RaftServerConfigKeys (ConfUtils.java:logGet(46)) - raft.server.log.statemachine.data.sync = true (default)
2023-06-07 07:10:56,414 [b1b35183-3015-42af-b03c-e7d97dc9a7f6-groupManagement] INFO  server.RaftServerConfigKeys (ConfUtils.java:logGet(46)) - raft.server.log.statemachine.data.sync.timeout = 10s (default)
2023-06-07 07:10:56,414 [b1b35183-3015-42af-b03c-e7d97dc9a7f6-groupManagement] INFO  server.RaftServerConfigKeys (ConfUtils.java:logGet(46)) - raft.server.log.statemachine.data.sync.timeout.retry = -1 (default)
2023-06-07 07:10:56,415 [b1b35183-3015-42af-b03c-e7d97dc9a7f6-groupManagement] INFO  server.RaftServerConfigKeys (ConfUtils.java:logGet(46)) - raft.server.log.write.buffer.size = 1048576 (custom)
2023-06-07 07:10:56,415 [cd92a3c4-ef96-4770-b512-b3fe4045cd4b-groupManagement] INFO  server.RaftServerConfigKeys (ConfUtils.java:logGet(46)) - raft.server.log.appender.buffer.byte-limit = 33554432 (custom)
2023-06-07 07:10:56,417 [b1b35183-3015-42af-b03c-e7d97dc9a7f6-groupManagement] INFO  server.RaftServerConfigKeys (ConfUtils.java:logGet(46)) - raft.server.log.appender.buffer.byte-limit = 33554432 (custom)
2023-06-07 07:10:56,426 [cd92a3c4-ef96-4770-b512-b3fe4045cd4b-groupManagement] INFO  server.RaftServerConfigKeys (ConfUtils.java:logGet(46)) - raft.server.log.unsafe-flush.enabled = false (default)
2023-06-07 07:10:56,426 [cd92a3c4-ef96-4770-b512-b3fe4045cd4b-groupManagement] INFO  server.RaftServerConfigKeys (ConfUtils.java:logGet(46)) - raft.server.log.async-flush.enabled = false (default)
2023-06-07 07:10:56,426 [cd92a3c4-ef96-4770-b512-b3fe4045cd4b-groupManagement] INFO  server.RaftServerConfigKeys (ConfUtils.java:logGet(46)) - raft.server.log.statemachine.data.caching.enabled = true (custom)
2023-06-07 07:10:56,426 [cd92a3c4-ef96-4770-b512-b3fe4045cd4b-groupManagement] INFO  segmented.SegmentedRaftLogWorker (SegmentedRaftLogWorker.java:lambda$new$0(135)) - cd92a3c4-ef96-4770-b512-b3fe4045cd4b@group-DE80C7EC9D56-SegmentedRaftLogWorker: flushIndex: setUnconditionally 0 -> -1
2023-06-07 07:10:56,427 [cd92a3c4-ef96-4770-b512-b3fe4045cd4b-groupManagement] INFO  segmented.SegmentedRaftLogWorker (SegmentedRaftLogWorker.java:lambda$new$0(135)) - cd92a3c4-ef96-4770-b512-b3fe4045cd4b@group-DE80C7EC9D56-SegmentedRaftLogWorker: safeCacheEvictIndex: setUnconditionally 0 -> -1
2023-06-07 07:10:56,427 [b1b35183-3015-42af-b03c-e7d97dc9a7f6-groupManagement] INFO  server.RaftServerConfigKeys (ConfUtils.java:logGet(46)) - raft.server.log.unsafe-flush.enabled = false (default)
2023-06-07 07:10:56,427 [b1b35183-3015-42af-b03c-e7d97dc9a7f6-groupManagement] INFO  server.RaftServerConfigKeys (ConfUtils.java:logGet(46)) - raft.server.log.async-flush.enabled = false (default)
2023-06-07 07:10:56,427 [b1b35183-3015-42af-b03c-e7d97dc9a7f6-groupManagement] INFO  server.RaftServerConfigKeys (ConfUtils.java:logGet(46)) - raft.server.log.statemachine.data.caching.enabled = true (custom)
2023-06-07 07:10:56,428 [b1b35183-3015-42af-b03c-e7d97dc9a7f6-groupManagement] INFO  segmented.SegmentedRaftLogWorker (SegmentedRaftLogWorker.java:lambda$new$0(135)) - b1b35183-3015-42af-b03c-e7d97dc9a7f6@group-DE80C7EC9D56-SegmentedRaftLogWorker: flushIndex: setUnconditionally 0 -> -1
2023-06-07 07:10:56,428 [b1b35183-3015-42af-b03c-e7d97dc9a7f6-groupManagement] INFO  segmented.SegmentedRaftLogWorker (SegmentedRaftLogWorker.java:lambda$new$0(135)) - b1b35183-3015-42af-b03c-e7d97dc9a7f6@group-DE80C7EC9D56-SegmentedRaftLogWorker: safeCacheEvictIndex: setUnconditionally 0 -> -1
2023-06-07 07:10:56,429 [cd92a3c4-ef96-4770-b512-b3fe4045cd4b-groupManagement] INFO  server.RaftServer$Division (RaftServerImpl.java:start(342)) - cd92a3c4-ef96-4770-b512-b3fe4045cd4b@group-DE80C7EC9D56: start as a follower, conf=-1: peers:[cd92a3c4-ef96-4770-b512-b3fe4045cd4b|rpc:10.1.0.31:15113|admin:10.1.0.31:15112|client:10.1.0.31:15111|dataStream:10.1.0.31:15114|priority:0|startupRole:FOLLOWER, b1b35183-3015-42af-b03c-e7d97dc9a7f6|rpc:10.1.0.31:15104|admin:10.1.0.31:15103|client:10.1.0.31:15102|dataStream:10.1.0.31:15105|priority:1|startupRole:FOLLOWER, 53afdcff-9740-4d1d-9155-3eea53ceb243|rpc:10.1.0.31:15095|admin:10.1.0.31:15094|client:10.1.0.31:15093|dataStream:10.1.0.31:15096|priority:0|startupRole:FOLLOWER]|listeners:[], old=null
2023-06-07 07:10:56,429 [cd92a3c4-ef96-4770-b512-b3fe4045cd4b-groupManagement] INFO  server.RaftServer$Division (RaftServerImpl.java:setRole(329)) - cd92a3c4-ef96-4770-b512-b3fe4045cd4b@group-DE80C7EC9D56: changes role from      null to FOLLOWER at term 0 for startAsFollower
2023-06-07 07:10:56,429 [cd92a3c4-ef96-4770-b512-b3fe4045cd4b-groupManagement] INFO  impl.RoleInfo (RoleInfo.java:updateAndGet(139)) - cd92a3c4-ef96-4770-b512-b3fe4045cd4b: start cd92a3c4-ef96-4770-b512-b3fe4045cd4b@group-DE80C7EC9D56-FollowerState
2023-06-07 07:10:56,433 [cd92a3c4-ef96-4770-b512-b3fe4045cd4b-groupManagement] INFO  util.JmxRegister (JmxRegister.java:tryRegister(44)) - Successfully registered JMX Bean with object name Ratis:service=RaftServer,group=group-DE80C7EC9D56,id=cd92a3c4-ef96-4770-b512-b3fe4045cd4b
2023-06-07 07:10:56,433 [cd92a3c4-ef96-4770-b512-b3fe4045cd4b-groupManagement] INFO  server.RaftServerConfigKeys (ConfUtils.java:logGet(46)) - raft.server.snapshot.auto.trigger.enabled = true (custom)
2023-06-07 07:10:56,433 [cd92a3c4-ef96-4770-b512-b3fe4045cd4b-groupManagement] INFO  server.RaftServerConfigKeys (ConfUtils.java:logGet(46)) - raft.server.snapshot.auto.trigger.threshold = 10000 (custom)
2023-06-07 07:10:56,433 [cd92a3c4-ef96-4770-b512-b3fe4045cd4b-groupManagement] INFO  server.RaftServerConfigKeys (ConfUtils.java:logGet(46)) - raft.server.snapshot.retention.file.num = 5 (custom)
2023-06-07 07:10:56,433 [cd92a3c4-ef96-4770-b512-b3fe4045cd4b@group-DE80C7EC9D56-FollowerState] INFO  server.RaftServerConfigKeys (ConfUtils.java:logFallback(53)) - raft.server.rpc.first-election.timeout.min = 5s (fallback to raft.server.rpc.timeout.min)
2023-06-07 07:10:56,433 [cd92a3c4-ef96-4770-b512-b3fe4045cd4b-groupManagement] INFO  server.RaftServerConfigKeys (ConfUtils.java:logGet(46)) - raft.server.log.purge.upto.snapshot.index = false (default)
2023-06-07 07:10:56,434 [cd92a3c4-ef96-4770-b512-b3fe4045cd4b@group-DE80C7EC9D56-FollowerState] INFO  server.RaftServerConfigKeys (ConfUtils.java:logFallback(53)) - raft.server.rpc.first-election.timeout.max = 5200ms (fallback to raft.server.rpc.timeout.max)
2023-06-07 07:10:56,434 [b1b35183-3015-42af-b03c-e7d97dc9a7f6-groupManagement] INFO  server.RaftServer$Division (RaftServerImpl.java:start(342)) - b1b35183-3015-42af-b03c-e7d97dc9a7f6@group-DE80C7EC9D56: start as a follower, conf=-1: peers:[cd92a3c4-ef96-4770-b512-b3fe4045cd4b|rpc:10.1.0.31:15113|admin:10.1.0.31:15112|client:10.1.0.31:15111|dataStream:10.1.0.31:15114|priority:0|startupRole:FOLLOWER, b1b35183-3015-42af-b03c-e7d97dc9a7f6|rpc:10.1.0.31:15104|admin:10.1.0.31:15103|client:10.1.0.31:15102|dataStream:10.1.0.31:15105|priority:1|startupRole:FOLLOWER, 53afdcff-9740-4d1d-9155-3eea53ceb243|rpc:10.1.0.31:15095|admin:10.1.0.31:15094|client:10.1.0.31:15093|dataStream:10.1.0.31:15096|priority:0|startupRole:FOLLOWER]|listeners:[], old=null
2023-06-07 07:10:56,434 [b1b35183-3015-42af-b03c-e7d97dc9a7f6-groupManagement] INFO  server.RaftServer$Division (RaftServerImpl.java:setRole(329)) - b1b35183-3015-42af-b03c-e7d97dc9a7f6@group-DE80C7EC9D56: changes role from      null to FOLLOWER at term 0 for startAsFollower
2023-06-07 07:10:56,435 [b1b35183-3015-42af-b03c-e7d97dc9a7f6-groupManagement] INFO  impl.RoleInfo (RoleInfo.java:updateAndGet(139)) - b1b35183-3015-42af-b03c-e7d97dc9a7f6: start b1b35183-3015-42af-b03c-e7d97dc9a7f6@group-DE80C7EC9D56-FollowerState
2023-06-07 07:10:56,435 [b1b35183-3015-42af-b03c-e7d97dc9a7f6-groupManagement] INFO  util.JmxRegister (JmxRegister.java:tryRegister(44)) - Successfully registered JMX Bean with object name Ratis:service=RaftServer,group=group-DE80C7EC9D56,id=b1b35183-3015-42af-b03c-e7d97dc9a7f6
2023-06-07 07:10:56,435 [b1b35183-3015-42af-b03c-e7d97dc9a7f6-groupManagement] INFO  server.RaftServerConfigKeys (ConfUtils.java:logGet(46)) - raft.server.snapshot.auto.trigger.enabled = true (custom)
2023-06-07 07:10:56,435 [b1b35183-3015-42af-b03c-e7d97dc9a7f6-groupManagement] INFO  server.RaftServerConfigKeys (ConfUtils.java:logGet(46)) - raft.server.snapshot.auto.trigger.threshold = 10000 (custom)
2023-06-07 07:10:56,435 [b1b35183-3015-42af-b03c-e7d97dc9a7f6-groupManagement] INFO  server.RaftServerConfigKeys (ConfUtils.java:logGet(46)) - raft.server.snapshot.retention.file.num = 5 (custom)
2023-06-07 07:10:56,435 [b1b35183-3015-42af-b03c-e7d97dc9a7f6-groupManagement] INFO  server.RaftServerConfigKeys (ConfUtils.java:logGet(46)) - raft.server.log.purge.upto.snapshot.index = false (default)
2023-06-07 07:10:56,436 [b1b35183-3015-42af-b03c-e7d97dc9a7f6@group-DE80C7EC9D56-FollowerState] INFO  server.RaftServerConfigKeys (ConfUtils.java:logFallback(53)) - raft.server.rpc.first-election.timeout.min = 5s (fallback to raft.server.rpc.timeout.min)
2023-06-07 07:10:56,436 [b1b35183-3015-42af-b03c-e7d97dc9a7f6@group-DE80C7EC9D56-FollowerState] INFO  server.RaftServerConfigKeys (ConfUtils.java:logFallback(53)) - raft.server.rpc.first-election.timeout.max = 5200ms (fallback to raft.server.rpc.timeout.max)
2023-06-07 07:10:56,437 [PipelineCommandHandlerThread-0] INFO  ratis.XceiverServerRatis (XceiverServerRatis.java:addGroup(804)) - Created group PipelineID=2348e00e-cbbb-4144-a011-de80c7ec9d56
2023-06-07 07:10:56,548 [PipelineCommandHandlerThread-0] INFO  commandhandler.CreatePipelineCommandHandler (CreatePipelineCommandHandler.java:lambda$handle$2(124)) - Created Pipeline RATIS THREE PipelineID=2348e00e-cbbb-4144-a011-de80c7ec9d56.
2023-06-07 07:10:56,548 [PipelineCommandHandlerThread-0] INFO  server.RaftServer (RaftServerProxy.java:addNew(98)) - 53afdcff-9740-4d1d-9155-3eea53ceb243: addNew group-ED556EC830F3:[b1b35183-3015-42af-b03c-e7d97dc9a7f6|rpc:10.1.0.31:15104|admin:10.1.0.31:15103|client:10.1.0.31:15102|dataStream:10.1.0.31:15105|priority:0|startupRole:FOLLOWER, cd92a3c4-ef96-4770-b512-b3fe4045cd4b|rpc:10.1.0.31:15113|admin:10.1.0.31:15112|client:10.1.0.31:15111|dataStream:10.1.0.31:15114|priority:1|startupRole:FOLLOWER, 53afdcff-9740-4d1d-9155-3eea53ceb243|rpc:10.1.0.31:15095|admin:10.1.0.31:15094|client:10.1.0.31:15093|dataStream:10.1.0.31:15096|priority:0|startupRole:FOLLOWER] returns group-ED556EC830F3:java.util.concurrent.CompletableFuture@c20450d[Not completed]
2023-06-07 07:10:56,549 [53afdcff-9740-4d1d-9155-3eea53ceb243-groupManagement] INFO  server.RaftServer$Division (RaftServerImpl.java:<init>(198)) - 53afdcff-9740-4d1d-9155-3eea53ceb243: new RaftServerImpl for group-ED556EC830F3:[b1b35183-3015-42af-b03c-e7d97dc9a7f6|rpc:10.1.0.31:15104|admin:10.1.0.31:15103|client:10.1.0.31:15102|dataStream:10.1.0.31:15105|priority:0|startupRole:FOLLOWER, cd92a3c4-ef96-4770-b512-b3fe4045cd4b|rpc:10.1.0.31:15113|admin:10.1.0.31:15112|client:10.1.0.31:15111|dataStream:10.1.0.31:15114|priority:1|startupRole:FOLLOWER, 53afdcff-9740-4d1d-9155-3eea53ceb243|rpc:10.1.0.31:15095|admin:10.1.0.31:15094|client:10.1.0.31:15093|dataStream:10.1.0.31:15096|priority:0|startupRole:FOLLOWER] with ContainerStateMachine:uninitialized
2023-06-07 07:10:56,549 [53afdcff-9740-4d1d-9155-3eea53ceb243-groupManagement] INFO  server.RaftServerConfigKeys (ConfUtils.java:logGet(46)) - raft.server.rpc.timeout.min = 5s (custom)
2023-06-07 07:10:56,549 [53afdcff-9740-4d1d-9155-3eea53ceb243-groupManagement] INFO  server.RaftServerConfigKeys (ConfUtils.java:logGet(46)) - raft.server.rpc.timeout.max = 5200ms (custom)
2023-06-07 07:10:56,549 [53afdcff-9740-4d1d-9155-3eea53ceb243-groupManagement] INFO  server.RaftServerConfigKeys (ConfUtils.java:logGet(46)) - raft.server.rpc.sleep.time = 25ms (default)
2023-06-07 07:10:56,549 [53afdcff-9740-4d1d-9155-3eea53ceb243-groupManagement] INFO  server.RaftServerConfigKeys (ConfUtils.java:logGet(46)) - raft.server.rpc.slowness.timeout = 300s (custom)
2023-06-07 07:10:56,549 [53afdcff-9740-4d1d-9155-3eea53ceb243-groupManagement] INFO  server.RaftServerConfigKeys (ConfUtils.java:logGet(46)) - raft.server.leaderelection.leader.step-down.wait-time = 10s (default)
2023-06-07 07:10:56,549 [53afdcff-9740-4d1d-9155-3eea53ceb243-groupManagement] INFO  server.RaftServerConfigKeys (ConfUtils.java:logGet(46)) - raft.server.sleep.deviation.threshold = 300ms (default)
2023-06-07 07:10:56,551 [53afdcff-9740-4d1d-9155-3eea53ceb243-groupManagement] INFO  server.RaftServer$Division (ServerState.java:<init>(120)) - 53afdcff-9740-4d1d-9155-3eea53ceb243@group-ED556EC830F3: ConfigurationManager, init=-1: peers:[b1b35183-3015-42af-b03c-e7d97dc9a7f6|rpc:10.1.0.31:15104|admin:10.1.0.31:15103|client:10.1.0.31:15102|dataStream:10.1.0.31:15105|priority:0|startupRole:FOLLOWER, cd92a3c4-ef96-4770-b512-b3fe4045cd4b|rpc:10.1.0.31:15113|admin:10.1.0.31:15112|client:10.1.0.31:15111|dataStream:10.1.0.31:15114|priority:1|startupRole:FOLLOWER, 53afdcff-9740-4d1d-9155-3eea53ceb243|rpc:10.1.0.31:15095|admin:10.1.0.31:15094|client:10.1.0.31:15093|dataStream:10.1.0.31:15096|priority:0|startupRole:FOLLOWER]|listeners:[], old=null, confs=<EMPTY_MAP>
2023-06-07 07:10:56,551 [53afdcff-9740-4d1d-9155-3eea53ceb243-groupManagement] INFO  server.RaftServerConfigKeys (ConfUtils.java:logGet(46)) - raft.server.storage.dir = [/home/runner/work/ozone/ozone/hadoop-ozone/integration-test/target/test-dir/MiniOzoneClusterImpl-28223e3b-fb3b-4559-a623-43dba3cd33a0/datanode-9/data/ratis] (custom)
2023-06-07 07:10:56,551 [53afdcff-9740-4d1d-9155-3eea53ceb243-groupManagement] INFO  server.RaftServerConfigKeys (ConfUtils.java:logGet(46)) - raft.server.log.corruption.policy = EXCEPTION (default)
2023-06-07 07:10:56,551 [53afdcff-9740-4d1d-9155-3eea53ceb243-groupManagement] INFO  server.RaftServerConfigKeys (ConfUtils.java:logGet(46)) - raft.server.storage.free-space.min = 0MB (=0) (default)
2023-06-07 07:10:56,551 [53afdcff-9740-4d1d-9155-3eea53ceb243-groupManagement] INFO  server.RaftServerConfigKeys (ConfUtils.java:logGet(46)) - raft.server.notification.no-leader.timeout = 300s (custom)
2023-06-07 07:10:56,551 [53afdcff-9740-4d1d-9155-3eea53ceb243-groupManagement] INFO  server.RaftServerConfigKeys (ConfUtils.java:logGet(46)) - raft.server.read.timeout = 10s (default)
2023-06-07 07:10:56,551 [53afdcff-9740-4d1d-9155-3eea53ceb243-groupManagement] INFO  server.RaftServerConfigKeys (ConfUtils.java:logGet(46)) - raft.server.retrycache.expirytime = 600000ms (custom)
2023-06-07 07:10:56,551 [53afdcff-9740-4d1d-9155-3eea53ceb243-groupManagement] INFO  server.RaftServerConfigKeys (ConfUtils.java:logGet(46)) - raft.server.retrycache.statistics.expirytime = 100μs (default)
2023-06-07 07:10:56,552 [53afdcff-9740-4d1d-9155-3eea53ceb243-groupManagement] INFO  server.RaftServerConfigKeys (ConfUtils.java:logGet(46)) - raft.server.read.option = DEFAULT (default)
2023-06-07 07:10:56,552 [PipelineCommandHandlerThread-0] INFO  commandhandler.CreatePipelineCommandHandler (CreatePipelineCommandHandler.java:lambda$handle$2(124)) - Created Pipeline RATIS THREE PipelineID=2348e00e-cbbb-4144-a011-de80c7ec9d56.
2023-06-07 07:10:56,552 [PipelineCommandHandlerThread-0] INFO  server.RaftServer (RaftServerProxy.java:addNew(98)) - b1b35183-3015-42af-b03c-e7d97dc9a7f6: addNew group-ED556EC830F3:[b1b35183-3015-42af-b03c-e7d97dc9a7f6|rpc:10.1.0.31:15104|admin:10.1.0.31:15103|client:10.1.0.31:15102|dataStream:10.1.0.31:15105|priority:0|startupRole:FOLLOWER, cd92a3c4-ef96-4770-b512-b3fe4045cd4b|rpc:10.1.0.31:15113|admin:10.1.0.31:15112|client:10.1.0.31:15111|dataStream:10.1.0.31:15114|priority:1|startupRole:FOLLOWER, 53afdcff-9740-4d1d-9155-3eea53ceb243|rpc:10.1.0.31:15095|admin:10.1.0.31:15094|client:10.1.0.31:15093|dataStream:10.1.0.31:15096|priority:0|startupRole:FOLLOWER] returns group-ED556EC830F3:java.util.concurrent.CompletableFuture@1502bcde[Not completed]
2023-06-07 07:10:56,553 [b1b35183-3015-42af-b03c-e7d97dc9a7f6-groupManagement] INFO  server.RaftServer$Division (RaftServerImpl.java:<init>(198)) - b1b35183-3015-42af-b03c-e7d97dc9a7f6: new RaftServerImpl for group-ED556EC830F3:[b1b35183-3015-42af-b03c-e7d97dc9a7f6|rpc:10.1.0.31:15104|admin:10.1.0.31:15103|client:10.1.0.31:15102|dataStream:10.1.0.31:15105|priority:0|startupRole:FOLLOWER, cd92a3c4-ef96-4770-b512-b3fe4045cd4b|rpc:10.1.0.31:15113|admin:10.1.0.31:15112|client:10.1.0.31:15111|dataStream:10.1.0.31:15114|priority:1|startupRole:FOLLOWER, 53afdcff-9740-4d1d-9155-3eea53ceb243|rpc:10.1.0.31:15095|admin:10.1.0.31:15094|client:10.1.0.31:15093|dataStream:10.1.0.31:15096|priority:0|startupRole:FOLLOWER] with ContainerStateMachine:uninitialized
2023-06-07 07:10:56,553 [b1b35183-3015-42af-b03c-e7d97dc9a7f6-groupManagement] INFO  server.RaftServerConfigKeys (ConfUtils.java:logGet(46)) - raft.server.rpc.timeout.min = 5s (custom)
2023-06-07 07:10:56,553 [b1b35183-3015-42af-b03c-e7d97dc9a7f6-groupManagement] INFO  server.RaftServerConfigKeys (ConfUtils.java:logGet(46)) - raft.server.rpc.timeout.max = 5200ms (custom)
2023-06-07 07:10:56,553 [b1b35183-3015-42af-b03c-e7d97dc9a7f6-groupManagement] INFO  server.RaftServerConfigKeys (ConfUtils.java:logGet(46)) - raft.server.rpc.sleep.time = 25ms (default)
2023-06-07 07:10:56,553 [b1b35183-3015-42af-b03c-e7d97dc9a7f6-groupManagement] INFO  server.RaftServerConfigKeys (ConfUtils.java:logGet(46)) - raft.server.rpc.slowness.timeout = 300s (custom)
2023-06-07 07:10:56,553 [b1b35183-3015-42af-b03c-e7d97dc9a7f6-groupManagement] INFO  server.RaftServerConfigKeys (ConfUtils.java:logGet(46)) - raft.server.leaderelection.leader.step-down.wait-time = 10s (default)
2023-06-07 07:10:56,553 [b1b35183-3015-42af-b03c-e7d97dc9a7f6-groupManagement] INFO  server.RaftServerConfigKeys (ConfUtils.java:logGet(46)) - raft.server.sleep.deviation.threshold = 300ms (default)
2023-06-07 07:10:56,553 [b1b35183-3015-42af-b03c-e7d97dc9a7f6-groupManagement] INFO  server.RaftServer$Division (ServerState.java:<init>(120)) - b1b35183-3015-42af-b03c-e7d97dc9a7f6@group-ED556EC830F3: ConfigurationManager, init=-1: peers:[b1b35183-3015-42af-b03c-e7d97dc9a7f6|rpc:10.1.0.31:15104|admin:10.1.0.31:15103|client:10.1.0.31:15102|dataStream:10.1.0.31:15105|priority:0|startupRole:FOLLOWER, cd92a3c4-ef96-4770-b512-b3fe4045cd4b|rpc:10.1.0.31:15113|admin:10.1.0.31:15112|client:10.1.0.31:15111|dataStream:10.1.0.31:15114|priority:1|startupRole:FOLLOWER, 53afdcff-9740-4d1d-9155-3eea53ceb243|rpc:10.1.0.31:15095|admin:10.1.0.31:15094|client:10.1.0.31:15093|dataStream:10.1.0.31:15096|priority:0|startupRole:FOLLOWER]|listeners:[], old=null, confs=<EMPTY_MAP>
2023-06-07 07:10:56,553 [b1b35183-3015-42af-b03c-e7d97dc9a7f6-groupManagement] INFO  server.RaftServerConfigKeys (ConfUtils.java:logGet(46)) - raft.server.storage.dir = [/home/runner/work/ozone/ozone/hadoop-ozone/integration-test/target/test-dir/MiniOzoneClusterImpl-28223e3b-fb3b-4559-a623-43dba3cd33a0/datanode-10/data/ratis] (custom)
2023-06-07 07:10:56,554 [b1b35183-3015-42af-b03c-e7d97dc9a7f6-groupManagement] INFO  server.RaftServerConfigKeys (ConfUtils.java:logGet(46)) - raft.server.log.corruption.policy = EXCEPTION (default)
2023-06-07 07:10:56,554 [b1b35183-3015-42af-b03c-e7d97dc9a7f6-groupManagement] INFO  server.RaftServerConfigKeys (ConfUtils.java:logGet(46)) - raft.server.storage.free-space.min = 0MB (=0) (default)
2023-06-07 07:10:56,554 [b1b35183-3015-42af-b03c-e7d97dc9a7f6-groupManagement] INFO  server.RaftServerConfigKeys (ConfUtils.java:logGet(46)) - raft.server.notification.no-leader.timeout = 300s (custom)
2023-06-07 07:10:56,554 [b1b35183-3015-42af-b03c-e7d97dc9a7f6-groupManagement] INFO  server.RaftServerConfigKeys (ConfUtils.java:logGet(46)) - raft.server.read.timeout = 10s (default)
2023-06-07 07:10:56,554 [b1b35183-3015-42af-b03c-e7d97dc9a7f6-groupManagement] INFO  server.RaftServerConfigKeys (ConfUtils.java:logGet(46)) - raft.server.retrycache.expirytime = 600000ms (custom)
2023-06-07 07:10:56,554 [b1b35183-3015-42af-b03c-e7d97dc9a7f6-groupManagement] INFO  server.RaftServerConfigKeys (ConfUtils.java:logGet(46)) - raft.server.retrycache.statistics.expirytime = 100μs (default)
2023-06-07 07:10:56,554 [b1b35183-3015-42af-b03c-e7d97dc9a7f6-groupManagement] INFO  server.RaftServerConfigKeys (ConfUtils.java:logGet(46)) - raft.server.read.option = DEFAULT (default)
2023-06-07 07:10:56,555 [b1b35183-3015-42af-b03c-e7d97dc9a7f6-groupManagement] INFO  server.RaftServerConfigKeys (ConfUtils.java:logGet(46)) - raft.server.rpc.request.timeout = 60s (custom)
2023-06-07 07:10:56,555 [b1b35183-3015-42af-b03c-e7d97dc9a7f6-groupManagement] INFO  server.RaftServerConfigKeys (ConfUtils.java:logGet(46)) - raft.server.log.appender.install.snapshot.enabled = false (custom)
2023-06-07 07:10:56,555 [b1b35183-3015-42af-b03c-e7d97dc9a7f6-groupManagement] INFO  server.RaftServerConfigKeys (ConfUtils.java:logGet(46)) - raft.server.threadpool.server.cached = true (default)
2023-06-07 07:10:56,555 [b1b35183-3015-42af-b03c-e7d97dc9a7f6-groupManagement] INFO  server.RaftServerConfigKeys (ConfUtils.java:logGet(46)) - raft.server.threadpool.server.size = 0 (default)
2023-06-07 07:10:56,555 [b1b35183-3015-42af-b03c-e7d97dc9a7f6-groupManagement] INFO  server.RaftServerConfigKeys (ConfUtils.java:logGet(46)) - raft.server.threadpool.client.cached = true (default)
2023-06-07 07:10:56,555 [b1b35183-3015-42af-b03c-e7d97dc9a7f6-groupManagement] INFO  server.RaftServerConfigKeys (ConfUtils.java:logGet(46)) - raft.server.threadpool.client.size = 0 (default)
2023-06-07 07:10:56,555 [b1b35183-3015-42af-b03c-e7d97dc9a7f6-groupManagement] INFO  storage.RaftStorageDirectory (RaftStorageDirectoryImpl.java:analyzeStorage(137)) - The storage directory /home/runner/work/ozone/ozone/hadoop-ozone/integration-test/target/test-dir/MiniOzoneClusterImpl-28223e3b-fb3b-4559-a623-43dba3cd33a0/datanode-10/data/ratis/ad97a0ce-7cd9-4945-8bcd-ed556ec830f3 does not exist. Creating ...
2023-06-07 07:10:56,557 [53afdcff-9740-4d1d-9155-3eea53ceb243-groupManagement] INFO  server.RaftServerConfigKeys (ConfUtils.java:logGet(46)) - raft.server.rpc.request.timeout = 60s (custom)
2023-06-07 07:10:56,557 [53afdcff-9740-4d1d-9155-3eea53ceb243-groupManagement] INFO  server.RaftServerConfigKeys (ConfUtils.java:logGet(46)) - raft.server.log.appender.install.snapshot.enabled = false (custom)
2023-06-07 07:10:56,557 [53afdcff-9740-4d1d-9155-3eea53ceb243-groupManagement] INFO  server.RaftServerConfigKeys (ConfUtils.java:logGet(46)) - raft.server.threadpool.server.cached = true (default)
2023-06-07 07:10:56,557 [53afdcff-9740-4d1d-9155-3eea53ceb243-groupManagement] INFO  server.RaftServerConfigKeys (ConfUtils.java:logGet(46)) - raft.server.threadpool.server.size = 0 (default)
2023-06-07 07:10:56,557 [53afdcff-9740-4d1d-9155-3eea53ceb243-groupManagement] INFO  server.RaftServerConfigKeys (ConfUtils.java:logGet(46)) - raft.server.threadpool.client.cached = true (default)
2023-06-07 07:10:56,557 [53afdcff-9740-4d1d-9155-3eea53ceb243-groupManagement] INFO  server.RaftServerConfigKeys (ConfUtils.java:logGet(46)) - raft.server.threadpool.client.size = 0 (default)
2023-06-07 07:10:56,558 [53afdcff-9740-4d1d-9155-3eea53ceb243-groupManagement] INFO  storage.RaftStorageDirectory (RaftStorageDirectoryImpl.java:analyzeStorage(137)) - The storage directory /home/runner/work/ozone/ozone/hadoop-ozone/integration-test/target/test-dir/MiniOzoneClusterImpl-28223e3b-fb3b-4559-a623-43dba3cd33a0/datanode-9/data/ratis/ad97a0ce-7cd9-4945-8bcd-ed556ec830f3 does not exist. Creating ...
2023-06-07 07:10:56,558 [b1b35183-3015-42af-b03c-e7d97dc9a7f6-groupManagement] INFO  storage.RaftStorageDirectory (RaftStorageDirectoryImpl.java:tryLock(231)) - Lock on /home/runner/work/ozone/ozone/hadoop-ozone/integration-test/target/test-dir/MiniOzoneClusterImpl-28223e3b-fb3b-4559-a623-43dba3cd33a0/datanode-10/data/ratis/ad97a0ce-7cd9-4945-8bcd-ed556ec830f3/in_use.lock acquired by nodename 65108@fv-az246-755
2023-06-07 07:10:56,559 [53afdcff-9740-4d1d-9155-3eea53ceb243-groupManagement] INFO  storage.RaftStorageDirectory (RaftStorageDirectoryImpl.java:tryLock(231)) - Lock on /home/runner/work/ozone/ozone/hadoop-ozone/integration-test/target/test-dir/MiniOzoneClusterImpl-28223e3b-fb3b-4559-a623-43dba3cd33a0/datanode-9/data/ratis/ad97a0ce-7cd9-4945-8bcd-ed556ec830f3/in_use.lock acquired by nodename 65108@fv-az246-755
2023-06-07 07:10:56,561 [b1b35183-3015-42af-b03c-e7d97dc9a7f6-groupManagement] INFO  storage.RaftStorage (RaftStorageImpl.java:format(96)) - Storage directory /home/runner/work/ozone/ozone/hadoop-ozone/integration-test/target/test-dir/MiniOzoneClusterImpl-28223e3b-fb3b-4559-a623-43dba3cd33a0/datanode-10/data/ratis/ad97a0ce-7cd9-4945-8bcd-ed556ec830f3 has been successfully formatted.
2023-06-07 07:10:56,562 [53afdcff-9740-4d1d-9155-3eea53ceb243-groupManagement] INFO  storage.RaftStorage (RaftStorageImpl.java:format(96)) - Storage directory /home/runner/work/ozone/ozone/hadoop-ozone/integration-test/target/test-dir/MiniOzoneClusterImpl-28223e3b-fb3b-4559-a623-43dba3cd33a0/datanode-9/data/ratis/ad97a0ce-7cd9-4945-8bcd-ed556ec830f3 has been successfully formatted.
2023-06-07 07:10:56,563 [b1b35183-3015-42af-b03c-e7d97dc9a7f6-groupManagement] INFO  ratis.ContainerStateMachine (ContainerStateMachine.java:loadSnapshot(262)) - group-ED556EC830F3: The snapshot info is null. Setting the last applied indexto:(t:0, i:~)
2023-06-07 07:10:56,563 [b1b35183-3015-42af-b03c-e7d97dc9a7f6-groupManagement] INFO  server.RaftServerConfigKeys (ConfUtils.java:logGet(46)) - raft.server.log.use.memory = false (default)
2023-06-07 07:10:56,565 [53afdcff-9740-4d1d-9155-3eea53ceb243-groupManagement] INFO  ratis.ContainerStateMachine (ContainerStateMachine.java:loadSnapshot(262)) - group-ED556EC830F3: The snapshot info is null. Setting the last applied indexto:(t:0, i:~)
2023-06-07 07:10:56,565 [53afdcff-9740-4d1d-9155-3eea53ceb243-groupManagement] INFO  server.RaftServerConfigKeys (ConfUtils.java:logGet(46)) - raft.server.log.use.memory = false (default)
2023-06-07 07:10:56,566 [53afdcff-9740-4d1d-9155-3eea53ceb243-groupManagement] INFO  server.RaftServerConfigKeys (ConfUtils.java:logGet(46)) - raft.server.log.purge.gap = 1000000 (custom)
2023-06-07 07:10:56,566 [53afdcff-9740-4d1d-9155-3eea53ceb243-groupManagement] INFO  server.RaftServerConfigKeys (ConfUtils.java:logGet(46)) - raft.server.log.appender.buffer.byte-limit = 33554432 (custom)
2023-06-07 07:10:56,566 [53afdcff-9740-4d1d-9155-3eea53ceb243-groupManagement] INFO  server.RaftServerConfigKeys (ConfUtils.java:logGet(46)) - raft.server.log.statemachine.data.read.timeout = 1000ms (default)
2023-06-07 07:10:56,566 [EventQueue-OpenPipelineForHealthyPipelineSafeModeRule] INFO  safemode.SCMSafeModeManager (HealthyPipelineSafeModeRule.java:process(137)) - SCM in safe mode. Healthy pipelines reported count is 0, required healthy pipeline reported count is 1
2023-06-07 07:10:56,566 [EventQueue-OpenPipelineForHealthyPipelineSafeModeRule] INFO  safemode.SCMSafeModeManager (HealthyPipelineSafeModeRule.java:process(137)) - SCM in safe mode. Healthy pipelines reported count is 0, required healthy pipeline reported count is 1
2023-06-07 07:10:56,566 [53afdcff-9740-4d1d-9155-3eea53ceb243-groupManagement] INFO  server.RaftServerConfigKeys (ConfUtils.java:logGet(46)) - raft.server.log.purge.preservation.log.num = 0 (default)
2023-06-07 07:10:56,566 [53afdcff-9740-4d1d-9155-3eea53ceb243-groupManagement] INFO  server.RaftServerConfigKeys (ConfUtils.java:logGet(46)) - raft.server.log.segment.size.max = 1048576 (custom)
2023-06-07 07:10:56,567 [53afdcff-9740-4d1d-9155-3eea53ceb243-groupManagement] INFO  server.RaftServerConfigKeys (ConfUtils.java:logGet(46)) - raft.server.log.segment.cache.num.max = 2 (custom)
2023-06-07 07:10:56,567 [53afdcff-9740-4d1d-9155-3eea53ceb243-groupManagement] INFO  server.RaftServerConfigKeys (ConfUtils.java:logGet(46)) - raft.server.log.segment.cache.size.max = 200MB (=209715200) (default)
2023-06-07 07:10:56,567 [53afdcff-9740-4d1d-9155-3eea53ceb243-groupManagement] INFO  server.RaftServerConfigKeys (ConfUtils.java:logGet(46)) - raft.server.log.appender.buffer.byte-limit = 33554432 (custom)
2023-06-07 07:10:56,567 [53afdcff-9740-4d1d-9155-3eea53ceb243-groupManagement] INFO  segmented.SegmentedRaftLogWorker (SegmentedRaftLogWorker.java:<init>(188)) - new 53afdcff-9740-4d1d-9155-3eea53ceb243@group-ED556EC830F3-SegmentedRaftLogWorker for RaftStorageImpl:Storage Directory /home/runner/work/ozone/ozone/hadoop-ozone/integration-test/target/test-dir/MiniOzoneClusterImpl-28223e3b-fb3b-4559-a623-43dba3cd33a0/datanode-9/data/ratis/ad97a0ce-7cd9-4945-8bcd-ed556ec830f3
2023-06-07 07:10:56,567 [53afdcff-9740-4d1d-9155-3eea53ceb243-groupManagement] INFO  server.RaftServerConfigKeys (ConfUtils.java:logGet(46)) - raft.server.log.queue.byte-limit = 4294967296 (custom)
2023-06-07 07:10:56,567 [53afdcff-9740-4d1d-9155-3eea53ceb243-groupManagement] INFO  server.RaftServerConfigKeys (ConfUtils.java:logGet(46)) - raft.server.log.queue.element-limit = 1024 (custom)
2023-06-07 07:10:56,567 [53afdcff-9740-4d1d-9155-3eea53ceb243-groupManagement] INFO  server.RaftServerConfigKeys (ConfUtils.java:logGet(46)) - raft.server.log.segment.size.max = 1048576 (custom)
2023-06-07 07:10:56,567 [53afdcff-9740-4d1d-9155-3eea53ceb243-groupManagement] INFO  server.RaftServerConfigKeys (ConfUtils.java:logGet(46)) - raft.server.log.preallocated.size = 16384 (custom)
2023-06-07 07:10:56,567 [53afdcff-9740-4d1d-9155-3eea53ceb243-groupManagement] INFO  server.RaftServerConfigKeys (ConfUtils.java:logGet(46)) - raft.server.log.force.sync.num = 128 (default)
2023-06-07 07:10:56,567 [53afdcff-9740-4d1d-9155-3eea53ceb243-groupManagement] INFO  server.RaftServerConfigKeys (ConfUtils.java:logGet(46)) - raft.server.log.statemachine.data.sync = true (default)
2023-06-07 07:10:56,567 [53afdcff-9740-4d1d-9155-3eea53ceb243-groupManagement] INFO  server.RaftServerConfigKeys (ConfUtils.java:logGet(46)) - raft.server.log.statemachine.data.sync.timeout = 10s (default)
2023-06-07 07:10:56,567 [53afdcff-9740-4d1d-9155-3eea53ceb243-groupManagement] INFO  server.RaftServerConfigKeys (ConfUtils.java:logGet(46)) - raft.server.log.statemachine.data.sync.timeout.retry = -1 (default)
2023-06-07 07:10:56,568 [53afdcff-9740-4d1d-9155-3eea53ceb243-groupManagement] INFO  server.RaftServerConfigKeys (ConfUtils.java:logGet(46)) - raft.server.log.write.buffer.size = 1048576 (custom)
2023-06-07 07:10:56,568 [53afdcff-9740-4d1d-9155-3eea53ceb243-groupManagement] INFO  server.RaftServerConfigKeys (ConfUtils.java:logGet(46)) - raft.server.log.appender.buffer.byte-limit = 33554432 (custom)
2023-06-07 07:10:56,574 [53afdcff-9740-4d1d-9155-3eea53ceb243-groupManagement] INFO  server.RaftServerConfigKeys (ConfUtils.java:logGet(46)) - raft.server.log.unsafe-flush.enabled = false (default)
2023-06-07 07:10:56,574 [53afdcff-9740-4d1d-9155-3eea53ceb243-groupManagement] INFO  server.RaftServerConfigKeys (ConfUtils.java:logGet(46)) - raft.server.log.async-flush.enabled = false (default)
2023-06-07 07:10:56,574 [53afdcff-9740-4d1d-9155-3eea53ceb243-groupManagement] INFO  server.RaftServerConfigKeys (ConfUtils.java:logGet(46)) - raft.server.log.statemachine.data.caching.enabled = true (custom)
2023-06-07 07:10:56,574 [53afdcff-9740-4d1d-9155-3eea53ceb243-groupManagement] INFO  segmented.SegmentedRaftLogWorker (SegmentedRaftLogWorker.java:lambda$new$0(135)) - 53afdcff-9740-4d1d-9155-3eea53ceb243@group-ED556EC830F3-SegmentedRaftLogWorker: flushIndex: setUnconditionally 0 -> -1
2023-06-07 07:10:56,574 [53afdcff-9740-4d1d-9155-3eea53ceb243-groupManagement] INFO  segmented.SegmentedRaftLogWorker (SegmentedRaftLogWorker.java:lambda$new$0(135)) - 53afdcff-9740-4d1d-9155-3eea53ceb243@group-ED556EC830F3-SegmentedRaftLogWorker: safeCacheEvictIndex: setUnconditionally 0 -> -1
2023-06-07 07:10:56,574 [53afdcff-9740-4d1d-9155-3eea53ceb243-groupManagement] INFO  server.RaftServer$Division (RaftServerImpl.java:start(342)) - 53afdcff-9740-4d1d-9155-3eea53ceb243@group-ED556EC830F3: start as a follower, conf=-1: peers:[b1b35183-3015-42af-b03c-e7d97dc9a7f6|rpc:10.1.0.31:15104|admin:10.1.0.31:15103|client:10.1.0.31:15102|dataStream:10.1.0.31:15105|priority:0|startupRole:FOLLOWER, cd92a3c4-ef96-4770-b512-b3fe4045cd4b|rpc:10.1.0.31:15113|admin:10.1.0.31:15112|client:10.1.0.31:15111|dataStream:10.1.0.31:15114|priority:1|startupRole:FOLLOWER, 53afdcff-9740-4d1d-9155-3eea53ceb243|rpc:10.1.0.31:15095|admin:10.1.0.31:15094|client:10.1.0.31:15093|dataStream:10.1.0.31:15096|priority:0|startupRole:FOLLOWER]|listeners:[], old=null
2023-06-07 07:10:56,574 [53afdcff-9740-4d1d-9155-3eea53ceb243-groupManagement] INFO  server.RaftServer$Division (RaftServerImpl.java:setRole(329)) - 53afdcff-9740-4d1d-9155-3eea53ceb243@group-ED556EC830F3: changes role from      null to FOLLOWER at term 0 for startAsFollower
2023-06-07 07:10:56,574 [53afdcff-9740-4d1d-9155-3eea53ceb243-groupManagement] INFO  impl.RoleInfo (RoleInfo.java:updateAndGet(139)) - 53afdcff-9740-4d1d-9155-3eea53ceb243: start 53afdcff-9740-4d1d-9155-3eea53ceb243@group-ED556EC830F3-FollowerState
2023-06-07 07:10:56,575 [53afdcff-9740-4d1d-9155-3eea53ceb243-groupManagement] INFO  util.JmxRegister (JmxRegister.java:tryRegister(44)) - Successfully registered JMX Bean with object name Ratis:service=RaftServer,group=group-ED556EC830F3,id=53afdcff-9740-4d1d-9155-3eea53ceb243
2023-06-07 07:10:56,575 [53afdcff-9740-4d1d-9155-3eea53ceb243-groupManagement] INFO  server.RaftServerConfigKeys (ConfUtils.java:logGet(46)) - raft.server.snapshot.auto.trigger.enabled = true (custom)
2023-06-07 07:10:56,575 [53afdcff-9740-4d1d-9155-3eea53ceb243-groupManagement] INFO  server.RaftServerConfigKeys (ConfUtils.java:logGet(46)) - raft.server.snapshot.auto.trigger.threshold = 10000 (custom)
2023-06-07 07:10:56,575 [53afdcff-9740-4d1d-9155-3eea53ceb243-groupManagement] INFO  server.RaftServerConfigKeys (ConfUtils.java:logGet(46)) - raft.server.snapshot.retention.file.num = 5 (custom)
2023-06-07 07:10:56,575 [53afdcff-9740-4d1d-9155-3eea53ceb243-groupManagement] INFO  server.RaftServerConfigKeys (ConfUtils.java:logGet(46)) - raft.server.log.purge.upto.snapshot.index = false (default)
2023-06-07 07:10:56,576 [53afdcff-9740-4d1d-9155-3eea53ceb243@group-ED556EC830F3-FollowerState] INFO  server.RaftServerConfigKeys (ConfUtils.java:logFallback(53)) - raft.server.rpc.first-election.timeout.min = 5s (fallback to raft.server.rpc.timeout.min)
2023-06-07 07:10:56,576 [53afdcff-9740-4d1d-9155-3eea53ceb243@group-ED556EC830F3-FollowerState] INFO  server.RaftServerConfigKeys (ConfUtils.java:logFallback(53)) - raft.server.rpc.first-election.timeout.max = 5200ms (fallback to raft.server.rpc.timeout.max)
2023-06-07 07:10:56,576 [PipelineCommandHandlerThread-0] INFO  ratis.XceiverServerRatis (XceiverServerRatis.java:addGroup(804)) - Created group PipelineID=ad97a0ce-7cd9-4945-8bcd-ed556ec830f3
2023-06-07 07:10:56,577 [b1b35183-3015-42af-b03c-e7d97dc9a7f6-groupManagement] INFO  server.RaftServerConfigKeys (ConfUtils.java:logGet(46)) - raft.server.log.purge.gap = 1000000 (custom)
2023-06-07 07:10:56,577 [b1b35183-3015-42af-b03c-e7d97dc9a7f6-groupManagement] INFO  server.RaftServerConfigKeys (ConfUtils.java:logGet(46)) - raft.server.log.appender.buffer.byte-limit = 33554432 (custom)
2023-06-07 07:10:56,577 [b1b35183-3015-42af-b03c-e7d97dc9a7f6-groupManagement] INFO  server.RaftServerConfigKeys (ConfUtils.java:logGet(46)) - raft.server.log.statemachine.data.read.timeout = 1000ms (default)
2023-06-07 07:10:56,577 [b1b35183-3015-42af-b03c-e7d97dc9a7f6-groupManagement] INFO  server.RaftServerConfigKeys (ConfUtils.java:logGet(46)) - raft.server.log.purge.preservation.log.num = 0 (default)
2023-06-07 07:10:56,577 [b1b35183-3015-42af-b03c-e7d97dc9a7f6-groupManagement] INFO  server.RaftServerConfigKeys (ConfUtils.java:logGet(46)) - raft.server.log.segment.size.max = 1048576 (custom)
2023-06-07 07:10:56,579 [b1b35183-3015-42af-b03c-e7d97dc9a7f6-groupManagement] INFO  server.RaftServerConfigKeys (ConfUtils.java:logGet(46)) - raft.server.log.segment.cache.num.max = 2 (custom)
2023-06-07 07:10:56,579 [b1b35183-3015-42af-b03c-e7d97dc9a7f6-groupManagement] INFO  server.RaftServerConfigKeys (ConfUtils.java:logGet(46)) - raft.server.log.segment.cache.size.max = 200MB (=209715200) (default)
2023-06-07 07:10:56,579 [b1b35183-3015-42af-b03c-e7d97dc9a7f6-groupManagement] INFO  server.RaftServerConfigKeys (ConfUtils.java:logGet(46)) - raft.server.log.appender.buffer.byte-limit = 33554432 (custom)
2023-06-07 07:10:56,579 [b1b35183-3015-42af-b03c-e7d97dc9a7f6-groupManagement] INFO  segmented.SegmentedRaftLogWorker (SegmentedRaftLogWorker.java:<init>(188)) - new b1b35183-3015-42af-b03c-e7d97dc9a7f6@group-ED556EC830F3-SegmentedRaftLogWorker for RaftStorageImpl:Storage Directory /home/runner/work/ozone/ozone/hadoop-ozone/integration-test/target/test-dir/MiniOzoneClusterImpl-28223e3b-fb3b-4559-a623-43dba3cd33a0/datanode-10/data/ratis/ad97a0ce-7cd9-4945-8bcd-ed556ec830f3
2023-06-07 07:10:56,580 [b1b35183-3015-42af-b03c-e7d97dc9a7f6-groupManagement] INFO  server.RaftServerConfigKeys (ConfUtils.java:logGet(46)) - raft.server.log.queue.byte-limit = 4294967296 (custom)
2023-06-07 07:10:56,580 [b1b35183-3015-42af-b03c-e7d97dc9a7f6-groupManagement] INFO  server.RaftServerConfigKeys (ConfUtils.java:logGet(46)) - raft.server.log.queue.element-limit = 1024 (custom)
2023-06-07 07:10:56,580 [b1b35183-3015-42af-b03c-e7d97dc9a7f6-groupManagement] INFO  server.RaftServerConfigKeys (ConfUtils.java:logGet(46)) - raft.server.log.segment.size.max = 1048576 (custom)
2023-06-07 07:10:56,580 [b1b35183-3015-42af-b03c-e7d97dc9a7f6-groupManagement] INFO  server.RaftServerConfigKeys (ConfUtils.java:logGet(46)) - raft.server.log.preallocated.size = 16384 (custom)
2023-06-07 07:10:56,580 [b1b35183-3015-42af-b03c-e7d97dc9a7f6-groupManagement] INFO  server.RaftServerConfigKeys (ConfUtils.java:logGet(46)) - raft.server.log.force.sync.num = 128 (default)
2023-06-07 07:10:56,580 [b1b35183-3015-42af-b03c-e7d97dc9a7f6-groupManagement] INFO  server.RaftServerConfigKeys (ConfUtils.java:logGet(46)) - raft.server.log.statemachine.data.sync = true (default)
2023-06-07 07:10:56,580 [b1b35183-3015-42af-b03c-e7d97dc9a7f6-groupManagement] INFO  server.RaftServerConfigKeys (ConfUtils.java:logGet(46)) - raft.server.log.statemachine.data.sync.timeout = 10s (default)
2023-06-07 07:10:56,580 [b1b35183-3015-42af-b03c-e7d97dc9a7f6-groupManagement] INFO  server.RaftServerConfigKeys (ConfUtils.java:logGet(46)) - raft.server.log.statemachine.data.sync.timeout.retry = -1 (default)
2023-06-07 07:10:56,587 [b1b35183-3015-42af-b03c-e7d97dc9a7f6-groupManagement] INFO  server.RaftServerConfigKeys (ConfUtils.java:logGet(46)) - raft.server.log.write.buffer.size = 1048576 (custom)
2023-06-07 07:10:56,592 [b1b35183-3015-42af-b03c-e7d97dc9a7f6-groupManagement] INFO  server.RaftServerConfigKeys (ConfUtils.java:logGet(46)) - raft.server.log.appender.buffer.byte-limit = 33554432 (custom)
2023-06-07 07:10:56,598 [b1b35183-3015-42af-b03c-e7d97dc9a7f6-groupManagement] INFO  server.RaftServerConfigKeys (ConfUtils.java:logGet(46)) - raft.server.log.unsafe-flush.enabled = false (default)
2023-06-07 07:10:56,599 [b1b35183-3015-42af-b03c-e7d97dc9a7f6-groupManagement] INFO  server.RaftServerConfigKeys (ConfUtils.java:logGet(46)) - raft.server.log.async-flush.enabled = false (default)
2023-06-07 07:10:56,599 [b1b35183-3015-42af-b03c-e7d97dc9a7f6-groupManagement] INFO  server.RaftServerConfigKeys (ConfUtils.java:logGet(46)) - raft.server.log.statemachine.data.caching.enabled = true (custom)
2023-06-07 07:10:56,599 [b1b35183-3015-42af-b03c-e7d97dc9a7f6-groupManagement] INFO  segmented.SegmentedRaftLogWorker (SegmentedRaftLogWorker.java:lambda$new$0(135)) - b1b35183-3015-42af-b03c-e7d97dc9a7f6@group-ED556EC830F3-SegmentedRaftLogWorker: flushIndex: setUnconditionally 0 -> -1
2023-06-07 07:10:56,599 [b1b35183-3015-42af-b03c-e7d97dc9a7f6-groupManagement] INFO  segmented.SegmentedRaftLogWorker (SegmentedRaftLogWorker.java:lambda$new$0(135)) - b1b35183-3015-42af-b03c-e7d97dc9a7f6@group-ED556EC830F3-SegmentedRaftLogWorker: safeCacheEvictIndex: setUnconditionally 0 -> -1
2023-06-07 07:10:56,599 [b1b35183-3015-42af-b03c-e7d97dc9a7f6-groupManagement] INFO  server.RaftServer$Division (RaftServerImpl.java:start(342)) - b1b35183-3015-42af-b03c-e7d97dc9a7f6@group-ED556EC830F3: start as a follower, conf=-1: peers:[b1b35183-3015-42af-b03c-e7d97dc9a7f6|rpc:10.1.0.31:15104|admin:10.1.0.31:15103|client:10.1.0.31:15102|dataStream:10.1.0.31:15105|priority:0|startupRole:FOLLOWER, cd92a3c4-ef96-4770-b512-b3fe4045cd4b|rpc:10.1.0.31:15113|admin:10.1.0.31:15112|client:10.1.0.31:15111|dataStream:10.1.0.31:15114|priority:1|startupRole:FOLLOWER, 53afdcff-9740-4d1d-9155-3eea53ceb243|rpc:10.1.0.31:15095|admin:10.1.0.31:15094|client:10.1.0.31:15093|dataStream:10.1.0.31:15096|priority:0|startupRole:FOLLOWER]|listeners:[], old=null
2023-06-07 07:10:56,602 [b1b35183-3015-42af-b03c-e7d97dc9a7f6-groupManagement] INFO  server.RaftServer$Division (RaftServerImpl.java:setRole(329)) - b1b35183-3015-42af-b03c-e7d97dc9a7f6@group-ED556EC830F3: changes role from      null to FOLLOWER at term 0 for startAsFollower
2023-06-07 07:10:56,604 [b1b35183-3015-42af-b03c-e7d97dc9a7f6-groupManagement] INFO  impl.RoleInfo (RoleInfo.java:updateAndGet(139)) - b1b35183-3015-42af-b03c-e7d97dc9a7f6: start b1b35183-3015-42af-b03c-e7d97dc9a7f6@group-ED556EC830F3-FollowerState
2023-06-07 07:10:56,608 [b1b35183-3015-42af-b03c-e7d97dc9a7f6-groupManagement] INFO  util.JmxRegister (JmxRegister.java:tryRegister(44)) - Successfully registered JMX Bean with object name Ratis:service=RaftServer,group=group-ED556EC830F3,id=b1b35183-3015-42af-b03c-e7d97dc9a7f6
2023-06-07 07:10:56,608 [b1b35183-3015-42af-b03c-e7d97dc9a7f6-groupManagement] INFO  server.RaftServerConfigKeys (ConfUtils.java:logGet(46)) - raft.server.snapshot.auto.trigger.enabled = true (custom)
2023-06-07 07:10:56,608 [b1b35183-3015-42af-b03c-e7d97dc9a7f6-groupManagement] INFO  server.RaftServerConfigKeys (ConfUtils.java:logGet(46)) - raft.server.snapshot.auto.trigger.threshold = 10000 (custom)
2023-06-07 07:10:56,608 [b1b35183-3015-42af-b03c-e7d97dc9a7f6-groupManagement] INFO  server.RaftServerConfigKeys (ConfUtils.java:logGet(46)) - raft.server.snapshot.retention.file.num = 5 (custom)
2023-06-07 07:10:56,608 [b1b35183-3015-42af-b03c-e7d97dc9a7f6-groupManagement] INFO  server.RaftServerConfigKeys (ConfUtils.java:logGet(46)) - raft.server.log.purge.upto.snapshot.index = false (default)
2023-06-07 07:10:56,609 [b1b35183-3015-42af-b03c-e7d97dc9a7f6@group-ED556EC830F3-FollowerState] INFO  server.RaftServerConfigKeys (ConfUtils.java:logFallback(53)) - raft.server.rpc.first-election.timeout.min = 5s (fallback to raft.server.rpc.timeout.min)
2023-06-07 07:10:56,609 [b1b35183-3015-42af-b03c-e7d97dc9a7f6@group-ED556EC830F3-FollowerState] INFO  server.RaftServerConfigKeys (ConfUtils.java:logFallback(53)) - raft.server.rpc.first-election.timeout.max = 5200ms (fallback to raft.server.rpc.timeout.max)
2023-06-07 07:10:56,610 [PipelineCommandHandlerThread-0] INFO  ratis.XceiverServerRatis (XceiverServerRatis.java:addGroup(804)) - Created group PipelineID=ad97a0ce-7cd9-4945-8bcd-ed556ec830f3
2023-06-07 07:10:56,657 [grpc-default-executor-1] INFO  server.RaftServer (RaftServerProxy.java:addNew(98)) - cd92a3c4-ef96-4770-b512-b3fe4045cd4b: addNew group-ED556EC830F3:[b1b35183-3015-42af-b03c-e7d97dc9a7f6|rpc:10.1.0.31:15104|admin:10.1.0.31:15103|client:10.1.0.31:15102|dataStream:10.1.0.31:15105|priority:0|startupRole:FOLLOWER, cd92a3c4-ef96-4770-b512-b3fe4045cd4b|rpc:10.1.0.31:15113|admin:10.1.0.31:15112|client:10.1.0.31:15111|dataStream:10.1.0.31:15114|priority:1|startupRole:FOLLOWER, 53afdcff-9740-4d1d-9155-3eea53ceb243|rpc:10.1.0.31:15095|admin:10.1.0.31:15094|client:10.1.0.31:15093|dataStream:10.1.0.31:15096|priority:0|startupRole:FOLLOWER] returns group-ED556EC830F3:java.util.concurrent.CompletableFuture@261b432c[Not completed]
2023-06-07 07:10:56,659 [cd92a3c4-ef96-4770-b512-b3fe4045cd4b-groupManagement] INFO  server.RaftServer$Division (RaftServerImpl.java:<init>(198)) - cd92a3c4-ef96-4770-b512-b3fe4045cd4b: new RaftServerImpl for group-ED556EC830F3:[b1b35183-3015-42af-b03c-e7d97dc9a7f6|rpc:10.1.0.31:15104|admin:10.1.0.31:15103|client:10.1.0.31:15102|dataStream:10.1.0.31:15105|priority:0|startupRole:FOLLOWER, cd92a3c4-ef96-4770-b512-b3fe4045cd4b|rpc:10.1.0.31:15113|admin:10.1.0.31:15112|client:10.1.0.31:15111|dataStream:10.1.0.31:15114|priority:1|startupRole:FOLLOWER, 53afdcff-9740-4d1d-9155-3eea53ceb243|rpc:10.1.0.31:15095|admin:10.1.0.31:15094|client:10.1.0.31:15093|dataStream:10.1.0.31:15096|priority:0|startupRole:FOLLOWER] with ContainerStateMachine:uninitialized
2023-06-07 07:10:56,659 [cd92a3c4-ef96-4770-b512-b3fe4045cd4b-groupManagement] INFO  server.RaftServerConfigKeys (ConfUtils.java:logGet(46)) - raft.server.rpc.timeout.min = 5s (custom)
2023-06-07 07:10:56,659 [cd92a3c4-ef96-4770-b512-b3fe4045cd4b-groupManagement] INFO  server.RaftServerConfigKeys (ConfUtils.java:logGet(46)) - raft.server.rpc.timeout.max = 5200ms (custom)
2023-06-07 07:10:56,659 [cd92a3c4-ef96-4770-b512-b3fe4045cd4b-groupManagement] INFO  server.RaftServerConfigKeys (ConfUtils.java:logGet(46)) - raft.server.rpc.sleep.time = 25ms (default)
2023-06-07 07:10:56,659 [cd92a3c4-ef96-4770-b512-b3fe4045cd4b-groupManagement] INFO  server.RaftServerConfigKeys (ConfUtils.java:logGet(46)) - raft.server.rpc.slowness.timeout = 300s (custom)
2023-06-07 07:10:56,659 [cd92a3c4-ef96-4770-b512-b3fe4045cd4b-groupManagement] INFO  server.RaftServerConfigKeys (ConfUtils.java:logGet(46)) - raft.server.leaderelection.leader.step-down.wait-time = 10s (default)
2023-06-07 07:10:56,659 [cd92a3c4-ef96-4770-b512-b3fe4045cd4b-groupManagement] INFO  server.RaftServerConfigKeys (ConfUtils.java:logGet(46)) - raft.server.sleep.deviation.threshold = 300ms (default)
2023-06-07 07:10:56,660 [cd92a3c4-ef96-4770-b512-b3fe4045cd4b-groupManagement] INFO  server.RaftServer$Division (ServerState.java:<init>(120)) - cd92a3c4-ef96-4770-b512-b3fe4045cd4b@group-ED556EC830F3: ConfigurationManager, init=-1: peers:[b1b35183-3015-42af-b03c-e7d97dc9a7f6|rpc:10.1.0.31:15104|admin:10.1.0.31:15103|client:10.1.0.31:15102|dataStream:10.1.0.31:15105|priority:0|startupRole:FOLLOWER, cd92a3c4-ef96-4770-b512-b3fe4045cd4b|rpc:10.1.0.31:15113|admin:10.1.0.31:15112|client:10.1.0.31:15111|dataStream:10.1.0.31:15114|priority:1|startupRole:FOLLOWER, 53afdcff-9740-4d1d-9155-3eea53ceb243|rpc:10.1.0.31:15095|admin:10.1.0.31:15094|client:10.1.0.31:15093|dataStream:10.1.0.31:15096|priority:0|startupRole:FOLLOWER]|listeners:[], old=null, confs=<EMPTY_MAP>
2023-06-07 07:10:56,660 [cd92a3c4-ef96-4770-b512-b3fe4045cd4b-groupManagement] INFO  server.RaftServerConfigKeys (ConfUtils.java:logGet(46)) - raft.server.storage.dir = [/home/runner/work/ozone/ozone/hadoop-ozone/integration-test/target/test-dir/MiniOzoneClusterImpl-28223e3b-fb3b-4559-a623-43dba3cd33a0/datanode-11/data/ratis] (custom)
2023-06-07 07:10:56,660 [cd92a3c4-ef96-4770-b512-b3fe4045cd4b-groupManagement] INFO  server.RaftServerConfigKeys (ConfUtils.java:logGet(46)) - raft.server.log.corruption.policy = EXCEPTION (default)
2023-06-07 07:10:56,660 [cd92a3c4-ef96-4770-b512-b3fe4045cd4b-groupManagement] INFO  server.RaftServerConfigKeys (ConfUtils.java:logGet(46)) - raft.server.storage.free-space.min = 0MB (=0) (default)
2023-06-07 07:10:56,660 [cd92a3c4-ef96-4770-b512-b3fe4045cd4b-groupManagement] INFO  server.RaftServerConfigKeys (ConfUtils.java:logGet(46)) - raft.server.notification.no-leader.timeout = 300s (custom)
2023-06-07 07:10:56,660 [cd92a3c4-ef96-4770-b512-b3fe4045cd4b-groupManagement] INFO  server.RaftServerConfigKeys (ConfUtils.java:logGet(46)) - raft.server.read.timeout = 10s (default)
2023-06-07 07:10:56,660 [cd92a3c4-ef96-4770-b512-b3fe4045cd4b-groupManagement] INFO  server.RaftServerConfigKeys (ConfUtils.java:logGet(46)) - raft.server.retrycache.expirytime = 600000ms (custom)
2023-06-07 07:10:56,660 [cd92a3c4-ef96-4770-b512-b3fe4045cd4b-groupManagement] INFO  server.RaftServerConfigKeys (ConfUtils.java:logGet(46)) - raft.server.retrycache.statistics.expirytime = 100μs (default)
2023-06-07 07:10:56,660 [cd92a3c4-ef96-4770-b512-b3fe4045cd4b-groupManagement] INFO  server.RaftServerConfigKeys (ConfUtils.java:logGet(46)) - raft.server.read.option = DEFAULT (default)
2023-06-07 07:10:56,661 [cd92a3c4-ef96-4770-b512-b3fe4045cd4b-groupManagement] INFO  server.RaftServerConfigKeys (ConfUtils.java:logGet(46)) - raft.server.rpc.request.timeout = 60s (custom)
2023-06-07 07:10:56,662 [cd92a3c4-ef96-4770-b512-b3fe4045cd4b-groupManagement] INFO  server.RaftServerConfigKeys (ConfUtils.java:logGet(46)) - raft.server.log.appender.install.snapshot.enabled = false (custom)
2023-06-07 07:10:56,662 [cd92a3c4-ef96-4770-b512-b3fe4045cd4b-groupManagement] INFO  server.RaftServerConfigKeys (ConfUtils.java:logGet(46)) - raft.server.threadpool.server.cached = true (default)
2023-06-07 07:10:56,662 [cd92a3c4-ef96-4770-b512-b3fe4045cd4b-groupManagement] INFO  server.RaftServerConfigKeys (ConfUtils.java:logGet(46)) - raft.server.threadpool.server.size = 0 (default)
2023-06-07 07:10:56,662 [cd92a3c4-ef96-4770-b512-b3fe4045cd4b-groupManagement] INFO  server.RaftServerConfigKeys (ConfUtils.java:logGet(46)) - raft.server.threadpool.client.cached = true (default)
2023-06-07 07:10:56,662 [cd92a3c4-ef96-4770-b512-b3fe4045cd4b-groupManagement] INFO  server.RaftServerConfigKeys (ConfUtils.java:logGet(46)) - raft.server.threadpool.client.size = 0 (default)
2023-06-07 07:10:56,662 [cd92a3c4-ef96-4770-b512-b3fe4045cd4b-groupManagement] INFO  storage.RaftStorageDirectory (RaftStorageDirectoryImpl.java:analyzeStorage(137)) - The storage directory /home/runner/work/ozone/ozone/hadoop-ozone/integration-test/target/test-dir/MiniOzoneClusterImpl-28223e3b-fb3b-4559-a623-43dba3cd33a0/datanode-11/data/ratis/ad97a0ce-7cd9-4945-8bcd-ed556ec830f3 does not exist. Creating ...
2023-06-07 07:10:56,664 [cd92a3c4-ef96-4770-b512-b3fe4045cd4b-groupManagement] INFO  storage.RaftStorageDirectory (RaftStorageDirectoryImpl.java:tryLock(231)) - Lock on /home/runner/work/ozone/ozone/hadoop-ozone/integration-test/target/test-dir/MiniOzoneClusterImpl-28223e3b-fb3b-4559-a623-43dba3cd33a0/datanode-11/data/ratis/ad97a0ce-7cd9-4945-8bcd-ed556ec830f3/in_use.lock acquired by nodename 65108@fv-az246-755
2023-06-07 07:10:56,665 [cd92a3c4-ef96-4770-b512-b3fe4045cd4b-groupManagement] INFO  storage.RaftStorage (RaftStorageImpl.java:format(96)) - Storage directory /home/runner/work/ozone/ozone/hadoop-ozone/integration-test/target/test-dir/MiniOzoneClusterImpl-28223e3b-fb3b-4559-a623-43dba3cd33a0/datanode-11/data/ratis/ad97a0ce-7cd9-4945-8bcd-ed556ec830f3 has been successfully formatted.
2023-06-07 07:10:56,666 [cd92a3c4-ef96-4770-b512-b3fe4045cd4b-groupManagement] INFO  ratis.ContainerStateMachine (ContainerStateMachine.java:loadSnapshot(262)) - group-ED556EC830F3: The snapshot info is null. Setting the last applied indexto:(t:0, i:~)
2023-06-07 07:10:56,666 [cd92a3c4-ef96-4770-b512-b3fe4045cd4b-groupManagement] INFO  server.RaftServerConfigKeys (ConfUtils.java:logGet(46)) - raft.server.log.use.memory = false (default)
2023-06-07 07:10:56,667 [cd92a3c4-ef96-4770-b512-b3fe4045cd4b-groupManagement] INFO  server.RaftServerConfigKeys (ConfUtils.java:logGet(46)) - raft.server.log.purge.gap = 1000000 (custom)
2023-06-07 07:10:56,667 [cd92a3c4-ef96-4770-b512-b3fe4045cd4b-groupManagement] INFO  server.RaftServerConfigKeys (ConfUtils.java:logGet(46)) - raft.server.log.appender.buffer.byte-limit = 33554432 (custom)
2023-06-07 07:10:56,667 [cd92a3c4-ef96-4770-b512-b3fe4045cd4b-groupManagement] INFO  server.RaftServerConfigKeys (ConfUtils.java:logGet(46)) - raft.server.log.statemachine.data.read.timeout = 1000ms (default)
2023-06-07 07:10:56,667 [cd92a3c4-ef96-4770-b512-b3fe4045cd4b-groupManagement] INFO  server.RaftServerConfigKeys (ConfUtils.java:logGet(46)) - raft.server.log.purge.preservation.log.num = 0 (default)
2023-06-07 07:10:56,667 [cd92a3c4-ef96-4770-b512-b3fe4045cd4b-groupManagement] INFO  server.RaftServerConfigKeys (ConfUtils.java:logGet(46)) - raft.server.log.segment.size.max = 1048576 (custom)
2023-06-07 07:10:56,667 [cd92a3c4-ef96-4770-b512-b3fe4045cd4b-groupManagement] INFO  server.RaftServerConfigKeys (ConfUtils.java:logGet(46)) - raft.server.log.segment.cache.num.max = 2 (custom)
2023-06-07 07:10:56,667 [cd92a3c4-ef96-4770-b512-b3fe4045cd4b-groupManagement] INFO  server.RaftServerConfigKeys (ConfUtils.java:logGet(46)) - raft.server.log.segment.cache.size.max = 200MB (=209715200) (default)
2023-06-07 07:10:56,668 [cd92a3c4-ef96-4770-b512-b3fe4045cd4b-groupManagement] INFO  server.RaftServerConfigKeys (ConfUtils.java:logGet(46)) - raft.server.log.appender.buffer.byte-limit = 33554432 (custom)
2023-06-07 07:10:56,668 [cd92a3c4-ef96-4770-b512-b3fe4045cd4b-groupManagement] INFO  segmented.SegmentedRaftLogWorker (SegmentedRaftLogWorker.java:<init>(188)) - new cd92a3c4-ef96-4770-b512-b3fe4045cd4b@group-ED556EC830F3-SegmentedRaftLogWorker for RaftStorageImpl:Storage Directory /home/runner/work/ozone/ozone/hadoop-ozone/integration-test/target/test-dir/MiniOzoneClusterImpl-28223e3b-fb3b-4559-a623-43dba3cd33a0/datanode-11/data/ratis/ad97a0ce-7cd9-4945-8bcd-ed556ec830f3
2023-06-07 07:10:56,668 [cd92a3c4-ef96-4770-b512-b3fe4045cd4b-groupManagement] INFO  server.RaftServerConfigKeys (ConfUtils.java:logGet(46)) - raft.server.log.queue.byte-limit = 4294967296 (custom)
2023-06-07 07:10:56,668 [cd92a3c4-ef96-4770-b512-b3fe4045cd4b-groupManagement] INFO  server.RaftServerConfigKeys (ConfUtils.java:logGet(46)) - raft.server.log.queue.element-limit = 1024 (custom)
2023-06-07 07:10:56,668 [cd92a3c4-ef96-4770-b512-b3fe4045cd4b-groupManagement] INFO  server.RaftServerConfigKeys (ConfUtils.java:logGet(46)) - raft.server.log.segment.size.max = 1048576 (custom)
2023-06-07 07:10:56,668 [cd92a3c4-ef96-4770-b512-b3fe4045cd4b-groupManagement] INFO  server.RaftServerConfigKeys (ConfUtils.java:logGet(46)) - raft.server.log.preallocated.size = 16384 (custom)
2023-06-07 07:10:56,668 [cd92a3c4-ef96-4770-b512-b3fe4045cd4b-groupManagement] INFO  server.RaftServerConfigKeys (ConfUtils.java:logGet(46)) - raft.server.log.force.sync.num = 128 (default)
2023-06-07 07:10:56,668 [cd92a3c4-ef96-4770-b512-b3fe4045cd4b-groupManagement] INFO  server.RaftServerConfigKeys (ConfUtils.java:logGet(46)) - raft.server.log.statemachine.data.sync = true (default)
2023-06-07 07:10:56,668 [cd92a3c4-ef96-4770-b512-b3fe4045cd4b-groupManagement] INFO  server.RaftServerConfigKeys (ConfUtils.java:logGet(46)) - raft.server.log.statemachine.data.sync.timeout = 10s (default)
2023-06-07 07:10:56,668 [cd92a3c4-ef96-4770-b512-b3fe4045cd4b-groupManagement] INFO  server.RaftServerConfigKeys (ConfUtils.java:logGet(46)) - raft.server.log.statemachine.data.sync.timeout.retry = -1 (default)
2023-06-07 07:10:56,669 [cd92a3c4-ef96-4770-b512-b3fe4045cd4b-groupManagement] INFO  server.RaftServerConfigKeys (ConfUtils.java:logGet(46)) - raft.server.log.write.buffer.size = 1048576 (custom)
2023-06-07 07:10:56,672 [cd92a3c4-ef96-4770-b512-b3fe4045cd4b-groupManagement] INFO  server.RaftServerConfigKeys (ConfUtils.java:logGet(46)) - raft.server.log.appender.buffer.byte-limit = 33554432 (custom)
2023-06-07 07:10:56,678 [cd92a3c4-ef96-4770-b512-b3fe4045cd4b-groupManagement] INFO  server.RaftServerConfigKeys (ConfUtils.java:logGet(46)) - raft.server.log.unsafe-flush.enabled = false (default)
2023-06-07 07:10:56,678 [cd92a3c4-ef96-4770-b512-b3fe4045cd4b-groupManagement] INFO  server.RaftServerConfigKeys (ConfUtils.java:logGet(46)) - raft.server.log.async-flush.enabled = false (default)
2023-06-07 07:10:56,678 [cd92a3c4-ef96-4770-b512-b3fe4045cd4b-groupManagement] INFO  server.RaftServerConfigKeys (ConfUtils.java:logGet(46)) - raft.server.log.statemachine.data.caching.enabled = true (custom)
2023-06-07 07:10:56,678 [cd92a3c4-ef96-4770-b512-b3fe4045cd4b-groupManagement] INFO  segmented.SegmentedRaftLogWorker (SegmentedRaftLogWorker.java:lambda$new$0(135)) - cd92a3c4-ef96-4770-b512-b3fe4045cd4b@group-ED556EC830F3-SegmentedRaftLogWorker: flushIndex: setUnconditionally 0 -> -1
2023-06-07 07:10:56,678 [cd92a3c4-ef96-4770-b512-b3fe4045cd4b-groupManagement] INFO  segmented.SegmentedRaftLogWorker (SegmentedRaftLogWorker.java:lambda$new$0(135)) - cd92a3c4-ef96-4770-b512-b3fe4045cd4b@group-ED556EC830F3-SegmentedRaftLogWorker: safeCacheEvictIndex: setUnconditionally 0 -> -1
2023-06-07 07:10:56,689 [cd92a3c4-ef96-4770-b512-b3fe4045cd4b-groupManagement] INFO  server.RaftServer$Division (RaftServerImpl.java:start(342)) - cd92a3c4-ef96-4770-b512-b3fe4045cd4b@group-ED556EC830F3: start as a follower, conf=-1: peers:[b1b35183-3015-42af-b03c-e7d97dc9a7f6|rpc:10.1.0.31:15104|admin:10.1.0.31:15103|client:10.1.0.31:15102|dataStream:10.1.0.31:15105|priority:0|startupRole:FOLLOWER, cd92a3c4-ef96-4770-b512-b3fe4045cd4b|rpc:10.1.0.31:15113|admin:10.1.0.31:15112|client:10.1.0.31:15111|dataStream:10.1.0.31:15114|priority:1|startupRole:FOLLOWER, 53afdcff-9740-4d1d-9155-3eea53ceb243|rpc:10.1.0.31:15095|admin:10.1.0.31:15094|client:10.1.0.31:15093|dataStream:10.1.0.31:15096|priority:0|startupRole:FOLLOWER]|listeners:[], old=null
2023-06-07 07:10:56,689 [cd92a3c4-ef96-4770-b512-b3fe4045cd4b-groupManagement] INFO  server.RaftServer$Division (RaftServerImpl.java:setRole(329)) - cd92a3c4-ef96-4770-b512-b3fe4045cd4b@group-ED556EC830F3: changes role from      null to FOLLOWER at term 0 for startAsFollower
2023-06-07 07:10:56,689 [cd92a3c4-ef96-4770-b512-b3fe4045cd4b-groupManagement] INFO  impl.RoleInfo (RoleInfo.java:updateAndGet(139)) - cd92a3c4-ef96-4770-b512-b3fe4045cd4b: start cd92a3c4-ef96-4770-b512-b3fe4045cd4b@group-ED556EC830F3-FollowerState
2023-06-07 07:10:56,692 [cd92a3c4-ef96-4770-b512-b3fe4045cd4b-groupManagement] INFO  util.JmxRegister (JmxRegister.java:tryRegister(44)) - Successfully registered JMX Bean with object name Ratis:service=RaftServer,group=group-ED556EC830F3,id=cd92a3c4-ef96-4770-b512-b3fe4045cd4b
2023-06-07 07:10:56,692 [cd92a3c4-ef96-4770-b512-b3fe4045cd4b-groupManagement] INFO  server.RaftServerConfigKeys (ConfUtils.java:logGet(46)) - raft.server.snapshot.auto.trigger.enabled = true (custom)
2023-06-07 07:10:56,692 [cd92a3c4-ef96-4770-b512-b3fe4045cd4b-groupManagement] INFO  server.RaftServerConfigKeys (ConfUtils.java:logGet(46)) - raft.server.snapshot.auto.trigger.threshold = 10000 (custom)
2023-06-07 07:10:56,692 [cd92a3c4-ef96-4770-b512-b3fe4045cd4b-groupManagement] INFO  server.RaftServerConfigKeys (ConfUtils.java:logGet(46)) - raft.server.snapshot.retention.file.num = 5 (custom)
2023-06-07 07:10:56,692 [cd92a3c4-ef96-4770-b512-b3fe4045cd4b-groupManagement] INFO  server.RaftServerConfigKeys (ConfUtils.java:logGet(46)) - raft.server.log.purge.upto.snapshot.index = false (default)
2023-06-07 07:10:56,693 [cd92a3c4-ef96-4770-b512-b3fe4045cd4b@group-ED556EC830F3-FollowerState] INFO  server.RaftServerConfigKeys (ConfUtils.java:logFallback(53)) - raft.server.rpc.first-election.timeout.min = 5s (fallback to raft.server.rpc.timeout.min)
2023-06-07 07:10:56,693 [cd92a3c4-ef96-4770-b512-b3fe4045cd4b@group-ED556EC830F3-FollowerState] INFO  server.RaftServerConfigKeys (ConfUtils.java:logFallback(53)) - raft.server.rpc.first-election.timeout.max = 5200ms (fallback to raft.server.rpc.timeout.max)
2023-06-07 07:10:56,748 [main] INFO  ozone.MiniOzoneClusterImpl (MiniOzoneClusterImpl.java:lambda$waitForClusterToBeReady$0(222)) - Nodes are ready. Got 14 of 14 DN Heartbeats.
2023-06-07 07:10:56,748 [main] INFO  ozone.MiniOzoneClusterImpl (MiniOzoneClusterImpl.java:lambda$waitForClusterToBeReady$0(225)) - Waiting for cluster to exit safe mode
2023-06-07 07:10:56,748 [main] INFO  ozone.MiniOzoneClusterImpl (MiniOzoneClusterImpl.java:lambda$waitForClusterToBeReady$0(227)) - SCM became leader
2023-06-07 07:10:56,751 [PipelineCommandHandlerThread-0] INFO  commandhandler.CreatePipelineCommandHandler (CreatePipelineCommandHandler.java:lambda$handle$2(124)) - Created Pipeline RATIS THREE PipelineID=ad97a0ce-7cd9-4945-8bcd-ed556ec830f3.
2023-06-07 07:10:56,780 [PipelineCommandHandlerThread-0] INFO  commandhandler.CreatePipelineCommandHandler (CreatePipelineCommandHandler.java:lambda$handle$2(124)) - Created Pipeline RATIS THREE PipelineID=ad97a0ce-7cd9-4945-8bcd-ed556ec830f3.
2023-06-07 07:10:57,014 [add60280-7665-46a7-8f97-112ab314f22d@group-EE57D26294F5-FollowerState] INFO  impl.FollowerState (FollowerState.java:run(143)) - add60280-7665-46a7-8f97-112ab314f22d@group-EE57D26294F5-FollowerState: change to CANDIDATE, lastRpcElapsedTime:5083350531ns, electionTimeout:5078ms
2023-06-07 07:10:57,015 [add60280-7665-46a7-8f97-112ab314f22d@group-EE57D26294F5-FollowerState] INFO  impl.RoleInfo (RoleInfo.java:shutdownFollowerState(110)) - add60280-7665-46a7-8f97-112ab314f22d: shutdown add60280-7665-46a7-8f97-112ab314f22d@group-EE57D26294F5-FollowerState
2023-06-07 07:10:57,015 [add60280-7665-46a7-8f97-112ab314f22d@group-EE57D26294F5-FollowerState] INFO  server.RaftServer$Division (RaftServerImpl.java:setRole(329)) - add60280-7665-46a7-8f97-112ab314f22d@group-EE57D26294F5: changes role from  FOLLOWER to CANDIDATE at term 0 for changeToCandidate
2023-06-07 07:10:57,015 [add60280-7665-46a7-8f97-112ab314f22d@group-EE57D26294F5-FollowerState] INFO  server.RaftServerConfigKeys (ConfUtils.java:logGet(46)) - raft.server.leaderelection.pre-vote = true (default)
2023-06-07 07:10:57,015 [add60280-7665-46a7-8f97-112ab314f22d@group-EE57D26294F5-FollowerState] INFO  impl.RoleInfo (RoleInfo.java:updateAndGet(139)) - add60280-7665-46a7-8f97-112ab314f22d: start add60280-7665-46a7-8f97-112ab314f22d@group-EE57D26294F5-LeaderElection2
2023-06-07 07:10:57,019 [add60280-7665-46a7-8f97-112ab314f22d@group-EE57D26294F5-LeaderElection2] INFO  impl.LeaderElection (LeaderElection.java:askForVotes(321)) - add60280-7665-46a7-8f97-112ab314f22d@group-EE57D26294F5-LeaderElection2 PRE_VOTE round 0: submit vote requests at term 0 for -1: peers:[add60280-7665-46a7-8f97-112ab314f22d|rpc:10.1.0.31:15014|admin:10.1.0.31:15013|client:10.1.0.31:15012|dataStream:10.1.0.31:15015|priority:1|startupRole:FOLLOWER]|listeners:[], old=null
2023-06-07 07:10:57,019 [add60280-7665-46a7-8f97-112ab314f22d@group-EE57D26294F5-LeaderElection2] INFO  impl.LeaderElection (LeaderElection.java:askForVotes(323)) - add60280-7665-46a7-8f97-112ab314f22d@group-EE57D26294F5-LeaderElection2 PRE_VOTE round 0: result PASSED (term=0)
2023-06-07 07:10:57,021 [add60280-7665-46a7-8f97-112ab314f22d@group-EE57D26294F5-LeaderElection2] INFO  impl.LeaderElection (LeaderElection.java:askForVotes(321)) - add60280-7665-46a7-8f97-112ab314f22d@group-EE57D26294F5-LeaderElection2 ELECTION round 0: submit vote requests at term 1 for -1: peers:[add60280-7665-46a7-8f97-112ab314f22d|rpc:10.1.0.31:15014|admin:10.1.0.31:15013|client:10.1.0.31:15012|dataStream:10.1.0.31:15015|priority:1|startupRole:FOLLOWER]|listeners:[], old=null
2023-06-07 07:10:57,021 [add60280-7665-46a7-8f97-112ab314f22d@group-EE57D26294F5-LeaderElection2] INFO  impl.LeaderElection (LeaderElection.java:askForVotes(323)) - add60280-7665-46a7-8f97-112ab314f22d@group-EE57D26294F5-LeaderElection2 ELECTION round 0: result PASSED (term=1)
2023-06-07 07:10:57,021 [add60280-7665-46a7-8f97-112ab314f22d@group-EE57D26294F5-LeaderElection2] INFO  impl.RoleInfo (RoleInfo.java:shutdownLeaderElection(130)) - add60280-7665-46a7-8f97-112ab314f22d: shutdown add60280-7665-46a7-8f97-112ab314f22d@group-EE57D26294F5-LeaderElection2
2023-06-07 07:10:57,021 [add60280-7665-46a7-8f97-112ab314f22d@group-EE57D26294F5-LeaderElection2] INFO  server.RaftServer$Division (RaftServerImpl.java:setRole(329)) - add60280-7665-46a7-8f97-112ab314f22d@group-EE57D26294F5: changes role from CANDIDATE to LEADER at term 1 for changeToLeader
2023-06-07 07:10:57,021 [add60280-7665-46a7-8f97-112ab314f22d@group-EE57D26294F5-LeaderElection2] INFO  ratis.XceiverServerRatis (XceiverServerRatis.java:handleLeaderChangedNotification(902)) - Leader change notification received for group: group-EE57D26294F5 with new leaderId: add60280-7665-46a7-8f97-112ab314f22d
2023-06-07 07:10:57,021 [add60280-7665-46a7-8f97-112ab314f22d@group-EE57D26294F5-LeaderElection2] INFO  server.RaftServer$Division (ServerState.java:setLeader(317)) - add60280-7665-46a7-8f97-112ab314f22d@group-EE57D26294F5: change Leader from null to add60280-7665-46a7-8f97-112ab314f22d at term 1 for becomeLeader, leader elected after 5148ms
2023-06-07 07:10:57,021 [add60280-7665-46a7-8f97-112ab314f22d@group-EE57D26294F5-LeaderElection2] INFO  server.RaftServerConfigKeys (ConfUtils.java:logGet(46)) - raft.server.staging.catchup.gap = 1000 (default)
2023-06-07 07:10:57,022 [add60280-7665-46a7-8f97-112ab314f22d@group-EE57D26294F5-LeaderElection2] INFO  server.RaftServerConfigKeys (ConfUtils.java:logGet(46)) - raft.server.write.element-limit = 1024 (custom)
2023-06-07 07:10:57,023 [add60280-7665-46a7-8f97-112ab314f22d@group-EE57D26294F5-LeaderElection2] INFO  server.RaftServerConfigKeys (ConfUtils.java:logGet(46)) - raft.server.write.byte-limit = 1024 M (=1073741824) (custom)
2023-06-07 07:10:57,023 [add60280-7665-46a7-8f97-112ab314f22d@group-EE57D26294F5-LeaderElection2] INFO  server.RaftServerConfigKeys (ConfUtils.java:logGet(46)) - raft.server.watch.timeout = 180s (custom)
2023-06-07 07:10:57,023 [add60280-7665-46a7-8f97-112ab314f22d@group-EE57D26294F5-LeaderElection2] INFO  server.RaftServerConfigKeys (ConfUtils.java:logGet(46)) - raft.server.watch.timeout.denomination = 1s (default)
2023-06-07 07:10:57,023 [add60280-7665-46a7-8f97-112ab314f22d@group-EE57D26294F5-LeaderElection2] INFO  server.RaftServerConfigKeys (ConfUtils.java:logGet(46)) - raft.server.watch.element-limit = 65536 (default)
2023-06-07 07:10:57,023 [add60280-7665-46a7-8f97-112ab314f22d@group-EE57D26294F5-LeaderElection2] INFO  server.RaftServerConfigKeys (ConfUtils.java:logGet(46)) - raft.server.write.element-limit = 1024 (custom)
2023-06-07 07:10:57,023 [add60280-7665-46a7-8f97-112ab314f22d@group-EE57D26294F5-LeaderElection2] INFO  server.RaftServerConfigKeys (ConfUtils.java:logGet(46)) - raft.server.write.follower.gap.ratio.max = -1.0 (default)
2023-06-07 07:10:57,023 [EventQueue-OpenPipelineForHealthyPipelineSafeModeRule] INFO  safemode.SCMSafeModeManager (HealthyPipelineSafeModeRule.java:process(137)) - SCM in safe mode. Healthy pipelines reported count is 0, required healthy pipeline reported count is 1
2023-06-07 07:10:57,023 [add60280-7665-46a7-8f97-112ab314f22d@group-EE57D26294F5-LeaderElection2] INFO  impl.RoleInfo (RoleInfo.java:updateAndGet(139)) - add60280-7665-46a7-8f97-112ab314f22d: start add60280-7665-46a7-8f97-112ab314f22d@group-EE57D26294F5-LeaderStateImpl
2023-06-07 07:10:57,024 [add60280-7665-46a7-8f97-112ab314f22d@group-EE57D26294F5-LeaderElection2] INFO  segmented.SegmentedRaftLogWorker (SegmentedRaftLogWorker.java:startLogSegment(447)) - add60280-7665-46a7-8f97-112ab314f22d@group-EE57D26294F5-SegmentedRaftLogWorker: Starting segment from index:0
2023-06-07 07:10:57,028 [add60280-7665-46a7-8f97-112ab314f22d@group-EE57D26294F5-LeaderElection2] INFO  server.RaftServer$Division (ServerState.java:setRaftConf(434)) - add60280-7665-46a7-8f97-112ab314f22d@group-EE57D26294F5: set configuration 0: peers:[add60280-7665-46a7-8f97-112ab314f22d|rpc:10.1.0.31:15014|admin:10.1.0.31:15013|client:10.1.0.31:15012|dataStream:10.1.0.31:15015|priority:1|startupRole:FOLLOWER]|listeners:[], old=null
2023-06-07 07:10:57,029 [add60280-7665-46a7-8f97-112ab314f22d@group-EE57D26294F5-SegmentedRaftLogWorker] INFO  segmented.SegmentedRaftLogWorker (SegmentedRaftLogWorker.java:execute(651)) - add60280-7665-46a7-8f97-112ab314f22d@group-EE57D26294F5-SegmentedRaftLogWorker: created new log segment /home/runner/work/ozone/ozone/hadoop-ozone/integration-test/target/test-dir/MiniOzoneClusterImpl-28223e3b-fb3b-4559-a623-43dba3cd33a0/datanode-0/data/ratis/7634eb11-ea24-4f1c-9289-ee57d26294f5/current/log_inprogress_0
2023-06-07 07:10:57,052 [add60280-7665-46a7-8f97-112ab314f22d@group-AB933BBAE0CC-FollowerState] INFO  impl.FollowerState (FollowerState.java:run(143)) - add60280-7665-46a7-8f97-112ab314f22d@group-AB933BBAE0CC-FollowerState: change to CANDIDATE, lastRpcElapsedTime:5030922642ns, electionTimeout:5024ms
2023-06-07 07:10:57,054 [add60280-7665-46a7-8f97-112ab314f22d@group-AB933BBAE0CC-FollowerState] INFO  impl.RoleInfo (RoleInfo.java:shutdownFollowerState(110)) - add60280-7665-46a7-8f97-112ab314f22d: shutdown add60280-7665-46a7-8f97-112ab314f22d@group-AB933BBAE0CC-FollowerState
2023-06-07 07:10:57,054 [add60280-7665-46a7-8f97-112ab314f22d@group-AB933BBAE0CC-FollowerState] INFO  server.RaftServer$Division (RaftServerImpl.java:setRole(329)) - add60280-7665-46a7-8f97-112ab314f22d@group-AB933BBAE0CC: changes role from  FOLLOWER to CANDIDATE at term 0 for changeToCandidate
2023-06-07 07:10:57,054 [add60280-7665-46a7-8f97-112ab314f22d@group-AB933BBAE0CC-FollowerState] INFO  server.RaftServerConfigKeys (ConfUtils.java:logGet(46)) - raft.server.leaderelection.pre-vote = true (default)
2023-06-07 07:10:57,054 [add60280-7665-46a7-8f97-112ab314f22d@group-AB933BBAE0CC-FollowerState] INFO  impl.RoleInfo (RoleInfo.java:updateAndGet(139)) - add60280-7665-46a7-8f97-112ab314f22d: start add60280-7665-46a7-8f97-112ab314f22d@group-AB933BBAE0CC-LeaderElection3
2023-06-07 07:10:57,058 [add60280-7665-46a7-8f97-112ab314f22d@group-AB933BBAE0CC-LeaderElection3] INFO  impl.LeaderElection (LeaderElection.java:askForVotes(321)) - add60280-7665-46a7-8f97-112ab314f22d@group-AB933BBAE0CC-LeaderElection3 PRE_VOTE round 0: submit vote requests at term 0 for -1: peers:[add60280-7665-46a7-8f97-112ab314f22d|rpc:10.1.0.31:15014|admin:10.1.0.31:15013|client:10.1.0.31:15012|dataStream:10.1.0.31:15015|priority:1|startupRole:FOLLOWER, 44d8f5b4-8dfc-4dc1-b3e0-dd93457af28b|rpc:10.1.0.31:15023|admin:10.1.0.31:15022|client:10.1.0.31:15021|dataStream:10.1.0.31:15024|priority:0|startupRole:FOLLOWER, 2912fda5-c0b1-4d9e-ac44-fd313bf4d5ec|rpc:10.1.0.31:15032|admin:10.1.0.31:15031|client:10.1.0.31:15030|dataStream:10.1.0.31:15033|priority:0|startupRole:FOLLOWER]|listeners:[], old=null
2023-06-07 07:10:57,065 [add60280-7665-46a7-8f97-112ab314f22d@group-AB933BBAE0CC-LeaderElection3] INFO  server.RaftServerConfigKeys (ConfUtils.java:logFallback(53)) - raft.server.rpc.first-election.timeout.min = 5s (fallback to raft.server.rpc.timeout.min)
2023-06-07 07:10:57,065 [add60280-7665-46a7-8f97-112ab314f22d@group-AB933BBAE0CC-LeaderElection3] INFO  server.RaftServerConfigKeys (ConfUtils.java:logFallback(53)) - raft.server.rpc.first-election.timeout.max = 5200ms (fallback to raft.server.rpc.timeout.max)
2023-06-07 07:10:57,067 [add60280-7665-46a7-8f97-112ab314f22d@group-AB933BBAE0CC-LeaderElection3-2] INFO  server.GrpcServerProtocolClient (GrpcServerProtocolClient.java:<init>(65)) - Build channel for 2912fda5-c0b1-4d9e-ac44-fd313bf4d5ec
2023-06-07 07:10:57,073 [add60280-7665-46a7-8f97-112ab314f22d@group-AB933BBAE0CC-LeaderElection3-1] INFO  server.GrpcServerProtocolClient (GrpcServerProtocolClient.java:<init>(65)) - Build channel for 44d8f5b4-8dfc-4dc1-b3e0-dd93457af28b
2023-06-07 07:10:57,088 [grpc-default-executor-2] INFO  server.RaftServer$Division (RaftServerImpl.java:requestVote(1302)) - 2912fda5-c0b1-4d9e-ac44-fd313bf4d5ec@group-AB933BBAE0CC: receive requestVote(PRE_VOTE, add60280-7665-46a7-8f97-112ab314f22d, group-AB933BBAE0CC, 0, (t:0, i:0))
2023-06-07 07:10:57,090 [grpc-default-executor-2] INFO  impl.VoteContext (VoteContext.java:log(49)) - 2912fda5-c0b1-4d9e-ac44-fd313bf4d5ec@group-AB933BBAE0CC-FOLLOWER: accept PRE_VOTE from add60280-7665-46a7-8f97-112ab314f22d: our priority 0 <= candidate's priority 1
2023-06-07 07:10:57,096 [grpc-default-executor-2] INFO  server.RaftServer$Division (RaftServerImpl.java:requestVote(1335)) - 2912fda5-c0b1-4d9e-ac44-fd313bf4d5ec@group-AB933BBAE0CC replies to PRE_VOTE vote request: add60280-7665-46a7-8f97-112ab314f22d<-2912fda5-c0b1-4d9e-ac44-fd313bf4d5ec#0:OK-t0. Peer's state: 2912fda5-c0b1-4d9e-ac44-fd313bf4d5ec@group-AB933BBAE0CC:t0, leader=null, voted=, raftlog=Memoized:2912fda5-c0b1-4d9e-ac44-fd313bf4d5ec@group-AB933BBAE0CC-SegmentedRaftLog:OPENED:c-1, conf=-1: peers:[add60280-7665-46a7-8f97-112ab314f22d|rpc:10.1.0.31:15014|admin:10.1.0.31:15013|client:10.1.0.31:15012|dataStream:10.1.0.31:15015|priority:1|startupRole:FOLLOWER, 44d8f5b4-8dfc-4dc1-b3e0-dd93457af28b|rpc:10.1.0.31:15023|admin:10.1.0.31:15022|client:10.1.0.31:15021|dataStream:10.1.0.31:15024|priority:0|startupRole:FOLLOWER, 2912fda5-c0b1-4d9e-ac44-fd313bf4d5ec|rpc:10.1.0.31:15032|admin:10.1.0.31:15031|client:10.1.0.31:15030|dataStream:10.1.0.31:15033|priority:0|startupRole:FOLLOWER]|listeners:[], old=null
2023-06-07 07:10:57,096 [grpc-default-executor-1] INFO  server.RaftServer$Division (RaftServerImpl.java:requestVote(1302)) - 44d8f5b4-8dfc-4dc1-b3e0-dd93457af28b@group-AB933BBAE0CC: receive requestVote(PRE_VOTE, add60280-7665-46a7-8f97-112ab314f22d, group-AB933BBAE0CC, 0, (t:0, i:0))
2023-06-07 07:10:57,097 [grpc-default-executor-1] INFO  impl.VoteContext (VoteContext.java:log(49)) - 44d8f5b4-8dfc-4dc1-b3e0-dd93457af28b@group-AB933BBAE0CC-FOLLOWER: accept PRE_VOTE from add60280-7665-46a7-8f97-112ab314f22d: our priority 0 <= candidate's priority 1
2023-06-07 07:10:57,098 [grpc-default-executor-1] INFO  server.RaftServer$Division (RaftServerImpl.java:requestVote(1335)) - 44d8f5b4-8dfc-4dc1-b3e0-dd93457af28b@group-AB933BBAE0CC replies to PRE_VOTE vote request: add60280-7665-46a7-8f97-112ab314f22d<-44d8f5b4-8dfc-4dc1-b3e0-dd93457af28b#0:OK-t0. Peer's state: 44d8f5b4-8dfc-4dc1-b3e0-dd93457af28b@group-AB933BBAE0CC:t0, leader=null, voted=, raftlog=Memoized:44d8f5b4-8dfc-4dc1-b3e0-dd93457af28b@group-AB933BBAE0CC-SegmentedRaftLog:OPENED:c-1, conf=-1: peers:[add60280-7665-46a7-8f97-112ab314f22d|rpc:10.1.0.31:15014|admin:10.1.0.31:15013|client:10.1.0.31:15012|dataStream:10.1.0.31:15015|priority:1|startupRole:FOLLOWER, 44d8f5b4-8dfc-4dc1-b3e0-dd93457af28b|rpc:10.1.0.31:15023|admin:10.1.0.31:15022|client:10.1.0.31:15021|dataStream:10.1.0.31:15024|priority:0|startupRole:FOLLOWER, 2912fda5-c0b1-4d9e-ac44-fd313bf4d5ec|rpc:10.1.0.31:15032|admin:10.1.0.31:15031|client:10.1.0.31:15030|dataStream:10.1.0.31:15033|priority:0|startupRole:FOLLOWER]|listeners:[], old=null
2023-06-07 07:10:57,104 [add60280-7665-46a7-8f97-112ab314f22d@group-AB933BBAE0CC-LeaderElection3] INFO  impl.LeaderElection (LeaderElection.java:logAndReturn(90)) - add60280-7665-46a7-8f97-112ab314f22d@group-AB933BBAE0CC-LeaderElection3: PRE_VOTE PASSED received 1 response(s) and 0 exception(s):
2023-06-07 07:10:57,104 [add60280-7665-46a7-8f97-112ab314f22d@group-AB933BBAE0CC-LeaderElection3] INFO  impl.LeaderElection (LeaderElection.java:logAndReturn(94)) -   Response 0: add60280-7665-46a7-8f97-112ab314f22d<-2912fda5-c0b1-4d9e-ac44-fd313bf4d5ec#0:OK-t0
2023-06-07 07:10:57,106 [add60280-7665-46a7-8f97-112ab314f22d@group-AB933BBAE0CC-LeaderElection3] INFO  impl.LeaderElection (LeaderElection.java:askForVotes(323)) - add60280-7665-46a7-8f97-112ab314f22d@group-AB933BBAE0CC-LeaderElection3 PRE_VOTE round 0: result PASSED
2023-06-07 07:10:57,110 [add60280-7665-46a7-8f97-112ab314f22d@group-AB933BBAE0CC-LeaderElection3] INFO  impl.LeaderElection (LeaderElection.java:askForVotes(321)) - add60280-7665-46a7-8f97-112ab314f22d@group-AB933BBAE0CC-LeaderElection3 ELECTION round 0: submit vote requests at term 1 for -1: peers:[add60280-7665-46a7-8f97-112ab314f22d|rpc:10.1.0.31:15014|admin:10.1.0.31:15013|client:10.1.0.31:15012|dataStream:10.1.0.31:15015|priority:1|startupRole:FOLLOWER, 44d8f5b4-8dfc-4dc1-b3e0-dd93457af28b|rpc:10.1.0.31:15023|admin:10.1.0.31:15022|client:10.1.0.31:15021|dataStream:10.1.0.31:15024|priority:0|startupRole:FOLLOWER, 2912fda5-c0b1-4d9e-ac44-fd313bf4d5ec|rpc:10.1.0.31:15032|admin:10.1.0.31:15031|client:10.1.0.31:15030|dataStream:10.1.0.31:15033|priority:0|startupRole:FOLLOWER]|listeners:[], old=null
2023-06-07 07:10:57,111 [add60280-7665-46a7-8f97-112ab314f22d@group-AB933BBAE0CC-LeaderElection3] INFO  server.RaftServerConfigKeys (ConfUtils.java:logFallback(53)) - raft.server.rpc.first-election.timeout.min = 5s (fallback to raft.server.rpc.timeout.min)
2023-06-07 07:10:57,111 [add60280-7665-46a7-8f97-112ab314f22d@group-AB933BBAE0CC-LeaderElection3] INFO  server.RaftServerConfigKeys (ConfUtils.java:logFallback(53)) - raft.server.rpc.first-election.timeout.max = 5200ms (fallback to raft.server.rpc.timeout.max)
2023-06-07 07:10:57,121 [grpc-default-executor-1] INFO  server.RaftServer$Division (RaftServerImpl.java:requestVote(1302)) - 44d8f5b4-8dfc-4dc1-b3e0-dd93457af28b@group-AB933BBAE0CC: receive requestVote(ELECTION, add60280-7665-46a7-8f97-112ab314f22d, group-AB933BBAE0CC, 1, (t:0, i:0))
2023-06-07 07:10:57,122 [grpc-default-executor-1] INFO  impl.VoteContext (VoteContext.java:log(49)) - 44d8f5b4-8dfc-4dc1-b3e0-dd93457af28b@group-AB933BBAE0CC-FOLLOWER: accept ELECTION from add60280-7665-46a7-8f97-112ab314f22d: our priority 0 <= candidate's priority 1
2023-06-07 07:10:57,122 [grpc-default-executor-1] INFO  server.RaftServer$Division (RaftServerImpl.java:setRole(329)) - 44d8f5b4-8dfc-4dc1-b3e0-dd93457af28b@group-AB933BBAE0CC: changes role from  FOLLOWER to FOLLOWER at term 1 for candidate:add60280-7665-46a7-8f97-112ab314f22d
2023-06-07 07:10:57,122 [grpc-default-executor-1] INFO  impl.RoleInfo (RoleInfo.java:shutdownFollowerState(110)) - 44d8f5b4-8dfc-4dc1-b3e0-dd93457af28b: shutdown 44d8f5b4-8dfc-4dc1-b3e0-dd93457af28b@group-AB933BBAE0CC-FollowerState
2023-06-07 07:10:57,122 [grpc-default-executor-1] INFO  impl.RoleInfo (RoleInfo.java:updateAndGet(139)) - 44d8f5b4-8dfc-4dc1-b3e0-dd93457af28b: start 44d8f5b4-8dfc-4dc1-b3e0-dd93457af28b@group-AB933BBAE0CC-FollowerState
2023-06-07 07:10:57,123 [44d8f5b4-8dfc-4dc1-b3e0-dd93457af28b@group-AB933BBAE0CC-FollowerState] INFO  impl.FollowerState (FollowerState.java:run(152)) - 44d8f5b4-8dfc-4dc1-b3e0-dd93457af28b@group-AB933BBAE0CC-FollowerState was interrupted
2023-06-07 07:10:57,123 [grpc-default-executor-2] INFO  server.RaftServer$Division (RaftServerImpl.java:requestVote(1302)) - 2912fda5-c0b1-4d9e-ac44-fd313bf4d5ec@group-AB933BBAE0CC: receive requestVote(ELECTION, add60280-7665-46a7-8f97-112ab314f22d, group-AB933BBAE0CC, 1, (t:0, i:0))
2023-06-07 07:10:57,123 [grpc-default-executor-2] INFO  impl.VoteContext (VoteContext.java:log(49)) - 2912fda5-c0b1-4d9e-ac44-fd313bf4d5ec@group-AB933BBAE0CC-FOLLOWER: accept ELECTION from add60280-7665-46a7-8f97-112ab314f22d: our priority 0 <= candidate's priority 1
2023-06-07 07:10:57,123 [grpc-default-executor-2] INFO  server.RaftServer$Division (RaftServerImpl.java:setRole(329)) - 2912fda5-c0b1-4d9e-ac44-fd313bf4d5ec@group-AB933BBAE0CC: changes role from  FOLLOWER to FOLLOWER at term 1 for candidate:add60280-7665-46a7-8f97-112ab314f22d
2023-06-07 07:10:57,123 [grpc-default-executor-2] INFO  impl.RoleInfo (RoleInfo.java:shutdownFollowerState(110)) - 2912fda5-c0b1-4d9e-ac44-fd313bf4d5ec: shutdown 2912fda5-c0b1-4d9e-ac44-fd313bf4d5ec@group-AB933BBAE0CC-FollowerState
2023-06-07 07:10:57,126 [grpc-default-executor-2] INFO  impl.RoleInfo (RoleInfo.java:updateAndGet(139)) - 2912fda5-c0b1-4d9e-ac44-fd313bf4d5ec: start 2912fda5-c0b1-4d9e-ac44-fd313bf4d5ec@group-AB933BBAE0CC-FollowerState
2023-06-07 07:10:57,126 [2912fda5-c0b1-4d9e-ac44-fd313bf4d5ec@group-AB933BBAE0CC-FollowerState] INFO  impl.FollowerState (FollowerState.java:run(152)) - 2912fda5-c0b1-4d9e-ac44-fd313bf4d5ec@group-AB933BBAE0CC-FollowerState was interrupted
2023-06-07 07:10:57,127 [grpc-default-executor-1] INFO  server.RaftServer$Division (RaftServerImpl.java:requestVote(1335)) - 44d8f5b4-8dfc-4dc1-b3e0-dd93457af28b@group-AB933BBAE0CC replies to ELECTION vote request: add60280-7665-46a7-8f97-112ab314f22d<-44d8f5b4-8dfc-4dc1-b3e0-dd93457af28b#0:OK-t1. Peer's state: 44d8f5b4-8dfc-4dc1-b3e0-dd93457af28b@group-AB933BBAE0CC:t1, leader=null, voted=add60280-7665-46a7-8f97-112ab314f22d, raftlog=Memoized:44d8f5b4-8dfc-4dc1-b3e0-dd93457af28b@group-AB933BBAE0CC-SegmentedRaftLog:OPENED:c-1, conf=-1: peers:[add60280-7665-46a7-8f97-112ab314f22d|rpc:10.1.0.31:15014|admin:10.1.0.31:15013|client:10.1.0.31:15012|dataStream:10.1.0.31:15015|priority:1|startupRole:FOLLOWER, 44d8f5b4-8dfc-4dc1-b3e0-dd93457af28b|rpc:10.1.0.31:15023|admin:10.1.0.31:15022|client:10.1.0.31:15021|dataStream:10.1.0.31:15024|priority:0|startupRole:FOLLOWER, 2912fda5-c0b1-4d9e-ac44-fd313bf4d5ec|rpc:10.1.0.31:15032|admin:10.1.0.31:15031|client:10.1.0.31:15030|dataStream:10.1.0.31:15033|priority:0|startupRole:FOLLOWER]|listeners:[], old=null
2023-06-07 07:10:57,128 [grpc-default-executor-2] INFO  server.RaftServer$Division (RaftServerImpl.java:requestVote(1335)) - 2912fda5-c0b1-4d9e-ac44-fd313bf4d5ec@group-AB933BBAE0CC replies to ELECTION vote request: add60280-7665-46a7-8f97-112ab314f22d<-2912fda5-c0b1-4d9e-ac44-fd313bf4d5ec#0:OK-t1. Peer's state: 2912fda5-c0b1-4d9e-ac44-fd313bf4d5ec@group-AB933BBAE0CC:t1, leader=null, voted=add60280-7665-46a7-8f97-112ab314f22d, raftlog=Memoized:2912fda5-c0b1-4d9e-ac44-fd313bf4d5ec@group-AB933BBAE0CC-SegmentedRaftLog:OPENED:c-1, conf=-1: peers:[add60280-7665-46a7-8f97-112ab314f22d|rpc:10.1.0.31:15014|admin:10.1.0.31:15013|client:10.1.0.31:15012|dataStream:10.1.0.31:15015|priority:1|startupRole:FOLLOWER, 44d8f5b4-8dfc-4dc1-b3e0-dd93457af28b|rpc:10.1.0.31:15023|admin:10.1.0.31:15022|client:10.1.0.31:15021|dataStream:10.1.0.31:15024|priority:0|startupRole:FOLLOWER, 2912fda5-c0b1-4d9e-ac44-fd313bf4d5ec|rpc:10.1.0.31:15032|admin:10.1.0.31:15031|client:10.1.0.31:15030|dataStream:10.1.0.31:15033|priority:0|startupRole:FOLLOWER]|listeners:[], old=null
2023-06-07 07:10:57,129 [add60280-7665-46a7-8f97-112ab314f22d@group-AB933BBAE0CC-LeaderElection3] INFO  impl.LeaderElection (LeaderElection.java:logAndReturn(90)) - add60280-7665-46a7-8f97-112ab314f22d@group-AB933BBAE0CC-LeaderElection3: ELECTION PASSED received 1 response(s) and 0 exception(s):
2023-06-07 07:10:57,129 [add60280-7665-46a7-8f97-112ab314f22d@group-AB933BBAE0CC-LeaderElection3] INFO  impl.LeaderElection (LeaderElection.java:logAndReturn(94)) -   Response 0: add60280-7665-46a7-8f97-112ab314f22d<-44d8f5b4-8dfc-4dc1-b3e0-dd93457af28b#0:OK-t1
2023-06-07 07:10:57,129 [add60280-7665-46a7-8f97-112ab314f22d@group-AB933BBAE0CC-LeaderElection3] INFO  impl.LeaderElection (LeaderElection.java:askForVotes(323)) - add60280-7665-46a7-8f97-112ab314f22d@group-AB933BBAE0CC-LeaderElection3 ELECTION round 0: result PASSED
2023-06-07 07:10:57,129 [add60280-7665-46a7-8f97-112ab314f22d@group-AB933BBAE0CC-LeaderElection3] INFO  impl.RoleInfo (RoleInfo.java:shutdownLeaderElection(130)) - add60280-7665-46a7-8f97-112ab314f22d: shutdown add60280-7665-46a7-8f97-112ab314f22d@group-AB933BBAE0CC-LeaderElection3
2023-06-07 07:10:57,130 [add60280-7665-46a7-8f97-112ab314f22d@group-AB933BBAE0CC-LeaderElection3] INFO  server.RaftServer$Division (RaftServerImpl.java:setRole(329)) - add60280-7665-46a7-8f97-112ab314f22d@group-AB933BBAE0CC: changes role from CANDIDATE to LEADER at term 1 for changeToLeader
2023-06-07 07:10:57,130 [add60280-7665-46a7-8f97-112ab314f22d@group-AB933BBAE0CC-LeaderElection3] INFO  ratis.XceiverServerRatis (XceiverServerRatis.java:handleLeaderChangedNotification(902)) - Leader change notification received for group: group-AB933BBAE0CC with new leaderId: add60280-7665-46a7-8f97-112ab314f22d
2023-06-07 07:10:57,130 [add60280-7665-46a7-8f97-112ab314f22d@group-AB933BBAE0CC-LeaderElection3] INFO  server.RaftServer$Division (ServerState.java:setLeader(317)) - add60280-7665-46a7-8f97-112ab314f22d@group-AB933BBAE0CC: change Leader from null to add60280-7665-46a7-8f97-112ab314f22d at term 1 for becomeLeader, leader elected after 5168ms
2023-06-07 07:10:57,130 [add60280-7665-46a7-8f97-112ab314f22d@group-AB933BBAE0CC-LeaderElection3] INFO  server.RaftServerConfigKeys (ConfUtils.java:logGet(46)) - raft.server.staging.catchup.gap = 1000 (default)
2023-06-07 07:10:57,131 [add60280-7665-46a7-8f97-112ab314f22d@group-AB933BBAE0CC-LeaderElection3] INFO  server.RaftServerConfigKeys (ConfUtils.java:logGet(46)) - raft.server.write.element-limit = 1024 (custom)
2023-06-07 07:10:57,132 [add60280-7665-46a7-8f97-112ab314f22d@group-AB933BBAE0CC-LeaderElection3] INFO  server.RaftServerConfigKeys (ConfUtils.java:logGet(46)) - raft.server.write.byte-limit = 1024 M (=1073741824) (custom)
2023-06-07 07:10:57,132 [add60280-7665-46a7-8f97-112ab314f22d@group-AB933BBAE0CC-LeaderElection3] INFO  server.RaftServerConfigKeys (ConfUtils.java:logGet(46)) - raft.server.watch.timeout = 180s (custom)
2023-06-07 07:10:57,132 [add60280-7665-46a7-8f97-112ab314f22d@group-AB933BBAE0CC-LeaderElection3] INFO  server.RaftServerConfigKeys (ConfUtils.java:logGet(46)) - raft.server.watch.timeout.denomination = 1s (default)
2023-06-07 07:10:57,132 [add60280-7665-46a7-8f97-112ab314f22d@group-AB933BBAE0CC-LeaderElection3] INFO  server.RaftServerConfigKeys (ConfUtils.java:logGet(46)) - raft.server.watch.element-limit = 65536 (default)
2023-06-07 07:10:57,132 [add60280-7665-46a7-8f97-112ab314f22d@group-AB933BBAE0CC-LeaderElection3] INFO  server.RaftServerConfigKeys (ConfUtils.java:logGet(46)) - raft.server.write.element-limit = 1024 (custom)
2023-06-07 07:10:57,132 [add60280-7665-46a7-8f97-112ab314f22d@group-AB933BBAE0CC-LeaderElection3] INFO  server.RaftServerConfigKeys (ConfUtils.java:logGet(46)) - raft.server.write.follower.gap.ratio.max = -1.0 (default)
2023-06-07 07:10:57,133 [EventQueue-PipelineReportForPipelineReportHandler] INFO  pipeline.PipelineManagerImpl (PipelineManagerImpl.java:openPipeline(367)) - Pipeline Pipeline[ Id: c312a65c-e52e-4b85-ac95-ab933bbae0cc, Nodes: 44d8f5b4-8dfc-4dc1-b3e0-dd93457af28b(fv-az246-755.dmzl2ssfaldu3choa5k4qgfeyh.jx.internal.cloudapp.net/10.1.0.31)add60280-7665-46a7-8f97-112ab314f22d(fv-az246-755.dmzl2ssfaldu3choa5k4qgfeyh.jx.internal.cloudapp.net/10.1.0.31)2912fda5-c0b1-4d9e-ac44-fd313bf4d5ec(fv-az246-755.dmzl2ssfaldu3choa5k4qgfeyh.jx.internal.cloudapp.net/10.1.0.31), ReplicationConfig: RATIS/THREE, State:ALLOCATED, leaderId:add60280-7665-46a7-8f97-112ab314f22d, CreationTimestamp2023-06-07T07:10:49.714Z[Etc/UTC]] moved to OPEN state
2023-06-07 07:10:57,133 [EventQueue-OpenPipelineForHealthyPipelineSafeModeRule] INFO  safemode.SCMSafeModeManager (HealthyPipelineSafeModeRule.java:process(137)) - SCM in safe mode. Healthy pipelines reported count is 0, required healthy pipeline reported count is 1
2023-06-07 07:10:57,134 [EventQueue-OpenPipelineForHealthyPipelineSafeModeRule] INFO  safemode.SCMSafeModeManager (HealthyPipelineSafeModeRule.java:process(137)) - SCM in safe mode. Healthy pipelines reported count is 1, required healthy pipeline reported count is 1
2023-06-07 07:10:57,134 [EventQueue-OpenPipelineForHealthyPipelineSafeModeRule] INFO  safemode.SCMSafeModeManager (SCMSafeModeManager.java:validateSafeModeExitRules(200)) - HealthyPipelineSafeModeRule rule is successfully validated
2023-06-07 07:10:57,134 [EventQueue-OpenPipelineForHealthyPipelineSafeModeRule] INFO  safemode.SCMSafeModeManager (SCMSafeModeManager.java:validateSafeModeExitRules(215)) - ScmSafeModeManager, all rules are successfully validated
2023-06-07 07:10:57,134 [EventQueue-OpenPipelineForHealthyPipelineSafeModeRule] INFO  safemode.SCMSafeModeManager (SCMSafeModeManager.java:exitSafeMode(244)) - SCM exiting safe mode.
2023-06-07 07:10:57,134 [EventQueue-OpenPipelineForHealthyPipelineSafeModeRule] INFO  ha.SCMContext (SCMContext.java:updateSafeModeStatus(228)) - Update SafeModeStatus from SafeModeStatus{safeModeStatus=true, preCheckPassed=true} to SafeModeStatus{safeModeStatus=false, preCheckPassed=true}.
2023-06-07 07:10:57,143 [EventQueue-OpenPipelineForHealthyPipelineSafeModeRule] INFO  pipeline.BackgroundPipelineCreator (BackgroundPipelineCreator.java:notifyStatusChanged(254)) - Service BackgroundPipelineCreator transitions to RUNNING.
2023-06-07 07:10:57,143 [EventQueue-OpenPipelineForHealthyPipelineSafeModeRule] INFO  BackgroundPipelineScrubber (BackgroundSCMService.java:notifyStatusChanged(82)) - Service BackgroundPipelineScrubber transitions to RUNNING.
2023-06-07 07:10:57,143 [EventQueue-OpenPipelineForHealthyPipelineSafeModeRule] INFO  ExpiredContainerReplicaOpScrubber (BackgroundSCMService.java:notifyStatusChanged(82)) - Service ExpiredContainerReplicaOpScrubber transitions to RUNNING.
2023-06-07 07:10:57,143 [EventQueue-OpenPipelineForHealthyPipelineSafeModeRule] INFO  replication.ReplicationManager (ReplicationManager.java:notifyStatusChanged(1369)) - Service ReplicationManager transitions to RUNNING.
2023-06-07 07:10:57,147 [EventQueue-OpenPipelineForHealthyPipelineSafeModeRule] WARN  balancer.ContainerBalancer (ContainerBalancer.java:shouldRun(135)) - Could not find persisted configuration for ContainerBalancer when checking if ContainerBalancer should run. ContainerBalancer should not run now.
2023-06-07 07:10:57,153 [add60280-7665-46a7-8f97-112ab314f22d@group-AB933BBAE0CC-LeaderElection3] INFO  server.RaftServerConfigKeys (ConfUtils.java:logGet(46)) - raft.server.log.appender.snapshot.chunk.size.max = 16MB (=16777216) (default)
2023-06-07 07:10:57,154 [add60280-7665-46a7-8f97-112ab314f22d@group-AB933BBAE0CC-LeaderElection3] INFO  server.RaftServerConfigKeys (ConfUtils.java:logGet(46)) - raft.server.log.appender.buffer.byte-limit = 33554432 (custom)
2023-06-07 07:10:57,154 [add60280-7665-46a7-8f97-112ab314f22d@group-AB933BBAE0CC-LeaderElection3] INFO  server.RaftServerConfigKeys (ConfUtils.java:logGet(46)) - raft.server.log.appender.buffer.element-limit = 1 (custom)
2023-06-07 07:10:57,156 [add60280-7665-46a7-8f97-112ab314f22d@group-AB933BBAE0CC-LeaderElection3] INFO  server.RaftServerConfigKeys (ConfUtils.java:logGet(46)) - raft.server.log.appender.wait-time.min = 10ms (default)
2023-06-07 07:10:57,157 [add60280-7665-46a7-8f97-112ab314f22d@group-AB933BBAE0CC-LeaderElection3] INFO  grpc.GrpcConfigKeys (ConfUtils.java:logGet(46)) - raft.grpc.server.leader.outstanding.appends.max = 128 (default)
2023-06-07 07:10:57,159 [add60280-7665-46a7-8f97-112ab314f22d@group-AB933BBAE0CC-LeaderElection3] INFO  server.RaftServerConfigKeys (ConfUtils.java:logGet(46)) - raft.server.rpc.request.timeout = 60s (custom)
2023-06-07 07:10:57,159 [add60280-7665-46a7-8f97-112ab314f22d@group-AB933BBAE0CC-LeaderElection3] INFO  grpc.GrpcConfigKeys (ConfUtils.java:logGet(46)) - raft.grpc.server.install_snapshot.request.element-limit = 8 (default)
2023-06-07 07:10:57,160 [add60280-7665-46a7-8f97-112ab314f22d@group-AB933BBAE0CC-LeaderElection3] INFO  grpc.GrpcConfigKeys (ConfUtils.java:logGet(46)) - raft.grpc.server.install_snapshot.request.timeout = 3000ms (default)
2023-06-07 07:10:57,160 [add60280-7665-46a7-8f97-112ab314f22d@group-AB933BBAE0CC-LeaderElection3] INFO  server.RaftServerConfigKeys (ConfUtils.java:logGet(46)) - raft.server.log.appender.install.snapshot.enabled = false (custom)
2023-06-07 07:10:57,160 [add60280-7665-46a7-8f97-112ab314f22d@group-AB933BBAE0CC-LeaderElection3] INFO  grpc.GrpcConfigKeys (ConfUtils.java:logGet(46)) - raft.grpc.server.heartbeat.channel = true (default)
2023-06-07 07:10:57,162 [add60280-7665-46a7-8f97-112ab314f22d@group-AB933BBAE0CC-LeaderElection3] INFO  server.RaftServerConfigKeys (ConfUtils.java:logGet(46)) - raft.server.log.appender.snapshot.chunk.size.max = 16MB (=16777216) (default)
2023-06-07 07:10:57,163 [add60280-7665-46a7-8f97-112ab314f22d@group-AB933BBAE0CC-LeaderElection3] INFO  server.RaftServerConfigKeys (ConfUtils.java:logGet(46)) - raft.server.log.appender.buffer.byte-limit = 33554432 (custom)
2023-06-07 07:10:57,163 [add60280-7665-46a7-8f97-112ab314f22d@group-AB933BBAE0CC-LeaderElection3] INFO  server.RaftServerConfigKeys (ConfUtils.java:logGet(46)) - raft.server.log.appender.buffer.element-limit = 1 (custom)
2023-06-07 07:10:57,163 [add60280-7665-46a7-8f97-112ab314f22d@group-AB933BBAE0CC-LeaderElection3] INFO  server.RaftServerConfigKeys (ConfUtils.java:logGet(46)) - raft.server.log.appender.wait-time.min = 10ms (default)
2023-06-07 07:10:57,163 [add60280-7665-46a7-8f97-112ab314f22d@group-AB933BBAE0CC-LeaderElection3] INFO  grpc.GrpcConfigKeys (ConfUtils.java:logGet(46)) - raft.grpc.server.leader.outstanding.appends.max = 128 (default)
2023-06-07 07:10:57,163 [add60280-7665-46a7-8f97-112ab314f22d@group-AB933BBAE0CC-LeaderElection3] INFO  server.RaftServerConfigKeys (ConfUtils.java:logGet(46)) - raft.server.rpc.request.timeout = 60s (custom)
2023-06-07 07:10:57,163 [add60280-7665-46a7-8f97-112ab314f22d@group-AB933BBAE0CC-LeaderElection3] INFO  grpc.GrpcConfigKeys (ConfUtils.java:logGet(46)) - raft.grpc.server.install_snapshot.request.element-limit = 8 (default)
2023-06-07 07:10:57,163 [add60280-7665-46a7-8f97-112ab314f22d@group-AB933BBAE0CC-LeaderElection3] INFO  grpc.GrpcConfigKeys (ConfUtils.java:logGet(46)) - raft.grpc.server.install_snapshot.request.timeout = 3000ms (default)
2023-06-07 07:10:57,163 [add60280-7665-46a7-8f97-112ab314f22d@group-AB933BBAE0CC-LeaderElection3] INFO  server.RaftServerConfigKeys (ConfUtils.java:logGet(46)) - raft.server.log.appender.install.snapshot.enabled = false (custom)
2023-06-07 07:10:57,163 [add60280-7665-46a7-8f97-112ab314f22d@group-AB933BBAE0CC-LeaderElection3] INFO  grpc.GrpcConfigKeys (ConfUtils.java:logGet(46)) - raft.grpc.server.heartbeat.channel = true (default)
2023-06-07 07:10:57,164 [add60280-7665-46a7-8f97-112ab314f22d@group-AB933BBAE0CC-LeaderElection3] INFO  impl.RoleInfo (RoleInfo.java:updateAndGet(139)) - add60280-7665-46a7-8f97-112ab314f22d: start add60280-7665-46a7-8f97-112ab314f22d@group-AB933BBAE0CC-LeaderStateImpl
2023-06-07 07:10:57,165 [add60280-7665-46a7-8f97-112ab314f22d@group-AB933BBAE0CC-LeaderElection3] INFO  segmented.SegmentedRaftLogWorker (SegmentedRaftLogWorker.java:startLogSegment(447)) - add60280-7665-46a7-8f97-112ab314f22d@group-AB933BBAE0CC-SegmentedRaftLogWorker: Starting segment from index:0
2023-06-07 07:10:57,171 [add60280-7665-46a7-8f97-112ab314f22d@group-AB933BBAE0CC-LeaderElection3] INFO  server.RaftServer$Division (ServerState.java:setRaftConf(434)) - add60280-7665-46a7-8f97-112ab314f22d@group-AB933BBAE0CC: set configuration 0: peers:[add60280-7665-46a7-8f97-112ab314f22d|rpc:10.1.0.31:15014|admin:10.1.0.31:15013|client:10.1.0.31:15012|dataStream:10.1.0.31:15015|priority:1|startupRole:FOLLOWER, 44d8f5b4-8dfc-4dc1-b3e0-dd93457af28b|rpc:10.1.0.31:15023|admin:10.1.0.31:15022|client:10.1.0.31:15021|dataStream:10.1.0.31:15024|priority:0|startupRole:FOLLOWER, 2912fda5-c0b1-4d9e-ac44-fd313bf4d5ec|rpc:10.1.0.31:15032|admin:10.1.0.31:15031|client:10.1.0.31:15030|dataStream:10.1.0.31:15033|priority:0|startupRole:FOLLOWER]|listeners:[], old=null
2023-06-07 07:10:57,177 [add60280-7665-46a7-8f97-112ab314f22d@group-AB933BBAE0CC-SegmentedRaftLogWorker] INFO  segmented.SegmentedRaftLogWorker (SegmentedRaftLogWorker.java:execute(651)) - add60280-7665-46a7-8f97-112ab314f22d@group-AB933BBAE0CC-SegmentedRaftLogWorker: created new log segment /home/runner/work/ozone/ozone/hadoop-ozone/integration-test/target/test-dir/MiniOzoneClusterImpl-28223e3b-fb3b-4559-a623-43dba3cd33a0/datanode-0/data/ratis/c312a65c-e52e-4b85-ac95-ab933bbae0cc/current/log_inprogress_0
2023-06-07 07:10:57,235 [2912fda5-c0b1-4d9e-ac44-fd313bf4d5ec-server-thread2] INFO  ratis.XceiverServerRatis (XceiverServerRatis.java:handleLeaderChangedNotification(902)) - Leader change notification received for group: group-AB933BBAE0CC with new leaderId: add60280-7665-46a7-8f97-112ab314f22d
2023-06-07 07:10:57,235 [2912fda5-c0b1-4d9e-ac44-fd313bf4d5ec-server-thread2] INFO  server.RaftServer$Division (ServerState.java:setLeader(317)) - 2912fda5-c0b1-4d9e-ac44-fd313bf4d5ec@group-AB933BBAE0CC: change Leader from null to add60280-7665-46a7-8f97-112ab314f22d at term 1 for appendEntries, leader elected after 4418ms
2023-06-07 07:10:57,243 [44d8f5b4-8dfc-4dc1-b3e0-dd93457af28b-server-thread1] INFO  ratis.XceiverServerRatis (XceiverServerRatis.java:handleLeaderChangedNotification(902)) - Leader change notification received for group: group-AB933BBAE0CC with new leaderId: add60280-7665-46a7-8f97-112ab314f22d
2023-06-07 07:10:57,243 [44d8f5b4-8dfc-4dc1-b3e0-dd93457af28b-server-thread1] INFO  server.RaftServer$Division (ServerState.java:setLeader(317)) - 44d8f5b4-8dfc-4dc1-b3e0-dd93457af28b@group-AB933BBAE0CC: change Leader from null to add60280-7665-46a7-8f97-112ab314f22d at term 1 for appendEntries, leader elected after 4851ms
2023-06-07 07:10:57,247 [2912fda5-c0b1-4d9e-ac44-fd313bf4d5ec-server-thread2] INFO  server.RaftServer$Division (ServerState.java:setRaftConf(434)) - 2912fda5-c0b1-4d9e-ac44-fd313bf4d5ec@group-AB933BBAE0CC: set configuration 0: peers:[add60280-7665-46a7-8f97-112ab314f22d|rpc:10.1.0.31:15014|admin:10.1.0.31:15013|client:10.1.0.31:15012|dataStream:10.1.0.31:15015|priority:1|startupRole:FOLLOWER, 44d8f5b4-8dfc-4dc1-b3e0-dd93457af28b|rpc:10.1.0.31:15023|admin:10.1.0.31:15022|client:10.1.0.31:15021|dataStream:10.1.0.31:15024|priority:0|startupRole:FOLLOWER, 2912fda5-c0b1-4d9e-ac44-fd313bf4d5ec|rpc:10.1.0.31:15032|admin:10.1.0.31:15031|client:10.1.0.31:15030|dataStream:10.1.0.31:15033|priority:0|startupRole:FOLLOWER]|listeners:[], old=null
2023-06-07 07:10:57,247 [44d8f5b4-8dfc-4dc1-b3e0-dd93457af28b-server-thread2] INFO  server.RaftServer$Division (ServerState.java:setRaftConf(434)) - 44d8f5b4-8dfc-4dc1-b3e0-dd93457af28b@group-AB933BBAE0CC: set configuration 0: peers:[add60280-7665-46a7-8f97-112ab314f22d|rpc:10.1.0.31:15014|admin:10.1.0.31:15013|client:10.1.0.31:15012|dataStream:10.1.0.31:15015|priority:1|startupRole:FOLLOWER, 44d8f5b4-8dfc-4dc1-b3e0-dd93457af28b|rpc:10.1.0.31:15023|admin:10.1.0.31:15022|client:10.1.0.31:15021|dataStream:10.1.0.31:15024|priority:0|startupRole:FOLLOWER, 2912fda5-c0b1-4d9e-ac44-fd313bf4d5ec|rpc:10.1.0.31:15032|admin:10.1.0.31:15031|client:10.1.0.31:15030|dataStream:10.1.0.31:15033|priority:0|startupRole:FOLLOWER]|listeners:[], old=null
2023-06-07 07:10:57,247 [2912fda5-c0b1-4d9e-ac44-fd313bf4d5ec-server-thread2] INFO  segmented.SegmentedRaftLogWorker (SegmentedRaftLogWorker.java:startLogSegment(447)) - 2912fda5-c0b1-4d9e-ac44-fd313bf4d5ec@group-AB933BBAE0CC-SegmentedRaftLogWorker: Starting segment from index:0
2023-06-07 07:10:57,248 [44d8f5b4-8dfc-4dc1-b3e0-dd93457af28b-server-thread2] INFO  segmented.SegmentedRaftLogWorker (SegmentedRaftLogWorker.java:startLogSegment(447)) - 44d8f5b4-8dfc-4dc1-b3e0-dd93457af28b@group-AB933BBAE0CC-SegmentedRaftLogWorker: Starting segment from index:0
2023-06-07 07:10:57,255 [2912fda5-c0b1-4d9e-ac44-fd313bf4d5ec@group-AB933BBAE0CC-SegmentedRaftLogWorker] INFO  segmented.SegmentedRaftLogWorker (SegmentedRaftLogWorker.java:execute(651)) - 2912fda5-c0b1-4d9e-ac44-fd313bf4d5ec@group-AB933BBAE0CC-SegmentedRaftLogWorker: created new log segment /home/runner/work/ozone/ozone/hadoop-ozone/integration-test/target/test-dir/MiniOzoneClusterImpl-28223e3b-fb3b-4559-a623-43dba3cd33a0/datanode-2/data/ratis/c312a65c-e52e-4b85-ac95-ab933bbae0cc/current/log_inprogress_0
2023-06-07 07:10:57,256 [44d8f5b4-8dfc-4dc1-b3e0-dd93457af28b@group-AB933BBAE0CC-SegmentedRaftLogWorker] INFO  segmented.SegmentedRaftLogWorker (SegmentedRaftLogWorker.java:execute(651)) - 44d8f5b4-8dfc-4dc1-b3e0-dd93457af28b@group-AB933BBAE0CC-SegmentedRaftLogWorker: created new log segment /home/runner/work/ozone/ozone/hadoop-ozone/integration-test/target/test-dir/MiniOzoneClusterImpl-28223e3b-fb3b-4559-a623-43dba3cd33a0/datanode-1/data/ratis/c312a65c-e52e-4b85-ac95-ab933bbae0cc/current/log_inprogress_0
2023-06-07 07:10:57,298 [PipelineCommandHandlerThread-0] INFO  server.RaftServer (RaftServerProxy.java:addNew(98)) - cd92a3c4-ef96-4770-b512-b3fe4045cd4b: addNew group-3C28A615D201:[cd92a3c4-ef96-4770-b512-b3fe4045cd4b|rpc:10.1.0.31:15113|admin:10.1.0.31:15112|client:10.1.0.31:15111|dataStream:10.1.0.31:15114|priority:1|startupRole:FOLLOWER] returns group-3C28A615D201:java.util.concurrent.CompletableFuture@19ab0e5a[Not completed]
2023-06-07 07:10:57,299 [cd92a3c4-ef96-4770-b512-b3fe4045cd4b-groupManagement] INFO  server.RaftServer$Division (RaftServerImpl.java:<init>(198)) - cd92a3c4-ef96-4770-b512-b3fe4045cd4b: new RaftServerImpl for group-3C28A615D201:[cd92a3c4-ef96-4770-b512-b3fe4045cd4b|rpc:10.1.0.31:15113|admin:10.1.0.31:15112|client:10.1.0.31:15111|dataStream:10.1.0.31:15114|priority:1|startupRole:FOLLOWER] with ContainerStateMachine:uninitialized
2023-06-07 07:10:57,299 [cd92a3c4-ef96-4770-b512-b3fe4045cd4b-groupManagement] INFO  server.RaftServerConfigKeys (ConfUtils.java:logGet(46)) - raft.server.rpc.timeout.min = 5s (custom)
2023-06-07 07:10:57,299 [cd92a3c4-ef96-4770-b512-b3fe4045cd4b-groupManagement] INFO  server.RaftServerConfigKeys (ConfUtils.java:logGet(46)) - raft.server.rpc.timeout.max = 5200ms (custom)
2023-06-07 07:10:57,299 [cd92a3c4-ef96-4770-b512-b3fe4045cd4b-groupManagement] INFO  server.RaftServerConfigKeys (ConfUtils.java:logGet(46)) - raft.server.rpc.sleep.time = 25ms (default)
2023-06-07 07:10:57,299 [cd92a3c4-ef96-4770-b512-b3fe4045cd4b-groupManagement] INFO  server.RaftServerConfigKeys (ConfUtils.java:logGet(46)) - raft.server.rpc.slowness.timeout = 300s (custom)
2023-06-07 07:10:57,299 [cd92a3c4-ef96-4770-b512-b3fe4045cd4b-groupManagement] INFO  server.RaftServerConfigKeys (ConfUtils.java:logGet(46)) - raft.server.leaderelection.leader.step-down.wait-time = 10s (default)
2023-06-07 07:10:57,299 [cd92a3c4-ef96-4770-b512-b3fe4045cd4b-groupManagement] INFO  server.RaftServerConfigKeys (ConfUtils.java:logGet(46)) - raft.server.sleep.deviation.threshold = 300ms (default)
2023-06-07 07:10:57,299 [cd92a3c4-ef96-4770-b512-b3fe4045cd4b-groupManagement] INFO  server.RaftServer$Division (ServerState.java:<init>(120)) - cd92a3c4-ef96-4770-b512-b3fe4045cd4b@group-3C28A615D201: ConfigurationManager, init=-1: peers:[cd92a3c4-ef96-4770-b512-b3fe4045cd4b|rpc:10.1.0.31:15113|admin:10.1.0.31:15112|client:10.1.0.31:15111|dataStream:10.1.0.31:15114|priority:1|startupRole:FOLLOWER]|listeners:[], old=null, confs=<EMPTY_MAP>
2023-06-07 07:10:57,299 [cd92a3c4-ef96-4770-b512-b3fe4045cd4b-groupManagement] INFO  server.RaftServerConfigKeys (ConfUtils.java:logGet(46)) - raft.server.storage.dir = [/home/runner/work/ozone/ozone/hadoop-ozone/integration-test/target/test-dir/MiniOzoneClusterImpl-28223e3b-fb3b-4559-a623-43dba3cd33a0/datanode-11/data/ratis] (custom)
2023-06-07 07:10:57,300 [cd92a3c4-ef96-4770-b512-b3fe4045cd4b-groupManagement] INFO  server.RaftServerConfigKeys (ConfUtils.java:logGet(46)) - raft.server.log.corruption.policy = EXCEPTION (default)
2023-06-07 07:10:57,300 [cd92a3c4-ef96-4770-b512-b3fe4045cd4b-groupManagement] INFO  server.RaftServerConfigKeys (ConfUtils.java:logGet(46)) - raft.server.storage.free-space.min = 0MB (=0) (default)
2023-06-07 07:10:57,300 [cd92a3c4-ef96-4770-b512-b3fe4045cd4b-groupManagement] INFO  server.RaftServerConfigKeys (ConfUtils.java:logGet(46)) - raft.server.notification.no-leader.timeout = 300s (custom)
2023-06-07 07:10:57,300 [cd92a3c4-ef96-4770-b512-b3fe4045cd4b-groupManagement] INFO  server.RaftServerConfigKeys (ConfUtils.java:logGet(46)) - raft.server.read.timeout = 10s (default)
2023-06-07 07:10:57,300 [cd92a3c4-ef96-4770-b512-b3fe4045cd4b-groupManagement] INFO  server.RaftServerConfigKeys (ConfUtils.java:logGet(46)) - raft.server.retrycache.expirytime = 600000ms (custom)
2023-06-07 07:10:57,300 [cd92a3c4-ef96-4770-b512-b3fe4045cd4b-groupManagement] INFO  server.RaftServerConfigKeys (ConfUtils.java:logGet(46)) - raft.server.retrycache.statistics.expirytime = 100μs (default)
2023-06-07 07:10:57,300 [cd92a3c4-ef96-4770-b512-b3fe4045cd4b-groupManagement] INFO  server.RaftServerConfigKeys (ConfUtils.java:logGet(46)) - raft.server.read.option = DEFAULT (default)
2023-06-07 07:10:57,301 [cd92a3c4-ef96-4770-b512-b3fe4045cd4b-groupManagement] INFO  server.RaftServerConfigKeys (ConfUtils.java:logGet(46)) - raft.server.rpc.request.timeout = 60s (custom)
2023-06-07 07:10:57,301 [cd92a3c4-ef96-4770-b512-b3fe4045cd4b-groupManagement] INFO  server.RaftServerConfigKeys (ConfUtils.java:logGet(46)) - raft.server.log.appender.install.snapshot.enabled = false (custom)
2023-06-07 07:10:57,301 [cd92a3c4-ef96-4770-b512-b3fe4045cd4b-groupManagement] INFO  server.RaftServerConfigKeys (ConfUtils.java:logGet(46)) - raft.server.threadpool.server.cached = true (default)
2023-06-07 07:10:57,301 [cd92a3c4-ef96-4770-b512-b3fe4045cd4b-groupManagement] INFO  server.RaftServerConfigKeys (ConfUtils.java:logGet(46)) - raft.server.threadpool.server.size = 0 (default)
2023-06-07 07:10:57,301 [cd92a3c4-ef96-4770-b512-b3fe4045cd4b-groupManagement] INFO  server.RaftServerConfigKeys (ConfUtils.java:logGet(46)) - raft.server.threadpool.client.cached = true (default)
2023-06-07 07:10:57,301 [cd92a3c4-ef96-4770-b512-b3fe4045cd4b-groupManagement] INFO  server.RaftServerConfigKeys (ConfUtils.java:logGet(46)) - raft.server.threadpool.client.size = 0 (default)
2023-06-07 07:10:57,302 [cd92a3c4-ef96-4770-b512-b3fe4045cd4b-groupManagement] INFO  storage.RaftStorageDirectory (RaftStorageDirectoryImpl.java:analyzeStorage(137)) - The storage directory /home/runner/work/ozone/ozone/hadoop-ozone/integration-test/target/test-dir/MiniOzoneClusterImpl-28223e3b-fb3b-4559-a623-43dba3cd33a0/datanode-11/data/ratis/f4fbc1ab-c13c-4528-be17-3c28a615d201 does not exist. Creating ...
2023-06-07 07:10:57,303 [cd92a3c4-ef96-4770-b512-b3fe4045cd4b-groupManagement] INFO  storage.RaftStorageDirectory (RaftStorageDirectoryImpl.java:tryLock(231)) - Lock on /home/runner/work/ozone/ozone/hadoop-ozone/integration-test/target/test-dir/MiniOzoneClusterImpl-28223e3b-fb3b-4559-a623-43dba3cd33a0/datanode-11/data/ratis/f4fbc1ab-c13c-4528-be17-3c28a615d201/in_use.lock acquired by nodename 65108@fv-az246-755
2023-06-07 07:10:57,304 [cd92a3c4-ef96-4770-b512-b3fe4045cd4b-groupManagement] INFO  storage.RaftStorage (RaftStorageImpl.java:format(96)) - Storage directory /home/runner/work/ozone/ozone/hadoop-ozone/integration-test/target/test-dir/MiniOzoneClusterImpl-28223e3b-fb3b-4559-a623-43dba3cd33a0/datanode-11/data/ratis/f4fbc1ab-c13c-4528-be17-3c28a615d201 has been successfully formatted.
2023-06-07 07:10:57,306 [cd92a3c4-ef96-4770-b512-b3fe4045cd4b-groupManagement] INFO  ratis.ContainerStateMachine (ContainerStateMachine.java:loadSnapshot(262)) - group-3C28A615D201: The snapshot info is null. Setting the last applied indexto:(t:0, i:~)
2023-06-07 07:10:57,306 [cd92a3c4-ef96-4770-b512-b3fe4045cd4b-groupManagement] INFO  server.RaftServerConfigKeys (ConfUtils.java:logGet(46)) - raft.server.log.use.memory = false (default)
2023-06-07 07:10:57,306 [cd92a3c4-ef96-4770-b512-b3fe4045cd4b-groupManagement] INFO  server.RaftServerConfigKeys (ConfUtils.java:logGet(46)) - raft.server.log.purge.gap = 1000000 (custom)
2023-06-07 07:10:57,306 [cd92a3c4-ef96-4770-b512-b3fe4045cd4b-groupManagement] INFO  server.RaftServerConfigKeys (ConfUtils.java:logGet(46)) - raft.server.log.appender.buffer.byte-limit = 33554432 (custom)
2023-06-07 07:10:57,306 [cd92a3c4-ef96-4770-b512-b3fe4045cd4b-groupManagement] INFO  server.RaftServerConfigKeys (ConfUtils.java:logGet(46)) - raft.server.log.statemachine.data.read.timeout = 1000ms (default)
2023-06-07 07:10:57,306 [cd92a3c4-ef96-4770-b512-b3fe4045cd4b-groupManagement] INFO  server.RaftServerConfigKeys (ConfUtils.java:logGet(46)) - raft.server.log.purge.preservation.log.num = 0 (default)
2023-06-07 07:10:57,306 [EventQueue-PipelineReportForPipelineReportHandler] INFO  pipeline.PipelineManagerImpl (PipelineManagerImpl.java:openPipeline(367)) - Pipeline Pipeline[ Id: f4fbc1ab-c13c-4528-be17-3c28a615d201, Nodes: cd92a3c4-ef96-4770-b512-b3fe4045cd4b(fv-az246-755.dmzl2ssfaldu3choa5k4qgfeyh.jx.internal.cloudapp.net/10.1.0.31), ReplicationConfig: RATIS/ONE, State:ALLOCATED, leaderId:cd92a3c4-ef96-4770-b512-b3fe4045cd4b, CreationTimestamp2023-06-07T07:10:54.315Z[Etc/UTC]] moved to OPEN state
2023-06-07 07:10:57,307 [cd92a3c4-ef96-4770-b512-b3fe4045cd4b-groupManagement] INFO  server.RaftServerConfigKeys (ConfUtils.java:logGet(46)) - raft.server.log.segment.size.max = 1048576 (custom)
2023-06-07 07:10:57,308 [cd92a3c4-ef96-4770-b512-b3fe4045cd4b-groupManagement] INFO  server.RaftServerConfigKeys (ConfUtils.java:logGet(46)) - raft.server.log.segment.cache.num.max = 2 (custom)
2023-06-07 07:10:57,308 [cd92a3c4-ef96-4770-b512-b3fe4045cd4b-groupManagement] INFO  server.RaftServerConfigKeys (ConfUtils.java:logGet(46)) - raft.server.log.segment.cache.size.max = 200MB (=209715200) (default)
2023-06-07 07:10:57,308 [cd92a3c4-ef96-4770-b512-b3fe4045cd4b-groupManagement] INFO  server.RaftServerConfigKeys (ConfUtils.java:logGet(46)) - raft.server.log.appender.buffer.byte-limit = 33554432 (custom)
2023-06-07 07:10:57,308 [cd92a3c4-ef96-4770-b512-b3fe4045cd4b-groupManagement] INFO  segmented.SegmentedRaftLogWorker (SegmentedRaftLogWorker.java:<init>(188)) - new cd92a3c4-ef96-4770-b512-b3fe4045cd4b@group-3C28A615D201-SegmentedRaftLogWorker for RaftStorageImpl:Storage Directory /home/runner/work/ozone/ozone/hadoop-ozone/integration-test/target/test-dir/MiniOzoneClusterImpl-28223e3b-fb3b-4559-a623-43dba3cd33a0/datanode-11/data/ratis/f4fbc1ab-c13c-4528-be17-3c28a615d201
2023-06-07 07:10:57,308 [cd92a3c4-ef96-4770-b512-b3fe4045cd4b-groupManagement] INFO  server.RaftServerConfigKeys (ConfUtils.java:logGet(46)) - raft.server.log.queue.byte-limit = 4294967296 (custom)
2023-06-07 07:10:57,308 [cd92a3c4-ef96-4770-b512-b3fe4045cd4b-groupManagement] INFO  server.RaftServerConfigKeys (ConfUtils.java:logGet(46)) - raft.server.log.queue.element-limit = 1024 (custom)
2023-06-07 07:10:57,308 [cd92a3c4-ef96-4770-b512-b3fe4045cd4b-groupManagement] INFO  server.RaftServerConfigKeys (ConfUtils.java:logGet(46)) - raft.server.log.segment.size.max = 1048576 (custom)
2023-06-07 07:10:57,308 [cd92a3c4-ef96-4770-b512-b3fe4045cd4b-groupManagement] INFO  server.RaftServerConfigKeys (ConfUtils.java:logGet(46)) - raft.server.log.preallocated.size = 16384 (custom)
2023-06-07 07:10:57,308 [cd92a3c4-ef96-4770-b512-b3fe4045cd4b-groupManagement] INFO  server.RaftServerConfigKeys (ConfUtils.java:logGet(46)) - raft.server.log.force.sync.num = 128 (default)
2023-06-07 07:10:57,308 [cd92a3c4-ef96-4770-b512-b3fe4045cd4b-groupManagement] INFO  server.RaftServerConfigKeys (ConfUtils.java:logGet(46)) - raft.server.log.statemachine.data.sync = true (default)
2023-06-07 07:10:57,308 [cd92a3c4-ef96-4770-b512-b3fe4045cd4b-groupManagement] INFO  server.RaftServerConfigKeys (ConfUtils.java:logGet(46)) - raft.server.log.statemachine.data.sync.timeout = 10s (default)
2023-06-07 07:10:57,308 [cd92a3c4-ef96-4770-b512-b3fe4045cd4b-groupManagement] INFO  server.RaftServerConfigKeys (ConfUtils.java:logGet(46)) - raft.server.log.statemachine.data.sync.timeout.retry = -1 (default)
2023-06-07 07:10:57,309 [cd92a3c4-ef96-4770-b512-b3fe4045cd4b-groupManagement] INFO  server.RaftServerConfigKeys (ConfUtils.java:logGet(46)) - raft.server.log.write.buffer.size = 1048576 (custom)
2023-06-07 07:10:57,310 [cd92a3c4-ef96-4770-b512-b3fe4045cd4b-groupManagement] INFO  server.RaftServerConfigKeys (ConfUtils.java:logGet(46)) - raft.server.log.appender.buffer.byte-limit = 33554432 (custom)
2023-06-07 07:10:57,317 [cd92a3c4-ef96-4770-b512-b3fe4045cd4b-groupManagement] INFO  server.RaftServerConfigKeys (ConfUtils.java:logGet(46)) - raft.server.log.unsafe-flush.enabled = false (default)
2023-06-07 07:10:57,317 [cd92a3c4-ef96-4770-b512-b3fe4045cd4b-groupManagement] INFO  server.RaftServerConfigKeys (ConfUtils.java:logGet(46)) - raft.server.log.async-flush.enabled = false (default)
2023-06-07 07:10:57,317 [cd92a3c4-ef96-4770-b512-b3fe4045cd4b-groupManagement] INFO  server.RaftServerConfigKeys (ConfUtils.java:logGet(46)) - raft.server.log.statemachine.data.caching.enabled = true (custom)
2023-06-07 07:10:57,318 [cd92a3c4-ef96-4770-b512-b3fe4045cd4b-groupManagement] INFO  segmented.SegmentedRaftLogWorker (SegmentedRaftLogWorker.java:lambda$new$0(135)) - cd92a3c4-ef96-4770-b512-b3fe4045cd4b@group-3C28A615D201-SegmentedRaftLogWorker: flushIndex: setUnconditionally 0 -> -1
2023-06-07 07:10:57,318 [cd92a3c4-ef96-4770-b512-b3fe4045cd4b-groupManagement] INFO  segmented.SegmentedRaftLogWorker (SegmentedRaftLogWorker.java:lambda$new$0(135)) - cd92a3c4-ef96-4770-b512-b3fe4045cd4b@group-3C28A615D201-SegmentedRaftLogWorker: safeCacheEvictIndex: setUnconditionally 0 -> -1
2023-06-07 07:10:57,318 [cd92a3c4-ef96-4770-b512-b3fe4045cd4b-groupManagement] INFO  server.RaftServer$Division (RaftServerImpl.java:start(342)) - cd92a3c4-ef96-4770-b512-b3fe4045cd4b@group-3C28A615D201: start as a follower, conf=-1: peers:[cd92a3c4-ef96-4770-b512-b3fe4045cd4b|rpc:10.1.0.31:15113|admin:10.1.0.31:15112|client:10.1.0.31:15111|dataStream:10.1.0.31:15114|priority:1|startupRole:FOLLOWER]|listeners:[], old=null
2023-06-07 07:10:57,318 [cd92a3c4-ef96-4770-b512-b3fe4045cd4b-groupManagement] INFO  server.RaftServer$Division (RaftServerImpl.java:setRole(329)) - cd92a3c4-ef96-4770-b512-b3fe4045cd4b@group-3C28A615D201: changes role from      null to FOLLOWER at term 0 for startAsFollower
2023-06-07 07:10:57,318 [cd92a3c4-ef96-4770-b512-b3fe4045cd4b-groupManagement] INFO  impl.RoleInfo (RoleInfo.java:updateAndGet(139)) - cd92a3c4-ef96-4770-b512-b3fe4045cd4b: start cd92a3c4-ef96-4770-b512-b3fe4045cd4b@group-3C28A615D201-FollowerState
2023-06-07 07:10:57,319 [cd92a3c4-ef96-4770-b512-b3fe4045cd4b-groupManagement] INFO  util.JmxRegister (JmxRegister.java:tryRegister(44)) - Successfully registered JMX Bean with object name Ratis:service=RaftServer,group=group-3C28A615D201,id=cd92a3c4-ef96-4770-b512-b3fe4045cd4b
2023-06-07 07:10:57,319 [cd92a3c4-ef96-4770-b512-b3fe4045cd4b-groupManagement] INFO  server.RaftServerConfigKeys (ConfUtils.java:logGet(46)) - raft.server.snapshot.auto.trigger.enabled = true (custom)
2023-06-07 07:10:57,319 [cd92a3c4-ef96-4770-b512-b3fe4045cd4b-groupManagement] INFO  server.RaftServerConfigKeys (ConfUtils.java:logGet(46)) - raft.server.snapshot.auto.trigger.threshold = 10000 (custom)
2023-06-07 07:10:57,319 [cd92a3c4-ef96-4770-b512-b3fe4045cd4b-groupManagement] INFO  server.RaftServerConfigKeys (ConfUtils.java:logGet(46)) - raft.server.snapshot.retention.file.num = 5 (custom)
2023-06-07 07:10:57,319 [cd92a3c4-ef96-4770-b512-b3fe4045cd4b-groupManagement] INFO  server.RaftServerConfigKeys (ConfUtils.java:logGet(46)) - raft.server.log.purge.upto.snapshot.index = false (default)
2023-06-07 07:10:57,320 [cd92a3c4-ef96-4770-b512-b3fe4045cd4b@group-3C28A615D201-FollowerState] INFO  server.RaftServerConfigKeys (ConfUtils.java:logFallback(53)) - raft.server.rpc.first-election.timeout.min = 5s (fallback to raft.server.rpc.timeout.min)
2023-06-07 07:10:57,320 [cd92a3c4-ef96-4770-b512-b3fe4045cd4b@group-3C28A615D201-FollowerState] INFO  server.RaftServerConfigKeys (ConfUtils.java:logFallback(53)) - raft.server.rpc.first-election.timeout.max = 5200ms (fallback to raft.server.rpc.timeout.max)
2023-06-07 07:10:57,321 [PipelineCommandHandlerThread-0] INFO  ratis.XceiverServerRatis (XceiverServerRatis.java:addGroup(804)) - Created group PipelineID=f4fbc1ab-c13c-4528-be17-3c28a615d201
2023-06-07 07:10:57,322 [PipelineCommandHandlerThread-0] INFO  commandhandler.CreatePipelineCommandHandler (CreatePipelineCommandHandler.java:lambda$handle$2(124)) - Created Pipeline RATIS ONE PipelineID=f4fbc1ab-c13c-4528-be17-3c28a615d201.
2023-06-07 07:10:57,351 [PipelineCommandHandlerThread-0] INFO  server.RaftServer (RaftServerProxy.java:addNew(98)) - 193ce337-dffd-4cd7-9fc4-5b62e57d89f8: addNew group-A331D06DFB85:[193ce337-dffd-4cd7-9fc4-5b62e57d89f8|rpc:10.1.0.31:15122|admin:10.1.0.31:15121|client:10.1.0.31:15120|dataStream:10.1.0.31:15123|priority:1|startupRole:FOLLOWER] returns group-A331D06DFB85:java.util.concurrent.CompletableFuture@403dd7fa[Not completed]
2023-06-07 07:10:57,352 [193ce337-dffd-4cd7-9fc4-5b62e57d89f8-groupManagement] INFO  server.RaftServer$Division (RaftServerImpl.java:<init>(198)) - 193ce337-dffd-4cd7-9fc4-5b62e57d89f8: new RaftServerImpl for group-A331D06DFB85:[193ce337-dffd-4cd7-9fc4-5b62e57d89f8|rpc:10.1.0.31:15122|admin:10.1.0.31:15121|client:10.1.0.31:15120|dataStream:10.1.0.31:15123|priority:1|startupRole:FOLLOWER] with ContainerStateMachine:uninitialized
2023-06-07 07:10:57,352 [193ce337-dffd-4cd7-9fc4-5b62e57d89f8-groupManagement] INFO  server.RaftServerConfigKeys (ConfUtils.java:logGet(46)) - raft.server.rpc.timeout.min = 5s (custom)
2023-06-07 07:10:57,352 [193ce337-dffd-4cd7-9fc4-5b62e57d89f8-groupManagement] INFO  server.RaftServerConfigKeys (ConfUtils.java:logGet(46)) - raft.server.rpc.timeout.max = 5200ms (custom)
2023-06-07 07:10:57,352 [193ce337-dffd-4cd7-9fc4-5b62e57d89f8-groupManagement] INFO  server.RaftServerConfigKeys (ConfUtils.java:logGet(46)) - raft.server.rpc.sleep.time = 25ms (default)
2023-06-07 07:10:57,352 [193ce337-dffd-4cd7-9fc4-5b62e57d89f8-groupManagement] INFO  server.RaftServerConfigKeys (ConfUtils.java:logGet(46)) - raft.server.rpc.slowness.timeout = 300s (custom)
2023-06-07 07:10:57,352 [193ce337-dffd-4cd7-9fc4-5b62e57d89f8-groupManagement] INFO  server.RaftServerConfigKeys (ConfUtils.java:logGet(46)) - raft.server.leaderelection.leader.step-down.wait-time = 10s (default)
2023-06-07 07:10:57,352 [193ce337-dffd-4cd7-9fc4-5b62e57d89f8-groupManagement] INFO  server.RaftServerConfigKeys (ConfUtils.java:logGet(46)) - raft.server.sleep.deviation.threshold = 300ms (default)
2023-06-07 07:10:57,352 [193ce337-dffd-4cd7-9fc4-5b62e57d89f8-groupManagement] INFO  server.RaftServer$Division (ServerState.java:<init>(120)) - 193ce337-dffd-4cd7-9fc4-5b62e57d89f8@group-A331D06DFB85: ConfigurationManager, init=-1: peers:[193ce337-dffd-4cd7-9fc4-5b62e57d89f8|rpc:10.1.0.31:15122|admin:10.1.0.31:15121|client:10.1.0.31:15120|dataStream:10.1.0.31:15123|priority:1|startupRole:FOLLOWER]|listeners:[], old=null, confs=<EMPTY_MAP>
2023-06-07 07:10:57,352 [193ce337-dffd-4cd7-9fc4-5b62e57d89f8-groupManagement] INFO  server.RaftServerConfigKeys (ConfUtils.java:logGet(46)) - raft.server.storage.dir = [/home/runner/work/ozone/ozone/hadoop-ozone/integration-test/target/test-dir/MiniOzoneClusterImpl-28223e3b-fb3b-4559-a623-43dba3cd33a0/datanode-12/data/ratis] (custom)
2023-06-07 07:10:57,353 [193ce337-dffd-4cd7-9fc4-5b62e57d89f8-groupManagement] INFO  server.RaftServerConfigKeys (ConfUtils.java:logGet(46)) - raft.server.log.corruption.policy = EXCEPTION (default)
2023-06-07 07:10:57,353 [193ce337-dffd-4cd7-9fc4-5b62e57d89f8-groupManagement] INFO  server.RaftServerConfigKeys (ConfUtils.java:logGet(46)) - raft.server.storage.free-space.min = 0MB (=0) (default)
2023-06-07 07:10:57,353 [193ce337-dffd-4cd7-9fc4-5b62e57d89f8-groupManagement] INFO  server.RaftServerConfigKeys (ConfUtils.java:logGet(46)) - raft.server.notification.no-leader.timeout = 300s (custom)
2023-06-07 07:10:57,353 [193ce337-dffd-4cd7-9fc4-5b62e57d89f8-groupManagement] INFO  server.RaftServerConfigKeys (ConfUtils.java:logGet(46)) - raft.server.read.timeout = 10s (default)
2023-06-07 07:10:57,353 [193ce337-dffd-4cd7-9fc4-5b62e57d89f8-groupManagement] INFO  server.RaftServerConfigKeys (ConfUtils.java:logGet(46)) - raft.server.retrycache.expirytime = 600000ms (custom)
2023-06-07 07:10:57,353 [193ce337-dffd-4cd7-9fc4-5b62e57d89f8-groupManagement] INFO  server.RaftServerConfigKeys (ConfUtils.java:logGet(46)) - raft.server.retrycache.statistics.expirytime = 100μs (default)
2023-06-07 07:10:57,353 [193ce337-dffd-4cd7-9fc4-5b62e57d89f8-groupManagement] INFO  server.RaftServerConfigKeys (ConfUtils.java:logGet(46)) - raft.server.read.option = DEFAULT (default)
2023-06-07 07:10:57,354 [193ce337-dffd-4cd7-9fc4-5b62e57d89f8-groupManagement] INFO  server.RaftServerConfigKeys (ConfUtils.java:logGet(46)) - raft.server.rpc.request.timeout = 60s (custom)
2023-06-07 07:10:57,354 [193ce337-dffd-4cd7-9fc4-5b62e57d89f8-groupManagement] INFO  server.RaftServerConfigKeys (ConfUtils.java:logGet(46)) - raft.server.log.appender.install.snapshot.enabled = false (custom)
2023-06-07 07:10:57,354 [193ce337-dffd-4cd7-9fc4-5b62e57d89f8-groupManagement] INFO  server.RaftServerConfigKeys (ConfUtils.java:logGet(46)) - raft.server.threadpool.server.cached = true (default)
2023-06-07 07:10:57,354 [193ce337-dffd-4cd7-9fc4-5b62e57d89f8-groupManagement] INFO  server.RaftServerConfigKeys (ConfUtils.java:logGet(46)) - raft.server.threadpool.server.size = 0 (default)
2023-06-07 07:10:57,354 [193ce337-dffd-4cd7-9fc4-5b62e57d89f8-groupManagement] INFO  server.RaftServerConfigKeys (ConfUtils.java:logGet(46)) - raft.server.threadpool.client.cached = true (default)
2023-06-07 07:10:57,354 [193ce337-dffd-4cd7-9fc4-5b62e57d89f8-groupManagement] INFO  server.RaftServerConfigKeys (ConfUtils.java:logGet(46)) - raft.server.threadpool.client.size = 0 (default)
2023-06-07 07:10:57,355 [193ce337-dffd-4cd7-9fc4-5b62e57d89f8-groupManagement] INFO  storage.RaftStorageDirectory (RaftStorageDirectoryImpl.java:analyzeStorage(137)) - The storage directory /home/runner/work/ozone/ozone/hadoop-ozone/integration-test/target/test-dir/MiniOzoneClusterImpl-28223e3b-fb3b-4559-a623-43dba3cd33a0/datanode-12/data/ratis/ca48261b-a2dc-4c22-9ec3-a331d06dfb85 does not exist. Creating ...
2023-06-07 07:10:57,356 [193ce337-dffd-4cd7-9fc4-5b62e57d89f8-groupManagement] INFO  storage.RaftStorageDirectory (RaftStorageDirectoryImpl.java:tryLock(231)) - Lock on /home/runner/work/ozone/ozone/hadoop-ozone/integration-test/target/test-dir/MiniOzoneClusterImpl-28223e3b-fb3b-4559-a623-43dba3cd33a0/datanode-12/data/ratis/ca48261b-a2dc-4c22-9ec3-a331d06dfb85/in_use.lock acquired by nodename 65108@fv-az246-755
2023-06-07 07:10:57,358 [193ce337-dffd-4cd7-9fc4-5b62e57d89f8-groupManagement] INFO  storage.RaftStorage (RaftStorageImpl.java:format(96)) - Storage directory /home/runner/work/ozone/ozone/hadoop-ozone/integration-test/target/test-dir/MiniOzoneClusterImpl-28223e3b-fb3b-4559-a623-43dba3cd33a0/datanode-12/data/ratis/ca48261b-a2dc-4c22-9ec3-a331d06dfb85 has been successfully formatted.
2023-06-07 07:10:57,361 [193ce337-dffd-4cd7-9fc4-5b62e57d89f8-groupManagement] INFO  ratis.ContainerStateMachine (ContainerStateMachine.java:loadSnapshot(262)) - group-A331D06DFB85: The snapshot info is null. Setting the last applied indexto:(t:0, i:~)
2023-06-07 07:10:57,361 [193ce337-dffd-4cd7-9fc4-5b62e57d89f8-groupManagement] INFO  server.RaftServerConfigKeys (ConfUtils.java:logGet(46)) - raft.server.log.use.memory = false (default)
2023-06-07 07:10:57,361 [193ce337-dffd-4cd7-9fc4-5b62e57d89f8-groupManagement] INFO  server.RaftServerConfigKeys (ConfUtils.java:logGet(46)) - raft.server.log.purge.gap = 1000000 (custom)
2023-06-07 07:10:57,362 [193ce337-dffd-4cd7-9fc4-5b62e57d89f8-groupManagement] INFO  server.RaftServerConfigKeys (ConfUtils.java:logGet(46)) - raft.server.log.appender.buffer.byte-limit = 33554432 (custom)
2023-06-07 07:10:57,362 [193ce337-dffd-4cd7-9fc4-5b62e57d89f8-groupManagement] INFO  server.RaftServerConfigKeys (ConfUtils.java:logGet(46)) - raft.server.log.statemachine.data.read.timeout = 1000ms (default)
2023-06-07 07:10:57,362 [193ce337-dffd-4cd7-9fc4-5b62e57d89f8-groupManagement] INFO  server.RaftServerConfigKeys (ConfUtils.java:logGet(46)) - raft.server.log.purge.preservation.log.num = 0 (default)
2023-06-07 07:10:57,362 [193ce337-dffd-4cd7-9fc4-5b62e57d89f8-groupManagement] INFO  server.RaftServerConfigKeys (ConfUtils.java:logGet(46)) - raft.server.log.segment.size.max = 1048576 (custom)
2023-06-07 07:10:57,362 [193ce337-dffd-4cd7-9fc4-5b62e57d89f8-groupManagement] INFO  server.RaftServerConfigKeys (ConfUtils.java:logGet(46)) - raft.server.log.segment.cache.num.max = 2 (custom)
2023-06-07 07:10:57,362 [193ce337-dffd-4cd7-9fc4-5b62e57d89f8-groupManagement] INFO  server.RaftServerConfigKeys (ConfUtils.java:logGet(46)) - raft.server.log.segment.cache.size.max = 200MB (=209715200) (default)
2023-06-07 07:10:57,362 [193ce337-dffd-4cd7-9fc4-5b62e57d89f8-groupManagement] INFO  server.RaftServerConfigKeys (ConfUtils.java:logGet(46)) - raft.server.log.appender.buffer.byte-limit = 33554432 (custom)
2023-06-07 07:10:57,362 [193ce337-dffd-4cd7-9fc4-5b62e57d89f8-groupManagement] INFO  segmented.SegmentedRaftLogWorker (SegmentedRaftLogWorker.java:<init>(188)) - new 193ce337-dffd-4cd7-9fc4-5b62e57d89f8@group-A331D06DFB85-SegmentedRaftLogWorker for RaftStorageImpl:Storage Directory /home/runner/work/ozone/ozone/hadoop-ozone/integration-test/target/test-dir/MiniOzoneClusterImpl-28223e3b-fb3b-4559-a623-43dba3cd33a0/datanode-12/data/ratis/ca48261b-a2dc-4c22-9ec3-a331d06dfb85
2023-06-07 07:10:57,363 [193ce337-dffd-4cd7-9fc4-5b62e57d89f8-groupManagement] INFO  server.RaftServerConfigKeys (ConfUtils.java:logGet(46)) - raft.server.log.queue.byte-limit = 4294967296 (custom)
2023-06-07 07:10:57,363 [193ce337-dffd-4cd7-9fc4-5b62e57d89f8-groupManagement] INFO  server.RaftServerConfigKeys (ConfUtils.java:logGet(46)) - raft.server.log.queue.element-limit = 1024 (custom)
2023-06-07 07:10:57,363 [193ce337-dffd-4cd7-9fc4-5b62e57d89f8-groupManagement] INFO  server.RaftServerConfigKeys (ConfUtils.java:logGet(46)) - raft.server.log.segment.size.max = 1048576 (custom)
2023-06-07 07:10:57,363 [193ce337-dffd-4cd7-9fc4-5b62e57d89f8-groupManagement] INFO  server.RaftServerConfigKeys (ConfUtils.java:logGet(46)) - raft.server.log.preallocated.size = 16384 (custom)
2023-06-07 07:10:57,363 [193ce337-dffd-4cd7-9fc4-5b62e57d89f8-groupManagement] INFO  server.RaftServerConfigKeys (ConfUtils.java:logGet(46)) - raft.server.log.force.sync.num = 128 (default)
2023-06-07 07:10:57,363 [193ce337-dffd-4cd7-9fc4-5b62e57d89f8-groupManagement] INFO  server.RaftServerConfigKeys (ConfUtils.java:logGet(46)) - raft.server.log.statemachine.data.sync = true (default)
2023-06-07 07:10:57,363 [193ce337-dffd-4cd7-9fc4-5b62e57d89f8-groupManagement] INFO  server.RaftServerConfigKeys (ConfUtils.java:logGet(46)) - raft.server.log.statemachine.data.sync.timeout = 10s (default)
2023-06-07 07:10:57,363 [193ce337-dffd-4cd7-9fc4-5b62e57d89f8-groupManagement] INFO  server.RaftServerConfigKeys (ConfUtils.java:logGet(46)) - raft.server.log.statemachine.data.sync.timeout.retry = -1 (default)
2023-06-07 07:10:57,364 [193ce337-dffd-4cd7-9fc4-5b62e57d89f8-groupManagement] INFO  server.RaftServerConfigKeys (ConfUtils.java:logGet(46)) - raft.server.log.write.buffer.size = 1048576 (custom)
2023-06-07 07:10:57,364 [193ce337-dffd-4cd7-9fc4-5b62e57d89f8-groupManagement] INFO  server.RaftServerConfigKeys (ConfUtils.java:logGet(46)) - raft.server.log.appender.buffer.byte-limit = 33554432 (custom)
2023-06-07 07:10:57,367 [EventQueue-PipelineReportForPipelineReportHandler] INFO  pipeline.PipelineManagerImpl (PipelineManagerImpl.java:openPipeline(367)) - Pipeline Pipeline[ Id: ca48261b-a2dc-4c22-9ec3-a331d06dfb85, Nodes: 193ce337-dffd-4cd7-9fc4-5b62e57d89f8(fv-az246-755.dmzl2ssfaldu3choa5k4qgfeyh.jx.internal.cloudapp.net/10.1.0.31), ReplicationConfig: RATIS/ONE, State:ALLOCATED, leaderId:193ce337-dffd-4cd7-9fc4-5b62e57d89f8, CreationTimestamp2023-06-07T07:10:54.341Z[Etc/UTC]] moved to OPEN state
2023-06-07 07:10:57,371 [193ce337-dffd-4cd7-9fc4-5b62e57d89f8-groupManagement] INFO  server.RaftServerConfigKeys (ConfUtils.java:logGet(46)) - raft.server.log.unsafe-flush.enabled = false (default)
2023-06-07 07:10:57,371 [193ce337-dffd-4cd7-9fc4-5b62e57d89f8-groupManagement] INFO  server.RaftServerConfigKeys (ConfUtils.java:logGet(46)) - raft.server.log.async-flush.enabled = false (default)
2023-06-07 07:10:57,371 [193ce337-dffd-4cd7-9fc4-5b62e57d89f8-groupManagement] INFO  server.RaftServerConfigKeys (ConfUtils.java:logGet(46)) - raft.server.log.statemachine.data.caching.enabled = true (custom)
2023-06-07 07:10:57,372 [193ce337-dffd-4cd7-9fc4-5b62e57d89f8-groupManagement] INFO  segmented.SegmentedRaftLogWorker (SegmentedRaftLogWorker.java:lambda$new$0(135)) - 193ce337-dffd-4cd7-9fc4-5b62e57d89f8@group-A331D06DFB85-SegmentedRaftLogWorker: flushIndex: setUnconditionally 0 -> -1
2023-06-07 07:10:57,372 [193ce337-dffd-4cd7-9fc4-5b62e57d89f8-groupManagement] INFO  segmented.SegmentedRaftLogWorker (SegmentedRaftLogWorker.java:lambda$new$0(135)) - 193ce337-dffd-4cd7-9fc4-5b62e57d89f8@group-A331D06DFB85-SegmentedRaftLogWorker: safeCacheEvictIndex: setUnconditionally 0 -> -1
2023-06-07 07:10:57,373 [193ce337-dffd-4cd7-9fc4-5b62e57d89f8-groupManagement] INFO  server.RaftServer$Division (RaftServerImpl.java:start(342)) - 193ce337-dffd-4cd7-9fc4-5b62e57d89f8@group-A331D06DFB85: start as a follower, conf=-1: peers:[193ce337-dffd-4cd7-9fc4-5b62e57d89f8|rpc:10.1.0.31:15122|admin:10.1.0.31:15121|client:10.1.0.31:15120|dataStream:10.1.0.31:15123|priority:1|startupRole:FOLLOWER]|listeners:[], old=null
2023-06-07 07:10:57,373 [193ce337-dffd-4cd7-9fc4-5b62e57d89f8-groupManagement] INFO  server.RaftServer$Division (RaftServerImpl.java:setRole(329)) - 193ce337-dffd-4cd7-9fc4-5b62e57d89f8@group-A331D06DFB85: changes role from      null to FOLLOWER at term 0 for startAsFollower
2023-06-07 07:10:57,373 [193ce337-dffd-4cd7-9fc4-5b62e57d89f8-groupManagement] INFO  impl.RoleInfo (RoleInfo.java:updateAndGet(139)) - 193ce337-dffd-4cd7-9fc4-5b62e57d89f8: start 193ce337-dffd-4cd7-9fc4-5b62e57d89f8@group-A331D06DFB85-FollowerState
2023-06-07 07:10:57,374 [193ce337-dffd-4cd7-9fc4-5b62e57d89f8-groupManagement] INFO  util.JmxRegister (JmxRegister.java:tryRegister(44)) - Successfully registered JMX Bean with object name Ratis:service=RaftServer,group=group-A331D06DFB85,id=193ce337-dffd-4cd7-9fc4-5b62e57d89f8
2023-06-07 07:10:57,374 [193ce337-dffd-4cd7-9fc4-5b62e57d89f8-groupManagement] INFO  server.RaftServerConfigKeys (ConfUtils.java:logGet(46)) - raft.server.snapshot.auto.trigger.enabled = true (custom)
2023-06-07 07:10:57,374 [193ce337-dffd-4cd7-9fc4-5b62e57d89f8-groupManagement] INFO  server.RaftServerConfigKeys (ConfUtils.java:logGet(46)) - raft.server.snapshot.auto.trigger.threshold = 10000 (custom)
2023-06-07 07:10:57,374 [193ce337-dffd-4cd7-9fc4-5b62e57d89f8-groupManagement] INFO  server.RaftServerConfigKeys (ConfUtils.java:logGet(46)) - raft.server.snapshot.retention.file.num = 5 (custom)
2023-06-07 07:10:57,374 [193ce337-dffd-4cd7-9fc4-5b62e57d89f8-groupManagement] INFO  server.RaftServerConfigKeys (ConfUtils.java:logGet(46)) - raft.server.log.purge.upto.snapshot.index = false (default)
2023-06-07 07:10:57,374 [193ce337-dffd-4cd7-9fc4-5b62e57d89f8@group-A331D06DFB85-FollowerState] INFO  server.RaftServerConfigKeys (ConfUtils.java:logFallback(53)) - raft.server.rpc.first-election.timeout.min = 5s (fallback to raft.server.rpc.timeout.min)
2023-06-07 07:10:57,375 [193ce337-dffd-4cd7-9fc4-5b62e57d89f8@group-A331D06DFB85-FollowerState] INFO  server.RaftServerConfigKeys (ConfUtils.java:logFallback(53)) - raft.server.rpc.first-election.timeout.max = 5200ms (fallback to raft.server.rpc.timeout.max)
2023-06-07 07:10:57,375 [PipelineCommandHandlerThread-0] INFO  ratis.XceiverServerRatis (XceiverServerRatis.java:addGroup(804)) - Created group PipelineID=ca48261b-a2dc-4c22-9ec3-a331d06dfb85
2023-06-07 07:10:57,375 [PipelineCommandHandlerThread-0] INFO  commandhandler.CreatePipelineCommandHandler (CreatePipelineCommandHandler.java:lambda$handle$2(124)) - Created Pipeline RATIS ONE PipelineID=ca48261b-a2dc-4c22-9ec3-a331d06dfb85.
2023-06-07 07:10:57,457 [44d8f5b4-8dfc-4dc1-b3e0-dd93457af28b@group-1C2BD616FCA9-FollowerState] INFO  impl.FollowerState (FollowerState.java:run(143)) - 44d8f5b4-8dfc-4dc1-b3e0-dd93457af28b@group-1C2BD616FCA9-FollowerState: change to CANDIDATE, lastRpcElapsedTime:5101983714ns, electionTimeout:5086ms
2023-06-07 07:10:57,457 [44d8f5b4-8dfc-4dc1-b3e0-dd93457af28b@group-1C2BD616FCA9-FollowerState] INFO  impl.RoleInfo (RoleInfo.java:shutdownFollowerState(110)) - 44d8f5b4-8dfc-4dc1-b3e0-dd93457af28b: shutdown 44d8f5b4-8dfc-4dc1-b3e0-dd93457af28b@group-1C2BD616FCA9-FollowerState
2023-06-07 07:10:57,457 [44d8f5b4-8dfc-4dc1-b3e0-dd93457af28b@group-1C2BD616FCA9-FollowerState] INFO  server.RaftServer$Division (RaftServerImpl.java:setRole(329)) - 44d8f5b4-8dfc-4dc1-b3e0-dd93457af28b@group-1C2BD616FCA9: changes role from  FOLLOWER to CANDIDATE at term 0 for changeToCandidate
2023-06-07 07:10:57,457 [44d8f5b4-8dfc-4dc1-b3e0-dd93457af28b@group-1C2BD616FCA9-FollowerState] INFO  server.RaftServerConfigKeys (ConfUtils.java:logGet(46)) - raft.server.leaderelection.pre-vote = true (default)
2023-06-07 07:10:57,457 [44d8f5b4-8dfc-4dc1-b3e0-dd93457af28b@group-1C2BD616FCA9-FollowerState] INFO  impl.RoleInfo (RoleInfo.java:updateAndGet(139)) - 44d8f5b4-8dfc-4dc1-b3e0-dd93457af28b: start 44d8f5b4-8dfc-4dc1-b3e0-dd93457af28b@group-1C2BD616FCA9-LeaderElection4
2023-06-07 07:10:57,468 [44d8f5b4-8dfc-4dc1-b3e0-dd93457af28b@group-1C2BD616FCA9-LeaderElection4] INFO  impl.LeaderElection (LeaderElection.java:askForVotes(321)) - 44d8f5b4-8dfc-4dc1-b3e0-dd93457af28b@group-1C2BD616FCA9-LeaderElection4 PRE_VOTE round 0: submit vote requests at term 0 for -1: peers:[44d8f5b4-8dfc-4dc1-b3e0-dd93457af28b|rpc:10.1.0.31:15023|admin:10.1.0.31:15022|client:10.1.0.31:15021|dataStream:10.1.0.31:15024|priority:1|startupRole:FOLLOWER]|listeners:[], old=null
2023-06-07 07:10:57,468 [44d8f5b4-8dfc-4dc1-b3e0-dd93457af28b@group-1C2BD616FCA9-LeaderElection4] INFO  impl.LeaderElection (LeaderElection.java:askForVotes(323)) - 44d8f5b4-8dfc-4dc1-b3e0-dd93457af28b@group-1C2BD616FCA9-LeaderElection4 PRE_VOTE round 0: result PASSED (term=0)
2023-06-07 07:10:57,470 [44d8f5b4-8dfc-4dc1-b3e0-dd93457af28b@group-1C2BD616FCA9-LeaderElection4] INFO  impl.LeaderElection (LeaderElection.java:askForVotes(321)) - 44d8f5b4-8dfc-4dc1-b3e0-dd93457af28b@group-1C2BD616FCA9-LeaderElection4 ELECTION round 0: submit vote requests at term 1 for -1: peers:[44d8f5b4-8dfc-4dc1-b3e0-dd93457af28b|rpc:10.1.0.31:15023|admin:10.1.0.31:15022|client:10.1.0.31:15021|dataStream:10.1.0.31:15024|priority:1|startupRole:FOLLOWER]|listeners:[], old=null
2023-06-07 07:10:57,470 [44d8f5b4-8dfc-4dc1-b3e0-dd93457af28b@group-1C2BD616FCA9-LeaderElection4] INFO  impl.LeaderElection (LeaderElection.java:askForVotes(323)) - 44d8f5b4-8dfc-4dc1-b3e0-dd93457af28b@group-1C2BD616FCA9-LeaderElection4 ELECTION round 0: result PASSED (term=1)
2023-06-07 07:10:57,470 [44d8f5b4-8dfc-4dc1-b3e0-dd93457af28b@group-1C2BD616FCA9-LeaderElection4] INFO  impl.RoleInfo (RoleInfo.java:shutdownLeaderElection(130)) - 44d8f5b4-8dfc-4dc1-b3e0-dd93457af28b: shutdown 44d8f5b4-8dfc-4dc1-b3e0-dd93457af28b@group-1C2BD616FCA9-LeaderElection4
2023-06-07 07:10:57,470 [44d8f5b4-8dfc-4dc1-b3e0-dd93457af28b@group-1C2BD616FCA9-LeaderElection4] INFO  server.RaftServer$Division (RaftServerImpl.java:setRole(329)) - 44d8f5b4-8dfc-4dc1-b3e0-dd93457af28b@group-1C2BD616FCA9: changes role from CANDIDATE to LEADER at term 1 for changeToLeader
2023-06-07 07:10:57,470 [44d8f5b4-8dfc-4dc1-b3e0-dd93457af28b@group-1C2BD616FCA9-LeaderElection4] INFO  ratis.XceiverServerRatis (XceiverServerRatis.java:handleLeaderChangedNotification(902)) - Leader change notification received for group: group-1C2BD616FCA9 with new leaderId: 44d8f5b4-8dfc-4dc1-b3e0-dd93457af28b
2023-06-07 07:10:57,472 [44d8f5b4-8dfc-4dc1-b3e0-dd93457af28b@group-1C2BD616FCA9-LeaderElection4] INFO  server.RaftServer$Division (ServerState.java:setLeader(317)) - 44d8f5b4-8dfc-4dc1-b3e0-dd93457af28b@group-1C2BD616FCA9: change Leader from null to 44d8f5b4-8dfc-4dc1-b3e0-dd93457af28b at term 1 for becomeLeader, leader elected after 5165ms
2023-06-07 07:10:57,472 [44d8f5b4-8dfc-4dc1-b3e0-dd93457af28b@group-1C2BD616FCA9-LeaderElection4] INFO  server.RaftServerConfigKeys (ConfUtils.java:logGet(46)) - raft.server.staging.catchup.gap = 1000 (default)
2023-06-07 07:10:57,473 [44d8f5b4-8dfc-4dc1-b3e0-dd93457af28b@group-1C2BD616FCA9-LeaderElection4] INFO  server.RaftServerConfigKeys (ConfUtils.java:logGet(46)) - raft.server.write.element-limit = 1024 (custom)
2023-06-07 07:10:57,474 [44d8f5b4-8dfc-4dc1-b3e0-dd93457af28b@group-1C2BD616FCA9-LeaderElection4] INFO  server.RaftServerConfigKeys (ConfUtils.java:logGet(46)) - raft.server.write.byte-limit = 1024 M (=1073741824) (custom)
2023-06-07 07:10:57,474 [44d8f5b4-8dfc-4dc1-b3e0-dd93457af28b@group-1C2BD616FCA9-LeaderElection4] INFO  server.RaftServerConfigKeys (ConfUtils.java:logGet(46)) - raft.server.watch.timeout = 180s (custom)
2023-06-07 07:10:57,474 [44d8f5b4-8dfc-4dc1-b3e0-dd93457af28b@group-1C2BD616FCA9-LeaderElection4] INFO  server.RaftServerConfigKeys (ConfUtils.java:logGet(46)) - raft.server.watch.timeout.denomination = 1s (default)
2023-06-07 07:10:57,478 [44d8f5b4-8dfc-4dc1-b3e0-dd93457af28b@group-1C2BD616FCA9-LeaderElection4] INFO  server.RaftServerConfigKeys (ConfUtils.java:logGet(46)) - raft.server.watch.element-limit = 65536 (default)
2023-06-07 07:10:57,478 [44d8f5b4-8dfc-4dc1-b3e0-dd93457af28b@group-1C2BD616FCA9-LeaderElection4] INFO  server.RaftServerConfigKeys (ConfUtils.java:logGet(46)) - raft.server.write.element-limit = 1024 (custom)
2023-06-07 07:10:57,478 [44d8f5b4-8dfc-4dc1-b3e0-dd93457af28b@group-1C2BD616FCA9-LeaderElection4] INFO  server.RaftServerConfigKeys (ConfUtils.java:logGet(46)) - raft.server.write.follower.gap.ratio.max = -1.0 (default)
2023-06-07 07:10:57,478 [44d8f5b4-8dfc-4dc1-b3e0-dd93457af28b@group-1C2BD616FCA9-LeaderElection4] INFO  impl.RoleInfo (RoleInfo.java:updateAndGet(139)) - 44d8f5b4-8dfc-4dc1-b3e0-dd93457af28b: start 44d8f5b4-8dfc-4dc1-b3e0-dd93457af28b@group-1C2BD616FCA9-LeaderStateImpl
2023-06-07 07:10:57,478 [44d8f5b4-8dfc-4dc1-b3e0-dd93457af28b@group-1C2BD616FCA9-LeaderElection4] INFO  segmented.SegmentedRaftLogWorker (SegmentedRaftLogWorker.java:startLogSegment(447)) - 44d8f5b4-8dfc-4dc1-b3e0-dd93457af28b@group-1C2BD616FCA9-SegmentedRaftLogWorker: Starting segment from index:0
2023-06-07 07:10:57,481 [44d8f5b4-8dfc-4dc1-b3e0-dd93457af28b@group-1C2BD616FCA9-LeaderElection4] INFO  server.RaftServer$Division (ServerState.java:setRaftConf(434)) - 44d8f5b4-8dfc-4dc1-b3e0-dd93457af28b@group-1C2BD616FCA9: set configuration 0: peers:[44d8f5b4-8dfc-4dc1-b3e0-dd93457af28b|rpc:10.1.0.31:15023|admin:10.1.0.31:15022|client:10.1.0.31:15021|dataStream:10.1.0.31:15024|priority:1|startupRole:FOLLOWER]|listeners:[], old=null
2023-06-07 07:10:57,483 [44d8f5b4-8dfc-4dc1-b3e0-dd93457af28b@group-1C2BD616FCA9-SegmentedRaftLogWorker] INFO  segmented.SegmentedRaftLogWorker (SegmentedRaftLogWorker.java:execute(651)) - 44d8f5b4-8dfc-4dc1-b3e0-dd93457af28b@group-1C2BD616FCA9-SegmentedRaftLogWorker: created new log segment /home/runner/work/ozone/ozone/hadoop-ozone/integration-test/target/test-dir/MiniOzoneClusterImpl-28223e3b-fb3b-4559-a623-43dba3cd33a0/datanode-1/data/ratis/b864b66a-da5b-4620-82ee-1c2bd616fca9/current/log_inprogress_0
2023-06-07 07:10:57,746 [PipelineCommandHandlerThread-0] INFO  server.RaftServer (RaftServerProxy.java:addNew(98)) - 2a2b2d62-8637-433f-be3f-60f9dc9f206f: addNew group-0D523FA6B420:[2a2b2d62-8637-433f-be3f-60f9dc9f206f|rpc:10.1.0.31:15131|admin:10.1.0.31:15130|client:10.1.0.31:15129|dataStream:10.1.0.31:15132|priority:1|startupRole:FOLLOWER] returns group-0D523FA6B420:java.util.concurrent.CompletableFuture@2aba5eb5[Not completed]
2023-06-07 07:10:57,748 [2a2b2d62-8637-433f-be3f-60f9dc9f206f-groupManagement] INFO  server.RaftServer$Division (RaftServerImpl.java:<init>(198)) - 2a2b2d62-8637-433f-be3f-60f9dc9f206f: new RaftServerImpl for group-0D523FA6B420:[2a2b2d62-8637-433f-be3f-60f9dc9f206f|rpc:10.1.0.31:15131|admin:10.1.0.31:15130|client:10.1.0.31:15129|dataStream:10.1.0.31:15132|priority:1|startupRole:FOLLOWER] with ContainerStateMachine:uninitialized
2023-06-07 07:10:57,749 [2a2b2d62-8637-433f-be3f-60f9dc9f206f-groupManagement] INFO  server.RaftServerConfigKeys (ConfUtils.java:logGet(46)) - raft.server.rpc.timeout.min = 5s (custom)
2023-06-07 07:10:57,749 [2a2b2d62-8637-433f-be3f-60f9dc9f206f-groupManagement] INFO  server.RaftServerConfigKeys (ConfUtils.java:logGet(46)) - raft.server.rpc.timeout.max = 5200ms (custom)
2023-06-07 07:10:57,749 [2a2b2d62-8637-433f-be3f-60f9dc9f206f-groupManagement] INFO  server.RaftServerConfigKeys (ConfUtils.java:logGet(46)) - raft.server.rpc.sleep.time = 25ms (default)
2023-06-07 07:10:57,749 [2a2b2d62-8637-433f-be3f-60f9dc9f206f-groupManagement] INFO  server.RaftServerConfigKeys (ConfUtils.java:logGet(46)) - raft.server.rpc.slowness.timeout = 300s (custom)
2023-06-07 07:10:57,749 [2a2b2d62-8637-433f-be3f-60f9dc9f206f-groupManagement] INFO  server.RaftServerConfigKeys (ConfUtils.java:logGet(46)) - raft.server.leaderelection.leader.step-down.wait-time = 10s (default)
2023-06-07 07:10:57,749 [2a2b2d62-8637-433f-be3f-60f9dc9f206f-groupManagement] INFO  server.RaftServerConfigKeys (ConfUtils.java:logGet(46)) - raft.server.sleep.deviation.threshold = 300ms (default)
2023-06-07 07:10:57,749 [2a2b2d62-8637-433f-be3f-60f9dc9f206f-groupManagement] INFO  server.RaftServer$Division (ServerState.java:<init>(120)) - 2a2b2d62-8637-433f-be3f-60f9dc9f206f@group-0D523FA6B420: ConfigurationManager, init=-1: peers:[2a2b2d62-8637-433f-be3f-60f9dc9f206f|rpc:10.1.0.31:15131|admin:10.1.0.31:15130|client:10.1.0.31:15129|dataStream:10.1.0.31:15132|priority:1|startupRole:FOLLOWER]|listeners:[], old=null, confs=<EMPTY_MAP>
2023-06-07 07:10:57,749 [2a2b2d62-8637-433f-be3f-60f9dc9f206f-groupManagement] INFO  server.RaftServerConfigKeys (ConfUtils.java:logGet(46)) - raft.server.storage.dir = [/home/runner/work/ozone/ozone/hadoop-ozone/integration-test/target/test-dir/MiniOzoneClusterImpl-28223e3b-fb3b-4559-a623-43dba3cd33a0/datanode-13/data/ratis] (custom)
2023-06-07 07:10:57,749 [2a2b2d62-8637-433f-be3f-60f9dc9f206f-groupManagement] INFO  server.RaftServerConfigKeys (ConfUtils.java:logGet(46)) - raft.server.log.corruption.policy = EXCEPTION (default)
2023-06-07 07:10:57,749 [main] INFO  ozone.MiniOzoneClusterImpl (MiniOzoneClusterImpl.java:lambda$waitForClusterToBeReady$0(222)) - Nodes are ready. Got 14 of 14 DN Heartbeats.
2023-06-07 07:10:57,750 [main] INFO  ozone.MiniOzoneClusterImpl (MiniOzoneClusterImpl.java:lambda$waitForClusterToBeReady$0(225)) - Cluster exits safe mode
2023-06-07 07:10:57,750 [main] INFO  ozone.MiniOzoneClusterImpl (MiniOzoneClusterImpl.java:lambda$waitForClusterToBeReady$0(227)) - SCM became leader
2023-06-07 07:10:57,749 [2a2b2d62-8637-433f-be3f-60f9dc9f206f-groupManagement] INFO  server.RaftServerConfigKeys (ConfUtils.java:logGet(46)) - raft.server.storage.free-space.min = 0MB (=0) (default)
2023-06-07 07:10:57,750 [2a2b2d62-8637-433f-be3f-60f9dc9f206f-groupManagement] INFO  server.RaftServerConfigKeys (ConfUtils.java:logGet(46)) - raft.server.notification.no-leader.timeout = 300s (custom)
2023-06-07 07:10:57,750 [2a2b2d62-8637-433f-be3f-60f9dc9f206f-groupManagement] INFO  server.RaftServerConfigKeys (ConfUtils.java:logGet(46)) - raft.server.read.timeout = 10s (default)
2023-06-07 07:10:57,750 [2a2b2d62-8637-433f-be3f-60f9dc9f206f-groupManagement] INFO  server.RaftServerConfigKeys (ConfUtils.java:logGet(46)) - raft.server.retrycache.expirytime = 600000ms (custom)
2023-06-07 07:10:57,750 [2a2b2d62-8637-433f-be3f-60f9dc9f206f-groupManagement] INFO  server.RaftServerConfigKeys (ConfUtils.java:logGet(46)) - raft.server.retrycache.statistics.expirytime = 100μs (default)
2023-06-07 07:10:57,750 [2a2b2d62-8637-433f-be3f-60f9dc9f206f-groupManagement] INFO  server.RaftServerConfigKeys (ConfUtils.java:logGet(46)) - raft.server.read.option = DEFAULT (default)
2023-06-07 07:10:57,751 [2a2b2d62-8637-433f-be3f-60f9dc9f206f-groupManagement] INFO  server.RaftServerConfigKeys (ConfUtils.java:logGet(46)) - raft.server.rpc.request.timeout = 60s (custom)
2023-06-07 07:10:57,752 [2a2b2d62-8637-433f-be3f-60f9dc9f206f-groupManagement] INFO  server.RaftServerConfigKeys (ConfUtils.java:logGet(46)) - raft.server.log.appender.install.snapshot.enabled = false (custom)
2023-06-07 07:10:57,752 [2a2b2d62-8637-433f-be3f-60f9dc9f206f-groupManagement] INFO  server.RaftServerConfigKeys (ConfUtils.java:logGet(46)) - raft.server.threadpool.server.cached = true (default)
2023-06-07 07:10:57,752 [2a2b2d62-8637-433f-be3f-60f9dc9f206f-groupManagement] INFO  server.RaftServerConfigKeys (ConfUtils.java:logGet(46)) - raft.server.threadpool.server.size = 0 (default)
2023-06-07 07:10:57,752 [2a2b2d62-8637-433f-be3f-60f9dc9f206f-groupManagement] INFO  server.RaftServerConfigKeys (ConfUtils.java:logGet(46)) - raft.server.threadpool.client.cached = true (default)
2023-06-07 07:10:57,752 [2a2b2d62-8637-433f-be3f-60f9dc9f206f-groupManagement] INFO  server.RaftServerConfigKeys (ConfUtils.java:logGet(46)) - raft.server.threadpool.client.size = 0 (default)
2023-06-07 07:10:57,752 [2a2b2d62-8637-433f-be3f-60f9dc9f206f-groupManagement] INFO  storage.RaftStorageDirectory (RaftStorageDirectoryImpl.java:analyzeStorage(137)) - The storage directory /home/runner/work/ozone/ozone/hadoop-ozone/integration-test/target/test-dir/MiniOzoneClusterImpl-28223e3b-fb3b-4559-a623-43dba3cd33a0/datanode-13/data/ratis/7e161cbf-6de1-446b-bae3-0d523fa6b420 does not exist. Creating ...
2023-06-07 07:10:57,754 [2a2b2d62-8637-433f-be3f-60f9dc9f206f-groupManagement] INFO  storage.RaftStorageDirectory (RaftStorageDirectoryImpl.java:tryLock(231)) - Lock on /home/runner/work/ozone/ozone/hadoop-ozone/integration-test/target/test-dir/MiniOzoneClusterImpl-28223e3b-fb3b-4559-a623-43dba3cd33a0/datanode-13/data/ratis/7e161cbf-6de1-446b-bae3-0d523fa6b420/in_use.lock acquired by nodename 65108@fv-az246-755
2023-06-07 07:10:57,756 [2a2b2d62-8637-433f-be3f-60f9dc9f206f-groupManagement] INFO  storage.RaftStorage (RaftStorageImpl.java:format(96)) - Storage directory /home/runner/work/ozone/ozone/hadoop-ozone/integration-test/target/test-dir/MiniOzoneClusterImpl-28223e3b-fb3b-4559-a623-43dba3cd33a0/datanode-13/data/ratis/7e161cbf-6de1-446b-bae3-0d523fa6b420 has been successfully formatted.
2023-06-07 07:10:57,763 [2a2b2d62-8637-433f-be3f-60f9dc9f206f-groupManagement] INFO  ratis.ContainerStateMachine (ContainerStateMachine.java:loadSnapshot(262)) - group-0D523FA6B420: The snapshot info is null. Setting the last applied indexto:(t:0, i:~)
2023-06-07 07:10:57,764 [2a2b2d62-8637-433f-be3f-60f9dc9f206f-groupManagement] INFO  server.RaftServerConfigKeys (ConfUtils.java:logGet(46)) - raft.server.log.use.memory = false (default)
2023-06-07 07:10:57,764 [2a2b2d62-8637-433f-be3f-60f9dc9f206f-groupManagement] INFO  server.RaftServerConfigKeys (ConfUtils.java:logGet(46)) - raft.server.log.purge.gap = 1000000 (custom)
2023-06-07 07:10:57,765 [2a2b2d62-8637-433f-be3f-60f9dc9f206f-groupManagement] INFO  server.RaftServerConfigKeys (ConfUtils.java:logGet(46)) - raft.server.log.appender.buffer.byte-limit = 33554432 (custom)
2023-06-07 07:10:57,765 [2a2b2d62-8637-433f-be3f-60f9dc9f206f-groupManagement] INFO  server.RaftServerConfigKeys (ConfUtils.java:logGet(46)) - raft.server.log.statemachine.data.read.timeout = 1000ms (default)
2023-06-07 07:10:57,765 [2a2b2d62-8637-433f-be3f-60f9dc9f206f-groupManagement] INFO  server.RaftServerConfigKeys (ConfUtils.java:logGet(46)) - raft.server.log.purge.preservation.log.num = 0 (default)
2023-06-07 07:10:57,765 [EventQueue-PipelineReportForPipelineReportHandler] INFO  pipeline.PipelineManagerImpl (PipelineManagerImpl.java:openPipeline(367)) - Pipeline Pipeline[ Id: 7e161cbf-6de1-446b-bae3-0d523fa6b420, Nodes: 2a2b2d62-8637-433f-be3f-60f9dc9f206f(fv-az246-755.dmzl2ssfaldu3choa5k4qgfeyh.jx.internal.cloudapp.net/10.1.0.31), ReplicationConfig: RATIS/ONE, State:ALLOCATED, leaderId:2a2b2d62-8637-433f-be3f-60f9dc9f206f, CreationTimestamp2023-06-07T07:10:54.747Z[Etc/UTC]] moved to OPEN state
2023-06-07 07:10:57,766 [2a2b2d62-8637-433f-be3f-60f9dc9f206f-groupManagement] INFO  server.RaftServerConfigKeys (ConfUtils.java:logGet(46)) - raft.server.log.segment.size.max = 1048576 (custom)
2023-06-07 07:10:57,767 [2a2b2d62-8637-433f-be3f-60f9dc9f206f-groupManagement] INFO  server.RaftServerConfigKeys (ConfUtils.java:logGet(46)) - raft.server.log.segment.cache.num.max = 2 (custom)
2023-06-07 07:10:57,767 [2a2b2d62-8637-433f-be3f-60f9dc9f206f-groupManagement] INFO  server.RaftServerConfigKeys (ConfUtils.java:logGet(46)) - raft.server.log.segment.cache.size.max = 200MB (=209715200) (default)
2023-06-07 07:10:57,767 [2a2b2d62-8637-433f-be3f-60f9dc9f206f-groupManagement] INFO  server.RaftServerConfigKeys (ConfUtils.java:logGet(46)) - raft.server.log.appender.buffer.byte-limit = 33554432 (custom)
2023-06-07 07:10:57,767 [2a2b2d62-8637-433f-be3f-60f9dc9f206f-groupManagement] INFO  segmented.SegmentedRaftLogWorker (SegmentedRaftLogWorker.java:<init>(188)) - new 2a2b2d62-8637-433f-be3f-60f9dc9f206f@group-0D523FA6B420-SegmentedRaftLogWorker for RaftStorageImpl:Storage Directory /home/runner/work/ozone/ozone/hadoop-ozone/integration-test/target/test-dir/MiniOzoneClusterImpl-28223e3b-fb3b-4559-a623-43dba3cd33a0/datanode-13/data/ratis/7e161cbf-6de1-446b-bae3-0d523fa6b420
2023-06-07 07:10:57,767 [2a2b2d62-8637-433f-be3f-60f9dc9f206f-groupManagement] INFO  server.RaftServerConfigKeys (ConfUtils.java:logGet(46)) - raft.server.log.queue.byte-limit = 4294967296 (custom)
2023-06-07 07:10:57,767 [2a2b2d62-8637-433f-be3f-60f9dc9f206f-groupManagement] INFO  server.RaftServerConfigKeys (ConfUtils.java:logGet(46)) - raft.server.log.queue.element-limit = 1024 (custom)
2023-06-07 07:10:57,767 [2a2b2d62-8637-433f-be3f-60f9dc9f206f-groupManagement] INFO  server.RaftServerConfigKeys (ConfUtils.java:logGet(46)) - raft.server.log.segment.size.max = 1048576 (custom)
2023-06-07 07:10:57,767 [2a2b2d62-8637-433f-be3f-60f9dc9f206f-groupManagement] INFO  server.RaftServerConfigKeys (ConfUtils.java:logGet(46)) - raft.server.log.preallocated.size = 16384 (custom)
2023-06-07 07:10:57,767 [2a2b2d62-8637-433f-be3f-60f9dc9f206f-groupManagement] INFO  server.RaftServerConfigKeys (ConfUtils.java:logGet(46)) - raft.server.log.force.sync.num = 128 (default)
2023-06-07 07:10:57,767 [2a2b2d62-8637-433f-be3f-60f9dc9f206f-groupManagement] INFO  server.RaftServerConfigKeys (ConfUtils.java:logGet(46)) - raft.server.log.statemachine.data.sync = true (default)
2023-06-07 07:10:57,767 [2a2b2d62-8637-433f-be3f-60f9dc9f206f-groupManagement] INFO  server.RaftServerConfigKeys (ConfUtils.java:logGet(46)) - raft.server.log.statemachine.data.sync.timeout = 10s (default)
2023-06-07 07:10:57,768 [2a2b2d62-8637-433f-be3f-60f9dc9f206f-groupManagement] INFO  server.RaftServerConfigKeys (ConfUtils.java:logGet(46)) - raft.server.log.statemachine.data.sync.timeout.retry = -1 (default)
2023-06-07 07:10:57,768 [2a2b2d62-8637-433f-be3f-60f9dc9f206f-groupManagement] INFO  server.RaftServerConfigKeys (ConfUtils.java:logGet(46)) - raft.server.log.write.buffer.size = 1048576 (custom)
2023-06-07 07:10:57,769 [2a2b2d62-8637-433f-be3f-60f9dc9f206f-groupManagement] INFO  server.RaftServerConfigKeys (ConfUtils.java:logGet(46)) - raft.server.log.appender.buffer.byte-limit = 33554432 (custom)
2023-06-07 07:10:57,775 [2a2b2d62-8637-433f-be3f-60f9dc9f206f-groupManagement] INFO  server.RaftServerConfigKeys (ConfUtils.java:logGet(46)) - raft.server.log.unsafe-flush.enabled = false (default)
2023-06-07 07:10:57,775 [2a2b2d62-8637-433f-be3f-60f9dc9f206f-groupManagement] INFO  server.RaftServerConfigKeys (ConfUtils.java:logGet(46)) - raft.server.log.async-flush.enabled = false (default)
2023-06-07 07:10:57,775 [2a2b2d62-8637-433f-be3f-60f9dc9f206f-groupManagement] INFO  server.RaftServerConfigKeys (ConfUtils.java:logGet(46)) - raft.server.log.statemachine.data.caching.enabled = true (custom)
2023-06-07 07:10:57,775 [2a2b2d62-8637-433f-be3f-60f9dc9f206f-groupManagement] INFO  segmented.SegmentedRaftLogWorker (SegmentedRaftLogWorker.java:lambda$new$0(135)) - 2a2b2d62-8637-433f-be3f-60f9dc9f206f@group-0D523FA6B420-SegmentedRaftLogWorker: flushIndex: setUnconditionally 0 -> -1
2023-06-07 07:10:57,775 [2a2b2d62-8637-433f-be3f-60f9dc9f206f-groupManagement] INFO  segmented.SegmentedRaftLogWorker (SegmentedRaftLogWorker.java:lambda$new$0(135)) - 2a2b2d62-8637-433f-be3f-60f9dc9f206f@group-0D523FA6B420-SegmentedRaftLogWorker: safeCacheEvictIndex: setUnconditionally 0 -> -1
2023-06-07 07:10:57,776 [2a2b2d62-8637-433f-be3f-60f9dc9f206f-groupManagement] INFO  server.RaftServer$Division (RaftServerImpl.java:start(342)) - 2a2b2d62-8637-433f-be3f-60f9dc9f206f@group-0D523FA6B420: start as a follower, conf=-1: peers:[2a2b2d62-8637-433f-be3f-60f9dc9f206f|rpc:10.1.0.31:15131|admin:10.1.0.31:15130|client:10.1.0.31:15129|dataStream:10.1.0.31:15132|priority:1|startupRole:FOLLOWER]|listeners:[], old=null
2023-06-07 07:10:57,776 [2a2b2d62-8637-433f-be3f-60f9dc9f206f-groupManagement] INFO  server.RaftServer$Division (RaftServerImpl.java:setRole(329)) - 2a2b2d62-8637-433f-be3f-60f9dc9f206f@group-0D523FA6B420: changes role from      null to FOLLOWER at term 0 for startAsFollower
2023-06-07 07:10:57,776 [2a2b2d62-8637-433f-be3f-60f9dc9f206f-groupManagement] INFO  impl.RoleInfo (RoleInfo.java:updateAndGet(139)) - 2a2b2d62-8637-433f-be3f-60f9dc9f206f: start 2a2b2d62-8637-433f-be3f-60f9dc9f206f@group-0D523FA6B420-FollowerState
2023-06-07 07:10:57,785 [2a2b2d62-8637-433f-be3f-60f9dc9f206f-groupManagement] INFO  util.JmxRegister (JmxRegister.java:tryRegister(44)) - Successfully registered JMX Bean with object name Ratis:service=RaftServer,group=group-0D523FA6B420,id=2a2b2d62-8637-433f-be3f-60f9dc9f206f
2023-06-07 07:10:57,785 [2a2b2d62-8637-433f-be3f-60f9dc9f206f@group-0D523FA6B420-FollowerState] INFO  server.RaftServerConfigKeys (ConfUtils.java:logFallback(53)) - raft.server.rpc.first-election.timeout.min = 5s (fallback to raft.server.rpc.timeout.min)
2023-06-07 07:10:57,785 [2a2b2d62-8637-433f-be3f-60f9dc9f206f-groupManagement] INFO  server.RaftServerConfigKeys (ConfUtils.java:logGet(46)) - raft.server.snapshot.auto.trigger.enabled = true (custom)
2023-06-07 07:10:57,785 [2a2b2d62-8637-433f-be3f-60f9dc9f206f@group-0D523FA6B420-FollowerState] INFO  server.RaftServerConfigKeys (ConfUtils.java:logFallback(53)) - raft.server.rpc.first-election.timeout.max = 5200ms (fallback to raft.server.rpc.timeout.max)
2023-06-07 07:10:57,786 [2a2b2d62-8637-433f-be3f-60f9dc9f206f-groupManagement] INFO  server.RaftServerConfigKeys (ConfUtils.java:logGet(46)) - raft.server.snapshot.auto.trigger.threshold = 10000 (custom)
2023-06-07 07:10:57,786 [2a2b2d62-8637-433f-be3f-60f9dc9f206f-groupManagement] INFO  server.RaftServerConfigKeys (ConfUtils.java:logGet(46)) - raft.server.snapshot.retention.file.num = 5 (custom)
2023-06-07 07:10:57,786 [2a2b2d62-8637-433f-be3f-60f9dc9f206f-groupManagement] INFO  server.RaftServerConfigKeys (ConfUtils.java:logGet(46)) - raft.server.log.purge.upto.snapshot.index = false (default)
2023-06-07 07:10:57,786 [PipelineCommandHandlerThread-0] INFO  ratis.XceiverServerRatis (XceiverServerRatis.java:addGroup(804)) - Created group PipelineID=7e161cbf-6de1-446b-bae3-0d523fa6b420
2023-06-07 07:10:57,787 [PipelineCommandHandlerThread-0] INFO  commandhandler.CreatePipelineCommandHandler (CreatePipelineCommandHandler.java:lambda$handle$2(124)) - Created Pipeline RATIS ONE PipelineID=7e161cbf-6de1-446b-bae3-0d523fa6b420.
2023-06-07 07:10:57,955 [2912fda5-c0b1-4d9e-ac44-fd313bf4d5ec@group-0D1E8D6E61E7-FollowerState] INFO  impl.FollowerState (FollowerState.java:run(143)) - 2912fda5-c0b1-4d9e-ac44-fd313bf4d5ec@group-0D1E8D6E61E7-FollowerState: change to CANDIDATE, lastRpcElapsedTime:5156125451ns, electionTimeout:5154ms
2023-06-07 07:10:57,956 [2912fda5-c0b1-4d9e-ac44-fd313bf4d5ec@group-0D1E8D6E61E7-FollowerState] INFO  impl.RoleInfo (RoleInfo.java:shutdownFollowerState(110)) - 2912fda5-c0b1-4d9e-ac44-fd313bf4d5ec: shutdown 2912fda5-c0b1-4d9e-ac44-fd313bf4d5ec@group-0D1E8D6E61E7-FollowerState
2023-06-07 07:10:57,956 [2912fda5-c0b1-4d9e-ac44-fd313bf4d5ec@group-0D1E8D6E61E7-FollowerState] INFO  server.RaftServer$Division (RaftServerImpl.java:setRole(329)) - 2912fda5-c0b1-4d9e-ac44-fd313bf4d5ec@group-0D1E8D6E61E7: changes role from  FOLLOWER to CANDIDATE at term 0 for changeToCandidate
2023-06-07 07:10:57,956 [2912fda5-c0b1-4d9e-ac44-fd313bf4d5ec@group-0D1E8D6E61E7-FollowerState] INFO  server.RaftServerConfigKeys (ConfUtils.java:logGet(46)) - raft.server.leaderelection.pre-vote = true (default)
2023-06-07 07:10:57,956 [2912fda5-c0b1-4d9e-ac44-fd313bf4d5ec@group-0D1E8D6E61E7-FollowerState] INFO  impl.RoleInfo (RoleInfo.java:updateAndGet(139)) - 2912fda5-c0b1-4d9e-ac44-fd313bf4d5ec: start 2912fda5-c0b1-4d9e-ac44-fd313bf4d5ec@group-0D1E8D6E61E7-LeaderElection5
2023-06-07 07:10:57,962 [2912fda5-c0b1-4d9e-ac44-fd313bf4d5ec@group-0D1E8D6E61E7-LeaderElection5] INFO  impl.LeaderElection (LeaderElection.java:askForVotes(321)) - 2912fda5-c0b1-4d9e-ac44-fd313bf4d5ec@group-0D1E8D6E61E7-LeaderElection5 PRE_VOTE round 0: submit vote requests at term 0 for -1: peers:[2912fda5-c0b1-4d9e-ac44-fd313bf4d5ec|rpc:10.1.0.31:15032|admin:10.1.0.31:15031|client:10.1.0.31:15030|dataStream:10.1.0.31:15033|priority:1|startupRole:FOLLOWER]|listeners:[], old=null
2023-06-07 07:10:57,963 [2912fda5-c0b1-4d9e-ac44-fd313bf4d5ec@group-0D1E8D6E61E7-LeaderElection5] INFO  impl.LeaderElection (LeaderElection.java:askForVotes(323)) - 2912fda5-c0b1-4d9e-ac44-fd313bf4d5ec@group-0D1E8D6E61E7-LeaderElection5 PRE_VOTE round 0: result PASSED (term=0)
2023-06-07 07:10:57,964 [2912fda5-c0b1-4d9e-ac44-fd313bf4d5ec@group-0D1E8D6E61E7-LeaderElection5] INFO  impl.LeaderElection (LeaderElection.java:askForVotes(321)) - 2912fda5-c0b1-4d9e-ac44-fd313bf4d5ec@group-0D1E8D6E61E7-LeaderElection5 ELECTION round 0: submit vote requests at term 1 for -1: peers:[2912fda5-c0b1-4d9e-ac44-fd313bf4d5ec|rpc:10.1.0.31:15032|admin:10.1.0.31:15031|client:10.1.0.31:15030|dataStream:10.1.0.31:15033|priority:1|startupRole:FOLLOWER]|listeners:[], old=null
2023-06-07 07:10:57,965 [2912fda5-c0b1-4d9e-ac44-fd313bf4d5ec@group-0D1E8D6E61E7-LeaderElection5] INFO  impl.LeaderElection (LeaderElection.java:askForVotes(323)) - 2912fda5-c0b1-4d9e-ac44-fd313bf4d5ec@group-0D1E8D6E61E7-LeaderElection5 ELECTION round 0: result PASSED (term=1)
2023-06-07 07:10:57,965 [2912fda5-c0b1-4d9e-ac44-fd313bf4d5ec@group-0D1E8D6E61E7-LeaderElection5] INFO  impl.RoleInfo (RoleInfo.java:shutdownLeaderElection(130)) - 2912fda5-c0b1-4d9e-ac44-fd313bf4d5ec: shutdown 2912fda5-c0b1-4d9e-ac44-fd313bf4d5ec@group-0D1E8D6E61E7-LeaderElection5
2023-06-07 07:10:57,965 [2912fda5-c0b1-4d9e-ac44-fd313bf4d5ec@group-0D1E8D6E61E7-LeaderElection5] INFO  server.RaftServer$Division (RaftServerImpl.java:setRole(329)) - 2912fda5-c0b1-4d9e-ac44-fd313bf4d5ec@group-0D1E8D6E61E7: changes role from CANDIDATE to LEADER at term 1 for changeToLeader
2023-06-07 07:10:57,965 [2912fda5-c0b1-4d9e-ac44-fd313bf4d5ec@group-0D1E8D6E61E7-LeaderElection5] INFO  ratis.XceiverServerRatis (XceiverServerRatis.java:handleLeaderChangedNotification(902)) - Leader change notification received for group: group-0D1E8D6E61E7 with new leaderId: 2912fda5-c0b1-4d9e-ac44-fd313bf4d5ec
2023-06-07 07:10:57,965 [2912fda5-c0b1-4d9e-ac44-fd313bf4d5ec@group-0D1E8D6E61E7-LeaderElection5] INFO  server.RaftServer$Division (ServerState.java:setLeader(317)) - 2912fda5-c0b1-4d9e-ac44-fd313bf4d5ec@group-0D1E8D6E61E7: change Leader from null to 2912fda5-c0b1-4d9e-ac44-fd313bf4d5ec at term 1 for becomeLeader, leader elected after 5228ms
2023-06-07 07:10:57,965 [2912fda5-c0b1-4d9e-ac44-fd313bf4d5ec@group-0D1E8D6E61E7-LeaderElection5] INFO  server.RaftServerConfigKeys (ConfUtils.java:logGet(46)) - raft.server.staging.catchup.gap = 1000 (default)
2023-06-07 07:10:57,967 [2912fda5-c0b1-4d9e-ac44-fd313bf4d5ec@group-0D1E8D6E61E7-LeaderElection5] INFO  server.RaftServerConfigKeys (ConfUtils.java:logGet(46)) - raft.server.write.element-limit = 1024 (custom)
2023-06-07 07:10:57,967 [2912fda5-c0b1-4d9e-ac44-fd313bf4d5ec@group-0D1E8D6E61E7-LeaderElection5] INFO  server.RaftServerConfigKeys (ConfUtils.java:logGet(46)) - raft.server.write.byte-limit = 1024 M (=1073741824) (custom)
2023-06-07 07:10:57,969 [2912fda5-c0b1-4d9e-ac44-fd313bf4d5ec@group-0D1E8D6E61E7-LeaderElection5] INFO  server.RaftServerConfigKeys (ConfUtils.java:logGet(46)) - raft.server.watch.timeout = 180s (custom)
2023-06-07 07:10:57,969 [2912fda5-c0b1-4d9e-ac44-fd313bf4d5ec@group-0D1E8D6E61E7-LeaderElection5] INFO  server.RaftServerConfigKeys (ConfUtils.java:logGet(46)) - raft.server.watch.timeout.denomination = 1s (default)
2023-06-07 07:10:57,969 [2912fda5-c0b1-4d9e-ac44-fd313bf4d5ec@group-0D1E8D6E61E7-LeaderElection5] INFO  server.RaftServerConfigKeys (ConfUtils.java:logGet(46)) - raft.server.watch.element-limit = 65536 (default)
2023-06-07 07:10:57,969 [2912fda5-c0b1-4d9e-ac44-fd313bf4d5ec@group-0D1E8D6E61E7-LeaderElection5] INFO  server.RaftServerConfigKeys (ConfUtils.java:logGet(46)) - raft.server.write.element-limit = 1024 (custom)
2023-06-07 07:10:57,969 [2912fda5-c0b1-4d9e-ac44-fd313bf4d5ec@group-0D1E8D6E61E7-LeaderElection5] INFO  server.RaftServerConfigKeys (ConfUtils.java:logGet(46)) - raft.server.write.follower.gap.ratio.max = -1.0 (default)
2023-06-07 07:10:57,970 [2912fda5-c0b1-4d9e-ac44-fd313bf4d5ec@group-0D1E8D6E61E7-LeaderElection5] INFO  impl.RoleInfo (RoleInfo.java:updateAndGet(139)) - 2912fda5-c0b1-4d9e-ac44-fd313bf4d5ec: start 2912fda5-c0b1-4d9e-ac44-fd313bf4d5ec@group-0D1E8D6E61E7-LeaderStateImpl
2023-06-07 07:10:57,970 [2912fda5-c0b1-4d9e-ac44-fd313bf4d5ec@group-0D1E8D6E61E7-LeaderElection5] INFO  segmented.SegmentedRaftLogWorker (SegmentedRaftLogWorker.java:startLogSegment(447)) - 2912fda5-c0b1-4d9e-ac44-fd313bf4d5ec@group-0D1E8D6E61E7-SegmentedRaftLogWorker: Starting segment from index:0
2023-06-07 07:10:57,972 [2912fda5-c0b1-4d9e-ac44-fd313bf4d5ec@group-0D1E8D6E61E7-SegmentedRaftLogWorker] INFO  segmented.SegmentedRaftLogWorker (SegmentedRaftLogWorker.java:execute(651)) - 2912fda5-c0b1-4d9e-ac44-fd313bf4d5ec@group-0D1E8D6E61E7-SegmentedRaftLogWorker: created new log segment /home/runner/work/ozone/ozone/hadoop-ozone/integration-test/target/test-dir/MiniOzoneClusterImpl-28223e3b-fb3b-4559-a623-43dba3cd33a0/datanode-2/data/ratis/b04cffd8-1b50-43a3-a094-0d1e8d6e61e7/current/log_inprogress_0
2023-06-07 07:10:57,983 [2912fda5-c0b1-4d9e-ac44-fd313bf4d5ec@group-0D1E8D6E61E7-LeaderElection5] INFO  server.RaftServer$Division (ServerState.java:setRaftConf(434)) - 2912fda5-c0b1-4d9e-ac44-fd313bf4d5ec@group-0D1E8D6E61E7: set configuration 0: peers:[2912fda5-c0b1-4d9e-ac44-fd313bf4d5ec|rpc:10.1.0.31:15032|admin:10.1.0.31:15031|client:10.1.0.31:15030|dataStream:10.1.0.31:15033|priority:1|startupRole:FOLLOWER]|listeners:[], old=null
2023-06-07 07:10:58,762 [c9e90f19-93bd-492a-840b-17fd0f306342@group-7964E24FC078-FollowerState] INFO  impl.FollowerState (FollowerState.java:run(143)) - c9e90f19-93bd-492a-840b-17fd0f306342@group-7964E24FC078-FollowerState: change to CANDIDATE, lastRpcElapsedTime:5202368196ns, electionTimeout:5198ms
2023-06-07 07:10:58,762 [c9e90f19-93bd-492a-840b-17fd0f306342@group-7964E24FC078-FollowerState] INFO  impl.RoleInfo (RoleInfo.java:shutdownFollowerState(110)) - c9e90f19-93bd-492a-840b-17fd0f306342: shutdown c9e90f19-93bd-492a-840b-17fd0f306342@group-7964E24FC078-FollowerState
2023-06-07 07:10:58,763 [c9e90f19-93bd-492a-840b-17fd0f306342@group-7964E24FC078-FollowerState] INFO  server.RaftServer$Division (RaftServerImpl.java:setRole(329)) - c9e90f19-93bd-492a-840b-17fd0f306342@group-7964E24FC078: changes role from  FOLLOWER to CANDIDATE at term 0 for changeToCandidate
2023-06-07 07:10:58,763 [c9e90f19-93bd-492a-840b-17fd0f306342@group-7964E24FC078-FollowerState] INFO  server.RaftServerConfigKeys (ConfUtils.java:logGet(46)) - raft.server.leaderelection.pre-vote = true (default)
2023-06-07 07:10:58,763 [c9e90f19-93bd-492a-840b-17fd0f306342@group-7964E24FC078-FollowerState] INFO  impl.RoleInfo (RoleInfo.java:updateAndGet(139)) - c9e90f19-93bd-492a-840b-17fd0f306342: start c9e90f19-93bd-492a-840b-17fd0f306342@group-7964E24FC078-LeaderElection6
2023-06-07 07:10:58,772 [1b66a908-7502-432b-9648-1ff1190a9abb@group-B292545453D3-FollowerState] INFO  impl.FollowerState (FollowerState.java:run(143)) - 1b66a908-7502-432b-9648-1ff1190a9abb@group-B292545453D3-FollowerState: change to CANDIDATE, lastRpcElapsedTime:5304029951ns, electionTimeout:5174ms
2023-06-07 07:10:58,772 [1b66a908-7502-432b-9648-1ff1190a9abb@group-B292545453D3-FollowerState] INFO  impl.RoleInfo (RoleInfo.java:shutdownFollowerState(110)) - 1b66a908-7502-432b-9648-1ff1190a9abb: shutdown 1b66a908-7502-432b-9648-1ff1190a9abb@group-B292545453D3-FollowerState
2023-06-07 07:10:58,772 [1b66a908-7502-432b-9648-1ff1190a9abb@group-B292545453D3-FollowerState] INFO  server.RaftServer$Division (RaftServerImpl.java:setRole(329)) - 1b66a908-7502-432b-9648-1ff1190a9abb@group-B292545453D3: changes role from  FOLLOWER to CANDIDATE at term 0 for changeToCandidate
2023-06-07 07:10:58,772 [1b66a908-7502-432b-9648-1ff1190a9abb@group-B292545453D3-FollowerState] INFO  server.RaftServerConfigKeys (ConfUtils.java:logGet(46)) - raft.server.leaderelection.pre-vote = true (default)
2023-06-07 07:10:58,772 [1b66a908-7502-432b-9648-1ff1190a9abb@group-B292545453D3-FollowerState] INFO  impl.RoleInfo (RoleInfo.java:updateAndGet(139)) - 1b66a908-7502-432b-9648-1ff1190a9abb: start 1b66a908-7502-432b-9648-1ff1190a9abb@group-B292545453D3-LeaderElection7
2023-06-07 07:10:58,788 [add60280-7665-46a7-8f97-112ab314f22d@group-CFA832B76C4A-FollowerState] INFO  impl.FollowerState (FollowerState.java:run(143)) - add60280-7665-46a7-8f97-112ab314f22d@group-CFA832B76C4A-FollowerState: change to CANDIDATE, lastRpcElapsedTime:5359689915ns, electionTimeout:5156ms
2023-06-07 07:10:58,788 [add60280-7665-46a7-8f97-112ab314f22d@group-CFA832B76C4A-FollowerState] INFO  impl.RoleInfo (RoleInfo.java:shutdownFollowerState(110)) - add60280-7665-46a7-8f97-112ab314f22d: shutdown add60280-7665-46a7-8f97-112ab314f22d@group-CFA832B76C4A-FollowerState
2023-06-07 07:10:58,788 [add60280-7665-46a7-8f97-112ab314f22d@group-CFA832B76C4A-FollowerState] INFO  server.RaftServer$Division (RaftServerImpl.java:setRole(329)) - add60280-7665-46a7-8f97-112ab314f22d@group-CFA832B76C4A: changes role from  FOLLOWER to CANDIDATE at term 0 for changeToCandidate
2023-06-07 07:10:58,788 [add60280-7665-46a7-8f97-112ab314f22d@group-CFA832B76C4A-FollowerState] INFO  server.RaftServerConfigKeys (ConfUtils.java:logGet(46)) - raft.server.leaderelection.pre-vote = true (default)
2023-06-07 07:10:58,788 [add60280-7665-46a7-8f97-112ab314f22d@group-CFA832B76C4A-FollowerState] INFO  impl.RoleInfo (RoleInfo.java:updateAndGet(139)) - add60280-7665-46a7-8f97-112ab314f22d: start add60280-7665-46a7-8f97-112ab314f22d@group-CFA832B76C4A-LeaderElection8
2023-06-07 07:10:58,800 [2912fda5-c0b1-4d9e-ac44-fd313bf4d5ec@group-CFA832B76C4A-FollowerState] INFO  impl.FollowerState (FollowerState.java:run(143)) - 2912fda5-c0b1-4d9e-ac44-fd313bf4d5ec@group-CFA832B76C4A-FollowerState: change to CANDIDATE, lastRpcElapsedTime:5394297223ns, electionTimeout:5133ms
2023-06-07 07:10:58,800 [2912fda5-c0b1-4d9e-ac44-fd313bf4d5ec@group-CFA832B76C4A-FollowerState] INFO  impl.RoleInfo (RoleInfo.java:shutdownFollowerState(110)) - 2912fda5-c0b1-4d9e-ac44-fd313bf4d5ec: shutdown 2912fda5-c0b1-4d9e-ac44-fd313bf4d5ec@group-CFA832B76C4A-FollowerState
2023-06-07 07:10:58,800 [2912fda5-c0b1-4d9e-ac44-fd313bf4d5ec@group-CFA832B76C4A-FollowerState] INFO  server.RaftServer$Division (RaftServerImpl.java:setRole(329)) - 2912fda5-c0b1-4d9e-ac44-fd313bf4d5ec@group-CFA832B76C4A: changes role from  FOLLOWER to CANDIDATE at term 0 for changeToCandidate
2023-06-07 07:10:58,800 [2912fda5-c0b1-4d9e-ac44-fd313bf4d5ec@group-CFA832B76C4A-FollowerState] INFO  server.RaftServerConfigKeys (ConfUtils.java:logGet(46)) - raft.server.leaderelection.pre-vote = true (default)
2023-06-07 07:10:58,800 [2912fda5-c0b1-4d9e-ac44-fd313bf4d5ec@group-CFA832B76C4A-FollowerState] INFO  impl.RoleInfo (RoleInfo.java:updateAndGet(139)) - 2912fda5-c0b1-4d9e-ac44-fd313bf4d5ec: start 2912fda5-c0b1-4d9e-ac44-fd313bf4d5ec@group-CFA832B76C4A-LeaderElection9
2023-06-07 07:10:58,802 [44d8f5b4-8dfc-4dc1-b3e0-dd93457af28b@group-CFA832B76C4A-FollowerState] INFO  impl.FollowerState (FollowerState.java:run(143)) - 44d8f5b4-8dfc-4dc1-b3e0-dd93457af28b@group-CFA832B76C4A-FollowerState: change to CANDIDATE, lastRpcElapsedTime:5413523462ns, electionTimeout:5119ms
2023-06-07 07:10:58,802 [44d8f5b4-8dfc-4dc1-b3e0-dd93457af28b@group-CFA832B76C4A-FollowerState] INFO  impl.RoleInfo (RoleInfo.java:shutdownFollowerState(110)) - 44d8f5b4-8dfc-4dc1-b3e0-dd93457af28b: shutdown 44d8f5b4-8dfc-4dc1-b3e0-dd93457af28b@group-CFA832B76C4A-FollowerState
2023-06-07 07:10:58,802 [44d8f5b4-8dfc-4dc1-b3e0-dd93457af28b@group-CFA832B76C4A-FollowerState] INFO  server.RaftServer$Division (RaftServerImpl.java:setRole(329)) - 44d8f5b4-8dfc-4dc1-b3e0-dd93457af28b@group-CFA832B76C4A: changes role from  FOLLOWER to CANDIDATE at term 0 for changeToCandidate
2023-06-07 07:10:58,802 [44d8f5b4-8dfc-4dc1-b3e0-dd93457af28b@group-CFA832B76C4A-FollowerState] INFO  server.RaftServerConfigKeys (ConfUtils.java:logGet(46)) - raft.server.leaderelection.pre-vote = true (default)
2023-06-07 07:10:58,802 [44d8f5b4-8dfc-4dc1-b3e0-dd93457af28b@group-CFA832B76C4A-FollowerState] INFO  impl.RoleInfo (RoleInfo.java:updateAndGet(139)) - 44d8f5b4-8dfc-4dc1-b3e0-dd93457af28b: start 44d8f5b4-8dfc-4dc1-b3e0-dd93457af28b@group-CFA832B76C4A-LeaderElection10
2023-06-07 07:10:58,821 [c9e90f19-93bd-492a-840b-17fd0f306342@group-B292545453D3-FollowerState] INFO  impl.FollowerState (FollowerState.java:run(143)) - c9e90f19-93bd-492a-840b-17fd0f306342@group-B292545453D3-FollowerState: change to CANDIDATE, lastRpcElapsedTime:5205100824ns, electionTimeout:5196ms
2023-06-07 07:10:58,822 [c9e90f19-93bd-492a-840b-17fd0f306342@group-B292545453D3-FollowerState] INFO  impl.RoleInfo (RoleInfo.java:shutdownFollowerState(110)) - c9e90f19-93bd-492a-840b-17fd0f306342: shutdown c9e90f19-93bd-492a-840b-17fd0f306342@group-B292545453D3-FollowerState
2023-06-07 07:10:58,822 [c9e90f19-93bd-492a-840b-17fd0f306342@group-B292545453D3-FollowerState] INFO  server.RaftServer$Division (RaftServerImpl.java:setRole(329)) - c9e90f19-93bd-492a-840b-17fd0f306342@group-B292545453D3: changes role from  FOLLOWER to CANDIDATE at term 0 for changeToCandidate
2023-06-07 07:10:58,822 [c9e90f19-93bd-492a-840b-17fd0f306342@group-B292545453D3-FollowerState] INFO  server.RaftServerConfigKeys (ConfUtils.java:logGet(46)) - raft.server.leaderelection.pre-vote = true (default)
2023-06-07 07:10:58,822 [c9e90f19-93bd-492a-840b-17fd0f306342@group-B292545453D3-FollowerState] INFO  impl.RoleInfo (RoleInfo.java:updateAndGet(139)) - c9e90f19-93bd-492a-840b-17fd0f306342: start c9e90f19-93bd-492a-840b-17fd0f306342@group-B292545453D3-LeaderElection11
2023-06-07 07:10:58,823 [4867cc16-78cf-4276-b1e1-ad4ddd1b82d4@group-1A902B538ACD-FollowerState] WARN  impl.FollowerState (FollowerState.java:run(130)) - Unexpected long sleep: sleep 5200ms but took extra 470249428ns (> threshold = 300ms)
2023-06-07 07:10:58,823 [4867cc16-78cf-4276-b1e1-ad4ddd1b82d4@group-1A902B538ACD-FollowerState] INFO  server.RaftServerConfigKeys (ConfUtils.java:logFallback(53)) - raft.server.rpc.first-election.timeout.min = 5s (fallback to raft.server.rpc.timeout.min)
2023-06-07 07:10:58,823 [4867cc16-78cf-4276-b1e1-ad4ddd1b82d4@group-1A902B538ACD-FollowerState] INFO  server.RaftServerConfigKeys (ConfUtils.java:logFallback(53)) - raft.server.rpc.first-election.timeout.max = 5200ms (fallback to raft.server.rpc.timeout.max)
2023-06-07 07:10:58,838 [4867cc16-78cf-4276-b1e1-ad4ddd1b82d4@group-B292545453D3-FollowerState] WARN  impl.FollowerState (FollowerState.java:run(130)) - Unexpected long sleep: sleep 5071ms but took extra 511907535ns (> threshold = 300ms)
2023-06-07 07:10:58,838 [4867cc16-78cf-4276-b1e1-ad4ddd1b82d4@group-B292545453D3-FollowerState] INFO  server.RaftServerConfigKeys (ConfUtils.java:logFallback(53)) - raft.server.rpc.first-election.timeout.min = 5s (fallback to raft.server.rpc.timeout.min)
2023-06-07 07:10:58,839 [4867cc16-78cf-4276-b1e1-ad4ddd1b82d4@group-B292545453D3-FollowerState] INFO  server.RaftServerConfigKeys (ConfUtils.java:logFallback(53)) - raft.server.rpc.first-election.timeout.max = 5200ms (fallback to raft.server.rpc.timeout.max)
2023-06-07 07:10:58,853 [JvmPauseMonitor1] WARN  util.JvmPauseMonitor (JvmPauseMonitor.java:detectPause(124)) - JvmPauseMonitor-om1: Detected pause in JVM or host machine approximately 0.557s with 0.479s GC time.
GC pool 'PS MarkSweep' had collection(s): count=1 time=337ms
GC pool 'PS Scavenge' had collection(s): count=1 time=142ms
2023-06-07 07:10:58,854 [JvmPauseMonitor12] WARN  util.JvmPauseMonitor (JvmPauseMonitor.java:detectPause(124)) - JvmPauseMonitor-b1b35183-3015-42af-b03c-e7d97dc9a7f6: Detected pause in JVM or host machine approximately 0.556s with 0.479s GC time.
GC pool 'PS MarkSweep' had collection(s): count=1 time=337ms
GC pool 'PS Scavenge' had collection(s): count=1 time=142ms
2023-06-07 07:10:58,858 [JvmPauseMonitor5] WARN  util.JvmPauseMonitor (JvmPauseMonitor.java:detectPause(124)) - JvmPauseMonitor-4867cc16-78cf-4276-b1e1-ad4ddd1b82d4: Detected pause in JVM or host machine approximately 0.562s with 0.479s GC time.
GC pool 'PS MarkSweep' had collection(s): count=1 time=337ms
GC pool 'PS Scavenge' had collection(s): count=1 time=142ms
2023-06-07 07:10:58,859 [JvmPauseMonitor14] WARN  util.JvmPauseMonitor (JvmPauseMonitor.java:detectPause(124)) - JvmPauseMonitor-193ce337-dffd-4cd7-9fc4-5b62e57d89f8: Detected pause in JVM or host machine approximately 0.562s with 0.479s GC time.
GC pool 'PS MarkSweep' had collection(s): count=1 time=337ms
GC pool 'PS Scavenge' had collection(s): count=1 time=142ms
2023-06-07 07:10:58,859 [JvmPauseMonitor8] WARN  util.JvmPauseMonitor (JvmPauseMonitor.java:detectPause(124)) - JvmPauseMonitor-8757bef3-5796-4279-bd7f-82165642237f: Detected pause in JVM or host machine approximately 0.562s with 0.479s GC time.
GC pool 'PS MarkSweep' had collection(s): count=1 time=337ms
GC pool 'PS Scavenge' had collection(s): count=1 time=142ms
2023-06-07 07:10:58,859 [JvmPauseMonitor13] WARN  util.JvmPauseMonitor (JvmPauseMonitor.java:detectPause(124)) - JvmPauseMonitor-cd92a3c4-ef96-4770-b512-b3fe4045cd4b: Detected pause in JVM or host machine approximately 0.563s with 0.479s GC time.
GC pool 'PS MarkSweep' had collection(s): count=1 time=337ms
GC pool 'PS Scavenge' had collection(s): count=1 time=142ms
2023-06-07 07:10:58,859 [JvmPauseMonitor0] WARN  util.JvmPauseMonitor (JvmPauseMonitor.java:detectPause(124)) - JvmPauseMonitor-8ceffbcb-4ba3-4901-aff0-f27fe6d3fad6: Detected pause in JVM or host machine approximately 0.565s with 0.479s GC time.
GC pool 'PS MarkSweep' had collection(s): count=1 time=337ms
GC pool 'PS Scavenge' had collection(s): count=1 time=142ms
2023-06-07 07:10:58,860 [JvmPauseMonitor10] WARN  util.JvmPauseMonitor (JvmPauseMonitor.java:detectPause(124)) - JvmPauseMonitor-20fd9795-0abc-4083-965d-6ba83b10546c: Detected pause in JVM or host machine approximately 0.565s with 0.479s GC time.
GC pool 'PS MarkSweep' had collection(s): count=1 time=337ms
GC pool 'PS Scavenge' had collection(s): count=1 time=142ms
2023-06-07 07:10:58,860 [JvmPauseMonitor2] WARN  util.JvmPauseMonitor (JvmPauseMonitor.java:detectPause(124)) - JvmPauseMonitor-add60280-7665-46a7-8f97-112ab314f22d: Detected pause in JVM or host machine approximately 0.566s with 0.479s GC time.
GC pool 'PS MarkSweep' had collection(s): count=1 time=337ms
GC pool 'PS Scavenge' had collection(s): count=1 time=142ms
2023-06-07 07:10:58,860 [JvmPauseMonitor4] WARN  util.JvmPauseMonitor (JvmPauseMonitor.java:detectPause(124)) - JvmPauseMonitor-2912fda5-c0b1-4d9e-ac44-fd313bf4d5ec: Detected pause in JVM or host machine approximately 0.566s with 0.479s GC time.
GC pool 'PS MarkSweep' had collection(s): count=1 time=337ms
GC pool 'PS Scavenge' had collection(s): count=1 time=142ms
2023-06-07 07:10:58,860 [JvmPauseMonitor11] WARN  util.JvmPauseMonitor (JvmPauseMonitor.java:detectPause(124)) - JvmPauseMonitor-53afdcff-9740-4d1d-9155-3eea53ceb243: Detected pause in JVM or host machine approximately 0.566s with 0.479s GC time.
GC pool 'PS MarkSweep' had collection(s): count=1 time=337ms
GC pool 'PS Scavenge' had collection(s): count=1 time=142ms
2023-06-07 07:10:58,860 [JvmPauseMonitor7] WARN  util.JvmPauseMonitor (JvmPauseMonitor.java:detectPause(124)) - JvmPauseMonitor-1b66a908-7502-432b-9648-1ff1190a9abb: Detected pause in JVM or host machine approximately 0.567s with 0.479s GC time.
GC pool 'PS MarkSweep' had collection(s): count=1 time=337ms
GC pool 'PS Scavenge' had collection(s): count=1 time=142ms
2023-06-07 07:10:58,860 [JvmPauseMonitor3] WARN  util.JvmPauseMonitor (JvmPauseMonitor.java:detectPause(124)) - JvmPauseMonitor-44d8f5b4-8dfc-4dc1-b3e0-dd93457af28b: Detected pause in JVM or host machine approximately 0.567s with 0.479s GC time.
GC pool 'PS MarkSweep' had collection(s): count=1 time=337ms
GC pool 'PS Scavenge' had collection(s): count=1 time=142ms
2023-06-07 07:10:58,861 [JvmPauseMonitor9] WARN  util.JvmPauseMonitor (JvmPauseMonitor.java:detectPause(124)) - JvmPauseMonitor-1c3f76c4-a361-44c3-a437-710dc7a71a87: Detected pause in JVM or host machine approximately 0.567s with 0.479s GC time.
GC pool 'PS MarkSweep' had collection(s): count=1 time=337ms
GC pool 'PS Scavenge' had collection(s): count=1 time=142ms
2023-06-07 07:10:58,861 [JvmPauseMonitor15] WARN  util.JvmPauseMonitor (JvmPauseMonitor.java:detectPause(124)) - JvmPauseMonitor-2a2b2d62-8637-433f-be3f-60f9dc9f206f: Detected pause in JVM or host machine approximately 0.567s with 0.479s GC time.
GC pool 'PS MarkSweep' had collection(s): count=1 time=337ms
GC pool 'PS Scavenge' had collection(s): count=1 time=142ms
2023-06-07 07:10:58,876 [JvmPauseMonitor6] WARN  util.JvmPauseMonitor (JvmPauseMonitor.java:detectPause(124)) - JvmPauseMonitor-c9e90f19-93bd-492a-840b-17fd0f306342: Detected pause in JVM or host machine approximately 0.595s with 0.479s GC time.
GC pool 'PS MarkSweep' had collection(s): count=1 time=337ms
GC pool 'PS Scavenge' had collection(s): count=1 time=142ms
2023-06-07 07:10:58,881 [c9e90f19-93bd-492a-840b-17fd0f306342@group-7964E24FC078-LeaderElection6] INFO  impl.LeaderElection (LeaderElection.java:askForVotes(321)) - c9e90f19-93bd-492a-840b-17fd0f306342@group-7964E24FC078-LeaderElection6 PRE_VOTE round 0: submit vote requests at term 0 for -1: peers:[c9e90f19-93bd-492a-840b-17fd0f306342|rpc:10.1.0.31:15050|admin:10.1.0.31:15049|client:10.1.0.31:15048|dataStream:10.1.0.31:15051|priority:1|startupRole:FOLLOWER]|listeners:[], old=null
2023-06-07 07:10:58,881 [c9e90f19-93bd-492a-840b-17fd0f306342@group-7964E24FC078-LeaderElection6] INFO  impl.LeaderElection (LeaderElection.java:askForVotes(323)) - c9e90f19-93bd-492a-840b-17fd0f306342@group-7964E24FC078-LeaderElection6 PRE_VOTE round 0: result PASSED (term=0)
2023-06-07 07:10:58,881 [1b66a908-7502-432b-9648-1ff1190a9abb@group-B292545453D3-LeaderElection7] INFO  impl.LeaderElection (LeaderElection.java:askForVotes(321)) - 1b66a908-7502-432b-9648-1ff1190a9abb@group-B292545453D3-LeaderElection7 PRE_VOTE round 0: submit vote requests at term 0 for -1: peers:[1b66a908-7502-432b-9648-1ff1190a9abb|rpc:10.1.0.31:15059|admin:10.1.0.31:15058|client:10.1.0.31:15057|dataStream:10.1.0.31:15060|priority:0|startupRole:FOLLOWER, c9e90f19-93bd-492a-840b-17fd0f306342|rpc:10.1.0.31:15050|admin:10.1.0.31:15049|client:10.1.0.31:15048|dataStream:10.1.0.31:15051|priority:1|startupRole:FOLLOWER, 4867cc16-78cf-4276-b1e1-ad4ddd1b82d4|rpc:10.1.0.31:15041|admin:10.1.0.31:15040|client:10.1.0.31:15039|dataStream:10.1.0.31:15042|priority:0|startupRole:FOLLOWER]|listeners:[], old=null
2023-06-07 07:10:58,882 [add60280-7665-46a7-8f97-112ab314f22d@group-CFA832B76C4A-LeaderElection8] INFO  impl.LeaderElection (LeaderElection.java:askForVotes(321)) - add60280-7665-46a7-8f97-112ab314f22d@group-CFA832B76C4A-LeaderElection8 PRE_VOTE round 0: submit vote requests at term 0 for -1: peers:[add60280-7665-46a7-8f97-112ab314f22d|rpc:10.1.0.31:15014|admin:10.1.0.31:15013|client:10.1.0.31:15012|dataStream:10.1.0.31:15015|priority:0|startupRole:FOLLOWER, 44d8f5b4-8dfc-4dc1-b3e0-dd93457af28b|rpc:10.1.0.31:15023|admin:10.1.0.31:15022|client:10.1.0.31:15021|dataStream:10.1.0.31:15024|priority:1|startupRole:FOLLOWER, 2912fda5-c0b1-4d9e-ac44-fd313bf4d5ec|rpc:10.1.0.31:15032|admin:10.1.0.31:15031|client:10.1.0.31:15030|dataStream:10.1.0.31:15033|priority:0|startupRole:FOLLOWER]|listeners:[], old=null
2023-06-07 07:10:58,885 [1b66a908-7502-432b-9648-1ff1190a9abb@group-B292545453D3-LeaderElection7-1] INFO  server.GrpcServerProtocolClient (GrpcServerProtocolClient.java:<init>(65)) - Build channel for c9e90f19-93bd-492a-840b-17fd0f306342
2023-06-07 07:10:58,885 [c9e90f19-93bd-492a-840b-17fd0f306342@group-7964E24FC078-LeaderElection6] INFO  impl.LeaderElection (LeaderElection.java:askForVotes(321)) - c9e90f19-93bd-492a-840b-17fd0f306342@group-7964E24FC078-LeaderElection6 ELECTION round 0: submit vote requests at term 1 for -1: peers:[c9e90f19-93bd-492a-840b-17fd0f306342|rpc:10.1.0.31:15050|admin:10.1.0.31:15049|client:10.1.0.31:15048|dataStream:10.1.0.31:15051|priority:1|startupRole:FOLLOWER]|listeners:[], old=null
2023-06-07 07:10:58,886 [c9e90f19-93bd-492a-840b-17fd0f306342@group-7964E24FC078-LeaderElection6] INFO  impl.LeaderElection (LeaderElection.java:askForVotes(323)) - c9e90f19-93bd-492a-840b-17fd0f306342@group-7964E24FC078-LeaderElection6 ELECTION round 0: result PASSED (term=1)
2023-06-07 07:10:58,886 [c9e90f19-93bd-492a-840b-17fd0f306342@group-7964E24FC078-LeaderElection6] INFO  impl.RoleInfo (RoleInfo.java:shutdownLeaderElection(130)) - c9e90f19-93bd-492a-840b-17fd0f306342: shutdown c9e90f19-93bd-492a-840b-17fd0f306342@group-7964E24FC078-LeaderElection6
2023-06-07 07:10:58,886 [c9e90f19-93bd-492a-840b-17fd0f306342@group-7964E24FC078-LeaderElection6] INFO  server.RaftServer$Division (RaftServerImpl.java:setRole(329)) - c9e90f19-93bd-492a-840b-17fd0f306342@group-7964E24FC078: changes role from CANDIDATE to LEADER at term 1 for changeToLeader
2023-06-07 07:10:58,886 [c9e90f19-93bd-492a-840b-17fd0f306342@group-7964E24FC078-LeaderElection6] INFO  ratis.XceiverServerRatis (XceiverServerRatis.java:handleLeaderChangedNotification(902)) - Leader change notification received for group: group-7964E24FC078 with new leaderId: c9e90f19-93bd-492a-840b-17fd0f306342
2023-06-07 07:10:58,886 [44d8f5b4-8dfc-4dc1-b3e0-dd93457af28b@group-CFA832B76C4A-LeaderElection10] INFO  impl.LeaderElection (LeaderElection.java:askForVotes(321)) - 44d8f5b4-8dfc-4dc1-b3e0-dd93457af28b@group-CFA832B76C4A-LeaderElection10 PRE_VOTE round 0: submit vote requests at term 0 for -1: peers:[add60280-7665-46a7-8f97-112ab314f22d|rpc:10.1.0.31:15014|admin:10.1.0.31:15013|client:10.1.0.31:15012|dataStream:10.1.0.31:15015|priority:0|startupRole:FOLLOWER, 44d8f5b4-8dfc-4dc1-b3e0-dd93457af28b|rpc:10.1.0.31:15023|admin:10.1.0.31:15022|client:10.1.0.31:15021|dataStream:10.1.0.31:15024|priority:1|startupRole:FOLLOWER, 2912fda5-c0b1-4d9e-ac44-fd313bf4d5ec|rpc:10.1.0.31:15032|admin:10.1.0.31:15031|client:10.1.0.31:15030|dataStream:10.1.0.31:15033|priority:0|startupRole:FOLLOWER]|listeners:[], old=null
2023-06-07 07:10:58,894 [1b66a908-7502-432b-9648-1ff1190a9abb@group-B292545453D3-LeaderElection7] INFO  server.RaftServerConfigKeys (ConfUtils.java:logFallback(53)) - raft.server.rpc.first-election.timeout.min = 5s (fallback to raft.server.rpc.timeout.min)
2023-06-07 07:10:58,894 [1b66a908-7502-432b-9648-1ff1190a9abb@group-B292545453D3-LeaderElection7] INFO  server.RaftServerConfigKeys (ConfUtils.java:logFallback(53)) - raft.server.rpc.first-election.timeout.max = 5200ms (fallback to raft.server.rpc.timeout.max)
2023-06-07 07:10:58,904 [add60280-7665-46a7-8f97-112ab314f22d@group-CFA832B76C4A-LeaderElection8] INFO  server.RaftServerConfigKeys (ConfUtils.java:logFallback(53)) - raft.server.rpc.first-election.timeout.min = 5s (fallback to raft.server.rpc.timeout.min)
2023-06-07 07:10:58,904 [add60280-7665-46a7-8f97-112ab314f22d@group-CFA832B76C4A-LeaderElection8] INFO  server.RaftServerConfigKeys (ConfUtils.java:logFallback(53)) - raft.server.rpc.first-election.timeout.max = 5200ms (fallback to raft.server.rpc.timeout.max)
2023-06-07 07:10:58,907 [1b66a908-7502-432b-9648-1ff1190a9abb@group-B292545453D3-LeaderElection7-2] INFO  server.GrpcServerProtocolClient (GrpcServerProtocolClient.java:<init>(65)) - Build channel for 4867cc16-78cf-4276-b1e1-ad4ddd1b82d4
2023-06-07 07:10:58,914 [c9e90f19-93bd-492a-840b-17fd0f306342@group-B292545453D3-LeaderElection11] INFO  impl.LeaderElection (LeaderElection.java:askForVotes(321)) - c9e90f19-93bd-492a-840b-17fd0f306342@group-B292545453D3-LeaderElection11 PRE_VOTE round 0: submit vote requests at term 0 for -1: peers:[1b66a908-7502-432b-9648-1ff1190a9abb|rpc:10.1.0.31:15059|admin:10.1.0.31:15058|client:10.1.0.31:15057|dataStream:10.1.0.31:15060|priority:0|startupRole:FOLLOWER, c9e90f19-93bd-492a-840b-17fd0f306342|rpc:10.1.0.31:15050|admin:10.1.0.31:15049|client:10.1.0.31:15048|dataStream:10.1.0.31:15051|priority:1|startupRole:FOLLOWER, 4867cc16-78cf-4276-b1e1-ad4ddd1b82d4|rpc:10.1.0.31:15041|admin:10.1.0.31:15040|client:10.1.0.31:15039|dataStream:10.1.0.31:15042|priority:0|startupRole:FOLLOWER]|listeners:[], old=null
2023-06-07 07:10:58,915 [44d8f5b4-8dfc-4dc1-b3e0-dd93457af28b@group-CFA832B76C4A-LeaderElection10-1] INFO  server.GrpcServerProtocolClient (GrpcServerProtocolClient.java:<init>(65)) - Build channel for add60280-7665-46a7-8f97-112ab314f22d
2023-06-07 07:10:58,915 [2912fda5-c0b1-4d9e-ac44-fd313bf4d5ec@group-CFA832B76C4A-LeaderElection9] INFO  impl.LeaderElection (LeaderElection.java:askForVotes(321)) - 2912fda5-c0b1-4d9e-ac44-fd313bf4d5ec@group-CFA832B76C4A-LeaderElection9 PRE_VOTE round 0: submit vote requests at term 0 for -1: peers:[add60280-7665-46a7-8f97-112ab314f22d|rpc:10.1.0.31:15014|admin:10.1.0.31:15013|client:10.1.0.31:15012|dataStream:10.1.0.31:15015|priority:0|startupRole:FOLLOWER, 44d8f5b4-8dfc-4dc1-b3e0-dd93457af28b|rpc:10.1.0.31:15023|admin:10.1.0.31:15022|client:10.1.0.31:15021|dataStream:10.1.0.31:15024|priority:1|startupRole:FOLLOWER, 2912fda5-c0b1-4d9e-ac44-fd313bf4d5ec|rpc:10.1.0.31:15032|admin:10.1.0.31:15031|client:10.1.0.31:15030|dataStream:10.1.0.31:15033|priority:0|startupRole:FOLLOWER]|listeners:[], old=null
2023-06-07 07:10:58,927 [grpc-default-executor-1] INFO  server.RaftServer$Division (RaftServerImpl.java:requestVote(1302)) - c9e90f19-93bd-492a-840b-17fd0f306342@group-B292545453D3: receive requestVote(PRE_VOTE, 1b66a908-7502-432b-9648-1ff1190a9abb, group-B292545453D3, 0, (t:0, i:0))
2023-06-07 07:10:58,928 [grpc-default-executor-1] INFO  impl.VoteContext (VoteContext.java:log(49)) - c9e90f19-93bd-492a-840b-17fd0f306342@group-B292545453D3-CANDIDATE: reject PRE_VOTE from 1b66a908-7502-432b-9648-1ff1190a9abb: our priority 1 > candidate's priority 0
2023-06-07 07:10:58,928 [grpc-default-executor-1] INFO  server.RaftServer$Division (RaftServerImpl.java:requestVote(1335)) - c9e90f19-93bd-492a-840b-17fd0f306342@group-B292545453D3 replies to PRE_VOTE vote request: 1b66a908-7502-432b-9648-1ff1190a9abb<-c9e90f19-93bd-492a-840b-17fd0f306342#0:FAIL-t0. Peer's state: c9e90f19-93bd-492a-840b-17fd0f306342@group-B292545453D3:t0, leader=null, voted=, raftlog=Memoized:c9e90f19-93bd-492a-840b-17fd0f306342@group-B292545453D3-SegmentedRaftLog:OPENED:c-1, conf=-1: peers:[1b66a908-7502-432b-9648-1ff1190a9abb|rpc:10.1.0.31:15059|admin:10.1.0.31:15058|client:10.1.0.31:15057|dataStream:10.1.0.31:15060|priority:0|startupRole:FOLLOWER, c9e90f19-93bd-492a-840b-17fd0f306342|rpc:10.1.0.31:15050|admin:10.1.0.31:15049|client:10.1.0.31:15048|dataStream:10.1.0.31:15051|priority:1|startupRole:FOLLOWER, 4867cc16-78cf-4276-b1e1-ad4ddd1b82d4|rpc:10.1.0.31:15041|admin:10.1.0.31:15040|client:10.1.0.31:15039|dataStream:10.1.0.31:15042|priority:0|startupRole:FOLLOWER]|listeners:[], old=null
2023-06-07 07:10:58,931 [grpc-default-executor-1] INFO  server.RaftServer$Division (RaftServerImpl.java:requestVote(1302)) - 4867cc16-78cf-4276-b1e1-ad4ddd1b82d4@group-B292545453D3: receive requestVote(PRE_VOTE, 1b66a908-7502-432b-9648-1ff1190a9abb, group-B292545453D3, 0, (t:0, i:0))
2023-06-07 07:10:58,932 [grpc-default-executor-1] INFO  impl.VoteContext (VoteContext.java:log(49)) - 4867cc16-78cf-4276-b1e1-ad4ddd1b82d4@group-B292545453D3-FOLLOWER: accept PRE_VOTE from 1b66a908-7502-432b-9648-1ff1190a9abb: our priority 0 <= candidate's priority 0
2023-06-07 07:10:58,932 [grpc-default-executor-1] INFO  server.RaftServer$Division (RaftServerImpl.java:requestVote(1335)) - 4867cc16-78cf-4276-b1e1-ad4ddd1b82d4@group-B292545453D3 replies to PRE_VOTE vote request: 1b66a908-7502-432b-9648-1ff1190a9abb<-4867cc16-78cf-4276-b1e1-ad4ddd1b82d4#0:OK-t0. Peer's state: 4867cc16-78cf-4276-b1e1-ad4ddd1b82d4@group-B292545453D3:t0, leader=null, voted=, raftlog=Memoized:4867cc16-78cf-4276-b1e1-ad4ddd1b82d4@group-B292545453D3-SegmentedRaftLog:OPENED:c-1, conf=-1: peers:[1b66a908-7502-432b-9648-1ff1190a9abb|rpc:10.1.0.31:15059|admin:10.1.0.31:15058|client:10.1.0.31:15057|dataStream:10.1.0.31:15060|priority:0|startupRole:FOLLOWER, c9e90f19-93bd-492a-840b-17fd0f306342|rpc:10.1.0.31:15050|admin:10.1.0.31:15049|client:10.1.0.31:15048|dataStream:10.1.0.31:15051|priority:1|startupRole:FOLLOWER, 4867cc16-78cf-4276-b1e1-ad4ddd1b82d4|rpc:10.1.0.31:15041|admin:10.1.0.31:15040|client:10.1.0.31:15039|dataStream:10.1.0.31:15042|priority:0|startupRole:FOLLOWER]|listeners:[], old=null
2023-06-07 07:10:58,934 [c9e90f19-93bd-492a-840b-17fd0f306342@group-7964E24FC078-LeaderElection6] INFO  server.RaftServer$Division (ServerState.java:setLeader(317)) - c9e90f19-93bd-492a-840b-17fd0f306342@group-7964E24FC078: change Leader from null to c9e90f19-93bd-492a-840b-17fd0f306342 at term 1 for becomeLeader, leader elected after 5381ms
2023-06-07 07:10:58,934 [c9e90f19-93bd-492a-840b-17fd0f306342@group-7964E24FC078-LeaderElection6] INFO  server.RaftServerConfigKeys (ConfUtils.java:logGet(46)) - raft.server.staging.catchup.gap = 1000 (default)
2023-06-07 07:10:58,934 [44d8f5b4-8dfc-4dc1-b3e0-dd93457af28b@group-CFA832B76C4A-LeaderElection10] INFO  server.RaftServerConfigKeys (ConfUtils.java:logFallback(53)) - raft.server.rpc.first-election.timeout.min = 5s (fallback to raft.server.rpc.timeout.min)
2023-06-07 07:10:58,934 [44d8f5b4-8dfc-4dc1-b3e0-dd93457af28b@group-CFA832B76C4A-LeaderElection10] INFO  server.RaftServerConfigKeys (ConfUtils.java:logFallback(53)) - raft.server.rpc.first-election.timeout.max = 5200ms (fallback to raft.server.rpc.timeout.max)
2023-06-07 07:10:58,934 [c9e90f19-93bd-492a-840b-17fd0f306342@group-7964E24FC078-LeaderElection6] INFO  server.RaftServerConfigKeys (ConfUtils.java:logGet(46)) - raft.server.write.element-limit = 1024 (custom)
2023-06-07 07:10:58,934 [c9e90f19-93bd-492a-840b-17fd0f306342@group-7964E24FC078-LeaderElection6] INFO  server.RaftServerConfigKeys (ConfUtils.java:logGet(46)) - raft.server.write.byte-limit = 1024 M (=1073741824) (custom)
2023-06-07 07:10:58,934 [44d8f5b4-8dfc-4dc1-b3e0-dd93457af28b@group-CFA832B76C4A-LeaderElection10-2] INFO  server.GrpcServerProtocolClient (GrpcServerProtocolClient.java:<init>(65)) - Build channel for 2912fda5-c0b1-4d9e-ac44-fd313bf4d5ec
2023-06-07 07:10:58,934 [c9e90f19-93bd-492a-840b-17fd0f306342@group-7964E24FC078-LeaderElection6] INFO  server.RaftServerConfigKeys (ConfUtils.java:logGet(46)) - raft.server.watch.timeout = 180s (custom)
2023-06-07 07:10:58,934 [c9e90f19-93bd-492a-840b-17fd0f306342@group-7964E24FC078-LeaderElection6] INFO  server.RaftServerConfigKeys (ConfUtils.java:logGet(46)) - raft.server.watch.timeout.denomination = 1s (default)
2023-06-07 07:10:58,935 [c9e90f19-93bd-492a-840b-17fd0f306342@group-7964E24FC078-LeaderElection6] INFO  server.RaftServerConfigKeys (ConfUtils.java:logGet(46)) - raft.server.watch.element-limit = 65536 (default)
2023-06-07 07:10:58,935 [c9e90f19-93bd-492a-840b-17fd0f306342@group-7964E24FC078-LeaderElection6] INFO  server.RaftServerConfigKeys (ConfUtils.java:logGet(46)) - raft.server.write.element-limit = 1024 (custom)
2023-06-07 07:10:58,935 [c9e90f19-93bd-492a-840b-17fd0f306342@group-7964E24FC078-LeaderElection6] INFO  server.RaftServerConfigKeys (ConfUtils.java:logGet(46)) - raft.server.write.follower.gap.ratio.max = -1.0 (default)
2023-06-07 07:10:58,935 [c9e90f19-93bd-492a-840b-17fd0f306342@group-7964E24FC078-LeaderElection6] INFO  impl.RoleInfo (RoleInfo.java:updateAndGet(139)) - c9e90f19-93bd-492a-840b-17fd0f306342: start c9e90f19-93bd-492a-840b-17fd0f306342@group-7964E24FC078-LeaderStateImpl
2023-06-07 07:10:58,935 [c9e90f19-93bd-492a-840b-17fd0f306342@group-7964E24FC078-LeaderElection6] INFO  segmented.SegmentedRaftLogWorker (SegmentedRaftLogWorker.java:startLogSegment(447)) - c9e90f19-93bd-492a-840b-17fd0f306342@group-7964E24FC078-SegmentedRaftLogWorker: Starting segment from index:0
2023-06-07 07:10:58,938 [c9e90f19-93bd-492a-840b-17fd0f306342@group-7964E24FC078-SegmentedRaftLogWorker] INFO  segmented.SegmentedRaftLogWorker (SegmentedRaftLogWorker.java:execute(651)) - c9e90f19-93bd-492a-840b-17fd0f306342@group-7964E24FC078-SegmentedRaftLogWorker: created new log segment /home/runner/work/ozone/ozone/hadoop-ozone/integration-test/target/test-dir/MiniOzoneClusterImpl-28223e3b-fb3b-4559-a623-43dba3cd33a0/datanode-4/data/ratis/f13ef35a-47e8-4f6a-8a47-7964e24fc078/current/log_inprogress_0
2023-06-07 07:10:58,944 [grpc-default-executor-1] INFO  server.RaftServer$Division (RaftServerImpl.java:requestVote(1302)) - 44d8f5b4-8dfc-4dc1-b3e0-dd93457af28b@group-CFA832B76C4A: receive requestVote(PRE_VOTE, add60280-7665-46a7-8f97-112ab314f22d, group-CFA832B76C4A, 0, (t:0, i:0))
2023-06-07 07:10:58,945 [grpc-default-executor-1] INFO  impl.VoteContext (VoteContext.java:log(49)) - 44d8f5b4-8dfc-4dc1-b3e0-dd93457af28b@group-CFA832B76C4A-CANDIDATE: reject PRE_VOTE from add60280-7665-46a7-8f97-112ab314f22d: our priority 1 > candidate's priority 0
2023-06-07 07:10:58,945 [grpc-default-executor-1] INFO  server.RaftServer$Division (RaftServerImpl.java:requestVote(1335)) - 44d8f5b4-8dfc-4dc1-b3e0-dd93457af28b@group-CFA832B76C4A replies to PRE_VOTE vote request: add60280-7665-46a7-8f97-112ab314f22d<-44d8f5b4-8dfc-4dc1-b3e0-dd93457af28b#0:FAIL-t0. Peer's state: 44d8f5b4-8dfc-4dc1-b3e0-dd93457af28b@group-CFA832B76C4A:t0, leader=null, voted=, raftlog=Memoized:44d8f5b4-8dfc-4dc1-b3e0-dd93457af28b@group-CFA832B76C4A-SegmentedRaftLog:OPENED:c-1, conf=-1: peers:[add60280-7665-46a7-8f97-112ab314f22d|rpc:10.1.0.31:15014|admin:10.1.0.31:15013|client:10.1.0.31:15012|dataStream:10.1.0.31:15015|priority:0|startupRole:FOLLOWER, 44d8f5b4-8dfc-4dc1-b3e0-dd93457af28b|rpc:10.1.0.31:15023|admin:10.1.0.31:15022|client:10.1.0.31:15021|dataStream:10.1.0.31:15024|priority:1|startupRole:FOLLOWER, 2912fda5-c0b1-4d9e-ac44-fd313bf4d5ec|rpc:10.1.0.31:15032|admin:10.1.0.31:15031|client:10.1.0.31:15030|dataStream:10.1.0.31:15033|priority:0|startupRole:FOLLOWER]|listeners:[], old=null
2023-06-07 07:10:58,960 [1b66a908-7502-432b-9648-1ff1190a9abb@group-B292545453D3-LeaderElection7] INFO  impl.LeaderElection (LeaderElection.java:logAndReturn(90)) - 1b66a908-7502-432b-9648-1ff1190a9abb@group-B292545453D3-LeaderElection7: PRE_VOTE REJECTED received 1 response(s) and 0 exception(s):
2023-06-07 07:10:58,960 [1b66a908-7502-432b-9648-1ff1190a9abb@group-B292545453D3-LeaderElection7] INFO  impl.LeaderElection (LeaderElection.java:logAndReturn(94)) -   Response 0: 1b66a908-7502-432b-9648-1ff1190a9abb<-c9e90f19-93bd-492a-840b-17fd0f306342#0:FAIL-t0
2023-06-07 07:10:58,960 [1b66a908-7502-432b-9648-1ff1190a9abb@group-B292545453D3-LeaderElection7] INFO  impl.LeaderElection (LeaderElection.java:askForVotes(323)) - 1b66a908-7502-432b-9648-1ff1190a9abb@group-B292545453D3-LeaderElection7 PRE_VOTE round 0: result REJECTED
2023-06-07 07:10:58,960 [1b66a908-7502-432b-9648-1ff1190a9abb@group-B292545453D3-LeaderElection7] INFO  server.RaftServer$Division (RaftServerImpl.java:setRole(329)) - 1b66a908-7502-432b-9648-1ff1190a9abb@group-B292545453D3: changes role from CANDIDATE to FOLLOWER at term 0 for REJECTED
2023-06-07 07:10:58,960 [1b66a908-7502-432b-9648-1ff1190a9abb@group-B292545453D3-LeaderElection7] INFO  impl.RoleInfo (RoleInfo.java:shutdownLeaderElection(130)) - 1b66a908-7502-432b-9648-1ff1190a9abb: shutdown 1b66a908-7502-432b-9648-1ff1190a9abb@group-B292545453D3-LeaderElection7
2023-06-07 07:10:58,960 [1b66a908-7502-432b-9648-1ff1190a9abb@group-B292545453D3-LeaderElection7] INFO  impl.RoleInfo (RoleInfo.java:updateAndGet(139)) - 1b66a908-7502-432b-9648-1ff1190a9abb: start 1b66a908-7502-432b-9648-1ff1190a9abb@group-B292545453D3-FollowerState
2023-06-07 07:10:58,975 [2912fda5-c0b1-4d9e-ac44-fd313bf4d5ec@group-CFA832B76C4A-LeaderElection9] INFO  server.RaftServerConfigKeys (ConfUtils.java:logFallback(53)) - raft.server.rpc.first-election.timeout.min = 5s (fallback to raft.server.rpc.timeout.min)
2023-06-07 07:10:58,975 [2912fda5-c0b1-4d9e-ac44-fd313bf4d5ec@group-CFA832B76C4A-LeaderElection9] INFO  server.RaftServerConfigKeys (ConfUtils.java:logFallback(53)) - raft.server.rpc.first-election.timeout.max = 5200ms (fallback to raft.server.rpc.timeout.max)
2023-06-07 07:10:58,975 [2912fda5-c0b1-4d9e-ac44-fd313bf4d5ec@group-CFA832B76C4A-LeaderElection9-1] INFO  server.GrpcServerProtocolClient (GrpcServerProtocolClient.java:<init>(65)) - Build channel for add60280-7665-46a7-8f97-112ab314f22d
2023-06-07 07:10:58,975 [c9e90f19-93bd-492a-840b-17fd0f306342@group-7964E24FC078-LeaderElection6] INFO  server.RaftServer$Division (ServerState.java:setRaftConf(434)) - c9e90f19-93bd-492a-840b-17fd0f306342@group-7964E24FC078: set configuration 0: peers:[c9e90f19-93bd-492a-840b-17fd0f306342|rpc:10.1.0.31:15050|admin:10.1.0.31:15049|client:10.1.0.31:15048|dataStream:10.1.0.31:15051|priority:1|startupRole:FOLLOWER]|listeners:[], old=null
2023-06-07 07:10:58,985 [add60280-7665-46a7-8f97-112ab314f22d@group-CFA832B76C4A-LeaderElection8] INFO  impl.LeaderElection (LeaderElection.java:logAndReturn(90)) - add60280-7665-46a7-8f97-112ab314f22d@group-CFA832B76C4A-LeaderElection8: PRE_VOTE REJECTED received 1 response(s) and 0 exception(s):
2023-06-07 07:10:58,985 [add60280-7665-46a7-8f97-112ab314f22d@group-CFA832B76C4A-LeaderElection8] INFO  impl.LeaderElection (LeaderElection.java:logAndReturn(94)) -   Response 0: add60280-7665-46a7-8f97-112ab314f22d<-44d8f5b4-8dfc-4dc1-b3e0-dd93457af28b#0:FAIL-t0
2023-06-07 07:10:58,985 [add60280-7665-46a7-8f97-112ab314f22d@group-CFA832B76C4A-LeaderElection8] INFO  impl.LeaderElection (LeaderElection.java:askForVotes(323)) - add60280-7665-46a7-8f97-112ab314f22d@group-CFA832B76C4A-LeaderElection8 PRE_VOTE round 0: result REJECTED
2023-06-07 07:10:58,985 [add60280-7665-46a7-8f97-112ab314f22d@group-CFA832B76C4A-LeaderElection8] INFO  server.RaftServer$Division (RaftServerImpl.java:setRole(329)) - add60280-7665-46a7-8f97-112ab314f22d@group-CFA832B76C4A: changes role from CANDIDATE to FOLLOWER at term 0 for REJECTED
2023-06-07 07:10:58,985 [add60280-7665-46a7-8f97-112ab314f22d@group-CFA832B76C4A-LeaderElection8] INFO  impl.RoleInfo (RoleInfo.java:shutdownLeaderElection(130)) - add60280-7665-46a7-8f97-112ab314f22d: shutdown add60280-7665-46a7-8f97-112ab314f22d@group-CFA832B76C4A-LeaderElection8
2023-06-07 07:10:58,985 [add60280-7665-46a7-8f97-112ab314f22d@group-CFA832B76C4A-LeaderElection8] INFO  impl.RoleInfo (RoleInfo.java:updateAndGet(139)) - add60280-7665-46a7-8f97-112ab314f22d: start add60280-7665-46a7-8f97-112ab314f22d@group-CFA832B76C4A-FollowerState
2023-06-07 07:10:58,990 [grpc-default-executor-4] INFO  server.RaftServer$Division (RaftServerImpl.java:requestVote(1302)) - 2912fda5-c0b1-4d9e-ac44-fd313bf4d5ec@group-CFA832B76C4A: receive requestVote(PRE_VOTE, add60280-7665-46a7-8f97-112ab314f22d, group-CFA832B76C4A, 0, (t:0, i:0))
2023-06-07 07:10:58,991 [grpc-default-executor-4] INFO  impl.VoteContext (VoteContext.java:log(49)) - 2912fda5-c0b1-4d9e-ac44-fd313bf4d5ec@group-CFA832B76C4A-CANDIDATE: accept PRE_VOTE from add60280-7665-46a7-8f97-112ab314f22d: our priority 0 <= candidate's priority 0
2023-06-07 07:10:58,991 [grpc-default-executor-4] INFO  server.RaftServer$Division (RaftServerImpl.java:requestVote(1335)) - 2912fda5-c0b1-4d9e-ac44-fd313bf4d5ec@group-CFA832B76C4A replies to PRE_VOTE vote request: add60280-7665-46a7-8f97-112ab314f22d<-2912fda5-c0b1-4d9e-ac44-fd313bf4d5ec#0:OK-t0. Peer's state: 2912fda5-c0b1-4d9e-ac44-fd313bf4d5ec@group-CFA832B76C4A:t0, leader=null, voted=, raftlog=Memoized:2912fda5-c0b1-4d9e-ac44-fd313bf4d5ec@group-CFA832B76C4A-SegmentedRaftLog:OPENED:c-1, conf=-1: peers:[add60280-7665-46a7-8f97-112ab314f22d|rpc:10.1.0.31:15014|admin:10.1.0.31:15013|client:10.1.0.31:15012|dataStream:10.1.0.31:15015|priority:0|startupRole:FOLLOWER, 44d8f5b4-8dfc-4dc1-b3e0-dd93457af28b|rpc:10.1.0.31:15023|admin:10.1.0.31:15022|client:10.1.0.31:15021|dataStream:10.1.0.31:15024|priority:1|startupRole:FOLLOWER, 2912fda5-c0b1-4d9e-ac44-fd313bf4d5ec|rpc:10.1.0.31:15032|admin:10.1.0.31:15031|client:10.1.0.31:15030|dataStream:10.1.0.31:15033|priority:0|startupRole:FOLLOWER]|listeners:[], old=null
2023-06-07 07:10:58,998 [grpc-default-executor-4] INFO  server.RaftServer$Division (RaftServerImpl.java:requestVote(1302)) - 2912fda5-c0b1-4d9e-ac44-fd313bf4d5ec@group-CFA832B76C4A: receive requestVote(PRE_VOTE, 44d8f5b4-8dfc-4dc1-b3e0-dd93457af28b, group-CFA832B76C4A, 0, (t:0, i:0))
2023-06-07 07:10:58,998 [grpc-default-executor-4] INFO  impl.VoteContext (VoteContext.java:log(49)) - 2912fda5-c0b1-4d9e-ac44-fd313bf4d5ec@group-CFA832B76C4A-CANDIDATE: accept PRE_VOTE from 44d8f5b4-8dfc-4dc1-b3e0-dd93457af28b: our priority 0 <= candidate's priority 1
2023-06-07 07:10:58,998 [grpc-default-executor-4] INFO  server.RaftServer$Division (RaftServerImpl.java:requestVote(1335)) - 2912fda5-c0b1-4d9e-ac44-fd313bf4d5ec@group-CFA832B76C4A replies to PRE_VOTE vote request: 44d8f5b4-8dfc-4dc1-b3e0-dd93457af28b<-2912fda5-c0b1-4d9e-ac44-fd313bf4d5ec#0:OK-t0. Peer's state: 2912fda5-c0b1-4d9e-ac44-fd313bf4d5ec@group-CFA832B76C4A:t0, leader=null, voted=, raftlog=Memoized:2912fda5-c0b1-4d9e-ac44-fd313bf4d5ec@group-CFA832B76C4A-SegmentedRaftLog:OPENED:c-1, conf=-1: peers:[add60280-7665-46a7-8f97-112ab314f22d|rpc:10.1.0.31:15014|admin:10.1.0.31:15013|client:10.1.0.31:15012|dataStream:10.1.0.31:15015|priority:0|startupRole:FOLLOWER, 44d8f5b4-8dfc-4dc1-b3e0-dd93457af28b|rpc:10.1.0.31:15023|admin:10.1.0.31:15022|client:10.1.0.31:15021|dataStream:10.1.0.31:15024|priority:1|startupRole:FOLLOWER, 2912fda5-c0b1-4d9e-ac44-fd313bf4d5ec|rpc:10.1.0.31:15032|admin:10.1.0.31:15031|client:10.1.0.31:15030|dataStream:10.1.0.31:15033|priority:0|startupRole:FOLLOWER]|listeners:[], old=null
2023-06-07 07:10:59,004 [c9e90f19-93bd-492a-840b-17fd0f306342@group-B292545453D3-LeaderElection11-1] INFO  server.GrpcServerProtocolClient (GrpcServerProtocolClient.java:<init>(65)) - Build channel for 1b66a908-7502-432b-9648-1ff1190a9abb
2023-06-07 07:10:59,009 [c9e90f19-93bd-492a-840b-17fd0f306342@group-B292545453D3-LeaderElection11] INFO  server.RaftServerConfigKeys (ConfUtils.java:logFallback(53)) - raft.server.rpc.first-election.timeout.min = 5s (fallback to raft.server.rpc.timeout.min)
2023-06-07 07:10:59,009 [c9e90f19-93bd-492a-840b-17fd0f306342@group-B292545453D3-LeaderElection11] INFO  server.RaftServerConfigKeys (ConfUtils.java:logFallback(53)) - raft.server.rpc.first-election.timeout.max = 5200ms (fallback to raft.server.rpc.timeout.max)
2023-06-07 07:10:59,009 [c9e90f19-93bd-492a-840b-17fd0f306342@group-B292545453D3-LeaderElection11-2] INFO  server.GrpcServerProtocolClient (GrpcServerProtocolClient.java:<init>(65)) - Build channel for 4867cc16-78cf-4276-b1e1-ad4ddd1b82d4
2023-06-07 07:10:59,012 [2912fda5-c0b1-4d9e-ac44-fd313bf4d5ec@group-CFA832B76C4A-LeaderElection9-2] INFO  server.GrpcServerProtocolClient (GrpcServerProtocolClient.java:<init>(65)) - Build channel for 44d8f5b4-8dfc-4dc1-b3e0-dd93457af28b
2023-06-07 07:10:59,024 [grpc-default-executor-4] INFO  server.RaftServer$Division (RaftServerImpl.java:requestVote(1302)) - add60280-7665-46a7-8f97-112ab314f22d@group-CFA832B76C4A: receive requestVote(PRE_VOTE, 2912fda5-c0b1-4d9e-ac44-fd313bf4d5ec, group-CFA832B76C4A, 0, (t:0, i:0))
2023-06-07 07:10:59,025 [grpc-default-executor-4] INFO  impl.VoteContext (VoteContext.java:log(49)) - add60280-7665-46a7-8f97-112ab314f22d@group-CFA832B76C4A-FOLLOWER: accept PRE_VOTE from 2912fda5-c0b1-4d9e-ac44-fd313bf4d5ec: our priority 0 <= candidate's priority 0
2023-06-07 07:10:59,025 [grpc-default-executor-4] INFO  server.RaftServer$Division (RaftServerImpl.java:requestVote(1335)) - add60280-7665-46a7-8f97-112ab314f22d@group-CFA832B76C4A replies to PRE_VOTE vote request: 2912fda5-c0b1-4d9e-ac44-fd313bf4d5ec<-add60280-7665-46a7-8f97-112ab314f22d#0:OK-t0. Peer's state: add60280-7665-46a7-8f97-112ab314f22d@group-CFA832B76C4A:t0, leader=null, voted=, raftlog=Memoized:add60280-7665-46a7-8f97-112ab314f22d@group-CFA832B76C4A-SegmentedRaftLog:OPENED:c-1, conf=-1: peers:[add60280-7665-46a7-8f97-112ab314f22d|rpc:10.1.0.31:15014|admin:10.1.0.31:15013|client:10.1.0.31:15012|dataStream:10.1.0.31:15015|priority:0|startupRole:FOLLOWER, 44d8f5b4-8dfc-4dc1-b3e0-dd93457af28b|rpc:10.1.0.31:15023|admin:10.1.0.31:15022|client:10.1.0.31:15021|dataStream:10.1.0.31:15024|priority:1|startupRole:FOLLOWER, 2912fda5-c0b1-4d9e-ac44-fd313bf4d5ec|rpc:10.1.0.31:15032|admin:10.1.0.31:15031|client:10.1.0.31:15030|dataStream:10.1.0.31:15033|priority:0|startupRole:FOLLOWER]|listeners:[], old=null
2023-06-07 07:10:59,035 [44d8f5b4-8dfc-4dc1-b3e0-dd93457af28b@group-CFA832B76C4A-LeaderElection10] INFO  impl.LeaderElection (LeaderElection.java:logAndReturn(90)) - 44d8f5b4-8dfc-4dc1-b3e0-dd93457af28b@group-CFA832B76C4A-LeaderElection10: PRE_VOTE PASSED received 1 response(s) and 0 exception(s):
2023-06-07 07:10:59,035 [44d8f5b4-8dfc-4dc1-b3e0-dd93457af28b@group-CFA832B76C4A-LeaderElection10] INFO  impl.LeaderElection (LeaderElection.java:logAndReturn(94)) -   Response 0: 44d8f5b4-8dfc-4dc1-b3e0-dd93457af28b<-2912fda5-c0b1-4d9e-ac44-fd313bf4d5ec#0:OK-t0
2023-06-07 07:10:59,035 [44d8f5b4-8dfc-4dc1-b3e0-dd93457af28b@group-CFA832B76C4A-LeaderElection10] INFO  impl.LeaderElection (LeaderElection.java:askForVotes(323)) - 44d8f5b4-8dfc-4dc1-b3e0-dd93457af28b@group-CFA832B76C4A-LeaderElection10 PRE_VOTE round 0: result PASSED
2023-06-07 07:10:59,036 [grpc-default-executor-1] INFO  server.RaftServer$Division (RaftServerImpl.java:requestVote(1302)) - add60280-7665-46a7-8f97-112ab314f22d@group-CFA832B76C4A: receive requestVote(PRE_VOTE, 44d8f5b4-8dfc-4dc1-b3e0-dd93457af28b, group-CFA832B76C4A, 0, (t:0, i:0))
2023-06-07 07:10:59,036 [grpc-default-executor-1] INFO  impl.VoteContext (VoteContext.java:log(49)) - add60280-7665-46a7-8f97-112ab314f22d@group-CFA832B76C4A-FOLLOWER: accept PRE_VOTE from 44d8f5b4-8dfc-4dc1-b3e0-dd93457af28b: our priority 0 <= candidate's priority 1
2023-06-07 07:10:59,036 [grpc-default-executor-1] INFO  server.RaftServer$Division (RaftServerImpl.java:requestVote(1335)) - add60280-7665-46a7-8f97-112ab314f22d@group-CFA832B76C4A replies to PRE_VOTE vote request: 44d8f5b4-8dfc-4dc1-b3e0-dd93457af28b<-add60280-7665-46a7-8f97-112ab314f22d#0:OK-t0. Peer's state: add60280-7665-46a7-8f97-112ab314f22d@group-CFA832B76C4A:t0, leader=null, voted=, raftlog=Memoized:add60280-7665-46a7-8f97-112ab314f22d@group-CFA832B76C4A-SegmentedRaftLog:OPENED:c-1, conf=-1: peers:[add60280-7665-46a7-8f97-112ab314f22d|rpc:10.1.0.31:15014|admin:10.1.0.31:15013|client:10.1.0.31:15012|dataStream:10.1.0.31:15015|priority:0|startupRole:FOLLOWER, 44d8f5b4-8dfc-4dc1-b3e0-dd93457af28b|rpc:10.1.0.31:15023|admin:10.1.0.31:15022|client:10.1.0.31:15021|dataStream:10.1.0.31:15024|priority:1|startupRole:FOLLOWER, 2912fda5-c0b1-4d9e-ac44-fd313bf4d5ec|rpc:10.1.0.31:15032|admin:10.1.0.31:15031|client:10.1.0.31:15030|dataStream:10.1.0.31:15033|priority:0|startupRole:FOLLOWER]|listeners:[], old=null
2023-06-07 07:10:59,037 [44d8f5b4-8dfc-4dc1-b3e0-dd93457af28b@group-CFA832B76C4A-LeaderElection10] INFO  impl.LeaderElection (LeaderElection.java:askForVotes(321)) - 44d8f5b4-8dfc-4dc1-b3e0-dd93457af28b@group-CFA832B76C4A-LeaderElection10 ELECTION round 0: submit vote requests at term 1 for -1: peers:[add60280-7665-46a7-8f97-112ab314f22d|rpc:10.1.0.31:15014|admin:10.1.0.31:15013|client:10.1.0.31:15012|dataStream:10.1.0.31:15015|priority:0|startupRole:FOLLOWER, 44d8f5b4-8dfc-4dc1-b3e0-dd93457af28b|rpc:10.1.0.31:15023|admin:10.1.0.31:15022|client:10.1.0.31:15021|dataStream:10.1.0.31:15024|priority:1|startupRole:FOLLOWER, 2912fda5-c0b1-4d9e-ac44-fd313bf4d5ec|rpc:10.1.0.31:15032|admin:10.1.0.31:15031|client:10.1.0.31:15030|dataStream:10.1.0.31:15033|priority:0|startupRole:FOLLOWER]|listeners:[], old=null
2023-06-07 07:10:59,043 [44d8f5b4-8dfc-4dc1-b3e0-dd93457af28b@group-CFA832B76C4A-LeaderElection10] INFO  server.RaftServerConfigKeys (ConfUtils.java:logFallback(53)) - raft.server.rpc.first-election.timeout.min = 5s (fallback to raft.server.rpc.timeout.min)
2023-06-07 07:10:59,043 [44d8f5b4-8dfc-4dc1-b3e0-dd93457af28b@group-CFA832B76C4A-LeaderElection10] INFO  server.RaftServerConfigKeys (ConfUtils.java:logFallback(53)) - raft.server.rpc.first-election.timeout.max = 5200ms (fallback to raft.server.rpc.timeout.max)
2023-06-07 07:10:59,049 [grpc-default-executor-1] INFO  server.RaftServer$Division (RaftServerImpl.java:requestVote(1302)) - 1b66a908-7502-432b-9648-1ff1190a9abb@group-B292545453D3: receive requestVote(PRE_VOTE, c9e90f19-93bd-492a-840b-17fd0f306342, group-B292545453D3, 0, (t:0, i:0))
2023-06-07 07:10:59,049 [grpc-default-executor-1] INFO  impl.VoteContext (VoteContext.java:log(49)) - 1b66a908-7502-432b-9648-1ff1190a9abb@group-B292545453D3-FOLLOWER: accept PRE_VOTE from c9e90f19-93bd-492a-840b-17fd0f306342: our priority 0 <= candidate's priority 1
2023-06-07 07:10:59,050 [grpc-default-executor-1] INFO  server.RaftServer$Division (RaftServerImpl.java:requestVote(1335)) - 1b66a908-7502-432b-9648-1ff1190a9abb@group-B292545453D3 replies to PRE_VOTE vote request: c9e90f19-93bd-492a-840b-17fd0f306342<-1b66a908-7502-432b-9648-1ff1190a9abb#0:OK-t0. Peer's state: 1b66a908-7502-432b-9648-1ff1190a9abb@group-B292545453D3:t0, leader=null, voted=, raftlog=Memoized:1b66a908-7502-432b-9648-1ff1190a9abb@group-B292545453D3-SegmentedRaftLog:OPENED:c-1, conf=-1: peers:[1b66a908-7502-432b-9648-1ff1190a9abb|rpc:10.1.0.31:15059|admin:10.1.0.31:15058|client:10.1.0.31:15057|dataStream:10.1.0.31:15060|priority:0|startupRole:FOLLOWER, c9e90f19-93bd-492a-840b-17fd0f306342|rpc:10.1.0.31:15050|admin:10.1.0.31:15049|client:10.1.0.31:15048|dataStream:10.1.0.31:15051|priority:1|startupRole:FOLLOWER, 4867cc16-78cf-4276-b1e1-ad4ddd1b82d4|rpc:10.1.0.31:15041|admin:10.1.0.31:15040|client:10.1.0.31:15039|dataStream:10.1.0.31:15042|priority:0|startupRole:FOLLOWER]|listeners:[], old=null
2023-06-07 07:10:59,051 [grpc-default-executor-1] INFO  server.RaftServer$Division (RaftServerImpl.java:requestVote(1302)) - 44d8f5b4-8dfc-4dc1-b3e0-dd93457af28b@group-CFA832B76C4A: receive requestVote(PRE_VOTE, 2912fda5-c0b1-4d9e-ac44-fd313bf4d5ec, group-CFA832B76C4A, 0, (t:0, i:0))
2023-06-07 07:10:59,051 [grpc-default-executor-1] INFO  impl.VoteContext (VoteContext.java:log(49)) - 44d8f5b4-8dfc-4dc1-b3e0-dd93457af28b@group-CFA832B76C4A-CANDIDATE: reject PRE_VOTE from 2912fda5-c0b1-4d9e-ac44-fd313bf4d5ec: our priority 1 > candidate's priority 0
2023-06-07 07:10:59,051 [grpc-default-executor-1] INFO  server.RaftServer$Division (RaftServerImpl.java:requestVote(1335)) - 44d8f5b4-8dfc-4dc1-b3e0-dd93457af28b@group-CFA832B76C4A replies to PRE_VOTE vote request: 2912fda5-c0b1-4d9e-ac44-fd313bf4d5ec<-44d8f5b4-8dfc-4dc1-b3e0-dd93457af28b#0:FAIL-t1. Peer's state: 44d8f5b4-8dfc-4dc1-b3e0-dd93457af28b@group-CFA832B76C4A:t1, leader=null, voted=44d8f5b4-8dfc-4dc1-b3e0-dd93457af28b, raftlog=Memoized:44d8f5b4-8dfc-4dc1-b3e0-dd93457af28b@group-CFA832B76C4A-SegmentedRaftLog:OPENED:c-1, conf=-1: peers:[add60280-7665-46a7-8f97-112ab314f22d|rpc:10.1.0.31:15014|admin:10.1.0.31:15013|client:10.1.0.31:15012|dataStream:10.1.0.31:15015|priority:0|startupRole:FOLLOWER, 44d8f5b4-8dfc-4dc1-b3e0-dd93457af28b|rpc:10.1.0.31:15023|admin:10.1.0.31:15022|client:10.1.0.31:15021|dataStream:10.1.0.31:15024|priority:1|startupRole:FOLLOWER, 2912fda5-c0b1-4d9e-ac44-fd313bf4d5ec|rpc:10.1.0.31:15032|admin:10.1.0.31:15031|client:10.1.0.31:15030|dataStream:10.1.0.31:15033|priority:0|startupRole:FOLLOWER]|listeners:[], old=null
2023-06-07 07:10:59,054 [grpc-default-executor-4] INFO  server.RaftServer$Division (RaftServerImpl.java:requestVote(1302)) - add60280-7665-46a7-8f97-112ab314f22d@group-CFA832B76C4A: receive requestVote(ELECTION, 44d8f5b4-8dfc-4dc1-b3e0-dd93457af28b, group-CFA832B76C4A, 1, (t:0, i:0))
2023-06-07 07:10:59,054 [grpc-default-executor-4] INFO  impl.VoteContext (VoteContext.java:log(49)) - add60280-7665-46a7-8f97-112ab314f22d@group-CFA832B76C4A-FOLLOWER: accept ELECTION from 44d8f5b4-8dfc-4dc1-b3e0-dd93457af28b: our priority 0 <= candidate's priority 1
2023-06-07 07:10:59,054 [grpc-default-executor-4] INFO  server.RaftServer$Division (RaftServerImpl.java:setRole(329)) - add60280-7665-46a7-8f97-112ab314f22d@group-CFA832B76C4A: changes role from  FOLLOWER to FOLLOWER at term 1 for candidate:44d8f5b4-8dfc-4dc1-b3e0-dd93457af28b
2023-06-07 07:10:59,054 [grpc-default-executor-4] INFO  impl.RoleInfo (RoleInfo.java:shutdownFollowerState(110)) - add60280-7665-46a7-8f97-112ab314f22d: shutdown add60280-7665-46a7-8f97-112ab314f22d@group-CFA832B76C4A-FollowerState
2023-06-07 07:10:59,054 [grpc-default-executor-4] INFO  impl.RoleInfo (RoleInfo.java:updateAndGet(139)) - add60280-7665-46a7-8f97-112ab314f22d: start add60280-7665-46a7-8f97-112ab314f22d@group-CFA832B76C4A-FollowerState
2023-06-07 07:10:59,054 [add60280-7665-46a7-8f97-112ab314f22d@group-CFA832B76C4A-FollowerState] INFO  impl.FollowerState (FollowerState.java:run(152)) - add60280-7665-46a7-8f97-112ab314f22d@group-CFA832B76C4A-FollowerState was interrupted
2023-06-07 07:10:59,065 [2912fda5-c0b1-4d9e-ac44-fd313bf4d5ec@group-CFA832B76C4A-LeaderElection9] INFO  impl.LeaderElection (LeaderElection.java:logAndReturn(90)) - 2912fda5-c0b1-4d9e-ac44-fd313bf4d5ec@group-CFA832B76C4A-LeaderElection9: PRE_VOTE DISCOVERED_A_NEW_TERM (term=1) received 2 response(s) and 0 exception(s):
2023-06-07 07:10:59,065 [2912fda5-c0b1-4d9e-ac44-fd313bf4d5ec@group-CFA832B76C4A-LeaderElection9] INFO  impl.LeaderElection (LeaderElection.java:logAndReturn(94)) -   Response 0: 2912fda5-c0b1-4d9e-ac44-fd313bf4d5ec<-add60280-7665-46a7-8f97-112ab314f22d#0:OK-t0
2023-06-07 07:10:59,066 [2912fda5-c0b1-4d9e-ac44-fd313bf4d5ec@group-CFA832B76C4A-LeaderElection9] INFO  impl.LeaderElection (LeaderElection.java:logAndReturn(94)) -   Response 1: 2912fda5-c0b1-4d9e-ac44-fd313bf4d5ec<-44d8f5b4-8dfc-4dc1-b3e0-dd93457af28b#0:FAIL-t1
2023-06-07 07:10:59,066 [2912fda5-c0b1-4d9e-ac44-fd313bf4d5ec@group-CFA832B76C4A-LeaderElection9] INFO  impl.LeaderElection (LeaderElection.java:askForVotes(323)) - 2912fda5-c0b1-4d9e-ac44-fd313bf4d5ec@group-CFA832B76C4A-LeaderElection9 PRE_VOTE round 0: result DISCOVERED_A_NEW_TERM (term=1)
2023-06-07 07:10:59,066 [2912fda5-c0b1-4d9e-ac44-fd313bf4d5ec@group-CFA832B76C4A-LeaderElection9] INFO  server.RaftServer$Division (RaftServerImpl.java:setRole(329)) - 2912fda5-c0b1-4d9e-ac44-fd313bf4d5ec@group-CFA832B76C4A: changes role from CANDIDATE to FOLLOWER at term 1 for DISCOVERED_A_NEW_TERM (term=1)
2023-06-07 07:10:59,066 [2912fda5-c0b1-4d9e-ac44-fd313bf4d5ec@group-CFA832B76C4A-LeaderElection9] INFO  impl.RoleInfo (RoleInfo.java:shutdownLeaderElection(130)) - 2912fda5-c0b1-4d9e-ac44-fd313bf4d5ec: shutdown 2912fda5-c0b1-4d9e-ac44-fd313bf4d5ec@group-CFA832B76C4A-LeaderElection9
2023-06-07 07:10:59,066 [2912fda5-c0b1-4d9e-ac44-fd313bf4d5ec@group-CFA832B76C4A-LeaderElection9] INFO  impl.RoleInfo (RoleInfo.java:updateAndGet(139)) - 2912fda5-c0b1-4d9e-ac44-fd313bf4d5ec: start 2912fda5-c0b1-4d9e-ac44-fd313bf4d5ec@group-CFA832B76C4A-FollowerState
2023-06-07 07:10:59,067 [grpc-default-executor-1] INFO  server.RaftServer$Division (RaftServerImpl.java:requestVote(1302)) - 2912fda5-c0b1-4d9e-ac44-fd313bf4d5ec@group-CFA832B76C4A: receive requestVote(ELECTION, 44d8f5b4-8dfc-4dc1-b3e0-dd93457af28b, group-CFA832B76C4A, 1, (t:0, i:0))
2023-06-07 07:10:59,067 [grpc-default-executor-2] INFO  server.RaftServer$Division (RaftServerImpl.java:requestVote(1302)) - 4867cc16-78cf-4276-b1e1-ad4ddd1b82d4@group-B292545453D3: receive requestVote(PRE_VOTE, c9e90f19-93bd-492a-840b-17fd0f306342, group-B292545453D3, 0, (t:0, i:0))
2023-06-07 07:10:59,069 [grpc-default-executor-4] INFO  server.RaftServer$Division (RaftServerImpl.java:requestVote(1335)) - add60280-7665-46a7-8f97-112ab314f22d@group-CFA832B76C4A replies to ELECTION vote request: 44d8f5b4-8dfc-4dc1-b3e0-dd93457af28b<-add60280-7665-46a7-8f97-112ab314f22d#0:OK-t1. Peer's state: add60280-7665-46a7-8f97-112ab314f22d@group-CFA832B76C4A:t1, leader=null, voted=44d8f5b4-8dfc-4dc1-b3e0-dd93457af28b, raftlog=Memoized:add60280-7665-46a7-8f97-112ab314f22d@group-CFA832B76C4A-SegmentedRaftLog:OPENED:c-1, conf=-1: peers:[add60280-7665-46a7-8f97-112ab314f22d|rpc:10.1.0.31:15014|admin:10.1.0.31:15013|client:10.1.0.31:15012|dataStream:10.1.0.31:15015|priority:0|startupRole:FOLLOWER, 44d8f5b4-8dfc-4dc1-b3e0-dd93457af28b|rpc:10.1.0.31:15023|admin:10.1.0.31:15022|client:10.1.0.31:15021|dataStream:10.1.0.31:15024|priority:1|startupRole:FOLLOWER, 2912fda5-c0b1-4d9e-ac44-fd313bf4d5ec|rpc:10.1.0.31:15032|admin:10.1.0.31:15031|client:10.1.0.31:15030|dataStream:10.1.0.31:15033|priority:0|startupRole:FOLLOWER]|listeners:[], old=null
2023-06-07 07:10:59,073 [grpc-default-executor-2] INFO  impl.VoteContext (VoteContext.java:log(49)) - 4867cc16-78cf-4276-b1e1-ad4ddd1b82d4@group-B292545453D3-FOLLOWER: accept PRE_VOTE from c9e90f19-93bd-492a-840b-17fd0f306342: our priority 0 <= candidate's priority 1
2023-06-07 07:10:59,073 [c9e90f19-93bd-492a-840b-17fd0f306342@group-B292545453D3-LeaderElection11] INFO  impl.LeaderElection (LeaderElection.java:logAndReturn(90)) - c9e90f19-93bd-492a-840b-17fd0f306342@group-B292545453D3-LeaderElection11: PRE_VOTE PASSED received 1 response(s) and 0 exception(s):
2023-06-07 07:10:59,073 [c9e90f19-93bd-492a-840b-17fd0f306342@group-B292545453D3-LeaderElection11] INFO  impl.LeaderElection (LeaderElection.java:logAndReturn(94)) -   Response 0: c9e90f19-93bd-492a-840b-17fd0f306342<-1b66a908-7502-432b-9648-1ff1190a9abb#0:OK-t0
2023-06-07 07:10:59,073 [c9e90f19-93bd-492a-840b-17fd0f306342@group-B292545453D3-LeaderElection11] INFO  impl.LeaderElection (LeaderElection.java:askForVotes(323)) - c9e90f19-93bd-492a-840b-17fd0f306342@group-B292545453D3-LeaderElection11 PRE_VOTE round 0: result PASSED
2023-06-07 07:10:59,074 [grpc-default-executor-2] INFO  server.RaftServer$Division (RaftServerImpl.java:requestVote(1335)) - 4867cc16-78cf-4276-b1e1-ad4ddd1b82d4@group-B292545453D3 replies to PRE_VOTE vote request: c9e90f19-93bd-492a-840b-17fd0f306342<-4867cc16-78cf-4276-b1e1-ad4ddd1b82d4#0:OK-t0. Peer's state: 4867cc16-78cf-4276-b1e1-ad4ddd1b82d4@group-B292545453D3:t0, leader=null, voted=, raftlog=Memoized:4867cc16-78cf-4276-b1e1-ad4ddd1b82d4@group-B292545453D3-SegmentedRaftLog:OPENED:c-1, conf=-1: peers:[1b66a908-7502-432b-9648-1ff1190a9abb|rpc:10.1.0.31:15059|admin:10.1.0.31:15058|client:10.1.0.31:15057|dataStream:10.1.0.31:15060|priority:0|startupRole:FOLLOWER, c9e90f19-93bd-492a-840b-17fd0f306342|rpc:10.1.0.31:15050|admin:10.1.0.31:15049|client:10.1.0.31:15048|dataStream:10.1.0.31:15051|priority:1|startupRole:FOLLOWER, 4867cc16-78cf-4276-b1e1-ad4ddd1b82d4|rpc:10.1.0.31:15041|admin:10.1.0.31:15040|client:10.1.0.31:15039|dataStream:10.1.0.31:15042|priority:0|startupRole:FOLLOWER]|listeners:[], old=null
2023-06-07 07:10:59,083 [grpc-default-executor-1] INFO  impl.VoteContext (VoteContext.java:log(49)) - 2912fda5-c0b1-4d9e-ac44-fd313bf4d5ec@group-CFA832B76C4A-FOLLOWER: accept ELECTION from 44d8f5b4-8dfc-4dc1-b3e0-dd93457af28b: our priority 0 <= candidate's priority 1
2023-06-07 07:10:59,083 [grpc-default-executor-1] INFO  server.RaftServer$Division (RaftServerImpl.java:setRole(329)) - 2912fda5-c0b1-4d9e-ac44-fd313bf4d5ec@group-CFA832B76C4A: changes role from  FOLLOWER to FOLLOWER at term 1 for candidate:44d8f5b4-8dfc-4dc1-b3e0-dd93457af28b
2023-06-07 07:10:59,083 [grpc-default-executor-1] INFO  impl.RoleInfo (RoleInfo.java:shutdownFollowerState(110)) - 2912fda5-c0b1-4d9e-ac44-fd313bf4d5ec: shutdown 2912fda5-c0b1-4d9e-ac44-fd313bf4d5ec@group-CFA832B76C4A-FollowerState
2023-06-07 07:10:59,083 [grpc-default-executor-1] INFO  impl.RoleInfo (RoleInfo.java:updateAndGet(139)) - 2912fda5-c0b1-4d9e-ac44-fd313bf4d5ec: start 2912fda5-c0b1-4d9e-ac44-fd313bf4d5ec@group-CFA832B76C4A-FollowerState
2023-06-07 07:10:59,084 [2912fda5-c0b1-4d9e-ac44-fd313bf4d5ec@group-CFA832B76C4A-FollowerState] INFO  impl.FollowerState (FollowerState.java:shouldRun(117)) - 2912fda5-c0b1-4d9e-ac44-fd313bf4d5ec@group-CFA832B76C4A-FollowerState: Stopping now (isRunning? false, role = FOLLOWER)
2023-06-07 07:10:59,084 [44d8f5b4-8dfc-4dc1-b3e0-dd93457af28b@group-CFA832B76C4A-LeaderElection10] INFO  impl.LeaderElection (LeaderElection.java:logAndReturn(90)) - 44d8f5b4-8dfc-4dc1-b3e0-dd93457af28b@group-CFA832B76C4A-LeaderElection10: ELECTION PASSED received 1 response(s) and 0 exception(s):
2023-06-07 07:10:59,084 [44d8f5b4-8dfc-4dc1-b3e0-dd93457af28b@group-CFA832B76C4A-LeaderElection10] INFO  impl.LeaderElection (LeaderElection.java:logAndReturn(94)) -   Response 0: 44d8f5b4-8dfc-4dc1-b3e0-dd93457af28b<-add60280-7665-46a7-8f97-112ab314f22d#0:OK-t1
2023-06-07 07:10:59,084 [44d8f5b4-8dfc-4dc1-b3e0-dd93457af28b@group-CFA832B76C4A-LeaderElection10] INFO  impl.LeaderElection (LeaderElection.java:askForVotes(323)) - 44d8f5b4-8dfc-4dc1-b3e0-dd93457af28b@group-CFA832B76C4A-LeaderElection10 ELECTION round 0: result PASSED
2023-06-07 07:10:59,084 [44d8f5b4-8dfc-4dc1-b3e0-dd93457af28b@group-CFA832B76C4A-LeaderElection10] INFO  impl.RoleInfo (RoleInfo.java:shutdownLeaderElection(130)) - 44d8f5b4-8dfc-4dc1-b3e0-dd93457af28b: shutdown 44d8f5b4-8dfc-4dc1-b3e0-dd93457af28b@group-CFA832B76C4A-LeaderElection10
2023-06-07 07:10:59,084 [44d8f5b4-8dfc-4dc1-b3e0-dd93457af28b@group-CFA832B76C4A-LeaderElection10] INFO  server.RaftServer$Division (RaftServerImpl.java:setRole(329)) - 44d8f5b4-8dfc-4dc1-b3e0-dd93457af28b@group-CFA832B76C4A: changes role from CANDIDATE to LEADER at term 1 for changeToLeader
2023-06-07 07:10:59,084 [44d8f5b4-8dfc-4dc1-b3e0-dd93457af28b@group-CFA832B76C4A-LeaderElection10] INFO  ratis.XceiverServerRatis (XceiverServerRatis.java:handleLeaderChangedNotification(902)) - Leader change notification received for group: group-CFA832B76C4A with new leaderId: 44d8f5b4-8dfc-4dc1-b3e0-dd93457af28b
2023-06-07 07:10:59,085 [44d8f5b4-8dfc-4dc1-b3e0-dd93457af28b@group-CFA832B76C4A-LeaderElection10] INFO  server.RaftServer$Division (ServerState.java:setLeader(317)) - 44d8f5b4-8dfc-4dc1-b3e0-dd93457af28b@group-CFA832B76C4A: change Leader from null to 44d8f5b4-8dfc-4dc1-b3e0-dd93457af28b at term 1 for becomeLeader, leader elected after 5751ms
2023-06-07 07:10:59,085 [44d8f5b4-8dfc-4dc1-b3e0-dd93457af28b@group-CFA832B76C4A-LeaderElection10] INFO  server.RaftServerConfigKeys (ConfUtils.java:logGet(46)) - raft.server.staging.catchup.gap = 1000 (default)
2023-06-07 07:10:59,085 [44d8f5b4-8dfc-4dc1-b3e0-dd93457af28b@group-CFA832B76C4A-LeaderElection10] INFO  server.RaftServerConfigKeys (ConfUtils.java:logGet(46)) - raft.server.write.element-limit = 1024 (custom)
2023-06-07 07:10:59,085 [44d8f5b4-8dfc-4dc1-b3e0-dd93457af28b@group-CFA832B76C4A-LeaderElection10] INFO  server.RaftServerConfigKeys (ConfUtils.java:logGet(46)) - raft.server.write.byte-limit = 1024 M (=1073741824) (custom)
2023-06-07 07:10:59,100 [c9e90f19-93bd-492a-840b-17fd0f306342@group-B292545453D3-LeaderElection11] INFO  impl.LeaderElection (LeaderElection.java:askForVotes(321)) - c9e90f19-93bd-492a-840b-17fd0f306342@group-B292545453D3-LeaderElection11 ELECTION round 0: submit vote requests at term 1 for -1: peers:[1b66a908-7502-432b-9648-1ff1190a9abb|rpc:10.1.0.31:15059|admin:10.1.0.31:15058|client:10.1.0.31:15057|dataStream:10.1.0.31:15060|priority:0|startupRole:FOLLOWER, c9e90f19-93bd-492a-840b-17fd0f306342|rpc:10.1.0.31:15050|admin:10.1.0.31:15049|client:10.1.0.31:15048|dataStream:10.1.0.31:15051|priority:1|startupRole:FOLLOWER, 4867cc16-78cf-4276-b1e1-ad4ddd1b82d4|rpc:10.1.0.31:15041|admin:10.1.0.31:15040|client:10.1.0.31:15039|dataStream:10.1.0.31:15042|priority:0|startupRole:FOLLOWER]|listeners:[], old=null
2023-06-07 07:10:59,100 [44d8f5b4-8dfc-4dc1-b3e0-dd93457af28b@group-CFA832B76C4A-LeaderElection10] INFO  server.RaftServerConfigKeys (ConfUtils.java:logGet(46)) - raft.server.watch.timeout = 180s (custom)
2023-06-07 07:10:59,100 [44d8f5b4-8dfc-4dc1-b3e0-dd93457af28b@group-CFA832B76C4A-LeaderElection10] INFO  server.RaftServerConfigKeys (ConfUtils.java:logGet(46)) - raft.server.watch.timeout.denomination = 1s (default)
2023-06-07 07:10:59,101 [44d8f5b4-8dfc-4dc1-b3e0-dd93457af28b@group-CFA832B76C4A-LeaderElection10] INFO  server.RaftServerConfigKeys (ConfUtils.java:logGet(46)) - raft.server.watch.element-limit = 65536 (default)
2023-06-07 07:10:59,101 [44d8f5b4-8dfc-4dc1-b3e0-dd93457af28b@group-CFA832B76C4A-LeaderElection10] INFO  server.RaftServerConfigKeys (ConfUtils.java:logGet(46)) - raft.server.write.element-limit = 1024 (custom)
2023-06-07 07:10:59,101 [44d8f5b4-8dfc-4dc1-b3e0-dd93457af28b@group-CFA832B76C4A-LeaderElection10] INFO  server.RaftServerConfigKeys (ConfUtils.java:logGet(46)) - raft.server.write.follower.gap.ratio.max = -1.0 (default)
2023-06-07 07:10:59,102 [c9e90f19-93bd-492a-840b-17fd0f306342@group-B292545453D3-LeaderElection11] INFO  server.RaftServerConfigKeys (ConfUtils.java:logFallback(53)) - raft.server.rpc.first-election.timeout.min = 5s (fallback to raft.server.rpc.timeout.min)
2023-06-07 07:10:59,102 [c9e90f19-93bd-492a-840b-17fd0f306342@group-B292545453D3-LeaderElection11] INFO  server.RaftServerConfigKeys (ConfUtils.java:logFallback(53)) - raft.server.rpc.first-election.timeout.max = 5200ms (fallback to raft.server.rpc.timeout.max)
2023-06-07 07:10:59,103 [44d8f5b4-8dfc-4dc1-b3e0-dd93457af28b@group-CFA832B76C4A-LeaderElection10] INFO  server.RaftServerConfigKeys (ConfUtils.java:logGet(46)) - raft.server.log.appender.snapshot.chunk.size.max = 16MB (=16777216) (default)
2023-06-07 07:10:59,103 [44d8f5b4-8dfc-4dc1-b3e0-dd93457af28b@group-CFA832B76C4A-LeaderElection10] INFO  server.RaftServerConfigKeys (ConfUtils.java:logGet(46)) - raft.server.log.appender.buffer.byte-limit = 33554432 (custom)
2023-06-07 07:10:59,103 [44d8f5b4-8dfc-4dc1-b3e0-dd93457af28b@group-CFA832B76C4A-LeaderElection10] INFO  server.RaftServerConfigKeys (ConfUtils.java:logGet(46)) - raft.server.log.appender.buffer.element-limit = 1 (custom)
2023-06-07 07:10:59,103 [44d8f5b4-8dfc-4dc1-b3e0-dd93457af28b@group-CFA832B76C4A-LeaderElection10] INFO  server.RaftServerConfigKeys (ConfUtils.java:logGet(46)) - raft.server.log.appender.wait-time.min = 10ms (default)
2023-06-07 07:10:59,103 [44d8f5b4-8dfc-4dc1-b3e0-dd93457af28b@group-CFA832B76C4A-LeaderElection10] INFO  grpc.GrpcConfigKeys (ConfUtils.java:logGet(46)) - raft.grpc.server.leader.outstanding.appends.max = 128 (default)
2023-06-07 07:10:59,103 [44d8f5b4-8dfc-4dc1-b3e0-dd93457af28b@group-CFA832B76C4A-LeaderElection10] INFO  server.RaftServerConfigKeys (ConfUtils.java:logGet(46)) - raft.server.rpc.request.timeout = 60s (custom)
2023-06-07 07:10:59,103 [44d8f5b4-8dfc-4dc1-b3e0-dd93457af28b@group-CFA832B76C4A-LeaderElection10] INFO  grpc.GrpcConfigKeys (ConfUtils.java:logGet(46)) - raft.grpc.server.install_snapshot.request.element-limit = 8 (default)
2023-06-07 07:10:59,103 [44d8f5b4-8dfc-4dc1-b3e0-dd93457af28b@group-CFA832B76C4A-LeaderElection10] INFO  grpc.GrpcConfigKeys (ConfUtils.java:logGet(46)) - raft.grpc.server.install_snapshot.request.timeout = 3000ms (default)
2023-06-07 07:10:59,103 [44d8f5b4-8dfc-4dc1-b3e0-dd93457af28b@group-CFA832B76C4A-LeaderElection10] INFO  server.RaftServerConfigKeys (ConfUtils.java:logGet(46)) - raft.server.log.appender.install.snapshot.enabled = false (custom)
2023-06-07 07:10:59,103 [44d8f5b4-8dfc-4dc1-b3e0-dd93457af28b@group-CFA832B76C4A-LeaderElection10] INFO  grpc.GrpcConfigKeys (ConfUtils.java:logGet(46)) - raft.grpc.server.heartbeat.channel = true (default)
2023-06-07 07:10:59,104 [44d8f5b4-8dfc-4dc1-b3e0-dd93457af28b@group-CFA832B76C4A-LeaderElection10] INFO  server.RaftServerConfigKeys (ConfUtils.java:logGet(46)) - raft.server.log.appender.snapshot.chunk.size.max = 16MB (=16777216) (default)
2023-06-07 07:10:59,104 [44d8f5b4-8dfc-4dc1-b3e0-dd93457af28b@group-CFA832B76C4A-LeaderElection10] INFO  server.RaftServerConfigKeys (ConfUtils.java:logGet(46)) - raft.server.log.appender.buffer.byte-limit = 33554432 (custom)
2023-06-07 07:10:59,104 [44d8f5b4-8dfc-4dc1-b3e0-dd93457af28b@group-CFA832B76C4A-LeaderElection10] INFO  server.RaftServerConfigKeys (ConfUtils.java:logGet(46)) - raft.server.log.appender.buffer.element-limit = 1 (custom)
2023-06-07 07:10:59,104 [44d8f5b4-8dfc-4dc1-b3e0-dd93457af28b@group-CFA832B76C4A-LeaderElection10] INFO  server.RaftServerConfigKeys (ConfUtils.java:logGet(46)) - raft.server.log.appender.wait-time.min = 10ms (default)
2023-06-07 07:10:59,104 [44d8f5b4-8dfc-4dc1-b3e0-dd93457af28b@group-CFA832B76C4A-LeaderElection10] INFO  grpc.GrpcConfigKeys (ConfUtils.java:logGet(46)) - raft.grpc.server.leader.outstanding.appends.max = 128 (default)
2023-06-07 07:10:59,105 [44d8f5b4-8dfc-4dc1-b3e0-dd93457af28b@group-CFA832B76C4A-LeaderElection10] INFO  server.RaftServerConfigKeys (ConfUtils.java:logGet(46)) - raft.server.rpc.request.timeout = 60s (custom)
2023-06-07 07:10:59,105 [44d8f5b4-8dfc-4dc1-b3e0-dd93457af28b@group-CFA832B76C4A-LeaderElection10] INFO  grpc.GrpcConfigKeys (ConfUtils.java:logGet(46)) - raft.grpc.server.install_snapshot.request.element-limit = 8 (default)
2023-06-07 07:10:59,105 [44d8f5b4-8dfc-4dc1-b3e0-dd93457af28b@group-CFA832B76C4A-LeaderElection10] INFO  grpc.GrpcConfigKeys (ConfUtils.java:logGet(46)) - raft.grpc.server.install_snapshot.request.timeout = 3000ms (default)
2023-06-07 07:10:59,105 [44d8f5b4-8dfc-4dc1-b3e0-dd93457af28b@group-CFA832B76C4A-LeaderElection10] INFO  server.RaftServerConfigKeys (ConfUtils.java:logGet(46)) - raft.server.log.appender.install.snapshot.enabled = false (custom)
2023-06-07 07:10:59,105 [44d8f5b4-8dfc-4dc1-b3e0-dd93457af28b@group-CFA832B76C4A-LeaderElection10] INFO  grpc.GrpcConfigKeys (ConfUtils.java:logGet(46)) - raft.grpc.server.heartbeat.channel = true (default)
2023-06-07 07:10:59,105 [grpc-default-executor-1] INFO  server.RaftServer$Division (RaftServerImpl.java:requestVote(1335)) - 2912fda5-c0b1-4d9e-ac44-fd313bf4d5ec@group-CFA832B76C4A replies to ELECTION vote request: 44d8f5b4-8dfc-4dc1-b3e0-dd93457af28b<-2912fda5-c0b1-4d9e-ac44-fd313bf4d5ec#0:OK-t1. Peer's state: 2912fda5-c0b1-4d9e-ac44-fd313bf4d5ec@group-CFA832B76C4A:t1, leader=null, voted=44d8f5b4-8dfc-4dc1-b3e0-dd93457af28b, raftlog=Memoized:2912fda5-c0b1-4d9e-ac44-fd313bf4d5ec@group-CFA832B76C4A-SegmentedRaftLog:OPENED:c-1, conf=-1: peers:[add60280-7665-46a7-8f97-112ab314f22d|rpc:10.1.0.31:15014|admin:10.1.0.31:15013|client:10.1.0.31:15012|dataStream:10.1.0.31:15015|priority:0|startupRole:FOLLOWER, 44d8f5b4-8dfc-4dc1-b3e0-dd93457af28b|rpc:10.1.0.31:15023|admin:10.1.0.31:15022|client:10.1.0.31:15021|dataStream:10.1.0.31:15024|priority:1|startupRole:FOLLOWER, 2912fda5-c0b1-4d9e-ac44-fd313bf4d5ec|rpc:10.1.0.31:15032|admin:10.1.0.31:15031|client:10.1.0.31:15030|dataStream:10.1.0.31:15033|priority:0|startupRole:FOLLOWER]|listeners:[], old=null
2023-06-07 07:10:59,119 [EventQueue-PipelineReportForPipelineReportHandler] INFO  pipeline.PipelineManagerImpl (PipelineManagerImpl.java:openPipeline(367)) - Pipeline Pipeline[ Id: 5fa2f39f-6c68-4c5f-95db-cfa832b76c4a, Nodes: 2912fda5-c0b1-4d9e-ac44-fd313bf4d5ec(fv-az246-755.dmzl2ssfaldu3choa5k4qgfeyh.jx.internal.cloudapp.net/10.1.0.31)add60280-7665-46a7-8f97-112ab314f22d(fv-az246-755.dmzl2ssfaldu3choa5k4qgfeyh.jx.internal.cloudapp.net/10.1.0.31)44d8f5b4-8dfc-4dc1-b3e0-dd93457af28b(fv-az246-755.dmzl2ssfaldu3choa5k4qgfeyh.jx.internal.cloudapp.net/10.1.0.31), ReplicationConfig: RATIS/THREE, State:ALLOCATED, leaderId:44d8f5b4-8dfc-4dc1-b3e0-dd93457af28b, CreationTimestamp2023-06-07T07:10:49.717Z[Etc/UTC]] moved to OPEN state
2023-06-07 07:10:59,122 [grpc-default-executor-1] INFO  server.RaftServer$Division (RaftServerImpl.java:requestVote(1302)) - 1b66a908-7502-432b-9648-1ff1190a9abb@group-B292545453D3: receive requestVote(ELECTION, c9e90f19-93bd-492a-840b-17fd0f306342, group-B292545453D3, 1, (t:0, i:0))
2023-06-07 07:10:59,122 [grpc-default-executor-1] INFO  impl.VoteContext (VoteContext.java:log(49)) - 1b66a908-7502-432b-9648-1ff1190a9abb@group-B292545453D3-FOLLOWER: accept ELECTION from c9e90f19-93bd-492a-840b-17fd0f306342: our priority 0 <= candidate's priority 1
2023-06-07 07:10:59,122 [grpc-default-executor-1] INFO  server.RaftServer$Division (RaftServerImpl.java:setRole(329)) - 1b66a908-7502-432b-9648-1ff1190a9abb@group-B292545453D3: changes role from  FOLLOWER to FOLLOWER at term 1 for candidate:c9e90f19-93bd-492a-840b-17fd0f306342
2023-06-07 07:10:59,122 [grpc-default-executor-1] INFO  impl.RoleInfo (RoleInfo.java:shutdownFollowerState(110)) - 1b66a908-7502-432b-9648-1ff1190a9abb: shutdown 1b66a908-7502-432b-9648-1ff1190a9abb@group-B292545453D3-FollowerState
2023-06-07 07:10:59,122 [grpc-default-executor-1] INFO  impl.RoleInfo (RoleInfo.java:updateAndGet(139)) - 1b66a908-7502-432b-9648-1ff1190a9abb: start 1b66a908-7502-432b-9648-1ff1190a9abb@group-B292545453D3-FollowerState
2023-06-07 07:10:59,122 [1b66a908-7502-432b-9648-1ff1190a9abb@group-B292545453D3-FollowerState] INFO  impl.FollowerState (FollowerState.java:run(152)) - 1b66a908-7502-432b-9648-1ff1190a9abb@group-B292545453D3-FollowerState was interrupted
2023-06-07 07:10:59,123 [grpc-default-executor-2] INFO  server.RaftServer$Division (RaftServerImpl.java:requestVote(1302)) - 4867cc16-78cf-4276-b1e1-ad4ddd1b82d4@group-B292545453D3: receive requestVote(ELECTION, c9e90f19-93bd-492a-840b-17fd0f306342, group-B292545453D3, 1, (t:0, i:0))
2023-06-07 07:10:59,123 [grpc-default-executor-2] INFO  impl.VoteContext (VoteContext.java:log(49)) - 4867cc16-78cf-4276-b1e1-ad4ddd1b82d4@group-B292545453D3-FOLLOWER: accept ELECTION from c9e90f19-93bd-492a-840b-17fd0f306342: our priority 0 <= candidate's priority 1
2023-06-07 07:10:59,124 [grpc-default-executor-2] INFO  server.RaftServer$Division (RaftServerImpl.java:setRole(329)) - 4867cc16-78cf-4276-b1e1-ad4ddd1b82d4@group-B292545453D3: changes role from  FOLLOWER to FOLLOWER at term 1 for candidate:c9e90f19-93bd-492a-840b-17fd0f306342
2023-06-07 07:10:59,124 [grpc-default-executor-2] INFO  impl.RoleInfo (RoleInfo.java:shutdownFollowerState(110)) - 4867cc16-78cf-4276-b1e1-ad4ddd1b82d4: shutdown 4867cc16-78cf-4276-b1e1-ad4ddd1b82d4@group-B292545453D3-FollowerState
2023-06-07 07:10:59,130 [44d8f5b4-8dfc-4dc1-b3e0-dd93457af28b@group-CFA832B76C4A-LeaderElection10] INFO  impl.RoleInfo (RoleInfo.java:updateAndGet(139)) - 44d8f5b4-8dfc-4dc1-b3e0-dd93457af28b: start 44d8f5b4-8dfc-4dc1-b3e0-dd93457af28b@group-CFA832B76C4A-LeaderStateImpl
2023-06-07 07:10:59,131 [44d8f5b4-8dfc-4dc1-b3e0-dd93457af28b@group-CFA832B76C4A-LeaderElection10] INFO  segmented.SegmentedRaftLogWorker (SegmentedRaftLogWorker.java:startLogSegment(447)) - 44d8f5b4-8dfc-4dc1-b3e0-dd93457af28b@group-CFA832B76C4A-SegmentedRaftLogWorker: Starting segment from index:0
2023-06-07 07:10:59,142 [grpc-default-executor-2] INFO  impl.RoleInfo (RoleInfo.java:updateAndGet(139)) - 4867cc16-78cf-4276-b1e1-ad4ddd1b82d4: start 4867cc16-78cf-4276-b1e1-ad4ddd1b82d4@group-B292545453D3-FollowerState
2023-06-07 07:10:59,142 [4867cc16-78cf-4276-b1e1-ad4ddd1b82d4@group-B292545453D3-FollowerState] INFO  impl.FollowerState (FollowerState.java:run(152)) - 4867cc16-78cf-4276-b1e1-ad4ddd1b82d4@group-B292545453D3-FollowerState was interrupted
2023-06-07 07:10:59,148 [44d8f5b4-8dfc-4dc1-b3e0-dd93457af28b@group-CFA832B76C4A-LeaderElection10] INFO  server.RaftServer$Division (ServerState.java:setRaftConf(434)) - 44d8f5b4-8dfc-4dc1-b3e0-dd93457af28b@group-CFA832B76C4A: set configuration 0: peers:[add60280-7665-46a7-8f97-112ab314f22d|rpc:10.1.0.31:15014|admin:10.1.0.31:15013|client:10.1.0.31:15012|dataStream:10.1.0.31:15015|priority:0|startupRole:FOLLOWER, 44d8f5b4-8dfc-4dc1-b3e0-dd93457af28b|rpc:10.1.0.31:15023|admin:10.1.0.31:15022|client:10.1.0.31:15021|dataStream:10.1.0.31:15024|priority:1|startupRole:FOLLOWER, 2912fda5-c0b1-4d9e-ac44-fd313bf4d5ec|rpc:10.1.0.31:15032|admin:10.1.0.31:15031|client:10.1.0.31:15030|dataStream:10.1.0.31:15033|priority:0|startupRole:FOLLOWER]|listeners:[], old=null
2023-06-07 07:10:59,173 [grpc-default-executor-1] INFO  server.RaftServer$Division (RaftServerImpl.java:requestVote(1335)) - 1b66a908-7502-432b-9648-1ff1190a9abb@group-B292545453D3 replies to ELECTION vote request: c9e90f19-93bd-492a-840b-17fd0f306342<-1b66a908-7502-432b-9648-1ff1190a9abb#0:OK-t1. Peer's state: 1b66a908-7502-432b-9648-1ff1190a9abb@group-B292545453D3:t1, leader=null, voted=c9e90f19-93bd-492a-840b-17fd0f306342, raftlog=Memoized:1b66a908-7502-432b-9648-1ff1190a9abb@group-B292545453D3-SegmentedRaftLog:OPENED:c-1, conf=-1: peers:[1b66a908-7502-432b-9648-1ff1190a9abb|rpc:10.1.0.31:15059|admin:10.1.0.31:15058|client:10.1.0.31:15057|dataStream:10.1.0.31:15060|priority:0|startupRole:FOLLOWER, c9e90f19-93bd-492a-840b-17fd0f306342|rpc:10.1.0.31:15050|admin:10.1.0.31:15049|client:10.1.0.31:15048|dataStream:10.1.0.31:15051|priority:1|startupRole:FOLLOWER, 4867cc16-78cf-4276-b1e1-ad4ddd1b82d4|rpc:10.1.0.31:15041|admin:10.1.0.31:15040|client:10.1.0.31:15039|dataStream:10.1.0.31:15042|priority:0|startupRole:FOLLOWER]|listeners:[], old=null
2023-06-07 07:10:59,181 [c9e90f19-93bd-492a-840b-17fd0f306342@group-B292545453D3-LeaderElection11] INFO  impl.LeaderElection (LeaderElection.java:logAndReturn(90)) - c9e90f19-93bd-492a-840b-17fd0f306342@group-B292545453D3-LeaderElection11: ELECTION PASSED received 1 response(s) and 0 exception(s):
2023-06-07 07:10:59,182 [c9e90f19-93bd-492a-840b-17fd0f306342@group-B292545453D3-LeaderElection11] INFO  impl.LeaderElection (LeaderElection.java:logAndReturn(94)) -   Response 0: c9e90f19-93bd-492a-840b-17fd0f306342<-1b66a908-7502-432b-9648-1ff1190a9abb#0:OK-t1
2023-06-07 07:10:59,182 [c9e90f19-93bd-492a-840b-17fd0f306342@group-B292545453D3-LeaderElection11] INFO  impl.LeaderElection (LeaderElection.java:askForVotes(323)) - c9e90f19-93bd-492a-840b-17fd0f306342@group-B292545453D3-LeaderElection11 ELECTION round 0: result PASSED
2023-06-07 07:10:59,182 [c9e90f19-93bd-492a-840b-17fd0f306342@group-B292545453D3-LeaderElection11] INFO  impl.RoleInfo (RoleInfo.java:shutdownLeaderElection(130)) - c9e90f19-93bd-492a-840b-17fd0f306342: shutdown c9e90f19-93bd-492a-840b-17fd0f306342@group-B292545453D3-LeaderElection11
2023-06-07 07:10:59,182 [c9e90f19-93bd-492a-840b-17fd0f306342@group-B292545453D3-LeaderElection11] INFO  server.RaftServer$Division (RaftServerImpl.java:setRole(329)) - c9e90f19-93bd-492a-840b-17fd0f306342@group-B292545453D3: changes role from CANDIDATE to LEADER at term 1 for changeToLeader
2023-06-07 07:10:59,182 [c9e90f19-93bd-492a-840b-17fd0f306342@group-B292545453D3-LeaderElection11] INFO  ratis.XceiverServerRatis (XceiverServerRatis.java:handleLeaderChangedNotification(902)) - Leader change notification received for group: group-B292545453D3 with new leaderId: c9e90f19-93bd-492a-840b-17fd0f306342
2023-06-07 07:10:59,182 [c9e90f19-93bd-492a-840b-17fd0f306342@group-B292545453D3-LeaderElection11] INFO  server.RaftServer$Division (ServerState.java:setLeader(317)) - c9e90f19-93bd-492a-840b-17fd0f306342@group-B292545453D3: change Leader from null to c9e90f19-93bd-492a-840b-17fd0f306342 at term 1 for becomeLeader, leader elected after 5611ms
2023-06-07 07:10:59,182 [c9e90f19-93bd-492a-840b-17fd0f306342@group-B292545453D3-LeaderElection11] INFO  server.RaftServerConfigKeys (ConfUtils.java:logGet(46)) - raft.server.staging.catchup.gap = 1000 (default)
2023-06-07 07:10:59,186 [2912fda5-c0b1-4d9e-ac44-fd313bf4d5ec-server-thread1] INFO  ratis.XceiverServerRatis (XceiverServerRatis.java:handleLeaderChangedNotification(902)) - Leader change notification received for group: group-CFA832B76C4A with new leaderId: 44d8f5b4-8dfc-4dc1-b3e0-dd93457af28b
2023-06-07 07:10:59,187 [2912fda5-c0b1-4d9e-ac44-fd313bf4d5ec-server-thread1] INFO  server.RaftServer$Division (ServerState.java:setLeader(317)) - 2912fda5-c0b1-4d9e-ac44-fd313bf4d5ec@group-CFA832B76C4A: change Leader from null to 44d8f5b4-8dfc-4dc1-b3e0-dd93457af28b at term 1 for appendEntries, leader elected after 5860ms
2023-06-07 07:10:59,188 [44d8f5b4-8dfc-4dc1-b3e0-dd93457af28b@group-CFA832B76C4A-SegmentedRaftLogWorker] INFO  segmented.SegmentedRaftLogWorker (SegmentedRaftLogWorker.java:execute(651)) - 44d8f5b4-8dfc-4dc1-b3e0-dd93457af28b@group-CFA832B76C4A-SegmentedRaftLogWorker: created new log segment /home/runner/work/ozone/ozone/hadoop-ozone/integration-test/target/test-dir/MiniOzoneClusterImpl-28223e3b-fb3b-4559-a623-43dba3cd33a0/datanode-1/data/ratis/5fa2f39f-6c68-4c5f-95db-cfa832b76c4a/current/log_inprogress_0
2023-06-07 07:10:59,188 [EventQueue-PipelineReportForPipelineReportHandler] INFO  pipeline.PipelineManagerImpl (PipelineManagerImpl.java:openPipeline(367)) - Pipeline Pipeline[ Id: 800a9cfe-39c7-45b0-ab17-b292545453d3, Nodes: 1b66a908-7502-432b-9648-1ff1190a9abb(fv-az246-755.dmzl2ssfaldu3choa5k4qgfeyh.jx.internal.cloudapp.net/10.1.0.31)c9e90f19-93bd-492a-840b-17fd0f306342(fv-az246-755.dmzl2ssfaldu3choa5k4qgfeyh.jx.internal.cloudapp.net/10.1.0.31)4867cc16-78cf-4276-b1e1-ad4ddd1b82d4(fv-az246-755.dmzl2ssfaldu3choa5k4qgfeyh.jx.internal.cloudapp.net/10.1.0.31), ReplicationConfig: RATIS/THREE, State:ALLOCATED, leaderId:c9e90f19-93bd-492a-840b-17fd0f306342, CreationTimestamp2023-06-07T07:10:50.909Z[Etc/UTC]] moved to OPEN state
2023-06-07 07:10:59,194 [c9e90f19-93bd-492a-840b-17fd0f306342@group-B292545453D3-LeaderElection11] INFO  server.RaftServerConfigKeys (ConfUtils.java:logGet(46)) - raft.server.write.element-limit = 1024 (custom)
2023-06-07 07:10:59,194 [c9e90f19-93bd-492a-840b-17fd0f306342@group-B292545453D3-LeaderElection11] INFO  server.RaftServerConfigKeys (ConfUtils.java:logGet(46)) - raft.server.write.byte-limit = 1024 M (=1073741824) (custom)
2023-06-07 07:10:59,195 [c9e90f19-93bd-492a-840b-17fd0f306342@group-B292545453D3-LeaderElection11] INFO  server.RaftServerConfigKeys (ConfUtils.java:logGet(46)) - raft.server.watch.timeout = 180s (custom)
2023-06-07 07:10:59,195 [c9e90f19-93bd-492a-840b-17fd0f306342@group-B292545453D3-LeaderElection11] INFO  server.RaftServerConfigKeys (ConfUtils.java:logGet(46)) - raft.server.watch.timeout.denomination = 1s (default)
2023-06-07 07:10:59,195 [c9e90f19-93bd-492a-840b-17fd0f306342@group-B292545453D3-LeaderElection11] INFO  server.RaftServerConfigKeys (ConfUtils.java:logGet(46)) - raft.server.watch.element-limit = 65536 (default)
2023-06-07 07:10:59,195 [c9e90f19-93bd-492a-840b-17fd0f306342@group-B292545453D3-LeaderElection11] INFO  server.RaftServerConfigKeys (ConfUtils.java:logGet(46)) - raft.server.write.element-limit = 1024 (custom)
2023-06-07 07:10:59,195 [c9e90f19-93bd-492a-840b-17fd0f306342@group-B292545453D3-LeaderElection11] INFO  server.RaftServerConfigKeys (ConfUtils.java:logGet(46)) - raft.server.write.follower.gap.ratio.max = -1.0 (default)
2023-06-07 07:10:59,196 [c9e90f19-93bd-492a-840b-17fd0f306342@group-B292545453D3-LeaderElection11] INFO  server.RaftServerConfigKeys (ConfUtils.java:logGet(46)) - raft.server.log.appender.snapshot.chunk.size.max = 16MB (=16777216) (default)
2023-06-07 07:10:59,196 [c9e90f19-93bd-492a-840b-17fd0f306342@group-B292545453D3-LeaderElection11] INFO  server.RaftServerConfigKeys (ConfUtils.java:logGet(46)) - raft.server.log.appender.buffer.byte-limit = 33554432 (custom)
2023-06-07 07:10:59,196 [c9e90f19-93bd-492a-840b-17fd0f306342@group-B292545453D3-LeaderElection11] INFO  server.RaftServerConfigKeys (ConfUtils.java:logGet(46)) - raft.server.log.appender.buffer.element-limit = 1 (custom)
2023-06-07 07:10:59,196 [c9e90f19-93bd-492a-840b-17fd0f306342@group-B292545453D3-LeaderElection11] INFO  server.RaftServerConfigKeys (ConfUtils.java:logGet(46)) - raft.server.log.appender.wait-time.min = 10ms (default)
2023-06-07 07:10:59,196 [c9e90f19-93bd-492a-840b-17fd0f306342@group-B292545453D3-LeaderElection11] INFO  grpc.GrpcConfigKeys (ConfUtils.java:logGet(46)) - raft.grpc.server.leader.outstanding.appends.max = 128 (default)
2023-06-07 07:10:59,196 [c9e90f19-93bd-492a-840b-17fd0f306342@group-B292545453D3-LeaderElection11] INFO  server.RaftServerConfigKeys (ConfUtils.java:logGet(46)) - raft.server.rpc.request.timeout = 60s (custom)
2023-06-07 07:10:59,196 [c9e90f19-93bd-492a-840b-17fd0f306342@group-B292545453D3-LeaderElection11] INFO  grpc.GrpcConfigKeys (ConfUtils.java:logGet(46)) - raft.grpc.server.install_snapshot.request.element-limit = 8 (default)
2023-06-07 07:10:59,196 [c9e90f19-93bd-492a-840b-17fd0f306342@group-B292545453D3-LeaderElection11] INFO  grpc.GrpcConfigKeys (ConfUtils.java:logGet(46)) - raft.grpc.server.install_snapshot.request.timeout = 3000ms (default)
2023-06-07 07:10:59,196 [c9e90f19-93bd-492a-840b-17fd0f306342@group-B292545453D3-LeaderElection11] INFO  server.RaftServerConfigKeys (ConfUtils.java:logGet(46)) - raft.server.log.appender.install.snapshot.enabled = false (custom)
2023-06-07 07:10:59,196 [c9e90f19-93bd-492a-840b-17fd0f306342@group-B292545453D3-LeaderElection11] INFO  grpc.GrpcConfigKeys (ConfUtils.java:logGet(46)) - raft.grpc.server.heartbeat.channel = true (default)
2023-06-07 07:10:59,197 [c9e90f19-93bd-492a-840b-17fd0f306342@group-B292545453D3-LeaderElection11] INFO  server.RaftServerConfigKeys (ConfUtils.java:logGet(46)) - raft.server.log.appender.snapshot.chunk.size.max = 16MB (=16777216) (default)
2023-06-07 07:10:59,197 [c9e90f19-93bd-492a-840b-17fd0f306342@group-B292545453D3-LeaderElection11] INFO  server.RaftServerConfigKeys (ConfUtils.java:logGet(46)) - raft.server.log.appender.buffer.byte-limit = 33554432 (custom)
2023-06-07 07:10:59,197 [c9e90f19-93bd-492a-840b-17fd0f306342@group-B292545453D3-LeaderElection11] INFO  server.RaftServerConfigKeys (ConfUtils.java:logGet(46)) - raft.server.log.appender.buffer.element-limit = 1 (custom)
2023-06-07 07:10:59,197 [c9e90f19-93bd-492a-840b-17fd0f306342@group-B292545453D3-LeaderElection11] INFO  server.RaftServerConfigKeys (ConfUtils.java:logGet(46)) - raft.server.log.appender.wait-time.min = 10ms (default)
2023-06-07 07:10:59,197 [c9e90f19-93bd-492a-840b-17fd0f306342@group-B292545453D3-LeaderElection11] INFO  grpc.GrpcConfigKeys (ConfUtils.java:logGet(46)) - raft.grpc.server.leader.outstanding.appends.max = 128 (default)
2023-06-07 07:10:59,197 [c9e90f19-93bd-492a-840b-17fd0f306342@group-B292545453D3-LeaderElection11] INFO  server.RaftServerConfigKeys (ConfUtils.java:logGet(46)) - raft.server.rpc.request.timeout = 60s (custom)
2023-06-07 07:10:59,197 [c9e90f19-93bd-492a-840b-17fd0f306342@group-B292545453D3-LeaderElection11] INFO  grpc.GrpcConfigKeys (ConfUtils.java:logGet(46)) - raft.grpc.server.install_snapshot.request.element-limit = 8 (default)
2023-06-07 07:10:59,197 [c9e90f19-93bd-492a-840b-17fd0f306342@group-B292545453D3-LeaderElection11] INFO  grpc.GrpcConfigKeys (ConfUtils.java:logGet(46)) - raft.grpc.server.install_snapshot.request.timeout = 3000ms (default)
2023-06-07 07:10:59,197 [c9e90f19-93bd-492a-840b-17fd0f306342@group-B292545453D3-LeaderElection11] INFO  server.RaftServerConfigKeys (ConfUtils.java:logGet(46)) - raft.server.log.appender.install.snapshot.enabled = false (custom)
2023-06-07 07:10:59,197 [c9e90f19-93bd-492a-840b-17fd0f306342@group-B292545453D3-LeaderElection11] INFO  grpc.GrpcConfigKeys (ConfUtils.java:logGet(46)) - raft.grpc.server.heartbeat.channel = true (default)
2023-06-07 07:10:59,198 [c9e90f19-93bd-492a-840b-17fd0f306342@group-B292545453D3-LeaderElection11] INFO  impl.RoleInfo (RoleInfo.java:updateAndGet(139)) - c9e90f19-93bd-492a-840b-17fd0f306342: start c9e90f19-93bd-492a-840b-17fd0f306342@group-B292545453D3-LeaderStateImpl
2023-06-07 07:10:59,198 [c9e90f19-93bd-492a-840b-17fd0f306342@group-B292545453D3-LeaderElection11] INFO  segmented.SegmentedRaftLogWorker (SegmentedRaftLogWorker.java:startLogSegment(447)) - c9e90f19-93bd-492a-840b-17fd0f306342@group-B292545453D3-SegmentedRaftLogWorker: Starting segment from index:0
2023-06-07 07:10:59,203 [add60280-7665-46a7-8f97-112ab314f22d-server-thread2] INFO  ratis.XceiverServerRatis (XceiverServerRatis.java:handleLeaderChangedNotification(902)) - Leader change notification received for group: group-CFA832B76C4A with new leaderId: 44d8f5b4-8dfc-4dc1-b3e0-dd93457af28b
2023-06-07 07:10:59,203 [add60280-7665-46a7-8f97-112ab314f22d-server-thread2] INFO  server.RaftServer$Division (ServerState.java:setLeader(317)) - add60280-7665-46a7-8f97-112ab314f22d@group-CFA832B76C4A: change Leader from null to 44d8f5b4-8dfc-4dc1-b3e0-dd93457af28b at term 1 for appendEntries, leader elected after 5863ms
2023-06-07 07:10:59,209 [grpc-default-executor-2] INFO  server.RaftServer$Division (RaftServerImpl.java:requestVote(1335)) - 4867cc16-78cf-4276-b1e1-ad4ddd1b82d4@group-B292545453D3 replies to ELECTION vote request: c9e90f19-93bd-492a-840b-17fd0f306342<-4867cc16-78cf-4276-b1e1-ad4ddd1b82d4#0:OK-t1. Peer's state: 4867cc16-78cf-4276-b1e1-ad4ddd1b82d4@group-B292545453D3:t1, leader=null, voted=c9e90f19-93bd-492a-840b-17fd0f306342, raftlog=Memoized:4867cc16-78cf-4276-b1e1-ad4ddd1b82d4@group-B292545453D3-SegmentedRaftLog:OPENED:c-1, conf=-1: peers:[1b66a908-7502-432b-9648-1ff1190a9abb|rpc:10.1.0.31:15059|admin:10.1.0.31:15058|client:10.1.0.31:15057|dataStream:10.1.0.31:15060|priority:0|startupRole:FOLLOWER, c9e90f19-93bd-492a-840b-17fd0f306342|rpc:10.1.0.31:15050|admin:10.1.0.31:15049|client:10.1.0.31:15048|dataStream:10.1.0.31:15051|priority:1|startupRole:FOLLOWER, 4867cc16-78cf-4276-b1e1-ad4ddd1b82d4|rpc:10.1.0.31:15041|admin:10.1.0.31:15040|client:10.1.0.31:15039|dataStream:10.1.0.31:15042|priority:0|startupRole:FOLLOWER]|listeners:[], old=null
2023-06-07 07:10:59,213 [2912fda5-c0b1-4d9e-ac44-fd313bf4d5ec-server-thread1] INFO  server.RaftServer$Division (ServerState.java:setRaftConf(434)) - 2912fda5-c0b1-4d9e-ac44-fd313bf4d5ec@group-CFA832B76C4A: set configuration 0: peers:[add60280-7665-46a7-8f97-112ab314f22d|rpc:10.1.0.31:15014|admin:10.1.0.31:15013|client:10.1.0.31:15012|dataStream:10.1.0.31:15015|priority:0|startupRole:FOLLOWER, 44d8f5b4-8dfc-4dc1-b3e0-dd93457af28b|rpc:10.1.0.31:15023|admin:10.1.0.31:15022|client:10.1.0.31:15021|dataStream:10.1.0.31:15024|priority:1|startupRole:FOLLOWER, 2912fda5-c0b1-4d9e-ac44-fd313bf4d5ec|rpc:10.1.0.31:15032|admin:10.1.0.31:15031|client:10.1.0.31:15030|dataStream:10.1.0.31:15033|priority:0|startupRole:FOLLOWER]|listeners:[], old=null
2023-06-07 07:10:59,213 [2912fda5-c0b1-4d9e-ac44-fd313bf4d5ec-server-thread1] INFO  segmented.SegmentedRaftLogWorker (SegmentedRaftLogWorker.java:startLogSegment(447)) - 2912fda5-c0b1-4d9e-ac44-fd313bf4d5ec@group-CFA832B76C4A-SegmentedRaftLogWorker: Starting segment from index:0
2023-06-07 07:10:59,218 [2912fda5-c0b1-4d9e-ac44-fd313bf4d5ec@group-CFA832B76C4A-SegmentedRaftLogWorker] INFO  segmented.SegmentedRaftLogWorker (SegmentedRaftLogWorker.java:execute(651)) - 2912fda5-c0b1-4d9e-ac44-fd313bf4d5ec@group-CFA832B76C4A-SegmentedRaftLogWorker: created new log segment /home/runner/work/ozone/ozone/hadoop-ozone/integration-test/target/test-dir/MiniOzoneClusterImpl-28223e3b-fb3b-4559-a623-43dba3cd33a0/datanode-2/data/ratis/5fa2f39f-6c68-4c5f-95db-cfa832b76c4a/current/log_inprogress_0
2023-06-07 07:10:59,223 [c9e90f19-93bd-492a-840b-17fd0f306342@group-B292545453D3-LeaderElection11] INFO  server.RaftServer$Division (ServerState.java:setRaftConf(434)) - c9e90f19-93bd-492a-840b-17fd0f306342@group-B292545453D3: set configuration 0: peers:[1b66a908-7502-432b-9648-1ff1190a9abb|rpc:10.1.0.31:15059|admin:10.1.0.31:15058|client:10.1.0.31:15057|dataStream:10.1.0.31:15060|priority:0|startupRole:FOLLOWER, c9e90f19-93bd-492a-840b-17fd0f306342|rpc:10.1.0.31:15050|admin:10.1.0.31:15049|client:10.1.0.31:15048|dataStream:10.1.0.31:15051|priority:1|startupRole:FOLLOWER, 4867cc16-78cf-4276-b1e1-ad4ddd1b82d4|rpc:10.1.0.31:15041|admin:10.1.0.31:15040|client:10.1.0.31:15039|dataStream:10.1.0.31:15042|priority:0|startupRole:FOLLOWER]|listeners:[], old=null
2023-06-07 07:10:59,226 [add60280-7665-46a7-8f97-112ab314f22d-server-thread1] INFO  server.RaftServer$Division (ServerState.java:setRaftConf(434)) - add60280-7665-46a7-8f97-112ab314f22d@group-CFA832B76C4A: set configuration 0: peers:[add60280-7665-46a7-8f97-112ab314f22d|rpc:10.1.0.31:15014|admin:10.1.0.31:15013|client:10.1.0.31:15012|dataStream:10.1.0.31:15015|priority:0|startupRole:FOLLOWER, 44d8f5b4-8dfc-4dc1-b3e0-dd93457af28b|rpc:10.1.0.31:15023|admin:10.1.0.31:15022|client:10.1.0.31:15021|dataStream:10.1.0.31:15024|priority:1|startupRole:FOLLOWER, 2912fda5-c0b1-4d9e-ac44-fd313bf4d5ec|rpc:10.1.0.31:15032|admin:10.1.0.31:15031|client:10.1.0.31:15030|dataStream:10.1.0.31:15033|priority:0|startupRole:FOLLOWER]|listeners:[], old=null
2023-06-07 07:10:59,226 [add60280-7665-46a7-8f97-112ab314f22d-server-thread1] INFO  segmented.SegmentedRaftLogWorker (SegmentedRaftLogWorker.java:startLogSegment(447)) - add60280-7665-46a7-8f97-112ab314f22d@group-CFA832B76C4A-SegmentedRaftLogWorker: Starting segment from index:0
2023-06-07 07:10:59,228 [add60280-7665-46a7-8f97-112ab314f22d@group-CFA832B76C4A-SegmentedRaftLogWorker] INFO  segmented.SegmentedRaftLogWorker (SegmentedRaftLogWorker.java:execute(651)) - add60280-7665-46a7-8f97-112ab314f22d@group-CFA832B76C4A-SegmentedRaftLogWorker: created new log segment /home/runner/work/ozone/ozone/hadoop-ozone/integration-test/target/test-dir/MiniOzoneClusterImpl-28223e3b-fb3b-4559-a623-43dba3cd33a0/datanode-0/data/ratis/5fa2f39f-6c68-4c5f-95db-cfa832b76c4a/current/log_inprogress_0
2023-06-07 07:10:59,229 [c9e90f19-93bd-492a-840b-17fd0f306342@group-B292545453D3-SegmentedRaftLogWorker] INFO  segmented.SegmentedRaftLogWorker (SegmentedRaftLogWorker.java:execute(651)) - c9e90f19-93bd-492a-840b-17fd0f306342@group-B292545453D3-SegmentedRaftLogWorker: created new log segment /home/runner/work/ozone/ozone/hadoop-ozone/integration-test/target/test-dir/MiniOzoneClusterImpl-28223e3b-fb3b-4559-a623-43dba3cd33a0/datanode-4/data/ratis/800a9cfe-39c7-45b0-ab17-b292545453d3/current/log_inprogress_0
2023-06-07 07:10:59,259 [1b66a908-7502-432b-9648-1ff1190a9abb-server-thread1] INFO  ratis.XceiverServerRatis (XceiverServerRatis.java:handleLeaderChangedNotification(902)) - Leader change notification received for group: group-B292545453D3 with new leaderId: c9e90f19-93bd-492a-840b-17fd0f306342
2023-06-07 07:10:59,259 [1b66a908-7502-432b-9648-1ff1190a9abb-server-thread1] INFO  server.RaftServer$Division (ServerState.java:setLeader(317)) - 1b66a908-7502-432b-9648-1ff1190a9abb@group-B292545453D3: change Leader from null to c9e90f19-93bd-492a-840b-17fd0f306342 at term 1 for appendEntries, leader elected after 5916ms
2023-06-07 07:10:59,268 [4867cc16-78cf-4276-b1e1-ad4ddd1b82d4-server-thread2] INFO  ratis.XceiverServerRatis (XceiverServerRatis.java:handleLeaderChangedNotification(902)) - Leader change notification received for group: group-B292545453D3 with new leaderId: c9e90f19-93bd-492a-840b-17fd0f306342
2023-06-07 07:10:59,268 [4867cc16-78cf-4276-b1e1-ad4ddd1b82d4-server-thread2] INFO  server.RaftServer$Division (ServerState.java:setLeader(317)) - 4867cc16-78cf-4276-b1e1-ad4ddd1b82d4@group-B292545453D3: change Leader from null to c9e90f19-93bd-492a-840b-17fd0f306342 at term 1 for appendEntries, leader elected after 6093ms
2023-06-07 07:10:59,271 [1b66a908-7502-432b-9648-1ff1190a9abb-server-thread1] INFO  server.RaftServer$Division (ServerState.java:setRaftConf(434)) - 1b66a908-7502-432b-9648-1ff1190a9abb@group-B292545453D3: set configuration 0: peers:[1b66a908-7502-432b-9648-1ff1190a9abb|rpc:10.1.0.31:15059|admin:10.1.0.31:15058|client:10.1.0.31:15057|dataStream:10.1.0.31:15060|priority:0|startupRole:FOLLOWER, c9e90f19-93bd-492a-840b-17fd0f306342|rpc:10.1.0.31:15050|admin:10.1.0.31:15049|client:10.1.0.31:15048|dataStream:10.1.0.31:15051|priority:1|startupRole:FOLLOWER, 4867cc16-78cf-4276-b1e1-ad4ddd1b82d4|rpc:10.1.0.31:15041|admin:10.1.0.31:15040|client:10.1.0.31:15039|dataStream:10.1.0.31:15042|priority:0|startupRole:FOLLOWER]|listeners:[], old=null
2023-06-07 07:10:59,271 [1b66a908-7502-432b-9648-1ff1190a9abb-server-thread1] INFO  segmented.SegmentedRaftLogWorker (SegmentedRaftLogWorker.java:startLogSegment(447)) - 1b66a908-7502-432b-9648-1ff1190a9abb@group-B292545453D3-SegmentedRaftLogWorker: Starting segment from index:0
2023-06-07 07:10:59,283 [1b66a908-7502-432b-9648-1ff1190a9abb@group-B292545453D3-SegmentedRaftLogWorker] INFO  segmented.SegmentedRaftLogWorker (SegmentedRaftLogWorker.java:execute(651)) - 1b66a908-7502-432b-9648-1ff1190a9abb@group-B292545453D3-SegmentedRaftLogWorker: created new log segment /home/runner/work/ozone/ozone/hadoop-ozone/integration-test/target/test-dir/MiniOzoneClusterImpl-28223e3b-fb3b-4559-a623-43dba3cd33a0/datanode-5/data/ratis/800a9cfe-39c7-45b0-ab17-b292545453d3/current/log_inprogress_0
2023-06-07 07:10:59,290 [4867cc16-78cf-4276-b1e1-ad4ddd1b82d4-server-thread1] INFO  server.RaftServer$Division (ServerState.java:setRaftConf(434)) - 4867cc16-78cf-4276-b1e1-ad4ddd1b82d4@group-B292545453D3: set configuration 0: peers:[1b66a908-7502-432b-9648-1ff1190a9abb|rpc:10.1.0.31:15059|admin:10.1.0.31:15058|client:10.1.0.31:15057|dataStream:10.1.0.31:15060|priority:0|startupRole:FOLLOWER, c9e90f19-93bd-492a-840b-17fd0f306342|rpc:10.1.0.31:15050|admin:10.1.0.31:15049|client:10.1.0.31:15048|dataStream:10.1.0.31:15051|priority:1|startupRole:FOLLOWER, 4867cc16-78cf-4276-b1e1-ad4ddd1b82d4|rpc:10.1.0.31:15041|admin:10.1.0.31:15040|client:10.1.0.31:15039|dataStream:10.1.0.31:15042|priority:0|startupRole:FOLLOWER]|listeners:[], old=null
2023-06-07 07:10:59,291 [4867cc16-78cf-4276-b1e1-ad4ddd1b82d4-server-thread1] INFO  segmented.SegmentedRaftLogWorker (SegmentedRaftLogWorker.java:startLogSegment(447)) - 4867cc16-78cf-4276-b1e1-ad4ddd1b82d4@group-B292545453D3-SegmentedRaftLogWorker: Starting segment from index:0
2023-06-07 07:10:59,295 [4867cc16-78cf-4276-b1e1-ad4ddd1b82d4@group-B292545453D3-SegmentedRaftLogWorker] INFO  segmented.SegmentedRaftLogWorker (SegmentedRaftLogWorker.java:execute(651)) - 4867cc16-78cf-4276-b1e1-ad4ddd1b82d4@group-B292545453D3-SegmentedRaftLogWorker: created new log segment /home/runner/work/ozone/ozone/hadoop-ozone/integration-test/target/test-dir/MiniOzoneClusterImpl-28223e3b-fb3b-4559-a623-43dba3cd33a0/datanode-3/data/ratis/800a9cfe-39c7-45b0-ab17-b292545453d3/current/log_inprogress_0
2023-06-07 07:10:59,371 [main] INFO  rpc.RpcClient (RpcClient.java:createVolume(459)) - Creating Volume: 0d246513-bf00-4f61-a0c7-7176d6afb137, with runner as owner and space quota set to -1 bytes, counts quota set to -1
2023-06-07 07:10:59,439 [1b66a908-7502-432b-9648-1ff1190a9abb@group-134C86F9C103-FollowerState] INFO  impl.FollowerState (FollowerState.java:run(143)) - 1b66a908-7502-432b-9648-1ff1190a9abb@group-134C86F9C103-FollowerState: change to CANDIDATE, lastRpcElapsedTime:5046002353ns, electionTimeout:5044ms
2023-06-07 07:10:59,440 [1b66a908-7502-432b-9648-1ff1190a9abb@group-134C86F9C103-FollowerState] INFO  impl.RoleInfo (RoleInfo.java:shutdownFollowerState(110)) - 1b66a908-7502-432b-9648-1ff1190a9abb: shutdown 1b66a908-7502-432b-9648-1ff1190a9abb@group-134C86F9C103-FollowerState
2023-06-07 07:10:59,440 [1b66a908-7502-432b-9648-1ff1190a9abb@group-134C86F9C103-FollowerState] INFO  server.RaftServer$Division (RaftServerImpl.java:setRole(329)) - 1b66a908-7502-432b-9648-1ff1190a9abb@group-134C86F9C103: changes role from  FOLLOWER to CANDIDATE at term 0 for changeToCandidate
2023-06-07 07:10:59,440 [1b66a908-7502-432b-9648-1ff1190a9abb@group-134C86F9C103-FollowerState] INFO  server.RaftServerConfigKeys (ConfUtils.java:logGet(46)) - raft.server.leaderelection.pre-vote = true (default)
2023-06-07 07:10:59,440 [1b66a908-7502-432b-9648-1ff1190a9abb@group-134C86F9C103-FollowerState] INFO  impl.RoleInfo (RoleInfo.java:updateAndGet(139)) - 1b66a908-7502-432b-9648-1ff1190a9abb: start 1b66a908-7502-432b-9648-1ff1190a9abb@group-134C86F9C103-LeaderElection12
2023-06-07 07:10:59,440 [4867cc16-78cf-4276-b1e1-ad4ddd1b82d4@group-DEB1234BAF49-FollowerState] INFO  impl.FollowerState (FollowerState.java:run(143)) - 4867cc16-78cf-4276-b1e1-ad4ddd1b82d4@group-DEB1234BAF49-FollowerState: change to CANDIDATE, lastRpcElapsedTime:5114599592ns, electionTimeout:5096ms
2023-06-07 07:10:59,444 [1b66a908-7502-432b-9648-1ff1190a9abb@group-134C86F9C103-LeaderElection12] INFO  impl.LeaderElection (LeaderElection.java:askForVotes(321)) - 1b66a908-7502-432b-9648-1ff1190a9abb@group-134C86F9C103-LeaderElection12 PRE_VOTE round 0: submit vote requests at term 0 for -1: peers:[1b66a908-7502-432b-9648-1ff1190a9abb|rpc:10.1.0.31:15059|admin:10.1.0.31:15058|client:10.1.0.31:15057|dataStream:10.1.0.31:15060|priority:1|startupRole:FOLLOWER]|listeners:[], old=null
2023-06-07 07:10:59,445 [4867cc16-78cf-4276-b1e1-ad4ddd1b82d4@group-DEB1234BAF49-FollowerState] INFO  impl.RoleInfo (RoleInfo.java:shutdownFollowerState(110)) - 4867cc16-78cf-4276-b1e1-ad4ddd1b82d4: shutdown 4867cc16-78cf-4276-b1e1-ad4ddd1b82d4@group-DEB1234BAF49-FollowerState
2023-06-07 07:10:59,445 [4867cc16-78cf-4276-b1e1-ad4ddd1b82d4@group-DEB1234BAF49-FollowerState] INFO  server.RaftServer$Division (RaftServerImpl.java:setRole(329)) - 4867cc16-78cf-4276-b1e1-ad4ddd1b82d4@group-DEB1234BAF49: changes role from  FOLLOWER to CANDIDATE at term 0 for changeToCandidate
2023-06-07 07:10:59,445 [4867cc16-78cf-4276-b1e1-ad4ddd1b82d4@group-DEB1234BAF49-FollowerState] INFO  server.RaftServerConfigKeys (ConfUtils.java:logGet(46)) - raft.server.leaderelection.pre-vote = true (default)
2023-06-07 07:10:59,445 [4867cc16-78cf-4276-b1e1-ad4ddd1b82d4@group-DEB1234BAF49-FollowerState] INFO  impl.RoleInfo (RoleInfo.java:updateAndGet(139)) - 4867cc16-78cf-4276-b1e1-ad4ddd1b82d4: start 4867cc16-78cf-4276-b1e1-ad4ddd1b82d4@group-DEB1234BAF49-LeaderElection13
2023-06-07 07:10:59,445 [1b66a908-7502-432b-9648-1ff1190a9abb@group-134C86F9C103-LeaderElection12] INFO  impl.LeaderElection (LeaderElection.java:askForVotes(323)) - 1b66a908-7502-432b-9648-1ff1190a9abb@group-134C86F9C103-LeaderElection12 PRE_VOTE round 0: result PASSED (term=0)
2023-06-07 07:10:59,449 [4867cc16-78cf-4276-b1e1-ad4ddd1b82d4@group-DEB1234BAF49-LeaderElection13] INFO  impl.LeaderElection (LeaderElection.java:askForVotes(321)) - 4867cc16-78cf-4276-b1e1-ad4ddd1b82d4@group-DEB1234BAF49-LeaderElection13 PRE_VOTE round 0: submit vote requests at term 0 for -1: peers:[1b66a908-7502-432b-9648-1ff1190a9abb|rpc:10.1.0.31:15059|admin:10.1.0.31:15058|client:10.1.0.31:15057|dataStream:10.1.0.31:15060|priority:0|startupRole:FOLLOWER, c9e90f19-93bd-492a-840b-17fd0f306342|rpc:10.1.0.31:15050|admin:10.1.0.31:15049|client:10.1.0.31:15048|dataStream:10.1.0.31:15051|priority:0|startupRole:FOLLOWER, 4867cc16-78cf-4276-b1e1-ad4ddd1b82d4|rpc:10.1.0.31:15041|admin:10.1.0.31:15040|client:10.1.0.31:15039|dataStream:10.1.0.31:15042|priority:1|startupRole:FOLLOWER]|listeners:[], old=null
2023-06-07 07:10:59,450 [4867cc16-78cf-4276-b1e1-ad4ddd1b82d4@group-DEB1234BAF49-LeaderElection13-1] INFO  server.GrpcServerProtocolClient (GrpcServerProtocolClient.java:<init>(65)) - Build channel for 1b66a908-7502-432b-9648-1ff1190a9abb
2023-06-07 07:10:59,450 [4867cc16-78cf-4276-b1e1-ad4ddd1b82d4@group-DEB1234BAF49-LeaderElection13] INFO  server.RaftServerConfigKeys (ConfUtils.java:logFallback(53)) - raft.server.rpc.first-election.timeout.min = 5s (fallback to raft.server.rpc.timeout.min)
2023-06-07 07:10:59,450 [4867cc16-78cf-4276-b1e1-ad4ddd1b82d4@group-DEB1234BAF49-LeaderElection13] INFO  server.RaftServerConfigKeys (ConfUtils.java:logFallback(53)) - raft.server.rpc.first-election.timeout.max = 5200ms (fallback to raft.server.rpc.timeout.max)
2023-06-07 07:10:59,452 [1b66a908-7502-432b-9648-1ff1190a9abb@group-134C86F9C103-LeaderElection12] INFO  impl.LeaderElection (LeaderElection.java:askForVotes(321)) - 1b66a908-7502-432b-9648-1ff1190a9abb@group-134C86F9C103-LeaderElection12 ELECTION round 0: submit vote requests at term 1 for -1: peers:[1b66a908-7502-432b-9648-1ff1190a9abb|rpc:10.1.0.31:15059|admin:10.1.0.31:15058|client:10.1.0.31:15057|dataStream:10.1.0.31:15060|priority:1|startupRole:FOLLOWER]|listeners:[], old=null
2023-06-07 07:10:59,452 [1b66a908-7502-432b-9648-1ff1190a9abb@group-134C86F9C103-LeaderElection12] INFO  impl.LeaderElection (LeaderElection.java:askForVotes(323)) - 1b66a908-7502-432b-9648-1ff1190a9abb@group-134C86F9C103-LeaderElection12 ELECTION round 0: result PASSED (term=1)
2023-06-07 07:10:59,453 [1b66a908-7502-432b-9648-1ff1190a9abb@group-134C86F9C103-LeaderElection12] INFO  impl.RoleInfo (RoleInfo.java:shutdownLeaderElection(130)) - 1b66a908-7502-432b-9648-1ff1190a9abb: shutdown 1b66a908-7502-432b-9648-1ff1190a9abb@group-134C86F9C103-LeaderElection12
2023-06-07 07:10:59,453 [1b66a908-7502-432b-9648-1ff1190a9abb@group-134C86F9C103-LeaderElection12] INFO  server.RaftServer$Division (RaftServerImpl.java:setRole(329)) - 1b66a908-7502-432b-9648-1ff1190a9abb@group-134C86F9C103: changes role from CANDIDATE to LEADER at term 1 for changeToLeader
2023-06-07 07:10:59,453 [1b66a908-7502-432b-9648-1ff1190a9abb@group-134C86F9C103-LeaderElection12] INFO  ratis.XceiverServerRatis (XceiverServerRatis.java:handleLeaderChangedNotification(902)) - Leader change notification received for group: group-134C86F9C103 with new leaderId: 1b66a908-7502-432b-9648-1ff1190a9abb
2023-06-07 07:10:59,453 [1b66a908-7502-432b-9648-1ff1190a9abb@group-134C86F9C103-LeaderElection12] INFO  server.RaftServer$Division (ServerState.java:setLeader(317)) - 1b66a908-7502-432b-9648-1ff1190a9abb@group-134C86F9C103: change Leader from null to 1b66a908-7502-432b-9648-1ff1190a9abb at term 1 for becomeLeader, leader elected after 5140ms
2023-06-07 07:10:59,453 [1b66a908-7502-432b-9648-1ff1190a9abb@group-134C86F9C103-LeaderElection12] INFO  server.RaftServerConfigKeys (ConfUtils.java:logGet(46)) - raft.server.staging.catchup.gap = 1000 (default)
2023-06-07 07:10:59,456 [4867cc16-78cf-4276-b1e1-ad4ddd1b82d4@group-DEB1234BAF49-LeaderElection13-2] INFO  server.GrpcServerProtocolClient (GrpcServerProtocolClient.java:<init>(65)) - Build channel for c9e90f19-93bd-492a-840b-17fd0f306342
2023-06-07 07:10:59,461 [grpc-default-executor-1] INFO  server.RaftServer$Division (RaftServerImpl.java:requestVote(1302)) - 1b66a908-7502-432b-9648-1ff1190a9abb@group-DEB1234BAF49: receive requestVote(PRE_VOTE, 4867cc16-78cf-4276-b1e1-ad4ddd1b82d4, group-DEB1234BAF49, 0, (t:0, i:0))
2023-06-07 07:10:59,461 [grpc-default-executor-1] INFO  impl.VoteContext (VoteContext.java:log(49)) - 1b66a908-7502-432b-9648-1ff1190a9abb@group-DEB1234BAF49-FOLLOWER: accept PRE_VOTE from 4867cc16-78cf-4276-b1e1-ad4ddd1b82d4: our priority 0 <= candidate's priority 1
2023-06-07 07:10:59,461 [grpc-default-executor-1] INFO  server.RaftServer$Division (RaftServerImpl.java:requestVote(1335)) - 1b66a908-7502-432b-9648-1ff1190a9abb@group-DEB1234BAF49 replies to PRE_VOTE vote request: 4867cc16-78cf-4276-b1e1-ad4ddd1b82d4<-1b66a908-7502-432b-9648-1ff1190a9abb#0:OK-t0. Peer's state: 1b66a908-7502-432b-9648-1ff1190a9abb@group-DEB1234BAF49:t0, leader=null, voted=, raftlog=Memoized:1b66a908-7502-432b-9648-1ff1190a9abb@group-DEB1234BAF49-SegmentedRaftLog:OPENED:c-1, conf=-1: peers:[1b66a908-7502-432b-9648-1ff1190a9abb|rpc:10.1.0.31:15059|admin:10.1.0.31:15058|client:10.1.0.31:15057|dataStream:10.1.0.31:15060|priority:0|startupRole:FOLLOWER, c9e90f19-93bd-492a-840b-17fd0f306342|rpc:10.1.0.31:15050|admin:10.1.0.31:15049|client:10.1.0.31:15048|dataStream:10.1.0.31:15051|priority:0|startupRole:FOLLOWER, 4867cc16-78cf-4276-b1e1-ad4ddd1b82d4|rpc:10.1.0.31:15041|admin:10.1.0.31:15040|client:10.1.0.31:15039|dataStream:10.1.0.31:15042|priority:1|startupRole:FOLLOWER]|listeners:[], old=null
2023-06-07 07:10:59,462 [4867cc16-78cf-4276-b1e1-ad4ddd1b82d4@group-DEB1234BAF49-LeaderElection13] INFO  impl.LeaderElection (LeaderElection.java:logAndReturn(90)) - 4867cc16-78cf-4276-b1e1-ad4ddd1b82d4@group-DEB1234BAF49-LeaderElection13: PRE_VOTE PASSED received 1 response(s) and 0 exception(s):
2023-06-07 07:10:59,463 [4867cc16-78cf-4276-b1e1-ad4ddd1b82d4@group-DEB1234BAF49-LeaderElection13] INFO  impl.LeaderElection (LeaderElection.java:logAndReturn(94)) -   Response 0: 4867cc16-78cf-4276-b1e1-ad4ddd1b82d4<-1b66a908-7502-432b-9648-1ff1190a9abb#0:OK-t0
2023-06-07 07:10:59,463 [4867cc16-78cf-4276-b1e1-ad4ddd1b82d4@group-DEB1234BAF49-LeaderElection13] INFO  impl.LeaderElection (LeaderElection.java:askForVotes(323)) - 4867cc16-78cf-4276-b1e1-ad4ddd1b82d4@group-DEB1234BAF49-LeaderElection13 PRE_VOTE round 0: result PASSED
2023-06-07 07:10:59,466 [4867cc16-78cf-4276-b1e1-ad4ddd1b82d4@group-DEB1234BAF49-LeaderElection13] INFO  impl.LeaderElection (LeaderElection.java:askForVotes(321)) - 4867cc16-78cf-4276-b1e1-ad4ddd1b82d4@group-DEB1234BAF49-LeaderElection13 ELECTION round 0: submit vote requests at term 1 for -1: peers:[1b66a908-7502-432b-9648-1ff1190a9abb|rpc:10.1.0.31:15059|admin:10.1.0.31:15058|client:10.1.0.31:15057|dataStream:10.1.0.31:15060|priority:0|startupRole:FOLLOWER, c9e90f19-93bd-492a-840b-17fd0f306342|rpc:10.1.0.31:15050|admin:10.1.0.31:15049|client:10.1.0.31:15048|dataStream:10.1.0.31:15051|priority:0|startupRole:FOLLOWER, 4867cc16-78cf-4276-b1e1-ad4ddd1b82d4|rpc:10.1.0.31:15041|admin:10.1.0.31:15040|client:10.1.0.31:15039|dataStream:10.1.0.31:15042|priority:1|startupRole:FOLLOWER]|listeners:[], old=null
2023-06-07 07:10:59,468 [grpc-default-executor-1] INFO  server.RaftServer$Division (RaftServerImpl.java:requestVote(1302)) - 1b66a908-7502-432b-9648-1ff1190a9abb@group-DEB1234BAF49: receive requestVote(ELECTION, 4867cc16-78cf-4276-b1e1-ad4ddd1b82d4, group-DEB1234BAF49, 1, (t:0, i:0))
2023-06-07 07:10:59,468 [grpc-default-executor-1] INFO  impl.VoteContext (VoteContext.java:log(49)) - 1b66a908-7502-432b-9648-1ff1190a9abb@group-DEB1234BAF49-FOLLOWER: accept ELECTION from 4867cc16-78cf-4276-b1e1-ad4ddd1b82d4: our priority 0 <= candidate's priority 1
2023-06-07 07:10:59,468 [grpc-default-executor-1] INFO  server.RaftServer$Division (RaftServerImpl.java:setRole(329)) - 1b66a908-7502-432b-9648-1ff1190a9abb@group-DEB1234BAF49: changes role from  FOLLOWER to FOLLOWER at term 1 for candidate:4867cc16-78cf-4276-b1e1-ad4ddd1b82d4
2023-06-07 07:10:59,468 [grpc-default-executor-1] INFO  impl.RoleInfo (RoleInfo.java:shutdownFollowerState(110)) - 1b66a908-7502-432b-9648-1ff1190a9abb: shutdown 1b66a908-7502-432b-9648-1ff1190a9abb@group-DEB1234BAF49-FollowerState
2023-06-07 07:10:59,468 [4867cc16-78cf-4276-b1e1-ad4ddd1b82d4@group-DEB1234BAF49-LeaderElection13] INFO  server.RaftServerConfigKeys (ConfUtils.java:logFallback(53)) - raft.server.rpc.first-election.timeout.min = 5s (fallback to raft.server.rpc.timeout.min)
2023-06-07 07:10:59,468 [4867cc16-78cf-4276-b1e1-ad4ddd1b82d4@group-DEB1234BAF49-LeaderElection13] INFO  server.RaftServerConfigKeys (ConfUtils.java:logFallback(53)) - raft.server.rpc.first-election.timeout.max = 5200ms (fallback to raft.server.rpc.timeout.max)
2023-06-07 07:10:59,471 [grpc-default-executor-1] INFO  impl.RoleInfo (RoleInfo.java:updateAndGet(139)) - 1b66a908-7502-432b-9648-1ff1190a9abb: start 1b66a908-7502-432b-9648-1ff1190a9abb@group-DEB1234BAF49-FollowerState
2023-06-07 07:10:59,471 [1b66a908-7502-432b-9648-1ff1190a9abb@group-DEB1234BAF49-FollowerState] INFO  impl.FollowerState (FollowerState.java:run(152)) - 1b66a908-7502-432b-9648-1ff1190a9abb@group-DEB1234BAF49-FollowerState was interrupted
2023-06-07 07:10:59,473 [1b66a908-7502-432b-9648-1ff1190a9abb@group-134C86F9C103-LeaderElection12] INFO  server.RaftServerConfigKeys (ConfUtils.java:logGet(46)) - raft.server.write.element-limit = 1024 (custom)
2023-06-07 07:10:59,474 [1b66a908-7502-432b-9648-1ff1190a9abb@group-134C86F9C103-LeaderElection12] INFO  server.RaftServerConfigKeys (ConfUtils.java:logGet(46)) - raft.server.write.byte-limit = 1024 M (=1073741824) (custom)
2023-06-07 07:10:59,474 [1b66a908-7502-432b-9648-1ff1190a9abb@group-134C86F9C103-LeaderElection12] INFO  server.RaftServerConfigKeys (ConfUtils.java:logGet(46)) - raft.server.watch.timeout = 180s (custom)
2023-06-07 07:10:59,474 [1b66a908-7502-432b-9648-1ff1190a9abb@group-134C86F9C103-LeaderElection12] INFO  server.RaftServerConfigKeys (ConfUtils.java:logGet(46)) - raft.server.watch.timeout.denomination = 1s (default)
2023-06-07 07:10:59,474 [1b66a908-7502-432b-9648-1ff1190a9abb@group-134C86F9C103-LeaderElection12] INFO  server.RaftServerConfigKeys (ConfUtils.java:logGet(46)) - raft.server.watch.element-limit = 65536 (default)
2023-06-07 07:10:59,474 [1b66a908-7502-432b-9648-1ff1190a9abb@group-134C86F9C103-LeaderElection12] INFO  server.RaftServerConfigKeys (ConfUtils.java:logGet(46)) - raft.server.write.element-limit = 1024 (custom)
2023-06-07 07:10:59,474 [1b66a908-7502-432b-9648-1ff1190a9abb@group-134C86F9C103-LeaderElection12] INFO  server.RaftServerConfigKeys (ConfUtils.java:logGet(46)) - raft.server.write.follower.gap.ratio.max = -1.0 (default)
2023-06-07 07:10:59,474 [1b66a908-7502-432b-9648-1ff1190a9abb@group-134C86F9C103-LeaderElection12] INFO  impl.RoleInfo (RoleInfo.java:updateAndGet(139)) - 1b66a908-7502-432b-9648-1ff1190a9abb: start 1b66a908-7502-432b-9648-1ff1190a9abb@group-134C86F9C103-LeaderStateImpl
2023-06-07 07:10:59,475 [grpc-default-executor-0] INFO  server.RaftServer$Division (RaftServerImpl.java:requestVote(1302)) - c9e90f19-93bd-492a-840b-17fd0f306342@group-DEB1234BAF49: receive requestVote(PRE_VOTE, 4867cc16-78cf-4276-b1e1-ad4ddd1b82d4, group-DEB1234BAF49, 0, (t:0, i:0))
2023-06-07 07:10:59,475 [grpc-default-executor-0] INFO  impl.VoteContext (VoteContext.java:log(49)) - c9e90f19-93bd-492a-840b-17fd0f306342@group-DEB1234BAF49-FOLLOWER: accept PRE_VOTE from 4867cc16-78cf-4276-b1e1-ad4ddd1b82d4: our priority 0 <= candidate's priority 1
2023-06-07 07:10:59,475 [grpc-default-executor-0] INFO  server.RaftServer$Division (RaftServerImpl.java:requestVote(1335)) - c9e90f19-93bd-492a-840b-17fd0f306342@group-DEB1234BAF49 replies to PRE_VOTE vote request: 4867cc16-78cf-4276-b1e1-ad4ddd1b82d4<-c9e90f19-93bd-492a-840b-17fd0f306342#0:OK-t0. Peer's state: c9e90f19-93bd-492a-840b-17fd0f306342@group-DEB1234BAF49:t0, leader=null, voted=, raftlog=Memoized:c9e90f19-93bd-492a-840b-17fd0f306342@group-DEB1234BAF49-SegmentedRaftLog:OPENED:c-1, conf=-1: peers:[1b66a908-7502-432b-9648-1ff1190a9abb|rpc:10.1.0.31:15059|admin:10.1.0.31:15058|client:10.1.0.31:15057|dataStream:10.1.0.31:15060|priority:0|startupRole:FOLLOWER, c9e90f19-93bd-492a-840b-17fd0f306342|rpc:10.1.0.31:15050|admin:10.1.0.31:15049|client:10.1.0.31:15048|dataStream:10.1.0.31:15051|priority:0|startupRole:FOLLOWER, 4867cc16-78cf-4276-b1e1-ad4ddd1b82d4|rpc:10.1.0.31:15041|admin:10.1.0.31:15040|client:10.1.0.31:15039|dataStream:10.1.0.31:15042|priority:1|startupRole:FOLLOWER]|listeners:[], old=null
2023-06-07 07:10:59,476 [1b66a908-7502-432b-9648-1ff1190a9abb@group-134C86F9C103-LeaderElection12] INFO  segmented.SegmentedRaftLogWorker (SegmentedRaftLogWorker.java:startLogSegment(447)) - 1b66a908-7502-432b-9648-1ff1190a9abb@group-134C86F9C103-SegmentedRaftLogWorker: Starting segment from index:0
2023-06-07 07:10:59,479 [grpc-default-executor-1] INFO  server.RaftServer$Division (RaftServerImpl.java:requestVote(1335)) - 1b66a908-7502-432b-9648-1ff1190a9abb@group-DEB1234BAF49 replies to ELECTION vote request: 4867cc16-78cf-4276-b1e1-ad4ddd1b82d4<-1b66a908-7502-432b-9648-1ff1190a9abb#0:OK-t1. Peer's state: 1b66a908-7502-432b-9648-1ff1190a9abb@group-DEB1234BAF49:t1, leader=null, voted=4867cc16-78cf-4276-b1e1-ad4ddd1b82d4, raftlog=Memoized:1b66a908-7502-432b-9648-1ff1190a9abb@group-DEB1234BAF49-SegmentedRaftLog:OPENED:c-1, conf=-1: peers:[1b66a908-7502-432b-9648-1ff1190a9abb|rpc:10.1.0.31:15059|admin:10.1.0.31:15058|client:10.1.0.31:15057|dataStream:10.1.0.31:15060|priority:0|startupRole:FOLLOWER, c9e90f19-93bd-492a-840b-17fd0f306342|rpc:10.1.0.31:15050|admin:10.1.0.31:15049|client:10.1.0.31:15048|dataStream:10.1.0.31:15051|priority:0|startupRole:FOLLOWER, 4867cc16-78cf-4276-b1e1-ad4ddd1b82d4|rpc:10.1.0.31:15041|admin:10.1.0.31:15040|client:10.1.0.31:15039|dataStream:10.1.0.31:15042|priority:1|startupRole:FOLLOWER]|listeners:[], old=null
2023-06-07 07:10:59,482 [OM StateMachine ApplyTransaction Thread - 0] INFO  volume.OMVolumeCreateRequest (OMVolumeCreateRequest.java:validateAndUpdateCache(196)) - created volume:0d246513-bf00-4f61-a0c7-7176d6afb137 for user:runner
2023-06-07 07:10:59,484 [4867cc16-78cf-4276-b1e1-ad4ddd1b82d4@group-DEB1234BAF49-LeaderElection13] INFO  impl.LeaderElection (LeaderElection.java:logAndReturn(90)) - 4867cc16-78cf-4276-b1e1-ad4ddd1b82d4@group-DEB1234BAF49-LeaderElection13: ELECTION PASSED received 1 response(s) and 0 exception(s):
2023-06-07 07:10:59,484 [4867cc16-78cf-4276-b1e1-ad4ddd1b82d4@group-DEB1234BAF49-LeaderElection13] INFO  impl.LeaderElection (LeaderElection.java:logAndReturn(94)) -   Response 0: 4867cc16-78cf-4276-b1e1-ad4ddd1b82d4<-1b66a908-7502-432b-9648-1ff1190a9abb#0:OK-t1
2023-06-07 07:10:59,485 [4867cc16-78cf-4276-b1e1-ad4ddd1b82d4@group-DEB1234BAF49-LeaderElection13] INFO  impl.LeaderElection (LeaderElection.java:askForVotes(323)) - 4867cc16-78cf-4276-b1e1-ad4ddd1b82d4@group-DEB1234BAF49-LeaderElection13 ELECTION round 0: result PASSED
2023-06-07 07:10:59,485 [4867cc16-78cf-4276-b1e1-ad4ddd1b82d4@group-DEB1234BAF49-LeaderElection13] INFO  impl.RoleInfo (RoleInfo.java:shutdownLeaderElection(130)) - 4867cc16-78cf-4276-b1e1-ad4ddd1b82d4: shutdown 4867cc16-78cf-4276-b1e1-ad4ddd1b82d4@group-DEB1234BAF49-LeaderElection13
2023-06-07 07:10:59,485 [4867cc16-78cf-4276-b1e1-ad4ddd1b82d4@group-DEB1234BAF49-LeaderElection13] INFO  server.RaftServer$Division (RaftServerImpl.java:setRole(329)) - 4867cc16-78cf-4276-b1e1-ad4ddd1b82d4@group-DEB1234BAF49: changes role from CANDIDATE to LEADER at term 1 for changeToLeader
2023-06-07 07:10:59,485 [4867cc16-78cf-4276-b1e1-ad4ddd1b82d4@group-DEB1234BAF49-LeaderElection13] INFO  ratis.XceiverServerRatis (XceiverServerRatis.java:handleLeaderChangedNotification(902)) - Leader change notification received for group: group-DEB1234BAF49 with new leaderId: 4867cc16-78cf-4276-b1e1-ad4ddd1b82d4
2023-06-07 07:10:59,485 [4867cc16-78cf-4276-b1e1-ad4ddd1b82d4@group-DEB1234BAF49-LeaderElection13] INFO  server.RaftServer$Division (ServerState.java:setLeader(317)) - 4867cc16-78cf-4276-b1e1-ad4ddd1b82d4@group-DEB1234BAF49: change Leader from null to 4867cc16-78cf-4276-b1e1-ad4ddd1b82d4 at term 1 for becomeLeader, leader elected after 5737ms
2023-06-07 07:10:59,485 [4867cc16-78cf-4276-b1e1-ad4ddd1b82d4@group-DEB1234BAF49-LeaderElection13] INFO  server.RaftServerConfigKeys (ConfUtils.java:logGet(46)) - raft.server.staging.catchup.gap = 1000 (default)
2023-06-07 07:10:59,485 [4867cc16-78cf-4276-b1e1-ad4ddd1b82d4@group-DEB1234BAF49-LeaderElection13] INFO  server.RaftServerConfigKeys (ConfUtils.java:logGet(46)) - raft.server.write.element-limit = 1024 (custom)
2023-06-07 07:10:59,485 [4867cc16-78cf-4276-b1e1-ad4ddd1b82d4@group-DEB1234BAF49-LeaderElection13] INFO  server.RaftServerConfigKeys (ConfUtils.java:logGet(46)) - raft.server.write.byte-limit = 1024 M (=1073741824) (custom)
2023-06-07 07:10:59,485 [4867cc16-78cf-4276-b1e1-ad4ddd1b82d4@group-DEB1234BAF49-LeaderElection13] INFO  server.RaftServerConfigKeys (ConfUtils.java:logGet(46)) - raft.server.watch.timeout = 180s (custom)
2023-06-07 07:10:59,486 [4867cc16-78cf-4276-b1e1-ad4ddd1b82d4@group-DEB1234BAF49-LeaderElection13] INFO  server.RaftServerConfigKeys (ConfUtils.java:logGet(46)) - raft.server.watch.timeout.denomination = 1s (default)
2023-06-07 07:10:59,486 [4867cc16-78cf-4276-b1e1-ad4ddd1b82d4@group-DEB1234BAF49-LeaderElection13] INFO  server.RaftServerConfigKeys (ConfUtils.java:logGet(46)) - raft.server.watch.element-limit = 65536 (default)
2023-06-07 07:10:59,486 [4867cc16-78cf-4276-b1e1-ad4ddd1b82d4@group-DEB1234BAF49-LeaderElection13] INFO  server.RaftServerConfigKeys (ConfUtils.java:logGet(46)) - raft.server.write.element-limit = 1024 (custom)
2023-06-07 07:10:59,486 [4867cc16-78cf-4276-b1e1-ad4ddd1b82d4@group-DEB1234BAF49-LeaderElection13] INFO  server.RaftServerConfigKeys (ConfUtils.java:logGet(46)) - raft.server.write.follower.gap.ratio.max = -1.0 (default)
2023-06-07 07:10:59,486 [4867cc16-78cf-4276-b1e1-ad4ddd1b82d4@group-DEB1234BAF49-LeaderElection13] INFO  server.RaftServerConfigKeys (ConfUtils.java:logGet(46)) - raft.server.log.appender.snapshot.chunk.size.max = 16MB (=16777216) (default)
2023-06-07 07:10:59,486 [4867cc16-78cf-4276-b1e1-ad4ddd1b82d4@group-DEB1234BAF49-LeaderElection13] INFO  server.RaftServerConfigKeys (ConfUtils.java:logGet(46)) - raft.server.log.appender.buffer.byte-limit = 33554432 (custom)
2023-06-07 07:10:59,487 [4867cc16-78cf-4276-b1e1-ad4ddd1b82d4@group-DEB1234BAF49-LeaderElection13] INFO  server.RaftServerConfigKeys (ConfUtils.java:logGet(46)) - raft.server.log.appender.buffer.element-limit = 1 (custom)
2023-06-07 07:10:59,487 [4867cc16-78cf-4276-b1e1-ad4ddd1b82d4@group-DEB1234BAF49-LeaderElection13] INFO  server.RaftServerConfigKeys (ConfUtils.java:logGet(46)) - raft.server.log.appender.wait-time.min = 10ms (default)
2023-06-07 07:10:59,487 [4867cc16-78cf-4276-b1e1-ad4ddd1b82d4@group-DEB1234BAF49-LeaderElection13] INFO  grpc.GrpcConfigKeys (ConfUtils.java:logGet(46)) - raft.grpc.server.leader.outstanding.appends.max = 128 (default)
2023-06-07 07:10:59,487 [4867cc16-78cf-4276-b1e1-ad4ddd1b82d4@group-DEB1234BAF49-LeaderElection13] INFO  server.RaftServerConfigKeys (ConfUtils.java:logGet(46)) - raft.server.rpc.request.timeout = 60s (custom)
2023-06-07 07:10:59,487 [4867cc16-78cf-4276-b1e1-ad4ddd1b82d4@group-DEB1234BAF49-LeaderElection13] INFO  grpc.GrpcConfigKeys (ConfUtils.java:logGet(46)) - raft.grpc.server.install_snapshot.request.element-limit = 8 (default)
2023-06-07 07:10:59,487 [4867cc16-78cf-4276-b1e1-ad4ddd1b82d4@group-DEB1234BAF49-LeaderElection13] INFO  grpc.GrpcConfigKeys (ConfUtils.java:logGet(46)) - raft.grpc.server.install_snapshot.request.timeout = 3000ms (default)
2023-06-07 07:10:59,487 [4867cc16-78cf-4276-b1e1-ad4ddd1b82d4@group-DEB1234BAF49-LeaderElection13] INFO  server.RaftServerConfigKeys (ConfUtils.java:logGet(46)) - raft.server.log.appender.install.snapshot.enabled = false (custom)
2023-06-07 07:10:59,487 [4867cc16-78cf-4276-b1e1-ad4ddd1b82d4@group-DEB1234BAF49-LeaderElection13] INFO  grpc.GrpcConfigKeys (ConfUtils.java:logGet(46)) - raft.grpc.server.heartbeat.channel = true (default)
2023-06-07 07:10:59,489 [EventQueue-PipelineReportForPipelineReportHandler] INFO  pipeline.PipelineManagerImpl (PipelineManagerImpl.java:openPipeline(367)) - Pipeline Pipeline[ Id: 9ea93171-eff4-4ff6-a6d2-deb1234baf49, Nodes: 4867cc16-78cf-4276-b1e1-ad4ddd1b82d4(fv-az246-755.dmzl2ssfaldu3choa5k4qgfeyh.jx.internal.cloudapp.net/10.1.0.31)c9e90f19-93bd-492a-840b-17fd0f306342(fv-az246-755.dmzl2ssfaldu3choa5k4qgfeyh.jx.internal.cloudapp.net/10.1.0.31)1b66a908-7502-432b-9648-1ff1190a9abb(fv-az246-755.dmzl2ssfaldu3choa5k4qgfeyh.jx.internal.cloudapp.net/10.1.0.31), ReplicationConfig: RATIS/THREE, State:ALLOCATED, leaderId:4867cc16-78cf-4276-b1e1-ad4ddd1b82d4, CreationTimestamp2023-06-07T07:10:50.914Z[Etc/UTC]] moved to OPEN state
2023-06-07 07:10:59,492 [4867cc16-78cf-4276-b1e1-ad4ddd1b82d4@group-DEB1234BAF49-LeaderElection13] INFO  server.RaftServerConfigKeys (ConfUtils.java:logGet(46)) - raft.server.log.appender.snapshot.chunk.size.max = 16MB (=16777216) (default)
2023-06-07 07:10:59,493 [4867cc16-78cf-4276-b1e1-ad4ddd1b82d4@group-DEB1234BAF49-LeaderElection13] INFO  server.RaftServerConfigKeys (ConfUtils.java:logGet(46)) - raft.server.log.appender.buffer.byte-limit = 33554432 (custom)
2023-06-07 07:10:59,493 [4867cc16-78cf-4276-b1e1-ad4ddd1b82d4@group-DEB1234BAF49-LeaderElection13] INFO  server.RaftServerConfigKeys (ConfUtils.java:logGet(46)) - raft.server.log.appender.buffer.element-limit = 1 (custom)
2023-06-07 07:10:59,493 [4867cc16-78cf-4276-b1e1-ad4ddd1b82d4@group-DEB1234BAF49-LeaderElection13] INFO  server.RaftServerConfigKeys (ConfUtils.java:logGet(46)) - raft.server.log.appender.wait-time.min = 10ms (default)
2023-06-07 07:10:59,493 [4867cc16-78cf-4276-b1e1-ad4ddd1b82d4@group-DEB1234BAF49-LeaderElection13] INFO  grpc.GrpcConfigKeys (ConfUtils.java:logGet(46)) - raft.grpc.server.leader.outstanding.appends.max = 128 (default)
2023-06-07 07:10:59,493 [4867cc16-78cf-4276-b1e1-ad4ddd1b82d4@group-DEB1234BAF49-LeaderElection13] INFO  server.RaftServerConfigKeys (ConfUtils.java:logGet(46)) - raft.server.rpc.request.timeout = 60s (custom)
2023-06-07 07:10:59,493 [4867cc16-78cf-4276-b1e1-ad4ddd1b82d4@group-DEB1234BAF49-LeaderElection13] INFO  grpc.GrpcConfigKeys (ConfUtils.java:logGet(46)) - raft.grpc.server.install_snapshot.request.element-limit = 8 (default)
2023-06-07 07:10:59,505 [grpc-default-executor-1] INFO  server.RaftServer$Division (RaftServerImpl.java:requestVote(1302)) - c9e90f19-93bd-492a-840b-17fd0f306342@group-DEB1234BAF49: receive requestVote(ELECTION, 4867cc16-78cf-4276-b1e1-ad4ddd1b82d4, group-DEB1234BAF49, 1, (t:0, i:0))
2023-06-07 07:10:59,510 [4867cc16-78cf-4276-b1e1-ad4ddd1b82d4@group-DEB1234BAF49-LeaderElection13] INFO  grpc.GrpcConfigKeys (ConfUtils.java:logGet(46)) - raft.grpc.server.install_snapshot.request.timeout = 3000ms (default)
2023-06-07 07:10:59,510 [4867cc16-78cf-4276-b1e1-ad4ddd1b82d4@group-DEB1234BAF49-LeaderElection13] INFO  server.RaftServerConfigKeys (ConfUtils.java:logGet(46)) - raft.server.log.appender.install.snapshot.enabled = false (custom)
2023-06-07 07:10:59,510 [4867cc16-78cf-4276-b1e1-ad4ddd1b82d4@group-DEB1234BAF49-LeaderElection13] INFO  grpc.GrpcConfigKeys (ConfUtils.java:logGet(46)) - raft.grpc.server.heartbeat.channel = true (default)
2023-06-07 07:10:59,511 [4867cc16-78cf-4276-b1e1-ad4ddd1b82d4@group-DEB1234BAF49-LeaderElection13] INFO  impl.RoleInfo (RoleInfo.java:updateAndGet(139)) - 4867cc16-78cf-4276-b1e1-ad4ddd1b82d4: start 4867cc16-78cf-4276-b1e1-ad4ddd1b82d4@group-DEB1234BAF49-LeaderStateImpl
2023-06-07 07:10:59,511 [4867cc16-78cf-4276-b1e1-ad4ddd1b82d4@group-DEB1234BAF49-LeaderElection13] INFO  segmented.SegmentedRaftLogWorker (SegmentedRaftLogWorker.java:startLogSegment(447)) - 4867cc16-78cf-4276-b1e1-ad4ddd1b82d4@group-DEB1234BAF49-SegmentedRaftLogWorker: Starting segment from index:0
2023-06-07 07:10:59,518 [4867cc16-78cf-4276-b1e1-ad4ddd1b82d4@group-DEB1234BAF49-SegmentedRaftLogWorker] INFO  segmented.SegmentedRaftLogWorker (SegmentedRaftLogWorker.java:execute(651)) - 4867cc16-78cf-4276-b1e1-ad4ddd1b82d4@group-DEB1234BAF49-SegmentedRaftLogWorker: created new log segment /home/runner/work/ozone/ozone/hadoop-ozone/integration-test/target/test-dir/MiniOzoneClusterImpl-28223e3b-fb3b-4559-a623-43dba3cd33a0/datanode-3/data/ratis/9ea93171-eff4-4ff6-a6d2-deb1234baf49/current/log_inprogress_0
2023-06-07 07:10:59,519 [1b66a908-7502-432b-9648-1ff1190a9abb@group-134C86F9C103-SegmentedRaftLogWorker] INFO  segmented.SegmentedRaftLogWorker (SegmentedRaftLogWorker.java:execute(651)) - 1b66a908-7502-432b-9648-1ff1190a9abb@group-134C86F9C103-SegmentedRaftLogWorker: created new log segment /home/runner/work/ozone/ozone/hadoop-ozone/integration-test/target/test-dir/MiniOzoneClusterImpl-28223e3b-fb3b-4559-a623-43dba3cd33a0/datanode-5/data/ratis/47a982c7-e734-4afd-89cc-134c86f9c103/current/log_inprogress_0
2023-06-07 07:10:59,519 [1b66a908-7502-432b-9648-1ff1190a9abb@group-134C86F9C103-LeaderElection12] INFO  server.RaftServer$Division (ServerState.java:setRaftConf(434)) - 1b66a908-7502-432b-9648-1ff1190a9abb@group-134C86F9C103: set configuration 0: peers:[1b66a908-7502-432b-9648-1ff1190a9abb|rpc:10.1.0.31:15059|admin:10.1.0.31:15058|client:10.1.0.31:15057|dataStream:10.1.0.31:15060|priority:1|startupRole:FOLLOWER]|listeners:[], old=null
2023-06-07 07:10:59,519 [grpc-default-executor-1] INFO  impl.VoteContext (VoteContext.java:log(49)) - c9e90f19-93bd-492a-840b-17fd0f306342@group-DEB1234BAF49-FOLLOWER: accept ELECTION from 4867cc16-78cf-4276-b1e1-ad4ddd1b82d4: our priority 0 <= candidate's priority 1
2023-06-07 07:10:59,519 [grpc-default-executor-1] INFO  server.RaftServer$Division (RaftServerImpl.java:setRole(329)) - c9e90f19-93bd-492a-840b-17fd0f306342@group-DEB1234BAF49: changes role from  FOLLOWER to FOLLOWER at term 1 for candidate:4867cc16-78cf-4276-b1e1-ad4ddd1b82d4
2023-06-07 07:10:59,520 [grpc-default-executor-1] INFO  impl.RoleInfo (RoleInfo.java:shutdownFollowerState(110)) - c9e90f19-93bd-492a-840b-17fd0f306342: shutdown c9e90f19-93bd-492a-840b-17fd0f306342@group-DEB1234BAF49-FollowerState
2023-06-07 07:10:59,520 [grpc-default-executor-1] INFO  impl.RoleInfo (RoleInfo.java:updateAndGet(139)) - c9e90f19-93bd-492a-840b-17fd0f306342: start c9e90f19-93bd-492a-840b-17fd0f306342@group-DEB1234BAF49-FollowerState
2023-06-07 07:10:59,520 [c9e90f19-93bd-492a-840b-17fd0f306342@group-DEB1234BAF49-FollowerState] INFO  impl.FollowerState (FollowerState.java:run(152)) - c9e90f19-93bd-492a-840b-17fd0f306342@group-DEB1234BAF49-FollowerState was interrupted
2023-06-07 07:10:59,530 [grpc-default-executor-1] INFO  server.RaftServer$Division (RaftServerImpl.java:requestVote(1335)) - c9e90f19-93bd-492a-840b-17fd0f306342@group-DEB1234BAF49 replies to ELECTION vote request: 4867cc16-78cf-4276-b1e1-ad4ddd1b82d4<-c9e90f19-93bd-492a-840b-17fd0f306342#0:OK-t1. Peer's state: c9e90f19-93bd-492a-840b-17fd0f306342@group-DEB1234BAF49:t1, leader=null, voted=4867cc16-78cf-4276-b1e1-ad4ddd1b82d4, raftlog=Memoized:c9e90f19-93bd-492a-840b-17fd0f306342@group-DEB1234BAF49-SegmentedRaftLog:OPENED:c-1, conf=-1: peers:[1b66a908-7502-432b-9648-1ff1190a9abb|rpc:10.1.0.31:15059|admin:10.1.0.31:15058|client:10.1.0.31:15057|dataStream:10.1.0.31:15060|priority:0|startupRole:FOLLOWER, c9e90f19-93bd-492a-840b-17fd0f306342|rpc:10.1.0.31:15050|admin:10.1.0.31:15049|client:10.1.0.31:15048|dataStream:10.1.0.31:15051|priority:0|startupRole:FOLLOWER, 4867cc16-78cf-4276-b1e1-ad4ddd1b82d4|rpc:10.1.0.31:15041|admin:10.1.0.31:15040|client:10.1.0.31:15039|dataStream:10.1.0.31:15042|priority:1|startupRole:FOLLOWER]|listeners:[], old=null
2023-06-07 07:10:59,531 [4867cc16-78cf-4276-b1e1-ad4ddd1b82d4@group-DEB1234BAF49-LeaderElection13] INFO  server.RaftServer$Division (ServerState.java:setRaftConf(434)) - 4867cc16-78cf-4276-b1e1-ad4ddd1b82d4@group-DEB1234BAF49: set configuration 0: peers:[1b66a908-7502-432b-9648-1ff1190a9abb|rpc:10.1.0.31:15059|admin:10.1.0.31:15058|client:10.1.0.31:15057|dataStream:10.1.0.31:15060|priority:0|startupRole:FOLLOWER, c9e90f19-93bd-492a-840b-17fd0f306342|rpc:10.1.0.31:15050|admin:10.1.0.31:15049|client:10.1.0.31:15048|dataStream:10.1.0.31:15051|priority:0|startupRole:FOLLOWER, 4867cc16-78cf-4276-b1e1-ad4ddd1b82d4|rpc:10.1.0.31:15041|admin:10.1.0.31:15040|client:10.1.0.31:15039|dataStream:10.1.0.31:15042|priority:1|startupRole:FOLLOWER]|listeners:[], old=null
2023-06-07 07:10:59,557 [c9e90f19-93bd-492a-840b-17fd0f306342-server-thread1] INFO  ratis.XceiverServerRatis (XceiverServerRatis.java:handleLeaderChangedNotification(902)) - Leader change notification received for group: group-DEB1234BAF49 with new leaderId: 4867cc16-78cf-4276-b1e1-ad4ddd1b82d4
2023-06-07 07:10:59,557 [c9e90f19-93bd-492a-840b-17fd0f306342-server-thread1] INFO  server.RaftServer$Division (ServerState.java:setLeader(317)) - c9e90f19-93bd-492a-840b-17fd0f306342@group-DEB1234BAF49: change Leader from null to 4867cc16-78cf-4276-b1e1-ad4ddd1b82d4 at term 1 for appendEntries, leader elected after 5251ms
2023-06-07 07:10:59,558 [1b66a908-7502-432b-9648-1ff1190a9abb-server-thread1] INFO  ratis.XceiverServerRatis (XceiverServerRatis.java:handleLeaderChangedNotification(902)) - Leader change notification received for group: group-DEB1234BAF49 with new leaderId: 4867cc16-78cf-4276-b1e1-ad4ddd1b82d4
2023-06-07 07:10:59,559 [1b66a908-7502-432b-9648-1ff1190a9abb-server-thread1] INFO  server.RaftServer$Division (ServerState.java:setLeader(317)) - 1b66a908-7502-432b-9648-1ff1190a9abb@group-DEB1234BAF49: change Leader from null to 4867cc16-78cf-4276-b1e1-ad4ddd1b82d4 at term 1 for appendEntries, leader elected after 5147ms
2023-06-07 07:10:59,563 [c9e90f19-93bd-492a-840b-17fd0f306342-server-thread1] INFO  server.RaftServer$Division (ServerState.java:setRaftConf(434)) - c9e90f19-93bd-492a-840b-17fd0f306342@group-DEB1234BAF49: set configuration 0: peers:[1b66a908-7502-432b-9648-1ff1190a9abb|rpc:10.1.0.31:15059|admin:10.1.0.31:15058|client:10.1.0.31:15057|dataStream:10.1.0.31:15060|priority:0|startupRole:FOLLOWER, c9e90f19-93bd-492a-840b-17fd0f306342|rpc:10.1.0.31:15050|admin:10.1.0.31:15049|client:10.1.0.31:15048|dataStream:10.1.0.31:15051|priority:0|startupRole:FOLLOWER, 4867cc16-78cf-4276-b1e1-ad4ddd1b82d4|rpc:10.1.0.31:15041|admin:10.1.0.31:15040|client:10.1.0.31:15039|dataStream:10.1.0.31:15042|priority:1|startupRole:FOLLOWER]|listeners:[], old=null
2023-06-07 07:10:59,563 [c9e90f19-93bd-492a-840b-17fd0f306342-server-thread1] INFO  segmented.SegmentedRaftLogWorker (SegmentedRaftLogWorker.java:startLogSegment(447)) - c9e90f19-93bd-492a-840b-17fd0f306342@group-DEB1234BAF49-SegmentedRaftLogWorker: Starting segment from index:0
2023-06-07 07:10:59,563 [1b66a908-7502-432b-9648-1ff1190a9abb-server-thread2] INFO  server.RaftServer$Division (ServerState.java:setRaftConf(434)) - 1b66a908-7502-432b-9648-1ff1190a9abb@group-DEB1234BAF49: set configuration 0: peers:[1b66a908-7502-432b-9648-1ff1190a9abb|rpc:10.1.0.31:15059|admin:10.1.0.31:15058|client:10.1.0.31:15057|dataStream:10.1.0.31:15060|priority:0|startupRole:FOLLOWER, c9e90f19-93bd-492a-840b-17fd0f306342|rpc:10.1.0.31:15050|admin:10.1.0.31:15049|client:10.1.0.31:15048|dataStream:10.1.0.31:15051|priority:0|startupRole:FOLLOWER, 4867cc16-78cf-4276-b1e1-ad4ddd1b82d4|rpc:10.1.0.31:15041|admin:10.1.0.31:15040|client:10.1.0.31:15039|dataStream:10.1.0.31:15042|priority:1|startupRole:FOLLOWER]|listeners:[], old=null
2023-06-07 07:10:59,563 [1b66a908-7502-432b-9648-1ff1190a9abb-server-thread2] INFO  segmented.SegmentedRaftLogWorker (SegmentedRaftLogWorker.java:startLogSegment(447)) - 1b66a908-7502-432b-9648-1ff1190a9abb@group-DEB1234BAF49-SegmentedRaftLogWorker: Starting segment from index:0
2023-06-07 07:10:59,576 [1b66a908-7502-432b-9648-1ff1190a9abb@group-DEB1234BAF49-SegmentedRaftLogWorker] INFO  segmented.SegmentedRaftLogWorker (SegmentedRaftLogWorker.java:execute(651)) - 1b66a908-7502-432b-9648-1ff1190a9abb@group-DEB1234BAF49-SegmentedRaftLogWorker: created new log segment /home/runner/work/ozone/ozone/hadoop-ozone/integration-test/target/test-dir/MiniOzoneClusterImpl-28223e3b-fb3b-4559-a623-43dba3cd33a0/datanode-5/data/ratis/9ea93171-eff4-4ff6-a6d2-deb1234baf49/current/log_inprogress_0
2023-06-07 07:10:59,576 [c9e90f19-93bd-492a-840b-17fd0f306342@group-DEB1234BAF49-SegmentedRaftLogWorker] INFO  segmented.SegmentedRaftLogWorker (SegmentedRaftLogWorker.java:execute(651)) - c9e90f19-93bd-492a-840b-17fd0f306342@group-DEB1234BAF49-SegmentedRaftLogWorker: created new log segment /home/runner/work/ozone/ozone/hadoop-ozone/integration-test/target/test-dir/MiniOzoneClusterImpl-28223e3b-fb3b-4559-a623-43dba3cd33a0/datanode-4/data/ratis/9ea93171-eff4-4ff6-a6d2-deb1234baf49/current/log_inprogress_0
2023-06-07 07:10:59,615 [main] INFO  rpc.RpcClient (RpcClient.java:createBucket(686)) - Creating Bucket: 0d246513-bf00-4f61-a0c7-7176d6afb137/594a67b9-3b1a-4ec0-9fa9-afb1311e83ad, with bucket layout OBJECT_STORE, runner as owner, Versioning true, Storage Type set to DISK and Encryption set to false, Replication Type set to server-side default replication type, Namespace Quota set to -1, Space Quota set to -1 
2023-06-07 07:10:59,709 [OM StateMachine ApplyTransaction Thread - 0] INFO  bucket.OMBucketCreateRequest (OMBucketCreateRequest.java:validateAndUpdateCache(270)) - created bucket: 594a67b9-3b1a-4ec0-9fa9-afb1311e83ad of layout OBJECT_STORE in volume: 0d246513-bf00-4f61-a0c7-7176d6afb137
2023-06-07 07:10:59,746 [8757bef3-5796-4279-bd7f-82165642237f@group-D03428C1B187-FollowerState] INFO  impl.FollowerState (FollowerState.java:run(143)) - 8757bef3-5796-4279-bd7f-82165642237f@group-D03428C1B187-FollowerState: change to CANDIDATE, lastRpcElapsedTime:5073073427ns, electionTimeout:5071ms
2023-06-07 07:10:59,746 [8757bef3-5796-4279-bd7f-82165642237f@group-D03428C1B187-FollowerState] INFO  impl.RoleInfo (RoleInfo.java:shutdownFollowerState(110)) - 8757bef3-5796-4279-bd7f-82165642237f: shutdown 8757bef3-5796-4279-bd7f-82165642237f@group-D03428C1B187-FollowerState
2023-06-07 07:10:59,746 [8757bef3-5796-4279-bd7f-82165642237f@group-D03428C1B187-FollowerState] INFO  server.RaftServer$Division (RaftServerImpl.java:setRole(329)) - 8757bef3-5796-4279-bd7f-82165642237f@group-D03428C1B187: changes role from  FOLLOWER to CANDIDATE at term 0 for changeToCandidate
2023-06-07 07:10:59,746 [8757bef3-5796-4279-bd7f-82165642237f@group-D03428C1B187-FollowerState] INFO  server.RaftServerConfigKeys (ConfUtils.java:logGet(46)) - raft.server.leaderelection.pre-vote = true (default)
2023-06-07 07:10:59,746 [8757bef3-5796-4279-bd7f-82165642237f@group-D03428C1B187-FollowerState] INFO  impl.RoleInfo (RoleInfo.java:updateAndGet(139)) - 8757bef3-5796-4279-bd7f-82165642237f: start 8757bef3-5796-4279-bd7f-82165642237f@group-D03428C1B187-LeaderElection14
2023-06-07 07:10:59,748 [8757bef3-5796-4279-bd7f-82165642237f@group-F414CF65CA04-FollowerState] INFO  impl.FollowerState (FollowerState.java:run(143)) - 8757bef3-5796-4279-bd7f-82165642237f@group-F414CF65CA04-FollowerState: change to CANDIDATE, lastRpcElapsedTime:5124306537ns, electionTimeout:5110ms
2023-06-07 07:10:59,749 [8757bef3-5796-4279-bd7f-82165642237f@group-F414CF65CA04-FollowerState] INFO  impl.RoleInfo (RoleInfo.java:shutdownFollowerState(110)) - 8757bef3-5796-4279-bd7f-82165642237f: shutdown 8757bef3-5796-4279-bd7f-82165642237f@group-F414CF65CA04-FollowerState
2023-06-07 07:10:59,749 [8757bef3-5796-4279-bd7f-82165642237f@group-F414CF65CA04-FollowerState] INFO  server.RaftServer$Division (RaftServerImpl.java:setRole(329)) - 8757bef3-5796-4279-bd7f-82165642237f@group-F414CF65CA04: changes role from  FOLLOWER to CANDIDATE at term 0 for changeToCandidate
2023-06-07 07:10:59,749 [8757bef3-5796-4279-bd7f-82165642237f@group-F414CF65CA04-FollowerState] INFO  server.RaftServerConfigKeys (ConfUtils.java:logGet(46)) - raft.server.leaderelection.pre-vote = true (default)
2023-06-07 07:10:59,749 [8757bef3-5796-4279-bd7f-82165642237f@group-F414CF65CA04-FollowerState] INFO  impl.RoleInfo (RoleInfo.java:updateAndGet(139)) - 8757bef3-5796-4279-bd7f-82165642237f: start 8757bef3-5796-4279-bd7f-82165642237f@group-F414CF65CA04-LeaderElection15
2023-06-07 07:10:59,781 [8757bef3-5796-4279-bd7f-82165642237f@group-D03428C1B187-LeaderElection14] INFO  impl.LeaderElection (LeaderElection.java:askForVotes(321)) - 8757bef3-5796-4279-bd7f-82165642237f@group-D03428C1B187-LeaderElection14 PRE_VOTE round 0: submit vote requests at term 0 for -1: peers:[1c3f76c4-a361-44c3-a437-710dc7a71a87|rpc:10.1.0.31:15077|admin:10.1.0.31:15076|client:10.1.0.31:15075|dataStream:10.1.0.31:15078|priority:1|startupRole:FOLLOWER, 8757bef3-5796-4279-bd7f-82165642237f|rpc:10.1.0.31:15068|admin:10.1.0.31:15067|client:10.1.0.31:15066|dataStream:10.1.0.31:15069|priority:0|startupRole:FOLLOWER, 20fd9795-0abc-4083-965d-6ba83b10546c|rpc:10.1.0.31:15086|admin:10.1.0.31:15085|client:10.1.0.31:15084|dataStream:10.1.0.31:15087|priority:0|startupRole:FOLLOWER]|listeners:[], old=null
2023-06-07 07:10:59,792 [8757bef3-5796-4279-bd7f-82165642237f@group-F414CF65CA04-LeaderElection15] INFO  impl.LeaderElection (LeaderElection.java:askForVotes(321)) - 8757bef3-5796-4279-bd7f-82165642237f@group-F414CF65CA04-LeaderElection15 PRE_VOTE round 0: submit vote requests at term 0 for -1: peers:[8757bef3-5796-4279-bd7f-82165642237f|rpc:10.1.0.31:15068|admin:10.1.0.31:15067|client:10.1.0.31:15066|dataStream:10.1.0.31:15069|priority:1|startupRole:FOLLOWER]|listeners:[], old=null
2023-06-07 07:10:59,792 [8757bef3-5796-4279-bd7f-82165642237f@group-F414CF65CA04-LeaderElection15] INFO  impl.LeaderElection (LeaderElection.java:askForVotes(323)) - 8757bef3-5796-4279-bd7f-82165642237f@group-F414CF65CA04-LeaderElection15 PRE_VOTE round 0: result PASSED (term=0)
2023-06-07 07:10:59,793 [8757bef3-5796-4279-bd7f-82165642237f@group-F414CF65CA04-LeaderElection15] INFO  impl.LeaderElection (LeaderElection.java:askForVotes(321)) - 8757bef3-5796-4279-bd7f-82165642237f@group-F414CF65CA04-LeaderElection15 ELECTION round 0: submit vote requests at term 1 for -1: peers:[8757bef3-5796-4279-bd7f-82165642237f|rpc:10.1.0.31:15068|admin:10.1.0.31:15067|client:10.1.0.31:15066|dataStream:10.1.0.31:15069|priority:1|startupRole:FOLLOWER]|listeners:[], old=null
2023-06-07 07:10:59,793 [8757bef3-5796-4279-bd7f-82165642237f@group-F414CF65CA04-LeaderElection15] INFO  impl.LeaderElection (LeaderElection.java:askForVotes(323)) - 8757bef3-5796-4279-bd7f-82165642237f@group-F414CF65CA04-LeaderElection15 ELECTION round 0: result PASSED (term=1)
2023-06-07 07:10:59,794 [8757bef3-5796-4279-bd7f-82165642237f@group-F414CF65CA04-LeaderElection15] INFO  impl.RoleInfo (RoleInfo.java:shutdownLeaderElection(130)) - 8757bef3-5796-4279-bd7f-82165642237f: shutdown 8757bef3-5796-4279-bd7f-82165642237f@group-F414CF65CA04-LeaderElection15
2023-06-07 07:10:59,794 [8757bef3-5796-4279-bd7f-82165642237f@group-F414CF65CA04-LeaderElection15] INFO  server.RaftServer$Division (RaftServerImpl.java:setRole(329)) - 8757bef3-5796-4279-bd7f-82165642237f@group-F414CF65CA04: changes role from CANDIDATE to LEADER at term 1 for changeToLeader
2023-06-07 07:10:59,794 [8757bef3-5796-4279-bd7f-82165642237f@group-F414CF65CA04-LeaderElection15] INFO  ratis.XceiverServerRatis (XceiverServerRatis.java:handleLeaderChangedNotification(902)) - Leader change notification received for group: group-F414CF65CA04 with new leaderId: 8757bef3-5796-4279-bd7f-82165642237f
2023-06-07 07:10:59,797 [8757bef3-5796-4279-bd7f-82165642237f@group-D03428C1B187-LeaderElection14-1] INFO  server.GrpcServerProtocolClient (GrpcServerProtocolClient.java:<init>(65)) - Build channel for 1c3f76c4-a361-44c3-a437-710dc7a71a87
2023-06-07 07:10:59,805 [8757bef3-5796-4279-bd7f-82165642237f@group-D03428C1B187-LeaderElection14] INFO  server.RaftServerConfigKeys (ConfUtils.java:logFallback(53)) - raft.server.rpc.first-election.timeout.min = 5s (fallback to raft.server.rpc.timeout.min)
2023-06-07 07:10:59,805 [8757bef3-5796-4279-bd7f-82165642237f@group-D03428C1B187-LeaderElection14] INFO  server.RaftServerConfigKeys (ConfUtils.java:logFallback(53)) - raft.server.rpc.first-election.timeout.max = 5200ms (fallback to raft.server.rpc.timeout.max)
2023-06-07 07:10:59,805 [8757bef3-5796-4279-bd7f-82165642237f@group-F414CF65CA04-LeaderElection15] INFO  server.RaftServer$Division (ServerState.java:setLeader(317)) - 8757bef3-5796-4279-bd7f-82165642237f@group-F414CF65CA04: change Leader from null to 8757bef3-5796-4279-bd7f-82165642237f at term 1 for becomeLeader, leader elected after 5246ms
2023-06-07 07:10:59,806 [8757bef3-5796-4279-bd7f-82165642237f@group-F414CF65CA04-LeaderElection15] INFO  server.RaftServerConfigKeys (ConfUtils.java:logGet(46)) - raft.server.staging.catchup.gap = 1000 (default)
2023-06-07 07:10:59,806 [8757bef3-5796-4279-bd7f-82165642237f@group-F414CF65CA04-LeaderElection15] INFO  server.RaftServerConfigKeys (ConfUtils.java:logGet(46)) - raft.server.write.element-limit = 1024 (custom)
2023-06-07 07:10:59,806 [8757bef3-5796-4279-bd7f-82165642237f@group-F414CF65CA04-LeaderElection15] INFO  server.RaftServerConfigKeys (ConfUtils.java:logGet(46)) - raft.server.write.byte-limit = 1024 M (=1073741824) (custom)
2023-06-07 07:10:59,806 [8757bef3-5796-4279-bd7f-82165642237f@group-F414CF65CA04-LeaderElection15] INFO  server.RaftServerConfigKeys (ConfUtils.java:logGet(46)) - raft.server.watch.timeout = 180s (custom)
2023-06-07 07:10:59,806 [8757bef3-5796-4279-bd7f-82165642237f@group-F414CF65CA04-LeaderElection15] INFO  server.RaftServerConfigKeys (ConfUtils.java:logGet(46)) - raft.server.watch.timeout.denomination = 1s (default)
2023-06-07 07:10:59,806 [8757bef3-5796-4279-bd7f-82165642237f@group-F414CF65CA04-LeaderElection15] INFO  server.RaftServerConfigKeys (ConfUtils.java:logGet(46)) - raft.server.watch.element-limit = 65536 (default)
2023-06-07 07:10:59,806 [8757bef3-5796-4279-bd7f-82165642237f@group-F414CF65CA04-LeaderElection15] INFO  server.RaftServerConfigKeys (ConfUtils.java:logGet(46)) - raft.server.write.element-limit = 1024 (custom)
2023-06-07 07:10:59,806 [8757bef3-5796-4279-bd7f-82165642237f@group-F414CF65CA04-LeaderElection15] INFO  server.RaftServerConfigKeys (ConfUtils.java:logGet(46)) - raft.server.write.follower.gap.ratio.max = -1.0 (default)
2023-06-07 07:10:59,806 [8757bef3-5796-4279-bd7f-82165642237f@group-F414CF65CA04-LeaderElection15] INFO  impl.RoleInfo (RoleInfo.java:updateAndGet(139)) - 8757bef3-5796-4279-bd7f-82165642237f: start 8757bef3-5796-4279-bd7f-82165642237f@group-F414CF65CA04-LeaderStateImpl
2023-06-07 07:10:59,807 [8757bef3-5796-4279-bd7f-82165642237f@group-F414CF65CA04-LeaderElection15] INFO  segmented.SegmentedRaftLogWorker (SegmentedRaftLogWorker.java:startLogSegment(447)) - 8757bef3-5796-4279-bd7f-82165642237f@group-F414CF65CA04-SegmentedRaftLogWorker: Starting segment from index:0
2023-06-07 07:10:59,807 [8757bef3-5796-4279-bd7f-82165642237f@group-D03428C1B187-LeaderElection14-2] INFO  server.GrpcServerProtocolClient (GrpcServerProtocolClient.java:<init>(65)) - Build channel for 20fd9795-0abc-4083-965d-6ba83b10546c
2023-06-07 07:10:59,810 [8757bef3-5796-4279-bd7f-82165642237f@group-F414CF65CA04-LeaderElection15] INFO  server.RaftServer$Division (ServerState.java:setRaftConf(434)) - 8757bef3-5796-4279-bd7f-82165642237f@group-F414CF65CA04: set configuration 0: peers:[8757bef3-5796-4279-bd7f-82165642237f|rpc:10.1.0.31:15068|admin:10.1.0.31:15067|client:10.1.0.31:15066|dataStream:10.1.0.31:15069|priority:1|startupRole:FOLLOWER]|listeners:[], old=null
2023-06-07 07:10:59,813 [8757bef3-5796-4279-bd7f-82165642237f@group-F414CF65CA04-SegmentedRaftLogWorker] INFO  segmented.SegmentedRaftLogWorker (SegmentedRaftLogWorker.java:execute(651)) - 8757bef3-5796-4279-bd7f-82165642237f@group-F414CF65CA04-SegmentedRaftLogWorker: created new log segment /home/runner/work/ozone/ozone/hadoop-ozone/integration-test/target/test-dir/MiniOzoneClusterImpl-28223e3b-fb3b-4559-a623-43dba3cd33a0/datanode-6/data/ratis/c392b6fe-5c01-4b13-a139-f414cf65ca04/current/log_inprogress_0
2023-06-07 07:10:59,840 [grpc-default-executor-2] INFO  server.RaftServer$Division (RaftServerImpl.java:requestVote(1302)) - 20fd9795-0abc-4083-965d-6ba83b10546c@group-D03428C1B187: receive requestVote(PRE_VOTE, 8757bef3-5796-4279-bd7f-82165642237f, group-D03428C1B187, 0, (t:0, i:0))
2023-06-07 07:10:59,841 [grpc-default-executor-2] INFO  impl.VoteContext (VoteContext.java:log(49)) - 20fd9795-0abc-4083-965d-6ba83b10546c@group-D03428C1B187-FOLLOWER: accept PRE_VOTE from 8757bef3-5796-4279-bd7f-82165642237f: our priority 0 <= candidate's priority 0
2023-06-07 07:10:59,841 [grpc-default-executor-2] INFO  server.RaftServer$Division (RaftServerImpl.java:requestVote(1335)) - 20fd9795-0abc-4083-965d-6ba83b10546c@group-D03428C1B187 replies to PRE_VOTE vote request: 8757bef3-5796-4279-bd7f-82165642237f<-20fd9795-0abc-4083-965d-6ba83b10546c#0:OK-t0. Peer's state: 20fd9795-0abc-4083-965d-6ba83b10546c@group-D03428C1B187:t0, leader=null, voted=, raftlog=Memoized:20fd9795-0abc-4083-965d-6ba83b10546c@group-D03428C1B187-SegmentedRaftLog:OPENED:c-1, conf=-1: peers:[1c3f76c4-a361-44c3-a437-710dc7a71a87|rpc:10.1.0.31:15077|admin:10.1.0.31:15076|client:10.1.0.31:15075|dataStream:10.1.0.31:15078|priority:1|startupRole:FOLLOWER, 8757bef3-5796-4279-bd7f-82165642237f|rpc:10.1.0.31:15068|admin:10.1.0.31:15067|client:10.1.0.31:15066|dataStream:10.1.0.31:15069|priority:0|startupRole:FOLLOWER, 20fd9795-0abc-4083-965d-6ba83b10546c|rpc:10.1.0.31:15086|admin:10.1.0.31:15085|client:10.1.0.31:15084|dataStream:10.1.0.31:15087|priority:0|startupRole:FOLLOWER]|listeners:[], old=null
2023-06-07 07:10:59,849 [grpc-default-executor-2] INFO  server.RaftServer$Division (RaftServerImpl.java:requestVote(1302)) - 1c3f76c4-a361-44c3-a437-710dc7a71a87@group-D03428C1B187: receive requestVote(PRE_VOTE, 8757bef3-5796-4279-bd7f-82165642237f, group-D03428C1B187, 0, (t:0, i:0))
2023-06-07 07:10:59,849 [grpc-default-executor-2] INFO  impl.VoteContext (VoteContext.java:log(49)) - 1c3f76c4-a361-44c3-a437-710dc7a71a87@group-D03428C1B187-FOLLOWER: reject PRE_VOTE from 8757bef3-5796-4279-bd7f-82165642237f: our priority 1 > candidate's priority 0
2023-06-07 07:10:59,849 [grpc-default-executor-2] INFO  server.RaftServer$Division (RaftServerImpl.java:requestVote(1335)) - 1c3f76c4-a361-44c3-a437-710dc7a71a87@group-D03428C1B187 replies to PRE_VOTE vote request: 8757bef3-5796-4279-bd7f-82165642237f<-1c3f76c4-a361-44c3-a437-710dc7a71a87#0:FAIL-t0. Peer's state: 1c3f76c4-a361-44c3-a437-710dc7a71a87@group-D03428C1B187:t0, leader=null, voted=, raftlog=Memoized:1c3f76c4-a361-44c3-a437-710dc7a71a87@group-D03428C1B187-SegmentedRaftLog:OPENED:c-1, conf=-1: peers:[1c3f76c4-a361-44c3-a437-710dc7a71a87|rpc:10.1.0.31:15077|admin:10.1.0.31:15076|client:10.1.0.31:15075|dataStream:10.1.0.31:15078|priority:1|startupRole:FOLLOWER, 8757bef3-5796-4279-bd7f-82165642237f|rpc:10.1.0.31:15068|admin:10.1.0.31:15067|client:10.1.0.31:15066|dataStream:10.1.0.31:15069|priority:0|startupRole:FOLLOWER, 20fd9795-0abc-4083-965d-6ba83b10546c|rpc:10.1.0.31:15086|admin:10.1.0.31:15085|client:10.1.0.31:15084|dataStream:10.1.0.31:15087|priority:0|startupRole:FOLLOWER]|listeners:[], old=null
2023-06-07 07:10:59,851 [8757bef3-5796-4279-bd7f-82165642237f@group-D03428C1B187-LeaderElection14] INFO  impl.LeaderElection (LeaderElection.java:logAndReturn(90)) - 8757bef3-5796-4279-bd7f-82165642237f@group-D03428C1B187-LeaderElection14: PRE_VOTE REJECTED received 2 response(s) and 0 exception(s):
2023-06-07 07:10:59,851 [8757bef3-5796-4279-bd7f-82165642237f@group-D03428C1B187-LeaderElection14] INFO  impl.LeaderElection (LeaderElection.java:logAndReturn(94)) -   Response 0: 8757bef3-5796-4279-bd7f-82165642237f<-1c3f76c4-a361-44c3-a437-710dc7a71a87#0:FAIL-t0
2023-06-07 07:10:59,851 [8757bef3-5796-4279-bd7f-82165642237f@group-D03428C1B187-LeaderElection14] INFO  impl.LeaderElection (LeaderElection.java:logAndReturn(94)) -   Response 1: 8757bef3-5796-4279-bd7f-82165642237f<-20fd9795-0abc-4083-965d-6ba83b10546c#0:OK-t0
2023-06-07 07:10:59,851 [8757bef3-5796-4279-bd7f-82165642237f@group-D03428C1B187-LeaderElection14] INFO  impl.LeaderElection (LeaderElection.java:askForVotes(323)) - 8757bef3-5796-4279-bd7f-82165642237f@group-D03428C1B187-LeaderElection14 PRE_VOTE round 0: result REJECTED
2023-06-07 07:10:59,851 [8757bef3-5796-4279-bd7f-82165642237f@group-D03428C1B187-LeaderElection14] INFO  server.RaftServer$Division (RaftServerImpl.java:setRole(329)) - 8757bef3-5796-4279-bd7f-82165642237f@group-D03428C1B187: changes role from CANDIDATE to FOLLOWER at term 0 for REJECTED
2023-06-07 07:10:59,851 [8757bef3-5796-4279-bd7f-82165642237f@group-D03428C1B187-LeaderElection14] INFO  impl.RoleInfo (RoleInfo.java:shutdownLeaderElection(130)) - 8757bef3-5796-4279-bd7f-82165642237f: shutdown 8757bef3-5796-4279-bd7f-82165642237f@group-D03428C1B187-LeaderElection14
2023-06-07 07:10:59,851 [8757bef3-5796-4279-bd7f-82165642237f@group-D03428C1B187-LeaderElection14] INFO  impl.RoleInfo (RoleInfo.java:updateAndGet(139)) - 8757bef3-5796-4279-bd7f-82165642237f: start 8757bef3-5796-4279-bd7f-82165642237f@group-D03428C1B187-FollowerState
2023-06-07 07:10:59,867 [1c3f76c4-a361-44c3-a437-710dc7a71a87@group-D03428C1B187-FollowerState] INFO  impl.FollowerState (FollowerState.java:run(143)) - 1c3f76c4-a361-44c3-a437-710dc7a71a87@group-D03428C1B187-FollowerState: change to CANDIDATE, lastRpcElapsedTime:5147710050ns, electionTimeout:5131ms
2023-06-07 07:10:59,868 [1c3f76c4-a361-44c3-a437-710dc7a71a87@group-D03428C1B187-FollowerState] INFO  impl.RoleInfo (RoleInfo.java:shutdownFollowerState(110)) - 1c3f76c4-a361-44c3-a437-710dc7a71a87: shutdown 1c3f76c4-a361-44c3-a437-710dc7a71a87@group-D03428C1B187-FollowerState
2023-06-07 07:10:59,868 [1c3f76c4-a361-44c3-a437-710dc7a71a87@group-D03428C1B187-FollowerState] INFO  server.RaftServer$Division (RaftServerImpl.java:setRole(329)) - 1c3f76c4-a361-44c3-a437-710dc7a71a87@group-D03428C1B187: changes role from  FOLLOWER to CANDIDATE at term 0 for changeToCandidate
2023-06-07 07:10:59,868 [1c3f76c4-a361-44c3-a437-710dc7a71a87@group-D03428C1B187-FollowerState] INFO  server.RaftServerConfigKeys (ConfUtils.java:logGet(46)) - raft.server.leaderelection.pre-vote = true (default)
2023-06-07 07:10:59,868 [1c3f76c4-a361-44c3-a437-710dc7a71a87@group-D03428C1B187-FollowerState] INFO  impl.RoleInfo (RoleInfo.java:updateAndGet(139)) - 1c3f76c4-a361-44c3-a437-710dc7a71a87: start 1c3f76c4-a361-44c3-a437-710dc7a71a87@group-D03428C1B187-LeaderElection16
2023-06-07 07:10:59,869 [1c3f76c4-a361-44c3-a437-710dc7a71a87@group-D03428C1B187-LeaderElection16] INFO  impl.LeaderElection (LeaderElection.java:askForVotes(321)) - 1c3f76c4-a361-44c3-a437-710dc7a71a87@group-D03428C1B187-LeaderElection16 PRE_VOTE round 0: submit vote requests at term 0 for -1: peers:[1c3f76c4-a361-44c3-a437-710dc7a71a87|rpc:10.1.0.31:15077|admin:10.1.0.31:15076|client:10.1.0.31:15075|dataStream:10.1.0.31:15078|priority:1|startupRole:FOLLOWER, 8757bef3-5796-4279-bd7f-82165642237f|rpc:10.1.0.31:15068|admin:10.1.0.31:15067|client:10.1.0.31:15066|dataStream:10.1.0.31:15069|priority:0|startupRole:FOLLOWER, 20fd9795-0abc-4083-965d-6ba83b10546c|rpc:10.1.0.31:15086|admin:10.1.0.31:15085|client:10.1.0.31:15084|dataStream:10.1.0.31:15087|priority:0|startupRole:FOLLOWER]|listeners:[], old=null
2023-06-07 07:10:59,869 [1c3f76c4-a361-44c3-a437-710dc7a71a87@group-D03428C1B187-LeaderElection16-1] INFO  server.GrpcServerProtocolClient (GrpcServerProtocolClient.java:<init>(65)) - Build channel for 8757bef3-5796-4279-bd7f-82165642237f
2023-06-07 07:10:59,870 [1c3f76c4-a361-44c3-a437-710dc7a71a87@group-D03428C1B187-LeaderElection16] INFO  server.RaftServerConfigKeys (ConfUtils.java:logFallback(53)) - raft.server.rpc.first-election.timeout.min = 5s (fallback to raft.server.rpc.timeout.min)
2023-06-07 07:10:59,870 [1c3f76c4-a361-44c3-a437-710dc7a71a87@group-D03428C1B187-LeaderElection16] INFO  server.RaftServerConfigKeys (ConfUtils.java:logFallback(53)) - raft.server.rpc.first-election.timeout.max = 5200ms (fallback to raft.server.rpc.timeout.max)
2023-06-07 07:10:59,892 [1c3f76c4-a361-44c3-a437-710dc7a71a87@group-D03428C1B187-LeaderElection16-2] INFO  server.GrpcServerProtocolClient (GrpcServerProtocolClient.java:<init>(65)) - Build channel for 20fd9795-0abc-4083-965d-6ba83b10546c
2023-06-07 07:10:59,896 [grpc-default-executor-2] INFO  server.RaftServer$Division (RaftServerImpl.java:requestVote(1302)) - 8757bef3-5796-4279-bd7f-82165642237f@group-D03428C1B187: receive requestVote(PRE_VOTE, 1c3f76c4-a361-44c3-a437-710dc7a71a87, group-D03428C1B187, 0, (t:0, i:0))
2023-06-07 07:10:59,896 [grpc-default-executor-2] INFO  impl.VoteContext (VoteContext.java:log(49)) - 8757bef3-5796-4279-bd7f-82165642237f@group-D03428C1B187-FOLLOWER: accept PRE_VOTE from 1c3f76c4-a361-44c3-a437-710dc7a71a87: our priority 0 <= candidate's priority 1
2023-06-07 07:10:59,896 [grpc-default-executor-2] INFO  server.RaftServer$Division (RaftServerImpl.java:requestVote(1335)) - 8757bef3-5796-4279-bd7f-82165642237f@group-D03428C1B187 replies to PRE_VOTE vote request: 1c3f76c4-a361-44c3-a437-710dc7a71a87<-8757bef3-5796-4279-bd7f-82165642237f#0:OK-t0. Peer's state: 8757bef3-5796-4279-bd7f-82165642237f@group-D03428C1B187:t0, leader=null, voted=, raftlog=Memoized:8757bef3-5796-4279-bd7f-82165642237f@group-D03428C1B187-SegmentedRaftLog:OPENED:c-1, conf=-1: peers:[1c3f76c4-a361-44c3-a437-710dc7a71a87|rpc:10.1.0.31:15077|admin:10.1.0.31:15076|client:10.1.0.31:15075|dataStream:10.1.0.31:15078|priority:1|startupRole:FOLLOWER, 8757bef3-5796-4279-bd7f-82165642237f|rpc:10.1.0.31:15068|admin:10.1.0.31:15067|client:10.1.0.31:15066|dataStream:10.1.0.31:15069|priority:0|startupRole:FOLLOWER, 20fd9795-0abc-4083-965d-6ba83b10546c|rpc:10.1.0.31:15086|admin:10.1.0.31:15085|client:10.1.0.31:15084|dataStream:10.1.0.31:15087|priority:0|startupRole:FOLLOWER]|listeners:[], old=null
2023-06-07 07:10:59,899 [1c3f76c4-a361-44c3-a437-710dc7a71a87@group-D03428C1B187-LeaderElection16] INFO  impl.LeaderElection (LeaderElection.java:logAndReturn(90)) - 1c3f76c4-a361-44c3-a437-710dc7a71a87@group-D03428C1B187-LeaderElection16: PRE_VOTE PASSED received 1 response(s) and 0 exception(s):
2023-06-07 07:10:59,899 [1c3f76c4-a361-44c3-a437-710dc7a71a87@group-D03428C1B187-LeaderElection16] INFO  impl.LeaderElection (LeaderElection.java:logAndReturn(94)) -   Response 0: 1c3f76c4-a361-44c3-a437-710dc7a71a87<-8757bef3-5796-4279-bd7f-82165642237f#0:OK-t0
2023-06-07 07:10:59,899 [1c3f76c4-a361-44c3-a437-710dc7a71a87@group-D03428C1B187-LeaderElection16] INFO  impl.LeaderElection (LeaderElection.java:askForVotes(323)) - 1c3f76c4-a361-44c3-a437-710dc7a71a87@group-D03428C1B187-LeaderElection16 PRE_VOTE round 0: result PASSED
2023-06-07 07:10:59,907 [1c3f76c4-a361-44c3-a437-710dc7a71a87@group-D03428C1B187-LeaderElection16] INFO  impl.LeaderElection (LeaderElection.java:askForVotes(321)) - 1c3f76c4-a361-44c3-a437-710dc7a71a87@group-D03428C1B187-LeaderElection16 ELECTION round 0: submit vote requests at term 1 for -1: peers:[1c3f76c4-a361-44c3-a437-710dc7a71a87|rpc:10.1.0.31:15077|admin:10.1.0.31:15076|client:10.1.0.31:15075|dataStream:10.1.0.31:15078|priority:1|startupRole:FOLLOWER, 8757bef3-5796-4279-bd7f-82165642237f|rpc:10.1.0.31:15068|admin:10.1.0.31:15067|client:10.1.0.31:15066|dataStream:10.1.0.31:15069|priority:0|startupRole:FOLLOWER, 20fd9795-0abc-4083-965d-6ba83b10546c|rpc:10.1.0.31:15086|admin:10.1.0.31:15085|client:10.1.0.31:15084|dataStream:10.1.0.31:15087|priority:0|startupRole:FOLLOWER]|listeners:[], old=null
2023-06-07 07:10:59,911 [grpc-default-executor-2] INFO  server.RaftServer$Division (RaftServerImpl.java:requestVote(1302)) - 20fd9795-0abc-4083-965d-6ba83b10546c@group-D03428C1B187: receive requestVote(PRE_VOTE, 1c3f76c4-a361-44c3-a437-710dc7a71a87, group-D03428C1B187, 0, (t:0, i:0))
2023-06-07 07:10:59,911 [grpc-default-executor-2] INFO  impl.VoteContext (VoteContext.java:log(49)) - 20fd9795-0abc-4083-965d-6ba83b10546c@group-D03428C1B187-FOLLOWER: accept PRE_VOTE from 1c3f76c4-a361-44c3-a437-710dc7a71a87: our priority 0 <= candidate's priority 1
2023-06-07 07:10:59,911 [grpc-default-executor-2] INFO  server.RaftServer$Division (RaftServerImpl.java:requestVote(1335)) - 20fd9795-0abc-4083-965d-6ba83b10546c@group-D03428C1B187 replies to PRE_VOTE vote request: 1c3f76c4-a361-44c3-a437-710dc7a71a87<-20fd9795-0abc-4083-965d-6ba83b10546c#0:OK-t0. Peer's state: 20fd9795-0abc-4083-965d-6ba83b10546c@group-D03428C1B187:t0, leader=null, voted=, raftlog=Memoized:20fd9795-0abc-4083-965d-6ba83b10546c@group-D03428C1B187-SegmentedRaftLog:OPENED:c-1, conf=-1: peers:[1c3f76c4-a361-44c3-a437-710dc7a71a87|rpc:10.1.0.31:15077|admin:10.1.0.31:15076|client:10.1.0.31:15075|dataStream:10.1.0.31:15078|priority:1|startupRole:FOLLOWER, 8757bef3-5796-4279-bd7f-82165642237f|rpc:10.1.0.31:15068|admin:10.1.0.31:15067|client:10.1.0.31:15066|dataStream:10.1.0.31:15069|priority:0|startupRole:FOLLOWER, 20fd9795-0abc-4083-965d-6ba83b10546c|rpc:10.1.0.31:15086|admin:10.1.0.31:15085|client:10.1.0.31:15084|dataStream:10.1.0.31:15087|priority:0|startupRole:FOLLOWER]|listeners:[], old=null
2023-06-07 07:10:59,929 [20fd9795-0abc-4083-965d-6ba83b10546c@group-D03428C1B187-FollowerState] INFO  server.RaftServerConfigKeys (ConfUtils.java:logFallback(53)) - raft.server.rpc.first-election.timeout.min = 5s (fallback to raft.server.rpc.timeout.min)
2023-06-07 07:10:59,929 [20fd9795-0abc-4083-965d-6ba83b10546c@group-D03428C1B187-FollowerState] INFO  server.RaftServerConfigKeys (ConfUtils.java:logFallback(53)) - raft.server.rpc.first-election.timeout.max = 5200ms (fallback to raft.server.rpc.timeout.max)
2023-06-07 07:10:59,933 [1c3f76c4-a361-44c3-a437-710dc7a71a87@group-D03428C1B187-LeaderElection16] INFO  server.RaftServerConfigKeys (ConfUtils.java:logFallback(53)) - raft.server.rpc.first-election.timeout.min = 5s (fallback to raft.server.rpc.timeout.min)
2023-06-07 07:10:59,933 [1c3f76c4-a361-44c3-a437-710dc7a71a87@group-D03428C1B187-LeaderElection16] INFO  server.RaftServerConfigKeys (ConfUtils.java:logFallback(53)) - raft.server.rpc.first-election.timeout.max = 5200ms (fallback to raft.server.rpc.timeout.max)
2023-06-07 07:10:59,934 [8757bef3-5796-4279-bd7f-82165642237f@group-9647AF00FAF7-FollowerState] INFO  impl.FollowerState (FollowerState.java:run(143)) - 8757bef3-5796-4279-bd7f-82165642237f@group-9647AF00FAF7-FollowerState: change to CANDIDATE, lastRpcElapsedTime:5090776497ns, electionTimeout:5082ms
2023-06-07 07:10:59,934 [8757bef3-5796-4279-bd7f-82165642237f@group-9647AF00FAF7-FollowerState] INFO  impl.RoleInfo (RoleInfo.java:shutdownFollowerState(110)) - 8757bef3-5796-4279-bd7f-82165642237f: shutdown 8757bef3-5796-4279-bd7f-82165642237f@group-9647AF00FAF7-FollowerState
2023-06-07 07:10:59,934 [8757bef3-5796-4279-bd7f-82165642237f@group-9647AF00FAF7-FollowerState] INFO  server.RaftServer$Division (RaftServerImpl.java:setRole(329)) - 8757bef3-5796-4279-bd7f-82165642237f@group-9647AF00FAF7: changes role from  FOLLOWER to CANDIDATE at term 0 for changeToCandidate
2023-06-07 07:10:59,934 [8757bef3-5796-4279-bd7f-82165642237f@group-9647AF00FAF7-FollowerState] INFO  server.RaftServerConfigKeys (ConfUtils.java:logGet(46)) - raft.server.leaderelection.pre-vote = true (default)
2023-06-07 07:10:59,934 [8757bef3-5796-4279-bd7f-82165642237f@group-9647AF00FAF7-FollowerState] INFO  impl.RoleInfo (RoleInfo.java:updateAndGet(139)) - 8757bef3-5796-4279-bd7f-82165642237f: start 8757bef3-5796-4279-bd7f-82165642237f@group-9647AF00FAF7-LeaderElection17
2023-06-07 07:10:59,940 [grpc-default-executor-2] INFO  server.RaftServer$Division (RaftServerImpl.java:requestVote(1302)) - 20fd9795-0abc-4083-965d-6ba83b10546c@group-D03428C1B187: receive requestVote(ELECTION, 1c3f76c4-a361-44c3-a437-710dc7a71a87, group-D03428C1B187, 1, (t:0, i:0))
2023-06-07 07:10:59,940 [grpc-default-executor-2] INFO  impl.VoteContext (VoteContext.java:log(49)) - 20fd9795-0abc-4083-965d-6ba83b10546c@group-D03428C1B187-FOLLOWER: accept ELECTION from 1c3f76c4-a361-44c3-a437-710dc7a71a87: our priority 0 <= candidate's priority 1
2023-06-07 07:10:59,940 [grpc-default-executor-2] INFO  server.RaftServer$Division (RaftServerImpl.java:setRole(329)) - 20fd9795-0abc-4083-965d-6ba83b10546c@group-D03428C1B187: changes role from  FOLLOWER to FOLLOWER at term 1 for candidate:1c3f76c4-a361-44c3-a437-710dc7a71a87
2023-06-07 07:10:59,940 [grpc-default-executor-2] INFO  impl.RoleInfo (RoleInfo.java:shutdownFollowerState(110)) - 20fd9795-0abc-4083-965d-6ba83b10546c: shutdown 20fd9795-0abc-4083-965d-6ba83b10546c@group-D03428C1B187-FollowerState
2023-06-07 07:10:59,951 [grpc-default-executor-2] INFO  impl.RoleInfo (RoleInfo.java:updateAndGet(139)) - 20fd9795-0abc-4083-965d-6ba83b10546c: start 20fd9795-0abc-4083-965d-6ba83b10546c@group-D03428C1B187-FollowerState
2023-06-07 07:10:59,955 [20fd9795-0abc-4083-965d-6ba83b10546c@group-D03428C1B187-FollowerState] INFO  impl.FollowerState (FollowerState.java:run(152)) - 20fd9795-0abc-4083-965d-6ba83b10546c@group-D03428C1B187-FollowerState was interrupted
2023-06-07 07:10:59,956 [grpc-default-executor-2] INFO  server.RaftServer$Division (RaftServerImpl.java:requestVote(1335)) - 20fd9795-0abc-4083-965d-6ba83b10546c@group-D03428C1B187 replies to ELECTION vote request: 1c3f76c4-a361-44c3-a437-710dc7a71a87<-20fd9795-0abc-4083-965d-6ba83b10546c#0:OK-t1. Peer's state: 20fd9795-0abc-4083-965d-6ba83b10546c@group-D03428C1B187:t1, leader=null, voted=1c3f76c4-a361-44c3-a437-710dc7a71a87, raftlog=Memoized:20fd9795-0abc-4083-965d-6ba83b10546c@group-D03428C1B187-SegmentedRaftLog:OPENED:c-1, conf=-1: peers:[1c3f76c4-a361-44c3-a437-710dc7a71a87|rpc:10.1.0.31:15077|admin:10.1.0.31:15076|client:10.1.0.31:15075|dataStream:10.1.0.31:15078|priority:1|startupRole:FOLLOWER, 8757bef3-5796-4279-bd7f-82165642237f|rpc:10.1.0.31:15068|admin:10.1.0.31:15067|client:10.1.0.31:15066|dataStream:10.1.0.31:15069|priority:0|startupRole:FOLLOWER, 20fd9795-0abc-4083-965d-6ba83b10546c|rpc:10.1.0.31:15086|admin:10.1.0.31:15085|client:10.1.0.31:15084|dataStream:10.1.0.31:15087|priority:0|startupRole:FOLLOWER]|listeners:[], old=null
2023-06-07 07:10:59,957 [1c3f76c4-a361-44c3-a437-710dc7a71a87@group-D03428C1B187-LeaderElection16] INFO  impl.LeaderElection (LeaderElection.java:logAndReturn(90)) - 1c3f76c4-a361-44c3-a437-710dc7a71a87@group-D03428C1B187-LeaderElection16: ELECTION PASSED received 1 response(s) and 0 exception(s):
2023-06-07 07:10:59,957 [1c3f76c4-a361-44c3-a437-710dc7a71a87@group-D03428C1B187-LeaderElection16] INFO  impl.LeaderElection (LeaderElection.java:logAndReturn(94)) -   Response 0: 1c3f76c4-a361-44c3-a437-710dc7a71a87<-20fd9795-0abc-4083-965d-6ba83b10546c#0:OK-t1
2023-06-07 07:10:59,957 [1c3f76c4-a361-44c3-a437-710dc7a71a87@group-D03428C1B187-LeaderElection16] INFO  impl.LeaderElection (LeaderElection.java:askForVotes(323)) - 1c3f76c4-a361-44c3-a437-710dc7a71a87@group-D03428C1B187-LeaderElection16 ELECTION round 0: result PASSED
2023-06-07 07:10:59,957 [grpc-default-executor-2] INFO  server.RaftServer$Division (RaftServerImpl.java:requestVote(1302)) - 8757bef3-5796-4279-bd7f-82165642237f@group-D03428C1B187: receive requestVote(ELECTION, 1c3f76c4-a361-44c3-a437-710dc7a71a87, group-D03428C1B187, 1, (t:0, i:0))
2023-06-07 07:10:59,957 [1c3f76c4-a361-44c3-a437-710dc7a71a87@group-D03428C1B187-LeaderElection16] INFO  impl.RoleInfo (RoleInfo.java:shutdownLeaderElection(130)) - 1c3f76c4-a361-44c3-a437-710dc7a71a87: shutdown 1c3f76c4-a361-44c3-a437-710dc7a71a87@group-D03428C1B187-LeaderElection16
2023-06-07 07:10:59,957 [1c3f76c4-a361-44c3-a437-710dc7a71a87@group-D03428C1B187-LeaderElection16] INFO  server.RaftServer$Division (RaftServerImpl.java:setRole(329)) - 1c3f76c4-a361-44c3-a437-710dc7a71a87@group-D03428C1B187: changes role from CANDIDATE to LEADER at term 1 for changeToLeader
2023-06-07 07:10:59,957 [grpc-default-executor-2] INFO  impl.VoteContext (VoteContext.java:log(49)) - 8757bef3-5796-4279-bd7f-82165642237f@group-D03428C1B187-FOLLOWER: accept ELECTION from 1c3f76c4-a361-44c3-a437-710dc7a71a87: our priority 0 <= candidate's priority 1
2023-06-07 07:10:59,957 [grpc-default-executor-2] INFO  server.RaftServer$Division (RaftServerImpl.java:setRole(329)) - 8757bef3-5796-4279-bd7f-82165642237f@group-D03428C1B187: changes role from  FOLLOWER to FOLLOWER at term 1 for candidate:1c3f76c4-a361-44c3-a437-710dc7a71a87
2023-06-07 07:10:59,957 [grpc-default-executor-2] INFO  impl.RoleInfo (RoleInfo.java:shutdownFollowerState(110)) - 8757bef3-5796-4279-bd7f-82165642237f: shutdown 8757bef3-5796-4279-bd7f-82165642237f@group-D03428C1B187-FollowerState
2023-06-07 07:10:59,958 [grpc-default-executor-2] INFO  impl.RoleInfo (RoleInfo.java:updateAndGet(139)) - 8757bef3-5796-4279-bd7f-82165642237f: start 8757bef3-5796-4279-bd7f-82165642237f@group-D03428C1B187-FollowerState
2023-06-07 07:10:59,958 [8757bef3-5796-4279-bd7f-82165642237f@group-D03428C1B187-FollowerState] INFO  impl.FollowerState (FollowerState.java:run(152)) - 8757bef3-5796-4279-bd7f-82165642237f@group-D03428C1B187-FollowerState was interrupted
2023-06-07 07:10:59,957 [1c3f76c4-a361-44c3-a437-710dc7a71a87@group-D03428C1B187-LeaderElection16] INFO  ratis.XceiverServerRatis (XceiverServerRatis.java:handleLeaderChangedNotification(902)) - Leader change notification received for group: group-D03428C1B187 with new leaderId: 1c3f76c4-a361-44c3-a437-710dc7a71a87
2023-06-07 07:10:59,962 [1c3f76c4-a361-44c3-a437-710dc7a71a87@group-D03428C1B187-LeaderElection16] INFO  server.RaftServer$Division (ServerState.java:setLeader(317)) - 1c3f76c4-a361-44c3-a437-710dc7a71a87@group-D03428C1B187: change Leader from null to 1c3f76c4-a361-44c3-a437-710dc7a71a87 at term 1 for becomeLeader, leader elected after 5257ms
2023-06-07 07:10:59,962 [1c3f76c4-a361-44c3-a437-710dc7a71a87@group-D03428C1B187-LeaderElection16] INFO  server.RaftServerConfigKeys (ConfUtils.java:logGet(46)) - raft.server.staging.catchup.gap = 1000 (default)
2023-06-07 07:10:59,962 [1c3f76c4-a361-44c3-a437-710dc7a71a87@group-D03428C1B187-LeaderElection16] INFO  server.RaftServerConfigKeys (ConfUtils.java:logGet(46)) - raft.server.write.element-limit = 1024 (custom)
2023-06-07 07:10:59,962 [1c3f76c4-a361-44c3-a437-710dc7a71a87@group-D03428C1B187-LeaderElection16] INFO  server.RaftServerConfigKeys (ConfUtils.java:logGet(46)) - raft.server.write.byte-limit = 1024 M (=1073741824) (custom)
2023-06-07 07:10:59,964 [EventQueue-PipelineReportForPipelineReportHandler] INFO  pipeline.PipelineManagerImpl (PipelineManagerImpl.java:openPipeline(367)) - Pipeline Pipeline[ Id: c319041b-25dc-4b19-96cc-d03428c1b187, Nodes: 1c3f76c4-a361-44c3-a437-710dc7a71a87(fv-az246-755.dmzl2ssfaldu3choa5k4qgfeyh.jx.internal.cloudapp.net/10.1.0.31)8757bef3-5796-4279-bd7f-82165642237f(fv-az246-755.dmzl2ssfaldu3choa5k4qgfeyh.jx.internal.cloudapp.net/10.1.0.31)20fd9795-0abc-4083-965d-6ba83b10546c(fv-az246-755.dmzl2ssfaldu3choa5k4qgfeyh.jx.internal.cloudapp.net/10.1.0.31), ReplicationConfig: RATIS/THREE, State:ALLOCATED, leaderId:1c3f76c4-a361-44c3-a437-710dc7a71a87, CreationTimestamp2023-06-07T07:10:52.393Z[Etc/UTC]] moved to OPEN state
2023-06-07 07:10:59,966 [1c3f76c4-a361-44c3-a437-710dc7a71a87@group-D03428C1B187-LeaderElection16] INFO  server.RaftServerConfigKeys (ConfUtils.java:logGet(46)) - raft.server.watch.timeout = 180s (custom)
2023-06-07 07:10:59,971 [8757bef3-5796-4279-bd7f-82165642237f@group-9647AF00FAF7-LeaderElection17] INFO  impl.LeaderElection (LeaderElection.java:askForVotes(321)) - 8757bef3-5796-4279-bd7f-82165642237f@group-9647AF00FAF7-LeaderElection17 PRE_VOTE round 0: submit vote requests at term 0 for -1: peers:[1c3f76c4-a361-44c3-a437-710dc7a71a87|rpc:10.1.0.31:15077|admin:10.1.0.31:15076|client:10.1.0.31:15075|dataStream:10.1.0.31:15078|priority:0|startupRole:FOLLOWER, 8757bef3-5796-4279-bd7f-82165642237f|rpc:10.1.0.31:15068|admin:10.1.0.31:15067|client:10.1.0.31:15066|dataStream:10.1.0.31:15069|priority:0|startupRole:FOLLOWER, 20fd9795-0abc-4083-965d-6ba83b10546c|rpc:10.1.0.31:15086|admin:10.1.0.31:15085|client:10.1.0.31:15084|dataStream:10.1.0.31:15087|priority:1|startupRole:FOLLOWER]|listeners:[], old=null
2023-06-07 07:10:59,971 [1c3f76c4-a361-44c3-a437-710dc7a71a87@group-D03428C1B187-LeaderElection16] INFO  server.RaftServerConfigKeys (ConfUtils.java:logGet(46)) - raft.server.watch.timeout.denomination = 1s (default)
2023-06-07 07:10:59,971 [1c3f76c4-a361-44c3-a437-710dc7a71a87@group-D03428C1B187-LeaderElection16] INFO  server.RaftServerConfigKeys (ConfUtils.java:logGet(46)) - raft.server.watch.element-limit = 65536 (default)
2023-06-07 07:10:59,971 [1c3f76c4-a361-44c3-a437-710dc7a71a87@group-D03428C1B187-LeaderElection16] INFO  server.RaftServerConfigKeys (ConfUtils.java:logGet(46)) - raft.server.write.element-limit = 1024 (custom)
2023-06-07 07:10:59,971 [1c3f76c4-a361-44c3-a437-710dc7a71a87@group-D03428C1B187-LeaderElection16] INFO  server.RaftServerConfigKeys (ConfUtils.java:logGet(46)) - raft.server.write.follower.gap.ratio.max = -1.0 (default)
2023-06-07 07:10:59,972 [1c3f76c4-a361-44c3-a437-710dc7a71a87@group-D03428C1B187-LeaderElection16] INFO  server.RaftServerConfigKeys (ConfUtils.java:logGet(46)) - raft.server.log.appender.snapshot.chunk.size.max = 16MB (=16777216) (default)
2023-06-07 07:10:59,972 [1c3f76c4-a361-44c3-a437-710dc7a71a87@group-D03428C1B187-LeaderElection16] INFO  server.RaftServerConfigKeys (ConfUtils.java:logGet(46)) - raft.server.log.appender.buffer.byte-limit = 33554432 (custom)
2023-06-07 07:10:59,973 [1c3f76c4-a361-44c3-a437-710dc7a71a87@group-D03428C1B187-LeaderElection16] INFO  server.RaftServerConfigKeys (ConfUtils.java:logGet(46)) - raft.server.log.appender.buffer.element-limit = 1 (custom)
2023-06-07 07:10:59,973 [8757bef3-5796-4279-bd7f-82165642237f@group-9647AF00FAF7-LeaderElection17] INFO  server.RaftServerConfigKeys (ConfUtils.java:logFallback(53)) - raft.server.rpc.first-election.timeout.min = 5s (fallback to raft.server.rpc.timeout.min)
2023-06-07 07:10:59,973 [8757bef3-5796-4279-bd7f-82165642237f@group-9647AF00FAF7-LeaderElection17] INFO  server.RaftServerConfigKeys (ConfUtils.java:logFallback(53)) - raft.server.rpc.first-election.timeout.max = 5200ms (fallback to raft.server.rpc.timeout.max)
2023-06-07 07:10:59,974 [grpc-default-executor-2] INFO  server.RaftServer$Division (RaftServerImpl.java:requestVote(1335)) - 8757bef3-5796-4279-bd7f-82165642237f@group-D03428C1B187 replies to ELECTION vote request: 1c3f76c4-a361-44c3-a437-710dc7a71a87<-8757bef3-5796-4279-bd7f-82165642237f#0:OK-t1. Peer's state: 8757bef3-5796-4279-bd7f-82165642237f@group-D03428C1B187:t1, leader=null, voted=1c3f76c4-a361-44c3-a437-710dc7a71a87, raftlog=Memoized:8757bef3-5796-4279-bd7f-82165642237f@group-D03428C1B187-SegmentedRaftLog:OPENED:c-1, conf=-1: peers:[1c3f76c4-a361-44c3-a437-710dc7a71a87|rpc:10.1.0.31:15077|admin:10.1.0.31:15076|client:10.1.0.31:15075|dataStream:10.1.0.31:15078|priority:1|startupRole:FOLLOWER, 8757bef3-5796-4279-bd7f-82165642237f|rpc:10.1.0.31:15068|admin:10.1.0.31:15067|client:10.1.0.31:15066|dataStream:10.1.0.31:15069|priority:0|startupRole:FOLLOWER, 20fd9795-0abc-4083-965d-6ba83b10546c|rpc:10.1.0.31:15086|admin:10.1.0.31:15085|client:10.1.0.31:15084|dataStream:10.1.0.31:15087|priority:0|startupRole:FOLLOWER]|listeners:[], old=null
2023-06-07 07:10:59,976 [1c3f76c4-a361-44c3-a437-710dc7a71a87@group-D03428C1B187-LeaderElection16] INFO  server.RaftServerConfigKeys (ConfUtils.java:logGet(46)) - raft.server.log.appender.wait-time.min = 10ms (default)
2023-06-07 07:10:59,976 [1c3f76c4-a361-44c3-a437-710dc7a71a87@group-D03428C1B187-LeaderElection16] INFO  grpc.GrpcConfigKeys (ConfUtils.java:logGet(46)) - raft.grpc.server.leader.outstanding.appends.max = 128 (default)
2023-06-07 07:10:59,976 [1c3f76c4-a361-44c3-a437-710dc7a71a87@group-D03428C1B187-LeaderElection16] INFO  server.RaftServerConfigKeys (ConfUtils.java:logGet(46)) - raft.server.rpc.request.timeout = 60s (custom)
2023-06-07 07:10:59,976 [1c3f76c4-a361-44c3-a437-710dc7a71a87@group-D03428C1B187-LeaderElection16] INFO  grpc.GrpcConfigKeys (ConfUtils.java:logGet(46)) - raft.grpc.server.install_snapshot.request.element-limit = 8 (default)
2023-06-07 07:10:59,976 [1c3f76c4-a361-44c3-a437-710dc7a71a87@group-D03428C1B187-LeaderElection16] INFO  grpc.GrpcConfigKeys (ConfUtils.java:logGet(46)) - raft.grpc.server.install_snapshot.request.timeout = 3000ms (default)
2023-06-07 07:10:59,976 [1c3f76c4-a361-44c3-a437-710dc7a71a87@group-D03428C1B187-LeaderElection16] INFO  server.RaftServerConfigKeys (ConfUtils.java:logGet(46)) - raft.server.log.appender.install.snapshot.enabled = false (custom)
2023-06-07 07:10:59,976 [1c3f76c4-a361-44c3-a437-710dc7a71a87@group-D03428C1B187-LeaderElection16] INFO  grpc.GrpcConfigKeys (ConfUtils.java:logGet(46)) - raft.grpc.server.heartbeat.channel = true (default)
2023-06-07 07:10:59,977 [1c3f76c4-a361-44c3-a437-710dc7a71a87@group-D03428C1B187-LeaderElection16] INFO  server.RaftServerConfigKeys (ConfUtils.java:logGet(46)) - raft.server.log.appender.snapshot.chunk.size.max = 16MB (=16777216) (default)
2023-06-07 07:10:59,977 [1c3f76c4-a361-44c3-a437-710dc7a71a87@group-D03428C1B187-LeaderElection16] INFO  server.RaftServerConfigKeys (ConfUtils.java:logGet(46)) - raft.server.log.appender.buffer.byte-limit = 33554432 (custom)
2023-06-07 07:10:59,977 [1c3f76c4-a361-44c3-a437-710dc7a71a87@group-D03428C1B187-LeaderElection16] INFO  server.RaftServerConfigKeys (ConfUtils.java:logGet(46)) - raft.server.log.appender.buffer.element-limit = 1 (custom)
2023-06-07 07:10:59,978 [1c3f76c4-a361-44c3-a437-710dc7a71a87@group-D03428C1B187-LeaderElection16] INFO  server.RaftServerConfigKeys (ConfUtils.java:logGet(46)) - raft.server.log.appender.wait-time.min = 10ms (default)
2023-06-07 07:10:59,978 [1c3f76c4-a361-44c3-a437-710dc7a71a87@group-D03428C1B187-LeaderElection16] INFO  grpc.GrpcConfigKeys (ConfUtils.java:logGet(46)) - raft.grpc.server.leader.outstanding.appends.max = 128 (default)
2023-06-07 07:10:59,978 [1c3f76c4-a361-44c3-a437-710dc7a71a87@group-D03428C1B187-LeaderElection16] INFO  server.RaftServerConfigKeys (ConfUtils.java:logGet(46)) - raft.server.rpc.request.timeout = 60s (custom)
2023-06-07 07:10:59,978 [1c3f76c4-a361-44c3-a437-710dc7a71a87@group-D03428C1B187-LeaderElection16] INFO  grpc.GrpcConfigKeys (ConfUtils.java:logGet(46)) - raft.grpc.server.install_snapshot.request.element-limit = 8 (default)
2023-06-07 07:10:59,978 [1c3f76c4-a361-44c3-a437-710dc7a71a87@group-D03428C1B187-LeaderElection16] INFO  grpc.GrpcConfigKeys (ConfUtils.java:logGet(46)) - raft.grpc.server.install_snapshot.request.timeout = 3000ms (default)
2023-06-07 07:10:59,978 [1c3f76c4-a361-44c3-a437-710dc7a71a87@group-D03428C1B187-LeaderElection16] INFO  server.RaftServerConfigKeys (ConfUtils.java:logGet(46)) - raft.server.log.appender.install.snapshot.enabled = false (custom)
2023-06-07 07:10:59,978 [1c3f76c4-a361-44c3-a437-710dc7a71a87@group-D03428C1B187-LeaderElection16] INFO  grpc.GrpcConfigKeys (ConfUtils.java:logGet(46)) - raft.grpc.server.heartbeat.channel = true (default)
2023-06-07 07:10:59,978 [1c3f76c4-a361-44c3-a437-710dc7a71a87@group-D03428C1B187-LeaderElection16] INFO  impl.RoleInfo (RoleInfo.java:updateAndGet(139)) - 1c3f76c4-a361-44c3-a437-710dc7a71a87: start 1c3f76c4-a361-44c3-a437-710dc7a71a87@group-D03428C1B187-LeaderStateImpl
2023-06-07 07:10:59,978 [1c3f76c4-a361-44c3-a437-710dc7a71a87@group-D03428C1B187-LeaderElection16] INFO  segmented.SegmentedRaftLogWorker (SegmentedRaftLogWorker.java:startLogSegment(447)) - 1c3f76c4-a361-44c3-a437-710dc7a71a87@group-D03428C1B187-SegmentedRaftLogWorker: Starting segment from index:0
2023-06-07 07:10:59,981 [1c3f76c4-a361-44c3-a437-710dc7a71a87@group-D03428C1B187-SegmentedRaftLogWorker] INFO  segmented.SegmentedRaftLogWorker (SegmentedRaftLogWorker.java:execute(651)) - 1c3f76c4-a361-44c3-a437-710dc7a71a87@group-D03428C1B187-SegmentedRaftLogWorker: created new log segment /home/runner/work/ozone/ozone/hadoop-ozone/integration-test/target/test-dir/MiniOzoneClusterImpl-28223e3b-fb3b-4559-a623-43dba3cd33a0/datanode-7/data/ratis/c319041b-25dc-4b19-96cc-d03428c1b187/current/log_inprogress_0
2023-06-07 07:10:59,990 [grpc-default-executor-2] INFO  server.RaftServer$Division (RaftServerImpl.java:requestVote(1302)) - 20fd9795-0abc-4083-965d-6ba83b10546c@group-9647AF00FAF7: receive requestVote(PRE_VOTE, 8757bef3-5796-4279-bd7f-82165642237f, group-9647AF00FAF7, 0, (t:0, i:0))
2023-06-07 07:10:59,990 [grpc-default-executor-2] INFO  impl.VoteContext (VoteContext.java:log(49)) - 20fd9795-0abc-4083-965d-6ba83b10546c@group-9647AF00FAF7-FOLLOWER: reject PRE_VOTE from 8757bef3-5796-4279-bd7f-82165642237f: our priority 1 > candidate's priority 0
2023-06-07 07:10:59,990 [grpc-default-executor-2] INFO  server.RaftServer$Division (RaftServerImpl.java:requestVote(1335)) - 20fd9795-0abc-4083-965d-6ba83b10546c@group-9647AF00FAF7 replies to PRE_VOTE vote request: 8757bef3-5796-4279-bd7f-82165642237f<-20fd9795-0abc-4083-965d-6ba83b10546c#0:FAIL-t0. Peer's state: 20fd9795-0abc-4083-965d-6ba83b10546c@group-9647AF00FAF7:t0, leader=null, voted=, raftlog=Memoized:20fd9795-0abc-4083-965d-6ba83b10546c@group-9647AF00FAF7-SegmentedRaftLog:OPENED:c-1, conf=-1: peers:[1c3f76c4-a361-44c3-a437-710dc7a71a87|rpc:10.1.0.31:15077|admin:10.1.0.31:15076|client:10.1.0.31:15075|dataStream:10.1.0.31:15078|priority:0|startupRole:FOLLOWER, 8757bef3-5796-4279-bd7f-82165642237f|rpc:10.1.0.31:15068|admin:10.1.0.31:15067|client:10.1.0.31:15066|dataStream:10.1.0.31:15069|priority:0|startupRole:FOLLOWER, 20fd9795-0abc-4083-965d-6ba83b10546c|rpc:10.1.0.31:15086|admin:10.1.0.31:15085|client:10.1.0.31:15084|dataStream:10.1.0.31:15087|priority:1|startupRole:FOLLOWER]|listeners:[], old=null
2023-06-07 07:11:00,023 [1c3f76c4-a361-44c3-a437-710dc7a71a87@group-D03428C1B187-LeaderElection16] INFO  server.RaftServer$Division (ServerState.java:setRaftConf(434)) - 1c3f76c4-a361-44c3-a437-710dc7a71a87@group-D03428C1B187: set configuration 0: peers:[1c3f76c4-a361-44c3-a437-710dc7a71a87|rpc:10.1.0.31:15077|admin:10.1.0.31:15076|client:10.1.0.31:15075|dataStream:10.1.0.31:15078|priority:1|startupRole:FOLLOWER, 8757bef3-5796-4279-bd7f-82165642237f|rpc:10.1.0.31:15068|admin:10.1.0.31:15067|client:10.1.0.31:15066|dataStream:10.1.0.31:15069|priority:0|startupRole:FOLLOWER, 20fd9795-0abc-4083-965d-6ba83b10546c|rpc:10.1.0.31:15086|admin:10.1.0.31:15085|client:10.1.0.31:15084|dataStream:10.1.0.31:15087|priority:0|startupRole:FOLLOWER]|listeners:[], old=null
2023-06-07 07:11:00,037 [8757bef3-5796-4279-bd7f-82165642237f@group-9647AF00FAF7-LeaderElection17] INFO  impl.LeaderElection (LeaderElection.java:logAndReturn(90)) - 8757bef3-5796-4279-bd7f-82165642237f@group-9647AF00FAF7-LeaderElection17: PRE_VOTE REJECTED received 1 response(s) and 0 exception(s):
2023-06-07 07:11:00,038 [8757bef3-5796-4279-bd7f-82165642237f@group-9647AF00FAF7-LeaderElection17] INFO  impl.LeaderElection (LeaderElection.java:logAndReturn(94)) -   Response 0: 8757bef3-5796-4279-bd7f-82165642237f<-20fd9795-0abc-4083-965d-6ba83b10546c#0:FAIL-t0
2023-06-07 07:11:00,038 [8757bef3-5796-4279-bd7f-82165642237f@group-9647AF00FAF7-LeaderElection17] INFO  impl.LeaderElection (LeaderElection.java:askForVotes(323)) - 8757bef3-5796-4279-bd7f-82165642237f@group-9647AF00FAF7-LeaderElection17 PRE_VOTE round 0: result REJECTED
2023-06-07 07:11:00,038 [8757bef3-5796-4279-bd7f-82165642237f@group-9647AF00FAF7-LeaderElection17] INFO  server.RaftServer$Division (RaftServerImpl.java:setRole(329)) - 8757bef3-5796-4279-bd7f-82165642237f@group-9647AF00FAF7: changes role from CANDIDATE to FOLLOWER at term 0 for REJECTED
2023-06-07 07:11:00,038 [8757bef3-5796-4279-bd7f-82165642237f@group-9647AF00FAF7-LeaderElection17] INFO  impl.RoleInfo (RoleInfo.java:shutdownLeaderElection(130)) - 8757bef3-5796-4279-bd7f-82165642237f: shutdown 8757bef3-5796-4279-bd7f-82165642237f@group-9647AF00FAF7-LeaderElection17
2023-06-07 07:11:00,038 [grpc-default-executor-0] INFO  server.RaftServer$Division (RaftServerImpl.java:requestVote(1302)) - 1c3f76c4-a361-44c3-a437-710dc7a71a87@group-9647AF00FAF7: receive requestVote(PRE_VOTE, 8757bef3-5796-4279-bd7f-82165642237f, group-9647AF00FAF7, 0, (t:0, i:0))
2023-06-07 07:11:00,038 [grpc-default-executor-0] INFO  impl.VoteContext (VoteContext.java:log(49)) - 1c3f76c4-a361-44c3-a437-710dc7a71a87@group-9647AF00FAF7-FOLLOWER: accept PRE_VOTE from 8757bef3-5796-4279-bd7f-82165642237f: our priority 0 <= candidate's priority 0
2023-06-07 07:11:00,038 [grpc-default-executor-0] INFO  server.RaftServer$Division (RaftServerImpl.java:requestVote(1335)) - 1c3f76c4-a361-44c3-a437-710dc7a71a87@group-9647AF00FAF7 replies to PRE_VOTE vote request: 8757bef3-5796-4279-bd7f-82165642237f<-1c3f76c4-a361-44c3-a437-710dc7a71a87#0:OK-t0. Peer's state: 1c3f76c4-a361-44c3-a437-710dc7a71a87@group-9647AF00FAF7:t0, leader=null, voted=, raftlog=Memoized:1c3f76c4-a361-44c3-a437-710dc7a71a87@group-9647AF00FAF7-SegmentedRaftLog:OPENED:c-1, conf=-1: peers:[1c3f76c4-a361-44c3-a437-710dc7a71a87|rpc:10.1.0.31:15077|admin:10.1.0.31:15076|client:10.1.0.31:15075|dataStream:10.1.0.31:15078|priority:0|startupRole:FOLLOWER, 8757bef3-5796-4279-bd7f-82165642237f|rpc:10.1.0.31:15068|admin:10.1.0.31:15067|client:10.1.0.31:15066|dataStream:10.1.0.31:15069|priority:0|startupRole:FOLLOWER, 20fd9795-0abc-4083-965d-6ba83b10546c|rpc:10.1.0.31:15086|admin:10.1.0.31:15085|client:10.1.0.31:15084|dataStream:10.1.0.31:15087|priority:1|startupRole:FOLLOWER]|listeners:[], old=null
2023-06-07 07:11:00,038 [8757bef3-5796-4279-bd7f-82165642237f@group-9647AF00FAF7-LeaderElection17] INFO  impl.RoleInfo (RoleInfo.java:updateAndGet(139)) - 8757bef3-5796-4279-bd7f-82165642237f: start 8757bef3-5796-4279-bd7f-82165642237f@group-9647AF00FAF7-FollowerState
2023-06-07 07:11:00,042 [8757bef3-5796-4279-bd7f-82165642237f-server-thread1] INFO  ratis.XceiverServerRatis (XceiverServerRatis.java:handleLeaderChangedNotification(902)) - Leader change notification received for group: group-D03428C1B187 with new leaderId: 1c3f76c4-a361-44c3-a437-710dc7a71a87
2023-06-07 07:11:00,043 [8757bef3-5796-4279-bd7f-82165642237f-server-thread1] INFO  server.RaftServer$Division (ServerState.java:setLeader(317)) - 8757bef3-5796-4279-bd7f-82165642237f@group-D03428C1B187: change Leader from null to 1c3f76c4-a361-44c3-a437-710dc7a71a87 at term 1 for appendEntries, leader elected after 5395ms
2023-06-07 07:11:00,043 [8757bef3-5796-4279-bd7f-82165642237f-server-thread1] INFO  server.RaftServer$Division (ServerState.java:setRaftConf(434)) - 8757bef3-5796-4279-bd7f-82165642237f@group-D03428C1B187: set configuration 0: peers:[1c3f76c4-a361-44c3-a437-710dc7a71a87|rpc:10.1.0.31:15077|admin:10.1.0.31:15076|client:10.1.0.31:15075|dataStream:10.1.0.31:15078|priority:1|startupRole:FOLLOWER, 8757bef3-5796-4279-bd7f-82165642237f|rpc:10.1.0.31:15068|admin:10.1.0.31:15067|client:10.1.0.31:15066|dataStream:10.1.0.31:15069|priority:0|startupRole:FOLLOWER, 20fd9795-0abc-4083-965d-6ba83b10546c|rpc:10.1.0.31:15086|admin:10.1.0.31:15085|client:10.1.0.31:15084|dataStream:10.1.0.31:15087|priority:0|startupRole:FOLLOWER]|listeners:[], old=null
2023-06-07 07:11:00,046 [8757bef3-5796-4279-bd7f-82165642237f-server-thread1] INFO  segmented.SegmentedRaftLogWorker (SegmentedRaftLogWorker.java:startLogSegment(447)) - 8757bef3-5796-4279-bd7f-82165642237f@group-D03428C1B187-SegmentedRaftLogWorker: Starting segment from index:0
2023-06-07 07:11:00,053 [1c3f76c4-a361-44c3-a437-710dc7a71a87@group-9647AF00FAF7-FollowerState] INFO  server.RaftServerConfigKeys (ConfUtils.java:logFallback(53)) - raft.server.rpc.first-election.timeout.min = 5s (fallback to raft.server.rpc.timeout.min)
2023-06-07 07:11:00,064 [1c3f76c4-a361-44c3-a437-710dc7a71a87@group-9647AF00FAF7-FollowerState] INFO  server.RaftServerConfigKeys (ConfUtils.java:logFallback(53)) - raft.server.rpc.first-election.timeout.max = 5200ms (fallback to raft.server.rpc.timeout.max)
2023-06-07 07:11:00,063 [8757bef3-5796-4279-bd7f-82165642237f@group-D03428C1B187-SegmentedRaftLogWorker] INFO  segmented.SegmentedRaftLogWorker (SegmentedRaftLogWorker.java:execute(651)) - 8757bef3-5796-4279-bd7f-82165642237f@group-D03428C1B187-SegmentedRaftLogWorker: created new log segment /home/runner/work/ozone/ozone/hadoop-ozone/integration-test/target/test-dir/MiniOzoneClusterImpl-28223e3b-fb3b-4559-a623-43dba3cd33a0/datanode-6/data/ratis/c319041b-25dc-4b19-96cc-d03428c1b187/current/log_inprogress_0
2023-06-07 07:11:00,076 [20fd9795-0abc-4083-965d-6ba83b10546c@group-9647AF00FAF7-FollowerState] INFO  impl.FollowerState (FollowerState.java:run(143)) - 20fd9795-0abc-4083-965d-6ba83b10546c@group-9647AF00FAF7-FollowerState: change to CANDIDATE, lastRpcElapsedTime:5167117376ns, electionTimeout:5146ms
2023-06-07 07:11:00,076 [20fd9795-0abc-4083-965d-6ba83b10546c@group-9647AF00FAF7-FollowerState] INFO  impl.RoleInfo (RoleInfo.java:shutdownFollowerState(110)) - 20fd9795-0abc-4083-965d-6ba83b10546c: shutdown 20fd9795-0abc-4083-965d-6ba83b10546c@group-9647AF00FAF7-FollowerState
2023-06-07 07:11:00,076 [20fd9795-0abc-4083-965d-6ba83b10546c@group-9647AF00FAF7-FollowerState] INFO  server.RaftServer$Division (RaftServerImpl.java:setRole(329)) - 20fd9795-0abc-4083-965d-6ba83b10546c@group-9647AF00FAF7: changes role from  FOLLOWER to CANDIDATE at term 0 for changeToCandidate
2023-06-07 07:11:00,076 [20fd9795-0abc-4083-965d-6ba83b10546c@group-9647AF00FAF7-FollowerState] INFO  server.RaftServerConfigKeys (ConfUtils.java:logGet(46)) - raft.server.leaderelection.pre-vote = true (default)
2023-06-07 07:11:00,077 [20fd9795-0abc-4083-965d-6ba83b10546c@group-9647AF00FAF7-FollowerState] INFO  impl.RoleInfo (RoleInfo.java:updateAndGet(139)) - 20fd9795-0abc-4083-965d-6ba83b10546c: start 20fd9795-0abc-4083-965d-6ba83b10546c@group-9647AF00FAF7-LeaderElection18
2023-06-07 07:11:00,086 [20fd9795-0abc-4083-965d-6ba83b10546c-server-thread1] INFO  ratis.XceiverServerRatis (XceiverServerRatis.java:handleLeaderChangedNotification(902)) - Leader change notification received for group: group-D03428C1B187 with new leaderId: 1c3f76c4-a361-44c3-a437-710dc7a71a87
2023-06-07 07:11:00,086 [20fd9795-0abc-4083-965d-6ba83b10546c-server-thread1] INFO  server.RaftServer$Division (ServerState.java:setLeader(317)) - 20fd9795-0abc-4083-965d-6ba83b10546c@group-D03428C1B187: change Leader from null to 1c3f76c4-a361-44c3-a437-710dc7a71a87 at term 1 for appendEntries, leader elected after 5330ms
2023-06-07 07:11:00,086 [20fd9795-0abc-4083-965d-6ba83b10546c-server-thread1] INFO  server.RaftServer$Division (ServerState.java:setRaftConf(434)) - 20fd9795-0abc-4083-965d-6ba83b10546c@group-D03428C1B187: set configuration 0: peers:[1c3f76c4-a361-44c3-a437-710dc7a71a87|rpc:10.1.0.31:15077|admin:10.1.0.31:15076|client:10.1.0.31:15075|dataStream:10.1.0.31:15078|priority:1|startupRole:FOLLOWER, 8757bef3-5796-4279-bd7f-82165642237f|rpc:10.1.0.31:15068|admin:10.1.0.31:15067|client:10.1.0.31:15066|dataStream:10.1.0.31:15069|priority:0|startupRole:FOLLOWER, 20fd9795-0abc-4083-965d-6ba83b10546c|rpc:10.1.0.31:15086|admin:10.1.0.31:15085|client:10.1.0.31:15084|dataStream:10.1.0.31:15087|priority:0|startupRole:FOLLOWER]|listeners:[], old=null
2023-06-07 07:11:00,087 [20fd9795-0abc-4083-965d-6ba83b10546c-server-thread1] INFO  segmented.SegmentedRaftLogWorker (SegmentedRaftLogWorker.java:startLogSegment(447)) - 20fd9795-0abc-4083-965d-6ba83b10546c@group-D03428C1B187-SegmentedRaftLogWorker: Starting segment from index:0
2023-06-07 07:11:00,089 [20fd9795-0abc-4083-965d-6ba83b10546c@group-D03428C1B187-SegmentedRaftLogWorker] INFO  segmented.SegmentedRaftLogWorker (SegmentedRaftLogWorker.java:execute(651)) - 20fd9795-0abc-4083-965d-6ba83b10546c@group-D03428C1B187-SegmentedRaftLogWorker: created new log segment /home/runner/work/ozone/ozone/hadoop-ozone/integration-test/target/test-dir/MiniOzoneClusterImpl-28223e3b-fb3b-4559-a623-43dba3cd33a0/datanode-8/data/ratis/c319041b-25dc-4b19-96cc-d03428c1b187/current/log_inprogress_0
2023-06-07 07:11:00,090 [20fd9795-0abc-4083-965d-6ba83b10546c@group-9647AF00FAF7-LeaderElection18] INFO  impl.LeaderElection (LeaderElection.java:askForVotes(321)) - 20fd9795-0abc-4083-965d-6ba83b10546c@group-9647AF00FAF7-LeaderElection18 PRE_VOTE round 0: submit vote requests at term 0 for -1: peers:[1c3f76c4-a361-44c3-a437-710dc7a71a87|rpc:10.1.0.31:15077|admin:10.1.0.31:15076|client:10.1.0.31:15075|dataStream:10.1.0.31:15078|priority:0|startupRole:FOLLOWER, 8757bef3-5796-4279-bd7f-82165642237f|rpc:10.1.0.31:15068|admin:10.1.0.31:15067|client:10.1.0.31:15066|dataStream:10.1.0.31:15069|priority:0|startupRole:FOLLOWER, 20fd9795-0abc-4083-965d-6ba83b10546c|rpc:10.1.0.31:15086|admin:10.1.0.31:15085|client:10.1.0.31:15084|dataStream:10.1.0.31:15087|priority:1|startupRole:FOLLOWER]|listeners:[], old=null
2023-06-07 07:11:00,097 [1c3f76c4-a361-44c3-a437-710dc7a71a87@group-7D00ECF9154A-FollowerState] INFO  impl.FollowerState (FollowerState.java:run(143)) - 1c3f76c4-a361-44c3-a437-710dc7a71a87@group-7D00ECF9154A-FollowerState: change to CANDIDATE, lastRpcElapsedTime:5179537626ns, electionTimeout:5173ms
2023-06-07 07:11:00,097 [1c3f76c4-a361-44c3-a437-710dc7a71a87@group-7D00ECF9154A-FollowerState] INFO  impl.RoleInfo (RoleInfo.java:shutdownFollowerState(110)) - 1c3f76c4-a361-44c3-a437-710dc7a71a87: shutdown 1c3f76c4-a361-44c3-a437-710dc7a71a87@group-7D00ECF9154A-FollowerState
2023-06-07 07:11:00,097 [1c3f76c4-a361-44c3-a437-710dc7a71a87@group-7D00ECF9154A-FollowerState] INFO  server.RaftServer$Division (RaftServerImpl.java:setRole(329)) - 1c3f76c4-a361-44c3-a437-710dc7a71a87@group-7D00ECF9154A: changes role from  FOLLOWER to CANDIDATE at term 0 for changeToCandidate
2023-06-07 07:11:00,102 [20fd9795-0abc-4083-965d-6ba83b10546c@group-9647AF00FAF7-LeaderElection18-1] INFO  server.GrpcServerProtocolClient (GrpcServerProtocolClient.java:<init>(65)) - Build channel for 1c3f76c4-a361-44c3-a437-710dc7a71a87
2023-06-07 07:11:00,105 [20fd9795-0abc-4083-965d-6ba83b10546c@group-9647AF00FAF7-LeaderElection18] INFO  server.RaftServerConfigKeys (ConfUtils.java:logFallback(53)) - raft.server.rpc.first-election.timeout.min = 5s (fallback to raft.server.rpc.timeout.min)
2023-06-07 07:11:00,105 [20fd9795-0abc-4083-965d-6ba83b10546c@group-9647AF00FAF7-LeaderElection18] INFO  server.RaftServerConfigKeys (ConfUtils.java:logFallback(53)) - raft.server.rpc.first-election.timeout.max = 5200ms (fallback to raft.server.rpc.timeout.max)
2023-06-07 07:11:00,105 [20fd9795-0abc-4083-965d-6ba83b10546c@group-9647AF00FAF7-LeaderElection18-2] INFO  server.GrpcServerProtocolClient (GrpcServerProtocolClient.java:<init>(65)) - Build channel for 8757bef3-5796-4279-bd7f-82165642237f
2023-06-07 07:11:00,109 [1c3f76c4-a361-44c3-a437-710dc7a71a87@group-7D00ECF9154A-FollowerState] INFO  server.RaftServerConfigKeys (ConfUtils.java:logGet(46)) - raft.server.leaderelection.pre-vote = true (default)
2023-06-07 07:11:00,109 [1c3f76c4-a361-44c3-a437-710dc7a71a87@group-7D00ECF9154A-FollowerState] INFO  impl.RoleInfo (RoleInfo.java:updateAndGet(139)) - 1c3f76c4-a361-44c3-a437-710dc7a71a87: start 1c3f76c4-a361-44c3-a437-710dc7a71a87@group-7D00ECF9154A-LeaderElection19
2023-06-07 07:11:00,111 [IPC Server handler 18 on default port 15001] INFO  ha.SequenceIdGenerator (SequenceIdGenerator.java:getNextId(128)) - Allocate a batch for containerId, change lastId from 0 to 1000.
2023-06-07 07:11:00,124 [grpc-default-executor-5] INFO  server.RaftServer$Division (RaftServerImpl.java:requestVote(1302)) - 8757bef3-5796-4279-bd7f-82165642237f@group-9647AF00FAF7: receive requestVote(PRE_VOTE, 20fd9795-0abc-4083-965d-6ba83b10546c, group-9647AF00FAF7, 0, (t:0, i:0))
2023-06-07 07:11:00,124 [grpc-default-executor-5] INFO  impl.VoteContext (VoteContext.java:log(49)) - 8757bef3-5796-4279-bd7f-82165642237f@group-9647AF00FAF7-FOLLOWER: accept PRE_VOTE from 20fd9795-0abc-4083-965d-6ba83b10546c: our priority 0 <= candidate's priority 1
2023-06-07 07:11:00,124 [grpc-default-executor-5] INFO  server.RaftServer$Division (RaftServerImpl.java:requestVote(1335)) - 8757bef3-5796-4279-bd7f-82165642237f@group-9647AF00FAF7 replies to PRE_VOTE vote request: 20fd9795-0abc-4083-965d-6ba83b10546c<-8757bef3-5796-4279-bd7f-82165642237f#0:OK-t0. Peer's state: 8757bef3-5796-4279-bd7f-82165642237f@group-9647AF00FAF7:t0, leader=null, voted=, raftlog=Memoized:8757bef3-5796-4279-bd7f-82165642237f@group-9647AF00FAF7-SegmentedRaftLog:OPENED:c-1, conf=-1: peers:[1c3f76c4-a361-44c3-a437-710dc7a71a87|rpc:10.1.0.31:15077|admin:10.1.0.31:15076|client:10.1.0.31:15075|dataStream:10.1.0.31:15078|priority:0|startupRole:FOLLOWER, 8757bef3-5796-4279-bd7f-82165642237f|rpc:10.1.0.31:15068|admin:10.1.0.31:15067|client:10.1.0.31:15066|dataStream:10.1.0.31:15069|priority:0|startupRole:FOLLOWER, 20fd9795-0abc-4083-965d-6ba83b10546c|rpc:10.1.0.31:15086|admin:10.1.0.31:15085|client:10.1.0.31:15084|dataStream:10.1.0.31:15087|priority:1|startupRole:FOLLOWER]|listeners:[], old=null
2023-06-07 07:11:00,124 [grpc-default-executor-5] INFO  server.RaftServer$Division (RaftServerImpl.java:requestVote(1302)) - 1c3f76c4-a361-44c3-a437-710dc7a71a87@group-9647AF00FAF7: receive requestVote(PRE_VOTE, 20fd9795-0abc-4083-965d-6ba83b10546c, group-9647AF00FAF7, 0, (t:0, i:0))
2023-06-07 07:11:00,125 [grpc-default-executor-5] INFO  impl.VoteContext (VoteContext.java:log(49)) - 1c3f76c4-a361-44c3-a437-710dc7a71a87@group-9647AF00FAF7-FOLLOWER: accept PRE_VOTE from 20fd9795-0abc-4083-965d-6ba83b10546c: our priority 0 <= candidate's priority 1
2023-06-07 07:11:00,125 [grpc-default-executor-5] INFO  server.RaftServer$Division (RaftServerImpl.java:requestVote(1335)) - 1c3f76c4-a361-44c3-a437-710dc7a71a87@group-9647AF00FAF7 replies to PRE_VOTE vote request: 20fd9795-0abc-4083-965d-6ba83b10546c<-1c3f76c4-a361-44c3-a437-710dc7a71a87#0:OK-t0. Peer's state: 1c3f76c4-a361-44c3-a437-710dc7a71a87@group-9647AF00FAF7:t0, leader=null, voted=, raftlog=Memoized:1c3f76c4-a361-44c3-a437-710dc7a71a87@group-9647AF00FAF7-SegmentedRaftLog:OPENED:c-1, conf=-1: peers:[1c3f76c4-a361-44c3-a437-710dc7a71a87|rpc:10.1.0.31:15077|admin:10.1.0.31:15076|client:10.1.0.31:15075|dataStream:10.1.0.31:15078|priority:0|startupRole:FOLLOWER, 8757bef3-5796-4279-bd7f-82165642237f|rpc:10.1.0.31:15068|admin:10.1.0.31:15067|client:10.1.0.31:15066|dataStream:10.1.0.31:15069|priority:0|startupRole:FOLLOWER, 20fd9795-0abc-4083-965d-6ba83b10546c|rpc:10.1.0.31:15086|admin:10.1.0.31:15085|client:10.1.0.31:15084|dataStream:10.1.0.31:15087|priority:1|startupRole:FOLLOWER]|listeners:[], old=null
2023-06-07 07:11:00,126 [20fd9795-0abc-4083-965d-6ba83b10546c@group-9647AF00FAF7-LeaderElection18] INFO  impl.LeaderElection (LeaderElection.java:logAndReturn(90)) - 20fd9795-0abc-4083-965d-6ba83b10546c@group-9647AF00FAF7-LeaderElection18: PRE_VOTE PASSED received 1 response(s) and 0 exception(s):
2023-06-07 07:11:00,126 [20fd9795-0abc-4083-965d-6ba83b10546c@group-9647AF00FAF7-LeaderElection18] INFO  impl.LeaderElection (LeaderElection.java:logAndReturn(94)) -   Response 0: 20fd9795-0abc-4083-965d-6ba83b10546c<-8757bef3-5796-4279-bd7f-82165642237f#0:OK-t0
2023-06-07 07:11:00,126 [20fd9795-0abc-4083-965d-6ba83b10546c@group-9647AF00FAF7-LeaderElection18] INFO  impl.LeaderElection (LeaderElection.java:askForVotes(323)) - 20fd9795-0abc-4083-965d-6ba83b10546c@group-9647AF00FAF7-LeaderElection18 PRE_VOTE round 0: result PASSED
2023-06-07 07:11:00,129 [20fd9795-0abc-4083-965d-6ba83b10546c@group-9647AF00FAF7-LeaderElection18] INFO  impl.LeaderElection (LeaderElection.java:askForVotes(321)) - 20fd9795-0abc-4083-965d-6ba83b10546c@group-9647AF00FAF7-LeaderElection18 ELECTION round 0: submit vote requests at term 1 for -1: peers:[1c3f76c4-a361-44c3-a437-710dc7a71a87|rpc:10.1.0.31:15077|admin:10.1.0.31:15076|client:10.1.0.31:15075|dataStream:10.1.0.31:15078|priority:0|startupRole:FOLLOWER, 8757bef3-5796-4279-bd7f-82165642237f|rpc:10.1.0.31:15068|admin:10.1.0.31:15067|client:10.1.0.31:15066|dataStream:10.1.0.31:15069|priority:0|startupRole:FOLLOWER, 20fd9795-0abc-4083-965d-6ba83b10546c|rpc:10.1.0.31:15086|admin:10.1.0.31:15085|client:10.1.0.31:15084|dataStream:10.1.0.31:15087|priority:1|startupRole:FOLLOWER]|listeners:[], old=null
2023-06-07 07:11:00,133 [IPC Server handler 18 on default port 15001] WARN  ha.SequenceIdGenerator (SequenceIdGenerator.java:allocateBatch(237)) - Failed to allocate a batch for localId, expected lastId is 0, actual lastId is 111677748019200000.
2023-06-07 07:11:00,134 [IPC Server handler 18 on default port 15001] INFO  ha.SequenceIdGenerator (SequenceIdGenerator.java:getNextId(128)) - Allocate a batch for localId, change lastId from 111677748019200000 to 111677748019201000.
2023-06-07 07:11:00,140 [grpc-default-executor-5] INFO  server.RaftServer$Division (RaftServerImpl.java:requestVote(1302)) - 1c3f76c4-a361-44c3-a437-710dc7a71a87@group-9647AF00FAF7: receive requestVote(ELECTION, 20fd9795-0abc-4083-965d-6ba83b10546c, group-9647AF00FAF7, 1, (t:0, i:0))
2023-06-07 07:11:00,140 [grpc-default-executor-5] INFO  impl.VoteContext (VoteContext.java:log(49)) - 1c3f76c4-a361-44c3-a437-710dc7a71a87@group-9647AF00FAF7-FOLLOWER: accept ELECTION from 20fd9795-0abc-4083-965d-6ba83b10546c: our priority 0 <= candidate's priority 1
2023-06-07 07:11:00,140 [grpc-default-executor-5] INFO  server.RaftServer$Division (RaftServerImpl.java:setRole(329)) - 1c3f76c4-a361-44c3-a437-710dc7a71a87@group-9647AF00FAF7: changes role from  FOLLOWER to FOLLOWER at term 1 for candidate:20fd9795-0abc-4083-965d-6ba83b10546c
2023-06-07 07:11:00,140 [grpc-default-executor-5] INFO  impl.RoleInfo (RoleInfo.java:shutdownFollowerState(110)) - 1c3f76c4-a361-44c3-a437-710dc7a71a87: shutdown 1c3f76c4-a361-44c3-a437-710dc7a71a87@group-9647AF00FAF7-FollowerState
2023-06-07 07:11:00,140 [20fd9795-0abc-4083-965d-6ba83b10546c@group-9647AF00FAF7-LeaderElection18] INFO  server.RaftServerConfigKeys (ConfUtils.java:logFallback(53)) - raft.server.rpc.first-election.timeout.min = 5s (fallback to raft.server.rpc.timeout.min)
2023-06-07 07:11:00,140 [20fd9795-0abc-4083-965d-6ba83b10546c@group-9647AF00FAF7-LeaderElection18] INFO  server.RaftServerConfigKeys (ConfUtils.java:logFallback(53)) - raft.server.rpc.first-election.timeout.max = 5200ms (fallback to raft.server.rpc.timeout.max)
2023-06-07 07:11:00,143 [1c3f76c4-a361-44c3-a437-710dc7a71a87@group-7D00ECF9154A-LeaderElection19] INFO  impl.LeaderElection (LeaderElection.java:askForVotes(321)) - 1c3f76c4-a361-44c3-a437-710dc7a71a87@group-7D00ECF9154A-LeaderElection19 PRE_VOTE round 0: submit vote requests at term 0 for -1: peers:[1c3f76c4-a361-44c3-a437-710dc7a71a87|rpc:10.1.0.31:15077|admin:10.1.0.31:15076|client:10.1.0.31:15075|dataStream:10.1.0.31:15078|priority:1|startupRole:FOLLOWER]|listeners:[], old=null
2023-06-07 07:11:00,143 [1c3f76c4-a361-44c3-a437-710dc7a71a87@group-7D00ECF9154A-LeaderElection19] INFO  impl.LeaderElection (LeaderElection.java:askForVotes(323)) - 1c3f76c4-a361-44c3-a437-710dc7a71a87@group-7D00ECF9154A-LeaderElection19 PRE_VOTE round 0: result PASSED (term=0)
2023-06-07 07:11:00,145 [1c3f76c4-a361-44c3-a437-710dc7a71a87@group-9647AF00FAF7-FollowerState] INFO  impl.FollowerState (FollowerState.java:run(152)) - 1c3f76c4-a361-44c3-a437-710dc7a71a87@group-9647AF00FAF7-FollowerState was interrupted
2023-06-07 07:11:00,145 [grpc-default-executor-5] INFO  impl.RoleInfo (RoleInfo.java:updateAndGet(139)) - 1c3f76c4-a361-44c3-a437-710dc7a71a87: start 1c3f76c4-a361-44c3-a437-710dc7a71a87@group-9647AF00FAF7-FollowerState
2023-06-07 07:11:00,145 [1c3f76c4-a361-44c3-a437-710dc7a71a87@group-7D00ECF9154A-LeaderElection19] INFO  impl.LeaderElection (LeaderElection.java:askForVotes(321)) - 1c3f76c4-a361-44c3-a437-710dc7a71a87@group-7D00ECF9154A-LeaderElection19 ELECTION round 0: submit vote requests at term 1 for -1: peers:[1c3f76c4-a361-44c3-a437-710dc7a71a87|rpc:10.1.0.31:15077|admin:10.1.0.31:15076|client:10.1.0.31:15075|dataStream:10.1.0.31:15078|priority:1|startupRole:FOLLOWER]|listeners:[], old=null
2023-06-07 07:11:00,145 [1c3f76c4-a361-44c3-a437-710dc7a71a87@group-7D00ECF9154A-LeaderElection19] INFO  impl.LeaderElection (LeaderElection.java:askForVotes(323)) - 1c3f76c4-a361-44c3-a437-710dc7a71a87@group-7D00ECF9154A-LeaderElection19 ELECTION round 0: result PASSED (term=1)
2023-06-07 07:11:00,145 [1c3f76c4-a361-44c3-a437-710dc7a71a87@group-7D00ECF9154A-LeaderElection19] INFO  impl.RoleInfo (RoleInfo.java:shutdownLeaderElection(130)) - 1c3f76c4-a361-44c3-a437-710dc7a71a87: shutdown 1c3f76c4-a361-44c3-a437-710dc7a71a87@group-7D00ECF9154A-LeaderElection19
2023-06-07 07:11:00,145 [1c3f76c4-a361-44c3-a437-710dc7a71a87@group-7D00ECF9154A-LeaderElection19] INFO  server.RaftServer$Division (RaftServerImpl.java:setRole(329)) - 1c3f76c4-a361-44c3-a437-710dc7a71a87@group-7D00ECF9154A: changes role from CANDIDATE to LEADER at term 1 for changeToLeader
2023-06-07 07:11:00,145 [1c3f76c4-a361-44c3-a437-710dc7a71a87@group-7D00ECF9154A-LeaderElection19] INFO  ratis.XceiverServerRatis (XceiverServerRatis.java:handleLeaderChangedNotification(902)) - Leader change notification received for group: group-7D00ECF9154A with new leaderId: 1c3f76c4-a361-44c3-a437-710dc7a71a87
2023-06-07 07:11:00,145 [1c3f76c4-a361-44c3-a437-710dc7a71a87@group-7D00ECF9154A-LeaderElection19] INFO  server.RaftServer$Division (ServerState.java:setLeader(317)) - 1c3f76c4-a361-44c3-a437-710dc7a71a87@group-7D00ECF9154A: change Leader from null to 1c3f76c4-a361-44c3-a437-710dc7a71a87 at term 1 for becomeLeader, leader elected after 5266ms
2023-06-07 07:11:00,145 [1c3f76c4-a361-44c3-a437-710dc7a71a87@group-7D00ECF9154A-LeaderElection19] INFO  server.RaftServerConfigKeys (ConfUtils.java:logGet(46)) - raft.server.staging.catchup.gap = 1000 (default)
2023-06-07 07:11:00,146 [1c3f76c4-a361-44c3-a437-710dc7a71a87@group-7D00ECF9154A-LeaderElection19] INFO  server.RaftServerConfigKeys (ConfUtils.java:logGet(46)) - raft.server.write.element-limit = 1024 (custom)
2023-06-07 07:11:00,146 [1c3f76c4-a361-44c3-a437-710dc7a71a87@group-7D00ECF9154A-LeaderElection19] INFO  server.RaftServerConfigKeys (ConfUtils.java:logGet(46)) - raft.server.write.byte-limit = 1024 M (=1073741824) (custom)
2023-06-07 07:11:00,146 [1c3f76c4-a361-44c3-a437-710dc7a71a87@group-7D00ECF9154A-LeaderElection19] INFO  server.RaftServerConfigKeys (ConfUtils.java:logGet(46)) - raft.server.watch.timeout = 180s (custom)
2023-06-07 07:11:00,146 [1c3f76c4-a361-44c3-a437-710dc7a71a87@group-7D00ECF9154A-LeaderElection19] INFO  server.RaftServerConfigKeys (ConfUtils.java:logGet(46)) - raft.server.watch.timeout.denomination = 1s (default)
2023-06-07 07:11:00,146 [1c3f76c4-a361-44c3-a437-710dc7a71a87@group-7D00ECF9154A-LeaderElection19] INFO  server.RaftServerConfigKeys (ConfUtils.java:logGet(46)) - raft.server.watch.element-limit = 65536 (default)
2023-06-07 07:11:00,148 [1c3f76c4-a361-44c3-a437-710dc7a71a87@group-7D00ECF9154A-LeaderElection19] INFO  server.RaftServerConfigKeys (ConfUtils.java:logGet(46)) - raft.server.write.element-limit = 1024 (custom)
2023-06-07 07:11:00,148 [1c3f76c4-a361-44c3-a437-710dc7a71a87@group-7D00ECF9154A-LeaderElection19] INFO  server.RaftServerConfigKeys (ConfUtils.java:logGet(46)) - raft.server.write.follower.gap.ratio.max = -1.0 (default)
2023-06-07 07:11:00,148 [1c3f76c4-a361-44c3-a437-710dc7a71a87@group-7D00ECF9154A-LeaderElection19] INFO  impl.RoleInfo (RoleInfo.java:updateAndGet(139)) - 1c3f76c4-a361-44c3-a437-710dc7a71a87: start 1c3f76c4-a361-44c3-a437-710dc7a71a87@group-7D00ECF9154A-LeaderStateImpl
2023-06-07 07:11:00,149 [1c3f76c4-a361-44c3-a437-710dc7a71a87@group-7D00ECF9154A-LeaderElection19] INFO  segmented.SegmentedRaftLogWorker (SegmentedRaftLogWorker.java:startLogSegment(447)) - 1c3f76c4-a361-44c3-a437-710dc7a71a87@group-7D00ECF9154A-SegmentedRaftLogWorker: Starting segment from index:0
2023-06-07 07:11:00,152 [grpc-default-executor-2] INFO  server.RaftServer$Division (RaftServerImpl.java:requestVote(1302)) - 8757bef3-5796-4279-bd7f-82165642237f@group-9647AF00FAF7: receive requestVote(ELECTION, 20fd9795-0abc-4083-965d-6ba83b10546c, group-9647AF00FAF7, 1, (t:0, i:0))
2023-06-07 07:11:00,152 [grpc-default-executor-2] INFO  impl.VoteContext (VoteContext.java:log(49)) - 8757bef3-5796-4279-bd7f-82165642237f@group-9647AF00FAF7-FOLLOWER: accept ELECTION from 20fd9795-0abc-4083-965d-6ba83b10546c: our priority 0 <= candidate's priority 1
2023-06-07 07:11:00,152 [grpc-default-executor-2] INFO  server.RaftServer$Division (RaftServerImpl.java:setRole(329)) - 8757bef3-5796-4279-bd7f-82165642237f@group-9647AF00FAF7: changes role from  FOLLOWER to FOLLOWER at term 1 for candidate:20fd9795-0abc-4083-965d-6ba83b10546c
2023-06-07 07:11:00,152 [grpc-default-executor-2] INFO  impl.RoleInfo (RoleInfo.java:shutdownFollowerState(110)) - 8757bef3-5796-4279-bd7f-82165642237f: shutdown 8757bef3-5796-4279-bd7f-82165642237f@group-9647AF00FAF7-FollowerState
2023-06-07 07:11:00,154 [grpc-default-executor-5] INFO  server.RaftServer$Division (RaftServerImpl.java:requestVote(1335)) - 1c3f76c4-a361-44c3-a437-710dc7a71a87@group-9647AF00FAF7 replies to ELECTION vote request: 20fd9795-0abc-4083-965d-6ba83b10546c<-1c3f76c4-a361-44c3-a437-710dc7a71a87#0:OK-t1. Peer's state: 1c3f76c4-a361-44c3-a437-710dc7a71a87@group-9647AF00FAF7:t1, leader=null, voted=20fd9795-0abc-4083-965d-6ba83b10546c, raftlog=Memoized:1c3f76c4-a361-44c3-a437-710dc7a71a87@group-9647AF00FAF7-SegmentedRaftLog:OPENED:c-1, conf=-1: peers:[1c3f76c4-a361-44c3-a437-710dc7a71a87|rpc:10.1.0.31:15077|admin:10.1.0.31:15076|client:10.1.0.31:15075|dataStream:10.1.0.31:15078|priority:0|startupRole:FOLLOWER, 8757bef3-5796-4279-bd7f-82165642237f|rpc:10.1.0.31:15068|admin:10.1.0.31:15067|client:10.1.0.31:15066|dataStream:10.1.0.31:15069|priority:0|startupRole:FOLLOWER, 20fd9795-0abc-4083-965d-6ba83b10546c|rpc:10.1.0.31:15086|admin:10.1.0.31:15085|client:10.1.0.31:15084|dataStream:10.1.0.31:15087|priority:1|startupRole:FOLLOWER]|listeners:[], old=null
2023-06-07 07:11:00,154 [1c3f76c4-a361-44c3-a437-710dc7a71a87@group-7D00ECF9154A-SegmentedRaftLogWorker] INFO  segmented.SegmentedRaftLogWorker (SegmentedRaftLogWorker.java:execute(651)) - 1c3f76c4-a361-44c3-a437-710dc7a71a87@group-7D00ECF9154A-SegmentedRaftLogWorker: created new log segment /home/runner/work/ozone/ozone/hadoop-ozone/integration-test/target/test-dir/MiniOzoneClusterImpl-28223e3b-fb3b-4559-a623-43dba3cd33a0/datanode-7/data/ratis/294d5083-aa55-44bc-a178-7d00ecf9154a/current/log_inprogress_0
2023-06-07 07:11:00,154 [1c3f76c4-a361-44c3-a437-710dc7a71a87@group-7D00ECF9154A-LeaderElection19] INFO  server.RaftServer$Division (ServerState.java:setRaftConf(434)) - 1c3f76c4-a361-44c3-a437-710dc7a71a87@group-7D00ECF9154A: set configuration 0: peers:[1c3f76c4-a361-44c3-a437-710dc7a71a87|rpc:10.1.0.31:15077|admin:10.1.0.31:15076|client:10.1.0.31:15075|dataStream:10.1.0.31:15078|priority:1|startupRole:FOLLOWER]|listeners:[], old=null
2023-06-07 07:11:00,155 [grpc-default-executor-2] INFO  impl.RoleInfo (RoleInfo.java:updateAndGet(139)) - 8757bef3-5796-4279-bd7f-82165642237f: start 8757bef3-5796-4279-bd7f-82165642237f@group-9647AF00FAF7-FollowerState
2023-06-07 07:11:00,155 [8757bef3-5796-4279-bd7f-82165642237f@group-9647AF00FAF7-FollowerState] INFO  impl.FollowerState (FollowerState.java:run(152)) - 8757bef3-5796-4279-bd7f-82165642237f@group-9647AF00FAF7-FollowerState was interrupted
2023-06-07 07:11:00,161 [20fd9795-0abc-4083-965d-6ba83b10546c@group-9647AF00FAF7-LeaderElection18] INFO  impl.LeaderElection (LeaderElection.java:logAndReturn(90)) - 20fd9795-0abc-4083-965d-6ba83b10546c@group-9647AF00FAF7-LeaderElection18: ELECTION PASSED received 1 response(s) and 0 exception(s):
2023-06-07 07:11:00,161 [20fd9795-0abc-4083-965d-6ba83b10546c@group-9647AF00FAF7-LeaderElection18] INFO  impl.LeaderElection (LeaderElection.java:logAndReturn(94)) -   Response 0: 20fd9795-0abc-4083-965d-6ba83b10546c<-1c3f76c4-a361-44c3-a437-710dc7a71a87#0:OK-t1
2023-06-07 07:11:00,161 [20fd9795-0abc-4083-965d-6ba83b10546c@group-9647AF00FAF7-LeaderElection18] INFO  impl.LeaderElection (LeaderElection.java:askForVotes(323)) - 20fd9795-0abc-4083-965d-6ba83b10546c@group-9647AF00FAF7-LeaderElection18 ELECTION round 0: result PASSED
2023-06-07 07:11:00,161 [20fd9795-0abc-4083-965d-6ba83b10546c@group-9647AF00FAF7-LeaderElection18] INFO  impl.RoleInfo (RoleInfo.java:shutdownLeaderElection(130)) - 20fd9795-0abc-4083-965d-6ba83b10546c: shutdown 20fd9795-0abc-4083-965d-6ba83b10546c@group-9647AF00FAF7-LeaderElection18
2023-06-07 07:11:00,161 [20fd9795-0abc-4083-965d-6ba83b10546c@group-9647AF00FAF7-LeaderElection18] INFO  server.RaftServer$Division (RaftServerImpl.java:setRole(329)) - 20fd9795-0abc-4083-965d-6ba83b10546c@group-9647AF00FAF7: changes role from CANDIDATE to LEADER at term 1 for changeToLeader
2023-06-07 07:11:00,161 [20fd9795-0abc-4083-965d-6ba83b10546c@group-9647AF00FAF7-LeaderElection18] INFO  ratis.XceiverServerRatis (XceiverServerRatis.java:handleLeaderChangedNotification(902)) - Leader change notification received for group: group-9647AF00FAF7 with new leaderId: 20fd9795-0abc-4083-965d-6ba83b10546c
2023-06-07 07:11:00,161 [20fd9795-0abc-4083-965d-6ba83b10546c@group-9647AF00FAF7-LeaderElection18] INFO  server.RaftServer$Division (ServerState.java:setLeader(317)) - 20fd9795-0abc-4083-965d-6ba83b10546c@group-9647AF00FAF7: change Leader from null to 20fd9795-0abc-4083-965d-6ba83b10546c at term 1 for becomeLeader, leader elected after 5292ms
2023-06-07 07:11:00,161 [20fd9795-0abc-4083-965d-6ba83b10546c@group-9647AF00FAF7-LeaderElection18] INFO  server.RaftServerConfigKeys (ConfUtils.java:logGet(46)) - raft.server.staging.catchup.gap = 1000 (default)
2023-06-07 07:11:00,161 [grpc-default-executor-2] INFO  server.RaftServer$Division (RaftServerImpl.java:requestVote(1335)) - 8757bef3-5796-4279-bd7f-82165642237f@group-9647AF00FAF7 replies to ELECTION vote request: 20fd9795-0abc-4083-965d-6ba83b10546c<-8757bef3-5796-4279-bd7f-82165642237f#0:OK-t1. Peer's state: 8757bef3-5796-4279-bd7f-82165642237f@group-9647AF00FAF7:t1, leader=null, voted=20fd9795-0abc-4083-965d-6ba83b10546c, raftlog=Memoized:8757bef3-5796-4279-bd7f-82165642237f@group-9647AF00FAF7-SegmentedRaftLog:OPENED:c-1, conf=-1: peers:[1c3f76c4-a361-44c3-a437-710dc7a71a87|rpc:10.1.0.31:15077|admin:10.1.0.31:15076|client:10.1.0.31:15075|dataStream:10.1.0.31:15078|priority:0|startupRole:FOLLOWER, 8757bef3-5796-4279-bd7f-82165642237f|rpc:10.1.0.31:15068|admin:10.1.0.31:15067|client:10.1.0.31:15066|dataStream:10.1.0.31:15069|priority:0|startupRole:FOLLOWER, 20fd9795-0abc-4083-965d-6ba83b10546c|rpc:10.1.0.31:15086|admin:10.1.0.31:15085|client:10.1.0.31:15084|dataStream:10.1.0.31:15087|priority:1|startupRole:FOLLOWER]|listeners:[], old=null
2023-06-07 07:11:00,162 [20fd9795-0abc-4083-965d-6ba83b10546c@group-9647AF00FAF7-LeaderElection18] INFO  server.RaftServerConfigKeys (ConfUtils.java:logGet(46)) - raft.server.write.element-limit = 1024 (custom)
2023-06-07 07:11:00,162 [20fd9795-0abc-4083-965d-6ba83b10546c@group-9647AF00FAF7-LeaderElection18] INFO  server.RaftServerConfigKeys (ConfUtils.java:logGet(46)) - raft.server.write.byte-limit = 1024 M (=1073741824) (custom)
2023-06-07 07:11:00,162 [20fd9795-0abc-4083-965d-6ba83b10546c@group-9647AF00FAF7-LeaderElection18] INFO  server.RaftServerConfigKeys (ConfUtils.java:logGet(46)) - raft.server.watch.timeout = 180s (custom)
2023-06-07 07:11:00,162 [20fd9795-0abc-4083-965d-6ba83b10546c@group-9647AF00FAF7-LeaderElection18] INFO  server.RaftServerConfigKeys (ConfUtils.java:logGet(46)) - raft.server.watch.timeout.denomination = 1s (default)
2023-06-07 07:11:00,162 [20fd9795-0abc-4083-965d-6ba83b10546c@group-9647AF00FAF7-LeaderElection18] INFO  server.RaftServerConfigKeys (ConfUtils.java:logGet(46)) - raft.server.watch.element-limit = 65536 (default)
2023-06-07 07:11:00,162 [20fd9795-0abc-4083-965d-6ba83b10546c@group-9647AF00FAF7-LeaderElection18] INFO  server.RaftServerConfigKeys (ConfUtils.java:logGet(46)) - raft.server.write.element-limit = 1024 (custom)
2023-06-07 07:11:00,162 [20fd9795-0abc-4083-965d-6ba83b10546c@group-9647AF00FAF7-LeaderElection18] INFO  server.RaftServerConfigKeys (ConfUtils.java:logGet(46)) - raft.server.write.follower.gap.ratio.max = -1.0 (default)
2023-06-07 07:11:00,163 [20fd9795-0abc-4083-965d-6ba83b10546c@group-9647AF00FAF7-LeaderElection18] INFO  server.RaftServerConfigKeys (ConfUtils.java:logGet(46)) - raft.server.log.appender.snapshot.chunk.size.max = 16MB (=16777216) (default)
2023-06-07 07:11:00,163 [20fd9795-0abc-4083-965d-6ba83b10546c@group-9647AF00FAF7-LeaderElection18] INFO  server.RaftServerConfigKeys (ConfUtils.java:logGet(46)) - raft.server.log.appender.buffer.byte-limit = 33554432 (custom)
2023-06-07 07:11:00,163 [20fd9795-0abc-4083-965d-6ba83b10546c@group-9647AF00FAF7-LeaderElection18] INFO  server.RaftServerConfigKeys (ConfUtils.java:logGet(46)) - raft.server.log.appender.buffer.element-limit = 1 (custom)
2023-06-07 07:11:00,163 [20fd9795-0abc-4083-965d-6ba83b10546c@group-9647AF00FAF7-LeaderElection18] INFO  server.RaftServerConfigKeys (ConfUtils.java:logGet(46)) - raft.server.log.appender.wait-time.min = 10ms (default)
2023-06-07 07:11:00,163 [20fd9795-0abc-4083-965d-6ba83b10546c@group-9647AF00FAF7-LeaderElection18] INFO  grpc.GrpcConfigKeys (ConfUtils.java:logGet(46)) - raft.grpc.server.leader.outstanding.appends.max = 128 (default)
2023-06-07 07:11:00,163 [20fd9795-0abc-4083-965d-6ba83b10546c@group-9647AF00FAF7-LeaderElection18] INFO  server.RaftServerConfigKeys (ConfUtils.java:logGet(46)) - raft.server.rpc.request.timeout = 60s (custom)
2023-06-07 07:11:00,163 [20fd9795-0abc-4083-965d-6ba83b10546c@group-9647AF00FAF7-LeaderElection18] INFO  grpc.GrpcConfigKeys (ConfUtils.java:logGet(46)) - raft.grpc.server.install_snapshot.request.element-limit = 8 (default)
2023-06-07 07:11:00,163 [20fd9795-0abc-4083-965d-6ba83b10546c@group-9647AF00FAF7-LeaderElection18] INFO  grpc.GrpcConfigKeys (ConfUtils.java:logGet(46)) - raft.grpc.server.install_snapshot.request.timeout = 3000ms (default)
2023-06-07 07:11:00,163 [20fd9795-0abc-4083-965d-6ba83b10546c@group-9647AF00FAF7-LeaderElection18] INFO  server.RaftServerConfigKeys (ConfUtils.java:logGet(46)) - raft.server.log.appender.install.snapshot.enabled = false (custom)
2023-06-07 07:11:00,164 [20fd9795-0abc-4083-965d-6ba83b10546c@group-9647AF00FAF7-LeaderElection18] INFO  grpc.GrpcConfigKeys (ConfUtils.java:logGet(46)) - raft.grpc.server.heartbeat.channel = true (default)
2023-06-07 07:11:00,166 [EventQueue-PipelineReportForPipelineReportHandler] INFO  pipeline.PipelineManagerImpl (PipelineManagerImpl.java:openPipeline(367)) - Pipeline Pipeline[ Id: 6104eddc-cdf8-44f2-ae6f-9647af00faf7, Nodes: 20fd9795-0abc-4083-965d-6ba83b10546c(fv-az246-755.dmzl2ssfaldu3choa5k4qgfeyh.jx.internal.cloudapp.net/10.1.0.31)1c3f76c4-a361-44c3-a437-710dc7a71a87(fv-az246-755.dmzl2ssfaldu3choa5k4qgfeyh.jx.internal.cloudapp.net/10.1.0.31)8757bef3-5796-4279-bd7f-82165642237f(fv-az246-755.dmzl2ssfaldu3choa5k4qgfeyh.jx.internal.cloudapp.net/10.1.0.31), ReplicationConfig: RATIS/THREE, State:ALLOCATED, leaderId:20fd9795-0abc-4083-965d-6ba83b10546c, CreationTimestamp2023-06-07T07:10:52.401Z[Etc/UTC]] moved to OPEN state
2023-06-07 07:11:00,168 [20fd9795-0abc-4083-965d-6ba83b10546c@group-9647AF00FAF7-LeaderElection18] INFO  server.RaftServerConfigKeys (ConfUtils.java:logGet(46)) - raft.server.log.appender.snapshot.chunk.size.max = 16MB (=16777216) (default)
2023-06-07 07:11:00,168 [20fd9795-0abc-4083-965d-6ba83b10546c@group-9647AF00FAF7-LeaderElection18] INFO  server.RaftServerConfigKeys (ConfUtils.java:logGet(46)) - raft.server.log.appender.buffer.byte-limit = 33554432 (custom)
2023-06-07 07:11:00,168 [20fd9795-0abc-4083-965d-6ba83b10546c@group-9647AF00FAF7-LeaderElection18] INFO  server.RaftServerConfigKeys (ConfUtils.java:logGet(46)) - raft.server.log.appender.buffer.element-limit = 1 (custom)
2023-06-07 07:11:00,168 [20fd9795-0abc-4083-965d-6ba83b10546c@group-9647AF00FAF7-LeaderElection18] INFO  server.RaftServerConfigKeys (ConfUtils.java:logGet(46)) - raft.server.log.appender.wait-time.min = 10ms (default)
2023-06-07 07:11:00,168 [20fd9795-0abc-4083-965d-6ba83b10546c@group-9647AF00FAF7-LeaderElection18] INFO  grpc.GrpcConfigKeys (ConfUtils.java:logGet(46)) - raft.grpc.server.leader.outstanding.appends.max = 128 (default)
2023-06-07 07:11:00,168 [20fd9795-0abc-4083-965d-6ba83b10546c@group-9647AF00FAF7-LeaderElection18] INFO  server.RaftServerConfigKeys (ConfUtils.java:logGet(46)) - raft.server.rpc.request.timeout = 60s (custom)
2023-06-07 07:11:00,168 [20fd9795-0abc-4083-965d-6ba83b10546c@group-9647AF00FAF7-LeaderElection18] INFO  grpc.GrpcConfigKeys (ConfUtils.java:logGet(46)) - raft.grpc.server.install_snapshot.request.element-limit = 8 (default)
2023-06-07 07:11:00,168 [20fd9795-0abc-4083-965d-6ba83b10546c@group-9647AF00FAF7-LeaderElection18] INFO  grpc.GrpcConfigKeys (ConfUtils.java:logGet(46)) - raft.grpc.server.install_snapshot.request.timeout = 3000ms (default)
2023-06-07 07:11:00,168 [20fd9795-0abc-4083-965d-6ba83b10546c@group-9647AF00FAF7-LeaderElection18] INFO  server.RaftServerConfigKeys (ConfUtils.java:logGet(46)) - raft.server.log.appender.install.snapshot.enabled = false (custom)
2023-06-07 07:11:00,168 [20fd9795-0abc-4083-965d-6ba83b10546c@group-9647AF00FAF7-LeaderElection18] INFO  grpc.GrpcConfigKeys (ConfUtils.java:logGet(46)) - raft.grpc.server.heartbeat.channel = true (default)
2023-06-07 07:11:00,168 [20fd9795-0abc-4083-965d-6ba83b10546c@group-9647AF00FAF7-LeaderElection18] INFO  impl.RoleInfo (RoleInfo.java:updateAndGet(139)) - 20fd9795-0abc-4083-965d-6ba83b10546c: start 20fd9795-0abc-4083-965d-6ba83b10546c@group-9647AF00FAF7-LeaderStateImpl
2023-06-07 07:11:00,169 [20fd9795-0abc-4083-965d-6ba83b10546c@group-9647AF00FAF7-LeaderElection18] INFO  segmented.SegmentedRaftLogWorker (SegmentedRaftLogWorker.java:startLogSegment(447)) - 20fd9795-0abc-4083-965d-6ba83b10546c@group-9647AF00FAF7-SegmentedRaftLogWorker: Starting segment from index:0
2023-06-07 07:11:00,170 [20fd9795-0abc-4083-965d-6ba83b10546c@group-9647AF00FAF7-SegmentedRaftLogWorker] INFO  segmented.SegmentedRaftLogWorker (SegmentedRaftLogWorker.java:execute(651)) - 20fd9795-0abc-4083-965d-6ba83b10546c@group-9647AF00FAF7-SegmentedRaftLogWorker: created new log segment /home/runner/work/ozone/ozone/hadoop-ozone/integration-test/target/test-dir/MiniOzoneClusterImpl-28223e3b-fb3b-4559-a623-43dba3cd33a0/datanode-8/data/ratis/6104eddc-cdf8-44f2-ae6f-9647af00faf7/current/log_inprogress_0
2023-06-07 07:11:00,177 [20fd9795-0abc-4083-965d-6ba83b10546c@group-9647AF00FAF7-LeaderElection18] INFO  server.RaftServer$Division (ServerState.java:setRaftConf(434)) - 20fd9795-0abc-4083-965d-6ba83b10546c@group-9647AF00FAF7: set configuration 0: peers:[1c3f76c4-a361-44c3-a437-710dc7a71a87|rpc:10.1.0.31:15077|admin:10.1.0.31:15076|client:10.1.0.31:15075|dataStream:10.1.0.31:15078|priority:0|startupRole:FOLLOWER, 8757bef3-5796-4279-bd7f-82165642237f|rpc:10.1.0.31:15068|admin:10.1.0.31:15067|client:10.1.0.31:15066|dataStream:10.1.0.31:15069|priority:0|startupRole:FOLLOWER, 20fd9795-0abc-4083-965d-6ba83b10546c|rpc:10.1.0.31:15086|admin:10.1.0.31:15085|client:10.1.0.31:15084|dataStream:10.1.0.31:15087|priority:1|startupRole:FOLLOWER]|listeners:[], old=null
2023-06-07 07:11:00,191 [1c3f76c4-a361-44c3-a437-710dc7a71a87-server-thread1] INFO  ratis.XceiverServerRatis (XceiverServerRatis.java:handleLeaderChangedNotification(902)) - Leader change notification received for group: group-9647AF00FAF7 with new leaderId: 20fd9795-0abc-4083-965d-6ba83b10546c
2023-06-07 07:11:00,191 [1c3f76c4-a361-44c3-a437-710dc7a71a87-server-thread1] INFO  server.RaftServer$Division (ServerState.java:setLeader(317)) - 1c3f76c4-a361-44c3-a437-710dc7a71a87@group-9647AF00FAF7: change Leader from null to 20fd9795-0abc-4083-965d-6ba83b10546c at term 1 for appendEntries, leader elected after 5261ms
2023-06-07 07:11:00,201 [1c3f76c4-a361-44c3-a437-710dc7a71a87-server-thread2] INFO  server.RaftServer$Division (ServerState.java:setRaftConf(434)) - 1c3f76c4-a361-44c3-a437-710dc7a71a87@group-9647AF00FAF7: set configuration 0: peers:[1c3f76c4-a361-44c3-a437-710dc7a71a87|rpc:10.1.0.31:15077|admin:10.1.0.31:15076|client:10.1.0.31:15075|dataStream:10.1.0.31:15078|priority:0|startupRole:FOLLOWER, 8757bef3-5796-4279-bd7f-82165642237f|rpc:10.1.0.31:15068|admin:10.1.0.31:15067|client:10.1.0.31:15066|dataStream:10.1.0.31:15069|priority:0|startupRole:FOLLOWER, 20fd9795-0abc-4083-965d-6ba83b10546c|rpc:10.1.0.31:15086|admin:10.1.0.31:15085|client:10.1.0.31:15084|dataStream:10.1.0.31:15087|priority:1|startupRole:FOLLOWER]|listeners:[], old=null
2023-06-07 07:11:00,202 [1c3f76c4-a361-44c3-a437-710dc7a71a87-server-thread2] INFO  segmented.SegmentedRaftLogWorker (SegmentedRaftLogWorker.java:startLogSegment(447)) - 1c3f76c4-a361-44c3-a437-710dc7a71a87@group-9647AF00FAF7-SegmentedRaftLogWorker: Starting segment from index:0
2023-06-07 07:11:00,203 [8757bef3-5796-4279-bd7f-82165642237f-server-thread1] INFO  ratis.XceiverServerRatis (XceiverServerRatis.java:handleLeaderChangedNotification(902)) - Leader change notification received for group: group-9647AF00FAF7 with new leaderId: 20fd9795-0abc-4083-965d-6ba83b10546c
2023-06-07 07:11:00,203 [8757bef3-5796-4279-bd7f-82165642237f-server-thread1] INFO  server.RaftServer$Division (ServerState.java:setLeader(317)) - 8757bef3-5796-4279-bd7f-82165642237f@group-9647AF00FAF7: change Leader from null to 20fd9795-0abc-4083-965d-6ba83b10546c at term 1 for appendEntries, leader elected after 5388ms
2023-06-07 07:11:00,204 [1c3f76c4-a361-44c3-a437-710dc7a71a87@group-9647AF00FAF7-SegmentedRaftLogWorker] INFO  segmented.SegmentedRaftLogWorker (SegmentedRaftLogWorker.java:execute(651)) - 1c3f76c4-a361-44c3-a437-710dc7a71a87@group-9647AF00FAF7-SegmentedRaftLogWorker: created new log segment /home/runner/work/ozone/ozone/hadoop-ozone/integration-test/target/test-dir/MiniOzoneClusterImpl-28223e3b-fb3b-4559-a623-43dba3cd33a0/datanode-7/data/ratis/6104eddc-cdf8-44f2-ae6f-9647af00faf7/current/log_inprogress_0
2023-06-07 07:11:00,212 [8757bef3-5796-4279-bd7f-82165642237f-server-thread3] INFO  server.RaftServer$Division (ServerState.java:setRaftConf(434)) - 8757bef3-5796-4279-bd7f-82165642237f@group-9647AF00FAF7: set configuration 0: peers:[1c3f76c4-a361-44c3-a437-710dc7a71a87|rpc:10.1.0.31:15077|admin:10.1.0.31:15076|client:10.1.0.31:15075|dataStream:10.1.0.31:15078|priority:0|startupRole:FOLLOWER, 8757bef3-5796-4279-bd7f-82165642237f|rpc:10.1.0.31:15068|admin:10.1.0.31:15067|client:10.1.0.31:15066|dataStream:10.1.0.31:15069|priority:0|startupRole:FOLLOWER, 20fd9795-0abc-4083-965d-6ba83b10546c|rpc:10.1.0.31:15086|admin:10.1.0.31:15085|client:10.1.0.31:15084|dataStream:10.1.0.31:15087|priority:1|startupRole:FOLLOWER]|listeners:[], old=null
2023-06-07 07:11:00,212 [8757bef3-5796-4279-bd7f-82165642237f-server-thread3] INFO  segmented.SegmentedRaftLogWorker (SegmentedRaftLogWorker.java:startLogSegment(447)) - 8757bef3-5796-4279-bd7f-82165642237f@group-9647AF00FAF7-SegmentedRaftLogWorker: Starting segment from index:0
2023-06-07 07:11:00,214 [8757bef3-5796-4279-bd7f-82165642237f@group-9647AF00FAF7-SegmentedRaftLogWorker] INFO  segmented.SegmentedRaftLogWorker (SegmentedRaftLogWorker.java:execute(651)) - 8757bef3-5796-4279-bd7f-82165642237f@group-9647AF00FAF7-SegmentedRaftLogWorker: created new log segment /home/runner/work/ozone/ozone/hadoop-ozone/integration-test/target/test-dir/MiniOzoneClusterImpl-28223e3b-fb3b-4559-a623-43dba3cd33a0/datanode-6/data/ratis/6104eddc-cdf8-44f2-ae6f-9647af00faf7/current/log_inprogress_0
2023-06-07 07:11:00,322 [main] INFO  impl.MetricsSystemImpl (MetricsSystemImpl.java:init(158)) - XceiverClientMetrics metrics system started (again)
2023-06-07 07:11:00,323 [main] INFO  lib.Interns (Interns.java:removeEldestEntry(50)) - Metrics intern cache overflow at 2011 for MetricsSystem={MetricsSystem=MetricsInfoImpl{name=MetricsSystem, description=MetricsSystem}, MetricsSystem record=MetricsInfoImpl{name=MetricsSystem, description=MetricsSystem record}}
2023-06-07 07:11:00,542 [20fd9795-0abc-4083-965d-6ba83b10546c@group-ACA54D5DCE50-FollowerState] INFO  impl.FollowerState (FollowerState.java:run(143)) - 20fd9795-0abc-4083-965d-6ba83b10546c@group-ACA54D5DCE50-FollowerState: change to CANDIDATE, lastRpcElapsedTime:5164245507ns, electionTimeout:5157ms
2023-06-07 07:11:00,542 [20fd9795-0abc-4083-965d-6ba83b10546c@group-ACA54D5DCE50-FollowerState] INFO  impl.RoleInfo (RoleInfo.java:shutdownFollowerState(110)) - 20fd9795-0abc-4083-965d-6ba83b10546c: shutdown 20fd9795-0abc-4083-965d-6ba83b10546c@group-ACA54D5DCE50-FollowerState
2023-06-07 07:11:00,542 [20fd9795-0abc-4083-965d-6ba83b10546c@group-ACA54D5DCE50-FollowerState] INFO  server.RaftServer$Division (RaftServerImpl.java:setRole(329)) - 20fd9795-0abc-4083-965d-6ba83b10546c@group-ACA54D5DCE50: changes role from  FOLLOWER to CANDIDATE at term 0 for changeToCandidate
2023-06-07 07:11:00,542 [20fd9795-0abc-4083-965d-6ba83b10546c@group-ACA54D5DCE50-FollowerState] INFO  server.RaftServerConfigKeys (ConfUtils.java:logGet(46)) - raft.server.leaderelection.pre-vote = true (default)
2023-06-07 07:11:00,542 [20fd9795-0abc-4083-965d-6ba83b10546c@group-ACA54D5DCE50-FollowerState] INFO  impl.RoleInfo (RoleInfo.java:updateAndGet(139)) - 20fd9795-0abc-4083-965d-6ba83b10546c: start 20fd9795-0abc-4083-965d-6ba83b10546c@group-ACA54D5DCE50-LeaderElection20
2023-06-07 07:11:00,552 [20fd9795-0abc-4083-965d-6ba83b10546c@group-ACA54D5DCE50-LeaderElection20] INFO  impl.LeaderElection (LeaderElection.java:askForVotes(321)) - 20fd9795-0abc-4083-965d-6ba83b10546c@group-ACA54D5DCE50-LeaderElection20 PRE_VOTE round 0: submit vote requests at term 0 for -1: peers:[20fd9795-0abc-4083-965d-6ba83b10546c|rpc:10.1.0.31:15086|admin:10.1.0.31:15085|client:10.1.0.31:15084|dataStream:10.1.0.31:15087|priority:1|startupRole:FOLLOWER]|listeners:[], old=null
2023-06-07 07:11:00,553 [20fd9795-0abc-4083-965d-6ba83b10546c@group-ACA54D5DCE50-LeaderElection20] INFO  impl.LeaderElection (LeaderElection.java:askForVotes(323)) - 20fd9795-0abc-4083-965d-6ba83b10546c@group-ACA54D5DCE50-LeaderElection20 PRE_VOTE round 0: result PASSED (term=0)
2023-06-07 07:11:00,557 [20fd9795-0abc-4083-965d-6ba83b10546c@group-ACA54D5DCE50-LeaderElection20] INFO  impl.LeaderElection (LeaderElection.java:askForVotes(321)) - 20fd9795-0abc-4083-965d-6ba83b10546c@group-ACA54D5DCE50-LeaderElection20 ELECTION round 0: submit vote requests at term 1 for -1: peers:[20fd9795-0abc-4083-965d-6ba83b10546c|rpc:10.1.0.31:15086|admin:10.1.0.31:15085|client:10.1.0.31:15084|dataStream:10.1.0.31:15087|priority:1|startupRole:FOLLOWER]|listeners:[], old=null
2023-06-07 07:11:00,557 [20fd9795-0abc-4083-965d-6ba83b10546c@group-ACA54D5DCE50-LeaderElection20] INFO  impl.LeaderElection (LeaderElection.java:askForVotes(323)) - 20fd9795-0abc-4083-965d-6ba83b10546c@group-ACA54D5DCE50-LeaderElection20 ELECTION round 0: result PASSED (term=1)
2023-06-07 07:11:00,557 [20fd9795-0abc-4083-965d-6ba83b10546c@group-ACA54D5DCE50-LeaderElection20] INFO  impl.RoleInfo (RoleInfo.java:shutdownLeaderElection(130)) - 20fd9795-0abc-4083-965d-6ba83b10546c: shutdown 20fd9795-0abc-4083-965d-6ba83b10546c@group-ACA54D5DCE50-LeaderElection20
2023-06-07 07:11:00,557 [20fd9795-0abc-4083-965d-6ba83b10546c@group-ACA54D5DCE50-LeaderElection20] INFO  server.RaftServer$Division (RaftServerImpl.java:setRole(329)) - 20fd9795-0abc-4083-965d-6ba83b10546c@group-ACA54D5DCE50: changes role from CANDIDATE to LEADER at term 1 for changeToLeader
2023-06-07 07:11:00,557 [20fd9795-0abc-4083-965d-6ba83b10546c@group-ACA54D5DCE50-LeaderElection20] INFO  ratis.XceiverServerRatis (XceiverServerRatis.java:handleLeaderChangedNotification(902)) - Leader change notification received for group: group-ACA54D5DCE50 with new leaderId: 20fd9795-0abc-4083-965d-6ba83b10546c
2023-06-07 07:11:00,558 [20fd9795-0abc-4083-965d-6ba83b10546c@group-ACA54D5DCE50-LeaderElection20] INFO  server.RaftServer$Division (ServerState.java:setLeader(317)) - 20fd9795-0abc-4083-965d-6ba83b10546c@group-ACA54D5DCE50: change Leader from null to 20fd9795-0abc-4083-965d-6ba83b10546c at term 1 for becomeLeader, leader elected after 5205ms
2023-06-07 07:11:00,558 [20fd9795-0abc-4083-965d-6ba83b10546c@group-ACA54D5DCE50-LeaderElection20] INFO  server.RaftServerConfigKeys (ConfUtils.java:logGet(46)) - raft.server.staging.catchup.gap = 1000 (default)
2023-06-07 07:11:00,559 [20fd9795-0abc-4083-965d-6ba83b10546c@group-ACA54D5DCE50-LeaderElection20] INFO  server.RaftServerConfigKeys (ConfUtils.java:logGet(46)) - raft.server.write.element-limit = 1024 (custom)
2023-06-07 07:11:00,559 [20fd9795-0abc-4083-965d-6ba83b10546c@group-ACA54D5DCE50-LeaderElection20] INFO  server.RaftServerConfigKeys (ConfUtils.java:logGet(46)) - raft.server.write.byte-limit = 1024 M (=1073741824) (custom)
2023-06-07 07:11:00,562 [20fd9795-0abc-4083-965d-6ba83b10546c@group-ACA54D5DCE50-LeaderElection20] INFO  server.RaftServerConfigKeys (ConfUtils.java:logGet(46)) - raft.server.watch.timeout = 180s (custom)
2023-06-07 07:11:00,563 [20fd9795-0abc-4083-965d-6ba83b10546c@group-ACA54D5DCE50-LeaderElection20] INFO  server.RaftServerConfigKeys (ConfUtils.java:logGet(46)) - raft.server.watch.timeout.denomination = 1s (default)
2023-06-07 07:11:00,563 [20fd9795-0abc-4083-965d-6ba83b10546c@group-ACA54D5DCE50-LeaderElection20] INFO  server.RaftServerConfigKeys (ConfUtils.java:logGet(46)) - raft.server.watch.element-limit = 65536 (default)
2023-06-07 07:11:00,563 [20fd9795-0abc-4083-965d-6ba83b10546c@group-ACA54D5DCE50-LeaderElection20] INFO  server.RaftServerConfigKeys (ConfUtils.java:logGet(46)) - raft.server.write.element-limit = 1024 (custom)
2023-06-07 07:11:00,563 [20fd9795-0abc-4083-965d-6ba83b10546c@group-ACA54D5DCE50-LeaderElection20] INFO  server.RaftServerConfigKeys (ConfUtils.java:logGet(46)) - raft.server.write.follower.gap.ratio.max = -1.0 (default)
2023-06-07 07:11:00,563 [20fd9795-0abc-4083-965d-6ba83b10546c@group-ACA54D5DCE50-LeaderElection20] INFO  impl.RoleInfo (RoleInfo.java:updateAndGet(139)) - 20fd9795-0abc-4083-965d-6ba83b10546c: start 20fd9795-0abc-4083-965d-6ba83b10546c@group-ACA54D5DCE50-LeaderStateImpl
2023-06-07 07:11:00,563 [20fd9795-0abc-4083-965d-6ba83b10546c@group-ACA54D5DCE50-LeaderElection20] INFO  segmented.SegmentedRaftLogWorker (SegmentedRaftLogWorker.java:startLogSegment(447)) - 20fd9795-0abc-4083-965d-6ba83b10546c@group-ACA54D5DCE50-SegmentedRaftLogWorker: Starting segment from index:0
2023-06-07 07:11:00,567 [20fd9795-0abc-4083-965d-6ba83b10546c@group-ACA54D5DCE50-SegmentedRaftLogWorker] INFO  segmented.SegmentedRaftLogWorker (SegmentedRaftLogWorker.java:execute(651)) - 20fd9795-0abc-4083-965d-6ba83b10546c@group-ACA54D5DCE50-SegmentedRaftLogWorker: created new log segment /home/runner/work/ozone/ozone/hadoop-ozone/integration-test/target/test-dir/MiniOzoneClusterImpl-28223e3b-fb3b-4559-a623-43dba3cd33a0/datanode-8/data/ratis/a92714d7-7814-499a-bafe-aca54d5dce50/current/log_inprogress_0
2023-06-07 07:11:00,571 [20fd9795-0abc-4083-965d-6ba83b10546c@group-ACA54D5DCE50-LeaderElection20] INFO  server.RaftServer$Division (ServerState.java:setRaftConf(434)) - 20fd9795-0abc-4083-965d-6ba83b10546c@group-ACA54D5DCE50: set configuration 0: peers:[20fd9795-0abc-4083-965d-6ba83b10546c|rpc:10.1.0.31:15086|admin:10.1.0.31:15085|client:10.1.0.31:15084|dataStream:10.1.0.31:15087|priority:1|startupRole:FOLLOWER]|listeners:[], old=null
2023-06-07 07:11:01,461 [53afdcff-9740-4d1d-9155-3eea53ceb243@group-DE80C7EC9D56-FollowerState] INFO  impl.FollowerState (FollowerState.java:run(143)) - 53afdcff-9740-4d1d-9155-3eea53ceb243@group-DE80C7EC9D56-FollowerState: change to CANDIDATE, lastRpcElapsedTime:5105412110ns, electionTimeout:5104ms
2023-06-07 07:11:01,462 [53afdcff-9740-4d1d-9155-3eea53ceb243@group-DE80C7EC9D56-FollowerState] INFO  impl.RoleInfo (RoleInfo.java:shutdownFollowerState(110)) - 53afdcff-9740-4d1d-9155-3eea53ceb243: shutdown 53afdcff-9740-4d1d-9155-3eea53ceb243@group-DE80C7EC9D56-FollowerState
2023-06-07 07:11:01,462 [53afdcff-9740-4d1d-9155-3eea53ceb243@group-DE80C7EC9D56-FollowerState] INFO  server.RaftServer$Division (RaftServerImpl.java:setRole(329)) - 53afdcff-9740-4d1d-9155-3eea53ceb243@group-DE80C7EC9D56: changes role from  FOLLOWER to CANDIDATE at term 0 for changeToCandidate
2023-06-07 07:11:01,462 [53afdcff-9740-4d1d-9155-3eea53ceb243@group-DE80C7EC9D56-FollowerState] INFO  server.RaftServerConfigKeys (ConfUtils.java:logGet(46)) - raft.server.leaderelection.pre-vote = true (default)
2023-06-07 07:11:01,462 [53afdcff-9740-4d1d-9155-3eea53ceb243@group-DE80C7EC9D56-FollowerState] INFO  impl.RoleInfo (RoleInfo.java:updateAndGet(139)) - 53afdcff-9740-4d1d-9155-3eea53ceb243: start 53afdcff-9740-4d1d-9155-3eea53ceb243@group-DE80C7EC9D56-LeaderElection21
2023-06-07 07:11:01,465 [53afdcff-9740-4d1d-9155-3eea53ceb243@group-DE80C7EC9D56-LeaderElection21] INFO  impl.LeaderElection (LeaderElection.java:askForVotes(321)) - 53afdcff-9740-4d1d-9155-3eea53ceb243@group-DE80C7EC9D56-LeaderElection21 PRE_VOTE round 0: submit vote requests at term 0 for -1: peers:[cd92a3c4-ef96-4770-b512-b3fe4045cd4b|rpc:10.1.0.31:15113|admin:10.1.0.31:15112|client:10.1.0.31:15111|dataStream:10.1.0.31:15114|priority:0|startupRole:FOLLOWER, b1b35183-3015-42af-b03c-e7d97dc9a7f6|rpc:10.1.0.31:15104|admin:10.1.0.31:15103|client:10.1.0.31:15102|dataStream:10.1.0.31:15105|priority:1|startupRole:FOLLOWER, 53afdcff-9740-4d1d-9155-3eea53ceb243|rpc:10.1.0.31:15095|admin:10.1.0.31:15094|client:10.1.0.31:15093|dataStream:10.1.0.31:15096|priority:0|startupRole:FOLLOWER]|listeners:[], old=null
2023-06-07 07:11:01,467 [53afdcff-9740-4d1d-9155-3eea53ceb243@group-DE80C7EC9D56-LeaderElection21] INFO  server.RaftServerConfigKeys (ConfUtils.java:logFallback(53)) - raft.server.rpc.first-election.timeout.min = 5s (fallback to raft.server.rpc.timeout.min)
2023-06-07 07:11:01,467 [53afdcff-9740-4d1d-9155-3eea53ceb243@group-DE80C7EC9D56-LeaderElection21-1] INFO  server.GrpcServerProtocolClient (GrpcServerProtocolClient.java:<init>(65)) - Build channel for cd92a3c4-ef96-4770-b512-b3fe4045cd4b
2023-06-07 07:11:01,468 [53afdcff-9740-4d1d-9155-3eea53ceb243@group-DE80C7EC9D56-LeaderElection21] INFO  server.RaftServerConfigKeys (ConfUtils.java:logFallback(53)) - raft.server.rpc.first-election.timeout.max = 5200ms (fallback to raft.server.rpc.timeout.max)
2023-06-07 07:11:01,468 [53afdcff-9740-4d1d-9155-3eea53ceb243@group-DE80C7EC9D56-LeaderElection21-2] INFO  server.GrpcServerProtocolClient (GrpcServerProtocolClient.java:<init>(65)) - Build channel for b1b35183-3015-42af-b03c-e7d97dc9a7f6
2023-06-07 07:11:01,478 [grpc-default-executor-2] INFO  server.RaftServer$Division (RaftServerImpl.java:requestVote(1302)) - cd92a3c4-ef96-4770-b512-b3fe4045cd4b@group-DE80C7EC9D56: receive requestVote(PRE_VOTE, 53afdcff-9740-4d1d-9155-3eea53ceb243, group-DE80C7EC9D56, 0, (t:0, i:0))
2023-06-07 07:11:01,479 [grpc-default-executor-2] INFO  impl.VoteContext (VoteContext.java:log(49)) - cd92a3c4-ef96-4770-b512-b3fe4045cd4b@group-DE80C7EC9D56-FOLLOWER: accept PRE_VOTE from 53afdcff-9740-4d1d-9155-3eea53ceb243: our priority 0 <= candidate's priority 0
2023-06-07 07:11:01,479 [grpc-default-executor-2] INFO  server.RaftServer$Division (RaftServerImpl.java:requestVote(1335)) - cd92a3c4-ef96-4770-b512-b3fe4045cd4b@group-DE80C7EC9D56 replies to PRE_VOTE vote request: 53afdcff-9740-4d1d-9155-3eea53ceb243<-cd92a3c4-ef96-4770-b512-b3fe4045cd4b#0:OK-t0. Peer's state: cd92a3c4-ef96-4770-b512-b3fe4045cd4b@group-DE80C7EC9D56:t0, leader=null, voted=, raftlog=Memoized:cd92a3c4-ef96-4770-b512-b3fe4045cd4b@group-DE80C7EC9D56-SegmentedRaftLog:OPENED:c-1, conf=-1: peers:[cd92a3c4-ef96-4770-b512-b3fe4045cd4b|rpc:10.1.0.31:15113|admin:10.1.0.31:15112|client:10.1.0.31:15111|dataStream:10.1.0.31:15114|priority:0|startupRole:FOLLOWER, b1b35183-3015-42af-b03c-e7d97dc9a7f6|rpc:10.1.0.31:15104|admin:10.1.0.31:15103|client:10.1.0.31:15102|dataStream:10.1.0.31:15105|priority:1|startupRole:FOLLOWER, 53afdcff-9740-4d1d-9155-3eea53ceb243|rpc:10.1.0.31:15095|admin:10.1.0.31:15094|client:10.1.0.31:15093|dataStream:10.1.0.31:15096|priority:0|startupRole:FOLLOWER]|listeners:[], old=null
2023-06-07 07:11:01,481 [grpc-default-executor-2] INFO  server.RaftServer$Division (RaftServerImpl.java:requestVote(1302)) - b1b35183-3015-42af-b03c-e7d97dc9a7f6@group-DE80C7EC9D56: receive requestVote(PRE_VOTE, 53afdcff-9740-4d1d-9155-3eea53ceb243, group-DE80C7EC9D56, 0, (t:0, i:0))
2023-06-07 07:11:01,481 [grpc-default-executor-2] INFO  impl.VoteContext (VoteContext.java:log(49)) - b1b35183-3015-42af-b03c-e7d97dc9a7f6@group-DE80C7EC9D56-FOLLOWER: reject PRE_VOTE from 53afdcff-9740-4d1d-9155-3eea53ceb243: our priority 1 > candidate's priority 0
2023-06-07 07:11:01,481 [grpc-default-executor-2] INFO  server.RaftServer$Division (RaftServerImpl.java:requestVote(1335)) - b1b35183-3015-42af-b03c-e7d97dc9a7f6@group-DE80C7EC9D56 replies to PRE_VOTE vote request: 53afdcff-9740-4d1d-9155-3eea53ceb243<-b1b35183-3015-42af-b03c-e7d97dc9a7f6#0:FAIL-t0. Peer's state: b1b35183-3015-42af-b03c-e7d97dc9a7f6@group-DE80C7EC9D56:t0, leader=null, voted=, raftlog=Memoized:b1b35183-3015-42af-b03c-e7d97dc9a7f6@group-DE80C7EC9D56-SegmentedRaftLog:OPENED:c-1, conf=-1: peers:[cd92a3c4-ef96-4770-b512-b3fe4045cd4b|rpc:10.1.0.31:15113|admin:10.1.0.31:15112|client:10.1.0.31:15111|dataStream:10.1.0.31:15114|priority:0|startupRole:FOLLOWER, b1b35183-3015-42af-b03c-e7d97dc9a7f6|rpc:10.1.0.31:15104|admin:10.1.0.31:15103|client:10.1.0.31:15102|dataStream:10.1.0.31:15105|priority:1|startupRole:FOLLOWER, 53afdcff-9740-4d1d-9155-3eea53ceb243|rpc:10.1.0.31:15095|admin:10.1.0.31:15094|client:10.1.0.31:15093|dataStream:10.1.0.31:15096|priority:0|startupRole:FOLLOWER]|listeners:[], old=null
2023-06-07 07:11:01,487 [b1b35183-3015-42af-b03c-e7d97dc9a7f6@group-DE80C7EC9D56-FollowerState] INFO  impl.FollowerState (FollowerState.java:run(143)) - b1b35183-3015-42af-b03c-e7d97dc9a7f6@group-DE80C7EC9D56-FollowerState: change to CANDIDATE, lastRpcElapsedTime:5051969986ns, electionTimeout:5048ms
2023-06-07 07:11:01,487 [b1b35183-3015-42af-b03c-e7d97dc9a7f6@group-DE80C7EC9D56-FollowerState] INFO  impl.RoleInfo (RoleInfo.java:shutdownFollowerState(110)) - b1b35183-3015-42af-b03c-e7d97dc9a7f6: shutdown b1b35183-3015-42af-b03c-e7d97dc9a7f6@group-DE80C7EC9D56-FollowerState
2023-06-07 07:11:01,487 [b1b35183-3015-42af-b03c-e7d97dc9a7f6@group-DE80C7EC9D56-FollowerState] INFO  server.RaftServer$Division (RaftServerImpl.java:setRole(329)) - b1b35183-3015-42af-b03c-e7d97dc9a7f6@group-DE80C7EC9D56: changes role from  FOLLOWER to CANDIDATE at term 0 for changeToCandidate
2023-06-07 07:11:01,487 [b1b35183-3015-42af-b03c-e7d97dc9a7f6@group-DE80C7EC9D56-FollowerState] INFO  server.RaftServerConfigKeys (ConfUtils.java:logGet(46)) - raft.server.leaderelection.pre-vote = true (default)
2023-06-07 07:11:01,487 [b1b35183-3015-42af-b03c-e7d97dc9a7f6@group-DE80C7EC9D56-FollowerState] INFO  impl.RoleInfo (RoleInfo.java:updateAndGet(139)) - b1b35183-3015-42af-b03c-e7d97dc9a7f6: start b1b35183-3015-42af-b03c-e7d97dc9a7f6@group-DE80C7EC9D56-LeaderElection22
2023-06-07 07:11:01,488 [53afdcff-9740-4d1d-9155-3eea53ceb243@group-F73FE6C43A4A-FollowerState] INFO  impl.FollowerState (FollowerState.java:run(143)) - 53afdcff-9740-4d1d-9155-3eea53ceb243@group-F73FE6C43A4A-FollowerState: change to CANDIDATE, lastRpcElapsedTime:5176376523ns, electionTimeout:5166ms
2023-06-07 07:11:01,488 [53afdcff-9740-4d1d-9155-3eea53ceb243@group-F73FE6C43A4A-FollowerState] INFO  impl.RoleInfo (RoleInfo.java:shutdownFollowerState(110)) - 53afdcff-9740-4d1d-9155-3eea53ceb243: shutdown 53afdcff-9740-4d1d-9155-3eea53ceb243@group-F73FE6C43A4A-FollowerState
2023-06-07 07:11:01,488 [53afdcff-9740-4d1d-9155-3eea53ceb243@group-F73FE6C43A4A-FollowerState] INFO  server.RaftServer$Division (RaftServerImpl.java:setRole(329)) - 53afdcff-9740-4d1d-9155-3eea53ceb243@group-F73FE6C43A4A: changes role from  FOLLOWER to CANDIDATE at term 0 for changeToCandidate
2023-06-07 07:11:01,488 [53afdcff-9740-4d1d-9155-3eea53ceb243@group-F73FE6C43A4A-FollowerState] INFO  server.RaftServerConfigKeys (ConfUtils.java:logGet(46)) - raft.server.leaderelection.pre-vote = true (default)
2023-06-07 07:11:01,488 [53afdcff-9740-4d1d-9155-3eea53ceb243@group-F73FE6C43A4A-FollowerState] INFO  impl.RoleInfo (RoleInfo.java:updateAndGet(139)) - 53afdcff-9740-4d1d-9155-3eea53ceb243: start 53afdcff-9740-4d1d-9155-3eea53ceb243@group-F73FE6C43A4A-LeaderElection23
2023-06-07 07:11:01,491 [53afdcff-9740-4d1d-9155-3eea53ceb243@group-DE80C7EC9D56-LeaderElection21] INFO  impl.LeaderElection (LeaderElection.java:logAndReturn(90)) - 53afdcff-9740-4d1d-9155-3eea53ceb243@group-DE80C7EC9D56-LeaderElection21: PRE_VOTE REJECTED received 2 response(s) and 0 exception(s):
2023-06-07 07:11:01,491 [53afdcff-9740-4d1d-9155-3eea53ceb243@group-DE80C7EC9D56-LeaderElection21] INFO  impl.LeaderElection (LeaderElection.java:logAndReturn(94)) -   Response 0: 53afdcff-9740-4d1d-9155-3eea53ceb243<-cd92a3c4-ef96-4770-b512-b3fe4045cd4b#0:OK-t0
2023-06-07 07:11:01,491 [53afdcff-9740-4d1d-9155-3eea53ceb243@group-DE80C7EC9D56-LeaderElection21] INFO  impl.LeaderElection (LeaderElection.java:logAndReturn(94)) -   Response 1: 53afdcff-9740-4d1d-9155-3eea53ceb243<-b1b35183-3015-42af-b03c-e7d97dc9a7f6#0:FAIL-t0
2023-06-07 07:11:01,491 [53afdcff-9740-4d1d-9155-3eea53ceb243@group-DE80C7EC9D56-LeaderElection21] INFO  impl.LeaderElection (LeaderElection.java:askForVotes(323)) - 53afdcff-9740-4d1d-9155-3eea53ceb243@group-DE80C7EC9D56-LeaderElection21 PRE_VOTE round 0: result REJECTED
2023-06-07 07:11:01,491 [53afdcff-9740-4d1d-9155-3eea53ceb243@group-DE80C7EC9D56-LeaderElection21] INFO  server.RaftServer$Division (RaftServerImpl.java:setRole(329)) - 53afdcff-9740-4d1d-9155-3eea53ceb243@group-DE80C7EC9D56: changes role from CANDIDATE to FOLLOWER at term 0 for REJECTED
2023-06-07 07:11:01,491 [53afdcff-9740-4d1d-9155-3eea53ceb243@group-DE80C7EC9D56-LeaderElection21] INFO  impl.RoleInfo (RoleInfo.java:shutdownLeaderElection(130)) - 53afdcff-9740-4d1d-9155-3eea53ceb243: shutdown 53afdcff-9740-4d1d-9155-3eea53ceb243@group-DE80C7EC9D56-LeaderElection21
2023-06-07 07:11:01,492 [53afdcff-9740-4d1d-9155-3eea53ceb243@group-DE80C7EC9D56-LeaderElection21] INFO  impl.RoleInfo (RoleInfo.java:updateAndGet(139)) - 53afdcff-9740-4d1d-9155-3eea53ceb243: start 53afdcff-9740-4d1d-9155-3eea53ceb243@group-DE80C7EC9D56-FollowerState
2023-06-07 07:11:01,492 [53afdcff-9740-4d1d-9155-3eea53ceb243@group-F73FE6C43A4A-LeaderElection23] INFO  impl.LeaderElection (LeaderElection.java:askForVotes(321)) - 53afdcff-9740-4d1d-9155-3eea53ceb243@group-F73FE6C43A4A-LeaderElection23 PRE_VOTE round 0: submit vote requests at term 0 for -1: peers:[53afdcff-9740-4d1d-9155-3eea53ceb243|rpc:10.1.0.31:15095|admin:10.1.0.31:15094|client:10.1.0.31:15093|dataStream:10.1.0.31:15096|priority:1|startupRole:FOLLOWER]|listeners:[], old=null
2023-06-07 07:11:01,492 [53afdcff-9740-4d1d-9155-3eea53ceb243@group-F73FE6C43A4A-LeaderElection23] INFO  impl.LeaderElection (LeaderElection.java:askForVotes(323)) - 53afdcff-9740-4d1d-9155-3eea53ceb243@group-F73FE6C43A4A-LeaderElection23 PRE_VOTE round 0: result PASSED (term=0)
2023-06-07 07:11:01,495 [b1b35183-3015-42af-b03c-e7d97dc9a7f6@group-DE80C7EC9D56-LeaderElection22] INFO  impl.LeaderElection (LeaderElection.java:askForVotes(321)) - b1b35183-3015-42af-b03c-e7d97dc9a7f6@group-DE80C7EC9D56-LeaderElection22 PRE_VOTE round 0: submit vote requests at term 0 for -1: peers:[cd92a3c4-ef96-4770-b512-b3fe4045cd4b|rpc:10.1.0.31:15113|admin:10.1.0.31:15112|client:10.1.0.31:15111|dataStream:10.1.0.31:15114|priority:0|startupRole:FOLLOWER, b1b35183-3015-42af-b03c-e7d97dc9a7f6|rpc:10.1.0.31:15104|admin:10.1.0.31:15103|client:10.1.0.31:15102|dataStream:10.1.0.31:15105|priority:1|startupRole:FOLLOWER, 53afdcff-9740-4d1d-9155-3eea53ceb243|rpc:10.1.0.31:15095|admin:10.1.0.31:15094|client:10.1.0.31:15093|dataStream:10.1.0.31:15096|priority:0|startupRole:FOLLOWER]|listeners:[], old=null
2023-06-07 07:11:01,495 [53afdcff-9740-4d1d-9155-3eea53ceb243@group-F73FE6C43A4A-LeaderElection23] INFO  impl.LeaderElection (LeaderElection.java:askForVotes(321)) - 53afdcff-9740-4d1d-9155-3eea53ceb243@group-F73FE6C43A4A-LeaderElection23 ELECTION round 0: submit vote requests at term 1 for -1: peers:[53afdcff-9740-4d1d-9155-3eea53ceb243|rpc:10.1.0.31:15095|admin:10.1.0.31:15094|client:10.1.0.31:15093|dataStream:10.1.0.31:15096|priority:1|startupRole:FOLLOWER]|listeners:[], old=null
2023-06-07 07:11:01,495 [53afdcff-9740-4d1d-9155-3eea53ceb243@group-F73FE6C43A4A-LeaderElection23] INFO  impl.LeaderElection (LeaderElection.java:askForVotes(323)) - 53afdcff-9740-4d1d-9155-3eea53ceb243@group-F73FE6C43A4A-LeaderElection23 ELECTION round 0: result PASSED (term=1)
2023-06-07 07:11:01,495 [53afdcff-9740-4d1d-9155-3eea53ceb243@group-F73FE6C43A4A-LeaderElection23] INFO  impl.RoleInfo (RoleInfo.java:shutdownLeaderElection(130)) - 53afdcff-9740-4d1d-9155-3eea53ceb243: shutdown 53afdcff-9740-4d1d-9155-3eea53ceb243@group-F73FE6C43A4A-LeaderElection23
2023-06-07 07:11:01,495 [53afdcff-9740-4d1d-9155-3eea53ceb243@group-F73FE6C43A4A-LeaderElection23] INFO  server.RaftServer$Division (RaftServerImpl.java:setRole(329)) - 53afdcff-9740-4d1d-9155-3eea53ceb243@group-F73FE6C43A4A: changes role from CANDIDATE to LEADER at term 1 for changeToLeader
2023-06-07 07:11:01,495 [53afdcff-9740-4d1d-9155-3eea53ceb243@group-F73FE6C43A4A-LeaderElection23] INFO  ratis.XceiverServerRatis (XceiverServerRatis.java:handleLeaderChangedNotification(902)) - Leader change notification received for group: group-F73FE6C43A4A with new leaderId: 53afdcff-9740-4d1d-9155-3eea53ceb243
2023-06-07 07:11:01,497 [b1b35183-3015-42af-b03c-e7d97dc9a7f6@group-DE80C7EC9D56-LeaderElection22-1] INFO  server.GrpcServerProtocolClient (GrpcServerProtocolClient.java:<init>(65)) - Build channel for cd92a3c4-ef96-4770-b512-b3fe4045cd4b
2023-06-07 07:11:01,497 [53afdcff-9740-4d1d-9155-3eea53ceb243@group-F73FE6C43A4A-LeaderElection23] INFO  server.RaftServer$Division (ServerState.java:setLeader(317)) - 53afdcff-9740-4d1d-9155-3eea53ceb243@group-F73FE6C43A4A: change Leader from null to 53afdcff-9740-4d1d-9155-3eea53ceb243 at term 1 for becomeLeader, leader elected after 5719ms
2023-06-07 07:11:01,499 [53afdcff-9740-4d1d-9155-3eea53ceb243@group-F73FE6C43A4A-LeaderElection23] INFO  server.RaftServerConfigKeys (ConfUtils.java:logGet(46)) - raft.server.staging.catchup.gap = 1000 (default)
2023-06-07 07:11:01,502 [b1b35183-3015-42af-b03c-e7d97dc9a7f6@group-DE80C7EC9D56-LeaderElection22] INFO  server.RaftServerConfigKeys (ConfUtils.java:logFallback(53)) - raft.server.rpc.first-election.timeout.min = 5s (fallback to raft.server.rpc.timeout.min)
2023-06-07 07:11:01,503 [b1b35183-3015-42af-b03c-e7d97dc9a7f6@group-DE80C7EC9D56-LeaderElection22] INFO  server.RaftServerConfigKeys (ConfUtils.java:logFallback(53)) - raft.server.rpc.first-election.timeout.max = 5200ms (fallback to raft.server.rpc.timeout.max)
2023-06-07 07:11:01,503 [53afdcff-9740-4d1d-9155-3eea53ceb243@group-F73FE6C43A4A-LeaderElection23] INFO  server.RaftServerConfigKeys (ConfUtils.java:logGet(46)) - raft.server.write.element-limit = 1024 (custom)
2023-06-07 07:11:01,503 [53afdcff-9740-4d1d-9155-3eea53ceb243@group-F73FE6C43A4A-LeaderElection23] INFO  server.RaftServerConfigKeys (ConfUtils.java:logGet(46)) - raft.server.write.byte-limit = 1024 M (=1073741824) (custom)
2023-06-07 07:11:01,508 [53afdcff-9740-4d1d-9155-3eea53ceb243@group-F73FE6C43A4A-LeaderElection23] INFO  server.RaftServerConfigKeys (ConfUtils.java:logGet(46)) - raft.server.watch.timeout = 180s (custom)
2023-06-07 07:11:01,509 [53afdcff-9740-4d1d-9155-3eea53ceb243@group-F73FE6C43A4A-LeaderElection23] INFO  server.RaftServerConfigKeys (ConfUtils.java:logGet(46)) - raft.server.watch.timeout.denomination = 1s (default)
2023-06-07 07:11:01,509 [53afdcff-9740-4d1d-9155-3eea53ceb243@group-F73FE6C43A4A-LeaderElection23] INFO  server.RaftServerConfigKeys (ConfUtils.java:logGet(46)) - raft.server.watch.element-limit = 65536 (default)
2023-06-07 07:11:01,509 [53afdcff-9740-4d1d-9155-3eea53ceb243@group-F73FE6C43A4A-LeaderElection23] INFO  server.RaftServerConfigKeys (ConfUtils.java:logGet(46)) - raft.server.write.element-limit = 1024 (custom)
2023-06-07 07:11:01,509 [53afdcff-9740-4d1d-9155-3eea53ceb243@group-F73FE6C43A4A-LeaderElection23] INFO  server.RaftServerConfigKeys (ConfUtils.java:logGet(46)) - raft.server.write.follower.gap.ratio.max = -1.0 (default)
2023-06-07 07:11:01,509 [53afdcff-9740-4d1d-9155-3eea53ceb243@group-F73FE6C43A4A-LeaderElection23] INFO  impl.RoleInfo (RoleInfo.java:updateAndGet(139)) - 53afdcff-9740-4d1d-9155-3eea53ceb243: start 53afdcff-9740-4d1d-9155-3eea53ceb243@group-F73FE6C43A4A-LeaderStateImpl
2023-06-07 07:11:01,509 [53afdcff-9740-4d1d-9155-3eea53ceb243@group-F73FE6C43A4A-LeaderElection23] INFO  segmented.SegmentedRaftLogWorker (SegmentedRaftLogWorker.java:startLogSegment(447)) - 53afdcff-9740-4d1d-9155-3eea53ceb243@group-F73FE6C43A4A-SegmentedRaftLogWorker: Starting segment from index:0
2023-06-07 07:11:01,510 [b1b35183-3015-42af-b03c-e7d97dc9a7f6@group-DE80C7EC9D56-LeaderElection22-2] INFO  server.GrpcServerProtocolClient (GrpcServerProtocolClient.java:<init>(65)) - Build channel for 53afdcff-9740-4d1d-9155-3eea53ceb243
2023-06-07 07:11:01,512 [53afdcff-9740-4d1d-9155-3eea53ceb243@group-F73FE6C43A4A-SegmentedRaftLogWorker] INFO  segmented.SegmentedRaftLogWorker (SegmentedRaftLogWorker.java:execute(651)) - 53afdcff-9740-4d1d-9155-3eea53ceb243@group-F73FE6C43A4A-SegmentedRaftLogWorker: created new log segment /home/runner/work/ozone/ozone/hadoop-ozone/integration-test/target/test-dir/MiniOzoneClusterImpl-28223e3b-fb3b-4559-a623-43dba3cd33a0/datanode-9/data/ratis/4b37e625-8716-4dbe-9410-f73fe6c43a4a/current/log_inprogress_0
2023-06-07 07:11:01,511 [53afdcff-9740-4d1d-9155-3eea53ceb243@group-F73FE6C43A4A-LeaderElection23] INFO  server.RaftServer$Division (ServerState.java:setRaftConf(434)) - 53afdcff-9740-4d1d-9155-3eea53ceb243@group-F73FE6C43A4A: set configuration 0: peers:[53afdcff-9740-4d1d-9155-3eea53ceb243|rpc:10.1.0.31:15095|admin:10.1.0.31:15094|client:10.1.0.31:15093|dataStream:10.1.0.31:15096|priority:1|startupRole:FOLLOWER]|listeners:[], old=null
2023-06-07 07:11:01,511 [grpc-default-executor-2] INFO  server.RaftServer$Division (RaftServerImpl.java:requestVote(1302)) - cd92a3c4-ef96-4770-b512-b3fe4045cd4b@group-DE80C7EC9D56: receive requestVote(PRE_VOTE, b1b35183-3015-42af-b03c-e7d97dc9a7f6, group-DE80C7EC9D56, 0, (t:0, i:0))
2023-06-07 07:11:01,515 [grpc-default-executor-2] INFO  impl.VoteContext (VoteContext.java:log(49)) - cd92a3c4-ef96-4770-b512-b3fe4045cd4b@group-DE80C7EC9D56-FOLLOWER: accept PRE_VOTE from b1b35183-3015-42af-b03c-e7d97dc9a7f6: our priority 0 <= candidate's priority 1
2023-06-07 07:11:01,515 [grpc-default-executor-2] INFO  server.RaftServer$Division (RaftServerImpl.java:requestVote(1335)) - cd92a3c4-ef96-4770-b512-b3fe4045cd4b@group-DE80C7EC9D56 replies to PRE_VOTE vote request: b1b35183-3015-42af-b03c-e7d97dc9a7f6<-cd92a3c4-ef96-4770-b512-b3fe4045cd4b#0:OK-t0. Peer's state: cd92a3c4-ef96-4770-b512-b3fe4045cd4b@group-DE80C7EC9D56:t0, leader=null, voted=, raftlog=Memoized:cd92a3c4-ef96-4770-b512-b3fe4045cd4b@group-DE80C7EC9D56-SegmentedRaftLog:OPENED:c-1, conf=-1: peers:[cd92a3c4-ef96-4770-b512-b3fe4045cd4b|rpc:10.1.0.31:15113|admin:10.1.0.31:15112|client:10.1.0.31:15111|dataStream:10.1.0.31:15114|priority:0|startupRole:FOLLOWER, b1b35183-3015-42af-b03c-e7d97dc9a7f6|rpc:10.1.0.31:15104|admin:10.1.0.31:15103|client:10.1.0.31:15102|dataStream:10.1.0.31:15105|priority:1|startupRole:FOLLOWER, 53afdcff-9740-4d1d-9155-3eea53ceb243|rpc:10.1.0.31:15095|admin:10.1.0.31:15094|client:10.1.0.31:15093|dataStream:10.1.0.31:15096|priority:0|startupRole:FOLLOWER]|listeners:[], old=null
2023-06-07 07:11:01,516 [b1b35183-3015-42af-b03c-e7d97dc9a7f6@group-DE80C7EC9D56-LeaderElection22] INFO  impl.LeaderElection (LeaderElection.java:logAndReturn(90)) - b1b35183-3015-42af-b03c-e7d97dc9a7f6@group-DE80C7EC9D56-LeaderElection22: PRE_VOTE PASSED received 1 response(s) and 0 exception(s):
2023-06-07 07:11:01,516 [b1b35183-3015-42af-b03c-e7d97dc9a7f6@group-DE80C7EC9D56-LeaderElection22] INFO  impl.LeaderElection (LeaderElection.java:logAndReturn(94)) -   Response 0: b1b35183-3015-42af-b03c-e7d97dc9a7f6<-cd92a3c4-ef96-4770-b512-b3fe4045cd4b#0:OK-t0
2023-06-07 07:11:01,517 [b1b35183-3015-42af-b03c-e7d97dc9a7f6@group-DE80C7EC9D56-LeaderElection22] INFO  impl.LeaderElection (LeaderElection.java:askForVotes(323)) - b1b35183-3015-42af-b03c-e7d97dc9a7f6@group-DE80C7EC9D56-LeaderElection22 PRE_VOTE round 0: result PASSED
2023-06-07 07:11:01,518 [b1b35183-3015-42af-b03c-e7d97dc9a7f6@group-DE80C7EC9D56-LeaderElection22] INFO  impl.LeaderElection (LeaderElection.java:askForVotes(321)) - b1b35183-3015-42af-b03c-e7d97dc9a7f6@group-DE80C7EC9D56-LeaderElection22 ELECTION round 0: submit vote requests at term 1 for -1: peers:[cd92a3c4-ef96-4770-b512-b3fe4045cd4b|rpc:10.1.0.31:15113|admin:10.1.0.31:15112|client:10.1.0.31:15111|dataStream:10.1.0.31:15114|priority:0|startupRole:FOLLOWER, b1b35183-3015-42af-b03c-e7d97dc9a7f6|rpc:10.1.0.31:15104|admin:10.1.0.31:15103|client:10.1.0.31:15102|dataStream:10.1.0.31:15105|priority:1|startupRole:FOLLOWER, 53afdcff-9740-4d1d-9155-3eea53ceb243|rpc:10.1.0.31:15095|admin:10.1.0.31:15094|client:10.1.0.31:15093|dataStream:10.1.0.31:15096|priority:0|startupRole:FOLLOWER]|listeners:[], old=null
2023-06-07 07:11:01,520 [grpc-default-executor-2] INFO  server.RaftServer$Division (RaftServerImpl.java:requestVote(1302)) - cd92a3c4-ef96-4770-b512-b3fe4045cd4b@group-DE80C7EC9D56: receive requestVote(ELECTION, b1b35183-3015-42af-b03c-e7d97dc9a7f6, group-DE80C7EC9D56, 1, (t:0, i:0))
2023-06-07 07:11:01,520 [grpc-default-executor-2] INFO  impl.VoteContext (VoteContext.java:log(49)) - cd92a3c4-ef96-4770-b512-b3fe4045cd4b@group-DE80C7EC9D56-FOLLOWER: accept ELECTION from b1b35183-3015-42af-b03c-e7d97dc9a7f6: our priority 0 <= candidate's priority 1
2023-06-07 07:11:01,520 [grpc-default-executor-2] INFO  server.RaftServer$Division (RaftServerImpl.java:setRole(329)) - cd92a3c4-ef96-4770-b512-b3fe4045cd4b@group-DE80C7EC9D56: changes role from  FOLLOWER to FOLLOWER at term 1 for candidate:b1b35183-3015-42af-b03c-e7d97dc9a7f6
2023-06-07 07:11:01,520 [grpc-default-executor-2] INFO  impl.RoleInfo (RoleInfo.java:shutdownFollowerState(110)) - cd92a3c4-ef96-4770-b512-b3fe4045cd4b: shutdown cd92a3c4-ef96-4770-b512-b3fe4045cd4b@group-DE80C7EC9D56-FollowerState
2023-06-07 07:11:01,520 [b1b35183-3015-42af-b03c-e7d97dc9a7f6@group-DE80C7EC9D56-LeaderElection22] INFO  server.RaftServerConfigKeys (ConfUtils.java:logFallback(53)) - raft.server.rpc.first-election.timeout.min = 5s (fallback to raft.server.rpc.timeout.min)
2023-06-07 07:11:01,521 [b1b35183-3015-42af-b03c-e7d97dc9a7f6@group-DE80C7EC9D56-LeaderElection22] INFO  server.RaftServerConfigKeys (ConfUtils.java:logFallback(53)) - raft.server.rpc.first-election.timeout.max = 5200ms (fallback to raft.server.rpc.timeout.max)
2023-06-07 07:11:01,523 [grpc-default-executor-2] INFO  impl.RoleInfo (RoleInfo.java:updateAndGet(139)) - cd92a3c4-ef96-4770-b512-b3fe4045cd4b: start cd92a3c4-ef96-4770-b512-b3fe4045cd4b@group-DE80C7EC9D56-FollowerState
2023-06-07 07:11:01,524 [cd92a3c4-ef96-4770-b512-b3fe4045cd4b@group-DE80C7EC9D56-FollowerState] INFO  impl.FollowerState (FollowerState.java:run(152)) - cd92a3c4-ef96-4770-b512-b3fe4045cd4b@group-DE80C7EC9D56-FollowerState was interrupted
2023-06-07 07:11:01,525 [grpc-default-executor-2] INFO  server.RaftServer$Division (RaftServerImpl.java:requestVote(1335)) - cd92a3c4-ef96-4770-b512-b3fe4045cd4b@group-DE80C7EC9D56 replies to ELECTION vote request: b1b35183-3015-42af-b03c-e7d97dc9a7f6<-cd92a3c4-ef96-4770-b512-b3fe4045cd4b#0:OK-t1. Peer's state: cd92a3c4-ef96-4770-b512-b3fe4045cd4b@group-DE80C7EC9D56:t1, leader=null, voted=b1b35183-3015-42af-b03c-e7d97dc9a7f6, raftlog=Memoized:cd92a3c4-ef96-4770-b512-b3fe4045cd4b@group-DE80C7EC9D56-SegmentedRaftLog:OPENED:c-1, conf=-1: peers:[cd92a3c4-ef96-4770-b512-b3fe4045cd4b|rpc:10.1.0.31:15113|admin:10.1.0.31:15112|client:10.1.0.31:15111|dataStream:10.1.0.31:15114|priority:0|startupRole:FOLLOWER, b1b35183-3015-42af-b03c-e7d97dc9a7f6|rpc:10.1.0.31:15104|admin:10.1.0.31:15103|client:10.1.0.31:15102|dataStream:10.1.0.31:15105|priority:1|startupRole:FOLLOWER, 53afdcff-9740-4d1d-9155-3eea53ceb243|rpc:10.1.0.31:15095|admin:10.1.0.31:15094|client:10.1.0.31:15093|dataStream:10.1.0.31:15096|priority:0|startupRole:FOLLOWER]|listeners:[], old=null
2023-06-07 07:11:01,526 [b1b35183-3015-42af-b03c-e7d97dc9a7f6@group-DE80C7EC9D56-LeaderElection22] INFO  impl.LeaderElection (LeaderElection.java:logAndReturn(90)) - b1b35183-3015-42af-b03c-e7d97dc9a7f6@group-DE80C7EC9D56-LeaderElection22: ELECTION PASSED received 1 response(s) and 0 exception(s):
2023-06-07 07:11:01,526 [b1b35183-3015-42af-b03c-e7d97dc9a7f6@group-DE80C7EC9D56-LeaderElection22] INFO  impl.LeaderElection (LeaderElection.java:logAndReturn(94)) -   Response 0: b1b35183-3015-42af-b03c-e7d97dc9a7f6<-cd92a3c4-ef96-4770-b512-b3fe4045cd4b#0:OK-t1
2023-06-07 07:11:01,526 [b1b35183-3015-42af-b03c-e7d97dc9a7f6@group-DE80C7EC9D56-LeaderElection22] INFO  impl.LeaderElection (LeaderElection.java:askForVotes(323)) - b1b35183-3015-42af-b03c-e7d97dc9a7f6@group-DE80C7EC9D56-LeaderElection22 ELECTION round 0: result PASSED
2023-06-07 07:11:01,526 [b1b35183-3015-42af-b03c-e7d97dc9a7f6@group-DE80C7EC9D56-LeaderElection22] INFO  impl.RoleInfo (RoleInfo.java:shutdownLeaderElection(130)) - b1b35183-3015-42af-b03c-e7d97dc9a7f6: shutdown b1b35183-3015-42af-b03c-e7d97dc9a7f6@group-DE80C7EC9D56-LeaderElection22
2023-06-07 07:11:01,526 [b1b35183-3015-42af-b03c-e7d97dc9a7f6@group-DE80C7EC9D56-LeaderElection22] INFO  server.RaftServer$Division (RaftServerImpl.java:setRole(329)) - b1b35183-3015-42af-b03c-e7d97dc9a7f6@group-DE80C7EC9D56: changes role from CANDIDATE to LEADER at term 1 for changeToLeader
2023-06-07 07:11:01,527 [b1b35183-3015-42af-b03c-e7d97dc9a7f6@group-DE80C7EC9D56-LeaderElection22] INFO  ratis.XceiverServerRatis (XceiverServerRatis.java:handleLeaderChangedNotification(902)) - Leader change notification received for group: group-DE80C7EC9D56 with new leaderId: b1b35183-3015-42af-b03c-e7d97dc9a7f6
2023-06-07 07:11:01,527 [b1b35183-3015-42af-b03c-e7d97dc9a7f6@group-DE80C7EC9D56-LeaderElection22] INFO  server.RaftServer$Division (ServerState.java:setLeader(317)) - b1b35183-3015-42af-b03c-e7d97dc9a7f6@group-DE80C7EC9D56: change Leader from null to b1b35183-3015-42af-b03c-e7d97dc9a7f6 at term 1 for becomeLeader, leader elected after 5129ms
2023-06-07 07:11:01,527 [b1b35183-3015-42af-b03c-e7d97dc9a7f6@group-DE80C7EC9D56-LeaderElection22] INFO  server.RaftServerConfigKeys (ConfUtils.java:logGet(46)) - raft.server.staging.catchup.gap = 1000 (default)
2023-06-07 07:11:01,527 [b1b35183-3015-42af-b03c-e7d97dc9a7f6@group-DE80C7EC9D56-LeaderElection22] INFO  server.RaftServerConfigKeys (ConfUtils.java:logGet(46)) - raft.server.write.element-limit = 1024 (custom)
2023-06-07 07:11:01,527 [b1b35183-3015-42af-b03c-e7d97dc9a7f6@group-DE80C7EC9D56-LeaderElection22] INFO  server.RaftServerConfigKeys (ConfUtils.java:logGet(46)) - raft.server.write.byte-limit = 1024 M (=1073741824) (custom)
2023-06-07 07:11:01,527 [b1b35183-3015-42af-b03c-e7d97dc9a7f6@group-DE80C7EC9D56-LeaderElection22] INFO  server.RaftServerConfigKeys (ConfUtils.java:logGet(46)) - raft.server.watch.timeout = 180s (custom)
2023-06-07 07:11:01,527 [b1b35183-3015-42af-b03c-e7d97dc9a7f6@group-DE80C7EC9D56-LeaderElection22] INFO  server.RaftServerConfigKeys (ConfUtils.java:logGet(46)) - raft.server.watch.timeout.denomination = 1s (default)
2023-06-07 07:11:01,528 [b1b35183-3015-42af-b03c-e7d97dc9a7f6@group-DE80C7EC9D56-LeaderElection22] INFO  server.RaftServerConfigKeys (ConfUtils.java:logGet(46)) - raft.server.watch.element-limit = 65536 (default)
2023-06-07 07:11:01,528 [b1b35183-3015-42af-b03c-e7d97dc9a7f6@group-DE80C7EC9D56-LeaderElection22] INFO  server.RaftServerConfigKeys (ConfUtils.java:logGet(46)) - raft.server.write.element-limit = 1024 (custom)
2023-06-07 07:11:01,528 [b1b35183-3015-42af-b03c-e7d97dc9a7f6@group-DE80C7EC9D56-LeaderElection22] INFO  server.RaftServerConfigKeys (ConfUtils.java:logGet(46)) - raft.server.write.follower.gap.ratio.max = -1.0 (default)
2023-06-07 07:11:01,528 [b1b35183-3015-42af-b03c-e7d97dc9a7f6@group-DE80C7EC9D56-LeaderElection22] INFO  server.RaftServerConfigKeys (ConfUtils.java:logGet(46)) - raft.server.log.appender.snapshot.chunk.size.max = 16MB (=16777216) (default)
2023-06-07 07:11:01,528 [b1b35183-3015-42af-b03c-e7d97dc9a7f6@group-DE80C7EC9D56-LeaderElection22] INFO  server.RaftServerConfigKeys (ConfUtils.java:logGet(46)) - raft.server.log.appender.buffer.byte-limit = 33554432 (custom)
2023-06-07 07:11:01,528 [b1b35183-3015-42af-b03c-e7d97dc9a7f6@group-DE80C7EC9D56-LeaderElection22] INFO  server.RaftServerConfigKeys (ConfUtils.java:logGet(46)) - raft.server.log.appender.buffer.element-limit = 1 (custom)
2023-06-07 07:11:01,529 [b1b35183-3015-42af-b03c-e7d97dc9a7f6@group-DE80C7EC9D56-LeaderElection22] INFO  server.RaftServerConfigKeys (ConfUtils.java:logGet(46)) - raft.server.log.appender.wait-time.min = 10ms (default)
2023-06-07 07:11:01,529 [b1b35183-3015-42af-b03c-e7d97dc9a7f6@group-DE80C7EC9D56-LeaderElection22] INFO  grpc.GrpcConfigKeys (ConfUtils.java:logGet(46)) - raft.grpc.server.leader.outstanding.appends.max = 128 (default)
2023-06-07 07:11:01,529 [b1b35183-3015-42af-b03c-e7d97dc9a7f6@group-DE80C7EC9D56-LeaderElection22] INFO  server.RaftServerConfigKeys (ConfUtils.java:logGet(46)) - raft.server.rpc.request.timeout = 60s (custom)
2023-06-07 07:11:01,529 [b1b35183-3015-42af-b03c-e7d97dc9a7f6@group-DE80C7EC9D56-LeaderElection22] INFO  grpc.GrpcConfigKeys (ConfUtils.java:logGet(46)) - raft.grpc.server.install_snapshot.request.element-limit = 8 (default)
2023-06-07 07:11:01,529 [b1b35183-3015-42af-b03c-e7d97dc9a7f6@group-DE80C7EC9D56-LeaderElection22] INFO  grpc.GrpcConfigKeys (ConfUtils.java:logGet(46)) - raft.grpc.server.install_snapshot.request.timeout = 3000ms (default)
2023-06-07 07:11:01,529 [b1b35183-3015-42af-b03c-e7d97dc9a7f6@group-DE80C7EC9D56-LeaderElection22] INFO  server.RaftServerConfigKeys (ConfUtils.java:logGet(46)) - raft.server.log.appender.install.snapshot.enabled = false (custom)
2023-06-07 07:11:01,529 [b1b35183-3015-42af-b03c-e7d97dc9a7f6@group-DE80C7EC9D56-LeaderElection22] INFO  grpc.GrpcConfigKeys (ConfUtils.java:logGet(46)) - raft.grpc.server.heartbeat.channel = true (default)
2023-06-07 07:11:01,530 [EventQueue-PipelineReportForPipelineReportHandler] INFO  pipeline.PipelineManagerImpl (PipelineManagerImpl.java:openPipeline(367)) - Pipeline Pipeline[ Id: 2348e00e-cbbb-4144-a011-de80c7ec9d56, Nodes: cd92a3c4-ef96-4770-b512-b3fe4045cd4b(fv-az246-755.dmzl2ssfaldu3choa5k4qgfeyh.jx.internal.cloudapp.net/10.1.0.31)53afdcff-9740-4d1d-9155-3eea53ceb243(fv-az246-755.dmzl2ssfaldu3choa5k4qgfeyh.jx.internal.cloudapp.net/10.1.0.31)b1b35183-3015-42af-b03c-e7d97dc9a7f6(fv-az246-755.dmzl2ssfaldu3choa5k4qgfeyh.jx.internal.cloudapp.net/10.1.0.31), ReplicationConfig: RATIS/THREE, State:ALLOCATED, leaderId:b1b35183-3015-42af-b03c-e7d97dc9a7f6, CreationTimestamp2023-06-07T07:10:54.320Z[Etc/UTC]] moved to OPEN state
2023-06-07 07:11:01,532 [b1b35183-3015-42af-b03c-e7d97dc9a7f6@group-DE80C7EC9D56-LeaderElection22] INFO  server.RaftServerConfigKeys (ConfUtils.java:logGet(46)) - raft.server.log.appender.snapshot.chunk.size.max = 16MB (=16777216) (default)
2023-06-07 07:11:01,532 [b1b35183-3015-42af-b03c-e7d97dc9a7f6@group-DE80C7EC9D56-LeaderElection22] INFO  server.RaftServerConfigKeys (ConfUtils.java:logGet(46)) - raft.server.log.appender.buffer.byte-limit = 33554432 (custom)
2023-06-07 07:11:01,532 [b1b35183-3015-42af-b03c-e7d97dc9a7f6@group-DE80C7EC9D56-LeaderElection22] INFO  server.RaftServerConfigKeys (ConfUtils.java:logGet(46)) - raft.server.log.appender.buffer.element-limit = 1 (custom)
2023-06-07 07:11:01,532 [b1b35183-3015-42af-b03c-e7d97dc9a7f6@group-DE80C7EC9D56-LeaderElection22] INFO  server.RaftServerConfigKeys (ConfUtils.java:logGet(46)) - raft.server.log.appender.wait-time.min = 10ms (default)
2023-06-07 07:11:01,532 [b1b35183-3015-42af-b03c-e7d97dc9a7f6@group-DE80C7EC9D56-LeaderElection22] INFO  grpc.GrpcConfigKeys (ConfUtils.java:logGet(46)) - raft.grpc.server.leader.outstanding.appends.max = 128 (default)
2023-06-07 07:11:01,533 [b1b35183-3015-42af-b03c-e7d97dc9a7f6@group-DE80C7EC9D56-LeaderElection22] INFO  server.RaftServerConfigKeys (ConfUtils.java:logGet(46)) - raft.server.rpc.request.timeout = 60s (custom)
2023-06-07 07:11:01,533 [b1b35183-3015-42af-b03c-e7d97dc9a7f6@group-DE80C7EC9D56-LeaderElection22] INFO  grpc.GrpcConfigKeys (ConfUtils.java:logGet(46)) - raft.grpc.server.install_snapshot.request.element-limit = 8 (default)
2023-06-07 07:11:01,533 [b1b35183-3015-42af-b03c-e7d97dc9a7f6@group-DE80C7EC9D56-LeaderElection22] INFO  grpc.GrpcConfigKeys (ConfUtils.java:logGet(46)) - raft.grpc.server.install_snapshot.request.timeout = 3000ms (default)
2023-06-07 07:11:01,533 [b1b35183-3015-42af-b03c-e7d97dc9a7f6@group-DE80C7EC9D56-LeaderElection22] INFO  server.RaftServerConfigKeys (ConfUtils.java:logGet(46)) - raft.server.log.appender.install.snapshot.enabled = false (custom)
2023-06-07 07:11:01,533 [b1b35183-3015-42af-b03c-e7d97dc9a7f6@group-DE80C7EC9D56-LeaderElection22] INFO  grpc.GrpcConfigKeys (ConfUtils.java:logGet(46)) - raft.grpc.server.heartbeat.channel = true (default)
2023-06-07 07:11:01,533 [b1b35183-3015-42af-b03c-e7d97dc9a7f6@group-DE80C7EC9D56-LeaderElection22] INFO  impl.RoleInfo (RoleInfo.java:updateAndGet(139)) - b1b35183-3015-42af-b03c-e7d97dc9a7f6: start b1b35183-3015-42af-b03c-e7d97dc9a7f6@group-DE80C7EC9D56-LeaderStateImpl
2023-06-07 07:11:01,533 [b1b35183-3015-42af-b03c-e7d97dc9a7f6@group-DE80C7EC9D56-LeaderElection22] INFO  segmented.SegmentedRaftLogWorker (SegmentedRaftLogWorker.java:startLogSegment(447)) - b1b35183-3015-42af-b03c-e7d97dc9a7f6@group-DE80C7EC9D56-SegmentedRaftLogWorker: Starting segment from index:0
2023-06-07 07:11:01,534 [b1b35183-3015-42af-b03c-e7d97dc9a7f6@group-71D6BB20000E-FollowerState] INFO  impl.FollowerState (FollowerState.java:run(143)) - b1b35183-3015-42af-b03c-e7d97dc9a7f6@group-71D6BB20000E-FollowerState: change to CANDIDATE, lastRpcElapsedTime:5145956932ns, electionTimeout:5141ms
2023-06-07 07:11:01,534 [b1b35183-3015-42af-b03c-e7d97dc9a7f6@group-71D6BB20000E-FollowerState] INFO  impl.RoleInfo (RoleInfo.java:shutdownFollowerState(110)) - b1b35183-3015-42af-b03c-e7d97dc9a7f6: shutdown b1b35183-3015-42af-b03c-e7d97dc9a7f6@group-71D6BB20000E-FollowerState
2023-06-07 07:11:01,534 [b1b35183-3015-42af-b03c-e7d97dc9a7f6@group-71D6BB20000E-FollowerState] INFO  server.RaftServer$Division (RaftServerImpl.java:setRole(329)) - b1b35183-3015-42af-b03c-e7d97dc9a7f6@group-71D6BB20000E: changes role from  FOLLOWER to CANDIDATE at term 0 for changeToCandidate
2023-06-07 07:11:01,534 [b1b35183-3015-42af-b03c-e7d97dc9a7f6@group-71D6BB20000E-FollowerState] INFO  server.RaftServerConfigKeys (ConfUtils.java:logGet(46)) - raft.server.leaderelection.pre-vote = true (default)
2023-06-07 07:11:01,534 [b1b35183-3015-42af-b03c-e7d97dc9a7f6@group-71D6BB20000E-FollowerState] INFO  impl.RoleInfo (RoleInfo.java:updateAndGet(139)) - b1b35183-3015-42af-b03c-e7d97dc9a7f6: start b1b35183-3015-42af-b03c-e7d97dc9a7f6@group-71D6BB20000E-LeaderElection24
2023-06-07 07:11:01,539 [b1b35183-3015-42af-b03c-e7d97dc9a7f6@group-DE80C7EC9D56-SegmentedRaftLogWorker] INFO  segmented.SegmentedRaftLogWorker (SegmentedRaftLogWorker.java:execute(651)) - b1b35183-3015-42af-b03c-e7d97dc9a7f6@group-DE80C7EC9D56-SegmentedRaftLogWorker: created new log segment /home/runner/work/ozone/ozone/hadoop-ozone/integration-test/target/test-dir/MiniOzoneClusterImpl-28223e3b-fb3b-4559-a623-43dba3cd33a0/datanode-10/data/ratis/2348e00e-cbbb-4144-a011-de80c7ec9d56/current/log_inprogress_0
2023-06-07 07:11:01,542 [b1b35183-3015-42af-b03c-e7d97dc9a7f6@group-71D6BB20000E-LeaderElection24] INFO  impl.LeaderElection (LeaderElection.java:askForVotes(321)) - b1b35183-3015-42af-b03c-e7d97dc9a7f6@group-71D6BB20000E-LeaderElection24 PRE_VOTE round 0: submit vote requests at term 0 for -1: peers:[b1b35183-3015-42af-b03c-e7d97dc9a7f6|rpc:10.1.0.31:15104|admin:10.1.0.31:15103|client:10.1.0.31:15102|dataStream:10.1.0.31:15105|priority:1|startupRole:FOLLOWER]|listeners:[], old=null
2023-06-07 07:11:01,543 [b1b35183-3015-42af-b03c-e7d97dc9a7f6@group-71D6BB20000E-LeaderElection24] INFO  impl.LeaderElection (LeaderElection.java:askForVotes(323)) - b1b35183-3015-42af-b03c-e7d97dc9a7f6@group-71D6BB20000E-LeaderElection24 PRE_VOTE round 0: result PASSED (term=0)
2023-06-07 07:11:01,544 [b1b35183-3015-42af-b03c-e7d97dc9a7f6@group-71D6BB20000E-LeaderElection24] INFO  impl.LeaderElection (LeaderElection.java:askForVotes(321)) - b1b35183-3015-42af-b03c-e7d97dc9a7f6@group-71D6BB20000E-LeaderElection24 ELECTION round 0: submit vote requests at term 1 for -1: peers:[b1b35183-3015-42af-b03c-e7d97dc9a7f6|rpc:10.1.0.31:15104|admin:10.1.0.31:15103|client:10.1.0.31:15102|dataStream:10.1.0.31:15105|priority:1|startupRole:FOLLOWER]|listeners:[], old=null
2023-06-07 07:11:01,544 [b1b35183-3015-42af-b03c-e7d97dc9a7f6@group-71D6BB20000E-LeaderElection24] INFO  impl.LeaderElection (LeaderElection.java:askForVotes(323)) - b1b35183-3015-42af-b03c-e7d97dc9a7f6@group-71D6BB20000E-LeaderElection24 ELECTION round 0: result PASSED (term=1)
2023-06-07 07:11:01,544 [b1b35183-3015-42af-b03c-e7d97dc9a7f6@group-71D6BB20000E-LeaderElection24] INFO  impl.RoleInfo (RoleInfo.java:shutdownLeaderElection(130)) - b1b35183-3015-42af-b03c-e7d97dc9a7f6: shutdown b1b35183-3015-42af-b03c-e7d97dc9a7f6@group-71D6BB20000E-LeaderElection24
2023-06-07 07:11:01,544 [b1b35183-3015-42af-b03c-e7d97dc9a7f6@group-71D6BB20000E-LeaderElection24] INFO  server.RaftServer$Division (RaftServerImpl.java:setRole(329)) - b1b35183-3015-42af-b03c-e7d97dc9a7f6@group-71D6BB20000E: changes role from CANDIDATE to LEADER at term 1 for changeToLeader
2023-06-07 07:11:01,544 [b1b35183-3015-42af-b03c-e7d97dc9a7f6@group-71D6BB20000E-LeaderElection24] INFO  ratis.XceiverServerRatis (XceiverServerRatis.java:handleLeaderChangedNotification(902)) - Leader change notification received for group: group-71D6BB20000E with new leaderId: b1b35183-3015-42af-b03c-e7d97dc9a7f6
2023-06-07 07:11:01,550 [b1b35183-3015-42af-b03c-e7d97dc9a7f6@group-DE80C7EC9D56-LeaderElection22] INFO  server.RaftServer$Division (ServerState.java:setRaftConf(434)) - b1b35183-3015-42af-b03c-e7d97dc9a7f6@group-DE80C7EC9D56: set configuration 0: peers:[cd92a3c4-ef96-4770-b512-b3fe4045cd4b|rpc:10.1.0.31:15113|admin:10.1.0.31:15112|client:10.1.0.31:15111|dataStream:10.1.0.31:15114|priority:0|startupRole:FOLLOWER, b1b35183-3015-42af-b03c-e7d97dc9a7f6|rpc:10.1.0.31:15104|admin:10.1.0.31:15103|client:10.1.0.31:15102|dataStream:10.1.0.31:15105|priority:1|startupRole:FOLLOWER, 53afdcff-9740-4d1d-9155-3eea53ceb243|rpc:10.1.0.31:15095|admin:10.1.0.31:15094|client:10.1.0.31:15093|dataStream:10.1.0.31:15096|priority:0|startupRole:FOLLOWER]|listeners:[], old=null
2023-06-07 07:11:01,550 [b1b35183-3015-42af-b03c-e7d97dc9a7f6@group-71D6BB20000E-LeaderElection24] INFO  server.RaftServer$Division (ServerState.java:setLeader(317)) - b1b35183-3015-42af-b03c-e7d97dc9a7f6@group-71D6BB20000E: change Leader from null to b1b35183-3015-42af-b03c-e7d97dc9a7f6 at term 1 for becomeLeader, leader elected after 5215ms
2023-06-07 07:11:01,550 [b1b35183-3015-42af-b03c-e7d97dc9a7f6@group-71D6BB20000E-LeaderElection24] INFO  server.RaftServerConfigKeys (ConfUtils.java:logGet(46)) - raft.server.staging.catchup.gap = 1000 (default)
2023-06-07 07:11:01,550 [b1b35183-3015-42af-b03c-e7d97dc9a7f6@group-71D6BB20000E-LeaderElection24] INFO  server.RaftServerConfigKeys (ConfUtils.java:logGet(46)) - raft.server.write.element-limit = 1024 (custom)
2023-06-07 07:11:01,551 [b1b35183-3015-42af-b03c-e7d97dc9a7f6@group-71D6BB20000E-LeaderElection24] INFO  server.RaftServerConfigKeys (ConfUtils.java:logGet(46)) - raft.server.write.byte-limit = 1024 M (=1073741824) (custom)
2023-06-07 07:11:01,551 [b1b35183-3015-42af-b03c-e7d97dc9a7f6@group-71D6BB20000E-LeaderElection24] INFO  server.RaftServerConfigKeys (ConfUtils.java:logGet(46)) - raft.server.watch.timeout = 180s (custom)
2023-06-07 07:11:01,551 [b1b35183-3015-42af-b03c-e7d97dc9a7f6@group-71D6BB20000E-LeaderElection24] INFO  server.RaftServerConfigKeys (ConfUtils.java:logGet(46)) - raft.server.watch.timeout.denomination = 1s (default)
2023-06-07 07:11:01,551 [b1b35183-3015-42af-b03c-e7d97dc9a7f6@group-71D6BB20000E-LeaderElection24] INFO  server.RaftServerConfigKeys (ConfUtils.java:logGet(46)) - raft.server.watch.element-limit = 65536 (default)
2023-06-07 07:11:01,551 [b1b35183-3015-42af-b03c-e7d97dc9a7f6@group-71D6BB20000E-LeaderElection24] INFO  server.RaftServerConfigKeys (ConfUtils.java:logGet(46)) - raft.server.write.element-limit = 1024 (custom)
2023-06-07 07:11:01,551 [b1b35183-3015-42af-b03c-e7d97dc9a7f6@group-71D6BB20000E-LeaderElection24] INFO  server.RaftServerConfigKeys (ConfUtils.java:logGet(46)) - raft.server.write.follower.gap.ratio.max = -1.0 (default)
2023-06-07 07:11:01,551 [b1b35183-3015-42af-b03c-e7d97dc9a7f6@group-71D6BB20000E-LeaderElection24] INFO  impl.RoleInfo (RoleInfo.java:updateAndGet(139)) - b1b35183-3015-42af-b03c-e7d97dc9a7f6: start b1b35183-3015-42af-b03c-e7d97dc9a7f6@group-71D6BB20000E-LeaderStateImpl
2023-06-07 07:11:01,551 [b1b35183-3015-42af-b03c-e7d97dc9a7f6@group-71D6BB20000E-LeaderElection24] INFO  segmented.SegmentedRaftLogWorker (SegmentedRaftLogWorker.java:startLogSegment(447)) - b1b35183-3015-42af-b03c-e7d97dc9a7f6@group-71D6BB20000E-SegmentedRaftLogWorker: Starting segment from index:0
2023-06-07 07:11:01,556 [b1b35183-3015-42af-b03c-e7d97dc9a7f6@group-71D6BB20000E-SegmentedRaftLogWorker] INFO  segmented.SegmentedRaftLogWorker (SegmentedRaftLogWorker.java:execute(651)) - b1b35183-3015-42af-b03c-e7d97dc9a7f6@group-71D6BB20000E-SegmentedRaftLogWorker: created new log segment /home/runner/work/ozone/ozone/hadoop-ozone/integration-test/target/test-dir/MiniOzoneClusterImpl-28223e3b-fb3b-4559-a623-43dba3cd33a0/datanode-10/data/ratis/9af600a4-9831-4fa9-9058-71d6bb20000e/current/log_inprogress_0
2023-06-07 07:11:01,559 [grpc-default-executor-5] INFO  server.RaftServer$Division (RaftServerImpl.java:requestVote(1302)) - 53afdcff-9740-4d1d-9155-3eea53ceb243@group-DE80C7EC9D56: receive requestVote(PRE_VOTE, b1b35183-3015-42af-b03c-e7d97dc9a7f6, group-DE80C7EC9D56, 0, (t:0, i:0))
2023-06-07 07:11:01,560 [grpc-default-executor-5] INFO  impl.VoteContext (VoteContext.java:log(49)) - 53afdcff-9740-4d1d-9155-3eea53ceb243@group-DE80C7EC9D56-FOLLOWER: accept PRE_VOTE from b1b35183-3015-42af-b03c-e7d97dc9a7f6: our priority 0 <= candidate's priority 1
2023-06-07 07:11:01,560 [grpc-default-executor-5] INFO  server.RaftServer$Division (RaftServerImpl.java:requestVote(1335)) - 53afdcff-9740-4d1d-9155-3eea53ceb243@group-DE80C7EC9D56 replies to PRE_VOTE vote request: b1b35183-3015-42af-b03c-e7d97dc9a7f6<-53afdcff-9740-4d1d-9155-3eea53ceb243#0:OK-t0. Peer's state: 53afdcff-9740-4d1d-9155-3eea53ceb243@group-DE80C7EC9D56:t0, leader=null, voted=, raftlog=Memoized:53afdcff-9740-4d1d-9155-3eea53ceb243@group-DE80C7EC9D56-SegmentedRaftLog:OPENED:c-1, conf=-1: peers:[cd92a3c4-ef96-4770-b512-b3fe4045cd4b|rpc:10.1.0.31:15113|admin:10.1.0.31:15112|client:10.1.0.31:15111|dataStream:10.1.0.31:15114|priority:0|startupRole:FOLLOWER, b1b35183-3015-42af-b03c-e7d97dc9a7f6|rpc:10.1.0.31:15104|admin:10.1.0.31:15103|client:10.1.0.31:15102|dataStream:10.1.0.31:15105|priority:1|startupRole:FOLLOWER, 53afdcff-9740-4d1d-9155-3eea53ceb243|rpc:10.1.0.31:15095|admin:10.1.0.31:15094|client:10.1.0.31:15093|dataStream:10.1.0.31:15096|priority:0|startupRole:FOLLOWER]|listeners:[], old=null
2023-06-07 07:11:01,562 [grpc-default-executor-5] INFO  server.RaftServer$Division (RaftServerImpl.java:requestVote(1302)) - 53afdcff-9740-4d1d-9155-3eea53ceb243@group-DE80C7EC9D56: receive requestVote(ELECTION, b1b35183-3015-42af-b03c-e7d97dc9a7f6, group-DE80C7EC9D56, 1, (t:0, i:0))
2023-06-07 07:11:01,562 [grpc-default-executor-5] INFO  impl.VoteContext (VoteContext.java:log(49)) - 53afdcff-9740-4d1d-9155-3eea53ceb243@group-DE80C7EC9D56-FOLLOWER: accept ELECTION from b1b35183-3015-42af-b03c-e7d97dc9a7f6: our priority 0 <= candidate's priority 1
2023-06-07 07:11:01,562 [grpc-default-executor-5] INFO  server.RaftServer$Division (RaftServerImpl.java:setRole(329)) - 53afdcff-9740-4d1d-9155-3eea53ceb243@group-DE80C7EC9D56: changes role from  FOLLOWER to FOLLOWER at term 1 for candidate:b1b35183-3015-42af-b03c-e7d97dc9a7f6
2023-06-07 07:11:01,562 [grpc-default-executor-5] INFO  impl.RoleInfo (RoleInfo.java:shutdownFollowerState(110)) - 53afdcff-9740-4d1d-9155-3eea53ceb243: shutdown 53afdcff-9740-4d1d-9155-3eea53ceb243@group-DE80C7EC9D56-FollowerState
2023-06-07 07:11:01,563 [b1b35183-3015-42af-b03c-e7d97dc9a7f6@group-71D6BB20000E-LeaderElection24] INFO  server.RaftServer$Division (ServerState.java:setRaftConf(434)) - b1b35183-3015-42af-b03c-e7d97dc9a7f6@group-71D6BB20000E: set configuration 0: peers:[b1b35183-3015-42af-b03c-e7d97dc9a7f6|rpc:10.1.0.31:15104|admin:10.1.0.31:15103|client:10.1.0.31:15102|dataStream:10.1.0.31:15105|priority:1|startupRole:FOLLOWER]|listeners:[], old=null
2023-06-07 07:11:01,564 [grpc-default-executor-5] INFO  impl.RoleInfo (RoleInfo.java:updateAndGet(139)) - 53afdcff-9740-4d1d-9155-3eea53ceb243: start 53afdcff-9740-4d1d-9155-3eea53ceb243@group-DE80C7EC9D56-FollowerState
2023-06-07 07:11:01,564 [53afdcff-9740-4d1d-9155-3eea53ceb243@group-DE80C7EC9D56-FollowerState] INFO  impl.FollowerState (FollowerState.java:run(152)) - 53afdcff-9740-4d1d-9155-3eea53ceb243@group-DE80C7EC9D56-FollowerState was interrupted
2023-06-07 07:11:01,575 [grpc-default-executor-5] INFO  server.RaftServer$Division (RaftServerImpl.java:requestVote(1335)) - 53afdcff-9740-4d1d-9155-3eea53ceb243@group-DE80C7EC9D56 replies to ELECTION vote request: b1b35183-3015-42af-b03c-e7d97dc9a7f6<-53afdcff-9740-4d1d-9155-3eea53ceb243#0:OK-t1. Peer's state: 53afdcff-9740-4d1d-9155-3eea53ceb243@group-DE80C7EC9D56:t1, leader=null, voted=b1b35183-3015-42af-b03c-e7d97dc9a7f6, raftlog=Memoized:53afdcff-9740-4d1d-9155-3eea53ceb243@group-DE80C7EC9D56-SegmentedRaftLog:OPENED:c-1, conf=-1: peers:[cd92a3c4-ef96-4770-b512-b3fe4045cd4b|rpc:10.1.0.31:15113|admin:10.1.0.31:15112|client:10.1.0.31:15111|dataStream:10.1.0.31:15114|priority:0|startupRole:FOLLOWER, b1b35183-3015-42af-b03c-e7d97dc9a7f6|rpc:10.1.0.31:15104|admin:10.1.0.31:15103|client:10.1.0.31:15102|dataStream:10.1.0.31:15105|priority:1|startupRole:FOLLOWER, 53afdcff-9740-4d1d-9155-3eea53ceb243|rpc:10.1.0.31:15095|admin:10.1.0.31:15094|client:10.1.0.31:15093|dataStream:10.1.0.31:15096|priority:0|startupRole:FOLLOWER]|listeners:[], old=null
2023-06-07 07:11:01,576 [cd92a3c4-ef96-4770-b512-b3fe4045cd4b-server-thread1] INFO  ratis.XceiverServerRatis (XceiverServerRatis.java:handleLeaderChangedNotification(902)) - Leader change notification received for group: group-DE80C7EC9D56 with new leaderId: b1b35183-3015-42af-b03c-e7d97dc9a7f6
2023-06-07 07:11:01,576 [cd92a3c4-ef96-4770-b512-b3fe4045cd4b-server-thread1] INFO  server.RaftServer$Division (ServerState.java:setLeader(317)) - cd92a3c4-ef96-4770-b512-b3fe4045cd4b@group-DE80C7EC9D56: change Leader from null to b1b35183-3015-42af-b03c-e7d97dc9a7f6 at term 1 for appendEntries, leader elected after 5186ms
2023-06-07 07:11:01,579 [cd92a3c4-ef96-4770-b512-b3fe4045cd4b-server-thread3] INFO  server.RaftServer$Division (ServerState.java:setRaftConf(434)) - cd92a3c4-ef96-4770-b512-b3fe4045cd4b@group-DE80C7EC9D56: set configuration 0: peers:[cd92a3c4-ef96-4770-b512-b3fe4045cd4b|rpc:10.1.0.31:15113|admin:10.1.0.31:15112|client:10.1.0.31:15111|dataStream:10.1.0.31:15114|priority:0|startupRole:FOLLOWER, b1b35183-3015-42af-b03c-e7d97dc9a7f6|rpc:10.1.0.31:15104|admin:10.1.0.31:15103|client:10.1.0.31:15102|dataStream:10.1.0.31:15105|priority:1|startupRole:FOLLOWER, 53afdcff-9740-4d1d-9155-3eea53ceb243|rpc:10.1.0.31:15095|admin:10.1.0.31:15094|client:10.1.0.31:15093|dataStream:10.1.0.31:15096|priority:0|startupRole:FOLLOWER]|listeners:[], old=null
2023-06-07 07:11:01,579 [cd92a3c4-ef96-4770-b512-b3fe4045cd4b-server-thread3] INFO  segmented.SegmentedRaftLogWorker (SegmentedRaftLogWorker.java:startLogSegment(447)) - cd92a3c4-ef96-4770-b512-b3fe4045cd4b@group-DE80C7EC9D56-SegmentedRaftLogWorker: Starting segment from index:0
2023-06-07 07:11:01,579 [53afdcff-9740-4d1d-9155-3eea53ceb243-server-thread2] INFO  ratis.XceiverServerRatis (XceiverServerRatis.java:handleLeaderChangedNotification(902)) - Leader change notification received for group: group-DE80C7EC9D56 with new leaderId: b1b35183-3015-42af-b03c-e7d97dc9a7f6
2023-06-07 07:11:01,580 [53afdcff-9740-4d1d-9155-3eea53ceb243-server-thread2] INFO  server.RaftServer$Division (ServerState.java:setLeader(317)) - 53afdcff-9740-4d1d-9155-3eea53ceb243@group-DE80C7EC9D56: change Leader from null to b1b35183-3015-42af-b03c-e7d97dc9a7f6 at term 1 for appendEntries, leader elected after 5253ms
2023-06-07 07:11:01,581 [53afdcff-9740-4d1d-9155-3eea53ceb243-server-thread1] INFO  server.RaftServer$Division (ServerState.java:setRaftConf(434)) - 53afdcff-9740-4d1d-9155-3eea53ceb243@group-DE80C7EC9D56: set configuration 0: peers:[cd92a3c4-ef96-4770-b512-b3fe4045cd4b|rpc:10.1.0.31:15113|admin:10.1.0.31:15112|client:10.1.0.31:15111|dataStream:10.1.0.31:15114|priority:0|startupRole:FOLLOWER, b1b35183-3015-42af-b03c-e7d97dc9a7f6|rpc:10.1.0.31:15104|admin:10.1.0.31:15103|client:10.1.0.31:15102|dataStream:10.1.0.31:15105|priority:1|startupRole:FOLLOWER, 53afdcff-9740-4d1d-9155-3eea53ceb243|rpc:10.1.0.31:15095|admin:10.1.0.31:15094|client:10.1.0.31:15093|dataStream:10.1.0.31:15096|priority:0|startupRole:FOLLOWER]|listeners:[], old=null
2023-06-07 07:11:01,581 [53afdcff-9740-4d1d-9155-3eea53ceb243-server-thread1] INFO  segmented.SegmentedRaftLogWorker (SegmentedRaftLogWorker.java:startLogSegment(447)) - 53afdcff-9740-4d1d-9155-3eea53ceb243@group-DE80C7EC9D56-SegmentedRaftLogWorker: Starting segment from index:0
2023-06-07 07:11:01,582 [cd92a3c4-ef96-4770-b512-b3fe4045cd4b@group-DE80C7EC9D56-SegmentedRaftLogWorker] INFO  segmented.SegmentedRaftLogWorker (SegmentedRaftLogWorker.java:execute(651)) - cd92a3c4-ef96-4770-b512-b3fe4045cd4b@group-DE80C7EC9D56-SegmentedRaftLogWorker: created new log segment /home/runner/work/ozone/ozone/hadoop-ozone/integration-test/target/test-dir/MiniOzoneClusterImpl-28223e3b-fb3b-4559-a623-43dba3cd33a0/datanode-11/data/ratis/2348e00e-cbbb-4144-a011-de80c7ec9d56/current/log_inprogress_0
2023-06-07 07:11:01,586 [53afdcff-9740-4d1d-9155-3eea53ceb243@group-DE80C7EC9D56-SegmentedRaftLogWorker] INFO  segmented.SegmentedRaftLogWorker (SegmentedRaftLogWorker.java:execute(651)) - 53afdcff-9740-4d1d-9155-3eea53ceb243@group-DE80C7EC9D56-SegmentedRaftLogWorker: created new log segment /home/runner/work/ozone/ozone/hadoop-ozone/integration-test/target/test-dir/MiniOzoneClusterImpl-28223e3b-fb3b-4559-a623-43dba3cd33a0/datanode-9/data/ratis/2348e00e-cbbb-4144-a011-de80c7ec9d56/current/log_inprogress_0
2023-06-07 07:11:01,665 [b1b35183-3015-42af-b03c-e7d97dc9a7f6@group-ED556EC830F3-FollowerState] INFO  impl.FollowerState (FollowerState.java:run(143)) - b1b35183-3015-42af-b03c-e7d97dc9a7f6@group-ED556EC830F3-FollowerState: change to CANDIDATE, lastRpcElapsedTime:5060985547ns, electionTimeout:5055ms
2023-06-07 07:11:01,665 [b1b35183-3015-42af-b03c-e7d97dc9a7f6@group-ED556EC830F3-FollowerState] INFO  impl.RoleInfo (RoleInfo.java:shutdownFollowerState(110)) - b1b35183-3015-42af-b03c-e7d97dc9a7f6: shutdown b1b35183-3015-42af-b03c-e7d97dc9a7f6@group-ED556EC830F3-FollowerState
2023-06-07 07:11:01,665 [b1b35183-3015-42af-b03c-e7d97dc9a7f6@group-ED556EC830F3-FollowerState] INFO  server.RaftServer$Division (RaftServerImpl.java:setRole(329)) - b1b35183-3015-42af-b03c-e7d97dc9a7f6@group-ED556EC830F3: changes role from  FOLLOWER to CANDIDATE at term 0 for changeToCandidate
2023-06-07 07:11:01,665 [b1b35183-3015-42af-b03c-e7d97dc9a7f6@group-ED556EC830F3-FollowerState] INFO  server.RaftServerConfigKeys (ConfUtils.java:logGet(46)) - raft.server.leaderelection.pre-vote = true (default)
2023-06-07 07:11:01,665 [b1b35183-3015-42af-b03c-e7d97dc9a7f6@group-ED556EC830F3-FollowerState] INFO  impl.RoleInfo (RoleInfo.java:updateAndGet(139)) - b1b35183-3015-42af-b03c-e7d97dc9a7f6: start b1b35183-3015-42af-b03c-e7d97dc9a7f6@group-ED556EC830F3-LeaderElection25
2023-06-07 07:11:01,669 [b1b35183-3015-42af-b03c-e7d97dc9a7f6@group-ED556EC830F3-LeaderElection25] INFO  impl.LeaderElection (LeaderElection.java:askForVotes(321)) - b1b35183-3015-42af-b03c-e7d97dc9a7f6@group-ED556EC830F3-LeaderElection25 PRE_VOTE round 0: submit vote requests at term 0 for -1: peers:[b1b35183-3015-42af-b03c-e7d97dc9a7f6|rpc:10.1.0.31:15104|admin:10.1.0.31:15103|client:10.1.0.31:15102|dataStream:10.1.0.31:15105|priority:0|startupRole:FOLLOWER, cd92a3c4-ef96-4770-b512-b3fe4045cd4b|rpc:10.1.0.31:15113|admin:10.1.0.31:15112|client:10.1.0.31:15111|dataStream:10.1.0.31:15114|priority:1|startupRole:FOLLOWER, 53afdcff-9740-4d1d-9155-3eea53ceb243|rpc:10.1.0.31:15095|admin:10.1.0.31:15094|client:10.1.0.31:15093|dataStream:10.1.0.31:15096|priority:0|startupRole:FOLLOWER]|listeners:[], old=null
2023-06-07 07:11:01,673 [grpc-default-executor-3] INFO  server.RaftServer$Division (RaftServerImpl.java:requestVote(1302)) - cd92a3c4-ef96-4770-b512-b3fe4045cd4b@group-ED556EC830F3: receive requestVote(PRE_VOTE, b1b35183-3015-42af-b03c-e7d97dc9a7f6, group-ED556EC830F3, 0, (t:0, i:0))
2023-06-07 07:11:01,674 [grpc-default-executor-3] INFO  impl.VoteContext (VoteContext.java:log(49)) - cd92a3c4-ef96-4770-b512-b3fe4045cd4b@group-ED556EC830F3-FOLLOWER: reject PRE_VOTE from b1b35183-3015-42af-b03c-e7d97dc9a7f6: our priority 1 > candidate's priority 0
2023-06-07 07:11:01,674 [grpc-default-executor-3] INFO  server.RaftServer$Division (RaftServerImpl.java:requestVote(1335)) - cd92a3c4-ef96-4770-b512-b3fe4045cd4b@group-ED556EC830F3 replies to PRE_VOTE vote request: b1b35183-3015-42af-b03c-e7d97dc9a7f6<-cd92a3c4-ef96-4770-b512-b3fe4045cd4b#0:FAIL-t0. Peer's state: cd92a3c4-ef96-4770-b512-b3fe4045cd4b@group-ED556EC830F3:t0, leader=null, voted=, raftlog=Memoized:cd92a3c4-ef96-4770-b512-b3fe4045cd4b@group-ED556EC830F3-SegmentedRaftLog:OPENED:c-1, conf=-1: peers:[b1b35183-3015-42af-b03c-e7d97dc9a7f6|rpc:10.1.0.31:15104|admin:10.1.0.31:15103|client:10.1.0.31:15102|dataStream:10.1.0.31:15105|priority:0|startupRole:FOLLOWER, cd92a3c4-ef96-4770-b512-b3fe4045cd4b|rpc:10.1.0.31:15113|admin:10.1.0.31:15112|client:10.1.0.31:15111|dataStream:10.1.0.31:15114|priority:1|startupRole:FOLLOWER, 53afdcff-9740-4d1d-9155-3eea53ceb243|rpc:10.1.0.31:15095|admin:10.1.0.31:15094|client:10.1.0.31:15093|dataStream:10.1.0.31:15096|priority:0|startupRole:FOLLOWER]|listeners:[], old=null
2023-06-07 07:11:01,674 [b1b35183-3015-42af-b03c-e7d97dc9a7f6@group-ED556EC830F3-LeaderElection25] INFO  server.RaftServerConfigKeys (ConfUtils.java:logFallback(53)) - raft.server.rpc.first-election.timeout.min = 5s (fallback to raft.server.rpc.timeout.min)
2023-06-07 07:11:01,674 [b1b35183-3015-42af-b03c-e7d97dc9a7f6@group-ED556EC830F3-LeaderElection25] INFO  server.RaftServerConfigKeys (ConfUtils.java:logFallback(53)) - raft.server.rpc.first-election.timeout.max = 5200ms (fallback to raft.server.rpc.timeout.max)
2023-06-07 07:11:01,676 [grpc-default-executor-3] INFO  server.RaftServer$Division (RaftServerImpl.java:requestVote(1302)) - 53afdcff-9740-4d1d-9155-3eea53ceb243@group-ED556EC830F3: receive requestVote(PRE_VOTE, b1b35183-3015-42af-b03c-e7d97dc9a7f6, group-ED556EC830F3, 0, (t:0, i:0))
2023-06-07 07:11:01,676 [grpc-default-executor-3] INFO  impl.VoteContext (VoteContext.java:log(49)) - 53afdcff-9740-4d1d-9155-3eea53ceb243@group-ED556EC830F3-FOLLOWER: accept PRE_VOTE from b1b35183-3015-42af-b03c-e7d97dc9a7f6: our priority 0 <= candidate's priority 0
2023-06-07 07:11:01,677 [grpc-default-executor-3] INFO  server.RaftServer$Division (RaftServerImpl.java:requestVote(1335)) - 53afdcff-9740-4d1d-9155-3eea53ceb243@group-ED556EC830F3 replies to PRE_VOTE vote request: b1b35183-3015-42af-b03c-e7d97dc9a7f6<-53afdcff-9740-4d1d-9155-3eea53ceb243#0:OK-t0. Peer's state: 53afdcff-9740-4d1d-9155-3eea53ceb243@group-ED556EC830F3:t0, leader=null, voted=, raftlog=Memoized:53afdcff-9740-4d1d-9155-3eea53ceb243@group-ED556EC830F3-SegmentedRaftLog:OPENED:c-1, conf=-1: peers:[b1b35183-3015-42af-b03c-e7d97dc9a7f6|rpc:10.1.0.31:15104|admin:10.1.0.31:15103|client:10.1.0.31:15102|dataStream:10.1.0.31:15105|priority:0|startupRole:FOLLOWER, cd92a3c4-ef96-4770-b512-b3fe4045cd4b|rpc:10.1.0.31:15113|admin:10.1.0.31:15112|client:10.1.0.31:15111|dataStream:10.1.0.31:15114|priority:1|startupRole:FOLLOWER, 53afdcff-9740-4d1d-9155-3eea53ceb243|rpc:10.1.0.31:15095|admin:10.1.0.31:15094|client:10.1.0.31:15093|dataStream:10.1.0.31:15096|priority:0|startupRole:FOLLOWER]|listeners:[], old=null
2023-06-07 07:11:01,678 [b1b35183-3015-42af-b03c-e7d97dc9a7f6@group-ED556EC830F3-LeaderElection25] INFO  impl.LeaderElection (LeaderElection.java:logAndReturn(90)) - b1b35183-3015-42af-b03c-e7d97dc9a7f6@group-ED556EC830F3-LeaderElection25: PRE_VOTE REJECTED received 1 response(s) and 0 exception(s):
2023-06-07 07:11:01,678 [b1b35183-3015-42af-b03c-e7d97dc9a7f6@group-ED556EC830F3-LeaderElection25] INFO  impl.LeaderElection (LeaderElection.java:logAndReturn(94)) -   Response 0: b1b35183-3015-42af-b03c-e7d97dc9a7f6<-cd92a3c4-ef96-4770-b512-b3fe4045cd4b#0:FAIL-t0
2023-06-07 07:11:01,678 [b1b35183-3015-42af-b03c-e7d97dc9a7f6@group-ED556EC830F3-LeaderElection25] INFO  impl.LeaderElection (LeaderElection.java:askForVotes(323)) - b1b35183-3015-42af-b03c-e7d97dc9a7f6@group-ED556EC830F3-LeaderElection25 PRE_VOTE round 0: result REJECTED
2023-06-07 07:11:01,678 [b1b35183-3015-42af-b03c-e7d97dc9a7f6@group-ED556EC830F3-LeaderElection25] INFO  server.RaftServer$Division (RaftServerImpl.java:setRole(329)) - b1b35183-3015-42af-b03c-e7d97dc9a7f6@group-ED556EC830F3: changes role from CANDIDATE to FOLLOWER at term 0 for REJECTED
2023-06-07 07:11:01,678 [b1b35183-3015-42af-b03c-e7d97dc9a7f6@group-ED556EC830F3-LeaderElection25] INFO  impl.RoleInfo (RoleInfo.java:shutdownLeaderElection(130)) - b1b35183-3015-42af-b03c-e7d97dc9a7f6: shutdown b1b35183-3015-42af-b03c-e7d97dc9a7f6@group-ED556EC830F3-LeaderElection25
2023-06-07 07:11:01,678 [b1b35183-3015-42af-b03c-e7d97dc9a7f6@group-ED556EC830F3-LeaderElection25] INFO  impl.RoleInfo (RoleInfo.java:updateAndGet(139)) - b1b35183-3015-42af-b03c-e7d97dc9a7f6: start b1b35183-3015-42af-b03c-e7d97dc9a7f6@group-ED556EC830F3-FollowerState
2023-06-07 07:11:01,716 [53afdcff-9740-4d1d-9155-3eea53ceb243@group-ED556EC830F3-FollowerState] INFO  server.RaftServerConfigKeys (ConfUtils.java:logFallback(53)) - raft.server.rpc.first-election.timeout.min = 5s (fallback to raft.server.rpc.timeout.min)
2023-06-07 07:11:01,716 [53afdcff-9740-4d1d-9155-3eea53ceb243@group-ED556EC830F3-FollowerState] INFO  server.RaftServerConfigKeys (ConfUtils.java:logFallback(53)) - raft.server.rpc.first-election.timeout.max = 5200ms (fallback to raft.server.rpc.timeout.max)
2023-06-07 07:11:01,820 [cd92a3c4-ef96-4770-b512-b3fe4045cd4b@group-ED556EC830F3-FollowerState] INFO  impl.FollowerState (FollowerState.java:run(143)) - cd92a3c4-ef96-4770-b512-b3fe4045cd4b@group-ED556EC830F3-FollowerState: change to CANDIDATE, lastRpcElapsedTime:5131110308ns, electionTimeout:5124ms
2023-06-07 07:11:01,820 [cd92a3c4-ef96-4770-b512-b3fe4045cd4b@group-ED556EC830F3-FollowerState] INFO  impl.RoleInfo (RoleInfo.java:shutdownFollowerState(110)) - cd92a3c4-ef96-4770-b512-b3fe4045cd4b: shutdown cd92a3c4-ef96-4770-b512-b3fe4045cd4b@group-ED556EC830F3-FollowerState
2023-06-07 07:11:01,820 [cd92a3c4-ef96-4770-b512-b3fe4045cd4b@group-ED556EC830F3-FollowerState] INFO  server.RaftServer$Division (RaftServerImpl.java:setRole(329)) - cd92a3c4-ef96-4770-b512-b3fe4045cd4b@group-ED556EC830F3: changes role from  FOLLOWER to CANDIDATE at term 0 for changeToCandidate
2023-06-07 07:11:01,820 [cd92a3c4-ef96-4770-b512-b3fe4045cd4b@group-ED556EC830F3-FollowerState] INFO  server.RaftServerConfigKeys (ConfUtils.java:logGet(46)) - raft.server.leaderelection.pre-vote = true (default)
2023-06-07 07:11:01,820 [cd92a3c4-ef96-4770-b512-b3fe4045cd4b@group-ED556EC830F3-FollowerState] INFO  impl.RoleInfo (RoleInfo.java:updateAndGet(139)) - cd92a3c4-ef96-4770-b512-b3fe4045cd4b: start cd92a3c4-ef96-4770-b512-b3fe4045cd4b@group-ED556EC830F3-LeaderElection26
2023-06-07 07:11:01,821 [cd92a3c4-ef96-4770-b512-b3fe4045cd4b@group-ED556EC830F3-LeaderElection26] INFO  impl.LeaderElection (LeaderElection.java:askForVotes(321)) - cd92a3c4-ef96-4770-b512-b3fe4045cd4b@group-ED556EC830F3-LeaderElection26 PRE_VOTE round 0: submit vote requests at term 0 for -1: peers:[b1b35183-3015-42af-b03c-e7d97dc9a7f6|rpc:10.1.0.31:15104|admin:10.1.0.31:15103|client:10.1.0.31:15102|dataStream:10.1.0.31:15105|priority:0|startupRole:FOLLOWER, cd92a3c4-ef96-4770-b512-b3fe4045cd4b|rpc:10.1.0.31:15113|admin:10.1.0.31:15112|client:10.1.0.31:15111|dataStream:10.1.0.31:15114|priority:1|startupRole:FOLLOWER, 53afdcff-9740-4d1d-9155-3eea53ceb243|rpc:10.1.0.31:15095|admin:10.1.0.31:15094|client:10.1.0.31:15093|dataStream:10.1.0.31:15096|priority:0|startupRole:FOLLOWER]|listeners:[], old=null
2023-06-07 07:11:01,822 [cd92a3c4-ef96-4770-b512-b3fe4045cd4b@group-ED556EC830F3-LeaderElection26-1] INFO  server.GrpcServerProtocolClient (GrpcServerProtocolClient.java:<init>(65)) - Build channel for b1b35183-3015-42af-b03c-e7d97dc9a7f6
2023-06-07 07:11:01,828 [cd92a3c4-ef96-4770-b512-b3fe4045cd4b@group-ED556EC830F3-LeaderElection26] INFO  server.RaftServerConfigKeys (ConfUtils.java:logFallback(53)) - raft.server.rpc.first-election.timeout.min = 5s (fallback to raft.server.rpc.timeout.min)
2023-06-07 07:11:01,828 [cd92a3c4-ef96-4770-b512-b3fe4045cd4b@group-ED556EC830F3-LeaderElection26] INFO  server.RaftServerConfigKeys (ConfUtils.java:logFallback(53)) - raft.server.rpc.first-election.timeout.max = 5200ms (fallback to raft.server.rpc.timeout.max)
2023-06-07 07:11:01,829 [cd92a3c4-ef96-4770-b512-b3fe4045cd4b@group-ED556EC830F3-LeaderElection26-2] INFO  server.GrpcServerProtocolClient (GrpcServerProtocolClient.java:<init>(65)) - Build channel for 53afdcff-9740-4d1d-9155-3eea53ceb243
2023-06-07 07:11:01,839 [grpc-default-executor-3] INFO  server.RaftServer$Division (RaftServerImpl.java:requestVote(1302)) - b1b35183-3015-42af-b03c-e7d97dc9a7f6@group-ED556EC830F3: receive requestVote(PRE_VOTE, cd92a3c4-ef96-4770-b512-b3fe4045cd4b, group-ED556EC830F3, 0, (t:0, i:0))
2023-06-07 07:11:01,840 [grpc-default-executor-3] INFO  impl.VoteContext (VoteContext.java:log(49)) - b1b35183-3015-42af-b03c-e7d97dc9a7f6@group-ED556EC830F3-FOLLOWER: accept PRE_VOTE from cd92a3c4-ef96-4770-b512-b3fe4045cd4b: our priority 0 <= candidate's priority 1
2023-06-07 07:11:01,840 [grpc-default-executor-3] INFO  server.RaftServer$Division (RaftServerImpl.java:requestVote(1335)) - b1b35183-3015-42af-b03c-e7d97dc9a7f6@group-ED556EC830F3 replies to PRE_VOTE vote request: cd92a3c4-ef96-4770-b512-b3fe4045cd4b<-b1b35183-3015-42af-b03c-e7d97dc9a7f6#0:OK-t0. Peer's state: b1b35183-3015-42af-b03c-e7d97dc9a7f6@group-ED556EC830F3:t0, leader=null, voted=, raftlog=Memoized:b1b35183-3015-42af-b03c-e7d97dc9a7f6@group-ED556EC830F3-SegmentedRaftLog:OPENED:c-1, conf=-1: peers:[b1b35183-3015-42af-b03c-e7d97dc9a7f6|rpc:10.1.0.31:15104|admin:10.1.0.31:15103|client:10.1.0.31:15102|dataStream:10.1.0.31:15105|priority:0|startupRole:FOLLOWER, cd92a3c4-ef96-4770-b512-b3fe4045cd4b|rpc:10.1.0.31:15113|admin:10.1.0.31:15112|client:10.1.0.31:15111|dataStream:10.1.0.31:15114|priority:1|startupRole:FOLLOWER, 53afdcff-9740-4d1d-9155-3eea53ceb243|rpc:10.1.0.31:15095|admin:10.1.0.31:15094|client:10.1.0.31:15093|dataStream:10.1.0.31:15096|priority:0|startupRole:FOLLOWER]|listeners:[], old=null
2023-06-07 07:11:01,842 [cd92a3c4-ef96-4770-b512-b3fe4045cd4b@group-ED556EC830F3-LeaderElection26] INFO  impl.LeaderElection (LeaderElection.java:logAndReturn(90)) - cd92a3c4-ef96-4770-b512-b3fe4045cd4b@group-ED556EC830F3-LeaderElection26: PRE_VOTE PASSED received 1 response(s) and 0 exception(s):
2023-06-07 07:11:01,842 [cd92a3c4-ef96-4770-b512-b3fe4045cd4b@group-ED556EC830F3-LeaderElection26] INFO  impl.LeaderElection (LeaderElection.java:logAndReturn(94)) -   Response 0: cd92a3c4-ef96-4770-b512-b3fe4045cd4b<-b1b35183-3015-42af-b03c-e7d97dc9a7f6#0:OK-t0
2023-06-07 07:11:01,842 [cd92a3c4-ef96-4770-b512-b3fe4045cd4b@group-ED556EC830F3-LeaderElection26] INFO  impl.LeaderElection (LeaderElection.java:askForVotes(323)) - cd92a3c4-ef96-4770-b512-b3fe4045cd4b@group-ED556EC830F3-LeaderElection26 PRE_VOTE round 0: result PASSED
2023-06-07 07:11:01,844 [cd92a3c4-ef96-4770-b512-b3fe4045cd4b@group-ED556EC830F3-LeaderElection26] INFO  impl.LeaderElection (LeaderElection.java:askForVotes(321)) - cd92a3c4-ef96-4770-b512-b3fe4045cd4b@group-ED556EC830F3-LeaderElection26 ELECTION round 0: submit vote requests at term 1 for -1: peers:[b1b35183-3015-42af-b03c-e7d97dc9a7f6|rpc:10.1.0.31:15104|admin:10.1.0.31:15103|client:10.1.0.31:15102|dataStream:10.1.0.31:15105|priority:0|startupRole:FOLLOWER, cd92a3c4-ef96-4770-b512-b3fe4045cd4b|rpc:10.1.0.31:15113|admin:10.1.0.31:15112|client:10.1.0.31:15111|dataStream:10.1.0.31:15114|priority:1|startupRole:FOLLOWER, 53afdcff-9740-4d1d-9155-3eea53ceb243|rpc:10.1.0.31:15095|admin:10.1.0.31:15094|client:10.1.0.31:15093|dataStream:10.1.0.31:15096|priority:0|startupRole:FOLLOWER]|listeners:[], old=null
2023-06-07 07:11:01,850 [grpc-default-executor-3] INFO  server.RaftServer$Division (RaftServerImpl.java:requestVote(1302)) - b1b35183-3015-42af-b03c-e7d97dc9a7f6@group-ED556EC830F3: receive requestVote(ELECTION, cd92a3c4-ef96-4770-b512-b3fe4045cd4b, group-ED556EC830F3, 1, (t:0, i:0))
2023-06-07 07:11:01,850 [grpc-default-executor-3] INFO  impl.VoteContext (VoteContext.java:log(49)) - b1b35183-3015-42af-b03c-e7d97dc9a7f6@group-ED556EC830F3-FOLLOWER: accept ELECTION from cd92a3c4-ef96-4770-b512-b3fe4045cd4b: our priority 0 <= candidate's priority 1
2023-06-07 07:11:01,850 [grpc-default-executor-3] INFO  server.RaftServer$Division (RaftServerImpl.java:setRole(329)) - b1b35183-3015-42af-b03c-e7d97dc9a7f6@group-ED556EC830F3: changes role from  FOLLOWER to FOLLOWER at term 1 for candidate:cd92a3c4-ef96-4770-b512-b3fe4045cd4b
2023-06-07 07:11:01,850 [grpc-default-executor-3] INFO  impl.RoleInfo (RoleInfo.java:shutdownFollowerState(110)) - b1b35183-3015-42af-b03c-e7d97dc9a7f6: shutdown b1b35183-3015-42af-b03c-e7d97dc9a7f6@group-ED556EC830F3-FollowerState
2023-06-07 07:11:01,852 [grpc-default-executor-2] INFO  server.RaftServer$Division (RaftServerImpl.java:requestVote(1302)) - 53afdcff-9740-4d1d-9155-3eea53ceb243@group-ED556EC830F3: receive requestVote(PRE_VOTE, cd92a3c4-ef96-4770-b512-b3fe4045cd4b, group-ED556EC830F3, 0, (t:0, i:0))
2023-06-07 07:11:01,852 [grpc-default-executor-2] INFO  impl.VoteContext (VoteContext.java:log(49)) - 53afdcff-9740-4d1d-9155-3eea53ceb243@group-ED556EC830F3-FOLLOWER: accept PRE_VOTE from cd92a3c4-ef96-4770-b512-b3fe4045cd4b: our priority 0 <= candidate's priority 1
2023-06-07 07:11:01,852 [grpc-default-executor-2] INFO  server.RaftServer$Division (RaftServerImpl.java:requestVote(1335)) - 53afdcff-9740-4d1d-9155-3eea53ceb243@group-ED556EC830F3 replies to PRE_VOTE vote request: cd92a3c4-ef96-4770-b512-b3fe4045cd4b<-53afdcff-9740-4d1d-9155-3eea53ceb243#0:OK-t0. Peer's state: 53afdcff-9740-4d1d-9155-3eea53ceb243@group-ED556EC830F3:t0, leader=null, voted=, raftlog=Memoized:53afdcff-9740-4d1d-9155-3eea53ceb243@group-ED556EC830F3-SegmentedRaftLog:OPENED:c-1, conf=-1: peers:[b1b35183-3015-42af-b03c-e7d97dc9a7f6|rpc:10.1.0.31:15104|admin:10.1.0.31:15103|client:10.1.0.31:15102|dataStream:10.1.0.31:15105|priority:0|startupRole:FOLLOWER, cd92a3c4-ef96-4770-b512-b3fe4045cd4b|rpc:10.1.0.31:15113|admin:10.1.0.31:15112|client:10.1.0.31:15111|dataStream:10.1.0.31:15114|priority:1|startupRole:FOLLOWER, 53afdcff-9740-4d1d-9155-3eea53ceb243|rpc:10.1.0.31:15095|admin:10.1.0.31:15094|client:10.1.0.31:15093|dataStream:10.1.0.31:15096|priority:0|startupRole:FOLLOWER]|listeners:[], old=null
2023-06-07 07:11:01,853 [cd92a3c4-ef96-4770-b512-b3fe4045cd4b@group-ED556EC830F3-LeaderElection26] INFO  server.RaftServerConfigKeys (ConfUtils.java:logFallback(53)) - raft.server.rpc.first-election.timeout.min = 5s (fallback to raft.server.rpc.timeout.min)
2023-06-07 07:11:01,854 [cd92a3c4-ef96-4770-b512-b3fe4045cd4b@group-ED556EC830F3-LeaderElection26] INFO  server.RaftServerConfigKeys (ConfUtils.java:logFallback(53)) - raft.server.rpc.first-election.timeout.max = 5200ms (fallback to raft.server.rpc.timeout.max)
2023-06-07 07:11:01,854 [grpc-default-executor-3] INFO  impl.RoleInfo (RoleInfo.java:updateAndGet(139)) - b1b35183-3015-42af-b03c-e7d97dc9a7f6: start b1b35183-3015-42af-b03c-e7d97dc9a7f6@group-ED556EC830F3-FollowerState
2023-06-07 07:11:01,854 [b1b35183-3015-42af-b03c-e7d97dc9a7f6@group-ED556EC830F3-FollowerState] INFO  impl.FollowerState (FollowerState.java:run(152)) - b1b35183-3015-42af-b03c-e7d97dc9a7f6@group-ED556EC830F3-FollowerState was interrupted
2023-06-07 07:11:01,858 [grpc-default-executor-3] INFO  server.RaftServer$Division (RaftServerImpl.java:requestVote(1335)) - b1b35183-3015-42af-b03c-e7d97dc9a7f6@group-ED556EC830F3 replies to ELECTION vote request: cd92a3c4-ef96-4770-b512-b3fe4045cd4b<-b1b35183-3015-42af-b03c-e7d97dc9a7f6#0:OK-t1. Peer's state: b1b35183-3015-42af-b03c-e7d97dc9a7f6@group-ED556EC830F3:t1, leader=null, voted=cd92a3c4-ef96-4770-b512-b3fe4045cd4b, raftlog=Memoized:b1b35183-3015-42af-b03c-e7d97dc9a7f6@group-ED556EC830F3-SegmentedRaftLog:OPENED:c-1, conf=-1: peers:[b1b35183-3015-42af-b03c-e7d97dc9a7f6|rpc:10.1.0.31:15104|admin:10.1.0.31:15103|client:10.1.0.31:15102|dataStream:10.1.0.31:15105|priority:0|startupRole:FOLLOWER, cd92a3c4-ef96-4770-b512-b3fe4045cd4b|rpc:10.1.0.31:15113|admin:10.1.0.31:15112|client:10.1.0.31:15111|dataStream:10.1.0.31:15114|priority:1|startupRole:FOLLOWER, 53afdcff-9740-4d1d-9155-3eea53ceb243|rpc:10.1.0.31:15095|admin:10.1.0.31:15094|client:10.1.0.31:15093|dataStream:10.1.0.31:15096|priority:0|startupRole:FOLLOWER]|listeners:[], old=null
2023-06-07 07:11:01,859 [cd92a3c4-ef96-4770-b512-b3fe4045cd4b@group-ED556EC830F3-LeaderElection26] INFO  impl.LeaderElection (LeaderElection.java:logAndReturn(90)) - cd92a3c4-ef96-4770-b512-b3fe4045cd4b@group-ED556EC830F3-LeaderElection26: ELECTION PASSED received 1 response(s) and 0 exception(s):
2023-06-07 07:11:01,859 [cd92a3c4-ef96-4770-b512-b3fe4045cd4b@group-ED556EC830F3-LeaderElection26] INFO  impl.LeaderElection (LeaderElection.java:logAndReturn(94)) -   Response 0: cd92a3c4-ef96-4770-b512-b3fe4045cd4b<-b1b35183-3015-42af-b03c-e7d97dc9a7f6#0:OK-t1
2023-06-07 07:11:01,859 [cd92a3c4-ef96-4770-b512-b3fe4045cd4b@group-ED556EC830F3-LeaderElection26] INFO  impl.LeaderElection (LeaderElection.java:askForVotes(323)) - cd92a3c4-ef96-4770-b512-b3fe4045cd4b@group-ED556EC830F3-LeaderElection26 ELECTION round 0: result PASSED
2023-06-07 07:11:01,859 [cd92a3c4-ef96-4770-b512-b3fe4045cd4b@group-ED556EC830F3-LeaderElection26] INFO  impl.RoleInfo (RoleInfo.java:shutdownLeaderElection(130)) - cd92a3c4-ef96-4770-b512-b3fe4045cd4b: shutdown cd92a3c4-ef96-4770-b512-b3fe4045cd4b@group-ED556EC830F3-LeaderElection26
2023-06-07 07:11:01,859 [cd92a3c4-ef96-4770-b512-b3fe4045cd4b@group-ED556EC830F3-LeaderElection26] INFO  server.RaftServer$Division (RaftServerImpl.java:setRole(329)) - cd92a3c4-ef96-4770-b512-b3fe4045cd4b@group-ED556EC830F3: changes role from CANDIDATE to LEADER at term 1 for changeToLeader
2023-06-07 07:11:01,859 [cd92a3c4-ef96-4770-b512-b3fe4045cd4b@group-ED556EC830F3-LeaderElection26] INFO  ratis.XceiverServerRatis (XceiverServerRatis.java:handleLeaderChangedNotification(902)) - Leader change notification received for group: group-ED556EC830F3 with new leaderId: cd92a3c4-ef96-4770-b512-b3fe4045cd4b
2023-06-07 07:11:01,860 [cd92a3c4-ef96-4770-b512-b3fe4045cd4b@group-ED556EC830F3-LeaderElection26] INFO  server.RaftServer$Division (ServerState.java:setLeader(317)) - cd92a3c4-ef96-4770-b512-b3fe4045cd4b@group-ED556EC830F3: change Leader from null to cd92a3c4-ef96-4770-b512-b3fe4045cd4b at term 1 for becomeLeader, leader elected after 5199ms
2023-06-07 07:11:01,860 [cd92a3c4-ef96-4770-b512-b3fe4045cd4b@group-ED556EC830F3-LeaderElection26] INFO  server.RaftServerConfigKeys (ConfUtils.java:logGet(46)) - raft.server.staging.catchup.gap = 1000 (default)
2023-06-07 07:11:01,860 [cd92a3c4-ef96-4770-b512-b3fe4045cd4b@group-ED556EC830F3-LeaderElection26] INFO  server.RaftServerConfigKeys (ConfUtils.java:logGet(46)) - raft.server.write.element-limit = 1024 (custom)
2023-06-07 07:11:01,860 [cd92a3c4-ef96-4770-b512-b3fe4045cd4b@group-ED556EC830F3-LeaderElection26] INFO  server.RaftServerConfigKeys (ConfUtils.java:logGet(46)) - raft.server.write.byte-limit = 1024 M (=1073741824) (custom)
2023-06-07 07:11:01,860 [cd92a3c4-ef96-4770-b512-b3fe4045cd4b@group-ED556EC830F3-LeaderElection26] INFO  server.RaftServerConfigKeys (ConfUtils.java:logGet(46)) - raft.server.watch.timeout = 180s (custom)
2023-06-07 07:11:01,860 [cd92a3c4-ef96-4770-b512-b3fe4045cd4b@group-ED556EC830F3-LeaderElection26] INFO  server.RaftServerConfigKeys (ConfUtils.java:logGet(46)) - raft.server.watch.timeout.denomination = 1s (default)
2023-06-07 07:11:01,860 [cd92a3c4-ef96-4770-b512-b3fe4045cd4b@group-ED556EC830F3-LeaderElection26] INFO  server.RaftServerConfigKeys (ConfUtils.java:logGet(46)) - raft.server.watch.element-limit = 65536 (default)
2023-06-07 07:11:01,860 [cd92a3c4-ef96-4770-b512-b3fe4045cd4b@group-ED556EC830F3-LeaderElection26] INFO  server.RaftServerConfigKeys (ConfUtils.java:logGet(46)) - raft.server.write.element-limit = 1024 (custom)
2023-06-07 07:11:01,860 [cd92a3c4-ef96-4770-b512-b3fe4045cd4b@group-ED556EC830F3-LeaderElection26] INFO  server.RaftServerConfigKeys (ConfUtils.java:logGet(46)) - raft.server.write.follower.gap.ratio.max = -1.0 (default)
2023-06-07 07:11:01,861 [cd92a3c4-ef96-4770-b512-b3fe4045cd4b@group-ED556EC830F3-LeaderElection26] INFO  server.RaftServerConfigKeys (ConfUtils.java:logGet(46)) - raft.server.log.appender.snapshot.chunk.size.max = 16MB (=16777216) (default)
2023-06-07 07:11:01,861 [cd92a3c4-ef96-4770-b512-b3fe4045cd4b@group-ED556EC830F3-LeaderElection26] INFO  server.RaftServerConfigKeys (ConfUtils.java:logGet(46)) - raft.server.log.appender.buffer.byte-limit = 33554432 (custom)
2023-06-07 07:11:01,861 [cd92a3c4-ef96-4770-b512-b3fe4045cd4b@group-ED556EC830F3-LeaderElection26] INFO  server.RaftServerConfigKeys (ConfUtils.java:logGet(46)) - raft.server.log.appender.buffer.element-limit = 1 (custom)
2023-06-07 07:11:01,863 [cd92a3c4-ef96-4770-b512-b3fe4045cd4b@group-ED556EC830F3-LeaderElection26] INFO  server.RaftServerConfigKeys (ConfUtils.java:logGet(46)) - raft.server.log.appender.wait-time.min = 10ms (default)
2023-06-07 07:11:01,863 [cd92a3c4-ef96-4770-b512-b3fe4045cd4b@group-ED556EC830F3-LeaderElection26] INFO  grpc.GrpcConfigKeys (ConfUtils.java:logGet(46)) - raft.grpc.server.leader.outstanding.appends.max = 128 (default)
2023-06-07 07:11:01,864 [cd92a3c4-ef96-4770-b512-b3fe4045cd4b@group-ED556EC830F3-LeaderElection26] INFO  server.RaftServerConfigKeys (ConfUtils.java:logGet(46)) - raft.server.rpc.request.timeout = 60s (custom)
2023-06-07 07:11:01,864 [cd92a3c4-ef96-4770-b512-b3fe4045cd4b@group-ED556EC830F3-LeaderElection26] INFO  grpc.GrpcConfigKeys (ConfUtils.java:logGet(46)) - raft.grpc.server.install_snapshot.request.element-limit = 8 (default)
2023-06-07 07:11:01,864 [cd92a3c4-ef96-4770-b512-b3fe4045cd4b@group-ED556EC830F3-LeaderElection26] INFO  grpc.GrpcConfigKeys (ConfUtils.java:logGet(46)) - raft.grpc.server.install_snapshot.request.timeout = 3000ms (default)
2023-06-07 07:11:01,863 [EventQueue-PipelineReportForPipelineReportHandler] INFO  pipeline.PipelineManagerImpl (PipelineManagerImpl.java:openPipeline(367)) - Pipeline Pipeline[ Id: ad97a0ce-7cd9-4945-8bcd-ed556ec830f3, Nodes: b1b35183-3015-42af-b03c-e7d97dc9a7f6(fv-az246-755.dmzl2ssfaldu3choa5k4qgfeyh.jx.internal.cloudapp.net/10.1.0.31)53afdcff-9740-4d1d-9155-3eea53ceb243(fv-az246-755.dmzl2ssfaldu3choa5k4qgfeyh.jx.internal.cloudapp.net/10.1.0.31)cd92a3c4-ef96-4770-b512-b3fe4045cd4b(fv-az246-755.dmzl2ssfaldu3choa5k4qgfeyh.jx.internal.cloudapp.net/10.1.0.31), ReplicationConfig: RATIS/THREE, State:ALLOCATED, leaderId:cd92a3c4-ef96-4770-b512-b3fe4045cd4b, CreationTimestamp2023-06-07T07:10:54.327Z[Etc/UTC]] moved to OPEN state
2023-06-07 07:11:01,863 [grpc-default-executor-3] INFO  server.RaftServer$Division (RaftServerImpl.java:requestVote(1302)) - 53afdcff-9740-4d1d-9155-3eea53ceb243@group-ED556EC830F3: receive requestVote(ELECTION, cd92a3c4-ef96-4770-b512-b3fe4045cd4b, group-ED556EC830F3, 1, (t:0, i:0))
2023-06-07 07:11:01,864 [grpc-default-executor-3] INFO  impl.VoteContext (VoteContext.java:log(49)) - 53afdcff-9740-4d1d-9155-3eea53ceb243@group-ED556EC830F3-FOLLOWER: accept ELECTION from cd92a3c4-ef96-4770-b512-b3fe4045cd4b: our priority 0 <= candidate's priority 1
2023-06-07 07:11:01,864 [grpc-default-executor-3] INFO  server.RaftServer$Division (RaftServerImpl.java:setRole(329)) - 53afdcff-9740-4d1d-9155-3eea53ceb243@group-ED556EC830F3: changes role from  FOLLOWER to FOLLOWER at term 1 for candidate:cd92a3c4-ef96-4770-b512-b3fe4045cd4b
2023-06-07 07:11:01,864 [grpc-default-executor-3] INFO  impl.RoleInfo (RoleInfo.java:shutdownFollowerState(110)) - 53afdcff-9740-4d1d-9155-3eea53ceb243: shutdown 53afdcff-9740-4d1d-9155-3eea53ceb243@group-ED556EC830F3-FollowerState
2023-06-07 07:11:01,864 [grpc-default-executor-3] INFO  impl.RoleInfo (RoleInfo.java:updateAndGet(139)) - 53afdcff-9740-4d1d-9155-3eea53ceb243: start 53afdcff-9740-4d1d-9155-3eea53ceb243@group-ED556EC830F3-FollowerState
2023-06-07 07:11:01,864 [53afdcff-9740-4d1d-9155-3eea53ceb243@group-ED556EC830F3-FollowerState] INFO  impl.FollowerState (FollowerState.java:run(152)) - 53afdcff-9740-4d1d-9155-3eea53ceb243@group-ED556EC830F3-FollowerState was interrupted
2023-06-07 07:11:01,864 [cd92a3c4-ef96-4770-b512-b3fe4045cd4b@group-ED556EC830F3-LeaderElection26] INFO  server.RaftServerConfigKeys (ConfUtils.java:logGet(46)) - raft.server.log.appender.install.snapshot.enabled = false (custom)
2023-06-07 07:11:01,865 [cd92a3c4-ef96-4770-b512-b3fe4045cd4b@group-ED556EC830F3-LeaderElection26] INFO  grpc.GrpcConfigKeys (ConfUtils.java:logGet(46)) - raft.grpc.server.heartbeat.channel = true (default)
2023-06-07 07:11:01,865 [cd92a3c4-ef96-4770-b512-b3fe4045cd4b@group-ED556EC830F3-LeaderElection26] INFO  server.RaftServerConfigKeys (ConfUtils.java:logGet(46)) - raft.server.log.appender.snapshot.chunk.size.max = 16MB (=16777216) (default)
2023-06-07 07:11:01,865 [cd92a3c4-ef96-4770-b512-b3fe4045cd4b@group-ED556EC830F3-LeaderElection26] INFO  server.RaftServerConfigKeys (ConfUtils.java:logGet(46)) - raft.server.log.appender.buffer.byte-limit = 33554432 (custom)
2023-06-07 07:11:01,866 [cd92a3c4-ef96-4770-b512-b3fe4045cd4b@group-ED556EC830F3-LeaderElection26] INFO  server.RaftServerConfigKeys (ConfUtils.java:logGet(46)) - raft.server.log.appender.buffer.element-limit = 1 (custom)
2023-06-07 07:11:01,870 [cd92a3c4-ef96-4770-b512-b3fe4045cd4b@group-ED556EC830F3-LeaderElection26] INFO  server.RaftServerConfigKeys (ConfUtils.java:logGet(46)) - raft.server.log.appender.wait-time.min = 10ms (default)
2023-06-07 07:11:01,871 [cd92a3c4-ef96-4770-b512-b3fe4045cd4b@group-ED556EC830F3-LeaderElection26] INFO  grpc.GrpcConfigKeys (ConfUtils.java:logGet(46)) - raft.grpc.server.leader.outstanding.appends.max = 128 (default)
2023-06-07 07:11:01,871 [cd92a3c4-ef96-4770-b512-b3fe4045cd4b@group-ED556EC830F3-LeaderElection26] INFO  server.RaftServerConfigKeys (ConfUtils.java:logGet(46)) - raft.server.rpc.request.timeout = 60s (custom)
2023-06-07 07:11:01,871 [cd92a3c4-ef96-4770-b512-b3fe4045cd4b@group-ED556EC830F3-LeaderElection26] INFO  grpc.GrpcConfigKeys (ConfUtils.java:logGet(46)) - raft.grpc.server.install_snapshot.request.element-limit = 8 (default)
2023-06-07 07:11:01,871 [cd92a3c4-ef96-4770-b512-b3fe4045cd4b@group-ED556EC830F3-LeaderElection26] INFO  grpc.GrpcConfigKeys (ConfUtils.java:logGet(46)) - raft.grpc.server.install_snapshot.request.timeout = 3000ms (default)
2023-06-07 07:11:01,871 [cd92a3c4-ef96-4770-b512-b3fe4045cd4b@group-ED556EC830F3-LeaderElection26] INFO  server.RaftServerConfigKeys (ConfUtils.java:logGet(46)) - raft.server.log.appender.install.snapshot.enabled = false (custom)
2023-06-07 07:11:01,871 [cd92a3c4-ef96-4770-b512-b3fe4045cd4b@group-ED556EC830F3-LeaderElection26] INFO  grpc.GrpcConfigKeys (ConfUtils.java:logGet(46)) - raft.grpc.server.heartbeat.channel = true (default)
2023-06-07 07:11:01,872 [grpc-default-executor-3] INFO  server.RaftServer$Division (RaftServerImpl.java:requestVote(1335)) - 53afdcff-9740-4d1d-9155-3eea53ceb243@group-ED556EC830F3 replies to ELECTION vote request: cd92a3c4-ef96-4770-b512-b3fe4045cd4b<-53afdcff-9740-4d1d-9155-3eea53ceb243#0:OK-t1. Peer's state: 53afdcff-9740-4d1d-9155-3eea53ceb243@group-ED556EC830F3:t1, leader=null, voted=cd92a3c4-ef96-4770-b512-b3fe4045cd4b, raftlog=Memoized:53afdcff-9740-4d1d-9155-3eea53ceb243@group-ED556EC830F3-SegmentedRaftLog:OPENED:c-1, conf=-1: peers:[b1b35183-3015-42af-b03c-e7d97dc9a7f6|rpc:10.1.0.31:15104|admin:10.1.0.31:15103|client:10.1.0.31:15102|dataStream:10.1.0.31:15105|priority:0|startupRole:FOLLOWER, cd92a3c4-ef96-4770-b512-b3fe4045cd4b|rpc:10.1.0.31:15113|admin:10.1.0.31:15112|client:10.1.0.31:15111|dataStream:10.1.0.31:15114|priority:1|startupRole:FOLLOWER, 53afdcff-9740-4d1d-9155-3eea53ceb243|rpc:10.1.0.31:15095|admin:10.1.0.31:15094|client:10.1.0.31:15093|dataStream:10.1.0.31:15096|priority:0|startupRole:FOLLOWER]|listeners:[], old=null
2023-06-07 07:11:01,874 [cd92a3c4-ef96-4770-b512-b3fe4045cd4b@group-ED556EC830F3-LeaderElection26] INFO  impl.RoleInfo (RoleInfo.java:updateAndGet(139)) - cd92a3c4-ef96-4770-b512-b3fe4045cd4b: start cd92a3c4-ef96-4770-b512-b3fe4045cd4b@group-ED556EC830F3-LeaderStateImpl
2023-06-07 07:11:01,874 [cd92a3c4-ef96-4770-b512-b3fe4045cd4b@group-ED556EC830F3-LeaderElection26] INFO  segmented.SegmentedRaftLogWorker (SegmentedRaftLogWorker.java:startLogSegment(447)) - cd92a3c4-ef96-4770-b512-b3fe4045cd4b@group-ED556EC830F3-SegmentedRaftLogWorker: Starting segment from index:0
2023-06-07 07:11:01,875 [cd92a3c4-ef96-4770-b512-b3fe4045cd4b@group-ED556EC830F3-SegmentedRaftLogWorker] INFO  segmented.SegmentedRaftLogWorker (SegmentedRaftLogWorker.java:execute(651)) - cd92a3c4-ef96-4770-b512-b3fe4045cd4b@group-ED556EC830F3-SegmentedRaftLogWorker: created new log segment /home/runner/work/ozone/ozone/hadoop-ozone/integration-test/target/test-dir/MiniOzoneClusterImpl-28223e3b-fb3b-4559-a623-43dba3cd33a0/datanode-11/data/ratis/ad97a0ce-7cd9-4945-8bcd-ed556ec830f3/current/log_inprogress_0
2023-06-07 07:11:01,885 [cd92a3c4-ef96-4770-b512-b3fe4045cd4b@group-ED556EC830F3-LeaderElection26] INFO  server.RaftServer$Division (ServerState.java:setRaftConf(434)) - cd92a3c4-ef96-4770-b512-b3fe4045cd4b@group-ED556EC830F3: set configuration 0: peers:[b1b35183-3015-42af-b03c-e7d97dc9a7f6|rpc:10.1.0.31:15104|admin:10.1.0.31:15103|client:10.1.0.31:15102|dataStream:10.1.0.31:15105|priority:0|startupRole:FOLLOWER, cd92a3c4-ef96-4770-b512-b3fe4045cd4b|rpc:10.1.0.31:15113|admin:10.1.0.31:15112|client:10.1.0.31:15111|dataStream:10.1.0.31:15114|priority:1|startupRole:FOLLOWER, 53afdcff-9740-4d1d-9155-3eea53ceb243|rpc:10.1.0.31:15095|admin:10.1.0.31:15094|client:10.1.0.31:15093|dataStream:10.1.0.31:15096|priority:0|startupRole:FOLLOWER]|listeners:[], old=null
2023-06-07 07:11:01,894 [53afdcff-9740-4d1d-9155-3eea53ceb243-server-thread1] INFO  ratis.XceiverServerRatis (XceiverServerRatis.java:handleLeaderChangedNotification(902)) - Leader change notification received for group: group-ED556EC830F3 with new leaderId: cd92a3c4-ef96-4770-b512-b3fe4045cd4b
2023-06-07 07:11:01,895 [53afdcff-9740-4d1d-9155-3eea53ceb243-server-thread1] INFO  server.RaftServer$Division (ServerState.java:setLeader(317)) - 53afdcff-9740-4d1d-9155-3eea53ceb243@group-ED556EC830F3: change Leader from null to cd92a3c4-ef96-4770-b512-b3fe4045cd4b at term 1 for appendEntries, leader elected after 5343ms
2023-06-07 07:11:01,904 [53afdcff-9740-4d1d-9155-3eea53ceb243-server-thread1] INFO  server.RaftServer$Division (ServerState.java:setRaftConf(434)) - 53afdcff-9740-4d1d-9155-3eea53ceb243@group-ED556EC830F3: set configuration 0: peers:[b1b35183-3015-42af-b03c-e7d97dc9a7f6|rpc:10.1.0.31:15104|admin:10.1.0.31:15103|client:10.1.0.31:15102|dataStream:10.1.0.31:15105|priority:0|startupRole:FOLLOWER, cd92a3c4-ef96-4770-b512-b3fe4045cd4b|rpc:10.1.0.31:15113|admin:10.1.0.31:15112|client:10.1.0.31:15111|dataStream:10.1.0.31:15114|priority:1|startupRole:FOLLOWER, 53afdcff-9740-4d1d-9155-3eea53ceb243|rpc:10.1.0.31:15095|admin:10.1.0.31:15094|client:10.1.0.31:15093|dataStream:10.1.0.31:15096|priority:0|startupRole:FOLLOWER]|listeners:[], old=null
2023-06-07 07:11:01,904 [53afdcff-9740-4d1d-9155-3eea53ceb243-server-thread1] INFO  segmented.SegmentedRaftLogWorker (SegmentedRaftLogWorker.java:startLogSegment(447)) - 53afdcff-9740-4d1d-9155-3eea53ceb243@group-ED556EC830F3-SegmentedRaftLogWorker: Starting segment from index:0
2023-06-07 07:11:01,907 [53afdcff-9740-4d1d-9155-3eea53ceb243@group-ED556EC830F3-SegmentedRaftLogWorker] INFO  segmented.SegmentedRaftLogWorker (SegmentedRaftLogWorker.java:execute(651)) - 53afdcff-9740-4d1d-9155-3eea53ceb243@group-ED556EC830F3-SegmentedRaftLogWorker: created new log segment /home/runner/work/ozone/ozone/hadoop-ozone/integration-test/target/test-dir/MiniOzoneClusterImpl-28223e3b-fb3b-4559-a623-43dba3cd33a0/datanode-9/data/ratis/ad97a0ce-7cd9-4945-8bcd-ed556ec830f3/current/log_inprogress_0
2023-06-07 07:11:01,909 [b1b35183-3015-42af-b03c-e7d97dc9a7f6-server-thread1] INFO  ratis.XceiverServerRatis (XceiverServerRatis.java:handleLeaderChangedNotification(902)) - Leader change notification received for group: group-ED556EC830F3 with new leaderId: cd92a3c4-ef96-4770-b512-b3fe4045cd4b
2023-06-07 07:11:01,910 [b1b35183-3015-42af-b03c-e7d97dc9a7f6-server-thread1] INFO  server.RaftServer$Division (ServerState.java:setLeader(317)) - b1b35183-3015-42af-b03c-e7d97dc9a7f6@group-ED556EC830F3: change Leader from null to cd92a3c4-ef96-4770-b512-b3fe4045cd4b at term 1 for appendEntries, leader elected after 5355ms
2023-06-07 07:11:01,911 [b1b35183-3015-42af-b03c-e7d97dc9a7f6-server-thread2] INFO  server.RaftServer$Division (ServerState.java:setRaftConf(434)) - b1b35183-3015-42af-b03c-e7d97dc9a7f6@group-ED556EC830F3: set configuration 0: peers:[b1b35183-3015-42af-b03c-e7d97dc9a7f6|rpc:10.1.0.31:15104|admin:10.1.0.31:15103|client:10.1.0.31:15102|dataStream:10.1.0.31:15105|priority:0|startupRole:FOLLOWER, cd92a3c4-ef96-4770-b512-b3fe4045cd4b|rpc:10.1.0.31:15113|admin:10.1.0.31:15112|client:10.1.0.31:15111|dataStream:10.1.0.31:15114|priority:1|startupRole:FOLLOWER, 53afdcff-9740-4d1d-9155-3eea53ceb243|rpc:10.1.0.31:15095|admin:10.1.0.31:15094|client:10.1.0.31:15093|dataStream:10.1.0.31:15096|priority:0|startupRole:FOLLOWER]|listeners:[], old=null
2023-06-07 07:11:01,912 [b1b35183-3015-42af-b03c-e7d97dc9a7f6-server-thread2] INFO  segmented.SegmentedRaftLogWorker (SegmentedRaftLogWorker.java:startLogSegment(447)) - b1b35183-3015-42af-b03c-e7d97dc9a7f6@group-ED556EC830F3-SegmentedRaftLogWorker: Starting segment from index:0
2023-06-07 07:11:01,913 [b1b35183-3015-42af-b03c-e7d97dc9a7f6@group-ED556EC830F3-SegmentedRaftLogWorker] INFO  segmented.SegmentedRaftLogWorker (SegmentedRaftLogWorker.java:execute(651)) - b1b35183-3015-42af-b03c-e7d97dc9a7f6@group-ED556EC830F3-SegmentedRaftLogWorker: created new log segment /home/runner/work/ozone/ozone/hadoop-ozone/integration-test/target/test-dir/MiniOzoneClusterImpl-28223e3b-fb3b-4559-a623-43dba3cd33a0/datanode-10/data/ratis/ad97a0ce-7cd9-4945-8bcd-ed556ec830f3/current/log_inprogress_0
2023-06-07 07:11:02,417 [cd92a3c4-ef96-4770-b512-b3fe4045cd4b@group-3C28A615D201-FollowerState] INFO  impl.FollowerState (FollowerState.java:run(143)) - cd92a3c4-ef96-4770-b512-b3fe4045cd4b@group-3C28A615D201-FollowerState: change to CANDIDATE, lastRpcElapsedTime:5098493680ns, electionTimeout:5097ms
2023-06-07 07:11:02,417 [cd92a3c4-ef96-4770-b512-b3fe4045cd4b@group-3C28A615D201-FollowerState] INFO  impl.RoleInfo (RoleInfo.java:shutdownFollowerState(110)) - cd92a3c4-ef96-4770-b512-b3fe4045cd4b: shutdown cd92a3c4-ef96-4770-b512-b3fe4045cd4b@group-3C28A615D201-FollowerState
2023-06-07 07:11:02,417 [cd92a3c4-ef96-4770-b512-b3fe4045cd4b@group-3C28A615D201-FollowerState] INFO  server.RaftServer$Division (RaftServerImpl.java:setRole(329)) - cd92a3c4-ef96-4770-b512-b3fe4045cd4b@group-3C28A615D201: changes role from  FOLLOWER to CANDIDATE at term 0 for changeToCandidate
2023-06-07 07:11:02,418 [cd92a3c4-ef96-4770-b512-b3fe4045cd4b@group-3C28A615D201-FollowerState] INFO  server.RaftServerConfigKeys (ConfUtils.java:logGet(46)) - raft.server.leaderelection.pre-vote = true (default)
2023-06-07 07:11:02,418 [cd92a3c4-ef96-4770-b512-b3fe4045cd4b@group-3C28A615D201-FollowerState] INFO  impl.RoleInfo (RoleInfo.java:updateAndGet(139)) - cd92a3c4-ef96-4770-b512-b3fe4045cd4b: start cd92a3c4-ef96-4770-b512-b3fe4045cd4b@group-3C28A615D201-LeaderElection27
2023-06-07 07:11:02,421 [cd92a3c4-ef96-4770-b512-b3fe4045cd4b@group-3C28A615D201-LeaderElection27] INFO  impl.LeaderElection (LeaderElection.java:askForVotes(321)) - cd92a3c4-ef96-4770-b512-b3fe4045cd4b@group-3C28A615D201-LeaderElection27 PRE_VOTE round 0: submit vote requests at term 0 for -1: peers:[cd92a3c4-ef96-4770-b512-b3fe4045cd4b|rpc:10.1.0.31:15113|admin:10.1.0.31:15112|client:10.1.0.31:15111|dataStream:10.1.0.31:15114|priority:1|startupRole:FOLLOWER]|listeners:[], old=null
2023-06-07 07:11:02,421 [cd92a3c4-ef96-4770-b512-b3fe4045cd4b@group-3C28A615D201-LeaderElection27] INFO  impl.LeaderElection (LeaderElection.java:askForVotes(323)) - cd92a3c4-ef96-4770-b512-b3fe4045cd4b@group-3C28A615D201-LeaderElection27 PRE_VOTE round 0: result PASSED (term=0)
2023-06-07 07:11:02,423 [cd92a3c4-ef96-4770-b512-b3fe4045cd4b@group-3C28A615D201-LeaderElection27] INFO  impl.LeaderElection (LeaderElection.java:askForVotes(321)) - cd92a3c4-ef96-4770-b512-b3fe4045cd4b@group-3C28A615D201-LeaderElection27 ELECTION round 0: submit vote requests at term 1 for -1: peers:[cd92a3c4-ef96-4770-b512-b3fe4045cd4b|rpc:10.1.0.31:15113|admin:10.1.0.31:15112|client:10.1.0.31:15111|dataStream:10.1.0.31:15114|priority:1|startupRole:FOLLOWER]|listeners:[], old=null
2023-06-07 07:11:02,423 [cd92a3c4-ef96-4770-b512-b3fe4045cd4b@group-3C28A615D201-LeaderElection27] INFO  impl.LeaderElection (LeaderElection.java:askForVotes(323)) - cd92a3c4-ef96-4770-b512-b3fe4045cd4b@group-3C28A615D201-LeaderElection27 ELECTION round 0: result PASSED (term=1)
2023-06-07 07:11:02,423 [cd92a3c4-ef96-4770-b512-b3fe4045cd4b@group-3C28A615D201-LeaderElection27] INFO  impl.RoleInfo (RoleInfo.java:shutdownLeaderElection(130)) - cd92a3c4-ef96-4770-b512-b3fe4045cd4b: shutdown cd92a3c4-ef96-4770-b512-b3fe4045cd4b@group-3C28A615D201-LeaderElection27
2023-06-07 07:11:02,423 [cd92a3c4-ef96-4770-b512-b3fe4045cd4b@group-3C28A615D201-LeaderElection27] INFO  server.RaftServer$Division (RaftServerImpl.java:setRole(329)) - cd92a3c4-ef96-4770-b512-b3fe4045cd4b@group-3C28A615D201: changes role from CANDIDATE to LEADER at term 1 for changeToLeader
2023-06-07 07:11:02,423 [cd92a3c4-ef96-4770-b512-b3fe4045cd4b@group-3C28A615D201-LeaderElection27] INFO  ratis.XceiverServerRatis (XceiverServerRatis.java:handleLeaderChangedNotification(902)) - Leader change notification received for group: group-3C28A615D201 with new leaderId: cd92a3c4-ef96-4770-b512-b3fe4045cd4b
2023-06-07 07:11:02,423 [cd92a3c4-ef96-4770-b512-b3fe4045cd4b@group-3C28A615D201-LeaderElection27] INFO  server.RaftServer$Division (ServerState.java:setLeader(317)) - cd92a3c4-ef96-4770-b512-b3fe4045cd4b@group-3C28A615D201: change Leader from null to cd92a3c4-ef96-4770-b512-b3fe4045cd4b at term 1 for becomeLeader, leader elected after 5123ms
2023-06-07 07:11:02,423 [cd92a3c4-ef96-4770-b512-b3fe4045cd4b@group-3C28A615D201-LeaderElection27] INFO  server.RaftServerConfigKeys (ConfUtils.java:logGet(46)) - raft.server.staging.catchup.gap = 1000 (default)
2023-06-07 07:11:02,424 [cd92a3c4-ef96-4770-b512-b3fe4045cd4b@group-3C28A615D201-LeaderElection27] INFO  server.RaftServerConfigKeys (ConfUtils.java:logGet(46)) - raft.server.write.element-limit = 1024 (custom)
2023-06-07 07:11:02,425 [cd92a3c4-ef96-4770-b512-b3fe4045cd4b@group-3C28A615D201-LeaderElection27] INFO  server.RaftServerConfigKeys (ConfUtils.java:logGet(46)) - raft.server.write.byte-limit = 1024 M (=1073741824) (custom)
2023-06-07 07:11:02,425 [cd92a3c4-ef96-4770-b512-b3fe4045cd4b@group-3C28A615D201-LeaderElection27] INFO  server.RaftServerConfigKeys (ConfUtils.java:logGet(46)) - raft.server.watch.timeout = 180s (custom)
2023-06-07 07:11:02,426 [cd92a3c4-ef96-4770-b512-b3fe4045cd4b@group-3C28A615D201-LeaderElection27] INFO  server.RaftServerConfigKeys (ConfUtils.java:logGet(46)) - raft.server.watch.timeout.denomination = 1s (default)
2023-06-07 07:11:02,426 [cd92a3c4-ef96-4770-b512-b3fe4045cd4b@group-3C28A615D201-LeaderElection27] INFO  server.RaftServerConfigKeys (ConfUtils.java:logGet(46)) - raft.server.watch.element-limit = 65536 (default)
2023-06-07 07:11:02,426 [cd92a3c4-ef96-4770-b512-b3fe4045cd4b@group-3C28A615D201-LeaderElection27] INFO  server.RaftServerConfigKeys (ConfUtils.java:logGet(46)) - raft.server.write.element-limit = 1024 (custom)
2023-06-07 07:11:02,426 [cd92a3c4-ef96-4770-b512-b3fe4045cd4b@group-3C28A615D201-LeaderElection27] INFO  server.RaftServerConfigKeys (ConfUtils.java:logGet(46)) - raft.server.write.follower.gap.ratio.max = -1.0 (default)
2023-06-07 07:11:02,426 [cd92a3c4-ef96-4770-b512-b3fe4045cd4b@group-3C28A615D201-LeaderElection27] INFO  impl.RoleInfo (RoleInfo.java:updateAndGet(139)) - cd92a3c4-ef96-4770-b512-b3fe4045cd4b: start cd92a3c4-ef96-4770-b512-b3fe4045cd4b@group-3C28A615D201-LeaderStateImpl
2023-06-07 07:11:02,426 [cd92a3c4-ef96-4770-b512-b3fe4045cd4b@group-3C28A615D201-LeaderElection27] INFO  segmented.SegmentedRaftLogWorker (SegmentedRaftLogWorker.java:startLogSegment(447)) - cd92a3c4-ef96-4770-b512-b3fe4045cd4b@group-3C28A615D201-SegmentedRaftLogWorker: Starting segment from index:0
2023-06-07 07:11:02,427 [cd92a3c4-ef96-4770-b512-b3fe4045cd4b@group-3C28A615D201-LeaderElection27] INFO  server.RaftServer$Division (ServerState.java:setRaftConf(434)) - cd92a3c4-ef96-4770-b512-b3fe4045cd4b@group-3C28A615D201: set configuration 0: peers:[cd92a3c4-ef96-4770-b512-b3fe4045cd4b|rpc:10.1.0.31:15113|admin:10.1.0.31:15112|client:10.1.0.31:15111|dataStream:10.1.0.31:15114|priority:1|startupRole:FOLLOWER]|listeners:[], old=null
2023-06-07 07:11:02,427 [cd92a3c4-ef96-4770-b512-b3fe4045cd4b@group-3C28A615D201-SegmentedRaftLogWorker] INFO  segmented.SegmentedRaftLogWorker (SegmentedRaftLogWorker.java:execute(651)) - cd92a3c4-ef96-4770-b512-b3fe4045cd4b@group-3C28A615D201-SegmentedRaftLogWorker: created new log segment /home/runner/work/ozone/ozone/hadoop-ozone/integration-test/target/test-dir/MiniOzoneClusterImpl-28223e3b-fb3b-4559-a623-43dba3cd33a0/datanode-11/data/ratis/f4fbc1ab-c13c-4528-be17-3c28a615d201/current/log_inprogress_0
2023-06-07 07:11:02,568 [193ce337-dffd-4cd7-9fc4-5b62e57d89f8@group-A331D06DFB85-FollowerState] INFO  impl.FollowerState (FollowerState.java:run(143)) - 193ce337-dffd-4cd7-9fc4-5b62e57d89f8@group-A331D06DFB85-FollowerState: change to CANDIDATE, lastRpcElapsedTime:5194541653ns, electionTimeout:5193ms
2023-06-07 07:11:02,568 [193ce337-dffd-4cd7-9fc4-5b62e57d89f8@group-A331D06DFB85-FollowerState] INFO  impl.RoleInfo (RoleInfo.java:shutdownFollowerState(110)) - 193ce337-dffd-4cd7-9fc4-5b62e57d89f8: shutdown 193ce337-dffd-4cd7-9fc4-5b62e57d89f8@group-A331D06DFB85-FollowerState
2023-06-07 07:11:02,568 [193ce337-dffd-4cd7-9fc4-5b62e57d89f8@group-A331D06DFB85-FollowerState] INFO  server.RaftServer$Division (RaftServerImpl.java:setRole(329)) - 193ce337-dffd-4cd7-9fc4-5b62e57d89f8@group-A331D06DFB85: changes role from  FOLLOWER to CANDIDATE at term 0 for changeToCandidate
2023-06-07 07:11:02,568 [193ce337-dffd-4cd7-9fc4-5b62e57d89f8@group-A331D06DFB85-FollowerState] INFO  server.RaftServerConfigKeys (ConfUtils.java:logGet(46)) - raft.server.leaderelection.pre-vote = true (default)
2023-06-07 07:11:02,568 [193ce337-dffd-4cd7-9fc4-5b62e57d89f8@group-A331D06DFB85-FollowerState] INFO  impl.RoleInfo (RoleInfo.java:updateAndGet(139)) - 193ce337-dffd-4cd7-9fc4-5b62e57d89f8: start 193ce337-dffd-4cd7-9fc4-5b62e57d89f8@group-A331D06DFB85-LeaderElection28
2023-06-07 07:11:02,572 [193ce337-dffd-4cd7-9fc4-5b62e57d89f8@group-A331D06DFB85-LeaderElection28] INFO  impl.LeaderElection (LeaderElection.java:askForVotes(321)) - 193ce337-dffd-4cd7-9fc4-5b62e57d89f8@group-A331D06DFB85-LeaderElection28 PRE_VOTE round 0: submit vote requests at term 0 for -1: peers:[193ce337-dffd-4cd7-9fc4-5b62e57d89f8|rpc:10.1.0.31:15122|admin:10.1.0.31:15121|client:10.1.0.31:15120|dataStream:10.1.0.31:15123|priority:1|startupRole:FOLLOWER]|listeners:[], old=null
2023-06-07 07:11:02,572 [193ce337-dffd-4cd7-9fc4-5b62e57d89f8@group-A331D06DFB85-LeaderElection28] INFO  impl.LeaderElection (LeaderElection.java:askForVotes(323)) - 193ce337-dffd-4cd7-9fc4-5b62e57d89f8@group-A331D06DFB85-LeaderElection28 PRE_VOTE round 0: result PASSED (term=0)
2023-06-07 07:11:02,573 [193ce337-dffd-4cd7-9fc4-5b62e57d89f8@group-A331D06DFB85-LeaderElection28] INFO  impl.LeaderElection (LeaderElection.java:askForVotes(321)) - 193ce337-dffd-4cd7-9fc4-5b62e57d89f8@group-A331D06DFB85-LeaderElection28 ELECTION round 0: submit vote requests at term 1 for -1: peers:[193ce337-dffd-4cd7-9fc4-5b62e57d89f8|rpc:10.1.0.31:15122|admin:10.1.0.31:15121|client:10.1.0.31:15120|dataStream:10.1.0.31:15123|priority:1|startupRole:FOLLOWER]|listeners:[], old=null
2023-06-07 07:11:02,573 [193ce337-dffd-4cd7-9fc4-5b62e57d89f8@group-A331D06DFB85-LeaderElection28] INFO  impl.LeaderElection (LeaderElection.java:askForVotes(323)) - 193ce337-dffd-4cd7-9fc4-5b62e57d89f8@group-A331D06DFB85-LeaderElection28 ELECTION round 0: result PASSED (term=1)
2023-06-07 07:11:02,573 [193ce337-dffd-4cd7-9fc4-5b62e57d89f8@group-A331D06DFB85-LeaderElection28] INFO  impl.RoleInfo (RoleInfo.java:shutdownLeaderElection(130)) - 193ce337-dffd-4cd7-9fc4-5b62e57d89f8: shutdown 193ce337-dffd-4cd7-9fc4-5b62e57d89f8@group-A331D06DFB85-LeaderElection28
2023-06-07 07:11:02,573 [193ce337-dffd-4cd7-9fc4-5b62e57d89f8@group-A331D06DFB85-LeaderElection28] INFO  server.RaftServer$Division (RaftServerImpl.java:setRole(329)) - 193ce337-dffd-4cd7-9fc4-5b62e57d89f8@group-A331D06DFB85: changes role from CANDIDATE to LEADER at term 1 for changeToLeader
2023-06-07 07:11:02,574 [193ce337-dffd-4cd7-9fc4-5b62e57d89f8@group-A331D06DFB85-LeaderElection28] INFO  ratis.XceiverServerRatis (XceiverServerRatis.java:handleLeaderChangedNotification(902)) - Leader change notification received for group: group-A331D06DFB85 with new leaderId: 193ce337-dffd-4cd7-9fc4-5b62e57d89f8
2023-06-07 07:11:02,576 [193ce337-dffd-4cd7-9fc4-5b62e57d89f8@group-A331D06DFB85-LeaderElection28] INFO  server.RaftServer$Division (ServerState.java:setLeader(317)) - 193ce337-dffd-4cd7-9fc4-5b62e57d89f8@group-A331D06DFB85: change Leader from null to 193ce337-dffd-4cd7-9fc4-5b62e57d89f8 at term 1 for becomeLeader, leader elected after 5220ms
2023-06-07 07:11:02,576 [193ce337-dffd-4cd7-9fc4-5b62e57d89f8@group-A331D06DFB85-LeaderElection28] INFO  server.RaftServerConfigKeys (ConfUtils.java:logGet(46)) - raft.server.staging.catchup.gap = 1000 (default)
2023-06-07 07:11:02,577 [193ce337-dffd-4cd7-9fc4-5b62e57d89f8@group-A331D06DFB85-LeaderElection28] INFO  server.RaftServerConfigKeys (ConfUtils.java:logGet(46)) - raft.server.write.element-limit = 1024 (custom)
2023-06-07 07:11:02,577 [193ce337-dffd-4cd7-9fc4-5b62e57d89f8@group-A331D06DFB85-LeaderElection28] INFO  server.RaftServerConfigKeys (ConfUtils.java:logGet(46)) - raft.server.write.byte-limit = 1024 M (=1073741824) (custom)
2023-06-07 07:11:02,577 [193ce337-dffd-4cd7-9fc4-5b62e57d89f8@group-A331D06DFB85-LeaderElection28] INFO  server.RaftServerConfigKeys (ConfUtils.java:logGet(46)) - raft.server.watch.timeout = 180s (custom)
2023-06-07 07:11:02,577 [193ce337-dffd-4cd7-9fc4-5b62e57d89f8@group-A331D06DFB85-LeaderElection28] INFO  server.RaftServerConfigKeys (ConfUtils.java:logGet(46)) - raft.server.watch.timeout.denomination = 1s (default)
2023-06-07 07:11:02,577 [193ce337-dffd-4cd7-9fc4-5b62e57d89f8@group-A331D06DFB85-LeaderElection28] INFO  server.RaftServerConfigKeys (ConfUtils.java:logGet(46)) - raft.server.watch.element-limit = 65536 (default)
2023-06-07 07:11:02,577 [193ce337-dffd-4cd7-9fc4-5b62e57d89f8@group-A331D06DFB85-LeaderElection28] INFO  server.RaftServerConfigKeys (ConfUtils.java:logGet(46)) - raft.server.write.element-limit = 1024 (custom)
2023-06-07 07:11:02,577 [193ce337-dffd-4cd7-9fc4-5b62e57d89f8@group-A331D06DFB85-LeaderElection28] INFO  server.RaftServerConfigKeys (ConfUtils.java:logGet(46)) - raft.server.write.follower.gap.ratio.max = -1.0 (default)
2023-06-07 07:11:02,577 [193ce337-dffd-4cd7-9fc4-5b62e57d89f8@group-A331D06DFB85-LeaderElection28] INFO  impl.RoleInfo (RoleInfo.java:updateAndGet(139)) - 193ce337-dffd-4cd7-9fc4-5b62e57d89f8: start 193ce337-dffd-4cd7-9fc4-5b62e57d89f8@group-A331D06DFB85-LeaderStateImpl
2023-06-07 07:11:02,578 [193ce337-dffd-4cd7-9fc4-5b62e57d89f8@group-A331D06DFB85-LeaderElection28] INFO  segmented.SegmentedRaftLogWorker (SegmentedRaftLogWorker.java:startLogSegment(447)) - 193ce337-dffd-4cd7-9fc4-5b62e57d89f8@group-A331D06DFB85-SegmentedRaftLogWorker: Starting segment from index:0
2023-06-07 07:11:02,579 [193ce337-dffd-4cd7-9fc4-5b62e57d89f8@group-A331D06DFB85-LeaderElection28] INFO  server.RaftServer$Division (ServerState.java:setRaftConf(434)) - 193ce337-dffd-4cd7-9fc4-5b62e57d89f8@group-A331D06DFB85: set configuration 0: peers:[193ce337-dffd-4cd7-9fc4-5b62e57d89f8|rpc:10.1.0.31:15122|admin:10.1.0.31:15121|client:10.1.0.31:15120|dataStream:10.1.0.31:15123|priority:1|startupRole:FOLLOWER]|listeners:[], old=null
2023-06-07 07:11:02,579 [193ce337-dffd-4cd7-9fc4-5b62e57d89f8@group-A331D06DFB85-SegmentedRaftLogWorker] INFO  segmented.SegmentedRaftLogWorker (SegmentedRaftLogWorker.java:execute(651)) - 193ce337-dffd-4cd7-9fc4-5b62e57d89f8@group-A331D06DFB85-SegmentedRaftLogWorker: created new log segment /home/runner/work/ozone/ozone/hadoop-ozone/integration-test/target/test-dir/MiniOzoneClusterImpl-28223e3b-fb3b-4559-a623-43dba3cd33a0/datanode-12/data/ratis/ca48261b-a2dc-4c22-9ec3-a331d06dfb85/current/log_inprogress_0
2023-06-07 07:11:02,833 [2a2b2d62-8637-433f-be3f-60f9dc9f206f@group-0D523FA6B420-FollowerState] INFO  impl.FollowerState (FollowerState.java:run(143)) - 2a2b2d62-8637-433f-be3f-60f9dc9f206f@group-0D523FA6B420-FollowerState: change to CANDIDATE, lastRpcElapsedTime:5056998099ns, electionTimeout:5047ms
2023-06-07 07:11:02,833 [2a2b2d62-8637-433f-be3f-60f9dc9f206f@group-0D523FA6B420-FollowerState] INFO  impl.RoleInfo (RoleInfo.java:shutdownFollowerState(110)) - 2a2b2d62-8637-433f-be3f-60f9dc9f206f: shutdown 2a2b2d62-8637-433f-be3f-60f9dc9f206f@group-0D523FA6B420-FollowerState
2023-06-07 07:11:02,833 [2a2b2d62-8637-433f-be3f-60f9dc9f206f@group-0D523FA6B420-FollowerState] INFO  server.RaftServer$Division (RaftServerImpl.java:setRole(329)) - 2a2b2d62-8637-433f-be3f-60f9dc9f206f@group-0D523FA6B420: changes role from  FOLLOWER to CANDIDATE at term 0 for changeToCandidate
2023-06-07 07:11:02,833 [2a2b2d62-8637-433f-be3f-60f9dc9f206f@group-0D523FA6B420-FollowerState] INFO  server.RaftServerConfigKeys (ConfUtils.java:logGet(46)) - raft.server.leaderelection.pre-vote = true (default)
2023-06-07 07:11:02,833 [2a2b2d62-8637-433f-be3f-60f9dc9f206f@group-0D523FA6B420-FollowerState] INFO  impl.RoleInfo (RoleInfo.java:updateAndGet(139)) - 2a2b2d62-8637-433f-be3f-60f9dc9f206f: start 2a2b2d62-8637-433f-be3f-60f9dc9f206f@group-0D523FA6B420-LeaderElection29
2023-06-07 07:11:02,836 [2a2b2d62-8637-433f-be3f-60f9dc9f206f@group-0D523FA6B420-LeaderElection29] INFO  impl.LeaderElection (LeaderElection.java:askForVotes(321)) - 2a2b2d62-8637-433f-be3f-60f9dc9f206f@group-0D523FA6B420-LeaderElection29 PRE_VOTE round 0: submit vote requests at term 0 for -1: peers:[2a2b2d62-8637-433f-be3f-60f9dc9f206f|rpc:10.1.0.31:15131|admin:10.1.0.31:15130|client:10.1.0.31:15129|dataStream:10.1.0.31:15132|priority:1|startupRole:FOLLOWER]|listeners:[], old=null
2023-06-07 07:11:02,836 [2a2b2d62-8637-433f-be3f-60f9dc9f206f@group-0D523FA6B420-LeaderElection29] INFO  impl.LeaderElection (LeaderElection.java:askForVotes(323)) - 2a2b2d62-8637-433f-be3f-60f9dc9f206f@group-0D523FA6B420-LeaderElection29 PRE_VOTE round 0: result PASSED (term=0)
2023-06-07 07:11:02,838 [2a2b2d62-8637-433f-be3f-60f9dc9f206f@group-0D523FA6B420-LeaderElection29] INFO  impl.LeaderElection (LeaderElection.java:askForVotes(321)) - 2a2b2d62-8637-433f-be3f-60f9dc9f206f@group-0D523FA6B420-LeaderElection29 ELECTION round 0: submit vote requests at term 1 for -1: peers:[2a2b2d62-8637-433f-be3f-60f9dc9f206f|rpc:10.1.0.31:15131|admin:10.1.0.31:15130|client:10.1.0.31:15129|dataStream:10.1.0.31:15132|priority:1|startupRole:FOLLOWER]|listeners:[], old=null
2023-06-07 07:11:02,838 [2a2b2d62-8637-433f-be3f-60f9dc9f206f@group-0D523FA6B420-LeaderElection29] INFO  impl.LeaderElection (LeaderElection.java:askForVotes(323)) - 2a2b2d62-8637-433f-be3f-60f9dc9f206f@group-0D523FA6B420-LeaderElection29 ELECTION round 0: result PASSED (term=1)
2023-06-07 07:11:02,838 [2a2b2d62-8637-433f-be3f-60f9dc9f206f@group-0D523FA6B420-LeaderElection29] INFO  impl.RoleInfo (RoleInfo.java:shutdownLeaderElection(130)) - 2a2b2d62-8637-433f-be3f-60f9dc9f206f: shutdown 2a2b2d62-8637-433f-be3f-60f9dc9f206f@group-0D523FA6B420-LeaderElection29
2023-06-07 07:11:02,838 [2a2b2d62-8637-433f-be3f-60f9dc9f206f@group-0D523FA6B420-LeaderElection29] INFO  server.RaftServer$Division (RaftServerImpl.java:setRole(329)) - 2a2b2d62-8637-433f-be3f-60f9dc9f206f@group-0D523FA6B420: changes role from CANDIDATE to LEADER at term 1 for changeToLeader
2023-06-07 07:11:02,838 [2a2b2d62-8637-433f-be3f-60f9dc9f206f@group-0D523FA6B420-LeaderElection29] INFO  ratis.XceiverServerRatis (XceiverServerRatis.java:handleLeaderChangedNotification(902)) - Leader change notification received for group: group-0D523FA6B420 with new leaderId: 2a2b2d62-8637-433f-be3f-60f9dc9f206f
2023-06-07 07:11:02,839 [2a2b2d62-8637-433f-be3f-60f9dc9f206f@group-0D523FA6B420-LeaderElection29] INFO  server.RaftServer$Division (ServerState.java:setLeader(317)) - 2a2b2d62-8637-433f-be3f-60f9dc9f206f@group-0D523FA6B420: change Leader from null to 2a2b2d62-8637-433f-be3f-60f9dc9f206f at term 1 for becomeLeader, leader elected after 5088ms
2023-06-07 07:11:02,839 [2a2b2d62-8637-433f-be3f-60f9dc9f206f@group-0D523FA6B420-LeaderElection29] INFO  server.RaftServerConfigKeys (ConfUtils.java:logGet(46)) - raft.server.staging.catchup.gap = 1000 (default)
2023-06-07 07:11:02,839 [2a2b2d62-8637-433f-be3f-60f9dc9f206f@group-0D523FA6B420-LeaderElection29] INFO  server.RaftServerConfigKeys (ConfUtils.java:logGet(46)) - raft.server.write.element-limit = 1024 (custom)
2023-06-07 07:11:02,839 [2a2b2d62-8637-433f-be3f-60f9dc9f206f@group-0D523FA6B420-LeaderElection29] INFO  server.RaftServerConfigKeys (ConfUtils.java:logGet(46)) - raft.server.write.byte-limit = 1024 M (=1073741824) (custom)
2023-06-07 07:11:02,840 [2a2b2d62-8637-433f-be3f-60f9dc9f206f@group-0D523FA6B420-LeaderElection29] INFO  server.RaftServerConfigKeys (ConfUtils.java:logGet(46)) - raft.server.watch.timeout = 180s (custom)
2023-06-07 07:11:02,840 [2a2b2d62-8637-433f-be3f-60f9dc9f206f@group-0D523FA6B420-LeaderElection29] INFO  server.RaftServerConfigKeys (ConfUtils.java:logGet(46)) - raft.server.watch.timeout.denomination = 1s (default)
2023-06-07 07:11:02,840 [2a2b2d62-8637-433f-be3f-60f9dc9f206f@group-0D523FA6B420-LeaderElection29] INFO  server.RaftServerConfigKeys (ConfUtils.java:logGet(46)) - raft.server.watch.element-limit = 65536 (default)
2023-06-07 07:11:02,840 [2a2b2d62-8637-433f-be3f-60f9dc9f206f@group-0D523FA6B420-LeaderElection29] INFO  server.RaftServerConfigKeys (ConfUtils.java:logGet(46)) - raft.server.write.element-limit = 1024 (custom)
2023-06-07 07:11:02,840 [2a2b2d62-8637-433f-be3f-60f9dc9f206f@group-0D523FA6B420-LeaderElection29] INFO  server.RaftServerConfigKeys (ConfUtils.java:logGet(46)) - raft.server.write.follower.gap.ratio.max = -1.0 (default)
2023-06-07 07:11:02,840 [2a2b2d62-8637-433f-be3f-60f9dc9f206f@group-0D523FA6B420-LeaderElection29] INFO  impl.RoleInfo (RoleInfo.java:updateAndGet(139)) - 2a2b2d62-8637-433f-be3f-60f9dc9f206f: start 2a2b2d62-8637-433f-be3f-60f9dc9f206f@group-0D523FA6B420-LeaderStateImpl
2023-06-07 07:11:02,840 [2a2b2d62-8637-433f-be3f-60f9dc9f206f@group-0D523FA6B420-LeaderElection29] INFO  segmented.SegmentedRaftLogWorker (SegmentedRaftLogWorker.java:startLogSegment(447)) - 2a2b2d62-8637-433f-be3f-60f9dc9f206f@group-0D523FA6B420-SegmentedRaftLogWorker: Starting segment from index:0
2023-06-07 07:11:02,841 [2a2b2d62-8637-433f-be3f-60f9dc9f206f@group-0D523FA6B420-LeaderElection29] INFO  server.RaftServer$Division (ServerState.java:setRaftConf(434)) - 2a2b2d62-8637-433f-be3f-60f9dc9f206f@group-0D523FA6B420: set configuration 0: peers:[2a2b2d62-8637-433f-be3f-60f9dc9f206f|rpc:10.1.0.31:15131|admin:10.1.0.31:15130|client:10.1.0.31:15129|dataStream:10.1.0.31:15132|priority:1|startupRole:FOLLOWER]|listeners:[], old=null
2023-06-07 07:11:02,842 [2a2b2d62-8637-433f-be3f-60f9dc9f206f@group-0D523FA6B420-SegmentedRaftLogWorker] INFO  segmented.SegmentedRaftLogWorker (SegmentedRaftLogWorker.java:execute(651)) - 2a2b2d62-8637-433f-be3f-60f9dc9f206f@group-0D523FA6B420-SegmentedRaftLogWorker: created new log segment /home/runner/work/ozone/ozone/hadoop-ozone/integration-test/target/test-dir/MiniOzoneClusterImpl-28223e3b-fb3b-4559-a623-43dba3cd33a0/datanode-13/data/ratis/7e161cbf-6de1-446b-bae3-0d523fa6b420/current/log_inprogress_0
2023-06-07 07:11:03,962 [4867cc16-78cf-4276-b1e1-ad4ddd1b82d4@group-1A902B538ACD-FollowerState] INFO  impl.FollowerState (FollowerState.java:run(143)) - 4867cc16-78cf-4276-b1e1-ad4ddd1b82d4@group-1A902B538ACD-FollowerState: change to CANDIDATE, lastRpcElapsedTime:10810612068ns, electionTimeout:5138ms
2023-06-07 07:11:03,962 [4867cc16-78cf-4276-b1e1-ad4ddd1b82d4@group-1A902B538ACD-FollowerState] INFO  impl.RoleInfo (RoleInfo.java:shutdownFollowerState(110)) - 4867cc16-78cf-4276-b1e1-ad4ddd1b82d4: shutdown 4867cc16-78cf-4276-b1e1-ad4ddd1b82d4@group-1A902B538ACD-FollowerState
2023-06-07 07:11:03,962 [4867cc16-78cf-4276-b1e1-ad4ddd1b82d4@group-1A902B538ACD-FollowerState] INFO  server.RaftServer$Division (RaftServerImpl.java:setRole(329)) - 4867cc16-78cf-4276-b1e1-ad4ddd1b82d4@group-1A902B538ACD: changes role from  FOLLOWER to CANDIDATE at term 0 for changeToCandidate
2023-06-07 07:11:03,962 [4867cc16-78cf-4276-b1e1-ad4ddd1b82d4@group-1A902B538ACD-FollowerState] INFO  server.RaftServerConfigKeys (ConfUtils.java:logGet(46)) - raft.server.leaderelection.pre-vote = true (default)
2023-06-07 07:11:03,962 [4867cc16-78cf-4276-b1e1-ad4ddd1b82d4@group-1A902B538ACD-FollowerState] INFO  impl.RoleInfo (RoleInfo.java:updateAndGet(139)) - 4867cc16-78cf-4276-b1e1-ad4ddd1b82d4: start 4867cc16-78cf-4276-b1e1-ad4ddd1b82d4@group-1A902B538ACD-LeaderElection30
2023-06-07 07:11:03,971 [4867cc16-78cf-4276-b1e1-ad4ddd1b82d4@group-1A902B538ACD-LeaderElection30] INFO  impl.LeaderElection (LeaderElection.java:askForVotes(321)) - 4867cc16-78cf-4276-b1e1-ad4ddd1b82d4@group-1A902B538ACD-LeaderElection30 PRE_VOTE round 0: submit vote requests at term 0 for -1: peers:[4867cc16-78cf-4276-b1e1-ad4ddd1b82d4|rpc:10.1.0.31:15041|admin:10.1.0.31:15040|client:10.1.0.31:15039|dataStream:10.1.0.31:15042|priority:1|startupRole:FOLLOWER]|listeners:[], old=null
2023-06-07 07:11:03,971 [4867cc16-78cf-4276-b1e1-ad4ddd1b82d4@group-1A902B538ACD-LeaderElection30] INFO  impl.LeaderElection (LeaderElection.java:askForVotes(323)) - 4867cc16-78cf-4276-b1e1-ad4ddd1b82d4@group-1A902B538ACD-LeaderElection30 PRE_VOTE round 0: result PASSED (term=0)
2023-06-07 07:11:03,974 [4867cc16-78cf-4276-b1e1-ad4ddd1b82d4@group-1A902B538ACD-LeaderElection30] INFO  impl.LeaderElection (LeaderElection.java:askForVotes(321)) - 4867cc16-78cf-4276-b1e1-ad4ddd1b82d4@group-1A902B538ACD-LeaderElection30 ELECTION round 0: submit vote requests at term 1 for -1: peers:[4867cc16-78cf-4276-b1e1-ad4ddd1b82d4|rpc:10.1.0.31:15041|admin:10.1.0.31:15040|client:10.1.0.31:15039|dataStream:10.1.0.31:15042|priority:1|startupRole:FOLLOWER]|listeners:[], old=null
2023-06-07 07:11:03,974 [4867cc16-78cf-4276-b1e1-ad4ddd1b82d4@group-1A902B538ACD-LeaderElection30] INFO  impl.LeaderElection (LeaderElection.java:askForVotes(323)) - 4867cc16-78cf-4276-b1e1-ad4ddd1b82d4@group-1A902B538ACD-LeaderElection30 ELECTION round 0: result PASSED (term=1)
2023-06-07 07:11:03,974 [4867cc16-78cf-4276-b1e1-ad4ddd1b82d4@group-1A902B538ACD-LeaderElection30] INFO  impl.RoleInfo (RoleInfo.java:shutdownLeaderElection(130)) - 4867cc16-78cf-4276-b1e1-ad4ddd1b82d4: shutdown 4867cc16-78cf-4276-b1e1-ad4ddd1b82d4@group-1A902B538ACD-LeaderElection30
2023-06-07 07:11:03,975 [4867cc16-78cf-4276-b1e1-ad4ddd1b82d4@group-1A902B538ACD-LeaderElection30] INFO  server.RaftServer$Division (RaftServerImpl.java:setRole(329)) - 4867cc16-78cf-4276-b1e1-ad4ddd1b82d4@group-1A902B538ACD: changes role from CANDIDATE to LEADER at term 1 for changeToLeader
2023-06-07 07:11:03,975 [4867cc16-78cf-4276-b1e1-ad4ddd1b82d4@group-1A902B538ACD-LeaderElection30] INFO  ratis.XceiverServerRatis (XceiverServerRatis.java:handleLeaderChangedNotification(902)) - Leader change notification received for group: group-1A902B538ACD with new leaderId: 4867cc16-78cf-4276-b1e1-ad4ddd1b82d4
2023-06-07 07:11:03,975 [4867cc16-78cf-4276-b1e1-ad4ddd1b82d4@group-1A902B538ACD-LeaderElection30] INFO  server.RaftServer$Division (ServerState.java:setLeader(317)) - 4867cc16-78cf-4276-b1e1-ad4ddd1b82d4@group-1A902B538ACD: change Leader from null to 4867cc16-78cf-4276-b1e1-ad4ddd1b82d4 at term 1 for becomeLeader, leader elected after 10886ms
2023-06-07 07:11:03,975 [4867cc16-78cf-4276-b1e1-ad4ddd1b82d4@group-1A902B538ACD-LeaderElection30] INFO  server.RaftServerConfigKeys (ConfUtils.java:logGet(46)) - raft.server.staging.catchup.gap = 1000 (default)
2023-06-07 07:11:03,975 [4867cc16-78cf-4276-b1e1-ad4ddd1b82d4@group-1A902B538ACD-LeaderElection30] INFO  server.RaftServerConfigKeys (ConfUtils.java:logGet(46)) - raft.server.write.element-limit = 1024 (custom)
2023-06-07 07:11:03,976 [4867cc16-78cf-4276-b1e1-ad4ddd1b82d4@group-1A902B538ACD-LeaderElection30] INFO  server.RaftServerConfigKeys (ConfUtils.java:logGet(46)) - raft.server.write.byte-limit = 1024 M (=1073741824) (custom)
2023-06-07 07:11:03,976 [4867cc16-78cf-4276-b1e1-ad4ddd1b82d4@group-1A902B538ACD-LeaderElection30] INFO  server.RaftServerConfigKeys (ConfUtils.java:logGet(46)) - raft.server.watch.timeout = 180s (custom)
2023-06-07 07:11:03,976 [4867cc16-78cf-4276-b1e1-ad4ddd1b82d4@group-1A902B538ACD-LeaderElection30] INFO  server.RaftServerConfigKeys (ConfUtils.java:logGet(46)) - raft.server.watch.timeout.denomination = 1s (default)
2023-06-07 07:11:03,976 [4867cc16-78cf-4276-b1e1-ad4ddd1b82d4@group-1A902B538ACD-LeaderElection30] INFO  server.RaftServerConfigKeys (ConfUtils.java:logGet(46)) - raft.server.watch.element-limit = 65536 (default)
2023-06-07 07:11:03,976 [4867cc16-78cf-4276-b1e1-ad4ddd1b82d4@group-1A902B538ACD-LeaderElection30] INFO  server.RaftServerConfigKeys (ConfUtils.java:logGet(46)) - raft.server.write.element-limit = 1024 (custom)
2023-06-07 07:11:03,976 [4867cc16-78cf-4276-b1e1-ad4ddd1b82d4@group-1A902B538ACD-LeaderElection30] INFO  server.RaftServerConfigKeys (ConfUtils.java:logGet(46)) - raft.server.write.follower.gap.ratio.max = -1.0 (default)
2023-06-07 07:11:03,976 [4867cc16-78cf-4276-b1e1-ad4ddd1b82d4@group-1A902B538ACD-LeaderElection30] INFO  impl.RoleInfo (RoleInfo.java:updateAndGet(139)) - 4867cc16-78cf-4276-b1e1-ad4ddd1b82d4: start 4867cc16-78cf-4276-b1e1-ad4ddd1b82d4@group-1A902B538ACD-LeaderStateImpl
2023-06-07 07:11:03,977 [4867cc16-78cf-4276-b1e1-ad4ddd1b82d4@group-1A902B538ACD-LeaderElection30] INFO  segmented.SegmentedRaftLogWorker (SegmentedRaftLogWorker.java:startLogSegment(447)) - 4867cc16-78cf-4276-b1e1-ad4ddd1b82d4@group-1A902B538ACD-SegmentedRaftLogWorker: Starting segment from index:0
2023-06-07 07:11:03,978 [4867cc16-78cf-4276-b1e1-ad4ddd1b82d4@group-1A902B538ACD-LeaderElection30] INFO  server.RaftServer$Division (ServerState.java:setRaftConf(434)) - 4867cc16-78cf-4276-b1e1-ad4ddd1b82d4@group-1A902B538ACD: set configuration 0: peers:[4867cc16-78cf-4276-b1e1-ad4ddd1b82d4|rpc:10.1.0.31:15041|admin:10.1.0.31:15040|client:10.1.0.31:15039|dataStream:10.1.0.31:15042|priority:1|startupRole:FOLLOWER]|listeners:[], old=null
2023-06-07 07:11:03,978 [4867cc16-78cf-4276-b1e1-ad4ddd1b82d4@group-1A902B538ACD-SegmentedRaftLogWorker] INFO  segmented.SegmentedRaftLogWorker (SegmentedRaftLogWorker.java:execute(651)) - 4867cc16-78cf-4276-b1e1-ad4ddd1b82d4@group-1A902B538ACD-SegmentedRaftLogWorker: created new log segment /home/runner/work/ozone/ozone/hadoop-ozone/integration-test/target/test-dir/MiniOzoneClusterImpl-28223e3b-fb3b-4559-a623-43dba3cd33a0/datanode-3/data/ratis/1526e63b-1c4a-438b-bdcc-1a902b538acd/current/log_inprogress_0
]]></system-out>
  </testcase>
  <testcase name="bucketUsedBytesOverWrite(BucketLayout)[2]" classname="org.apache.hadoop.ozone.client.rpc.TestSecureOzoneRpcClient" time="0.217">
    <system-out><![CDATA[2023-06-07 07:11:11,219 [main] INFO  rpc.RpcClient (RpcClient.java:createVolume(459)) - Creating Volume: 3647ab74-530a-424c-b6bd-d2825001ccfe, with runner as owner and space quota set to -1 bytes, counts quota set to -1
2023-06-07 07:11:11,225 [OM StateMachine ApplyTransaction Thread - 0] INFO  volume.OMVolumeCreateRequest (OMVolumeCreateRequest.java:validateAndUpdateCache(196)) - created volume:3647ab74-530a-424c-b6bd-d2825001ccfe for user:runner
2023-06-07 07:11:11,229 [main] INFO  rpc.RpcClient (RpcClient.java:createBucket(686)) - Creating Bucket: 3647ab74-530a-424c-b6bd-d2825001ccfe/6981e2a8-de1d-44e2-8448-688538ab256f, with bucket layout LEGACY, runner as owner, Versioning true, Storage Type set to DISK and Encryption set to false, Replication Type set to server-side default replication type, Namespace Quota set to -1, Space Quota set to -1 
2023-06-07 07:11:11,233 [OM StateMachine ApplyTransaction Thread - 0] INFO  bucket.OMBucketCreateRequest (OMBucketCreateRequest.java:validateAndUpdateCache(270)) - created bucket: 6981e2a8-de1d-44e2-8448-688538ab256f of layout LEGACY in volume: 3647ab74-530a-424c-b6bd-d2825001ccfe
]]></system-out>
  </testcase>
  <testcase name="bucketUsedBytesOverWrite(BucketLayout)[3]" classname="org.apache.hadoop.ozone.client.rpc.TestSecureOzoneRpcClient" time="0.198">
    <system-out><![CDATA[2023-06-07 07:11:11,438 [main] INFO  rpc.RpcClient (RpcClient.java:createVolume(459)) - Creating Volume: b8e0b4e2-24e8-40da-a7cd-4c88529cb957, with runner as owner and space quota set to -1 bytes, counts quota set to -1
2023-06-07 07:11:11,442 [OM StateMachine ApplyTransaction Thread - 0] INFO  volume.OMVolumeCreateRequest (OMVolumeCreateRequest.java:validateAndUpdateCache(196)) - created volume:b8e0b4e2-24e8-40da-a7cd-4c88529cb957 for user:runner
2023-06-07 07:11:11,444 [main] INFO  rpc.RpcClient (RpcClient.java:createBucket(686)) - Creating Bucket: b8e0b4e2-24e8-40da-a7cd-4c88529cb957/62895ff4-d8ee-4719-ae86-4570b675f782, with bucket layout FILE_SYSTEM_OPTIMIZED, runner as owner, Versioning true, Storage Type set to DISK and Encryption set to false, Replication Type set to server-side default replication type, Namespace Quota set to -1, Space Quota set to -1 
2023-06-07 07:11:11,448 [OM StateMachine ApplyTransaction Thread - 0] INFO  bucket.OMBucketCreateRequest (OMBucketCreateRequest.java:validateAndUpdateCache(270)) - created bucket: 62895ff4-d8ee-4719-ae86-4570b675f782 of layout FILE_SYSTEM_OPTIMIZED in volume: b8e0b4e2-24e8-40da-a7cd-4c88529cb957
]]></system-out>
  </testcase>
  <testcase name="testAbortUploadFail" classname="org.apache.hadoop.ozone.client.rpc.TestSecureOzoneRpcClient" time="0.052">
    <system-out><![CDATA[2023-06-07 07:11:11,638 [main] INFO  rpc.RpcClient (RpcClient.java:createVolume(459)) - Creating Volume: 4d5eb391-bd34-4f2f-a9d0-45b70ae0caad, with runner as owner and space quota set to -1 bytes, counts quota set to -1
2023-06-07 07:11:11,642 [OM StateMachine ApplyTransaction Thread - 0] INFO  volume.OMVolumeCreateRequest (OMVolumeCreateRequest.java:validateAndUpdateCache(196)) - created volume:4d5eb391-bd34-4f2f-a9d0-45b70ae0caad for user:runner
2023-06-07 07:11:11,645 [main] INFO  rpc.RpcClient (RpcClient.java:createBucket(686)) - Creating Bucket: 4d5eb391-bd34-4f2f-a9d0-45b70ae0caad/63cf254a-670d-4e36-9094-957f80b590fb, with server-side default bucket layout, runner as owner, Versioning false, Storage Type set to DISK and Encryption set to false, Replication Type set to server-side default replication type, Namespace Quota set to -1, Space Quota set to -1 
2023-06-07 07:11:11,649 [OM StateMachine ApplyTransaction Thread - 0] INFO  bucket.OMBucketCreateRequest (OMBucketCreateRequest.java:validateAndUpdateCache(270)) - created bucket: 63cf254a-670d-4e36-9094-957f80b590fb of layout OBJECT_STORE in volume: 4d5eb391-bd34-4f2f-a9d0-45b70ae0caad
07:11:11.670 [OM StateMachine ApplyTransaction Thread - 0] ERROR OMAudit - user=runner | ip=127.0.0.1 | op=ABORT_MULTIPART_UPLOAD {volume=4d5eb391-bd34-4f2f-a9d0-45b70ae0caad, bucket=63cf254a-670d-4e36-9094-957f80b590fb, key=1bf7f873-3a6e-41c9-8048-957ba40abb28, dataSize=0, replicationType=NONE, replicationFactor=ZERO} | ret=FAILURE
org.apache.hadoop.ozone.om.exceptions.OMException: Abort Multipart Upload Failed: volume: 4d5eb391-bd34-4f2f-a9d0-45b70ae0caadbucket: 63cf254a-670d-4e36-9094-957f80b590fbkey: 1bf7f873-3a6e-41c9-8048-957ba40abb28
	at org.apache.hadoop.ozone.om.request.s3.multipart.S3MultipartUploadAbortRequest.validateAndUpdateCache(S3MultipartUploadAbortRequest.java:159) ~[ozone-manager-1.4.0-SNAPSHOT.jar:?]
	at org.apache.hadoop.ozone.protocolPB.OzoneManagerRequestHandler.handleWriteRequest(OzoneManagerRequestHandler.java:338) ~[ozone-manager-1.4.0-SNAPSHOT.jar:?]
	at org.apache.hadoop.ozone.om.ratis.OzoneManagerStateMachine.runCommand(OzoneManagerStateMachine.java:567) ~[ozone-manager-1.4.0-SNAPSHOT.jar:?]
	at org.apache.hadoop.ozone.om.ratis.OzoneManagerStateMachine.lambda$1(OzoneManagerStateMachine.java:358) ~[ozone-manager-1.4.0-SNAPSHOT.jar:?]
	at java.util.concurrent.CompletableFuture$AsyncSupply.run(CompletableFuture.java:1604) [?:1.8.0_372]
	at java.util.concurrent.ThreadPoolExecutor.runWorker(ThreadPoolExecutor.java:1149) [?:1.8.0_372]
	at java.util.concurrent.ThreadPoolExecutor$Worker.run(ThreadPoolExecutor.java:624) [?:1.8.0_372]
	at java.lang.Thread.run(Thread.java:750) [?:1.8.0_372]
2023-06-07 07:11:11,687 [OM StateMachine ApplyTransaction Thread - 0] ERROR multipart.S3MultipartUploadAbortRequest (S3MultipartUploadAbortRequest.java:validateAndUpdateCache(218)) - Abort Multipart request is failed for KeyName 1bf7f873-3a6e-41c9-8048-957ba40abb28 in VolumeName/Bucket 4d5eb391-bd34-4f2f-a9d0-45b70ae0caad/63cf254a-670d-4e36-9094-957f80b590fb
NO_SUCH_MULTIPART_UPLOAD_ERROR org.apache.hadoop.ozone.om.exceptions.OMException: Abort Multipart Upload Failed: volume: 4d5eb391-bd34-4f2f-a9d0-45b70ae0caadbucket: 63cf254a-670d-4e36-9094-957f80b590fbkey: 1bf7f873-3a6e-41c9-8048-957ba40abb28
	at org.apache.hadoop.ozone.om.request.s3.multipart.S3MultipartUploadAbortRequest.validateAndUpdateCache(S3MultipartUploadAbortRequest.java:159)
	at org.apache.hadoop.ozone.protocolPB.OzoneManagerRequestHandler.handleWriteRequest(OzoneManagerRequestHandler.java:338)
	at org.apache.hadoop.ozone.om.ratis.OzoneManagerStateMachine.runCommand(OzoneManagerStateMachine.java:567)
	at org.apache.hadoop.ozone.om.ratis.OzoneManagerStateMachine.lambda$1(OzoneManagerStateMachine.java:358)
	at java.util.concurrent.CompletableFuture$AsyncSupply.run(CompletableFuture.java:1604)
	at java.util.concurrent.ThreadPoolExecutor.runWorker(ThreadPoolExecutor.java:1149)
	at java.util.concurrent.ThreadPoolExecutor$Worker.run(ThreadPoolExecutor.java:624)
	at java.lang.Thread.run(Thread.java:750)
]]></system-out>
  </testcase>
  <testcase name="testAbortUploadFailWithInProgressPartUpload" classname="org.apache.hadoop.ozone.client.rpc.TestSecureOzoneRpcClient" time="0.154">
    <system-out><![CDATA[2023-06-07 07:11:11,691 [main] INFO  rpc.RpcClient (RpcClient.java:createVolume(459)) - Creating Volume: ec38f1d6-f41a-4ed7-a505-7c769cd66d77, with runner as owner and space quota set to -1 bytes, counts quota set to -1
2023-06-07 07:11:11,697 [OM StateMachine ApplyTransaction Thread - 0] INFO  volume.OMVolumeCreateRequest (OMVolumeCreateRequest.java:validateAndUpdateCache(196)) - created volume:ec38f1d6-f41a-4ed7-a505-7c769cd66d77 for user:runner
2023-06-07 07:11:11,701 [main] INFO  rpc.RpcClient (RpcClient.java:createBucket(686)) - Creating Bucket: ec38f1d6-f41a-4ed7-a505-7c769cd66d77/8dcdf362-463e-46df-bbac-15fb93e9b9a7, with server-side default bucket layout, runner as owner, Versioning false, Storage Type set to DISK and Encryption set to false, Replication Type set to server-side default replication type, Namespace Quota set to -1, Space Quota set to -1 
2023-06-07 07:11:11,708 [OM StateMachine ApplyTransaction Thread - 0] INFO  bucket.OMBucketCreateRequest (OMBucketCreateRequest.java:validateAndUpdateCache(270)) - created bucket: 8dcdf362-463e-46df-bbac-15fb93e9b9a7 of layout OBJECT_STORE in volume: ec38f1d6-f41a-4ed7-a505-7c769cd66d77
07:11:11.842 [OM StateMachine ApplyTransaction Thread - 0] ERROR OMAudit - user=runner | ip=127.0.0.1 | op=COMMIT_MULTIPART_UPLOAD_PARTKEY {volume=ec38f1d6-f41a-4ed7-a505-7c769cd66d77, bucket=8dcdf362-463e-46df-bbac-15fb93e9b9a7, key=78d26c0a-39d5-4f23-a1a2-a9f96d7dad87, dataSize=4, replicationType=NONE, replicationFactor=ZERO, partNumber=1, partName=/ec38f1d6-f41a-4ed7-a505-7c769cd66d77/8dcdf362-463e-46df-bbac-15fb93e9b9a7/78d26c0a-39d5-4f23-a1a2-a9f96d7dad87-026b37d6-b762-4a93-b92f-998e037b4da1-110501682984976391-1} | ret=FAILURE
org.apache.hadoop.ozone.om.exceptions.OMException: No such Multipart upload is with specified uploadId 026b37d6-b762-4a93-b92f-998e037b4da1-110501682984976391
	at org.apache.hadoop.ozone.om.request.s3.multipart.S3MultipartUploadCommitPartRequest.validateAndUpdateCache(S3MultipartUploadCommitPartRequest.java:188) ~[ozone-manager-1.4.0-SNAPSHOT.jar:?]
	at org.apache.hadoop.ozone.protocolPB.OzoneManagerRequestHandler.handleWriteRequest(OzoneManagerRequestHandler.java:338) ~[ozone-manager-1.4.0-SNAPSHOT.jar:?]
	at org.apache.hadoop.ozone.om.ratis.OzoneManagerStateMachine.runCommand(OzoneManagerStateMachine.java:567) ~[ozone-manager-1.4.0-SNAPSHOT.jar:?]
	at org.apache.hadoop.ozone.om.ratis.OzoneManagerStateMachine.lambda$1(OzoneManagerStateMachine.java:358) ~[ozone-manager-1.4.0-SNAPSHOT.jar:?]
	at java.util.concurrent.CompletableFuture$AsyncSupply.run(CompletableFuture.java:1604) [?:1.8.0_372]
	at java.util.concurrent.ThreadPoolExecutor.runWorker(ThreadPoolExecutor.java:1149) [?:1.8.0_372]
	at java.util.concurrent.ThreadPoolExecutor$Worker.run(ThreadPoolExecutor.java:624) [?:1.8.0_372]
	at java.lang.Thread.run(Thread.java:750) [?:1.8.0_372]
2023-06-07 07:11:11,843 [OM StateMachine ApplyTransaction Thread - 0] ERROR multipart.S3MultipartUploadCommitPartRequest (S3MultipartUploadCommitPartRequest.java:logResult(327)) - MultipartUpload Commit is failed for Key:78d26c0a-39d5-4f23-a1a2-a9f96d7dad87 in Volume/Bucket ec38f1d6-f41a-4ed7-a505-7c769cd66d77/8dcdf362-463e-46df-bbac-15fb93e9b9a7
NO_SUCH_MULTIPART_UPLOAD_ERROR org.apache.hadoop.ozone.om.exceptions.OMException: No such Multipart upload is with specified uploadId 026b37d6-b762-4a93-b92f-998e037b4da1-110501682984976391
	at org.apache.hadoop.ozone.om.request.s3.multipart.S3MultipartUploadCommitPartRequest.validateAndUpdateCache(S3MultipartUploadCommitPartRequest.java:188)
	at org.apache.hadoop.ozone.protocolPB.OzoneManagerRequestHandler.handleWriteRequest(OzoneManagerRequestHandler.java:338)
	at org.apache.hadoop.ozone.om.ratis.OzoneManagerStateMachine.runCommand(OzoneManagerStateMachine.java:567)
	at org.apache.hadoop.ozone.om.ratis.OzoneManagerStateMachine.lambda$1(OzoneManagerStateMachine.java:358)
	at java.util.concurrent.CompletableFuture$AsyncSupply.run(CompletableFuture.java:1604)
	at java.util.concurrent.ThreadPoolExecutor.runWorker(ThreadPoolExecutor.java:1149)
	at java.util.concurrent.ThreadPoolExecutor$Worker.run(ThreadPoolExecutor.java:624)
	at java.lang.Thread.run(Thread.java:750)
]]></system-out>
  </testcase>
  <testcase name="testAbortUploadSuccessWithOutAnyParts" classname="org.apache.hadoop.ozone.client.rpc.TestSecureOzoneRpcClient" time="0.024">
    <system-out><![CDATA[2023-06-07 07:11:11,846 [main] INFO  rpc.RpcClient (RpcClient.java:createVolume(459)) - Creating Volume: b0e88743-1d29-4082-84ed-fb329085b010, with runner as owner and space quota set to -1 bytes, counts quota set to -1
2023-06-07 07:11:11,850 [OM StateMachine ApplyTransaction Thread - 0] INFO  volume.OMVolumeCreateRequest (OMVolumeCreateRequest.java:validateAndUpdateCache(196)) - created volume:b0e88743-1d29-4082-84ed-fb329085b010 for user:runner
2023-06-07 07:11:11,853 [main] INFO  rpc.RpcClient (RpcClient.java:createBucket(686)) - Creating Bucket: b0e88743-1d29-4082-84ed-fb329085b010/776be268-b549-43e7-bdea-34afca7b63d6, with server-side default bucket layout, runner as owner, Versioning false, Storage Type set to DISK and Encryption set to false, Replication Type set to server-side default replication type, Namespace Quota set to -1, Space Quota set to -1 
2023-06-07 07:11:11,856 [OM StateMachine ApplyTransaction Thread - 0] INFO  bucket.OMBucketCreateRequest (OMBucketCreateRequest.java:validateAndUpdateCache(270)) - created bucket: 776be268-b549-43e7-bdea-34afca7b63d6 of layout OBJECT_STORE in volume: b0e88743-1d29-4082-84ed-fb329085b010
]]></system-out>
  </testcase>
  <testcase name="testAbortUploadSuccessWithParts" classname="org.apache.hadoop.ozone.client.rpc.TestSecureOzoneRpcClient" time="0.133">
    <system-out><![CDATA[2023-06-07 07:11:11,871 [main] INFO  rpc.RpcClient (RpcClient.java:createVolume(459)) - Creating Volume: db46839d-a084-4d34-8b44-84df535a1537, with runner as owner and space quota set to -1 bytes, counts quota set to -1
2023-06-07 07:11:11,876 [OM StateMachine ApplyTransaction Thread - 0] INFO  volume.OMVolumeCreateRequest (OMVolumeCreateRequest.java:validateAndUpdateCache(196)) - created volume:db46839d-a084-4d34-8b44-84df535a1537 for user:runner
2023-06-07 07:11:11,879 [main] INFO  rpc.RpcClient (RpcClient.java:createBucket(686)) - Creating Bucket: db46839d-a084-4d34-8b44-84df535a1537/b327c11e-79fa-4699-9c18-a3089b350e24, with server-side default bucket layout, runner as owner, Versioning false, Storage Type set to DISK and Encryption set to false, Replication Type set to server-side default replication type, Namespace Quota set to -1, Space Quota set to -1 
2023-06-07 07:11:11,883 [OM StateMachine ApplyTransaction Thread - 0] INFO  bucket.OMBucketCreateRequest (OMBucketCreateRequest.java:validateAndUpdateCache(270)) - created bucket: b327c11e-79fa-4699-9c18-a3089b350e24 of layout OBJECT_STORE in volume: db46839d-a084-4d34-8b44-84df535a1537
]]></system-out>
  </testcase>
  <testcase name="testAclsAfterCallingSetBucketProperty" classname="org.apache.hadoop.ozone.client.rpc.TestSecureOzoneRpcClient" time="0.049">
    <system-out><![CDATA[2023-06-07 07:11:12,004 [main] INFO  rpc.RpcClient (RpcClient.java:createVolume(459)) - Creating Volume: a8840cbb-acb0-4ad7-94ef-2c56eca2eac1, with runner as owner and space quota set to -1 bytes, counts quota set to -1
2023-06-07 07:11:12,008 [OM StateMachine ApplyTransaction Thread - 0] INFO  volume.OMVolumeCreateRequest (OMVolumeCreateRequest.java:validateAndUpdateCache(196)) - created volume:a8840cbb-acb0-4ad7-94ef-2c56eca2eac1 for user:runner
2023-06-07 07:11:12,010 [main] INFO  rpc.RpcClient (RpcClient.java:createBucket(686)) - Creating Bucket: a8840cbb-acb0-4ad7-94ef-2c56eca2eac1/b9752619-8362-4689-ab00-98d4a815a22f, with server-side default bucket layout, runner as owner, Versioning false, Storage Type set to DISK and Encryption set to false, Replication Type set to server-side default replication type, Namespace Quota set to -1, Space Quota set to -1 
2023-06-07 07:11:12,018 [OM StateMachine ApplyTransaction Thread - 0] INFO  bucket.OMBucketCreateRequest (OMBucketCreateRequest.java:validateAndUpdateCache(270)) - created bucket: b9752619-8362-4689-ab00-98d4a815a22f of layout OBJECT_STORE in volume: a8840cbb-acb0-4ad7-94ef-2c56eca2eac1
]]></system-out>
  </testcase>
  <testcase name="testAddBucketAcl" classname="org.apache.hadoop.ozone.client.rpc.TestSecureOzoneRpcClient" time="0.037">
    <system-out><![CDATA[2023-06-07 07:11:12,058 [main] INFO  rpc.RpcClient (RpcClient.java:createVolume(459)) - Creating Volume: f32587fd-a204-4861-a7b8-7fe091fb73f9, with runner as owner and space quota set to -1 bytes, counts quota set to -1
2023-06-07 07:11:12,063 [OM StateMachine ApplyTransaction Thread - 0] INFO  volume.OMVolumeCreateRequest (OMVolumeCreateRequest.java:validateAndUpdateCache(196)) - created volume:f32587fd-a204-4861-a7b8-7fe091fb73f9 for user:runner
2023-06-07 07:11:12,066 [main] INFO  rpc.RpcClient (RpcClient.java:createBucket(686)) - Creating Bucket: f32587fd-a204-4861-a7b8-7fe091fb73f9/916c661c-e48e-40fc-bacb-0d162ded1f6f, with server-side default bucket layout, runner as owner, Versioning false, Storage Type set to DISK and Encryption set to false, Replication Type set to server-side default replication type, Namespace Quota set to -1, Space Quota set to -1 
2023-06-07 07:11:12,069 [OM StateMachine ApplyTransaction Thread - 0] INFO  bucket.OMBucketCreateRequest (OMBucketCreateRequest.java:validateAndUpdateCache(270)) - created bucket: 916c661c-e48e-40fc-bacb-0d162ded1f6f of layout OBJECT_STORE in volume: f32587fd-a204-4861-a7b8-7fe091fb73f9
]]></system-out>
  </testcase>
  <testcase name="testBucketQuota(ReplicationConfig)[1]" classname="org.apache.hadoop.ozone.client.rpc.TestSecureOzoneRpcClient" time="1.158">
    <system-out><![CDATA[2023-06-07 07:11:12,096 [main] INFO  rpc.RpcClient (RpcClient.java:createVolume(459)) - Creating Volume: 77b82905-b13e-4495-90e2-9f672074b312, with runner as owner and space quota set to -1 bytes, counts quota set to -1
2023-06-07 07:11:12,101 [OM StateMachine ApplyTransaction Thread - 0] INFO  volume.OMVolumeCreateRequest (OMVolumeCreateRequest.java:validateAndUpdateCache(196)) - created volume:77b82905-b13e-4495-90e2-9f672074b312 for user:runner
2023-06-07 07:11:12,104 [main] INFO  rpc.RpcClient (RpcClient.java:createBucket(686)) - Creating Bucket: 77b82905-b13e-4495-90e2-9f672074b312/1023e88b-2b68-4c0c-a7f1-3bc9bfa6fb24, with server-side default bucket layout, runner as owner, Versioning false, Storage Type set to DISK and Encryption set to false, Replication Type set to server-side default replication type, Namespace Quota set to -1, Space Quota set to -1 
2023-06-07 07:11:12,108 [OM StateMachine ApplyTransaction Thread - 0] INFO  bucket.OMBucketCreateRequest (OMBucketCreateRequest.java:validateAndUpdateCache(270)) - created bucket: 1023e88b-2b68-4c0c-a7f1-3bc9bfa6fb24 of layout OBJECT_STORE in volume: 77b82905-b13e-4495-90e2-9f672074b312
2023-06-07 07:11:12,185 [main] INFO  rpc.RpcClient (RpcClient.java:createVolume(459)) - Creating Volume: 309d686d-a622-4edb-b95d-32909278352e, with runner as owner and space quota set to -1 bytes, counts quota set to -1
2023-06-07 07:11:12,188 [OM StateMachine ApplyTransaction Thread - 0] INFO  volume.OMVolumeCreateRequest (OMVolumeCreateRequest.java:validateAndUpdateCache(196)) - created volume:309d686d-a622-4edb-b95d-32909278352e for user:runner
2023-06-07 07:11:12,191 [main] INFO  rpc.RpcClient (RpcClient.java:createBucket(686)) - Creating Bucket: 309d686d-a622-4edb-b95d-32909278352e/7f9f01a6-d069-494e-a7f0-00a63f9a678e, with server-side default bucket layout, runner as owner, Versioning false, Storage Type set to DISK and Encryption set to false, Replication Type set to server-side default replication type, Namespace Quota set to -1, Space Quota set to -1 
2023-06-07 07:11:12,195 [OM StateMachine ApplyTransaction Thread - 0] INFO  bucket.OMBucketCreateRequest (OMBucketCreateRequest.java:validateAndUpdateCache(270)) - created bucket: 7f9f01a6-d069-494e-a7f0-00a63f9a678e of layout OBJECT_STORE in volume: 309d686d-a622-4edb-b95d-32909278352e
2023-06-07 07:11:12,364 [main] INFO  rpc.RpcClient (RpcClient.java:createVolume(459)) - Creating Volume: da8c6174-4b8a-46a3-9316-c7c50295c7e7, with runner as owner and space quota set to -1 bytes, counts quota set to -1
2023-06-07 07:11:12,368 [OM StateMachine ApplyTransaction Thread - 0] INFO  volume.OMVolumeCreateRequest (OMVolumeCreateRequest.java:validateAndUpdateCache(196)) - created volume:da8c6174-4b8a-46a3-9316-c7c50295c7e7 for user:runner
2023-06-07 07:11:12,372 [main] INFO  rpc.RpcClient (RpcClient.java:createBucket(686)) - Creating Bucket: da8c6174-4b8a-46a3-9316-c7c50295c7e7/c69e1d43-7138-4867-8af0-401873ef541b, with server-side default bucket layout, runner as owner, Versioning false, Storage Type set to DISK and Encryption set to false, Replication Type set to server-side default replication type, Namespace Quota set to -1, Space Quota set to -1 
2023-06-07 07:11:12,377 [OM StateMachine ApplyTransaction Thread - 0] INFO  bucket.OMBucketCreateRequest (OMBucketCreateRequest.java:validateAndUpdateCache(270)) - created bucket: c69e1d43-7138-4867-8af0-401873ef541b of layout OBJECT_STORE in volume: da8c6174-4b8a-46a3-9316-c7c50295c7e7
2023-06-07 07:11:12,683 [main] INFO  rpc.RpcClient (RpcClient.java:createVolume(459)) - Creating Volume: aadf4ebc-8640-49b5-a913-b744d3b51a09, with runner as owner and space quota set to -1 bytes, counts quota set to -1
2023-06-07 07:11:12,688 [OM StateMachine ApplyTransaction Thread - 0] INFO  volume.OMVolumeCreateRequest (OMVolumeCreateRequest.java:validateAndUpdateCache(196)) - created volume:aadf4ebc-8640-49b5-a913-b744d3b51a09 for user:runner
2023-06-07 07:11:12,691 [main] INFO  rpc.RpcClient (RpcClient.java:createBucket(686)) - Creating Bucket: aadf4ebc-8640-49b5-a913-b744d3b51a09/535dfc03-3799-431b-9b11-69113ca45d8e, with server-side default bucket layout, runner as owner, Versioning false, Storage Type set to DISK and Encryption set to false, Replication Type set to server-side default replication type, Namespace Quota set to -1, Space Quota set to -1 
2023-06-07 07:11:12,696 [OM StateMachine ApplyTransaction Thread - 0] INFO  bucket.OMBucketCreateRequest (OMBucketCreateRequest.java:validateAndUpdateCache(270)) - created bucket: 535dfc03-3799-431b-9b11-69113ca45d8e of layout OBJECT_STORE in volume: aadf4ebc-8640-49b5-a913-b744d3b51a09
]]></system-out>
  </testcase>
  <testcase name="testBucketQuota(ReplicationConfig)[2]" classname="org.apache.hadoop.ozone.client.rpc.TestSecureOzoneRpcClient" time="6.791">
    <system-out><![CDATA[2023-06-07 07:11:13,255 [main] INFO  rpc.RpcClient (RpcClient.java:createVolume(459)) - Creating Volume: 4bc3af54-f049-4cde-a6e1-aa35d5fc3835, with runner as owner and space quota set to -1 bytes, counts quota set to -1
2023-06-07 07:11:13,258 [OM StateMachine ApplyTransaction Thread - 0] INFO  volume.OMVolumeCreateRequest (OMVolumeCreateRequest.java:validateAndUpdateCache(196)) - created volume:4bc3af54-f049-4cde-a6e1-aa35d5fc3835 for user:runner
2023-06-07 07:11:13,263 [main] INFO  rpc.RpcClient (RpcClient.java:createBucket(686)) - Creating Bucket: 4bc3af54-f049-4cde-a6e1-aa35d5fc3835/45f5b3ea-be6b-46af-9e1d-a9ebbdee9a1d, with server-side default bucket layout, runner as owner, Versioning false, Storage Type set to DISK and Encryption set to false, Replication Type set to server-side default replication type, Namespace Quota set to -1, Space Quota set to -1 
2023-06-07 07:11:13,266 [OM StateMachine ApplyTransaction Thread - 0] INFO  bucket.OMBucketCreateRequest (OMBucketCreateRequest.java:validateAndUpdateCache(270)) - created bucket: 45f5b3ea-be6b-46af-9e1d-a9ebbdee9a1d of layout OBJECT_STORE in volume: 4bc3af54-f049-4cde-a6e1-aa35d5fc3835
2023-06-07 07:11:13,326 [main] INFO  rpc.RpcClient (RpcClient.java:createVolume(459)) - Creating Volume: 21024490-5f7b-4339-82ca-dc8944f67cbd, with runner as owner and space quota set to -1 bytes, counts quota set to -1
2023-06-07 07:11:13,331 [OM StateMachine ApplyTransaction Thread - 0] INFO  volume.OMVolumeCreateRequest (OMVolumeCreateRequest.java:validateAndUpdateCache(196)) - created volume:21024490-5f7b-4339-82ca-dc8944f67cbd for user:runner
2023-06-07 07:11:13,333 [main] INFO  rpc.RpcClient (RpcClient.java:createBucket(686)) - Creating Bucket: 21024490-5f7b-4339-82ca-dc8944f67cbd/ecf5ec87-4227-40f0-8cfd-21b5cef60759, with server-side default bucket layout, runner as owner, Versioning false, Storage Type set to DISK and Encryption set to false, Replication Type set to server-side default replication type, Namespace Quota set to -1, Space Quota set to -1 
2023-06-07 07:11:13,338 [OM StateMachine ApplyTransaction Thread - 0] INFO  bucket.OMBucketCreateRequest (OMBucketCreateRequest.java:validateAndUpdateCache(270)) - created bucket: ecf5ec87-4227-40f0-8cfd-21b5cef60759 of layout OBJECT_STORE in volume: 21024490-5f7b-4339-82ca-dc8944f67cbd
2023-06-07 07:11:13,610 [main] INFO  rpc.RpcClient (RpcClient.java:createVolume(459)) - Creating Volume: a3e0d7bb-f349-4c33-9561-a5bb349f6968, with runner as owner and space quota set to -1 bytes, counts quota set to -1
2023-06-07 07:11:13,614 [OM StateMachine ApplyTransaction Thread - 0] INFO  volume.OMVolumeCreateRequest (OMVolumeCreateRequest.java:validateAndUpdateCache(196)) - created volume:a3e0d7bb-f349-4c33-9561-a5bb349f6968 for user:runner
2023-06-07 07:11:13,616 [main] INFO  rpc.RpcClient (RpcClient.java:createBucket(686)) - Creating Bucket: a3e0d7bb-f349-4c33-9561-a5bb349f6968/112b4310-ab35-48c1-bcc2-7d4f7d0c853f, with server-side default bucket layout, runner as owner, Versioning false, Storage Type set to DISK and Encryption set to false, Replication Type set to server-side default replication type, Namespace Quota set to -1, Space Quota set to -1 
2023-06-07 07:11:13,620 [OM StateMachine ApplyTransaction Thread - 0] INFO  bucket.OMBucketCreateRequest (OMBucketCreateRequest.java:validateAndUpdateCache(270)) - created bucket: 112b4310-ab35-48c1-bcc2-7d4f7d0c853f of layout OBJECT_STORE in volume: a3e0d7bb-f349-4c33-9561-a5bb349f6968
2023-06-07 07:11:14,278 [main] INFO  rpc.RpcClient (RpcClient.java:createVolume(459)) - Creating Volume: 868442ce-5696-42fe-99b8-a15714b7b4a0, with runner as owner and space quota set to -1 bytes, counts quota set to -1
2023-06-07 07:11:14,281 [OM StateMachine ApplyTransaction Thread - 0] INFO  volume.OMVolumeCreateRequest (OMVolumeCreateRequest.java:validateAndUpdateCache(196)) - created volume:868442ce-5696-42fe-99b8-a15714b7b4a0 for user:runner
2023-06-07 07:11:14,284 [main] INFO  rpc.RpcClient (RpcClient.java:createBucket(686)) - Creating Bucket: 868442ce-5696-42fe-99b8-a15714b7b4a0/50acd586-0cd3-4d5e-9d81-3e6ccc0bffc1, with server-side default bucket layout, runner as owner, Versioning false, Storage Type set to DISK and Encryption set to false, Replication Type set to server-side default replication type, Namespace Quota set to -1, Space Quota set to -1 
2023-06-07 07:11:14,288 [OM StateMachine ApplyTransaction Thread - 0] INFO  bucket.OMBucketCreateRequest (OMBucketCreateRequest.java:validateAndUpdateCache(270)) - created bucket: 50acd586-0cd3-4d5e-9d81-3e6ccc0bffc1 of layout OBJECT_STORE in volume: 868442ce-5696-42fe-99b8-a15714b7b4a0
2023-06-07 07:11:15,033 [main] INFO  rpc.RpcClient (RpcClient.java:createVolume(459)) - Creating Volume: 0e78c001-55ba-4e29-877e-55f8fde8b40c, with runner as owner and space quota set to -1 bytes, counts quota set to -1
2023-06-07 07:11:15,037 [OM StateMachine ApplyTransaction Thread - 0] INFO  volume.OMVolumeCreateRequest (OMVolumeCreateRequest.java:validateAndUpdateCache(196)) - created volume:0e78c001-55ba-4e29-877e-55f8fde8b40c for user:runner
2023-06-07 07:11:15,040 [main] INFO  rpc.RpcClient (RpcClient.java:createBucket(686)) - Creating Bucket: 0e78c001-55ba-4e29-877e-55f8fde8b40c/7f022ee2-b1da-4c68-a381-1c136599a75c, with server-side default bucket layout, runner as owner, Versioning false, Storage Type set to DISK and Encryption set to false, Replication Type set to server-side default replication type, Namespace Quota set to -1, Space Quota set to -1 
2023-06-07 07:11:15,043 [OM StateMachine ApplyTransaction Thread - 0] INFO  bucket.OMBucketCreateRequest (OMBucketCreateRequest.java:validateAndUpdateCache(270)) - created bucket: 7f022ee2-b1da-4c68-a381-1c136599a75c of layout OBJECT_STORE in volume: 0e78c001-55ba-4e29-877e-55f8fde8b40c
2023-06-07 07:11:15,960 [main] INFO  rpc.RpcClient (RpcClient.java:createVolume(459)) - Creating Volume: e94cfa75-151d-4077-b935-6cffe4f93703, with runner as owner and space quota set to -1 bytes, counts quota set to -1
2023-06-07 07:11:15,964 [OM StateMachine ApplyTransaction Thread - 0] INFO  volume.OMVolumeCreateRequest (OMVolumeCreateRequest.java:validateAndUpdateCache(196)) - created volume:e94cfa75-151d-4077-b935-6cffe4f93703 for user:runner
2023-06-07 07:11:15,966 [main] INFO  rpc.RpcClient (RpcClient.java:createBucket(686)) - Creating Bucket: e94cfa75-151d-4077-b935-6cffe4f93703/23f7b5b0-faba-40a3-9d42-7b71a4142129, with server-side default bucket layout, runner as owner, Versioning false, Storage Type set to DISK and Encryption set to false, Replication Type set to server-side default replication type, Namespace Quota set to -1, Space Quota set to -1 
2023-06-07 07:11:15,969 [OM StateMachine ApplyTransaction Thread - 0] INFO  bucket.OMBucketCreateRequest (OMBucketCreateRequest.java:validateAndUpdateCache(270)) - created bucket: 23f7b5b0-faba-40a3-9d42-7b71a4142129 of layout OBJECT_STORE in volume: e94cfa75-151d-4077-b935-6cffe4f93703
2023-06-07 07:11:16,954 [main] INFO  rpc.RpcClient (RpcClient.java:createVolume(459)) - Creating Volume: 9aacc046-6cfb-41ce-88e9-1126837c6bdd, with runner as owner and space quota set to -1 bytes, counts quota set to -1
2023-06-07 07:11:16,957 [OM StateMachine ApplyTransaction Thread - 0] INFO  volume.OMVolumeCreateRequest (OMVolumeCreateRequest.java:validateAndUpdateCache(196)) - created volume:9aacc046-6cfb-41ce-88e9-1126837c6bdd for user:runner
2023-06-07 07:11:16,959 [main] INFO  rpc.RpcClient (RpcClient.java:createBucket(686)) - Creating Bucket: 9aacc046-6cfb-41ce-88e9-1126837c6bdd/a66b5d3c-b9be-40ee-9da0-4b0f8ba53ec1, with server-side default bucket layout, runner as owner, Versioning false, Storage Type set to DISK and Encryption set to false, Replication Type set to server-side default replication type, Namespace Quota set to -1, Space Quota set to -1 
2023-06-07 07:11:16,965 [OM StateMachine ApplyTransaction Thread - 0] INFO  bucket.OMBucketCreateRequest (OMBucketCreateRequest.java:validateAndUpdateCache(270)) - created bucket: a66b5d3c-b9be-40ee-9da0-4b0f8ba53ec1 of layout OBJECT_STORE in volume: 9aacc046-6cfb-41ce-88e9-1126837c6bdd
2023-06-07 07:11:18,660 [main] INFO  rpc.RpcClient (RpcClient.java:createVolume(459)) - Creating Volume: fe850899-1b36-4239-96c1-d1f33dd4f8ee, with runner as owner and space quota set to -1 bytes, counts quota set to -1
2023-06-07 07:11:18,662 [OM StateMachine ApplyTransaction Thread - 0] INFO  volume.OMVolumeCreateRequest (OMVolumeCreateRequest.java:validateAndUpdateCache(196)) - created volume:fe850899-1b36-4239-96c1-d1f33dd4f8ee for user:runner
2023-06-07 07:11:18,664 [main] INFO  rpc.RpcClient (RpcClient.java:createBucket(686)) - Creating Bucket: fe850899-1b36-4239-96c1-d1f33dd4f8ee/6d2c2728-6f33-45c6-8301-c52c5ea7ee4b, with server-side default bucket layout, runner as owner, Versioning false, Storage Type set to DISK and Encryption set to false, Replication Type set to server-side default replication type, Namespace Quota set to -1, Space Quota set to -1 
2023-06-07 07:11:18,667 [OM StateMachine ApplyTransaction Thread - 0] INFO  bucket.OMBucketCreateRequest (OMBucketCreateRequest.java:validateAndUpdateCache(270)) - created bucket: 6d2c2728-6f33-45c6-8301-c52c5ea7ee4b of layout OBJECT_STORE in volume: fe850899-1b36-4239-96c1-d1f33dd4f8ee
]]></system-out>
  </testcase>
  <testcase name="testBucketQuota(ReplicationConfig)[3]" classname="org.apache.hadoop.ozone.client.rpc.TestSecureOzoneRpcClient" time="6.86">
    <system-out><![CDATA[2023-06-07 07:11:20,047 [main] INFO  rpc.RpcClient (RpcClient.java:createVolume(459)) - Creating Volume: 64a30c95-2581-4d22-8c5f-7a53565be9a2, with runner as owner and space quota set to -1 bytes, counts quota set to -1
2023-06-07 07:11:20,050 [OM StateMachine ApplyTransaction Thread - 0] INFO  volume.OMVolumeCreateRequest (OMVolumeCreateRequest.java:validateAndUpdateCache(196)) - created volume:64a30c95-2581-4d22-8c5f-7a53565be9a2 for user:runner
2023-06-07 07:11:20,052 [main] INFO  rpc.RpcClient (RpcClient.java:createBucket(686)) - Creating Bucket: 64a30c95-2581-4d22-8c5f-7a53565be9a2/8712780d-f47a-46c0-99d5-e65dce7038b1, with server-side default bucket layout, runner as owner, Versioning false, Storage Type set to DISK and Encryption set to false, Replication Type set to server-side default replication type, Namespace Quota set to -1, Space Quota set to -1 
2023-06-07 07:11:20,055 [OM StateMachine ApplyTransaction Thread - 0] INFO  bucket.OMBucketCreateRequest (OMBucketCreateRequest.java:validateAndUpdateCache(270)) - created bucket: 8712780d-f47a-46c0-99d5-e65dce7038b1 of layout OBJECT_STORE in volume: 64a30c95-2581-4d22-8c5f-7a53565be9a2
2023-06-07 07:11:20,073 [IPC Server handler 15 on default port 15001] INFO  pipeline.PipelineStateManagerImpl (PipelineStateManagerImpl.java:addPipeline(103)) - Created pipeline Pipeline[ Id: bb9ca0df-4756-4f77-af0d-d041b5bfb661, Nodes: add60280-7665-46a7-8f97-112ab314f22d(fv-az246-755.dmzl2ssfaldu3choa5k4qgfeyh.jx.internal.cloudapp.net/10.1.0.31)2912fda5-c0b1-4d9e-ac44-fd313bf4d5ec(fv-az246-755.dmzl2ssfaldu3choa5k4qgfeyh.jx.internal.cloudapp.net/10.1.0.31)1b66a908-7502-432b-9648-1ff1190a9abb(fv-az246-755.dmzl2ssfaldu3choa5k4qgfeyh.jx.internal.cloudapp.net/10.1.0.31)193ce337-dffd-4cd7-9fc4-5b62e57d89f8(fv-az246-755.dmzl2ssfaldu3choa5k4qgfeyh.jx.internal.cloudapp.net/10.1.0.31)2a2b2d62-8637-433f-be3f-60f9dc9f206f(fv-az246-755.dmzl2ssfaldu3choa5k4qgfeyh.jx.internal.cloudapp.net/10.1.0.31), ReplicationConfig: EC{rs-3-2-1024k}, State:ALLOCATED, leaderId:, CreationTimestamp2023-06-07T07:11:20.066Z[Etc/UTC]].
2023-06-07 07:11:20,077 [IPC Server handler 15 on default port 15001] INFO  pipeline.PipelineManagerImpl (PipelineManagerImpl.java:openPipeline(367)) - Pipeline Pipeline[ Id: bb9ca0df-4756-4f77-af0d-d041b5bfb661, Nodes: add60280-7665-46a7-8f97-112ab314f22d(fv-az246-755.dmzl2ssfaldu3choa5k4qgfeyh.jx.internal.cloudapp.net/10.1.0.31)2912fda5-c0b1-4d9e-ac44-fd313bf4d5ec(fv-az246-755.dmzl2ssfaldu3choa5k4qgfeyh.jx.internal.cloudapp.net/10.1.0.31)1b66a908-7502-432b-9648-1ff1190a9abb(fv-az246-755.dmzl2ssfaldu3choa5k4qgfeyh.jx.internal.cloudapp.net/10.1.0.31)193ce337-dffd-4cd7-9fc4-5b62e57d89f8(fv-az246-755.dmzl2ssfaldu3choa5k4qgfeyh.jx.internal.cloudapp.net/10.1.0.31)2a2b2d62-8637-433f-be3f-60f9dc9f206f(fv-az246-755.dmzl2ssfaldu3choa5k4qgfeyh.jx.internal.cloudapp.net/10.1.0.31), ReplicationConfig: EC{rs-3-2-1024k}, State:ALLOCATED, leaderId:, CreationTimestamp2023-06-07T07:11:20.066Z[Etc/UTC]] moved to OPEN state
2023-06-07 07:11:20,170 [main] WARN  erasurecode.ErasureCodeNative (ErasureCodeNative.java:<clinit>(55)) - ISA-L support is not available in your platform... using builtin-java codec where applicable
2023-06-07 07:11:20,311 [IPC Server handler 17 on default port 15001] INFO  pipeline.PipelineStateManagerImpl (PipelineStateManagerImpl.java:addPipeline(103)) - Created pipeline Pipeline[ Id: 71fc5dc4-4f17-4019-9619-b035b505a165, Nodes: 53afdcff-9740-4d1d-9155-3eea53ceb243(fv-az246-755.dmzl2ssfaldu3choa5k4qgfeyh.jx.internal.cloudapp.net/10.1.0.31)cd92a3c4-ef96-4770-b512-b3fe4045cd4b(fv-az246-755.dmzl2ssfaldu3choa5k4qgfeyh.jx.internal.cloudapp.net/10.1.0.31)2912fda5-c0b1-4d9e-ac44-fd313bf4d5ec(fv-az246-755.dmzl2ssfaldu3choa5k4qgfeyh.jx.internal.cloudapp.net/10.1.0.31)44d8f5b4-8dfc-4dc1-b3e0-dd93457af28b(fv-az246-755.dmzl2ssfaldu3choa5k4qgfeyh.jx.internal.cloudapp.net/10.1.0.31)1c3f76c4-a361-44c3-a437-710dc7a71a87(fv-az246-755.dmzl2ssfaldu3choa5k4qgfeyh.jx.internal.cloudapp.net/10.1.0.31), ReplicationConfig: EC{rs-3-2-1024k}, State:ALLOCATED, leaderId:, CreationTimestamp2023-06-07T07:11:20.310Z[Etc/UTC]].
2023-06-07 07:11:20,312 [IPC Server handler 17 on default port 15001] INFO  pipeline.PipelineManagerImpl (PipelineManagerImpl.java:openPipeline(367)) - Pipeline Pipeline[ Id: 71fc5dc4-4f17-4019-9619-b035b505a165, Nodes: 53afdcff-9740-4d1d-9155-3eea53ceb243(fv-az246-755.dmzl2ssfaldu3choa5k4qgfeyh.jx.internal.cloudapp.net/10.1.0.31)cd92a3c4-ef96-4770-b512-b3fe4045cd4b(fv-az246-755.dmzl2ssfaldu3choa5k4qgfeyh.jx.internal.cloudapp.net/10.1.0.31)2912fda5-c0b1-4d9e-ac44-fd313bf4d5ec(fv-az246-755.dmzl2ssfaldu3choa5k4qgfeyh.jx.internal.cloudapp.net/10.1.0.31)44d8f5b4-8dfc-4dc1-b3e0-dd93457af28b(fv-az246-755.dmzl2ssfaldu3choa5k4qgfeyh.jx.internal.cloudapp.net/10.1.0.31)1c3f76c4-a361-44c3-a437-710dc7a71a87(fv-az246-755.dmzl2ssfaldu3choa5k4qgfeyh.jx.internal.cloudapp.net/10.1.0.31), ReplicationConfig: EC{rs-3-2-1024k}, State:ALLOCATED, leaderId:, CreationTimestamp2023-06-07T07:11:20.310Z[Etc/UTC]] moved to OPEN state
2023-06-07 07:11:20,378 [main] INFO  rpc.RpcClient (RpcClient.java:createVolume(459)) - Creating Volume: ea93ba31-e520-4cb5-aefd-433e102a8a35, with runner as owner and space quota set to -1 bytes, counts quota set to -1
2023-06-07 07:11:20,381 [OM StateMachine ApplyTransaction Thread - 0] INFO  volume.OMVolumeCreateRequest (OMVolumeCreateRequest.java:validateAndUpdateCache(196)) - created volume:ea93ba31-e520-4cb5-aefd-433e102a8a35 for user:runner
2023-06-07 07:11:20,383 [main] INFO  rpc.RpcClient (RpcClient.java:createBucket(686)) - Creating Bucket: ea93ba31-e520-4cb5-aefd-433e102a8a35/5879be12-ffff-4bd2-8988-157cec6ff387, with server-side default bucket layout, runner as owner, Versioning false, Storage Type set to DISK and Encryption set to false, Replication Type set to server-side default replication type, Namespace Quota set to -1, Space Quota set to -1 
2023-06-07 07:11:20,385 [OM StateMachine ApplyTransaction Thread - 0] INFO  bucket.OMBucketCreateRequest (OMBucketCreateRequest.java:validateAndUpdateCache(270)) - created bucket: 5879be12-ffff-4bd2-8988-157cec6ff387 of layout OBJECT_STORE in volume: ea93ba31-e520-4cb5-aefd-433e102a8a35
2023-06-07 07:11:20,391 [IPC Server handler 1 on default port 15001] INFO  pipeline.PipelineStateManagerImpl (PipelineStateManagerImpl.java:addPipeline(103)) - Created pipeline Pipeline[ Id: 54427677-4913-4b15-8b3b-351c19a996ba, Nodes: 44d8f5b4-8dfc-4dc1-b3e0-dd93457af28b(fv-az246-755.dmzl2ssfaldu3choa5k4qgfeyh.jx.internal.cloudapp.net/10.1.0.31)8757bef3-5796-4279-bd7f-82165642237f(fv-az246-755.dmzl2ssfaldu3choa5k4qgfeyh.jx.internal.cloudapp.net/10.1.0.31)1c3f76c4-a361-44c3-a437-710dc7a71a87(fv-az246-755.dmzl2ssfaldu3choa5k4qgfeyh.jx.internal.cloudapp.net/10.1.0.31)53afdcff-9740-4d1d-9155-3eea53ceb243(fv-az246-755.dmzl2ssfaldu3choa5k4qgfeyh.jx.internal.cloudapp.net/10.1.0.31)c9e90f19-93bd-492a-840b-17fd0f306342(fv-az246-755.dmzl2ssfaldu3choa5k4qgfeyh.jx.internal.cloudapp.net/10.1.0.31), ReplicationConfig: EC{rs-3-2-1024k}, State:ALLOCATED, leaderId:, CreationTimestamp2023-06-07T07:11:20.391Z[Etc/UTC]].
2023-06-07 07:11:20,392 [IPC Server handler 1 on default port 15001] INFO  pipeline.PipelineManagerImpl (PipelineManagerImpl.java:openPipeline(367)) - Pipeline Pipeline[ Id: 54427677-4913-4b15-8b3b-351c19a996ba, Nodes: 44d8f5b4-8dfc-4dc1-b3e0-dd93457af28b(fv-az246-755.dmzl2ssfaldu3choa5k4qgfeyh.jx.internal.cloudapp.net/10.1.0.31)8757bef3-5796-4279-bd7f-82165642237f(fv-az246-755.dmzl2ssfaldu3choa5k4qgfeyh.jx.internal.cloudapp.net/10.1.0.31)1c3f76c4-a361-44c3-a437-710dc7a71a87(fv-az246-755.dmzl2ssfaldu3choa5k4qgfeyh.jx.internal.cloudapp.net/10.1.0.31)53afdcff-9740-4d1d-9155-3eea53ceb243(fv-az246-755.dmzl2ssfaldu3choa5k4qgfeyh.jx.internal.cloudapp.net/10.1.0.31)c9e90f19-93bd-492a-840b-17fd0f306342(fv-az246-755.dmzl2ssfaldu3choa5k4qgfeyh.jx.internal.cloudapp.net/10.1.0.31), ReplicationConfig: EC{rs-3-2-1024k}, State:ALLOCATED, leaderId:, CreationTimestamp2023-06-07T07:11:20.391Z[Etc/UTC]] moved to OPEN state
2023-06-07 07:11:20,600 [IPC Server handler 0 on default port 15001] INFO  pipeline.PipelineStateManagerImpl (PipelineStateManagerImpl.java:addPipeline(103)) - Created pipeline Pipeline[ Id: fd5c1109-0780-49bf-a72e-57f7b5024ae3, Nodes: 4867cc16-78cf-4276-b1e1-ad4ddd1b82d4(fv-az246-755.dmzl2ssfaldu3choa5k4qgfeyh.jx.internal.cloudapp.net/10.1.0.31)2912fda5-c0b1-4d9e-ac44-fd313bf4d5ec(fv-az246-755.dmzl2ssfaldu3choa5k4qgfeyh.jx.internal.cloudapp.net/10.1.0.31)53afdcff-9740-4d1d-9155-3eea53ceb243(fv-az246-755.dmzl2ssfaldu3choa5k4qgfeyh.jx.internal.cloudapp.net/10.1.0.31)44d8f5b4-8dfc-4dc1-b3e0-dd93457af28b(fv-az246-755.dmzl2ssfaldu3choa5k4qgfeyh.jx.internal.cloudapp.net/10.1.0.31)1b66a908-7502-432b-9648-1ff1190a9abb(fv-az246-755.dmzl2ssfaldu3choa5k4qgfeyh.jx.internal.cloudapp.net/10.1.0.31), ReplicationConfig: EC{rs-3-2-1024k}, State:ALLOCATED, leaderId:, CreationTimestamp2023-06-07T07:11:20.600Z[Etc/UTC]].
2023-06-07 07:11:20,603 [IPC Server handler 0 on default port 15001] INFO  pipeline.PipelineManagerImpl (PipelineManagerImpl.java:openPipeline(367)) - Pipeline Pipeline[ Id: fd5c1109-0780-49bf-a72e-57f7b5024ae3, Nodes: 4867cc16-78cf-4276-b1e1-ad4ddd1b82d4(fv-az246-755.dmzl2ssfaldu3choa5k4qgfeyh.jx.internal.cloudapp.net/10.1.0.31)2912fda5-c0b1-4d9e-ac44-fd313bf4d5ec(fv-az246-755.dmzl2ssfaldu3choa5k4qgfeyh.jx.internal.cloudapp.net/10.1.0.31)53afdcff-9740-4d1d-9155-3eea53ceb243(fv-az246-755.dmzl2ssfaldu3choa5k4qgfeyh.jx.internal.cloudapp.net/10.1.0.31)44d8f5b4-8dfc-4dc1-b3e0-dd93457af28b(fv-az246-755.dmzl2ssfaldu3choa5k4qgfeyh.jx.internal.cloudapp.net/10.1.0.31)1b66a908-7502-432b-9648-1ff1190a9abb(fv-az246-755.dmzl2ssfaldu3choa5k4qgfeyh.jx.internal.cloudapp.net/10.1.0.31), ReplicationConfig: EC{rs-3-2-1024k}, State:ALLOCATED, leaderId:, CreationTimestamp2023-06-07T07:11:20.600Z[Etc/UTC]] moved to OPEN state
2023-06-07 07:11:20,748 [main] INFO  rpc.RpcClient (RpcClient.java:createVolume(459)) - Creating Volume: 2be71bc2-02ee-41b1-8d44-5490632285bc, with runner as owner and space quota set to -1 bytes, counts quota set to -1
2023-06-07 07:11:20,752 [OM StateMachine ApplyTransaction Thread - 0] INFO  volume.OMVolumeCreateRequest (OMVolumeCreateRequest.java:validateAndUpdateCache(196)) - created volume:2be71bc2-02ee-41b1-8d44-5490632285bc for user:runner
2023-06-07 07:11:20,754 [main] INFO  rpc.RpcClient (RpcClient.java:createBucket(686)) - Creating Bucket: 2be71bc2-02ee-41b1-8d44-5490632285bc/945f45fe-6124-4e2a-8733-da0478cab8ee, with server-side default bucket layout, runner as owner, Versioning false, Storage Type set to DISK and Encryption set to false, Replication Type set to server-side default replication type, Namespace Quota set to -1, Space Quota set to -1 
2023-06-07 07:11:20,758 [OM StateMachine ApplyTransaction Thread - 0] INFO  bucket.OMBucketCreateRequest (OMBucketCreateRequest.java:validateAndUpdateCache(270)) - created bucket: 945f45fe-6124-4e2a-8733-da0478cab8ee of layout OBJECT_STORE in volume: 2be71bc2-02ee-41b1-8d44-5490632285bc
2023-06-07 07:11:20,764 [IPC Server handler 2 on default port 15001] INFO  pipeline.PipelineStateManagerImpl (PipelineStateManagerImpl.java:addPipeline(103)) - Created pipeline Pipeline[ Id: 95719f0f-dff2-42ac-a85a-9d93a675e9d7, Nodes: 1c3f76c4-a361-44c3-a437-710dc7a71a87(fv-az246-755.dmzl2ssfaldu3choa5k4qgfeyh.jx.internal.cloudapp.net/10.1.0.31)53afdcff-9740-4d1d-9155-3eea53ceb243(fv-az246-755.dmzl2ssfaldu3choa5k4qgfeyh.jx.internal.cloudapp.net/10.1.0.31)1b66a908-7502-432b-9648-1ff1190a9abb(fv-az246-755.dmzl2ssfaldu3choa5k4qgfeyh.jx.internal.cloudapp.net/10.1.0.31)add60280-7665-46a7-8f97-112ab314f22d(fv-az246-755.dmzl2ssfaldu3choa5k4qgfeyh.jx.internal.cloudapp.net/10.1.0.31)2a2b2d62-8637-433f-be3f-60f9dc9f206f(fv-az246-755.dmzl2ssfaldu3choa5k4qgfeyh.jx.internal.cloudapp.net/10.1.0.31), ReplicationConfig: EC{rs-3-2-1024k}, State:ALLOCATED, leaderId:, CreationTimestamp2023-06-07T07:11:20.764Z[Etc/UTC]].
2023-06-07 07:11:20,765 [IPC Server handler 2 on default port 15001] INFO  pipeline.PipelineManagerImpl (PipelineManagerImpl.java:openPipeline(367)) - Pipeline Pipeline[ Id: 95719f0f-dff2-42ac-a85a-9d93a675e9d7, Nodes: 1c3f76c4-a361-44c3-a437-710dc7a71a87(fv-az246-755.dmzl2ssfaldu3choa5k4qgfeyh.jx.internal.cloudapp.net/10.1.0.31)53afdcff-9740-4d1d-9155-3eea53ceb243(fv-az246-755.dmzl2ssfaldu3choa5k4qgfeyh.jx.internal.cloudapp.net/10.1.0.31)1b66a908-7502-432b-9648-1ff1190a9abb(fv-az246-755.dmzl2ssfaldu3choa5k4qgfeyh.jx.internal.cloudapp.net/10.1.0.31)add60280-7665-46a7-8f97-112ab314f22d(fv-az246-755.dmzl2ssfaldu3choa5k4qgfeyh.jx.internal.cloudapp.net/10.1.0.31)2a2b2d62-8637-433f-be3f-60f9dc9f206f(fv-az246-755.dmzl2ssfaldu3choa5k4qgfeyh.jx.internal.cloudapp.net/10.1.0.31), ReplicationConfig: EC{rs-3-2-1024k}, State:ALLOCATED, leaderId:, CreationTimestamp2023-06-07T07:11:20.764Z[Etc/UTC]] moved to OPEN state
2023-06-07 07:11:21,322 [main] INFO  rpc.RpcClient (RpcClient.java:createVolume(459)) - Creating Volume: aab71dd7-7cc4-4d7b-bb04-ba466c052fc5, with runner as owner and space quota set to -1 bytes, counts quota set to -1
2023-06-07 07:11:21,325 [OM StateMachine ApplyTransaction Thread - 0] INFO  volume.OMVolumeCreateRequest (OMVolumeCreateRequest.java:validateAndUpdateCache(196)) - created volume:aab71dd7-7cc4-4d7b-bb04-ba466c052fc5 for user:runner
2023-06-07 07:11:21,327 [main] INFO  rpc.RpcClient (RpcClient.java:createBucket(686)) - Creating Bucket: aab71dd7-7cc4-4d7b-bb04-ba466c052fc5/7504bdc3-2c01-44fd-b78e-707c9e3b9edf, with server-side default bucket layout, runner as owner, Versioning false, Storage Type set to DISK and Encryption set to false, Replication Type set to server-side default replication type, Namespace Quota set to -1, Space Quota set to -1 
2023-06-07 07:11:21,330 [OM StateMachine ApplyTransaction Thread - 0] INFO  bucket.OMBucketCreateRequest (OMBucketCreateRequest.java:validateAndUpdateCache(270)) - created bucket: 7504bdc3-2c01-44fd-b78e-707c9e3b9edf of layout OBJECT_STORE in volume: aab71dd7-7cc4-4d7b-bb04-ba466c052fc5
2023-06-07 07:11:21,763 [main] INFO  rpc.RpcClient (RpcClient.java:createVolume(459)) - Creating Volume: 3a9b99ec-2c0d-413a-8de3-4733a4691fcc, with runner as owner and space quota set to -1 bytes, counts quota set to -1
2023-06-07 07:11:21,765 [OM StateMachine ApplyTransaction Thread - 0] INFO  volume.OMVolumeCreateRequest (OMVolumeCreateRequest.java:validateAndUpdateCache(196)) - created volume:3a9b99ec-2c0d-413a-8de3-4733a4691fcc for user:runner
2023-06-07 07:11:21,767 [main] INFO  rpc.RpcClient (RpcClient.java:createBucket(686)) - Creating Bucket: 3a9b99ec-2c0d-413a-8de3-4733a4691fcc/3b203bc2-d849-4279-a476-2aeb79d5e0e5, with server-side default bucket layout, runner as owner, Versioning false, Storage Type set to DISK and Encryption set to false, Replication Type set to server-side default replication type, Namespace Quota set to -1, Space Quota set to -1 
2023-06-07 07:11:21,770 [OM StateMachine ApplyTransaction Thread - 0] INFO  bucket.OMBucketCreateRequest (OMBucketCreateRequest.java:validateAndUpdateCache(270)) - created bucket: 3b203bc2-d849-4279-a476-2aeb79d5e0e5 of layout OBJECT_STORE in volume: 3a9b99ec-2c0d-413a-8de3-4733a4691fcc
2023-06-07 07:11:22,304 [main] INFO  rpc.RpcClient (RpcClient.java:createVolume(459)) - Creating Volume: ba7b8bc3-c184-418b-98ca-f38f0c44fb1a, with runner as owner and space quota set to -1 bytes, counts quota set to -1
2023-06-07 07:11:22,306 [OM StateMachine ApplyTransaction Thread - 0] INFO  volume.OMVolumeCreateRequest (OMVolumeCreateRequest.java:validateAndUpdateCache(196)) - created volume:ba7b8bc3-c184-418b-98ca-f38f0c44fb1a for user:runner
2023-06-07 07:11:22,308 [main] INFO  rpc.RpcClient (RpcClient.java:createBucket(686)) - Creating Bucket: ba7b8bc3-c184-418b-98ca-f38f0c44fb1a/73dafeb2-735c-4d50-bc45-99da87b40009, with server-side default bucket layout, runner as owner, Versioning false, Storage Type set to DISK and Encryption set to false, Replication Type set to server-side default replication type, Namespace Quota set to -1, Space Quota set to -1 
2023-06-07 07:11:22,311 [OM StateMachine ApplyTransaction Thread - 0] INFO  bucket.OMBucketCreateRequest (OMBucketCreateRequest.java:validateAndUpdateCache(270)) - created bucket: 73dafeb2-735c-4d50-bc45-99da87b40009 of layout OBJECT_STORE in volume: ba7b8bc3-c184-418b-98ca-f38f0c44fb1a
2023-06-07 07:11:22,744 [main] INFO  rpc.RpcClient (RpcClient.java:createVolume(459)) - Creating Volume: 0b9093ea-2575-44e5-8245-6eddf1f47386, with runner as owner and space quota set to -1 bytes, counts quota set to -1
2023-06-07 07:11:22,747 [OM StateMachine ApplyTransaction Thread - 0] INFO  volume.OMVolumeCreateRequest (OMVolumeCreateRequest.java:validateAndUpdateCache(196)) - created volume:0b9093ea-2575-44e5-8245-6eddf1f47386 for user:runner
2023-06-07 07:11:22,749 [main] INFO  rpc.RpcClient (RpcClient.java:createBucket(686)) - Creating Bucket: 0b9093ea-2575-44e5-8245-6eddf1f47386/8f1be8c0-8fd1-46dc-8789-eb0295558d00, with server-side default bucket layout, runner as owner, Versioning false, Storage Type set to DISK and Encryption set to false, Replication Type set to server-side default replication type, Namespace Quota set to -1, Space Quota set to -1 
2023-06-07 07:11:22,751 [OM StateMachine ApplyTransaction Thread - 0] INFO  bucket.OMBucketCreateRequest (OMBucketCreateRequest.java:validateAndUpdateCache(270)) - created bucket: 8f1be8c0-8fd1-46dc-8789-eb0295558d00 of layout OBJECT_STORE in volume: 0b9093ea-2575-44e5-8245-6eddf1f47386
2023-06-07 07:11:23,251 [main] INFO  rpc.RpcClient (RpcClient.java:createVolume(459)) - Creating Volume: ce965d35-e7c7-4ea7-b3c6-2389c9731816, with runner as owner and space quota set to -1 bytes, counts quota set to -1
2023-06-07 07:11:23,254 [OM StateMachine ApplyTransaction Thread - 0] INFO  volume.OMVolumeCreateRequest (OMVolumeCreateRequest.java:validateAndUpdateCache(196)) - created volume:ce965d35-e7c7-4ea7-b3c6-2389c9731816 for user:runner
2023-06-07 07:11:23,260 [main] INFO  rpc.RpcClient (RpcClient.java:createBucket(686)) - Creating Bucket: ce965d35-e7c7-4ea7-b3c6-2389c9731816/8816dcc7-8316-44cd-b856-1ce5c87e44cf, with server-side default bucket layout, runner as owner, Versioning false, Storage Type set to DISK and Encryption set to false, Replication Type set to server-side default replication type, Namespace Quota set to -1, Space Quota set to -1 
2023-06-07 07:11:23,263 [OM StateMachine ApplyTransaction Thread - 0] INFO  bucket.OMBucketCreateRequest (OMBucketCreateRequest.java:validateAndUpdateCache(270)) - created bucket: 8816dcc7-8316-44cd-b856-1ce5c87e44cf of layout OBJECT_STORE in volume: ce965d35-e7c7-4ea7-b3c6-2389c9731816
2023-06-07 07:11:24,071 [main] INFO  rpc.RpcClient (RpcClient.java:createVolume(459)) - Creating Volume: 1b91d8e4-5e04-4181-87bb-75676085813f, with runner as owner and space quota set to -1 bytes, counts quota set to -1
2023-06-07 07:11:24,074 [OM StateMachine ApplyTransaction Thread - 0] INFO  volume.OMVolumeCreateRequest (OMVolumeCreateRequest.java:validateAndUpdateCache(196)) - created volume:1b91d8e4-5e04-4181-87bb-75676085813f for user:runner
2023-06-07 07:11:24,076 [main] INFO  rpc.RpcClient (RpcClient.java:createBucket(686)) - Creating Bucket: 1b91d8e4-5e04-4181-87bb-75676085813f/cca238b7-c237-4659-94c0-895c011d41e7, with server-side default bucket layout, runner as owner, Versioning false, Storage Type set to DISK and Encryption set to false, Replication Type set to server-side default replication type, Namespace Quota set to -1, Space Quota set to -1 
2023-06-07 07:11:24,078 [OM StateMachine ApplyTransaction Thread - 0] INFO  bucket.OMBucketCreateRequest (OMBucketCreateRequest.java:validateAndUpdateCache(270)) - created bucket: cca238b7-c237-4659-94c0-895c011d41e7 of layout OBJECT_STORE in volume: 1b91d8e4-5e04-4181-87bb-75676085813f
2023-06-07 07:11:24,606 [main] INFO  rpc.RpcClient (RpcClient.java:createVolume(459)) - Creating Volume: f763f135-a3e6-4cfc-9819-353c5b8dca4e, with runner as owner and space quota set to -1 bytes, counts quota set to -1
2023-06-07 07:11:24,609 [OM StateMachine ApplyTransaction Thread - 0] INFO  volume.OMVolumeCreateRequest (OMVolumeCreateRequest.java:validateAndUpdateCache(196)) - created volume:f763f135-a3e6-4cfc-9819-353c5b8dca4e for user:runner
2023-06-07 07:11:24,611 [main] INFO  rpc.RpcClient (RpcClient.java:createBucket(686)) - Creating Bucket: f763f135-a3e6-4cfc-9819-353c5b8dca4e/a02c937f-83a3-4581-b4c8-9fd50c04f970, with server-side default bucket layout, runner as owner, Versioning false, Storage Type set to DISK and Encryption set to false, Replication Type set to server-side default replication type, Namespace Quota set to -1, Space Quota set to -1 
2023-06-07 07:11:24,614 [OM StateMachine ApplyTransaction Thread - 0] INFO  bucket.OMBucketCreateRequest (OMBucketCreateRequest.java:validateAndUpdateCache(270)) - created bucket: a02c937f-83a3-4581-b4c8-9fd50c04f970 of layout OBJECT_STORE in volume: f763f135-a3e6-4cfc-9819-353c5b8dca4e
2023-06-07 07:11:25,197 [main] INFO  rpc.RpcClient (RpcClient.java:createVolume(459)) - Creating Volume: c247392d-ebaf-49f7-94ac-899f35f11f90, with runner as owner and space quota set to -1 bytes, counts quota set to -1
2023-06-07 07:11:25,199 [OM StateMachine ApplyTransaction Thread - 0] INFO  volume.OMVolumeCreateRequest (OMVolumeCreateRequest.java:validateAndUpdateCache(196)) - created volume:c247392d-ebaf-49f7-94ac-899f35f11f90 for user:runner
2023-06-07 07:11:25,201 [main] INFO  rpc.RpcClient (RpcClient.java:createBucket(686)) - Creating Bucket: c247392d-ebaf-49f7-94ac-899f35f11f90/154d8138-7712-4ea4-b24a-bb4b3b0f1aa1, with server-side default bucket layout, runner as owner, Versioning false, Storage Type set to DISK and Encryption set to false, Replication Type set to server-side default replication type, Namespace Quota set to -1, Space Quota set to -1 
2023-06-07 07:11:25,204 [OM StateMachine ApplyTransaction Thread - 0] INFO  bucket.OMBucketCreateRequest (OMBucketCreateRequest.java:validateAndUpdateCache(270)) - created bucket: 154d8138-7712-4ea4-b24a-bb4b3b0f1aa1 of layout OBJECT_STORE in volume: c247392d-ebaf-49f7-94ac-899f35f11f90
2023-06-07 07:11:26,326 [main] INFO  rpc.RpcClient (RpcClient.java:createVolume(459)) - Creating Volume: bddc8af9-5262-45aa-bbb6-40ed356a87b5, with runner as owner and space quota set to -1 bytes, counts quota set to -1
2023-06-07 07:11:26,329 [OM StateMachine ApplyTransaction Thread - 0] INFO  volume.OMVolumeCreateRequest (OMVolumeCreateRequest.java:validateAndUpdateCache(196)) - created volume:bddc8af9-5262-45aa-bbb6-40ed356a87b5 for user:runner
2023-06-07 07:11:26,331 [main] INFO  rpc.RpcClient (RpcClient.java:createBucket(686)) - Creating Bucket: bddc8af9-5262-45aa-bbb6-40ed356a87b5/5c0f3f87-73b1-4df6-8a84-bf55bf43690d, with server-side default bucket layout, runner as owner, Versioning false, Storage Type set to DISK and Encryption set to false, Replication Type set to server-side default replication type, Namespace Quota set to -1, Space Quota set to -1 
2023-06-07 07:11:26,333 [OM StateMachine ApplyTransaction Thread - 0] INFO  bucket.OMBucketCreateRequest (OMBucketCreateRequest.java:validateAndUpdateCache(270)) - created bucket: 5c0f3f87-73b1-4df6-8a84-bf55bf43690d of layout OBJECT_STORE in volume: bddc8af9-5262-45aa-bbb6-40ed356a87b5
]]></system-out>
  </testcase>
  <testcase name="testBucketQuotaInNamespace" classname="org.apache.hadoop.ozone.client.rpc.TestSecureOzoneRpcClient" time="0.273">
    <system-out><![CDATA[2023-06-07 07:11:26,908 [main] INFO  rpc.RpcClient (RpcClient.java:createVolume(459)) - Creating Volume: 5a16c898-f6f2-499f-be3a-8ff65d6d7993, with runner as owner and space quota set to -1 bytes, counts quota set to -1
2023-06-07 07:11:26,911 [OM StateMachine ApplyTransaction Thread - 0] INFO  volume.OMVolumeCreateRequest (OMVolumeCreateRequest.java:validateAndUpdateCache(196)) - created volume:5a16c898-f6f2-499f-be3a-8ff65d6d7993 for user:runner
2023-06-07 07:11:26,913 [main] INFO  rpc.RpcClient (RpcClient.java:createBucket(686)) - Creating Bucket: 5a16c898-f6f2-499f-be3a-8ff65d6d7993/12edf48e-e315-49f0-8c22-9e032b7b8bd5, with server-side default bucket layout, runner as owner, Versioning false, Storage Type set to DISK and Encryption set to false, Replication Type set to server-side default replication type, Namespace Quota set to -1, Space Quota set to -1 
2023-06-07 07:11:26,916 [OM StateMachine ApplyTransaction Thread - 0] INFO  bucket.OMBucketCreateRequest (OMBucketCreateRequest.java:validateAndUpdateCache(270)) - created bucket: 12edf48e-e315-49f0-8c22-9e032b7b8bd5 of layout OBJECT_STORE in volume: 5a16c898-f6f2-499f-be3a-8ff65d6d7993
07:11:27.154 [OM StateMachine ApplyTransaction Thread - 0] ERROR OMAudit - user=runner | ip=127.0.0.1 | op=ALLOCATE_KEY {volume=5a16c898-f6f2-499f-be3a-8ff65d6d7993, bucket=12edf48e-e315-49f0-8c22-9e032b7b8bd5, key=a9668ee8-cab5-47d7-aeef-76b708d20bdd, dataSize=12, replicationType=RATIS, replicationFactor=ONE} | ret=FAILURE
org.apache.hadoop.ozone.om.exceptions.OMException: The namespace quota of Bucket:12edf48e-e315-49f0-8c22-9e032b7b8bd5 exceeded: quotaInNamespace: 2 but namespace consumed: 3.
	at org.apache.hadoop.ozone.om.request.key.OMKeyRequest.checkBucketQuotaInNamespace(OMKeyRequest.java:555) ~[ozone-manager-1.4.0-SNAPSHOT.jar:?]
	at org.apache.hadoop.ozone.om.request.key.OMKeyCreateRequest.validateAndUpdateCache(OMKeyCreateRequest.java:308) ~[ozone-manager-1.4.0-SNAPSHOT.jar:?]
	at org.apache.hadoop.ozone.protocolPB.OzoneManagerRequestHandler.handleWriteRequest(OzoneManagerRequestHandler.java:338) ~[ozone-manager-1.4.0-SNAPSHOT.jar:?]
	at org.apache.hadoop.ozone.om.ratis.OzoneManagerStateMachine.runCommand(OzoneManagerStateMachine.java:567) ~[ozone-manager-1.4.0-SNAPSHOT.jar:?]
	at org.apache.hadoop.ozone.om.ratis.OzoneManagerStateMachine.lambda$1(OzoneManagerStateMachine.java:358) ~[ozone-manager-1.4.0-SNAPSHOT.jar:?]
	at java.util.concurrent.CompletableFuture$AsyncSupply.run(CompletableFuture.java:1604) [?:1.8.0_372]
	at java.util.concurrent.ThreadPoolExecutor.runWorker(ThreadPoolExecutor.java:1149) [?:1.8.0_372]
	at java.util.concurrent.ThreadPoolExecutor$Worker.run(ThreadPoolExecutor.java:624) [?:1.8.0_372]
	at java.lang.Thread.run(Thread.java:750) [?:1.8.0_372]
2023-06-07 07:11:27,155 [OM StateMachine ApplyTransaction Thread - 0] ERROR key.OMKeyCreateRequest (OMKeyCreateRequest.java:logResult(380)) - Key creation failed. Volume:5a16c898-f6f2-499f-be3a-8ff65d6d7993, Bucket:12edf48e-e315-49f0-8c22-9e032b7b8bd5, Key:a9668ee8-cab5-47d7-aeef-76b708d20bdd. 
QUOTA_EXCEEDED org.apache.hadoop.ozone.om.exceptions.OMException: The namespace quota of Bucket:12edf48e-e315-49f0-8c22-9e032b7b8bd5 exceeded: quotaInNamespace: 2 but namespace consumed: 3.
	at org.apache.hadoop.ozone.om.request.key.OMKeyRequest.checkBucketQuotaInNamespace(OMKeyRequest.java:555)
	at org.apache.hadoop.ozone.om.request.key.OMKeyCreateRequest.validateAndUpdateCache(OMKeyCreateRequest.java:308)
	at org.apache.hadoop.ozone.protocolPB.OzoneManagerRequestHandler.handleWriteRequest(OzoneManagerRequestHandler.java:338)
	at org.apache.hadoop.ozone.om.ratis.OzoneManagerStateMachine.runCommand(OzoneManagerStateMachine.java:567)
	at org.apache.hadoop.ozone.om.ratis.OzoneManagerStateMachine.lambda$1(OzoneManagerStateMachine.java:358)
	at java.util.concurrent.CompletableFuture$AsyncSupply.run(CompletableFuture.java:1604)
	at java.util.concurrent.ThreadPoolExecutor.runWorker(ThreadPoolExecutor.java:1149)
	at java.util.concurrent.ThreadPoolExecutor$Worker.run(ThreadPoolExecutor.java:624)
	at java.lang.Thread.run(Thread.java:750)
]]></system-out>
  </testcase>
  <testcase name="testBucketSetOwner" classname="org.apache.hadoop.ozone.client.rpc.TestSecureOzoneRpcClient" time="0.047">
    <system-out><![CDATA[2023-06-07 07:11:27,187 [main] INFO  rpc.RpcClient (RpcClient.java:createVolume(459)) - Creating Volume: a6957e79-1ea9-4dcd-afbd-c9a44d004cc8, with runner as owner and space quota set to -1 bytes, counts quota set to -1
2023-06-07 07:11:27,190 [OM StateMachine ApplyTransaction Thread - 0] INFO  volume.OMVolumeCreateRequest (OMVolumeCreateRequest.java:validateAndUpdateCache(196)) - created volume:a6957e79-1ea9-4dcd-afbd-c9a44d004cc8 for user:runner
2023-06-07 07:11:27,192 [main] INFO  rpc.RpcClient (RpcClient.java:createBucket(686)) - Creating Bucket: a6957e79-1ea9-4dcd-afbd-c9a44d004cc8/ea3f6e29-c2d4-44ff-bd0c-25652a969f55, with server-side default bucket layout, runner as owner, Versioning false, Storage Type set to DISK and Encryption set to false, Replication Type set to server-side default replication type, Namespace Quota set to -1, Space Quota set to -1 
2023-06-07 07:11:27,196 [OM StateMachine ApplyTransaction Thread - 0] INFO  bucket.OMBucketCreateRequest (OMBucketCreateRequest.java:validateAndUpdateCache(270)) - created bucket: ea3f6e29-c2d4-44ff-bd0c-25652a969f55 of layout OBJECT_STORE in volume: a6957e79-1ea9-4dcd-afbd-c9a44d004cc8
]]></system-out>
  </testcase>
  <testcase name="testBucketUsedBytes" classname="org.apache.hadoop.ozone.client.rpc.TestSecureOzoneRpcClient" time="0.246">
    <system-out><![CDATA[2023-06-07 07:11:27,234 [main] INFO  rpc.RpcClient (RpcClient.java:createVolume(459)) - Creating Volume: b83b1d2f-5042-4208-900f-3d531aae538e, with runner as owner and space quota set to -1 bytes, counts quota set to -1
2023-06-07 07:11:27,242 [OM StateMachine ApplyTransaction Thread - 0] INFO  volume.OMVolumeCreateRequest (OMVolumeCreateRequest.java:validateAndUpdateCache(196)) - created volume:b83b1d2f-5042-4208-900f-3d531aae538e for user:runner
2023-06-07 07:11:27,243 [main] INFO  rpc.RpcClient (RpcClient.java:createBucket(686)) - Creating Bucket: b83b1d2f-5042-4208-900f-3d531aae538e/e8d152b0-d2d1-4ea0-b30a-320667c4d923, with bucket layout OBJECT_STORE, runner as owner, Versioning false, Storage Type set to DISK and Encryption set to false, Replication Type set to server-side default replication type, Namespace Quota set to -1, Space Quota set to -1 
2023-06-07 07:11:27,247 [OM StateMachine ApplyTransaction Thread - 0] INFO  bucket.OMBucketCreateRequest (OMBucketCreateRequest.java:validateAndUpdateCache(270)) - created bucket: e8d152b0-d2d1-4ea0-b30a-320667c4d923 of layout OBJECT_STORE in volume: b83b1d2f-5042-4208-900f-3d531aae538e
]]></system-out>
  </testcase>
  <testcase name="testBucketUsedNamespace(BucketLayout)[1]" classname="org.apache.hadoop.ozone.client.rpc.TestSecureOzoneRpcClient" time="0.192">
    <system-out><![CDATA[2023-06-07 07:11:27,482 [main] INFO  rpc.RpcClient (RpcClient.java:createVolume(459)) - Creating Volume: 8b004375-b624-4f82-8b5f-b1fc2cd00c6f, with runner as owner and space quota set to -1 bytes, counts quota set to -1
2023-06-07 07:11:27,485 [OM StateMachine ApplyTransaction Thread - 0] INFO  volume.OMVolumeCreateRequest (OMVolumeCreateRequest.java:validateAndUpdateCache(196)) - created volume:8b004375-b624-4f82-8b5f-b1fc2cd00c6f for user:runner
2023-06-07 07:11:27,487 [main] INFO  rpc.RpcClient (RpcClient.java:createBucket(686)) - Creating Bucket: 8b004375-b624-4f82-8b5f-b1fc2cd00c6f/9b8b6776-2005-4f18-803c-315037751070, with bucket layout OBJECT_STORE, runner as owner, Versioning false, Storage Type set to DISK and Encryption set to false, Replication Type set to server-side default replication type, Namespace Quota set to -1, Space Quota set to -1 
2023-06-07 07:11:27,489 [OM StateMachine ApplyTransaction Thread - 0] INFO  bucket.OMBucketCreateRequest (OMBucketCreateRequest.java:validateAndUpdateCache(270)) - created bucket: 9b8b6776-2005-4f18-803c-315037751070 of layout OBJECT_STORE in volume: 8b004375-b624-4f82-8b5f-b1fc2cd00c6f
]]></system-out>
  </testcase>
  <testcase name="testBucketUsedNamespace(BucketLayout)[2]" classname="org.apache.hadoop.ozone.client.rpc.TestSecureOzoneRpcClient" time="0.229">
    <system-out><![CDATA[2023-06-07 07:11:27,675 [main] INFO  rpc.RpcClient (RpcClient.java:createVolume(459)) - Creating Volume: 7188f43a-d45b-4167-b782-a0e09659aa2b, with runner as owner and space quota set to -1 bytes, counts quota set to -1
2023-06-07 07:11:27,678 [OM StateMachine ApplyTransaction Thread - 0] INFO  volume.OMVolumeCreateRequest (OMVolumeCreateRequest.java:validateAndUpdateCache(196)) - created volume:7188f43a-d45b-4167-b782-a0e09659aa2b for user:runner
2023-06-07 07:11:27,680 [main] INFO  rpc.RpcClient (RpcClient.java:createBucket(686)) - Creating Bucket: 7188f43a-d45b-4167-b782-a0e09659aa2b/547e508e-6fc6-4a03-86f2-feec8b0a2f16, with bucket layout LEGACY, runner as owner, Versioning false, Storage Type set to DISK and Encryption set to false, Replication Type set to server-side default replication type, Namespace Quota set to -1, Space Quota set to -1 
2023-06-07 07:11:27,682 [OM StateMachine ApplyTransaction Thread - 0] INFO  bucket.OMBucketCreateRequest (OMBucketCreateRequest.java:validateAndUpdateCache(270)) - created bucket: 547e508e-6fc6-4a03-86f2-feec8b0a2f16 of layout LEGACY in volume: 7188f43a-d45b-4167-b782-a0e09659aa2b
]]></system-out>
  </testcase>
  <testcase name="testBucketUsedNamespace(BucketLayout)[3]" classname="org.apache.hadoop.ozone.client.rpc.TestSecureOzoneRpcClient" time="0.228">
    <system-out><![CDATA[2023-06-07 07:11:27,905 [main] INFO  rpc.RpcClient (RpcClient.java:createVolume(459)) - Creating Volume: 85b6c23a-af62-4925-8979-7a308796b016, with runner as owner and space quota set to -1 bytes, counts quota set to -1
2023-06-07 07:11:27,908 [OM StateMachine ApplyTransaction Thread - 0] INFO  volume.OMVolumeCreateRequest (OMVolumeCreateRequest.java:validateAndUpdateCache(196)) - created volume:85b6c23a-af62-4925-8979-7a308796b016 for user:runner
2023-06-07 07:11:27,910 [main] INFO  rpc.RpcClient (RpcClient.java:createBucket(686)) - Creating Bucket: 85b6c23a-af62-4925-8979-7a308796b016/c9c0c0e4-a910-4495-9040-8aff055462c6, with bucket layout FILE_SYSTEM_OPTIMIZED, runner as owner, Versioning false, Storage Type set to DISK and Encryption set to false, Replication Type set to server-side default replication type, Namespace Quota set to -1, Space Quota set to -1 
2023-06-07 07:11:27,912 [OM StateMachine ApplyTransaction Thread - 0] INFO  bucket.OMBucketCreateRequest (OMBucketCreateRequest.java:validateAndUpdateCache(270)) - created bucket: c9c0c0e4-a910-4495-9040-8aff055462c6 of layout FILE_SYSTEM_OPTIMIZED in volume: 85b6c23a-af62-4925-8979-7a308796b016
]]></system-out>
  </testcase>
  <testcase name="testCheckUsedBytesQuota" classname="org.apache.hadoop.ozone.client.rpc.TestSecureOzoneRpcClient" time="0.862">
    <system-out><![CDATA[2023-06-07 07:11:28,135 [main] INFO  rpc.RpcClient (RpcClient.java:createVolume(459)) - Creating Volume: 9b4a7b47-e57e-41a5-83f0-c4327741142b, with runner as owner and space quota set to -1 bytes, counts quota set to -1
2023-06-07 07:11:28,137 [OM StateMachine ApplyTransaction Thread - 0] INFO  volume.OMVolumeCreateRequest (OMVolumeCreateRequest.java:validateAndUpdateCache(196)) - created volume:9b4a7b47-e57e-41a5-83f0-c4327741142b for user:runner
2023-06-07 07:11:28,138 [main] INFO  rpc.RpcClient (RpcClient.java:createBucket(686)) - Creating Bucket: 9b4a7b47-e57e-41a5-83f0-c4327741142b/d167bb5a-2302-4170-bf02-61143a9f8fc4, with server-side default bucket layout, runner as owner, Versioning false, Storage Type set to DISK and Encryption set to false, Replication Type set to server-side default replication type, Namespace Quota set to -1, Space Quota set to -1 
2023-06-07 07:11:28,140 [OM StateMachine ApplyTransaction Thread - 0] INFO  bucket.OMBucketCreateRequest (OMBucketCreateRequest.java:validateAndUpdateCache(270)) - created bucket: d167bb5a-2302-4170-bf02-61143a9f8fc4 of layout OBJECT_STORE in volume: 9b4a7b47-e57e-41a5-83f0-c4327741142b
2023-06-07 07:11:28,145 [main] INFO  rpc.RpcClient (RpcClient.java:createBucket(686)) - Creating Bucket: 9b4a7b47-e57e-41a5-83f0-c4327741142b/a3bff131-9808-4263-868f-316cf12f0562, with server-side default bucket layout, runner as owner, Versioning false, Storage Type set to DISK and Encryption set to false, Replication Type set to server-side default replication type, Namespace Quota set to -1, Space Quota set to -1 
2023-06-07 07:11:28,147 [OM StateMachine ApplyTransaction Thread - 0] INFO  bucket.OMBucketCreateRequest (OMBucketCreateRequest.java:validateAndUpdateCache(270)) - created bucket: a3bff131-9808-4263-868f-316cf12f0562 of layout OBJECT_STORE in volume: 9b4a7b47-e57e-41a5-83f0-c4327741142b
07:11:28.173 [OM StateMachine ApplyTransaction Thread - 0] ERROR OMAudit - user=runner | ip=127.0.0.1 | op=ALLOCATE_KEY {volume=9b4a7b47-e57e-41a5-83f0-c4327741142b, bucket=a3bff131-9808-4263-868f-316cf12f0562, key=52e03840-a6a3-45b3-a5c3-63390dd39c9b, dataSize=12, replicationType=RATIS, replicationFactor=ONE} | ret=FAILURE
org.apache.hadoop.ozone.om.exceptions.OMException: The DiskSpace quota of bucket:a3bff131-9808-4263-868f-316cf12f0562 exceeded quotaInBytes: 1 Bytes but diskspace consumed: 4194304 Bytes.
	at org.apache.hadoop.ozone.om.request.key.OMKeyRequest.checkBucketQuotaInBytes(OMKeyRequest.java:536) ~[ozone-manager-1.4.0-SNAPSHOT.jar:?]
	at org.apache.hadoop.ozone.om.request.key.OMKeyCreateRequest.validateAndUpdateCache(OMKeyCreateRequest.java:306) ~[ozone-manager-1.4.0-SNAPSHOT.jar:?]
	at org.apache.hadoop.ozone.protocolPB.OzoneManagerRequestHandler.handleWriteRequest(OzoneManagerRequestHandler.java:338) ~[ozone-manager-1.4.0-SNAPSHOT.jar:?]
	at org.apache.hadoop.ozone.om.ratis.OzoneManagerStateMachine.runCommand(OzoneManagerStateMachine.java:567) ~[ozone-manager-1.4.0-SNAPSHOT.jar:?]
	at org.apache.hadoop.ozone.om.ratis.OzoneManagerStateMachine.lambda$1(OzoneManagerStateMachine.java:358) ~[ozone-manager-1.4.0-SNAPSHOT.jar:?]
	at java.util.concurrent.CompletableFuture$AsyncSupply.run(CompletableFuture.java:1604) [?:1.8.0_372]
	at java.util.concurrent.ThreadPoolExecutor.runWorker(ThreadPoolExecutor.java:1149) [?:1.8.0_372]
	at java.util.concurrent.ThreadPoolExecutor$Worker.run(ThreadPoolExecutor.java:624) [?:1.8.0_372]
	at java.lang.Thread.run(Thread.java:750) [?:1.8.0_372]
2023-06-07 07:11:28,173 [OM StateMachine ApplyTransaction Thread - 0] ERROR key.OMKeyCreateRequest (OMKeyCreateRequest.java:logResult(380)) - Key creation failed. Volume:9b4a7b47-e57e-41a5-83f0-c4327741142b, Bucket:a3bff131-9808-4263-868f-316cf12f0562, Key:52e03840-a6a3-45b3-a5c3-63390dd39c9b. 
QUOTA_EXCEEDED org.apache.hadoop.ozone.om.exceptions.OMException: The DiskSpace quota of bucket:a3bff131-9808-4263-868f-316cf12f0562 exceeded quotaInBytes: 1 Bytes but diskspace consumed: 4194304 Bytes.
	at org.apache.hadoop.ozone.om.request.key.OMKeyRequest.checkBucketQuotaInBytes(OMKeyRequest.java:536)
	at org.apache.hadoop.ozone.om.request.key.OMKeyCreateRequest.validateAndUpdateCache(OMKeyCreateRequest.java:306)
	at org.apache.hadoop.ozone.protocolPB.OzoneManagerRequestHandler.handleWriteRequest(OzoneManagerRequestHandler.java:338)
	at org.apache.hadoop.ozone.om.ratis.OzoneManagerStateMachine.runCommand(OzoneManagerStateMachine.java:567)
	at org.apache.hadoop.ozone.om.ratis.OzoneManagerStateMachine.lambda$1(OzoneManagerStateMachine.java:358)
	at java.util.concurrent.CompletableFuture$AsyncSupply.run(CompletableFuture.java:1604)
	at java.util.concurrent.ThreadPoolExecutor.runWorker(ThreadPoolExecutor.java:1149)
	at java.util.concurrent.ThreadPoolExecutor$Worker.run(ThreadPoolExecutor.java:624)
	at java.lang.Thread.run(Thread.java:750)
07:11:28.197 [OM StateMachine ApplyTransaction Thread - 0] ERROR OMAudit - user=runner | ip=127.0.0.1 | op=CREATE_FILE {volume=9b4a7b47-e57e-41a5-83f0-c4327741142b, bucket=a3bff131-9808-4263-868f-316cf12f0562, key=9390d7f0-2a7a-4dfc-af80-e8ab03573670, dataSize=4194304, replicationType=RATIS, replicationFactor=ONE} | ret=FAILURE
org.apache.hadoop.ozone.om.exceptions.OMException: The DiskSpace quota of bucket:a3bff131-9808-4263-868f-316cf12f0562 exceeded quotaInBytes: 1 Bytes but diskspace consumed: 4194304 Bytes.
	at org.apache.hadoop.ozone.om.request.key.OMKeyRequest.checkBucketQuotaInBytes(OMKeyRequest.java:536) ~[ozone-manager-1.4.0-SNAPSHOT.jar:?]
	at org.apache.hadoop.ozone.om.request.file.OMFileCreateRequest.validateAndUpdateCache(OMFileCreateRequest.java:278) ~[ozone-manager-1.4.0-SNAPSHOT.jar:?]
	at org.apache.hadoop.ozone.protocolPB.OzoneManagerRequestHandler.handleWriteRequest(OzoneManagerRequestHandler.java:338) ~[ozone-manager-1.4.0-SNAPSHOT.jar:?]
	at org.apache.hadoop.ozone.om.ratis.OzoneManagerStateMachine.runCommand(OzoneManagerStateMachine.java:567) ~[ozone-manager-1.4.0-SNAPSHOT.jar:?]
	at org.apache.hadoop.ozone.om.ratis.OzoneManagerStateMachine.lambda$1(OzoneManagerStateMachine.java:358) ~[ozone-manager-1.4.0-SNAPSHOT.jar:?]
	at java.util.concurrent.CompletableFuture$AsyncSupply.run(CompletableFuture.java:1604) [?:1.8.0_372]
	at java.util.concurrent.ThreadPoolExecutor.runWorker(ThreadPoolExecutor.java:1149) [?:1.8.0_372]
	at java.util.concurrent.ThreadPoolExecutor$Worker.run(ThreadPoolExecutor.java:624) [?:1.8.0_372]
	at java.lang.Thread.run(Thread.java:750) [?:1.8.0_372]
2023-06-07 07:11:28,198 [OM StateMachine ApplyTransaction Thread - 0] ERROR file.OMFileCreateRequest (OMFileCreateRequest.java:validateAndUpdateCache(337)) - File create failed. Volume:9b4a7b47-e57e-41a5-83f0-c4327741142b, Bucket:a3bff131-9808-4263-868f-316cf12f0562, Key9390d7f0-2a7a-4dfc-af80-e8ab03573670.
QUOTA_EXCEEDED org.apache.hadoop.ozone.om.exceptions.OMException: The DiskSpace quota of bucket:a3bff131-9808-4263-868f-316cf12f0562 exceeded quotaInBytes: 1 Bytes but diskspace consumed: 4194304 Bytes.
	at org.apache.hadoop.ozone.om.request.key.OMKeyRequest.checkBucketQuotaInBytes(OMKeyRequest.java:536)
	at org.apache.hadoop.ozone.om.request.file.OMFileCreateRequest.validateAndUpdateCache(OMFileCreateRequest.java:278)
	at org.apache.hadoop.ozone.protocolPB.OzoneManagerRequestHandler.handleWriteRequest(OzoneManagerRequestHandler.java:338)
	at org.apache.hadoop.ozone.om.ratis.OzoneManagerStateMachine.runCommand(OzoneManagerStateMachine.java:567)
	at org.apache.hadoop.ozone.om.ratis.OzoneManagerStateMachine.lambda$1(OzoneManagerStateMachine.java:358)
	at java.util.concurrent.CompletableFuture$AsyncSupply.run(CompletableFuture.java:1604)
	at java.util.concurrent.ThreadPoolExecutor.runWorker(ThreadPoolExecutor.java:1149)
	at java.util.concurrent.ThreadPoolExecutor$Worker.run(ThreadPoolExecutor.java:624)
	at java.lang.Thread.run(Thread.java:750)
2023-06-07 07:11:28,909 [OM StateMachine ApplyTransaction Thread - 0] ERROR key.OMAllocateBlockRequest (OMAllocateBlockRequest.java:validateAndUpdateCache(252)) - Allocate Block failed. Volume:9b4a7b47-e57e-41a5-83f0-c4327741142b, Bucket:a3bff131-9808-4263-868f-316cf12f0562, OpenKey:/9b4a7b47-e57e-41a5-83f0-c4327741142b/a3bff131-9808-4263-868f-316cf12f0562/f1921a5e-9d94-42ae-a77b-f207fab44c30/110501684065665101. Exception:{}
QUOTA_EXCEEDED org.apache.hadoop.ozone.om.exceptions.OMException: The DiskSpace quota of bucket:a3bff131-9808-4263-868f-316cf12f0562 exceeded quotaInBytes: 16777216 Bytes but diskspace consumed: 20971520 Bytes.
	at org.apache.hadoop.ozone.om.request.key.OMKeyRequest.checkBucketQuotaInBytes(OMKeyRequest.java:536)
	at org.apache.hadoop.ozone.om.request.key.OMAllocateBlockRequest.validateAndUpdateCache(OMAllocateBlockRequest.java:224)
	at org.apache.hadoop.ozone.protocolPB.OzoneManagerRequestHandler.handleWriteRequest(OzoneManagerRequestHandler.java:338)
	at org.apache.hadoop.ozone.om.ratis.OzoneManagerStateMachine.runCommand(OzoneManagerStateMachine.java:567)
	at org.apache.hadoop.ozone.om.ratis.OzoneManagerStateMachine.lambda$1(OzoneManagerStateMachine.java:358)
	at java.util.concurrent.CompletableFuture$AsyncSupply.run(CompletableFuture.java:1604)
	at java.util.concurrent.ThreadPoolExecutor.runWorker(ThreadPoolExecutor.java:1149)
	at java.util.concurrent.ThreadPoolExecutor$Worker.run(ThreadPoolExecutor.java:624)
	at java.lang.Thread.run(Thread.java:750)
07:11:28.909 [OM StateMachine ApplyTransaction Thread - 0] ERROR OMAudit - user=runner | ip=127.0.0.1 | op=ALLOCATE_BLOCK {volume=9b4a7b47-e57e-41a5-83f0-c4327741142b, bucket=a3bff131-9808-4263-868f-316cf12f0562, key=f1921a5e-9d94-42ae-a77b-f207fab44c30, dataSize=12, replicationType=RATIS, replicationFactor=ONE, clientID=110501684065665101} | ret=FAILURE
org.apache.hadoop.ozone.om.exceptions.OMException: The DiskSpace quota of bucket:a3bff131-9808-4263-868f-316cf12f0562 exceeded quotaInBytes: 16777216 Bytes but diskspace consumed: 20971520 Bytes.
	at org.apache.hadoop.ozone.om.request.key.OMKeyRequest.checkBucketQuotaInBytes(OMKeyRequest.java:536) ~[ozone-manager-1.4.0-SNAPSHOT.jar:?]
	at org.apache.hadoop.ozone.om.request.key.OMAllocateBlockRequest.validateAndUpdateCache(OMAllocateBlockRequest.java:224) ~[ozone-manager-1.4.0-SNAPSHOT.jar:?]
	at org.apache.hadoop.ozone.protocolPB.OzoneManagerRequestHandler.handleWriteRequest(OzoneManagerRequestHandler.java:338) ~[ozone-manager-1.4.0-SNAPSHOT.jar:?]
	at org.apache.hadoop.ozone.om.ratis.OzoneManagerStateMachine.runCommand(OzoneManagerStateMachine.java:567) ~[ozone-manager-1.4.0-SNAPSHOT.jar:?]
	at org.apache.hadoop.ozone.om.ratis.OzoneManagerStateMachine.lambda$1(OzoneManagerStateMachine.java:358) ~[ozone-manager-1.4.0-SNAPSHOT.jar:?]
	at java.util.concurrent.CompletableFuture$AsyncSupply.run(CompletableFuture.java:1604) [?:1.8.0_372]
	at java.util.concurrent.ThreadPoolExecutor.runWorker(ThreadPoolExecutor.java:1149) [?:1.8.0_372]
	at java.util.concurrent.ThreadPoolExecutor$Worker.run(ThreadPoolExecutor.java:624) [?:1.8.0_372]
	at java.lang.Thread.run(Thread.java:750) [?:1.8.0_372]
]]></system-out>
  </testcase>
  <testcase name="testCommitPartAfterCompleteUpload" classname="org.apache.hadoop.ozone.client.rpc.TestSecureOzoneRpcClient" time="0.761">
    <system-out><![CDATA[2023-06-07 07:11:28,997 [main] INFO  rpc.RpcClient (RpcClient.java:createVolume(459)) - Creating Volume: a80cda8f-2183-4654-b795-60c72de9f56e, with runner as owner and space quota set to -1 bytes, counts quota set to -1
2023-06-07 07:11:29,000 [OM StateMachine ApplyTransaction Thread - 0] INFO  volume.OMVolumeCreateRequest (OMVolumeCreateRequest.java:validateAndUpdateCache(196)) - created volume:a80cda8f-2183-4654-b795-60c72de9f56e for user:runner
2023-06-07 07:11:29,001 [main] INFO  rpc.RpcClient (RpcClient.java:createBucket(686)) - Creating Bucket: a80cda8f-2183-4654-b795-60c72de9f56e/cb314fde-89f3-4c4e-bf88-2760a87f2e75, with server-side default bucket layout, runner as owner, Versioning false, Storage Type set to DISK and Encryption set to false, Replication Type set to server-side default replication type, Namespace Quota set to -1, Space Quota set to -1 
2023-06-07 07:11:29,005 [OM StateMachine ApplyTransaction Thread - 0] INFO  bucket.OMBucketCreateRequest (OMBucketCreateRequest.java:validateAndUpdateCache(270)) - created bucket: cb314fde-89f3-4c4e-bf88-2760a87f2e75 of layout OBJECT_STORE in volume: a80cda8f-2183-4654-b795-60c72de9f56e
2023-06-07 07:11:29,467 [IPC Server handler 4 on default port 15001] WARN  node.SCMNodeManager (SCMNodeManager.java:getNodesByAddress(1381)) - Cannot find node for address 127.0.0.1
2023-06-07 07:11:29,469 [IPC Server handler 2 on default port 15001] WARN  node.SCMNodeManager (SCMNodeManager.java:getNodesByAddress(1381)) - Cannot find node for address 127.0.0.1
07:11:29.756 [OM StateMachine ApplyTransaction Thread - 0] ERROR OMAudit - user=runner | ip=127.0.0.1 | op=COMMIT_MULTIPART_UPLOAD_PARTKEY {volume=a80cda8f-2183-4654-b795-60c72de9f56e, bucket=cb314fde-89f3-4c4e-bf88-2760a87f2e75, key=10a08a0d-f8e0-4089-b6b0-1cca0f53f05d, dataSize=5242880, replicationType=NONE, replicationFactor=ZERO, partNumber=2, partName=/a80cda8f-2183-4654-b795-60c72de9f56e/cb314fde-89f3-4c4e-bf88-2760a87f2e75/10a08a0d-f8e0-4089-b6b0-1cca0f53f05d-4c25f8d1-b871-4e68-8024-89eda5d92de8-110501684117962832-2} | ret=FAILURE
org.apache.hadoop.ozone.om.exceptions.OMException: No such Multipart upload is with specified uploadId 4c25f8d1-b871-4e68-8024-89eda5d92de8-110501684117962832
	at org.apache.hadoop.ozone.om.request.s3.multipart.S3MultipartUploadCommitPartRequest.validateAndUpdateCache(S3MultipartUploadCommitPartRequest.java:188) ~[ozone-manager-1.4.0-SNAPSHOT.jar:?]
	at org.apache.hadoop.ozone.protocolPB.OzoneManagerRequestHandler.handleWriteRequest(OzoneManagerRequestHandler.java:338) ~[ozone-manager-1.4.0-SNAPSHOT.jar:?]
	at org.apache.hadoop.ozone.om.ratis.OzoneManagerStateMachine.runCommand(OzoneManagerStateMachine.java:567) ~[ozone-manager-1.4.0-SNAPSHOT.jar:?]
	at org.apache.hadoop.ozone.om.ratis.OzoneManagerStateMachine.lambda$1(OzoneManagerStateMachine.java:358) ~[ozone-manager-1.4.0-SNAPSHOT.jar:?]
	at java.util.concurrent.CompletableFuture$AsyncSupply.run(CompletableFuture.java:1604) [?:1.8.0_372]
	at java.util.concurrent.ThreadPoolExecutor.runWorker(ThreadPoolExecutor.java:1149) [?:1.8.0_372]
	at java.util.concurrent.ThreadPoolExecutor$Worker.run(ThreadPoolExecutor.java:624) [?:1.8.0_372]
	at java.lang.Thread.run(Thread.java:750) [?:1.8.0_372]
2023-06-07 07:11:29,756 [OM StateMachine ApplyTransaction Thread - 0] ERROR multipart.S3MultipartUploadCommitPartRequest (S3MultipartUploadCommitPartRequest.java:logResult(327)) - MultipartUpload Commit is failed for Key:10a08a0d-f8e0-4089-b6b0-1cca0f53f05d in Volume/Bucket a80cda8f-2183-4654-b795-60c72de9f56e/cb314fde-89f3-4c4e-bf88-2760a87f2e75
NO_SUCH_MULTIPART_UPLOAD_ERROR org.apache.hadoop.ozone.om.exceptions.OMException: No such Multipart upload is with specified uploadId 4c25f8d1-b871-4e68-8024-89eda5d92de8-110501684117962832
	at org.apache.hadoop.ozone.om.request.s3.multipart.S3MultipartUploadCommitPartRequest.validateAndUpdateCache(S3MultipartUploadCommitPartRequest.java:188)
	at org.apache.hadoop.ozone.protocolPB.OzoneManagerRequestHandler.handleWriteRequest(OzoneManagerRequestHandler.java:338)
	at org.apache.hadoop.ozone.om.ratis.OzoneManagerStateMachine.runCommand(OzoneManagerStateMachine.java:567)
	at org.apache.hadoop.ozone.om.ratis.OzoneManagerStateMachine.lambda$1(OzoneManagerStateMachine.java:358)
	at java.util.concurrent.CompletableFuture$AsyncSupply.run(CompletableFuture.java:1604)
	at java.util.concurrent.ThreadPoolExecutor.runWorker(ThreadPoolExecutor.java:1149)
	at java.util.concurrent.ThreadPoolExecutor$Worker.run(ThreadPoolExecutor.java:624)
	at java.lang.Thread.run(Thread.java:750)
]]></system-out>
  </testcase>
  <testcase name="testCreateBucket" classname="org.apache.hadoop.ozone.client.rpc.TestSecureOzoneRpcClient" time="0.013">
    <system-out><![CDATA[2023-06-07 07:11:29,759 [main] INFO  rpc.RpcClient (RpcClient.java:createVolume(459)) - Creating Volume: 65714dbe-a627-49ec-819b-58fb200d0289, with runner as owner and space quota set to -1 bytes, counts quota set to -1
2023-06-07 07:11:29,762 [OM StateMachine ApplyTransaction Thread - 0] INFO  volume.OMVolumeCreateRequest (OMVolumeCreateRequest.java:validateAndUpdateCache(196)) - created volume:65714dbe-a627-49ec-819b-58fb200d0289 for user:runner
2023-06-07 07:11:29,764 [main] INFO  rpc.RpcClient (RpcClient.java:createBucket(686)) - Creating Bucket: 65714dbe-a627-49ec-819b-58fb200d0289/b85a2f78-f5e7-40ec-b857-af660c7b8a71, with server-side default bucket layout, runner as owner, Versioning false, Storage Type set to DISK and Encryption set to false, Replication Type set to server-side default replication type, Namespace Quota set to -1, Space Quota set to -1 
2023-06-07 07:11:29,766 [OM StateMachine ApplyTransaction Thread - 0] INFO  bucket.OMBucketCreateRequest (OMBucketCreateRequest.java:validateAndUpdateCache(270)) - created bucket: b85a2f78-f5e7-40ec-b857-af660c7b8a71 of layout OBJECT_STORE in volume: 65714dbe-a627-49ec-819b-58fb200d0289
]]></system-out>
  </testcase>
  <testcase name="testCreateBucketWithAcls" classname="org.apache.hadoop.ozone.client.rpc.TestSecureOzoneRpcClient" time="0.01">
    <system-out><![CDATA[2023-06-07 07:11:29,774 [main] INFO  rpc.RpcClient (RpcClient.java:createVolume(459)) - Creating Volume: 1d414252-c07c-4f16-8f5b-9d2780aded97, with runner as owner and space quota set to -1 bytes, counts quota set to -1
2023-06-07 07:11:29,776 [OM StateMachine ApplyTransaction Thread - 0] INFO  volume.OMVolumeCreateRequest (OMVolumeCreateRequest.java:validateAndUpdateCache(196)) - created volume:1d414252-c07c-4f16-8f5b-9d2780aded97 for user:runner
2023-06-07 07:11:29,778 [main] INFO  rpc.RpcClient (RpcClient.java:createBucket(686)) - Creating Bucket: 1d414252-c07c-4f16-8f5b-9d2780aded97/db54129d-ef4d-4ba9-b798-3ccf4d3fa251, with server-side default bucket layout, runner as owner, Versioning false, Storage Type set to DISK and Encryption set to false, Replication Type set to server-side default replication type, Namespace Quota set to -1, Space Quota set to -1 
2023-06-07 07:11:29,780 [OM StateMachine ApplyTransaction Thread - 0] INFO  bucket.OMBucketCreateRequest (OMBucketCreateRequest.java:validateAndUpdateCache(270)) - created bucket: db54129d-ef4d-4ba9-b798-3ccf4d3fa251 of layout OBJECT_STORE in volume: 1d414252-c07c-4f16-8f5b-9d2780aded97
]]></system-out>
  </testcase>
  <testcase name="testCreateBucketWithAllArgument" classname="org.apache.hadoop.ozone.client.rpc.TestSecureOzoneRpcClient" time="0.017">
    <system-out><![CDATA[2023-06-07 07:11:29,785 [main] INFO  rpc.RpcClient (RpcClient.java:createVolume(459)) - Creating Volume: 5092bc0c-ea95-4516-82dc-2a354c05d5fe, with runner as owner and space quota set to -1 bytes, counts quota set to -1
2023-06-07 07:11:29,787 [OM StateMachine ApplyTransaction Thread - 0] INFO  volume.OMVolumeCreateRequest (OMVolumeCreateRequest.java:validateAndUpdateCache(196)) - created volume:5092bc0c-ea95-4516-82dc-2a354c05d5fe for user:runner
2023-06-07 07:11:29,790 [main] INFO  rpc.RpcClient (RpcClient.java:createBucket(686)) - Creating Bucket: 5092bc0c-ea95-4516-82dc-2a354c05d5fe/29b227ad-e5b6-4c21-806c-b13293220aa5, with server-side default bucket layout, runner as owner, Versioning true, Storage Type set to SSD and Encryption set to false, Replication Type set to EC, Namespace Quota set to -1, Space Quota set to -1 
2023-06-07 07:11:29,795 [OM StateMachine ApplyTransaction Thread - 0] INFO  bucket.OMBucketCreateRequest (OMBucketCreateRequest.java:validateAndUpdateCache(270)) - created bucket: 29b227ad-e5b6-4c21-806c-b13293220aa5 of layout OBJECT_STORE in volume: 5092bc0c-ea95-4516-82dc-2a354c05d5fe
]]></system-out>
  </testcase>
  <testcase name="testCreateBucketWithMetadata" classname="org.apache.hadoop.ozone.client.rpc.TestSecureOzoneRpcClient" time="0.01">
    <system-out><![CDATA[2023-06-07 07:11:29,803 [main] INFO  rpc.RpcClient (RpcClient.java:createVolume(459)) - Creating Volume: 7ce6f8f2-34dc-4ae7-8781-ec53c25f7d29, with runner as owner and space quota set to -1 bytes, counts quota set to -1
2023-06-07 07:11:29,805 [OM StateMachine ApplyTransaction Thread - 0] INFO  volume.OMVolumeCreateRequest (OMVolumeCreateRequest.java:validateAndUpdateCache(196)) - created volume:7ce6f8f2-34dc-4ae7-8781-ec53c25f7d29 for user:runner
2023-06-07 07:11:29,807 [main] INFO  rpc.RpcClient (RpcClient.java:createBucket(686)) - Creating Bucket: 7ce6f8f2-34dc-4ae7-8781-ec53c25f7d29/d98961b5-0dc2-4125-9282-e1dc4364ab03, with server-side default bucket layout, runner as owner, Versioning false, Storage Type set to DISK and Encryption set to false, Replication Type set to server-side default replication type, Namespace Quota set to -1, Space Quota set to -1 
2023-06-07 07:11:29,810 [OM StateMachine ApplyTransaction Thread - 0] INFO  bucket.OMBucketCreateRequest (OMBucketCreateRequest.java:validateAndUpdateCache(270)) - created bucket: d98961b5-0dc2-4125-9282-e1dc4364ab03 of layout OBJECT_STORE in volume: 7ce6f8f2-34dc-4ae7-8781-ec53c25f7d29
]]></system-out>
  </testcase>
  <testcase name="testCreateBucketWithReplicationConfig" classname="org.apache.hadoop.ozone.client.rpc.TestSecureOzoneRpcClient" time="0.009">
    <system-out><![CDATA[2023-06-07 07:11:29,815 [main] INFO  rpc.RpcClient (RpcClient.java:createVolume(459)) - Creating Volume: 2bf6e00a-0fe9-4881-a623-a843d10024e6, with runner as owner and space quota set to -1 bytes, counts quota set to -1
2023-06-07 07:11:29,817 [OM StateMachine ApplyTransaction Thread - 0] INFO  volume.OMVolumeCreateRequest (OMVolumeCreateRequest.java:validateAndUpdateCache(196)) - created volume:2bf6e00a-0fe9-4881-a623-a843d10024e6 for user:runner
2023-06-07 07:11:29,818 [main] INFO  rpc.RpcClient (RpcClient.java:createBucket(686)) - Creating Bucket: 2bf6e00a-0fe9-4881-a623-a843d10024e6/17888b91-f08d-4727-92a2-8fc7f59bbc39, with server-side default bucket layout, runner as owner, Versioning false, Storage Type set to DISK and Encryption set to false, Replication Type set to EC, Namespace Quota set to -1, Space Quota set to -1 
2023-06-07 07:11:29,821 [OM StateMachine ApplyTransaction Thread - 0] INFO  bucket.OMBucketCreateRequest (OMBucketCreateRequest.java:validateAndUpdateCache(270)) - created bucket: 17888b91-f08d-4727-92a2-8fc7f59bbc39 of layout OBJECT_STORE in volume: 2bf6e00a-0fe9-4881-a623-a843d10024e6
]]></system-out>
  </testcase>
  <testcase name="testCreateBucketWithStorageType" classname="org.apache.hadoop.ozone.client.rpc.TestSecureOzoneRpcClient" time="0.011">
    <system-out><![CDATA[2023-06-07 07:11:29,826 [main] INFO  rpc.RpcClient (RpcClient.java:createVolume(459)) - Creating Volume: 85bceb73-4715-403a-9437-d1816967ed2d, with runner as owner and space quota set to -1 bytes, counts quota set to -1
2023-06-07 07:11:29,828 [OM StateMachine ApplyTransaction Thread - 0] INFO  volume.OMVolumeCreateRequest (OMVolumeCreateRequest.java:validateAndUpdateCache(196)) - created volume:85bceb73-4715-403a-9437-d1816967ed2d for user:runner
2023-06-07 07:11:29,830 [main] INFO  rpc.RpcClient (RpcClient.java:createBucket(686)) - Creating Bucket: 85bceb73-4715-403a-9437-d1816967ed2d/1980c132-a32a-4f33-81a8-a91faeba51ed, with server-side default bucket layout, runner as owner, Versioning false, Storage Type set to SSD and Encryption set to false, Replication Type set to server-side default replication type, Namespace Quota set to -1, Space Quota set to -1 
2023-06-07 07:11:29,832 [OM StateMachine ApplyTransaction Thread - 0] INFO  bucket.OMBucketCreateRequest (OMBucketCreateRequest.java:validateAndUpdateCache(270)) - created bucket: 1980c132-a32a-4f33-81a8-a91faeba51ed of layout OBJECT_STORE in volume: 85bceb73-4715-403a-9437-d1816967ed2d
]]></system-out>
  </testcase>
  <testcase name="testCreateBucketWithVersioning" classname="org.apache.hadoop.ozone.client.rpc.TestSecureOzoneRpcClient" time="0.012">
    <system-out><![CDATA[2023-06-07 07:11:29,837 [main] INFO  rpc.RpcClient (RpcClient.java:createVolume(459)) - Creating Volume: 77002315-18a5-4789-8569-6bf8fc70f2bf, with runner as owner and space quota set to -1 bytes, counts quota set to -1
2023-06-07 07:11:29,841 [OM StateMachine ApplyTransaction Thread - 0] INFO  volume.OMVolumeCreateRequest (OMVolumeCreateRequest.java:validateAndUpdateCache(196)) - created volume:77002315-18a5-4789-8569-6bf8fc70f2bf for user:runner
2023-06-07 07:11:29,843 [main] INFO  rpc.RpcClient (RpcClient.java:createBucket(686)) - Creating Bucket: 77002315-18a5-4789-8569-6bf8fc70f2bf/b6ce2c9a-e224-4ad2-b246-ee155868b41d, with server-side default bucket layout, runner as owner, Versioning true, Storage Type set to DISK and Encryption set to false, Replication Type set to server-side default replication type, Namespace Quota set to -1, Space Quota set to -1 
2023-06-07 07:11:29,846 [OM StateMachine ApplyTransaction Thread - 0] INFO  bucket.OMBucketCreateRequest (OMBucketCreateRequest.java:validateAndUpdateCache(270)) - created bucket: b6ce2c9a-e224-4ad2-b246-ee155868b41d of layout OBJECT_STORE in volume: 77002315-18a5-4789-8569-6bf8fc70f2bf
]]></system-out>
  </testcase>
  <testcase name="testCreateS3Bucket" classname="org.apache.hadoop.ozone.client.rpc.TestSecureOzoneRpcClient" time="0.013">
    <system-out><![CDATA[2023-06-07 07:11:29,855 [main] INFO  rpc.RpcClient (RpcClient.java:createBucket(686)) - Creating Bucket: s3v/ada4153a-befc-4545-80c8-a9c386bc9db6, with bucket layout OBJECT_STORE, runner as owner, Versioning false, Storage Type set to DISK and Encryption set to false, Replication Type set to server-side default replication type, Namespace Quota set to -1, Space Quota set to -1 
2023-06-07 07:11:29,858 [OM StateMachine ApplyTransaction Thread - 0] INFO  bucket.OMBucketCreateRequest (OMBucketCreateRequest.java:validateAndUpdateCache(270)) - created bucket: ada4153a-befc-4545-80c8-a9c386bc9db6 of layout OBJECT_STORE in volume: s3v
]]></system-out>
  </testcase>
  <testcase name="testCreateVolumeWithMetadata" classname="org.apache.hadoop.ozone.client.rpc.TestSecureOzoneRpcClient" time="0.007">
    <system-out><![CDATA[2023-06-07 07:11:29,864 [main] INFO  rpc.RpcClient (RpcClient.java:createVolume(459)) - Creating Volume: 69be5e9c-10fd-4449-b400-d81b981c4ca2, with runner as owner and space quota set to -1 bytes, counts quota set to -1
2023-06-07 07:11:29,867 [OM StateMachine ApplyTransaction Thread - 0] INFO  volume.OMVolumeCreateRequest (OMVolumeCreateRequest.java:validateAndUpdateCache(196)) - created volume:69be5e9c-10fd-4449-b400-d81b981c4ca2 for user:runner
]]></system-out>
  </testcase>
  <testcase name="testDefaultS3GVolumeExists" classname="org.apache.hadoop.ozone.client.rpc.TestSecureOzoneRpcClient" time="0.001"/>
  <testcase name="testDeleteBucket" classname="org.apache.hadoop.ozone.client.rpc.TestSecureOzoneRpcClient" time="0.022">
    <system-out><![CDATA[2023-06-07 07:11:29,873 [main] INFO  rpc.RpcClient (RpcClient.java:createVolume(459)) - Creating Volume: 969727e1-be44-4765-8258-a1cf1ffe7f20, with runner as owner and space quota set to -1 bytes, counts quota set to -1
2023-06-07 07:11:29,876 [OM StateMachine ApplyTransaction Thread - 0] INFO  volume.OMVolumeCreateRequest (OMVolumeCreateRequest.java:validateAndUpdateCache(196)) - created volume:969727e1-be44-4765-8258-a1cf1ffe7f20 for user:runner
2023-06-07 07:11:29,879 [main] INFO  rpc.RpcClient (RpcClient.java:createBucket(686)) - Creating Bucket: 969727e1-be44-4765-8258-a1cf1ffe7f20/4a3d3261-6902-4b05-9a94-1bbe10042b04, with server-side default bucket layout, runner as owner, Versioning false, Storage Type set to DISK and Encryption set to false, Replication Type set to server-side default replication type, Namespace Quota set to -1, Space Quota set to -1 
2023-06-07 07:11:29,881 [OM StateMachine ApplyTransaction Thread - 0] INFO  bucket.OMBucketCreateRequest (OMBucketCreateRequest.java:validateAndUpdateCache(270)) - created bucket: 4a3d3261-6902-4b05-9a94-1bbe10042b04 of layout OBJECT_STORE in volume: 969727e1-be44-4765-8258-a1cf1ffe7f20
07:11:29.892 [IPC Server handler 4 on default port 15004] ERROR OMAudit - user=runner | ip=127.0.0.1 | op=READ_BUCKET {volume=969727e1-be44-4765-8258-a1cf1ffe7f20, bucket=4a3d3261-6902-4b05-9a94-1bbe10042b04} | ret=FAILURE
org.apache.hadoop.ozone.om.exceptions.OMException: Bucket not found
	at org.apache.hadoop.ozone.om.OzoneManager.getBucketOwner(OzoneManager.java:2492) ~[ozone-manager-1.4.0-SNAPSHOT.jar:?]
	at org.apache.hadoop.ozone.om.OzoneManager.getBucketOwner(OzoneManager.java:2462) ~[ozone-manager-1.4.0-SNAPSHOT.jar:?]
	at org.apache.hadoop.ozone.om.OmMetadataReader.checkAcls(OmMetadataReader.java:443) ~[ozone-manager-1.4.0-SNAPSHOT.jar:?]
	at org.apache.hadoop.ozone.om.OzoneManager.getBucketInfo(OzoneManager.java:2752) ~[ozone-manager-1.4.0-SNAPSHOT.jar:?]
	at org.apache.hadoop.ozone.protocolPB.OzoneManagerRequestHandler.infoBucket(OzoneManagerRequestHandler.java:510) ~[ozone-manager-1.4.0-SNAPSHOT.jar:?]
	at org.apache.hadoop.ozone.protocolPB.OzoneManagerRequestHandler.handleReadRequest(OzoneManagerRequestHandler.java:189) ~[ozone-manager-1.4.0-SNAPSHOT.jar:?]
	at org.apache.hadoop.ozone.protocolPB.OzoneManagerProtocolServerSideTranslatorPB.submitReadRequestToOM(OzoneManagerProtocolServerSideTranslatorPB.java:223) ~[ozone-manager-1.4.0-SNAPSHOT.jar:?]
	at org.apache.hadoop.ozone.protocolPB.OzoneManagerProtocolServerSideTranslatorPB.processRequest(OzoneManagerProtocolServerSideTranslatorPB.java:177) ~[ozone-manager-1.4.0-SNAPSHOT.jar:?]
	at org.apache.hadoop.hdds.server.OzoneProtocolMessageDispatcher.processRequest(OzoneProtocolMessageDispatcher.java:87) [hdds-server-framework-1.4.0-SNAPSHOT.jar:?]
	at org.apache.hadoop.ozone.protocolPB.OzoneManagerProtocolServerSideTranslatorPB.submitRequest(OzoneManagerProtocolServerSideTranslatorPB.java:147) [ozone-manager-1.4.0-SNAPSHOT.jar:?]
	at org.apache.hadoop.ozone.protocol.proto.OzoneManagerProtocolProtos$OzoneManagerService$2.callBlockingMethod(OzoneManagerProtocolProtos.java) [ozone-interface-client-1.4.0-SNAPSHOT.jar:?]
	at org.apache.hadoop.ipc.ProtobufRpcEngine$Server.processCall(ProtobufRpcEngine.java:484) [hadoop-common-3.3.5.jar:?]
	at org.apache.hadoop.ipc.ProtobufRpcEngine2$Server$ProtoBufRpcInvoker.call(ProtobufRpcEngine2.java:595) [hadoop-common-3.3.5.jar:?]
	at org.apache.hadoop.ipc.ProtobufRpcEngine2$Server$ProtoBufRpcInvoker.call(ProtobufRpcEngine2.java:573) [hadoop-common-3.3.5.jar:?]
	at org.apache.hadoop.ipc.RPC$Server.call(RPC.java:1213) [hadoop-common-3.3.5.jar:?]
	at org.apache.hadoop.ipc.Server$RpcCall.run(Server.java:1089) [hadoop-common-3.3.5.jar:?]
	at org.apache.hadoop.ipc.Server$RpcCall.run(Server.java:1012) [hadoop-common-3.3.5.jar:?]
	at java.security.AccessController.doPrivileged(Native Method) ~[?:1.8.0_372]
	at javax.security.auth.Subject.doAs(Subject.java:422) [?:1.8.0_372]
	at org.apache.hadoop.security.UserGroupInformation.doAs(UserGroupInformation.java:1899) [hadoop-common-3.3.5.jar:?]
	at org.apache.hadoop.ipc.Server$Handler.run(Server.java:3026) [hadoop-common-3.3.5.jar:?]
]]></system-out>
  </testcase>
  <testcase name="testDeleteBucketWithTheSamePrefix(BucketLayout)[1]" classname="org.apache.hadoop.ozone.client.rpc.TestSecureOzoneRpcClient" time="0.033">
    <system-out><![CDATA[2023-06-07 07:11:29,899 [main] INFO  rpc.RpcClient (RpcClient.java:createVolume(459)) - Creating Volume: 032c0912-df86-496e-9f95-40ed7c696639, with runner as owner and space quota set to -1 bytes, counts quota set to -1
2023-06-07 07:11:29,901 [OM StateMachine ApplyTransaction Thread - 0] INFO  volume.OMVolumeCreateRequest (OMVolumeCreateRequest.java:validateAndUpdateCache(196)) - created volume:032c0912-df86-496e-9f95-40ed7c696639 for user:runner
2023-06-07 07:11:29,904 [main] INFO  rpc.RpcClient (RpcClient.java:createBucket(686)) - Creating Bucket: 032c0912-df86-496e-9f95-40ed7c696639/bucket1, with bucket layout OBJECT_STORE, runner as owner, Versioning false, Storage Type set to DISK and Encryption set to false, Replication Type set to server-side default replication type, Namespace Quota set to -1, Space Quota set to -1 
2023-06-07 07:11:29,907 [OM StateMachine ApplyTransaction Thread - 0] INFO  bucket.OMBucketCreateRequest (OMBucketCreateRequest.java:validateAndUpdateCache(270)) - created bucket: bucket1 of layout OBJECT_STORE in volume: 032c0912-df86-496e-9f95-40ed7c696639
2023-06-07 07:11:29,910 [main] INFO  rpc.RpcClient (RpcClient.java:createBucket(686)) - Creating Bucket: 032c0912-df86-496e-9f95-40ed7c696639/bucket11, with bucket layout OBJECT_STORE, runner as owner, Versioning false, Storage Type set to DISK and Encryption set to false, Replication Type set to server-side default replication type, Namespace Quota set to -1, Space Quota set to -1 
2023-06-07 07:11:29,912 [OM StateMachine ApplyTransaction Thread - 0] INFO  bucket.OMBucketCreateRequest (OMBucketCreateRequest.java:validateAndUpdateCache(270)) - created bucket: bucket11 of layout OBJECT_STORE in volume: 032c0912-df86-496e-9f95-40ed7c696639
07:11:29.928 [IPC Server handler 0 on default port 15004] ERROR OMAudit - user=runner | ip=127.0.0.1 | op=READ_BUCKET {volume=032c0912-df86-496e-9f95-40ed7c696639, bucket=bucket1} | ret=FAILURE
org.apache.hadoop.ozone.om.exceptions.OMException: Bucket not found
	at org.apache.hadoop.ozone.om.OzoneManager.getBucketOwner(OzoneManager.java:2492) ~[ozone-manager-1.4.0-SNAPSHOT.jar:?]
	at org.apache.hadoop.ozone.om.OzoneManager.getBucketOwner(OzoneManager.java:2462) ~[ozone-manager-1.4.0-SNAPSHOT.jar:?]
	at org.apache.hadoop.ozone.om.OmMetadataReader.checkAcls(OmMetadataReader.java:443) ~[ozone-manager-1.4.0-SNAPSHOT.jar:?]
	at org.apache.hadoop.ozone.om.OzoneManager.getBucketInfo(OzoneManager.java:2752) ~[ozone-manager-1.4.0-SNAPSHOT.jar:?]
	at org.apache.hadoop.ozone.protocolPB.OzoneManagerRequestHandler.infoBucket(OzoneManagerRequestHandler.java:510) ~[ozone-manager-1.4.0-SNAPSHOT.jar:?]
	at org.apache.hadoop.ozone.protocolPB.OzoneManagerRequestHandler.handleReadRequest(OzoneManagerRequestHandler.java:189) ~[ozone-manager-1.4.0-SNAPSHOT.jar:?]
	at org.apache.hadoop.ozone.protocolPB.OzoneManagerProtocolServerSideTranslatorPB.submitReadRequestToOM(OzoneManagerProtocolServerSideTranslatorPB.java:223) ~[ozone-manager-1.4.0-SNAPSHOT.jar:?]
	at org.apache.hadoop.ozone.protocolPB.OzoneManagerProtocolServerSideTranslatorPB.processRequest(OzoneManagerProtocolServerSideTranslatorPB.java:177) ~[ozone-manager-1.4.0-SNAPSHOT.jar:?]
	at org.apache.hadoop.hdds.server.OzoneProtocolMessageDispatcher.processRequest(OzoneProtocolMessageDispatcher.java:87) [hdds-server-framework-1.4.0-SNAPSHOT.jar:?]
	at org.apache.hadoop.ozone.protocolPB.OzoneManagerProtocolServerSideTranslatorPB.submitRequest(OzoneManagerProtocolServerSideTranslatorPB.java:147) [ozone-manager-1.4.0-SNAPSHOT.jar:?]
	at org.apache.hadoop.ozone.protocol.proto.OzoneManagerProtocolProtos$OzoneManagerService$2.callBlockingMethod(OzoneManagerProtocolProtos.java) [ozone-interface-client-1.4.0-SNAPSHOT.jar:?]
	at org.apache.hadoop.ipc.ProtobufRpcEngine$Server.processCall(ProtobufRpcEngine.java:484) [hadoop-common-3.3.5.jar:?]
	at org.apache.hadoop.ipc.ProtobufRpcEngine2$Server$ProtoBufRpcInvoker.call(ProtobufRpcEngine2.java:595) [hadoop-common-3.3.5.jar:?]
	at org.apache.hadoop.ipc.ProtobufRpcEngine2$Server$ProtoBufRpcInvoker.call(ProtobufRpcEngine2.java:573) [hadoop-common-3.3.5.jar:?]
	at org.apache.hadoop.ipc.RPC$Server.call(RPC.java:1213) [hadoop-common-3.3.5.jar:?]
	at org.apache.hadoop.ipc.Server$RpcCall.run(Server.java:1089) [hadoop-common-3.3.5.jar:?]
	at org.apache.hadoop.ipc.Server$RpcCall.run(Server.java:1012) [hadoop-common-3.3.5.jar:?]
	at java.security.AccessController.doPrivileged(Native Method) ~[?:1.8.0_372]
	at javax.security.auth.Subject.doAs(Subject.java:422) [?:1.8.0_372]
	at org.apache.hadoop.security.UserGroupInformation.doAs(UserGroupInformation.java:1899) [hadoop-common-3.3.5.jar:?]
	at org.apache.hadoop.ipc.Server$Handler.run(Server.java:3026) [hadoop-common-3.3.5.jar:?]
]]></system-out>
  </testcase>
  <testcase name="testDeleteBucketWithTheSamePrefix(BucketLayout)[2]" classname="org.apache.hadoop.ozone.client.rpc.TestSecureOzoneRpcClient" time="0.025">
    <system-out><![CDATA[2023-06-07 07:11:29,931 [main] INFO  rpc.RpcClient (RpcClient.java:createVolume(459)) - Creating Volume: b554e0ab-35b0-40be-9b09-b62c3e5211c9, with runner as owner and space quota set to -1 bytes, counts quota set to -1
2023-06-07 07:11:29,934 [OM StateMachine ApplyTransaction Thread - 0] INFO  volume.OMVolumeCreateRequest (OMVolumeCreateRequest.java:validateAndUpdateCache(196)) - created volume:b554e0ab-35b0-40be-9b09-b62c3e5211c9 for user:runner
2023-06-07 07:11:29,936 [main] INFO  rpc.RpcClient (RpcClient.java:createBucket(686)) - Creating Bucket: b554e0ab-35b0-40be-9b09-b62c3e5211c9/bucket1, with bucket layout LEGACY, runner as owner, Versioning false, Storage Type set to DISK and Encryption set to false, Replication Type set to server-side default replication type, Namespace Quota set to -1, Space Quota set to -1 
2023-06-07 07:11:29,938 [OM StateMachine ApplyTransaction Thread - 0] INFO  bucket.OMBucketCreateRequest (OMBucketCreateRequest.java:validateAndUpdateCache(270)) - created bucket: bucket1 of layout LEGACY in volume: b554e0ab-35b0-40be-9b09-b62c3e5211c9
2023-06-07 07:11:29,939 [main] INFO  rpc.RpcClient (RpcClient.java:createBucket(686)) - Creating Bucket: b554e0ab-35b0-40be-9b09-b62c3e5211c9/bucket11, with bucket layout LEGACY, runner as owner, Versioning false, Storage Type set to DISK and Encryption set to false, Replication Type set to server-side default replication type, Namespace Quota set to -1, Space Quota set to -1 
2023-06-07 07:11:29,941 [OM StateMachine ApplyTransaction Thread - 0] INFO  bucket.OMBucketCreateRequest (OMBucketCreateRequest.java:validateAndUpdateCache(270)) - created bucket: bucket11 of layout LEGACY in volume: b554e0ab-35b0-40be-9b09-b62c3e5211c9
07:11:29.955 [IPC Server handler 10 on default port 15004] ERROR OMAudit - user=runner | ip=127.0.0.1 | op=READ_BUCKET {volume=b554e0ab-35b0-40be-9b09-b62c3e5211c9, bucket=bucket1} | ret=FAILURE
org.apache.hadoop.ozone.om.exceptions.OMException: Bucket not found
	at org.apache.hadoop.ozone.om.OzoneManager.getBucketOwner(OzoneManager.java:2492) ~[ozone-manager-1.4.0-SNAPSHOT.jar:?]
	at org.apache.hadoop.ozone.om.OzoneManager.getBucketOwner(OzoneManager.java:2462) ~[ozone-manager-1.4.0-SNAPSHOT.jar:?]
	at org.apache.hadoop.ozone.om.OmMetadataReader.checkAcls(OmMetadataReader.java:443) ~[ozone-manager-1.4.0-SNAPSHOT.jar:?]
	at org.apache.hadoop.ozone.om.OzoneManager.getBucketInfo(OzoneManager.java:2752) ~[ozone-manager-1.4.0-SNAPSHOT.jar:?]
	at org.apache.hadoop.ozone.protocolPB.OzoneManagerRequestHandler.infoBucket(OzoneManagerRequestHandler.java:510) ~[ozone-manager-1.4.0-SNAPSHOT.jar:?]
	at org.apache.hadoop.ozone.protocolPB.OzoneManagerRequestHandler.handleReadRequest(OzoneManagerRequestHandler.java:189) ~[ozone-manager-1.4.0-SNAPSHOT.jar:?]
	at org.apache.hadoop.ozone.protocolPB.OzoneManagerProtocolServerSideTranslatorPB.submitReadRequestToOM(OzoneManagerProtocolServerSideTranslatorPB.java:223) ~[ozone-manager-1.4.0-SNAPSHOT.jar:?]
	at org.apache.hadoop.ozone.protocolPB.OzoneManagerProtocolServerSideTranslatorPB.processRequest(OzoneManagerProtocolServerSideTranslatorPB.java:177) ~[ozone-manager-1.4.0-SNAPSHOT.jar:?]
	at org.apache.hadoop.hdds.server.OzoneProtocolMessageDispatcher.processRequest(OzoneProtocolMessageDispatcher.java:87) [hdds-server-framework-1.4.0-SNAPSHOT.jar:?]
	at org.apache.hadoop.ozone.protocolPB.OzoneManagerProtocolServerSideTranslatorPB.submitRequest(OzoneManagerProtocolServerSideTranslatorPB.java:147) [ozone-manager-1.4.0-SNAPSHOT.jar:?]
	at org.apache.hadoop.ozone.protocol.proto.OzoneManagerProtocolProtos$OzoneManagerService$2.callBlockingMethod(OzoneManagerProtocolProtos.java) [ozone-interface-client-1.4.0-SNAPSHOT.jar:?]
	at org.apache.hadoop.ipc.ProtobufRpcEngine$Server.processCall(ProtobufRpcEngine.java:484) [hadoop-common-3.3.5.jar:?]
	at org.apache.hadoop.ipc.ProtobufRpcEngine2$Server$ProtoBufRpcInvoker.call(ProtobufRpcEngine2.java:595) [hadoop-common-3.3.5.jar:?]
	at org.apache.hadoop.ipc.ProtobufRpcEngine2$Server$ProtoBufRpcInvoker.call(ProtobufRpcEngine2.java:573) [hadoop-common-3.3.5.jar:?]
	at org.apache.hadoop.ipc.RPC$Server.call(RPC.java:1213) [hadoop-common-3.3.5.jar:?]
	at org.apache.hadoop.ipc.Server$RpcCall.run(Server.java:1089) [hadoop-common-3.3.5.jar:?]
	at org.apache.hadoop.ipc.Server$RpcCall.run(Server.java:1012) [hadoop-common-3.3.5.jar:?]
	at java.security.AccessController.doPrivileged(Native Method) ~[?:1.8.0_372]
	at javax.security.auth.Subject.doAs(Subject.java:422) [?:1.8.0_372]
	at org.apache.hadoop.security.UserGroupInformation.doAs(UserGroupInformation.java:1899) [hadoop-common-3.3.5.jar:?]
	at org.apache.hadoop.ipc.Server$Handler.run(Server.java:3026) [hadoop-common-3.3.5.jar:?]
]]></system-out>
  </testcase>
  <testcase name="testDeleteBucketWithTheSamePrefix(BucketLayout)[3]" classname="org.apache.hadoop.ozone.client.rpc.TestSecureOzoneRpcClient" time="0.026">
    <system-out><![CDATA[2023-06-07 07:11:29,958 [main] INFO  rpc.RpcClient (RpcClient.java:createVolume(459)) - Creating Volume: afb52a36-a754-4217-98be-618ede82a7b8, with runner as owner and space quota set to -1 bytes, counts quota set to -1
2023-06-07 07:11:29,961 [OM StateMachine ApplyTransaction Thread - 0] INFO  volume.OMVolumeCreateRequest (OMVolumeCreateRequest.java:validateAndUpdateCache(196)) - created volume:afb52a36-a754-4217-98be-618ede82a7b8 for user:runner
2023-06-07 07:11:29,962 [main] INFO  rpc.RpcClient (RpcClient.java:createBucket(686)) - Creating Bucket: afb52a36-a754-4217-98be-618ede82a7b8/bucket1, with bucket layout FILE_SYSTEM_OPTIMIZED, runner as owner, Versioning false, Storage Type set to DISK and Encryption set to false, Replication Type set to server-side default replication type, Namespace Quota set to -1, Space Quota set to -1 
2023-06-07 07:11:29,965 [OM StateMachine ApplyTransaction Thread - 0] INFO  bucket.OMBucketCreateRequest (OMBucketCreateRequest.java:validateAndUpdateCache(270)) - created bucket: bucket1 of layout FILE_SYSTEM_OPTIMIZED in volume: afb52a36-a754-4217-98be-618ede82a7b8
2023-06-07 07:11:29,966 [main] INFO  rpc.RpcClient (RpcClient.java:createBucket(686)) - Creating Bucket: afb52a36-a754-4217-98be-618ede82a7b8/bucket11, with bucket layout FILE_SYSTEM_OPTIMIZED, runner as owner, Versioning false, Storage Type set to DISK and Encryption set to false, Replication Type set to server-side default replication type, Namespace Quota set to -1, Space Quota set to -1 
2023-06-07 07:11:29,968 [OM StateMachine ApplyTransaction Thread - 0] INFO  bucket.OMBucketCreateRequest (OMBucketCreateRequest.java:validateAndUpdateCache(270)) - created bucket: bucket11 of layout FILE_SYSTEM_OPTIMIZED in volume: afb52a36-a754-4217-98be-618ede82a7b8
07:11:29.983 [IPC Server handler 6 on default port 15004] ERROR OMAudit - user=runner | ip=127.0.0.1 | op=READ_BUCKET {volume=afb52a36-a754-4217-98be-618ede82a7b8, bucket=bucket1} | ret=FAILURE
org.apache.hadoop.ozone.om.exceptions.OMException: Bucket not found
	at org.apache.hadoop.ozone.om.OzoneManager.getBucketOwner(OzoneManager.java:2492) ~[ozone-manager-1.4.0-SNAPSHOT.jar:?]
	at org.apache.hadoop.ozone.om.OzoneManager.getBucketOwner(OzoneManager.java:2462) ~[ozone-manager-1.4.0-SNAPSHOT.jar:?]
	at org.apache.hadoop.ozone.om.OmMetadataReader.checkAcls(OmMetadataReader.java:443) ~[ozone-manager-1.4.0-SNAPSHOT.jar:?]
	at org.apache.hadoop.ozone.om.OzoneManager.getBucketInfo(OzoneManager.java:2752) ~[ozone-manager-1.4.0-SNAPSHOT.jar:?]
	at org.apache.hadoop.ozone.protocolPB.OzoneManagerRequestHandler.infoBucket(OzoneManagerRequestHandler.java:510) ~[ozone-manager-1.4.0-SNAPSHOT.jar:?]
	at org.apache.hadoop.ozone.protocolPB.OzoneManagerRequestHandler.handleReadRequest(OzoneManagerRequestHandler.java:189) ~[ozone-manager-1.4.0-SNAPSHOT.jar:?]
	at org.apache.hadoop.ozone.protocolPB.OzoneManagerProtocolServerSideTranslatorPB.submitReadRequestToOM(OzoneManagerProtocolServerSideTranslatorPB.java:223) ~[ozone-manager-1.4.0-SNAPSHOT.jar:?]
	at org.apache.hadoop.ozone.protocolPB.OzoneManagerProtocolServerSideTranslatorPB.processRequest(OzoneManagerProtocolServerSideTranslatorPB.java:177) ~[ozone-manager-1.4.0-SNAPSHOT.jar:?]
	at org.apache.hadoop.hdds.server.OzoneProtocolMessageDispatcher.processRequest(OzoneProtocolMessageDispatcher.java:87) [hdds-server-framework-1.4.0-SNAPSHOT.jar:?]
	at org.apache.hadoop.ozone.protocolPB.OzoneManagerProtocolServerSideTranslatorPB.submitRequest(OzoneManagerProtocolServerSideTranslatorPB.java:147) [ozone-manager-1.4.0-SNAPSHOT.jar:?]
	at org.apache.hadoop.ozone.protocol.proto.OzoneManagerProtocolProtos$OzoneManagerService$2.callBlockingMethod(OzoneManagerProtocolProtos.java) [ozone-interface-client-1.4.0-SNAPSHOT.jar:?]
	at org.apache.hadoop.ipc.ProtobufRpcEngine$Server.processCall(ProtobufRpcEngine.java:484) [hadoop-common-3.3.5.jar:?]
	at org.apache.hadoop.ipc.ProtobufRpcEngine2$Server$ProtoBufRpcInvoker.call(ProtobufRpcEngine2.java:595) [hadoop-common-3.3.5.jar:?]
	at org.apache.hadoop.ipc.ProtobufRpcEngine2$Server$ProtoBufRpcInvoker.call(ProtobufRpcEngine2.java:573) [hadoop-common-3.3.5.jar:?]
	at org.apache.hadoop.ipc.RPC$Server.call(RPC.java:1213) [hadoop-common-3.3.5.jar:?]
	at org.apache.hadoop.ipc.Server$RpcCall.run(Server.java:1089) [hadoop-common-3.3.5.jar:?]
	at org.apache.hadoop.ipc.Server$RpcCall.run(Server.java:1012) [hadoop-common-3.3.5.jar:?]
	at java.security.AccessController.doPrivileged(Native Method) ~[?:1.8.0_372]
	at javax.security.auth.Subject.doAs(Subject.java:422) [?:1.8.0_372]
	at org.apache.hadoop.security.UserGroupInformation.doAs(UserGroupInformation.java:1899) [hadoop-common-3.3.5.jar:?]
	at org.apache.hadoop.ipc.Server$Handler.run(Server.java:3026) [hadoop-common-3.3.5.jar:?]
]]></system-out>
  </testcase>
  <testcase name="testDeleteKey" classname="org.apache.hadoop.ozone.client.rpc.TestSecureOzoneRpcClient" time="0.05">
    <system-out><![CDATA[2023-06-07 07:11:29,985 [main] INFO  rpc.RpcClient (RpcClient.java:createVolume(459)) - Creating Volume: 8b984be1-8521-4587-9898-d760038f9e4c, with runner as owner and space quota set to -1 bytes, counts quota set to -1
2023-06-07 07:11:29,987 [OM StateMachine ApplyTransaction Thread - 0] INFO  volume.OMVolumeCreateRequest (OMVolumeCreateRequest.java:validateAndUpdateCache(196)) - created volume:8b984be1-8521-4587-9898-d760038f9e4c for user:runner
2023-06-07 07:11:29,988 [main] INFO  rpc.RpcClient (RpcClient.java:createBucket(686)) - Creating Bucket: 8b984be1-8521-4587-9898-d760038f9e4c/009f0f1d-7237-4b07-bdf4-6ad8e22a4c11, with server-side default bucket layout, runner as owner, Versioning false, Storage Type set to DISK and Encryption set to false, Replication Type set to server-side default replication type, Namespace Quota set to -1, Space Quota set to -1 
2023-06-07 07:11:29,990 [OM StateMachine ApplyTransaction Thread - 0] INFO  bucket.OMBucketCreateRequest (OMBucketCreateRequest.java:validateAndUpdateCache(270)) - created bucket: 009f0f1d-7237-4b07-bdf4-6ad8e22a4c11 of layout OBJECT_STORE in volume: 8b984be1-8521-4587-9898-d760038f9e4c
2023-06-07 07:11:30,026 [IPC Server handler 10 on default port 15001] WARN  node.SCMNodeManager (SCMNodeManager.java:getNodesByAddress(1381)) - Cannot find node for address 127.0.0.1
07:11:30.034 [IPC Server handler 16 on default port 15004] ERROR OMAudit - user=runner | ip=127.0.0.1 | op=READ_KEY {volume=8b984be1-8521-4587-9898-d760038f9e4c, bucket=009f0f1d-7237-4b07-bdf4-6ad8e22a4c11, key=b0ed4fd5-0621-4c41-bbad-3ae7eb39369d, dataSize=0, replicationConfig=null} | ret=FAILURE
org.apache.hadoop.ozone.om.exceptions.OMException: Key:b0ed4fd5-0621-4c41-bbad-3ae7eb39369d not found
	at org.apache.hadoop.ozone.om.KeyManagerImpl.readKeyInfo(KeyManagerImpl.java:428) ~[ozone-manager-1.4.0-SNAPSHOT.jar:?]
	at org.apache.hadoop.ozone.om.KeyManagerImpl.lambda$9(KeyManagerImpl.java:1921) ~[ozone-manager-1.4.0-SNAPSHOT.jar:?]
	at org.apache.hadoop.util.MetricUtil.captureLatencyNs(MetricUtil.java:39) ~[hdds-common-1.4.0-SNAPSHOT.jar:?]
	at org.apache.hadoop.ozone.om.KeyManagerImpl.getKeyInfo(KeyManagerImpl.java:1919) ~[ozone-manager-1.4.0-SNAPSHOT.jar:?]
	at org.apache.hadoop.ozone.om.OmMetadataReader.getKeyInfo(OmMetadataReader.java:209) ~[ozone-manager-1.4.0-SNAPSHOT.jar:?]
	at org.apache.hadoop.ozone.om.OzoneManager.getKeyInfo(OzoneManager.java:2787) ~[ozone-manager-1.4.0-SNAPSHOT.jar:?]
	at org.apache.hadoop.ozone.protocolPB.OzoneManagerRequestHandler.getKeyInfo(OzoneManagerRequestHandler.java:550) ~[ozone-manager-1.4.0-SNAPSHOT.jar:?]
	at org.apache.hadoop.ozone.protocolPB.OzoneManagerRequestHandler.handleReadRequest(OzoneManagerRequestHandler.java:293) ~[ozone-manager-1.4.0-SNAPSHOT.jar:?]
	at org.apache.hadoop.ozone.protocolPB.OzoneManagerProtocolServerSideTranslatorPB.submitReadRequestToOM(OzoneManagerProtocolServerSideTranslatorPB.java:223) ~[ozone-manager-1.4.0-SNAPSHOT.jar:?]
	at org.apache.hadoop.ozone.protocolPB.OzoneManagerProtocolServerSideTranslatorPB.processRequest(OzoneManagerProtocolServerSideTranslatorPB.java:177) ~[ozone-manager-1.4.0-SNAPSHOT.jar:?]
	at org.apache.hadoop.hdds.server.OzoneProtocolMessageDispatcher.processRequest(OzoneProtocolMessageDispatcher.java:87) [hdds-server-framework-1.4.0-SNAPSHOT.jar:?]
	at org.apache.hadoop.ozone.protocolPB.OzoneManagerProtocolServerSideTranslatorPB.submitRequest(OzoneManagerProtocolServerSideTranslatorPB.java:147) [ozone-manager-1.4.0-SNAPSHOT.jar:?]
	at org.apache.hadoop.ozone.protocol.proto.OzoneManagerProtocolProtos$OzoneManagerService$2.callBlockingMethod(OzoneManagerProtocolProtos.java) [ozone-interface-client-1.4.0-SNAPSHOT.jar:?]
	at org.apache.hadoop.ipc.ProtobufRpcEngine$Server.processCall(ProtobufRpcEngine.java:484) [hadoop-common-3.3.5.jar:?]
	at org.apache.hadoop.ipc.ProtobufRpcEngine2$Server$ProtoBufRpcInvoker.call(ProtobufRpcEngine2.java:595) [hadoop-common-3.3.5.jar:?]
	at org.apache.hadoop.ipc.ProtobufRpcEngine2$Server$ProtoBufRpcInvoker.call(ProtobufRpcEngine2.java:573) [hadoop-common-3.3.5.jar:?]
	at org.apache.hadoop.ipc.RPC$Server.call(RPC.java:1213) [hadoop-common-3.3.5.jar:?]
	at org.apache.hadoop.ipc.Server$RpcCall.run(Server.java:1089) [hadoop-common-3.3.5.jar:?]
	at org.apache.hadoop.ipc.Server$RpcCall.run(Server.java:1012) [hadoop-common-3.3.5.jar:?]
	at java.security.AccessController.doPrivileged(Native Method) ~[?:1.8.0_372]
	at javax.security.auth.Subject.doAs(Subject.java:422) [?:1.8.0_372]
	at org.apache.hadoop.security.UserGroupInformation.doAs(UserGroupInformation.java:1899) [hadoop-common-3.3.5.jar:?]
	at org.apache.hadoop.ipc.Server$Handler.run(Server.java:3026) [hadoop-common-3.3.5.jar:?]
]]></system-out>
  </testcase>
  <testcase name="testDeleteS3Bucket" classname="org.apache.hadoop.ozone.client.rpc.TestSecureOzoneRpcClient" time="0.012">
    <system-out><![CDATA[2023-06-07 07:11:30,037 [main] INFO  rpc.RpcClient (RpcClient.java:createBucket(686)) - Creating Bucket: s3v/a491a4c8-02c9-4ce0-9924-6f8d234bbe5d, with bucket layout OBJECT_STORE, runner as owner, Versioning false, Storage Type set to DISK and Encryption set to false, Replication Type set to server-side default replication type, Namespace Quota set to -1, Space Quota set to -1 
2023-06-07 07:11:30,040 [OM StateMachine ApplyTransaction Thread - 0] INFO  bucket.OMBucketCreateRequest (OMBucketCreateRequest.java:validateAndUpdateCache(270)) - created bucket: a491a4c8-02c9-4ce0-9924-6f8d234bbe5d of layout OBJECT_STORE in volume: s3v
07:11:30.048 [IPC Server handler 8 on default port 15004] ERROR OMAudit - user=runner | ip=127.0.0.1 | op=READ_BUCKET {volume=s3v, bucket=a491a4c8-02c9-4ce0-9924-6f8d234bbe5d} | ret=FAILURE
org.apache.hadoop.ozone.om.exceptions.OMException: Bucket not found
	at org.apache.hadoop.ozone.om.OzoneManager.getBucketOwner(OzoneManager.java:2492) ~[ozone-manager-1.4.0-SNAPSHOT.jar:?]
	at org.apache.hadoop.ozone.om.OzoneManager.getBucketOwner(OzoneManager.java:2462) ~[ozone-manager-1.4.0-SNAPSHOT.jar:?]
	at org.apache.hadoop.ozone.om.OmMetadataReader.checkAcls(OmMetadataReader.java:443) ~[ozone-manager-1.4.0-SNAPSHOT.jar:?]
	at org.apache.hadoop.ozone.om.OzoneManager.getBucketInfo(OzoneManager.java:2752) ~[ozone-manager-1.4.0-SNAPSHOT.jar:?]
	at org.apache.hadoop.ozone.protocolPB.OzoneManagerRequestHandler.infoBucket(OzoneManagerRequestHandler.java:510) ~[ozone-manager-1.4.0-SNAPSHOT.jar:?]
	at org.apache.hadoop.ozone.protocolPB.OzoneManagerRequestHandler.handleReadRequest(OzoneManagerRequestHandler.java:189) ~[ozone-manager-1.4.0-SNAPSHOT.jar:?]
	at org.apache.hadoop.ozone.protocolPB.OzoneManagerProtocolServerSideTranslatorPB.submitReadRequestToOM(OzoneManagerProtocolServerSideTranslatorPB.java:223) ~[ozone-manager-1.4.0-SNAPSHOT.jar:?]
	at org.apache.hadoop.ozone.protocolPB.OzoneManagerProtocolServerSideTranslatorPB.processRequest(OzoneManagerProtocolServerSideTranslatorPB.java:177) ~[ozone-manager-1.4.0-SNAPSHOT.jar:?]
	at org.apache.hadoop.hdds.server.OzoneProtocolMessageDispatcher.processRequest(OzoneProtocolMessageDispatcher.java:87) [hdds-server-framework-1.4.0-SNAPSHOT.jar:?]
	at org.apache.hadoop.ozone.protocolPB.OzoneManagerProtocolServerSideTranslatorPB.submitRequest(OzoneManagerProtocolServerSideTranslatorPB.java:147) [ozone-manager-1.4.0-SNAPSHOT.jar:?]
	at org.apache.hadoop.ozone.protocol.proto.OzoneManagerProtocolProtos$OzoneManagerService$2.callBlockingMethod(OzoneManagerProtocolProtos.java) [ozone-interface-client-1.4.0-SNAPSHOT.jar:?]
	at org.apache.hadoop.ipc.ProtobufRpcEngine$Server.processCall(ProtobufRpcEngine.java:484) [hadoop-common-3.3.5.jar:?]
	at org.apache.hadoop.ipc.ProtobufRpcEngine2$Server$ProtoBufRpcInvoker.call(ProtobufRpcEngine2.java:595) [hadoop-common-3.3.5.jar:?]
	at org.apache.hadoop.ipc.ProtobufRpcEngine2$Server$ProtoBufRpcInvoker.call(ProtobufRpcEngine2.java:573) [hadoop-common-3.3.5.jar:?]
	at org.apache.hadoop.ipc.RPC$Server.call(RPC.java:1213) [hadoop-common-3.3.5.jar:?]
	at org.apache.hadoop.ipc.Server$RpcCall.run(Server.java:1089) [hadoop-common-3.3.5.jar:?]
	at org.apache.hadoop.ipc.Server$RpcCall.run(Server.java:1012) [hadoop-common-3.3.5.jar:?]
	at java.security.AccessController.doPrivileged(Native Method) ~[?:1.8.0_372]
	at javax.security.auth.Subject.doAs(Subject.java:422) [?:1.8.0_372]
	at org.apache.hadoop.security.UserGroupInformation.doAs(UserGroupInformation.java:1899) [hadoop-common-3.3.5.jar:?]
	at org.apache.hadoop.ipc.Server$Handler.run(Server.java:3026) [hadoop-common-3.3.5.jar:?]
]]></system-out>
  </testcase>
  <testcase name="testDeleteS3NonExistingBucket" classname="org.apache.hadoop.ozone.client.rpc.TestSecureOzoneRpcClient" time="0.005">
    <system-out><![CDATA[07:11:30.053 [OM StateMachine ApplyTransaction Thread - 0] ERROR OMAudit - user=runner | ip=127.0.0.1 | op=DELETE_BUCKET {volume=s3v, bucket=39846089-2cb6-4498-8650-024b70971e42} | ret=FAILURE
org.apache.hadoop.ozone.om.exceptions.OMException: Bucket not found
	at org.apache.hadoop.ozone.om.OzoneManager.getBucketOwner(OzoneManager.java:2492) ~[ozone-manager-1.4.0-SNAPSHOT.jar:?]
	at org.apache.hadoop.ozone.om.OzoneManager.getBucketOwner(OzoneManager.java:2462) ~[ozone-manager-1.4.0-SNAPSHOT.jar:?]
	at org.apache.hadoop.ozone.om.request.OMClientRequest.checkAcls(OMClientRequest.java:217) ~[ozone-manager-1.4.0-SNAPSHOT.jar:?]
	at org.apache.hadoop.ozone.om.request.bucket.OMBucketDeleteRequest.validateAndUpdateCache(OMBucketDeleteRequest.java:112) ~[ozone-manager-1.4.0-SNAPSHOT.jar:?]
	at org.apache.hadoop.ozone.protocolPB.OzoneManagerRequestHandler.handleWriteRequest(OzoneManagerRequestHandler.java:338) ~[ozone-manager-1.4.0-SNAPSHOT.jar:?]
	at org.apache.hadoop.ozone.om.ratis.OzoneManagerStateMachine.runCommand(OzoneManagerStateMachine.java:567) ~[ozone-manager-1.4.0-SNAPSHOT.jar:?]
	at org.apache.hadoop.ozone.om.ratis.OzoneManagerStateMachine.lambda$1(OzoneManagerStateMachine.java:358) ~[ozone-manager-1.4.0-SNAPSHOT.jar:?]
	at java.util.concurrent.CompletableFuture$AsyncSupply.run(CompletableFuture.java:1604) [?:1.8.0_372]
	at java.util.concurrent.ThreadPoolExecutor.runWorker(ThreadPoolExecutor.java:1149) [?:1.8.0_372]
	at java.util.concurrent.ThreadPoolExecutor$Worker.run(ThreadPoolExecutor.java:624) [?:1.8.0_372]
	at java.lang.Thread.run(Thread.java:750) [?:1.8.0_372]
2023-06-07 07:11:30,053 [OM StateMachine ApplyTransaction Thread - 0] ERROR bucket.OMBucketDeleteRequest (OMBucketDeleteRequest.java:validateAndUpdateCache(212)) - Delete bucket failed for bucket:39846089-2cb6-4498-8650-024b70971e42 in volume:s3v
BUCKET_NOT_FOUND org.apache.hadoop.ozone.om.exceptions.OMException: Bucket not found
	at org.apache.hadoop.ozone.om.OzoneManager.getBucketOwner(OzoneManager.java:2492)
	at org.apache.hadoop.ozone.om.OzoneManager.getBucketOwner(OzoneManager.java:2462)
	at org.apache.hadoop.ozone.om.request.OMClientRequest.checkAcls(OMClientRequest.java:217)
	at org.apache.hadoop.ozone.om.request.bucket.OMBucketDeleteRequest.validateAndUpdateCache(OMBucketDeleteRequest.java:112)
	at org.apache.hadoop.ozone.protocolPB.OzoneManagerRequestHandler.handleWriteRequest(OzoneManagerRequestHandler.java:338)
	at org.apache.hadoop.ozone.om.ratis.OzoneManagerStateMachine.runCommand(OzoneManagerStateMachine.java:567)
	at org.apache.hadoop.ozone.om.ratis.OzoneManagerStateMachine.lambda$1(OzoneManagerStateMachine.java:358)
	at java.util.concurrent.CompletableFuture$AsyncSupply.run(CompletableFuture.java:1604)
	at java.util.concurrent.ThreadPoolExecutor.runWorker(ThreadPoolExecutor.java:1149)
	at java.util.concurrent.ThreadPoolExecutor$Worker.run(ThreadPoolExecutor.java:624)
	at java.lang.Thread.run(Thread.java:750)
]]></system-out>
  </testcase>
  <testcase name="testDeleteVolume" classname="org.apache.hadoop.ozone.client.rpc.TestSecureOzoneRpcClient" time="0.014">
    <system-out><![CDATA[2023-06-07 07:11:30,056 [main] INFO  rpc.RpcClient (RpcClient.java:createVolume(459)) - Creating Volume: e055298d-4bee-4135-944a-f610531d8109, with runner as owner and space quota set to -1 bytes, counts quota set to -1
2023-06-07 07:11:30,063 [OM StateMachine ApplyTransaction Thread - 0] INFO  volume.OMVolumeCreateRequest (OMVolumeCreateRequest.java:validateAndUpdateCache(196)) - created volume:e055298d-4bee-4135-944a-f610531d8109 for user:runner
07:11:30.069 [IPC Server handler 1 on default port 15004] ERROR OMAudit - user=runner | ip=127.0.0.1 | op=READ_VOLUME {volume=e055298d-4bee-4135-944a-f610531d8109} | ret=FAILURE
org.apache.hadoop.ozone.om.exceptions.OMException: Volume e055298d-4bee-4135-944a-f610531d8109 is not found
	at org.apache.hadoop.ozone.om.OzoneManager.getVolumeOwner(OzoneManager.java:2447) ~[ozone-manager-1.4.0-SNAPSHOT.jar:?]
	at org.apache.hadoop.ozone.om.OzoneManager.getVolumeOwner(OzoneManager.java:2420) ~[ozone-manager-1.4.0-SNAPSHOT.jar:?]
	at org.apache.hadoop.ozone.om.OmMetadataReader.checkAcls(OmMetadataReader.java:442) ~[ozone-manager-1.4.0-SNAPSHOT.jar:?]
	at org.apache.hadoop.ozone.om.OzoneManager.getVolumeInfo(OzoneManager.java:2567) ~[ozone-manager-1.4.0-SNAPSHOT.jar:?]
	at org.apache.hadoop.ozone.protocolPB.OzoneManagerRequestHandler.infoVolume(OzoneManagerRequestHandler.java:436) ~[ozone-manager-1.4.0-SNAPSHOT.jar:?]
	at org.apache.hadoop.ozone.protocolPB.OzoneManagerRequestHandler.handleReadRequest(OzoneManagerRequestHandler.java:179) ~[ozone-manager-1.4.0-SNAPSHOT.jar:?]
	at org.apache.hadoop.ozone.protocolPB.OzoneManagerProtocolServerSideTranslatorPB.submitReadRequestToOM(OzoneManagerProtocolServerSideTranslatorPB.java:223) ~[ozone-manager-1.4.0-SNAPSHOT.jar:?]
	at org.apache.hadoop.ozone.protocolPB.OzoneManagerProtocolServerSideTranslatorPB.processRequest(OzoneManagerProtocolServerSideTranslatorPB.java:177) ~[ozone-manager-1.4.0-SNAPSHOT.jar:?]
	at org.apache.hadoop.hdds.server.OzoneProtocolMessageDispatcher.processRequest(OzoneProtocolMessageDispatcher.java:87) [hdds-server-framework-1.4.0-SNAPSHOT.jar:?]
	at org.apache.hadoop.ozone.protocolPB.OzoneManagerProtocolServerSideTranslatorPB.submitRequest(OzoneManagerProtocolServerSideTranslatorPB.java:147) [ozone-manager-1.4.0-SNAPSHOT.jar:?]
	at org.apache.hadoop.ozone.protocol.proto.OzoneManagerProtocolProtos$OzoneManagerService$2.callBlockingMethod(OzoneManagerProtocolProtos.java) [ozone-interface-client-1.4.0-SNAPSHOT.jar:?]
	at org.apache.hadoop.ipc.ProtobufRpcEngine$Server.processCall(ProtobufRpcEngine.java:484) [hadoop-common-3.3.5.jar:?]
	at org.apache.hadoop.ipc.ProtobufRpcEngine2$Server$ProtoBufRpcInvoker.call(ProtobufRpcEngine2.java:595) [hadoop-common-3.3.5.jar:?]
	at org.apache.hadoop.ipc.ProtobufRpcEngine2$Server$ProtoBufRpcInvoker.call(ProtobufRpcEngine2.java:573) [hadoop-common-3.3.5.jar:?]
	at org.apache.hadoop.ipc.RPC$Server.call(RPC.java:1213) [hadoop-common-3.3.5.jar:?]
	at org.apache.hadoop.ipc.Server$RpcCall.run(Server.java:1089) [hadoop-common-3.3.5.jar:?]
	at org.apache.hadoop.ipc.Server$RpcCall.run(Server.java:1012) [hadoop-common-3.3.5.jar:?]
	at java.security.AccessController.doPrivileged(Native Method) ~[?:1.8.0_372]
	at javax.security.auth.Subject.doAs(Subject.java:422) [?:1.8.0_372]
	at org.apache.hadoop.security.UserGroupInformation.doAs(UserGroupInformation.java:1899) [hadoop-common-3.3.5.jar:?]
	at org.apache.hadoop.ipc.Server$Handler.run(Server.java:3026) [hadoop-common-3.3.5.jar:?]
]]></system-out>
  </testcase>
  <testcase name="testDeletedKeyForGDPR" classname="org.apache.hadoop.ozone.client.rpc.TestSecureOzoneRpcClient" time="0.154">
    <system-out><![CDATA[2023-06-07 07:11:30,070 [main] INFO  rpc.RpcClient (RpcClient.java:createVolume(459)) - Creating Volume: 9f996c8f-4b26-41b1-9ccd-553a58536b9a, with runner as owner and space quota set to -1 bytes, counts quota set to -1
2023-06-07 07:11:30,073 [OM StateMachine ApplyTransaction Thread - 0] INFO  volume.OMVolumeCreateRequest (OMVolumeCreateRequest.java:validateAndUpdateCache(196)) - created volume:9f996c8f-4b26-41b1-9ccd-553a58536b9a for user:runner
2023-06-07 07:11:30,074 [main] INFO  rpc.RpcClient (RpcClient.java:createBucket(686)) - Creating Bucket: 9f996c8f-4b26-41b1-9ccd-553a58536b9a/84603d77-f886-4fe4-a290-7c530a7248b9, with server-side default bucket layout, runner as owner, Versioning false, Storage Type set to DISK and Encryption set to false, Replication Type set to server-side default replication type, Namespace Quota set to -1, Space Quota set to -1 
2023-06-07 07:11:30,077 [OM StateMachine ApplyTransaction Thread - 0] INFO  bucket.OMBucketCreateRequest (OMBucketCreateRequest.java:validateAndUpdateCache(270)) - created bucket: 84603d77-f886-4fe4-a290-7c530a7248b9 of layout OBJECT_STORE in volume: 9f996c8f-4b26-41b1-9ccd-553a58536b9a
2023-06-07 07:11:30,139 [IPC Server handler 0 on default port 15001] WARN  node.SCMNodeManager (SCMNodeManager.java:getNodesByAddress(1381)) - Cannot find node for address 127.0.0.1
2023-06-07 07:11:30,146 [IPC Server handler 4 on default port 15001] WARN  node.SCMNodeManager (SCMNodeManager.java:getNodesByAddress(1381)) - Cannot find node for address 127.0.0.1
]]></system-out>
  </testcase>
  <testcase name="testFSOBucketUsedBytes" classname="org.apache.hadoop.ozone.client.rpc.TestSecureOzoneRpcClient" time="0.174">
    <system-out><![CDATA[2023-06-07 07:11:30,226 [main] INFO  rpc.RpcClient (RpcClient.java:createVolume(459)) - Creating Volume: 840c6827-a5eb-4e00-94c7-18a7cc050314, with runner as owner and space quota set to -1 bytes, counts quota set to -1
2023-06-07 07:11:30,229 [OM StateMachine ApplyTransaction Thread - 0] INFO  volume.OMVolumeCreateRequest (OMVolumeCreateRequest.java:validateAndUpdateCache(196)) - created volume:840c6827-a5eb-4e00-94c7-18a7cc050314 for user:runner
2023-06-07 07:11:30,231 [main] INFO  rpc.RpcClient (RpcClient.java:createBucket(686)) - Creating Bucket: 840c6827-a5eb-4e00-94c7-18a7cc050314/d108d8e9-3697-473b-bd29-d90e95cc7073, with bucket layout FILE_SYSTEM_OPTIMIZED, runner as owner, Versioning false, Storage Type set to DISK and Encryption set to false, Replication Type set to server-side default replication type, Namespace Quota set to -1, Space Quota set to -1 
2023-06-07 07:11:30,234 [OM StateMachine ApplyTransaction Thread - 0] INFO  bucket.OMBucketCreateRequest (OMBucketCreateRequest.java:validateAndUpdateCache(270)) - created bucket: d108d8e9-3697-473b-bd29-d90e95cc7073 of layout FILE_SYSTEM_OPTIMIZED in volume: 840c6827-a5eb-4e00-94c7-18a7cc050314
]]></system-out>
  </testcase>
  <testcase name="testGetKeyDetails" classname="org.apache.hadoop.ozone.client.rpc.TestSecureOzoneRpcClient" time="0.099">
    <system-out><![CDATA[2023-06-07 07:11:30,400 [main] INFO  rpc.RpcClient (RpcClient.java:createVolume(459)) - Creating Volume: 3c2fa670-ed84-4945-a7e2-a543db810b5e, with runner as owner and space quota set to -1 bytes, counts quota set to -1
2023-06-07 07:11:30,403 [OM StateMachine ApplyTransaction Thread - 0] INFO  volume.OMVolumeCreateRequest (OMVolumeCreateRequest.java:validateAndUpdateCache(196)) - created volume:3c2fa670-ed84-4945-a7e2-a543db810b5e for user:runner
2023-06-07 07:11:30,404 [main] INFO  rpc.RpcClient (RpcClient.java:createBucket(686)) - Creating Bucket: 3c2fa670-ed84-4945-a7e2-a543db810b5e/621fef9c-ad53-4fd8-b29f-340dcb7b21e0, with server-side default bucket layout, runner as owner, Versioning false, Storage Type set to DISK and Encryption set to false, Replication Type set to server-side default replication type, Namespace Quota set to -1, Space Quota set to -1 
2023-06-07 07:11:30,406 [OM StateMachine ApplyTransaction Thread - 0] INFO  bucket.OMBucketCreateRequest (OMBucketCreateRequest.java:validateAndUpdateCache(270)) - created bucket: 621fef9c-ad53-4fd8-b29f-340dcb7b21e0 of layout OBJECT_STORE in volume: 3c2fa670-ed84-4945-a7e2-a543db810b5e
2023-06-07 07:11:30,482 [IPC Server handler 3 on default port 15001] WARN  node.SCMNodeManager (SCMNodeManager.java:getNodesByAddress(1381)) - Cannot find node for address 127.0.0.1
]]></system-out>
  </testcase>
  <testcase name="testHeadObject" classname="org.apache.hadoop.ozone.client.rpc.TestSecureOzoneRpcClient" time="0.099">
    <system-out><![CDATA[2023-06-07 07:11:30,500 [main] INFO  rpc.RpcClient (RpcClient.java:createVolume(459)) - Creating Volume: b0e656cc-0464-43cc-906c-c5420d82dd21, with runner as owner and space quota set to -1 bytes, counts quota set to -1
2023-06-07 07:11:30,506 [OM StateMachine ApplyTransaction Thread - 0] INFO  volume.OMVolumeCreateRequest (OMVolumeCreateRequest.java:validateAndUpdateCache(196)) - created volume:b0e656cc-0464-43cc-906c-c5420d82dd21 for user:runner
2023-06-07 07:11:30,508 [main] INFO  rpc.RpcClient (RpcClient.java:createBucket(686)) - Creating Bucket: b0e656cc-0464-43cc-906c-c5420d82dd21/2b9622cb-d798-406e-b968-fd78d9df7e20, with server-side default bucket layout, runner as owner, Versioning false, Storage Type set to DISK and Encryption set to false, Replication Type set to server-side default replication type, Namespace Quota set to -1, Space Quota set to -1 
2023-06-07 07:11:30,510 [OM StateMachine ApplyTransaction Thread - 0] INFO  bucket.OMBucketCreateRequest (OMBucketCreateRequest.java:validateAndUpdateCache(270)) - created bucket: 2b9622cb-d798-406e-b968-fd78d9df7e20 of layout OBJECT_STORE in volume: b0e656cc-0464-43cc-906c-c5420d82dd21
07:11:30.596 [IPC Server handler 18 on default port 15004] ERROR OMAudit - user=runner | ip=127.0.0.1 | op=READ_KEY {volume=b0e656cc-0464-43cc-906c-c5420d82dd21, bucket=2b9622cb-d798-406e-b968-fd78d9df7e20, key=1a183477-8a25-4f30-9120-44c37cf4b675, dataSize=0, replicationConfig=null} | ret=FAILURE
org.apache.hadoop.ozone.om.exceptions.OMException: Key:1a183477-8a25-4f30-9120-44c37cf4b675 not found
	at org.apache.hadoop.ozone.om.KeyManagerImpl.readKeyInfo(KeyManagerImpl.java:428) ~[ozone-manager-1.4.0-SNAPSHOT.jar:?]
	at org.apache.hadoop.ozone.om.KeyManagerImpl.lambda$9(KeyManagerImpl.java:1921) ~[ozone-manager-1.4.0-SNAPSHOT.jar:?]
	at org.apache.hadoop.util.MetricUtil.captureLatencyNs(MetricUtil.java:39) ~[hdds-common-1.4.0-SNAPSHOT.jar:?]
	at org.apache.hadoop.ozone.om.KeyManagerImpl.getKeyInfo(KeyManagerImpl.java:1919) ~[ozone-manager-1.4.0-SNAPSHOT.jar:?]
	at org.apache.hadoop.ozone.om.OmMetadataReader.getKeyInfo(OmMetadataReader.java:209) ~[ozone-manager-1.4.0-SNAPSHOT.jar:?]
	at org.apache.hadoop.ozone.om.OzoneManager.getKeyInfo(OzoneManager.java:2787) ~[ozone-manager-1.4.0-SNAPSHOT.jar:?]
	at org.apache.hadoop.ozone.protocolPB.OzoneManagerRequestHandler.getKeyInfo(OzoneManagerRequestHandler.java:550) ~[ozone-manager-1.4.0-SNAPSHOT.jar:?]
	at org.apache.hadoop.ozone.protocolPB.OzoneManagerRequestHandler.handleReadRequest(OzoneManagerRequestHandler.java:293) ~[ozone-manager-1.4.0-SNAPSHOT.jar:?]
	at org.apache.hadoop.ozone.protocolPB.OzoneManagerProtocolServerSideTranslatorPB.submitReadRequestToOM(OzoneManagerProtocolServerSideTranslatorPB.java:223) ~[ozone-manager-1.4.0-SNAPSHOT.jar:?]
	at org.apache.hadoop.ozone.protocolPB.OzoneManagerProtocolServerSideTranslatorPB.processRequest(OzoneManagerProtocolServerSideTranslatorPB.java:177) ~[ozone-manager-1.4.0-SNAPSHOT.jar:?]
	at org.apache.hadoop.hdds.server.OzoneProtocolMessageDispatcher.processRequest(OzoneProtocolMessageDispatcher.java:87) [hdds-server-framework-1.4.0-SNAPSHOT.jar:?]
	at org.apache.hadoop.ozone.protocolPB.OzoneManagerProtocolServerSideTranslatorPB.submitRequest(OzoneManagerProtocolServerSideTranslatorPB.java:147) [ozone-manager-1.4.0-SNAPSHOT.jar:?]
	at org.apache.hadoop.ozone.protocol.proto.OzoneManagerProtocolProtos$OzoneManagerService$2.callBlockingMethod(OzoneManagerProtocolProtos.java) [ozone-interface-client-1.4.0-SNAPSHOT.jar:?]
	at org.apache.hadoop.ipc.ProtobufRpcEngine$Server.processCall(ProtobufRpcEngine.java:484) [hadoop-common-3.3.5.jar:?]
	at org.apache.hadoop.ipc.ProtobufRpcEngine2$Server$ProtoBufRpcInvoker.call(ProtobufRpcEngine2.java:595) [hadoop-common-3.3.5.jar:?]
	at org.apache.hadoop.ipc.ProtobufRpcEngine2$Server$ProtoBufRpcInvoker.call(ProtobufRpcEngine2.java:573) [hadoop-common-3.3.5.jar:?]
	at org.apache.hadoop.ipc.RPC$Server.call(RPC.java:1213) [hadoop-common-3.3.5.jar:?]
	at org.apache.hadoop.ipc.Server$RpcCall.run(Server.java:1089) [hadoop-common-3.3.5.jar:?]
	at org.apache.hadoop.ipc.Server$RpcCall.run(Server.java:1012) [hadoop-common-3.3.5.jar:?]
	at java.security.AccessController.doPrivileged(Native Method) ~[?:1.8.0_372]
	at javax.security.auth.Subject.doAs(Subject.java:422) [?:1.8.0_372]
	at org.apache.hadoop.security.UserGroupInformation.doAs(UserGroupInformation.java:1899) [hadoop-common-3.3.5.jar:?]
	at org.apache.hadoop.ipc.Server$Handler.run(Server.java:3026) [hadoop-common-3.3.5.jar:?]
]]></system-out>
  </testcase>
  <testcase name="testInitiateMultipartUpload(ReplicationConfig)[1]" classname="org.apache.hadoop.ozone.client.rpc.TestSecureOzoneRpcClient" time="0.018">
    <system-out><![CDATA[2023-06-07 07:11:30,602 [main] INFO  rpc.RpcClient (RpcClient.java:createVolume(459)) - Creating Volume: bba2b475-b96f-4f3b-b66b-a66c5a8a7c77, with runner as owner and space quota set to -1 bytes, counts quota set to -1
2023-06-07 07:11:30,605 [OM StateMachine ApplyTransaction Thread - 0] INFO  volume.OMVolumeCreateRequest (OMVolumeCreateRequest.java:validateAndUpdateCache(196)) - created volume:bba2b475-b96f-4f3b-b66b-a66c5a8a7c77 for user:runner
2023-06-07 07:11:30,607 [main] INFO  rpc.RpcClient (RpcClient.java:createBucket(686)) - Creating Bucket: bba2b475-b96f-4f3b-b66b-a66c5a8a7c77/7edad7ed-aa93-499c-983e-4ae16e9d78c4, with server-side default bucket layout, runner as owner, Versioning false, Storage Type set to DISK and Encryption set to false, Replication Type set to server-side default replication type, Namespace Quota set to -1, Space Quota set to -1 
2023-06-07 07:11:30,609 [OM StateMachine ApplyTransaction Thread - 0] INFO  bucket.OMBucketCreateRequest (OMBucketCreateRequest.java:validateAndUpdateCache(270)) - created bucket: 7edad7ed-aa93-499c-983e-4ae16e9d78c4 of layout OBJECT_STORE in volume: bba2b475-b96f-4f3b-b66b-a66c5a8a7c77
]]></system-out>
  </testcase>
  <testcase name="testInitiateMultipartUpload(ReplicationConfig)[2]" classname="org.apache.hadoop.ozone.client.rpc.TestSecureOzoneRpcClient" time="0.019">
    <system-out><![CDATA[2023-06-07 07:11:30,619 [main] INFO  rpc.RpcClient (RpcClient.java:createVolume(459)) - Creating Volume: 01cb7065-a317-444f-9e2f-629f5ffe5a57, with runner as owner and space quota set to -1 bytes, counts quota set to -1
2023-06-07 07:11:30,621 [OM StateMachine ApplyTransaction Thread - 0] INFO  volume.OMVolumeCreateRequest (OMVolumeCreateRequest.java:validateAndUpdateCache(196)) - created volume:01cb7065-a317-444f-9e2f-629f5ffe5a57 for user:runner
2023-06-07 07:11:30,623 [main] INFO  rpc.RpcClient (RpcClient.java:createBucket(686)) - Creating Bucket: 01cb7065-a317-444f-9e2f-629f5ffe5a57/c378fc5e-b6cc-41af-840b-c2eeb22e6f16, with server-side default bucket layout, runner as owner, Versioning false, Storage Type set to DISK and Encryption set to false, Replication Type set to server-side default replication type, Namespace Quota set to -1, Space Quota set to -1 
2023-06-07 07:11:30,627 [OM StateMachine ApplyTransaction Thread - 0] INFO  bucket.OMBucketCreateRequest (OMBucketCreateRequest.java:validateAndUpdateCache(270)) - created bucket: c378fc5e-b6cc-41af-840b-c2eeb22e6f16 of layout OBJECT_STORE in volume: 01cb7065-a317-444f-9e2f-629f5ffe5a57
]]></system-out>
  </testcase>
  <testcase name="testInitiateMultipartUpload(ReplicationConfig)[3]" classname="org.apache.hadoop.ozone.client.rpc.TestSecureOzoneRpcClient" time="0.021">
    <system-out><![CDATA[2023-06-07 07:11:30,642 [main] INFO  rpc.RpcClient (RpcClient.java:createVolume(459)) - Creating Volume: f2c1dce8-5644-47a0-9f9c-3dc0255d9812, with runner as owner and space quota set to -1 bytes, counts quota set to -1
2023-06-07 07:11:30,644 [OM StateMachine ApplyTransaction Thread - 0] INFO  volume.OMVolumeCreateRequest (OMVolumeCreateRequest.java:validateAndUpdateCache(196)) - created volume:f2c1dce8-5644-47a0-9f9c-3dc0255d9812 for user:runner
2023-06-07 07:11:30,648 [main] INFO  rpc.RpcClient (RpcClient.java:createBucket(686)) - Creating Bucket: f2c1dce8-5644-47a0-9f9c-3dc0255d9812/d6affc8e-72b0-4cfd-a22e-88c89ea31984, with server-side default bucket layout, runner as owner, Versioning false, Storage Type set to DISK and Encryption set to false, Replication Type set to server-side default replication type, Namespace Quota set to -1, Space Quota set to -1 
2023-06-07 07:11:30,651 [OM StateMachine ApplyTransaction Thread - 0] INFO  bucket.OMBucketCreateRequest (OMBucketCreateRequest.java:validateAndUpdateCache(270)) - created bucket: d6affc8e-72b0-4cfd-a22e-88c89ea31984 of layout OBJECT_STORE in volume: f2c1dce8-5644-47a0-9f9c-3dc0255d9812
]]></system-out>
  </testcase>
  <testcase name="testInitiateMultipartUploadWithDefaultReplication" classname="org.apache.hadoop.ozone.client.rpc.TestSecureOzoneRpcClient" time="0.016">
    <system-out><![CDATA[2023-06-07 07:11:30,664 [main] INFO  rpc.RpcClient (RpcClient.java:createVolume(459)) - Creating Volume: 190ac46e-e31c-4673-88ca-e69f68284e4d, with runner as owner and space quota set to -1 bytes, counts quota set to -1
2023-06-07 07:11:30,666 [OM StateMachine ApplyTransaction Thread - 0] INFO  volume.OMVolumeCreateRequest (OMVolumeCreateRequest.java:validateAndUpdateCache(196)) - created volume:190ac46e-e31c-4673-88ca-e69f68284e4d for user:runner
2023-06-07 07:11:30,669 [main] INFO  rpc.RpcClient (RpcClient.java:createBucket(686)) - Creating Bucket: 190ac46e-e31c-4673-88ca-e69f68284e4d/db6519e8-1d95-4fd2-addc-cf32dd8dee76, with server-side default bucket layout, runner as owner, Versioning false, Storage Type set to DISK and Encryption set to false, Replication Type set to server-side default replication type, Namespace Quota set to -1, Space Quota set to -1 
2023-06-07 07:11:30,671 [OM StateMachine ApplyTransaction Thread - 0] INFO  bucket.OMBucketCreateRequest (OMBucketCreateRequest.java:validateAndUpdateCache(270)) - created bucket: db6519e8-1d95-4fd2-addc-cf32dd8dee76 of layout OBJECT_STORE in volume: 190ac46e-e31c-4673-88ca-e69f68284e4d
]]></system-out>
  </testcase>
  <testcase name="testInvalidBucketCreation" classname="org.apache.hadoop.ozone.client.rpc.TestSecureOzoneRpcClient" time="0.008">
    <system-out><![CDATA[2023-06-07 07:11:30,680 [main] INFO  rpc.RpcClient (RpcClient.java:createVolume(459)) - Creating Volume: c3992da8-55e0-4af4-8653-248c93a2a6dc, with runner as owner and space quota set to -1 bytes, counts quota set to -1
2023-06-07 07:11:30,683 [OM StateMachine ApplyTransaction Thread - 0] INFO  volume.OMVolumeCreateRequest (OMVolumeCreateRequest.java:validateAndUpdateCache(196)) - created volume:c3992da8-55e0-4af4-8653-248c93a2a6dc for user:runner
]]></system-out>
  </testcase>
  <testcase name="testKeyOpFailureWithoutBlockToken" classname="org.apache.hadoop.ozone.client.rpc.TestSecureOzoneRpcClient" time="0">
    <skipped message="Needs to be moved out of this class as  client setup is static"/>
  </testcase>
  <testcase name="testKeyReadWriteForGDPR" classname="org.apache.hadoop.ozone.client.rpc.TestSecureOzoneRpcClient" time="0.074">
    <system-out><![CDATA[2023-06-07 07:11:30,690 [main] INFO  rpc.RpcClient (RpcClient.java:createVolume(459)) - Creating Volume: c58ddef9-ec5e-486c-a38d-b5fa2a36cb47, with runner as owner and space quota set to -1 bytes, counts quota set to -1
2023-06-07 07:11:30,693 [OM StateMachine ApplyTransaction Thread - 0] INFO  volume.OMVolumeCreateRequest (OMVolumeCreateRequest.java:validateAndUpdateCache(196)) - created volume:c58ddef9-ec5e-486c-a38d-b5fa2a36cb47 for user:runner
2023-06-07 07:11:30,694 [main] INFO  rpc.RpcClient (RpcClient.java:createBucket(686)) - Creating Bucket: c58ddef9-ec5e-486c-a38d-b5fa2a36cb47/79f58611-661a-4452-bb1d-40cbf1fdb9f2, with bucket layout OBJECT_STORE, runner as owner, Versioning false, Storage Type set to DISK and Encryption set to false, Replication Type set to server-side default replication type, Namespace Quota set to -1, Space Quota set to -1 
2023-06-07 07:11:30,697 [OM StateMachine ApplyTransaction Thread - 0] INFO  bucket.OMBucketCreateRequest (OMBucketCreateRequest.java:validateAndUpdateCache(270)) - created bucket: 79f58611-661a-4452-bb1d-40cbf1fdb9f2 of layout OBJECT_STORE in volume: c58ddef9-ec5e-486c-a38d-b5fa2a36cb47
2023-06-07 07:11:30,726 [IPC Server handler 14 on default port 15001] WARN  node.SCMNodeManager (SCMNodeManager.java:getNodesByAddress(1381)) - Cannot find node for address 127.0.0.1
2023-06-07 07:11:30,731 [IPC Server handler 18 on default port 15001] WARN  node.SCMNodeManager (SCMNodeManager.java:getNodesByAddress(1381)) - Cannot find node for address 127.0.0.1
2023-06-07 07:11:30,754 [IPC Server handler 19 on default port 15001] WARN  node.SCMNodeManager (SCMNodeManager.java:getNodesByAddress(1381)) - Cannot find node for address 127.0.0.1
2023-06-07 07:11:30,759 [IPC Server handler 13 on default port 15001] WARN  node.SCMNodeManager (SCMNodeManager.java:getNodesByAddress(1381)) - Cannot find node for address 127.0.0.1
]]></system-out>
  </testcase>
  <testcase name="testKeysRename" classname="org.apache.hadoop.ozone.client.rpc.TestSecureOzoneRpcClient" time="0.092">
    <system-out><![CDATA[2023-06-07 07:11:30,765 [main] INFO  rpc.RpcClient (RpcClient.java:createVolume(459)) - Creating Volume: 7997e14a-12de-41fb-bb9e-73fc4f952101, with runner as owner and space quota set to -1 bytes, counts quota set to -1
2023-06-07 07:11:30,768 [OM StateMachine ApplyTransaction Thread - 0] INFO  volume.OMVolumeCreateRequest (OMVolumeCreateRequest.java:validateAndUpdateCache(196)) - created volume:7997e14a-12de-41fb-bb9e-73fc4f952101 for user:runner
2023-06-07 07:11:30,770 [main] INFO  rpc.RpcClient (RpcClient.java:createBucket(686)) - Creating Bucket: 7997e14a-12de-41fb-bb9e-73fc4f952101/b6c3a7db-4734-4d09-8c81-5f7d7370cc3f, with bucket layout OBJECT_STORE, runner as owner, Versioning false, Storage Type set to DISK and Encryption set to false, Replication Type set to server-side default replication type, Namespace Quota set to -1, Space Quota set to -1 
2023-06-07 07:11:30,772 [OM StateMachine ApplyTransaction Thread - 0] INFO  bucket.OMBucketCreateRequest (OMBucketCreateRequest.java:validateAndUpdateCache(270)) - created bucket: b6c3a7db-4734-4d09-8c81-5f7d7370cc3f of layout OBJECT_STORE in volume: 7997e14a-12de-41fb-bb9e-73fc4f952101
2023-06-07 07:11:30,799 [IPC Server handler 6 on default port 15001] WARN  node.SCMNodeManager (SCMNodeManager.java:getNodesByAddress(1381)) - Cannot find node for address 127.0.0.1
2023-06-07 07:11:30,824 [IPC Server handler 17 on default port 15001] WARN  node.SCMNodeManager (SCMNodeManager.java:getNodesByAddress(1381)) - Cannot find node for address 127.0.0.1
2023-06-07 07:11:30,848 [IPC Server handler 12 on default port 15001] WARN  node.SCMNodeManager (SCMNodeManager.java:getNodesByAddress(1381)) - Cannot find node for address 127.0.0.1
2023-06-07 07:11:30,852 [IPC Server handler 10 on default port 15001] WARN  node.SCMNodeManager (SCMNodeManager.java:getNodesByAddress(1381)) - Cannot find node for address 127.0.0.1
07:11:30.854 [IPC Server handler 5 on default port 15004] ERROR OMAudit - user=runner | ip=127.0.0.1 | op=READ_KEY {volume=7997e14a-12de-41fb-bb9e-73fc4f952101, bucket=b6c3a7db-4734-4d09-8c81-5f7d7370cc3f, key=dir/file1, dataSize=0, replicationConfig=null} | ret=FAILURE
org.apache.hadoop.ozone.om.exceptions.OMException: Key:dir/file1 not found
	at org.apache.hadoop.ozone.om.KeyManagerImpl.readKeyInfo(KeyManagerImpl.java:428) ~[ozone-manager-1.4.0-SNAPSHOT.jar:?]
	at org.apache.hadoop.ozone.om.KeyManagerImpl.lambda$9(KeyManagerImpl.java:1921) ~[ozone-manager-1.4.0-SNAPSHOT.jar:?]
	at org.apache.hadoop.util.MetricUtil.captureLatencyNs(MetricUtil.java:39) ~[hdds-common-1.4.0-SNAPSHOT.jar:?]
	at org.apache.hadoop.ozone.om.KeyManagerImpl.getKeyInfo(KeyManagerImpl.java:1919) ~[ozone-manager-1.4.0-SNAPSHOT.jar:?]
	at org.apache.hadoop.ozone.om.OmMetadataReader.getKeyInfo(OmMetadataReader.java:209) ~[ozone-manager-1.4.0-SNAPSHOT.jar:?]
	at org.apache.hadoop.ozone.om.OzoneManager.getKeyInfo(OzoneManager.java:2787) ~[ozone-manager-1.4.0-SNAPSHOT.jar:?]
	at org.apache.hadoop.ozone.protocolPB.OzoneManagerRequestHandler.getKeyInfo(OzoneManagerRequestHandler.java:550) ~[ozone-manager-1.4.0-SNAPSHOT.jar:?]
	at org.apache.hadoop.ozone.protocolPB.OzoneManagerRequestHandler.handleReadRequest(OzoneManagerRequestHandler.java:293) ~[ozone-manager-1.4.0-SNAPSHOT.jar:?]
	at org.apache.hadoop.ozone.protocolPB.OzoneManagerProtocolServerSideTranslatorPB.submitReadRequestToOM(OzoneManagerProtocolServerSideTranslatorPB.java:223) ~[ozone-manager-1.4.0-SNAPSHOT.jar:?]
	at org.apache.hadoop.ozone.protocolPB.OzoneManagerProtocolServerSideTranslatorPB.processRequest(OzoneManagerProtocolServerSideTranslatorPB.java:177) ~[ozone-manager-1.4.0-SNAPSHOT.jar:?]
	at org.apache.hadoop.hdds.server.OzoneProtocolMessageDispatcher.processRequest(OzoneProtocolMessageDispatcher.java:87) [hdds-server-framework-1.4.0-SNAPSHOT.jar:?]
	at org.apache.hadoop.ozone.protocolPB.OzoneManagerProtocolServerSideTranslatorPB.submitRequest(OzoneManagerProtocolServerSideTranslatorPB.java:147) [ozone-manager-1.4.0-SNAPSHOT.jar:?]
	at org.apache.hadoop.ozone.protocol.proto.OzoneManagerProtocolProtos$OzoneManagerService$2.callBlockingMethod(OzoneManagerProtocolProtos.java) [ozone-interface-client-1.4.0-SNAPSHOT.jar:?]
	at org.apache.hadoop.ipc.ProtobufRpcEngine$Server.processCall(ProtobufRpcEngine.java:484) [hadoop-common-3.3.5.jar:?]
	at org.apache.hadoop.ipc.ProtobufRpcEngine2$Server$ProtoBufRpcInvoker.call(ProtobufRpcEngine2.java:595) [hadoop-common-3.3.5.jar:?]
	at org.apache.hadoop.ipc.ProtobufRpcEngine2$Server$ProtoBufRpcInvoker.call(ProtobufRpcEngine2.java:573) [hadoop-common-3.3.5.jar:?]
	at org.apache.hadoop.ipc.RPC$Server.call(RPC.java:1213) [hadoop-common-3.3.5.jar:?]
	at org.apache.hadoop.ipc.Server$RpcCall.run(Server.java:1089) [hadoop-common-3.3.5.jar:?]
	at org.apache.hadoop.ipc.Server$RpcCall.run(Server.java:1012) [hadoop-common-3.3.5.jar:?]
	at java.security.AccessController.doPrivileged(Native Method) ~[?:1.8.0_372]
	at javax.security.auth.Subject.doAs(Subject.java:422) [?:1.8.0_372]
	at org.apache.hadoop.security.UserGroupInformation.doAs(UserGroupInformation.java:1899) [hadoop-common-3.3.5.jar:?]
	at org.apache.hadoop.ipc.Server$Handler.run(Server.java:3026) [hadoop-common-3.3.5.jar:?]
07:11:30.856 [IPC Server handler 8 on default port 15004] ERROR OMAudit - user=runner | ip=127.0.0.1 | op=READ_KEY {volume=7997e14a-12de-41fb-bb9e-73fc4f952101, bucket=b6c3a7db-4734-4d09-8c81-5f7d7370cc3f, key=dir/file2, dataSize=0, replicationConfig=null} | ret=FAILURE
org.apache.hadoop.ozone.om.exceptions.OMException: Key:dir/file2 not found
	at org.apache.hadoop.ozone.om.KeyManagerImpl.readKeyInfo(KeyManagerImpl.java:428) ~[ozone-manager-1.4.0-SNAPSHOT.jar:?]
	at org.apache.hadoop.ozone.om.KeyManagerImpl.lambda$9(KeyManagerImpl.java:1921) ~[ozone-manager-1.4.0-SNAPSHOT.jar:?]
	at org.apache.hadoop.util.MetricUtil.captureLatencyNs(MetricUtil.java:39) ~[hdds-common-1.4.0-SNAPSHOT.jar:?]
	at org.apache.hadoop.ozone.om.KeyManagerImpl.getKeyInfo(KeyManagerImpl.java:1919) ~[ozone-manager-1.4.0-SNAPSHOT.jar:?]
	at org.apache.hadoop.ozone.om.OmMetadataReader.getKeyInfo(OmMetadataReader.java:209) ~[ozone-manager-1.4.0-SNAPSHOT.jar:?]
	at org.apache.hadoop.ozone.om.OzoneManager.getKeyInfo(OzoneManager.java:2787) ~[ozone-manager-1.4.0-SNAPSHOT.jar:?]
	at org.apache.hadoop.ozone.protocolPB.OzoneManagerRequestHandler.getKeyInfo(OzoneManagerRequestHandler.java:550) ~[ozone-manager-1.4.0-SNAPSHOT.jar:?]
	at org.apache.hadoop.ozone.protocolPB.OzoneManagerRequestHandler.handleReadRequest(OzoneManagerRequestHandler.java:293) ~[ozone-manager-1.4.0-SNAPSHOT.jar:?]
	at org.apache.hadoop.ozone.protocolPB.OzoneManagerProtocolServerSideTranslatorPB.submitReadRequestToOM(OzoneManagerProtocolServerSideTranslatorPB.java:223) ~[ozone-manager-1.4.0-SNAPSHOT.jar:?]
	at org.apache.hadoop.ozone.protocolPB.OzoneManagerProtocolServerSideTranslatorPB.processRequest(OzoneManagerProtocolServerSideTranslatorPB.java:177) ~[ozone-manager-1.4.0-SNAPSHOT.jar:?]
	at org.apache.hadoop.hdds.server.OzoneProtocolMessageDispatcher.processRequest(OzoneProtocolMessageDispatcher.java:87) [hdds-server-framework-1.4.0-SNAPSHOT.jar:?]
	at org.apache.hadoop.ozone.protocolPB.OzoneManagerProtocolServerSideTranslatorPB.submitRequest(OzoneManagerProtocolServerSideTranslatorPB.java:147) [ozone-manager-1.4.0-SNAPSHOT.jar:?]
	at org.apache.hadoop.ozone.protocol.proto.OzoneManagerProtocolProtos$OzoneManagerService$2.callBlockingMethod(OzoneManagerProtocolProtos.java) [ozone-interface-client-1.4.0-SNAPSHOT.jar:?]
	at org.apache.hadoop.ipc.ProtobufRpcEngine$Server.processCall(ProtobufRpcEngine.java:484) [hadoop-common-3.3.5.jar:?]
	at org.apache.hadoop.ipc.ProtobufRpcEngine2$Server$ProtoBufRpcInvoker.call(ProtobufRpcEngine2.java:595) [hadoop-common-3.3.5.jar:?]
	at org.apache.hadoop.ipc.ProtobufRpcEngine2$Server$ProtoBufRpcInvoker.call(ProtobufRpcEngine2.java:573) [hadoop-common-3.3.5.jar:?]
	at org.apache.hadoop.ipc.RPC$Server.call(RPC.java:1213) [hadoop-common-3.3.5.jar:?]
	at org.apache.hadoop.ipc.Server$RpcCall.run(Server.java:1089) [hadoop-common-3.3.5.jar:?]
	at org.apache.hadoop.ipc.Server$RpcCall.run(Server.java:1012) [hadoop-common-3.3.5.jar:?]
	at java.security.AccessController.doPrivileged(Native Method) ~[?:1.8.0_372]
	at javax.security.auth.Subject.doAs(Subject.java:422) [?:1.8.0_372]
	at org.apache.hadoop.security.UserGroupInformation.doAs(UserGroupInformation.java:1899) [hadoop-common-3.3.5.jar:?]
	at org.apache.hadoop.ipc.Server$Handler.run(Server.java:3026) [hadoop-common-3.3.5.jar:?]
]]></system-out>
  </testcase>
  <testcase name="testKeysRenameFail" classname="org.apache.hadoop.ozone.client.rpc.TestSecureOzoneRpcClient" time="0.048">
    <system-out><![CDATA[2023-06-07 07:11:30,858 [main] INFO  rpc.RpcClient (RpcClient.java:createVolume(459)) - Creating Volume: cbce9a5e-54fb-4004-932f-e5069df2307d, with runner as owner and space quota set to -1 bytes, counts quota set to -1
2023-06-07 07:11:30,861 [OM StateMachine ApplyTransaction Thread - 0] INFO  volume.OMVolumeCreateRequest (OMVolumeCreateRequest.java:validateAndUpdateCache(196)) - created volume:cbce9a5e-54fb-4004-932f-e5069df2307d for user:runner
2023-06-07 07:11:30,863 [main] INFO  rpc.RpcClient (RpcClient.java:createBucket(686)) - Creating Bucket: cbce9a5e-54fb-4004-932f-e5069df2307d/d914d25c-4c4a-49c3-8447-8d861b95bdea, with bucket layout OBJECT_STORE, runner as owner, Versioning false, Storage Type set to DISK and Encryption set to false, Replication Type set to server-side default replication type, Namespace Quota set to -1, Space Quota set to -1 
2023-06-07 07:11:30,865 [OM StateMachine ApplyTransaction Thread - 0] INFO  bucket.OMBucketCreateRequest (OMBucketCreateRequest.java:validateAndUpdateCache(270)) - created bucket: d914d25c-4c4a-49c3-8447-8d861b95bdea of layout OBJECT_STORE in volume: cbce9a5e-54fb-4004-932f-e5069df2307d
2023-06-07 07:11:30,894 [IPC Server handler 0 on default port 15001] WARN  node.SCMNodeManager (SCMNodeManager.java:getNodesByAddress(1381)) - Cannot find node for address 127.0.0.1
2023-06-07 07:11:30,898 [OM StateMachine ApplyTransaction Thread - 0] ERROR key.OMKeysRenameRequest (OMKeysRenameRequest.java:validateAndUpdateCache(190)) - Received a request to rename a Key does not exist /cbce9a5e-54fb-4004-932f-e5069df2307d/d914d25c-4c4a-49c3-8447-8d861b95bdea/dir/file2
2023-06-07 07:11:30,903 [IPC Server handler 4 on default port 15001] WARN  node.SCMNodeManager (SCMNodeManager.java:getNodesByAddress(1381)) - Cannot find node for address 127.0.0.1
07:11:30.905 [IPC Server handler 13 on default port 15004] ERROR OMAudit - user=runner | ip=127.0.0.1 | op=READ_KEY {volume=cbce9a5e-54fb-4004-932f-e5069df2307d, bucket=d914d25c-4c4a-49c3-8447-8d861b95bdea, key=dir/file2, dataSize=0, replicationConfig=null} | ret=FAILURE
org.apache.hadoop.ozone.om.exceptions.OMException: Key:dir/file2 not found
	at org.apache.hadoop.ozone.om.KeyManagerImpl.readKeyInfo(KeyManagerImpl.java:428) ~[ozone-manager-1.4.0-SNAPSHOT.jar:?]
	at org.apache.hadoop.ozone.om.KeyManagerImpl.lambda$9(KeyManagerImpl.java:1921) ~[ozone-manager-1.4.0-SNAPSHOT.jar:?]
	at org.apache.hadoop.util.MetricUtil.captureLatencyNs(MetricUtil.java:39) ~[hdds-common-1.4.0-SNAPSHOT.jar:?]
	at org.apache.hadoop.ozone.om.KeyManagerImpl.getKeyInfo(KeyManagerImpl.java:1919) ~[ozone-manager-1.4.0-SNAPSHOT.jar:?]
	at org.apache.hadoop.ozone.om.OmMetadataReader.getKeyInfo(OmMetadataReader.java:209) ~[ozone-manager-1.4.0-SNAPSHOT.jar:?]
	at org.apache.hadoop.ozone.om.OzoneManager.getKeyInfo(OzoneManager.java:2787) ~[ozone-manager-1.4.0-SNAPSHOT.jar:?]
	at org.apache.hadoop.ozone.protocolPB.OzoneManagerRequestHandler.getKeyInfo(OzoneManagerRequestHandler.java:550) ~[ozone-manager-1.4.0-SNAPSHOT.jar:?]
	at org.apache.hadoop.ozone.protocolPB.OzoneManagerRequestHandler.handleReadRequest(OzoneManagerRequestHandler.java:293) ~[ozone-manager-1.4.0-SNAPSHOT.jar:?]
	at org.apache.hadoop.ozone.protocolPB.OzoneManagerProtocolServerSideTranslatorPB.submitReadRequestToOM(OzoneManagerProtocolServerSideTranslatorPB.java:223) ~[ozone-manager-1.4.0-SNAPSHOT.jar:?]
	at org.apache.hadoop.ozone.protocolPB.OzoneManagerProtocolServerSideTranslatorPB.processRequest(OzoneManagerProtocolServerSideTranslatorPB.java:177) ~[ozone-manager-1.4.0-SNAPSHOT.jar:?]
	at org.apache.hadoop.hdds.server.OzoneProtocolMessageDispatcher.processRequest(OzoneProtocolMessageDispatcher.java:87) [hdds-server-framework-1.4.0-SNAPSHOT.jar:?]
	at org.apache.hadoop.ozone.protocolPB.OzoneManagerProtocolServerSideTranslatorPB.submitRequest(OzoneManagerProtocolServerSideTranslatorPB.java:147) [ozone-manager-1.4.0-SNAPSHOT.jar:?]
	at org.apache.hadoop.ozone.protocol.proto.OzoneManagerProtocolProtos$OzoneManagerService$2.callBlockingMethod(OzoneManagerProtocolProtos.java) [ozone-interface-client-1.4.0-SNAPSHOT.jar:?]
	at org.apache.hadoop.ipc.ProtobufRpcEngine$Server.processCall(ProtobufRpcEngine.java:484) [hadoop-common-3.3.5.jar:?]
	at org.apache.hadoop.ipc.ProtobufRpcEngine2$Server$ProtoBufRpcInvoker.call(ProtobufRpcEngine2.java:595) [hadoop-common-3.3.5.jar:?]
	at org.apache.hadoop.ipc.ProtobufRpcEngine2$Server$ProtoBufRpcInvoker.call(ProtobufRpcEngine2.java:573) [hadoop-common-3.3.5.jar:?]
	at org.apache.hadoop.ipc.RPC$Server.call(RPC.java:1213) [hadoop-common-3.3.5.jar:?]
	at org.apache.hadoop.ipc.Server$RpcCall.run(Server.java:1089) [hadoop-common-3.3.5.jar:?]
	at org.apache.hadoop.ipc.Server$RpcCall.run(Server.java:1012) [hadoop-common-3.3.5.jar:?]
	at java.security.AccessController.doPrivileged(Native Method) ~[?:1.8.0_372]
	at javax.security.auth.Subject.doAs(Subject.java:422) [?:1.8.0_372]
	at org.apache.hadoop.security.UserGroupInformation.doAs(UserGroupInformation.java:1899) [hadoop-common-3.3.5.jar:?]
	at org.apache.hadoop.ipc.Server$Handler.run(Server.java:3026) [hadoop-common-3.3.5.jar:?]
]]></system-out>
  </testcase>
  <testcase name="testListBucket" classname="org.apache.hadoop.ozone.client.rpc.TestSecureOzoneRpcClient" time="0.381">
    <system-out><![CDATA[2023-06-07 07:11:30,907 [main] INFO  rpc.RpcClient (RpcClient.java:createVolume(459)) - Creating Volume: vol-a-25879, with runner as owner and space quota set to -1 bytes, counts quota set to -1
2023-06-07 07:11:30,909 [OM StateMachine ApplyTransaction Thread - 0] INFO  volume.OMVolumeCreateRequest (OMVolumeCreateRequest.java:validateAndUpdateCache(196)) - created volume:vol-a-25879 for user:runner
2023-06-07 07:11:30,910 [main] INFO  rpc.RpcClient (RpcClient.java:createVolume(459)) - Creating Volume: vol-b-78888, with runner as owner and space quota set to -1 bytes, counts quota set to -1
2023-06-07 07:11:30,913 [OM StateMachine ApplyTransaction Thread - 0] INFO  volume.OMVolumeCreateRequest (OMVolumeCreateRequest.java:validateAndUpdateCache(196)) - created volume:vol-b-78888 for user:runner
2023-06-07 07:11:30,915 [main] INFO  rpc.RpcClient (RpcClient.java:createBucket(686)) - Creating Bucket: vol-a-25879/bucket-a-0-41611, with server-side default bucket layout, runner as owner, Versioning false, Storage Type set to DISK and Encryption set to false, Replication Type set to server-side default replication type, Namespace Quota set to -1, Space Quota set to -1 
2023-06-07 07:11:30,917 [OM StateMachine ApplyTransaction Thread - 0] INFO  bucket.OMBucketCreateRequest (OMBucketCreateRequest.java:validateAndUpdateCache(270)) - created bucket: bucket-a-0-41611 of layout OBJECT_STORE in volume: vol-a-25879
2023-06-07 07:11:30,961 [OM StateMachine ApplyTransaction Thread - 0] INFO  snapshot.OMSnapshotCreateRequest (OMSnapshotCreateRequest.java:validateAndUpdateCache(231)) - Created snapshot 's20230607-071130.940' under path 'vol-a-25879/bucket-a-0-41611'
2023-06-07 07:11:30,962 [main] INFO  rpc.RpcClient (RpcClient.java:createBucket(686)) - Creating Bucket: vol-b-78888/bucket-a-0-99625, with server-side default bucket layout, runner as owner, Versioning false, Storage Type set to DISK and Encryption set to false, Replication Type set to server-side default replication type, Namespace Quota set to -1, Space Quota set to -1 
2023-06-07 07:11:30,970 [OM StateMachine ApplyTransaction Thread - 0] INFO  bucket.OMBucketCreateRequest (OMBucketCreateRequest.java:validateAndUpdateCache(270)) - created bucket: bucket-a-0-99625 of layout OBJECT_STORE in volume: vol-b-78888
2023-06-07 07:11:30,974 [OM StateMachine ApplyTransaction Thread - 0] INFO  snapshot.OMSnapshotCreateRequest (OMSnapshotCreateRequest.java:validateAndUpdateCache(231)) - Created snapshot 's20230607-071130.972' under path 'vol-b-78888/bucket-a-0-99625'
2023-06-07 07:11:30,974 [main] INFO  rpc.RpcClient (RpcClient.java:createBucket(686)) - Creating Bucket: vol-a-25879/bucket-a-1-29667, with server-side default bucket layout, runner as owner, Versioning false, Storage Type set to DISK and Encryption set to false, Replication Type set to server-side default replication type, Namespace Quota set to -1, Space Quota set to -1 
2023-06-07 07:11:30,977 [OM StateMachine ApplyTransaction Thread - 0] INFO  bucket.OMBucketCreateRequest (OMBucketCreateRequest.java:validateAndUpdateCache(270)) - created bucket: bucket-a-1-29667 of layout OBJECT_STORE in volume: vol-a-25879
2023-06-07 07:11:30,979 [OM StateMachine ApplyTransaction Thread - 0] INFO  snapshot.OMSnapshotCreateRequest (OMSnapshotCreateRequest.java:validateAndUpdateCache(231)) - Created snapshot 's20230607-071130.978' under path 'vol-a-25879/bucket-a-1-29667'
2023-06-07 07:11:30,979 [main] INFO  rpc.RpcClient (RpcClient.java:createBucket(686)) - Creating Bucket: vol-b-78888/bucket-a-1-59093, with server-side default bucket layout, runner as owner, Versioning false, Storage Type set to DISK and Encryption set to false, Replication Type set to server-side default replication type, Namespace Quota set to -1, Space Quota set to -1 
2023-06-07 07:11:30,981 [OM StateMachine ApplyTransaction Thread - 0] INFO  bucket.OMBucketCreateRequest (OMBucketCreateRequest.java:validateAndUpdateCache(270)) - created bucket: bucket-a-1-59093 of layout OBJECT_STORE in volume: vol-b-78888
2023-06-07 07:11:30,984 [OM StateMachine ApplyTransaction Thread - 0] INFO  snapshot.OMSnapshotCreateRequest (OMSnapshotCreateRequest.java:validateAndUpdateCache(231)) - Created snapshot 's20230607-071130.982' under path 'vol-b-78888/bucket-a-1-59093'
2023-06-07 07:11:30,984 [main] INFO  rpc.RpcClient (RpcClient.java:createBucket(686)) - Creating Bucket: vol-a-25879/bucket-a-2-50134, with server-side default bucket layout, runner as owner, Versioning false, Storage Type set to DISK and Encryption set to false, Replication Type set to server-side default replication type, Namespace Quota set to -1, Space Quota set to -1 
2023-06-07 07:11:30,987 [OM StateMachine ApplyTransaction Thread - 0] INFO  bucket.OMBucketCreateRequest (OMBucketCreateRequest.java:validateAndUpdateCache(270)) - created bucket: bucket-a-2-50134 of layout OBJECT_STORE in volume: vol-a-25879
2023-06-07 07:11:30,989 [OM StateMachine ApplyTransaction Thread - 0] INFO  snapshot.OMSnapshotCreateRequest (OMSnapshotCreateRequest.java:validateAndUpdateCache(231)) - Created snapshot 's20230607-071130.988' under path 'vol-a-25879/bucket-a-2-50134'
2023-06-07 07:11:30,990 [main] INFO  rpc.RpcClient (RpcClient.java:createBucket(686)) - Creating Bucket: vol-b-78888/bucket-a-2-38321, with server-side default bucket layout, runner as owner, Versioning false, Storage Type set to DISK and Encryption set to false, Replication Type set to server-side default replication type, Namespace Quota set to -1, Space Quota set to -1 
2023-06-07 07:11:30,992 [OM StateMachine ApplyTransaction Thread - 0] INFO  bucket.OMBucketCreateRequest (OMBucketCreateRequest.java:validateAndUpdateCache(270)) - created bucket: bucket-a-2-38321 of layout OBJECT_STORE in volume: vol-b-78888
2023-06-07 07:11:30,994 [OM StateMachine ApplyTransaction Thread - 0] INFO  snapshot.OMSnapshotCreateRequest (OMSnapshotCreateRequest.java:validateAndUpdateCache(231)) - Created snapshot 's20230607-071130.993' under path 'vol-b-78888/bucket-a-2-38321'
2023-06-07 07:11:30,994 [main] INFO  rpc.RpcClient (RpcClient.java:createBucket(686)) - Creating Bucket: vol-a-25879/bucket-a-3-74327, with server-side default bucket layout, runner as owner, Versioning false, Storage Type set to DISK and Encryption set to false, Replication Type set to server-side default replication type, Namespace Quota set to -1, Space Quota set to -1 
2023-06-07 07:11:30,996 [OM StateMachine ApplyTransaction Thread - 0] INFO  bucket.OMBucketCreateRequest (OMBucketCreateRequest.java:validateAndUpdateCache(270)) - created bucket: bucket-a-3-74327 of layout OBJECT_STORE in volume: vol-a-25879
2023-06-07 07:11:30,998 [OM StateMachine ApplyTransaction Thread - 0] INFO  snapshot.OMSnapshotCreateRequest (OMSnapshotCreateRequest.java:validateAndUpdateCache(231)) - Created snapshot 's20230607-071130.997' under path 'vol-a-25879/bucket-a-3-74327'
2023-06-07 07:11:30,999 [main] INFO  rpc.RpcClient (RpcClient.java:createBucket(686)) - Creating Bucket: vol-b-78888/bucket-a-3-84831, with server-side default bucket layout, runner as owner, Versioning false, Storage Type set to DISK and Encryption set to false, Replication Type set to server-side default replication type, Namespace Quota set to -1, Space Quota set to -1 
2023-06-07 07:11:31,001 [OM StateMachine ApplyTransaction Thread - 0] INFO  bucket.OMBucketCreateRequest (OMBucketCreateRequest.java:validateAndUpdateCache(270)) - created bucket: bucket-a-3-84831 of layout OBJECT_STORE in volume: vol-b-78888
2023-06-07 07:11:31,004 [OM StateMachine ApplyTransaction Thread - 0] INFO  snapshot.OMSnapshotCreateRequest (OMSnapshotCreateRequest.java:validateAndUpdateCache(231)) - Created snapshot 's20230607-071131.003' under path 'vol-b-78888/bucket-a-3-84831'
2023-06-07 07:11:31,004 [main] INFO  rpc.RpcClient (RpcClient.java:createBucket(686)) - Creating Bucket: vol-a-25879/bucket-a-4-83409, with server-side default bucket layout, runner as owner, Versioning false, Storage Type set to DISK and Encryption set to false, Replication Type set to server-side default replication type, Namespace Quota set to -1, Space Quota set to -1 
2023-06-07 07:11:31,006 [OM StateMachine ApplyTransaction Thread - 0] INFO  bucket.OMBucketCreateRequest (OMBucketCreateRequest.java:validateAndUpdateCache(270)) - created bucket: bucket-a-4-83409 of layout OBJECT_STORE in volume: vol-a-25879
2023-06-07 07:11:31,008 [OM StateMachine ApplyTransaction Thread - 0] INFO  snapshot.OMSnapshotCreateRequest (OMSnapshotCreateRequest.java:validateAndUpdateCache(231)) - Created snapshot 's20230607-071131.007' under path 'vol-a-25879/bucket-a-4-83409'
2023-06-07 07:11:31,009 [main] INFO  rpc.RpcClient (RpcClient.java:createBucket(686)) - Creating Bucket: vol-b-78888/bucket-a-4-89579, with server-side default bucket layout, runner as owner, Versioning false, Storage Type set to DISK and Encryption set to false, Replication Type set to server-side default replication type, Namespace Quota set to -1, Space Quota set to -1 
2023-06-07 07:11:31,011 [OM StateMachine ApplyTransaction Thread - 0] INFO  bucket.OMBucketCreateRequest (OMBucketCreateRequest.java:validateAndUpdateCache(270)) - created bucket: bucket-a-4-89579 of layout OBJECT_STORE in volume: vol-b-78888
2023-06-07 07:11:31,013 [OM StateMachine ApplyTransaction Thread - 0] INFO  snapshot.OMSnapshotCreateRequest (OMSnapshotCreateRequest.java:validateAndUpdateCache(231)) - Created snapshot 's20230607-071131.012' under path 'vol-b-78888/bucket-a-4-89579'
2023-06-07 07:11:31,014 [main] INFO  rpc.RpcClient (RpcClient.java:createBucket(686)) - Creating Bucket: vol-a-25879/bucket-a-5-93059, with server-side default bucket layout, runner as owner, Versioning false, Storage Type set to DISK and Encryption set to false, Replication Type set to server-side default replication type, Namespace Quota set to -1, Space Quota set to -1 
2023-06-07 07:11:31,015 [OM StateMachine ApplyTransaction Thread - 0] INFO  bucket.OMBucketCreateRequest (OMBucketCreateRequest.java:validateAndUpdateCache(270)) - created bucket: bucket-a-5-93059 of layout OBJECT_STORE in volume: vol-a-25879
2023-06-07 07:11:31,018 [OM StateMachine ApplyTransaction Thread - 0] INFO  snapshot.OMSnapshotCreateRequest (OMSnapshotCreateRequest.java:validateAndUpdateCache(231)) - Created snapshot 's20230607-071131.016' under path 'vol-a-25879/bucket-a-5-93059'
2023-06-07 07:11:31,018 [main] INFO  rpc.RpcClient (RpcClient.java:createBucket(686)) - Creating Bucket: vol-b-78888/bucket-a-5-54125, with server-side default bucket layout, runner as owner, Versioning false, Storage Type set to DISK and Encryption set to false, Replication Type set to server-side default replication type, Namespace Quota set to -1, Space Quota set to -1 
2023-06-07 07:11:31,020 [OM StateMachine ApplyTransaction Thread - 0] INFO  bucket.OMBucketCreateRequest (OMBucketCreateRequest.java:validateAndUpdateCache(270)) - created bucket: bucket-a-5-54125 of layout OBJECT_STORE in volume: vol-b-78888
2023-06-07 07:11:31,022 [OM StateMachine ApplyTransaction Thread - 0] INFO  snapshot.OMSnapshotCreateRequest (OMSnapshotCreateRequest.java:validateAndUpdateCache(231)) - Created snapshot 's20230607-071131.021' under path 'vol-b-78888/bucket-a-5-54125'
2023-06-07 07:11:31,023 [main] INFO  rpc.RpcClient (RpcClient.java:createBucket(686)) - Creating Bucket: vol-a-25879/bucket-a-6-27980, with server-side default bucket layout, runner as owner, Versioning false, Storage Type set to DISK and Encryption set to false, Replication Type set to server-side default replication type, Namespace Quota set to -1, Space Quota set to -1 
2023-06-07 07:11:31,025 [OM StateMachine ApplyTransaction Thread - 0] INFO  bucket.OMBucketCreateRequest (OMBucketCreateRequest.java:validateAndUpdateCache(270)) - created bucket: bucket-a-6-27980 of layout OBJECT_STORE in volume: vol-a-25879
2023-06-07 07:11:31,027 [OM StateMachine ApplyTransaction Thread - 0] INFO  snapshot.OMSnapshotCreateRequest (OMSnapshotCreateRequest.java:validateAndUpdateCache(231)) - Created snapshot 's20230607-071131.026' under path 'vol-a-25879/bucket-a-6-27980'
2023-06-07 07:11:31,028 [main] INFO  rpc.RpcClient (RpcClient.java:createBucket(686)) - Creating Bucket: vol-b-78888/bucket-a-6-89748, with server-side default bucket layout, runner as owner, Versioning false, Storage Type set to DISK and Encryption set to false, Replication Type set to server-side default replication type, Namespace Quota set to -1, Space Quota set to -1 
2023-06-07 07:11:31,030 [OM StateMachine ApplyTransaction Thread - 0] INFO  bucket.OMBucketCreateRequest (OMBucketCreateRequest.java:validateAndUpdateCache(270)) - created bucket: bucket-a-6-89748 of layout OBJECT_STORE in volume: vol-b-78888
2023-06-07 07:11:31,033 [OM StateMachine ApplyTransaction Thread - 0] INFO  snapshot.OMSnapshotCreateRequest (OMSnapshotCreateRequest.java:validateAndUpdateCache(231)) - Created snapshot 's20230607-071131.031' under path 'vol-b-78888/bucket-a-6-89748'
2023-06-07 07:11:31,033 [main] INFO  rpc.RpcClient (RpcClient.java:createBucket(686)) - Creating Bucket: vol-a-25879/bucket-a-7-52661, with server-side default bucket layout, runner as owner, Versioning false, Storage Type set to DISK and Encryption set to false, Replication Type set to server-side default replication type, Namespace Quota set to -1, Space Quota set to -1 
2023-06-07 07:11:31,037 [OM StateMachine ApplyTransaction Thread - 0] INFO  bucket.OMBucketCreateRequest (OMBucketCreateRequest.java:validateAndUpdateCache(270)) - created bucket: bucket-a-7-52661 of layout OBJECT_STORE in volume: vol-a-25879
2023-06-07 07:11:31,112 [OM StateMachine ApplyTransaction Thread - 0] INFO  snapshot.OMSnapshotCreateRequest (OMSnapshotCreateRequest.java:validateAndUpdateCache(231)) - Created snapshot 's20230607-071131.045' under path 'vol-a-25879/bucket-a-7-52661'
2023-06-07 07:11:31,115 [main] INFO  rpc.RpcClient (RpcClient.java:createBucket(686)) - Creating Bucket: vol-b-78888/bucket-a-7-63185, with server-side default bucket layout, runner as owner, Versioning false, Storage Type set to DISK and Encryption set to false, Replication Type set to server-side default replication type, Namespace Quota set to -1, Space Quota set to -1 
2023-06-07 07:11:31,118 [OM StateMachine ApplyTransaction Thread - 0] INFO  bucket.OMBucketCreateRequest (OMBucketCreateRequest.java:validateAndUpdateCache(270)) - created bucket: bucket-a-7-63185 of layout OBJECT_STORE in volume: vol-b-78888
2023-06-07 07:11:31,121 [OM StateMachine ApplyTransaction Thread - 0] INFO  snapshot.OMSnapshotCreateRequest (OMSnapshotCreateRequest.java:validateAndUpdateCache(231)) - Created snapshot 's20230607-071131.119' under path 'vol-b-78888/bucket-a-7-63185'
2023-06-07 07:11:31,122 [main] INFO  rpc.RpcClient (RpcClient.java:createBucket(686)) - Creating Bucket: vol-a-25879/bucket-a-8-60086, with server-side default bucket layout, runner as owner, Versioning false, Storage Type set to DISK and Encryption set to false, Replication Type set to server-side default replication type, Namespace Quota set to -1, Space Quota set to -1 
2023-06-07 07:11:31,125 [OM StateMachine ApplyTransaction Thread - 0] INFO  bucket.OMBucketCreateRequest (OMBucketCreateRequest.java:validateAndUpdateCache(270)) - created bucket: bucket-a-8-60086 of layout OBJECT_STORE in volume: vol-a-25879
2023-06-07 07:11:31,129 [OM StateMachine ApplyTransaction Thread - 0] INFO  snapshot.OMSnapshotCreateRequest (OMSnapshotCreateRequest.java:validateAndUpdateCache(231)) - Created snapshot 's20230607-071131.128' under path 'vol-a-25879/bucket-a-8-60086'
2023-06-07 07:11:31,130 [main] INFO  rpc.RpcClient (RpcClient.java:createBucket(686)) - Creating Bucket: vol-b-78888/bucket-a-8-92907, with server-side default bucket layout, runner as owner, Versioning false, Storage Type set to DISK and Encryption set to false, Replication Type set to server-side default replication type, Namespace Quota set to -1, Space Quota set to -1 
2023-06-07 07:11:31,132 [OM StateMachine ApplyTransaction Thread - 0] INFO  bucket.OMBucketCreateRequest (OMBucketCreateRequest.java:validateAndUpdateCache(270)) - created bucket: bucket-a-8-92907 of layout OBJECT_STORE in volume: vol-b-78888
2023-06-07 07:11:31,135 [OM StateMachine ApplyTransaction Thread - 0] INFO  snapshot.OMSnapshotCreateRequest (OMSnapshotCreateRequest.java:validateAndUpdateCache(231)) - Created snapshot 's20230607-071131.134' under path 'vol-b-78888/bucket-a-8-92907'
2023-06-07 07:11:31,136 [main] INFO  rpc.RpcClient (RpcClient.java:createBucket(686)) - Creating Bucket: vol-a-25879/bucket-a-9-75163, with server-side default bucket layout, runner as owner, Versioning false, Storage Type set to DISK and Encryption set to false, Replication Type set to server-side default replication type, Namespace Quota set to -1, Space Quota set to -1 
2023-06-07 07:11:31,138 [OM StateMachine ApplyTransaction Thread - 0] INFO  bucket.OMBucketCreateRequest (OMBucketCreateRequest.java:validateAndUpdateCache(270)) - created bucket: bucket-a-9-75163 of layout OBJECT_STORE in volume: vol-a-25879
2023-06-07 07:11:31,139 [OMDoubleBufferFlushThread] INFO  db.RDBCheckpointManager (RDBCheckpointManager.java:createCheckpoint(89)) - Created checkpoint in rocksDB at /home/runner/work/ozone/ozone/hadoop-ozone/integration-test/target/test-dir/MiniOzoneClusterImpl-28223e3b-fb3b-4559-a623-43dba3cd33a0/ozone-meta/db.snapshots/checkpointState/om.db-f205fba2-448e-483b-9d8d-decea029c609 in 176 milliseconds
2023-06-07 07:11:31,142 [OM StateMachine ApplyTransaction Thread - 0] INFO  snapshot.OMSnapshotCreateRequest (OMSnapshotCreateRequest.java:validateAndUpdateCache(231)) - Created snapshot 's20230607-071131.139' under path 'vol-a-25879/bucket-a-9-75163'
2023-06-07 07:11:31,143 [main] INFO  rpc.RpcClient (RpcClient.java:createBucket(686)) - Creating Bucket: vol-b-78888/bucket-a-9-98431, with server-side default bucket layout, runner as owner, Versioning false, Storage Type set to DISK and Encryption set to false, Replication Type set to server-side default replication type, Namespace Quota set to -1, Space Quota set to -1 
2023-06-07 07:11:31,145 [OM StateMachine ApplyTransaction Thread - 0] INFO  bucket.OMBucketCreateRequest (OMBucketCreateRequest.java:validateAndUpdateCache(270)) - created bucket: bucket-a-9-98431 of layout OBJECT_STORE in volume: vol-b-78888
2023-06-07 07:11:31,147 [OM StateMachine ApplyTransaction Thread - 0] INFO  snapshot.OMSnapshotCreateRequest (OMSnapshotCreateRequest.java:validateAndUpdateCache(231)) - Created snapshot 's20230607-071131.146' under path 'vol-b-78888/bucket-a-9-98431'
2023-06-07 07:11:31,148 [main] INFO  rpc.RpcClient (RpcClient.java:createBucket(686)) - Creating Bucket: vol-a-25879/bucket-b-0-37133, with server-side default bucket layout, runner as owner, Versioning false, Storage Type set to DISK and Encryption set to false, Replication Type set to server-side default replication type, Namespace Quota set to -1, Space Quota set to -1 
2023-06-07 07:11:31,150 [OM StateMachine ApplyTransaction Thread - 0] INFO  bucket.OMBucketCreateRequest (OMBucketCreateRequest.java:validateAndUpdateCache(270)) - created bucket: bucket-b-0-37133 of layout OBJECT_STORE in volume: vol-a-25879
2023-06-07 07:11:31,152 [OM StateMachine ApplyTransaction Thread - 0] INFO  snapshot.OMSnapshotCreateRequest (OMSnapshotCreateRequest.java:validateAndUpdateCache(231)) - Created snapshot 's20230607-071131.151' under path 'vol-a-25879/bucket-b-0-37133'
2023-06-07 07:11:31,153 [main] INFO  rpc.RpcClient (RpcClient.java:createBucket(686)) - Creating Bucket: vol-b-78888/bucket-b-0-79377, with server-side default bucket layout, runner as owner, Versioning false, Storage Type set to DISK and Encryption set to false, Replication Type set to server-side default replication type, Namespace Quota set to -1, Space Quota set to -1 
2023-06-07 07:11:31,155 [OM StateMachine ApplyTransaction Thread - 0] INFO  bucket.OMBucketCreateRequest (OMBucketCreateRequest.java:validateAndUpdateCache(270)) - created bucket: bucket-b-0-79377 of layout OBJECT_STORE in volume: vol-b-78888
2023-06-07 07:11:31,155 [main] INFO  rpc.RpcClient (RpcClient.java:createBucket(686)) - Creating Bucket: vol-a-25879/bucket-b-1-49481, with server-side default bucket layout, runner as owner, Versioning false, Storage Type set to DISK and Encryption set to false, Replication Type set to server-side default replication type, Namespace Quota set to -1, Space Quota set to -1 
2023-06-07 07:11:31,157 [OM StateMachine ApplyTransaction Thread - 0] INFO  bucket.OMBucketCreateRequest (OMBucketCreateRequest.java:validateAndUpdateCache(270)) - created bucket: bucket-b-1-49481 of layout OBJECT_STORE in volume: vol-a-25879
2023-06-07 07:11:31,159 [OM StateMachine ApplyTransaction Thread - 0] INFO  snapshot.OMSnapshotCreateRequest (OMSnapshotCreateRequest.java:validateAndUpdateCache(231)) - Created snapshot 's20230607-071131.158' under path 'vol-a-25879/bucket-b-1-49481'
2023-06-07 07:11:31,160 [main] INFO  rpc.RpcClient (RpcClient.java:createBucket(686)) - Creating Bucket: vol-b-78888/bucket-b-1-79540, with server-side default bucket layout, runner as owner, Versioning false, Storage Type set to DISK and Encryption set to false, Replication Type set to server-side default replication type, Namespace Quota set to -1, Space Quota set to -1 
2023-06-07 07:11:31,162 [OM StateMachine ApplyTransaction Thread - 0] INFO  bucket.OMBucketCreateRequest (OMBucketCreateRequest.java:validateAndUpdateCache(270)) - created bucket: bucket-b-1-79540 of layout OBJECT_STORE in volume: vol-b-78888
2023-06-07 07:11:31,162 [main] INFO  rpc.RpcClient (RpcClient.java:createBucket(686)) - Creating Bucket: vol-a-25879/bucket-b-2-79162, with server-side default bucket layout, runner as owner, Versioning false, Storage Type set to DISK and Encryption set to false, Replication Type set to server-side default replication type, Namespace Quota set to -1, Space Quota set to -1 
2023-06-07 07:11:31,164 [OM StateMachine ApplyTransaction Thread - 0] INFO  bucket.OMBucketCreateRequest (OMBucketCreateRequest.java:validateAndUpdateCache(270)) - created bucket: bucket-b-2-79162 of layout OBJECT_STORE in volume: vol-a-25879
2023-06-07 07:11:31,166 [OM StateMachine ApplyTransaction Thread - 0] INFO  snapshot.OMSnapshotCreateRequest (OMSnapshotCreateRequest.java:validateAndUpdateCache(231)) - Created snapshot 's20230607-071131.165' under path 'vol-a-25879/bucket-b-2-79162'
2023-06-07 07:11:31,167 [main] INFO  rpc.RpcClient (RpcClient.java:createBucket(686)) - Creating Bucket: vol-b-78888/bucket-b-2-27608, with server-side default bucket layout, runner as owner, Versioning false, Storage Type set to DISK and Encryption set to false, Replication Type set to server-side default replication type, Namespace Quota set to -1, Space Quota set to -1 
2023-06-07 07:11:31,168 [OM StateMachine ApplyTransaction Thread - 0] INFO  bucket.OMBucketCreateRequest (OMBucketCreateRequest.java:validateAndUpdateCache(270)) - created bucket: bucket-b-2-27608 of layout OBJECT_STORE in volume: vol-b-78888
2023-06-07 07:11:31,169 [main] INFO  rpc.RpcClient (RpcClient.java:createBucket(686)) - Creating Bucket: vol-a-25879/bucket-b-3-71890, with server-side default bucket layout, runner as owner, Versioning false, Storage Type set to DISK and Encryption set to false, Replication Type set to server-side default replication type, Namespace Quota set to -1, Space Quota set to -1 
2023-06-07 07:11:31,171 [OM StateMachine ApplyTransaction Thread - 0] INFO  bucket.OMBucketCreateRequest (OMBucketCreateRequest.java:validateAndUpdateCache(270)) - created bucket: bucket-b-3-71890 of layout OBJECT_STORE in volume: vol-a-25879
2023-06-07 07:11:31,174 [OM StateMachine ApplyTransaction Thread - 0] INFO  snapshot.OMSnapshotCreateRequest (OMSnapshotCreateRequest.java:validateAndUpdateCache(231)) - Created snapshot 's20230607-071131.172' under path 'vol-a-25879/bucket-b-3-71890'
2023-06-07 07:11:31,174 [main] INFO  rpc.RpcClient (RpcClient.java:createBucket(686)) - Creating Bucket: vol-b-78888/bucket-b-3-25655, with server-side default bucket layout, runner as owner, Versioning false, Storage Type set to DISK and Encryption set to false, Replication Type set to server-side default replication type, Namespace Quota set to -1, Space Quota set to -1 
2023-06-07 07:11:31,176 [OM StateMachine ApplyTransaction Thread - 0] INFO  bucket.OMBucketCreateRequest (OMBucketCreateRequest.java:validateAndUpdateCache(270)) - created bucket: bucket-b-3-25655 of layout OBJECT_STORE in volume: vol-b-78888
2023-06-07 07:11:31,177 [main] INFO  rpc.RpcClient (RpcClient.java:createBucket(686)) - Creating Bucket: vol-a-25879/bucket-b-4-11798, with server-side default bucket layout, runner as owner, Versioning false, Storage Type set to DISK and Encryption set to false, Replication Type set to server-side default replication type, Namespace Quota set to -1, Space Quota set to -1 
2023-06-07 07:11:31,179 [OM StateMachine ApplyTransaction Thread - 0] INFO  bucket.OMBucketCreateRequest (OMBucketCreateRequest.java:validateAndUpdateCache(270)) - created bucket: bucket-b-4-11798 of layout OBJECT_STORE in volume: vol-a-25879
2023-06-07 07:11:31,182 [OM StateMachine ApplyTransaction Thread - 0] INFO  snapshot.OMSnapshotCreateRequest (OMSnapshotCreateRequest.java:validateAndUpdateCache(231)) - Created snapshot 's20230607-071131.180' under path 'vol-a-25879/bucket-b-4-11798'
2023-06-07 07:11:31,183 [main] INFO  rpc.RpcClient (RpcClient.java:createBucket(686)) - Creating Bucket: vol-b-78888/bucket-b-4-04964, with server-side default bucket layout, runner as owner, Versioning false, Storage Type set to DISK and Encryption set to false, Replication Type set to server-side default replication type, Namespace Quota set to -1, Space Quota set to -1 
2023-06-07 07:11:31,185 [OM StateMachine ApplyTransaction Thread - 0] INFO  bucket.OMBucketCreateRequest (OMBucketCreateRequest.java:validateAndUpdateCache(270)) - created bucket: bucket-b-4-04964 of layout OBJECT_STORE in volume: vol-b-78888
2023-06-07 07:11:31,187 [main] INFO  rpc.RpcClient (RpcClient.java:createBucket(686)) - Creating Bucket: vol-a-25879/bucket-b-5-64205, with server-side default bucket layout, runner as owner, Versioning false, Storage Type set to DISK and Encryption set to false, Replication Type set to server-side default replication type, Namespace Quota set to -1, Space Quota set to -1 
2023-06-07 07:11:31,189 [OM StateMachine ApplyTransaction Thread - 0] INFO  bucket.OMBucketCreateRequest (OMBucketCreateRequest.java:validateAndUpdateCache(270)) - created bucket: bucket-b-5-64205 of layout OBJECT_STORE in volume: vol-a-25879
2023-06-07 07:11:31,192 [OM StateMachine ApplyTransaction Thread - 0] INFO  snapshot.OMSnapshotCreateRequest (OMSnapshotCreateRequest.java:validateAndUpdateCache(231)) - Created snapshot 's20230607-071131.190' under path 'vol-a-25879/bucket-b-5-64205'
2023-06-07 07:11:31,192 [main] INFO  rpc.RpcClient (RpcClient.java:createBucket(686)) - Creating Bucket: vol-b-78888/bucket-b-5-49244, with server-side default bucket layout, runner as owner, Versioning false, Storage Type set to DISK and Encryption set to false, Replication Type set to server-side default replication type, Namespace Quota set to -1, Space Quota set to -1 
2023-06-07 07:11:31,195 [OM StateMachine ApplyTransaction Thread - 0] INFO  bucket.OMBucketCreateRequest (OMBucketCreateRequest.java:validateAndUpdateCache(270)) - created bucket: bucket-b-5-49244 of layout OBJECT_STORE in volume: vol-b-78888
2023-06-07 07:11:31,195 [main] INFO  rpc.RpcClient (RpcClient.java:createBucket(686)) - Creating Bucket: vol-a-25879/bucket-b-6-15702, with server-side default bucket layout, runner as owner, Versioning false, Storage Type set to DISK and Encryption set to false, Replication Type set to server-side default replication type, Namespace Quota set to -1, Space Quota set to -1 
2023-06-07 07:11:31,197 [OM StateMachine ApplyTransaction Thread - 0] INFO  bucket.OMBucketCreateRequest (OMBucketCreateRequest.java:validateAndUpdateCache(270)) - created bucket: bucket-b-6-15702 of layout OBJECT_STORE in volume: vol-a-25879
2023-06-07 07:11:31,199 [OM StateMachine ApplyTransaction Thread - 0] INFO  snapshot.OMSnapshotCreateRequest (OMSnapshotCreateRequest.java:validateAndUpdateCache(231)) - Created snapshot 's20230607-071131.198' under path 'vol-a-25879/bucket-b-6-15702'
2023-06-07 07:11:31,200 [main] INFO  rpc.RpcClient (RpcClient.java:createBucket(686)) - Creating Bucket: vol-b-78888/bucket-b-6-22818, with server-side default bucket layout, runner as owner, Versioning false, Storage Type set to DISK and Encryption set to false, Replication Type set to server-side default replication type, Namespace Quota set to -1, Space Quota set to -1 
2023-06-07 07:11:31,201 [OMDoubleBufferFlushThread] INFO  db.RDBCheckpointUtils (RDBCheckpointUtils.java:waitForCheckpointDirectoryExist(59)) - Waited for 57 milliseconds for checkpoint directory /home/runner/work/ozone/ozone/hadoop-ozone/integration-test/target/test-dir/MiniOzoneClusterImpl-28223e3b-fb3b-4559-a623-43dba3cd33a0/ozone-meta/db.snapshots/checkpointState/om.db-f205fba2-448e-483b-9d8d-decea029c609 availability.
2023-06-07 07:11:31,202 [OM StateMachine ApplyTransaction Thread - 0] INFO  bucket.OMBucketCreateRequest (OMBucketCreateRequest.java:validateAndUpdateCache(270)) - created bucket: bucket-b-6-22818 of layout OBJECT_STORE in volume: vol-b-78888
2023-06-07 07:11:31,203 [main] INFO  rpc.RpcClient (RpcClient.java:createBucket(686)) - Creating Bucket: vol-a-25879/bucket-b-7-06300, with server-side default bucket layout, runner as owner, Versioning false, Storage Type set to DISK and Encryption set to false, Replication Type set to server-side default replication type, Namespace Quota set to -1, Space Quota set to -1 
2023-06-07 07:11:31,204 [OMDoubleBufferFlushThread] INFO  om.OmSnapshotManager (OmSnapshotManager.java:createOmSnapshotCheckpoint(409)) - Created checkpoint : /home/runner/work/ozone/ozone/hadoop-ozone/integration-test/target/test-dir/MiniOzoneClusterImpl-28223e3b-fb3b-4559-a623-43dba3cd33a0/ozone-meta/db.snapshots/checkpointState/om.db-f205fba2-448e-483b-9d8d-decea029c609 for snapshot s20230607-071130.940
2023-06-07 07:11:31,210 [OM StateMachine ApplyTransaction Thread - 0] INFO  bucket.OMBucketCreateRequest (OMBucketCreateRequest.java:validateAndUpdateCache(270)) - created bucket: bucket-b-7-06300 of layout OBJECT_STORE in volume: vol-a-25879
2023-06-07 07:11:31,214 [OM StateMachine ApplyTransaction Thread - 0] INFO  snapshot.OMSnapshotCreateRequest (OMSnapshotCreateRequest.java:validateAndUpdateCache(231)) - Created snapshot 's20230607-071131.211' under path 'vol-a-25879/bucket-b-7-06300'
2023-06-07 07:11:31,214 [main] INFO  rpc.RpcClient (RpcClient.java:createBucket(686)) - Creating Bucket: vol-b-78888/bucket-b-7-49076, with server-side default bucket layout, runner as owner, Versioning false, Storage Type set to DISK and Encryption set to false, Replication Type set to server-side default replication type, Namespace Quota set to -1, Space Quota set to -1 
2023-06-07 07:11:31,222 [OM StateMachine ApplyTransaction Thread - 0] INFO  bucket.OMBucketCreateRequest (OMBucketCreateRequest.java:validateAndUpdateCache(270)) - created bucket: bucket-b-7-49076 of layout OBJECT_STORE in volume: vol-b-78888
2023-06-07 07:11:31,223 [main] INFO  rpc.RpcClient (RpcClient.java:createBucket(686)) - Creating Bucket: vol-a-25879/bucket-b-8-81601, with server-side default bucket layout, runner as owner, Versioning false, Storage Type set to DISK and Encryption set to false, Replication Type set to server-side default replication type, Namespace Quota set to -1, Space Quota set to -1 
2023-06-07 07:11:31,225 [OM StateMachine ApplyTransaction Thread - 0] INFO  bucket.OMBucketCreateRequest (OMBucketCreateRequest.java:validateAndUpdateCache(270)) - created bucket: bucket-b-8-81601 of layout OBJECT_STORE in volume: vol-a-25879
2023-06-07 07:11:31,229 [OM StateMachine ApplyTransaction Thread - 0] INFO  snapshot.OMSnapshotCreateRequest (OMSnapshotCreateRequest.java:validateAndUpdateCache(231)) - Created snapshot 's20230607-071131.226' under path 'vol-a-25879/bucket-b-8-81601'
2023-06-07 07:11:31,230 [main] INFO  rpc.RpcClient (RpcClient.java:createBucket(686)) - Creating Bucket: vol-b-78888/bucket-b-8-33102, with server-side default bucket layout, runner as owner, Versioning false, Storage Type set to DISK and Encryption set to false, Replication Type set to server-side default replication type, Namespace Quota set to -1, Space Quota set to -1 
2023-06-07 07:11:31,233 [OM StateMachine ApplyTransaction Thread - 0] INFO  bucket.OMBucketCreateRequest (OMBucketCreateRequest.java:validateAndUpdateCache(270)) - created bucket: bucket-b-8-33102 of layout OBJECT_STORE in volume: vol-b-78888
2023-06-07 07:11:31,233 [main] INFO  rpc.RpcClient (RpcClient.java:createBucket(686)) - Creating Bucket: vol-a-25879/bucket-b-9-95438, with server-side default bucket layout, runner as owner, Versioning false, Storage Type set to DISK and Encryption set to false, Replication Type set to server-side default replication type, Namespace Quota set to -1, Space Quota set to -1 
2023-06-07 07:11:31,236 [OM StateMachine ApplyTransaction Thread - 0] INFO  bucket.OMBucketCreateRequest (OMBucketCreateRequest.java:validateAndUpdateCache(270)) - created bucket: bucket-b-9-95438 of layout OBJECT_STORE in volume: vol-a-25879
2023-06-07 07:11:31,240 [OM StateMachine ApplyTransaction Thread - 0] INFO  snapshot.OMSnapshotCreateRequest (OMSnapshotCreateRequest.java:validateAndUpdateCache(231)) - Created snapshot 's20230607-071131.238' under path 'vol-a-25879/bucket-b-9-95438'
2023-06-07 07:11:31,241 [main] INFO  rpc.RpcClient (RpcClient.java:createBucket(686)) - Creating Bucket: vol-b-78888/bucket-b-9-30954, with server-side default bucket layout, runner as owner, Versioning false, Storage Type set to DISK and Encryption set to false, Replication Type set to server-side default replication type, Namespace Quota set to -1, Space Quota set to -1 
2023-06-07 07:11:31,243 [OM StateMachine ApplyTransaction Thread - 0] INFO  bucket.OMBucketCreateRequest (OMBucketCreateRequest.java:validateAndUpdateCache(270)) - created bucket: bucket-b-9-30954 of layout OBJECT_STORE in volume: vol-b-78888
2023-06-07 07:11:31,255 [OMDoubleBufferFlushThread] INFO  db.RDBCheckpointManager (RDBCheckpointManager.java:createCheckpoint(89)) - Created checkpoint in rocksDB at /home/runner/work/ozone/ozone/hadoop-ozone/integration-test/target/test-dir/MiniOzoneClusterImpl-28223e3b-fb3b-4559-a623-43dba3cd33a0/ozone-meta/db.snapshots/checkpointState/om.db-4bfb4d5c-057a-4127-a08c-330eb08807ad in 41 milliseconds
2023-06-07 07:11:31,258 [OMDoubleBufferFlushThread] INFO  db.RDBCheckpointUtils (RDBCheckpointUtils.java:waitForCheckpointDirectoryExist(59)) - Waited for 3 milliseconds for checkpoint directory /home/runner/work/ozone/ozone/hadoop-ozone/integration-test/target/test-dir/MiniOzoneClusterImpl-28223e3b-fb3b-4559-a623-43dba3cd33a0/ozone-meta/db.snapshots/checkpointState/om.db-4bfb4d5c-057a-4127-a08c-330eb08807ad availability.
2023-06-07 07:11:31,259 [OMDoubleBufferFlushThread] INFO  om.OmSnapshotManager (OmSnapshotManager.java:createOmSnapshotCheckpoint(409)) - Created checkpoint : /home/runner/work/ozone/ozone/hadoop-ozone/integration-test/target/test-dir/MiniOzoneClusterImpl-28223e3b-fb3b-4559-a623-43dba3cd33a0/ozone-meta/db.snapshots/checkpointState/om.db-4bfb4d5c-057a-4127-a08c-330eb08807ad for snapshot s20230607-071130.972
2023-06-07 07:11:31,259 [OMDoubleBufferFlushThread] WARN  rocksdiff.RocksDBCheckpointDiffer (RocksDBCheckpointDiffer.java:setCurrentCompactionLog(312)) - Compaction log exists: /home/runner/work/ozone/ozone/hadoop-ozone/integration-test/target/test-dir/MiniOzoneClusterImpl-28223e3b-fb3b-4559-a623-43dba3cd33a0/ozone-meta/db.snapshots/diffState/compaction-log/0000000000000001330.log. Will append
]]></system-out>
  </testcase>
  <testcase name="testListBucketsOnEmptyVolume" classname="org.apache.hadoop.ozone.client.rpc.TestSecureOzoneRpcClient" time="0.007">
    <system-out><![CDATA[2023-06-07 07:11:31,292 [main] INFO  rpc.RpcClient (RpcClient.java:createVolume(459)) - Creating Volume: vol-empty, with runner as owner and space quota set to -1 bytes, counts quota set to -1
2023-06-07 07:11:31,292 [OMDoubleBufferFlushThread] INFO  db.RDBCheckpointManager (RDBCheckpointManager.java:createCheckpoint(89)) - Created checkpoint in rocksDB at /home/runner/work/ozone/ozone/hadoop-ozone/integration-test/target/test-dir/MiniOzoneClusterImpl-28223e3b-fb3b-4559-a623-43dba3cd33a0/ozone-meta/db.snapshots/checkpointState/om.db-b113e340-da90-41c4-bbd7-6711bafb5893 in 30 milliseconds
2023-06-07 07:11:31,294 [OM StateMachine ApplyTransaction Thread - 0] INFO  volume.OMVolumeCreateRequest (OMVolumeCreateRequest.java:validateAndUpdateCache(196)) - created volume:vol-empty for user:runner
]]></system-out>
  </testcase>
  <testcase name="testListBucketsReplicationConfig" classname="org.apache.hadoop.ozone.client.rpc.TestSecureOzoneRpcClient" time="0.041">
    <system-out><![CDATA[2023-06-07 07:11:31,300 [OMDoubleBufferFlushThread] INFO  db.RDBCheckpointUtils (RDBCheckpointUtils.java:waitForCheckpointDirectoryExist(59)) - Waited for 8 milliseconds for checkpoint directory /home/runner/work/ozone/ozone/hadoop-ozone/integration-test/target/test-dir/MiniOzoneClusterImpl-28223e3b-fb3b-4559-a623-43dba3cd33a0/ozone-meta/db.snapshots/checkpointState/om.db-b113e340-da90-41c4-bbd7-6711bafb5893 availability.
2023-06-07 07:11:31,300 [OMDoubleBufferFlushThread] INFO  om.OmSnapshotManager (OmSnapshotManager.java:createOmSnapshotCheckpoint(409)) - Created checkpoint : /home/runner/work/ozone/ozone/hadoop-ozone/integration-test/target/test-dir/MiniOzoneClusterImpl-28223e3b-fb3b-4559-a623-43dba3cd33a0/ozone-meta/db.snapshots/checkpointState/om.db-b113e340-da90-41c4-bbd7-6711bafb5893 for snapshot s20230607-071130.978
2023-06-07 07:11:31,301 [OMDoubleBufferFlushThread] WARN  rocksdiff.RocksDBCheckpointDiffer (RocksDBCheckpointDiffer.java:setCurrentCompactionLog(312)) - Compaction log exists: /home/runner/work/ozone/ozone/hadoop-ozone/integration-test/target/test-dir/MiniOzoneClusterImpl-28223e3b-fb3b-4559-a623-43dba3cd33a0/ozone-meta/db.snapshots/diffState/compaction-log/0000000000000001330.log. Will append
2023-06-07 07:11:31,302 [main] INFO  rpc.RpcClient (RpcClient.java:createVolume(459)) - Creating Volume: ad5bfd6d-c481-41d8-ad4e-81152a152496, with runner as owner and space quota set to -1 bytes, counts quota set to -1
2023-06-07 07:11:31,304 [OM StateMachine ApplyTransaction Thread - 0] INFO  volume.OMVolumeCreateRequest (OMVolumeCreateRequest.java:validateAndUpdateCache(196)) - created volume:ad5bfd6d-c481-41d8-ad4e-81152a152496 for user:runner
2023-06-07 07:11:31,306 [main] INFO  rpc.RpcClient (RpcClient.java:createBucket(686)) - Creating Bucket: ad5bfd6d-c481-41d8-ad4e-81152a152496/aaaa031c-92d3-4de0-8126-af0be19bfb4a, with server-side default bucket layout, runner as owner, Versioning false, Storage Type set to DISK and Encryption set to false, Replication Type set to server-side default replication type, Namespace Quota set to -1, Space Quota set to -1 
2023-06-07 07:11:31,309 [OM StateMachine ApplyTransaction Thread - 0] INFO  bucket.OMBucketCreateRequest (OMBucketCreateRequest.java:validateAndUpdateCache(270)) - created bucket: aaaa031c-92d3-4de0-8126-af0be19bfb4a of layout OBJECT_STORE in volume: ad5bfd6d-c481-41d8-ad4e-81152a152496
2023-06-07 07:11:31,314 [Thread-1314] INFO  rocksdiff.RocksDBCheckpointDiffer (RocksDBCheckpointDiffer.java:onCompactionCompleted(527)) - Skipped the compaction entry. Compaction input files: [/home/runner/work/ozone/ozone/hadoop-ozone/integration-test/target/test-dir/MiniOzoneClusterImpl-28223e3b-fb3b-4559-a623-43dba3cd33a0/ozone-meta/om.db/000053.sst] and output files: [/home/runner/work/ozone/ozone/hadoop-ozone/integration-test/target/test-dir/MiniOzoneClusterImpl-28223e3b-fb3b-4559-a623-43dba3cd33a0/ozone-meta/om.db/000053.sst] are same.
2023-06-07 07:11:31,319 [main] INFO  rpc.RpcClient (RpcClient.java:createBucket(686)) - Creating Bucket: ad5bfd6d-c481-41d8-ad4e-81152a152496/2d6bb61e-2fc0-4e5d-b1df-5113b1dfdada, with server-side default bucket layout, runner as owner, Versioning false, Storage Type set to DISK and Encryption set to false, Replication Type set to EC, Namespace Quota set to -1, Space Quota set to -1 
2023-06-07 07:11:31,322 [OM StateMachine ApplyTransaction Thread - 0] INFO  bucket.OMBucketCreateRequest (OMBucketCreateRequest.java:validateAndUpdateCache(270)) - created bucket: 2d6bb61e-2fc0-4e5d-b1df-5113b1dfdada of layout OBJECT_STORE in volume: ad5bfd6d-c481-41d8-ad4e-81152a152496
2023-06-07 07:11:31,328 [main] INFO  rpc.RpcClient (RpcClient.java:createBucket(686)) - Creating Bucket: ad5bfd6d-c481-41d8-ad4e-81152a152496/998c18bc-1f11-4a42-ac52-e5955987c126, with server-side default bucket layout, runner as owner, Versioning false, Storage Type set to DISK and Encryption set to false, Replication Type set to RATIS, Namespace Quota set to -1, Space Quota set to -1 
2023-06-07 07:11:31,337 [OM StateMachine ApplyTransaction Thread - 0] INFO  bucket.OMBucketCreateRequest (OMBucketCreateRequest.java:validateAndUpdateCache(270)) - created bucket: 998c18bc-1f11-4a42-ac52-e5955987c126 of layout OBJECT_STORE in volume: ad5bfd6d-c481-41d8-ad4e-81152a152496
2023-06-07 07:11:31,338 [OMDoubleBufferFlushThread] INFO  db.RDBCheckpointManager (RDBCheckpointManager.java:createCheckpoint(89)) - Created checkpoint in rocksDB at /home/runner/work/ozone/ozone/hadoop-ozone/integration-test/target/test-dir/MiniOzoneClusterImpl-28223e3b-fb3b-4559-a623-43dba3cd33a0/ozone-meta/db.snapshots/checkpointState/om.db-7d2c73c3-4294-4e9e-97b0-4bc4616caa64 in 34 milliseconds
2023-06-07 07:11:31,339 [OMDoubleBufferFlushThread] INFO  db.RDBCheckpointUtils (RDBCheckpointUtils.java:waitForCheckpointDirectoryExist(59)) - Waited for 1 milliseconds for checkpoint directory /home/runner/work/ozone/ozone/hadoop-ozone/integration-test/target/test-dir/MiniOzoneClusterImpl-28223e3b-fb3b-4559-a623-43dba3cd33a0/ozone-meta/db.snapshots/checkpointState/om.db-7d2c73c3-4294-4e9e-97b0-4bc4616caa64 availability.
]]></system-out>
  </testcase>
  <testcase name="testListKey" classname="org.apache.hadoop.ozone.client.rpc.TestSecureOzoneRpcClient" time="2.067">
    <system-out><![CDATA[2023-06-07 07:11:31,339 [OMDoubleBufferFlushThread] INFO  om.OmSnapshotManager (OmSnapshotManager.java:createOmSnapshotCheckpoint(409)) - Created checkpoint : /home/runner/work/ozone/ozone/hadoop-ozone/integration-test/target/test-dir/MiniOzoneClusterImpl-28223e3b-fb3b-4559-a623-43dba3cd33a0/ozone-meta/db.snapshots/checkpointState/om.db-7d2c73c3-4294-4e9e-97b0-4bc4616caa64 for snapshot s20230607-071130.982
2023-06-07 07:11:31,343 [OMDoubleBufferFlushThread] WARN  rocksdiff.RocksDBCheckpointDiffer (RocksDBCheckpointDiffer.java:setCurrentCompactionLog(312)) - Compaction log exists: /home/runner/work/ozone/ozone/hadoop-ozone/integration-test/target/test-dir/MiniOzoneClusterImpl-28223e3b-fb3b-4559-a623-43dba3cd33a0/ozone-meta/db.snapshots/diffState/compaction-log/0000000000000001330.log. Will append
2023-06-07 07:11:31,343 [main] INFO  rpc.RpcClient (RpcClient.java:createVolume(459)) - Creating Volume: vol-a-89226, with runner as owner and space quota set to -1 bytes, counts quota set to -1
2023-06-07 07:11:31,349 [OM StateMachine ApplyTransaction Thread - 0] INFO  volume.OMVolumeCreateRequest (OMVolumeCreateRequest.java:validateAndUpdateCache(196)) - created volume:vol-a-89226 for user:runner
2023-06-07 07:11:31,350 [main] INFO  rpc.RpcClient (RpcClient.java:createVolume(459)) - Creating Volume: vol-b-70401, with runner as owner and space quota set to -1 bytes, counts quota set to -1
2023-06-07 07:11:31,355 [OM StateMachine ApplyTransaction Thread - 0] INFO  volume.OMVolumeCreateRequest (OMVolumeCreateRequest.java:validateAndUpdateCache(196)) - created volume:vol-b-70401 for user:runner
2023-06-07 07:11:31,360 [Thread-1398] INFO  rocksdiff.RocksDBCheckpointDiffer (RocksDBCheckpointDiffer.java:onCompactionCompleted(527)) - Skipped the compaction entry. Compaction input files: [/home/runner/work/ozone/ozone/hadoop-ozone/integration-test/target/test-dir/MiniOzoneClusterImpl-28223e3b-fb3b-4559-a623-43dba3cd33a0/ozone-meta/om.db/000079.sst, /home/runner/work/ozone/ozone/hadoop-ozone/integration-test/target/test-dir/MiniOzoneClusterImpl-28223e3b-fb3b-4559-a623-43dba3cd33a0/ozone-meta/om.db/000074.sst, /home/runner/work/ozone/ozone/hadoop-ozone/integration-test/target/test-dir/MiniOzoneClusterImpl-28223e3b-fb3b-4559-a623-43dba3cd33a0/ozone-meta/om.db/000068.sst, /home/runner/work/ozone/ozone/hadoop-ozone/integration-test/target/test-dir/MiniOzoneClusterImpl-28223e3b-fb3b-4559-a623-43dba3cd33a0/ozone-meta/om.db/000055.sst] and output files: [/home/runner/work/ozone/ozone/hadoop-ozone/integration-test/target/test-dir/MiniOzoneClusterImpl-28223e3b-fb3b-4559-a623-43dba3cd33a0/ozone-meta/om.db/000079.sst, /home/runner/work/ozone/ozone/hadoop-ozone/integration-test/target/test-dir/MiniOzoneClusterImpl-28223e3b-fb3b-4559-a623-43dba3cd33a0/ozone-meta/om.db/000074.sst, /home/runner/work/ozone/ozone/hadoop-ozone/integration-test/target/test-dir/MiniOzoneClusterImpl-28223e3b-fb3b-4559-a623-43dba3cd33a0/ozone-meta/om.db/000068.sst, /home/runner/work/ozone/ozone/hadoop-ozone/integration-test/target/test-dir/MiniOzoneClusterImpl-28223e3b-fb3b-4559-a623-43dba3cd33a0/ozone-meta/om.db/000055.sst] are same.
2023-06-07 07:11:31,364 [main] INFO  rpc.RpcClient (RpcClient.java:createBucket(686)) - Creating Bucket: vol-a-89226/buc-a-51719, with server-side default bucket layout, runner as owner, Versioning false, Storage Type set to DISK and Encryption set to false, Replication Type set to server-side default replication type, Namespace Quota set to -1, Space Quota set to -1 
2023-06-07 07:11:31,367 [OM StateMachine ApplyTransaction Thread - 0] INFO  bucket.OMBucketCreateRequest (OMBucketCreateRequest.java:validateAndUpdateCache(270)) - created bucket: buc-a-51719 of layout OBJECT_STORE in volume: vol-a-89226
2023-06-07 07:11:31,368 [main] INFO  rpc.RpcClient (RpcClient.java:createBucket(686)) - Creating Bucket: vol-a-89226/buc-b-69692, with server-side default bucket layout, runner as owner, Versioning false, Storage Type set to DISK and Encryption set to false, Replication Type set to server-side default replication type, Namespace Quota set to -1, Space Quota set to -1 
2023-06-07 07:11:31,370 [OMDoubleBufferFlushThread] INFO  db.RDBCheckpointManager (RDBCheckpointManager.java:createCheckpoint(89)) - Created checkpoint in rocksDB at /home/runner/work/ozone/ozone/hadoop-ozone/integration-test/target/test-dir/MiniOzoneClusterImpl-28223e3b-fb3b-4559-a623-43dba3cd33a0/ozone-meta/db.snapshots/checkpointState/om.db-de1e2435-4894-423f-9b25-04f627c2ed36 in 24 milliseconds
2023-06-07 07:11:31,370 [OM StateMachine ApplyTransaction Thread - 0] INFO  bucket.OMBucketCreateRequest (OMBucketCreateRequest.java:validateAndUpdateCache(270)) - created bucket: buc-b-69692 of layout OBJECT_STORE in volume: vol-a-89226
2023-06-07 07:11:31,371 [main] INFO  rpc.RpcClient (RpcClient.java:createBucket(686)) - Creating Bucket: vol-b-70401/buc-a-51719, with server-side default bucket layout, runner as owner, Versioning false, Storage Type set to DISK and Encryption set to false, Replication Type set to server-side default replication type, Namespace Quota set to -1, Space Quota set to -1 
2023-06-07 07:11:31,371 [OMDoubleBufferFlushThread] INFO  db.RDBCheckpointUtils (RDBCheckpointUtils.java:waitForCheckpointDirectoryExist(59)) - Waited for 1 milliseconds for checkpoint directory /home/runner/work/ozone/ozone/hadoop-ozone/integration-test/target/test-dir/MiniOzoneClusterImpl-28223e3b-fb3b-4559-a623-43dba3cd33a0/ozone-meta/db.snapshots/checkpointState/om.db-de1e2435-4894-423f-9b25-04f627c2ed36 availability.
2023-06-07 07:11:31,372 [OMDoubleBufferFlushThread] INFO  om.OmSnapshotManager (OmSnapshotManager.java:createOmSnapshotCheckpoint(409)) - Created checkpoint : /home/runner/work/ozone/ozone/hadoop-ozone/integration-test/target/test-dir/MiniOzoneClusterImpl-28223e3b-fb3b-4559-a623-43dba3cd33a0/ozone-meta/db.snapshots/checkpointState/om.db-de1e2435-4894-423f-9b25-04f627c2ed36 for snapshot s20230607-071130.988
2023-06-07 07:11:31,372 [OMDoubleBufferFlushThread] WARN  rocksdiff.RocksDBCheckpointDiffer (RocksDBCheckpointDiffer.java:setCurrentCompactionLog(312)) - Compaction log exists: /home/runner/work/ozone/ozone/hadoop-ozone/integration-test/target/test-dir/MiniOzoneClusterImpl-28223e3b-fb3b-4559-a623-43dba3cd33a0/ozone-meta/db.snapshots/diffState/compaction-log/0000000000000001330.log. Will append
2023-06-07 07:11:31,374 [OM StateMachine ApplyTransaction Thread - 0] INFO  bucket.OMBucketCreateRequest (OMBucketCreateRequest.java:validateAndUpdateCache(270)) - created bucket: buc-a-51719 of layout OBJECT_STORE in volume: vol-b-70401
2023-06-07 07:11:31,374 [Thread-1416] INFO  rocksdiff.RocksDBCheckpointDiffer (RocksDBCheckpointDiffer.java:onCompactionCompleted(527)) - Skipped the compaction entry. Compaction input files: [/home/runner/work/ozone/ozone/hadoop-ozone/integration-test/target/test-dir/MiniOzoneClusterImpl-28223e3b-fb3b-4559-a623-43dba3cd33a0/ozone-meta/om.db/000071.sst, /home/runner/work/ozone/ozone/hadoop-ozone/integration-test/target/test-dir/MiniOzoneClusterImpl-28223e3b-fb3b-4559-a623-43dba3cd33a0/ozone-meta/om.db/000065.sst, /home/runner/work/ozone/ozone/hadoop-ozone/integration-test/target/test-dir/MiniOzoneClusterImpl-28223e3b-fb3b-4559-a623-43dba3cd33a0/ozone-meta/om.db/000076.sst] and output files: [/home/runner/work/ozone/ozone/hadoop-ozone/integration-test/target/test-dir/MiniOzoneClusterImpl-28223e3b-fb3b-4559-a623-43dba3cd33a0/ozone-meta/om.db/000071.sst, /home/runner/work/ozone/ozone/hadoop-ozone/integration-test/target/test-dir/MiniOzoneClusterImpl-28223e3b-fb3b-4559-a623-43dba3cd33a0/ozone-meta/om.db/000065.sst, /home/runner/work/ozone/ozone/hadoop-ozone/integration-test/target/test-dir/MiniOzoneClusterImpl-28223e3b-fb3b-4559-a623-43dba3cd33a0/ozone-meta/om.db/000076.sst] are same.
2023-06-07 07:11:31,375 [main] INFO  rpc.RpcClient (RpcClient.java:createBucket(686)) - Creating Bucket: vol-b-70401/buc-b-69692, with server-side default bucket layout, runner as owner, Versioning false, Storage Type set to DISK and Encryption set to false, Replication Type set to server-side default replication type, Namespace Quota set to -1, Space Quota set to -1 
2023-06-07 07:11:31,379 [Thread-1426] INFO  rocksdiff.RocksDBCheckpointDiffer (RocksDBCheckpointDiffer.java:onCompactionCompleted(527)) - Skipped the compaction entry. Compaction input files: [/home/runner/work/ozone/ozone/hadoop-ozone/integration-test/target/test-dir/MiniOzoneClusterImpl-28223e3b-fb3b-4559-a623-43dba3cd33a0/ozone-meta/om.db/000066.sst] and output files: [/home/runner/work/ozone/ozone/hadoop-ozone/integration-test/target/test-dir/MiniOzoneClusterImpl-28223e3b-fb3b-4559-a623-43dba3cd33a0/ozone-meta/om.db/000066.sst] are same.
2023-06-07 07:11:31,379 [OM StateMachine ApplyTransaction Thread - 0] INFO  bucket.OMBucketCreateRequest (OMBucketCreateRequest.java:validateAndUpdateCache(270)) - created bucket: buc-b-69692 of layout OBJECT_STORE in volume: vol-b-70401
2023-06-07 07:11:31,389 [Thread-1454] INFO  rocksdiff.RocksDBCheckpointDiffer (RocksDBCheckpointDiffer.java:onCompactionCompleted(527)) - Skipped the compaction entry. Compaction input files: [/home/runner/work/ozone/ozone/hadoop-ozone/integration-test/target/test-dir/MiniOzoneClusterImpl-28223e3b-fb3b-4559-a623-43dba3cd33a0/ozone-meta/om.db/000077.sst, /home/runner/work/ozone/ozone/hadoop-ozone/integration-test/target/test-dir/MiniOzoneClusterImpl-28223e3b-fb3b-4559-a623-43dba3cd33a0/ozone-meta/om.db/000072.sst, /home/runner/work/ozone/ozone/hadoop-ozone/integration-test/target/test-dir/MiniOzoneClusterImpl-28223e3b-fb3b-4559-a623-43dba3cd33a0/ozone-meta/om.db/000083.sst] and output files: [/home/runner/work/ozone/ozone/hadoop-ozone/integration-test/target/test-dir/MiniOzoneClusterImpl-28223e3b-fb3b-4559-a623-43dba3cd33a0/ozone-meta/om.db/000077.sst, /home/runner/work/ozone/ozone/hadoop-ozone/integration-test/target/test-dir/MiniOzoneClusterImpl-28223e3b-fb3b-4559-a623-43dba3cd33a0/ozone-meta/om.db/000072.sst, /home/runner/work/ozone/ozone/hadoop-ozone/integration-test/target/test-dir/MiniOzoneClusterImpl-28223e3b-fb3b-4559-a623-43dba3cd33a0/ozone-meta/om.db/000083.sst] are same.
2023-06-07 07:11:31,401 [OMDoubleBufferFlushThread] INFO  db.RDBCheckpointManager (RDBCheckpointManager.java:createCheckpoint(89)) - Created checkpoint in rocksDB at /home/runner/work/ozone/ozone/hadoop-ozone/integration-test/target/test-dir/MiniOzoneClusterImpl-28223e3b-fb3b-4559-a623-43dba3cd33a0/ozone-meta/db.snapshots/checkpointState/om.db-a830c3c0-0400-4e6f-bff3-9c20a1424baa in 25 milliseconds
2023-06-07 07:11:31,406 [OMDoubleBufferFlushThread] INFO  db.RDBCheckpointUtils (RDBCheckpointUtils.java:waitForCheckpointDirectoryExist(59)) - Waited for 5 milliseconds for checkpoint directory /home/runner/work/ozone/ozone/hadoop-ozone/integration-test/target/test-dir/MiniOzoneClusterImpl-28223e3b-fb3b-4559-a623-43dba3cd33a0/ozone-meta/db.snapshots/checkpointState/om.db-a830c3c0-0400-4e6f-bff3-9c20a1424baa availability.
2023-06-07 07:11:31,406 [OMDoubleBufferFlushThread] INFO  om.OmSnapshotManager (OmSnapshotManager.java:createOmSnapshotCheckpoint(409)) - Created checkpoint : /home/runner/work/ozone/ozone/hadoop-ozone/integration-test/target/test-dir/MiniOzoneClusterImpl-28223e3b-fb3b-4559-a623-43dba3cd33a0/ozone-meta/db.snapshots/checkpointState/om.db-a830c3c0-0400-4e6f-bff3-9c20a1424baa for snapshot s20230607-071130.993
2023-06-07 07:11:31,407 [OMDoubleBufferFlushThread] WARN  rocksdiff.RocksDBCheckpointDiffer (RocksDBCheckpointDiffer.java:setCurrentCompactionLog(312)) - Compaction log exists: /home/runner/work/ozone/ozone/hadoop-ozone/integration-test/target/test-dir/MiniOzoneClusterImpl-28223e3b-fb3b-4559-a623-43dba3cd33a0/ozone-meta/db.snapshots/diffState/compaction-log/0000000000000001330.log. Will append
2023-06-07 07:11:31,444 [OMDoubleBufferFlushThread] INFO  db.RDBCheckpointManager (RDBCheckpointManager.java:createCheckpoint(89)) - Created checkpoint in rocksDB at /home/runner/work/ozone/ozone/hadoop-ozone/integration-test/target/test-dir/MiniOzoneClusterImpl-28223e3b-fb3b-4559-a623-43dba3cd33a0/ozone-meta/db.snapshots/checkpointState/om.db-eaaecf3b-5c7c-439b-8b01-f8dfdd191b13 in 32 milliseconds
2023-06-07 07:11:31,456 [OMDoubleBufferFlushThread] INFO  db.RDBCheckpointUtils (RDBCheckpointUtils.java:waitForCheckpointDirectoryExist(59)) - Waited for 12 milliseconds for checkpoint directory /home/runner/work/ozone/ozone/hadoop-ozone/integration-test/target/test-dir/MiniOzoneClusterImpl-28223e3b-fb3b-4559-a623-43dba3cd33a0/ozone-meta/db.snapshots/checkpointState/om.db-eaaecf3b-5c7c-439b-8b01-f8dfdd191b13 availability.
2023-06-07 07:11:31,457 [OMDoubleBufferFlushThread] INFO  om.OmSnapshotManager (OmSnapshotManager.java:createOmSnapshotCheckpoint(409)) - Created checkpoint : /home/runner/work/ozone/ozone/hadoop-ozone/integration-test/target/test-dir/MiniOzoneClusterImpl-28223e3b-fb3b-4559-a623-43dba3cd33a0/ozone-meta/db.snapshots/checkpointState/om.db-eaaecf3b-5c7c-439b-8b01-f8dfdd191b13 for snapshot s20230607-071130.997
2023-06-07 07:11:31,458 [OMDoubleBufferFlushThread] WARN  rocksdiff.RocksDBCheckpointDiffer (RocksDBCheckpointDiffer.java:setCurrentCompactionLog(312)) - Compaction log exists: /home/runner/work/ozone/ozone/hadoop-ozone/integration-test/target/test-dir/MiniOzoneClusterImpl-28223e3b-fb3b-4559-a623-43dba3cd33a0/ozone-meta/db.snapshots/diffState/compaction-log/0000000000000001330.log. Will append
2023-06-07 07:11:31,470 [Thread-1543] INFO  rocksdiff.RocksDBCheckpointDiffer (RocksDBCheckpointDiffer.java:onCompactionCompleted(527)) - Skipped the compaction entry. Compaction input files: [/home/runner/work/ozone/ozone/hadoop-ozone/integration-test/target/test-dir/MiniOzoneClusterImpl-28223e3b-fb3b-4559-a623-43dba3cd33a0/ozone-meta/om.db/000082.sst] and output files: [/home/runner/work/ozone/ozone/hadoop-ozone/integration-test/target/test-dir/MiniOzoneClusterImpl-28223e3b-fb3b-4559-a623-43dba3cd33a0/ozone-meta/om.db/000082.sst] are same.
2023-06-07 07:11:31,508 [OMDoubleBufferFlushThread] INFO  db.RDBCheckpointManager (RDBCheckpointManager.java:createCheckpoint(89)) - Created checkpoint in rocksDB at /home/runner/work/ozone/ozone/hadoop-ozone/integration-test/target/test-dir/MiniOzoneClusterImpl-28223e3b-fb3b-4559-a623-43dba3cd33a0/ozone-meta/db.snapshots/checkpointState/om.db-c642ca18-a2e1-4865-b365-1415ae8a9c9d in 46 milliseconds
2023-06-07 07:11:31,514 [OMDoubleBufferFlushThread] INFO  db.RDBCheckpointUtils (RDBCheckpointUtils.java:waitForCheckpointDirectoryExist(59)) - Waited for 6 milliseconds for checkpoint directory /home/runner/work/ozone/ozone/hadoop-ozone/integration-test/target/test-dir/MiniOzoneClusterImpl-28223e3b-fb3b-4559-a623-43dba3cd33a0/ozone-meta/db.snapshots/checkpointState/om.db-c642ca18-a2e1-4865-b365-1415ae8a9c9d availability.
2023-06-07 07:11:31,515 [OMDoubleBufferFlushThread] INFO  om.OmSnapshotManager (OmSnapshotManager.java:createOmSnapshotCheckpoint(409)) - Created checkpoint : /home/runner/work/ozone/ozone/hadoop-ozone/integration-test/target/test-dir/MiniOzoneClusterImpl-28223e3b-fb3b-4559-a623-43dba3cd33a0/ozone-meta/db.snapshots/checkpointState/om.db-c642ca18-a2e1-4865-b365-1415ae8a9c9d for snapshot s20230607-071131.003
2023-06-07 07:11:31,515 [OMDoubleBufferFlushThread] WARN  rocksdiff.RocksDBCheckpointDiffer (RocksDBCheckpointDiffer.java:setCurrentCompactionLog(312)) - Compaction log exists: /home/runner/work/ozone/ozone/hadoop-ozone/integration-test/target/test-dir/MiniOzoneClusterImpl-28223e3b-fb3b-4559-a623-43dba3cd33a0/ozone-meta/db.snapshots/diffState/compaction-log/0000000000000001330.log. Will append
2023-06-07 07:11:31,533 [Thread-1644] INFO  rocksdiff.RocksDBCheckpointDiffer (RocksDBCheckpointDiffer.java:onCompactionCompleted(527)) - Skipped the compaction entry. Compaction input files: [/home/runner/work/ozone/ozone/hadoop-ozone/integration-test/target/test-dir/MiniOzoneClusterImpl-28223e3b-fb3b-4559-a623-43dba3cd33a0/ozone-meta/om.db/000087.sst] and output files: [/home/runner/work/ozone/ozone/hadoop-ozone/integration-test/target/test-dir/MiniOzoneClusterImpl-28223e3b-fb3b-4559-a623-43dba3cd33a0/ozone-meta/om.db/000087.sst] are same.
2023-06-07 07:11:31,544 [Thread-1654] INFO  rocksdiff.RocksDBCheckpointDiffer (RocksDBCheckpointDiffer.java:onCompactionCompleted(527)) - Skipped the compaction entry. Compaction input files: [/home/runner/work/ozone/ozone/hadoop-ozone/integration-test/target/test-dir/MiniOzoneClusterImpl-28223e3b-fb3b-4559-a623-43dba3cd33a0/ozone-meta/om.db/000088.sst] and output files: [/home/runner/work/ozone/ozone/hadoop-ozone/integration-test/target/test-dir/MiniOzoneClusterImpl-28223e3b-fb3b-4559-a623-43dba3cd33a0/ozone-meta/om.db/000088.sst] are same.
2023-06-07 07:11:31,562 [OMDoubleBufferFlushThread] INFO  db.RDBCheckpointManager (RDBCheckpointManager.java:createCheckpoint(89)) - Created checkpoint in rocksDB at /home/runner/work/ozone/ozone/hadoop-ozone/integration-test/target/test-dir/MiniOzoneClusterImpl-28223e3b-fb3b-4559-a623-43dba3cd33a0/ozone-meta/db.snapshots/checkpointState/om.db-2b9512b0-4a13-428b-be3c-9f80ac280f6c in 38 milliseconds
2023-06-07 07:11:31,563 [OMDoubleBufferFlushThread] INFO  db.RDBCheckpointUtils (RDBCheckpointUtils.java:waitForCheckpointDirectoryExist(59)) - Waited for 1 milliseconds for checkpoint directory /home/runner/work/ozone/ozone/hadoop-ozone/integration-test/target/test-dir/MiniOzoneClusterImpl-28223e3b-fb3b-4559-a623-43dba3cd33a0/ozone-meta/db.snapshots/checkpointState/om.db-2b9512b0-4a13-428b-be3c-9f80ac280f6c availability.
2023-06-07 07:11:31,563 [OMDoubleBufferFlushThread] INFO  om.OmSnapshotManager (OmSnapshotManager.java:createOmSnapshotCheckpoint(409)) - Created checkpoint : /home/runner/work/ozone/ozone/hadoop-ozone/integration-test/target/test-dir/MiniOzoneClusterImpl-28223e3b-fb3b-4559-a623-43dba3cd33a0/ozone-meta/db.snapshots/checkpointState/om.db-2b9512b0-4a13-428b-be3c-9f80ac280f6c for snapshot s20230607-071131.007
2023-06-07 07:11:31,564 [OMDoubleBufferFlushThread] WARN  rocksdiff.RocksDBCheckpointDiffer (RocksDBCheckpointDiffer.java:setCurrentCompactionLog(312)) - Compaction log exists: /home/runner/work/ozone/ozone/hadoop-ozone/integration-test/target/test-dir/MiniOzoneClusterImpl-28223e3b-fb3b-4559-a623-43dba3cd33a0/ozone-meta/db.snapshots/diffState/compaction-log/0000000000000001330.log. Will append
2023-06-07 07:11:31,584 [Thread-1700] INFO  rocksdiff.RocksDBCheckpointDiffer (RocksDBCheckpointDiffer.java:onCompactionCompleted(527)) - Skipped the compaction entry. Compaction input files: [/home/runner/work/ozone/ozone/hadoop-ozone/integration-test/target/test-dir/MiniOzoneClusterImpl-28223e3b-fb3b-4559-a623-43dba3cd33a0/ozone-meta/om.db/000092.sst] and output files: [/home/runner/work/ozone/ozone/hadoop-ozone/integration-test/target/test-dir/MiniOzoneClusterImpl-28223e3b-fb3b-4559-a623-43dba3cd33a0/ozone-meta/om.db/000092.sst] are same.
2023-06-07 07:11:31,599 [Thread-1714] INFO  rocksdiff.RocksDBCheckpointDiffer (RocksDBCheckpointDiffer.java:onCompactionCompleted(527)) - Skipped the compaction entry. Compaction input files: [/home/runner/work/ozone/ozone/hadoop-ozone/integration-test/target/test-dir/MiniOzoneClusterImpl-28223e3b-fb3b-4559-a623-43dba3cd33a0/ozone-meta/om.db/000093.sst] and output files: [/home/runner/work/ozone/ozone/hadoop-ozone/integration-test/target/test-dir/MiniOzoneClusterImpl-28223e3b-fb3b-4559-a623-43dba3cd33a0/ozone-meta/om.db/000093.sst] are same.
2023-06-07 07:11:31,617 [OMDoubleBufferFlushThread] INFO  db.RDBCheckpointManager (RDBCheckpointManager.java:createCheckpoint(89)) - Created checkpoint in rocksDB at /home/runner/work/ozone/ozone/hadoop-ozone/integration-test/target/test-dir/MiniOzoneClusterImpl-28223e3b-fb3b-4559-a623-43dba3cd33a0/ozone-meta/db.snapshots/checkpointState/om.db-11dd2ab7-8c54-462d-a416-6312f873fab0 in 49 milliseconds
2023-06-07 07:11:31,619 [OMDoubleBufferFlushThread] INFO  db.RDBCheckpointUtils (RDBCheckpointUtils.java:waitForCheckpointDirectoryExist(59)) - Waited for 2 milliseconds for checkpoint directory /home/runner/work/ozone/ozone/hadoop-ozone/integration-test/target/test-dir/MiniOzoneClusterImpl-28223e3b-fb3b-4559-a623-43dba3cd33a0/ozone-meta/db.snapshots/checkpointState/om.db-11dd2ab7-8c54-462d-a416-6312f873fab0 availability.
2023-06-07 07:11:31,620 [OMDoubleBufferFlushThread] INFO  om.OmSnapshotManager (OmSnapshotManager.java:createOmSnapshotCheckpoint(409)) - Created checkpoint : /home/runner/work/ozone/ozone/hadoop-ozone/integration-test/target/test-dir/MiniOzoneClusterImpl-28223e3b-fb3b-4559-a623-43dba3cd33a0/ozone-meta/db.snapshots/checkpointState/om.db-11dd2ab7-8c54-462d-a416-6312f873fab0 for snapshot s20230607-071131.012
2023-06-07 07:11:31,620 [OMDoubleBufferFlushThread] WARN  rocksdiff.RocksDBCheckpointDiffer (RocksDBCheckpointDiffer.java:setCurrentCompactionLog(312)) - Compaction log exists: /home/runner/work/ozone/ozone/hadoop-ozone/integration-test/target/test-dir/MiniOzoneClusterImpl-28223e3b-fb3b-4559-a623-43dba3cd33a0/ozone-meta/db.snapshots/diffState/compaction-log/0000000000000001330.log. Will append
2023-06-07 07:11:31,636 [Thread-1756] INFO  rocksdiff.RocksDBCheckpointDiffer (RocksDBCheckpointDiffer.java:onCompactionCompleted(527)) - Skipped the compaction entry. Compaction input files: [/home/runner/work/ozone/ozone/hadoop-ozone/integration-test/target/test-dir/MiniOzoneClusterImpl-28223e3b-fb3b-4559-a623-43dba3cd33a0/ozone-meta/om.db/000097.sst] and output files: [/home/runner/work/ozone/ozone/hadoop-ozone/integration-test/target/test-dir/MiniOzoneClusterImpl-28223e3b-fb3b-4559-a623-43dba3cd33a0/ozone-meta/om.db/000097.sst] are same.
2023-06-07 07:11:31,641 [Thread-1767] INFO  rocksdiff.RocksDBCheckpointDiffer (RocksDBCheckpointDiffer.java:onCompactionCompleted(527)) - Skipped the compaction entry. Compaction input files: [/home/runner/work/ozone/ozone/hadoop-ozone/integration-test/target/test-dir/MiniOzoneClusterImpl-28223e3b-fb3b-4559-a623-43dba3cd33a0/ozone-meta/om.db/000098.sst] and output files: [/home/runner/work/ozone/ozone/hadoop-ozone/integration-test/target/test-dir/MiniOzoneClusterImpl-28223e3b-fb3b-4559-a623-43dba3cd33a0/ozone-meta/om.db/000098.sst] are same.
2023-06-07 07:11:31,659 [OMDoubleBufferFlushThread] INFO  db.RDBCheckpointManager (RDBCheckpointManager.java:createCheckpoint(89)) - Created checkpoint in rocksDB at /home/runner/work/ozone/ozone/hadoop-ozone/integration-test/target/test-dir/MiniOzoneClusterImpl-28223e3b-fb3b-4559-a623-43dba3cd33a0/ozone-meta/db.snapshots/checkpointState/om.db-70ef97fc-45d5-4032-8989-c0cc4ecf4422 in 36 milliseconds
2023-06-07 07:11:31,662 [OMDoubleBufferFlushThread] INFO  db.RDBCheckpointUtils (RDBCheckpointUtils.java:waitForCheckpointDirectoryExist(59)) - Waited for 3 milliseconds for checkpoint directory /home/runner/work/ozone/ozone/hadoop-ozone/integration-test/target/test-dir/MiniOzoneClusterImpl-28223e3b-fb3b-4559-a623-43dba3cd33a0/ozone-meta/db.snapshots/checkpointState/om.db-70ef97fc-45d5-4032-8989-c0cc4ecf4422 availability.
2023-06-07 07:11:31,662 [OMDoubleBufferFlushThread] INFO  om.OmSnapshotManager (OmSnapshotManager.java:createOmSnapshotCheckpoint(409)) - Created checkpoint : /home/runner/work/ozone/ozone/hadoop-ozone/integration-test/target/test-dir/MiniOzoneClusterImpl-28223e3b-fb3b-4559-a623-43dba3cd33a0/ozone-meta/db.snapshots/checkpointState/om.db-70ef97fc-45d5-4032-8989-c0cc4ecf4422 for snapshot s20230607-071131.016
2023-06-07 07:11:31,663 [OMDoubleBufferFlushThread] WARN  rocksdiff.RocksDBCheckpointDiffer (RocksDBCheckpointDiffer.java:setCurrentCompactionLog(312)) - Compaction log exists: /home/runner/work/ozone/ozone/hadoop-ozone/integration-test/target/test-dir/MiniOzoneClusterImpl-28223e3b-fb3b-4559-a623-43dba3cd33a0/ozone-meta/db.snapshots/diffState/compaction-log/0000000000000001330.log. Will append
2023-06-07 07:11:31,675 [Thread-1816] INFO  rocksdiff.RocksDBCheckpointDiffer (RocksDBCheckpointDiffer.java:onCompactionCompleted(527)) - Skipped the compaction entry. Compaction input files: [/home/runner/work/ozone/ozone/hadoop-ozone/integration-test/target/test-dir/MiniOzoneClusterImpl-28223e3b-fb3b-4559-a623-43dba3cd33a0/ozone-meta/om.db/000104.sst] and output files: [/home/runner/work/ozone/ozone/hadoop-ozone/integration-test/target/test-dir/MiniOzoneClusterImpl-28223e3b-fb3b-4559-a623-43dba3cd33a0/ozone-meta/om.db/000104.sst] are same.
2023-06-07 07:11:31,681 [Thread-1826] INFO  rocksdiff.RocksDBCheckpointDiffer (RocksDBCheckpointDiffer.java:onCompactionCompleted(527)) - Skipped the compaction entry. Compaction input files: [/home/runner/work/ozone/ozone/hadoop-ozone/integration-test/target/test-dir/MiniOzoneClusterImpl-28223e3b-fb3b-4559-a623-43dba3cd33a0/ozone-meta/om.db/000105.sst] and output files: [/home/runner/work/ozone/ozone/hadoop-ozone/integration-test/target/test-dir/MiniOzoneClusterImpl-28223e3b-fb3b-4559-a623-43dba3cd33a0/ozone-meta/om.db/000105.sst] are same.
2023-06-07 07:11:31,718 [OMDoubleBufferFlushThread] INFO  db.RDBCheckpointManager (RDBCheckpointManager.java:createCheckpoint(89)) - Created checkpoint in rocksDB at /home/runner/work/ozone/ozone/hadoop-ozone/integration-test/target/test-dir/MiniOzoneClusterImpl-28223e3b-fb3b-4559-a623-43dba3cd33a0/ozone-meta/db.snapshots/checkpointState/om.db-f80bd0e0-24af-4699-b664-c4a72d2a1265 in 53 milliseconds
2023-06-07 07:11:31,721 [OMDoubleBufferFlushThread] INFO  db.RDBCheckpointUtils (RDBCheckpointUtils.java:waitForCheckpointDirectoryExist(59)) - Waited for 3 milliseconds for checkpoint directory /home/runner/work/ozone/ozone/hadoop-ozone/integration-test/target/test-dir/MiniOzoneClusterImpl-28223e3b-fb3b-4559-a623-43dba3cd33a0/ozone-meta/db.snapshots/checkpointState/om.db-f80bd0e0-24af-4699-b664-c4a72d2a1265 availability.
2023-06-07 07:11:31,722 [OMDoubleBufferFlushThread] INFO  om.OmSnapshotManager (OmSnapshotManager.java:createOmSnapshotCheckpoint(409)) - Created checkpoint : /home/runner/work/ozone/ozone/hadoop-ozone/integration-test/target/test-dir/MiniOzoneClusterImpl-28223e3b-fb3b-4559-a623-43dba3cd33a0/ozone-meta/db.snapshots/checkpointState/om.db-f80bd0e0-24af-4699-b664-c4a72d2a1265 for snapshot s20230607-071131.021
2023-06-07 07:11:31,722 [OMDoubleBufferFlushThread] WARN  rocksdiff.RocksDBCheckpointDiffer (RocksDBCheckpointDiffer.java:setCurrentCompactionLog(312)) - Compaction log exists: /home/runner/work/ozone/ozone/hadoop-ozone/integration-test/target/test-dir/MiniOzoneClusterImpl-28223e3b-fb3b-4559-a623-43dba3cd33a0/ozone-meta/db.snapshots/diffState/compaction-log/0000000000000001330.log. Will append
2023-06-07 07:11:31,753 [Thread-1936] INFO  rocksdiff.RocksDBCheckpointDiffer (RocksDBCheckpointDiffer.java:onCompactionCompleted(527)) - Skipped the compaction entry. Compaction input files: [/home/runner/work/ozone/ozone/hadoop-ozone/integration-test/target/test-dir/MiniOzoneClusterImpl-28223e3b-fb3b-4559-a623-43dba3cd33a0/ozone-meta/om.db/000109.sst] and output files: [/home/runner/work/ozone/ozone/hadoop-ozone/integration-test/target/test-dir/MiniOzoneClusterImpl-28223e3b-fb3b-4559-a623-43dba3cd33a0/ozone-meta/om.db/000109.sst] are same.
2023-06-07 07:11:31,755 [Thread-1944] INFO  rocksdiff.RocksDBCheckpointDiffer (RocksDBCheckpointDiffer.java:onCompactionCompleted(527)) - Skipped the compaction entry. Compaction input files: [/home/runner/work/ozone/ozone/hadoop-ozone/integration-test/target/test-dir/MiniOzoneClusterImpl-28223e3b-fb3b-4559-a623-43dba3cd33a0/ozone-meta/om.db/000110.sst] and output files: [/home/runner/work/ozone/ozone/hadoop-ozone/integration-test/target/test-dir/MiniOzoneClusterImpl-28223e3b-fb3b-4559-a623-43dba3cd33a0/ozone-meta/om.db/000110.sst] are same.
2023-06-07 07:11:31,768 [OMDoubleBufferFlushThread] INFO  db.RDBCheckpointManager (RDBCheckpointManager.java:createCheckpoint(89)) - Created checkpoint in rocksDB at /home/runner/work/ozone/ozone/hadoop-ozone/integration-test/target/test-dir/MiniOzoneClusterImpl-28223e3b-fb3b-4559-a623-43dba3cd33a0/ozone-meta/db.snapshots/checkpointState/om.db-b4b2076c-2a55-43c4-9f12-80400f817152 in 41 milliseconds
2023-06-07 07:11:31,774 [OMDoubleBufferFlushThread] INFO  db.RDBCheckpointUtils (RDBCheckpointUtils.java:waitForCheckpointDirectoryExist(59)) - Waited for 6 milliseconds for checkpoint directory /home/runner/work/ozone/ozone/hadoop-ozone/integration-test/target/test-dir/MiniOzoneClusterImpl-28223e3b-fb3b-4559-a623-43dba3cd33a0/ozone-meta/db.snapshots/checkpointState/om.db-b4b2076c-2a55-43c4-9f12-80400f817152 availability.
2023-06-07 07:11:31,774 [OMDoubleBufferFlushThread] INFO  om.OmSnapshotManager (OmSnapshotManager.java:createOmSnapshotCheckpoint(409)) - Created checkpoint : /home/runner/work/ozone/ozone/hadoop-ozone/integration-test/target/test-dir/MiniOzoneClusterImpl-28223e3b-fb3b-4559-a623-43dba3cd33a0/ozone-meta/db.snapshots/checkpointState/om.db-b4b2076c-2a55-43c4-9f12-80400f817152 for snapshot s20230607-071131.026
2023-06-07 07:11:31,775 [OMDoubleBufferFlushThread] WARN  rocksdiff.RocksDBCheckpointDiffer (RocksDBCheckpointDiffer.java:setCurrentCompactionLog(312)) - Compaction log exists: /home/runner/work/ozone/ozone/hadoop-ozone/integration-test/target/test-dir/MiniOzoneClusterImpl-28223e3b-fb3b-4559-a623-43dba3cd33a0/ozone-meta/db.snapshots/diffState/compaction-log/0000000000000001330.log. Will append
2023-06-07 07:11:31,791 [Thread-1963] INFO  rocksdiff.RocksDBCheckpointDiffer (RocksDBCheckpointDiffer.java:onCompactionCompleted(527)) - Skipped the compaction entry. Compaction input files: [/home/runner/work/ozone/ozone/hadoop-ozone/integration-test/target/test-dir/MiniOzoneClusterImpl-28223e3b-fb3b-4559-a623-43dba3cd33a0/ozone-meta/om.db/000114.sst] and output files: [/home/runner/work/ozone/ozone/hadoop-ozone/integration-test/target/test-dir/MiniOzoneClusterImpl-28223e3b-fb3b-4559-a623-43dba3cd33a0/ozone-meta/om.db/000114.sst] are same.
2023-06-07 07:11:31,799 [Thread-1984] INFO  rocksdiff.RocksDBCheckpointDiffer (RocksDBCheckpointDiffer.java:onCompactionCompleted(527)) - Skipped the compaction entry. Compaction input files: [/home/runner/work/ozone/ozone/hadoop-ozone/integration-test/target/test-dir/MiniOzoneClusterImpl-28223e3b-fb3b-4559-a623-43dba3cd33a0/ozone-meta/om.db/000115.sst] and output files: [/home/runner/work/ozone/ozone/hadoop-ozone/integration-test/target/test-dir/MiniOzoneClusterImpl-28223e3b-fb3b-4559-a623-43dba3cd33a0/ozone-meta/om.db/000115.sst] are same.
2023-06-07 07:11:31,824 [OMDoubleBufferFlushThread] INFO  db.RDBCheckpointManager (RDBCheckpointManager.java:createCheckpoint(89)) - Created checkpoint in rocksDB at /home/runner/work/ozone/ozone/hadoop-ozone/integration-test/target/test-dir/MiniOzoneClusterImpl-28223e3b-fb3b-4559-a623-43dba3cd33a0/ozone-meta/db.snapshots/checkpointState/om.db-28cdd0ce-5be9-46a2-91ae-485b6179748c in 40 milliseconds
2023-06-07 07:11:31,833 [OMDoubleBufferFlushThread] INFO  db.RDBCheckpointUtils (RDBCheckpointUtils.java:waitForCheckpointDirectoryExist(59)) - Waited for 9 milliseconds for checkpoint directory /home/runner/work/ozone/ozone/hadoop-ozone/integration-test/target/test-dir/MiniOzoneClusterImpl-28223e3b-fb3b-4559-a623-43dba3cd33a0/ozone-meta/db.snapshots/checkpointState/om.db-28cdd0ce-5be9-46a2-91ae-485b6179748c availability.
2023-06-07 07:11:31,834 [OMDoubleBufferFlushThread] INFO  om.OmSnapshotManager (OmSnapshotManager.java:createOmSnapshotCheckpoint(409)) - Created checkpoint : /home/runner/work/ozone/ozone/hadoop-ozone/integration-test/target/test-dir/MiniOzoneClusterImpl-28223e3b-fb3b-4559-a623-43dba3cd33a0/ozone-meta/db.snapshots/checkpointState/om.db-28cdd0ce-5be9-46a2-91ae-485b6179748c for snapshot s20230607-071131.031
2023-06-07 07:11:31,834 [OMDoubleBufferFlushThread] WARN  rocksdiff.RocksDBCheckpointDiffer (RocksDBCheckpointDiffer.java:setCurrentCompactionLog(312)) - Compaction log exists: /home/runner/work/ozone/ozone/hadoop-ozone/integration-test/target/test-dir/MiniOzoneClusterImpl-28223e3b-fb3b-4559-a623-43dba3cd33a0/ozone-meta/db.snapshots/diffState/compaction-log/0000000000000001330.log. Will append
2023-06-07 07:11:31,851 [Thread-2022] INFO  rocksdiff.RocksDBCheckpointDiffer (RocksDBCheckpointDiffer.java:onCompactionCompleted(527)) - Skipped the compaction entry. Compaction input files: [/home/runner/work/ozone/ozone/hadoop-ozone/integration-test/target/test-dir/MiniOzoneClusterImpl-28223e3b-fb3b-4559-a623-43dba3cd33a0/ozone-meta/om.db/000119.sst] and output files: [/home/runner/work/ozone/ozone/hadoop-ozone/integration-test/target/test-dir/MiniOzoneClusterImpl-28223e3b-fb3b-4559-a623-43dba3cd33a0/ozone-meta/om.db/000119.sst] are same.
2023-06-07 07:11:31,859 [Thread-2044] INFO  rocksdiff.RocksDBCheckpointDiffer (RocksDBCheckpointDiffer.java:onCompactionCompleted(527)) - Skipped the compaction entry. Compaction input files: [/home/runner/work/ozone/ozone/hadoop-ozone/integration-test/target/test-dir/MiniOzoneClusterImpl-28223e3b-fb3b-4559-a623-43dba3cd33a0/ozone-meta/om.db/000120.sst] and output files: [/home/runner/work/ozone/ozone/hadoop-ozone/integration-test/target/test-dir/MiniOzoneClusterImpl-28223e3b-fb3b-4559-a623-43dba3cd33a0/ozone-meta/om.db/000120.sst] are same.
2023-06-07 07:11:31,931 [OMDoubleBufferFlushThread] INFO  db.RDBCheckpointManager (RDBCheckpointManager.java:createCheckpoint(89)) - Created checkpoint in rocksDB at /home/runner/work/ozone/ozone/hadoop-ozone/integration-test/target/test-dir/MiniOzoneClusterImpl-28223e3b-fb3b-4559-a623-43dba3cd33a0/ozone-meta/db.snapshots/checkpointState/om.db-a74d1ac5-d162-400e-bde8-8ecbdee7937d in 94 milliseconds
2023-06-07 07:11:31,932 [OMDoubleBufferFlushThread] INFO  db.RDBCheckpointUtils (RDBCheckpointUtils.java:waitForCheckpointDirectoryExist(59)) - Waited for 1 milliseconds for checkpoint directory /home/runner/work/ozone/ozone/hadoop-ozone/integration-test/target/test-dir/MiniOzoneClusterImpl-28223e3b-fb3b-4559-a623-43dba3cd33a0/ozone-meta/db.snapshots/checkpointState/om.db-a74d1ac5-d162-400e-bde8-8ecbdee7937d availability.
2023-06-07 07:11:31,933 [OMDoubleBufferFlushThread] INFO  om.OmSnapshotManager (OmSnapshotManager.java:createOmSnapshotCheckpoint(409)) - Created checkpoint : /home/runner/work/ozone/ozone/hadoop-ozone/integration-test/target/test-dir/MiniOzoneClusterImpl-28223e3b-fb3b-4559-a623-43dba3cd33a0/ozone-meta/db.snapshots/checkpointState/om.db-a74d1ac5-d162-400e-bde8-8ecbdee7937d for snapshot s20230607-071131.045
2023-06-07 07:11:31,933 [OMDoubleBufferFlushThread] WARN  rocksdiff.RocksDBCheckpointDiffer (RocksDBCheckpointDiffer.java:setCurrentCompactionLog(312)) - Compaction log exists: /home/runner/work/ozone/ozone/hadoop-ozone/integration-test/target/test-dir/MiniOzoneClusterImpl-28223e3b-fb3b-4559-a623-43dba3cd33a0/ozone-meta/db.snapshots/diffState/compaction-log/0000000000000001330.log. Will append
2023-06-07 07:11:31,960 [Thread-2074] INFO  rocksdiff.RocksDBCheckpointDiffer (RocksDBCheckpointDiffer.java:onCompactionCompleted(527)) - Skipped the compaction entry. Compaction input files: [/home/runner/work/ozone/ozone/hadoop-ozone/integration-test/target/test-dir/MiniOzoneClusterImpl-28223e3b-fb3b-4559-a623-43dba3cd33a0/ozone-meta/om.db/000125.sst] and output files: [/home/runner/work/ozone/ozone/hadoop-ozone/integration-test/target/test-dir/MiniOzoneClusterImpl-28223e3b-fb3b-4559-a623-43dba3cd33a0/ozone-meta/om.db/000125.sst] are same.
2023-06-07 07:11:31,967 [Thread-2096] INFO  rocksdiff.RocksDBCheckpointDiffer (RocksDBCheckpointDiffer.java:onCompactionCompleted(527)) - Skipped the compaction entry. Compaction input files: [/home/runner/work/ozone/ozone/hadoop-ozone/integration-test/target/test-dir/MiniOzoneClusterImpl-28223e3b-fb3b-4559-a623-43dba3cd33a0/ozone-meta/om.db/000126.sst] and output files: [/home/runner/work/ozone/ozone/hadoop-ozone/integration-test/target/test-dir/MiniOzoneClusterImpl-28223e3b-fb3b-4559-a623-43dba3cd33a0/ozone-meta/om.db/000126.sst] are same.
2023-06-07 07:11:31,984 [OMDoubleBufferFlushThread] INFO  db.RDBCheckpointManager (RDBCheckpointManager.java:createCheckpoint(89)) - Created checkpoint in rocksDB at /home/runner/work/ozone/ozone/hadoop-ozone/integration-test/target/test-dir/MiniOzoneClusterImpl-28223e3b-fb3b-4559-a623-43dba3cd33a0/ozone-meta/db.snapshots/checkpointState/om.db-15498d95-4e85-40fa-a6fa-1534b9efe276 in 38 milliseconds
2023-06-07 07:11:31,993 [OMDoubleBufferFlushThread] INFO  db.RDBCheckpointUtils (RDBCheckpointUtils.java:waitForCheckpointDirectoryExist(59)) - Waited for 9 milliseconds for checkpoint directory /home/runner/work/ozone/ozone/hadoop-ozone/integration-test/target/test-dir/MiniOzoneClusterImpl-28223e3b-fb3b-4559-a623-43dba3cd33a0/ozone-meta/db.snapshots/checkpointState/om.db-15498d95-4e85-40fa-a6fa-1534b9efe276 availability.
2023-06-07 07:11:31,994 [OMDoubleBufferFlushThread] INFO  om.OmSnapshotManager (OmSnapshotManager.java:createOmSnapshotCheckpoint(409)) - Created checkpoint : /home/runner/work/ozone/ozone/hadoop-ozone/integration-test/target/test-dir/MiniOzoneClusterImpl-28223e3b-fb3b-4559-a623-43dba3cd33a0/ozone-meta/db.snapshots/checkpointState/om.db-15498d95-4e85-40fa-a6fa-1534b9efe276 for snapshot s20230607-071131.119
2023-06-07 07:11:31,994 [OMDoubleBufferFlushThread] WARN  rocksdiff.RocksDBCheckpointDiffer (RocksDBCheckpointDiffer.java:setCurrentCompactionLog(312)) - Compaction log exists: /home/runner/work/ozone/ozone/hadoop-ozone/integration-test/target/test-dir/MiniOzoneClusterImpl-28223e3b-fb3b-4559-a623-43dba3cd33a0/ozone-meta/db.snapshots/diffState/compaction-log/0000000000000001330.log. Will append
2023-06-07 07:11:32,008 [Thread-2172] INFO  rocksdiff.RocksDBCheckpointDiffer (RocksDBCheckpointDiffer.java:onCompactionCompleted(527)) - Skipped the compaction entry. Compaction input files: [/home/runner/work/ozone/ozone/hadoop-ozone/integration-test/target/test-dir/MiniOzoneClusterImpl-28223e3b-fb3b-4559-a623-43dba3cd33a0/ozone-meta/om.db/000131.sst] and output files: [/home/runner/work/ozone/ozone/hadoop-ozone/integration-test/target/test-dir/MiniOzoneClusterImpl-28223e3b-fb3b-4559-a623-43dba3cd33a0/ozone-meta/om.db/000131.sst] are same.
2023-06-07 07:11:32,012 [Thread-2186] INFO  rocksdiff.RocksDBCheckpointDiffer (RocksDBCheckpointDiffer.java:onCompactionCompleted(527)) - Skipped the compaction entry. Compaction input files: [/home/runner/work/ozone/ozone/hadoop-ozone/integration-test/target/test-dir/MiniOzoneClusterImpl-28223e3b-fb3b-4559-a623-43dba3cd33a0/ozone-meta/om.db/000132.sst] and output files: [/home/runner/work/ozone/ozone/hadoop-ozone/integration-test/target/test-dir/MiniOzoneClusterImpl-28223e3b-fb3b-4559-a623-43dba3cd33a0/ozone-meta/om.db/000132.sst] are same.
2023-06-07 07:11:32,038 [OMDoubleBufferFlushThread] INFO  db.RDBCheckpointManager (RDBCheckpointManager.java:createCheckpoint(89)) - Created checkpoint in rocksDB at /home/runner/work/ozone/ozone/hadoop-ozone/integration-test/target/test-dir/MiniOzoneClusterImpl-28223e3b-fb3b-4559-a623-43dba3cd33a0/ozone-meta/db.snapshots/checkpointState/om.db-58a543c2-facc-4afe-b760-8fcccb27e86f in 40 milliseconds
2023-06-07 07:11:32,038 [OMDoubleBufferFlushThread] INFO  db.RDBCheckpointUtils (RDBCheckpointUtils.java:waitForCheckpointDirectoryExist(59)) - Waited for 0 milliseconds for checkpoint directory /home/runner/work/ozone/ozone/hadoop-ozone/integration-test/target/test-dir/MiniOzoneClusterImpl-28223e3b-fb3b-4559-a623-43dba3cd33a0/ozone-meta/db.snapshots/checkpointState/om.db-58a543c2-facc-4afe-b760-8fcccb27e86f availability.
2023-06-07 07:11:32,039 [OMDoubleBufferFlushThread] INFO  om.OmSnapshotManager (OmSnapshotManager.java:createOmSnapshotCheckpoint(409)) - Created checkpoint : /home/runner/work/ozone/ozone/hadoop-ozone/integration-test/target/test-dir/MiniOzoneClusterImpl-28223e3b-fb3b-4559-a623-43dba3cd33a0/ozone-meta/db.snapshots/checkpointState/om.db-58a543c2-facc-4afe-b760-8fcccb27e86f for snapshot s20230607-071131.128
2023-06-07 07:11:32,039 [OMDoubleBufferFlushThread] WARN  rocksdiff.RocksDBCheckpointDiffer (RocksDBCheckpointDiffer.java:setCurrentCompactionLog(312)) - Compaction log exists: /home/runner/work/ozone/ozone/hadoop-ozone/integration-test/target/test-dir/MiniOzoneClusterImpl-28223e3b-fb3b-4559-a623-43dba3cd33a0/ozone-meta/db.snapshots/diffState/compaction-log/0000000000000001330.log. Will append
2023-06-07 07:11:32,060 [Thread-2225] INFO  rocksdiff.RocksDBCheckpointDiffer (RocksDBCheckpointDiffer.java:onCompactionCompleted(527)) - Skipped the compaction entry. Compaction input files: [/home/runner/work/ozone/ozone/hadoop-ozone/integration-test/target/test-dir/MiniOzoneClusterImpl-28223e3b-fb3b-4559-a623-43dba3cd33a0/ozone-meta/om.db/000136.sst] and output files: [/home/runner/work/ozone/ozone/hadoop-ozone/integration-test/target/test-dir/MiniOzoneClusterImpl-28223e3b-fb3b-4559-a623-43dba3cd33a0/ozone-meta/om.db/000136.sst] are same.
2023-06-07 07:11:32,068 [Thread-2244] INFO  rocksdiff.RocksDBCheckpointDiffer (RocksDBCheckpointDiffer.java:onCompactionCompleted(527)) - Skipped the compaction entry. Compaction input files: [/home/runner/work/ozone/ozone/hadoop-ozone/integration-test/target/test-dir/MiniOzoneClusterImpl-28223e3b-fb3b-4559-a623-43dba3cd33a0/ozone-meta/om.db/000137.sst] and output files: [/home/runner/work/ozone/ozone/hadoop-ozone/integration-test/target/test-dir/MiniOzoneClusterImpl-28223e3b-fb3b-4559-a623-43dba3cd33a0/ozone-meta/om.db/000137.sst] are same.
2023-06-07 07:11:32,093 [OMDoubleBufferFlushThread] INFO  db.RDBCheckpointManager (RDBCheckpointManager.java:createCheckpoint(89)) - Created checkpoint in rocksDB at /home/runner/work/ozone/ozone/hadoop-ozone/integration-test/target/test-dir/MiniOzoneClusterImpl-28223e3b-fb3b-4559-a623-43dba3cd33a0/ozone-meta/db.snapshots/checkpointState/om.db-4361c2f9-b735-4ad2-b117-b168d68d831d in 47 milliseconds
2023-06-07 07:11:32,098 [OMDoubleBufferFlushThread] INFO  db.RDBCheckpointUtils (RDBCheckpointUtils.java:waitForCheckpointDirectoryExist(59)) - Waited for 5 milliseconds for checkpoint directory /home/runner/work/ozone/ozone/hadoop-ozone/integration-test/target/test-dir/MiniOzoneClusterImpl-28223e3b-fb3b-4559-a623-43dba3cd33a0/ozone-meta/db.snapshots/checkpointState/om.db-4361c2f9-b735-4ad2-b117-b168d68d831d availability.
2023-06-07 07:11:32,098 [OMDoubleBufferFlushThread] INFO  om.OmSnapshotManager (OmSnapshotManager.java:createOmSnapshotCheckpoint(409)) - Created checkpoint : /home/runner/work/ozone/ozone/hadoop-ozone/integration-test/target/test-dir/MiniOzoneClusterImpl-28223e3b-fb3b-4559-a623-43dba3cd33a0/ozone-meta/db.snapshots/checkpointState/om.db-4361c2f9-b735-4ad2-b117-b168d68d831d for snapshot s20230607-071131.134
2023-06-07 07:11:32,099 [OMDoubleBufferFlushThread] WARN  rocksdiff.RocksDBCheckpointDiffer (RocksDBCheckpointDiffer.java:setCurrentCompactionLog(312)) - Compaction log exists: /home/runner/work/ozone/ozone/hadoop-ozone/integration-test/target/test-dir/MiniOzoneClusterImpl-28223e3b-fb3b-4559-a623-43dba3cd33a0/ozone-meta/db.snapshots/diffState/compaction-log/0000000000000001330.log. Will append
2023-06-07 07:11:32,116 [Thread-2280] INFO  rocksdiff.RocksDBCheckpointDiffer (RocksDBCheckpointDiffer.java:onCompactionCompleted(527)) - Skipped the compaction entry. Compaction input files: [/home/runner/work/ozone/ozone/hadoop-ozone/integration-test/target/test-dir/MiniOzoneClusterImpl-28223e3b-fb3b-4559-a623-43dba3cd33a0/ozone-meta/om.db/000141.sst] and output files: [/home/runner/work/ozone/ozone/hadoop-ozone/integration-test/target/test-dir/MiniOzoneClusterImpl-28223e3b-fb3b-4559-a623-43dba3cd33a0/ozone-meta/om.db/000141.sst] are same.
2023-06-07 07:11:32,134 [Thread-2293] INFO  rocksdiff.RocksDBCheckpointDiffer (RocksDBCheckpointDiffer.java:onCompactionCompleted(527)) - Skipped the compaction entry. Compaction input files: [/home/runner/work/ozone/ozone/hadoop-ozone/integration-test/target/test-dir/MiniOzoneClusterImpl-28223e3b-fb3b-4559-a623-43dba3cd33a0/ozone-meta/om.db/000142.sst] and output files: [/home/runner/work/ozone/ozone/hadoop-ozone/integration-test/target/test-dir/MiniOzoneClusterImpl-28223e3b-fb3b-4559-a623-43dba3cd33a0/ozone-meta/om.db/000142.sst] are same.
2023-06-07 07:11:32,153 [OMDoubleBufferFlushThread] INFO  db.RDBCheckpointManager (RDBCheckpointManager.java:createCheckpoint(89)) - Created checkpoint in rocksDB at /home/runner/work/ozone/ozone/hadoop-ozone/integration-test/target/test-dir/MiniOzoneClusterImpl-28223e3b-fb3b-4559-a623-43dba3cd33a0/ozone-meta/db.snapshots/checkpointState/om.db-e3dc1526-cb83-47f7-8feb-f271fd69e926 in 48 milliseconds
2023-06-07 07:11:32,156 [OMDoubleBufferFlushThread] INFO  db.RDBCheckpointUtils (RDBCheckpointUtils.java:waitForCheckpointDirectoryExist(59)) - Waited for 3 milliseconds for checkpoint directory /home/runner/work/ozone/ozone/hadoop-ozone/integration-test/target/test-dir/MiniOzoneClusterImpl-28223e3b-fb3b-4559-a623-43dba3cd33a0/ozone-meta/db.snapshots/checkpointState/om.db-e3dc1526-cb83-47f7-8feb-f271fd69e926 availability.
2023-06-07 07:11:32,157 [OMDoubleBufferFlushThread] INFO  om.OmSnapshotManager (OmSnapshotManager.java:createOmSnapshotCheckpoint(409)) - Created checkpoint : /home/runner/work/ozone/ozone/hadoop-ozone/integration-test/target/test-dir/MiniOzoneClusterImpl-28223e3b-fb3b-4559-a623-43dba3cd33a0/ozone-meta/db.snapshots/checkpointState/om.db-e3dc1526-cb83-47f7-8feb-f271fd69e926 for snapshot s20230607-071131.139
2023-06-07 07:11:32,157 [OMDoubleBufferFlushThread] WARN  rocksdiff.RocksDBCheckpointDiffer (RocksDBCheckpointDiffer.java:setCurrentCompactionLog(312)) - Compaction log exists: /home/runner/work/ozone/ozone/hadoop-ozone/integration-test/target/test-dir/MiniOzoneClusterImpl-28223e3b-fb3b-4559-a623-43dba3cd33a0/ozone-meta/db.snapshots/diffState/compaction-log/0000000000000001330.log. Will append
2023-06-07 07:11:32,185 [Thread-2342] INFO  rocksdiff.RocksDBCheckpointDiffer (RocksDBCheckpointDiffer.java:onCompactionCompleted(527)) - Skipped the compaction entry. Compaction input files: [/home/runner/work/ozone/ozone/hadoop-ozone/integration-test/target/test-dir/MiniOzoneClusterImpl-28223e3b-fb3b-4559-a623-43dba3cd33a0/ozone-meta/om.db/000148.sst] and output files: [/home/runner/work/ozone/ozone/hadoop-ozone/integration-test/target/test-dir/MiniOzoneClusterImpl-28223e3b-fb3b-4559-a623-43dba3cd33a0/ozone-meta/om.db/000148.sst] are same.
2023-06-07 07:11:32,190 [Thread-2354] INFO  rocksdiff.RocksDBCheckpointDiffer (RocksDBCheckpointDiffer.java:onCompactionCompleted(527)) - Skipped the compaction entry. Compaction input files: [/home/runner/work/ozone/ozone/hadoop-ozone/integration-test/target/test-dir/MiniOzoneClusterImpl-28223e3b-fb3b-4559-a623-43dba3cd33a0/ozone-meta/om.db/000149.sst] and output files: [/home/runner/work/ozone/ozone/hadoop-ozone/integration-test/target/test-dir/MiniOzoneClusterImpl-28223e3b-fb3b-4559-a623-43dba3cd33a0/ozone-meta/om.db/000149.sst] are same.
2023-06-07 07:11:32,206 [OMDoubleBufferFlushThread] INFO  db.RDBCheckpointManager (RDBCheckpointManager.java:createCheckpoint(89)) - Created checkpoint in rocksDB at /home/runner/work/ozone/ozone/hadoop-ozone/integration-test/target/test-dir/MiniOzoneClusterImpl-28223e3b-fb3b-4559-a623-43dba3cd33a0/ozone-meta/db.snapshots/checkpointState/om.db-822a31a3-e950-4e29-8994-1e0f16c07bc8 in 40 milliseconds
2023-06-07 07:11:32,216 [OMDoubleBufferFlushThread] INFO  db.RDBCheckpointUtils (RDBCheckpointUtils.java:waitForCheckpointDirectoryExist(59)) - Waited for 9 milliseconds for checkpoint directory /home/runner/work/ozone/ozone/hadoop-ozone/integration-test/target/test-dir/MiniOzoneClusterImpl-28223e3b-fb3b-4559-a623-43dba3cd33a0/ozone-meta/db.snapshots/checkpointState/om.db-822a31a3-e950-4e29-8994-1e0f16c07bc8 availability.
2023-06-07 07:11:32,217 [OMDoubleBufferFlushThread] INFO  om.OmSnapshotManager (OmSnapshotManager.java:createOmSnapshotCheckpoint(409)) - Created checkpoint : /home/runner/work/ozone/ozone/hadoop-ozone/integration-test/target/test-dir/MiniOzoneClusterImpl-28223e3b-fb3b-4559-a623-43dba3cd33a0/ozone-meta/db.snapshots/checkpointState/om.db-822a31a3-e950-4e29-8994-1e0f16c07bc8 for snapshot s20230607-071131.146
2023-06-07 07:11:32,217 [OMDoubleBufferFlushThread] WARN  rocksdiff.RocksDBCheckpointDiffer (RocksDBCheckpointDiffer.java:setCurrentCompactionLog(312)) - Compaction log exists: /home/runner/work/ozone/ozone/hadoop-ozone/integration-test/target/test-dir/MiniOzoneClusterImpl-28223e3b-fb3b-4559-a623-43dba3cd33a0/ozone-meta/db.snapshots/diffState/compaction-log/0000000000000001330.log. Will append
2023-06-07 07:11:32,255 [Thread-2462] INFO  rocksdiff.RocksDBCheckpointDiffer (RocksDBCheckpointDiffer.java:onCompactionCompleted(527)) - Skipped the compaction entry. Compaction input files: [/home/runner/work/ozone/ozone/hadoop-ozone/integration-test/target/test-dir/MiniOzoneClusterImpl-28223e3b-fb3b-4559-a623-43dba3cd33a0/ozone-meta/om.db/000153.sst] and output files: [/home/runner/work/ozone/ozone/hadoop-ozone/integration-test/target/test-dir/MiniOzoneClusterImpl-28223e3b-fb3b-4559-a623-43dba3cd33a0/ozone-meta/om.db/000153.sst] are same.
2023-06-07 07:11:32,258 [Thread-2470] INFO  rocksdiff.RocksDBCheckpointDiffer (RocksDBCheckpointDiffer.java:onCompactionCompleted(527)) - Skipped the compaction entry. Compaction input files: [/home/runner/work/ozone/ozone/hadoop-ozone/integration-test/target/test-dir/MiniOzoneClusterImpl-28223e3b-fb3b-4559-a623-43dba3cd33a0/ozone-meta/om.db/000154.sst] and output files: [/home/runner/work/ozone/ozone/hadoop-ozone/integration-test/target/test-dir/MiniOzoneClusterImpl-28223e3b-fb3b-4559-a623-43dba3cd33a0/ozone-meta/om.db/000154.sst] are same.
2023-06-07 07:11:32,267 [OMDoubleBufferFlushThread] INFO  db.RDBCheckpointManager (RDBCheckpointManager.java:createCheckpoint(89)) - Created checkpoint in rocksDB at /home/runner/work/ozone/ozone/hadoop-ozone/integration-test/target/test-dir/MiniOzoneClusterImpl-28223e3b-fb3b-4559-a623-43dba3cd33a0/ozone-meta/db.snapshots/checkpointState/om.db-72cc41dd-71d1-42cc-9785-93fbcba431ff in 48 milliseconds
2023-06-07 07:11:32,270 [OMDoubleBufferFlushThread] INFO  db.RDBCheckpointUtils (RDBCheckpointUtils.java:waitForCheckpointDirectoryExist(59)) - Waited for 3 milliseconds for checkpoint directory /home/runner/work/ozone/ozone/hadoop-ozone/integration-test/target/test-dir/MiniOzoneClusterImpl-28223e3b-fb3b-4559-a623-43dba3cd33a0/ozone-meta/db.snapshots/checkpointState/om.db-72cc41dd-71d1-42cc-9785-93fbcba431ff availability.
2023-06-07 07:11:32,271 [OMDoubleBufferFlushThread] INFO  om.OmSnapshotManager (OmSnapshotManager.java:createOmSnapshotCheckpoint(409)) - Created checkpoint : /home/runner/work/ozone/ozone/hadoop-ozone/integration-test/target/test-dir/MiniOzoneClusterImpl-28223e3b-fb3b-4559-a623-43dba3cd33a0/ozone-meta/db.snapshots/checkpointState/om.db-72cc41dd-71d1-42cc-9785-93fbcba431ff for snapshot s20230607-071131.151
2023-06-07 07:11:32,271 [OMDoubleBufferFlushThread] WARN  rocksdiff.RocksDBCheckpointDiffer (RocksDBCheckpointDiffer.java:setCurrentCompactionLog(312)) - Compaction log exists: /home/runner/work/ozone/ozone/hadoop-ozone/integration-test/target/test-dir/MiniOzoneClusterImpl-28223e3b-fb3b-4559-a623-43dba3cd33a0/ozone-meta/db.snapshots/diffState/compaction-log/0000000000000001330.log. Will append
2023-06-07 07:11:32,285 [Thread-2494] INFO  rocksdiff.RocksDBCheckpointDiffer (RocksDBCheckpointDiffer.java:onCompactionCompleted(527)) - Skipped the compaction entry. Compaction input files: [/home/runner/work/ozone/ozone/hadoop-ozone/integration-test/target/test-dir/MiniOzoneClusterImpl-28223e3b-fb3b-4559-a623-43dba3cd33a0/ozone-meta/om.db/000158.sst] and output files: [/home/runner/work/ozone/ozone/hadoop-ozone/integration-test/target/test-dir/MiniOzoneClusterImpl-28223e3b-fb3b-4559-a623-43dba3cd33a0/ozone-meta/om.db/000158.sst] are same.
2023-06-07 07:11:32,290 [Thread-2510] INFO  rocksdiff.RocksDBCheckpointDiffer (RocksDBCheckpointDiffer.java:onCompactionCompleted(527)) - Skipped the compaction entry. Compaction input files: [/home/runner/work/ozone/ozone/hadoop-ozone/integration-test/target/test-dir/MiniOzoneClusterImpl-28223e3b-fb3b-4559-a623-43dba3cd33a0/ozone-meta/om.db/000159.sst] and output files: [/home/runner/work/ozone/ozone/hadoop-ozone/integration-test/target/test-dir/MiniOzoneClusterImpl-28223e3b-fb3b-4559-a623-43dba3cd33a0/ozone-meta/om.db/000159.sst] are same.
2023-06-07 07:11:32,318 [OMDoubleBufferFlushThread] INFO  db.RDBCheckpointManager (RDBCheckpointManager.java:createCheckpoint(89)) - Created checkpoint in rocksDB at /home/runner/work/ozone/ozone/hadoop-ozone/integration-test/target/test-dir/MiniOzoneClusterImpl-28223e3b-fb3b-4559-a623-43dba3cd33a0/ozone-meta/db.snapshots/checkpointState/om.db-d30c2d3f-ef4c-4005-be36-272851d3968b in 43 milliseconds
2023-06-07 07:11:32,319 [OMDoubleBufferFlushThread] INFO  db.RDBCheckpointUtils (RDBCheckpointUtils.java:waitForCheckpointDirectoryExist(59)) - Waited for 0 milliseconds for checkpoint directory /home/runner/work/ozone/ozone/hadoop-ozone/integration-test/target/test-dir/MiniOzoneClusterImpl-28223e3b-fb3b-4559-a623-43dba3cd33a0/ozone-meta/db.snapshots/checkpointState/om.db-d30c2d3f-ef4c-4005-be36-272851d3968b availability.
2023-06-07 07:11:32,326 [OMDoubleBufferFlushThread] INFO  om.OmSnapshotManager (OmSnapshotManager.java:createOmSnapshotCheckpoint(409)) - Created checkpoint : /home/runner/work/ozone/ozone/hadoop-ozone/integration-test/target/test-dir/MiniOzoneClusterImpl-28223e3b-fb3b-4559-a623-43dba3cd33a0/ozone-meta/db.snapshots/checkpointState/om.db-d30c2d3f-ef4c-4005-be36-272851d3968b for snapshot s20230607-071131.158
2023-06-07 07:11:32,326 [OMDoubleBufferFlushThread] WARN  rocksdiff.RocksDBCheckpointDiffer (RocksDBCheckpointDiffer.java:setCurrentCompactionLog(312)) - Compaction log exists: /home/runner/work/ozone/ozone/hadoop-ozone/integration-test/target/test-dir/MiniOzoneClusterImpl-28223e3b-fb3b-4559-a623-43dba3cd33a0/ozone-meta/db.snapshots/diffState/compaction-log/0000000000000001330.log. Will append
2023-06-07 07:11:32,350 [Thread-2550] INFO  rocksdiff.RocksDBCheckpointDiffer (RocksDBCheckpointDiffer.java:onCompactionCompleted(527)) - Skipped the compaction entry. Compaction input files: [/home/runner/work/ozone/ozone/hadoop-ozone/integration-test/target/test-dir/MiniOzoneClusterImpl-28223e3b-fb3b-4559-a623-43dba3cd33a0/ozone-meta/om.db/000163.sst] and output files: [/home/runner/work/ozone/ozone/hadoop-ozone/integration-test/target/test-dir/MiniOzoneClusterImpl-28223e3b-fb3b-4559-a623-43dba3cd33a0/ozone-meta/om.db/000163.sst] are same.
2023-06-07 07:11:32,361 [Thread-2568] INFO  rocksdiff.RocksDBCheckpointDiffer (RocksDBCheckpointDiffer.java:onCompactionCompleted(527)) - Skipped the compaction entry. Compaction input files: [/home/runner/work/ozone/ozone/hadoop-ozone/integration-test/target/test-dir/MiniOzoneClusterImpl-28223e3b-fb3b-4559-a623-43dba3cd33a0/ozone-meta/om.db/000164.sst] and output files: [/home/runner/work/ozone/ozone/hadoop-ozone/integration-test/target/test-dir/MiniOzoneClusterImpl-28223e3b-fb3b-4559-a623-43dba3cd33a0/ozone-meta/om.db/000164.sst] are same.
2023-06-07 07:11:32,379 [OMDoubleBufferFlushThread] INFO  db.RDBCheckpointManager (RDBCheckpointManager.java:createCheckpoint(89)) - Created checkpoint in rocksDB at /home/runner/work/ozone/ozone/hadoop-ozone/integration-test/target/test-dir/MiniOzoneClusterImpl-28223e3b-fb3b-4559-a623-43dba3cd33a0/ozone-meta/db.snapshots/checkpointState/om.db-2faa61ef-8258-4dec-9392-a84650390f9e in 49 milliseconds
2023-06-07 07:11:32,393 [OMDoubleBufferFlushThread] INFO  db.RDBCheckpointUtils (RDBCheckpointUtils.java:waitForCheckpointDirectoryExist(59)) - Waited for 14 milliseconds for checkpoint directory /home/runner/work/ozone/ozone/hadoop-ozone/integration-test/target/test-dir/MiniOzoneClusterImpl-28223e3b-fb3b-4559-a623-43dba3cd33a0/ozone-meta/db.snapshots/checkpointState/om.db-2faa61ef-8258-4dec-9392-a84650390f9e availability.
2023-06-07 07:11:32,394 [OMDoubleBufferFlushThread] INFO  om.OmSnapshotManager (OmSnapshotManager.java:createOmSnapshotCheckpoint(409)) - Created checkpoint : /home/runner/work/ozone/ozone/hadoop-ozone/integration-test/target/test-dir/MiniOzoneClusterImpl-28223e3b-fb3b-4559-a623-43dba3cd33a0/ozone-meta/db.snapshots/checkpointState/om.db-2faa61ef-8258-4dec-9392-a84650390f9e for snapshot s20230607-071131.165
2023-06-07 07:11:32,395 [OMDoubleBufferFlushThread] WARN  rocksdiff.RocksDBCheckpointDiffer (RocksDBCheckpointDiffer.java:setCurrentCompactionLog(312)) - Compaction log exists: /home/runner/work/ozone/ozone/hadoop-ozone/integration-test/target/test-dir/MiniOzoneClusterImpl-28223e3b-fb3b-4559-a623-43dba3cd33a0/ozone-meta/db.snapshots/diffState/compaction-log/0000000000000001330.log. Will append
2023-06-07 07:11:32,418 [Thread-2606] INFO  rocksdiff.RocksDBCheckpointDiffer (RocksDBCheckpointDiffer.java:onCompactionCompleted(527)) - Skipped the compaction entry. Compaction input files: [/home/runner/work/ozone/ozone/hadoop-ozone/integration-test/target/test-dir/MiniOzoneClusterImpl-28223e3b-fb3b-4559-a623-43dba3cd33a0/ozone-meta/om.db/000169.sst] and output files: [/home/runner/work/ozone/ozone/hadoop-ozone/integration-test/target/test-dir/MiniOzoneClusterImpl-28223e3b-fb3b-4559-a623-43dba3cd33a0/ozone-meta/om.db/000169.sst] are same.
2023-06-07 07:11:32,428 [Thread-2622] INFO  rocksdiff.RocksDBCheckpointDiffer (RocksDBCheckpointDiffer.java:onCompactionCompleted(527)) - Skipped the compaction entry. Compaction input files: [/home/runner/work/ozone/ozone/hadoop-ozone/integration-test/target/test-dir/MiniOzoneClusterImpl-28223e3b-fb3b-4559-a623-43dba3cd33a0/ozone-meta/om.db/000170.sst] and output files: [/home/runner/work/ozone/ozone/hadoop-ozone/integration-test/target/test-dir/MiniOzoneClusterImpl-28223e3b-fb3b-4559-a623-43dba3cd33a0/ozone-meta/om.db/000170.sst] are same.
2023-06-07 07:11:32,450 [OMDoubleBufferFlushThread] INFO  db.RDBCheckpointManager (RDBCheckpointManager.java:createCheckpoint(89)) - Created checkpoint in rocksDB at /home/runner/work/ozone/ozone/hadoop-ozone/integration-test/target/test-dir/MiniOzoneClusterImpl-28223e3b-fb3b-4559-a623-43dba3cd33a0/ozone-meta/db.snapshots/checkpointState/om.db-5d795933-e09b-449b-8eb7-a7478c061a29 in 50 milliseconds
2023-06-07 07:11:32,456 [OMDoubleBufferFlushThread] INFO  db.RDBCheckpointUtils (RDBCheckpointUtils.java:waitForCheckpointDirectoryExist(59)) - Waited for 6 milliseconds for checkpoint directory /home/runner/work/ozone/ozone/hadoop-ozone/integration-test/target/test-dir/MiniOzoneClusterImpl-28223e3b-fb3b-4559-a623-43dba3cd33a0/ozone-meta/db.snapshots/checkpointState/om.db-5d795933-e09b-449b-8eb7-a7478c061a29 availability.
2023-06-07 07:11:32,457 [OMDoubleBufferFlushThread] INFO  om.OmSnapshotManager (OmSnapshotManager.java:createOmSnapshotCheckpoint(409)) - Created checkpoint : /home/runner/work/ozone/ozone/hadoop-ozone/integration-test/target/test-dir/MiniOzoneClusterImpl-28223e3b-fb3b-4559-a623-43dba3cd33a0/ozone-meta/db.snapshots/checkpointState/om.db-5d795933-e09b-449b-8eb7-a7478c061a29 for snapshot s20230607-071131.172
2023-06-07 07:11:32,457 [OMDoubleBufferFlushThread] WARN  rocksdiff.RocksDBCheckpointDiffer (RocksDBCheckpointDiffer.java:setCurrentCompactionLog(312)) - Compaction log exists: /home/runner/work/ozone/ozone/hadoop-ozone/integration-test/target/test-dir/MiniOzoneClusterImpl-28223e3b-fb3b-4559-a623-43dba3cd33a0/ozone-meta/db.snapshots/diffState/compaction-log/0000000000000001330.log. Will append
2023-06-07 07:11:32,541 [Thread-2776] INFO  rocksdiff.RocksDBCheckpointDiffer (RocksDBCheckpointDiffer.java:onCompactionCompleted(527)) - Skipped the compaction entry. Compaction input files: [/home/runner/work/ozone/ozone/hadoop-ozone/integration-test/target/test-dir/MiniOzoneClusterImpl-28223e3b-fb3b-4559-a623-43dba3cd33a0/ozone-meta/om.db/000176.sst, /home/runner/work/ozone/ozone/hadoop-ozone/integration-test/target/test-dir/MiniOzoneClusterImpl-28223e3b-fb3b-4559-a623-43dba3cd33a0/ozone-meta/om.db/000181.sst, /home/runner/work/ozone/ozone/hadoop-ozone/integration-test/target/test-dir/MiniOzoneClusterImpl-28223e3b-fb3b-4559-a623-43dba3cd33a0/ozone-meta/om.db/000186.sst, /home/runner/work/ozone/ozone/hadoop-ozone/integration-test/target/test-dir/MiniOzoneClusterImpl-28223e3b-fb3b-4559-a623-43dba3cd33a0/ozone-meta/om.db/000194.sst] and output files: [/home/runner/work/ozone/ozone/hadoop-ozone/integration-test/target/test-dir/MiniOzoneClusterImpl-28223e3b-fb3b-4559-a623-43dba3cd33a0/ozone-meta/om.db/000176.sst, /home/runner/work/ozone/ozone/hadoop-ozone/integration-test/target/test-dir/MiniOzoneClusterImpl-28223e3b-fb3b-4559-a623-43dba3cd33a0/ozone-meta/om.db/000181.sst, /home/runner/work/ozone/ozone/hadoop-ozone/integration-test/target/test-dir/MiniOzoneClusterImpl-28223e3b-fb3b-4559-a623-43dba3cd33a0/ozone-meta/om.db/000186.sst, /home/runner/work/ozone/ozone/hadoop-ozone/integration-test/target/test-dir/MiniOzoneClusterImpl-28223e3b-fb3b-4559-a623-43dba3cd33a0/ozone-meta/om.db/000194.sst] are same.
2023-06-07 07:11:32,542 [OMDoubleBufferFlushThread] INFO  db.RDBCheckpointManager (RDBCheckpointManager.java:createCheckpoint(89)) - Created checkpoint in rocksDB at /home/runner/work/ozone/ozone/hadoop-ozone/integration-test/target/test-dir/MiniOzoneClusterImpl-28223e3b-fb3b-4559-a623-43dba3cd33a0/ozone-meta/db.snapshots/checkpointState/om.db-fb55b8cd-da31-452d-8919-c0a531162980 in 79 milliseconds
2023-06-07 07:11:32,545 [OMDoubleBufferFlushThread] INFO  db.RDBCheckpointUtils (RDBCheckpointUtils.java:waitForCheckpointDirectoryExist(59)) - Waited for 3 milliseconds for checkpoint directory /home/runner/work/ozone/ozone/hadoop-ozone/integration-test/target/test-dir/MiniOzoneClusterImpl-28223e3b-fb3b-4559-a623-43dba3cd33a0/ozone-meta/db.snapshots/checkpointState/om.db-fb55b8cd-da31-452d-8919-c0a531162980 availability.
2023-06-07 07:11:32,546 [OMDoubleBufferFlushThread] INFO  om.OmSnapshotManager (OmSnapshotManager.java:createOmSnapshotCheckpoint(409)) - Created checkpoint : /home/runner/work/ozone/ozone/hadoop-ozone/integration-test/target/test-dir/MiniOzoneClusterImpl-28223e3b-fb3b-4559-a623-43dba3cd33a0/ozone-meta/db.snapshots/checkpointState/om.db-fb55b8cd-da31-452d-8919-c0a531162980 for snapshot s20230607-071131.180
2023-06-07 07:11:32,546 [OMDoubleBufferFlushThread] WARN  rocksdiff.RocksDBCheckpointDiffer (RocksDBCheckpointDiffer.java:setCurrentCompactionLog(312)) - Compaction log exists: /home/runner/work/ozone/ozone/hadoop-ozone/integration-test/target/test-dir/MiniOzoneClusterImpl-28223e3b-fb3b-4559-a623-43dba3cd33a0/ozone-meta/db.snapshots/diffState/compaction-log/0000000000000001330.log. Will append
2023-06-07 07:11:32,603 [OMDoubleBufferFlushThread] INFO  db.RDBCheckpointManager (RDBCheckpointManager.java:createCheckpoint(89)) - Created checkpoint in rocksDB at /home/runner/work/ozone/ozone/hadoop-ozone/integration-test/target/test-dir/MiniOzoneClusterImpl-28223e3b-fb3b-4559-a623-43dba3cd33a0/ozone-meta/db.snapshots/checkpointState/om.db-77bcbd43-6545-4b09-b241-00d516df935e in 47 milliseconds
2023-06-07 07:11:32,606 [OMDoubleBufferFlushThread] INFO  db.RDBCheckpointUtils (RDBCheckpointUtils.java:waitForCheckpointDirectoryExist(59)) - Waited for 2 milliseconds for checkpoint directory /home/runner/work/ozone/ozone/hadoop-ozone/integration-test/target/test-dir/MiniOzoneClusterImpl-28223e3b-fb3b-4559-a623-43dba3cd33a0/ozone-meta/db.snapshots/checkpointState/om.db-77bcbd43-6545-4b09-b241-00d516df935e availability.
2023-06-07 07:11:32,606 [OMDoubleBufferFlushThread] INFO  om.OmSnapshotManager (OmSnapshotManager.java:createOmSnapshotCheckpoint(409)) - Created checkpoint : /home/runner/work/ozone/ozone/hadoop-ozone/integration-test/target/test-dir/MiniOzoneClusterImpl-28223e3b-fb3b-4559-a623-43dba3cd33a0/ozone-meta/db.snapshots/checkpointState/om.db-77bcbd43-6545-4b09-b241-00d516df935e for snapshot s20230607-071131.190
2023-06-07 07:11:32,609 [OMDoubleBufferFlushThread] WARN  rocksdiff.RocksDBCheckpointDiffer (RocksDBCheckpointDiffer.java:setCurrentCompactionLog(312)) - Compaction log exists: /home/runner/work/ozone/ozone/hadoop-ozone/integration-test/target/test-dir/MiniOzoneClusterImpl-28223e3b-fb3b-4559-a623-43dba3cd33a0/ozone-meta/db.snapshots/diffState/compaction-log/0000000000000001330.log. Will append
2023-06-07 07:11:32,667 [OMDoubleBufferFlushThread] INFO  db.RDBCheckpointManager (RDBCheckpointManager.java:createCheckpoint(89)) - Created checkpoint in rocksDB at /home/runner/work/ozone/ozone/hadoop-ozone/integration-test/target/test-dir/MiniOzoneClusterImpl-28223e3b-fb3b-4559-a623-43dba3cd33a0/ozone-meta/db.snapshots/checkpointState/om.db-8e53f33c-1634-4382-a219-8c0f9d0f26cc in 49 milliseconds
2023-06-07 07:11:32,675 [OMDoubleBufferFlushThread] INFO  db.RDBCheckpointUtils (RDBCheckpointUtils.java:waitForCheckpointDirectoryExist(59)) - Waited for 7 milliseconds for checkpoint directory /home/runner/work/ozone/ozone/hadoop-ozone/integration-test/target/test-dir/MiniOzoneClusterImpl-28223e3b-fb3b-4559-a623-43dba3cd33a0/ozone-meta/db.snapshots/checkpointState/om.db-8e53f33c-1634-4382-a219-8c0f9d0f26cc availability.
2023-06-07 07:11:32,676 [OMDoubleBufferFlushThread] INFO  om.OmSnapshotManager (OmSnapshotManager.java:createOmSnapshotCheckpoint(409)) - Created checkpoint : /home/runner/work/ozone/ozone/hadoop-ozone/integration-test/target/test-dir/MiniOzoneClusterImpl-28223e3b-fb3b-4559-a623-43dba3cd33a0/ozone-meta/db.snapshots/checkpointState/om.db-8e53f33c-1634-4382-a219-8c0f9d0f26cc for snapshot s20230607-071131.198
2023-06-07 07:11:32,676 [OMDoubleBufferFlushThread] WARN  rocksdiff.RocksDBCheckpointDiffer (RocksDBCheckpointDiffer.java:setCurrentCompactionLog(312)) - Compaction log exists: /home/runner/work/ozone/ozone/hadoop-ozone/integration-test/target/test-dir/MiniOzoneClusterImpl-28223e3b-fb3b-4559-a623-43dba3cd33a0/ozone-meta/db.snapshots/diffState/compaction-log/0000000000000001330.log. Will append
2023-06-07 07:11:32,720 [OMDoubleBufferFlushThread] INFO  db.RDBCheckpointManager (RDBCheckpointManager.java:createCheckpoint(89)) - Created checkpoint in rocksDB at /home/runner/work/ozone/ozone/hadoop-ozone/integration-test/target/test-dir/MiniOzoneClusterImpl-28223e3b-fb3b-4559-a623-43dba3cd33a0/ozone-meta/db.snapshots/checkpointState/om.db-deb894ed-0e05-4442-9ec3-e74fd4944d10 in 41 milliseconds
2023-06-07 07:11:32,721 [OMDoubleBufferFlushThread] INFO  db.RDBCheckpointUtils (RDBCheckpointUtils.java:waitForCheckpointDirectoryExist(59)) - Waited for 1 milliseconds for checkpoint directory /home/runner/work/ozone/ozone/hadoop-ozone/integration-test/target/test-dir/MiniOzoneClusterImpl-28223e3b-fb3b-4559-a623-43dba3cd33a0/ozone-meta/db.snapshots/checkpointState/om.db-deb894ed-0e05-4442-9ec3-e74fd4944d10 availability.
2023-06-07 07:11:32,722 [OMDoubleBufferFlushThread] INFO  om.OmSnapshotManager (OmSnapshotManager.java:createOmSnapshotCheckpoint(409)) - Created checkpoint : /home/runner/work/ozone/ozone/hadoop-ozone/integration-test/target/test-dir/MiniOzoneClusterImpl-28223e3b-fb3b-4559-a623-43dba3cd33a0/ozone-meta/db.snapshots/checkpointState/om.db-deb894ed-0e05-4442-9ec3-e74fd4944d10 for snapshot s20230607-071131.211
2023-06-07 07:11:32,777 [Thread-3036] INFO  rocksdiff.RocksDBCheckpointDiffer (RocksDBCheckpointDiffer.java:onCompactionCompleted(527)) - Skipped the compaction entry. Compaction input files: [/home/runner/work/ozone/ozone/hadoop-ozone/integration-test/target/test-dir/MiniOzoneClusterImpl-28223e3b-fb3b-4559-a623-43dba3cd33a0/ozone-meta/om.db/000199.sst, /home/runner/work/ozone/ozone/hadoop-ozone/integration-test/target/test-dir/MiniOzoneClusterImpl-28223e3b-fb3b-4559-a623-43dba3cd33a0/ozone-meta/om.db/000204.sst, /home/runner/work/ozone/ozone/hadoop-ozone/integration-test/target/test-dir/MiniOzoneClusterImpl-28223e3b-fb3b-4559-a623-43dba3cd33a0/ozone-meta/om.db/000209.sst, /home/runner/work/ozone/ozone/hadoop-ozone/integration-test/target/test-dir/MiniOzoneClusterImpl-28223e3b-fb3b-4559-a623-43dba3cd33a0/ozone-meta/om.db/000217.sst] and output files: [/home/runner/work/ozone/ozone/hadoop-ozone/integration-test/target/test-dir/MiniOzoneClusterImpl-28223e3b-fb3b-4559-a623-43dba3cd33a0/ozone-meta/om.db/000199.sst, /home/runner/work/ozone/ozone/hadoop-ozone/integration-test/target/test-dir/MiniOzoneClusterImpl-28223e3b-fb3b-4559-a623-43dba3cd33a0/ozone-meta/om.db/000204.sst, /home/runner/work/ozone/ozone/hadoop-ozone/integration-test/target/test-dir/MiniOzoneClusterImpl-28223e3b-fb3b-4559-a623-43dba3cd33a0/ozone-meta/om.db/000209.sst, /home/runner/work/ozone/ozone/hadoop-ozone/integration-test/target/test-dir/MiniOzoneClusterImpl-28223e3b-fb3b-4559-a623-43dba3cd33a0/ozone-meta/om.db/000217.sst] are same.
2023-06-07 07:11:32,789 [OMDoubleBufferFlushThread] INFO  db.RDBCheckpointManager (RDBCheckpointManager.java:createCheckpoint(89)) - Created checkpoint in rocksDB at /home/runner/work/ozone/ozone/hadoop-ozone/integration-test/target/test-dir/MiniOzoneClusterImpl-28223e3b-fb3b-4559-a623-43dba3cd33a0/ozone-meta/db.snapshots/checkpointState/om.db-33838aff-b532-4bcc-b585-4f526ac6183e in 60 milliseconds
2023-06-07 07:11:32,796 [OMDoubleBufferFlushThread] INFO  db.RDBCheckpointUtils (RDBCheckpointUtils.java:waitForCheckpointDirectoryExist(59)) - Waited for 7 milliseconds for checkpoint directory /home/runner/work/ozone/ozone/hadoop-ozone/integration-test/target/test-dir/MiniOzoneClusterImpl-28223e3b-fb3b-4559-a623-43dba3cd33a0/ozone-meta/db.snapshots/checkpointState/om.db-33838aff-b532-4bcc-b585-4f526ac6183e availability.
2023-06-07 07:11:32,797 [OMDoubleBufferFlushThread] INFO  om.OmSnapshotManager (OmSnapshotManager.java:createOmSnapshotCheckpoint(409)) - Created checkpoint : /home/runner/work/ozone/ozone/hadoop-ozone/integration-test/target/test-dir/MiniOzoneClusterImpl-28223e3b-fb3b-4559-a623-43dba3cd33a0/ozone-meta/db.snapshots/checkpointState/om.db-33838aff-b532-4bcc-b585-4f526ac6183e for snapshot s20230607-071131.226
2023-06-07 07:11:32,798 [OMDoubleBufferFlushThread] WARN  rocksdiff.RocksDBCheckpointDiffer (RocksDBCheckpointDiffer.java:setCurrentCompactionLog(312)) - Compaction log exists: /home/runner/work/ozone/ozone/hadoop-ozone/integration-test/target/test-dir/MiniOzoneClusterImpl-28223e3b-fb3b-4559-a623-43dba3cd33a0/ozone-meta/db.snapshots/diffState/compaction-log/0000000000000001337.log. Will append
2023-06-07 07:11:32,836 [OMDoubleBufferFlushThread] INFO  db.RDBCheckpointManager (RDBCheckpointManager.java:createCheckpoint(89)) - Created checkpoint in rocksDB at /home/runner/work/ozone/ozone/hadoop-ozone/integration-test/target/test-dir/MiniOzoneClusterImpl-28223e3b-fb3b-4559-a623-43dba3cd33a0/ozone-meta/db.snapshots/checkpointState/om.db-2f69093d-99e2-48bc-b626-b318e43c921e in 31 milliseconds
2023-06-07 07:11:32,839 [OMDoubleBufferFlushThread] INFO  db.RDBCheckpointUtils (RDBCheckpointUtils.java:waitForCheckpointDirectoryExist(59)) - Waited for 3 milliseconds for checkpoint directory /home/runner/work/ozone/ozone/hadoop-ozone/integration-test/target/test-dir/MiniOzoneClusterImpl-28223e3b-fb3b-4559-a623-43dba3cd33a0/ozone-meta/db.snapshots/checkpointState/om.db-2f69093d-99e2-48bc-b626-b318e43c921e availability.
2023-06-07 07:11:32,840 [OMDoubleBufferFlushThread] INFO  om.OmSnapshotManager (OmSnapshotManager.java:createOmSnapshotCheckpoint(409)) - Created checkpoint : /home/runner/work/ozone/ozone/hadoop-ozone/integration-test/target/test-dir/MiniOzoneClusterImpl-28223e3b-fb3b-4559-a623-43dba3cd33a0/ozone-meta/db.snapshots/checkpointState/om.db-2f69093d-99e2-48bc-b626-b318e43c921e for snapshot s20230607-071131.238
2023-06-07 07:11:32,840 [OMDoubleBufferFlushThread] WARN  rocksdiff.RocksDBCheckpointDiffer (RocksDBCheckpointDiffer.java:setCurrentCompactionLog(312)) - Compaction log exists: /home/runner/work/ozone/ozone/hadoop-ozone/integration-test/target/test-dir/MiniOzoneClusterImpl-28223e3b-fb3b-4559-a623-43dba3cd33a0/ozone-meta/db.snapshots/diffState/compaction-log/0000000000000001337.log. Will append
]]></system-out>
  </testcase>
  <testcase name="testListKeyOnEmptyBucket" classname="org.apache.hadoop.ozone.client.rpc.TestSecureOzoneRpcClient" time="0.014">
    <system-out><![CDATA[2023-06-07 07:11:33,413 [main] INFO  rpc.RpcClient (RpcClient.java:createVolume(459)) - Creating Volume: vol-60058, with runner as owner and space quota set to -1 bytes, counts quota set to -1
2023-06-07 07:11:33,416 [OM StateMachine ApplyTransaction Thread - 0] INFO  volume.OMVolumeCreateRequest (OMVolumeCreateRequest.java:validateAndUpdateCache(196)) - created volume:vol-60058 for user:runner
2023-06-07 07:11:33,419 [main] INFO  rpc.RpcClient (RpcClient.java:createBucket(686)) - Creating Bucket: vol-60058/buc-43102, with server-side default bucket layout, runner as owner, Versioning false, Storage Type set to DISK and Encryption set to false, Replication Type set to server-side default replication type, Namespace Quota set to -1, Space Quota set to -1 
2023-06-07 07:11:33,421 [OM StateMachine ApplyTransaction Thread - 0] INFO  bucket.OMBucketCreateRequest (OMBucketCreateRequest.java:validateAndUpdateCache(270)) - created bucket: buc-43102 of layout OBJECT_STORE in volume: vol-60058
]]></system-out>
  </testcase>
  <testcase name="testListMultipartUploadParts(ReplicationConfig)[1]" classname="org.apache.hadoop.ozone.client.rpc.TestSecureOzoneRpcClient" time="0.236">
    <system-out><![CDATA[2023-06-07 07:11:33,429 [main] INFO  rpc.RpcClient (RpcClient.java:createVolume(459)) - Creating Volume: b72f5e47-dbb0-4b86-b111-b94c7974647a, with runner as owner and space quota set to -1 bytes, counts quota set to -1
2023-06-07 07:11:33,433 [OM StateMachine ApplyTransaction Thread - 0] INFO  volume.OMVolumeCreateRequest (OMVolumeCreateRequest.java:validateAndUpdateCache(196)) - created volume:b72f5e47-dbb0-4b86-b111-b94c7974647a for user:runner
2023-06-07 07:11:33,436 [main] INFO  rpc.RpcClient (RpcClient.java:createBucket(686)) - Creating Bucket: b72f5e47-dbb0-4b86-b111-b94c7974647a/a1aafca3-2596-44b5-bab2-4fe9e0446ef7, with server-side default bucket layout, runner as owner, Versioning false, Storage Type set to DISK and Encryption set to false, Replication Type set to server-side default replication type, Namespace Quota set to -1, Space Quota set to -1 
2023-06-07 07:11:33,438 [OM StateMachine ApplyTransaction Thread - 0] INFO  bucket.OMBucketCreateRequest (OMBucketCreateRequest.java:validateAndUpdateCache(270)) - created bucket: a1aafca3-2596-44b5-bab2-4fe9e0446ef7 of layout OBJECT_STORE in volume: b72f5e47-dbb0-4b86-b111-b94c7974647a
]]></system-out>
  </testcase>
  <testcase name="testListMultipartUploadParts(ReplicationConfig)[2]" classname="org.apache.hadoop.ozone.client.rpc.TestSecureOzoneRpcClient" time="0.85">
    <system-out><![CDATA[2023-06-07 07:11:33,664 [main] INFO  rpc.RpcClient (RpcClient.java:createVolume(459)) - Creating Volume: 76de75d0-4724-4c2e-8eb8-72c68b4ea94e, with runner as owner and space quota set to -1 bytes, counts quota set to -1
2023-06-07 07:11:33,667 [OM StateMachine ApplyTransaction Thread - 0] INFO  volume.OMVolumeCreateRequest (OMVolumeCreateRequest.java:validateAndUpdateCache(196)) - created volume:76de75d0-4724-4c2e-8eb8-72c68b4ea94e for user:runner
2023-06-07 07:11:33,669 [main] INFO  rpc.RpcClient (RpcClient.java:createBucket(686)) - Creating Bucket: 76de75d0-4724-4c2e-8eb8-72c68b4ea94e/e5d02948-f8f2-4e60-b247-3ec7949e84cc, with server-side default bucket layout, runner as owner, Versioning false, Storage Type set to DISK and Encryption set to false, Replication Type set to server-side default replication type, Namespace Quota set to -1, Space Quota set to -1 
2023-06-07 07:11:33,676 [OM StateMachine ApplyTransaction Thread - 0] INFO  bucket.OMBucketCreateRequest (OMBucketCreateRequest.java:validateAndUpdateCache(270)) - created bucket: e5d02948-f8f2-4e60-b247-3ec7949e84cc of layout OBJECT_STORE in volume: 76de75d0-4724-4c2e-8eb8-72c68b4ea94e
]]></system-out>
  </testcase>
  <testcase name="testListMultipartUploadParts(ReplicationConfig)[3]" classname="org.apache.hadoop.ozone.client.rpc.TestSecureOzoneRpcClient" time="0.339">
    <system-out><![CDATA[2023-06-07 07:11:34,515 [main] INFO  rpc.RpcClient (RpcClient.java:createVolume(459)) - Creating Volume: a9be0eb8-ecfc-4274-8489-d92f984ef7fe, with runner as owner and space quota set to -1 bytes, counts quota set to -1
2023-06-07 07:11:34,518 [OM StateMachine ApplyTransaction Thread - 0] INFO  volume.OMVolumeCreateRequest (OMVolumeCreateRequest.java:validateAndUpdateCache(196)) - created volume:a9be0eb8-ecfc-4274-8489-d92f984ef7fe for user:runner
2023-06-07 07:11:34,519 [main] INFO  rpc.RpcClient (RpcClient.java:createBucket(686)) - Creating Bucket: a9be0eb8-ecfc-4274-8489-d92f984ef7fe/a20fbf95-6f21-4413-8b62-e209d0aa78af, with server-side default bucket layout, runner as owner, Versioning false, Storage Type set to DISK and Encryption set to false, Replication Type set to server-side default replication type, Namespace Quota set to -1, Space Quota set to -1 
2023-06-07 07:11:34,522 [OM StateMachine ApplyTransaction Thread - 0] INFO  bucket.OMBucketCreateRequest (OMBucketCreateRequest.java:validateAndUpdateCache(270)) - created bucket: a20fbf95-6f21-4413-8b62-e209d0aa78af of layout OBJECT_STORE in volume: a9be0eb8-ecfc-4274-8489-d92f984ef7fe
]]></system-out>
  </testcase>
  <testcase name="testListMultipartUploadPartsWithContinuation(ReplicationConfig)[1]" classname="org.apache.hadoop.ozone.client.rpc.TestSecureOzoneRpcClient" time="0.754">
    <system-out><![CDATA[2023-06-07 07:11:34,855 [main] INFO  rpc.RpcClient (RpcClient.java:createVolume(459)) - Creating Volume: 5c496034-0fd0-44a9-8760-f1b29885eaca, with runner as owner and space quota set to -1 bytes, counts quota set to -1
2023-06-07 07:11:34,858 [OM StateMachine ApplyTransaction Thread - 0] INFO  volume.OMVolumeCreateRequest (OMVolumeCreateRequest.java:validateAndUpdateCache(196)) - created volume:5c496034-0fd0-44a9-8760-f1b29885eaca for user:runner
2023-06-07 07:11:34,859 [main] INFO  rpc.RpcClient (RpcClient.java:createBucket(686)) - Creating Bucket: 5c496034-0fd0-44a9-8760-f1b29885eaca/0807b3b2-fe2f-47b9-8675-720cd0be92b9, with server-side default bucket layout, runner as owner, Versioning false, Storage Type set to DISK and Encryption set to false, Replication Type set to server-side default replication type, Namespace Quota set to -1, Space Quota set to -1 
2023-06-07 07:11:34,861 [OM StateMachine ApplyTransaction Thread - 0] INFO  bucket.OMBucketCreateRequest (OMBucketCreateRequest.java:validateAndUpdateCache(270)) - created bucket: 0807b3b2-fe2f-47b9-8675-720cd0be92b9 of layout OBJECT_STORE in volume: 5c496034-0fd0-44a9-8760-f1b29885eaca
]]></system-out>
  </testcase>
  <testcase name="testListMultipartUploadPartsWithContinuation(ReplicationConfig)[2]" classname="org.apache.hadoop.ozone.client.rpc.TestSecureOzoneRpcClient" time="0.805">
    <system-out><![CDATA[2023-06-07 07:11:35,616 [main] INFO  rpc.RpcClient (RpcClient.java:createVolume(459)) - Creating Volume: f3baaae0-36e8-411f-a0eb-b9f0eb256456, with runner as owner and space quota set to -1 bytes, counts quota set to -1
2023-06-07 07:11:35,618 [OM StateMachine ApplyTransaction Thread - 0] INFO  volume.OMVolumeCreateRequest (OMVolumeCreateRequest.java:validateAndUpdateCache(196)) - created volume:f3baaae0-36e8-411f-a0eb-b9f0eb256456 for user:runner
2023-06-07 07:11:35,620 [main] INFO  rpc.RpcClient (RpcClient.java:createBucket(686)) - Creating Bucket: f3baaae0-36e8-411f-a0eb-b9f0eb256456/f890a617-43ec-4a1e-a069-7c387da50b8c, with server-side default bucket layout, runner as owner, Versioning false, Storage Type set to DISK and Encryption set to false, Replication Type set to server-side default replication type, Namespace Quota set to -1, Space Quota set to -1 
2023-06-07 07:11:35,622 [OM StateMachine ApplyTransaction Thread - 0] INFO  bucket.OMBucketCreateRequest (OMBucketCreateRequest.java:validateAndUpdateCache(270)) - created bucket: f890a617-43ec-4a1e-a069-7c387da50b8c of layout OBJECT_STORE in volume: f3baaae0-36e8-411f-a0eb-b9f0eb256456
]]></system-out>
  </testcase>
  <testcase name="testListMultipartUploadPartsWithContinuation(ReplicationConfig)[3]" classname="org.apache.hadoop.ozone.client.rpc.TestSecureOzoneRpcClient" time="0.39">
    <system-out><![CDATA[2023-06-07 07:11:36,418 [main] INFO  rpc.RpcClient (RpcClient.java:createVolume(459)) - Creating Volume: 9379b590-62b8-415c-8e51-9891ed7fb4b4, with runner as owner and space quota set to -1 bytes, counts quota set to -1
2023-06-07 07:11:36,420 [OM StateMachine ApplyTransaction Thread - 0] INFO  volume.OMVolumeCreateRequest (OMVolumeCreateRequest.java:validateAndUpdateCache(196)) - created volume:9379b590-62b8-415c-8e51-9891ed7fb4b4 for user:runner
2023-06-07 07:11:36,422 [main] INFO  rpc.RpcClient (RpcClient.java:createBucket(686)) - Creating Bucket: 9379b590-62b8-415c-8e51-9891ed7fb4b4/e01069a9-61c5-4544-a206-98bec20d8479, with server-side default bucket layout, runner as owner, Versioning false, Storage Type set to DISK and Encryption set to false, Replication Type set to server-side default replication type, Namespace Quota set to -1, Space Quota set to -1 
2023-06-07 07:11:36,426 [OM StateMachine ApplyTransaction Thread - 0] INFO  bucket.OMBucketCreateRequest (OMBucketCreateRequest.java:validateAndUpdateCache(270)) - created bucket: e01069a9-61c5-4544-a206-98bec20d8479 of layout OBJECT_STORE in volume: 9379b590-62b8-415c-8e51-9891ed7fb4b4
]]></system-out>
  </testcase>
  <testcase name="testListPartsInvalidMaxParts" classname="org.apache.hadoop.ozone.client.rpc.TestSecureOzoneRpcClient" time="0.008">
    <system-out><![CDATA[2023-06-07 07:11:36,808 [main] INFO  rpc.RpcClient (RpcClient.java:createVolume(459)) - Creating Volume: ffee5692-7288-4117-92ad-c37b456e79d7, with runner as owner and space quota set to -1 bytes, counts quota set to -1
2023-06-07 07:11:36,810 [OM StateMachine ApplyTransaction Thread - 0] INFO  volume.OMVolumeCreateRequest (OMVolumeCreateRequest.java:validateAndUpdateCache(196)) - created volume:ffee5692-7288-4117-92ad-c37b456e79d7 for user:runner
2023-06-07 07:11:36,811 [main] INFO  rpc.RpcClient (RpcClient.java:createBucket(686)) - Creating Bucket: ffee5692-7288-4117-92ad-c37b456e79d7/fd40a117-9326-4c69-b346-9178d9dd7199, with server-side default bucket layout, runner as owner, Versioning false, Storage Type set to DISK and Encryption set to false, Replication Type set to server-side default replication type, Namespace Quota set to -1, Space Quota set to -1 
2023-06-07 07:11:36,813 [OM StateMachine ApplyTransaction Thread - 0] INFO  bucket.OMBucketCreateRequest (OMBucketCreateRequest.java:validateAndUpdateCache(270)) - created bucket: fd40a117-9326-4c69-b346-9178d9dd7199 of layout OBJECT_STORE in volume: ffee5692-7288-4117-92ad-c37b456e79d7
]]></system-out>
  </testcase>
  <testcase name="testListPartsInvalidPartMarker" classname="org.apache.hadoop.ozone.client.rpc.TestSecureOzoneRpcClient" time="0.009">
    <system-out><![CDATA[2023-06-07 07:11:36,817 [main] INFO  rpc.RpcClient (RpcClient.java:createVolume(459)) - Creating Volume: 30624dc5-2cf9-4783-bfbd-d446ca9e9c2f, with runner as owner and space quota set to -1 bytes, counts quota set to -1
2023-06-07 07:11:36,820 [OM StateMachine ApplyTransaction Thread - 0] INFO  volume.OMVolumeCreateRequest (OMVolumeCreateRequest.java:validateAndUpdateCache(196)) - created volume:30624dc5-2cf9-4783-bfbd-d446ca9e9c2f for user:runner
2023-06-07 07:11:36,822 [main] INFO  rpc.RpcClient (RpcClient.java:createBucket(686)) - Creating Bucket: 30624dc5-2cf9-4783-bfbd-d446ca9e9c2f/4ee27e97-aacf-4d84-8658-4c33db7ae946, with server-side default bucket layout, runner as owner, Versioning false, Storage Type set to DISK and Encryption set to false, Replication Type set to server-side default replication type, Namespace Quota set to -1, Space Quota set to -1 
2023-06-07 07:11:36,823 [OM StateMachine ApplyTransaction Thread - 0] INFO  bucket.OMBucketCreateRequest (OMBucketCreateRequest.java:validateAndUpdateCache(270)) - created bucket: 4ee27e97-aacf-4d84-8658-4c33db7ae946 of layout OBJECT_STORE in volume: 30624dc5-2cf9-4783-bfbd-d446ca9e9c2f
]]></system-out>
  </testcase>
  <testcase name="testListPartsWithInvalidUploadID" classname="org.apache.hadoop.ozone.client.rpc.TestSecureOzoneRpcClient" time="0.011">
    <system-out><![CDATA[2023-06-07 07:11:36,827 [main] INFO  rpc.RpcClient (RpcClient.java:createVolume(459)) - Creating Volume: 6ca8c16a-2125-40c0-ad92-460d1a692ae7, with runner as owner and space quota set to -1 bytes, counts quota set to -1
2023-06-07 07:11:36,829 [OM StateMachine ApplyTransaction Thread - 0] INFO  volume.OMVolumeCreateRequest (OMVolumeCreateRequest.java:validateAndUpdateCache(196)) - created volume:6ca8c16a-2125-40c0-ad92-460d1a692ae7 for user:runner
2023-06-07 07:11:36,831 [main] INFO  rpc.RpcClient (RpcClient.java:createBucket(686)) - Creating Bucket: 6ca8c16a-2125-40c0-ad92-460d1a692ae7/d312b53c-1ccd-40d3-8d8f-5b8955c6e5b9, with server-side default bucket layout, runner as owner, Versioning false, Storage Type set to DISK and Encryption set to false, Replication Type set to server-side default replication type, Namespace Quota set to -1, Space Quota set to -1 
2023-06-07 07:11:36,833 [OM StateMachine ApplyTransaction Thread - 0] INFO  bucket.OMBucketCreateRequest (OMBucketCreateRequest.java:validateAndUpdateCache(270)) - created bucket: d312b53c-1ccd-40d3-8d8f-5b8955c6e5b9 of layout OBJECT_STORE in volume: 6ca8c16a-2125-40c0-ad92-460d1a692ae7
07:11:36.835 [IPC Server handler 13 on default port 15004] ERROR OMAudit - user=runner | ip=127.0.0.1 | op=LIST_MULTIPART_UPLOAD_PARTS {volume=6ca8c16a-2125-40c0-ad92-460d1a692ae7, bucket=d312b53c-1ccd-40d3-8d8f-5b8955c6e5b9, key=e2751995-ee3a-4abe-a2e3-cf650202153b, uploadID=random, partNumberMarker=100, maxParts=2} | ret=FAILURE
org.apache.hadoop.ozone.om.exceptions.OMException: No Such Multipart upload exists for this key.
	at org.apache.hadoop.ozone.om.KeyManagerImpl.listParts(KeyManagerImpl.java:723) ~[ozone-manager-1.4.0-SNAPSHOT.jar:?]
	at org.apache.hadoop.ozone.om.OzoneManager.listParts(OzoneManager.java:3438) ~[ozone-manager-1.4.0-SNAPSHOT.jar:?]
	at org.apache.hadoop.ozone.protocolPB.OzoneManagerRequestHandler.listParts(OzoneManagerRequestHandler.java:848) ~[ozone-manager-1.4.0-SNAPSHOT.jar:?]
	at org.apache.hadoop.ozone.protocolPB.OzoneManagerRequestHandler.handleReadRequest(OzoneManagerRequestHandler.java:215) ~[ozone-manager-1.4.0-SNAPSHOT.jar:?]
	at org.apache.hadoop.ozone.protocolPB.OzoneManagerProtocolServerSideTranslatorPB.submitReadRequestToOM(OzoneManagerProtocolServerSideTranslatorPB.java:223) ~[ozone-manager-1.4.0-SNAPSHOT.jar:?]
	at org.apache.hadoop.ozone.protocolPB.OzoneManagerProtocolServerSideTranslatorPB.processRequest(OzoneManagerProtocolServerSideTranslatorPB.java:177) ~[ozone-manager-1.4.0-SNAPSHOT.jar:?]
	at org.apache.hadoop.hdds.server.OzoneProtocolMessageDispatcher.processRequest(OzoneProtocolMessageDispatcher.java:87) [hdds-server-framework-1.4.0-SNAPSHOT.jar:?]
	at org.apache.hadoop.ozone.protocolPB.OzoneManagerProtocolServerSideTranslatorPB.submitRequest(OzoneManagerProtocolServerSideTranslatorPB.java:147) [ozone-manager-1.4.0-SNAPSHOT.jar:?]
	at org.apache.hadoop.ozone.protocol.proto.OzoneManagerProtocolProtos$OzoneManagerService$2.callBlockingMethod(OzoneManagerProtocolProtos.java) [ozone-interface-client-1.4.0-SNAPSHOT.jar:?]
	at org.apache.hadoop.ipc.ProtobufRpcEngine$Server.processCall(ProtobufRpcEngine.java:484) [hadoop-common-3.3.5.jar:?]
	at org.apache.hadoop.ipc.ProtobufRpcEngine2$Server$ProtoBufRpcInvoker.call(ProtobufRpcEngine2.java:595) [hadoop-common-3.3.5.jar:?]
	at org.apache.hadoop.ipc.ProtobufRpcEngine2$Server$ProtoBufRpcInvoker.call(ProtobufRpcEngine2.java:573) [hadoop-common-3.3.5.jar:?]
	at org.apache.hadoop.ipc.RPC$Server.call(RPC.java:1213) [hadoop-common-3.3.5.jar:?]
	at org.apache.hadoop.ipc.Server$RpcCall.run(Server.java:1089) [hadoop-common-3.3.5.jar:?]
	at org.apache.hadoop.ipc.Server$RpcCall.run(Server.java:1012) [hadoop-common-3.3.5.jar:?]
	at java.security.AccessController.doPrivileged(Native Method) ~[?:1.8.0_372]
	at javax.security.auth.Subject.doAs(Subject.java:422) [?:1.8.0_372]
	at org.apache.hadoop.security.UserGroupInformation.doAs(UserGroupInformation.java:1899) [hadoop-common-3.3.5.jar:?]
	at org.apache.hadoop.ipc.Server$Handler.run(Server.java:3026) [hadoop-common-3.3.5.jar:?]
]]></system-out>
  </testcase>
  <testcase name="testListPartsWithPartMarkerGreaterThanPartCount" classname="org.apache.hadoop.ozone.client.rpc.TestSecureOzoneRpcClient" time="0.079">
    <system-out><![CDATA[2023-06-07 07:11:36,840 [main] INFO  rpc.RpcClient (RpcClient.java:createVolume(459)) - Creating Volume: af0dd6a2-a893-4eda-955b-1f33aa3ef83d, with runner as owner and space quota set to -1 bytes, counts quota set to -1
2023-06-07 07:11:36,842 [OM StateMachine ApplyTransaction Thread - 0] INFO  volume.OMVolumeCreateRequest (OMVolumeCreateRequest.java:validateAndUpdateCache(196)) - created volume:af0dd6a2-a893-4eda-955b-1f33aa3ef83d for user:runner
2023-06-07 07:11:36,843 [main] INFO  rpc.RpcClient (RpcClient.java:createBucket(686)) - Creating Bucket: af0dd6a2-a893-4eda-955b-1f33aa3ef83d/91f1dab1-278c-4667-bed5-344df14ec62f, with server-side default bucket layout, runner as owner, Versioning false, Storage Type set to DISK and Encryption set to false, Replication Type set to server-side default replication type, Namespace Quota set to -1, Space Quota set to -1 
2023-06-07 07:11:36,846 [OM StateMachine ApplyTransaction Thread - 0] INFO  bucket.OMBucketCreateRequest (OMBucketCreateRequest.java:validateAndUpdateCache(270)) - created bucket: 91f1dab1-278c-4667-bed5-344df14ec62f of layout OBJECT_STORE in volume: af0dd6a2-a893-4eda-955b-1f33aa3ef83d
]]></system-out>
  </testcase>
  <testcase name="testListVolume" classname="org.apache.hadoop.ozone.client.rpc.TestSecureOzoneRpcClient" time="0.078">
    <system-out><![CDATA[2023-06-07 07:11:36,919 [main] INFO  rpc.RpcClient (RpcClient.java:createVolume(459)) - Creating Volume: vol-list-a-0-80616, with runner as owner and space quota set to -1 bytes, counts quota set to -1
2023-06-07 07:11:36,921 [OM StateMachine ApplyTransaction Thread - 0] INFO  volume.OMVolumeCreateRequest (OMVolumeCreateRequest.java:validateAndUpdateCache(196)) - created volume:vol-list-a-0-80616 for user:runner
2023-06-07 07:11:36,922 [main] INFO  rpc.RpcClient (RpcClient.java:createVolume(459)) - Creating Volume: vol-list-a-1-19257, with runner as owner and space quota set to -1 bytes, counts quota set to -1
2023-06-07 07:11:36,924 [OM StateMachine ApplyTransaction Thread - 0] INFO  volume.OMVolumeCreateRequest (OMVolumeCreateRequest.java:validateAndUpdateCache(196)) - created volume:vol-list-a-1-19257 for user:runner
2023-06-07 07:11:36,925 [main] INFO  rpc.RpcClient (RpcClient.java:createVolume(459)) - Creating Volume: vol-list-a-2-44379, with runner as owner and space quota set to -1 bytes, counts quota set to -1
2023-06-07 07:11:36,927 [OM StateMachine ApplyTransaction Thread - 0] INFO  volume.OMVolumeCreateRequest (OMVolumeCreateRequest.java:validateAndUpdateCache(196)) - created volume:vol-list-a-2-44379 for user:runner
2023-06-07 07:11:36,927 [main] INFO  rpc.RpcClient (RpcClient.java:createVolume(459)) - Creating Volume: vol-list-a-3-44997, with runner as owner and space quota set to -1 bytes, counts quota set to -1
2023-06-07 07:11:36,929 [OM StateMachine ApplyTransaction Thread - 0] INFO  volume.OMVolumeCreateRequest (OMVolumeCreateRequest.java:validateAndUpdateCache(196)) - created volume:vol-list-a-3-44997 for user:runner
2023-06-07 07:11:36,930 [main] INFO  rpc.RpcClient (RpcClient.java:createVolume(459)) - Creating Volume: vol-list-a-4-26107, with runner as owner and space quota set to -1 bytes, counts quota set to -1
2023-06-07 07:11:36,932 [OM StateMachine ApplyTransaction Thread - 0] INFO  volume.OMVolumeCreateRequest (OMVolumeCreateRequest.java:validateAndUpdateCache(196)) - created volume:vol-list-a-4-26107 for user:runner
2023-06-07 07:11:36,933 [main] INFO  rpc.RpcClient (RpcClient.java:createVolume(459)) - Creating Volume: vol-list-a-5-86112, with runner as owner and space quota set to -1 bytes, counts quota set to -1
2023-06-07 07:11:36,934 [OM StateMachine ApplyTransaction Thread - 0] INFO  volume.OMVolumeCreateRequest (OMVolumeCreateRequest.java:validateAndUpdateCache(196)) - created volume:vol-list-a-5-86112 for user:runner
2023-06-07 07:11:36,935 [main] INFO  rpc.RpcClient (RpcClient.java:createVolume(459)) - Creating Volume: vol-list-a-6-47200, with runner as owner and space quota set to -1 bytes, counts quota set to -1
2023-06-07 07:11:36,936 [OM StateMachine ApplyTransaction Thread - 0] INFO  volume.OMVolumeCreateRequest (OMVolumeCreateRequest.java:validateAndUpdateCache(196)) - created volume:vol-list-a-6-47200 for user:runner
2023-06-07 07:11:36,937 [main] INFO  rpc.RpcClient (RpcClient.java:createVolume(459)) - Creating Volume: vol-list-a-7-43213, with runner as owner and space quota set to -1 bytes, counts quota set to -1
2023-06-07 07:11:36,941 [OM StateMachine ApplyTransaction Thread - 0] INFO  volume.OMVolumeCreateRequest (OMVolumeCreateRequest.java:validateAndUpdateCache(196)) - created volume:vol-list-a-7-43213 for user:runner
2023-06-07 07:11:36,946 [main] INFO  rpc.RpcClient (RpcClient.java:createVolume(459)) - Creating Volume: vol-list-a-8-54311, with runner as owner and space quota set to -1 bytes, counts quota set to -1
2023-06-07 07:11:36,948 [OM StateMachine ApplyTransaction Thread - 0] INFO  volume.OMVolumeCreateRequest (OMVolumeCreateRequest.java:validateAndUpdateCache(196)) - created volume:vol-list-a-8-54311 for user:runner
2023-06-07 07:11:36,949 [main] INFO  rpc.RpcClient (RpcClient.java:createVolume(459)) - Creating Volume: vol-list-a-9-73278, with runner as owner and space quota set to -1 bytes, counts quota set to -1
2023-06-07 07:11:36,951 [OM StateMachine ApplyTransaction Thread - 0] INFO  volume.OMVolumeCreateRequest (OMVolumeCreateRequest.java:validateAndUpdateCache(196)) - created volume:vol-list-a-9-73278 for user:runner
2023-06-07 07:11:36,952 [main] INFO  rpc.RpcClient (RpcClient.java:createVolume(459)) - Creating Volume: vol-list-b-0-49640, with runner as owner and space quota set to -1 bytes, counts quota set to -1
2023-06-07 07:11:36,953 [OM StateMachine ApplyTransaction Thread - 0] INFO  volume.OMVolumeCreateRequest (OMVolumeCreateRequest.java:validateAndUpdateCache(196)) - created volume:vol-list-b-0-49640 for user:runner
2023-06-07 07:11:36,954 [main] INFO  rpc.RpcClient (RpcClient.java:createVolume(459)) - Creating Volume: vol-list-b-1-77403, with runner as owner and space quota set to -1 bytes, counts quota set to -1
2023-06-07 07:11:36,957 [OM StateMachine ApplyTransaction Thread - 0] INFO  volume.OMVolumeCreateRequest (OMVolumeCreateRequest.java:validateAndUpdateCache(196)) - created volume:vol-list-b-1-77403 for user:runner
2023-06-07 07:11:36,958 [main] INFO  rpc.RpcClient (RpcClient.java:createVolume(459)) - Creating Volume: vol-list-b-2-27323, with runner as owner and space quota set to -1 bytes, counts quota set to -1
2023-06-07 07:11:36,960 [OM StateMachine ApplyTransaction Thread - 0] INFO  volume.OMVolumeCreateRequest (OMVolumeCreateRequest.java:validateAndUpdateCache(196)) - created volume:vol-list-b-2-27323 for user:runner
2023-06-07 07:11:36,961 [main] INFO  rpc.RpcClient (RpcClient.java:createVolume(459)) - Creating Volume: vol-list-b-3-69424, with runner as owner and space quota set to -1 bytes, counts quota set to -1
2023-06-07 07:11:36,963 [OM StateMachine ApplyTransaction Thread - 0] INFO  volume.OMVolumeCreateRequest (OMVolumeCreateRequest.java:validateAndUpdateCache(196)) - created volume:vol-list-b-3-69424 for user:runner
2023-06-07 07:11:36,963 [main] INFO  rpc.RpcClient (RpcClient.java:createVolume(459)) - Creating Volume: vol-list-b-4-80829, with runner as owner and space quota set to -1 bytes, counts quota set to -1
2023-06-07 07:11:36,965 [OM StateMachine ApplyTransaction Thread - 0] INFO  volume.OMVolumeCreateRequest (OMVolumeCreateRequest.java:validateAndUpdateCache(196)) - created volume:vol-list-b-4-80829 for user:runner
2023-06-07 07:11:36,966 [main] INFO  rpc.RpcClient (RpcClient.java:createVolume(459)) - Creating Volume: vol-list-b-5-03713, with runner as owner and space quota set to -1 bytes, counts quota set to -1
2023-06-07 07:11:36,967 [OM StateMachine ApplyTransaction Thread - 0] INFO  volume.OMVolumeCreateRequest (OMVolumeCreateRequest.java:validateAndUpdateCache(196)) - created volume:vol-list-b-5-03713 for user:runner
2023-06-07 07:11:36,969 [main] INFO  rpc.RpcClient (RpcClient.java:createVolume(459)) - Creating Volume: vol-list-b-6-53931, with runner as owner and space quota set to -1 bytes, counts quota set to -1
2023-06-07 07:11:36,971 [OM StateMachine ApplyTransaction Thread - 0] INFO  volume.OMVolumeCreateRequest (OMVolumeCreateRequest.java:validateAndUpdateCache(196)) - created volume:vol-list-b-6-53931 for user:runner
2023-06-07 07:11:36,974 [main] INFO  rpc.RpcClient (RpcClient.java:createVolume(459)) - Creating Volume: vol-list-b-7-44700, with runner as owner and space quota set to -1 bytes, counts quota set to -1
2023-06-07 07:11:36,976 [OM StateMachine ApplyTransaction Thread - 0] INFO  volume.OMVolumeCreateRequest (OMVolumeCreateRequest.java:validateAndUpdateCache(196)) - created volume:vol-list-b-7-44700 for user:runner
2023-06-07 07:11:36,976 [main] INFO  rpc.RpcClient (RpcClient.java:createVolume(459)) - Creating Volume: vol-list-b-8-00167, with runner as owner and space quota set to -1 bytes, counts quota set to -1
2023-06-07 07:11:36,978 [OM StateMachine ApplyTransaction Thread - 0] INFO  volume.OMVolumeCreateRequest (OMVolumeCreateRequest.java:validateAndUpdateCache(196)) - created volume:vol-list-b-8-00167 for user:runner
2023-06-07 07:11:36,980 [main] INFO  rpc.RpcClient (RpcClient.java:createVolume(459)) - Creating Volume: vol-list-b-9-15920, with runner as owner and space quota set to -1 bytes, counts quota set to -1
2023-06-07 07:11:36,982 [OM StateMachine ApplyTransaction Thread - 0] INFO  volume.OMVolumeCreateRequest (OMVolumeCreateRequest.java:validateAndUpdateCache(196)) - created volume:vol-list-b-9-15920 for user:runner
]]></system-out>
  </testcase>
  <testcase name="testMissingParentBucketUsedNamespace(BucketLayout)[1]" classname="org.apache.hadoop.ozone.client.rpc.TestSecureOzoneRpcClient" time="0.034">
    <system-out><![CDATA[2023-06-07 07:11:37,000 [main] INFO  rpc.RpcClient (RpcClient.java:createVolume(459)) - Creating Volume: 9d6b63b3-4657-43a1-ac02-171377ef6600, with runner as owner and space quota set to -1 bytes, counts quota set to -1
2023-06-07 07:11:37,004 [OM StateMachine ApplyTransaction Thread - 0] INFO  volume.OMVolumeCreateRequest (OMVolumeCreateRequest.java:validateAndUpdateCache(196)) - created volume:9d6b63b3-4657-43a1-ac02-171377ef6600 for user:runner
2023-06-07 07:11:37,006 [main] INFO  rpc.RpcClient (RpcClient.java:createBucket(686)) - Creating Bucket: 9d6b63b3-4657-43a1-ac02-171377ef6600/bf7b4f38-114f-4e48-918b-5241bda92ef1, with bucket layout OBJECT_STORE, runner as owner, Versioning false, Storage Type set to DISK and Encryption set to false, Replication Type set to server-side default replication type, Namespace Quota set to -1, Space Quota set to -1 
2023-06-07 07:11:37,009 [OM StateMachine ApplyTransaction Thread - 0] INFO  bucket.OMBucketCreateRequest (OMBucketCreateRequest.java:validateAndUpdateCache(270)) - created bucket: bf7b4f38-114f-4e48-918b-5241bda92ef1 of layout OBJECT_STORE in volume: 9d6b63b3-4657-43a1-ac02-171377ef6600
]]></system-out>
  </testcase>
  <testcase name="testMissingParentBucketUsedNamespace(BucketLayout)[2]" classname="org.apache.hadoop.ozone.client.rpc.TestSecureOzoneRpcClient" time="0.033">
    <system-out><![CDATA[2023-06-07 07:11:37,038 [main] INFO  rpc.RpcClient (RpcClient.java:createVolume(459)) - Creating Volume: 8a1d5c9e-0edf-42f3-94b4-bc04315fb3f1, with runner as owner and space quota set to -1 bytes, counts quota set to -1
2023-06-07 07:11:37,040 [OM StateMachine ApplyTransaction Thread - 0] INFO  volume.OMVolumeCreateRequest (OMVolumeCreateRequest.java:validateAndUpdateCache(196)) - created volume:8a1d5c9e-0edf-42f3-94b4-bc04315fb3f1 for user:runner
2023-06-07 07:11:37,042 [main] INFO  rpc.RpcClient (RpcClient.java:createBucket(686)) - Creating Bucket: 8a1d5c9e-0edf-42f3-94b4-bc04315fb3f1/840605cb-2a8c-4542-a426-c4939cdd9bd4, with bucket layout LEGACY, runner as owner, Versioning false, Storage Type set to DISK and Encryption set to false, Replication Type set to server-side default replication type, Namespace Quota set to -1, Space Quota set to -1 
2023-06-07 07:11:37,045 [OM StateMachine ApplyTransaction Thread - 0] INFO  bucket.OMBucketCreateRequest (OMBucketCreateRequest.java:validateAndUpdateCache(270)) - created bucket: 840605cb-2a8c-4542-a426-c4939cdd9bd4 of layout LEGACY in volume: 8a1d5c9e-0edf-42f3-94b4-bc04315fb3f1
]]></system-out>
  </testcase>
  <testcase name="testMissingParentBucketUsedNamespace(BucketLayout)[3]" classname="org.apache.hadoop.ozone.client.rpc.TestSecureOzoneRpcClient" time="0.027">
    <system-out><![CDATA[2023-06-07 07:11:37,070 [main] INFO  rpc.RpcClient (RpcClient.java:createVolume(459)) - Creating Volume: cf6193db-5ae1-42c6-bb60-252ebcaf2e6d, with runner as owner and space quota set to -1 bytes, counts quota set to -1
2023-06-07 07:11:37,072 [OM StateMachine ApplyTransaction Thread - 0] INFO  volume.OMVolumeCreateRequest (OMVolumeCreateRequest.java:validateAndUpdateCache(196)) - created volume:cf6193db-5ae1-42c6-bb60-252ebcaf2e6d for user:runner
2023-06-07 07:11:37,073 [main] INFO  rpc.RpcClient (RpcClient.java:createBucket(686)) - Creating Bucket: cf6193db-5ae1-42c6-bb60-252ebcaf2e6d/ed14b90f-1b42-4eed-a71f-7246d62b7f84, with bucket layout FILE_SYSTEM_OPTIMIZED, runner as owner, Versioning false, Storage Type set to DISK and Encryption set to false, Replication Type set to server-side default replication type, Namespace Quota set to -1, Space Quota set to -1 
2023-06-07 07:11:37,075 [OM StateMachine ApplyTransaction Thread - 0] INFO  bucket.OMBucketCreateRequest (OMBucketCreateRequest.java:validateAndUpdateCache(270)) - created bucket: ed14b90f-1b42-4eed-a71f-7246d62b7f84 of layout FILE_SYSTEM_OPTIMIZED in volume: cf6193db-5ae1-42c6-bb60-252ebcaf2e6d
]]></system-out>
  </testcase>
  <testcase name="testMultipartUploadOverride(ReplicationConfig)[1]" classname="org.apache.hadoop.ozone.client.rpc.TestSecureOzoneRpcClient" time="0.751">
    <system-out><![CDATA[2023-06-07 07:11:37,099 [main] INFO  rpc.RpcClient (RpcClient.java:createVolume(459)) - Creating Volume: 863ca76a-a464-4669-b9c3-de7d5b091c79, with runner as owner and space quota set to -1 bytes, counts quota set to -1
2023-06-07 07:11:37,101 [OM StateMachine ApplyTransaction Thread - 0] INFO  volume.OMVolumeCreateRequest (OMVolumeCreateRequest.java:validateAndUpdateCache(196)) - created volume:863ca76a-a464-4669-b9c3-de7d5b091c79 for user:runner
2023-06-07 07:11:37,103 [main] INFO  rpc.RpcClient (RpcClient.java:createBucket(686)) - Creating Bucket: 863ca76a-a464-4669-b9c3-de7d5b091c79/0ea82b86-1499-4ff0-8024-da716e7ca958, with server-side default bucket layout, runner as owner, Versioning false, Storage Type set to DISK and Encryption set to false, Replication Type set to server-side default replication type, Namespace Quota set to -1, Space Quota set to -1 
2023-06-07 07:11:37,105 [OM StateMachine ApplyTransaction Thread - 0] INFO  bucket.OMBucketCreateRequest (OMBucketCreateRequest.java:validateAndUpdateCache(270)) - created bucket: 0ea82b86-1499-4ff0-8024-da716e7ca958 of layout OBJECT_STORE in volume: 863ca76a-a464-4669-b9c3-de7d5b091c79
2023-06-07 07:11:37,295 [IPC Server handler 5 on default port 15001] WARN  node.SCMNodeManager (SCMNodeManager.java:getNodesByAddress(1381)) - Cannot find node for address 127.0.0.1
2023-06-07 07:11:37,296 [IPC Server handler 8 on default port 15001] WARN  node.SCMNodeManager (SCMNodeManager.java:getNodesByAddress(1381)) - Cannot find node for address 127.0.0.1
2023-06-07 07:11:37,297 [IPC Server handler 14 on default port 15001] WARN  node.SCMNodeManager (SCMNodeManager.java:getNodesByAddress(1381)) - Cannot find node for address 127.0.0.1
2023-06-07 07:11:37,298 [IPC Server handler 18 on default port 15001] WARN  node.SCMNodeManager (SCMNodeManager.java:getNodesByAddress(1381)) - Cannot find node for address 127.0.0.1
2023-06-07 07:11:37,298 [IPC Server handler 19 on default port 15001] WARN  node.SCMNodeManager (SCMNodeManager.java:getNodesByAddress(1381)) - Cannot find node for address 127.0.0.1
2023-06-07 07:11:37,672 [IPC Server handler 12 on default port 15001] WARN  node.SCMNodeManager (SCMNodeManager.java:getNodesByAddress(1381)) - Cannot find node for address 127.0.0.1
2023-06-07 07:11:37,673 [IPC Server handler 10 on default port 15001] WARN  node.SCMNodeManager (SCMNodeManager.java:getNodesByAddress(1381)) - Cannot find node for address 127.0.0.1
2023-06-07 07:11:37,674 [IPC Server handler 1 on default port 15001] WARN  node.SCMNodeManager (SCMNodeManager.java:getNodesByAddress(1381)) - Cannot find node for address 127.0.0.1
2023-06-07 07:11:37,674 [IPC Server handler 0 on default port 15001] WARN  node.SCMNodeManager (SCMNodeManager.java:getNodesByAddress(1381)) - Cannot find node for address 127.0.0.1
2023-06-07 07:11:37,675 [IPC Server handler 4 on default port 15001] WARN  node.SCMNodeManager (SCMNodeManager.java:getNodesByAddress(1381)) - Cannot find node for address 127.0.0.1
]]></system-out>
  </testcase>
  <testcase name="testMultipartUploadOverride(ReplicationConfig)[2]" classname="org.apache.hadoop.ozone.client.rpc.TestSecureOzoneRpcClient" time="1.539">
    <system-out><![CDATA[2023-06-07 07:11:37,851 [main] INFO  rpc.RpcClient (RpcClient.java:createVolume(459)) - Creating Volume: 1be137e4-45f3-4201-8f3d-298d609364e6, with runner as owner and space quota set to -1 bytes, counts quota set to -1
2023-06-07 07:11:37,855 [OM StateMachine ApplyTransaction Thread - 0] INFO  volume.OMVolumeCreateRequest (OMVolumeCreateRequest.java:validateAndUpdateCache(196)) - created volume:1be137e4-45f3-4201-8f3d-298d609364e6 for user:runner
2023-06-07 07:11:37,857 [main] INFO  rpc.RpcClient (RpcClient.java:createBucket(686)) - Creating Bucket: 1be137e4-45f3-4201-8f3d-298d609364e6/6bcbfb7c-9673-44a8-ab06-b2b129f6f519, with server-side default bucket layout, runner as owner, Versioning false, Storage Type set to DISK and Encryption set to false, Replication Type set to server-side default replication type, Namespace Quota set to -1, Space Quota set to -1 
2023-06-07 07:11:37,859 [OM StateMachine ApplyTransaction Thread - 0] INFO  bucket.OMBucketCreateRequest (OMBucketCreateRequest.java:validateAndUpdateCache(270)) - created bucket: 6bcbfb7c-9673-44a8-ab06-b2b129f6f519 of layout OBJECT_STORE in volume: 1be137e4-45f3-4201-8f3d-298d609364e6
2023-06-07 07:11:38,456 [IPC Server handler 6 on default port 15001] WARN  node.SCMNodeManager (SCMNodeManager.java:getNodesByAddress(1381)) - Cannot find node for address 127.0.0.1
2023-06-07 07:11:38,457 [IPC Server handler 9 on default port 15001] WARN  node.SCMNodeManager (SCMNodeManager.java:getNodesByAddress(1381)) - Cannot find node for address 127.0.0.1
2023-06-07 07:11:38,466 [IPC Server handler 17 on default port 15001] WARN  node.SCMNodeManager (SCMNodeManager.java:getNodesByAddress(1381)) - Cannot find node for address 127.0.0.1
2023-06-07 07:11:39,248 [IPC Server handler 5 on default port 15001] WARN  node.SCMNodeManager (SCMNodeManager.java:getNodesByAddress(1381)) - Cannot find node for address 127.0.0.1
2023-06-07 07:11:39,249 [IPC Server handler 8 on default port 15001] WARN  node.SCMNodeManager (SCMNodeManager.java:getNodesByAddress(1381)) - Cannot find node for address 127.0.0.1
2023-06-07 07:11:39,249 [IPC Server handler 14 on default port 15001] WARN  node.SCMNodeManager (SCMNodeManager.java:getNodesByAddress(1381)) - Cannot find node for address 127.0.0.1
]]></system-out>
  </testcase>
  <testcase name="testMultipartUploadOverride(ReplicationConfig)[3]" classname="org.apache.hadoop.ozone.client.rpc.TestSecureOzoneRpcClient" time="1.119">
    <system-out><![CDATA[2023-06-07 07:11:39,392 [main] INFO  rpc.RpcClient (RpcClient.java:createVolume(459)) - Creating Volume: 7937959b-2afe-4237-9809-78497d37f1c8, with runner as owner and space quota set to -1 bytes, counts quota set to -1
2023-06-07 07:11:39,396 [OM StateMachine ApplyTransaction Thread - 0] INFO  volume.OMVolumeCreateRequest (OMVolumeCreateRequest.java:validateAndUpdateCache(196)) - created volume:7937959b-2afe-4237-9809-78497d37f1c8 for user:runner
2023-06-07 07:11:39,398 [main] INFO  rpc.RpcClient (RpcClient.java:createBucket(686)) - Creating Bucket: 7937959b-2afe-4237-9809-78497d37f1c8/b6fad9c8-eb22-428f-8efd-dc880f3ba496, with server-side default bucket layout, runner as owner, Versioning false, Storage Type set to DISK and Encryption set to false, Replication Type set to server-side default replication type, Namespace Quota set to -1, Space Quota set to -1 
2023-06-07 07:11:39,401 [OM StateMachine ApplyTransaction Thread - 0] INFO  bucket.OMBucketCreateRequest (OMBucketCreateRequest.java:validateAndUpdateCache(270)) - created bucket: b6fad9c8-eb22-428f-8efd-dc880f3ba496 of layout OBJECT_STORE in volume: 7937959b-2afe-4237-9809-78497d37f1c8
2023-06-07 07:11:39,766 [IPC Server handler 11 on default port 15001] WARN  node.SCMNodeManager (SCMNodeManager.java:getNodesByAddress(1381)) - Cannot find node for address 127.0.0.1
2023-06-07 07:11:39,767 [IPC Server handler 3 on default port 15001] WARN  node.SCMNodeManager (SCMNodeManager.java:getNodesByAddress(1381)) - Cannot find node for address 127.0.0.1
2023-06-07 07:11:39,768 [IPC Server handler 16 on default port 15001] WARN  node.SCMNodeManager (SCMNodeManager.java:getNodesByAddress(1381)) - Cannot find node for address 127.0.0.1
2023-06-07 07:11:40,332 [IPC Server handler 15 on default port 15001] WARN  node.SCMNodeManager (SCMNodeManager.java:getNodesByAddress(1381)) - Cannot find node for address 127.0.0.1
2023-06-07 07:11:40,333 [IPC Server handler 6 on default port 15001] WARN  node.SCMNodeManager (SCMNodeManager.java:getNodesByAddress(1381)) - Cannot find node for address 127.0.0.1
2023-06-07 07:11:40,334 [IPC Server handler 9 on default port 15001] WARN  node.SCMNodeManager (SCMNodeManager.java:getNodesByAddress(1381)) - Cannot find node for address 127.0.0.1
]]></system-out>
  </testcase>
  <testcase name="testMultipartUploadWithACL" classname="org.apache.hadoop.ozone.client.rpc.TestSecureOzoneRpcClient" time="1.086">
    <system-out><![CDATA[2023-06-07 07:11:40,511 [main] INFO  rpc.RpcClient (RpcClient.java:createVolume(459)) - Creating Volume: 3882c788-8c1a-4eb8-a5e1-6f41a1ad35c6, with runner as owner and space quota set to -1 bytes, counts quota set to -1
2023-06-07 07:11:40,514 [OM StateMachine ApplyTransaction Thread - 0] INFO  volume.OMVolumeCreateRequest (OMVolumeCreateRequest.java:validateAndUpdateCache(196)) - created volume:3882c788-8c1a-4eb8-a5e1-6f41a1ad35c6 for user:runner
2023-06-07 07:11:40,518 [main] INFO  rpc.RpcClient (RpcClient.java:createBucket(686)) - Creating Bucket: 3882c788-8c1a-4eb8-a5e1-6f41a1ad35c6/3f35b197-27a0-4314-bd7d-f75a5ace7d8d, with bucket layout OBJECT_STORE, runner as owner, Versioning false, Storage Type set to DISK and Encryption set to false, Replication Type set to server-side default replication type, Namespace Quota set to -1, Space Quota set to -1 
2023-06-07 07:11:40,520 [OM StateMachine ApplyTransaction Thread - 0] INFO  bucket.OMBucketCreateRequest (OMBucketCreateRequest.java:validateAndUpdateCache(270)) - created bucket: 3f35b197-27a0-4314-bd7d-f75a5ace7d8d of layout OBJECT_STORE in volume: 3882c788-8c1a-4eb8-a5e1-6f41a1ad35c6
2023-06-07 07:11:41,217 [IPC Server handler 15 on default port 15001] WARN  node.SCMNodeManager (SCMNodeManager.java:getNodesByAddress(1381)) - Cannot find node for address 127.0.0.1
2023-06-07 07:11:41,218 [IPC Server handler 6 on default port 15001] WARN  node.SCMNodeManager (SCMNodeManager.java:getNodesByAddress(1381)) - Cannot find node for address 127.0.0.1
2023-06-07 07:11:41,218 [IPC Server handler 9 on default port 15001] WARN  node.SCMNodeManager (SCMNodeManager.java:getNodesByAddress(1381)) - Cannot find node for address 127.0.0.1
2023-06-07 07:11:41,219 [IPC Server handler 17 on default port 15001] WARN  node.SCMNodeManager (SCMNodeManager.java:getNodesByAddress(1381)) - Cannot find node for address 127.0.0.1
2023-06-07 07:11:41,220 [IPC Server handler 12 on default port 15001] WARN  node.SCMNodeManager (SCMNodeManager.java:getNodesByAddress(1381)) - Cannot find node for address 127.0.0.1
2023-06-07 07:11:41,506 [OM StateMachine ApplyTransaction Thread - 0] WARN  om.OzoneManager (OmMetadataReader.java:checkAcls(505)) - User test-user doesn't have CREATE permission to access key Volume:3882c788-8c1a-4eb8-a5e1-6f41a1ad35c6 Bucket:3f35b197-27a0-4314-bd7d-f75a5ace7d8d Key:da502efc-b9c8-43d6-add7-e89e67cd31af
07:11:41.506 [OM StateMachine ApplyTransaction Thread - 0] ERROR OMAudit - user=test-user | ip=127.0.0.1 | op=INITIATE_MULTIPART_UPLOAD {volume=3882c788-8c1a-4eb8-a5e1-6f41a1ad35c6, bucket=3f35b197-27a0-4314-bd7d-f75a5ace7d8d, key=da502efc-b9c8-43d6-add7-e89e67cd31af, dataSize=0, replicationType=RATIS, replicationFactor=ONE} | ret=FAILURE
org.apache.hadoop.ozone.om.exceptions.OMException: User test-user doesn't have CREATE permission to access key Volume:3882c788-8c1a-4eb8-a5e1-6f41a1ad35c6 Bucket:3f35b197-27a0-4314-bd7d-f75a5ace7d8d Key:da502efc-b9c8-43d6-add7-e89e67cd31af
	at org.apache.hadoop.ozone.om.OmMetadataReader.checkAcls(OmMetadataReader.java:508) ~[ozone-manager-1.4.0-SNAPSHOT.jar:?]
	at org.apache.hadoop.ozone.om.OmMetadataReader.checkAcls(OmMetadataReader.java:483) ~[ozone-manager-1.4.0-SNAPSHOT.jar:?]
	at org.apache.hadoop.ozone.om.OzoneAclUtils.checkAllAcls(OzoneAclUtils.java:121) ~[ozone-manager-1.4.0-SNAPSHOT.jar:?]
	at org.apache.hadoop.ozone.om.request.OMClientRequest.checkAcls(OMClientRequest.java:335) ~[ozone-manager-1.4.0-SNAPSHOT.jar:?]
	at org.apache.hadoop.ozone.om.request.OMClientRequest.checkAcls(OMClientRequest.java:215) ~[ozone-manager-1.4.0-SNAPSHOT.jar:?]
	at org.apache.hadoop.ozone.om.request.key.OMKeyRequest.checkKeyAcls(OMKeyRequest.java:343) ~[ozone-manager-1.4.0-SNAPSHOT.jar:?]
	at org.apache.hadoop.ozone.om.request.s3.multipart.S3InitiateMultipartUploadRequest.validateAndUpdateCache(S3InitiateMultipartUploadRequest.java:146) ~[ozone-manager-1.4.0-SNAPSHOT.jar:?]
	at org.apache.hadoop.ozone.protocolPB.OzoneManagerRequestHandler.handleWriteRequest(OzoneManagerRequestHandler.java:338) ~[ozone-manager-1.4.0-SNAPSHOT.jar:?]
	at org.apache.hadoop.ozone.om.ratis.OzoneManagerStateMachine.runCommand(OzoneManagerStateMachine.java:567) ~[ozone-manager-1.4.0-SNAPSHOT.jar:?]
	at org.apache.hadoop.ozone.om.ratis.OzoneManagerStateMachine.lambda$1(OzoneManagerStateMachine.java:358) ~[ozone-manager-1.4.0-SNAPSHOT.jar:?]
	at java.util.concurrent.CompletableFuture$AsyncSupply.run(CompletableFuture.java:1604) [?:1.8.0_372]
	at java.util.concurrent.ThreadPoolExecutor.runWorker(ThreadPoolExecutor.java:1149) [?:1.8.0_372]
	at java.util.concurrent.ThreadPoolExecutor$Worker.run(ThreadPoolExecutor.java:624) [?:1.8.0_372]
	at java.lang.Thread.run(Thread.java:750) [?:1.8.0_372]
2023-06-07 07:11:41,507 [OM StateMachine ApplyTransaction Thread - 0] ERROR multipart.S3InitiateMultipartUploadRequest (S3InitiateMultipartUploadRequest.java:logResult(269)) - S3 InitiateMultipart Upload request for Key da502efc-b9c8-43d6-add7-e89e67cd31af in Volume/Bucket 3882c788-8c1a-4eb8-a5e1-6f41a1ad35c6/3f35b197-27a0-4314-bd7d-f75a5ace7d8d is failed
PERMISSION_DENIED org.apache.hadoop.ozone.om.exceptions.OMException: User test-user doesn't have CREATE permission to access key Volume:3882c788-8c1a-4eb8-a5e1-6f41a1ad35c6 Bucket:3f35b197-27a0-4314-bd7d-f75a5ace7d8d Key:da502efc-b9c8-43d6-add7-e89e67cd31af
	at org.apache.hadoop.ozone.om.OmMetadataReader.checkAcls(OmMetadataReader.java:508)
	at org.apache.hadoop.ozone.om.OmMetadataReader.checkAcls(OmMetadataReader.java:483)
	at org.apache.hadoop.ozone.om.OzoneAclUtils.checkAllAcls(OzoneAclUtils.java:121)
	at org.apache.hadoop.ozone.om.request.OMClientRequest.checkAcls(OMClientRequest.java:335)
	at org.apache.hadoop.ozone.om.request.OMClientRequest.checkAcls(OMClientRequest.java:215)
	at org.apache.hadoop.ozone.om.request.key.OMKeyRequest.checkKeyAcls(OMKeyRequest.java:343)
	at org.apache.hadoop.ozone.om.request.s3.multipart.S3InitiateMultipartUploadRequest.validateAndUpdateCache(S3InitiateMultipartUploadRequest.java:146)
	at org.apache.hadoop.ozone.protocolPB.OzoneManagerRequestHandler.handleWriteRequest(OzoneManagerRequestHandler.java:338)
	at org.apache.hadoop.ozone.om.ratis.OzoneManagerStateMachine.runCommand(OzoneManagerStateMachine.java:567)
	at org.apache.hadoop.ozone.om.ratis.OzoneManagerStateMachine.lambda$1(OzoneManagerStateMachine.java:358)
	at java.util.concurrent.CompletableFuture$AsyncSupply.run(CompletableFuture.java:1604)
	at java.util.concurrent.ThreadPoolExecutor.runWorker(ThreadPoolExecutor.java:1149)
	at java.util.concurrent.ThreadPoolExecutor$Worker.run(ThreadPoolExecutor.java:624)
	at java.lang.Thread.run(Thread.java:750)
2023-06-07 07:11:41,595 [IPC Server handler 3 on default port 15004] WARN  om.OzoneManager (OmMetadataReader.java:checkAcls(505)) - User test-user doesn't have READ permission to access key Volume:3882c788-8c1a-4eb8-a5e1-6f41a1ad35c6 Bucket:3f35b197-27a0-4314-bd7d-f75a5ace7d8d Key:a790fcf5-69ba-46b4-983f-df19a4e07f4f
07:11:41.595 [IPC Server handler 3 on default port 15004] ERROR OMAudit - user=test-user | ip=127.0.0.1 | op=READ_KEY {volume=3882c788-8c1a-4eb8-a5e1-6f41a1ad35c6, bucket=3f35b197-27a0-4314-bd7d-f75a5ace7d8d, key=a790fcf5-69ba-46b4-983f-df19a4e07f4f, dataSize=0, replicationConfig=null} | ret=FAILURE
org.apache.hadoop.ozone.om.exceptions.OMException: User test-user doesn't have READ permission to access key Volume:3882c788-8c1a-4eb8-a5e1-6f41a1ad35c6 Bucket:3f35b197-27a0-4314-bd7d-f75a5ace7d8d Key:a790fcf5-69ba-46b4-983f-df19a4e07f4f
	at org.apache.hadoop.ozone.om.OmMetadataReader.checkAcls(OmMetadataReader.java:508) ~[ozone-manager-1.4.0-SNAPSHOT.jar:?]
	at org.apache.hadoop.ozone.om.OmMetadataReader.checkAcls(OmMetadataReader.java:483) ~[ozone-manager-1.4.0-SNAPSHOT.jar:?]
	at org.apache.hadoop.ozone.om.OzoneAclUtils.checkAllAcls(OzoneAclUtils.java:121) ~[ozone-manager-1.4.0-SNAPSHOT.jar:?]
	at org.apache.hadoop.ozone.om.OmMetadataReader.checkAcls(OmMetadataReader.java:445) ~[ozone-manager-1.4.0-SNAPSHOT.jar:?]
	at org.apache.hadoop.ozone.om.OmMetadataReader.lambda$5(OmMetadataReader.java:201) ~[ozone-manager-1.4.0-SNAPSHOT.jar:?]
	at org.apache.hadoop.util.MetricUtil.captureLatencyNs(MetricUtil.java:50) ~[hdds-common-1.4.0-SNAPSHOT.jar:?]
	at org.apache.hadoop.ozone.om.OmMetadataReader.getKeyInfo(OmMetadataReader.java:200) ~[ozone-manager-1.4.0-SNAPSHOT.jar:?]
	at org.apache.hadoop.ozone.om.OzoneManager.getKeyInfo(OzoneManager.java:2787) ~[ozone-manager-1.4.0-SNAPSHOT.jar:?]
	at org.apache.hadoop.ozone.protocolPB.OzoneManagerRequestHandler.getKeyInfo(OzoneManagerRequestHandler.java:550) ~[ozone-manager-1.4.0-SNAPSHOT.jar:?]
	at org.apache.hadoop.ozone.protocolPB.OzoneManagerRequestHandler.handleReadRequest(OzoneManagerRequestHandler.java:293) ~[ozone-manager-1.4.0-SNAPSHOT.jar:?]
	at org.apache.hadoop.ozone.protocolPB.OzoneManagerProtocolServerSideTranslatorPB.submitReadRequestToOM(OzoneManagerProtocolServerSideTranslatorPB.java:223) ~[ozone-manager-1.4.0-SNAPSHOT.jar:?]
	at org.apache.hadoop.ozone.protocolPB.OzoneManagerProtocolServerSideTranslatorPB.processRequest(OzoneManagerProtocolServerSideTranslatorPB.java:177) ~[ozone-manager-1.4.0-SNAPSHOT.jar:?]
	at org.apache.hadoop.hdds.server.OzoneProtocolMessageDispatcher.processRequest(OzoneProtocolMessageDispatcher.java:87) [hdds-server-framework-1.4.0-SNAPSHOT.jar:?]
	at org.apache.hadoop.ozone.protocolPB.OzoneManagerProtocolServerSideTranslatorPB.submitRequest(OzoneManagerProtocolServerSideTranslatorPB.java:147) [ozone-manager-1.4.0-SNAPSHOT.jar:?]
	at org.apache.hadoop.ozone.protocol.proto.OzoneManagerProtocolProtos$OzoneManagerService$2.callBlockingMethod(OzoneManagerProtocolProtos.java) [ozone-interface-client-1.4.0-SNAPSHOT.jar:?]
	at org.apache.hadoop.ipc.ProtobufRpcEngine$Server.processCall(ProtobufRpcEngine.java:484) [hadoop-common-3.3.5.jar:?]
	at org.apache.hadoop.ipc.ProtobufRpcEngine2$Server$ProtoBufRpcInvoker.call(ProtobufRpcEngine2.java:595) [hadoop-common-3.3.5.jar:?]
	at org.apache.hadoop.ipc.ProtobufRpcEngine2$Server$ProtoBufRpcInvoker.call(ProtobufRpcEngine2.java:573) [hadoop-common-3.3.5.jar:?]
	at org.apache.hadoop.ipc.RPC$Server.call(RPC.java:1213) [hadoop-common-3.3.5.jar:?]
	at org.apache.hadoop.ipc.Server$RpcCall.run(Server.java:1089) [hadoop-common-3.3.5.jar:?]
	at org.apache.hadoop.ipc.Server$RpcCall.run(Server.java:1012) [hadoop-common-3.3.5.jar:?]
	at java.security.AccessController.doPrivileged(Native Method) ~[?:1.8.0_372]
	at javax.security.auth.Subject.doAs(Subject.java:422) [?:1.8.0_372]
	at org.apache.hadoop.security.UserGroupInformation.doAs(UserGroupInformation.java:1899) [hadoop-common-3.3.5.jar:?]
	at org.apache.hadoop.ipc.Server$Handler.run(Server.java:3026) [hadoop-common-3.3.5.jar:?]
]]></system-out>
  </testcase>
  <testcase name="testMultipartUploadWithMissingParts" classname="org.apache.hadoop.ozone.client.rpc.TestSecureOzoneRpcClient" time="0.035">
    <system-out><![CDATA[2023-06-07 07:11:41,597 [main] INFO  rpc.RpcClient (RpcClient.java:createVolume(459)) - Creating Volume: 6e45b271-d39c-4235-b9e4-5fda1e8ff2f6, with runner as owner and space quota set to -1 bytes, counts quota set to -1
2023-06-07 07:11:41,600 [OM StateMachine ApplyTransaction Thread - 0] INFO  volume.OMVolumeCreateRequest (OMVolumeCreateRequest.java:validateAndUpdateCache(196)) - created volume:6e45b271-d39c-4235-b9e4-5fda1e8ff2f6 for user:runner
2023-06-07 07:11:41,601 [main] INFO  rpc.RpcClient (RpcClient.java:createBucket(686)) - Creating Bucket: 6e45b271-d39c-4235-b9e4-5fda1e8ff2f6/aae077c1-3b00-480c-9184-0129eb61fbcb, with server-side default bucket layout, runner as owner, Versioning false, Storage Type set to DISK and Encryption set to false, Replication Type set to server-side default replication type, Namespace Quota set to -1, Space Quota set to -1 
2023-06-07 07:11:41,603 [OM StateMachine ApplyTransaction Thread - 0] INFO  bucket.OMBucketCreateRequest (OMBucketCreateRequest.java:validateAndUpdateCache(270)) - created bucket: aae077c1-3b00-480c-9184-0129eb61fbcb of layout OBJECT_STORE in volume: 6e45b271-d39c-4235-b9e4-5fda1e8ff2f6
07:11:41.631 [OM StateMachine ApplyTransaction Thread - 0] ERROR OMAudit - user=runner | ip=127.0.0.1 | op=COMPLETE_MULTIPART_UPLOAD {volume=6e45b271-d39c-4235-b9e4-5fda1e8ff2f6, bucket=aae077c1-3b00-480c-9184-0129eb61fbcb, key=e79a25a3-130d-4b95-b155-93f3579fe0d2, dataSize=0, replicationType=NONE, replicationFactor=ZERO, multipartList=[partNumber: 3 partName: "random" ]} | ret=FAILURE
org.apache.hadoop.ozone.om.exceptions.OMException: Complete Multipart Upload Failed: volume: 6e45b271-d39c-4235-b9e4-5fda1e8ff2f6 bucket: aae077c1-3b00-480c-9184-0129eb61fbcb key: e79a25a3-130d-4b95-b155-93f3579fe0d2. Provided Part info is { random, 3}, whereas OM has partName null
	at org.apache.hadoop.ozone.om.request.s3.multipart.S3MultipartUploadCompleteRequest.getMultipartDataSize(S3MultipartUploadCompleteRequest.java:502) ~[ozone-manager-1.4.0-SNAPSHOT.jar:?]
	at org.apache.hadoop.ozone.om.request.s3.multipart.S3MultipartUploadCompleteRequest.validateAndUpdateCache(S3MultipartUploadCompleteRequest.java:195) ~[ozone-manager-1.4.0-SNAPSHOT.jar:?]
	at org.apache.hadoop.ozone.protocolPB.OzoneManagerRequestHandler.handleWriteRequest(OzoneManagerRequestHandler.java:338) ~[ozone-manager-1.4.0-SNAPSHOT.jar:?]
	at org.apache.hadoop.ozone.om.ratis.OzoneManagerStateMachine.runCommand(OzoneManagerStateMachine.java:567) ~[ozone-manager-1.4.0-SNAPSHOT.jar:?]
	at org.apache.hadoop.ozone.om.ratis.OzoneManagerStateMachine.lambda$1(OzoneManagerStateMachine.java:358) ~[ozone-manager-1.4.0-SNAPSHOT.jar:?]
	at java.util.concurrent.CompletableFuture$AsyncSupply.run(CompletableFuture.java:1604) [?:1.8.0_372]
	at java.util.concurrent.ThreadPoolExecutor.runWorker(ThreadPoolExecutor.java:1149) [?:1.8.0_372]
	at java.util.concurrent.ThreadPoolExecutor$Worker.run(ThreadPoolExecutor.java:624) [?:1.8.0_372]
	at java.lang.Thread.run(Thread.java:750) [?:1.8.0_372]
2023-06-07 07:11:41,631 [OM StateMachine ApplyTransaction Thread - 0] ERROR multipart.S3MultipartUploadCompleteRequest (S3MultipartUploadCompleteRequest.java:logResult(346)) - MultipartUpload Complete request failed for Key: e79a25a3-130d-4b95-b155-93f3579fe0d2 in Volume/Bucket 6e45b271-d39c-4235-b9e4-5fda1e8ff2f6/aae077c1-3b00-480c-9184-0129eb61fbcb
INVALID_PART org.apache.hadoop.ozone.om.exceptions.OMException: Complete Multipart Upload Failed: volume: 6e45b271-d39c-4235-b9e4-5fda1e8ff2f6 bucket: aae077c1-3b00-480c-9184-0129eb61fbcb key: e79a25a3-130d-4b95-b155-93f3579fe0d2. Provided Part info is { random, 3}, whereas OM has partName null
	at org.apache.hadoop.ozone.om.request.s3.multipart.S3MultipartUploadCompleteRequest.getMultipartDataSize(S3MultipartUploadCompleteRequest.java:502)
	at org.apache.hadoop.ozone.om.request.s3.multipart.S3MultipartUploadCompleteRequest.validateAndUpdateCache(S3MultipartUploadCompleteRequest.java:195)
	at org.apache.hadoop.ozone.protocolPB.OzoneManagerRequestHandler.handleWriteRequest(OzoneManagerRequestHandler.java:338)
	at org.apache.hadoop.ozone.om.ratis.OzoneManagerStateMachine.runCommand(OzoneManagerStateMachine.java:567)
	at org.apache.hadoop.ozone.om.ratis.OzoneManagerStateMachine.lambda$1(OzoneManagerStateMachine.java:358)
	at java.util.concurrent.CompletableFuture$AsyncSupply.run(CompletableFuture.java:1604)
	at java.util.concurrent.ThreadPoolExecutor.runWorker(ThreadPoolExecutor.java:1149)
	at java.util.concurrent.ThreadPoolExecutor$Worker.run(ThreadPoolExecutor.java:624)
	at java.lang.Thread.run(Thread.java:750)
]]></system-out>
  </testcase>
  <testcase name="testMultipartUploadWithPartsLessThanMinSize" classname="org.apache.hadoop.ozone.client.rpc.TestSecureOzoneRpcClient" time="0.051">
    <system-out><![CDATA[2023-06-07 07:11:41,633 [main] INFO  rpc.RpcClient (RpcClient.java:createVolume(459)) - Creating Volume: f2fdb3a9-3a2a-4dc8-995c-ce4e7c691fd5, with runner as owner and space quota set to -1 bytes, counts quota set to -1
2023-06-07 07:11:41,635 [OM StateMachine ApplyTransaction Thread - 0] INFO  volume.OMVolumeCreateRequest (OMVolumeCreateRequest.java:validateAndUpdateCache(196)) - created volume:f2fdb3a9-3a2a-4dc8-995c-ce4e7c691fd5 for user:runner
2023-06-07 07:11:41,637 [main] INFO  rpc.RpcClient (RpcClient.java:createBucket(686)) - Creating Bucket: f2fdb3a9-3a2a-4dc8-995c-ce4e7c691fd5/c806824d-985a-47ad-8775-146e8c38f741, with server-side default bucket layout, runner as owner, Versioning false, Storage Type set to DISK and Encryption set to false, Replication Type set to server-side default replication type, Namespace Quota set to -1, Space Quota set to -1 
2023-06-07 07:11:41,639 [OM StateMachine ApplyTransaction Thread - 0] INFO  bucket.OMBucketCreateRequest (OMBucketCreateRequest.java:validateAndUpdateCache(270)) - created bucket: c806824d-985a-47ad-8775-146e8c38f741 of layout OBJECT_STORE in volume: f2fdb3a9-3a2a-4dc8-995c-ce4e7c691fd5
2023-06-07 07:11:41,682 [OM StateMachine ApplyTransaction Thread - 0] ERROR multipart.S3MultipartUploadCompleteRequest (S3MultipartUploadCompleteRequest.java:getMultipartDataSize(521)) - MultipartUpload: /f2fdb3a9-3a2a-4dc8-995c-ce4e7c691fd5/c806824d-985a-47ad-8775-146e8c38f741/aff96f18-55c6-462d-9bd1-7426f478abaa Part number: 1 size 4  is less than minimum part size 5242880
07:11:41.683 [OM StateMachine ApplyTransaction Thread - 0] ERROR OMAudit - user=runner | ip=127.0.0.1 | op=COMPLETE_MULTIPART_UPLOAD {volume=f2fdb3a9-3a2a-4dc8-995c-ce4e7c691fd5, bucket=c806824d-985a-47ad-8775-146e8c38f741, key=aff96f18-55c6-462d-9bd1-7426f478abaa, dataSize=0, replicationType=NONE, replicationFactor=ZERO, multipartList=[partNumber: 1 partName: "/f2fdb3a9-3a2a-4dc8-995c-ce4e7c691fd5/c806824d-985a-47ad-8775-146e8c38f741/aff96f18-55c6-462d-9bd1-7426f478abaa-d617364b-a181-4be3-897c-75a299683553-110501684945944823-1" , partNumber: 2 partName: "/f2fdb3a9-3a2a-4dc8-995c-ce4e7c691fd5/c806824d-985a-47ad-8775-146e8c38f741/aff96f18-55c6-462d-9bd1-7426f478abaa-d617364b-a181-4be3-897c-75a299683553-110501684945944823-2" ]} | ret=FAILURE
org.apache.hadoop.ozone.om.exceptions.OMException: Complete Multipart Upload Failed: volume: f2fdb3a9-3a2a-4dc8-995c-ce4e7c691fd5 bucket: c806824d-985a-47ad-8775-146e8c38f741 key: aff96f18-55c6-462d-9bd1-7426f478abaa. Entity too small.
	at org.apache.hadoop.ozone.om.request.s3.multipart.S3MultipartUploadCompleteRequest.getMultipartDataSize(S3MultipartUploadCompleteRequest.java:525) ~[ozone-manager-1.4.0-SNAPSHOT.jar:?]
	at org.apache.hadoop.ozone.om.request.s3.multipart.S3MultipartUploadCompleteRequest.validateAndUpdateCache(S3MultipartUploadCompleteRequest.java:195) ~[ozone-manager-1.4.0-SNAPSHOT.jar:?]
	at org.apache.hadoop.ozone.protocolPB.OzoneManagerRequestHandler.handleWriteRequest(OzoneManagerRequestHandler.java:338) ~[ozone-manager-1.4.0-SNAPSHOT.jar:?]
	at org.apache.hadoop.ozone.om.ratis.OzoneManagerStateMachine.runCommand(OzoneManagerStateMachine.java:567) ~[ozone-manager-1.4.0-SNAPSHOT.jar:?]
	at org.apache.hadoop.ozone.om.ratis.OzoneManagerStateMachine.lambda$1(OzoneManagerStateMachine.java:358) ~[ozone-manager-1.4.0-SNAPSHOT.jar:?]
	at java.util.concurrent.CompletableFuture$AsyncSupply.run(CompletableFuture.java:1604) [?:1.8.0_372]
	at java.util.concurrent.ThreadPoolExecutor.runWorker(ThreadPoolExecutor.java:1149) [?:1.8.0_372]
	at java.util.concurrent.ThreadPoolExecutor$Worker.run(ThreadPoolExecutor.java:624) [?:1.8.0_372]
	at java.lang.Thread.run(Thread.java:750) [?:1.8.0_372]
2023-06-07 07:11:41,683 [OM StateMachine ApplyTransaction Thread - 0] ERROR multipart.S3MultipartUploadCompleteRequest (S3MultipartUploadCompleteRequest.java:logResult(346)) - MultipartUpload Complete request failed for Key: aff96f18-55c6-462d-9bd1-7426f478abaa in Volume/Bucket f2fdb3a9-3a2a-4dc8-995c-ce4e7c691fd5/c806824d-985a-47ad-8775-146e8c38f741
ENTITY_TOO_SMALL org.apache.hadoop.ozone.om.exceptions.OMException: Complete Multipart Upload Failed: volume: f2fdb3a9-3a2a-4dc8-995c-ce4e7c691fd5 bucket: c806824d-985a-47ad-8775-146e8c38f741 key: aff96f18-55c6-462d-9bd1-7426f478abaa. Entity too small.
	at org.apache.hadoop.ozone.om.request.s3.multipart.S3MultipartUploadCompleteRequest.getMultipartDataSize(S3MultipartUploadCompleteRequest.java:525)
	at org.apache.hadoop.ozone.om.request.s3.multipart.S3MultipartUploadCompleteRequest.validateAndUpdateCache(S3MultipartUploadCompleteRequest.java:195)
	at org.apache.hadoop.ozone.protocolPB.OzoneManagerRequestHandler.handleWriteRequest(OzoneManagerRequestHandler.java:338)
	at org.apache.hadoop.ozone.om.ratis.OzoneManagerStateMachine.runCommand(OzoneManagerStateMachine.java:567)
	at org.apache.hadoop.ozone.om.ratis.OzoneManagerStateMachine.lambda$1(OzoneManagerStateMachine.java:358)
	at java.util.concurrent.CompletableFuture$AsyncSupply.run(CompletableFuture.java:1604)
	at java.util.concurrent.ThreadPoolExecutor.runWorker(ThreadPoolExecutor.java:1149)
	at java.util.concurrent.ThreadPoolExecutor$Worker.run(ThreadPoolExecutor.java:624)
	at java.lang.Thread.run(Thread.java:750)
]]></system-out>
  </testcase>
  <testcase name="testMultipartUploadWithPartsMisMatchWithIncorrectPartName" classname="org.apache.hadoop.ozone.client.rpc.TestSecureOzoneRpcClient" time="0.039">
    <system-out><![CDATA[2023-06-07 07:11:41,685 [main] INFO  rpc.RpcClient (RpcClient.java:createVolume(459)) - Creating Volume: d38769cc-65fe-484a-a878-a4fe2df0a908, with runner as owner and space quota set to -1 bytes, counts quota set to -1
2023-06-07 07:11:41,687 [OM StateMachine ApplyTransaction Thread - 0] INFO  volume.OMVolumeCreateRequest (OMVolumeCreateRequest.java:validateAndUpdateCache(196)) - created volume:d38769cc-65fe-484a-a878-a4fe2df0a908 for user:runner
2023-06-07 07:11:41,689 [main] INFO  rpc.RpcClient (RpcClient.java:createBucket(686)) - Creating Bucket: d38769cc-65fe-484a-a878-a4fe2df0a908/be9b7643-c2fe-4259-99f6-c6a135d65b50, with server-side default bucket layout, runner as owner, Versioning false, Storage Type set to DISK and Encryption set to false, Replication Type set to server-side default replication type, Namespace Quota set to -1, Space Quota set to -1 
2023-06-07 07:11:41,691 [OM StateMachine ApplyTransaction Thread - 0] INFO  bucket.OMBucketCreateRequest (OMBucketCreateRequest.java:validateAndUpdateCache(270)) - created bucket: be9b7643-c2fe-4259-99f6-c6a135d65b50 of layout OBJECT_STORE in volume: d38769cc-65fe-484a-a878-a4fe2df0a908
07:11:41.721 [OM StateMachine ApplyTransaction Thread - 0] ERROR OMAudit - user=runner | ip=127.0.0.1 | op=COMPLETE_MULTIPART_UPLOAD {volume=d38769cc-65fe-484a-a878-a4fe2df0a908, bucket=be9b7643-c2fe-4259-99f6-c6a135d65b50, key=a8405da4-7620-431b-a3dc-b7e07d25e614, dataSize=0, replicationType=NONE, replicationFactor=ZERO, multipartList=[partNumber: 1 partName: "2baae087-778f-4bd5-974a-faa4a2478d02" ]} | ret=FAILURE
org.apache.hadoop.ozone.om.exceptions.OMException: Complete Multipart Upload Failed: volume: d38769cc-65fe-484a-a878-a4fe2df0a908 bucket: be9b7643-c2fe-4259-99f6-c6a135d65b50 key: a8405da4-7620-431b-a3dc-b7e07d25e614. Provided Part info is { 2baae087-778f-4bd5-974a-faa4a2478d02, 1}, whereas OM has partName /d38769cc-65fe-484a-a878-a4fe2df0a908/be9b7643-c2fe-4259-99f6-c6a135d65b50/a8405da4-7620-431b-a3dc-b7e07d25e614-175c87a2-db5b-4d6b-8aa8-47054af31727-110501684949287162-1
	at org.apache.hadoop.ozone.om.request.s3.multipart.S3MultipartUploadCompleteRequest.getMultipartDataSize(S3MultipartUploadCompleteRequest.java:502) ~[ozone-manager-1.4.0-SNAPSHOT.jar:?]
	at org.apache.hadoop.ozone.om.request.s3.multipart.S3MultipartUploadCompleteRequest.validateAndUpdateCache(S3MultipartUploadCompleteRequest.java:195) ~[ozone-manager-1.4.0-SNAPSHOT.jar:?]
	at org.apache.hadoop.ozone.protocolPB.OzoneManagerRequestHandler.handleWriteRequest(OzoneManagerRequestHandler.java:338) ~[ozone-manager-1.4.0-SNAPSHOT.jar:?]
	at org.apache.hadoop.ozone.om.ratis.OzoneManagerStateMachine.runCommand(OzoneManagerStateMachine.java:567) ~[ozone-manager-1.4.0-SNAPSHOT.jar:?]
	at org.apache.hadoop.ozone.om.ratis.OzoneManagerStateMachine.lambda$1(OzoneManagerStateMachine.java:358) ~[ozone-manager-1.4.0-SNAPSHOT.jar:?]
	at java.util.concurrent.CompletableFuture$AsyncSupply.run(CompletableFuture.java:1604) [?:1.8.0_372]
	at java.util.concurrent.ThreadPoolExecutor.runWorker(ThreadPoolExecutor.java:1149) [?:1.8.0_372]
	at java.util.concurrent.ThreadPoolExecutor$Worker.run(ThreadPoolExecutor.java:624) [?:1.8.0_372]
	at java.lang.Thread.run(Thread.java:750) [?:1.8.0_372]
2023-06-07 07:11:41,722 [OM StateMachine ApplyTransaction Thread - 0] ERROR multipart.S3MultipartUploadCompleteRequest (S3MultipartUploadCompleteRequest.java:logResult(346)) - MultipartUpload Complete request failed for Key: a8405da4-7620-431b-a3dc-b7e07d25e614 in Volume/Bucket d38769cc-65fe-484a-a878-a4fe2df0a908/be9b7643-c2fe-4259-99f6-c6a135d65b50
INVALID_PART org.apache.hadoop.ozone.om.exceptions.OMException: Complete Multipart Upload Failed: volume: d38769cc-65fe-484a-a878-a4fe2df0a908 bucket: be9b7643-c2fe-4259-99f6-c6a135d65b50 key: a8405da4-7620-431b-a3dc-b7e07d25e614. Provided Part info is { 2baae087-778f-4bd5-974a-faa4a2478d02, 1}, whereas OM has partName /d38769cc-65fe-484a-a878-a4fe2df0a908/be9b7643-c2fe-4259-99f6-c6a135d65b50/a8405da4-7620-431b-a3dc-b7e07d25e614-175c87a2-db5b-4d6b-8aa8-47054af31727-110501684949287162-1
	at org.apache.hadoop.ozone.om.request.s3.multipart.S3MultipartUploadCompleteRequest.getMultipartDataSize(S3MultipartUploadCompleteRequest.java:502)
	at org.apache.hadoop.ozone.om.request.s3.multipart.S3MultipartUploadCompleteRequest.validateAndUpdateCache(S3MultipartUploadCompleteRequest.java:195)
	at org.apache.hadoop.ozone.protocolPB.OzoneManagerRequestHandler.handleWriteRequest(OzoneManagerRequestHandler.java:338)
	at org.apache.hadoop.ozone.om.ratis.OzoneManagerStateMachine.runCommand(OzoneManagerStateMachine.java:567)
	at org.apache.hadoop.ozone.om.ratis.OzoneManagerStateMachine.lambda$1(OzoneManagerStateMachine.java:358)
	at java.util.concurrent.CompletableFuture$AsyncSupply.run(CompletableFuture.java:1604)
	at java.util.concurrent.ThreadPoolExecutor.runWorker(ThreadPoolExecutor.java:1149)
	at java.util.concurrent.ThreadPoolExecutor$Worker.run(ThreadPoolExecutor.java:624)
	at java.lang.Thread.run(Thread.java:750)
]]></system-out>
  </testcase>
  <testcase name="testMultipartUploadWithPartsMisMatchWithListSizeDifferent" classname="org.apache.hadoop.ozone.client.rpc.TestSecureOzoneRpcClient" time="0.027">
    <system-out><![CDATA[2023-06-07 07:11:41,724 [main] INFO  rpc.RpcClient (RpcClient.java:createVolume(459)) - Creating Volume: a147071c-4fff-4c3b-804d-18938fcd5930, with runner as owner and space quota set to -1 bytes, counts quota set to -1
2023-06-07 07:11:41,726 [OM StateMachine ApplyTransaction Thread - 0] INFO  volume.OMVolumeCreateRequest (OMVolumeCreateRequest.java:validateAndUpdateCache(196)) - created volume:a147071c-4fff-4c3b-804d-18938fcd5930 for user:runner
2023-06-07 07:11:41,728 [main] INFO  rpc.RpcClient (RpcClient.java:createBucket(686)) - Creating Bucket: a147071c-4fff-4c3b-804d-18938fcd5930/0aeda570-c718-4f96-a39b-a3821e9411cc, with server-side default bucket layout, runner as owner, Versioning false, Storage Type set to DISK and Encryption set to false, Replication Type set to server-side default replication type, Namespace Quota set to -1, Space Quota set to -1 
2023-06-07 07:11:41,730 [OM StateMachine ApplyTransaction Thread - 0] INFO  bucket.OMBucketCreateRequest (OMBucketCreateRequest.java:validateAndUpdateCache(270)) - created bucket: 0aeda570-c718-4f96-a39b-a3821e9411cc of layout OBJECT_STORE in volume: a147071c-4fff-4c3b-804d-18938fcd5930
2023-06-07 07:11:41,749 [OM StateMachine ApplyTransaction Thread - 0] ERROR multipart.S3MultipartUploadCompleteRequest (S3MultipartUploadCompleteRequest.java:validateAndUpdateCache(181)) - Complete MultipartUpload failed for key /a147071c-4fff-4c3b-804d-18938fcd5930/0aeda570-c718-4f96-a39b-a3821e9411cc/aea110f8-52dc-4fbc-8b91-75ade07a82d1 , MPU Key has no parts in OM, parts given to upload are [partNumber: 1
partName: "0a419b11-0a3c-4ffc-b69b-57eb14d31570"
]
07:11:41.749 [OM StateMachine ApplyTransaction Thread - 0] ERROR OMAudit - user=runner | ip=127.0.0.1 | op=COMPLETE_MULTIPART_UPLOAD {volume=a147071c-4fff-4c3b-804d-18938fcd5930, bucket=0aeda570-c718-4f96-a39b-a3821e9411cc, key=aea110f8-52dc-4fbc-8b91-75ade07a82d1, dataSize=0, replicationType=NONE, replicationFactor=ZERO, multipartList=[partNumber: 1 partName: "0a419b11-0a3c-4ffc-b69b-57eb14d31570" ]} | ret=FAILURE
org.apache.hadoop.ozone.om.exceptions.OMException: Complete Multipart Upload Failed: volume: a147071c-4fff-4c3b-804d-18938fcd5930 bucket: 0aeda570-c718-4f96-a39b-a3821e9411cc key: aea110f8-52dc-4fbc-8b91-75ade07a82d1
	at org.apache.hadoop.ozone.om.request.s3.multipart.S3MultipartUploadCompleteRequest.validateAndUpdateCache(S3MultipartUploadCompleteRequest.java:184) ~[ozone-manager-1.4.0-SNAPSHOT.jar:?]
	at org.apache.hadoop.ozone.protocolPB.OzoneManagerRequestHandler.handleWriteRequest(OzoneManagerRequestHandler.java:338) ~[ozone-manager-1.4.0-SNAPSHOT.jar:?]
	at org.apache.hadoop.ozone.om.ratis.OzoneManagerStateMachine.runCommand(OzoneManagerStateMachine.java:567) ~[ozone-manager-1.4.0-SNAPSHOT.jar:?]
	at org.apache.hadoop.ozone.om.ratis.OzoneManagerStateMachine.lambda$1(OzoneManagerStateMachine.java:358) ~[ozone-manager-1.4.0-SNAPSHOT.jar:?]
	at java.util.concurrent.CompletableFuture$AsyncSupply.run(CompletableFuture.java:1604) [?:1.8.0_372]
	at java.util.concurrent.ThreadPoolExecutor.runWorker(ThreadPoolExecutor.java:1149) [?:1.8.0_372]
	at java.util.concurrent.ThreadPoolExecutor$Worker.run(ThreadPoolExecutor.java:624) [?:1.8.0_372]
	at java.lang.Thread.run(Thread.java:750) [?:1.8.0_372]
2023-06-07 07:11:41,749 [OM StateMachine ApplyTransaction Thread - 0] ERROR multipart.S3MultipartUploadCompleteRequest (S3MultipartUploadCompleteRequest.java:logResult(346)) - MultipartUpload Complete request failed for Key: aea110f8-52dc-4fbc-8b91-75ade07a82d1 in Volume/Bucket a147071c-4fff-4c3b-804d-18938fcd5930/0aeda570-c718-4f96-a39b-a3821e9411cc
INVALID_PART org.apache.hadoop.ozone.om.exceptions.OMException: Complete Multipart Upload Failed: volume: a147071c-4fff-4c3b-804d-18938fcd5930 bucket: 0aeda570-c718-4f96-a39b-a3821e9411cc key: aea110f8-52dc-4fbc-8b91-75ade07a82d1
	at org.apache.hadoop.ozone.om.request.s3.multipart.S3MultipartUploadCompleteRequest.validateAndUpdateCache(S3MultipartUploadCompleteRequest.java:184)
	at org.apache.hadoop.ozone.protocolPB.OzoneManagerRequestHandler.handleWriteRequest(OzoneManagerRequestHandler.java:338)
	at org.apache.hadoop.ozone.om.ratis.OzoneManagerStateMachine.runCommand(OzoneManagerStateMachine.java:567)
	at org.apache.hadoop.ozone.om.ratis.OzoneManagerStateMachine.lambda$1(OzoneManagerStateMachine.java:358)
	at java.util.concurrent.CompletableFuture$AsyncSupply.run(CompletableFuture.java:1604)
	at java.util.concurrent.ThreadPoolExecutor.runWorker(ThreadPoolExecutor.java:1149)
	at java.util.concurrent.ThreadPoolExecutor$Worker.run(ThreadPoolExecutor.java:624)
	at java.lang.Thread.run(Thread.java:750)
]]></system-out>
  </testcase>
  <testcase name="testNativeAclsForBucket" classname="org.apache.hadoop.ozone.client.rpc.TestSecureOzoneRpcClient" time="0.104">
    <system-out><![CDATA[2023-06-07 07:11:41,751 [main] INFO  rpc.RpcClient (RpcClient.java:createVolume(459)) - Creating Volume: ff68b0fe-5fc5-42ad-865a-c887c71def7a, with runner as owner and space quota set to -1 bytes, counts quota set to -1
2023-06-07 07:11:41,753 [OM StateMachine ApplyTransaction Thread - 0] INFO  volume.OMVolumeCreateRequest (OMVolumeCreateRequest.java:validateAndUpdateCache(196)) - created volume:ff68b0fe-5fc5-42ad-865a-c887c71def7a for user:runner
2023-06-07 07:11:41,755 [main] INFO  rpc.RpcClient (RpcClient.java:createBucket(686)) - Creating Bucket: ff68b0fe-5fc5-42ad-865a-c887c71def7a/2329feb2-5c6e-485d-a2db-2f6f407a2f3b, with server-side default bucket layout, runner as owner, Versioning false, Storage Type set to DISK and Encryption set to false, Replication Type set to server-side default replication type, Namespace Quota set to -1, Space Quota set to -1 
2023-06-07 07:11:41,757 [OM StateMachine ApplyTransaction Thread - 0] INFO  bucket.OMBucketCreateRequest (OMBucketCreateRequest.java:validateAndUpdateCache(270)) - created bucket: 2329feb2-5c6e-485d-a2db-2f6f407a2f3b of layout OBJECT_STORE in volume: ff68b0fe-5fc5-42ad-865a-c887c71def7a
2023-06-07 07:11:41,850 [main] INFO  rpc.RpcClient (RpcClient.java:createBucket(686)) - Creating Bucket: ff68b0fe-5fc5-42ad-865a-c887c71def7a/2329feb2-5c6e-485d-a2db-2f6f407a2f3b, with server-side default bucket layout, runner as owner, Versioning false, Storage Type set to DISK and Encryption set to false, Replication Type set to server-side default replication type, Namespace Quota set to -1, Space Quota set to -1 
2023-06-07 07:11:41,852 [OM StateMachine ApplyTransaction Thread - 0] INFO  bucket.OMBucketCreateRequest (OMBucketCreateRequest.java:validateAndUpdateCache(270)) - created bucket: 2329feb2-5c6e-485d-a2db-2f6f407a2f3b of layout OBJECT_STORE in volume: ff68b0fe-5fc5-42ad-865a-c887c71def7a
]]></system-out>
  </testcase>
  <testcase name="testNativeAclsForKey" classname="org.apache.hadoop.ozone.client.rpc.TestSecureOzoneRpcClient" time="0.23">
    <system-out><![CDATA[2023-06-07 07:11:41,856 [main] INFO  rpc.RpcClient (RpcClient.java:createVolume(459)) - Creating Volume: de43eb71-5c57-4a0e-9402-6917880576f5, with runner as owner and space quota set to -1 bytes, counts quota set to -1
2023-06-07 07:11:41,858 [OM StateMachine ApplyTransaction Thread - 0] INFO  volume.OMVolumeCreateRequest (OMVolumeCreateRequest.java:validateAndUpdateCache(196)) - created volume:de43eb71-5c57-4a0e-9402-6917880576f5 for user:runner
2023-06-07 07:11:41,859 [main] INFO  rpc.RpcClient (RpcClient.java:createBucket(686)) - Creating Bucket: de43eb71-5c57-4a0e-9402-6917880576f5/a0198d04-f1f4-43c5-872d-e243d339e508, with server-side default bucket layout, runner as owner, Versioning false, Storage Type set to DISK and Encryption set to false, Replication Type set to server-side default replication type, Namespace Quota set to -1, Space Quota set to -1 
2023-06-07 07:11:41,861 [OM StateMachine ApplyTransaction Thread - 0] INFO  bucket.OMBucketCreateRequest (OMBucketCreateRequest.java:validateAndUpdateCache(270)) - created bucket: a0198d04-f1f4-43c5-872d-e243d339e508 of layout OBJECT_STORE in volume: de43eb71-5c57-4a0e-9402-6917880576f5
]]></system-out>
  </testcase>
  <testcase name="testNativeAclsForPrefix" classname="org.apache.hadoop.ozone.client.rpc.TestSecureOzoneRpcClient" time="0.102">
    <system-out><![CDATA[2023-06-07 07:11:42,087 [main] INFO  rpc.RpcClient (RpcClient.java:createVolume(459)) - Creating Volume: 8322d2e6-2437-4115-9df6-8b11ac7df2de, with runner as owner and space quota set to -1 bytes, counts quota set to -1
2023-06-07 07:11:42,089 [OM StateMachine ApplyTransaction Thread - 0] INFO  volume.OMVolumeCreateRequest (OMVolumeCreateRequest.java:validateAndUpdateCache(196)) - created volume:8322d2e6-2437-4115-9df6-8b11ac7df2de for user:runner
2023-06-07 07:11:42,091 [main] INFO  rpc.RpcClient (RpcClient.java:createBucket(686)) - Creating Bucket: 8322d2e6-2437-4115-9df6-8b11ac7df2de/a200732d-0204-4698-9586-914b2cfb98e3, with server-side default bucket layout, runner as owner, Versioning false, Storage Type set to DISK and Encryption set to false, Replication Type set to server-side default replication type, Namespace Quota set to -1, Space Quota set to -1 
2023-06-07 07:11:42,093 [OM StateMachine ApplyTransaction Thread - 0] INFO  bucket.OMBucketCreateRequest (OMBucketCreateRequest.java:validateAndUpdateCache(270)) - created bucket: a200732d-0204-4698-9586-914b2cfb98e3 of layout OBJECT_STORE in volume: 8322d2e6-2437-4115-9df6-8b11ac7df2de
]]></system-out>
  </testcase>
  <testcase name="testNativeAclsForVolume" classname="org.apache.hadoop.ozone.client.rpc.TestSecureOzoneRpcClient" time="0.077">
    <system-out><![CDATA[2023-06-07 07:11:42,190 [main] INFO  rpc.RpcClient (RpcClient.java:createVolume(459)) - Creating Volume: c8b57604-47d7-4ac1-af1f-a44570e367aa, with runner as owner and space quota set to -1 bytes, counts quota set to -1
2023-06-07 07:11:42,194 [OM StateMachine ApplyTransaction Thread - 0] INFO  volume.OMVolumeCreateRequest (OMVolumeCreateRequest.java:validateAndUpdateCache(196)) - created volume:c8b57604-47d7-4ac1-af1f-a44570e367aa for user:runner
]]></system-out>
  </testcase>
  <testcase name="testNoSuchUploadError" classname="org.apache.hadoop.ozone.client.rpc.TestSecureOzoneRpcClient" time="0.011">
    <system-out><![CDATA[2023-06-07 07:11:42,268 [main] INFO  rpc.RpcClient (RpcClient.java:createVolume(459)) - Creating Volume: 378a7934-a280-4279-bae7-fc3067baa04c, with runner as owner and space quota set to -1 bytes, counts quota set to -1
2023-06-07 07:11:42,270 [OM StateMachine ApplyTransaction Thread - 0] INFO  volume.OMVolumeCreateRequest (OMVolumeCreateRequest.java:validateAndUpdateCache(196)) - created volume:378a7934-a280-4279-bae7-fc3067baa04c for user:runner
2023-06-07 07:11:42,272 [main] INFO  rpc.RpcClient (RpcClient.java:createBucket(686)) - Creating Bucket: 378a7934-a280-4279-bae7-fc3067baa04c/33edadef-90b4-437e-bc3d-0d63aecda134, with server-side default bucket layout, runner as owner, Versioning false, Storage Type set to DISK and Encryption set to false, Replication Type set to server-side default replication type, Namespace Quota set to -1, Space Quota set to -1 
2023-06-07 07:11:42,274 [OM StateMachine ApplyTransaction Thread - 0] INFO  bucket.OMBucketCreateRequest (OMBucketCreateRequest.java:validateAndUpdateCache(270)) - created bucket: 33edadef-90b4-437e-bc3d-0d63aecda134 of layout OBJECT_STORE in volume: 378a7934-a280-4279-bae7-fc3067baa04c
07:11:42.277 [OM StateMachine ApplyTransaction Thread - 0] ERROR OMAudit - user=runner | ip=127.0.0.1 | op=ALLOCATE_KEY {volume=378a7934-a280-4279-bae7-fc3067baa04c, bucket=33edadef-90b4-437e-bc3d-0d63aecda134, key=531dc3dc-f3a5-4bd6-ab1e-9b48c7bdc18f, dataSize=12, replicationType=NONE, replicationFactor=ZERO} | ret=FAILURE
org.apache.hadoop.ozone.om.exceptions.OMException: No such Multipart upload is with specified uploadId random
	at org.apache.hadoop.ozone.om.request.key.OMKeyRequest.prepareMultipartFileInfo(OMKeyRequest.java:765) ~[ozone-manager-1.4.0-SNAPSHOT.jar:?]
	at org.apache.hadoop.ozone.om.request.key.OMKeyRequest.prepareFileInfo(OMKeyRequest.java:652) ~[ozone-manager-1.4.0-SNAPSHOT.jar:?]
	at org.apache.hadoop.ozone.om.request.key.OMKeyRequest.prepareKeyInfo(OMKeyRequest.java:629) ~[ozone-manager-1.4.0-SNAPSHOT.jar:?]
	at org.apache.hadoop.ozone.om.request.key.OMKeyCreateRequest.validateAndUpdateCache(OMKeyCreateRequest.java:277) ~[ozone-manager-1.4.0-SNAPSHOT.jar:?]
	at org.apache.hadoop.ozone.protocolPB.OzoneManagerRequestHandler.handleWriteRequest(OzoneManagerRequestHandler.java:338) ~[ozone-manager-1.4.0-SNAPSHOT.jar:?]
	at org.apache.hadoop.ozone.om.ratis.OzoneManagerStateMachine.runCommand(OzoneManagerStateMachine.java:567) ~[ozone-manager-1.4.0-SNAPSHOT.jar:?]
	at org.apache.hadoop.ozone.om.ratis.OzoneManagerStateMachine.lambda$1(OzoneManagerStateMachine.java:358) ~[ozone-manager-1.4.0-SNAPSHOT.jar:?]
	at java.util.concurrent.CompletableFuture$AsyncSupply.run(CompletableFuture.java:1604) [?:1.8.0_372]
	at java.util.concurrent.ThreadPoolExecutor.runWorker(ThreadPoolExecutor.java:1149) [?:1.8.0_372]
	at java.util.concurrent.ThreadPoolExecutor$Worker.run(ThreadPoolExecutor.java:624) [?:1.8.0_372]
	at java.lang.Thread.run(Thread.java:750) [?:1.8.0_372]
2023-06-07 07:11:42,278 [OM StateMachine ApplyTransaction Thread - 0] ERROR key.OMKeyCreateRequest (OMKeyCreateRequest.java:logResult(380)) - Key creation failed. Volume:378a7934-a280-4279-bae7-fc3067baa04c, Bucket:33edadef-90b4-437e-bc3d-0d63aecda134, Key:531dc3dc-f3a5-4bd6-ab1e-9b48c7bdc18f. 
NO_SUCH_MULTIPART_UPLOAD_ERROR org.apache.hadoop.ozone.om.exceptions.OMException: No such Multipart upload is with specified uploadId random
	at org.apache.hadoop.ozone.om.request.key.OMKeyRequest.prepareMultipartFileInfo(OMKeyRequest.java:765)
	at org.apache.hadoop.ozone.om.request.key.OMKeyRequest.prepareFileInfo(OMKeyRequest.java:652)
	at org.apache.hadoop.ozone.om.request.key.OMKeyRequest.prepareKeyInfo(OMKeyRequest.java:629)
	at org.apache.hadoop.ozone.om.request.key.OMKeyCreateRequest.validateAndUpdateCache(OMKeyCreateRequest.java:277)
	at org.apache.hadoop.ozone.protocolPB.OzoneManagerRequestHandler.handleWriteRequest(OzoneManagerRequestHandler.java:338)
	at org.apache.hadoop.ozone.om.ratis.OzoneManagerStateMachine.runCommand(OzoneManagerStateMachine.java:567)
	at org.apache.hadoop.ozone.om.ratis.OzoneManagerStateMachine.lambda$1(OzoneManagerStateMachine.java:358)
	at java.util.concurrent.CompletableFuture$AsyncSupply.run(CompletableFuture.java:1604)
	at java.util.concurrent.ThreadPoolExecutor.runWorker(ThreadPoolExecutor.java:1149)
	at java.util.concurrent.ThreadPoolExecutor$Worker.run(ThreadPoolExecutor.java:624)
	at java.lang.Thread.run(Thread.java:750)
]]></system-out>
  </testcase>
  <testcase name="testOMClientProxyProvider" classname="org.apache.hadoop.ozone.client.rpc.TestSecureOzoneRpcClient" time="0.002"/>
  <testcase name="testOverWriteKeyWithAndWithOutVersioning" classname="org.apache.hadoop.ozone.client.rpc.TestSecureOzoneRpcClient" time="1.043">
    <failure type="java.lang.AssertionError"><![CDATA[java.lang.AssertionError
	at org.junit.Assert.fail(Assert.java:87)
	at org.junit.Assert.assertTrue(Assert.java:42)
	at org.junit.Assert.assertTrue(Assert.java:53)
	at org.apache.hadoop.ozone.client.rpc.TestOzoneRpcClientAbstract.checkExceptedResultForVersioningTest(TestOzoneRpcClientAbstract.java:4060)
	at org.apache.hadoop.ozone.client.rpc.TestOzoneRpcClientAbstract.testOverWriteKeyWithAndWithOutVersioning(TestOzoneRpcClientAbstract.java:4083)
	at sun.reflect.NativeMethodAccessorImpl.invoke0(Native Method)
	at sun.reflect.NativeMethodAccessorImpl.invoke(NativeMethodAccessorImpl.java:62)
	at sun.reflect.DelegatingMethodAccessorImpl.invoke(DelegatingMethodAccessorImpl.java:43)
	at java.lang.reflect.Method.invoke(Method.java:498)
	at org.junit.platform.commons.util.ReflectionUtils.invokeMethod(ReflectionUtils.java:725)
	at org.junit.jupiter.engine.execution.MethodInvocation.proceed(MethodInvocation.java:60)
	at org.junit.jupiter.engine.execution.InvocationInterceptorChain$ValidatingInvocation.proceed(InvocationInterceptorChain.java:131)
	at org.junit.jupiter.engine.extension.TimeoutInvocation.proceed(TimeoutInvocation.java:46)
	at org.junit.jupiter.engine.extension.TimeoutExtension.intercept(TimeoutExtension.java:149)
	at org.junit.jupiter.engine.extension.TimeoutExtension.interceptTestableMethod(TimeoutExtension.java:140)
	at org.junit.jupiter.engine.extension.TimeoutExtension.interceptTestMethod(TimeoutExtension.java:84)
	at org.junit.jupiter.engine.execution.ExecutableInvoker$ReflectiveInterceptorCall.lambda$ofVoidMethod$0(ExecutableInvoker.java:115)
	at org.junit.jupiter.engine.execution.ExecutableInvoker.lambda$invoke$0(ExecutableInvoker.java:105)
	at org.junit.jupiter.engine.execution.InvocationInterceptorChain$InterceptedInvocation.proceed(InvocationInterceptorChain.java:106)
	at org.junit.jupiter.engine.execution.InvocationInterceptorChain.proceed(InvocationInterceptorChain.java:64)
	at org.junit.jupiter.engine.execution.InvocationInterceptorChain.chainAndInvoke(InvocationInterceptorChain.java:45)
	at org.junit.jupiter.engine.execution.InvocationInterceptorChain.invoke(InvocationInterceptorChain.java:37)
	at org.junit.jupiter.engine.execution.ExecutableInvoker.invoke(ExecutableInvoker.java:104)
	at org.junit.jupiter.engine.execution.ExecutableInvoker.invoke(ExecutableInvoker.java:98)
	at org.junit.jupiter.engine.descriptor.TestMethodTestDescriptor.lambda$invokeTestMethod$7(TestMethodTestDescriptor.java:214)
	at org.junit.platform.engine.support.hierarchical.ThrowableCollector.execute(ThrowableCollector.java:73)
	at org.junit.jupiter.engine.descriptor.TestMethodTestDescriptor.invokeTestMethod(TestMethodTestDescriptor.java:210)
	at org.junit.jupiter.engine.descriptor.TestMethodTestDescriptor.execute(TestMethodTestDescriptor.java:135)
	at org.junit.jupiter.engine.descriptor.TestMethodTestDescriptor.execute(TestMethodTestDescriptor.java:66)
	at org.junit.platform.engine.support.hierarchical.NodeTestTask.lambda$executeRecursively$6(NodeTestTask.java:151)
	at org.junit.platform.engine.support.hierarchical.ThrowableCollector.execute(ThrowableCollector.java:73)
	at org.junit.platform.engine.support.hierarchical.NodeTestTask.lambda$executeRecursively$8(NodeTestTask.java:141)
	at org.junit.platform.engine.support.hierarchical.Node.around(Node.java:137)
	at org.junit.platform.engine.support.hierarchical.NodeTestTask.lambda$executeRecursively$9(NodeTestTask.java:139)
	at org.junit.platform.engine.support.hierarchical.ThrowableCollector.execute(ThrowableCollector.java:73)
	at org.junit.platform.engine.support.hierarchical.NodeTestTask.executeRecursively(NodeTestTask.java:138)
	at org.junit.platform.engine.support.hierarchical.NodeTestTask.execute(NodeTestTask.java:95)
	at java.util.ArrayList.forEach(ArrayList.java:1259)
	at org.junit.platform.engine.support.hierarchical.SameThreadHierarchicalTestExecutorService.invokeAll(SameThreadHierarchicalTestExecutorService.java:41)
	at org.junit.platform.engine.support.hierarchical.NodeTestTask.lambda$executeRecursively$6(NodeTestTask.java:155)
	at org.junit.platform.engine.support.hierarchical.ThrowableCollector.execute(ThrowableCollector.java:73)
	at org.junit.platform.engine.support.hierarchical.NodeTestTask.lambda$executeRecursively$8(NodeTestTask.java:141)
	at org.junit.platform.engine.support.hierarchical.Node.around(Node.java:137)
	at org.junit.platform.engine.support.hierarchical.NodeTestTask.lambda$executeRecursively$9(NodeTestTask.java:139)
	at org.junit.platform.engine.support.hierarchical.ThrowableCollector.execute(ThrowableCollector.java:73)
	at org.junit.platform.engine.support.hierarchical.NodeTestTask.executeRecursively(NodeTestTask.java:138)
	at org.junit.platform.engine.support.hierarchical.NodeTestTask.execute(NodeTestTask.java:95)
	at java.util.ArrayList.forEach(ArrayList.java:1259)
	at org.junit.platform.engine.support.hierarchical.SameThreadHierarchicalTestExecutorService.invokeAll(SameThreadHierarchicalTestExecutorService.java:41)
	at org.junit.platform.engine.support.hierarchical.NodeTestTask.lambda$executeRecursively$6(NodeTestTask.java:155)
	at org.junit.platform.engine.support.hierarchical.ThrowableCollector.execute(ThrowableCollector.java:73)
	at org.junit.platform.engine.support.hierarchical.NodeTestTask.lambda$executeRecursively$8(NodeTestTask.java:141)
	at org.junit.platform.engine.support.hierarchical.Node.around(Node.java:137)
	at org.junit.platform.engine.support.hierarchical.NodeTestTask.lambda$executeRecursively$9(NodeTestTask.java:139)
	at org.junit.platform.engine.support.hierarchical.ThrowableCollector.execute(ThrowableCollector.java:73)
	at org.junit.platform.engine.support.hierarchical.NodeTestTask.executeRecursively(NodeTestTask.java:138)
	at org.junit.platform.engine.support.hierarchical.NodeTestTask.execute(NodeTestTask.java:95)
	at org.junit.platform.engine.support.hierarchical.SameThreadHierarchicalTestExecutorService.submit(SameThreadHierarchicalTestExecutorService.java:35)
	at org.junit.platform.engine.support.hierarchical.HierarchicalTestExecutor.execute(HierarchicalTestExecutor.java:57)
	at org.junit.platform.engine.support.hierarchical.HierarchicalTestEngine.execute(HierarchicalTestEngine.java:54)
	at org.junit.platform.launcher.core.EngineExecutionOrchestrator.execute(EngineExecutionOrchestrator.java:107)
	at org.junit.platform.launcher.core.EngineExecutionOrchestrator.execute(EngineExecutionOrchestrator.java:88)
	at org.junit.platform.launcher.core.EngineExecutionOrchestrator.lambda$execute$0(EngineExecutionOrchestrator.java:54)
	at org.junit.platform.launcher.core.EngineExecutionOrchestrator.withInterceptedStreams(EngineExecutionOrchestrator.java:67)
	at org.junit.platform.launcher.core.EngineExecutionOrchestrator.execute(EngineExecutionOrchestrator.java:52)
	at org.junit.platform.launcher.core.DefaultLauncher.execute(DefaultLauncher.java:114)
	at org.junit.platform.launcher.core.DefaultLauncher.execute(DefaultLauncher.java:86)
	at org.junit.platform.launcher.core.DefaultLauncherSession$DelegatingLauncher.execute(DefaultLauncherSession.java:86)
	at org.junit.platform.launcher.core.SessionPerRequestLauncher.execute(SessionPerRequestLauncher.java:53)
	at org.apache.maven.surefire.junitplatform.JUnitPlatformProvider.execute(JUnitPlatformProvider.java:188)
	at org.apache.maven.surefire.junitplatform.JUnitPlatformProvider.invokeAllTests(JUnitPlatformProvider.java:154)
	at org.apache.maven.surefire.junitplatform.JUnitPlatformProvider.invoke(JUnitPlatformProvider.java:124)
	at org.apache.maven.surefire.booter.ForkedBooter.runSuitesInProcess(ForkedBooter.java:428)
	at org.apache.maven.surefire.booter.ForkedBooter.execute(ForkedBooter.java:162)
	at org.apache.maven.surefire.booter.ForkedBooter.run(ForkedBooter.java:562)
	at org.apache.maven.surefire.booter.ForkedBooter.main(ForkedBooter.java:548)
]]></failure>
    <system-out><![CDATA[2023-06-07 07:11:42,286 [main] INFO  rpc.RpcClient (RpcClient.java:createVolume(459)) - Creating Volume: a4b2cc38-50ef-4a05-9c59-944450f0c7a7, with runner as owner and space quota set to -1 bytes, counts quota set to -1
2023-06-07 07:11:42,289 [OM StateMachine ApplyTransaction Thread - 0] INFO  volume.OMVolumeCreateRequest (OMVolumeCreateRequest.java:validateAndUpdateCache(196)) - created volume:a4b2cc38-50ef-4a05-9c59-944450f0c7a7 for user:runner
2023-06-07 07:11:42,291 [main] INFO  rpc.RpcClient (RpcClient.java:createBucket(686)) - Creating Bucket: a4b2cc38-50ef-4a05-9c59-944450f0c7a7/fe37bc7e-2936-4466-96e9-185e8d024c32, with bucket layout OBJECT_STORE, runner as owner, Versioning false, Storage Type set to DISK and Encryption set to false, Replication Type set to server-side default replication type, Namespace Quota set to -1, Space Quota set to -1 
2023-06-07 07:11:42,293 [OM StateMachine ApplyTransaction Thread - 0] INFO  bucket.OMBucketCreateRequest (OMBucketCreateRequest.java:validateAndUpdateCache(270)) - created bucket: fe37bc7e-2936-4466-96e9-185e8d024c32 of layout OBJECT_STORE in volume: a4b2cc38-50ef-4a05-9c59-944450f0c7a7
2023-06-07 07:11:43,254 [SstFilteringService#0] WARN  server.ServerUtils (ServerUtils.java:getDBPath(311)) - ozone.om.db.dirs is not configured. We recommend adding this setting. Falling back to ozone.metadata.dirs instead.
2023-06-07 07:11:43,255 [SstFilteringService#0] INFO  helpers.OmKeyInfo (OmKeyInfo.java:getCodec(71)) - OmKeyInfo.getCodec ignorePipeline = true
2023-06-07 07:11:43,270 [IPC Server handler 10 on default port 15001] INFO  ha.SequenceIdGenerator (SequenceIdGenerator.java:getNextId(128)) - Allocate a batch for delTxnId, change lastId from 0 to 1000.
]]></system-out>
  </testcase>
  <testcase name="testPutKey" classname="org.apache.hadoop.ozone.client.rpc.TestSecureOzoneRpcClient" time="0.405">
    <system-out><![CDATA[2023-06-07 07:11:43,337 [main] INFO  rpc.RpcClient (RpcClient.java:createVolume(459)) - Creating Volume: 16ab8861-f488-452e-a7b7-404c68d5f917, with runner as owner and space quota set to -1 bytes, counts quota set to -1
2023-06-07 07:11:43,340 [OM StateMachine ApplyTransaction Thread - 0] INFO  volume.OMVolumeCreateRequest (OMVolumeCreateRequest.java:validateAndUpdateCache(196)) - created volume:16ab8861-f488-452e-a7b7-404c68d5f917 for user:runner
2023-06-07 07:11:43,344 [main] INFO  rpc.RpcClient (RpcClient.java:createBucket(686)) - Creating Bucket: 16ab8861-f488-452e-a7b7-404c68d5f917/c5f51168-4229-45f2-9e67-7191b868c76d, with server-side default bucket layout, runner as owner, Versioning false, Storage Type set to DISK and Encryption set to false, Replication Type set to server-side default replication type, Namespace Quota set to -1, Space Quota set to -1 
2023-06-07 07:11:43,346 [OM StateMachine ApplyTransaction Thread - 0] INFO  bucket.OMBucketCreateRequest (OMBucketCreateRequest.java:validateAndUpdateCache(270)) - created bucket: c5f51168-4229-45f2-9e67-7191b868c76d of layout OBJECT_STORE in volume: 16ab8861-f488-452e-a7b7-404c68d5f917
2023-06-07 07:11:43,370 [IPC Server handler 4 on default port 15001] WARN  node.SCMNodeManager (SCMNodeManager.java:getNodesByAddress(1381)) - Cannot find node for address 127.0.0.1
2023-06-07 07:11:43,375 [IPC Server handler 2 on default port 15001] WARN  node.SCMNodeManager (SCMNodeManager.java:getNodesByAddress(1381)) - Cannot find node for address 127.0.0.1
2023-06-07 07:11:43,414 [IPC Server handler 11 on default port 15001] WARN  node.SCMNodeManager (SCMNodeManager.java:getNodesByAddress(1381)) - Cannot find node for address 127.0.0.1
2023-06-07 07:11:43,416 [SstFilteringService#0] WARN  server.ServerUtils (ServerUtils.java:getDBPath(311)) - ozone.om.db.dirs is not configured. We recommend adding this setting. Falling back to ozone.metadata.dirs instead.
2023-06-07 07:11:43,417 [SstFilteringService#0] INFO  helpers.OmKeyInfo (OmKeyInfo.java:getCodec(71)) - OmKeyInfo.getCodec ignorePipeline = true
2023-06-07 07:11:43,420 [IPC Server handler 3 on default port 15001] WARN  node.SCMNodeManager (SCMNodeManager.java:getNodesByAddress(1381)) - Cannot find node for address 127.0.0.1
2023-06-07 07:11:43,456 [IPC Server handler 5 on default port 15001] WARN  node.SCMNodeManager (SCMNodeManager.java:getNodesByAddress(1381)) - Cannot find node for address 127.0.0.1
2023-06-07 07:11:43,461 [IPC Server handler 8 on default port 15001] WARN  node.SCMNodeManager (SCMNodeManager.java:getNodesByAddress(1381)) - Cannot find node for address 127.0.0.1
2023-06-07 07:11:43,493 [IPC Server handler 18 on default port 15001] WARN  node.SCMNodeManager (SCMNodeManager.java:getNodesByAddress(1381)) - Cannot find node for address 127.0.0.1
2023-06-07 07:11:43,500 [IPC Server handler 19 on default port 15001] WARN  node.SCMNodeManager (SCMNodeManager.java:getNodesByAddress(1381)) - Cannot find node for address 127.0.0.1
2023-06-07 07:11:43,537 [IPC Server handler 15 on default port 15001] WARN  node.SCMNodeManager (SCMNodeManager.java:getNodesByAddress(1381)) - Cannot find node for address 127.0.0.1
2023-06-07 07:11:43,542 [IPC Server handler 6 on default port 15001] WARN  node.SCMNodeManager (SCMNodeManager.java:getNodesByAddress(1381)) - Cannot find node for address 127.0.0.1
2023-06-07 07:11:43,575 [IPC Server handler 17 on default port 15001] WARN  node.SCMNodeManager (SCMNodeManager.java:getNodesByAddress(1381)) - Cannot find node for address 127.0.0.1
2023-06-07 07:11:43,579 [IPC Server handler 12 on default port 15001] WARN  node.SCMNodeManager (SCMNodeManager.java:getNodesByAddress(1381)) - Cannot find node for address 127.0.0.1
2023-06-07 07:11:43,611 [IPC Server handler 1 on default port 15001] WARN  node.SCMNodeManager (SCMNodeManager.java:getNodesByAddress(1381)) - Cannot find node for address 127.0.0.1
2023-06-07 07:11:43,616 [IPC Server handler 0 on default port 15001] WARN  node.SCMNodeManager (SCMNodeManager.java:getNodesByAddress(1381)) - Cannot find node for address 127.0.0.1
2023-06-07 07:11:43,650 [IPC Server handler 2 on default port 15001] WARN  node.SCMNodeManager (SCMNodeManager.java:getNodesByAddress(1381)) - Cannot find node for address 127.0.0.1
2023-06-07 07:11:43,655 [IPC Server handler 7 on default port 15001] WARN  node.SCMNodeManager (SCMNodeManager.java:getNodesByAddress(1381)) - Cannot find node for address 127.0.0.1
2023-06-07 07:11:43,684 [IPC Server handler 3 on default port 15001] WARN  node.SCMNodeManager (SCMNodeManager.java:getNodesByAddress(1381)) - Cannot find node for address 127.0.0.1
2023-06-07 07:11:43,688 [IPC Server handler 16 on default port 15001] WARN  node.SCMNodeManager (SCMNodeManager.java:getNodesByAddress(1381)) - Cannot find node for address 127.0.0.1
2023-06-07 07:11:43,717 [IPC Server handler 8 on default port 15001] WARN  node.SCMNodeManager (SCMNodeManager.java:getNodesByAddress(1381)) - Cannot find node for address 127.0.0.1
2023-06-07 07:11:43,722 [IPC Server handler 14 on default port 15001] WARN  node.SCMNodeManager (SCMNodeManager.java:getNodesByAddress(1381)) - Cannot find node for address 127.0.0.1
]]></system-out>
  </testcase>
  <testcase name="testPutKeyRatisOneNode" classname="org.apache.hadoop.ozone.client.rpc.TestSecureOzoneRpcClient" time="0.403">
    <system-out><![CDATA[2023-06-07 07:11:43,742 [main] INFO  rpc.RpcClient (RpcClient.java:createVolume(459)) - Creating Volume: 7d04de3c-bc06-43f4-aadb-d78adf096a28, with runner as owner and space quota set to -1 bytes, counts quota set to -1
2023-06-07 07:11:43,746 [OM StateMachine ApplyTransaction Thread - 0] INFO  volume.OMVolumeCreateRequest (OMVolumeCreateRequest.java:validateAndUpdateCache(196)) - created volume:7d04de3c-bc06-43f4-aadb-d78adf096a28 for user:runner
2023-06-07 07:11:43,748 [main] INFO  rpc.RpcClient (RpcClient.java:createBucket(686)) - Creating Bucket: 7d04de3c-bc06-43f4-aadb-d78adf096a28/98efdf9a-b668-427a-8130-df461f03abb9, with server-side default bucket layout, runner as owner, Versioning false, Storage Type set to DISK and Encryption set to false, Replication Type set to server-side default replication type, Namespace Quota set to -1, Space Quota set to -1 
2023-06-07 07:11:43,750 [OM StateMachine ApplyTransaction Thread - 0] INFO  bucket.OMBucketCreateRequest (OMBucketCreateRequest.java:validateAndUpdateCache(270)) - created bucket: 98efdf9a-b668-427a-8130-df461f03abb9 of layout OBJECT_STORE in volume: 7d04de3c-bc06-43f4-aadb-d78adf096a28
2023-06-07 07:11:43,778 [IPC Server handler 19 on default port 15001] WARN  node.SCMNodeManager (SCMNodeManager.java:getNodesByAddress(1381)) - Cannot find node for address 127.0.0.1
2023-06-07 07:11:43,782 [IPC Server handler 13 on default port 15001] WARN  node.SCMNodeManager (SCMNodeManager.java:getNodesByAddress(1381)) - Cannot find node for address 127.0.0.1
2023-06-07 07:11:43,811 [IPC Server handler 6 on default port 15001] WARN  node.SCMNodeManager (SCMNodeManager.java:getNodesByAddress(1381)) - Cannot find node for address 127.0.0.1
2023-06-07 07:11:43,816 [IPC Server handler 9 on default port 15001] WARN  node.SCMNodeManager (SCMNodeManager.java:getNodesByAddress(1381)) - Cannot find node for address 127.0.0.1
2023-06-07 07:11:43,850 [IPC Server handler 12 on default port 15001] WARN  node.SCMNodeManager (SCMNodeManager.java:getNodesByAddress(1381)) - Cannot find node for address 127.0.0.1
2023-06-07 07:11:43,855 [IPC Server handler 10 on default port 15001] WARN  node.SCMNodeManager (SCMNodeManager.java:getNodesByAddress(1381)) - Cannot find node for address 127.0.0.1
2023-06-07 07:11:43,884 [IPC Server handler 0 on default port 15001] WARN  node.SCMNodeManager (SCMNodeManager.java:getNodesByAddress(1381)) - Cannot find node for address 127.0.0.1
2023-06-07 07:11:43,889 [IPC Server handler 4 on default port 15001] WARN  node.SCMNodeManager (SCMNodeManager.java:getNodesByAddress(1381)) - Cannot find node for address 127.0.0.1
2023-06-07 07:11:43,922 [IPC Server handler 7 on default port 15001] WARN  node.SCMNodeManager (SCMNodeManager.java:getNodesByAddress(1381)) - Cannot find node for address 127.0.0.1
2023-06-07 07:11:43,927 [IPC Server handler 11 on default port 15001] WARN  node.SCMNodeManager (SCMNodeManager.java:getNodesByAddress(1381)) - Cannot find node for address 127.0.0.1
2023-06-07 07:11:43,962 [IPC Server handler 16 on default port 15001] WARN  node.SCMNodeManager (SCMNodeManager.java:getNodesByAddress(1381)) - Cannot find node for address 127.0.0.1
2023-06-07 07:11:43,967 [IPC Server handler 5 on default port 15001] WARN  node.SCMNodeManager (SCMNodeManager.java:getNodesByAddress(1381)) - Cannot find node for address 127.0.0.1
2023-06-07 07:11:43,999 [IPC Server handler 14 on default port 15001] WARN  node.SCMNodeManager (SCMNodeManager.java:getNodesByAddress(1381)) - Cannot find node for address 127.0.0.1
2023-06-07 07:11:44,004 [IPC Server handler 18 on default port 15001] WARN  node.SCMNodeManager (SCMNodeManager.java:getNodesByAddress(1381)) - Cannot find node for address 127.0.0.1
2023-06-07 07:11:44,032 [IPC Server handler 13 on default port 15001] WARN  node.SCMNodeManager (SCMNodeManager.java:getNodesByAddress(1381)) - Cannot find node for address 127.0.0.1
2023-06-07 07:11:44,036 [IPC Server handler 15 on default port 15001] WARN  node.SCMNodeManager (SCMNodeManager.java:getNodesByAddress(1381)) - Cannot find node for address 127.0.0.1
2023-06-07 07:11:44,088 [IPC Server handler 9 on default port 15001] WARN  node.SCMNodeManager (SCMNodeManager.java:getNodesByAddress(1381)) - Cannot find node for address 127.0.0.1
2023-06-07 07:11:44,094 [IPC Server handler 17 on default port 15001] WARN  node.SCMNodeManager (SCMNodeManager.java:getNodesByAddress(1381)) - Cannot find node for address 127.0.0.1
2023-06-07 07:11:44,130 [IPC Server handler 10 on default port 15001] WARN  node.SCMNodeManager (SCMNodeManager.java:getNodesByAddress(1381)) - Cannot find node for address 127.0.0.1
2023-06-07 07:11:44,134 [IPC Server handler 1 on default port 15001] WARN  node.SCMNodeManager (SCMNodeManager.java:getNodesByAddress(1381)) - Cannot find node for address 127.0.0.1
]]></system-out>
  </testcase>
  <testcase name="testPutKeyRatisThreeNodes" classname="org.apache.hadoop.ozone.client.rpc.TestSecureOzoneRpcClient" time="0.728">
    <system-out><![CDATA[2023-06-07 07:11:44,147 [main] INFO  rpc.RpcClient (RpcClient.java:createVolume(459)) - Creating Volume: 6594fade-0842-4d87-845e-4594ef824e37, with runner as owner and space quota set to -1 bytes, counts quota set to -1
2023-06-07 07:11:44,149 [OM StateMachine ApplyTransaction Thread - 0] INFO  volume.OMVolumeCreateRequest (OMVolumeCreateRequest.java:validateAndUpdateCache(196)) - created volume:6594fade-0842-4d87-845e-4594ef824e37 for user:runner
2023-06-07 07:11:44,151 [main] INFO  rpc.RpcClient (RpcClient.java:createBucket(686)) - Creating Bucket: 6594fade-0842-4d87-845e-4594ef824e37/1af40015-b1b8-4caa-a1df-2437de5613bb, with server-side default bucket layout, runner as owner, Versioning false, Storage Type set to DISK and Encryption set to false, Replication Type set to server-side default replication type, Namespace Quota set to -1, Space Quota set to -1 
2023-06-07 07:11:44,153 [OM StateMachine ApplyTransaction Thread - 0] INFO  bucket.OMBucketCreateRequest (OMBucketCreateRequest.java:validateAndUpdateCache(270)) - created bucket: 1af40015-b1b8-4caa-a1df-2437de5613bb of layout OBJECT_STORE in volume: 6594fade-0842-4d87-845e-4594ef824e37
2023-06-07 07:11:44,215 [IPC Server handler 4 on default port 15001] WARN  node.SCMNodeManager (SCMNodeManager.java:getNodesByAddress(1381)) - Cannot find node for address 127.0.0.1
2023-06-07 07:11:44,220 [IPC Server handler 2 on default port 15001] WARN  node.SCMNodeManager (SCMNodeManager.java:getNodesByAddress(1381)) - Cannot find node for address 127.0.0.1
2023-06-07 07:11:44,295 [IPC Server handler 11 on default port 15001] WARN  node.SCMNodeManager (SCMNodeManager.java:getNodesByAddress(1381)) - Cannot find node for address 127.0.0.1
2023-06-07 07:11:44,300 [IPC Server handler 3 on default port 15001] WARN  node.SCMNodeManager (SCMNodeManager.java:getNodesByAddress(1381)) - Cannot find node for address 127.0.0.1
2023-06-07 07:11:44,368 [IPC Server handler 5 on default port 15001] WARN  node.SCMNodeManager (SCMNodeManager.java:getNodesByAddress(1381)) - Cannot find node for address 127.0.0.1
2023-06-07 07:11:44,373 [IPC Server handler 8 on default port 15001] WARN  node.SCMNodeManager (SCMNodeManager.java:getNodesByAddress(1381)) - Cannot find node for address 127.0.0.1
2023-06-07 07:11:44,447 [IPC Server handler 18 on default port 15001] WARN  node.SCMNodeManager (SCMNodeManager.java:getNodesByAddress(1381)) - Cannot find node for address 127.0.0.1
2023-06-07 07:11:44,452 [IPC Server handler 19 on default port 15001] WARN  node.SCMNodeManager (SCMNodeManager.java:getNodesByAddress(1381)) - Cannot find node for address 127.0.0.1
2023-06-07 07:11:44,521 [IPC Server handler 15 on default port 15001] WARN  node.SCMNodeManager (SCMNodeManager.java:getNodesByAddress(1381)) - Cannot find node for address 127.0.0.1
2023-06-07 07:11:44,526 [IPC Server handler 6 on default port 15001] WARN  node.SCMNodeManager (SCMNodeManager.java:getNodesByAddress(1381)) - Cannot find node for address 127.0.0.1
2023-06-07 07:11:44,577 [IPC Server handler 17 on default port 15001] WARN  node.SCMNodeManager (SCMNodeManager.java:getNodesByAddress(1381)) - Cannot find node for address 127.0.0.1
2023-06-07 07:11:44,582 [IPC Server handler 12 on default port 15001] WARN  node.SCMNodeManager (SCMNodeManager.java:getNodesByAddress(1381)) - Cannot find node for address 127.0.0.1
2023-06-07 07:11:44,641 [IPC Server handler 1 on default port 15001] WARN  node.SCMNodeManager (SCMNodeManager.java:getNodesByAddress(1381)) - Cannot find node for address 127.0.0.1
2023-06-07 07:11:44,646 [IPC Server handler 0 on default port 15001] WARN  node.SCMNodeManager (SCMNodeManager.java:getNodesByAddress(1381)) - Cannot find node for address 127.0.0.1
2023-06-07 07:11:44,713 [IPC Server handler 2 on default port 15001] WARN  node.SCMNodeManager (SCMNodeManager.java:getNodesByAddress(1381)) - Cannot find node for address 127.0.0.1
2023-06-07 07:11:44,718 [IPC Server handler 7 on default port 15001] WARN  node.SCMNodeManager (SCMNodeManager.java:getNodesByAddress(1381)) - Cannot find node for address 127.0.0.1
2023-06-07 07:11:44,788 [IPC Server handler 3 on default port 15001] WARN  node.SCMNodeManager (SCMNodeManager.java:getNodesByAddress(1381)) - Cannot find node for address 127.0.0.1
2023-06-07 07:11:44,792 [IPC Server handler 16 on default port 15001] WARN  node.SCMNodeManager (SCMNodeManager.java:getNodesByAddress(1381)) - Cannot find node for address 127.0.0.1
2023-06-07 07:11:44,860 [IPC Server handler 8 on default port 15001] WARN  node.SCMNodeManager (SCMNodeManager.java:getNodesByAddress(1381)) - Cannot find node for address 127.0.0.1
2023-06-07 07:11:44,864 [IPC Server handler 14 on default port 15001] WARN  node.SCMNodeManager (SCMNodeManager.java:getNodesByAddress(1381)) - Cannot find node for address 127.0.0.1
]]></system-out>
  </testcase>
  <testcase name="testPutKeyRatisThreeNodesParallel" classname="org.apache.hadoop.ozone.client.rpc.TestSecureOzoneRpcClient" time="8.099">
    <system-out><![CDATA[2023-06-07 07:11:44,875 [main] INFO  rpc.RpcClient (RpcClient.java:createVolume(459)) - Creating Volume: 2582bbfd-190c-400c-b90e-2b0f821586df, with runner as owner and space quota set to -1 bytes, counts quota set to -1
2023-06-07 07:11:44,878 [OM StateMachine ApplyTransaction Thread - 0] INFO  volume.OMVolumeCreateRequest (OMVolumeCreateRequest.java:validateAndUpdateCache(196)) - created volume:2582bbfd-190c-400c-b90e-2b0f821586df for user:runner
2023-06-07 07:11:44,880 [main] INFO  rpc.RpcClient (RpcClient.java:createBucket(686)) - Creating Bucket: 2582bbfd-190c-400c-b90e-2b0f821586df/bffcbc8c-4906-4e54-9e50-b1f8cdd00cc2, with server-side default bucket layout, runner as owner, Versioning false, Storage Type set to DISK and Encryption set to false, Replication Type set to server-side default replication type, Namespace Quota set to -1, Space Quota set to -1 
2023-06-07 07:11:44,881 [OM StateMachine ApplyTransaction Thread - 0] INFO  bucket.OMBucketCreateRequest (OMBucketCreateRequest.java:validateAndUpdateCache(270)) - created bucket: bffcbc8c-4906-4e54-9e50-b1f8cdd00cc2 of layout OBJECT_STORE in volume: 2582bbfd-190c-400c-b90e-2b0f821586df
2023-06-07 07:11:46,047 [IPC Server handler 18 on default port 15001] WARN  node.SCMNodeManager (SCMNodeManager.java:getNodesByAddress(1381)) - Cannot find node for address 127.0.0.1
2023-06-07 07:11:46,048 [IPC Server handler 19 on default port 15001] WARN  node.SCMNodeManager (SCMNodeManager.java:getNodesByAddress(1381)) - Cannot find node for address 127.0.0.1
2023-06-07 07:11:46,055 [IPC Server handler 13 on default port 15001] WARN  node.SCMNodeManager (SCMNodeManager.java:getNodesByAddress(1381)) - Cannot find node for address 127.0.0.1
2023-06-07 07:11:46,079 [IPC Server handler 15 on default port 15001] WARN  node.SCMNodeManager (SCMNodeManager.java:getNodesByAddress(1381)) - Cannot find node for address 127.0.0.1
2023-06-07 07:11:46,085 [IPC Server handler 6 on default port 15001] WARN  node.SCMNodeManager (SCMNodeManager.java:getNodesByAddress(1381)) - Cannot find node for address 127.0.0.1
2023-06-07 07:11:46,086 [IPC Server handler 9 on default port 15001] WARN  node.SCMNodeManager (SCMNodeManager.java:getNodesByAddress(1381)) - Cannot find node for address 127.0.0.1
2023-06-07 07:11:46,186 [IPC Server handler 17 on default port 15001] WARN  node.SCMNodeManager (SCMNodeManager.java:getNodesByAddress(1381)) - Cannot find node for address 127.0.0.1
2023-06-07 07:11:46,194 [IPC Server handler 12 on default port 15001] WARN  node.SCMNodeManager (SCMNodeManager.java:getNodesByAddress(1381)) - Cannot find node for address 127.0.0.1
2023-06-07 07:11:46,195 [IPC Server handler 10 on default port 15001] WARN  node.SCMNodeManager (SCMNodeManager.java:getNodesByAddress(1381)) - Cannot find node for address 127.0.0.1
2023-06-07 07:11:46,236 [IPC Server handler 1 on default port 15001] WARN  node.SCMNodeManager (SCMNodeManager.java:getNodesByAddress(1381)) - Cannot find node for address 127.0.0.1
2023-06-07 07:11:46,239 [IPC Server handler 0 on default port 15001] WARN  node.SCMNodeManager (SCMNodeManager.java:getNodesByAddress(1381)) - Cannot find node for address 127.0.0.1
2023-06-07 07:11:46,240 [IPC Server handler 4 on default port 15001] WARN  node.SCMNodeManager (SCMNodeManager.java:getNodesByAddress(1381)) - Cannot find node for address 127.0.0.1
2023-06-07 07:11:47,291 [BlockDeletingService#0] INFO  interfaces.ContainerDeletionChoosingPolicyTemplate (ContainerDeletionChoosingPolicyTemplate.java:chooseContainerForBlockDeletion(83)) - Chosen 0/5000 blocks from 0 candidate containers.
2023-06-07 07:11:47,418 [BlockDeletingService#0] INFO  interfaces.ContainerDeletionChoosingPolicyTemplate (ContainerDeletionChoosingPolicyTemplate.java:chooseContainerForBlockDeletion(83)) - Chosen 0/5000 blocks from 0 candidate containers.
2023-06-07 07:11:47,789 [BlockDeletingService#0] INFO  interfaces.ContainerDeletionChoosingPolicyTemplate (ContainerDeletionChoosingPolicyTemplate.java:chooseContainerForBlockDeletion(83)) - Chosen 0/5000 blocks from 0 candidate containers.
2023-06-07 07:11:47,960 [IPC Server handler 18 on default port 15001] WARN  node.SCMNodeManager (SCMNodeManager.java:getNodesByAddress(1381)) - Cannot find node for address 127.0.0.1
2023-06-07 07:11:47,961 [IPC Server handler 19 on default port 15001] WARN  node.SCMNodeManager (SCMNodeManager.java:getNodesByAddress(1381)) - Cannot find node for address 127.0.0.1
2023-06-07 07:11:47,982 [IPC Server handler 13 on default port 15001] WARN  node.SCMNodeManager (SCMNodeManager.java:getNodesByAddress(1381)) - Cannot find node for address 127.0.0.1
2023-06-07 07:11:47,983 [IPC Server handler 15 on default port 15001] WARN  node.SCMNodeManager (SCMNodeManager.java:getNodesByAddress(1381)) - Cannot find node for address 127.0.0.1
2023-06-07 07:11:48,033 [IPC Server handler 6 on default port 15001] WARN  node.SCMNodeManager (SCMNodeManager.java:getNodesByAddress(1381)) - Cannot find node for address 127.0.0.1
2023-06-07 07:11:48,035 [IPC Server handler 9 on default port 15001] WARN  node.SCMNodeManager (SCMNodeManager.java:getNodesByAddress(1381)) - Cannot find node for address 127.0.0.1
2023-06-07 07:11:48,058 [IPC Server handler 17 on default port 15001] WARN  node.SCMNodeManager (SCMNodeManager.java:getNodesByAddress(1381)) - Cannot find node for address 127.0.0.1
2023-06-07 07:11:48,062 [IPC Server handler 10 on default port 15001] WARN  node.SCMNodeManager (SCMNodeManager.java:getNodesByAddress(1381)) - Cannot find node for address 127.0.0.1
2023-06-07 07:11:48,241 [BlockDeletingService#0] INFO  interfaces.ContainerDeletionChoosingPolicyTemplate (ContainerDeletionChoosingPolicyTemplate.java:chooseContainerForBlockDeletion(83)) - Chosen 0/5000 blocks from 0 candidate containers.
2023-06-07 07:11:48,571 [BlockDeletingService#0] INFO  interfaces.ContainerDeletionChoosingPolicyTemplate (ContainerDeletionChoosingPolicyTemplate.java:chooseContainerForBlockDeletion(83)) - Chosen 0/5000 blocks from 0 candidate containers.
2023-06-07 07:11:49,071 [BlockDeletingService#0] INFO  interfaces.ContainerDeletionChoosingPolicyTemplate (ContainerDeletionChoosingPolicyTemplate.java:chooseContainerForBlockDeletion(83)) - Chosen 0/5000 blocks from 0 candidate containers.
2023-06-07 07:11:49,310 [IPC Server handler 2 on default port 15001] WARN  node.SCMNodeManager (SCMNodeManager.java:getNodesByAddress(1381)) - Cannot find node for address 127.0.0.1
2023-06-07 07:11:49,311 [IPC Server handler 7 on default port 15001] WARN  node.SCMNodeManager (SCMNodeManager.java:getNodesByAddress(1381)) - Cannot find node for address 127.0.0.1
2023-06-07 07:11:49,320 [IPC Server handler 11 on default port 15001] WARN  node.SCMNodeManager (SCMNodeManager.java:getNodesByAddress(1381)) - Cannot find node for address 127.0.0.1
2023-06-07 07:11:49,321 [IPC Server handler 3 on default port 15001] WARN  node.SCMNodeManager (SCMNodeManager.java:getNodesByAddress(1381)) - Cannot find node for address 127.0.0.1
2023-06-07 07:11:49,338 [IPC Server handler 16 on default port 15001] WARN  node.SCMNodeManager (SCMNodeManager.java:getNodesByAddress(1381)) - Cannot find node for address 127.0.0.1
2023-06-07 07:11:49,340 [IPC Server handler 5 on default port 15001] WARN  node.SCMNodeManager (SCMNodeManager.java:getNodesByAddress(1381)) - Cannot find node for address 127.0.0.1
2023-06-07 07:11:49,340 [IPC Server handler 8 on default port 15001] WARN  node.SCMNodeManager (SCMNodeManager.java:getNodesByAddress(1381)) - Cannot find node for address 127.0.0.1
2023-06-07 07:11:49,341 [IPC Server handler 14 on default port 15001] WARN  node.SCMNodeManager (SCMNodeManager.java:getNodesByAddress(1381)) - Cannot find node for address 127.0.0.1
2023-06-07 07:11:49,571 [IPC Server handler 19 on default port 15001] WARN  node.SCMNodeManager (SCMNodeManager.java:getNodesByAddress(1381)) - Cannot find node for address 127.0.0.1
2023-06-07 07:11:49,573 [IPC Server handler 18 on default port 15001] WARN  node.SCMNodeManager (SCMNodeManager.java:getNodesByAddress(1381)) - Cannot find node for address 127.0.0.1
2023-06-07 07:11:49,574 [IPC Server handler 13 on default port 15001] WARN  node.SCMNodeManager (SCMNodeManager.java:getNodesByAddress(1381)) - Cannot find node for address 127.0.0.1
2023-06-07 07:11:49,575 [IPC Server handler 15 on default port 15001] WARN  node.SCMNodeManager (SCMNodeManager.java:getNodesByAddress(1381)) - Cannot find node for address 127.0.0.1
2023-06-07 07:11:49,595 [IPC Server handler 6 on default port 15001] WARN  node.SCMNodeManager (SCMNodeManager.java:getNodesByAddress(1381)) - Cannot find node for address 127.0.0.1
2023-06-07 07:11:49,598 [IPC Server handler 9 on default port 15001] WARN  node.SCMNodeManager (SCMNodeManager.java:getNodesByAddress(1381)) - Cannot find node for address 127.0.0.1
2023-06-07 07:11:49,599 [IPC Server handler 17 on default port 15001] WARN  node.SCMNodeManager (SCMNodeManager.java:getNodesByAddress(1381)) - Cannot find node for address 127.0.0.1
2023-06-07 07:11:49,600 [IPC Server handler 10 on default port 15001] WARN  node.SCMNodeManager (SCMNodeManager.java:getNodesByAddress(1381)) - Cannot find node for address 127.0.0.1
2023-06-07 07:11:49,718 [BlockDeletingService#0] INFO  interfaces.ContainerDeletionChoosingPolicyTemplate (ContainerDeletionChoosingPolicyTemplate.java:chooseContainerForBlockDeletion(83)) - Chosen 0/5000 blocks from 0 candidate containers.
2023-06-07 07:11:50,018 [BlockDeletingService#0] INFO  interfaces.ContainerDeletionChoosingPolicyTemplate (ContainerDeletionChoosingPolicyTemplate.java:chooseContainerForBlockDeletion(83)) - Chosen 0/5000 blocks from 0 candidate containers.
2023-06-07 07:11:50,437 [BlockDeletingService#0] INFO  interfaces.ContainerDeletionChoosingPolicyTemplate (ContainerDeletionChoosingPolicyTemplate.java:chooseContainerForBlockDeletion(83)) - Chosen 0/5000 blocks from 0 candidate containers.
2023-06-07 07:11:50,852 [BlockDeletingService#0] INFO  interfaces.ContainerDeletionChoosingPolicyTemplate (ContainerDeletionChoosingPolicyTemplate.java:chooseContainerForBlockDeletion(83)) - Chosen 0/5000 blocks from 0 candidate containers.
2023-06-07 07:11:51,146 [IPC Server handler 0 on default port 15001] WARN  node.SCMNodeManager (SCMNodeManager.java:getNodesByAddress(1381)) - Cannot find node for address 127.0.0.1
2023-06-07 07:11:51,146 [IPC Server handler 4 on default port 15001] WARN  node.SCMNodeManager (SCMNodeManager.java:getNodesByAddress(1381)) - Cannot find node for address 127.0.0.1
2023-06-07 07:11:51,147 [IPC Server handler 2 on default port 15001] WARN  node.SCMNodeManager (SCMNodeManager.java:getNodesByAddress(1381)) - Cannot find node for address 127.0.0.1
2023-06-07 07:11:51,166 [IPC Server handler 7 on default port 15001] WARN  node.SCMNodeManager (SCMNodeManager.java:getNodesByAddress(1381)) - Cannot find node for address 127.0.0.1
2023-06-07 07:11:51,167 [IPC Server handler 11 on default port 15001] WARN  node.SCMNodeManager (SCMNodeManager.java:getNodesByAddress(1381)) - Cannot find node for address 127.0.0.1
2023-06-07 07:11:51,168 [IPC Server handler 3 on default port 15001] WARN  node.SCMNodeManager (SCMNodeManager.java:getNodesByAddress(1381)) - Cannot find node for address 127.0.0.1
2023-06-07 07:11:51,295 [IPC Server handler 16 on default port 15001] WARN  node.SCMNodeManager (SCMNodeManager.java:getNodesByAddress(1381)) - Cannot find node for address 127.0.0.1
2023-06-07 07:11:51,297 [IPC Server handler 5 on default port 15001] WARN  node.SCMNodeManager (SCMNodeManager.java:getNodesByAddress(1381)) - Cannot find node for address 127.0.0.1
2023-06-07 07:11:51,299 [IPC Server handler 8 on default port 15001] WARN  node.SCMNodeManager (SCMNodeManager.java:getNodesByAddress(1381)) - Cannot find node for address 127.0.0.1
2023-06-07 07:11:51,321 [IPC Server handler 14 on default port 15001] WARN  node.SCMNodeManager (SCMNodeManager.java:getNodesByAddress(1381)) - Cannot find node for address 127.0.0.1
2023-06-07 07:11:51,322 [IPC Server handler 19 on default port 15001] WARN  node.SCMNodeManager (SCMNodeManager.java:getNodesByAddress(1381)) - Cannot find node for address 127.0.0.1
2023-06-07 07:11:51,323 [IPC Server handler 18 on default port 15001] WARN  node.SCMNodeManager (SCMNodeManager.java:getNodesByAddress(1381)) - Cannot find node for address 127.0.0.1
2023-06-07 07:11:51,370 [BlockDeletingService#0] INFO  interfaces.ContainerDeletionChoosingPolicyTemplate (ContainerDeletionChoosingPolicyTemplate.java:chooseContainerForBlockDeletion(83)) - Chosen 0/5000 blocks from 0 candidate containers.
2023-06-07 07:11:52,061 [BlockDeletingService#0] INFO  interfaces.ContainerDeletionChoosingPolicyTemplate (ContainerDeletionChoosingPolicyTemplate.java:chooseContainerForBlockDeletion(83)) - Chosen 0/5000 blocks from 0 candidate containers.
2023-06-07 07:11:52,540 [IPC Server handler 15 on default port 15001] WARN  node.SCMNodeManager (SCMNodeManager.java:getNodesByAddress(1381)) - Cannot find node for address 127.0.0.1
2023-06-07 07:11:52,541 [IPC Server handler 13 on default port 15001] WARN  node.SCMNodeManager (SCMNodeManager.java:getNodesByAddress(1381)) - Cannot find node for address 127.0.0.1
2023-06-07 07:11:52,542 [IPC Server handler 6 on default port 15001] WARN  node.SCMNodeManager (SCMNodeManager.java:getNodesByAddress(1381)) - Cannot find node for address 127.0.0.1
2023-06-07 07:11:52,542 [IPC Server handler 17 on default port 15001] WARN  node.SCMNodeManager (SCMNodeManager.java:getNodesByAddress(1381)) - Cannot find node for address 127.0.0.1
2023-06-07 07:11:52,557 [IPC Server handler 9 on default port 15001] WARN  node.SCMNodeManager (SCMNodeManager.java:getNodesByAddress(1381)) - Cannot find node for address 127.0.0.1
2023-06-07 07:11:52,561 [IPC Server handler 10 on default port 15001] WARN  node.SCMNodeManager (SCMNodeManager.java:getNodesByAddress(1381)) - Cannot find node for address 127.0.0.1
2023-06-07 07:11:52,562 [IPC Server handler 12 on default port 15001] WARN  node.SCMNodeManager (SCMNodeManager.java:getNodesByAddress(1381)) - Cannot find node for address 127.0.0.1
2023-06-07 07:11:52,563 [IPC Server handler 1 on default port 15001] WARN  node.SCMNodeManager (SCMNodeManager.java:getNodesByAddress(1381)) - Cannot find node for address 127.0.0.1
2023-06-07 07:11:52,657 [IPC Server handler 0 on default port 15001] WARN  node.SCMNodeManager (SCMNodeManager.java:getNodesByAddress(1381)) - Cannot find node for address 127.0.0.1
2023-06-07 07:11:52,661 [IPC Server handler 4 on default port 15001] WARN  node.SCMNodeManager (SCMNodeManager.java:getNodesByAddress(1381)) - Cannot find node for address 127.0.0.1
2023-06-07 07:11:52,690 [IPC Server handler 2 on default port 15001] WARN  node.SCMNodeManager (SCMNodeManager.java:getNodesByAddress(1381)) - Cannot find node for address 127.0.0.1
2023-06-07 07:11:52,692 [IPC Server handler 7 on default port 15001] WARN  node.SCMNodeManager (SCMNodeManager.java:getNodesByAddress(1381)) - Cannot find node for address 127.0.0.1
2023-06-07 07:11:52,832 [BlockDeletingService#0] INFO  interfaces.ContainerDeletionChoosingPolicyTemplate (ContainerDeletionChoosingPolicyTemplate.java:chooseContainerForBlockDeletion(83)) - Chosen 0/5000 blocks from 0 candidate containers.
2023-06-07 07:11:52,898 [BlockDeletingService#0] INFO  interfaces.ContainerDeletionChoosingPolicyTemplate (ContainerDeletionChoosingPolicyTemplate.java:chooseContainerForBlockDeletion(83)) - Chosen 0/5000 blocks from 0 candidate containers.
]]></system-out>
  </testcase>
  <testcase name="testPutKeySuccessWithBlockToken" classname="org.apache.hadoop.ozone.client.rpc.TestSecureOzoneRpcClient" time="0.792">
    <system-out><![CDATA[2023-06-07 07:11:52,975 [main] INFO  rpc.RpcClient (RpcClient.java:createVolume(459)) - Creating Volume: 57646cdd-9a91-4878-9c35-b22d04f7c53c, with runner as owner and space quota set to -1 bytes, counts quota set to -1
2023-06-07 07:11:52,980 [OM StateMachine ApplyTransaction Thread - 0] INFO  volume.OMVolumeCreateRequest (OMVolumeCreateRequest.java:validateAndUpdateCache(196)) - created volume:57646cdd-9a91-4878-9c35-b22d04f7c53c for user:runner
2023-06-07 07:11:52,982 [main] INFO  rpc.RpcClient (RpcClient.java:createBucket(686)) - Creating Bucket: 57646cdd-9a91-4878-9c35-b22d04f7c53c/b599ca71-d74a-46b2-b246-59c8bf42bb30, with bucket layout OBJECT_STORE, runner as owner, Versioning false, Storage Type set to DISK and Encryption set to false, Replication Type set to server-side default replication type, Namespace Quota set to -1, Space Quota set to -1 
2023-06-07 07:11:52,983 [OM StateMachine ApplyTransaction Thread - 0] INFO  bucket.OMBucketCreateRequest (OMBucketCreateRequest.java:validateAndUpdateCache(270)) - created bucket: b599ca71-d74a-46b2-b246-59c8bf42bb30 of layout OBJECT_STORE in volume: 57646cdd-9a91-4878-9c35-b22d04f7c53c
2023-06-07 07:11:53,000 [IPC Server handler 3 on default port 15001] WARN  node.SCMNodeManager (SCMNodeManager.java:getNodesByAddress(1381)) - Cannot find node for address 127.0.0.1
2023-06-07 07:11:53,004 [IPC Server handler 16 on default port 15001] WARN  node.SCMNodeManager (SCMNodeManager.java:getNodesByAddress(1381)) - Cannot find node for address 127.0.0.1
2023-06-07 07:11:53,034 [IPC Server handler 8 on default port 15001] WARN  node.SCMNodeManager (SCMNodeManager.java:getNodesByAddress(1381)) - Cannot find node for address 127.0.0.1
2023-06-07 07:11:53,038 [IPC Server handler 14 on default port 15001] WARN  node.SCMNodeManager (SCMNodeManager.java:getNodesByAddress(1381)) - Cannot find node for address 127.0.0.1
2023-06-07 07:11:53,074 [IPC Server handler 18 on default port 15001] WARN  node.SCMNodeManager (SCMNodeManager.java:getNodesByAddress(1381)) - Cannot find node for address 127.0.0.1
2023-06-07 07:11:53,078 [IPC Server handler 15 on default port 15001] WARN  node.SCMNodeManager (SCMNodeManager.java:getNodesByAddress(1381)) - Cannot find node for address 127.0.0.1
2023-06-07 07:11:53,103 [IPC Server handler 6 on default port 15001] WARN  node.SCMNodeManager (SCMNodeManager.java:getNodesByAddress(1381)) - Cannot find node for address 127.0.0.1
2023-06-07 07:11:53,107 [IPC Server handler 17 on default port 15001] WARN  node.SCMNodeManager (SCMNodeManager.java:getNodesByAddress(1381)) - Cannot find node for address 127.0.0.1
2023-06-07 07:11:53,181 [IPC Server handler 10 on default port 15001] WARN  node.SCMNodeManager (SCMNodeManager.java:getNodesByAddress(1381)) - Cannot find node for address 127.0.0.1
2023-06-07 07:11:53,186 [IPC Server handler 12 on default port 15001] WARN  node.SCMNodeManager (SCMNodeManager.java:getNodesByAddress(1381)) - Cannot find node for address 127.0.0.1
2023-06-07 07:11:53,219 [IPC Server handler 0 on default port 15001] WARN  node.SCMNodeManager (SCMNodeManager.java:getNodesByAddress(1381)) - Cannot find node for address 127.0.0.1
2023-06-07 07:11:53,222 [IPC Server handler 4 on default port 15001] WARN  node.SCMNodeManager (SCMNodeManager.java:getNodesByAddress(1381)) - Cannot find node for address 127.0.0.1
2023-06-07 07:11:53,253 [IPC Server handler 7 on default port 15001] WARN  node.SCMNodeManager (SCMNodeManager.java:getNodesByAddress(1381)) - Cannot find node for address 127.0.0.1
2023-06-07 07:11:53,257 [IPC Server handler 11 on default port 15001] WARN  node.SCMNodeManager (SCMNodeManager.java:getNodesByAddress(1381)) - Cannot find node for address 127.0.0.1
2023-06-07 07:11:53,284 [IPC Server handler 16 on default port 15001] WARN  node.SCMNodeManager (SCMNodeManager.java:getNodesByAddress(1381)) - Cannot find node for address 127.0.0.1
2023-06-07 07:11:53,288 [IPC Server handler 5 on default port 15001] WARN  node.SCMNodeManager (SCMNodeManager.java:getNodesByAddress(1381)) - Cannot find node for address 127.0.0.1
2023-06-07 07:11:53,313 [IPC Server handler 14 on default port 15001] WARN  node.SCMNodeManager (SCMNodeManager.java:getNodesByAddress(1381)) - Cannot find node for address 127.0.0.1
2023-06-07 07:11:53,318 [IPC Server handler 19 on default port 15001] WARN  node.SCMNodeManager (SCMNodeManager.java:getNodesByAddress(1381)) - Cannot find node for address 127.0.0.1
2023-06-07 07:11:53,348 [IPC Server handler 15 on default port 15001] WARN  node.SCMNodeManager (SCMNodeManager.java:getNodesByAddress(1381)) - Cannot find node for address 127.0.0.1
2023-06-07 07:11:53,352 [IPC Server handler 13 on default port 15001] WARN  node.SCMNodeManager (SCMNodeManager.java:getNodesByAddress(1381)) - Cannot find node for address 127.0.0.1
2023-06-07 07:11:53,364 [main] INFO  rpc.RpcClient (RpcClient.java:createVolume(459)) - Creating Volume: d5ea8069-012d-4d3b-86ee-3ed9d5c52a47, with runner as owner and space quota set to -1 bytes, counts quota set to -1
2023-06-07 07:11:53,367 [OM StateMachine ApplyTransaction Thread - 0] INFO  volume.OMVolumeCreateRequest (OMVolumeCreateRequest.java:validateAndUpdateCache(196)) - created volume:d5ea8069-012d-4d3b-86ee-3ed9d5c52a47 for user:runner
2023-06-07 07:11:53,368 [main] INFO  rpc.RpcClient (RpcClient.java:createBucket(686)) - Creating Bucket: d5ea8069-012d-4d3b-86ee-3ed9d5c52a47/fa31c0e9-c8cb-4278-bc7b-5d23b2431d1e, with bucket layout FILE_SYSTEM_OPTIMIZED, runner as owner, Versioning false, Storage Type set to DISK and Encryption set to false, Replication Type set to server-side default replication type, Namespace Quota set to -1, Space Quota set to -1 
2023-06-07 07:11:53,370 [OM StateMachine ApplyTransaction Thread - 0] INFO  bucket.OMBucketCreateRequest (OMBucketCreateRequest.java:validateAndUpdateCache(270)) - created bucket: fa31c0e9-c8cb-4278-bc7b-5d23b2431d1e of layout FILE_SYSTEM_OPTIMIZED in volume: d5ea8069-012d-4d3b-86ee-3ed9d5c52a47
2023-06-07 07:11:53,390 [IPC Server handler 17 on default port 15001] WARN  node.SCMNodeManager (SCMNodeManager.java:getNodesByAddress(1381)) - Cannot find node for address 127.0.0.1
2023-06-07 07:11:53,394 [IPC Server handler 9 on default port 15001] WARN  node.SCMNodeManager (SCMNodeManager.java:getNodesByAddress(1381)) - Cannot find node for address 127.0.0.1
2023-06-07 07:11:53,431 [IPC Server handler 12 on default port 15001] WARN  node.SCMNodeManager (SCMNodeManager.java:getNodesByAddress(1381)) - Cannot find node for address 127.0.0.1
2023-06-07 07:11:53,435 [IPC Server handler 1 on default port 15001] WARN  node.SCMNodeManager (SCMNodeManager.java:getNodesByAddress(1381)) - Cannot find node for address 127.0.0.1
2023-06-07 07:11:53,475 [IPC Server handler 4 on default port 15001] WARN  node.SCMNodeManager (SCMNodeManager.java:getNodesByAddress(1381)) - Cannot find node for address 127.0.0.1
2023-06-07 07:11:53,479 [IPC Server handler 2 on default port 15001] WARN  node.SCMNodeManager (SCMNodeManager.java:getNodesByAddress(1381)) - Cannot find node for address 127.0.0.1
2023-06-07 07:11:53,525 [IPC Server handler 11 on default port 15001] WARN  node.SCMNodeManager (SCMNodeManager.java:getNodesByAddress(1381)) - Cannot find node for address 127.0.0.1
2023-06-07 07:11:53,529 [IPC Server handler 3 on default port 15001] WARN  node.SCMNodeManager (SCMNodeManager.java:getNodesByAddress(1381)) - Cannot find node for address 127.0.0.1
2023-06-07 07:11:53,570 [IPC Server handler 5 on default port 15001] WARN  node.SCMNodeManager (SCMNodeManager.java:getNodesByAddress(1381)) - Cannot find node for address 127.0.0.1
2023-06-07 07:11:53,574 [IPC Server handler 8 on default port 15001] WARN  node.SCMNodeManager (SCMNodeManager.java:getNodesByAddress(1381)) - Cannot find node for address 127.0.0.1
2023-06-07 07:11:53,608 [IPC Server handler 19 on default port 15001] WARN  node.SCMNodeManager (SCMNodeManager.java:getNodesByAddress(1381)) - Cannot find node for address 127.0.0.1
2023-06-07 07:11:53,615 [IPC Server handler 18 on default port 15001] WARN  node.SCMNodeManager (SCMNodeManager.java:getNodesByAddress(1381)) - Cannot find node for address 127.0.0.1
2023-06-07 07:11:53,652 [IPC Server handler 13 on default port 15001] WARN  node.SCMNodeManager (SCMNodeManager.java:getNodesByAddress(1381)) - Cannot find node for address 127.0.0.1
2023-06-07 07:11:53,656 [IPC Server handler 6 on default port 15001] WARN  node.SCMNodeManager (SCMNodeManager.java:getNodesByAddress(1381)) - Cannot find node for address 127.0.0.1
2023-06-07 07:11:53,684 [IPC Server handler 9 on default port 15001] WARN  node.SCMNodeManager (SCMNodeManager.java:getNodesByAddress(1381)) - Cannot find node for address 127.0.0.1
2023-06-07 07:11:53,688 [IPC Server handler 10 on default port 15001] WARN  node.SCMNodeManager (SCMNodeManager.java:getNodesByAddress(1381)) - Cannot find node for address 127.0.0.1
2023-06-07 07:11:53,720 [IPC Server handler 1 on default port 15001] WARN  node.SCMNodeManager (SCMNodeManager.java:getNodesByAddress(1381)) - Cannot find node for address 127.0.0.1
2023-06-07 07:11:53,724 [IPC Server handler 0 on default port 15001] WARN  node.SCMNodeManager (SCMNodeManager.java:getNodesByAddress(1381)) - Cannot find node for address 127.0.0.1
2023-06-07 07:11:53,754 [IPC Server handler 2 on default port 15001] WARN  node.SCMNodeManager (SCMNodeManager.java:getNodesByAddress(1381)) - Cannot find node for address 127.0.0.1
2023-06-07 07:11:53,758 [IPC Server handler 7 on default port 15001] WARN  node.SCMNodeManager (SCMNodeManager.java:getNodesByAddress(1381)) - Cannot find node for address 127.0.0.1
]]></system-out>
  </testcase>
  <testcase name="testPutKeyWithReplicationConfig(String, boolean)[1]" classname="org.apache.hadoop.ozone.client.rpc.TestSecureOzoneRpcClient" time="0.02">
    <system-out><![CDATA[2023-06-07 07:11:53,811 [main] INFO  rpc.RpcClient (RpcClient.java:createVolume(459)) - Creating Volume: 3a266799-a5df-4912-8626-2af3264bf346, with runner as owner and space quota set to -1 bytes, counts quota set to -1
2023-06-07 07:11:53,814 [OM StateMachine ApplyTransaction Thread - 0] INFO  volume.OMVolumeCreateRequest (OMVolumeCreateRequest.java:validateAndUpdateCache(196)) - created volume:3a266799-a5df-4912-8626-2af3264bf346 for user:runner
2023-06-07 07:11:53,818 [main] INFO  rpc.RpcClient (RpcClient.java:createBucket(686)) - Creating Bucket: 3a266799-a5df-4912-8626-2af3264bf346/e3526349-6929-445f-ab96-c1e8fac4fa13, with server-side default bucket layout, runner as owner, Versioning false, Storage Type set to DISK and Encryption set to false, Replication Type set to server-side default replication type, Namespace Quota set to -1, Space Quota set to -1 
2023-06-07 07:11:53,821 [OM StateMachine ApplyTransaction Thread - 0] INFO  bucket.OMBucketCreateRequest (OMBucketCreateRequest.java:validateAndUpdateCache(270)) - created bucket: e3526349-6929-445f-ab96-c1e8fac4fa13 of layout OBJECT_STORE in volume: 3a266799-a5df-4912-8626-2af3264bf346
]]></system-out>
  </testcase>
  <testcase name="testPutKeyWithReplicationConfig(String, boolean)[2]" classname="org.apache.hadoop.ozone.client.rpc.TestSecureOzoneRpcClient" time="0.012">
    <system-out><![CDATA[2023-06-07 07:11:53,834 [main] INFO  rpc.RpcClient (RpcClient.java:createVolume(459)) - Creating Volume: eef79b25-f750-4620-885e-5cfc3098cd52, with runner as owner and space quota set to -1 bytes, counts quota set to -1
2023-06-07 07:11:53,836 [OM StateMachine ApplyTransaction Thread - 0] INFO  volume.OMVolumeCreateRequest (OMVolumeCreateRequest.java:validateAndUpdateCache(196)) - created volume:eef79b25-f750-4620-885e-5cfc3098cd52 for user:runner
2023-06-07 07:11:53,838 [main] INFO  rpc.RpcClient (RpcClient.java:createBucket(686)) - Creating Bucket: eef79b25-f750-4620-885e-5cfc3098cd52/18934f61-eeaa-466a-abff-538244912cf4, with server-side default bucket layout, runner as owner, Versioning false, Storage Type set to DISK and Encryption set to false, Replication Type set to server-side default replication type, Namespace Quota set to -1, Space Quota set to -1 
2023-06-07 07:11:53,840 [OM StateMachine ApplyTransaction Thread - 0] INFO  bucket.OMBucketCreateRequest (OMBucketCreateRequest.java:validateAndUpdateCache(270)) - created bucket: 18934f61-eeaa-466a-abff-538244912cf4 of layout OBJECT_STORE in volume: eef79b25-f750-4620-885e-5cfc3098cd52
]]></system-out>
  </testcase>
  <testcase name="testPutKeyWithReplicationConfig(String, boolean)[3]" classname="org.apache.hadoop.ozone.client.rpc.TestSecureOzoneRpcClient" time="0.11">
    <system-out><![CDATA[2023-06-07 07:11:53,843 [main] INFO  rpc.RpcClient (RpcClient.java:createVolume(459)) - Creating Volume: 68e1caeb-90f2-42aa-81cb-d314295318a6, with runner as owner and space quota set to -1 bytes, counts quota set to -1
2023-06-07 07:11:53,845 [OM StateMachine ApplyTransaction Thread - 0] INFO  volume.OMVolumeCreateRequest (OMVolumeCreateRequest.java:validateAndUpdateCache(196)) - created volume:68e1caeb-90f2-42aa-81cb-d314295318a6 for user:runner
2023-06-07 07:11:53,847 [main] INFO  rpc.RpcClient (RpcClient.java:createBucket(686)) - Creating Bucket: 68e1caeb-90f2-42aa-81cb-d314295318a6/a2affcd9-a167-4bfd-b7b7-349fb22023fb, with server-side default bucket layout, runner as owner, Versioning false, Storage Type set to DISK and Encryption set to false, Replication Type set to server-side default replication type, Namespace Quota set to -1, Space Quota set to -1 
2023-06-07 07:11:53,849 [OM StateMachine ApplyTransaction Thread - 0] INFO  bucket.OMBucketCreateRequest (OMBucketCreateRequest.java:validateAndUpdateCache(270)) - created bucket: a2affcd9-a167-4bfd-b7b7-349fb22023fb of layout OBJECT_STORE in volume: 68e1caeb-90f2-42aa-81cb-d314295318a6
2023-06-07 07:11:53,936 [IPC Server handler 3 on default port 15001] WARN  node.SCMNodeManager (SCMNodeManager.java:getNodesByAddress(1381)) - Cannot find node for address 127.0.0.1
2023-06-07 07:11:53,940 [IPC Server handler 16 on default port 15001] WARN  node.SCMNodeManager (SCMNodeManager.java:getNodesByAddress(1381)) - Cannot find node for address 127.0.0.1
]]></system-out>
  </testcase>
  <testcase name="testPutKeyWithReplicationConfig(String, boolean)[4]" classname="org.apache.hadoop.ozone.client.rpc.TestSecureOzoneRpcClient" time="0.216">
    <system-out><![CDATA[2023-06-07 07:11:53,955 [main] INFO  rpc.RpcClient (RpcClient.java:createVolume(459)) - Creating Volume: 312a549e-74c7-4390-8030-a789ba040f17, with runner as owner and space quota set to -1 bytes, counts quota set to -1
2023-06-07 07:11:53,958 [OM StateMachine ApplyTransaction Thread - 0] INFO  volume.OMVolumeCreateRequest (OMVolumeCreateRequest.java:validateAndUpdateCache(196)) - created volume:312a549e-74c7-4390-8030-a789ba040f17 for user:runner
2023-06-07 07:11:53,959 [main] INFO  rpc.RpcClient (RpcClient.java:createBucket(686)) - Creating Bucket: 312a549e-74c7-4390-8030-a789ba040f17/88cc77e4-8e6c-402b-aaaf-5d4b9e1818db, with server-side default bucket layout, runner as owner, Versioning false, Storage Type set to DISK and Encryption set to false, Replication Type set to server-side default replication type, Namespace Quota set to -1, Space Quota set to -1 
2023-06-07 07:11:53,962 [OM StateMachine ApplyTransaction Thread - 0] INFO  bucket.OMBucketCreateRequest (OMBucketCreateRequest.java:validateAndUpdateCache(270)) - created bucket: 88cc77e4-8e6c-402b-aaaf-5d4b9e1818db of layout OBJECT_STORE in volume: 312a549e-74c7-4390-8030-a789ba040f17
2023-06-07 07:11:53,965 [IPC Server handler 5 on default port 15001] INFO  pipeline.PipelineStateManagerImpl (PipelineStateManagerImpl.java:addPipeline(103)) - Created pipeline Pipeline[ Id: 1725249f-3d9b-4a1b-b162-0187896e891b, Nodes: 20fd9795-0abc-4083-965d-6ba83b10546c(fv-az246-755.dmzl2ssfaldu3choa5k4qgfeyh.jx.internal.cloudapp.net/10.1.0.31)4867cc16-78cf-4276-b1e1-ad4ddd1b82d4(fv-az246-755.dmzl2ssfaldu3choa5k4qgfeyh.jx.internal.cloudapp.net/10.1.0.31)8757bef3-5796-4279-bd7f-82165642237f(fv-az246-755.dmzl2ssfaldu3choa5k4qgfeyh.jx.internal.cloudapp.net/10.1.0.31)cd92a3c4-ef96-4770-b512-b3fe4045cd4b(fv-az246-755.dmzl2ssfaldu3choa5k4qgfeyh.jx.internal.cloudapp.net/10.1.0.31)1b66a908-7502-432b-9648-1ff1190a9abb(fv-az246-755.dmzl2ssfaldu3choa5k4qgfeyh.jx.internal.cloudapp.net/10.1.0.31)2a2b2d62-8637-433f-be3f-60f9dc9f206f(fv-az246-755.dmzl2ssfaldu3choa5k4qgfeyh.jx.internal.cloudapp.net/10.1.0.31)2912fda5-c0b1-4d9e-ac44-fd313bf4d5ec(fv-az246-755.dmzl2ssfaldu3choa5k4qgfeyh.jx.internal.cloudapp.net/10.1.0.31)193ce337-dffd-4cd7-9fc4-5b62e57d89f8(fv-az246-755.dmzl2ssfaldu3choa5k4qgfeyh.jx.internal.cloudapp.net/10.1.0.31)add60280-7665-46a7-8f97-112ab314f22d(fv-az246-755.dmzl2ssfaldu3choa5k4qgfeyh.jx.internal.cloudapp.net/10.1.0.31), ReplicationConfig: EC{rs-6-3-1024k}, State:ALLOCATED, leaderId:, CreationTimestamp2023-06-07T07:11:53.965Z[Etc/UTC]].
2023-06-07 07:11:53,966 [IPC Server handler 5 on default port 15001] INFO  pipeline.PipelineManagerImpl (PipelineManagerImpl.java:openPipeline(367)) - Pipeline Pipeline[ Id: 1725249f-3d9b-4a1b-b162-0187896e891b, Nodes: 20fd9795-0abc-4083-965d-6ba83b10546c(fv-az246-755.dmzl2ssfaldu3choa5k4qgfeyh.jx.internal.cloudapp.net/10.1.0.31)4867cc16-78cf-4276-b1e1-ad4ddd1b82d4(fv-az246-755.dmzl2ssfaldu3choa5k4qgfeyh.jx.internal.cloudapp.net/10.1.0.31)8757bef3-5796-4279-bd7f-82165642237f(fv-az246-755.dmzl2ssfaldu3choa5k4qgfeyh.jx.internal.cloudapp.net/10.1.0.31)cd92a3c4-ef96-4770-b512-b3fe4045cd4b(fv-az246-755.dmzl2ssfaldu3choa5k4qgfeyh.jx.internal.cloudapp.net/10.1.0.31)1b66a908-7502-432b-9648-1ff1190a9abb(fv-az246-755.dmzl2ssfaldu3choa5k4qgfeyh.jx.internal.cloudapp.net/10.1.0.31)2a2b2d62-8637-433f-be3f-60f9dc9f206f(fv-az246-755.dmzl2ssfaldu3choa5k4qgfeyh.jx.internal.cloudapp.net/10.1.0.31)2912fda5-c0b1-4d9e-ac44-fd313bf4d5ec(fv-az246-755.dmzl2ssfaldu3choa5k4qgfeyh.jx.internal.cloudapp.net/10.1.0.31)193ce337-dffd-4cd7-9fc4-5b62e57d89f8(fv-az246-755.dmzl2ssfaldu3choa5k4qgfeyh.jx.internal.cloudapp.net/10.1.0.31)add60280-7665-46a7-8f97-112ab314f22d(fv-az246-755.dmzl2ssfaldu3choa5k4qgfeyh.jx.internal.cloudapp.net/10.1.0.31), ReplicationConfig: EC{rs-6-3-1024k}, State:ALLOCATED, leaderId:, CreationTimestamp2023-06-07T07:11:53.965Z[Etc/UTC]] moved to OPEN state
2023-06-07 07:11:54,145 [IPC Server handler 8 on default port 15001] WARN  node.SCMNodeManager (SCMNodeManager.java:getNodesByAddress(1381)) - Cannot find node for address 127.0.0.1
2023-06-07 07:11:54,149 [IPC Server handler 14 on default port 15001] WARN  node.SCMNodeManager (SCMNodeManager.java:getNodesByAddress(1381)) - Cannot find node for address 127.0.0.1
]]></system-out>
  </testcase>
  <testcase name="testPutKeyWithReplicationConfig(String, boolean)[5]" classname="org.apache.hadoop.ozone.client.rpc.TestSecureOzoneRpcClient" time="0.223">
    <system-out><![CDATA[2023-06-07 07:11:54,170 [main] INFO  rpc.RpcClient (RpcClient.java:createVolume(459)) - Creating Volume: 0ee7733c-d07f-42ba-b7dc-0027f1a9bb8a, with runner as owner and space quota set to -1 bytes, counts quota set to -1
2023-06-07 07:11:54,173 [OM StateMachine ApplyTransaction Thread - 0] INFO  volume.OMVolumeCreateRequest (OMVolumeCreateRequest.java:validateAndUpdateCache(196)) - created volume:0ee7733c-d07f-42ba-b7dc-0027f1a9bb8a for user:runner
2023-06-07 07:11:54,176 [main] INFO  rpc.RpcClient (RpcClient.java:createBucket(686)) - Creating Bucket: 0ee7733c-d07f-42ba-b7dc-0027f1a9bb8a/a7fd5e88-142a-4810-8dd2-3da3395d2eb4, with server-side default bucket layout, runner as owner, Versioning false, Storage Type set to DISK and Encryption set to false, Replication Type set to server-side default replication type, Namespace Quota set to -1, Space Quota set to -1 
2023-06-07 07:11:54,178 [OM StateMachine ApplyTransaction Thread - 0] INFO  bucket.OMBucketCreateRequest (OMBucketCreateRequest.java:validateAndUpdateCache(270)) - created bucket: a7fd5e88-142a-4810-8dd2-3da3395d2eb4 of layout OBJECT_STORE in volume: 0ee7733c-d07f-42ba-b7dc-0027f1a9bb8a
2023-06-07 07:11:54,182 [IPC Server handler 19 on default port 15001] INFO  pipeline.PipelineStateManagerImpl (PipelineStateManagerImpl.java:addPipeline(103)) - Created pipeline Pipeline[ Id: 78a23b30-e46b-43b6-b3ce-c12bc2531f2e, Nodes: 20fd9795-0abc-4083-965d-6ba83b10546c(fv-az246-755.dmzl2ssfaldu3choa5k4qgfeyh.jx.internal.cloudapp.net/10.1.0.31)c9e90f19-93bd-492a-840b-17fd0f306342(fv-az246-755.dmzl2ssfaldu3choa5k4qgfeyh.jx.internal.cloudapp.net/10.1.0.31)193ce337-dffd-4cd7-9fc4-5b62e57d89f8(fv-az246-755.dmzl2ssfaldu3choa5k4qgfeyh.jx.internal.cloudapp.net/10.1.0.31)1b66a908-7502-432b-9648-1ff1190a9abb(fv-az246-755.dmzl2ssfaldu3choa5k4qgfeyh.jx.internal.cloudapp.net/10.1.0.31)44d8f5b4-8dfc-4dc1-b3e0-dd93457af28b(fv-az246-755.dmzl2ssfaldu3choa5k4qgfeyh.jx.internal.cloudapp.net/10.1.0.31)b1b35183-3015-42af-b03c-e7d97dc9a7f6(fv-az246-755.dmzl2ssfaldu3choa5k4qgfeyh.jx.internal.cloudapp.net/10.1.0.31)2a2b2d62-8637-433f-be3f-60f9dc9f206f(fv-az246-755.dmzl2ssfaldu3choa5k4qgfeyh.jx.internal.cloudapp.net/10.1.0.31)cd92a3c4-ef96-4770-b512-b3fe4045cd4b(fv-az246-755.dmzl2ssfaldu3choa5k4qgfeyh.jx.internal.cloudapp.net/10.1.0.31)8757bef3-5796-4279-bd7f-82165642237f(fv-az246-755.dmzl2ssfaldu3choa5k4qgfeyh.jx.internal.cloudapp.net/10.1.0.31)2912fda5-c0b1-4d9e-ac44-fd313bf4d5ec(fv-az246-755.dmzl2ssfaldu3choa5k4qgfeyh.jx.internal.cloudapp.net/10.1.0.31)add60280-7665-46a7-8f97-112ab314f22d(fv-az246-755.dmzl2ssfaldu3choa5k4qgfeyh.jx.internal.cloudapp.net/10.1.0.31)1c3f76c4-a361-44c3-a437-710dc7a71a87(fv-az246-755.dmzl2ssfaldu3choa5k4qgfeyh.jx.internal.cloudapp.net/10.1.0.31)53afdcff-9740-4d1d-9155-3eea53ceb243(fv-az246-755.dmzl2ssfaldu3choa5k4qgfeyh.jx.internal.cloudapp.net/10.1.0.31)4867cc16-78cf-4276-b1e1-ad4ddd1b82d4(fv-az246-755.dmzl2ssfaldu3choa5k4qgfeyh.jx.internal.cloudapp.net/10.1.0.31), ReplicationConfig: EC{rs-10-4-1024k}, State:ALLOCATED, leaderId:, CreationTimestamp2023-06-07T07:11:54.181Z[Etc/UTC]].
2023-06-07 07:11:54,182 [IPC Server handler 19 on default port 15001] INFO  pipeline.PipelineManagerImpl (PipelineManagerImpl.java:openPipeline(367)) - Pipeline Pipeline[ Id: 78a23b30-e46b-43b6-b3ce-c12bc2531f2e, Nodes: 20fd9795-0abc-4083-965d-6ba83b10546c(fv-az246-755.dmzl2ssfaldu3choa5k4qgfeyh.jx.internal.cloudapp.net/10.1.0.31)c9e90f19-93bd-492a-840b-17fd0f306342(fv-az246-755.dmzl2ssfaldu3choa5k4qgfeyh.jx.internal.cloudapp.net/10.1.0.31)193ce337-dffd-4cd7-9fc4-5b62e57d89f8(fv-az246-755.dmzl2ssfaldu3choa5k4qgfeyh.jx.internal.cloudapp.net/10.1.0.31)1b66a908-7502-432b-9648-1ff1190a9abb(fv-az246-755.dmzl2ssfaldu3choa5k4qgfeyh.jx.internal.cloudapp.net/10.1.0.31)44d8f5b4-8dfc-4dc1-b3e0-dd93457af28b(fv-az246-755.dmzl2ssfaldu3choa5k4qgfeyh.jx.internal.cloudapp.net/10.1.0.31)b1b35183-3015-42af-b03c-e7d97dc9a7f6(fv-az246-755.dmzl2ssfaldu3choa5k4qgfeyh.jx.internal.cloudapp.net/10.1.0.31)2a2b2d62-8637-433f-be3f-60f9dc9f206f(fv-az246-755.dmzl2ssfaldu3choa5k4qgfeyh.jx.internal.cloudapp.net/10.1.0.31)cd92a3c4-ef96-4770-b512-b3fe4045cd4b(fv-az246-755.dmzl2ssfaldu3choa5k4qgfeyh.jx.internal.cloudapp.net/10.1.0.31)8757bef3-5796-4279-bd7f-82165642237f(fv-az246-755.dmzl2ssfaldu3choa5k4qgfeyh.jx.internal.cloudapp.net/10.1.0.31)2912fda5-c0b1-4d9e-ac44-fd313bf4d5ec(fv-az246-755.dmzl2ssfaldu3choa5k4qgfeyh.jx.internal.cloudapp.net/10.1.0.31)add60280-7665-46a7-8f97-112ab314f22d(fv-az246-755.dmzl2ssfaldu3choa5k4qgfeyh.jx.internal.cloudapp.net/10.1.0.31)1c3f76c4-a361-44c3-a437-710dc7a71a87(fv-az246-755.dmzl2ssfaldu3choa5k4qgfeyh.jx.internal.cloudapp.net/10.1.0.31)53afdcff-9740-4d1d-9155-3eea53ceb243(fv-az246-755.dmzl2ssfaldu3choa5k4qgfeyh.jx.internal.cloudapp.net/10.1.0.31)4867cc16-78cf-4276-b1e1-ad4ddd1b82d4(fv-az246-755.dmzl2ssfaldu3choa5k4qgfeyh.jx.internal.cloudapp.net/10.1.0.31), ReplicationConfig: EC{rs-10-4-1024k}, State:ALLOCATED, leaderId:, CreationTimestamp2023-06-07T07:11:54.181Z[Etc/UTC]] moved to OPEN state
2023-06-07 07:11:54,380 [IPC Server handler 18 on default port 15001] WARN  node.SCMNodeManager (SCMNodeManager.java:getNodesByAddress(1381)) - Cannot find node for address 127.0.0.1
2023-06-07 07:11:54,384 [IPC Server handler 15 on default port 15001] WARN  node.SCMNodeManager (SCMNodeManager.java:getNodesByAddress(1381)) - Cannot find node for address 127.0.0.1
]]></system-out>
  </testcase>
  <testcase name="testReadKeyWithCorruptedData" classname="org.apache.hadoop.ozone.client.rpc.TestSecureOzoneRpcClient" time="0.065">
    <system-out><![CDATA[2023-06-07 07:11:54,395 [main] INFO  rpc.RpcClient (RpcClient.java:createVolume(459)) - Creating Volume: 1a8f4dce-29cb-45be-b5b0-88ef53d4dbf0, with runner as owner and space quota set to -1 bytes, counts quota set to -1
2023-06-07 07:11:54,398 [OM StateMachine ApplyTransaction Thread - 0] INFO  volume.OMVolumeCreateRequest (OMVolumeCreateRequest.java:validateAndUpdateCache(196)) - created volume:1a8f4dce-29cb-45be-b5b0-88ef53d4dbf0 for user:runner
2023-06-07 07:11:54,399 [main] INFO  rpc.RpcClient (RpcClient.java:createBucket(686)) - Creating Bucket: 1a8f4dce-29cb-45be-b5b0-88ef53d4dbf0/e25b4409-fbf5-46ad-8caf-ed56dc9bd26e, with server-side default bucket layout, runner as owner, Versioning false, Storage Type set to DISK and Encryption set to false, Replication Type set to server-side default replication type, Namespace Quota set to -1, Space Quota set to -1 
2023-06-07 07:11:54,401 [OM StateMachine ApplyTransaction Thread - 0] INFO  bucket.OMBucketCreateRequest (OMBucketCreateRequest.java:validateAndUpdateCache(270)) - created bucket: e25b4409-fbf5-46ad-8caf-ed56dc9bd26e of layout OBJECT_STORE in volume: 1a8f4dce-29cb-45be-b5b0-88ef53d4dbf0
2023-06-07 07:11:54,424 [IPC Server handler 6 on default port 15001] WARN  node.SCMNodeManager (SCMNodeManager.java:getNodesByAddress(1381)) - Cannot find node for address 127.0.0.1
2023-06-07 07:11:54,446 [IPC Server handler 17 on default port 15001] WARN  node.SCMNodeManager (SCMNodeManager.java:getNodesByAddress(1381)) - Cannot find node for address 127.0.0.1
2023-06-07 07:11:54,452 [main] ERROR scm.XceiverClientGrpc (XceiverClientGrpc.java:sendCommandWithRetry(453)) - Failed to execute command ReadChunk on the pipeline Pipeline[ Id: 1526e63b-1c4a-438b-bdcc-1a902b538acd, Nodes: 4867cc16-78cf-4276-b1e1-ad4ddd1b82d4(fv-az246-755.dmzl2ssfaldu3choa5k4qgfeyh.jx.internal.cloudapp.net/10.1.0.31), ReplicationConfig: STANDALONE/ONE, State:OPEN, leaderId:4867cc16-78cf-4276-b1e1-ad4ddd1b82d4, CreationTimestamp2023-06-07T07:10:50.076Z[Etc/UTC]].
2023-06-07 07:11:54,456 [main] ERROR scm.XceiverClientGrpc (XceiverClientGrpc.java:sendCommandWithRetry(453)) - Failed to execute command ReadChunk on the pipeline Pipeline[ Id: 1526e63b-1c4a-438b-bdcc-1a902b538acd, Nodes: 4867cc16-78cf-4276-b1e1-ad4ddd1b82d4(fv-az246-755.dmzl2ssfaldu3choa5k4qgfeyh.jx.internal.cloudapp.net/10.1.0.31), ReplicationConfig: STANDALONE/ONE, State:OPEN, leaderId:4867cc16-78cf-4276-b1e1-ad4ddd1b82d4, CreationTimestamp2023-06-07T07:10:50.076Z[Etc/UTC]].
2023-06-07 07:11:54,458 [main] ERROR scm.XceiverClientGrpc (XceiverClientGrpc.java:sendCommandWithRetry(453)) - Failed to execute command ReadChunk on the pipeline Pipeline[ Id: 1526e63b-1c4a-438b-bdcc-1a902b538acd, Nodes: 4867cc16-78cf-4276-b1e1-ad4ddd1b82d4(fv-az246-755.dmzl2ssfaldu3choa5k4qgfeyh.jx.internal.cloudapp.net/10.1.0.31), ReplicationConfig: STANDALONE/ONE, State:OPEN, leaderId:4867cc16-78cf-4276-b1e1-ad4ddd1b82d4, CreationTimestamp2023-06-07T07:10:50.076Z[Etc/UTC]].
]]></system-out>
  </testcase>
  <testcase name="testReadKeyWithCorruptedDataWithMutiNodes" classname="org.apache.hadoop.ozone.client.rpc.TestSecureOzoneRpcClient" time="0.177">
    <system-out><![CDATA[2023-06-07 07:11:54,461 [main] INFO  rpc.RpcClient (RpcClient.java:createVolume(459)) - Creating Volume: cd597190-b6ad-42b6-ae2a-8abc2629c35c, with runner as owner and space quota set to -1 bytes, counts quota set to -1
2023-06-07 07:11:54,464 [OM StateMachine ApplyTransaction Thread - 0] INFO  volume.OMVolumeCreateRequest (OMVolumeCreateRequest.java:validateAndUpdateCache(196)) - created volume:cd597190-b6ad-42b6-ae2a-8abc2629c35c for user:runner
2023-06-07 07:11:54,466 [main] INFO  rpc.RpcClient (RpcClient.java:createBucket(686)) - Creating Bucket: cd597190-b6ad-42b6-ae2a-8abc2629c35c/365db356-1e65-47c1-98e2-014dff371f81, with server-side default bucket layout, runner as owner, Versioning false, Storage Type set to DISK and Encryption set to false, Replication Type set to server-side default replication type, Namespace Quota set to -1, Space Quota set to -1 
2023-06-07 07:11:54,470 [OM StateMachine ApplyTransaction Thread - 0] INFO  bucket.OMBucketCreateRequest (OMBucketCreateRequest.java:validateAndUpdateCache(270)) - created bucket: 365db356-1e65-47c1-98e2-014dff371f81 of layout OBJECT_STORE in volume: cd597190-b6ad-42b6-ae2a-8abc2629c35c
2023-06-07 07:11:54,524 [IPC Server handler 10 on default port 15001] WARN  node.SCMNodeManager (SCMNodeManager.java:getNodesByAddress(1381)) - Cannot find node for address 127.0.0.1
2023-06-07 07:11:54,536 [IPC Server handler 12 on default port 15001] WARN  node.SCMNodeManager (SCMNodeManager.java:getNodesByAddress(1381)) - Cannot find node for address 127.0.0.1
2023-06-07 07:11:54,556 [IPC Server handler 1 on default port 15001] WARN  node.SCMNodeManager (SCMNodeManager.java:getNodesByAddress(1381)) - Cannot find node for address 127.0.0.1
2023-06-07 07:11:54,580 [IPC Server handler 0 on default port 15001] WARN  node.SCMNodeManager (SCMNodeManager.java:getNodesByAddress(1381)) - Cannot find node for address 127.0.0.1
2023-06-07 07:11:54,587 [main] ERROR scm.XceiverClientGrpc (XceiverClientGrpc.java:sendCommandWithRetry(453)) - Failed to execute command ReadChunk on the pipeline Pipeline[ Id: c312a65c-e52e-4b85-ac95-ab933bbae0cc, Nodes: 44d8f5b4-8dfc-4dc1-b3e0-dd93457af28b(fv-az246-755.dmzl2ssfaldu3choa5k4qgfeyh.jx.internal.cloudapp.net/10.1.0.31)add60280-7665-46a7-8f97-112ab314f22d(fv-az246-755.dmzl2ssfaldu3choa5k4qgfeyh.jx.internal.cloudapp.net/10.1.0.31)2912fda5-c0b1-4d9e-ac44-fd313bf4d5ec(fv-az246-755.dmzl2ssfaldu3choa5k4qgfeyh.jx.internal.cloudapp.net/10.1.0.31), ReplicationConfig: STANDALONE/THREE, State:OPEN, leaderId:add60280-7665-46a7-8f97-112ab314f22d, CreationTimestamp2023-06-07T07:10:49.714Z[Etc/UTC]].
2023-06-07 07:11:54,588 [main] WARN  storage.ContainerProtocolCalls (ContainerProtocolCalls.java:tryEachDatanode(150)) - Failed to read chunk 111677748019200387_chunk_1 (len=12) conID: 15 locID: 111677748019200387 bcsId: 184 from 44d8f5b4-8dfc-4dc1-b3e0-dd93457af28b(fv-az246-755.dmzl2ssfaldu3choa5k4qgfeyh.jx.internal.cloudapp.net/10.1.0.31); will try another datanode.
org.apache.hadoop.ozone.common.OzoneChecksumException: Checksum mismatch at index 0
	at org.apache.hadoop.ozone.common.ChecksumData.verifyChecksumDataMatches(ChecksumData.java:139)
	at org.apache.hadoop.ozone.common.Checksum.verifyChecksum(Checksum.java:295)
	at org.apache.hadoop.hdds.scm.storage.ChunkInputStream.lambda$new$0(ChunkInputStream.java:491)
	at org.apache.hadoop.hdds.scm.XceiverClientGrpc.sendCommandWithRetry(XceiverClientGrpc.java:410)
	at org.apache.hadoop.hdds.scm.XceiverClientGrpc.lambda$sendCommandWithTraceIDAndRetry$0(XceiverClientGrpc.java:349)
	at org.apache.hadoop.hdds.tracing.TracingUtil.executeInSpan(TracingUtil.java:196)
	at org.apache.hadoop.hdds.tracing.TracingUtil.executeInNewSpan(TracingUtil.java:170)
	at org.apache.hadoop.hdds.scm.XceiverClientGrpc.sendCommandWithTraceIDAndRetry(XceiverClientGrpc.java:343)
	at org.apache.hadoop.hdds.scm.XceiverClientGrpc.sendCommand(XceiverClientGrpc.java:324)
	at org.apache.hadoop.hdds.scm.storage.ContainerProtocolCalls.readChunk(ContainerProtocolCalls.java:356)
	at org.apache.hadoop.hdds.scm.storage.ContainerProtocolCalls.lambda$readChunk$2(ContainerProtocolCalls.java:343)
	at org.apache.hadoop.hdds.scm.storage.ContainerProtocolCalls.tryEachDatanode(ContainerProtocolCalls.java:146)
	at org.apache.hadoop.hdds.scm.storage.ContainerProtocolCalls.readChunk(ContainerProtocolCalls.java:342)
	at org.apache.hadoop.hdds.scm.storage.ChunkInputStream.readChunk(ChunkInputStream.java:430)
	at org.apache.hadoop.hdds.scm.storage.ChunkInputStream.readChunkDataIntoBuffers(ChunkInputStream.java:404)
	at org.apache.hadoop.hdds.scm.storage.ChunkInputStream.readChunkFromContainer(ChunkInputStream.java:389)
	at org.apache.hadoop.hdds.scm.storage.ChunkInputStream.prepareRead(ChunkInputStream.java:331)
	at org.apache.hadoop.hdds.scm.storage.ChunkInputStream.read(ChunkInputStream.java:175)
	at org.apache.hadoop.hdds.scm.storage.ByteArrayReader.readFromBlock(ByteArrayReader.java:57)
	at org.apache.hadoop.hdds.scm.storage.BlockInputStream.readWithStrategy(BlockInputStream.java:328)
	at org.apache.hadoop.hdds.scm.storage.ExtendedInputStream.read(ExtendedInputStream.java:56)
	at org.apache.hadoop.hdds.scm.storage.ByteArrayReader.readFromBlock(ByteArrayReader.java:57)
	at org.apache.hadoop.hdds.scm.storage.MultipartInputStream.readWithStrategy(MultipartInputStream.java:96)
	at org.apache.hadoop.hdds.scm.storage.ExtendedInputStream.read(ExtendedInputStream.java:56)
	at org.apache.hadoop.ozone.client.io.OzoneInputStream.read(OzoneInputStream.java:56)
	at java.io.InputStream.read(InputStream.java:101)
	at org.apache.hadoop.ozone.client.rpc.TestOzoneRpcClientAbstract.testReadKeyWithCorruptedDataWithMutiNodes(TestOzoneRpcClientAbstract.java:2044)
	at sun.reflect.NativeMethodAccessorImpl.invoke0(Native Method)
	at sun.reflect.NativeMethodAccessorImpl.invoke(NativeMethodAccessorImpl.java:62)
	at sun.reflect.DelegatingMethodAccessorImpl.invoke(DelegatingMethodAccessorImpl.java:43)
	at java.lang.reflect.Method.invoke(Method.java:498)
	at org.junit.platform.commons.util.ReflectionUtils.invokeMethod(ReflectionUtils.java:725)
	at org.junit.jupiter.engine.execution.MethodInvocation.proceed(MethodInvocation.java:60)
	at org.junit.jupiter.engine.execution.InvocationInterceptorChain$ValidatingInvocation.proceed(InvocationInterceptorChain.java:131)
	at org.junit.jupiter.engine.extension.TimeoutInvocation.proceed(TimeoutInvocation.java:46)
	at org.junit.jupiter.engine.extension.TimeoutExtension.intercept(TimeoutExtension.java:149)
	at org.junit.jupiter.engine.extension.TimeoutExtension.interceptTestableMethod(TimeoutExtension.java:140)
	at org.junit.jupiter.engine.extension.TimeoutExtension.interceptTestMethod(TimeoutExtension.java:84)
	at org.junit.jupiter.engine.execution.ExecutableInvoker$ReflectiveInterceptorCall.lambda$ofVoidMethod$0(ExecutableInvoker.java:115)
	at org.junit.jupiter.engine.execution.ExecutableInvoker.lambda$invoke$0(ExecutableInvoker.java:105)
	at org.junit.jupiter.engine.execution.InvocationInterceptorChain$InterceptedInvocation.proceed(InvocationInterceptorChain.java:106)
	at org.junit.jupiter.engine.execution.InvocationInterceptorChain.proceed(InvocationInterceptorChain.java:64)
	at org.junit.jupiter.engine.execution.InvocationInterceptorChain.chainAndInvoke(InvocationInterceptorChain.java:45)
	at org.junit.jupiter.engine.execution.InvocationInterceptorChain.invoke(InvocationInterceptorChain.java:37)
	at org.junit.jupiter.engine.execution.ExecutableInvoker.invoke(ExecutableInvoker.java:104)
	at org.junit.jupiter.engine.execution.ExecutableInvoker.invoke(ExecutableInvoker.java:98)
	at org.junit.jupiter.engine.descriptor.TestMethodTestDescriptor.lambda$invokeTestMethod$7(TestMethodTestDescriptor.java:214)
	at org.junit.platform.engine.support.hierarchical.ThrowableCollector.execute(ThrowableCollector.java:73)
	at org.junit.jupiter.engine.descriptor.TestMethodTestDescriptor.invokeTestMethod(TestMethodTestDescriptor.java:210)
	at org.junit.jupiter.engine.descriptor.TestMethodTestDescriptor.execute(TestMethodTestDescriptor.java:135)
	at org.junit.jupiter.engine.descriptor.TestMethodTestDescriptor.execute(TestMethodTestDescriptor.java:66)
	at org.junit.platform.engine.support.hierarchical.NodeTestTask.lambda$executeRecursively$6(NodeTestTask.java:151)
	at org.junit.platform.engine.support.hierarchical.ThrowableCollector.execute(ThrowableCollector.java:73)
	at org.junit.platform.engine.support.hierarchical.NodeTestTask.lambda$executeRecursively$8(NodeTestTask.java:141)
	at org.junit.platform.engine.support.hierarchical.Node.around(Node.java:137)
	at org.junit.platform.engine.support.hierarchical.NodeTestTask.lambda$executeRecursively$9(NodeTestTask.java:139)
	at org.junit.platform.engine.support.hierarchical.ThrowableCollector.execute(ThrowableCollector.java:73)
	at org.junit.platform.engine.support.hierarchical.NodeTestTask.executeRecursively(NodeTestTask.java:138)
	at org.junit.platform.engine.support.hierarchical.NodeTestTask.execute(NodeTestTask.java:95)
	at java.util.ArrayList.forEach(ArrayList.java:1259)
	at org.junit.platform.engine.support.hierarchical.SameThreadHierarchicalTestExecutorService.invokeAll(SameThreadHierarchicalTestExecutorService.java:41)
	at org.junit.platform.engine.support.hierarchical.NodeTestTask.lambda$executeRecursively$6(NodeTestTask.java:155)
	at org.junit.platform.engine.support.hierarchical.ThrowableCollector.execute(ThrowableCollector.java:73)
	at org.junit.platform.engine.support.hierarchical.NodeTestTask.lambda$executeRecursively$8(NodeTestTask.java:141)
	at org.junit.platform.engine.support.hierarchical.Node.around(Node.java:137)
	at org.junit.platform.engine.support.hierarchical.NodeTestTask.lambda$executeRecursively$9(NodeTestTask.java:139)
	at org.junit.platform.engine.support.hierarchical.ThrowableCollector.execute(ThrowableCollector.java:73)
	at org.junit.platform.engine.support.hierarchical.NodeTestTask.executeRecursively(NodeTestTask.java:138)
	at org.junit.platform.engine.support.hierarchical.NodeTestTask.execute(NodeTestTask.java:95)
	at java.util.ArrayList.forEach(ArrayList.java:1259)
	at org.junit.platform.engine.support.hierarchical.SameThreadHierarchicalTestExecutorService.invokeAll(SameThreadHierarchicalTestExecutorService.java:41)
	at org.junit.platform.engine.support.hierarchical.NodeTestTask.lambda$executeRecursively$6(NodeTestTask.java:155)
	at org.junit.platform.engine.support.hierarchical.ThrowableCollector.execute(ThrowableCollector.java:73)
	at org.junit.platform.engine.support.hierarchical.NodeTestTask.lambda$executeRecursively$8(NodeTestTask.java:141)
	at org.junit.platform.engine.support.hierarchical.Node.around(Node.java:137)
	at org.junit.platform.engine.support.hierarchical.NodeTestTask.lambda$executeRecursively$9(NodeTestTask.java:139)
	at org.junit.platform.engine.support.hierarchical.ThrowableCollector.execute(ThrowableCollector.java:73)
	at org.junit.platform.engine.support.hierarchical.NodeTestTask.executeRecursively(NodeTestTask.java:138)
	at org.junit.platform.engine.support.hierarchical.NodeTestTask.execute(NodeTestTask.java:95)
	at org.junit.platform.engine.support.hierarchical.SameThreadHierarchicalTestExecutorService.submit(SameThreadHierarchicalTestExecutorService.java:35)
	at org.junit.platform.engine.support.hierarchical.HierarchicalTestExecutor.execute(HierarchicalTestExecutor.java:57)
	at org.junit.platform.engine.support.hierarchical.HierarchicalTestEngine.execute(HierarchicalTestEngine.java:54)
	at org.junit.platform.launcher.core.EngineExecutionOrchestrator.execute(EngineExecutionOrchestrator.java:107)
	at org.junit.platform.launcher.core.EngineExecutionOrchestrator.execute(EngineExecutionOrchestrator.java:88)
	at org.junit.platform.launcher.core.EngineExecutionOrchestrator.lambda$execute$0(EngineExecutionOrchestrator.java:54)
	at org.junit.platform.launcher.core.EngineExecutionOrchestrator.withInterceptedStreams(EngineExecutionOrchestrator.java:67)
	at org.junit.platform.launcher.core.EngineExecutionOrchestrator.execute(EngineExecutionOrchestrator.java:52)
	at org.junit.platform.launcher.core.DefaultLauncher.execute(DefaultLauncher.java:114)
	at org.junit.platform.launcher.core.DefaultLauncher.execute(DefaultLauncher.java:86)
	at org.junit.platform.launcher.core.DefaultLauncherSession$DelegatingLauncher.execute(DefaultLauncherSession.java:86)
	at org.junit.platform.launcher.core.SessionPerRequestLauncher.execute(SessionPerRequestLauncher.java:53)
	at org.apache.maven.surefire.junitplatform.JUnitPlatformProvider.execute(JUnitPlatformProvider.java:188)
	at org.apache.maven.surefire.junitplatform.JUnitPlatformProvider.invokeAllTests(JUnitPlatformProvider.java:154)
	at org.apache.maven.surefire.junitplatform.JUnitPlatformProvider.invoke(JUnitPlatformProvider.java:124)
	at org.apache.maven.surefire.booter.ForkedBooter.runSuitesInProcess(ForkedBooter.java:428)
	at org.apache.maven.surefire.booter.ForkedBooter.execute(ForkedBooter.java:162)
	at org.apache.maven.surefire.booter.ForkedBooter.run(ForkedBooter.java:562)
	at org.apache.maven.surefire.booter.ForkedBooter.main(ForkedBooter.java:548)
2023-06-07 07:11:54,594 [main] ERROR scm.XceiverClientGrpc (XceiverClientGrpc.java:sendCommandWithRetry(453)) - Failed to execute command ReadChunk on the pipeline Pipeline[ Id: c312a65c-e52e-4b85-ac95-ab933bbae0cc, Nodes: 44d8f5b4-8dfc-4dc1-b3e0-dd93457af28b(fv-az246-755.dmzl2ssfaldu3choa5k4qgfeyh.jx.internal.cloudapp.net/10.1.0.31)add60280-7665-46a7-8f97-112ab314f22d(fv-az246-755.dmzl2ssfaldu3choa5k4qgfeyh.jx.internal.cloudapp.net/10.1.0.31)2912fda5-c0b1-4d9e-ac44-fd313bf4d5ec(fv-az246-755.dmzl2ssfaldu3choa5k4qgfeyh.jx.internal.cloudapp.net/10.1.0.31), ReplicationConfig: STANDALONE/THREE, State:OPEN, leaderId:add60280-7665-46a7-8f97-112ab314f22d, CreationTimestamp2023-06-07T07:10:49.714Z[Etc/UTC]].
2023-06-07 07:11:54,594 [main] WARN  storage.ContainerProtocolCalls (ContainerProtocolCalls.java:tryEachDatanode(150)) - Failed to read chunk 111677748019200387_chunk_1 (len=12) conID: 15 locID: 111677748019200387 bcsId: 184 from add60280-7665-46a7-8f97-112ab314f22d(fv-az246-755.dmzl2ssfaldu3choa5k4qgfeyh.jx.internal.cloudapp.net/10.1.0.31); will try another datanode.
org.apache.hadoop.ozone.common.OzoneChecksumException: Checksum mismatch at index 0
	at org.apache.hadoop.ozone.common.ChecksumData.verifyChecksumDataMatches(ChecksumData.java:139)
	at org.apache.hadoop.ozone.common.Checksum.verifyChecksum(Checksum.java:295)
	at org.apache.hadoop.hdds.scm.storage.ChunkInputStream.lambda$new$0(ChunkInputStream.java:491)
	at org.apache.hadoop.hdds.scm.XceiverClientGrpc.sendCommandWithRetry(XceiverClientGrpc.java:410)
	at org.apache.hadoop.hdds.scm.XceiverClientGrpc.lambda$sendCommandWithTraceIDAndRetry$0(XceiverClientGrpc.java:349)
	at org.apache.hadoop.hdds.tracing.TracingUtil.executeInSpan(TracingUtil.java:196)
	at org.apache.hadoop.hdds.tracing.TracingUtil.executeInNewSpan(TracingUtil.java:170)
	at org.apache.hadoop.hdds.scm.XceiverClientGrpc.sendCommandWithTraceIDAndRetry(XceiverClientGrpc.java:343)
	at org.apache.hadoop.hdds.scm.XceiverClientGrpc.sendCommand(XceiverClientGrpc.java:324)
	at org.apache.hadoop.hdds.scm.storage.ContainerProtocolCalls.readChunk(ContainerProtocolCalls.java:356)
	at org.apache.hadoop.hdds.scm.storage.ContainerProtocolCalls.lambda$readChunk$2(ContainerProtocolCalls.java:343)
	at org.apache.hadoop.hdds.scm.storage.ContainerProtocolCalls.tryEachDatanode(ContainerProtocolCalls.java:146)
	at org.apache.hadoop.hdds.scm.storage.ContainerProtocolCalls.readChunk(ContainerProtocolCalls.java:342)
	at org.apache.hadoop.hdds.scm.storage.ChunkInputStream.readChunk(ChunkInputStream.java:430)
	at org.apache.hadoop.hdds.scm.storage.ChunkInputStream.readChunkDataIntoBuffers(ChunkInputStream.java:404)
	at org.apache.hadoop.hdds.scm.storage.ChunkInputStream.readChunkFromContainer(ChunkInputStream.java:389)
	at org.apache.hadoop.hdds.scm.storage.ChunkInputStream.prepareRead(ChunkInputStream.java:331)
	at org.apache.hadoop.hdds.scm.storage.ChunkInputStream.read(ChunkInputStream.java:175)
	at org.apache.hadoop.hdds.scm.storage.ByteArrayReader.readFromBlock(ByteArrayReader.java:57)
	at org.apache.hadoop.hdds.scm.storage.BlockInputStream.readWithStrategy(BlockInputStream.java:328)
	at org.apache.hadoop.hdds.scm.storage.ExtendedInputStream.read(ExtendedInputStream.java:56)
	at org.apache.hadoop.hdds.scm.storage.ByteArrayReader.readFromBlock(ByteArrayReader.java:57)
	at org.apache.hadoop.hdds.scm.storage.MultipartInputStream.readWithStrategy(MultipartInputStream.java:96)
	at org.apache.hadoop.hdds.scm.storage.ExtendedInputStream.read(ExtendedInputStream.java:56)
	at org.apache.hadoop.ozone.client.io.OzoneInputStream.read(OzoneInputStream.java:56)
	at java.io.InputStream.read(InputStream.java:101)
	at org.apache.hadoop.ozone.client.rpc.TestOzoneRpcClientAbstract.testReadKeyWithCorruptedDataWithMutiNodes(TestOzoneRpcClientAbstract.java:2044)
	at sun.reflect.NativeMethodAccessorImpl.invoke0(Native Method)
	at sun.reflect.NativeMethodAccessorImpl.invoke(NativeMethodAccessorImpl.java:62)
	at sun.reflect.DelegatingMethodAccessorImpl.invoke(DelegatingMethodAccessorImpl.java:43)
	at java.lang.reflect.Method.invoke(Method.java:498)
	at org.junit.platform.commons.util.ReflectionUtils.invokeMethod(ReflectionUtils.java:725)
	at org.junit.jupiter.engine.execution.MethodInvocation.proceed(MethodInvocation.java:60)
	at org.junit.jupiter.engine.execution.InvocationInterceptorChain$ValidatingInvocation.proceed(InvocationInterceptorChain.java:131)
	at org.junit.jupiter.engine.extension.TimeoutInvocation.proceed(TimeoutInvocation.java:46)
	at org.junit.jupiter.engine.extension.TimeoutExtension.intercept(TimeoutExtension.java:149)
	at org.junit.jupiter.engine.extension.TimeoutExtension.interceptTestableMethod(TimeoutExtension.java:140)
	at org.junit.jupiter.engine.extension.TimeoutExtension.interceptTestMethod(TimeoutExtension.java:84)
	at org.junit.jupiter.engine.execution.ExecutableInvoker$ReflectiveInterceptorCall.lambda$ofVoidMethod$0(ExecutableInvoker.java:115)
	at org.junit.jupiter.engine.execution.ExecutableInvoker.lambda$invoke$0(ExecutableInvoker.java:105)
	at org.junit.jupiter.engine.execution.InvocationInterceptorChain$InterceptedInvocation.proceed(InvocationInterceptorChain.java:106)
	at org.junit.jupiter.engine.execution.InvocationInterceptorChain.proceed(InvocationInterceptorChain.java:64)
	at org.junit.jupiter.engine.execution.InvocationInterceptorChain.chainAndInvoke(InvocationInterceptorChain.java:45)
	at org.junit.jupiter.engine.execution.InvocationInterceptorChain.invoke(InvocationInterceptorChain.java:37)
	at org.junit.jupiter.engine.execution.ExecutableInvoker.invoke(ExecutableInvoker.java:104)
	at org.junit.jupiter.engine.execution.ExecutableInvoker.invoke(ExecutableInvoker.java:98)
	at org.junit.jupiter.engine.descriptor.TestMethodTestDescriptor.lambda$invokeTestMethod$7(TestMethodTestDescriptor.java:214)
	at org.junit.platform.engine.support.hierarchical.ThrowableCollector.execute(ThrowableCollector.java:73)
	at org.junit.jupiter.engine.descriptor.TestMethodTestDescriptor.invokeTestMethod(TestMethodTestDescriptor.java:210)
	at org.junit.jupiter.engine.descriptor.TestMethodTestDescriptor.execute(TestMethodTestDescriptor.java:135)
	at org.junit.jupiter.engine.descriptor.TestMethodTestDescriptor.execute(TestMethodTestDescriptor.java:66)
	at org.junit.platform.engine.support.hierarchical.NodeTestTask.lambda$executeRecursively$6(NodeTestTask.java:151)
	at org.junit.platform.engine.support.hierarchical.ThrowableCollector.execute(ThrowableCollector.java:73)
	at org.junit.platform.engine.support.hierarchical.NodeTestTask.lambda$executeRecursively$8(NodeTestTask.java:141)
	at org.junit.platform.engine.support.hierarchical.Node.around(Node.java:137)
	at org.junit.platform.engine.support.hierarchical.NodeTestTask.lambda$executeRecursively$9(NodeTestTask.java:139)
	at org.junit.platform.engine.support.hierarchical.ThrowableCollector.execute(ThrowableCollector.java:73)
	at org.junit.platform.engine.support.hierarchical.NodeTestTask.executeRecursively(NodeTestTask.java:138)
	at org.junit.platform.engine.support.hierarchical.NodeTestTask.execute(NodeTestTask.java:95)
	at java.util.ArrayList.forEach(ArrayList.java:1259)
	at org.junit.platform.engine.support.hierarchical.SameThreadHierarchicalTestExecutorService.invokeAll(SameThreadHierarchicalTestExecutorService.java:41)
	at org.junit.platform.engine.support.hierarchical.NodeTestTask.lambda$executeRecursively$6(NodeTestTask.java:155)
	at org.junit.platform.engine.support.hierarchical.ThrowableCollector.execute(ThrowableCollector.java:73)
	at org.junit.platform.engine.support.hierarchical.NodeTestTask.lambda$executeRecursively$8(NodeTestTask.java:141)
	at org.junit.platform.engine.support.hierarchical.Node.around(Node.java:137)
	at org.junit.platform.engine.support.hierarchical.NodeTestTask.lambda$executeRecursively$9(NodeTestTask.java:139)
	at org.junit.platform.engine.support.hierarchical.ThrowableCollector.execute(ThrowableCollector.java:73)
	at org.junit.platform.engine.support.hierarchical.NodeTestTask.executeRecursively(NodeTestTask.java:138)
	at org.junit.platform.engine.support.hierarchical.NodeTestTask.execute(NodeTestTask.java:95)
	at java.util.ArrayList.forEach(ArrayList.java:1259)
	at org.junit.platform.engine.support.hierarchical.SameThreadHierarchicalTestExecutorService.invokeAll(SameThreadHierarchicalTestExecutorService.java:41)
	at org.junit.platform.engine.support.hierarchical.NodeTestTask.lambda$executeRecursively$6(NodeTestTask.java:155)
	at org.junit.platform.engine.support.hierarchical.ThrowableCollector.execute(ThrowableCollector.java:73)
	at org.junit.platform.engine.support.hierarchical.NodeTestTask.lambda$executeRecursively$8(NodeTestTask.java:141)
	at org.junit.platform.engine.support.hierarchical.Node.around(Node.java:137)
	at org.junit.platform.engine.support.hierarchical.NodeTestTask.lambda$executeRecursively$9(NodeTestTask.java:139)
	at org.junit.platform.engine.support.hierarchical.ThrowableCollector.execute(ThrowableCollector.java:73)
	at org.junit.platform.engine.support.hierarchical.NodeTestTask.executeRecursively(NodeTestTask.java:138)
	at org.junit.platform.engine.support.hierarchical.NodeTestTask.execute(NodeTestTask.java:95)
	at org.junit.platform.engine.support.hierarchical.SameThreadHierarchicalTestExecutorService.submit(SameThreadHierarchicalTestExecutorService.java:35)
	at org.junit.platform.engine.support.hierarchical.HierarchicalTestExecutor.execute(HierarchicalTestExecutor.java:57)
	at org.junit.platform.engine.support.hierarchical.HierarchicalTestEngine.execute(HierarchicalTestEngine.java:54)
	at org.junit.platform.launcher.core.EngineExecutionOrchestrator.execute(EngineExecutionOrchestrator.java:107)
	at org.junit.platform.launcher.core.EngineExecutionOrchestrator.execute(EngineExecutionOrchestrator.java:88)
	at org.junit.platform.launcher.core.EngineExecutionOrchestrator.lambda$execute$0(EngineExecutionOrchestrator.java:54)
	at org.junit.platform.launcher.core.EngineExecutionOrchestrator.withInterceptedStreams(EngineExecutionOrchestrator.java:67)
	at org.junit.platform.launcher.core.EngineExecutionOrchestrator.execute(EngineExecutionOrchestrator.java:52)
	at org.junit.platform.launcher.core.DefaultLauncher.execute(DefaultLauncher.java:114)
	at org.junit.platform.launcher.core.DefaultLauncher.execute(DefaultLauncher.java:86)
	at org.junit.platform.launcher.core.DefaultLauncherSession$DelegatingLauncher.execute(DefaultLauncherSession.java:86)
	at org.junit.platform.launcher.core.SessionPerRequestLauncher.execute(SessionPerRequestLauncher.java:53)
	at org.apache.maven.surefire.junitplatform.JUnitPlatformProvider.execute(JUnitPlatformProvider.java:188)
	at org.apache.maven.surefire.junitplatform.JUnitPlatformProvider.invokeAllTests(JUnitPlatformProvider.java:154)
	at org.apache.maven.surefire.junitplatform.JUnitPlatformProvider.invoke(JUnitPlatformProvider.java:124)
	at org.apache.maven.surefire.booter.ForkedBooter.runSuitesInProcess(ForkedBooter.java:428)
	at org.apache.maven.surefire.booter.ForkedBooter.execute(ForkedBooter.java:162)
	at org.apache.maven.surefire.booter.ForkedBooter.run(ForkedBooter.java:562)
	at org.apache.maven.surefire.booter.ForkedBooter.main(ForkedBooter.java:548)
2023-06-07 07:11:54,599 [main] ERROR scm.XceiverClientGrpc (XceiverClientGrpc.java:sendCommandWithRetry(453)) - Failed to execute command ReadChunk on the pipeline Pipeline[ Id: c312a65c-e52e-4b85-ac95-ab933bbae0cc, Nodes: 44d8f5b4-8dfc-4dc1-b3e0-dd93457af28b(fv-az246-755.dmzl2ssfaldu3choa5k4qgfeyh.jx.internal.cloudapp.net/10.1.0.31)add60280-7665-46a7-8f97-112ab314f22d(fv-az246-755.dmzl2ssfaldu3choa5k4qgfeyh.jx.internal.cloudapp.net/10.1.0.31)2912fda5-c0b1-4d9e-ac44-fd313bf4d5ec(fv-az246-755.dmzl2ssfaldu3choa5k4qgfeyh.jx.internal.cloudapp.net/10.1.0.31), ReplicationConfig: STANDALONE/THREE, State:OPEN, leaderId:add60280-7665-46a7-8f97-112ab314f22d, CreationTimestamp2023-06-07T07:10:49.714Z[Etc/UTC]].
2023-06-07 07:11:54,605 [main] ERROR scm.XceiverClientGrpc (XceiverClientGrpc.java:sendCommandWithRetry(453)) - Failed to execute command ReadChunk on the pipeline Pipeline[ Id: c312a65c-e52e-4b85-ac95-ab933bbae0cc, Nodes: 44d8f5b4-8dfc-4dc1-b3e0-dd93457af28b(fv-az246-755.dmzl2ssfaldu3choa5k4qgfeyh.jx.internal.cloudapp.net/10.1.0.31)add60280-7665-46a7-8f97-112ab314f22d(fv-az246-755.dmzl2ssfaldu3choa5k4qgfeyh.jx.internal.cloudapp.net/10.1.0.31)2912fda5-c0b1-4d9e-ac44-fd313bf4d5ec(fv-az246-755.dmzl2ssfaldu3choa5k4qgfeyh.jx.internal.cloudapp.net/10.1.0.31), ReplicationConfig: STANDALONE/THREE, State:OPEN, leaderId:add60280-7665-46a7-8f97-112ab314f22d, CreationTimestamp2023-06-07T07:10:49.714Z[Etc/UTC]].
2023-06-07 07:11:54,605 [main] WARN  storage.ContainerProtocolCalls (ContainerProtocolCalls.java:tryEachDatanode(150)) - Failed to read chunk 111677748019200387_chunk_1 (len=12) conID: 15 locID: 111677748019200387 bcsId: 184 from 44d8f5b4-8dfc-4dc1-b3e0-dd93457af28b(fv-az246-755.dmzl2ssfaldu3choa5k4qgfeyh.jx.internal.cloudapp.net/10.1.0.31); will try another datanode.
org.apache.hadoop.ozone.common.OzoneChecksumException: Checksum mismatch at index 0
	at org.apache.hadoop.ozone.common.ChecksumData.verifyChecksumDataMatches(ChecksumData.java:139)
	at org.apache.hadoop.ozone.common.Checksum.verifyChecksum(Checksum.java:295)
	at org.apache.hadoop.hdds.scm.storage.ChunkInputStream.lambda$new$0(ChunkInputStream.java:491)
	at org.apache.hadoop.hdds.scm.XceiverClientGrpc.sendCommandWithRetry(XceiverClientGrpc.java:410)
	at org.apache.hadoop.hdds.scm.XceiverClientGrpc.lambda$sendCommandWithTraceIDAndRetry$0(XceiverClientGrpc.java:349)
	at org.apache.hadoop.hdds.tracing.TracingUtil.executeInSpan(TracingUtil.java:196)
	at org.apache.hadoop.hdds.tracing.TracingUtil.executeInNewSpan(TracingUtil.java:170)
	at org.apache.hadoop.hdds.scm.XceiverClientGrpc.sendCommandWithTraceIDAndRetry(XceiverClientGrpc.java:343)
	at org.apache.hadoop.hdds.scm.XceiverClientGrpc.sendCommand(XceiverClientGrpc.java:324)
	at org.apache.hadoop.hdds.scm.storage.ContainerProtocolCalls.readChunk(ContainerProtocolCalls.java:356)
	at org.apache.hadoop.hdds.scm.storage.ContainerProtocolCalls.lambda$readChunk$2(ContainerProtocolCalls.java:343)
	at org.apache.hadoop.hdds.scm.storage.ContainerProtocolCalls.tryEachDatanode(ContainerProtocolCalls.java:146)
	at org.apache.hadoop.hdds.scm.storage.ContainerProtocolCalls.readChunk(ContainerProtocolCalls.java:342)
	at org.apache.hadoop.hdds.scm.storage.ChunkInputStream.readChunk(ChunkInputStream.java:430)
	at org.apache.hadoop.hdds.scm.storage.ChunkInputStream.readChunkDataIntoBuffers(ChunkInputStream.java:404)
	at org.apache.hadoop.hdds.scm.storage.ChunkInputStream.readChunkFromContainer(ChunkInputStream.java:389)
	at org.apache.hadoop.hdds.scm.storage.ChunkInputStream.prepareRead(ChunkInputStream.java:321)
	at org.apache.hadoop.hdds.scm.storage.ChunkInputStream.read(ChunkInputStream.java:175)
	at org.apache.hadoop.hdds.scm.storage.ByteArrayReader.readFromBlock(ByteArrayReader.java:57)
	at org.apache.hadoop.hdds.scm.storage.BlockInputStream.readWithStrategy(BlockInputStream.java:328)
	at org.apache.hadoop.hdds.scm.storage.ExtendedInputStream.read(ExtendedInputStream.java:56)
	at org.apache.hadoop.hdds.scm.storage.ByteArrayReader.readFromBlock(ByteArrayReader.java:57)
	at org.apache.hadoop.hdds.scm.storage.MultipartInputStream.readWithStrategy(MultipartInputStream.java:96)
	at org.apache.hadoop.hdds.scm.storage.ExtendedInputStream.read(ExtendedInputStream.java:56)
	at org.apache.hadoop.ozone.client.io.OzoneInputStream.read(OzoneInputStream.java:56)
	at java.io.InputStream.read(InputStream.java:101)
	at org.apache.hadoop.ozone.client.rpc.TestOzoneRpcClientAbstract.testReadKeyWithCorruptedDataWithMutiNodes(TestOzoneRpcClientAbstract.java:2044)
	at sun.reflect.NativeMethodAccessorImpl.invoke0(Native Method)
	at sun.reflect.NativeMethodAccessorImpl.invoke(NativeMethodAccessorImpl.java:62)
	at sun.reflect.DelegatingMethodAccessorImpl.invoke(DelegatingMethodAccessorImpl.java:43)
	at java.lang.reflect.Method.invoke(Method.java:498)
	at org.junit.platform.commons.util.ReflectionUtils.invokeMethod(ReflectionUtils.java:725)
	at org.junit.jupiter.engine.execution.MethodInvocation.proceed(MethodInvocation.java:60)
	at org.junit.jupiter.engine.execution.InvocationInterceptorChain$ValidatingInvocation.proceed(InvocationInterceptorChain.java:131)
	at org.junit.jupiter.engine.extension.TimeoutInvocation.proceed(TimeoutInvocation.java:46)
	at org.junit.jupiter.engine.extension.TimeoutExtension.intercept(TimeoutExtension.java:149)
	at org.junit.jupiter.engine.extension.TimeoutExtension.interceptTestableMethod(TimeoutExtension.java:140)
	at org.junit.jupiter.engine.extension.TimeoutExtension.interceptTestMethod(TimeoutExtension.java:84)
	at org.junit.jupiter.engine.execution.ExecutableInvoker$ReflectiveInterceptorCall.lambda$ofVoidMethod$0(ExecutableInvoker.java:115)
	at org.junit.jupiter.engine.execution.ExecutableInvoker.lambda$invoke$0(ExecutableInvoker.java:105)
	at org.junit.jupiter.engine.execution.InvocationInterceptorChain$InterceptedInvocation.proceed(InvocationInterceptorChain.java:106)
	at org.junit.jupiter.engine.execution.InvocationInterceptorChain.proceed(InvocationInterceptorChain.java:64)
	at org.junit.jupiter.engine.execution.InvocationInterceptorChain.chainAndInvoke(InvocationInterceptorChain.java:45)
	at org.junit.jupiter.engine.execution.InvocationInterceptorChain.invoke(InvocationInterceptorChain.java:37)
	at org.junit.jupiter.engine.execution.ExecutableInvoker.invoke(ExecutableInvoker.java:104)
	at org.junit.jupiter.engine.execution.ExecutableInvoker.invoke(ExecutableInvoker.java:98)
	at org.junit.jupiter.engine.descriptor.TestMethodTestDescriptor.lambda$invokeTestMethod$7(TestMethodTestDescriptor.java:214)
	at org.junit.platform.engine.support.hierarchical.ThrowableCollector.execute(ThrowableCollector.java:73)
	at org.junit.jupiter.engine.descriptor.TestMethodTestDescriptor.invokeTestMethod(TestMethodTestDescriptor.java:210)
	at org.junit.jupiter.engine.descriptor.TestMethodTestDescriptor.execute(TestMethodTestDescriptor.java:135)
	at org.junit.jupiter.engine.descriptor.TestMethodTestDescriptor.execute(TestMethodTestDescriptor.java:66)
	at org.junit.platform.engine.support.hierarchical.NodeTestTask.lambda$executeRecursively$6(NodeTestTask.java:151)
	at org.junit.platform.engine.support.hierarchical.ThrowableCollector.execute(ThrowableCollector.java:73)
	at org.junit.platform.engine.support.hierarchical.NodeTestTask.lambda$executeRecursively$8(NodeTestTask.java:141)
	at org.junit.platform.engine.support.hierarchical.Node.around(Node.java:137)
	at org.junit.platform.engine.support.hierarchical.NodeTestTask.lambda$executeRecursively$9(NodeTestTask.java:139)
	at org.junit.platform.engine.support.hierarchical.ThrowableCollector.execute(ThrowableCollector.java:73)
	at org.junit.platform.engine.support.hierarchical.NodeTestTask.executeRecursively(NodeTestTask.java:138)
	at org.junit.platform.engine.support.hierarchical.NodeTestTask.execute(NodeTestTask.java:95)
	at java.util.ArrayList.forEach(ArrayList.java:1259)
	at org.junit.platform.engine.support.hierarchical.SameThreadHierarchicalTestExecutorService.invokeAll(SameThreadHierarchicalTestExecutorService.java:41)
	at org.junit.platform.engine.support.hierarchical.NodeTestTask.lambda$executeRecursively$6(NodeTestTask.java:155)
	at org.junit.platform.engine.support.hierarchical.ThrowableCollector.execute(ThrowableCollector.java:73)
	at org.junit.platform.engine.support.hierarchical.NodeTestTask.lambda$executeRecursively$8(NodeTestTask.java:141)
	at org.junit.platform.engine.support.hierarchical.Node.around(Node.java:137)
	at org.junit.platform.engine.support.hierarchical.NodeTestTask.lambda$executeRecursively$9(NodeTestTask.java:139)
	at org.junit.platform.engine.support.hierarchical.ThrowableCollector.execute(ThrowableCollector.java:73)
	at org.junit.platform.engine.support.hierarchical.NodeTestTask.executeRecursively(NodeTestTask.java:138)
	at org.junit.platform.engine.support.hierarchical.NodeTestTask.execute(NodeTestTask.java:95)
	at java.util.ArrayList.forEach(ArrayList.java:1259)
	at org.junit.platform.engine.support.hierarchical.SameThreadHierarchicalTestExecutorService.invokeAll(SameThreadHierarchicalTestExecutorService.java:41)
	at org.junit.platform.engine.support.hierarchical.NodeTestTask.lambda$executeRecursively$6(NodeTestTask.java:155)
	at org.junit.platform.engine.support.hierarchical.ThrowableCollector.execute(ThrowableCollector.java:73)
	at org.junit.platform.engine.support.hierarchical.NodeTestTask.lambda$executeRecursively$8(NodeTestTask.java:141)
	at org.junit.platform.engine.support.hierarchical.Node.around(Node.java:137)
	at org.junit.platform.engine.support.hierarchical.NodeTestTask.lambda$executeRecursively$9(NodeTestTask.java:139)
	at org.junit.platform.engine.support.hierarchical.ThrowableCollector.execute(ThrowableCollector.java:73)
	at org.junit.platform.engine.support.hierarchical.NodeTestTask.executeRecursively(NodeTestTask.java:138)
	at org.junit.platform.engine.support.hierarchical.NodeTestTask.execute(NodeTestTask.java:95)
	at org.junit.platform.engine.support.hierarchical.SameThreadHierarchicalTestExecutorService.submit(SameThreadHierarchicalTestExecutorService.java:35)
	at org.junit.platform.engine.support.hierarchical.HierarchicalTestExecutor.execute(HierarchicalTestExecutor.java:57)
	at org.junit.platform.engine.support.hierarchical.HierarchicalTestEngine.execute(HierarchicalTestEngine.java:54)
	at org.junit.platform.launcher.core.EngineExecutionOrchestrator.execute(EngineExecutionOrchestrator.java:107)
	at org.junit.platform.launcher.core.EngineExecutionOrchestrator.execute(EngineExecutionOrchestrator.java:88)
	at org.junit.platform.launcher.core.EngineExecutionOrchestrator.lambda$execute$0(EngineExecutionOrchestrator.java:54)
	at org.junit.platform.launcher.core.EngineExecutionOrchestrator.withInterceptedStreams(EngineExecutionOrchestrator.java:67)
	at org.junit.platform.launcher.core.EngineExecutionOrchestrator.execute(EngineExecutionOrchestrator.java:52)
	at org.junit.platform.launcher.core.DefaultLauncher.execute(DefaultLauncher.java:114)
	at org.junit.platform.launcher.core.DefaultLauncher.execute(DefaultLauncher.java:86)
	at org.junit.platform.launcher.core.DefaultLauncherSession$DelegatingLauncher.execute(DefaultLauncherSession.java:86)
	at org.junit.platform.launcher.core.SessionPerRequestLauncher.execute(SessionPerRequestLauncher.java:53)
	at org.apache.maven.surefire.junitplatform.JUnitPlatformProvider.execute(JUnitPlatformProvider.java:188)
	at org.apache.maven.surefire.junitplatform.JUnitPlatformProvider.invokeAllTests(JUnitPlatformProvider.java:154)
	at org.apache.maven.surefire.junitplatform.JUnitPlatformProvider.invoke(JUnitPlatformProvider.java:124)
	at org.apache.maven.surefire.booter.ForkedBooter.runSuitesInProcess(ForkedBooter.java:428)
	at org.apache.maven.surefire.booter.ForkedBooter.execute(ForkedBooter.java:162)
	at org.apache.maven.surefire.booter.ForkedBooter.run(ForkedBooter.java:562)
	at org.apache.maven.surefire.booter.ForkedBooter.main(ForkedBooter.java:548)
2023-06-07 07:11:54,610 [main] ERROR scm.XceiverClientGrpc (XceiverClientGrpc.java:sendCommandWithRetry(453)) - Failed to execute command ReadChunk on the pipeline Pipeline[ Id: c312a65c-e52e-4b85-ac95-ab933bbae0cc, Nodes: 44d8f5b4-8dfc-4dc1-b3e0-dd93457af28b(fv-az246-755.dmzl2ssfaldu3choa5k4qgfeyh.jx.internal.cloudapp.net/10.1.0.31)add60280-7665-46a7-8f97-112ab314f22d(fv-az246-755.dmzl2ssfaldu3choa5k4qgfeyh.jx.internal.cloudapp.net/10.1.0.31)2912fda5-c0b1-4d9e-ac44-fd313bf4d5ec(fv-az246-755.dmzl2ssfaldu3choa5k4qgfeyh.jx.internal.cloudapp.net/10.1.0.31), ReplicationConfig: STANDALONE/THREE, State:OPEN, leaderId:add60280-7665-46a7-8f97-112ab314f22d, CreationTimestamp2023-06-07T07:10:49.714Z[Etc/UTC]].
2023-06-07 07:11:54,610 [main] WARN  storage.ContainerProtocolCalls (ContainerProtocolCalls.java:tryEachDatanode(150)) - Failed to read chunk 111677748019200387_chunk_1 (len=12) conID: 15 locID: 111677748019200387 bcsId: 184 from add60280-7665-46a7-8f97-112ab314f22d(fv-az246-755.dmzl2ssfaldu3choa5k4qgfeyh.jx.internal.cloudapp.net/10.1.0.31); will try another datanode.
org.apache.hadoop.ozone.common.OzoneChecksumException: Checksum mismatch at index 0
	at org.apache.hadoop.ozone.common.ChecksumData.verifyChecksumDataMatches(ChecksumData.java:139)
	at org.apache.hadoop.ozone.common.Checksum.verifyChecksum(Checksum.java:295)
	at org.apache.hadoop.hdds.scm.storage.ChunkInputStream.lambda$new$0(ChunkInputStream.java:491)
	at org.apache.hadoop.hdds.scm.XceiverClientGrpc.sendCommandWithRetry(XceiverClientGrpc.java:410)
	at org.apache.hadoop.hdds.scm.XceiverClientGrpc.lambda$sendCommandWithTraceIDAndRetry$0(XceiverClientGrpc.java:349)
	at org.apache.hadoop.hdds.tracing.TracingUtil.executeInSpan(TracingUtil.java:196)
	at org.apache.hadoop.hdds.tracing.TracingUtil.executeInNewSpan(TracingUtil.java:170)
	at org.apache.hadoop.hdds.scm.XceiverClientGrpc.sendCommandWithTraceIDAndRetry(XceiverClientGrpc.java:343)
	at org.apache.hadoop.hdds.scm.XceiverClientGrpc.sendCommand(XceiverClientGrpc.java:324)
	at org.apache.hadoop.hdds.scm.storage.ContainerProtocolCalls.readChunk(ContainerProtocolCalls.java:356)
	at org.apache.hadoop.hdds.scm.storage.ContainerProtocolCalls.lambda$readChunk$2(ContainerProtocolCalls.java:343)
	at org.apache.hadoop.hdds.scm.storage.ContainerProtocolCalls.tryEachDatanode(ContainerProtocolCalls.java:146)
	at org.apache.hadoop.hdds.scm.storage.ContainerProtocolCalls.readChunk(ContainerProtocolCalls.java:342)
	at org.apache.hadoop.hdds.scm.storage.ChunkInputStream.readChunk(ChunkInputStream.java:430)
	at org.apache.hadoop.hdds.scm.storage.ChunkInputStream.readChunkDataIntoBuffers(ChunkInputStream.java:404)
	at org.apache.hadoop.hdds.scm.storage.ChunkInputStream.readChunkFromContainer(ChunkInputStream.java:389)
	at org.apache.hadoop.hdds.scm.storage.ChunkInputStream.prepareRead(ChunkInputStream.java:321)
	at org.apache.hadoop.hdds.scm.storage.ChunkInputStream.read(ChunkInputStream.java:175)
	at org.apache.hadoop.hdds.scm.storage.ByteArrayReader.readFromBlock(ByteArrayReader.java:57)
	at org.apache.hadoop.hdds.scm.storage.BlockInputStream.readWithStrategy(BlockInputStream.java:328)
	at org.apache.hadoop.hdds.scm.storage.ExtendedInputStream.read(ExtendedInputStream.java:56)
	at org.apache.hadoop.hdds.scm.storage.ByteArrayReader.readFromBlock(ByteArrayReader.java:57)
	at org.apache.hadoop.hdds.scm.storage.MultipartInputStream.readWithStrategy(MultipartInputStream.java:96)
	at org.apache.hadoop.hdds.scm.storage.ExtendedInputStream.read(ExtendedInputStream.java:56)
	at org.apache.hadoop.ozone.client.io.OzoneInputStream.read(OzoneInputStream.java:56)
	at java.io.InputStream.read(InputStream.java:101)
	at org.apache.hadoop.ozone.client.rpc.TestOzoneRpcClientAbstract.testReadKeyWithCorruptedDataWithMutiNodes(TestOzoneRpcClientAbstract.java:2044)
	at sun.reflect.NativeMethodAccessorImpl.invoke0(Native Method)
	at sun.reflect.NativeMethodAccessorImpl.invoke(NativeMethodAccessorImpl.java:62)
	at sun.reflect.DelegatingMethodAccessorImpl.invoke(DelegatingMethodAccessorImpl.java:43)
	at java.lang.reflect.Method.invoke(Method.java:498)
	at org.junit.platform.commons.util.ReflectionUtils.invokeMethod(ReflectionUtils.java:725)
	at org.junit.jupiter.engine.execution.MethodInvocation.proceed(MethodInvocation.java:60)
	at org.junit.jupiter.engine.execution.InvocationInterceptorChain$ValidatingInvocation.proceed(InvocationInterceptorChain.java:131)
	at org.junit.jupiter.engine.extension.TimeoutInvocation.proceed(TimeoutInvocation.java:46)
	at org.junit.jupiter.engine.extension.TimeoutExtension.intercept(TimeoutExtension.java:149)
	at org.junit.jupiter.engine.extension.TimeoutExtension.interceptTestableMethod(TimeoutExtension.java:140)
	at org.junit.jupiter.engine.extension.TimeoutExtension.interceptTestMethod(TimeoutExtension.java:84)
	at org.junit.jupiter.engine.execution.ExecutableInvoker$ReflectiveInterceptorCall.lambda$ofVoidMethod$0(ExecutableInvoker.java:115)
	at org.junit.jupiter.engine.execution.ExecutableInvoker.lambda$invoke$0(ExecutableInvoker.java:105)
	at org.junit.jupiter.engine.execution.InvocationInterceptorChain$InterceptedInvocation.proceed(InvocationInterceptorChain.java:106)
	at org.junit.jupiter.engine.execution.InvocationInterceptorChain.proceed(InvocationInterceptorChain.java:64)
	at org.junit.jupiter.engine.execution.InvocationInterceptorChain.chainAndInvoke(InvocationInterceptorChain.java:45)
	at org.junit.jupiter.engine.execution.InvocationInterceptorChain.invoke(InvocationInterceptorChain.java:37)
	at org.junit.jupiter.engine.execution.ExecutableInvoker.invoke(ExecutableInvoker.java:104)
	at org.junit.jupiter.engine.execution.ExecutableInvoker.invoke(ExecutableInvoker.java:98)
	at org.junit.jupiter.engine.descriptor.TestMethodTestDescriptor.lambda$invokeTestMethod$7(TestMethodTestDescriptor.java:214)
	at org.junit.platform.engine.support.hierarchical.ThrowableCollector.execute(ThrowableCollector.java:73)
	at org.junit.jupiter.engine.descriptor.TestMethodTestDescriptor.invokeTestMethod(TestMethodTestDescriptor.java:210)
	at org.junit.jupiter.engine.descriptor.TestMethodTestDescriptor.execute(TestMethodTestDescriptor.java:135)
	at org.junit.jupiter.engine.descriptor.TestMethodTestDescriptor.execute(TestMethodTestDescriptor.java:66)
	at org.junit.platform.engine.support.hierarchical.NodeTestTask.lambda$executeRecursively$6(NodeTestTask.java:151)
	at org.junit.platform.engine.support.hierarchical.ThrowableCollector.execute(ThrowableCollector.java:73)
	at org.junit.platform.engine.support.hierarchical.NodeTestTask.lambda$executeRecursively$8(NodeTestTask.java:141)
	at org.junit.platform.engine.support.hierarchical.Node.around(Node.java:137)
	at org.junit.platform.engine.support.hierarchical.NodeTestTask.lambda$executeRecursively$9(NodeTestTask.java:139)
	at org.junit.platform.engine.support.hierarchical.ThrowableCollector.execute(ThrowableCollector.java:73)
	at org.junit.platform.engine.support.hierarchical.NodeTestTask.executeRecursively(NodeTestTask.java:138)
	at org.junit.platform.engine.support.hierarchical.NodeTestTask.execute(NodeTestTask.java:95)
	at java.util.ArrayList.forEach(ArrayList.java:1259)
	at org.junit.platform.engine.support.hierarchical.SameThreadHierarchicalTestExecutorService.invokeAll(SameThreadHierarchicalTestExecutorService.java:41)
	at org.junit.platform.engine.support.hierarchical.NodeTestTask.lambda$executeRecursively$6(NodeTestTask.java:155)
	at org.junit.platform.engine.support.hierarchical.ThrowableCollector.execute(ThrowableCollector.java:73)
	at org.junit.platform.engine.support.hierarchical.NodeTestTask.lambda$executeRecursively$8(NodeTestTask.java:141)
	at org.junit.platform.engine.support.hierarchical.Node.around(Node.java:137)
	at org.junit.platform.engine.support.hierarchical.NodeTestTask.lambda$executeRecursively$9(NodeTestTask.java:139)
	at org.junit.platform.engine.support.hierarchical.ThrowableCollector.execute(ThrowableCollector.java:73)
	at org.junit.platform.engine.support.hierarchical.NodeTestTask.executeRecursively(NodeTestTask.java:138)
	at org.junit.platform.engine.support.hierarchical.NodeTestTask.execute(NodeTestTask.java:95)
	at java.util.ArrayList.forEach(ArrayList.java:1259)
	at org.junit.platform.engine.support.hierarchical.SameThreadHierarchicalTestExecutorService.invokeAll(SameThreadHierarchicalTestExecutorService.java:41)
	at org.junit.platform.engine.support.hierarchical.NodeTestTask.lambda$executeRecursively$6(NodeTestTask.java:155)
	at org.junit.platform.engine.support.hierarchical.ThrowableCollector.execute(ThrowableCollector.java:73)
	at org.junit.platform.engine.support.hierarchical.NodeTestTask.lambda$executeRecursively$8(NodeTestTask.java:141)
	at org.junit.platform.engine.support.hierarchical.Node.around(Node.java:137)
	at org.junit.platform.engine.support.hierarchical.NodeTestTask.lambda$executeRecursively$9(NodeTestTask.java:139)
	at org.junit.platform.engine.support.hierarchical.ThrowableCollector.execute(ThrowableCollector.java:73)
	at org.junit.platform.engine.support.hierarchical.NodeTestTask.executeRecursively(NodeTestTask.java:138)
	at org.junit.platform.engine.support.hierarchical.NodeTestTask.execute(NodeTestTask.java:95)
	at org.junit.platform.engine.support.hierarchical.SameThreadHierarchicalTestExecutorService.submit(SameThreadHierarchicalTestExecutorService.java:35)
	at org.junit.platform.engine.support.hierarchical.HierarchicalTestExecutor.execute(HierarchicalTestExecutor.java:57)
	at org.junit.platform.engine.support.hierarchical.HierarchicalTestEngine.execute(HierarchicalTestEngine.java:54)
	at org.junit.platform.launcher.core.EngineExecutionOrchestrator.execute(EngineExecutionOrchestrator.java:107)
	at org.junit.platform.launcher.core.EngineExecutionOrchestrator.execute(EngineExecutionOrchestrator.java:88)
	at org.junit.platform.launcher.core.EngineExecutionOrchestrator.lambda$execute$0(EngineExecutionOrchestrator.java:54)
	at org.junit.platform.launcher.core.EngineExecutionOrchestrator.withInterceptedStreams(EngineExecutionOrchestrator.java:67)
	at org.junit.platform.launcher.core.EngineExecutionOrchestrator.execute(EngineExecutionOrchestrator.java:52)
	at org.junit.platform.launcher.core.DefaultLauncher.execute(DefaultLauncher.java:114)
	at org.junit.platform.launcher.core.DefaultLauncher.execute(DefaultLauncher.java:86)
	at org.junit.platform.launcher.core.DefaultLauncherSession$DelegatingLauncher.execute(DefaultLauncherSession.java:86)
	at org.junit.platform.launcher.core.SessionPerRequestLauncher.execute(SessionPerRequestLauncher.java:53)
	at org.apache.maven.surefire.junitplatform.JUnitPlatformProvider.execute(JUnitPlatformProvider.java:188)
	at org.apache.maven.surefire.junitplatform.JUnitPlatformProvider.invokeAllTests(JUnitPlatformProvider.java:154)
	at org.apache.maven.surefire.junitplatform.JUnitPlatformProvider.invoke(JUnitPlatformProvider.java:124)
	at org.apache.maven.surefire.booter.ForkedBooter.runSuitesInProcess(ForkedBooter.java:428)
	at org.apache.maven.surefire.booter.ForkedBooter.execute(ForkedBooter.java:162)
	at org.apache.maven.surefire.booter.ForkedBooter.run(ForkedBooter.java:562)
	at org.apache.maven.surefire.booter.ForkedBooter.main(ForkedBooter.java:548)
2023-06-07 07:11:54,615 [main] ERROR scm.XceiverClientGrpc (XceiverClientGrpc.java:sendCommandWithRetry(453)) - Failed to execute command ReadChunk on the pipeline Pipeline[ Id: c312a65c-e52e-4b85-ac95-ab933bbae0cc, Nodes: 44d8f5b4-8dfc-4dc1-b3e0-dd93457af28b(fv-az246-755.dmzl2ssfaldu3choa5k4qgfeyh.jx.internal.cloudapp.net/10.1.0.31)add60280-7665-46a7-8f97-112ab314f22d(fv-az246-755.dmzl2ssfaldu3choa5k4qgfeyh.jx.internal.cloudapp.net/10.1.0.31)2912fda5-c0b1-4d9e-ac44-fd313bf4d5ec(fv-az246-755.dmzl2ssfaldu3choa5k4qgfeyh.jx.internal.cloudapp.net/10.1.0.31), ReplicationConfig: STANDALONE/THREE, State:OPEN, leaderId:add60280-7665-46a7-8f97-112ab314f22d, CreationTimestamp2023-06-07T07:10:49.714Z[Etc/UTC]].
2023-06-07 07:11:54,620 [main] ERROR scm.XceiverClientGrpc (XceiverClientGrpc.java:sendCommandWithRetry(453)) - Failed to execute command ReadChunk on the pipeline Pipeline[ Id: c312a65c-e52e-4b85-ac95-ab933bbae0cc, Nodes: 44d8f5b4-8dfc-4dc1-b3e0-dd93457af28b(fv-az246-755.dmzl2ssfaldu3choa5k4qgfeyh.jx.internal.cloudapp.net/10.1.0.31)add60280-7665-46a7-8f97-112ab314f22d(fv-az246-755.dmzl2ssfaldu3choa5k4qgfeyh.jx.internal.cloudapp.net/10.1.0.31)2912fda5-c0b1-4d9e-ac44-fd313bf4d5ec(fv-az246-755.dmzl2ssfaldu3choa5k4qgfeyh.jx.internal.cloudapp.net/10.1.0.31), ReplicationConfig: STANDALONE/THREE, State:OPEN, leaderId:add60280-7665-46a7-8f97-112ab314f22d, CreationTimestamp2023-06-07T07:10:49.714Z[Etc/UTC]].
2023-06-07 07:11:54,622 [main] WARN  storage.ContainerProtocolCalls (ContainerProtocolCalls.java:tryEachDatanode(150)) - Failed to read chunk 111677748019200387_chunk_1 (len=12) conID: 15 locID: 111677748019200387 bcsId: 184 from 44d8f5b4-8dfc-4dc1-b3e0-dd93457af28b(fv-az246-755.dmzl2ssfaldu3choa5k4qgfeyh.jx.internal.cloudapp.net/10.1.0.31); will try another datanode.
org.apache.hadoop.ozone.common.OzoneChecksumException: Checksum mismatch at index 0
	at org.apache.hadoop.ozone.common.ChecksumData.verifyChecksumDataMatches(ChecksumData.java:139)
	at org.apache.hadoop.ozone.common.Checksum.verifyChecksum(Checksum.java:295)
	at org.apache.hadoop.hdds.scm.storage.ChunkInputStream.lambda$new$0(ChunkInputStream.java:491)
	at org.apache.hadoop.hdds.scm.XceiverClientGrpc.sendCommandWithRetry(XceiverClientGrpc.java:410)
	at org.apache.hadoop.hdds.scm.XceiverClientGrpc.lambda$sendCommandWithTraceIDAndRetry$0(XceiverClientGrpc.java:349)
	at org.apache.hadoop.hdds.tracing.TracingUtil.executeInSpan(TracingUtil.java:196)
	at org.apache.hadoop.hdds.tracing.TracingUtil.executeInNewSpan(TracingUtil.java:170)
	at org.apache.hadoop.hdds.scm.XceiverClientGrpc.sendCommandWithTraceIDAndRetry(XceiverClientGrpc.java:343)
	at org.apache.hadoop.hdds.scm.XceiverClientGrpc.sendCommand(XceiverClientGrpc.java:324)
	at org.apache.hadoop.hdds.scm.storage.ContainerProtocolCalls.readChunk(ContainerProtocolCalls.java:356)
	at org.apache.hadoop.hdds.scm.storage.ContainerProtocolCalls.lambda$readChunk$2(ContainerProtocolCalls.java:343)
	at org.apache.hadoop.hdds.scm.storage.ContainerProtocolCalls.tryEachDatanode(ContainerProtocolCalls.java:146)
	at org.apache.hadoop.hdds.scm.storage.ContainerProtocolCalls.readChunk(ContainerProtocolCalls.java:342)
	at org.apache.hadoop.hdds.scm.storage.ChunkInputStream.readChunk(ChunkInputStream.java:430)
	at org.apache.hadoop.hdds.scm.storage.ChunkInputStream.readChunkDataIntoBuffers(ChunkInputStream.java:404)
	at org.apache.hadoop.hdds.scm.storage.ChunkInputStream.readChunkFromContainer(ChunkInputStream.java:389)
	at org.apache.hadoop.hdds.scm.storage.ChunkInputStream.prepareRead(ChunkInputStream.java:321)
	at org.apache.hadoop.hdds.scm.storage.ChunkInputStream.read(ChunkInputStream.java:175)
	at org.apache.hadoop.hdds.scm.storage.ByteArrayReader.readFromBlock(ByteArrayReader.java:57)
	at org.apache.hadoop.hdds.scm.storage.BlockInputStream.readWithStrategy(BlockInputStream.java:328)
	at org.apache.hadoop.hdds.scm.storage.ExtendedInputStream.read(ExtendedInputStream.java:56)
	at org.apache.hadoop.hdds.scm.storage.ByteArrayReader.readFromBlock(ByteArrayReader.java:57)
	at org.apache.hadoop.hdds.scm.storage.MultipartInputStream.readWithStrategy(MultipartInputStream.java:96)
	at org.apache.hadoop.hdds.scm.storage.ExtendedInputStream.read(ExtendedInputStream.java:56)
	at org.apache.hadoop.ozone.client.io.OzoneInputStream.read(OzoneInputStream.java:56)
	at java.io.InputStream.read(InputStream.java:101)
	at org.apache.hadoop.ozone.client.rpc.TestOzoneRpcClientAbstract.testReadKeyWithCorruptedDataWithMutiNodes(TestOzoneRpcClientAbstract.java:2044)
	at sun.reflect.NativeMethodAccessorImpl.invoke0(Native Method)
	at sun.reflect.NativeMethodAccessorImpl.invoke(NativeMethodAccessorImpl.java:62)
	at sun.reflect.DelegatingMethodAccessorImpl.invoke(DelegatingMethodAccessorImpl.java:43)
	at java.lang.reflect.Method.invoke(Method.java:498)
	at org.junit.platform.commons.util.ReflectionUtils.invokeMethod(ReflectionUtils.java:725)
	at org.junit.jupiter.engine.execution.MethodInvocation.proceed(MethodInvocation.java:60)
	at org.junit.jupiter.engine.execution.InvocationInterceptorChain$ValidatingInvocation.proceed(InvocationInterceptorChain.java:131)
	at org.junit.jupiter.engine.extension.TimeoutInvocation.proceed(TimeoutInvocation.java:46)
	at org.junit.jupiter.engine.extension.TimeoutExtension.intercept(TimeoutExtension.java:149)
	at org.junit.jupiter.engine.extension.TimeoutExtension.interceptTestableMethod(TimeoutExtension.java:140)
	at org.junit.jupiter.engine.extension.TimeoutExtension.interceptTestMethod(TimeoutExtension.java:84)
	at org.junit.jupiter.engine.execution.ExecutableInvoker$ReflectiveInterceptorCall.lambda$ofVoidMethod$0(ExecutableInvoker.java:115)
	at org.junit.jupiter.engine.execution.ExecutableInvoker.lambda$invoke$0(ExecutableInvoker.java:105)
	at org.junit.jupiter.engine.execution.InvocationInterceptorChain$InterceptedInvocation.proceed(InvocationInterceptorChain.java:106)
	at org.junit.jupiter.engine.execution.InvocationInterceptorChain.proceed(InvocationInterceptorChain.java:64)
	at org.junit.jupiter.engine.execution.InvocationInterceptorChain.chainAndInvoke(InvocationInterceptorChain.java:45)
	at org.junit.jupiter.engine.execution.InvocationInterceptorChain.invoke(InvocationInterceptorChain.java:37)
	at org.junit.jupiter.engine.execution.ExecutableInvoker.invoke(ExecutableInvoker.java:104)
	at org.junit.jupiter.engine.execution.ExecutableInvoker.invoke(ExecutableInvoker.java:98)
	at org.junit.jupiter.engine.descriptor.TestMethodTestDescriptor.lambda$invokeTestMethod$7(TestMethodTestDescriptor.java:214)
	at org.junit.platform.engine.support.hierarchical.ThrowableCollector.execute(ThrowableCollector.java:73)
	at org.junit.jupiter.engine.descriptor.TestMethodTestDescriptor.invokeTestMethod(TestMethodTestDescriptor.java:210)
	at org.junit.jupiter.engine.descriptor.TestMethodTestDescriptor.execute(TestMethodTestDescriptor.java:135)
	at org.junit.jupiter.engine.descriptor.TestMethodTestDescriptor.execute(TestMethodTestDescriptor.java:66)
	at org.junit.platform.engine.support.hierarchical.NodeTestTask.lambda$executeRecursively$6(NodeTestTask.java:151)
	at org.junit.platform.engine.support.hierarchical.ThrowableCollector.execute(ThrowableCollector.java:73)
	at org.junit.platform.engine.support.hierarchical.NodeTestTask.lambda$executeRecursively$8(NodeTestTask.java:141)
	at org.junit.platform.engine.support.hierarchical.Node.around(Node.java:137)
	at org.junit.platform.engine.support.hierarchical.NodeTestTask.lambda$executeRecursively$9(NodeTestTask.java:139)
	at org.junit.platform.engine.support.hierarchical.ThrowableCollector.execute(ThrowableCollector.java:73)
	at org.junit.platform.engine.support.hierarchical.NodeTestTask.executeRecursively(NodeTestTask.java:138)
	at org.junit.platform.engine.support.hierarchical.NodeTestTask.execute(NodeTestTask.java:95)
	at java.util.ArrayList.forEach(ArrayList.java:1259)
	at org.junit.platform.engine.support.hierarchical.SameThreadHierarchicalTestExecutorService.invokeAll(SameThreadHierarchicalTestExecutorService.java:41)
	at org.junit.platform.engine.support.hierarchical.NodeTestTask.lambda$executeRecursively$6(NodeTestTask.java:155)
	at org.junit.platform.engine.support.hierarchical.ThrowableCollector.execute(ThrowableCollector.java:73)
	at org.junit.platform.engine.support.hierarchical.NodeTestTask.lambda$executeRecursively$8(NodeTestTask.java:141)
	at org.junit.platform.engine.support.hierarchical.Node.around(Node.java:137)
	at org.junit.platform.engine.support.hierarchical.NodeTestTask.lambda$executeRecursively$9(NodeTestTask.java:139)
	at org.junit.platform.engine.support.hierarchical.ThrowableCollector.execute(ThrowableCollector.java:73)
	at org.junit.platform.engine.support.hierarchical.NodeTestTask.executeRecursively(NodeTestTask.java:138)
	at org.junit.platform.engine.support.hierarchical.NodeTestTask.execute(NodeTestTask.java:95)
	at java.util.ArrayList.forEach(ArrayList.java:1259)
	at org.junit.platform.engine.support.hierarchical.SameThreadHierarchicalTestExecutorService.invokeAll(SameThreadHierarchicalTestExecutorService.java:41)
	at org.junit.platform.engine.support.hierarchical.NodeTestTask.lambda$executeRecursively$6(NodeTestTask.java:155)
	at org.junit.platform.engine.support.hierarchical.ThrowableCollector.execute(ThrowableCollector.java:73)
	at org.junit.platform.engine.support.hierarchical.NodeTestTask.lambda$executeRecursively$8(NodeTestTask.java:141)
	at org.junit.platform.engine.support.hierarchical.Node.around(Node.java:137)
	at org.junit.platform.engine.support.hierarchical.NodeTestTask.lambda$executeRecursively$9(NodeTestTask.java:139)
	at org.junit.platform.engine.support.hierarchical.ThrowableCollector.execute(ThrowableCollector.java:73)
	at org.junit.platform.engine.support.hierarchical.NodeTestTask.executeRecursively(NodeTestTask.java:138)
	at org.junit.platform.engine.support.hierarchical.NodeTestTask.execute(NodeTestTask.java:95)
	at org.junit.platform.engine.support.hierarchical.SameThreadHierarchicalTestExecutorService.submit(SameThreadHierarchicalTestExecutorService.java:35)
	at org.junit.platform.engine.support.hierarchical.HierarchicalTestExecutor.execute(HierarchicalTestExecutor.java:57)
	at org.junit.platform.engine.support.hierarchical.HierarchicalTestEngine.execute(HierarchicalTestEngine.java:54)
	at org.junit.platform.launcher.core.EngineExecutionOrchestrator.execute(EngineExecutionOrchestrator.java:107)
	at org.junit.platform.launcher.core.EngineExecutionOrchestrator.execute(EngineExecutionOrchestrator.java:88)
	at org.junit.platform.launcher.core.EngineExecutionOrchestrator.lambda$execute$0(EngineExecutionOrchestrator.java:54)
	at org.junit.platform.launcher.core.EngineExecutionOrchestrator.withInterceptedStreams(EngineExecutionOrchestrator.java:67)
	at org.junit.platform.launcher.core.EngineExecutionOrchestrator.execute(EngineExecutionOrchestrator.java:52)
	at org.junit.platform.launcher.core.DefaultLauncher.execute(DefaultLauncher.java:114)
	at org.junit.platform.launcher.core.DefaultLauncher.execute(DefaultLauncher.java:86)
	at org.junit.platform.launcher.core.DefaultLauncherSession$DelegatingLauncher.execute(DefaultLauncherSession.java:86)
	at org.junit.platform.launcher.core.SessionPerRequestLauncher.execute(SessionPerRequestLauncher.java:53)
	at org.apache.maven.surefire.junitplatform.JUnitPlatformProvider.execute(JUnitPlatformProvider.java:188)
	at org.apache.maven.surefire.junitplatform.JUnitPlatformProvider.invokeAllTests(JUnitPlatformProvider.java:154)
	at org.apache.maven.surefire.junitplatform.JUnitPlatformProvider.invoke(JUnitPlatformProvider.java:124)
	at org.apache.maven.surefire.booter.ForkedBooter.runSuitesInProcess(ForkedBooter.java:428)
	at org.apache.maven.surefire.booter.ForkedBooter.execute(ForkedBooter.java:162)
	at org.apache.maven.surefire.booter.ForkedBooter.run(ForkedBooter.java:562)
	at org.apache.maven.surefire.booter.ForkedBooter.main(ForkedBooter.java:548)
2023-06-07 07:11:54,628 [main] ERROR scm.XceiverClientGrpc (XceiverClientGrpc.java:sendCommandWithRetry(453)) - Failed to execute command ReadChunk on the pipeline Pipeline[ Id: c312a65c-e52e-4b85-ac95-ab933bbae0cc, Nodes: 44d8f5b4-8dfc-4dc1-b3e0-dd93457af28b(fv-az246-755.dmzl2ssfaldu3choa5k4qgfeyh.jx.internal.cloudapp.net/10.1.0.31)add60280-7665-46a7-8f97-112ab314f22d(fv-az246-755.dmzl2ssfaldu3choa5k4qgfeyh.jx.internal.cloudapp.net/10.1.0.31)2912fda5-c0b1-4d9e-ac44-fd313bf4d5ec(fv-az246-755.dmzl2ssfaldu3choa5k4qgfeyh.jx.internal.cloudapp.net/10.1.0.31), ReplicationConfig: STANDALONE/THREE, State:OPEN, leaderId:add60280-7665-46a7-8f97-112ab314f22d, CreationTimestamp2023-06-07T07:10:49.714Z[Etc/UTC]].
2023-06-07 07:11:54,628 [main] WARN  storage.ContainerProtocolCalls (ContainerProtocolCalls.java:tryEachDatanode(150)) - Failed to read chunk 111677748019200387_chunk_1 (len=12) conID: 15 locID: 111677748019200387 bcsId: 184 from add60280-7665-46a7-8f97-112ab314f22d(fv-az246-755.dmzl2ssfaldu3choa5k4qgfeyh.jx.internal.cloudapp.net/10.1.0.31); will try another datanode.
org.apache.hadoop.ozone.common.OzoneChecksumException: Checksum mismatch at index 0
	at org.apache.hadoop.ozone.common.ChecksumData.verifyChecksumDataMatches(ChecksumData.java:139)
	at org.apache.hadoop.ozone.common.Checksum.verifyChecksum(Checksum.java:295)
	at org.apache.hadoop.hdds.scm.storage.ChunkInputStream.lambda$new$0(ChunkInputStream.java:491)
	at org.apache.hadoop.hdds.scm.XceiverClientGrpc.sendCommandWithRetry(XceiverClientGrpc.java:410)
	at org.apache.hadoop.hdds.scm.XceiverClientGrpc.lambda$sendCommandWithTraceIDAndRetry$0(XceiverClientGrpc.java:349)
	at org.apache.hadoop.hdds.tracing.TracingUtil.executeInSpan(TracingUtil.java:196)
	at org.apache.hadoop.hdds.tracing.TracingUtil.executeInNewSpan(TracingUtil.java:170)
	at org.apache.hadoop.hdds.scm.XceiverClientGrpc.sendCommandWithTraceIDAndRetry(XceiverClientGrpc.java:343)
	at org.apache.hadoop.hdds.scm.XceiverClientGrpc.sendCommand(XceiverClientGrpc.java:324)
	at org.apache.hadoop.hdds.scm.storage.ContainerProtocolCalls.readChunk(ContainerProtocolCalls.java:356)
	at org.apache.hadoop.hdds.scm.storage.ContainerProtocolCalls.lambda$readChunk$2(ContainerProtocolCalls.java:343)
	at org.apache.hadoop.hdds.scm.storage.ContainerProtocolCalls.tryEachDatanode(ContainerProtocolCalls.java:146)
	at org.apache.hadoop.hdds.scm.storage.ContainerProtocolCalls.readChunk(ContainerProtocolCalls.java:342)
	at org.apache.hadoop.hdds.scm.storage.ChunkInputStream.readChunk(ChunkInputStream.java:430)
	at org.apache.hadoop.hdds.scm.storage.ChunkInputStream.readChunkDataIntoBuffers(ChunkInputStream.java:404)
	at org.apache.hadoop.hdds.scm.storage.ChunkInputStream.readChunkFromContainer(ChunkInputStream.java:389)
	at org.apache.hadoop.hdds.scm.storage.ChunkInputStream.prepareRead(ChunkInputStream.java:321)
	at org.apache.hadoop.hdds.scm.storage.ChunkInputStream.read(ChunkInputStream.java:175)
	at org.apache.hadoop.hdds.scm.storage.ByteArrayReader.readFromBlock(ByteArrayReader.java:57)
	at org.apache.hadoop.hdds.scm.storage.BlockInputStream.readWithStrategy(BlockInputStream.java:328)
	at org.apache.hadoop.hdds.scm.storage.ExtendedInputStream.read(ExtendedInputStream.java:56)
	at org.apache.hadoop.hdds.scm.storage.ByteArrayReader.readFromBlock(ByteArrayReader.java:57)
	at org.apache.hadoop.hdds.scm.storage.MultipartInputStream.readWithStrategy(MultipartInputStream.java:96)
	at org.apache.hadoop.hdds.scm.storage.ExtendedInputStream.read(ExtendedInputStream.java:56)
	at org.apache.hadoop.ozone.client.io.OzoneInputStream.read(OzoneInputStream.java:56)
	at java.io.InputStream.read(InputStream.java:101)
	at org.apache.hadoop.ozone.client.rpc.TestOzoneRpcClientAbstract.testReadKeyWithCorruptedDataWithMutiNodes(TestOzoneRpcClientAbstract.java:2044)
	at sun.reflect.NativeMethodAccessorImpl.invoke0(Native Method)
	at sun.reflect.NativeMethodAccessorImpl.invoke(NativeMethodAccessorImpl.java:62)
	at sun.reflect.DelegatingMethodAccessorImpl.invoke(DelegatingMethodAccessorImpl.java:43)
	at java.lang.reflect.Method.invoke(Method.java:498)
	at org.junit.platform.commons.util.ReflectionUtils.invokeMethod(ReflectionUtils.java:725)
	at org.junit.jupiter.engine.execution.MethodInvocation.proceed(MethodInvocation.java:60)
	at org.junit.jupiter.engine.execution.InvocationInterceptorChain$ValidatingInvocation.proceed(InvocationInterceptorChain.java:131)
	at org.junit.jupiter.engine.extension.TimeoutInvocation.proceed(TimeoutInvocation.java:46)
	at org.junit.jupiter.engine.extension.TimeoutExtension.intercept(TimeoutExtension.java:149)
	at org.junit.jupiter.engine.extension.TimeoutExtension.interceptTestableMethod(TimeoutExtension.java:140)
	at org.junit.jupiter.engine.extension.TimeoutExtension.interceptTestMethod(TimeoutExtension.java:84)
	at org.junit.jupiter.engine.execution.ExecutableInvoker$ReflectiveInterceptorCall.lambda$ofVoidMethod$0(ExecutableInvoker.java:115)
	at org.junit.jupiter.engine.execution.ExecutableInvoker.lambda$invoke$0(ExecutableInvoker.java:105)
	at org.junit.jupiter.engine.execution.InvocationInterceptorChain$InterceptedInvocation.proceed(InvocationInterceptorChain.java:106)
	at org.junit.jupiter.engine.execution.InvocationInterceptorChain.proceed(InvocationInterceptorChain.java:64)
	at org.junit.jupiter.engine.execution.InvocationInterceptorChain.chainAndInvoke(InvocationInterceptorChain.java:45)
	at org.junit.jupiter.engine.execution.InvocationInterceptorChain.invoke(InvocationInterceptorChain.java:37)
	at org.junit.jupiter.engine.execution.ExecutableInvoker.invoke(ExecutableInvoker.java:104)
	at org.junit.jupiter.engine.execution.ExecutableInvoker.invoke(ExecutableInvoker.java:98)
	at org.junit.jupiter.engine.descriptor.TestMethodTestDescriptor.lambda$invokeTestMethod$7(TestMethodTestDescriptor.java:214)
	at org.junit.platform.engine.support.hierarchical.ThrowableCollector.execute(ThrowableCollector.java:73)
	at org.junit.jupiter.engine.descriptor.TestMethodTestDescriptor.invokeTestMethod(TestMethodTestDescriptor.java:210)
	at org.junit.jupiter.engine.descriptor.TestMethodTestDescriptor.execute(TestMethodTestDescriptor.java:135)
	at org.junit.jupiter.engine.descriptor.TestMethodTestDescriptor.execute(TestMethodTestDescriptor.java:66)
	at org.junit.platform.engine.support.hierarchical.NodeTestTask.lambda$executeRecursively$6(NodeTestTask.java:151)
	at org.junit.platform.engine.support.hierarchical.ThrowableCollector.execute(ThrowableCollector.java:73)
	at org.junit.platform.engine.support.hierarchical.NodeTestTask.lambda$executeRecursively$8(NodeTestTask.java:141)
	at org.junit.platform.engine.support.hierarchical.Node.around(Node.java:137)
	at org.junit.platform.engine.support.hierarchical.NodeTestTask.lambda$executeRecursively$9(NodeTestTask.java:139)
	at org.junit.platform.engine.support.hierarchical.ThrowableCollector.execute(ThrowableCollector.java:73)
	at org.junit.platform.engine.support.hierarchical.NodeTestTask.executeRecursively(NodeTestTask.java:138)
	at org.junit.platform.engine.support.hierarchical.NodeTestTask.execute(NodeTestTask.java:95)
	at java.util.ArrayList.forEach(ArrayList.java:1259)
	at org.junit.platform.engine.support.hierarchical.SameThreadHierarchicalTestExecutorService.invokeAll(SameThreadHierarchicalTestExecutorService.java:41)
	at org.junit.platform.engine.support.hierarchical.NodeTestTask.lambda$executeRecursively$6(NodeTestTask.java:155)
	at org.junit.platform.engine.support.hierarchical.ThrowableCollector.execute(ThrowableCollector.java:73)
	at org.junit.platform.engine.support.hierarchical.NodeTestTask.lambda$executeRecursively$8(NodeTestTask.java:141)
	at org.junit.platform.engine.support.hierarchical.Node.around(Node.java:137)
	at org.junit.platform.engine.support.hierarchical.NodeTestTask.lambda$executeRecursively$9(NodeTestTask.java:139)
	at org.junit.platform.engine.support.hierarchical.ThrowableCollector.execute(ThrowableCollector.java:73)
	at org.junit.platform.engine.support.hierarchical.NodeTestTask.executeRecursively(NodeTestTask.java:138)
	at org.junit.platform.engine.support.hierarchical.NodeTestTask.execute(NodeTestTask.java:95)
	at java.util.ArrayList.forEach(ArrayList.java:1259)
	at org.junit.platform.engine.support.hierarchical.SameThreadHierarchicalTestExecutorService.invokeAll(SameThreadHierarchicalTestExecutorService.java:41)
	at org.junit.platform.engine.support.hierarchical.NodeTestTask.lambda$executeRecursively$6(NodeTestTask.java:155)
	at org.junit.platform.engine.support.hierarchical.ThrowableCollector.execute(ThrowableCollector.java:73)
	at org.junit.platform.engine.support.hierarchical.NodeTestTask.lambda$executeRecursively$8(NodeTestTask.java:141)
	at org.junit.platform.engine.support.hierarchical.Node.around(Node.java:137)
	at org.junit.platform.engine.support.hierarchical.NodeTestTask.lambda$executeRecursively$9(NodeTestTask.java:139)
	at org.junit.platform.engine.support.hierarchical.ThrowableCollector.execute(ThrowableCollector.java:73)
	at org.junit.platform.engine.support.hierarchical.NodeTestTask.executeRecursively(NodeTestTask.java:138)
	at org.junit.platform.engine.support.hierarchical.NodeTestTask.execute(NodeTestTask.java:95)
	at org.junit.platform.engine.support.hierarchical.SameThreadHierarchicalTestExecutorService.submit(SameThreadHierarchicalTestExecutorService.java:35)
	at org.junit.platform.engine.support.hierarchical.HierarchicalTestExecutor.execute(HierarchicalTestExecutor.java:57)
	at org.junit.platform.engine.support.hierarchical.HierarchicalTestEngine.execute(HierarchicalTestEngine.java:54)
	at org.junit.platform.launcher.core.EngineExecutionOrchestrator.execute(EngineExecutionOrchestrator.java:107)
	at org.junit.platform.launcher.core.EngineExecutionOrchestrator.execute(EngineExecutionOrchestrator.java:88)
	at org.junit.platform.launcher.core.EngineExecutionOrchestrator.lambda$execute$0(EngineExecutionOrchestrator.java:54)
	at org.junit.platform.launcher.core.EngineExecutionOrchestrator.withInterceptedStreams(EngineExecutionOrchestrator.java:67)
	at org.junit.platform.launcher.core.EngineExecutionOrchestrator.execute(EngineExecutionOrchestrator.java:52)
	at org.junit.platform.launcher.core.DefaultLauncher.execute(DefaultLauncher.java:114)
	at org.junit.platform.launcher.core.DefaultLauncher.execute(DefaultLauncher.java:86)
	at org.junit.platform.launcher.core.DefaultLauncherSession$DelegatingLauncher.execute(DefaultLauncherSession.java:86)
	at org.junit.platform.launcher.core.SessionPerRequestLauncher.execute(SessionPerRequestLauncher.java:53)
	at org.apache.maven.surefire.junitplatform.JUnitPlatformProvider.execute(JUnitPlatformProvider.java:188)
	at org.apache.maven.surefire.junitplatform.JUnitPlatformProvider.invokeAllTests(JUnitPlatformProvider.java:154)
	at org.apache.maven.surefire.junitplatform.JUnitPlatformProvider.invoke(JUnitPlatformProvider.java:124)
	at org.apache.maven.surefire.booter.ForkedBooter.runSuitesInProcess(ForkedBooter.java:428)
	at org.apache.maven.surefire.booter.ForkedBooter.execute(ForkedBooter.java:162)
	at org.apache.maven.surefire.booter.ForkedBooter.run(ForkedBooter.java:562)
	at org.apache.maven.surefire.booter.ForkedBooter.main(ForkedBooter.java:548)
2023-06-07 07:11:54,637 [main] ERROR scm.XceiverClientGrpc (XceiverClientGrpc.java:sendCommandWithRetry(453)) - Failed to execute command ReadChunk on the pipeline Pipeline[ Id: c312a65c-e52e-4b85-ac95-ab933bbae0cc, Nodes: 44d8f5b4-8dfc-4dc1-b3e0-dd93457af28b(fv-az246-755.dmzl2ssfaldu3choa5k4qgfeyh.jx.internal.cloudapp.net/10.1.0.31)add60280-7665-46a7-8f97-112ab314f22d(fv-az246-755.dmzl2ssfaldu3choa5k4qgfeyh.jx.internal.cloudapp.net/10.1.0.31)2912fda5-c0b1-4d9e-ac44-fd313bf4d5ec(fv-az246-755.dmzl2ssfaldu3choa5k4qgfeyh.jx.internal.cloudapp.net/10.1.0.31), ReplicationConfig: STANDALONE/THREE, State:OPEN, leaderId:add60280-7665-46a7-8f97-112ab314f22d, CreationTimestamp2023-06-07T07:10:49.714Z[Etc/UTC]].
]]></system-out>
  </testcase>
  <testcase name="testReadKeyWithVerifyChecksumFlagDisable" classname="org.apache.hadoop.ozone.client.rpc.TestSecureOzoneRpcClient" time="0.072">
    <system-out><![CDATA[2023-06-07 07:11:54,641 [main] INFO  rpc.RpcClient (RpcClient.java:createVolume(459)) - Creating Volume: 4368299b-00b1-4cd7-a547-bf363b1d46a7, with runner as owner and space quota set to -1 bytes, counts quota set to -1
2023-06-07 07:11:54,644 [OM StateMachine ApplyTransaction Thread - 0] INFO  volume.OMVolumeCreateRequest (OMVolumeCreateRequest.java:validateAndUpdateCache(196)) - created volume:4368299b-00b1-4cd7-a547-bf363b1d46a7 for user:runner
2023-06-07 07:11:54,646 [main] INFO  rpc.RpcClient (RpcClient.java:createBucket(686)) - Creating Bucket: 4368299b-00b1-4cd7-a547-bf363b1d46a7/90339faf-c393-4a3a-939f-f312388171a2, with server-side default bucket layout, runner as owner, Versioning false, Storage Type set to DISK and Encryption set to false, Replication Type set to server-side default replication type, Namespace Quota set to -1, Space Quota set to -1 
2023-06-07 07:11:54,647 [OM StateMachine ApplyTransaction Thread - 0] INFO  bucket.OMBucketCreateRequest (OMBucketCreateRequest.java:validateAndUpdateCache(270)) - created bucket: 90339faf-c393-4a3a-939f-f312388171a2 of layout OBJECT_STORE in volume: 4368299b-00b1-4cd7-a547-bf363b1d46a7
2023-06-07 07:11:54,668 [IPC Server handler 2 on default port 15001] WARN  node.SCMNodeManager (SCMNodeManager.java:getNodesByAddress(1381)) - Cannot find node for address 127.0.0.1
2023-06-07 07:11:54,692 [IPC Server handler 7 on default port 15001] WARN  node.SCMNodeManager (SCMNodeManager.java:getNodesByAddress(1381)) - Cannot find node for address 127.0.0.1
]]></system-out>
  </testcase>
  <testcase name="testReadKeyWithVerifyChecksumFlagEnable" classname="org.apache.hadoop.ozone.client.rpc.TestSecureOzoneRpcClient" time="0.075">
    <system-out><![CDATA[2023-06-07 07:11:54,714 [main] INFO  rpc.RpcClient (RpcClient.java:createVolume(459)) - Creating Volume: fec94eaa-5cd1-4916-9d2e-9b277bd904a3, with runner as owner and space quota set to -1 bytes, counts quota set to -1
2023-06-07 07:11:54,717 [OM StateMachine ApplyTransaction Thread - 0] INFO  volume.OMVolumeCreateRequest (OMVolumeCreateRequest.java:validateAndUpdateCache(196)) - created volume:fec94eaa-5cd1-4916-9d2e-9b277bd904a3 for user:runner
2023-06-07 07:11:54,719 [main] INFO  rpc.RpcClient (RpcClient.java:createBucket(686)) - Creating Bucket: fec94eaa-5cd1-4916-9d2e-9b277bd904a3/ffd9e857-c490-494c-8786-115fcf00c72d, with server-side default bucket layout, runner as owner, Versioning false, Storage Type set to DISK and Encryption set to false, Replication Type set to server-side default replication type, Namespace Quota set to -1, Space Quota set to -1 
2023-06-07 07:11:54,721 [OM StateMachine ApplyTransaction Thread - 0] INFO  bucket.OMBucketCreateRequest (OMBucketCreateRequest.java:validateAndUpdateCache(270)) - created bucket: ffd9e857-c490-494c-8786-115fcf00c72d of layout OBJECT_STORE in volume: fec94eaa-5cd1-4916-9d2e-9b277bd904a3
2023-06-07 07:11:54,742 [IPC Server handler 3 on default port 15001] WARN  node.SCMNodeManager (SCMNodeManager.java:getNodesByAddress(1381)) - Cannot find node for address 127.0.0.1
2023-06-07 07:11:54,768 [IPC Server handler 16 on default port 15001] WARN  node.SCMNodeManager (SCMNodeManager.java:getNodesByAddress(1381)) - Cannot find node for address 127.0.0.1
2023-06-07 07:11:54,781 [main] ERROR scm.XceiverClientGrpc (XceiverClientGrpc.java:sendCommandWithRetry(453)) - Failed to execute command ReadChunk on the pipeline Pipeline[ Id: 47a982c7-e734-4afd-89cc-134c86f9c103, Nodes: 1b66a908-7502-432b-9648-1ff1190a9abb(fv-az246-755.dmzl2ssfaldu3choa5k4qgfeyh.jx.internal.cloudapp.net/10.1.0.31), ReplicationConfig: STANDALONE/ONE, State:OPEN, leaderId:1b66a908-7502-432b-9648-1ff1190a9abb, CreationTimestamp2023-06-07T07:10:50.905Z[Etc/UTC]].
2023-06-07 07:11:54,785 [main] ERROR scm.XceiverClientGrpc (XceiverClientGrpc.java:sendCommandWithRetry(453)) - Failed to execute command ReadChunk on the pipeline Pipeline[ Id: 47a982c7-e734-4afd-89cc-134c86f9c103, Nodes: 1b66a908-7502-432b-9648-1ff1190a9abb(fv-az246-755.dmzl2ssfaldu3choa5k4qgfeyh.jx.internal.cloudapp.net/10.1.0.31), ReplicationConfig: STANDALONE/ONE, State:OPEN, leaderId:1b66a908-7502-432b-9648-1ff1190a9abb, CreationTimestamp2023-06-07T07:10:50.905Z[Etc/UTC]].
2023-06-07 07:11:54,787 [main] ERROR scm.XceiverClientGrpc (XceiverClientGrpc.java:sendCommandWithRetry(453)) - Failed to execute command ReadChunk on the pipeline Pipeline[ Id: 47a982c7-e734-4afd-89cc-134c86f9c103, Nodes: 1b66a908-7502-432b-9648-1ff1190a9abb(fv-az246-755.dmzl2ssfaldu3choa5k4qgfeyh.jx.internal.cloudapp.net/10.1.0.31), ReplicationConfig: STANDALONE/ONE, State:OPEN, leaderId:1b66a908-7502-432b-9648-1ff1190a9abb, CreationTimestamp2023-06-07T07:10:50.905Z[Etc/UTC]].
]]></system-out>
  </testcase>
  <testcase name="testRemoveBucketAcl" classname="org.apache.hadoop.ozone.client.rpc.TestSecureOzoneRpcClient" time="0.011">
    <system-out><![CDATA[2023-06-07 07:11:54,789 [main] INFO  rpc.RpcClient (RpcClient.java:createVolume(459)) - Creating Volume: 290a3338-a527-4913-8062-5391025e9328, with runner as owner and space quota set to -1 bytes, counts quota set to -1
2023-06-07 07:11:54,791 [OM StateMachine ApplyTransaction Thread - 0] INFO  volume.OMVolumeCreateRequest (OMVolumeCreateRequest.java:validateAndUpdateCache(196)) - created volume:290a3338-a527-4913-8062-5391025e9328 for user:runner
2023-06-07 07:11:54,793 [main] INFO  rpc.RpcClient (RpcClient.java:createBucket(686)) - Creating Bucket: 290a3338-a527-4913-8062-5391025e9328/fb7e23b2-6280-4686-b3b5-105342f14810, with server-side default bucket layout, runner as owner, Versioning false, Storage Type set to DISK and Encryption set to false, Replication Type set to server-side default replication type, Namespace Quota set to -1, Space Quota set to -1 
2023-06-07 07:11:54,795 [OM StateMachine ApplyTransaction Thread - 0] INFO  bucket.OMBucketCreateRequest (OMBucketCreateRequest.java:validateAndUpdateCache(270)) - created bucket: fb7e23b2-6280-4686-b3b5-105342f14810 of layout OBJECT_STORE in volume: 290a3338-a527-4913-8062-5391025e9328
]]></system-out>
  </testcase>
  <testcase name="testRemoveBucketAclUsingRpcClientRemoveAcl" classname="org.apache.hadoop.ozone.client.rpc.TestSecureOzoneRpcClient" time="0.019">
    <system-out><![CDATA[2023-06-07 07:11:54,801 [main] INFO  rpc.RpcClient (RpcClient.java:createVolume(459)) - Creating Volume: 36f5cb8c-303d-48c7-989f-1291493e376d, with runner as owner and space quota set to -1 bytes, counts quota set to -1
2023-06-07 07:11:54,803 [OM StateMachine ApplyTransaction Thread - 0] INFO  volume.OMVolumeCreateRequest (OMVolumeCreateRequest.java:validateAndUpdateCache(196)) - created volume:36f5cb8c-303d-48c7-989f-1291493e376d for user:runner
2023-06-07 07:11:54,804 [main] INFO  rpc.RpcClient (RpcClient.java:createBucket(686)) - Creating Bucket: 36f5cb8c-303d-48c7-989f-1291493e376d/6e5fa79c-a4d2-476f-8526-4b485cd4c009, with server-side default bucket layout, runner as owner, Versioning false, Storage Type set to DISK and Encryption set to false, Replication Type set to server-side default replication type, Namespace Quota set to -1, Space Quota set to -1 
2023-06-07 07:11:54,807 [OM StateMachine ApplyTransaction Thread - 0] INFO  bucket.OMBucketCreateRequest (OMBucketCreateRequest.java:validateAndUpdateCache(270)) - created bucket: 6e5fa79c-a4d2-476f-8526-4b485cd4c009 of layout OBJECT_STORE in volume: 36f5cb8c-303d-48c7-989f-1291493e376d
]]></system-out>
  </testcase>
  <testcase name="testRenameKey" classname="org.apache.hadoop.ozone.client.rpc.TestSecureOzoneRpcClient" time="0.041">
    <system-out><![CDATA[2023-06-07 07:11:54,821 [main] INFO  rpc.RpcClient (RpcClient.java:createVolume(459)) - Creating Volume: f749f64f-8921-4817-8260-16e56392be16, with runner as owner and space quota set to -1 bytes, counts quota set to -1
2023-06-07 07:11:54,823 [OM StateMachine ApplyTransaction Thread - 0] INFO  volume.OMVolumeCreateRequest (OMVolumeCreateRequest.java:validateAndUpdateCache(196)) - created volume:f749f64f-8921-4817-8260-16e56392be16 for user:runner
2023-06-07 07:11:54,824 [main] INFO  rpc.RpcClient (RpcClient.java:createBucket(686)) - Creating Bucket: f749f64f-8921-4817-8260-16e56392be16/13abef85-9879-4b20-a14f-26230bd36d6c, with server-side default bucket layout, runner as owner, Versioning false, Storage Type set to DISK and Encryption set to false, Replication Type set to server-side default replication type, Namespace Quota set to -1, Space Quota set to -1 
2023-06-07 07:11:54,826 [OM StateMachine ApplyTransaction Thread - 0] INFO  bucket.OMBucketCreateRequest (OMBucketCreateRequest.java:validateAndUpdateCache(270)) - created bucket: 13abef85-9879-4b20-a14f-26230bd36d6c of layout OBJECT_STORE in volume: f749f64f-8921-4817-8260-16e56392be16
2023-06-07 07:11:54,844 [IPC Server handler 8 on default port 15001] WARN  node.SCMNodeManager (SCMNodeManager.java:getNodesByAddress(1381)) - Cannot find node for address 127.0.0.1
07:11:54.850 [OM StateMachine ApplyTransaction Thread - 0] ERROR OMAudit - user=runner | ip=127.0.0.1 | op=RENAME_KEY {volume=f749f64f-8921-4817-8260-16e56392be16, bucket=13abef85-9879-4b20-a14f-26230bd36d6c, dataSize=0, replicationType=NONE, replicationFactor=ZERO, srcKey=7fe13a5b-de3e-4c2e-96ba-6549bc5b2419, dstKey=} | ret=FAILURE
org.apache.hadoop.ozone.om.exceptions.OMException: Key name is empty
	at org.apache.hadoop.ozone.om.request.key.OMKeyRenameRequest.validateAndUpdateCache(OMKeyRenameRequest.java:142) ~[ozone-manager-1.4.0-SNAPSHOT.jar:?]
	at org.apache.hadoop.ozone.protocolPB.OzoneManagerRequestHandler.handleWriteRequest(OzoneManagerRequestHandler.java:338) ~[ozone-manager-1.4.0-SNAPSHOT.jar:?]
	at org.apache.hadoop.ozone.om.ratis.OzoneManagerStateMachine.runCommand(OzoneManagerStateMachine.java:567) ~[ozone-manager-1.4.0-SNAPSHOT.jar:?]
	at org.apache.hadoop.ozone.om.ratis.OzoneManagerStateMachine.lambda$1(OzoneManagerStateMachine.java:358) ~[ozone-manager-1.4.0-SNAPSHOT.jar:?]
	at java.util.concurrent.CompletableFuture$AsyncSupply.run(CompletableFuture.java:1604) [?:1.8.0_372]
	at java.util.concurrent.ThreadPoolExecutor.runWorker(ThreadPoolExecutor.java:1149) [?:1.8.0_372]
	at java.util.concurrent.ThreadPoolExecutor$Worker.run(ThreadPoolExecutor.java:624) [?:1.8.0_372]
	at java.lang.Thread.run(Thread.java:750) [?:1.8.0_372]
2023-06-07 07:11:54,851 [OM StateMachine ApplyTransaction Thread - 0] ERROR key.OMKeyRenameRequest (OMKeyRenameRequest.java:validateAndUpdateCache(232)) - Rename key failed for volume:f749f64f-8921-4817-8260-16e56392be16 bucket:13abef85-9879-4b20-a14f-26230bd36d6c fromKey:7fe13a5b-de3e-4c2e-96ba-6549bc5b2419 toKey:. Exception: Key name is empty.
07:11:54.857 [IPC Server handler 16 on default port 15004] ERROR OMAudit - user=runner | ip=127.0.0.1 | op=READ_KEY {volume=f749f64f-8921-4817-8260-16e56392be16, bucket=13abef85-9879-4b20-a14f-26230bd36d6c, key=7fe13a5b-de3e-4c2e-96ba-6549bc5b2419, dataSize=0, replicationConfig=null} | ret=FAILURE
org.apache.hadoop.ozone.om.exceptions.OMException: Key:7fe13a5b-de3e-4c2e-96ba-6549bc5b2419 not found
	at org.apache.hadoop.ozone.om.KeyManagerImpl.readKeyInfo(KeyManagerImpl.java:428) ~[ozone-manager-1.4.0-SNAPSHOT.jar:?]
	at org.apache.hadoop.ozone.om.KeyManagerImpl.lambda$9(KeyManagerImpl.java:1921) ~[ozone-manager-1.4.0-SNAPSHOT.jar:?]
	at org.apache.hadoop.util.MetricUtil.captureLatencyNs(MetricUtil.java:39) ~[hdds-common-1.4.0-SNAPSHOT.jar:?]
	at org.apache.hadoop.ozone.om.KeyManagerImpl.getKeyInfo(KeyManagerImpl.java:1919) ~[ozone-manager-1.4.0-SNAPSHOT.jar:?]
	at org.apache.hadoop.ozone.om.OmMetadataReader.getKeyInfo(OmMetadataReader.java:209) ~[ozone-manager-1.4.0-SNAPSHOT.jar:?]
	at org.apache.hadoop.ozone.om.OzoneManager.getKeyInfo(OzoneManager.java:2787) ~[ozone-manager-1.4.0-SNAPSHOT.jar:?]
	at org.apache.hadoop.ozone.protocolPB.OzoneManagerRequestHandler.getKeyInfo(OzoneManagerRequestHandler.java:550) ~[ozone-manager-1.4.0-SNAPSHOT.jar:?]
	at org.apache.hadoop.ozone.protocolPB.OzoneManagerRequestHandler.handleReadRequest(OzoneManagerRequestHandler.java:293) ~[ozone-manager-1.4.0-SNAPSHOT.jar:?]
	at org.apache.hadoop.ozone.protocolPB.OzoneManagerProtocolServerSideTranslatorPB.submitReadRequestToOM(OzoneManagerProtocolServerSideTranslatorPB.java:223) ~[ozone-manager-1.4.0-SNAPSHOT.jar:?]
	at org.apache.hadoop.ozone.protocolPB.OzoneManagerProtocolServerSideTranslatorPB.processRequest(OzoneManagerProtocolServerSideTranslatorPB.java:177) ~[ozone-manager-1.4.0-SNAPSHOT.jar:?]
	at org.apache.hadoop.hdds.server.OzoneProtocolMessageDispatcher.processRequest(OzoneProtocolMessageDispatcher.java:87) [hdds-server-framework-1.4.0-SNAPSHOT.jar:?]
	at org.apache.hadoop.ozone.protocolPB.OzoneManagerProtocolServerSideTranslatorPB.submitRequest(OzoneManagerProtocolServerSideTranslatorPB.java:147) [ozone-manager-1.4.0-SNAPSHOT.jar:?]
	at org.apache.hadoop.ozone.protocol.proto.OzoneManagerProtocolProtos$OzoneManagerService$2.callBlockingMethod(OzoneManagerProtocolProtos.java) [ozone-interface-client-1.4.0-SNAPSHOT.jar:?]
	at org.apache.hadoop.ipc.ProtobufRpcEngine$Server.processCall(ProtobufRpcEngine.java:484) [hadoop-common-3.3.5.jar:?]
	at org.apache.hadoop.ipc.ProtobufRpcEngine2$Server$ProtoBufRpcInvoker.call(ProtobufRpcEngine2.java:595) [hadoop-common-3.3.5.jar:?]
	at org.apache.hadoop.ipc.ProtobufRpcEngine2$Server$ProtoBufRpcInvoker.call(ProtobufRpcEngine2.java:573) [hadoop-common-3.3.5.jar:?]
	at org.apache.hadoop.ipc.RPC$Server.call(RPC.java:1213) [hadoop-common-3.3.5.jar:?]
	at org.apache.hadoop.ipc.Server$RpcCall.run(Server.java:1089) [hadoop-common-3.3.5.jar:?]
	at org.apache.hadoop.ipc.Server$RpcCall.run(Server.java:1012) [hadoop-common-3.3.5.jar:?]
	at java.security.AccessController.doPrivileged(Native Method) ~[?:1.8.0_372]
	at javax.security.auth.Subject.doAs(Subject.java:422) [?:1.8.0_372]
	at org.apache.hadoop.security.UserGroupInformation.doAs(UserGroupInformation.java:1899) [hadoop-common-3.3.5.jar:?]
	at org.apache.hadoop.ipc.Server$Handler.run(Server.java:3026) [hadoop-common-3.3.5.jar:?]
2023-06-07 07:11:54,861 [IPC Server handler 14 on default port 15001] WARN  node.SCMNodeManager (SCMNodeManager.java:getNodesByAddress(1381)) - Cannot find node for address 127.0.0.1
]]></system-out>
  </testcase>
  <testcase name="testS3Auth" classname="org.apache.hadoop.ozone.client.rpc.TestSecureOzoneRpcClient" time="0.022">
    <system-out><![CDATA[2023-06-07 07:11:54,880 [OM StateMachine ApplyTransaction Thread - 0] INFO  volume.OMVolumeCreateRequest (OMVolumeCreateRequest.java:validateAndUpdateCache(196)) - created volume:8729b616-8d17-4d56-beaf-1774d19f5c6c for user:runner
2023-06-07 07:11:54,881 [main] ERROR protocolPB.OzoneManagerProtocolServerSideTranslatorPB (S3SecurityUtil.java:validateS3Credential(70)) - signatures do NOT match for S3 identifier:OzoneToken owner=runner, renewer=, realUser=, issueDate=1970-01-01T00:00:00Z, maxDate=1970-01-01T00:00:00Z, sequenceNumber=0, masterKeyId=0, strToSign=AWS4-HMAC-SHA256
20150830T123600Z
20150830/us-east-1/iam/aws4_request
f536975d06c0309214f805bb90ccff089219ecd68b2577efef23edd43b7e1a59, signature=5d672d79c15b13162d9279b0855cfba6789a8edb4c82c400e06b5924a6f2b5d7, awsAccessKeyId=runner, omServiceId=null, omCertSerialId=null
org.apache.hadoop.security.token.SecretManager$InvalidToken: Invalid S3 identifier:OzoneToken owner=runner, renewer=, realUser=, issueDate=1970-01-01T00:00:00Z, maxDate=1970-01-01T00:00:00Z, sequenceNumber=0, masterKeyId=0, strToSign=AWS4-HMAC-SHA256
20150830T123600Z
20150830/us-east-1/iam/aws4_request
f536975d06c0309214f805bb90ccff089219ecd68b2577efef23edd43b7e1a59, signature=5d672d79c15b13162d9279b0855cfba6789a8edb4c82c400e06b5924a6f2b5d7, awsAccessKeyId=runner, omServiceId=null, omCertSerialId=null
	at org.apache.hadoop.ozone.security.OzoneDelegationTokenSecretManager.validateS3AuthInfo(OzoneDelegationTokenSecretManager.java:523)
	at org.apache.hadoop.ozone.security.OzoneDelegationTokenSecretManager.retrievePassword(OzoneDelegationTokenSecretManager.java:419)
	at org.apache.hadoop.ozone.security.S3SecurityUtil.validateS3Credential(S3SecurityUtil.java:61)
	at org.apache.hadoop.ozone.protocolPB.OzoneManagerProtocolServerSideTranslatorPB.processRequest(OzoneManagerProtocolServerSideTranslatorPB.java:166)
	at org.apache.hadoop.hdds.server.OzoneProtocolMessageDispatcher.processRequest(OzoneProtocolMessageDispatcher.java:87)
	at org.apache.hadoop.ozone.protocolPB.OzoneManagerProtocolServerSideTranslatorPB.submitRequest(OzoneManagerProtocolServerSideTranslatorPB.java:147)
	at org.apache.hadoop.ozone.client.rpc.TestSecureOzoneRpcClient.testS3Auth(TestSecureOzoneRpcClient.java:358)
	at sun.reflect.NativeMethodAccessorImpl.invoke0(Native Method)
	at sun.reflect.NativeMethodAccessorImpl.invoke(NativeMethodAccessorImpl.java:62)
	at sun.reflect.DelegatingMethodAccessorImpl.invoke(DelegatingMethodAccessorImpl.java:43)
	at java.lang.reflect.Method.invoke(Method.java:498)
	at org.junit.platform.commons.util.ReflectionUtils.invokeMethod(ReflectionUtils.java:725)
	at org.junit.jupiter.engine.execution.MethodInvocation.proceed(MethodInvocation.java:60)
	at org.junit.jupiter.engine.execution.InvocationInterceptorChain$ValidatingInvocation.proceed(InvocationInterceptorChain.java:131)
	at org.junit.jupiter.engine.extension.TimeoutInvocation.proceed(TimeoutInvocation.java:46)
	at org.junit.jupiter.engine.extension.TimeoutExtension.intercept(TimeoutExtension.java:149)
	at org.junit.jupiter.engine.extension.TimeoutExtension.interceptTestableMethod(TimeoutExtension.java:140)
	at org.junit.jupiter.engine.extension.TimeoutExtension.interceptTestMethod(TimeoutExtension.java:84)
	at org.junit.jupiter.engine.execution.ExecutableInvoker$ReflectiveInterceptorCall.lambda$ofVoidMethod$0(ExecutableInvoker.java:115)
	at org.junit.jupiter.engine.execution.ExecutableInvoker.lambda$invoke$0(ExecutableInvoker.java:105)
	at org.junit.jupiter.engine.execution.InvocationInterceptorChain$InterceptedInvocation.proceed(InvocationInterceptorChain.java:106)
	at org.junit.jupiter.engine.execution.InvocationInterceptorChain.proceed(InvocationInterceptorChain.java:64)
	at org.junit.jupiter.engine.execution.InvocationInterceptorChain.chainAndInvoke(InvocationInterceptorChain.java:45)
	at org.junit.jupiter.engine.execution.InvocationInterceptorChain.invoke(InvocationInterceptorChain.java:37)
	at org.junit.jupiter.engine.execution.ExecutableInvoker.invoke(ExecutableInvoker.java:104)
	at org.junit.jupiter.engine.execution.ExecutableInvoker.invoke(ExecutableInvoker.java:98)
	at org.junit.jupiter.engine.descriptor.TestMethodTestDescriptor.lambda$invokeTestMethod$7(TestMethodTestDescriptor.java:214)
	at org.junit.platform.engine.support.hierarchical.ThrowableCollector.execute(ThrowableCollector.java:73)
	at org.junit.jupiter.engine.descriptor.TestMethodTestDescriptor.invokeTestMethod(TestMethodTestDescriptor.java:210)
	at org.junit.jupiter.engine.descriptor.TestMethodTestDescriptor.execute(TestMethodTestDescriptor.java:135)
	at org.junit.jupiter.engine.descriptor.TestMethodTestDescriptor.execute(TestMethodTestDescriptor.java:66)
	at org.junit.platform.engine.support.hierarchical.NodeTestTask.lambda$executeRecursively$6(NodeTestTask.java:151)
	at org.junit.platform.engine.support.hierarchical.ThrowableCollector.execute(ThrowableCollector.java:73)
	at org.junit.platform.engine.support.hierarchical.NodeTestTask.lambda$executeRecursively$8(NodeTestTask.java:141)
	at org.junit.platform.engine.support.hierarchical.Node.around(Node.java:137)
	at org.junit.platform.engine.support.hierarchical.NodeTestTask.lambda$executeRecursively$9(NodeTestTask.java:139)
	at org.junit.platform.engine.support.hierarchical.ThrowableCollector.execute(ThrowableCollector.java:73)
	at org.junit.platform.engine.support.hierarchical.NodeTestTask.executeRecursively(NodeTestTask.java:138)
	at org.junit.platform.engine.support.hierarchical.NodeTestTask.execute(NodeTestTask.java:95)
	at java.util.ArrayList.forEach(ArrayList.java:1259)
	at org.junit.platform.engine.support.hierarchical.SameThreadHierarchicalTestExecutorService.invokeAll(SameThreadHierarchicalTestExecutorService.java:41)
	at org.junit.platform.engine.support.hierarchical.NodeTestTask.lambda$executeRecursively$6(NodeTestTask.java:155)
	at org.junit.platform.engine.support.hierarchical.ThrowableCollector.execute(ThrowableCollector.java:73)
	at org.junit.platform.engine.support.hierarchical.NodeTestTask.lambda$executeRecursively$8(NodeTestTask.java:141)
	at org.junit.platform.engine.support.hierarchical.Node.around(Node.java:137)
	at org.junit.platform.engine.support.hierarchical.NodeTestTask.lambda$executeRecursively$9(NodeTestTask.java:139)
	at org.junit.platform.engine.support.hierarchical.ThrowableCollector.execute(ThrowableCollector.java:73)
	at org.junit.platform.engine.support.hierarchical.NodeTestTask.executeRecursively(NodeTestTask.java:138)
	at org.junit.platform.engine.support.hierarchical.NodeTestTask.execute(NodeTestTask.java:95)
	at java.util.ArrayList.forEach(ArrayList.java:1259)
	at org.junit.platform.engine.support.hierarchical.SameThreadHierarchicalTestExecutorService.invokeAll(SameThreadHierarchicalTestExecutorService.java:41)
	at org.junit.platform.engine.support.hierarchical.NodeTestTask.lambda$executeRecursively$6(NodeTestTask.java:155)
	at org.junit.platform.engine.support.hierarchical.ThrowableCollector.execute(ThrowableCollector.java:73)
	at org.junit.platform.engine.support.hierarchical.NodeTestTask.lambda$executeRecursively$8(NodeTestTask.java:141)
	at org.junit.platform.engine.support.hierarchical.Node.around(Node.java:137)
	at org.junit.platform.engine.support.hierarchical.NodeTestTask.lambda$executeRecursively$9(NodeTestTask.java:139)
	at org.junit.platform.engine.support.hierarchical.ThrowableCollector.execute(ThrowableCollector.java:73)
	at org.junit.platform.engine.support.hierarchical.NodeTestTask.executeRecursively(NodeTestTask.java:138)
	at org.junit.platform.engine.support.hierarchical.NodeTestTask.execute(NodeTestTask.java:95)
	at org.junit.platform.engine.support.hierarchical.SameThreadHierarchicalTestExecutorService.submit(SameThreadHierarchicalTestExecutorService.java:35)
	at org.junit.platform.engine.support.hierarchical.HierarchicalTestExecutor.execute(HierarchicalTestExecutor.java:57)
	at org.junit.platform.engine.support.hierarchical.HierarchicalTestEngine.execute(HierarchicalTestEngine.java:54)
	at org.junit.platform.launcher.core.EngineExecutionOrchestrator.execute(EngineExecutionOrchestrator.java:107)
	at org.junit.platform.launcher.core.EngineExecutionOrchestrator.execute(EngineExecutionOrchestrator.java:88)
	at org.junit.platform.launcher.core.EngineExecutionOrchestrator.lambda$execute$0(EngineExecutionOrchestrator.java:54)
	at org.junit.platform.launcher.core.EngineExecutionOrchestrator.withInterceptedStreams(EngineExecutionOrchestrator.java:67)
	at org.junit.platform.launcher.core.EngineExecutionOrchestrator.execute(EngineExecutionOrchestrator.java:52)
	at org.junit.platform.launcher.core.DefaultLauncher.execute(DefaultLauncher.java:114)
	at org.junit.platform.launcher.core.DefaultLauncher.execute(DefaultLauncher.java:86)
	at org.junit.platform.launcher.core.DefaultLauncherSession$DelegatingLauncher.execute(DefaultLauncherSession.java:86)
	at org.junit.platform.launcher.core.SessionPerRequestLauncher.execute(SessionPerRequestLauncher.java:53)
	at org.apache.maven.surefire.junitplatform.JUnitPlatformProvider.execute(JUnitPlatformProvider.java:188)
	at org.apache.maven.surefire.junitplatform.JUnitPlatformProvider.invokeAllTests(JUnitPlatformProvider.java:154)
	at org.apache.maven.surefire.junitplatform.JUnitPlatformProvider.invoke(JUnitPlatformProvider.java:124)
	at org.apache.maven.surefire.booter.ForkedBooter.runSuitesInProcess(ForkedBooter.java:428)
	at org.apache.maven.surefire.booter.ForkedBooter.execute(ForkedBooter.java:162)
	at org.apache.maven.surefire.booter.ForkedBooter.run(ForkedBooter.java:562)
	at org.apache.maven.surefire.booter.ForkedBooter.main(ForkedBooter.java:548)
2023-06-07 07:11:54,883 [main] ERROR protocolPB.OzoneManagerProtocolServerSideTranslatorPB (S3SecurityUtil.java:validateS3Credential(70)) - signatures do NOT match for S3 identifier:OzoneToken owner=runner, renewer=, realUser=, issueDate=1970-01-01T00:00:00Z, maxDate=1970-01-01T00:00:00Z, sequenceNumber=0, masterKeyId=0, strToSign=AWS4-HMAC-SHA256
20150830T123600Z
20150830/us-east-1/iam/aws4_request
f536975d06c0309214f805bb90ccff089219ecd68b2577efef23edd43b7e1a59, signature=5d672d79c15b13162d9279b0855cfba6789a8edb4c82c400e06b5924a6f2b5d7, awsAccessKeyId=runner, omServiceId=null, omCertSerialId=null
org.apache.hadoop.security.token.SecretManager$InvalidToken: Invalid S3 identifier:OzoneToken owner=runner, renewer=, realUser=, issueDate=1970-01-01T00:00:00Z, maxDate=1970-01-01T00:00:00Z, sequenceNumber=0, masterKeyId=0, strToSign=AWS4-HMAC-SHA256
20150830T123600Z
20150830/us-east-1/iam/aws4_request
f536975d06c0309214f805bb90ccff089219ecd68b2577efef23edd43b7e1a59, signature=5d672d79c15b13162d9279b0855cfba6789a8edb4c82c400e06b5924a6f2b5d7, awsAccessKeyId=runner, omServiceId=null, omCertSerialId=null
	at org.apache.hadoop.ozone.security.OzoneDelegationTokenSecretManager.validateS3AuthInfo(OzoneDelegationTokenSecretManager.java:523)
	at org.apache.hadoop.ozone.security.OzoneDelegationTokenSecretManager.retrievePassword(OzoneDelegationTokenSecretManager.java:419)
	at org.apache.hadoop.ozone.security.S3SecurityUtil.validateS3Credential(S3SecurityUtil.java:61)
	at org.apache.hadoop.ozone.protocolPB.OzoneManagerProtocolServerSideTranslatorPB.processRequest(OzoneManagerProtocolServerSideTranslatorPB.java:166)
	at org.apache.hadoop.hdds.server.OzoneProtocolMessageDispatcher.processRequest(OzoneProtocolMessageDispatcher.java:87)
	at org.apache.hadoop.ozone.protocolPB.OzoneManagerProtocolServerSideTranslatorPB.submitRequest(OzoneManagerProtocolServerSideTranslatorPB.java:147)
	at org.apache.hadoop.ozone.client.rpc.TestSecureOzoneRpcClient.testS3Auth(TestSecureOzoneRpcClient.java:363)
	at sun.reflect.NativeMethodAccessorImpl.invoke0(Native Method)
	at sun.reflect.NativeMethodAccessorImpl.invoke(NativeMethodAccessorImpl.java:62)
	at sun.reflect.DelegatingMethodAccessorImpl.invoke(DelegatingMethodAccessorImpl.java:43)
	at java.lang.reflect.Method.invoke(Method.java:498)
	at org.junit.platform.commons.util.ReflectionUtils.invokeMethod(ReflectionUtils.java:725)
	at org.junit.jupiter.engine.execution.MethodInvocation.proceed(MethodInvocation.java:60)
	at org.junit.jupiter.engine.execution.InvocationInterceptorChain$ValidatingInvocation.proceed(InvocationInterceptorChain.java:131)
	at org.junit.jupiter.engine.extension.TimeoutInvocation.proceed(TimeoutInvocation.java:46)
	at org.junit.jupiter.engine.extension.TimeoutExtension.intercept(TimeoutExtension.java:149)
	at org.junit.jupiter.engine.extension.TimeoutExtension.interceptTestableMethod(TimeoutExtension.java:140)
	at org.junit.jupiter.engine.extension.TimeoutExtension.interceptTestMethod(TimeoutExtension.java:84)
	at org.junit.jupiter.engine.execution.ExecutableInvoker$ReflectiveInterceptorCall.lambda$ofVoidMethod$0(ExecutableInvoker.java:115)
	at org.junit.jupiter.engine.execution.ExecutableInvoker.lambda$invoke$0(ExecutableInvoker.java:105)
	at org.junit.jupiter.engine.execution.InvocationInterceptorChain$InterceptedInvocation.proceed(InvocationInterceptorChain.java:106)
	at org.junit.jupiter.engine.execution.InvocationInterceptorChain.proceed(InvocationInterceptorChain.java:64)
	at org.junit.jupiter.engine.execution.InvocationInterceptorChain.chainAndInvoke(InvocationInterceptorChain.java:45)
	at org.junit.jupiter.engine.execution.InvocationInterceptorChain.invoke(InvocationInterceptorChain.java:37)
	at org.junit.jupiter.engine.execution.ExecutableInvoker.invoke(ExecutableInvoker.java:104)
	at org.junit.jupiter.engine.execution.ExecutableInvoker.invoke(ExecutableInvoker.java:98)
	at org.junit.jupiter.engine.descriptor.TestMethodTestDescriptor.lambda$invokeTestMethod$7(TestMethodTestDescriptor.java:214)
	at org.junit.platform.engine.support.hierarchical.ThrowableCollector.execute(ThrowableCollector.java:73)
	at org.junit.jupiter.engine.descriptor.TestMethodTestDescriptor.invokeTestMethod(TestMethodTestDescriptor.java:210)
	at org.junit.jupiter.engine.descriptor.TestMethodTestDescriptor.execute(TestMethodTestDescriptor.java:135)
	at org.junit.jupiter.engine.descriptor.TestMethodTestDescriptor.execute(TestMethodTestDescriptor.java:66)
	at org.junit.platform.engine.support.hierarchical.NodeTestTask.lambda$executeRecursively$6(NodeTestTask.java:151)
	at org.junit.platform.engine.support.hierarchical.ThrowableCollector.execute(ThrowableCollector.java:73)
	at org.junit.platform.engine.support.hierarchical.NodeTestTask.lambda$executeRecursively$8(NodeTestTask.java:141)
	at org.junit.platform.engine.support.hierarchical.Node.around(Node.java:137)
	at org.junit.platform.engine.support.hierarchical.NodeTestTask.lambda$executeRecursively$9(NodeTestTask.java:139)
	at org.junit.platform.engine.support.hierarchical.ThrowableCollector.execute(ThrowableCollector.java:73)
	at org.junit.platform.engine.support.hierarchical.NodeTestTask.executeRecursively(NodeTestTask.java:138)
	at org.junit.platform.engine.support.hierarchical.NodeTestTask.execute(NodeTestTask.java:95)
	at java.util.ArrayList.forEach(ArrayList.java:1259)
	at org.junit.platform.engine.support.hierarchical.SameThreadHierarchicalTestExecutorService.invokeAll(SameThreadHierarchicalTestExecutorService.java:41)
	at org.junit.platform.engine.support.hierarchical.NodeTestTask.lambda$executeRecursively$6(NodeTestTask.java:155)
	at org.junit.platform.engine.support.hierarchical.ThrowableCollector.execute(ThrowableCollector.java:73)
	at org.junit.platform.engine.support.hierarchical.NodeTestTask.lambda$executeRecursively$8(NodeTestTask.java:141)
	at org.junit.platform.engine.support.hierarchical.Node.around(Node.java:137)
	at org.junit.platform.engine.support.hierarchical.NodeTestTask.lambda$executeRecursively$9(NodeTestTask.java:139)
	at org.junit.platform.engine.support.hierarchical.ThrowableCollector.execute(ThrowableCollector.java:73)
	at org.junit.platform.engine.support.hierarchical.NodeTestTask.executeRecursively(NodeTestTask.java:138)
	at org.junit.platform.engine.support.hierarchical.NodeTestTask.execute(NodeTestTask.java:95)
	at java.util.ArrayList.forEach(ArrayList.java:1259)
	at org.junit.platform.engine.support.hierarchical.SameThreadHierarchicalTestExecutorService.invokeAll(SameThreadHierarchicalTestExecutorService.java:41)
	at org.junit.platform.engine.support.hierarchical.NodeTestTask.lambda$executeRecursively$6(NodeTestTask.java:155)
	at org.junit.platform.engine.support.hierarchical.ThrowableCollector.execute(ThrowableCollector.java:73)
	at org.junit.platform.engine.support.hierarchical.NodeTestTask.lambda$executeRecursively$8(NodeTestTask.java:141)
	at org.junit.platform.engine.support.hierarchical.Node.around(Node.java:137)
	at org.junit.platform.engine.support.hierarchical.NodeTestTask.lambda$executeRecursively$9(NodeTestTask.java:139)
	at org.junit.platform.engine.support.hierarchical.ThrowableCollector.execute(ThrowableCollector.java:73)
	at org.junit.platform.engine.support.hierarchical.NodeTestTask.executeRecursively(NodeTestTask.java:138)
	at org.junit.platform.engine.support.hierarchical.NodeTestTask.execute(NodeTestTask.java:95)
	at org.junit.platform.engine.support.hierarchical.SameThreadHierarchicalTestExecutorService.submit(SameThreadHierarchicalTestExecutorService.java:35)
	at org.junit.platform.engine.support.hierarchical.HierarchicalTestExecutor.execute(HierarchicalTestExecutor.java:57)
	at org.junit.platform.engine.support.hierarchical.HierarchicalTestEngine.execute(HierarchicalTestEngine.java:54)
	at org.junit.platform.launcher.core.EngineExecutionOrchestrator.execute(EngineExecutionOrchestrator.java:107)
	at org.junit.platform.launcher.core.EngineExecutionOrchestrator.execute(EngineExecutionOrchestrator.java:88)
	at org.junit.platform.launcher.core.EngineExecutionOrchestrator.lambda$execute$0(EngineExecutionOrchestrator.java:54)
	at org.junit.platform.launcher.core.EngineExecutionOrchestrator.withInterceptedStreams(EngineExecutionOrchestrator.java:67)
	at org.junit.platform.launcher.core.EngineExecutionOrchestrator.execute(EngineExecutionOrchestrator.java:52)
	at org.junit.platform.launcher.core.DefaultLauncher.execute(DefaultLauncher.java:114)
	at org.junit.platform.launcher.core.DefaultLauncher.execute(DefaultLauncher.java:86)
	at org.junit.platform.launcher.core.DefaultLauncherSession$DelegatingLauncher.execute(DefaultLauncherSession.java:86)
	at org.junit.platform.launcher.core.SessionPerRequestLauncher.execute(SessionPerRequestLauncher.java:53)
	at org.apache.maven.surefire.junitplatform.JUnitPlatformProvider.execute(JUnitPlatformProvider.java:188)
	at org.apache.maven.surefire.junitplatform.JUnitPlatformProvider.invokeAllTests(JUnitPlatformProvider.java:154)
	at org.apache.maven.surefire.junitplatform.JUnitPlatformProvider.invoke(JUnitPlatformProvider.java:124)
	at org.apache.maven.surefire.booter.ForkedBooter.runSuitesInProcess(ForkedBooter.java:428)
	at org.apache.maven.surefire.booter.ForkedBooter.execute(ForkedBooter.java:162)
	at org.apache.maven.surefire.booter.ForkedBooter.run(ForkedBooter.java:562)
	at org.apache.maven.surefire.booter.ForkedBooter.main(ForkedBooter.java:548)
]]></system-out>
  </testcase>
  <testcase name="testSetAndClrQuota" classname="org.apache.hadoop.ozone.client.rpc.TestSecureOzoneRpcClient" time="0.075">
    <system-out><![CDATA[2023-06-07 07:11:54,885 [main] INFO  rpc.RpcClient (RpcClient.java:createVolume(459)) - Creating Volume: 4b76b7d2-aa2b-493a-bbdd-8288cb7a6f8a, with runner as owner and space quota set to -1 bytes, counts quota set to -1
2023-06-07 07:11:54,887 [OM StateMachine ApplyTransaction Thread - 0] INFO  volume.OMVolumeCreateRequest (OMVolumeCreateRequest.java:validateAndUpdateCache(196)) - created volume:4b76b7d2-aa2b-493a-bbdd-8288cb7a6f8a for user:runner
2023-06-07 07:11:54,889 [main] INFO  rpc.RpcClient (RpcClient.java:createBucket(686)) - Creating Bucket: 4b76b7d2-aa2b-493a-bbdd-8288cb7a6f8a/c657c3fa-4e38-46d2-ae47-e36826c307a6, with server-side default bucket layout, runner as owner, Versioning false, Storage Type set to DISK and Encryption set to false, Replication Type set to server-side default replication type, Namespace Quota set to -1, Space Quota set to -1 
2023-06-07 07:11:54,891 [OM StateMachine ApplyTransaction Thread - 0] INFO  bucket.OMBucketCreateRequest (OMBucketCreateRequest.java:validateAndUpdateCache(270)) - created bucket: c657c3fa-4e38-46d2-ae47-e36826c307a6 of layout OBJECT_STORE in volume: 4b76b7d2-aa2b-493a-bbdd-8288cb7a6f8a
2023-06-07 07:11:54,901 [main] INFO  rpc.RpcClient (RpcClient.java:createBucket(686)) - Creating Bucket: 4b76b7d2-aa2b-493a-bbdd-8288cb7a6f8a/537bb51b-5874-4eb6-902a-e82ceb75a79e, with server-side default bucket layout, runner as owner, Versioning false, Storage Type set to DISK and Encryption set to false, Replication Type set to server-side default replication type, Namespace Quota set to -1, Space Quota set to -1 
2023-06-07 07:11:54,902 [OM StateMachine ApplyTransaction Thread - 0] INFO  bucket.OMBucketCreateRequest (OMBucketCreateRequest.java:validateAndUpdateCache(270)) - created bucket: 537bb51b-5874-4eb6-902a-e82ceb75a79e of layout OBJECT_STORE in volume: 4b76b7d2-aa2b-493a-bbdd-8288cb7a6f8a
07:11:54.923 [OM StateMachine ApplyTransaction Thread - 0] ERROR OMAudit - user=runner | ip=127.0.0.1 | op=UPDATE_BUCKET {volume=4b76b7d2-aa2b-493a-bbdd-8288cb7a6f8a, bucket=c657c3fa-4e38-46d2-ae47-e36826c307a6, gdprEnabled=null, isVersionEnabled=null} | ret=FAILURE
org.apache.hadoop.ozone.om.exceptions.OMException: Can not clear bucket spaceQuota because volume spaceQuota is not cleared.
	at org.apache.hadoop.ozone.om.request.bucket.OMBucketSetPropertyRequest.checkQuotaBytesValid(OMBucketSetPropertyRequest.java:303) ~[ozone-manager-1.4.0-SNAPSHOT.jar:?]
	at org.apache.hadoop.ozone.om.request.bucket.OMBucketSetPropertyRequest.validateAndUpdateCache(OMBucketSetPropertyRequest.java:184) ~[ozone-manager-1.4.0-SNAPSHOT.jar:?]
	at org.apache.hadoop.ozone.protocolPB.OzoneManagerRequestHandler.handleWriteRequest(OzoneManagerRequestHandler.java:338) ~[ozone-manager-1.4.0-SNAPSHOT.jar:?]
	at org.apache.hadoop.ozone.om.ratis.OzoneManagerStateMachine.runCommand(OzoneManagerStateMachine.java:567) ~[ozone-manager-1.4.0-SNAPSHOT.jar:?]
	at org.apache.hadoop.ozone.om.ratis.OzoneManagerStateMachine.lambda$1(OzoneManagerStateMachine.java:358) ~[ozone-manager-1.4.0-SNAPSHOT.jar:?]
	at java.util.concurrent.CompletableFuture$AsyncSupply.run(CompletableFuture.java:1604) [?:1.8.0_372]
	at java.util.concurrent.ThreadPoolExecutor.runWorker(ThreadPoolExecutor.java:1149) [?:1.8.0_372]
	at java.util.concurrent.ThreadPoolExecutor$Worker.run(ThreadPoolExecutor.java:624) [?:1.8.0_372]
	at java.lang.Thread.run(Thread.java:750) [?:1.8.0_372]
2023-06-07 07:11:54,923 [OM StateMachine ApplyTransaction Thread - 0] ERROR bucket.OMBucketSetPropertyRequest (OMBucketSetPropertyRequest.java:validateAndUpdateCache(263)) - Setting bucket property failed for bucket:c657c3fa-4e38-46d2-ae47-e36826c307a6 in volume:4b76b7d2-aa2b-493a-bbdd-8288cb7a6f8a
QUOTA_ERROR org.apache.hadoop.ozone.om.exceptions.OMException: Can not clear bucket spaceQuota because volume spaceQuota is not cleared.
	at org.apache.hadoop.ozone.om.request.bucket.OMBucketSetPropertyRequest.checkQuotaBytesValid(OMBucketSetPropertyRequest.java:303)
	at org.apache.hadoop.ozone.om.request.bucket.OMBucketSetPropertyRequest.validateAndUpdateCache(OMBucketSetPropertyRequest.java:184)
	at org.apache.hadoop.ozone.protocolPB.OzoneManagerRequestHandler.handleWriteRequest(OzoneManagerRequestHandler.java:338)
	at org.apache.hadoop.ozone.om.ratis.OzoneManagerStateMachine.runCommand(OzoneManagerStateMachine.java:567)
	at org.apache.hadoop.ozone.om.ratis.OzoneManagerStateMachine.lambda$1(OzoneManagerStateMachine.java:358)
	at java.util.concurrent.CompletableFuture$AsyncSupply.run(CompletableFuture.java:1604)
	at java.util.concurrent.ThreadPoolExecutor.runWorker(ThreadPoolExecutor.java:1149)
	at java.util.concurrent.ThreadPoolExecutor$Worker.run(ThreadPoolExecutor.java:624)
	at java.lang.Thread.run(Thread.java:750)
]]></system-out>
  </testcase>
  <testcase name="testSetBucketQuotaIllegal" classname="org.apache.hadoop.ozone.client.rpc.TestSecureOzoneRpcClient" time="0.017">
    <system-out><![CDATA[2023-06-07 07:11:54,961 [main] INFO  rpc.RpcClient (RpcClient.java:createVolume(459)) - Creating Volume: c1e38a81-3e1d-4ad5-bd0a-0dcf74b20538, with runner as owner and space quota set to -1 bytes, counts quota set to -1
2023-06-07 07:11:54,963 [OM StateMachine ApplyTransaction Thread - 0] INFO  volume.OMVolumeCreateRequest (OMVolumeCreateRequest.java:validateAndUpdateCache(196)) - created volume:c1e38a81-3e1d-4ad5-bd0a-0dcf74b20538 for user:runner
2023-06-07 07:11:54,964 [main] INFO  rpc.RpcClient (RpcClient.java:createBucket(686)) - Creating Bucket: c1e38a81-3e1d-4ad5-bd0a-0dcf74b20538/8d7c6b83-7dac-495c-827f-3d8b5fac30b8, with server-side default bucket layout, runner as owner, Versioning false, Storage Type set to DISK and Encryption set to false, Replication Type set to server-side default replication type, Namespace Quota set to -1, Space Quota set to -1 
2023-06-07 07:11:54,966 [OM StateMachine ApplyTransaction Thread - 0] INFO  bucket.OMBucketCreateRequest (OMBucketCreateRequest.java:validateAndUpdateCache(270)) - created bucket: 8d7c6b83-7dac-495c-827f-3d8b5fac30b8 of layout OBJECT_STORE in volume: c1e38a81-3e1d-4ad5-bd0a-0dcf74b20538
]]></system-out>
  </testcase>
  <testcase name="testSetBucketStorageType" classname="org.apache.hadoop.ozone.client.rpc.TestSecureOzoneRpcClient" time="0.01">
    <system-out><![CDATA[2023-06-07 07:11:54,980 [main] INFO  rpc.RpcClient (RpcClient.java:createVolume(459)) - Creating Volume: f44701ad-41ba-4847-8600-4e03f25527ff, with runner as owner and space quota set to -1 bytes, counts quota set to -1
2023-06-07 07:11:54,982 [OM StateMachine ApplyTransaction Thread - 0] INFO  volume.OMVolumeCreateRequest (OMVolumeCreateRequest.java:validateAndUpdateCache(196)) - created volume:f44701ad-41ba-4847-8600-4e03f25527ff for user:runner
2023-06-07 07:11:54,984 [main] INFO  rpc.RpcClient (RpcClient.java:createBucket(686)) - Creating Bucket: f44701ad-41ba-4847-8600-4e03f25527ff/75c78bdb-2c74-490a-9caa-bae965f8c980, with server-side default bucket layout, runner as owner, Versioning false, Storage Type set to DISK and Encryption set to false, Replication Type set to server-side default replication type, Namespace Quota set to -1, Space Quota set to -1 
2023-06-07 07:11:54,985 [OM StateMachine ApplyTransaction Thread - 0] INFO  bucket.OMBucketCreateRequest (OMBucketCreateRequest.java:validateAndUpdateCache(270)) - created bucket: 75c78bdb-2c74-490a-9caa-bae965f8c980 of layout OBJECT_STORE in volume: f44701ad-41ba-4847-8600-4e03f25527ff
]]></system-out>
  </testcase>
  <testcase name="testSetBucketVersioning" classname="org.apache.hadoop.ozone.client.rpc.TestSecureOzoneRpcClient" time="0.01">
    <system-out><![CDATA[2023-06-07 07:11:54,991 [main] INFO  rpc.RpcClient (RpcClient.java:createVolume(459)) - Creating Volume: 7e900d47-0540-4ea7-9b8f-8848da5367dc, with runner as owner and space quota set to -1 bytes, counts quota set to -1
2023-06-07 07:11:54,993 [OM StateMachine ApplyTransaction Thread - 0] INFO  volume.OMVolumeCreateRequest (OMVolumeCreateRequest.java:validateAndUpdateCache(196)) - created volume:7e900d47-0540-4ea7-9b8f-8848da5367dc for user:runner
2023-06-07 07:11:54,994 [main] INFO  rpc.RpcClient (RpcClient.java:createBucket(686)) - Creating Bucket: 7e900d47-0540-4ea7-9b8f-8848da5367dc/badb19b5-57aa-4ce7-bd02-9e3c0398c7fe, with server-side default bucket layout, runner as owner, Versioning false, Storage Type set to DISK and Encryption set to false, Replication Type set to server-side default replication type, Namespace Quota set to -1, Space Quota set to -1 
2023-06-07 07:11:54,996 [OM StateMachine ApplyTransaction Thread - 0] INFO  bucket.OMBucketCreateRequest (OMBucketCreateRequest.java:validateAndUpdateCache(270)) - created bucket: badb19b5-57aa-4ce7-bd02-9e3c0398c7fe of layout OBJECT_STORE in volume: 7e900d47-0540-4ea7-9b8f-8848da5367dc
]]></system-out>
  </testcase>
  <testcase name="testSetECReplicationConfigOnBucket" classname="org.apache.hadoop.ozone.client.rpc.TestSecureOzoneRpcClient" time="0.015">
    <system-out><![CDATA[2023-06-07 07:11:55,001 [main] INFO  rpc.RpcClient (RpcClient.java:createVolume(459)) - Creating Volume: 05302224-8047-47cc-910c-b03e66a5e3af, with runner as owner and space quota set to -1 bytes, counts quota set to -1
2023-06-07 07:11:55,003 [OM StateMachine ApplyTransaction Thread - 0] INFO  volume.OMVolumeCreateRequest (OMVolumeCreateRequest.java:validateAndUpdateCache(196)) - created volume:05302224-8047-47cc-910c-b03e66a5e3af for user:runner
2023-06-07 07:11:55,004 [main] INFO  rpc.RpcClient (RpcClient.java:createBucket(686)) - Creating Bucket: 05302224-8047-47cc-910c-b03e66a5e3af/847aca21-9de5-47d1-832d-c16b290e8fff, with server-side default bucket layout, runner as owner, Versioning true, Storage Type set to DISK and Encryption set to false, Replication Type set to STAND_ALONE, Namespace Quota set to -1, Space Quota set to -1 
2023-06-07 07:11:55,006 [OM StateMachine ApplyTransaction Thread - 0] INFO  bucket.OMBucketCreateRequest (OMBucketCreateRequest.java:validateAndUpdateCache(270)) - created bucket: 847aca21-9de5-47d1-832d-c16b290e8fff of layout OBJECT_STORE in volume: 05302224-8047-47cc-910c-b03e66a5e3af
]]></system-out>
  </testcase>
  <testcase name="testSetS3VolumeAcl" classname="org.apache.hadoop.ozone.client.rpc.TestSecureOzoneRpcClient" time="0.005"/>
  <testcase name="testSetVolumeQuota" classname="org.apache.hadoop.ozone.client.rpc.TestSecureOzoneRpcClient" time="0.01">
    <system-out><![CDATA[2023-06-07 07:11:55,023 [main] INFO  rpc.RpcClient (RpcClient.java:createVolume(459)) - Creating Volume: 94a175b3-ef8d-4755-96c9-15baeb6a9913, with runner as owner and space quota set to -1 bytes, counts quota set to -1
2023-06-07 07:11:55,026 [OM StateMachine ApplyTransaction Thread - 0] INFO  volume.OMVolumeCreateRequest (OMVolumeCreateRequest.java:validateAndUpdateCache(196)) - created volume:94a175b3-ef8d-4755-96c9-15baeb6a9913 for user:runner
]]></system-out>
  </testcase>
  <testcase name="testSetVolumeQuotaIllegal" classname="org.apache.hadoop.ozone.client.rpc.TestSecureOzoneRpcClient" time="0.01">
    <system-out><![CDATA[2023-06-07 07:11:55,033 [main] INFO  rpc.RpcClient (RpcClient.java:createVolume(459)) - Creating Volume: d22aeaab-28f5-4386-af54-a5f5676aaafd, with runner as owner and space quota set to -1 bytes, counts quota set to -1
2023-06-07 07:11:55,036 [OM StateMachine ApplyTransaction Thread - 0] INFO  volume.OMVolumeCreateRequest (OMVolumeCreateRequest.java:validateAndUpdateCache(196)) - created volume:d22aeaab-28f5-4386-af54-a5f5676aaafd for user:runner
]]></system-out>
  </testcase>
  <testcase name="testUploadPartOverride(ReplicationConfig)[1]" classname="org.apache.hadoop.ozone.client.rpc.TestSecureOzoneRpcClient" time="0.059">
    <system-out><![CDATA[2023-06-07 07:11:55,045 [main] INFO  rpc.RpcClient (RpcClient.java:createVolume(459)) - Creating Volume: d375fd2e-299e-4111-8af4-9adb47e2a695, with runner as owner and space quota set to -1 bytes, counts quota set to -1
2023-06-07 07:11:55,047 [OM StateMachine ApplyTransaction Thread - 0] INFO  volume.OMVolumeCreateRequest (OMVolumeCreateRequest.java:validateAndUpdateCache(196)) - created volume:d375fd2e-299e-4111-8af4-9adb47e2a695 for user:runner
2023-06-07 07:11:55,049 [main] INFO  rpc.RpcClient (RpcClient.java:createBucket(686)) - Creating Bucket: d375fd2e-299e-4111-8af4-9adb47e2a695/6b790b1b-266c-42ef-970b-7db003056870, with server-side default bucket layout, runner as owner, Versioning false, Storage Type set to DISK and Encryption set to false, Replication Type set to server-side default replication type, Namespace Quota set to -1, Space Quota set to -1 
2023-06-07 07:11:55,052 [OM StateMachine ApplyTransaction Thread - 0] INFO  bucket.OMBucketCreateRequest (OMBucketCreateRequest.java:validateAndUpdateCache(270)) - created bucket: 6b790b1b-266c-42ef-970b-7db003056870 of layout OBJECT_STORE in volume: d375fd2e-299e-4111-8af4-9adb47e2a695
]]></system-out>
  </testcase>
  <testcase name="testUploadPartOverride(ReplicationConfig)[2]" classname="org.apache.hadoop.ozone.client.rpc.TestSecureOzoneRpcClient" time="0.102">
    <system-out><![CDATA[2023-06-07 07:11:55,104 [main] INFO  rpc.RpcClient (RpcClient.java:createVolume(459)) - Creating Volume: 2490fd66-50db-45f4-9643-6c68768135b5, with runner as owner and space quota set to -1 bytes, counts quota set to -1
2023-06-07 07:11:55,107 [OM StateMachine ApplyTransaction Thread - 0] INFO  volume.OMVolumeCreateRequest (OMVolumeCreateRequest.java:validateAndUpdateCache(196)) - created volume:2490fd66-50db-45f4-9643-6c68768135b5 for user:runner
2023-06-07 07:11:55,108 [main] INFO  rpc.RpcClient (RpcClient.java:createBucket(686)) - Creating Bucket: 2490fd66-50db-45f4-9643-6c68768135b5/1b91c724-89dd-438d-8ceb-2273e4bf5d83, with server-side default bucket layout, runner as owner, Versioning false, Storage Type set to DISK and Encryption set to false, Replication Type set to server-side default replication type, Namespace Quota set to -1, Space Quota set to -1 
2023-06-07 07:11:55,110 [OM StateMachine ApplyTransaction Thread - 0] INFO  bucket.OMBucketCreateRequest (OMBucketCreateRequest.java:validateAndUpdateCache(270)) - created bucket: 1b91c724-89dd-438d-8ceb-2273e4bf5d83 of layout OBJECT_STORE in volume: 2490fd66-50db-45f4-9643-6c68768135b5
]]></system-out>
  </testcase>
  <testcase name="testUploadPartOverride(ReplicationConfig)[3]" classname="org.apache.hadoop.ozone.client.rpc.TestSecureOzoneRpcClient" time="0.168">
    <system-out><![CDATA[2023-06-07 07:11:55,207 [main] INFO  rpc.RpcClient (RpcClient.java:createVolume(459)) - Creating Volume: 7650c839-9ab4-4eee-b37e-0199e9d44b24, with runner as owner and space quota set to -1 bytes, counts quota set to -1
2023-06-07 07:11:55,210 [OM StateMachine ApplyTransaction Thread - 0] INFO  volume.OMVolumeCreateRequest (OMVolumeCreateRequest.java:validateAndUpdateCache(196)) - created volume:7650c839-9ab4-4eee-b37e-0199e9d44b24 for user:runner
2023-06-07 07:11:55,211 [main] INFO  rpc.RpcClient (RpcClient.java:createBucket(686)) - Creating Bucket: 7650c839-9ab4-4eee-b37e-0199e9d44b24/9b1ccb42-06f3-4e62-9285-e297573a44b3, with server-side default bucket layout, runner as owner, Versioning false, Storage Type set to DISK and Encryption set to false, Replication Type set to server-side default replication type, Namespace Quota set to -1, Space Quota set to -1 
2023-06-07 07:11:55,213 [OM StateMachine ApplyTransaction Thread - 0] INFO  bucket.OMBucketCreateRequest (OMBucketCreateRequest.java:validateAndUpdateCache(270)) - created bucket: 9b1ccb42-06f3-4e62-9285-e297573a44b3 of layout OBJECT_STORE in volume: 7650c839-9ab4-4eee-b37e-0199e9d44b24
]]></system-out>
  </testcase>
  <testcase name="testUploadPartWithNoOverride(ReplicationConfig)[1]" classname="org.apache.hadoop.ozone.client.rpc.TestSecureOzoneRpcClient" time="0.025">
    <system-out><![CDATA[2023-06-07 07:11:55,378 [main] INFO  rpc.RpcClient (RpcClient.java:createVolume(459)) - Creating Volume: 376833ab-7a23-4f56-9e8e-0222dd4a05d8, with runner as owner and space quota set to -1 bytes, counts quota set to -1
2023-06-07 07:11:55,380 [OM StateMachine ApplyTransaction Thread - 0] INFO  volume.OMVolumeCreateRequest (OMVolumeCreateRequest.java:validateAndUpdateCache(196)) - created volume:376833ab-7a23-4f56-9e8e-0222dd4a05d8 for user:runner
2023-06-07 07:11:55,381 [main] INFO  rpc.RpcClient (RpcClient.java:createBucket(686)) - Creating Bucket: 376833ab-7a23-4f56-9e8e-0222dd4a05d8/851663ea-70cc-4c87-a143-1446affcc4f7, with server-side default bucket layout, runner as owner, Versioning false, Storage Type set to DISK and Encryption set to false, Replication Type set to server-side default replication type, Namespace Quota set to -1, Space Quota set to -1 
2023-06-07 07:11:55,383 [OM StateMachine ApplyTransaction Thread - 0] INFO  bucket.OMBucketCreateRequest (OMBucketCreateRequest.java:validateAndUpdateCache(270)) - created bucket: 851663ea-70cc-4c87-a143-1446affcc4f7 of layout OBJECT_STORE in volume: 376833ab-7a23-4f56-9e8e-0222dd4a05d8
]]></system-out>
  </testcase>
  <testcase name="testUploadPartWithNoOverride(ReplicationConfig)[2]" classname="org.apache.hadoop.ozone.client.rpc.TestSecureOzoneRpcClient" time="0.053">
    <system-out><![CDATA[2023-06-07 07:11:55,403 [main] INFO  rpc.RpcClient (RpcClient.java:createVolume(459)) - Creating Volume: d1b5bb40-1253-4222-b95a-91622adeffe4, with runner as owner and space quota set to -1 bytes, counts quota set to -1
2023-06-07 07:11:55,405 [OM StateMachine ApplyTransaction Thread - 0] INFO  volume.OMVolumeCreateRequest (OMVolumeCreateRequest.java:validateAndUpdateCache(196)) - created volume:d1b5bb40-1253-4222-b95a-91622adeffe4 for user:runner
2023-06-07 07:11:55,406 [main] INFO  rpc.RpcClient (RpcClient.java:createBucket(686)) - Creating Bucket: d1b5bb40-1253-4222-b95a-91622adeffe4/926ad5d6-60eb-447d-81b5-a65693fdef38, with server-side default bucket layout, runner as owner, Versioning false, Storage Type set to DISK and Encryption set to false, Replication Type set to server-side default replication type, Namespace Quota set to -1, Space Quota set to -1 
2023-06-07 07:11:55,408 [OM StateMachine ApplyTransaction Thread - 0] INFO  bucket.OMBucketCreateRequest (OMBucketCreateRequest.java:validateAndUpdateCache(270)) - created bucket: 926ad5d6-60eb-447d-81b5-a65693fdef38 of layout OBJECT_STORE in volume: d1b5bb40-1253-4222-b95a-91622adeffe4
]]></system-out>
  </testcase>
  <testcase name="testUploadPartWithNoOverride(ReplicationConfig)[3]" classname="org.apache.hadoop.ozone.client.rpc.TestSecureOzoneRpcClient" time="0.087">
    <system-out><![CDATA[2023-06-07 07:11:55,456 [main] INFO  rpc.RpcClient (RpcClient.java:createVolume(459)) - Creating Volume: c121d179-59fa-485f-8d34-97735e7ba5f7, with runner as owner and space quota set to -1 bytes, counts quota set to -1
2023-06-07 07:11:55,458 [OM StateMachine ApplyTransaction Thread - 0] INFO  volume.OMVolumeCreateRequest (OMVolumeCreateRequest.java:validateAndUpdateCache(196)) - created volume:c121d179-59fa-485f-8d34-97735e7ba5f7 for user:runner
2023-06-07 07:11:55,460 [main] INFO  rpc.RpcClient (RpcClient.java:createBucket(686)) - Creating Bucket: c121d179-59fa-485f-8d34-97735e7ba5f7/617ccc21-df41-4396-a3d9-8ef22e5d26e9, with server-side default bucket layout, runner as owner, Versioning false, Storage Type set to DISK and Encryption set to false, Replication Type set to server-side default replication type, Namespace Quota set to -1, Space Quota set to -1 
2023-06-07 07:11:55,462 [OM StateMachine ApplyTransaction Thread - 0] INFO  bucket.OMBucketCreateRequest (OMBucketCreateRequest.java:validateAndUpdateCache(270)) - created bucket: 617ccc21-df41-4396-a3d9-8ef22e5d26e9 of layout OBJECT_STORE in volume: c121d179-59fa-485f-8d34-97735e7ba5f7
]]></system-out>
  </testcase>
  <testcase name="testUsedBytesWithUploadPart" classname="org.apache.hadoop.ozone.client.rpc.TestSecureOzoneRpcClient" time="0.255">
    <system-out><![CDATA[2023-06-07 07:11:55,649 [main] INFO  rpc.RpcClient (RpcClient.java:createVolume(459)) - Creating Volume: 37ab4ba8-5648-49f6-9872-0ff0915bd31e, with runner as owner and space quota set to -1 bytes, counts quota set to -1
2023-06-07 07:11:55,652 [OM StateMachine ApplyTransaction Thread - 0] INFO  volume.OMVolumeCreateRequest (OMVolumeCreateRequest.java:validateAndUpdateCache(196)) - created volume:37ab4ba8-5648-49f6-9872-0ff0915bd31e for user:runner
2023-06-07 07:11:55,657 [main] INFO  rpc.RpcClient (RpcClient.java:createBucket(686)) - Creating Bucket: 37ab4ba8-5648-49f6-9872-0ff0915bd31e/c3917a17-b1c4-4fc9-b053-bcf5f703c671, with server-side default bucket layout, runner as owner, Versioning false, Storage Type set to DISK and Encryption set to false, Replication Type set to server-side default replication type, Namespace Quota set to -1, Space Quota set to -1 
2023-06-07 07:11:55,659 [OM StateMachine ApplyTransaction Thread - 0] INFO  bucket.OMBucketCreateRequest (OMBucketCreateRequest.java:validateAndUpdateCache(270)) - created bucket: c3917a17-b1c4-4fc9-b053-bcf5f703c671 of layout OBJECT_STORE in volume: 37ab4ba8-5648-49f6-9872-0ff0915bd31e
]]></system-out>
  </testcase>
  <testcase name="testValidateBlockLengthWithCommitKey" classname="org.apache.hadoop.ozone.client.rpc.TestSecureOzoneRpcClient" time="0.033">
    <system-out><![CDATA[2023-06-07 07:11:55,802 [main] INFO  rpc.RpcClient (RpcClient.java:createVolume(459)) - Creating Volume: 7e7e34b8-ec03-4407-92da-44ce352be36d, with runner as owner and space quota set to -1 bytes, counts quota set to -1
2023-06-07 07:11:55,805 [OM StateMachine ApplyTransaction Thread - 0] INFO  volume.OMVolumeCreateRequest (OMVolumeCreateRequest.java:validateAndUpdateCache(196)) - created volume:7e7e34b8-ec03-4407-92da-44ce352be36d for user:runner
2023-06-07 07:11:55,806 [main] INFO  rpc.RpcClient (RpcClient.java:createBucket(686)) - Creating Bucket: 7e7e34b8-ec03-4407-92da-44ce352be36d/f029bd27-e2c0-4c4b-b055-dc4ed2a6de37, with server-side default bucket layout, runner as owner, Versioning false, Storage Type set to DISK and Encryption set to false, Replication Type set to server-side default replication type, Namespace Quota set to -1, Space Quota set to -1 
2023-06-07 07:11:55,808 [OM StateMachine ApplyTransaction Thread - 0] INFO  bucket.OMBucketCreateRequest (OMBucketCreateRequest.java:validateAndUpdateCache(270)) - created bucket: f029bd27-e2c0-4c4b-b055-dc4ed2a6de37 of layout OBJECT_STORE in volume: 7e7e34b8-ec03-4407-92da-44ce352be36d
]]></system-out>
  </testcase>
  <testcase name="testVolumeSetOwner" classname="org.apache.hadoop.ozone.client.rpc.TestSecureOzoneRpcClient" time="0.015">
    <system-out><![CDATA[2023-06-07 07:11:55,833 [main] INFO  rpc.RpcClient (RpcClient.java:createVolume(459)) - Creating Volume: 4e1c2e79-e42d-494f-a6de-d6cf6c2cfa1c, with runner as owner and space quota set to -1 bytes, counts quota set to -1
2023-06-07 07:11:55,836 [OM StateMachine ApplyTransaction Thread - 0] INFO  volume.OMVolumeCreateRequest (OMVolumeCreateRequest.java:validateAndUpdateCache(196)) - created volume:4e1c2e79-e42d-494f-a6de-d6cf6c2cfa1c for user:runner
2023-06-07 07:11:55,844 [OM StateMachine ApplyTransaction Thread - 0] WARN  volume.OMVolumeSetOwnerRequest (OMVolumeSetOwnerRequest.java:validateAndUpdateCache(132)) - Volume '4e1c2e79-e42d-494f-a6de-d6cf6c2cfa1c' owner is already user 'someRandomUser1'.
]]></system-out>
  </testcase>
  <testcase name="testVolumeUsedNamespace" classname="org.apache.hadoop.ozone.client.rpc.TestSecureOzoneRpcClient" time="0.058">
    <system-out><![CDATA[2023-06-07 07:11:55,850 [main] INFO  rpc.RpcClient (RpcClient.java:createVolume(459)) - Creating Volume: 6e912a68-704b-4f4c-a146-cc09123a9103, with runner as owner and space quota set to -1 bytes, counts quota set to 1
2023-06-07 07:11:55,852 [OM StateMachine ApplyTransaction Thread - 0] INFO  volume.OMVolumeCreateRequest (OMVolumeCreateRequest.java:validateAndUpdateCache(196)) - created volume:6e912a68-704b-4f4c-a146-cc09123a9103 for user:runner
2023-06-07 07:11:55,854 [main] INFO  rpc.RpcClient (RpcClient.java:createBucket(686)) - Creating Bucket: 6e912a68-704b-4f4c-a146-cc09123a9103/67dbbc9c-4567-4791-a5f6-684124345fec, with server-side default bucket layout, runner as owner, Versioning false, Storage Type set to DISK and Encryption set to false, Replication Type set to server-side default replication type, Namespace Quota set to -1, Space Quota set to -1 
2023-06-07 07:11:55,856 [OM StateMachine ApplyTransaction Thread - 0] INFO  bucket.OMBucketCreateRequest (OMBucketCreateRequest.java:validateAndUpdateCache(270)) - created bucket: 67dbbc9c-4567-4791-a5f6-684124345fec of layout OBJECT_STORE in volume: 6e912a68-704b-4f4c-a146-cc09123a9103
2023-06-07 07:11:55,857 [main] INFO  rpc.RpcClient (RpcClient.java:createBucket(686)) - Creating Bucket: 6e912a68-704b-4f4c-a146-cc09123a9103/9d1234d3-cf43-4d9d-a912-0f0965b297ac, with server-side default bucket layout, runner as owner, Versioning false, Storage Type set to DISK and Encryption set to false, Replication Type set to server-side default replication type, Namespace Quota set to -1, Space Quota set to -1 
07:11:55.859 [OM StateMachine ApplyTransaction Thread - 0] ERROR OMAudit - user=runner | ip=127.0.0.1 | op=CREATE_BUCKET {volume=6e912a68-704b-4f4c-a146-cc09123a9103, bucket=9d1234d3-cf43-4d9d-a912-0f0965b297ac, bucketLayout=OBJECT_STORE, gdprEnabled=null, acls=[user:runner:a[ACCESS], group:docker:a[ACCESS], group:adm:a[ACCESS], group:systemd-journal:a[ACCESS]], isVersionEnabled=false, storageType=DISK, creationTime=1686121915858, bucketEncryptionKey=null, modificationTime=1686121915858, usedBytes=0, usedNamespace=0} | ret=FAILURE
org.apache.hadoop.ozone.om.exceptions.OMException: The namespace quota of Volume:6e912a68-704b-4f4c-a146-cc09123a9103 exceeded: quotaInNamespace: 1 but namespace consumed: 2.
	at org.apache.hadoop.ozone.om.request.bucket.OMBucketCreateRequest.checkQuotaInNamespace(OMBucketCreateRequest.java:357) ~[ozone-manager-1.4.0-SNAPSHOT.jar:?]
	at org.apache.hadoop.ozone.om.request.bucket.OMBucketCreateRequest.validateAndUpdateCache(OMBucketCreateRequest.java:233) ~[ozone-manager-1.4.0-SNAPSHOT.jar:?]
	at org.apache.hadoop.ozone.protocolPB.OzoneManagerRequestHandler.handleWriteRequest(OzoneManagerRequestHandler.java:338) ~[ozone-manager-1.4.0-SNAPSHOT.jar:?]
	at org.apache.hadoop.ozone.om.ratis.OzoneManagerStateMachine.runCommand(OzoneManagerStateMachine.java:567) ~[ozone-manager-1.4.0-SNAPSHOT.jar:?]
	at org.apache.hadoop.ozone.om.ratis.OzoneManagerStateMachine.lambda$1(OzoneManagerStateMachine.java:358) ~[ozone-manager-1.4.0-SNAPSHOT.jar:?]
	at java.util.concurrent.CompletableFuture$AsyncSupply.run(CompletableFuture.java:1604) [?:1.8.0_372]
	at java.util.concurrent.ThreadPoolExecutor.runWorker(ThreadPoolExecutor.java:1149) [?:1.8.0_372]
	at java.util.concurrent.ThreadPoolExecutor$Worker.run(ThreadPoolExecutor.java:624) [?:1.8.0_372]
	at java.lang.Thread.run(Thread.java:750) [?:1.8.0_372]
2023-06-07 07:11:55,859 [OM StateMachine ApplyTransaction Thread - 0] ERROR bucket.OMBucketCreateRequest (OMBucketCreateRequest.java:validateAndUpdateCache(282)) - Bucket creation failed for bucket:9d1234d3-cf43-4d9d-a912-0f0965b297ac in volume:6e912a68-704b-4f4c-a146-cc09123a9103
QUOTA_EXCEEDED org.apache.hadoop.ozone.om.exceptions.OMException: The namespace quota of Volume:6e912a68-704b-4f4c-a146-cc09123a9103 exceeded: quotaInNamespace: 1 but namespace consumed: 2.
	at org.apache.hadoop.ozone.om.request.bucket.OMBucketCreateRequest.checkQuotaInNamespace(OMBucketCreateRequest.java:357)
	at org.apache.hadoop.ozone.om.request.bucket.OMBucketCreateRequest.validateAndUpdateCache(OMBucketCreateRequest.java:233)
	at org.apache.hadoop.ozone.protocolPB.OzoneManagerRequestHandler.handleWriteRequest(OzoneManagerRequestHandler.java:338)
	at org.apache.hadoop.ozone.om.ratis.OzoneManagerStateMachine.runCommand(OzoneManagerStateMachine.java:567)
	at org.apache.hadoop.ozone.om.ratis.OzoneManagerStateMachine.lambda$1(OzoneManagerStateMachine.java:358)
	at java.util.concurrent.CompletableFuture$AsyncSupply.run(CompletableFuture.java:1604)
	at java.util.concurrent.ThreadPoolExecutor.runWorker(ThreadPoolExecutor.java:1149)
	at java.util.concurrent.ThreadPoolExecutor$Worker.run(ThreadPoolExecutor.java:624)
	at java.lang.Thread.run(Thread.java:750)
2023-06-07 07:11:55,860 [main] INFO  rpc.RpcClient (RpcClient.java:createVolume(459)) - Creating Volume: 7cadb599-6dbf-4762-bd18-74b09d2ef19a, with runner as owner and space quota set to -1 bytes, counts quota set to -1
2023-06-07 07:11:55,863 [OM StateMachine ApplyTransaction Thread - 0] INFO  volume.OMVolumeCreateRequest (OMVolumeCreateRequest.java:validateAndUpdateCache(196)) - created volume:7cadb599-6dbf-4762-bd18-74b09d2ef19a for user:runner
2023-06-07 07:11:55,864 [main] INFO  rpc.RpcClient (RpcClient.java:createBucket(686)) - Creating Bucket: 7cadb599-6dbf-4762-bd18-74b09d2ef19a/d09eee81-41ac-4550-ad13-255f46dd58ca, with server-side default bucket layout, runner as owner, Versioning false, Storage Type set to DISK and Encryption set to false, Replication Type set to server-side default replication type, Namespace Quota set to -1, Space Quota set to -1 
2023-06-07 07:11:55,869 [OM StateMachine ApplyTransaction Thread - 0] INFO  bucket.OMBucketCreateRequest (OMBucketCreateRequest.java:validateAndUpdateCache(270)) - created bucket: d09eee81-41ac-4550-ad13-255f46dd58ca of layout OBJECT_STORE in volume: 7cadb599-6dbf-4762-bd18-74b09d2ef19a
]]></system-out>
  </testcase>
  <testcase name="testZReadKeyWithUnhealthyContainerReplica" classname="org.apache.hadoop.ozone.client.rpc.TestSecureOzoneRpcClient" time="0"/>
</testsuite>