<?xml version="1.0" encoding="UTF-8"?>
<testsuite xmlns:xsi="http://www.w3.org/2001/XMLSchema-instance" xsi:noNamespaceSchemaLocation="https://maven.apache.org/surefire/maven-surefire-plugin/xsd/surefire-test-report.xsd" name="org.apache.hadoop.ozone.client.rpc.TestOzoneClientRetriesOnException" time="89.298" tests="2" errors="0" skipped="0" failures="1">
  <properties>
    <property name="awt.toolkit" value="sun.awt.X11.XToolkit"/>
    <property name="file.encoding.pkg" value="sun.io"/>
    <property name="java.specification.version" value="1.8"/>
    <property name="sun.cpu.isalist" value=""/>
    <property name="sun.jnu.encoding" value="ANSI_X3.4-1968"/>
    <property name="java.class.path" value="/github/workspace/mnt/ozone/hadoop-ozone/integration-test/target/test-classes:/github/workspace/mnt/ozone/hadoop-ozone/integration-test/target/classes:/home/user/.m2/repository/org/apache/hadoop/hadoop-ozone-common/1.1.0-SNAPSHOT/hadoop-ozone-common-1.1.0-SNAPSHOT.jar:/home/user/.m2/repository/org/apache/commons/commons-compress/1.4.1/commons-compress-1.4.1.jar:/home/user/.m2/repository/org/tukaani/xz/1.0/xz-1.0.jar:/home/user/.m2/repository/org/apache/hadoop/hadoop-hdds-common/1.1.0-SNAPSHOT/hadoop-hdds-common-1.1.0-SNAPSHOT.jar:/home/user/.m2/repository/org/apache/hadoop/hadoop-hdds-client/1.1.0-SNAPSHOT/hadoop-hdds-client-1.1.0-SNAPSHOT.jar:/home/user/.m2/repository/org/apache/hadoop/hadoop-ozone-interface-client/1.1.0-SNAPSHOT/hadoop-ozone-interface-client-1.1.0-SNAPSHOT.jar:/home/user/.m2/repository/org/apache/hadoop/hadoop-hdds-test-utils/1.1.0-SNAPSHOT/hadoop-hdds-test-utils-1.1.0-SNAPSHOT.jar:/home/user/.m2/repository/com/google/guava/guava/28.2-jre/guava-28.2-jre.jar:/home/user/.m2/repository/com/google/guava/failureaccess/1.0.1/failureaccess-1.0.1.jar:/home/user/.m2/repository/com/google/guava/listenablefuture/9999.0-empty-to-avoid-conflict-with-guava/listenablefuture-9999.0-empty-to-avoid-conflict-with-guava.jar:/home/user/.m2/repository/com/google/code/findbugs/jsr305/3.0.0/jsr305-3.0.0.jar:/home/user/.m2/repository/org/checkerframework/checker-qual/2.10.0/checker-qual-2.10.0.jar:/home/user/.m2/repository/com/google/errorprone/error_prone_annotations/2.2.0/error_prone_annotations-2.2.0.jar:/home/user/.m2/repository/com/google/j2objc/j2objc-annotations/1.3/j2objc-annotations-1.3.jar:/home/user/.m2/repository/commons-io/commons-io/2.5/commons-io-2.5.jar:/home/user/.m2/repository/commons-logging/commons-logging/1.2/commons-logging-1.2.jar:/home/user/.m2/repository/log4j/log4j/1.2.17/log4j-1.2.17.jar:/home/user/.m2/repository/org/slf4j/slf4j-api/1.7.25/slf4j-api-1.7.25.jar:/home/user/.m2/repository/org/apache/hadoop/hadoop-hdds-server-scm/1.1.0-SNAPSHOT/hadoop-hdds-server-scm-1.1.0-SNAPSHOT.jar:/home/user/.m2/repository/org/apache/hadoop/hadoop-hdds-container-service/1.1.0-SNAPSHOT/hadoop-hdds-container-service-1.1.0-SNAPSHOT.jar:/home/user/.m2/repository/org/apache/hadoop/hadoop-hdds-hadoop-dependency-server/1.1.0-SNAPSHOT/hadoop-hdds-hadoop-dependency-server-1.1.0-SNAPSHOT.jar:/home/user/.m2/repository/org/apache/hadoop/hadoop-hdfs/3.2.1/hadoop-hdfs-3.2.1.jar:/home/user/.m2/repository/org/apache/hadoop/hadoop-hdds-server-framework/1.1.0-SNAPSHOT/hadoop-hdds-server-framework-1.1.0-SNAPSHOT.jar:/home/user/.m2/repository/org/apache/hadoop/hadoop-hdds-interface-server/1.1.0-SNAPSHOT/hadoop-hdds-interface-server-1.1.0-SNAPSHOT.jar:/home/user/.m2/repository/org/apache/hadoop/hadoop-hdds-interface-admin/1.1.0-SNAPSHOT/hadoop-hdds-interface-admin-1.1.0-SNAPSHOT.jar:/home/user/.m2/repository/org/eclipse/jetty/jetty-servlet/9.4.34.v20201102/jetty-servlet-9.4.34.v20201102.jar:/home/user/.m2/repository/org/eclipse/jetty/jetty-security/9.4.34.v20201102/jetty-security-9.4.34.v20201102.jar:/home/user/.m2/repository/org/rocksdb/rocksdbjni/6.8.1/rocksdbjni-6.8.1.jar:/home/user/.m2/repository/io/prometheus/simpleclient_dropwizard/0.7.0/simpleclient_dropwizard-0.7.0.jar:/home/user/.m2/repository/io/prometheus/simpleclient/0.7.0/simpleclient-0.7.0.jar:/home/user/.m2/repository/io/prometheus/simpleclient_common/0.7.0/simpleclient_common-0.7.0.jar:/home/user/.m2/repository/com/fasterxml/jackson/datatype/jackson-datatype-jsr310/2.10.3/jackson-datatype-jsr310-2.10.3.jar:/home/user/.m2/repository/io/dropwizard/metrics/metrics-core/3.2.4/metrics-core-3.2.4.jar:/home/user/.m2/repository/org/apache/hadoop/hadoop-hdfs-client/3.2.1/hadoop-hdfs-client-3.2.1.jar:/home/user/.m2/repository/org/bouncycastle/bcprov-jdk15on/1.60/bcprov-jdk15on-1.60.jar:/home/user/.m2/repository/org/apache/hadoop/hadoop-ozone-ozone-manager/1.1.0-SNAPSHOT/hadoop-ozone-ozone-manager-1.1.0-SNAPSHOT.jar:/home/user/.m2/repository/org/apache/hadoop/hadoop-hdds-interface-client/1.1.0-SNAPSHOT/hadoop-hdds-interface-client-1.1.0-SNAPSHOT.jar:/home/user/.m2/repository/org/apache/ratis/ratis-thirdparty-misc/0.6.0-SNAPSHOT/ratis-thirdparty-misc-0.6.0-SNAPSHOT.jar:/home/user/.m2/repository/org/apache/hadoop/hadoop-ozone-interface-storage/1.1.0-SNAPSHOT/hadoop-ozone-interface-storage-1.1.0-SNAPSHOT.jar:/home/user/.m2/repository/org/apache/hadoop/hadoop-minikdc/3.2.1/hadoop-minikdc-3.2.1.jar:/home/user/.m2/repository/org/apache/kerby/kerb-simplekdc/1.0.1/kerb-simplekdc-1.0.1.jar:/home/user/.m2/repository/org/apache/kerby/kerb-client/1.0.1/kerb-client-1.0.1.jar:/home/user/.m2/repository/org/apache/kerby/kerby-config/1.0.1/kerby-config-1.0.1.jar:/home/user/.m2/repository/org/apache/kerby/kerb-core/1.0.1/kerb-core-1.0.1.jar:/home/user/.m2/repository/org/apache/kerby/kerby-pkix/1.0.1/kerby-pkix-1.0.1.jar:/home/user/.m2/repository/org/apache/kerby/kerby-asn1/1.0.1/kerby-asn1-1.0.1.jar:/home/user/.m2/repository/org/apache/kerby/kerby-util/1.0.1/kerby-util-1.0.1.jar:/home/user/.m2/repository/org/apache/kerby/kerb-common/1.0.1/kerb-common-1.0.1.jar:/home/user/.m2/repository/org/apache/kerby/kerb-crypto/1.0.1/kerb-crypto-1.0.1.jar:/home/user/.m2/repository/org/apache/kerby/kerb-util/1.0.1/kerb-util-1.0.1.jar:/home/user/.m2/repository/org/apache/kerby/token-provider/1.0.1/token-provider-1.0.1.jar:/home/user/.m2/repository/org/apache/kerby/kerb-admin/1.0.1/kerb-admin-1.0.1.jar:/home/user/.m2/repository/org/apache/kerby/kerb-server/1.0.1/kerb-server-1.0.1.jar:/home/user/.m2/repository/org/apache/kerby/kerb-identity/1.0.1/kerb-identity-1.0.1.jar:/home/user/.m2/repository/org/apache/kerby/kerby-xdr/1.0.1/kerby-xdr-1.0.1.jar:/home/user/.m2/repository/org/slf4j/slf4j-log4j12/1.7.25/slf4j-log4j12-1.7.25.jar:/home/user/.m2/repository/org/apache/hadoop/hadoop-ozone-s3gateway/1.1.0-SNAPSHOT/hadoop-ozone-s3gateway-1.1.0-SNAPSHOT.jar:/home/user/.m2/repository/org/jboss/weld/servlet/weld-servlet/2.4.7.Final/weld-servlet-2.4.7.Final.jar:/home/user/.m2/repository/org/glassfish/jersey/containers/jersey-container-servlet-core/2.27/jersey-container-servlet-core-2.27.jar:/home/user/.m2/repository/org/glassfish/hk2/external/javax.inject/2.5.0-b42/javax.inject-2.5.0-b42.jar:/home/user/.m2/repository/org/glassfish/jersey/core/jersey-common/2.27/jersey-common-2.27.jar:/home/user/.m2/repository/org/glassfish/hk2/osgi-resource-locator/1.0.1/osgi-resource-locator-1.0.1.jar:/home/user/.m2/repository/javax/ws/rs/javax.ws.rs-api/2.1/javax.ws.rs-api-2.1.jar:/home/user/.m2/repository/org/glassfish/jersey/ext/cdi/jersey-cdi1x/2.27/jersey-cdi1x-2.27.jar:/home/user/.m2/repository/org/glassfish/jersey/inject/jersey-hk2/2.27/jersey-hk2-2.27.jar:/home/user/.m2/repository/org/glassfish/hk2/hk2-locator/2.5.0-b42/hk2-locator-2.5.0-b42.jar:/home/user/.m2/repository/org/javassist/javassist/3.22.0-CR2/javassist-3.22.0-CR2.jar:/home/user/.m2/repository/org/glassfish/hk2/hk2-api/2.5.0/hk2-api-2.5.0.jar:/home/user/.m2/repository/org/glassfish/hk2/external/jakarta.inject/2.5.0/jakarta.inject-2.5.0.jar:/home/user/.m2/repository/org/glassfish/hk2/hk2-utils/2.5.0/hk2-utils-2.5.0.jar:/home/user/.m2/repository/jakarta/annotation/jakarta.annotation-api/1.3.4/jakarta.annotation-api-1.3.4.jar:/home/user/.m2/repository/org/glassfish/hk2/external/aopalliance-repackaged/2.5.0/aopalliance-repackaged-2.5.0.jar:/home/user/.m2/repository/com/fasterxml/jackson/dataformat/jackson-dataformat-xml/2.10.3/jackson-dataformat-xml-2.10.3.jar:/home/user/.m2/repository/com/fasterxml/jackson/core/jackson-core/2.10.3/jackson-core-2.10.3.jar:/home/user/.m2/repository/com/fasterxml/jackson/module/jackson-module-jaxb-annotations/2.10.3/jackson-module-jaxb-annotations-2.10.3.jar:/home/user/.m2/repository/jakarta/xml/bind/jakarta.xml.bind-api/2.3.2/jakarta.xml.bind-api-2.3.2.jar:/home/user/.m2/repository/jakarta/activation/jakarta.activation-api/1.2.1/jakarta.activation-api-1.2.1.jar:/home/user/.m2/repository/org/codehaus/woodstox/stax2-api/3.1.4/stax2-api-3.1.4.jar:/home/user/.m2/repository/com/fasterxml/woodstox/woodstox-core/5.0.3/woodstox-core-5.0.3.jar:/home/user/.m2/repository/javax/enterprise/cdi-api/1.2/cdi-api-1.2.jar:/home/user/.m2/repository/javax/el/javax.el-api/3.0.0/javax.el-api-3.0.0.jar:/home/user/.m2/repository/javax/interceptor/javax.interceptor-api/1.2/javax.interceptor-api-1.2.jar:/home/user/.m2/repository/javax/inject/javax.inject/1/javax.inject-1.jar:/home/user/.m2/repository/com/sun/xml/bind/jaxb-impl/2.3.0.1/jaxb-impl-2.3.0.1.jar:/home/user/.m2/repository/com/sun/xml/bind/jaxb-core/2.3.0.1/jaxb-core-2.3.0.1.jar:/home/user/.m2/repository/javax/xml/bind/jaxb-api/2.3.0/jaxb-api-2.3.0.jar:/home/user/.m2/repository/javax/activation/activation/1.1.1/activation-1.1.1.jar:/home/user/.m2/repository/org/apache/hadoop/hadoop-ozone-csi/1.1.0-SNAPSHOT/hadoop-ozone-csi-1.1.0-SNAPSHOT.jar:/home/user/.m2/repository/com/google/protobuf/protobuf-java-util/3.11.0/protobuf-java-util-3.11.0.jar:/home/user/.m2/repository/com/google/code/gson/gson/2.2.4/gson-2.2.4.jar:/home/user/.m2/repository/org/apache/hadoop/hadoop-hdds-config/1.1.0-SNAPSHOT/hadoop-hdds-config-1.1.0-SNAPSHOT.jar:/home/user/.m2/repository/com/google/protobuf/protobuf-java/2.5.0/protobuf-java-2.5.0.jar:/home/user/.m2/repository/io/grpc/grpc-netty/1.29.0/grpc-netty-1.29.0.jar:/home/user/.m2/repository/io/grpc/grpc-core/1.29.0/grpc-core-1.29.0.jar:/home/user/.m2/repository/com/google/android/annotations/4.1.1.4/annotations-4.1.1.4.jar:/home/user/.m2/repository/io/perfmark/perfmark-api/0.19.0/perfmark-api-0.19.0.jar:/home/user/.m2/repository/io/netty/netty-codec-http2/4.1.48.Final/netty-codec-http2-4.1.48.Final.jar:/home/user/.m2/repository/io/netty/netty-codec/4.1.48.Final/netty-codec-4.1.48.Final.jar:/home/user/.m2/repository/io/netty/netty-handler/4.1.48.Final/netty-handler-4.1.48.Final.jar:/home/user/.m2/repository/io/netty/netty-codec-http/4.1.48.Final/netty-codec-http-4.1.48.Final.jar:/home/user/.m2/repository/io/netty/netty-handler-proxy/4.1.48.Final/netty-handler-proxy-4.1.48.Final.jar:/home/user/.m2/repository/io/netty/netty-codec-socks/4.1.48.Final/netty-codec-socks-4.1.48.Final.jar:/home/user/.m2/repository/io/netty/netty-transport-native-epoll/4.1.48.Final/netty-transport-native-epoll-4.1.48.Final.jar:/home/user/.m2/repository/io/netty/netty-common/4.1.48.Final/netty-common-4.1.48.Final.jar:/home/user/.m2/repository/io/netty/netty-buffer/4.1.48.Final/netty-buffer-4.1.48.Final.jar:/home/user/.m2/repository/io/netty/netty-transport/4.1.48.Final/netty-transport-4.1.48.Final.jar:/home/user/.m2/repository/io/netty/netty-resolver/4.1.48.Final/netty-resolver-4.1.48.Final.jar:/home/user/.m2/repository/io/netty/netty-transport-native-unix-common/4.1.48.Final/netty-transport-native-unix-common-4.1.48.Final.jar:/home/user/.m2/repository/io/grpc/grpc-protobuf/1.29.0/grpc-protobuf-1.29.0.jar:/home/user/.m2/repository/io/grpc/grpc-api/1.29.0/grpc-api-1.29.0.jar:/home/user/.m2/repository/io/grpc/grpc-context/1.29.0/grpc-context-1.29.0.jar:/home/user/.m2/repository/org/codehaus/mojo/animal-sniffer-annotations/1.18/animal-sniffer-annotations-1.18.jar:/home/user/.m2/repository/com/google/api/grpc/proto-google-common-protos/1.17.0/proto-google-common-protos-1.17.0.jar:/home/user/.m2/repository/io/grpc/grpc-protobuf-lite/1.29.0/grpc-protobuf-lite-1.29.0.jar:/home/user/.m2/repository/io/grpc/grpc-stub/1.29.0/grpc-stub-1.29.0.jar:/home/user/.m2/repository/org/apache/hadoop/hadoop-ozone-recon/1.1.0-SNAPSHOT/hadoop-ozone-recon-1.1.0-SNAPSHOT.jar:/home/user/.m2/repository/org/apache/hadoop/hadoop-ozone-reconcodegen/1.1.0-SNAPSHOT/hadoop-ozone-reconcodegen-1.1.0-SNAPSHOT.jar:/home/user/.m2/repository/com/google/inject/extensions/guice-multibindings/4.0/guice-multibindings-4.0.jar:/home/user/.m2/repository/com/google/inject/guice/4.0/guice-4.0.jar:/home/user/.m2/repository/aopalliance/aopalliance/1.0/aopalliance-1.0.jar:/home/user/.m2/repository/com/google/inject/extensions/guice-assistedinject/4.0/guice-assistedinject-4.0.jar:/home/user/.m2/repository/com/google/inject/extensions/guice-servlet/4.0/guice-servlet-4.0.jar:/home/user/.m2/repository/org/glassfish/jersey/containers/jersey-container-servlet/2.27/jersey-container-servlet-2.27.jar:/home/user/.m2/repository/org/glassfish/hk2/guice-bridge/2.5.0/guice-bridge-2.5.0.jar:/home/user/.m2/repository/org/glassfish/jersey/core/jersey-server/2.27/jersey-server-2.27.jar:/home/user/.m2/repository/org/glassfish/jersey/core/jersey-client/2.27/jersey-client-2.27.jar:/home/user/.m2/repository/org/glassfish/jersey/media/jersey-media-jaxb/2.27/jersey-media-jaxb-2.27.jar:/home/user/.m2/repository/javax/validation/validation-api/1.1.0.Final/validation-api-1.1.0.Final.jar:/home/user/.m2/repository/org/glassfish/jersey/media/jersey-media-json-jackson/2.27/jersey-media-json-jackson-2.27.jar:/home/user/.m2/repository/org/glassfish/jersey/ext/jersey-entity-filtering/2.27/jersey-entity-filtering-2.27.jar:/home/user/.m2/repository/org/jooq/jooq/3.11.10/jooq-3.11.10.jar:/home/user/.m2/repository/org/jooq/jooq-meta/3.11.10/jooq-meta-3.11.10.jar:/home/user/.m2/repository/org/jooq/jooq-codegen/3.11.10/jooq-codegen-3.11.10.jar:/home/user/.m2/repository/com/jolbox/bonecp/0.8.0.RELEASE/bonecp-0.8.0.RELEASE.jar:/home/user/.m2/repository/org/apache/derby/derby/10.14.2.0/derby-10.14.2.0.jar:/home/user/.m2/repository/org/xerial/sqlite-jdbc/3.25.2/sqlite-jdbc-3.25.2.jar:/home/user/.m2/repository/org/springframework/spring-jdbc/5.2.5.RELEASE/spring-jdbc-5.2.5.RELEASE.jar:/home/user/.m2/repository/org/springframework/spring-beans/5.2.5.RELEASE/spring-beans-5.2.5.RELEASE.jar:/home/user/.m2/repository/org/springframework/spring-core/5.2.5.RELEASE/spring-core-5.2.5.RELEASE.jar:/home/user/.m2/repository/org/springframework/spring-jcl/5.2.5.RELEASE/spring-jcl-5.2.5.RELEASE.jar:/home/user/.m2/repository/org/springframework/spring-tx/5.2.5.RELEASE/spring-tx-5.2.5.RELEASE.jar:/home/user/.m2/repository/org/apache/hadoop/hadoop-ozone-client/1.1.0-SNAPSHOT/hadoop-ozone-client-1.1.0-SNAPSHOT.jar:/home/user/.m2/repository/org/apache/hadoop/hadoop-ozone-filesystem/1.1.0-SNAPSHOT/hadoop-ozone-filesystem-1.1.0-SNAPSHOT.jar:/home/user/.m2/repository/org/apache/hadoop/hadoop-ozone-filesystem-common/1.1.0-SNAPSHOT/hadoop-ozone-filesystem-common-1.1.0-SNAPSHOT.jar:/home/user/.m2/repository/org/apache/hadoop/hadoop-ozone-tools/1.1.0-SNAPSHOT/hadoop-ozone-tools-1.1.0-SNAPSHOT.jar:/home/user/.m2/repository/org/apache/ratis/ratis-tools/1.1.0-913f5a4-SNAPSHOT/ratis-tools-1.1.0-913f5a4-SNAPSHOT.jar:/home/user/.m2/repository/org/apache/ratis/ratis-proto/1.1.0-913f5a4-SNAPSHOT/ratis-proto-1.1.0-913f5a4-SNAPSHOT.jar:/home/user/.m2/repository/org/apache/ratis/ratis-common/1.1.0-913f5a4-SNAPSHOT/ratis-common-1.1.0-913f5a4-SNAPSHOT.jar:/home/user/.m2/repository/com/amazonaws/aws-java-sdk-core/1.11.615/aws-java-sdk-core-1.11.615.jar:/home/user/.m2/repository/org/apache/httpcomponents/httpclient/4.5.13/httpclient-4.5.13.jar:/home/user/.m2/repository/org/apache/httpcomponents/httpcore/4.4.13/httpcore-4.4.13.jar:/home/user/.m2/repository/software/amazon/ion/ion-java/1.0.2/ion-java-1.0.2.jar:/home/user/.m2/repository/com/fasterxml/jackson/dataformat/jackson-dataformat-cbor/2.10.3/jackson-dataformat-cbor-2.10.3.jar:/home/user/.m2/repository/joda-time/joda-time/2.8.1/joda-time-2.8.1.jar:/home/user/.m2/repository/com/amazonaws/aws-java-sdk-s3/1.11.615/aws-java-sdk-s3-1.11.615.jar:/home/user/.m2/repository/com/amazonaws/aws-java-sdk-kms/1.11.615/aws-java-sdk-kms-1.11.615.jar:/home/user/.m2/repository/com/amazonaws/jmespath-java/1.11.615/jmespath-java-1.11.615.jar:/home/user/.m2/repository/org/kohsuke/metainf-services/metainf-services/1.8/metainf-services-1.8.jar:/home/user/.m2/repository/org/apache/hadoop/hadoop-hdds-tools/1.1.0-SNAPSHOT/hadoop-hdds-tools-1.1.0-SNAPSHOT.jar:/home/user/.m2/repository/commons-cli/commons-cli/1.2/commons-cli-1.2.jar:/home/user/.m2/repository/org/apache/commons/commons-lang3/3.7/commons-lang3-3.7.jar:/home/user/.m2/repository/org/apache/hadoop/hadoop-ozone-ozone-manager/1.1.0-SNAPSHOT/hadoop-ozone-ozone-manager-1.1.0-SNAPSHOT-tests.jar:/home/user/.m2/repository/org/apache/hadoop/hadoop-hdds-common/1.1.0-SNAPSHOT/hadoop-hdds-common-1.1.0-SNAPSHOT-tests.jar:/home/user/.m2/repository/org/apache/hadoop/hadoop-hdds-hadoop-dependency-client/1.1.0-SNAPSHOT/hadoop-hdds-hadoop-dependency-client-1.1.0-SNAPSHOT.jar:/home/user/.m2/repository/info/picocli/picocli/4.4.0/picocli-4.4.0.jar:/home/user/.m2/repository/com/fasterxml/jackson/core/jackson-annotations/2.10.3/jackson-annotations-2.10.3.jar:/home/user/.m2/repository/javax/annotation/javax.annotation-api/1.2/javax.annotation-api-1.2.jar:/home/user/.m2/repository/org/fusesource/leveldbjni/leveldbjni-all/1.8/leveldbjni-all-1.8.jar:/home/user/.m2/repository/org/apache/ratis/ratis-server/1.1.0-913f5a4-SNAPSHOT/ratis-server-1.1.0-913f5a4-SNAPSHOT.jar:/home/user/.m2/repository/org/apache/ratis/ratis-client/1.1.0-913f5a4-SNAPSHOT/ratis-client-1.1.0-913f5a4-SNAPSHOT.jar:/home/user/.m2/repository/org/apache/ratis/ratis-metrics/1.1.0-913f5a4-SNAPSHOT/ratis-metrics-1.1.0-913f5a4-SNAPSHOT.jar:/home/user/.m2/repository/org/apache/ratis/ratis-netty/1.1.0-913f5a4-SNAPSHOT/ratis-netty-1.1.0-913f5a4-SNAPSHOT.jar:/home/user/.m2/repository/org/apache/ratis/ratis-grpc/1.1.0-913f5a4-SNAPSHOT/ratis-grpc-1.1.0-913f5a4-SNAPSHOT.jar:/home/user/.m2/repository/org/apache/logging/log4j/log4j-api/2.13.3/log4j-api-2.13.3.jar:/home/user/.m2/repository/org/apache/logging/log4j/log4j-core/2.13.3/log4j-core-2.13.3.jar:/home/user/.m2/repository/com/lmax/disruptor/3.4.2/disruptor-3.4.2.jar:/home/user/.m2/repository/org/apache/commons/commons-pool2/2.6.0/commons-pool2-2.6.0.jar:/home/user/.m2/repository/org/bouncycastle/bcpkix-jdk15on/1.60/bcpkix-jdk15on-1.60.jar:/home/user/.m2/repository/commons-validator/commons-validator/1.6/commons-validator-1.6.jar:/home/user/.m2/repository/commons-beanutils/commons-beanutils/1.9.4/commons-beanutils-1.9.4.jar:/home/user/.m2/repository/commons-digester/commons-digester/1.8.1/commons-digester-1.8.1.jar:/home/user/.m2/repository/commons-collections/commons-collections/3.2.2/commons-collections-3.2.2.jar:/home/user/.m2/repository/io/jaegertracing/jaeger-client/1.2.0/jaeger-client-1.2.0.jar:/home/user/.m2/repository/io/jaegertracing/jaeger-thrift/1.2.0/jaeger-thrift-1.2.0.jar:/home/user/.m2/repository/org/apache/thrift/libthrift/0.13.0/libthrift-0.13.0.jar:/home/user/.m2/repository/com/squareup/okhttp3/okhttp/4.2.2/okhttp-4.2.2.jar:/home/user/.m2/repository/com/squareup/okio/okio/2.2.2/okio-2.2.2.jar:/home/user/.m2/repository/org/jetbrains/kotlin/kotlin-stdlib/1.3.50/kotlin-stdlib-1.3.50.jar:/home/user/.m2/repository/org/jetbrains/kotlin/kotlin-stdlib-common/1.3.50/kotlin-stdlib-common-1.3.50.jar:/home/user/.m2/repository/org/jetbrains/annotations/13.0/annotations-13.0.jar:/home/user/.m2/repository/io/jaegertracing/jaeger-core/1.2.0/jaeger-core-1.2.0.jar:/home/user/.m2/repository/io/jaegertracing/jaeger-tracerresolver/1.2.0/jaeger-tracerresolver-1.2.0.jar:/home/user/.m2/repository/io/opentracing/contrib/opentracing-tracerresolver/0.1.8/opentracing-tracerresolver-0.1.8.jar:/home/user/.m2/repository/io/opentracing/opentracing-util/0.33.0/opentracing-util-0.33.0.jar:/home/user/.m2/repository/io/opentracing/opentracing-api/0.33.0/opentracing-api-0.33.0.jar:/home/user/.m2/repository/io/opentracing/opentracing-noop/0.33.0/opentracing-noop-0.33.0.jar:/home/user/.m2/repository/org/yaml/snakeyaml/1.16/snakeyaml-1.16.jar:/home/user/.m2/repository/junit/junit/4.11/junit-4.11.jar:/home/user/.m2/repository/org/hamcrest/hamcrest-core/1.3/hamcrest-core-1.3.jar:/home/user/.m2/repository/org/openjdk/jmh/jmh-core/1.19/jmh-core-1.19.jar:/home/user/.m2/repository/net/sf/jopt-simple/jopt-simple/4.6/jopt-simple-4.6.jar:/home/user/.m2/repository/org/apache/commons/commons-math3/3.1.1/commons-math3-3.1.1.jar:/home/user/.m2/repository/org/openjdk/jmh/jmh-generator-annprocess/1.19/jmh-generator-annprocess-1.19.jar:/home/user/.m2/repository/org/mockito/mockito-all/1.8.5/mockito-all-1.8.5.jar:/home/user/.m2/repository/org/apache/hadoop/hadoop-kms/3.2.1/hadoop-kms-3.2.1.jar:/home/user/.m2/repository/org/apache/hadoop/hadoop-auth/3.2.1/hadoop-auth-3.2.1.jar:/home/user/.m2/repository/com/nimbusds/nimbus-jose-jwt/7.9/nimbus-jose-jwt-7.9.jar:/home/user/.m2/repository/com/github/stephenc/jcip/jcip-annotations/1.0-1/jcip-annotations-1.0-1.jar:/home/user/.m2/repository/net/minidev/json-smart/2.3/json-smart-2.3.jar:/home/user/.m2/repository/net/minidev/accessors-smart/1.2/accessors-smart-1.2.jar:/home/user/.m2/repository/org/ow2/asm/asm/5.0.4/asm-5.0.4.jar:/home/user/.m2/repository/org/apache/zookeeper/zookeeper/3.4.13/zookeeper-3.4.13.jar:/home/user/.m2/repository/org/apache/yetus/audience-annotations/0.5.0/audience-annotations-0.5.0.jar:/home/user/.m2/repository/org/apache/curator/curator-framework/2.13.0/curator-framework-2.13.0.jar:/home/user/.m2/repository/com/sun/jersey/jersey-core/1.19/jersey-core-1.19.jar:/home/user/.m2/repository/javax/ws/rs/jsr311-api/1.1.1/jsr311-api-1.1.1.jar:/home/user/.m2/repository/com/sun/jersey/jersey-server/1.19/jersey-server-1.19.jar:/home/user/.m2/repository/javax/servlet/javax.servlet-api/3.1.0/javax.servlet-api-3.1.0.jar:/home/user/.m2/repository/org/eclipse/jetty/jetty-server/9.4.34.v20201102/jetty-server-9.4.34.v20201102.jar:/home/user/.m2/repository/org/eclipse/jetty/jetty-http/9.4.34.v20201102/jetty-http-9.4.34.v20201102.jar:/home/user/.m2/repository/org/eclipse/jetty/jetty-io/9.4.34.v20201102/jetty-io-9.4.34.v20201102.jar:/home/user/.m2/repository/org/eclipse/jetty/jetty-webapp/9.4.34.v20201102/jetty-webapp-9.4.34.v20201102.jar:/home/user/.m2/repository/org/eclipse/jetty/jetty-xml/9.4.34.v20201102/jetty-xml-9.4.34.v20201102.jar:/home/user/.m2/repository/org/apache/hadoop/hadoop-common/3.2.1/hadoop-common-3.2.1.jar:/home/user/.m2/repository/commons-net/commons-net/3.6/commons-net-3.6.jar:/home/user/.m2/repository/com/sun/jersey/jersey-servlet/1.19/jersey-servlet-1.19.jar:/home/user/.m2/repository/com/sun/jersey/jersey-json/1.19/jersey-json-1.19.jar:/home/user/.m2/repository/org/codehaus/jettison/jettison/1.1/jettison-1.1.jar:/home/user/.m2/repository/org/codehaus/jackson/jackson-jaxrs/1.9.2/jackson-jaxrs-1.9.2.jar:/home/user/.m2/repository/org/codehaus/jackson/jackson-xc/1.9.2/jackson-xc-1.9.2.jar:/home/user/.m2/repository/org/apache/commons/commons-configuration2/2.1.1/commons-configuration2-2.1.1.jar:/home/user/.m2/repository/org/apache/commons/commons-text/1.4/commons-text-1.4.jar:/home/user/.m2/repository/com/google/re2j/re2j/1.1/re2j-1.1.jar:/home/user/.m2/repository/com/jcraft/jsch/0.1.54/jsch-0.1.54.jar:/home/user/.m2/repository/org/apache/curator/curator-client/2.13.0/curator-client-2.13.0.jar:/home/user/.m2/repository/org/apache/curator/curator-recipes/2.13.0/curator-recipes-2.13.0.jar:/home/user/.m2/repository/dnsjava/dnsjava/2.1.7/dnsjava-2.1.7.jar:/home/user/.m2/repository/org/slf4j/jul-to-slf4j/1.7.25/jul-to-slf4j-1.7.25.jar:/home/user/.m2/repository/org/eclipse/jetty/jetty-util/9.4.34.v20201102/jetty-util-9.4.34.v20201102.jar:/home/user/.m2/repository/com/fasterxml/jackson/core/jackson-databind/2.10.3/jackson-databind-2.10.3.jar:/home/user/.m2/repository/org/apache/hadoop/hadoop-kms/3.2.1/hadoop-kms-3.2.1-tests.jar:/home/user/.m2/repository/org/apache/hadoop/hadoop-hdds-server-scm/1.1.0-SNAPSHOT/hadoop-hdds-server-scm-1.1.0-SNAPSHOT-tests.jar:/home/user/.m2/repository/org/apache/hadoop/hadoop-hdds-container-service/1.1.0-SNAPSHOT/hadoop-hdds-container-service-1.1.0-SNAPSHOT-tests.jar:/home/user/.m2/repository/commons-codec/commons-codec/1.11/commons-codec-1.11.jar:/home/user/.m2/repository/org/apache/hadoop/hadoop-hdds-hadoop-dependency-test/1.1.0-SNAPSHOT/hadoop-hdds-hadoop-dependency-test-1.1.0-SNAPSHOT.jar:/home/user/.m2/repository/org/apache/hadoop/hadoop-common/3.2.1/hadoop-common-3.2.1-tests.jar:/home/user/.m2/repository/org/apache/hadoop/hadoop-hdfs/3.2.1/hadoop-hdfs-3.2.1-tests.jar:/home/user/.m2/repository/org/eclipse/jetty/jetty-util-ajax/9.4.34.v20201102/jetty-util-ajax-9.4.34.v20201102.jar:/home/user/.m2/repository/commons-daemon/commons-daemon/1.0.13/commons-daemon-1.0.13.jar:/home/user/.m2/repository/io/netty/netty/3.10.5.Final/netty-3.10.5.Final.jar:/home/user/.m2/repository/io/netty/netty-all/4.1.48.Final/netty-all-4.1.48.Final.jar:/home/user/.m2/repository/org/apache/htrace/htrace-core4/4.1.0-incubating/htrace-core4-4.1.0-incubating.jar:/home/user/.m2/repository/org/apache/hadoop/hadoop-distcp/3.2.1/hadoop-distcp-3.2.1.jar:/home/user/.m2/repository/org/apache/hadoop/hadoop-mapreduce-client-jobclient/3.2.1/hadoop-mapreduce-client-jobclient-3.2.1.jar:/home/user/.m2/repository/org/apache/hadoop/hadoop-mapreduce-client-common/3.2.1/hadoop-mapreduce-client-common-3.2.1.jar:/home/user/.m2/repository/org/apache/hadoop/hadoop-yarn-common/3.2.1/hadoop-yarn-common-3.2.1.jar:/home/user/.m2/repository/org/apache/hadoop/hadoop-yarn-api/3.2.1/hadoop-yarn-api-3.2.1.jar:/home/user/.m2/repository/com/sun/jersey/jersey-client/1.19/jersey-client-1.19.jar:/home/user/.m2/repository/com/sun/jersey/contribs/jersey-guice/1.19/jersey-guice-1.19.jar:/home/user/.m2/repository/com/fasterxml/jackson/jaxrs/jackson-jaxrs-json-provider/2.10.3/jackson-jaxrs-json-provider-2.10.3.jar:/home/user/.m2/repository/com/fasterxml/jackson/jaxrs/jackson-jaxrs-base/2.10.3/jackson-jaxrs-base-2.10.3.jar:/home/user/.m2/repository/org/apache/hadoop/hadoop-yarn-client/3.2.1/hadoop-yarn-client-3.2.1.jar:/home/user/.m2/repository/org/apache/hadoop/hadoop-mapreduce-client-core/3.2.1/hadoop-mapreduce-client-core-3.2.1.jar:/home/user/.m2/repository/org/apache/avro/avro/1.7.7/avro-1.7.7.jar:/home/user/.m2/repository/org/codehaus/jackson/jackson-core-asl/1.9.13/jackson-core-asl-1.9.13.jar:/home/user/.m2/repository/org/codehaus/jackson/jackson-mapper-asl/1.9.13/jackson-mapper-asl-1.9.13.jar:/home/user/.m2/repository/com/thoughtworks/paranamer/paranamer/2.3/paranamer-2.3.jar:/home/user/.m2/repository/org/xerial/snappy/snappy-java/1.0.5/snappy-java-1.0.5.jar:/home/user/.m2/repository/org/apache/hadoop/hadoop-annotations/3.2.1/hadoop-annotations-3.2.1.jar:/usr/lib/jvm/java-1.8.0-openjdk-1.8.0.232.b09-0.el7_7.x86_64/jre/../lib/tools.jar:/home/user/.m2/repository/org/apache/hadoop/hadoop-distcp/3.2.1/hadoop-distcp-3.2.1-tests.jar:"/>
    <property name="java.vm.vendor" value="Oracle Corporation"/>
    <property name="sun.arch.data.model" value="64"/>
    <property name="test.build.dir" value="/github/workspace/mnt/ozone/hadoop-ozone/integration-test/target/test-dir"/>
    <property name="test.cache.data" value=""/>
    <property name="java.vendor.url" value="http://java.oracle.com/"/>
    <property name="user.timezone" value=""/>
    <property name="java.vm.specification.version" value="1.8"/>
    <property name="os.name" value="Linux"/>
    <property name="test.build.data" value="/github/workspace/mnt/ozone/hadoop-ozone/integration-test/target/test-dir"/>
    <property name="user.country" value="US"/>
    <property name="sun.java.launcher" value="SUN_STANDARD"/>
    <property name="sun.boot.library.path" value="/usr/lib/jvm/java-1.8.0-openjdk-1.8.0.232.b09-0.el7_7.x86_64/jre/lib/amd64"/>
    <property name="sun.java.command" value="/github/workspace/mnt/ozone/hadoop-ozone/integration-test/target/surefire/surefirebooter8907502805183206269.jar /github/workspace/mnt/ozone/hadoop-ozone/integration-test/target/surefire 2020-11-26T16-51-30_076-jvmRun1 surefire2893847735134808908tmp surefire_155782085158076523202tmp"/>
    <property name="surefire.test.class.path" value="/github/workspace/mnt/ozone/hadoop-ozone/integration-test/target/test-classes:/github/workspace/mnt/ozone/hadoop-ozone/integration-test/target/classes:/home/user/.m2/repository/org/apache/hadoop/hadoop-ozone-common/1.1.0-SNAPSHOT/hadoop-ozone-common-1.1.0-SNAPSHOT.jar:/home/user/.m2/repository/org/apache/commons/commons-compress/1.4.1/commons-compress-1.4.1.jar:/home/user/.m2/repository/org/tukaani/xz/1.0/xz-1.0.jar:/home/user/.m2/repository/org/apache/hadoop/hadoop-hdds-common/1.1.0-SNAPSHOT/hadoop-hdds-common-1.1.0-SNAPSHOT.jar:/home/user/.m2/repository/org/apache/hadoop/hadoop-hdds-client/1.1.0-SNAPSHOT/hadoop-hdds-client-1.1.0-SNAPSHOT.jar:/home/user/.m2/repository/org/apache/hadoop/hadoop-ozone-interface-client/1.1.0-SNAPSHOT/hadoop-ozone-interface-client-1.1.0-SNAPSHOT.jar:/home/user/.m2/repository/org/apache/hadoop/hadoop-hdds-test-utils/1.1.0-SNAPSHOT/hadoop-hdds-test-utils-1.1.0-SNAPSHOT.jar:/home/user/.m2/repository/com/google/guava/guava/28.2-jre/guava-28.2-jre.jar:/home/user/.m2/repository/com/google/guava/failureaccess/1.0.1/failureaccess-1.0.1.jar:/home/user/.m2/repository/com/google/guava/listenablefuture/9999.0-empty-to-avoid-conflict-with-guava/listenablefuture-9999.0-empty-to-avoid-conflict-with-guava.jar:/home/user/.m2/repository/com/google/code/findbugs/jsr305/3.0.0/jsr305-3.0.0.jar:/home/user/.m2/repository/org/checkerframework/checker-qual/2.10.0/checker-qual-2.10.0.jar:/home/user/.m2/repository/com/google/errorprone/error_prone_annotations/2.2.0/error_prone_annotations-2.2.0.jar:/home/user/.m2/repository/com/google/j2objc/j2objc-annotations/1.3/j2objc-annotations-1.3.jar:/home/user/.m2/repository/commons-io/commons-io/2.5/commons-io-2.5.jar:/home/user/.m2/repository/commons-logging/commons-logging/1.2/commons-logging-1.2.jar:/home/user/.m2/repository/log4j/log4j/1.2.17/log4j-1.2.17.jar:/home/user/.m2/repository/org/slf4j/slf4j-api/1.7.25/slf4j-api-1.7.25.jar:/home/user/.m2/repository/org/apache/hadoop/hadoop-hdds-server-scm/1.1.0-SNAPSHOT/hadoop-hdds-server-scm-1.1.0-SNAPSHOT.jar:/home/user/.m2/repository/org/apache/hadoop/hadoop-hdds-container-service/1.1.0-SNAPSHOT/hadoop-hdds-container-service-1.1.0-SNAPSHOT.jar:/home/user/.m2/repository/org/apache/hadoop/hadoop-hdds-hadoop-dependency-server/1.1.0-SNAPSHOT/hadoop-hdds-hadoop-dependency-server-1.1.0-SNAPSHOT.jar:/home/user/.m2/repository/org/apache/hadoop/hadoop-hdfs/3.2.1/hadoop-hdfs-3.2.1.jar:/home/user/.m2/repository/org/apache/hadoop/hadoop-hdds-server-framework/1.1.0-SNAPSHOT/hadoop-hdds-server-framework-1.1.0-SNAPSHOT.jar:/home/user/.m2/repository/org/apache/hadoop/hadoop-hdds-interface-server/1.1.0-SNAPSHOT/hadoop-hdds-interface-server-1.1.0-SNAPSHOT.jar:/home/user/.m2/repository/org/apache/hadoop/hadoop-hdds-interface-admin/1.1.0-SNAPSHOT/hadoop-hdds-interface-admin-1.1.0-SNAPSHOT.jar:/home/user/.m2/repository/org/eclipse/jetty/jetty-servlet/9.4.34.v20201102/jetty-servlet-9.4.34.v20201102.jar:/home/user/.m2/repository/org/eclipse/jetty/jetty-security/9.4.34.v20201102/jetty-security-9.4.34.v20201102.jar:/home/user/.m2/repository/org/rocksdb/rocksdbjni/6.8.1/rocksdbjni-6.8.1.jar:/home/user/.m2/repository/io/prometheus/simpleclient_dropwizard/0.7.0/simpleclient_dropwizard-0.7.0.jar:/home/user/.m2/repository/io/prometheus/simpleclient/0.7.0/simpleclient-0.7.0.jar:/home/user/.m2/repository/io/prometheus/simpleclient_common/0.7.0/simpleclient_common-0.7.0.jar:/home/user/.m2/repository/com/fasterxml/jackson/datatype/jackson-datatype-jsr310/2.10.3/jackson-datatype-jsr310-2.10.3.jar:/home/user/.m2/repository/io/dropwizard/metrics/metrics-core/3.2.4/metrics-core-3.2.4.jar:/home/user/.m2/repository/org/apache/hadoop/hadoop-hdfs-client/3.2.1/hadoop-hdfs-client-3.2.1.jar:/home/user/.m2/repository/org/bouncycastle/bcprov-jdk15on/1.60/bcprov-jdk15on-1.60.jar:/home/user/.m2/repository/org/apache/hadoop/hadoop-ozone-ozone-manager/1.1.0-SNAPSHOT/hadoop-ozone-ozone-manager-1.1.0-SNAPSHOT.jar:/home/user/.m2/repository/org/apache/hadoop/hadoop-hdds-interface-client/1.1.0-SNAPSHOT/hadoop-hdds-interface-client-1.1.0-SNAPSHOT.jar:/home/user/.m2/repository/org/apache/ratis/ratis-thirdparty-misc/0.6.0-SNAPSHOT/ratis-thirdparty-misc-0.6.0-SNAPSHOT.jar:/home/user/.m2/repository/org/apache/hadoop/hadoop-ozone-interface-storage/1.1.0-SNAPSHOT/hadoop-ozone-interface-storage-1.1.0-SNAPSHOT.jar:/home/user/.m2/repository/org/apache/hadoop/hadoop-minikdc/3.2.1/hadoop-minikdc-3.2.1.jar:/home/user/.m2/repository/org/apache/kerby/kerb-simplekdc/1.0.1/kerb-simplekdc-1.0.1.jar:/home/user/.m2/repository/org/apache/kerby/kerb-client/1.0.1/kerb-client-1.0.1.jar:/home/user/.m2/repository/org/apache/kerby/kerby-config/1.0.1/kerby-config-1.0.1.jar:/home/user/.m2/repository/org/apache/kerby/kerb-core/1.0.1/kerb-core-1.0.1.jar:/home/user/.m2/repository/org/apache/kerby/kerby-pkix/1.0.1/kerby-pkix-1.0.1.jar:/home/user/.m2/repository/org/apache/kerby/kerby-asn1/1.0.1/kerby-asn1-1.0.1.jar:/home/user/.m2/repository/org/apache/kerby/kerby-util/1.0.1/kerby-util-1.0.1.jar:/home/user/.m2/repository/org/apache/kerby/kerb-common/1.0.1/kerb-common-1.0.1.jar:/home/user/.m2/repository/org/apache/kerby/kerb-crypto/1.0.1/kerb-crypto-1.0.1.jar:/home/user/.m2/repository/org/apache/kerby/kerb-util/1.0.1/kerb-util-1.0.1.jar:/home/user/.m2/repository/org/apache/kerby/token-provider/1.0.1/token-provider-1.0.1.jar:/home/user/.m2/repository/org/apache/kerby/kerb-admin/1.0.1/kerb-admin-1.0.1.jar:/home/user/.m2/repository/org/apache/kerby/kerb-server/1.0.1/kerb-server-1.0.1.jar:/home/user/.m2/repository/org/apache/kerby/kerb-identity/1.0.1/kerb-identity-1.0.1.jar:/home/user/.m2/repository/org/apache/kerby/kerby-xdr/1.0.1/kerby-xdr-1.0.1.jar:/home/user/.m2/repository/org/slf4j/slf4j-log4j12/1.7.25/slf4j-log4j12-1.7.25.jar:/home/user/.m2/repository/org/apache/hadoop/hadoop-ozone-s3gateway/1.1.0-SNAPSHOT/hadoop-ozone-s3gateway-1.1.0-SNAPSHOT.jar:/home/user/.m2/repository/org/jboss/weld/servlet/weld-servlet/2.4.7.Final/weld-servlet-2.4.7.Final.jar:/home/user/.m2/repository/org/glassfish/jersey/containers/jersey-container-servlet-core/2.27/jersey-container-servlet-core-2.27.jar:/home/user/.m2/repository/org/glassfish/hk2/external/javax.inject/2.5.0-b42/javax.inject-2.5.0-b42.jar:/home/user/.m2/repository/org/glassfish/jersey/core/jersey-common/2.27/jersey-common-2.27.jar:/home/user/.m2/repository/org/glassfish/hk2/osgi-resource-locator/1.0.1/osgi-resource-locator-1.0.1.jar:/home/user/.m2/repository/javax/ws/rs/javax.ws.rs-api/2.1/javax.ws.rs-api-2.1.jar:/home/user/.m2/repository/org/glassfish/jersey/ext/cdi/jersey-cdi1x/2.27/jersey-cdi1x-2.27.jar:/home/user/.m2/repository/org/glassfish/jersey/inject/jersey-hk2/2.27/jersey-hk2-2.27.jar:/home/user/.m2/repository/org/glassfish/hk2/hk2-locator/2.5.0-b42/hk2-locator-2.5.0-b42.jar:/home/user/.m2/repository/org/javassist/javassist/3.22.0-CR2/javassist-3.22.0-CR2.jar:/home/user/.m2/repository/org/glassfish/hk2/hk2-api/2.5.0/hk2-api-2.5.0.jar:/home/user/.m2/repository/org/glassfish/hk2/external/jakarta.inject/2.5.0/jakarta.inject-2.5.0.jar:/home/user/.m2/repository/org/glassfish/hk2/hk2-utils/2.5.0/hk2-utils-2.5.0.jar:/home/user/.m2/repository/jakarta/annotation/jakarta.annotation-api/1.3.4/jakarta.annotation-api-1.3.4.jar:/home/user/.m2/repository/org/glassfish/hk2/external/aopalliance-repackaged/2.5.0/aopalliance-repackaged-2.5.0.jar:/home/user/.m2/repository/com/fasterxml/jackson/dataformat/jackson-dataformat-xml/2.10.3/jackson-dataformat-xml-2.10.3.jar:/home/user/.m2/repository/com/fasterxml/jackson/core/jackson-core/2.10.3/jackson-core-2.10.3.jar:/home/user/.m2/repository/com/fasterxml/jackson/module/jackson-module-jaxb-annotations/2.10.3/jackson-module-jaxb-annotations-2.10.3.jar:/home/user/.m2/repository/jakarta/xml/bind/jakarta.xml.bind-api/2.3.2/jakarta.xml.bind-api-2.3.2.jar:/home/user/.m2/repository/jakarta/activation/jakarta.activation-api/1.2.1/jakarta.activation-api-1.2.1.jar:/home/user/.m2/repository/org/codehaus/woodstox/stax2-api/3.1.4/stax2-api-3.1.4.jar:/home/user/.m2/repository/com/fasterxml/woodstox/woodstox-core/5.0.3/woodstox-core-5.0.3.jar:/home/user/.m2/repository/javax/enterprise/cdi-api/1.2/cdi-api-1.2.jar:/home/user/.m2/repository/javax/el/javax.el-api/3.0.0/javax.el-api-3.0.0.jar:/home/user/.m2/repository/javax/interceptor/javax.interceptor-api/1.2/javax.interceptor-api-1.2.jar:/home/user/.m2/repository/javax/inject/javax.inject/1/javax.inject-1.jar:/home/user/.m2/repository/com/sun/xml/bind/jaxb-impl/2.3.0.1/jaxb-impl-2.3.0.1.jar:/home/user/.m2/repository/com/sun/xml/bind/jaxb-core/2.3.0.1/jaxb-core-2.3.0.1.jar:/home/user/.m2/repository/javax/xml/bind/jaxb-api/2.3.0/jaxb-api-2.3.0.jar:/home/user/.m2/repository/javax/activation/activation/1.1.1/activation-1.1.1.jar:/home/user/.m2/repository/org/apache/hadoop/hadoop-ozone-csi/1.1.0-SNAPSHOT/hadoop-ozone-csi-1.1.0-SNAPSHOT.jar:/home/user/.m2/repository/com/google/protobuf/protobuf-java-util/3.11.0/protobuf-java-util-3.11.0.jar:/home/user/.m2/repository/com/google/code/gson/gson/2.2.4/gson-2.2.4.jar:/home/user/.m2/repository/org/apache/hadoop/hadoop-hdds-config/1.1.0-SNAPSHOT/hadoop-hdds-config-1.1.0-SNAPSHOT.jar:/home/user/.m2/repository/com/google/protobuf/protobuf-java/2.5.0/protobuf-java-2.5.0.jar:/home/user/.m2/repository/io/grpc/grpc-netty/1.29.0/grpc-netty-1.29.0.jar:/home/user/.m2/repository/io/grpc/grpc-core/1.29.0/grpc-core-1.29.0.jar:/home/user/.m2/repository/com/google/android/annotations/4.1.1.4/annotations-4.1.1.4.jar:/home/user/.m2/repository/io/perfmark/perfmark-api/0.19.0/perfmark-api-0.19.0.jar:/home/user/.m2/repository/io/netty/netty-codec-http2/4.1.48.Final/netty-codec-http2-4.1.48.Final.jar:/home/user/.m2/repository/io/netty/netty-codec/4.1.48.Final/netty-codec-4.1.48.Final.jar:/home/user/.m2/repository/io/netty/netty-handler/4.1.48.Final/netty-handler-4.1.48.Final.jar:/home/user/.m2/repository/io/netty/netty-codec-http/4.1.48.Final/netty-codec-http-4.1.48.Final.jar:/home/user/.m2/repository/io/netty/netty-handler-proxy/4.1.48.Final/netty-handler-proxy-4.1.48.Final.jar:/home/user/.m2/repository/io/netty/netty-codec-socks/4.1.48.Final/netty-codec-socks-4.1.48.Final.jar:/home/user/.m2/repository/io/netty/netty-transport-native-epoll/4.1.48.Final/netty-transport-native-epoll-4.1.48.Final.jar:/home/user/.m2/repository/io/netty/netty-common/4.1.48.Final/netty-common-4.1.48.Final.jar:/home/user/.m2/repository/io/netty/netty-buffer/4.1.48.Final/netty-buffer-4.1.48.Final.jar:/home/user/.m2/repository/io/netty/netty-transport/4.1.48.Final/netty-transport-4.1.48.Final.jar:/home/user/.m2/repository/io/netty/netty-resolver/4.1.48.Final/netty-resolver-4.1.48.Final.jar:/home/user/.m2/repository/io/netty/netty-transport-native-unix-common/4.1.48.Final/netty-transport-native-unix-common-4.1.48.Final.jar:/home/user/.m2/repository/io/grpc/grpc-protobuf/1.29.0/grpc-protobuf-1.29.0.jar:/home/user/.m2/repository/io/grpc/grpc-api/1.29.0/grpc-api-1.29.0.jar:/home/user/.m2/repository/io/grpc/grpc-context/1.29.0/grpc-context-1.29.0.jar:/home/user/.m2/repository/org/codehaus/mojo/animal-sniffer-annotations/1.18/animal-sniffer-annotations-1.18.jar:/home/user/.m2/repository/com/google/api/grpc/proto-google-common-protos/1.17.0/proto-google-common-protos-1.17.0.jar:/home/user/.m2/repository/io/grpc/grpc-protobuf-lite/1.29.0/grpc-protobuf-lite-1.29.0.jar:/home/user/.m2/repository/io/grpc/grpc-stub/1.29.0/grpc-stub-1.29.0.jar:/home/user/.m2/repository/org/apache/hadoop/hadoop-ozone-recon/1.1.0-SNAPSHOT/hadoop-ozone-recon-1.1.0-SNAPSHOT.jar:/home/user/.m2/repository/org/apache/hadoop/hadoop-ozone-reconcodegen/1.1.0-SNAPSHOT/hadoop-ozone-reconcodegen-1.1.0-SNAPSHOT.jar:/home/user/.m2/repository/com/google/inject/extensions/guice-multibindings/4.0/guice-multibindings-4.0.jar:/home/user/.m2/repository/com/google/inject/guice/4.0/guice-4.0.jar:/home/user/.m2/repository/aopalliance/aopalliance/1.0/aopalliance-1.0.jar:/home/user/.m2/repository/com/google/inject/extensions/guice-assistedinject/4.0/guice-assistedinject-4.0.jar:/home/user/.m2/repository/com/google/inject/extensions/guice-servlet/4.0/guice-servlet-4.0.jar:/home/user/.m2/repository/org/glassfish/jersey/containers/jersey-container-servlet/2.27/jersey-container-servlet-2.27.jar:/home/user/.m2/repository/org/glassfish/hk2/guice-bridge/2.5.0/guice-bridge-2.5.0.jar:/home/user/.m2/repository/org/glassfish/jersey/core/jersey-server/2.27/jersey-server-2.27.jar:/home/user/.m2/repository/org/glassfish/jersey/core/jersey-client/2.27/jersey-client-2.27.jar:/home/user/.m2/repository/org/glassfish/jersey/media/jersey-media-jaxb/2.27/jersey-media-jaxb-2.27.jar:/home/user/.m2/repository/javax/validation/validation-api/1.1.0.Final/validation-api-1.1.0.Final.jar:/home/user/.m2/repository/org/glassfish/jersey/media/jersey-media-json-jackson/2.27/jersey-media-json-jackson-2.27.jar:/home/user/.m2/repository/org/glassfish/jersey/ext/jersey-entity-filtering/2.27/jersey-entity-filtering-2.27.jar:/home/user/.m2/repository/org/jooq/jooq/3.11.10/jooq-3.11.10.jar:/home/user/.m2/repository/org/jooq/jooq-meta/3.11.10/jooq-meta-3.11.10.jar:/home/user/.m2/repository/org/jooq/jooq-codegen/3.11.10/jooq-codegen-3.11.10.jar:/home/user/.m2/repository/com/jolbox/bonecp/0.8.0.RELEASE/bonecp-0.8.0.RELEASE.jar:/home/user/.m2/repository/org/apache/derby/derby/10.14.2.0/derby-10.14.2.0.jar:/home/user/.m2/repository/org/xerial/sqlite-jdbc/3.25.2/sqlite-jdbc-3.25.2.jar:/home/user/.m2/repository/org/springframework/spring-jdbc/5.2.5.RELEASE/spring-jdbc-5.2.5.RELEASE.jar:/home/user/.m2/repository/org/springframework/spring-beans/5.2.5.RELEASE/spring-beans-5.2.5.RELEASE.jar:/home/user/.m2/repository/org/springframework/spring-core/5.2.5.RELEASE/spring-core-5.2.5.RELEASE.jar:/home/user/.m2/repository/org/springframework/spring-jcl/5.2.5.RELEASE/spring-jcl-5.2.5.RELEASE.jar:/home/user/.m2/repository/org/springframework/spring-tx/5.2.5.RELEASE/spring-tx-5.2.5.RELEASE.jar:/home/user/.m2/repository/org/apache/hadoop/hadoop-ozone-client/1.1.0-SNAPSHOT/hadoop-ozone-client-1.1.0-SNAPSHOT.jar:/home/user/.m2/repository/org/apache/hadoop/hadoop-ozone-filesystem/1.1.0-SNAPSHOT/hadoop-ozone-filesystem-1.1.0-SNAPSHOT.jar:/home/user/.m2/repository/org/apache/hadoop/hadoop-ozone-filesystem-common/1.1.0-SNAPSHOT/hadoop-ozone-filesystem-common-1.1.0-SNAPSHOT.jar:/home/user/.m2/repository/org/apache/hadoop/hadoop-ozone-tools/1.1.0-SNAPSHOT/hadoop-ozone-tools-1.1.0-SNAPSHOT.jar:/home/user/.m2/repository/org/apache/ratis/ratis-tools/1.1.0-913f5a4-SNAPSHOT/ratis-tools-1.1.0-913f5a4-SNAPSHOT.jar:/home/user/.m2/repository/org/apache/ratis/ratis-proto/1.1.0-913f5a4-SNAPSHOT/ratis-proto-1.1.0-913f5a4-SNAPSHOT.jar:/home/user/.m2/repository/org/apache/ratis/ratis-common/1.1.0-913f5a4-SNAPSHOT/ratis-common-1.1.0-913f5a4-SNAPSHOT.jar:/home/user/.m2/repository/com/amazonaws/aws-java-sdk-core/1.11.615/aws-java-sdk-core-1.11.615.jar:/home/user/.m2/repository/org/apache/httpcomponents/httpclient/4.5.13/httpclient-4.5.13.jar:/home/user/.m2/repository/org/apache/httpcomponents/httpcore/4.4.13/httpcore-4.4.13.jar:/home/user/.m2/repository/software/amazon/ion/ion-java/1.0.2/ion-java-1.0.2.jar:/home/user/.m2/repository/com/fasterxml/jackson/dataformat/jackson-dataformat-cbor/2.10.3/jackson-dataformat-cbor-2.10.3.jar:/home/user/.m2/repository/joda-time/joda-time/2.8.1/joda-time-2.8.1.jar:/home/user/.m2/repository/com/amazonaws/aws-java-sdk-s3/1.11.615/aws-java-sdk-s3-1.11.615.jar:/home/user/.m2/repository/com/amazonaws/aws-java-sdk-kms/1.11.615/aws-java-sdk-kms-1.11.615.jar:/home/user/.m2/repository/com/amazonaws/jmespath-java/1.11.615/jmespath-java-1.11.615.jar:/home/user/.m2/repository/org/kohsuke/metainf-services/metainf-services/1.8/metainf-services-1.8.jar:/home/user/.m2/repository/org/apache/hadoop/hadoop-hdds-tools/1.1.0-SNAPSHOT/hadoop-hdds-tools-1.1.0-SNAPSHOT.jar:/home/user/.m2/repository/commons-cli/commons-cli/1.2/commons-cli-1.2.jar:/home/user/.m2/repository/org/apache/commons/commons-lang3/3.7/commons-lang3-3.7.jar:/home/user/.m2/repository/org/apache/hadoop/hadoop-ozone-ozone-manager/1.1.0-SNAPSHOT/hadoop-ozone-ozone-manager-1.1.0-SNAPSHOT-tests.jar:/home/user/.m2/repository/org/apache/hadoop/hadoop-hdds-common/1.1.0-SNAPSHOT/hadoop-hdds-common-1.1.0-SNAPSHOT-tests.jar:/home/user/.m2/repository/org/apache/hadoop/hadoop-hdds-hadoop-dependency-client/1.1.0-SNAPSHOT/hadoop-hdds-hadoop-dependency-client-1.1.0-SNAPSHOT.jar:/home/user/.m2/repository/info/picocli/picocli/4.4.0/picocli-4.4.0.jar:/home/user/.m2/repository/com/fasterxml/jackson/core/jackson-annotations/2.10.3/jackson-annotations-2.10.3.jar:/home/user/.m2/repository/javax/annotation/javax.annotation-api/1.2/javax.annotation-api-1.2.jar:/home/user/.m2/repository/org/fusesource/leveldbjni/leveldbjni-all/1.8/leveldbjni-all-1.8.jar:/home/user/.m2/repository/org/apache/ratis/ratis-server/1.1.0-913f5a4-SNAPSHOT/ratis-server-1.1.0-913f5a4-SNAPSHOT.jar:/home/user/.m2/repository/org/apache/ratis/ratis-client/1.1.0-913f5a4-SNAPSHOT/ratis-client-1.1.0-913f5a4-SNAPSHOT.jar:/home/user/.m2/repository/org/apache/ratis/ratis-metrics/1.1.0-913f5a4-SNAPSHOT/ratis-metrics-1.1.0-913f5a4-SNAPSHOT.jar:/home/user/.m2/repository/org/apache/ratis/ratis-netty/1.1.0-913f5a4-SNAPSHOT/ratis-netty-1.1.0-913f5a4-SNAPSHOT.jar:/home/user/.m2/repository/org/apache/ratis/ratis-grpc/1.1.0-913f5a4-SNAPSHOT/ratis-grpc-1.1.0-913f5a4-SNAPSHOT.jar:/home/user/.m2/repository/org/apache/logging/log4j/log4j-api/2.13.3/log4j-api-2.13.3.jar:/home/user/.m2/repository/org/apache/logging/log4j/log4j-core/2.13.3/log4j-core-2.13.3.jar:/home/user/.m2/repository/com/lmax/disruptor/3.4.2/disruptor-3.4.2.jar:/home/user/.m2/repository/org/apache/commons/commons-pool2/2.6.0/commons-pool2-2.6.0.jar:/home/user/.m2/repository/org/bouncycastle/bcpkix-jdk15on/1.60/bcpkix-jdk15on-1.60.jar:/home/user/.m2/repository/commons-validator/commons-validator/1.6/commons-validator-1.6.jar:/home/user/.m2/repository/commons-beanutils/commons-beanutils/1.9.4/commons-beanutils-1.9.4.jar:/home/user/.m2/repository/commons-digester/commons-digester/1.8.1/commons-digester-1.8.1.jar:/home/user/.m2/repository/commons-collections/commons-collections/3.2.2/commons-collections-3.2.2.jar:/home/user/.m2/repository/io/jaegertracing/jaeger-client/1.2.0/jaeger-client-1.2.0.jar:/home/user/.m2/repository/io/jaegertracing/jaeger-thrift/1.2.0/jaeger-thrift-1.2.0.jar:/home/user/.m2/repository/org/apache/thrift/libthrift/0.13.0/libthrift-0.13.0.jar:/home/user/.m2/repository/com/squareup/okhttp3/okhttp/4.2.2/okhttp-4.2.2.jar:/home/user/.m2/repository/com/squareup/okio/okio/2.2.2/okio-2.2.2.jar:/home/user/.m2/repository/org/jetbrains/kotlin/kotlin-stdlib/1.3.50/kotlin-stdlib-1.3.50.jar:/home/user/.m2/repository/org/jetbrains/kotlin/kotlin-stdlib-common/1.3.50/kotlin-stdlib-common-1.3.50.jar:/home/user/.m2/repository/org/jetbrains/annotations/13.0/annotations-13.0.jar:/home/user/.m2/repository/io/jaegertracing/jaeger-core/1.2.0/jaeger-core-1.2.0.jar:/home/user/.m2/repository/io/jaegertracing/jaeger-tracerresolver/1.2.0/jaeger-tracerresolver-1.2.0.jar:/home/user/.m2/repository/io/opentracing/contrib/opentracing-tracerresolver/0.1.8/opentracing-tracerresolver-0.1.8.jar:/home/user/.m2/repository/io/opentracing/opentracing-util/0.33.0/opentracing-util-0.33.0.jar:/home/user/.m2/repository/io/opentracing/opentracing-api/0.33.0/opentracing-api-0.33.0.jar:/home/user/.m2/repository/io/opentracing/opentracing-noop/0.33.0/opentracing-noop-0.33.0.jar:/home/user/.m2/repository/org/yaml/snakeyaml/1.16/snakeyaml-1.16.jar:/home/user/.m2/repository/junit/junit/4.11/junit-4.11.jar:/home/user/.m2/repository/org/hamcrest/hamcrest-core/1.3/hamcrest-core-1.3.jar:/home/user/.m2/repository/org/openjdk/jmh/jmh-core/1.19/jmh-core-1.19.jar:/home/user/.m2/repository/net/sf/jopt-simple/jopt-simple/4.6/jopt-simple-4.6.jar:/home/user/.m2/repository/org/apache/commons/commons-math3/3.1.1/commons-math3-3.1.1.jar:/home/user/.m2/repository/org/openjdk/jmh/jmh-generator-annprocess/1.19/jmh-generator-annprocess-1.19.jar:/home/user/.m2/repository/org/mockito/mockito-all/1.8.5/mockito-all-1.8.5.jar:/home/user/.m2/repository/org/apache/hadoop/hadoop-kms/3.2.1/hadoop-kms-3.2.1.jar:/home/user/.m2/repository/org/apache/hadoop/hadoop-auth/3.2.1/hadoop-auth-3.2.1.jar:/home/user/.m2/repository/com/nimbusds/nimbus-jose-jwt/7.9/nimbus-jose-jwt-7.9.jar:/home/user/.m2/repository/com/github/stephenc/jcip/jcip-annotations/1.0-1/jcip-annotations-1.0-1.jar:/home/user/.m2/repository/net/minidev/json-smart/2.3/json-smart-2.3.jar:/home/user/.m2/repository/net/minidev/accessors-smart/1.2/accessors-smart-1.2.jar:/home/user/.m2/repository/org/ow2/asm/asm/5.0.4/asm-5.0.4.jar:/home/user/.m2/repository/org/apache/zookeeper/zookeeper/3.4.13/zookeeper-3.4.13.jar:/home/user/.m2/repository/org/apache/yetus/audience-annotations/0.5.0/audience-annotations-0.5.0.jar:/home/user/.m2/repository/org/apache/curator/curator-framework/2.13.0/curator-framework-2.13.0.jar:/home/user/.m2/repository/com/sun/jersey/jersey-core/1.19/jersey-core-1.19.jar:/home/user/.m2/repository/javax/ws/rs/jsr311-api/1.1.1/jsr311-api-1.1.1.jar:/home/user/.m2/repository/com/sun/jersey/jersey-server/1.19/jersey-server-1.19.jar:/home/user/.m2/repository/javax/servlet/javax.servlet-api/3.1.0/javax.servlet-api-3.1.0.jar:/home/user/.m2/repository/org/eclipse/jetty/jetty-server/9.4.34.v20201102/jetty-server-9.4.34.v20201102.jar:/home/user/.m2/repository/org/eclipse/jetty/jetty-http/9.4.34.v20201102/jetty-http-9.4.34.v20201102.jar:/home/user/.m2/repository/org/eclipse/jetty/jetty-io/9.4.34.v20201102/jetty-io-9.4.34.v20201102.jar:/home/user/.m2/repository/org/eclipse/jetty/jetty-webapp/9.4.34.v20201102/jetty-webapp-9.4.34.v20201102.jar:/home/user/.m2/repository/org/eclipse/jetty/jetty-xml/9.4.34.v20201102/jetty-xml-9.4.34.v20201102.jar:/home/user/.m2/repository/org/apache/hadoop/hadoop-common/3.2.1/hadoop-common-3.2.1.jar:/home/user/.m2/repository/commons-net/commons-net/3.6/commons-net-3.6.jar:/home/user/.m2/repository/com/sun/jersey/jersey-servlet/1.19/jersey-servlet-1.19.jar:/home/user/.m2/repository/com/sun/jersey/jersey-json/1.19/jersey-json-1.19.jar:/home/user/.m2/repository/org/codehaus/jettison/jettison/1.1/jettison-1.1.jar:/home/user/.m2/repository/org/codehaus/jackson/jackson-jaxrs/1.9.2/jackson-jaxrs-1.9.2.jar:/home/user/.m2/repository/org/codehaus/jackson/jackson-xc/1.9.2/jackson-xc-1.9.2.jar:/home/user/.m2/repository/org/apache/commons/commons-configuration2/2.1.1/commons-configuration2-2.1.1.jar:/home/user/.m2/repository/org/apache/commons/commons-text/1.4/commons-text-1.4.jar:/home/user/.m2/repository/com/google/re2j/re2j/1.1/re2j-1.1.jar:/home/user/.m2/repository/com/jcraft/jsch/0.1.54/jsch-0.1.54.jar:/home/user/.m2/repository/org/apache/curator/curator-client/2.13.0/curator-client-2.13.0.jar:/home/user/.m2/repository/org/apache/curator/curator-recipes/2.13.0/curator-recipes-2.13.0.jar:/home/user/.m2/repository/dnsjava/dnsjava/2.1.7/dnsjava-2.1.7.jar:/home/user/.m2/repository/org/slf4j/jul-to-slf4j/1.7.25/jul-to-slf4j-1.7.25.jar:/home/user/.m2/repository/org/eclipse/jetty/jetty-util/9.4.34.v20201102/jetty-util-9.4.34.v20201102.jar:/home/user/.m2/repository/com/fasterxml/jackson/core/jackson-databind/2.10.3/jackson-databind-2.10.3.jar:/home/user/.m2/repository/org/apache/hadoop/hadoop-kms/3.2.1/hadoop-kms-3.2.1-tests.jar:/home/user/.m2/repository/org/apache/hadoop/hadoop-hdds-server-scm/1.1.0-SNAPSHOT/hadoop-hdds-server-scm-1.1.0-SNAPSHOT-tests.jar:/home/user/.m2/repository/org/apache/hadoop/hadoop-hdds-container-service/1.1.0-SNAPSHOT/hadoop-hdds-container-service-1.1.0-SNAPSHOT-tests.jar:/home/user/.m2/repository/commons-codec/commons-codec/1.11/commons-codec-1.11.jar:/home/user/.m2/repository/org/apache/hadoop/hadoop-hdds-hadoop-dependency-test/1.1.0-SNAPSHOT/hadoop-hdds-hadoop-dependency-test-1.1.0-SNAPSHOT.jar:/home/user/.m2/repository/org/apache/hadoop/hadoop-common/3.2.1/hadoop-common-3.2.1-tests.jar:/home/user/.m2/repository/org/apache/hadoop/hadoop-hdfs/3.2.1/hadoop-hdfs-3.2.1-tests.jar:/home/user/.m2/repository/org/eclipse/jetty/jetty-util-ajax/9.4.34.v20201102/jetty-util-ajax-9.4.34.v20201102.jar:/home/user/.m2/repository/commons-daemon/commons-daemon/1.0.13/commons-daemon-1.0.13.jar:/home/user/.m2/repository/io/netty/netty/3.10.5.Final/netty-3.10.5.Final.jar:/home/user/.m2/repository/io/netty/netty-all/4.1.48.Final/netty-all-4.1.48.Final.jar:/home/user/.m2/repository/org/apache/htrace/htrace-core4/4.1.0-incubating/htrace-core4-4.1.0-incubating.jar:/home/user/.m2/repository/org/apache/hadoop/hadoop-distcp/3.2.1/hadoop-distcp-3.2.1.jar:/home/user/.m2/repository/org/apache/hadoop/hadoop-mapreduce-client-jobclient/3.2.1/hadoop-mapreduce-client-jobclient-3.2.1.jar:/home/user/.m2/repository/org/apache/hadoop/hadoop-mapreduce-client-common/3.2.1/hadoop-mapreduce-client-common-3.2.1.jar:/home/user/.m2/repository/org/apache/hadoop/hadoop-yarn-common/3.2.1/hadoop-yarn-common-3.2.1.jar:/home/user/.m2/repository/org/apache/hadoop/hadoop-yarn-api/3.2.1/hadoop-yarn-api-3.2.1.jar:/home/user/.m2/repository/com/sun/jersey/jersey-client/1.19/jersey-client-1.19.jar:/home/user/.m2/repository/com/sun/jersey/contribs/jersey-guice/1.19/jersey-guice-1.19.jar:/home/user/.m2/repository/com/fasterxml/jackson/jaxrs/jackson-jaxrs-json-provider/2.10.3/jackson-jaxrs-json-provider-2.10.3.jar:/home/user/.m2/repository/com/fasterxml/jackson/jaxrs/jackson-jaxrs-base/2.10.3/jackson-jaxrs-base-2.10.3.jar:/home/user/.m2/repository/org/apache/hadoop/hadoop-yarn-client/3.2.1/hadoop-yarn-client-3.2.1.jar:/home/user/.m2/repository/org/apache/hadoop/hadoop-mapreduce-client-core/3.2.1/hadoop-mapreduce-client-core-3.2.1.jar:/home/user/.m2/repository/org/apache/avro/avro/1.7.7/avro-1.7.7.jar:/home/user/.m2/repository/org/codehaus/jackson/jackson-core-asl/1.9.13/jackson-core-asl-1.9.13.jar:/home/user/.m2/repository/org/codehaus/jackson/jackson-mapper-asl/1.9.13/jackson-mapper-asl-1.9.13.jar:/home/user/.m2/repository/com/thoughtworks/paranamer/paranamer/2.3/paranamer-2.3.jar:/home/user/.m2/repository/org/xerial/snappy/snappy-java/1.0.5/snappy-java-1.0.5.jar:/home/user/.m2/repository/org/apache/hadoop/hadoop-annotations/3.2.1/hadoop-annotations-3.2.1.jar:/usr/lib/jvm/java-1.8.0-openjdk-1.8.0.232.b09-0.el7_7.x86_64/jre/../lib/tools.jar:/home/user/.m2/repository/org/apache/hadoop/hadoop-distcp/3.2.1/hadoop-distcp-3.2.1-tests.jar:"/>
    <property name="sun.cpu.endian" value="little"/>
    <property name="user.home" value="/home/user"/>
    <property name="user.language" value="en"/>
    <property name="java.specification.vendor" value="Oracle Corporation"/>
    <property name="java.home" value="/usr/lib/jvm/java-1.8.0-openjdk-1.8.0.232.b09-0.el7_7.x86_64/jre"/>
    <property name="java.security.krb5.conf" value="/github/workspace/mnt/ozone/hadoop-ozone/integration-test/target/test-classes/krb5.conf"/>
    <property name="basedir" value="/github/workspace/mnt/ozone/hadoop-ozone/integration-test"/>
    <property name="file.separator" value="/"/>
    <property name="line.separator" value="&#10;"/>
    <property name="java.vm.specification.vendor" value="Oracle Corporation"/>
    <property name="java.specification.name" value="Java Platform API Specification"/>
    <property name="java.awt.graphicsenv" value="sun.awt.X11GraphicsEnvironment"/>
    <property name="skip.installnpx" value="true"/>
    <property name="surefire.real.class.path" value="/github/workspace/mnt/ozone/hadoop-ozone/integration-test/target/surefire/surefirebooter8907502805183206269.jar:/home/user/.m2/repository/org/jacoco/org.jacoco.agent/0.8.5/org.jacoco.agent-0.8.5-runtime.jar"/>
    <property name="hadoop.log.dir" value="/github/workspace/mnt/ozone/hadoop-ozone/integration-test/target/log"/>
    <property name="sun.boot.class.path" value="/usr/lib/jvm/java-1.8.0-openjdk-1.8.0.232.b09-0.el7_7.x86_64/jre/lib/resources.jar:/usr/lib/jvm/java-1.8.0-openjdk-1.8.0.232.b09-0.el7_7.x86_64/jre/lib/rt.jar:/usr/lib/jvm/java-1.8.0-openjdk-1.8.0.232.b09-0.el7_7.x86_64/jre/lib/sunrsasign.jar:/usr/lib/jvm/java-1.8.0-openjdk-1.8.0.232.b09-0.el7_7.x86_64/jre/lib/jsse.jar:/usr/lib/jvm/java-1.8.0-openjdk-1.8.0.232.b09-0.el7_7.x86_64/jre/lib/jce.jar:/usr/lib/jvm/java-1.8.0-openjdk-1.8.0.232.b09-0.el7_7.x86_64/jre/lib/charsets.jar:/usr/lib/jvm/java-1.8.0-openjdk-1.8.0.232.b09-0.el7_7.x86_64/jre/lib/jfr.jar:/usr/lib/jvm/java-1.8.0-openjdk-1.8.0.232.b09-0.el7_7.x86_64/jre/classes"/>
    <property name="sun.management.compiler" value="HotSpot 64-Bit Tiered Compilers"/>
    <property name="skip.npx" value="true"/>
    <property name="java.runtime.version" value="1.8.0_232-b09"/>
    <property name="java.net.preferIPv4Stack" value="true"/>
    <property name="user.name" value="jenkins1001"/>
    <property name="path.separator" value=":"/>
    <property name="java.security.egd" value="file:///dev/urandom"/>
    <property name="os.version" value="5.4.0-1031-azure"/>
    <property name="java.endorsed.dirs" value="/usr/lib/jvm/java-1.8.0-openjdk-1.8.0.232.b09-0.el7_7.x86_64/jre/lib/endorsed"/>
    <property name="java.runtime.name" value="OpenJDK Runtime Environment"/>
    <property name="file.encoding" value="ANSI_X3.4-1968"/>
    <property name="java.vm.name" value="OpenJDK 64-Bit Server VM"/>
    <property name="test.build.webapps" value=""/>
    <property name="localRepository" value="/home/user/.m2/repository"/>
    <property name="java.vendor.url.bug" value="http://bugreport.sun.com/bugreport/"/>
    <property name="java.io.tmpdir" value="/tmp"/>
    <property name="require.test.libhadoop" value=""/>
    <property name="java.version" value="1.8.0_232"/>
    <property name="user.dir" value="/github/workspace/mnt/ozone/hadoop-ozone/integration-test"/>
    <property name="os.arch" value="amd64"/>
    <property name="java.vm.specification.name" value="Java Virtual Machine Specification"/>
    <property name="test.build.classes" value="/github/workspace/mnt/ozone/hadoop-ozone/integration-test/target/test-classes"/>
    <property name="java.awt.printerjob" value="sun.print.PSPrinterJob"/>
    <property name="sun.os.patch.level" value="unknown"/>
    <property name="hadoop.tmp.dir" value="/github/workspace/mnt/ozone/hadoop-ozone/integration-test/target/tmp"/>
    <property name="java.library.path" value="/usr/lib:/usr/java/packages/lib/amd64:/usr/lib64:/lib64:/lib:/usr/lib"/>
    <property name="java.vm.info" value="mixed mode"/>
    <property name="java.vendor" value="Oracle Corporation"/>
    <property name="java.vm.version" value="25.232-b09"/>
    <property name="java.ext.dirs" value="/usr/lib/jvm/java-1.8.0-openjdk-1.8.0.232.b09-0.el7_7.x86_64/jre/lib/ext:/usr/java/packages/lib/ext"/>
    <property name="sun.io.unicode.encoding" value="UnicodeLittle"/>
    <property name="java.class.version" value="52.0"/>
  </properties>
  <testcase name="testGroupMismatchExceptionHandling" classname="org.apache.hadoop.ozone.client.rpc.TestOzoneClientRetriesOnException" time="44.216"/>
  <testcase name="testMaxRetriesByOzoneClient" classname="org.apache.hadoop.ozone.client.rpc.TestOzoneClientRetriesOnException" time="44.876">
    <failure message="Expected exception not thrown" type="java.lang.AssertionError">java.lang.AssertionError: Expected exception not thrown
	at org.junit.Assert.fail(Assert.java:88)
	at org.apache.hadoop.ozone.client.rpc.TestOzoneClientRetriesOnException.testMaxRetriesByOzoneClient(TestOzoneClientRetriesOnException.java:235)
	at sun.reflect.NativeMethodAccessorImpl.invoke0(Native Method)
	at sun.reflect.NativeMethodAccessorImpl.invoke(NativeMethodAccessorImpl.java:62)
	at sun.reflect.DelegatingMethodAccessorImpl.invoke(DelegatingMethodAccessorImpl.java:43)
	at java.lang.reflect.Method.invoke(Method.java:498)
	at org.junit.runners.model.FrameworkMethod$1.runReflectiveCall(FrameworkMethod.java:47)
	at org.junit.internal.runners.model.ReflectiveCallable.run(ReflectiveCallable.java:12)
	at org.junit.runners.model.FrameworkMethod.invokeExplosively(FrameworkMethod.java:44)
	at org.junit.internal.runners.statements.InvokeMethod.evaluate(InvokeMethod.java:17)
	at org.junit.internal.runners.statements.RunBefores.evaluate(RunBefores.java:26)
	at org.junit.internal.runners.statements.RunAfters.evaluate(RunAfters.java:27)
	at org.junit.internal.runners.statements.FailOnTimeout$StatementThread.run(FailOnTimeout.java:74)
</failure>
    <system-out><![CDATA[2020-11-26 17:11:52,173 [Thread-369] WARN  server.ServerUtils (ServerUtils.java:getScmDbDir(148)) - ozone.scm.db.dirs is not configured. We recommend adding this setting. Falling back to ozone.metadata.dirs instead.
2020-11-26 17:11:52,175 [Thread-369] WARN  server.ServerUtils (ServerUtils.java:getScmDbDir(148)) - ozone.scm.db.dirs is not configured. We recommend adding this setting. Falling back to ozone.metadata.dirs instead.
2020-11-26 17:11:52,175 [Thread-369] WARN  db.DBStoreBuilder (DBStoreBuilder.java:applyDBDefinition(145)) - ozone.scm.db.dirs is not configured. We recommend adding this setting. Falling back to ozone.metadata.dirs instead.
2020-11-26 17:11:52,199 [Thread-369] INFO  net.NodeSchemaLoader (NodeSchemaLoader.java:loadSchemaFromFile(126)) - Loading file from sun.misc.CompoundEnumeration@6d0bf0b1
2020-11-26 17:11:52,199 [Thread-369] INFO  net.NodeSchemaLoader (NodeSchemaLoader.java:loadSchema(172)) - Loading network topology layer schema file
2020-11-26 17:11:52,202 [Thread-369] WARN  server.ServerUtils (ServerUtils.java:sanitizeUserArgs(73)) - ozone.scm.stale.node.interval value = 300000 is larger than max = 100000 based on the key value of ozone.scm.heartbeat.thread.interval, reset to the max value 100000.
2020-11-26 17:11:52,202 [Thread-369] WARN  server.ServerUtils (ServerUtils.java:sanitizeUserArgs(73)) - ozone.scm.stale.node.interval value = 300000 is larger than max = 100000 based on the key value of ozone.scm.heartbeat.thread.interval, reset to the max value 100000.
2020-11-26 17:11:52,203 [Thread-369] INFO  node.SCMNodeManager (SCMNodeManager.java:<init>(120)) - Entering startup safe mode.
2020-11-26 17:11:52,204 [Thread-369] INFO  algorithms.ContainerPlacementPolicyFactory (ContainerPlacementPolicyFactory.java:getPolicy(60)) - Create container placement policy of type org.apache.hadoop.hdds.scm.container.placement.algorithms.SCMContainerPlacementRandom
2020-11-26 17:11:52,204 [Thread-369] INFO  algorithms.LeaderChoosePolicyFactory (LeaderChoosePolicyFactory.java:getPolicy(57)) - Create leader choose policy of type org.apache.hadoop.hdds.scm.pipeline.leader.choose.algorithms.DefaultLeaderChoosePolicy
2020-11-26 17:11:52,204 [Thread-369] INFO  pipeline.SCMPipelineManager (SCMPipelineManager.java:initializePipelineState(161)) - No pipeline exists in current db
2020-11-26 17:11:52,205 [Thread-369] INFO  algorithms.PipelineChoosePolicyFactory (PipelineChoosePolicyFactory.java:createPipelineChoosePolicyFromClass(75)) - Create pipeline choose policy of type org.apache.hadoop.hdds.scm.pipeline.choose.algorithms.RandomPipelineChoosePolicy
2020-11-26 17:11:52,206 [Thread-369] INFO  safemode.HealthyPipelineSafeModeRule (HealthyPipelineSafeModeRule.java:<init>(89)) - Total pipeline count is 0, healthy pipeline threshold count is 0
2020-11-26 17:11:52,206 [Thread-369] INFO  safemode.OneReplicaPipelineSafeModeRule (OneReplicaPipelineSafeModeRule.java:<init>(84)) - Total pipeline count is 0, pipeline's with at least one datanode reported threshold count is 0
2020-11-26 17:11:52,207 [Thread-369] INFO  ipc.CallQueueManager (CallQueueManager.java:<init>(84)) - Using callQueue: class java.util.concurrent.LinkedBlockingQueue, queueCapacity: 2000, scheduler: class org.apache.hadoop.ipc.DefaultRpcScheduler, ipcBackoff: false.
2020-11-26 17:11:52,210 [Listener at 0.0.0.0/33409] INFO  ipc.CallQueueManager (CallQueueManager.java:<init>(84)) - Using callQueue: class java.util.concurrent.LinkedBlockingQueue, queueCapacity: 2000, scheduler: class org.apache.hadoop.ipc.DefaultRpcScheduler, ipcBackoff: false.
2020-11-26 17:11:52,214 [Socket Reader #1 for port 0] INFO  ipc.Server (Server.java:run(1219)) - Starting Socket Reader #1 for port 0
2020-11-26 17:11:52,217 [Listener at 0.0.0.0/40887] INFO  ipc.CallQueueManager (CallQueueManager.java:<init>(84)) - Using callQueue: class java.util.concurrent.LinkedBlockingQueue, queueCapacity: 2000, scheduler: class org.apache.hadoop.ipc.DefaultRpcScheduler, ipcBackoff: false.
2020-11-26 17:11:52,218 [Socket Reader #1 for port 0] INFO  ipc.Server (Server.java:run(1219)) - Starting Socket Reader #1 for port 0
2020-11-26 17:11:52,226 [Socket Reader #1 for port 0] INFO  ipc.Server (Server.java:run(1219)) - Starting Socket Reader #1 for port 0
2020-11-26 17:11:52,231 [Listener at 0.0.0.0/38943] INFO  http.BaseHttpServer (BaseHttpServer.java:newHttpServer2BuilderForOzone(207)) - Starting Web-server for scm at: http://0.0.0.0:0
2020-11-26 17:11:52,231 [Listener at 0.0.0.0/38943] INFO  http.BaseHttpServer (BaseHttpServer.java:<init>(106)) - Hadoop Security Enabled: false Ozone Security Enabled: false Ozone HTTP Security Enabled: false 
2020-11-26 17:11:52,233 [Listener at 0.0.0.0/38943] INFO  server.AuthenticationFilter (AuthenticationFilter.java:constructSecretProvider(240)) - Unable to initialize FileSignerSecretProvider, falling back to use random secrets.
2020-11-26 17:11:52,234 [Listener at 0.0.0.0/38943] WARN  http.HttpRequestLog (HttpRequestLog.java:getRequestLog(103)) - Jetty request log can only be enabled using Log4j
2020-11-26 17:11:52,235 [Listener at 0.0.0.0/38943] INFO  http.HttpServer2 (HttpServer2.java:addGlobalFilter(1019)) - Added global filter 'safety' (class=org.apache.hadoop.hdds.server.http.HttpServer2$QuotingInputFilter)
2020-11-26 17:11:52,236 [Listener at 0.0.0.0/38943] INFO  http.HttpServer2 (HttpServer2.java:addFilter(995)) - Added filter static_user_filter (class=org.apache.hadoop.http.lib.StaticUserWebFilter$StaticUserFilter) to context scm
2020-11-26 17:11:52,236 [Listener at 0.0.0.0/38943] INFO  http.HttpServer2 (HttpServer2.java:addFilter(1003)) - Added filter static_user_filter (class=org.apache.hadoop.http.lib.StaticUserWebFilter$StaticUserFilter) to context logs
2020-11-26 17:11:52,236 [Listener at 0.0.0.0/38943] INFO  http.HttpServer2 (HttpServer2.java:addFilter(1003)) - Added filter static_user_filter (class=org.apache.hadoop.http.lib.StaticUserWebFilter$StaticUserFilter) to context static
2020-11-26 17:11:52,240 [Listener at 0.0.0.0/38943] INFO  server.StorageContainerManager (StorageContainerManager.java:start(780)) - StorageContainerLocationProtocol RPC server is listening at /0.0.0.0:38943
2020-11-26 17:11:52,241 [Listener at 0.0.0.0/38943] WARN  impl.MetricsConfig (MetricsConfig.java:loadFirst(134)) - Cannot locate configuration: tried hadoop-metrics2-storagecontainermanager.properties,hadoop-metrics2.properties
2020-11-26 17:11:52,243 [Listener at 0.0.0.0/38943] INFO  impl.MetricsSystemImpl (MetricsSystemImpl.java:startTimer(374)) - Scheduled Metric snapshot period at 10 second(s).
2020-11-26 17:11:52,243 [Listener at 0.0.0.0/38943] INFO  impl.MetricsSystemImpl (MetricsSystemImpl.java:start(191)) - StorageContainerManager metrics system started
2020-11-26 17:11:52,258 [Listener at 0.0.0.0/38943] WARN  impl.MetricsSystemImpl (MetricsSystemImpl.java:register(276)) - Sink prometheus already exists!
2020-11-26 17:11:52,268 [Listener at 0.0.0.0/38943] INFO  server.SCMClientProtocolServer (SCMClientProtocolServer.java:start(156)) - RPC server for Client  is listening at /0.0.0.0:38943
2020-11-26 17:11:52,269 [IPC Server Responder] INFO  ipc.Server (Server.java:run(1460)) - IPC Server Responder: starting
2020-11-26 17:11:52,269 [IPC Server listener on 0] INFO  ipc.Server (Server.java:run(1298)) - IPC Server listener on 0: starting
2020-11-26 17:11:52,274 [Listener at 0.0.0.0/38943] INFO  server.StorageContainerManager (StorageContainerManager.java:start(792)) - ScmBlockLocationProtocol RPC server is listening at /0.0.0.0:40887
2020-11-26 17:11:52,274 [Listener at 0.0.0.0/38943] INFO  server.SCMBlockProtocolServer (SCMBlockProtocolServer.java:start(150)) - RPC server for Block Protocol is listening at /0.0.0.0:40887
2020-11-26 17:11:52,275 [IPC Server Responder] INFO  ipc.Server (Server.java:run(1460)) - IPC Server Responder: starting
2020-11-26 17:11:52,275 [IPC Server listener on 0] INFO  ipc.Server (Server.java:run(1298)) - IPC Server listener on 0: starting
2020-11-26 17:11:52,283 [Listener at 0.0.0.0/38943] INFO  server.StorageContainerManager (StorageContainerManager.java:start(798)) - ScmDatanodeProtocl RPC server is listening at /0.0.0.0:33409
2020-11-26 17:11:52,283 [Listener at 0.0.0.0/38943] INFO  server.SCMDatanodeProtocolServer (SCMDatanodeProtocolServer.java:start(172)) - RPC server for DataNodes is listening at /0.0.0.0:33409
2020-11-26 17:11:52,283 [IPC Server Responder] INFO  ipc.Server (Server.java:run(1460)) - IPC Server Responder: starting
2020-11-26 17:11:52,283 [IPC Server listener on 0] INFO  ipc.Server (Server.java:run(1298)) - IPC Server listener on 0: starting
2020-11-26 17:11:52,292 [Listener at 0.0.0.0/38943] INFO  http.HttpServer2 (HttpServer2.java:bindListener(1237)) - Jetty bound to port 36953
2020-11-26 17:11:52,292 [Listener at 0.0.0.0/38943] INFO  server.Server (Server.java:doStart(375)) - jetty-9.4.34.v20201102; built: 2020-11-02T14:15:39.302Z; git: e46af88704a893fc12cb0e3bf46e2c7b48a009e7; jvm 1.8.0_232-b09
2020-11-26 17:11:52,294 [Listener at 0.0.0.0/38943] INFO  server.session (DefaultSessionIdManager.java:doStart(334)) - DefaultSessionIdManager workerName=node0
2020-11-26 17:11:52,294 [Listener at 0.0.0.0/38943] INFO  server.session (DefaultSessionIdManager.java:doStart(339)) - No SessionScavenger set, using defaults
2020-11-26 17:11:52,294 [Listener at 0.0.0.0/38943] INFO  server.session (HouseKeeper.java:startScavenging(132)) - node0 Scavenging every 660000ms
2020-11-26 17:11:52,295 [Listener at 0.0.0.0/38943] INFO  handler.ContextHandler (ContextHandler.java:doStart(916)) - Started o.e.j.s.ServletContextHandler@747be6f6{logs,/logs,file:///github/workspace/mnt/ozone/hadoop-ozone/integration-test/target/log,AVAILABLE}
2020-11-26 17:11:52,295 [Listener at 0.0.0.0/38943] INFO  handler.ContextHandler (ContextHandler.java:doStart(916)) - Started o.e.j.s.ServletContextHandler@cddb6c2{static,/static,file:///github/workspace/mnt/ozone/hadoop-ozone/integration-test/target/test-classes/webapps/static,AVAILABLE}
2020-11-26 17:11:52,298 [Listener at 0.0.0.0/38943] INFO  handler.ContextHandler (ContextHandler.java:doStart(916)) - Started o.e.j.w.WebAppContext@4c9c9a8c{scm,/,file:///github/workspace/mnt/ozone/hadoop-ozone/integration-test/target/test-classes/webapps/scm/,AVAILABLE}{file:/github/workspace/mnt/ozone/hadoop-ozone/integration-test/target/test-classes/webapps/scm}
2020-11-26 17:11:52,299 [Listener at 0.0.0.0/38943] INFO  server.AbstractConnector (AbstractConnector.java:doStart(331)) - Started ServerConnector@3f2a736b{HTTP/1.1, (http/1.1)}{0.0.0.0:36953}
2020-11-26 17:11:52,299 [Listener at 0.0.0.0/38943] INFO  server.Server (Server.java:doStart(415)) - Started @45110ms
2020-11-26 17:11:52,299 [Listener at 0.0.0.0/38943] WARN  impl.MetricsSystemImpl (MetricsSystemImpl.java:register(276)) - Sink prometheus already exists!
2020-11-26 17:11:52,427 [Listener at 0.0.0.0/38943] INFO  http.BaseHttpServer (BaseHttpServer.java:updateConnectorAddress(327)) - HTTP server of scm listening at http://0.0.0.0:36953
2020-11-26 17:11:52,427 [Listener at 0.0.0.0/38943] WARN  server.ServerUtils (ServerUtils.java:getDBPath(225)) - ozone.om.db.dirs is not configured. We recommend adding this setting. Falling back to ozone.metadata.dirs instead.
2020-11-26 17:11:52,428 [org.apache.hadoop.util.JvmPauseMonitor$Monitor@b0341c4] INFO  util.JvmPauseMonitor (JvmPauseMonitor.java:run(188)) - Starting JVM pause monitor
2020-11-26 17:11:52,429 [Listener at 0.0.0.0/38943] INFO  ha.OMHANodeDetails (OMHANodeDetails.java:loadOMHAConfig(104)) - ozone.om.internal.service.id is not defined, falling back to ozone.om.service.ids to find serviceID for OzoneManager if it is HA enabled cluster
2020-11-26 17:11:52,429 [Listener at 0.0.0.0/38943] INFO  ha.OMHANodeDetails (OMHANodeDetails.java:loadOMHAConfig(213)) - Configuration either no ozone.om.address set. Falling back to the default OM address /127.0.0.1:0
2020-11-26 17:11:52,429 [Listener at 0.0.0.0/38943] INFO  ha.OMHANodeDetails (OMHANodeDetails.java:getOMNodeDetails(241)) - OM Service ID is not set. Setting it to the default ID: omServiceIdDefault
2020-11-26 17:11:52,429 [Listener at 0.0.0.0/38943] WARN  server.ServerUtils (ServerUtils.java:getDBPath(225)) - ozone.om.db.dirs is not configured. We recommend adding this setting. Falling back to ozone.metadata.dirs instead.
2020-11-26 17:11:52,429 [Listener at 0.0.0.0/38943] WARN  server.ServerUtils (ServerUtils.java:getDBPath(225)) - ozone.om.db.dirs is not configured. We recommend adding this setting. Falling back to ozone.metadata.dirs instead.
2020-11-26 17:11:52,432 [Listener at 0.0.0.0/38943] WARN  server.ServerUtils (ServerUtils.java:getDBPath(225)) - ozone.om.db.dirs is not configured. We recommend adding this setting. Falling back to ozone.metadata.dirs instead.
2020-11-26 17:11:52,433 [Listener at 0.0.0.0/38943] INFO  codec.OmKeyInfoCodec (OmKeyInfoCodec.java:<init>(41)) - OmKeyInfoCodec ignorePipeline = true
2020-11-26 17:11:52,433 [Listener at 0.0.0.0/38943] INFO  codec.RepeatedOmKeyInfoCodec (RepeatedOmKeyInfoCodec.java:<init>(40)) - RepeatedOmKeyInfoCodec ignorePipeline = true
2020-11-26 17:11:52,474 [Listener at 0.0.0.0/38943] INFO  om.OzoneManager (OzoneManager.java:addS3GVolumeToDB(3741)) - Created Volume s3v With Owner jenkins1001 required for S3Gateway operations.
2020-11-26 17:11:52,475 [Listener at 0.0.0.0/38943] INFO  ipc.CallQueueManager (CallQueueManager.java:<init>(84)) - Using callQueue: class java.util.concurrent.LinkedBlockingQueue, queueCapacity: 2000, scheduler: class org.apache.hadoop.ipc.DefaultRpcScheduler, ipcBackoff: false.
2020-11-26 17:11:52,476 [Socket Reader #1 for port 0] INFO  ipc.Server (Server.java:run(1219)) - Starting Socket Reader #1 for port 0
2020-11-26 17:11:52,497 [Listener at 127.0.0.1/40769] INFO  impl.MetricsSystemImpl (MetricsSystemImpl.java:init(158)) - OzoneManager metrics system started (again)
2020-11-26 17:11:52,498 [Listener at 127.0.0.1/40769] INFO  om.OzoneManager (OzoneManager.java:start(1144)) - OzoneManager RPC server is listening at localhost/127.0.0.1:40769
2020-11-26 17:11:52,504 [Listener at 127.0.0.1/40769] INFO  http.BaseHttpServer (BaseHttpServer.java:newHttpServer2BuilderForOzone(207)) - Starting Web-server for ozoneManager at: http://0.0.0.0:0
2020-11-26 17:11:52,504 [Listener at 127.0.0.1/40769] INFO  http.BaseHttpServer (BaseHttpServer.java:<init>(106)) - Hadoop Security Enabled: false Ozone Security Enabled: false Ozone HTTP Security Enabled: false 
2020-11-26 17:11:52,505 [Listener at 127.0.0.1/40769] INFO  server.AuthenticationFilter (AuthenticationFilter.java:constructSecretProvider(240)) - Unable to initialize FileSignerSecretProvider, falling back to use random secrets.
2020-11-26 17:11:52,506 [Listener at 127.0.0.1/40769] WARN  http.HttpRequestLog (HttpRequestLog.java:getRequestLog(103)) - Jetty request log can only be enabled using Log4j
2020-11-26 17:11:52,506 [Listener at 127.0.0.1/40769] INFO  http.HttpServer2 (HttpServer2.java:addGlobalFilter(1019)) - Added global filter 'safety' (class=org.apache.hadoop.hdds.server.http.HttpServer2$QuotingInputFilter)
2020-11-26 17:11:52,507 [Listener at 127.0.0.1/40769] INFO  http.HttpServer2 (HttpServer2.java:addFilter(995)) - Added filter static_user_filter (class=org.apache.hadoop.http.lib.StaticUserWebFilter$StaticUserFilter) to context ozoneManager
2020-11-26 17:11:52,507 [Listener at 127.0.0.1/40769] INFO  http.HttpServer2 (HttpServer2.java:addFilter(1003)) - Added filter static_user_filter (class=org.apache.hadoop.http.lib.StaticUserWebFilter$StaticUserFilter) to context static
2020-11-26 17:11:52,507 [Listener at 127.0.0.1/40769] INFO  http.HttpServer2 (HttpServer2.java:addFilter(1003)) - Added filter static_user_filter (class=org.apache.hadoop.http.lib.StaticUserWebFilter$StaticUserFilter) to context logs
2020-11-26 17:11:52,508 [Listener at 127.0.0.1/40769] INFO  http.HttpServer2 (HttpServer2.java:bindListener(1237)) - Jetty bound to port 37181
2020-11-26 17:11:52,508 [Listener at 127.0.0.1/40769] INFO  server.Server (Server.java:doStart(375)) - jetty-9.4.34.v20201102; built: 2020-11-02T14:15:39.302Z; git: e46af88704a893fc12cb0e3bf46e2c7b48a009e7; jvm 1.8.0_232-b09
2020-11-26 17:11:52,511 [Listener at 127.0.0.1/40769] INFO  server.session (DefaultSessionIdManager.java:doStart(334)) - DefaultSessionIdManager workerName=node0
2020-11-26 17:11:52,511 [Listener at 127.0.0.1/40769] INFO  server.session (DefaultSessionIdManager.java:doStart(339)) - No SessionScavenger set, using defaults
2020-11-26 17:11:52,511 [Listener at 127.0.0.1/40769] INFO  server.session (HouseKeeper.java:startScavenging(132)) - node0 Scavenging every 600000ms
2020-11-26 17:11:52,514 [Listener at 127.0.0.1/40769] INFO  handler.ContextHandler (ContextHandler.java:doStart(916)) - Started o.e.j.s.ServletContextHandler@5dd6bfc9{logs,/logs,file:///github/workspace/mnt/ozone/hadoop-ozone/integration-test/target/log,AVAILABLE}
2020-11-26 17:11:52,515 [Listener at 127.0.0.1/40769] INFO  handler.ContextHandler (ContextHandler.java:doStart(916)) - Started o.e.j.s.ServletContextHandler@5aa228c5{static,/static,file:///github/workspace/mnt/ozone/hadoop-ozone/integration-test/target/test-classes/webapps/static,AVAILABLE}
2020-11-26 17:11:52,517 [Listener at 127.0.0.1/40769] INFO  handler.ContextHandler (ContextHandler.java:doStart(916)) - Started o.e.j.w.WebAppContext@59a50f5e{ozoneManager,/,file:///github/workspace/mnt/ozone/hadoop-ozone/integration-test/target/test-classes/webapps/ozoneManager/,AVAILABLE}{file:/github/workspace/mnt/ozone/hadoop-ozone/integration-test/target/test-classes/webapps/ozoneManager}
2020-11-26 17:11:52,523 [Listener at 127.0.0.1/40769] INFO  server.AbstractConnector (AbstractConnector.java:doStart(331)) - Started ServerConnector@398f8c49{HTTP/1.1, (http/1.1)}{0.0.0.0:37181}
2020-11-26 17:11:52,526 [Listener at 127.0.0.1/40769] INFO  server.Server (Server.java:doStart(415)) - Started @45334ms
2020-11-26 17:11:52,526 [Listener at 127.0.0.1/40769] WARN  impl.MetricsSystemImpl (MetricsSystemImpl.java:register(276)) - Sink prometheus already exists!
2020-11-26 17:11:52,531 [Listener at 127.0.0.1/40769] INFO  http.BaseHttpServer (BaseHttpServer.java:updateConnectorAddress(327)) - HTTP server of ozoneManager listening at http://0.0.0.0:37181
2020-11-26 17:11:52,531 [IPC Server Responder] INFO  ipc.Server (Server.java:run(1460)) - IPC Server Responder: starting
2020-11-26 17:11:52,531 [IPC Server listener on 0] INFO  ipc.Server (Server.java:run(1298)) - IPC Server listener on 0: starting
2020-11-26 17:11:52,536 [Listener at 127.0.0.1/40769] INFO  om.OzoneManager (OzoneManager.java:startTrashEmptier(1269)) - Trash Interval set to 0. Files deleted will not move to trash
2020-11-26 17:11:52,554 [org.apache.hadoop.util.JvmPauseMonitor$Monitor@6ab3b78a] INFO  util.JvmPauseMonitor (JvmPauseMonitor.java:run(188)) - Starting JVM pause monitor
2020-11-26 17:11:52,572 [Listener at 127.0.0.1/40769] INFO  impl.MetricsSystemImpl (MetricsSystemImpl.java:init(158)) - HddsDatanode metrics system started (again)
2020-11-26 17:11:52,574 [Listener at 127.0.0.1/40769] INFO  ozone.HddsDatanodeService (HddsDatanodeService.java:start(217)) - HddsDatanodeService host:1581e7703e9d ip:172.17.0.2
2020-11-26 17:11:52,575 [Listener at 127.0.0.1/40769] INFO  volume.HddsVolume (HddsVolume.java:<init>(176)) - Creating Volume: /github/workspace/mnt/ozone/hadoop-ozone/integration-test/target/test-dir/MiniOzoneClusterImpl-baac2ffe-e1a6-449a-ab8a-404ec876111f/datanode-0/data-0/containers/hdds of storage type : DISK and capacity : 9223372036854775807
2020-11-26 17:11:52,575 [Listener at 127.0.0.1/40769] INFO  volume.MutableVolumeSet (MutableVolumeSet.java:initializeVolumeSet(179)) - Added Volume : /github/workspace/mnt/ozone/hadoop-ozone/integration-test/target/test-dir/MiniOzoneClusterImpl-baac2ffe-e1a6-449a-ab8a-404ec876111f/datanode-0/data-0/containers/hdds to VolumeSet
2020-11-26 17:11:52,575 [Listener at 127.0.0.1/40769] INFO  volume.ThrottledAsyncChecker (ThrottledAsyncChecker.java:schedule(141)) - Scheduling a check for /github/workspace/mnt/ozone/hadoop-ozone/integration-test/target/test-dir/MiniOzoneClusterImpl-baac2ffe-e1a6-449a-ab8a-404ec876111f/datanode-0/data-0/containers/hdds
2020-11-26 17:11:52,576 [Listener at 127.0.0.1/40769] INFO  volume.HddsVolumeChecker (HddsVolumeChecker.java:checkAllVolumes(200)) - Scheduled health check for volume /github/workspace/mnt/ozone/hadoop-ozone/integration-test/target/test-dir/MiniOzoneClusterImpl-baac2ffe-e1a6-449a-ab8a-404ec876111f/datanode-0/data-0/containers/hdds
2020-11-26 17:11:52,589 [Thread-492] INFO  ozoneimpl.ContainerReader (ContainerReader.java:readVolume(123)) - Start to verify containers on volume /github/workspace/mnt/ozone/hadoop-ozone/integration-test/target/test-dir/MiniOzoneClusterImpl-baac2ffe-e1a6-449a-ab8a-404ec876111f/datanode-0/data-0/containers/hdds
2020-11-26 17:11:52,589 [Thread-492] INFO  ozoneimpl.ContainerReader (ContainerReader.java:readVolume(148)) - Finish verifying containers on volume /github/workspace/mnt/ozone/hadoop-ozone/integration-test/target/test-dir/MiniOzoneClusterImpl-baac2ffe-e1a6-449a-ab8a-404ec876111f/datanode-0/data-0/containers/hdds
2020-11-26 17:11:52,589 [Listener at 127.0.0.1/40769] INFO  ozoneimpl.OzoneContainer (OzoneContainer.java:buildContainerSet(194)) - Build ContainerSet costs 0s
2020-11-26 17:11:52,591 [Listener at 127.0.0.1/40769] INFO  impl.RaftServerProxy (ConfUtils.java:logGet(44)) - raft.rpc.type = GRPC (default)
2020-11-26 17:11:52,591 [Listener at 127.0.0.1/40769] INFO  grpc.GrpcFactory (GrpcFactory.java:checkPooledByteBufAllocatorUseCacheForAllThreads(45)) - PERFORMANCE WARNING: useCacheForAllThreads is true that may cause Netty to create a lot garbage objects and, as a result, trigger GC.
	It is recommended to disable useCacheForAllThreads by setting -Dorg.apache.ratis.thirdparty.io.netty.allocator.useCacheForAllThreads=false in command line.
2020-11-26 17:11:52,591 [Listener at 127.0.0.1/40769] INFO  grpc.GrpcConfigKeys (ConfUtils.java:logGet(44)) - raft.grpc.server.port = 0 (default)
2020-11-26 17:11:52,591 [Listener at 127.0.0.1/40769] INFO  server.GrpcService (ConfUtils.java:logGet(44)) - raft.grpc.message.size.max = 32MB (=33554432) (custom)
2020-11-26 17:11:52,591 [Listener at 127.0.0.1/40769] INFO  server.RaftServerConfigKeys (ConfUtils.java:logGet(44)) - raft.server.log.appender.buffer.byte-limit = 33554432 (custom)
2020-11-26 17:11:52,591 [Listener at 127.0.0.1/40769] INFO  server.GrpcService (ConfUtils.java:logGet(44)) - raft.grpc.flow.control.window = 5MB (=5242880) (custom)
2020-11-26 17:11:52,591 [Listener at 127.0.0.1/40769] INFO  server.RaftServerConfigKeys (ConfUtils.java:logGet(44)) - raft.server.rpc.request.timeout = 60s (custom)
2020-11-26 17:11:52,592 [Listener at 127.0.0.1/40769] INFO  impl.DataStreamServerImpl (ConfUtils.java:logGet(44)) - raft.datastream.type = DISABLED (default)
2020-11-26 17:11:52,593 [Listener at 127.0.0.1/40769] INFO  server.RaftServerConfigKeys (ConfUtils.java:logGet(44)) - raft.server.storage.dir = [/github/workspace/mnt/ozone/hadoop-ozone/integration-test/target/test-dir/MiniOzoneClusterImpl-baac2ffe-e1a6-449a-ab8a-404ec876111f/datanode-0/data/ratis] (custom)
2020-11-26 17:11:52,606 [Listener at 127.0.0.1/40769] INFO  http.BaseHttpServer (BaseHttpServer.java:newHttpServer2BuilderForOzone(207)) - Starting Web-server for hddsDatanode at: http://0.0.0.0:0
2020-11-26 17:11:52,606 [Listener at 127.0.0.1/40769] INFO  http.BaseHttpServer (BaseHttpServer.java:<init>(106)) - Hadoop Security Enabled: false Ozone Security Enabled: false Ozone HTTP Security Enabled: false 
2020-11-26 17:11:52,607 [Listener at 127.0.0.1/40769] INFO  server.AuthenticationFilter (AuthenticationFilter.java:constructSecretProvider(240)) - Unable to initialize FileSignerSecretProvider, falling back to use random secrets.
2020-11-26 17:11:52,608 [Listener at 127.0.0.1/40769] WARN  http.HttpRequestLog (HttpRequestLog.java:getRequestLog(103)) - Jetty request log can only be enabled using Log4j
2020-11-26 17:11:52,610 [Listener at 127.0.0.1/40769] INFO  http.HttpServer2 (HttpServer2.java:addGlobalFilter(1019)) - Added global filter 'safety' (class=org.apache.hadoop.hdds.server.http.HttpServer2$QuotingInputFilter)
2020-11-26 17:11:52,610 [Listener at 127.0.0.1/40769] INFO  http.HttpServer2 (HttpServer2.java:addFilter(995)) - Added filter static_user_filter (class=org.apache.hadoop.http.lib.StaticUserWebFilter$StaticUserFilter) to context hddsDatanode
2020-11-26 17:11:52,611 [Listener at 127.0.0.1/40769] INFO  http.HttpServer2 (HttpServer2.java:addFilter(1003)) - Added filter static_user_filter (class=org.apache.hadoop.http.lib.StaticUserWebFilter$StaticUserFilter) to context logs
2020-11-26 17:11:52,611 [Listener at 127.0.0.1/40769] INFO  http.HttpServer2 (HttpServer2.java:addFilter(1003)) - Added filter static_user_filter (class=org.apache.hadoop.http.lib.StaticUserWebFilter$StaticUserFilter) to context static
2020-11-26 17:11:52,611 [Listener at 127.0.0.1/40769] INFO  http.HttpServer2 (HttpServer2.java:bindListener(1237)) - Jetty bound to port 40675
2020-11-26 17:11:52,611 [Listener at 127.0.0.1/40769] INFO  server.Server (Server.java:doStart(375)) - jetty-9.4.34.v20201102; built: 2020-11-02T14:15:39.302Z; git: e46af88704a893fc12cb0e3bf46e2c7b48a009e7; jvm 1.8.0_232-b09
2020-11-26 17:11:52,613 [Listener at 127.0.0.1/40769] INFO  server.session (DefaultSessionIdManager.java:doStart(334)) - DefaultSessionIdManager workerName=node0
2020-11-26 17:11:52,613 [Listener at 127.0.0.1/40769] INFO  server.session (DefaultSessionIdManager.java:doStart(339)) - No SessionScavenger set, using defaults
2020-11-26 17:11:52,613 [Listener at 127.0.0.1/40769] INFO  server.session (HouseKeeper.java:startScavenging(132)) - node0 Scavenging every 600000ms
2020-11-26 17:11:52,613 [Listener at 127.0.0.1/40769] INFO  handler.ContextHandler (ContextHandler.java:doStart(916)) - Started o.e.j.s.ServletContextHandler@5aedc1b0{logs,/logs,file:///github/workspace/mnt/ozone/hadoop-ozone/integration-test/target/log,AVAILABLE}
2020-11-26 17:11:52,614 [Listener at 127.0.0.1/40769] INFO  handler.ContextHandler (ContextHandler.java:doStart(916)) - Started o.e.j.s.ServletContextHandler@9981b35{static,/static,jar:file:/home/user/.m2/repository/org/apache/hadoop/hadoop-hdds-container-service/1.1.0-SNAPSHOT/hadoop-hdds-container-service-1.1.0-SNAPSHOT.jar!/webapps/static,AVAILABLE}
2020-11-26 17:11:52,748 [Listener at 127.0.0.1/40769] INFO  handler.ContextHandler (ContextHandler.java:doStart(916)) - Started o.e.j.w.WebAppContext@23598953{hddsDatanode,/,file:///tmp/jetty-0_0_0_0-40675-hadoop-hdds-container-service-1_1_0-SNAPSHOT_jar-_-any-6599586007172407882/webapp/,AVAILABLE}{jar:file:/home/user/.m2/repository/org/apache/hadoop/hadoop-hdds-container-service/1.1.0-SNAPSHOT/hadoop-hdds-container-service-1.1.0-SNAPSHOT.jar!/webapps/hddsDatanode}
2020-11-26 17:11:52,749 [Listener at 127.0.0.1/40769] INFO  server.AbstractConnector (AbstractConnector.java:doStart(331)) - Started ServerConnector@7c34b883{HTTP/1.1, (http/1.1)}{0.0.0.0:40675}
2020-11-26 17:11:52,750 [Listener at 127.0.0.1/40769] INFO  server.Server (Server.java:doStart(415)) - Started @45561ms
2020-11-26 17:11:52,750 [Listener at 127.0.0.1/40769] WARN  impl.MetricsSystemImpl (MetricsSystemImpl.java:register(276)) - Sink prometheus already exists!
2020-11-26 17:11:52,756 [Listener at 127.0.0.1/40769] INFO  http.BaseHttpServer (BaseHttpServer.java:updateConnectorAddress(327)) - HTTP server of hddsDatanode listening at http://0.0.0.0:40675
2020-11-26 17:11:52,756 [Listener at 127.0.0.1/40769] INFO  impl.MetricsSystemImpl (MetricsSystemImpl.java:init(158)) - HddsDatanode metrics system started (again)
2020-11-26 17:11:52,760 [Listener at 127.0.0.1/40769] INFO  ozone.HddsDatanodeService (HddsDatanodeService.java:start(217)) - HddsDatanodeService host:1581e7703e9d ip:172.17.0.2
2020-11-26 17:11:52,761 [Listener at 127.0.0.1/40769] INFO  volume.HddsVolume (HddsVolume.java:<init>(176)) - Creating Volume: /github/workspace/mnt/ozone/hadoop-ozone/integration-test/target/test-dir/MiniOzoneClusterImpl-baac2ffe-e1a6-449a-ab8a-404ec876111f/datanode-1/data-0/containers/hdds of storage type : DISK and capacity : 9223372036854775807
2020-11-26 17:11:52,761 [Listener at 127.0.0.1/40769] INFO  volume.MutableVolumeSet (MutableVolumeSet.java:initializeVolumeSet(179)) - Added Volume : /github/workspace/mnt/ozone/hadoop-ozone/integration-test/target/test-dir/MiniOzoneClusterImpl-baac2ffe-e1a6-449a-ab8a-404ec876111f/datanode-1/data-0/containers/hdds to VolumeSet
2020-11-26 17:11:52,761 [Listener at 127.0.0.1/40769] INFO  volume.ThrottledAsyncChecker (ThrottledAsyncChecker.java:schedule(141)) - Scheduling a check for /github/workspace/mnt/ozone/hadoop-ozone/integration-test/target/test-dir/MiniOzoneClusterImpl-baac2ffe-e1a6-449a-ab8a-404ec876111f/datanode-1/data-0/containers/hdds
2020-11-26 17:11:52,762 [Listener at 127.0.0.1/40769] INFO  volume.HddsVolumeChecker (HddsVolumeChecker.java:checkAllVolumes(200)) - Scheduled health check for volume /github/workspace/mnt/ozone/hadoop-ozone/integration-test/target/test-dir/MiniOzoneClusterImpl-baac2ffe-e1a6-449a-ab8a-404ec876111f/datanode-1/data-0/containers/hdds
2020-11-26 17:11:52,771 [org.apache.hadoop.util.JvmPauseMonitor$Monitor@16f7ac6a] INFO  util.JvmPauseMonitor (JvmPauseMonitor.java:run(188)) - Starting JVM pause monitor
2020-11-26 17:11:52,775 [Datanode State Machine Task Thread - 0] INFO  datanode.InitDatanodeState (InitDatanodeState.java:persistContainerDatanodeDetails(145)) - DatanodeDetails is persisted to /github/workspace/mnt/ozone/hadoop-ozone/integration-test/target/test-dir/MiniOzoneClusterImpl-baac2ffe-e1a6-449a-ab8a-404ec876111f/datanode-0/meta/datanode.id
2020-11-26 17:11:52,775 [Thread-503] INFO  ozoneimpl.ContainerReader (ContainerReader.java:readVolume(123)) - Start to verify containers on volume /github/workspace/mnt/ozone/hadoop-ozone/integration-test/target/test-dir/MiniOzoneClusterImpl-baac2ffe-e1a6-449a-ab8a-404ec876111f/datanode-1/data-0/containers/hdds
2020-11-26 17:11:52,775 [Thread-503] INFO  ozoneimpl.ContainerReader (ContainerReader.java:readVolume(148)) - Finish verifying containers on volume /github/workspace/mnt/ozone/hadoop-ozone/integration-test/target/test-dir/MiniOzoneClusterImpl-baac2ffe-e1a6-449a-ab8a-404ec876111f/datanode-1/data-0/containers/hdds
2020-11-26 17:11:52,775 [Listener at 127.0.0.1/40769] INFO  ozoneimpl.OzoneContainer (OzoneContainer.java:buildContainerSet(194)) - Build ContainerSet costs 0s
2020-11-26 17:11:52,777 [Listener at 127.0.0.1/40769] INFO  impl.RaftServerProxy (ConfUtils.java:logGet(44)) - raft.rpc.type = GRPC (default)
2020-11-26 17:11:52,777 [Listener at 127.0.0.1/40769] INFO  grpc.GrpcFactory (GrpcFactory.java:checkPooledByteBufAllocatorUseCacheForAllThreads(45)) - PERFORMANCE WARNING: useCacheForAllThreads is true that may cause Netty to create a lot garbage objects and, as a result, trigger GC.
	It is recommended to disable useCacheForAllThreads by setting -Dorg.apache.ratis.thirdparty.io.netty.allocator.useCacheForAllThreads=false in command line.
2020-11-26 17:11:52,777 [Listener at 127.0.0.1/40769] INFO  grpc.GrpcConfigKeys (ConfUtils.java:logGet(44)) - raft.grpc.server.port = 0 (default)
2020-11-26 17:11:52,777 [Listener at 127.0.0.1/40769] INFO  server.GrpcService (ConfUtils.java:logGet(44)) - raft.grpc.message.size.max = 32MB (=33554432) (custom)
2020-11-26 17:11:52,778 [Listener at 127.0.0.1/40769] INFO  server.RaftServerConfigKeys (ConfUtils.java:logGet(44)) - raft.server.log.appender.buffer.byte-limit = 33554432 (custom)
2020-11-26 17:11:52,778 [Listener at 127.0.0.1/40769] INFO  server.GrpcService (ConfUtils.java:logGet(44)) - raft.grpc.flow.control.window = 5MB (=5242880) (custom)
2020-11-26 17:11:52,778 [Listener at 127.0.0.1/40769] INFO  server.RaftServerConfigKeys (ConfUtils.java:logGet(44)) - raft.server.rpc.request.timeout = 60s (custom)
2020-11-26 17:11:52,779 [Listener at 127.0.0.1/40769] INFO  impl.DataStreamServerImpl (ConfUtils.java:logGet(44)) - raft.datastream.type = DISABLED (default)
2020-11-26 17:11:52,779 [Listener at 127.0.0.1/40769] INFO  server.RaftServerConfigKeys (ConfUtils.java:logGet(44)) - raft.server.storage.dir = [/github/workspace/mnt/ozone/hadoop-ozone/integration-test/target/test-dir/MiniOzoneClusterImpl-baac2ffe-e1a6-449a-ab8a-404ec876111f/datanode-1/data/ratis] (custom)
2020-11-26 17:11:52,785 [Listener at 127.0.0.1/40769] INFO  http.BaseHttpServer (BaseHttpServer.java:newHttpServer2BuilderForOzone(207)) - Starting Web-server for hddsDatanode at: http://0.0.0.0:0
2020-11-26 17:11:52,785 [Listener at 127.0.0.1/40769] INFO  http.BaseHttpServer (BaseHttpServer.java:<init>(106)) - Hadoop Security Enabled: false Ozone Security Enabled: false Ozone HTTP Security Enabled: false 
2020-11-26 17:11:52,786 [Listener at 127.0.0.1/40769] INFO  server.AuthenticationFilter (AuthenticationFilter.java:constructSecretProvider(240)) - Unable to initialize FileSignerSecretProvider, falling back to use random secrets.
2020-11-26 17:11:52,786 [Listener at 127.0.0.1/40769] WARN  http.HttpRequestLog (HttpRequestLog.java:getRequestLog(103)) - Jetty request log can only be enabled using Log4j
2020-11-26 17:11:52,787 [Listener at 127.0.0.1/40769] INFO  http.HttpServer2 (HttpServer2.java:addGlobalFilter(1019)) - Added global filter 'safety' (class=org.apache.hadoop.hdds.server.http.HttpServer2$QuotingInputFilter)
2020-11-26 17:11:52,787 [Listener at 127.0.0.1/40769] INFO  http.HttpServer2 (HttpServer2.java:addFilter(995)) - Added filter static_user_filter (class=org.apache.hadoop.http.lib.StaticUserWebFilter$StaticUserFilter) to context hddsDatanode
2020-11-26 17:11:52,788 [Listener at 127.0.0.1/40769] INFO  http.HttpServer2 (HttpServer2.java:addFilter(1003)) - Added filter static_user_filter (class=org.apache.hadoop.http.lib.StaticUserWebFilter$StaticUserFilter) to context logs
2020-11-26 17:11:52,788 [Listener at 127.0.0.1/40769] INFO  http.HttpServer2 (HttpServer2.java:addFilter(1003)) - Added filter static_user_filter (class=org.apache.hadoop.http.lib.StaticUserWebFilter$StaticUserFilter) to context static
2020-11-26 17:11:52,788 [Listener at 127.0.0.1/40769] INFO  http.HttpServer2 (HttpServer2.java:bindListener(1237)) - Jetty bound to port 34805
2020-11-26 17:11:52,788 [Listener at 127.0.0.1/40769] INFO  server.Server (Server.java:doStart(375)) - jetty-9.4.34.v20201102; built: 2020-11-02T14:15:39.302Z; git: e46af88704a893fc12cb0e3bf46e2c7b48a009e7; jvm 1.8.0_232-b09
2020-11-26 17:11:52,790 [Listener at 127.0.0.1/40769] INFO  server.session (DefaultSessionIdManager.java:doStart(334)) - DefaultSessionIdManager workerName=node0
2020-11-26 17:11:52,790 [Listener at 127.0.0.1/40769] INFO  server.session (DefaultSessionIdManager.java:doStart(339)) - No SessionScavenger set, using defaults
2020-11-26 17:11:52,790 [Listener at 127.0.0.1/40769] INFO  server.session (HouseKeeper.java:startScavenging(132)) - node0 Scavenging every 660000ms
2020-11-26 17:11:52,791 [Listener at 127.0.0.1/40769] INFO  handler.ContextHandler (ContextHandler.java:doStart(916)) - Started o.e.j.s.ServletContextHandler@69653b3{logs,/logs,file:///github/workspace/mnt/ozone/hadoop-ozone/integration-test/target/log,AVAILABLE}
2020-11-26 17:11:52,791 [Listener at 127.0.0.1/40769] INFO  handler.ContextHandler (ContextHandler.java:doStart(916)) - Started o.e.j.s.ServletContextHandler@68d422e1{static,/static,jar:file:/home/user/.m2/repository/org/apache/hadoop/hadoop-hdds-container-service/1.1.0-SNAPSHOT/hadoop-hdds-container-service-1.1.0-SNAPSHOT.jar!/webapps/static,AVAILABLE}
2020-11-26 17:11:52,929 [Listener at 127.0.0.1/40769] INFO  handler.ContextHandler (ContextHandler.java:doStart(916)) - Started o.e.j.w.WebAppContext@4e9072e6{hddsDatanode,/,file:///tmp/jetty-0_0_0_0-34805-hadoop-hdds-container-service-1_1_0-SNAPSHOT_jar-_-any-3004131711651086180/webapp/,AVAILABLE}{jar:file:/home/user/.m2/repository/org/apache/hadoop/hadoop-hdds-container-service/1.1.0-SNAPSHOT/hadoop-hdds-container-service-1.1.0-SNAPSHOT.jar!/webapps/hddsDatanode}
2020-11-26 17:11:52,931 [Listener at 127.0.0.1/40769] INFO  server.AbstractConnector (AbstractConnector.java:doStart(331)) - Started ServerConnector@51ade918{HTTP/1.1, (http/1.1)}{0.0.0.0:34805}
2020-11-26 17:11:52,931 [Listener at 127.0.0.1/40769] INFO  server.Server (Server.java:doStart(415)) - Started @45742ms
2020-11-26 17:11:52,931 [Listener at 127.0.0.1/40769] WARN  impl.MetricsSystemImpl (MetricsSystemImpl.java:register(276)) - Sink prometheus already exists!
2020-11-26 17:11:52,940 [Listener at 127.0.0.1/40769] INFO  http.BaseHttpServer (BaseHttpServer.java:updateConnectorAddress(327)) - HTTP server of hddsDatanode listening at http://0.0.0.0:34805
2020-11-26 17:11:52,947 [Listener at 127.0.0.1/40769] INFO  impl.MetricsSystemImpl (MetricsSystemImpl.java:init(158)) - HddsDatanode metrics system started (again)
2020-11-26 17:11:52,950 [org.apache.hadoop.util.JvmPauseMonitor$Monitor@dd280e0] INFO  util.JvmPauseMonitor (JvmPauseMonitor.java:run(188)) - Starting JVM pause monitor
2020-11-26 17:11:52,952 [Datanode State Machine Task Thread - 0] INFO  datanode.InitDatanodeState (InitDatanodeState.java:persistContainerDatanodeDetails(145)) - DatanodeDetails is persisted to /github/workspace/mnt/ozone/hadoop-ozone/integration-test/target/test-dir/MiniOzoneClusterImpl-baac2ffe-e1a6-449a-ab8a-404ec876111f/datanode-1/meta/datanode.id
2020-11-26 17:11:52,952 [Listener at 127.0.0.1/40769] INFO  ozone.HddsDatanodeService (HddsDatanodeService.java:start(217)) - HddsDatanodeService host:1581e7703e9d ip:172.17.0.2
2020-11-26 17:11:52,953 [Listener at 127.0.0.1/40769] INFO  volume.HddsVolume (HddsVolume.java:<init>(176)) - Creating Volume: /github/workspace/mnt/ozone/hadoop-ozone/integration-test/target/test-dir/MiniOzoneClusterImpl-baac2ffe-e1a6-449a-ab8a-404ec876111f/datanode-2/data-0/containers/hdds of storage type : DISK and capacity : 9223372036854775807
2020-11-26 17:11:52,954 [Listener at 127.0.0.1/40769] INFO  volume.MutableVolumeSet (MutableVolumeSet.java:initializeVolumeSet(179)) - Added Volume : /github/workspace/mnt/ozone/hadoop-ozone/integration-test/target/test-dir/MiniOzoneClusterImpl-baac2ffe-e1a6-449a-ab8a-404ec876111f/datanode-2/data-0/containers/hdds to VolumeSet
2020-11-26 17:11:52,954 [Listener at 127.0.0.1/40769] INFO  volume.ThrottledAsyncChecker (ThrottledAsyncChecker.java:schedule(141)) - Scheduling a check for /github/workspace/mnt/ozone/hadoop-ozone/integration-test/target/test-dir/MiniOzoneClusterImpl-baac2ffe-e1a6-449a-ab8a-404ec876111f/datanode-2/data-0/containers/hdds
2020-11-26 17:11:52,954 [Listener at 127.0.0.1/40769] INFO  volume.HddsVolumeChecker (HddsVolumeChecker.java:checkAllVolumes(200)) - Scheduled health check for volume /github/workspace/mnt/ozone/hadoop-ozone/integration-test/target/test-dir/MiniOzoneClusterImpl-baac2ffe-e1a6-449a-ab8a-404ec876111f/datanode-2/data-0/containers/hdds
2020-11-26 17:11:52,967 [Thread-514] INFO  ozoneimpl.ContainerReader (ContainerReader.java:readVolume(123)) - Start to verify containers on volume /github/workspace/mnt/ozone/hadoop-ozone/integration-test/target/test-dir/MiniOzoneClusterImpl-baac2ffe-e1a6-449a-ab8a-404ec876111f/datanode-2/data-0/containers/hdds
2020-11-26 17:11:52,968 [Thread-514] INFO  ozoneimpl.ContainerReader (ContainerReader.java:readVolume(148)) - Finish verifying containers on volume /github/workspace/mnt/ozone/hadoop-ozone/integration-test/target/test-dir/MiniOzoneClusterImpl-baac2ffe-e1a6-449a-ab8a-404ec876111f/datanode-2/data-0/containers/hdds
2020-11-26 17:11:52,968 [Listener at 127.0.0.1/40769] INFO  ozoneimpl.OzoneContainer (OzoneContainer.java:buildContainerSet(194)) - Build ContainerSet costs 0s
2020-11-26 17:11:52,969 [Listener at 127.0.0.1/40769] INFO  impl.RaftServerProxy (ConfUtils.java:logGet(44)) - raft.rpc.type = GRPC (default)
2020-11-26 17:11:52,970 [Listener at 127.0.0.1/40769] INFO  grpc.GrpcFactory (GrpcFactory.java:checkPooledByteBufAllocatorUseCacheForAllThreads(45)) - PERFORMANCE WARNING: useCacheForAllThreads is true that may cause Netty to create a lot garbage objects and, as a result, trigger GC.
	It is recommended to disable useCacheForAllThreads by setting -Dorg.apache.ratis.thirdparty.io.netty.allocator.useCacheForAllThreads=false in command line.
2020-11-26 17:11:52,970 [Listener at 127.0.0.1/40769] INFO  grpc.GrpcConfigKeys (ConfUtils.java:logGet(44)) - raft.grpc.server.port = 0 (default)
2020-11-26 17:11:52,970 [Listener at 127.0.0.1/40769] INFO  server.GrpcService (ConfUtils.java:logGet(44)) - raft.grpc.message.size.max = 32MB (=33554432) (custom)
2020-11-26 17:11:52,970 [Listener at 127.0.0.1/40769] INFO  server.RaftServerConfigKeys (ConfUtils.java:logGet(44)) - raft.server.log.appender.buffer.byte-limit = 33554432 (custom)
2020-11-26 17:11:52,970 [Listener at 127.0.0.1/40769] INFO  server.GrpcService (ConfUtils.java:logGet(44)) - raft.grpc.flow.control.window = 5MB (=5242880) (custom)
2020-11-26 17:11:52,970 [Listener at 127.0.0.1/40769] INFO  server.RaftServerConfigKeys (ConfUtils.java:logGet(44)) - raft.server.rpc.request.timeout = 60s (custom)
2020-11-26 17:11:52,971 [Listener at 127.0.0.1/40769] INFO  impl.DataStreamServerImpl (ConfUtils.java:logGet(44)) - raft.datastream.type = DISABLED (default)
2020-11-26 17:11:52,971 [Listener at 127.0.0.1/40769] INFO  server.RaftServerConfigKeys (ConfUtils.java:logGet(44)) - raft.server.storage.dir = [/github/workspace/mnt/ozone/hadoop-ozone/integration-test/target/test-dir/MiniOzoneClusterImpl-baac2ffe-e1a6-449a-ab8a-404ec876111f/datanode-2/data/ratis] (custom)
2020-11-26 17:11:52,977 [Listener at 127.0.0.1/40769] INFO  http.BaseHttpServer (BaseHttpServer.java:newHttpServer2BuilderForOzone(207)) - Starting Web-server for hddsDatanode at: http://0.0.0.0:0
2020-11-26 17:11:52,977 [Listener at 127.0.0.1/40769] INFO  http.BaseHttpServer (BaseHttpServer.java:<init>(106)) - Hadoop Security Enabled: false Ozone Security Enabled: false Ozone HTTP Security Enabled: false 
2020-11-26 17:11:52,978 [Listener at 127.0.0.1/40769] INFO  server.AuthenticationFilter (AuthenticationFilter.java:constructSecretProvider(240)) - Unable to initialize FileSignerSecretProvider, falling back to use random secrets.
2020-11-26 17:11:52,978 [Listener at 127.0.0.1/40769] WARN  http.HttpRequestLog (HttpRequestLog.java:getRequestLog(103)) - Jetty request log can only be enabled using Log4j
2020-11-26 17:11:52,979 [Listener at 127.0.0.1/40769] INFO  http.HttpServer2 (HttpServer2.java:addGlobalFilter(1019)) - Added global filter 'safety' (class=org.apache.hadoop.hdds.server.http.HttpServer2$QuotingInputFilter)
2020-11-26 17:11:52,980 [Listener at 127.0.0.1/40769] INFO  http.HttpServer2 (HttpServer2.java:addFilter(995)) - Added filter static_user_filter (class=org.apache.hadoop.http.lib.StaticUserWebFilter$StaticUserFilter) to context hddsDatanode
2020-11-26 17:11:52,980 [Listener at 127.0.0.1/40769] INFO  http.HttpServer2 (HttpServer2.java:addFilter(1003)) - Added filter static_user_filter (class=org.apache.hadoop.http.lib.StaticUserWebFilter$StaticUserFilter) to context logs
2020-11-26 17:11:52,980 [Listener at 127.0.0.1/40769] INFO  http.HttpServer2 (HttpServer2.java:addFilter(1003)) - Added filter static_user_filter (class=org.apache.hadoop.http.lib.StaticUserWebFilter$StaticUserFilter) to context static
2020-11-26 17:11:52,980 [Listener at 127.0.0.1/40769] INFO  http.HttpServer2 (HttpServer2.java:bindListener(1237)) - Jetty bound to port 43553
2020-11-26 17:11:52,981 [Listener at 127.0.0.1/40769] INFO  server.Server (Server.java:doStart(375)) - jetty-9.4.34.v20201102; built: 2020-11-02T14:15:39.302Z; git: e46af88704a893fc12cb0e3bf46e2c7b48a009e7; jvm 1.8.0_232-b09
2020-11-26 17:11:52,982 [Listener at 127.0.0.1/40769] INFO  server.session (DefaultSessionIdManager.java:doStart(334)) - DefaultSessionIdManager workerName=node0
2020-11-26 17:11:52,982 [Listener at 127.0.0.1/40769] INFO  server.session (DefaultSessionIdManager.java:doStart(339)) - No SessionScavenger set, using defaults
2020-11-26 17:11:52,982 [Listener at 127.0.0.1/40769] INFO  server.session (HouseKeeper.java:startScavenging(132)) - node0 Scavenging every 660000ms
2020-11-26 17:11:52,983 [Listener at 127.0.0.1/40769] INFO  handler.ContextHandler (ContextHandler.java:doStart(916)) - Started o.e.j.s.ServletContextHandler@22aaf00f{logs,/logs,file:///github/workspace/mnt/ozone/hadoop-ozone/integration-test/target/log,AVAILABLE}
2020-11-26 17:11:52,983 [Listener at 127.0.0.1/40769] INFO  handler.ContextHandler (ContextHandler.java:doStart(916)) - Started o.e.j.s.ServletContextHandler@544c1e51{static,/static,jar:file:/home/user/.m2/repository/org/apache/hadoop/hadoop-hdds-container-service/1.1.0-SNAPSHOT/hadoop-hdds-container-service-1.1.0-SNAPSHOT.jar!/webapps/static,AVAILABLE}
2020-11-26 17:11:53,128 [Listener at 127.0.0.1/40769] INFO  handler.ContextHandler (ContextHandler.java:doStart(916)) - Started o.e.j.w.WebAppContext@7505d237{hddsDatanode,/,file:///tmp/jetty-0_0_0_0-43553-hadoop-hdds-container-service-1_1_0-SNAPSHOT_jar-_-any-4472377692337927613/webapp/,AVAILABLE}{jar:file:/home/user/.m2/repository/org/apache/hadoop/hadoop-hdds-container-service/1.1.0-SNAPSHOT/hadoop-hdds-container-service-1.1.0-SNAPSHOT.jar!/webapps/hddsDatanode}
2020-11-26 17:11:53,130 [Listener at 127.0.0.1/40769] INFO  server.AbstractConnector (AbstractConnector.java:doStart(331)) - Started ServerConnector@5c1c9dd9{HTTP/1.1, (http/1.1)}{0.0.0.0:43553}
2020-11-26 17:11:53,130 [Listener at 127.0.0.1/40769] INFO  server.Server (Server.java:doStart(415)) - Started @45941ms
2020-11-26 17:11:53,130 [Listener at 127.0.0.1/40769] WARN  impl.MetricsSystemImpl (MetricsSystemImpl.java:register(276)) - Sink prometheus already exists!
2020-11-26 17:11:53,258 [Listener at 127.0.0.1/40769] INFO  http.BaseHttpServer (BaseHttpServer.java:updateConnectorAddress(327)) - HTTP server of hddsDatanode listening at http://0.0.0.0:43553
2020-11-26 17:11:53,259 [Listener at 127.0.0.1/40769] INFO  impl.MetricsSystemImpl (MetricsSystemImpl.java:init(158)) - HddsDatanode metrics system started (again)
2020-11-26 17:11:53,261 [Listener at 127.0.0.1/40769] INFO  ozone.HddsDatanodeService (HddsDatanodeService.java:start(217)) - HddsDatanodeService host:1581e7703e9d ip:172.17.0.2
2020-11-26 17:11:53,262 [Listener at 127.0.0.1/40769] INFO  volume.HddsVolume (HddsVolume.java:<init>(176)) - Creating Volume: /github/workspace/mnt/ozone/hadoop-ozone/integration-test/target/test-dir/MiniOzoneClusterImpl-baac2ffe-e1a6-449a-ab8a-404ec876111f/datanode-3/data-0/containers/hdds of storage type : DISK and capacity : 9223372036854775807
2020-11-26 17:11:53,263 [Listener at 127.0.0.1/40769] INFO  volume.MutableVolumeSet (MutableVolumeSet.java:initializeVolumeSet(179)) - Added Volume : /github/workspace/mnt/ozone/hadoop-ozone/integration-test/target/test-dir/MiniOzoneClusterImpl-baac2ffe-e1a6-449a-ab8a-404ec876111f/datanode-3/data-0/containers/hdds to VolumeSet
2020-11-26 17:11:53,263 [Listener at 127.0.0.1/40769] INFO  volume.ThrottledAsyncChecker (ThrottledAsyncChecker.java:schedule(141)) - Scheduling a check for /github/workspace/mnt/ozone/hadoop-ozone/integration-test/target/test-dir/MiniOzoneClusterImpl-baac2ffe-e1a6-449a-ab8a-404ec876111f/datanode-3/data-0/containers/hdds
2020-11-26 17:11:53,264 [Listener at 127.0.0.1/40769] INFO  volume.HddsVolumeChecker (HddsVolumeChecker.java:checkAllVolumes(200)) - Scheduled health check for volume /github/workspace/mnt/ozone/hadoop-ozone/integration-test/target/test-dir/MiniOzoneClusterImpl-baac2ffe-e1a6-449a-ab8a-404ec876111f/datanode-3/data-0/containers/hdds
2020-11-26 17:11:53,282 [org.apache.hadoop.util.JvmPauseMonitor$Monitor@13f556be] INFO  util.JvmPauseMonitor (JvmPauseMonitor.java:run(188)) - Starting JVM pause monitor
2020-11-26 17:11:53,284 [Datanode State Machine Task Thread - 0] INFO  datanode.InitDatanodeState (InitDatanodeState.java:persistContainerDatanodeDetails(145)) - DatanodeDetails is persisted to /github/workspace/mnt/ozone/hadoop-ozone/integration-test/target/test-dir/MiniOzoneClusterImpl-baac2ffe-e1a6-449a-ab8a-404ec876111f/datanode-2/meta/datanode.id
2020-11-26 17:11:53,298 [Thread-525] INFO  ozoneimpl.ContainerReader (ContainerReader.java:readVolume(123)) - Start to verify containers on volume /github/workspace/mnt/ozone/hadoop-ozone/integration-test/target/test-dir/MiniOzoneClusterImpl-baac2ffe-e1a6-449a-ab8a-404ec876111f/datanode-3/data-0/containers/hdds
2020-11-26 17:11:53,298 [Thread-525] INFO  ozoneimpl.ContainerReader (ContainerReader.java:readVolume(148)) - Finish verifying containers on volume /github/workspace/mnt/ozone/hadoop-ozone/integration-test/target/test-dir/MiniOzoneClusterImpl-baac2ffe-e1a6-449a-ab8a-404ec876111f/datanode-3/data-0/containers/hdds
2020-11-26 17:11:53,298 [Listener at 127.0.0.1/40769] INFO  ozoneimpl.OzoneContainer (OzoneContainer.java:buildContainerSet(194)) - Build ContainerSet costs 0s
2020-11-26 17:11:53,300 [Listener at 127.0.0.1/40769] INFO  impl.RaftServerProxy (ConfUtils.java:logGet(44)) - raft.rpc.type = GRPC (default)
2020-11-26 17:11:53,300 [Listener at 127.0.0.1/40769] INFO  grpc.GrpcFactory (GrpcFactory.java:checkPooledByteBufAllocatorUseCacheForAllThreads(45)) - PERFORMANCE WARNING: useCacheForAllThreads is true that may cause Netty to create a lot garbage objects and, as a result, trigger GC.
	It is recommended to disable useCacheForAllThreads by setting -Dorg.apache.ratis.thirdparty.io.netty.allocator.useCacheForAllThreads=false in command line.
2020-11-26 17:11:53,300 [Listener at 127.0.0.1/40769] INFO  grpc.GrpcConfigKeys (ConfUtils.java:logGet(44)) - raft.grpc.server.port = 0 (default)
2020-11-26 17:11:53,300 [Listener at 127.0.0.1/40769] INFO  server.GrpcService (ConfUtils.java:logGet(44)) - raft.grpc.message.size.max = 32MB (=33554432) (custom)
2020-11-26 17:11:53,300 [Listener at 127.0.0.1/40769] INFO  server.RaftServerConfigKeys (ConfUtils.java:logGet(44)) - raft.server.log.appender.buffer.byte-limit = 33554432 (custom)
2020-11-26 17:11:53,301 [Listener at 127.0.0.1/40769] INFO  server.GrpcService (ConfUtils.java:logGet(44)) - raft.grpc.flow.control.window = 5MB (=5242880) (custom)
2020-11-26 17:11:53,301 [Listener at 127.0.0.1/40769] INFO  server.RaftServerConfigKeys (ConfUtils.java:logGet(44)) - raft.server.rpc.request.timeout = 60s (custom)
2020-11-26 17:11:53,302 [Listener at 127.0.0.1/40769] INFO  impl.DataStreamServerImpl (ConfUtils.java:logGet(44)) - raft.datastream.type = DISABLED (default)
2020-11-26 17:11:53,302 [Listener at 127.0.0.1/40769] INFO  server.RaftServerConfigKeys (ConfUtils.java:logGet(44)) - raft.server.storage.dir = [/github/workspace/mnt/ozone/hadoop-ozone/integration-test/target/test-dir/MiniOzoneClusterImpl-baac2ffe-e1a6-449a-ab8a-404ec876111f/datanode-3/data/ratis] (custom)
2020-11-26 17:11:53,312 [Listener at 127.0.0.1/40769] INFO  http.BaseHttpServer (BaseHttpServer.java:newHttpServer2BuilderForOzone(207)) - Starting Web-server for hddsDatanode at: http://0.0.0.0:0
2020-11-26 17:11:53,312 [Listener at 127.0.0.1/40769] INFO  http.BaseHttpServer (BaseHttpServer.java:<init>(106)) - Hadoop Security Enabled: false Ozone Security Enabled: false Ozone HTTP Security Enabled: false 
2020-11-26 17:11:53,313 [Listener at 127.0.0.1/40769] INFO  server.AuthenticationFilter (AuthenticationFilter.java:constructSecretProvider(240)) - Unable to initialize FileSignerSecretProvider, falling back to use random secrets.
2020-11-26 17:11:53,314 [Listener at 127.0.0.1/40769] WARN  http.HttpRequestLog (HttpRequestLog.java:getRequestLog(103)) - Jetty request log can only be enabled using Log4j
2020-11-26 17:11:53,314 [Listener at 127.0.0.1/40769] INFO  http.HttpServer2 (HttpServer2.java:addGlobalFilter(1019)) - Added global filter 'safety' (class=org.apache.hadoop.hdds.server.http.HttpServer2$QuotingInputFilter)
2020-11-26 17:11:53,315 [Listener at 127.0.0.1/40769] INFO  http.HttpServer2 (HttpServer2.java:addFilter(995)) - Added filter static_user_filter (class=org.apache.hadoop.http.lib.StaticUserWebFilter$StaticUserFilter) to context hddsDatanode
2020-11-26 17:11:53,315 [Listener at 127.0.0.1/40769] INFO  http.HttpServer2 (HttpServer2.java:addFilter(1003)) - Added filter static_user_filter (class=org.apache.hadoop.http.lib.StaticUserWebFilter$StaticUserFilter) to context static
2020-11-26 17:11:53,315 [Listener at 127.0.0.1/40769] INFO  http.HttpServer2 (HttpServer2.java:addFilter(1003)) - Added filter static_user_filter (class=org.apache.hadoop.http.lib.StaticUserWebFilter$StaticUserFilter) to context logs
2020-11-26 17:11:53,315 [Listener at 127.0.0.1/40769] INFO  http.HttpServer2 (HttpServer2.java:bindListener(1237)) - Jetty bound to port 40197
2020-11-26 17:11:53,315 [Listener at 127.0.0.1/40769] INFO  server.Server (Server.java:doStart(375)) - jetty-9.4.34.v20201102; built: 2020-11-02T14:15:39.302Z; git: e46af88704a893fc12cb0e3bf46e2c7b48a009e7; jvm 1.8.0_232-b09
2020-11-26 17:11:53,323 [Listener at 127.0.0.1/40769] INFO  server.session (DefaultSessionIdManager.java:doStart(334)) - DefaultSessionIdManager workerName=node0
2020-11-26 17:11:53,324 [Listener at 127.0.0.1/40769] INFO  server.session (DefaultSessionIdManager.java:doStart(339)) - No SessionScavenger set, using defaults
2020-11-26 17:11:53,324 [Listener at 127.0.0.1/40769] INFO  server.session (HouseKeeper.java:startScavenging(132)) - node0 Scavenging every 660000ms
2020-11-26 17:11:53,325 [Listener at 127.0.0.1/40769] INFO  handler.ContextHandler (ContextHandler.java:doStart(916)) - Started o.e.j.s.ServletContextHandler@64a577c0{logs,/logs,file:///github/workspace/mnt/ozone/hadoop-ozone/integration-test/target/log,AVAILABLE}
2020-11-26 17:11:53,325 [Listener at 127.0.0.1/40769] INFO  handler.ContextHandler (ContextHandler.java:doStart(916)) - Started o.e.j.s.ServletContextHandler@7e87eee7{static,/static,jar:file:/home/user/.m2/repository/org/apache/hadoop/hadoop-hdds-container-service/1.1.0-SNAPSHOT/hadoop-hdds-container-service-1.1.0-SNAPSHOT.jar!/webapps/static,AVAILABLE}
2020-11-26 17:11:53,473 [Listener at 127.0.0.1/40769] INFO  handler.ContextHandler (ContextHandler.java:doStart(916)) - Started o.e.j.w.WebAppContext@6c680eac{hddsDatanode,/,file:///tmp/jetty-0_0_0_0-40197-hadoop-hdds-container-service-1_1_0-SNAPSHOT_jar-_-any-3440941935479696462/webapp/,AVAILABLE}{jar:file:/home/user/.m2/repository/org/apache/hadoop/hadoop-hdds-container-service/1.1.0-SNAPSHOT/hadoop-hdds-container-service-1.1.0-SNAPSHOT.jar!/webapps/hddsDatanode}
2020-11-26 17:11:53,474 [Listener at 127.0.0.1/40769] INFO  server.AbstractConnector (AbstractConnector.java:doStart(331)) - Started ServerConnector@2ea58e92{HTTP/1.1, (http/1.1)}{0.0.0.0:40197}
2020-11-26 17:11:53,475 [Listener at 127.0.0.1/40769] INFO  server.Server (Server.java:doStart(415)) - Started @46286ms
2020-11-26 17:11:53,475 [Listener at 127.0.0.1/40769] WARN  impl.MetricsSystemImpl (MetricsSystemImpl.java:register(276)) - Sink prometheus already exists!
2020-11-26 17:11:53,483 [Listener at 127.0.0.1/40769] INFO  http.BaseHttpServer (BaseHttpServer.java:updateConnectorAddress(327)) - HTTP server of hddsDatanode listening at http://0.0.0.0:40197
2020-11-26 17:11:53,486 [Listener at 127.0.0.1/40769] INFO  impl.MetricsSystemImpl (MetricsSystemImpl.java:init(158)) - HddsDatanode metrics system started (again)
2020-11-26 17:11:53,511 [Listener at 127.0.0.1/40769] INFO  ozone.HddsDatanodeService (HddsDatanodeService.java:start(217)) - HddsDatanodeService host:1581e7703e9d ip:172.17.0.2
2020-11-26 17:11:53,515 [org.apache.hadoop.util.JvmPauseMonitor$Monitor@4a410f5f] INFO  util.JvmPauseMonitor (JvmPauseMonitor.java:run(188)) - Starting JVM pause monitor
2020-11-26 17:11:53,520 [Datanode State Machine Task Thread - 0] INFO  datanode.InitDatanodeState (InitDatanodeState.java:persistContainerDatanodeDetails(145)) - DatanodeDetails is persisted to /github/workspace/mnt/ozone/hadoop-ozone/integration-test/target/test-dir/MiniOzoneClusterImpl-baac2ffe-e1a6-449a-ab8a-404ec876111f/datanode-3/meta/datanode.id
2020-11-26 17:11:53,523 [Listener at 127.0.0.1/40769] INFO  volume.HddsVolume (HddsVolume.java:<init>(176)) - Creating Volume: /github/workspace/mnt/ozone/hadoop-ozone/integration-test/target/test-dir/MiniOzoneClusterImpl-baac2ffe-e1a6-449a-ab8a-404ec876111f/datanode-4/data-0/containers/hdds of storage type : DISK and capacity : 9223372036854775807
2020-11-26 17:11:53,523 [Listener at 127.0.0.1/40769] INFO  volume.MutableVolumeSet (MutableVolumeSet.java:initializeVolumeSet(179)) - Added Volume : /github/workspace/mnt/ozone/hadoop-ozone/integration-test/target/test-dir/MiniOzoneClusterImpl-baac2ffe-e1a6-449a-ab8a-404ec876111f/datanode-4/data-0/containers/hdds to VolumeSet
2020-11-26 17:11:53,523 [Listener at 127.0.0.1/40769] INFO  volume.ThrottledAsyncChecker (ThrottledAsyncChecker.java:schedule(141)) - Scheduling a check for /github/workspace/mnt/ozone/hadoop-ozone/integration-test/target/test-dir/MiniOzoneClusterImpl-baac2ffe-e1a6-449a-ab8a-404ec876111f/datanode-4/data-0/containers/hdds
2020-11-26 17:11:53,529 [Listener at 127.0.0.1/40769] INFO  volume.HddsVolumeChecker (HddsVolumeChecker.java:checkAllVolumes(200)) - Scheduled health check for volume /github/workspace/mnt/ozone/hadoop-ozone/integration-test/target/test-dir/MiniOzoneClusterImpl-baac2ffe-e1a6-449a-ab8a-404ec876111f/datanode-4/data-0/containers/hdds
2020-11-26 17:11:53,551 [Thread-536] INFO  ozoneimpl.ContainerReader (ContainerReader.java:readVolume(123)) - Start to verify containers on volume /github/workspace/mnt/ozone/hadoop-ozone/integration-test/target/test-dir/MiniOzoneClusterImpl-baac2ffe-e1a6-449a-ab8a-404ec876111f/datanode-4/data-0/containers/hdds
2020-11-26 17:11:53,551 [Thread-536] INFO  ozoneimpl.ContainerReader (ContainerReader.java:readVolume(148)) - Finish verifying containers on volume /github/workspace/mnt/ozone/hadoop-ozone/integration-test/target/test-dir/MiniOzoneClusterImpl-baac2ffe-e1a6-449a-ab8a-404ec876111f/datanode-4/data-0/containers/hdds
2020-11-26 17:11:53,551 [Listener at 127.0.0.1/40769] INFO  ozoneimpl.OzoneContainer (OzoneContainer.java:buildContainerSet(194)) - Build ContainerSet costs 0s
2020-11-26 17:11:53,553 [Listener at 127.0.0.1/40769] INFO  impl.RaftServerProxy (ConfUtils.java:logGet(44)) - raft.rpc.type = GRPC (default)
2020-11-26 17:11:53,553 [Listener at 127.0.0.1/40769] INFO  grpc.GrpcFactory (GrpcFactory.java:checkPooledByteBufAllocatorUseCacheForAllThreads(45)) - PERFORMANCE WARNING: useCacheForAllThreads is true that may cause Netty to create a lot garbage objects and, as a result, trigger GC.
	It is recommended to disable useCacheForAllThreads by setting -Dorg.apache.ratis.thirdparty.io.netty.allocator.useCacheForAllThreads=false in command line.
2020-11-26 17:11:53,553 [Listener at 127.0.0.1/40769] INFO  grpc.GrpcConfigKeys (ConfUtils.java:logGet(44)) - raft.grpc.server.port = 0 (default)
2020-11-26 17:11:53,553 [Listener at 127.0.0.1/40769] INFO  server.GrpcService (ConfUtils.java:logGet(44)) - raft.grpc.message.size.max = 32MB (=33554432) (custom)
2020-11-26 17:11:53,553 [Listener at 127.0.0.1/40769] INFO  server.RaftServerConfigKeys (ConfUtils.java:logGet(44)) - raft.server.log.appender.buffer.byte-limit = 33554432 (custom)
2020-11-26 17:11:53,553 [Listener at 127.0.0.1/40769] INFO  server.GrpcService (ConfUtils.java:logGet(44)) - raft.grpc.flow.control.window = 5MB (=5242880) (custom)
2020-11-26 17:11:53,553 [Listener at 127.0.0.1/40769] INFO  server.RaftServerConfigKeys (ConfUtils.java:logGet(44)) - raft.server.rpc.request.timeout = 60s (custom)
2020-11-26 17:11:53,554 [Listener at 127.0.0.1/40769] INFO  impl.DataStreamServerImpl (ConfUtils.java:logGet(44)) - raft.datastream.type = DISABLED (default)
2020-11-26 17:11:53,554 [Listener at 127.0.0.1/40769] INFO  server.RaftServerConfigKeys (ConfUtils.java:logGet(44)) - raft.server.storage.dir = [/github/workspace/mnt/ozone/hadoop-ozone/integration-test/target/test-dir/MiniOzoneClusterImpl-baac2ffe-e1a6-449a-ab8a-404ec876111f/datanode-4/data/ratis] (custom)
2020-11-26 17:11:53,566 [Listener at 127.0.0.1/40769] INFO  http.BaseHttpServer (BaseHttpServer.java:newHttpServer2BuilderForOzone(207)) - Starting Web-server for hddsDatanode at: http://0.0.0.0:0
2020-11-26 17:11:53,566 [Listener at 127.0.0.1/40769] INFO  http.BaseHttpServer (BaseHttpServer.java:<init>(106)) - Hadoop Security Enabled: false Ozone Security Enabled: false Ozone HTTP Security Enabled: false 
2020-11-26 17:11:53,568 [Listener at 127.0.0.1/40769] INFO  server.AuthenticationFilter (AuthenticationFilter.java:constructSecretProvider(240)) - Unable to initialize FileSignerSecretProvider, falling back to use random secrets.
2020-11-26 17:11:53,568 [Listener at 127.0.0.1/40769] WARN  http.HttpRequestLog (HttpRequestLog.java:getRequestLog(103)) - Jetty request log can only be enabled using Log4j
2020-11-26 17:11:53,569 [Listener at 127.0.0.1/40769] INFO  http.HttpServer2 (HttpServer2.java:addGlobalFilter(1019)) - Added global filter 'safety' (class=org.apache.hadoop.hdds.server.http.HttpServer2$QuotingInputFilter)
2020-11-26 17:11:53,570 [Listener at 127.0.0.1/40769] INFO  http.HttpServer2 (HttpServer2.java:addFilter(995)) - Added filter static_user_filter (class=org.apache.hadoop.http.lib.StaticUserWebFilter$StaticUserFilter) to context hddsDatanode
2020-11-26 17:11:53,570 [Listener at 127.0.0.1/40769] INFO  http.HttpServer2 (HttpServer2.java:addFilter(1003)) - Added filter static_user_filter (class=org.apache.hadoop.http.lib.StaticUserWebFilter$StaticUserFilter) to context logs
2020-11-26 17:11:53,570 [Listener at 127.0.0.1/40769] INFO  http.HttpServer2 (HttpServer2.java:addFilter(1003)) - Added filter static_user_filter (class=org.apache.hadoop.http.lib.StaticUserWebFilter$StaticUserFilter) to context static
2020-11-26 17:11:53,571 [Listener at 127.0.0.1/40769] INFO  http.HttpServer2 (HttpServer2.java:bindListener(1237)) - Jetty bound to port 37597
2020-11-26 17:11:53,571 [Listener at 127.0.0.1/40769] INFO  server.Server (Server.java:doStart(375)) - jetty-9.4.34.v20201102; built: 2020-11-02T14:15:39.302Z; git: e46af88704a893fc12cb0e3bf46e2c7b48a009e7; jvm 1.8.0_232-b09
2020-11-26 17:11:53,572 [Listener at 127.0.0.1/40769] INFO  server.session (DefaultSessionIdManager.java:doStart(334)) - DefaultSessionIdManager workerName=node0
2020-11-26 17:11:53,572 [Listener at 127.0.0.1/40769] INFO  server.session (DefaultSessionIdManager.java:doStart(339)) - No SessionScavenger set, using defaults
2020-11-26 17:11:53,572 [Listener at 127.0.0.1/40769] INFO  server.session (HouseKeeper.java:startScavenging(132)) - node0 Scavenging every 660000ms
2020-11-26 17:11:53,574 [Listener at 127.0.0.1/40769] INFO  handler.ContextHandler (ContextHandler.java:doStart(916)) - Started o.e.j.s.ServletContextHandler@2059e162{logs,/logs,file:///github/workspace/mnt/ozone/hadoop-ozone/integration-test/target/log,AVAILABLE}
2020-11-26 17:11:53,574 [Listener at 127.0.0.1/40769] INFO  handler.ContextHandler (ContextHandler.java:doStart(916)) - Started o.e.j.s.ServletContextHandler@b1cf777{static,/static,jar:file:/home/user/.m2/repository/org/apache/hadoop/hadoop-hdds-container-service/1.1.0-SNAPSHOT/hadoop-hdds-container-service-1.1.0-SNAPSHOT.jar!/webapps/static,AVAILABLE}
2020-11-26 17:11:53,709 [Listener at 127.0.0.1/40769] INFO  handler.ContextHandler (ContextHandler.java:doStart(916)) - Started o.e.j.w.WebAppContext@16cd9f1{hddsDatanode,/,file:///tmp/jetty-0_0_0_0-37597-hadoop-hdds-container-service-1_1_0-SNAPSHOT_jar-_-any-1502161289442817122/webapp/,AVAILABLE}{jar:file:/home/user/.m2/repository/org/apache/hadoop/hadoop-hdds-container-service/1.1.0-SNAPSHOT/hadoop-hdds-container-service-1.1.0-SNAPSHOT.jar!/webapps/hddsDatanode}
2020-11-26 17:11:53,710 [Listener at 127.0.0.1/40769] INFO  server.AbstractConnector (AbstractConnector.java:doStart(331)) - Started ServerConnector@393328be{HTTP/1.1, (http/1.1)}{0.0.0.0:37597}
2020-11-26 17:11:53,710 [Listener at 127.0.0.1/40769] INFO  server.Server (Server.java:doStart(415)) - Started @46522ms
2020-11-26 17:11:53,711 [Listener at 127.0.0.1/40769] WARN  impl.MetricsSystemImpl (MetricsSystemImpl.java:register(276)) - Sink prometheus already exists!
2020-11-26 17:11:53,718 [Listener at 127.0.0.1/40769] INFO  http.BaseHttpServer (BaseHttpServer.java:updateConnectorAddress(327)) - HTTP server of hddsDatanode listening at http://0.0.0.0:37597
2020-11-26 17:11:53,724 [Listener at 127.0.0.1/40769] INFO  impl.MetricsSystemImpl (MetricsSystemImpl.java:init(158)) - HddsDatanode metrics system started (again)
2020-11-26 17:11:53,726 [Listener at 127.0.0.1/40769] INFO  ozone.HddsDatanodeService (HddsDatanodeService.java:start(217)) - HddsDatanodeService host:1581e7703e9d ip:172.17.0.2
2020-11-26 17:11:53,727 [org.apache.hadoop.util.JvmPauseMonitor$Monitor@64db9a19] INFO  util.JvmPauseMonitor (JvmPauseMonitor.java:run(188)) - Starting JVM pause monitor
2020-11-26 17:11:53,728 [Listener at 127.0.0.1/40769] INFO  volume.HddsVolume (HddsVolume.java:<init>(176)) - Creating Volume: /github/workspace/mnt/ozone/hadoop-ozone/integration-test/target/test-dir/MiniOzoneClusterImpl-baac2ffe-e1a6-449a-ab8a-404ec876111f/datanode-5/data-0/containers/hdds of storage type : DISK and capacity : 9223372036854775807
2020-11-26 17:11:53,728 [Listener at 127.0.0.1/40769] INFO  volume.MutableVolumeSet (MutableVolumeSet.java:initializeVolumeSet(179)) - Added Volume : /github/workspace/mnt/ozone/hadoop-ozone/integration-test/target/test-dir/MiniOzoneClusterImpl-baac2ffe-e1a6-449a-ab8a-404ec876111f/datanode-5/data-0/containers/hdds to VolumeSet
2020-11-26 17:11:53,728 [Listener at 127.0.0.1/40769] INFO  volume.ThrottledAsyncChecker (ThrottledAsyncChecker.java:schedule(141)) - Scheduling a check for /github/workspace/mnt/ozone/hadoop-ozone/integration-test/target/test-dir/MiniOzoneClusterImpl-baac2ffe-e1a6-449a-ab8a-404ec876111f/datanode-5/data-0/containers/hdds
2020-11-26 17:11:53,731 [Datanode State Machine Task Thread - 0] INFO  datanode.InitDatanodeState (InitDatanodeState.java:persistContainerDatanodeDetails(145)) - DatanodeDetails is persisted to /github/workspace/mnt/ozone/hadoop-ozone/integration-test/target/test-dir/MiniOzoneClusterImpl-baac2ffe-e1a6-449a-ab8a-404ec876111f/datanode-4/meta/datanode.id
2020-11-26 17:11:53,731 [Listener at 127.0.0.1/40769] INFO  volume.HddsVolumeChecker (HddsVolumeChecker.java:checkAllVolumes(200)) - Scheduled health check for volume /github/workspace/mnt/ozone/hadoop-ozone/integration-test/target/test-dir/MiniOzoneClusterImpl-baac2ffe-e1a6-449a-ab8a-404ec876111f/datanode-5/data-0/containers/hdds
2020-11-26 17:11:53,746 [Thread-547] INFO  ozoneimpl.ContainerReader (ContainerReader.java:readVolume(123)) - Start to verify containers on volume /github/workspace/mnt/ozone/hadoop-ozone/integration-test/target/test-dir/MiniOzoneClusterImpl-baac2ffe-e1a6-449a-ab8a-404ec876111f/datanode-5/data-0/containers/hdds
2020-11-26 17:11:53,746 [Thread-547] INFO  ozoneimpl.ContainerReader (ContainerReader.java:readVolume(148)) - Finish verifying containers on volume /github/workspace/mnt/ozone/hadoop-ozone/integration-test/target/test-dir/MiniOzoneClusterImpl-baac2ffe-e1a6-449a-ab8a-404ec876111f/datanode-5/data-0/containers/hdds
2020-11-26 17:11:53,746 [Listener at 127.0.0.1/40769] INFO  ozoneimpl.OzoneContainer (OzoneContainer.java:buildContainerSet(194)) - Build ContainerSet costs 0s
2020-11-26 17:11:53,748 [Listener at 127.0.0.1/40769] INFO  impl.RaftServerProxy (ConfUtils.java:logGet(44)) - raft.rpc.type = GRPC (default)
2020-11-26 17:11:53,748 [Listener at 127.0.0.1/40769] INFO  grpc.GrpcFactory (GrpcFactory.java:checkPooledByteBufAllocatorUseCacheForAllThreads(45)) - PERFORMANCE WARNING: useCacheForAllThreads is true that may cause Netty to create a lot garbage objects and, as a result, trigger GC.
	It is recommended to disable useCacheForAllThreads by setting -Dorg.apache.ratis.thirdparty.io.netty.allocator.useCacheForAllThreads=false in command line.
2020-11-26 17:11:53,748 [Listener at 127.0.0.1/40769] INFO  grpc.GrpcConfigKeys (ConfUtils.java:logGet(44)) - raft.grpc.server.port = 0 (default)
2020-11-26 17:11:53,748 [Listener at 127.0.0.1/40769] INFO  server.GrpcService (ConfUtils.java:logGet(44)) - raft.grpc.message.size.max = 32MB (=33554432) (custom)
2020-11-26 17:11:53,748 [Listener at 127.0.0.1/40769] INFO  server.RaftServerConfigKeys (ConfUtils.java:logGet(44)) - raft.server.log.appender.buffer.byte-limit = 33554432 (custom)
2020-11-26 17:11:53,748 [Listener at 127.0.0.1/40769] INFO  server.GrpcService (ConfUtils.java:logGet(44)) - raft.grpc.flow.control.window = 5MB (=5242880) (custom)
2020-11-26 17:11:53,748 [Listener at 127.0.0.1/40769] INFO  server.RaftServerConfigKeys (ConfUtils.java:logGet(44)) - raft.server.rpc.request.timeout = 60s (custom)
2020-11-26 17:11:53,749 [Listener at 127.0.0.1/40769] INFO  impl.DataStreamServerImpl (ConfUtils.java:logGet(44)) - raft.datastream.type = DISABLED (default)
2020-11-26 17:11:53,749 [Listener at 127.0.0.1/40769] INFO  server.RaftServerConfigKeys (ConfUtils.java:logGet(44)) - raft.server.storage.dir = [/github/workspace/mnt/ozone/hadoop-ozone/integration-test/target/test-dir/MiniOzoneClusterImpl-baac2ffe-e1a6-449a-ab8a-404ec876111f/datanode-5/data/ratis] (custom)
2020-11-26 17:11:53,755 [Listener at 127.0.0.1/40769] INFO  http.BaseHttpServer (BaseHttpServer.java:newHttpServer2BuilderForOzone(207)) - Starting Web-server for hddsDatanode at: http://0.0.0.0:0
2020-11-26 17:11:53,755 [Listener at 127.0.0.1/40769] INFO  http.BaseHttpServer (BaseHttpServer.java:<init>(106)) - Hadoop Security Enabled: false Ozone Security Enabled: false Ozone HTTP Security Enabled: false 
2020-11-26 17:11:53,756 [Listener at 127.0.0.1/40769] INFO  server.AuthenticationFilter (AuthenticationFilter.java:constructSecretProvider(240)) - Unable to initialize FileSignerSecretProvider, falling back to use random secrets.
2020-11-26 17:11:53,756 [Listener at 127.0.0.1/40769] WARN  http.HttpRequestLog (HttpRequestLog.java:getRequestLog(103)) - Jetty request log can only be enabled using Log4j
2020-11-26 17:11:53,757 [Listener at 127.0.0.1/40769] INFO  http.HttpServer2 (HttpServer2.java:addGlobalFilter(1019)) - Added global filter 'safety' (class=org.apache.hadoop.hdds.server.http.HttpServer2$QuotingInputFilter)
2020-11-26 17:11:53,757 [Listener at 127.0.0.1/40769] INFO  http.HttpServer2 (HttpServer2.java:addFilter(995)) - Added filter static_user_filter (class=org.apache.hadoop.http.lib.StaticUserWebFilter$StaticUserFilter) to context hddsDatanode
2020-11-26 17:11:53,758 [Listener at 127.0.0.1/40769] INFO  http.HttpServer2 (HttpServer2.java:addFilter(1003)) - Added filter static_user_filter (class=org.apache.hadoop.http.lib.StaticUserWebFilter$StaticUserFilter) to context logs
2020-11-26 17:11:53,758 [Listener at 127.0.0.1/40769] INFO  http.HttpServer2 (HttpServer2.java:addFilter(1003)) - Added filter static_user_filter (class=org.apache.hadoop.http.lib.StaticUserWebFilter$StaticUserFilter) to context static
2020-11-26 17:11:53,758 [Listener at 127.0.0.1/40769] INFO  http.HttpServer2 (HttpServer2.java:bindListener(1237)) - Jetty bound to port 38267
2020-11-26 17:11:53,758 [Listener at 127.0.0.1/40769] INFO  server.Server (Server.java:doStart(375)) - jetty-9.4.34.v20201102; built: 2020-11-02T14:15:39.302Z; git: e46af88704a893fc12cb0e3bf46e2c7b48a009e7; jvm 1.8.0_232-b09
2020-11-26 17:11:53,759 [Listener at 127.0.0.1/40769] INFO  server.session (DefaultSessionIdManager.java:doStart(334)) - DefaultSessionIdManager workerName=node0
2020-11-26 17:11:53,760 [Listener at 127.0.0.1/40769] INFO  server.session (DefaultSessionIdManager.java:doStart(339)) - No SessionScavenger set, using defaults
2020-11-26 17:11:53,760 [Listener at 127.0.0.1/40769] INFO  server.session (HouseKeeper.java:startScavenging(132)) - node0 Scavenging every 660000ms
2020-11-26 17:11:53,760 [Listener at 127.0.0.1/40769] INFO  handler.ContextHandler (ContextHandler.java:doStart(916)) - Started o.e.j.s.ServletContextHandler@29a92f75{logs,/logs,file:///github/workspace/mnt/ozone/hadoop-ozone/integration-test/target/log,AVAILABLE}
2020-11-26 17:11:53,761 [Listener at 127.0.0.1/40769] INFO  handler.ContextHandler (ContextHandler.java:doStart(916)) - Started o.e.j.s.ServletContextHandler@6b01a33e{static,/static,jar:file:/home/user/.m2/repository/org/apache/hadoop/hadoop-hdds-container-service/1.1.0-SNAPSHOT/hadoop-hdds-container-service-1.1.0-SNAPSHOT.jar!/webapps/static,AVAILABLE}
2020-11-26 17:11:53,895 [Listener at 127.0.0.1/40769] INFO  handler.ContextHandler (ContextHandler.java:doStart(916)) - Started o.e.j.w.WebAppContext@33a087ec{hddsDatanode,/,file:///tmp/jetty-0_0_0_0-38267-hadoop-hdds-container-service-1_1_0-SNAPSHOT_jar-_-any-5974993120264138892/webapp/,AVAILABLE}{jar:file:/home/user/.m2/repository/org/apache/hadoop/hadoop-hdds-container-service/1.1.0-SNAPSHOT/hadoop-hdds-container-service-1.1.0-SNAPSHOT.jar!/webapps/hddsDatanode}
2020-11-26 17:11:53,896 [Listener at 127.0.0.1/40769] INFO  server.AbstractConnector (AbstractConnector.java:doStart(331)) - Started ServerConnector@5cfd86dd{HTTP/1.1, (http/1.1)}{0.0.0.0:38267}
2020-11-26 17:11:53,896 [Listener at 127.0.0.1/40769] INFO  server.Server (Server.java:doStart(415)) - Started @46707ms
2020-11-26 17:11:53,896 [Listener at 127.0.0.1/40769] WARN  impl.MetricsSystemImpl (MetricsSystemImpl.java:register(276)) - Sink prometheus already exists!
2020-11-26 17:11:53,901 [Listener at 127.0.0.1/40769] INFO  http.BaseHttpServer (BaseHttpServer.java:updateConnectorAddress(327)) - HTTP server of hddsDatanode listening at http://0.0.0.0:38267
2020-11-26 17:11:53,902 [Listener at 127.0.0.1/40769] INFO  impl.MetricsSystemImpl (MetricsSystemImpl.java:init(158)) - HddsDatanode metrics system started (again)
2020-11-26 17:11:53,904 [Listener at 127.0.0.1/40769] INFO  ozone.HddsDatanodeService (HddsDatanodeService.java:start(217)) - HddsDatanodeService host:1581e7703e9d ip:172.17.0.2
2020-11-26 17:11:53,905 [org.apache.hadoop.util.JvmPauseMonitor$Monitor@2937d03a] INFO  util.JvmPauseMonitor (JvmPauseMonitor.java:run(188)) - Starting JVM pause monitor
2020-11-26 17:11:53,905 [Listener at 127.0.0.1/40769] INFO  volume.HddsVolume (HddsVolume.java:<init>(176)) - Creating Volume: /github/workspace/mnt/ozone/hadoop-ozone/integration-test/target/test-dir/MiniOzoneClusterImpl-baac2ffe-e1a6-449a-ab8a-404ec876111f/datanode-6/data-0/containers/hdds of storage type : DISK and capacity : 9223372036854775807
2020-11-26 17:11:53,906 [Listener at 127.0.0.1/40769] INFO  volume.MutableVolumeSet (MutableVolumeSet.java:initializeVolumeSet(179)) - Added Volume : /github/workspace/mnt/ozone/hadoop-ozone/integration-test/target/test-dir/MiniOzoneClusterImpl-baac2ffe-e1a6-449a-ab8a-404ec876111f/datanode-6/data-0/containers/hdds to VolumeSet
2020-11-26 17:11:53,906 [Listener at 127.0.0.1/40769] INFO  volume.ThrottledAsyncChecker (ThrottledAsyncChecker.java:schedule(141)) - Scheduling a check for /github/workspace/mnt/ozone/hadoop-ozone/integration-test/target/test-dir/MiniOzoneClusterImpl-baac2ffe-e1a6-449a-ab8a-404ec876111f/datanode-6/data-0/containers/hdds
2020-11-26 17:11:53,907 [Datanode State Machine Task Thread - 0] INFO  datanode.InitDatanodeState (InitDatanodeState.java:persistContainerDatanodeDetails(145)) - DatanodeDetails is persisted to /github/workspace/mnt/ozone/hadoop-ozone/integration-test/target/test-dir/MiniOzoneClusterImpl-baac2ffe-e1a6-449a-ab8a-404ec876111f/datanode-5/meta/datanode.id
2020-11-26 17:11:53,907 [Listener at 127.0.0.1/40769] INFO  volume.HddsVolumeChecker (HddsVolumeChecker.java:checkAllVolumes(200)) - Scheduled health check for volume /github/workspace/mnt/ozone/hadoop-ozone/integration-test/target/test-dir/MiniOzoneClusterImpl-baac2ffe-e1a6-449a-ab8a-404ec876111f/datanode-6/data-0/containers/hdds
2020-11-26 17:11:53,919 [Thread-558] INFO  ozoneimpl.ContainerReader (ContainerReader.java:readVolume(123)) - Start to verify containers on volume /github/workspace/mnt/ozone/hadoop-ozone/integration-test/target/test-dir/MiniOzoneClusterImpl-baac2ffe-e1a6-449a-ab8a-404ec876111f/datanode-6/data-0/containers/hdds
2020-11-26 17:11:53,919 [Thread-558] INFO  ozoneimpl.ContainerReader (ContainerReader.java:readVolume(148)) - Finish verifying containers on volume /github/workspace/mnt/ozone/hadoop-ozone/integration-test/target/test-dir/MiniOzoneClusterImpl-baac2ffe-e1a6-449a-ab8a-404ec876111f/datanode-6/data-0/containers/hdds
2020-11-26 17:11:53,919 [Listener at 127.0.0.1/40769] INFO  ozoneimpl.OzoneContainer (OzoneContainer.java:buildContainerSet(194)) - Build ContainerSet costs 0s
2020-11-26 17:11:53,921 [Listener at 127.0.0.1/40769] INFO  impl.RaftServerProxy (ConfUtils.java:logGet(44)) - raft.rpc.type = GRPC (default)
2020-11-26 17:11:53,921 [Listener at 127.0.0.1/40769] INFO  grpc.GrpcFactory (GrpcFactory.java:checkPooledByteBufAllocatorUseCacheForAllThreads(45)) - PERFORMANCE WARNING: useCacheForAllThreads is true that may cause Netty to create a lot garbage objects and, as a result, trigger GC.
	It is recommended to disable useCacheForAllThreads by setting -Dorg.apache.ratis.thirdparty.io.netty.allocator.useCacheForAllThreads=false in command line.
2020-11-26 17:11:53,921 [Listener at 127.0.0.1/40769] INFO  grpc.GrpcConfigKeys (ConfUtils.java:logGet(44)) - raft.grpc.server.port = 0 (default)
2020-11-26 17:11:53,921 [Listener at 127.0.0.1/40769] INFO  server.GrpcService (ConfUtils.java:logGet(44)) - raft.grpc.message.size.max = 32MB (=33554432) (custom)
2020-11-26 17:11:53,921 [Listener at 127.0.0.1/40769] INFO  server.RaftServerConfigKeys (ConfUtils.java:logGet(44)) - raft.server.log.appender.buffer.byte-limit = 33554432 (custom)
2020-11-26 17:11:53,921 [Listener at 127.0.0.1/40769] INFO  server.GrpcService (ConfUtils.java:logGet(44)) - raft.grpc.flow.control.window = 5MB (=5242880) (custom)
2020-11-26 17:11:53,921 [Listener at 127.0.0.1/40769] INFO  server.RaftServerConfigKeys (ConfUtils.java:logGet(44)) - raft.server.rpc.request.timeout = 60s (custom)
2020-11-26 17:11:53,922 [Listener at 127.0.0.1/40769] INFO  impl.DataStreamServerImpl (ConfUtils.java:logGet(44)) - raft.datastream.type = DISABLED (default)
2020-11-26 17:11:53,922 [Listener at 127.0.0.1/40769] INFO  server.RaftServerConfigKeys (ConfUtils.java:logGet(44)) - raft.server.storage.dir = [/github/workspace/mnt/ozone/hadoop-ozone/integration-test/target/test-dir/MiniOzoneClusterImpl-baac2ffe-e1a6-449a-ab8a-404ec876111f/datanode-6/data/ratis] (custom)
2020-11-26 17:11:53,928 [Listener at 127.0.0.1/40769] INFO  http.BaseHttpServer (BaseHttpServer.java:newHttpServer2BuilderForOzone(207)) - Starting Web-server for hddsDatanode at: http://0.0.0.0:0
2020-11-26 17:11:53,928 [Listener at 127.0.0.1/40769] INFO  http.BaseHttpServer (BaseHttpServer.java:<init>(106)) - Hadoop Security Enabled: false Ozone Security Enabled: false Ozone HTTP Security Enabled: false 
2020-11-26 17:11:53,929 [Listener at 127.0.0.1/40769] INFO  server.AuthenticationFilter (AuthenticationFilter.java:constructSecretProvider(240)) - Unable to initialize FileSignerSecretProvider, falling back to use random secrets.
2020-11-26 17:11:53,929 [Listener at 127.0.0.1/40769] WARN  http.HttpRequestLog (HttpRequestLog.java:getRequestLog(103)) - Jetty request log can only be enabled using Log4j
2020-11-26 17:11:53,930 [Listener at 127.0.0.1/40769] INFO  http.HttpServer2 (HttpServer2.java:addGlobalFilter(1019)) - Added global filter 'safety' (class=org.apache.hadoop.hdds.server.http.HttpServer2$QuotingInputFilter)
2020-11-26 17:11:53,930 [Listener at 127.0.0.1/40769] INFO  http.HttpServer2 (HttpServer2.java:addFilter(995)) - Added filter static_user_filter (class=org.apache.hadoop.http.lib.StaticUserWebFilter$StaticUserFilter) to context hddsDatanode
2020-11-26 17:11:53,930 [Listener at 127.0.0.1/40769] INFO  http.HttpServer2 (HttpServer2.java:addFilter(1003)) - Added filter static_user_filter (class=org.apache.hadoop.http.lib.StaticUserWebFilter$StaticUserFilter) to context static
2020-11-26 17:11:53,930 [Listener at 127.0.0.1/40769] INFO  http.HttpServer2 (HttpServer2.java:addFilter(1003)) - Added filter static_user_filter (class=org.apache.hadoop.http.lib.StaticUserWebFilter$StaticUserFilter) to context logs
2020-11-26 17:11:53,931 [Listener at 127.0.0.1/40769] INFO  http.HttpServer2 (HttpServer2.java:bindListener(1237)) - Jetty bound to port 44741
2020-11-26 17:11:53,931 [Listener at 127.0.0.1/40769] INFO  server.Server (Server.java:doStart(375)) - jetty-9.4.34.v20201102; built: 2020-11-02T14:15:39.302Z; git: e46af88704a893fc12cb0e3bf46e2c7b48a009e7; jvm 1.8.0_232-b09
2020-11-26 17:11:53,933 [Listener at 127.0.0.1/40769] INFO  server.session (DefaultSessionIdManager.java:doStart(334)) - DefaultSessionIdManager workerName=node0
2020-11-26 17:11:53,933 [Listener at 127.0.0.1/40769] INFO  server.session (DefaultSessionIdManager.java:doStart(339)) - No SessionScavenger set, using defaults
2020-11-26 17:11:53,933 [Listener at 127.0.0.1/40769] INFO  server.session (HouseKeeper.java:startScavenging(132)) - node0 Scavenging every 600000ms
2020-11-26 17:11:53,934 [Listener at 127.0.0.1/40769] INFO  handler.ContextHandler (ContextHandler.java:doStart(916)) - Started o.e.j.s.ServletContextHandler@11bb4bfd{logs,/logs,file:///github/workspace/mnt/ozone/hadoop-ozone/integration-test/target/log,AVAILABLE}
2020-11-26 17:11:53,934 [Listener at 127.0.0.1/40769] INFO  handler.ContextHandler (ContextHandler.java:doStart(916)) - Started o.e.j.s.ServletContextHandler@ad89de9{static,/static,jar:file:/home/user/.m2/repository/org/apache/hadoop/hadoop-hdds-container-service/1.1.0-SNAPSHOT/hadoop-hdds-container-service-1.1.0-SNAPSHOT.jar!/webapps/static,AVAILABLE}
2020-11-26 17:11:54,068 [Listener at 127.0.0.1/40769] INFO  handler.ContextHandler (ContextHandler.java:doStart(916)) - Started o.e.j.w.WebAppContext@a4852b6{hddsDatanode,/,file:///tmp/jetty-0_0_0_0-44741-hadoop-hdds-container-service-1_1_0-SNAPSHOT_jar-_-any-1902255909249875206/webapp/,AVAILABLE}{jar:file:/home/user/.m2/repository/org/apache/hadoop/hadoop-hdds-container-service/1.1.0-SNAPSHOT/hadoop-hdds-container-service-1.1.0-SNAPSHOT.jar!/webapps/hddsDatanode}
2020-11-26 17:11:54,069 [Listener at 127.0.0.1/40769] INFO  server.AbstractConnector (AbstractConnector.java:doStart(331)) - Started ServerConnector@2924c6e{HTTP/1.1, (http/1.1)}{0.0.0.0:44741}
2020-11-26 17:11:54,069 [Listener at 127.0.0.1/40769] INFO  server.Server (Server.java:doStart(415)) - Started @46880ms
2020-11-26 17:11:54,069 [Listener at 127.0.0.1/40769] WARN  impl.MetricsSystemImpl (MetricsSystemImpl.java:register(276)) - Sink prometheus already exists!
2020-11-26 17:11:54,196 [Listener at 127.0.0.1/40769] INFO  http.BaseHttpServer (BaseHttpServer.java:updateConnectorAddress(327)) - HTTP server of hddsDatanode listening at http://0.0.0.0:44741
2020-11-26 17:11:54,205 [Listener at 127.0.0.1/40769] INFO  ozone.MiniOzoneClusterImpl (MiniOzoneClusterImpl.java:lambda$waitForClusterToBeReady$0(178)) - Waiting for nodes to be ready. Got 0 of 7 DN Heartbeats.
2020-11-26 17:11:54,205 [Listener at 127.0.0.1/40769] INFO  ozone.MiniOzoneClusterImpl (MiniOzoneClusterImpl.java:lambda$waitForClusterToBeReady$0(181)) - Waiting for cluster to exit safe mode
2020-11-26 17:11:54,210 [org.apache.hadoop.util.JvmPauseMonitor$Monitor@78d2d610] INFO  util.JvmPauseMonitor (JvmPauseMonitor.java:run(188)) - Starting JVM pause monitor
2020-11-26 17:11:54,212 [Datanode State Machine Task Thread - 0] INFO  datanode.InitDatanodeState (InitDatanodeState.java:persistContainerDatanodeDetails(145)) - DatanodeDetails is persisted to /github/workspace/mnt/ozone/hadoop-ozone/integration-test/target/test-dir/MiniOzoneClusterImpl-baac2ffe-e1a6-449a-ab8a-404ec876111f/datanode-6/meta/datanode.id
2020-11-26 17:11:54,781 [EndpointStateMachine task thread for /0.0.0.0:33409 - 0 ] INFO  ozoneimpl.OzoneContainer (OzoneContainer.java:start(243)) - Attempting to start container services.
2020-11-26 17:11:54,781 [EndpointStateMachine task thread for /0.0.0.0:33409 - 0 ] INFO  ozoneimpl.OzoneContainer (OzoneContainer.java:startContainerScrub(207)) - Background container scanner has been disabled.
2020-11-26 17:11:54,781 [EndpointStateMachine task thread for /0.0.0.0:33409 - 0 ] INFO  ratis.XceiverServerRatis (XceiverServerRatis.java:start(456)) - Starting XceiverServerRatis 466c22d0-338a-4ace-8281-5de7adeb975e at port 0
2020-11-26 17:11:54,784 [EndpointStateMachine task thread for /0.0.0.0:33409 - 0 ] INFO  impl.RaftServerProxy (RaftServerProxy.java:lambda$start$3(321)) - 466c22d0-338a-4ace-8281-5de7adeb975e: start RPC server
2020-11-26 17:11:54,784 [EndpointStateMachine task thread for /0.0.0.0:33409 - 0 ] INFO  server.GrpcService (GrpcService.java:startImpl(177)) - 466c22d0-338a-4ace-8281-5de7adeb975e: GrpcService started, listening on 0.0.0.0/0.0.0.0:36009
2020-11-26 17:11:54,785 [EndpointStateMachine task thread for /0.0.0.0:33409 - 0 ] INFO  ratis.XceiverServerRatis (XceiverServerRatis.java:start(468)) - XceiverServerRatis 466c22d0-338a-4ace-8281-5de7adeb975e is started using port 36009
2020-11-26 17:11:54,785 [org.apache.ratis.server.JvmPauseMonitor@5b6166c1-Monitor] INFO  server.RaftServerConfigKeys (ConfUtils.java:logGet(44)) - raft.server.leaderelection.leader.step-down.wait-time = 10s (default)
2020-11-26 17:11:54,785 [org.apache.ratis.server.JvmPauseMonitor@5b6166c1-Monitor] INFO  server.RaftServerConfigKeys (ConfUtils.java:logGet(44)) - raft.server.rpc.slowness.timeout = 300s (custom)
2020-11-26 17:11:54,785 [org.apache.ratis.server.JvmPauseMonitor@5b6166c1-Monitor] INFO  server.JvmPauseMonitor (JvmPauseMonitor.java:run(129)) - Starting Ratis JVM pause monitor
2020-11-26 17:11:54,786 [EndpointStateMachine task thread for /0.0.0.0:33409 - 0 ] INFO  server.XceiverServerGrpc (XceiverServerGrpc.java:start(145)) - XceiverServerGrpc 466c22d0-338a-4ace-8281-5de7adeb975e is started using port 45577
2020-11-26 17:11:54,954 [EndpointStateMachine task thread for /0.0.0.0:33409 - 0 ] INFO  ozoneimpl.OzoneContainer (OzoneContainer.java:start(243)) - Attempting to start container services.
2020-11-26 17:11:54,954 [EndpointStateMachine task thread for /0.0.0.0:33409 - 0 ] INFO  ozoneimpl.OzoneContainer (OzoneContainer.java:startContainerScrub(207)) - Background container scanner has been disabled.
2020-11-26 17:11:54,954 [EndpointStateMachine task thread for /0.0.0.0:33409 - 0 ] INFO  ratis.XceiverServerRatis (XceiverServerRatis.java:start(456)) - Starting XceiverServerRatis 7ade5ca2-bff4-467c-9da3-f3034c092d73 at port 0
2020-11-26 17:11:54,955 [EndpointStateMachine task thread for /0.0.0.0:33409 - 0 ] INFO  impl.RaftServerProxy (RaftServerProxy.java:lambda$start$3(321)) - 7ade5ca2-bff4-467c-9da3-f3034c092d73: start RPC server
2020-11-26 17:11:54,956 [EndpointStateMachine task thread for /0.0.0.0:33409 - 0 ] INFO  server.GrpcService (GrpcService.java:startImpl(177)) - 7ade5ca2-bff4-467c-9da3-f3034c092d73: GrpcService started, listening on 0.0.0.0/0.0.0.0:35745
2020-11-26 17:11:54,956 [EndpointStateMachine task thread for /0.0.0.0:33409 - 0 ] INFO  ratis.XceiverServerRatis (XceiverServerRatis.java:start(468)) - XceiverServerRatis 7ade5ca2-bff4-467c-9da3-f3034c092d73 is started using port 35745
2020-11-26 17:11:54,957 [EndpointStateMachine task thread for /0.0.0.0:33409 - 0 ] INFO  server.XceiverServerGrpc (XceiverServerGrpc.java:start(145)) - XceiverServerGrpc 7ade5ca2-bff4-467c-9da3-f3034c092d73 is started using port 45289
2020-11-26 17:11:54,957 [org.apache.ratis.server.JvmPauseMonitor@25cb83ee-Monitor] INFO  server.RaftServerConfigKeys (ConfUtils.java:logGet(44)) - raft.server.leaderelection.leader.step-down.wait-time = 10s (default)
2020-11-26 17:11:54,957 [org.apache.ratis.server.JvmPauseMonitor@25cb83ee-Monitor] INFO  server.RaftServerConfigKeys (ConfUtils.java:logGet(44)) - raft.server.rpc.slowness.timeout = 300s (custom)
2020-11-26 17:11:54,957 [org.apache.ratis.server.JvmPauseMonitor@25cb83ee-Monitor] INFO  server.JvmPauseMonitor (JvmPauseMonitor.java:run(129)) - Starting Ratis JVM pause monitor
2020-11-26 17:11:55,205 [Listener at 127.0.0.1/40769] INFO  ozone.MiniOzoneClusterImpl (MiniOzoneClusterImpl.java:lambda$waitForClusterToBeReady$0(178)) - Waiting for nodes to be ready. Got 0 of 7 DN Heartbeats.
2020-11-26 17:11:55,205 [Listener at 127.0.0.1/40769] INFO  ozone.MiniOzoneClusterImpl (MiniOzoneClusterImpl.java:lambda$waitForClusterToBeReady$0(181)) - Waiting for cluster to exit safe mode
2020-11-26 17:11:55,286 [EndpointStateMachine task thread for /0.0.0.0:33409 - 0 ] INFO  ozoneimpl.OzoneContainer (OzoneContainer.java:start(243)) - Attempting to start container services.
2020-11-26 17:11:55,287 [EndpointStateMachine task thread for /0.0.0.0:33409 - 0 ] INFO  ozoneimpl.OzoneContainer (OzoneContainer.java:startContainerScrub(207)) - Background container scanner has been disabled.
2020-11-26 17:11:55,287 [EndpointStateMachine task thread for /0.0.0.0:33409 - 0 ] INFO  ratis.XceiverServerRatis (XceiverServerRatis.java:start(456)) - Starting XceiverServerRatis b1bf3cee-cb5c-43b1-b618-d84fa5af82f6 at port 0
2020-11-26 17:11:55,288 [EndpointStateMachine task thread for /0.0.0.0:33409 - 0 ] INFO  impl.RaftServerProxy (RaftServerProxy.java:lambda$start$3(321)) - b1bf3cee-cb5c-43b1-b618-d84fa5af82f6: start RPC server
2020-11-26 17:11:55,290 [EndpointStateMachine task thread for /0.0.0.0:33409 - 0 ] INFO  server.GrpcService (GrpcService.java:startImpl(177)) - b1bf3cee-cb5c-43b1-b618-d84fa5af82f6: GrpcService started, listening on 0.0.0.0/0.0.0.0:43435
2020-11-26 17:11:55,292 [EndpointStateMachine task thread for /0.0.0.0:33409 - 0 ] INFO  ratis.XceiverServerRatis (XceiverServerRatis.java:start(468)) - XceiverServerRatis b1bf3cee-cb5c-43b1-b618-d84fa5af82f6 is started using port 43435
2020-11-26 17:11:55,295 [EndpointStateMachine task thread for /0.0.0.0:33409 - 0 ] INFO  server.XceiverServerGrpc (XceiverServerGrpc.java:start(145)) - XceiverServerGrpc b1bf3cee-cb5c-43b1-b618-d84fa5af82f6 is started using port 42367
2020-11-26 17:11:55,298 [org.apache.ratis.server.JvmPauseMonitor@3103113d-Monitor] INFO  server.RaftServerConfigKeys (ConfUtils.java:logGet(44)) - raft.server.leaderelection.leader.step-down.wait-time = 10s (default)
2020-11-26 17:11:55,300 [org.apache.ratis.server.JvmPauseMonitor@3103113d-Monitor] INFO  server.RaftServerConfigKeys (ConfUtils.java:logGet(44)) - raft.server.rpc.slowness.timeout = 300s (custom)
2020-11-26 17:11:55,300 [org.apache.ratis.server.JvmPauseMonitor@3103113d-Monitor] INFO  server.JvmPauseMonitor (JvmPauseMonitor.java:run(129)) - Starting Ratis JVM pause monitor
2020-11-26 17:11:55,516 [EndpointStateMachine task thread for /0.0.0.0:33409 - 0 ] INFO  ozoneimpl.OzoneContainer (OzoneContainer.java:start(243)) - Attempting to start container services.
2020-11-26 17:11:55,516 [EndpointStateMachine task thread for /0.0.0.0:33409 - 0 ] INFO  ozoneimpl.OzoneContainer (OzoneContainer.java:startContainerScrub(207)) - Background container scanner has been disabled.
2020-11-26 17:11:55,516 [EndpointStateMachine task thread for /0.0.0.0:33409 - 0 ] INFO  ratis.XceiverServerRatis (XceiverServerRatis.java:start(456)) - Starting XceiverServerRatis 433667c4-acee-4b27-a3b7-b728b5272bf1 at port 0
2020-11-26 17:11:55,517 [EndpointStateMachine task thread for /0.0.0.0:33409 - 0 ] INFO  impl.RaftServerProxy (RaftServerProxy.java:lambda$start$3(321)) - 433667c4-acee-4b27-a3b7-b728b5272bf1: start RPC server
2020-11-26 17:11:55,518 [EndpointStateMachine task thread for /0.0.0.0:33409 - 0 ] INFO  server.GrpcService (GrpcService.java:startImpl(177)) - 433667c4-acee-4b27-a3b7-b728b5272bf1: GrpcService started, listening on 0.0.0.0/0.0.0.0:42205
2020-11-26 17:11:55,518 [EndpointStateMachine task thread for /0.0.0.0:33409 - 0 ] INFO  ratis.XceiverServerRatis (XceiverServerRatis.java:start(468)) - XceiverServerRatis 433667c4-acee-4b27-a3b7-b728b5272bf1 is started using port 42205
2020-11-26 17:11:55,519 [EndpointStateMachine task thread for /0.0.0.0:33409 - 0 ] INFO  server.XceiverServerGrpc (XceiverServerGrpc.java:start(145)) - XceiverServerGrpc 433667c4-acee-4b27-a3b7-b728b5272bf1 is started using port 41441
2020-11-26 17:11:55,519 [org.apache.ratis.server.JvmPauseMonitor@1c203172-Monitor] INFO  server.RaftServerConfigKeys (ConfUtils.java:logGet(44)) - raft.server.leaderelection.leader.step-down.wait-time = 10s (default)
2020-11-26 17:11:55,519 [org.apache.ratis.server.JvmPauseMonitor@1c203172-Monitor] INFO  server.RaftServerConfigKeys (ConfUtils.java:logGet(44)) - raft.server.rpc.slowness.timeout = 300s (custom)
2020-11-26 17:11:55,520 [org.apache.ratis.server.JvmPauseMonitor@1c203172-Monitor] INFO  server.JvmPauseMonitor (JvmPauseMonitor.java:run(129)) - Starting Ratis JVM pause monitor
2020-11-26 17:11:55,729 [EndpointStateMachine task thread for /0.0.0.0:33409 - 0 ] INFO  ozoneimpl.OzoneContainer (OzoneContainer.java:start(243)) - Attempting to start container services.
2020-11-26 17:11:55,730 [EndpointStateMachine task thread for /0.0.0.0:33409 - 0 ] INFO  ozoneimpl.OzoneContainer (OzoneContainer.java:startContainerScrub(207)) - Background container scanner has been disabled.
2020-11-26 17:11:55,730 [EndpointStateMachine task thread for /0.0.0.0:33409 - 0 ] INFO  ratis.XceiverServerRatis (XceiverServerRatis.java:start(456)) - Starting XceiverServerRatis 2ae88acd-293c-44f1-bb58-9baaea38510e at port 0
2020-11-26 17:11:55,730 [EndpointStateMachine task thread for /0.0.0.0:33409 - 0 ] INFO  impl.RaftServerProxy (RaftServerProxy.java:lambda$start$3(321)) - 2ae88acd-293c-44f1-bb58-9baaea38510e: start RPC server
2020-11-26 17:11:55,732 [EndpointStateMachine task thread for /0.0.0.0:33409 - 0 ] INFO  server.GrpcService (GrpcService.java:startImpl(177)) - 2ae88acd-293c-44f1-bb58-9baaea38510e: GrpcService started, listening on 0.0.0.0/0.0.0.0:39921
2020-11-26 17:11:55,732 [EndpointStateMachine task thread for /0.0.0.0:33409 - 0 ] INFO  ratis.XceiverServerRatis (XceiverServerRatis.java:start(468)) - XceiverServerRatis 2ae88acd-293c-44f1-bb58-9baaea38510e is started using port 39921
2020-11-26 17:11:55,732 [org.apache.ratis.server.JvmPauseMonitor@59e09e75-Monitor] INFO  server.RaftServerConfigKeys (ConfUtils.java:logGet(44)) - raft.server.leaderelection.leader.step-down.wait-time = 10s (default)
2020-11-26 17:11:55,732 [EndpointStateMachine task thread for /0.0.0.0:33409 - 0 ] INFO  server.XceiverServerGrpc (XceiverServerGrpc.java:start(145)) - XceiverServerGrpc 2ae88acd-293c-44f1-bb58-9baaea38510e is started using port 41105
2020-11-26 17:11:55,733 [org.apache.ratis.server.JvmPauseMonitor@59e09e75-Monitor] INFO  server.RaftServerConfigKeys (ConfUtils.java:logGet(44)) - raft.server.rpc.slowness.timeout = 300s (custom)
2020-11-26 17:11:55,733 [org.apache.ratis.server.JvmPauseMonitor@59e09e75-Monitor] INFO  server.JvmPauseMonitor (JvmPauseMonitor.java:run(129)) - Starting Ratis JVM pause monitor
2020-11-26 17:11:55,907 [EndpointStateMachine task thread for /0.0.0.0:33409 - 0 ] INFO  ozoneimpl.OzoneContainer (OzoneContainer.java:start(243)) - Attempting to start container services.
2020-11-26 17:11:55,907 [EndpointStateMachine task thread for /0.0.0.0:33409 - 0 ] INFO  ozoneimpl.OzoneContainer (OzoneContainer.java:startContainerScrub(207)) - Background container scanner has been disabled.
2020-11-26 17:11:55,907 [EndpointStateMachine task thread for /0.0.0.0:33409 - 0 ] INFO  ratis.XceiverServerRatis (XceiverServerRatis.java:start(456)) - Starting XceiverServerRatis ff415fc8-d651-447e-8633-56fa30db40b3 at port 0
2020-11-26 17:11:55,907 [EndpointStateMachine task thread for /0.0.0.0:33409 - 0 ] INFO  impl.RaftServerProxy (RaftServerProxy.java:lambda$start$3(321)) - ff415fc8-d651-447e-8633-56fa30db40b3: start RPC server
2020-11-26 17:11:55,908 [EndpointStateMachine task thread for /0.0.0.0:33409 - 0 ] INFO  server.GrpcService (GrpcService.java:startImpl(177)) - ff415fc8-d651-447e-8633-56fa30db40b3: GrpcService started, listening on 0.0.0.0/0.0.0.0:42725
2020-11-26 17:11:55,908 [EndpointStateMachine task thread for /0.0.0.0:33409 - 0 ] INFO  ratis.XceiverServerRatis (XceiverServerRatis.java:start(468)) - XceiverServerRatis ff415fc8-d651-447e-8633-56fa30db40b3 is started using port 42725
2020-11-26 17:11:55,909 [EndpointStateMachine task thread for /0.0.0.0:33409 - 0 ] INFO  server.XceiverServerGrpc (XceiverServerGrpc.java:start(145)) - XceiverServerGrpc ff415fc8-d651-447e-8633-56fa30db40b3 is started using port 40497
2020-11-26 17:11:55,909 [org.apache.ratis.server.JvmPauseMonitor@69831a36-Monitor] INFO  server.RaftServerConfigKeys (ConfUtils.java:logGet(44)) - raft.server.leaderelection.leader.step-down.wait-time = 10s (default)
2020-11-26 17:11:55,909 [org.apache.ratis.server.JvmPauseMonitor@69831a36-Monitor] INFO  server.RaftServerConfigKeys (ConfUtils.java:logGet(44)) - raft.server.rpc.slowness.timeout = 300s (custom)
2020-11-26 17:11:55,909 [org.apache.ratis.server.JvmPauseMonitor@69831a36-Monitor] INFO  server.JvmPauseMonitor (JvmPauseMonitor.java:run(129)) - Starting Ratis JVM pause monitor
2020-11-26 17:11:56,205 [Listener at 127.0.0.1/40769] INFO  ozone.MiniOzoneClusterImpl (MiniOzoneClusterImpl.java:lambda$waitForClusterToBeReady$0(178)) - Waiting for nodes to be ready. Got 0 of 7 DN Heartbeats.
2020-11-26 17:11:56,206 [Listener at 127.0.0.1/40769] INFO  ozone.MiniOzoneClusterImpl (MiniOzoneClusterImpl.java:lambda$waitForClusterToBeReady$0(181)) - Waiting for cluster to exit safe mode
2020-11-26 17:11:56,214 [EndpointStateMachine task thread for /0.0.0.0:33409 - 0 ] INFO  ozoneimpl.OzoneContainer (OzoneContainer.java:start(243)) - Attempting to start container services.
2020-11-26 17:11:56,214 [EndpointStateMachine task thread for /0.0.0.0:33409 - 0 ] INFO  ozoneimpl.OzoneContainer (OzoneContainer.java:startContainerScrub(207)) - Background container scanner has been disabled.
2020-11-26 17:11:56,214 [EndpointStateMachine task thread for /0.0.0.0:33409 - 0 ] INFO  ratis.XceiverServerRatis (XceiverServerRatis.java:start(456)) - Starting XceiverServerRatis a113b3de-1e69-4d48-9e91-4a0af33016fa at port 0
2020-11-26 17:11:56,216 [EndpointStateMachine task thread for /0.0.0.0:33409 - 0 ] INFO  impl.RaftServerProxy (RaftServerProxy.java:lambda$start$3(321)) - a113b3de-1e69-4d48-9e91-4a0af33016fa: start RPC server
2020-11-26 17:11:56,217 [EndpointStateMachine task thread for /0.0.0.0:33409 - 0 ] INFO  server.GrpcService (GrpcService.java:startImpl(177)) - a113b3de-1e69-4d48-9e91-4a0af33016fa: GrpcService started, listening on 0.0.0.0/0.0.0.0:33321
2020-11-26 17:11:56,217 [EndpointStateMachine task thread for /0.0.0.0:33409 - 0 ] INFO  ratis.XceiverServerRatis (XceiverServerRatis.java:start(468)) - XceiverServerRatis a113b3de-1e69-4d48-9e91-4a0af33016fa is started using port 33321
2020-11-26 17:11:56,218 [EndpointStateMachine task thread for /0.0.0.0:33409 - 0 ] INFO  server.XceiverServerGrpc (XceiverServerGrpc.java:start(145)) - XceiverServerGrpc a113b3de-1e69-4d48-9e91-4a0af33016fa is started using port 35851
2020-11-26 17:11:56,218 [org.apache.ratis.server.JvmPauseMonitor@7e41844d-Monitor] INFO  server.RaftServerConfigKeys (ConfUtils.java:logGet(44)) - raft.server.leaderelection.leader.step-down.wait-time = 10s (default)
2020-11-26 17:11:56,223 [org.apache.ratis.server.JvmPauseMonitor@7e41844d-Monitor] INFO  server.RaftServerConfigKeys (ConfUtils.java:logGet(44)) - raft.server.rpc.slowness.timeout = 300s (custom)
2020-11-26 17:11:56,223 [org.apache.ratis.server.JvmPauseMonitor@7e41844d-Monitor] INFO  server.JvmPauseMonitor (JvmPauseMonitor.java:run(129)) - Starting Ratis JVM pause monitor
2020-11-26 17:11:56,770 [IPC Server handler 3 on default port 33409] INFO  net.NetworkTopologyImpl (NetworkTopologyImpl.java:add(111)) - Added a new node: /default-rack/466c22d0-338a-4ace-8281-5de7adeb975e
2020-11-26 17:11:56,771 [IPC Server handler 3 on default port 33409] INFO  node.SCMNodeManager (SCMNodeManager.java:register(282)) - Registered Data node : 466c22d0-338a-4ace-8281-5de7adeb975e{ip: 172.17.0.2, host: 1581e7703e9d, networkLocation: /default-rack, certSerialId: null}
2020-11-26 17:11:56,772 [EventQueue-NodeRegistrationContainerReportForContainerSafeModeRule] INFO  safemode.SCMSafeModeManager (SCMSafeModeManager.java:validateSafeModeExitRules(214)) - ContainerSafeModeRule rule is successfully validated
2020-11-26 17:11:56,772 [EventQueue-NodeRegistrationContainerReportForDataNodeSafeModeRule] INFO  safemode.SCMSafeModeManager (DataNodeSafeModeRule.java:process(71)) - SCM in safe mode. 1 DataNodes registered, 1 required.
2020-11-26 17:11:56,773 [EventQueue-NodeRegistrationContainerReportForDataNodeSafeModeRule] INFO  safemode.SCMSafeModeManager (SCMSafeModeManager.java:validateSafeModeExitRules(214)) - DataNodeSafeModeRule rule is successfully validated
2020-11-26 17:11:56,773 [EventQueue-NodeRegistrationContainerReportForDataNodeSafeModeRule] INFO  safemode.SCMSafeModeManager (SCMSafeModeManager.java:completePreCheck(242)) - All SCM safe mode pre check rules have passed
2020-11-26 17:11:56,774 [RatisPipelineUtilsThread] INFO  pipeline.RatisPipelineProvider (RatisPipelineProvider.java:lambda$create$0(161)) - Sending CreatePipelineCommand for pipeline:PipelineID=d12391f0-0014-4d08-92a7-01cd167f3f07 to datanode:466c22d0-338a-4ace-8281-5de7adeb975e
2020-11-26 17:11:56,774 [EventQueue-PipelineReportForOneReplicaPipelineSafeModeRule] INFO  safemode.SCMSafeModeManager (SCMSafeModeManager.java:validateSafeModeExitRules(214)) - AtleastOneDatanodeReportedRule rule is successfully validated
2020-11-26 17:11:56,775 [RatisPipelineUtilsThread] INFO  pipeline.PipelineStateManager (PipelineStateManager.java:addPipeline(54)) - Created pipeline Pipeline[ Id: d12391f0-0014-4d08-92a7-01cd167f3f07, Nodes: 466c22d0-338a-4ace-8281-5de7adeb975e{ip: 172.17.0.2, host: 1581e7703e9d, networkLocation: /default-rack, certSerialId: null}, Type:RATIS, Factor:ONE, State:ALLOCATED, leaderId:, CreationTimestamp2020-11-26T17:11:56.774Z]
2020-11-26 17:11:56,775 [RatisPipelineUtilsThread] WARN  pipeline.PipelinePlacementPolicy (PipelinePlacementPolicy.java:filterViableNodes(138)) - Pipeline creation failed due to no sufficient healthy datanodes. Required 3. Found 1.
2020-11-26 17:11:56,951 [IPC Server handler 5 on default port 33409] INFO  net.NetworkTopologyImpl (NetworkTopologyImpl.java:add(111)) - Added a new node: /default-rack/7ade5ca2-bff4-467c-9da3-f3034c092d73
2020-11-26 17:11:56,952 [IPC Server handler 5 on default port 33409] INFO  node.SCMNodeManager (SCMNodeManager.java:register(282)) - Registered Data node : 7ade5ca2-bff4-467c-9da3-f3034c092d73{ip: 172.17.0.2, host: 1581e7703e9d, networkLocation: /default-rack, certSerialId: null}
2020-11-26 17:11:56,952 [EventQueue-NodeRegistrationContainerReportForContainerSafeModeRule] INFO  safemode.SCMSafeModeManager (SCMSafeModeManager.java:validateSafeModeExitRules(214)) - ContainerSafeModeRule rule is successfully validated
2020-11-26 17:11:56,952 [EventQueue-NodeRegistrationContainerReportForDataNodeSafeModeRule] INFO  safemode.SCMSafeModeManager (SCMSafeModeManager.java:validateSafeModeExitRules(214)) - DataNodeSafeModeRule rule is successfully validated
2020-11-26 17:11:56,952 [EventQueue-PipelineReportForOneReplicaPipelineSafeModeRule] INFO  safemode.SCMSafeModeManager (SCMSafeModeManager.java:validateSafeModeExitRules(214)) - AtleastOneDatanodeReportedRule rule is successfully validated
2020-11-26 17:11:56,953 [RatisPipelineUtilsThread] INFO  pipeline.RatisPipelineProvider (RatisPipelineProvider.java:lambda$create$0(161)) - Sending CreatePipelineCommand for pipeline:PipelineID=7a2759e7-3455-40b2-adcd-990679950faf to datanode:7ade5ca2-bff4-467c-9da3-f3034c092d73
2020-11-26 17:11:56,953 [RatisPipelineUtilsThread] INFO  pipeline.PipelineStateManager (PipelineStateManager.java:addPipeline(54)) - Created pipeline Pipeline[ Id: 7a2759e7-3455-40b2-adcd-990679950faf, Nodes: 7ade5ca2-bff4-467c-9da3-f3034c092d73{ip: 172.17.0.2, host: 1581e7703e9d, networkLocation: /default-rack, certSerialId: null}, Type:RATIS, Factor:ONE, State:ALLOCATED, leaderId:, CreationTimestamp2020-11-26T17:11:56.953Z]
2020-11-26 17:11:56,953 [RatisPipelineUtilsThread] WARN  pipeline.PipelinePlacementPolicy (PipelinePlacementPolicy.java:filterViableNodes(138)) - Pipeline creation failed due to no sufficient healthy datanodes. Required 3. Found 2.
2020-11-26 17:11:57,206 [Listener at 127.0.0.1/40769] INFO  ozone.MiniOzoneClusterImpl (MiniOzoneClusterImpl.java:lambda$waitForClusterToBeReady$0(178)) - Waiting for nodes to be ready. Got 2 of 7 DN Heartbeats.
2020-11-26 17:11:57,206 [Listener at 127.0.0.1/40769] INFO  ozone.MiniOzoneClusterImpl (MiniOzoneClusterImpl.java:lambda$waitForClusterToBeReady$0(181)) - Waiting for cluster to exit safe mode
2020-11-26 17:11:57,283 [IPC Server handler 1 on default port 33409] INFO  net.NetworkTopologyImpl (NetworkTopologyImpl.java:add(111)) - Added a new node: /default-rack/b1bf3cee-cb5c-43b1-b618-d84fa5af82f6
2020-11-26 17:11:57,283 [IPC Server handler 1 on default port 33409] INFO  node.SCMNodeManager (SCMNodeManager.java:register(282)) - Registered Data node : b1bf3cee-cb5c-43b1-b618-d84fa5af82f6{ip: 172.17.0.2, host: 1581e7703e9d, networkLocation: /default-rack, certSerialId: null}
2020-11-26 17:11:57,284 [RatisPipelineUtilsThread] INFO  pipeline.RatisPipelineProvider (RatisPipelineProvider.java:lambda$create$0(161)) - Sending CreatePipelineCommand for pipeline:PipelineID=a4ffb5b4-1a8a-4310-befd-5a8150950b18 to datanode:b1bf3cee-cb5c-43b1-b618-d84fa5af82f6
2020-11-26 17:11:57,284 [EventQueue-NodeRegistrationContainerReportForContainerSafeModeRule] INFO  safemode.SCMSafeModeManager (SCMSafeModeManager.java:validateSafeModeExitRules(214)) - ContainerSafeModeRule rule is successfully validated
2020-11-26 17:11:57,284 [EventQueue-NodeRegistrationContainerReportForDataNodeSafeModeRule] INFO  safemode.SCMSafeModeManager (SCMSafeModeManager.java:validateSafeModeExitRules(214)) - DataNodeSafeModeRule rule is successfully validated
2020-11-26 17:11:57,284 [EventQueue-PipelineReportForOneReplicaPipelineSafeModeRule] INFO  safemode.SCMSafeModeManager (SCMSafeModeManager.java:validateSafeModeExitRules(214)) - AtleastOneDatanodeReportedRule rule is successfully validated
2020-11-26 17:11:57,284 [RatisPipelineUtilsThread] INFO  pipeline.PipelineStateManager (PipelineStateManager.java:addPipeline(54)) - Created pipeline Pipeline[ Id: a4ffb5b4-1a8a-4310-befd-5a8150950b18, Nodes: b1bf3cee-cb5c-43b1-b618-d84fa5af82f6{ip: 172.17.0.2, host: 1581e7703e9d, networkLocation: /default-rack, certSerialId: null}, Type:RATIS, Factor:ONE, State:ALLOCATED, leaderId:, CreationTimestamp2020-11-26T17:11:57.284Z]
2020-11-26 17:11:57,284 [RatisPipelineUtilsThread] INFO  pipeline.RatisPipelineProvider (RatisPipelineProvider.java:lambda$create$0(161)) - Sending CreatePipelineCommand for pipeline:PipelineID=6dd5f12f-9316-49cf-8695-6fedbfa20fbe to datanode:b1bf3cee-cb5c-43b1-b618-d84fa5af82f6
2020-11-26 17:11:57,284 [RatisPipelineUtilsThread] INFO  pipeline.RatisPipelineProvider (RatisPipelineProvider.java:lambda$create$0(161)) - Sending CreatePipelineCommand for pipeline:PipelineID=6dd5f12f-9316-49cf-8695-6fedbfa20fbe to datanode:466c22d0-338a-4ace-8281-5de7adeb975e
2020-11-26 17:11:57,284 [RatisPipelineUtilsThread] INFO  pipeline.RatisPipelineProvider (RatisPipelineProvider.java:lambda$create$0(161)) - Sending CreatePipelineCommand for pipeline:PipelineID=6dd5f12f-9316-49cf-8695-6fedbfa20fbe to datanode:7ade5ca2-bff4-467c-9da3-f3034c092d73
2020-11-26 17:11:57,285 [RatisPipelineUtilsThread] INFO  pipeline.PipelineStateManager (PipelineStateManager.java:addPipeline(54)) - Created pipeline Pipeline[ Id: 6dd5f12f-9316-49cf-8695-6fedbfa20fbe, Nodes: b1bf3cee-cb5c-43b1-b618-d84fa5af82f6{ip: 172.17.0.2, host: 1581e7703e9d, networkLocation: /default-rack, certSerialId: null}466c22d0-338a-4ace-8281-5de7adeb975e{ip: 172.17.0.2, host: 1581e7703e9d, networkLocation: /default-rack, certSerialId: null}7ade5ca2-bff4-467c-9da3-f3034c092d73{ip: 172.17.0.2, host: 1581e7703e9d, networkLocation: /default-rack, certSerialId: null}, Type:RATIS, Factor:THREE, State:ALLOCATED, leaderId:, CreationTimestamp2020-11-26T17:11:57.284Z]
2020-11-26 17:11:57,513 [IPC Server handler 2 on default port 33409] INFO  net.NetworkTopologyImpl (NetworkTopologyImpl.java:add(111)) - Added a new node: /default-rack/433667c4-acee-4b27-a3b7-b728b5272bf1
2020-11-26 17:11:57,514 [IPC Server handler 2 on default port 33409] INFO  node.SCMNodeManager (SCMNodeManager.java:register(282)) - Registered Data node : 433667c4-acee-4b27-a3b7-b728b5272bf1{ip: 172.17.0.2, host: 1581e7703e9d, networkLocation: /default-rack, certSerialId: null}
2020-11-26 17:11:57,514 [EventQueue-NodeRegistrationContainerReportForDataNodeSafeModeRule] INFO  safemode.SCMSafeModeManager (SCMSafeModeManager.java:validateSafeModeExitRules(214)) - DataNodeSafeModeRule rule is successfully validated
2020-11-26 17:11:57,515 [EventQueue-NodeRegistrationContainerReportForContainerSafeModeRule] INFO  safemode.SCMSafeModeManager (SCMSafeModeManager.java:validateSafeModeExitRules(214)) - ContainerSafeModeRule rule is successfully validated
2020-11-26 17:11:57,515 [EventQueue-PipelineReportForOneReplicaPipelineSafeModeRule] INFO  safemode.SCMSafeModeManager (SCMSafeModeManager.java:validateSafeModeExitRules(214)) - AtleastOneDatanodeReportedRule rule is successfully validated
2020-11-26 17:11:57,515 [RatisPipelineUtilsThread] INFO  pipeline.RatisPipelineProvider (RatisPipelineProvider.java:lambda$create$0(161)) - Sending CreatePipelineCommand for pipeline:PipelineID=a9e89ff2-78a7-4fbe-a199-67d43af5053d to datanode:433667c4-acee-4b27-a3b7-b728b5272bf1
2020-11-26 17:11:57,516 [RatisPipelineUtilsThread] INFO  pipeline.PipelineStateManager (PipelineStateManager.java:addPipeline(54)) - Created pipeline Pipeline[ Id: a9e89ff2-78a7-4fbe-a199-67d43af5053d, Nodes: 433667c4-acee-4b27-a3b7-b728b5272bf1{ip: 172.17.0.2, host: 1581e7703e9d, networkLocation: /default-rack, certSerialId: null}, Type:RATIS, Factor:ONE, State:ALLOCATED, leaderId:, CreationTimestamp2020-11-26T17:11:57.515Z]
2020-11-26 17:11:57,727 [IPC Server handler 4 on default port 33409] INFO  net.NetworkTopologyImpl (NetworkTopologyImpl.java:add(111)) - Added a new node: /default-rack/2ae88acd-293c-44f1-bb58-9baaea38510e
2020-11-26 17:11:57,727 [IPC Server handler 4 on default port 33409] INFO  node.SCMNodeManager (SCMNodeManager.java:register(282)) - Registered Data node : 2ae88acd-293c-44f1-bb58-9baaea38510e{ip: 172.17.0.2, host: 1581e7703e9d, networkLocation: /default-rack, certSerialId: null}
2020-11-26 17:11:57,728 [EventQueue-NodeRegistrationContainerReportForContainerSafeModeRule] INFO  safemode.SCMSafeModeManager (SCMSafeModeManager.java:validateSafeModeExitRules(214)) - ContainerSafeModeRule rule is successfully validated
2020-11-26 17:11:57,728 [RatisPipelineUtilsThread] INFO  pipeline.RatisPipelineProvider (RatisPipelineProvider.java:lambda$create$0(161)) - Sending CreatePipelineCommand for pipeline:PipelineID=737377c1-c79d-4053-bf07-947e8fcc7c40 to datanode:2ae88acd-293c-44f1-bb58-9baaea38510e
2020-11-26 17:11:57,728 [EventQueue-NodeRegistrationContainerReportForDataNodeSafeModeRule] INFO  safemode.SCMSafeModeManager (SCMSafeModeManager.java:validateSafeModeExitRules(214)) - DataNodeSafeModeRule rule is successfully validated
2020-11-26 17:11:57,728 [EventQueue-PipelineReportForOneReplicaPipelineSafeModeRule] INFO  safemode.SCMSafeModeManager (SCMSafeModeManager.java:validateSafeModeExitRules(214)) - AtleastOneDatanodeReportedRule rule is successfully validated
2020-11-26 17:11:57,728 [RatisPipelineUtilsThread] INFO  pipeline.PipelineStateManager (PipelineStateManager.java:addPipeline(54)) - Created pipeline Pipeline[ Id: 737377c1-c79d-4053-bf07-947e8fcc7c40, Nodes: 2ae88acd-293c-44f1-bb58-9baaea38510e{ip: 172.17.0.2, host: 1581e7703e9d, networkLocation: /default-rack, certSerialId: null}, Type:RATIS, Factor:ONE, State:ALLOCATED, leaderId:, CreationTimestamp2020-11-26T17:11:57.728Z]
2020-11-26 17:11:57,906 [IPC Server handler 5 on default port 33409] INFO  net.NetworkTopologyImpl (NetworkTopologyImpl.java:add(111)) - Added a new node: /default-rack/ff415fc8-d651-447e-8633-56fa30db40b3
2020-11-26 17:11:57,906 [IPC Server handler 5 on default port 33409] INFO  node.SCMNodeManager (SCMNodeManager.java:register(282)) - Registered Data node : ff415fc8-d651-447e-8633-56fa30db40b3{ip: 172.17.0.2, host: 1581e7703e9d, networkLocation: /default-rack, certSerialId: null}
2020-11-26 17:11:57,907 [EventQueue-NodeRegistrationContainerReportForContainerSafeModeRule] INFO  safemode.SCMSafeModeManager (SCMSafeModeManager.java:validateSafeModeExitRules(214)) - ContainerSafeModeRule rule is successfully validated
2020-11-26 17:11:57,907 [RatisPipelineUtilsThread] INFO  pipeline.RatisPipelineProvider (RatisPipelineProvider.java:lambda$create$0(161)) - Sending CreatePipelineCommand for pipeline:PipelineID=1e8f6edf-d564-4685-ad7c-d09f5683e995 to datanode:ff415fc8-d651-447e-8633-56fa30db40b3
2020-11-26 17:11:57,907 [EventQueue-PipelineReportForOneReplicaPipelineSafeModeRule] INFO  safemode.SCMSafeModeManager (SCMSafeModeManager.java:validateSafeModeExitRules(214)) - AtleastOneDatanodeReportedRule rule is successfully validated
2020-11-26 17:11:57,907 [EventQueue-NodeRegistrationContainerReportForDataNodeSafeModeRule] INFO  safemode.SCMSafeModeManager (SCMSafeModeManager.java:validateSafeModeExitRules(214)) - DataNodeSafeModeRule rule is successfully validated
2020-11-26 17:11:57,907 [RatisPipelineUtilsThread] INFO  pipeline.PipelineStateManager (PipelineStateManager.java:addPipeline(54)) - Created pipeline Pipeline[ Id: 1e8f6edf-d564-4685-ad7c-d09f5683e995, Nodes: ff415fc8-d651-447e-8633-56fa30db40b3{ip: 172.17.0.2, host: 1581e7703e9d, networkLocation: /default-rack, certSerialId: null}, Type:RATIS, Factor:ONE, State:ALLOCATED, leaderId:, CreationTimestamp2020-11-26T17:11:57.907Z]
2020-11-26 17:11:57,907 [RatisPipelineUtilsThread] INFO  pipeline.RatisPipelineProvider (RatisPipelineProvider.java:lambda$create$0(161)) - Sending CreatePipelineCommand for pipeline:PipelineID=c2ef77a2-3d65-48dd-81bf-6f588fa94e98 to datanode:433667c4-acee-4b27-a3b7-b728b5272bf1
2020-11-26 17:11:57,908 [RatisPipelineUtilsThread] INFO  pipeline.RatisPipelineProvider (RatisPipelineProvider.java:lambda$create$0(161)) - Sending CreatePipelineCommand for pipeline:PipelineID=c2ef77a2-3d65-48dd-81bf-6f588fa94e98 to datanode:ff415fc8-d651-447e-8633-56fa30db40b3
2020-11-26 17:11:57,908 [RatisPipelineUtilsThread] INFO  pipeline.RatisPipelineProvider (RatisPipelineProvider.java:lambda$create$0(161)) - Sending CreatePipelineCommand for pipeline:PipelineID=c2ef77a2-3d65-48dd-81bf-6f588fa94e98 to datanode:2ae88acd-293c-44f1-bb58-9baaea38510e
2020-11-26 17:11:57,908 [RatisPipelineUtilsThread] INFO  pipeline.PipelineStateManager (PipelineStateManager.java:addPipeline(54)) - Created pipeline Pipeline[ Id: c2ef77a2-3d65-48dd-81bf-6f588fa94e98, Nodes: 433667c4-acee-4b27-a3b7-b728b5272bf1{ip: 172.17.0.2, host: 1581e7703e9d, networkLocation: /default-rack, certSerialId: null}ff415fc8-d651-447e-8633-56fa30db40b3{ip: 172.17.0.2, host: 1581e7703e9d, networkLocation: /default-rack, certSerialId: null}2ae88acd-293c-44f1-bb58-9baaea38510e{ip: 172.17.0.2, host: 1581e7703e9d, networkLocation: /default-rack, certSerialId: null}, Type:RATIS, Factor:THREE, State:ALLOCATED, leaderId:, CreationTimestamp2020-11-26T17:11:57.907Z]
2020-11-26 17:11:58,206 [Listener at 127.0.0.1/40769] INFO  ozone.MiniOzoneClusterImpl (MiniOzoneClusterImpl.java:lambda$waitForClusterToBeReady$0(178)) - Waiting for nodes to be ready. Got 6 of 7 DN Heartbeats.
2020-11-26 17:11:58,206 [Listener at 127.0.0.1/40769] INFO  ozone.MiniOzoneClusterImpl (MiniOzoneClusterImpl.java:lambda$waitForClusterToBeReady$0(181)) - Waiting for cluster to exit safe mode
2020-11-26 17:11:58,211 [IPC Server handler 1 on default port 33409] INFO  net.NetworkTopologyImpl (NetworkTopologyImpl.java:add(111)) - Added a new node: /default-rack/a113b3de-1e69-4d48-9e91-4a0af33016fa
2020-11-26 17:11:58,212 [IPC Server handler 1 on default port 33409] INFO  node.SCMNodeManager (SCMNodeManager.java:register(282)) - Registered Data node : a113b3de-1e69-4d48-9e91-4a0af33016fa{ip: 172.17.0.2, host: 1581e7703e9d, networkLocation: /default-rack, certSerialId: null}
2020-11-26 17:11:58,212 [EventQueue-NodeRegistrationContainerReportForDataNodeSafeModeRule] INFO  safemode.SCMSafeModeManager (SCMSafeModeManager.java:validateSafeModeExitRules(214)) - DataNodeSafeModeRule rule is successfully validated
2020-11-26 17:11:58,212 [EventQueue-PipelineReportForOneReplicaPipelineSafeModeRule] INFO  safemode.SCMSafeModeManager (SCMSafeModeManager.java:validateSafeModeExitRules(214)) - AtleastOneDatanodeReportedRule rule is successfully validated
2020-11-26 17:11:58,212 [EventQueue-NodeRegistrationContainerReportForContainerSafeModeRule] INFO  safemode.SCMSafeModeManager (SCMSafeModeManager.java:validateSafeModeExitRules(214)) - ContainerSafeModeRule rule is successfully validated
2020-11-26 17:11:58,213 [RatisPipelineUtilsThread] INFO  pipeline.RatisPipelineProvider (RatisPipelineProvider.java:lambda$create$0(161)) - Sending CreatePipelineCommand for pipeline:PipelineID=e6529d1d-05dd-4ceb-ac1f-0492f37a3530 to datanode:a113b3de-1e69-4d48-9e91-4a0af33016fa
2020-11-26 17:11:58,213 [RatisPipelineUtilsThread] INFO  pipeline.PipelineStateManager (PipelineStateManager.java:addPipeline(54)) - Created pipeline Pipeline[ Id: e6529d1d-05dd-4ceb-ac1f-0492f37a3530, Nodes: a113b3de-1e69-4d48-9e91-4a0af33016fa{ip: 172.17.0.2, host: 1581e7703e9d, networkLocation: /default-rack, certSerialId: null}, Type:RATIS, Factor:ONE, State:ALLOCATED, leaderId:, CreationTimestamp2020-11-26T17:11:58.213Z]
2020-11-26 17:11:59,207 [Listener at 127.0.0.1/40769] INFO  ozone.MiniOzoneClusterImpl (MiniOzoneClusterImpl.java:lambda$waitForClusterToBeReady$0(178)) - Nodes are ready. Got 7 of 7 DN Heartbeats.
2020-11-26 17:11:59,207 [Listener at 127.0.0.1/40769] INFO  ozone.MiniOzoneClusterImpl (MiniOzoneClusterImpl.java:lambda$waitForClusterToBeReady$0(181)) - Waiting for cluster to exit safe mode
2020-11-26 17:11:59,771 [Command processor thread] INFO  impl.RaftServerProxy (RaftServerProxy.java:addNew(93)) - 466c22d0-338a-4ace-8281-5de7adeb975e: addNew group-01CD167F3F07:[466c22d0-338a-4ace-8281-5de7adeb975e|rpc:172.17.0.2:36009] returns group-01CD167F3F07:java.util.concurrent.CompletableFuture@45b93098[Not completed]
2020-11-26 17:11:59,772 [pool-175-thread-1] INFO  impl.RaftServerImpl (RaftServerImpl.java:<init>(121)) - 466c22d0-338a-4ace-8281-5de7adeb975e: new RaftServerImpl for group-01CD167F3F07:[466c22d0-338a-4ace-8281-5de7adeb975e|rpc:172.17.0.2:36009] with ContainerStateMachine:uninitialized
2020-11-26 17:11:59,773 [pool-175-thread-1] INFO  server.RaftServerConfigKeys (ConfUtils.java:logGet(44)) - raft.server.rpc.timeout.min = 5s (custom)
2020-11-26 17:11:59,774 [pool-175-thread-1] INFO  server.RaftServerConfigKeys (ConfUtils.java:logGet(44)) - raft.server.rpc.timeout.max = 5200ms (custom)
2020-11-26 17:11:59,774 [pool-175-thread-1] INFO  server.RaftServerConfigKeys (ConfUtils.java:logGet(44)) - raft.server.rpc.slowness.timeout = 300s (custom)
2020-11-26 17:11:59,774 [pool-175-thread-1] INFO  server.RaftServerConfigKeys (ConfUtils.java:logGet(44)) - raft.server.leaderelection.leader.step-down.wait-time = 10s (default)
2020-11-26 17:11:59,774 [pool-175-thread-1] INFO  server.RaftServerConfigKeys (ConfUtils.java:logGet(44)) - raft.server.sleep.deviation.threshold = 300 (default)
2020-11-26 17:11:59,774 [pool-175-thread-1] INFO  server.RaftServerConfigKeys (ConfUtils.java:logGet(44)) - raft.server.log.appender.install.snapshot.enabled = false (custom)
2020-11-26 17:11:59,774 [pool-175-thread-1] INFO  impl.RaftServerImpl (ServerState.java:<init>(104)) - 466c22d0-338a-4ace-8281-5de7adeb975e@group-01CD167F3F07: ConfigurationManager, init=-1: [466c22d0-338a-4ace-8281-5de7adeb975e|rpc:172.17.0.2:36009], old=null, confs=<EMPTY_MAP>
2020-11-26 17:11:59,774 [pool-175-thread-1] INFO  server.RaftServerConfigKeys (ConfUtils.java:logGet(44)) - raft.server.storage.dir = [/github/workspace/mnt/ozone/hadoop-ozone/integration-test/target/test-dir/MiniOzoneClusterImpl-baac2ffe-e1a6-449a-ab8a-404ec876111f/datanode-0/data/ratis] (custom)
2020-11-26 17:11:59,774 [pool-175-thread-1] INFO  server.RaftServerConfigKeys (ConfUtils.java:logGet(44)) - raft.server.log.corruption.policy = EXCEPTION (default)
2020-11-26 17:11:59,774 [pool-175-thread-1] INFO  storage.RaftStorageDirectory (RaftStorageDirectory.java:analyzeStorage(261)) - The storage directory /github/workspace/mnt/ozone/hadoop-ozone/integration-test/target/test-dir/MiniOzoneClusterImpl-baac2ffe-e1a6-449a-ab8a-404ec876111f/datanode-0/data/ratis/d12391f0-0014-4d08-92a7-01cd167f3f07 does not exist. Creating ...
2020-11-26 17:11:59,776 [pool-175-thread-1] INFO  storage.RaftStorageDirectory (RaftStorageDirectory.java:tryLock(343)) - Lock on /github/workspace/mnt/ozone/hadoop-ozone/integration-test/target/test-dir/MiniOzoneClusterImpl-baac2ffe-e1a6-449a-ab8a-404ec876111f/datanode-0/data/ratis/d12391f0-0014-4d08-92a7-01cd167f3f07/in_use.lock acquired by nodename 19970@1581e7703e9d
2020-11-26 17:11:59,777 [pool-175-thread-1] INFO  storage.RaftStorage (RaftStorage.java:format(85)) - Storage directory /github/workspace/mnt/ozone/hadoop-ozone/integration-test/target/test-dir/MiniOzoneClusterImpl-baac2ffe-e1a6-449a-ab8a-404ec876111f/datanode-0/data/ratis/d12391f0-0014-4d08-92a7-01cd167f3f07 has been successfully formatted.
2020-11-26 17:11:59,778 [pool-175-thread-1] INFO  ratis.ContainerStateMachine (ContainerStateMachine.java:loadSnapshot(225)) - group-01CD167F3F07: The snapshot info is null. Setting the last applied indexto:(t:0, i:~)
2020-11-26 17:11:59,778 [pool-175-thread-1] INFO  server.RaftServerConfigKeys (ConfUtils.java:logGet(44)) - raft.server.notification.no-leader.timeout = 300s (custom)
2020-11-26 17:11:59,778 [pool-175-thread-1] INFO  server.RaftServerConfigKeys (ConfUtils.java:logGet(44)) - raft.server.log.use.memory = false (default)
2020-11-26 17:11:59,778 [pool-175-thread-1] INFO  server.RaftServerConfigKeys (ConfUtils.java:logGet(44)) - raft.server.log.purge.gap = 1000000 (custom)
2020-11-26 17:11:59,778 [pool-175-thread-1] INFO  metrics.RatisMetrics (RatisMetrics.java:lambda$create$0(36)) - Creating Metrics Registry : ratis.log_worker.466c22d0-338a-4ace-8281-5de7adeb975e@group-01CD167F3F07
2020-11-26 17:11:59,778 [pool-175-thread-1] INFO  server.RaftServerConfigKeys (ConfUtils.java:logGet(44)) - raft.server.log.appender.buffer.byte-limit = 33554432 (custom)
2020-11-26 17:11:59,779 [pool-175-thread-1] INFO  server.RaftServerConfigKeys (ConfUtils.java:logGet(44)) - raft.server.log.segment.size.max = 1048576 (custom)
2020-11-26 17:11:59,779 [EventQueue-PipelineReportForPipelineReportHandler] INFO  pipeline.PipelineStateManager (PipelineStateManager.java:openPipeline(132)) - Pipeline Pipeline[ Id: d12391f0-0014-4d08-92a7-01cd167f3f07, Nodes: 466c22d0-338a-4ace-8281-5de7adeb975e{ip: 172.17.0.2, host: 1581e7703e9d, networkLocation: /default-rack, certSerialId: null}, Type:RATIS, Factor:ONE, State:ALLOCATED, leaderId:466c22d0-338a-4ace-8281-5de7adeb975e, CreationTimestamp2020-11-26T17:11:56.774Z] moved to OPEN state
2020-11-26 17:11:59,779 [pool-175-thread-1] INFO  server.RaftServerConfigKeys (ConfUtils.java:logGet(44)) - raft.server.log.segment.cache.num.max = 2 (custom)
2020-11-26 17:11:59,780 [pool-175-thread-1] INFO  segmented.SegmentedRaftLogWorker (SegmentedRaftLogWorker.java:<init>(180)) - new 466c22d0-338a-4ace-8281-5de7adeb975e@group-01CD167F3F07-SegmentedRaftLogWorker for RaftStorage:Storage Directory /github/workspace/mnt/ozone/hadoop-ozone/integration-test/target/test-dir/MiniOzoneClusterImpl-baac2ffe-e1a6-449a-ab8a-404ec876111f/datanode-0/data/ratis/d12391f0-0014-4d08-92a7-01cd167f3f07
2020-11-26 17:11:59,779 [EventQueue-PipelineReportForOneReplicaPipelineSafeModeRule] INFO  safemode.SCMSafeModeManager (SCMSafeModeManager.java:validateSafeModeExitRules(214)) - AtleastOneDatanodeReportedRule rule is successfully validated
2020-11-26 17:11:59,780 [pool-175-thread-1] INFO  server.RaftServerConfigKeys (ConfUtils.java:logGet(44)) - raft.server.log.queue.byte-limit = 2147483647 (custom)
2020-11-26 17:11:59,780 [pool-175-thread-1] INFO  server.RaftServerConfigKeys (ConfUtils.java:logGet(44)) - raft.server.log.queue.element-limit = 1024 (custom)
2020-11-26 17:11:59,781 [pool-175-thread-1] INFO  server.RaftServerConfigKeys (ConfUtils.java:logGet(44)) - raft.server.log.segment.size.max = 1048576 (custom)
2020-11-26 17:11:59,781 [pool-175-thread-1] INFO  server.RaftServerConfigKeys (ConfUtils.java:logGet(44)) - raft.server.log.preallocated.size = 16384 (custom)
2020-11-26 17:11:59,781 [pool-175-thread-1] INFO  server.RaftServerConfigKeys (ConfUtils.java:logGet(44)) - raft.server.log.write.buffer.size = 1048576 (custom)
2020-11-26 17:11:59,781 [pool-175-thread-1] INFO  server.RaftServerConfigKeys (ConfUtils.java:logGet(44)) - raft.server.log.force.sync.num = 128 (default)
2020-11-26 17:11:59,781 [pool-175-thread-1] INFO  server.RaftServerConfigKeys (ConfUtils.java:logGet(44)) - raft.server.log.statemachine.data.sync = true (default)
2020-11-26 17:11:59,781 [pool-175-thread-1] INFO  server.RaftServerConfigKeys (ConfUtils.java:logGet(44)) - raft.server.log.statemachine.data.sync.timeout = 10s (default)
2020-11-26 17:11:59,781 [pool-175-thread-1] INFO  server.RaftServerConfigKeys (ConfUtils.java:logGet(44)) - raft.server.log.statemachine.data.sync.timeout.retry = -1 (default)
2020-11-26 17:11:59,783 [pool-175-thread-1] INFO  server.RaftServerConfigKeys (ConfUtils.java:logGet(44)) - raft.server.log.statemachine.data.caching.enabled = true (custom)
2020-11-26 17:11:59,783 [pool-175-thread-1] INFO  segmented.SegmentedRaftLogWorker (SegmentedRaftLogWorker.java:lambda$new$0(129)) - 466c22d0-338a-4ace-8281-5de7adeb975e@group-01CD167F3F07-SegmentedRaftLogWorker: flushIndex: setUnconditionally 0 -> -1
2020-11-26 17:11:59,783 [pool-175-thread-1] INFO  segmented.SegmentedRaftLogWorker (SegmentedRaftLogWorker.java:lambda$new$0(129)) - 466c22d0-338a-4ace-8281-5de7adeb975e@group-01CD167F3F07-SegmentedRaftLogWorker: safeCacheEvictIndex: setUnconditionally 0 -> -1
2020-11-26 17:11:59,783 [pool-175-thread-1] INFO  server.RaftServerConfigKeys (ConfUtils.java:logGet(44)) - raft.server.snapshot.auto.trigger.enabled = true (custom)
2020-11-26 17:11:59,783 [pool-175-thread-1] INFO  server.RaftServerConfigKeys (ConfUtils.java:logGet(44)) - raft.server.snapshot.auto.trigger.threshold = 10000 (custom)
2020-11-26 17:11:59,783 [pool-175-thread-1] INFO  server.RaftServerConfigKeys (ConfUtils.java:logGet(44)) - raft.server.snapshot.retention.file.num = 5 (custom)
2020-11-26 17:11:59,783 [pool-175-thread-1] INFO  server.RaftServerConfigKeys (ConfUtils.java:logGet(44)) - raft.server.log.purge.upto.snapshot.index = false (default)
2020-11-26 17:11:59,783 [pool-175-thread-1] INFO  server.RaftServerConfigKeys (ConfUtils.java:logGet(44)) - raft.server.retrycache.expirytime = 600000ms (custom)
2020-11-26 17:11:59,784 [pool-175-thread-1] INFO  metrics.RatisMetrics (RatisMetrics.java:lambda$create$0(36)) - Creating Metrics Registry : ratis.leader_election.466c22d0-338a-4ace-8281-5de7adeb975e@group-01CD167F3F07
2020-11-26 17:11:59,784 [pool-175-thread-1] INFO  metrics.RatisMetrics (RatisMetrics.java:lambda$create$0(36)) - Creating Metrics Registry : ratis.server.466c22d0-338a-4ace-8281-5de7adeb975e@group-01CD167F3F07
2020-11-26 17:11:59,785 [pool-175-thread-1] INFO  impl.RaftServerImpl (RaftServerImpl.java:start(215)) - 466c22d0-338a-4ace-8281-5de7adeb975e@group-01CD167F3F07: start as a follower, conf=-1: [466c22d0-338a-4ace-8281-5de7adeb975e|rpc:172.17.0.2:36009], old=null
2020-11-26 17:11:59,785 [pool-175-thread-1] INFO  impl.RaftServerImpl (RaftServerImpl.java:setRole(204)) - 466c22d0-338a-4ace-8281-5de7adeb975e@group-01CD167F3F07: changes role from      null to FOLLOWER at term 0 for startAsFollower
2020-11-26 17:11:59,785 [pool-175-thread-1] INFO  impl.RoleInfo (RoleInfo.java:updateAndGet(143)) - 466c22d0-338a-4ace-8281-5de7adeb975e: start 466c22d0-338a-4ace-8281-5de7adeb975e@group-01CD167F3F07-FollowerState
2020-11-26 17:11:59,786 [pool-175-thread-1] INFO  util.JmxRegister (JmxRegister.java:tryRegister(44)) - Successfully registered JMX Bean with object name Ratis:service=RaftServer,group=group-01CD167F3F07,id=466c22d0-338a-4ace-8281-5de7adeb975e
2020-11-26 17:11:59,786 [pool-175-thread-1] INFO  metrics.RatisMetrics (RatisMetrics.java:lambda$create$0(36)) - Creating Metrics Registry : ratis.state_machine.466c22d0-338a-4ace-8281-5de7adeb975e@group-01CD167F3F07
2020-11-26 17:11:59,790 [EventQueue-OpenPipelineForHealthyPipelineSafeModeRule] INFO  safemode.SCMSafeModeManager (HealthyPipelineSafeModeRule.java:process(128)) - SCM in safe mode. Healthy pipelines reported count is 0, required healthy pipeline reported count is 1
2020-11-26 17:11:59,794 [Command processor thread] INFO  commandhandler.CreatePipelineCommandHandler (CreatePipelineCommandHandler.java:handle(106)) - Created Pipeline RATIS ONE PipelineID=d12391f0-0014-4d08-92a7-01cd167f3f07.
2020-11-26 17:11:59,794 [Command processor thread] INFO  impl.RaftServerProxy (RaftServerProxy.java:addNew(93)) - 466c22d0-338a-4ace-8281-5de7adeb975e: addNew group-6FEDBFA20FBE:[b1bf3cee-cb5c-43b1-b618-d84fa5af82f6|rpc:172.17.0.2:43435, 466c22d0-338a-4ace-8281-5de7adeb975e|rpc:172.17.0.2:36009, 7ade5ca2-bff4-467c-9da3-f3034c092d73|rpc:172.17.0.2:35745] returns group-6FEDBFA20FBE:java.util.concurrent.CompletableFuture@4186bcf7[Not completed]
2020-11-26 17:11:59,795 [pool-175-thread-1] INFO  impl.RaftServerImpl (RaftServerImpl.java:<init>(121)) - 466c22d0-338a-4ace-8281-5de7adeb975e: new RaftServerImpl for group-6FEDBFA20FBE:[b1bf3cee-cb5c-43b1-b618-d84fa5af82f6|rpc:172.17.0.2:43435, 466c22d0-338a-4ace-8281-5de7adeb975e|rpc:172.17.0.2:36009, 7ade5ca2-bff4-467c-9da3-f3034c092d73|rpc:172.17.0.2:35745] with ContainerStateMachine:uninitialized
2020-11-26 17:11:59,795 [pool-175-thread-1] INFO  server.RaftServerConfigKeys (ConfUtils.java:logGet(44)) - raft.server.rpc.timeout.min = 5s (custom)
2020-11-26 17:11:59,795 [pool-175-thread-1] INFO  server.RaftServerConfigKeys (ConfUtils.java:logGet(44)) - raft.server.rpc.timeout.max = 5200ms (custom)
2020-11-26 17:11:59,795 [pool-175-thread-1] INFO  server.RaftServerConfigKeys (ConfUtils.java:logGet(44)) - raft.server.rpc.slowness.timeout = 300s (custom)
2020-11-26 17:11:59,795 [pool-175-thread-1] INFO  server.RaftServerConfigKeys (ConfUtils.java:logGet(44)) - raft.server.leaderelection.leader.step-down.wait-time = 10s (default)
2020-11-26 17:11:59,795 [pool-175-thread-1] INFO  server.RaftServerConfigKeys (ConfUtils.java:logGet(44)) - raft.server.sleep.deviation.threshold = 300 (default)
2020-11-26 17:11:59,795 [pool-175-thread-1] INFO  server.RaftServerConfigKeys (ConfUtils.java:logGet(44)) - raft.server.log.appender.install.snapshot.enabled = false (custom)
2020-11-26 17:11:59,795 [pool-175-thread-1] INFO  impl.RaftServerImpl (ServerState.java:<init>(104)) - 466c22d0-338a-4ace-8281-5de7adeb975e@group-6FEDBFA20FBE: ConfigurationManager, init=-1: [b1bf3cee-cb5c-43b1-b618-d84fa5af82f6|rpc:172.17.0.2:43435, 466c22d0-338a-4ace-8281-5de7adeb975e|rpc:172.17.0.2:36009, 7ade5ca2-bff4-467c-9da3-f3034c092d73|rpc:172.17.0.2:35745], old=null, confs=<EMPTY_MAP>
2020-11-26 17:11:59,796 [pool-175-thread-1] INFO  server.RaftServerConfigKeys (ConfUtils.java:logGet(44)) - raft.server.storage.dir = [/github/workspace/mnt/ozone/hadoop-ozone/integration-test/target/test-dir/MiniOzoneClusterImpl-baac2ffe-e1a6-449a-ab8a-404ec876111f/datanode-0/data/ratis] (custom)
2020-11-26 17:11:59,796 [pool-175-thread-1] INFO  server.RaftServerConfigKeys (ConfUtils.java:logGet(44)) - raft.server.log.corruption.policy = EXCEPTION (default)
2020-11-26 17:11:59,796 [pool-175-thread-1] INFO  storage.RaftStorageDirectory (RaftStorageDirectory.java:analyzeStorage(261)) - The storage directory /github/workspace/mnt/ozone/hadoop-ozone/integration-test/target/test-dir/MiniOzoneClusterImpl-baac2ffe-e1a6-449a-ab8a-404ec876111f/datanode-0/data/ratis/6dd5f12f-9316-49cf-8695-6fedbfa20fbe does not exist. Creating ...
2020-11-26 17:11:59,797 [pool-175-thread-1] INFO  storage.RaftStorageDirectory (RaftStorageDirectory.java:tryLock(343)) - Lock on /github/workspace/mnt/ozone/hadoop-ozone/integration-test/target/test-dir/MiniOzoneClusterImpl-baac2ffe-e1a6-449a-ab8a-404ec876111f/datanode-0/data/ratis/6dd5f12f-9316-49cf-8695-6fedbfa20fbe/in_use.lock acquired by nodename 19970@1581e7703e9d
2020-11-26 17:11:59,798 [pool-175-thread-1] INFO  storage.RaftStorage (RaftStorage.java:format(85)) - Storage directory /github/workspace/mnt/ozone/hadoop-ozone/integration-test/target/test-dir/MiniOzoneClusterImpl-baac2ffe-e1a6-449a-ab8a-404ec876111f/datanode-0/data/ratis/6dd5f12f-9316-49cf-8695-6fedbfa20fbe has been successfully formatted.
2020-11-26 17:11:59,798 [pool-175-thread-1] INFO  ratis.ContainerStateMachine (ContainerStateMachine.java:loadSnapshot(225)) - group-6FEDBFA20FBE: The snapshot info is null. Setting the last applied indexto:(t:0, i:~)
2020-11-26 17:11:59,799 [pool-175-thread-1] INFO  server.RaftServerConfigKeys (ConfUtils.java:logGet(44)) - raft.server.notification.no-leader.timeout = 300s (custom)
2020-11-26 17:11:59,799 [pool-175-thread-1] INFO  server.RaftServerConfigKeys (ConfUtils.java:logGet(44)) - raft.server.log.use.memory = false (default)
2020-11-26 17:11:59,799 [pool-175-thread-1] INFO  server.RaftServerConfigKeys (ConfUtils.java:logGet(44)) - raft.server.log.purge.gap = 1000000 (custom)
2020-11-26 17:11:59,799 [pool-175-thread-1] INFO  metrics.RatisMetrics (RatisMetrics.java:lambda$create$0(36)) - Creating Metrics Registry : ratis.log_worker.466c22d0-338a-4ace-8281-5de7adeb975e@group-6FEDBFA20FBE
2020-11-26 17:11:59,799 [pool-175-thread-1] INFO  server.RaftServerConfigKeys (ConfUtils.java:logGet(44)) - raft.server.log.appender.buffer.byte-limit = 33554432 (custom)
2020-11-26 17:11:59,799 [pool-175-thread-1] INFO  server.RaftServerConfigKeys (ConfUtils.java:logGet(44)) - raft.server.log.segment.size.max = 1048576 (custom)
2020-11-26 17:11:59,799 [EventQueue-PipelineReportForOneReplicaPipelineSafeModeRule] INFO  safemode.SCMSafeModeManager (SCMSafeModeManager.java:validateSafeModeExitRules(214)) - AtleastOneDatanodeReportedRule rule is successfully validated
2020-11-26 17:11:59,800 [pool-175-thread-1] INFO  server.RaftServerConfigKeys (ConfUtils.java:logGet(44)) - raft.server.log.segment.cache.num.max = 2 (custom)
2020-11-26 17:11:59,800 [pool-175-thread-1] INFO  segmented.SegmentedRaftLogWorker (SegmentedRaftLogWorker.java:<init>(180)) - new 466c22d0-338a-4ace-8281-5de7adeb975e@group-6FEDBFA20FBE-SegmentedRaftLogWorker for RaftStorage:Storage Directory /github/workspace/mnt/ozone/hadoop-ozone/integration-test/target/test-dir/MiniOzoneClusterImpl-baac2ffe-e1a6-449a-ab8a-404ec876111f/datanode-0/data/ratis/6dd5f12f-9316-49cf-8695-6fedbfa20fbe
2020-11-26 17:11:59,800 [pool-175-thread-1] INFO  server.RaftServerConfigKeys (ConfUtils.java:logGet(44)) - raft.server.log.queue.byte-limit = 2147483647 (custom)
2020-11-26 17:11:59,800 [pool-175-thread-1] INFO  server.RaftServerConfigKeys (ConfUtils.java:logGet(44)) - raft.server.log.queue.element-limit = 1024 (custom)
2020-11-26 17:11:59,801 [pool-175-thread-1] INFO  server.RaftServerConfigKeys (ConfUtils.java:logGet(44)) - raft.server.log.segment.size.max = 1048576 (custom)
2020-11-26 17:11:59,801 [pool-175-thread-1] INFO  server.RaftServerConfigKeys (ConfUtils.java:logGet(44)) - raft.server.log.preallocated.size = 16384 (custom)
2020-11-26 17:11:59,801 [pool-175-thread-1] INFO  server.RaftServerConfigKeys (ConfUtils.java:logGet(44)) - raft.server.log.write.buffer.size = 1048576 (custom)
2020-11-26 17:11:59,801 [pool-175-thread-1] INFO  server.RaftServerConfigKeys (ConfUtils.java:logGet(44)) - raft.server.log.force.sync.num = 128 (default)
2020-11-26 17:11:59,801 [pool-175-thread-1] INFO  server.RaftServerConfigKeys (ConfUtils.java:logGet(44)) - raft.server.log.statemachine.data.sync = true (default)
2020-11-26 17:11:59,801 [pool-175-thread-1] INFO  server.RaftServerConfigKeys (ConfUtils.java:logGet(44)) - raft.server.log.statemachine.data.sync.timeout = 10s (default)
2020-11-26 17:11:59,801 [pool-175-thread-1] INFO  server.RaftServerConfigKeys (ConfUtils.java:logGet(44)) - raft.server.log.statemachine.data.sync.timeout.retry = -1 (default)
2020-11-26 17:11:59,802 [EventQueue-OpenPipelineForHealthyPipelineSafeModeRule] INFO  safemode.SCMSafeModeManager (HealthyPipelineSafeModeRule.java:process(128)) - SCM in safe mode. Healthy pipelines reported count is 0, required healthy pipeline reported count is 1
2020-11-26 17:11:59,803 [pool-175-thread-1] INFO  server.RaftServerConfigKeys (ConfUtils.java:logGet(44)) - raft.server.log.statemachine.data.caching.enabled = true (custom)
2020-11-26 17:11:59,803 [pool-175-thread-1] INFO  segmented.SegmentedRaftLogWorker (SegmentedRaftLogWorker.java:lambda$new$0(129)) - 466c22d0-338a-4ace-8281-5de7adeb975e@group-6FEDBFA20FBE-SegmentedRaftLogWorker: flushIndex: setUnconditionally 0 -> -1
2020-11-26 17:11:59,803 [pool-175-thread-1] INFO  segmented.SegmentedRaftLogWorker (SegmentedRaftLogWorker.java:lambda$new$0(129)) - 466c22d0-338a-4ace-8281-5de7adeb975e@group-6FEDBFA20FBE-SegmentedRaftLogWorker: safeCacheEvictIndex: setUnconditionally 0 -> -1
2020-11-26 17:11:59,803 [pool-175-thread-1] INFO  server.RaftServerConfigKeys (ConfUtils.java:logGet(44)) - raft.server.snapshot.auto.trigger.enabled = true (custom)
2020-11-26 17:11:59,803 [pool-175-thread-1] INFO  server.RaftServerConfigKeys (ConfUtils.java:logGet(44)) - raft.server.snapshot.auto.trigger.threshold = 10000 (custom)
2020-11-26 17:11:59,803 [pool-175-thread-1] INFO  server.RaftServerConfigKeys (ConfUtils.java:logGet(44)) - raft.server.snapshot.retention.file.num = 5 (custom)
2020-11-26 17:11:59,803 [pool-175-thread-1] INFO  server.RaftServerConfigKeys (ConfUtils.java:logGet(44)) - raft.server.log.purge.upto.snapshot.index = false (default)
2020-11-26 17:11:59,803 [pool-175-thread-1] INFO  server.RaftServerConfigKeys (ConfUtils.java:logGet(44)) - raft.server.retrycache.expirytime = 600000ms (custom)
2020-11-26 17:11:59,803 [pool-175-thread-1] INFO  metrics.RatisMetrics (RatisMetrics.java:lambda$create$0(36)) - Creating Metrics Registry : ratis.leader_election.466c22d0-338a-4ace-8281-5de7adeb975e@group-6FEDBFA20FBE
2020-11-26 17:11:59,804 [pool-175-thread-1] INFO  metrics.RatisMetrics (RatisMetrics.java:lambda$create$0(36)) - Creating Metrics Registry : ratis.server.466c22d0-338a-4ace-8281-5de7adeb975e@group-6FEDBFA20FBE
2020-11-26 17:11:59,805 [pool-175-thread-1] INFO  impl.RaftServerImpl (RaftServerImpl.java:start(215)) - 466c22d0-338a-4ace-8281-5de7adeb975e@group-6FEDBFA20FBE: start as a follower, conf=-1: [b1bf3cee-cb5c-43b1-b618-d84fa5af82f6|rpc:172.17.0.2:43435, 466c22d0-338a-4ace-8281-5de7adeb975e|rpc:172.17.0.2:36009, 7ade5ca2-bff4-467c-9da3-f3034c092d73|rpc:172.17.0.2:35745], old=null
2020-11-26 17:11:59,805 [pool-175-thread-1] INFO  impl.RaftServerImpl (RaftServerImpl.java:setRole(204)) - 466c22d0-338a-4ace-8281-5de7adeb975e@group-6FEDBFA20FBE: changes role from      null to FOLLOWER at term 0 for startAsFollower
2020-11-26 17:11:59,805 [pool-175-thread-1] INFO  impl.RoleInfo (RoleInfo.java:updateAndGet(143)) - 466c22d0-338a-4ace-8281-5de7adeb975e: start 466c22d0-338a-4ace-8281-5de7adeb975e@group-6FEDBFA20FBE-FollowerState
2020-11-26 17:11:59,812 [pool-175-thread-1] INFO  util.JmxRegister (JmxRegister.java:tryRegister(44)) - Successfully registered JMX Bean with object name Ratis:service=RaftServer,group=group-6FEDBFA20FBE,id=466c22d0-338a-4ace-8281-5de7adeb975e
2020-11-26 17:11:59,812 [pool-175-thread-1] INFO  metrics.RatisMetrics (RatisMetrics.java:lambda$create$0(36)) - Creating Metrics Registry : ratis.state_machine.466c22d0-338a-4ace-8281-5de7adeb975e@group-6FEDBFA20FBE
2020-11-26 17:11:59,814 [Command processor thread] INFO  metrics.RatisMetrics (RatisMetrics.java:lambda$create$0(36)) - Creating Metrics Registry : ratis.client_message_metrics.client-6A0D13A20E2F->b1bf3cee-cb5c-43b1-b618-d84fa5af82f6
2020-11-26 17:11:59,819 [grpc-default-executor-0] INFO  metrics.RatisMetrics (RatisMetrics.java:lambda$create$0(36)) - Creating Metrics Registry : ratis.server_message_metrics.b1bf3cee-cb5c-43b1-b618-d84fa5af82f6
2020-11-26 17:11:59,823 [grpc-default-executor-0] INFO  impl.RaftServerProxy (RaftServerProxy.java:addNew(93)) - b1bf3cee-cb5c-43b1-b618-d84fa5af82f6: addNew group-6FEDBFA20FBE:[b1bf3cee-cb5c-43b1-b618-d84fa5af82f6|rpc:172.17.0.2:43435|dataStream:, 466c22d0-338a-4ace-8281-5de7adeb975e|rpc:172.17.0.2:36009|dataStream:, 7ade5ca2-bff4-467c-9da3-f3034c092d73|rpc:172.17.0.2:35745|dataStream:] returns group-6FEDBFA20FBE:java.util.concurrent.CompletableFuture@25bc0530[Not completed]
2020-11-26 17:11:59,825 [pool-207-thread-1] INFO  impl.RaftServerImpl (RaftServerImpl.java:<init>(121)) - b1bf3cee-cb5c-43b1-b618-d84fa5af82f6: new RaftServerImpl for group-6FEDBFA20FBE:[b1bf3cee-cb5c-43b1-b618-d84fa5af82f6|rpc:172.17.0.2:43435|dataStream:, 466c22d0-338a-4ace-8281-5de7adeb975e|rpc:172.17.0.2:36009|dataStream:, 7ade5ca2-bff4-467c-9da3-f3034c092d73|rpc:172.17.0.2:35745|dataStream:] with ContainerStateMachine:uninitialized
2020-11-26 17:11:59,825 [pool-207-thread-1] INFO  server.RaftServerConfigKeys (ConfUtils.java:logGet(44)) - raft.server.rpc.timeout.min = 5s (custom)
2020-11-26 17:11:59,825 [pool-207-thread-1] INFO  server.RaftServerConfigKeys (ConfUtils.java:logGet(44)) - raft.server.rpc.timeout.max = 5200ms (custom)
2020-11-26 17:11:59,826 [pool-207-thread-1] INFO  server.RaftServerConfigKeys (ConfUtils.java:logGet(44)) - raft.server.rpc.slowness.timeout = 300s (custom)
2020-11-26 17:11:59,826 [pool-207-thread-1] INFO  server.RaftServerConfigKeys (ConfUtils.java:logGet(44)) - raft.server.leaderelection.leader.step-down.wait-time = 10s (default)
2020-11-26 17:11:59,826 [pool-207-thread-1] INFO  server.RaftServerConfigKeys (ConfUtils.java:logGet(44)) - raft.server.sleep.deviation.threshold = 300 (default)
2020-11-26 17:11:59,826 [pool-207-thread-1] INFO  server.RaftServerConfigKeys (ConfUtils.java:logGet(44)) - raft.server.log.appender.install.snapshot.enabled = false (custom)
2020-11-26 17:11:59,826 [pool-207-thread-1] INFO  impl.RaftServerImpl (ServerState.java:<init>(104)) - b1bf3cee-cb5c-43b1-b618-d84fa5af82f6@group-6FEDBFA20FBE: ConfigurationManager, init=-1: [b1bf3cee-cb5c-43b1-b618-d84fa5af82f6|rpc:172.17.0.2:43435|dataStream:, 466c22d0-338a-4ace-8281-5de7adeb975e|rpc:172.17.0.2:36009|dataStream:, 7ade5ca2-bff4-467c-9da3-f3034c092d73|rpc:172.17.0.2:35745|dataStream:], old=null, confs=<EMPTY_MAP>
2020-11-26 17:11:59,826 [pool-207-thread-1] INFO  server.RaftServerConfigKeys (ConfUtils.java:logGet(44)) - raft.server.storage.dir = [/github/workspace/mnt/ozone/hadoop-ozone/integration-test/target/test-dir/MiniOzoneClusterImpl-baac2ffe-e1a6-449a-ab8a-404ec876111f/datanode-2/data/ratis] (custom)
2020-11-26 17:11:59,826 [pool-207-thread-1] INFO  server.RaftServerConfigKeys (ConfUtils.java:logGet(44)) - raft.server.log.corruption.policy = EXCEPTION (default)
2020-11-26 17:11:59,826 [pool-207-thread-1] INFO  storage.RaftStorageDirectory (RaftStorageDirectory.java:analyzeStorage(261)) - The storage directory /github/workspace/mnt/ozone/hadoop-ozone/integration-test/target/test-dir/MiniOzoneClusterImpl-baac2ffe-e1a6-449a-ab8a-404ec876111f/datanode-2/data/ratis/6dd5f12f-9316-49cf-8695-6fedbfa20fbe does not exist. Creating ...
2020-11-26 17:11:59,827 [pool-207-thread-1] INFO  storage.RaftStorageDirectory (RaftStorageDirectory.java:tryLock(343)) - Lock on /github/workspace/mnt/ozone/hadoop-ozone/integration-test/target/test-dir/MiniOzoneClusterImpl-baac2ffe-e1a6-449a-ab8a-404ec876111f/datanode-2/data/ratis/6dd5f12f-9316-49cf-8695-6fedbfa20fbe/in_use.lock acquired by nodename 19970@1581e7703e9d
2020-11-26 17:11:59,828 [pool-207-thread-1] INFO  storage.RaftStorage (RaftStorage.java:format(85)) - Storage directory /github/workspace/mnt/ozone/hadoop-ozone/integration-test/target/test-dir/MiniOzoneClusterImpl-baac2ffe-e1a6-449a-ab8a-404ec876111f/datanode-2/data/ratis/6dd5f12f-9316-49cf-8695-6fedbfa20fbe has been successfully formatted.
2020-11-26 17:11:59,831 [pool-207-thread-1] INFO  ratis.ContainerStateMachine (ContainerStateMachine.java:loadSnapshot(225)) - group-6FEDBFA20FBE: The snapshot info is null. Setting the last applied indexto:(t:0, i:~)
2020-11-26 17:11:59,831 [EventQueue-PipelineReportForOneReplicaPipelineSafeModeRule] INFO  safemode.SCMSafeModeManager (SCMSafeModeManager.java:validateSafeModeExitRules(214)) - AtleastOneDatanodeReportedRule rule is successfully validated
2020-11-26 17:11:59,832 [pool-207-thread-1] INFO  server.RaftServerConfigKeys (ConfUtils.java:logGet(44)) - raft.server.notification.no-leader.timeout = 300s (custom)
2020-11-26 17:11:59,832 [pool-207-thread-1] INFO  server.RaftServerConfigKeys (ConfUtils.java:logGet(44)) - raft.server.log.use.memory = false (default)
2020-11-26 17:11:59,832 [pool-207-thread-1] INFO  server.RaftServerConfigKeys (ConfUtils.java:logGet(44)) - raft.server.log.purge.gap = 1000000 (custom)
2020-11-26 17:11:59,832 [pool-207-thread-1] INFO  metrics.RatisMetrics (RatisMetrics.java:lambda$create$0(36)) - Creating Metrics Registry : ratis.log_worker.b1bf3cee-cb5c-43b1-b618-d84fa5af82f6@group-6FEDBFA20FBE
2020-11-26 17:11:59,832 [pool-207-thread-1] INFO  server.RaftServerConfigKeys (ConfUtils.java:logGet(44)) - raft.server.log.appender.buffer.byte-limit = 33554432 (custom)
2020-11-26 17:11:59,832 [pool-207-thread-1] INFO  server.RaftServerConfigKeys (ConfUtils.java:logGet(44)) - raft.server.log.segment.size.max = 1048576 (custom)
2020-11-26 17:11:59,833 [pool-207-thread-1] INFO  server.RaftServerConfigKeys (ConfUtils.java:logGet(44)) - raft.server.log.segment.cache.num.max = 2 (custom)
2020-11-26 17:11:59,833 [pool-207-thread-1] INFO  segmented.SegmentedRaftLogWorker (SegmentedRaftLogWorker.java:<init>(180)) - new b1bf3cee-cb5c-43b1-b618-d84fa5af82f6@group-6FEDBFA20FBE-SegmentedRaftLogWorker for RaftStorage:Storage Directory /github/workspace/mnt/ozone/hadoop-ozone/integration-test/target/test-dir/MiniOzoneClusterImpl-baac2ffe-e1a6-449a-ab8a-404ec876111f/datanode-2/data/ratis/6dd5f12f-9316-49cf-8695-6fedbfa20fbe
2020-11-26 17:11:59,833 [pool-207-thread-1] INFO  server.RaftServerConfigKeys (ConfUtils.java:logGet(44)) - raft.server.log.queue.byte-limit = 2147483647 (custom)
2020-11-26 17:11:59,833 [pool-207-thread-1] INFO  server.RaftServerConfigKeys (ConfUtils.java:logGet(44)) - raft.server.log.queue.element-limit = 1024 (custom)
2020-11-26 17:11:59,833 [pool-207-thread-1] INFO  server.RaftServerConfigKeys (ConfUtils.java:logGet(44)) - raft.server.log.segment.size.max = 1048576 (custom)
2020-11-26 17:11:59,833 [pool-207-thread-1] INFO  server.RaftServerConfigKeys (ConfUtils.java:logGet(44)) - raft.server.log.preallocated.size = 16384 (custom)
2020-11-26 17:11:59,833 [pool-207-thread-1] INFO  server.RaftServerConfigKeys (ConfUtils.java:logGet(44)) - raft.server.log.write.buffer.size = 1048576 (custom)
2020-11-26 17:11:59,833 [pool-207-thread-1] INFO  server.RaftServerConfigKeys (ConfUtils.java:logGet(44)) - raft.server.log.force.sync.num = 128 (default)
2020-11-26 17:11:59,833 [pool-207-thread-1] INFO  server.RaftServerConfigKeys (ConfUtils.java:logGet(44)) - raft.server.log.statemachine.data.sync = true (default)
2020-11-26 17:11:59,833 [pool-207-thread-1] INFO  server.RaftServerConfigKeys (ConfUtils.java:logGet(44)) - raft.server.log.statemachine.data.sync.timeout = 10s (default)
2020-11-26 17:11:59,834 [pool-207-thread-1] INFO  server.RaftServerConfigKeys (ConfUtils.java:logGet(44)) - raft.server.log.statemachine.data.sync.timeout.retry = -1 (default)
2020-11-26 17:11:59,835 [pool-207-thread-1] INFO  server.RaftServerConfigKeys (ConfUtils.java:logGet(44)) - raft.server.log.statemachine.data.caching.enabled = true (custom)
2020-11-26 17:11:59,835 [pool-207-thread-1] INFO  segmented.SegmentedRaftLogWorker (SegmentedRaftLogWorker.java:lambda$new$0(129)) - b1bf3cee-cb5c-43b1-b618-d84fa5af82f6@group-6FEDBFA20FBE-SegmentedRaftLogWorker: flushIndex: setUnconditionally 0 -> -1
2020-11-26 17:11:59,835 [pool-207-thread-1] INFO  segmented.SegmentedRaftLogWorker (SegmentedRaftLogWorker.java:lambda$new$0(129)) - b1bf3cee-cb5c-43b1-b618-d84fa5af82f6@group-6FEDBFA20FBE-SegmentedRaftLogWorker: safeCacheEvictIndex: setUnconditionally 0 -> -1
2020-11-26 17:11:59,836 [pool-207-thread-1] INFO  server.RaftServerConfigKeys (ConfUtils.java:logGet(44)) - raft.server.snapshot.auto.trigger.enabled = true (custom)
2020-11-26 17:11:59,836 [pool-207-thread-1] INFO  server.RaftServerConfigKeys (ConfUtils.java:logGet(44)) - raft.server.snapshot.auto.trigger.threshold = 10000 (custom)
2020-11-26 17:11:59,836 [pool-207-thread-1] INFO  server.RaftServerConfigKeys (ConfUtils.java:logGet(44)) - raft.server.snapshot.retention.file.num = 5 (custom)
2020-11-26 17:11:59,836 [pool-207-thread-1] INFO  server.RaftServerConfigKeys (ConfUtils.java:logGet(44)) - raft.server.log.purge.upto.snapshot.index = false (default)
2020-11-26 17:11:59,836 [pool-207-thread-1] INFO  server.RaftServerConfigKeys (ConfUtils.java:logGet(44)) - raft.server.retrycache.expirytime = 600000ms (custom)
2020-11-26 17:11:59,836 [pool-207-thread-1] INFO  metrics.RatisMetrics (RatisMetrics.java:lambda$create$0(36)) - Creating Metrics Registry : ratis.leader_election.b1bf3cee-cb5c-43b1-b618-d84fa5af82f6@group-6FEDBFA20FBE
2020-11-26 17:11:59,836 [pool-207-thread-1] INFO  metrics.RatisMetrics (RatisMetrics.java:lambda$create$0(36)) - Creating Metrics Registry : ratis.server.b1bf3cee-cb5c-43b1-b618-d84fa5af82f6@group-6FEDBFA20FBE
2020-11-26 17:11:59,837 [pool-207-thread-1] INFO  impl.RaftServerImpl (RaftServerImpl.java:start(215)) - b1bf3cee-cb5c-43b1-b618-d84fa5af82f6@group-6FEDBFA20FBE: start as a follower, conf=-1: [b1bf3cee-cb5c-43b1-b618-d84fa5af82f6|rpc:172.17.0.2:43435|dataStream:, 466c22d0-338a-4ace-8281-5de7adeb975e|rpc:172.17.0.2:36009|dataStream:, 7ade5ca2-bff4-467c-9da3-f3034c092d73|rpc:172.17.0.2:35745|dataStream:], old=null
2020-11-26 17:11:59,837 [pool-207-thread-1] INFO  impl.RaftServerImpl (RaftServerImpl.java:setRole(204)) - b1bf3cee-cb5c-43b1-b618-d84fa5af82f6@group-6FEDBFA20FBE: changes role from      null to FOLLOWER at term 0 for startAsFollower
2020-11-26 17:11:59,837 [pool-207-thread-1] INFO  impl.RoleInfo (RoleInfo.java:updateAndGet(143)) - b1bf3cee-cb5c-43b1-b618-d84fa5af82f6: start b1bf3cee-cb5c-43b1-b618-d84fa5af82f6@group-6FEDBFA20FBE-FollowerState
2020-11-26 17:11:59,838 [pool-207-thread-1] INFO  util.JmxRegister (JmxRegister.java:tryRegister(44)) - Successfully registered JMX Bean with object name Ratis:service=RaftServer,group=group-6FEDBFA20FBE,id=b1bf3cee-cb5c-43b1-b618-d84fa5af82f6
2020-11-26 17:11:59,838 [pool-207-thread-1] INFO  metrics.RatisMetrics (RatisMetrics.java:lambda$create$0(36)) - Creating Metrics Registry : ratis.state_machine.b1bf3cee-cb5c-43b1-b618-d84fa5af82f6@group-6FEDBFA20FBE
2020-11-26 17:11:59,844 [Command processor thread] INFO  metrics.RatisMetrics (RatisMetrics.java:lambda$create$0(36)) - Creating Metrics Registry : ratis.client_message_metrics.client-F279D689009B->7ade5ca2-bff4-467c-9da3-f3034c092d73
2020-11-26 17:11:59,847 [grpc-default-executor-0] INFO  metrics.RatisMetrics (RatisMetrics.java:lambda$create$0(36)) - Creating Metrics Registry : ratis.server_message_metrics.7ade5ca2-bff4-467c-9da3-f3034c092d73
2020-11-26 17:11:59,849 [grpc-default-executor-0] INFO  impl.RaftServerProxy (RaftServerProxy.java:addNew(93)) - 7ade5ca2-bff4-467c-9da3-f3034c092d73: addNew group-6FEDBFA20FBE:[b1bf3cee-cb5c-43b1-b618-d84fa5af82f6|rpc:172.17.0.2:43435|dataStream:, 466c22d0-338a-4ace-8281-5de7adeb975e|rpc:172.17.0.2:36009|dataStream:, 7ade5ca2-bff4-467c-9da3-f3034c092d73|rpc:172.17.0.2:35745|dataStream:] returns group-6FEDBFA20FBE:java.util.concurrent.CompletableFuture@5e60ebdd[Not completed]
2020-11-26 17:11:59,850 [pool-191-thread-1] INFO  impl.RaftServerImpl (RaftServerImpl.java:<init>(121)) - 7ade5ca2-bff4-467c-9da3-f3034c092d73: new RaftServerImpl for group-6FEDBFA20FBE:[b1bf3cee-cb5c-43b1-b618-d84fa5af82f6|rpc:172.17.0.2:43435|dataStream:, 466c22d0-338a-4ace-8281-5de7adeb975e|rpc:172.17.0.2:36009|dataStream:, 7ade5ca2-bff4-467c-9da3-f3034c092d73|rpc:172.17.0.2:35745|dataStream:] with ContainerStateMachine:uninitialized
2020-11-26 17:11:59,851 [pool-191-thread-1] INFO  server.RaftServerConfigKeys (ConfUtils.java:logGet(44)) - raft.server.rpc.timeout.min = 5s (custom)
2020-11-26 17:11:59,851 [pool-191-thread-1] INFO  server.RaftServerConfigKeys (ConfUtils.java:logGet(44)) - raft.server.rpc.timeout.max = 5200ms (custom)
2020-11-26 17:11:59,851 [pool-191-thread-1] INFO  server.RaftServerConfigKeys (ConfUtils.java:logGet(44)) - raft.server.rpc.slowness.timeout = 300s (custom)
2020-11-26 17:11:59,851 [pool-191-thread-1] INFO  server.RaftServerConfigKeys (ConfUtils.java:logGet(44)) - raft.server.leaderelection.leader.step-down.wait-time = 10s (default)
2020-11-26 17:11:59,851 [pool-191-thread-1] INFO  server.RaftServerConfigKeys (ConfUtils.java:logGet(44)) - raft.server.sleep.deviation.threshold = 300 (default)
2020-11-26 17:11:59,851 [pool-191-thread-1] INFO  server.RaftServerConfigKeys (ConfUtils.java:logGet(44)) - raft.server.log.appender.install.snapshot.enabled = false (custom)
2020-11-26 17:11:59,851 [pool-191-thread-1] INFO  impl.RaftServerImpl (ServerState.java:<init>(104)) - 7ade5ca2-bff4-467c-9da3-f3034c092d73@group-6FEDBFA20FBE: ConfigurationManager, init=-1: [b1bf3cee-cb5c-43b1-b618-d84fa5af82f6|rpc:172.17.0.2:43435|dataStream:, 466c22d0-338a-4ace-8281-5de7adeb975e|rpc:172.17.0.2:36009|dataStream:, 7ade5ca2-bff4-467c-9da3-f3034c092d73|rpc:172.17.0.2:35745|dataStream:], old=null, confs=<EMPTY_MAP>
2020-11-26 17:11:59,851 [pool-191-thread-1] INFO  server.RaftServerConfigKeys (ConfUtils.java:logGet(44)) - raft.server.storage.dir = [/github/workspace/mnt/ozone/hadoop-ozone/integration-test/target/test-dir/MiniOzoneClusterImpl-baac2ffe-e1a6-449a-ab8a-404ec876111f/datanode-1/data/ratis] (custom)
2020-11-26 17:11:59,851 [pool-191-thread-1] INFO  server.RaftServerConfigKeys (ConfUtils.java:logGet(44)) - raft.server.log.corruption.policy = EXCEPTION (default)
2020-11-26 17:11:59,851 [pool-191-thread-1] INFO  storage.RaftStorageDirectory (RaftStorageDirectory.java:analyzeStorage(261)) - The storage directory /github/workspace/mnt/ozone/hadoop-ozone/integration-test/target/test-dir/MiniOzoneClusterImpl-baac2ffe-e1a6-449a-ab8a-404ec876111f/datanode-1/data/ratis/6dd5f12f-9316-49cf-8695-6fedbfa20fbe does not exist. Creating ...
2020-11-26 17:11:59,852 [pool-191-thread-1] INFO  storage.RaftStorageDirectory (RaftStorageDirectory.java:tryLock(343)) - Lock on /github/workspace/mnt/ozone/hadoop-ozone/integration-test/target/test-dir/MiniOzoneClusterImpl-baac2ffe-e1a6-449a-ab8a-404ec876111f/datanode-1/data/ratis/6dd5f12f-9316-49cf-8695-6fedbfa20fbe/in_use.lock acquired by nodename 19970@1581e7703e9d
2020-11-26 17:11:59,853 [pool-191-thread-1] INFO  storage.RaftStorage (RaftStorage.java:format(85)) - Storage directory /github/workspace/mnt/ozone/hadoop-ozone/integration-test/target/test-dir/MiniOzoneClusterImpl-baac2ffe-e1a6-449a-ab8a-404ec876111f/datanode-1/data/ratis/6dd5f12f-9316-49cf-8695-6fedbfa20fbe has been successfully formatted.
2020-11-26 17:11:59,854 [pool-191-thread-1] INFO  ratis.ContainerStateMachine (ContainerStateMachine.java:loadSnapshot(225)) - group-6FEDBFA20FBE: The snapshot info is null. Setting the last applied indexto:(t:0, i:~)
2020-11-26 17:11:59,854 [pool-191-thread-1] INFO  server.RaftServerConfigKeys (ConfUtils.java:logGet(44)) - raft.server.notification.no-leader.timeout = 300s (custom)
2020-11-26 17:11:59,854 [pool-191-thread-1] INFO  server.RaftServerConfigKeys (ConfUtils.java:logGet(44)) - raft.server.log.use.memory = false (default)
2020-11-26 17:11:59,854 [pool-191-thread-1] INFO  server.RaftServerConfigKeys (ConfUtils.java:logGet(44)) - raft.server.log.purge.gap = 1000000 (custom)
2020-11-26 17:11:59,854 [pool-191-thread-1] INFO  metrics.RatisMetrics (RatisMetrics.java:lambda$create$0(36)) - Creating Metrics Registry : ratis.log_worker.7ade5ca2-bff4-467c-9da3-f3034c092d73@group-6FEDBFA20FBE
2020-11-26 17:11:59,854 [pool-191-thread-1] INFO  server.RaftServerConfigKeys (ConfUtils.java:logGet(44)) - raft.server.log.appender.buffer.byte-limit = 33554432 (custom)
2020-11-26 17:11:59,855 [pool-191-thread-1] INFO  server.RaftServerConfigKeys (ConfUtils.java:logGet(44)) - raft.server.log.segment.size.max = 1048576 (custom)
2020-11-26 17:11:59,855 [EventQueue-PipelineReportForOneReplicaPipelineSafeModeRule] INFO  safemode.SCMSafeModeManager (SCMSafeModeManager.java:validateSafeModeExitRules(214)) - AtleastOneDatanodeReportedRule rule is successfully validated
2020-11-26 17:11:59,855 [pool-191-thread-1] INFO  server.RaftServerConfigKeys (ConfUtils.java:logGet(44)) - raft.server.log.segment.cache.num.max = 2 (custom)
2020-11-26 17:11:59,855 [pool-191-thread-1] INFO  segmented.SegmentedRaftLogWorker (SegmentedRaftLogWorker.java:<init>(180)) - new 7ade5ca2-bff4-467c-9da3-f3034c092d73@group-6FEDBFA20FBE-SegmentedRaftLogWorker for RaftStorage:Storage Directory /github/workspace/mnt/ozone/hadoop-ozone/integration-test/target/test-dir/MiniOzoneClusterImpl-baac2ffe-e1a6-449a-ab8a-404ec876111f/datanode-1/data/ratis/6dd5f12f-9316-49cf-8695-6fedbfa20fbe
2020-11-26 17:11:59,855 [pool-191-thread-1] INFO  server.RaftServerConfigKeys (ConfUtils.java:logGet(44)) - raft.server.log.queue.byte-limit = 2147483647 (custom)
2020-11-26 17:11:59,855 [pool-191-thread-1] INFO  server.RaftServerConfigKeys (ConfUtils.java:logGet(44)) - raft.server.log.queue.element-limit = 1024 (custom)
2020-11-26 17:11:59,855 [pool-191-thread-1] INFO  server.RaftServerConfigKeys (ConfUtils.java:logGet(44)) - raft.server.log.segment.size.max = 1048576 (custom)
2020-11-26 17:11:59,855 [pool-191-thread-1] INFO  server.RaftServerConfigKeys (ConfUtils.java:logGet(44)) - raft.server.log.preallocated.size = 16384 (custom)
2020-11-26 17:11:59,855 [pool-191-thread-1] INFO  server.RaftServerConfigKeys (ConfUtils.java:logGet(44)) - raft.server.log.write.buffer.size = 1048576 (custom)
2020-11-26 17:11:59,855 [pool-191-thread-1] INFO  server.RaftServerConfigKeys (ConfUtils.java:logGet(44)) - raft.server.log.force.sync.num = 128 (default)
2020-11-26 17:11:59,855 [pool-191-thread-1] INFO  server.RaftServerConfigKeys (ConfUtils.java:logGet(44)) - raft.server.log.statemachine.data.sync = true (default)
2020-11-26 17:11:59,855 [pool-191-thread-1] INFO  server.RaftServerConfigKeys (ConfUtils.java:logGet(44)) - raft.server.log.statemachine.data.sync.timeout = 10s (default)
2020-11-26 17:11:59,856 [pool-191-thread-1] INFO  server.RaftServerConfigKeys (ConfUtils.java:logGet(44)) - raft.server.log.statemachine.data.sync.timeout.retry = -1 (default)
2020-11-26 17:11:59,857 [pool-191-thread-1] INFO  server.RaftServerConfigKeys (ConfUtils.java:logGet(44)) - raft.server.log.statemachine.data.caching.enabled = true (custom)
2020-11-26 17:11:59,857 [pool-191-thread-1] INFO  segmented.SegmentedRaftLogWorker (SegmentedRaftLogWorker.java:lambda$new$0(129)) - 7ade5ca2-bff4-467c-9da3-f3034c092d73@group-6FEDBFA20FBE-SegmentedRaftLogWorker: flushIndex: setUnconditionally 0 -> -1
2020-11-26 17:11:59,857 [pool-191-thread-1] INFO  segmented.SegmentedRaftLogWorker (SegmentedRaftLogWorker.java:lambda$new$0(129)) - 7ade5ca2-bff4-467c-9da3-f3034c092d73@group-6FEDBFA20FBE-SegmentedRaftLogWorker: safeCacheEvictIndex: setUnconditionally 0 -> -1
2020-11-26 17:11:59,866 [pool-191-thread-1] INFO  server.RaftServerConfigKeys (ConfUtils.java:logGet(44)) - raft.server.snapshot.auto.trigger.enabled = true (custom)
2020-11-26 17:11:59,866 [pool-191-thread-1] INFO  server.RaftServerConfigKeys (ConfUtils.java:logGet(44)) - raft.server.snapshot.auto.trigger.threshold = 10000 (custom)
2020-11-26 17:11:59,866 [pool-191-thread-1] INFO  server.RaftServerConfigKeys (ConfUtils.java:logGet(44)) - raft.server.snapshot.retention.file.num = 5 (custom)
2020-11-26 17:11:59,866 [pool-191-thread-1] INFO  server.RaftServerConfigKeys (ConfUtils.java:logGet(44)) - raft.server.log.purge.upto.snapshot.index = false (default)
2020-11-26 17:11:59,866 [pool-191-thread-1] INFO  server.RaftServerConfigKeys (ConfUtils.java:logGet(44)) - raft.server.retrycache.expirytime = 600000ms (custom)
2020-11-26 17:11:59,866 [pool-191-thread-1] INFO  metrics.RatisMetrics (RatisMetrics.java:lambda$create$0(36)) - Creating Metrics Registry : ratis.leader_election.7ade5ca2-bff4-467c-9da3-f3034c092d73@group-6FEDBFA20FBE
2020-11-26 17:11:59,870 [pool-191-thread-1] INFO  metrics.RatisMetrics (RatisMetrics.java:lambda$create$0(36)) - Creating Metrics Registry : ratis.server.7ade5ca2-bff4-467c-9da3-f3034c092d73@group-6FEDBFA20FBE
2020-11-26 17:11:59,870 [pool-191-thread-1] INFO  impl.RaftServerImpl (RaftServerImpl.java:start(215)) - 7ade5ca2-bff4-467c-9da3-f3034c092d73@group-6FEDBFA20FBE: start as a follower, conf=-1: [b1bf3cee-cb5c-43b1-b618-d84fa5af82f6|rpc:172.17.0.2:43435|dataStream:, 466c22d0-338a-4ace-8281-5de7adeb975e|rpc:172.17.0.2:36009|dataStream:, 7ade5ca2-bff4-467c-9da3-f3034c092d73|rpc:172.17.0.2:35745|dataStream:], old=null
2020-11-26 17:11:59,871 [pool-191-thread-1] INFO  impl.RaftServerImpl (RaftServerImpl.java:setRole(204)) - 7ade5ca2-bff4-467c-9da3-f3034c092d73@group-6FEDBFA20FBE: changes role from      null to FOLLOWER at term 0 for startAsFollower
2020-11-26 17:11:59,871 [pool-191-thread-1] INFO  impl.RoleInfo (RoleInfo.java:updateAndGet(143)) - 7ade5ca2-bff4-467c-9da3-f3034c092d73: start 7ade5ca2-bff4-467c-9da3-f3034c092d73@group-6FEDBFA20FBE-FollowerState
2020-11-26 17:11:59,871 [pool-191-thread-1] INFO  util.JmxRegister (JmxRegister.java:tryRegister(44)) - Successfully registered JMX Bean with object name Ratis:service=RaftServer,group=group-6FEDBFA20FBE,id=7ade5ca2-bff4-467c-9da3-f3034c092d73
2020-11-26 17:11:59,871 [pool-191-thread-1] INFO  metrics.RatisMetrics (RatisMetrics.java:lambda$create$0(36)) - Creating Metrics Registry : ratis.state_machine.7ade5ca2-bff4-467c-9da3-f3034c092d73@group-6FEDBFA20FBE
2020-11-26 17:11:59,878 [Command processor thread] INFO  commandhandler.CreatePipelineCommandHandler (CreatePipelineCommandHandler.java:handle(106)) - Created Pipeline RATIS THREE PipelineID=6dd5f12f-9316-49cf-8695-6fedbfa20fbe.
2020-11-26 17:11:59,950 [Command processor thread] INFO  impl.RaftServerProxy (RaftServerProxy.java:addNew(93)) - 7ade5ca2-bff4-467c-9da3-f3034c092d73: addNew group-990679950FAF:[7ade5ca2-bff4-467c-9da3-f3034c092d73|rpc:172.17.0.2:35745] returns group-990679950FAF:java.util.concurrent.CompletableFuture@1d68c19f[Not completed]
2020-11-26 17:11:59,951 [pool-191-thread-1] INFO  impl.RaftServerImpl (RaftServerImpl.java:<init>(121)) - 7ade5ca2-bff4-467c-9da3-f3034c092d73: new RaftServerImpl for group-990679950FAF:[7ade5ca2-bff4-467c-9da3-f3034c092d73|rpc:172.17.0.2:35745] with ContainerStateMachine:uninitialized
2020-11-26 17:11:59,951 [pool-191-thread-1] INFO  server.RaftServerConfigKeys (ConfUtils.java:logGet(44)) - raft.server.rpc.timeout.min = 5s (custom)
2020-11-26 17:11:59,951 [pool-191-thread-1] INFO  server.RaftServerConfigKeys (ConfUtils.java:logGet(44)) - raft.server.rpc.timeout.max = 5200ms (custom)
2020-11-26 17:11:59,951 [pool-191-thread-1] INFO  server.RaftServerConfigKeys (ConfUtils.java:logGet(44)) - raft.server.rpc.slowness.timeout = 300s (custom)
2020-11-26 17:11:59,951 [pool-191-thread-1] INFO  server.RaftServerConfigKeys (ConfUtils.java:logGet(44)) - raft.server.leaderelection.leader.step-down.wait-time = 10s (default)
2020-11-26 17:11:59,951 [pool-191-thread-1] INFO  server.RaftServerConfigKeys (ConfUtils.java:logGet(44)) - raft.server.sleep.deviation.threshold = 300 (default)
2020-11-26 17:11:59,952 [pool-191-thread-1] INFO  server.RaftServerConfigKeys (ConfUtils.java:logGet(44)) - raft.server.log.appender.install.snapshot.enabled = false (custom)
2020-11-26 17:11:59,952 [pool-191-thread-1] INFO  impl.RaftServerImpl (ServerState.java:<init>(104)) - 7ade5ca2-bff4-467c-9da3-f3034c092d73@group-990679950FAF: ConfigurationManager, init=-1: [7ade5ca2-bff4-467c-9da3-f3034c092d73|rpc:172.17.0.2:35745], old=null, confs=<EMPTY_MAP>
2020-11-26 17:11:59,952 [pool-191-thread-1] INFO  server.RaftServerConfigKeys (ConfUtils.java:logGet(44)) - raft.server.storage.dir = [/github/workspace/mnt/ozone/hadoop-ozone/integration-test/target/test-dir/MiniOzoneClusterImpl-baac2ffe-e1a6-449a-ab8a-404ec876111f/datanode-1/data/ratis] (custom)
2020-11-26 17:11:59,952 [pool-191-thread-1] INFO  server.RaftServerConfigKeys (ConfUtils.java:logGet(44)) - raft.server.log.corruption.policy = EXCEPTION (default)
2020-11-26 17:11:59,952 [pool-191-thread-1] INFO  storage.RaftStorageDirectory (RaftStorageDirectory.java:analyzeStorage(261)) - The storage directory /github/workspace/mnt/ozone/hadoop-ozone/integration-test/target/test-dir/MiniOzoneClusterImpl-baac2ffe-e1a6-449a-ab8a-404ec876111f/datanode-1/data/ratis/7a2759e7-3455-40b2-adcd-990679950faf does not exist. Creating ...
2020-11-26 17:11:59,953 [pool-191-thread-1] INFO  storage.RaftStorageDirectory (RaftStorageDirectory.java:tryLock(343)) - Lock on /github/workspace/mnt/ozone/hadoop-ozone/integration-test/target/test-dir/MiniOzoneClusterImpl-baac2ffe-e1a6-449a-ab8a-404ec876111f/datanode-1/data/ratis/7a2759e7-3455-40b2-adcd-990679950faf/in_use.lock acquired by nodename 19970@1581e7703e9d
2020-11-26 17:11:59,954 [pool-191-thread-1] INFO  storage.RaftStorage (RaftStorage.java:format(85)) - Storage directory /github/workspace/mnt/ozone/hadoop-ozone/integration-test/target/test-dir/MiniOzoneClusterImpl-baac2ffe-e1a6-449a-ab8a-404ec876111f/datanode-1/data/ratis/7a2759e7-3455-40b2-adcd-990679950faf has been successfully formatted.
2020-11-26 17:11:59,954 [pool-191-thread-1] INFO  ratis.ContainerStateMachine (ContainerStateMachine.java:loadSnapshot(225)) - group-990679950FAF: The snapshot info is null. Setting the last applied indexto:(t:0, i:~)
2020-11-26 17:11:59,954 [pool-191-thread-1] INFO  server.RaftServerConfigKeys (ConfUtils.java:logGet(44)) - raft.server.notification.no-leader.timeout = 300s (custom)
2020-11-26 17:11:59,954 [pool-191-thread-1] INFO  server.RaftServerConfigKeys (ConfUtils.java:logGet(44)) - raft.server.log.use.memory = false (default)
2020-11-26 17:11:59,955 [pool-191-thread-1] INFO  server.RaftServerConfigKeys (ConfUtils.java:logGet(44)) - raft.server.log.purge.gap = 1000000 (custom)
2020-11-26 17:11:59,955 [pool-191-thread-1] INFO  metrics.RatisMetrics (RatisMetrics.java:lambda$create$0(36)) - Creating Metrics Registry : ratis.log_worker.7ade5ca2-bff4-467c-9da3-f3034c092d73@group-990679950FAF
2020-11-26 17:11:59,955 [pool-191-thread-1] INFO  server.RaftServerConfigKeys (ConfUtils.java:logGet(44)) - raft.server.log.appender.buffer.byte-limit = 33554432 (custom)
2020-11-26 17:11:59,955 [pool-191-thread-1] INFO  server.RaftServerConfigKeys (ConfUtils.java:logGet(44)) - raft.server.log.segment.size.max = 1048576 (custom)
2020-11-26 17:11:59,955 [pool-191-thread-1] INFO  server.RaftServerConfigKeys (ConfUtils.java:logGet(44)) - raft.server.log.segment.cache.num.max = 2 (custom)
2020-11-26 17:11:59,955 [EventQueue-PipelineReportForOneReplicaPipelineSafeModeRule] INFO  safemode.SCMSafeModeManager (SCMSafeModeManager.java:validateSafeModeExitRules(214)) - AtleastOneDatanodeReportedRule rule is successfully validated
2020-11-26 17:11:59,956 [EventQueue-PipelineReportForPipelineReportHandler] INFO  pipeline.PipelineStateManager (PipelineStateManager.java:openPipeline(132)) - Pipeline Pipeline[ Id: 7a2759e7-3455-40b2-adcd-990679950faf, Nodes: 7ade5ca2-bff4-467c-9da3-f3034c092d73{ip: 172.17.0.2, host: 1581e7703e9d, networkLocation: /default-rack, certSerialId: null}, Type:RATIS, Factor:ONE, State:ALLOCATED, leaderId:7ade5ca2-bff4-467c-9da3-f3034c092d73, CreationTimestamp2020-11-26T17:11:56.953Z] moved to OPEN state
2020-11-26 17:11:59,956 [EventQueue-OpenPipelineForHealthyPipelineSafeModeRule] INFO  safemode.SCMSafeModeManager (HealthyPipelineSafeModeRule.java:process(128)) - SCM in safe mode. Healthy pipelines reported count is 0, required healthy pipeline reported count is 1
2020-11-26 17:11:59,955 [pool-191-thread-1] INFO  segmented.SegmentedRaftLogWorker (SegmentedRaftLogWorker.java:<init>(180)) - new 7ade5ca2-bff4-467c-9da3-f3034c092d73@group-990679950FAF-SegmentedRaftLogWorker for RaftStorage:Storage Directory /github/workspace/mnt/ozone/hadoop-ozone/integration-test/target/test-dir/MiniOzoneClusterImpl-baac2ffe-e1a6-449a-ab8a-404ec876111f/datanode-1/data/ratis/7a2759e7-3455-40b2-adcd-990679950faf
2020-11-26 17:11:59,956 [pool-191-thread-1] INFO  server.RaftServerConfigKeys (ConfUtils.java:logGet(44)) - raft.server.log.queue.byte-limit = 2147483647 (custom)
2020-11-26 17:11:59,956 [pool-191-thread-1] INFO  server.RaftServerConfigKeys (ConfUtils.java:logGet(44)) - raft.server.log.queue.element-limit = 1024 (custom)
2020-11-26 17:11:59,956 [pool-191-thread-1] INFO  server.RaftServerConfigKeys (ConfUtils.java:logGet(44)) - raft.server.log.segment.size.max = 1048576 (custom)
2020-11-26 17:11:59,956 [pool-191-thread-1] INFO  server.RaftServerConfigKeys (ConfUtils.java:logGet(44)) - raft.server.log.preallocated.size = 16384 (custom)
2020-11-26 17:11:59,957 [pool-191-thread-1] INFO  server.RaftServerConfigKeys (ConfUtils.java:logGet(44)) - raft.server.log.write.buffer.size = 1048576 (custom)
2020-11-26 17:11:59,957 [pool-191-thread-1] INFO  server.RaftServerConfigKeys (ConfUtils.java:logGet(44)) - raft.server.log.force.sync.num = 128 (default)
2020-11-26 17:11:59,957 [pool-191-thread-1] INFO  server.RaftServerConfigKeys (ConfUtils.java:logGet(44)) - raft.server.log.statemachine.data.sync = true (default)
2020-11-26 17:11:59,957 [pool-191-thread-1] INFO  server.RaftServerConfigKeys (ConfUtils.java:logGet(44)) - raft.server.log.statemachine.data.sync.timeout = 10s (default)
2020-11-26 17:11:59,957 [pool-191-thread-1] INFO  server.RaftServerConfigKeys (ConfUtils.java:logGet(44)) - raft.server.log.statemachine.data.sync.timeout.retry = -1 (default)
2020-11-26 17:11:59,958 [pool-191-thread-1] INFO  server.RaftServerConfigKeys (ConfUtils.java:logGet(44)) - raft.server.log.statemachine.data.caching.enabled = true (custom)
2020-11-26 17:11:59,958 [pool-191-thread-1] INFO  segmented.SegmentedRaftLogWorker (SegmentedRaftLogWorker.java:lambda$new$0(129)) - 7ade5ca2-bff4-467c-9da3-f3034c092d73@group-990679950FAF-SegmentedRaftLogWorker: flushIndex: setUnconditionally 0 -> -1
2020-11-26 17:11:59,958 [pool-191-thread-1] INFO  segmented.SegmentedRaftLogWorker (SegmentedRaftLogWorker.java:lambda$new$0(129)) - 7ade5ca2-bff4-467c-9da3-f3034c092d73@group-990679950FAF-SegmentedRaftLogWorker: safeCacheEvictIndex: setUnconditionally 0 -> -1
2020-11-26 17:11:59,960 [pool-191-thread-1] INFO  server.RaftServerConfigKeys (ConfUtils.java:logGet(44)) - raft.server.snapshot.auto.trigger.enabled = true (custom)
2020-11-26 17:11:59,960 [pool-191-thread-1] INFO  server.RaftServerConfigKeys (ConfUtils.java:logGet(44)) - raft.server.snapshot.auto.trigger.threshold = 10000 (custom)
2020-11-26 17:11:59,960 [pool-191-thread-1] INFO  server.RaftServerConfigKeys (ConfUtils.java:logGet(44)) - raft.server.snapshot.retention.file.num = 5 (custom)
2020-11-26 17:11:59,960 [pool-191-thread-1] INFO  server.RaftServerConfigKeys (ConfUtils.java:logGet(44)) - raft.server.log.purge.upto.snapshot.index = false (default)
2020-11-26 17:11:59,960 [pool-191-thread-1] INFO  server.RaftServerConfigKeys (ConfUtils.java:logGet(44)) - raft.server.retrycache.expirytime = 600000ms (custom)
2020-11-26 17:11:59,961 [pool-191-thread-1] INFO  metrics.RatisMetrics (RatisMetrics.java:lambda$create$0(36)) - Creating Metrics Registry : ratis.leader_election.7ade5ca2-bff4-467c-9da3-f3034c092d73@group-990679950FAF
2020-11-26 17:11:59,961 [pool-191-thread-1] INFO  metrics.RatisMetrics (RatisMetrics.java:lambda$create$0(36)) - Creating Metrics Registry : ratis.server.7ade5ca2-bff4-467c-9da3-f3034c092d73@group-990679950FAF
2020-11-26 17:11:59,962 [pool-191-thread-1] INFO  impl.RaftServerImpl (RaftServerImpl.java:start(215)) - 7ade5ca2-bff4-467c-9da3-f3034c092d73@group-990679950FAF: start as a follower, conf=-1: [7ade5ca2-bff4-467c-9da3-f3034c092d73|rpc:172.17.0.2:35745], old=null
2020-11-26 17:11:59,962 [pool-191-thread-1] INFO  impl.RaftServerImpl (RaftServerImpl.java:setRole(204)) - 7ade5ca2-bff4-467c-9da3-f3034c092d73@group-990679950FAF: changes role from      null to FOLLOWER at term 0 for startAsFollower
2020-11-26 17:11:59,962 [pool-191-thread-1] INFO  impl.RoleInfo (RoleInfo.java:updateAndGet(143)) - 7ade5ca2-bff4-467c-9da3-f3034c092d73: start 7ade5ca2-bff4-467c-9da3-f3034c092d73@group-990679950FAF-FollowerState
2020-11-26 17:11:59,962 [pool-191-thread-1] INFO  util.JmxRegister (JmxRegister.java:tryRegister(44)) - Successfully registered JMX Bean with object name Ratis:service=RaftServer,group=group-990679950FAF,id=7ade5ca2-bff4-467c-9da3-f3034c092d73
2020-11-26 17:11:59,962 [pool-191-thread-1] INFO  metrics.RatisMetrics (RatisMetrics.java:lambda$create$0(36)) - Creating Metrics Registry : ratis.state_machine.7ade5ca2-bff4-467c-9da3-f3034c092d73@group-990679950FAF
2020-11-26 17:11:59,963 [Command processor thread] INFO  commandhandler.CreatePipelineCommandHandler (CreatePipelineCommandHandler.java:handle(106)) - Created Pipeline RATIS ONE PipelineID=7a2759e7-3455-40b2-adcd-990679950faf.
2020-11-26 17:12:00,207 [Listener at 127.0.0.1/40769] INFO  ozone.MiniOzoneClusterImpl (MiniOzoneClusterImpl.java:lambda$waitForClusterToBeReady$0(178)) - Nodes are ready. Got 7 of 7 DN Heartbeats.
2020-11-26 17:12:00,207 [Listener at 127.0.0.1/40769] INFO  ozone.MiniOzoneClusterImpl (MiniOzoneClusterImpl.java:lambda$waitForClusterToBeReady$0(181)) - Waiting for cluster to exit safe mode
2020-11-26 17:12:00,283 [Command processor thread] INFO  impl.RaftServerProxy (RaftServerProxy.java:addNew(93)) - b1bf3cee-cb5c-43b1-b618-d84fa5af82f6: addNew group-5A8150950B18:[b1bf3cee-cb5c-43b1-b618-d84fa5af82f6|rpc:172.17.0.2:43435] returns group-5A8150950B18:java.util.concurrent.CompletableFuture@6a7e28fb[Not completed]
2020-11-26 17:12:00,283 [pool-207-thread-1] INFO  impl.RaftServerImpl (RaftServerImpl.java:<init>(121)) - b1bf3cee-cb5c-43b1-b618-d84fa5af82f6: new RaftServerImpl for group-5A8150950B18:[b1bf3cee-cb5c-43b1-b618-d84fa5af82f6|rpc:172.17.0.2:43435] with ContainerStateMachine:uninitialized
2020-11-26 17:12:00,284 [pool-207-thread-1] INFO  server.RaftServerConfigKeys (ConfUtils.java:logGet(44)) - raft.server.rpc.timeout.min = 5s (custom)
2020-11-26 17:12:00,284 [pool-207-thread-1] INFO  server.RaftServerConfigKeys (ConfUtils.java:logGet(44)) - raft.server.rpc.timeout.max = 5200ms (custom)
2020-11-26 17:12:00,284 [pool-207-thread-1] INFO  server.RaftServerConfigKeys (ConfUtils.java:logGet(44)) - raft.server.rpc.slowness.timeout = 300s (custom)
2020-11-26 17:12:00,284 [pool-207-thread-1] INFO  server.RaftServerConfigKeys (ConfUtils.java:logGet(44)) - raft.server.leaderelection.leader.step-down.wait-time = 10s (default)
2020-11-26 17:12:00,284 [pool-207-thread-1] INFO  server.RaftServerConfigKeys (ConfUtils.java:logGet(44)) - raft.server.sleep.deviation.threshold = 300 (default)
2020-11-26 17:12:00,284 [pool-207-thread-1] INFO  server.RaftServerConfigKeys (ConfUtils.java:logGet(44)) - raft.server.log.appender.install.snapshot.enabled = false (custom)
2020-11-26 17:12:00,284 [pool-207-thread-1] INFO  impl.RaftServerImpl (ServerState.java:<init>(104)) - b1bf3cee-cb5c-43b1-b618-d84fa5af82f6@group-5A8150950B18: ConfigurationManager, init=-1: [b1bf3cee-cb5c-43b1-b618-d84fa5af82f6|rpc:172.17.0.2:43435], old=null, confs=<EMPTY_MAP>
2020-11-26 17:12:00,284 [pool-207-thread-1] INFO  server.RaftServerConfigKeys (ConfUtils.java:logGet(44)) - raft.server.storage.dir = [/github/workspace/mnt/ozone/hadoop-ozone/integration-test/target/test-dir/MiniOzoneClusterImpl-baac2ffe-e1a6-449a-ab8a-404ec876111f/datanode-2/data/ratis] (custom)
2020-11-26 17:12:00,284 [pool-207-thread-1] INFO  server.RaftServerConfigKeys (ConfUtils.java:logGet(44)) - raft.server.log.corruption.policy = EXCEPTION (default)
2020-11-26 17:12:00,284 [pool-207-thread-1] INFO  storage.RaftStorageDirectory (RaftStorageDirectory.java:analyzeStorage(261)) - The storage directory /github/workspace/mnt/ozone/hadoop-ozone/integration-test/target/test-dir/MiniOzoneClusterImpl-baac2ffe-e1a6-449a-ab8a-404ec876111f/datanode-2/data/ratis/a4ffb5b4-1a8a-4310-befd-5a8150950b18 does not exist. Creating ...
2020-11-26 17:12:00,285 [pool-207-thread-1] INFO  storage.RaftStorageDirectory (RaftStorageDirectory.java:tryLock(343)) - Lock on /github/workspace/mnt/ozone/hadoop-ozone/integration-test/target/test-dir/MiniOzoneClusterImpl-baac2ffe-e1a6-449a-ab8a-404ec876111f/datanode-2/data/ratis/a4ffb5b4-1a8a-4310-befd-5a8150950b18/in_use.lock acquired by nodename 19970@1581e7703e9d
2020-11-26 17:12:00,286 [pool-207-thread-1] INFO  storage.RaftStorage (RaftStorage.java:format(85)) - Storage directory /github/workspace/mnt/ozone/hadoop-ozone/integration-test/target/test-dir/MiniOzoneClusterImpl-baac2ffe-e1a6-449a-ab8a-404ec876111f/datanode-2/data/ratis/a4ffb5b4-1a8a-4310-befd-5a8150950b18 has been successfully formatted.
2020-11-26 17:12:00,286 [pool-207-thread-1] INFO  ratis.ContainerStateMachine (ContainerStateMachine.java:loadSnapshot(225)) - group-5A8150950B18: The snapshot info is null. Setting the last applied indexto:(t:0, i:~)
2020-11-26 17:12:00,287 [pool-207-thread-1] INFO  server.RaftServerConfigKeys (ConfUtils.java:logGet(44)) - raft.server.notification.no-leader.timeout = 300s (custom)
2020-11-26 17:12:00,287 [pool-207-thread-1] INFO  server.RaftServerConfigKeys (ConfUtils.java:logGet(44)) - raft.server.log.use.memory = false (default)
2020-11-26 17:12:00,287 [pool-207-thread-1] INFO  server.RaftServerConfigKeys (ConfUtils.java:logGet(44)) - raft.server.log.purge.gap = 1000000 (custom)
2020-11-26 17:12:00,287 [pool-207-thread-1] INFO  metrics.RatisMetrics (RatisMetrics.java:lambda$create$0(36)) - Creating Metrics Registry : ratis.log_worker.b1bf3cee-cb5c-43b1-b618-d84fa5af82f6@group-5A8150950B18
2020-11-26 17:12:00,287 [pool-207-thread-1] INFO  server.RaftServerConfigKeys (ConfUtils.java:logGet(44)) - raft.server.log.appender.buffer.byte-limit = 33554432 (custom)
2020-11-26 17:12:00,287 [pool-207-thread-1] INFO  server.RaftServerConfigKeys (ConfUtils.java:logGet(44)) - raft.server.log.segment.size.max = 1048576 (custom)
2020-11-26 17:12:00,287 [EventQueue-PipelineReportForOneReplicaPipelineSafeModeRule] INFO  safemode.SCMSafeModeManager (SCMSafeModeManager.java:validateSafeModeExitRules(214)) - AtleastOneDatanodeReportedRule rule is successfully validated
2020-11-26 17:12:00,288 [pool-207-thread-1] INFO  server.RaftServerConfigKeys (ConfUtils.java:logGet(44)) - raft.server.log.segment.cache.num.max = 2 (custom)
2020-11-26 17:12:00,288 [pool-207-thread-1] INFO  segmented.SegmentedRaftLogWorker (SegmentedRaftLogWorker.java:<init>(180)) - new b1bf3cee-cb5c-43b1-b618-d84fa5af82f6@group-5A8150950B18-SegmentedRaftLogWorker for RaftStorage:Storage Directory /github/workspace/mnt/ozone/hadoop-ozone/integration-test/target/test-dir/MiniOzoneClusterImpl-baac2ffe-e1a6-449a-ab8a-404ec876111f/datanode-2/data/ratis/a4ffb5b4-1a8a-4310-befd-5a8150950b18
2020-11-26 17:12:00,288 [pool-207-thread-1] INFO  server.RaftServerConfigKeys (ConfUtils.java:logGet(44)) - raft.server.log.queue.byte-limit = 2147483647 (custom)
2020-11-26 17:12:00,288 [EventQueue-PipelineReportForPipelineReportHandler] INFO  pipeline.PipelineStateManager (PipelineStateManager.java:openPipeline(132)) - Pipeline Pipeline[ Id: a4ffb5b4-1a8a-4310-befd-5a8150950b18, Nodes: b1bf3cee-cb5c-43b1-b618-d84fa5af82f6{ip: 172.17.0.2, host: 1581e7703e9d, networkLocation: /default-rack, certSerialId: null}, Type:RATIS, Factor:ONE, State:ALLOCATED, leaderId:b1bf3cee-cb5c-43b1-b618-d84fa5af82f6, CreationTimestamp2020-11-26T17:11:57.284Z] moved to OPEN state
2020-11-26 17:12:00,288 [EventQueue-OpenPipelineForHealthyPipelineSafeModeRule] INFO  safemode.SCMSafeModeManager (HealthyPipelineSafeModeRule.java:process(128)) - SCM in safe mode. Healthy pipelines reported count is 0, required healthy pipeline reported count is 1
2020-11-26 17:12:00,288 [pool-207-thread-1] INFO  server.RaftServerConfigKeys (ConfUtils.java:logGet(44)) - raft.server.log.queue.element-limit = 1024 (custom)
2020-11-26 17:12:00,288 [pool-207-thread-1] INFO  server.RaftServerConfigKeys (ConfUtils.java:logGet(44)) - raft.server.log.segment.size.max = 1048576 (custom)
2020-11-26 17:12:00,288 [pool-207-thread-1] INFO  server.RaftServerConfigKeys (ConfUtils.java:logGet(44)) - raft.server.log.preallocated.size = 16384 (custom)
2020-11-26 17:12:00,288 [pool-207-thread-1] INFO  server.RaftServerConfigKeys (ConfUtils.java:logGet(44)) - raft.server.log.write.buffer.size = 1048576 (custom)
2020-11-26 17:12:00,288 [pool-207-thread-1] INFO  server.RaftServerConfigKeys (ConfUtils.java:logGet(44)) - raft.server.log.force.sync.num = 128 (default)
2020-11-26 17:12:00,289 [pool-207-thread-1] INFO  server.RaftServerConfigKeys (ConfUtils.java:logGet(44)) - raft.server.log.statemachine.data.sync = true (default)
2020-11-26 17:12:00,289 [pool-207-thread-1] INFO  server.RaftServerConfigKeys (ConfUtils.java:logGet(44)) - raft.server.log.statemachine.data.sync.timeout = 10s (default)
2020-11-26 17:12:00,289 [pool-207-thread-1] INFO  server.RaftServerConfigKeys (ConfUtils.java:logGet(44)) - raft.server.log.statemachine.data.sync.timeout.retry = -1 (default)
2020-11-26 17:12:00,290 [pool-207-thread-1] INFO  server.RaftServerConfigKeys (ConfUtils.java:logGet(44)) - raft.server.log.statemachine.data.caching.enabled = true (custom)
2020-11-26 17:12:00,290 [pool-207-thread-1] INFO  segmented.SegmentedRaftLogWorker (SegmentedRaftLogWorker.java:lambda$new$0(129)) - b1bf3cee-cb5c-43b1-b618-d84fa5af82f6@group-5A8150950B18-SegmentedRaftLogWorker: flushIndex: setUnconditionally 0 -> -1
2020-11-26 17:12:00,290 [pool-207-thread-1] INFO  segmented.SegmentedRaftLogWorker (SegmentedRaftLogWorker.java:lambda$new$0(129)) - b1bf3cee-cb5c-43b1-b618-d84fa5af82f6@group-5A8150950B18-SegmentedRaftLogWorker: safeCacheEvictIndex: setUnconditionally 0 -> -1
2020-11-26 17:12:00,291 [pool-207-thread-1] INFO  server.RaftServerConfigKeys (ConfUtils.java:logGet(44)) - raft.server.snapshot.auto.trigger.enabled = true (custom)
2020-11-26 17:12:00,291 [pool-207-thread-1] INFO  server.RaftServerConfigKeys (ConfUtils.java:logGet(44)) - raft.server.snapshot.auto.trigger.threshold = 10000 (custom)
2020-11-26 17:12:00,291 [pool-207-thread-1] INFO  server.RaftServerConfigKeys (ConfUtils.java:logGet(44)) - raft.server.snapshot.retention.file.num = 5 (custom)
2020-11-26 17:12:00,291 [pool-207-thread-1] INFO  server.RaftServerConfigKeys (ConfUtils.java:logGet(44)) - raft.server.log.purge.upto.snapshot.index = false (default)
2020-11-26 17:12:00,291 [pool-207-thread-1] INFO  server.RaftServerConfigKeys (ConfUtils.java:logGet(44)) - raft.server.retrycache.expirytime = 600000ms (custom)
2020-11-26 17:12:00,291 [pool-207-thread-1] INFO  metrics.RatisMetrics (RatisMetrics.java:lambda$create$0(36)) - Creating Metrics Registry : ratis.leader_election.b1bf3cee-cb5c-43b1-b618-d84fa5af82f6@group-5A8150950B18
2020-11-26 17:12:00,291 [pool-207-thread-1] INFO  metrics.RatisMetrics (RatisMetrics.java:lambda$create$0(36)) - Creating Metrics Registry : ratis.server.b1bf3cee-cb5c-43b1-b618-d84fa5af82f6@group-5A8150950B18
2020-11-26 17:12:00,292 [pool-207-thread-1] INFO  impl.RaftServerImpl (RaftServerImpl.java:start(215)) - b1bf3cee-cb5c-43b1-b618-d84fa5af82f6@group-5A8150950B18: start as a follower, conf=-1: [b1bf3cee-cb5c-43b1-b618-d84fa5af82f6|rpc:172.17.0.2:43435], old=null
2020-11-26 17:12:00,292 [pool-207-thread-1] INFO  impl.RaftServerImpl (RaftServerImpl.java:setRole(204)) - b1bf3cee-cb5c-43b1-b618-d84fa5af82f6@group-5A8150950B18: changes role from      null to FOLLOWER at term 0 for startAsFollower
2020-11-26 17:12:00,292 [pool-207-thread-1] INFO  impl.RoleInfo (RoleInfo.java:updateAndGet(143)) - b1bf3cee-cb5c-43b1-b618-d84fa5af82f6: start b1bf3cee-cb5c-43b1-b618-d84fa5af82f6@group-5A8150950B18-FollowerState
2020-11-26 17:12:00,300 [pool-207-thread-1] INFO  util.JmxRegister (JmxRegister.java:tryRegister(44)) - Successfully registered JMX Bean with object name Ratis:service=RaftServer,group=group-5A8150950B18,id=b1bf3cee-cb5c-43b1-b618-d84fa5af82f6
2020-11-26 17:12:00,300 [pool-207-thread-1] INFO  metrics.RatisMetrics (RatisMetrics.java:lambda$create$0(36)) - Creating Metrics Registry : ratis.state_machine.b1bf3cee-cb5c-43b1-b618-d84fa5af82f6@group-5A8150950B18
2020-11-26 17:12:00,301 [Command processor thread] INFO  commandhandler.CreatePipelineCommandHandler (CreatePipelineCommandHandler.java:handle(106)) - Created Pipeline RATIS ONE PipelineID=a4ffb5b4-1a8a-4310-befd-5a8150950b18.
2020-11-26 17:12:00,513 [Command processor thread] INFO  impl.RaftServerProxy (RaftServerProxy.java:addNew(93)) - 433667c4-acee-4b27-a3b7-b728b5272bf1: addNew group-67D43AF5053D:[433667c4-acee-4b27-a3b7-b728b5272bf1|rpc:172.17.0.2:42205] returns group-67D43AF5053D:java.util.concurrent.CompletableFuture@5e5e501[Not completed]
2020-11-26 17:12:00,515 [pool-223-thread-1] INFO  impl.RaftServerImpl (RaftServerImpl.java:<init>(121)) - 433667c4-acee-4b27-a3b7-b728b5272bf1: new RaftServerImpl for group-67D43AF5053D:[433667c4-acee-4b27-a3b7-b728b5272bf1|rpc:172.17.0.2:42205] with ContainerStateMachine:uninitialized
2020-11-26 17:12:00,516 [pool-223-thread-1] INFO  server.RaftServerConfigKeys (ConfUtils.java:logGet(44)) - raft.server.rpc.timeout.min = 5s (custom)
2020-11-26 17:12:00,516 [pool-223-thread-1] INFO  server.RaftServerConfigKeys (ConfUtils.java:logGet(44)) - raft.server.rpc.timeout.max = 5200ms (custom)
2020-11-26 17:12:00,516 [pool-223-thread-1] INFO  server.RaftServerConfigKeys (ConfUtils.java:logGet(44)) - raft.server.rpc.slowness.timeout = 300s (custom)
2020-11-26 17:12:00,516 [pool-223-thread-1] INFO  server.RaftServerConfigKeys (ConfUtils.java:logGet(44)) - raft.server.leaderelection.leader.step-down.wait-time = 10s (default)
2020-11-26 17:12:00,516 [pool-223-thread-1] INFO  server.RaftServerConfigKeys (ConfUtils.java:logGet(44)) - raft.server.sleep.deviation.threshold = 300 (default)
2020-11-26 17:12:00,516 [pool-223-thread-1] INFO  server.RaftServerConfigKeys (ConfUtils.java:logGet(44)) - raft.server.log.appender.install.snapshot.enabled = false (custom)
2020-11-26 17:12:00,516 [pool-223-thread-1] INFO  impl.RaftServerImpl (ServerState.java:<init>(104)) - 433667c4-acee-4b27-a3b7-b728b5272bf1@group-67D43AF5053D: ConfigurationManager, init=-1: [433667c4-acee-4b27-a3b7-b728b5272bf1|rpc:172.17.0.2:42205], old=null, confs=<EMPTY_MAP>
2020-11-26 17:12:00,517 [pool-223-thread-1] INFO  server.RaftServerConfigKeys (ConfUtils.java:logGet(44)) - raft.server.storage.dir = [/github/workspace/mnt/ozone/hadoop-ozone/integration-test/target/test-dir/MiniOzoneClusterImpl-baac2ffe-e1a6-449a-ab8a-404ec876111f/datanode-3/data/ratis] (custom)
2020-11-26 17:12:00,517 [pool-223-thread-1] INFO  server.RaftServerConfigKeys (ConfUtils.java:logGet(44)) - raft.server.log.corruption.policy = EXCEPTION (default)
2020-11-26 17:12:00,517 [pool-223-thread-1] INFO  storage.RaftStorageDirectory (RaftStorageDirectory.java:analyzeStorage(261)) - The storage directory /github/workspace/mnt/ozone/hadoop-ozone/integration-test/target/test-dir/MiniOzoneClusterImpl-baac2ffe-e1a6-449a-ab8a-404ec876111f/datanode-3/data/ratis/a9e89ff2-78a7-4fbe-a199-67d43af5053d does not exist. Creating ...
2020-11-26 17:12:00,518 [pool-223-thread-1] INFO  storage.RaftStorageDirectory (RaftStorageDirectory.java:tryLock(343)) - Lock on /github/workspace/mnt/ozone/hadoop-ozone/integration-test/target/test-dir/MiniOzoneClusterImpl-baac2ffe-e1a6-449a-ab8a-404ec876111f/datanode-3/data/ratis/a9e89ff2-78a7-4fbe-a199-67d43af5053d/in_use.lock acquired by nodename 19970@1581e7703e9d
2020-11-26 17:12:00,519 [pool-223-thread-1] INFO  storage.RaftStorage (RaftStorage.java:format(85)) - Storage directory /github/workspace/mnt/ozone/hadoop-ozone/integration-test/target/test-dir/MiniOzoneClusterImpl-baac2ffe-e1a6-449a-ab8a-404ec876111f/datanode-3/data/ratis/a9e89ff2-78a7-4fbe-a199-67d43af5053d has been successfully formatted.
2020-11-26 17:12:00,520 [pool-223-thread-1] INFO  ratis.ContainerStateMachine (ContainerStateMachine.java:loadSnapshot(225)) - group-67D43AF5053D: The snapshot info is null. Setting the last applied indexto:(t:0, i:~)
2020-11-26 17:12:00,520 [pool-223-thread-1] INFO  server.RaftServerConfigKeys (ConfUtils.java:logGet(44)) - raft.server.notification.no-leader.timeout = 300s (custom)
2020-11-26 17:12:00,520 [pool-223-thread-1] INFO  server.RaftServerConfigKeys (ConfUtils.java:logGet(44)) - raft.server.log.use.memory = false (default)
2020-11-26 17:12:00,522 [pool-223-thread-1] INFO  server.RaftServerConfigKeys (ConfUtils.java:logGet(44)) - raft.server.log.purge.gap = 1000000 (custom)
2020-11-26 17:12:00,522 [EventQueue-PipelineReportForOneReplicaPipelineSafeModeRule] INFO  safemode.SCMSafeModeManager (SCMSafeModeManager.java:validateSafeModeExitRules(214)) - AtleastOneDatanodeReportedRule rule is successfully validated
2020-11-26 17:12:00,522 [pool-223-thread-1] INFO  metrics.RatisMetrics (RatisMetrics.java:lambda$create$0(36)) - Creating Metrics Registry : ratis.log_worker.433667c4-acee-4b27-a3b7-b728b5272bf1@group-67D43AF5053D
2020-11-26 17:12:00,522 [EventQueue-PipelineReportForPipelineReportHandler] INFO  pipeline.PipelineStateManager (PipelineStateManager.java:openPipeline(132)) - Pipeline Pipeline[ Id: a9e89ff2-78a7-4fbe-a199-67d43af5053d, Nodes: 433667c4-acee-4b27-a3b7-b728b5272bf1{ip: 172.17.0.2, host: 1581e7703e9d, networkLocation: /default-rack, certSerialId: null}, Type:RATIS, Factor:ONE, State:ALLOCATED, leaderId:433667c4-acee-4b27-a3b7-b728b5272bf1, CreationTimestamp2020-11-26T17:11:57.515Z] moved to OPEN state
2020-11-26 17:12:00,522 [EventQueue-OpenPipelineForHealthyPipelineSafeModeRule] INFO  safemode.SCMSafeModeManager (HealthyPipelineSafeModeRule.java:process(128)) - SCM in safe mode. Healthy pipelines reported count is 0, required healthy pipeline reported count is 1
2020-11-26 17:12:00,523 [pool-223-thread-1] INFO  server.RaftServerConfigKeys (ConfUtils.java:logGet(44)) - raft.server.log.appender.buffer.byte-limit = 33554432 (custom)
2020-11-26 17:12:00,523 [pool-223-thread-1] INFO  server.RaftServerConfigKeys (ConfUtils.java:logGet(44)) - raft.server.log.segment.size.max = 1048576 (custom)
2020-11-26 17:12:00,523 [pool-223-thread-1] INFO  server.RaftServerConfigKeys (ConfUtils.java:logGet(44)) - raft.server.log.segment.cache.num.max = 2 (custom)
2020-11-26 17:12:00,525 [pool-223-thread-1] INFO  segmented.SegmentedRaftLogWorker (SegmentedRaftLogWorker.java:<init>(180)) - new 433667c4-acee-4b27-a3b7-b728b5272bf1@group-67D43AF5053D-SegmentedRaftLogWorker for RaftStorage:Storage Directory /github/workspace/mnt/ozone/hadoop-ozone/integration-test/target/test-dir/MiniOzoneClusterImpl-baac2ffe-e1a6-449a-ab8a-404ec876111f/datanode-3/data/ratis/a9e89ff2-78a7-4fbe-a199-67d43af5053d
2020-11-26 17:12:00,525 [pool-223-thread-1] INFO  server.RaftServerConfigKeys (ConfUtils.java:logGet(44)) - raft.server.log.queue.byte-limit = 2147483647 (custom)
2020-11-26 17:12:00,525 [pool-223-thread-1] INFO  server.RaftServerConfigKeys (ConfUtils.java:logGet(44)) - raft.server.log.queue.element-limit = 1024 (custom)
2020-11-26 17:12:00,525 [pool-223-thread-1] INFO  server.RaftServerConfigKeys (ConfUtils.java:logGet(44)) - raft.server.log.segment.size.max = 1048576 (custom)
2020-11-26 17:12:00,525 [pool-223-thread-1] INFO  server.RaftServerConfigKeys (ConfUtils.java:logGet(44)) - raft.server.log.preallocated.size = 16384 (custom)
2020-11-26 17:12:00,525 [pool-223-thread-1] INFO  server.RaftServerConfigKeys (ConfUtils.java:logGet(44)) - raft.server.log.write.buffer.size = 1048576 (custom)
2020-11-26 17:12:00,525 [pool-223-thread-1] INFO  server.RaftServerConfigKeys (ConfUtils.java:logGet(44)) - raft.server.log.force.sync.num = 128 (default)
2020-11-26 17:12:00,525 [pool-223-thread-1] INFO  server.RaftServerConfigKeys (ConfUtils.java:logGet(44)) - raft.server.log.statemachine.data.sync = true (default)
2020-11-26 17:12:00,526 [pool-223-thread-1] INFO  server.RaftServerConfigKeys (ConfUtils.java:logGet(44)) - raft.server.log.statemachine.data.sync.timeout = 10s (default)
2020-11-26 17:12:00,526 [pool-223-thread-1] INFO  server.RaftServerConfigKeys (ConfUtils.java:logGet(44)) - raft.server.log.statemachine.data.sync.timeout.retry = -1 (default)
2020-11-26 17:12:00,527 [pool-223-thread-1] INFO  server.RaftServerConfigKeys (ConfUtils.java:logGet(44)) - raft.server.log.statemachine.data.caching.enabled = true (custom)
2020-11-26 17:12:00,528 [pool-223-thread-1] INFO  segmented.SegmentedRaftLogWorker (SegmentedRaftLogWorker.java:lambda$new$0(129)) - 433667c4-acee-4b27-a3b7-b728b5272bf1@group-67D43AF5053D-SegmentedRaftLogWorker: flushIndex: setUnconditionally 0 -> -1
2020-11-26 17:12:00,528 [pool-223-thread-1] INFO  segmented.SegmentedRaftLogWorker (SegmentedRaftLogWorker.java:lambda$new$0(129)) - 433667c4-acee-4b27-a3b7-b728b5272bf1@group-67D43AF5053D-SegmentedRaftLogWorker: safeCacheEvictIndex: setUnconditionally 0 -> -1
2020-11-26 17:12:00,528 [pool-223-thread-1] INFO  server.RaftServerConfigKeys (ConfUtils.java:logGet(44)) - raft.server.snapshot.auto.trigger.enabled = true (custom)
2020-11-26 17:12:00,528 [pool-223-thread-1] INFO  server.RaftServerConfigKeys (ConfUtils.java:logGet(44)) - raft.server.snapshot.auto.trigger.threshold = 10000 (custom)
2020-11-26 17:12:00,528 [pool-223-thread-1] INFO  server.RaftServerConfigKeys (ConfUtils.java:logGet(44)) - raft.server.snapshot.retention.file.num = 5 (custom)
2020-11-26 17:12:00,528 [pool-223-thread-1] INFO  server.RaftServerConfigKeys (ConfUtils.java:logGet(44)) - raft.server.log.purge.upto.snapshot.index = false (default)
2020-11-26 17:12:00,528 [pool-223-thread-1] INFO  server.RaftServerConfigKeys (ConfUtils.java:logGet(44)) - raft.server.retrycache.expirytime = 600000ms (custom)
2020-11-26 17:12:00,529 [pool-223-thread-1] INFO  metrics.RatisMetrics (RatisMetrics.java:lambda$create$0(36)) - Creating Metrics Registry : ratis.leader_election.433667c4-acee-4b27-a3b7-b728b5272bf1@group-67D43AF5053D
2020-11-26 17:12:00,529 [pool-223-thread-1] INFO  metrics.RatisMetrics (RatisMetrics.java:lambda$create$0(36)) - Creating Metrics Registry : ratis.server.433667c4-acee-4b27-a3b7-b728b5272bf1@group-67D43AF5053D
2020-11-26 17:12:00,530 [pool-223-thread-1] INFO  impl.RaftServerImpl (RaftServerImpl.java:start(215)) - 433667c4-acee-4b27-a3b7-b728b5272bf1@group-67D43AF5053D: start as a follower, conf=-1: [433667c4-acee-4b27-a3b7-b728b5272bf1|rpc:172.17.0.2:42205], old=null
2020-11-26 17:12:00,530 [pool-223-thread-1] INFO  impl.RaftServerImpl (RaftServerImpl.java:setRole(204)) - 433667c4-acee-4b27-a3b7-b728b5272bf1@group-67D43AF5053D: changes role from      null to FOLLOWER at term 0 for startAsFollower
2020-11-26 17:12:00,530 [pool-223-thread-1] INFO  impl.RoleInfo (RoleInfo.java:updateAndGet(143)) - 433667c4-acee-4b27-a3b7-b728b5272bf1: start 433667c4-acee-4b27-a3b7-b728b5272bf1@group-67D43AF5053D-FollowerState
2020-11-26 17:12:00,530 [pool-223-thread-1] INFO  util.JmxRegister (JmxRegister.java:tryRegister(44)) - Successfully registered JMX Bean with object name Ratis:service=RaftServer,group=group-67D43AF5053D,id=433667c4-acee-4b27-a3b7-b728b5272bf1
2020-11-26 17:12:00,530 [pool-223-thread-1] INFO  metrics.RatisMetrics (RatisMetrics.java:lambda$create$0(36)) - Creating Metrics Registry : ratis.state_machine.433667c4-acee-4b27-a3b7-b728b5272bf1@group-67D43AF5053D
2020-11-26 17:12:00,531 [Command processor thread] INFO  commandhandler.CreatePipelineCommandHandler (CreatePipelineCommandHandler.java:handle(106)) - Created Pipeline RATIS ONE PipelineID=a9e89ff2-78a7-4fbe-a199-67d43af5053d.
2020-11-26 17:12:00,531 [Command processor thread] INFO  impl.RaftServerProxy (RaftServerProxy.java:addNew(93)) - 433667c4-acee-4b27-a3b7-b728b5272bf1: addNew group-6F588FA94E98:[2ae88acd-293c-44f1-bb58-9baaea38510e|rpc:172.17.0.2:39921, ff415fc8-d651-447e-8633-56fa30db40b3|rpc:172.17.0.2:42725, 433667c4-acee-4b27-a3b7-b728b5272bf1|rpc:172.17.0.2:42205] returns group-6F588FA94E98:java.util.concurrent.CompletableFuture@1da7165[Not completed]
2020-11-26 17:12:00,540 [pool-223-thread-1] INFO  impl.RaftServerImpl (RaftServerImpl.java:<init>(121)) - 433667c4-acee-4b27-a3b7-b728b5272bf1: new RaftServerImpl for group-6F588FA94E98:[2ae88acd-293c-44f1-bb58-9baaea38510e|rpc:172.17.0.2:39921, ff415fc8-d651-447e-8633-56fa30db40b3|rpc:172.17.0.2:42725, 433667c4-acee-4b27-a3b7-b728b5272bf1|rpc:172.17.0.2:42205] with ContainerStateMachine:uninitialized
2020-11-26 17:12:00,540 [pool-223-thread-1] INFO  server.RaftServerConfigKeys (ConfUtils.java:logGet(44)) - raft.server.rpc.timeout.min = 5s (custom)
2020-11-26 17:12:00,540 [pool-223-thread-1] INFO  server.RaftServerConfigKeys (ConfUtils.java:logGet(44)) - raft.server.rpc.timeout.max = 5200ms (custom)
2020-11-26 17:12:00,540 [pool-223-thread-1] INFO  server.RaftServerConfigKeys (ConfUtils.java:logGet(44)) - raft.server.rpc.slowness.timeout = 300s (custom)
2020-11-26 17:12:00,540 [pool-223-thread-1] INFO  server.RaftServerConfigKeys (ConfUtils.java:logGet(44)) - raft.server.leaderelection.leader.step-down.wait-time = 10s (default)
2020-11-26 17:12:00,540 [pool-223-thread-1] INFO  server.RaftServerConfigKeys (ConfUtils.java:logGet(44)) - raft.server.sleep.deviation.threshold = 300 (default)
2020-11-26 17:12:00,540 [pool-223-thread-1] INFO  server.RaftServerConfigKeys (ConfUtils.java:logGet(44)) - raft.server.log.appender.install.snapshot.enabled = false (custom)
2020-11-26 17:12:00,540 [pool-223-thread-1] INFO  impl.RaftServerImpl (ServerState.java:<init>(104)) - 433667c4-acee-4b27-a3b7-b728b5272bf1@group-6F588FA94E98: ConfigurationManager, init=-1: [2ae88acd-293c-44f1-bb58-9baaea38510e|rpc:172.17.0.2:39921, ff415fc8-d651-447e-8633-56fa30db40b3|rpc:172.17.0.2:42725, 433667c4-acee-4b27-a3b7-b728b5272bf1|rpc:172.17.0.2:42205], old=null, confs=<EMPTY_MAP>
2020-11-26 17:12:00,540 [pool-223-thread-1] INFO  server.RaftServerConfigKeys (ConfUtils.java:logGet(44)) - raft.server.storage.dir = [/github/workspace/mnt/ozone/hadoop-ozone/integration-test/target/test-dir/MiniOzoneClusterImpl-baac2ffe-e1a6-449a-ab8a-404ec876111f/datanode-3/data/ratis] (custom)
2020-11-26 17:12:00,540 [pool-223-thread-1] INFO  server.RaftServerConfigKeys (ConfUtils.java:logGet(44)) - raft.server.log.corruption.policy = EXCEPTION (default)
2020-11-26 17:12:00,541 [pool-223-thread-1] INFO  storage.RaftStorageDirectory (RaftStorageDirectory.java:analyzeStorage(261)) - The storage directory /github/workspace/mnt/ozone/hadoop-ozone/integration-test/target/test-dir/MiniOzoneClusterImpl-baac2ffe-e1a6-449a-ab8a-404ec876111f/datanode-3/data/ratis/c2ef77a2-3d65-48dd-81bf-6f588fa94e98 does not exist. Creating ...
2020-11-26 17:12:00,541 [pool-223-thread-1] INFO  storage.RaftStorageDirectory (RaftStorageDirectory.java:tryLock(343)) - Lock on /github/workspace/mnt/ozone/hadoop-ozone/integration-test/target/test-dir/MiniOzoneClusterImpl-baac2ffe-e1a6-449a-ab8a-404ec876111f/datanode-3/data/ratis/c2ef77a2-3d65-48dd-81bf-6f588fa94e98/in_use.lock acquired by nodename 19970@1581e7703e9d
2020-11-26 17:12:00,546 [pool-223-thread-1] INFO  storage.RaftStorage (RaftStorage.java:format(85)) - Storage directory /github/workspace/mnt/ozone/hadoop-ozone/integration-test/target/test-dir/MiniOzoneClusterImpl-baac2ffe-e1a6-449a-ab8a-404ec876111f/datanode-3/data/ratis/c2ef77a2-3d65-48dd-81bf-6f588fa94e98 has been successfully formatted.
2020-11-26 17:12:00,547 [pool-223-thread-1] INFO  ratis.ContainerStateMachine (ContainerStateMachine.java:loadSnapshot(225)) - group-6F588FA94E98: The snapshot info is null. Setting the last applied indexto:(t:0, i:~)
2020-11-26 17:12:00,547 [pool-223-thread-1] INFO  server.RaftServerConfigKeys (ConfUtils.java:logGet(44)) - raft.server.notification.no-leader.timeout = 300s (custom)
2020-11-26 17:12:00,547 [pool-223-thread-1] INFO  server.RaftServerConfigKeys (ConfUtils.java:logGet(44)) - raft.server.log.use.memory = false (default)
2020-11-26 17:12:00,547 [pool-223-thread-1] INFO  server.RaftServerConfigKeys (ConfUtils.java:logGet(44)) - raft.server.log.purge.gap = 1000000 (custom)
2020-11-26 17:12:00,547 [pool-223-thread-1] INFO  metrics.RatisMetrics (RatisMetrics.java:lambda$create$0(36)) - Creating Metrics Registry : ratis.log_worker.433667c4-acee-4b27-a3b7-b728b5272bf1@group-6F588FA94E98
2020-11-26 17:12:00,547 [pool-223-thread-1] INFO  server.RaftServerConfigKeys (ConfUtils.java:logGet(44)) - raft.server.log.appender.buffer.byte-limit = 33554432 (custom)
2020-11-26 17:12:00,547 [pool-223-thread-1] INFO  server.RaftServerConfigKeys (ConfUtils.java:logGet(44)) - raft.server.log.segment.size.max = 1048576 (custom)
2020-11-26 17:12:00,548 [EventQueue-PipelineReportForOneReplicaPipelineSafeModeRule] INFO  safemode.SCMSafeModeManager (SCMSafeModeManager.java:validateSafeModeExitRules(214)) - AtleastOneDatanodeReportedRule rule is successfully validated
2020-11-26 17:12:00,548 [EventQueue-OpenPipelineForHealthyPipelineSafeModeRule] INFO  safemode.SCMSafeModeManager (HealthyPipelineSafeModeRule.java:process(128)) - SCM in safe mode. Healthy pipelines reported count is 0, required healthy pipeline reported count is 1
2020-11-26 17:12:00,548 [pool-223-thread-1] INFO  server.RaftServerConfigKeys (ConfUtils.java:logGet(44)) - raft.server.log.segment.cache.num.max = 2 (custom)
2020-11-26 17:12:00,548 [pool-223-thread-1] INFO  segmented.SegmentedRaftLogWorker (SegmentedRaftLogWorker.java:<init>(180)) - new 433667c4-acee-4b27-a3b7-b728b5272bf1@group-6F588FA94E98-SegmentedRaftLogWorker for RaftStorage:Storage Directory /github/workspace/mnt/ozone/hadoop-ozone/integration-test/target/test-dir/MiniOzoneClusterImpl-baac2ffe-e1a6-449a-ab8a-404ec876111f/datanode-3/data/ratis/c2ef77a2-3d65-48dd-81bf-6f588fa94e98
2020-11-26 17:12:00,548 [pool-223-thread-1] INFO  server.RaftServerConfigKeys (ConfUtils.java:logGet(44)) - raft.server.log.queue.byte-limit = 2147483647 (custom)
2020-11-26 17:12:00,548 [pool-223-thread-1] INFO  server.RaftServerConfigKeys (ConfUtils.java:logGet(44)) - raft.server.log.queue.element-limit = 1024 (custom)
2020-11-26 17:12:00,548 [pool-223-thread-1] INFO  server.RaftServerConfigKeys (ConfUtils.java:logGet(44)) - raft.server.log.segment.size.max = 1048576 (custom)
2020-11-26 17:12:00,548 [pool-223-thread-1] INFO  server.RaftServerConfigKeys (ConfUtils.java:logGet(44)) - raft.server.log.preallocated.size = 16384 (custom)
2020-11-26 17:12:00,548 [pool-223-thread-1] INFO  server.RaftServerConfigKeys (ConfUtils.java:logGet(44)) - raft.server.log.write.buffer.size = 1048576 (custom)
2020-11-26 17:12:00,548 [pool-223-thread-1] INFO  server.RaftServerConfigKeys (ConfUtils.java:logGet(44)) - raft.server.log.force.sync.num = 128 (default)
2020-11-26 17:12:00,548 [pool-223-thread-1] INFO  server.RaftServerConfigKeys (ConfUtils.java:logGet(44)) - raft.server.log.statemachine.data.sync = true (default)
2020-11-26 17:12:00,549 [pool-223-thread-1] INFO  server.RaftServerConfigKeys (ConfUtils.java:logGet(44)) - raft.server.log.statemachine.data.sync.timeout = 10s (default)
2020-11-26 17:12:00,549 [pool-223-thread-1] INFO  server.RaftServerConfigKeys (ConfUtils.java:logGet(44)) - raft.server.log.statemachine.data.sync.timeout.retry = -1 (default)
2020-11-26 17:12:00,550 [pool-223-thread-1] INFO  server.RaftServerConfigKeys (ConfUtils.java:logGet(44)) - raft.server.log.statemachine.data.caching.enabled = true (custom)
2020-11-26 17:12:00,550 [pool-223-thread-1] INFO  segmented.SegmentedRaftLogWorker (SegmentedRaftLogWorker.java:lambda$new$0(129)) - 433667c4-acee-4b27-a3b7-b728b5272bf1@group-6F588FA94E98-SegmentedRaftLogWorker: flushIndex: setUnconditionally 0 -> -1
2020-11-26 17:12:00,550 [pool-223-thread-1] INFO  segmented.SegmentedRaftLogWorker (SegmentedRaftLogWorker.java:lambda$new$0(129)) - 433667c4-acee-4b27-a3b7-b728b5272bf1@group-6F588FA94E98-SegmentedRaftLogWorker: safeCacheEvictIndex: setUnconditionally 0 -> -1
2020-11-26 17:12:00,551 [pool-223-thread-1] INFO  server.RaftServerConfigKeys (ConfUtils.java:logGet(44)) - raft.server.snapshot.auto.trigger.enabled = true (custom)
2020-11-26 17:12:00,551 [pool-223-thread-1] INFO  server.RaftServerConfigKeys (ConfUtils.java:logGet(44)) - raft.server.snapshot.auto.trigger.threshold = 10000 (custom)
2020-11-26 17:12:00,551 [pool-223-thread-1] INFO  server.RaftServerConfigKeys (ConfUtils.java:logGet(44)) - raft.server.snapshot.retention.file.num = 5 (custom)
2020-11-26 17:12:00,551 [pool-223-thread-1] INFO  server.RaftServerConfigKeys (ConfUtils.java:logGet(44)) - raft.server.log.purge.upto.snapshot.index = false (default)
2020-11-26 17:12:00,551 [pool-223-thread-1] INFO  server.RaftServerConfigKeys (ConfUtils.java:logGet(44)) - raft.server.retrycache.expirytime = 600000ms (custom)
2020-11-26 17:12:00,551 [pool-223-thread-1] INFO  metrics.RatisMetrics (RatisMetrics.java:lambda$create$0(36)) - Creating Metrics Registry : ratis.leader_election.433667c4-acee-4b27-a3b7-b728b5272bf1@group-6F588FA94E98
2020-11-26 17:12:00,551 [pool-223-thread-1] INFO  metrics.RatisMetrics (RatisMetrics.java:lambda$create$0(36)) - Creating Metrics Registry : ratis.server.433667c4-acee-4b27-a3b7-b728b5272bf1@group-6F588FA94E98
2020-11-26 17:12:00,552 [pool-223-thread-1] INFO  impl.RaftServerImpl (RaftServerImpl.java:start(215)) - 433667c4-acee-4b27-a3b7-b728b5272bf1@group-6F588FA94E98: start as a follower, conf=-1: [2ae88acd-293c-44f1-bb58-9baaea38510e|rpc:172.17.0.2:39921, ff415fc8-d651-447e-8633-56fa30db40b3|rpc:172.17.0.2:42725, 433667c4-acee-4b27-a3b7-b728b5272bf1|rpc:172.17.0.2:42205], old=null
2020-11-26 17:12:00,552 [pool-223-thread-1] INFO  impl.RaftServerImpl (RaftServerImpl.java:setRole(204)) - 433667c4-acee-4b27-a3b7-b728b5272bf1@group-6F588FA94E98: changes role from      null to FOLLOWER at term 0 for startAsFollower
2020-11-26 17:12:00,552 [pool-223-thread-1] INFO  impl.RoleInfo (RoleInfo.java:updateAndGet(143)) - 433667c4-acee-4b27-a3b7-b728b5272bf1: start 433667c4-acee-4b27-a3b7-b728b5272bf1@group-6F588FA94E98-FollowerState
2020-11-26 17:12:00,553 [pool-223-thread-1] INFO  util.JmxRegister (JmxRegister.java:tryRegister(44)) - Successfully registered JMX Bean with object name Ratis:service=RaftServer,group=group-6F588FA94E98,id=433667c4-acee-4b27-a3b7-b728b5272bf1
2020-11-26 17:12:00,553 [pool-223-thread-1] INFO  metrics.RatisMetrics (RatisMetrics.java:lambda$create$0(36)) - Creating Metrics Registry : ratis.state_machine.433667c4-acee-4b27-a3b7-b728b5272bf1@group-6F588FA94E98
2020-11-26 17:12:00,555 [Command processor thread] INFO  metrics.RatisMetrics (RatisMetrics.java:lambda$create$0(36)) - Creating Metrics Registry : ratis.client_message_metrics.client-4EAEA68BE334->ff415fc8-d651-447e-8633-56fa30db40b3
2020-11-26 17:12:00,561 [grpc-default-executor-0] INFO  metrics.RatisMetrics (RatisMetrics.java:lambda$create$0(36)) - Creating Metrics Registry : ratis.server_message_metrics.ff415fc8-d651-447e-8633-56fa30db40b3
2020-11-26 17:12:00,563 [grpc-default-executor-0] INFO  impl.RaftServerProxy (RaftServerProxy.java:addNew(93)) - ff415fc8-d651-447e-8633-56fa30db40b3: addNew group-6F588FA94E98:[2ae88acd-293c-44f1-bb58-9baaea38510e|rpc:172.17.0.2:39921|dataStream:, ff415fc8-d651-447e-8633-56fa30db40b3|rpc:172.17.0.2:42725|dataStream:, 433667c4-acee-4b27-a3b7-b728b5272bf1|rpc:172.17.0.2:42205|dataStream:] returns group-6F588FA94E98:java.util.concurrent.CompletableFuture@3b69f925[Not completed]
2020-11-26 17:12:00,564 [pool-255-thread-1] INFO  impl.RaftServerImpl (RaftServerImpl.java:<init>(121)) - ff415fc8-d651-447e-8633-56fa30db40b3: new RaftServerImpl for group-6F588FA94E98:[2ae88acd-293c-44f1-bb58-9baaea38510e|rpc:172.17.0.2:39921|dataStream:, ff415fc8-d651-447e-8633-56fa30db40b3|rpc:172.17.0.2:42725|dataStream:, 433667c4-acee-4b27-a3b7-b728b5272bf1|rpc:172.17.0.2:42205|dataStream:] with ContainerStateMachine:uninitialized
2020-11-26 17:12:00,564 [pool-255-thread-1] INFO  server.RaftServerConfigKeys (ConfUtils.java:logGet(44)) - raft.server.rpc.timeout.min = 5s (custom)
2020-11-26 17:12:00,564 [pool-255-thread-1] INFO  server.RaftServerConfigKeys (ConfUtils.java:logGet(44)) - raft.server.rpc.timeout.max = 5200ms (custom)
2020-11-26 17:12:00,564 [pool-255-thread-1] INFO  server.RaftServerConfigKeys (ConfUtils.java:logGet(44)) - raft.server.rpc.slowness.timeout = 300s (custom)
2020-11-26 17:12:00,564 [pool-255-thread-1] INFO  server.RaftServerConfigKeys (ConfUtils.java:logGet(44)) - raft.server.leaderelection.leader.step-down.wait-time = 10s (default)
2020-11-26 17:12:00,564 [pool-255-thread-1] INFO  server.RaftServerConfigKeys (ConfUtils.java:logGet(44)) - raft.server.sleep.deviation.threshold = 300 (default)
2020-11-26 17:12:00,565 [pool-255-thread-1] INFO  server.RaftServerConfigKeys (ConfUtils.java:logGet(44)) - raft.server.log.appender.install.snapshot.enabled = false (custom)
2020-11-26 17:12:00,565 [pool-255-thread-1] INFO  impl.RaftServerImpl (ServerState.java:<init>(104)) - ff415fc8-d651-447e-8633-56fa30db40b3@group-6F588FA94E98: ConfigurationManager, init=-1: [2ae88acd-293c-44f1-bb58-9baaea38510e|rpc:172.17.0.2:39921|dataStream:, ff415fc8-d651-447e-8633-56fa30db40b3|rpc:172.17.0.2:42725|dataStream:, 433667c4-acee-4b27-a3b7-b728b5272bf1|rpc:172.17.0.2:42205|dataStream:], old=null, confs=<EMPTY_MAP>
2020-11-26 17:12:00,565 [pool-255-thread-1] INFO  server.RaftServerConfigKeys (ConfUtils.java:logGet(44)) - raft.server.storage.dir = [/github/workspace/mnt/ozone/hadoop-ozone/integration-test/target/test-dir/MiniOzoneClusterImpl-baac2ffe-e1a6-449a-ab8a-404ec876111f/datanode-5/data/ratis] (custom)
2020-11-26 17:12:00,565 [pool-255-thread-1] INFO  server.RaftServerConfigKeys (ConfUtils.java:logGet(44)) - raft.server.log.corruption.policy = EXCEPTION (default)
2020-11-26 17:12:00,565 [pool-255-thread-1] INFO  storage.RaftStorageDirectory (RaftStorageDirectory.java:analyzeStorage(261)) - The storage directory /github/workspace/mnt/ozone/hadoop-ozone/integration-test/target/test-dir/MiniOzoneClusterImpl-baac2ffe-e1a6-449a-ab8a-404ec876111f/datanode-5/data/ratis/c2ef77a2-3d65-48dd-81bf-6f588fa94e98 does not exist. Creating ...
2020-11-26 17:12:00,566 [pool-255-thread-1] INFO  storage.RaftStorageDirectory (RaftStorageDirectory.java:tryLock(343)) - Lock on /github/workspace/mnt/ozone/hadoop-ozone/integration-test/target/test-dir/MiniOzoneClusterImpl-baac2ffe-e1a6-449a-ab8a-404ec876111f/datanode-5/data/ratis/c2ef77a2-3d65-48dd-81bf-6f588fa94e98/in_use.lock acquired by nodename 19970@1581e7703e9d
2020-11-26 17:12:00,567 [pool-255-thread-1] INFO  storage.RaftStorage (RaftStorage.java:format(85)) - Storage directory /github/workspace/mnt/ozone/hadoop-ozone/integration-test/target/test-dir/MiniOzoneClusterImpl-baac2ffe-e1a6-449a-ab8a-404ec876111f/datanode-5/data/ratis/c2ef77a2-3d65-48dd-81bf-6f588fa94e98 has been successfully formatted.
2020-11-26 17:12:00,569 [pool-255-thread-1] INFO  ratis.ContainerStateMachine (ContainerStateMachine.java:loadSnapshot(225)) - group-6F588FA94E98: The snapshot info is null. Setting the last applied indexto:(t:0, i:~)
2020-11-26 17:12:00,569 [pool-255-thread-1] INFO  server.RaftServerConfigKeys (ConfUtils.java:logGet(44)) - raft.server.notification.no-leader.timeout = 300s (custom)
2020-11-26 17:12:00,569 [pool-255-thread-1] INFO  server.RaftServerConfigKeys (ConfUtils.java:logGet(44)) - raft.server.log.use.memory = false (default)
2020-11-26 17:12:00,570 [EventQueue-PipelineReportForOneReplicaPipelineSafeModeRule] INFO  safemode.SCMSafeModeManager (SCMSafeModeManager.java:validateSafeModeExitRules(214)) - AtleastOneDatanodeReportedRule rule is successfully validated
2020-11-26 17:12:00,570 [pool-255-thread-1] INFO  server.RaftServerConfigKeys (ConfUtils.java:logGet(44)) - raft.server.log.purge.gap = 1000000 (custom)
2020-11-26 17:12:00,571 [pool-255-thread-1] INFO  metrics.RatisMetrics (RatisMetrics.java:lambda$create$0(36)) - Creating Metrics Registry : ratis.log_worker.ff415fc8-d651-447e-8633-56fa30db40b3@group-6F588FA94E98
2020-11-26 17:12:00,571 [pool-255-thread-1] INFO  server.RaftServerConfigKeys (ConfUtils.java:logGet(44)) - raft.server.log.appender.buffer.byte-limit = 33554432 (custom)
2020-11-26 17:12:00,571 [pool-255-thread-1] INFO  server.RaftServerConfigKeys (ConfUtils.java:logGet(44)) - raft.server.log.segment.size.max = 1048576 (custom)
2020-11-26 17:12:00,571 [pool-255-thread-1] INFO  server.RaftServerConfigKeys (ConfUtils.java:logGet(44)) - raft.server.log.segment.cache.num.max = 2 (custom)
2020-11-26 17:12:00,571 [pool-255-thread-1] INFO  segmented.SegmentedRaftLogWorker (SegmentedRaftLogWorker.java:<init>(180)) - new ff415fc8-d651-447e-8633-56fa30db40b3@group-6F588FA94E98-SegmentedRaftLogWorker for RaftStorage:Storage Directory /github/workspace/mnt/ozone/hadoop-ozone/integration-test/target/test-dir/MiniOzoneClusterImpl-baac2ffe-e1a6-449a-ab8a-404ec876111f/datanode-5/data/ratis/c2ef77a2-3d65-48dd-81bf-6f588fa94e98
2020-11-26 17:12:00,572 [pool-255-thread-1] INFO  server.RaftServerConfigKeys (ConfUtils.java:logGet(44)) - raft.server.log.queue.byte-limit = 2147483647 (custom)
2020-11-26 17:12:00,572 [pool-255-thread-1] INFO  server.RaftServerConfigKeys (ConfUtils.java:logGet(44)) - raft.server.log.queue.element-limit = 1024 (custom)
2020-11-26 17:12:00,572 [pool-255-thread-1] INFO  server.RaftServerConfigKeys (ConfUtils.java:logGet(44)) - raft.server.log.segment.size.max = 1048576 (custom)
2020-11-26 17:12:00,572 [pool-255-thread-1] INFO  server.RaftServerConfigKeys (ConfUtils.java:logGet(44)) - raft.server.log.preallocated.size = 16384 (custom)
2020-11-26 17:12:00,572 [pool-255-thread-1] INFO  server.RaftServerConfigKeys (ConfUtils.java:logGet(44)) - raft.server.log.write.buffer.size = 1048576 (custom)
2020-11-26 17:12:00,572 [pool-255-thread-1] INFO  server.RaftServerConfigKeys (ConfUtils.java:logGet(44)) - raft.server.log.force.sync.num = 128 (default)
2020-11-26 17:12:00,572 [pool-255-thread-1] INFO  server.RaftServerConfigKeys (ConfUtils.java:logGet(44)) - raft.server.log.statemachine.data.sync = true (default)
2020-11-26 17:12:00,572 [pool-255-thread-1] INFO  server.RaftServerConfigKeys (ConfUtils.java:logGet(44)) - raft.server.log.statemachine.data.sync.timeout = 10s (default)
2020-11-26 17:12:00,572 [pool-255-thread-1] INFO  server.RaftServerConfigKeys (ConfUtils.java:logGet(44)) - raft.server.log.statemachine.data.sync.timeout.retry = -1 (default)
2020-11-26 17:12:00,574 [pool-255-thread-1] INFO  server.RaftServerConfigKeys (ConfUtils.java:logGet(44)) - raft.server.log.statemachine.data.caching.enabled = true (custom)
2020-11-26 17:12:00,574 [pool-255-thread-1] INFO  segmented.SegmentedRaftLogWorker (SegmentedRaftLogWorker.java:lambda$new$0(129)) - ff415fc8-d651-447e-8633-56fa30db40b3@group-6F588FA94E98-SegmentedRaftLogWorker: flushIndex: setUnconditionally 0 -> -1
2020-11-26 17:12:00,574 [pool-255-thread-1] INFO  segmented.SegmentedRaftLogWorker (SegmentedRaftLogWorker.java:lambda$new$0(129)) - ff415fc8-d651-447e-8633-56fa30db40b3@group-6F588FA94E98-SegmentedRaftLogWorker: safeCacheEvictIndex: setUnconditionally 0 -> -1
2020-11-26 17:12:00,574 [pool-255-thread-1] INFO  server.RaftServerConfigKeys (ConfUtils.java:logGet(44)) - raft.server.snapshot.auto.trigger.enabled = true (custom)
2020-11-26 17:12:00,574 [pool-255-thread-1] INFO  server.RaftServerConfigKeys (ConfUtils.java:logGet(44)) - raft.server.snapshot.auto.trigger.threshold = 10000 (custom)
2020-11-26 17:12:00,574 [pool-255-thread-1] INFO  server.RaftServerConfigKeys (ConfUtils.java:logGet(44)) - raft.server.snapshot.retention.file.num = 5 (custom)
2020-11-26 17:12:00,574 [pool-255-thread-1] INFO  server.RaftServerConfigKeys (ConfUtils.java:logGet(44)) - raft.server.log.purge.upto.snapshot.index = false (default)
2020-11-26 17:12:00,574 [pool-255-thread-1] INFO  server.RaftServerConfigKeys (ConfUtils.java:logGet(44)) - raft.server.retrycache.expirytime = 600000ms (custom)
2020-11-26 17:12:00,574 [pool-255-thread-1] INFO  metrics.RatisMetrics (RatisMetrics.java:lambda$create$0(36)) - Creating Metrics Registry : ratis.leader_election.ff415fc8-d651-447e-8633-56fa30db40b3@group-6F588FA94E98
2020-11-26 17:12:00,575 [pool-255-thread-1] INFO  metrics.RatisMetrics (RatisMetrics.java:lambda$create$0(36)) - Creating Metrics Registry : ratis.server.ff415fc8-d651-447e-8633-56fa30db40b3@group-6F588FA94E98
2020-11-26 17:12:00,576 [pool-255-thread-1] INFO  impl.RaftServerImpl (RaftServerImpl.java:start(215)) - ff415fc8-d651-447e-8633-56fa30db40b3@group-6F588FA94E98: start as a follower, conf=-1: [2ae88acd-293c-44f1-bb58-9baaea38510e|rpc:172.17.0.2:39921|dataStream:, ff415fc8-d651-447e-8633-56fa30db40b3|rpc:172.17.0.2:42725|dataStream:, 433667c4-acee-4b27-a3b7-b728b5272bf1|rpc:172.17.0.2:42205|dataStream:], old=null
2020-11-26 17:12:00,576 [pool-255-thread-1] INFO  impl.RaftServerImpl (RaftServerImpl.java:setRole(204)) - ff415fc8-d651-447e-8633-56fa30db40b3@group-6F588FA94E98: changes role from      null to FOLLOWER at term 0 for startAsFollower
2020-11-26 17:12:00,576 [pool-255-thread-1] INFO  impl.RoleInfo (RoleInfo.java:updateAndGet(143)) - ff415fc8-d651-447e-8633-56fa30db40b3: start ff415fc8-d651-447e-8633-56fa30db40b3@group-6F588FA94E98-FollowerState
2020-11-26 17:12:00,576 [pool-255-thread-1] INFO  util.JmxRegister (JmxRegister.java:tryRegister(44)) - Successfully registered JMX Bean with object name Ratis:service=RaftServer,group=group-6F588FA94E98,id=ff415fc8-d651-447e-8633-56fa30db40b3
2020-11-26 17:12:00,576 [pool-255-thread-1] INFO  metrics.RatisMetrics (RatisMetrics.java:lambda$create$0(36)) - Creating Metrics Registry : ratis.state_machine.ff415fc8-d651-447e-8633-56fa30db40b3@group-6F588FA94E98
2020-11-26 17:12:00,582 [Command processor thread] INFO  metrics.RatisMetrics (RatisMetrics.java:lambda$create$0(36)) - Creating Metrics Registry : ratis.client_message_metrics.client-B937EC2AEE78->2ae88acd-293c-44f1-bb58-9baaea38510e
2020-11-26 17:12:00,586 [grpc-default-executor-0] INFO  metrics.RatisMetrics (RatisMetrics.java:lambda$create$0(36)) - Creating Metrics Registry : ratis.server_message_metrics.2ae88acd-293c-44f1-bb58-9baaea38510e
2020-11-26 17:12:00,588 [grpc-default-executor-0] INFO  impl.RaftServerProxy (RaftServerProxy.java:addNew(93)) - 2ae88acd-293c-44f1-bb58-9baaea38510e: addNew group-6F588FA94E98:[2ae88acd-293c-44f1-bb58-9baaea38510e|rpc:172.17.0.2:39921|dataStream:, ff415fc8-d651-447e-8633-56fa30db40b3|rpc:172.17.0.2:42725|dataStream:, 433667c4-acee-4b27-a3b7-b728b5272bf1|rpc:172.17.0.2:42205|dataStream:] returns group-6F588FA94E98:java.util.concurrent.CompletableFuture@28fdf351[Not completed]
2020-11-26 17:12:00,589 [pool-239-thread-1] INFO  impl.RaftServerImpl (RaftServerImpl.java:<init>(121)) - 2ae88acd-293c-44f1-bb58-9baaea38510e: new RaftServerImpl for group-6F588FA94E98:[2ae88acd-293c-44f1-bb58-9baaea38510e|rpc:172.17.0.2:39921|dataStream:, ff415fc8-d651-447e-8633-56fa30db40b3|rpc:172.17.0.2:42725|dataStream:, 433667c4-acee-4b27-a3b7-b728b5272bf1|rpc:172.17.0.2:42205|dataStream:] with ContainerStateMachine:uninitialized
2020-11-26 17:12:00,590 [pool-239-thread-1] INFO  server.RaftServerConfigKeys (ConfUtils.java:logGet(44)) - raft.server.rpc.timeout.min = 5s (custom)
2020-11-26 17:12:00,590 [pool-239-thread-1] INFO  server.RaftServerConfigKeys (ConfUtils.java:logGet(44)) - raft.server.rpc.timeout.max = 5200ms (custom)
2020-11-26 17:12:00,590 [pool-239-thread-1] INFO  server.RaftServerConfigKeys (ConfUtils.java:logGet(44)) - raft.server.rpc.slowness.timeout = 300s (custom)
2020-11-26 17:12:00,590 [pool-239-thread-1] INFO  server.RaftServerConfigKeys (ConfUtils.java:logGet(44)) - raft.server.leaderelection.leader.step-down.wait-time = 10s (default)
2020-11-26 17:12:00,590 [pool-239-thread-1] INFO  server.RaftServerConfigKeys (ConfUtils.java:logGet(44)) - raft.server.sleep.deviation.threshold = 300 (default)
2020-11-26 17:12:00,590 [pool-239-thread-1] INFO  server.RaftServerConfigKeys (ConfUtils.java:logGet(44)) - raft.server.log.appender.install.snapshot.enabled = false (custom)
2020-11-26 17:12:00,590 [pool-239-thread-1] INFO  impl.RaftServerImpl (ServerState.java:<init>(104)) - 2ae88acd-293c-44f1-bb58-9baaea38510e@group-6F588FA94E98: ConfigurationManager, init=-1: [2ae88acd-293c-44f1-bb58-9baaea38510e|rpc:172.17.0.2:39921|dataStream:, ff415fc8-d651-447e-8633-56fa30db40b3|rpc:172.17.0.2:42725|dataStream:, 433667c4-acee-4b27-a3b7-b728b5272bf1|rpc:172.17.0.2:42205|dataStream:], old=null, confs=<EMPTY_MAP>
2020-11-26 17:12:00,590 [pool-239-thread-1] INFO  server.RaftServerConfigKeys (ConfUtils.java:logGet(44)) - raft.server.storage.dir = [/github/workspace/mnt/ozone/hadoop-ozone/integration-test/target/test-dir/MiniOzoneClusterImpl-baac2ffe-e1a6-449a-ab8a-404ec876111f/datanode-4/data/ratis] (custom)
2020-11-26 17:12:00,590 [pool-239-thread-1] INFO  server.RaftServerConfigKeys (ConfUtils.java:logGet(44)) - raft.server.log.corruption.policy = EXCEPTION (default)
2020-11-26 17:12:00,591 [pool-239-thread-1] INFO  storage.RaftStorageDirectory (RaftStorageDirectory.java:analyzeStorage(261)) - The storage directory /github/workspace/mnt/ozone/hadoop-ozone/integration-test/target/test-dir/MiniOzoneClusterImpl-baac2ffe-e1a6-449a-ab8a-404ec876111f/datanode-4/data/ratis/c2ef77a2-3d65-48dd-81bf-6f588fa94e98 does not exist. Creating ...
2020-11-26 17:12:00,592 [pool-239-thread-1] INFO  storage.RaftStorageDirectory (RaftStorageDirectory.java:tryLock(343)) - Lock on /github/workspace/mnt/ozone/hadoop-ozone/integration-test/target/test-dir/MiniOzoneClusterImpl-baac2ffe-e1a6-449a-ab8a-404ec876111f/datanode-4/data/ratis/c2ef77a2-3d65-48dd-81bf-6f588fa94e98/in_use.lock acquired by nodename 19970@1581e7703e9d
2020-11-26 17:12:00,593 [pool-239-thread-1] INFO  storage.RaftStorage (RaftStorage.java:format(85)) - Storage directory /github/workspace/mnt/ozone/hadoop-ozone/integration-test/target/test-dir/MiniOzoneClusterImpl-baac2ffe-e1a6-449a-ab8a-404ec876111f/datanode-4/data/ratis/c2ef77a2-3d65-48dd-81bf-6f588fa94e98 has been successfully formatted.
2020-11-26 17:12:00,594 [pool-239-thread-1] INFO  ratis.ContainerStateMachine (ContainerStateMachine.java:loadSnapshot(225)) - group-6F588FA94E98: The snapshot info is null. Setting the last applied indexto:(t:0, i:~)
2020-11-26 17:12:00,594 [pool-239-thread-1] INFO  server.RaftServerConfigKeys (ConfUtils.java:logGet(44)) - raft.server.notification.no-leader.timeout = 300s (custom)
2020-11-26 17:12:00,594 [pool-239-thread-1] INFO  server.RaftServerConfigKeys (ConfUtils.java:logGet(44)) - raft.server.log.use.memory = false (default)
2020-11-26 17:12:00,595 [EventQueue-PipelineReportForOneReplicaPipelineSafeModeRule] INFO  safemode.SCMSafeModeManager (SCMSafeModeManager.java:validateSafeModeExitRules(214)) - AtleastOneDatanodeReportedRule rule is successfully validated
2020-11-26 17:12:00,595 [pool-239-thread-1] INFO  server.RaftServerConfigKeys (ConfUtils.java:logGet(44)) - raft.server.log.purge.gap = 1000000 (custom)
2020-11-26 17:12:00,595 [pool-239-thread-1] INFO  metrics.RatisMetrics (RatisMetrics.java:lambda$create$0(36)) - Creating Metrics Registry : ratis.log_worker.2ae88acd-293c-44f1-bb58-9baaea38510e@group-6F588FA94E98
2020-11-26 17:12:00,595 [pool-239-thread-1] INFO  server.RaftServerConfigKeys (ConfUtils.java:logGet(44)) - raft.server.log.appender.buffer.byte-limit = 33554432 (custom)
2020-11-26 17:12:00,595 [pool-239-thread-1] INFO  server.RaftServerConfigKeys (ConfUtils.java:logGet(44)) - raft.server.log.segment.size.max = 1048576 (custom)
2020-11-26 17:12:00,595 [pool-239-thread-1] INFO  server.RaftServerConfigKeys (ConfUtils.java:logGet(44)) - raft.server.log.segment.cache.num.max = 2 (custom)
2020-11-26 17:12:00,596 [pool-239-thread-1] INFO  segmented.SegmentedRaftLogWorker (SegmentedRaftLogWorker.java:<init>(180)) - new 2ae88acd-293c-44f1-bb58-9baaea38510e@group-6F588FA94E98-SegmentedRaftLogWorker for RaftStorage:Storage Directory /github/workspace/mnt/ozone/hadoop-ozone/integration-test/target/test-dir/MiniOzoneClusterImpl-baac2ffe-e1a6-449a-ab8a-404ec876111f/datanode-4/data/ratis/c2ef77a2-3d65-48dd-81bf-6f588fa94e98
2020-11-26 17:12:00,596 [pool-239-thread-1] INFO  server.RaftServerConfigKeys (ConfUtils.java:logGet(44)) - raft.server.log.queue.byte-limit = 2147483647 (custom)
2020-11-26 17:12:00,596 [pool-239-thread-1] INFO  server.RaftServerConfigKeys (ConfUtils.java:logGet(44)) - raft.server.log.queue.element-limit = 1024 (custom)
2020-11-26 17:12:00,596 [pool-239-thread-1] INFO  server.RaftServerConfigKeys (ConfUtils.java:logGet(44)) - raft.server.log.segment.size.max = 1048576 (custom)
2020-11-26 17:12:00,597 [pool-239-thread-1] INFO  server.RaftServerConfigKeys (ConfUtils.java:logGet(44)) - raft.server.log.preallocated.size = 16384 (custom)
2020-11-26 17:12:00,597 [pool-239-thread-1] INFO  server.RaftServerConfigKeys (ConfUtils.java:logGet(44)) - raft.server.log.write.buffer.size = 1048576 (custom)
2020-11-26 17:12:00,597 [pool-239-thread-1] INFO  server.RaftServerConfigKeys (ConfUtils.java:logGet(44)) - raft.server.log.force.sync.num = 128 (default)
2020-11-26 17:12:00,597 [pool-239-thread-1] INFO  server.RaftServerConfigKeys (ConfUtils.java:logGet(44)) - raft.server.log.statemachine.data.sync = true (default)
2020-11-26 17:12:00,597 [pool-239-thread-1] INFO  server.RaftServerConfigKeys (ConfUtils.java:logGet(44)) - raft.server.log.statemachine.data.sync.timeout = 10s (default)
2020-11-26 17:12:00,597 [pool-239-thread-1] INFO  server.RaftServerConfigKeys (ConfUtils.java:logGet(44)) - raft.server.log.statemachine.data.sync.timeout.retry = -1 (default)
2020-11-26 17:12:00,598 [pool-239-thread-1] INFO  server.RaftServerConfigKeys (ConfUtils.java:logGet(44)) - raft.server.log.statemachine.data.caching.enabled = true (custom)
2020-11-26 17:12:00,599 [pool-239-thread-1] INFO  segmented.SegmentedRaftLogWorker (SegmentedRaftLogWorker.java:lambda$new$0(129)) - 2ae88acd-293c-44f1-bb58-9baaea38510e@group-6F588FA94E98-SegmentedRaftLogWorker: flushIndex: setUnconditionally 0 -> -1
2020-11-26 17:12:00,599 [pool-239-thread-1] INFO  segmented.SegmentedRaftLogWorker (SegmentedRaftLogWorker.java:lambda$new$0(129)) - 2ae88acd-293c-44f1-bb58-9baaea38510e@group-6F588FA94E98-SegmentedRaftLogWorker: safeCacheEvictIndex: setUnconditionally 0 -> -1
2020-11-26 17:12:00,599 [pool-239-thread-1] INFO  server.RaftServerConfigKeys (ConfUtils.java:logGet(44)) - raft.server.snapshot.auto.trigger.enabled = true (custom)
2020-11-26 17:12:00,599 [pool-239-thread-1] INFO  server.RaftServerConfigKeys (ConfUtils.java:logGet(44)) - raft.server.snapshot.auto.trigger.threshold = 10000 (custom)
2020-11-26 17:12:00,599 [pool-239-thread-1] INFO  server.RaftServerConfigKeys (ConfUtils.java:logGet(44)) - raft.server.snapshot.retention.file.num = 5 (custom)
2020-11-26 17:12:00,599 [pool-239-thread-1] INFO  server.RaftServerConfigKeys (ConfUtils.java:logGet(44)) - raft.server.log.purge.upto.snapshot.index = false (default)
2020-11-26 17:12:00,599 [pool-239-thread-1] INFO  server.RaftServerConfigKeys (ConfUtils.java:logGet(44)) - raft.server.retrycache.expirytime = 600000ms (custom)
2020-11-26 17:12:00,599 [pool-239-thread-1] INFO  metrics.RatisMetrics (RatisMetrics.java:lambda$create$0(36)) - Creating Metrics Registry : ratis.leader_election.2ae88acd-293c-44f1-bb58-9baaea38510e@group-6F588FA94E98
2020-11-26 17:12:00,600 [pool-239-thread-1] INFO  metrics.RatisMetrics (RatisMetrics.java:lambda$create$0(36)) - Creating Metrics Registry : ratis.server.2ae88acd-293c-44f1-bb58-9baaea38510e@group-6F588FA94E98
2020-11-26 17:12:00,600 [pool-239-thread-1] INFO  impl.RaftServerImpl (RaftServerImpl.java:start(215)) - 2ae88acd-293c-44f1-bb58-9baaea38510e@group-6F588FA94E98: start as a follower, conf=-1: [2ae88acd-293c-44f1-bb58-9baaea38510e|rpc:172.17.0.2:39921|dataStream:, ff415fc8-d651-447e-8633-56fa30db40b3|rpc:172.17.0.2:42725|dataStream:, 433667c4-acee-4b27-a3b7-b728b5272bf1|rpc:172.17.0.2:42205|dataStream:], old=null
2020-11-26 17:12:00,600 [pool-239-thread-1] INFO  impl.RaftServerImpl (RaftServerImpl.java:setRole(204)) - 2ae88acd-293c-44f1-bb58-9baaea38510e@group-6F588FA94E98: changes role from      null to FOLLOWER at term 0 for startAsFollower
2020-11-26 17:12:00,601 [pool-239-thread-1] INFO  impl.RoleInfo (RoleInfo.java:updateAndGet(143)) - 2ae88acd-293c-44f1-bb58-9baaea38510e: start 2ae88acd-293c-44f1-bb58-9baaea38510e@group-6F588FA94E98-FollowerState
2020-11-26 17:12:00,601 [pool-239-thread-1] INFO  util.JmxRegister (JmxRegister.java:tryRegister(44)) - Successfully registered JMX Bean with object name Ratis:service=RaftServer,group=group-6F588FA94E98,id=2ae88acd-293c-44f1-bb58-9baaea38510e
2020-11-26 17:12:00,601 [pool-239-thread-1] INFO  metrics.RatisMetrics (RatisMetrics.java:lambda$create$0(36)) - Creating Metrics Registry : ratis.state_machine.2ae88acd-293c-44f1-bb58-9baaea38510e@group-6F588FA94E98
2020-11-26 17:12:00,616 [Command processor thread] INFO  commandhandler.CreatePipelineCommandHandler (CreatePipelineCommandHandler.java:handle(106)) - Created Pipeline RATIS THREE PipelineID=c2ef77a2-3d65-48dd-81bf-6f588fa94e98.
2020-11-26 17:12:00,726 [Command processor thread] INFO  impl.RaftServerProxy (RaftServerProxy.java:addNew(93)) - 2ae88acd-293c-44f1-bb58-9baaea38510e: addNew group-947E8FCC7C40:[2ae88acd-293c-44f1-bb58-9baaea38510e|rpc:172.17.0.2:39921] returns group-947E8FCC7C40:java.util.concurrent.CompletableFuture@4e227526[Not completed]
2020-11-26 17:12:00,727 [pool-239-thread-1] INFO  impl.RaftServerImpl (RaftServerImpl.java:<init>(121)) - 2ae88acd-293c-44f1-bb58-9baaea38510e: new RaftServerImpl for group-947E8FCC7C40:[2ae88acd-293c-44f1-bb58-9baaea38510e|rpc:172.17.0.2:39921] with ContainerStateMachine:uninitialized
2020-11-26 17:12:00,727 [pool-239-thread-1] INFO  server.RaftServerConfigKeys (ConfUtils.java:logGet(44)) - raft.server.rpc.timeout.min = 5s (custom)
2020-11-26 17:12:00,727 [pool-239-thread-1] INFO  server.RaftServerConfigKeys (ConfUtils.java:logGet(44)) - raft.server.rpc.timeout.max = 5200ms (custom)
2020-11-26 17:12:00,727 [pool-239-thread-1] INFO  server.RaftServerConfigKeys (ConfUtils.java:logGet(44)) - raft.server.rpc.slowness.timeout = 300s (custom)
2020-11-26 17:12:00,727 [pool-239-thread-1] INFO  server.RaftServerConfigKeys (ConfUtils.java:logGet(44)) - raft.server.leaderelection.leader.step-down.wait-time = 10s (default)
2020-11-26 17:12:00,727 [pool-239-thread-1] INFO  server.RaftServerConfigKeys (ConfUtils.java:logGet(44)) - raft.server.sleep.deviation.threshold = 300 (default)
2020-11-26 17:12:00,727 [pool-239-thread-1] INFO  server.RaftServerConfigKeys (ConfUtils.java:logGet(44)) - raft.server.log.appender.install.snapshot.enabled = false (custom)
2020-11-26 17:12:00,727 [pool-239-thread-1] INFO  impl.RaftServerImpl (ServerState.java:<init>(104)) - 2ae88acd-293c-44f1-bb58-9baaea38510e@group-947E8FCC7C40: ConfigurationManager, init=-1: [2ae88acd-293c-44f1-bb58-9baaea38510e|rpc:172.17.0.2:39921], old=null, confs=<EMPTY_MAP>
2020-11-26 17:12:00,727 [pool-239-thread-1] INFO  server.RaftServerConfigKeys (ConfUtils.java:logGet(44)) - raft.server.storage.dir = [/github/workspace/mnt/ozone/hadoop-ozone/integration-test/target/test-dir/MiniOzoneClusterImpl-baac2ffe-e1a6-449a-ab8a-404ec876111f/datanode-4/data/ratis] (custom)
2020-11-26 17:12:00,728 [pool-239-thread-1] INFO  server.RaftServerConfigKeys (ConfUtils.java:logGet(44)) - raft.server.log.corruption.policy = EXCEPTION (default)
2020-11-26 17:12:00,728 [pool-239-thread-1] INFO  storage.RaftStorageDirectory (RaftStorageDirectory.java:analyzeStorage(261)) - The storage directory /github/workspace/mnt/ozone/hadoop-ozone/integration-test/target/test-dir/MiniOzoneClusterImpl-baac2ffe-e1a6-449a-ab8a-404ec876111f/datanode-4/data/ratis/737377c1-c79d-4053-bf07-947e8fcc7c40 does not exist. Creating ...
2020-11-26 17:12:00,729 [pool-239-thread-1] INFO  storage.RaftStorageDirectory (RaftStorageDirectory.java:tryLock(343)) - Lock on /github/workspace/mnt/ozone/hadoop-ozone/integration-test/target/test-dir/MiniOzoneClusterImpl-baac2ffe-e1a6-449a-ab8a-404ec876111f/datanode-4/data/ratis/737377c1-c79d-4053-bf07-947e8fcc7c40/in_use.lock acquired by nodename 19970@1581e7703e9d
2020-11-26 17:12:00,730 [pool-239-thread-1] INFO  storage.RaftStorage (RaftStorage.java:format(85)) - Storage directory /github/workspace/mnt/ozone/hadoop-ozone/integration-test/target/test-dir/MiniOzoneClusterImpl-baac2ffe-e1a6-449a-ab8a-404ec876111f/datanode-4/data/ratis/737377c1-c79d-4053-bf07-947e8fcc7c40 has been successfully formatted.
2020-11-26 17:12:00,731 [EventQueue-PipelineReportForOneReplicaPipelineSafeModeRule] INFO  safemode.SCMSafeModeManager (SCMSafeModeManager.java:validateSafeModeExitRules(214)) - AtleastOneDatanodeReportedRule rule is successfully validated
2020-11-26 17:12:00,731 [EventQueue-PipelineReportForPipelineReportHandler] INFO  pipeline.PipelineStateManager (PipelineStateManager.java:openPipeline(132)) - Pipeline Pipeline[ Id: 737377c1-c79d-4053-bf07-947e8fcc7c40, Nodes: 2ae88acd-293c-44f1-bb58-9baaea38510e{ip: 172.17.0.2, host: 1581e7703e9d, networkLocation: /default-rack, certSerialId: null}, Type:RATIS, Factor:ONE, State:ALLOCATED, leaderId:2ae88acd-293c-44f1-bb58-9baaea38510e, CreationTimestamp2020-11-26T17:11:57.728Z] moved to OPEN state
2020-11-26 17:12:00,731 [EventQueue-OpenPipelineForHealthyPipelineSafeModeRule] INFO  safemode.SCMSafeModeManager (HealthyPipelineSafeModeRule.java:process(128)) - SCM in safe mode. Healthy pipelines reported count is 0, required healthy pipeline reported count is 1
2020-11-26 17:12:00,732 [pool-239-thread-1] INFO  ratis.ContainerStateMachine (ContainerStateMachine.java:loadSnapshot(225)) - group-947E8FCC7C40: The snapshot info is null. Setting the last applied indexto:(t:0, i:~)
2020-11-26 17:12:00,732 [pool-239-thread-1] INFO  server.RaftServerConfigKeys (ConfUtils.java:logGet(44)) - raft.server.notification.no-leader.timeout = 300s (custom)
2020-11-26 17:12:00,732 [pool-239-thread-1] INFO  server.RaftServerConfigKeys (ConfUtils.java:logGet(44)) - raft.server.log.use.memory = false (default)
2020-11-26 17:12:00,732 [pool-239-thread-1] INFO  server.RaftServerConfigKeys (ConfUtils.java:logGet(44)) - raft.server.log.purge.gap = 1000000 (custom)
2020-11-26 17:12:00,732 [pool-239-thread-1] INFO  metrics.RatisMetrics (RatisMetrics.java:lambda$create$0(36)) - Creating Metrics Registry : ratis.log_worker.2ae88acd-293c-44f1-bb58-9baaea38510e@group-947E8FCC7C40
2020-11-26 17:12:00,732 [pool-239-thread-1] INFO  server.RaftServerConfigKeys (ConfUtils.java:logGet(44)) - raft.server.log.appender.buffer.byte-limit = 33554432 (custom)
2020-11-26 17:12:00,732 [pool-239-thread-1] INFO  server.RaftServerConfigKeys (ConfUtils.java:logGet(44)) - raft.server.log.segment.size.max = 1048576 (custom)
2020-11-26 17:12:00,733 [pool-239-thread-1] INFO  server.RaftServerConfigKeys (ConfUtils.java:logGet(44)) - raft.server.log.segment.cache.num.max = 2 (custom)
2020-11-26 17:12:00,733 [pool-239-thread-1] INFO  segmented.SegmentedRaftLogWorker (SegmentedRaftLogWorker.java:<init>(180)) - new 2ae88acd-293c-44f1-bb58-9baaea38510e@group-947E8FCC7C40-SegmentedRaftLogWorker for RaftStorage:Storage Directory /github/workspace/mnt/ozone/hadoop-ozone/integration-test/target/test-dir/MiniOzoneClusterImpl-baac2ffe-e1a6-449a-ab8a-404ec876111f/datanode-4/data/ratis/737377c1-c79d-4053-bf07-947e8fcc7c40
2020-11-26 17:12:00,733 [pool-239-thread-1] INFO  server.RaftServerConfigKeys (ConfUtils.java:logGet(44)) - raft.server.log.queue.byte-limit = 2147483647 (custom)
2020-11-26 17:12:00,733 [pool-239-thread-1] INFO  server.RaftServerConfigKeys (ConfUtils.java:logGet(44)) - raft.server.log.queue.element-limit = 1024 (custom)
2020-11-26 17:12:00,733 [pool-239-thread-1] INFO  server.RaftServerConfigKeys (ConfUtils.java:logGet(44)) - raft.server.log.segment.size.max = 1048576 (custom)
2020-11-26 17:12:00,733 [pool-239-thread-1] INFO  server.RaftServerConfigKeys (ConfUtils.java:logGet(44)) - raft.server.log.preallocated.size = 16384 (custom)
2020-11-26 17:12:00,733 [pool-239-thread-1] INFO  server.RaftServerConfigKeys (ConfUtils.java:logGet(44)) - raft.server.log.write.buffer.size = 1048576 (custom)
2020-11-26 17:12:00,733 [pool-239-thread-1] INFO  server.RaftServerConfigKeys (ConfUtils.java:logGet(44)) - raft.server.log.force.sync.num = 128 (default)
2020-11-26 17:12:00,733 [pool-239-thread-1] INFO  server.RaftServerConfigKeys (ConfUtils.java:logGet(44)) - raft.server.log.statemachine.data.sync = true (default)
2020-11-26 17:12:00,733 [pool-239-thread-1] INFO  server.RaftServerConfigKeys (ConfUtils.java:logGet(44)) - raft.server.log.statemachine.data.sync.timeout = 10s (default)
2020-11-26 17:12:00,733 [pool-239-thread-1] INFO  server.RaftServerConfigKeys (ConfUtils.java:logGet(44)) - raft.server.log.statemachine.data.sync.timeout.retry = -1 (default)
2020-11-26 17:12:00,735 [pool-239-thread-1] INFO  server.RaftServerConfigKeys (ConfUtils.java:logGet(44)) - raft.server.log.statemachine.data.caching.enabled = true (custom)
2020-11-26 17:12:00,735 [pool-239-thread-1] INFO  segmented.SegmentedRaftLogWorker (SegmentedRaftLogWorker.java:lambda$new$0(129)) - 2ae88acd-293c-44f1-bb58-9baaea38510e@group-947E8FCC7C40-SegmentedRaftLogWorker: flushIndex: setUnconditionally 0 -> -1
2020-11-26 17:12:00,735 [pool-239-thread-1] INFO  segmented.SegmentedRaftLogWorker (SegmentedRaftLogWorker.java:lambda$new$0(129)) - 2ae88acd-293c-44f1-bb58-9baaea38510e@group-947E8FCC7C40-SegmentedRaftLogWorker: safeCacheEvictIndex: setUnconditionally 0 -> -1
2020-11-26 17:12:00,736 [pool-239-thread-1] INFO  server.RaftServerConfigKeys (ConfUtils.java:logGet(44)) - raft.server.snapshot.auto.trigger.enabled = true (custom)
2020-11-26 17:12:00,736 [pool-239-thread-1] INFO  server.RaftServerConfigKeys (ConfUtils.java:logGet(44)) - raft.server.snapshot.auto.trigger.threshold = 10000 (custom)
2020-11-26 17:12:00,736 [pool-239-thread-1] INFO  server.RaftServerConfigKeys (ConfUtils.java:logGet(44)) - raft.server.snapshot.retention.file.num = 5 (custom)
2020-11-26 17:12:00,736 [pool-239-thread-1] INFO  server.RaftServerConfigKeys (ConfUtils.java:logGet(44)) - raft.server.log.purge.upto.snapshot.index = false (default)
2020-11-26 17:12:00,736 [pool-239-thread-1] INFO  server.RaftServerConfigKeys (ConfUtils.java:logGet(44)) - raft.server.retrycache.expirytime = 600000ms (custom)
2020-11-26 17:12:00,736 [pool-239-thread-1] INFO  metrics.RatisMetrics (RatisMetrics.java:lambda$create$0(36)) - Creating Metrics Registry : ratis.leader_election.2ae88acd-293c-44f1-bb58-9baaea38510e@group-947E8FCC7C40
2020-11-26 17:12:00,737 [pool-239-thread-1] INFO  metrics.RatisMetrics (RatisMetrics.java:lambda$create$0(36)) - Creating Metrics Registry : ratis.server.2ae88acd-293c-44f1-bb58-9baaea38510e@group-947E8FCC7C40
2020-11-26 17:12:00,737 [pool-239-thread-1] INFO  impl.RaftServerImpl (RaftServerImpl.java:start(215)) - 2ae88acd-293c-44f1-bb58-9baaea38510e@group-947E8FCC7C40: start as a follower, conf=-1: [2ae88acd-293c-44f1-bb58-9baaea38510e|rpc:172.17.0.2:39921], old=null
2020-11-26 17:12:00,738 [pool-239-thread-1] INFO  impl.RaftServerImpl (RaftServerImpl.java:setRole(204)) - 2ae88acd-293c-44f1-bb58-9baaea38510e@group-947E8FCC7C40: changes role from      null to FOLLOWER at term 0 for startAsFollower
2020-11-26 17:12:00,738 [pool-239-thread-1] INFO  impl.RoleInfo (RoleInfo.java:updateAndGet(143)) - 2ae88acd-293c-44f1-bb58-9baaea38510e: start 2ae88acd-293c-44f1-bb58-9baaea38510e@group-947E8FCC7C40-FollowerState
2020-11-26 17:12:00,744 [pool-239-thread-1] INFO  util.JmxRegister (JmxRegister.java:tryRegister(44)) - Successfully registered JMX Bean with object name Ratis:service=RaftServer,group=group-947E8FCC7C40,id=2ae88acd-293c-44f1-bb58-9baaea38510e
2020-11-26 17:12:00,744 [pool-239-thread-1] INFO  metrics.RatisMetrics (RatisMetrics.java:lambda$create$0(36)) - Creating Metrics Registry : ratis.state_machine.2ae88acd-293c-44f1-bb58-9baaea38510e@group-947E8FCC7C40
2020-11-26 17:12:00,745 [Command processor thread] INFO  commandhandler.CreatePipelineCommandHandler (CreatePipelineCommandHandler.java:handle(106)) - Created Pipeline RATIS ONE PipelineID=737377c1-c79d-4053-bf07-947e8fcc7c40.
2020-11-26 17:12:00,905 [Command processor thread] INFO  impl.RaftServerProxy (RaftServerProxy.java:addNew(93)) - ff415fc8-d651-447e-8633-56fa30db40b3: addNew group-D09F5683E995:[ff415fc8-d651-447e-8633-56fa30db40b3|rpc:172.17.0.2:42725] returns group-D09F5683E995:java.util.concurrent.CompletableFuture@4e1a4901[Not completed]
2020-11-26 17:12:00,906 [pool-255-thread-1] INFO  impl.RaftServerImpl (RaftServerImpl.java:<init>(121)) - ff415fc8-d651-447e-8633-56fa30db40b3: new RaftServerImpl for group-D09F5683E995:[ff415fc8-d651-447e-8633-56fa30db40b3|rpc:172.17.0.2:42725] with ContainerStateMachine:uninitialized
2020-11-26 17:12:00,906 [pool-255-thread-1] INFO  server.RaftServerConfigKeys (ConfUtils.java:logGet(44)) - raft.server.rpc.timeout.min = 5s (custom)
2020-11-26 17:12:00,907 [pool-255-thread-1] INFO  server.RaftServerConfigKeys (ConfUtils.java:logGet(44)) - raft.server.rpc.timeout.max = 5200ms (custom)
2020-11-26 17:12:00,907 [pool-255-thread-1] INFO  server.RaftServerConfigKeys (ConfUtils.java:logGet(44)) - raft.server.rpc.slowness.timeout = 300s (custom)
2020-11-26 17:12:00,907 [pool-255-thread-1] INFO  server.RaftServerConfigKeys (ConfUtils.java:logGet(44)) - raft.server.leaderelection.leader.step-down.wait-time = 10s (default)
2020-11-26 17:12:00,907 [pool-255-thread-1] INFO  server.RaftServerConfigKeys (ConfUtils.java:logGet(44)) - raft.server.sleep.deviation.threshold = 300 (default)
2020-11-26 17:12:00,907 [pool-255-thread-1] INFO  server.RaftServerConfigKeys (ConfUtils.java:logGet(44)) - raft.server.log.appender.install.snapshot.enabled = false (custom)
2020-11-26 17:12:00,907 [pool-255-thread-1] INFO  impl.RaftServerImpl (ServerState.java:<init>(104)) - ff415fc8-d651-447e-8633-56fa30db40b3@group-D09F5683E995: ConfigurationManager, init=-1: [ff415fc8-d651-447e-8633-56fa30db40b3|rpc:172.17.0.2:42725], old=null, confs=<EMPTY_MAP>
2020-11-26 17:12:00,907 [pool-255-thread-1] INFO  server.RaftServerConfigKeys (ConfUtils.java:logGet(44)) - raft.server.storage.dir = [/github/workspace/mnt/ozone/hadoop-ozone/integration-test/target/test-dir/MiniOzoneClusterImpl-baac2ffe-e1a6-449a-ab8a-404ec876111f/datanode-5/data/ratis] (custom)
2020-11-26 17:12:00,907 [pool-255-thread-1] INFO  server.RaftServerConfigKeys (ConfUtils.java:logGet(44)) - raft.server.log.corruption.policy = EXCEPTION (default)
2020-11-26 17:12:00,907 [pool-255-thread-1] INFO  storage.RaftStorageDirectory (RaftStorageDirectory.java:analyzeStorage(261)) - The storage directory /github/workspace/mnt/ozone/hadoop-ozone/integration-test/target/test-dir/MiniOzoneClusterImpl-baac2ffe-e1a6-449a-ab8a-404ec876111f/datanode-5/data/ratis/1e8f6edf-d564-4685-ad7c-d09f5683e995 does not exist. Creating ...
2020-11-26 17:12:00,908 [pool-255-thread-1] INFO  storage.RaftStorageDirectory (RaftStorageDirectory.java:tryLock(343)) - Lock on /github/workspace/mnt/ozone/hadoop-ozone/integration-test/target/test-dir/MiniOzoneClusterImpl-baac2ffe-e1a6-449a-ab8a-404ec876111f/datanode-5/data/ratis/1e8f6edf-d564-4685-ad7c-d09f5683e995/in_use.lock acquired by nodename 19970@1581e7703e9d
2020-11-26 17:12:00,909 [pool-255-thread-1] INFO  storage.RaftStorage (RaftStorage.java:format(85)) - Storage directory /github/workspace/mnt/ozone/hadoop-ozone/integration-test/target/test-dir/MiniOzoneClusterImpl-baac2ffe-e1a6-449a-ab8a-404ec876111f/datanode-5/data/ratis/1e8f6edf-d564-4685-ad7c-d09f5683e995 has been successfully formatted.
2020-11-26 17:12:00,910 [pool-255-thread-1] INFO  ratis.ContainerStateMachine (ContainerStateMachine.java:loadSnapshot(225)) - group-D09F5683E995: The snapshot info is null. Setting the last applied indexto:(t:0, i:~)
2020-11-26 17:12:00,910 [pool-255-thread-1] INFO  server.RaftServerConfigKeys (ConfUtils.java:logGet(44)) - raft.server.notification.no-leader.timeout = 300s (custom)
2020-11-26 17:12:00,910 [EventQueue-PipelineReportForPipelineReportHandler] INFO  pipeline.PipelineStateManager (PipelineStateManager.java:openPipeline(132)) - Pipeline Pipeline[ Id: 1e8f6edf-d564-4685-ad7c-d09f5683e995, Nodes: ff415fc8-d651-447e-8633-56fa30db40b3{ip: 172.17.0.2, host: 1581e7703e9d, networkLocation: /default-rack, certSerialId: null}, Type:RATIS, Factor:ONE, State:ALLOCATED, leaderId:ff415fc8-d651-447e-8633-56fa30db40b3, CreationTimestamp2020-11-26T17:11:57.907Z] moved to OPEN state
2020-11-26 17:12:00,911 [EventQueue-OpenPipelineForHealthyPipelineSafeModeRule] INFO  safemode.SCMSafeModeManager (HealthyPipelineSafeModeRule.java:process(128)) - SCM in safe mode. Healthy pipelines reported count is 0, required healthy pipeline reported count is 1
2020-11-26 17:12:00,910 [EventQueue-PipelineReportForOneReplicaPipelineSafeModeRule] INFO  safemode.SCMSafeModeManager (SCMSafeModeManager.java:validateSafeModeExitRules(214)) - AtleastOneDatanodeReportedRule rule is successfully validated
2020-11-26 17:12:00,911 [pool-255-thread-1] INFO  server.RaftServerConfigKeys (ConfUtils.java:logGet(44)) - raft.server.log.use.memory = false (default)
2020-11-26 17:12:00,911 [pool-255-thread-1] INFO  server.RaftServerConfigKeys (ConfUtils.java:logGet(44)) - raft.server.log.purge.gap = 1000000 (custom)
2020-11-26 17:12:00,911 [pool-255-thread-1] INFO  metrics.RatisMetrics (RatisMetrics.java:lambda$create$0(36)) - Creating Metrics Registry : ratis.log_worker.ff415fc8-d651-447e-8633-56fa30db40b3@group-D09F5683E995
2020-11-26 17:12:00,911 [pool-255-thread-1] INFO  server.RaftServerConfigKeys (ConfUtils.java:logGet(44)) - raft.server.log.appender.buffer.byte-limit = 33554432 (custom)
2020-11-26 17:12:00,911 [pool-255-thread-1] INFO  server.RaftServerConfigKeys (ConfUtils.java:logGet(44)) - raft.server.log.segment.size.max = 1048576 (custom)
2020-11-26 17:12:00,912 [pool-255-thread-1] INFO  server.RaftServerConfigKeys (ConfUtils.java:logGet(44)) - raft.server.log.segment.cache.num.max = 2 (custom)
2020-11-26 17:12:00,912 [pool-255-thread-1] INFO  segmented.SegmentedRaftLogWorker (SegmentedRaftLogWorker.java:<init>(180)) - new ff415fc8-d651-447e-8633-56fa30db40b3@group-D09F5683E995-SegmentedRaftLogWorker for RaftStorage:Storage Directory /github/workspace/mnt/ozone/hadoop-ozone/integration-test/target/test-dir/MiniOzoneClusterImpl-baac2ffe-e1a6-449a-ab8a-404ec876111f/datanode-5/data/ratis/1e8f6edf-d564-4685-ad7c-d09f5683e995
2020-11-26 17:12:00,912 [pool-255-thread-1] INFO  server.RaftServerConfigKeys (ConfUtils.java:logGet(44)) - raft.server.log.queue.byte-limit = 2147483647 (custom)
2020-11-26 17:12:00,912 [pool-255-thread-1] INFO  server.RaftServerConfigKeys (ConfUtils.java:logGet(44)) - raft.server.log.queue.element-limit = 1024 (custom)
2020-11-26 17:12:00,912 [pool-255-thread-1] INFO  server.RaftServerConfigKeys (ConfUtils.java:logGet(44)) - raft.server.log.segment.size.max = 1048576 (custom)
2020-11-26 17:12:00,912 [pool-255-thread-1] INFO  server.RaftServerConfigKeys (ConfUtils.java:logGet(44)) - raft.server.log.preallocated.size = 16384 (custom)
2020-11-26 17:12:00,912 [pool-255-thread-1] INFO  server.RaftServerConfigKeys (ConfUtils.java:logGet(44)) - raft.server.log.write.buffer.size = 1048576 (custom)
2020-11-26 17:12:00,912 [pool-255-thread-1] INFO  server.RaftServerConfigKeys (ConfUtils.java:logGet(44)) - raft.server.log.force.sync.num = 128 (default)
2020-11-26 17:12:00,912 [pool-255-thread-1] INFO  server.RaftServerConfigKeys (ConfUtils.java:logGet(44)) - raft.server.log.statemachine.data.sync = true (default)
2020-11-26 17:12:00,912 [pool-255-thread-1] INFO  server.RaftServerConfigKeys (ConfUtils.java:logGet(44)) - raft.server.log.statemachine.data.sync.timeout = 10s (default)
2020-11-26 17:12:00,912 [pool-255-thread-1] INFO  server.RaftServerConfigKeys (ConfUtils.java:logGet(44)) - raft.server.log.statemachine.data.sync.timeout.retry = -1 (default)
2020-11-26 17:12:00,914 [pool-255-thread-1] INFO  server.RaftServerConfigKeys (ConfUtils.java:logGet(44)) - raft.server.log.statemachine.data.caching.enabled = true (custom)
2020-11-26 17:12:00,914 [pool-255-thread-1] INFO  segmented.SegmentedRaftLogWorker (SegmentedRaftLogWorker.java:lambda$new$0(129)) - ff415fc8-d651-447e-8633-56fa30db40b3@group-D09F5683E995-SegmentedRaftLogWorker: flushIndex: setUnconditionally 0 -> -1
2020-11-26 17:12:00,914 [pool-255-thread-1] INFO  segmented.SegmentedRaftLogWorker (SegmentedRaftLogWorker.java:lambda$new$0(129)) - ff415fc8-d651-447e-8633-56fa30db40b3@group-D09F5683E995-SegmentedRaftLogWorker: safeCacheEvictIndex: setUnconditionally 0 -> -1
2020-11-26 17:12:00,920 [pool-255-thread-1] INFO  server.RaftServerConfigKeys (ConfUtils.java:logGet(44)) - raft.server.snapshot.auto.trigger.enabled = true (custom)
2020-11-26 17:12:00,920 [pool-255-thread-1] INFO  server.RaftServerConfigKeys (ConfUtils.java:logGet(44)) - raft.server.snapshot.auto.trigger.threshold = 10000 (custom)
2020-11-26 17:12:00,920 [pool-255-thread-1] INFO  server.RaftServerConfigKeys (ConfUtils.java:logGet(44)) - raft.server.snapshot.retention.file.num = 5 (custom)
2020-11-26 17:12:00,920 [pool-255-thread-1] INFO  server.RaftServerConfigKeys (ConfUtils.java:logGet(44)) - raft.server.log.purge.upto.snapshot.index = false (default)
2020-11-26 17:12:00,920 [pool-255-thread-1] INFO  server.RaftServerConfigKeys (ConfUtils.java:logGet(44)) - raft.server.retrycache.expirytime = 600000ms (custom)
2020-11-26 17:12:00,920 [pool-255-thread-1] INFO  metrics.RatisMetrics (RatisMetrics.java:lambda$create$0(36)) - Creating Metrics Registry : ratis.leader_election.ff415fc8-d651-447e-8633-56fa30db40b3@group-D09F5683E995
2020-11-26 17:12:00,921 [pool-255-thread-1] INFO  metrics.RatisMetrics (RatisMetrics.java:lambda$create$0(36)) - Creating Metrics Registry : ratis.server.ff415fc8-d651-447e-8633-56fa30db40b3@group-D09F5683E995
2020-11-26 17:12:00,922 [pool-255-thread-1] INFO  impl.RaftServerImpl (RaftServerImpl.java:start(215)) - ff415fc8-d651-447e-8633-56fa30db40b3@group-D09F5683E995: start as a follower, conf=-1: [ff415fc8-d651-447e-8633-56fa30db40b3|rpc:172.17.0.2:42725], old=null
2020-11-26 17:12:00,922 [pool-255-thread-1] INFO  impl.RaftServerImpl (RaftServerImpl.java:setRole(204)) - ff415fc8-d651-447e-8633-56fa30db40b3@group-D09F5683E995: changes role from      null to FOLLOWER at term 0 for startAsFollower
2020-11-26 17:12:00,922 [pool-255-thread-1] INFO  impl.RoleInfo (RoleInfo.java:updateAndGet(143)) - ff415fc8-d651-447e-8633-56fa30db40b3: start ff415fc8-d651-447e-8633-56fa30db40b3@group-D09F5683E995-FollowerState
2020-11-26 17:12:00,922 [pool-255-thread-1] INFO  util.JmxRegister (JmxRegister.java:tryRegister(44)) - Successfully registered JMX Bean with object name Ratis:service=RaftServer,group=group-D09F5683E995,id=ff415fc8-d651-447e-8633-56fa30db40b3
2020-11-26 17:12:00,922 [pool-255-thread-1] INFO  metrics.RatisMetrics (RatisMetrics.java:lambda$create$0(36)) - Creating Metrics Registry : ratis.state_machine.ff415fc8-d651-447e-8633-56fa30db40b3@group-D09F5683E995
2020-11-26 17:12:00,923 [Command processor thread] INFO  commandhandler.CreatePipelineCommandHandler (CreatePipelineCommandHandler.java:handle(106)) - Created Pipeline RATIS ONE PipelineID=1e8f6edf-d564-4685-ad7c-d09f5683e995.
2020-11-26 17:12:01,207 [Listener at 127.0.0.1/40769] INFO  ozone.MiniOzoneClusterImpl (MiniOzoneClusterImpl.java:lambda$waitForClusterToBeReady$0(178)) - Nodes are ready. Got 7 of 7 DN Heartbeats.
2020-11-26 17:12:01,208 [Listener at 127.0.0.1/40769] INFO  ozone.MiniOzoneClusterImpl (MiniOzoneClusterImpl.java:lambda$waitForClusterToBeReady$0(181)) - Waiting for cluster to exit safe mode
2020-11-26 17:12:01,211 [Command processor thread] INFO  impl.RaftServerProxy (RaftServerProxy.java:addNew(93)) - a113b3de-1e69-4d48-9e91-4a0af33016fa: addNew group-0492F37A3530:[a113b3de-1e69-4d48-9e91-4a0af33016fa|rpc:172.17.0.2:33321] returns group-0492F37A3530:java.util.concurrent.CompletableFuture@1cae66ad[Not completed]
2020-11-26 17:12:01,213 [pool-271-thread-1] INFO  impl.RaftServerImpl (RaftServerImpl.java:<init>(121)) - a113b3de-1e69-4d48-9e91-4a0af33016fa: new RaftServerImpl for group-0492F37A3530:[a113b3de-1e69-4d48-9e91-4a0af33016fa|rpc:172.17.0.2:33321] with ContainerStateMachine:uninitialized
2020-11-26 17:12:01,213 [pool-271-thread-1] INFO  server.RaftServerConfigKeys (ConfUtils.java:logGet(44)) - raft.server.rpc.timeout.min = 5s (custom)
2020-11-26 17:12:01,213 [pool-271-thread-1] INFO  server.RaftServerConfigKeys (ConfUtils.java:logGet(44)) - raft.server.rpc.timeout.max = 5200ms (custom)
2020-11-26 17:12:01,213 [pool-271-thread-1] INFO  server.RaftServerConfigKeys (ConfUtils.java:logGet(44)) - raft.server.rpc.slowness.timeout = 300s (custom)
2020-11-26 17:12:01,213 [pool-271-thread-1] INFO  server.RaftServerConfigKeys (ConfUtils.java:logGet(44)) - raft.server.leaderelection.leader.step-down.wait-time = 10s (default)
2020-11-26 17:12:01,213 [pool-271-thread-1] INFO  server.RaftServerConfigKeys (ConfUtils.java:logGet(44)) - raft.server.sleep.deviation.threshold = 300 (default)
2020-11-26 17:12:01,213 [pool-271-thread-1] INFO  server.RaftServerConfigKeys (ConfUtils.java:logGet(44)) - raft.server.log.appender.install.snapshot.enabled = false (custom)
2020-11-26 17:12:01,213 [pool-271-thread-1] INFO  impl.RaftServerImpl (ServerState.java:<init>(104)) - a113b3de-1e69-4d48-9e91-4a0af33016fa@group-0492F37A3530: ConfigurationManager, init=-1: [a113b3de-1e69-4d48-9e91-4a0af33016fa|rpc:172.17.0.2:33321], old=null, confs=<EMPTY_MAP>
2020-11-26 17:12:01,213 [pool-271-thread-1] INFO  server.RaftServerConfigKeys (ConfUtils.java:logGet(44)) - raft.server.storage.dir = [/github/workspace/mnt/ozone/hadoop-ozone/integration-test/target/test-dir/MiniOzoneClusterImpl-baac2ffe-e1a6-449a-ab8a-404ec876111f/datanode-6/data/ratis] (custom)
2020-11-26 17:12:01,213 [pool-271-thread-1] INFO  server.RaftServerConfigKeys (ConfUtils.java:logGet(44)) - raft.server.log.corruption.policy = EXCEPTION (default)
2020-11-26 17:12:01,213 [pool-271-thread-1] INFO  storage.RaftStorageDirectory (RaftStorageDirectory.java:analyzeStorage(261)) - The storage directory /github/workspace/mnt/ozone/hadoop-ozone/integration-test/target/test-dir/MiniOzoneClusterImpl-baac2ffe-e1a6-449a-ab8a-404ec876111f/datanode-6/data/ratis/e6529d1d-05dd-4ceb-ac1f-0492f37a3530 does not exist. Creating ...
2020-11-26 17:12:01,214 [pool-271-thread-1] INFO  storage.RaftStorageDirectory (RaftStorageDirectory.java:tryLock(343)) - Lock on /github/workspace/mnt/ozone/hadoop-ozone/integration-test/target/test-dir/MiniOzoneClusterImpl-baac2ffe-e1a6-449a-ab8a-404ec876111f/datanode-6/data/ratis/e6529d1d-05dd-4ceb-ac1f-0492f37a3530/in_use.lock acquired by nodename 19970@1581e7703e9d
2020-11-26 17:12:01,216 [pool-271-thread-1] INFO  storage.RaftStorage (RaftStorage.java:format(85)) - Storage directory /github/workspace/mnt/ozone/hadoop-ozone/integration-test/target/test-dir/MiniOzoneClusterImpl-baac2ffe-e1a6-449a-ab8a-404ec876111f/datanode-6/data/ratis/e6529d1d-05dd-4ceb-ac1f-0492f37a3530 has been successfully formatted.
2020-11-26 17:12:01,218 [pool-271-thread-1] INFO  ratis.ContainerStateMachine (ContainerStateMachine.java:loadSnapshot(225)) - group-0492F37A3530: The snapshot info is null. Setting the last applied indexto:(t:0, i:~)
2020-11-26 17:12:01,220 [EventQueue-PipelineReportForOneReplicaPipelineSafeModeRule] INFO  safemode.SCMSafeModeManager (SCMSafeModeManager.java:validateSafeModeExitRules(214)) - AtleastOneDatanodeReportedRule rule is successfully validated
2020-11-26 17:12:01,220 [pool-271-thread-1] INFO  server.RaftServerConfigKeys (ConfUtils.java:logGet(44)) - raft.server.notification.no-leader.timeout = 300s (custom)
2020-11-26 17:12:01,220 [pool-271-thread-1] INFO  server.RaftServerConfigKeys (ConfUtils.java:logGet(44)) - raft.server.log.use.memory = false (default)
2020-11-26 17:12:01,220 [pool-271-thread-1] INFO  server.RaftServerConfigKeys (ConfUtils.java:logGet(44)) - raft.server.log.purge.gap = 1000000 (custom)
2020-11-26 17:12:01,220 [pool-271-thread-1] INFO  metrics.RatisMetrics (RatisMetrics.java:lambda$create$0(36)) - Creating Metrics Registry : ratis.log_worker.a113b3de-1e69-4d48-9e91-4a0af33016fa@group-0492F37A3530
2020-11-26 17:12:01,220 [EventQueue-PipelineReportForPipelineReportHandler] INFO  pipeline.PipelineStateManager (PipelineStateManager.java:openPipeline(132)) - Pipeline Pipeline[ Id: e6529d1d-05dd-4ceb-ac1f-0492f37a3530, Nodes: a113b3de-1e69-4d48-9e91-4a0af33016fa{ip: 172.17.0.2, host: 1581e7703e9d, networkLocation: /default-rack, certSerialId: null}, Type:RATIS, Factor:ONE, State:ALLOCATED, leaderId:a113b3de-1e69-4d48-9e91-4a0af33016fa, CreationTimestamp2020-11-26T17:11:58.213Z] moved to OPEN state
2020-11-26 17:12:01,221 [pool-271-thread-1] INFO  server.RaftServerConfigKeys (ConfUtils.java:logGet(44)) - raft.server.log.appender.buffer.byte-limit = 33554432 (custom)
2020-11-26 17:12:01,221 [pool-271-thread-1] INFO  server.RaftServerConfigKeys (ConfUtils.java:logGet(44)) - raft.server.log.segment.size.max = 1048576 (custom)
2020-11-26 17:12:01,221 [EventQueue-OpenPipelineForHealthyPipelineSafeModeRule] INFO  safemode.SCMSafeModeManager (HealthyPipelineSafeModeRule.java:process(128)) - SCM in safe mode. Healthy pipelines reported count is 0, required healthy pipeline reported count is 1
2020-11-26 17:12:01,221 [pool-271-thread-1] INFO  server.RaftServerConfigKeys (ConfUtils.java:logGet(44)) - raft.server.log.segment.cache.num.max = 2 (custom)
2020-11-26 17:12:01,221 [pool-271-thread-1] INFO  segmented.SegmentedRaftLogWorker (SegmentedRaftLogWorker.java:<init>(180)) - new a113b3de-1e69-4d48-9e91-4a0af33016fa@group-0492F37A3530-SegmentedRaftLogWorker for RaftStorage:Storage Directory /github/workspace/mnt/ozone/hadoop-ozone/integration-test/target/test-dir/MiniOzoneClusterImpl-baac2ffe-e1a6-449a-ab8a-404ec876111f/datanode-6/data/ratis/e6529d1d-05dd-4ceb-ac1f-0492f37a3530
2020-11-26 17:12:01,221 [pool-271-thread-1] INFO  server.RaftServerConfigKeys (ConfUtils.java:logGet(44)) - raft.server.log.queue.byte-limit = 2147483647 (custom)
2020-11-26 17:12:01,221 [pool-271-thread-1] INFO  server.RaftServerConfigKeys (ConfUtils.java:logGet(44)) - raft.server.log.queue.element-limit = 1024 (custom)
2020-11-26 17:12:01,221 [pool-271-thread-1] INFO  server.RaftServerConfigKeys (ConfUtils.java:logGet(44)) - raft.server.log.segment.size.max = 1048576 (custom)
2020-11-26 17:12:01,221 [pool-271-thread-1] INFO  server.RaftServerConfigKeys (ConfUtils.java:logGet(44)) - raft.server.log.preallocated.size = 16384 (custom)
2020-11-26 17:12:01,221 [pool-271-thread-1] INFO  server.RaftServerConfigKeys (ConfUtils.java:logGet(44)) - raft.server.log.write.buffer.size = 1048576 (custom)
2020-11-26 17:12:01,221 [pool-271-thread-1] INFO  server.RaftServerConfigKeys (ConfUtils.java:logGet(44)) - raft.server.log.force.sync.num = 128 (default)
2020-11-26 17:12:01,222 [pool-271-thread-1] INFO  server.RaftServerConfigKeys (ConfUtils.java:logGet(44)) - raft.server.log.statemachine.data.sync = true (default)
2020-11-26 17:12:01,222 [pool-271-thread-1] INFO  server.RaftServerConfigKeys (ConfUtils.java:logGet(44)) - raft.server.log.statemachine.data.sync.timeout = 10s (default)
2020-11-26 17:12:01,222 [pool-271-thread-1] INFO  server.RaftServerConfigKeys (ConfUtils.java:logGet(44)) - raft.server.log.statemachine.data.sync.timeout.retry = -1 (default)
2020-11-26 17:12:01,223 [pool-271-thread-1] INFO  server.RaftServerConfigKeys (ConfUtils.java:logGet(44)) - raft.server.log.statemachine.data.caching.enabled = true (custom)
2020-11-26 17:12:01,223 [pool-271-thread-1] INFO  segmented.SegmentedRaftLogWorker (SegmentedRaftLogWorker.java:lambda$new$0(129)) - a113b3de-1e69-4d48-9e91-4a0af33016fa@group-0492F37A3530-SegmentedRaftLogWorker: flushIndex: setUnconditionally 0 -> -1
2020-11-26 17:12:01,223 [pool-271-thread-1] INFO  segmented.SegmentedRaftLogWorker (SegmentedRaftLogWorker.java:lambda$new$0(129)) - a113b3de-1e69-4d48-9e91-4a0af33016fa@group-0492F37A3530-SegmentedRaftLogWorker: safeCacheEvictIndex: setUnconditionally 0 -> -1
2020-11-26 17:12:01,229 [pool-271-thread-1] INFO  server.RaftServerConfigKeys (ConfUtils.java:logGet(44)) - raft.server.snapshot.auto.trigger.enabled = true (custom)
2020-11-26 17:12:01,229 [pool-271-thread-1] INFO  server.RaftServerConfigKeys (ConfUtils.java:logGet(44)) - raft.server.snapshot.auto.trigger.threshold = 10000 (custom)
2020-11-26 17:12:01,229 [pool-271-thread-1] INFO  server.RaftServerConfigKeys (ConfUtils.java:logGet(44)) - raft.server.snapshot.retention.file.num = 5 (custom)
2020-11-26 17:12:01,229 [pool-271-thread-1] INFO  server.RaftServerConfigKeys (ConfUtils.java:logGet(44)) - raft.server.log.purge.upto.snapshot.index = false (default)
2020-11-26 17:12:01,229 [pool-271-thread-1] INFO  server.RaftServerConfigKeys (ConfUtils.java:logGet(44)) - raft.server.retrycache.expirytime = 600000ms (custom)
2020-11-26 17:12:01,229 [pool-271-thread-1] INFO  metrics.RatisMetrics (RatisMetrics.java:lambda$create$0(36)) - Creating Metrics Registry : ratis.leader_election.a113b3de-1e69-4d48-9e91-4a0af33016fa@group-0492F37A3530
2020-11-26 17:12:01,229 [pool-271-thread-1] INFO  metrics.RatisMetrics (RatisMetrics.java:lambda$create$0(36)) - Creating Metrics Registry : ratis.server.a113b3de-1e69-4d48-9e91-4a0af33016fa@group-0492F37A3530
2020-11-26 17:12:01,230 [pool-271-thread-1] INFO  impl.RaftServerImpl (RaftServerImpl.java:start(215)) - a113b3de-1e69-4d48-9e91-4a0af33016fa@group-0492F37A3530: start as a follower, conf=-1: [a113b3de-1e69-4d48-9e91-4a0af33016fa|rpc:172.17.0.2:33321], old=null
2020-11-26 17:12:01,230 [pool-271-thread-1] INFO  impl.RaftServerImpl (RaftServerImpl.java:setRole(204)) - a113b3de-1e69-4d48-9e91-4a0af33016fa@group-0492F37A3530: changes role from      null to FOLLOWER at term 0 for startAsFollower
2020-11-26 17:12:01,230 [pool-271-thread-1] INFO  impl.RoleInfo (RoleInfo.java:updateAndGet(143)) - a113b3de-1e69-4d48-9e91-4a0af33016fa: start a113b3de-1e69-4d48-9e91-4a0af33016fa@group-0492F37A3530-FollowerState
2020-11-26 17:12:01,231 [pool-271-thread-1] INFO  util.JmxRegister (JmxRegister.java:tryRegister(44)) - Successfully registered JMX Bean with object name Ratis:service=RaftServer,group=group-0492F37A3530,id=a113b3de-1e69-4d48-9e91-4a0af33016fa
2020-11-26 17:12:01,231 [pool-271-thread-1] INFO  metrics.RatisMetrics (RatisMetrics.java:lambda$create$0(36)) - Creating Metrics Registry : ratis.state_machine.a113b3de-1e69-4d48-9e91-4a0af33016fa@group-0492F37A3530
2020-11-26 17:12:01,232 [Command processor thread] INFO  commandhandler.CreatePipelineCommandHandler (CreatePipelineCommandHandler.java:handle(106)) - Created Pipeline RATIS ONE PipelineID=e6529d1d-05dd-4ceb-ac1f-0492f37a3530.
2020-11-26 17:12:02,208 [Listener at 127.0.0.1/40769] INFO  ozone.MiniOzoneClusterImpl (MiniOzoneClusterImpl.java:lambda$waitForClusterToBeReady$0(178)) - Nodes are ready. Got 7 of 7 DN Heartbeats.
2020-11-26 17:12:02,208 [Listener at 127.0.0.1/40769] INFO  ozone.MiniOzoneClusterImpl (MiniOzoneClusterImpl.java:lambda$waitForClusterToBeReady$0(181)) - Waiting for cluster to exit safe mode
2020-11-26 17:12:02,962 [org.apache.ratis.server.JvmPauseMonitor@25cb83ee-Monitor] WARN  server.JvmPauseMonitor (JvmPauseMonitor.java:run(141)) - Detected pause in JVM or host machine (eg GC): pause of approximately 3ms
No GCs detected
2020-11-26 17:12:03,208 [Listener at 127.0.0.1/40769] INFO  ozone.MiniOzoneClusterImpl (MiniOzoneClusterImpl.java:lambda$waitForClusterToBeReady$0(178)) - Nodes are ready. Got 7 of 7 DN Heartbeats.
2020-11-26 17:12:03,208 [Listener at 127.0.0.1/40769] INFO  ozone.MiniOzoneClusterImpl (MiniOzoneClusterImpl.java:lambda$waitForClusterToBeReady$0(181)) - Waiting for cluster to exit safe mode
2020-11-26 17:12:04,208 [Listener at 127.0.0.1/40769] INFO  ozone.MiniOzoneClusterImpl (MiniOzoneClusterImpl.java:lambda$waitForClusterToBeReady$0(178)) - Nodes are ready. Got 7 of 7 DN Heartbeats.
2020-11-26 17:12:04,209 [Listener at 127.0.0.1/40769] INFO  ozone.MiniOzoneClusterImpl (MiniOzoneClusterImpl.java:lambda$waitForClusterToBeReady$0(181)) - Waiting for cluster to exit safe mode
2020-11-26 17:12:04,900 [Thread-607] INFO  impl.FollowerState (FollowerState.java:run(128)) - 7ade5ca2-bff4-467c-9da3-f3034c092d73@group-6FEDBFA20FBE-FollowerState: change to CANDIDATE, lastRpcTime:5029ms, electionTimeout:5028ms
2020-11-26 17:12:04,900 [Thread-607] INFO  impl.RoleInfo (RoleInfo.java:shutdownFollowerState(121)) - 7ade5ca2-bff4-467c-9da3-f3034c092d73: shutdown 7ade5ca2-bff4-467c-9da3-f3034c092d73@group-6FEDBFA20FBE-FollowerState
2020-11-26 17:12:04,900 [Thread-607] INFO  impl.RaftServerImpl (RaftServerImpl.java:setRole(204)) - 7ade5ca2-bff4-467c-9da3-f3034c092d73@group-6FEDBFA20FBE: changes role from  FOLLOWER to CANDIDATE at term 0 for changeToCandidate
2020-11-26 17:12:04,900 [Thread-607] INFO  impl.RoleInfo (RoleInfo.java:updateAndGet(143)) - 7ade5ca2-bff4-467c-9da3-f3034c092d73: start 7ade5ca2-bff4-467c-9da3-f3034c092d73@group-6FEDBFA20FBE-LeaderElection13
2020-11-26 17:12:04,904 [7ade5ca2-bff4-467c-9da3-f3034c092d73@group-6FEDBFA20FBE-LeaderElection13] INFO  impl.LeaderElection (LeaderElection.java:askForVotes(215)) - 7ade5ca2-bff4-467c-9da3-f3034c092d73@group-6FEDBFA20FBE-LeaderElection13: begin an election at term 1 for -1: [b1bf3cee-cb5c-43b1-b618-d84fa5af82f6|rpc:172.17.0.2:43435|dataStream:, 466c22d0-338a-4ace-8281-5de7adeb975e|rpc:172.17.0.2:36009|dataStream:, 7ade5ca2-bff4-467c-9da3-f3034c092d73|rpc:172.17.0.2:35745|dataStream:], old=null
2020-11-26 17:12:04,915 [grpc-default-executor-0] INFO  impl.RaftServerImpl (RaftServerImpl.java:setRole(204)) - b1bf3cee-cb5c-43b1-b618-d84fa5af82f6@group-6FEDBFA20FBE: changes role from  FOLLOWER to FOLLOWER at term 1 for recognizeCandidate:7ade5ca2-bff4-467c-9da3-f3034c092d73
2020-11-26 17:12:04,915 [grpc-default-executor-0] INFO  impl.RoleInfo (RoleInfo.java:shutdownFollowerState(121)) - b1bf3cee-cb5c-43b1-b618-d84fa5af82f6: shutdown b1bf3cee-cb5c-43b1-b618-d84fa5af82f6@group-6FEDBFA20FBE-FollowerState
2020-11-26 17:12:04,915 [grpc-default-executor-0] INFO  impl.RoleInfo (RoleInfo.java:updateAndGet(143)) - b1bf3cee-cb5c-43b1-b618-d84fa5af82f6: start b1bf3cee-cb5c-43b1-b618-d84fa5af82f6@group-6FEDBFA20FBE-FollowerState
2020-11-26 17:12:04,915 [Thread-604] INFO  impl.FollowerState (FollowerState.java:run(137)) - b1bf3cee-cb5c-43b1-b618-d84fa5af82f6@group-6FEDBFA20FBE-FollowerState was interrupted: {}
java.lang.InterruptedException: sleep interrupted
	at java.lang.Thread.sleep(Native Method)
	at org.apache.ratis.util.JavaUtils.sleep(JavaUtils.java:250)
	at org.apache.ratis.server.impl.FollowerState.run(FollowerState.java:116)
2020-11-26 17:12:04,917 [grpc-default-executor-0] INFO  impl.RaftServerImpl (RaftServerImpl.java:requestVote(963)) -  FOLLOWER b1bf3cee-cb5c-43b1-b618-d84fa5af82f6@group-6FEDBFA20FBE:t1, leader=null, voted=null, raftlog=b1bf3cee-cb5c-43b1-b618-d84fa5af82f6@group-6FEDBFA20FBE-SegmentedRaftLog:OPENED:c-1,f-1,i0, conf=-1: [b1bf3cee-cb5c-43b1-b618-d84fa5af82f6|rpc:172.17.0.2:43435|dataStream:, 466c22d0-338a-4ace-8281-5de7adeb975e|rpc:172.17.0.2:36009|dataStream:, 7ade5ca2-bff4-467c-9da3-f3034c092d73|rpc:172.17.0.2:35745|dataStream:], old=null RUNNING priority:0 candidate:7ade5ca2-bff4-467c-9da3-f3034c092d73|rpc:172.17.0.2:35745|dataStream: candidatePriority:0 compare:0
2020-11-26 17:12:04,929 [7ade5ca2-bff4-467c-9da3-f3034c092d73@group-6FEDBFA20FBE-LeaderElection13] INFO  impl.LeaderElection (LeaderElection.java:logAndReturn(65)) - 7ade5ca2-bff4-467c-9da3-f3034c092d73@group-6FEDBFA20FBE-LeaderElection13: Election PASSED; received 1 response(s) [7ade5ca2-bff4-467c-9da3-f3034c092d73<-b1bf3cee-cb5c-43b1-b618-d84fa5af82f6#0:OK-t1] and 0 exception(s); 7ade5ca2-bff4-467c-9da3-f3034c092d73@group-6FEDBFA20FBE:t1, leader=null, voted=7ade5ca2-bff4-467c-9da3-f3034c092d73, raftlog=7ade5ca2-bff4-467c-9da3-f3034c092d73@group-6FEDBFA20FBE-SegmentedRaftLog:OPENED:c-1,f-1,i0, conf=-1: [b1bf3cee-cb5c-43b1-b618-d84fa5af82f6|rpc:172.17.0.2:43435|dataStream:, 466c22d0-338a-4ace-8281-5de7adeb975e|rpc:172.17.0.2:36009|dataStream:, 7ade5ca2-bff4-467c-9da3-f3034c092d73|rpc:172.17.0.2:35745|dataStream:], old=null
2020-11-26 17:12:04,929 [7ade5ca2-bff4-467c-9da3-f3034c092d73@group-6FEDBFA20FBE-LeaderElection13] INFO  impl.RoleInfo (RoleInfo.java:shutdownLeaderElection(134)) - 7ade5ca2-bff4-467c-9da3-f3034c092d73: shutdown 7ade5ca2-bff4-467c-9da3-f3034c092d73@group-6FEDBFA20FBE-LeaderElection13
2020-11-26 17:12:04,929 [7ade5ca2-bff4-467c-9da3-f3034c092d73@group-6FEDBFA20FBE-LeaderElection13] INFO  impl.RaftServerImpl (RaftServerImpl.java:setRole(204)) - 7ade5ca2-bff4-467c-9da3-f3034c092d73@group-6FEDBFA20FBE: changes role from CANDIDATE to LEADER at term 1 for changeToLeader
2020-11-26 17:12:04,929 [7ade5ca2-bff4-467c-9da3-f3034c092d73@group-6FEDBFA20FBE-LeaderElection13] INFO  ratis.XceiverServerRatis (XceiverServerRatis.java:handleLeaderChangedNotification(854)) - Leader change notification received for group: group-6FEDBFA20FBE with new leaderId: 7ade5ca2-bff4-467c-9da3-f3034c092d73
2020-11-26 17:12:04,930 [7ade5ca2-bff4-467c-9da3-f3034c092d73@group-6FEDBFA20FBE-LeaderElection13] INFO  impl.RaftServerImpl (ServerState.java:setLeader(256)) - 7ade5ca2-bff4-467c-9da3-f3034c092d73@group-6FEDBFA20FBE: change Leader from null to 7ade5ca2-bff4-467c-9da3-f3034c092d73 at term 1 for becomeLeader, leader elected after 5075ms
2020-11-26 17:12:04,930 [7ade5ca2-bff4-467c-9da3-f3034c092d73@group-6FEDBFA20FBE-LeaderElection13] INFO  server.RaftServerConfigKeys (ConfUtils.java:logGet(44)) - raft.server.staging.catchup.gap = 1000 (default)
2020-11-26 17:12:04,930 [7ade5ca2-bff4-467c-9da3-f3034c092d73@group-6FEDBFA20FBE-LeaderElection13] INFO  server.RaftServerConfigKeys (ConfUtils.java:logGet(44)) - raft.server.rpc.sleep.time = 25ms (default)
2020-11-26 17:12:04,930 [7ade5ca2-bff4-467c-9da3-f3034c092d73@group-6FEDBFA20FBE-LeaderElection13] INFO  metrics.RatisMetrics (RatisMetrics.java:lambda$create$0(36)) - Creating Metrics Registry : ratis.log_appender.7ade5ca2-bff4-467c-9da3-f3034c092d73@group-6FEDBFA20FBE
2020-11-26 17:12:04,930 [grpc-default-executor-1] INFO  metrics.RatisMetrics (RatisMetrics.java:lambda$create$0(36)) - Creating Metrics Registry : ratis.server_message_metrics.466c22d0-338a-4ace-8281-5de7adeb975e
2020-11-26 17:12:04,931 [7ade5ca2-bff4-467c-9da3-f3034c092d73@group-6FEDBFA20FBE-LeaderElection13] INFO  server.RaftServerConfigKeys (ConfUtils.java:logGet(44)) - raft.server.write.element-limit = 1024 (custom)
2020-11-26 17:12:04,933 [7ade5ca2-bff4-467c-9da3-f3034c092d73@group-6FEDBFA20FBE-LeaderElection13] INFO  server.RaftServerConfigKeys (ConfUtils.java:logGet(44)) - raft.server.write.byte-limit = 1073741824 (custom)
2020-11-26 17:12:04,933 [7ade5ca2-bff4-467c-9da3-f3034c092d73@group-6FEDBFA20FBE-LeaderElection13] INFO  server.RaftServerConfigKeys (ConfUtils.java:logGet(44)) - raft.server.watch.timeout = 180s (custom)
2020-11-26 17:12:04,933 [7ade5ca2-bff4-467c-9da3-f3034c092d73@group-6FEDBFA20FBE-LeaderElection13] INFO  server.RaftServerConfigKeys (ConfUtils.java:logGet(44)) - raft.server.watch.timeout.denomination = 1s (default)
2020-11-26 17:12:04,933 [7ade5ca2-bff4-467c-9da3-f3034c092d73@group-6FEDBFA20FBE-LeaderElection13] INFO  server.RaftServerConfigKeys (ConfUtils.java:logGet(44)) - raft.server.watch.element-limit = 65536 (default)
2020-11-26 17:12:04,933 [EventQueue-PipelineReportForPipelineReportHandler] INFO  pipeline.PipelineStateManager (PipelineStateManager.java:openPipeline(132)) - Pipeline Pipeline[ Id: 6dd5f12f-9316-49cf-8695-6fedbfa20fbe, Nodes: b1bf3cee-cb5c-43b1-b618-d84fa5af82f6{ip: 172.17.0.2, host: 1581e7703e9d, networkLocation: /default-rack, certSerialId: null}466c22d0-338a-4ace-8281-5de7adeb975e{ip: 172.17.0.2, host: 1581e7703e9d, networkLocation: /default-rack, certSerialId: null}7ade5ca2-bff4-467c-9da3-f3034c092d73{ip: 172.17.0.2, host: 1581e7703e9d, networkLocation: /default-rack, certSerialId: null}, Type:RATIS, Factor:THREE, State:ALLOCATED, leaderId:7ade5ca2-bff4-467c-9da3-f3034c092d73, CreationTimestamp2020-11-26T17:11:57.284Z] moved to OPEN state
2020-11-26 17:12:04,933 [EventQueue-PipelineReportForOneReplicaPipelineSafeModeRule] INFO  safemode.SCMSafeModeManager (SCMSafeModeManager.java:validateSafeModeExitRules(214)) - AtleastOneDatanodeReportedRule rule is successfully validated
2020-11-26 17:12:04,938 [EventQueue-OpenPipelineForHealthyPipelineSafeModeRule] INFO  safemode.SCMSafeModeManager (HealthyPipelineSafeModeRule.java:process(128)) - SCM in safe mode. Healthy pipelines reported count is 0, required healthy pipeline reported count is 1
2020-11-26 17:12:04,935 [grpc-default-executor-1] INFO  impl.RaftServerImpl (RaftServerImpl.java:setRole(204)) - 466c22d0-338a-4ace-8281-5de7adeb975e@group-6FEDBFA20FBE: changes role from  FOLLOWER to FOLLOWER at term 1 for recognizeCandidate:7ade5ca2-bff4-467c-9da3-f3034c092d73
2020-11-26 17:12:04,938 [grpc-default-executor-1] INFO  impl.RoleInfo (RoleInfo.java:shutdownFollowerState(121)) - 466c22d0-338a-4ace-8281-5de7adeb975e: shutdown 466c22d0-338a-4ace-8281-5de7adeb975e@group-6FEDBFA20FBE-FollowerState
2020-11-26 17:12:04,933 [7ade5ca2-bff4-467c-9da3-f3034c092d73@group-6FEDBFA20FBE-LeaderElection13] INFO  server.RaftServerConfigKeys (ConfUtils.java:logGet(44)) - raft.server.log.appender.snapshot.chunk.size.max = 16MB (=16777216) (default)
2020-11-26 17:12:04,939 [Thread-602] INFO  impl.FollowerState (FollowerState.java:run(137)) - 466c22d0-338a-4ace-8281-5de7adeb975e@group-6FEDBFA20FBE-FollowerState was interrupted: {}
java.lang.InterruptedException: sleep interrupted
	at java.lang.Thread.sleep(Native Method)
	at org.apache.ratis.util.JavaUtils.sleep(JavaUtils.java:250)
	at org.apache.ratis.server.impl.FollowerState.run(FollowerState.java:116)
2020-11-26 17:12:04,938 [grpc-default-executor-1] INFO  impl.RoleInfo (RoleInfo.java:updateAndGet(143)) - 466c22d0-338a-4ace-8281-5de7adeb975e: start 466c22d0-338a-4ace-8281-5de7adeb975e@group-6FEDBFA20FBE-FollowerState
2020-11-26 17:12:04,938 [EventQueue-OpenPipelineForHealthyPipelineSafeModeRule] INFO  safemode.SCMSafeModeManager (HealthyPipelineSafeModeRule.java:process(128)) - SCM in safe mode. Healthy pipelines reported count is 1, required healthy pipeline reported count is 1
2020-11-26 17:12:04,939 [EventQueue-OpenPipelineForHealthyPipelineSafeModeRule] INFO  safemode.SCMSafeModeManager (SCMSafeModeManager.java:validateSafeModeExitRules(214)) - HealthyPipelineSafeModeRule rule is successfully validated
2020-11-26 17:12:04,939 [EventQueue-OpenPipelineForHealthyPipelineSafeModeRule] INFO  safemode.SCMSafeModeManager (SCMSafeModeManager.java:validateSafeModeExitRules(228)) - ScmSafeModeManager, all rules are successfully validated
2020-11-26 17:12:04,939 [EventQueue-OpenPipelineForHealthyPipelineSafeModeRule] INFO  safemode.SCMSafeModeManager (SCMSafeModeManager.java:exitSafeMode(257)) - SCM exiting safe mode.
2020-11-26 17:12:04,939 [7ade5ca2-bff4-467c-9da3-f3034c092d73@group-6FEDBFA20FBE-LeaderElection13] INFO  server.RaftServerConfigKeys (ConfUtils.java:logGet(44)) - raft.server.log.appender.buffer.byte-limit = 33554432 (custom)
2020-11-26 17:12:04,939 [7ade5ca2-bff4-467c-9da3-f3034c092d73@group-6FEDBFA20FBE-LeaderElection13] INFO  server.RaftServerConfigKeys (ConfUtils.java:logGet(44)) - raft.server.log.appender.buffer.element-limit = 1 (custom)
2020-11-26 17:12:04,947 [7ade5ca2-bff4-467c-9da3-f3034c092d73@group-6FEDBFA20FBE-LeaderElection13] INFO  grpc.GrpcConfigKeys (ConfUtils.java:logGet(44)) - raft.grpc.server.leader.outstanding.appends.max = 128 (default)
2020-11-26 17:12:04,947 [7ade5ca2-bff4-467c-9da3-f3034c092d73@group-6FEDBFA20FBE-LeaderElection13] INFO  server.RaftServerConfigKeys (ConfUtils.java:logGet(44)) - raft.server.rpc.request.timeout = 60s (custom)
2020-11-26 17:12:04,947 [grpc-default-executor-1] INFO  impl.RaftServerImpl (RaftServerImpl.java:requestVote(963)) -  FOLLOWER 466c22d0-338a-4ace-8281-5de7adeb975e@group-6FEDBFA20FBE:t1, leader=null, voted=null, raftlog=466c22d0-338a-4ace-8281-5de7adeb975e@group-6FEDBFA20FBE-SegmentedRaftLog:OPENED:c-1,f-1,i0, conf=-1: [b1bf3cee-cb5c-43b1-b618-d84fa5af82f6|rpc:172.17.0.2:43435, 466c22d0-338a-4ace-8281-5de7adeb975e|rpc:172.17.0.2:36009, 7ade5ca2-bff4-467c-9da3-f3034c092d73|rpc:172.17.0.2:35745], old=null RUNNING priority:0 candidate:7ade5ca2-bff4-467c-9da3-f3034c092d73|rpc:172.17.0.2:35745 candidatePriority:0 compare:0
2020-11-26 17:12:04,947 [7ade5ca2-bff4-467c-9da3-f3034c092d73@group-6FEDBFA20FBE-LeaderElection13] INFO  server.RaftServerConfigKeys (ConfUtils.java:logGet(44)) - raft.server.log.appender.install.snapshot.enabled = false (custom)
2020-11-26 17:12:04,949 [7ade5ca2-bff4-467c-9da3-f3034c092d73@group-6FEDBFA20FBE-LeaderElection13] INFO  metrics.RatisMetrics (RatisMetrics.java:lambda$create$0(36)) - Creating Metrics Registry : ratis_grpc.log_appender.7ade5ca2-bff4-467c-9da3-f3034c092d73@group-6FEDBFA20FBE
2020-11-26 17:12:04,950 [7ade5ca2-bff4-467c-9da3-f3034c092d73@group-6FEDBFA20FBE-LeaderElection13] INFO  server.RaftServerConfigKeys (ConfUtils.java:logGet(44)) - raft.server.log.appender.snapshot.chunk.size.max = 16MB (=16777216) (default)
2020-11-26 17:12:04,951 [7ade5ca2-bff4-467c-9da3-f3034c092d73@group-6FEDBFA20FBE-LeaderElection13] INFO  server.RaftServerConfigKeys (ConfUtils.java:logGet(44)) - raft.server.log.appender.buffer.byte-limit = 33554432 (custom)
2020-11-26 17:12:04,951 [7ade5ca2-bff4-467c-9da3-f3034c092d73@group-6FEDBFA20FBE-LeaderElection13] INFO  server.RaftServerConfigKeys (ConfUtils.java:logGet(44)) - raft.server.log.appender.buffer.element-limit = 1 (custom)
2020-11-26 17:12:04,951 [7ade5ca2-bff4-467c-9da3-f3034c092d73@group-6FEDBFA20FBE-LeaderElection13] INFO  grpc.GrpcConfigKeys (ConfUtils.java:logGet(44)) - raft.grpc.server.leader.outstanding.appends.max = 128 (default)
2020-11-26 17:12:04,951 [7ade5ca2-bff4-467c-9da3-f3034c092d73@group-6FEDBFA20FBE-LeaderElection13] INFO  server.RaftServerConfigKeys (ConfUtils.java:logGet(44)) - raft.server.rpc.request.timeout = 60s (custom)
2020-11-26 17:12:04,951 [7ade5ca2-bff4-467c-9da3-f3034c092d73@group-6FEDBFA20FBE-LeaderElection13] INFO  server.RaftServerConfigKeys (ConfUtils.java:logGet(44)) - raft.server.log.appender.install.snapshot.enabled = false (custom)
2020-11-26 17:12:04,952 [7ade5ca2-bff4-467c-9da3-f3034c092d73@group-6FEDBFA20FBE-LeaderElection13] INFO  impl.RoleInfo (RoleInfo.java:updateAndGet(143)) - 7ade5ca2-bff4-467c-9da3-f3034c092d73: start 7ade5ca2-bff4-467c-9da3-f3034c092d73@group-6FEDBFA20FBE-LeaderState
2020-11-26 17:12:04,952 [7ade5ca2-bff4-467c-9da3-f3034c092d73@group-6FEDBFA20FBE-LeaderElection13] INFO  segmented.SegmentedRaftLogWorker (SegmentedRaftLogWorker.java:startLogSegment(398)) - 7ade5ca2-bff4-467c-9da3-f3034c092d73@group-6FEDBFA20FBE-SegmentedRaftLogWorker: Starting segment from index:0
2020-11-26 17:12:04,954 [7ade5ca2-bff4-467c-9da3-f3034c092d73@group-6FEDBFA20FBE-SegmentedRaftLogWorker] INFO  segmented.SegmentedRaftLogWorker (SegmentedRaftLogWorker.java:execute(597)) - 7ade5ca2-bff4-467c-9da3-f3034c092d73@group-6FEDBFA20FBE-SegmentedRaftLogWorker: created new log segment /github/workspace/mnt/ozone/hadoop-ozone/integration-test/target/test-dir/MiniOzoneClusterImpl-baac2ffe-e1a6-449a-ab8a-404ec876111f/datanode-1/data/ratis/6dd5f12f-9316-49cf-8695-6fedbfa20fbe/current/log_inprogress_0
2020-11-26 17:12:04,959 [7ade5ca2-bff4-467c-9da3-f3034c092d73@group-6FEDBFA20FBE-LeaderElection13] INFO  impl.RaftServerImpl (ServerState.java:setRaftConf(374)) - 7ade5ca2-bff4-467c-9da3-f3034c092d73@group-6FEDBFA20FBE: set configuration 0: [b1bf3cee-cb5c-43b1-b618-d84fa5af82f6|rpc:172.17.0.2:43435|dataStream:, 466c22d0-338a-4ace-8281-5de7adeb975e|rpc:172.17.0.2:36009|dataStream:, 7ade5ca2-bff4-467c-9da3-f3034c092d73|rpc:172.17.0.2:35745|dataStream:], old=null at 0
2020-11-26 17:12:04,965 [grpc-default-executor-1] INFO  ratis.XceiverServerRatis (XceiverServerRatis.java:handleLeaderChangedNotification(854)) - Leader change notification received for group: group-6FEDBFA20FBE with new leaderId: 7ade5ca2-bff4-467c-9da3-f3034c092d73
2020-11-26 17:12:04,965 [grpc-default-executor-1] INFO  impl.RaftServerImpl (ServerState.java:setLeader(256)) - 466c22d0-338a-4ace-8281-5de7adeb975e@group-6FEDBFA20FBE: change Leader from null to 7ade5ca2-bff4-467c-9da3-f3034c092d73 at term 1 for appendEntries, leader elected after 5166ms
2020-11-26 17:12:04,973 [grpc-default-executor-1] INFO  impl.RaftServerImpl (ServerState.java:setRaftConf(374)) - 466c22d0-338a-4ace-8281-5de7adeb975e@group-6FEDBFA20FBE: set configuration 0: [b1bf3cee-cb5c-43b1-b618-d84fa5af82f6|rpc:172.17.0.2:43435|dataStream:, 466c22d0-338a-4ace-8281-5de7adeb975e|rpc:172.17.0.2:36009|dataStream:, 7ade5ca2-bff4-467c-9da3-f3034c092d73|rpc:172.17.0.2:35745|dataStream:], old=null at 0
2020-11-26 17:12:04,974 [Thread-600] INFO  impl.FollowerState (FollowerState.java:run(128)) - 466c22d0-338a-4ace-8281-5de7adeb975e@group-01CD167F3F07-FollowerState: change to CANDIDATE, lastRpcTime:5188ms, electionTimeout:5187ms
2020-11-26 17:12:04,974 [Thread-600] INFO  impl.RoleInfo (RoleInfo.java:shutdownFollowerState(121)) - 466c22d0-338a-4ace-8281-5de7adeb975e: shutdown 466c22d0-338a-4ace-8281-5de7adeb975e@group-01CD167F3F07-FollowerState
2020-11-26 17:12:04,974 [Thread-600] INFO  impl.RaftServerImpl (RaftServerImpl.java:setRole(204)) - 466c22d0-338a-4ace-8281-5de7adeb975e@group-01CD167F3F07: changes role from  FOLLOWER to CANDIDATE at term 0 for changeToCandidate
2020-11-26 17:12:04,975 [Thread-600] INFO  impl.RoleInfo (RoleInfo.java:updateAndGet(143)) - 466c22d0-338a-4ace-8281-5de7adeb975e: start 466c22d0-338a-4ace-8281-5de7adeb975e@group-01CD167F3F07-LeaderElection14
2020-11-26 17:12:04,975 [grpc-default-executor-0] INFO  ratis.XceiverServerRatis (XceiverServerRatis.java:handleLeaderChangedNotification(854)) - Leader change notification received for group: group-6FEDBFA20FBE with new leaderId: 7ade5ca2-bff4-467c-9da3-f3034c092d73
2020-11-26 17:12:04,975 [grpc-default-executor-0] INFO  impl.RaftServerImpl (ServerState.java:setLeader(256)) - b1bf3cee-cb5c-43b1-b618-d84fa5af82f6@group-6FEDBFA20FBE: change Leader from null to 7ade5ca2-bff4-467c-9da3-f3034c092d73 at term 1 for appendEntries, leader elected after 5144ms
2020-11-26 17:12:04,977 [grpc-default-executor-1] INFO  segmented.SegmentedRaftLogWorker (SegmentedRaftLogWorker.java:startLogSegment(398)) - 466c22d0-338a-4ace-8281-5de7adeb975e@group-6FEDBFA20FBE-SegmentedRaftLogWorker: Starting segment from index:0
2020-11-26 17:12:04,979 [466c22d0-338a-4ace-8281-5de7adeb975e@group-6FEDBFA20FBE-SegmentedRaftLogWorker] INFO  segmented.SegmentedRaftLogWorker (SegmentedRaftLogWorker.java:execute(597)) - 466c22d0-338a-4ace-8281-5de7adeb975e@group-6FEDBFA20FBE-SegmentedRaftLogWorker: created new log segment /github/workspace/mnt/ozone/hadoop-ozone/integration-test/target/test-dir/MiniOzoneClusterImpl-baac2ffe-e1a6-449a-ab8a-404ec876111f/datanode-0/data/ratis/6dd5f12f-9316-49cf-8695-6fedbfa20fbe/current/log_inprogress_0
2020-11-26 17:12:04,982 [grpc-default-executor-0] INFO  impl.RaftServerImpl (ServerState.java:setRaftConf(374)) - b1bf3cee-cb5c-43b1-b618-d84fa5af82f6@group-6FEDBFA20FBE: set configuration 0: [b1bf3cee-cb5c-43b1-b618-d84fa5af82f6|rpc:172.17.0.2:43435|dataStream:, 466c22d0-338a-4ace-8281-5de7adeb975e|rpc:172.17.0.2:36009|dataStream:, 7ade5ca2-bff4-467c-9da3-f3034c092d73|rpc:172.17.0.2:35745|dataStream:], old=null at 0
2020-11-26 17:12:04,983 [grpc-default-executor-0] INFO  segmented.SegmentedRaftLogWorker (SegmentedRaftLogWorker.java:startLogSegment(398)) - b1bf3cee-cb5c-43b1-b618-d84fa5af82f6@group-6FEDBFA20FBE-SegmentedRaftLogWorker: Starting segment from index:0
2020-11-26 17:12:04,985 [466c22d0-338a-4ace-8281-5de7adeb975e@group-01CD167F3F07-LeaderElection14] INFO  impl.LeaderElection (LeaderElection.java:askForVotes(215)) - 466c22d0-338a-4ace-8281-5de7adeb975e@group-01CD167F3F07-LeaderElection14: begin an election at term 1 for -1: [466c22d0-338a-4ace-8281-5de7adeb975e|rpc:172.17.0.2:36009], old=null
2020-11-26 17:12:04,985 [466c22d0-338a-4ace-8281-5de7adeb975e@group-01CD167F3F07-LeaderElection14] INFO  impl.RoleInfo (RoleInfo.java:shutdownLeaderElection(134)) - 466c22d0-338a-4ace-8281-5de7adeb975e: shutdown 466c22d0-338a-4ace-8281-5de7adeb975e@group-01CD167F3F07-LeaderElection14
2020-11-26 17:12:04,985 [466c22d0-338a-4ace-8281-5de7adeb975e@group-01CD167F3F07-LeaderElection14] INFO  impl.RaftServerImpl (RaftServerImpl.java:setRole(204)) - 466c22d0-338a-4ace-8281-5de7adeb975e@group-01CD167F3F07: changes role from CANDIDATE to LEADER at term 1 for changeToLeader
2020-11-26 17:12:04,985 [466c22d0-338a-4ace-8281-5de7adeb975e@group-01CD167F3F07-LeaderElection14] INFO  ratis.XceiverServerRatis (XceiverServerRatis.java:handleLeaderChangedNotification(854)) - Leader change notification received for group: group-01CD167F3F07 with new leaderId: 466c22d0-338a-4ace-8281-5de7adeb975e
2020-11-26 17:12:04,985 [466c22d0-338a-4ace-8281-5de7adeb975e@group-01CD167F3F07-LeaderElection14] INFO  impl.RaftServerImpl (ServerState.java:setLeader(256)) - 466c22d0-338a-4ace-8281-5de7adeb975e@group-01CD167F3F07: change Leader from null to 466c22d0-338a-4ace-8281-5de7adeb975e at term 1 for becomeLeader, leader elected after 5207ms
2020-11-26 17:12:04,985 [466c22d0-338a-4ace-8281-5de7adeb975e@group-01CD167F3F07-LeaderElection14] INFO  server.RaftServerConfigKeys (ConfUtils.java:logGet(44)) - raft.server.staging.catchup.gap = 1000 (default)
2020-11-26 17:12:04,985 [466c22d0-338a-4ace-8281-5de7adeb975e@group-01CD167F3F07-LeaderElection14] INFO  server.RaftServerConfigKeys (ConfUtils.java:logGet(44)) - raft.server.rpc.sleep.time = 25ms (default)
2020-11-26 17:12:04,985 [466c22d0-338a-4ace-8281-5de7adeb975e@group-01CD167F3F07-LeaderElection14] INFO  metrics.RatisMetrics (RatisMetrics.java:lambda$create$0(36)) - Creating Metrics Registry : ratis.log_appender.466c22d0-338a-4ace-8281-5de7adeb975e@group-01CD167F3F07
2020-11-26 17:12:04,986 [466c22d0-338a-4ace-8281-5de7adeb975e@group-01CD167F3F07-LeaderElection14] INFO  server.RaftServerConfigKeys (ConfUtils.java:logGet(44)) - raft.server.write.element-limit = 1024 (custom)
2020-11-26 17:12:04,986 [466c22d0-338a-4ace-8281-5de7adeb975e@group-01CD167F3F07-LeaderElection14] INFO  server.RaftServerConfigKeys (ConfUtils.java:logGet(44)) - raft.server.write.byte-limit = 1073741824 (custom)
2020-11-26 17:12:04,986 [466c22d0-338a-4ace-8281-5de7adeb975e@group-01CD167F3F07-LeaderElection14] INFO  server.RaftServerConfigKeys (ConfUtils.java:logGet(44)) - raft.server.watch.timeout = 180s (custom)
2020-11-26 17:12:04,986 [466c22d0-338a-4ace-8281-5de7adeb975e@group-01CD167F3F07-LeaderElection14] INFO  server.RaftServerConfigKeys (ConfUtils.java:logGet(44)) - raft.server.watch.timeout.denomination = 1s (default)
2020-11-26 17:12:04,986 [466c22d0-338a-4ace-8281-5de7adeb975e@group-01CD167F3F07-LeaderElection14] INFO  server.RaftServerConfigKeys (ConfUtils.java:logGet(44)) - raft.server.watch.element-limit = 65536 (default)
2020-11-26 17:12:04,986 [466c22d0-338a-4ace-8281-5de7adeb975e@group-01CD167F3F07-LeaderElection14] INFO  impl.RoleInfo (RoleInfo.java:updateAndGet(143)) - 466c22d0-338a-4ace-8281-5de7adeb975e: start 466c22d0-338a-4ace-8281-5de7adeb975e@group-01CD167F3F07-LeaderState
2020-11-26 17:12:04,986 [466c22d0-338a-4ace-8281-5de7adeb975e@group-01CD167F3F07-LeaderElection14] INFO  segmented.SegmentedRaftLogWorker (SegmentedRaftLogWorker.java:startLogSegment(398)) - 466c22d0-338a-4ace-8281-5de7adeb975e@group-01CD167F3F07-SegmentedRaftLogWorker: Starting segment from index:0
2020-11-26 17:12:04,987 [466c22d0-338a-4ace-8281-5de7adeb975e@group-01CD167F3F07-SegmentedRaftLogWorker] INFO  segmented.SegmentedRaftLogWorker (SegmentedRaftLogWorker.java:execute(597)) - 466c22d0-338a-4ace-8281-5de7adeb975e@group-01CD167F3F07-SegmentedRaftLogWorker: created new log segment /github/workspace/mnt/ozone/hadoop-ozone/integration-test/target/test-dir/MiniOzoneClusterImpl-baac2ffe-e1a6-449a-ab8a-404ec876111f/datanode-0/data/ratis/d12391f0-0014-4d08-92a7-01cd167f3f07/current/log_inprogress_0
2020-11-26 17:12:04,994 [b1bf3cee-cb5c-43b1-b618-d84fa5af82f6@group-6FEDBFA20FBE-SegmentedRaftLogWorker] INFO  segmented.SegmentedRaftLogWorker (SegmentedRaftLogWorker.java:execute(597)) - b1bf3cee-cb5c-43b1-b618-d84fa5af82f6@group-6FEDBFA20FBE-SegmentedRaftLogWorker: created new log segment /github/workspace/mnt/ozone/hadoop-ozone/integration-test/target/test-dir/MiniOzoneClusterImpl-baac2ffe-e1a6-449a-ab8a-404ec876111f/datanode-2/data/ratis/6dd5f12f-9316-49cf-8695-6fedbfa20fbe/current/log_inprogress_0
2020-11-26 17:12:04,995 [466c22d0-338a-4ace-8281-5de7adeb975e@group-01CD167F3F07-LeaderElection14] INFO  impl.RaftServerImpl (ServerState.java:setRaftConf(374)) - 466c22d0-338a-4ace-8281-5de7adeb975e@group-01CD167F3F07: set configuration 0: [466c22d0-338a-4ace-8281-5de7adeb975e|rpc:172.17.0.2:36009|dataStream:], old=null at 0
2020-11-26 17:12:05,141 [Thread-610] INFO  impl.FollowerState (FollowerState.java:run(128)) - 7ade5ca2-bff4-467c-9da3-f3034c092d73@group-990679950FAF-FollowerState: change to CANDIDATE, lastRpcTime:5179ms, electionTimeout:5179ms
2020-11-26 17:12:05,142 [Thread-610] INFO  impl.RoleInfo (RoleInfo.java:shutdownFollowerState(121)) - 7ade5ca2-bff4-467c-9da3-f3034c092d73: shutdown 7ade5ca2-bff4-467c-9da3-f3034c092d73@group-990679950FAF-FollowerState
2020-11-26 17:12:05,142 [Thread-610] INFO  impl.RaftServerImpl (RaftServerImpl.java:setRole(204)) - 7ade5ca2-bff4-467c-9da3-f3034c092d73@group-990679950FAF: changes role from  FOLLOWER to CANDIDATE at term 0 for changeToCandidate
2020-11-26 17:12:05,142 [Thread-610] INFO  impl.RoleInfo (RoleInfo.java:updateAndGet(143)) - 7ade5ca2-bff4-467c-9da3-f3034c092d73: start 7ade5ca2-bff4-467c-9da3-f3034c092d73@group-990679950FAF-LeaderElection15
2020-11-26 17:12:05,145 [7ade5ca2-bff4-467c-9da3-f3034c092d73@group-990679950FAF-LeaderElection15] INFO  impl.LeaderElection (LeaderElection.java:askForVotes(215)) - 7ade5ca2-bff4-467c-9da3-f3034c092d73@group-990679950FAF-LeaderElection15: begin an election at term 1 for -1: [7ade5ca2-bff4-467c-9da3-f3034c092d73|rpc:172.17.0.2:35745], old=null
2020-11-26 17:12:05,146 [7ade5ca2-bff4-467c-9da3-f3034c092d73@group-990679950FAF-LeaderElection15] INFO  impl.RoleInfo (RoleInfo.java:shutdownLeaderElection(134)) - 7ade5ca2-bff4-467c-9da3-f3034c092d73: shutdown 7ade5ca2-bff4-467c-9da3-f3034c092d73@group-990679950FAF-LeaderElection15
2020-11-26 17:12:05,146 [7ade5ca2-bff4-467c-9da3-f3034c092d73@group-990679950FAF-LeaderElection15] INFO  impl.RaftServerImpl (RaftServerImpl.java:setRole(204)) - 7ade5ca2-bff4-467c-9da3-f3034c092d73@group-990679950FAF: changes role from CANDIDATE to LEADER at term 1 for changeToLeader
2020-11-26 17:12:05,146 [7ade5ca2-bff4-467c-9da3-f3034c092d73@group-990679950FAF-LeaderElection15] INFO  ratis.XceiverServerRatis (XceiverServerRatis.java:handleLeaderChangedNotification(854)) - Leader change notification received for group: group-990679950FAF with new leaderId: 7ade5ca2-bff4-467c-9da3-f3034c092d73
2020-11-26 17:12:05,146 [7ade5ca2-bff4-467c-9da3-f3034c092d73@group-990679950FAF-LeaderElection15] INFO  impl.RaftServerImpl (ServerState.java:setLeader(256)) - 7ade5ca2-bff4-467c-9da3-f3034c092d73@group-990679950FAF: change Leader from null to 7ade5ca2-bff4-467c-9da3-f3034c092d73 at term 1 for becomeLeader, leader elected after 5191ms
2020-11-26 17:12:05,146 [7ade5ca2-bff4-467c-9da3-f3034c092d73@group-990679950FAF-LeaderElection15] INFO  server.RaftServerConfigKeys (ConfUtils.java:logGet(44)) - raft.server.staging.catchup.gap = 1000 (default)
2020-11-26 17:12:05,147 [7ade5ca2-bff4-467c-9da3-f3034c092d73@group-990679950FAF-LeaderElection15] INFO  server.RaftServerConfigKeys (ConfUtils.java:logGet(44)) - raft.server.rpc.sleep.time = 25ms (default)
2020-11-26 17:12:05,147 [7ade5ca2-bff4-467c-9da3-f3034c092d73@group-990679950FAF-LeaderElection15] INFO  metrics.RatisMetrics (RatisMetrics.java:lambda$create$0(36)) - Creating Metrics Registry : ratis.log_appender.7ade5ca2-bff4-467c-9da3-f3034c092d73@group-990679950FAF
2020-11-26 17:12:05,147 [7ade5ca2-bff4-467c-9da3-f3034c092d73@group-990679950FAF-LeaderElection15] INFO  server.RaftServerConfigKeys (ConfUtils.java:logGet(44)) - raft.server.write.element-limit = 1024 (custom)
2020-11-26 17:12:05,149 [7ade5ca2-bff4-467c-9da3-f3034c092d73@group-990679950FAF-LeaderElection15] INFO  server.RaftServerConfigKeys (ConfUtils.java:logGet(44)) - raft.server.write.byte-limit = 1073741824 (custom)
2020-11-26 17:12:05,150 [7ade5ca2-bff4-467c-9da3-f3034c092d73@group-990679950FAF-LeaderElection15] INFO  server.RaftServerConfigKeys (ConfUtils.java:logGet(44)) - raft.server.watch.timeout = 180s (custom)
2020-11-26 17:12:05,150 [7ade5ca2-bff4-467c-9da3-f3034c092d73@group-990679950FAF-LeaderElection15] INFO  server.RaftServerConfigKeys (ConfUtils.java:logGet(44)) - raft.server.watch.timeout.denomination = 1s (default)
2020-11-26 17:12:05,150 [7ade5ca2-bff4-467c-9da3-f3034c092d73@group-990679950FAF-LeaderElection15] INFO  server.RaftServerConfigKeys (ConfUtils.java:logGet(44)) - raft.server.watch.element-limit = 65536 (default)
2020-11-26 17:12:05,150 [7ade5ca2-bff4-467c-9da3-f3034c092d73@group-990679950FAF-LeaderElection15] INFO  impl.RoleInfo (RoleInfo.java:updateAndGet(143)) - 7ade5ca2-bff4-467c-9da3-f3034c092d73: start 7ade5ca2-bff4-467c-9da3-f3034c092d73@group-990679950FAF-LeaderState
2020-11-26 17:12:05,151 [7ade5ca2-bff4-467c-9da3-f3034c092d73@group-990679950FAF-LeaderElection15] INFO  segmented.SegmentedRaftLogWorker (SegmentedRaftLogWorker.java:startLogSegment(398)) - 7ade5ca2-bff4-467c-9da3-f3034c092d73@group-990679950FAF-SegmentedRaftLogWorker: Starting segment from index:0
2020-11-26 17:12:05,153 [7ade5ca2-bff4-467c-9da3-f3034c092d73@group-990679950FAF-SegmentedRaftLogWorker] INFO  segmented.SegmentedRaftLogWorker (SegmentedRaftLogWorker.java:execute(597)) - 7ade5ca2-bff4-467c-9da3-f3034c092d73@group-990679950FAF-SegmentedRaftLogWorker: created new log segment /github/workspace/mnt/ozone/hadoop-ozone/integration-test/target/test-dir/MiniOzoneClusterImpl-baac2ffe-e1a6-449a-ab8a-404ec876111f/datanode-1/data/ratis/7a2759e7-3455-40b2-adcd-990679950faf/current/log_inprogress_0
2020-11-26 17:12:05,157 [7ade5ca2-bff4-467c-9da3-f3034c092d73@group-990679950FAF-LeaderElection15] INFO  impl.RaftServerImpl (ServerState.java:setRaftConf(374)) - 7ade5ca2-bff4-467c-9da3-f3034c092d73@group-990679950FAF: set configuration 0: [7ade5ca2-bff4-467c-9da3-f3034c092d73|rpc:172.17.0.2:35745|dataStream:], old=null at 0
2020-11-26 17:12:05,209 [Listener at 127.0.0.1/40769] INFO  ozone.MiniOzoneClusterImpl (MiniOzoneClusterImpl.java:lambda$waitForClusterToBeReady$0(178)) - Nodes are ready. Got 7 of 7 DN Heartbeats.
2020-11-26 17:12:05,209 [Listener at 127.0.0.1/40769] INFO  ozone.MiniOzoneClusterImpl (MiniOzoneClusterImpl.java:lambda$waitForClusterToBeReady$0(181)) - Cluster exits safe mode
2020-11-26 17:12:05,222 [Listener at 127.0.0.1/40769] INFO  rpc.RpcClient (RpcClient.java:createVolume(272)) - Creating Volume: testblockoutputstreamwithretries, with jenkins1001 as owner.
2020-11-26 17:12:05,224 [IPC Server handler 4 on default port 40769] INFO  volume.OMVolumeCreateRequest (OMVolumeCreateRequest.java:validateAndUpdateCache(196)) - created volume:testblockoutputstreamwithretries for user:jenkins1001
2020-11-26 17:12:05,234 [Listener at 127.0.0.1/40769] INFO  rpc.RpcClient (RpcClient.java:createBucket(425)) - Creating Bucket: testblockoutputstreamwithretries/testblockoutputstreamwithretries, with Versioning false and Storage Type set to DISK and Encryption set to false 
2020-11-26 17:12:05,261 [Listener at 127.0.0.1/40769] INFO  metrics.RatisMetrics (RatisMetrics.java:lambda$create$0(36)) - Creating Metrics Registry : ratis.client_message_metrics.client-A17121B879BF->2ae88acd-293c-44f1-bb58-9baaea38510e
2020-11-26 17:12:05,301 [Thread-612] INFO  impl.FollowerState (FollowerState.java:run(128)) - b1bf3cee-cb5c-43b1-b618-d84fa5af82f6@group-5A8150950B18-FollowerState: change to CANDIDATE, lastRpcTime:5008ms, electionTimeout:5000ms
2020-11-26 17:12:05,301 [Thread-612] INFO  impl.RoleInfo (RoleInfo.java:shutdownFollowerState(121)) - b1bf3cee-cb5c-43b1-b618-d84fa5af82f6: shutdown b1bf3cee-cb5c-43b1-b618-d84fa5af82f6@group-5A8150950B18-FollowerState
2020-11-26 17:12:05,301 [Thread-612] INFO  impl.RaftServerImpl (RaftServerImpl.java:setRole(204)) - b1bf3cee-cb5c-43b1-b618-d84fa5af82f6@group-5A8150950B18: changes role from  FOLLOWER to CANDIDATE at term 0 for changeToCandidate
2020-11-26 17:12:05,301 [Thread-612] INFO  impl.RoleInfo (RoleInfo.java:updateAndGet(143)) - b1bf3cee-cb5c-43b1-b618-d84fa5af82f6: start b1bf3cee-cb5c-43b1-b618-d84fa5af82f6@group-5A8150950B18-LeaderElection16
2020-11-26 17:12:05,307 [b1bf3cee-cb5c-43b1-b618-d84fa5af82f6@group-5A8150950B18-LeaderElection16] INFO  impl.LeaderElection (LeaderElection.java:askForVotes(215)) - b1bf3cee-cb5c-43b1-b618-d84fa5af82f6@group-5A8150950B18-LeaderElection16: begin an election at term 1 for -1: [b1bf3cee-cb5c-43b1-b618-d84fa5af82f6|rpc:172.17.0.2:43435], old=null
2020-11-26 17:12:05,307 [b1bf3cee-cb5c-43b1-b618-d84fa5af82f6@group-5A8150950B18-LeaderElection16] INFO  impl.RoleInfo (RoleInfo.java:shutdownLeaderElection(134)) - b1bf3cee-cb5c-43b1-b618-d84fa5af82f6: shutdown b1bf3cee-cb5c-43b1-b618-d84fa5af82f6@group-5A8150950B18-LeaderElection16
2020-11-26 17:12:05,307 [b1bf3cee-cb5c-43b1-b618-d84fa5af82f6@group-5A8150950B18-LeaderElection16] INFO  impl.RaftServerImpl (RaftServerImpl.java:setRole(204)) - b1bf3cee-cb5c-43b1-b618-d84fa5af82f6@group-5A8150950B18: changes role from CANDIDATE to LEADER at term 1 for changeToLeader
2020-11-26 17:12:05,308 [b1bf3cee-cb5c-43b1-b618-d84fa5af82f6@group-5A8150950B18-LeaderElection16] INFO  ratis.XceiverServerRatis (XceiverServerRatis.java:handleLeaderChangedNotification(854)) - Leader change notification received for group: group-5A8150950B18 with new leaderId: b1bf3cee-cb5c-43b1-b618-d84fa5af82f6
2020-11-26 17:12:05,308 [b1bf3cee-cb5c-43b1-b618-d84fa5af82f6@group-5A8150950B18-LeaderElection16] INFO  impl.RaftServerImpl (ServerState.java:setLeader(256)) - b1bf3cee-cb5c-43b1-b618-d84fa5af82f6@group-5A8150950B18: change Leader from null to b1bf3cee-cb5c-43b1-b618-d84fa5af82f6 at term 1 for becomeLeader, leader elected after 5021ms
2020-11-26 17:12:05,308 [b1bf3cee-cb5c-43b1-b618-d84fa5af82f6@group-5A8150950B18-LeaderElection16] INFO  server.RaftServerConfigKeys (ConfUtils.java:logGet(44)) - raft.server.staging.catchup.gap = 1000 (default)
2020-11-26 17:12:05,308 [b1bf3cee-cb5c-43b1-b618-d84fa5af82f6@group-5A8150950B18-LeaderElection16] INFO  server.RaftServerConfigKeys (ConfUtils.java:logGet(44)) - raft.server.rpc.sleep.time = 25ms (default)
2020-11-26 17:12:05,308 [b1bf3cee-cb5c-43b1-b618-d84fa5af82f6@group-5A8150950B18-LeaderElection16] INFO  metrics.RatisMetrics (RatisMetrics.java:lambda$create$0(36)) - Creating Metrics Registry : ratis.log_appender.b1bf3cee-cb5c-43b1-b618-d84fa5af82f6@group-5A8150950B18
2020-11-26 17:12:05,309 [b1bf3cee-cb5c-43b1-b618-d84fa5af82f6@group-5A8150950B18-LeaderElection16] INFO  server.RaftServerConfigKeys (ConfUtils.java:logGet(44)) - raft.server.write.element-limit = 1024 (custom)
2020-11-26 17:12:05,309 [b1bf3cee-cb5c-43b1-b618-d84fa5af82f6@group-5A8150950B18-LeaderElection16] INFO  server.RaftServerConfigKeys (ConfUtils.java:logGet(44)) - raft.server.write.byte-limit = 1073741824 (custom)
2020-11-26 17:12:05,309 [b1bf3cee-cb5c-43b1-b618-d84fa5af82f6@group-5A8150950B18-LeaderElection16] INFO  server.RaftServerConfigKeys (ConfUtils.java:logGet(44)) - raft.server.watch.timeout = 180s (custom)
2020-11-26 17:12:05,309 [b1bf3cee-cb5c-43b1-b618-d84fa5af82f6@group-5A8150950B18-LeaderElection16] INFO  server.RaftServerConfigKeys (ConfUtils.java:logGet(44)) - raft.server.watch.timeout.denomination = 1s (default)
2020-11-26 17:12:05,310 [b1bf3cee-cb5c-43b1-b618-d84fa5af82f6@group-5A8150950B18-LeaderElection16] INFO  server.RaftServerConfigKeys (ConfUtils.java:logGet(44)) - raft.server.watch.element-limit = 65536 (default)
2020-11-26 17:12:05,310 [b1bf3cee-cb5c-43b1-b618-d84fa5af82f6@group-5A8150950B18-LeaderElection16] INFO  impl.RoleInfo (RoleInfo.java:updateAndGet(143)) - b1bf3cee-cb5c-43b1-b618-d84fa5af82f6: start b1bf3cee-cb5c-43b1-b618-d84fa5af82f6@group-5A8150950B18-LeaderState
2020-11-26 17:12:05,310 [b1bf3cee-cb5c-43b1-b618-d84fa5af82f6@group-5A8150950B18-LeaderElection16] INFO  segmented.SegmentedRaftLogWorker (SegmentedRaftLogWorker.java:startLogSegment(398)) - b1bf3cee-cb5c-43b1-b618-d84fa5af82f6@group-5A8150950B18-SegmentedRaftLogWorker: Starting segment from index:0
2020-11-26 17:12:05,311 [b1bf3cee-cb5c-43b1-b618-d84fa5af82f6@group-5A8150950B18-LeaderElection16] INFO  impl.RaftServerImpl (ServerState.java:setRaftConf(374)) - b1bf3cee-cb5c-43b1-b618-d84fa5af82f6@group-5A8150950B18: set configuration 0: [b1bf3cee-cb5c-43b1-b618-d84fa5af82f6|rpc:172.17.0.2:43435|dataStream:], old=null at 0
2020-11-26 17:12:05,313 [b1bf3cee-cb5c-43b1-b618-d84fa5af82f6@group-5A8150950B18-SegmentedRaftLogWorker] INFO  segmented.SegmentedRaftLogWorker (SegmentedRaftLogWorker.java:execute(597)) - b1bf3cee-cb5c-43b1-b618-d84fa5af82f6@group-5A8150950B18-SegmentedRaftLogWorker: created new log segment /github/workspace/mnt/ozone/hadoop-ozone/integration-test/target/test-dir/MiniOzoneClusterImpl-baac2ffe-e1a6-449a-ab8a-404ec876111f/datanode-2/data/ratis/a4ffb5b4-1a8a-4310-befd-5a8150950b18/current/log_inprogress_0
2020-11-26 17:12:05,598 [Thread-614] INFO  impl.FollowerState (FollowerState.java:run(128)) - 433667c4-acee-4b27-a3b7-b728b5272bf1@group-67D43AF5053D-FollowerState: change to CANDIDATE, lastRpcTime:5068ms, electionTimeout:5068ms
2020-11-26 17:12:05,599 [Thread-614] INFO  impl.RoleInfo (RoleInfo.java:shutdownFollowerState(121)) - 433667c4-acee-4b27-a3b7-b728b5272bf1: shutdown 433667c4-acee-4b27-a3b7-b728b5272bf1@group-67D43AF5053D-FollowerState
2020-11-26 17:12:05,599 [Thread-614] INFO  impl.RaftServerImpl (RaftServerImpl.java:setRole(204)) - 433667c4-acee-4b27-a3b7-b728b5272bf1@group-67D43AF5053D: changes role from  FOLLOWER to CANDIDATE at term 0 for changeToCandidate
2020-11-26 17:12:05,599 [Thread-614] INFO  impl.RoleInfo (RoleInfo.java:updateAndGet(143)) - 433667c4-acee-4b27-a3b7-b728b5272bf1: start 433667c4-acee-4b27-a3b7-b728b5272bf1@group-67D43AF5053D-LeaderElection17
2020-11-26 17:12:05,602 [Thread-618] INFO  impl.FollowerState (FollowerState.java:run(128)) - ff415fc8-d651-447e-8633-56fa30db40b3@group-6F588FA94E98-FollowerState: change to CANDIDATE, lastRpcTime:5026ms, electionTimeout:5025ms
2020-11-26 17:12:05,602 [433667c4-acee-4b27-a3b7-b728b5272bf1@group-67D43AF5053D-LeaderElection17] INFO  impl.LeaderElection (LeaderElection.java:askForVotes(215)) - 433667c4-acee-4b27-a3b7-b728b5272bf1@group-67D43AF5053D-LeaderElection17: begin an election at term 1 for -1: [433667c4-acee-4b27-a3b7-b728b5272bf1|rpc:172.17.0.2:42205], old=null
2020-11-26 17:12:05,602 [Thread-618] INFO  impl.RoleInfo (RoleInfo.java:shutdownFollowerState(121)) - ff415fc8-d651-447e-8633-56fa30db40b3: shutdown ff415fc8-d651-447e-8633-56fa30db40b3@group-6F588FA94E98-FollowerState
2020-11-26 17:12:05,602 [433667c4-acee-4b27-a3b7-b728b5272bf1@group-67D43AF5053D-LeaderElection17] INFO  impl.RoleInfo (RoleInfo.java:shutdownLeaderElection(134)) - 433667c4-acee-4b27-a3b7-b728b5272bf1: shutdown 433667c4-acee-4b27-a3b7-b728b5272bf1@group-67D43AF5053D-LeaderElection17
2020-11-26 17:12:05,602 [Thread-618] INFO  impl.RaftServerImpl (RaftServerImpl.java:setRole(204)) - ff415fc8-d651-447e-8633-56fa30db40b3@group-6F588FA94E98: changes role from  FOLLOWER to CANDIDATE at term 0 for changeToCandidate
2020-11-26 17:12:05,602 [Thread-618] INFO  impl.RoleInfo (RoleInfo.java:updateAndGet(143)) - ff415fc8-d651-447e-8633-56fa30db40b3: start ff415fc8-d651-447e-8633-56fa30db40b3@group-6F588FA94E98-LeaderElection18
2020-11-26 17:12:05,602 [433667c4-acee-4b27-a3b7-b728b5272bf1@group-67D43AF5053D-LeaderElection17] INFO  impl.RaftServerImpl (RaftServerImpl.java:setRole(204)) - 433667c4-acee-4b27-a3b7-b728b5272bf1@group-67D43AF5053D: changes role from CANDIDATE to LEADER at term 1 for changeToLeader
2020-11-26 17:12:05,609 [433667c4-acee-4b27-a3b7-b728b5272bf1@group-67D43AF5053D-LeaderElection17] INFO  ratis.XceiverServerRatis (XceiverServerRatis.java:handleLeaderChangedNotification(854)) - Leader change notification received for group: group-67D43AF5053D with new leaderId: 433667c4-acee-4b27-a3b7-b728b5272bf1
2020-11-26 17:12:05,609 [433667c4-acee-4b27-a3b7-b728b5272bf1@group-67D43AF5053D-LeaderElection17] INFO  impl.RaftServerImpl (ServerState.java:setLeader(256)) - 433667c4-acee-4b27-a3b7-b728b5272bf1@group-67D43AF5053D: change Leader from null to 433667c4-acee-4b27-a3b7-b728b5272bf1 at term 1 for becomeLeader, leader elected after 5088ms
2020-11-26 17:12:05,612 [433667c4-acee-4b27-a3b7-b728b5272bf1@group-67D43AF5053D-LeaderElection17] INFO  server.RaftServerConfigKeys (ConfUtils.java:logGet(44)) - raft.server.staging.catchup.gap = 1000 (default)
2020-11-26 17:12:05,612 [433667c4-acee-4b27-a3b7-b728b5272bf1@group-67D43AF5053D-LeaderElection17] INFO  server.RaftServerConfigKeys (ConfUtils.java:logGet(44)) - raft.server.rpc.sleep.time = 25ms (default)
2020-11-26 17:12:05,613 [433667c4-acee-4b27-a3b7-b728b5272bf1@group-67D43AF5053D-LeaderElection17] INFO  metrics.RatisMetrics (RatisMetrics.java:lambda$create$0(36)) - Creating Metrics Registry : ratis.log_appender.433667c4-acee-4b27-a3b7-b728b5272bf1@group-67D43AF5053D
2020-11-26 17:12:05,613 [433667c4-acee-4b27-a3b7-b728b5272bf1@group-67D43AF5053D-LeaderElection17] INFO  server.RaftServerConfigKeys (ConfUtils.java:logGet(44)) - raft.server.write.element-limit = 1024 (custom)
2020-11-26 17:12:05,614 [433667c4-acee-4b27-a3b7-b728b5272bf1@group-67D43AF5053D-LeaderElection17] INFO  server.RaftServerConfigKeys (ConfUtils.java:logGet(44)) - raft.server.write.byte-limit = 1073741824 (custom)
2020-11-26 17:12:05,614 [433667c4-acee-4b27-a3b7-b728b5272bf1@group-67D43AF5053D-LeaderElection17] INFO  server.RaftServerConfigKeys (ConfUtils.java:logGet(44)) - raft.server.watch.timeout = 180s (custom)
2020-11-26 17:12:05,614 [433667c4-acee-4b27-a3b7-b728b5272bf1@group-67D43AF5053D-LeaderElection17] INFO  server.RaftServerConfigKeys (ConfUtils.java:logGet(44)) - raft.server.watch.timeout.denomination = 1s (default)
2020-11-26 17:12:05,614 [433667c4-acee-4b27-a3b7-b728b5272bf1@group-67D43AF5053D-LeaderElection17] INFO  server.RaftServerConfigKeys (ConfUtils.java:logGet(44)) - raft.server.watch.element-limit = 65536 (default)
2020-11-26 17:12:05,614 [433667c4-acee-4b27-a3b7-b728b5272bf1@group-67D43AF5053D-LeaderElection17] INFO  impl.RoleInfo (RoleInfo.java:updateAndGet(143)) - 433667c4-acee-4b27-a3b7-b728b5272bf1: start 433667c4-acee-4b27-a3b7-b728b5272bf1@group-67D43AF5053D-LeaderState
2020-11-26 17:12:05,615 [433667c4-acee-4b27-a3b7-b728b5272bf1@group-67D43AF5053D-LeaderElection17] INFO  segmented.SegmentedRaftLogWorker (SegmentedRaftLogWorker.java:startLogSegment(398)) - 433667c4-acee-4b27-a3b7-b728b5272bf1@group-67D43AF5053D-SegmentedRaftLogWorker: Starting segment from index:0
2020-11-26 17:12:05,615 [433667c4-acee-4b27-a3b7-b728b5272bf1@group-67D43AF5053D-SegmentedRaftLogWorker] INFO  segmented.SegmentedRaftLogWorker (SegmentedRaftLogWorker.java:execute(597)) - 433667c4-acee-4b27-a3b7-b728b5272bf1@group-67D43AF5053D-SegmentedRaftLogWorker: created new log segment /github/workspace/mnt/ozone/hadoop-ozone/integration-test/target/test-dir/MiniOzoneClusterImpl-baac2ffe-e1a6-449a-ab8a-404ec876111f/datanode-3/data/ratis/a9e89ff2-78a7-4fbe-a199-67d43af5053d/current/log_inprogress_0
2020-11-26 17:12:05,618 [ff415fc8-d651-447e-8633-56fa30db40b3@group-6F588FA94E98-LeaderElection18] INFO  impl.LeaderElection (LeaderElection.java:askForVotes(215)) - ff415fc8-d651-447e-8633-56fa30db40b3@group-6F588FA94E98-LeaderElection18: begin an election at term 1 for -1: [2ae88acd-293c-44f1-bb58-9baaea38510e|rpc:172.17.0.2:39921|dataStream:, ff415fc8-d651-447e-8633-56fa30db40b3|rpc:172.17.0.2:42725|dataStream:, 433667c4-acee-4b27-a3b7-b728b5272bf1|rpc:172.17.0.2:42205|dataStream:], old=null
2020-11-26 17:12:05,620 [433667c4-acee-4b27-a3b7-b728b5272bf1@group-67D43AF5053D-LeaderElection17] INFO  impl.RaftServerImpl (ServerState.java:setRaftConf(374)) - 433667c4-acee-4b27-a3b7-b728b5272bf1@group-67D43AF5053D: set configuration 0: [433667c4-acee-4b27-a3b7-b728b5272bf1|rpc:172.17.0.2:42205|dataStream:], old=null at 0
2020-11-26 17:12:05,644 [grpc-default-executor-0] INFO  metrics.RatisMetrics (RatisMetrics.java:lambda$create$0(36)) - Creating Metrics Registry : ratis.server_message_metrics.433667c4-acee-4b27-a3b7-b728b5272bf1
2020-11-26 17:12:05,644 [grpc-default-executor-1] INFO  impl.RaftServerImpl (RaftServerImpl.java:setRole(204)) - 2ae88acd-293c-44f1-bb58-9baaea38510e@group-6F588FA94E98: changes role from  FOLLOWER to FOLLOWER at term 1 for recognizeCandidate:ff415fc8-d651-447e-8633-56fa30db40b3
2020-11-26 17:12:05,644 [grpc-default-executor-1] INFO  impl.RoleInfo (RoleInfo.java:shutdownFollowerState(121)) - 2ae88acd-293c-44f1-bb58-9baaea38510e: shutdown 2ae88acd-293c-44f1-bb58-9baaea38510e@group-6F588FA94E98-FollowerState
2020-11-26 17:12:05,645 [grpc-default-executor-1] INFO  impl.RoleInfo (RoleInfo.java:updateAndGet(143)) - 2ae88acd-293c-44f1-bb58-9baaea38510e: start 2ae88acd-293c-44f1-bb58-9baaea38510e@group-6F588FA94E98-FollowerState
2020-11-26 17:12:05,645 [Thread-621] INFO  impl.FollowerState (FollowerState.java:run(137)) - 2ae88acd-293c-44f1-bb58-9baaea38510e@group-6F588FA94E98-FollowerState was interrupted: {}
java.lang.InterruptedException: sleep interrupted
	at java.lang.Thread.sleep(Native Method)
	at org.apache.ratis.util.JavaUtils.sleep(JavaUtils.java:250)
	at org.apache.ratis.server.impl.FollowerState.run(FollowerState.java:116)
2020-11-26 17:12:05,651 [grpc-default-executor-1] INFO  impl.RaftServerImpl (RaftServerImpl.java:requestVote(963)) -  FOLLOWER 2ae88acd-293c-44f1-bb58-9baaea38510e@group-6F588FA94E98:t1, leader=null, voted=null, raftlog=2ae88acd-293c-44f1-bb58-9baaea38510e@group-6F588FA94E98-SegmentedRaftLog:OPENED:c-1,f-1,i0, conf=-1: [2ae88acd-293c-44f1-bb58-9baaea38510e|rpc:172.17.0.2:39921|dataStream:, ff415fc8-d651-447e-8633-56fa30db40b3|rpc:172.17.0.2:42725|dataStream:, 433667c4-acee-4b27-a3b7-b728b5272bf1|rpc:172.17.0.2:42205|dataStream:], old=null RUNNING priority:0 candidate:ff415fc8-d651-447e-8633-56fa30db40b3|rpc:172.17.0.2:42725|dataStream: candidatePriority:0 compare:0
2020-11-26 17:12:05,651 [grpc-default-executor-0] INFO  impl.RaftServerImpl (RaftServerImpl.java:setRole(204)) - 433667c4-acee-4b27-a3b7-b728b5272bf1@group-6F588FA94E98: changes role from  FOLLOWER to FOLLOWER at term 1 for recognizeCandidate:ff415fc8-d651-447e-8633-56fa30db40b3
2020-11-26 17:12:05,651 [grpc-default-executor-0] INFO  impl.RoleInfo (RoleInfo.java:shutdownFollowerState(121)) - 433667c4-acee-4b27-a3b7-b728b5272bf1: shutdown 433667c4-acee-4b27-a3b7-b728b5272bf1@group-6F588FA94E98-FollowerState
2020-11-26 17:12:05,651 [grpc-default-executor-0] INFO  impl.RoleInfo (RoleInfo.java:updateAndGet(143)) - 433667c4-acee-4b27-a3b7-b728b5272bf1: start 433667c4-acee-4b27-a3b7-b728b5272bf1@group-6F588FA94E98-FollowerState
2020-11-26 17:12:05,651 [Thread-616] INFO  impl.FollowerState (FollowerState.java:run(137)) - 433667c4-acee-4b27-a3b7-b728b5272bf1@group-6F588FA94E98-FollowerState was interrupted: {}
java.lang.InterruptedException: sleep interrupted
	at java.lang.Thread.sleep(Native Method)
	at org.apache.ratis.util.JavaUtils.sleep(JavaUtils.java:250)
	at org.apache.ratis.server.impl.FollowerState.run(FollowerState.java:116)
2020-11-26 17:12:05,651 [grpc-default-executor-0] INFO  impl.RaftServerImpl (RaftServerImpl.java:requestVote(963)) -  FOLLOWER 433667c4-acee-4b27-a3b7-b728b5272bf1@group-6F588FA94E98:t1, leader=null, voted=null, raftlog=433667c4-acee-4b27-a3b7-b728b5272bf1@group-6F588FA94E98-SegmentedRaftLog:OPENED:c-1,f-1,i0, conf=-1: [2ae88acd-293c-44f1-bb58-9baaea38510e|rpc:172.17.0.2:39921, ff415fc8-d651-447e-8633-56fa30db40b3|rpc:172.17.0.2:42725, 433667c4-acee-4b27-a3b7-b728b5272bf1|rpc:172.17.0.2:42205], old=null RUNNING priority:0 candidate:ff415fc8-d651-447e-8633-56fa30db40b3|rpc:172.17.0.2:42725 candidatePriority:0 compare:0
2020-11-26 17:12:05,656 [ff415fc8-d651-447e-8633-56fa30db40b3@group-6F588FA94E98-LeaderElection18] INFO  impl.LeaderElection (LeaderElection.java:logAndReturn(65)) - ff415fc8-d651-447e-8633-56fa30db40b3@group-6F588FA94E98-LeaderElection18: Election PASSED; received 1 response(s) [ff415fc8-d651-447e-8633-56fa30db40b3<-2ae88acd-293c-44f1-bb58-9baaea38510e#0:OK-t1] and 0 exception(s); ff415fc8-d651-447e-8633-56fa30db40b3@group-6F588FA94E98:t1, leader=null, voted=ff415fc8-d651-447e-8633-56fa30db40b3, raftlog=ff415fc8-d651-447e-8633-56fa30db40b3@group-6F588FA94E98-SegmentedRaftLog:OPENED:c-1,f-1,i0, conf=-1: [2ae88acd-293c-44f1-bb58-9baaea38510e|rpc:172.17.0.2:39921|dataStream:, ff415fc8-d651-447e-8633-56fa30db40b3|rpc:172.17.0.2:42725|dataStream:, 433667c4-acee-4b27-a3b7-b728b5272bf1|rpc:172.17.0.2:42205|dataStream:], old=null
2020-11-26 17:12:05,656 [ff415fc8-d651-447e-8633-56fa30db40b3@group-6F588FA94E98-LeaderElection18] INFO  impl.RoleInfo (RoleInfo.java:shutdownLeaderElection(134)) - ff415fc8-d651-447e-8633-56fa30db40b3: shutdown ff415fc8-d651-447e-8633-56fa30db40b3@group-6F588FA94E98-LeaderElection18
2020-11-26 17:12:05,656 [ff415fc8-d651-447e-8633-56fa30db40b3@group-6F588FA94E98-LeaderElection18] INFO  impl.RaftServerImpl (RaftServerImpl.java:setRole(204)) - ff415fc8-d651-447e-8633-56fa30db40b3@group-6F588FA94E98: changes role from CANDIDATE to LEADER at term 1 for changeToLeader
2020-11-26 17:12:05,656 [ff415fc8-d651-447e-8633-56fa30db40b3@group-6F588FA94E98-LeaderElection18] INFO  ratis.XceiverServerRatis (XceiverServerRatis.java:handleLeaderChangedNotification(854)) - Leader change notification received for group: group-6F588FA94E98 with new leaderId: ff415fc8-d651-447e-8633-56fa30db40b3
2020-11-26 17:12:05,656 [ff415fc8-d651-447e-8633-56fa30db40b3@group-6F588FA94E98-LeaderElection18] INFO  impl.RaftServerImpl (ServerState.java:setLeader(256)) - ff415fc8-d651-447e-8633-56fa30db40b3@group-6F588FA94E98: change Leader from null to ff415fc8-d651-447e-8633-56fa30db40b3 at term 1 for becomeLeader, leader elected after 5086ms
2020-11-26 17:12:05,656 [ff415fc8-d651-447e-8633-56fa30db40b3@group-6F588FA94E98-LeaderElection18] INFO  server.RaftServerConfigKeys (ConfUtils.java:logGet(44)) - raft.server.staging.catchup.gap = 1000 (default)
2020-11-26 17:12:05,656 [ff415fc8-d651-447e-8633-56fa30db40b3@group-6F588FA94E98-LeaderElection18] INFO  server.RaftServerConfigKeys (ConfUtils.java:logGet(44)) - raft.server.rpc.sleep.time = 25ms (default)
2020-11-26 17:12:05,656 [ff415fc8-d651-447e-8633-56fa30db40b3@group-6F588FA94E98-LeaderElection18] INFO  metrics.RatisMetrics (RatisMetrics.java:lambda$create$0(36)) - Creating Metrics Registry : ratis.log_appender.ff415fc8-d651-447e-8633-56fa30db40b3@group-6F588FA94E98
2020-11-26 17:12:05,656 [ff415fc8-d651-447e-8633-56fa30db40b3@group-6F588FA94E98-LeaderElection18] INFO  server.RaftServerConfigKeys (ConfUtils.java:logGet(44)) - raft.server.write.element-limit = 1024 (custom)
2020-11-26 17:12:05,657 [ff415fc8-d651-447e-8633-56fa30db40b3@group-6F588FA94E98-LeaderElection18] INFO  server.RaftServerConfigKeys (ConfUtils.java:logGet(44)) - raft.server.write.byte-limit = 1073741824 (custom)
2020-11-26 17:12:05,657 [ff415fc8-d651-447e-8633-56fa30db40b3@group-6F588FA94E98-LeaderElection18] INFO  server.RaftServerConfigKeys (ConfUtils.java:logGet(44)) - raft.server.watch.timeout = 180s (custom)
2020-11-26 17:12:05,657 [ff415fc8-d651-447e-8633-56fa30db40b3@group-6F588FA94E98-LeaderElection18] INFO  server.RaftServerConfigKeys (ConfUtils.java:logGet(44)) - raft.server.watch.timeout.denomination = 1s (default)
2020-11-26 17:12:05,657 [ff415fc8-d651-447e-8633-56fa30db40b3@group-6F588FA94E98-LeaderElection18] INFO  server.RaftServerConfigKeys (ConfUtils.java:logGet(44)) - raft.server.watch.element-limit = 65536 (default)
2020-11-26 17:12:05,657 [ff415fc8-d651-447e-8633-56fa30db40b3@group-6F588FA94E98-LeaderElection18] INFO  server.RaftServerConfigKeys (ConfUtils.java:logGet(44)) - raft.server.log.appender.snapshot.chunk.size.max = 16MB (=16777216) (default)
2020-11-26 17:12:05,657 [ff415fc8-d651-447e-8633-56fa30db40b3@group-6F588FA94E98-LeaderElection18] INFO  server.RaftServerConfigKeys (ConfUtils.java:logGet(44)) - raft.server.log.appender.buffer.byte-limit = 33554432 (custom)
2020-11-26 17:12:05,657 [ff415fc8-d651-447e-8633-56fa30db40b3@group-6F588FA94E98-LeaderElection18] INFO  server.RaftServerConfigKeys (ConfUtils.java:logGet(44)) - raft.server.log.appender.buffer.element-limit = 1 (custom)
2020-11-26 17:12:05,657 [ff415fc8-d651-447e-8633-56fa30db40b3@group-6F588FA94E98-LeaderElection18] INFO  grpc.GrpcConfigKeys (ConfUtils.java:logGet(44)) - raft.grpc.server.leader.outstanding.appends.max = 128 (default)
2020-11-26 17:12:05,657 [ff415fc8-d651-447e-8633-56fa30db40b3@group-6F588FA94E98-LeaderElection18] INFO  server.RaftServerConfigKeys (ConfUtils.java:logGet(44)) - raft.server.rpc.request.timeout = 60s (custom)
2020-11-26 17:12:05,657 [ff415fc8-d651-447e-8633-56fa30db40b3@group-6F588FA94E98-LeaderElection18] INFO  server.RaftServerConfigKeys (ConfUtils.java:logGet(44)) - raft.server.log.appender.install.snapshot.enabled = false (custom)
2020-11-26 17:12:05,657 [ff415fc8-d651-447e-8633-56fa30db40b3@group-6F588FA94E98-LeaderElection18] INFO  metrics.RatisMetrics (RatisMetrics.java:lambda$create$0(36)) - Creating Metrics Registry : ratis_grpc.log_appender.ff415fc8-d651-447e-8633-56fa30db40b3@group-6F588FA94E98
2020-11-26 17:12:05,658 [ff415fc8-d651-447e-8633-56fa30db40b3@group-6F588FA94E98-LeaderElection18] INFO  server.RaftServerConfigKeys (ConfUtils.java:logGet(44)) - raft.server.log.appender.snapshot.chunk.size.max = 16MB (=16777216) (default)
2020-11-26 17:12:05,658 [ff415fc8-d651-447e-8633-56fa30db40b3@group-6F588FA94E98-LeaderElection18] INFO  server.RaftServerConfigKeys (ConfUtils.java:logGet(44)) - raft.server.log.appender.buffer.byte-limit = 33554432 (custom)
2020-11-26 17:12:05,658 [ff415fc8-d651-447e-8633-56fa30db40b3@group-6F588FA94E98-LeaderElection18] INFO  server.RaftServerConfigKeys (ConfUtils.java:logGet(44)) - raft.server.log.appender.buffer.element-limit = 1 (custom)
2020-11-26 17:12:05,659 [ff415fc8-d651-447e-8633-56fa30db40b3@group-6F588FA94E98-LeaderElection18] INFO  grpc.GrpcConfigKeys (ConfUtils.java:logGet(44)) - raft.grpc.server.leader.outstanding.appends.max = 128 (default)
2020-11-26 17:12:05,659 [ff415fc8-d651-447e-8633-56fa30db40b3@group-6F588FA94E98-LeaderElection18] INFO  server.RaftServerConfigKeys (ConfUtils.java:logGet(44)) - raft.server.rpc.request.timeout = 60s (custom)
2020-11-26 17:12:05,659 [ff415fc8-d651-447e-8633-56fa30db40b3@group-6F588FA94E98-LeaderElection18] INFO  server.RaftServerConfigKeys (ConfUtils.java:logGet(44)) - raft.server.log.appender.install.snapshot.enabled = false (custom)
2020-11-26 17:12:05,659 [ff415fc8-d651-447e-8633-56fa30db40b3@group-6F588FA94E98-LeaderElection18] INFO  impl.RoleInfo (RoleInfo.java:updateAndGet(143)) - ff415fc8-d651-447e-8633-56fa30db40b3: start ff415fc8-d651-447e-8633-56fa30db40b3@group-6F588FA94E98-LeaderState
2020-11-26 17:12:05,660 [ff415fc8-d651-447e-8633-56fa30db40b3@group-6F588FA94E98-LeaderElection18] INFO  segmented.SegmentedRaftLogWorker (SegmentedRaftLogWorker.java:startLogSegment(398)) - ff415fc8-d651-447e-8633-56fa30db40b3@group-6F588FA94E98-SegmentedRaftLogWorker: Starting segment from index:0
2020-11-26 17:12:05,661 [EventQueue-PipelineReportForPipelineReportHandler] INFO  pipeline.PipelineStateManager (PipelineStateManager.java:openPipeline(132)) - Pipeline Pipeline[ Id: c2ef77a2-3d65-48dd-81bf-6f588fa94e98, Nodes: 433667c4-acee-4b27-a3b7-b728b5272bf1{ip: 172.17.0.2, host: 1581e7703e9d, networkLocation: /default-rack, certSerialId: null}ff415fc8-d651-447e-8633-56fa30db40b3{ip: 172.17.0.2, host: 1581e7703e9d, networkLocation: /default-rack, certSerialId: null}2ae88acd-293c-44f1-bb58-9baaea38510e{ip: 172.17.0.2, host: 1581e7703e9d, networkLocation: /default-rack, certSerialId: null}, Type:RATIS, Factor:THREE, State:ALLOCATED, leaderId:ff415fc8-d651-447e-8633-56fa30db40b3, CreationTimestamp2020-11-26T17:11:57.907Z] moved to OPEN state
2020-11-26 17:12:05,666 [ff415fc8-d651-447e-8633-56fa30db40b3@group-6F588FA94E98-LeaderElection18] INFO  impl.RaftServerImpl (ServerState.java:setRaftConf(374)) - ff415fc8-d651-447e-8633-56fa30db40b3@group-6F588FA94E98: set configuration 0: [2ae88acd-293c-44f1-bb58-9baaea38510e|rpc:172.17.0.2:39921|dataStream:, ff415fc8-d651-447e-8633-56fa30db40b3|rpc:172.17.0.2:42725|dataStream:, 433667c4-acee-4b27-a3b7-b728b5272bf1|rpc:172.17.0.2:42205|dataStream:], old=null at 0
2020-11-26 17:12:05,662 [ff415fc8-d651-447e-8633-56fa30db40b3@group-6F588FA94E98-SegmentedRaftLogWorker] INFO  segmented.SegmentedRaftLogWorker (SegmentedRaftLogWorker.java:execute(597)) - ff415fc8-d651-447e-8633-56fa30db40b3@group-6F588FA94E98-SegmentedRaftLogWorker: created new log segment /github/workspace/mnt/ozone/hadoop-ozone/integration-test/target/test-dir/MiniOzoneClusterImpl-baac2ffe-e1a6-449a-ab8a-404ec876111f/datanode-5/data/ratis/c2ef77a2-3d65-48dd-81bf-6f588fa94e98/current/log_inprogress_0
2020-11-26 17:12:05,678 [grpc-default-executor-1] INFO  ratis.XceiverServerRatis (XceiverServerRatis.java:handleLeaderChangedNotification(854)) - Leader change notification received for group: group-6F588FA94E98 with new leaderId: ff415fc8-d651-447e-8633-56fa30db40b3
2020-11-26 17:12:05,681 [grpc-default-executor-1] INFO  impl.RaftServerImpl (ServerState.java:setLeader(256)) - 2ae88acd-293c-44f1-bb58-9baaea38510e@group-6F588FA94E98: change Leader from null to ff415fc8-d651-447e-8633-56fa30db40b3 at term 1 for appendEntries, leader elected after 5083ms
2020-11-26 17:12:05,686 [grpc-default-executor-2] INFO  ratis.XceiverServerRatis (XceiverServerRatis.java:handleLeaderChangedNotification(854)) - Leader change notification received for group: group-6F588FA94E98 with new leaderId: ff415fc8-d651-447e-8633-56fa30db40b3
2020-11-26 17:12:05,687 [grpc-default-executor-2] INFO  impl.RaftServerImpl (ServerState.java:setLeader(256)) - 433667c4-acee-4b27-a3b7-b728b5272bf1@group-6F588FA94E98: change Leader from null to ff415fc8-d651-447e-8633-56fa30db40b3 at term 1 for appendEntries, leader elected after 5139ms
2020-11-26 17:12:05,690 [grpc-default-executor-0] INFO  impl.RaftServerImpl (ServerState.java:setRaftConf(374)) - 2ae88acd-293c-44f1-bb58-9baaea38510e@group-6F588FA94E98: set configuration 0: [2ae88acd-293c-44f1-bb58-9baaea38510e|rpc:172.17.0.2:39921|dataStream:, ff415fc8-d651-447e-8633-56fa30db40b3|rpc:172.17.0.2:42725|dataStream:, 433667c4-acee-4b27-a3b7-b728b5272bf1|rpc:172.17.0.2:42205|dataStream:], old=null at 0
2020-11-26 17:12:05,691 [grpc-default-executor-0] INFO  segmented.SegmentedRaftLogWorker (SegmentedRaftLogWorker.java:startLogSegment(398)) - 2ae88acd-293c-44f1-bb58-9baaea38510e@group-6F588FA94E98-SegmentedRaftLogWorker: Starting segment from index:0
2020-11-26 17:12:05,691 [grpc-default-executor-2] INFO  impl.RaftServerImpl (ServerState.java:setRaftConf(374)) - 433667c4-acee-4b27-a3b7-b728b5272bf1@group-6F588FA94E98: set configuration 0: [2ae88acd-293c-44f1-bb58-9baaea38510e|rpc:172.17.0.2:39921|dataStream:, ff415fc8-d651-447e-8633-56fa30db40b3|rpc:172.17.0.2:42725|dataStream:, 433667c4-acee-4b27-a3b7-b728b5272bf1|rpc:172.17.0.2:42205|dataStream:], old=null at 0
2020-11-26 17:12:05,692 [grpc-default-executor-2] INFO  segmented.SegmentedRaftLogWorker (SegmentedRaftLogWorker.java:startLogSegment(398)) - 433667c4-acee-4b27-a3b7-b728b5272bf1@group-6F588FA94E98-SegmentedRaftLogWorker: Starting segment from index:0
2020-11-26 17:12:05,693 [2ae88acd-293c-44f1-bb58-9baaea38510e@group-6F588FA94E98-SegmentedRaftLogWorker] INFO  segmented.SegmentedRaftLogWorker (SegmentedRaftLogWorker.java:execute(597)) - 2ae88acd-293c-44f1-bb58-9baaea38510e@group-6F588FA94E98-SegmentedRaftLogWorker: created new log segment /github/workspace/mnt/ozone/hadoop-ozone/integration-test/target/test-dir/MiniOzoneClusterImpl-baac2ffe-e1a6-449a-ab8a-404ec876111f/datanode-4/data/ratis/c2ef77a2-3d65-48dd-81bf-6f588fa94e98/current/log_inprogress_0
2020-11-26 17:12:05,693 [433667c4-acee-4b27-a3b7-b728b5272bf1@group-6F588FA94E98-SegmentedRaftLogWorker] INFO  segmented.SegmentedRaftLogWorker (SegmentedRaftLogWorker.java:execute(597)) - 433667c4-acee-4b27-a3b7-b728b5272bf1@group-6F588FA94E98-SegmentedRaftLogWorker: created new log segment /github/workspace/mnt/ozone/hadoop-ozone/integration-test/target/test-dir/MiniOzoneClusterImpl-baac2ffe-e1a6-449a-ab8a-404ec876111f/datanode-3/data/ratis/c2ef77a2-3d65-48dd-81bf-6f588fa94e98/current/log_inprogress_0
2020-11-26 17:12:05,844 [Thread-624] INFO  impl.FollowerState (FollowerState.java:run(128)) - 2ae88acd-293c-44f1-bb58-9baaea38510e@group-947E8FCC7C40-FollowerState: change to CANDIDATE, lastRpcTime:5106ms, electionTimeout:5100ms
2020-11-26 17:12:05,844 [Thread-624] INFO  impl.RoleInfo (RoleInfo.java:shutdownFollowerState(121)) - 2ae88acd-293c-44f1-bb58-9baaea38510e: shutdown 2ae88acd-293c-44f1-bb58-9baaea38510e@group-947E8FCC7C40-FollowerState
2020-11-26 17:12:05,844 [Thread-624] INFO  impl.RaftServerImpl (RaftServerImpl.java:setRole(204)) - 2ae88acd-293c-44f1-bb58-9baaea38510e@group-947E8FCC7C40: changes role from  FOLLOWER to CANDIDATE at term 0 for changeToCandidate
2020-11-26 17:12:05,845 [Thread-624] INFO  impl.RoleInfo (RoleInfo.java:updateAndGet(143)) - 2ae88acd-293c-44f1-bb58-9baaea38510e: start 2ae88acd-293c-44f1-bb58-9baaea38510e@group-947E8FCC7C40-LeaderElection19
2020-11-26 17:12:05,848 [2ae88acd-293c-44f1-bb58-9baaea38510e@group-947E8FCC7C40-LeaderElection19] INFO  impl.LeaderElection (LeaderElection.java:askForVotes(215)) - 2ae88acd-293c-44f1-bb58-9baaea38510e@group-947E8FCC7C40-LeaderElection19: begin an election at term 1 for -1: [2ae88acd-293c-44f1-bb58-9baaea38510e|rpc:172.17.0.2:39921], old=null
2020-11-26 17:12:05,848 [2ae88acd-293c-44f1-bb58-9baaea38510e@group-947E8FCC7C40-LeaderElection19] INFO  impl.RoleInfo (RoleInfo.java:shutdownLeaderElection(134)) - 2ae88acd-293c-44f1-bb58-9baaea38510e: shutdown 2ae88acd-293c-44f1-bb58-9baaea38510e@group-947E8FCC7C40-LeaderElection19
2020-11-26 17:12:05,848 [2ae88acd-293c-44f1-bb58-9baaea38510e@group-947E8FCC7C40-LeaderElection19] INFO  impl.RaftServerImpl (RaftServerImpl.java:setRole(204)) - 2ae88acd-293c-44f1-bb58-9baaea38510e@group-947E8FCC7C40: changes role from CANDIDATE to LEADER at term 1 for changeToLeader
2020-11-26 17:12:05,848 [2ae88acd-293c-44f1-bb58-9baaea38510e@group-947E8FCC7C40-LeaderElection19] INFO  ratis.XceiverServerRatis (XceiverServerRatis.java:handleLeaderChangedNotification(854)) - Leader change notification received for group: group-947E8FCC7C40 with new leaderId: 2ae88acd-293c-44f1-bb58-9baaea38510e
2020-11-26 17:12:05,849 [2ae88acd-293c-44f1-bb58-9baaea38510e@group-947E8FCC7C40-LeaderElection19] INFO  impl.RaftServerImpl (ServerState.java:setLeader(256)) - 2ae88acd-293c-44f1-bb58-9baaea38510e@group-947E8FCC7C40: change Leader from null to 2ae88acd-293c-44f1-bb58-9baaea38510e at term 1 for becomeLeader, leader elected after 5116ms
2020-11-26 17:12:05,849 [2ae88acd-293c-44f1-bb58-9baaea38510e@group-947E8FCC7C40-LeaderElection19] INFO  server.RaftServerConfigKeys (ConfUtils.java:logGet(44)) - raft.server.staging.catchup.gap = 1000 (default)
2020-11-26 17:12:05,849 [2ae88acd-293c-44f1-bb58-9baaea38510e@group-947E8FCC7C40-LeaderElection19] INFO  server.RaftServerConfigKeys (ConfUtils.java:logGet(44)) - raft.server.rpc.sleep.time = 25ms (default)
2020-11-26 17:12:05,849 [2ae88acd-293c-44f1-bb58-9baaea38510e@group-947E8FCC7C40-LeaderElection19] INFO  metrics.RatisMetrics (RatisMetrics.java:lambda$create$0(36)) - Creating Metrics Registry : ratis.log_appender.2ae88acd-293c-44f1-bb58-9baaea38510e@group-947E8FCC7C40
2020-11-26 17:12:05,849 [2ae88acd-293c-44f1-bb58-9baaea38510e@group-947E8FCC7C40-LeaderElection19] INFO  server.RaftServerConfigKeys (ConfUtils.java:logGet(44)) - raft.server.write.element-limit = 1024 (custom)
2020-11-26 17:12:05,850 [2ae88acd-293c-44f1-bb58-9baaea38510e@group-947E8FCC7C40-LeaderElection19] INFO  server.RaftServerConfigKeys (ConfUtils.java:logGet(44)) - raft.server.write.byte-limit = 1073741824 (custom)
2020-11-26 17:12:05,850 [2ae88acd-293c-44f1-bb58-9baaea38510e@group-947E8FCC7C40-LeaderElection19] INFO  server.RaftServerConfigKeys (ConfUtils.java:logGet(44)) - raft.server.watch.timeout = 180s (custom)
2020-11-26 17:12:05,850 [2ae88acd-293c-44f1-bb58-9baaea38510e@group-947E8FCC7C40-LeaderElection19] INFO  server.RaftServerConfigKeys (ConfUtils.java:logGet(44)) - raft.server.watch.timeout.denomination = 1s (default)
2020-11-26 17:12:05,850 [2ae88acd-293c-44f1-bb58-9baaea38510e@group-947E8FCC7C40-LeaderElection19] INFO  server.RaftServerConfigKeys (ConfUtils.java:logGet(44)) - raft.server.watch.element-limit = 65536 (default)
2020-11-26 17:12:05,850 [2ae88acd-293c-44f1-bb58-9baaea38510e@group-947E8FCC7C40-LeaderElection19] INFO  impl.RoleInfo (RoleInfo.java:updateAndGet(143)) - 2ae88acd-293c-44f1-bb58-9baaea38510e: start 2ae88acd-293c-44f1-bb58-9baaea38510e@group-947E8FCC7C40-LeaderState
2020-11-26 17:12:05,850 [2ae88acd-293c-44f1-bb58-9baaea38510e@group-947E8FCC7C40-LeaderElection19] INFO  segmented.SegmentedRaftLogWorker (SegmentedRaftLogWorker.java:startLogSegment(398)) - 2ae88acd-293c-44f1-bb58-9baaea38510e@group-947E8FCC7C40-SegmentedRaftLogWorker: Starting segment from index:0
2020-11-26 17:12:05,852 [2ae88acd-293c-44f1-bb58-9baaea38510e@group-947E8FCC7C40-SegmentedRaftLogWorker] INFO  segmented.SegmentedRaftLogWorker (SegmentedRaftLogWorker.java:execute(597)) - 2ae88acd-293c-44f1-bb58-9baaea38510e@group-947E8FCC7C40-SegmentedRaftLogWorker: created new log segment /github/workspace/mnt/ozone/hadoop-ozone/integration-test/target/test-dir/MiniOzoneClusterImpl-baac2ffe-e1a6-449a-ab8a-404ec876111f/datanode-4/data/ratis/737377c1-c79d-4053-bf07-947e8fcc7c40/current/log_inprogress_0
2020-11-26 17:12:05,856 [2ae88acd-293c-44f1-bb58-9baaea38510e@group-947E8FCC7C40-LeaderElection19] INFO  impl.RaftServerImpl (ServerState.java:setRaftConf(374)) - 2ae88acd-293c-44f1-bb58-9baaea38510e@group-947E8FCC7C40: set configuration 0: [2ae88acd-293c-44f1-bb58-9baaea38510e|rpc:172.17.0.2:39921|dataStream:], old=null at 0
2020-11-26 17:12:06,091 [Thread-626] INFO  impl.FollowerState (FollowerState.java:run(128)) - ff415fc8-d651-447e-8633-56fa30db40b3@group-D09F5683E995-FollowerState: change to CANDIDATE, lastRpcTime:5169ms, electionTimeout:5168ms
2020-11-26 17:12:06,091 [Thread-626] INFO  impl.RoleInfo (RoleInfo.java:shutdownFollowerState(121)) - ff415fc8-d651-447e-8633-56fa30db40b3: shutdown ff415fc8-d651-447e-8633-56fa30db40b3@group-D09F5683E995-FollowerState
2020-11-26 17:12:06,091 [Thread-626] INFO  impl.RaftServerImpl (RaftServerImpl.java:setRole(204)) - ff415fc8-d651-447e-8633-56fa30db40b3@group-D09F5683E995: changes role from  FOLLOWER to CANDIDATE at term 0 for changeToCandidate
2020-11-26 17:12:06,092 [Thread-626] INFO  impl.RoleInfo (RoleInfo.java:updateAndGet(143)) - ff415fc8-d651-447e-8633-56fa30db40b3: start ff415fc8-d651-447e-8633-56fa30db40b3@group-D09F5683E995-LeaderElection20
2020-11-26 17:12:06,095 [ff415fc8-d651-447e-8633-56fa30db40b3@group-D09F5683E995-LeaderElection20] INFO  impl.LeaderElection (LeaderElection.java:askForVotes(215)) - ff415fc8-d651-447e-8633-56fa30db40b3@group-D09F5683E995-LeaderElection20: begin an election at term 1 for -1: [ff415fc8-d651-447e-8633-56fa30db40b3|rpc:172.17.0.2:42725], old=null
2020-11-26 17:12:06,095 [ff415fc8-d651-447e-8633-56fa30db40b3@group-D09F5683E995-LeaderElection20] INFO  impl.RoleInfo (RoleInfo.java:shutdownLeaderElection(134)) - ff415fc8-d651-447e-8633-56fa30db40b3: shutdown ff415fc8-d651-447e-8633-56fa30db40b3@group-D09F5683E995-LeaderElection20
2020-11-26 17:12:06,095 [ff415fc8-d651-447e-8633-56fa30db40b3@group-D09F5683E995-LeaderElection20] INFO  impl.RaftServerImpl (RaftServerImpl.java:setRole(204)) - ff415fc8-d651-447e-8633-56fa30db40b3@group-D09F5683E995: changes role from CANDIDATE to LEADER at term 1 for changeToLeader
2020-11-26 17:12:06,095 [ff415fc8-d651-447e-8633-56fa30db40b3@group-D09F5683E995-LeaderElection20] INFO  ratis.XceiverServerRatis (XceiverServerRatis.java:handleLeaderChangedNotification(854)) - Leader change notification received for group: group-D09F5683E995 with new leaderId: ff415fc8-d651-447e-8633-56fa30db40b3
2020-11-26 17:12:06,095 [ff415fc8-d651-447e-8633-56fa30db40b3@group-D09F5683E995-LeaderElection20] INFO  impl.RaftServerImpl (ServerState.java:setLeader(256)) - ff415fc8-d651-447e-8633-56fa30db40b3@group-D09F5683E995: change Leader from null to ff415fc8-d651-447e-8633-56fa30db40b3 at term 1 for becomeLeader, leader elected after 5185ms
2020-11-26 17:12:06,095 [ff415fc8-d651-447e-8633-56fa30db40b3@group-D09F5683E995-LeaderElection20] INFO  server.RaftServerConfigKeys (ConfUtils.java:logGet(44)) - raft.server.staging.catchup.gap = 1000 (default)
2020-11-26 17:12:06,096 [ff415fc8-d651-447e-8633-56fa30db40b3@group-D09F5683E995-LeaderElection20] INFO  server.RaftServerConfigKeys (ConfUtils.java:logGet(44)) - raft.server.rpc.sleep.time = 25ms (default)
2020-11-26 17:12:06,096 [ff415fc8-d651-447e-8633-56fa30db40b3@group-D09F5683E995-LeaderElection20] INFO  metrics.RatisMetrics (RatisMetrics.java:lambda$create$0(36)) - Creating Metrics Registry : ratis.log_appender.ff415fc8-d651-447e-8633-56fa30db40b3@group-D09F5683E995
2020-11-26 17:12:06,096 [ff415fc8-d651-447e-8633-56fa30db40b3@group-D09F5683E995-LeaderElection20] INFO  server.RaftServerConfigKeys (ConfUtils.java:logGet(44)) - raft.server.write.element-limit = 1024 (custom)
2020-11-26 17:12:06,096 [ff415fc8-d651-447e-8633-56fa30db40b3@group-D09F5683E995-LeaderElection20] INFO  server.RaftServerConfigKeys (ConfUtils.java:logGet(44)) - raft.server.write.byte-limit = 1073741824 (custom)
2020-11-26 17:12:06,096 [ff415fc8-d651-447e-8633-56fa30db40b3@group-D09F5683E995-LeaderElection20] INFO  server.RaftServerConfigKeys (ConfUtils.java:logGet(44)) - raft.server.watch.timeout = 180s (custom)
2020-11-26 17:12:06,097 [ff415fc8-d651-447e-8633-56fa30db40b3@group-D09F5683E995-LeaderElection20] INFO  server.RaftServerConfigKeys (ConfUtils.java:logGet(44)) - raft.server.watch.timeout.denomination = 1s (default)
2020-11-26 17:12:06,097 [ff415fc8-d651-447e-8633-56fa30db40b3@group-D09F5683E995-LeaderElection20] INFO  server.RaftServerConfigKeys (ConfUtils.java:logGet(44)) - raft.server.watch.element-limit = 65536 (default)
2020-11-26 17:12:06,097 [ff415fc8-d651-447e-8633-56fa30db40b3@group-D09F5683E995-LeaderElection20] INFO  impl.RoleInfo (RoleInfo.java:updateAndGet(143)) - ff415fc8-d651-447e-8633-56fa30db40b3: start ff415fc8-d651-447e-8633-56fa30db40b3@group-D09F5683E995-LeaderState
2020-11-26 17:12:06,097 [ff415fc8-d651-447e-8633-56fa30db40b3@group-D09F5683E995-LeaderElection20] INFO  segmented.SegmentedRaftLogWorker (SegmentedRaftLogWorker.java:startLogSegment(398)) - ff415fc8-d651-447e-8633-56fa30db40b3@group-D09F5683E995-SegmentedRaftLogWorker: Starting segment from index:0
2020-11-26 17:12:06,098 [ff415fc8-d651-447e-8633-56fa30db40b3@group-D09F5683E995-LeaderElection20] INFO  impl.RaftServerImpl (ServerState.java:setRaftConf(374)) - ff415fc8-d651-447e-8633-56fa30db40b3@group-D09F5683E995: set configuration 0: [ff415fc8-d651-447e-8633-56fa30db40b3|rpc:172.17.0.2:42725|dataStream:], old=null at 0
2020-11-26 17:12:06,098 [ff415fc8-d651-447e-8633-56fa30db40b3@group-D09F5683E995-SegmentedRaftLogWorker] INFO  segmented.SegmentedRaftLogWorker (SegmentedRaftLogWorker.java:execute(597)) - ff415fc8-d651-447e-8633-56fa30db40b3@group-D09F5683E995-SegmentedRaftLogWorker: created new log segment /github/workspace/mnt/ozone/hadoop-ozone/integration-test/target/test-dir/MiniOzoneClusterImpl-baac2ffe-e1a6-449a-ab8a-404ec876111f/datanode-5/data/ratis/1e8f6edf-d564-4685-ad7c-d09f5683e995/current/log_inprogress_0
2020-11-26 17:12:06,358 [Thread-628] INFO  impl.FollowerState (FollowerState.java:run(128)) - a113b3de-1e69-4d48-9e91-4a0af33016fa@group-0492F37A3530-FollowerState: change to CANDIDATE, lastRpcTime:5128ms, electionTimeout:5127ms
2020-11-26 17:12:06,359 [Thread-628] INFO  impl.RoleInfo (RoleInfo.java:shutdownFollowerState(121)) - a113b3de-1e69-4d48-9e91-4a0af33016fa: shutdown a113b3de-1e69-4d48-9e91-4a0af33016fa@group-0492F37A3530-FollowerState
2020-11-26 17:12:06,359 [Thread-628] INFO  impl.RaftServerImpl (RaftServerImpl.java:setRole(204)) - a113b3de-1e69-4d48-9e91-4a0af33016fa@group-0492F37A3530: changes role from  FOLLOWER to CANDIDATE at term 0 for changeToCandidate
2020-11-26 17:12:06,359 [Thread-628] INFO  impl.RoleInfo (RoleInfo.java:updateAndGet(143)) - a113b3de-1e69-4d48-9e91-4a0af33016fa: start a113b3de-1e69-4d48-9e91-4a0af33016fa@group-0492F37A3530-LeaderElection21
2020-11-26 17:12:06,362 [a113b3de-1e69-4d48-9e91-4a0af33016fa@group-0492F37A3530-LeaderElection21] INFO  impl.LeaderElection (LeaderElection.java:askForVotes(215)) - a113b3de-1e69-4d48-9e91-4a0af33016fa@group-0492F37A3530-LeaderElection21: begin an election at term 1 for -1: [a113b3de-1e69-4d48-9e91-4a0af33016fa|rpc:172.17.0.2:33321], old=null
2020-11-26 17:12:06,362 [a113b3de-1e69-4d48-9e91-4a0af33016fa@group-0492F37A3530-LeaderElection21] INFO  impl.RoleInfo (RoleInfo.java:shutdownLeaderElection(134)) - a113b3de-1e69-4d48-9e91-4a0af33016fa: shutdown a113b3de-1e69-4d48-9e91-4a0af33016fa@group-0492F37A3530-LeaderElection21
2020-11-26 17:12:06,362 [a113b3de-1e69-4d48-9e91-4a0af33016fa@group-0492F37A3530-LeaderElection21] INFO  impl.RaftServerImpl (RaftServerImpl.java:setRole(204)) - a113b3de-1e69-4d48-9e91-4a0af33016fa@group-0492F37A3530: changes role from CANDIDATE to LEADER at term 1 for changeToLeader
2020-11-26 17:12:06,362 [a113b3de-1e69-4d48-9e91-4a0af33016fa@group-0492F37A3530-LeaderElection21] INFO  ratis.XceiverServerRatis (XceiverServerRatis.java:handleLeaderChangedNotification(854)) - Leader change notification received for group: group-0492F37A3530 with new leaderId: a113b3de-1e69-4d48-9e91-4a0af33016fa
2020-11-26 17:12:06,362 [a113b3de-1e69-4d48-9e91-4a0af33016fa@group-0492F37A3530-LeaderElection21] INFO  impl.RaftServerImpl (ServerState.java:setLeader(256)) - a113b3de-1e69-4d48-9e91-4a0af33016fa@group-0492F37A3530: change Leader from null to a113b3de-1e69-4d48-9e91-4a0af33016fa at term 1 for becomeLeader, leader elected after 5142ms
2020-11-26 17:12:06,363 [a113b3de-1e69-4d48-9e91-4a0af33016fa@group-0492F37A3530-LeaderElection21] INFO  server.RaftServerConfigKeys (ConfUtils.java:logGet(44)) - raft.server.staging.catchup.gap = 1000 (default)
2020-11-26 17:12:06,363 [a113b3de-1e69-4d48-9e91-4a0af33016fa@group-0492F37A3530-LeaderElection21] INFO  server.RaftServerConfigKeys (ConfUtils.java:logGet(44)) - raft.server.rpc.sleep.time = 25ms (default)
2020-11-26 17:12:06,363 [a113b3de-1e69-4d48-9e91-4a0af33016fa@group-0492F37A3530-LeaderElection21] INFO  metrics.RatisMetrics (RatisMetrics.java:lambda$create$0(36)) - Creating Metrics Registry : ratis.log_appender.a113b3de-1e69-4d48-9e91-4a0af33016fa@group-0492F37A3530
2020-11-26 17:12:06,363 [a113b3de-1e69-4d48-9e91-4a0af33016fa@group-0492F37A3530-LeaderElection21] INFO  server.RaftServerConfigKeys (ConfUtils.java:logGet(44)) - raft.server.write.element-limit = 1024 (custom)
2020-11-26 17:12:06,363 [a113b3de-1e69-4d48-9e91-4a0af33016fa@group-0492F37A3530-LeaderElection21] INFO  server.RaftServerConfigKeys (ConfUtils.java:logGet(44)) - raft.server.write.byte-limit = 1073741824 (custom)
2020-11-26 17:12:06,363 [a113b3de-1e69-4d48-9e91-4a0af33016fa@group-0492F37A3530-LeaderElection21] INFO  server.RaftServerConfigKeys (ConfUtils.java:logGet(44)) - raft.server.watch.timeout = 180s (custom)
2020-11-26 17:12:06,363 [a113b3de-1e69-4d48-9e91-4a0af33016fa@group-0492F37A3530-LeaderElection21] INFO  server.RaftServerConfigKeys (ConfUtils.java:logGet(44)) - raft.server.watch.timeout.denomination = 1s (default)
2020-11-26 17:12:06,364 [a113b3de-1e69-4d48-9e91-4a0af33016fa@group-0492F37A3530-LeaderElection21] INFO  server.RaftServerConfigKeys (ConfUtils.java:logGet(44)) - raft.server.watch.element-limit = 65536 (default)
2020-11-26 17:12:06,364 [a113b3de-1e69-4d48-9e91-4a0af33016fa@group-0492F37A3530-LeaderElection21] INFO  impl.RoleInfo (RoleInfo.java:updateAndGet(143)) - a113b3de-1e69-4d48-9e91-4a0af33016fa: start a113b3de-1e69-4d48-9e91-4a0af33016fa@group-0492F37A3530-LeaderState
2020-11-26 17:12:06,364 [a113b3de-1e69-4d48-9e91-4a0af33016fa@group-0492F37A3530-LeaderElection21] INFO  segmented.SegmentedRaftLogWorker (SegmentedRaftLogWorker.java:startLogSegment(398)) - a113b3de-1e69-4d48-9e91-4a0af33016fa@group-0492F37A3530-SegmentedRaftLogWorker: Starting segment from index:0
2020-11-26 17:12:06,365 [a113b3de-1e69-4d48-9e91-4a0af33016fa@group-0492F37A3530-LeaderElection21] INFO  impl.RaftServerImpl (ServerState.java:setRaftConf(374)) - a113b3de-1e69-4d48-9e91-4a0af33016fa@group-0492F37A3530: set configuration 0: [a113b3de-1e69-4d48-9e91-4a0af33016fa|rpc:172.17.0.2:33321|dataStream:], old=null at 0
2020-11-26 17:12:06,366 [a113b3de-1e69-4d48-9e91-4a0af33016fa@group-0492F37A3530-SegmentedRaftLogWorker] INFO  segmented.SegmentedRaftLogWorker (SegmentedRaftLogWorker.java:execute(597)) - a113b3de-1e69-4d48-9e91-4a0af33016fa@group-0492F37A3530-SegmentedRaftLogWorker: created new log segment /github/workspace/mnt/ozone/hadoop-ozone/integration-test/target/test-dir/MiniOzoneClusterImpl-baac2ffe-e1a6-449a-ab8a-404ec876111f/datanode-6/data/ratis/e6529d1d-05dd-4ceb-ac1f-0492f37a3530/current/log_inprogress_0
2020-11-26 17:12:07,955 [EventQueue-Delayed safe mode statusForReplicationManager] INFO  container.ReplicationManager (ReplicationManager.java:start(178)) - Starting Replication Monitor Thread.
2020-11-26 17:12:07,957 [ReplicationMonitor] INFO  container.ReplicationManager (ReplicationManager.java:run(242)) - Replication Monitor Thread took 1 milliseconds for processing 3 containers.
2020-11-26 17:12:14,097 [Listener at 127.0.0.1/40769] INFO  metrics.RatisMetrics (RatisMetrics.java:lambda$create$0(36)) - Creating Metrics Registry : ratis.client_message_metrics.client-74BAB58F8F4F->7ade5ca2-bff4-467c-9da3-f3034c092d73
2020-11-26 17:12:14,170 [Listener at 127.0.0.1/40769] INFO  metrics.RatisMetrics (RatisMetrics.java:lambda$create$0(36)) - Creating Metrics Registry : ratis.client_message_metrics.client-BEEEAFA0BA64->2ae88acd-293c-44f1-bb58-9baaea38510e
2020-11-26 17:12:14,224 [EventQueue-CloseContainerForCloseContainerEventHandler] INFO  container.CloseContainerEventHandler (CloseContainerEventHandler.java:onMessage(61)) - Close container Event triggered for container : #1
2020-11-26 17:12:14,225 [EventQueue-CloseContainerForCloseContainerEventHandler] INFO  container.CloseContainerEventHandler (CloseContainerEventHandler.java:onMessage(61)) - Close container Event triggered for container : #2
2020-11-26 17:12:14,225 [EventQueue-CloseContainerForCloseContainerEventHandler] INFO  container.CloseContainerEventHandler (CloseContainerEventHandler.java:onMessage(61)) - Close container Event triggered for container : #3
2020-11-26 17:12:15,858 [RatisApplyTransactionExecutor 1] INFO  keyvalue.KeyValueContainer (KeyValueContainer.java:flushAndSyncDB(388)) - Container 1 is synced with bcsId 14.
2020-11-26 17:12:15,858 [RatisApplyTransactionExecutor 1] INFO  keyvalue.KeyValueContainer (KeyValueContainer.java:flushAndSyncDB(388)) - Container 1 is synced with bcsId 14.
2020-11-26 17:12:15,860 [RatisApplyTransactionExecutor 1] INFO  keyvalue.KeyValueContainer (KeyValueContainer.java:close(326)) - Container 1 is closed with bcsId 14.
2020-11-26 17:12:15,861 [EventQueue-IncrementalContainerReportForIncrementalContainerReportHandler] INFO  container.IncrementalContainerReportHandler (AbstractContainerReportHandler.java:updateContainerState(215)) - Moving container #1 to CLOSED state, datanode 2ae88acd-293c-44f1-bb58-9baaea38510e{ip: 172.17.0.2, host: 1581e7703e9d, networkLocation: /default-rack, certSerialId: null} reported CLOSED replica.
2020-11-26 17:12:15,866 [RatisApplyTransactionExecutor 2] INFO  keyvalue.KeyValueContainer (KeyValueContainer.java:flushAndSyncDB(388)) - Container 2 is synced with bcsId 0.
2020-11-26 17:12:15,866 [RatisApplyTransactionExecutor 2] INFO  keyvalue.KeyValueContainer (KeyValueContainer.java:flushAndSyncDB(388)) - Container 2 is synced with bcsId 0.
2020-11-26 17:12:15,868 [RatisApplyTransactionExecutor 2] INFO  keyvalue.KeyValueContainer (KeyValueContainer.java:close(326)) - Container 2 is closed with bcsId 0.
2020-11-26 17:12:15,869 [EventQueue-IncrementalContainerReportForIncrementalContainerReportHandler] INFO  container.IncrementalContainerReportHandler (AbstractContainerReportHandler.java:updateContainerState(215)) - Moving container #2 to CLOSED state, datanode 2ae88acd-293c-44f1-bb58-9baaea38510e{ip: 172.17.0.2, host: 1581e7703e9d, networkLocation: /default-rack, certSerialId: null} reported CLOSED replica.
2020-11-26 17:12:16,155 [RatisApplyTransactionExecutor 3] INFO  keyvalue.KeyValueContainer (KeyValueContainer.java:flushAndSyncDB(388)) - Container 3 is synced with bcsId 0.
2020-11-26 17:12:16,155 [RatisApplyTransactionExecutor 3] INFO  keyvalue.KeyValueContainer (KeyValueContainer.java:flushAndSyncDB(388)) - Container 3 is synced with bcsId 0.
2020-11-26 17:12:16,157 [RatisApplyTransactionExecutor 3] INFO  keyvalue.KeyValueContainer (KeyValueContainer.java:close(326)) - Container 3 is closed with bcsId 0.
2020-11-26 17:12:16,158 [EventQueue-IncrementalContainerReportForIncrementalContainerReportHandler] INFO  container.IncrementalContainerReportHandler (AbstractContainerReportHandler.java:updateContainerState(215)) - Moving container #3 to CLOSED state, datanode 7ade5ca2-bff4-467c-9da3-f3034c092d73{ip: 172.17.0.2, host: 1581e7703e9d, networkLocation: /default-rack, certSerialId: null} reported CLOSED replica.
2020-11-26 17:12:16,239 [org.apache.ratis.server.JvmPauseMonitor@59e09e75-Monitor] WARN  server.JvmPauseMonitor (JvmPauseMonitor.java:run(141)) - Detected pause in JVM or host machine (eg GC): pause of approximately 1ms
No GCs detected
17:12:16.228 [grpc-default-executor-2] ERROR DNAudit - user=null | ip=null | op=WRITE_CHUNK {blockData=conID: 1 locID: 105277733290311683 bcsId: 14} | ret=FAILURE
org.apache.hadoop.hdds.scm.container.common.helpers.ContainerNotOpenException: Container 1 in CLOSED state
	at org.apache.hadoop.ozone.container.common.impl.HddsDispatcher.validateContainerCommand(HddsDispatcher.java:484) ~[hadoop-hdds-container-service-1.1.0-SNAPSHOT.jar:?]
	at org.apache.hadoop.ozone.container.common.transport.server.ratis.ContainerStateMachine.startTransaction(ContainerStateMachine.java:319) ~[hadoop-hdds-container-service-1.1.0-SNAPSHOT.jar:?]
	at org.apache.ratis.server.impl.RaftServerImpl.submitClientRequestAsync(RaftServerImpl.java:723) ~[ratis-server-1.1.0-913f5a4-SNAPSHOT.jar:1.1.0-913f5a4-SNAPSHOT]
	at org.apache.ratis.server.impl.RaftServerProxy.lambda$submitClientRequestAsync$7(RaftServerProxy.java:364) ~[ratis-server-1.1.0-913f5a4-SNAPSHOT.jar:1.1.0-913f5a4-SNAPSHOT]
	at org.apache.ratis.server.impl.RaftServerProxy.lambda$null$5(RaftServerProxy.java:359) ~[ratis-server-1.1.0-913f5a4-SNAPSHOT.jar:1.1.0-913f5a4-SNAPSHOT]
	at org.apache.ratis.util.JavaUtils.callAsUnchecked(JavaUtils.java:116) ~[ratis-common-1.1.0-913f5a4-SNAPSHOT.jar:1.1.0-913f5a4-SNAPSHOT]
	at org.apache.ratis.server.impl.RaftServerProxy.lambda$submitRequest$6(RaftServerProxy.java:359) ~[ratis-server-1.1.0-913f5a4-SNAPSHOT.jar:1.1.0-913f5a4-SNAPSHOT]
	at java.util.concurrent.CompletableFuture.uniComposeStage(CompletableFuture.java:995) ~[?:1.8.0_232]
	at java.util.concurrent.CompletableFuture.thenCompose(CompletableFuture.java:2137) ~[?:1.8.0_232]
	at org.apache.ratis.server.impl.RaftServerProxy.submitRequest(RaftServerProxy.java:358) ~[ratis-server-1.1.0-913f5a4-SNAPSHOT.jar:1.1.0-913f5a4-SNAPSHOT]
	at org.apache.ratis.server.impl.RaftServerProxy.submitClientRequestAsync(RaftServerProxy.java:364) ~[ratis-server-1.1.0-913f5a4-SNAPSHOT.jar:1.1.0-913f5a4-SNAPSHOT]
	at org.apache.ratis.grpc.client.GrpcClientProtocolService$RequestStreamObserver.processClientRequest(GrpcClientProtocolService.java:231) ~[ratis-grpc-1.1.0-913f5a4-SNAPSHOT.jar:1.1.0-913f5a4-SNAPSHOT]
	at org.apache.ratis.grpc.client.GrpcClientProtocolService$OrderedRequestStreamObserver.processClientRequest(GrpcClientProtocolService.java:337) ~[ratis-grpc-1.1.0-913f5a4-SNAPSHOT.jar:1.1.0-913f5a4-SNAPSHOT]
	at org.apache.ratis.util.SlidingWindow$Server.processRequestsFromHead(SlidingWindow.java:429) [ratis-common-1.1.0-913f5a4-SNAPSHOT.jar:1.1.0-913f5a4-SNAPSHOT]
	at org.apache.ratis.util.SlidingWindow$Server.receivedRequest(SlidingWindow.java:421) [ratis-common-1.1.0-913f5a4-SNAPSHOT.jar:1.1.0-913f5a4-SNAPSHOT]
	at org.apache.ratis.grpc.client.GrpcClientProtocolService$OrderedRequestStreamObserver.processClientRequest(GrpcClientProtocolService.java:361) [ratis-grpc-1.1.0-913f5a4-SNAPSHOT.jar:1.1.0-913f5a4-SNAPSHOT]
	at org.apache.ratis.grpc.client.GrpcClientProtocolService$RequestStreamObserver.onNext(GrpcClientProtocolService.java:251) [ratis-grpc-1.1.0-913f5a4-SNAPSHOT.jar:1.1.0-913f5a4-SNAPSHOT]
	at org.apache.ratis.grpc.client.GrpcClientProtocolService$RequestStreamObserver.onNext(GrpcClientProtocolService.java:174) [ratis-grpc-1.1.0-913f5a4-SNAPSHOT.jar:1.1.0-913f5a4-SNAPSHOT]
	at org.apache.ratis.thirdparty.io.grpc.stub.ServerCalls$StreamingServerCallHandler$StreamingServerCallListener.onMessage(ServerCalls.java:251) [ratis-thirdparty-misc-0.6.0-SNAPSHOT.jar:0.6.0-SNAPSHOT]
	at org.apache.ratis.thirdparty.io.grpc.ForwardingServerCallListener.onMessage(ForwardingServerCallListener.java:33) [ratis-thirdparty-misc-0.6.0-SNAPSHOT.jar:0.6.0-SNAPSHOT]
	at org.apache.ratis.thirdparty.io.grpc.internal.ServerCallImpl$ServerStreamListenerImpl.messagesAvailableInternal(ServerCallImpl.java:309) [ratis-thirdparty-misc-0.6.0-SNAPSHOT.jar:0.6.0-SNAPSHOT]
	at org.apache.ratis.thirdparty.io.grpc.internal.ServerCallImpl$ServerStreamListenerImpl.messagesAvailable(ServerCallImpl.java:292) [ratis-thirdparty-misc-0.6.0-SNAPSHOT.jar:0.6.0-SNAPSHOT]
	at org.apache.ratis.thirdparty.io.grpc.internal.ServerImpl$JumpToApplicationThreadServerStreamListener$1MessagesAvailable.runInContext(ServerImpl.java:783) [ratis-thirdparty-misc-0.6.0-SNAPSHOT.jar:0.6.0-SNAPSHOT]
	at org.apache.ratis.thirdparty.io.grpc.internal.ContextRunnable.run(ContextRunnable.java:37) [ratis-thirdparty-misc-0.6.0-SNAPSHOT.jar:0.6.0-SNAPSHOT]
	at org.apache.ratis.thirdparty.io.grpc.internal.SerializingExecutor.run(SerializingExecutor.java:123) [ratis-thirdparty-misc-0.6.0-SNAPSHOT.jar:0.6.0-SNAPSHOT]
	at java.util.concurrent.ThreadPoolExecutor.runWorker(ThreadPoolExecutor.java:1149) [?:1.8.0_232]
	at java.util.concurrent.ThreadPoolExecutor$Worker.run(ThreadPoolExecutor.java:624) [?:1.8.0_232]
	at java.lang.Thread.run(Thread.java:748) [?:1.8.0_232]
17:12:16.260 [grpc-default-executor-2] ERROR DNAudit - user=null | ip=null | op=WRITE_CHUNK {blockData=conID: 1 locID: 105277733290311683 bcsId: 14} | ret=FAILURE
org.apache.hadoop.hdds.scm.container.common.helpers.ContainerNotOpenException: Container 1 in CLOSED state
	at org.apache.hadoop.ozone.container.common.impl.HddsDispatcher.validateContainerCommand(HddsDispatcher.java:484) ~[hadoop-hdds-container-service-1.1.0-SNAPSHOT.jar:?]
	at org.apache.hadoop.ozone.container.common.transport.server.ratis.ContainerStateMachine.startTransaction(ContainerStateMachine.java:319) ~[hadoop-hdds-container-service-1.1.0-SNAPSHOT.jar:?]
	at org.apache.ratis.server.impl.RaftServerImpl.submitClientRequestAsync(RaftServerImpl.java:723) ~[ratis-server-1.1.0-913f5a4-SNAPSHOT.jar:1.1.0-913f5a4-SNAPSHOT]
	at org.apache.ratis.server.impl.RaftServerProxy.lambda$submitClientRequestAsync$7(RaftServerProxy.java:364) ~[ratis-server-1.1.0-913f5a4-SNAPSHOT.jar:1.1.0-913f5a4-SNAPSHOT]
	at org.apache.ratis.server.impl.RaftServerProxy.lambda$null$5(RaftServerProxy.java:359) ~[ratis-server-1.1.0-913f5a4-SNAPSHOT.jar:1.1.0-913f5a4-SNAPSHOT]
	at org.apache.ratis.util.JavaUtils.callAsUnchecked(JavaUtils.java:116) ~[ratis-common-1.1.0-913f5a4-SNAPSHOT.jar:1.1.0-913f5a4-SNAPSHOT]
	at org.apache.ratis.server.impl.RaftServerProxy.lambda$submitRequest$6(RaftServerProxy.java:359) ~[ratis-server-1.1.0-913f5a4-SNAPSHOT.jar:1.1.0-913f5a4-SNAPSHOT]
	at java.util.concurrent.CompletableFuture.uniComposeStage(CompletableFuture.java:995) ~[?:1.8.0_232]
	at java.util.concurrent.CompletableFuture.thenCompose(CompletableFuture.java:2137) ~[?:1.8.0_232]
	at org.apache.ratis.server.impl.RaftServerProxy.submitRequest(RaftServerProxy.java:358) ~[ratis-server-1.1.0-913f5a4-SNAPSHOT.jar:1.1.0-913f5a4-SNAPSHOT]
	at org.apache.ratis.server.impl.RaftServerProxy.submitClientRequestAsync(RaftServerProxy.java:364) ~[ratis-server-1.1.0-913f5a4-SNAPSHOT.jar:1.1.0-913f5a4-SNAPSHOT]
	at org.apache.ratis.grpc.client.GrpcClientProtocolService$RequestStreamObserver.processClientRequest(GrpcClientProtocolService.java:231) ~[ratis-grpc-1.1.0-913f5a4-SNAPSHOT.jar:1.1.0-913f5a4-SNAPSHOT]
	at org.apache.ratis.grpc.client.GrpcClientProtocolService$OrderedRequestStreamObserver.processClientRequest(GrpcClientProtocolService.java:337) ~[ratis-grpc-1.1.0-913f5a4-SNAPSHOT.jar:1.1.0-913f5a4-SNAPSHOT]
	at org.apache.ratis.util.SlidingWindow$Server.processRequestsFromHead(SlidingWindow.java:429) [ratis-common-1.1.0-913f5a4-SNAPSHOT.jar:1.1.0-913f5a4-SNAPSHOT]
	at org.apache.ratis.util.SlidingWindow$Server.receivedRequest(SlidingWindow.java:421) [ratis-common-1.1.0-913f5a4-SNAPSHOT.jar:1.1.0-913f5a4-SNAPSHOT]
	at org.apache.ratis.grpc.client.GrpcClientProtocolService$OrderedRequestStreamObserver.processClientRequest(GrpcClientProtocolService.java:361) [ratis-grpc-1.1.0-913f5a4-SNAPSHOT.jar:1.1.0-913f5a4-SNAPSHOT]
	at org.apache.ratis.grpc.client.GrpcClientProtocolService$RequestStreamObserver.onNext(GrpcClientProtocolService.java:251) [ratis-grpc-1.1.0-913f5a4-SNAPSHOT.jar:1.1.0-913f5a4-SNAPSHOT]
	at org.apache.ratis.grpc.client.GrpcClientProtocolService$RequestStreamObserver.onNext(GrpcClientProtocolService.java:174) [ratis-grpc-1.1.0-913f5a4-SNAPSHOT.jar:1.1.0-913f5a4-SNAPSHOT]
	at org.apache.ratis.thirdparty.io.grpc.stub.ServerCalls$StreamingServerCallHandler$StreamingServerCallListener.onMessage(ServerCalls.java:251) [ratis-thirdparty-misc-0.6.0-SNAPSHOT.jar:0.6.0-SNAPSHOT]
	at org.apache.ratis.thirdparty.io.grpc.ForwardingServerCallListener.onMessage(ForwardingServerCallListener.java:33) [ratis-thirdparty-misc-0.6.0-SNAPSHOT.jar:0.6.0-SNAPSHOT]
	at org.apache.ratis.thirdparty.io.grpc.internal.ServerCallImpl$ServerStreamListenerImpl.messagesAvailableInternal(ServerCallImpl.java:309) [ratis-thirdparty-misc-0.6.0-SNAPSHOT.jar:0.6.0-SNAPSHOT]
	at org.apache.ratis.thirdparty.io.grpc.internal.ServerCallImpl$ServerStreamListenerImpl.messagesAvailable(ServerCallImpl.java:292) [ratis-thirdparty-misc-0.6.0-SNAPSHOT.jar:0.6.0-SNAPSHOT]
	at org.apache.ratis.thirdparty.io.grpc.internal.ServerImpl$JumpToApplicationThreadServerStreamListener$1MessagesAvailable.runInContext(ServerImpl.java:783) [ratis-thirdparty-misc-0.6.0-SNAPSHOT.jar:0.6.0-SNAPSHOT]
	at org.apache.ratis.thirdparty.io.grpc.internal.ContextRunnable.run(ContextRunnable.java:37) [ratis-thirdparty-misc-0.6.0-SNAPSHOT.jar:0.6.0-SNAPSHOT]
	at org.apache.ratis.thirdparty.io.grpc.internal.SerializingExecutor.run(SerializingExecutor.java:123) [ratis-thirdparty-misc-0.6.0-SNAPSHOT.jar:0.6.0-SNAPSHOT]
	at java.util.concurrent.ThreadPoolExecutor.runWorker(ThreadPoolExecutor.java:1149) [?:1.8.0_232]
	at java.util.concurrent.ThreadPoolExecutor$Worker.run(ThreadPoolExecutor.java:624) [?:1.8.0_232]
	at java.lang.Thread.run(Thread.java:748) [?:1.8.0_232]
2020-11-26 17:12:16,261 [grpc-default-executor-1] ERROR storage.BlockOutputStream (BlockOutputStream.java:lambda$writeChunkToContainer$3(677)) - writing chunk failed 105277733290311683_chunk_5 blockID conID: 1 locID: 105277733290311683 bcsId: 14 with exception org.apache.ratis.protocol.exceptions.StateMachineException: org.apache.hadoop.hdds.scm.container.common.helpers.ContainerNotOpenException from Server 2ae88acd-293c-44f1-bb58-9baaea38510e@group-947E8FCC7C40: Container 1 in CLOSED state
17:12:16.262 [grpc-default-executor-2] ERROR DNAudit - user=null | ip=null | op=PUT_BLOCK {blockData=[blockId=conID: 1 locID: 105277733290311683 bcsId: 0,size=600]} | ret=FAILURE
org.apache.hadoop.hdds.scm.container.common.helpers.ContainerNotOpenException: Container 1 in CLOSED state
	at org.apache.hadoop.ozone.container.common.impl.HddsDispatcher.validateContainerCommand(HddsDispatcher.java:484) ~[hadoop-hdds-container-service-1.1.0-SNAPSHOT.jar:?]
	at org.apache.hadoop.ozone.container.common.transport.server.ratis.ContainerStateMachine.startTransaction(ContainerStateMachine.java:319) ~[hadoop-hdds-container-service-1.1.0-SNAPSHOT.jar:?]
	at org.apache.ratis.server.impl.RaftServerImpl.submitClientRequestAsync(RaftServerImpl.java:723) ~[ratis-server-1.1.0-913f5a4-SNAPSHOT.jar:1.1.0-913f5a4-SNAPSHOT]
	at org.apache.ratis.server.impl.RaftServerProxy.lambda$submitClientRequestAsync$7(RaftServerProxy.java:364) ~[ratis-server-1.1.0-913f5a4-SNAPSHOT.jar:1.1.0-913f5a4-SNAPSHOT]
	at org.apache.ratis.server.impl.RaftServerProxy.lambda$null$5(RaftServerProxy.java:359) ~[ratis-server-1.1.0-913f5a4-SNAPSHOT.jar:1.1.0-913f5a4-SNAPSHOT]
	at org.apache.ratis.util.JavaUtils.callAsUnchecked(JavaUtils.java:116) ~[ratis-common-1.1.0-913f5a4-SNAPSHOT.jar:1.1.0-913f5a4-SNAPSHOT]
	at org.apache.ratis.server.impl.RaftServerProxy.lambda$submitRequest$6(RaftServerProxy.java:359) ~[ratis-server-1.1.0-913f5a4-SNAPSHOT.jar:1.1.0-913f5a4-SNAPSHOT]
	at java.util.concurrent.CompletableFuture.uniComposeStage(CompletableFuture.java:995) ~[?:1.8.0_232]
	at java.util.concurrent.CompletableFuture.thenCompose(CompletableFuture.java:2137) ~[?:1.8.0_232]
	at org.apache.ratis.server.impl.RaftServerProxy.submitRequest(RaftServerProxy.java:358) ~[ratis-server-1.1.0-913f5a4-SNAPSHOT.jar:1.1.0-913f5a4-SNAPSHOT]
	at org.apache.ratis.server.impl.RaftServerProxy.submitClientRequestAsync(RaftServerProxy.java:364) ~[ratis-server-1.1.0-913f5a4-SNAPSHOT.jar:1.1.0-913f5a4-SNAPSHOT]
	at org.apache.ratis.grpc.client.GrpcClientProtocolService$RequestStreamObserver.processClientRequest(GrpcClientProtocolService.java:231) ~[ratis-grpc-1.1.0-913f5a4-SNAPSHOT.jar:1.1.0-913f5a4-SNAPSHOT]
	at org.apache.ratis.grpc.client.GrpcClientProtocolService$OrderedRequestStreamObserver.processClientRequest(GrpcClientProtocolService.java:337) ~[ratis-grpc-1.1.0-913f5a4-SNAPSHOT.jar:1.1.0-913f5a4-SNAPSHOT]
	at org.apache.ratis.util.SlidingWindow$Server.processRequestsFromHead(SlidingWindow.java:429) [ratis-common-1.1.0-913f5a4-SNAPSHOT.jar:1.1.0-913f5a4-SNAPSHOT]
	at org.apache.ratis.util.SlidingWindow$Server.receivedRequest(SlidingWindow.java:421) [ratis-common-1.1.0-913f5a4-SNAPSHOT.jar:1.1.0-913f5a4-SNAPSHOT]
	at org.apache.ratis.grpc.client.GrpcClientProtocolService$OrderedRequestStreamObserver.processClientRequest(GrpcClientProtocolService.java:361) [ratis-grpc-1.1.0-913f5a4-SNAPSHOT.jar:1.1.0-913f5a4-SNAPSHOT]
	at org.apache.ratis.grpc.client.GrpcClientProtocolService$RequestStreamObserver.onNext(GrpcClientProtocolService.java:251) [ratis-grpc-1.1.0-913f5a4-SNAPSHOT.jar:1.1.0-913f5a4-SNAPSHOT]
	at org.apache.ratis.grpc.client.GrpcClientProtocolService$RequestStreamObserver.onNext(GrpcClientProtocolService.java:174) [ratis-grpc-1.1.0-913f5a4-SNAPSHOT.jar:1.1.0-913f5a4-SNAPSHOT]
	at org.apache.ratis.thirdparty.io.grpc.stub.ServerCalls$StreamingServerCallHandler$StreamingServerCallListener.onMessage(ServerCalls.java:251) [ratis-thirdparty-misc-0.6.0-SNAPSHOT.jar:0.6.0-SNAPSHOT]
	at org.apache.ratis.thirdparty.io.grpc.ForwardingServerCallListener.onMessage(ForwardingServerCallListener.java:33) [ratis-thirdparty-misc-0.6.0-SNAPSHOT.jar:0.6.0-SNAPSHOT]
	at org.apache.ratis.thirdparty.io.grpc.internal.ServerCallImpl$ServerStreamListenerImpl.messagesAvailableInternal(ServerCallImpl.java:309) [ratis-thirdparty-misc-0.6.0-SNAPSHOT.jar:0.6.0-SNAPSHOT]
	at org.apache.ratis.thirdparty.io.grpc.internal.ServerCallImpl$ServerStreamListenerImpl.messagesAvailable(ServerCallImpl.java:292) [ratis-thirdparty-misc-0.6.0-SNAPSHOT.jar:0.6.0-SNAPSHOT]
	at org.apache.ratis.thirdparty.io.grpc.internal.ServerImpl$JumpToApplicationThreadServerStreamListener$1MessagesAvailable.runInContext(ServerImpl.java:783) [ratis-thirdparty-misc-0.6.0-SNAPSHOT.jar:0.6.0-SNAPSHOT]
	at org.apache.ratis.thirdparty.io.grpc.internal.ContextRunnable.run(ContextRunnable.java:37) [ratis-thirdparty-misc-0.6.0-SNAPSHOT.jar:0.6.0-SNAPSHOT]
	at org.apache.ratis.thirdparty.io.grpc.internal.SerializingExecutor.run(SerializingExecutor.java:123) [ratis-thirdparty-misc-0.6.0-SNAPSHOT.jar:0.6.0-SNAPSHOT]
	at java.util.concurrent.ThreadPoolExecutor.runWorker(ThreadPoolExecutor.java:1149) [?:1.8.0_232]
	at java.util.concurrent.ThreadPoolExecutor$Worker.run(ThreadPoolExecutor.java:624) [?:1.8.0_232]
	at java.lang.Thread.run(Thread.java:748) [?:1.8.0_232]
17:12:16.263 [grpc-default-executor-2] ERROR DNAudit - user=null | ip=null | op=WRITE_CHUNK {blockData=conID: 1 locID: 105277733290311683 bcsId: 14} | ret=FAILURE
org.apache.hadoop.hdds.scm.container.common.helpers.ContainerNotOpenException: Container 1 in CLOSED state
	at org.apache.hadoop.ozone.container.common.impl.HddsDispatcher.validateContainerCommand(HddsDispatcher.java:484) ~[hadoop-hdds-container-service-1.1.0-SNAPSHOT.jar:?]
	at org.apache.hadoop.ozone.container.common.transport.server.ratis.ContainerStateMachine.startTransaction(ContainerStateMachine.java:319) ~[hadoop-hdds-container-service-1.1.0-SNAPSHOT.jar:?]
	at org.apache.ratis.server.impl.RaftServerImpl.submitClientRequestAsync(RaftServerImpl.java:723) ~[ratis-server-1.1.0-913f5a4-SNAPSHOT.jar:1.1.0-913f5a4-SNAPSHOT]
	at org.apache.ratis.server.impl.RaftServerProxy.lambda$submitClientRequestAsync$7(RaftServerProxy.java:364) ~[ratis-server-1.1.0-913f5a4-SNAPSHOT.jar:1.1.0-913f5a4-SNAPSHOT]
	at org.apache.ratis.server.impl.RaftServerProxy.lambda$null$5(RaftServerProxy.java:359) ~[ratis-server-1.1.0-913f5a4-SNAPSHOT.jar:1.1.0-913f5a4-SNAPSHOT]
	at org.apache.ratis.util.JavaUtils.callAsUnchecked(JavaUtils.java:116) ~[ratis-common-1.1.0-913f5a4-SNAPSHOT.jar:1.1.0-913f5a4-SNAPSHOT]
	at org.apache.ratis.server.impl.RaftServerProxy.lambda$submitRequest$6(RaftServerProxy.java:359) ~[ratis-server-1.1.0-913f5a4-SNAPSHOT.jar:1.1.0-913f5a4-SNAPSHOT]
	at java.util.concurrent.CompletableFuture.uniComposeStage(CompletableFuture.java:995) ~[?:1.8.0_232]
	at java.util.concurrent.CompletableFuture.thenCompose(CompletableFuture.java:2137) ~[?:1.8.0_232]
	at org.apache.ratis.server.impl.RaftServerProxy.submitRequest(RaftServerProxy.java:358) ~[ratis-server-1.1.0-913f5a4-SNAPSHOT.jar:1.1.0-913f5a4-SNAPSHOT]
	at org.apache.ratis.server.impl.RaftServerProxy.submitClientRequestAsync(RaftServerProxy.java:364) ~[ratis-server-1.1.0-913f5a4-SNAPSHOT.jar:1.1.0-913f5a4-SNAPSHOT]
	at org.apache.ratis.grpc.client.GrpcClientProtocolService$RequestStreamObserver.processClientRequest(GrpcClientProtocolService.java:231) ~[ratis-grpc-1.1.0-913f5a4-SNAPSHOT.jar:1.1.0-913f5a4-SNAPSHOT]
	at org.apache.ratis.grpc.client.GrpcClientProtocolService$OrderedRequestStreamObserver.processClientRequest(GrpcClientProtocolService.java:337) ~[ratis-grpc-1.1.0-913f5a4-SNAPSHOT.jar:1.1.0-913f5a4-SNAPSHOT]
	at org.apache.ratis.util.SlidingWindow$Server.processRequestsFromHead(SlidingWindow.java:429) [ratis-common-1.1.0-913f5a4-SNAPSHOT.jar:1.1.0-913f5a4-SNAPSHOT]
	at org.apache.ratis.util.SlidingWindow$Server.receivedRequest(SlidingWindow.java:421) [ratis-common-1.1.0-913f5a4-SNAPSHOT.jar:1.1.0-913f5a4-SNAPSHOT]
	at org.apache.ratis.grpc.client.GrpcClientProtocolService$OrderedRequestStreamObserver.processClientRequest(GrpcClientProtocolService.java:361) [ratis-grpc-1.1.0-913f5a4-SNAPSHOT.jar:1.1.0-913f5a4-SNAPSHOT]
	at org.apache.ratis.grpc.client.GrpcClientProtocolService$RequestStreamObserver.onNext(GrpcClientProtocolService.java:251) [ratis-grpc-1.1.0-913f5a4-SNAPSHOT.jar:1.1.0-913f5a4-SNAPSHOT]
	at org.apache.ratis.grpc.client.GrpcClientProtocolService$RequestStreamObserver.onNext(GrpcClientProtocolService.java:174) [ratis-grpc-1.1.0-913f5a4-SNAPSHOT.jar:1.1.0-913f5a4-SNAPSHOT]
	at org.apache.ratis.thirdparty.io.grpc.stub.ServerCalls$StreamingServerCallHandler$StreamingServerCallListener.onMessage(ServerCalls.java:251) [ratis-thirdparty-misc-0.6.0-SNAPSHOT.jar:0.6.0-SNAPSHOT]
	at org.apache.ratis.thirdparty.io.grpc.ForwardingServerCallListener.onMessage(ForwardingServerCallListener.java:33) [ratis-thirdparty-misc-0.6.0-SNAPSHOT.jar:0.6.0-SNAPSHOT]
	at org.apache.ratis.thirdparty.io.grpc.internal.ServerCallImpl$ServerStreamListenerImpl.messagesAvailableInternal(ServerCallImpl.java:309) [ratis-thirdparty-misc-0.6.0-SNAPSHOT.jar:0.6.0-SNAPSHOT]
	at org.apache.ratis.thirdparty.io.grpc.internal.ServerCallImpl$ServerStreamListenerImpl.messagesAvailable(ServerCallImpl.java:292) [ratis-thirdparty-misc-0.6.0-SNAPSHOT.jar:0.6.0-SNAPSHOT]
	at org.apache.ratis.thirdparty.io.grpc.internal.ServerImpl$JumpToApplicationThreadServerStreamListener$1MessagesAvailable.runInContext(ServerImpl.java:783) [ratis-thirdparty-misc-0.6.0-SNAPSHOT.jar:0.6.0-SNAPSHOT]
	at org.apache.ratis.thirdparty.io.grpc.internal.ContextRunnable.run(ContextRunnable.java:37) [ratis-thirdparty-misc-0.6.0-SNAPSHOT.jar:0.6.0-SNAPSHOT]
	at org.apache.ratis.thirdparty.io.grpc.internal.SerializingExecutor.run(SerializingExecutor.java:123) [ratis-thirdparty-misc-0.6.0-SNAPSHOT.jar:0.6.0-SNAPSHOT]
	at java.util.concurrent.ThreadPoolExecutor.runWorker(ThreadPoolExecutor.java:1149) [?:1.8.0_232]
	at java.util.concurrent.ThreadPoolExecutor$Worker.run(ThreadPoolExecutor.java:624) [?:1.8.0_232]
	at java.lang.Thread.run(Thread.java:748) [?:1.8.0_232]
17:12:16.264 [grpc-default-executor-2] ERROR DNAudit - user=null | ip=null | op=WRITE_CHUNK {blockData=conID: 1 locID: 105277733290311683 bcsId: 14} | ret=FAILURE
org.apache.hadoop.hdds.scm.container.common.helpers.ContainerNotOpenException: Container 1 in CLOSED state
	at org.apache.hadoop.ozone.container.common.impl.HddsDispatcher.validateContainerCommand(HddsDispatcher.java:484) ~[hadoop-hdds-container-service-1.1.0-SNAPSHOT.jar:?]
	at org.apache.hadoop.ozone.container.common.transport.server.ratis.ContainerStateMachine.startTransaction(ContainerStateMachine.java:319) ~[hadoop-hdds-container-service-1.1.0-SNAPSHOT.jar:?]
	at org.apache.ratis.server.impl.RaftServerImpl.submitClientRequestAsync(RaftServerImpl.java:723) ~[ratis-server-1.1.0-913f5a4-SNAPSHOT.jar:1.1.0-913f5a4-SNAPSHOT]
	at org.apache.ratis.server.impl.RaftServerProxy.lambda$submitClientRequestAsync$7(RaftServerProxy.java:364) ~[ratis-server-1.1.0-913f5a4-SNAPSHOT.jar:1.1.0-913f5a4-SNAPSHOT]
	at org.apache.ratis.server.impl.RaftServerProxy.lambda$null$5(RaftServerProxy.java:359) ~[ratis-server-1.1.0-913f5a4-SNAPSHOT.jar:1.1.0-913f5a4-SNAPSHOT]
	at org.apache.ratis.util.JavaUtils.callAsUnchecked(JavaUtils.java:116) ~[ratis-common-1.1.0-913f5a4-SNAPSHOT.jar:1.1.0-913f5a4-SNAPSHOT]
	at org.apache.ratis.server.impl.RaftServerProxy.lambda$submitRequest$6(RaftServerProxy.java:359) ~[ratis-server-1.1.0-913f5a4-SNAPSHOT.jar:1.1.0-913f5a4-SNAPSHOT]
	at java.util.concurrent.CompletableFuture.uniComposeStage(CompletableFuture.java:995) ~[?:1.8.0_232]
	at java.util.concurrent.CompletableFuture.thenCompose(CompletableFuture.java:2137) ~[?:1.8.0_232]
	at org.apache.ratis.server.impl.RaftServerProxy.submitRequest(RaftServerProxy.java:358) ~[ratis-server-1.1.0-913f5a4-SNAPSHOT.jar:1.1.0-913f5a4-SNAPSHOT]
	at org.apache.ratis.server.impl.RaftServerProxy.submitClientRequestAsync(RaftServerProxy.java:364) ~[ratis-server-1.1.0-913f5a4-SNAPSHOT.jar:1.1.0-913f5a4-SNAPSHOT]
	at org.apache.ratis.grpc.client.GrpcClientProtocolService$RequestStreamObserver.processClientRequest(GrpcClientProtocolService.java:231) ~[ratis-grpc-1.1.0-913f5a4-SNAPSHOT.jar:1.1.0-913f5a4-SNAPSHOT]
	at org.apache.ratis.grpc.client.GrpcClientProtocolService$OrderedRequestStreamObserver.processClientRequest(GrpcClientProtocolService.java:337) ~[ratis-grpc-1.1.0-913f5a4-SNAPSHOT.jar:1.1.0-913f5a4-SNAPSHOT]
	at org.apache.ratis.util.SlidingWindow$Server.processRequestsFromHead(SlidingWindow.java:429) [ratis-common-1.1.0-913f5a4-SNAPSHOT.jar:1.1.0-913f5a4-SNAPSHOT]
	at org.apache.ratis.util.SlidingWindow$Server.receivedRequest(SlidingWindow.java:421) [ratis-common-1.1.0-913f5a4-SNAPSHOT.jar:1.1.0-913f5a4-SNAPSHOT]
	at org.apache.ratis.grpc.client.GrpcClientProtocolService$OrderedRequestStreamObserver.processClientRequest(GrpcClientProtocolService.java:361) [ratis-grpc-1.1.0-913f5a4-SNAPSHOT.jar:1.1.0-913f5a4-SNAPSHOT]
	at org.apache.ratis.grpc.client.GrpcClientProtocolService$RequestStreamObserver.onNext(GrpcClientProtocolService.java:251) [ratis-grpc-1.1.0-913f5a4-SNAPSHOT.jar:1.1.0-913f5a4-SNAPSHOT]
	at org.apache.ratis.grpc.client.GrpcClientProtocolService$RequestStreamObserver.onNext(GrpcClientProtocolService.java:174) [ratis-grpc-1.1.0-913f5a4-SNAPSHOT.jar:1.1.0-913f5a4-SNAPSHOT]
	at org.apache.ratis.thirdparty.io.grpc.stub.ServerCalls$StreamingServerCallHandler$StreamingServerCallListener.onMessage(ServerCalls.java:251) [ratis-thirdparty-misc-0.6.0-SNAPSHOT.jar:0.6.0-SNAPSHOT]
	at org.apache.ratis.thirdparty.io.grpc.ForwardingServerCallListener.onMessage(ForwardingServerCallListener.java:33) [ratis-thirdparty-misc-0.6.0-SNAPSHOT.jar:0.6.0-SNAPSHOT]
	at org.apache.ratis.thirdparty.io.grpc.internal.ServerCallImpl$ServerStreamListenerImpl.messagesAvailableInternal(ServerCallImpl.java:309) [ratis-thirdparty-misc-0.6.0-SNAPSHOT.jar:0.6.0-SNAPSHOT]
	at org.apache.ratis.thirdparty.io.grpc.internal.ServerCallImpl$ServerStreamListenerImpl.messagesAvailable(ServerCallImpl.java:292) [ratis-thirdparty-misc-0.6.0-SNAPSHOT.jar:0.6.0-SNAPSHOT]
	at org.apache.ratis.thirdparty.io.grpc.internal.ServerImpl$JumpToApplicationThreadServerStreamListener$1MessagesAvailable.runInContext(ServerImpl.java:783) [ratis-thirdparty-misc-0.6.0-SNAPSHOT.jar:0.6.0-SNAPSHOT]
	at org.apache.ratis.thirdparty.io.grpc.internal.ContextRunnable.run(ContextRunnable.java:37) [ratis-thirdparty-misc-0.6.0-SNAPSHOT.jar:0.6.0-SNAPSHOT]
	at org.apache.ratis.thirdparty.io.grpc.internal.SerializingExecutor.run(SerializingExecutor.java:123) [ratis-thirdparty-misc-0.6.0-SNAPSHOT.jar:0.6.0-SNAPSHOT]
	at java.util.concurrent.ThreadPoolExecutor.runWorker(ThreadPoolExecutor.java:1149) [?:1.8.0_232]
	at java.util.concurrent.ThreadPoolExecutor$Worker.run(ThreadPoolExecutor.java:624) [?:1.8.0_232]
	at java.lang.Thread.run(Thread.java:748) [?:1.8.0_232]
2020-11-26 17:12:16,270 [grpc-default-executor-1] ERROR storage.BlockOutputStream (BlockOutputStream.java:lambda$writeChunkToContainer$3(677)) - writing chunk failed 105277733290311683_chunk_6 blockID conID: 1 locID: 105277733290311683 bcsId: 14 with exception org.apache.ratis.protocol.exceptions.StateMachineException: org.apache.hadoop.hdds.scm.container.common.helpers.ContainerNotOpenException from Server 2ae88acd-293c-44f1-bb58-9baaea38510e@group-947E8FCC7C40: Container 1 in CLOSED state
17:12:16.274 [grpc-default-executor-2] ERROR DNAudit - user=null | ip=null | op=PUT_BLOCK {blockData=[blockId=conID: 1 locID: 105277733290311683 bcsId: 0,size=800]} | ret=FAILURE
org.apache.hadoop.hdds.scm.container.common.helpers.ContainerNotOpenException: Container 1 in CLOSED state
	at org.apache.hadoop.ozone.container.common.impl.HddsDispatcher.validateContainerCommand(HddsDispatcher.java:484) ~[hadoop-hdds-container-service-1.1.0-SNAPSHOT.jar:?]
	at org.apache.hadoop.ozone.container.common.transport.server.ratis.ContainerStateMachine.startTransaction(ContainerStateMachine.java:319) ~[hadoop-hdds-container-service-1.1.0-SNAPSHOT.jar:?]
	at org.apache.ratis.server.impl.RaftServerImpl.submitClientRequestAsync(RaftServerImpl.java:723) ~[ratis-server-1.1.0-913f5a4-SNAPSHOT.jar:1.1.0-913f5a4-SNAPSHOT]
	at org.apache.ratis.server.impl.RaftServerProxy.lambda$submitClientRequestAsync$7(RaftServerProxy.java:364) ~[ratis-server-1.1.0-913f5a4-SNAPSHOT.jar:1.1.0-913f5a4-SNAPSHOT]
	at org.apache.ratis.server.impl.RaftServerProxy.lambda$null$5(RaftServerProxy.java:359) ~[ratis-server-1.1.0-913f5a4-SNAPSHOT.jar:1.1.0-913f5a4-SNAPSHOT]
	at org.apache.ratis.util.JavaUtils.callAsUnchecked(JavaUtils.java:116) ~[ratis-common-1.1.0-913f5a4-SNAPSHOT.jar:1.1.0-913f5a4-SNAPSHOT]
	at org.apache.ratis.server.impl.RaftServerProxy.lambda$submitRequest$6(RaftServerProxy.java:359) ~[ratis-server-1.1.0-913f5a4-SNAPSHOT.jar:1.1.0-913f5a4-SNAPSHOT]
	at java.util.concurrent.CompletableFuture.uniComposeStage(CompletableFuture.java:995) ~[?:1.8.0_232]
	at java.util.concurrent.CompletableFuture.thenCompose(CompletableFuture.java:2137) ~[?:1.8.0_232]
	at org.apache.ratis.server.impl.RaftServerProxy.submitRequest(RaftServerProxy.java:358) ~[ratis-server-1.1.0-913f5a4-SNAPSHOT.jar:1.1.0-913f5a4-SNAPSHOT]
	at org.apache.ratis.server.impl.RaftServerProxy.submitClientRequestAsync(RaftServerProxy.java:364) ~[ratis-server-1.1.0-913f5a4-SNAPSHOT.jar:1.1.0-913f5a4-SNAPSHOT]
	at org.apache.ratis.grpc.client.GrpcClientProtocolService$RequestStreamObserver.processClientRequest(GrpcClientProtocolService.java:231) ~[ratis-grpc-1.1.0-913f5a4-SNAPSHOT.jar:1.1.0-913f5a4-SNAPSHOT]
	at org.apache.ratis.grpc.client.GrpcClientProtocolService$OrderedRequestStreamObserver.processClientRequest(GrpcClientProtocolService.java:337) ~[ratis-grpc-1.1.0-913f5a4-SNAPSHOT.jar:1.1.0-913f5a4-SNAPSHOT]
	at org.apache.ratis.util.SlidingWindow$Server.processRequestsFromHead(SlidingWindow.java:429) [ratis-common-1.1.0-913f5a4-SNAPSHOT.jar:1.1.0-913f5a4-SNAPSHOT]
	at org.apache.ratis.util.SlidingWindow$Server.receivedRequest(SlidingWindow.java:421) [ratis-common-1.1.0-913f5a4-SNAPSHOT.jar:1.1.0-913f5a4-SNAPSHOT]
	at org.apache.ratis.grpc.client.GrpcClientProtocolService$OrderedRequestStreamObserver.processClientRequest(GrpcClientProtocolService.java:361) [ratis-grpc-1.1.0-913f5a4-SNAPSHOT.jar:1.1.0-913f5a4-SNAPSHOT]
	at org.apache.ratis.grpc.client.GrpcClientProtocolService$RequestStreamObserver.onNext(GrpcClientProtocolService.java:251) [ratis-grpc-1.1.0-913f5a4-SNAPSHOT.jar:1.1.0-913f5a4-SNAPSHOT]
	at org.apache.ratis.grpc.client.GrpcClientProtocolService$RequestStreamObserver.onNext(GrpcClientProtocolService.java:174) [ratis-grpc-1.1.0-913f5a4-SNAPSHOT.jar:1.1.0-913f5a4-SNAPSHOT]
	at org.apache.ratis.thirdparty.io.grpc.stub.ServerCalls$StreamingServerCallHandler$StreamingServerCallListener.onMessage(ServerCalls.java:251) [ratis-thirdparty-misc-0.6.0-SNAPSHOT.jar:0.6.0-SNAPSHOT]
	at org.apache.ratis.thirdparty.io.grpc.ForwardingServerCallListener.onMessage(ForwardingServerCallListener.java:33) [ratis-thirdparty-misc-0.6.0-SNAPSHOT.jar:0.6.0-SNAPSHOT]
	at org.apache.ratis.thirdparty.io.grpc.internal.ServerCallImpl$ServerStreamListenerImpl.messagesAvailableInternal(ServerCallImpl.java:309) [ratis-thirdparty-misc-0.6.0-SNAPSHOT.jar:0.6.0-SNAPSHOT]
	at org.apache.ratis.thirdparty.io.grpc.internal.ServerCallImpl$ServerStreamListenerImpl.messagesAvailable(ServerCallImpl.java:292) [ratis-thirdparty-misc-0.6.0-SNAPSHOT.jar:0.6.0-SNAPSHOT]
	at org.apache.ratis.thirdparty.io.grpc.internal.ServerImpl$JumpToApplicationThreadServerStreamListener$1MessagesAvailable.runInContext(ServerImpl.java:783) [ratis-thirdparty-misc-0.6.0-SNAPSHOT.jar:0.6.0-SNAPSHOT]
	at org.apache.ratis.thirdparty.io.grpc.internal.ContextRunnable.run(ContextRunnable.java:37) [ratis-thirdparty-misc-0.6.0-SNAPSHOT.jar:0.6.0-SNAPSHOT]
	at org.apache.ratis.thirdparty.io.grpc.internal.SerializingExecutor.run(SerializingExecutor.java:123) [ratis-thirdparty-misc-0.6.0-SNAPSHOT.jar:0.6.0-SNAPSHOT]
	at java.util.concurrent.ThreadPoolExecutor.runWorker(ThreadPoolExecutor.java:1149) [?:1.8.0_232]
	at java.util.concurrent.ThreadPoolExecutor$Worker.run(ThreadPoolExecutor.java:624) [?:1.8.0_232]
	at java.lang.Thread.run(Thread.java:748) [?:1.8.0_232]
2020-11-26 17:12:16,288 [grpc-default-executor-2] ERROR storage.BlockOutputStream (BlockOutputStream.java:lambda$writeChunkToContainer$3(677)) - writing chunk failed 105277733290311683_chunk_7 blockID conID: 1 locID: 105277733290311683 bcsId: 14 with exception org.apache.ratis.protocol.exceptions.StateMachineException: org.apache.hadoop.hdds.scm.container.common.helpers.ContainerNotOpenException from Server 2ae88acd-293c-44f1-bb58-9baaea38510e@group-947E8FCC7C40: Container 1 in CLOSED state
2020-11-26 17:12:16,293 [org.apache.ratis.server.JvmPauseMonitor@5b6166c1-Monitor] WARN  server.JvmPauseMonitor (JvmPauseMonitor.java:run(141)) - Detected pause in JVM or host machine (eg GC): pause of approximately 3ms
No GCs detected
2020-11-26 17:12:16,299 [grpc-default-executor-2] ERROR storage.BlockOutputStream (BlockOutputStream.java:lambda$writeChunkToContainer$3(677)) - writing chunk failed 105277733290311683_chunk_8 blockID conID: 1 locID: 105277733290311683 bcsId: 14 with exception org.apache.ratis.protocol.exceptions.StateMachineException: org.apache.hadoop.hdds.scm.container.common.helpers.ContainerNotOpenException from Server 2ae88acd-293c-44f1-bb58-9baaea38510e@group-947E8FCC7C40: Container 1 in CLOSED state
17:12:16.306 [grpc-default-executor-2] ERROR DNAudit - user=null | ip=null | op=WRITE_CHUNK {blockData=conID: 2 locID: 105277733290311684 bcsId: 0} | ret=FAILURE
org.apache.hadoop.hdds.scm.container.common.helpers.ContainerNotOpenException: Container 2 in CLOSED state
	at org.apache.hadoop.ozone.container.common.impl.HddsDispatcher.validateContainerCommand(HddsDispatcher.java:484) ~[hadoop-hdds-container-service-1.1.0-SNAPSHOT.jar:?]
	at org.apache.hadoop.ozone.container.common.transport.server.ratis.ContainerStateMachine.startTransaction(ContainerStateMachine.java:319) ~[hadoop-hdds-container-service-1.1.0-SNAPSHOT.jar:?]
	at org.apache.ratis.server.impl.RaftServerImpl.submitClientRequestAsync(RaftServerImpl.java:723) ~[ratis-server-1.1.0-913f5a4-SNAPSHOT.jar:1.1.0-913f5a4-SNAPSHOT]
	at org.apache.ratis.server.impl.RaftServerProxy.lambda$submitClientRequestAsync$7(RaftServerProxy.java:364) ~[ratis-server-1.1.0-913f5a4-SNAPSHOT.jar:1.1.0-913f5a4-SNAPSHOT]
	at org.apache.ratis.server.impl.RaftServerProxy.lambda$null$5(RaftServerProxy.java:359) ~[ratis-server-1.1.0-913f5a4-SNAPSHOT.jar:1.1.0-913f5a4-SNAPSHOT]
	at org.apache.ratis.util.JavaUtils.callAsUnchecked(JavaUtils.java:116) ~[ratis-common-1.1.0-913f5a4-SNAPSHOT.jar:1.1.0-913f5a4-SNAPSHOT]
	at org.apache.ratis.server.impl.RaftServerProxy.lambda$submitRequest$6(RaftServerProxy.java:359) ~[ratis-server-1.1.0-913f5a4-SNAPSHOT.jar:1.1.0-913f5a4-SNAPSHOT]
	at java.util.concurrent.CompletableFuture.uniComposeStage(CompletableFuture.java:995) ~[?:1.8.0_232]
	at java.util.concurrent.CompletableFuture.thenCompose(CompletableFuture.java:2137) ~[?:1.8.0_232]
	at org.apache.ratis.server.impl.RaftServerProxy.submitRequest(RaftServerProxy.java:358) ~[ratis-server-1.1.0-913f5a4-SNAPSHOT.jar:1.1.0-913f5a4-SNAPSHOT]
	at org.apache.ratis.server.impl.RaftServerProxy.submitClientRequestAsync(RaftServerProxy.java:364) ~[ratis-server-1.1.0-913f5a4-SNAPSHOT.jar:1.1.0-913f5a4-SNAPSHOT]
	at org.apache.ratis.grpc.client.GrpcClientProtocolService$RequestStreamObserver.processClientRequest(GrpcClientProtocolService.java:231) ~[ratis-grpc-1.1.0-913f5a4-SNAPSHOT.jar:1.1.0-913f5a4-SNAPSHOT]
	at org.apache.ratis.grpc.client.GrpcClientProtocolService$OrderedRequestStreamObserver.processClientRequest(GrpcClientProtocolService.java:337) ~[ratis-grpc-1.1.0-913f5a4-SNAPSHOT.jar:1.1.0-913f5a4-SNAPSHOT]
	at org.apache.ratis.util.SlidingWindow$Server.processRequestsFromHead(SlidingWindow.java:429) [ratis-common-1.1.0-913f5a4-SNAPSHOT.jar:1.1.0-913f5a4-SNAPSHOT]
	at org.apache.ratis.util.SlidingWindow$Server.receivedRequest(SlidingWindow.java:421) [ratis-common-1.1.0-913f5a4-SNAPSHOT.jar:1.1.0-913f5a4-SNAPSHOT]
	at org.apache.ratis.grpc.client.GrpcClientProtocolService$OrderedRequestStreamObserver.processClientRequest(GrpcClientProtocolService.java:361) [ratis-grpc-1.1.0-913f5a4-SNAPSHOT.jar:1.1.0-913f5a4-SNAPSHOT]
	at org.apache.ratis.grpc.client.GrpcClientProtocolService$RequestStreamObserver.onNext(GrpcClientProtocolService.java:251) [ratis-grpc-1.1.0-913f5a4-SNAPSHOT.jar:1.1.0-913f5a4-SNAPSHOT]
	at org.apache.ratis.grpc.client.GrpcClientProtocolService$RequestStreamObserver.onNext(GrpcClientProtocolService.java:174) [ratis-grpc-1.1.0-913f5a4-SNAPSHOT.jar:1.1.0-913f5a4-SNAPSHOT]
	at org.apache.ratis.thirdparty.io.grpc.stub.ServerCalls$StreamingServerCallHandler$StreamingServerCallListener.onMessage(ServerCalls.java:251) [ratis-thirdparty-misc-0.6.0-SNAPSHOT.jar:0.6.0-SNAPSHOT]
	at org.apache.ratis.thirdparty.io.grpc.ForwardingServerCallListener.onMessage(ForwardingServerCallListener.java:33) [ratis-thirdparty-misc-0.6.0-SNAPSHOT.jar:0.6.0-SNAPSHOT]
	at org.apache.ratis.thirdparty.io.grpc.internal.ServerCallImpl$ServerStreamListenerImpl.messagesAvailableInternal(ServerCallImpl.java:309) [ratis-thirdparty-misc-0.6.0-SNAPSHOT.jar:0.6.0-SNAPSHOT]
	at org.apache.ratis.thirdparty.io.grpc.internal.ServerCallImpl$ServerStreamListenerImpl.messagesAvailable(ServerCallImpl.java:292) [ratis-thirdparty-misc-0.6.0-SNAPSHOT.jar:0.6.0-SNAPSHOT]
	at org.apache.ratis.thirdparty.io.grpc.internal.ServerImpl$JumpToApplicationThreadServerStreamListener$1MessagesAvailable.runInContext(ServerImpl.java:783) [ratis-thirdparty-misc-0.6.0-SNAPSHOT.jar:0.6.0-SNAPSHOT]
	at org.apache.ratis.thirdparty.io.grpc.internal.ContextRunnable.run(ContextRunnable.java:37) [ratis-thirdparty-misc-0.6.0-SNAPSHOT.jar:0.6.0-SNAPSHOT]
	at org.apache.ratis.thirdparty.io.grpc.internal.SerializingExecutor.run(SerializingExecutor.java:123) [ratis-thirdparty-misc-0.6.0-SNAPSHOT.jar:0.6.0-SNAPSHOT]
	at java.util.concurrent.ThreadPoolExecutor.runWorker(ThreadPoolExecutor.java:1149) [?:1.8.0_232]
	at java.util.concurrent.ThreadPoolExecutor$Worker.run(ThreadPoolExecutor.java:624) [?:1.8.0_232]
	at java.lang.Thread.run(Thread.java:748) [?:1.8.0_232]
17:12:16.307 [grpc-default-executor-2] ERROR DNAudit - user=null | ip=null | op=WRITE_CHUNK {blockData=conID: 2 locID: 105277733290311684 bcsId: 0} | ret=FAILURE
org.apache.hadoop.hdds.scm.container.common.helpers.ContainerNotOpenException: Container 2 in CLOSED state
	at org.apache.hadoop.ozone.container.common.impl.HddsDispatcher.validateContainerCommand(HddsDispatcher.java:484) ~[hadoop-hdds-container-service-1.1.0-SNAPSHOT.jar:?]
	at org.apache.hadoop.ozone.container.common.transport.server.ratis.ContainerStateMachine.startTransaction(ContainerStateMachine.java:319) ~[hadoop-hdds-container-service-1.1.0-SNAPSHOT.jar:?]
	at org.apache.ratis.server.impl.RaftServerImpl.submitClientRequestAsync(RaftServerImpl.java:723) ~[ratis-server-1.1.0-913f5a4-SNAPSHOT.jar:1.1.0-913f5a4-SNAPSHOT]
	at org.apache.ratis.server.impl.RaftServerProxy.lambda$submitClientRequestAsync$7(RaftServerProxy.java:364) ~[ratis-server-1.1.0-913f5a4-SNAPSHOT.jar:1.1.0-913f5a4-SNAPSHOT]
	at org.apache.ratis.server.impl.RaftServerProxy.lambda$null$5(RaftServerProxy.java:359) ~[ratis-server-1.1.0-913f5a4-SNAPSHOT.jar:1.1.0-913f5a4-SNAPSHOT]
	at org.apache.ratis.util.JavaUtils.callAsUnchecked(JavaUtils.java:116) ~[ratis-common-1.1.0-913f5a4-SNAPSHOT.jar:1.1.0-913f5a4-SNAPSHOT]
	at org.apache.ratis.server.impl.RaftServerProxy.lambda$submitRequest$6(RaftServerProxy.java:359) ~[ratis-server-1.1.0-913f5a4-SNAPSHOT.jar:1.1.0-913f5a4-SNAPSHOT]
	at java.util.concurrent.CompletableFuture.uniComposeStage(CompletableFuture.java:995) ~[?:1.8.0_232]
	at java.util.concurrent.CompletableFuture.thenCompose(CompletableFuture.java:2137) ~[?:1.8.0_232]
	at org.apache.ratis.server.impl.RaftServerProxy.submitRequest(RaftServerProxy.java:358) ~[ratis-server-1.1.0-913f5a4-SNAPSHOT.jar:1.1.0-913f5a4-SNAPSHOT]
	at org.apache.ratis.server.impl.RaftServerProxy.submitClientRequestAsync(RaftServerProxy.java:364) ~[ratis-server-1.1.0-913f5a4-SNAPSHOT.jar:1.1.0-913f5a4-SNAPSHOT]
	at org.apache.ratis.grpc.client.GrpcClientProtocolService$RequestStreamObserver.processClientRequest(GrpcClientProtocolService.java:231) ~[ratis-grpc-1.1.0-913f5a4-SNAPSHOT.jar:1.1.0-913f5a4-SNAPSHOT]
	at org.apache.ratis.grpc.client.GrpcClientProtocolService$OrderedRequestStreamObserver.processClientRequest(GrpcClientProtocolService.java:337) ~[ratis-grpc-1.1.0-913f5a4-SNAPSHOT.jar:1.1.0-913f5a4-SNAPSHOT]
	at org.apache.ratis.util.SlidingWindow$Server.processRequestsFromHead(SlidingWindow.java:429) [ratis-common-1.1.0-913f5a4-SNAPSHOT.jar:1.1.0-913f5a4-SNAPSHOT]
	at org.apache.ratis.util.SlidingWindow$Server.receivedRequest(SlidingWindow.java:421) [ratis-common-1.1.0-913f5a4-SNAPSHOT.jar:1.1.0-913f5a4-SNAPSHOT]
	at org.apache.ratis.grpc.client.GrpcClientProtocolService$OrderedRequestStreamObserver.processClientRequest(GrpcClientProtocolService.java:361) [ratis-grpc-1.1.0-913f5a4-SNAPSHOT.jar:1.1.0-913f5a4-SNAPSHOT]
	at org.apache.ratis.grpc.client.GrpcClientProtocolService$RequestStreamObserver.onNext(GrpcClientProtocolService.java:251) [ratis-grpc-1.1.0-913f5a4-SNAPSHOT.jar:1.1.0-913f5a4-SNAPSHOT]
	at org.apache.ratis.grpc.client.GrpcClientProtocolService$RequestStreamObserver.onNext(GrpcClientProtocolService.java:174) [ratis-grpc-1.1.0-913f5a4-SNAPSHOT.jar:1.1.0-913f5a4-SNAPSHOT]
	at org.apache.ratis.thirdparty.io.grpc.stub.ServerCalls$StreamingServerCallHandler$StreamingServerCallListener.onMessage(ServerCalls.java:251) [ratis-thirdparty-misc-0.6.0-SNAPSHOT.jar:0.6.0-SNAPSHOT]
	at org.apache.ratis.thirdparty.io.grpc.ForwardingServerCallListener.onMessage(ForwardingServerCallListener.java:33) [ratis-thirdparty-misc-0.6.0-SNAPSHOT.jar:0.6.0-SNAPSHOT]
	at org.apache.ratis.thirdparty.io.grpc.internal.ServerCallImpl$ServerStreamListenerImpl.messagesAvailableInternal(ServerCallImpl.java:309) [ratis-thirdparty-misc-0.6.0-SNAPSHOT.jar:0.6.0-SNAPSHOT]
	at org.apache.ratis.thirdparty.io.grpc.internal.ServerCallImpl$ServerStreamListenerImpl.messagesAvailable(ServerCallImpl.java:292) [ratis-thirdparty-misc-0.6.0-SNAPSHOT.jar:0.6.0-SNAPSHOT]
	at org.apache.ratis.thirdparty.io.grpc.internal.ServerImpl$JumpToApplicationThreadServerStreamListener$1MessagesAvailable.runInContext(ServerImpl.java:783) [ratis-thirdparty-misc-0.6.0-SNAPSHOT.jar:0.6.0-SNAPSHOT]
	at org.apache.ratis.thirdparty.io.grpc.internal.ContextRunnable.run(ContextRunnable.java:37) [ratis-thirdparty-misc-0.6.0-SNAPSHOT.jar:0.6.0-SNAPSHOT]
	at org.apache.ratis.thirdparty.io.grpc.internal.SerializingExecutor.run(SerializingExecutor.java:123) [ratis-thirdparty-misc-0.6.0-SNAPSHOT.jar:0.6.0-SNAPSHOT]
	at java.util.concurrent.ThreadPoolExecutor.runWorker(ThreadPoolExecutor.java:1149) [?:1.8.0_232]
	at java.util.concurrent.ThreadPoolExecutor$Worker.run(ThreadPoolExecutor.java:624) [?:1.8.0_232]
	at java.lang.Thread.run(Thread.java:748) [?:1.8.0_232]
17:12:16.308 [grpc-default-executor-2] ERROR DNAudit - user=null | ip=null | op=PUT_BLOCK {blockData=[blockId=conID: 2 locID: 105277733290311684 bcsId: 0,size=200]} | ret=FAILURE
org.apache.hadoop.hdds.scm.container.common.helpers.ContainerNotOpenException: Container 2 in CLOSED state
	at org.apache.hadoop.ozone.container.common.impl.HddsDispatcher.validateContainerCommand(HddsDispatcher.java:484) ~[hadoop-hdds-container-service-1.1.0-SNAPSHOT.jar:?]
	at org.apache.hadoop.ozone.container.common.transport.server.ratis.ContainerStateMachine.startTransaction(ContainerStateMachine.java:319) ~[hadoop-hdds-container-service-1.1.0-SNAPSHOT.jar:?]
	at org.apache.ratis.server.impl.RaftServerImpl.submitClientRequestAsync(RaftServerImpl.java:723) ~[ratis-server-1.1.0-913f5a4-SNAPSHOT.jar:1.1.0-913f5a4-SNAPSHOT]
	at org.apache.ratis.server.impl.RaftServerProxy.lambda$submitClientRequestAsync$7(RaftServerProxy.java:364) ~[ratis-server-1.1.0-913f5a4-SNAPSHOT.jar:1.1.0-913f5a4-SNAPSHOT]
	at org.apache.ratis.server.impl.RaftServerProxy.lambda$null$5(RaftServerProxy.java:359) ~[ratis-server-1.1.0-913f5a4-SNAPSHOT.jar:1.1.0-913f5a4-SNAPSHOT]
	at org.apache.ratis.util.JavaUtils.callAsUnchecked(JavaUtils.java:116) ~[ratis-common-1.1.0-913f5a4-SNAPSHOT.jar:1.1.0-913f5a4-SNAPSHOT]
	at org.apache.ratis.server.impl.RaftServerProxy.lambda$submitRequest$6(RaftServerProxy.java:359) ~[ratis-server-1.1.0-913f5a4-SNAPSHOT.jar:1.1.0-913f5a4-SNAPSHOT]
	at java.util.concurrent.CompletableFuture.uniComposeStage(CompletableFuture.java:995) ~[?:1.8.0_232]
	at java.util.concurrent.CompletableFuture.thenCompose(CompletableFuture.java:2137) ~[?:1.8.0_232]
	at org.apache.ratis.server.impl.RaftServerProxy.submitRequest(RaftServerProxy.java:358) ~[ratis-server-1.1.0-913f5a4-SNAPSHOT.jar:1.1.0-913f5a4-SNAPSHOT]
	at org.apache.ratis.server.impl.RaftServerProxy.submitClientRequestAsync(RaftServerProxy.java:364) ~[ratis-server-1.1.0-913f5a4-SNAPSHOT.jar:1.1.0-913f5a4-SNAPSHOT]
	at org.apache.ratis.grpc.client.GrpcClientProtocolService$RequestStreamObserver.processClientRequest(GrpcClientProtocolService.java:231) ~[ratis-grpc-1.1.0-913f5a4-SNAPSHOT.jar:1.1.0-913f5a4-SNAPSHOT]
	at org.apache.ratis.grpc.client.GrpcClientProtocolService$OrderedRequestStreamObserver.processClientRequest(GrpcClientProtocolService.java:337) ~[ratis-grpc-1.1.0-913f5a4-SNAPSHOT.jar:1.1.0-913f5a4-SNAPSHOT]
	at org.apache.ratis.util.SlidingWindow$Server.processRequestsFromHead(SlidingWindow.java:429) [ratis-common-1.1.0-913f5a4-SNAPSHOT.jar:1.1.0-913f5a4-SNAPSHOT]
	at org.apache.ratis.util.SlidingWindow$Server.receivedRequest(SlidingWindow.java:421) [ratis-common-1.1.0-913f5a4-SNAPSHOT.jar:1.1.0-913f5a4-SNAPSHOT]
	at org.apache.ratis.grpc.client.GrpcClientProtocolService$OrderedRequestStreamObserver.processClientRequest(GrpcClientProtocolService.java:361) [ratis-grpc-1.1.0-913f5a4-SNAPSHOT.jar:1.1.0-913f5a4-SNAPSHOT]
	at org.apache.ratis.grpc.client.GrpcClientProtocolService$RequestStreamObserver.onNext(GrpcClientProtocolService.java:251) [ratis-grpc-1.1.0-913f5a4-SNAPSHOT.jar:1.1.0-913f5a4-SNAPSHOT]
	at org.apache.ratis.grpc.client.GrpcClientProtocolService$RequestStreamObserver.onNext(GrpcClientProtocolService.java:174) [ratis-grpc-1.1.0-913f5a4-SNAPSHOT.jar:1.1.0-913f5a4-SNAPSHOT]
	at org.apache.ratis.thirdparty.io.grpc.stub.ServerCalls$StreamingServerCallHandler$StreamingServerCallListener.onMessage(ServerCalls.java:251) [ratis-thirdparty-misc-0.6.0-SNAPSHOT.jar:0.6.0-SNAPSHOT]
	at org.apache.ratis.thirdparty.io.grpc.ForwardingServerCallListener.onMessage(ForwardingServerCallListener.java:33) [ratis-thirdparty-misc-0.6.0-SNAPSHOT.jar:0.6.0-SNAPSHOT]
	at org.apache.ratis.thirdparty.io.grpc.internal.ServerCallImpl$ServerStreamListenerImpl.messagesAvailableInternal(ServerCallImpl.java:309) [ratis-thirdparty-misc-0.6.0-SNAPSHOT.jar:0.6.0-SNAPSHOT]
	at org.apache.ratis.thirdparty.io.grpc.internal.ServerCallImpl$ServerStreamListenerImpl.messagesAvailable(ServerCallImpl.java:292) [ratis-thirdparty-misc-0.6.0-SNAPSHOT.jar:0.6.0-SNAPSHOT]
	at org.apache.ratis.thirdparty.io.grpc.internal.ServerImpl$JumpToApplicationThreadServerStreamListener$1MessagesAvailable.runInContext(ServerImpl.java:783) [ratis-thirdparty-misc-0.6.0-SNAPSHOT.jar:0.6.0-SNAPSHOT]
	at org.apache.ratis.thirdparty.io.grpc.internal.ContextRunnable.run(ContextRunnable.java:37) [ratis-thirdparty-misc-0.6.0-SNAPSHOT.jar:0.6.0-SNAPSHOT]
	at org.apache.ratis.thirdparty.io.grpc.internal.SerializingExecutor.run(SerializingExecutor.java:123) [ratis-thirdparty-misc-0.6.0-SNAPSHOT.jar:0.6.0-SNAPSHOT]
	at java.util.concurrent.ThreadPoolExecutor.runWorker(ThreadPoolExecutor.java:1149) [?:1.8.0_232]
	at java.util.concurrent.ThreadPoolExecutor$Worker.run(ThreadPoolExecutor.java:624) [?:1.8.0_232]
	at java.lang.Thread.run(Thread.java:748) [?:1.8.0_232]
17:12:16.311 [grpc-default-executor-2] ERROR DNAudit - user=null | ip=null | op=WRITE_CHUNK {blockData=conID: 2 locID: 105277733290311684 bcsId: 0} | ret=FAILURE
org.apache.hadoop.hdds.scm.container.common.helpers.ContainerNotOpenException: Container 2 in CLOSED state
	at org.apache.hadoop.ozone.container.common.impl.HddsDispatcher.validateContainerCommand(HddsDispatcher.java:484) ~[hadoop-hdds-container-service-1.1.0-SNAPSHOT.jar:?]
	at org.apache.hadoop.ozone.container.common.transport.server.ratis.ContainerStateMachine.startTransaction(ContainerStateMachine.java:319) ~[hadoop-hdds-container-service-1.1.0-SNAPSHOT.jar:?]
	at org.apache.ratis.server.impl.RaftServerImpl.submitClientRequestAsync(RaftServerImpl.java:723) ~[ratis-server-1.1.0-913f5a4-SNAPSHOT.jar:1.1.0-913f5a4-SNAPSHOT]
	at org.apache.ratis.server.impl.RaftServerProxy.lambda$submitClientRequestAsync$7(RaftServerProxy.java:364) ~[ratis-server-1.1.0-913f5a4-SNAPSHOT.jar:1.1.0-913f5a4-SNAPSHOT]
	at org.apache.ratis.server.impl.RaftServerProxy.lambda$null$5(RaftServerProxy.java:359) ~[ratis-server-1.1.0-913f5a4-SNAPSHOT.jar:1.1.0-913f5a4-SNAPSHOT]
	at org.apache.ratis.util.JavaUtils.callAsUnchecked(JavaUtils.java:116) ~[ratis-common-1.1.0-913f5a4-SNAPSHOT.jar:1.1.0-913f5a4-SNAPSHOT]
	at org.apache.ratis.server.impl.RaftServerProxy.lambda$submitRequest$6(RaftServerProxy.java:359) ~[ratis-server-1.1.0-913f5a4-SNAPSHOT.jar:1.1.0-913f5a4-SNAPSHOT]
	at java.util.concurrent.CompletableFuture.uniComposeStage(CompletableFuture.java:995) ~[?:1.8.0_232]
	at java.util.concurrent.CompletableFuture.thenCompose(CompletableFuture.java:2137) ~[?:1.8.0_232]
	at org.apache.ratis.server.impl.RaftServerProxy.submitRequest(RaftServerProxy.java:358) ~[ratis-server-1.1.0-913f5a4-SNAPSHOT.jar:1.1.0-913f5a4-SNAPSHOT]
	at org.apache.ratis.server.impl.RaftServerProxy.submitClientRequestAsync(RaftServerProxy.java:364) ~[ratis-server-1.1.0-913f5a4-SNAPSHOT.jar:1.1.0-913f5a4-SNAPSHOT]
	at org.apache.ratis.grpc.client.GrpcClientProtocolService$RequestStreamObserver.processClientRequest(GrpcClientProtocolService.java:231) ~[ratis-grpc-1.1.0-913f5a4-SNAPSHOT.jar:1.1.0-913f5a4-SNAPSHOT]
	at org.apache.ratis.grpc.client.GrpcClientProtocolService$OrderedRequestStreamObserver.processClientRequest(GrpcClientProtocolService.java:337) ~[ratis-grpc-1.1.0-913f5a4-SNAPSHOT.jar:1.1.0-913f5a4-SNAPSHOT]
	at org.apache.ratis.util.SlidingWindow$Server.processRequestsFromHead(SlidingWindow.java:429) [ratis-common-1.1.0-913f5a4-SNAPSHOT.jar:1.1.0-913f5a4-SNAPSHOT]
	at org.apache.ratis.util.SlidingWindow$Server.receivedRequest(SlidingWindow.java:421) [ratis-common-1.1.0-913f5a4-SNAPSHOT.jar:1.1.0-913f5a4-SNAPSHOT]
	at org.apache.ratis.grpc.client.GrpcClientProtocolService$OrderedRequestStreamObserver.processClientRequest(GrpcClientProtocolService.java:361) [ratis-grpc-1.1.0-913f5a4-SNAPSHOT.jar:1.1.0-913f5a4-SNAPSHOT]
	at org.apache.ratis.grpc.client.GrpcClientProtocolService$RequestStreamObserver.onNext(GrpcClientProtocolService.java:251) [ratis-grpc-1.1.0-913f5a4-SNAPSHOT.jar:1.1.0-913f5a4-SNAPSHOT]
	at org.apache.ratis.grpc.client.GrpcClientProtocolService$RequestStreamObserver.onNext(GrpcClientProtocolService.java:174) [ratis-grpc-1.1.0-913f5a4-SNAPSHOT.jar:1.1.0-913f5a4-SNAPSHOT]
	at org.apache.ratis.thirdparty.io.grpc.stub.ServerCalls$StreamingServerCallHandler$StreamingServerCallListener.onMessage(ServerCalls.java:251) [ratis-thirdparty-misc-0.6.0-SNAPSHOT.jar:0.6.0-SNAPSHOT]
	at org.apache.ratis.thirdparty.io.grpc.ForwardingServerCallListener.onMessage(ForwardingServerCallListener.java:33) [ratis-thirdparty-misc-0.6.0-SNAPSHOT.jar:0.6.0-SNAPSHOT]
	at org.apache.ratis.thirdparty.io.grpc.internal.ServerCallImpl$ServerStreamListenerImpl.messagesAvailableInternal(ServerCallImpl.java:309) [ratis-thirdparty-misc-0.6.0-SNAPSHOT.jar:0.6.0-SNAPSHOT]
	at org.apache.ratis.thirdparty.io.grpc.internal.ServerCallImpl$ServerStreamListenerImpl.messagesAvailable(ServerCallImpl.java:292) [ratis-thirdparty-misc-0.6.0-SNAPSHOT.jar:0.6.0-SNAPSHOT]
	at org.apache.ratis.thirdparty.io.grpc.internal.ServerImpl$JumpToApplicationThreadServerStreamListener$1MessagesAvailable.runInContext(ServerImpl.java:783) [ratis-thirdparty-misc-0.6.0-SNAPSHOT.jar:0.6.0-SNAPSHOT]
	at org.apache.ratis.thirdparty.io.grpc.internal.ContextRunnable.run(ContextRunnable.java:37) [ratis-thirdparty-misc-0.6.0-SNAPSHOT.jar:0.6.0-SNAPSHOT]
	at org.apache.ratis.thirdparty.io.grpc.internal.SerializingExecutor.run(SerializingExecutor.java:123) [ratis-thirdparty-misc-0.6.0-SNAPSHOT.jar:0.6.0-SNAPSHOT]
	at java.util.concurrent.ThreadPoolExecutor.runWorker(ThreadPoolExecutor.java:1149) [?:1.8.0_232]
	at java.util.concurrent.ThreadPoolExecutor$Worker.run(ThreadPoolExecutor.java:624) [?:1.8.0_232]
	at java.lang.Thread.run(Thread.java:748) [?:1.8.0_232]
2020-11-26 17:12:16,315 [grpc-default-executor-1] ERROR storage.BlockOutputStream (BlockOutputStream.java:lambda$writeChunkToContainer$3(677)) - writing chunk failed 105277733290311684_chunk_1 blockID conID: 2 locID: 105277733290311684 bcsId: 0 with exception org.apache.ratis.protocol.exceptions.StateMachineException: org.apache.hadoop.hdds.scm.container.common.helpers.ContainerNotOpenException from Server 2ae88acd-293c-44f1-bb58-9baaea38510e@group-947E8FCC7C40: Container 2 in CLOSED state
17:12:16.316 [grpc-default-executor-2] ERROR DNAudit - user=null | ip=null | op=WRITE_CHUNK {blockData=conID: 2 locID: 105277733290311684 bcsId: 0} | ret=FAILURE
org.apache.hadoop.hdds.scm.container.common.helpers.ContainerNotOpenException: Container 2 in CLOSED state
	at org.apache.hadoop.ozone.container.common.impl.HddsDispatcher.validateContainerCommand(HddsDispatcher.java:484) ~[hadoop-hdds-container-service-1.1.0-SNAPSHOT.jar:?]
	at org.apache.hadoop.ozone.container.common.transport.server.ratis.ContainerStateMachine.startTransaction(ContainerStateMachine.java:319) ~[hadoop-hdds-container-service-1.1.0-SNAPSHOT.jar:?]
	at org.apache.ratis.server.impl.RaftServerImpl.submitClientRequestAsync(RaftServerImpl.java:723) ~[ratis-server-1.1.0-913f5a4-SNAPSHOT.jar:1.1.0-913f5a4-SNAPSHOT]
	at org.apache.ratis.server.impl.RaftServerProxy.lambda$submitClientRequestAsync$7(RaftServerProxy.java:364) ~[ratis-server-1.1.0-913f5a4-SNAPSHOT.jar:1.1.0-913f5a4-SNAPSHOT]
	at org.apache.ratis.server.impl.RaftServerProxy.lambda$null$5(RaftServerProxy.java:359) ~[ratis-server-1.1.0-913f5a4-SNAPSHOT.jar:1.1.0-913f5a4-SNAPSHOT]
	at org.apache.ratis.util.JavaUtils.callAsUnchecked(JavaUtils.java:116) ~[ratis-common-1.1.0-913f5a4-SNAPSHOT.jar:1.1.0-913f5a4-SNAPSHOT]
	at org.apache.ratis.server.impl.RaftServerProxy.lambda$submitRequest$6(RaftServerProxy.java:359) ~[ratis-server-1.1.0-913f5a4-SNAPSHOT.jar:1.1.0-913f5a4-SNAPSHOT]
	at java.util.concurrent.CompletableFuture.uniComposeStage(CompletableFuture.java:995) ~[?:1.8.0_232]
	at java.util.concurrent.CompletableFuture.thenCompose(CompletableFuture.java:2137) ~[?:1.8.0_232]
	at org.apache.ratis.server.impl.RaftServerProxy.submitRequest(RaftServerProxy.java:358) ~[ratis-server-1.1.0-913f5a4-SNAPSHOT.jar:1.1.0-913f5a4-SNAPSHOT]
	at org.apache.ratis.server.impl.RaftServerProxy.submitClientRequestAsync(RaftServerProxy.java:364) ~[ratis-server-1.1.0-913f5a4-SNAPSHOT.jar:1.1.0-913f5a4-SNAPSHOT]
	at org.apache.ratis.grpc.client.GrpcClientProtocolService$RequestStreamObserver.processClientRequest(GrpcClientProtocolService.java:231) ~[ratis-grpc-1.1.0-913f5a4-SNAPSHOT.jar:1.1.0-913f5a4-SNAPSHOT]
	at org.apache.ratis.grpc.client.GrpcClientProtocolService$OrderedRequestStreamObserver.processClientRequest(GrpcClientProtocolService.java:337) ~[ratis-grpc-1.1.0-913f5a4-SNAPSHOT.jar:1.1.0-913f5a4-SNAPSHOT]
	at org.apache.ratis.util.SlidingWindow$Server.processRequestsFromHead(SlidingWindow.java:429) [ratis-common-1.1.0-913f5a4-SNAPSHOT.jar:1.1.0-913f5a4-SNAPSHOT]
	at org.apache.ratis.util.SlidingWindow$Server.receivedRequest(SlidingWindow.java:421) [ratis-common-1.1.0-913f5a4-SNAPSHOT.jar:1.1.0-913f5a4-SNAPSHOT]
	at org.apache.ratis.grpc.client.GrpcClientProtocolService$OrderedRequestStreamObserver.processClientRequest(GrpcClientProtocolService.java:361) [ratis-grpc-1.1.0-913f5a4-SNAPSHOT.jar:1.1.0-913f5a4-SNAPSHOT]
	at org.apache.ratis.grpc.client.GrpcClientProtocolService$RequestStreamObserver.onNext(GrpcClientProtocolService.java:251) [ratis-grpc-1.1.0-913f5a4-SNAPSHOT.jar:1.1.0-913f5a4-SNAPSHOT]
	at org.apache.ratis.grpc.client.GrpcClientProtocolService$RequestStreamObserver.onNext(GrpcClientProtocolService.java:174) [ratis-grpc-1.1.0-913f5a4-SNAPSHOT.jar:1.1.0-913f5a4-SNAPSHOT]
	at org.apache.ratis.thirdparty.io.grpc.stub.ServerCalls$StreamingServerCallHandler$StreamingServerCallListener.onMessage(ServerCalls.java:251) [ratis-thirdparty-misc-0.6.0-SNAPSHOT.jar:0.6.0-SNAPSHOT]
	at org.apache.ratis.thirdparty.io.grpc.ForwardingServerCallListener.onMessage(ForwardingServerCallListener.java:33) [ratis-thirdparty-misc-0.6.0-SNAPSHOT.jar:0.6.0-SNAPSHOT]
	at org.apache.ratis.thirdparty.io.grpc.internal.ServerCallImpl$ServerStreamListenerImpl.messagesAvailableInternal(ServerCallImpl.java:309) [ratis-thirdparty-misc-0.6.0-SNAPSHOT.jar:0.6.0-SNAPSHOT]
	at org.apache.ratis.thirdparty.io.grpc.internal.ServerCallImpl$ServerStreamListenerImpl.messagesAvailable(ServerCallImpl.java:292) [ratis-thirdparty-misc-0.6.0-SNAPSHOT.jar:0.6.0-SNAPSHOT]
	at org.apache.ratis.thirdparty.io.grpc.internal.ServerImpl$JumpToApplicationThreadServerStreamListener$1MessagesAvailable.runInContext(ServerImpl.java:783) [ratis-thirdparty-misc-0.6.0-SNAPSHOT.jar:0.6.0-SNAPSHOT]
	at org.apache.ratis.thirdparty.io.grpc.internal.ContextRunnable.run(ContextRunnable.java:37) [ratis-thirdparty-misc-0.6.0-SNAPSHOT.jar:0.6.0-SNAPSHOT]
	at org.apache.ratis.thirdparty.io.grpc.internal.SerializingExecutor.run(SerializingExecutor.java:123) [ratis-thirdparty-misc-0.6.0-SNAPSHOT.jar:0.6.0-SNAPSHOT]
	at java.util.concurrent.ThreadPoolExecutor.runWorker(ThreadPoolExecutor.java:1149) [?:1.8.0_232]
	at java.util.concurrent.ThreadPoolExecutor$Worker.run(ThreadPoolExecutor.java:624) [?:1.8.0_232]
	at java.lang.Thread.run(Thread.java:748) [?:1.8.0_232]
2020-11-26 17:12:16,327 [grpc-default-executor-1] ERROR storage.BlockOutputStream (BlockOutputStream.java:lambda$writeChunkToContainer$3(677)) - writing chunk failed 105277733290311684_chunk_2 blockID conID: 2 locID: 105277733290311684 bcsId: 0 with exception org.apache.ratis.protocol.exceptions.StateMachineException: org.apache.hadoop.hdds.scm.container.common.helpers.ContainerNotOpenException from Server 2ae88acd-293c-44f1-bb58-9baaea38510e@group-947E8FCC7C40: Container 2 in CLOSED state
17:12:16.330 [grpc-default-executor-2] ERROR DNAudit - user=null | ip=null | op=PUT_BLOCK {blockData=[blockId=conID: 2 locID: 105277733290311684 bcsId: 0,size=400]} | ret=FAILURE
org.apache.hadoop.hdds.scm.container.common.helpers.ContainerNotOpenException: Container 2 in CLOSED state
	at org.apache.hadoop.ozone.container.common.impl.HddsDispatcher.validateContainerCommand(HddsDispatcher.java:484) ~[hadoop-hdds-container-service-1.1.0-SNAPSHOT.jar:?]
	at org.apache.hadoop.ozone.container.common.transport.server.ratis.ContainerStateMachine.startTransaction(ContainerStateMachine.java:319) ~[hadoop-hdds-container-service-1.1.0-SNAPSHOT.jar:?]
	at org.apache.ratis.server.impl.RaftServerImpl.submitClientRequestAsync(RaftServerImpl.java:723) ~[ratis-server-1.1.0-913f5a4-SNAPSHOT.jar:1.1.0-913f5a4-SNAPSHOT]
	at org.apache.ratis.server.impl.RaftServerProxy.lambda$submitClientRequestAsync$7(RaftServerProxy.java:364) ~[ratis-server-1.1.0-913f5a4-SNAPSHOT.jar:1.1.0-913f5a4-SNAPSHOT]
	at org.apache.ratis.server.impl.RaftServerProxy.lambda$null$5(RaftServerProxy.java:359) ~[ratis-server-1.1.0-913f5a4-SNAPSHOT.jar:1.1.0-913f5a4-SNAPSHOT]
	at org.apache.ratis.util.JavaUtils.callAsUnchecked(JavaUtils.java:116) ~[ratis-common-1.1.0-913f5a4-SNAPSHOT.jar:1.1.0-913f5a4-SNAPSHOT]
	at org.apache.ratis.server.impl.RaftServerProxy.lambda$submitRequest$6(RaftServerProxy.java:359) ~[ratis-server-1.1.0-913f5a4-SNAPSHOT.jar:1.1.0-913f5a4-SNAPSHOT]
	at java.util.concurrent.CompletableFuture.uniComposeStage(CompletableFuture.java:995) ~[?:1.8.0_232]
	at java.util.concurrent.CompletableFuture.thenCompose(CompletableFuture.java:2137) ~[?:1.8.0_232]
	at org.apache.ratis.server.impl.RaftServerProxy.submitRequest(RaftServerProxy.java:358) ~[ratis-server-1.1.0-913f5a4-SNAPSHOT.jar:1.1.0-913f5a4-SNAPSHOT]
	at org.apache.ratis.server.impl.RaftServerProxy.submitClientRequestAsync(RaftServerProxy.java:364) ~[ratis-server-1.1.0-913f5a4-SNAPSHOT.jar:1.1.0-913f5a4-SNAPSHOT]
	at org.apache.ratis.grpc.client.GrpcClientProtocolService$RequestStreamObserver.processClientRequest(GrpcClientProtocolService.java:231) ~[ratis-grpc-1.1.0-913f5a4-SNAPSHOT.jar:1.1.0-913f5a4-SNAPSHOT]
	at org.apache.ratis.grpc.client.GrpcClientProtocolService$OrderedRequestStreamObserver.processClientRequest(GrpcClientProtocolService.java:337) ~[ratis-grpc-1.1.0-913f5a4-SNAPSHOT.jar:1.1.0-913f5a4-SNAPSHOT]
	at org.apache.ratis.util.SlidingWindow$Server.processRequestsFromHead(SlidingWindow.java:429) [ratis-common-1.1.0-913f5a4-SNAPSHOT.jar:1.1.0-913f5a4-SNAPSHOT]
	at org.apache.ratis.util.SlidingWindow$Server.receivedRequest(SlidingWindow.java:421) [ratis-common-1.1.0-913f5a4-SNAPSHOT.jar:1.1.0-913f5a4-SNAPSHOT]
	at org.apache.ratis.grpc.client.GrpcClientProtocolService$OrderedRequestStreamObserver.processClientRequest(GrpcClientProtocolService.java:361) [ratis-grpc-1.1.0-913f5a4-SNAPSHOT.jar:1.1.0-913f5a4-SNAPSHOT]
	at org.apache.ratis.grpc.client.GrpcClientProtocolService$RequestStreamObserver.onNext(GrpcClientProtocolService.java:251) [ratis-grpc-1.1.0-913f5a4-SNAPSHOT.jar:1.1.0-913f5a4-SNAPSHOT]
	at org.apache.ratis.grpc.client.GrpcClientProtocolService$RequestStreamObserver.onNext(GrpcClientProtocolService.java:174) [ratis-grpc-1.1.0-913f5a4-SNAPSHOT.jar:1.1.0-913f5a4-SNAPSHOT]
	at org.apache.ratis.thirdparty.io.grpc.stub.ServerCalls$StreamingServerCallHandler$StreamingServerCallListener.onMessage(ServerCalls.java:251) [ratis-thirdparty-misc-0.6.0-SNAPSHOT.jar:0.6.0-SNAPSHOT]
	at org.apache.ratis.thirdparty.io.grpc.ForwardingServerCallListener.onMessage(ForwardingServerCallListener.java:33) [ratis-thirdparty-misc-0.6.0-SNAPSHOT.jar:0.6.0-SNAPSHOT]
	at org.apache.ratis.thirdparty.io.grpc.internal.ServerCallImpl$ServerStreamListenerImpl.messagesAvailableInternal(ServerCallImpl.java:309) [ratis-thirdparty-misc-0.6.0-SNAPSHOT.jar:0.6.0-SNAPSHOT]
	at org.apache.ratis.thirdparty.io.grpc.internal.ServerCallImpl$ServerStreamListenerImpl.messagesAvailable(ServerCallImpl.java:292) [ratis-thirdparty-misc-0.6.0-SNAPSHOT.jar:0.6.0-SNAPSHOT]
	at org.apache.ratis.thirdparty.io.grpc.internal.ServerImpl$JumpToApplicationThreadServerStreamListener$1MessagesAvailable.runInContext(ServerImpl.java:783) [ratis-thirdparty-misc-0.6.0-SNAPSHOT.jar:0.6.0-SNAPSHOT]
	at org.apache.ratis.thirdparty.io.grpc.internal.ContextRunnable.run(ContextRunnable.java:37) [ratis-thirdparty-misc-0.6.0-SNAPSHOT.jar:0.6.0-SNAPSHOT]
	at org.apache.ratis.thirdparty.io.grpc.internal.SerializingExecutor.run(SerializingExecutor.java:123) [ratis-thirdparty-misc-0.6.0-SNAPSHOT.jar:0.6.0-SNAPSHOT]
	at java.util.concurrent.ThreadPoolExecutor.runWorker(ThreadPoolExecutor.java:1149) [?:1.8.0_232]
	at java.util.concurrent.ThreadPoolExecutor$Worker.run(ThreadPoolExecutor.java:624) [?:1.8.0_232]
	at java.lang.Thread.run(Thread.java:748) [?:1.8.0_232]
2020-11-26 17:12:16,342 [grpc-default-executor-2] ERROR storage.BlockOutputStream (BlockOutputStream.java:lambda$writeChunkToContainer$3(677)) - writing chunk failed 105277733290311684_chunk_3 blockID conID: 2 locID: 105277733290311684 bcsId: 0 with exception org.apache.ratis.protocol.exceptions.StateMachineException: org.apache.hadoop.hdds.scm.container.common.helpers.ContainerNotOpenException from Server 2ae88acd-293c-44f1-bb58-9baaea38510e@group-947E8FCC7C40: Container 2 in CLOSED state
2020-11-26 17:12:16,343 [grpc-default-executor-2] ERROR storage.BlockOutputStream (BlockOutputStream.java:lambda$writeChunkToContainer$3(677)) - writing chunk failed 105277733290311684_chunk_4 blockID conID: 2 locID: 105277733290311684 bcsId: 0 with exception org.apache.ratis.protocol.exceptions.StateMachineException: org.apache.hadoop.hdds.scm.container.common.helpers.ContainerNotOpenException from Server 2ae88acd-293c-44f1-bb58-9baaea38510e@group-947E8FCC7C40: Container 2 in CLOSED state
2020-11-26 17:12:16,353 [Listener at 127.0.0.1/40769] INFO  metrics.RatisMetrics (RatisMetrics.java:lambda$create$0(36)) - Creating Metrics Registry : ratis.client_message_metrics.client-57B3301549C3->7ade5ca2-bff4-467c-9da3-f3034c092d73
17:12:16.366 [grpc-default-executor-1] ERROR DNAudit - user=null | ip=null | op=WRITE_CHUNK {blockData=conID: 3 locID: 105277733290311685 bcsId: 0} | ret=FAILURE
org.apache.hadoop.hdds.scm.container.common.helpers.ContainerNotOpenException: Container 3 in CLOSED state
	at org.apache.hadoop.ozone.container.common.impl.HddsDispatcher.validateContainerCommand(HddsDispatcher.java:484) ~[hadoop-hdds-container-service-1.1.0-SNAPSHOT.jar:?]
	at org.apache.hadoop.ozone.container.common.transport.server.ratis.ContainerStateMachine.startTransaction(ContainerStateMachine.java:319) ~[hadoop-hdds-container-service-1.1.0-SNAPSHOT.jar:?]
	at org.apache.ratis.server.impl.RaftServerImpl.submitClientRequestAsync(RaftServerImpl.java:723) ~[ratis-server-1.1.0-913f5a4-SNAPSHOT.jar:1.1.0-913f5a4-SNAPSHOT]
	at org.apache.ratis.server.impl.RaftServerProxy.lambda$submitClientRequestAsync$7(RaftServerProxy.java:364) ~[ratis-server-1.1.0-913f5a4-SNAPSHOT.jar:1.1.0-913f5a4-SNAPSHOT]
	at org.apache.ratis.server.impl.RaftServerProxy.lambda$null$5(RaftServerProxy.java:359) ~[ratis-server-1.1.0-913f5a4-SNAPSHOT.jar:1.1.0-913f5a4-SNAPSHOT]
	at org.apache.ratis.util.JavaUtils.callAsUnchecked(JavaUtils.java:116) ~[ratis-common-1.1.0-913f5a4-SNAPSHOT.jar:1.1.0-913f5a4-SNAPSHOT]
	at org.apache.ratis.server.impl.RaftServerProxy.lambda$submitRequest$6(RaftServerProxy.java:359) ~[ratis-server-1.1.0-913f5a4-SNAPSHOT.jar:1.1.0-913f5a4-SNAPSHOT]
	at java.util.concurrent.CompletableFuture.uniComposeStage(CompletableFuture.java:995) ~[?:1.8.0_232]
	at java.util.concurrent.CompletableFuture.thenCompose(CompletableFuture.java:2137) ~[?:1.8.0_232]
	at org.apache.ratis.server.impl.RaftServerProxy.submitRequest(RaftServerProxy.java:358) ~[ratis-server-1.1.0-913f5a4-SNAPSHOT.jar:1.1.0-913f5a4-SNAPSHOT]
	at org.apache.ratis.server.impl.RaftServerProxy.submitClientRequestAsync(RaftServerProxy.java:364) ~[ratis-server-1.1.0-913f5a4-SNAPSHOT.jar:1.1.0-913f5a4-SNAPSHOT]
	at org.apache.ratis.grpc.client.GrpcClientProtocolService$RequestStreamObserver.processClientRequest(GrpcClientProtocolService.java:231) ~[ratis-grpc-1.1.0-913f5a4-SNAPSHOT.jar:1.1.0-913f5a4-SNAPSHOT]
	at org.apache.ratis.grpc.client.GrpcClientProtocolService$OrderedRequestStreamObserver.processClientRequest(GrpcClientProtocolService.java:337) ~[ratis-grpc-1.1.0-913f5a4-SNAPSHOT.jar:1.1.0-913f5a4-SNAPSHOT]
	at org.apache.ratis.util.SlidingWindow$Server.processRequestsFromHead(SlidingWindow.java:429) [ratis-common-1.1.0-913f5a4-SNAPSHOT.jar:1.1.0-913f5a4-SNAPSHOT]
	at org.apache.ratis.util.SlidingWindow$Server.receivedRequest(SlidingWindow.java:421) [ratis-common-1.1.0-913f5a4-SNAPSHOT.jar:1.1.0-913f5a4-SNAPSHOT]
	at org.apache.ratis.grpc.client.GrpcClientProtocolService$OrderedRequestStreamObserver.processClientRequest(GrpcClientProtocolService.java:361) [ratis-grpc-1.1.0-913f5a4-SNAPSHOT.jar:1.1.0-913f5a4-SNAPSHOT]
	at org.apache.ratis.grpc.client.GrpcClientProtocolService$RequestStreamObserver.onNext(GrpcClientProtocolService.java:251) [ratis-grpc-1.1.0-913f5a4-SNAPSHOT.jar:1.1.0-913f5a4-SNAPSHOT]
	at org.apache.ratis.grpc.client.GrpcClientProtocolService$RequestStreamObserver.onNext(GrpcClientProtocolService.java:174) [ratis-grpc-1.1.0-913f5a4-SNAPSHOT.jar:1.1.0-913f5a4-SNAPSHOT]
	at org.apache.ratis.thirdparty.io.grpc.stub.ServerCalls$StreamingServerCallHandler$StreamingServerCallListener.onMessage(ServerCalls.java:251) [ratis-thirdparty-misc-0.6.0-SNAPSHOT.jar:0.6.0-SNAPSHOT]
	at org.apache.ratis.thirdparty.io.grpc.ForwardingServerCallListener.onMessage(ForwardingServerCallListener.java:33) [ratis-thirdparty-misc-0.6.0-SNAPSHOT.jar:0.6.0-SNAPSHOT]
	at org.apache.ratis.thirdparty.io.grpc.internal.ServerCallImpl$ServerStreamListenerImpl.messagesAvailableInternal(ServerCallImpl.java:309) [ratis-thirdparty-misc-0.6.0-SNAPSHOT.jar:0.6.0-SNAPSHOT]
	at org.apache.ratis.thirdparty.io.grpc.internal.ServerCallImpl$ServerStreamListenerImpl.messagesAvailable(ServerCallImpl.java:292) [ratis-thirdparty-misc-0.6.0-SNAPSHOT.jar:0.6.0-SNAPSHOT]
	at org.apache.ratis.thirdparty.io.grpc.internal.ServerImpl$JumpToApplicationThreadServerStreamListener$1MessagesAvailable.runInContext(ServerImpl.java:783) [ratis-thirdparty-misc-0.6.0-SNAPSHOT.jar:0.6.0-SNAPSHOT]
	at org.apache.ratis.thirdparty.io.grpc.internal.ContextRunnable.run(ContextRunnable.java:37) [ratis-thirdparty-misc-0.6.0-SNAPSHOT.jar:0.6.0-SNAPSHOT]
	at org.apache.ratis.thirdparty.io.grpc.internal.SerializingExecutor.run(SerializingExecutor.java:123) [ratis-thirdparty-misc-0.6.0-SNAPSHOT.jar:0.6.0-SNAPSHOT]
	at java.util.concurrent.ThreadPoolExecutor.runWorker(ThreadPoolExecutor.java:1149) [?:1.8.0_232]
	at java.util.concurrent.ThreadPoolExecutor$Worker.run(ThreadPoolExecutor.java:624) [?:1.8.0_232]
	at java.lang.Thread.run(Thread.java:748) [?:1.8.0_232]
17:12:16.368 [grpc-default-executor-1] ERROR DNAudit - user=null | ip=null | op=WRITE_CHUNK {blockData=conID: 3 locID: 105277733290311685 bcsId: 0} | ret=FAILURE
org.apache.hadoop.hdds.scm.container.common.helpers.ContainerNotOpenException: Container 3 in CLOSED state
	at org.apache.hadoop.ozone.container.common.impl.HddsDispatcher.validateContainerCommand(HddsDispatcher.java:484) ~[hadoop-hdds-container-service-1.1.0-SNAPSHOT.jar:?]
	at org.apache.hadoop.ozone.container.common.transport.server.ratis.ContainerStateMachine.startTransaction(ContainerStateMachine.java:319) ~[hadoop-hdds-container-service-1.1.0-SNAPSHOT.jar:?]
	at org.apache.ratis.server.impl.RaftServerImpl.submitClientRequestAsync(RaftServerImpl.java:723) ~[ratis-server-1.1.0-913f5a4-SNAPSHOT.jar:1.1.0-913f5a4-SNAPSHOT]
	at org.apache.ratis.server.impl.RaftServerProxy.lambda$submitClientRequestAsync$7(RaftServerProxy.java:364) ~[ratis-server-1.1.0-913f5a4-SNAPSHOT.jar:1.1.0-913f5a4-SNAPSHOT]
	at org.apache.ratis.server.impl.RaftServerProxy.lambda$null$5(RaftServerProxy.java:359) ~[ratis-server-1.1.0-913f5a4-SNAPSHOT.jar:1.1.0-913f5a4-SNAPSHOT]
	at org.apache.ratis.util.JavaUtils.callAsUnchecked(JavaUtils.java:116) ~[ratis-common-1.1.0-913f5a4-SNAPSHOT.jar:1.1.0-913f5a4-SNAPSHOT]
	at org.apache.ratis.server.impl.RaftServerProxy.lambda$submitRequest$6(RaftServerProxy.java:359) ~[ratis-server-1.1.0-913f5a4-SNAPSHOT.jar:1.1.0-913f5a4-SNAPSHOT]
	at java.util.concurrent.CompletableFuture.uniComposeStage(CompletableFuture.java:995) ~[?:1.8.0_232]
	at java.util.concurrent.CompletableFuture.thenCompose(CompletableFuture.java:2137) ~[?:1.8.0_232]
	at org.apache.ratis.server.impl.RaftServerProxy.submitRequest(RaftServerProxy.java:358) ~[ratis-server-1.1.0-913f5a4-SNAPSHOT.jar:1.1.0-913f5a4-SNAPSHOT]
	at org.apache.ratis.server.impl.RaftServerProxy.submitClientRequestAsync(RaftServerProxy.java:364) ~[ratis-server-1.1.0-913f5a4-SNAPSHOT.jar:1.1.0-913f5a4-SNAPSHOT]
	at org.apache.ratis.grpc.client.GrpcClientProtocolService$RequestStreamObserver.processClientRequest(GrpcClientProtocolService.java:231) ~[ratis-grpc-1.1.0-913f5a4-SNAPSHOT.jar:1.1.0-913f5a4-SNAPSHOT]
	at org.apache.ratis.grpc.client.GrpcClientProtocolService$OrderedRequestStreamObserver.processClientRequest(GrpcClientProtocolService.java:337) ~[ratis-grpc-1.1.0-913f5a4-SNAPSHOT.jar:1.1.0-913f5a4-SNAPSHOT]
	at org.apache.ratis.util.SlidingWindow$Server.processRequestsFromHead(SlidingWindow.java:429) [ratis-common-1.1.0-913f5a4-SNAPSHOT.jar:1.1.0-913f5a4-SNAPSHOT]
	at org.apache.ratis.util.SlidingWindow$Server.receivedRequest(SlidingWindow.java:421) [ratis-common-1.1.0-913f5a4-SNAPSHOT.jar:1.1.0-913f5a4-SNAPSHOT]
	at org.apache.ratis.grpc.client.GrpcClientProtocolService$OrderedRequestStreamObserver.processClientRequest(GrpcClientProtocolService.java:361) [ratis-grpc-1.1.0-913f5a4-SNAPSHOT.jar:1.1.0-913f5a4-SNAPSHOT]
	at org.apache.ratis.grpc.client.GrpcClientProtocolService$RequestStreamObserver.onNext(GrpcClientProtocolService.java:251) [ratis-grpc-1.1.0-913f5a4-SNAPSHOT.jar:1.1.0-913f5a4-SNAPSHOT]
	at org.apache.ratis.grpc.client.GrpcClientProtocolService$RequestStreamObserver.onNext(GrpcClientProtocolService.java:174) [ratis-grpc-1.1.0-913f5a4-SNAPSHOT.jar:1.1.0-913f5a4-SNAPSHOT]
	at org.apache.ratis.thirdparty.io.grpc.stub.ServerCalls$StreamingServerCallHandler$StreamingServerCallListener.onMessage(ServerCalls.java:251) [ratis-thirdparty-misc-0.6.0-SNAPSHOT.jar:0.6.0-SNAPSHOT]
	at org.apache.ratis.thirdparty.io.grpc.ForwardingServerCallListener.onMessage(ForwardingServerCallListener.java:33) [ratis-thirdparty-misc-0.6.0-SNAPSHOT.jar:0.6.0-SNAPSHOT]
	at org.apache.ratis.thirdparty.io.grpc.internal.ServerCallImpl$ServerStreamListenerImpl.messagesAvailableInternal(ServerCallImpl.java:309) [ratis-thirdparty-misc-0.6.0-SNAPSHOT.jar:0.6.0-SNAPSHOT]
	at org.apache.ratis.thirdparty.io.grpc.internal.ServerCallImpl$ServerStreamListenerImpl.messagesAvailable(ServerCallImpl.java:292) [ratis-thirdparty-misc-0.6.0-SNAPSHOT.jar:0.6.0-SNAPSHOT]
	at org.apache.ratis.thirdparty.io.grpc.internal.ServerImpl$JumpToApplicationThreadServerStreamListener$1MessagesAvailable.runInContext(ServerImpl.java:783) [ratis-thirdparty-misc-0.6.0-SNAPSHOT.jar:0.6.0-SNAPSHOT]
	at org.apache.ratis.thirdparty.io.grpc.internal.ContextRunnable.run(ContextRunnable.java:37) [ratis-thirdparty-misc-0.6.0-SNAPSHOT.jar:0.6.0-SNAPSHOT]
	at org.apache.ratis.thirdparty.io.grpc.internal.SerializingExecutor.run(SerializingExecutor.java:123) [ratis-thirdparty-misc-0.6.0-SNAPSHOT.jar:0.6.0-SNAPSHOT]
	at java.util.concurrent.ThreadPoolExecutor.runWorker(ThreadPoolExecutor.java:1149) [?:1.8.0_232]
	at java.util.concurrent.ThreadPoolExecutor$Worker.run(ThreadPoolExecutor.java:624) [?:1.8.0_232]
	at java.lang.Thread.run(Thread.java:748) [?:1.8.0_232]
2020-11-26 17:12:16,378 [grpc-default-executor-2] ERROR storage.BlockOutputStream (BlockOutputStream.java:lambda$writeChunkToContainer$3(677)) - writing chunk failed 105277733290311685_chunk_1 blockID conID: 3 locID: 105277733290311685 bcsId: 0 with exception org.apache.ratis.protocol.exceptions.StateMachineException: org.apache.hadoop.hdds.scm.container.common.helpers.ContainerNotOpenException from Server 7ade5ca2-bff4-467c-9da3-f3034c092d73@group-990679950FAF: Container 3 in CLOSED state
17:12:16.388 [grpc-default-executor-1] ERROR DNAudit - user=null | ip=null | op=PUT_BLOCK {blockData=[blockId=conID: 3 locID: 105277733290311685 bcsId: 0,size=200]} | ret=FAILURE
org.apache.hadoop.hdds.scm.container.common.helpers.ContainerNotOpenException: Container 3 in CLOSED state
	at org.apache.hadoop.ozone.container.common.impl.HddsDispatcher.validateContainerCommand(HddsDispatcher.java:484) ~[hadoop-hdds-container-service-1.1.0-SNAPSHOT.jar:?]
	at org.apache.hadoop.ozone.container.common.transport.server.ratis.ContainerStateMachine.startTransaction(ContainerStateMachine.java:319) ~[hadoop-hdds-container-service-1.1.0-SNAPSHOT.jar:?]
	at org.apache.ratis.server.impl.RaftServerImpl.submitClientRequestAsync(RaftServerImpl.java:723) ~[ratis-server-1.1.0-913f5a4-SNAPSHOT.jar:1.1.0-913f5a4-SNAPSHOT]
	at org.apache.ratis.server.impl.RaftServerProxy.lambda$submitClientRequestAsync$7(RaftServerProxy.java:364) ~[ratis-server-1.1.0-913f5a4-SNAPSHOT.jar:1.1.0-913f5a4-SNAPSHOT]
	at org.apache.ratis.server.impl.RaftServerProxy.lambda$null$5(RaftServerProxy.java:359) ~[ratis-server-1.1.0-913f5a4-SNAPSHOT.jar:1.1.0-913f5a4-SNAPSHOT]
	at org.apache.ratis.util.JavaUtils.callAsUnchecked(JavaUtils.java:116) ~[ratis-common-1.1.0-913f5a4-SNAPSHOT.jar:1.1.0-913f5a4-SNAPSHOT]
	at org.apache.ratis.server.impl.RaftServerProxy.lambda$submitRequest$6(RaftServerProxy.java:359) ~[ratis-server-1.1.0-913f5a4-SNAPSHOT.jar:1.1.0-913f5a4-SNAPSHOT]
	at java.util.concurrent.CompletableFuture.uniComposeStage(CompletableFuture.java:995) ~[?:1.8.0_232]
	at java.util.concurrent.CompletableFuture.thenCompose(CompletableFuture.java:2137) ~[?:1.8.0_232]
	at org.apache.ratis.server.impl.RaftServerProxy.submitRequest(RaftServerProxy.java:358) ~[ratis-server-1.1.0-913f5a4-SNAPSHOT.jar:1.1.0-913f5a4-SNAPSHOT]
	at org.apache.ratis.server.impl.RaftServerProxy.submitClientRequestAsync(RaftServerProxy.java:364) ~[ratis-server-1.1.0-913f5a4-SNAPSHOT.jar:1.1.0-913f5a4-SNAPSHOT]
	at org.apache.ratis.grpc.client.GrpcClientProtocolService$RequestStreamObserver.processClientRequest(GrpcClientProtocolService.java:231) ~[ratis-grpc-1.1.0-913f5a4-SNAPSHOT.jar:1.1.0-913f5a4-SNAPSHOT]
	at org.apache.ratis.grpc.client.GrpcClientProtocolService$OrderedRequestStreamObserver.processClientRequest(GrpcClientProtocolService.java:337) ~[ratis-grpc-1.1.0-913f5a4-SNAPSHOT.jar:1.1.0-913f5a4-SNAPSHOT]
	at org.apache.ratis.util.SlidingWindow$Server.processRequestsFromHead(SlidingWindow.java:429) [ratis-common-1.1.0-913f5a4-SNAPSHOT.jar:1.1.0-913f5a4-SNAPSHOT]
	at org.apache.ratis.util.SlidingWindow$Server.receivedRequest(SlidingWindow.java:421) [ratis-common-1.1.0-913f5a4-SNAPSHOT.jar:1.1.0-913f5a4-SNAPSHOT]
	at org.apache.ratis.grpc.client.GrpcClientProtocolService$OrderedRequestStreamObserver.processClientRequest(GrpcClientProtocolService.java:361) [ratis-grpc-1.1.0-913f5a4-SNAPSHOT.jar:1.1.0-913f5a4-SNAPSHOT]
	at org.apache.ratis.grpc.client.GrpcClientProtocolService$RequestStreamObserver.onNext(GrpcClientProtocolService.java:251) [ratis-grpc-1.1.0-913f5a4-SNAPSHOT.jar:1.1.0-913f5a4-SNAPSHOT]
	at org.apache.ratis.grpc.client.GrpcClientProtocolService$RequestStreamObserver.onNext(GrpcClientProtocolService.java:174) [ratis-grpc-1.1.0-913f5a4-SNAPSHOT.jar:1.1.0-913f5a4-SNAPSHOT]
	at org.apache.ratis.thirdparty.io.grpc.stub.ServerCalls$StreamingServerCallHandler$StreamingServerCallListener.onMessage(ServerCalls.java:251) [ratis-thirdparty-misc-0.6.0-SNAPSHOT.jar:0.6.0-SNAPSHOT]
	at org.apache.ratis.thirdparty.io.grpc.ForwardingServerCallListener.onMessage(ForwardingServerCallListener.java:33) [ratis-thirdparty-misc-0.6.0-SNAPSHOT.jar:0.6.0-SNAPSHOT]
	at org.apache.ratis.thirdparty.io.grpc.internal.ServerCallImpl$ServerStreamListenerImpl.messagesAvailableInternal(ServerCallImpl.java:309) [ratis-thirdparty-misc-0.6.0-SNAPSHOT.jar:0.6.0-SNAPSHOT]
	at org.apache.ratis.thirdparty.io.grpc.internal.ServerCallImpl$ServerStreamListenerImpl.messagesAvailable(ServerCallImpl.java:292) [ratis-thirdparty-misc-0.6.0-SNAPSHOT.jar:0.6.0-SNAPSHOT]
	at org.apache.ratis.thirdparty.io.grpc.internal.ServerImpl$JumpToApplicationThreadServerStreamListener$1MessagesAvailable.runInContext(ServerImpl.java:783) [ratis-thirdparty-misc-0.6.0-SNAPSHOT.jar:0.6.0-SNAPSHOT]
	at org.apache.ratis.thirdparty.io.grpc.internal.ContextRunnable.run(ContextRunnable.java:37) [ratis-thirdparty-misc-0.6.0-SNAPSHOT.jar:0.6.0-SNAPSHOT]
	at org.apache.ratis.thirdparty.io.grpc.internal.SerializingExecutor.run(SerializingExecutor.java:123) [ratis-thirdparty-misc-0.6.0-SNAPSHOT.jar:0.6.0-SNAPSHOT]
	at java.util.concurrent.ThreadPoolExecutor.runWorker(ThreadPoolExecutor.java:1149) [?:1.8.0_232]
	at java.util.concurrent.ThreadPoolExecutor$Worker.run(ThreadPoolExecutor.java:624) [?:1.8.0_232]
	at java.lang.Thread.run(Thread.java:748) [?:1.8.0_232]
2020-11-26 17:12:16,389 [grpc-default-executor-2] ERROR storage.BlockOutputStream (BlockOutputStream.java:lambda$writeChunkToContainer$3(677)) - writing chunk failed 105277733290311685_chunk_2 blockID conID: 3 locID: 105277733290311685 bcsId: 0 with exception org.apache.ratis.protocol.exceptions.StateMachineException: org.apache.hadoop.hdds.scm.container.common.helpers.ContainerNotOpenException from Server 7ade5ca2-bff4-467c-9da3-f3034c092d73@group-990679950FAF: Container 3 in CLOSED state
17:12:16.390 [grpc-default-executor-1] ERROR DNAudit - user=null | ip=null | op=WRITE_CHUNK {blockData=conID: 3 locID: 105277733290311685 bcsId: 0} | ret=FAILURE
org.apache.hadoop.hdds.scm.container.common.helpers.ContainerNotOpenException: Container 3 in CLOSED state
	at org.apache.hadoop.ozone.container.common.impl.HddsDispatcher.validateContainerCommand(HddsDispatcher.java:484) ~[hadoop-hdds-container-service-1.1.0-SNAPSHOT.jar:?]
	at org.apache.hadoop.ozone.container.common.transport.server.ratis.ContainerStateMachine.startTransaction(ContainerStateMachine.java:319) ~[hadoop-hdds-container-service-1.1.0-SNAPSHOT.jar:?]
	at org.apache.ratis.server.impl.RaftServerImpl.submitClientRequestAsync(RaftServerImpl.java:723) ~[ratis-server-1.1.0-913f5a4-SNAPSHOT.jar:1.1.0-913f5a4-SNAPSHOT]
	at org.apache.ratis.server.impl.RaftServerProxy.lambda$submitClientRequestAsync$7(RaftServerProxy.java:364) ~[ratis-server-1.1.0-913f5a4-SNAPSHOT.jar:1.1.0-913f5a4-SNAPSHOT]
	at org.apache.ratis.server.impl.RaftServerProxy.lambda$null$5(RaftServerProxy.java:359) ~[ratis-server-1.1.0-913f5a4-SNAPSHOT.jar:1.1.0-913f5a4-SNAPSHOT]
	at org.apache.ratis.util.JavaUtils.callAsUnchecked(JavaUtils.java:116) ~[ratis-common-1.1.0-913f5a4-SNAPSHOT.jar:1.1.0-913f5a4-SNAPSHOT]
	at org.apache.ratis.server.impl.RaftServerProxy.lambda$submitRequest$6(RaftServerProxy.java:359) ~[ratis-server-1.1.0-913f5a4-SNAPSHOT.jar:1.1.0-913f5a4-SNAPSHOT]
	at java.util.concurrent.CompletableFuture.uniComposeStage(CompletableFuture.java:995) ~[?:1.8.0_232]
	at java.util.concurrent.CompletableFuture.thenCompose(CompletableFuture.java:2137) ~[?:1.8.0_232]
	at org.apache.ratis.server.impl.RaftServerProxy.submitRequest(RaftServerProxy.java:358) ~[ratis-server-1.1.0-913f5a4-SNAPSHOT.jar:1.1.0-913f5a4-SNAPSHOT]
	at org.apache.ratis.server.impl.RaftServerProxy.submitClientRequestAsync(RaftServerProxy.java:364) ~[ratis-server-1.1.0-913f5a4-SNAPSHOT.jar:1.1.0-913f5a4-SNAPSHOT]
	at org.apache.ratis.grpc.client.GrpcClientProtocolService$RequestStreamObserver.processClientRequest(GrpcClientProtocolService.java:231) ~[ratis-grpc-1.1.0-913f5a4-SNAPSHOT.jar:1.1.0-913f5a4-SNAPSHOT]
	at org.apache.ratis.grpc.client.GrpcClientProtocolService$OrderedRequestStreamObserver.processClientRequest(GrpcClientProtocolService.java:337) ~[ratis-grpc-1.1.0-913f5a4-SNAPSHOT.jar:1.1.0-913f5a4-SNAPSHOT]
	at org.apache.ratis.util.SlidingWindow$Server.processRequestsFromHead(SlidingWindow.java:429) [ratis-common-1.1.0-913f5a4-SNAPSHOT.jar:1.1.0-913f5a4-SNAPSHOT]
	at org.apache.ratis.util.SlidingWindow$Server.receivedRequest(SlidingWindow.java:421) [ratis-common-1.1.0-913f5a4-SNAPSHOT.jar:1.1.0-913f5a4-SNAPSHOT]
	at org.apache.ratis.grpc.client.GrpcClientProtocolService$OrderedRequestStreamObserver.processClientRequest(GrpcClientProtocolService.java:361) [ratis-grpc-1.1.0-913f5a4-SNAPSHOT.jar:1.1.0-913f5a4-SNAPSHOT]
	at org.apache.ratis.grpc.client.GrpcClientProtocolService$RequestStreamObserver.onNext(GrpcClientProtocolService.java:251) [ratis-grpc-1.1.0-913f5a4-SNAPSHOT.jar:1.1.0-913f5a4-SNAPSHOT]
	at org.apache.ratis.grpc.client.GrpcClientProtocolService$RequestStreamObserver.onNext(GrpcClientProtocolService.java:174) [ratis-grpc-1.1.0-913f5a4-SNAPSHOT.jar:1.1.0-913f5a4-SNAPSHOT]
	at org.apache.ratis.thirdparty.io.grpc.stub.ServerCalls$StreamingServerCallHandler$StreamingServerCallListener.onMessage(ServerCalls.java:251) [ratis-thirdparty-misc-0.6.0-SNAPSHOT.jar:0.6.0-SNAPSHOT]
	at org.apache.ratis.thirdparty.io.grpc.ForwardingServerCallListener.onMessage(ForwardingServerCallListener.java:33) [ratis-thirdparty-misc-0.6.0-SNAPSHOT.jar:0.6.0-SNAPSHOT]
	at org.apache.ratis.thirdparty.io.grpc.internal.ServerCallImpl$ServerStreamListenerImpl.messagesAvailableInternal(ServerCallImpl.java:309) [ratis-thirdparty-misc-0.6.0-SNAPSHOT.jar:0.6.0-SNAPSHOT]
	at org.apache.ratis.thirdparty.io.grpc.internal.ServerCallImpl$ServerStreamListenerImpl.messagesAvailable(ServerCallImpl.java:292) [ratis-thirdparty-misc-0.6.0-SNAPSHOT.jar:0.6.0-SNAPSHOT]
	at org.apache.ratis.thirdparty.io.grpc.internal.ServerImpl$JumpToApplicationThreadServerStreamListener$1MessagesAvailable.runInContext(ServerImpl.java:783) [ratis-thirdparty-misc-0.6.0-SNAPSHOT.jar:0.6.0-SNAPSHOT]
	at org.apache.ratis.thirdparty.io.grpc.internal.ContextRunnable.run(ContextRunnable.java:37) [ratis-thirdparty-misc-0.6.0-SNAPSHOT.jar:0.6.0-SNAPSHOT]
	at org.apache.ratis.thirdparty.io.grpc.internal.SerializingExecutor.run(SerializingExecutor.java:123) [ratis-thirdparty-misc-0.6.0-SNAPSHOT.jar:0.6.0-SNAPSHOT]
	at java.util.concurrent.ThreadPoolExecutor.runWorker(ThreadPoolExecutor.java:1149) [?:1.8.0_232]
	at java.util.concurrent.ThreadPoolExecutor$Worker.run(ThreadPoolExecutor.java:624) [?:1.8.0_232]
	at java.lang.Thread.run(Thread.java:748) [?:1.8.0_232]
17:12:16.393 [grpc-default-executor-1] ERROR DNAudit - user=null | ip=null | op=WRITE_CHUNK {blockData=conID: 3 locID: 105277733290311685 bcsId: 0} | ret=FAILURE
org.apache.hadoop.hdds.scm.container.common.helpers.ContainerNotOpenException: Container 3 in CLOSED state
	at org.apache.hadoop.ozone.container.common.impl.HddsDispatcher.validateContainerCommand(HddsDispatcher.java:484) ~[hadoop-hdds-container-service-1.1.0-SNAPSHOT.jar:?]
	at org.apache.hadoop.ozone.container.common.transport.server.ratis.ContainerStateMachine.startTransaction(ContainerStateMachine.java:319) ~[hadoop-hdds-container-service-1.1.0-SNAPSHOT.jar:?]
	at org.apache.ratis.server.impl.RaftServerImpl.submitClientRequestAsync(RaftServerImpl.java:723) ~[ratis-server-1.1.0-913f5a4-SNAPSHOT.jar:1.1.0-913f5a4-SNAPSHOT]
	at org.apache.ratis.server.impl.RaftServerProxy.lambda$submitClientRequestAsync$7(RaftServerProxy.java:364) ~[ratis-server-1.1.0-913f5a4-SNAPSHOT.jar:1.1.0-913f5a4-SNAPSHOT]
	at org.apache.ratis.server.impl.RaftServerProxy.lambda$null$5(RaftServerProxy.java:359) ~[ratis-server-1.1.0-913f5a4-SNAPSHOT.jar:1.1.0-913f5a4-SNAPSHOT]
	at org.apache.ratis.util.JavaUtils.callAsUnchecked(JavaUtils.java:116) ~[ratis-common-1.1.0-913f5a4-SNAPSHOT.jar:1.1.0-913f5a4-SNAPSHOT]
	at org.apache.ratis.server.impl.RaftServerProxy.lambda$submitRequest$6(RaftServerProxy.java:359) ~[ratis-server-1.1.0-913f5a4-SNAPSHOT.jar:1.1.0-913f5a4-SNAPSHOT]
	at java.util.concurrent.CompletableFuture.uniComposeStage(CompletableFuture.java:995) ~[?:1.8.0_232]
	at java.util.concurrent.CompletableFuture.thenCompose(CompletableFuture.java:2137) ~[?:1.8.0_232]
	at org.apache.ratis.server.impl.RaftServerProxy.submitRequest(RaftServerProxy.java:358) ~[ratis-server-1.1.0-913f5a4-SNAPSHOT.jar:1.1.0-913f5a4-SNAPSHOT]
	at org.apache.ratis.server.impl.RaftServerProxy.submitClientRequestAsync(RaftServerProxy.java:364) ~[ratis-server-1.1.0-913f5a4-SNAPSHOT.jar:1.1.0-913f5a4-SNAPSHOT]
	at org.apache.ratis.grpc.client.GrpcClientProtocolService$RequestStreamObserver.processClientRequest(GrpcClientProtocolService.java:231) ~[ratis-grpc-1.1.0-913f5a4-SNAPSHOT.jar:1.1.0-913f5a4-SNAPSHOT]
	at org.apache.ratis.grpc.client.GrpcClientProtocolService$OrderedRequestStreamObserver.processClientRequest(GrpcClientProtocolService.java:337) ~[ratis-grpc-1.1.0-913f5a4-SNAPSHOT.jar:1.1.0-913f5a4-SNAPSHOT]
	at org.apache.ratis.util.SlidingWindow$Server.processRequestsFromHead(SlidingWindow.java:429) [ratis-common-1.1.0-913f5a4-SNAPSHOT.jar:1.1.0-913f5a4-SNAPSHOT]
	at org.apache.ratis.util.SlidingWindow$Server.receivedRequest(SlidingWindow.java:421) [ratis-common-1.1.0-913f5a4-SNAPSHOT.jar:1.1.0-913f5a4-SNAPSHOT]
	at org.apache.ratis.grpc.client.GrpcClientProtocolService$OrderedRequestStreamObserver.processClientRequest(GrpcClientProtocolService.java:361) [ratis-grpc-1.1.0-913f5a4-SNAPSHOT.jar:1.1.0-913f5a4-SNAPSHOT]
	at org.apache.ratis.grpc.client.GrpcClientProtocolService$RequestStreamObserver.onNext(GrpcClientProtocolService.java:251) [ratis-grpc-1.1.0-913f5a4-SNAPSHOT.jar:1.1.0-913f5a4-SNAPSHOT]
	at org.apache.ratis.grpc.client.GrpcClientProtocolService$RequestStreamObserver.onNext(GrpcClientProtocolService.java:174) [ratis-grpc-1.1.0-913f5a4-SNAPSHOT.jar:1.1.0-913f5a4-SNAPSHOT]
	at org.apache.ratis.thirdparty.io.grpc.stub.ServerCalls$StreamingServerCallHandler$StreamingServerCallListener.onMessage(ServerCalls.java:251) [ratis-thirdparty-misc-0.6.0-SNAPSHOT.jar:0.6.0-SNAPSHOT]
	at org.apache.ratis.thirdparty.io.grpc.ForwardingServerCallListener.onMessage(ForwardingServerCallListener.java:33) [ratis-thirdparty-misc-0.6.0-SNAPSHOT.jar:0.6.0-SNAPSHOT]
	at org.apache.ratis.thirdparty.io.grpc.internal.ServerCallImpl$ServerStreamListenerImpl.messagesAvailableInternal(ServerCallImpl.java:309) [ratis-thirdparty-misc-0.6.0-SNAPSHOT.jar:0.6.0-SNAPSHOT]
	at org.apache.ratis.thirdparty.io.grpc.internal.ServerCallImpl$ServerStreamListenerImpl.messagesAvailable(ServerCallImpl.java:292) [ratis-thirdparty-misc-0.6.0-SNAPSHOT.jar:0.6.0-SNAPSHOT]
	at org.apache.ratis.thirdparty.io.grpc.internal.ServerImpl$JumpToApplicationThreadServerStreamListener$1MessagesAvailable.runInContext(ServerImpl.java:783) [ratis-thirdparty-misc-0.6.0-SNAPSHOT.jar:0.6.0-SNAPSHOT]
	at org.apache.ratis.thirdparty.io.grpc.internal.ContextRunnable.run(ContextRunnable.java:37) [ratis-thirdparty-misc-0.6.0-SNAPSHOT.jar:0.6.0-SNAPSHOT]
	at org.apache.ratis.thirdparty.io.grpc.internal.SerializingExecutor.run(SerializingExecutor.java:123) [ratis-thirdparty-misc-0.6.0-SNAPSHOT.jar:0.6.0-SNAPSHOT]
	at java.util.concurrent.ThreadPoolExecutor.runWorker(ThreadPoolExecutor.java:1149) [?:1.8.0_232]
	at java.util.concurrent.ThreadPoolExecutor$Worker.run(ThreadPoolExecutor.java:624) [?:1.8.0_232]
	at java.lang.Thread.run(Thread.java:748) [?:1.8.0_232]
2020-11-26 17:12:16,403 [grpc-default-executor-2] ERROR storage.BlockOutputStream (BlockOutputStream.java:lambda$writeChunkToContainer$3(677)) - writing chunk failed 105277733290311685_chunk_3 blockID conID: 3 locID: 105277733290311685 bcsId: 0 with exception org.apache.ratis.protocol.exceptions.StateMachineException: org.apache.hadoop.hdds.scm.container.common.helpers.ContainerNotOpenException from Server 7ade5ca2-bff4-467c-9da3-f3034c092d73@group-990679950FAF: Container 3 in CLOSED state
2020-11-26 17:12:16,405 [grpc-default-executor-2] ERROR storage.BlockOutputStream (BlockOutputStream.java:lambda$writeChunkToContainer$3(677)) - writing chunk failed 105277733290311685_chunk_4 blockID conID: 3 locID: 105277733290311685 bcsId: 0 with exception org.apache.ratis.protocol.exceptions.StateMachineException: org.apache.hadoop.hdds.scm.container.common.helpers.ContainerNotOpenException from Server 7ade5ca2-bff4-467c-9da3-f3034c092d73@group-990679950FAF: Container 3 in CLOSED state
17:12:16.406 [grpc-default-executor-1] ERROR DNAudit - user=null | ip=null | op=PUT_BLOCK {blockData=[blockId=conID: 3 locID: 105277733290311685 bcsId: 0,size=400]} | ret=FAILURE
org.apache.hadoop.hdds.scm.container.common.helpers.ContainerNotOpenException: Container 3 in CLOSED state
	at org.apache.hadoop.ozone.container.common.impl.HddsDispatcher.validateContainerCommand(HddsDispatcher.java:484) ~[hadoop-hdds-container-service-1.1.0-SNAPSHOT.jar:?]
	at org.apache.hadoop.ozone.container.common.transport.server.ratis.ContainerStateMachine.startTransaction(ContainerStateMachine.java:319) ~[hadoop-hdds-container-service-1.1.0-SNAPSHOT.jar:?]
	at org.apache.ratis.server.impl.RaftServerImpl.submitClientRequestAsync(RaftServerImpl.java:723) ~[ratis-server-1.1.0-913f5a4-SNAPSHOT.jar:1.1.0-913f5a4-SNAPSHOT]
	at org.apache.ratis.server.impl.RaftServerProxy.lambda$submitClientRequestAsync$7(RaftServerProxy.java:364) ~[ratis-server-1.1.0-913f5a4-SNAPSHOT.jar:1.1.0-913f5a4-SNAPSHOT]
	at org.apache.ratis.server.impl.RaftServerProxy.lambda$null$5(RaftServerProxy.java:359) ~[ratis-server-1.1.0-913f5a4-SNAPSHOT.jar:1.1.0-913f5a4-SNAPSHOT]
	at org.apache.ratis.util.JavaUtils.callAsUnchecked(JavaUtils.java:116) ~[ratis-common-1.1.0-913f5a4-SNAPSHOT.jar:1.1.0-913f5a4-SNAPSHOT]
	at org.apache.ratis.server.impl.RaftServerProxy.lambda$submitRequest$6(RaftServerProxy.java:359) ~[ratis-server-1.1.0-913f5a4-SNAPSHOT.jar:1.1.0-913f5a4-SNAPSHOT]
	at java.util.concurrent.CompletableFuture.uniComposeStage(CompletableFuture.java:995) ~[?:1.8.0_232]
	at java.util.concurrent.CompletableFuture.thenCompose(CompletableFuture.java:2137) ~[?:1.8.0_232]
	at org.apache.ratis.server.impl.RaftServerProxy.submitRequest(RaftServerProxy.java:358) ~[ratis-server-1.1.0-913f5a4-SNAPSHOT.jar:1.1.0-913f5a4-SNAPSHOT]
	at org.apache.ratis.server.impl.RaftServerProxy.submitClientRequestAsync(RaftServerProxy.java:364) ~[ratis-server-1.1.0-913f5a4-SNAPSHOT.jar:1.1.0-913f5a4-SNAPSHOT]
	at org.apache.ratis.grpc.client.GrpcClientProtocolService$RequestStreamObserver.processClientRequest(GrpcClientProtocolService.java:231) ~[ratis-grpc-1.1.0-913f5a4-SNAPSHOT.jar:1.1.0-913f5a4-SNAPSHOT]
	at org.apache.ratis.grpc.client.GrpcClientProtocolService$OrderedRequestStreamObserver.processClientRequest(GrpcClientProtocolService.java:337) ~[ratis-grpc-1.1.0-913f5a4-SNAPSHOT.jar:1.1.0-913f5a4-SNAPSHOT]
	at org.apache.ratis.util.SlidingWindow$Server.processRequestsFromHead(SlidingWindow.java:429) [ratis-common-1.1.0-913f5a4-SNAPSHOT.jar:1.1.0-913f5a4-SNAPSHOT]
	at org.apache.ratis.util.SlidingWindow$Server.receivedRequest(SlidingWindow.java:421) [ratis-common-1.1.0-913f5a4-SNAPSHOT.jar:1.1.0-913f5a4-SNAPSHOT]
	at org.apache.ratis.grpc.client.GrpcClientProtocolService$OrderedRequestStreamObserver.processClientRequest(GrpcClientProtocolService.java:361) [ratis-grpc-1.1.0-913f5a4-SNAPSHOT.jar:1.1.0-913f5a4-SNAPSHOT]
	at org.apache.ratis.grpc.client.GrpcClientProtocolService$RequestStreamObserver.onNext(GrpcClientProtocolService.java:251) [ratis-grpc-1.1.0-913f5a4-SNAPSHOT.jar:1.1.0-913f5a4-SNAPSHOT]
	at org.apache.ratis.grpc.client.GrpcClientProtocolService$RequestStreamObserver.onNext(GrpcClientProtocolService.java:174) [ratis-grpc-1.1.0-913f5a4-SNAPSHOT.jar:1.1.0-913f5a4-SNAPSHOT]
	at org.apache.ratis.thirdparty.io.grpc.stub.ServerCalls$StreamingServerCallHandler$StreamingServerCallListener.onMessage(ServerCalls.java:251) [ratis-thirdparty-misc-0.6.0-SNAPSHOT.jar:0.6.0-SNAPSHOT]
	at org.apache.ratis.thirdparty.io.grpc.ForwardingServerCallListener.onMessage(ForwardingServerCallListener.java:33) [ratis-thirdparty-misc-0.6.0-SNAPSHOT.jar:0.6.0-SNAPSHOT]
	at org.apache.ratis.thirdparty.io.grpc.internal.ServerCallImpl$ServerStreamListenerImpl.messagesAvailableInternal(ServerCallImpl.java:309) [ratis-thirdparty-misc-0.6.0-SNAPSHOT.jar:0.6.0-SNAPSHOT]
	at org.apache.ratis.thirdparty.io.grpc.internal.ServerCallImpl$ServerStreamListenerImpl.messagesAvailable(ServerCallImpl.java:292) [ratis-thirdparty-misc-0.6.0-SNAPSHOT.jar:0.6.0-SNAPSHOT]
	at org.apache.ratis.thirdparty.io.grpc.internal.ServerImpl$JumpToApplicationThreadServerStreamListener$1MessagesAvailable.runInContext(ServerImpl.java:783) [ratis-thirdparty-misc-0.6.0-SNAPSHOT.jar:0.6.0-SNAPSHOT]
	at org.apache.ratis.thirdparty.io.grpc.internal.ContextRunnable.run(ContextRunnable.java:37) [ratis-thirdparty-misc-0.6.0-SNAPSHOT.jar:0.6.0-SNAPSHOT]
	at org.apache.ratis.thirdparty.io.grpc.internal.SerializingExecutor.run(SerializingExecutor.java:123) [ratis-thirdparty-misc-0.6.0-SNAPSHOT.jar:0.6.0-SNAPSHOT]
	at java.util.concurrent.ThreadPoolExecutor.runWorker(ThreadPoolExecutor.java:1149) [?:1.8.0_232]
	at java.util.concurrent.ThreadPoolExecutor$Worker.run(ThreadPoolExecutor.java:624) [?:1.8.0_232]
	at java.lang.Thread.run(Thread.java:748) [?:1.8.0_232]
2020-11-26 17:12:16,417 [Listener at 127.0.0.1/40769] INFO  io.BlockOutputStreamEntryPool (BlockOutputStreamEntryPool.java:allocateNewBlock(241)) - Allocating block with ExcludeList {datanodes = [], containerIds = [#1, #2, #3], pipelineIds = []}
2020-11-26 17:12:16,440 [Listener at 127.0.0.1/40769] INFO  metrics.RatisMetrics (RatisMetrics.java:lambda$create$0(36)) - Creating Metrics Registry : ratis.client_message_metrics.client-7BE9648B44CC->b1bf3cee-cb5c-43b1-b618-d84fa5af82f6
2020-11-26 17:12:16,545 [Listener at 127.0.0.1/40769] INFO  ozone.MiniOzoneClusterImpl (MiniOzoneClusterImpl.java:shutdown(388)) - Shutting down the Mini Ozone Cluster
2020-11-26 17:12:16,545 [Listener at 127.0.0.1/40769] INFO  ozone.MiniOzoneClusterImpl (MiniOzoneClusterImpl.java:stop(403)) - Stopping the Mini Ozone Cluster
2020-11-26 17:12:16,545 [Listener at 127.0.0.1/40769] INFO  ozone.MiniOzoneClusterImpl (MiniOzoneClusterImpl.java:stopOM(485)) - Stopping the OzoneManager
2020-11-26 17:12:16,545 [Listener at 127.0.0.1/40769] INFO  ipc.Server (Server.java:stop(3359)) - Stopping server on 40769
2020-11-26 17:12:16,550 [IPC Server listener on 0] INFO  ipc.Server (Server.java:run(1330)) - Stopping IPC Server listener on 0
2020-11-26 17:12:16,550 [Listener at 127.0.0.1/40769] INFO  ratis.OzoneManagerDoubleBuffer (OzoneManagerDoubleBuffer.java:stop(457)) - Stopping OMDoubleBuffer flush thread
2020-11-26 17:12:16,550 [IPC Server Responder] INFO  ipc.Server (Server.java:run(1465)) - Stopping IPC Server Responder
2020-11-26 17:12:16,550 [OMDoubleBufferFlushThread] INFO  ratis.OzoneManagerDoubleBuffer (OzoneManagerDoubleBuffer.java:flushTransactions(356)) - OMDoubleBuffer flush thread OMDoubleBufferFlushThread is interrupted and will exit. OMDoubleBufferFlushThread
2020-11-26 17:12:16,550 [Listener at 127.0.0.1/40769] INFO  utils.BackgroundService (BackgroundService.java:shutdown(132)) - Shutting down service KeyDeletingService
2020-11-26 17:12:16,551 [Listener at 127.0.0.1/40769] INFO  handler.ContextHandler (ContextHandler.java:doStop(1154)) - Stopped o.e.j.w.WebAppContext@59a50f5e{ozoneManager,/,null,STOPPED}{file:/github/workspace/mnt/ozone/hadoop-ozone/integration-test/target/test-classes/webapps/ozoneManager}
2020-11-26 17:12:16,552 [Listener at 127.0.0.1/40769] INFO  server.AbstractConnector (AbstractConnector.java:doStop(381)) - Stopped ServerConnector@398f8c49{HTTP/1.1, (http/1.1)}{0.0.0.0:0}
2020-11-26 17:12:16,552 [Listener at 127.0.0.1/40769] INFO  server.session (HouseKeeper.java:stopScavenging(149)) - node0 Stopped scavenging
2020-11-26 17:12:16,552 [Listener at 127.0.0.1/40769] INFO  handler.ContextHandler (ContextHandler.java:doStop(1154)) - Stopped o.e.j.s.ServletContextHandler@5aa228c5{static,/static,file:///github/workspace/mnt/ozone/hadoop-ozone/integration-test/target/test-classes/webapps/static,STOPPED}
2020-11-26 17:12:16,552 [Listener at 127.0.0.1/40769] INFO  handler.ContextHandler (ContextHandler.java:doStop(1154)) - Stopped o.e.j.s.ServletContextHandler@5dd6bfc9{logs,/logs,file:///github/workspace/mnt/ozone/hadoop-ozone/integration-test/target/log,STOPPED}
2020-11-26 17:12:16,554 [Listener at 127.0.0.1/40769] INFO  ozone.MiniOzoneClusterImpl (MiniOzoneClusterImpl.java:stopDatanodes(462)) - Stopping the HddsDatanodes
2020-11-26 17:12:16,868 [Datanode State Machine Thread - 0] INFO  statemachine.DatanodeStateMachine (DatanodeStateMachine.java:lambda$startDaemon$0(406)) - Ozone container server started.
2020-11-26 17:12:17,157 [Datanode State Machine Thread - 0] INFO  statemachine.DatanodeStateMachine (DatanodeStateMachine.java:lambda$startDaemon$0(406)) - Ozone container server started.
2020-11-26 17:12:21,555 [ForkJoinPool.commonPool-worker-0] INFO  ozoneimpl.OzoneContainer (OzoneContainer.java:stop(257)) - Attempting to stop container services.
2020-11-26 17:12:21,555 [ForkJoinPool.commonPool-worker-0] INFO  impl.RaftServerProxy (RaftServerProxy.java:lambda$close$4(338)) - 7ade5ca2-bff4-467c-9da3-f3034c092d73: close
2020-11-26 17:12:21,556 [ForkJoinPool.commonPool-worker-0] INFO  impl.RaftServerImpl (RaftServerImpl.java:lambda$shutdown$3(328)) - 7ade5ca2-bff4-467c-9da3-f3034c092d73@group-990679950FAF: shutdown
2020-11-26 17:12:21,556 [ForkJoinPool.commonPool-worker-0] INFO  util.JmxRegister (JmxRegister.java:unregister(73)) - Successfully un-registered JMX Bean with object name Ratis:service=RaftServer,group=group-990679950FAF,id=7ade5ca2-bff4-467c-9da3-f3034c092d73
2020-11-26 17:12:21,556 [ForkJoinPool.commonPool-worker-0] INFO  impl.RoleInfo (RoleInfo.java:shutdownLeaderState(104)) - 7ade5ca2-bff4-467c-9da3-f3034c092d73: shutdown 7ade5ca2-bff4-467c-9da3-f3034c092d73@group-990679950FAF-LeaderState
2020-11-26 17:12:21,556 [ForkJoinPool.commonPool-worker-0] INFO  impl.PendingRequests (PendingRequests.java:sendNotLeaderResponses(250)) - 7ade5ca2-bff4-467c-9da3-f3034c092d73@group-990679950FAF-PendingRequests: sendNotLeaderResponses
2020-11-26 17:12:21,559 [ForkJoinPool.commonPool-worker-0] INFO  metrics.RatisMetrics (RatisMetrics.java:unregister(43)) - Unregistering Metrics Registry : ratis.log_appender.7ade5ca2-bff4-467c-9da3-f3034c092d73@group-990679950FAF
2020-11-26 17:12:21,559 [ForkJoinPool.commonPool-worker-0] INFO  metrics.RatisMetrics (RatisMetrics.java:unregister(43)) - Unregistering Metrics Registry : ratis.server.7ade5ca2-bff4-467c-9da3-f3034c092d73@group-990679950FAF
2020-11-26 17:12:21,560 [Listener at 127.0.0.1/40769] INFO  ozoneimpl.OzoneContainer (OzoneContainer.java:stop(257)) - Attempting to stop container services.
2020-11-26 17:12:21,560 [Listener at 127.0.0.1/40769] INFO  impl.RaftServerProxy (RaftServerProxy.java:lambda$close$4(338)) - 2ae88acd-293c-44f1-bb58-9baaea38510e: close
2020-11-26 17:12:21,561 [Listener at 127.0.0.1/40769] INFO  impl.RaftServerImpl (RaftServerImpl.java:lambda$shutdown$3(328)) - 2ae88acd-293c-44f1-bb58-9baaea38510e@group-6F588FA94E98: shutdown
2020-11-26 17:12:21,561 [Listener at 127.0.0.1/40769] INFO  util.JmxRegister (JmxRegister.java:unregister(73)) - Successfully un-registered JMX Bean with object name Ratis:service=RaftServer,group=group-6F588FA94E98,id=2ae88acd-293c-44f1-bb58-9baaea38510e
2020-11-26 17:12:21,561 [Listener at 127.0.0.1/40769] INFO  impl.RoleInfo (RoleInfo.java:shutdownFollowerState(121)) - 2ae88acd-293c-44f1-bb58-9baaea38510e: shutdown 2ae88acd-293c-44f1-bb58-9baaea38510e@group-6F588FA94E98-FollowerState
2020-11-26 17:12:21,561 [Listener at 127.0.0.1/40769] INFO  impl.StateMachineUpdater (StateMachineUpdater.java:stopAndJoin(147)) - 2ae88acd-293c-44f1-bb58-9baaea38510e@group-6F588FA94E98-StateMachineUpdater: set stopIndex = 0
2020-11-26 17:12:21,561 [Thread-657] INFO  impl.FollowerState (FollowerState.java:run(137)) - 2ae88acd-293c-44f1-bb58-9baaea38510e@group-6F588FA94E98-FollowerState was interrupted: {}
java.lang.InterruptedException: sleep interrupted
	at java.lang.Thread.sleep(Native Method)
	at org.apache.ratis.util.JavaUtils.sleep(JavaUtils.java:250)
	at org.apache.ratis.server.impl.FollowerState.run(FollowerState.java:116)
2020-11-26 17:12:21,561 [2ae88acd-293c-44f1-bb58-9baaea38510e@group-6F588FA94E98-StateMachineUpdater] INFO  ratis.ContainerStateMachine (ContainerStateMachine.java:takeSnapshot(293)) - group-6F588FA94E98: Taking a snapshot at:(t:1, i:0) file /github/workspace/mnt/ozone/hadoop-ozone/integration-test/target/test-dir/MiniOzoneClusterImpl-baac2ffe-e1a6-449a-ab8a-404ec876111f/datanode-4/data/ratis/c2ef77a2-3d65-48dd-81bf-6f588fa94e98/sm/snapshot.1_0
2020-11-26 17:12:21,562 [7ade5ca2-bff4-467c-9da3-f3034c092d73@group-990679950FAF-StateMachineUpdater] INFO  ratis.ContainerStateMachine (ContainerStateMachine.java:takeSnapshot(293)) - group-990679950FAF: Taking a snapshot at:(t:1, i:4) file /github/workspace/mnt/ozone/hadoop-ozone/integration-test/target/test-dir/MiniOzoneClusterImpl-baac2ffe-e1a6-449a-ab8a-404ec876111f/datanode-1/data/ratis/7a2759e7-3455-40b2-adcd-990679950faf/sm/snapshot.1_4
2020-11-26 17:12:21,562 [ForkJoinPool.commonPool-worker-0] INFO  impl.StateMachineUpdater (StateMachineUpdater.java:stopAndJoin(147)) - 7ade5ca2-bff4-467c-9da3-f3034c092d73@group-990679950FAF-StateMachineUpdater: set stopIndex = 4
2020-11-26 17:12:21,810 [2ae88acd-293c-44f1-bb58-9baaea38510e@group-6F588FA94E98-StateMachineUpdater] INFO  ratis.ContainerStateMachine (ContainerStateMachine.java:takeSnapshot(304)) - group-6F588FA94E98: Finished taking a snapshot at:(t:1, i:0) file:/github/workspace/mnt/ozone/hadoop-ozone/integration-test/target/test-dir/MiniOzoneClusterImpl-baac2ffe-e1a6-449a-ab8a-404ec876111f/datanode-4/data/ratis/c2ef77a2-3d65-48dd-81bf-6f588fa94e98/sm/snapshot.1_0 time:248
2020-11-26 17:12:21,810 [7ade5ca2-bff4-467c-9da3-f3034c092d73@group-990679950FAF-StateMachineUpdater] INFO  ratis.ContainerStateMachine (ContainerStateMachine.java:takeSnapshot(304)) - group-990679950FAF: Finished taking a snapshot at:(t:1, i:4) file:/github/workspace/mnt/ozone/hadoop-ozone/integration-test/target/test-dir/MiniOzoneClusterImpl-baac2ffe-e1a6-449a-ab8a-404ec876111f/datanode-1/data/ratis/7a2759e7-3455-40b2-adcd-990679950faf/sm/snapshot.1_4 time:249
2020-11-26 17:12:21,810 [7ade5ca2-bff4-467c-9da3-f3034c092d73@group-990679950FAF-StateMachineUpdater] INFO  impl.StateMachineUpdater (StateMachineUpdater.java:takeSnapshot(278)) - 7ade5ca2-bff4-467c-9da3-f3034c092d73@group-990679950FAF-StateMachineUpdater: Took a snapshot at index 4
2020-11-26 17:12:21,810 [7ade5ca2-bff4-467c-9da3-f3034c092d73@group-990679950FAF-StateMachineUpdater] INFO  impl.StateMachineUpdater (StateMachineUpdater.java:lambda$new$0(87)) - 7ade5ca2-bff4-467c-9da3-f3034c092d73@group-990679950FAF-StateMachineUpdater: snapshotIndex: updateIncreasingly -1 -> 4
2020-11-26 17:12:21,810 [7ade5ca2-bff4-467c-9da3-f3034c092d73@group-990679950FAF-StateMachineUpdater] INFO  metrics.RatisMetrics (RatisMetrics.java:unregister(43)) - Unregistering Metrics Registry : ratis.state_machine.7ade5ca2-bff4-467c-9da3-f3034c092d73@group-990679950FAF
2020-11-26 17:12:21,811 [2ae88acd-293c-44f1-bb58-9baaea38510e@group-6F588FA94E98-StateMachineUpdater] INFO  impl.StateMachineUpdater (StateMachineUpdater.java:takeSnapshot(278)) - 2ae88acd-293c-44f1-bb58-9baaea38510e@group-6F588FA94E98-StateMachineUpdater: Took a snapshot at index 0
2020-11-26 17:12:21,811 [2ae88acd-293c-44f1-bb58-9baaea38510e@group-6F588FA94E98-StateMachineUpdater] INFO  impl.StateMachineUpdater (StateMachineUpdater.java:lambda$new$0(87)) - 2ae88acd-293c-44f1-bb58-9baaea38510e@group-6F588FA94E98-StateMachineUpdater: snapshotIndex: updateIncreasingly -1 -> 0
2020-11-26 17:12:21,811 [2ae88acd-293c-44f1-bb58-9baaea38510e@group-6F588FA94E98-StateMachineUpdater] INFO  metrics.RatisMetrics (RatisMetrics.java:unregister(43)) - Unregistering Metrics Registry : ratis.state_machine.2ae88acd-293c-44f1-bb58-9baaea38510e@group-6F588FA94E98
2020-11-26 17:12:21,811 [Listener at 127.0.0.1/40769] INFO  impl.RaftServerImpl (ServerState.java:close(406)) - 2ae88acd-293c-44f1-bb58-9baaea38510e@group-6F588FA94E98: closes. applyIndex: 0
2020-11-26 17:12:21,811 [2ae88acd-293c-44f1-bb58-9baaea38510e@group-6F588FA94E98-SegmentedRaftLogWorker] INFO  segmented.SegmentedRaftLogWorker (SegmentedRaftLogWorker.java:run(329)) - 2ae88acd-293c-44f1-bb58-9baaea38510e@group-6F588FA94E98-SegmentedRaftLogWorker was interrupted, exiting. There are 0 tasks remaining in the queue.
2020-11-26 17:12:21,811 [ForkJoinPool.commonPool-worker-0] INFO  impl.RaftServerImpl (ServerState.java:close(406)) - 7ade5ca2-bff4-467c-9da3-f3034c092d73@group-990679950FAF: closes. applyIndex: 4
2020-11-26 17:12:21,817 [7ade5ca2-bff4-467c-9da3-f3034c092d73@group-990679950FAF-SegmentedRaftLogWorker] INFO  segmented.SegmentedRaftLogWorker (SegmentedRaftLogWorker.java:run(329)) - 7ade5ca2-bff4-467c-9da3-f3034c092d73@group-990679950FAF-SegmentedRaftLogWorker was interrupted, exiting. There are 0 tasks remaining in the queue.
2020-11-26 17:12:21,817 [Listener at 127.0.0.1/40769] INFO  segmented.SegmentedRaftLogWorker (SegmentedRaftLogWorker.java:close(235)) - 2ae88acd-293c-44f1-bb58-9baaea38510e@group-6F588FA94E98-SegmentedRaftLogWorker close()
2020-11-26 17:12:21,818 [ForkJoinPool.commonPool-worker-0] INFO  segmented.SegmentedRaftLogWorker (SegmentedRaftLogWorker.java:close(235)) - 7ade5ca2-bff4-467c-9da3-f3034c092d73@group-990679950FAF-SegmentedRaftLogWorker close()
2020-11-26 17:12:21,819 [Listener at 127.0.0.1/40769] INFO  metrics.RatisMetrics (RatisMetrics.java:unregister(43)) - Unregistering Metrics Registry : ratis.log_worker.2ae88acd-293c-44f1-bb58-9baaea38510e@group-6F588FA94E98
2020-11-26 17:12:21,819 [Listener at 127.0.0.1/40769] INFO  metrics.RatisMetrics (RatisMetrics.java:unregister(43)) - Unregistering Metrics Registry : ratis.leader_election.2ae88acd-293c-44f1-bb58-9baaea38510e@group-6F588FA94E98
2020-11-26 17:12:21,819 [Listener at 127.0.0.1/40769] INFO  metrics.RatisMetrics (RatisMetrics.java:unregister(43)) - Unregistering Metrics Registry : ratis.server.2ae88acd-293c-44f1-bb58-9baaea38510e@group-6F588FA94E98
2020-11-26 17:12:21,819 [Listener at 127.0.0.1/40769] INFO  impl.RaftServerImpl (RaftServerImpl.java:lambda$shutdown$3(328)) - 2ae88acd-293c-44f1-bb58-9baaea38510e@group-947E8FCC7C40: shutdown
2020-11-26 17:12:21,819 [Listener at 127.0.0.1/40769] INFO  util.JmxRegister (JmxRegister.java:unregister(73)) - Successfully un-registered JMX Bean with object name Ratis:service=RaftServer,group=group-947E8FCC7C40,id=2ae88acd-293c-44f1-bb58-9baaea38510e
2020-11-26 17:12:21,819 [Listener at 127.0.0.1/40769] INFO  impl.RoleInfo (RoleInfo.java:shutdownLeaderState(104)) - 2ae88acd-293c-44f1-bb58-9baaea38510e: shutdown 2ae88acd-293c-44f1-bb58-9baaea38510e@group-947E8FCC7C40-LeaderState
2020-11-26 17:12:21,819 [Listener at 127.0.0.1/40769] INFO  impl.PendingRequests (PendingRequests.java:sendNotLeaderResponses(250)) - 2ae88acd-293c-44f1-bb58-9baaea38510e@group-947E8FCC7C40-PendingRequests: sendNotLeaderResponses
2020-11-26 17:12:21,820 [ForkJoinPool.commonPool-worker-0] INFO  metrics.RatisMetrics (RatisMetrics.java:unregister(43)) - Unregistering Metrics Registry : ratis.log_worker.7ade5ca2-bff4-467c-9da3-f3034c092d73@group-990679950FAF
2020-11-26 17:12:21,821 [ForkJoinPool.commonPool-worker-0] INFO  metrics.RatisMetrics (RatisMetrics.java:unregister(43)) - Unregistering Metrics Registry : ratis.leader_election.7ade5ca2-bff4-467c-9da3-f3034c092d73@group-990679950FAF
2020-11-26 17:12:21,821 [Listener at 127.0.0.1/40769] INFO  metrics.RatisMetrics (RatisMetrics.java:unregister(43)) - Unregistering Metrics Registry : ratis.log_appender.2ae88acd-293c-44f1-bb58-9baaea38510e@group-947E8FCC7C40
2020-11-26 17:12:21,821 [Listener at 127.0.0.1/40769] INFO  metrics.RatisMetrics (RatisMetrics.java:unregister(43)) - Unregistering Metrics Registry : ratis.server.2ae88acd-293c-44f1-bb58-9baaea38510e@group-947E8FCC7C40
2020-11-26 17:12:21,822 [Listener at 127.0.0.1/40769] INFO  impl.StateMachineUpdater (StateMachineUpdater.java:stopAndJoin(147)) - 2ae88acd-293c-44f1-bb58-9baaea38510e@group-947E8FCC7C40-StateMachineUpdater: set stopIndex = 19
2020-11-26 17:12:21,821 [ForkJoinPool.commonPool-worker-0] INFO  metrics.RatisMetrics (RatisMetrics.java:unregister(43)) - Unregistering Metrics Registry : ratis.server.7ade5ca2-bff4-467c-9da3-f3034c092d73@group-990679950FAF
2020-11-26 17:12:21,822 [2ae88acd-293c-44f1-bb58-9baaea38510e@group-947E8FCC7C40-StateMachineUpdater] INFO  ratis.ContainerStateMachine (ContainerStateMachine.java:takeSnapshot(293)) - group-947E8FCC7C40: Taking a snapshot at:(t:1, i:19) file /github/workspace/mnt/ozone/hadoop-ozone/integration-test/target/test-dir/MiniOzoneClusterImpl-baac2ffe-e1a6-449a-ab8a-404ec876111f/datanode-4/data/ratis/737377c1-c79d-4053-bf07-947e8fcc7c40/sm/snapshot.1_19
2020-11-26 17:12:21,822 [ForkJoinPool.commonPool-worker-0] INFO  impl.RaftServerImpl (RaftServerImpl.java:lambda$shutdown$3(328)) - 7ade5ca2-bff4-467c-9da3-f3034c092d73@group-6FEDBFA20FBE: shutdown
2020-11-26 17:12:21,823 [ForkJoinPool.commonPool-worker-0] INFO  util.JmxRegister (JmxRegister.java:unregister(73)) - Successfully un-registered JMX Bean with object name Ratis:service=RaftServer,group=group-6FEDBFA20FBE,id=7ade5ca2-bff4-467c-9da3-f3034c092d73
2020-11-26 17:12:21,823 [ForkJoinPool.commonPool-worker-0] INFO  impl.RoleInfo (RoleInfo.java:shutdownLeaderState(104)) - 7ade5ca2-bff4-467c-9da3-f3034c092d73: shutdown 7ade5ca2-bff4-467c-9da3-f3034c092d73@group-6FEDBFA20FBE-LeaderState
2020-11-26 17:12:21,823 [ForkJoinPool.commonPool-worker-0] INFO  metrics.RatisMetrics (RatisMetrics.java:unregister(43)) - Unregistering Metrics Registry : ratis_grpc.log_appender.7ade5ca2-bff4-467c-9da3-f3034c092d73@group-6FEDBFA20FBE
2020-11-26 17:12:21,823 [ForkJoinPool.commonPool-worker-0] INFO  metrics.RatisMetrics (RatisMetrics.java:unregister(43)) - Unregistering Metrics Registry : ratis_grpc.log_appender.7ade5ca2-bff4-467c-9da3-f3034c092d73@group-6FEDBFA20FBE
2020-11-26 17:12:21,824 [ForkJoinPool.commonPool-worker-0] INFO  impl.PendingRequests (PendingRequests.java:sendNotLeaderResponses(250)) - 7ade5ca2-bff4-467c-9da3-f3034c092d73@group-6FEDBFA20FBE-PendingRequests: sendNotLeaderResponses
2020-11-26 17:12:21,824 [ForkJoinPool.commonPool-worker-0] INFO  metrics.RatisMetrics (RatisMetrics.java:unregister(43)) - Unregistering Metrics Registry : ratis.log_appender.7ade5ca2-bff4-467c-9da3-f3034c092d73@group-6FEDBFA20FBE
2020-11-26 17:12:21,824 [ForkJoinPool.commonPool-worker-0] INFO  metrics.RatisMetrics (RatisMetrics.java:unregister(43)) - Unregistering Metrics Registry : ratis.server.7ade5ca2-bff4-467c-9da3-f3034c092d73@group-6FEDBFA20FBE
2020-11-26 17:12:21,824 [org.apache.ratis.server.impl.LogAppender$AppenderDaemon$$Lambda$497/691488342@429b867c] WARN  server.GrpcLogAppender (GrpcLogAppender.java:mayWait(168)) - 7ade5ca2-bff4-467c-9da3-f3034c092d73@group-6FEDBFA20FBE->b1bf3cee-cb5c-43b1-b618-d84fa5af82f6-GrpcLogAppender: Wait interrupted by java.lang.InterruptedException
2020-11-26 17:12:21,824 [2ae88acd-293c-44f1-bb58-9baaea38510e@group-947E8FCC7C40-StateMachineUpdater] INFO  ratis.ContainerStateMachine (ContainerStateMachine.java:takeSnapshot(304)) - group-947E8FCC7C40: Finished taking a snapshot at:(t:1, i:19) file:/github/workspace/mnt/ozone/hadoop-ozone/integration-test/target/test-dir/MiniOzoneClusterImpl-baac2ffe-e1a6-449a-ab8a-404ec876111f/datanode-4/data/ratis/737377c1-c79d-4053-bf07-947e8fcc7c40/sm/snapshot.1_19 time:2
2020-11-26 17:12:21,824 [ForkJoinPool.commonPool-worker-0] INFO  impl.StateMachineUpdater (StateMachineUpdater.java:stopAndJoin(147)) - 7ade5ca2-bff4-467c-9da3-f3034c092d73@group-6FEDBFA20FBE-StateMachineUpdater: set stopIndex = 0
2020-11-26 17:12:21,824 [2ae88acd-293c-44f1-bb58-9baaea38510e@group-947E8FCC7C40-StateMachineUpdater] INFO  impl.StateMachineUpdater (StateMachineUpdater.java:takeSnapshot(278)) - 2ae88acd-293c-44f1-bb58-9baaea38510e@group-947E8FCC7C40-StateMachineUpdater: Took a snapshot at index 19
2020-11-26 17:12:21,824 [2ae88acd-293c-44f1-bb58-9baaea38510e@group-947E8FCC7C40-StateMachineUpdater] INFO  impl.StateMachineUpdater (StateMachineUpdater.java:lambda$new$0(87)) - 2ae88acd-293c-44f1-bb58-9baaea38510e@group-947E8FCC7C40-StateMachineUpdater: snapshotIndex: updateIncreasingly -1 -> 19
2020-11-26 17:12:21,825 [2ae88acd-293c-44f1-bb58-9baaea38510e@group-947E8FCC7C40-StateMachineUpdater] INFO  metrics.RatisMetrics (RatisMetrics.java:unregister(43)) - Unregistering Metrics Registry : ratis.state_machine.2ae88acd-293c-44f1-bb58-9baaea38510e@group-947E8FCC7C40
2020-11-26 17:12:21,825 [Listener at 127.0.0.1/40769] INFO  impl.RaftServerImpl (ServerState.java:close(406)) - 2ae88acd-293c-44f1-bb58-9baaea38510e@group-947E8FCC7C40: closes. applyIndex: 19
2020-11-26 17:12:21,825 [2ae88acd-293c-44f1-bb58-9baaea38510e@group-947E8FCC7C40-SegmentedRaftLogWorker] INFO  segmented.SegmentedRaftLogWorker (SegmentedRaftLogWorker.java:run(329)) - 2ae88acd-293c-44f1-bb58-9baaea38510e@group-947E8FCC7C40-SegmentedRaftLogWorker was interrupted, exiting. There are 0 tasks remaining in the queue.
2020-11-26 17:12:21,824 [org.apache.ratis.server.impl.LogAppender$AppenderDaemon$$Lambda$497/691488342@3d1fcdb9] WARN  server.GrpcLogAppender (GrpcLogAppender.java:mayWait(168)) - 7ade5ca2-bff4-467c-9da3-f3034c092d73@group-6FEDBFA20FBE->466c22d0-338a-4ace-8281-5de7adeb975e-GrpcLogAppender: Wait interrupted by java.lang.InterruptedException
2020-11-26 17:12:21,826 [grpc-default-executor-0] INFO  server.GrpcServerProtocolService (GrpcServerProtocolService.java:onCompleted(138)) - b1bf3cee-cb5c-43b1-b618-d84fa5af82f6: Completed APPEND_ENTRIES, lastRequest: 7ade5ca2-bff4-467c-9da3-f3034c092d73->b1bf3cee-cb5c-43b1-b618-d84fa5af82f6#1-t1, previous=(t:0, i:0), leaderCommit=0, initializing? false, entries: size=1, first=(t:1, i:0), CONFIGURATIONENTRY
2020-11-26 17:12:21,825 [7ade5ca2-bff4-467c-9da3-f3034c092d73@group-6FEDBFA20FBE-StateMachineUpdater] INFO  ratis.ContainerStateMachine (ContainerStateMachine.java:takeSnapshot(293)) - group-6FEDBFA20FBE: Taking a snapshot at:(t:1, i:0) file /github/workspace/mnt/ozone/hadoop-ozone/integration-test/target/test-dir/MiniOzoneClusterImpl-baac2ffe-e1a6-449a-ab8a-404ec876111f/datanode-1/data/ratis/6dd5f12f-9316-49cf-8695-6fedbfa20fbe/sm/snapshot.1_0
2020-11-26 17:12:21,827 [grpc-default-executor-3] INFO  server.GrpcLogAppender (GrpcLogAppender.java:onCompleted(337)) - 7ade5ca2-bff4-467c-9da3-f3034c092d73@group-6FEDBFA20FBE->b1bf3cee-cb5c-43b1-b618-d84fa5af82f6-AppendLogResponseHandler: follower responses appendEntries COMPLETED
2020-11-26 17:12:21,827 [grpc-default-executor-2] INFO  server.GrpcServerProtocolService (GrpcServerProtocolService.java:onCompleted(138)) - 466c22d0-338a-4ace-8281-5de7adeb975e: Completed APPEND_ENTRIES, lastRequest: 7ade5ca2-bff4-467c-9da3-f3034c092d73->466c22d0-338a-4ace-8281-5de7adeb975e#1-t1, previous=(t:0, i:0), leaderCommit=0, initializing? false, entries: size=1, first=(t:1, i:0), CONFIGURATIONENTRY
2020-11-26 17:12:21,827 [7ade5ca2-bff4-467c-9da3-f3034c092d73@group-6FEDBFA20FBE-StateMachineUpdater] INFO  ratis.ContainerStateMachine (ContainerStateMachine.java:takeSnapshot(304)) - group-6FEDBFA20FBE: Finished taking a snapshot at:(t:1, i:0) file:/github/workspace/mnt/ozone/hadoop-ozone/integration-test/target/test-dir/MiniOzoneClusterImpl-baac2ffe-e1a6-449a-ab8a-404ec876111f/datanode-1/data/ratis/6dd5f12f-9316-49cf-8695-6fedbfa20fbe/sm/snapshot.1_0 time:2
2020-11-26 17:12:21,828 [7ade5ca2-bff4-467c-9da3-f3034c092d73@group-6FEDBFA20FBE-StateMachineUpdater] INFO  impl.StateMachineUpdater (StateMachineUpdater.java:takeSnapshot(278)) - 7ade5ca2-bff4-467c-9da3-f3034c092d73@group-6FEDBFA20FBE-StateMachineUpdater: Took a snapshot at index 0
2020-11-26 17:12:21,828 [7ade5ca2-bff4-467c-9da3-f3034c092d73@group-6FEDBFA20FBE-StateMachineUpdater] INFO  impl.StateMachineUpdater (StateMachineUpdater.java:lambda$new$0(87)) - 7ade5ca2-bff4-467c-9da3-f3034c092d73@group-6FEDBFA20FBE-StateMachineUpdater: snapshotIndex: updateIncreasingly -1 -> 0
2020-11-26 17:12:21,828 [7ade5ca2-bff4-467c-9da3-f3034c092d73@group-6FEDBFA20FBE-StateMachineUpdater] INFO  metrics.RatisMetrics (RatisMetrics.java:unregister(43)) - Unregistering Metrics Registry : ratis.state_machine.7ade5ca2-bff4-467c-9da3-f3034c092d73@group-6FEDBFA20FBE
2020-11-26 17:12:21,828 [ForkJoinPool.commonPool-worker-0] INFO  impl.RaftServerImpl (ServerState.java:close(406)) - 7ade5ca2-bff4-467c-9da3-f3034c092d73@group-6FEDBFA20FBE: closes. applyIndex: 0
2020-11-26 17:12:21,828 [grpc-default-executor-0] INFO  server.GrpcLogAppender (GrpcLogAppender.java:onCompleted(337)) - 7ade5ca2-bff4-467c-9da3-f3034c092d73@group-6FEDBFA20FBE->466c22d0-338a-4ace-8281-5de7adeb975e-AppendLogResponseHandler: follower responses appendEntries COMPLETED
2020-11-26 17:12:21,828 [7ade5ca2-bff4-467c-9da3-f3034c092d73@group-6FEDBFA20FBE-SegmentedRaftLogWorker] INFO  segmented.SegmentedRaftLogWorker (SegmentedRaftLogWorker.java:run(329)) - 7ade5ca2-bff4-467c-9da3-f3034c092d73@group-6FEDBFA20FBE-SegmentedRaftLogWorker was interrupted, exiting. There are 0 tasks remaining in the queue.
2020-11-26 17:12:21,828 [grpc-default-executor-0] INFO  impl.FollowerInfo (FollowerInfo.java:lambda$new$0(51)) - 7ade5ca2-bff4-467c-9da3-f3034c092d73@group-6FEDBFA20FBE->466c22d0-338a-4ace-8281-5de7adeb975e: nextIndex: updateUnconditionally 1 -> 0
2020-11-26 17:12:21,832 [Listener at 127.0.0.1/40769] INFO  segmented.SegmentedRaftLogWorker (SegmentedRaftLogWorker.java:close(235)) - 2ae88acd-293c-44f1-bb58-9baaea38510e@group-947E8FCC7C40-SegmentedRaftLogWorker close()
2020-11-26 17:12:21,827 [grpc-default-executor-3] INFO  impl.FollowerInfo (FollowerInfo.java:lambda$new$0(51)) - 7ade5ca2-bff4-467c-9da3-f3034c092d73@group-6FEDBFA20FBE->b1bf3cee-cb5c-43b1-b618-d84fa5af82f6: nextIndex: updateUnconditionally 1 -> 0
2020-11-26 17:12:21,832 [ForkJoinPool.commonPool-worker-0] INFO  segmented.SegmentedRaftLogWorker (SegmentedRaftLogWorker.java:close(235)) - 7ade5ca2-bff4-467c-9da3-f3034c092d73@group-6FEDBFA20FBE-SegmentedRaftLogWorker close()
2020-11-26 17:12:21,833 [Listener at 127.0.0.1/40769] INFO  metrics.RatisMetrics (RatisMetrics.java:unregister(43)) - Unregistering Metrics Registry : ratis.log_worker.2ae88acd-293c-44f1-bb58-9baaea38510e@group-947E8FCC7C40
2020-11-26 17:12:21,833 [ForkJoinPool.commonPool-worker-0] INFO  metrics.RatisMetrics (RatisMetrics.java:unregister(43)) - Unregistering Metrics Registry : ratis.log_worker.7ade5ca2-bff4-467c-9da3-f3034c092d73@group-6FEDBFA20FBE
2020-11-26 17:12:21,834 [ForkJoinPool.commonPool-worker-0] INFO  metrics.RatisMetrics (RatisMetrics.java:unregister(43)) - Unregistering Metrics Registry : ratis.leader_election.7ade5ca2-bff4-467c-9da3-f3034c092d73@group-6FEDBFA20FBE
2020-11-26 17:12:21,834 [ForkJoinPool.commonPool-worker-0] INFO  metrics.RatisMetrics (RatisMetrics.java:unregister(43)) - Unregistering Metrics Registry : ratis.server.7ade5ca2-bff4-467c-9da3-f3034c092d73@group-6FEDBFA20FBE
2020-11-26 17:12:21,834 [ForkJoinPool.commonPool-worker-0] INFO  server.GrpcService (GrpcService.java:closeImpl(184)) - 7ade5ca2-bff4-467c-9da3-f3034c092d73: shutdown server with port 35745 now
2020-11-26 17:12:21,834 [Listener at 127.0.0.1/40769] INFO  metrics.RatisMetrics (RatisMetrics.java:unregister(43)) - Unregistering Metrics Registry : ratis.leader_election.2ae88acd-293c-44f1-bb58-9baaea38510e@group-947E8FCC7C40
2020-11-26 17:12:21,834 [Listener at 127.0.0.1/40769] INFO  metrics.RatisMetrics (RatisMetrics.java:unregister(43)) - Unregistering Metrics Registry : ratis.server.2ae88acd-293c-44f1-bb58-9baaea38510e@group-947E8FCC7C40
2020-11-26 17:12:21,834 [Listener at 127.0.0.1/40769] INFO  server.GrpcService (GrpcService.java:closeImpl(184)) - 2ae88acd-293c-44f1-bb58-9baaea38510e: shutdown server with port 39921 now
2020-11-26 17:12:21,837 [grpc-default-executor-2] WARN  server.GrpcServerProtocolService (LogUtils.java:warn(122)) - 2ae88acd-293c-44f1-bb58-9baaea38510e: installSnapshot onError, lastRequest: ff415fc8-d651-447e-8633-56fa30db40b3->2ae88acd-293c-44f1-bb58-9baaea38510e#1-t1, previous=(t:0, i:0), leaderCommit=-1, initializing? false, entries: size=1, first=(t:1, i:0), CONFIGURATIONENTRY: org.apache.ratis.thirdparty.io.grpc.StatusRuntimeException: CANCELLED: cancelled before receiving half close
2020-11-26 17:12:21,837 [Listener at 127.0.0.1/40769] INFO  server.GrpcService (GrpcService.java:closeImpl(193)) - 2ae88acd-293c-44f1-bb58-9baaea38510e: shutdown server with port 39921 successfully
2020-11-26 17:12:21,838 [grpc-default-executor-0] WARN  server.GrpcLogAppender (LogUtils.java:warn(122)) - ff415fc8-d651-447e-8633-56fa30db40b3@group-6F588FA94E98->2ae88acd-293c-44f1-bb58-9baaea38510e-AppendLogResponseHandler: Failed appendEntries: org.apache.ratis.thirdparty.io.grpc.StatusRuntimeException: CANCELLED: HTTP/2 error code: CANCEL
Received Rst Stream
2020-11-26 17:12:21,839 [grpc-default-executor-0] WARN  server.GrpcLogAppender (GrpcLogAppender.java:resetClient(107)) - ff415fc8-d651-447e-8633-56fa30db40b3@group-6F588FA94E98->2ae88acd-293c-44f1-bb58-9baaea38510e-GrpcLogAppender: Leader has not got in touch with Follower ff415fc8-d651-447e-8633-56fa30db40b3@group-6F588FA94E98->2ae88acd-293c-44f1-bb58-9baaea38510e(c0,m0,n1, attendVote=true, lastRpcSendTime=1117, lastRpcResponseTime=1115) yet, just keep nextIndex unchanged and retry.
2020-11-26 17:12:21,839 [ForkJoinPool.commonPool-worker-0] INFO  server.GrpcService (GrpcService.java:closeImpl(193)) - 7ade5ca2-bff4-467c-9da3-f3034c092d73: shutdown server with port 35745 successfully
2020-11-26 17:12:21,840 [Listener at 127.0.0.1/40769] INFO  utils.BackgroundService (BackgroundService.java:shutdown(132)) - Shutting down service BlockDeletingService
2020-11-26 17:12:21,843 [Listener at 127.0.0.1/40769] INFO  statemachine.DatanodeStateMachine (DatanodeStateMachine.java:stopDaemon(459)) - Ozone container server stopped.
2020-11-26 17:12:21,843 [ForkJoinPool.commonPool-worker-0] INFO  utils.BackgroundService (BackgroundService.java:shutdown(132)) - Shutting down service BlockDeletingService
2020-11-26 17:12:21,853 [ForkJoinPool.commonPool-worker-0] INFO  statemachine.DatanodeStateMachine (DatanodeStateMachine.java:stopDaemon(459)) - Ozone container server stopped.
2020-11-26 17:12:21,855 [Listener at 127.0.0.1/40769] INFO  handler.ContextHandler (ContextHandler.java:doStop(1154)) - Stopped o.e.j.w.WebAppContext@16cd9f1{hddsDatanode,/,null,STOPPED}{jar:file:/home/user/.m2/repository/org/apache/hadoop/hadoop-hdds-container-service/1.1.0-SNAPSHOT/hadoop-hdds-container-service-1.1.0-SNAPSHOT.jar!/webapps/hddsDatanode}
2020-11-26 17:12:21,858 [Listener at 127.0.0.1/40769] INFO  server.AbstractConnector (AbstractConnector.java:doStop(381)) - Stopped ServerConnector@393328be{HTTP/1.1, (http/1.1)}{0.0.0.0:0}
2020-11-26 17:12:21,858 [Listener at 127.0.0.1/40769] INFO  server.session (HouseKeeper.java:stopScavenging(149)) - node0 Stopped scavenging
2020-11-26 17:12:21,858 [Listener at 127.0.0.1/40769] INFO  handler.ContextHandler (ContextHandler.java:doStop(1154)) - Stopped o.e.j.s.ServletContextHandler@b1cf777{static,/static,jar:file:/home/user/.m2/repository/org/apache/hadoop/hadoop-hdds-container-service/1.1.0-SNAPSHOT/hadoop-hdds-container-service-1.1.0-SNAPSHOT.jar!/webapps/static,STOPPED}
2020-11-26 17:12:21,859 [Listener at 127.0.0.1/40769] INFO  handler.ContextHandler (ContextHandler.java:doStop(1154)) - Stopped o.e.j.s.ServletContextHandler@2059e162{logs,/logs,file:///github/workspace/mnt/ozone/hadoop-ozone/integration-test/target/log,STOPPED}
2020-11-26 17:12:21,867 [ForkJoinPool.commonPool-worker-0] INFO  handler.ContextHandler (ContextHandler.java:doStop(1154)) - Stopped o.e.j.w.WebAppContext@4e9072e6{hddsDatanode,/,null,STOPPED}{jar:file:/home/user/.m2/repository/org/apache/hadoop/hadoop-hdds-container-service/1.1.0-SNAPSHOT/hadoop-hdds-container-service-1.1.0-SNAPSHOT.jar!/webapps/hddsDatanode}
2020-11-26 17:12:21,868 [ForkJoinPool.commonPool-worker-0] INFO  server.AbstractConnector (AbstractConnector.java:doStop(381)) - Stopped ServerConnector@51ade918{HTTP/1.1, (http/1.1)}{0.0.0.0:0}
2020-11-26 17:12:21,868 [ForkJoinPool.commonPool-worker-0] INFO  server.session (HouseKeeper.java:stopScavenging(149)) - node0 Stopped scavenging
2020-11-26 17:12:21,869 [ForkJoinPool.commonPool-worker-0] INFO  handler.ContextHandler (ContextHandler.java:doStop(1154)) - Stopped o.e.j.s.ServletContextHandler@68d422e1{static,/static,jar:file:/home/user/.m2/repository/org/apache/hadoop/hadoop-hdds-container-service/1.1.0-SNAPSHOT/hadoop-hdds-container-service-1.1.0-SNAPSHOT.jar!/webapps/static,STOPPED}
2020-11-26 17:12:21,869 [ForkJoinPool.commonPool-worker-0] INFO  handler.ContextHandler (ContextHandler.java:doStop(1154)) - Stopped o.e.j.s.ServletContextHandler@69653b3{logs,/logs,file:///github/workspace/mnt/ozone/hadoop-ozone/integration-test/target/log,STOPPED}
2020-11-26 17:12:22,495 [Datanode State Machine Thread - 0] INFO  statemachine.DatanodeStateMachine (DatanodeStateMachine.java:lambda$startDaemon$0(406)) - Ozone container server started.
2020-11-26 17:12:22,610 [Datanode State Machine Thread - 0] INFO  statemachine.DatanodeStateMachine (DatanodeStateMachine.java:lambda$startDaemon$0(406)) - Ozone container server started.
2020-11-26 17:12:23,225 [grpc-default-executor-2] WARN  server.GrpcLogAppender (LogUtils.java:warn(122)) - ff415fc8-d651-447e-8633-56fa30db40b3@group-6F588FA94E98->2ae88acd-293c-44f1-bb58-9baaea38510e-AppendLogResponseHandler: Failed appendEntries: org.apache.ratis.thirdparty.io.grpc.StatusRuntimeException: UNAVAILABLE: io exception
2020-11-26 17:12:23,226 [grpc-default-executor-2] WARN  server.GrpcLogAppender (GrpcLogAppender.java:resetClient(107)) - ff415fc8-d651-447e-8633-56fa30db40b3@group-6F588FA94E98->2ae88acd-293c-44f1-bb58-9baaea38510e-GrpcLogAppender: Leader has not got in touch with Follower ff415fc8-d651-447e-8633-56fa30db40b3@group-6F588FA94E98->2ae88acd-293c-44f1-bb58-9baaea38510e(c0,m0,n1, attendVote=true, lastRpcSendTime=1, lastRpcResponseTime=2502) yet, just keep nextIndex unchanged and retry.
2020-11-26 17:12:25,341 [Thread-632] INFO  impl.FollowerState (FollowerState.java:run(128)) - b1bf3cee-cb5c-43b1-b618-d84fa5af82f6@group-6FEDBFA20FBE-FollowerState: change to CANDIDATE, lastRpcTime:5328ms, electionTimeout:5013ms
2020-11-26 17:12:25,342 [Thread-632] INFO  impl.RoleInfo (RoleInfo.java:shutdownFollowerState(121)) - b1bf3cee-cb5c-43b1-b618-d84fa5af82f6: shutdown b1bf3cee-cb5c-43b1-b618-d84fa5af82f6@group-6FEDBFA20FBE-FollowerState
2020-11-26 17:12:25,342 [Thread-632] INFO  impl.RaftServerImpl (RaftServerImpl.java:setRole(204)) - b1bf3cee-cb5c-43b1-b618-d84fa5af82f6@group-6FEDBFA20FBE: changes role from  FOLLOWER to CANDIDATE at term 1 for changeToCandidate
2020-11-26 17:12:25,342 [Thread-632] INFO  impl.RoleInfo (RoleInfo.java:updateAndGet(143)) - b1bf3cee-cb5c-43b1-b618-d84fa5af82f6: start b1bf3cee-cb5c-43b1-b618-d84fa5af82f6@group-6FEDBFA20FBE-LeaderElection22
2020-11-26 17:12:25,343 [b1bf3cee-cb5c-43b1-b618-d84fa5af82f6@group-6FEDBFA20FBE-LeaderElection22] INFO  impl.RaftServerImpl (ServerState.java:setLeader(256)) - b1bf3cee-cb5c-43b1-b618-d84fa5af82f6@group-6FEDBFA20FBE: change Leader from 7ade5ca2-bff4-467c-9da3-f3034c092d73 to null at term 1 for initElection
2020-11-26 17:12:25,344 [b1bf3cee-cb5c-43b1-b618-d84fa5af82f6@group-6FEDBFA20FBE-LeaderElection22] INFO  impl.LeaderElection (LeaderElection.java:askForVotes(215)) - b1bf3cee-cb5c-43b1-b618-d84fa5af82f6@group-6FEDBFA20FBE-LeaderElection22: begin an election at term 2 for 0: [b1bf3cee-cb5c-43b1-b618-d84fa5af82f6|rpc:172.17.0.2:43435|dataStream:, 466c22d0-338a-4ace-8281-5de7adeb975e|rpc:172.17.0.2:36009|dataStream:, 7ade5ca2-bff4-467c-9da3-f3034c092d73|rpc:172.17.0.2:35745|dataStream:], old=null
2020-11-26 17:12:25,351 [grpc-default-executor-2] INFO  impl.RaftServerImpl (ServerState.java:setLeader(256)) - 466c22d0-338a-4ace-8281-5de7adeb975e@group-6FEDBFA20FBE: change Leader from 7ade5ca2-bff4-467c-9da3-f3034c092d73 to null at term 2 for updateCurrentTerm
2020-11-26 17:12:25,351 [grpc-default-executor-2] INFO  impl.RaftServerImpl (RaftServerImpl.java:setRole(204)) - 466c22d0-338a-4ace-8281-5de7adeb975e@group-6FEDBFA20FBE: changes role from  FOLLOWER to FOLLOWER at term 2 for recognizeCandidate:b1bf3cee-cb5c-43b1-b618-d84fa5af82f6
2020-11-26 17:12:25,351 [grpc-default-executor-2] INFO  impl.RoleInfo (RoleInfo.java:shutdownFollowerState(121)) - 466c22d0-338a-4ace-8281-5de7adeb975e: shutdown 466c22d0-338a-4ace-8281-5de7adeb975e@group-6FEDBFA20FBE-FollowerState
2020-11-26 17:12:25,351 [grpc-default-executor-2] INFO  impl.RoleInfo (RoleInfo.java:updateAndGet(143)) - 466c22d0-338a-4ace-8281-5de7adeb975e: start 466c22d0-338a-4ace-8281-5de7adeb975e@group-6FEDBFA20FBE-FollowerState
2020-11-26 17:12:25,351 [Thread-634] INFO  impl.FollowerState (FollowerState.java:run(137)) - 466c22d0-338a-4ace-8281-5de7adeb975e@group-6FEDBFA20FBE-FollowerState was interrupted: {}
java.lang.InterruptedException: sleep interrupted
	at java.lang.Thread.sleep(Native Method)
	at org.apache.ratis.util.JavaUtils.sleep(JavaUtils.java:250)
	at org.apache.ratis.server.impl.FollowerState.run(FollowerState.java:116)
2020-11-26 17:12:25,354 [grpc-default-executor-2] INFO  impl.RaftServerImpl (RaftServerImpl.java:requestVote(963)) -  FOLLOWER 466c22d0-338a-4ace-8281-5de7adeb975e@group-6FEDBFA20FBE:t2, leader=null, voted=null, raftlog=466c22d0-338a-4ace-8281-5de7adeb975e@group-6FEDBFA20FBE-SegmentedRaftLog:OPENED:c0,f0,i0, conf=0: [b1bf3cee-cb5c-43b1-b618-d84fa5af82f6|rpc:172.17.0.2:43435|dataStream:, 466c22d0-338a-4ace-8281-5de7adeb975e|rpc:172.17.0.2:36009|dataStream:, 7ade5ca2-bff4-467c-9da3-f3034c092d73|rpc:172.17.0.2:35745|dataStream:], old=null RUNNING priority:0 candidate:b1bf3cee-cb5c-43b1-b618-d84fa5af82f6|rpc:172.17.0.2:43435|dataStream: candidatePriority:0 compare:0
2020-11-26 17:12:25,355 [b1bf3cee-cb5c-43b1-b618-d84fa5af82f6@group-6FEDBFA20FBE-LeaderElection22] INFO  impl.LeaderElection (LogUtils.java:infoOrTrace(137)) - b1bf3cee-cb5c-43b1-b618-d84fa5af82f6@group-6FEDBFA20FBE-LeaderElection22 got exception when requesting votes: java.util.concurrent.ExecutionException: org.apache.ratis.thirdparty.io.grpc.StatusRuntimeException: UNAVAILABLE: io exception
2020-11-26 17:12:25,358 [b1bf3cee-cb5c-43b1-b618-d84fa5af82f6@group-6FEDBFA20FBE-LeaderElection22] INFO  impl.LeaderElection (LeaderElection.java:logAndReturn(65)) - b1bf3cee-cb5c-43b1-b618-d84fa5af82f6@group-6FEDBFA20FBE-LeaderElection22: Election PASSED; received 1 response(s) [b1bf3cee-cb5c-43b1-b618-d84fa5af82f6<-466c22d0-338a-4ace-8281-5de7adeb975e#0:OK-t2] and 1 exception(s); b1bf3cee-cb5c-43b1-b618-d84fa5af82f6@group-6FEDBFA20FBE:t2, leader=null, voted=b1bf3cee-cb5c-43b1-b618-d84fa5af82f6, raftlog=b1bf3cee-cb5c-43b1-b618-d84fa5af82f6@group-6FEDBFA20FBE-SegmentedRaftLog:OPENED:c0,f0,i0, conf=0: [b1bf3cee-cb5c-43b1-b618-d84fa5af82f6|rpc:172.17.0.2:43435|dataStream:, 466c22d0-338a-4ace-8281-5de7adeb975e|rpc:172.17.0.2:36009|dataStream:, 7ade5ca2-bff4-467c-9da3-f3034c092d73|rpc:172.17.0.2:35745|dataStream:], old=null
2020-11-26 17:12:25,358 [b1bf3cee-cb5c-43b1-b618-d84fa5af82f6@group-6FEDBFA20FBE-LeaderElection22] INFO  impl.LeaderElection (LogUtils.java:infoOrTrace(137)) -   Exception 0: java.util.concurrent.ExecutionException: org.apache.ratis.thirdparty.io.grpc.StatusRuntimeException: UNAVAILABLE: io exception
2020-11-26 17:12:25,358 [b1bf3cee-cb5c-43b1-b618-d84fa5af82f6@group-6FEDBFA20FBE-LeaderElection22] INFO  impl.RoleInfo (RoleInfo.java:shutdownLeaderElection(134)) - b1bf3cee-cb5c-43b1-b618-d84fa5af82f6: shutdown b1bf3cee-cb5c-43b1-b618-d84fa5af82f6@group-6FEDBFA20FBE-LeaderElection22
2020-11-26 17:12:25,358 [b1bf3cee-cb5c-43b1-b618-d84fa5af82f6@group-6FEDBFA20FBE-LeaderElection22] INFO  impl.RaftServerImpl (RaftServerImpl.java:setRole(204)) - b1bf3cee-cb5c-43b1-b618-d84fa5af82f6@group-6FEDBFA20FBE: changes role from CANDIDATE to LEADER at term 2 for changeToLeader
2020-11-26 17:12:25,358 [b1bf3cee-cb5c-43b1-b618-d84fa5af82f6@group-6FEDBFA20FBE-LeaderElection22] INFO  ratis.XceiverServerRatis (XceiverServerRatis.java:handleLeaderChangedNotification(854)) - Leader change notification received for group: group-6FEDBFA20FBE with new leaderId: b1bf3cee-cb5c-43b1-b618-d84fa5af82f6
2020-11-26 17:12:25,358 [b1bf3cee-cb5c-43b1-b618-d84fa5af82f6@group-6FEDBFA20FBE-LeaderElection22] INFO  impl.RaftServerImpl (ServerState.java:setLeader(256)) - b1bf3cee-cb5c-43b1-b618-d84fa5af82f6@group-6FEDBFA20FBE: change Leader from null to b1bf3cee-cb5c-43b1-b618-d84fa5af82f6 at term 2 for becomeLeader, leader elected after 15ms
2020-11-26 17:12:25,358 [b1bf3cee-cb5c-43b1-b618-d84fa5af82f6@group-6FEDBFA20FBE-LeaderElection22] INFO  server.RaftServerConfigKeys (ConfUtils.java:logGet(44)) - raft.server.staging.catchup.gap = 1000 (default)
2020-11-26 17:12:25,358 [b1bf3cee-cb5c-43b1-b618-d84fa5af82f6@group-6FEDBFA20FBE-LeaderElection22] INFO  server.RaftServerConfigKeys (ConfUtils.java:logGet(44)) - raft.server.rpc.sleep.time = 25ms (default)
2020-11-26 17:12:25,358 [b1bf3cee-cb5c-43b1-b618-d84fa5af82f6@group-6FEDBFA20FBE-LeaderElection22] INFO  metrics.RatisMetrics (RatisMetrics.java:lambda$create$0(36)) - Creating Metrics Registry : ratis.log_appender.b1bf3cee-cb5c-43b1-b618-d84fa5af82f6@group-6FEDBFA20FBE
2020-11-26 17:12:25,359 [b1bf3cee-cb5c-43b1-b618-d84fa5af82f6@group-6FEDBFA20FBE-LeaderElection22] INFO  server.RaftServerConfigKeys (ConfUtils.java:logGet(44)) - raft.server.write.element-limit = 1024 (custom)
2020-11-26 17:12:25,359 [b1bf3cee-cb5c-43b1-b618-d84fa5af82f6@group-6FEDBFA20FBE-LeaderElection22] INFO  server.RaftServerConfigKeys (ConfUtils.java:logGet(44)) - raft.server.write.byte-limit = 1073741824 (custom)
2020-11-26 17:12:25,359 [b1bf3cee-cb5c-43b1-b618-d84fa5af82f6@group-6FEDBFA20FBE-LeaderElection22] INFO  server.RaftServerConfigKeys (ConfUtils.java:logGet(44)) - raft.server.watch.timeout = 180s (custom)
2020-11-26 17:12:25,359 [b1bf3cee-cb5c-43b1-b618-d84fa5af82f6@group-6FEDBFA20FBE-LeaderElection22] INFO  server.RaftServerConfigKeys (ConfUtils.java:logGet(44)) - raft.server.watch.timeout.denomination = 1s (default)
2020-11-26 17:12:25,359 [b1bf3cee-cb5c-43b1-b618-d84fa5af82f6@group-6FEDBFA20FBE-LeaderElection22] INFO  server.RaftServerConfigKeys (ConfUtils.java:logGet(44)) - raft.server.watch.element-limit = 65536 (default)
2020-11-26 17:12:25,359 [b1bf3cee-cb5c-43b1-b618-d84fa5af82f6@group-6FEDBFA20FBE-LeaderElection22] INFO  server.RaftServerConfigKeys (ConfUtils.java:logGet(44)) - raft.server.log.appender.snapshot.chunk.size.max = 16MB (=16777216) (default)
2020-11-26 17:12:25,359 [b1bf3cee-cb5c-43b1-b618-d84fa5af82f6@group-6FEDBFA20FBE-LeaderElection22] INFO  server.RaftServerConfigKeys (ConfUtils.java:logGet(44)) - raft.server.log.appender.buffer.byte-limit = 33554432 (custom)
2020-11-26 17:12:25,359 [b1bf3cee-cb5c-43b1-b618-d84fa5af82f6@group-6FEDBFA20FBE-LeaderElection22] INFO  server.RaftServerConfigKeys (ConfUtils.java:logGet(44)) - raft.server.log.appender.buffer.element-limit = 1 (custom)
2020-11-26 17:12:25,359 [b1bf3cee-cb5c-43b1-b618-d84fa5af82f6@group-6FEDBFA20FBE-LeaderElection22] INFO  grpc.GrpcConfigKeys (ConfUtils.java:logGet(44)) - raft.grpc.server.leader.outstanding.appends.max = 128 (default)
2020-11-26 17:12:25,359 [b1bf3cee-cb5c-43b1-b618-d84fa5af82f6@group-6FEDBFA20FBE-LeaderElection22] INFO  server.RaftServerConfigKeys (ConfUtils.java:logGet(44)) - raft.server.rpc.request.timeout = 60s (custom)
2020-11-26 17:12:25,359 [b1bf3cee-cb5c-43b1-b618-d84fa5af82f6@group-6FEDBFA20FBE-LeaderElection22] INFO  server.RaftServerConfigKeys (ConfUtils.java:logGet(44)) - raft.server.log.appender.install.snapshot.enabled = false (custom)
2020-11-26 17:12:25,359 [b1bf3cee-cb5c-43b1-b618-d84fa5af82f6@group-6FEDBFA20FBE-LeaderElection22] INFO  metrics.RatisMetrics (RatisMetrics.java:lambda$create$0(36)) - Creating Metrics Registry : ratis_grpc.log_appender.b1bf3cee-cb5c-43b1-b618-d84fa5af82f6@group-6FEDBFA20FBE
2020-11-26 17:12:25,360 [b1bf3cee-cb5c-43b1-b618-d84fa5af82f6@group-6FEDBFA20FBE-LeaderElection22] INFO  server.RaftServerConfigKeys (ConfUtils.java:logGet(44)) - raft.server.log.appender.snapshot.chunk.size.max = 16MB (=16777216) (default)
2020-11-26 17:12:25,360 [b1bf3cee-cb5c-43b1-b618-d84fa5af82f6@group-6FEDBFA20FBE-LeaderElection22] INFO  server.RaftServerConfigKeys (ConfUtils.java:logGet(44)) - raft.server.log.appender.buffer.byte-limit = 33554432 (custom)
2020-11-26 17:12:25,360 [b1bf3cee-cb5c-43b1-b618-d84fa5af82f6@group-6FEDBFA20FBE-LeaderElection22] INFO  server.RaftServerConfigKeys (ConfUtils.java:logGet(44)) - raft.server.log.appender.buffer.element-limit = 1 (custom)
2020-11-26 17:12:25,360 [b1bf3cee-cb5c-43b1-b618-d84fa5af82f6@group-6FEDBFA20FBE-LeaderElection22] INFO  grpc.GrpcConfigKeys (ConfUtils.java:logGet(44)) - raft.grpc.server.leader.outstanding.appends.max = 128 (default)
2020-11-26 17:12:25,360 [b1bf3cee-cb5c-43b1-b618-d84fa5af82f6@group-6FEDBFA20FBE-LeaderElection22] INFO  server.RaftServerConfigKeys (ConfUtils.java:logGet(44)) - raft.server.rpc.request.timeout = 60s (custom)
2020-11-26 17:12:25,361 [b1bf3cee-cb5c-43b1-b618-d84fa5af82f6@group-6FEDBFA20FBE-LeaderElection22] INFO  server.RaftServerConfigKeys (ConfUtils.java:logGet(44)) - raft.server.log.appender.install.snapshot.enabled = false (custom)
2020-11-26 17:12:25,361 [b1bf3cee-cb5c-43b1-b618-d84fa5af82f6@group-6FEDBFA20FBE-LeaderElection22] INFO  impl.RoleInfo (RoleInfo.java:updateAndGet(143)) - b1bf3cee-cb5c-43b1-b618-d84fa5af82f6: start b1bf3cee-cb5c-43b1-b618-d84fa5af82f6@group-6FEDBFA20FBE-LeaderState
2020-11-26 17:12:25,361 [b1bf3cee-cb5c-43b1-b618-d84fa5af82f6@group-6FEDBFA20FBE-LeaderElection22] INFO  segmented.SegmentedRaftLogWorker (SegmentedRaftLogWorker.java:rollLogSegment(403)) - b1bf3cee-cb5c-43b1-b618-d84fa5af82f6@group-6FEDBFA20FBE-SegmentedRaftLogWorker: Rolling segment log-0_0 to index:0
2020-11-26 17:12:25,364 [b1bf3cee-cb5c-43b1-b618-d84fa5af82f6@group-6FEDBFA20FBE-LeaderElection22] INFO  impl.RaftServerImpl (ServerState.java:setRaftConf(374)) - b1bf3cee-cb5c-43b1-b618-d84fa5af82f6@group-6FEDBFA20FBE: set configuration 1: [b1bf3cee-cb5c-43b1-b618-d84fa5af82f6|rpc:172.17.0.2:43435|dataStream:, 466c22d0-338a-4ace-8281-5de7adeb975e|rpc:172.17.0.2:36009|dataStream:, 7ade5ca2-bff4-467c-9da3-f3034c092d73|rpc:172.17.0.2:35745|dataStream:], old=null at 1
2020-11-26 17:12:25,368 [b1bf3cee-cb5c-43b1-b618-d84fa5af82f6@group-6FEDBFA20FBE-SegmentedRaftLogWorker] INFO  segmented.SegmentedRaftLogWorker (SegmentedRaftLogWorker.java:execute(554)) - b1bf3cee-cb5c-43b1-b618-d84fa5af82f6@group-6FEDBFA20FBE-SegmentedRaftLogWorker: Rolled log segment from /github/workspace/mnt/ozone/hadoop-ozone/integration-test/target/test-dir/MiniOzoneClusterImpl-baac2ffe-e1a6-449a-ab8a-404ec876111f/datanode-2/data/ratis/6dd5f12f-9316-49cf-8695-6fedbfa20fbe/current/log_inprogress_0 to /github/workspace/mnt/ozone/hadoop-ozone/integration-test/target/test-dir/MiniOzoneClusterImpl-baac2ffe-e1a6-449a-ab8a-404ec876111f/datanode-2/data/ratis/6dd5f12f-9316-49cf-8695-6fedbfa20fbe/current/log_0-0
2020-11-26 17:12:25,376 [grpc-default-executor-2] INFO  ratis.XceiverServerRatis (XceiverServerRatis.java:handleLeaderChangedNotification(854)) - Leader change notification received for group: group-6FEDBFA20FBE with new leaderId: b1bf3cee-cb5c-43b1-b618-d84fa5af82f6
2020-11-26 17:12:25,377 [grpc-default-executor-2] INFO  impl.RaftServerImpl (ServerState.java:setLeader(256)) - 466c22d0-338a-4ace-8281-5de7adeb975e@group-6FEDBFA20FBE: change Leader from null to b1bf3cee-cb5c-43b1-b618-d84fa5af82f6 at term 2 for appendEntries, leader elected after 24ms
2020-11-26 17:12:25,378 [b1bf3cee-cb5c-43b1-b618-d84fa5af82f6@group-6FEDBFA20FBE-SegmentedRaftLogWorker] INFO  segmented.SegmentedRaftLogWorker (SegmentedRaftLogWorker.java:execute(597)) - b1bf3cee-cb5c-43b1-b618-d84fa5af82f6@group-6FEDBFA20FBE-SegmentedRaftLogWorker: created new log segment /github/workspace/mnt/ozone/hadoop-ozone/integration-test/target/test-dir/MiniOzoneClusterImpl-baac2ffe-e1a6-449a-ab8a-404ec876111f/datanode-2/data/ratis/6dd5f12f-9316-49cf-8695-6fedbfa20fbe/current/log_inprogress_1
2020-11-26 17:12:25,378 [grpc-default-executor-3] WARN  server.GrpcLogAppender (LogUtils.java:warn(122)) - b1bf3cee-cb5c-43b1-b618-d84fa5af82f6@group-6FEDBFA20FBE->7ade5ca2-bff4-467c-9da3-f3034c092d73-AppendLogResponseHandler: Failed appendEntries: org.apache.ratis.thirdparty.io.grpc.StatusRuntimeException: UNAVAILABLE: io exception
2020-11-26 17:12:25,383 [grpc-default-executor-2] INFO  impl.RaftServerImpl (ServerState.java:setRaftConf(374)) - 466c22d0-338a-4ace-8281-5de7adeb975e@group-6FEDBFA20FBE: set configuration 1: [b1bf3cee-cb5c-43b1-b618-d84fa5af82f6|rpc:172.17.0.2:43435|dataStream:, 466c22d0-338a-4ace-8281-5de7adeb975e|rpc:172.17.0.2:36009|dataStream:, 7ade5ca2-bff4-467c-9da3-f3034c092d73|rpc:172.17.0.2:35745|dataStream:], old=null at 1
2020-11-26 17:12:25,383 [grpc-default-executor-2] INFO  segmented.SegmentedRaftLogWorker (SegmentedRaftLogWorker.java:rollLogSegment(403)) - 466c22d0-338a-4ace-8281-5de7adeb975e@group-6FEDBFA20FBE-SegmentedRaftLogWorker: Rolling segment log-0_0 to index:0
2020-11-26 17:12:25,383 [grpc-default-executor-3] WARN  server.GrpcLogAppender (GrpcLogAppender.java:resetClient(107)) - b1bf3cee-cb5c-43b1-b618-d84fa5af82f6@group-6FEDBFA20FBE->7ade5ca2-bff4-467c-9da3-f3034c092d73-GrpcLogAppender: Leader has not got in touch with Follower b1bf3cee-cb5c-43b1-b618-d84fa5af82f6@group-6FEDBFA20FBE->7ade5ca2-bff4-467c-9da3-f3034c092d73(c-1,m0,n2, attendVote=true, lastRpcSendTime=5, lastRpcResponseTime=5224) yet, just keep nextIndex unchanged and retry.
2020-11-26 17:12:25,384 [466c22d0-338a-4ace-8281-5de7adeb975e@group-6FEDBFA20FBE-SegmentedRaftLogWorker] INFO  segmented.SegmentedRaftLogWorker (SegmentedRaftLogWorker.java:execute(554)) - 466c22d0-338a-4ace-8281-5de7adeb975e@group-6FEDBFA20FBE-SegmentedRaftLogWorker: Rolled log segment from /github/workspace/mnt/ozone/hadoop-ozone/integration-test/target/test-dir/MiniOzoneClusterImpl-baac2ffe-e1a6-449a-ab8a-404ec876111f/datanode-0/data/ratis/6dd5f12f-9316-49cf-8695-6fedbfa20fbe/current/log_inprogress_0 to /github/workspace/mnt/ozone/hadoop-ozone/integration-test/target/test-dir/MiniOzoneClusterImpl-baac2ffe-e1a6-449a-ab8a-404ec876111f/datanode-0/data/ratis/6dd5f12f-9316-49cf-8695-6fedbfa20fbe/current/log_0-0
2020-11-26 17:12:25,385 [466c22d0-338a-4ace-8281-5de7adeb975e@group-6FEDBFA20FBE-SegmentedRaftLogWorker] INFO  segmented.SegmentedRaftLogWorker (SegmentedRaftLogWorker.java:execute(597)) - 466c22d0-338a-4ace-8281-5de7adeb975e@group-6FEDBFA20FBE-SegmentedRaftLogWorker: created new log segment /github/workspace/mnt/ozone/hadoop-ozone/integration-test/target/test-dir/MiniOzoneClusterImpl-baac2ffe-e1a6-449a-ab8a-404ec876111f/datanode-0/data/ratis/6dd5f12f-9316-49cf-8695-6fedbfa20fbe/current/log_inprogress_1
2020-11-26 17:12:25,389 [grpc-default-executor-3] WARN  server.GrpcLogAppender (LogUtils.java:warn(122)) - b1bf3cee-cb5c-43b1-b618-d84fa5af82f6@group-6FEDBFA20FBE->7ade5ca2-bff4-467c-9da3-f3034c092d73-AppendLogResponseHandler: Failed appendEntries: org.apache.ratis.thirdparty.io.grpc.StatusRuntimeException: UNAVAILABLE: io exception
2020-11-26 17:12:25,390 [grpc-default-executor-3] WARN  server.GrpcLogAppender (GrpcLogAppender.java:resetClient(107)) - b1bf3cee-cb5c-43b1-b618-d84fa5af82f6@group-6FEDBFA20FBE->7ade5ca2-bff4-467c-9da3-f3034c092d73-GrpcLogAppender: Leader has not got in touch with Follower b1bf3cee-cb5c-43b1-b618-d84fa5af82f6@group-6FEDBFA20FBE->7ade5ca2-bff4-467c-9da3-f3034c092d73(c-1,m0,n3, attendVote=true, lastRpcSendTime=0, lastRpcResponseTime=5230) yet, just keep nextIndex unchanged and retry.
2020-11-26 17:12:25,725 [grpc-default-executor-3] WARN  server.GrpcLogAppender (LogUtils.java:warn(122)) - ff415fc8-d651-447e-8633-56fa30db40b3@group-6F588FA94E98->2ae88acd-293c-44f1-bb58-9baaea38510e-AppendLogResponseHandler: Failed appendEntries: org.apache.ratis.thirdparty.io.grpc.StatusRuntimeException: UNAVAILABLE: io exception
2020-11-26 17:12:25,726 [grpc-default-executor-3] WARN  server.GrpcLogAppender (GrpcLogAppender.java:resetClient(107)) - ff415fc8-d651-447e-8633-56fa30db40b3@group-6F588FA94E98->2ae88acd-293c-44f1-bb58-9baaea38510e-GrpcLogAppender: Leader has not got in touch with Follower ff415fc8-d651-447e-8633-56fa30db40b3@group-6F588FA94E98->2ae88acd-293c-44f1-bb58-9baaea38510e(c0,m0,n1, attendVote=true, lastRpcSendTime=0, lastRpcResponseTime=5003) yet, just keep nextIndex unchanged and retry.
2020-11-26 17:12:26,862 [Listener at 127.0.0.1/40769] INFO  ozoneimpl.OzoneContainer (OzoneContainer.java:stop(257)) - Attempting to stop container services.
2020-11-26 17:12:26,862 [Listener at 127.0.0.1/40769] INFO  impl.RaftServerProxy (RaftServerProxy.java:lambda$close$4(338)) - 433667c4-acee-4b27-a3b7-b728b5272bf1: close
2020-11-26 17:12:26,862 [Listener at 127.0.0.1/40769] INFO  impl.RaftServerImpl (RaftServerImpl.java:lambda$shutdown$3(328)) - 433667c4-acee-4b27-a3b7-b728b5272bf1@group-6F588FA94E98: shutdown
2020-11-26 17:12:26,862 [Listener at 127.0.0.1/40769] INFO  util.JmxRegister (JmxRegister.java:unregister(73)) - Successfully un-registered JMX Bean with object name Ratis:service=RaftServer,group=group-6F588FA94E98,id=433667c4-acee-4b27-a3b7-b728b5272bf1
2020-11-26 17:12:26,863 [Listener at 127.0.0.1/40769] INFO  impl.RoleInfo (RoleInfo.java:shutdownFollowerState(121)) - 433667c4-acee-4b27-a3b7-b728b5272bf1: shutdown 433667c4-acee-4b27-a3b7-b728b5272bf1@group-6F588FA94E98-FollowerState
2020-11-26 17:12:26,863 [Listener at 127.0.0.1/40769] INFO  impl.StateMachineUpdater (StateMachineUpdater.java:stopAndJoin(147)) - 433667c4-acee-4b27-a3b7-b728b5272bf1@group-6F588FA94E98-StateMachineUpdater: set stopIndex = 0
2020-11-26 17:12:26,863 [Thread-658] INFO  impl.FollowerState (FollowerState.java:run(137)) - 433667c4-acee-4b27-a3b7-b728b5272bf1@group-6F588FA94E98-FollowerState was interrupted: {}
java.lang.InterruptedException: sleep interrupted
	at java.lang.Thread.sleep(Native Method)
	at org.apache.ratis.util.JavaUtils.sleep(JavaUtils.java:250)
	at org.apache.ratis.server.impl.FollowerState.run(FollowerState.java:116)
2020-11-26 17:12:26,863 [433667c4-acee-4b27-a3b7-b728b5272bf1@group-6F588FA94E98-StateMachineUpdater] INFO  ratis.ContainerStateMachine (ContainerStateMachine.java:takeSnapshot(293)) - group-6F588FA94E98: Taking a snapshot at:(t:1, i:0) file /github/workspace/mnt/ozone/hadoop-ozone/integration-test/target/test-dir/MiniOzoneClusterImpl-baac2ffe-e1a6-449a-ab8a-404ec876111f/datanode-3/data/ratis/c2ef77a2-3d65-48dd-81bf-6f588fa94e98/sm/snapshot.1_0
2020-11-26 17:12:26,864 [433667c4-acee-4b27-a3b7-b728b5272bf1@group-6F588FA94E98-StateMachineUpdater] INFO  ratis.ContainerStateMachine (ContainerStateMachine.java:takeSnapshot(304)) - group-6F588FA94E98: Finished taking a snapshot at:(t:1, i:0) file:/github/workspace/mnt/ozone/hadoop-ozone/integration-test/target/test-dir/MiniOzoneClusterImpl-baac2ffe-e1a6-449a-ab8a-404ec876111f/datanode-3/data/ratis/c2ef77a2-3d65-48dd-81bf-6f588fa94e98/sm/snapshot.1_0 time:1
2020-11-26 17:12:26,864 [433667c4-acee-4b27-a3b7-b728b5272bf1@group-6F588FA94E98-StateMachineUpdater] INFO  impl.StateMachineUpdater (StateMachineUpdater.java:takeSnapshot(278)) - 433667c4-acee-4b27-a3b7-b728b5272bf1@group-6F588FA94E98-StateMachineUpdater: Took a snapshot at index 0
2020-11-26 17:12:26,864 [433667c4-acee-4b27-a3b7-b728b5272bf1@group-6F588FA94E98-StateMachineUpdater] INFO  impl.StateMachineUpdater (StateMachineUpdater.java:lambda$new$0(87)) - 433667c4-acee-4b27-a3b7-b728b5272bf1@group-6F588FA94E98-StateMachineUpdater: snapshotIndex: updateIncreasingly -1 -> 0
2020-11-26 17:12:26,865 [433667c4-acee-4b27-a3b7-b728b5272bf1@group-6F588FA94E98-StateMachineUpdater] INFO  metrics.RatisMetrics (RatisMetrics.java:unregister(43)) - Unregistering Metrics Registry : ratis.state_machine.433667c4-acee-4b27-a3b7-b728b5272bf1@group-6F588FA94E98
2020-11-26 17:12:26,865 [Listener at 127.0.0.1/40769] INFO  impl.RaftServerImpl (ServerState.java:close(406)) - 433667c4-acee-4b27-a3b7-b728b5272bf1@group-6F588FA94E98: closes. applyIndex: 0
2020-11-26 17:12:26,865 [433667c4-acee-4b27-a3b7-b728b5272bf1@group-6F588FA94E98-SegmentedRaftLogWorker] INFO  segmented.SegmentedRaftLogWorker (SegmentedRaftLogWorker.java:run(329)) - 433667c4-acee-4b27-a3b7-b728b5272bf1@group-6F588FA94E98-SegmentedRaftLogWorker was interrupted, exiting. There are 0 tasks remaining in the queue.
2020-11-26 17:12:26,866 [Listener at 127.0.0.1/40769] INFO  segmented.SegmentedRaftLogWorker (SegmentedRaftLogWorker.java:close(235)) - 433667c4-acee-4b27-a3b7-b728b5272bf1@group-6F588FA94E98-SegmentedRaftLogWorker close()
2020-11-26 17:12:26,867 [Listener at 127.0.0.1/40769] INFO  metrics.RatisMetrics (RatisMetrics.java:unregister(43)) - Unregistering Metrics Registry : ratis.log_worker.433667c4-acee-4b27-a3b7-b728b5272bf1@group-6F588FA94E98
2020-11-26 17:12:26,867 [Listener at 127.0.0.1/40769] INFO  metrics.RatisMetrics (RatisMetrics.java:unregister(43)) - Unregistering Metrics Registry : ratis.leader_election.433667c4-acee-4b27-a3b7-b728b5272bf1@group-6F588FA94E98
2020-11-26 17:12:26,867 [Listener at 127.0.0.1/40769] INFO  metrics.RatisMetrics (RatisMetrics.java:unregister(43)) - Unregistering Metrics Registry : ratis.server.433667c4-acee-4b27-a3b7-b728b5272bf1@group-6F588FA94E98
2020-11-26 17:12:26,867 [Listener at 127.0.0.1/40769] INFO  impl.RaftServerImpl (RaftServerImpl.java:lambda$shutdown$3(328)) - 433667c4-acee-4b27-a3b7-b728b5272bf1@group-67D43AF5053D: shutdown
2020-11-26 17:12:26,867 [Listener at 127.0.0.1/40769] INFO  util.JmxRegister (JmxRegister.java:unregister(73)) - Successfully un-registered JMX Bean with object name Ratis:service=RaftServer,group=group-67D43AF5053D,id=433667c4-acee-4b27-a3b7-b728b5272bf1
2020-11-26 17:12:26,867 [Listener at 127.0.0.1/40769] INFO  impl.RoleInfo (RoleInfo.java:shutdownLeaderState(104)) - 433667c4-acee-4b27-a3b7-b728b5272bf1: shutdown 433667c4-acee-4b27-a3b7-b728b5272bf1@group-67D43AF5053D-LeaderState
2020-11-26 17:12:26,867 [Listener at 127.0.0.1/40769] INFO  impl.PendingRequests (PendingRequests.java:sendNotLeaderResponses(250)) - 433667c4-acee-4b27-a3b7-b728b5272bf1@group-67D43AF5053D-PendingRequests: sendNotLeaderResponses
2020-11-26 17:12:26,868 [Listener at 127.0.0.1/40769] INFO  metrics.RatisMetrics (RatisMetrics.java:unregister(43)) - Unregistering Metrics Registry : ratis.log_appender.433667c4-acee-4b27-a3b7-b728b5272bf1@group-67D43AF5053D
2020-11-26 17:12:26,868 [Listener at 127.0.0.1/40769] INFO  metrics.RatisMetrics (RatisMetrics.java:unregister(43)) - Unregistering Metrics Registry : ratis.server.433667c4-acee-4b27-a3b7-b728b5272bf1@group-67D43AF5053D
2020-11-26 17:12:26,868 [Listener at 127.0.0.1/40769] INFO  impl.StateMachineUpdater (StateMachineUpdater.java:stopAndJoin(147)) - 433667c4-acee-4b27-a3b7-b728b5272bf1@group-67D43AF5053D-StateMachineUpdater: set stopIndex = 0
2020-11-26 17:12:26,868 [433667c4-acee-4b27-a3b7-b728b5272bf1@group-67D43AF5053D-StateMachineUpdater] INFO  ratis.ContainerStateMachine (ContainerStateMachine.java:takeSnapshot(293)) - group-67D43AF5053D: Taking a snapshot at:(t:1, i:0) file /github/workspace/mnt/ozone/hadoop-ozone/integration-test/target/test-dir/MiniOzoneClusterImpl-baac2ffe-e1a6-449a-ab8a-404ec876111f/datanode-3/data/ratis/a9e89ff2-78a7-4fbe-a199-67d43af5053d/sm/snapshot.1_0
2020-11-26 17:12:26,869 [433667c4-acee-4b27-a3b7-b728b5272bf1@group-67D43AF5053D-StateMachineUpdater] INFO  ratis.ContainerStateMachine (ContainerStateMachine.java:takeSnapshot(304)) - group-67D43AF5053D: Finished taking a snapshot at:(t:1, i:0) file:/github/workspace/mnt/ozone/hadoop-ozone/integration-test/target/test-dir/MiniOzoneClusterImpl-baac2ffe-e1a6-449a-ab8a-404ec876111f/datanode-3/data/ratis/a9e89ff2-78a7-4fbe-a199-67d43af5053d/sm/snapshot.1_0 time:0
2020-11-26 17:12:26,869 [433667c4-acee-4b27-a3b7-b728b5272bf1@group-67D43AF5053D-StateMachineUpdater] INFO  impl.StateMachineUpdater (StateMachineUpdater.java:takeSnapshot(278)) - 433667c4-acee-4b27-a3b7-b728b5272bf1@group-67D43AF5053D-StateMachineUpdater: Took a snapshot at index 0
2020-11-26 17:12:26,869 [433667c4-acee-4b27-a3b7-b728b5272bf1@group-67D43AF5053D-StateMachineUpdater] INFO  impl.StateMachineUpdater (StateMachineUpdater.java:lambda$new$0(87)) - 433667c4-acee-4b27-a3b7-b728b5272bf1@group-67D43AF5053D-StateMachineUpdater: snapshotIndex: updateIncreasingly -1 -> 0
2020-11-26 17:12:26,869 [433667c4-acee-4b27-a3b7-b728b5272bf1@group-67D43AF5053D-StateMachineUpdater] INFO  metrics.RatisMetrics (RatisMetrics.java:unregister(43)) - Unregistering Metrics Registry : ratis.state_machine.433667c4-acee-4b27-a3b7-b728b5272bf1@group-67D43AF5053D
2020-11-26 17:12:26,869 [Listener at 127.0.0.1/40769] INFO  impl.RaftServerImpl (ServerState.java:close(406)) - 433667c4-acee-4b27-a3b7-b728b5272bf1@group-67D43AF5053D: closes. applyIndex: 0
2020-11-26 17:12:26,869 [433667c4-acee-4b27-a3b7-b728b5272bf1@group-67D43AF5053D-SegmentedRaftLogWorker] INFO  segmented.SegmentedRaftLogWorker (SegmentedRaftLogWorker.java:run(329)) - 433667c4-acee-4b27-a3b7-b728b5272bf1@group-67D43AF5053D-SegmentedRaftLogWorker was interrupted, exiting. There are 0 tasks remaining in the queue.
2020-11-26 17:12:26,870 [Listener at 127.0.0.1/40769] INFO  segmented.SegmentedRaftLogWorker (SegmentedRaftLogWorker.java:close(235)) - 433667c4-acee-4b27-a3b7-b728b5272bf1@group-67D43AF5053D-SegmentedRaftLogWorker close()
2020-11-26 17:12:26,870 [ForkJoinPool.commonPool-worker-0] INFO  ozoneimpl.OzoneContainer (OzoneContainer.java:stop(257)) - Attempting to stop container services.
2020-11-26 17:12:26,871 [ForkJoinPool.commonPool-worker-0] INFO  impl.RaftServerProxy (RaftServerProxy.java:lambda$close$4(338)) - b1bf3cee-cb5c-43b1-b618-d84fa5af82f6: close
2020-11-26 17:12:26,873 [Listener at 127.0.0.1/40769] INFO  metrics.RatisMetrics (RatisMetrics.java:unregister(43)) - Unregistering Metrics Registry : ratis.log_worker.433667c4-acee-4b27-a3b7-b728b5272bf1@group-67D43AF5053D
2020-11-26 17:12:26,873 [ForkJoinPool.commonPool-worker-0] INFO  impl.RaftServerImpl (RaftServerImpl.java:lambda$shutdown$3(328)) - b1bf3cee-cb5c-43b1-b618-d84fa5af82f6@group-5A8150950B18: shutdown
2020-11-26 17:12:26,873 [ForkJoinPool.commonPool-worker-0] INFO  util.JmxRegister (JmxRegister.java:unregister(73)) - Successfully un-registered JMX Bean with object name Ratis:service=RaftServer,group=group-5A8150950B18,id=b1bf3cee-cb5c-43b1-b618-d84fa5af82f6
2020-11-26 17:12:26,873 [ForkJoinPool.commonPool-worker-0] INFO  impl.RoleInfo (RoleInfo.java:shutdownLeaderState(104)) - b1bf3cee-cb5c-43b1-b618-d84fa5af82f6: shutdown b1bf3cee-cb5c-43b1-b618-d84fa5af82f6@group-5A8150950B18-LeaderState
2020-11-26 17:12:26,873 [ForkJoinPool.commonPool-worker-0] INFO  impl.PendingRequests (PendingRequests.java:sendNotLeaderResponses(250)) - b1bf3cee-cb5c-43b1-b618-d84fa5af82f6@group-5A8150950B18-PendingRequests: sendNotLeaderResponses
2020-11-26 17:12:26,873 [Listener at 127.0.0.1/40769] INFO  metrics.RatisMetrics (RatisMetrics.java:unregister(43)) - Unregistering Metrics Registry : ratis.leader_election.433667c4-acee-4b27-a3b7-b728b5272bf1@group-67D43AF5053D
2020-11-26 17:12:26,873 [Listener at 127.0.0.1/40769] INFO  metrics.RatisMetrics (RatisMetrics.java:unregister(43)) - Unregistering Metrics Registry : ratis.server.433667c4-acee-4b27-a3b7-b728b5272bf1@group-67D43AF5053D
2020-11-26 17:12:26,874 [Listener at 127.0.0.1/40769] INFO  server.GrpcService (GrpcService.java:closeImpl(184)) - 433667c4-acee-4b27-a3b7-b728b5272bf1: shutdown server with port 42205 now
2020-11-26 17:12:26,880 [ForkJoinPool.commonPool-worker-0] INFO  metrics.RatisMetrics (RatisMetrics.java:unregister(43)) - Unregistering Metrics Registry : ratis.log_appender.b1bf3cee-cb5c-43b1-b618-d84fa5af82f6@group-5A8150950B18
2020-11-26 17:12:26,880 [ForkJoinPool.commonPool-worker-0] INFO  metrics.RatisMetrics (RatisMetrics.java:unregister(43)) - Unregistering Metrics Registry : ratis.server.b1bf3cee-cb5c-43b1-b618-d84fa5af82f6@group-5A8150950B18
2020-11-26 17:12:26,880 [grpc-default-executor-2] WARN  server.GrpcServerProtocolService (LogUtils.java:warn(122)) - 433667c4-acee-4b27-a3b7-b728b5272bf1: installSnapshot onError, lastRequest: ff415fc8-d651-447e-8633-56fa30db40b3->433667c4-acee-4b27-a3b7-b728b5272bf1#1-t1, previous=(t:0, i:0), leaderCommit=0, initializing? false, entries: size=1, first=(t:1, i:0), CONFIGURATIONENTRY: org.apache.ratis.thirdparty.io.grpc.StatusRuntimeException: CANCELLED: cancelled before receiving half close
2020-11-26 17:12:26,880 [ForkJoinPool.commonPool-worker-0] INFO  impl.StateMachineUpdater (StateMachineUpdater.java:stopAndJoin(147)) - b1bf3cee-cb5c-43b1-b618-d84fa5af82f6@group-5A8150950B18-StateMachineUpdater: set stopIndex = 10
2020-11-26 17:12:26,881 [Listener at 127.0.0.1/40769] INFO  server.GrpcService (GrpcService.java:closeImpl(193)) - 433667c4-acee-4b27-a3b7-b728b5272bf1: shutdown server with port 42205 successfully
2020-11-26 17:12:26,881 [b1bf3cee-cb5c-43b1-b618-d84fa5af82f6@group-5A8150950B18-StateMachineUpdater] INFO  ratis.ContainerStateMachine (ContainerStateMachine.java:takeSnapshot(293)) - group-5A8150950B18: Taking a snapshot at:(t:1, i:10) file /github/workspace/mnt/ozone/hadoop-ozone/integration-test/target/test-dir/MiniOzoneClusterImpl-baac2ffe-e1a6-449a-ab8a-404ec876111f/datanode-2/data/ratis/a4ffb5b4-1a8a-4310-befd-5a8150950b18/sm/snapshot.1_10
2020-11-26 17:12:26,882 [grpc-default-executor-2] WARN  server.GrpcLogAppender (LogUtils.java:warn(122)) - ff415fc8-d651-447e-8633-56fa30db40b3@group-6F588FA94E98->433667c4-acee-4b27-a3b7-b728b5272bf1-AppendLogResponseHandler: Failed appendEntries: org.apache.ratis.thirdparty.io.grpc.StatusRuntimeException: CANCELLED: HTTP/2 error code: CANCEL
Received Rst Stream
2020-11-26 17:12:26,882 [grpc-default-executor-2] WARN  server.GrpcLogAppender (GrpcLogAppender.java:resetClient(107)) - ff415fc8-d651-447e-8633-56fa30db40b3@group-6F588FA94E98->433667c4-acee-4b27-a3b7-b728b5272bf1-GrpcLogAppender: Leader has not got in touch with Follower ff415fc8-d651-447e-8633-56fa30db40b3@group-6F588FA94E98->433667c4-acee-4b27-a3b7-b728b5272bf1(c0,m0,n1, attendVote=true, lastRpcSendTime=1156, lastRpcResponseTime=1152) yet, just keep nextIndex unchanged and retry.
2020-11-26 17:12:26,883 [Listener at 127.0.0.1/40769] INFO  utils.BackgroundService (BackgroundService.java:shutdown(132)) - Shutting down service BlockDeletingService
2020-11-26 17:12:26,884 [b1bf3cee-cb5c-43b1-b618-d84fa5af82f6@group-5A8150950B18-StateMachineUpdater] INFO  ratis.ContainerStateMachine (ContainerStateMachine.java:takeSnapshot(304)) - group-5A8150950B18: Finished taking a snapshot at:(t:1, i:10) file:/github/workspace/mnt/ozone/hadoop-ozone/integration-test/target/test-dir/MiniOzoneClusterImpl-baac2ffe-e1a6-449a-ab8a-404ec876111f/datanode-2/data/ratis/a4ffb5b4-1a8a-4310-befd-5a8150950b18/sm/snapshot.1_10 time:2
2020-11-26 17:12:26,884 [b1bf3cee-cb5c-43b1-b618-d84fa5af82f6@group-5A8150950B18-StateMachineUpdater] INFO  impl.StateMachineUpdater (StateMachineUpdater.java:takeSnapshot(278)) - b1bf3cee-cb5c-43b1-b618-d84fa5af82f6@group-5A8150950B18-StateMachineUpdater: Took a snapshot at index 10
2020-11-26 17:12:26,884 [b1bf3cee-cb5c-43b1-b618-d84fa5af82f6@group-5A8150950B18-StateMachineUpdater] INFO  impl.StateMachineUpdater (StateMachineUpdater.java:lambda$new$0(87)) - b1bf3cee-cb5c-43b1-b618-d84fa5af82f6@group-5A8150950B18-StateMachineUpdater: snapshotIndex: updateIncreasingly -1 -> 10
2020-11-26 17:12:26,884 [b1bf3cee-cb5c-43b1-b618-d84fa5af82f6@group-5A8150950B18-StateMachineUpdater] INFO  metrics.RatisMetrics (RatisMetrics.java:unregister(43)) - Unregistering Metrics Registry : ratis.state_machine.b1bf3cee-cb5c-43b1-b618-d84fa5af82f6@group-5A8150950B18
2020-11-26 17:12:26,884 [ForkJoinPool.commonPool-worker-0] INFO  impl.RaftServerImpl (ServerState.java:close(406)) - b1bf3cee-cb5c-43b1-b618-d84fa5af82f6@group-5A8150950B18: closes. applyIndex: 10
2020-11-26 17:12:26,884 [b1bf3cee-cb5c-43b1-b618-d84fa5af82f6@group-5A8150950B18-SegmentedRaftLogWorker] INFO  segmented.SegmentedRaftLogWorker (SegmentedRaftLogWorker.java:run(329)) - b1bf3cee-cb5c-43b1-b618-d84fa5af82f6@group-5A8150950B18-SegmentedRaftLogWorker was interrupted, exiting. There are 0 tasks remaining in the queue.
2020-11-26 17:12:26,885 [ForkJoinPool.commonPool-worker-0] INFO  segmented.SegmentedRaftLogWorker (SegmentedRaftLogWorker.java:close(235)) - b1bf3cee-cb5c-43b1-b618-d84fa5af82f6@group-5A8150950B18-SegmentedRaftLogWorker close()
2020-11-26 17:12:26,885 [ForkJoinPool.commonPool-worker-0] INFO  metrics.RatisMetrics (RatisMetrics.java:unregister(43)) - Unregistering Metrics Registry : ratis.log_worker.b1bf3cee-cb5c-43b1-b618-d84fa5af82f6@group-5A8150950B18
2020-11-26 17:12:26,886 [ForkJoinPool.commonPool-worker-0] INFO  metrics.RatisMetrics (RatisMetrics.java:unregister(43)) - Unregistering Metrics Registry : ratis.leader_election.b1bf3cee-cb5c-43b1-b618-d84fa5af82f6@group-5A8150950B18
2020-11-26 17:12:26,886 [ForkJoinPool.commonPool-worker-0] INFO  metrics.RatisMetrics (RatisMetrics.java:unregister(43)) - Unregistering Metrics Registry : ratis.server.b1bf3cee-cb5c-43b1-b618-d84fa5af82f6@group-5A8150950B18
2020-11-26 17:12:26,886 [ForkJoinPool.commonPool-worker-0] INFO  impl.RaftServerImpl (RaftServerImpl.java:lambda$shutdown$3(328)) - b1bf3cee-cb5c-43b1-b618-d84fa5af82f6@group-6FEDBFA20FBE: shutdown
2020-11-26 17:12:26,886 [ForkJoinPool.commonPool-worker-0] INFO  util.JmxRegister (JmxRegister.java:unregister(73)) - Successfully un-registered JMX Bean with object name Ratis:service=RaftServer,group=group-6FEDBFA20FBE,id=b1bf3cee-cb5c-43b1-b618-d84fa5af82f6
2020-11-26 17:12:26,886 [ForkJoinPool.commonPool-worker-0] INFO  impl.RoleInfo (RoleInfo.java:shutdownLeaderState(104)) - b1bf3cee-cb5c-43b1-b618-d84fa5af82f6: shutdown b1bf3cee-cb5c-43b1-b618-d84fa5af82f6@group-6FEDBFA20FBE-LeaderState
2020-11-26 17:12:26,886 [ForkJoinPool.commonPool-worker-0] INFO  metrics.RatisMetrics (RatisMetrics.java:unregister(43)) - Unregistering Metrics Registry : ratis_grpc.log_appender.b1bf3cee-cb5c-43b1-b618-d84fa5af82f6@group-6FEDBFA20FBE
2020-11-26 17:12:26,886 [ForkJoinPool.commonPool-worker-0] INFO  metrics.RatisMetrics (RatisMetrics.java:unregister(43)) - Unregistering Metrics Registry : ratis_grpc.log_appender.b1bf3cee-cb5c-43b1-b618-d84fa5af82f6@group-6FEDBFA20FBE
2020-11-26 17:12:26,886 [ForkJoinPool.commonPool-worker-0] INFO  impl.PendingRequests (PendingRequests.java:sendNotLeaderResponses(250)) - b1bf3cee-cb5c-43b1-b618-d84fa5af82f6@group-6FEDBFA20FBE-PendingRequests: sendNotLeaderResponses
2020-11-26 17:12:26,886 [ForkJoinPool.commonPool-worker-0] INFO  metrics.RatisMetrics (RatisMetrics.java:unregister(43)) - Unregistering Metrics Registry : ratis.log_appender.b1bf3cee-cb5c-43b1-b618-d84fa5af82f6@group-6FEDBFA20FBE
2020-11-26 17:12:26,886 [ForkJoinPool.commonPool-worker-0] INFO  metrics.RatisMetrics (RatisMetrics.java:unregister(43)) - Unregistering Metrics Registry : ratis.server.b1bf3cee-cb5c-43b1-b618-d84fa5af82f6@group-6FEDBFA20FBE
2020-11-26 17:12:26,887 [org.apache.ratis.server.impl.LogAppender$AppenderDaemon$$Lambda$497/691488342@790d6ed3] WARN  server.GrpcLogAppender (GrpcLogAppender.java:mayWait(168)) - b1bf3cee-cb5c-43b1-b618-d84fa5af82f6@group-6FEDBFA20FBE->466c22d0-338a-4ace-8281-5de7adeb975e-GrpcLogAppender: Wait interrupted by java.lang.InterruptedException
2020-11-26 17:12:26,887 [org.apache.ratis.server.impl.LogAppender$AppenderDaemon$$Lambda$497/691488342@38eba4e7] WARN  server.GrpcLogAppender (GrpcLogAppender.java:mayWait(168)) - b1bf3cee-cb5c-43b1-b618-d84fa5af82f6@group-6FEDBFA20FBE->7ade5ca2-bff4-467c-9da3-f3034c092d73-GrpcLogAppender: Wait interrupted by java.lang.InterruptedException
2020-11-26 17:12:26,887 [Listener at 127.0.0.1/40769] INFO  statemachine.DatanodeStateMachine (DatanodeStateMachine.java:stopDaemon(459)) - Ozone container server stopped.
2020-11-26 17:12:26,888 [ForkJoinPool.commonPool-worker-0] INFO  impl.StateMachineUpdater (StateMachineUpdater.java:stopAndJoin(147)) - b1bf3cee-cb5c-43b1-b618-d84fa5af82f6@group-6FEDBFA20FBE-StateMachineUpdater: set stopIndex = 2
2020-11-26 17:12:26,888 [b1bf3cee-cb5c-43b1-b618-d84fa5af82f6@group-6FEDBFA20FBE-StateMachineUpdater] INFO  ratis.ContainerStateMachine (ContainerStateMachine.java:takeSnapshot(293)) - group-6FEDBFA20FBE: Taking a snapshot at:(t:2, i:2) file /github/workspace/mnt/ozone/hadoop-ozone/integration-test/target/test-dir/MiniOzoneClusterImpl-baac2ffe-e1a6-449a-ab8a-404ec876111f/datanode-2/data/ratis/6dd5f12f-9316-49cf-8695-6fedbfa20fbe/sm/snapshot.2_2
2020-11-26 17:12:26,888 [grpc-default-executor-0] INFO  server.GrpcServerProtocolService (GrpcServerProtocolService.java:onCompleted(138)) - 466c22d0-338a-4ace-8281-5de7adeb975e: Completed APPEND_ENTRIES, lastRequest: b1bf3cee-cb5c-43b1-b618-d84fa5af82f6->466c22d0-338a-4ace-8281-5de7adeb975e#2-t2, previous=(t:2, i:1), leaderCommit=1, initializing? false, entries: size=1, first=(t:2, i:2), METADATAENTRY(c:1)
2020-11-26 17:12:26,889 [b1bf3cee-cb5c-43b1-b618-d84fa5af82f6@group-6FEDBFA20FBE-StateMachineUpdater] INFO  ratis.ContainerStateMachine (ContainerStateMachine.java:takeSnapshot(304)) - group-6FEDBFA20FBE: Finished taking a snapshot at:(t:2, i:2) file:/github/workspace/mnt/ozone/hadoop-ozone/integration-test/target/test-dir/MiniOzoneClusterImpl-baac2ffe-e1a6-449a-ab8a-404ec876111f/datanode-2/data/ratis/6dd5f12f-9316-49cf-8695-6fedbfa20fbe/sm/snapshot.2_2 time:1
2020-11-26 17:12:26,889 [b1bf3cee-cb5c-43b1-b618-d84fa5af82f6@group-6FEDBFA20FBE-StateMachineUpdater] INFO  impl.StateMachineUpdater (StateMachineUpdater.java:takeSnapshot(278)) - b1bf3cee-cb5c-43b1-b618-d84fa5af82f6@group-6FEDBFA20FBE-StateMachineUpdater: Took a snapshot at index 2
2020-11-26 17:12:26,889 [b1bf3cee-cb5c-43b1-b618-d84fa5af82f6@group-6FEDBFA20FBE-StateMachineUpdater] INFO  impl.StateMachineUpdater (StateMachineUpdater.java:lambda$new$0(87)) - b1bf3cee-cb5c-43b1-b618-d84fa5af82f6@group-6FEDBFA20FBE-StateMachineUpdater: snapshotIndex: updateIncreasingly -1 -> 2
2020-11-26 17:12:26,889 [b1bf3cee-cb5c-43b1-b618-d84fa5af82f6@group-6FEDBFA20FBE-StateMachineUpdater] INFO  metrics.RatisMetrics (RatisMetrics.java:unregister(43)) - Unregistering Metrics Registry : ratis.state_machine.b1bf3cee-cb5c-43b1-b618-d84fa5af82f6@group-6FEDBFA20FBE
2020-11-26 17:12:26,889 [grpc-default-executor-3] INFO  server.GrpcLogAppender (GrpcLogAppender.java:onCompleted(337)) - b1bf3cee-cb5c-43b1-b618-d84fa5af82f6@group-6FEDBFA20FBE->466c22d0-338a-4ace-8281-5de7adeb975e-AppendLogResponseHandler: follower responses appendEntries COMPLETED
2020-11-26 17:12:26,890 [ForkJoinPool.commonPool-worker-0] INFO  impl.RaftServerImpl (ServerState.java:close(406)) - b1bf3cee-cb5c-43b1-b618-d84fa5af82f6@group-6FEDBFA20FBE: closes. applyIndex: 2
2020-11-26 17:12:26,890 [grpc-default-executor-3] INFO  impl.FollowerInfo (FollowerInfo.java:lambda$new$0(51)) - b1bf3cee-cb5c-43b1-b618-d84fa5af82f6@group-6FEDBFA20FBE->466c22d0-338a-4ace-8281-5de7adeb975e: nextIndex: updateUnconditionally 3 -> 2
2020-11-26 17:12:26,890 [b1bf3cee-cb5c-43b1-b618-d84fa5af82f6@group-6FEDBFA20FBE-SegmentedRaftLogWorker] INFO  segmented.SegmentedRaftLogWorker (SegmentedRaftLogWorker.java:run(329)) - b1bf3cee-cb5c-43b1-b618-d84fa5af82f6@group-6FEDBFA20FBE-SegmentedRaftLogWorker was interrupted, exiting. There are 0 tasks remaining in the queue.
2020-11-26 17:12:26,896 [ForkJoinPool.commonPool-worker-0] INFO  segmented.SegmentedRaftLogWorker (SegmentedRaftLogWorker.java:close(235)) - b1bf3cee-cb5c-43b1-b618-d84fa5af82f6@group-6FEDBFA20FBE-SegmentedRaftLogWorker close()
2020-11-26 17:12:26,896 [Listener at 127.0.0.1/40769] INFO  handler.ContextHandler (ContextHandler.java:doStop(1154)) - Stopped o.e.j.w.WebAppContext@6c680eac{hddsDatanode,/,null,STOPPED}{jar:file:/home/user/.m2/repository/org/apache/hadoop/hadoop-hdds-container-service/1.1.0-SNAPSHOT/hadoop-hdds-container-service-1.1.0-SNAPSHOT.jar!/webapps/hddsDatanode}
2020-11-26 17:12:26,896 [ForkJoinPool.commonPool-worker-0] INFO  metrics.RatisMetrics (RatisMetrics.java:unregister(43)) - Unregistering Metrics Registry : ratis.log_worker.b1bf3cee-cb5c-43b1-b618-d84fa5af82f6@group-6FEDBFA20FBE
2020-11-26 17:12:26,896 [ForkJoinPool.commonPool-worker-0] INFO  metrics.RatisMetrics (RatisMetrics.java:unregister(43)) - Unregistering Metrics Registry : ratis.leader_election.b1bf3cee-cb5c-43b1-b618-d84fa5af82f6@group-6FEDBFA20FBE
2020-11-26 17:12:26,897 [ForkJoinPool.commonPool-worker-0] INFO  metrics.RatisMetrics (RatisMetrics.java:unregister(43)) - Unregistering Metrics Registry : ratis.server.b1bf3cee-cb5c-43b1-b618-d84fa5af82f6@group-6FEDBFA20FBE
2020-11-26 17:12:26,897 [ForkJoinPool.commonPool-worker-0] INFO  server.GrpcService (GrpcService.java:closeImpl(184)) - b1bf3cee-cb5c-43b1-b618-d84fa5af82f6: shutdown server with port 43435 now
2020-11-26 17:12:26,903 [Listener at 127.0.0.1/40769] INFO  server.AbstractConnector (AbstractConnector.java:doStop(381)) - Stopped ServerConnector@2ea58e92{HTTP/1.1, (http/1.1)}{0.0.0.0:0}
2020-11-26 17:12:26,903 [Listener at 127.0.0.1/40769] INFO  server.session (HouseKeeper.java:stopScavenging(149)) - node0 Stopped scavenging
2020-11-26 17:12:26,904 [ForkJoinPool.commonPool-worker-0] INFO  server.GrpcService (GrpcService.java:closeImpl(193)) - b1bf3cee-cb5c-43b1-b618-d84fa5af82f6: shutdown server with port 43435 successfully
2020-11-26 17:12:26,904 [Listener at 127.0.0.1/40769] INFO  handler.ContextHandler (ContextHandler.java:doStop(1154)) - Stopped o.e.j.s.ServletContextHandler@7e87eee7{static,/static,jar:file:/home/user/.m2/repository/org/apache/hadoop/hadoop-hdds-container-service/1.1.0-SNAPSHOT/hadoop-hdds-container-service-1.1.0-SNAPSHOT.jar!/webapps/static,STOPPED}
2020-11-26 17:12:26,905 [Listener at 127.0.0.1/40769] INFO  handler.ContextHandler (ContextHandler.java:doStop(1154)) - Stopped o.e.j.s.ServletContextHandler@64a577c0{logs,/logs,file:///github/workspace/mnt/ozone/hadoop-ozone/integration-test/target/log,STOPPED}
2020-11-26 17:12:26,906 [ForkJoinPool.commonPool-worker-0] INFO  utils.BackgroundService (BackgroundService.java:shutdown(132)) - Shutting down service BlockDeletingService
2020-11-26 17:12:26,909 [ForkJoinPool.commonPool-worker-0] INFO  statemachine.DatanodeStateMachine (DatanodeStateMachine.java:stopDaemon(459)) - Ozone container server stopped.
2020-11-26 17:12:26,918 [ForkJoinPool.commonPool-worker-0] INFO  handler.ContextHandler (ContextHandler.java:doStop(1154)) - Stopped o.e.j.w.WebAppContext@7505d237{hddsDatanode,/,null,STOPPED}{jar:file:/home/user/.m2/repository/org/apache/hadoop/hadoop-hdds-container-service/1.1.0-SNAPSHOT/hadoop-hdds-container-service-1.1.0-SNAPSHOT.jar!/webapps/hddsDatanode}
2020-11-26 17:12:26,918 [ForkJoinPool.commonPool-worker-0] INFO  server.AbstractConnector (AbstractConnector.java:doStop(381)) - Stopped ServerConnector@5c1c9dd9{HTTP/1.1, (http/1.1)}{0.0.0.0:0}
2020-11-26 17:12:26,919 [ForkJoinPool.commonPool-worker-0] INFO  server.session (HouseKeeper.java:stopScavenging(149)) - node0 Stopped scavenging
2020-11-26 17:12:26,920 [ForkJoinPool.commonPool-worker-0] INFO  handler.ContextHandler (ContextHandler.java:doStop(1154)) - Stopped o.e.j.s.ServletContextHandler@544c1e51{static,/static,jar:file:/home/user/.m2/repository/org/apache/hadoop/hadoop-hdds-container-service/1.1.0-SNAPSHOT/hadoop-hdds-container-service-1.1.0-SNAPSHOT.jar!/webapps/static,STOPPED}
2020-11-26 17:12:26,920 [ForkJoinPool.commonPool-worker-0] INFO  handler.ContextHandler (ContextHandler.java:doStop(1154)) - Stopped o.e.j.s.ServletContextHandler@22aaf00f{logs,/logs,file:///github/workspace/mnt/ozone/hadoop-ozone/integration-test/target/log,STOPPED}
2020-11-26 17:12:26,988 [Datanode State Machine Thread - 0] INFO  statemachine.DatanodeStateMachine (DatanodeStateMachine.java:lambda$startDaemon$0(406)) - Ozone container server started.
2020-11-26 17:12:27,367 [Datanode State Machine Thread - 0] INFO  statemachine.DatanodeStateMachine (DatanodeStateMachine.java:lambda$startDaemon$0(406)) - Ozone container server started.
2020-11-26 17:12:28,226 [grpc-default-executor-0] WARN  server.GrpcLogAppender (LogUtils.java:warn(122)) - ff415fc8-d651-447e-8633-56fa30db40b3@group-6F588FA94E98->2ae88acd-293c-44f1-bb58-9baaea38510e-AppendLogResponseHandler: Failed appendEntries: org.apache.ratis.thirdparty.io.grpc.StatusRuntimeException: UNAVAILABLE: io exception
2020-11-26 17:12:28,227 [grpc-default-executor-0] WARN  server.GrpcLogAppender (GrpcLogAppender.java:resetClient(107)) - ff415fc8-d651-447e-8633-56fa30db40b3@group-6F588FA94E98->2ae88acd-293c-44f1-bb58-9baaea38510e-GrpcLogAppender: Leader has not got in touch with Follower ff415fc8-d651-447e-8633-56fa30db40b3@group-6F588FA94E98->2ae88acd-293c-44f1-bb58-9baaea38510e(c0,m0,n1, attendVote=true, lastRpcSendTime=0, lastRpcResponseTime=7504) yet, just keep nextIndex unchanged and retry.
2020-11-26 17:12:28,239 [grpc-default-executor-0] WARN  server.GrpcLogAppender (LogUtils.java:warn(122)) - ff415fc8-d651-447e-8633-56fa30db40b3@group-6F588FA94E98->433667c4-acee-4b27-a3b7-b728b5272bf1-AppendLogResponseHandler: Failed appendEntries: org.apache.ratis.thirdparty.io.grpc.StatusRuntimeException: UNAVAILABLE: io exception
2020-11-26 17:12:28,241 [grpc-default-executor-0] WARN  server.GrpcLogAppender (GrpcLogAppender.java:resetClient(107)) - ff415fc8-d651-447e-8633-56fa30db40b3@group-6F588FA94E98->433667c4-acee-4b27-a3b7-b728b5272bf1-GrpcLogAppender: Leader has not got in touch with Follower ff415fc8-d651-447e-8633-56fa30db40b3@group-6F588FA94E98->433667c4-acee-4b27-a3b7-b728b5272bf1(c0,m0,n1, attendVote=true, lastRpcSendTime=5, lastRpcResponseTime=2511) yet, just keep nextIndex unchanged and retry.
2020-11-26 17:12:30,728 [grpc-default-executor-0] WARN  server.GrpcLogAppender (LogUtils.java:warn(122)) - ff415fc8-d651-447e-8633-56fa30db40b3@group-6F588FA94E98->2ae88acd-293c-44f1-bb58-9baaea38510e-AppendLogResponseHandler: Failed appendEntries: org.apache.ratis.thirdparty.io.grpc.StatusRuntimeException: UNAVAILABLE: io exception
2020-11-26 17:12:30,728 [grpc-default-executor-0] WARN  server.GrpcLogAppender (GrpcLogAppender.java:resetClient(107)) - ff415fc8-d651-447e-8633-56fa30db40b3@group-6F588FA94E98->2ae88acd-293c-44f1-bb58-9baaea38510e-GrpcLogAppender: Leader has not got in touch with Follower ff415fc8-d651-447e-8633-56fa30db40b3@group-6F588FA94E98->2ae88acd-293c-44f1-bb58-9baaea38510e(c0,m0,n1, attendVote=true, lastRpcSendTime=0, lastRpcResponseTime=10005) yet, just keep nextIndex unchanged and retry.
2020-11-26 17:12:30,737 [grpc-default-executor-0] WARN  server.GrpcLogAppender (LogUtils.java:warn(122)) - ff415fc8-d651-447e-8633-56fa30db40b3@group-6F588FA94E98->433667c4-acee-4b27-a3b7-b728b5272bf1-AppendLogResponseHandler: Failed appendEntries: org.apache.ratis.thirdparty.io.grpc.StatusRuntimeException: UNAVAILABLE: io exception
2020-11-26 17:12:30,737 [grpc-default-executor-0] WARN  server.GrpcLogAppender (GrpcLogAppender.java:resetClient(107)) - ff415fc8-d651-447e-8633-56fa30db40b3@group-6F588FA94E98->433667c4-acee-4b27-a3b7-b728b5272bf1-GrpcLogAppender: Leader has not got in touch with Follower ff415fc8-d651-447e-8633-56fa30db40b3@group-6F588FA94E98->433667c4-acee-4b27-a3b7-b728b5272bf1(c0,m0,n1, attendVote=true, lastRpcSendTime=0, lastRpcResponseTime=5007) yet, just keep nextIndex unchanged and retry.
2020-11-26 17:12:31,687 [Thread-659] WARN  impl.RaftServerImpl (LeaderState.java:checkLeadership(905)) - ff415fc8-d651-447e-8633-56fa30db40b3@group-6F588FA94E98-LeaderState: Lost leadership on term: 1. Election timeout: 5200ms. In charge for: 26031ms. Conf: 0: [2ae88acd-293c-44f1-bb58-9baaea38510e|rpc:172.17.0.2:39921|dataStream:, ff415fc8-d651-447e-8633-56fa30db40b3|rpc:172.17.0.2:42725|dataStream:, 433667c4-acee-4b27-a3b7-b728b5272bf1|rpc:172.17.0.2:42205|dataStream:], old=null
2020-11-26 17:12:31,688 [Thread-659] WARN  impl.RaftServerImpl (LeaderState.java:lambda$checkLeadership$20(909)) - Follower ff415fc8-d651-447e-8633-56fa30db40b3@group-6F588FA94E98->2ae88acd-293c-44f1-bb58-9baaea38510e(c0,m0,n1, attendVote=true, lastRpcSendTime=960, lastRpcResponseTime=10965)
2020-11-26 17:12:31,688 [Thread-659] WARN  impl.RaftServerImpl (LeaderState.java:lambda$checkLeadership$20(909)) - Follower ff415fc8-d651-447e-8633-56fa30db40b3@group-6F588FA94E98->433667c4-acee-4b27-a3b7-b728b5272bf1(c0,m0,n1, attendVote=true, lastRpcSendTime=951, lastRpcResponseTime=5958)
2020-11-26 17:12:31,688 [Thread-659] INFO  impl.RaftServerImpl (RaftServerImpl.java:setRole(204)) - ff415fc8-d651-447e-8633-56fa30db40b3@group-6F588FA94E98: changes role from    LEADER to FOLLOWER at term 1 for StepDownReason:LOST_MAJORITY_HEARTBEATS
2020-11-26 17:12:31,688 [Thread-659] INFO  impl.RoleInfo (RoleInfo.java:shutdownLeaderState(104)) - ff415fc8-d651-447e-8633-56fa30db40b3: shutdown ff415fc8-d651-447e-8633-56fa30db40b3@group-6F588FA94E98-LeaderState
2020-11-26 17:12:31,689 [Thread-659] INFO  metrics.RatisMetrics (RatisMetrics.java:unregister(43)) - Unregistering Metrics Registry : ratis_grpc.log_appender.ff415fc8-d651-447e-8633-56fa30db40b3@group-6F588FA94E98
2020-11-26 17:12:31,689 [Thread-659] INFO  metrics.RatisMetrics (RatisMetrics.java:unregister(43)) - Unregistering Metrics Registry : ratis_grpc.log_appender.ff415fc8-d651-447e-8633-56fa30db40b3@group-6F588FA94E98
2020-11-26 17:12:31,689 [org.apache.ratis.server.impl.LogAppender$AppenderDaemon$$Lambda$497/691488342@165c672c] WARN  server.GrpcLogAppender (GrpcLogAppender.java:mayWait(168)) - ff415fc8-d651-447e-8633-56fa30db40b3@group-6F588FA94E98->2ae88acd-293c-44f1-bb58-9baaea38510e-GrpcLogAppender: Wait interrupted by java.lang.InterruptedException
2020-11-26 17:12:31,689 [Thread-659] INFO  impl.PendingRequests (PendingRequests.java:sendNotLeaderResponses(250)) - ff415fc8-d651-447e-8633-56fa30db40b3@group-6F588FA94E98-PendingRequests: sendNotLeaderResponses
2020-11-26 17:12:31,689 [Thread-659] INFO  metrics.RatisMetrics (RatisMetrics.java:unregister(43)) - Unregistering Metrics Registry : ratis.log_appender.ff415fc8-d651-447e-8633-56fa30db40b3@group-6F588FA94E98
2020-11-26 17:12:31,689 [org.apache.ratis.server.impl.LogAppender$AppenderDaemon$$Lambda$497/691488342@7a82be33] WARN  server.GrpcLogAppender (GrpcLogAppender.java:mayWait(168)) - ff415fc8-d651-447e-8633-56fa30db40b3@group-6F588FA94E98->433667c4-acee-4b27-a3b7-b728b5272bf1-GrpcLogAppender: Wait interrupted by java.lang.InterruptedException
2020-11-26 17:12:31,689 [Thread-659] INFO  metrics.RatisMetrics (RatisMetrics.java:unregister(43)) - Unregistering Metrics Registry : ratis.server.ff415fc8-d651-447e-8633-56fa30db40b3@group-6F588FA94E98
2020-11-26 17:12:31,694 [Thread-659] INFO  impl.RoleInfo (RoleInfo.java:updateAndGet(143)) - ff415fc8-d651-447e-8633-56fa30db40b3: start ff415fc8-d651-447e-8633-56fa30db40b3@group-6F588FA94E98-FollowerState
2020-11-26 17:12:31,907 [Listener at 127.0.0.1/40769] INFO  ozoneimpl.OzoneContainer (OzoneContainer.java:stop(257)) - Attempting to stop container services.
2020-11-26 17:12:31,908 [Listener at 127.0.0.1/40769] INFO  impl.RaftServerProxy (RaftServerProxy.java:lambda$close$4(338)) - a113b3de-1e69-4d48-9e91-4a0af33016fa: close
2020-11-26 17:12:31,908 [Listener at 127.0.0.1/40769] INFO  impl.RaftServerImpl (RaftServerImpl.java:lambda$shutdown$3(328)) - a113b3de-1e69-4d48-9e91-4a0af33016fa@group-0492F37A3530: shutdown
2020-11-26 17:12:31,908 [Listener at 127.0.0.1/40769] INFO  util.JmxRegister (JmxRegister.java:unregister(73)) - Successfully un-registered JMX Bean with object name Ratis:service=RaftServer,group=group-0492F37A3530,id=a113b3de-1e69-4d48-9e91-4a0af33016fa
2020-11-26 17:12:31,908 [Listener at 127.0.0.1/40769] INFO  impl.RoleInfo (RoleInfo.java:shutdownLeaderState(104)) - a113b3de-1e69-4d48-9e91-4a0af33016fa: shutdown a113b3de-1e69-4d48-9e91-4a0af33016fa@group-0492F37A3530-LeaderState
2020-11-26 17:12:31,908 [Listener at 127.0.0.1/40769] INFO  impl.PendingRequests (PendingRequests.java:sendNotLeaderResponses(250)) - a113b3de-1e69-4d48-9e91-4a0af33016fa@group-0492F37A3530-PendingRequests: sendNotLeaderResponses
2020-11-26 17:12:31,908 [Listener at 127.0.0.1/40769] INFO  metrics.RatisMetrics (RatisMetrics.java:unregister(43)) - Unregistering Metrics Registry : ratis.log_appender.a113b3de-1e69-4d48-9e91-4a0af33016fa@group-0492F37A3530
2020-11-26 17:12:31,908 [Listener at 127.0.0.1/40769] INFO  metrics.RatisMetrics (RatisMetrics.java:unregister(43)) - Unregistering Metrics Registry : ratis.server.a113b3de-1e69-4d48-9e91-4a0af33016fa@group-0492F37A3530
2020-11-26 17:12:31,909 [Listener at 127.0.0.1/40769] INFO  impl.StateMachineUpdater (StateMachineUpdater.java:stopAndJoin(147)) - a113b3de-1e69-4d48-9e91-4a0af33016fa@group-0492F37A3530-StateMachineUpdater: set stopIndex = 0
2020-11-26 17:12:31,909 [a113b3de-1e69-4d48-9e91-4a0af33016fa@group-0492F37A3530-StateMachineUpdater] INFO  ratis.ContainerStateMachine (ContainerStateMachine.java:takeSnapshot(293)) - group-0492F37A3530: Taking a snapshot at:(t:1, i:0) file /github/workspace/mnt/ozone/hadoop-ozone/integration-test/target/test-dir/MiniOzoneClusterImpl-baac2ffe-e1a6-449a-ab8a-404ec876111f/datanode-6/data/ratis/e6529d1d-05dd-4ceb-ac1f-0492f37a3530/sm/snapshot.1_0
2020-11-26 17:12:31,910 [a113b3de-1e69-4d48-9e91-4a0af33016fa@group-0492F37A3530-StateMachineUpdater] INFO  ratis.ContainerStateMachine (ContainerStateMachine.java:takeSnapshot(304)) - group-0492F37A3530: Finished taking a snapshot at:(t:1, i:0) file:/github/workspace/mnt/ozone/hadoop-ozone/integration-test/target/test-dir/MiniOzoneClusterImpl-baac2ffe-e1a6-449a-ab8a-404ec876111f/datanode-6/data/ratis/e6529d1d-05dd-4ceb-ac1f-0492f37a3530/sm/snapshot.1_0 time:0
2020-11-26 17:12:31,910 [a113b3de-1e69-4d48-9e91-4a0af33016fa@group-0492F37A3530-StateMachineUpdater] INFO  impl.StateMachineUpdater (StateMachineUpdater.java:takeSnapshot(278)) - a113b3de-1e69-4d48-9e91-4a0af33016fa@group-0492F37A3530-StateMachineUpdater: Took a snapshot at index 0
2020-11-26 17:12:31,910 [a113b3de-1e69-4d48-9e91-4a0af33016fa@group-0492F37A3530-StateMachineUpdater] INFO  impl.StateMachineUpdater (StateMachineUpdater.java:lambda$new$0(87)) - a113b3de-1e69-4d48-9e91-4a0af33016fa@group-0492F37A3530-StateMachineUpdater: snapshotIndex: updateIncreasingly -1 -> 0
2020-11-26 17:12:31,910 [a113b3de-1e69-4d48-9e91-4a0af33016fa@group-0492F37A3530-StateMachineUpdater] INFO  metrics.RatisMetrics (RatisMetrics.java:unregister(43)) - Unregistering Metrics Registry : ratis.state_machine.a113b3de-1e69-4d48-9e91-4a0af33016fa@group-0492F37A3530
2020-11-26 17:12:31,910 [Listener at 127.0.0.1/40769] INFO  impl.RaftServerImpl (ServerState.java:close(406)) - a113b3de-1e69-4d48-9e91-4a0af33016fa@group-0492F37A3530: closes. applyIndex: 0
2020-11-26 17:12:31,911 [a113b3de-1e69-4d48-9e91-4a0af33016fa@group-0492F37A3530-SegmentedRaftLogWorker] INFO  segmented.SegmentedRaftLogWorker (SegmentedRaftLogWorker.java:run(329)) - a113b3de-1e69-4d48-9e91-4a0af33016fa@group-0492F37A3530-SegmentedRaftLogWorker was interrupted, exiting. There are 0 tasks remaining in the queue.
2020-11-26 17:12:31,911 [Listener at 127.0.0.1/40769] INFO  segmented.SegmentedRaftLogWorker (SegmentedRaftLogWorker.java:close(235)) - a113b3de-1e69-4d48-9e91-4a0af33016fa@group-0492F37A3530-SegmentedRaftLogWorker close()
2020-11-26 17:12:31,912 [Listener at 127.0.0.1/40769] INFO  metrics.RatisMetrics (RatisMetrics.java:unregister(43)) - Unregistering Metrics Registry : ratis.log_worker.a113b3de-1e69-4d48-9e91-4a0af33016fa@group-0492F37A3530
2020-11-26 17:12:31,912 [Listener at 127.0.0.1/40769] INFO  metrics.RatisMetrics (RatisMetrics.java:unregister(43)) - Unregistering Metrics Registry : ratis.leader_election.a113b3de-1e69-4d48-9e91-4a0af33016fa@group-0492F37A3530
2020-11-26 17:12:31,912 [Listener at 127.0.0.1/40769] INFO  metrics.RatisMetrics (RatisMetrics.java:unregister(43)) - Unregistering Metrics Registry : ratis.server.a113b3de-1e69-4d48-9e91-4a0af33016fa@group-0492F37A3530
2020-11-26 17:12:31,912 [Listener at 127.0.0.1/40769] INFO  server.GrpcService (GrpcService.java:closeImpl(184)) - a113b3de-1e69-4d48-9e91-4a0af33016fa: shutdown server with port 33321 now
2020-11-26 17:12:31,914 [Listener at 127.0.0.1/40769] INFO  server.GrpcService (GrpcService.java:closeImpl(193)) - a113b3de-1e69-4d48-9e91-4a0af33016fa: shutdown server with port 33321 successfully
2020-11-26 17:12:31,915 [Listener at 127.0.0.1/40769] INFO  utils.BackgroundService (BackgroundService.java:shutdown(132)) - Shutting down service BlockDeletingService
2020-11-26 17:12:31,918 [Listener at 127.0.0.1/40769] INFO  statemachine.DatanodeStateMachine (DatanodeStateMachine.java:stopDaemon(459)) - Ozone container server stopped.
2020-11-26 17:12:31,922 [ForkJoinPool.commonPool-worker-0] INFO  ozoneimpl.OzoneContainer (OzoneContainer.java:stop(257)) - Attempting to stop container services.
2020-11-26 17:12:31,922 [ForkJoinPool.commonPool-worker-0] INFO  impl.RaftServerProxy (RaftServerProxy.java:lambda$close$4(338)) - 466c22d0-338a-4ace-8281-5de7adeb975e: close
2020-11-26 17:12:31,922 [ForkJoinPool.commonPool-worker-0] INFO  impl.RaftServerImpl (RaftServerImpl.java:lambda$shutdown$3(328)) - 466c22d0-338a-4ace-8281-5de7adeb975e@group-6FEDBFA20FBE: shutdown
2020-11-26 17:12:31,922 [ForkJoinPool.commonPool-worker-0] INFO  util.JmxRegister (JmxRegister.java:unregister(73)) - Successfully un-registered JMX Bean with object name Ratis:service=RaftServer,group=group-6FEDBFA20FBE,id=466c22d0-338a-4ace-8281-5de7adeb975e
2020-11-26 17:12:31,922 [ForkJoinPool.commonPool-worker-0] INFO  impl.RoleInfo (RoleInfo.java:shutdownFollowerState(121)) - 466c22d0-338a-4ace-8281-5de7adeb975e: shutdown 466c22d0-338a-4ace-8281-5de7adeb975e@group-6FEDBFA20FBE-FollowerState
2020-11-26 17:12:31,922 [ForkJoinPool.commonPool-worker-0] INFO  impl.StateMachineUpdater (StateMachineUpdater.java:stopAndJoin(147)) - 466c22d0-338a-4ace-8281-5de7adeb975e@group-6FEDBFA20FBE-StateMachineUpdater: set stopIndex = 1
2020-11-26 17:12:31,922 [Thread-753] INFO  impl.FollowerState (FollowerState.java:run(137)) - 466c22d0-338a-4ace-8281-5de7adeb975e@group-6FEDBFA20FBE-FollowerState was interrupted: {}
java.lang.InterruptedException: sleep interrupted
	at java.lang.Thread.sleep(Native Method)
	at org.apache.ratis.util.JavaUtils.sleep(JavaUtils.java:250)
	at org.apache.ratis.server.impl.FollowerState.run(FollowerState.java:116)
2020-11-26 17:12:31,923 [466c22d0-338a-4ace-8281-5de7adeb975e@group-6FEDBFA20FBE-StateMachineUpdater] INFO  ratis.ContainerStateMachine (ContainerStateMachine.java:takeSnapshot(293)) - group-6FEDBFA20FBE: Taking a snapshot at:(t:2, i:1) file /github/workspace/mnt/ozone/hadoop-ozone/integration-test/target/test-dir/MiniOzoneClusterImpl-baac2ffe-e1a6-449a-ab8a-404ec876111f/datanode-0/data/ratis/6dd5f12f-9316-49cf-8695-6fedbfa20fbe/sm/snapshot.2_1
2020-11-26 17:12:31,924 [466c22d0-338a-4ace-8281-5de7adeb975e@group-6FEDBFA20FBE-StateMachineUpdater] INFO  ratis.ContainerStateMachine (ContainerStateMachine.java:takeSnapshot(304)) - group-6FEDBFA20FBE: Finished taking a snapshot at:(t:2, i:1) file:/github/workspace/mnt/ozone/hadoop-ozone/integration-test/target/test-dir/MiniOzoneClusterImpl-baac2ffe-e1a6-449a-ab8a-404ec876111f/datanode-0/data/ratis/6dd5f12f-9316-49cf-8695-6fedbfa20fbe/sm/snapshot.2_1 time:1
2020-11-26 17:12:31,924 [466c22d0-338a-4ace-8281-5de7adeb975e@group-6FEDBFA20FBE-StateMachineUpdater] INFO  impl.StateMachineUpdater (StateMachineUpdater.java:takeSnapshot(278)) - 466c22d0-338a-4ace-8281-5de7adeb975e@group-6FEDBFA20FBE-StateMachineUpdater: Took a snapshot at index 1
2020-11-26 17:12:31,924 [466c22d0-338a-4ace-8281-5de7adeb975e@group-6FEDBFA20FBE-StateMachineUpdater] INFO  impl.StateMachineUpdater (StateMachineUpdater.java:lambda$new$0(87)) - 466c22d0-338a-4ace-8281-5de7adeb975e@group-6FEDBFA20FBE-StateMachineUpdater: snapshotIndex: updateIncreasingly -1 -> 1
2020-11-26 17:12:31,924 [466c22d0-338a-4ace-8281-5de7adeb975e@group-6FEDBFA20FBE-StateMachineUpdater] INFO  metrics.RatisMetrics (RatisMetrics.java:unregister(43)) - Unregistering Metrics Registry : ratis.state_machine.466c22d0-338a-4ace-8281-5de7adeb975e@group-6FEDBFA20FBE
2020-11-26 17:12:31,924 [ForkJoinPool.commonPool-worker-0] INFO  impl.RaftServerImpl (ServerState.java:close(406)) - 466c22d0-338a-4ace-8281-5de7adeb975e@group-6FEDBFA20FBE: closes. applyIndex: 1
2020-11-26 17:12:31,925 [466c22d0-338a-4ace-8281-5de7adeb975e@group-6FEDBFA20FBE-SegmentedRaftLogWorker] INFO  segmented.SegmentedRaftLogWorker (SegmentedRaftLogWorker.java:run(329)) - 466c22d0-338a-4ace-8281-5de7adeb975e@group-6FEDBFA20FBE-SegmentedRaftLogWorker was interrupted, exiting. There are 0 tasks remaining in the queue.
2020-11-26 17:12:31,926 [ForkJoinPool.commonPool-worker-0] INFO  segmented.SegmentedRaftLogWorker (SegmentedRaftLogWorker.java:close(235)) - 466c22d0-338a-4ace-8281-5de7adeb975e@group-6FEDBFA20FBE-SegmentedRaftLogWorker close()
2020-11-26 17:12:31,926 [ForkJoinPool.commonPool-worker-0] INFO  metrics.RatisMetrics (RatisMetrics.java:unregister(43)) - Unregistering Metrics Registry : ratis.log_worker.466c22d0-338a-4ace-8281-5de7adeb975e@group-6FEDBFA20FBE
2020-11-26 17:12:31,927 [ForkJoinPool.commonPool-worker-0] INFO  metrics.RatisMetrics (RatisMetrics.java:unregister(43)) - Unregistering Metrics Registry : ratis.leader_election.466c22d0-338a-4ace-8281-5de7adeb975e@group-6FEDBFA20FBE
2020-11-26 17:12:31,927 [ForkJoinPool.commonPool-worker-0] INFO  metrics.RatisMetrics (RatisMetrics.java:unregister(43)) - Unregistering Metrics Registry : ratis.server.466c22d0-338a-4ace-8281-5de7adeb975e@group-6FEDBFA20FBE
2020-11-26 17:12:31,927 [ForkJoinPool.commonPool-worker-0] INFO  impl.RaftServerImpl (RaftServerImpl.java:lambda$shutdown$3(328)) - 466c22d0-338a-4ace-8281-5de7adeb975e@group-01CD167F3F07: shutdown
2020-11-26 17:12:31,927 [ForkJoinPool.commonPool-worker-0] INFO  util.JmxRegister (JmxRegister.java:unregister(73)) - Successfully un-registered JMX Bean with object name Ratis:service=RaftServer,group=group-01CD167F3F07,id=466c22d0-338a-4ace-8281-5de7adeb975e
2020-11-26 17:12:31,927 [ForkJoinPool.commonPool-worker-0] INFO  impl.RoleInfo (RoleInfo.java:shutdownLeaderState(104)) - 466c22d0-338a-4ace-8281-5de7adeb975e: shutdown 466c22d0-338a-4ace-8281-5de7adeb975e@group-01CD167F3F07-LeaderState
2020-11-26 17:12:31,927 [ForkJoinPool.commonPool-worker-0] INFO  impl.PendingRequests (PendingRequests.java:sendNotLeaderResponses(250)) - 466c22d0-338a-4ace-8281-5de7adeb975e@group-01CD167F3F07-PendingRequests: sendNotLeaderResponses
2020-11-26 17:12:31,927 [ForkJoinPool.commonPool-worker-0] INFO  metrics.RatisMetrics (RatisMetrics.java:unregister(43)) - Unregistering Metrics Registry : ratis.log_appender.466c22d0-338a-4ace-8281-5de7adeb975e@group-01CD167F3F07
2020-11-26 17:12:31,927 [ForkJoinPool.commonPool-worker-0] INFO  metrics.RatisMetrics (RatisMetrics.java:unregister(43)) - Unregistering Metrics Registry : ratis.server.466c22d0-338a-4ace-8281-5de7adeb975e@group-01CD167F3F07
2020-11-26 17:12:31,928 [466c22d0-338a-4ace-8281-5de7adeb975e@group-01CD167F3F07-StateMachineUpdater] INFO  ratis.ContainerStateMachine (ContainerStateMachine.java:takeSnapshot(293)) - group-01CD167F3F07: Taking a snapshot at:(t:1, i:0) file /github/workspace/mnt/ozone/hadoop-ozone/integration-test/target/test-dir/MiniOzoneClusterImpl-baac2ffe-e1a6-449a-ab8a-404ec876111f/datanode-0/data/ratis/d12391f0-0014-4d08-92a7-01cd167f3f07/sm/snapshot.1_0
2020-11-26 17:12:31,928 [ForkJoinPool.commonPool-worker-0] INFO  impl.StateMachineUpdater (StateMachineUpdater.java:stopAndJoin(147)) - 466c22d0-338a-4ace-8281-5de7adeb975e@group-01CD167F3F07-StateMachineUpdater: set stopIndex = 0
2020-11-26 17:12:31,928 [466c22d0-338a-4ace-8281-5de7adeb975e@group-01CD167F3F07-StateMachineUpdater] INFO  ratis.ContainerStateMachine (ContainerStateMachine.java:takeSnapshot(304)) - group-01CD167F3F07: Finished taking a snapshot at:(t:1, i:0) file:/github/workspace/mnt/ozone/hadoop-ozone/integration-test/target/test-dir/MiniOzoneClusterImpl-baac2ffe-e1a6-449a-ab8a-404ec876111f/datanode-0/data/ratis/d12391f0-0014-4d08-92a7-01cd167f3f07/sm/snapshot.1_0 time:1
2020-11-26 17:12:31,929 [466c22d0-338a-4ace-8281-5de7adeb975e@group-01CD167F3F07-StateMachineUpdater] INFO  impl.StateMachineUpdater (StateMachineUpdater.java:takeSnapshot(278)) - 466c22d0-338a-4ace-8281-5de7adeb975e@group-01CD167F3F07-StateMachineUpdater: Took a snapshot at index 0
2020-11-26 17:12:31,929 [466c22d0-338a-4ace-8281-5de7adeb975e@group-01CD167F3F07-StateMachineUpdater] INFO  impl.StateMachineUpdater (StateMachineUpdater.java:lambda$new$0(87)) - 466c22d0-338a-4ace-8281-5de7adeb975e@group-01CD167F3F07-StateMachineUpdater: snapshotIndex: updateIncreasingly -1 -> 0
2020-11-26 17:12:31,929 [466c22d0-338a-4ace-8281-5de7adeb975e@group-01CD167F3F07-StateMachineUpdater] INFO  metrics.RatisMetrics (RatisMetrics.java:unregister(43)) - Unregistering Metrics Registry : ratis.state_machine.466c22d0-338a-4ace-8281-5de7adeb975e@group-01CD167F3F07
2020-11-26 17:12:31,929 [ForkJoinPool.commonPool-worker-0] INFO  impl.RaftServerImpl (ServerState.java:close(406)) - 466c22d0-338a-4ace-8281-5de7adeb975e@group-01CD167F3F07: closes. applyIndex: 0
2020-11-26 17:12:31,929 [466c22d0-338a-4ace-8281-5de7adeb975e@group-01CD167F3F07-SegmentedRaftLogWorker] INFO  segmented.SegmentedRaftLogWorker (SegmentedRaftLogWorker.java:run(329)) - 466c22d0-338a-4ace-8281-5de7adeb975e@group-01CD167F3F07-SegmentedRaftLogWorker was interrupted, exiting. There are 0 tasks remaining in the queue.
2020-11-26 17:12:31,929 [ForkJoinPool.commonPool-worker-0] INFO  segmented.SegmentedRaftLogWorker (SegmentedRaftLogWorker.java:close(235)) - 466c22d0-338a-4ace-8281-5de7adeb975e@group-01CD167F3F07-SegmentedRaftLogWorker close()
2020-11-26 17:12:31,929 [ForkJoinPool.commonPool-worker-0] INFO  metrics.RatisMetrics (RatisMetrics.java:unregister(43)) - Unregistering Metrics Registry : ratis.log_worker.466c22d0-338a-4ace-8281-5de7adeb975e@group-01CD167F3F07
2020-11-26 17:12:31,930 [ForkJoinPool.commonPool-worker-0] INFO  metrics.RatisMetrics (RatisMetrics.java:unregister(43)) - Unregistering Metrics Registry : ratis.leader_election.466c22d0-338a-4ace-8281-5de7adeb975e@group-01CD167F3F07
2020-11-26 17:12:31,930 [ForkJoinPool.commonPool-worker-0] INFO  metrics.RatisMetrics (RatisMetrics.java:unregister(43)) - Unregistering Metrics Registry : ratis.server.466c22d0-338a-4ace-8281-5de7adeb975e@group-01CD167F3F07
2020-11-26 17:12:31,930 [ForkJoinPool.commonPool-worker-0] INFO  server.GrpcService (GrpcService.java:closeImpl(184)) - 466c22d0-338a-4ace-8281-5de7adeb975e: shutdown server with port 36009 now
2020-11-26 17:12:31,931 [Listener at 127.0.0.1/40769] INFO  handler.ContextHandler (ContextHandler.java:doStop(1154)) - Stopped o.e.j.w.WebAppContext@a4852b6{hddsDatanode,/,null,STOPPED}{jar:file:/home/user/.m2/repository/org/apache/hadoop/hadoop-hdds-container-service/1.1.0-SNAPSHOT/hadoop-hdds-container-service-1.1.0-SNAPSHOT.jar!/webapps/hddsDatanode}
2020-11-26 17:12:31,932 [ForkJoinPool.commonPool-worker-0] INFO  server.GrpcService (GrpcService.java:closeImpl(193)) - 466c22d0-338a-4ace-8281-5de7adeb975e: shutdown server with port 36009 successfully
2020-11-26 17:12:31,939 [ForkJoinPool.commonPool-worker-0] INFO  utils.BackgroundService (BackgroundService.java:shutdown(132)) - Shutting down service BlockDeletingService
2020-11-26 17:12:31,940 [Listener at 127.0.0.1/40769] INFO  server.AbstractConnector (AbstractConnector.java:doStop(381)) - Stopped ServerConnector@2924c6e{HTTP/1.1, (http/1.1)}{0.0.0.0:0}
2020-11-26 17:12:31,940 [Listener at 127.0.0.1/40769] INFO  server.session (HouseKeeper.java:stopScavenging(149)) - node0 Stopped scavenging
2020-11-26 17:12:31,940 [ForkJoinPool.commonPool-worker-0] INFO  statemachine.DatanodeStateMachine (DatanodeStateMachine.java:stopDaemon(459)) - Ozone container server stopped.
2020-11-26 17:12:31,941 [Listener at 127.0.0.1/40769] INFO  handler.ContextHandler (ContextHandler.java:doStop(1154)) - Stopped o.e.j.s.ServletContextHandler@ad89de9{static,/static,jar:file:/home/user/.m2/repository/org/apache/hadoop/hadoop-hdds-container-service/1.1.0-SNAPSHOT/hadoop-hdds-container-service-1.1.0-SNAPSHOT.jar!/webapps/static,STOPPED}
2020-11-26 17:12:31,941 [Listener at 127.0.0.1/40769] INFO  handler.ContextHandler (ContextHandler.java:doStop(1154)) - Stopped o.e.j.s.ServletContextHandler@11bb4bfd{logs,/logs,file:///github/workspace/mnt/ozone/hadoop-ozone/integration-test/target/log,STOPPED}
2020-11-26 17:12:31,952 [ForkJoinPool.commonPool-worker-0] INFO  handler.ContextHandler (ContextHandler.java:doStop(1154)) - Stopped o.e.j.w.WebAppContext@23598953{hddsDatanode,/,null,STOPPED}{jar:file:/home/user/.m2/repository/org/apache/hadoop/hadoop-hdds-container-service/1.1.0-SNAPSHOT/hadoop-hdds-container-service-1.1.0-SNAPSHOT.jar!/webapps/hddsDatanode}
2020-11-26 17:12:31,952 [ForkJoinPool.commonPool-worker-0] INFO  server.AbstractConnector (AbstractConnector.java:doStop(381)) - Stopped ServerConnector@7c34b883{HTTP/1.1, (http/1.1)}{0.0.0.0:0}
2020-11-26 17:12:31,952 [ForkJoinPool.commonPool-worker-0] INFO  server.session (HouseKeeper.java:stopScavenging(149)) - node0 Stopped scavenging
2020-11-26 17:12:31,954 [ForkJoinPool.commonPool-worker-0] INFO  handler.ContextHandler (ContextHandler.java:doStop(1154)) - Stopped o.e.j.s.ServletContextHandler@9981b35{static,/static,jar:file:/home/user/.m2/repository/org/apache/hadoop/hadoop-hdds-container-service/1.1.0-SNAPSHOT/hadoop-hdds-container-service-1.1.0-SNAPSHOT.jar!/webapps/static,STOPPED}
2020-11-26 17:12:31,954 [ForkJoinPool.commonPool-worker-0] INFO  handler.ContextHandler (ContextHandler.java:doStop(1154)) - Stopped o.e.j.s.ServletContextHandler@5aedc1b0{logs,/logs,file:///github/workspace/mnt/ozone/hadoop-ozone/integration-test/target/log,STOPPED}
2020-11-26 17:12:32,098 [Datanode State Machine Thread - 0] INFO  statemachine.DatanodeStateMachine (DatanodeStateMachine.java:lambda$startDaemon$0(406)) - Ozone container server started.
2020-11-26 17:12:36,734 [Thread-761] INFO  impl.FollowerState (FollowerState.java:lostMajorityHeartbeatsRecently(105)) - ff415fc8-d651-447e-8633-56fa30db40b3@group-6F588FA94E98-FollowerState: Skipping leader election since it stepped down recently (elapsed = 5040ms < waitTime = 10s)
2020-11-26 17:12:36,944 [Listener at 127.0.0.1/40769] INFO  ozoneimpl.OzoneContainer (OzoneContainer.java:stop(257)) - Attempting to stop container services.
2020-11-26 17:12:36,944 [Listener at 127.0.0.1/40769] INFO  impl.RaftServerProxy (RaftServerProxy.java:lambda$close$4(338)) - ff415fc8-d651-447e-8633-56fa30db40b3: close
2020-11-26 17:12:36,945 [Listener at 127.0.0.1/40769] INFO  impl.RaftServerImpl (RaftServerImpl.java:lambda$shutdown$3(328)) - ff415fc8-d651-447e-8633-56fa30db40b3@group-6F588FA94E98: shutdown
2020-11-26 17:12:36,945 [Listener at 127.0.0.1/40769] INFO  util.JmxRegister (JmxRegister.java:unregister(73)) - Successfully un-registered JMX Bean with object name Ratis:service=RaftServer,group=group-6F588FA94E98,id=ff415fc8-d651-447e-8633-56fa30db40b3
2020-11-26 17:12:36,945 [Listener at 127.0.0.1/40769] INFO  impl.RoleInfo (RoleInfo.java:shutdownFollowerState(121)) - ff415fc8-d651-447e-8633-56fa30db40b3: shutdown ff415fc8-d651-447e-8633-56fa30db40b3@group-6F588FA94E98-FollowerState
2020-11-26 17:12:36,945 [Listener at 127.0.0.1/40769] INFO  impl.StateMachineUpdater (StateMachineUpdater.java:stopAndJoin(147)) - ff415fc8-d651-447e-8633-56fa30db40b3@group-6F588FA94E98-StateMachineUpdater: set stopIndex = 0
2020-11-26 17:12:36,945 [Thread-761] INFO  impl.FollowerState (FollowerState.java:run(137)) - ff415fc8-d651-447e-8633-56fa30db40b3@group-6F588FA94E98-FollowerState was interrupted: {}
java.lang.InterruptedException: sleep interrupted
	at java.lang.Thread.sleep(Native Method)
	at org.apache.ratis.util.JavaUtils.sleep(JavaUtils.java:250)
	at org.apache.ratis.server.impl.FollowerState.run(FollowerState.java:116)
2020-11-26 17:12:36,946 [ff415fc8-d651-447e-8633-56fa30db40b3@group-6F588FA94E98-StateMachineUpdater] INFO  ratis.ContainerStateMachine (ContainerStateMachine.java:takeSnapshot(293)) - group-6F588FA94E98: Taking a snapshot at:(t:1, i:0) file /github/workspace/mnt/ozone/hadoop-ozone/integration-test/target/test-dir/MiniOzoneClusterImpl-baac2ffe-e1a6-449a-ab8a-404ec876111f/datanode-5/data/ratis/c2ef77a2-3d65-48dd-81bf-6f588fa94e98/sm/snapshot.1_0
2020-11-26 17:12:36,947 [ff415fc8-d651-447e-8633-56fa30db40b3@group-6F588FA94E98-StateMachineUpdater] INFO  ratis.ContainerStateMachine (ContainerStateMachine.java:takeSnapshot(304)) - group-6F588FA94E98: Finished taking a snapshot at:(t:1, i:0) file:/github/workspace/mnt/ozone/hadoop-ozone/integration-test/target/test-dir/MiniOzoneClusterImpl-baac2ffe-e1a6-449a-ab8a-404ec876111f/datanode-5/data/ratis/c2ef77a2-3d65-48dd-81bf-6f588fa94e98/sm/snapshot.1_0 time:0
2020-11-26 17:12:36,947 [ff415fc8-d651-447e-8633-56fa30db40b3@group-6F588FA94E98-StateMachineUpdater] INFO  impl.StateMachineUpdater (StateMachineUpdater.java:takeSnapshot(278)) - ff415fc8-d651-447e-8633-56fa30db40b3@group-6F588FA94E98-StateMachineUpdater: Took a snapshot at index 0
2020-11-26 17:12:36,947 [ff415fc8-d651-447e-8633-56fa30db40b3@group-6F588FA94E98-StateMachineUpdater] INFO  impl.StateMachineUpdater (StateMachineUpdater.java:lambda$new$0(87)) - ff415fc8-d651-447e-8633-56fa30db40b3@group-6F588FA94E98-StateMachineUpdater: snapshotIndex: updateIncreasingly -1 -> 0
2020-11-26 17:12:36,947 [ff415fc8-d651-447e-8633-56fa30db40b3@group-6F588FA94E98-StateMachineUpdater] INFO  metrics.RatisMetrics (RatisMetrics.java:unregister(43)) - Unregistering Metrics Registry : ratis.state_machine.ff415fc8-d651-447e-8633-56fa30db40b3@group-6F588FA94E98
2020-11-26 17:12:36,947 [Listener at 127.0.0.1/40769] INFO  impl.RaftServerImpl (ServerState.java:close(406)) - ff415fc8-d651-447e-8633-56fa30db40b3@group-6F588FA94E98: closes. applyIndex: 0
2020-11-26 17:12:36,947 [ff415fc8-d651-447e-8633-56fa30db40b3@group-6F588FA94E98-SegmentedRaftLogWorker] INFO  segmented.SegmentedRaftLogWorker (SegmentedRaftLogWorker.java:run(329)) - ff415fc8-d651-447e-8633-56fa30db40b3@group-6F588FA94E98-SegmentedRaftLogWorker was interrupted, exiting. There are 0 tasks remaining in the queue.
2020-11-26 17:12:36,948 [Listener at 127.0.0.1/40769] INFO  segmented.SegmentedRaftLogWorker (SegmentedRaftLogWorker.java:close(235)) - ff415fc8-d651-447e-8633-56fa30db40b3@group-6F588FA94E98-SegmentedRaftLogWorker close()
2020-11-26 17:12:36,948 [Listener at 127.0.0.1/40769] INFO  metrics.RatisMetrics (RatisMetrics.java:unregister(43)) - Unregistering Metrics Registry : ratis.log_worker.ff415fc8-d651-447e-8633-56fa30db40b3@group-6F588FA94E98
2020-11-26 17:12:36,948 [Listener at 127.0.0.1/40769] INFO  metrics.RatisMetrics (RatisMetrics.java:unregister(43)) - Unregistering Metrics Registry : ratis.leader_election.ff415fc8-d651-447e-8633-56fa30db40b3@group-6F588FA94E98
2020-11-26 17:12:36,948 [Listener at 127.0.0.1/40769] INFO  metrics.RatisMetrics (RatisMetrics.java:unregister(43)) - Unregistering Metrics Registry : ratis.server.ff415fc8-d651-447e-8633-56fa30db40b3@group-6F588FA94E98
2020-11-26 17:12:36,948 [Listener at 127.0.0.1/40769] INFO  impl.RaftServerImpl (RaftServerImpl.java:lambda$shutdown$3(328)) - ff415fc8-d651-447e-8633-56fa30db40b3@group-D09F5683E995: shutdown
2020-11-26 17:12:36,948 [Listener at 127.0.0.1/40769] INFO  util.JmxRegister (JmxRegister.java:unregister(73)) - Successfully un-registered JMX Bean with object name Ratis:service=RaftServer,group=group-D09F5683E995,id=ff415fc8-d651-447e-8633-56fa30db40b3
2020-11-26 17:12:36,948 [Listener at 127.0.0.1/40769] INFO  impl.RoleInfo (RoleInfo.java:shutdownLeaderState(104)) - ff415fc8-d651-447e-8633-56fa30db40b3: shutdown ff415fc8-d651-447e-8633-56fa30db40b3@group-D09F5683E995-LeaderState
2020-11-26 17:12:36,948 [Listener at 127.0.0.1/40769] INFO  impl.PendingRequests (PendingRequests.java:sendNotLeaderResponses(250)) - ff415fc8-d651-447e-8633-56fa30db40b3@group-D09F5683E995-PendingRequests: sendNotLeaderResponses
2020-11-26 17:12:36,949 [Listener at 127.0.0.1/40769] INFO  metrics.RatisMetrics (RatisMetrics.java:unregister(43)) - Unregistering Metrics Registry : ratis.log_appender.ff415fc8-d651-447e-8633-56fa30db40b3@group-D09F5683E995
2020-11-26 17:12:36,949 [Listener at 127.0.0.1/40769] INFO  metrics.RatisMetrics (RatisMetrics.java:unregister(43)) - Unregistering Metrics Registry : ratis.server.ff415fc8-d651-447e-8633-56fa30db40b3@group-D09F5683E995
2020-11-26 17:12:36,949 [Listener at 127.0.0.1/40769] INFO  impl.StateMachineUpdater (StateMachineUpdater.java:stopAndJoin(147)) - ff415fc8-d651-447e-8633-56fa30db40b3@group-D09F5683E995-StateMachineUpdater: set stopIndex = 0
2020-11-26 17:12:36,949 [ff415fc8-d651-447e-8633-56fa30db40b3@group-D09F5683E995-StateMachineUpdater] INFO  ratis.ContainerStateMachine (ContainerStateMachine.java:takeSnapshot(293)) - group-D09F5683E995: Taking a snapshot at:(t:1, i:0) file /github/workspace/mnt/ozone/hadoop-ozone/integration-test/target/test-dir/MiniOzoneClusterImpl-baac2ffe-e1a6-449a-ab8a-404ec876111f/datanode-5/data/ratis/1e8f6edf-d564-4685-ad7c-d09f5683e995/sm/snapshot.1_0
2020-11-26 17:12:36,950 [ff415fc8-d651-447e-8633-56fa30db40b3@group-D09F5683E995-StateMachineUpdater] INFO  ratis.ContainerStateMachine (ContainerStateMachine.java:takeSnapshot(304)) - group-D09F5683E995: Finished taking a snapshot at:(t:1, i:0) file:/github/workspace/mnt/ozone/hadoop-ozone/integration-test/target/test-dir/MiniOzoneClusterImpl-baac2ffe-e1a6-449a-ab8a-404ec876111f/datanode-5/data/ratis/1e8f6edf-d564-4685-ad7c-d09f5683e995/sm/snapshot.1_0 time:1
2020-11-26 17:12:36,950 [ff415fc8-d651-447e-8633-56fa30db40b3@group-D09F5683E995-StateMachineUpdater] INFO  impl.StateMachineUpdater (StateMachineUpdater.java:takeSnapshot(278)) - ff415fc8-d651-447e-8633-56fa30db40b3@group-D09F5683E995-StateMachineUpdater: Took a snapshot at index 0
2020-11-26 17:12:36,950 [ff415fc8-d651-447e-8633-56fa30db40b3@group-D09F5683E995-StateMachineUpdater] INFO  impl.StateMachineUpdater (StateMachineUpdater.java:lambda$new$0(87)) - ff415fc8-d651-447e-8633-56fa30db40b3@group-D09F5683E995-StateMachineUpdater: snapshotIndex: updateIncreasingly -1 -> 0
2020-11-26 17:12:36,951 [ff415fc8-d651-447e-8633-56fa30db40b3@group-D09F5683E995-StateMachineUpdater] INFO  metrics.RatisMetrics (RatisMetrics.java:unregister(43)) - Unregistering Metrics Registry : ratis.state_machine.ff415fc8-d651-447e-8633-56fa30db40b3@group-D09F5683E995
2020-11-26 17:12:36,951 [Listener at 127.0.0.1/40769] INFO  impl.RaftServerImpl (ServerState.java:close(406)) - ff415fc8-d651-447e-8633-56fa30db40b3@group-D09F5683E995: closes. applyIndex: 0
2020-11-26 17:12:36,951 [ff415fc8-d651-447e-8633-56fa30db40b3@group-D09F5683E995-SegmentedRaftLogWorker] INFO  segmented.SegmentedRaftLogWorker (SegmentedRaftLogWorker.java:run(329)) - ff415fc8-d651-447e-8633-56fa30db40b3@group-D09F5683E995-SegmentedRaftLogWorker was interrupted, exiting. There are 0 tasks remaining in the queue.
2020-11-26 17:12:36,951 [Listener at 127.0.0.1/40769] INFO  segmented.SegmentedRaftLogWorker (SegmentedRaftLogWorker.java:close(235)) - ff415fc8-d651-447e-8633-56fa30db40b3@group-D09F5683E995-SegmentedRaftLogWorker close()
2020-11-26 17:12:36,951 [Listener at 127.0.0.1/40769] INFO  metrics.RatisMetrics (RatisMetrics.java:unregister(43)) - Unregistering Metrics Registry : ratis.log_worker.ff415fc8-d651-447e-8633-56fa30db40b3@group-D09F5683E995
2020-11-26 17:12:36,951 [Listener at 127.0.0.1/40769] INFO  metrics.RatisMetrics (RatisMetrics.java:unregister(43)) - Unregistering Metrics Registry : ratis.leader_election.ff415fc8-d651-447e-8633-56fa30db40b3@group-D09F5683E995
2020-11-26 17:12:36,951 [Listener at 127.0.0.1/40769] INFO  metrics.RatisMetrics (RatisMetrics.java:unregister(43)) - Unregistering Metrics Registry : ratis.server.ff415fc8-d651-447e-8633-56fa30db40b3@group-D09F5683E995
2020-11-26 17:12:36,951 [Listener at 127.0.0.1/40769] INFO  server.GrpcService (GrpcService.java:closeImpl(184)) - ff415fc8-d651-447e-8633-56fa30db40b3: shutdown server with port 42725 now
2020-11-26 17:12:36,957 [Listener at 127.0.0.1/40769] INFO  server.GrpcService (GrpcService.java:closeImpl(193)) - ff415fc8-d651-447e-8633-56fa30db40b3: shutdown server with port 42725 successfully
2020-11-26 17:12:36,958 [Listener at 127.0.0.1/40769] INFO  utils.BackgroundService (BackgroundService.java:shutdown(132)) - Shutting down service BlockDeletingService
2020-11-26 17:12:36,959 [Listener at 127.0.0.1/40769] INFO  statemachine.DatanodeStateMachine (DatanodeStateMachine.java:stopDaemon(459)) - Ozone container server stopped.
2020-11-26 17:12:36,967 [Listener at 127.0.0.1/40769] INFO  handler.ContextHandler (ContextHandler.java:doStop(1154)) - Stopped o.e.j.w.WebAppContext@33a087ec{hddsDatanode,/,null,STOPPED}{jar:file:/home/user/.m2/repository/org/apache/hadoop/hadoop-hdds-container-service/1.1.0-SNAPSHOT/hadoop-hdds-container-service-1.1.0-SNAPSHOT.jar!/webapps/hddsDatanode}
2020-11-26 17:12:36,968 [Listener at 127.0.0.1/40769] INFO  server.AbstractConnector (AbstractConnector.java:doStop(381)) - Stopped ServerConnector@5cfd86dd{HTTP/1.1, (http/1.1)}{0.0.0.0:0}
2020-11-26 17:12:36,968 [Listener at 127.0.0.1/40769] INFO  server.session (HouseKeeper.java:stopScavenging(149)) - node0 Stopped scavenging
2020-11-26 17:12:36,968 [Listener at 127.0.0.1/40769] INFO  handler.ContextHandler (ContextHandler.java:doStop(1154)) - Stopped o.e.j.s.ServletContextHandler@6b01a33e{static,/static,jar:file:/home/user/.m2/repository/org/apache/hadoop/hadoop-hdds-container-service/1.1.0-SNAPSHOT/hadoop-hdds-container-service-1.1.0-SNAPSHOT.jar!/webapps/static,STOPPED}
2020-11-26 17:12:36,969 [Listener at 127.0.0.1/40769] INFO  handler.ContextHandler (ContextHandler.java:doStop(1154)) - Stopped o.e.j.s.ServletContextHandler@29a92f75{logs,/logs,file:///github/workspace/mnt/ozone/hadoop-ozone/integration-test/target/log,STOPPED}
2020-11-26 17:12:36,969 [Listener at 127.0.0.1/40769] INFO  ozone.MiniOzoneClusterImpl (MiniOzoneClusterImpl.java:stopSCM(477)) - Stopping the StorageContainerManager
2020-11-26 17:12:36,969 [Listener at 127.0.0.1/40769] INFO  server.StorageContainerManager (StorageContainerManager.java:stop(823)) - Stopping Replication Manager Service.
2020-11-26 17:12:36,969 [Listener at 127.0.0.1/40769] INFO  container.ReplicationManager (ReplicationManager.java:stop(219)) - Stopping Replication Monitor Thread.
2020-11-26 17:12:36,970 [Listener at 127.0.0.1/40769] INFO  server.StorageContainerManager (StorageContainerManager.java:stop(830)) - Stopping Lease Manager of the command watchers
2020-11-26 17:12:36,970 [Listener at 127.0.0.1/40769] INFO  server.StorageContainerManager (StorageContainerManager.java:stop(837)) - Stopping datanode service RPC server
2020-11-26 17:12:36,970 [CommandWatcher-LeaseManager#LeaseMonitor] ERROR lease.LeaseManager (LeaseManager.java:run(238)) - Execution was interrupted 
java.lang.InterruptedException: sleep interrupted
	at java.lang.Thread.sleep(Native Method)
	at org.apache.hadoop.ozone.lease.LeaseManager$LeaseMonitor.run(LeaseManager.java:234)
	at java.lang.Thread.run(Thread.java:748)
2020-11-26 17:12:36,970 [Listener at 127.0.0.1/40769] INFO  server.SCMDatanodeProtocolServer (SCMDatanodeProtocolServer.java:stop(361)) - Stopping the RPC server for DataNodes
2020-11-26 17:12:36,970 [Listener at 127.0.0.1/40769] INFO  ipc.Server (Server.java:stop(3359)) - Stopping server on 33409
2020-11-26 17:12:36,972 [IPC Server listener on 0] INFO  ipc.Server (Server.java:run(1330)) - Stopping IPC Server listener on 0
2020-11-26 17:12:36,973 [IPC Server Responder] INFO  ipc.Server (Server.java:run(1465)) - Stopping IPC Server Responder
2020-11-26 17:12:36,992 [SCM Heartbeat Processing Thread - 0] WARN  node.NodeStateManager (NodeStateManager.java:scheduleNextHealthCheck(661)) - Current Thread is interrupted, shutting down HB processing thread for Node Manager.
2020-11-26 17:12:36,992 [Listener at 127.0.0.1/40769] INFO  server.StorageContainerManager (StorageContainerManager.java:stop(845)) - Stopping block service RPC server
2020-11-26 17:12:36,993 [Listener at 127.0.0.1/40769] INFO  server.SCMBlockProtocolServer (SCMBlockProtocolServer.java:stop(159)) - Stopping the RPC server for Block Protocol
2020-11-26 17:12:36,993 [Listener at 127.0.0.1/40769] INFO  ipc.Server (Server.java:stop(3359)) - Stopping server on 40887
2020-11-26 17:12:36,996 [IPC Server listener on 0] INFO  ipc.Server (Server.java:run(1330)) - Stopping IPC Server listener on 0
2020-11-26 17:12:36,996 [Listener at 127.0.0.1/40769] INFO  server.StorageContainerManager (StorageContainerManager.java:stop(852)) - Stopping the StorageContainerLocationProtocol RPC server
2020-11-26 17:12:36,996 [IPC Server Responder] INFO  ipc.Server (Server.java:run(1465)) - Stopping IPC Server Responder
2020-11-26 17:12:36,997 [Listener at 127.0.0.1/40769] INFO  server.SCMClientProtocolServer (SCMClientProtocolServer.java:stop(165)) - Stopping the RPC server for Client Protocol
2020-11-26 17:12:36,997 [Listener at 127.0.0.1/40769] INFO  ipc.Server (Server.java:stop(3359)) - Stopping server on 38943
2020-11-26 17:12:36,999 [IPC Server listener on 0] INFO  ipc.Server (Server.java:run(1330)) - Stopping IPC Server listener on 0
2020-11-26 17:12:36,999 [IPC Server Responder] INFO  ipc.Server (Server.java:run(1465)) - Stopping IPC Server Responder
2020-11-26 17:12:36,999 [Listener at 127.0.0.1/40769] INFO  server.StorageContainerManager (StorageContainerManager.java:stop(859)) - Stopping Storage Container Manager HTTP server.
2020-11-26 17:12:37,001 [Listener at 127.0.0.1/40769] INFO  handler.ContextHandler (ContextHandler.java:doStop(1154)) - Stopped o.e.j.w.WebAppContext@4c9c9a8c{scm,/,null,STOPPED}{file:/github/workspace/mnt/ozone/hadoop-ozone/integration-test/target/test-classes/webapps/scm}
2020-11-26 17:12:37,001 [Listener at 127.0.0.1/40769] INFO  server.AbstractConnector (AbstractConnector.java:doStop(381)) - Stopped ServerConnector@3f2a736b{HTTP/1.1, (http/1.1)}{0.0.0.0:0}
2020-11-26 17:12:37,001 [Listener at 127.0.0.1/40769] INFO  server.session (HouseKeeper.java:stopScavenging(149)) - node0 Stopped scavenging
2020-11-26 17:12:37,001 [Listener at 127.0.0.1/40769] INFO  handler.ContextHandler (ContextHandler.java:doStop(1154)) - Stopped o.e.j.s.ServletContextHandler@cddb6c2{static,/static,file:///github/workspace/mnt/ozone/hadoop-ozone/integration-test/target/test-classes/webapps/static,STOPPED}
2020-11-26 17:12:37,002 [Listener at 127.0.0.1/40769] INFO  handler.ContextHandler (ContextHandler.java:doStop(1154)) - Stopped o.e.j.s.ServletContextHandler@747be6f6{logs,/logs,file:///github/workspace/mnt/ozone/hadoop-ozone/integration-test/target/log,STOPPED}
2020-11-26 17:12:37,002 [Listener at 127.0.0.1/40769] INFO  server.StorageContainerManager (StorageContainerManager.java:stop(870)) - Stopping Block Manager Service.
2020-11-26 17:12:37,002 [Listener at 127.0.0.1/40769] INFO  utils.BackgroundService (BackgroundService.java:shutdown(132)) - Shutting down service SCMBlockDeletingService
2020-11-26 17:12:37,002 [Listener at 127.0.0.1/40769] INFO  utils.BackgroundService (BackgroundService.java:shutdown(132)) - Shutting down service SCMBlockDeletingService
2020-11-26 17:12:37,003 [Listener at 127.0.0.1/40769] INFO  server.StorageContainerManager (StorageContainerManager.java:stop(895)) - Stopping SCM Event Queue.
2020-11-26 17:12:37,006 [Listener at 127.0.0.1/40769] INFO  impl.MetricsSystemImpl (MetricsSystemImpl.java:stop(210)) - Stopping HddsDatanode metrics system...
2020-11-26 17:12:37,013 [Listener at 127.0.0.1/40769] INFO  impl.MetricsSystemImpl (MetricsSystemImpl.java:stop(216)) - HddsDatanode metrics system stopped.
]]></system-out>
  </testcase>
</testsuite>