<?xml version="1.0" encoding="UTF-8"?>
<testsuite xmlns:xsi="http://www.w3.org/2001/XMLSchema-instance" xsi:noNamespaceSchemaLocation="https://maven.apache.org/surefire/maven-surefire-plugin/xsd/surefire-test-report.xsd" name="org.apache.hadoop.ozone.client.rpc.TestWatchForCommit" time="218.047" tests="4" errors="1" skipped="0" failures="0">
  <properties>
    <property name="awt.toolkit" value="sun.awt.X11.XToolkit"/>
    <property name="file.encoding.pkg" value="sun.io"/>
    <property name="java.specification.version" value="1.8"/>
    <property name="sun.cpu.isalist" value=""/>
    <property name="sun.jnu.encoding" value="ANSI_X3.4-1968"/>
    <property name="java.class.path" value="/github/workspace/mnt/ozone/hadoop-ozone/integration-test/target/test-classes:/github/workspace/mnt/ozone/hadoop-ozone/integration-test/target/classes:/home/user/.m2/repository/org/apache/hadoop/hadoop-ozone-common/1.1.0-SNAPSHOT/hadoop-ozone-common-1.1.0-SNAPSHOT.jar:/home/user/.m2/repository/org/apache/commons/commons-compress/1.4.1/commons-compress-1.4.1.jar:/home/user/.m2/repository/org/tukaani/xz/1.0/xz-1.0.jar:/home/user/.m2/repository/org/apache/hadoop/hadoop-hdds-common/1.1.0-SNAPSHOT/hadoop-hdds-common-1.1.0-SNAPSHOT.jar:/home/user/.m2/repository/org/apache/hadoop/hadoop-hdds-hadoop-dependency-client/1.1.0-SNAPSHOT/hadoop-hdds-hadoop-dependency-client-1.1.0-SNAPSHOT.jar:/home/user/.m2/repository/info/picocli/picocli/4.4.0/picocli-4.4.0.jar:/home/user/.m2/repository/com/fasterxml/jackson/core/jackson-annotations/2.10.3/jackson-annotations-2.10.3.jar:/home/user/.m2/repository/javax/annotation/javax.annotation-api/1.2/javax.annotation-api-1.2.jar:/home/user/.m2/repository/org/apache/ratis/ratis-server/1.1.0-11689cd-SNAPSHOT/ratis-server-1.1.0-11689cd-SNAPSHOT.jar:/home/user/.m2/repository/org/apache/ratis/ratis-client/1.1.0-11689cd-SNAPSHOT/ratis-client-1.1.0-11689cd-SNAPSHOT.jar:/home/user/.m2/repository/org/apache/ratis/ratis-metrics/1.1.0-11689cd-SNAPSHOT/ratis-metrics-1.1.0-11689cd-SNAPSHOT.jar:/home/user/.m2/repository/org/apache/ratis/ratis-netty/1.1.0-11689cd-SNAPSHOT/ratis-netty-1.1.0-11689cd-SNAPSHOT.jar:/home/user/.m2/repository/org/apache/ratis/ratis-grpc/1.1.0-11689cd-SNAPSHOT/ratis-grpc-1.1.0-11689cd-SNAPSHOT.jar:/home/user/.m2/repository/org/apache/logging/log4j/log4j-api/2.13.3/log4j-api-2.13.3.jar:/home/user/.m2/repository/org/apache/logging/log4j/log4j-core/2.13.3/log4j-core-2.13.3.jar:/home/user/.m2/repository/com/lmax/disruptor/3.4.2/disruptor-3.4.2.jar:/home/user/.m2/repository/org/apache/commons/commons-pool2/2.6.0/commons-pool2-2.6.0.jar:/home/user/.m2/repository/org/bouncycastle/bcpkix-jdk15on/1.60/bcpkix-jdk15on-1.60.jar:/home/user/.m2/repository/commons-validator/commons-validator/1.6/commons-validator-1.6.jar:/home/user/.m2/repository/commons-digester/commons-digester/1.8.1/commons-digester-1.8.1.jar:/home/user/.m2/repository/io/jaegertracing/jaeger-client/1.2.0/jaeger-client-1.2.0.jar:/home/user/.m2/repository/io/jaegertracing/jaeger-thrift/1.2.0/jaeger-thrift-1.2.0.jar:/home/user/.m2/repository/org/apache/thrift/libthrift/0.13.0/libthrift-0.13.0.jar:/home/user/.m2/repository/com/squareup/okhttp3/okhttp/4.2.2/okhttp-4.2.2.jar:/home/user/.m2/repository/com/squareup/okio/okio/2.2.2/okio-2.2.2.jar:/home/user/.m2/repository/org/jetbrains/kotlin/kotlin-stdlib/1.3.50/kotlin-stdlib-1.3.50.jar:/home/user/.m2/repository/org/jetbrains/kotlin/kotlin-stdlib-common/1.3.50/kotlin-stdlib-common-1.3.50.jar:/home/user/.m2/repository/org/jetbrains/annotations/13.0/annotations-13.0.jar:/home/user/.m2/repository/io/jaegertracing/jaeger-core/1.2.0/jaeger-core-1.2.0.jar:/home/user/.m2/repository/io/jaegertracing/jaeger-tracerresolver/1.2.0/jaeger-tracerresolver-1.2.0.jar:/home/user/.m2/repository/io/opentracing/contrib/opentracing-tracerresolver/0.1.8/opentracing-tracerresolver-0.1.8.jar:/home/user/.m2/repository/io/opentracing/opentracing-util/0.33.0/opentracing-util-0.33.0.jar:/home/user/.m2/repository/io/opentracing/opentracing-api/0.33.0/opentracing-api-0.33.0.jar:/home/user/.m2/repository/io/opentracing/opentracing-noop/0.33.0/opentracing-noop-0.33.0.jar:/home/user/.m2/repository/org/apache/hadoop/hadoop-hdds-client/1.1.0-SNAPSHOT/hadoop-hdds-client-1.1.0-SNAPSHOT.jar:/home/user/.m2/repository/org/apache/hadoop/hadoop-ozone-interface-client/1.1.0-SNAPSHOT/hadoop-ozone-interface-client-1.1.0-SNAPSHOT.jar:/home/user/.m2/repository/org/apache/hadoop/hadoop-hdds-test-utils/1.1.0-SNAPSHOT/hadoop-hdds-test-utils-1.1.0-SNAPSHOT.jar:/home/user/.m2/repository/com/google/guava/guava/28.2-jre/guava-28.2-jre.jar:/home/user/.m2/repository/com/google/guava/failureaccess/1.0.1/failureaccess-1.0.1.jar:/home/user/.m2/repository/com/google/guava/listenablefuture/9999.0-empty-to-avoid-conflict-with-guava/listenablefuture-9999.0-empty-to-avoid-conflict-with-guava.jar:/home/user/.m2/repository/com/google/code/findbugs/jsr305/3.0.0/jsr305-3.0.0.jar:/home/user/.m2/repository/org/checkerframework/checker-qual/2.10.0/checker-qual-2.10.0.jar:/home/user/.m2/repository/com/google/errorprone/error_prone_annotations/2.2.0/error_prone_annotations-2.2.0.jar:/home/user/.m2/repository/com/google/j2objc/j2objc-annotations/1.3/j2objc-annotations-1.3.jar:/home/user/.m2/repository/commons-io/commons-io/2.5/commons-io-2.5.jar:/home/user/.m2/repository/commons-logging/commons-logging/1.2/commons-logging-1.2.jar:/home/user/.m2/repository/log4j/log4j/1.2.17/log4j-1.2.17.jar:/home/user/.m2/repository/org/slf4j/slf4j-api/1.7.25/slf4j-api-1.7.25.jar:/home/user/.m2/repository/org/apache/hadoop/hadoop-hdds-server-scm/1.1.0-SNAPSHOT/hadoop-hdds-server-scm-1.1.0-SNAPSHOT.jar:/home/user/.m2/repository/org/apache/hadoop/hadoop-hdds-container-service/1.1.0-SNAPSHOT/hadoop-hdds-container-service-1.1.0-SNAPSHOT.jar:/home/user/.m2/repository/org/apache/hadoop/hadoop-hdds-hadoop-dependency-server/1.1.0-SNAPSHOT/hadoop-hdds-hadoop-dependency-server-1.1.0-SNAPSHOT.jar:/home/user/.m2/repository/org/apache/hadoop/hadoop-hdds-server-framework/1.1.0-SNAPSHOT/hadoop-hdds-server-framework-1.1.0-SNAPSHOT.jar:/home/user/.m2/repository/org/apache/hadoop/hadoop-hdds-interface-server/1.1.0-SNAPSHOT/hadoop-hdds-interface-server-1.1.0-SNAPSHOT.jar:/home/user/.m2/repository/org/apache/hadoop/hadoop-hdds-interface-admin/1.1.0-SNAPSHOT/hadoop-hdds-interface-admin-1.1.0-SNAPSHOT.jar:/home/user/.m2/repository/org/rocksdb/rocksdbjni/6.8.1/rocksdbjni-6.8.1.jar:/home/user/.m2/repository/io/prometheus/simpleclient_dropwizard/0.7.0/simpleclient_dropwizard-0.7.0.jar:/home/user/.m2/repository/io/prometheus/simpleclient/0.7.0/simpleclient-0.7.0.jar:/home/user/.m2/repository/io/prometheus/simpleclient_common/0.7.0/simpleclient_common-0.7.0.jar:/home/user/.m2/repository/com/fasterxml/jackson/datatype/jackson-datatype-jsr310/2.10.3/jackson-datatype-jsr310-2.10.3.jar:/home/user/.m2/repository/io/dropwizard/metrics/metrics-core/3.2.4/metrics-core-3.2.4.jar:/home/user/.m2/repository/org/apache/hadoop/hadoop-hdfs-client/3.2.1/hadoop-hdfs-client-3.2.1.jar:/home/user/.m2/repository/org/bouncycastle/bcprov-jdk15on/1.60/bcprov-jdk15on-1.60.jar:/home/user/.m2/repository/org/apache/hadoop/hadoop-ozone-ozone-manager/1.1.0-SNAPSHOT/hadoop-ozone-ozone-manager-1.1.0-SNAPSHOT.jar:/home/user/.m2/repository/org/apache/hadoop/hadoop-hdds-interface-client/1.1.0-SNAPSHOT/hadoop-hdds-interface-client-1.1.0-SNAPSHOT.jar:/home/user/.m2/repository/org/apache/ratis/ratis-thirdparty-misc/0.6.0-SNAPSHOT/ratis-thirdparty-misc-0.6.0-SNAPSHOT.jar:/home/user/.m2/repository/org/apache/hadoop/hadoop-ozone-interface-storage/1.1.0-SNAPSHOT/hadoop-ozone-interface-storage-1.1.0-SNAPSHOT.jar:/home/user/.m2/repository/org/apache/hadoop/hadoop-minikdc/3.2.1/hadoop-minikdc-3.2.1.jar:/home/user/.m2/repository/org/apache/kerby/kerb-simplekdc/1.0.1/kerb-simplekdc-1.0.1.jar:/home/user/.m2/repository/org/apache/kerby/kerb-client/1.0.1/kerb-client-1.0.1.jar:/home/user/.m2/repository/org/apache/kerby/kerby-config/1.0.1/kerby-config-1.0.1.jar:/home/user/.m2/repository/org/apache/kerby/kerb-core/1.0.1/kerb-core-1.0.1.jar:/home/user/.m2/repository/org/apache/kerby/kerby-pkix/1.0.1/kerby-pkix-1.0.1.jar:/home/user/.m2/repository/org/apache/kerby/kerby-asn1/1.0.1/kerby-asn1-1.0.1.jar:/home/user/.m2/repository/org/apache/kerby/kerby-util/1.0.1/kerby-util-1.0.1.jar:/home/user/.m2/repository/org/apache/kerby/kerb-common/1.0.1/kerb-common-1.0.1.jar:/home/user/.m2/repository/org/apache/kerby/kerb-crypto/1.0.1/kerb-crypto-1.0.1.jar:/home/user/.m2/repository/org/apache/kerby/kerb-util/1.0.1/kerb-util-1.0.1.jar:/home/user/.m2/repository/org/apache/kerby/token-provider/1.0.1/token-provider-1.0.1.jar:/home/user/.m2/repository/org/apache/kerby/kerb-admin/1.0.1/kerb-admin-1.0.1.jar:/home/user/.m2/repository/org/apache/kerby/kerb-server/1.0.1/kerb-server-1.0.1.jar:/home/user/.m2/repository/org/apache/kerby/kerb-identity/1.0.1/kerb-identity-1.0.1.jar:/home/user/.m2/repository/org/apache/kerby/kerby-xdr/1.0.1/kerby-xdr-1.0.1.jar:/home/user/.m2/repository/org/slf4j/slf4j-log4j12/1.7.25/slf4j-log4j12-1.7.25.jar:/home/user/.m2/repository/org/apache/hadoop/hadoop-ozone-s3gateway/1.1.0-SNAPSHOT/hadoop-ozone-s3gateway-1.1.0-SNAPSHOT.jar:/home/user/.m2/repository/org/jboss/weld/servlet/weld-servlet/2.4.7.Final/weld-servlet-2.4.7.Final.jar:/home/user/.m2/repository/org/glassfish/jersey/containers/jersey-container-servlet-core/2.27/jersey-container-servlet-core-2.27.jar:/home/user/.m2/repository/org/glassfish/hk2/external/javax.inject/2.5.0-b42/javax.inject-2.5.0-b42.jar:/home/user/.m2/repository/org/glassfish/jersey/core/jersey-common/2.27/jersey-common-2.27.jar:/home/user/.m2/repository/org/glassfish/hk2/osgi-resource-locator/1.0.1/osgi-resource-locator-1.0.1.jar:/home/user/.m2/repository/javax/ws/rs/javax.ws.rs-api/2.1/javax.ws.rs-api-2.1.jar:/home/user/.m2/repository/org/glassfish/jersey/ext/cdi/jersey-cdi1x/2.27/jersey-cdi1x-2.27.jar:/home/user/.m2/repository/org/glassfish/jersey/inject/jersey-hk2/2.27/jersey-hk2-2.27.jar:/home/user/.m2/repository/org/glassfish/hk2/hk2-locator/2.5.0-b42/hk2-locator-2.5.0-b42.jar:/home/user/.m2/repository/org/javassist/javassist/3.22.0-CR2/javassist-3.22.0-CR2.jar:/home/user/.m2/repository/org/glassfish/hk2/hk2-api/2.5.0/hk2-api-2.5.0.jar:/home/user/.m2/repository/org/glassfish/hk2/external/jakarta.inject/2.5.0/jakarta.inject-2.5.0.jar:/home/user/.m2/repository/org/glassfish/hk2/hk2-utils/2.5.0/hk2-utils-2.5.0.jar:/home/user/.m2/repository/jakarta/annotation/jakarta.annotation-api/1.3.4/jakarta.annotation-api-1.3.4.jar:/home/user/.m2/repository/org/glassfish/hk2/external/aopalliance-repackaged/2.5.0/aopalliance-repackaged-2.5.0.jar:/home/user/.m2/repository/com/fasterxml/jackson/dataformat/jackson-dataformat-xml/2.10.3/jackson-dataformat-xml-2.10.3.jar:/home/user/.m2/repository/com/fasterxml/jackson/core/jackson-core/2.10.3/jackson-core-2.10.3.jar:/home/user/.m2/repository/com/fasterxml/jackson/module/jackson-module-jaxb-annotations/2.10.3/jackson-module-jaxb-annotations-2.10.3.jar:/home/user/.m2/repository/jakarta/xml/bind/jakarta.xml.bind-api/2.3.2/jakarta.xml.bind-api-2.3.2.jar:/home/user/.m2/repository/jakarta/activation/jakarta.activation-api/1.2.1/jakarta.activation-api-1.2.1.jar:/home/user/.m2/repository/org/codehaus/woodstox/stax2-api/3.1.4/stax2-api-3.1.4.jar:/home/user/.m2/repository/com/fasterxml/woodstox/woodstox-core/5.0.3/woodstox-core-5.0.3.jar:/home/user/.m2/repository/javax/enterprise/cdi-api/1.2/cdi-api-1.2.jar:/home/user/.m2/repository/javax/el/javax.el-api/3.0.0/javax.el-api-3.0.0.jar:/home/user/.m2/repository/javax/interceptor/javax.interceptor-api/1.2/javax.interceptor-api-1.2.jar:/home/user/.m2/repository/javax/inject/javax.inject/1/javax.inject-1.jar:/home/user/.m2/repository/com/sun/xml/bind/jaxb-impl/2.3.0.1/jaxb-impl-2.3.0.1.jar:/home/user/.m2/repository/com/sun/xml/bind/jaxb-core/2.3.0.1/jaxb-core-2.3.0.1.jar:/home/user/.m2/repository/javax/xml/bind/jaxb-api/2.3.0/jaxb-api-2.3.0.jar:/home/user/.m2/repository/javax/activation/activation/1.1.1/activation-1.1.1.jar:/home/user/.m2/repository/org/apache/hadoop/hadoop-ozone-csi/1.1.0-SNAPSHOT/hadoop-ozone-csi-1.1.0-SNAPSHOT.jar:/home/user/.m2/repository/com/google/protobuf/protobuf-java-util/3.11.0/protobuf-java-util-3.11.0.jar:/home/user/.m2/repository/com/google/code/gson/gson/2.2.4/gson-2.2.4.jar:/home/user/.m2/repository/org/apache/hadoop/hadoop-hdds-config/1.1.0-SNAPSHOT/hadoop-hdds-config-1.1.0-SNAPSHOT.jar:/home/user/.m2/repository/com/google/protobuf/protobuf-java/2.5.0/protobuf-java-2.5.0.jar:/home/user/.m2/repository/io/grpc/grpc-netty/1.29.0/grpc-netty-1.29.0.jar:/home/user/.m2/repository/io/grpc/grpc-core/1.29.0/grpc-core-1.29.0.jar:/home/user/.m2/repository/com/google/android/annotations/4.1.1.4/annotations-4.1.1.4.jar:/home/user/.m2/repository/io/perfmark/perfmark-api/0.19.0/perfmark-api-0.19.0.jar:/home/user/.m2/repository/io/netty/netty-codec-http2/4.1.48.Final/netty-codec-http2-4.1.48.Final.jar:/home/user/.m2/repository/io/netty/netty-codec/4.1.48.Final/netty-codec-4.1.48.Final.jar:/home/user/.m2/repository/io/netty/netty-handler/4.1.48.Final/netty-handler-4.1.48.Final.jar:/home/user/.m2/repository/io/netty/netty-codec-http/4.1.48.Final/netty-codec-http-4.1.48.Final.jar:/home/user/.m2/repository/io/netty/netty-handler-proxy/4.1.48.Final/netty-handler-proxy-4.1.48.Final.jar:/home/user/.m2/repository/io/netty/netty-codec-socks/4.1.48.Final/netty-codec-socks-4.1.48.Final.jar:/home/user/.m2/repository/io/netty/netty-transport-native-epoll/4.1.48.Final/netty-transport-native-epoll-4.1.48.Final.jar:/home/user/.m2/repository/io/netty/netty-common/4.1.48.Final/netty-common-4.1.48.Final.jar:/home/user/.m2/repository/io/netty/netty-buffer/4.1.48.Final/netty-buffer-4.1.48.Final.jar:/home/user/.m2/repository/io/netty/netty-transport/4.1.48.Final/netty-transport-4.1.48.Final.jar:/home/user/.m2/repository/io/netty/netty-resolver/4.1.48.Final/netty-resolver-4.1.48.Final.jar:/home/user/.m2/repository/io/netty/netty-transport-native-unix-common/4.1.48.Final/netty-transport-native-unix-common-4.1.48.Final.jar:/home/user/.m2/repository/io/grpc/grpc-protobuf/1.29.0/grpc-protobuf-1.29.0.jar:/home/user/.m2/repository/io/grpc/grpc-api/1.29.0/grpc-api-1.29.0.jar:/home/user/.m2/repository/io/grpc/grpc-context/1.29.0/grpc-context-1.29.0.jar:/home/user/.m2/repository/org/codehaus/mojo/animal-sniffer-annotations/1.18/animal-sniffer-annotations-1.18.jar:/home/user/.m2/repository/com/google/api/grpc/proto-google-common-protos/1.17.0/proto-google-common-protos-1.17.0.jar:/home/user/.m2/repository/io/grpc/grpc-protobuf-lite/1.29.0/grpc-protobuf-lite-1.29.0.jar:/home/user/.m2/repository/io/grpc/grpc-stub/1.29.0/grpc-stub-1.29.0.jar:/home/user/.m2/repository/org/apache/hadoop/hadoop-ozone-recon/1.1.0-SNAPSHOT/hadoop-ozone-recon-1.1.0-SNAPSHOT.jar:/home/user/.m2/repository/org/apache/hadoop/hadoop-ozone-reconcodegen/1.1.0-SNAPSHOT/hadoop-ozone-reconcodegen-1.1.0-SNAPSHOT.jar:/home/user/.m2/repository/com/google/inject/extensions/guice-multibindings/4.0/guice-multibindings-4.0.jar:/home/user/.m2/repository/com/google/inject/guice/4.0/guice-4.0.jar:/home/user/.m2/repository/aopalliance/aopalliance/1.0/aopalliance-1.0.jar:/home/user/.m2/repository/com/google/inject/extensions/guice-assistedinject/4.0/guice-assistedinject-4.0.jar:/home/user/.m2/repository/com/google/inject/extensions/guice-servlet/4.0/guice-servlet-4.0.jar:/home/user/.m2/repository/org/glassfish/jersey/containers/jersey-container-servlet/2.27/jersey-container-servlet-2.27.jar:/home/user/.m2/repository/org/glassfish/hk2/guice-bridge/2.5.0/guice-bridge-2.5.0.jar:/home/user/.m2/repository/org/glassfish/jersey/core/jersey-server/2.27/jersey-server-2.27.jar:/home/user/.m2/repository/org/glassfish/jersey/core/jersey-client/2.27/jersey-client-2.27.jar:/home/user/.m2/repository/org/glassfish/jersey/media/jersey-media-jaxb/2.27/jersey-media-jaxb-2.27.jar:/home/user/.m2/repository/javax/validation/validation-api/1.1.0.Final/validation-api-1.1.0.Final.jar:/home/user/.m2/repository/org/glassfish/jersey/media/jersey-media-json-jackson/2.27/jersey-media-json-jackson-2.27.jar:/home/user/.m2/repository/org/glassfish/jersey/ext/jersey-entity-filtering/2.27/jersey-entity-filtering-2.27.jar:/home/user/.m2/repository/org/jooq/jooq/3.11.10/jooq-3.11.10.jar:/home/user/.m2/repository/org/jooq/jooq-meta/3.11.10/jooq-meta-3.11.10.jar:/home/user/.m2/repository/org/jooq/jooq-codegen/3.11.10/jooq-codegen-3.11.10.jar:/home/user/.m2/repository/com/jolbox/bonecp/0.8.0.RELEASE/bonecp-0.8.0.RELEASE.jar:/home/user/.m2/repository/org/apache/derby/derby/10.14.2.0/derby-10.14.2.0.jar:/home/user/.m2/repository/org/xerial/sqlite-jdbc/3.25.2/sqlite-jdbc-3.25.2.jar:/home/user/.m2/repository/org/springframework/spring-jdbc/5.2.5.RELEASE/spring-jdbc-5.2.5.RELEASE.jar:/home/user/.m2/repository/org/springframework/spring-beans/5.2.5.RELEASE/spring-beans-5.2.5.RELEASE.jar:/home/user/.m2/repository/org/springframework/spring-core/5.2.5.RELEASE/spring-core-5.2.5.RELEASE.jar:/home/user/.m2/repository/org/springframework/spring-jcl/5.2.5.RELEASE/spring-jcl-5.2.5.RELEASE.jar:/home/user/.m2/repository/org/springframework/spring-tx/5.2.5.RELEASE/spring-tx-5.2.5.RELEASE.jar:/home/user/.m2/repository/org/apache/hadoop/hadoop-ozone-client/1.1.0-SNAPSHOT/hadoop-ozone-client-1.1.0-SNAPSHOT.jar:/home/user/.m2/repository/org/apache/hadoop/hadoop-ozone-filesystem/1.1.0-SNAPSHOT/hadoop-ozone-filesystem-1.1.0-SNAPSHOT.jar:/home/user/.m2/repository/org/apache/hadoop/hadoop-ozone-filesystem-common/1.1.0-SNAPSHOT/hadoop-ozone-filesystem-common-1.1.0-SNAPSHOT.jar:/home/user/.m2/repository/org/apache/hadoop/hadoop-ozone-tools/1.1.0-SNAPSHOT/hadoop-ozone-tools-1.1.0-SNAPSHOT.jar:/home/user/.m2/repository/org/apache/hadoop/hadoop-hdfs/3.2.1/hadoop-hdfs-3.2.1.jar:/home/user/.m2/repository/org/apache/ratis/ratis-tools/1.1.0-11689cd-SNAPSHOT/ratis-tools-1.1.0-11689cd-SNAPSHOT.jar:/home/user/.m2/repository/org/apache/ratis/ratis-proto/1.1.0-11689cd-SNAPSHOT/ratis-proto-1.1.0-11689cd-SNAPSHOT.jar:/home/user/.m2/repository/org/apache/ratis/ratis-common/1.1.0-11689cd-SNAPSHOT/ratis-common-1.1.0-11689cd-SNAPSHOT.jar:/home/user/.m2/repository/com/amazonaws/aws-java-sdk-core/1.11.615/aws-java-sdk-core-1.11.615.jar:/home/user/.m2/repository/org/apache/httpcomponents/httpclient/4.5.2/httpclient-4.5.2.jar:/home/user/.m2/repository/org/apache/httpcomponents/httpcore/4.4.4/httpcore-4.4.4.jar:/home/user/.m2/repository/software/amazon/ion/ion-java/1.0.2/ion-java-1.0.2.jar:/home/user/.m2/repository/com/fasterxml/jackson/dataformat/jackson-dataformat-cbor/2.10.3/jackson-dataformat-cbor-2.10.3.jar:/home/user/.m2/repository/joda-time/joda-time/2.8.1/joda-time-2.8.1.jar:/home/user/.m2/repository/com/amazonaws/aws-java-sdk-s3/1.11.615/aws-java-sdk-s3-1.11.615.jar:/home/user/.m2/repository/com/amazonaws/aws-java-sdk-kms/1.11.615/aws-java-sdk-kms-1.11.615.jar:/home/user/.m2/repository/com/amazonaws/jmespath-java/1.11.615/jmespath-java-1.11.615.jar:/home/user/.m2/repository/org/kohsuke/metainf-services/metainf-services/1.8/metainf-services-1.8.jar:/home/user/.m2/repository/org/apache/hadoop/hadoop-hdds-tools/1.1.0-SNAPSHOT/hadoop-hdds-tools-1.1.0-SNAPSHOT.jar:/home/user/.m2/repository/commons-cli/commons-cli/1.2/commons-cli-1.2.jar:/home/user/.m2/repository/org/apache/commons/commons-lang3/3.7/commons-lang3-3.7.jar:/home/user/.m2/repository/org/apache/hadoop/hadoop-ozone-ozone-manager/1.1.0-SNAPSHOT/hadoop-ozone-ozone-manager-1.1.0-SNAPSHOT-tests.jar:/home/user/.m2/repository/junit/junit/4.11/junit-4.11.jar:/home/user/.m2/repository/org/hamcrest/hamcrest-core/1.3/hamcrest-core-1.3.jar:/home/user/.m2/repository/org/openjdk/jmh/jmh-core/1.19/jmh-core-1.19.jar:/home/user/.m2/repository/net/sf/jopt-simple/jopt-simple/4.6/jopt-simple-4.6.jar:/home/user/.m2/repository/org/apache/commons/commons-math3/3.1.1/commons-math3-3.1.1.jar:/home/user/.m2/repository/org/openjdk/jmh/jmh-generator-annprocess/1.19/jmh-generator-annprocess-1.19.jar:/home/user/.m2/repository/org/mockito/mockito-all/1.8.5/mockito-all-1.8.5.jar:/home/user/.m2/repository/org/apache/hadoop/hadoop-kms/3.2.1/hadoop-kms-3.2.1.jar:/home/user/.m2/repository/org/apache/hadoop/hadoop-auth/3.2.1/hadoop-auth-3.2.1.jar:/home/user/.m2/repository/com/nimbusds/nimbus-jose-jwt/7.9/nimbus-jose-jwt-7.9.jar:/home/user/.m2/repository/com/github/stephenc/jcip/jcip-annotations/1.0-1/jcip-annotations-1.0-1.jar:/home/user/.m2/repository/net/minidev/json-smart/2.3/json-smart-2.3.jar:/home/user/.m2/repository/net/minidev/accessors-smart/1.2/accessors-smart-1.2.jar:/home/user/.m2/repository/org/ow2/asm/asm/5.0.4/asm-5.0.4.jar:/home/user/.m2/repository/org/apache/zookeeper/zookeeper/3.4.13/zookeeper-3.4.13.jar:/home/user/.m2/repository/org/apache/yetus/audience-annotations/0.5.0/audience-annotations-0.5.0.jar:/home/user/.m2/repository/org/apache/curator/curator-framework/2.13.0/curator-framework-2.13.0.jar:/home/user/.m2/repository/com/sun/jersey/jersey-core/1.19/jersey-core-1.19.jar:/home/user/.m2/repository/javax/ws/rs/jsr311-api/1.1.1/jsr311-api-1.1.1.jar:/home/user/.m2/repository/com/sun/jersey/jersey-server/1.19/jersey-server-1.19.jar:/home/user/.m2/repository/javax/servlet/javax.servlet-api/3.1.0/javax.servlet-api-3.1.0.jar:/home/user/.m2/repository/org/eclipse/jetty/jetty-server/9.4.26.v20200117/jetty-server-9.4.26.v20200117.jar:/home/user/.m2/repository/org/eclipse/jetty/jetty-http/9.4.26.v20200117/jetty-http-9.4.26.v20200117.jar:/home/user/.m2/repository/org/eclipse/jetty/jetty-io/9.4.26.v20200117/jetty-io-9.4.26.v20200117.jar:/home/user/.m2/repository/org/eclipse/jetty/jetty-webapp/9.4.26.v20200117/jetty-webapp-9.4.26.v20200117.jar:/home/user/.m2/repository/org/eclipse/jetty/jetty-xml/9.4.26.v20200117/jetty-xml-9.4.26.v20200117.jar:/home/user/.m2/repository/org/eclipse/jetty/jetty-servlet/9.4.26.v20200117/jetty-servlet-9.4.26.v20200117.jar:/home/user/.m2/repository/org/eclipse/jetty/jetty-security/9.4.26.v20200117/jetty-security-9.4.26.v20200117.jar:/home/user/.m2/repository/org/apache/hadoop/hadoop-common/3.2.1/hadoop-common-3.2.1.jar:/home/user/.m2/repository/commons-net/commons-net/3.6/commons-net-3.6.jar:/home/user/.m2/repository/commons-collections/commons-collections/3.2.2/commons-collections-3.2.2.jar:/home/user/.m2/repository/com/sun/jersey/jersey-servlet/1.19/jersey-servlet-1.19.jar:/home/user/.m2/repository/com/sun/jersey/jersey-json/1.19/jersey-json-1.19.jar:/home/user/.m2/repository/org/codehaus/jettison/jettison/1.1/jettison-1.1.jar:/home/user/.m2/repository/org/codehaus/jackson/jackson-jaxrs/1.9.2/jackson-jaxrs-1.9.2.jar:/home/user/.m2/repository/org/codehaus/jackson/jackson-xc/1.9.2/jackson-xc-1.9.2.jar:/home/user/.m2/repository/commons-beanutils/commons-beanutils/1.9.4/commons-beanutils-1.9.4.jar:/home/user/.m2/repository/org/apache/commons/commons-configuration2/2.1.1/commons-configuration2-2.1.1.jar:/home/user/.m2/repository/org/apache/commons/commons-text/1.4/commons-text-1.4.jar:/home/user/.m2/repository/com/google/re2j/re2j/1.1/re2j-1.1.jar:/home/user/.m2/repository/com/jcraft/jsch/0.1.54/jsch-0.1.54.jar:/home/user/.m2/repository/org/apache/curator/curator-client/2.13.0/curator-client-2.13.0.jar:/home/user/.m2/repository/org/apache/curator/curator-recipes/2.13.0/curator-recipes-2.13.0.jar:/home/user/.m2/repository/dnsjava/dnsjava/2.1.7/dnsjava-2.1.7.jar:/home/user/.m2/repository/org/slf4j/jul-to-slf4j/1.7.25/jul-to-slf4j-1.7.25.jar:/home/user/.m2/repository/org/eclipse/jetty/jetty-util/9.4.26.v20200117/jetty-util-9.4.26.v20200117.jar:/home/user/.m2/repository/com/fasterxml/jackson/core/jackson-databind/2.10.3/jackson-databind-2.10.3.jar:/home/user/.m2/repository/org/apache/hadoop/hadoop-kms/3.2.1/hadoop-kms-3.2.1-tests.jar:/home/user/.m2/repository/org/apache/hadoop/hadoop-hdds-server-scm/1.1.0-SNAPSHOT/hadoop-hdds-server-scm-1.1.0-SNAPSHOT-tests.jar:/home/user/.m2/repository/org/apache/hadoop/hadoop-hdds-container-service/1.1.0-SNAPSHOT/hadoop-hdds-container-service-1.1.0-SNAPSHOT-tests.jar:/home/user/.m2/repository/org/apache/hadoop/hadoop-hdds-common/1.1.0-SNAPSHOT/hadoop-hdds-common-1.1.0-SNAPSHOT-tests.jar:/home/user/.m2/repository/org/yaml/snakeyaml/1.16/snakeyaml-1.16.jar:/home/user/.m2/repository/org/apache/hadoop/hadoop-hdds-hadoop-dependency-test/1.1.0-SNAPSHOT/hadoop-hdds-hadoop-dependency-test-1.1.0-SNAPSHOT.jar:/home/user/.m2/repository/org/apache/hadoop/hadoop-common/3.2.1/hadoop-common-3.2.1-tests.jar:/home/user/.m2/repository/javax/servlet/jsp/jsp-api/2.1/jsp-api-2.1.jar:/home/user/.m2/repository/org/apache/hadoop/hadoop-hdfs/3.2.1/hadoop-hdfs-3.2.1-tests.jar:/home/user/.m2/repository/org/eclipse/jetty/jetty-util-ajax/9.4.26.v20200117/jetty-util-ajax-9.4.26.v20200117.jar:/home/user/.m2/repository/commons-codec/commons-codec/1.11/commons-codec-1.11.jar:/home/user/.m2/repository/commons-daemon/commons-daemon/1.0.13/commons-daemon-1.0.13.jar:/home/user/.m2/repository/io/netty/netty/3.10.5.Final/netty-3.10.5.Final.jar:/home/user/.m2/repository/io/netty/netty-all/4.1.48.Final/netty-all-4.1.48.Final.jar:/home/user/.m2/repository/org/apache/htrace/htrace-core4/4.1.0-incubating/htrace-core4-4.1.0-incubating.jar:/home/user/.m2/repository/org/fusesource/leveldbjni/leveldbjni-all/1.8/leveldbjni-all-1.8.jar:/home/user/.m2/repository/org/apache/hadoop/hadoop-distcp/3.2.1/hadoop-distcp-3.2.1.jar:/home/user/.m2/repository/org/apache/hadoop/hadoop-mapreduce-client-jobclient/3.2.1/hadoop-mapreduce-client-jobclient-3.2.1.jar:/home/user/.m2/repository/org/apache/hadoop/hadoop-mapreduce-client-common/3.2.1/hadoop-mapreduce-client-common-3.2.1.jar:/home/user/.m2/repository/org/apache/hadoop/hadoop-yarn-common/3.2.1/hadoop-yarn-common-3.2.1.jar:/home/user/.m2/repository/org/apache/hadoop/hadoop-yarn-api/3.2.1/hadoop-yarn-api-3.2.1.jar:/home/user/.m2/repository/com/sun/jersey/jersey-client/1.19/jersey-client-1.19.jar:/home/user/.m2/repository/com/sun/jersey/contribs/jersey-guice/1.19/jersey-guice-1.19.jar:/home/user/.m2/repository/com/fasterxml/jackson/jaxrs/jackson-jaxrs-json-provider/2.10.3/jackson-jaxrs-json-provider-2.10.3.jar:/home/user/.m2/repository/com/fasterxml/jackson/jaxrs/jackson-jaxrs-base/2.10.3/jackson-jaxrs-base-2.10.3.jar:/home/user/.m2/repository/org/apache/hadoop/hadoop-yarn-client/3.2.1/hadoop-yarn-client-3.2.1.jar:/home/user/.m2/repository/org/apache/hadoop/hadoop-mapreduce-client-core/3.2.1/hadoop-mapreduce-client-core-3.2.1.jar:/home/user/.m2/repository/org/apache/avro/avro/1.7.7/avro-1.7.7.jar:/home/user/.m2/repository/org/codehaus/jackson/jackson-core-asl/1.9.13/jackson-core-asl-1.9.13.jar:/home/user/.m2/repository/org/codehaus/jackson/jackson-mapper-asl/1.9.13/jackson-mapper-asl-1.9.13.jar:/home/user/.m2/repository/com/thoughtworks/paranamer/paranamer/2.3/paranamer-2.3.jar:/home/user/.m2/repository/org/xerial/snappy/snappy-java/1.0.5/snappy-java-1.0.5.jar:/home/user/.m2/repository/org/apache/hadoop/hadoop-annotations/3.2.1/hadoop-annotations-3.2.1.jar:/usr/lib/jvm/java-1.8.0-openjdk-1.8.0.232.b09-0.el7_7.x86_64/jre/../lib/tools.jar:/home/user/.m2/repository/org/apache/hadoop/hadoop-distcp/3.2.1/hadoop-distcp-3.2.1-tests.jar:"/>
    <property name="java.vm.vendor" value="Oracle Corporation"/>
    <property name="sun.arch.data.model" value="64"/>
    <property name="test.build.dir" value="/github/workspace/mnt/ozone/hadoop-ozone/integration-test/target/test-dir"/>
    <property name="test.cache.data" value=""/>
    <property name="java.vendor.url" value="http://java.oracle.com/"/>
    <property name="user.timezone" value=""/>
    <property name="java.vm.specification.version" value="1.8"/>
    <property name="os.name" value="Linux"/>
    <property name="test.build.data" value="/github/workspace/mnt/ozone/hadoop-ozone/integration-test/target/test-dir"/>
    <property name="user.country" value="US"/>
    <property name="sun.java.launcher" value="SUN_STANDARD"/>
    <property name="sun.boot.library.path" value="/usr/lib/jvm/java-1.8.0-openjdk-1.8.0.232.b09-0.el7_7.x86_64/jre/lib/amd64"/>
    <property name="sun.java.command" value="/github/workspace/mnt/ozone/hadoop-ozone/integration-test/target/surefire/surefirebooter1489556718674696124.jar /github/workspace/mnt/ozone/hadoop-ozone/integration-test/target/surefire 2020-10-09T12-48-02_266-jvmRun1 surefire7372036556002761680tmp surefire_44962833632227734831tmp"/>
    <property name="surefire.test.class.path" value="/github/workspace/mnt/ozone/hadoop-ozone/integration-test/target/test-classes:/github/workspace/mnt/ozone/hadoop-ozone/integration-test/target/classes:/home/user/.m2/repository/org/apache/hadoop/hadoop-ozone-common/1.1.0-SNAPSHOT/hadoop-ozone-common-1.1.0-SNAPSHOT.jar:/home/user/.m2/repository/org/apache/commons/commons-compress/1.4.1/commons-compress-1.4.1.jar:/home/user/.m2/repository/org/tukaani/xz/1.0/xz-1.0.jar:/home/user/.m2/repository/org/apache/hadoop/hadoop-hdds-common/1.1.0-SNAPSHOT/hadoop-hdds-common-1.1.0-SNAPSHOT.jar:/home/user/.m2/repository/org/apache/hadoop/hadoop-hdds-hadoop-dependency-client/1.1.0-SNAPSHOT/hadoop-hdds-hadoop-dependency-client-1.1.0-SNAPSHOT.jar:/home/user/.m2/repository/info/picocli/picocli/4.4.0/picocli-4.4.0.jar:/home/user/.m2/repository/com/fasterxml/jackson/core/jackson-annotations/2.10.3/jackson-annotations-2.10.3.jar:/home/user/.m2/repository/javax/annotation/javax.annotation-api/1.2/javax.annotation-api-1.2.jar:/home/user/.m2/repository/org/apache/ratis/ratis-server/1.1.0-11689cd-SNAPSHOT/ratis-server-1.1.0-11689cd-SNAPSHOT.jar:/home/user/.m2/repository/org/apache/ratis/ratis-client/1.1.0-11689cd-SNAPSHOT/ratis-client-1.1.0-11689cd-SNAPSHOT.jar:/home/user/.m2/repository/org/apache/ratis/ratis-metrics/1.1.0-11689cd-SNAPSHOT/ratis-metrics-1.1.0-11689cd-SNAPSHOT.jar:/home/user/.m2/repository/org/apache/ratis/ratis-netty/1.1.0-11689cd-SNAPSHOT/ratis-netty-1.1.0-11689cd-SNAPSHOT.jar:/home/user/.m2/repository/org/apache/ratis/ratis-grpc/1.1.0-11689cd-SNAPSHOT/ratis-grpc-1.1.0-11689cd-SNAPSHOT.jar:/home/user/.m2/repository/org/apache/logging/log4j/log4j-api/2.13.3/log4j-api-2.13.3.jar:/home/user/.m2/repository/org/apache/logging/log4j/log4j-core/2.13.3/log4j-core-2.13.3.jar:/home/user/.m2/repository/com/lmax/disruptor/3.4.2/disruptor-3.4.2.jar:/home/user/.m2/repository/org/apache/commons/commons-pool2/2.6.0/commons-pool2-2.6.0.jar:/home/user/.m2/repository/org/bouncycastle/bcpkix-jdk15on/1.60/bcpkix-jdk15on-1.60.jar:/home/user/.m2/repository/commons-validator/commons-validator/1.6/commons-validator-1.6.jar:/home/user/.m2/repository/commons-digester/commons-digester/1.8.1/commons-digester-1.8.1.jar:/home/user/.m2/repository/io/jaegertracing/jaeger-client/1.2.0/jaeger-client-1.2.0.jar:/home/user/.m2/repository/io/jaegertracing/jaeger-thrift/1.2.0/jaeger-thrift-1.2.0.jar:/home/user/.m2/repository/org/apache/thrift/libthrift/0.13.0/libthrift-0.13.0.jar:/home/user/.m2/repository/com/squareup/okhttp3/okhttp/4.2.2/okhttp-4.2.2.jar:/home/user/.m2/repository/com/squareup/okio/okio/2.2.2/okio-2.2.2.jar:/home/user/.m2/repository/org/jetbrains/kotlin/kotlin-stdlib/1.3.50/kotlin-stdlib-1.3.50.jar:/home/user/.m2/repository/org/jetbrains/kotlin/kotlin-stdlib-common/1.3.50/kotlin-stdlib-common-1.3.50.jar:/home/user/.m2/repository/org/jetbrains/annotations/13.0/annotations-13.0.jar:/home/user/.m2/repository/io/jaegertracing/jaeger-core/1.2.0/jaeger-core-1.2.0.jar:/home/user/.m2/repository/io/jaegertracing/jaeger-tracerresolver/1.2.0/jaeger-tracerresolver-1.2.0.jar:/home/user/.m2/repository/io/opentracing/contrib/opentracing-tracerresolver/0.1.8/opentracing-tracerresolver-0.1.8.jar:/home/user/.m2/repository/io/opentracing/opentracing-util/0.33.0/opentracing-util-0.33.0.jar:/home/user/.m2/repository/io/opentracing/opentracing-api/0.33.0/opentracing-api-0.33.0.jar:/home/user/.m2/repository/io/opentracing/opentracing-noop/0.33.0/opentracing-noop-0.33.0.jar:/home/user/.m2/repository/org/apache/hadoop/hadoop-hdds-client/1.1.0-SNAPSHOT/hadoop-hdds-client-1.1.0-SNAPSHOT.jar:/home/user/.m2/repository/org/apache/hadoop/hadoop-ozone-interface-client/1.1.0-SNAPSHOT/hadoop-ozone-interface-client-1.1.0-SNAPSHOT.jar:/home/user/.m2/repository/org/apache/hadoop/hadoop-hdds-test-utils/1.1.0-SNAPSHOT/hadoop-hdds-test-utils-1.1.0-SNAPSHOT.jar:/home/user/.m2/repository/com/google/guava/guava/28.2-jre/guava-28.2-jre.jar:/home/user/.m2/repository/com/google/guava/failureaccess/1.0.1/failureaccess-1.0.1.jar:/home/user/.m2/repository/com/google/guava/listenablefuture/9999.0-empty-to-avoid-conflict-with-guava/listenablefuture-9999.0-empty-to-avoid-conflict-with-guava.jar:/home/user/.m2/repository/com/google/code/findbugs/jsr305/3.0.0/jsr305-3.0.0.jar:/home/user/.m2/repository/org/checkerframework/checker-qual/2.10.0/checker-qual-2.10.0.jar:/home/user/.m2/repository/com/google/errorprone/error_prone_annotations/2.2.0/error_prone_annotations-2.2.0.jar:/home/user/.m2/repository/com/google/j2objc/j2objc-annotations/1.3/j2objc-annotations-1.3.jar:/home/user/.m2/repository/commons-io/commons-io/2.5/commons-io-2.5.jar:/home/user/.m2/repository/commons-logging/commons-logging/1.2/commons-logging-1.2.jar:/home/user/.m2/repository/log4j/log4j/1.2.17/log4j-1.2.17.jar:/home/user/.m2/repository/org/slf4j/slf4j-api/1.7.25/slf4j-api-1.7.25.jar:/home/user/.m2/repository/org/apache/hadoop/hadoop-hdds-server-scm/1.1.0-SNAPSHOT/hadoop-hdds-server-scm-1.1.0-SNAPSHOT.jar:/home/user/.m2/repository/org/apache/hadoop/hadoop-hdds-container-service/1.1.0-SNAPSHOT/hadoop-hdds-container-service-1.1.0-SNAPSHOT.jar:/home/user/.m2/repository/org/apache/hadoop/hadoop-hdds-hadoop-dependency-server/1.1.0-SNAPSHOT/hadoop-hdds-hadoop-dependency-server-1.1.0-SNAPSHOT.jar:/home/user/.m2/repository/org/apache/hadoop/hadoop-hdds-server-framework/1.1.0-SNAPSHOT/hadoop-hdds-server-framework-1.1.0-SNAPSHOT.jar:/home/user/.m2/repository/org/apache/hadoop/hadoop-hdds-interface-server/1.1.0-SNAPSHOT/hadoop-hdds-interface-server-1.1.0-SNAPSHOT.jar:/home/user/.m2/repository/org/apache/hadoop/hadoop-hdds-interface-admin/1.1.0-SNAPSHOT/hadoop-hdds-interface-admin-1.1.0-SNAPSHOT.jar:/home/user/.m2/repository/org/rocksdb/rocksdbjni/6.8.1/rocksdbjni-6.8.1.jar:/home/user/.m2/repository/io/prometheus/simpleclient_dropwizard/0.7.0/simpleclient_dropwizard-0.7.0.jar:/home/user/.m2/repository/io/prometheus/simpleclient/0.7.0/simpleclient-0.7.0.jar:/home/user/.m2/repository/io/prometheus/simpleclient_common/0.7.0/simpleclient_common-0.7.0.jar:/home/user/.m2/repository/com/fasterxml/jackson/datatype/jackson-datatype-jsr310/2.10.3/jackson-datatype-jsr310-2.10.3.jar:/home/user/.m2/repository/io/dropwizard/metrics/metrics-core/3.2.4/metrics-core-3.2.4.jar:/home/user/.m2/repository/org/apache/hadoop/hadoop-hdfs-client/3.2.1/hadoop-hdfs-client-3.2.1.jar:/home/user/.m2/repository/org/bouncycastle/bcprov-jdk15on/1.60/bcprov-jdk15on-1.60.jar:/home/user/.m2/repository/org/apache/hadoop/hadoop-ozone-ozone-manager/1.1.0-SNAPSHOT/hadoop-ozone-ozone-manager-1.1.0-SNAPSHOT.jar:/home/user/.m2/repository/org/apache/hadoop/hadoop-hdds-interface-client/1.1.0-SNAPSHOT/hadoop-hdds-interface-client-1.1.0-SNAPSHOT.jar:/home/user/.m2/repository/org/apache/ratis/ratis-thirdparty-misc/0.6.0-SNAPSHOT/ratis-thirdparty-misc-0.6.0-SNAPSHOT.jar:/home/user/.m2/repository/org/apache/hadoop/hadoop-ozone-interface-storage/1.1.0-SNAPSHOT/hadoop-ozone-interface-storage-1.1.0-SNAPSHOT.jar:/home/user/.m2/repository/org/apache/hadoop/hadoop-minikdc/3.2.1/hadoop-minikdc-3.2.1.jar:/home/user/.m2/repository/org/apache/kerby/kerb-simplekdc/1.0.1/kerb-simplekdc-1.0.1.jar:/home/user/.m2/repository/org/apache/kerby/kerb-client/1.0.1/kerb-client-1.0.1.jar:/home/user/.m2/repository/org/apache/kerby/kerby-config/1.0.1/kerby-config-1.0.1.jar:/home/user/.m2/repository/org/apache/kerby/kerb-core/1.0.1/kerb-core-1.0.1.jar:/home/user/.m2/repository/org/apache/kerby/kerby-pkix/1.0.1/kerby-pkix-1.0.1.jar:/home/user/.m2/repository/org/apache/kerby/kerby-asn1/1.0.1/kerby-asn1-1.0.1.jar:/home/user/.m2/repository/org/apache/kerby/kerby-util/1.0.1/kerby-util-1.0.1.jar:/home/user/.m2/repository/org/apache/kerby/kerb-common/1.0.1/kerb-common-1.0.1.jar:/home/user/.m2/repository/org/apache/kerby/kerb-crypto/1.0.1/kerb-crypto-1.0.1.jar:/home/user/.m2/repository/org/apache/kerby/kerb-util/1.0.1/kerb-util-1.0.1.jar:/home/user/.m2/repository/org/apache/kerby/token-provider/1.0.1/token-provider-1.0.1.jar:/home/user/.m2/repository/org/apache/kerby/kerb-admin/1.0.1/kerb-admin-1.0.1.jar:/home/user/.m2/repository/org/apache/kerby/kerb-server/1.0.1/kerb-server-1.0.1.jar:/home/user/.m2/repository/org/apache/kerby/kerb-identity/1.0.1/kerb-identity-1.0.1.jar:/home/user/.m2/repository/org/apache/kerby/kerby-xdr/1.0.1/kerby-xdr-1.0.1.jar:/home/user/.m2/repository/org/slf4j/slf4j-log4j12/1.7.25/slf4j-log4j12-1.7.25.jar:/home/user/.m2/repository/org/apache/hadoop/hadoop-ozone-s3gateway/1.1.0-SNAPSHOT/hadoop-ozone-s3gateway-1.1.0-SNAPSHOT.jar:/home/user/.m2/repository/org/jboss/weld/servlet/weld-servlet/2.4.7.Final/weld-servlet-2.4.7.Final.jar:/home/user/.m2/repository/org/glassfish/jersey/containers/jersey-container-servlet-core/2.27/jersey-container-servlet-core-2.27.jar:/home/user/.m2/repository/org/glassfish/hk2/external/javax.inject/2.5.0-b42/javax.inject-2.5.0-b42.jar:/home/user/.m2/repository/org/glassfish/jersey/core/jersey-common/2.27/jersey-common-2.27.jar:/home/user/.m2/repository/org/glassfish/hk2/osgi-resource-locator/1.0.1/osgi-resource-locator-1.0.1.jar:/home/user/.m2/repository/javax/ws/rs/javax.ws.rs-api/2.1/javax.ws.rs-api-2.1.jar:/home/user/.m2/repository/org/glassfish/jersey/ext/cdi/jersey-cdi1x/2.27/jersey-cdi1x-2.27.jar:/home/user/.m2/repository/org/glassfish/jersey/inject/jersey-hk2/2.27/jersey-hk2-2.27.jar:/home/user/.m2/repository/org/glassfish/hk2/hk2-locator/2.5.0-b42/hk2-locator-2.5.0-b42.jar:/home/user/.m2/repository/org/javassist/javassist/3.22.0-CR2/javassist-3.22.0-CR2.jar:/home/user/.m2/repository/org/glassfish/hk2/hk2-api/2.5.0/hk2-api-2.5.0.jar:/home/user/.m2/repository/org/glassfish/hk2/external/jakarta.inject/2.5.0/jakarta.inject-2.5.0.jar:/home/user/.m2/repository/org/glassfish/hk2/hk2-utils/2.5.0/hk2-utils-2.5.0.jar:/home/user/.m2/repository/jakarta/annotation/jakarta.annotation-api/1.3.4/jakarta.annotation-api-1.3.4.jar:/home/user/.m2/repository/org/glassfish/hk2/external/aopalliance-repackaged/2.5.0/aopalliance-repackaged-2.5.0.jar:/home/user/.m2/repository/com/fasterxml/jackson/dataformat/jackson-dataformat-xml/2.10.3/jackson-dataformat-xml-2.10.3.jar:/home/user/.m2/repository/com/fasterxml/jackson/core/jackson-core/2.10.3/jackson-core-2.10.3.jar:/home/user/.m2/repository/com/fasterxml/jackson/module/jackson-module-jaxb-annotations/2.10.3/jackson-module-jaxb-annotations-2.10.3.jar:/home/user/.m2/repository/jakarta/xml/bind/jakarta.xml.bind-api/2.3.2/jakarta.xml.bind-api-2.3.2.jar:/home/user/.m2/repository/jakarta/activation/jakarta.activation-api/1.2.1/jakarta.activation-api-1.2.1.jar:/home/user/.m2/repository/org/codehaus/woodstox/stax2-api/3.1.4/stax2-api-3.1.4.jar:/home/user/.m2/repository/com/fasterxml/woodstox/woodstox-core/5.0.3/woodstox-core-5.0.3.jar:/home/user/.m2/repository/javax/enterprise/cdi-api/1.2/cdi-api-1.2.jar:/home/user/.m2/repository/javax/el/javax.el-api/3.0.0/javax.el-api-3.0.0.jar:/home/user/.m2/repository/javax/interceptor/javax.interceptor-api/1.2/javax.interceptor-api-1.2.jar:/home/user/.m2/repository/javax/inject/javax.inject/1/javax.inject-1.jar:/home/user/.m2/repository/com/sun/xml/bind/jaxb-impl/2.3.0.1/jaxb-impl-2.3.0.1.jar:/home/user/.m2/repository/com/sun/xml/bind/jaxb-core/2.3.0.1/jaxb-core-2.3.0.1.jar:/home/user/.m2/repository/javax/xml/bind/jaxb-api/2.3.0/jaxb-api-2.3.0.jar:/home/user/.m2/repository/javax/activation/activation/1.1.1/activation-1.1.1.jar:/home/user/.m2/repository/org/apache/hadoop/hadoop-ozone-csi/1.1.0-SNAPSHOT/hadoop-ozone-csi-1.1.0-SNAPSHOT.jar:/home/user/.m2/repository/com/google/protobuf/protobuf-java-util/3.11.0/protobuf-java-util-3.11.0.jar:/home/user/.m2/repository/com/google/code/gson/gson/2.2.4/gson-2.2.4.jar:/home/user/.m2/repository/org/apache/hadoop/hadoop-hdds-config/1.1.0-SNAPSHOT/hadoop-hdds-config-1.1.0-SNAPSHOT.jar:/home/user/.m2/repository/com/google/protobuf/protobuf-java/2.5.0/protobuf-java-2.5.0.jar:/home/user/.m2/repository/io/grpc/grpc-netty/1.29.0/grpc-netty-1.29.0.jar:/home/user/.m2/repository/io/grpc/grpc-core/1.29.0/grpc-core-1.29.0.jar:/home/user/.m2/repository/com/google/android/annotations/4.1.1.4/annotations-4.1.1.4.jar:/home/user/.m2/repository/io/perfmark/perfmark-api/0.19.0/perfmark-api-0.19.0.jar:/home/user/.m2/repository/io/netty/netty-codec-http2/4.1.48.Final/netty-codec-http2-4.1.48.Final.jar:/home/user/.m2/repository/io/netty/netty-codec/4.1.48.Final/netty-codec-4.1.48.Final.jar:/home/user/.m2/repository/io/netty/netty-handler/4.1.48.Final/netty-handler-4.1.48.Final.jar:/home/user/.m2/repository/io/netty/netty-codec-http/4.1.48.Final/netty-codec-http-4.1.48.Final.jar:/home/user/.m2/repository/io/netty/netty-handler-proxy/4.1.48.Final/netty-handler-proxy-4.1.48.Final.jar:/home/user/.m2/repository/io/netty/netty-codec-socks/4.1.48.Final/netty-codec-socks-4.1.48.Final.jar:/home/user/.m2/repository/io/netty/netty-transport-native-epoll/4.1.48.Final/netty-transport-native-epoll-4.1.48.Final.jar:/home/user/.m2/repository/io/netty/netty-common/4.1.48.Final/netty-common-4.1.48.Final.jar:/home/user/.m2/repository/io/netty/netty-buffer/4.1.48.Final/netty-buffer-4.1.48.Final.jar:/home/user/.m2/repository/io/netty/netty-transport/4.1.48.Final/netty-transport-4.1.48.Final.jar:/home/user/.m2/repository/io/netty/netty-resolver/4.1.48.Final/netty-resolver-4.1.48.Final.jar:/home/user/.m2/repository/io/netty/netty-transport-native-unix-common/4.1.48.Final/netty-transport-native-unix-common-4.1.48.Final.jar:/home/user/.m2/repository/io/grpc/grpc-protobuf/1.29.0/grpc-protobuf-1.29.0.jar:/home/user/.m2/repository/io/grpc/grpc-api/1.29.0/grpc-api-1.29.0.jar:/home/user/.m2/repository/io/grpc/grpc-context/1.29.0/grpc-context-1.29.0.jar:/home/user/.m2/repository/org/codehaus/mojo/animal-sniffer-annotations/1.18/animal-sniffer-annotations-1.18.jar:/home/user/.m2/repository/com/google/api/grpc/proto-google-common-protos/1.17.0/proto-google-common-protos-1.17.0.jar:/home/user/.m2/repository/io/grpc/grpc-protobuf-lite/1.29.0/grpc-protobuf-lite-1.29.0.jar:/home/user/.m2/repository/io/grpc/grpc-stub/1.29.0/grpc-stub-1.29.0.jar:/home/user/.m2/repository/org/apache/hadoop/hadoop-ozone-recon/1.1.0-SNAPSHOT/hadoop-ozone-recon-1.1.0-SNAPSHOT.jar:/home/user/.m2/repository/org/apache/hadoop/hadoop-ozone-reconcodegen/1.1.0-SNAPSHOT/hadoop-ozone-reconcodegen-1.1.0-SNAPSHOT.jar:/home/user/.m2/repository/com/google/inject/extensions/guice-multibindings/4.0/guice-multibindings-4.0.jar:/home/user/.m2/repository/com/google/inject/guice/4.0/guice-4.0.jar:/home/user/.m2/repository/aopalliance/aopalliance/1.0/aopalliance-1.0.jar:/home/user/.m2/repository/com/google/inject/extensions/guice-assistedinject/4.0/guice-assistedinject-4.0.jar:/home/user/.m2/repository/com/google/inject/extensions/guice-servlet/4.0/guice-servlet-4.0.jar:/home/user/.m2/repository/org/glassfish/jersey/containers/jersey-container-servlet/2.27/jersey-container-servlet-2.27.jar:/home/user/.m2/repository/org/glassfish/hk2/guice-bridge/2.5.0/guice-bridge-2.5.0.jar:/home/user/.m2/repository/org/glassfish/jersey/core/jersey-server/2.27/jersey-server-2.27.jar:/home/user/.m2/repository/org/glassfish/jersey/core/jersey-client/2.27/jersey-client-2.27.jar:/home/user/.m2/repository/org/glassfish/jersey/media/jersey-media-jaxb/2.27/jersey-media-jaxb-2.27.jar:/home/user/.m2/repository/javax/validation/validation-api/1.1.0.Final/validation-api-1.1.0.Final.jar:/home/user/.m2/repository/org/glassfish/jersey/media/jersey-media-json-jackson/2.27/jersey-media-json-jackson-2.27.jar:/home/user/.m2/repository/org/glassfish/jersey/ext/jersey-entity-filtering/2.27/jersey-entity-filtering-2.27.jar:/home/user/.m2/repository/org/jooq/jooq/3.11.10/jooq-3.11.10.jar:/home/user/.m2/repository/org/jooq/jooq-meta/3.11.10/jooq-meta-3.11.10.jar:/home/user/.m2/repository/org/jooq/jooq-codegen/3.11.10/jooq-codegen-3.11.10.jar:/home/user/.m2/repository/com/jolbox/bonecp/0.8.0.RELEASE/bonecp-0.8.0.RELEASE.jar:/home/user/.m2/repository/org/apache/derby/derby/10.14.2.0/derby-10.14.2.0.jar:/home/user/.m2/repository/org/xerial/sqlite-jdbc/3.25.2/sqlite-jdbc-3.25.2.jar:/home/user/.m2/repository/org/springframework/spring-jdbc/5.2.5.RELEASE/spring-jdbc-5.2.5.RELEASE.jar:/home/user/.m2/repository/org/springframework/spring-beans/5.2.5.RELEASE/spring-beans-5.2.5.RELEASE.jar:/home/user/.m2/repository/org/springframework/spring-core/5.2.5.RELEASE/spring-core-5.2.5.RELEASE.jar:/home/user/.m2/repository/org/springframework/spring-jcl/5.2.5.RELEASE/spring-jcl-5.2.5.RELEASE.jar:/home/user/.m2/repository/org/springframework/spring-tx/5.2.5.RELEASE/spring-tx-5.2.5.RELEASE.jar:/home/user/.m2/repository/org/apache/hadoop/hadoop-ozone-client/1.1.0-SNAPSHOT/hadoop-ozone-client-1.1.0-SNAPSHOT.jar:/home/user/.m2/repository/org/apache/hadoop/hadoop-ozone-filesystem/1.1.0-SNAPSHOT/hadoop-ozone-filesystem-1.1.0-SNAPSHOT.jar:/home/user/.m2/repository/org/apache/hadoop/hadoop-ozone-filesystem-common/1.1.0-SNAPSHOT/hadoop-ozone-filesystem-common-1.1.0-SNAPSHOT.jar:/home/user/.m2/repository/org/apache/hadoop/hadoop-ozone-tools/1.1.0-SNAPSHOT/hadoop-ozone-tools-1.1.0-SNAPSHOT.jar:/home/user/.m2/repository/org/apache/hadoop/hadoop-hdfs/3.2.1/hadoop-hdfs-3.2.1.jar:/home/user/.m2/repository/org/apache/ratis/ratis-tools/1.1.0-11689cd-SNAPSHOT/ratis-tools-1.1.0-11689cd-SNAPSHOT.jar:/home/user/.m2/repository/org/apache/ratis/ratis-proto/1.1.0-11689cd-SNAPSHOT/ratis-proto-1.1.0-11689cd-SNAPSHOT.jar:/home/user/.m2/repository/org/apache/ratis/ratis-common/1.1.0-11689cd-SNAPSHOT/ratis-common-1.1.0-11689cd-SNAPSHOT.jar:/home/user/.m2/repository/com/amazonaws/aws-java-sdk-core/1.11.615/aws-java-sdk-core-1.11.615.jar:/home/user/.m2/repository/org/apache/httpcomponents/httpclient/4.5.2/httpclient-4.5.2.jar:/home/user/.m2/repository/org/apache/httpcomponents/httpcore/4.4.4/httpcore-4.4.4.jar:/home/user/.m2/repository/software/amazon/ion/ion-java/1.0.2/ion-java-1.0.2.jar:/home/user/.m2/repository/com/fasterxml/jackson/dataformat/jackson-dataformat-cbor/2.10.3/jackson-dataformat-cbor-2.10.3.jar:/home/user/.m2/repository/joda-time/joda-time/2.8.1/joda-time-2.8.1.jar:/home/user/.m2/repository/com/amazonaws/aws-java-sdk-s3/1.11.615/aws-java-sdk-s3-1.11.615.jar:/home/user/.m2/repository/com/amazonaws/aws-java-sdk-kms/1.11.615/aws-java-sdk-kms-1.11.615.jar:/home/user/.m2/repository/com/amazonaws/jmespath-java/1.11.615/jmespath-java-1.11.615.jar:/home/user/.m2/repository/org/kohsuke/metainf-services/metainf-services/1.8/metainf-services-1.8.jar:/home/user/.m2/repository/org/apache/hadoop/hadoop-hdds-tools/1.1.0-SNAPSHOT/hadoop-hdds-tools-1.1.0-SNAPSHOT.jar:/home/user/.m2/repository/commons-cli/commons-cli/1.2/commons-cli-1.2.jar:/home/user/.m2/repository/org/apache/commons/commons-lang3/3.7/commons-lang3-3.7.jar:/home/user/.m2/repository/org/apache/hadoop/hadoop-ozone-ozone-manager/1.1.0-SNAPSHOT/hadoop-ozone-ozone-manager-1.1.0-SNAPSHOT-tests.jar:/home/user/.m2/repository/junit/junit/4.11/junit-4.11.jar:/home/user/.m2/repository/org/hamcrest/hamcrest-core/1.3/hamcrest-core-1.3.jar:/home/user/.m2/repository/org/openjdk/jmh/jmh-core/1.19/jmh-core-1.19.jar:/home/user/.m2/repository/net/sf/jopt-simple/jopt-simple/4.6/jopt-simple-4.6.jar:/home/user/.m2/repository/org/apache/commons/commons-math3/3.1.1/commons-math3-3.1.1.jar:/home/user/.m2/repository/org/openjdk/jmh/jmh-generator-annprocess/1.19/jmh-generator-annprocess-1.19.jar:/home/user/.m2/repository/org/mockito/mockito-all/1.8.5/mockito-all-1.8.5.jar:/home/user/.m2/repository/org/apache/hadoop/hadoop-kms/3.2.1/hadoop-kms-3.2.1.jar:/home/user/.m2/repository/org/apache/hadoop/hadoop-auth/3.2.1/hadoop-auth-3.2.1.jar:/home/user/.m2/repository/com/nimbusds/nimbus-jose-jwt/7.9/nimbus-jose-jwt-7.9.jar:/home/user/.m2/repository/com/github/stephenc/jcip/jcip-annotations/1.0-1/jcip-annotations-1.0-1.jar:/home/user/.m2/repository/net/minidev/json-smart/2.3/json-smart-2.3.jar:/home/user/.m2/repository/net/minidev/accessors-smart/1.2/accessors-smart-1.2.jar:/home/user/.m2/repository/org/ow2/asm/asm/5.0.4/asm-5.0.4.jar:/home/user/.m2/repository/org/apache/zookeeper/zookeeper/3.4.13/zookeeper-3.4.13.jar:/home/user/.m2/repository/org/apache/yetus/audience-annotations/0.5.0/audience-annotations-0.5.0.jar:/home/user/.m2/repository/org/apache/curator/curator-framework/2.13.0/curator-framework-2.13.0.jar:/home/user/.m2/repository/com/sun/jersey/jersey-core/1.19/jersey-core-1.19.jar:/home/user/.m2/repository/javax/ws/rs/jsr311-api/1.1.1/jsr311-api-1.1.1.jar:/home/user/.m2/repository/com/sun/jersey/jersey-server/1.19/jersey-server-1.19.jar:/home/user/.m2/repository/javax/servlet/javax.servlet-api/3.1.0/javax.servlet-api-3.1.0.jar:/home/user/.m2/repository/org/eclipse/jetty/jetty-server/9.4.26.v20200117/jetty-server-9.4.26.v20200117.jar:/home/user/.m2/repository/org/eclipse/jetty/jetty-http/9.4.26.v20200117/jetty-http-9.4.26.v20200117.jar:/home/user/.m2/repository/org/eclipse/jetty/jetty-io/9.4.26.v20200117/jetty-io-9.4.26.v20200117.jar:/home/user/.m2/repository/org/eclipse/jetty/jetty-webapp/9.4.26.v20200117/jetty-webapp-9.4.26.v20200117.jar:/home/user/.m2/repository/org/eclipse/jetty/jetty-xml/9.4.26.v20200117/jetty-xml-9.4.26.v20200117.jar:/home/user/.m2/repository/org/eclipse/jetty/jetty-servlet/9.4.26.v20200117/jetty-servlet-9.4.26.v20200117.jar:/home/user/.m2/repository/org/eclipse/jetty/jetty-security/9.4.26.v20200117/jetty-security-9.4.26.v20200117.jar:/home/user/.m2/repository/org/apache/hadoop/hadoop-common/3.2.1/hadoop-common-3.2.1.jar:/home/user/.m2/repository/commons-net/commons-net/3.6/commons-net-3.6.jar:/home/user/.m2/repository/commons-collections/commons-collections/3.2.2/commons-collections-3.2.2.jar:/home/user/.m2/repository/com/sun/jersey/jersey-servlet/1.19/jersey-servlet-1.19.jar:/home/user/.m2/repository/com/sun/jersey/jersey-json/1.19/jersey-json-1.19.jar:/home/user/.m2/repository/org/codehaus/jettison/jettison/1.1/jettison-1.1.jar:/home/user/.m2/repository/org/codehaus/jackson/jackson-jaxrs/1.9.2/jackson-jaxrs-1.9.2.jar:/home/user/.m2/repository/org/codehaus/jackson/jackson-xc/1.9.2/jackson-xc-1.9.2.jar:/home/user/.m2/repository/commons-beanutils/commons-beanutils/1.9.4/commons-beanutils-1.9.4.jar:/home/user/.m2/repository/org/apache/commons/commons-configuration2/2.1.1/commons-configuration2-2.1.1.jar:/home/user/.m2/repository/org/apache/commons/commons-text/1.4/commons-text-1.4.jar:/home/user/.m2/repository/com/google/re2j/re2j/1.1/re2j-1.1.jar:/home/user/.m2/repository/com/jcraft/jsch/0.1.54/jsch-0.1.54.jar:/home/user/.m2/repository/org/apache/curator/curator-client/2.13.0/curator-client-2.13.0.jar:/home/user/.m2/repository/org/apache/curator/curator-recipes/2.13.0/curator-recipes-2.13.0.jar:/home/user/.m2/repository/dnsjava/dnsjava/2.1.7/dnsjava-2.1.7.jar:/home/user/.m2/repository/org/slf4j/jul-to-slf4j/1.7.25/jul-to-slf4j-1.7.25.jar:/home/user/.m2/repository/org/eclipse/jetty/jetty-util/9.4.26.v20200117/jetty-util-9.4.26.v20200117.jar:/home/user/.m2/repository/com/fasterxml/jackson/core/jackson-databind/2.10.3/jackson-databind-2.10.3.jar:/home/user/.m2/repository/org/apache/hadoop/hadoop-kms/3.2.1/hadoop-kms-3.2.1-tests.jar:/home/user/.m2/repository/org/apache/hadoop/hadoop-hdds-server-scm/1.1.0-SNAPSHOT/hadoop-hdds-server-scm-1.1.0-SNAPSHOT-tests.jar:/home/user/.m2/repository/org/apache/hadoop/hadoop-hdds-container-service/1.1.0-SNAPSHOT/hadoop-hdds-container-service-1.1.0-SNAPSHOT-tests.jar:/home/user/.m2/repository/org/apache/hadoop/hadoop-hdds-common/1.1.0-SNAPSHOT/hadoop-hdds-common-1.1.0-SNAPSHOT-tests.jar:/home/user/.m2/repository/org/yaml/snakeyaml/1.16/snakeyaml-1.16.jar:/home/user/.m2/repository/org/apache/hadoop/hadoop-hdds-hadoop-dependency-test/1.1.0-SNAPSHOT/hadoop-hdds-hadoop-dependency-test-1.1.0-SNAPSHOT.jar:/home/user/.m2/repository/org/apache/hadoop/hadoop-common/3.2.1/hadoop-common-3.2.1-tests.jar:/home/user/.m2/repository/javax/servlet/jsp/jsp-api/2.1/jsp-api-2.1.jar:/home/user/.m2/repository/org/apache/hadoop/hadoop-hdfs/3.2.1/hadoop-hdfs-3.2.1-tests.jar:/home/user/.m2/repository/org/eclipse/jetty/jetty-util-ajax/9.4.26.v20200117/jetty-util-ajax-9.4.26.v20200117.jar:/home/user/.m2/repository/commons-codec/commons-codec/1.11/commons-codec-1.11.jar:/home/user/.m2/repository/commons-daemon/commons-daemon/1.0.13/commons-daemon-1.0.13.jar:/home/user/.m2/repository/io/netty/netty/3.10.5.Final/netty-3.10.5.Final.jar:/home/user/.m2/repository/io/netty/netty-all/4.1.48.Final/netty-all-4.1.48.Final.jar:/home/user/.m2/repository/org/apache/htrace/htrace-core4/4.1.0-incubating/htrace-core4-4.1.0-incubating.jar:/home/user/.m2/repository/org/fusesource/leveldbjni/leveldbjni-all/1.8/leveldbjni-all-1.8.jar:/home/user/.m2/repository/org/apache/hadoop/hadoop-distcp/3.2.1/hadoop-distcp-3.2.1.jar:/home/user/.m2/repository/org/apache/hadoop/hadoop-mapreduce-client-jobclient/3.2.1/hadoop-mapreduce-client-jobclient-3.2.1.jar:/home/user/.m2/repository/org/apache/hadoop/hadoop-mapreduce-client-common/3.2.1/hadoop-mapreduce-client-common-3.2.1.jar:/home/user/.m2/repository/org/apache/hadoop/hadoop-yarn-common/3.2.1/hadoop-yarn-common-3.2.1.jar:/home/user/.m2/repository/org/apache/hadoop/hadoop-yarn-api/3.2.1/hadoop-yarn-api-3.2.1.jar:/home/user/.m2/repository/com/sun/jersey/jersey-client/1.19/jersey-client-1.19.jar:/home/user/.m2/repository/com/sun/jersey/contribs/jersey-guice/1.19/jersey-guice-1.19.jar:/home/user/.m2/repository/com/fasterxml/jackson/jaxrs/jackson-jaxrs-json-provider/2.10.3/jackson-jaxrs-json-provider-2.10.3.jar:/home/user/.m2/repository/com/fasterxml/jackson/jaxrs/jackson-jaxrs-base/2.10.3/jackson-jaxrs-base-2.10.3.jar:/home/user/.m2/repository/org/apache/hadoop/hadoop-yarn-client/3.2.1/hadoop-yarn-client-3.2.1.jar:/home/user/.m2/repository/org/apache/hadoop/hadoop-mapreduce-client-core/3.2.1/hadoop-mapreduce-client-core-3.2.1.jar:/home/user/.m2/repository/org/apache/avro/avro/1.7.7/avro-1.7.7.jar:/home/user/.m2/repository/org/codehaus/jackson/jackson-core-asl/1.9.13/jackson-core-asl-1.9.13.jar:/home/user/.m2/repository/org/codehaus/jackson/jackson-mapper-asl/1.9.13/jackson-mapper-asl-1.9.13.jar:/home/user/.m2/repository/com/thoughtworks/paranamer/paranamer/2.3/paranamer-2.3.jar:/home/user/.m2/repository/org/xerial/snappy/snappy-java/1.0.5/snappy-java-1.0.5.jar:/home/user/.m2/repository/org/apache/hadoop/hadoop-annotations/3.2.1/hadoop-annotations-3.2.1.jar:/usr/lib/jvm/java-1.8.0-openjdk-1.8.0.232.b09-0.el7_7.x86_64/jre/../lib/tools.jar:/home/user/.m2/repository/org/apache/hadoop/hadoop-distcp/3.2.1/hadoop-distcp-3.2.1-tests.jar:"/>
    <property name="sun.cpu.endian" value="little"/>
    <property name="user.home" value="/home/user"/>
    <property name="user.language" value="en"/>
    <property name="java.specification.vendor" value="Oracle Corporation"/>
    <property name="java.home" value="/usr/lib/jvm/java-1.8.0-openjdk-1.8.0.232.b09-0.el7_7.x86_64/jre"/>
    <property name="java.security.krb5.conf" value="/github/workspace/mnt/ozone/hadoop-ozone/integration-test/target/test-classes/krb5.conf"/>
    <property name="basedir" value="/github/workspace/mnt/ozone/hadoop-ozone/integration-test"/>
    <property name="file.separator" value="/"/>
    <property name="line.separator" value="&#10;"/>
    <property name="java.vm.specification.vendor" value="Oracle Corporation"/>
    <property name="java.specification.name" value="Java Platform API Specification"/>
    <property name="java.awt.graphicsenv" value="sun.awt.X11GraphicsEnvironment"/>
    <property name="skip.installnpx" value="true"/>
    <property name="surefire.real.class.path" value="/github/workspace/mnt/ozone/hadoop-ozone/integration-test/target/surefire/surefirebooter1489556718674696124.jar:/home/user/.m2/repository/org/jacoco/org.jacoco.agent/0.8.5/org.jacoco.agent-0.8.5-runtime.jar"/>
    <property name="hadoop.log.dir" value="/github/workspace/mnt/ozone/hadoop-ozone/integration-test/target/log"/>
    <property name="sun.boot.class.path" value="/usr/lib/jvm/java-1.8.0-openjdk-1.8.0.232.b09-0.el7_7.x86_64/jre/lib/resources.jar:/usr/lib/jvm/java-1.8.0-openjdk-1.8.0.232.b09-0.el7_7.x86_64/jre/lib/rt.jar:/usr/lib/jvm/java-1.8.0-openjdk-1.8.0.232.b09-0.el7_7.x86_64/jre/lib/sunrsasign.jar:/usr/lib/jvm/java-1.8.0-openjdk-1.8.0.232.b09-0.el7_7.x86_64/jre/lib/jsse.jar:/usr/lib/jvm/java-1.8.0-openjdk-1.8.0.232.b09-0.el7_7.x86_64/jre/lib/jce.jar:/usr/lib/jvm/java-1.8.0-openjdk-1.8.0.232.b09-0.el7_7.x86_64/jre/lib/charsets.jar:/usr/lib/jvm/java-1.8.0-openjdk-1.8.0.232.b09-0.el7_7.x86_64/jre/lib/jfr.jar:/usr/lib/jvm/java-1.8.0-openjdk-1.8.0.232.b09-0.el7_7.x86_64/jre/classes"/>
    <property name="sun.management.compiler" value="HotSpot 64-Bit Tiered Compilers"/>
    <property name="skip.npx" value="true"/>
    <property name="java.runtime.version" value="1.8.0_232-b09"/>
    <property name="java.net.preferIPv4Stack" value="true"/>
    <property name="user.name" value="jenkins1001"/>
    <property name="path.separator" value=":"/>
    <property name="java.security.egd" value="file:///dev/urandom"/>
    <property name="os.version" value="5.4.0-1026-azure"/>
    <property name="java.endorsed.dirs" value="/usr/lib/jvm/java-1.8.0-openjdk-1.8.0.232.b09-0.el7_7.x86_64/jre/lib/endorsed"/>
    <property name="java.runtime.name" value="OpenJDK Runtime Environment"/>
    <property name="file.encoding" value="ANSI_X3.4-1968"/>
    <property name="java.vm.name" value="OpenJDK 64-Bit Server VM"/>
    <property name="test.build.webapps" value=""/>
    <property name="localRepository" value="/home/user/.m2/repository"/>
    <property name="java.vendor.url.bug" value="http://bugreport.sun.com/bugreport/"/>
    <property name="java.io.tmpdir" value="/tmp"/>
    <property name="require.test.libhadoop" value=""/>
    <property name="java.version" value="1.8.0_232"/>
    <property name="user.dir" value="/github/workspace/mnt/ozone/hadoop-ozone/integration-test"/>
    <property name="os.arch" value="amd64"/>
    <property name="java.vm.specification.name" value="Java Virtual Machine Specification"/>
    <property name="test.build.classes" value="/github/workspace/mnt/ozone/hadoop-ozone/integration-test/target/test-classes"/>
    <property name="java.awt.printerjob" value="sun.print.PSPrinterJob"/>
    <property name="sun.os.patch.level" value="unknown"/>
    <property name="hadoop.tmp.dir" value="/github/workspace/mnt/ozone/hadoop-ozone/integration-test/target/tmp"/>
    <property name="java.library.path" value="/usr/lib:/usr/java/packages/lib/amd64:/usr/lib64:/lib64:/lib:/usr/lib"/>
    <property name="java.vm.info" value="mixed mode"/>
    <property name="java.vendor" value="Oracle Corporation"/>
    <property name="java.vm.version" value="25.232-b09"/>
    <property name="java.ext.dirs" value="/usr/lib/jvm/java-1.8.0-openjdk-1.8.0.232.b09-0.el7_7.x86_64/jre/lib/ext:/usr/java/packages/lib/ext"/>
    <property name="sun.io.unicode.encoding" value="UnicodeLittle"/>
    <property name="java.class.version" value="52.0"/>
  </properties>
  <testcase name="testWatchForCommitWithKeyWrite" classname="org.apache.hadoop.ozone.client.rpc.TestWatchForCommit" time="65.907"/>
  <testcase name="testWatchForCommitForRetryfailure" classname="org.apache.hadoop.ozone.client.rpc.TestWatchForCommit" time="70.706"/>
  <testcase name="testWatchForCommitForGroupMismatchException" classname="org.apache.hadoop.ozone.client.rpc.TestWatchForCommit" time="39.667">
    <error message="38f48239-bc06-46da-ac74-74ed7351a0a0: Group group-8A46ABBCFB7D not found." type="java.io.IOException">java.io.IOException: 38f48239-bc06-46da-ac74-74ed7351a0a0: Group group-8A46ABBCFB7D not found.
	at org.apache.hadoop.ozone.container.common.transport.server.ratis.XceiverServerRatis.removeGroup(XceiverServerRatis.java:742)
	at org.apache.hadoop.ozone.container.TestHelper.waitForPipelineClose(TestHelper.java:220)
	at org.apache.hadoop.ozone.client.rpc.TestWatchForCommit.testWatchForCommitForGroupMismatchException(TestWatchForCommit.java:347)
	at sun.reflect.NativeMethodAccessorImpl.invoke0(Native Method)
	at sun.reflect.NativeMethodAccessorImpl.invoke(NativeMethodAccessorImpl.java:62)
	at sun.reflect.DelegatingMethodAccessorImpl.invoke(DelegatingMethodAccessorImpl.java:43)
	at java.lang.reflect.Method.invoke(Method.java:498)
	at org.junit.runners.model.FrameworkMethod$1.runReflectiveCall(FrameworkMethod.java:47)
	at org.junit.internal.runners.model.ReflectiveCallable.run(ReflectiveCallable.java:12)
	at org.junit.runners.model.FrameworkMethod.invokeExplosively(FrameworkMethod.java:44)
	at org.junit.internal.runners.statements.InvokeMethod.evaluate(InvokeMethod.java:17)
	at org.junit.internal.runners.statements.RunBefores.evaluate(RunBefores.java:26)
	at org.junit.internal.runners.statements.RunAfters.evaluate(RunAfters.java:27)
	at org.junit.runners.ParentRunner.runLeaf(ParentRunner.java:271)
	at org.junit.runners.BlockJUnit4ClassRunner.runChild(BlockJUnit4ClassRunner.java:70)
	at org.junit.runners.BlockJUnit4ClassRunner.runChild(BlockJUnit4ClassRunner.java:50)
	at org.junit.runners.ParentRunner$3.run(ParentRunner.java:238)
	at org.junit.runners.ParentRunner$1.schedule(ParentRunner.java:63)
	at org.junit.runners.ParentRunner.runChildren(ParentRunner.java:236)
	at org.junit.runners.ParentRunner.access$000(ParentRunner.java:53)
	at org.junit.runners.ParentRunner$2.evaluate(ParentRunner.java:229)
	at org.junit.runners.ParentRunner.run(ParentRunner.java:309)
	at org.apache.maven.surefire.junit4.JUnit4Provider.execute(JUnit4Provider.java:365)
	at org.apache.maven.surefire.junit4.JUnit4Provider.executeWithRerun(JUnit4Provider.java:273)
	at org.apache.maven.surefire.junit4.JUnit4Provider.executeTestSet(JUnit4Provider.java:238)
	at org.apache.maven.surefire.junit4.JUnit4Provider.invoke(JUnit4Provider.java:159)
	at org.apache.maven.surefire.booter.ForkedBooter.invokeProviderInSameClassLoader(ForkedBooter.java:384)
	at org.apache.maven.surefire.booter.ForkedBooter.runSuitesInProcess(ForkedBooter.java:345)
	at org.apache.maven.surefire.booter.ForkedBooter.execute(ForkedBooter.java:126)
	at org.apache.maven.surefire.booter.ForkedBooter.main(ForkedBooter.java:418)
Caused by: org.apache.ratis.protocol.exceptions.GroupMismatchException: 38f48239-bc06-46da-ac74-74ed7351a0a0: Group group-8A46ABBCFB7D not found.
	at org.apache.ratis.server.impl.RaftServerProxy.groupRemoveAsync(RaftServerProxy.java:419)
	at org.apache.ratis.server.impl.RaftServerProxy.groupManagementAsync(RaftServerProxy.java:375)
	at org.apache.ratis.server.impl.RaftServerProxy.groupManagement(RaftServerProxy.java:358)
	at org.apache.hadoop.ozone.container.common.transport.server.ratis.XceiverServerRatis.removeGroup(XceiverServerRatis.java:740)
	... 29 more
</error>
    <system-out><![CDATA[2020-10-09 12:53:53,964 [Listener at 127.0.0.1/44063] WARN  server.ServerUtils (ServerUtils.java:getScmDbDir(148)) - ozone.scm.db.dirs is not configured. We recommend adding this setting. Falling back to ozone.metadata.dirs instead.
2020-10-09 12:53:53,966 [Listener at 127.0.0.1/44063] WARN  server.ServerUtils (ServerUtils.java:getScmDbDir(148)) - ozone.scm.db.dirs is not configured. We recommend adding this setting. Falling back to ozone.metadata.dirs instead.
2020-10-09 12:53:53,967 [Listener at 127.0.0.1/44063] WARN  db.DBStoreBuilder (DBStoreBuilder.java:createDBStoreBuilder(283)) - ozone.scm.db.dirs is not configured. We recommend adding this setting. Falling back to ozone.metadata.dirs instead.
2020-10-09 12:53:54,000 [Listener at 127.0.0.1/44063] INFO  net.NodeSchemaLoader (NodeSchemaLoader.java:loadSchemaFromFile(126)) - Loading file from sun.misc.CompoundEnumeration@63d478a7
2020-10-09 12:53:54,000 [Listener at 127.0.0.1/44063] INFO  net.NodeSchemaLoader (NodeSchemaLoader.java:loadSchema(172)) - Loading network topology layer schema file
2020-10-09 12:53:54,003 [Listener at 127.0.0.1/44063] INFO  node.SCMNodeManager (SCMNodeManager.java:<init>(120)) - Entering startup safe mode.
2020-10-09 12:53:54,004 [Listener at 127.0.0.1/44063] INFO  algorithms.ContainerPlacementPolicyFactory (ContainerPlacementPolicyFactory.java:getPolicy(60)) - Create container placement policy of type org.apache.hadoop.hdds.scm.container.placement.algorithms.SCMContainerPlacementRandom
2020-10-09 12:53:54,004 [Listener at 127.0.0.1/44063] INFO  pipeline.SCMPipelineManager (SCMPipelineManager.java:initializePipelineState(161)) - No pipeline exists in current db
2020-10-09 12:53:54,005 [Listener at 127.0.0.1/44063] INFO  algorithms.PipelineChoosePolicyFactory (PipelineChoosePolicyFactory.java:createPipelineChoosePolicyFromClass(75)) - Create pipeline choose policy of type org.apache.hadoop.hdds.scm.pipeline.choose.algorithms.RandomPipelineChoosePolicy
2020-10-09 12:53:54,006 [Listener at 127.0.0.1/44063] INFO  safemode.HealthyPipelineSafeModeRule (HealthyPipelineSafeModeRule.java:<init>(89)) - Total pipeline count is 0, healthy pipeline threshold count is 0
2020-10-09 12:53:54,006 [Listener at 127.0.0.1/44063] INFO  safemode.OneReplicaPipelineSafeModeRule (OneReplicaPipelineSafeModeRule.java:<init>(79)) - Total pipeline count is 0, pipeline's with at least one datanode reported threshold count is 0
2020-10-09 12:53:54,008 [Listener at 127.0.0.1/44063] INFO  ipc.CallQueueManager (CallQueueManager.java:<init>(84)) - Using callQueue: class java.util.concurrent.LinkedBlockingQueue, queueCapacity: 2000, scheduler: class org.apache.hadoop.ipc.DefaultRpcScheduler, ipcBackoff: false.
2020-10-09 12:53:54,008 [Socket Reader #1 for port 0] INFO  ipc.Server (Server.java:run(1219)) - Starting Socket Reader #1 for port 0
2020-10-09 12:53:54,009 [Listener at 0.0.0.0/37115] INFO  ipc.CallQueueManager (CallQueueManager.java:<init>(84)) - Using callQueue: class java.util.concurrent.LinkedBlockingQueue, queueCapacity: 2000, scheduler: class org.apache.hadoop.ipc.DefaultRpcScheduler, ipcBackoff: false.
2020-10-09 12:53:54,015 [Socket Reader #1 for port 0] INFO  ipc.Server (Server.java:run(1219)) - Starting Socket Reader #1 for port 0
2020-10-09 12:53:54,016 [Listener at 0.0.0.0/41595] INFO  ipc.CallQueueManager (CallQueueManager.java:<init>(84)) - Using callQueue: class java.util.concurrent.LinkedBlockingQueue, queueCapacity: 2000, scheduler: class org.apache.hadoop.ipc.DefaultRpcScheduler, ipcBackoff: false.
2020-10-09 12:53:54,018 [Socket Reader #1 for port 0] INFO  ipc.Server (Server.java:run(1219)) - Starting Socket Reader #1 for port 0
2020-10-09 12:53:54,022 [Listener at 0.0.0.0/45133] INFO  http.BaseHttpServer (BaseHttpServer.java:newHttpServer2BuilderForOzone(207)) - Starting Web-server for scm at: http://0.0.0.0:0
2020-10-09 12:53:54,022 [Listener at 0.0.0.0/45133] INFO  http.BaseHttpServer (BaseHttpServer.java:<init>(106)) - Hadoop Security Enabled: false Ozone Security Enabled: false Ozone HTTP Security Enabled: false 
2020-10-09 12:53:54,023 [Listener at 0.0.0.0/45133] INFO  server.AuthenticationFilter (AuthenticationFilter.java:constructSecretProvider(240)) - Unable to initialize FileSignerSecretProvider, falling back to use random secrets.
2020-10-09 12:53:54,023 [Listener at 0.0.0.0/45133] WARN  http.HttpRequestLog (HttpRequestLog.java:getRequestLog(103)) - Jetty request log can only be enabled using Log4j
2020-10-09 12:53:54,024 [Listener at 0.0.0.0/45133] INFO  http.HttpServer2 (HttpServer2.java:addGlobalFilter(1019)) - Added global filter 'safety' (class=org.apache.hadoop.hdds.server.http.HttpServer2$QuotingInputFilter)
2020-10-09 12:53:54,025 [Listener at 0.0.0.0/45133] INFO  http.HttpServer2 (HttpServer2.java:addFilter(995)) - Added filter static_user_filter (class=org.apache.hadoop.http.lib.StaticUserWebFilter$StaticUserFilter) to context scm
2020-10-09 12:53:54,025 [Listener at 0.0.0.0/45133] INFO  http.HttpServer2 (HttpServer2.java:addFilter(1003)) - Added filter static_user_filter (class=org.apache.hadoop.http.lib.StaticUserWebFilter$StaticUserFilter) to context logs
2020-10-09 12:53:54,025 [Listener at 0.0.0.0/45133] INFO  http.HttpServer2 (HttpServer2.java:addFilter(1003)) - Added filter static_user_filter (class=org.apache.hadoop.http.lib.StaticUserWebFilter$StaticUserFilter) to context static
2020-10-09 12:53:54,027 [Listener at 0.0.0.0/45133] INFO  server.StorageContainerManager (StorageContainerManager.java:start(789)) - StorageContainerLocationProtocol RPC server is listening at /0.0.0.0:45133
2020-10-09 12:53:54,028 [Listener at 0.0.0.0/45133] WARN  impl.MetricsConfig (MetricsConfig.java:loadFirst(134)) - Cannot locate configuration: tried hadoop-metrics2-storagecontainermanager.properties,hadoop-metrics2.properties
2020-10-09 12:53:54,029 [Listener at 0.0.0.0/45133] INFO  impl.MetricsSystemImpl (MetricsSystemImpl.java:startTimer(374)) - Scheduled Metric snapshot period at 10 second(s).
2020-10-09 12:53:54,030 [Listener at 0.0.0.0/45133] INFO  impl.MetricsSystemImpl (MetricsSystemImpl.java:start(191)) - StorageContainerManager metrics system started
2020-10-09 12:53:54,103 [Listener at 0.0.0.0/45133] WARN  impl.MetricsSystemImpl (MetricsSystemImpl.java:register(276)) - Sink prometheus already exists!
2020-10-09 12:53:54,113 [Listener at 0.0.0.0/45133] INFO  server.SCMClientProtocolServer (SCMClientProtocolServer.java:start(156)) - RPC server for Client  is listening at /0.0.0.0:45133
2020-10-09 12:53:54,115 [IPC Server Responder] INFO  ipc.Server (Server.java:run(1460)) - IPC Server Responder: starting
2020-10-09 12:53:54,116 [IPC Server listener on 0] INFO  ipc.Server (Server.java:run(1298)) - IPC Server listener on 0: starting
2020-10-09 12:53:54,124 [Listener at 0.0.0.0/45133] INFO  server.StorageContainerManager (StorageContainerManager.java:start(801)) - ScmBlockLocationProtocol RPC server is listening at /0.0.0.0:41595
2020-10-09 12:53:54,124 [Listener at 0.0.0.0/45133] INFO  server.SCMBlockProtocolServer (SCMBlockProtocolServer.java:start(149)) - RPC server for Block Protocol is listening at /0.0.0.0:41595
2020-10-09 12:53:54,124 [IPC Server Responder] INFO  ipc.Server (Server.java:run(1460)) - IPC Server Responder: starting
2020-10-09 12:53:54,124 [IPC Server listener on 0] INFO  ipc.Server (Server.java:run(1298)) - IPC Server listener on 0: starting
2020-10-09 12:53:54,133 [Listener at 0.0.0.0/45133] INFO  server.StorageContainerManager (StorageContainerManager.java:start(807)) - ScmDatanodeProtocl RPC server is listening at /0.0.0.0:37115
2020-10-09 12:53:54,133 [Listener at 0.0.0.0/45133] INFO  server.SCMDatanodeProtocolServer (SCMDatanodeProtocolServer.java:start(172)) - RPC server for DataNodes is listening at /0.0.0.0:37115
2020-10-09 12:53:54,133 [IPC Server Responder] INFO  ipc.Server (Server.java:run(1460)) - IPC Server Responder: starting
2020-10-09 12:53:54,136 [IPC Server listener on 0] INFO  ipc.Server (Server.java:run(1298)) - IPC Server listener on 0: starting
2020-10-09 12:53:54,139 [Listener at 0.0.0.0/45133] INFO  http.HttpServer2 (HttpServer2.java:bindListener(1237)) - Jetty bound to port 43553
2020-10-09 12:53:54,139 [Listener at 0.0.0.0/45133] INFO  server.Server (Server.java:doStart(359)) - jetty-9.4.26.v20200117; built: 2020-01-17T12:35:33.676Z; git: 7b38981d25d14afb4a12ff1f2596756144edf695; jvm 1.8.0_232-b09
2020-10-09 12:53:54,143 [Listener at 0.0.0.0/45133] INFO  server.session (DefaultSessionIdManager.java:doStart(333)) - DefaultSessionIdManager workerName=node0
2020-10-09 12:53:54,143 [Listener at 0.0.0.0/45133] INFO  server.session (DefaultSessionIdManager.java:doStart(338)) - No SessionScavenger set, using defaults
2020-10-09 12:53:54,143 [Listener at 0.0.0.0/45133] INFO  server.session (HouseKeeper.java:startScavenging(140)) - node0 Scavenging every 600000ms
2020-10-09 12:53:54,144 [Listener at 0.0.0.0/45133] INFO  handler.ContextHandler (ContextHandler.java:doStart(825)) - Started o.e.j.s.ServletContextHandler@b9f4b1f{logs,/logs,file:///github/workspace/mnt/ozone/hadoop-ozone/integration-test/target/log,AVAILABLE}
2020-10-09 12:53:54,144 [Listener at 0.0.0.0/45133] INFO  handler.ContextHandler (ContextHandler.java:doStart(825)) - Started o.e.j.s.ServletContextHandler@3ebe4bbc{static,/static,file:///github/workspace/mnt/ozone/hadoop-ozone/integration-test/target/test-classes/webapps/static,AVAILABLE}
2020-10-09 12:53:54,147 [Listener at 0.0.0.0/45133] INFO  handler.ContextHandler (ContextHandler.java:doStart(825)) - Started o.e.j.w.WebAppContext@7ca3fa41{scm,/,file:///github/workspace/mnt/ozone/hadoop-ozone/integration-test/target/test-classes/webapps/scm/,AVAILABLE}{file:/github/workspace/mnt/ozone/hadoop-ozone/integration-test/target/test-classes/webapps/scm}
2020-10-09 12:53:54,148 [Listener at 0.0.0.0/45133] INFO  server.AbstractConnector (AbstractConnector.java:doStart(330)) - Started ServerConnector@5ed0d352{HTTP/1.1,[http/1.1]}{0.0.0.0:43553}
2020-10-09 12:53:54,148 [Listener at 0.0.0.0/45133] INFO  server.Server (Server.java:doStart(399)) - Started @137600ms
2020-10-09 12:53:54,148 [Listener at 0.0.0.0/45133] WARN  impl.MetricsSystemImpl (MetricsSystemImpl.java:register(276)) - Sink prometheus already exists!
2020-10-09 12:53:54,151 [Listener at 0.0.0.0/45133] INFO  http.BaseHttpServer (BaseHttpServer.java:updateConnectorAddress(327)) - HTTP server of scm listening at http://0.0.0.0:43553
2020-10-09 12:53:54,156 [Listener at 0.0.0.0/45133] WARN  server.ServerUtils (ServerUtils.java:getDBPath(225)) - ozone.om.db.dirs is not configured. We recommend adding this setting. Falling back to ozone.metadata.dirs instead.
2020-10-09 12:53:54,157 [Listener at 0.0.0.0/45133] INFO  ha.OMHANodeDetails (OMHANodeDetails.java:loadOMHAConfig(104)) - ozone.om.internal.service.id is not defined, falling back to ozone.om.service.ids to find serviceID for OzoneManager if it is HA enabled cluster
2020-10-09 12:53:54,157 [Listener at 0.0.0.0/45133] INFO  ha.OMHANodeDetails (OMHANodeDetails.java:loadOMHAConfig(213)) - Configuration either no ozone.om.address set. Falling back to the default OM address /127.0.0.1:0
2020-10-09 12:53:54,157 [Listener at 0.0.0.0/45133] INFO  ha.OMHANodeDetails (OMHANodeDetails.java:getOMNodeDetails(241)) - OM Service ID is not set. Setting it to the default ID: omServiceIdDefault
2020-10-09 12:53:54,157 [Listener at 0.0.0.0/45133] WARN  server.ServerUtils (ServerUtils.java:getDBPath(225)) - ozone.om.db.dirs is not configured. We recommend adding this setting. Falling back to ozone.metadata.dirs instead.
2020-10-09 12:53:54,158 [Listener at 0.0.0.0/45133] WARN  server.ServerUtils (ServerUtils.java:getDBPath(225)) - ozone.om.db.dirs is not configured. We recommend adding this setting. Falling back to ozone.metadata.dirs instead.
2020-10-09 12:53:54,164 [org.apache.hadoop.util.JvmPauseMonitor$Monitor@5e3d3bfd] INFO  util.JvmPauseMonitor (JvmPauseMonitor.java:run(188)) - Starting JVM pause monitor
2020-10-09 12:53:54,165 [Listener at 0.0.0.0/45133] WARN  server.ServerUtils (ServerUtils.java:getDBPath(225)) - ozone.om.db.dirs is not configured. We recommend adding this setting. Falling back to ozone.metadata.dirs instead.
2020-10-09 12:53:54,165 [Listener at 0.0.0.0/45133] INFO  codec.OmKeyInfoCodec (OmKeyInfoCodec.java:<init>(41)) - OmKeyInfoCodec ignorePipeline = true
2020-10-09 12:53:54,165 [Listener at 0.0.0.0/45133] INFO  codec.RepeatedOmKeyInfoCodec (RepeatedOmKeyInfoCodec.java:<init>(40)) - RepeatedOmKeyInfoCodec ignorePipeline = true
2020-10-09 12:53:54,221 [Listener at 0.0.0.0/45133] INFO  om.OzoneManager (OzoneManager.java:addS3GVolumeToDB(3621)) - Created Volume s3v With Owner jenkins1001 required for S3Gateway operations.
2020-10-09 12:53:54,222 [Listener at 0.0.0.0/45133] INFO  ipc.CallQueueManager (CallQueueManager.java:<init>(84)) - Using callQueue: class java.util.concurrent.LinkedBlockingQueue, queueCapacity: 2000, scheduler: class org.apache.hadoop.ipc.DefaultRpcScheduler, ipcBackoff: false.
2020-10-09 12:53:54,223 [Socket Reader #1 for port 0] INFO  ipc.Server (Server.java:run(1219)) - Starting Socket Reader #1 for port 0
2020-10-09 12:53:54,239 [Listener at 127.0.0.1/36087] INFO  impl.MetricsSystemImpl (MetricsSystemImpl.java:init(158)) - OzoneManager metrics system started (again)
2020-10-09 12:53:54,240 [Listener at 127.0.0.1/36087] INFO  om.OzoneManager (OzoneManager.java:start(1133)) - OzoneManager RPC server is listening at localhost/127.0.0.1:36087
2020-10-09 12:53:54,244 [Listener at 127.0.0.1/36087] INFO  http.BaseHttpServer (BaseHttpServer.java:newHttpServer2BuilderForOzone(207)) - Starting Web-server for ozoneManager at: http://0.0.0.0:0
2020-10-09 12:53:54,244 [Listener at 127.0.0.1/36087] INFO  http.BaseHttpServer (BaseHttpServer.java:<init>(106)) - Hadoop Security Enabled: false Ozone Security Enabled: false Ozone HTTP Security Enabled: false 
2020-10-09 12:53:54,245 [Listener at 127.0.0.1/36087] INFO  server.AuthenticationFilter (AuthenticationFilter.java:constructSecretProvider(240)) - Unable to initialize FileSignerSecretProvider, falling back to use random secrets.
2020-10-09 12:53:54,245 [Listener at 127.0.0.1/36087] WARN  http.HttpRequestLog (HttpRequestLog.java:getRequestLog(103)) - Jetty request log can only be enabled using Log4j
2020-10-09 12:53:54,246 [Listener at 127.0.0.1/36087] INFO  http.HttpServer2 (HttpServer2.java:addGlobalFilter(1019)) - Added global filter 'safety' (class=org.apache.hadoop.hdds.server.http.HttpServer2$QuotingInputFilter)
2020-10-09 12:53:54,247 [Listener at 127.0.0.1/36087] INFO  http.HttpServer2 (HttpServer2.java:addFilter(995)) - Added filter static_user_filter (class=org.apache.hadoop.http.lib.StaticUserWebFilter$StaticUserFilter) to context ozoneManager
2020-10-09 12:53:54,247 [Listener at 127.0.0.1/36087] INFO  http.HttpServer2 (HttpServer2.java:addFilter(1003)) - Added filter static_user_filter (class=org.apache.hadoop.http.lib.StaticUserWebFilter$StaticUserFilter) to context static
2020-10-09 12:53:54,247 [Listener at 127.0.0.1/36087] INFO  http.HttpServer2 (HttpServer2.java:addFilter(1003)) - Added filter static_user_filter (class=org.apache.hadoop.http.lib.StaticUserWebFilter$StaticUserFilter) to context logs
2020-10-09 12:53:54,247 [Listener at 127.0.0.1/36087] INFO  http.HttpServer2 (HttpServer2.java:bindListener(1237)) - Jetty bound to port 36039
2020-10-09 12:53:54,247 [Listener at 127.0.0.1/36087] INFO  server.Server (Server.java:doStart(359)) - jetty-9.4.26.v20200117; built: 2020-01-17T12:35:33.676Z; git: 7b38981d25d14afb4a12ff1f2596756144edf695; jvm 1.8.0_232-b09
2020-10-09 12:53:54,250 [Listener at 127.0.0.1/36087] INFO  server.session (DefaultSessionIdManager.java:doStart(333)) - DefaultSessionIdManager workerName=node0
2020-10-09 12:53:54,250 [Listener at 127.0.0.1/36087] INFO  server.session (DefaultSessionIdManager.java:doStart(338)) - No SessionScavenger set, using defaults
2020-10-09 12:53:54,250 [Listener at 127.0.0.1/36087] INFO  server.session (HouseKeeper.java:startScavenging(140)) - node0 Scavenging every 660000ms
2020-10-09 12:53:54,251 [Listener at 127.0.0.1/36087] INFO  handler.ContextHandler (ContextHandler.java:doStart(825)) - Started o.e.j.s.ServletContextHandler@84e1883{logs,/logs,file:///github/workspace/mnt/ozone/hadoop-ozone/integration-test/target/log,AVAILABLE}
2020-10-09 12:53:54,251 [Listener at 127.0.0.1/36087] INFO  handler.ContextHandler (ContextHandler.java:doStart(825)) - Started o.e.j.s.ServletContextHandler@7f7168e7{static,/static,file:///github/workspace/mnt/ozone/hadoop-ozone/integration-test/target/test-classes/webapps/static,AVAILABLE}
2020-10-09 12:53:54,254 [Listener at 127.0.0.1/36087] INFO  handler.ContextHandler (ContextHandler.java:doStart(825)) - Started o.e.j.w.WebAppContext@11b59291{ozoneManager,/,file:///github/workspace/mnt/ozone/hadoop-ozone/integration-test/target/test-classes/webapps/ozoneManager/,AVAILABLE}{file:/github/workspace/mnt/ozone/hadoop-ozone/integration-test/target/test-classes/webapps/ozoneManager}
2020-10-09 12:53:54,259 [Listener at 127.0.0.1/36087] INFO  server.AbstractConnector (AbstractConnector.java:doStart(330)) - Started ServerConnector@38617f1c{HTTP/1.1,[http/1.1]}{0.0.0.0:36039}
2020-10-09 12:53:54,259 [Listener at 127.0.0.1/36087] INFO  server.Server (Server.java:doStart(399)) - Started @137711ms
2020-10-09 12:53:54,259 [Listener at 127.0.0.1/36087] WARN  impl.MetricsSystemImpl (MetricsSystemImpl.java:register(276)) - Sink prometheus already exists!
2020-10-09 12:53:54,261 [Listener at 127.0.0.1/36087] INFO  http.BaseHttpServer (BaseHttpServer.java:updateConnectorAddress(327)) - HTTP server of ozoneManager listening at http://0.0.0.0:36039
2020-10-09 12:53:54,262 [IPC Server Responder] INFO  ipc.Server (Server.java:run(1460)) - IPC Server Responder: starting
2020-10-09 12:53:54,262 [IPC Server listener on 0] INFO  ipc.Server (Server.java:run(1298)) - IPC Server listener on 0: starting
2020-10-09 12:53:54,277 [org.apache.hadoop.util.JvmPauseMonitor$Monitor@6fd77c16] INFO  util.JvmPauseMonitor (JvmPauseMonitor.java:run(188)) - Starting JVM pause monitor
2020-10-09 12:53:54,292 [Listener at 127.0.0.1/36087] INFO  impl.MetricsSystemImpl (MetricsSystemImpl.java:init(158)) - HddsDatanode metrics system started (again)
2020-10-09 12:53:54,293 [Listener at 127.0.0.1/36087] INFO  ozone.HddsDatanodeService (HddsDatanodeService.java:start(217)) - HddsDatanodeService host:44394113892a ip:172.17.0.2
2020-10-09 12:53:54,300 [Listener at 127.0.0.1/36087] INFO  volume.HddsVolume (HddsVolume.java:<init>(176)) - Creating Volume: /github/workspace/mnt/ozone/hadoop-ozone/integration-test/target/test-dir/MiniOzoneClusterImpl-691c6000-d337-4848-84ec-e56c11f2c172/datanode-0/data-0/containers/hdds of storage type : DISK and capacity : 9223372036854775807
2020-10-09 12:53:54,300 [Listener at 127.0.0.1/36087] INFO  volume.MutableVolumeSet (MutableVolumeSet.java:initializeVolumeSet(179)) - Added Volume : /github/workspace/mnt/ozone/hadoop-ozone/integration-test/target/test-dir/MiniOzoneClusterImpl-691c6000-d337-4848-84ec-e56c11f2c172/datanode-0/data-0/containers/hdds to VolumeSet
2020-10-09 12:53:54,300 [Listener at 127.0.0.1/36087] INFO  volume.ThrottledAsyncChecker (ThrottledAsyncChecker.java:schedule(141)) - Scheduling a check for /github/workspace/mnt/ozone/hadoop-ozone/integration-test/target/test-dir/MiniOzoneClusterImpl-691c6000-d337-4848-84ec-e56c11f2c172/datanode-0/data-0/containers/hdds
2020-10-09 12:53:54,300 [Listener at 127.0.0.1/36087] INFO  volume.HddsVolumeChecker (HddsVolumeChecker.java:checkAllVolumes(200)) - Scheduled health check for volume /github/workspace/mnt/ozone/hadoop-ozone/integration-test/target/test-dir/MiniOzoneClusterImpl-691c6000-d337-4848-84ec-e56c11f2c172/datanode-0/data-0/containers/hdds
2020-10-09 12:53:54,313 [Thread-1158] INFO  ozoneimpl.ContainerReader (ContainerReader.java:readVolume(123)) - Start to verify containers on volume /github/workspace/mnt/ozone/hadoop-ozone/integration-test/target/test-dir/MiniOzoneClusterImpl-691c6000-d337-4848-84ec-e56c11f2c172/datanode-0/data-0/containers/hdds
2020-10-09 12:53:54,313 [Thread-1158] INFO  ozoneimpl.ContainerReader (ContainerReader.java:readVolume(148)) - Finish verifying containers on volume /github/workspace/mnt/ozone/hadoop-ozone/integration-test/target/test-dir/MiniOzoneClusterImpl-691c6000-d337-4848-84ec-e56c11f2c172/datanode-0/data-0/containers/hdds
2020-10-09 12:53:54,314 [Listener at 127.0.0.1/36087] INFO  ozoneimpl.OzoneContainer (OzoneContainer.java:buildContainerSet(196)) - Build ContainerSet costs 0s
2020-10-09 12:53:54,315 [Listener at 127.0.0.1/36087] INFO  impl.RaftServerProxy (ConfUtils.java:logGet(44)) - raft.rpc.type = GRPC (default)
2020-10-09 12:53:54,315 [Listener at 127.0.0.1/36087] INFO  grpc.GrpcFactory (GrpcFactory.java:checkPooledByteBufAllocatorUseCacheForAllThreads(45)) - PERFORMANCE WARNING: useCacheForAllThreads is true that may cause Netty to create a lot garbage objects and, as a result, trigger GC.
	It is recommended to disable useCacheForAllThreads by setting -Dorg.apache.ratis.thirdparty.io.netty.allocator.useCacheForAllThreads=false in command line.
2020-10-09 12:53:54,315 [Listener at 127.0.0.1/36087] INFO  grpc.GrpcConfigKeys (ConfUtils.java:logGet(44)) - raft.grpc.server.port = 0 (default)
2020-10-09 12:53:54,316 [Listener at 127.0.0.1/36087] INFO  server.GrpcService (ConfUtils.java:logGet(44)) - raft.grpc.message.size.max = 32MB (=33554432) (custom)
2020-10-09 12:53:54,316 [Listener at 127.0.0.1/36087] INFO  server.RaftServerConfigKeys (ConfUtils.java:logGet(44)) - raft.server.log.appender.buffer.byte-limit = 33554432 (custom)
2020-10-09 12:53:54,316 [Listener at 127.0.0.1/36087] INFO  server.GrpcService (ConfUtils.java:logGet(44)) - raft.grpc.flow.control.window = 5MB (=5242880) (custom)
2020-10-09 12:53:54,316 [Listener at 127.0.0.1/36087] INFO  server.RaftServerConfigKeys (ConfUtils.java:logGet(44)) - raft.server.rpc.request.timeout = 3000ms (default)
2020-10-09 12:53:54,317 [Listener at 127.0.0.1/36087] INFO  server.RaftServerConfigKeys (ConfUtils.java:logGet(44)) - raft.server.storage.dir = [/github/workspace/mnt/ozone/hadoop-ozone/integration-test/target/test-dir/MiniOzoneClusterImpl-691c6000-d337-4848-84ec-e56c11f2c172/datanode-0/data/ratis] (custom)
2020-10-09 12:53:54,320 [Listener at 127.0.0.1/36087] INFO  http.BaseHttpServer (BaseHttpServer.java:newHttpServer2BuilderForOzone(207)) - Starting Web-server for hddsDatanode at: http://0.0.0.0:0
2020-10-09 12:53:54,320 [Listener at 127.0.0.1/36087] INFO  http.BaseHttpServer (BaseHttpServer.java:<init>(106)) - Hadoop Security Enabled: false Ozone Security Enabled: false Ozone HTTP Security Enabled: false 
2020-10-09 12:53:54,321 [Listener at 127.0.0.1/36087] INFO  server.AuthenticationFilter (AuthenticationFilter.java:constructSecretProvider(240)) - Unable to initialize FileSignerSecretProvider, falling back to use random secrets.
2020-10-09 12:53:54,322 [Listener at 127.0.0.1/36087] WARN  http.HttpRequestLog (HttpRequestLog.java:getRequestLog(103)) - Jetty request log can only be enabled using Log4j
2020-10-09 12:53:54,322 [Listener at 127.0.0.1/36087] INFO  http.HttpServer2 (HttpServer2.java:addGlobalFilter(1019)) - Added global filter 'safety' (class=org.apache.hadoop.hdds.server.http.HttpServer2$QuotingInputFilter)
2020-10-09 12:53:54,323 [Listener at 127.0.0.1/36087] INFO  http.HttpServer2 (HttpServer2.java:addFilter(995)) - Added filter static_user_filter (class=org.apache.hadoop.http.lib.StaticUserWebFilter$StaticUserFilter) to context hddsDatanode
2020-10-09 12:53:54,323 [Listener at 127.0.0.1/36087] INFO  http.HttpServer2 (HttpServer2.java:addFilter(1003)) - Added filter static_user_filter (class=org.apache.hadoop.http.lib.StaticUserWebFilter$StaticUserFilter) to context static
2020-10-09 12:53:54,323 [Listener at 127.0.0.1/36087] INFO  http.HttpServer2 (HttpServer2.java:addFilter(1003)) - Added filter static_user_filter (class=org.apache.hadoop.http.lib.StaticUserWebFilter$StaticUserFilter) to context logs
2020-10-09 12:53:54,324 [Listener at 127.0.0.1/36087] INFO  http.HttpServer2 (HttpServer2.java:bindListener(1237)) - Jetty bound to port 33447
2020-10-09 12:53:54,324 [Listener at 127.0.0.1/36087] INFO  server.Server (Server.java:doStart(359)) - jetty-9.4.26.v20200117; built: 2020-01-17T12:35:33.676Z; git: 7b38981d25d14afb4a12ff1f2596756144edf695; jvm 1.8.0_232-b09
2020-10-09 12:53:54,327 [Listener at 127.0.0.1/36087] INFO  server.session (DefaultSessionIdManager.java:doStart(333)) - DefaultSessionIdManager workerName=node0
2020-10-09 12:53:54,327 [Listener at 127.0.0.1/36087] INFO  server.session (DefaultSessionIdManager.java:doStart(338)) - No SessionScavenger set, using defaults
2020-10-09 12:53:54,328 [Listener at 127.0.0.1/36087] INFO  server.session (HouseKeeper.java:startScavenging(140)) - node0 Scavenging every 660000ms
2020-10-09 12:53:54,330 [Listener at 127.0.0.1/36087] INFO  handler.ContextHandler (ContextHandler.java:doStart(825)) - Started o.e.j.s.ServletContextHandler@e74903f{logs,/logs,file:///github/workspace/mnt/ozone/hadoop-ozone/integration-test/target/log,AVAILABLE}
2020-10-09 12:53:54,330 [Listener at 127.0.0.1/36087] INFO  handler.ContextHandler (ContextHandler.java:doStart(825)) - Started o.e.j.s.ServletContextHandler@a3cd3ff{static,/static,jar:file:/home/user/.m2/repository/org/apache/hadoop/hadoop-hdds-container-service/1.1.0-SNAPSHOT/hadoop-hdds-container-service-1.1.0-SNAPSHOT.jar!/webapps/static,AVAILABLE}
2020-10-09 12:53:54,469 [Listener at 127.0.0.1/36087] INFO  handler.ContextHandler (ContextHandler.java:doStart(825)) - Started o.e.j.w.WebAppContext@76494bed{hddsDatanode,/,file:///tmp/jetty-0_0_0_0-33447-hadoop-hdds-container-service-1_1_0-SNAPSHOT_jar-_-any-4905000320304742159.dir/webapp/,AVAILABLE}{jar:file:/home/user/.m2/repository/org/apache/hadoop/hadoop-hdds-container-service/1.1.0-SNAPSHOT/hadoop-hdds-container-service-1.1.0-SNAPSHOT.jar!/webapps/hddsDatanode}
2020-10-09 12:53:54,470 [Listener at 127.0.0.1/36087] INFO  server.AbstractConnector (AbstractConnector.java:doStart(330)) - Started ServerConnector@1bfbbef5{HTTP/1.1,[http/1.1]}{0.0.0.0:33447}
2020-10-09 12:53:54,470 [Listener at 127.0.0.1/36087] INFO  server.Server (Server.java:doStart(399)) - Started @137922ms
2020-10-09 12:53:54,470 [Listener at 127.0.0.1/36087] WARN  impl.MetricsSystemImpl (MetricsSystemImpl.java:register(276)) - Sink prometheus already exists!
2020-10-09 12:53:54,473 [Listener at 127.0.0.1/36087] INFO  http.BaseHttpServer (BaseHttpServer.java:updateConnectorAddress(327)) - HTTP server of hddsDatanode listening at http://0.0.0.0:33447
2020-10-09 12:53:54,474 [Listener at 127.0.0.1/36087] INFO  impl.MetricsSystemImpl (MetricsSystemImpl.java:init(158)) - HddsDatanode metrics system started (again)
2020-10-09 12:53:54,475 [Listener at 127.0.0.1/36087] INFO  ozone.HddsDatanodeService (HddsDatanodeService.java:start(217)) - HddsDatanodeService host:44394113892a ip:172.17.0.2
2020-10-09 12:53:54,476 [Listener at 127.0.0.1/36087] INFO  volume.HddsVolume (HddsVolume.java:<init>(176)) - Creating Volume: /github/workspace/mnt/ozone/hadoop-ozone/integration-test/target/test-dir/MiniOzoneClusterImpl-691c6000-d337-4848-84ec-e56c11f2c172/datanode-1/data-0/containers/hdds of storage type : DISK and capacity : 9223372036854775807
2020-10-09 12:53:54,476 [Listener at 127.0.0.1/36087] INFO  volume.MutableVolumeSet (MutableVolumeSet.java:initializeVolumeSet(179)) - Added Volume : /github/workspace/mnt/ozone/hadoop-ozone/integration-test/target/test-dir/MiniOzoneClusterImpl-691c6000-d337-4848-84ec-e56c11f2c172/datanode-1/data-0/containers/hdds to VolumeSet
2020-10-09 12:53:54,476 [Listener at 127.0.0.1/36087] INFO  volume.ThrottledAsyncChecker (ThrottledAsyncChecker.java:schedule(141)) - Scheduling a check for /github/workspace/mnt/ozone/hadoop-ozone/integration-test/target/test-dir/MiniOzoneClusterImpl-691c6000-d337-4848-84ec-e56c11f2c172/datanode-1/data-0/containers/hdds
2020-10-09 12:53:54,477 [Listener at 127.0.0.1/36087] INFO  volume.HddsVolumeChecker (HddsVolumeChecker.java:checkAllVolumes(200)) - Scheduled health check for volume /github/workspace/mnt/ozone/hadoop-ozone/integration-test/target/test-dir/MiniOzoneClusterImpl-691c6000-d337-4848-84ec-e56c11f2c172/datanode-1/data-0/containers/hdds
2020-10-09 12:53:54,495 [org.apache.hadoop.util.JvmPauseMonitor$Monitor@343c31b7] INFO  util.JvmPauseMonitor (JvmPauseMonitor.java:run(188)) - Starting JVM pause monitor
2020-10-09 12:53:54,496 [Datanode State Machine Task Thread - 0] INFO  datanode.InitDatanodeState (InitDatanodeState.java:persistContainerDatanodeDetails(145)) - DatanodeDetails is persisted to /github/workspace/mnt/ozone/hadoop-ozone/integration-test/target/test-dir/MiniOzoneClusterImpl-691c6000-d337-4848-84ec-e56c11f2c172/datanode-0/meta/datanode.id
2020-10-09 12:53:54,500 [Thread-1169] INFO  ozoneimpl.ContainerReader (ContainerReader.java:readVolume(123)) - Start to verify containers on volume /github/workspace/mnt/ozone/hadoop-ozone/integration-test/target/test-dir/MiniOzoneClusterImpl-691c6000-d337-4848-84ec-e56c11f2c172/datanode-1/data-0/containers/hdds
2020-10-09 12:53:54,500 [Thread-1169] INFO  ozoneimpl.ContainerReader (ContainerReader.java:readVolume(148)) - Finish verifying containers on volume /github/workspace/mnt/ozone/hadoop-ozone/integration-test/target/test-dir/MiniOzoneClusterImpl-691c6000-d337-4848-84ec-e56c11f2c172/datanode-1/data-0/containers/hdds
2020-10-09 12:53:54,500 [Listener at 127.0.0.1/36087] INFO  ozoneimpl.OzoneContainer (OzoneContainer.java:buildContainerSet(196)) - Build ContainerSet costs 0s
2020-10-09 12:53:54,502 [Listener at 127.0.0.1/36087] INFO  impl.RaftServerProxy (ConfUtils.java:logGet(44)) - raft.rpc.type = GRPC (default)
2020-10-09 12:53:54,502 [Listener at 127.0.0.1/36087] INFO  grpc.GrpcFactory (GrpcFactory.java:checkPooledByteBufAllocatorUseCacheForAllThreads(45)) - PERFORMANCE WARNING: useCacheForAllThreads is true that may cause Netty to create a lot garbage objects and, as a result, trigger GC.
	It is recommended to disable useCacheForAllThreads by setting -Dorg.apache.ratis.thirdparty.io.netty.allocator.useCacheForAllThreads=false in command line.
2020-10-09 12:53:54,502 [Listener at 127.0.0.1/36087] INFO  grpc.GrpcConfigKeys (ConfUtils.java:logGet(44)) - raft.grpc.server.port = 0 (default)
2020-10-09 12:53:54,502 [Listener at 127.0.0.1/36087] INFO  server.GrpcService (ConfUtils.java:logGet(44)) - raft.grpc.message.size.max = 32MB (=33554432) (custom)
2020-10-09 12:53:54,502 [Listener at 127.0.0.1/36087] INFO  server.RaftServerConfigKeys (ConfUtils.java:logGet(44)) - raft.server.log.appender.buffer.byte-limit = 33554432 (custom)
2020-10-09 12:53:54,502 [Listener at 127.0.0.1/36087] INFO  server.GrpcService (ConfUtils.java:logGet(44)) - raft.grpc.flow.control.window = 5MB (=5242880) (custom)
2020-10-09 12:53:54,502 [Listener at 127.0.0.1/36087] INFO  server.RaftServerConfigKeys (ConfUtils.java:logGet(44)) - raft.server.rpc.request.timeout = 3000ms (default)
2020-10-09 12:53:54,503 [Listener at 127.0.0.1/36087] INFO  server.RaftServerConfigKeys (ConfUtils.java:logGet(44)) - raft.server.storage.dir = [/github/workspace/mnt/ozone/hadoop-ozone/integration-test/target/test-dir/MiniOzoneClusterImpl-691c6000-d337-4848-84ec-e56c11f2c172/datanode-1/data/ratis] (custom)
2020-10-09 12:53:54,508 [Listener at 127.0.0.1/36087] INFO  http.BaseHttpServer (BaseHttpServer.java:newHttpServer2BuilderForOzone(207)) - Starting Web-server for hddsDatanode at: http://0.0.0.0:0
2020-10-09 12:53:54,508 [Listener at 127.0.0.1/36087] INFO  http.BaseHttpServer (BaseHttpServer.java:<init>(106)) - Hadoop Security Enabled: false Ozone Security Enabled: false Ozone HTTP Security Enabled: false 
2020-10-09 12:53:54,509 [Listener at 127.0.0.1/36087] INFO  server.AuthenticationFilter (AuthenticationFilter.java:constructSecretProvider(240)) - Unable to initialize FileSignerSecretProvider, falling back to use random secrets.
2020-10-09 12:53:54,511 [Listener at 127.0.0.1/36087] WARN  http.HttpRequestLog (HttpRequestLog.java:getRequestLog(103)) - Jetty request log can only be enabled using Log4j
2020-10-09 12:53:54,512 [Listener at 127.0.0.1/36087] INFO  http.HttpServer2 (HttpServer2.java:addGlobalFilter(1019)) - Added global filter 'safety' (class=org.apache.hadoop.hdds.server.http.HttpServer2$QuotingInputFilter)
2020-10-09 12:53:54,512 [Listener at 127.0.0.1/36087] INFO  http.HttpServer2 (HttpServer2.java:addFilter(995)) - Added filter static_user_filter (class=org.apache.hadoop.http.lib.StaticUserWebFilter$StaticUserFilter) to context hddsDatanode
2020-10-09 12:53:54,512 [Listener at 127.0.0.1/36087] INFO  http.HttpServer2 (HttpServer2.java:addFilter(1003)) - Added filter static_user_filter (class=org.apache.hadoop.http.lib.StaticUserWebFilter$StaticUserFilter) to context logs
2020-10-09 12:53:54,512 [Listener at 127.0.0.1/36087] INFO  http.HttpServer2 (HttpServer2.java:addFilter(1003)) - Added filter static_user_filter (class=org.apache.hadoop.http.lib.StaticUserWebFilter$StaticUserFilter) to context static
2020-10-09 12:53:54,513 [Listener at 127.0.0.1/36087] INFO  http.HttpServer2 (HttpServer2.java:bindListener(1237)) - Jetty bound to port 42607
2020-10-09 12:53:54,513 [Listener at 127.0.0.1/36087] INFO  server.Server (Server.java:doStart(359)) - jetty-9.4.26.v20200117; built: 2020-01-17T12:35:33.676Z; git: 7b38981d25d14afb4a12ff1f2596756144edf695; jvm 1.8.0_232-b09
2020-10-09 12:53:54,515 [Listener at 127.0.0.1/36087] INFO  server.session (DefaultSessionIdManager.java:doStart(333)) - DefaultSessionIdManager workerName=node0
2020-10-09 12:53:54,515 [Listener at 127.0.0.1/36087] INFO  server.session (DefaultSessionIdManager.java:doStart(338)) - No SessionScavenger set, using defaults
2020-10-09 12:53:54,515 [Listener at 127.0.0.1/36087] INFO  server.session (HouseKeeper.java:startScavenging(140)) - node0 Scavenging every 600000ms
2020-10-09 12:53:54,515 [Listener at 127.0.0.1/36087] INFO  handler.ContextHandler (ContextHandler.java:doStart(825)) - Started o.e.j.s.ServletContextHandler@64b05928{logs,/logs,file:///github/workspace/mnt/ozone/hadoop-ozone/integration-test/target/log,AVAILABLE}
2020-10-09 12:53:54,516 [Listener at 127.0.0.1/36087] INFO  handler.ContextHandler (ContextHandler.java:doStart(825)) - Started o.e.j.s.ServletContextHandler@1775ff4a{static,/static,jar:file:/home/user/.m2/repository/org/apache/hadoop/hadoop-hdds-container-service/1.1.0-SNAPSHOT/hadoop-hdds-container-service-1.1.0-SNAPSHOT.jar!/webapps/static,AVAILABLE}
2020-10-09 12:53:54,653 [Listener at 127.0.0.1/36087] INFO  handler.ContextHandler (ContextHandler.java:doStart(825)) - Started o.e.j.w.WebAppContext@23368646{hddsDatanode,/,file:///tmp/jetty-0_0_0_0-42607-hadoop-hdds-container-service-1_1_0-SNAPSHOT_jar-_-any-991558743166879116.dir/webapp/,AVAILABLE}{jar:file:/home/user/.m2/repository/org/apache/hadoop/hadoop-hdds-container-service/1.1.0-SNAPSHOT/hadoop-hdds-container-service-1.1.0-SNAPSHOT.jar!/webapps/hddsDatanode}
2020-10-09 12:53:54,657 [Listener at 127.0.0.1/36087] INFO  server.AbstractConnector (AbstractConnector.java:doStart(330)) - Started ServerConnector@63888c14{HTTP/1.1,[http/1.1]}{0.0.0.0:42607}
2020-10-09 12:53:54,657 [Listener at 127.0.0.1/36087] INFO  server.Server (Server.java:doStart(399)) - Started @138109ms
2020-10-09 12:53:54,657 [Listener at 127.0.0.1/36087] WARN  impl.MetricsSystemImpl (MetricsSystemImpl.java:register(276)) - Sink prometheus already exists!
2020-10-09 12:53:54,660 [Listener at 127.0.0.1/36087] INFO  http.BaseHttpServer (BaseHttpServer.java:updateConnectorAddress(327)) - HTTP server of hddsDatanode listening at http://0.0.0.0:42607
2020-10-09 12:53:54,660 [Listener at 127.0.0.1/36087] INFO  impl.MetricsSystemImpl (MetricsSystemImpl.java:init(158)) - HddsDatanode metrics system started (again)
2020-10-09 12:53:54,662 [Listener at 127.0.0.1/36087] INFO  ozone.HddsDatanodeService (HddsDatanodeService.java:start(217)) - HddsDatanodeService host:44394113892a ip:172.17.0.2
2020-10-09 12:53:54,669 [Listener at 127.0.0.1/36087] INFO  volume.HddsVolume (HddsVolume.java:<init>(176)) - Creating Volume: /github/workspace/mnt/ozone/hadoop-ozone/integration-test/target/test-dir/MiniOzoneClusterImpl-691c6000-d337-4848-84ec-e56c11f2c172/datanode-2/data-0/containers/hdds of storage type : DISK and capacity : 9223372036854775807
2020-10-09 12:53:54,670 [Listener at 127.0.0.1/36087] INFO  volume.MutableVolumeSet (MutableVolumeSet.java:initializeVolumeSet(179)) - Added Volume : /github/workspace/mnt/ozone/hadoop-ozone/integration-test/target/test-dir/MiniOzoneClusterImpl-691c6000-d337-4848-84ec-e56c11f2c172/datanode-2/data-0/containers/hdds to VolumeSet
2020-10-09 12:53:54,670 [Listener at 127.0.0.1/36087] INFO  volume.ThrottledAsyncChecker (ThrottledAsyncChecker.java:schedule(141)) - Scheduling a check for /github/workspace/mnt/ozone/hadoop-ozone/integration-test/target/test-dir/MiniOzoneClusterImpl-691c6000-d337-4848-84ec-e56c11f2c172/datanode-2/data-0/containers/hdds
2020-10-09 12:53:54,670 [Datanode State Machine Task Thread - 0] INFO  datanode.InitDatanodeState (InitDatanodeState.java:persistContainerDatanodeDetails(145)) - DatanodeDetails is persisted to /github/workspace/mnt/ozone/hadoop-ozone/integration-test/target/test-dir/MiniOzoneClusterImpl-691c6000-d337-4848-84ec-e56c11f2c172/datanode-1/meta/datanode.id
2020-10-09 12:53:54,670 [org.apache.hadoop.util.JvmPauseMonitor$Monitor@54ea6ce8] INFO  util.JvmPauseMonitor (JvmPauseMonitor.java:run(188)) - Starting JVM pause monitor
2020-10-09 12:53:54,671 [Listener at 127.0.0.1/36087] INFO  volume.HddsVolumeChecker (HddsVolumeChecker.java:checkAllVolumes(200)) - Scheduled health check for volume /github/workspace/mnt/ozone/hadoop-ozone/integration-test/target/test-dir/MiniOzoneClusterImpl-691c6000-d337-4848-84ec-e56c11f2c172/datanode-2/data-0/containers/hdds
2020-10-09 12:53:54,684 [Thread-1180] INFO  ozoneimpl.ContainerReader (ContainerReader.java:readVolume(123)) - Start to verify containers on volume /github/workspace/mnt/ozone/hadoop-ozone/integration-test/target/test-dir/MiniOzoneClusterImpl-691c6000-d337-4848-84ec-e56c11f2c172/datanode-2/data-0/containers/hdds
2020-10-09 12:53:54,684 [Thread-1180] INFO  ozoneimpl.ContainerReader (ContainerReader.java:readVolume(148)) - Finish verifying containers on volume /github/workspace/mnt/ozone/hadoop-ozone/integration-test/target/test-dir/MiniOzoneClusterImpl-691c6000-d337-4848-84ec-e56c11f2c172/datanode-2/data-0/containers/hdds
2020-10-09 12:53:54,685 [Listener at 127.0.0.1/36087] INFO  ozoneimpl.OzoneContainer (OzoneContainer.java:buildContainerSet(196)) - Build ContainerSet costs 0s
2020-10-09 12:53:54,686 [Listener at 127.0.0.1/36087] INFO  impl.RaftServerProxy (ConfUtils.java:logGet(44)) - raft.rpc.type = GRPC (default)
2020-10-09 12:53:54,686 [Listener at 127.0.0.1/36087] INFO  grpc.GrpcFactory (GrpcFactory.java:checkPooledByteBufAllocatorUseCacheForAllThreads(45)) - PERFORMANCE WARNING: useCacheForAllThreads is true that may cause Netty to create a lot garbage objects and, as a result, trigger GC.
	It is recommended to disable useCacheForAllThreads by setting -Dorg.apache.ratis.thirdparty.io.netty.allocator.useCacheForAllThreads=false in command line.
2020-10-09 12:53:54,686 [Listener at 127.0.0.1/36087] INFO  grpc.GrpcConfigKeys (ConfUtils.java:logGet(44)) - raft.grpc.server.port = 0 (default)
2020-10-09 12:53:54,687 [Listener at 127.0.0.1/36087] INFO  server.GrpcService (ConfUtils.java:logGet(44)) - raft.grpc.message.size.max = 32MB (=33554432) (custom)
2020-10-09 12:53:54,687 [Listener at 127.0.0.1/36087] INFO  server.RaftServerConfigKeys (ConfUtils.java:logGet(44)) - raft.server.log.appender.buffer.byte-limit = 33554432 (custom)
2020-10-09 12:53:54,687 [Listener at 127.0.0.1/36087] INFO  server.GrpcService (ConfUtils.java:logGet(44)) - raft.grpc.flow.control.window = 5MB (=5242880) (custom)
2020-10-09 12:53:54,687 [Listener at 127.0.0.1/36087] INFO  server.RaftServerConfigKeys (ConfUtils.java:logGet(44)) - raft.server.rpc.request.timeout = 3000ms (default)
2020-10-09 12:53:54,688 [Listener at 127.0.0.1/36087] INFO  server.RaftServerConfigKeys (ConfUtils.java:logGet(44)) - raft.server.storage.dir = [/github/workspace/mnt/ozone/hadoop-ozone/integration-test/target/test-dir/MiniOzoneClusterImpl-691c6000-d337-4848-84ec-e56c11f2c172/datanode-2/data/ratis] (custom)
2020-10-09 12:53:54,696 [Listener at 127.0.0.1/36087] INFO  http.BaseHttpServer (BaseHttpServer.java:newHttpServer2BuilderForOzone(207)) - Starting Web-server for hddsDatanode at: http://0.0.0.0:0
2020-10-09 12:53:54,696 [Listener at 127.0.0.1/36087] INFO  http.BaseHttpServer (BaseHttpServer.java:<init>(106)) - Hadoop Security Enabled: false Ozone Security Enabled: false Ozone HTTP Security Enabled: false 
2020-10-09 12:53:54,697 [Listener at 127.0.0.1/36087] INFO  server.AuthenticationFilter (AuthenticationFilter.java:constructSecretProvider(240)) - Unable to initialize FileSignerSecretProvider, falling back to use random secrets.
2020-10-09 12:53:54,698 [Listener at 127.0.0.1/36087] WARN  http.HttpRequestLog (HttpRequestLog.java:getRequestLog(103)) - Jetty request log can only be enabled using Log4j
2020-10-09 12:53:54,699 [Listener at 127.0.0.1/36087] INFO  http.HttpServer2 (HttpServer2.java:addGlobalFilter(1019)) - Added global filter 'safety' (class=org.apache.hadoop.hdds.server.http.HttpServer2$QuotingInputFilter)
2020-10-09 12:53:54,700 [Listener at 127.0.0.1/36087] INFO  http.HttpServer2 (HttpServer2.java:addFilter(995)) - Added filter static_user_filter (class=org.apache.hadoop.http.lib.StaticUserWebFilter$StaticUserFilter) to context hddsDatanode
2020-10-09 12:53:54,700 [Listener at 127.0.0.1/36087] INFO  http.HttpServer2 (HttpServer2.java:addFilter(1003)) - Added filter static_user_filter (class=org.apache.hadoop.http.lib.StaticUserWebFilter$StaticUserFilter) to context static
2020-10-09 12:53:54,700 [Listener at 127.0.0.1/36087] INFO  http.HttpServer2 (HttpServer2.java:addFilter(1003)) - Added filter static_user_filter (class=org.apache.hadoop.http.lib.StaticUserWebFilter$StaticUserFilter) to context logs
2020-10-09 12:53:54,700 [Listener at 127.0.0.1/36087] INFO  http.HttpServer2 (HttpServer2.java:bindListener(1237)) - Jetty bound to port 43933
2020-10-09 12:53:54,701 [Listener at 127.0.0.1/36087] INFO  server.Server (Server.java:doStart(359)) - jetty-9.4.26.v20200117; built: 2020-01-17T12:35:33.676Z; git: 7b38981d25d14afb4a12ff1f2596756144edf695; jvm 1.8.0_232-b09
2020-10-09 12:53:54,705 [Listener at 127.0.0.1/36087] INFO  server.session (DefaultSessionIdManager.java:doStart(333)) - DefaultSessionIdManager workerName=node0
2020-10-09 12:53:54,705 [Listener at 127.0.0.1/36087] INFO  server.session (DefaultSessionIdManager.java:doStart(338)) - No SessionScavenger set, using defaults
2020-10-09 12:53:54,705 [Listener at 127.0.0.1/36087] INFO  server.session (HouseKeeper.java:startScavenging(140)) - node0 Scavenging every 600000ms
2020-10-09 12:53:54,706 [Listener at 127.0.0.1/36087] INFO  handler.ContextHandler (ContextHandler.java:doStart(825)) - Started o.e.j.s.ServletContextHandler@5a4700ba{logs,/logs,file:///github/workspace/mnt/ozone/hadoop-ozone/integration-test/target/log,AVAILABLE}
2020-10-09 12:53:54,706 [Listener at 127.0.0.1/36087] INFO  handler.ContextHandler (ContextHandler.java:doStart(825)) - Started o.e.j.s.ServletContextHandler@523c4a6d{static,/static,jar:file:/home/user/.m2/repository/org/apache/hadoop/hadoop-hdds-container-service/1.1.0-SNAPSHOT/hadoop-hdds-container-service-1.1.0-SNAPSHOT.jar!/webapps/static,AVAILABLE}
2020-10-09 12:53:54,842 [Listener at 127.0.0.1/36087] INFO  handler.ContextHandler (ContextHandler.java:doStart(825)) - Started o.e.j.w.WebAppContext@2ae56ac6{hddsDatanode,/,file:///tmp/jetty-0_0_0_0-43933-hadoop-hdds-container-service-1_1_0-SNAPSHOT_jar-_-any-6148446093632389788.dir/webapp/,AVAILABLE}{jar:file:/home/user/.m2/repository/org/apache/hadoop/hadoop-hdds-container-service/1.1.0-SNAPSHOT/hadoop-hdds-container-service-1.1.0-SNAPSHOT.jar!/webapps/hddsDatanode}
2020-10-09 12:53:54,844 [Listener at 127.0.0.1/36087] INFO  server.AbstractConnector (AbstractConnector.java:doStart(330)) - Started ServerConnector@5d55e5bb{HTTP/1.1,[http/1.1]}{0.0.0.0:43933}
2020-10-09 12:53:54,844 [Listener at 127.0.0.1/36087] INFO  server.Server (Server.java:doStart(399)) - Started @138296ms
2020-10-09 12:53:54,844 [Listener at 127.0.0.1/36087] WARN  impl.MetricsSystemImpl (MetricsSystemImpl.java:register(276)) - Sink prometheus already exists!
2020-10-09 12:53:54,846 [Listener at 127.0.0.1/36087] INFO  http.BaseHttpServer (BaseHttpServer.java:updateConnectorAddress(327)) - HTTP server of hddsDatanode listening at http://0.0.0.0:43933
2020-10-09 12:53:54,848 [Listener at 127.0.0.1/36087] INFO  impl.MetricsSystemImpl (MetricsSystemImpl.java:init(158)) - HddsDatanode metrics system started (again)
2020-10-09 12:53:54,849 [Listener at 127.0.0.1/36087] INFO  ozone.HddsDatanodeService (HddsDatanodeService.java:start(217)) - HddsDatanodeService host:44394113892a ip:172.17.0.2
2020-10-09 12:53:54,851 [org.apache.hadoop.util.JvmPauseMonitor$Monitor@60c92fb8] INFO  util.JvmPauseMonitor (JvmPauseMonitor.java:run(188)) - Starting JVM pause monitor
2020-10-09 12:53:54,852 [Listener at 127.0.0.1/36087] INFO  volume.HddsVolume (HddsVolume.java:<init>(176)) - Creating Volume: /github/workspace/mnt/ozone/hadoop-ozone/integration-test/target/test-dir/MiniOzoneClusterImpl-691c6000-d337-4848-84ec-e56c11f2c172/datanode-3/data-0/containers/hdds of storage type : DISK and capacity : 9223372036854775807
2020-10-09 12:53:54,852 [Listener at 127.0.0.1/36087] INFO  volume.MutableVolumeSet (MutableVolumeSet.java:initializeVolumeSet(179)) - Added Volume : /github/workspace/mnt/ozone/hadoop-ozone/integration-test/target/test-dir/MiniOzoneClusterImpl-691c6000-d337-4848-84ec-e56c11f2c172/datanode-3/data-0/containers/hdds to VolumeSet
2020-10-09 12:53:54,852 [Listener at 127.0.0.1/36087] INFO  volume.ThrottledAsyncChecker (ThrottledAsyncChecker.java:schedule(141)) - Scheduling a check for /github/workspace/mnt/ozone/hadoop-ozone/integration-test/target/test-dir/MiniOzoneClusterImpl-691c6000-d337-4848-84ec-e56c11f2c172/datanode-3/data-0/containers/hdds
2020-10-09 12:53:54,853 [Datanode State Machine Task Thread - 0] INFO  datanode.InitDatanodeState (InitDatanodeState.java:persistContainerDatanodeDetails(145)) - DatanodeDetails is persisted to /github/workspace/mnt/ozone/hadoop-ozone/integration-test/target/test-dir/MiniOzoneClusterImpl-691c6000-d337-4848-84ec-e56c11f2c172/datanode-2/meta/datanode.id
2020-10-09 12:53:54,853 [Listener at 127.0.0.1/36087] INFO  volume.HddsVolumeChecker (HddsVolumeChecker.java:checkAllVolumes(200)) - Scheduled health check for volume /github/workspace/mnt/ozone/hadoop-ozone/integration-test/target/test-dir/MiniOzoneClusterImpl-691c6000-d337-4848-84ec-e56c11f2c172/datanode-3/data-0/containers/hdds
2020-10-09 12:53:54,867 [Thread-1191] INFO  ozoneimpl.ContainerReader (ContainerReader.java:readVolume(123)) - Start to verify containers on volume /github/workspace/mnt/ozone/hadoop-ozone/integration-test/target/test-dir/MiniOzoneClusterImpl-691c6000-d337-4848-84ec-e56c11f2c172/datanode-3/data-0/containers/hdds
2020-10-09 12:53:54,867 [Thread-1191] INFO  ozoneimpl.ContainerReader (ContainerReader.java:readVolume(148)) - Finish verifying containers on volume /github/workspace/mnt/ozone/hadoop-ozone/integration-test/target/test-dir/MiniOzoneClusterImpl-691c6000-d337-4848-84ec-e56c11f2c172/datanode-3/data-0/containers/hdds
2020-10-09 12:53:54,867 [Listener at 127.0.0.1/36087] INFO  ozoneimpl.OzoneContainer (OzoneContainer.java:buildContainerSet(196)) - Build ContainerSet costs 0s
2020-10-09 12:53:54,868 [Listener at 127.0.0.1/36087] INFO  impl.RaftServerProxy (ConfUtils.java:logGet(44)) - raft.rpc.type = GRPC (default)
2020-10-09 12:53:54,868 [Listener at 127.0.0.1/36087] INFO  grpc.GrpcFactory (GrpcFactory.java:checkPooledByteBufAllocatorUseCacheForAllThreads(45)) - PERFORMANCE WARNING: useCacheForAllThreads is true that may cause Netty to create a lot garbage objects and, as a result, trigger GC.
	It is recommended to disable useCacheForAllThreads by setting -Dorg.apache.ratis.thirdparty.io.netty.allocator.useCacheForAllThreads=false in command line.
2020-10-09 12:53:54,869 [Listener at 127.0.0.1/36087] INFO  grpc.GrpcConfigKeys (ConfUtils.java:logGet(44)) - raft.grpc.server.port = 0 (default)
2020-10-09 12:53:54,869 [Listener at 127.0.0.1/36087] INFO  server.GrpcService (ConfUtils.java:logGet(44)) - raft.grpc.message.size.max = 32MB (=33554432) (custom)
2020-10-09 12:53:54,869 [Listener at 127.0.0.1/36087] INFO  server.RaftServerConfigKeys (ConfUtils.java:logGet(44)) - raft.server.log.appender.buffer.byte-limit = 33554432 (custom)
2020-10-09 12:53:54,869 [Listener at 127.0.0.1/36087] INFO  server.GrpcService (ConfUtils.java:logGet(44)) - raft.grpc.flow.control.window = 5MB (=5242880) (custom)
2020-10-09 12:53:54,869 [Listener at 127.0.0.1/36087] INFO  server.RaftServerConfigKeys (ConfUtils.java:logGet(44)) - raft.server.rpc.request.timeout = 3000ms (default)
2020-10-09 12:53:54,870 [Listener at 127.0.0.1/36087] INFO  server.RaftServerConfigKeys (ConfUtils.java:logGet(44)) - raft.server.storage.dir = [/github/workspace/mnt/ozone/hadoop-ozone/integration-test/target/test-dir/MiniOzoneClusterImpl-691c6000-d337-4848-84ec-e56c11f2c172/datanode-3/data/ratis] (custom)
2020-10-09 12:53:54,873 [Listener at 127.0.0.1/36087] INFO  http.BaseHttpServer (BaseHttpServer.java:newHttpServer2BuilderForOzone(207)) - Starting Web-server for hddsDatanode at: http://0.0.0.0:0
2020-10-09 12:53:54,873 [Listener at 127.0.0.1/36087] INFO  http.BaseHttpServer (BaseHttpServer.java:<init>(106)) - Hadoop Security Enabled: false Ozone Security Enabled: false Ozone HTTP Security Enabled: false 
2020-10-09 12:53:54,874 [Listener at 127.0.0.1/36087] INFO  server.AuthenticationFilter (AuthenticationFilter.java:constructSecretProvider(240)) - Unable to initialize FileSignerSecretProvider, falling back to use random secrets.
2020-10-09 12:53:54,875 [Listener at 127.0.0.1/36087] WARN  http.HttpRequestLog (HttpRequestLog.java:getRequestLog(103)) - Jetty request log can only be enabled using Log4j
2020-10-09 12:53:54,875 [Listener at 127.0.0.1/36087] INFO  http.HttpServer2 (HttpServer2.java:addGlobalFilter(1019)) - Added global filter 'safety' (class=org.apache.hadoop.hdds.server.http.HttpServer2$QuotingInputFilter)
2020-10-09 12:53:54,876 [Listener at 127.0.0.1/36087] INFO  http.HttpServer2 (HttpServer2.java:addFilter(995)) - Added filter static_user_filter (class=org.apache.hadoop.http.lib.StaticUserWebFilter$StaticUserFilter) to context hddsDatanode
2020-10-09 12:53:54,876 [Listener at 127.0.0.1/36087] INFO  http.HttpServer2 (HttpServer2.java:addFilter(1003)) - Added filter static_user_filter (class=org.apache.hadoop.http.lib.StaticUserWebFilter$StaticUserFilter) to context logs
2020-10-09 12:53:54,876 [Listener at 127.0.0.1/36087] INFO  http.HttpServer2 (HttpServer2.java:addFilter(1003)) - Added filter static_user_filter (class=org.apache.hadoop.http.lib.StaticUserWebFilter$StaticUserFilter) to context static
2020-10-09 12:53:54,876 [Listener at 127.0.0.1/36087] INFO  http.HttpServer2 (HttpServer2.java:bindListener(1237)) - Jetty bound to port 44759
2020-10-09 12:53:54,876 [Listener at 127.0.0.1/36087] INFO  server.Server (Server.java:doStart(359)) - jetty-9.4.26.v20200117; built: 2020-01-17T12:35:33.676Z; git: 7b38981d25d14afb4a12ff1f2596756144edf695; jvm 1.8.0_232-b09
2020-10-09 12:53:54,878 [Listener at 127.0.0.1/36087] INFO  server.session (DefaultSessionIdManager.java:doStart(333)) - DefaultSessionIdManager workerName=node0
2020-10-09 12:53:54,878 [Listener at 127.0.0.1/36087] INFO  server.session (DefaultSessionIdManager.java:doStart(338)) - No SessionScavenger set, using defaults
2020-10-09 12:53:54,878 [Listener at 127.0.0.1/36087] INFO  server.session (HouseKeeper.java:startScavenging(140)) - node0 Scavenging every 660000ms
2020-10-09 12:53:54,879 [Listener at 127.0.0.1/36087] INFO  handler.ContextHandler (ContextHandler.java:doStart(825)) - Started o.e.j.s.ServletContextHandler@12d644a6{logs,/logs,file:///github/workspace/mnt/ozone/hadoop-ozone/integration-test/target/log,AVAILABLE}
2020-10-09 12:53:54,879 [Listener at 127.0.0.1/36087] INFO  handler.ContextHandler (ContextHandler.java:doStart(825)) - Started o.e.j.s.ServletContextHandler@34ceabf1{static,/static,jar:file:/home/user/.m2/repository/org/apache/hadoop/hadoop-hdds-container-service/1.1.0-SNAPSHOT/hadoop-hdds-container-service-1.1.0-SNAPSHOT.jar!/webapps/static,AVAILABLE}
2020-10-09 12:53:55,022 [Listener at 127.0.0.1/36087] INFO  handler.ContextHandler (ContextHandler.java:doStart(825)) - Started o.e.j.w.WebAppContext@5f7a911f{hddsDatanode,/,file:///tmp/jetty-0_0_0_0-44759-hadoop-hdds-container-service-1_1_0-SNAPSHOT_jar-_-any-6278440096259886781.dir/webapp/,AVAILABLE}{jar:file:/home/user/.m2/repository/org/apache/hadoop/hadoop-hdds-container-service/1.1.0-SNAPSHOT/hadoop-hdds-container-service-1.1.0-SNAPSHOT.jar!/webapps/hddsDatanode}
2020-10-09 12:53:55,024 [Listener at 127.0.0.1/36087] INFO  server.AbstractConnector (AbstractConnector.java:doStart(330)) - Started ServerConnector@7babfd29{HTTP/1.1,[http/1.1]}{0.0.0.0:44759}
2020-10-09 12:53:55,024 [Listener at 127.0.0.1/36087] INFO  server.Server (Server.java:doStart(399)) - Started @138476ms
2020-10-09 12:53:55,024 [Listener at 127.0.0.1/36087] WARN  impl.MetricsSystemImpl (MetricsSystemImpl.java:register(276)) - Sink prometheus already exists!
2020-10-09 12:53:55,027 [Listener at 127.0.0.1/36087] INFO  http.BaseHttpServer (BaseHttpServer.java:updateConnectorAddress(327)) - HTTP server of hddsDatanode listening at http://0.0.0.0:44759
2020-10-09 12:53:55,028 [Listener at 127.0.0.1/36087] INFO  impl.MetricsSystemImpl (MetricsSystemImpl.java:init(158)) - HddsDatanode metrics system started (again)
2020-10-09 12:53:55,033 [Listener at 127.0.0.1/36087] INFO  ozone.HddsDatanodeService (HddsDatanodeService.java:start(217)) - HddsDatanodeService host:44394113892a ip:172.17.0.2
2020-10-09 12:53:55,033 [Listener at 127.0.0.1/36087] INFO  volume.HddsVolume (HddsVolume.java:<init>(176)) - Creating Volume: /github/workspace/mnt/ozone/hadoop-ozone/integration-test/target/test-dir/MiniOzoneClusterImpl-691c6000-d337-4848-84ec-e56c11f2c172/datanode-4/data-0/containers/hdds of storage type : DISK and capacity : 9223372036854775807
2020-10-09 12:53:55,034 [Listener at 127.0.0.1/36087] INFO  volume.MutableVolumeSet (MutableVolumeSet.java:initializeVolumeSet(179)) - Added Volume : /github/workspace/mnt/ozone/hadoop-ozone/integration-test/target/test-dir/MiniOzoneClusterImpl-691c6000-d337-4848-84ec-e56c11f2c172/datanode-4/data-0/containers/hdds to VolumeSet
2020-10-09 12:53:55,034 [Listener at 127.0.0.1/36087] INFO  volume.ThrottledAsyncChecker (ThrottledAsyncChecker.java:schedule(141)) - Scheduling a check for /github/workspace/mnt/ozone/hadoop-ozone/integration-test/target/test-dir/MiniOzoneClusterImpl-691c6000-d337-4848-84ec-e56c11f2c172/datanode-4/data-0/containers/hdds
2020-10-09 12:53:55,034 [Listener at 127.0.0.1/36087] INFO  volume.HddsVolumeChecker (HddsVolumeChecker.java:checkAllVolumes(200)) - Scheduled health check for volume /github/workspace/mnt/ozone/hadoop-ozone/integration-test/target/test-dir/MiniOzoneClusterImpl-691c6000-d337-4848-84ec-e56c11f2c172/datanode-4/data-0/containers/hdds
2020-10-09 12:53:55,049 [org.apache.hadoop.util.JvmPauseMonitor$Monitor@2646b818] INFO  util.JvmPauseMonitor (JvmPauseMonitor.java:run(188)) - Starting JVM pause monitor
2020-10-09 12:53:55,049 [Thread-1202] INFO  ozoneimpl.ContainerReader (ContainerReader.java:readVolume(123)) - Start to verify containers on volume /github/workspace/mnt/ozone/hadoop-ozone/integration-test/target/test-dir/MiniOzoneClusterImpl-691c6000-d337-4848-84ec-e56c11f2c172/datanode-4/data-0/containers/hdds
2020-10-09 12:53:55,049 [Thread-1202] INFO  ozoneimpl.ContainerReader (ContainerReader.java:readVolume(148)) - Finish verifying containers on volume /github/workspace/mnt/ozone/hadoop-ozone/integration-test/target/test-dir/MiniOzoneClusterImpl-691c6000-d337-4848-84ec-e56c11f2c172/datanode-4/data-0/containers/hdds
2020-10-09 12:53:55,049 [Listener at 127.0.0.1/36087] INFO  ozoneimpl.OzoneContainer (OzoneContainer.java:buildContainerSet(196)) - Build ContainerSet costs 0s
2020-10-09 12:53:55,051 [Listener at 127.0.0.1/36087] INFO  impl.RaftServerProxy (ConfUtils.java:logGet(44)) - raft.rpc.type = GRPC (default)
2020-10-09 12:53:55,051 [Listener at 127.0.0.1/36087] INFO  grpc.GrpcFactory (GrpcFactory.java:checkPooledByteBufAllocatorUseCacheForAllThreads(45)) - PERFORMANCE WARNING: useCacheForAllThreads is true that may cause Netty to create a lot garbage objects and, as a result, trigger GC.
	It is recommended to disable useCacheForAllThreads by setting -Dorg.apache.ratis.thirdparty.io.netty.allocator.useCacheForAllThreads=false in command line.
2020-10-09 12:53:55,051 [Listener at 127.0.0.1/36087] INFO  grpc.GrpcConfigKeys (ConfUtils.java:logGet(44)) - raft.grpc.server.port = 0 (default)
2020-10-09 12:53:55,052 [Listener at 127.0.0.1/36087] INFO  server.GrpcService (ConfUtils.java:logGet(44)) - raft.grpc.message.size.max = 32MB (=33554432) (custom)
2020-10-09 12:53:55,052 [Listener at 127.0.0.1/36087] INFO  server.RaftServerConfigKeys (ConfUtils.java:logGet(44)) - raft.server.log.appender.buffer.byte-limit = 33554432 (custom)
2020-10-09 12:53:55,052 [Listener at 127.0.0.1/36087] INFO  server.GrpcService (ConfUtils.java:logGet(44)) - raft.grpc.flow.control.window = 5MB (=5242880) (custom)
2020-10-09 12:53:55,052 [Listener at 127.0.0.1/36087] INFO  server.RaftServerConfigKeys (ConfUtils.java:logGet(44)) - raft.server.rpc.request.timeout = 3000ms (default)
2020-10-09 12:53:55,053 [Listener at 127.0.0.1/36087] INFO  server.RaftServerConfigKeys (ConfUtils.java:logGet(44)) - raft.server.storage.dir = [/github/workspace/mnt/ozone/hadoop-ozone/integration-test/target/test-dir/MiniOzoneClusterImpl-691c6000-d337-4848-84ec-e56c11f2c172/datanode-4/data/ratis] (custom)
2020-10-09 12:53:55,055 [Datanode State Machine Task Thread - 0] INFO  datanode.InitDatanodeState (InitDatanodeState.java:persistContainerDatanodeDetails(145)) - DatanodeDetails is persisted to /github/workspace/mnt/ozone/hadoop-ozone/integration-test/target/test-dir/MiniOzoneClusterImpl-691c6000-d337-4848-84ec-e56c11f2c172/datanode-3/meta/datanode.id
2020-10-09 12:53:55,057 [Listener at 127.0.0.1/36087] INFO  http.BaseHttpServer (BaseHttpServer.java:newHttpServer2BuilderForOzone(207)) - Starting Web-server for hddsDatanode at: http://0.0.0.0:0
2020-10-09 12:53:55,057 [Listener at 127.0.0.1/36087] INFO  http.BaseHttpServer (BaseHttpServer.java:<init>(106)) - Hadoop Security Enabled: false Ozone Security Enabled: false Ozone HTTP Security Enabled: false 
2020-10-09 12:53:55,058 [Listener at 127.0.0.1/36087] INFO  server.AuthenticationFilter (AuthenticationFilter.java:constructSecretProvider(240)) - Unable to initialize FileSignerSecretProvider, falling back to use random secrets.
2020-10-09 12:53:55,058 [Listener at 127.0.0.1/36087] WARN  http.HttpRequestLog (HttpRequestLog.java:getRequestLog(103)) - Jetty request log can only be enabled using Log4j
2020-10-09 12:53:55,059 [Listener at 127.0.0.1/36087] INFO  http.HttpServer2 (HttpServer2.java:addGlobalFilter(1019)) - Added global filter 'safety' (class=org.apache.hadoop.hdds.server.http.HttpServer2$QuotingInputFilter)
2020-10-09 12:53:55,060 [Listener at 127.0.0.1/36087] INFO  http.HttpServer2 (HttpServer2.java:addFilter(995)) - Added filter static_user_filter (class=org.apache.hadoop.http.lib.StaticUserWebFilter$StaticUserFilter) to context hddsDatanode
2020-10-09 12:53:55,060 [Listener at 127.0.0.1/36087] INFO  http.HttpServer2 (HttpServer2.java:addFilter(1003)) - Added filter static_user_filter (class=org.apache.hadoop.http.lib.StaticUserWebFilter$StaticUserFilter) to context logs
2020-10-09 12:53:55,060 [Listener at 127.0.0.1/36087] INFO  http.HttpServer2 (HttpServer2.java:addFilter(1003)) - Added filter static_user_filter (class=org.apache.hadoop.http.lib.StaticUserWebFilter$StaticUserFilter) to context static
2020-10-09 12:53:55,060 [Listener at 127.0.0.1/36087] INFO  http.HttpServer2 (HttpServer2.java:bindListener(1237)) - Jetty bound to port 33543
2020-10-09 12:53:55,061 [Listener at 127.0.0.1/36087] INFO  server.Server (Server.java:doStart(359)) - jetty-9.4.26.v20200117; built: 2020-01-17T12:35:33.676Z; git: 7b38981d25d14afb4a12ff1f2596756144edf695; jvm 1.8.0_232-b09
2020-10-09 12:53:55,063 [Listener at 127.0.0.1/36087] INFO  server.session (DefaultSessionIdManager.java:doStart(333)) - DefaultSessionIdManager workerName=node0
2020-10-09 12:53:55,063 [Listener at 127.0.0.1/36087] INFO  server.session (DefaultSessionIdManager.java:doStart(338)) - No SessionScavenger set, using defaults
2020-10-09 12:53:55,063 [Listener at 127.0.0.1/36087] INFO  server.session (HouseKeeper.java:startScavenging(140)) - node0 Scavenging every 600000ms
2020-10-09 12:53:55,064 [Listener at 127.0.0.1/36087] INFO  handler.ContextHandler (ContextHandler.java:doStart(825)) - Started o.e.j.s.ServletContextHandler@faa592b{logs,/logs,file:///github/workspace/mnt/ozone/hadoop-ozone/integration-test/target/log,AVAILABLE}
2020-10-09 12:53:55,064 [Listener at 127.0.0.1/36087] INFO  handler.ContextHandler (ContextHandler.java:doStart(825)) - Started o.e.j.s.ServletContextHandler@64123c4d{static,/static,jar:file:/home/user/.m2/repository/org/apache/hadoop/hadoop-hdds-container-service/1.1.0-SNAPSHOT/hadoop-hdds-container-service-1.1.0-SNAPSHOT.jar!/webapps/static,AVAILABLE}
2020-10-09 12:53:55,200 [Listener at 127.0.0.1/36087] INFO  handler.ContextHandler (ContextHandler.java:doStart(825)) - Started o.e.j.w.WebAppContext@7020deaa{hddsDatanode,/,file:///tmp/jetty-0_0_0_0-33543-hadoop-hdds-container-service-1_1_0-SNAPSHOT_jar-_-any-4915826029560952582.dir/webapp/,AVAILABLE}{jar:file:/home/user/.m2/repository/org/apache/hadoop/hadoop-hdds-container-service/1.1.0-SNAPSHOT/hadoop-hdds-container-service-1.1.0-SNAPSHOT.jar!/webapps/hddsDatanode}
2020-10-09 12:53:55,202 [Listener at 127.0.0.1/36087] INFO  server.AbstractConnector (AbstractConnector.java:doStart(330)) - Started ServerConnector@46808854{HTTP/1.1,[http/1.1]}{0.0.0.0:33543}
2020-10-09 12:53:55,202 [Listener at 127.0.0.1/36087] INFO  server.Server (Server.java:doStart(399)) - Started @138654ms
2020-10-09 12:53:55,202 [Listener at 127.0.0.1/36087] WARN  impl.MetricsSystemImpl (MetricsSystemImpl.java:register(276)) - Sink prometheus already exists!
2020-10-09 12:53:55,205 [Listener at 127.0.0.1/36087] INFO  http.BaseHttpServer (BaseHttpServer.java:updateConnectorAddress(327)) - HTTP server of hddsDatanode listening at http://0.0.0.0:33543
2020-10-09 12:53:55,211 [Listener at 127.0.0.1/36087] INFO  impl.MetricsSystemImpl (MetricsSystemImpl.java:init(158)) - HddsDatanode metrics system started (again)
2020-10-09 12:53:55,213 [Listener at 127.0.0.1/36087] INFO  ozone.HddsDatanodeService (HddsDatanodeService.java:start(217)) - HddsDatanodeService host:44394113892a ip:172.17.0.2
2020-10-09 12:53:55,220 [Listener at 127.0.0.1/36087] INFO  volume.HddsVolume (HddsVolume.java:<init>(176)) - Creating Volume: /github/workspace/mnt/ozone/hadoop-ozone/integration-test/target/test-dir/MiniOzoneClusterImpl-691c6000-d337-4848-84ec-e56c11f2c172/datanode-5/data-0/containers/hdds of storage type : DISK and capacity : 9223372036854775807
2020-10-09 12:53:55,220 [Listener at 127.0.0.1/36087] INFO  volume.MutableVolumeSet (MutableVolumeSet.java:initializeVolumeSet(179)) - Added Volume : /github/workspace/mnt/ozone/hadoop-ozone/integration-test/target/test-dir/MiniOzoneClusterImpl-691c6000-d337-4848-84ec-e56c11f2c172/datanode-5/data-0/containers/hdds to VolumeSet
2020-10-09 12:53:55,220 [Listener at 127.0.0.1/36087] INFO  volume.ThrottledAsyncChecker (ThrottledAsyncChecker.java:schedule(141)) - Scheduling a check for /github/workspace/mnt/ozone/hadoop-ozone/integration-test/target/test-dir/MiniOzoneClusterImpl-691c6000-d337-4848-84ec-e56c11f2c172/datanode-5/data-0/containers/hdds
2020-10-09 12:53:55,224 [Listener at 127.0.0.1/36087] INFO  volume.HddsVolumeChecker (HddsVolumeChecker.java:checkAllVolumes(200)) - Scheduled health check for volume /github/workspace/mnt/ozone/hadoop-ozone/integration-test/target/test-dir/MiniOzoneClusterImpl-691c6000-d337-4848-84ec-e56c11f2c172/datanode-5/data-0/containers/hdds
2020-10-09 12:53:55,243 [org.apache.hadoop.util.JvmPauseMonitor$Monitor@1e3c8f15] INFO  util.JvmPauseMonitor (JvmPauseMonitor.java:run(188)) - Starting JVM pause monitor
2020-10-09 12:53:55,244 [Thread-1211] INFO  ozoneimpl.ContainerReader (ContainerReader.java:readVolume(123)) - Start to verify containers on volume /github/workspace/mnt/ozone/hadoop-ozone/integration-test/target/test-dir/MiniOzoneClusterImpl-691c6000-d337-4848-84ec-e56c11f2c172/datanode-5/data-0/containers/hdds
2020-10-09 12:53:55,244 [Thread-1211] INFO  ozoneimpl.ContainerReader (ContainerReader.java:readVolume(148)) - Finish verifying containers on volume /github/workspace/mnt/ozone/hadoop-ozone/integration-test/target/test-dir/MiniOzoneClusterImpl-691c6000-d337-4848-84ec-e56c11f2c172/datanode-5/data-0/containers/hdds
2020-10-09 12:53:55,244 [Listener at 127.0.0.1/36087] INFO  ozoneimpl.OzoneContainer (OzoneContainer.java:buildContainerSet(196)) - Build ContainerSet costs 0s
2020-10-09 12:53:55,245 [Listener at 127.0.0.1/36087] INFO  impl.RaftServerProxy (ConfUtils.java:logGet(44)) - raft.rpc.type = GRPC (default)
2020-10-09 12:53:55,246 [Listener at 127.0.0.1/36087] INFO  grpc.GrpcFactory (GrpcFactory.java:checkPooledByteBufAllocatorUseCacheForAllThreads(45)) - PERFORMANCE WARNING: useCacheForAllThreads is true that may cause Netty to create a lot garbage objects and, as a result, trigger GC.
	It is recommended to disable useCacheForAllThreads by setting -Dorg.apache.ratis.thirdparty.io.netty.allocator.useCacheForAllThreads=false in command line.
2020-10-09 12:53:55,246 [Listener at 127.0.0.1/36087] INFO  grpc.GrpcConfigKeys (ConfUtils.java:logGet(44)) - raft.grpc.server.port = 0 (default)
2020-10-09 12:53:55,246 [Listener at 127.0.0.1/36087] INFO  server.GrpcService (ConfUtils.java:logGet(44)) - raft.grpc.message.size.max = 32MB (=33554432) (custom)
2020-10-09 12:53:55,246 [Listener at 127.0.0.1/36087] INFO  server.RaftServerConfigKeys (ConfUtils.java:logGet(44)) - raft.server.log.appender.buffer.byte-limit = 33554432 (custom)
2020-10-09 12:53:55,246 [Listener at 127.0.0.1/36087] INFO  server.GrpcService (ConfUtils.java:logGet(44)) - raft.grpc.flow.control.window = 5MB (=5242880) (custom)
2020-10-09 12:53:55,246 [Listener at 127.0.0.1/36087] INFO  server.RaftServerConfigKeys (ConfUtils.java:logGet(44)) - raft.server.rpc.request.timeout = 3000ms (default)
2020-10-09 12:53:55,247 [Listener at 127.0.0.1/36087] INFO  server.RaftServerConfigKeys (ConfUtils.java:logGet(44)) - raft.server.storage.dir = [/github/workspace/mnt/ozone/hadoop-ozone/integration-test/target/test-dir/MiniOzoneClusterImpl-691c6000-d337-4848-84ec-e56c11f2c172/datanode-5/data/ratis] (custom)
2020-10-09 12:53:55,250 [Datanode State Machine Task Thread - 0] INFO  datanode.InitDatanodeState (InitDatanodeState.java:persistContainerDatanodeDetails(145)) - DatanodeDetails is persisted to /github/workspace/mnt/ozone/hadoop-ozone/integration-test/target/test-dir/MiniOzoneClusterImpl-691c6000-d337-4848-84ec-e56c11f2c172/datanode-4/meta/datanode.id
2020-10-09 12:53:55,256 [Listener at 127.0.0.1/36087] INFO  http.BaseHttpServer (BaseHttpServer.java:newHttpServer2BuilderForOzone(207)) - Starting Web-server for hddsDatanode at: http://0.0.0.0:0
2020-10-09 12:53:55,256 [Listener at 127.0.0.1/36087] INFO  http.BaseHttpServer (BaseHttpServer.java:<init>(106)) - Hadoop Security Enabled: false Ozone Security Enabled: false Ozone HTTP Security Enabled: false 
2020-10-09 12:53:55,257 [Listener at 127.0.0.1/36087] INFO  server.AuthenticationFilter (AuthenticationFilter.java:constructSecretProvider(240)) - Unable to initialize FileSignerSecretProvider, falling back to use random secrets.
2020-10-09 12:53:55,258 [Listener at 127.0.0.1/36087] WARN  http.HttpRequestLog (HttpRequestLog.java:getRequestLog(103)) - Jetty request log can only be enabled using Log4j
2020-10-09 12:53:55,258 [Listener at 127.0.0.1/36087] INFO  http.HttpServer2 (HttpServer2.java:addGlobalFilter(1019)) - Added global filter 'safety' (class=org.apache.hadoop.hdds.server.http.HttpServer2$QuotingInputFilter)
2020-10-09 12:53:55,259 [Listener at 127.0.0.1/36087] INFO  http.HttpServer2 (HttpServer2.java:addFilter(995)) - Added filter static_user_filter (class=org.apache.hadoop.http.lib.StaticUserWebFilter$StaticUserFilter) to context hddsDatanode
2020-10-09 12:53:55,259 [Listener at 127.0.0.1/36087] INFO  http.HttpServer2 (HttpServer2.java:addFilter(1003)) - Added filter static_user_filter (class=org.apache.hadoop.http.lib.StaticUserWebFilter$StaticUserFilter) to context logs
2020-10-09 12:53:55,259 [Listener at 127.0.0.1/36087] INFO  http.HttpServer2 (HttpServer2.java:addFilter(1003)) - Added filter static_user_filter (class=org.apache.hadoop.http.lib.StaticUserWebFilter$StaticUserFilter) to context static
2020-10-09 12:53:55,259 [Listener at 127.0.0.1/36087] INFO  http.HttpServer2 (HttpServer2.java:bindListener(1237)) - Jetty bound to port 41731
2020-10-09 12:53:55,260 [Listener at 127.0.0.1/36087] INFO  server.Server (Server.java:doStart(359)) - jetty-9.4.26.v20200117; built: 2020-01-17T12:35:33.676Z; git: 7b38981d25d14afb4a12ff1f2596756144edf695; jvm 1.8.0_232-b09
2020-10-09 12:53:55,266 [Listener at 127.0.0.1/36087] INFO  server.session (DefaultSessionIdManager.java:doStart(333)) - DefaultSessionIdManager workerName=node0
2020-10-09 12:53:55,266 [Listener at 127.0.0.1/36087] INFO  server.session (DefaultSessionIdManager.java:doStart(338)) - No SessionScavenger set, using defaults
2020-10-09 12:53:55,266 [Listener at 127.0.0.1/36087] INFO  server.session (HouseKeeper.java:startScavenging(140)) - node0 Scavenging every 660000ms
2020-10-09 12:53:55,267 [Listener at 127.0.0.1/36087] INFO  handler.ContextHandler (ContextHandler.java:doStart(825)) - Started o.e.j.s.ServletContextHandler@4089505c{logs,/logs,file:///github/workspace/mnt/ozone/hadoop-ozone/integration-test/target/log,AVAILABLE}
2020-10-09 12:53:55,267 [Listener at 127.0.0.1/36087] INFO  handler.ContextHandler (ContextHandler.java:doStart(825)) - Started o.e.j.s.ServletContextHandler@6670d46e{static,/static,jar:file:/home/user/.m2/repository/org/apache/hadoop/hadoop-hdds-container-service/1.1.0-SNAPSHOT/hadoop-hdds-container-service-1.1.0-SNAPSHOT.jar!/webapps/static,AVAILABLE}
2020-10-09 12:53:55,405 [Listener at 127.0.0.1/36087] INFO  handler.ContextHandler (ContextHandler.java:doStart(825)) - Started o.e.j.w.WebAppContext@13e59265{hddsDatanode,/,file:///tmp/jetty-0_0_0_0-41731-hadoop-hdds-container-service-1_1_0-SNAPSHOT_jar-_-any-4716640198255018592.dir/webapp/,AVAILABLE}{jar:file:/home/user/.m2/repository/org/apache/hadoop/hadoop-hdds-container-service/1.1.0-SNAPSHOT/hadoop-hdds-container-service-1.1.0-SNAPSHOT.jar!/webapps/hddsDatanode}
2020-10-09 12:53:55,407 [Listener at 127.0.0.1/36087] INFO  server.AbstractConnector (AbstractConnector.java:doStart(330)) - Started ServerConnector@67fc98fe{HTTP/1.1,[http/1.1]}{0.0.0.0:41731}
2020-10-09 12:53:55,407 [Listener at 127.0.0.1/36087] INFO  server.Server (Server.java:doStart(399)) - Started @138859ms
2020-10-09 12:53:55,407 [Listener at 127.0.0.1/36087] WARN  impl.MetricsSystemImpl (MetricsSystemImpl.java:register(276)) - Sink prometheus already exists!
2020-10-09 12:53:55,410 [Listener at 127.0.0.1/36087] INFO  http.BaseHttpServer (BaseHttpServer.java:updateConnectorAddress(327)) - HTTP server of hddsDatanode listening at http://0.0.0.0:41731
2020-10-09 12:53:55,411 [Listener at 127.0.0.1/36087] INFO  impl.MetricsSystemImpl (MetricsSystemImpl.java:init(158)) - HddsDatanode metrics system started (again)
2020-10-09 12:53:55,413 [org.apache.hadoop.util.JvmPauseMonitor$Monitor@53aba8e5] INFO  util.JvmPauseMonitor (JvmPauseMonitor.java:run(188)) - Starting JVM pause monitor
2020-10-09 12:53:55,414 [Listener at 127.0.0.1/36087] INFO  ozone.HddsDatanodeService (HddsDatanodeService.java:start(217)) - HddsDatanodeService host:44394113892a ip:172.17.0.2
2020-10-09 12:53:55,416 [Datanode State Machine Task Thread - 0] INFO  datanode.InitDatanodeState (InitDatanodeState.java:persistContainerDatanodeDetails(145)) - DatanodeDetails is persisted to /github/workspace/mnt/ozone/hadoop-ozone/integration-test/target/test-dir/MiniOzoneClusterImpl-691c6000-d337-4848-84ec-e56c11f2c172/datanode-5/meta/datanode.id
2020-10-09 12:53:55,419 [Listener at 127.0.0.1/36087] INFO  volume.HddsVolume (HddsVolume.java:<init>(176)) - Creating Volume: /github/workspace/mnt/ozone/hadoop-ozone/integration-test/target/test-dir/MiniOzoneClusterImpl-691c6000-d337-4848-84ec-e56c11f2c172/datanode-6/data-0/containers/hdds of storage type : DISK and capacity : 9223372036854775807
2020-10-09 12:53:55,420 [Listener at 127.0.0.1/36087] INFO  volume.MutableVolumeSet (MutableVolumeSet.java:initializeVolumeSet(179)) - Added Volume : /github/workspace/mnt/ozone/hadoop-ozone/integration-test/target/test-dir/MiniOzoneClusterImpl-691c6000-d337-4848-84ec-e56c11f2c172/datanode-6/data-0/containers/hdds to VolumeSet
2020-10-09 12:53:55,420 [Listener at 127.0.0.1/36087] INFO  volume.ThrottledAsyncChecker (ThrottledAsyncChecker.java:schedule(141)) - Scheduling a check for /github/workspace/mnt/ozone/hadoop-ozone/integration-test/target/test-dir/MiniOzoneClusterImpl-691c6000-d337-4848-84ec-e56c11f2c172/datanode-6/data-0/containers/hdds
2020-10-09 12:53:55,423 [Listener at 127.0.0.1/36087] INFO  volume.HddsVolumeChecker (HddsVolumeChecker.java:checkAllVolumes(200)) - Scheduled health check for volume /github/workspace/mnt/ozone/hadoop-ozone/integration-test/target/test-dir/MiniOzoneClusterImpl-691c6000-d337-4848-84ec-e56c11f2c172/datanode-6/data-0/containers/hdds
2020-10-09 12:53:55,437 [Thread-1224] INFO  ozoneimpl.ContainerReader (ContainerReader.java:readVolume(123)) - Start to verify containers on volume /github/workspace/mnt/ozone/hadoop-ozone/integration-test/target/test-dir/MiniOzoneClusterImpl-691c6000-d337-4848-84ec-e56c11f2c172/datanode-6/data-0/containers/hdds
2020-10-09 12:53:55,437 [Thread-1224] INFO  ozoneimpl.ContainerReader (ContainerReader.java:readVolume(148)) - Finish verifying containers on volume /github/workspace/mnt/ozone/hadoop-ozone/integration-test/target/test-dir/MiniOzoneClusterImpl-691c6000-d337-4848-84ec-e56c11f2c172/datanode-6/data-0/containers/hdds
2020-10-09 12:53:55,437 [Listener at 127.0.0.1/36087] INFO  ozoneimpl.OzoneContainer (OzoneContainer.java:buildContainerSet(196)) - Build ContainerSet costs 0s
2020-10-09 12:53:55,438 [Listener at 127.0.0.1/36087] INFO  impl.RaftServerProxy (ConfUtils.java:logGet(44)) - raft.rpc.type = GRPC (default)
2020-10-09 12:53:55,438 [Listener at 127.0.0.1/36087] INFO  grpc.GrpcFactory (GrpcFactory.java:checkPooledByteBufAllocatorUseCacheForAllThreads(45)) - PERFORMANCE WARNING: useCacheForAllThreads is true that may cause Netty to create a lot garbage objects and, as a result, trigger GC.
	It is recommended to disable useCacheForAllThreads by setting -Dorg.apache.ratis.thirdparty.io.netty.allocator.useCacheForAllThreads=false in command line.
2020-10-09 12:53:55,439 [Listener at 127.0.0.1/36087] INFO  grpc.GrpcConfigKeys (ConfUtils.java:logGet(44)) - raft.grpc.server.port = 0 (default)
2020-10-09 12:53:55,439 [Listener at 127.0.0.1/36087] INFO  server.GrpcService (ConfUtils.java:logGet(44)) - raft.grpc.message.size.max = 32MB (=33554432) (custom)
2020-10-09 12:53:55,439 [Listener at 127.0.0.1/36087] INFO  server.RaftServerConfigKeys (ConfUtils.java:logGet(44)) - raft.server.log.appender.buffer.byte-limit = 33554432 (custom)
2020-10-09 12:53:55,439 [Listener at 127.0.0.1/36087] INFO  server.GrpcService (ConfUtils.java:logGet(44)) - raft.grpc.flow.control.window = 5MB (=5242880) (custom)
2020-10-09 12:53:55,439 [Listener at 127.0.0.1/36087] INFO  server.RaftServerConfigKeys (ConfUtils.java:logGet(44)) - raft.server.rpc.request.timeout = 3000ms (default)
2020-10-09 12:53:55,440 [Listener at 127.0.0.1/36087] INFO  server.RaftServerConfigKeys (ConfUtils.java:logGet(44)) - raft.server.storage.dir = [/github/workspace/mnt/ozone/hadoop-ozone/integration-test/target/test-dir/MiniOzoneClusterImpl-691c6000-d337-4848-84ec-e56c11f2c172/datanode-6/data/ratis] (custom)
2020-10-09 12:53:55,444 [Listener at 127.0.0.1/36087] INFO  http.BaseHttpServer (BaseHttpServer.java:newHttpServer2BuilderForOzone(207)) - Starting Web-server for hddsDatanode at: http://0.0.0.0:0
2020-10-09 12:53:55,444 [Listener at 127.0.0.1/36087] INFO  http.BaseHttpServer (BaseHttpServer.java:<init>(106)) - Hadoop Security Enabled: false Ozone Security Enabled: false Ozone HTTP Security Enabled: false 
2020-10-09 12:53:55,445 [Listener at 127.0.0.1/36087] INFO  server.AuthenticationFilter (AuthenticationFilter.java:constructSecretProvider(240)) - Unable to initialize FileSignerSecretProvider, falling back to use random secrets.
2020-10-09 12:53:55,445 [Listener at 127.0.0.1/36087] WARN  http.HttpRequestLog (HttpRequestLog.java:getRequestLog(103)) - Jetty request log can only be enabled using Log4j
2020-10-09 12:53:55,446 [Listener at 127.0.0.1/36087] INFO  http.HttpServer2 (HttpServer2.java:addGlobalFilter(1019)) - Added global filter 'safety' (class=org.apache.hadoop.hdds.server.http.HttpServer2$QuotingInputFilter)
2020-10-09 12:53:55,446 [Listener at 127.0.0.1/36087] INFO  http.HttpServer2 (HttpServer2.java:addFilter(995)) - Added filter static_user_filter (class=org.apache.hadoop.http.lib.StaticUserWebFilter$StaticUserFilter) to context hddsDatanode
2020-10-09 12:53:55,446 [Listener at 127.0.0.1/36087] INFO  http.HttpServer2 (HttpServer2.java:addFilter(1003)) - Added filter static_user_filter (class=org.apache.hadoop.http.lib.StaticUserWebFilter$StaticUserFilter) to context logs
2020-10-09 12:53:55,446 [Listener at 127.0.0.1/36087] INFO  http.HttpServer2 (HttpServer2.java:addFilter(1003)) - Added filter static_user_filter (class=org.apache.hadoop.http.lib.StaticUserWebFilter$StaticUserFilter) to context static
2020-10-09 12:53:55,447 [Listener at 127.0.0.1/36087] INFO  http.HttpServer2 (HttpServer2.java:bindListener(1237)) - Jetty bound to port 35593
2020-10-09 12:53:55,447 [Listener at 127.0.0.1/36087] INFO  server.Server (Server.java:doStart(359)) - jetty-9.4.26.v20200117; built: 2020-01-17T12:35:33.676Z; git: 7b38981d25d14afb4a12ff1f2596756144edf695; jvm 1.8.0_232-b09
2020-10-09 12:53:55,448 [Listener at 127.0.0.1/36087] INFO  server.session (DefaultSessionIdManager.java:doStart(333)) - DefaultSessionIdManager workerName=node0
2020-10-09 12:53:55,448 [Listener at 127.0.0.1/36087] INFO  server.session (DefaultSessionIdManager.java:doStart(338)) - No SessionScavenger set, using defaults
2020-10-09 12:53:55,448 [Listener at 127.0.0.1/36087] INFO  server.session (HouseKeeper.java:startScavenging(140)) - node0 Scavenging every 660000ms
2020-10-09 12:53:55,449 [Listener at 127.0.0.1/36087] INFO  handler.ContextHandler (ContextHandler.java:doStart(825)) - Started o.e.j.s.ServletContextHandler@575dab37{logs,/logs,file:///github/workspace/mnt/ozone/hadoop-ozone/integration-test/target/log,AVAILABLE}
2020-10-09 12:53:55,449 [Listener at 127.0.0.1/36087] INFO  handler.ContextHandler (ContextHandler.java:doStart(825)) - Started o.e.j.s.ServletContextHandler@3c32105c{static,/static,jar:file:/home/user/.m2/repository/org/apache/hadoop/hadoop-hdds-container-service/1.1.0-SNAPSHOT/hadoop-hdds-container-service-1.1.0-SNAPSHOT.jar!/webapps/static,AVAILABLE}
2020-10-09 12:53:55,585 [Listener at 127.0.0.1/36087] INFO  handler.ContextHandler (ContextHandler.java:doStart(825)) - Started o.e.j.w.WebAppContext@620978eb{hddsDatanode,/,file:///tmp/jetty-0_0_0_0-35593-hadoop-hdds-container-service-1_1_0-SNAPSHOT_jar-_-any-206953139990375494.dir/webapp/,AVAILABLE}{jar:file:/home/user/.m2/repository/org/apache/hadoop/hadoop-hdds-container-service/1.1.0-SNAPSHOT/hadoop-hdds-container-service-1.1.0-SNAPSHOT.jar!/webapps/hddsDatanode}
2020-10-09 12:53:55,586 [Listener at 127.0.0.1/36087] INFO  server.AbstractConnector (AbstractConnector.java:doStart(330)) - Started ServerConnector@6f3af541{HTTP/1.1,[http/1.1]}{0.0.0.0:35593}
2020-10-09 12:53:55,586 [Listener at 127.0.0.1/36087] INFO  server.Server (Server.java:doStart(399)) - Started @139038ms
2020-10-09 12:53:55,586 [Listener at 127.0.0.1/36087] WARN  impl.MetricsSystemImpl (MetricsSystemImpl.java:register(276)) - Sink prometheus already exists!
2020-10-09 12:53:55,589 [Listener at 127.0.0.1/36087] INFO  http.BaseHttpServer (BaseHttpServer.java:updateConnectorAddress(327)) - HTTP server of hddsDatanode listening at http://0.0.0.0:35593
2020-10-09 12:53:55,592 [Listener at 127.0.0.1/36087] INFO  impl.MetricsSystemImpl (MetricsSystemImpl.java:init(158)) - HddsDatanode metrics system started (again)
2020-10-09 12:53:55,594 [Listener at 127.0.0.1/36087] INFO  ozone.HddsDatanodeService (HddsDatanodeService.java:start(217)) - HddsDatanodeService host:44394113892a ip:172.17.0.2
2020-10-09 12:53:55,600 [Listener at 127.0.0.1/36087] INFO  volume.HddsVolume (HddsVolume.java:<init>(176)) - Creating Volume: /github/workspace/mnt/ozone/hadoop-ozone/integration-test/target/test-dir/MiniOzoneClusterImpl-691c6000-d337-4848-84ec-e56c11f2c172/datanode-7/data-0/containers/hdds of storage type : DISK and capacity : 9223372036854775807
2020-10-09 12:53:55,600 [Listener at 127.0.0.1/36087] INFO  volume.MutableVolumeSet (MutableVolumeSet.java:initializeVolumeSet(179)) - Added Volume : /github/workspace/mnt/ozone/hadoop-ozone/integration-test/target/test-dir/MiniOzoneClusterImpl-691c6000-d337-4848-84ec-e56c11f2c172/datanode-7/data-0/containers/hdds to VolumeSet
2020-10-09 12:53:55,600 [Listener at 127.0.0.1/36087] INFO  volume.ThrottledAsyncChecker (ThrottledAsyncChecker.java:schedule(141)) - Scheduling a check for /github/workspace/mnt/ozone/hadoop-ozone/integration-test/target/test-dir/MiniOzoneClusterImpl-691c6000-d337-4848-84ec-e56c11f2c172/datanode-7/data-0/containers/hdds
2020-10-09 12:53:55,610 [Listener at 127.0.0.1/36087] INFO  volume.HddsVolumeChecker (HddsVolumeChecker.java:checkAllVolumes(200)) - Scheduled health check for volume /github/workspace/mnt/ozone/hadoop-ozone/integration-test/target/test-dir/MiniOzoneClusterImpl-691c6000-d337-4848-84ec-e56c11f2c172/datanode-7/data-0/containers/hdds
2020-10-09 12:53:55,610 [org.apache.hadoop.util.JvmPauseMonitor$Monitor@7249c06d] INFO  util.JvmPauseMonitor (JvmPauseMonitor.java:run(188)) - Starting JVM pause monitor
2020-10-09 12:53:55,616 [Datanode State Machine Task Thread - 0] INFO  datanode.InitDatanodeState (InitDatanodeState.java:persistContainerDatanodeDetails(145)) - DatanodeDetails is persisted to /github/workspace/mnt/ozone/hadoop-ozone/integration-test/target/test-dir/MiniOzoneClusterImpl-691c6000-d337-4848-84ec-e56c11f2c172/datanode-6/meta/datanode.id
2020-10-09 12:53:55,623 [Thread-1235] INFO  ozoneimpl.ContainerReader (ContainerReader.java:readVolume(123)) - Start to verify containers on volume /github/workspace/mnt/ozone/hadoop-ozone/integration-test/target/test-dir/MiniOzoneClusterImpl-691c6000-d337-4848-84ec-e56c11f2c172/datanode-7/data-0/containers/hdds
2020-10-09 12:53:55,623 [Thread-1235] INFO  ozoneimpl.ContainerReader (ContainerReader.java:readVolume(148)) - Finish verifying containers on volume /github/workspace/mnt/ozone/hadoop-ozone/integration-test/target/test-dir/MiniOzoneClusterImpl-691c6000-d337-4848-84ec-e56c11f2c172/datanode-7/data-0/containers/hdds
2020-10-09 12:53:55,623 [Listener at 127.0.0.1/36087] INFO  ozoneimpl.OzoneContainer (OzoneContainer.java:buildContainerSet(196)) - Build ContainerSet costs 0s
2020-10-09 12:53:55,625 [Listener at 127.0.0.1/36087] INFO  impl.RaftServerProxy (ConfUtils.java:logGet(44)) - raft.rpc.type = GRPC (default)
2020-10-09 12:53:55,625 [Listener at 127.0.0.1/36087] INFO  grpc.GrpcFactory (GrpcFactory.java:checkPooledByteBufAllocatorUseCacheForAllThreads(45)) - PERFORMANCE WARNING: useCacheForAllThreads is true that may cause Netty to create a lot garbage objects and, as a result, trigger GC.
	It is recommended to disable useCacheForAllThreads by setting -Dorg.apache.ratis.thirdparty.io.netty.allocator.useCacheForAllThreads=false in command line.
2020-10-09 12:53:55,625 [Listener at 127.0.0.1/36087] INFO  grpc.GrpcConfigKeys (ConfUtils.java:logGet(44)) - raft.grpc.server.port = 0 (default)
2020-10-09 12:53:55,625 [Listener at 127.0.0.1/36087] INFO  server.GrpcService (ConfUtils.java:logGet(44)) - raft.grpc.message.size.max = 32MB (=33554432) (custom)
2020-10-09 12:53:55,625 [Listener at 127.0.0.1/36087] INFO  server.RaftServerConfigKeys (ConfUtils.java:logGet(44)) - raft.server.log.appender.buffer.byte-limit = 33554432 (custom)
2020-10-09 12:53:55,625 [Listener at 127.0.0.1/36087] INFO  server.GrpcService (ConfUtils.java:logGet(44)) - raft.grpc.flow.control.window = 5MB (=5242880) (custom)
2020-10-09 12:53:55,626 [Listener at 127.0.0.1/36087] INFO  server.RaftServerConfigKeys (ConfUtils.java:logGet(44)) - raft.server.rpc.request.timeout = 3000ms (default)
2020-10-09 12:53:55,626 [Listener at 127.0.0.1/36087] INFO  server.RaftServerConfigKeys (ConfUtils.java:logGet(44)) - raft.server.storage.dir = [/github/workspace/mnt/ozone/hadoop-ozone/integration-test/target/test-dir/MiniOzoneClusterImpl-691c6000-d337-4848-84ec-e56c11f2c172/datanode-7/data/ratis] (custom)
2020-10-09 12:53:55,630 [Listener at 127.0.0.1/36087] INFO  http.BaseHttpServer (BaseHttpServer.java:newHttpServer2BuilderForOzone(207)) - Starting Web-server for hddsDatanode at: http://0.0.0.0:0
2020-10-09 12:53:55,630 [Listener at 127.0.0.1/36087] INFO  http.BaseHttpServer (BaseHttpServer.java:<init>(106)) - Hadoop Security Enabled: false Ozone Security Enabled: false Ozone HTTP Security Enabled: false 
2020-10-09 12:53:55,631 [Listener at 127.0.0.1/36087] INFO  server.AuthenticationFilter (AuthenticationFilter.java:constructSecretProvider(240)) - Unable to initialize FileSignerSecretProvider, falling back to use random secrets.
2020-10-09 12:53:55,631 [Listener at 127.0.0.1/36087] WARN  http.HttpRequestLog (HttpRequestLog.java:getRequestLog(103)) - Jetty request log can only be enabled using Log4j
2020-10-09 12:53:55,632 [Listener at 127.0.0.1/36087] INFO  http.HttpServer2 (HttpServer2.java:addGlobalFilter(1019)) - Added global filter 'safety' (class=org.apache.hadoop.hdds.server.http.HttpServer2$QuotingInputFilter)
2020-10-09 12:53:55,633 [Listener at 127.0.0.1/36087] INFO  http.HttpServer2 (HttpServer2.java:addFilter(995)) - Added filter static_user_filter (class=org.apache.hadoop.http.lib.StaticUserWebFilter$StaticUserFilter) to context hddsDatanode
2020-10-09 12:53:55,633 [Listener at 127.0.0.1/36087] INFO  http.HttpServer2 (HttpServer2.java:addFilter(1003)) - Added filter static_user_filter (class=org.apache.hadoop.http.lib.StaticUserWebFilter$StaticUserFilter) to context logs
2020-10-09 12:53:55,633 [Listener at 127.0.0.1/36087] INFO  http.HttpServer2 (HttpServer2.java:addFilter(1003)) - Added filter static_user_filter (class=org.apache.hadoop.http.lib.StaticUserWebFilter$StaticUserFilter) to context static
2020-10-09 12:53:55,633 [Listener at 127.0.0.1/36087] INFO  http.HttpServer2 (HttpServer2.java:bindListener(1237)) - Jetty bound to port 35961
2020-10-09 12:53:55,633 [Listener at 127.0.0.1/36087] INFO  server.Server (Server.java:doStart(359)) - jetty-9.4.26.v20200117; built: 2020-01-17T12:35:33.676Z; git: 7b38981d25d14afb4a12ff1f2596756144edf695; jvm 1.8.0_232-b09
2020-10-09 12:53:55,640 [Listener at 127.0.0.1/36087] INFO  server.session (DefaultSessionIdManager.java:doStart(333)) - DefaultSessionIdManager workerName=node0
2020-10-09 12:53:55,640 [Listener at 127.0.0.1/36087] INFO  server.session (DefaultSessionIdManager.java:doStart(338)) - No SessionScavenger set, using defaults
2020-10-09 12:53:55,640 [Listener at 127.0.0.1/36087] INFO  server.session (HouseKeeper.java:startScavenging(140)) - node0 Scavenging every 660000ms
2020-10-09 12:53:55,644 [Listener at 127.0.0.1/36087] INFO  handler.ContextHandler (ContextHandler.java:doStart(825)) - Started o.e.j.s.ServletContextHandler@6fe37577{logs,/logs,file:///github/workspace/mnt/ozone/hadoop-ozone/integration-test/target/log,AVAILABLE}
2020-10-09 12:53:55,644 [Listener at 127.0.0.1/36087] INFO  handler.ContextHandler (ContextHandler.java:doStart(825)) - Started o.e.j.s.ServletContextHandler@1546a589{static,/static,jar:file:/home/user/.m2/repository/org/apache/hadoop/hadoop-hdds-container-service/1.1.0-SNAPSHOT/hadoop-hdds-container-service-1.1.0-SNAPSHOT.jar!/webapps/static,AVAILABLE}
2020-10-09 12:53:55,780 [Listener at 127.0.0.1/36087] INFO  handler.ContextHandler (ContextHandler.java:doStart(825)) - Started o.e.j.w.WebAppContext@11675922{hddsDatanode,/,file:///tmp/jetty-0_0_0_0-35961-hadoop-hdds-container-service-1_1_0-SNAPSHOT_jar-_-any-9207523287817955443.dir/webapp/,AVAILABLE}{jar:file:/home/user/.m2/repository/org/apache/hadoop/hadoop-hdds-container-service/1.1.0-SNAPSHOT/hadoop-hdds-container-service-1.1.0-SNAPSHOT.jar!/webapps/hddsDatanode}
2020-10-09 12:53:55,782 [Listener at 127.0.0.1/36087] INFO  server.AbstractConnector (AbstractConnector.java:doStart(330)) - Started ServerConnector@4d9ef371{HTTP/1.1,[http/1.1]}{0.0.0.0:35961}
2020-10-09 12:53:55,782 [Listener at 127.0.0.1/36087] INFO  server.Server (Server.java:doStart(399)) - Started @139234ms
2020-10-09 12:53:55,782 [Listener at 127.0.0.1/36087] WARN  impl.MetricsSystemImpl (MetricsSystemImpl.java:register(276)) - Sink prometheus already exists!
2020-10-09 12:53:55,785 [Listener at 127.0.0.1/36087] INFO  http.BaseHttpServer (BaseHttpServer.java:updateConnectorAddress(327)) - HTTP server of hddsDatanode listening at http://0.0.0.0:35961
2020-10-09 12:53:55,787 [Listener at 127.0.0.1/36087] INFO  impl.MetricsSystemImpl (MetricsSystemImpl.java:init(158)) - HddsDatanode metrics system started (again)
2020-10-09 12:53:55,792 [Listener at 127.0.0.1/36087] INFO  ozone.HddsDatanodeService (HddsDatanodeService.java:start(217)) - HddsDatanodeService host:44394113892a ip:172.17.0.2
2020-10-09 12:53:55,792 [org.apache.hadoop.util.JvmPauseMonitor$Monitor@18c844b6] INFO  util.JvmPauseMonitor (JvmPauseMonitor.java:run(188)) - Starting JVM pause monitor
2020-10-09 12:53:55,793 [Listener at 127.0.0.1/36087] INFO  volume.HddsVolume (HddsVolume.java:<init>(176)) - Creating Volume: /github/workspace/mnt/ozone/hadoop-ozone/integration-test/target/test-dir/MiniOzoneClusterImpl-691c6000-d337-4848-84ec-e56c11f2c172/datanode-8/data-0/containers/hdds of storage type : DISK and capacity : 9223372036854775807
2020-10-09 12:53:55,793 [Listener at 127.0.0.1/36087] INFO  volume.MutableVolumeSet (MutableVolumeSet.java:initializeVolumeSet(179)) - Added Volume : /github/workspace/mnt/ozone/hadoop-ozone/integration-test/target/test-dir/MiniOzoneClusterImpl-691c6000-d337-4848-84ec-e56c11f2c172/datanode-8/data-0/containers/hdds to VolumeSet
2020-10-09 12:53:55,793 [Listener at 127.0.0.1/36087] INFO  volume.ThrottledAsyncChecker (ThrottledAsyncChecker.java:schedule(141)) - Scheduling a check for /github/workspace/mnt/ozone/hadoop-ozone/integration-test/target/test-dir/MiniOzoneClusterImpl-691c6000-d337-4848-84ec-e56c11f2c172/datanode-8/data-0/containers/hdds
2020-10-09 12:53:55,794 [Listener at 127.0.0.1/36087] INFO  volume.HddsVolumeChecker (HddsVolumeChecker.java:checkAllVolumes(200)) - Scheduled health check for volume /github/workspace/mnt/ozone/hadoop-ozone/integration-test/target/test-dir/MiniOzoneClusterImpl-691c6000-d337-4848-84ec-e56c11f2c172/datanode-8/data-0/containers/hdds
2020-10-09 12:53:55,796 [Datanode State Machine Task Thread - 0] INFO  datanode.InitDatanodeState (InitDatanodeState.java:persistContainerDatanodeDetails(145)) - DatanodeDetails is persisted to /github/workspace/mnt/ozone/hadoop-ozone/integration-test/target/test-dir/MiniOzoneClusterImpl-691c6000-d337-4848-84ec-e56c11f2c172/datanode-7/meta/datanode.id
2020-10-09 12:53:55,806 [Thread-1246] INFO  ozoneimpl.ContainerReader (ContainerReader.java:readVolume(123)) - Start to verify containers on volume /github/workspace/mnt/ozone/hadoop-ozone/integration-test/target/test-dir/MiniOzoneClusterImpl-691c6000-d337-4848-84ec-e56c11f2c172/datanode-8/data-0/containers/hdds
2020-10-09 12:53:55,806 [Thread-1246] INFO  ozoneimpl.ContainerReader (ContainerReader.java:readVolume(148)) - Finish verifying containers on volume /github/workspace/mnt/ozone/hadoop-ozone/integration-test/target/test-dir/MiniOzoneClusterImpl-691c6000-d337-4848-84ec-e56c11f2c172/datanode-8/data-0/containers/hdds
2020-10-09 12:53:55,806 [Listener at 127.0.0.1/36087] INFO  ozoneimpl.OzoneContainer (OzoneContainer.java:buildContainerSet(196)) - Build ContainerSet costs 0s
2020-10-09 12:53:55,808 [Listener at 127.0.0.1/36087] INFO  impl.RaftServerProxy (ConfUtils.java:logGet(44)) - raft.rpc.type = GRPC (default)
2020-10-09 12:53:55,808 [Listener at 127.0.0.1/36087] INFO  grpc.GrpcFactory (GrpcFactory.java:checkPooledByteBufAllocatorUseCacheForAllThreads(45)) - PERFORMANCE WARNING: useCacheForAllThreads is true that may cause Netty to create a lot garbage objects and, as a result, trigger GC.
	It is recommended to disable useCacheForAllThreads by setting -Dorg.apache.ratis.thirdparty.io.netty.allocator.useCacheForAllThreads=false in command line.
2020-10-09 12:53:55,808 [Listener at 127.0.0.1/36087] INFO  grpc.GrpcConfigKeys (ConfUtils.java:logGet(44)) - raft.grpc.server.port = 0 (default)
2020-10-09 12:53:55,808 [Listener at 127.0.0.1/36087] INFO  server.GrpcService (ConfUtils.java:logGet(44)) - raft.grpc.message.size.max = 32MB (=33554432) (custom)
2020-10-09 12:53:55,808 [Listener at 127.0.0.1/36087] INFO  server.RaftServerConfigKeys (ConfUtils.java:logGet(44)) - raft.server.log.appender.buffer.byte-limit = 33554432 (custom)
2020-10-09 12:53:55,808 [Listener at 127.0.0.1/36087] INFO  server.GrpcService (ConfUtils.java:logGet(44)) - raft.grpc.flow.control.window = 5MB (=5242880) (custom)
2020-10-09 12:53:55,809 [Listener at 127.0.0.1/36087] INFO  server.RaftServerConfigKeys (ConfUtils.java:logGet(44)) - raft.server.rpc.request.timeout = 3000ms (default)
2020-10-09 12:53:55,809 [Listener at 127.0.0.1/36087] INFO  server.RaftServerConfigKeys (ConfUtils.java:logGet(44)) - raft.server.storage.dir = [/github/workspace/mnt/ozone/hadoop-ozone/integration-test/target/test-dir/MiniOzoneClusterImpl-691c6000-d337-4848-84ec-e56c11f2c172/datanode-8/data/ratis] (custom)
2020-10-09 12:53:55,814 [Listener at 127.0.0.1/36087] INFO  http.BaseHttpServer (BaseHttpServer.java:newHttpServer2BuilderForOzone(207)) - Starting Web-server for hddsDatanode at: http://0.0.0.0:0
2020-10-09 12:53:55,814 [Listener at 127.0.0.1/36087] INFO  http.BaseHttpServer (BaseHttpServer.java:<init>(106)) - Hadoop Security Enabled: false Ozone Security Enabled: false Ozone HTTP Security Enabled: false 
2020-10-09 12:53:55,815 [Listener at 127.0.0.1/36087] INFO  server.AuthenticationFilter (AuthenticationFilter.java:constructSecretProvider(240)) - Unable to initialize FileSignerSecretProvider, falling back to use random secrets.
2020-10-09 12:53:55,815 [Listener at 127.0.0.1/36087] WARN  http.HttpRequestLog (HttpRequestLog.java:getRequestLog(103)) - Jetty request log can only be enabled using Log4j
2020-10-09 12:53:55,816 [Listener at 127.0.0.1/36087] INFO  http.HttpServer2 (HttpServer2.java:addGlobalFilter(1019)) - Added global filter 'safety' (class=org.apache.hadoop.hdds.server.http.HttpServer2$QuotingInputFilter)
2020-10-09 12:53:55,816 [Listener at 127.0.0.1/36087] INFO  http.HttpServer2 (HttpServer2.java:addFilter(995)) - Added filter static_user_filter (class=org.apache.hadoop.http.lib.StaticUserWebFilter$StaticUserFilter) to context hddsDatanode
2020-10-09 12:53:55,816 [Listener at 127.0.0.1/36087] INFO  http.HttpServer2 (HttpServer2.java:addFilter(1003)) - Added filter static_user_filter (class=org.apache.hadoop.http.lib.StaticUserWebFilter$StaticUserFilter) to context static
2020-10-09 12:53:55,816 [Listener at 127.0.0.1/36087] INFO  http.HttpServer2 (HttpServer2.java:addFilter(1003)) - Added filter static_user_filter (class=org.apache.hadoop.http.lib.StaticUserWebFilter$StaticUserFilter) to context logs
2020-10-09 12:53:55,817 [Listener at 127.0.0.1/36087] INFO  http.HttpServer2 (HttpServer2.java:bindListener(1237)) - Jetty bound to port 35565
2020-10-09 12:53:55,817 [Listener at 127.0.0.1/36087] INFO  server.Server (Server.java:doStart(359)) - jetty-9.4.26.v20200117; built: 2020-01-17T12:35:33.676Z; git: 7b38981d25d14afb4a12ff1f2596756144edf695; jvm 1.8.0_232-b09
2020-10-09 12:53:55,818 [Listener at 127.0.0.1/36087] INFO  server.session (DefaultSessionIdManager.java:doStart(333)) - DefaultSessionIdManager workerName=node0
2020-10-09 12:53:55,818 [Listener at 127.0.0.1/36087] INFO  server.session (DefaultSessionIdManager.java:doStart(338)) - No SessionScavenger set, using defaults
2020-10-09 12:53:55,819 [Listener at 127.0.0.1/36087] INFO  server.session (HouseKeeper.java:startScavenging(140)) - node0 Scavenging every 600000ms
2020-10-09 12:53:55,819 [Listener at 127.0.0.1/36087] INFO  handler.ContextHandler (ContextHandler.java:doStart(825)) - Started o.e.j.s.ServletContextHandler@7986302f{logs,/logs,file:///github/workspace/mnt/ozone/hadoop-ozone/integration-test/target/log,AVAILABLE}
2020-10-09 12:53:55,820 [Listener at 127.0.0.1/36087] INFO  handler.ContextHandler (ContextHandler.java:doStart(825)) - Started o.e.j.s.ServletContextHandler@66716c60{static,/static,jar:file:/home/user/.m2/repository/org/apache/hadoop/hadoop-hdds-container-service/1.1.0-SNAPSHOT/hadoop-hdds-container-service-1.1.0-SNAPSHOT.jar!/webapps/static,AVAILABLE}
2020-10-09 12:53:55,957 [Listener at 127.0.0.1/36087] INFO  handler.ContextHandler (ContextHandler.java:doStart(825)) - Started o.e.j.w.WebAppContext@2c3f9229{hddsDatanode,/,file:///tmp/jetty-0_0_0_0-35565-hadoop-hdds-container-service-1_1_0-SNAPSHOT_jar-_-any-2412739259475644469.dir/webapp/,AVAILABLE}{jar:file:/home/user/.m2/repository/org/apache/hadoop/hadoop-hdds-container-service/1.1.0-SNAPSHOT/hadoop-hdds-container-service-1.1.0-SNAPSHOT.jar!/webapps/hddsDatanode}
2020-10-09 12:53:55,959 [Listener at 127.0.0.1/36087] INFO  server.AbstractConnector (AbstractConnector.java:doStart(330)) - Started ServerConnector@398c2298{HTTP/1.1,[http/1.1]}{0.0.0.0:35565}
2020-10-09 12:53:55,959 [Listener at 127.0.0.1/36087] INFO  server.Server (Server.java:doStart(399)) - Started @139411ms
2020-10-09 12:53:55,959 [Listener at 127.0.0.1/36087] WARN  impl.MetricsSystemImpl (MetricsSystemImpl.java:register(276)) - Sink prometheus already exists!
2020-10-09 12:53:55,962 [Listener at 127.0.0.1/36087] INFO  http.BaseHttpServer (BaseHttpServer.java:updateConnectorAddress(327)) - HTTP server of hddsDatanode listening at http://0.0.0.0:35565
2020-10-09 12:53:55,964 [Listener at 127.0.0.1/36087] INFO  ozone.MiniOzoneClusterImpl (MiniOzoneClusterImpl.java:lambda$waitForClusterToBeReady$0(177)) - Waiting for nodes to be ready. Got 0 of 9 DN Heartbeats.
2020-10-09 12:53:55,964 [Listener at 127.0.0.1/36087] INFO  ozone.MiniOzoneClusterImpl (MiniOzoneClusterImpl.java:lambda$waitForClusterToBeReady$0(180)) - Waiting for cluster to exit safe mode
2020-10-09 12:53:55,967 [org.apache.hadoop.util.JvmPauseMonitor$Monitor@4873b30c] INFO  util.JvmPauseMonitor (JvmPauseMonitor.java:run(188)) - Starting JVM pause monitor
2020-10-09 12:53:55,968 [Datanode State Machine Task Thread - 0] INFO  datanode.InitDatanodeState (InitDatanodeState.java:persistContainerDatanodeDetails(145)) - DatanodeDetails is persisted to /github/workspace/mnt/ozone/hadoop-ozone/integration-test/target/test-dir/MiniOzoneClusterImpl-691c6000-d337-4848-84ec-e56c11f2c172/datanode-8/meta/datanode.id
2020-10-09 12:53:56,501 [Datanode State Machine Task Thread - 1] INFO  ozoneimpl.OzoneContainer (OzoneContainer.java:start(245)) - Attempting to start container services.
2020-10-09 12:53:56,501 [Datanode State Machine Task Thread - 1] INFO  ozoneimpl.OzoneContainer (OzoneContainer.java:startContainerScrub(209)) - Background container scanner has been disabled.
2020-10-09 12:53:56,501 [Datanode State Machine Task Thread - 1] INFO  ratis.XceiverServerRatis (XceiverServerRatis.java:start(440)) - Starting XceiverServerRatis 630ef14c-7f18-435b-8dbc-84d96446fc51 at port 0
2020-10-09 12:53:56,502 [Datanode State Machine Task Thread - 1] INFO  impl.RaftServerProxy (RaftServerProxy.java:lambda$start$3(307)) - 630ef14c-7f18-435b-8dbc-84d96446fc51: start RPC server
2020-10-09 12:53:56,503 [Datanode State Machine Task Thread - 1] INFO  server.GrpcService (GrpcService.java:startImpl(177)) - 630ef14c-7f18-435b-8dbc-84d96446fc51: GrpcService started, listening on 0.0.0.0/0.0.0.0:34737
2020-10-09 12:53:56,503 [Datanode State Machine Task Thread - 1] INFO  ratis.XceiverServerRatis (XceiverServerRatis.java:start(452)) - XceiverServerRatis 630ef14c-7f18-435b-8dbc-84d96446fc51 is started using port 34737
2020-10-09 12:53:56,503 [Datanode State Machine Task Thread - 1] INFO  server.XceiverServerGrpc (XceiverServerGrpc.java:start(145)) - XceiverServerGrpc 630ef14c-7f18-435b-8dbc-84d96446fc51 is started using port 38711
2020-10-09 12:53:56,672 [Datanode State Machine Task Thread - 1] INFO  ozoneimpl.OzoneContainer (OzoneContainer.java:start(245)) - Attempting to start container services.
2020-10-09 12:53:56,672 [Datanode State Machine Task Thread - 1] INFO  ozoneimpl.OzoneContainer (OzoneContainer.java:startContainerScrub(209)) - Background container scanner has been disabled.
2020-10-09 12:53:56,672 [Datanode State Machine Task Thread - 1] INFO  ratis.XceiverServerRatis (XceiverServerRatis.java:start(440)) - Starting XceiverServerRatis 45ecfedc-f1ca-4ee4-92ac-24908ad068c6 at port 0
2020-10-09 12:53:56,673 [Datanode State Machine Task Thread - 1] INFO  impl.RaftServerProxy (RaftServerProxy.java:lambda$start$3(307)) - 45ecfedc-f1ca-4ee4-92ac-24908ad068c6: start RPC server
2020-10-09 12:53:56,674 [Datanode State Machine Task Thread - 1] INFO  server.GrpcService (GrpcService.java:startImpl(177)) - 45ecfedc-f1ca-4ee4-92ac-24908ad068c6: GrpcService started, listening on 0.0.0.0/0.0.0.0:39189
2020-10-09 12:53:56,674 [Datanode State Machine Task Thread - 1] INFO  ratis.XceiverServerRatis (XceiverServerRatis.java:start(452)) - XceiverServerRatis 45ecfedc-f1ca-4ee4-92ac-24908ad068c6 is started using port 39189
2020-10-09 12:53:56,675 [Datanode State Machine Task Thread - 1] INFO  server.XceiverServerGrpc (XceiverServerGrpc.java:start(145)) - XceiverServerGrpc 45ecfedc-f1ca-4ee4-92ac-24908ad068c6 is started using port 41411
2020-10-09 12:53:56,854 [Datanode State Machine Task Thread - 1] INFO  ozoneimpl.OzoneContainer (OzoneContainer.java:start(245)) - Attempting to start container services.
2020-10-09 12:53:56,854 [Datanode State Machine Task Thread - 1] INFO  ozoneimpl.OzoneContainer (OzoneContainer.java:startContainerScrub(209)) - Background container scanner has been disabled.
2020-10-09 12:53:56,854 [Datanode State Machine Task Thread - 1] INFO  ratis.XceiverServerRatis (XceiverServerRatis.java:start(440)) - Starting XceiverServerRatis 38f48239-bc06-46da-ac74-74ed7351a0a0 at port 0
2020-10-09 12:53:56,859 [Datanode State Machine Task Thread - 1] INFO  impl.RaftServerProxy (RaftServerProxy.java:lambda$start$3(307)) - 38f48239-bc06-46da-ac74-74ed7351a0a0: start RPC server
2020-10-09 12:53:56,861 [Datanode State Machine Task Thread - 1] INFO  server.GrpcService (GrpcService.java:startImpl(177)) - 38f48239-bc06-46da-ac74-74ed7351a0a0: GrpcService started, listening on 0.0.0.0/0.0.0.0:41897
2020-10-09 12:53:56,861 [Datanode State Machine Task Thread - 1] INFO  ratis.XceiverServerRatis (XceiverServerRatis.java:start(452)) - XceiverServerRatis 38f48239-bc06-46da-ac74-74ed7351a0a0 is started using port 41897
2020-10-09 12:53:56,861 [Datanode State Machine Task Thread - 1] INFO  server.XceiverServerGrpc (XceiverServerGrpc.java:start(145)) - XceiverServerGrpc 38f48239-bc06-46da-ac74-74ed7351a0a0 is started using port 43389
2020-10-09 12:53:56,965 [Listener at 127.0.0.1/36087] INFO  ozone.MiniOzoneClusterImpl (MiniOzoneClusterImpl.java:lambda$waitForClusterToBeReady$0(177)) - Waiting for nodes to be ready. Got 0 of 9 DN Heartbeats.
2020-10-09 12:53:56,965 [Listener at 127.0.0.1/36087] INFO  ozone.MiniOzoneClusterImpl (MiniOzoneClusterImpl.java:lambda$waitForClusterToBeReady$0(180)) - Waiting for cluster to exit safe mode
2020-10-09 12:53:57,050 [Datanode State Machine Task Thread - 1] INFO  ozoneimpl.OzoneContainer (OzoneContainer.java:start(245)) - Attempting to start container services.
2020-10-09 12:53:57,051 [Datanode State Machine Task Thread - 1] INFO  ozoneimpl.OzoneContainer (OzoneContainer.java:startContainerScrub(209)) - Background container scanner has been disabled.
2020-10-09 12:53:57,051 [Datanode State Machine Task Thread - 1] INFO  ratis.XceiverServerRatis (XceiverServerRatis.java:start(440)) - Starting XceiverServerRatis 5e659369-1ee8-49c0-87c0-5752057ef24d at port 0
2020-10-09 12:53:57,064 [Datanode State Machine Task Thread - 1] INFO  impl.RaftServerProxy (RaftServerProxy.java:lambda$start$3(307)) - 5e659369-1ee8-49c0-87c0-5752057ef24d: start RPC server
2020-10-09 12:53:57,064 [Datanode State Machine Task Thread - 1] INFO  server.GrpcService (GrpcService.java:startImpl(177)) - 5e659369-1ee8-49c0-87c0-5752057ef24d: GrpcService started, listening on 0.0.0.0/0.0.0.0:37457
2020-10-09 12:53:57,064 [Datanode State Machine Task Thread - 1] INFO  ratis.XceiverServerRatis (XceiverServerRatis.java:start(452)) - XceiverServerRatis 5e659369-1ee8-49c0-87c0-5752057ef24d is started using port 37457
2020-10-09 12:53:57,065 [Datanode State Machine Task Thread - 1] INFO  server.XceiverServerGrpc (XceiverServerGrpc.java:start(145)) - XceiverServerGrpc 5e659369-1ee8-49c0-87c0-5752057ef24d is started using port 37563
2020-10-09 12:53:57,250 [Datanode State Machine Task Thread - 1] INFO  ozoneimpl.OzoneContainer (OzoneContainer.java:start(245)) - Attempting to start container services.
2020-10-09 12:53:57,251 [Datanode State Machine Task Thread - 1] INFO  ozoneimpl.OzoneContainer (OzoneContainer.java:startContainerScrub(209)) - Background container scanner has been disabled.
2020-10-09 12:53:57,251 [Datanode State Machine Task Thread - 1] INFO  ratis.XceiverServerRatis (XceiverServerRatis.java:start(440)) - Starting XceiverServerRatis ba372c3f-ca6e-4b22-85c8-8c60b51fa7c9 at port 0
2020-10-09 12:53:57,261 [Datanode State Machine Task Thread - 1] INFO  impl.RaftServerProxy (RaftServerProxy.java:lambda$start$3(307)) - ba372c3f-ca6e-4b22-85c8-8c60b51fa7c9: start RPC server
2020-10-09 12:53:57,261 [Datanode State Machine Task Thread - 1] INFO  server.GrpcService (GrpcService.java:startImpl(177)) - ba372c3f-ca6e-4b22-85c8-8c60b51fa7c9: GrpcService started, listening on 0.0.0.0/0.0.0.0:42215
2020-10-09 12:53:57,261 [Datanode State Machine Task Thread - 1] INFO  ratis.XceiverServerRatis (XceiverServerRatis.java:start(452)) - XceiverServerRatis ba372c3f-ca6e-4b22-85c8-8c60b51fa7c9 is started using port 42215
2020-10-09 12:53:57,262 [Datanode State Machine Task Thread - 1] INFO  server.XceiverServerGrpc (XceiverServerGrpc.java:start(145)) - XceiverServerGrpc ba372c3f-ca6e-4b22-85c8-8c60b51fa7c9 is started using port 45609
2020-10-09 12:53:57,415 [Datanode State Machine Task Thread - 1] INFO  ozoneimpl.OzoneContainer (OzoneContainer.java:start(245)) - Attempting to start container services.
2020-10-09 12:53:57,416 [Datanode State Machine Task Thread - 1] INFO  ozoneimpl.OzoneContainer (OzoneContainer.java:startContainerScrub(209)) - Background container scanner has been disabled.
2020-10-09 12:53:57,416 [Datanode State Machine Task Thread - 1] INFO  ratis.XceiverServerRatis (XceiverServerRatis.java:start(440)) - Starting XceiverServerRatis b183437e-7ee0-4740-aae6-e25f1cff2701 at port 0
2020-10-09 12:53:57,422 [Datanode State Machine Task Thread - 1] INFO  impl.RaftServerProxy (RaftServerProxy.java:lambda$start$3(307)) - b183437e-7ee0-4740-aae6-e25f1cff2701: start RPC server
2020-10-09 12:53:57,423 [Datanode State Machine Task Thread - 1] INFO  server.GrpcService (GrpcService.java:startImpl(177)) - b183437e-7ee0-4740-aae6-e25f1cff2701: GrpcService started, listening on 0.0.0.0/0.0.0.0:37195
2020-10-09 12:53:57,423 [Datanode State Machine Task Thread - 1] INFO  ratis.XceiverServerRatis (XceiverServerRatis.java:start(452)) - XceiverServerRatis b183437e-7ee0-4740-aae6-e25f1cff2701 is started using port 37195
2020-10-09 12:53:57,423 [Datanode State Machine Task Thread - 1] INFO  server.XceiverServerGrpc (XceiverServerGrpc.java:start(145)) - XceiverServerGrpc b183437e-7ee0-4740-aae6-e25f1cff2701 is started using port 37501
2020-10-09 12:53:57,613 [Datanode State Machine Task Thread - 1] INFO  ozoneimpl.OzoneContainer (OzoneContainer.java:start(245)) - Attempting to start container services.
2020-10-09 12:53:57,613 [Datanode State Machine Task Thread - 1] INFO  ozoneimpl.OzoneContainer (OzoneContainer.java:startContainerScrub(209)) - Background container scanner has been disabled.
2020-10-09 12:53:57,613 [Datanode State Machine Task Thread - 1] INFO  ratis.XceiverServerRatis (XceiverServerRatis.java:start(440)) - Starting XceiverServerRatis 146dba11-3af2-48c9-b098-f83fb2b86474 at port 0
2020-10-09 12:53:57,614 [Datanode State Machine Task Thread - 1] INFO  impl.RaftServerProxy (RaftServerProxy.java:lambda$start$3(307)) - 146dba11-3af2-48c9-b098-f83fb2b86474: start RPC server
2020-10-09 12:53:57,615 [Datanode State Machine Task Thread - 1] INFO  server.GrpcService (GrpcService.java:startImpl(177)) - 146dba11-3af2-48c9-b098-f83fb2b86474: GrpcService started, listening on 0.0.0.0/0.0.0.0:39109
2020-10-09 12:53:57,615 [Datanode State Machine Task Thread - 1] INFO  ratis.XceiverServerRatis (XceiverServerRatis.java:start(452)) - XceiverServerRatis 146dba11-3af2-48c9-b098-f83fb2b86474 is started using port 39109
2020-10-09 12:53:57,615 [Datanode State Machine Task Thread - 1] INFO  server.XceiverServerGrpc (XceiverServerGrpc.java:start(145)) - XceiverServerGrpc 146dba11-3af2-48c9-b098-f83fb2b86474 is started using port 36773
2020-10-09 12:53:57,794 [Datanode State Machine Task Thread - 1] INFO  ozoneimpl.OzoneContainer (OzoneContainer.java:start(245)) - Attempting to start container services.
2020-10-09 12:53:57,794 [Datanode State Machine Task Thread - 1] INFO  ozoneimpl.OzoneContainer (OzoneContainer.java:startContainerScrub(209)) - Background container scanner has been disabled.
2020-10-09 12:53:57,794 [Datanode State Machine Task Thread - 1] INFO  ratis.XceiverServerRatis (XceiverServerRatis.java:start(440)) - Starting XceiverServerRatis 2d5c9c0a-908d-48fd-9559-afc140b75ed5 at port 0
2020-10-09 12:53:57,795 [Datanode State Machine Task Thread - 1] INFO  impl.RaftServerProxy (RaftServerProxy.java:lambda$start$3(307)) - 2d5c9c0a-908d-48fd-9559-afc140b75ed5: start RPC server
2020-10-09 12:53:57,796 [Datanode State Machine Task Thread - 1] INFO  server.GrpcService (GrpcService.java:startImpl(177)) - 2d5c9c0a-908d-48fd-9559-afc140b75ed5: GrpcService started, listening on 0.0.0.0/0.0.0.0:34891
2020-10-09 12:53:57,796 [Datanode State Machine Task Thread - 1] INFO  ratis.XceiverServerRatis (XceiverServerRatis.java:start(452)) - XceiverServerRatis 2d5c9c0a-908d-48fd-9559-afc140b75ed5 is started using port 34891
2020-10-09 12:53:57,796 [Datanode State Machine Task Thread - 1] INFO  server.XceiverServerGrpc (XceiverServerGrpc.java:start(145)) - XceiverServerGrpc 2d5c9c0a-908d-48fd-9559-afc140b75ed5 is started using port 34421
2020-10-09 12:53:57,965 [Listener at 127.0.0.1/36087] INFO  ozone.MiniOzoneClusterImpl (MiniOzoneClusterImpl.java:lambda$waitForClusterToBeReady$0(177)) - Waiting for nodes to be ready. Got 0 of 9 DN Heartbeats.
2020-10-09 12:53:57,965 [Listener at 127.0.0.1/36087] INFO  ozone.MiniOzoneClusterImpl (MiniOzoneClusterImpl.java:lambda$waitForClusterToBeReady$0(180)) - Waiting for cluster to exit safe mode
2020-10-09 12:53:57,970 [Datanode State Machine Task Thread - 1] INFO  ozoneimpl.OzoneContainer (OzoneContainer.java:start(245)) - Attempting to start container services.
2020-10-09 12:53:57,970 [Datanode State Machine Task Thread - 1] INFO  ozoneimpl.OzoneContainer (OzoneContainer.java:startContainerScrub(209)) - Background container scanner has been disabled.
2020-10-09 12:53:57,970 [Datanode State Machine Task Thread - 1] INFO  ratis.XceiverServerRatis (XceiverServerRatis.java:start(440)) - Starting XceiverServerRatis e60f7882-dbbd-427b-9f02-c7597dd940f1 at port 0
2020-10-09 12:53:57,971 [Datanode State Machine Task Thread - 1] INFO  impl.RaftServerProxy (RaftServerProxy.java:lambda$start$3(307)) - e60f7882-dbbd-427b-9f02-c7597dd940f1: start RPC server
2020-10-09 12:53:57,972 [Datanode State Machine Task Thread - 1] INFO  server.GrpcService (GrpcService.java:startImpl(177)) - e60f7882-dbbd-427b-9f02-c7597dd940f1: GrpcService started, listening on 0.0.0.0/0.0.0.0:46159
2020-10-09 12:53:57,972 [Datanode State Machine Task Thread - 1] INFO  ratis.XceiverServerRatis (XceiverServerRatis.java:start(452)) - XceiverServerRatis e60f7882-dbbd-427b-9f02-c7597dd940f1 is started using port 46159
2020-10-09 12:53:57,972 [Datanode State Machine Task Thread - 1] INFO  server.XceiverServerGrpc (XceiverServerGrpc.java:start(145)) - XceiverServerGrpc e60f7882-dbbd-427b-9f02-c7597dd940f1 is started using port 38589
2020-10-09 12:53:58,497 [IPC Server handler 2 on default port 37115] INFO  net.NetworkTopologyImpl (NetworkTopologyImpl.java:add(111)) - Added a new node: /default-rack/630ef14c-7f18-435b-8dbc-84d96446fc51
2020-10-09 12:53:58,499 [IPC Server handler 2 on default port 37115] INFO  node.SCMNodeManager (SCMNodeManager.java:register(282)) - Registered Data node : 630ef14c-7f18-435b-8dbc-84d96446fc51{ip: 172.17.0.2, host: 44394113892a, networkLocation: /default-rack, certSerialId: null}
2020-10-09 12:53:58,499 [RatisPipelineUtilsThread] INFO  pipeline.RatisPipelineProvider (RatisPipelineProvider.java:lambda$create$0(138)) - Sending CreatePipelineCommand for pipeline:PipelineID=16e98871-9ea0-4689-b382-fd4e3a1b154e to datanode:630ef14c-7f18-435b-8dbc-84d96446fc51
2020-10-09 12:53:58,500 [EventQueue-NodeRegistrationContainerReportForDataNodeSafeModeRule] INFO  safemode.SCMSafeModeManager (DataNodeSafeModeRule.java:process(71)) - SCM in safe mode. 1 DataNodes registered, 1 required.
2020-10-09 12:53:58,500 [EventQueue-NodeRegistrationContainerReportForDataNodeSafeModeRule] INFO  safemode.SCMSafeModeManager (SCMSafeModeManager.java:validateSafeModeExitRules(214)) - DataNodeSafeModeRule rule is successfully validated
2020-10-09 12:53:58,500 [EventQueue-NodeRegistrationContainerReportForDataNodeSafeModeRule] INFO  safemode.SCMSafeModeManager (SCMSafeModeManager.java:completePreCheck(242)) - All SCM safe mode pre check rules have passed
2020-10-09 12:53:58,501 [RatisPipelineUtilsThread] INFO  pipeline.PipelineStateManager (PipelineStateManager.java:addPipeline(54)) - Created pipeline Pipeline[ Id: 16e98871-9ea0-4689-b382-fd4e3a1b154e, Nodes: 630ef14c-7f18-435b-8dbc-84d96446fc51{ip: 172.17.0.2, host: 44394113892a, networkLocation: /default-rack, certSerialId: null}, Type:RATIS, Factor:ONE, State:ALLOCATED, leaderId:, CreationTimestamp2020-10-09T12:53:58.499Z]
2020-10-09 12:53:58,504 [EventQueue-NodeRegistrationContainerReportForContainerSafeModeRule] INFO  safemode.SCMSafeModeManager (SCMSafeModeManager.java:validateSafeModeExitRules(214)) - ContainerSafeModeRule rule is successfully validated
2020-10-09 12:53:58,504 [RatisPipelineUtilsThread] WARN  pipeline.PipelinePlacementPolicy (PipelinePlacementPolicy.java:filterViableNodes(138)) - Pipeline creation failed due to no sufficient healthy datanodes. Required 3. Found 1.
2020-10-09 12:53:58,673 [IPC Server handler 3 on default port 37115] INFO  net.NetworkTopologyImpl (NetworkTopologyImpl.java:add(111)) - Added a new node: /default-rack/45ecfedc-f1ca-4ee4-92ac-24908ad068c6
2020-10-09 12:53:58,673 [IPC Server handler 3 on default port 37115] INFO  node.SCMNodeManager (SCMNodeManager.java:register(282)) - Registered Data node : 45ecfedc-f1ca-4ee4-92ac-24908ad068c6{ip: 172.17.0.2, host: 44394113892a, networkLocation: /default-rack, certSerialId: null}
2020-10-09 12:53:58,674 [EventQueue-NodeRegistrationContainerReportForContainerSafeModeRule] INFO  safemode.SCMSafeModeManager (SCMSafeModeManager.java:validateSafeModeExitRules(214)) - ContainerSafeModeRule rule is successfully validated
2020-10-09 12:53:58,674 [EventQueue-NodeRegistrationContainerReportForDataNodeSafeModeRule] INFO  safemode.SCMSafeModeManager (SCMSafeModeManager.java:validateSafeModeExitRules(214)) - DataNodeSafeModeRule rule is successfully validated
2020-10-09 12:53:58,674 [RatisPipelineUtilsThread] INFO  pipeline.RatisPipelineProvider (RatisPipelineProvider.java:lambda$create$0(138)) - Sending CreatePipelineCommand for pipeline:PipelineID=81109f46-b9cb-4ad9-8f7f-84a301199869 to datanode:45ecfedc-f1ca-4ee4-92ac-24908ad068c6
2020-10-09 12:53:58,675 [RatisPipelineUtilsThread] INFO  pipeline.PipelineStateManager (PipelineStateManager.java:addPipeline(54)) - Created pipeline Pipeline[ Id: 81109f46-b9cb-4ad9-8f7f-84a301199869, Nodes: 45ecfedc-f1ca-4ee4-92ac-24908ad068c6{ip: 172.17.0.2, host: 44394113892a, networkLocation: /default-rack, certSerialId: null}, Type:RATIS, Factor:ONE, State:ALLOCATED, leaderId:, CreationTimestamp2020-10-09T12:53:58.674Z]
2020-10-09 12:53:58,675 [RatisPipelineUtilsThread] WARN  pipeline.PipelinePlacementPolicy (PipelinePlacementPolicy.java:filterViableNodes(138)) - Pipeline creation failed due to no sufficient healthy datanodes. Required 3. Found 2.
2020-10-09 12:53:58,853 [IPC Server handler 4 on default port 37115] INFO  net.NetworkTopologyImpl (NetworkTopologyImpl.java:add(111)) - Added a new node: /default-rack/38f48239-bc06-46da-ac74-74ed7351a0a0
2020-10-09 12:53:58,853 [IPC Server handler 4 on default port 37115] INFO  node.SCMNodeManager (SCMNodeManager.java:register(282)) - Registered Data node : 38f48239-bc06-46da-ac74-74ed7351a0a0{ip: 172.17.0.2, host: 44394113892a, networkLocation: /default-rack, certSerialId: null}
2020-10-09 12:53:58,853 [RatisPipelineUtilsThread] INFO  pipeline.RatisPipelineProvider (RatisPipelineProvider.java:lambda$create$0(138)) - Sending CreatePipelineCommand for pipeline:PipelineID=197b757a-e183-4b17-9416-b2ecea19d339 to datanode:38f48239-bc06-46da-ac74-74ed7351a0a0
2020-10-09 12:53:58,853 [EventQueue-NodeRegistrationContainerReportForContainerSafeModeRule] INFO  safemode.SCMSafeModeManager (SCMSafeModeManager.java:validateSafeModeExitRules(214)) - ContainerSafeModeRule rule is successfully validated
2020-10-09 12:53:58,853 [RatisPipelineUtilsThread] INFO  pipeline.PipelineStateManager (PipelineStateManager.java:addPipeline(54)) - Created pipeline Pipeline[ Id: 197b757a-e183-4b17-9416-b2ecea19d339, Nodes: 38f48239-bc06-46da-ac74-74ed7351a0a0{ip: 172.17.0.2, host: 44394113892a, networkLocation: /default-rack, certSerialId: null}, Type:RATIS, Factor:ONE, State:ALLOCATED, leaderId:, CreationTimestamp2020-10-09T12:53:58.853Z]
2020-10-09 12:53:58,854 [RatisPipelineUtilsThread] INFO  pipeline.RatisPipelineProvider (RatisPipelineProvider.java:lambda$create$0(138)) - Sending CreatePipelineCommand for pipeline:PipelineID=00658d78-ed27-4808-a5ae-8a46abbcfb7d to datanode:630ef14c-7f18-435b-8dbc-84d96446fc51
2020-10-09 12:53:58,854 [RatisPipelineUtilsThread] INFO  pipeline.RatisPipelineProvider (RatisPipelineProvider.java:lambda$create$0(138)) - Sending CreatePipelineCommand for pipeline:PipelineID=00658d78-ed27-4808-a5ae-8a46abbcfb7d to datanode:45ecfedc-f1ca-4ee4-92ac-24908ad068c6
2020-10-09 12:53:58,854 [RatisPipelineUtilsThread] INFO  pipeline.RatisPipelineProvider (RatisPipelineProvider.java:lambda$create$0(138)) - Sending CreatePipelineCommand for pipeline:PipelineID=00658d78-ed27-4808-a5ae-8a46abbcfb7d to datanode:38f48239-bc06-46da-ac74-74ed7351a0a0
2020-10-09 12:53:58,854 [RatisPipelineUtilsThread] INFO  pipeline.PipelineStateManager (PipelineStateManager.java:addPipeline(54)) - Created pipeline Pipeline[ Id: 00658d78-ed27-4808-a5ae-8a46abbcfb7d, Nodes: 630ef14c-7f18-435b-8dbc-84d96446fc51{ip: 172.17.0.2, host: 44394113892a, networkLocation: /default-rack, certSerialId: null}45ecfedc-f1ca-4ee4-92ac-24908ad068c6{ip: 172.17.0.2, host: 44394113892a, networkLocation: /default-rack, certSerialId: null}38f48239-bc06-46da-ac74-74ed7351a0a0{ip: 172.17.0.2, host: 44394113892a, networkLocation: /default-rack, certSerialId: null}, Type:RATIS, Factor:THREE, State:ALLOCATED, leaderId:, CreationTimestamp2020-10-09T12:53:58.854Z]
2020-10-09 12:53:58,854 [EventQueue-NodeRegistrationContainerReportForDataNodeSafeModeRule] INFO  safemode.SCMSafeModeManager (SCMSafeModeManager.java:validateSafeModeExitRules(214)) - DataNodeSafeModeRule rule is successfully validated
2020-10-09 12:53:58,965 [Listener at 127.0.0.1/36087] INFO  ozone.MiniOzoneClusterImpl (MiniOzoneClusterImpl.java:lambda$waitForClusterToBeReady$0(177)) - Waiting for nodes to be ready. Got 3 of 9 DN Heartbeats.
2020-10-09 12:53:58,967 [Listener at 127.0.0.1/36087] INFO  ozone.MiniOzoneClusterImpl (MiniOzoneClusterImpl.java:lambda$waitForClusterToBeReady$0(180)) - Waiting for cluster to exit safe mode
2020-10-09 12:53:59,049 [IPC Server handler 5 on default port 37115] INFO  net.NetworkTopologyImpl (NetworkTopologyImpl.java:add(111)) - Added a new node: /default-rack/5e659369-1ee8-49c0-87c0-5752057ef24d
2020-10-09 12:53:59,050 [IPC Server handler 5 on default port 37115] INFO  node.SCMNodeManager (SCMNodeManager.java:register(282)) - Registered Data node : 5e659369-1ee8-49c0-87c0-5752057ef24d{ip: 172.17.0.2, host: 44394113892a, networkLocation: /default-rack, certSerialId: null}
2020-10-09 12:53:59,050 [EventQueue-NodeRegistrationContainerReportForDataNodeSafeModeRule] INFO  safemode.SCMSafeModeManager (SCMSafeModeManager.java:validateSafeModeExitRules(214)) - DataNodeSafeModeRule rule is successfully validated
2020-10-09 12:53:59,050 [EventQueue-NodeRegistrationContainerReportForContainerSafeModeRule] INFO  safemode.SCMSafeModeManager (SCMSafeModeManager.java:validateSafeModeExitRules(214)) - ContainerSafeModeRule rule is successfully validated
2020-10-09 12:53:59,050 [RatisPipelineUtilsThread] INFO  pipeline.RatisPipelineProvider (RatisPipelineProvider.java:lambda$create$0(138)) - Sending CreatePipelineCommand for pipeline:PipelineID=a15ff165-ded0-4b0b-ae9a-7ce5fb7f8d79 to datanode:5e659369-1ee8-49c0-87c0-5752057ef24d
2020-10-09 12:53:59,051 [RatisPipelineUtilsThread] INFO  pipeline.PipelineStateManager (PipelineStateManager.java:addPipeline(54)) - Created pipeline Pipeline[ Id: a15ff165-ded0-4b0b-ae9a-7ce5fb7f8d79, Nodes: 5e659369-1ee8-49c0-87c0-5752057ef24d{ip: 172.17.0.2, host: 44394113892a, networkLocation: /default-rack, certSerialId: null}, Type:RATIS, Factor:ONE, State:ALLOCATED, leaderId:, CreationTimestamp2020-10-09T12:53:59.050Z]
2020-10-09 12:53:59,244 [IPC Server handler 1 on default port 37115] INFO  net.NetworkTopologyImpl (NetworkTopologyImpl.java:add(111)) - Added a new node: /default-rack/ba372c3f-ca6e-4b22-85c8-8c60b51fa7c9
2020-10-09 12:53:59,244 [IPC Server handler 1 on default port 37115] INFO  node.SCMNodeManager (SCMNodeManager.java:register(282)) - Registered Data node : ba372c3f-ca6e-4b22-85c8-8c60b51fa7c9{ip: 172.17.0.2, host: 44394113892a, networkLocation: /default-rack, certSerialId: null}
2020-10-09 12:53:59,244 [EventQueue-NodeRegistrationContainerReportForDataNodeSafeModeRule] INFO  safemode.SCMSafeModeManager (SCMSafeModeManager.java:validateSafeModeExitRules(214)) - DataNodeSafeModeRule rule is successfully validated
2020-10-09 12:53:59,244 [RatisPipelineUtilsThread] INFO  pipeline.RatisPipelineProvider (RatisPipelineProvider.java:lambda$create$0(138)) - Sending CreatePipelineCommand for pipeline:PipelineID=408b4e01-2824-46b7-8490-9ea8b26bfa56 to datanode:ba372c3f-ca6e-4b22-85c8-8c60b51fa7c9
2020-10-09 12:53:59,245 [RatisPipelineUtilsThread] INFO  pipeline.PipelineStateManager (PipelineStateManager.java:addPipeline(54)) - Created pipeline Pipeline[ Id: 408b4e01-2824-46b7-8490-9ea8b26bfa56, Nodes: ba372c3f-ca6e-4b22-85c8-8c60b51fa7c9{ip: 172.17.0.2, host: 44394113892a, networkLocation: /default-rack, certSerialId: null}, Type:RATIS, Factor:ONE, State:ALLOCATED, leaderId:, CreationTimestamp2020-10-09T12:53:59.244Z]
2020-10-09 12:53:59,245 [EventQueue-NodeRegistrationContainerReportForContainerSafeModeRule] INFO  safemode.SCMSafeModeManager (SCMSafeModeManager.java:validateSafeModeExitRules(214)) - ContainerSafeModeRule rule is successfully validated
2020-10-09 12:53:59,414 [IPC Server handler 0 on default port 37115] INFO  net.NetworkTopologyImpl (NetworkTopologyImpl.java:add(111)) - Added a new node: /default-rack/b183437e-7ee0-4740-aae6-e25f1cff2701
2020-10-09 12:53:59,414 [IPC Server handler 0 on default port 37115] INFO  node.SCMNodeManager (SCMNodeManager.java:register(282)) - Registered Data node : b183437e-7ee0-4740-aae6-e25f1cff2701{ip: 172.17.0.2, host: 44394113892a, networkLocation: /default-rack, certSerialId: null}
2020-10-09 12:53:59,414 [EventQueue-NodeRegistrationContainerReportForDataNodeSafeModeRule] INFO  safemode.SCMSafeModeManager (SCMSafeModeManager.java:validateSafeModeExitRules(214)) - DataNodeSafeModeRule rule is successfully validated
2020-10-09 12:53:59,414 [EventQueue-NodeRegistrationContainerReportForContainerSafeModeRule] INFO  safemode.SCMSafeModeManager (SCMSafeModeManager.java:validateSafeModeExitRules(214)) - ContainerSafeModeRule rule is successfully validated
2020-10-09 12:53:59,414 [RatisPipelineUtilsThread] INFO  pipeline.RatisPipelineProvider (RatisPipelineProvider.java:lambda$create$0(138)) - Sending CreatePipelineCommand for pipeline:PipelineID=aff41a98-141f-4c09-9f13-c50bb4951f22 to datanode:b183437e-7ee0-4740-aae6-e25f1cff2701
2020-10-09 12:53:59,415 [RatisPipelineUtilsThread] INFO  pipeline.PipelineStateManager (PipelineStateManager.java:addPipeline(54)) - Created pipeline Pipeline[ Id: aff41a98-141f-4c09-9f13-c50bb4951f22, Nodes: b183437e-7ee0-4740-aae6-e25f1cff2701{ip: 172.17.0.2, host: 44394113892a, networkLocation: /default-rack, certSerialId: null}, Type:RATIS, Factor:ONE, State:ALLOCATED, leaderId:, CreationTimestamp2020-10-09T12:53:59.414Z]
2020-10-09 12:53:59,415 [RatisPipelineUtilsThread] INFO  pipeline.RatisPipelineProvider (RatisPipelineProvider.java:lambda$create$0(138)) - Sending CreatePipelineCommand for pipeline:PipelineID=bf62a005-c6ba-4874-874d-9ede46cd1470 to datanode:5e659369-1ee8-49c0-87c0-5752057ef24d
2020-10-09 12:53:59,415 [RatisPipelineUtilsThread] INFO  pipeline.RatisPipelineProvider (RatisPipelineProvider.java:lambda$create$0(138)) - Sending CreatePipelineCommand for pipeline:PipelineID=bf62a005-c6ba-4874-874d-9ede46cd1470 to datanode:ba372c3f-ca6e-4b22-85c8-8c60b51fa7c9
2020-10-09 12:53:59,415 [RatisPipelineUtilsThread] INFO  pipeline.RatisPipelineProvider (RatisPipelineProvider.java:lambda$create$0(138)) - Sending CreatePipelineCommand for pipeline:PipelineID=bf62a005-c6ba-4874-874d-9ede46cd1470 to datanode:b183437e-7ee0-4740-aae6-e25f1cff2701
2020-10-09 12:53:59,415 [RatisPipelineUtilsThread] INFO  pipeline.PipelineStateManager (PipelineStateManager.java:addPipeline(54)) - Created pipeline Pipeline[ Id: bf62a005-c6ba-4874-874d-9ede46cd1470, Nodes: 5e659369-1ee8-49c0-87c0-5752057ef24d{ip: 172.17.0.2, host: 44394113892a, networkLocation: /default-rack, certSerialId: null}ba372c3f-ca6e-4b22-85c8-8c60b51fa7c9{ip: 172.17.0.2, host: 44394113892a, networkLocation: /default-rack, certSerialId: null}b183437e-7ee0-4740-aae6-e25f1cff2701{ip: 172.17.0.2, host: 44394113892a, networkLocation: /default-rack, certSerialId: null}, Type:RATIS, Factor:THREE, State:ALLOCATED, leaderId:, CreationTimestamp2020-10-09T12:53:59.415Z]
2020-10-09 12:53:59,611 [IPC Server handler 3 on default port 37115] INFO  net.NetworkTopologyImpl (NetworkTopologyImpl.java:add(111)) - Added a new node: /default-rack/146dba11-3af2-48c9-b098-f83fb2b86474
2020-10-09 12:53:59,611 [IPC Server handler 3 on default port 37115] INFO  node.SCMNodeManager (SCMNodeManager.java:register(282)) - Registered Data node : 146dba11-3af2-48c9-b098-f83fb2b86474{ip: 172.17.0.2, host: 44394113892a, networkLocation: /default-rack, certSerialId: null}
2020-10-09 12:53:59,611 [RatisPipelineUtilsThread] INFO  pipeline.RatisPipelineProvider (RatisPipelineProvider.java:lambda$create$0(138)) - Sending CreatePipelineCommand for pipeline:PipelineID=a55c21cd-f191-49a5-bf07-bf791502c95a to datanode:146dba11-3af2-48c9-b098-f83fb2b86474
2020-10-09 12:53:59,613 [EventQueue-NodeRegistrationContainerReportForDataNodeSafeModeRule] INFO  safemode.SCMSafeModeManager (SCMSafeModeManager.java:validateSafeModeExitRules(214)) - DataNodeSafeModeRule rule is successfully validated
2020-10-09 12:53:59,613 [EventQueue-NodeRegistrationContainerReportForContainerSafeModeRule] INFO  safemode.SCMSafeModeManager (SCMSafeModeManager.java:validateSafeModeExitRules(214)) - ContainerSafeModeRule rule is successfully validated
2020-10-09 12:53:59,613 [RatisPipelineUtilsThread] INFO  pipeline.PipelineStateManager (PipelineStateManager.java:addPipeline(54)) - Created pipeline Pipeline[ Id: a55c21cd-f191-49a5-bf07-bf791502c95a, Nodes: 146dba11-3af2-48c9-b098-f83fb2b86474{ip: 172.17.0.2, host: 44394113892a, networkLocation: /default-rack, certSerialId: null}, Type:RATIS, Factor:ONE, State:ALLOCATED, leaderId:, CreationTimestamp2020-10-09T12:53:59.611Z]
2020-10-09 12:53:59,793 [IPC Server handler 4 on default port 37115] INFO  net.NetworkTopologyImpl (NetworkTopologyImpl.java:add(111)) - Added a new node: /default-rack/2d5c9c0a-908d-48fd-9559-afc140b75ed5
2020-10-09 12:53:59,793 [IPC Server handler 4 on default port 37115] INFO  node.SCMNodeManager (SCMNodeManager.java:register(282)) - Registered Data node : 2d5c9c0a-908d-48fd-9559-afc140b75ed5{ip: 172.17.0.2, host: 44394113892a, networkLocation: /default-rack, certSerialId: null}
2020-10-09 12:53:59,793 [EventQueue-NodeRegistrationContainerReportForDataNodeSafeModeRule] INFO  safemode.SCMSafeModeManager (SCMSafeModeManager.java:validateSafeModeExitRules(214)) - DataNodeSafeModeRule rule is successfully validated
2020-10-09 12:53:59,793 [EventQueue-NodeRegistrationContainerReportForContainerSafeModeRule] INFO  safemode.SCMSafeModeManager (SCMSafeModeManager.java:validateSafeModeExitRules(214)) - ContainerSafeModeRule rule is successfully validated
2020-10-09 12:53:59,794 [RatisPipelineUtilsThread] INFO  pipeline.RatisPipelineProvider (RatisPipelineProvider.java:lambda$create$0(138)) - Sending CreatePipelineCommand for pipeline:PipelineID=c14c7fa8-ae7a-4959-be3f-1f91d9c0e57d to datanode:2d5c9c0a-908d-48fd-9559-afc140b75ed5
2020-10-09 12:53:59,795 [RatisPipelineUtilsThread] INFO  pipeline.PipelineStateManager (PipelineStateManager.java:addPipeline(54)) - Created pipeline Pipeline[ Id: c14c7fa8-ae7a-4959-be3f-1f91d9c0e57d, Nodes: 2d5c9c0a-908d-48fd-9559-afc140b75ed5{ip: 172.17.0.2, host: 44394113892a, networkLocation: /default-rack, certSerialId: null}, Type:RATIS, Factor:ONE, State:ALLOCATED, leaderId:, CreationTimestamp2020-10-09T12:53:59.794Z]
2020-10-09 12:53:59,967 [Listener at 127.0.0.1/36087] INFO  ozone.MiniOzoneClusterImpl (MiniOzoneClusterImpl.java:lambda$waitForClusterToBeReady$0(177)) - Waiting for nodes to be ready. Got 8 of 9 DN Heartbeats.
2020-10-09 12:53:59,967 [Listener at 127.0.0.1/36087] INFO  ozone.MiniOzoneClusterImpl (MiniOzoneClusterImpl.java:lambda$waitForClusterToBeReady$0(180)) - Waiting for cluster to exit safe mode
2020-10-09 12:53:59,968 [IPC Server handler 5 on default port 37115] INFO  net.NetworkTopologyImpl (NetworkTopologyImpl.java:add(111)) - Added a new node: /default-rack/e60f7882-dbbd-427b-9f02-c7597dd940f1
2020-10-09 12:53:59,968 [IPC Server handler 5 on default port 37115] INFO  node.SCMNodeManager (SCMNodeManager.java:register(282)) - Registered Data node : e60f7882-dbbd-427b-9f02-c7597dd940f1{ip: 172.17.0.2, host: 44394113892a, networkLocation: /default-rack, certSerialId: null}
2020-10-09 12:53:59,968 [EventQueue-NodeRegistrationContainerReportForDataNodeSafeModeRule] INFO  safemode.SCMSafeModeManager (SCMSafeModeManager.java:validateSafeModeExitRules(214)) - DataNodeSafeModeRule rule is successfully validated
2020-10-09 12:53:59,968 [EventQueue-NodeRegistrationContainerReportForContainerSafeModeRule] INFO  safemode.SCMSafeModeManager (SCMSafeModeManager.java:validateSafeModeExitRules(214)) - ContainerSafeModeRule rule is successfully validated
2020-10-09 12:53:59,968 [RatisPipelineUtilsThread] INFO  pipeline.RatisPipelineProvider (RatisPipelineProvider.java:lambda$create$0(138)) - Sending CreatePipelineCommand for pipeline:PipelineID=cff12708-6dcc-42bd-9e34-aba5eefca4ea to datanode:e60f7882-dbbd-427b-9f02-c7597dd940f1
2020-10-09 12:53:59,969 [RatisPipelineUtilsThread] INFO  pipeline.PipelineStateManager (PipelineStateManager.java:addPipeline(54)) - Created pipeline Pipeline[ Id: cff12708-6dcc-42bd-9e34-aba5eefca4ea, Nodes: e60f7882-dbbd-427b-9f02-c7597dd940f1{ip: 172.17.0.2, host: 44394113892a, networkLocation: /default-rack, certSerialId: null}, Type:RATIS, Factor:ONE, State:ALLOCATED, leaderId:, CreationTimestamp2020-10-09T12:53:59.968Z]
2020-10-09 12:53:59,969 [RatisPipelineUtilsThread] INFO  pipeline.RatisPipelineProvider (RatisPipelineProvider.java:lambda$create$0(138)) - Sending CreatePipelineCommand for pipeline:PipelineID=de67e3f1-d5e0-4b31-aba7-f2540e47816f to datanode:e60f7882-dbbd-427b-9f02-c7597dd940f1
2020-10-09 12:53:59,969 [RatisPipelineUtilsThread] INFO  pipeline.RatisPipelineProvider (RatisPipelineProvider.java:lambda$create$0(138)) - Sending CreatePipelineCommand for pipeline:PipelineID=de67e3f1-d5e0-4b31-aba7-f2540e47816f to datanode:146dba11-3af2-48c9-b098-f83fb2b86474
2020-10-09 12:53:59,969 [RatisPipelineUtilsThread] INFO  pipeline.RatisPipelineProvider (RatisPipelineProvider.java:lambda$create$0(138)) - Sending CreatePipelineCommand for pipeline:PipelineID=de67e3f1-d5e0-4b31-aba7-f2540e47816f to datanode:2d5c9c0a-908d-48fd-9559-afc140b75ed5
2020-10-09 12:53:59,970 [RatisPipelineUtilsThread] INFO  pipeline.PipelineStateManager (PipelineStateManager.java:addPipeline(54)) - Created pipeline Pipeline[ Id: de67e3f1-d5e0-4b31-aba7-f2540e47816f, Nodes: e60f7882-dbbd-427b-9f02-c7597dd940f1{ip: 172.17.0.2, host: 44394113892a, networkLocation: /default-rack, certSerialId: null}146dba11-3af2-48c9-b098-f83fb2b86474{ip: 172.17.0.2, host: 44394113892a, networkLocation: /default-rack, certSerialId: null}2d5c9c0a-908d-48fd-9559-afc140b75ed5{ip: 172.17.0.2, host: 44394113892a, networkLocation: /default-rack, certSerialId: null}, Type:RATIS, Factor:THREE, State:ALLOCATED, leaderId:, CreationTimestamp2020-10-09T12:53:59.969Z]
2020-10-09 12:54:00,967 [Listener at 127.0.0.1/36087] INFO  ozone.MiniOzoneClusterImpl (MiniOzoneClusterImpl.java:lambda$waitForClusterToBeReady$0(177)) - Nodes are ready. Got 9 of 9 DN Heartbeats.
2020-10-09 12:54:00,968 [Listener at 127.0.0.1/36087] INFO  ozone.MiniOzoneClusterImpl (MiniOzoneClusterImpl.java:lambda$waitForClusterToBeReady$0(180)) - Waiting for cluster to exit safe mode
2020-10-09 12:54:01,495 [Command processor thread] INFO  impl.RaftServerProxy (RaftServerProxy.java:addNew(92)) - 630ef14c-7f18-435b-8dbc-84d96446fc51: addNew group-FD4E3A1B154E:[630ef14c-7f18-435b-8dbc-84d96446fc51:172.17.0.2:34737:0] returns group-FD4E3A1B154E:java.util.concurrent.CompletableFuture@cfe0dc7[Not completed]
2020-10-09 12:54:01,501 [pool-374-thread-1] INFO  impl.RaftServerImpl (RaftServerImpl.java:<init>(120)) - 630ef14c-7f18-435b-8dbc-84d96446fc51: new RaftServerImpl for group-FD4E3A1B154E:[630ef14c-7f18-435b-8dbc-84d96446fc51:172.17.0.2:34737:0] with ContainerStateMachine:uninitialized
2020-10-09 12:54:01,503 [pool-374-thread-1] INFO  server.RaftServerConfigKeys (ConfUtils.java:logGet(44)) - raft.server.rpc.timeout.min = 5s (custom)
2020-10-09 12:54:01,503 [pool-374-thread-1] INFO  server.RaftServerConfigKeys (ConfUtils.java:logGet(44)) - raft.server.rpc.timeout.max = 5200ms (custom)
2020-10-09 12:54:01,503 [pool-374-thread-1] INFO  server.RaftServerConfigKeys (ConfUtils.java:logGet(44)) - raft.server.rpcslowness.timeout = 300000ms (custom)
2020-10-09 12:54:01,503 [pool-374-thread-1] INFO  server.RaftServerConfigKeys (ConfUtils.java:logGet(44)) - raft.server.sleep.deviation.threshold = 300 (default)
2020-10-09 12:54:01,503 [pool-374-thread-1] INFO  server.RaftServerConfigKeys (ConfUtils.java:logGet(44)) - raft.server.log.appender.install.snapshot.enabled = false (custom)
2020-10-09 12:54:01,503 [pool-374-thread-1] INFO  impl.RaftServerImpl (ServerState.java:<init>(104)) - 630ef14c-7f18-435b-8dbc-84d96446fc51@group-FD4E3A1B154E: ConfigurationManager, init=-1: [630ef14c-7f18-435b-8dbc-84d96446fc51:172.17.0.2:34737:0], old=null, confs=<EMPTY_MAP>
2020-10-09 12:54:01,503 [pool-374-thread-1] INFO  server.RaftServerConfigKeys (ConfUtils.java:logGet(44)) - raft.server.storage.dir = [/github/workspace/mnt/ozone/hadoop-ozone/integration-test/target/test-dir/MiniOzoneClusterImpl-691c6000-d337-4848-84ec-e56c11f2c172/datanode-0/data/ratis] (custom)
2020-10-09 12:54:01,503 [pool-374-thread-1] INFO  server.RaftServerConfigKeys (ConfUtils.java:logGet(44)) - raft.server.log.corruption.policy = EXCEPTION (default)
2020-10-09 12:54:01,504 [pool-374-thread-1] INFO  storage.RaftStorageDirectory (RaftStorageDirectory.java:analyzeStorage(261)) - The storage directory /github/workspace/mnt/ozone/hadoop-ozone/integration-test/target/test-dir/MiniOzoneClusterImpl-691c6000-d337-4848-84ec-e56c11f2c172/datanode-0/data/ratis/16e98871-9ea0-4689-b382-fd4e3a1b154e does not exist. Creating ...
2020-10-09 12:54:01,592 [pool-374-thread-1] INFO  storage.RaftStorageDirectory (RaftStorageDirectory.java:tryLock(343)) - Lock on /github/workspace/mnt/ozone/hadoop-ozone/integration-test/target/test-dir/MiniOzoneClusterImpl-691c6000-d337-4848-84ec-e56c11f2c172/datanode-0/data/ratis/16e98871-9ea0-4689-b382-fd4e3a1b154e/in_use.lock acquired by nodename 5888@44394113892a
2020-10-09 12:54:01,672 [Command processor thread] INFO  impl.RaftServerProxy (RaftServerProxy.java:addNew(92)) - 45ecfedc-f1ca-4ee4-92ac-24908ad068c6: addNew group-84A301199869:[45ecfedc-f1ca-4ee4-92ac-24908ad068c6:172.17.0.2:39189:0] returns group-84A301199869:java.util.concurrent.CompletableFuture@7ff89e5b[Not completed]
2020-10-09 12:54:01,673 [pool-389-thread-1] INFO  impl.RaftServerImpl (RaftServerImpl.java:<init>(120)) - 45ecfedc-f1ca-4ee4-92ac-24908ad068c6: new RaftServerImpl for group-84A301199869:[45ecfedc-f1ca-4ee4-92ac-24908ad068c6:172.17.0.2:39189:0] with ContainerStateMachine:uninitialized
2020-10-09 12:54:01,673 [pool-389-thread-1] INFO  server.RaftServerConfigKeys (ConfUtils.java:logGet(44)) - raft.server.rpc.timeout.min = 5s (custom)
2020-10-09 12:54:01,673 [pool-389-thread-1] INFO  server.RaftServerConfigKeys (ConfUtils.java:logGet(44)) - raft.server.rpc.timeout.max = 5200ms (custom)
2020-10-09 12:54:01,673 [pool-389-thread-1] INFO  server.RaftServerConfigKeys (ConfUtils.java:logGet(44)) - raft.server.rpcslowness.timeout = 300000ms (custom)
2020-10-09 12:54:01,673 [pool-389-thread-1] INFO  server.RaftServerConfigKeys (ConfUtils.java:logGet(44)) - raft.server.sleep.deviation.threshold = 300 (default)
2020-10-09 12:54:01,673 [pool-389-thread-1] INFO  server.RaftServerConfigKeys (ConfUtils.java:logGet(44)) - raft.server.log.appender.install.snapshot.enabled = false (custom)
2020-10-09 12:54:01,673 [pool-389-thread-1] INFO  impl.RaftServerImpl (ServerState.java:<init>(104)) - 45ecfedc-f1ca-4ee4-92ac-24908ad068c6@group-84A301199869: ConfigurationManager, init=-1: [45ecfedc-f1ca-4ee4-92ac-24908ad068c6:172.17.0.2:39189:0], old=null, confs=<EMPTY_MAP>
2020-10-09 12:54:01,674 [pool-389-thread-1] INFO  server.RaftServerConfigKeys (ConfUtils.java:logGet(44)) - raft.server.storage.dir = [/github/workspace/mnt/ozone/hadoop-ozone/integration-test/target/test-dir/MiniOzoneClusterImpl-691c6000-d337-4848-84ec-e56c11f2c172/datanode-1/data/ratis] (custom)
2020-10-09 12:54:01,674 [pool-389-thread-1] INFO  server.RaftServerConfigKeys (ConfUtils.java:logGet(44)) - raft.server.log.corruption.policy = EXCEPTION (default)
2020-10-09 12:54:01,674 [pool-389-thread-1] INFO  storage.RaftStorageDirectory (RaftStorageDirectory.java:analyzeStorage(261)) - The storage directory /github/workspace/mnt/ozone/hadoop-ozone/integration-test/target/test-dir/MiniOzoneClusterImpl-691c6000-d337-4848-84ec-e56c11f2c172/datanode-1/data/ratis/81109f46-b9cb-4ad9-8f7f-84a301199869 does not exist. Creating ...
2020-10-09 12:54:01,686 [pool-374-thread-1] INFO  storage.RaftStorage (RaftStorage.java:format(84)) - Storage directory /github/workspace/mnt/ozone/hadoop-ozone/integration-test/target/test-dir/MiniOzoneClusterImpl-691c6000-d337-4848-84ec-e56c11f2c172/datanode-0/data/ratis/16e98871-9ea0-4689-b382-fd4e3a1b154e has been successfully formatted.
2020-10-09 12:54:01,686 [pool-374-thread-1] INFO  ratis.ContainerStateMachine (ContainerStateMachine.java:loadSnapshot(225)) - group-FD4E3A1B154E: The snapshot info is null. Setting the last applied indexto:(t:0, i:~)
2020-10-09 12:54:01,687 [pool-374-thread-1] INFO  server.RaftServerConfigKeys (ConfUtils.java:logGet(44)) - raft.server.notification.no-leader.timeout = 300000ms (custom)
2020-10-09 12:54:01,687 [pool-374-thread-1] INFO  server.RaftServerConfigKeys (ConfUtils.java:logGet(44)) - raft.server.log.use.memory = false (default)
2020-10-09 12:54:01,687 [EventQueue-PipelineReportForPipelineReportHandler] INFO  pipeline.PipelineStateManager (PipelineStateManager.java:openPipeline(131)) - Pipeline Pipeline[ Id: 16e98871-9ea0-4689-b382-fd4e3a1b154e, Nodes: 630ef14c-7f18-435b-8dbc-84d96446fc51{ip: 172.17.0.2, host: 44394113892a, networkLocation: /default-rack, certSerialId: null}, Type:RATIS, Factor:ONE, State:ALLOCATED, leaderId:630ef14c-7f18-435b-8dbc-84d96446fc51, CreationTimestamp2020-10-09T12:53:58.499Z] moved to OPEN state
2020-10-09 12:54:01,688 [pool-374-thread-1] INFO  server.RaftServerConfigKeys (ConfUtils.java:logGet(44)) - raft.server.log.purge.gap = 1000000 (custom)
2020-10-09 12:54:01,688 [pool-374-thread-1] INFO  metrics.RatisMetrics (RatisMetrics.java:lambda$create$0(36)) - Creating Metrics Registry : ratis.log_worker.630ef14c-7f18-435b-8dbc-84d96446fc51@group-FD4E3A1B154E
2020-10-09 12:54:01,688 [pool-374-thread-1] INFO  server.RaftServerConfigKeys (ConfUtils.java:logGet(44)) - raft.server.log.appender.buffer.byte-limit = 33554432 (custom)
2020-10-09 12:54:01,688 [pool-374-thread-1] INFO  server.RaftServerConfigKeys (ConfUtils.java:logGet(44)) - raft.server.log.segment.size.max = 1048576 (custom)
2020-10-09 12:54:01,689 [pool-374-thread-1] INFO  server.RaftServerConfigKeys (ConfUtils.java:logGet(44)) - raft.server.log.segment.cache.num.max = 2 (custom)
2020-10-09 12:54:01,689 [pool-374-thread-1] INFO  segmented.SegmentedRaftLogWorker (SegmentedRaftLogWorker.java:<init>(180)) - new 630ef14c-7f18-435b-8dbc-84d96446fc51@group-FD4E3A1B154E-SegmentedRaftLogWorker for RaftStorage:Storage Directory /github/workspace/mnt/ozone/hadoop-ozone/integration-test/target/test-dir/MiniOzoneClusterImpl-691c6000-d337-4848-84ec-e56c11f2c172/datanode-0/data/ratis/16e98871-9ea0-4689-b382-fd4e3a1b154e
2020-10-09 12:54:01,689 [pool-374-thread-1] INFO  server.RaftServerConfigKeys (ConfUtils.java:logGet(44)) - raft.server.log.queue.byte-limit = 2147483647 (custom)
2020-10-09 12:54:01,689 [pool-374-thread-1] INFO  server.RaftServerConfigKeys (ConfUtils.java:logGet(44)) - raft.server.log.queue.element-limit = 1024 (custom)
2020-10-09 12:54:01,689 [pool-374-thread-1] INFO  server.RaftServerConfigKeys (ConfUtils.java:logGet(44)) - raft.server.log.segment.size.max = 1048576 (custom)
2020-10-09 12:54:01,689 [pool-374-thread-1] INFO  server.RaftServerConfigKeys (ConfUtils.java:logGet(44)) - raft.server.log.preallocated.size = 16384 (custom)
2020-10-09 12:54:01,689 [pool-374-thread-1] INFO  server.RaftServerConfigKeys (ConfUtils.java:logGet(44)) - raft.server.log.write.buffer.size = 1048576 (custom)
2020-10-09 12:54:01,690 [pool-374-thread-1] INFO  server.RaftServerConfigKeys (ConfUtils.java:logGet(44)) - raft.server.log.force.sync.num = 128 (default)
2020-10-09 12:54:01,690 [pool-374-thread-1] INFO  server.RaftServerConfigKeys (ConfUtils.java:logGet(44)) - raft.server.log.statemachine.data.sync = true (default)
2020-10-09 12:54:01,690 [pool-374-thread-1] INFO  server.RaftServerConfigKeys (ConfUtils.java:logGet(44)) - raft.server.log.statemachine.data.sync.timeout = 10s (default)
2020-10-09 12:54:01,690 [pool-374-thread-1] INFO  server.RaftServerConfigKeys (ConfUtils.java:logGet(44)) - raft.server.log.statemachine.data.sync.timeout.retry = -1 (default)
2020-10-09 12:54:01,690 [EventQueue-OpenPipelineForHealthyPipelineSafeModeRule] INFO  safemode.SCMSafeModeManager (HealthyPipelineSafeModeRule.java:process(129)) - SCM in safe mode. Healthy pipelines reported count is 0, required healthy pipeline reported count is 1
2020-10-09 12:54:01,692 [pool-374-thread-1] INFO  server.RaftServerConfigKeys (ConfUtils.java:logGet(44)) - raft.server.log.statemachine.data.caching.enabled = true (custom)
2020-10-09 12:54:01,692 [pool-374-thread-1] INFO  segmented.SegmentedRaftLogWorker (SegmentedRaftLogWorker.java:lambda$new$0(129)) - 630ef14c-7f18-435b-8dbc-84d96446fc51@group-FD4E3A1B154E-SegmentedRaftLogWorker: flushIndex: setUnconditionally 0 -> -1
2020-10-09 12:54:01,692 [pool-374-thread-1] INFO  segmented.SegmentedRaftLogWorker (SegmentedRaftLogWorker.java:lambda$new$0(129)) - 630ef14c-7f18-435b-8dbc-84d96446fc51@group-FD4E3A1B154E-SegmentedRaftLogWorker: safeCacheEvictIndex: setUnconditionally 0 -> -1
2020-10-09 12:54:01,693 [pool-374-thread-1] INFO  server.RaftServerConfigKeys (ConfUtils.java:logGet(44)) - raft.server.snapshot.auto.trigger.enabled = true (custom)
2020-10-09 12:54:01,693 [pool-374-thread-1] INFO  server.RaftServerConfigKeys (ConfUtils.java:logGet(44)) - raft.server.snapshot.auto.trigger.threshold = 10000 (custom)
2020-10-09 12:54:01,693 [pool-374-thread-1] INFO  server.RaftServerConfigKeys (ConfUtils.java:logGet(44)) - raft.server.snapshot.retention.file.num = 5 (custom)
2020-10-09 12:54:01,693 [pool-374-thread-1] INFO  server.RaftServerConfigKeys (ConfUtils.java:logGet(44)) - raft.server.log.purge.upto.snapshot.index = false (default)
2020-10-09 12:54:01,693 [pool-374-thread-1] INFO  server.RaftServerConfigKeys (ConfUtils.java:logGet(44)) - raft.server.retrycache.expirytime = 600000ms (custom)
2020-10-09 12:54:01,693 [pool-374-thread-1] INFO  metrics.RatisMetrics (RatisMetrics.java:lambda$create$0(36)) - Creating Metrics Registry : ratis.leader_election.630ef14c-7f18-435b-8dbc-84d96446fc51@group-FD4E3A1B154E
2020-10-09 12:54:01,693 [pool-374-thread-1] INFO  metrics.RatisMetrics (RatisMetrics.java:lambda$create$0(36)) - Creating Metrics Registry : ratis.server.630ef14c-7f18-435b-8dbc-84d96446fc51@group-FD4E3A1B154E
2020-10-09 12:54:01,695 [pool-374-thread-1] INFO  impl.RaftServerImpl (RaftServerImpl.java:start(209)) - 630ef14c-7f18-435b-8dbc-84d96446fc51@group-FD4E3A1B154E: start as a follower, conf=-1: [630ef14c-7f18-435b-8dbc-84d96446fc51:172.17.0.2:34737:0], old=null
2020-10-09 12:54:01,695 [pool-374-thread-1] INFO  impl.RaftServerImpl (RaftServerImpl.java:setRole(198)) - 630ef14c-7f18-435b-8dbc-84d96446fc51@group-FD4E3A1B154E: changes role from      null to FOLLOWER at term 0 for startAsFollower
2020-10-09 12:54:01,695 [pool-374-thread-1] INFO  impl.RoleInfo (RoleInfo.java:updateAndGet(143)) - 630ef14c-7f18-435b-8dbc-84d96446fc51: start FollowerState
2020-10-09 12:54:01,695 [EventQueue-OpenPipelineForOneReplicaPipelineSafeModeRule] INFO  safemode.SCMSafeModeManager (SCMSafeModeManager.java:validateSafeModeExitRules(214)) - AtleastOneDatanodeReportedRule rule is successfully validated
2020-10-09 12:54:01,696 [pool-374-thread-1] INFO  util.JmxRegister (JmxRegister.java:tryRegister(44)) - Successfully registered JMX Bean with object name Ratis:service=RaftServer,group=group-FD4E3A1B154E,id=630ef14c-7f18-435b-8dbc-84d96446fc51
2020-10-09 12:54:01,696 [pool-374-thread-1] INFO  metrics.RatisMetrics (RatisMetrics.java:lambda$create$0(36)) - Creating Metrics Registry : ratis.state_machine.630ef14c-7f18-435b-8dbc-84d96446fc51@group-FD4E3A1B154E
2020-10-09 12:54:01,697 [Command processor thread] INFO  commandhandler.CreatePipelineCommandHandler (CreatePipelineCommandHandler.java:handle(110)) - Created Pipeline RATIS ONE #id: "16e98871-9ea0-4689-b382-fd4e3a1b154e"
uuid128 {
  mostSigBits: 1651000759981983369
  leastSigBits: -5511564481523935922
}
.
2020-10-09 12:54:01,697 [Command processor thread] INFO  impl.RaftServerProxy (RaftServerProxy.java:addNew(92)) - 630ef14c-7f18-435b-8dbc-84d96446fc51: addNew group-8A46ABBCFB7D:[630ef14c-7f18-435b-8dbc-84d96446fc51:172.17.0.2:34737:0, 45ecfedc-f1ca-4ee4-92ac-24908ad068c6:172.17.0.2:39189:0, 38f48239-bc06-46da-ac74-74ed7351a0a0:172.17.0.2:41897:0] returns group-8A46ABBCFB7D:java.util.concurrent.CompletableFuture@8c19880[Not completed]
2020-10-09 12:54:01,698 [pool-374-thread-1] INFO  impl.RaftServerImpl (RaftServerImpl.java:<init>(120)) - 630ef14c-7f18-435b-8dbc-84d96446fc51: new RaftServerImpl for group-8A46ABBCFB7D:[630ef14c-7f18-435b-8dbc-84d96446fc51:172.17.0.2:34737:0, 45ecfedc-f1ca-4ee4-92ac-24908ad068c6:172.17.0.2:39189:0, 38f48239-bc06-46da-ac74-74ed7351a0a0:172.17.0.2:41897:0] with ContainerStateMachine:uninitialized
2020-10-09 12:54:01,698 [pool-374-thread-1] INFO  server.RaftServerConfigKeys (ConfUtils.java:logGet(44)) - raft.server.rpc.timeout.min = 5s (custom)
2020-10-09 12:54:01,698 [pool-374-thread-1] INFO  server.RaftServerConfigKeys (ConfUtils.java:logGet(44)) - raft.server.rpc.timeout.max = 5200ms (custom)
2020-10-09 12:54:01,698 [pool-374-thread-1] INFO  server.RaftServerConfigKeys (ConfUtils.java:logGet(44)) - raft.server.rpcslowness.timeout = 300000ms (custom)
2020-10-09 12:54:01,698 [pool-374-thread-1] INFO  server.RaftServerConfigKeys (ConfUtils.java:logGet(44)) - raft.server.sleep.deviation.threshold = 300 (default)
2020-10-09 12:54:01,698 [pool-374-thread-1] INFO  server.RaftServerConfigKeys (ConfUtils.java:logGet(44)) - raft.server.log.appender.install.snapshot.enabled = false (custom)
2020-10-09 12:54:01,698 [pool-374-thread-1] INFO  impl.RaftServerImpl (ServerState.java:<init>(104)) - 630ef14c-7f18-435b-8dbc-84d96446fc51@group-8A46ABBCFB7D: ConfigurationManager, init=-1: [630ef14c-7f18-435b-8dbc-84d96446fc51:172.17.0.2:34737:0, 45ecfedc-f1ca-4ee4-92ac-24908ad068c6:172.17.0.2:39189:0, 38f48239-bc06-46da-ac74-74ed7351a0a0:172.17.0.2:41897:0], old=null, confs=<EMPTY_MAP>
2020-10-09 12:54:01,698 [pool-374-thread-1] INFO  server.RaftServerConfigKeys (ConfUtils.java:logGet(44)) - raft.server.storage.dir = [/github/workspace/mnt/ozone/hadoop-ozone/integration-test/target/test-dir/MiniOzoneClusterImpl-691c6000-d337-4848-84ec-e56c11f2c172/datanode-0/data/ratis] (custom)
2020-10-09 12:54:01,698 [pool-374-thread-1] INFO  server.RaftServerConfigKeys (ConfUtils.java:logGet(44)) - raft.server.log.corruption.policy = EXCEPTION (default)
2020-10-09 12:54:01,698 [pool-374-thread-1] INFO  storage.RaftStorageDirectory (RaftStorageDirectory.java:analyzeStorage(261)) - The storage directory /github/workspace/mnt/ozone/hadoop-ozone/integration-test/target/test-dir/MiniOzoneClusterImpl-691c6000-d337-4848-84ec-e56c11f2c172/datanode-0/data/ratis/00658d78-ed27-4808-a5ae-8a46abbcfb7d does not exist. Creating ...
2020-10-09 12:54:01,865 [Command processor thread] INFO  impl.RaftServerProxy (RaftServerProxy.java:addNew(92)) - 38f48239-bc06-46da-ac74-74ed7351a0a0: addNew group-B2ECEA19D339:[38f48239-bc06-46da-ac74-74ed7351a0a0:172.17.0.2:41897:0] returns group-B2ECEA19D339:java.util.concurrent.CompletableFuture@402d3a65[Not completed]
2020-10-09 12:54:01,866 [pool-404-thread-1] INFO  impl.RaftServerImpl (RaftServerImpl.java:<init>(120)) - 38f48239-bc06-46da-ac74-74ed7351a0a0: new RaftServerImpl for group-B2ECEA19D339:[38f48239-bc06-46da-ac74-74ed7351a0a0:172.17.0.2:41897:0] with ContainerStateMachine:uninitialized
2020-10-09 12:54:01,866 [pool-404-thread-1] INFO  server.RaftServerConfigKeys (ConfUtils.java:logGet(44)) - raft.server.rpc.timeout.min = 5s (custom)
2020-10-09 12:54:01,866 [pool-404-thread-1] INFO  server.RaftServerConfigKeys (ConfUtils.java:logGet(44)) - raft.server.rpc.timeout.max = 5200ms (custom)
2020-10-09 12:54:01,866 [pool-404-thread-1] INFO  server.RaftServerConfigKeys (ConfUtils.java:logGet(44)) - raft.server.rpcslowness.timeout = 300000ms (custom)
2020-10-09 12:54:01,866 [pool-404-thread-1] INFO  server.RaftServerConfigKeys (ConfUtils.java:logGet(44)) - raft.server.sleep.deviation.threshold = 300 (default)
2020-10-09 12:54:01,866 [pool-404-thread-1] INFO  server.RaftServerConfigKeys (ConfUtils.java:logGet(44)) - raft.server.log.appender.install.snapshot.enabled = false (custom)
2020-10-09 12:54:01,866 [pool-404-thread-1] INFO  impl.RaftServerImpl (ServerState.java:<init>(104)) - 38f48239-bc06-46da-ac74-74ed7351a0a0@group-B2ECEA19D339: ConfigurationManager, init=-1: [38f48239-bc06-46da-ac74-74ed7351a0a0:172.17.0.2:41897:0], old=null, confs=<EMPTY_MAP>
2020-10-09 12:54:01,866 [pool-404-thread-1] INFO  server.RaftServerConfigKeys (ConfUtils.java:logGet(44)) - raft.server.storage.dir = [/github/workspace/mnt/ozone/hadoop-ozone/integration-test/target/test-dir/MiniOzoneClusterImpl-691c6000-d337-4848-84ec-e56c11f2c172/datanode-2/data/ratis] (custom)
2020-10-09 12:54:01,866 [pool-404-thread-1] INFO  server.RaftServerConfigKeys (ConfUtils.java:logGet(44)) - raft.server.log.corruption.policy = EXCEPTION (default)
2020-10-09 12:54:01,867 [pool-404-thread-1] INFO  storage.RaftStorageDirectory (RaftStorageDirectory.java:analyzeStorage(261)) - The storage directory /github/workspace/mnt/ozone/hadoop-ozone/integration-test/target/test-dir/MiniOzoneClusterImpl-691c6000-d337-4848-84ec-e56c11f2c172/datanode-2/data/ratis/197b757a-e183-4b17-9416-b2ecea19d339 does not exist. Creating ...
2020-10-09 12:54:01,968 [Listener at 127.0.0.1/36087] INFO  ozone.MiniOzoneClusterImpl (MiniOzoneClusterImpl.java:lambda$waitForClusterToBeReady$0(177)) - Nodes are ready. Got 9 of 9 DN Heartbeats.
2020-10-09 12:54:01,968 [Listener at 127.0.0.1/36087] INFO  ozone.MiniOzoneClusterImpl (MiniOzoneClusterImpl.java:lambda$waitForClusterToBeReady$0(180)) - Waiting for cluster to exit safe mode
2020-10-09 12:54:02,046 [pool-374-thread-1] INFO  storage.RaftStorageDirectory (RaftStorageDirectory.java:tryLock(343)) - Lock on /github/workspace/mnt/ozone/hadoop-ozone/integration-test/target/test-dir/MiniOzoneClusterImpl-691c6000-d337-4848-84ec-e56c11f2c172/datanode-0/data/ratis/00658d78-ed27-4808-a5ae-8a46abbcfb7d/in_use.lock acquired by nodename 5888@44394113892a
2020-10-09 12:54:02,046 [pool-389-thread-1] INFO  storage.RaftStorageDirectory (RaftStorageDirectory.java:tryLock(343)) - Lock on /github/workspace/mnt/ozone/hadoop-ozone/integration-test/target/test-dir/MiniOzoneClusterImpl-691c6000-d337-4848-84ec-e56c11f2c172/datanode-1/data/ratis/81109f46-b9cb-4ad9-8f7f-84a301199869/in_use.lock acquired by nodename 5888@44394113892a
2020-10-09 12:54:02,048 [pool-404-thread-1] INFO  storage.RaftStorageDirectory (RaftStorageDirectory.java:tryLock(343)) - Lock on /github/workspace/mnt/ozone/hadoop-ozone/integration-test/target/test-dir/MiniOzoneClusterImpl-691c6000-d337-4848-84ec-e56c11f2c172/datanode-2/data/ratis/197b757a-e183-4b17-9416-b2ecea19d339/in_use.lock acquired by nodename 5888@44394113892a
2020-10-09 12:54:02,050 [pool-419-thread-1] INFO  impl.RaftServerImpl (RaftServerImpl.java:<init>(120)) - 5e659369-1ee8-49c0-87c0-5752057ef24d: new RaftServerImpl for group-7CE5FB7F8D79:[5e659369-1ee8-49c0-87c0-5752057ef24d:172.17.0.2:37457:0] with ContainerStateMachine:uninitialized
2020-10-09 12:54:02,050 [pool-374-thread-1] INFO  storage.RaftStorage (RaftStorage.java:format(84)) - Storage directory /github/workspace/mnt/ozone/hadoop-ozone/integration-test/target/test-dir/MiniOzoneClusterImpl-691c6000-d337-4848-84ec-e56c11f2c172/datanode-0/data/ratis/00658d78-ed27-4808-a5ae-8a46abbcfb7d has been successfully formatted.
2020-10-09 12:54:02,054 [pool-374-thread-1] INFO  ratis.ContainerStateMachine (ContainerStateMachine.java:loadSnapshot(225)) - group-8A46ABBCFB7D: The snapshot info is null. Setting the last applied indexto:(t:0, i:~)
2020-10-09 12:54:02,054 [pool-374-thread-1] INFO  server.RaftServerConfigKeys (ConfUtils.java:logGet(44)) - raft.server.notification.no-leader.timeout = 300000ms (custom)
2020-10-09 12:54:02,054 [pool-374-thread-1] INFO  server.RaftServerConfigKeys (ConfUtils.java:logGet(44)) - raft.server.log.use.memory = false (default)
2020-10-09 12:54:02,055 [pool-374-thread-1] INFO  server.RaftServerConfigKeys (ConfUtils.java:logGet(44)) - raft.server.log.purge.gap = 1000000 (custom)
2020-10-09 12:54:02,055 [pool-374-thread-1] INFO  metrics.RatisMetrics (RatisMetrics.java:lambda$create$0(36)) - Creating Metrics Registry : ratis.log_worker.630ef14c-7f18-435b-8dbc-84d96446fc51@group-8A46ABBCFB7D
2020-10-09 12:54:02,055 [pool-374-thread-1] INFO  server.RaftServerConfigKeys (ConfUtils.java:logGet(44)) - raft.server.log.appender.buffer.byte-limit = 33554432 (custom)
2020-10-09 12:54:02,055 [pool-374-thread-1] INFO  server.RaftServerConfigKeys (ConfUtils.java:logGet(44)) - raft.server.log.segment.size.max = 1048576 (custom)
2020-10-09 12:54:02,056 [pool-374-thread-1] INFO  server.RaftServerConfigKeys (ConfUtils.java:logGet(44)) - raft.server.log.segment.cache.num.max = 2 (custom)
2020-10-09 12:54:02,056 [pool-374-thread-1] INFO  segmented.SegmentedRaftLogWorker (SegmentedRaftLogWorker.java:<init>(180)) - new 630ef14c-7f18-435b-8dbc-84d96446fc51@group-8A46ABBCFB7D-SegmentedRaftLogWorker for RaftStorage:Storage Directory /github/workspace/mnt/ozone/hadoop-ozone/integration-test/target/test-dir/MiniOzoneClusterImpl-691c6000-d337-4848-84ec-e56c11f2c172/datanode-0/data/ratis/00658d78-ed27-4808-a5ae-8a46abbcfb7d
2020-10-09 12:54:02,056 [pool-374-thread-1] INFO  server.RaftServerConfigKeys (ConfUtils.java:logGet(44)) - raft.server.log.queue.byte-limit = 2147483647 (custom)
2020-10-09 12:54:02,056 [pool-374-thread-1] INFO  server.RaftServerConfigKeys (ConfUtils.java:logGet(44)) - raft.server.log.queue.element-limit = 1024 (custom)
2020-10-09 12:54:02,056 [pool-374-thread-1] INFO  server.RaftServerConfigKeys (ConfUtils.java:logGet(44)) - raft.server.log.segment.size.max = 1048576 (custom)
2020-10-09 12:54:02,056 [pool-374-thread-1] INFO  server.RaftServerConfigKeys (ConfUtils.java:logGet(44)) - raft.server.log.preallocated.size = 16384 (custom)
2020-10-09 12:54:02,056 [pool-374-thread-1] INFO  server.RaftServerConfigKeys (ConfUtils.java:logGet(44)) - raft.server.log.write.buffer.size = 1048576 (custom)
2020-10-09 12:54:02,056 [pool-374-thread-1] INFO  server.RaftServerConfigKeys (ConfUtils.java:logGet(44)) - raft.server.log.force.sync.num = 128 (default)
2020-10-09 12:54:02,056 [pool-374-thread-1] INFO  server.RaftServerConfigKeys (ConfUtils.java:logGet(44)) - raft.server.log.statemachine.data.sync = true (default)
2020-10-09 12:54:02,056 [pool-374-thread-1] INFO  server.RaftServerConfigKeys (ConfUtils.java:logGet(44)) - raft.server.log.statemachine.data.sync.timeout = 10s (default)
2020-10-09 12:54:02,056 [pool-374-thread-1] INFO  server.RaftServerConfigKeys (ConfUtils.java:logGet(44)) - raft.server.log.statemachine.data.sync.timeout.retry = -1 (default)
2020-10-09 12:54:02,058 [pool-374-thread-1] INFO  server.RaftServerConfigKeys (ConfUtils.java:logGet(44)) - raft.server.log.statemachine.data.caching.enabled = true (custom)
2020-10-09 12:54:02,058 [pool-374-thread-1] INFO  segmented.SegmentedRaftLogWorker (SegmentedRaftLogWorker.java:lambda$new$0(129)) - 630ef14c-7f18-435b-8dbc-84d96446fc51@group-8A46ABBCFB7D-SegmentedRaftLogWorker: flushIndex: setUnconditionally 0 -> -1
2020-10-09 12:54:02,058 [pool-374-thread-1] INFO  segmented.SegmentedRaftLogWorker (SegmentedRaftLogWorker.java:lambda$new$0(129)) - 630ef14c-7f18-435b-8dbc-84d96446fc51@group-8A46ABBCFB7D-SegmentedRaftLogWorker: safeCacheEvictIndex: setUnconditionally 0 -> -1
2020-10-09 12:54:02,049 [pool-389-thread-1] INFO  storage.RaftStorage (RaftStorage.java:format(84)) - Storage directory /github/workspace/mnt/ozone/hadoop-ozone/integration-test/target/test-dir/MiniOzoneClusterImpl-691c6000-d337-4848-84ec-e56c11f2c172/datanode-1/data/ratis/81109f46-b9cb-4ad9-8f7f-84a301199869 has been successfully formatted.
2020-10-09 12:54:02,059 [pool-389-thread-1] INFO  ratis.ContainerStateMachine (ContainerStateMachine.java:loadSnapshot(225)) - group-84A301199869: The snapshot info is null. Setting the last applied indexto:(t:0, i:~)
2020-10-09 12:54:02,059 [pool-389-thread-1] INFO  server.RaftServerConfigKeys (ConfUtils.java:logGet(44)) - raft.server.notification.no-leader.timeout = 300000ms (custom)
2020-10-09 12:54:02,059 [pool-389-thread-1] INFO  server.RaftServerConfigKeys (ConfUtils.java:logGet(44)) - raft.server.log.use.memory = false (default)
2020-10-09 12:54:02,059 [pool-389-thread-1] INFO  server.RaftServerConfigKeys (ConfUtils.java:logGet(44)) - raft.server.log.purge.gap = 1000000 (custom)
2020-10-09 12:54:02,059 [pool-389-thread-1] INFO  metrics.RatisMetrics (RatisMetrics.java:lambda$create$0(36)) - Creating Metrics Registry : ratis.log_worker.45ecfedc-f1ca-4ee4-92ac-24908ad068c6@group-84A301199869
2020-10-09 12:54:02,049 [Command processor thread] INFO  impl.RaftServerProxy (RaftServerProxy.java:addNew(92)) - 5e659369-1ee8-49c0-87c0-5752057ef24d: addNew group-7CE5FB7F8D79:[5e659369-1ee8-49c0-87c0-5752057ef24d:172.17.0.2:37457:0] returns group-7CE5FB7F8D79:java.util.concurrent.CompletableFuture@581955c[Not completed]
2020-10-09 12:54:02,059 [pool-389-thread-1] INFO  server.RaftServerConfigKeys (ConfUtils.java:logGet(44)) - raft.server.log.appender.buffer.byte-limit = 33554432 (custom)
2020-10-09 12:54:02,059 [pool-389-thread-1] INFO  server.RaftServerConfigKeys (ConfUtils.java:logGet(44)) - raft.server.log.segment.size.max = 1048576 (custom)
2020-10-09 12:54:02,060 [EventQueue-PipelineReportForPipelineReportHandler] INFO  pipeline.PipelineStateManager (PipelineStateManager.java:openPipeline(131)) - Pipeline Pipeline[ Id: 81109f46-b9cb-4ad9-8f7f-84a301199869, Nodes: 45ecfedc-f1ca-4ee4-92ac-24908ad068c6{ip: 172.17.0.2, host: 44394113892a, networkLocation: /default-rack, certSerialId: null}, Type:RATIS, Factor:ONE, State:ALLOCATED, leaderId:45ecfedc-f1ca-4ee4-92ac-24908ad068c6, CreationTimestamp2020-10-09T12:53:58.674Z] moved to OPEN state
2020-10-09 12:54:02,062 [pool-389-thread-1] INFO  server.RaftServerConfigKeys (ConfUtils.java:logGet(44)) - raft.server.log.segment.cache.num.max = 2 (custom)
2020-10-09 12:54:02,062 [pool-389-thread-1] INFO  segmented.SegmentedRaftLogWorker (SegmentedRaftLogWorker.java:<init>(180)) - new 45ecfedc-f1ca-4ee4-92ac-24908ad068c6@group-84A301199869-SegmentedRaftLogWorker for RaftStorage:Storage Directory /github/workspace/mnt/ozone/hadoop-ozone/integration-test/target/test-dir/MiniOzoneClusterImpl-691c6000-d337-4848-84ec-e56c11f2c172/datanode-1/data/ratis/81109f46-b9cb-4ad9-8f7f-84a301199869
2020-10-09 12:54:02,062 [pool-389-thread-1] INFO  server.RaftServerConfigKeys (ConfUtils.java:logGet(44)) - raft.server.log.queue.byte-limit = 2147483647 (custom)
2020-10-09 12:54:02,062 [pool-389-thread-1] INFO  server.RaftServerConfigKeys (ConfUtils.java:logGet(44)) - raft.server.log.queue.element-limit = 1024 (custom)
2020-10-09 12:54:02,062 [pool-389-thread-1] INFO  server.RaftServerConfigKeys (ConfUtils.java:logGet(44)) - raft.server.log.segment.size.max = 1048576 (custom)
2020-10-09 12:54:02,063 [pool-389-thread-1] INFO  server.RaftServerConfigKeys (ConfUtils.java:logGet(44)) - raft.server.log.preallocated.size = 16384 (custom)
2020-10-09 12:54:02,063 [pool-389-thread-1] INFO  server.RaftServerConfigKeys (ConfUtils.java:logGet(44)) - raft.server.log.write.buffer.size = 1048576 (custom)
2020-10-09 12:54:02,063 [pool-389-thread-1] INFO  server.RaftServerConfigKeys (ConfUtils.java:logGet(44)) - raft.server.log.force.sync.num = 128 (default)
2020-10-09 12:54:02,063 [pool-389-thread-1] INFO  server.RaftServerConfigKeys (ConfUtils.java:logGet(44)) - raft.server.log.statemachine.data.sync = true (default)
2020-10-09 12:54:02,063 [pool-389-thread-1] INFO  server.RaftServerConfigKeys (ConfUtils.java:logGet(44)) - raft.server.log.statemachine.data.sync.timeout = 10s (default)
2020-10-09 12:54:02,063 [pool-389-thread-1] INFO  server.RaftServerConfigKeys (ConfUtils.java:logGet(44)) - raft.server.log.statemachine.data.sync.timeout.retry = -1 (default)
2020-10-09 12:54:02,065 [pool-389-thread-1] INFO  server.RaftServerConfigKeys (ConfUtils.java:logGet(44)) - raft.server.log.statemachine.data.caching.enabled = true (custom)
2020-10-09 12:54:02,065 [pool-389-thread-1] INFO  segmented.SegmentedRaftLogWorker (SegmentedRaftLogWorker.java:lambda$new$0(129)) - 45ecfedc-f1ca-4ee4-92ac-24908ad068c6@group-84A301199869-SegmentedRaftLogWorker: flushIndex: setUnconditionally 0 -> -1
2020-10-09 12:54:02,066 [pool-389-thread-1] INFO  segmented.SegmentedRaftLogWorker (SegmentedRaftLogWorker.java:lambda$new$0(129)) - 45ecfedc-f1ca-4ee4-92ac-24908ad068c6@group-84A301199869-SegmentedRaftLogWorker: safeCacheEvictIndex: setUnconditionally 0 -> -1
2020-10-09 12:54:02,054 [pool-419-thread-1] INFO  server.RaftServerConfigKeys (ConfUtils.java:logGet(44)) - raft.server.rpc.timeout.min = 5s (custom)
2020-10-09 12:54:02,063 [EventQueue-OpenPipelineForOneReplicaPipelineSafeModeRule] INFO  safemode.SCMSafeModeManager (SCMSafeModeManager.java:validateSafeModeExitRules(214)) - AtleastOneDatanodeReportedRule rule is successfully validated
2020-10-09 12:54:02,063 [EventQueue-OpenPipelineForHealthyPipelineSafeModeRule] INFO  safemode.SCMSafeModeManager (HealthyPipelineSafeModeRule.java:process(129)) - SCM in safe mode. Healthy pipelines reported count is 0, required healthy pipeline reported count is 1
2020-10-09 12:54:02,066 [pool-419-thread-1] INFO  server.RaftServerConfigKeys (ConfUtils.java:logGet(44)) - raft.server.rpc.timeout.max = 5200ms (custom)
2020-10-09 12:54:02,066 [pool-419-thread-1] INFO  server.RaftServerConfigKeys (ConfUtils.java:logGet(44)) - raft.server.rpcslowness.timeout = 300000ms (custom)
2020-10-09 12:54:02,066 [pool-419-thread-1] INFO  server.RaftServerConfigKeys (ConfUtils.java:logGet(44)) - raft.server.sleep.deviation.threshold = 300 (default)
2020-10-09 12:54:02,066 [pool-419-thread-1] INFO  server.RaftServerConfigKeys (ConfUtils.java:logGet(44)) - raft.server.log.appender.install.snapshot.enabled = false (custom)
2020-10-09 12:54:02,066 [pool-419-thread-1] INFO  impl.RaftServerImpl (ServerState.java:<init>(104)) - 5e659369-1ee8-49c0-87c0-5752057ef24d@group-7CE5FB7F8D79: ConfigurationManager, init=-1: [5e659369-1ee8-49c0-87c0-5752057ef24d:172.17.0.2:37457:0], old=null, confs=<EMPTY_MAP>
2020-10-09 12:54:02,066 [pool-419-thread-1] INFO  server.RaftServerConfigKeys (ConfUtils.java:logGet(44)) - raft.server.storage.dir = [/github/workspace/mnt/ozone/hadoop-ozone/integration-test/target/test-dir/MiniOzoneClusterImpl-691c6000-d337-4848-84ec-e56c11f2c172/datanode-3/data/ratis] (custom)
2020-10-09 12:54:02,066 [pool-419-thread-1] INFO  server.RaftServerConfigKeys (ConfUtils.java:logGet(44)) - raft.server.log.corruption.policy = EXCEPTION (default)
2020-10-09 12:54:02,066 [pool-419-thread-1] INFO  storage.RaftStorageDirectory (RaftStorageDirectory.java:analyzeStorage(261)) - The storage directory /github/workspace/mnt/ozone/hadoop-ozone/integration-test/target/test-dir/MiniOzoneClusterImpl-691c6000-d337-4848-84ec-e56c11f2c172/datanode-3/data/ratis/a15ff165-ded0-4b0b-ae9a-7ce5fb7f8d79 does not exist. Creating ...
2020-10-09 12:54:02,067 [pool-389-thread-1] INFO  server.RaftServerConfigKeys (ConfUtils.java:logGet(44)) - raft.server.snapshot.auto.trigger.enabled = true (custom)
2020-10-09 12:54:02,067 [pool-389-thread-1] INFO  server.RaftServerConfigKeys (ConfUtils.java:logGet(44)) - raft.server.snapshot.auto.trigger.threshold = 10000 (custom)
2020-10-09 12:54:02,067 [pool-389-thread-1] INFO  server.RaftServerConfigKeys (ConfUtils.java:logGet(44)) - raft.server.snapshot.retention.file.num = 5 (custom)
2020-10-09 12:54:02,067 [pool-389-thread-1] INFO  server.RaftServerConfigKeys (ConfUtils.java:logGet(44)) - raft.server.log.purge.upto.snapshot.index = false (default)
2020-10-09 12:54:02,067 [pool-389-thread-1] INFO  server.RaftServerConfigKeys (ConfUtils.java:logGet(44)) - raft.server.retrycache.expirytime = 600000ms (custom)
2020-10-09 12:54:02,067 [pool-389-thread-1] INFO  metrics.RatisMetrics (RatisMetrics.java:lambda$create$0(36)) - Creating Metrics Registry : ratis.leader_election.45ecfedc-f1ca-4ee4-92ac-24908ad068c6@group-84A301199869
2020-10-09 12:54:02,059 [pool-374-thread-1] INFO  server.RaftServerConfigKeys (ConfUtils.java:logGet(44)) - raft.server.snapshot.auto.trigger.enabled = true (custom)
2020-10-09 12:54:02,067 [pool-374-thread-1] INFO  server.RaftServerConfigKeys (ConfUtils.java:logGet(44)) - raft.server.snapshot.auto.trigger.threshold = 10000 (custom)
2020-10-09 12:54:02,068 [pool-374-thread-1] INFO  server.RaftServerConfigKeys (ConfUtils.java:logGet(44)) - raft.server.snapshot.retention.file.num = 5 (custom)
2020-10-09 12:54:02,068 [pool-374-thread-1] INFO  server.RaftServerConfigKeys (ConfUtils.java:logGet(44)) - raft.server.log.purge.upto.snapshot.index = false (default)
2020-10-09 12:54:02,068 [pool-374-thread-1] INFO  server.RaftServerConfigKeys (ConfUtils.java:logGet(44)) - raft.server.retrycache.expirytime = 600000ms (custom)
2020-10-09 12:54:02,068 [pool-389-thread-1] INFO  metrics.RatisMetrics (RatisMetrics.java:lambda$create$0(36)) - Creating Metrics Registry : ratis.server.45ecfedc-f1ca-4ee4-92ac-24908ad068c6@group-84A301199869
2020-10-09 12:54:02,068 [pool-374-thread-1] INFO  metrics.RatisMetrics (RatisMetrics.java:lambda$create$0(36)) - Creating Metrics Registry : ratis.leader_election.630ef14c-7f18-435b-8dbc-84d96446fc51@group-8A46ABBCFB7D
2020-10-09 12:54:02,074 [pool-374-thread-1] INFO  metrics.RatisMetrics (RatisMetrics.java:lambda$create$0(36)) - Creating Metrics Registry : ratis.server.630ef14c-7f18-435b-8dbc-84d96446fc51@group-8A46ABBCFB7D
2020-10-09 12:54:02,076 [pool-389-thread-1] INFO  impl.RaftServerImpl (RaftServerImpl.java:start(209)) - 45ecfedc-f1ca-4ee4-92ac-24908ad068c6@group-84A301199869: start as a follower, conf=-1: [45ecfedc-f1ca-4ee4-92ac-24908ad068c6:172.17.0.2:39189:0], old=null
2020-10-09 12:54:02,076 [pool-389-thread-1] INFO  impl.RaftServerImpl (RaftServerImpl.java:setRole(198)) - 45ecfedc-f1ca-4ee4-92ac-24908ad068c6@group-84A301199869: changes role from      null to FOLLOWER at term 0 for startAsFollower
2020-10-09 12:54:02,076 [pool-389-thread-1] INFO  impl.RoleInfo (RoleInfo.java:updateAndGet(143)) - 45ecfedc-f1ca-4ee4-92ac-24908ad068c6: start FollowerState
2020-10-09 12:54:02,076 [pool-374-thread-1] INFO  impl.RaftServerImpl (RaftServerImpl.java:start(209)) - 630ef14c-7f18-435b-8dbc-84d96446fc51@group-8A46ABBCFB7D: start as a follower, conf=-1: [630ef14c-7f18-435b-8dbc-84d96446fc51:172.17.0.2:34737:0, 45ecfedc-f1ca-4ee4-92ac-24908ad068c6:172.17.0.2:39189:0, 38f48239-bc06-46da-ac74-74ed7351a0a0:172.17.0.2:41897:0], old=null
2020-10-09 12:54:02,077 [pool-374-thread-1] INFO  impl.RaftServerImpl (RaftServerImpl.java:setRole(198)) - 630ef14c-7f18-435b-8dbc-84d96446fc51@group-8A46ABBCFB7D: changes role from      null to FOLLOWER at term 0 for startAsFollower
2020-10-09 12:54:02,077 [pool-374-thread-1] INFO  impl.RoleInfo (RoleInfo.java:updateAndGet(143)) - 630ef14c-7f18-435b-8dbc-84d96446fc51: start FollowerState
2020-10-09 12:54:02,077 [pool-389-thread-1] INFO  util.JmxRegister (JmxRegister.java:tryRegister(44)) - Successfully registered JMX Bean with object name Ratis:service=RaftServer,group=group-84A301199869,id=45ecfedc-f1ca-4ee4-92ac-24908ad068c6
2020-10-09 12:54:02,077 [pool-389-thread-1] INFO  metrics.RatisMetrics (RatisMetrics.java:lambda$create$0(36)) - Creating Metrics Registry : ratis.state_machine.45ecfedc-f1ca-4ee4-92ac-24908ad068c6@group-84A301199869
2020-10-09 12:54:02,079 [pool-374-thread-1] INFO  util.JmxRegister (JmxRegister.java:tryRegister(44)) - Successfully registered JMX Bean with object name Ratis:service=RaftServer,group=group-8A46ABBCFB7D,id=630ef14c-7f18-435b-8dbc-84d96446fc51
2020-10-09 12:54:02,079 [pool-374-thread-1] INFO  metrics.RatisMetrics (RatisMetrics.java:lambda$create$0(36)) - Creating Metrics Registry : ratis.state_machine.630ef14c-7f18-435b-8dbc-84d96446fc51@group-8A46ABBCFB7D
2020-10-09 12:54:02,084 [Command processor thread] INFO  metrics.RatisMetrics (RatisMetrics.java:lambda$create$0(36)) - Creating Metrics Registry : ratis.client_message_metrics.client-7FB371F572C7->45ecfedc-f1ca-4ee4-92ac-24908ad068c6
2020-10-09 12:54:02,090 [Command processor thread] INFO  commandhandler.CreatePipelineCommandHandler (CreatePipelineCommandHandler.java:handle(110)) - Created Pipeline RATIS ONE #id: "81109f46-b9cb-4ad9-8f7f-84a301199869"
uuid128 {
  mostSigBits: -9146635717075842343
  leastSigBits: -8106614968610613143
}
.
2020-10-09 12:54:02,090 [Command processor thread] INFO  impl.RaftServerProxy (RaftServerProxy.java:addNew(92)) - 45ecfedc-f1ca-4ee4-92ac-24908ad068c6: addNew group-8A46ABBCFB7D:[630ef14c-7f18-435b-8dbc-84d96446fc51:172.17.0.2:34737:0, 45ecfedc-f1ca-4ee4-92ac-24908ad068c6:172.17.0.2:39189:0, 38f48239-bc06-46da-ac74-74ed7351a0a0:172.17.0.2:41897:0] returns group-8A46ABBCFB7D:java.util.concurrent.CompletableFuture@7bc7157c[Not completed]
2020-10-09 12:54:02,093 [pool-389-thread-1] INFO  impl.RaftServerImpl (RaftServerImpl.java:<init>(120)) - 45ecfedc-f1ca-4ee4-92ac-24908ad068c6: new RaftServerImpl for group-8A46ABBCFB7D:[630ef14c-7f18-435b-8dbc-84d96446fc51:172.17.0.2:34737:0, 45ecfedc-f1ca-4ee4-92ac-24908ad068c6:172.17.0.2:39189:0, 38f48239-bc06-46da-ac74-74ed7351a0a0:172.17.0.2:41897:0] with ContainerStateMachine:uninitialized
2020-10-09 12:54:02,093 [pool-389-thread-1] INFO  server.RaftServerConfigKeys (ConfUtils.java:logGet(44)) - raft.server.rpc.timeout.min = 5s (custom)
2020-10-09 12:54:02,093 [pool-389-thread-1] INFO  server.RaftServerConfigKeys (ConfUtils.java:logGet(44)) - raft.server.rpc.timeout.max = 5200ms (custom)
2020-10-09 12:54:02,094 [pool-389-thread-1] INFO  server.RaftServerConfigKeys (ConfUtils.java:logGet(44)) - raft.server.rpcslowness.timeout = 300000ms (custom)
2020-10-09 12:54:02,094 [pool-389-thread-1] INFO  server.RaftServerConfigKeys (ConfUtils.java:logGet(44)) - raft.server.sleep.deviation.threshold = 300 (default)
2020-10-09 12:54:02,094 [pool-389-thread-1] INFO  server.RaftServerConfigKeys (ConfUtils.java:logGet(44)) - raft.server.log.appender.install.snapshot.enabled = false (custom)
2020-10-09 12:54:02,094 [pool-389-thread-1] INFO  impl.RaftServerImpl (ServerState.java:<init>(104)) - 45ecfedc-f1ca-4ee4-92ac-24908ad068c6@group-8A46ABBCFB7D: ConfigurationManager, init=-1: [630ef14c-7f18-435b-8dbc-84d96446fc51:172.17.0.2:34737:0, 45ecfedc-f1ca-4ee4-92ac-24908ad068c6:172.17.0.2:39189:0, 38f48239-bc06-46da-ac74-74ed7351a0a0:172.17.0.2:41897:0], old=null, confs=<EMPTY_MAP>
2020-10-09 12:54:02,094 [pool-389-thread-1] INFO  server.RaftServerConfigKeys (ConfUtils.java:logGet(44)) - raft.server.storage.dir = [/github/workspace/mnt/ozone/hadoop-ozone/integration-test/target/test-dir/MiniOzoneClusterImpl-691c6000-d337-4848-84ec-e56c11f2c172/datanode-1/data/ratis] (custom)
2020-10-09 12:54:02,094 [pool-389-thread-1] INFO  server.RaftServerConfigKeys (ConfUtils.java:logGet(44)) - raft.server.log.corruption.policy = EXCEPTION (default)
2020-10-09 12:54:02,094 [pool-389-thread-1] INFO  storage.RaftStorageDirectory (RaftStorageDirectory.java:analyzeStorage(261)) - The storage directory /github/workspace/mnt/ozone/hadoop-ozone/integration-test/target/test-dir/MiniOzoneClusterImpl-691c6000-d337-4848-84ec-e56c11f2c172/datanode-1/data/ratis/00658d78-ed27-4808-a5ae-8a46abbcfb7d does not exist. Creating ...
2020-10-09 12:54:02,097 [grpc-default-executor-2] INFO  metrics.RatisMetrics (RatisMetrics.java:lambda$create$0(36)) - Creating Metrics Registry : ratis.server_message_metrics.45ecfedc-f1ca-4ee4-92ac-24908ad068c6
2020-10-09 12:54:02,121 [Command processor thread] INFO  metrics.RatisMetrics (RatisMetrics.java:lambda$create$0(36)) - Creating Metrics Registry : ratis.client_message_metrics.client-F08E91AA425E->38f48239-bc06-46da-ac74-74ed7351a0a0
2020-10-09 12:54:02,125 [grpc-default-executor-2] INFO  metrics.RatisMetrics (RatisMetrics.java:lambda$create$0(36)) - Creating Metrics Registry : ratis.server_message_metrics.38f48239-bc06-46da-ac74-74ed7351a0a0
2020-10-09 12:54:02,127 [grpc-default-executor-2] INFO  impl.RaftServerProxy (RaftServerProxy.java:addNew(92)) - 38f48239-bc06-46da-ac74-74ed7351a0a0: addNew group-8A46ABBCFB7D:[630ef14c-7f18-435b-8dbc-84d96446fc51:172.17.0.2:34737:0, 45ecfedc-f1ca-4ee4-92ac-24908ad068c6:172.17.0.2:39189:0, 38f48239-bc06-46da-ac74-74ed7351a0a0:172.17.0.2:41897:0] returns group-8A46ABBCFB7D:java.util.concurrent.CompletableFuture@5cb616e0[Not completed]
2020-10-09 12:54:02,142 [pool-389-thread-1] INFO  storage.RaftStorageDirectory (RaftStorageDirectory.java:tryLock(343)) - Lock on /github/workspace/mnt/ozone/hadoop-ozone/integration-test/target/test-dir/MiniOzoneClusterImpl-691c6000-d337-4848-84ec-e56c11f2c172/datanode-1/data/ratis/00658d78-ed27-4808-a5ae-8a46abbcfb7d/in_use.lock acquired by nodename 5888@44394113892a
2020-10-09 12:54:02,142 [pool-419-thread-1] INFO  storage.RaftStorageDirectory (RaftStorageDirectory.java:tryLock(343)) - Lock on /github/workspace/mnt/ozone/hadoop-ozone/integration-test/target/test-dir/MiniOzoneClusterImpl-691c6000-d337-4848-84ec-e56c11f2c172/datanode-3/data/ratis/a15ff165-ded0-4b0b-ae9a-7ce5fb7f8d79/in_use.lock acquired by nodename 5888@44394113892a
2020-10-09 12:54:02,142 [pool-404-thread-1] INFO  storage.RaftStorage (RaftStorage.java:format(84)) - Storage directory /github/workspace/mnt/ozone/hadoop-ozone/integration-test/target/test-dir/MiniOzoneClusterImpl-691c6000-d337-4848-84ec-e56c11f2c172/datanode-2/data/ratis/197b757a-e183-4b17-9416-b2ecea19d339 has been successfully formatted.
2020-10-09 12:54:02,143 [pool-404-thread-1] INFO  ratis.ContainerStateMachine (ContainerStateMachine.java:loadSnapshot(225)) - group-B2ECEA19D339: The snapshot info is null. Setting the last applied indexto:(t:0, i:~)
2020-10-09 12:54:02,143 [pool-404-thread-1] INFO  server.RaftServerConfigKeys (ConfUtils.java:logGet(44)) - raft.server.notification.no-leader.timeout = 300000ms (custom)
2020-10-09 12:54:02,143 [pool-404-thread-1] INFO  server.RaftServerConfigKeys (ConfUtils.java:logGet(44)) - raft.server.log.use.memory = false (default)
2020-10-09 12:54:02,144 [pool-404-thread-1] INFO  server.RaftServerConfigKeys (ConfUtils.java:logGet(44)) - raft.server.log.purge.gap = 1000000 (custom)
2020-10-09 12:54:02,144 [pool-404-thread-1] INFO  metrics.RatisMetrics (RatisMetrics.java:lambda$create$0(36)) - Creating Metrics Registry : ratis.log_worker.38f48239-bc06-46da-ac74-74ed7351a0a0@group-B2ECEA19D339
2020-10-09 12:54:02,144 [pool-404-thread-1] INFO  server.RaftServerConfigKeys (ConfUtils.java:logGet(44)) - raft.server.log.appender.buffer.byte-limit = 33554432 (custom)
2020-10-09 12:54:02,144 [pool-404-thread-1] INFO  server.RaftServerConfigKeys (ConfUtils.java:logGet(44)) - raft.server.log.segment.size.max = 1048576 (custom)
2020-10-09 12:54:02,144 [EventQueue-PipelineReportForPipelineReportHandler] INFO  pipeline.PipelineStateManager (PipelineStateManager.java:openPipeline(131)) - Pipeline Pipeline[ Id: 197b757a-e183-4b17-9416-b2ecea19d339, Nodes: 38f48239-bc06-46da-ac74-74ed7351a0a0{ip: 172.17.0.2, host: 44394113892a, networkLocation: /default-rack, certSerialId: null}, Type:RATIS, Factor:ONE, State:ALLOCATED, leaderId:38f48239-bc06-46da-ac74-74ed7351a0a0, CreationTimestamp2020-10-09T12:53:58.853Z] moved to OPEN state
2020-10-09 12:54:02,144 [EventQueue-OpenPipelineForHealthyPipelineSafeModeRule] INFO  safemode.SCMSafeModeManager (HealthyPipelineSafeModeRule.java:process(129)) - SCM in safe mode. Healthy pipelines reported count is 0, required healthy pipeline reported count is 1
2020-10-09 12:54:02,144 [EventQueue-OpenPipelineForOneReplicaPipelineSafeModeRule] INFO  safemode.SCMSafeModeManager (SCMSafeModeManager.java:validateSafeModeExitRules(214)) - AtleastOneDatanodeReportedRule rule is successfully validated
2020-10-09 12:54:02,145 [pool-404-thread-1] INFO  server.RaftServerConfigKeys (ConfUtils.java:logGet(44)) - raft.server.log.segment.cache.num.max = 2 (custom)
2020-10-09 12:54:02,145 [pool-404-thread-1] INFO  segmented.SegmentedRaftLogWorker (SegmentedRaftLogWorker.java:<init>(180)) - new 38f48239-bc06-46da-ac74-74ed7351a0a0@group-B2ECEA19D339-SegmentedRaftLogWorker for RaftStorage:Storage Directory /github/workspace/mnt/ozone/hadoop-ozone/integration-test/target/test-dir/MiniOzoneClusterImpl-691c6000-d337-4848-84ec-e56c11f2c172/datanode-2/data/ratis/197b757a-e183-4b17-9416-b2ecea19d339
2020-10-09 12:54:02,145 [pool-404-thread-1] INFO  server.RaftServerConfigKeys (ConfUtils.java:logGet(44)) - raft.server.log.queue.byte-limit = 2147483647 (custom)
2020-10-09 12:54:02,145 [pool-404-thread-1] INFO  server.RaftServerConfigKeys (ConfUtils.java:logGet(44)) - raft.server.log.queue.element-limit = 1024 (custom)
2020-10-09 12:54:02,145 [pool-404-thread-1] INFO  server.RaftServerConfigKeys (ConfUtils.java:logGet(44)) - raft.server.log.segment.size.max = 1048576 (custom)
2020-10-09 12:54:02,145 [pool-404-thread-1] INFO  server.RaftServerConfigKeys (ConfUtils.java:logGet(44)) - raft.server.log.preallocated.size = 16384 (custom)
2020-10-09 12:54:02,145 [pool-404-thread-1] INFO  server.RaftServerConfigKeys (ConfUtils.java:logGet(44)) - raft.server.log.write.buffer.size = 1048576 (custom)
2020-10-09 12:54:02,145 [pool-404-thread-1] INFO  server.RaftServerConfigKeys (ConfUtils.java:logGet(44)) - raft.server.log.force.sync.num = 128 (default)
2020-10-09 12:54:02,145 [pool-404-thread-1] INFO  server.RaftServerConfigKeys (ConfUtils.java:logGet(44)) - raft.server.log.statemachine.data.sync = true (default)
2020-10-09 12:54:02,145 [pool-404-thread-1] INFO  server.RaftServerConfigKeys (ConfUtils.java:logGet(44)) - raft.server.log.statemachine.data.sync.timeout = 10s (default)
2020-10-09 12:54:02,145 [pool-404-thread-1] INFO  server.RaftServerConfigKeys (ConfUtils.java:logGet(44)) - raft.server.log.statemachine.data.sync.timeout.retry = -1 (default)
2020-10-09 12:54:02,143 [pool-419-thread-1] INFO  storage.RaftStorage (RaftStorage.java:format(84)) - Storage directory /github/workspace/mnt/ozone/hadoop-ozone/integration-test/target/test-dir/MiniOzoneClusterImpl-691c6000-d337-4848-84ec-e56c11f2c172/datanode-3/data/ratis/a15ff165-ded0-4b0b-ae9a-7ce5fb7f8d79 has been successfully formatted.
2020-10-09 12:54:02,146 [pool-419-thread-1] INFO  ratis.ContainerStateMachine (ContainerStateMachine.java:loadSnapshot(225)) - group-7CE5FB7F8D79: The snapshot info is null. Setting the last applied indexto:(t:0, i:~)
2020-10-09 12:54:02,146 [pool-419-thread-1] INFO  server.RaftServerConfigKeys (ConfUtils.java:logGet(44)) - raft.server.notification.no-leader.timeout = 300000ms (custom)
2020-10-09 12:54:02,146 [pool-419-thread-1] INFO  server.RaftServerConfigKeys (ConfUtils.java:logGet(44)) - raft.server.log.use.memory = false (default)
2020-10-09 12:54:02,146 [pool-419-thread-1] INFO  server.RaftServerConfigKeys (ConfUtils.java:logGet(44)) - raft.server.log.purge.gap = 1000000 (custom)
2020-10-09 12:54:02,146 [pool-419-thread-1] INFO  metrics.RatisMetrics (RatisMetrics.java:lambda$create$0(36)) - Creating Metrics Registry : ratis.log_worker.5e659369-1ee8-49c0-87c0-5752057ef24d@group-7CE5FB7F8D79
2020-10-09 12:54:02,146 [pool-419-thread-1] INFO  server.RaftServerConfigKeys (ConfUtils.java:logGet(44)) - raft.server.log.appender.buffer.byte-limit = 33554432 (custom)
2020-10-09 12:54:02,146 [pool-419-thread-1] INFO  server.RaftServerConfigKeys (ConfUtils.java:logGet(44)) - raft.server.log.segment.size.max = 1048576 (custom)
2020-10-09 12:54:02,147 [pool-389-thread-1] INFO  storage.RaftStorage (RaftStorage.java:format(84)) - Storage directory /github/workspace/mnt/ozone/hadoop-ozone/integration-test/target/test-dir/MiniOzoneClusterImpl-691c6000-d337-4848-84ec-e56c11f2c172/datanode-1/data/ratis/00658d78-ed27-4808-a5ae-8a46abbcfb7d has been successfully formatted.
2020-10-09 12:54:02,147 [pool-389-thread-1] INFO  ratis.ContainerStateMachine (ContainerStateMachine.java:loadSnapshot(225)) - group-8A46ABBCFB7D: The snapshot info is null. Setting the last applied indexto:(t:0, i:~)
2020-10-09 12:54:02,147 [pool-419-thread-1] INFO  server.RaftServerConfigKeys (ConfUtils.java:logGet(44)) - raft.server.log.segment.cache.num.max = 2 (custom)
2020-10-09 12:54:02,147 [pool-419-thread-1] INFO  segmented.SegmentedRaftLogWorker (SegmentedRaftLogWorker.java:<init>(180)) - new 5e659369-1ee8-49c0-87c0-5752057ef24d@group-7CE5FB7F8D79-SegmentedRaftLogWorker for RaftStorage:Storage Directory /github/workspace/mnt/ozone/hadoop-ozone/integration-test/target/test-dir/MiniOzoneClusterImpl-691c6000-d337-4848-84ec-e56c11f2c172/datanode-3/data/ratis/a15ff165-ded0-4b0b-ae9a-7ce5fb7f8d79
2020-10-09 12:54:02,147 [pool-419-thread-1] INFO  server.RaftServerConfigKeys (ConfUtils.java:logGet(44)) - raft.server.log.queue.byte-limit = 2147483647 (custom)
2020-10-09 12:54:02,147 [pool-419-thread-1] INFO  server.RaftServerConfigKeys (ConfUtils.java:logGet(44)) - raft.server.log.queue.element-limit = 1024 (custom)
2020-10-09 12:54:02,147 [pool-419-thread-1] INFO  server.RaftServerConfigKeys (ConfUtils.java:logGet(44)) - raft.server.log.segment.size.max = 1048576 (custom)
2020-10-09 12:54:02,147 [pool-419-thread-1] INFO  server.RaftServerConfigKeys (ConfUtils.java:logGet(44)) - raft.server.log.preallocated.size = 16384 (custom)
2020-10-09 12:54:02,148 [pool-419-thread-1] INFO  server.RaftServerConfigKeys (ConfUtils.java:logGet(44)) - raft.server.log.write.buffer.size = 1048576 (custom)
2020-10-09 12:54:02,148 [pool-419-thread-1] INFO  server.RaftServerConfigKeys (ConfUtils.java:logGet(44)) - raft.server.log.force.sync.num = 128 (default)
2020-10-09 12:54:02,148 [pool-419-thread-1] INFO  server.RaftServerConfigKeys (ConfUtils.java:logGet(44)) - raft.server.log.statemachine.data.sync = true (default)
2020-10-09 12:54:02,148 [pool-419-thread-1] INFO  server.RaftServerConfigKeys (ConfUtils.java:logGet(44)) - raft.server.log.statemachine.data.sync.timeout = 10s (default)
2020-10-09 12:54:02,148 [pool-419-thread-1] INFO  server.RaftServerConfigKeys (ConfUtils.java:logGet(44)) - raft.server.log.statemachine.data.sync.timeout.retry = -1 (default)
2020-10-09 12:54:02,147 [pool-389-thread-1] INFO  server.RaftServerConfigKeys (ConfUtils.java:logGet(44)) - raft.server.notification.no-leader.timeout = 300000ms (custom)
2020-10-09 12:54:02,148 [EventQueue-PipelineReportForPipelineReportHandler] INFO  pipeline.PipelineStateManager (PipelineStateManager.java:openPipeline(131)) - Pipeline Pipeline[ Id: a15ff165-ded0-4b0b-ae9a-7ce5fb7f8d79, Nodes: 5e659369-1ee8-49c0-87c0-5752057ef24d{ip: 172.17.0.2, host: 44394113892a, networkLocation: /default-rack, certSerialId: null}, Type:RATIS, Factor:ONE, State:ALLOCATED, leaderId:5e659369-1ee8-49c0-87c0-5752057ef24d, CreationTimestamp2020-10-09T12:53:59.050Z] moved to OPEN state
2020-10-09 12:54:02,148 [pool-389-thread-1] INFO  server.RaftServerConfigKeys (ConfUtils.java:logGet(44)) - raft.server.log.use.memory = false (default)
2020-10-09 12:54:02,149 [EventQueue-OpenPipelineForHealthyPipelineSafeModeRule] INFO  safemode.SCMSafeModeManager (HealthyPipelineSafeModeRule.java:process(129)) - SCM in safe mode. Healthy pipelines reported count is 0, required healthy pipeline reported count is 1
2020-10-09 12:54:02,149 [EventQueue-OpenPipelineForOneReplicaPipelineSafeModeRule] INFO  safemode.SCMSafeModeManager (SCMSafeModeManager.java:validateSafeModeExitRules(214)) - AtleastOneDatanodeReportedRule rule is successfully validated
2020-10-09 12:54:02,149 [pool-389-thread-1] INFO  server.RaftServerConfigKeys (ConfUtils.java:logGet(44)) - raft.server.log.purge.gap = 1000000 (custom)
2020-10-09 12:54:02,149 [pool-389-thread-1] INFO  metrics.RatisMetrics (RatisMetrics.java:lambda$create$0(36)) - Creating Metrics Registry : ratis.log_worker.45ecfedc-f1ca-4ee4-92ac-24908ad068c6@group-8A46ABBCFB7D
2020-10-09 12:54:02,149 [pool-389-thread-1] INFO  server.RaftServerConfigKeys (ConfUtils.java:logGet(44)) - raft.server.log.appender.buffer.byte-limit = 33554432 (custom)
2020-10-09 12:54:02,149 [pool-389-thread-1] INFO  server.RaftServerConfigKeys (ConfUtils.java:logGet(44)) - raft.server.log.segment.size.max = 1048576 (custom)
2020-10-09 12:54:02,152 [pool-404-thread-1] INFO  server.RaftServerConfigKeys (ConfUtils.java:logGet(44)) - raft.server.log.statemachine.data.caching.enabled = true (custom)
2020-10-09 12:54:02,152 [pool-404-thread-1] INFO  segmented.SegmentedRaftLogWorker (SegmentedRaftLogWorker.java:lambda$new$0(129)) - 38f48239-bc06-46da-ac74-74ed7351a0a0@group-B2ECEA19D339-SegmentedRaftLogWorker: flushIndex: setUnconditionally 0 -> -1
2020-10-09 12:54:02,152 [pool-404-thread-1] INFO  segmented.SegmentedRaftLogWorker (SegmentedRaftLogWorker.java:lambda$new$0(129)) - 38f48239-bc06-46da-ac74-74ed7351a0a0@group-B2ECEA19D339-SegmentedRaftLogWorker: safeCacheEvictIndex: setUnconditionally 0 -> -1
2020-10-09 12:54:02,153 [pool-404-thread-1] INFO  server.RaftServerConfigKeys (ConfUtils.java:logGet(44)) - raft.server.snapshot.auto.trigger.enabled = true (custom)
2020-10-09 12:54:02,153 [pool-404-thread-1] INFO  server.RaftServerConfigKeys (ConfUtils.java:logGet(44)) - raft.server.snapshot.auto.trigger.threshold = 10000 (custom)
2020-10-09 12:54:02,153 [pool-404-thread-1] INFO  server.RaftServerConfigKeys (ConfUtils.java:logGet(44)) - raft.server.snapshot.retention.file.num = 5 (custom)
2020-10-09 12:54:02,153 [pool-404-thread-1] INFO  server.RaftServerConfigKeys (ConfUtils.java:logGet(44)) - raft.server.log.purge.upto.snapshot.index = false (default)
2020-10-09 12:54:02,153 [pool-404-thread-1] INFO  server.RaftServerConfigKeys (ConfUtils.java:logGet(44)) - raft.server.retrycache.expirytime = 600000ms (custom)
2020-10-09 12:54:02,153 [pool-404-thread-1] INFO  metrics.RatisMetrics (RatisMetrics.java:lambda$create$0(36)) - Creating Metrics Registry : ratis.leader_election.38f48239-bc06-46da-ac74-74ed7351a0a0@group-B2ECEA19D339
2020-10-09 12:54:02,153 [pool-389-thread-1] INFO  server.RaftServerConfigKeys (ConfUtils.java:logGet(44)) - raft.server.log.segment.cache.num.max = 2 (custom)
2020-10-09 12:54:02,153 [pool-389-thread-1] INFO  segmented.SegmentedRaftLogWorker (SegmentedRaftLogWorker.java:<init>(180)) - new 45ecfedc-f1ca-4ee4-92ac-24908ad068c6@group-8A46ABBCFB7D-SegmentedRaftLogWorker for RaftStorage:Storage Directory /github/workspace/mnt/ozone/hadoop-ozone/integration-test/target/test-dir/MiniOzoneClusterImpl-691c6000-d337-4848-84ec-e56c11f2c172/datanode-1/data/ratis/00658d78-ed27-4808-a5ae-8a46abbcfb7d
2020-10-09 12:54:02,153 [pool-389-thread-1] INFO  server.RaftServerConfigKeys (ConfUtils.java:logGet(44)) - raft.server.log.queue.byte-limit = 2147483647 (custom)
2020-10-09 12:54:02,153 [pool-389-thread-1] INFO  server.RaftServerConfigKeys (ConfUtils.java:logGet(44)) - raft.server.log.queue.element-limit = 1024 (custom)
2020-10-09 12:54:02,154 [pool-389-thread-1] INFO  server.RaftServerConfigKeys (ConfUtils.java:logGet(44)) - raft.server.log.segment.size.max = 1048576 (custom)
2020-10-09 12:54:02,154 [pool-389-thread-1] INFO  server.RaftServerConfigKeys (ConfUtils.java:logGet(44)) - raft.server.log.preallocated.size = 16384 (custom)
2020-10-09 12:54:02,154 [pool-389-thread-1] INFO  server.RaftServerConfigKeys (ConfUtils.java:logGet(44)) - raft.server.log.write.buffer.size = 1048576 (custom)
2020-10-09 12:54:02,154 [pool-389-thread-1] INFO  server.RaftServerConfigKeys (ConfUtils.java:logGet(44)) - raft.server.log.force.sync.num = 128 (default)
2020-10-09 12:54:02,154 [pool-389-thread-1] INFO  server.RaftServerConfigKeys (ConfUtils.java:logGet(44)) - raft.server.log.statemachine.data.sync = true (default)
2020-10-09 12:54:02,154 [pool-389-thread-1] INFO  server.RaftServerConfigKeys (ConfUtils.java:logGet(44)) - raft.server.log.statemachine.data.sync.timeout = 10s (default)
2020-10-09 12:54:02,154 [pool-389-thread-1] INFO  server.RaftServerConfigKeys (ConfUtils.java:logGet(44)) - raft.server.log.statemachine.data.sync.timeout.retry = -1 (default)
2020-10-09 12:54:02,157 [pool-404-thread-1] INFO  metrics.RatisMetrics (RatisMetrics.java:lambda$create$0(36)) - Creating Metrics Registry : ratis.server.38f48239-bc06-46da-ac74-74ed7351a0a0@group-B2ECEA19D339
2020-10-09 12:54:02,158 [pool-419-thread-1] INFO  server.RaftServerConfigKeys (ConfUtils.java:logGet(44)) - raft.server.log.statemachine.data.caching.enabled = true (custom)
2020-10-09 12:54:02,158 [pool-419-thread-1] INFO  segmented.SegmentedRaftLogWorker (SegmentedRaftLogWorker.java:lambda$new$0(129)) - 5e659369-1ee8-49c0-87c0-5752057ef24d@group-7CE5FB7F8D79-SegmentedRaftLogWorker: flushIndex: setUnconditionally 0 -> -1
2020-10-09 12:54:02,158 [pool-419-thread-1] INFO  segmented.SegmentedRaftLogWorker (SegmentedRaftLogWorker.java:lambda$new$0(129)) - 5e659369-1ee8-49c0-87c0-5752057ef24d@group-7CE5FB7F8D79-SegmentedRaftLogWorker: safeCacheEvictIndex: setUnconditionally 0 -> -1
2020-10-09 12:54:02,158 [pool-419-thread-1] INFO  server.RaftServerConfigKeys (ConfUtils.java:logGet(44)) - raft.server.snapshot.auto.trigger.enabled = true (custom)
2020-10-09 12:54:02,158 [pool-419-thread-1] INFO  server.RaftServerConfigKeys (ConfUtils.java:logGet(44)) - raft.server.snapshot.auto.trigger.threshold = 10000 (custom)
2020-10-09 12:54:02,159 [pool-419-thread-1] INFO  server.RaftServerConfigKeys (ConfUtils.java:logGet(44)) - raft.server.snapshot.retention.file.num = 5 (custom)
2020-10-09 12:54:02,159 [pool-419-thread-1] INFO  server.RaftServerConfigKeys (ConfUtils.java:logGet(44)) - raft.server.log.purge.upto.snapshot.index = false (default)
2020-10-09 12:54:02,159 [pool-419-thread-1] INFO  server.RaftServerConfigKeys (ConfUtils.java:logGet(44)) - raft.server.retrycache.expirytime = 600000ms (custom)
2020-10-09 12:54:02,159 [pool-419-thread-1] INFO  metrics.RatisMetrics (RatisMetrics.java:lambda$create$0(36)) - Creating Metrics Registry : ratis.leader_election.5e659369-1ee8-49c0-87c0-5752057ef24d@group-7CE5FB7F8D79
2020-10-09 12:54:02,159 [pool-419-thread-1] INFO  metrics.RatisMetrics (RatisMetrics.java:lambda$create$0(36)) - Creating Metrics Registry : ratis.server.5e659369-1ee8-49c0-87c0-5752057ef24d@group-7CE5FB7F8D79
2020-10-09 12:54:02,161 [pool-419-thread-1] INFO  impl.RaftServerImpl (RaftServerImpl.java:start(209)) - 5e659369-1ee8-49c0-87c0-5752057ef24d@group-7CE5FB7F8D79: start as a follower, conf=-1: [5e659369-1ee8-49c0-87c0-5752057ef24d:172.17.0.2:37457:0], old=null
2020-10-09 12:54:02,161 [pool-419-thread-1] INFO  impl.RaftServerImpl (RaftServerImpl.java:setRole(198)) - 5e659369-1ee8-49c0-87c0-5752057ef24d@group-7CE5FB7F8D79: changes role from      null to FOLLOWER at term 0 for startAsFollower
2020-10-09 12:54:02,161 [pool-419-thread-1] INFO  impl.RoleInfo (RoleInfo.java:updateAndGet(143)) - 5e659369-1ee8-49c0-87c0-5752057ef24d: start FollowerState
2020-10-09 12:54:02,161 [pool-419-thread-1] INFO  util.JmxRegister (JmxRegister.java:tryRegister(44)) - Successfully registered JMX Bean with object name Ratis:service=RaftServer,group=group-7CE5FB7F8D79,id=5e659369-1ee8-49c0-87c0-5752057ef24d
2020-10-09 12:54:02,161 [pool-419-thread-1] INFO  metrics.RatisMetrics (RatisMetrics.java:lambda$create$0(36)) - Creating Metrics Registry : ratis.state_machine.5e659369-1ee8-49c0-87c0-5752057ef24d@group-7CE5FB7F8D79
2020-10-09 12:54:02,167 [Command processor thread] INFO  commandhandler.CreatePipelineCommandHandler (CreatePipelineCommandHandler.java:handle(110)) - Created Pipeline RATIS ONE #id: "a15ff165-ded0-4b0b-ae9a-7ce5fb7f8d79"
uuid128 {
  mostSigBits: -6818465890983458037
  leastSigBits: -5865238237487854215
}
.
2020-10-09 12:54:02,167 [Command processor thread] INFO  impl.RaftServerProxy (RaftServerProxy.java:addNew(92)) - 5e659369-1ee8-49c0-87c0-5752057ef24d: addNew group-9EDE46CD1470:[b183437e-7ee0-4740-aae6-e25f1cff2701:172.17.0.2:37195:0, 5e659369-1ee8-49c0-87c0-5752057ef24d:172.17.0.2:37457:0, ba372c3f-ca6e-4b22-85c8-8c60b51fa7c9:172.17.0.2:42215:0] returns group-9EDE46CD1470:java.util.concurrent.CompletableFuture@1be0134[Not completed]
2020-10-09 12:54:02,168 [pool-404-thread-1] INFO  impl.RaftServerImpl (RaftServerImpl.java:<init>(120)) - 38f48239-bc06-46da-ac74-74ed7351a0a0: new RaftServerImpl for group-8A46ABBCFB7D:[630ef14c-7f18-435b-8dbc-84d96446fc51:172.17.0.2:34737:0, 45ecfedc-f1ca-4ee4-92ac-24908ad068c6:172.17.0.2:39189:0, 38f48239-bc06-46da-ac74-74ed7351a0a0:172.17.0.2:41897:0] with ContainerStateMachine:uninitialized
2020-10-09 12:54:02,168 [pool-404-thread-1] INFO  server.RaftServerConfigKeys (ConfUtils.java:logGet(44)) - raft.server.rpc.timeout.min = 5s (custom)
2020-10-09 12:54:02,168 [pool-404-thread-1] INFO  server.RaftServerConfigKeys (ConfUtils.java:logGet(44)) - raft.server.rpc.timeout.max = 5200ms (custom)
2020-10-09 12:54:02,168 [pool-404-thread-1] INFO  server.RaftServerConfigKeys (ConfUtils.java:logGet(44)) - raft.server.rpcslowness.timeout = 300000ms (custom)
2020-10-09 12:54:02,168 [pool-404-thread-1] INFO  server.RaftServerConfigKeys (ConfUtils.java:logGet(44)) - raft.server.sleep.deviation.threshold = 300 (default)
2020-10-09 12:54:02,168 [pool-404-thread-1] INFO  server.RaftServerConfigKeys (ConfUtils.java:logGet(44)) - raft.server.log.appender.install.snapshot.enabled = false (custom)
2020-10-09 12:54:02,168 [pool-404-thread-1] INFO  impl.RaftServerImpl (ServerState.java:<init>(104)) - 38f48239-bc06-46da-ac74-74ed7351a0a0@group-8A46ABBCFB7D: ConfigurationManager, init=-1: [630ef14c-7f18-435b-8dbc-84d96446fc51:172.17.0.2:34737:0, 45ecfedc-f1ca-4ee4-92ac-24908ad068c6:172.17.0.2:39189:0, 38f48239-bc06-46da-ac74-74ed7351a0a0:172.17.0.2:41897:0], old=null, confs=<EMPTY_MAP>
2020-10-09 12:54:02,168 [pool-404-thread-1] INFO  server.RaftServerConfigKeys (ConfUtils.java:logGet(44)) - raft.server.storage.dir = [/github/workspace/mnt/ozone/hadoop-ozone/integration-test/target/test-dir/MiniOzoneClusterImpl-691c6000-d337-4848-84ec-e56c11f2c172/datanode-2/data/ratis] (custom)
2020-10-09 12:54:02,169 [pool-404-thread-1] INFO  server.RaftServerConfigKeys (ConfUtils.java:logGet(44)) - raft.server.log.corruption.policy = EXCEPTION (default)
2020-10-09 12:54:02,169 [pool-404-thread-1] INFO  storage.RaftStorageDirectory (RaftStorageDirectory.java:analyzeStorage(261)) - The storage directory /github/workspace/mnt/ozone/hadoop-ozone/integration-test/target/test-dir/MiniOzoneClusterImpl-691c6000-d337-4848-84ec-e56c11f2c172/datanode-2/data/ratis/00658d78-ed27-4808-a5ae-8a46abbcfb7d does not exist. Creating ...
2020-10-09 12:54:02,170 [pool-419-thread-1] INFO  impl.RaftServerImpl (RaftServerImpl.java:<init>(120)) - 5e659369-1ee8-49c0-87c0-5752057ef24d: new RaftServerImpl for group-9EDE46CD1470:[b183437e-7ee0-4740-aae6-e25f1cff2701:172.17.0.2:37195:0, 5e659369-1ee8-49c0-87c0-5752057ef24d:172.17.0.2:37457:0, ba372c3f-ca6e-4b22-85c8-8c60b51fa7c9:172.17.0.2:42215:0] with ContainerStateMachine:uninitialized
2020-10-09 12:54:02,170 [pool-419-thread-1] INFO  server.RaftServerConfigKeys (ConfUtils.java:logGet(44)) - raft.server.rpc.timeout.min = 5s (custom)
2020-10-09 12:54:02,170 [pool-419-thread-1] INFO  server.RaftServerConfigKeys (ConfUtils.java:logGet(44)) - raft.server.rpc.timeout.max = 5200ms (custom)
2020-10-09 12:54:02,170 [pool-419-thread-1] INFO  server.RaftServerConfigKeys (ConfUtils.java:logGet(44)) - raft.server.rpcslowness.timeout = 300000ms (custom)
2020-10-09 12:54:02,170 [pool-419-thread-1] INFO  server.RaftServerConfigKeys (ConfUtils.java:logGet(44)) - raft.server.sleep.deviation.threshold = 300 (default)
2020-10-09 12:54:02,170 [pool-404-thread-1] INFO  storage.RaftStorageDirectory (RaftStorageDirectory.java:tryLock(343)) - Lock on /github/workspace/mnt/ozone/hadoop-ozone/integration-test/target/test-dir/MiniOzoneClusterImpl-691c6000-d337-4848-84ec-e56c11f2c172/datanode-2/data/ratis/00658d78-ed27-4808-a5ae-8a46abbcfb7d/in_use.lock acquired by nodename 5888@44394113892a
2020-10-09 12:54:02,171 [pool-419-thread-1] INFO  server.RaftServerConfigKeys (ConfUtils.java:logGet(44)) - raft.server.log.appender.install.snapshot.enabled = false (custom)
2020-10-09 12:54:02,171 [pool-419-thread-1] INFO  impl.RaftServerImpl (ServerState.java:<init>(104)) - 5e659369-1ee8-49c0-87c0-5752057ef24d@group-9EDE46CD1470: ConfigurationManager, init=-1: [b183437e-7ee0-4740-aae6-e25f1cff2701:172.17.0.2:37195:0, 5e659369-1ee8-49c0-87c0-5752057ef24d:172.17.0.2:37457:0, ba372c3f-ca6e-4b22-85c8-8c60b51fa7c9:172.17.0.2:42215:0], old=null, confs=<EMPTY_MAP>
2020-10-09 12:54:02,171 [pool-419-thread-1] INFO  server.RaftServerConfigKeys (ConfUtils.java:logGet(44)) - raft.server.storage.dir = [/github/workspace/mnt/ozone/hadoop-ozone/integration-test/target/test-dir/MiniOzoneClusterImpl-691c6000-d337-4848-84ec-e56c11f2c172/datanode-3/data/ratis] (custom)
2020-10-09 12:54:02,171 [pool-419-thread-1] INFO  server.RaftServerConfigKeys (ConfUtils.java:logGet(44)) - raft.server.log.corruption.policy = EXCEPTION (default)
2020-10-09 12:54:02,171 [pool-419-thread-1] INFO  storage.RaftStorageDirectory (RaftStorageDirectory.java:analyzeStorage(261)) - The storage directory /github/workspace/mnt/ozone/hadoop-ozone/integration-test/target/test-dir/MiniOzoneClusterImpl-691c6000-d337-4848-84ec-e56c11f2c172/datanode-3/data/ratis/bf62a005-c6ba-4874-874d-9ede46cd1470 does not exist. Creating ...
2020-10-09 12:54:02,171 [pool-404-thread-1] INFO  storage.RaftStorage (RaftStorage.java:format(84)) - Storage directory /github/workspace/mnt/ozone/hadoop-ozone/integration-test/target/test-dir/MiniOzoneClusterImpl-691c6000-d337-4848-84ec-e56c11f2c172/datanode-2/data/ratis/00658d78-ed27-4808-a5ae-8a46abbcfb7d has been successfully formatted.
2020-10-09 12:54:02,172 [pool-404-thread-1] INFO  ratis.ContainerStateMachine (ContainerStateMachine.java:loadSnapshot(225)) - group-8A46ABBCFB7D: The snapshot info is null. Setting the last applied indexto:(t:0, i:~)
2020-10-09 12:54:02,172 [pool-404-thread-1] INFO  server.RaftServerConfigKeys (ConfUtils.java:logGet(44)) - raft.server.notification.no-leader.timeout = 300000ms (custom)
2020-10-09 12:54:02,172 [pool-404-thread-1] INFO  server.RaftServerConfigKeys (ConfUtils.java:logGet(44)) - raft.server.log.use.memory = false (default)
2020-10-09 12:54:02,173 [pool-404-thread-1] INFO  server.RaftServerConfigKeys (ConfUtils.java:logGet(44)) - raft.server.log.purge.gap = 1000000 (custom)
2020-10-09 12:54:02,173 [pool-404-thread-1] INFO  metrics.RatisMetrics (RatisMetrics.java:lambda$create$0(36)) - Creating Metrics Registry : ratis.log_worker.38f48239-bc06-46da-ac74-74ed7351a0a0@group-8A46ABBCFB7D
2020-10-09 12:54:02,173 [pool-389-thread-1] INFO  server.RaftServerConfigKeys (ConfUtils.java:logGet(44)) - raft.server.log.statemachine.data.caching.enabled = true (custom)
2020-10-09 12:54:02,173 [pool-404-thread-1] INFO  server.RaftServerConfigKeys (ConfUtils.java:logGet(44)) - raft.server.log.appender.buffer.byte-limit = 33554432 (custom)
2020-10-09 12:54:02,173 [pool-404-thread-1] INFO  server.RaftServerConfigKeys (ConfUtils.java:logGet(44)) - raft.server.log.segment.size.max = 1048576 (custom)
2020-10-09 12:54:02,173 [pool-389-thread-1] INFO  segmented.SegmentedRaftLogWorker (SegmentedRaftLogWorker.java:lambda$new$0(129)) - 45ecfedc-f1ca-4ee4-92ac-24908ad068c6@group-8A46ABBCFB7D-SegmentedRaftLogWorker: flushIndex: setUnconditionally 0 -> -1
2020-10-09 12:54:02,173 [pool-389-thread-1] INFO  segmented.SegmentedRaftLogWorker (SegmentedRaftLogWorker.java:lambda$new$0(129)) - 45ecfedc-f1ca-4ee4-92ac-24908ad068c6@group-8A46ABBCFB7D-SegmentedRaftLogWorker: safeCacheEvictIndex: setUnconditionally 0 -> -1
2020-10-09 12:54:02,173 [pool-419-thread-1] INFO  storage.RaftStorageDirectory (RaftStorageDirectory.java:tryLock(343)) - Lock on /github/workspace/mnt/ozone/hadoop-ozone/integration-test/target/test-dir/MiniOzoneClusterImpl-691c6000-d337-4848-84ec-e56c11f2c172/datanode-3/data/ratis/bf62a005-c6ba-4874-874d-9ede46cd1470/in_use.lock acquired by nodename 5888@44394113892a
2020-10-09 12:54:02,174 [pool-404-thread-1] INFO  server.RaftServerConfigKeys (ConfUtils.java:logGet(44)) - raft.server.log.segment.cache.num.max = 2 (custom)
2020-10-09 12:54:02,174 [pool-404-thread-1] INFO  segmented.SegmentedRaftLogWorker (SegmentedRaftLogWorker.java:<init>(180)) - new 38f48239-bc06-46da-ac74-74ed7351a0a0@group-8A46ABBCFB7D-SegmentedRaftLogWorker for RaftStorage:Storage Directory /github/workspace/mnt/ozone/hadoop-ozone/integration-test/target/test-dir/MiniOzoneClusterImpl-691c6000-d337-4848-84ec-e56c11f2c172/datanode-2/data/ratis/00658d78-ed27-4808-a5ae-8a46abbcfb7d
2020-10-09 12:54:02,174 [pool-389-thread-1] INFO  server.RaftServerConfigKeys (ConfUtils.java:logGet(44)) - raft.server.snapshot.auto.trigger.enabled = true (custom)
2020-10-09 12:54:02,174 [pool-389-thread-1] INFO  server.RaftServerConfigKeys (ConfUtils.java:logGet(44)) - raft.server.snapshot.auto.trigger.threshold = 10000 (custom)
2020-10-09 12:54:02,174 [pool-389-thread-1] INFO  server.RaftServerConfigKeys (ConfUtils.java:logGet(44)) - raft.server.snapshot.retention.file.num = 5 (custom)
2020-10-09 12:54:02,175 [pool-389-thread-1] INFO  server.RaftServerConfigKeys (ConfUtils.java:logGet(44)) - raft.server.log.purge.upto.snapshot.index = false (default)
2020-10-09 12:54:02,174 [pool-404-thread-1] INFO  server.RaftServerConfigKeys (ConfUtils.java:logGet(44)) - raft.server.log.queue.byte-limit = 2147483647 (custom)
2020-10-09 12:54:02,175 [pool-419-thread-1] INFO  storage.RaftStorage (RaftStorage.java:format(84)) - Storage directory /github/workspace/mnt/ozone/hadoop-ozone/integration-test/target/test-dir/MiniOzoneClusterImpl-691c6000-d337-4848-84ec-e56c11f2c172/datanode-3/data/ratis/bf62a005-c6ba-4874-874d-9ede46cd1470 has been successfully formatted.
2020-10-09 12:54:02,175 [pool-419-thread-1] INFO  ratis.ContainerStateMachine (ContainerStateMachine.java:loadSnapshot(225)) - group-9EDE46CD1470: The snapshot info is null. Setting the last applied indexto:(t:0, i:~)
2020-10-09 12:54:02,175 [pool-419-thread-1] INFO  server.RaftServerConfigKeys (ConfUtils.java:logGet(44)) - raft.server.notification.no-leader.timeout = 300000ms (custom)
2020-10-09 12:54:02,175 [pool-419-thread-1] INFO  server.RaftServerConfigKeys (ConfUtils.java:logGet(44)) - raft.server.log.use.memory = false (default)
2020-10-09 12:54:02,175 [pool-419-thread-1] INFO  server.RaftServerConfigKeys (ConfUtils.java:logGet(44)) - raft.server.log.purge.gap = 1000000 (custom)
2020-10-09 12:54:02,176 [pool-419-thread-1] INFO  metrics.RatisMetrics (RatisMetrics.java:lambda$create$0(36)) - Creating Metrics Registry : ratis.log_worker.5e659369-1ee8-49c0-87c0-5752057ef24d@group-9EDE46CD1470
2020-10-09 12:54:02,176 [pool-419-thread-1] INFO  server.RaftServerConfigKeys (ConfUtils.java:logGet(44)) - raft.server.log.appender.buffer.byte-limit = 33554432 (custom)
2020-10-09 12:54:02,176 [pool-419-thread-1] INFO  server.RaftServerConfigKeys (ConfUtils.java:logGet(44)) - raft.server.log.segment.size.max = 1048576 (custom)
2020-10-09 12:54:02,177 [pool-419-thread-1] INFO  server.RaftServerConfigKeys (ConfUtils.java:logGet(44)) - raft.server.log.segment.cache.num.max = 2 (custom)
2020-10-09 12:54:02,177 [pool-419-thread-1] INFO  segmented.SegmentedRaftLogWorker (SegmentedRaftLogWorker.java:<init>(180)) - new 5e659369-1ee8-49c0-87c0-5752057ef24d@group-9EDE46CD1470-SegmentedRaftLogWorker for RaftStorage:Storage Directory /github/workspace/mnt/ozone/hadoop-ozone/integration-test/target/test-dir/MiniOzoneClusterImpl-691c6000-d337-4848-84ec-e56c11f2c172/datanode-3/data/ratis/bf62a005-c6ba-4874-874d-9ede46cd1470
2020-10-09 12:54:02,177 [pool-419-thread-1] INFO  server.RaftServerConfigKeys (ConfUtils.java:logGet(44)) - raft.server.log.queue.byte-limit = 2147483647 (custom)
2020-10-09 12:54:02,177 [pool-419-thread-1] INFO  server.RaftServerConfigKeys (ConfUtils.java:logGet(44)) - raft.server.log.queue.element-limit = 1024 (custom)
2020-10-09 12:54:02,177 [pool-419-thread-1] INFO  server.RaftServerConfigKeys (ConfUtils.java:logGet(44)) - raft.server.log.segment.size.max = 1048576 (custom)
2020-10-09 12:54:02,177 [pool-419-thread-1] INFO  server.RaftServerConfigKeys (ConfUtils.java:logGet(44)) - raft.server.log.preallocated.size = 16384 (custom)
2020-10-09 12:54:02,177 [pool-419-thread-1] INFO  server.RaftServerConfigKeys (ConfUtils.java:logGet(44)) - raft.server.log.write.buffer.size = 1048576 (custom)
2020-10-09 12:54:02,177 [pool-419-thread-1] INFO  server.RaftServerConfigKeys (ConfUtils.java:logGet(44)) - raft.server.log.force.sync.num = 128 (default)
2020-10-09 12:54:02,177 [pool-419-thread-1] INFO  server.RaftServerConfigKeys (ConfUtils.java:logGet(44)) - raft.server.log.statemachine.data.sync = true (default)
2020-10-09 12:54:02,177 [pool-419-thread-1] INFO  server.RaftServerConfigKeys (ConfUtils.java:logGet(44)) - raft.server.log.statemachine.data.sync.timeout = 10s (default)
2020-10-09 12:54:02,177 [pool-419-thread-1] INFO  server.RaftServerConfigKeys (ConfUtils.java:logGet(44)) - raft.server.log.statemachine.data.sync.timeout.retry = -1 (default)
2020-10-09 12:54:02,175 [pool-389-thread-1] INFO  server.RaftServerConfigKeys (ConfUtils.java:logGet(44)) - raft.server.retrycache.expirytime = 600000ms (custom)
2020-10-09 12:54:02,179 [pool-389-thread-1] INFO  metrics.RatisMetrics (RatisMetrics.java:lambda$create$0(36)) - Creating Metrics Registry : ratis.leader_election.45ecfedc-f1ca-4ee4-92ac-24908ad068c6@group-8A46ABBCFB7D
2020-10-09 12:54:02,179 [pool-419-thread-1] INFO  server.RaftServerConfigKeys (ConfUtils.java:logGet(44)) - raft.server.log.statemachine.data.caching.enabled = true (custom)
2020-10-09 12:54:02,180 [pool-419-thread-1] INFO  segmented.SegmentedRaftLogWorker (SegmentedRaftLogWorker.java:lambda$new$0(129)) - 5e659369-1ee8-49c0-87c0-5752057ef24d@group-9EDE46CD1470-SegmentedRaftLogWorker: flushIndex: setUnconditionally 0 -> -1
2020-10-09 12:54:02,180 [pool-419-thread-1] INFO  segmented.SegmentedRaftLogWorker (SegmentedRaftLogWorker.java:lambda$new$0(129)) - 5e659369-1ee8-49c0-87c0-5752057ef24d@group-9EDE46CD1470-SegmentedRaftLogWorker: safeCacheEvictIndex: setUnconditionally 0 -> -1
2020-10-09 12:54:02,180 [pool-419-thread-1] INFO  server.RaftServerConfigKeys (ConfUtils.java:logGet(44)) - raft.server.snapshot.auto.trigger.enabled = true (custom)
2020-10-09 12:54:02,180 [pool-419-thread-1] INFO  server.RaftServerConfigKeys (ConfUtils.java:logGet(44)) - raft.server.snapshot.auto.trigger.threshold = 10000 (custom)
2020-10-09 12:54:02,180 [pool-419-thread-1] INFO  server.RaftServerConfigKeys (ConfUtils.java:logGet(44)) - raft.server.snapshot.retention.file.num = 5 (custom)
2020-10-09 12:54:02,180 [pool-419-thread-1] INFO  server.RaftServerConfigKeys (ConfUtils.java:logGet(44)) - raft.server.log.purge.upto.snapshot.index = false (default)
2020-10-09 12:54:02,175 [pool-404-thread-1] INFO  server.RaftServerConfigKeys (ConfUtils.java:logGet(44)) - raft.server.log.queue.element-limit = 1024 (custom)
2020-10-09 12:54:02,180 [pool-419-thread-1] INFO  server.RaftServerConfigKeys (ConfUtils.java:logGet(44)) - raft.server.retrycache.expirytime = 600000ms (custom)
2020-10-09 12:54:02,180 [pool-389-thread-1] INFO  metrics.RatisMetrics (RatisMetrics.java:lambda$create$0(36)) - Creating Metrics Registry : ratis.server.45ecfedc-f1ca-4ee4-92ac-24908ad068c6@group-8A46ABBCFB7D
2020-10-09 12:54:02,181 [pool-419-thread-1] INFO  metrics.RatisMetrics (RatisMetrics.java:lambda$create$0(36)) - Creating Metrics Registry : ratis.leader_election.5e659369-1ee8-49c0-87c0-5752057ef24d@group-9EDE46CD1470
2020-10-09 12:54:02,181 [pool-404-thread-1] INFO  server.RaftServerConfigKeys (ConfUtils.java:logGet(44)) - raft.server.log.segment.size.max = 1048576 (custom)
2020-10-09 12:54:02,181 [pool-404-thread-1] INFO  server.RaftServerConfigKeys (ConfUtils.java:logGet(44)) - raft.server.log.preallocated.size = 16384 (custom)
2020-10-09 12:54:02,181 [pool-404-thread-1] INFO  server.RaftServerConfigKeys (ConfUtils.java:logGet(44)) - raft.server.log.write.buffer.size = 1048576 (custom)
2020-10-09 12:54:02,181 [pool-404-thread-1] INFO  server.RaftServerConfigKeys (ConfUtils.java:logGet(44)) - raft.server.log.force.sync.num = 128 (default)
2020-10-09 12:54:02,181 [pool-404-thread-1] INFO  server.RaftServerConfigKeys (ConfUtils.java:logGet(44)) - raft.server.log.statemachine.data.sync = true (default)
2020-10-09 12:54:02,182 [pool-404-thread-1] INFO  server.RaftServerConfigKeys (ConfUtils.java:logGet(44)) - raft.server.log.statemachine.data.sync.timeout = 10s (default)
2020-10-09 12:54:02,182 [pool-404-thread-1] INFO  server.RaftServerConfigKeys (ConfUtils.java:logGet(44)) - raft.server.log.statemachine.data.sync.timeout.retry = -1 (default)
2020-10-09 12:54:02,184 [pool-419-thread-1] INFO  metrics.RatisMetrics (RatisMetrics.java:lambda$create$0(36)) - Creating Metrics Registry : ratis.server.5e659369-1ee8-49c0-87c0-5752057ef24d@group-9EDE46CD1470
2020-10-09 12:54:02,185 [pool-419-thread-1] INFO  impl.RaftServerImpl (RaftServerImpl.java:start(209)) - 5e659369-1ee8-49c0-87c0-5752057ef24d@group-9EDE46CD1470: start as a follower, conf=-1: [b183437e-7ee0-4740-aae6-e25f1cff2701:172.17.0.2:37195:0, 5e659369-1ee8-49c0-87c0-5752057ef24d:172.17.0.2:37457:0, ba372c3f-ca6e-4b22-85c8-8c60b51fa7c9:172.17.0.2:42215:0], old=null
2020-10-09 12:54:02,185 [pool-419-thread-1] INFO  impl.RaftServerImpl (RaftServerImpl.java:setRole(198)) - 5e659369-1ee8-49c0-87c0-5752057ef24d@group-9EDE46CD1470: changes role from      null to FOLLOWER at term 0 for startAsFollower
2020-10-09 12:54:02,185 [pool-419-thread-1] INFO  impl.RoleInfo (RoleInfo.java:updateAndGet(143)) - 5e659369-1ee8-49c0-87c0-5752057ef24d: start FollowerState
2020-10-09 12:54:02,186 [pool-389-thread-1] INFO  impl.RaftServerImpl (RaftServerImpl.java:start(209)) - 45ecfedc-f1ca-4ee4-92ac-24908ad068c6@group-8A46ABBCFB7D: start as a follower, conf=-1: [630ef14c-7f18-435b-8dbc-84d96446fc51:172.17.0.2:34737:0, 45ecfedc-f1ca-4ee4-92ac-24908ad068c6:172.17.0.2:39189:0, 38f48239-bc06-46da-ac74-74ed7351a0a0:172.17.0.2:41897:0], old=null
2020-10-09 12:54:02,186 [pool-389-thread-1] INFO  impl.RaftServerImpl (RaftServerImpl.java:setRole(198)) - 45ecfedc-f1ca-4ee4-92ac-24908ad068c6@group-8A46ABBCFB7D: changes role from      null to FOLLOWER at term 0 for startAsFollower
2020-10-09 12:54:02,189 [pool-404-thread-1] INFO  server.RaftServerConfigKeys (ConfUtils.java:logGet(44)) - raft.server.log.statemachine.data.caching.enabled = true (custom)
2020-10-09 12:54:02,189 [pool-404-thread-1] INFO  segmented.SegmentedRaftLogWorker (SegmentedRaftLogWorker.java:lambda$new$0(129)) - 38f48239-bc06-46da-ac74-74ed7351a0a0@group-8A46ABBCFB7D-SegmentedRaftLogWorker: flushIndex: setUnconditionally 0 -> -1
2020-10-09 12:54:02,189 [pool-404-thread-1] INFO  segmented.SegmentedRaftLogWorker (SegmentedRaftLogWorker.java:lambda$new$0(129)) - 38f48239-bc06-46da-ac74-74ed7351a0a0@group-8A46ABBCFB7D-SegmentedRaftLogWorker: safeCacheEvictIndex: setUnconditionally 0 -> -1
2020-10-09 12:54:02,191 [pool-419-thread-1] INFO  util.JmxRegister (JmxRegister.java:tryRegister(44)) - Successfully registered JMX Bean with object name Ratis:service=RaftServer,group=group-9EDE46CD1470,id=5e659369-1ee8-49c0-87c0-5752057ef24d
2020-10-09 12:54:02,191 [pool-419-thread-1] INFO  metrics.RatisMetrics (RatisMetrics.java:lambda$create$0(36)) - Creating Metrics Registry : ratis.state_machine.5e659369-1ee8-49c0-87c0-5752057ef24d@group-9EDE46CD1470
2020-10-09 12:54:02,193 [Command processor thread] INFO  metrics.RatisMetrics (RatisMetrics.java:lambda$create$0(36)) - Creating Metrics Registry : ratis.client_message_metrics.client-663F1036EBFA->ba372c3f-ca6e-4b22-85c8-8c60b51fa7c9
2020-10-09 12:54:02,198 [pool-404-thread-1] INFO  server.RaftServerConfigKeys (ConfUtils.java:logGet(44)) - raft.server.snapshot.auto.trigger.enabled = true (custom)
2020-10-09 12:54:02,198 [pool-404-thread-1] INFO  server.RaftServerConfigKeys (ConfUtils.java:logGet(44)) - raft.server.snapshot.auto.trigger.threshold = 10000 (custom)
2020-10-09 12:54:02,198 [pool-404-thread-1] INFO  server.RaftServerConfigKeys (ConfUtils.java:logGet(44)) - raft.server.snapshot.retention.file.num = 5 (custom)
2020-10-09 12:54:02,198 [pool-404-thread-1] INFO  server.RaftServerConfigKeys (ConfUtils.java:logGet(44)) - raft.server.log.purge.upto.snapshot.index = false (default)
2020-10-09 12:54:02,198 [pool-404-thread-1] INFO  server.RaftServerConfigKeys (ConfUtils.java:logGet(44)) - raft.server.retrycache.expirytime = 600000ms (custom)
2020-10-09 12:54:02,198 [grpc-default-executor-2] INFO  metrics.RatisMetrics (RatisMetrics.java:lambda$create$0(36)) - Creating Metrics Registry : ratis.server_message_metrics.ba372c3f-ca6e-4b22-85c8-8c60b51fa7c9
2020-10-09 12:54:02,198 [pool-389-thread-1] INFO  impl.RoleInfo (RoleInfo.java:updateAndGet(143)) - 45ecfedc-f1ca-4ee4-92ac-24908ad068c6: start FollowerState
2020-10-09 12:54:02,198 [pool-404-thread-1] INFO  metrics.RatisMetrics (RatisMetrics.java:lambda$create$0(36)) - Creating Metrics Registry : ratis.leader_election.38f48239-bc06-46da-ac74-74ed7351a0a0@group-8A46ABBCFB7D
2020-10-09 12:54:02,199 [pool-404-thread-1] INFO  metrics.RatisMetrics (RatisMetrics.java:lambda$create$0(36)) - Creating Metrics Registry : ratis.server.38f48239-bc06-46da-ac74-74ed7351a0a0@group-8A46ABBCFB7D
2020-10-09 12:54:02,201 [pool-404-thread-1] INFO  impl.RaftServerImpl (RaftServerImpl.java:start(209)) - 38f48239-bc06-46da-ac74-74ed7351a0a0@group-B2ECEA19D339: start as a follower, conf=-1: [38f48239-bc06-46da-ac74-74ed7351a0a0:172.17.0.2:41897:0], old=null
2020-10-09 12:54:02,201 [pool-404-thread-1] INFO  impl.RaftServerImpl (RaftServerImpl.java:setRole(198)) - 38f48239-bc06-46da-ac74-74ed7351a0a0@group-B2ECEA19D339: changes role from      null to FOLLOWER at term 0 for startAsFollower
2020-10-09 12:54:02,201 [pool-389-thread-1] INFO  util.JmxRegister (JmxRegister.java:tryRegister(44)) - Successfully registered JMX Bean with object name Ratis:service=RaftServer,group=group-8A46ABBCFB7D,id=45ecfedc-f1ca-4ee4-92ac-24908ad068c6
2020-10-09 12:54:02,202 [pool-389-thread-1] INFO  metrics.RatisMetrics (RatisMetrics.java:lambda$create$0(36)) - Creating Metrics Registry : ratis.state_machine.45ecfedc-f1ca-4ee4-92ac-24908ad068c6@group-8A46ABBCFB7D
2020-10-09 12:54:02,203 [pool-404-thread-1] INFO  impl.RoleInfo (RoleInfo.java:updateAndGet(143)) - 38f48239-bc06-46da-ac74-74ed7351a0a0: start FollowerState
2020-10-09 12:54:02,203 [pool-404-thread-1] INFO  util.JmxRegister (JmxRegister.java:tryRegister(44)) - Successfully registered JMX Bean with object name Ratis:service=RaftServer,group=group-B2ECEA19D339,id=38f48239-bc06-46da-ac74-74ed7351a0a0
2020-10-09 12:54:02,203 [pool-404-thread-1] INFO  metrics.RatisMetrics (RatisMetrics.java:lambda$create$0(36)) - Creating Metrics Registry : ratis.state_machine.38f48239-bc06-46da-ac74-74ed7351a0a0@group-B2ECEA19D339
2020-10-09 12:54:02,204 [Command processor thread] INFO  metrics.RatisMetrics (RatisMetrics.java:lambda$create$0(36)) - Creating Metrics Registry : ratis.client_message_metrics.client-E5392E46B16A->630ef14c-7f18-435b-8dbc-84d96446fc51
2020-10-09 12:54:02,208 [grpc-default-executor-5] INFO  metrics.RatisMetrics (RatisMetrics.java:lambda$create$0(36)) - Creating Metrics Registry : ratis.server_message_metrics.630ef14c-7f18-435b-8dbc-84d96446fc51
2020-10-09 12:54:02,224 [pool-404-thread-1] INFO  impl.RaftServerImpl (RaftServerImpl.java:start(209)) - 38f48239-bc06-46da-ac74-74ed7351a0a0@group-8A46ABBCFB7D: start as a follower, conf=-1: [630ef14c-7f18-435b-8dbc-84d96446fc51:172.17.0.2:34737:0, 45ecfedc-f1ca-4ee4-92ac-24908ad068c6:172.17.0.2:39189:0, 38f48239-bc06-46da-ac74-74ed7351a0a0:172.17.0.2:41897:0], old=null
2020-10-09 12:54:02,224 [pool-404-thread-1] INFO  impl.RaftServerImpl (RaftServerImpl.java:setRole(198)) - 38f48239-bc06-46da-ac74-74ed7351a0a0@group-8A46ABBCFB7D: changes role from      null to FOLLOWER at term 0 for startAsFollower
2020-10-09 12:54:02,224 [pool-404-thread-1] INFO  impl.RoleInfo (RoleInfo.java:updateAndGet(143)) - 38f48239-bc06-46da-ac74-74ed7351a0a0: start FollowerState
2020-10-09 12:54:02,225 [Command processor thread] INFO  commandhandler.CreatePipelineCommandHandler (CreatePipelineCommandHandler.java:handle(110)) - Created Pipeline RATIS ONE #id: "197b757a-e183-4b17-9416-b2ecea19d339"
uuid128 {
  mostSigBits: 1836190443713547031
  leastSigBits: -7775830975998995655
}
.
2020-10-09 12:54:02,225 [pool-404-thread-1] INFO  util.JmxRegister (JmxRegister.java:tryRegister(44)) - Successfully registered JMX Bean with object name Ratis:service=RaftServer,group=group-8A46ABBCFB7D,id=38f48239-bc06-46da-ac74-74ed7351a0a0
2020-10-09 12:54:02,225 [pool-404-thread-1] INFO  metrics.RatisMetrics (RatisMetrics.java:lambda$create$0(36)) - Creating Metrics Registry : ratis.state_machine.38f48239-bc06-46da-ac74-74ed7351a0a0@group-8A46ABBCFB7D
2020-10-09 12:54:02,236 [grpc-default-executor-2] INFO  impl.RaftServerProxy (RaftServerProxy.java:addNew(92)) - ba372c3f-ca6e-4b22-85c8-8c60b51fa7c9: addNew group-9EDE46CD1470:[b183437e-7ee0-4740-aae6-e25f1cff2701:172.17.0.2:37195:0, 5e659369-1ee8-49c0-87c0-5752057ef24d:172.17.0.2:37457:0, ba372c3f-ca6e-4b22-85c8-8c60b51fa7c9:172.17.0.2:42215:0] returns group-9EDE46CD1470:java.util.concurrent.CompletableFuture@4c86202a[Not completed]
2020-10-09 12:54:02,244 [Command processor thread] INFO  impl.RaftServerProxy (RaftServerProxy.java:addNew(92)) - ba372c3f-ca6e-4b22-85c8-8c60b51fa7c9: addNew group-9EA8B26BFA56:[ba372c3f-ca6e-4b22-85c8-8c60b51fa7c9:172.17.0.2:42215:0] returns group-9EA8B26BFA56:java.util.concurrent.CompletableFuture@1f6beb46[Not completed]
2020-10-09 12:54:02,245 [pool-434-thread-1] INFO  impl.RaftServerImpl (RaftServerImpl.java:<init>(120)) - ba372c3f-ca6e-4b22-85c8-8c60b51fa7c9: new RaftServerImpl for group-9EDE46CD1470:[b183437e-7ee0-4740-aae6-e25f1cff2701:172.17.0.2:37195:0, 5e659369-1ee8-49c0-87c0-5752057ef24d:172.17.0.2:37457:0, ba372c3f-ca6e-4b22-85c8-8c60b51fa7c9:172.17.0.2:42215:0] with ContainerStateMachine:uninitialized
2020-10-09 12:54:02,245 [pool-434-thread-1] INFO  server.RaftServerConfigKeys (ConfUtils.java:logGet(44)) - raft.server.rpc.timeout.min = 5s (custom)
2020-10-09 12:54:02,245 [pool-434-thread-1] INFO  server.RaftServerConfigKeys (ConfUtils.java:logGet(44)) - raft.server.rpc.timeout.max = 5200ms (custom)
2020-10-09 12:54:02,245 [pool-434-thread-1] INFO  server.RaftServerConfigKeys (ConfUtils.java:logGet(44)) - raft.server.rpcslowness.timeout = 300000ms (custom)
2020-10-09 12:54:02,245 [pool-434-thread-1] INFO  server.RaftServerConfigKeys (ConfUtils.java:logGet(44)) - raft.server.sleep.deviation.threshold = 300 (default)
2020-10-09 12:54:02,246 [pool-434-thread-1] INFO  server.RaftServerConfigKeys (ConfUtils.java:logGet(44)) - raft.server.log.appender.install.snapshot.enabled = false (custom)
2020-10-09 12:54:02,246 [pool-434-thread-1] INFO  impl.RaftServerImpl (ServerState.java:<init>(104)) - ba372c3f-ca6e-4b22-85c8-8c60b51fa7c9@group-9EDE46CD1470: ConfigurationManager, init=-1: [b183437e-7ee0-4740-aae6-e25f1cff2701:172.17.0.2:37195:0, 5e659369-1ee8-49c0-87c0-5752057ef24d:172.17.0.2:37457:0, ba372c3f-ca6e-4b22-85c8-8c60b51fa7c9:172.17.0.2:42215:0], old=null, confs=<EMPTY_MAP>
2020-10-09 12:54:02,246 [pool-434-thread-1] INFO  server.RaftServerConfigKeys (ConfUtils.java:logGet(44)) - raft.server.storage.dir = [/github/workspace/mnt/ozone/hadoop-ozone/integration-test/target/test-dir/MiniOzoneClusterImpl-691c6000-d337-4848-84ec-e56c11f2c172/datanode-4/data/ratis] (custom)
2020-10-09 12:54:02,247 [pool-434-thread-1] INFO  server.RaftServerConfigKeys (ConfUtils.java:logGet(44)) - raft.server.log.corruption.policy = EXCEPTION (default)
2020-10-09 12:54:02,258 [Command processor thread] INFO  commandhandler.CreatePipelineCommandHandler (CreatePipelineCommandHandler.java:handle(110)) - Created Pipeline RATIS THREE #id: "00658d78-ed27-4808-a5ae-8a46abbcfb7d"
uuid128 {
  mostSigBits: 28584523162142728
  leastSigBits: -6508112375370155139
}
.
2020-10-09 12:54:02,263 [Command processor thread] INFO  metrics.RatisMetrics (RatisMetrics.java:lambda$create$0(36)) - Creating Metrics Registry : ratis.client_message_metrics.client-F0D530568FA0->38f48239-bc06-46da-ac74-74ed7351a0a0
2020-10-09 12:54:02,266 [pool-434-thread-1] INFO  storage.RaftStorageDirectory (RaftStorageDirectory.java:analyzeStorage(261)) - The storage directory /github/workspace/mnt/ozone/hadoop-ozone/integration-test/target/test-dir/MiniOzoneClusterImpl-691c6000-d337-4848-84ec-e56c11f2c172/datanode-4/data/ratis/bf62a005-c6ba-4874-874d-9ede46cd1470 does not exist. Creating ...
2020-10-09 12:54:02,273 [pool-434-thread-1] INFO  storage.RaftStorageDirectory (RaftStorageDirectory.java:tryLock(343)) - Lock on /github/workspace/mnt/ozone/hadoop-ozone/integration-test/target/test-dir/MiniOzoneClusterImpl-691c6000-d337-4848-84ec-e56c11f2c172/datanode-4/data/ratis/bf62a005-c6ba-4874-874d-9ede46cd1470/in_use.lock acquired by nodename 5888@44394113892a
2020-10-09 12:54:02,282 [pool-434-thread-1] INFO  storage.RaftStorage (RaftStorage.java:format(84)) - Storage directory /github/workspace/mnt/ozone/hadoop-ozone/integration-test/target/test-dir/MiniOzoneClusterImpl-691c6000-d337-4848-84ec-e56c11f2c172/datanode-4/data/ratis/bf62a005-c6ba-4874-874d-9ede46cd1470 has been successfully formatted.
2020-10-09 12:54:02,282 [pool-434-thread-1] INFO  ratis.ContainerStateMachine (ContainerStateMachine.java:loadSnapshot(225)) - group-9EDE46CD1470: The snapshot info is null. Setting the last applied indexto:(t:0, i:~)
2020-10-09 12:54:02,282 [pool-434-thread-1] INFO  server.RaftServerConfigKeys (ConfUtils.java:logGet(44)) - raft.server.notification.no-leader.timeout = 300000ms (custom)
2020-10-09 12:54:02,283 [pool-434-thread-1] INFO  server.RaftServerConfigKeys (ConfUtils.java:logGet(44)) - raft.server.log.use.memory = false (default)
2020-10-09 12:54:02,283 [pool-434-thread-1] INFO  server.RaftServerConfigKeys (ConfUtils.java:logGet(44)) - raft.server.log.purge.gap = 1000000 (custom)
2020-10-09 12:54:02,283 [pool-434-thread-1] INFO  metrics.RatisMetrics (RatisMetrics.java:lambda$create$0(36)) - Creating Metrics Registry : ratis.log_worker.ba372c3f-ca6e-4b22-85c8-8c60b51fa7c9@group-9EDE46CD1470
2020-10-09 12:54:02,283 [pool-434-thread-1] INFO  server.RaftServerConfigKeys (ConfUtils.java:logGet(44)) - raft.server.log.appender.buffer.byte-limit = 33554432 (custom)
2020-10-09 12:54:02,283 [pool-434-thread-1] INFO  server.RaftServerConfigKeys (ConfUtils.java:logGet(44)) - raft.server.log.segment.size.max = 1048576 (custom)
2020-10-09 12:54:02,284 [EventQueue-PipelineReportForPipelineReportHandler] INFO  pipeline.PipelineStateManager (PipelineStateManager.java:openPipeline(131)) - Pipeline Pipeline[ Id: 408b4e01-2824-46b7-8490-9ea8b26bfa56, Nodes: ba372c3f-ca6e-4b22-85c8-8c60b51fa7c9{ip: 172.17.0.2, host: 44394113892a, networkLocation: /default-rack, certSerialId: null}, Type:RATIS, Factor:ONE, State:ALLOCATED, leaderId:ba372c3f-ca6e-4b22-85c8-8c60b51fa7c9, CreationTimestamp2020-10-09T12:53:59.244Z] moved to OPEN state
2020-10-09 12:54:02,284 [EventQueue-OpenPipelineForHealthyPipelineSafeModeRule] INFO  safemode.SCMSafeModeManager (HealthyPipelineSafeModeRule.java:process(129)) - SCM in safe mode. Healthy pipelines reported count is 0, required healthy pipeline reported count is 1
2020-10-09 12:54:02,284 [EventQueue-OpenPipelineForOneReplicaPipelineSafeModeRule] INFO  safemode.SCMSafeModeManager (SCMSafeModeManager.java:validateSafeModeExitRules(214)) - AtleastOneDatanodeReportedRule rule is successfully validated
2020-10-09 12:54:02,289 [pool-434-thread-1] INFO  server.RaftServerConfigKeys (ConfUtils.java:logGet(44)) - raft.server.log.segment.cache.num.max = 2 (custom)
2020-10-09 12:54:02,290 [pool-434-thread-1] INFO  segmented.SegmentedRaftLogWorker (SegmentedRaftLogWorker.java:<init>(180)) - new ba372c3f-ca6e-4b22-85c8-8c60b51fa7c9@group-9EDE46CD1470-SegmentedRaftLogWorker for RaftStorage:Storage Directory /github/workspace/mnt/ozone/hadoop-ozone/integration-test/target/test-dir/MiniOzoneClusterImpl-691c6000-d337-4848-84ec-e56c11f2c172/datanode-4/data/ratis/bf62a005-c6ba-4874-874d-9ede46cd1470
2020-10-09 12:54:02,290 [pool-434-thread-1] INFO  server.RaftServerConfigKeys (ConfUtils.java:logGet(44)) - raft.server.log.queue.byte-limit = 2147483647 (custom)
2020-10-09 12:54:02,290 [pool-434-thread-1] INFO  server.RaftServerConfigKeys (ConfUtils.java:logGet(44)) - raft.server.log.queue.element-limit = 1024 (custom)
2020-10-09 12:54:02,290 [pool-434-thread-1] INFO  server.RaftServerConfigKeys (ConfUtils.java:logGet(44)) - raft.server.log.segment.size.max = 1048576 (custom)
2020-10-09 12:54:02,290 [pool-434-thread-1] INFO  server.RaftServerConfigKeys (ConfUtils.java:logGet(44)) - raft.server.log.preallocated.size = 16384 (custom)
2020-10-09 12:54:02,290 [pool-434-thread-1] INFO  server.RaftServerConfigKeys (ConfUtils.java:logGet(44)) - raft.server.log.write.buffer.size = 1048576 (custom)
2020-10-09 12:54:02,290 [pool-434-thread-1] INFO  server.RaftServerConfigKeys (ConfUtils.java:logGet(44)) - raft.server.log.force.sync.num = 128 (default)
2020-10-09 12:54:02,290 [pool-434-thread-1] INFO  server.RaftServerConfigKeys (ConfUtils.java:logGet(44)) - raft.server.log.statemachine.data.sync = true (default)
2020-10-09 12:54:02,290 [pool-434-thread-1] INFO  server.RaftServerConfigKeys (ConfUtils.java:logGet(44)) - raft.server.log.statemachine.data.sync.timeout = 10s (default)
2020-10-09 12:54:02,290 [pool-434-thread-1] INFO  server.RaftServerConfigKeys (ConfUtils.java:logGet(44)) - raft.server.log.statemachine.data.sync.timeout.retry = -1 (default)
2020-10-09 12:54:02,292 [pool-434-thread-1] INFO  server.RaftServerConfigKeys (ConfUtils.java:logGet(44)) - raft.server.log.statemachine.data.caching.enabled = true (custom)
2020-10-09 12:54:02,292 [pool-434-thread-1] INFO  segmented.SegmentedRaftLogWorker (SegmentedRaftLogWorker.java:lambda$new$0(129)) - ba372c3f-ca6e-4b22-85c8-8c60b51fa7c9@group-9EDE46CD1470-SegmentedRaftLogWorker: flushIndex: setUnconditionally 0 -> -1
2020-10-09 12:54:02,292 [pool-434-thread-1] INFO  segmented.SegmentedRaftLogWorker (SegmentedRaftLogWorker.java:lambda$new$0(129)) - ba372c3f-ca6e-4b22-85c8-8c60b51fa7c9@group-9EDE46CD1470-SegmentedRaftLogWorker: safeCacheEvictIndex: setUnconditionally 0 -> -1
2020-10-09 12:54:02,297 [pool-434-thread-1] INFO  server.RaftServerConfigKeys (ConfUtils.java:logGet(44)) - raft.server.snapshot.auto.trigger.enabled = true (custom)
2020-10-09 12:54:02,297 [pool-434-thread-1] INFO  server.RaftServerConfigKeys (ConfUtils.java:logGet(44)) - raft.server.snapshot.auto.trigger.threshold = 10000 (custom)
2020-10-09 12:54:02,297 [pool-434-thread-1] INFO  server.RaftServerConfigKeys (ConfUtils.java:logGet(44)) - raft.server.snapshot.retention.file.num = 5 (custom)
2020-10-09 12:54:02,297 [pool-434-thread-1] INFO  server.RaftServerConfigKeys (ConfUtils.java:logGet(44)) - raft.server.log.purge.upto.snapshot.index = false (default)
2020-10-09 12:54:02,297 [pool-434-thread-1] INFO  server.RaftServerConfigKeys (ConfUtils.java:logGet(44)) - raft.server.retrycache.expirytime = 600000ms (custom)
2020-10-09 12:54:02,298 [pool-434-thread-1] INFO  metrics.RatisMetrics (RatisMetrics.java:lambda$create$0(36)) - Creating Metrics Registry : ratis.leader_election.ba372c3f-ca6e-4b22-85c8-8c60b51fa7c9@group-9EDE46CD1470
2020-10-09 12:54:02,298 [pool-434-thread-1] INFO  metrics.RatisMetrics (RatisMetrics.java:lambda$create$0(36)) - Creating Metrics Registry : ratis.server.ba372c3f-ca6e-4b22-85c8-8c60b51fa7c9@group-9EDE46CD1470
2020-10-09 12:54:02,302 [Command processor thread] INFO  commandhandler.CreatePipelineCommandHandler (CreatePipelineCommandHandler.java:handle(110)) - Created Pipeline RATIS THREE #id: "00658d78-ed27-4808-a5ae-8a46abbcfb7d"
uuid128 {
  mostSigBits: 28584523162142728
  leastSigBits: -6508112375370155139
}
.
2020-10-09 12:54:02,304 [pool-434-thread-1] INFO  impl.RaftServerImpl (RaftServerImpl.java:<init>(120)) - ba372c3f-ca6e-4b22-85c8-8c60b51fa7c9: new RaftServerImpl for group-9EA8B26BFA56:[ba372c3f-ca6e-4b22-85c8-8c60b51fa7c9:172.17.0.2:42215:0] with ContainerStateMachine:uninitialized
2020-10-09 12:54:02,305 [pool-434-thread-1] INFO  server.RaftServerConfigKeys (ConfUtils.java:logGet(44)) - raft.server.rpc.timeout.min = 5s (custom)
2020-10-09 12:54:02,305 [pool-434-thread-1] INFO  server.RaftServerConfigKeys (ConfUtils.java:logGet(44)) - raft.server.rpc.timeout.max = 5200ms (custom)
2020-10-09 12:54:02,305 [pool-434-thread-1] INFO  server.RaftServerConfigKeys (ConfUtils.java:logGet(44)) - raft.server.rpcslowness.timeout = 300000ms (custom)
2020-10-09 12:54:02,305 [pool-434-thread-1] INFO  server.RaftServerConfigKeys (ConfUtils.java:logGet(44)) - raft.server.sleep.deviation.threshold = 300 (default)
2020-10-09 12:54:02,305 [pool-434-thread-1] INFO  server.RaftServerConfigKeys (ConfUtils.java:logGet(44)) - raft.server.log.appender.install.snapshot.enabled = false (custom)
2020-10-09 12:54:02,305 [pool-434-thread-1] INFO  impl.RaftServerImpl (ServerState.java:<init>(104)) - ba372c3f-ca6e-4b22-85c8-8c60b51fa7c9@group-9EA8B26BFA56: ConfigurationManager, init=-1: [ba372c3f-ca6e-4b22-85c8-8c60b51fa7c9:172.17.0.2:42215:0], old=null, confs=<EMPTY_MAP>
2020-10-09 12:54:02,305 [pool-434-thread-1] INFO  server.RaftServerConfigKeys (ConfUtils.java:logGet(44)) - raft.server.storage.dir = [/github/workspace/mnt/ozone/hadoop-ozone/integration-test/target/test-dir/MiniOzoneClusterImpl-691c6000-d337-4848-84ec-e56c11f2c172/datanode-4/data/ratis] (custom)
2020-10-09 12:54:02,305 [pool-434-thread-1] INFO  server.RaftServerConfigKeys (ConfUtils.java:logGet(44)) - raft.server.log.corruption.policy = EXCEPTION (default)
2020-10-09 12:54:02,306 [pool-434-thread-1] INFO  storage.RaftStorageDirectory (RaftStorageDirectory.java:analyzeStorage(261)) - The storage directory /github/workspace/mnt/ozone/hadoop-ozone/integration-test/target/test-dir/MiniOzoneClusterImpl-691c6000-d337-4848-84ec-e56c11f2c172/datanode-4/data/ratis/408b4e01-2824-46b7-8490-9ea8b26bfa56 does not exist. Creating ...
2020-10-09 12:54:02,307 [pool-434-thread-1] INFO  storage.RaftStorageDirectory (RaftStorageDirectory.java:tryLock(343)) - Lock on /github/workspace/mnt/ozone/hadoop-ozone/integration-test/target/test-dir/MiniOzoneClusterImpl-691c6000-d337-4848-84ec-e56c11f2c172/datanode-4/data/ratis/408b4e01-2824-46b7-8490-9ea8b26bfa56/in_use.lock acquired by nodename 5888@44394113892a
2020-10-09 12:54:02,308 [pool-434-thread-1] INFO  storage.RaftStorage (RaftStorage.java:format(84)) - Storage directory /github/workspace/mnt/ozone/hadoop-ozone/integration-test/target/test-dir/MiniOzoneClusterImpl-691c6000-d337-4848-84ec-e56c11f2c172/datanode-4/data/ratis/408b4e01-2824-46b7-8490-9ea8b26bfa56 has been successfully formatted.
2020-10-09 12:54:02,308 [pool-434-thread-1] INFO  ratis.ContainerStateMachine (ContainerStateMachine.java:loadSnapshot(225)) - group-9EA8B26BFA56: The snapshot info is null. Setting the last applied indexto:(t:0, i:~)
2020-10-09 12:54:02,309 [pool-434-thread-1] INFO  server.RaftServerConfigKeys (ConfUtils.java:logGet(44)) - raft.server.notification.no-leader.timeout = 300000ms (custom)
2020-10-09 12:54:02,309 [pool-434-thread-1] INFO  server.RaftServerConfigKeys (ConfUtils.java:logGet(44)) - raft.server.log.use.memory = false (default)
2020-10-09 12:54:02,309 [pool-434-thread-1] INFO  server.RaftServerConfigKeys (ConfUtils.java:logGet(44)) - raft.server.log.purge.gap = 1000000 (custom)
2020-10-09 12:54:02,309 [pool-434-thread-1] INFO  metrics.RatisMetrics (RatisMetrics.java:lambda$create$0(36)) - Creating Metrics Registry : ratis.log_worker.ba372c3f-ca6e-4b22-85c8-8c60b51fa7c9@group-9EA8B26BFA56
2020-10-09 12:54:02,309 [pool-434-thread-1] INFO  server.RaftServerConfigKeys (ConfUtils.java:logGet(44)) - raft.server.log.appender.buffer.byte-limit = 33554432 (custom)
2020-10-09 12:54:02,310 [pool-434-thread-1] INFO  server.RaftServerConfigKeys (ConfUtils.java:logGet(44)) - raft.server.log.segment.size.max = 1048576 (custom)
2020-10-09 12:54:02,310 [pool-434-thread-1] INFO  server.RaftServerConfigKeys (ConfUtils.java:logGet(44)) - raft.server.log.segment.cache.num.max = 2 (custom)
2020-10-09 12:54:02,310 [pool-434-thread-1] INFO  segmented.SegmentedRaftLogWorker (SegmentedRaftLogWorker.java:<init>(180)) - new ba372c3f-ca6e-4b22-85c8-8c60b51fa7c9@group-9EA8B26BFA56-SegmentedRaftLogWorker for RaftStorage:Storage Directory /github/workspace/mnt/ozone/hadoop-ozone/integration-test/target/test-dir/MiniOzoneClusterImpl-691c6000-d337-4848-84ec-e56c11f2c172/datanode-4/data/ratis/408b4e01-2824-46b7-8490-9ea8b26bfa56
2020-10-09 12:54:02,310 [pool-434-thread-1] INFO  server.RaftServerConfigKeys (ConfUtils.java:logGet(44)) - raft.server.log.queue.byte-limit = 2147483647 (custom)
2020-10-09 12:54:02,311 [pool-434-thread-1] INFO  server.RaftServerConfigKeys (ConfUtils.java:logGet(44)) - raft.server.log.queue.element-limit = 1024 (custom)
2020-10-09 12:54:02,311 [pool-434-thread-1] INFO  server.RaftServerConfigKeys (ConfUtils.java:logGet(44)) - raft.server.log.segment.size.max = 1048576 (custom)
2020-10-09 12:54:02,312 [pool-434-thread-1] INFO  server.RaftServerConfigKeys (ConfUtils.java:logGet(44)) - raft.server.log.preallocated.size = 16384 (custom)
2020-10-09 12:54:02,312 [pool-434-thread-1] INFO  server.RaftServerConfigKeys (ConfUtils.java:logGet(44)) - raft.server.log.write.buffer.size = 1048576 (custom)
2020-10-09 12:54:02,312 [pool-434-thread-1] INFO  server.RaftServerConfigKeys (ConfUtils.java:logGet(44)) - raft.server.log.force.sync.num = 128 (default)
2020-10-09 12:54:02,312 [pool-434-thread-1] INFO  server.RaftServerConfigKeys (ConfUtils.java:logGet(44)) - raft.server.log.statemachine.data.sync = true (default)
2020-10-09 12:54:02,312 [pool-434-thread-1] INFO  server.RaftServerConfigKeys (ConfUtils.java:logGet(44)) - raft.server.log.statemachine.data.sync.timeout = 10s (default)
2020-10-09 12:54:02,312 [pool-434-thread-1] INFO  server.RaftServerConfigKeys (ConfUtils.java:logGet(44)) - raft.server.log.statemachine.data.sync.timeout.retry = -1 (default)
2020-10-09 12:54:02,314 [pool-434-thread-1] INFO  server.RaftServerConfigKeys (ConfUtils.java:logGet(44)) - raft.server.log.statemachine.data.caching.enabled = true (custom)
2020-10-09 12:54:02,314 [pool-434-thread-1] INFO  segmented.SegmentedRaftLogWorker (SegmentedRaftLogWorker.java:lambda$new$0(129)) - ba372c3f-ca6e-4b22-85c8-8c60b51fa7c9@group-9EA8B26BFA56-SegmentedRaftLogWorker: flushIndex: setUnconditionally 0 -> -1
2020-10-09 12:54:02,314 [pool-434-thread-1] INFO  segmented.SegmentedRaftLogWorker (SegmentedRaftLogWorker.java:lambda$new$0(129)) - ba372c3f-ca6e-4b22-85c8-8c60b51fa7c9@group-9EA8B26BFA56-SegmentedRaftLogWorker: safeCacheEvictIndex: setUnconditionally 0 -> -1
2020-10-09 12:54:02,314 [pool-434-thread-1] INFO  server.RaftServerConfigKeys (ConfUtils.java:logGet(44)) - raft.server.snapshot.auto.trigger.enabled = true (custom)
2020-10-09 12:54:02,314 [pool-434-thread-1] INFO  server.RaftServerConfigKeys (ConfUtils.java:logGet(44)) - raft.server.snapshot.auto.trigger.threshold = 10000 (custom)
2020-10-09 12:54:02,314 [pool-434-thread-1] INFO  server.RaftServerConfigKeys (ConfUtils.java:logGet(44)) - raft.server.snapshot.retention.file.num = 5 (custom)
2020-10-09 12:54:02,314 [pool-434-thread-1] INFO  server.RaftServerConfigKeys (ConfUtils.java:logGet(44)) - raft.server.log.purge.upto.snapshot.index = false (default)
2020-10-09 12:54:02,314 [pool-434-thread-1] INFO  server.RaftServerConfigKeys (ConfUtils.java:logGet(44)) - raft.server.retrycache.expirytime = 600000ms (custom)
2020-10-09 12:54:02,314 [pool-434-thread-1] INFO  metrics.RatisMetrics (RatisMetrics.java:lambda$create$0(36)) - Creating Metrics Registry : ratis.leader_election.ba372c3f-ca6e-4b22-85c8-8c60b51fa7c9@group-9EA8B26BFA56
2020-10-09 12:54:02,315 [pool-434-thread-1] INFO  metrics.RatisMetrics (RatisMetrics.java:lambda$create$0(36)) - Creating Metrics Registry : ratis.server.ba372c3f-ca6e-4b22-85c8-8c60b51fa7c9@group-9EA8B26BFA56
2020-10-09 12:54:02,316 [pool-434-thread-1] INFO  impl.RaftServerImpl (RaftServerImpl.java:start(209)) - ba372c3f-ca6e-4b22-85c8-8c60b51fa7c9@group-9EDE46CD1470: start as a follower, conf=-1: [b183437e-7ee0-4740-aae6-e25f1cff2701:172.17.0.2:37195:0, 5e659369-1ee8-49c0-87c0-5752057ef24d:172.17.0.2:37457:0, ba372c3f-ca6e-4b22-85c8-8c60b51fa7c9:172.17.0.2:42215:0], old=null
2020-10-09 12:54:02,316 [pool-434-thread-1] INFO  impl.RaftServerImpl (RaftServerImpl.java:setRole(198)) - ba372c3f-ca6e-4b22-85c8-8c60b51fa7c9@group-9EDE46CD1470: changes role from      null to FOLLOWER at term 0 for startAsFollower
2020-10-09 12:54:02,317 [pool-434-thread-1] INFO  impl.RoleInfo (RoleInfo.java:updateAndGet(143)) - ba372c3f-ca6e-4b22-85c8-8c60b51fa7c9: start FollowerState
2020-10-09 12:54:02,317 [pool-434-thread-1] INFO  util.JmxRegister (JmxRegister.java:tryRegister(44)) - Successfully registered JMX Bean with object name Ratis:service=RaftServer,group=group-9EDE46CD1470,id=ba372c3f-ca6e-4b22-85c8-8c60b51fa7c9
2020-10-09 12:54:02,317 [pool-434-thread-1] INFO  metrics.RatisMetrics (RatisMetrics.java:lambda$create$0(36)) - Creating Metrics Registry : ratis.state_machine.ba372c3f-ca6e-4b22-85c8-8c60b51fa7c9@group-9EDE46CD1470
2020-10-09 12:54:02,318 [pool-434-thread-1] INFO  impl.RaftServerImpl (RaftServerImpl.java:start(209)) - ba372c3f-ca6e-4b22-85c8-8c60b51fa7c9@group-9EA8B26BFA56: start as a follower, conf=-1: [ba372c3f-ca6e-4b22-85c8-8c60b51fa7c9:172.17.0.2:42215:0], old=null
2020-10-09 12:54:02,318 [pool-434-thread-1] INFO  impl.RaftServerImpl (RaftServerImpl.java:setRole(198)) - ba372c3f-ca6e-4b22-85c8-8c60b51fa7c9@group-9EA8B26BFA56: changes role from      null to FOLLOWER at term 0 for startAsFollower
2020-10-09 12:54:02,318 [pool-434-thread-1] INFO  impl.RoleInfo (RoleInfo.java:updateAndGet(143)) - ba372c3f-ca6e-4b22-85c8-8c60b51fa7c9: start FollowerState
2020-10-09 12:54:02,318 [pool-434-thread-1] INFO  util.JmxRegister (JmxRegister.java:tryRegister(44)) - Successfully registered JMX Bean with object name Ratis:service=RaftServer,group=group-9EA8B26BFA56,id=ba372c3f-ca6e-4b22-85c8-8c60b51fa7c9
2020-10-09 12:54:02,319 [pool-434-thread-1] INFO  metrics.RatisMetrics (RatisMetrics.java:lambda$create$0(36)) - Creating Metrics Registry : ratis.state_machine.ba372c3f-ca6e-4b22-85c8-8c60b51fa7c9@group-9EA8B26BFA56
2020-10-09 12:54:02,319 [Command processor thread] INFO  commandhandler.CreatePipelineCommandHandler (CreatePipelineCommandHandler.java:handle(110)) - Created Pipeline RATIS ONE #id: "408b4e01-2824-46b7-8490-9ea8b26bfa56"
uuid128 {
  mostSigBits: 4650896807065568951
  leastSigBits: -8894434816671614378
}
.
2020-10-09 12:54:02,323 [Command processor thread] INFO  metrics.RatisMetrics (RatisMetrics.java:lambda$create$0(36)) - Creating Metrics Registry : ratis.client_message_metrics.client-67269880C7C2->b183437e-7ee0-4740-aae6-e25f1cff2701
2020-10-09 12:54:02,328 [grpc-default-executor-2] INFO  metrics.RatisMetrics (RatisMetrics.java:lambda$create$0(36)) - Creating Metrics Registry : ratis.server_message_metrics.b183437e-7ee0-4740-aae6-e25f1cff2701
2020-10-09 12:54:02,330 [grpc-default-executor-2] INFO  impl.RaftServerProxy (RaftServerProxy.java:addNew(92)) - b183437e-7ee0-4740-aae6-e25f1cff2701: addNew group-9EDE46CD1470:[b183437e-7ee0-4740-aae6-e25f1cff2701:172.17.0.2:37195:0, 5e659369-1ee8-49c0-87c0-5752057ef24d:172.17.0.2:37457:0, ba372c3f-ca6e-4b22-85c8-8c60b51fa7c9:172.17.0.2:42215:0] returns group-9EDE46CD1470:java.util.concurrent.CompletableFuture@52b94ab8[Not completed]
2020-10-09 12:54:02,333 [pool-449-thread-1] INFO  impl.RaftServerImpl (RaftServerImpl.java:<init>(120)) - b183437e-7ee0-4740-aae6-e25f1cff2701: new RaftServerImpl for group-9EDE46CD1470:[b183437e-7ee0-4740-aae6-e25f1cff2701:172.17.0.2:37195:0, 5e659369-1ee8-49c0-87c0-5752057ef24d:172.17.0.2:37457:0, ba372c3f-ca6e-4b22-85c8-8c60b51fa7c9:172.17.0.2:42215:0] with ContainerStateMachine:uninitialized
2020-10-09 12:54:02,333 [pool-449-thread-1] INFO  server.RaftServerConfigKeys (ConfUtils.java:logGet(44)) - raft.server.rpc.timeout.min = 5s (custom)
2020-10-09 12:54:02,333 [pool-449-thread-1] INFO  server.RaftServerConfigKeys (ConfUtils.java:logGet(44)) - raft.server.rpc.timeout.max = 5200ms (custom)
2020-10-09 12:54:02,333 [pool-449-thread-1] INFO  server.RaftServerConfigKeys (ConfUtils.java:logGet(44)) - raft.server.rpcslowness.timeout = 300000ms (custom)
2020-10-09 12:54:02,333 [pool-449-thread-1] INFO  server.RaftServerConfigKeys (ConfUtils.java:logGet(44)) - raft.server.sleep.deviation.threshold = 300 (default)
2020-10-09 12:54:02,333 [pool-449-thread-1] INFO  server.RaftServerConfigKeys (ConfUtils.java:logGet(44)) - raft.server.log.appender.install.snapshot.enabled = false (custom)
2020-10-09 12:54:02,333 [pool-449-thread-1] INFO  impl.RaftServerImpl (ServerState.java:<init>(104)) - b183437e-7ee0-4740-aae6-e25f1cff2701@group-9EDE46CD1470: ConfigurationManager, init=-1: [b183437e-7ee0-4740-aae6-e25f1cff2701:172.17.0.2:37195:0, 5e659369-1ee8-49c0-87c0-5752057ef24d:172.17.0.2:37457:0, ba372c3f-ca6e-4b22-85c8-8c60b51fa7c9:172.17.0.2:42215:0], old=null, confs=<EMPTY_MAP>
2020-10-09 12:54:02,333 [pool-449-thread-1] INFO  server.RaftServerConfigKeys (ConfUtils.java:logGet(44)) - raft.server.storage.dir = [/github/workspace/mnt/ozone/hadoop-ozone/integration-test/target/test-dir/MiniOzoneClusterImpl-691c6000-d337-4848-84ec-e56c11f2c172/datanode-5/data/ratis] (custom)
2020-10-09 12:54:02,333 [pool-449-thread-1] INFO  server.RaftServerConfigKeys (ConfUtils.java:logGet(44)) - raft.server.log.corruption.policy = EXCEPTION (default)
2020-10-09 12:54:02,333 [pool-449-thread-1] INFO  storage.RaftStorageDirectory (RaftStorageDirectory.java:analyzeStorage(261)) - The storage directory /github/workspace/mnt/ozone/hadoop-ozone/integration-test/target/test-dir/MiniOzoneClusterImpl-691c6000-d337-4848-84ec-e56c11f2c172/datanode-5/data/ratis/bf62a005-c6ba-4874-874d-9ede46cd1470 does not exist. Creating ...
2020-10-09 12:54:02,334 [pool-449-thread-1] INFO  storage.RaftStorageDirectory (RaftStorageDirectory.java:tryLock(343)) - Lock on /github/workspace/mnt/ozone/hadoop-ozone/integration-test/target/test-dir/MiniOzoneClusterImpl-691c6000-d337-4848-84ec-e56c11f2c172/datanode-5/data/ratis/bf62a005-c6ba-4874-874d-9ede46cd1470/in_use.lock acquired by nodename 5888@44394113892a
2020-10-09 12:54:02,336 [pool-449-thread-1] INFO  storage.RaftStorage (RaftStorage.java:format(84)) - Storage directory /github/workspace/mnt/ozone/hadoop-ozone/integration-test/target/test-dir/MiniOzoneClusterImpl-691c6000-d337-4848-84ec-e56c11f2c172/datanode-5/data/ratis/bf62a005-c6ba-4874-874d-9ede46cd1470 has been successfully formatted.
2020-10-09 12:54:02,336 [pool-449-thread-1] INFO  ratis.ContainerStateMachine (ContainerStateMachine.java:loadSnapshot(225)) - group-9EDE46CD1470: The snapshot info is null. Setting the last applied indexto:(t:0, i:~)
2020-10-09 12:54:02,338 [pool-449-thread-1] INFO  server.RaftServerConfigKeys (ConfUtils.java:logGet(44)) - raft.server.notification.no-leader.timeout = 300000ms (custom)
2020-10-09 12:54:02,338 [pool-449-thread-1] INFO  server.RaftServerConfigKeys (ConfUtils.java:logGet(44)) - raft.server.log.use.memory = false (default)
2020-10-09 12:54:02,338 [pool-449-thread-1] INFO  server.RaftServerConfigKeys (ConfUtils.java:logGet(44)) - raft.server.log.purge.gap = 1000000 (custom)
2020-10-09 12:54:02,338 [pool-449-thread-1] INFO  metrics.RatisMetrics (RatisMetrics.java:lambda$create$0(36)) - Creating Metrics Registry : ratis.log_worker.b183437e-7ee0-4740-aae6-e25f1cff2701@group-9EDE46CD1470
2020-10-09 12:54:02,338 [pool-449-thread-1] INFO  server.RaftServerConfigKeys (ConfUtils.java:logGet(44)) - raft.server.log.appender.buffer.byte-limit = 33554432 (custom)
2020-10-09 12:54:02,338 [pool-449-thread-1] INFO  server.RaftServerConfigKeys (ConfUtils.java:logGet(44)) - raft.server.log.segment.size.max = 1048576 (custom)
2020-10-09 12:54:02,339 [pool-449-thread-1] INFO  server.RaftServerConfigKeys (ConfUtils.java:logGet(44)) - raft.server.log.segment.cache.num.max = 2 (custom)
2020-10-09 12:54:02,339 [pool-449-thread-1] INFO  segmented.SegmentedRaftLogWorker (SegmentedRaftLogWorker.java:<init>(180)) - new b183437e-7ee0-4740-aae6-e25f1cff2701@group-9EDE46CD1470-SegmentedRaftLogWorker for RaftStorage:Storage Directory /github/workspace/mnt/ozone/hadoop-ozone/integration-test/target/test-dir/MiniOzoneClusterImpl-691c6000-d337-4848-84ec-e56c11f2c172/datanode-5/data/ratis/bf62a005-c6ba-4874-874d-9ede46cd1470
2020-10-09 12:54:02,339 [pool-449-thread-1] INFO  server.RaftServerConfigKeys (ConfUtils.java:logGet(44)) - raft.server.log.queue.byte-limit = 2147483647 (custom)
2020-10-09 12:54:02,339 [pool-449-thread-1] INFO  server.RaftServerConfigKeys (ConfUtils.java:logGet(44)) - raft.server.log.queue.element-limit = 1024 (custom)
2020-10-09 12:54:02,340 [pool-449-thread-1] INFO  server.RaftServerConfigKeys (ConfUtils.java:logGet(44)) - raft.server.log.segment.size.max = 1048576 (custom)
2020-10-09 12:54:02,340 [pool-449-thread-1] INFO  server.RaftServerConfigKeys (ConfUtils.java:logGet(44)) - raft.server.log.preallocated.size = 16384 (custom)
2020-10-09 12:54:02,340 [pool-449-thread-1] INFO  server.RaftServerConfigKeys (ConfUtils.java:logGet(44)) - raft.server.log.write.buffer.size = 1048576 (custom)
2020-10-09 12:54:02,340 [pool-449-thread-1] INFO  server.RaftServerConfigKeys (ConfUtils.java:logGet(44)) - raft.server.log.force.sync.num = 128 (default)
2020-10-09 12:54:02,340 [pool-449-thread-1] INFO  server.RaftServerConfigKeys (ConfUtils.java:logGet(44)) - raft.server.log.statemachine.data.sync = true (default)
2020-10-09 12:54:02,340 [pool-449-thread-1] INFO  server.RaftServerConfigKeys (ConfUtils.java:logGet(44)) - raft.server.log.statemachine.data.sync.timeout = 10s (default)
2020-10-09 12:54:02,340 [pool-449-thread-1] INFO  server.RaftServerConfigKeys (ConfUtils.java:logGet(44)) - raft.server.log.statemachine.data.sync.timeout.retry = -1 (default)
2020-10-09 12:54:02,342 [pool-449-thread-1] INFO  server.RaftServerConfigKeys (ConfUtils.java:logGet(44)) - raft.server.log.statemachine.data.caching.enabled = true (custom)
2020-10-09 12:54:02,342 [pool-449-thread-1] INFO  segmented.SegmentedRaftLogWorker (SegmentedRaftLogWorker.java:lambda$new$0(129)) - b183437e-7ee0-4740-aae6-e25f1cff2701@group-9EDE46CD1470-SegmentedRaftLogWorker: flushIndex: setUnconditionally 0 -> -1
2020-10-09 12:54:02,342 [pool-449-thread-1] INFO  segmented.SegmentedRaftLogWorker (SegmentedRaftLogWorker.java:lambda$new$0(129)) - b183437e-7ee0-4740-aae6-e25f1cff2701@group-9EDE46CD1470-SegmentedRaftLogWorker: safeCacheEvictIndex: setUnconditionally 0 -> -1
2020-10-09 12:54:02,342 [pool-449-thread-1] INFO  server.RaftServerConfigKeys (ConfUtils.java:logGet(44)) - raft.server.snapshot.auto.trigger.enabled = true (custom)
2020-10-09 12:54:02,342 [pool-449-thread-1] INFO  server.RaftServerConfigKeys (ConfUtils.java:logGet(44)) - raft.server.snapshot.auto.trigger.threshold = 10000 (custom)
2020-10-09 12:54:02,343 [pool-449-thread-1] INFO  server.RaftServerConfigKeys (ConfUtils.java:logGet(44)) - raft.server.snapshot.retention.file.num = 5 (custom)
2020-10-09 12:54:02,343 [pool-449-thread-1] INFO  server.RaftServerConfigKeys (ConfUtils.java:logGet(44)) - raft.server.log.purge.upto.snapshot.index = false (default)
2020-10-09 12:54:02,343 [pool-449-thread-1] INFO  server.RaftServerConfigKeys (ConfUtils.java:logGet(44)) - raft.server.retrycache.expirytime = 600000ms (custom)
2020-10-09 12:54:02,343 [pool-449-thread-1] INFO  metrics.RatisMetrics (RatisMetrics.java:lambda$create$0(36)) - Creating Metrics Registry : ratis.leader_election.b183437e-7ee0-4740-aae6-e25f1cff2701@group-9EDE46CD1470
2020-10-09 12:54:02,343 [pool-449-thread-1] INFO  metrics.RatisMetrics (RatisMetrics.java:lambda$create$0(36)) - Creating Metrics Registry : ratis.server.b183437e-7ee0-4740-aae6-e25f1cff2701@group-9EDE46CD1470
2020-10-09 12:54:02,345 [pool-449-thread-1] INFO  impl.RaftServerImpl (RaftServerImpl.java:start(209)) - b183437e-7ee0-4740-aae6-e25f1cff2701@group-9EDE46CD1470: start as a follower, conf=-1: [b183437e-7ee0-4740-aae6-e25f1cff2701:172.17.0.2:37195:0, 5e659369-1ee8-49c0-87c0-5752057ef24d:172.17.0.2:37457:0, ba372c3f-ca6e-4b22-85c8-8c60b51fa7c9:172.17.0.2:42215:0], old=null
2020-10-09 12:54:02,345 [pool-449-thread-1] INFO  impl.RaftServerImpl (RaftServerImpl.java:setRole(198)) - b183437e-7ee0-4740-aae6-e25f1cff2701@group-9EDE46CD1470: changes role from      null to FOLLOWER at term 0 for startAsFollower
2020-10-09 12:54:02,345 [pool-449-thread-1] INFO  impl.RoleInfo (RoleInfo.java:updateAndGet(143)) - b183437e-7ee0-4740-aae6-e25f1cff2701: start FollowerState
2020-10-09 12:54:02,345 [pool-449-thread-1] INFO  util.JmxRegister (JmxRegister.java:tryRegister(44)) - Successfully registered JMX Bean with object name Ratis:service=RaftServer,group=group-9EDE46CD1470,id=b183437e-7ee0-4740-aae6-e25f1cff2701
2020-10-09 12:54:02,345 [pool-449-thread-1] INFO  metrics.RatisMetrics (RatisMetrics.java:lambda$create$0(36)) - Creating Metrics Registry : ratis.state_machine.b183437e-7ee0-4740-aae6-e25f1cff2701@group-9EDE46CD1470
2020-10-09 12:54:02,350 [Command processor thread] INFO  commandhandler.CreatePipelineCommandHandler (CreatePipelineCommandHandler.java:handle(110)) - Created Pipeline RATIS THREE #id: "bf62a005-c6ba-4874-874d-9ede46cd1470"
uuid128 {
  mostSigBits: -4655983118078293900
  leastSigBits: -8697120627874786192
}
.
2020-10-09 12:54:02,413 [Command processor thread] INFO  impl.RaftServerProxy (RaftServerProxy.java:addNew(92)) - b183437e-7ee0-4740-aae6-e25f1cff2701: addNew group-C50BB4951F22:[b183437e-7ee0-4740-aae6-e25f1cff2701:172.17.0.2:37195:0] returns group-C50BB4951F22:java.util.concurrent.CompletableFuture@53d1c614[Not completed]
2020-10-09 12:54:02,414 [pool-449-thread-1] INFO  impl.RaftServerImpl (RaftServerImpl.java:<init>(120)) - b183437e-7ee0-4740-aae6-e25f1cff2701: new RaftServerImpl for group-C50BB4951F22:[b183437e-7ee0-4740-aae6-e25f1cff2701:172.17.0.2:37195:0] with ContainerStateMachine:uninitialized
2020-10-09 12:54:02,414 [pool-449-thread-1] INFO  server.RaftServerConfigKeys (ConfUtils.java:logGet(44)) - raft.server.rpc.timeout.min = 5s (custom)
2020-10-09 12:54:02,414 [pool-449-thread-1] INFO  server.RaftServerConfigKeys (ConfUtils.java:logGet(44)) - raft.server.rpc.timeout.max = 5200ms (custom)
2020-10-09 12:54:02,414 [pool-449-thread-1] INFO  server.RaftServerConfigKeys (ConfUtils.java:logGet(44)) - raft.server.rpcslowness.timeout = 300000ms (custom)
2020-10-09 12:54:02,414 [pool-449-thread-1] INFO  server.RaftServerConfigKeys (ConfUtils.java:logGet(44)) - raft.server.sleep.deviation.threshold = 300 (default)
2020-10-09 12:54:02,414 [pool-449-thread-1] INFO  server.RaftServerConfigKeys (ConfUtils.java:logGet(44)) - raft.server.log.appender.install.snapshot.enabled = false (custom)
2020-10-09 12:54:02,414 [pool-449-thread-1] INFO  impl.RaftServerImpl (ServerState.java:<init>(104)) - b183437e-7ee0-4740-aae6-e25f1cff2701@group-C50BB4951F22: ConfigurationManager, init=-1: [b183437e-7ee0-4740-aae6-e25f1cff2701:172.17.0.2:37195:0], old=null, confs=<EMPTY_MAP>
2020-10-09 12:54:02,415 [pool-449-thread-1] INFO  server.RaftServerConfigKeys (ConfUtils.java:logGet(44)) - raft.server.storage.dir = [/github/workspace/mnt/ozone/hadoop-ozone/integration-test/target/test-dir/MiniOzoneClusterImpl-691c6000-d337-4848-84ec-e56c11f2c172/datanode-5/data/ratis] (custom)
2020-10-09 12:54:02,415 [pool-449-thread-1] INFO  server.RaftServerConfigKeys (ConfUtils.java:logGet(44)) - raft.server.log.corruption.policy = EXCEPTION (default)
2020-10-09 12:54:02,415 [pool-449-thread-1] INFO  storage.RaftStorageDirectory (RaftStorageDirectory.java:analyzeStorage(261)) - The storage directory /github/workspace/mnt/ozone/hadoop-ozone/integration-test/target/test-dir/MiniOzoneClusterImpl-691c6000-d337-4848-84ec-e56c11f2c172/datanode-5/data/ratis/aff41a98-141f-4c09-9f13-c50bb4951f22 does not exist. Creating ...
2020-10-09 12:54:02,417 [pool-449-thread-1] INFO  storage.RaftStorageDirectory (RaftStorageDirectory.java:tryLock(343)) - Lock on /github/workspace/mnt/ozone/hadoop-ozone/integration-test/target/test-dir/MiniOzoneClusterImpl-691c6000-d337-4848-84ec-e56c11f2c172/datanode-5/data/ratis/aff41a98-141f-4c09-9f13-c50bb4951f22/in_use.lock acquired by nodename 5888@44394113892a
2020-10-09 12:54:02,418 [pool-449-thread-1] INFO  storage.RaftStorage (RaftStorage.java:format(84)) - Storage directory /github/workspace/mnt/ozone/hadoop-ozone/integration-test/target/test-dir/MiniOzoneClusterImpl-691c6000-d337-4848-84ec-e56c11f2c172/datanode-5/data/ratis/aff41a98-141f-4c09-9f13-c50bb4951f22 has been successfully formatted.
2020-10-09 12:54:02,419 [pool-449-thread-1] INFO  ratis.ContainerStateMachine (ContainerStateMachine.java:loadSnapshot(225)) - group-C50BB4951F22: The snapshot info is null. Setting the last applied indexto:(t:0, i:~)
2020-10-09 12:54:02,419 [pool-449-thread-1] INFO  server.RaftServerConfigKeys (ConfUtils.java:logGet(44)) - raft.server.notification.no-leader.timeout = 300000ms (custom)
2020-10-09 12:54:02,419 [pool-449-thread-1] INFO  server.RaftServerConfigKeys (ConfUtils.java:logGet(44)) - raft.server.log.use.memory = false (default)
2020-10-09 12:54:02,419 [pool-449-thread-1] INFO  server.RaftServerConfigKeys (ConfUtils.java:logGet(44)) - raft.server.log.purge.gap = 1000000 (custom)
2020-10-09 12:54:02,419 [pool-449-thread-1] INFO  metrics.RatisMetrics (RatisMetrics.java:lambda$create$0(36)) - Creating Metrics Registry : ratis.log_worker.b183437e-7ee0-4740-aae6-e25f1cff2701@group-C50BB4951F22
2020-10-09 12:54:02,420 [pool-449-thread-1] INFO  server.RaftServerConfigKeys (ConfUtils.java:logGet(44)) - raft.server.log.appender.buffer.byte-limit = 33554432 (custom)
2020-10-09 12:54:02,420 [pool-449-thread-1] INFO  server.RaftServerConfigKeys (ConfUtils.java:logGet(44)) - raft.server.log.segment.size.max = 1048576 (custom)
2020-10-09 12:54:02,420 [EventQueue-PipelineReportForPipelineReportHandler] INFO  pipeline.PipelineStateManager (PipelineStateManager.java:openPipeline(131)) - Pipeline Pipeline[ Id: aff41a98-141f-4c09-9f13-c50bb4951f22, Nodes: b183437e-7ee0-4740-aae6-e25f1cff2701{ip: 172.17.0.2, host: 44394113892a, networkLocation: /default-rack, certSerialId: null}, Type:RATIS, Factor:ONE, State:ALLOCATED, leaderId:b183437e-7ee0-4740-aae6-e25f1cff2701, CreationTimestamp2020-10-09T12:53:59.414Z] moved to OPEN state
2020-10-09 12:54:02,420 [EventQueue-OpenPipelineForHealthyPipelineSafeModeRule] INFO  safemode.SCMSafeModeManager (HealthyPipelineSafeModeRule.java:process(129)) - SCM in safe mode. Healthy pipelines reported count is 0, required healthy pipeline reported count is 1
2020-10-09 12:54:02,420 [EventQueue-OpenPipelineForOneReplicaPipelineSafeModeRule] INFO  safemode.SCMSafeModeManager (SCMSafeModeManager.java:validateSafeModeExitRules(214)) - AtleastOneDatanodeReportedRule rule is successfully validated
2020-10-09 12:54:02,421 [pool-449-thread-1] INFO  server.RaftServerConfigKeys (ConfUtils.java:logGet(44)) - raft.server.log.segment.cache.num.max = 2 (custom)
2020-10-09 12:54:02,421 [pool-449-thread-1] INFO  segmented.SegmentedRaftLogWorker (SegmentedRaftLogWorker.java:<init>(180)) - new b183437e-7ee0-4740-aae6-e25f1cff2701@group-C50BB4951F22-SegmentedRaftLogWorker for RaftStorage:Storage Directory /github/workspace/mnt/ozone/hadoop-ozone/integration-test/target/test-dir/MiniOzoneClusterImpl-691c6000-d337-4848-84ec-e56c11f2c172/datanode-5/data/ratis/aff41a98-141f-4c09-9f13-c50bb4951f22
2020-10-09 12:54:02,421 [pool-449-thread-1] INFO  server.RaftServerConfigKeys (ConfUtils.java:logGet(44)) - raft.server.log.queue.byte-limit = 2147483647 (custom)
2020-10-09 12:54:02,421 [pool-449-thread-1] INFO  server.RaftServerConfigKeys (ConfUtils.java:logGet(44)) - raft.server.log.queue.element-limit = 1024 (custom)
2020-10-09 12:54:02,421 [pool-449-thread-1] INFO  server.RaftServerConfigKeys (ConfUtils.java:logGet(44)) - raft.server.log.segment.size.max = 1048576 (custom)
2020-10-09 12:54:02,421 [pool-449-thread-1] INFO  server.RaftServerConfigKeys (ConfUtils.java:logGet(44)) - raft.server.log.preallocated.size = 16384 (custom)
2020-10-09 12:54:02,421 [pool-449-thread-1] INFO  server.RaftServerConfigKeys (ConfUtils.java:logGet(44)) - raft.server.log.write.buffer.size = 1048576 (custom)
2020-10-09 12:54:02,421 [pool-449-thread-1] INFO  server.RaftServerConfigKeys (ConfUtils.java:logGet(44)) - raft.server.log.force.sync.num = 128 (default)
2020-10-09 12:54:02,421 [pool-449-thread-1] INFO  server.RaftServerConfigKeys (ConfUtils.java:logGet(44)) - raft.server.log.statemachine.data.sync = true (default)
2020-10-09 12:54:02,421 [pool-449-thread-1] INFO  server.RaftServerConfigKeys (ConfUtils.java:logGet(44)) - raft.server.log.statemachine.data.sync.timeout = 10s (default)
2020-10-09 12:54:02,421 [pool-449-thread-1] INFO  server.RaftServerConfigKeys (ConfUtils.java:logGet(44)) - raft.server.log.statemachine.data.sync.timeout.retry = -1 (default)
2020-10-09 12:54:02,423 [pool-449-thread-1] INFO  server.RaftServerConfigKeys (ConfUtils.java:logGet(44)) - raft.server.log.statemachine.data.caching.enabled = true (custom)
2020-10-09 12:54:02,424 [pool-449-thread-1] INFO  segmented.SegmentedRaftLogWorker (SegmentedRaftLogWorker.java:lambda$new$0(129)) - b183437e-7ee0-4740-aae6-e25f1cff2701@group-C50BB4951F22-SegmentedRaftLogWorker: flushIndex: setUnconditionally 0 -> -1
2020-10-09 12:54:02,424 [pool-449-thread-1] INFO  segmented.SegmentedRaftLogWorker (SegmentedRaftLogWorker.java:lambda$new$0(129)) - b183437e-7ee0-4740-aae6-e25f1cff2701@group-C50BB4951F22-SegmentedRaftLogWorker: safeCacheEvictIndex: setUnconditionally 0 -> -1
2020-10-09 12:54:02,431 [pool-449-thread-1] INFO  server.RaftServerConfigKeys (ConfUtils.java:logGet(44)) - raft.server.snapshot.auto.trigger.enabled = true (custom)
2020-10-09 12:54:02,431 [pool-449-thread-1] INFO  server.RaftServerConfigKeys (ConfUtils.java:logGet(44)) - raft.server.snapshot.auto.trigger.threshold = 10000 (custom)
2020-10-09 12:54:02,431 [pool-449-thread-1] INFO  server.RaftServerConfigKeys (ConfUtils.java:logGet(44)) - raft.server.snapshot.retention.file.num = 5 (custom)
2020-10-09 12:54:02,431 [pool-449-thread-1] INFO  server.RaftServerConfigKeys (ConfUtils.java:logGet(44)) - raft.server.log.purge.upto.snapshot.index = false (default)
2020-10-09 12:54:02,432 [pool-449-thread-1] INFO  server.RaftServerConfigKeys (ConfUtils.java:logGet(44)) - raft.server.retrycache.expirytime = 600000ms (custom)
2020-10-09 12:54:02,432 [pool-449-thread-1] INFO  metrics.RatisMetrics (RatisMetrics.java:lambda$create$0(36)) - Creating Metrics Registry : ratis.leader_election.b183437e-7ee0-4740-aae6-e25f1cff2701@group-C50BB4951F22
2020-10-09 12:54:02,432 [pool-449-thread-1] INFO  metrics.RatisMetrics (RatisMetrics.java:lambda$create$0(36)) - Creating Metrics Registry : ratis.server.b183437e-7ee0-4740-aae6-e25f1cff2701@group-C50BB4951F22
2020-10-09 12:54:02,433 [pool-449-thread-1] INFO  impl.RaftServerImpl (RaftServerImpl.java:start(209)) - b183437e-7ee0-4740-aae6-e25f1cff2701@group-C50BB4951F22: start as a follower, conf=-1: [b183437e-7ee0-4740-aae6-e25f1cff2701:172.17.0.2:37195:0], old=null
2020-10-09 12:54:02,434 [pool-449-thread-1] INFO  impl.RaftServerImpl (RaftServerImpl.java:setRole(198)) - b183437e-7ee0-4740-aae6-e25f1cff2701@group-C50BB4951F22: changes role from      null to FOLLOWER at term 0 for startAsFollower
2020-10-09 12:54:02,434 [pool-449-thread-1] INFO  impl.RoleInfo (RoleInfo.java:updateAndGet(143)) - b183437e-7ee0-4740-aae6-e25f1cff2701: start FollowerState
2020-10-09 12:54:02,434 [pool-449-thread-1] INFO  util.JmxRegister (JmxRegister.java:tryRegister(44)) - Successfully registered JMX Bean with object name Ratis:service=RaftServer,group=group-C50BB4951F22,id=b183437e-7ee0-4740-aae6-e25f1cff2701
2020-10-09 12:54:02,434 [pool-449-thread-1] INFO  metrics.RatisMetrics (RatisMetrics.java:lambda$create$0(36)) - Creating Metrics Registry : ratis.state_machine.b183437e-7ee0-4740-aae6-e25f1cff2701@group-C50BB4951F22
2020-10-09 12:54:02,435 [Command processor thread] INFO  commandhandler.CreatePipelineCommandHandler (CreatePipelineCommandHandler.java:handle(110)) - Created Pipeline RATIS ONE #id: "aff41a98-141f-4c09-9f13-c50bb4951f22"
uuid128 {
  mostSigBits: -5767955982279816183
  leastSigBits: -6984021943056523486
}
.
2020-10-09 12:54:02,617 [Command processor thread] INFO  impl.RaftServerProxy (RaftServerProxy.java:addNew(92)) - 146dba11-3af2-48c9-b098-f83fb2b86474: addNew group-BF791502C95A:[146dba11-3af2-48c9-b098-f83fb2b86474:172.17.0.2:39109:0] returns group-BF791502C95A:java.util.concurrent.CompletableFuture@3e71bce9[Not completed]
2020-10-09 12:54:02,618 [pool-464-thread-1] INFO  impl.RaftServerImpl (RaftServerImpl.java:<init>(120)) - 146dba11-3af2-48c9-b098-f83fb2b86474: new RaftServerImpl for group-BF791502C95A:[146dba11-3af2-48c9-b098-f83fb2b86474:172.17.0.2:39109:0] with ContainerStateMachine:uninitialized
2020-10-09 12:54:02,618 [pool-464-thread-1] INFO  server.RaftServerConfigKeys (ConfUtils.java:logGet(44)) - raft.server.rpc.timeout.min = 5s (custom)
2020-10-09 12:54:02,618 [pool-464-thread-1] INFO  server.RaftServerConfigKeys (ConfUtils.java:logGet(44)) - raft.server.rpc.timeout.max = 5200ms (custom)
2020-10-09 12:54:02,618 [pool-464-thread-1] INFO  server.RaftServerConfigKeys (ConfUtils.java:logGet(44)) - raft.server.rpcslowness.timeout = 300000ms (custom)
2020-10-09 12:54:02,618 [pool-464-thread-1] INFO  server.RaftServerConfigKeys (ConfUtils.java:logGet(44)) - raft.server.sleep.deviation.threshold = 300 (default)
2020-10-09 12:54:02,618 [pool-464-thread-1] INFO  server.RaftServerConfigKeys (ConfUtils.java:logGet(44)) - raft.server.log.appender.install.snapshot.enabled = false (custom)
2020-10-09 12:54:02,619 [pool-464-thread-1] INFO  impl.RaftServerImpl (ServerState.java:<init>(104)) - 146dba11-3af2-48c9-b098-f83fb2b86474@group-BF791502C95A: ConfigurationManager, init=-1: [146dba11-3af2-48c9-b098-f83fb2b86474:172.17.0.2:39109:0], old=null, confs=<EMPTY_MAP>
2020-10-09 12:54:02,619 [pool-464-thread-1] INFO  server.RaftServerConfigKeys (ConfUtils.java:logGet(44)) - raft.server.storage.dir = [/github/workspace/mnt/ozone/hadoop-ozone/integration-test/target/test-dir/MiniOzoneClusterImpl-691c6000-d337-4848-84ec-e56c11f2c172/datanode-6/data/ratis] (custom)
2020-10-09 12:54:02,619 [pool-464-thread-1] INFO  server.RaftServerConfigKeys (ConfUtils.java:logGet(44)) - raft.server.log.corruption.policy = EXCEPTION (default)
2020-10-09 12:54:02,619 [pool-464-thread-1] INFO  storage.RaftStorageDirectory (RaftStorageDirectory.java:analyzeStorage(261)) - The storage directory /github/workspace/mnt/ozone/hadoop-ozone/integration-test/target/test-dir/MiniOzoneClusterImpl-691c6000-d337-4848-84ec-e56c11f2c172/datanode-6/data/ratis/a55c21cd-f191-49a5-bf07-bf791502c95a does not exist. Creating ...
2020-10-09 12:54:02,620 [pool-464-thread-1] INFO  storage.RaftStorageDirectory (RaftStorageDirectory.java:tryLock(343)) - Lock on /github/workspace/mnt/ozone/hadoop-ozone/integration-test/target/test-dir/MiniOzoneClusterImpl-691c6000-d337-4848-84ec-e56c11f2c172/datanode-6/data/ratis/a55c21cd-f191-49a5-bf07-bf791502c95a/in_use.lock acquired by nodename 5888@44394113892a
2020-10-09 12:54:02,621 [pool-464-thread-1] INFO  storage.RaftStorage (RaftStorage.java:format(84)) - Storage directory /github/workspace/mnt/ozone/hadoop-ozone/integration-test/target/test-dir/MiniOzoneClusterImpl-691c6000-d337-4848-84ec-e56c11f2c172/datanode-6/data/ratis/a55c21cd-f191-49a5-bf07-bf791502c95a has been successfully formatted.
2020-10-09 12:54:02,622 [pool-464-thread-1] INFO  ratis.ContainerStateMachine (ContainerStateMachine.java:loadSnapshot(225)) - group-BF791502C95A: The snapshot info is null. Setting the last applied indexto:(t:0, i:~)
2020-10-09 12:54:02,622 [pool-464-thread-1] INFO  server.RaftServerConfigKeys (ConfUtils.java:logGet(44)) - raft.server.notification.no-leader.timeout = 300000ms (custom)
2020-10-09 12:54:02,623 [pool-464-thread-1] INFO  server.RaftServerConfigKeys (ConfUtils.java:logGet(44)) - raft.server.log.use.memory = false (default)
2020-10-09 12:54:02,623 [pool-464-thread-1] INFO  server.RaftServerConfigKeys (ConfUtils.java:logGet(44)) - raft.server.log.purge.gap = 1000000 (custom)
2020-10-09 12:54:02,623 [pool-464-thread-1] INFO  metrics.RatisMetrics (RatisMetrics.java:lambda$create$0(36)) - Creating Metrics Registry : ratis.log_worker.146dba11-3af2-48c9-b098-f83fb2b86474@group-BF791502C95A
2020-10-09 12:54:02,623 [EventQueue-PipelineReportForPipelineReportHandler] INFO  pipeline.PipelineStateManager (PipelineStateManager.java:openPipeline(131)) - Pipeline Pipeline[ Id: a55c21cd-f191-49a5-bf07-bf791502c95a, Nodes: 146dba11-3af2-48c9-b098-f83fb2b86474{ip: 172.17.0.2, host: 44394113892a, networkLocation: /default-rack, certSerialId: null}, Type:RATIS, Factor:ONE, State:ALLOCATED, leaderId:146dba11-3af2-48c9-b098-f83fb2b86474, CreationTimestamp2020-10-09T12:53:59.611Z] moved to OPEN state
2020-10-09 12:54:02,624 [EventQueue-OpenPipelineForHealthyPipelineSafeModeRule] INFO  safemode.SCMSafeModeManager (HealthyPipelineSafeModeRule.java:process(129)) - SCM in safe mode. Healthy pipelines reported count is 0, required healthy pipeline reported count is 1
2020-10-09 12:54:02,624 [EventQueue-OpenPipelineForOneReplicaPipelineSafeModeRule] INFO  safemode.SCMSafeModeManager (SCMSafeModeManager.java:validateSafeModeExitRules(214)) - AtleastOneDatanodeReportedRule rule is successfully validated
2020-10-09 12:54:02,624 [pool-464-thread-1] INFO  server.RaftServerConfigKeys (ConfUtils.java:logGet(44)) - raft.server.log.appender.buffer.byte-limit = 33554432 (custom)
2020-10-09 12:54:02,624 [pool-464-thread-1] INFO  server.RaftServerConfigKeys (ConfUtils.java:logGet(44)) - raft.server.log.segment.size.max = 1048576 (custom)
2020-10-09 12:54:02,625 [pool-464-thread-1] INFO  server.RaftServerConfigKeys (ConfUtils.java:logGet(44)) - raft.server.log.segment.cache.num.max = 2 (custom)
2020-10-09 12:54:02,625 [pool-464-thread-1] INFO  segmented.SegmentedRaftLogWorker (SegmentedRaftLogWorker.java:<init>(180)) - new 146dba11-3af2-48c9-b098-f83fb2b86474@group-BF791502C95A-SegmentedRaftLogWorker for RaftStorage:Storage Directory /github/workspace/mnt/ozone/hadoop-ozone/integration-test/target/test-dir/MiniOzoneClusterImpl-691c6000-d337-4848-84ec-e56c11f2c172/datanode-6/data/ratis/a55c21cd-f191-49a5-bf07-bf791502c95a
2020-10-09 12:54:02,625 [pool-464-thread-1] INFO  server.RaftServerConfigKeys (ConfUtils.java:logGet(44)) - raft.server.log.queue.byte-limit = 2147483647 (custom)
2020-10-09 12:54:02,625 [pool-464-thread-1] INFO  server.RaftServerConfigKeys (ConfUtils.java:logGet(44)) - raft.server.log.queue.element-limit = 1024 (custom)
2020-10-09 12:54:02,625 [pool-464-thread-1] INFO  server.RaftServerConfigKeys (ConfUtils.java:logGet(44)) - raft.server.log.segment.size.max = 1048576 (custom)
2020-10-09 12:54:02,626 [pool-464-thread-1] INFO  server.RaftServerConfigKeys (ConfUtils.java:logGet(44)) - raft.server.log.preallocated.size = 16384 (custom)
2020-10-09 12:54:02,626 [pool-464-thread-1] INFO  server.RaftServerConfigKeys (ConfUtils.java:logGet(44)) - raft.server.log.write.buffer.size = 1048576 (custom)
2020-10-09 12:54:02,626 [pool-464-thread-1] INFO  server.RaftServerConfigKeys (ConfUtils.java:logGet(44)) - raft.server.log.force.sync.num = 128 (default)
2020-10-09 12:54:02,626 [pool-464-thread-1] INFO  server.RaftServerConfigKeys (ConfUtils.java:logGet(44)) - raft.server.log.statemachine.data.sync = true (default)
2020-10-09 12:54:02,626 [pool-464-thread-1] INFO  server.RaftServerConfigKeys (ConfUtils.java:logGet(44)) - raft.server.log.statemachine.data.sync.timeout = 10s (default)
2020-10-09 12:54:02,626 [pool-464-thread-1] INFO  server.RaftServerConfigKeys (ConfUtils.java:logGet(44)) - raft.server.log.statemachine.data.sync.timeout.retry = -1 (default)
2020-10-09 12:54:02,627 [pool-464-thread-1] INFO  server.RaftServerConfigKeys (ConfUtils.java:logGet(44)) - raft.server.log.statemachine.data.caching.enabled = true (custom)
2020-10-09 12:54:02,628 [pool-464-thread-1] INFO  segmented.SegmentedRaftLogWorker (SegmentedRaftLogWorker.java:lambda$new$0(129)) - 146dba11-3af2-48c9-b098-f83fb2b86474@group-BF791502C95A-SegmentedRaftLogWorker: flushIndex: setUnconditionally 0 -> -1
2020-10-09 12:54:02,628 [pool-464-thread-1] INFO  segmented.SegmentedRaftLogWorker (SegmentedRaftLogWorker.java:lambda$new$0(129)) - 146dba11-3af2-48c9-b098-f83fb2b86474@group-BF791502C95A-SegmentedRaftLogWorker: safeCacheEvictIndex: setUnconditionally 0 -> -1
2020-10-09 12:54:02,628 [pool-464-thread-1] INFO  server.RaftServerConfigKeys (ConfUtils.java:logGet(44)) - raft.server.snapshot.auto.trigger.enabled = true (custom)
2020-10-09 12:54:02,628 [pool-464-thread-1] INFO  server.RaftServerConfigKeys (ConfUtils.java:logGet(44)) - raft.server.snapshot.auto.trigger.threshold = 10000 (custom)
2020-10-09 12:54:02,628 [pool-464-thread-1] INFO  server.RaftServerConfigKeys (ConfUtils.java:logGet(44)) - raft.server.snapshot.retention.file.num = 5 (custom)
2020-10-09 12:54:02,628 [pool-464-thread-1] INFO  server.RaftServerConfigKeys (ConfUtils.java:logGet(44)) - raft.server.log.purge.upto.snapshot.index = false (default)
2020-10-09 12:54:02,628 [pool-464-thread-1] INFO  server.RaftServerConfigKeys (ConfUtils.java:logGet(44)) - raft.server.retrycache.expirytime = 600000ms (custom)
2020-10-09 12:54:02,628 [pool-464-thread-1] INFO  metrics.RatisMetrics (RatisMetrics.java:lambda$create$0(36)) - Creating Metrics Registry : ratis.leader_election.146dba11-3af2-48c9-b098-f83fb2b86474@group-BF791502C95A
2020-10-09 12:54:02,629 [pool-464-thread-1] INFO  metrics.RatisMetrics (RatisMetrics.java:lambda$create$0(36)) - Creating Metrics Registry : ratis.server.146dba11-3af2-48c9-b098-f83fb2b86474@group-BF791502C95A
2020-10-09 12:54:02,630 [pool-464-thread-1] INFO  impl.RaftServerImpl (RaftServerImpl.java:start(209)) - 146dba11-3af2-48c9-b098-f83fb2b86474@group-BF791502C95A: start as a follower, conf=-1: [146dba11-3af2-48c9-b098-f83fb2b86474:172.17.0.2:39109:0], old=null
2020-10-09 12:54:02,630 [pool-464-thread-1] INFO  impl.RaftServerImpl (RaftServerImpl.java:setRole(198)) - 146dba11-3af2-48c9-b098-f83fb2b86474@group-BF791502C95A: changes role from      null to FOLLOWER at term 0 for startAsFollower
2020-10-09 12:54:02,631 [pool-464-thread-1] INFO  impl.RoleInfo (RoleInfo.java:updateAndGet(143)) - 146dba11-3af2-48c9-b098-f83fb2b86474: start FollowerState
2020-10-09 12:54:02,631 [pool-464-thread-1] INFO  util.JmxRegister (JmxRegister.java:tryRegister(44)) - Successfully registered JMX Bean with object name Ratis:service=RaftServer,group=group-BF791502C95A,id=146dba11-3af2-48c9-b098-f83fb2b86474
2020-10-09 12:54:02,631 [pool-464-thread-1] INFO  metrics.RatisMetrics (RatisMetrics.java:lambda$create$0(36)) - Creating Metrics Registry : ratis.state_machine.146dba11-3af2-48c9-b098-f83fb2b86474@group-BF791502C95A
2020-10-09 12:54:02,632 [Command processor thread] INFO  commandhandler.CreatePipelineCommandHandler (CreatePipelineCommandHandler.java:handle(110)) - Created Pipeline RATIS ONE #id: "a55c21cd-f191-49a5-bf07-bf791502c95a"
uuid128 {
  mostSigBits: -6531308191189218907
  leastSigBits: -4681562760863889062
}
.
2020-10-09 12:54:02,632 [Command processor thread] INFO  impl.RaftServerProxy (RaftServerProxy.java:addNew(92)) - 146dba11-3af2-48c9-b098-f83fb2b86474: addNew group-F2540E47816F:[146dba11-3af2-48c9-b098-f83fb2b86474:172.17.0.2:39109:0, 2d5c9c0a-908d-48fd-9559-afc140b75ed5:172.17.0.2:34891:0, e60f7882-dbbd-427b-9f02-c7597dd940f1:172.17.0.2:46159:0] returns group-F2540E47816F:java.util.concurrent.CompletableFuture@3a4e2fff[Not completed]
2020-10-09 12:54:02,633 [pool-464-thread-1] INFO  impl.RaftServerImpl (RaftServerImpl.java:<init>(120)) - 146dba11-3af2-48c9-b098-f83fb2b86474: new RaftServerImpl for group-F2540E47816F:[146dba11-3af2-48c9-b098-f83fb2b86474:172.17.0.2:39109:0, 2d5c9c0a-908d-48fd-9559-afc140b75ed5:172.17.0.2:34891:0, e60f7882-dbbd-427b-9f02-c7597dd940f1:172.17.0.2:46159:0] with ContainerStateMachine:uninitialized
2020-10-09 12:54:02,633 [pool-464-thread-1] INFO  server.RaftServerConfigKeys (ConfUtils.java:logGet(44)) - raft.server.rpc.timeout.min = 5s (custom)
2020-10-09 12:54:02,633 [pool-464-thread-1] INFO  server.RaftServerConfigKeys (ConfUtils.java:logGet(44)) - raft.server.rpc.timeout.max = 5200ms (custom)
2020-10-09 12:54:02,633 [pool-464-thread-1] INFO  server.RaftServerConfigKeys (ConfUtils.java:logGet(44)) - raft.server.rpcslowness.timeout = 300000ms (custom)
2020-10-09 12:54:02,633 [pool-464-thread-1] INFO  server.RaftServerConfigKeys (ConfUtils.java:logGet(44)) - raft.server.sleep.deviation.threshold = 300 (default)
2020-10-09 12:54:02,633 [pool-464-thread-1] INFO  server.RaftServerConfigKeys (ConfUtils.java:logGet(44)) - raft.server.log.appender.install.snapshot.enabled = false (custom)
2020-10-09 12:54:02,633 [pool-464-thread-1] INFO  impl.RaftServerImpl (ServerState.java:<init>(104)) - 146dba11-3af2-48c9-b098-f83fb2b86474@group-F2540E47816F: ConfigurationManager, init=-1: [146dba11-3af2-48c9-b098-f83fb2b86474:172.17.0.2:39109:0, 2d5c9c0a-908d-48fd-9559-afc140b75ed5:172.17.0.2:34891:0, e60f7882-dbbd-427b-9f02-c7597dd940f1:172.17.0.2:46159:0], old=null, confs=<EMPTY_MAP>
2020-10-09 12:54:02,633 [pool-464-thread-1] INFO  server.RaftServerConfigKeys (ConfUtils.java:logGet(44)) - raft.server.storage.dir = [/github/workspace/mnt/ozone/hadoop-ozone/integration-test/target/test-dir/MiniOzoneClusterImpl-691c6000-d337-4848-84ec-e56c11f2c172/datanode-6/data/ratis] (custom)
2020-10-09 12:54:02,633 [pool-464-thread-1] INFO  server.RaftServerConfigKeys (ConfUtils.java:logGet(44)) - raft.server.log.corruption.policy = EXCEPTION (default)
2020-10-09 12:54:02,633 [pool-464-thread-1] INFO  storage.RaftStorageDirectory (RaftStorageDirectory.java:analyzeStorage(261)) - The storage directory /github/workspace/mnt/ozone/hadoop-ozone/integration-test/target/test-dir/MiniOzoneClusterImpl-691c6000-d337-4848-84ec-e56c11f2c172/datanode-6/data/ratis/de67e3f1-d5e0-4b31-aba7-f2540e47816f does not exist. Creating ...
2020-10-09 12:54:02,635 [pool-464-thread-1] INFO  storage.RaftStorageDirectory (RaftStorageDirectory.java:tryLock(343)) - Lock on /github/workspace/mnt/ozone/hadoop-ozone/integration-test/target/test-dir/MiniOzoneClusterImpl-691c6000-d337-4848-84ec-e56c11f2c172/datanode-6/data/ratis/de67e3f1-d5e0-4b31-aba7-f2540e47816f/in_use.lock acquired by nodename 5888@44394113892a
2020-10-09 12:54:02,636 [pool-464-thread-1] INFO  storage.RaftStorage (RaftStorage.java:format(84)) - Storage directory /github/workspace/mnt/ozone/hadoop-ozone/integration-test/target/test-dir/MiniOzoneClusterImpl-691c6000-d337-4848-84ec-e56c11f2c172/datanode-6/data/ratis/de67e3f1-d5e0-4b31-aba7-f2540e47816f has been successfully formatted.
2020-10-09 12:54:02,636 [pool-464-thread-1] INFO  ratis.ContainerStateMachine (ContainerStateMachine.java:loadSnapshot(225)) - group-F2540E47816F: The snapshot info is null. Setting the last applied indexto:(t:0, i:~)
2020-10-09 12:54:02,636 [pool-464-thread-1] INFO  server.RaftServerConfigKeys (ConfUtils.java:logGet(44)) - raft.server.notification.no-leader.timeout = 300000ms (custom)
2020-10-09 12:54:02,636 [pool-464-thread-1] INFO  server.RaftServerConfigKeys (ConfUtils.java:logGet(44)) - raft.server.log.use.memory = false (default)
2020-10-09 12:54:02,636 [pool-464-thread-1] INFO  server.RaftServerConfigKeys (ConfUtils.java:logGet(44)) - raft.server.log.purge.gap = 1000000 (custom)
2020-10-09 12:54:02,636 [pool-464-thread-1] INFO  metrics.RatisMetrics (RatisMetrics.java:lambda$create$0(36)) - Creating Metrics Registry : ratis.log_worker.146dba11-3af2-48c9-b098-f83fb2b86474@group-F2540E47816F
2020-10-09 12:54:02,637 [pool-464-thread-1] INFO  server.RaftServerConfigKeys (ConfUtils.java:logGet(44)) - raft.server.log.appender.buffer.byte-limit = 33554432 (custom)
2020-10-09 12:54:02,637 [pool-464-thread-1] INFO  server.RaftServerConfigKeys (ConfUtils.java:logGet(44)) - raft.server.log.segment.size.max = 1048576 (custom)
2020-10-09 12:54:02,637 [pool-464-thread-1] INFO  server.RaftServerConfigKeys (ConfUtils.java:logGet(44)) - raft.server.log.segment.cache.num.max = 2 (custom)
2020-10-09 12:54:02,638 [pool-464-thread-1] INFO  segmented.SegmentedRaftLogWorker (SegmentedRaftLogWorker.java:<init>(180)) - new 146dba11-3af2-48c9-b098-f83fb2b86474@group-F2540E47816F-SegmentedRaftLogWorker for RaftStorage:Storage Directory /github/workspace/mnt/ozone/hadoop-ozone/integration-test/target/test-dir/MiniOzoneClusterImpl-691c6000-d337-4848-84ec-e56c11f2c172/datanode-6/data/ratis/de67e3f1-d5e0-4b31-aba7-f2540e47816f
2020-10-09 12:54:02,638 [pool-464-thread-1] INFO  server.RaftServerConfigKeys (ConfUtils.java:logGet(44)) - raft.server.log.queue.byte-limit = 2147483647 (custom)
2020-10-09 12:54:02,638 [pool-464-thread-1] INFO  server.RaftServerConfigKeys (ConfUtils.java:logGet(44)) - raft.server.log.queue.element-limit = 1024 (custom)
2020-10-09 12:54:02,638 [pool-464-thread-1] INFO  server.RaftServerConfigKeys (ConfUtils.java:logGet(44)) - raft.server.log.segment.size.max = 1048576 (custom)
2020-10-09 12:54:02,638 [pool-464-thread-1] INFO  server.RaftServerConfigKeys (ConfUtils.java:logGet(44)) - raft.server.log.preallocated.size = 16384 (custom)
2020-10-09 12:54:02,638 [pool-464-thread-1] INFO  server.RaftServerConfigKeys (ConfUtils.java:logGet(44)) - raft.server.log.write.buffer.size = 1048576 (custom)
2020-10-09 12:54:02,638 [pool-464-thread-1] INFO  server.RaftServerConfigKeys (ConfUtils.java:logGet(44)) - raft.server.log.force.sync.num = 128 (default)
2020-10-09 12:54:02,638 [pool-464-thread-1] INFO  server.RaftServerConfigKeys (ConfUtils.java:logGet(44)) - raft.server.log.statemachine.data.sync = true (default)
2020-10-09 12:54:02,638 [pool-464-thread-1] INFO  server.RaftServerConfigKeys (ConfUtils.java:logGet(44)) - raft.server.log.statemachine.data.sync.timeout = 10s (default)
2020-10-09 12:54:02,638 [pool-464-thread-1] INFO  server.RaftServerConfigKeys (ConfUtils.java:logGet(44)) - raft.server.log.statemachine.data.sync.timeout.retry = -1 (default)
2020-10-09 12:54:02,641 [pool-464-thread-1] INFO  server.RaftServerConfigKeys (ConfUtils.java:logGet(44)) - raft.server.log.statemachine.data.caching.enabled = true (custom)
2020-10-09 12:54:02,641 [pool-464-thread-1] INFO  segmented.SegmentedRaftLogWorker (SegmentedRaftLogWorker.java:lambda$new$0(129)) - 146dba11-3af2-48c9-b098-f83fb2b86474@group-F2540E47816F-SegmentedRaftLogWorker: flushIndex: setUnconditionally 0 -> -1
2020-10-09 12:54:02,641 [pool-464-thread-1] INFO  segmented.SegmentedRaftLogWorker (SegmentedRaftLogWorker.java:lambda$new$0(129)) - 146dba11-3af2-48c9-b098-f83fb2b86474@group-F2540E47816F-SegmentedRaftLogWorker: safeCacheEvictIndex: setUnconditionally 0 -> -1
2020-10-09 12:54:02,643 [pool-464-thread-1] INFO  server.RaftServerConfigKeys (ConfUtils.java:logGet(44)) - raft.server.snapshot.auto.trigger.enabled = true (custom)
2020-10-09 12:54:02,643 [pool-464-thread-1] INFO  server.RaftServerConfigKeys (ConfUtils.java:logGet(44)) - raft.server.snapshot.auto.trigger.threshold = 10000 (custom)
2020-10-09 12:54:02,643 [pool-464-thread-1] INFO  server.RaftServerConfigKeys (ConfUtils.java:logGet(44)) - raft.server.snapshot.retention.file.num = 5 (custom)
2020-10-09 12:54:02,643 [pool-464-thread-1] INFO  server.RaftServerConfigKeys (ConfUtils.java:logGet(44)) - raft.server.log.purge.upto.snapshot.index = false (default)
2020-10-09 12:54:02,643 [pool-464-thread-1] INFO  server.RaftServerConfigKeys (ConfUtils.java:logGet(44)) - raft.server.retrycache.expirytime = 600000ms (custom)
2020-10-09 12:54:02,643 [pool-464-thread-1] INFO  metrics.RatisMetrics (RatisMetrics.java:lambda$create$0(36)) - Creating Metrics Registry : ratis.leader_election.146dba11-3af2-48c9-b098-f83fb2b86474@group-F2540E47816F
2020-10-09 12:54:02,644 [pool-464-thread-1] INFO  metrics.RatisMetrics (RatisMetrics.java:lambda$create$0(36)) - Creating Metrics Registry : ratis.server.146dba11-3af2-48c9-b098-f83fb2b86474@group-F2540E47816F
2020-10-09 12:54:02,645 [pool-464-thread-1] INFO  impl.RaftServerImpl (RaftServerImpl.java:start(209)) - 146dba11-3af2-48c9-b098-f83fb2b86474@group-F2540E47816F: start as a follower, conf=-1: [146dba11-3af2-48c9-b098-f83fb2b86474:172.17.0.2:39109:0, 2d5c9c0a-908d-48fd-9559-afc140b75ed5:172.17.0.2:34891:0, e60f7882-dbbd-427b-9f02-c7597dd940f1:172.17.0.2:46159:0], old=null
2020-10-09 12:54:02,645 [pool-464-thread-1] INFO  impl.RaftServerImpl (RaftServerImpl.java:setRole(198)) - 146dba11-3af2-48c9-b098-f83fb2b86474@group-F2540E47816F: changes role from      null to FOLLOWER at term 0 for startAsFollower
2020-10-09 12:54:02,645 [pool-464-thread-1] INFO  impl.RoleInfo (RoleInfo.java:updateAndGet(143)) - 146dba11-3af2-48c9-b098-f83fb2b86474: start FollowerState
2020-10-09 12:54:02,645 [pool-464-thread-1] INFO  util.JmxRegister (JmxRegister.java:tryRegister(44)) - Successfully registered JMX Bean with object name Ratis:service=RaftServer,group=group-F2540E47816F,id=146dba11-3af2-48c9-b098-f83fb2b86474
2020-10-09 12:54:02,645 [pool-464-thread-1] INFO  metrics.RatisMetrics (RatisMetrics.java:lambda$create$0(36)) - Creating Metrics Registry : ratis.state_machine.146dba11-3af2-48c9-b098-f83fb2b86474@group-F2540E47816F
2020-10-09 12:54:02,647 [Command processor thread] INFO  metrics.RatisMetrics (RatisMetrics.java:lambda$create$0(36)) - Creating Metrics Registry : ratis.client_message_metrics.client-D97FA788F2DB->e60f7882-dbbd-427b-9f02-c7597dd940f1
2020-10-09 12:54:02,653 [grpc-default-executor-2] INFO  metrics.RatisMetrics (RatisMetrics.java:lambda$create$0(36)) - Creating Metrics Registry : ratis.server_message_metrics.e60f7882-dbbd-427b-9f02-c7597dd940f1
2020-10-09 12:54:02,656 [grpc-default-executor-2] INFO  impl.RaftServerProxy (RaftServerProxy.java:addNew(92)) - e60f7882-dbbd-427b-9f02-c7597dd940f1: addNew group-F2540E47816F:[146dba11-3af2-48c9-b098-f83fb2b86474:172.17.0.2:39109:0, 2d5c9c0a-908d-48fd-9559-afc140b75ed5:172.17.0.2:34891:0, e60f7882-dbbd-427b-9f02-c7597dd940f1:172.17.0.2:46159:0] returns group-F2540E47816F:java.util.concurrent.CompletableFuture@2a86ed7c[Not completed]
2020-10-09 12:54:02,656 [pool-494-thread-1] INFO  impl.RaftServerImpl (RaftServerImpl.java:<init>(120)) - e60f7882-dbbd-427b-9f02-c7597dd940f1: new RaftServerImpl for group-F2540E47816F:[146dba11-3af2-48c9-b098-f83fb2b86474:172.17.0.2:39109:0, 2d5c9c0a-908d-48fd-9559-afc140b75ed5:172.17.0.2:34891:0, e60f7882-dbbd-427b-9f02-c7597dd940f1:172.17.0.2:46159:0] with ContainerStateMachine:uninitialized
2020-10-09 12:54:02,657 [pool-494-thread-1] INFO  server.RaftServerConfigKeys (ConfUtils.java:logGet(44)) - raft.server.rpc.timeout.min = 5s (custom)
2020-10-09 12:54:02,657 [pool-494-thread-1] INFO  server.RaftServerConfigKeys (ConfUtils.java:logGet(44)) - raft.server.rpc.timeout.max = 5200ms (custom)
2020-10-09 12:54:02,657 [pool-494-thread-1] INFO  server.RaftServerConfigKeys (ConfUtils.java:logGet(44)) - raft.server.rpcslowness.timeout = 300000ms (custom)
2020-10-09 12:54:02,657 [pool-494-thread-1] INFO  server.RaftServerConfigKeys (ConfUtils.java:logGet(44)) - raft.server.sleep.deviation.threshold = 300 (default)
2020-10-09 12:54:02,657 [pool-494-thread-1] INFO  server.RaftServerConfigKeys (ConfUtils.java:logGet(44)) - raft.server.log.appender.install.snapshot.enabled = false (custom)
2020-10-09 12:54:02,657 [pool-494-thread-1] INFO  impl.RaftServerImpl (ServerState.java:<init>(104)) - e60f7882-dbbd-427b-9f02-c7597dd940f1@group-F2540E47816F: ConfigurationManager, init=-1: [146dba11-3af2-48c9-b098-f83fb2b86474:172.17.0.2:39109:0, 2d5c9c0a-908d-48fd-9559-afc140b75ed5:172.17.0.2:34891:0, e60f7882-dbbd-427b-9f02-c7597dd940f1:172.17.0.2:46159:0], old=null, confs=<EMPTY_MAP>
2020-10-09 12:54:02,658 [pool-494-thread-1] INFO  server.RaftServerConfigKeys (ConfUtils.java:logGet(44)) - raft.server.storage.dir = [/github/workspace/mnt/ozone/hadoop-ozone/integration-test/target/test-dir/MiniOzoneClusterImpl-691c6000-d337-4848-84ec-e56c11f2c172/datanode-8/data/ratis] (custom)
2020-10-09 12:54:02,658 [pool-494-thread-1] INFO  server.RaftServerConfigKeys (ConfUtils.java:logGet(44)) - raft.server.log.corruption.policy = EXCEPTION (default)
2020-10-09 12:54:02,658 [pool-494-thread-1] INFO  storage.RaftStorageDirectory (RaftStorageDirectory.java:analyzeStorage(261)) - The storage directory /github/workspace/mnt/ozone/hadoop-ozone/integration-test/target/test-dir/MiniOzoneClusterImpl-691c6000-d337-4848-84ec-e56c11f2c172/datanode-8/data/ratis/de67e3f1-d5e0-4b31-aba7-f2540e47816f does not exist. Creating ...
2020-10-09 12:54:02,659 [pool-494-thread-1] INFO  storage.RaftStorageDirectory (RaftStorageDirectory.java:tryLock(343)) - Lock on /github/workspace/mnt/ozone/hadoop-ozone/integration-test/target/test-dir/MiniOzoneClusterImpl-691c6000-d337-4848-84ec-e56c11f2c172/datanode-8/data/ratis/de67e3f1-d5e0-4b31-aba7-f2540e47816f/in_use.lock acquired by nodename 5888@44394113892a
2020-10-09 12:54:02,660 [pool-494-thread-1] INFO  storage.RaftStorage (RaftStorage.java:format(84)) - Storage directory /github/workspace/mnt/ozone/hadoop-ozone/integration-test/target/test-dir/MiniOzoneClusterImpl-691c6000-d337-4848-84ec-e56c11f2c172/datanode-8/data/ratis/de67e3f1-d5e0-4b31-aba7-f2540e47816f has been successfully formatted.
2020-10-09 12:54:02,661 [pool-494-thread-1] INFO  ratis.ContainerStateMachine (ContainerStateMachine.java:loadSnapshot(225)) - group-F2540E47816F: The snapshot info is null. Setting the last applied indexto:(t:0, i:~)
2020-10-09 12:54:02,661 [pool-494-thread-1] INFO  server.RaftServerConfigKeys (ConfUtils.java:logGet(44)) - raft.server.notification.no-leader.timeout = 300000ms (custom)
2020-10-09 12:54:02,661 [pool-494-thread-1] INFO  server.RaftServerConfigKeys (ConfUtils.java:logGet(44)) - raft.server.log.use.memory = false (default)
2020-10-09 12:54:02,661 [pool-494-thread-1] INFO  server.RaftServerConfigKeys (ConfUtils.java:logGet(44)) - raft.server.log.purge.gap = 1000000 (custom)
2020-10-09 12:54:02,661 [pool-494-thread-1] INFO  metrics.RatisMetrics (RatisMetrics.java:lambda$create$0(36)) - Creating Metrics Registry : ratis.log_worker.e60f7882-dbbd-427b-9f02-c7597dd940f1@group-F2540E47816F
2020-10-09 12:54:02,661 [pool-494-thread-1] INFO  server.RaftServerConfigKeys (ConfUtils.java:logGet(44)) - raft.server.log.appender.buffer.byte-limit = 33554432 (custom)
2020-10-09 12:54:02,661 [pool-494-thread-1] INFO  server.RaftServerConfigKeys (ConfUtils.java:logGet(44)) - raft.server.log.segment.size.max = 1048576 (custom)
2020-10-09 12:54:02,662 [pool-494-thread-1] INFO  server.RaftServerConfigKeys (ConfUtils.java:logGet(44)) - raft.server.log.segment.cache.num.max = 2 (custom)
2020-10-09 12:54:02,662 [pool-494-thread-1] INFO  segmented.SegmentedRaftLogWorker (SegmentedRaftLogWorker.java:<init>(180)) - new e60f7882-dbbd-427b-9f02-c7597dd940f1@group-F2540E47816F-SegmentedRaftLogWorker for RaftStorage:Storage Directory /github/workspace/mnt/ozone/hadoop-ozone/integration-test/target/test-dir/MiniOzoneClusterImpl-691c6000-d337-4848-84ec-e56c11f2c172/datanode-8/data/ratis/de67e3f1-d5e0-4b31-aba7-f2540e47816f
2020-10-09 12:54:02,662 [pool-494-thread-1] INFO  server.RaftServerConfigKeys (ConfUtils.java:logGet(44)) - raft.server.log.queue.byte-limit = 2147483647 (custom)
2020-10-09 12:54:02,662 [pool-494-thread-1] INFO  server.RaftServerConfigKeys (ConfUtils.java:logGet(44)) - raft.server.log.queue.element-limit = 1024 (custom)
2020-10-09 12:54:02,662 [pool-494-thread-1] INFO  server.RaftServerConfigKeys (ConfUtils.java:logGet(44)) - raft.server.log.segment.size.max = 1048576 (custom)
2020-10-09 12:54:02,662 [pool-494-thread-1] INFO  server.RaftServerConfigKeys (ConfUtils.java:logGet(44)) - raft.server.log.preallocated.size = 16384 (custom)
2020-10-09 12:54:02,662 [pool-494-thread-1] INFO  server.RaftServerConfigKeys (ConfUtils.java:logGet(44)) - raft.server.log.write.buffer.size = 1048576 (custom)
2020-10-09 12:54:02,662 [pool-494-thread-1] INFO  server.RaftServerConfigKeys (ConfUtils.java:logGet(44)) - raft.server.log.force.sync.num = 128 (default)
2020-10-09 12:54:02,662 [pool-494-thread-1] INFO  server.RaftServerConfigKeys (ConfUtils.java:logGet(44)) - raft.server.log.statemachine.data.sync = true (default)
2020-10-09 12:54:02,662 [pool-494-thread-1] INFO  server.RaftServerConfigKeys (ConfUtils.java:logGet(44)) - raft.server.log.statemachine.data.sync.timeout = 10s (default)
2020-10-09 12:54:02,663 [pool-494-thread-1] INFO  server.RaftServerConfigKeys (ConfUtils.java:logGet(44)) - raft.server.log.statemachine.data.sync.timeout.retry = -1 (default)
2020-10-09 12:54:02,665 [pool-494-thread-1] INFO  server.RaftServerConfigKeys (ConfUtils.java:logGet(44)) - raft.server.log.statemachine.data.caching.enabled = true (custom)
2020-10-09 12:54:02,665 [pool-494-thread-1] INFO  segmented.SegmentedRaftLogWorker (SegmentedRaftLogWorker.java:lambda$new$0(129)) - e60f7882-dbbd-427b-9f02-c7597dd940f1@group-F2540E47816F-SegmentedRaftLogWorker: flushIndex: setUnconditionally 0 -> -1
2020-10-09 12:54:02,666 [pool-494-thread-1] INFO  segmented.SegmentedRaftLogWorker (SegmentedRaftLogWorker.java:lambda$new$0(129)) - e60f7882-dbbd-427b-9f02-c7597dd940f1@group-F2540E47816F-SegmentedRaftLogWorker: safeCacheEvictIndex: setUnconditionally 0 -> -1
2020-10-09 12:54:02,666 [pool-494-thread-1] INFO  server.RaftServerConfigKeys (ConfUtils.java:logGet(44)) - raft.server.snapshot.auto.trigger.enabled = true (custom)
2020-10-09 12:54:02,666 [pool-494-thread-1] INFO  server.RaftServerConfigKeys (ConfUtils.java:logGet(44)) - raft.server.snapshot.auto.trigger.threshold = 10000 (custom)
2020-10-09 12:54:02,666 [pool-494-thread-1] INFO  server.RaftServerConfigKeys (ConfUtils.java:logGet(44)) - raft.server.snapshot.retention.file.num = 5 (custom)
2020-10-09 12:54:02,666 [pool-494-thread-1] INFO  server.RaftServerConfigKeys (ConfUtils.java:logGet(44)) - raft.server.log.purge.upto.snapshot.index = false (default)
2020-10-09 12:54:02,666 [pool-494-thread-1] INFO  server.RaftServerConfigKeys (ConfUtils.java:logGet(44)) - raft.server.retrycache.expirytime = 600000ms (custom)
2020-10-09 12:54:02,666 [pool-494-thread-1] INFO  metrics.RatisMetrics (RatisMetrics.java:lambda$create$0(36)) - Creating Metrics Registry : ratis.leader_election.e60f7882-dbbd-427b-9f02-c7597dd940f1@group-F2540E47816F
2020-10-09 12:54:02,667 [pool-494-thread-1] INFO  metrics.RatisMetrics (RatisMetrics.java:lambda$create$0(36)) - Creating Metrics Registry : ratis.server.e60f7882-dbbd-427b-9f02-c7597dd940f1@group-F2540E47816F
2020-10-09 12:54:02,668 [pool-494-thread-1] INFO  impl.RaftServerImpl (RaftServerImpl.java:start(209)) - e60f7882-dbbd-427b-9f02-c7597dd940f1@group-F2540E47816F: start as a follower, conf=-1: [146dba11-3af2-48c9-b098-f83fb2b86474:172.17.0.2:39109:0, 2d5c9c0a-908d-48fd-9559-afc140b75ed5:172.17.0.2:34891:0, e60f7882-dbbd-427b-9f02-c7597dd940f1:172.17.0.2:46159:0], old=null
2020-10-09 12:54:02,668 [pool-494-thread-1] INFO  impl.RaftServerImpl (RaftServerImpl.java:setRole(198)) - e60f7882-dbbd-427b-9f02-c7597dd940f1@group-F2540E47816F: changes role from      null to FOLLOWER at term 0 for startAsFollower
2020-10-09 12:54:02,668 [pool-494-thread-1] INFO  impl.RoleInfo (RoleInfo.java:updateAndGet(143)) - e60f7882-dbbd-427b-9f02-c7597dd940f1: start FollowerState
2020-10-09 12:54:02,668 [pool-494-thread-1] INFO  util.JmxRegister (JmxRegister.java:tryRegister(44)) - Successfully registered JMX Bean with object name Ratis:service=RaftServer,group=group-F2540E47816F,id=e60f7882-dbbd-427b-9f02-c7597dd940f1
2020-10-09 12:54:02,668 [pool-494-thread-1] INFO  metrics.RatisMetrics (RatisMetrics.java:lambda$create$0(36)) - Creating Metrics Registry : ratis.state_machine.e60f7882-dbbd-427b-9f02-c7597dd940f1@group-F2540E47816F
2020-10-09 12:54:02,676 [Command processor thread] INFO  metrics.RatisMetrics (RatisMetrics.java:lambda$create$0(36)) - Creating Metrics Registry : ratis.client_message_metrics.client-9CF9B127E76B->2d5c9c0a-908d-48fd-9559-afc140b75ed5
2020-10-09 12:54:02,684 [grpc-default-executor-2] INFO  metrics.RatisMetrics (RatisMetrics.java:lambda$create$0(36)) - Creating Metrics Registry : ratis.server_message_metrics.2d5c9c0a-908d-48fd-9559-afc140b75ed5
2020-10-09 12:54:02,686 [grpc-default-executor-2] INFO  impl.RaftServerProxy (RaftServerProxy.java:addNew(92)) - 2d5c9c0a-908d-48fd-9559-afc140b75ed5: addNew group-F2540E47816F:[146dba11-3af2-48c9-b098-f83fb2b86474:172.17.0.2:39109:0, 2d5c9c0a-908d-48fd-9559-afc140b75ed5:172.17.0.2:34891:0, e60f7882-dbbd-427b-9f02-c7597dd940f1:172.17.0.2:46159:0] returns group-F2540E47816F:java.util.concurrent.CompletableFuture@41dd21f8[Not completed]
2020-10-09 12:54:02,687 [pool-479-thread-1] INFO  impl.RaftServerImpl (RaftServerImpl.java:<init>(120)) - 2d5c9c0a-908d-48fd-9559-afc140b75ed5: new RaftServerImpl for group-F2540E47816F:[146dba11-3af2-48c9-b098-f83fb2b86474:172.17.0.2:39109:0, 2d5c9c0a-908d-48fd-9559-afc140b75ed5:172.17.0.2:34891:0, e60f7882-dbbd-427b-9f02-c7597dd940f1:172.17.0.2:46159:0] with ContainerStateMachine:uninitialized
2020-10-09 12:54:02,687 [pool-479-thread-1] INFO  server.RaftServerConfigKeys (ConfUtils.java:logGet(44)) - raft.server.rpc.timeout.min = 5s (custom)
2020-10-09 12:54:02,687 [pool-479-thread-1] INFO  server.RaftServerConfigKeys (ConfUtils.java:logGet(44)) - raft.server.rpc.timeout.max = 5200ms (custom)
2020-10-09 12:54:02,687 [pool-479-thread-1] INFO  server.RaftServerConfigKeys (ConfUtils.java:logGet(44)) - raft.server.rpcslowness.timeout = 300000ms (custom)
2020-10-09 12:54:02,687 [pool-479-thread-1] INFO  server.RaftServerConfigKeys (ConfUtils.java:logGet(44)) - raft.server.sleep.deviation.threshold = 300 (default)
2020-10-09 12:54:02,687 [pool-479-thread-1] INFO  server.RaftServerConfigKeys (ConfUtils.java:logGet(44)) - raft.server.log.appender.install.snapshot.enabled = false (custom)
2020-10-09 12:54:02,687 [pool-479-thread-1] INFO  impl.RaftServerImpl (ServerState.java:<init>(104)) - 2d5c9c0a-908d-48fd-9559-afc140b75ed5@group-F2540E47816F: ConfigurationManager, init=-1: [146dba11-3af2-48c9-b098-f83fb2b86474:172.17.0.2:39109:0, 2d5c9c0a-908d-48fd-9559-afc140b75ed5:172.17.0.2:34891:0, e60f7882-dbbd-427b-9f02-c7597dd940f1:172.17.0.2:46159:0], old=null, confs=<EMPTY_MAP>
2020-10-09 12:54:02,687 [pool-479-thread-1] INFO  server.RaftServerConfigKeys (ConfUtils.java:logGet(44)) - raft.server.storage.dir = [/github/workspace/mnt/ozone/hadoop-ozone/integration-test/target/test-dir/MiniOzoneClusterImpl-691c6000-d337-4848-84ec-e56c11f2c172/datanode-7/data/ratis] (custom)
2020-10-09 12:54:02,688 [pool-479-thread-1] INFO  server.RaftServerConfigKeys (ConfUtils.java:logGet(44)) - raft.server.log.corruption.policy = EXCEPTION (default)
2020-10-09 12:54:02,688 [pool-479-thread-1] INFO  storage.RaftStorageDirectory (RaftStorageDirectory.java:analyzeStorage(261)) - The storage directory /github/workspace/mnt/ozone/hadoop-ozone/integration-test/target/test-dir/MiniOzoneClusterImpl-691c6000-d337-4848-84ec-e56c11f2c172/datanode-7/data/ratis/de67e3f1-d5e0-4b31-aba7-f2540e47816f does not exist. Creating ...
2020-10-09 12:54:02,689 [pool-479-thread-1] INFO  storage.RaftStorageDirectory (RaftStorageDirectory.java:tryLock(343)) - Lock on /github/workspace/mnt/ozone/hadoop-ozone/integration-test/target/test-dir/MiniOzoneClusterImpl-691c6000-d337-4848-84ec-e56c11f2c172/datanode-7/data/ratis/de67e3f1-d5e0-4b31-aba7-f2540e47816f/in_use.lock acquired by nodename 5888@44394113892a
2020-10-09 12:54:02,690 [pool-479-thread-1] INFO  storage.RaftStorage (RaftStorage.java:format(84)) - Storage directory /github/workspace/mnt/ozone/hadoop-ozone/integration-test/target/test-dir/MiniOzoneClusterImpl-691c6000-d337-4848-84ec-e56c11f2c172/datanode-7/data/ratis/de67e3f1-d5e0-4b31-aba7-f2540e47816f has been successfully formatted.
2020-10-09 12:54:02,691 [pool-479-thread-1] INFO  ratis.ContainerStateMachine (ContainerStateMachine.java:loadSnapshot(225)) - group-F2540E47816F: The snapshot info is null. Setting the last applied indexto:(t:0, i:~)
2020-10-09 12:54:02,691 [pool-479-thread-1] INFO  server.RaftServerConfigKeys (ConfUtils.java:logGet(44)) - raft.server.notification.no-leader.timeout = 300000ms (custom)
2020-10-09 12:54:02,692 [pool-479-thread-1] INFO  server.RaftServerConfigKeys (ConfUtils.java:logGet(44)) - raft.server.log.use.memory = false (default)
2020-10-09 12:54:02,692 [pool-479-thread-1] INFO  server.RaftServerConfigKeys (ConfUtils.java:logGet(44)) - raft.server.log.purge.gap = 1000000 (custom)
2020-10-09 12:54:02,692 [pool-479-thread-1] INFO  metrics.RatisMetrics (RatisMetrics.java:lambda$create$0(36)) - Creating Metrics Registry : ratis.log_worker.2d5c9c0a-908d-48fd-9559-afc140b75ed5@group-F2540E47816F
2020-10-09 12:54:02,692 [pool-479-thread-1] INFO  server.RaftServerConfigKeys (ConfUtils.java:logGet(44)) - raft.server.log.appender.buffer.byte-limit = 33554432 (custom)
2020-10-09 12:54:02,692 [pool-479-thread-1] INFO  server.RaftServerConfigKeys (ConfUtils.java:logGet(44)) - raft.server.log.segment.size.max = 1048576 (custom)
2020-10-09 12:54:02,693 [pool-479-thread-1] INFO  server.RaftServerConfigKeys (ConfUtils.java:logGet(44)) - raft.server.log.segment.cache.num.max = 2 (custom)
2020-10-09 12:54:02,693 [pool-479-thread-1] INFO  segmented.SegmentedRaftLogWorker (SegmentedRaftLogWorker.java:<init>(180)) - new 2d5c9c0a-908d-48fd-9559-afc140b75ed5@group-F2540E47816F-SegmentedRaftLogWorker for RaftStorage:Storage Directory /github/workspace/mnt/ozone/hadoop-ozone/integration-test/target/test-dir/MiniOzoneClusterImpl-691c6000-d337-4848-84ec-e56c11f2c172/datanode-7/data/ratis/de67e3f1-d5e0-4b31-aba7-f2540e47816f
2020-10-09 12:54:02,693 [pool-479-thread-1] INFO  server.RaftServerConfigKeys (ConfUtils.java:logGet(44)) - raft.server.log.queue.byte-limit = 2147483647 (custom)
2020-10-09 12:54:02,693 [pool-479-thread-1] INFO  server.RaftServerConfigKeys (ConfUtils.java:logGet(44)) - raft.server.log.queue.element-limit = 1024 (custom)
2020-10-09 12:54:02,693 [pool-479-thread-1] INFO  server.RaftServerConfigKeys (ConfUtils.java:logGet(44)) - raft.server.log.segment.size.max = 1048576 (custom)
2020-10-09 12:54:02,693 [pool-479-thread-1] INFO  server.RaftServerConfigKeys (ConfUtils.java:logGet(44)) - raft.server.log.preallocated.size = 16384 (custom)
2020-10-09 12:54:02,693 [pool-479-thread-1] INFO  server.RaftServerConfigKeys (ConfUtils.java:logGet(44)) - raft.server.log.write.buffer.size = 1048576 (custom)
2020-10-09 12:54:02,693 [pool-479-thread-1] INFO  server.RaftServerConfigKeys (ConfUtils.java:logGet(44)) - raft.server.log.force.sync.num = 128 (default)
2020-10-09 12:54:02,693 [pool-479-thread-1] INFO  server.RaftServerConfigKeys (ConfUtils.java:logGet(44)) - raft.server.log.statemachine.data.sync = true (default)
2020-10-09 12:54:02,693 [pool-479-thread-1] INFO  server.RaftServerConfigKeys (ConfUtils.java:logGet(44)) - raft.server.log.statemachine.data.sync.timeout = 10s (default)
2020-10-09 12:54:02,694 [pool-479-thread-1] INFO  server.RaftServerConfigKeys (ConfUtils.java:logGet(44)) - raft.server.log.statemachine.data.sync.timeout.retry = -1 (default)
2020-10-09 12:54:02,695 [pool-479-thread-1] INFO  server.RaftServerConfigKeys (ConfUtils.java:logGet(44)) - raft.server.log.statemachine.data.caching.enabled = true (custom)
2020-10-09 12:54:02,695 [pool-479-thread-1] INFO  segmented.SegmentedRaftLogWorker (SegmentedRaftLogWorker.java:lambda$new$0(129)) - 2d5c9c0a-908d-48fd-9559-afc140b75ed5@group-F2540E47816F-SegmentedRaftLogWorker: flushIndex: setUnconditionally 0 -> -1
2020-10-09 12:54:02,695 [pool-479-thread-1] INFO  segmented.SegmentedRaftLogWorker (SegmentedRaftLogWorker.java:lambda$new$0(129)) - 2d5c9c0a-908d-48fd-9559-afc140b75ed5@group-F2540E47816F-SegmentedRaftLogWorker: safeCacheEvictIndex: setUnconditionally 0 -> -1
2020-10-09 12:54:02,696 [pool-479-thread-1] INFO  server.RaftServerConfigKeys (ConfUtils.java:logGet(44)) - raft.server.snapshot.auto.trigger.enabled = true (custom)
2020-10-09 12:54:02,696 [pool-479-thread-1] INFO  server.RaftServerConfigKeys (ConfUtils.java:logGet(44)) - raft.server.snapshot.auto.trigger.threshold = 10000 (custom)
2020-10-09 12:54:02,696 [pool-479-thread-1] INFO  server.RaftServerConfigKeys (ConfUtils.java:logGet(44)) - raft.server.snapshot.retention.file.num = 5 (custom)
2020-10-09 12:54:02,696 [pool-479-thread-1] INFO  server.RaftServerConfigKeys (ConfUtils.java:logGet(44)) - raft.server.log.purge.upto.snapshot.index = false (default)
2020-10-09 12:54:02,696 [pool-479-thread-1] INFO  server.RaftServerConfigKeys (ConfUtils.java:logGet(44)) - raft.server.retrycache.expirytime = 600000ms (custom)
2020-10-09 12:54:02,696 [pool-479-thread-1] INFO  metrics.RatisMetrics (RatisMetrics.java:lambda$create$0(36)) - Creating Metrics Registry : ratis.leader_election.2d5c9c0a-908d-48fd-9559-afc140b75ed5@group-F2540E47816F
2020-10-09 12:54:02,697 [pool-479-thread-1] INFO  metrics.RatisMetrics (RatisMetrics.java:lambda$create$0(36)) - Creating Metrics Registry : ratis.server.2d5c9c0a-908d-48fd-9559-afc140b75ed5@group-F2540E47816F
2020-10-09 12:54:02,698 [pool-479-thread-1] INFO  impl.RaftServerImpl (RaftServerImpl.java:start(209)) - 2d5c9c0a-908d-48fd-9559-afc140b75ed5@group-F2540E47816F: start as a follower, conf=-1: [146dba11-3af2-48c9-b098-f83fb2b86474:172.17.0.2:39109:0, 2d5c9c0a-908d-48fd-9559-afc140b75ed5:172.17.0.2:34891:0, e60f7882-dbbd-427b-9f02-c7597dd940f1:172.17.0.2:46159:0], old=null
2020-10-09 12:54:02,698 [pool-479-thread-1] INFO  impl.RaftServerImpl (RaftServerImpl.java:setRole(198)) - 2d5c9c0a-908d-48fd-9559-afc140b75ed5@group-F2540E47816F: changes role from      null to FOLLOWER at term 0 for startAsFollower
2020-10-09 12:54:02,698 [pool-479-thread-1] INFO  impl.RoleInfo (RoleInfo.java:updateAndGet(143)) - 2d5c9c0a-908d-48fd-9559-afc140b75ed5: start FollowerState
2020-10-09 12:54:02,698 [pool-479-thread-1] INFO  util.JmxRegister (JmxRegister.java:tryRegister(44)) - Successfully registered JMX Bean with object name Ratis:service=RaftServer,group=group-F2540E47816F,id=2d5c9c0a-908d-48fd-9559-afc140b75ed5
2020-10-09 12:54:02,698 [pool-479-thread-1] INFO  metrics.RatisMetrics (RatisMetrics.java:lambda$create$0(36)) - Creating Metrics Registry : ratis.state_machine.2d5c9c0a-908d-48fd-9559-afc140b75ed5@group-F2540E47816F
2020-10-09 12:54:02,703 [Command processor thread] INFO  commandhandler.CreatePipelineCommandHandler (CreatePipelineCommandHandler.java:handle(110)) - Created Pipeline RATIS THREE #id: "de67e3f1-d5e0-4b31-aba7-f2540e47816f"
uuid128 {
  mostSigBits: -2420715646873482447
  leastSigBits: -6077622729282453137
}
.
2020-10-09 12:54:02,793 [Command processor thread] INFO  impl.RaftServerProxy (RaftServerProxy.java:addNew(92)) - 2d5c9c0a-908d-48fd-9559-afc140b75ed5: addNew group-1F91D9C0E57D:[2d5c9c0a-908d-48fd-9559-afc140b75ed5:172.17.0.2:34891:0] returns group-1F91D9C0E57D:java.util.concurrent.CompletableFuture@147d062c[Not completed]
2020-10-09 12:54:02,793 [pool-479-thread-1] INFO  impl.RaftServerImpl (RaftServerImpl.java:<init>(120)) - 2d5c9c0a-908d-48fd-9559-afc140b75ed5: new RaftServerImpl for group-1F91D9C0E57D:[2d5c9c0a-908d-48fd-9559-afc140b75ed5:172.17.0.2:34891:0] with ContainerStateMachine:uninitialized
2020-10-09 12:54:02,794 [pool-479-thread-1] INFO  server.RaftServerConfigKeys (ConfUtils.java:logGet(44)) - raft.server.rpc.timeout.min = 5s (custom)
2020-10-09 12:54:02,794 [pool-479-thread-1] INFO  server.RaftServerConfigKeys (ConfUtils.java:logGet(44)) - raft.server.rpc.timeout.max = 5200ms (custom)
2020-10-09 12:54:02,794 [pool-479-thread-1] INFO  server.RaftServerConfigKeys (ConfUtils.java:logGet(44)) - raft.server.rpcslowness.timeout = 300000ms (custom)
2020-10-09 12:54:02,794 [pool-479-thread-1] INFO  server.RaftServerConfigKeys (ConfUtils.java:logGet(44)) - raft.server.sleep.deviation.threshold = 300 (default)
2020-10-09 12:54:02,794 [pool-479-thread-1] INFO  server.RaftServerConfigKeys (ConfUtils.java:logGet(44)) - raft.server.log.appender.install.snapshot.enabled = false (custom)
2020-10-09 12:54:02,794 [pool-479-thread-1] INFO  impl.RaftServerImpl (ServerState.java:<init>(104)) - 2d5c9c0a-908d-48fd-9559-afc140b75ed5@group-1F91D9C0E57D: ConfigurationManager, init=-1: [2d5c9c0a-908d-48fd-9559-afc140b75ed5:172.17.0.2:34891:0], old=null, confs=<EMPTY_MAP>
2020-10-09 12:54:02,794 [pool-479-thread-1] INFO  server.RaftServerConfigKeys (ConfUtils.java:logGet(44)) - raft.server.storage.dir = [/github/workspace/mnt/ozone/hadoop-ozone/integration-test/target/test-dir/MiniOzoneClusterImpl-691c6000-d337-4848-84ec-e56c11f2c172/datanode-7/data/ratis] (custom)
2020-10-09 12:54:02,795 [pool-479-thread-1] INFO  server.RaftServerConfigKeys (ConfUtils.java:logGet(44)) - raft.server.log.corruption.policy = EXCEPTION (default)
2020-10-09 12:54:02,795 [pool-479-thread-1] INFO  storage.RaftStorageDirectory (RaftStorageDirectory.java:analyzeStorage(261)) - The storage directory /github/workspace/mnt/ozone/hadoop-ozone/integration-test/target/test-dir/MiniOzoneClusterImpl-691c6000-d337-4848-84ec-e56c11f2c172/datanode-7/data/ratis/c14c7fa8-ae7a-4959-be3f-1f91d9c0e57d does not exist. Creating ...
2020-10-09 12:54:02,796 [pool-479-thread-1] INFO  storage.RaftStorageDirectory (RaftStorageDirectory.java:tryLock(343)) - Lock on /github/workspace/mnt/ozone/hadoop-ozone/integration-test/target/test-dir/MiniOzoneClusterImpl-691c6000-d337-4848-84ec-e56c11f2c172/datanode-7/data/ratis/c14c7fa8-ae7a-4959-be3f-1f91d9c0e57d/in_use.lock acquired by nodename 5888@44394113892a
2020-10-09 12:54:02,797 [pool-479-thread-1] INFO  storage.RaftStorage (RaftStorage.java:format(84)) - Storage directory /github/workspace/mnt/ozone/hadoop-ozone/integration-test/target/test-dir/MiniOzoneClusterImpl-691c6000-d337-4848-84ec-e56c11f2c172/datanode-7/data/ratis/c14c7fa8-ae7a-4959-be3f-1f91d9c0e57d has been successfully formatted.
2020-10-09 12:54:02,797 [pool-479-thread-1] INFO  ratis.ContainerStateMachine (ContainerStateMachine.java:loadSnapshot(225)) - group-1F91D9C0E57D: The snapshot info is null. Setting the last applied indexto:(t:0, i:~)
2020-10-09 12:54:02,797 [pool-479-thread-1] INFO  server.RaftServerConfigKeys (ConfUtils.java:logGet(44)) - raft.server.notification.no-leader.timeout = 300000ms (custom)
2020-10-09 12:54:02,798 [pool-479-thread-1] INFO  server.RaftServerConfigKeys (ConfUtils.java:logGet(44)) - raft.server.log.use.memory = false (default)
2020-10-09 12:54:02,798 [pool-479-thread-1] INFO  server.RaftServerConfigKeys (ConfUtils.java:logGet(44)) - raft.server.log.purge.gap = 1000000 (custom)
2020-10-09 12:54:02,799 [pool-479-thread-1] INFO  metrics.RatisMetrics (RatisMetrics.java:lambda$create$0(36)) - Creating Metrics Registry : ratis.log_worker.2d5c9c0a-908d-48fd-9559-afc140b75ed5@group-1F91D9C0E57D
2020-10-09 12:54:02,799 [pool-479-thread-1] INFO  server.RaftServerConfigKeys (ConfUtils.java:logGet(44)) - raft.server.log.appender.buffer.byte-limit = 33554432 (custom)
2020-10-09 12:54:02,800 [EventQueue-PipelineReportForPipelineReportHandler] INFO  pipeline.PipelineStateManager (PipelineStateManager.java:openPipeline(131)) - Pipeline Pipeline[ Id: c14c7fa8-ae7a-4959-be3f-1f91d9c0e57d, Nodes: 2d5c9c0a-908d-48fd-9559-afc140b75ed5{ip: 172.17.0.2, host: 44394113892a, networkLocation: /default-rack, certSerialId: null}, Type:RATIS, Factor:ONE, State:ALLOCATED, leaderId:2d5c9c0a-908d-48fd-9559-afc140b75ed5, CreationTimestamp2020-10-09T12:53:59.794Z] moved to OPEN state
2020-10-09 12:54:02,800 [pool-479-thread-1] INFO  server.RaftServerConfigKeys (ConfUtils.java:logGet(44)) - raft.server.log.segment.size.max = 1048576 (custom)
2020-10-09 12:54:02,800 [EventQueue-OpenPipelineForOneReplicaPipelineSafeModeRule] INFO  safemode.SCMSafeModeManager (SCMSafeModeManager.java:validateSafeModeExitRules(214)) - AtleastOneDatanodeReportedRule rule is successfully validated
2020-10-09 12:54:02,800 [EventQueue-OpenPipelineForHealthyPipelineSafeModeRule] INFO  safemode.SCMSafeModeManager (HealthyPipelineSafeModeRule.java:process(129)) - SCM in safe mode. Healthy pipelines reported count is 0, required healthy pipeline reported count is 1
2020-10-09 12:54:02,804 [pool-479-thread-1] INFO  server.RaftServerConfigKeys (ConfUtils.java:logGet(44)) - raft.server.log.segment.cache.num.max = 2 (custom)
2020-10-09 12:54:02,804 [pool-479-thread-1] INFO  segmented.SegmentedRaftLogWorker (SegmentedRaftLogWorker.java:<init>(180)) - new 2d5c9c0a-908d-48fd-9559-afc140b75ed5@group-1F91D9C0E57D-SegmentedRaftLogWorker for RaftStorage:Storage Directory /github/workspace/mnt/ozone/hadoop-ozone/integration-test/target/test-dir/MiniOzoneClusterImpl-691c6000-d337-4848-84ec-e56c11f2c172/datanode-7/data/ratis/c14c7fa8-ae7a-4959-be3f-1f91d9c0e57d
2020-10-09 12:54:02,804 [pool-479-thread-1] INFO  server.RaftServerConfigKeys (ConfUtils.java:logGet(44)) - raft.server.log.queue.byte-limit = 2147483647 (custom)
2020-10-09 12:54:02,804 [pool-479-thread-1] INFO  server.RaftServerConfigKeys (ConfUtils.java:logGet(44)) - raft.server.log.queue.element-limit = 1024 (custom)
2020-10-09 12:54:02,804 [pool-479-thread-1] INFO  server.RaftServerConfigKeys (ConfUtils.java:logGet(44)) - raft.server.log.segment.size.max = 1048576 (custom)
2020-10-09 12:54:02,804 [pool-479-thread-1] INFO  server.RaftServerConfigKeys (ConfUtils.java:logGet(44)) - raft.server.log.preallocated.size = 16384 (custom)
2020-10-09 12:54:02,804 [pool-479-thread-1] INFO  server.RaftServerConfigKeys (ConfUtils.java:logGet(44)) - raft.server.log.write.buffer.size = 1048576 (custom)
2020-10-09 12:54:02,804 [pool-479-thread-1] INFO  server.RaftServerConfigKeys (ConfUtils.java:logGet(44)) - raft.server.log.force.sync.num = 128 (default)
2020-10-09 12:54:02,805 [pool-479-thread-1] INFO  server.RaftServerConfigKeys (ConfUtils.java:logGet(44)) - raft.server.log.statemachine.data.sync = true (default)
2020-10-09 12:54:02,805 [pool-479-thread-1] INFO  server.RaftServerConfigKeys (ConfUtils.java:logGet(44)) - raft.server.log.statemachine.data.sync.timeout = 10s (default)
2020-10-09 12:54:02,805 [pool-479-thread-1] INFO  server.RaftServerConfigKeys (ConfUtils.java:logGet(44)) - raft.server.log.statemachine.data.sync.timeout.retry = -1 (default)
2020-10-09 12:54:02,807 [pool-479-thread-1] INFO  server.RaftServerConfigKeys (ConfUtils.java:logGet(44)) - raft.server.log.statemachine.data.caching.enabled = true (custom)
2020-10-09 12:54:02,807 [pool-479-thread-1] INFO  segmented.SegmentedRaftLogWorker (SegmentedRaftLogWorker.java:lambda$new$0(129)) - 2d5c9c0a-908d-48fd-9559-afc140b75ed5@group-1F91D9C0E57D-SegmentedRaftLogWorker: flushIndex: setUnconditionally 0 -> -1
2020-10-09 12:54:02,807 [pool-479-thread-1] INFO  segmented.SegmentedRaftLogWorker (SegmentedRaftLogWorker.java:lambda$new$0(129)) - 2d5c9c0a-908d-48fd-9559-afc140b75ed5@group-1F91D9C0E57D-SegmentedRaftLogWorker: safeCacheEvictIndex: setUnconditionally 0 -> -1
2020-10-09 12:54:02,807 [pool-479-thread-1] INFO  server.RaftServerConfigKeys (ConfUtils.java:logGet(44)) - raft.server.snapshot.auto.trigger.enabled = true (custom)
2020-10-09 12:54:02,807 [pool-479-thread-1] INFO  server.RaftServerConfigKeys (ConfUtils.java:logGet(44)) - raft.server.snapshot.auto.trigger.threshold = 10000 (custom)
2020-10-09 12:54:02,808 [pool-479-thread-1] INFO  server.RaftServerConfigKeys (ConfUtils.java:logGet(44)) - raft.server.snapshot.retention.file.num = 5 (custom)
2020-10-09 12:54:02,808 [pool-479-thread-1] INFO  server.RaftServerConfigKeys (ConfUtils.java:logGet(44)) - raft.server.log.purge.upto.snapshot.index = false (default)
2020-10-09 12:54:02,808 [pool-479-thread-1] INFO  server.RaftServerConfigKeys (ConfUtils.java:logGet(44)) - raft.server.retrycache.expirytime = 600000ms (custom)
2020-10-09 12:54:02,808 [pool-479-thread-1] INFO  metrics.RatisMetrics (RatisMetrics.java:lambda$create$0(36)) - Creating Metrics Registry : ratis.leader_election.2d5c9c0a-908d-48fd-9559-afc140b75ed5@group-1F91D9C0E57D
2020-10-09 12:54:02,808 [pool-479-thread-1] INFO  metrics.RatisMetrics (RatisMetrics.java:lambda$create$0(36)) - Creating Metrics Registry : ratis.server.2d5c9c0a-908d-48fd-9559-afc140b75ed5@group-1F91D9C0E57D
2020-10-09 12:54:02,810 [pool-479-thread-1] INFO  impl.RaftServerImpl (RaftServerImpl.java:start(209)) - 2d5c9c0a-908d-48fd-9559-afc140b75ed5@group-1F91D9C0E57D: start as a follower, conf=-1: [2d5c9c0a-908d-48fd-9559-afc140b75ed5:172.17.0.2:34891:0], old=null
2020-10-09 12:54:02,810 [pool-479-thread-1] INFO  impl.RaftServerImpl (RaftServerImpl.java:setRole(198)) - 2d5c9c0a-908d-48fd-9559-afc140b75ed5@group-1F91D9C0E57D: changes role from      null to FOLLOWER at term 0 for startAsFollower
2020-10-09 12:54:02,810 [pool-479-thread-1] INFO  impl.RoleInfo (RoleInfo.java:updateAndGet(143)) - 2d5c9c0a-908d-48fd-9559-afc140b75ed5: start FollowerState
2020-10-09 12:54:02,810 [pool-479-thread-1] INFO  util.JmxRegister (JmxRegister.java:tryRegister(44)) - Successfully registered JMX Bean with object name Ratis:service=RaftServer,group=group-1F91D9C0E57D,id=2d5c9c0a-908d-48fd-9559-afc140b75ed5
2020-10-09 12:54:02,810 [pool-479-thread-1] INFO  metrics.RatisMetrics (RatisMetrics.java:lambda$create$0(36)) - Creating Metrics Registry : ratis.state_machine.2d5c9c0a-908d-48fd-9559-afc140b75ed5@group-1F91D9C0E57D
2020-10-09 12:54:02,812 [Command processor thread] INFO  commandhandler.CreatePipelineCommandHandler (CreatePipelineCommandHandler.java:handle(110)) - Created Pipeline RATIS ONE #id: "c14c7fa8-ae7a-4959-be3f-1f91d9c0e57d"
uuid128 {
  mostSigBits: -4518095963700967079
  leastSigBits: -4738033571686455939
}
.
2020-10-09 12:54:02,968 [Command processor thread] INFO  impl.RaftServerProxy (RaftServerProxy.java:addNew(92)) - e60f7882-dbbd-427b-9f02-c7597dd940f1: addNew group-ABA5EEFCA4EA:[e60f7882-dbbd-427b-9f02-c7597dd940f1:172.17.0.2:46159:0] returns group-ABA5EEFCA4EA:java.util.concurrent.CompletableFuture@1517d154[Not completed]
2020-10-09 12:54:02,968 [pool-494-thread-1] INFO  impl.RaftServerImpl (RaftServerImpl.java:<init>(120)) - e60f7882-dbbd-427b-9f02-c7597dd940f1: new RaftServerImpl for group-ABA5EEFCA4EA:[e60f7882-dbbd-427b-9f02-c7597dd940f1:172.17.0.2:46159:0] with ContainerStateMachine:uninitialized
2020-10-09 12:54:02,969 [pool-494-thread-1] INFO  server.RaftServerConfigKeys (ConfUtils.java:logGet(44)) - raft.server.rpc.timeout.min = 5s (custom)
2020-10-09 12:54:02,969 [pool-494-thread-1] INFO  server.RaftServerConfigKeys (ConfUtils.java:logGet(44)) - raft.server.rpc.timeout.max = 5200ms (custom)
2020-10-09 12:54:02,969 [pool-494-thread-1] INFO  server.RaftServerConfigKeys (ConfUtils.java:logGet(44)) - raft.server.rpcslowness.timeout = 300000ms (custom)
2020-10-09 12:54:02,969 [pool-494-thread-1] INFO  server.RaftServerConfigKeys (ConfUtils.java:logGet(44)) - raft.server.sleep.deviation.threshold = 300 (default)
2020-10-09 12:54:02,969 [pool-494-thread-1] INFO  server.RaftServerConfigKeys (ConfUtils.java:logGet(44)) - raft.server.log.appender.install.snapshot.enabled = false (custom)
2020-10-09 12:54:02,969 [pool-494-thread-1] INFO  impl.RaftServerImpl (ServerState.java:<init>(104)) - e60f7882-dbbd-427b-9f02-c7597dd940f1@group-ABA5EEFCA4EA: ConfigurationManager, init=-1: [e60f7882-dbbd-427b-9f02-c7597dd940f1:172.17.0.2:46159:0], old=null, confs=<EMPTY_MAP>
2020-10-09 12:54:02,969 [pool-494-thread-1] INFO  server.RaftServerConfigKeys (ConfUtils.java:logGet(44)) - raft.server.storage.dir = [/github/workspace/mnt/ozone/hadoop-ozone/integration-test/target/test-dir/MiniOzoneClusterImpl-691c6000-d337-4848-84ec-e56c11f2c172/datanode-8/data/ratis] (custom)
2020-10-09 12:54:02,969 [pool-494-thread-1] INFO  server.RaftServerConfigKeys (ConfUtils.java:logGet(44)) - raft.server.log.corruption.policy = EXCEPTION (default)
2020-10-09 12:54:02,969 [pool-494-thread-1] INFO  storage.RaftStorageDirectory (RaftStorageDirectory.java:analyzeStorage(261)) - The storage directory /github/workspace/mnt/ozone/hadoop-ozone/integration-test/target/test-dir/MiniOzoneClusterImpl-691c6000-d337-4848-84ec-e56c11f2c172/datanode-8/data/ratis/cff12708-6dcc-42bd-9e34-aba5eefca4ea does not exist. Creating ...
2020-10-09 12:54:02,970 [Listener at 127.0.0.1/36087] INFO  ozone.MiniOzoneClusterImpl (MiniOzoneClusterImpl.java:lambda$waitForClusterToBeReady$0(177)) - Nodes are ready. Got 9 of 9 DN Heartbeats.
2020-10-09 12:54:02,970 [Listener at 127.0.0.1/36087] INFO  ozone.MiniOzoneClusterImpl (MiniOzoneClusterImpl.java:lambda$waitForClusterToBeReady$0(180)) - Waiting for cluster to exit safe mode
2020-10-09 12:54:02,970 [pool-494-thread-1] INFO  storage.RaftStorageDirectory (RaftStorageDirectory.java:tryLock(343)) - Lock on /github/workspace/mnt/ozone/hadoop-ozone/integration-test/target/test-dir/MiniOzoneClusterImpl-691c6000-d337-4848-84ec-e56c11f2c172/datanode-8/data/ratis/cff12708-6dcc-42bd-9e34-aba5eefca4ea/in_use.lock acquired by nodename 5888@44394113892a
2020-10-09 12:54:02,971 [pool-494-thread-1] INFO  storage.RaftStorage (RaftStorage.java:format(84)) - Storage directory /github/workspace/mnt/ozone/hadoop-ozone/integration-test/target/test-dir/MiniOzoneClusterImpl-691c6000-d337-4848-84ec-e56c11f2c172/datanode-8/data/ratis/cff12708-6dcc-42bd-9e34-aba5eefca4ea has been successfully formatted.
2020-10-09 12:54:02,972 [pool-494-thread-1] INFO  ratis.ContainerStateMachine (ContainerStateMachine.java:loadSnapshot(225)) - group-ABA5EEFCA4EA: The snapshot info is null. Setting the last applied indexto:(t:0, i:~)
2020-10-09 12:54:02,972 [pool-494-thread-1] INFO  server.RaftServerConfigKeys (ConfUtils.java:logGet(44)) - raft.server.notification.no-leader.timeout = 300000ms (custom)
2020-10-09 12:54:02,973 [pool-494-thread-1] INFO  server.RaftServerConfigKeys (ConfUtils.java:logGet(44)) - raft.server.log.use.memory = false (default)
2020-10-09 12:54:02,974 [pool-494-thread-1] INFO  server.RaftServerConfigKeys (ConfUtils.java:logGet(44)) - raft.server.log.purge.gap = 1000000 (custom)
2020-10-09 12:54:02,974 [pool-494-thread-1] INFO  metrics.RatisMetrics (RatisMetrics.java:lambda$create$0(36)) - Creating Metrics Registry : ratis.log_worker.e60f7882-dbbd-427b-9f02-c7597dd940f1@group-ABA5EEFCA4EA
2020-10-09 12:54:02,974 [EventQueue-PipelineReportForPipelineReportHandler] INFO  pipeline.PipelineStateManager (PipelineStateManager.java:openPipeline(131)) - Pipeline Pipeline[ Id: cff12708-6dcc-42bd-9e34-aba5eefca4ea, Nodes: e60f7882-dbbd-427b-9f02-c7597dd940f1{ip: 172.17.0.2, host: 44394113892a, networkLocation: /default-rack, certSerialId: null}, Type:RATIS, Factor:ONE, State:ALLOCATED, leaderId:e60f7882-dbbd-427b-9f02-c7597dd940f1, CreationTimestamp2020-10-09T12:53:59.968Z] moved to OPEN state
2020-10-09 12:54:02,974 [pool-494-thread-1] INFO  server.RaftServerConfigKeys (ConfUtils.java:logGet(44)) - raft.server.log.appender.buffer.byte-limit = 33554432 (custom)
2020-10-09 12:54:02,974 [pool-494-thread-1] INFO  server.RaftServerConfigKeys (ConfUtils.java:logGet(44)) - raft.server.log.segment.size.max = 1048576 (custom)
2020-10-09 12:54:02,974 [EventQueue-OpenPipelineForOneReplicaPipelineSafeModeRule] INFO  safemode.SCMSafeModeManager (SCMSafeModeManager.java:validateSafeModeExitRules(214)) - AtleastOneDatanodeReportedRule rule is successfully validated
2020-10-09 12:54:02,974 [EventQueue-OpenPipelineForHealthyPipelineSafeModeRule] INFO  safemode.SCMSafeModeManager (HealthyPipelineSafeModeRule.java:process(129)) - SCM in safe mode. Healthy pipelines reported count is 0, required healthy pipeline reported count is 1
2020-10-09 12:54:02,975 [pool-494-thread-1] INFO  server.RaftServerConfigKeys (ConfUtils.java:logGet(44)) - raft.server.log.segment.cache.num.max = 2 (custom)
2020-10-09 12:54:02,975 [pool-494-thread-1] INFO  segmented.SegmentedRaftLogWorker (SegmentedRaftLogWorker.java:<init>(180)) - new e60f7882-dbbd-427b-9f02-c7597dd940f1@group-ABA5EEFCA4EA-SegmentedRaftLogWorker for RaftStorage:Storage Directory /github/workspace/mnt/ozone/hadoop-ozone/integration-test/target/test-dir/MiniOzoneClusterImpl-691c6000-d337-4848-84ec-e56c11f2c172/datanode-8/data/ratis/cff12708-6dcc-42bd-9e34-aba5eefca4ea
2020-10-09 12:54:02,975 [pool-494-thread-1] INFO  server.RaftServerConfigKeys (ConfUtils.java:logGet(44)) - raft.server.log.queue.byte-limit = 2147483647 (custom)
2020-10-09 12:54:02,975 [pool-494-thread-1] INFO  server.RaftServerConfigKeys (ConfUtils.java:logGet(44)) - raft.server.log.queue.element-limit = 1024 (custom)
2020-10-09 12:54:02,975 [pool-494-thread-1] INFO  server.RaftServerConfigKeys (ConfUtils.java:logGet(44)) - raft.server.log.segment.size.max = 1048576 (custom)
2020-10-09 12:54:02,976 [pool-494-thread-1] INFO  server.RaftServerConfigKeys (ConfUtils.java:logGet(44)) - raft.server.log.preallocated.size = 16384 (custom)
2020-10-09 12:54:02,976 [pool-494-thread-1] INFO  server.RaftServerConfigKeys (ConfUtils.java:logGet(44)) - raft.server.log.write.buffer.size = 1048576 (custom)
2020-10-09 12:54:02,976 [pool-494-thread-1] INFO  server.RaftServerConfigKeys (ConfUtils.java:logGet(44)) - raft.server.log.force.sync.num = 128 (default)
2020-10-09 12:54:02,976 [pool-494-thread-1] INFO  server.RaftServerConfigKeys (ConfUtils.java:logGet(44)) - raft.server.log.statemachine.data.sync = true (default)
2020-10-09 12:54:02,976 [pool-494-thread-1] INFO  server.RaftServerConfigKeys (ConfUtils.java:logGet(44)) - raft.server.log.statemachine.data.sync.timeout = 10s (default)
2020-10-09 12:54:02,976 [pool-494-thread-1] INFO  server.RaftServerConfigKeys (ConfUtils.java:logGet(44)) - raft.server.log.statemachine.data.sync.timeout.retry = -1 (default)
2020-10-09 12:54:02,978 [pool-494-thread-1] INFO  server.RaftServerConfigKeys (ConfUtils.java:logGet(44)) - raft.server.log.statemachine.data.caching.enabled = true (custom)
2020-10-09 12:54:02,978 [pool-494-thread-1] INFO  segmented.SegmentedRaftLogWorker (SegmentedRaftLogWorker.java:lambda$new$0(129)) - e60f7882-dbbd-427b-9f02-c7597dd940f1@group-ABA5EEFCA4EA-SegmentedRaftLogWorker: flushIndex: setUnconditionally 0 -> -1
2020-10-09 12:54:02,978 [pool-494-thread-1] INFO  segmented.SegmentedRaftLogWorker (SegmentedRaftLogWorker.java:lambda$new$0(129)) - e60f7882-dbbd-427b-9f02-c7597dd940f1@group-ABA5EEFCA4EA-SegmentedRaftLogWorker: safeCacheEvictIndex: setUnconditionally 0 -> -1
2020-10-09 12:54:02,983 [pool-494-thread-1] INFO  server.RaftServerConfigKeys (ConfUtils.java:logGet(44)) - raft.server.snapshot.auto.trigger.enabled = true (custom)
2020-10-09 12:54:02,983 [pool-494-thread-1] INFO  server.RaftServerConfigKeys (ConfUtils.java:logGet(44)) - raft.server.snapshot.auto.trigger.threshold = 10000 (custom)
2020-10-09 12:54:02,983 [pool-494-thread-1] INFO  server.RaftServerConfigKeys (ConfUtils.java:logGet(44)) - raft.server.snapshot.retention.file.num = 5 (custom)
2020-10-09 12:54:02,983 [pool-494-thread-1] INFO  server.RaftServerConfigKeys (ConfUtils.java:logGet(44)) - raft.server.log.purge.upto.snapshot.index = false (default)
2020-10-09 12:54:02,983 [pool-494-thread-1] INFO  server.RaftServerConfigKeys (ConfUtils.java:logGet(44)) - raft.server.retrycache.expirytime = 600000ms (custom)
2020-10-09 12:54:02,983 [pool-494-thread-1] INFO  metrics.RatisMetrics (RatisMetrics.java:lambda$create$0(36)) - Creating Metrics Registry : ratis.leader_election.e60f7882-dbbd-427b-9f02-c7597dd940f1@group-ABA5EEFCA4EA
2020-10-09 12:54:02,984 [pool-494-thread-1] INFO  metrics.RatisMetrics (RatisMetrics.java:lambda$create$0(36)) - Creating Metrics Registry : ratis.server.e60f7882-dbbd-427b-9f02-c7597dd940f1@group-ABA5EEFCA4EA
2020-10-09 12:54:02,985 [pool-494-thread-1] INFO  impl.RaftServerImpl (RaftServerImpl.java:start(209)) - e60f7882-dbbd-427b-9f02-c7597dd940f1@group-ABA5EEFCA4EA: start as a follower, conf=-1: [e60f7882-dbbd-427b-9f02-c7597dd940f1:172.17.0.2:46159:0], old=null
2020-10-09 12:54:02,985 [pool-494-thread-1] INFO  impl.RaftServerImpl (RaftServerImpl.java:setRole(198)) - e60f7882-dbbd-427b-9f02-c7597dd940f1@group-ABA5EEFCA4EA: changes role from      null to FOLLOWER at term 0 for startAsFollower
2020-10-09 12:54:02,985 [pool-494-thread-1] INFO  impl.RoleInfo (RoleInfo.java:updateAndGet(143)) - e60f7882-dbbd-427b-9f02-c7597dd940f1: start FollowerState
2020-10-09 12:54:02,986 [pool-494-thread-1] INFO  util.JmxRegister (JmxRegister.java:tryRegister(44)) - Successfully registered JMX Bean with object name Ratis:service=RaftServer,group=group-ABA5EEFCA4EA,id=e60f7882-dbbd-427b-9f02-c7597dd940f1
2020-10-09 12:54:02,986 [pool-494-thread-1] INFO  metrics.RatisMetrics (RatisMetrics.java:lambda$create$0(36)) - Creating Metrics Registry : ratis.state_machine.e60f7882-dbbd-427b-9f02-c7597dd940f1@group-ABA5EEFCA4EA
2020-10-09 12:54:02,987 [Command processor thread] INFO  commandhandler.CreatePipelineCommandHandler (CreatePipelineCommandHandler.java:handle(110)) - Created Pipeline RATIS ONE #id: "cff12708-6dcc-42bd-9e34-aba5eefca4ea"
uuid128 {
  mostSigBits: -3462943721315876163
  leastSigBits: -7046818787760495382
}
.
2020-10-09 12:54:03,970 [Listener at 127.0.0.1/36087] INFO  ozone.MiniOzoneClusterImpl (MiniOzoneClusterImpl.java:lambda$waitForClusterToBeReady$0(177)) - Nodes are ready. Got 9 of 9 DN Heartbeats.
2020-10-09 12:54:03,970 [Listener at 127.0.0.1/36087] INFO  ozone.MiniOzoneClusterImpl (MiniOzoneClusterImpl.java:lambda$waitForClusterToBeReady$0(180)) - Waiting for cluster to exit safe mode
2020-10-09 12:54:04,971 [Listener at 127.0.0.1/36087] INFO  ozone.MiniOzoneClusterImpl (MiniOzoneClusterImpl.java:lambda$waitForClusterToBeReady$0(177)) - Nodes are ready. Got 9 of 9 DN Heartbeats.
2020-10-09 12:54:04,971 [Listener at 127.0.0.1/36087] INFO  ozone.MiniOzoneClusterImpl (MiniOzoneClusterImpl.java:lambda$waitForClusterToBeReady$0(180)) - Waiting for cluster to exit safe mode
2020-10-09 12:54:05,971 [Listener at 127.0.0.1/36087] INFO  ozone.MiniOzoneClusterImpl (MiniOzoneClusterImpl.java:lambda$waitForClusterToBeReady$0(177)) - Nodes are ready. Got 9 of 9 DN Heartbeats.
2020-10-09 12:54:05,971 [Listener at 127.0.0.1/36087] INFO  ozone.MiniOzoneClusterImpl (MiniOzoneClusterImpl.java:lambda$waitForClusterToBeReady$0(180)) - Waiting for cluster to exit safe mode
2020-10-09 12:54:06,801 [Thread-1285] INFO  impl.FollowerState (FollowerState.java:run(108)) - 630ef14c-7f18-435b-8dbc-84d96446fc51@group-FD4E3A1B154E-FollowerState: change to CANDIDATE, lastRpcTime:5105ms, electionTimeout:5105ms
2020-10-09 12:54:06,801 [Thread-1285] INFO  impl.RoleInfo (RoleInfo.java:shutdownFollowerState(121)) - 630ef14c-7f18-435b-8dbc-84d96446fc51: shutdown FollowerState
2020-10-09 12:54:06,801 [Thread-1285] INFO  impl.RaftServerImpl (RaftServerImpl.java:setRole(198)) - 630ef14c-7f18-435b-8dbc-84d96446fc51@group-FD4E3A1B154E: changes role from  FOLLOWER to CANDIDATE at term 0 for changeToCandidate
2020-10-09 12:54:06,801 [Thread-1285] INFO  impl.RoleInfo (RoleInfo.java:updateAndGet(143)) - 630ef14c-7f18-435b-8dbc-84d96446fc51: start LeaderElection
2020-10-09 12:54:06,804 [630ef14c-7f18-435b-8dbc-84d96446fc51@group-FD4E3A1B154E-LeaderElection36] INFO  impl.LeaderElection (LeaderElection.java:askForVotes(210)) - 630ef14c-7f18-435b-8dbc-84d96446fc51@group-FD4E3A1B154E-LeaderElection36: begin an election at term 1 for -1: [630ef14c-7f18-435b-8dbc-84d96446fc51:172.17.0.2:34737:0], old=null
2020-10-09 12:54:06,804 [630ef14c-7f18-435b-8dbc-84d96446fc51@group-FD4E3A1B154E-LeaderElection36] INFO  impl.RoleInfo (RoleInfo.java:shutdownLeaderElection(134)) - 630ef14c-7f18-435b-8dbc-84d96446fc51: shutdown LeaderElection
2020-10-09 12:54:06,804 [630ef14c-7f18-435b-8dbc-84d96446fc51@group-FD4E3A1B154E-LeaderElection36] INFO  impl.RaftServerImpl (RaftServerImpl.java:setRole(198)) - 630ef14c-7f18-435b-8dbc-84d96446fc51@group-FD4E3A1B154E: changes role from CANDIDATE to LEADER at term 1 for changeToLeader
2020-10-09 12:54:06,805 [630ef14c-7f18-435b-8dbc-84d96446fc51@group-FD4E3A1B154E-LeaderElection36] INFO  ratis.XceiverServerRatis (XceiverServerRatis.java:handleLeaderChangedNotification(822)) - Leader change notification received for group: group-FD4E3A1B154E with new leaderId: 630ef14c-7f18-435b-8dbc-84d96446fc51
2020-10-09 12:54:06,805 [630ef14c-7f18-435b-8dbc-84d96446fc51@group-FD4E3A1B154E-LeaderElection36] INFO  impl.RaftServerImpl (ServerState.java:setLeader(256)) - 630ef14c-7f18-435b-8dbc-84d96446fc51@group-FD4E3A1B154E: change Leader from null to 630ef14c-7f18-435b-8dbc-84d96446fc51 at term 1 for becomeLeader, leader elected after 5118ms
2020-10-09 12:54:06,806 [630ef14c-7f18-435b-8dbc-84d96446fc51@group-FD4E3A1B154E-LeaderElection36] INFO  server.RaftServerConfigKeys (ConfUtils.java:logGet(44)) - raft.server.staging.catchup.gap = 1000 (default)
2020-10-09 12:54:06,806 [630ef14c-7f18-435b-8dbc-84d96446fc51@group-FD4E3A1B154E-LeaderElection36] INFO  server.RaftServerConfigKeys (ConfUtils.java:logGet(44)) - raft.server.rpc.sleep.time = 25ms (default)
2020-10-09 12:54:06,806 [630ef14c-7f18-435b-8dbc-84d96446fc51@group-FD4E3A1B154E-LeaderElection36] INFO  metrics.RatisMetrics (RatisMetrics.java:lambda$create$0(36)) - Creating Metrics Registry : ratis.log_appender.630ef14c-7f18-435b-8dbc-84d96446fc51@group-FD4E3A1B154E
2020-10-09 12:54:06,806 [630ef14c-7f18-435b-8dbc-84d96446fc51@group-FD4E3A1B154E-LeaderElection36] INFO  server.RaftServerConfigKeys (ConfUtils.java:logGet(44)) - raft.server.write.element-limit = 1024 (custom)
2020-10-09 12:54:06,806 [630ef14c-7f18-435b-8dbc-84d96446fc51@group-FD4E3A1B154E-LeaderElection36] INFO  server.RaftServerConfigKeys (ConfUtils.java:logGet(44)) - raft.server.write.byte-limit = 1073741824 (custom)
2020-10-09 12:54:06,807 [630ef14c-7f18-435b-8dbc-84d96446fc51@group-FD4E3A1B154E-LeaderElection36] INFO  server.RaftServerConfigKeys (ConfUtils.java:logGet(44)) - raft.server.watch.timeout = 3000ms (custom)
2020-10-09 12:54:06,807 [630ef14c-7f18-435b-8dbc-84d96446fc51@group-FD4E3A1B154E-LeaderElection36] INFO  server.RaftServerConfigKeys (ConfUtils.java:logGet(44)) - raft.server.watch.timeout.denomination = 1s (default)
2020-10-09 12:54:06,807 [630ef14c-7f18-435b-8dbc-84d96446fc51@group-FD4E3A1B154E-LeaderElection36] INFO  server.RaftServerConfigKeys (ConfUtils.java:logGet(44)) - raft.server.watch.element-limit = 65536 (default)
2020-10-09 12:54:06,807 [630ef14c-7f18-435b-8dbc-84d96446fc51@group-FD4E3A1B154E-LeaderElection36] INFO  impl.RoleInfo (RoleInfo.java:updateAndGet(143)) - 630ef14c-7f18-435b-8dbc-84d96446fc51: start LeaderState
2020-10-09 12:54:06,807 [630ef14c-7f18-435b-8dbc-84d96446fc51@group-FD4E3A1B154E-LeaderElection36] INFO  segmented.SegmentedRaftLogWorker (SegmentedRaftLogWorker.java:startLogSegment(397)) - 630ef14c-7f18-435b-8dbc-84d96446fc51@group-FD4E3A1B154E-SegmentedRaftLogWorker: Starting segment from index:0
2020-10-09 12:54:06,808 [630ef14c-7f18-435b-8dbc-84d96446fc51@group-FD4E3A1B154E-LeaderElection36] INFO  impl.RaftServerImpl (ServerState.java:setRaftConf(374)) - 630ef14c-7f18-435b-8dbc-84d96446fc51@group-FD4E3A1B154E: set configuration 0: [630ef14c-7f18-435b-8dbc-84d96446fc51:172.17.0.2:34737:0], old=null at 0
2020-10-09 12:54:06,808 [630ef14c-7f18-435b-8dbc-84d96446fc51@group-FD4E3A1B154E-SegmentedRaftLogWorker] INFO  segmented.SegmentedRaftLogWorker (SegmentedRaftLogWorker.java:execute(596)) - 630ef14c-7f18-435b-8dbc-84d96446fc51@group-FD4E3A1B154E-SegmentedRaftLogWorker: created new log segment /github/workspace/mnt/ozone/hadoop-ozone/integration-test/target/test-dir/MiniOzoneClusterImpl-691c6000-d337-4848-84ec-e56c11f2c172/datanode-0/data/ratis/16e98871-9ea0-4689-b382-fd4e3a1b154e/current/log_inprogress_0
2020-10-09 12:54:06,972 [Listener at 127.0.0.1/36087] INFO  ozone.MiniOzoneClusterImpl (MiniOzoneClusterImpl.java:lambda$waitForClusterToBeReady$0(177)) - Nodes are ready. Got 9 of 9 DN Heartbeats.
2020-10-09 12:54:06,972 [Listener at 127.0.0.1/36087] INFO  ozone.MiniOzoneClusterImpl (MiniOzoneClusterImpl.java:lambda$waitForClusterToBeReady$0(180)) - Waiting for cluster to exit safe mode
2020-10-09 12:54:07,083 [Thread-1288] INFO  impl.FollowerState (FollowerState.java:run(108)) - 45ecfedc-f1ca-4ee4-92ac-24908ad068c6@group-84A301199869-FollowerState: change to CANDIDATE, lastRpcTime:5007ms, electionTimeout:5006ms
2020-10-09 12:54:07,084 [Thread-1288] INFO  impl.RoleInfo (RoleInfo.java:shutdownFollowerState(121)) - 45ecfedc-f1ca-4ee4-92ac-24908ad068c6: shutdown FollowerState
2020-10-09 12:54:07,084 [Thread-1288] INFO  impl.RaftServerImpl (RaftServerImpl.java:setRole(198)) - 45ecfedc-f1ca-4ee4-92ac-24908ad068c6@group-84A301199869: changes role from  FOLLOWER to CANDIDATE at term 0 for changeToCandidate
2020-10-09 12:54:07,084 [Thread-1288] INFO  impl.RoleInfo (RoleInfo.java:updateAndGet(143)) - 45ecfedc-f1ca-4ee4-92ac-24908ad068c6: start LeaderElection
2020-10-09 12:54:07,097 [45ecfedc-f1ca-4ee4-92ac-24908ad068c6@group-84A301199869-LeaderElection37] INFO  impl.LeaderElection (LeaderElection.java:askForVotes(210)) - 45ecfedc-f1ca-4ee4-92ac-24908ad068c6@group-84A301199869-LeaderElection37: begin an election at term 1 for -1: [45ecfedc-f1ca-4ee4-92ac-24908ad068c6:172.17.0.2:39189:0], old=null
2020-10-09 12:54:07,097 [45ecfedc-f1ca-4ee4-92ac-24908ad068c6@group-84A301199869-LeaderElection37] INFO  impl.RoleInfo (RoleInfo.java:shutdownLeaderElection(134)) - 45ecfedc-f1ca-4ee4-92ac-24908ad068c6: shutdown LeaderElection
2020-10-09 12:54:07,097 [45ecfedc-f1ca-4ee4-92ac-24908ad068c6@group-84A301199869-LeaderElection37] INFO  impl.RaftServerImpl (RaftServerImpl.java:setRole(198)) - 45ecfedc-f1ca-4ee4-92ac-24908ad068c6@group-84A301199869: changes role from CANDIDATE to LEADER at term 1 for changeToLeader
2020-10-09 12:54:07,097 [45ecfedc-f1ca-4ee4-92ac-24908ad068c6@group-84A301199869-LeaderElection37] INFO  ratis.XceiverServerRatis (XceiverServerRatis.java:handleLeaderChangedNotification(822)) - Leader change notification received for group: group-84A301199869 with new leaderId: 45ecfedc-f1ca-4ee4-92ac-24908ad068c6
2020-10-09 12:54:07,098 [45ecfedc-f1ca-4ee4-92ac-24908ad068c6@group-84A301199869-LeaderElection37] INFO  impl.RaftServerImpl (ServerState.java:setLeader(256)) - 45ecfedc-f1ca-4ee4-92ac-24908ad068c6@group-84A301199869: change Leader from null to 45ecfedc-f1ca-4ee4-92ac-24908ad068c6 at term 1 for becomeLeader, leader elected after 5038ms
2020-10-09 12:54:07,098 [45ecfedc-f1ca-4ee4-92ac-24908ad068c6@group-84A301199869-LeaderElection37] INFO  server.RaftServerConfigKeys (ConfUtils.java:logGet(44)) - raft.server.staging.catchup.gap = 1000 (default)
2020-10-09 12:54:07,099 [45ecfedc-f1ca-4ee4-92ac-24908ad068c6@group-84A301199869-LeaderElection37] INFO  server.RaftServerConfigKeys (ConfUtils.java:logGet(44)) - raft.server.rpc.sleep.time = 25ms (default)
2020-10-09 12:54:07,099 [45ecfedc-f1ca-4ee4-92ac-24908ad068c6@group-84A301199869-LeaderElection37] INFO  metrics.RatisMetrics (RatisMetrics.java:lambda$create$0(36)) - Creating Metrics Registry : ratis.log_appender.45ecfedc-f1ca-4ee4-92ac-24908ad068c6@group-84A301199869
2020-10-09 12:54:07,099 [45ecfedc-f1ca-4ee4-92ac-24908ad068c6@group-84A301199869-LeaderElection37] INFO  server.RaftServerConfigKeys (ConfUtils.java:logGet(44)) - raft.server.write.element-limit = 1024 (custom)
2020-10-09 12:54:07,099 [45ecfedc-f1ca-4ee4-92ac-24908ad068c6@group-84A301199869-LeaderElection37] INFO  server.RaftServerConfigKeys (ConfUtils.java:logGet(44)) - raft.server.write.byte-limit = 1073741824 (custom)
2020-10-09 12:54:07,100 [45ecfedc-f1ca-4ee4-92ac-24908ad068c6@group-84A301199869-LeaderElection37] INFO  server.RaftServerConfigKeys (ConfUtils.java:logGet(44)) - raft.server.watch.timeout = 3000ms (custom)
2020-10-09 12:54:07,100 [45ecfedc-f1ca-4ee4-92ac-24908ad068c6@group-84A301199869-LeaderElection37] INFO  server.RaftServerConfigKeys (ConfUtils.java:logGet(44)) - raft.server.watch.timeout.denomination = 1s (default)
2020-10-09 12:54:07,100 [45ecfedc-f1ca-4ee4-92ac-24908ad068c6@group-84A301199869-LeaderElection37] INFO  server.RaftServerConfigKeys (ConfUtils.java:logGet(44)) - raft.server.watch.element-limit = 65536 (default)
2020-10-09 12:54:07,100 [45ecfedc-f1ca-4ee4-92ac-24908ad068c6@group-84A301199869-LeaderElection37] INFO  impl.RoleInfo (RoleInfo.java:updateAndGet(143)) - 45ecfedc-f1ca-4ee4-92ac-24908ad068c6: start LeaderState
2020-10-09 12:54:07,101 [45ecfedc-f1ca-4ee4-92ac-24908ad068c6@group-84A301199869-LeaderElection37] INFO  segmented.SegmentedRaftLogWorker (SegmentedRaftLogWorker.java:startLogSegment(397)) - 45ecfedc-f1ca-4ee4-92ac-24908ad068c6@group-84A301199869-SegmentedRaftLogWorker: Starting segment from index:0
2020-10-09 12:54:07,104 [45ecfedc-f1ca-4ee4-92ac-24908ad068c6@group-84A301199869-SegmentedRaftLogWorker] INFO  segmented.SegmentedRaftLogWorker (SegmentedRaftLogWorker.java:execute(596)) - 45ecfedc-f1ca-4ee4-92ac-24908ad068c6@group-84A301199869-SegmentedRaftLogWorker: created new log segment /github/workspace/mnt/ozone/hadoop-ozone/integration-test/target/test-dir/MiniOzoneClusterImpl-691c6000-d337-4848-84ec-e56c11f2c172/datanode-1/data/ratis/81109f46-b9cb-4ad9-8f7f-84a301199869/current/log_inprogress_0
2020-10-09 12:54:07,105 [45ecfedc-f1ca-4ee4-92ac-24908ad068c6@group-84A301199869-LeaderElection37] INFO  impl.RaftServerImpl (ServerState.java:setRaftConf(374)) - 45ecfedc-f1ca-4ee4-92ac-24908ad068c6@group-84A301199869: set configuration 0: [45ecfedc-f1ca-4ee4-92ac-24908ad068c6:172.17.0.2:39189:0], old=null at 0
2020-10-09 12:54:07,207 [Thread-1289] INFO  impl.FollowerState (FollowerState.java:run(108)) - 630ef14c-7f18-435b-8dbc-84d96446fc51@group-8A46ABBCFB7D-FollowerState: change to CANDIDATE, lastRpcTime:5130ms, electionTimeout:5127ms
2020-10-09 12:54:07,208 [Thread-1289] INFO  impl.RoleInfo (RoleInfo.java:shutdownFollowerState(121)) - 630ef14c-7f18-435b-8dbc-84d96446fc51: shutdown FollowerState
2020-10-09 12:54:07,208 [Thread-1289] INFO  impl.RaftServerImpl (RaftServerImpl.java:setRole(198)) - 630ef14c-7f18-435b-8dbc-84d96446fc51@group-8A46ABBCFB7D: changes role from  FOLLOWER to CANDIDATE at term 0 for changeToCandidate
2020-10-09 12:54:07,208 [Thread-1289] INFO  impl.RoleInfo (RoleInfo.java:updateAndGet(143)) - 630ef14c-7f18-435b-8dbc-84d96446fc51: start LeaderElection
2020-10-09 12:54:07,211 [630ef14c-7f18-435b-8dbc-84d96446fc51@group-8A46ABBCFB7D-LeaderElection38] INFO  impl.LeaderElection (LeaderElection.java:askForVotes(210)) - 630ef14c-7f18-435b-8dbc-84d96446fc51@group-8A46ABBCFB7D-LeaderElection38: begin an election at term 1 for -1: [630ef14c-7f18-435b-8dbc-84d96446fc51:172.17.0.2:34737:0, 45ecfedc-f1ca-4ee4-92ac-24908ad068c6:172.17.0.2:39189:0, 38f48239-bc06-46da-ac74-74ed7351a0a0:172.17.0.2:41897:0], old=null
2020-10-09 12:54:07,224 [grpc-default-executor-2] INFO  impl.RaftServerImpl (RaftServerImpl.java:setRole(198)) - 45ecfedc-f1ca-4ee4-92ac-24908ad068c6@group-8A46ABBCFB7D: changes role from  FOLLOWER to FOLLOWER at term 1 for recognizeCandidate:630ef14c-7f18-435b-8dbc-84d96446fc51
2020-10-09 12:54:07,224 [grpc-default-executor-2] INFO  impl.RoleInfo (RoleInfo.java:shutdownFollowerState(121)) - 45ecfedc-f1ca-4ee4-92ac-24908ad068c6: shutdown FollowerState
2020-10-09 12:54:07,224 [grpc-default-executor-2] INFO  impl.RoleInfo (RoleInfo.java:updateAndGet(143)) - 45ecfedc-f1ca-4ee4-92ac-24908ad068c6: start FollowerState
2020-10-09 12:54:07,224 [Thread-1297] INFO  impl.FollowerState (FollowerState.java:run(117)) - 45ecfedc-f1ca-4ee4-92ac-24908ad068c6@group-8A46ABBCFB7D-FollowerState was interrupted: java.lang.InterruptedException: sleep interrupted
2020-10-09 12:54:07,224 [grpc-default-executor-2] INFO  impl.RaftServerImpl (RaftServerImpl.java:requestVote(923)) -  FOLLOWER 45ecfedc-f1ca-4ee4-92ac-24908ad068c6@group-8A46ABBCFB7D:t1, leader=null, voted=null, raftlog=45ecfedc-f1ca-4ee4-92ac-24908ad068c6@group-8A46ABBCFB7D-SegmentedRaftLog:OPENED:c-1,f-1,i0, conf=-1: [630ef14c-7f18-435b-8dbc-84d96446fc51:172.17.0.2:34737:0, 45ecfedc-f1ca-4ee4-92ac-24908ad068c6:172.17.0.2:39189:0, 38f48239-bc06-46da-ac74-74ed7351a0a0:172.17.0.2:41897:0], old=null RUNNING priority:0 candidate:630ef14c-7f18-435b-8dbc-84d96446fc51:172.17.0.2:34737:0 candidatePriority:0 compare:0
2020-10-09 12:54:07,230 [630ef14c-7f18-435b-8dbc-84d96446fc51@group-8A46ABBCFB7D-LeaderElection38] INFO  impl.LeaderElection (LeaderElection.java:logAndReturn(62)) - 630ef14c-7f18-435b-8dbc-84d96446fc51@group-8A46ABBCFB7D-LeaderElection38: Election PASSED; received 1 response(s) [630ef14c-7f18-435b-8dbc-84d96446fc51<-45ecfedc-f1ca-4ee4-92ac-24908ad068c6#0:OK-t1] and 0 exception(s); 630ef14c-7f18-435b-8dbc-84d96446fc51@group-8A46ABBCFB7D:t1, leader=null, voted=630ef14c-7f18-435b-8dbc-84d96446fc51, raftlog=630ef14c-7f18-435b-8dbc-84d96446fc51@group-8A46ABBCFB7D-SegmentedRaftLog:OPENED:c-1,f-1,i0, conf=-1: [630ef14c-7f18-435b-8dbc-84d96446fc51:172.17.0.2:34737:0, 45ecfedc-f1ca-4ee4-92ac-24908ad068c6:172.17.0.2:39189:0, 38f48239-bc06-46da-ac74-74ed7351a0a0:172.17.0.2:41897:0], old=null
2020-10-09 12:54:07,230 [630ef14c-7f18-435b-8dbc-84d96446fc51@group-8A46ABBCFB7D-LeaderElection38] INFO  impl.RoleInfo (RoleInfo.java:shutdownLeaderElection(134)) - 630ef14c-7f18-435b-8dbc-84d96446fc51: shutdown LeaderElection
2020-10-09 12:54:07,230 [630ef14c-7f18-435b-8dbc-84d96446fc51@group-8A46ABBCFB7D-LeaderElection38] INFO  impl.RaftServerImpl (RaftServerImpl.java:setRole(198)) - 630ef14c-7f18-435b-8dbc-84d96446fc51@group-8A46ABBCFB7D: changes role from CANDIDATE to LEADER at term 1 for changeToLeader
2020-10-09 12:54:07,230 [630ef14c-7f18-435b-8dbc-84d96446fc51@group-8A46ABBCFB7D-LeaderElection38] INFO  ratis.XceiverServerRatis (XceiverServerRatis.java:handleLeaderChangedNotification(822)) - Leader change notification received for group: group-8A46ABBCFB7D with new leaderId: 630ef14c-7f18-435b-8dbc-84d96446fc51
2020-10-09 12:54:07,230 [630ef14c-7f18-435b-8dbc-84d96446fc51@group-8A46ABBCFB7D-LeaderElection38] INFO  impl.RaftServerImpl (ServerState.java:setLeader(256)) - 630ef14c-7f18-435b-8dbc-84d96446fc51@group-8A46ABBCFB7D: change Leader from null to 630ef14c-7f18-435b-8dbc-84d96446fc51 at term 1 for becomeLeader, leader elected after 5175ms
2020-10-09 12:54:07,231 [630ef14c-7f18-435b-8dbc-84d96446fc51@group-8A46ABBCFB7D-LeaderElection38] INFO  server.RaftServerConfigKeys (ConfUtils.java:logGet(44)) - raft.server.staging.catchup.gap = 1000 (default)
2020-10-09 12:54:07,231 [630ef14c-7f18-435b-8dbc-84d96446fc51@group-8A46ABBCFB7D-LeaderElection38] INFO  server.RaftServerConfigKeys (ConfUtils.java:logGet(44)) - raft.server.rpc.sleep.time = 25ms (default)
2020-10-09 12:54:07,231 [630ef14c-7f18-435b-8dbc-84d96446fc51@group-8A46ABBCFB7D-LeaderElection38] INFO  metrics.RatisMetrics (RatisMetrics.java:lambda$create$0(36)) - Creating Metrics Registry : ratis.log_appender.630ef14c-7f18-435b-8dbc-84d96446fc51@group-8A46ABBCFB7D
2020-10-09 12:54:07,231 [630ef14c-7f18-435b-8dbc-84d96446fc51@group-8A46ABBCFB7D-LeaderElection38] INFO  server.RaftServerConfigKeys (ConfUtils.java:logGet(44)) - raft.server.write.element-limit = 1024 (custom)
2020-10-09 12:54:07,231 [630ef14c-7f18-435b-8dbc-84d96446fc51@group-8A46ABBCFB7D-LeaderElection38] INFO  server.RaftServerConfigKeys (ConfUtils.java:logGet(44)) - raft.server.write.byte-limit = 1073741824 (custom)
2020-10-09 12:54:07,232 [630ef14c-7f18-435b-8dbc-84d96446fc51@group-8A46ABBCFB7D-LeaderElection38] INFO  server.RaftServerConfigKeys (ConfUtils.java:logGet(44)) - raft.server.watch.timeout = 3000ms (custom)
2020-10-09 12:54:07,232 [630ef14c-7f18-435b-8dbc-84d96446fc51@group-8A46ABBCFB7D-LeaderElection38] INFO  server.RaftServerConfigKeys (ConfUtils.java:logGet(44)) - raft.server.watch.timeout.denomination = 1s (default)
2020-10-09 12:54:07,232 [630ef14c-7f18-435b-8dbc-84d96446fc51@group-8A46ABBCFB7D-LeaderElection38] INFO  server.RaftServerConfigKeys (ConfUtils.java:logGet(44)) - raft.server.watch.element-limit = 65536 (default)
2020-10-09 12:54:07,232 [630ef14c-7f18-435b-8dbc-84d96446fc51@group-8A46ABBCFB7D-LeaderElection38] INFO  server.RaftServerConfigKeys (ConfUtils.java:logGet(44)) - raft.server.log.appender.snapshot.chunk.size.max = 16MB (=16777216) (default)
2020-10-09 12:54:07,232 [630ef14c-7f18-435b-8dbc-84d96446fc51@group-8A46ABBCFB7D-LeaderElection38] INFO  server.RaftServerConfigKeys (ConfUtils.java:logGet(44)) - raft.server.log.appender.buffer.byte-limit = 33554432 (custom)
2020-10-09 12:54:07,232 [630ef14c-7f18-435b-8dbc-84d96446fc51@group-8A46ABBCFB7D-LeaderElection38] INFO  server.RaftServerConfigKeys (ConfUtils.java:logGet(44)) - raft.server.log.appender.buffer.element-limit = 1 (custom)
2020-10-09 12:54:07,232 [630ef14c-7f18-435b-8dbc-84d96446fc51@group-8A46ABBCFB7D-LeaderElection38] INFO  grpc.GrpcConfigKeys (ConfUtils.java:logGet(44)) - raft.grpc.server.leader.outstanding.appends.max = 128 (default)
2020-10-09 12:54:07,233 [630ef14c-7f18-435b-8dbc-84d96446fc51@group-8A46ABBCFB7D-LeaderElection38] INFO  server.RaftServerConfigKeys (ConfUtils.java:logGet(44)) - raft.server.rpc.request.timeout = 3000ms (default)
2020-10-09 12:54:07,233 [630ef14c-7f18-435b-8dbc-84d96446fc51@group-8A46ABBCFB7D-LeaderElection38] INFO  server.RaftServerConfigKeys (ConfUtils.java:logGet(44)) - raft.server.log.appender.install.snapshot.enabled = false (custom)
2020-10-09 12:54:07,233 [630ef14c-7f18-435b-8dbc-84d96446fc51@group-8A46ABBCFB7D-LeaderElection38] INFO  metrics.RatisMetrics (RatisMetrics.java:lambda$create$0(36)) - Creating Metrics Registry : ratis_grpc.log_appender.630ef14c-7f18-435b-8dbc-84d96446fc51@group-8A46ABBCFB7D
2020-10-09 12:54:07,234 [EventQueue-PipelineReportForPipelineReportHandler] INFO  pipeline.PipelineStateManager (PipelineStateManager.java:openPipeline(131)) - Pipeline Pipeline[ Id: 00658d78-ed27-4808-a5ae-8a46abbcfb7d, Nodes: 630ef14c-7f18-435b-8dbc-84d96446fc51{ip: 172.17.0.2, host: 44394113892a, networkLocation: /default-rack, certSerialId: null}45ecfedc-f1ca-4ee4-92ac-24908ad068c6{ip: 172.17.0.2, host: 44394113892a, networkLocation: /default-rack, certSerialId: null}38f48239-bc06-46da-ac74-74ed7351a0a0{ip: 172.17.0.2, host: 44394113892a, networkLocation: /default-rack, certSerialId: null}, Type:RATIS, Factor:THREE, State:ALLOCATED, leaderId:630ef14c-7f18-435b-8dbc-84d96446fc51, CreationTimestamp2020-10-09T12:53:58.854Z] moved to OPEN state
2020-10-09 12:54:07,235 [EventQueue-OpenPipelineForHealthyPipelineSafeModeRule] INFO  safemode.SCMSafeModeManager (HealthyPipelineSafeModeRule.java:process(129)) - SCM in safe mode. Healthy pipelines reported count is 1, required healthy pipeline reported count is 1
2020-10-09 12:54:07,235 [EventQueue-OpenPipelineForOneReplicaPipelineSafeModeRule] INFO  safemode.SCMSafeModeManager (SCMSafeModeManager.java:validateSafeModeExitRules(214)) - AtleastOneDatanodeReportedRule rule is successfully validated
2020-10-09 12:54:07,236 [EventQueue-OpenPipelineForHealthyPipelineSafeModeRule] INFO  safemode.SCMSafeModeManager (SCMSafeModeManager.java:validateSafeModeExitRules(214)) - HealthyPipelineSafeModeRule rule is successfully validated
2020-10-09 12:54:07,236 [EventQueue-OpenPipelineForHealthyPipelineSafeModeRule] INFO  safemode.SCMSafeModeManager (SCMSafeModeManager.java:validateSafeModeExitRules(228)) - ScmSafeModeManager, all rules are successfully validated
2020-10-09 12:54:07,236 [EventQueue-OpenPipelineForHealthyPipelineSafeModeRule] INFO  safemode.SCMSafeModeManager (SCMSafeModeManager.java:exitSafeMode(257)) - SCM exiting safe mode.
2020-10-09 12:54:07,237 [630ef14c-7f18-435b-8dbc-84d96446fc51@group-8A46ABBCFB7D-LeaderElection38] INFO  server.RaftServerConfigKeys (ConfUtils.java:logGet(44)) - raft.server.log.appender.snapshot.chunk.size.max = 16MB (=16777216) (default)
2020-10-09 12:54:07,237 [630ef14c-7f18-435b-8dbc-84d96446fc51@group-8A46ABBCFB7D-LeaderElection38] INFO  server.RaftServerConfigKeys (ConfUtils.java:logGet(44)) - raft.server.log.appender.buffer.byte-limit = 33554432 (custom)
2020-10-09 12:54:07,238 [630ef14c-7f18-435b-8dbc-84d96446fc51@group-8A46ABBCFB7D-LeaderElection38] INFO  server.RaftServerConfigKeys (ConfUtils.java:logGet(44)) - raft.server.log.appender.buffer.element-limit = 1 (custom)
2020-10-09 12:54:07,240 [630ef14c-7f18-435b-8dbc-84d96446fc51@group-8A46ABBCFB7D-LeaderElection38] INFO  grpc.GrpcConfigKeys (ConfUtils.java:logGet(44)) - raft.grpc.server.leader.outstanding.appends.max = 128 (default)
2020-10-09 12:54:07,240 [Thread-1293] INFO  impl.FollowerState (FollowerState.java:run(108)) - 5e659369-1ee8-49c0-87c0-5752057ef24d@group-7CE5FB7F8D79-FollowerState: change to CANDIDATE, lastRpcTime:5079ms, electionTimeout:5078ms
2020-10-09 12:54:07,244 [grpc-default-executor-2] INFO  impl.RaftServerImpl (RaftServerImpl.java:setRole(198)) - 38f48239-bc06-46da-ac74-74ed7351a0a0@group-8A46ABBCFB7D: changes role from  FOLLOWER to FOLLOWER at term 1 for recognizeCandidate:630ef14c-7f18-435b-8dbc-84d96446fc51
2020-10-09 12:54:07,245 [grpc-default-executor-2] INFO  impl.RoleInfo (RoleInfo.java:shutdownFollowerState(121)) - 38f48239-bc06-46da-ac74-74ed7351a0a0: shutdown FollowerState
2020-10-09 12:54:07,245 [grpc-default-executor-2] INFO  impl.RoleInfo (RoleInfo.java:updateAndGet(143)) - 38f48239-bc06-46da-ac74-74ed7351a0a0: start FollowerState
2020-10-09 12:54:07,245 [Thread-1300] INFO  impl.FollowerState (FollowerState.java:run(117)) - 38f48239-bc06-46da-ac74-74ed7351a0a0@group-8A46ABBCFB7D-FollowerState was interrupted: java.lang.InterruptedException: sleep interrupted
2020-10-09 12:54:07,245 [Thread-1293] INFO  impl.RoleInfo (RoleInfo.java:shutdownFollowerState(121)) - 5e659369-1ee8-49c0-87c0-5752057ef24d: shutdown FollowerState
2020-10-09 12:54:07,249 [Thread-1293] INFO  impl.RaftServerImpl (RaftServerImpl.java:setRole(198)) - 5e659369-1ee8-49c0-87c0-5752057ef24d@group-7CE5FB7F8D79: changes role from  FOLLOWER to CANDIDATE at term 0 for changeToCandidate
2020-10-09 12:54:07,249 [Thread-1293] INFO  impl.RoleInfo (RoleInfo.java:updateAndGet(143)) - 5e659369-1ee8-49c0-87c0-5752057ef24d: start LeaderElection
2020-10-09 12:54:07,249 [630ef14c-7f18-435b-8dbc-84d96446fc51@group-8A46ABBCFB7D-LeaderElection38] INFO  server.RaftServerConfigKeys (ConfUtils.java:logGet(44)) - raft.server.rpc.request.timeout = 3000ms (default)
2020-10-09 12:54:07,245 [grpc-default-executor-2] INFO  impl.RaftServerImpl (RaftServerImpl.java:requestVote(923)) -  FOLLOWER 38f48239-bc06-46da-ac74-74ed7351a0a0@group-8A46ABBCFB7D:t1, leader=null, voted=null, raftlog=38f48239-bc06-46da-ac74-74ed7351a0a0@group-8A46ABBCFB7D-SegmentedRaftLog:OPENED:c-1,f-1,i0, conf=-1: [630ef14c-7f18-435b-8dbc-84d96446fc51:172.17.0.2:34737:0, 45ecfedc-f1ca-4ee4-92ac-24908ad068c6:172.17.0.2:39189:0, 38f48239-bc06-46da-ac74-74ed7351a0a0:172.17.0.2:41897:0], old=null RUNNING priority:0 candidate:630ef14c-7f18-435b-8dbc-84d96446fc51:172.17.0.2:34737:0 candidatePriority:0 compare:0
2020-10-09 12:54:07,250 [630ef14c-7f18-435b-8dbc-84d96446fc51@group-8A46ABBCFB7D-LeaderElection38] INFO  server.RaftServerConfigKeys (ConfUtils.java:logGet(44)) - raft.server.log.appender.install.snapshot.enabled = false (custom)
2020-10-09 12:54:07,252 [630ef14c-7f18-435b-8dbc-84d96446fc51@group-8A46ABBCFB7D-LeaderElection38] INFO  impl.RoleInfo (RoleInfo.java:updateAndGet(143)) - 630ef14c-7f18-435b-8dbc-84d96446fc51: start LeaderState
2020-10-09 12:54:07,253 [630ef14c-7f18-435b-8dbc-84d96446fc51@group-8A46ABBCFB7D-LeaderElection38] INFO  segmented.SegmentedRaftLogWorker (SegmentedRaftLogWorker.java:startLogSegment(397)) - 630ef14c-7f18-435b-8dbc-84d96446fc51@group-8A46ABBCFB7D-SegmentedRaftLogWorker: Starting segment from index:0
2020-10-09 12:54:07,256 [630ef14c-7f18-435b-8dbc-84d96446fc51@group-8A46ABBCFB7D-SegmentedRaftLogWorker] INFO  segmented.SegmentedRaftLogWorker (SegmentedRaftLogWorker.java:execute(596)) - 630ef14c-7f18-435b-8dbc-84d96446fc51@group-8A46ABBCFB7D-SegmentedRaftLogWorker: created new log segment /github/workspace/mnt/ozone/hadoop-ozone/integration-test/target/test-dir/MiniOzoneClusterImpl-691c6000-d337-4848-84ec-e56c11f2c172/datanode-0/data/ratis/00658d78-ed27-4808-a5ae-8a46abbcfb7d/current/log_inprogress_0
2020-10-09 12:54:07,267 [630ef14c-7f18-435b-8dbc-84d96446fc51@group-8A46ABBCFB7D-LeaderElection38] INFO  impl.RaftServerImpl (ServerState.java:setRaftConf(374)) - 630ef14c-7f18-435b-8dbc-84d96446fc51@group-8A46ABBCFB7D: set configuration 0: [630ef14c-7f18-435b-8dbc-84d96446fc51:172.17.0.2:34737:0, 45ecfedc-f1ca-4ee4-92ac-24908ad068c6:172.17.0.2:39189:0, 38f48239-bc06-46da-ac74-74ed7351a0a0:172.17.0.2:41897:0], old=null at 0
2020-10-09 12:54:07,268 [5e659369-1ee8-49c0-87c0-5752057ef24d@group-7CE5FB7F8D79-LeaderElection39] INFO  impl.LeaderElection (LeaderElection.java:askForVotes(210)) - 5e659369-1ee8-49c0-87c0-5752057ef24d@group-7CE5FB7F8D79-LeaderElection39: begin an election at term 1 for -1: [5e659369-1ee8-49c0-87c0-5752057ef24d:172.17.0.2:37457:0], old=null
2020-10-09 12:54:07,268 [5e659369-1ee8-49c0-87c0-5752057ef24d@group-7CE5FB7F8D79-LeaderElection39] INFO  impl.RoleInfo (RoleInfo.java:shutdownLeaderElection(134)) - 5e659369-1ee8-49c0-87c0-5752057ef24d: shutdown LeaderElection
2020-10-09 12:54:07,269 [5e659369-1ee8-49c0-87c0-5752057ef24d@group-7CE5FB7F8D79-LeaderElection39] INFO  impl.RaftServerImpl (RaftServerImpl.java:setRole(198)) - 5e659369-1ee8-49c0-87c0-5752057ef24d@group-7CE5FB7F8D79: changes role from CANDIDATE to LEADER at term 1 for changeToLeader
2020-10-09 12:54:07,269 [5e659369-1ee8-49c0-87c0-5752057ef24d@group-7CE5FB7F8D79-LeaderElection39] INFO  ratis.XceiverServerRatis (XceiverServerRatis.java:handleLeaderChangedNotification(822)) - Leader change notification received for group: group-7CE5FB7F8D79 with new leaderId: 5e659369-1ee8-49c0-87c0-5752057ef24d
2020-10-09 12:54:07,269 [5e659369-1ee8-49c0-87c0-5752057ef24d@group-7CE5FB7F8D79-LeaderElection39] INFO  impl.RaftServerImpl (ServerState.java:setLeader(256)) - 5e659369-1ee8-49c0-87c0-5752057ef24d@group-7CE5FB7F8D79: change Leader from null to 5e659369-1ee8-49c0-87c0-5752057ef24d at term 1 for becomeLeader, leader elected after 5122ms
2020-10-09 12:54:07,270 [5e659369-1ee8-49c0-87c0-5752057ef24d@group-7CE5FB7F8D79-LeaderElection39] INFO  server.RaftServerConfigKeys (ConfUtils.java:logGet(44)) - raft.server.staging.catchup.gap = 1000 (default)
2020-10-09 12:54:07,271 [5e659369-1ee8-49c0-87c0-5752057ef24d@group-7CE5FB7F8D79-LeaderElection39] INFO  server.RaftServerConfigKeys (ConfUtils.java:logGet(44)) - raft.server.rpc.sleep.time = 25ms (default)
2020-10-09 12:54:07,271 [5e659369-1ee8-49c0-87c0-5752057ef24d@group-7CE5FB7F8D79-LeaderElection39] INFO  metrics.RatisMetrics (RatisMetrics.java:lambda$create$0(36)) - Creating Metrics Registry : ratis.log_appender.5e659369-1ee8-49c0-87c0-5752057ef24d@group-7CE5FB7F8D79
2020-10-09 12:54:07,272 [5e659369-1ee8-49c0-87c0-5752057ef24d@group-7CE5FB7F8D79-LeaderElection39] INFO  server.RaftServerConfigKeys (ConfUtils.java:logGet(44)) - raft.server.write.element-limit = 1024 (custom)
2020-10-09 12:54:07,272 [5e659369-1ee8-49c0-87c0-5752057ef24d@group-7CE5FB7F8D79-LeaderElection39] INFO  server.RaftServerConfigKeys (ConfUtils.java:logGet(44)) - raft.server.write.byte-limit = 1073741824 (custom)
2020-10-09 12:54:07,276 [5e659369-1ee8-49c0-87c0-5752057ef24d@group-7CE5FB7F8D79-LeaderElection39] INFO  server.RaftServerConfigKeys (ConfUtils.java:logGet(44)) - raft.server.watch.timeout = 3000ms (custom)
2020-10-09 12:54:07,276 [5e659369-1ee8-49c0-87c0-5752057ef24d@group-7CE5FB7F8D79-LeaderElection39] INFO  server.RaftServerConfigKeys (ConfUtils.java:logGet(44)) - raft.server.watch.timeout.denomination = 1s (default)
2020-10-09 12:54:07,276 [5e659369-1ee8-49c0-87c0-5752057ef24d@group-7CE5FB7F8D79-LeaderElection39] INFO  server.RaftServerConfigKeys (ConfUtils.java:logGet(44)) - raft.server.watch.element-limit = 65536 (default)
2020-10-09 12:54:07,276 [5e659369-1ee8-49c0-87c0-5752057ef24d@group-7CE5FB7F8D79-LeaderElection39] INFO  impl.RoleInfo (RoleInfo.java:updateAndGet(143)) - 5e659369-1ee8-49c0-87c0-5752057ef24d: start LeaderState
2020-10-09 12:54:07,277 [5e659369-1ee8-49c0-87c0-5752057ef24d@group-7CE5FB7F8D79-LeaderElection39] INFO  segmented.SegmentedRaftLogWorker (SegmentedRaftLogWorker.java:startLogSegment(397)) - 5e659369-1ee8-49c0-87c0-5752057ef24d@group-7CE5FB7F8D79-SegmentedRaftLogWorker: Starting segment from index:0
2020-10-09 12:54:07,277 [Thread-1296] INFO  impl.FollowerState (FollowerState.java:run(108)) - 5e659369-1ee8-49c0-87c0-5752057ef24d@group-9EDE46CD1470-FollowerState: change to CANDIDATE, lastRpcTime:5092ms, electionTimeout:5085ms
2020-10-09 12:54:07,278 [5e659369-1ee8-49c0-87c0-5752057ef24d@group-7CE5FB7F8D79-LeaderElection39] INFO  impl.RaftServerImpl (ServerState.java:setRaftConf(374)) - 5e659369-1ee8-49c0-87c0-5752057ef24d@group-7CE5FB7F8D79: set configuration 0: [5e659369-1ee8-49c0-87c0-5752057ef24d:172.17.0.2:37457:0], old=null at 0
2020-10-09 12:54:07,280 [5e659369-1ee8-49c0-87c0-5752057ef24d@group-7CE5FB7F8D79-SegmentedRaftLogWorker] INFO  segmented.SegmentedRaftLogWorker (SegmentedRaftLogWorker.java:execute(596)) - 5e659369-1ee8-49c0-87c0-5752057ef24d@group-7CE5FB7F8D79-SegmentedRaftLogWorker: created new log segment /github/workspace/mnt/ozone/hadoop-ozone/integration-test/target/test-dir/MiniOzoneClusterImpl-691c6000-d337-4848-84ec-e56c11f2c172/datanode-3/data/ratis/a15ff165-ded0-4b0b-ae9a-7ce5fb7f8d79/current/log_inprogress_0
2020-10-09 12:54:07,281 [grpc-default-executor-2] INFO  ratis.XceiverServerRatis (XceiverServerRatis.java:handleLeaderChangedNotification(822)) - Leader change notification received for group: group-8A46ABBCFB7D with new leaderId: 630ef14c-7f18-435b-8dbc-84d96446fc51
2020-10-09 12:54:07,281 [grpc-default-executor-2] INFO  impl.RaftServerImpl (ServerState.java:setLeader(256)) - 45ecfedc-f1ca-4ee4-92ac-24908ad068c6@group-8A46ABBCFB7D: change Leader from null to 630ef14c-7f18-435b-8dbc-84d96446fc51 at term 1 for appendEntries, leader elected after 5133ms
2020-10-09 12:54:07,284 [Thread-1296] INFO  impl.RoleInfo (RoleInfo.java:shutdownFollowerState(121)) - 5e659369-1ee8-49c0-87c0-5752057ef24d: shutdown FollowerState
2020-10-09 12:54:07,284 [Thread-1296] INFO  impl.RaftServerImpl (RaftServerImpl.java:setRole(198)) - 5e659369-1ee8-49c0-87c0-5752057ef24d@group-9EDE46CD1470: changes role from  FOLLOWER to CANDIDATE at term 0 for changeToCandidate
2020-10-09 12:54:07,284 [Thread-1296] INFO  impl.RoleInfo (RoleInfo.java:updateAndGet(143)) - 5e659369-1ee8-49c0-87c0-5752057ef24d: start LeaderElection
2020-10-09 12:54:07,293 [grpc-default-executor-2] INFO  impl.RaftServerImpl (ServerState.java:setRaftConf(374)) - 45ecfedc-f1ca-4ee4-92ac-24908ad068c6@group-8A46ABBCFB7D: set configuration 0: [630ef14c-7f18-435b-8dbc-84d96446fc51:172.17.0.2:34737:0, 45ecfedc-f1ca-4ee4-92ac-24908ad068c6:172.17.0.2:39189:0, 38f48239-bc06-46da-ac74-74ed7351a0a0:172.17.0.2:41897:0], old=null at 0
2020-10-09 12:54:07,294 [grpc-default-executor-2] INFO  segmented.SegmentedRaftLogWorker (SegmentedRaftLogWorker.java:startLogSegment(397)) - 45ecfedc-f1ca-4ee4-92ac-24908ad068c6@group-8A46ABBCFB7D-SegmentedRaftLogWorker: Starting segment from index:0
2020-10-09 12:54:07,304 [5e659369-1ee8-49c0-87c0-5752057ef24d@group-9EDE46CD1470-LeaderElection40] INFO  impl.LeaderElection (LeaderElection.java:askForVotes(210)) - 5e659369-1ee8-49c0-87c0-5752057ef24d@group-9EDE46CD1470-LeaderElection40: begin an election at term 1 for -1: [b183437e-7ee0-4740-aae6-e25f1cff2701:172.17.0.2:37195:0, 5e659369-1ee8-49c0-87c0-5752057ef24d:172.17.0.2:37457:0, ba372c3f-ca6e-4b22-85c8-8c60b51fa7c9:172.17.0.2:42215:0], old=null
2020-10-09 12:54:07,304 [grpc-default-executor-6] INFO  ratis.XceiverServerRatis (XceiverServerRatis.java:handleLeaderChangedNotification(822)) - Leader change notification received for group: group-8A46ABBCFB7D with new leaderId: 630ef14c-7f18-435b-8dbc-84d96446fc51
2020-10-09 12:54:07,304 [45ecfedc-f1ca-4ee4-92ac-24908ad068c6@group-8A46ABBCFB7D-SegmentedRaftLogWorker] INFO  segmented.SegmentedRaftLogWorker (SegmentedRaftLogWorker.java:execute(596)) - 45ecfedc-f1ca-4ee4-92ac-24908ad068c6@group-8A46ABBCFB7D-SegmentedRaftLogWorker: created new log segment /github/workspace/mnt/ozone/hadoop-ozone/integration-test/target/test-dir/MiniOzoneClusterImpl-691c6000-d337-4848-84ec-e56c11f2c172/datanode-1/data/ratis/00658d78-ed27-4808-a5ae-8a46abbcfb7d/current/log_inprogress_0
2020-10-09 12:54:07,305 [grpc-default-executor-6] INFO  impl.RaftServerImpl (ServerState.java:setLeader(256)) - 38f48239-bc06-46da-ac74-74ed7351a0a0@group-8A46ABBCFB7D: change Leader from null to 630ef14c-7f18-435b-8dbc-84d96446fc51 at term 1 for appendEntries, leader elected after 5131ms
2020-10-09 12:54:07,314 [grpc-default-executor-6] INFO  impl.RaftServerImpl (ServerState.java:setRaftConf(374)) - 38f48239-bc06-46da-ac74-74ed7351a0a0@group-8A46ABBCFB7D: set configuration 0: [630ef14c-7f18-435b-8dbc-84d96446fc51:172.17.0.2:34737:0, 45ecfedc-f1ca-4ee4-92ac-24908ad068c6:172.17.0.2:39189:0, 38f48239-bc06-46da-ac74-74ed7351a0a0:172.17.0.2:41897:0], old=null at 0
2020-10-09 12:54:07,314 [grpc-default-executor-6] INFO  segmented.SegmentedRaftLogWorker (SegmentedRaftLogWorker.java:startLogSegment(397)) - 38f48239-bc06-46da-ac74-74ed7351a0a0@group-8A46ABBCFB7D-SegmentedRaftLogWorker: Starting segment from index:0
2020-10-09 12:54:07,315 [Thread-1299] INFO  impl.FollowerState (FollowerState.java:run(108)) - 38f48239-bc06-46da-ac74-74ed7351a0a0@group-B2ECEA19D339-FollowerState: change to CANDIDATE, lastRpcTime:5112ms, electionTimeout:5109ms
2020-10-09 12:54:07,316 [Thread-1299] INFO  impl.RoleInfo (RoleInfo.java:shutdownFollowerState(121)) - 38f48239-bc06-46da-ac74-74ed7351a0a0: shutdown FollowerState
2020-10-09 12:54:07,316 [Thread-1299] INFO  impl.RaftServerImpl (RaftServerImpl.java:setRole(198)) - 38f48239-bc06-46da-ac74-74ed7351a0a0@group-B2ECEA19D339: changes role from  FOLLOWER to CANDIDATE at term 0 for changeToCandidate
2020-10-09 12:54:07,316 [Thread-1299] INFO  impl.RoleInfo (RoleInfo.java:updateAndGet(143)) - 38f48239-bc06-46da-ac74-74ed7351a0a0: start LeaderElection
2020-10-09 12:54:07,319 [38f48239-bc06-46da-ac74-74ed7351a0a0@group-8A46ABBCFB7D-SegmentedRaftLogWorker] INFO  segmented.SegmentedRaftLogWorker (SegmentedRaftLogWorker.java:execute(596)) - 38f48239-bc06-46da-ac74-74ed7351a0a0@group-8A46ABBCFB7D-SegmentedRaftLogWorker: created new log segment /github/workspace/mnt/ozone/hadoop-ozone/integration-test/target/test-dir/MiniOzoneClusterImpl-691c6000-d337-4848-84ec-e56c11f2c172/datanode-2/data/ratis/00658d78-ed27-4808-a5ae-8a46abbcfb7d/current/log_inprogress_0
2020-10-09 12:54:07,322 [grpc-default-executor-6] INFO  impl.RaftServerImpl (RaftServerImpl.java:setRole(198)) - ba372c3f-ca6e-4b22-85c8-8c60b51fa7c9@group-9EDE46CD1470: changes role from  FOLLOWER to FOLLOWER at term 1 for recognizeCandidate:5e659369-1ee8-49c0-87c0-5752057ef24d
2020-10-09 12:54:07,322 [grpc-default-executor-6] INFO  impl.RoleInfo (RoleInfo.java:shutdownFollowerState(121)) - ba372c3f-ca6e-4b22-85c8-8c60b51fa7c9: shutdown FollowerState
2020-10-09 12:54:07,323 [grpc-default-executor-6] INFO  impl.RoleInfo (RoleInfo.java:updateAndGet(143)) - ba372c3f-ca6e-4b22-85c8-8c60b51fa7c9: start FollowerState
2020-10-09 12:54:07,323 [Thread-1306] INFO  impl.FollowerState (FollowerState.java:run(117)) - ba372c3f-ca6e-4b22-85c8-8c60b51fa7c9@group-9EDE46CD1470-FollowerState was interrupted: java.lang.InterruptedException: sleep interrupted
2020-10-09 12:54:07,323 [grpc-default-executor-6] INFO  impl.RaftServerImpl (RaftServerImpl.java:requestVote(923)) -  FOLLOWER ba372c3f-ca6e-4b22-85c8-8c60b51fa7c9@group-9EDE46CD1470:t1, leader=null, voted=null, raftlog=ba372c3f-ca6e-4b22-85c8-8c60b51fa7c9@group-9EDE46CD1470-SegmentedRaftLog:OPENED:c-1,f-1,i0, conf=-1: [b183437e-7ee0-4740-aae6-e25f1cff2701:172.17.0.2:37195:0, 5e659369-1ee8-49c0-87c0-5752057ef24d:172.17.0.2:37457:0, ba372c3f-ca6e-4b22-85c8-8c60b51fa7c9:172.17.0.2:42215:0], old=null RUNNING priority:0 candidate:5e659369-1ee8-49c0-87c0-5752057ef24d:172.17.0.2:37457:0 candidatePriority:0 compare:0
2020-10-09 12:54:07,324 [grpc-default-executor-2] INFO  impl.RaftServerImpl (RaftServerImpl.java:setRole(198)) - b183437e-7ee0-4740-aae6-e25f1cff2701@group-9EDE46CD1470: changes role from  FOLLOWER to FOLLOWER at term 1 for recognizeCandidate:5e659369-1ee8-49c0-87c0-5752057ef24d
2020-10-09 12:54:07,324 [grpc-default-executor-2] INFO  impl.RoleInfo (RoleInfo.java:shutdownFollowerState(121)) - b183437e-7ee0-4740-aae6-e25f1cff2701: shutdown FollowerState
2020-10-09 12:54:07,324 [grpc-default-executor-2] INFO  impl.RoleInfo (RoleInfo.java:updateAndGet(143)) - b183437e-7ee0-4740-aae6-e25f1cff2701: start FollowerState
2020-10-09 12:54:07,324 [Thread-1310] INFO  impl.FollowerState (FollowerState.java:run(117)) - b183437e-7ee0-4740-aae6-e25f1cff2701@group-9EDE46CD1470-FollowerState was interrupted: java.lang.InterruptedException: sleep interrupted
2020-10-09 12:54:07,324 [grpc-default-executor-2] INFO  impl.RaftServerImpl (RaftServerImpl.java:requestVote(923)) -  FOLLOWER b183437e-7ee0-4740-aae6-e25f1cff2701@group-9EDE46CD1470:t1, leader=null, voted=null, raftlog=b183437e-7ee0-4740-aae6-e25f1cff2701@group-9EDE46CD1470-SegmentedRaftLog:OPENED:c-1,f-1,i0, conf=-1: [b183437e-7ee0-4740-aae6-e25f1cff2701:172.17.0.2:37195:0, 5e659369-1ee8-49c0-87c0-5752057ef24d:172.17.0.2:37457:0, ba372c3f-ca6e-4b22-85c8-8c60b51fa7c9:172.17.0.2:42215:0], old=null RUNNING priority:0 candidate:5e659369-1ee8-49c0-87c0-5752057ef24d:172.17.0.2:37457:0 candidatePriority:0 compare:0
2020-10-09 12:54:07,330 [38f48239-bc06-46da-ac74-74ed7351a0a0@group-B2ECEA19D339-LeaderElection41] INFO  impl.LeaderElection (LeaderElection.java:askForVotes(210)) - 38f48239-bc06-46da-ac74-74ed7351a0a0@group-B2ECEA19D339-LeaderElection41: begin an election at term 1 for -1: [38f48239-bc06-46da-ac74-74ed7351a0a0:172.17.0.2:41897:0], old=null
2020-10-09 12:54:07,330 [38f48239-bc06-46da-ac74-74ed7351a0a0@group-B2ECEA19D339-LeaderElection41] INFO  impl.RoleInfo (RoleInfo.java:shutdownLeaderElection(134)) - 38f48239-bc06-46da-ac74-74ed7351a0a0: shutdown LeaderElection
2020-10-09 12:54:07,330 [38f48239-bc06-46da-ac74-74ed7351a0a0@group-B2ECEA19D339-LeaderElection41] INFO  impl.RaftServerImpl (RaftServerImpl.java:setRole(198)) - 38f48239-bc06-46da-ac74-74ed7351a0a0@group-B2ECEA19D339: changes role from CANDIDATE to LEADER at term 1 for changeToLeader
2020-10-09 12:54:07,330 [38f48239-bc06-46da-ac74-74ed7351a0a0@group-B2ECEA19D339-LeaderElection41] INFO  ratis.XceiverServerRatis (XceiverServerRatis.java:handleLeaderChangedNotification(822)) - Leader change notification received for group: group-B2ECEA19D339 with new leaderId: 38f48239-bc06-46da-ac74-74ed7351a0a0
2020-10-09 12:54:07,330 [38f48239-bc06-46da-ac74-74ed7351a0a0@group-B2ECEA19D339-LeaderElection41] INFO  impl.RaftServerImpl (ServerState.java:setLeader(256)) - 38f48239-bc06-46da-ac74-74ed7351a0a0@group-B2ECEA19D339: change Leader from null to 38f48239-bc06-46da-ac74-74ed7351a0a0 at term 1 for becomeLeader, leader elected after 5186ms
2020-10-09 12:54:07,332 [5e659369-1ee8-49c0-87c0-5752057ef24d@group-9EDE46CD1470-LeaderElection40] INFO  impl.LeaderElection (LeaderElection.java:logAndReturn(62)) - 5e659369-1ee8-49c0-87c0-5752057ef24d@group-9EDE46CD1470-LeaderElection40: Election PASSED; received 1 response(s) [5e659369-1ee8-49c0-87c0-5752057ef24d<-ba372c3f-ca6e-4b22-85c8-8c60b51fa7c9#0:OK-t1] and 0 exception(s); 5e659369-1ee8-49c0-87c0-5752057ef24d@group-9EDE46CD1470:t1, leader=null, voted=5e659369-1ee8-49c0-87c0-5752057ef24d, raftlog=5e659369-1ee8-49c0-87c0-5752057ef24d@group-9EDE46CD1470-SegmentedRaftLog:OPENED:c-1,f-1,i0, conf=-1: [b183437e-7ee0-4740-aae6-e25f1cff2701:172.17.0.2:37195:0, 5e659369-1ee8-49c0-87c0-5752057ef24d:172.17.0.2:37457:0, ba372c3f-ca6e-4b22-85c8-8c60b51fa7c9:172.17.0.2:42215:0], old=null
2020-10-09 12:54:07,335 [5e659369-1ee8-49c0-87c0-5752057ef24d@group-9EDE46CD1470-LeaderElection40] INFO  impl.RoleInfo (RoleInfo.java:shutdownLeaderElection(134)) - 5e659369-1ee8-49c0-87c0-5752057ef24d: shutdown LeaderElection
2020-10-09 12:54:07,332 [38f48239-bc06-46da-ac74-74ed7351a0a0@group-B2ECEA19D339-LeaderElection41] INFO  server.RaftServerConfigKeys (ConfUtils.java:logGet(44)) - raft.server.staging.catchup.gap = 1000 (default)
2020-10-09 12:54:07,335 [5e659369-1ee8-49c0-87c0-5752057ef24d@group-9EDE46CD1470-LeaderElection40] INFO  impl.RaftServerImpl (RaftServerImpl.java:setRole(198)) - 5e659369-1ee8-49c0-87c0-5752057ef24d@group-9EDE46CD1470: changes role from CANDIDATE to LEADER at term 1 for changeToLeader
2020-10-09 12:54:07,336 [5e659369-1ee8-49c0-87c0-5752057ef24d@group-9EDE46CD1470-LeaderElection40] INFO  ratis.XceiverServerRatis (XceiverServerRatis.java:handleLeaderChangedNotification(822)) - Leader change notification received for group: group-9EDE46CD1470 with new leaderId: 5e659369-1ee8-49c0-87c0-5752057ef24d
2020-10-09 12:54:07,336 [5e659369-1ee8-49c0-87c0-5752057ef24d@group-9EDE46CD1470-LeaderElection40] INFO  impl.RaftServerImpl (ServerState.java:setLeader(256)) - 5e659369-1ee8-49c0-87c0-5752057ef24d@group-9EDE46CD1470: change Leader from null to 5e659369-1ee8-49c0-87c0-5752057ef24d at term 1 for becomeLeader, leader elected after 5160ms
2020-10-09 12:54:07,336 [5e659369-1ee8-49c0-87c0-5752057ef24d@group-9EDE46CD1470-LeaderElection40] INFO  server.RaftServerConfigKeys (ConfUtils.java:logGet(44)) - raft.server.staging.catchup.gap = 1000 (default)
2020-10-09 12:54:07,336 [5e659369-1ee8-49c0-87c0-5752057ef24d@group-9EDE46CD1470-LeaderElection40] INFO  server.RaftServerConfigKeys (ConfUtils.java:logGet(44)) - raft.server.rpc.sleep.time = 25ms (default)
2020-10-09 12:54:07,336 [5e659369-1ee8-49c0-87c0-5752057ef24d@group-9EDE46CD1470-LeaderElection40] INFO  metrics.RatisMetrics (RatisMetrics.java:lambda$create$0(36)) - Creating Metrics Registry : ratis.log_appender.5e659369-1ee8-49c0-87c0-5752057ef24d@group-9EDE46CD1470
2020-10-09 12:54:07,336 [5e659369-1ee8-49c0-87c0-5752057ef24d@group-9EDE46CD1470-LeaderElection40] INFO  server.RaftServerConfigKeys (ConfUtils.java:logGet(44)) - raft.server.write.element-limit = 1024 (custom)
2020-10-09 12:54:07,336 [5e659369-1ee8-49c0-87c0-5752057ef24d@group-9EDE46CD1470-LeaderElection40] INFO  server.RaftServerConfigKeys (ConfUtils.java:logGet(44)) - raft.server.write.byte-limit = 1073741824 (custom)
2020-10-09 12:54:07,337 [5e659369-1ee8-49c0-87c0-5752057ef24d@group-9EDE46CD1470-LeaderElection40] INFO  server.RaftServerConfigKeys (ConfUtils.java:logGet(44)) - raft.server.watch.timeout = 3000ms (custom)
2020-10-09 12:54:07,337 [5e659369-1ee8-49c0-87c0-5752057ef24d@group-9EDE46CD1470-LeaderElection40] INFO  server.RaftServerConfigKeys (ConfUtils.java:logGet(44)) - raft.server.watch.timeout.denomination = 1s (default)
2020-10-09 12:54:07,337 [5e659369-1ee8-49c0-87c0-5752057ef24d@group-9EDE46CD1470-LeaderElection40] INFO  server.RaftServerConfigKeys (ConfUtils.java:logGet(44)) - raft.server.watch.element-limit = 65536 (default)
2020-10-09 12:54:07,337 [5e659369-1ee8-49c0-87c0-5752057ef24d@group-9EDE46CD1470-LeaderElection40] INFO  server.RaftServerConfigKeys (ConfUtils.java:logGet(44)) - raft.server.log.appender.snapshot.chunk.size.max = 16MB (=16777216) (default)
2020-10-09 12:54:07,337 [5e659369-1ee8-49c0-87c0-5752057ef24d@group-9EDE46CD1470-LeaderElection40] INFO  server.RaftServerConfigKeys (ConfUtils.java:logGet(44)) - raft.server.log.appender.buffer.byte-limit = 33554432 (custom)
2020-10-09 12:54:07,337 [5e659369-1ee8-49c0-87c0-5752057ef24d@group-9EDE46CD1470-LeaderElection40] INFO  server.RaftServerConfigKeys (ConfUtils.java:logGet(44)) - raft.server.log.appender.buffer.element-limit = 1 (custom)
2020-10-09 12:54:07,338 [5e659369-1ee8-49c0-87c0-5752057ef24d@group-9EDE46CD1470-LeaderElection40] INFO  grpc.GrpcConfigKeys (ConfUtils.java:logGet(44)) - raft.grpc.server.leader.outstanding.appends.max = 128 (default)
2020-10-09 12:54:07,338 [5e659369-1ee8-49c0-87c0-5752057ef24d@group-9EDE46CD1470-LeaderElection40] INFO  server.RaftServerConfigKeys (ConfUtils.java:logGet(44)) - raft.server.rpc.request.timeout = 3000ms (default)
2020-10-09 12:54:07,338 [5e659369-1ee8-49c0-87c0-5752057ef24d@group-9EDE46CD1470-LeaderElection40] INFO  server.RaftServerConfigKeys (ConfUtils.java:logGet(44)) - raft.server.log.appender.install.snapshot.enabled = false (custom)
2020-10-09 12:54:07,338 [5e659369-1ee8-49c0-87c0-5752057ef24d@group-9EDE46CD1470-LeaderElection40] INFO  metrics.RatisMetrics (RatisMetrics.java:lambda$create$0(36)) - Creating Metrics Registry : ratis_grpc.log_appender.5e659369-1ee8-49c0-87c0-5752057ef24d@group-9EDE46CD1470
2020-10-09 12:54:07,339 [38f48239-bc06-46da-ac74-74ed7351a0a0@group-B2ECEA19D339-LeaderElection41] INFO  server.RaftServerConfigKeys (ConfUtils.java:logGet(44)) - raft.server.rpc.sleep.time = 25ms (default)
2020-10-09 12:54:07,339 [38f48239-bc06-46da-ac74-74ed7351a0a0@group-B2ECEA19D339-LeaderElection41] INFO  metrics.RatisMetrics (RatisMetrics.java:lambda$create$0(36)) - Creating Metrics Registry : ratis.log_appender.38f48239-bc06-46da-ac74-74ed7351a0a0@group-B2ECEA19D339
2020-10-09 12:54:07,339 [EventQueue-PipelineReportForPipelineReportHandler] INFO  pipeline.PipelineStateManager (PipelineStateManager.java:openPipeline(131)) - Pipeline Pipeline[ Id: bf62a005-c6ba-4874-874d-9ede46cd1470, Nodes: 5e659369-1ee8-49c0-87c0-5752057ef24d{ip: 172.17.0.2, host: 44394113892a, networkLocation: /default-rack, certSerialId: null}ba372c3f-ca6e-4b22-85c8-8c60b51fa7c9{ip: 172.17.0.2, host: 44394113892a, networkLocation: /default-rack, certSerialId: null}b183437e-7ee0-4740-aae6-e25f1cff2701{ip: 172.17.0.2, host: 44394113892a, networkLocation: /default-rack, certSerialId: null}, Type:RATIS, Factor:THREE, State:ALLOCATED, leaderId:5e659369-1ee8-49c0-87c0-5752057ef24d, CreationTimestamp2020-10-09T12:53:59.415Z] moved to OPEN state
2020-10-09 12:54:07,340 [38f48239-bc06-46da-ac74-74ed7351a0a0@group-B2ECEA19D339-LeaderElection41] INFO  server.RaftServerConfigKeys (ConfUtils.java:logGet(44)) - raft.server.write.element-limit = 1024 (custom)
2020-10-09 12:54:07,340 [38f48239-bc06-46da-ac74-74ed7351a0a0@group-B2ECEA19D339-LeaderElection41] INFO  server.RaftServerConfigKeys (ConfUtils.java:logGet(44)) - raft.server.write.byte-limit = 1073741824 (custom)
2020-10-09 12:54:07,340 [38f48239-bc06-46da-ac74-74ed7351a0a0@group-B2ECEA19D339-LeaderElection41] INFO  server.RaftServerConfigKeys (ConfUtils.java:logGet(44)) - raft.server.watch.timeout = 3000ms (custom)
2020-10-09 12:54:07,340 [38f48239-bc06-46da-ac74-74ed7351a0a0@group-B2ECEA19D339-LeaderElection41] INFO  server.RaftServerConfigKeys (ConfUtils.java:logGet(44)) - raft.server.watch.timeout.denomination = 1s (default)
2020-10-09 12:54:07,341 [38f48239-bc06-46da-ac74-74ed7351a0a0@group-B2ECEA19D339-LeaderElection41] INFO  server.RaftServerConfigKeys (ConfUtils.java:logGet(44)) - raft.server.watch.element-limit = 65536 (default)
2020-10-09 12:54:07,341 [38f48239-bc06-46da-ac74-74ed7351a0a0@group-B2ECEA19D339-LeaderElection41] INFO  impl.RoleInfo (RoleInfo.java:updateAndGet(143)) - 38f48239-bc06-46da-ac74-74ed7351a0a0: start LeaderState
2020-10-09 12:54:07,341 [38f48239-bc06-46da-ac74-74ed7351a0a0@group-B2ECEA19D339-LeaderElection41] INFO  segmented.SegmentedRaftLogWorker (SegmentedRaftLogWorker.java:startLogSegment(397)) - 38f48239-bc06-46da-ac74-74ed7351a0a0@group-B2ECEA19D339-SegmentedRaftLogWorker: Starting segment from index:0
2020-10-09 12:54:07,341 [38f48239-bc06-46da-ac74-74ed7351a0a0@group-B2ECEA19D339-LeaderElection41] INFO  impl.RaftServerImpl (ServerState.java:setRaftConf(374)) - 38f48239-bc06-46da-ac74-74ed7351a0a0@group-B2ECEA19D339: set configuration 0: [38f48239-bc06-46da-ac74-74ed7351a0a0:172.17.0.2:41897:0], old=null at 0
2020-10-09 12:54:07,343 [5e659369-1ee8-49c0-87c0-5752057ef24d@group-9EDE46CD1470-LeaderElection40] INFO  server.RaftServerConfigKeys (ConfUtils.java:logGet(44)) - raft.server.log.appender.snapshot.chunk.size.max = 16MB (=16777216) (default)
2020-10-09 12:54:07,344 [5e659369-1ee8-49c0-87c0-5752057ef24d@group-9EDE46CD1470-LeaderElection40] INFO  server.RaftServerConfigKeys (ConfUtils.java:logGet(44)) - raft.server.log.appender.buffer.byte-limit = 33554432 (custom)
2020-10-09 12:54:07,344 [5e659369-1ee8-49c0-87c0-5752057ef24d@group-9EDE46CD1470-LeaderElection40] INFO  server.RaftServerConfigKeys (ConfUtils.java:logGet(44)) - raft.server.log.appender.buffer.element-limit = 1 (custom)
2020-10-09 12:54:07,344 [5e659369-1ee8-49c0-87c0-5752057ef24d@group-9EDE46CD1470-LeaderElection40] INFO  grpc.GrpcConfigKeys (ConfUtils.java:logGet(44)) - raft.grpc.server.leader.outstanding.appends.max = 128 (default)
2020-10-09 12:54:07,344 [5e659369-1ee8-49c0-87c0-5752057ef24d@group-9EDE46CD1470-LeaderElection40] INFO  server.RaftServerConfigKeys (ConfUtils.java:logGet(44)) - raft.server.rpc.request.timeout = 3000ms (default)
2020-10-09 12:54:07,344 [5e659369-1ee8-49c0-87c0-5752057ef24d@group-9EDE46CD1470-LeaderElection40] INFO  server.RaftServerConfigKeys (ConfUtils.java:logGet(44)) - raft.server.log.appender.install.snapshot.enabled = false (custom)
2020-10-09 12:54:07,345 [38f48239-bc06-46da-ac74-74ed7351a0a0@group-B2ECEA19D339-SegmentedRaftLogWorker] INFO  segmented.SegmentedRaftLogWorker (SegmentedRaftLogWorker.java:execute(596)) - 38f48239-bc06-46da-ac74-74ed7351a0a0@group-B2ECEA19D339-SegmentedRaftLogWorker: created new log segment /github/workspace/mnt/ozone/hadoop-ozone/integration-test/target/test-dir/MiniOzoneClusterImpl-691c6000-d337-4848-84ec-e56c11f2c172/datanode-2/data/ratis/197b757a-e183-4b17-9416-b2ecea19d339/current/log_inprogress_0
2020-10-09 12:54:07,349 [5e659369-1ee8-49c0-87c0-5752057ef24d@group-9EDE46CD1470-LeaderElection40] INFO  impl.RoleInfo (RoleInfo.java:updateAndGet(143)) - 5e659369-1ee8-49c0-87c0-5752057ef24d: start LeaderState
2020-10-09 12:54:07,349 [5e659369-1ee8-49c0-87c0-5752057ef24d@group-9EDE46CD1470-LeaderElection40] INFO  segmented.SegmentedRaftLogWorker (SegmentedRaftLogWorker.java:startLogSegment(397)) - 5e659369-1ee8-49c0-87c0-5752057ef24d@group-9EDE46CD1470-SegmentedRaftLogWorker: Starting segment from index:0
2020-10-09 12:54:07,350 [Thread-1308] INFO  impl.FollowerState (FollowerState.java:run(108)) - ba372c3f-ca6e-4b22-85c8-8c60b51fa7c9@group-9EA8B26BFA56-FollowerState: change to CANDIDATE, lastRpcTime:5031ms, electionTimeout:5031ms
2020-10-09 12:54:07,350 [5e659369-1ee8-49c0-87c0-5752057ef24d@group-9EDE46CD1470-LeaderElection40] INFO  impl.RaftServerImpl (ServerState.java:setRaftConf(374)) - 5e659369-1ee8-49c0-87c0-5752057ef24d@group-9EDE46CD1470: set configuration 0: [b183437e-7ee0-4740-aae6-e25f1cff2701:172.17.0.2:37195:0, 5e659369-1ee8-49c0-87c0-5752057ef24d:172.17.0.2:37457:0, ba372c3f-ca6e-4b22-85c8-8c60b51fa7c9:172.17.0.2:42215:0], old=null at 0
2020-10-09 12:54:07,350 [Thread-1308] INFO  impl.RoleInfo (RoleInfo.java:shutdownFollowerState(121)) - ba372c3f-ca6e-4b22-85c8-8c60b51fa7c9: shutdown FollowerState
2020-10-09 12:54:07,350 [Thread-1308] INFO  impl.RaftServerImpl (RaftServerImpl.java:setRole(198)) - ba372c3f-ca6e-4b22-85c8-8c60b51fa7c9@group-9EA8B26BFA56: changes role from  FOLLOWER to CANDIDATE at term 0 for changeToCandidate
2020-10-09 12:54:07,350 [Thread-1308] INFO  impl.RoleInfo (RoleInfo.java:updateAndGet(143)) - ba372c3f-ca6e-4b22-85c8-8c60b51fa7c9: start LeaderElection
2020-10-09 12:54:07,359 [5e659369-1ee8-49c0-87c0-5752057ef24d@group-9EDE46CD1470-SegmentedRaftLogWorker] INFO  segmented.SegmentedRaftLogWorker (SegmentedRaftLogWorker.java:execute(596)) - 5e659369-1ee8-49c0-87c0-5752057ef24d@group-9EDE46CD1470-SegmentedRaftLogWorker: created new log segment /github/workspace/mnt/ozone/hadoop-ozone/integration-test/target/test-dir/MiniOzoneClusterImpl-691c6000-d337-4848-84ec-e56c11f2c172/datanode-3/data/ratis/bf62a005-c6ba-4874-874d-9ede46cd1470/current/log_inprogress_0
2020-10-09 12:54:07,369 [ba372c3f-ca6e-4b22-85c8-8c60b51fa7c9@group-9EA8B26BFA56-LeaderElection42] INFO  impl.LeaderElection (LeaderElection.java:askForVotes(210)) - ba372c3f-ca6e-4b22-85c8-8c60b51fa7c9@group-9EA8B26BFA56-LeaderElection42: begin an election at term 1 for -1: [ba372c3f-ca6e-4b22-85c8-8c60b51fa7c9:172.17.0.2:42215:0], old=null
2020-10-09 12:54:07,369 [grpc-default-executor-6] INFO  ratis.XceiverServerRatis (XceiverServerRatis.java:handleLeaderChangedNotification(822)) - Leader change notification received for group: group-9EDE46CD1470 with new leaderId: 5e659369-1ee8-49c0-87c0-5752057ef24d
2020-10-09 12:54:07,371 [grpc-default-executor-6] INFO  impl.RaftServerImpl (ServerState.java:setLeader(256)) - ba372c3f-ca6e-4b22-85c8-8c60b51fa7c9@group-9EDE46CD1470: change Leader from null to 5e659369-1ee8-49c0-87c0-5752057ef24d at term 1 for appendEntries, leader elected after 5086ms
2020-10-09 12:54:07,372 [ba372c3f-ca6e-4b22-85c8-8c60b51fa7c9@group-9EA8B26BFA56-LeaderElection42] INFO  impl.RoleInfo (RoleInfo.java:shutdownLeaderElection(134)) - ba372c3f-ca6e-4b22-85c8-8c60b51fa7c9: shutdown LeaderElection
2020-10-09 12:54:07,372 [ba372c3f-ca6e-4b22-85c8-8c60b51fa7c9@group-9EA8B26BFA56-LeaderElection42] INFO  impl.RaftServerImpl (RaftServerImpl.java:setRole(198)) - ba372c3f-ca6e-4b22-85c8-8c60b51fa7c9@group-9EA8B26BFA56: changes role from CANDIDATE to LEADER at term 1 for changeToLeader
2020-10-09 12:54:07,372 [ba372c3f-ca6e-4b22-85c8-8c60b51fa7c9@group-9EA8B26BFA56-LeaderElection42] INFO  ratis.XceiverServerRatis (XceiverServerRatis.java:handleLeaderChangedNotification(822)) - Leader change notification received for group: group-9EA8B26BFA56 with new leaderId: ba372c3f-ca6e-4b22-85c8-8c60b51fa7c9
2020-10-09 12:54:07,373 [ba372c3f-ca6e-4b22-85c8-8c60b51fa7c9@group-9EA8B26BFA56-LeaderElection42] INFO  impl.RaftServerImpl (ServerState.java:setLeader(256)) - ba372c3f-ca6e-4b22-85c8-8c60b51fa7c9@group-9EA8B26BFA56: change Leader from null to ba372c3f-ca6e-4b22-85c8-8c60b51fa7c9 at term 1 for becomeLeader, leader elected after 5063ms
2020-10-09 12:54:07,374 [ba372c3f-ca6e-4b22-85c8-8c60b51fa7c9@group-9EA8B26BFA56-LeaderElection42] INFO  server.RaftServerConfigKeys (ConfUtils.java:logGet(44)) - raft.server.staging.catchup.gap = 1000 (default)
2020-10-09 12:54:07,374 [ba372c3f-ca6e-4b22-85c8-8c60b51fa7c9@group-9EA8B26BFA56-LeaderElection42] INFO  server.RaftServerConfigKeys (ConfUtils.java:logGet(44)) - raft.server.rpc.sleep.time = 25ms (default)
2020-10-09 12:54:07,374 [ba372c3f-ca6e-4b22-85c8-8c60b51fa7c9@group-9EA8B26BFA56-LeaderElection42] INFO  metrics.RatisMetrics (RatisMetrics.java:lambda$create$0(36)) - Creating Metrics Registry : ratis.log_appender.ba372c3f-ca6e-4b22-85c8-8c60b51fa7c9@group-9EA8B26BFA56
2020-10-09 12:54:07,375 [grpc-default-executor-2] INFO  ratis.XceiverServerRatis (XceiverServerRatis.java:handleLeaderChangedNotification(822)) - Leader change notification received for group: group-9EDE46CD1470 with new leaderId: 5e659369-1ee8-49c0-87c0-5752057ef24d
2020-10-09 12:54:07,375 [grpc-default-executor-2] INFO  impl.RaftServerImpl (ServerState.java:setLeader(256)) - b183437e-7ee0-4740-aae6-e25f1cff2701@group-9EDE46CD1470: change Leader from null to 5e659369-1ee8-49c0-87c0-5752057ef24d at term 1 for appendEntries, leader elected after 5038ms
2020-10-09 12:54:07,375 [ba372c3f-ca6e-4b22-85c8-8c60b51fa7c9@group-9EA8B26BFA56-LeaderElection42] INFO  server.RaftServerConfigKeys (ConfUtils.java:logGet(44)) - raft.server.write.element-limit = 1024 (custom)
2020-10-09 12:54:07,376 [ba372c3f-ca6e-4b22-85c8-8c60b51fa7c9@group-9EA8B26BFA56-LeaderElection42] INFO  server.RaftServerConfigKeys (ConfUtils.java:logGet(44)) - raft.server.write.byte-limit = 1073741824 (custom)
2020-10-09 12:54:07,377 [grpc-default-executor-2] INFO  impl.RaftServerImpl (ServerState.java:setRaftConf(374)) - b183437e-7ee0-4740-aae6-e25f1cff2701@group-9EDE46CD1470: set configuration 0: [b183437e-7ee0-4740-aae6-e25f1cff2701:172.17.0.2:37195:0, 5e659369-1ee8-49c0-87c0-5752057ef24d:172.17.0.2:37457:0, ba372c3f-ca6e-4b22-85c8-8c60b51fa7c9:172.17.0.2:42215:0], old=null at 0
2020-10-09 12:54:07,377 [grpc-default-executor-2] INFO  segmented.SegmentedRaftLogWorker (SegmentedRaftLogWorker.java:startLogSegment(397)) - b183437e-7ee0-4740-aae6-e25f1cff2701@group-9EDE46CD1470-SegmentedRaftLogWorker: Starting segment from index:0
2020-10-09 12:54:07,378 [grpc-default-executor-6] INFO  impl.RaftServerImpl (ServerState.java:setRaftConf(374)) - ba372c3f-ca6e-4b22-85c8-8c60b51fa7c9@group-9EDE46CD1470: set configuration 0: [b183437e-7ee0-4740-aae6-e25f1cff2701:172.17.0.2:37195:0, 5e659369-1ee8-49c0-87c0-5752057ef24d:172.17.0.2:37457:0, ba372c3f-ca6e-4b22-85c8-8c60b51fa7c9:172.17.0.2:42215:0], old=null at 0
2020-10-09 12:54:07,379 [ba372c3f-ca6e-4b22-85c8-8c60b51fa7c9@group-9EA8B26BFA56-LeaderElection42] INFO  server.RaftServerConfigKeys (ConfUtils.java:logGet(44)) - raft.server.watch.timeout = 3000ms (custom)
2020-10-09 12:54:07,379 [grpc-default-executor-6] INFO  segmented.SegmentedRaftLogWorker (SegmentedRaftLogWorker.java:startLogSegment(397)) - ba372c3f-ca6e-4b22-85c8-8c60b51fa7c9@group-9EDE46CD1470-SegmentedRaftLogWorker: Starting segment from index:0
2020-10-09 12:54:07,379 [ba372c3f-ca6e-4b22-85c8-8c60b51fa7c9@group-9EA8B26BFA56-LeaderElection42] INFO  server.RaftServerConfigKeys (ConfUtils.java:logGet(44)) - raft.server.watch.timeout.denomination = 1s (default)
2020-10-09 12:54:07,379 [ba372c3f-ca6e-4b22-85c8-8c60b51fa7c9@group-9EA8B26BFA56-LeaderElection42] INFO  server.RaftServerConfigKeys (ConfUtils.java:logGet(44)) - raft.server.watch.element-limit = 65536 (default)
2020-10-09 12:54:07,379 [ba372c3f-ca6e-4b22-85c8-8c60b51fa7c9@group-9EA8B26BFA56-LeaderElection42] INFO  impl.RoleInfo (RoleInfo.java:updateAndGet(143)) - ba372c3f-ca6e-4b22-85c8-8c60b51fa7c9: start LeaderState
2020-10-09 12:54:07,381 [ba372c3f-ca6e-4b22-85c8-8c60b51fa7c9@group-9EA8B26BFA56-LeaderElection42] INFO  segmented.SegmentedRaftLogWorker (SegmentedRaftLogWorker.java:startLogSegment(397)) - ba372c3f-ca6e-4b22-85c8-8c60b51fa7c9@group-9EA8B26BFA56-SegmentedRaftLogWorker: Starting segment from index:0
2020-10-09 12:54:07,381 [ba372c3f-ca6e-4b22-85c8-8c60b51fa7c9@group-9EDE46CD1470-SegmentedRaftLogWorker] INFO  segmented.SegmentedRaftLogWorker (SegmentedRaftLogWorker.java:execute(596)) - ba372c3f-ca6e-4b22-85c8-8c60b51fa7c9@group-9EDE46CD1470-SegmentedRaftLogWorker: created new log segment /github/workspace/mnt/ozone/hadoop-ozone/integration-test/target/test-dir/MiniOzoneClusterImpl-691c6000-d337-4848-84ec-e56c11f2c172/datanode-4/data/ratis/bf62a005-c6ba-4874-874d-9ede46cd1470/current/log_inprogress_0
2020-10-09 12:54:07,381 [b183437e-7ee0-4740-aae6-e25f1cff2701@group-9EDE46CD1470-SegmentedRaftLogWorker] INFO  segmented.SegmentedRaftLogWorker (SegmentedRaftLogWorker.java:execute(596)) - b183437e-7ee0-4740-aae6-e25f1cff2701@group-9EDE46CD1470-SegmentedRaftLogWorker: created new log segment /github/workspace/mnt/ozone/hadoop-ozone/integration-test/target/test-dir/MiniOzoneClusterImpl-691c6000-d337-4848-84ec-e56c11f2c172/datanode-5/data/ratis/bf62a005-c6ba-4874-874d-9ede46cd1470/current/log_inprogress_0
2020-10-09 12:54:07,384 [ba372c3f-ca6e-4b22-85c8-8c60b51fa7c9@group-9EA8B26BFA56-SegmentedRaftLogWorker] INFO  segmented.SegmentedRaftLogWorker (SegmentedRaftLogWorker.java:execute(596)) - ba372c3f-ca6e-4b22-85c8-8c60b51fa7c9@group-9EA8B26BFA56-SegmentedRaftLogWorker: created new log segment /github/workspace/mnt/ozone/hadoop-ozone/integration-test/target/test-dir/MiniOzoneClusterImpl-691c6000-d337-4848-84ec-e56c11f2c172/datanode-4/data/ratis/408b4e01-2824-46b7-8490-9ea8b26bfa56/current/log_inprogress_0
2020-10-09 12:54:07,391 [ba372c3f-ca6e-4b22-85c8-8c60b51fa7c9@group-9EA8B26BFA56-LeaderElection42] INFO  impl.RaftServerImpl (ServerState.java:setRaftConf(374)) - ba372c3f-ca6e-4b22-85c8-8c60b51fa7c9@group-9EA8B26BFA56: set configuration 0: [ba372c3f-ca6e-4b22-85c8-8c60b51fa7c9:172.17.0.2:42215:0], old=null at 0
2020-10-09 12:54:07,452 [Thread-1313] INFO  impl.FollowerState (FollowerState.java:run(108)) - b183437e-7ee0-4740-aae6-e25f1cff2701@group-C50BB4951F22-FollowerState: change to CANDIDATE, lastRpcTime:5018ms, electionTimeout:5017ms
2020-10-09 12:54:07,452 [Thread-1313] INFO  impl.RoleInfo (RoleInfo.java:shutdownFollowerState(121)) - b183437e-7ee0-4740-aae6-e25f1cff2701: shutdown FollowerState
2020-10-09 12:54:07,452 [Thread-1313] INFO  impl.RaftServerImpl (RaftServerImpl.java:setRole(198)) - b183437e-7ee0-4740-aae6-e25f1cff2701@group-C50BB4951F22: changes role from  FOLLOWER to CANDIDATE at term 0 for changeToCandidate
2020-10-09 12:54:07,452 [Thread-1313] INFO  impl.RoleInfo (RoleInfo.java:updateAndGet(143)) - b183437e-7ee0-4740-aae6-e25f1cff2701: start LeaderElection
2020-10-09 12:54:07,460 [b183437e-7ee0-4740-aae6-e25f1cff2701@group-C50BB4951F22-LeaderElection43] INFO  impl.LeaderElection (LeaderElection.java:askForVotes(210)) - b183437e-7ee0-4740-aae6-e25f1cff2701@group-C50BB4951F22-LeaderElection43: begin an election at term 1 for -1: [b183437e-7ee0-4740-aae6-e25f1cff2701:172.17.0.2:37195:0], old=null
2020-10-09 12:54:07,460 [b183437e-7ee0-4740-aae6-e25f1cff2701@group-C50BB4951F22-LeaderElection43] INFO  impl.RoleInfo (RoleInfo.java:shutdownLeaderElection(134)) - b183437e-7ee0-4740-aae6-e25f1cff2701: shutdown LeaderElection
2020-10-09 12:54:07,460 [b183437e-7ee0-4740-aae6-e25f1cff2701@group-C50BB4951F22-LeaderElection43] INFO  impl.RaftServerImpl (RaftServerImpl.java:setRole(198)) - b183437e-7ee0-4740-aae6-e25f1cff2701@group-C50BB4951F22: changes role from CANDIDATE to LEADER at term 1 for changeToLeader
2020-10-09 12:54:07,460 [b183437e-7ee0-4740-aae6-e25f1cff2701@group-C50BB4951F22-LeaderElection43] INFO  ratis.XceiverServerRatis (XceiverServerRatis.java:handleLeaderChangedNotification(822)) - Leader change notification received for group: group-C50BB4951F22 with new leaderId: b183437e-7ee0-4740-aae6-e25f1cff2701
2020-10-09 12:54:07,460 [b183437e-7ee0-4740-aae6-e25f1cff2701@group-C50BB4951F22-LeaderElection43] INFO  impl.RaftServerImpl (ServerState.java:setLeader(256)) - b183437e-7ee0-4740-aae6-e25f1cff2701@group-C50BB4951F22: change Leader from null to b183437e-7ee0-4740-aae6-e25f1cff2701 at term 1 for becomeLeader, leader elected after 5040ms
2020-10-09 12:54:07,461 [b183437e-7ee0-4740-aae6-e25f1cff2701@group-C50BB4951F22-LeaderElection43] INFO  server.RaftServerConfigKeys (ConfUtils.java:logGet(44)) - raft.server.staging.catchup.gap = 1000 (default)
2020-10-09 12:54:07,461 [b183437e-7ee0-4740-aae6-e25f1cff2701@group-C50BB4951F22-LeaderElection43] INFO  server.RaftServerConfigKeys (ConfUtils.java:logGet(44)) - raft.server.rpc.sleep.time = 25ms (default)
2020-10-09 12:54:07,461 [b183437e-7ee0-4740-aae6-e25f1cff2701@group-C50BB4951F22-LeaderElection43] INFO  metrics.RatisMetrics (RatisMetrics.java:lambda$create$0(36)) - Creating Metrics Registry : ratis.log_appender.b183437e-7ee0-4740-aae6-e25f1cff2701@group-C50BB4951F22
2020-10-09 12:54:07,462 [b183437e-7ee0-4740-aae6-e25f1cff2701@group-C50BB4951F22-LeaderElection43] INFO  server.RaftServerConfigKeys (ConfUtils.java:logGet(44)) - raft.server.write.element-limit = 1024 (custom)
2020-10-09 12:54:07,462 [b183437e-7ee0-4740-aae6-e25f1cff2701@group-C50BB4951F22-LeaderElection43] INFO  server.RaftServerConfigKeys (ConfUtils.java:logGet(44)) - raft.server.write.byte-limit = 1073741824 (custom)
2020-10-09 12:54:07,462 [b183437e-7ee0-4740-aae6-e25f1cff2701@group-C50BB4951F22-LeaderElection43] INFO  server.RaftServerConfigKeys (ConfUtils.java:logGet(44)) - raft.server.watch.timeout = 3000ms (custom)
2020-10-09 12:54:07,462 [b183437e-7ee0-4740-aae6-e25f1cff2701@group-C50BB4951F22-LeaderElection43] INFO  server.RaftServerConfigKeys (ConfUtils.java:logGet(44)) - raft.server.watch.timeout.denomination = 1s (default)
2020-10-09 12:54:07,462 [b183437e-7ee0-4740-aae6-e25f1cff2701@group-C50BB4951F22-LeaderElection43] INFO  server.RaftServerConfigKeys (ConfUtils.java:logGet(44)) - raft.server.watch.element-limit = 65536 (default)
2020-10-09 12:54:07,462 [b183437e-7ee0-4740-aae6-e25f1cff2701@group-C50BB4951F22-LeaderElection43] INFO  impl.RoleInfo (RoleInfo.java:updateAndGet(143)) - b183437e-7ee0-4740-aae6-e25f1cff2701: start LeaderState
2020-10-09 12:54:07,463 [b183437e-7ee0-4740-aae6-e25f1cff2701@group-C50BB4951F22-LeaderElection43] INFO  segmented.SegmentedRaftLogWorker (SegmentedRaftLogWorker.java:startLogSegment(397)) - b183437e-7ee0-4740-aae6-e25f1cff2701@group-C50BB4951F22-SegmentedRaftLogWorker: Starting segment from index:0
2020-10-09 12:54:07,463 [b183437e-7ee0-4740-aae6-e25f1cff2701@group-C50BB4951F22-LeaderElection43] INFO  impl.RaftServerImpl (ServerState.java:setRaftConf(374)) - b183437e-7ee0-4740-aae6-e25f1cff2701@group-C50BB4951F22: set configuration 0: [b183437e-7ee0-4740-aae6-e25f1cff2701:172.17.0.2:37195:0], old=null at 0
2020-10-09 12:54:07,464 [b183437e-7ee0-4740-aae6-e25f1cff2701@group-C50BB4951F22-SegmentedRaftLogWorker] INFO  segmented.SegmentedRaftLogWorker (SegmentedRaftLogWorker.java:execute(596)) - b183437e-7ee0-4740-aae6-e25f1cff2701@group-C50BB4951F22-SegmentedRaftLogWorker: created new log segment /github/workspace/mnt/ozone/hadoop-ozone/integration-test/target/test-dir/MiniOzoneClusterImpl-691c6000-d337-4848-84ec-e56c11f2c172/datanode-5/data/ratis/aff41a98-141f-4c09-9f13-c50bb4951f22/current/log_inprogress_0
2020-10-09 12:54:07,644 [Thread-1315] INFO  impl.FollowerState (FollowerState.java:run(108)) - 146dba11-3af2-48c9-b098-f83fb2b86474@group-BF791502C95A-FollowerState: change to CANDIDATE, lastRpcTime:5013ms, electionTimeout:5012ms
2020-10-09 12:54:07,644 [Thread-1315] INFO  impl.RoleInfo (RoleInfo.java:shutdownFollowerState(121)) - 146dba11-3af2-48c9-b098-f83fb2b86474: shutdown FollowerState
2020-10-09 12:54:07,644 [Thread-1315] INFO  impl.RaftServerImpl (RaftServerImpl.java:setRole(198)) - 146dba11-3af2-48c9-b098-f83fb2b86474@group-BF791502C95A: changes role from  FOLLOWER to CANDIDATE at term 0 for changeToCandidate
2020-10-09 12:54:07,644 [Thread-1315] INFO  impl.RoleInfo (RoleInfo.java:updateAndGet(143)) - 146dba11-3af2-48c9-b098-f83fb2b86474: start LeaderElection
2020-10-09 12:54:07,652 [146dba11-3af2-48c9-b098-f83fb2b86474@group-BF791502C95A-LeaderElection44] INFO  impl.LeaderElection (LeaderElection.java:askForVotes(210)) - 146dba11-3af2-48c9-b098-f83fb2b86474@group-BF791502C95A-LeaderElection44: begin an election at term 1 for -1: [146dba11-3af2-48c9-b098-f83fb2b86474:172.17.0.2:39109:0], old=null
2020-10-09 12:54:07,652 [146dba11-3af2-48c9-b098-f83fb2b86474@group-BF791502C95A-LeaderElection44] INFO  impl.RoleInfo (RoleInfo.java:shutdownLeaderElection(134)) - 146dba11-3af2-48c9-b098-f83fb2b86474: shutdown LeaderElection
2020-10-09 12:54:07,652 [146dba11-3af2-48c9-b098-f83fb2b86474@group-BF791502C95A-LeaderElection44] INFO  impl.RaftServerImpl (RaftServerImpl.java:setRole(198)) - 146dba11-3af2-48c9-b098-f83fb2b86474@group-BF791502C95A: changes role from CANDIDATE to LEADER at term 1 for changeToLeader
2020-10-09 12:54:07,652 [146dba11-3af2-48c9-b098-f83fb2b86474@group-BF791502C95A-LeaderElection44] INFO  ratis.XceiverServerRatis (XceiverServerRatis.java:handleLeaderChangedNotification(822)) - Leader change notification received for group: group-BF791502C95A with new leaderId: 146dba11-3af2-48c9-b098-f83fb2b86474
2020-10-09 12:54:07,652 [146dba11-3af2-48c9-b098-f83fb2b86474@group-BF791502C95A-LeaderElection44] INFO  impl.RaftServerImpl (ServerState.java:setLeader(256)) - 146dba11-3af2-48c9-b098-f83fb2b86474@group-BF791502C95A: change Leader from null to 146dba11-3af2-48c9-b098-f83fb2b86474 at term 1 for becomeLeader, leader elected after 5030ms
2020-10-09 12:54:07,654 [146dba11-3af2-48c9-b098-f83fb2b86474@group-BF791502C95A-LeaderElection44] INFO  server.RaftServerConfigKeys (ConfUtils.java:logGet(44)) - raft.server.staging.catchup.gap = 1000 (default)
2020-10-09 12:54:07,654 [146dba11-3af2-48c9-b098-f83fb2b86474@group-BF791502C95A-LeaderElection44] INFO  server.RaftServerConfigKeys (ConfUtils.java:logGet(44)) - raft.server.rpc.sleep.time = 25ms (default)
2020-10-09 12:54:07,654 [146dba11-3af2-48c9-b098-f83fb2b86474@group-BF791502C95A-LeaderElection44] INFO  metrics.RatisMetrics (RatisMetrics.java:lambda$create$0(36)) - Creating Metrics Registry : ratis.log_appender.146dba11-3af2-48c9-b098-f83fb2b86474@group-BF791502C95A
2020-10-09 12:54:07,654 [146dba11-3af2-48c9-b098-f83fb2b86474@group-BF791502C95A-LeaderElection44] INFO  server.RaftServerConfigKeys (ConfUtils.java:logGet(44)) - raft.server.write.element-limit = 1024 (custom)
2020-10-09 12:54:07,654 [146dba11-3af2-48c9-b098-f83fb2b86474@group-BF791502C95A-LeaderElection44] INFO  server.RaftServerConfigKeys (ConfUtils.java:logGet(44)) - raft.server.write.byte-limit = 1073741824 (custom)
2020-10-09 12:54:07,655 [146dba11-3af2-48c9-b098-f83fb2b86474@group-BF791502C95A-LeaderElection44] INFO  server.RaftServerConfigKeys (ConfUtils.java:logGet(44)) - raft.server.watch.timeout = 3000ms (custom)
2020-10-09 12:54:07,655 [146dba11-3af2-48c9-b098-f83fb2b86474@group-BF791502C95A-LeaderElection44] INFO  server.RaftServerConfigKeys (ConfUtils.java:logGet(44)) - raft.server.watch.timeout.denomination = 1s (default)
2020-10-09 12:54:07,656 [146dba11-3af2-48c9-b098-f83fb2b86474@group-BF791502C95A-LeaderElection44] INFO  server.RaftServerConfigKeys (ConfUtils.java:logGet(44)) - raft.server.watch.element-limit = 65536 (default)
2020-10-09 12:54:07,656 [146dba11-3af2-48c9-b098-f83fb2b86474@group-BF791502C95A-LeaderElection44] INFO  impl.RoleInfo (RoleInfo.java:updateAndGet(143)) - 146dba11-3af2-48c9-b098-f83fb2b86474: start LeaderState
2020-10-09 12:54:07,656 [146dba11-3af2-48c9-b098-f83fb2b86474@group-BF791502C95A-LeaderElection44] INFO  segmented.SegmentedRaftLogWorker (SegmentedRaftLogWorker.java:startLogSegment(397)) - 146dba11-3af2-48c9-b098-f83fb2b86474@group-BF791502C95A-SegmentedRaftLogWorker: Starting segment from index:0
2020-10-09 12:54:07,657 [146dba11-3af2-48c9-b098-f83fb2b86474@group-BF791502C95A-SegmentedRaftLogWorker] INFO  segmented.SegmentedRaftLogWorker (SegmentedRaftLogWorker.java:execute(596)) - 146dba11-3af2-48c9-b098-f83fb2b86474@group-BF791502C95A-SegmentedRaftLogWorker: created new log segment /github/workspace/mnt/ozone/hadoop-ozone/integration-test/target/test-dir/MiniOzoneClusterImpl-691c6000-d337-4848-84ec-e56c11f2c172/datanode-6/data/ratis/a55c21cd-f191-49a5-bf07-bf791502c95a/current/log_inprogress_0
2020-10-09 12:54:07,663 [146dba11-3af2-48c9-b098-f83fb2b86474@group-BF791502C95A-LeaderElection44] INFO  impl.RaftServerImpl (ServerState.java:setRaftConf(374)) - 146dba11-3af2-48c9-b098-f83fb2b86474@group-BF791502C95A: set configuration 0: [146dba11-3af2-48c9-b098-f83fb2b86474:172.17.0.2:39109:0], old=null at 0
2020-10-09 12:54:07,707 [Thread-1317] INFO  impl.FollowerState (FollowerState.java:run(108)) - 146dba11-3af2-48c9-b098-f83fb2b86474@group-F2540E47816F-FollowerState: change to CANDIDATE, lastRpcTime:5061ms, electionTimeout:5061ms
2020-10-09 12:54:07,707 [Thread-1317] INFO  impl.RoleInfo (RoleInfo.java:shutdownFollowerState(121)) - 146dba11-3af2-48c9-b098-f83fb2b86474: shutdown FollowerState
2020-10-09 12:54:07,707 [Thread-1317] INFO  impl.RaftServerImpl (RaftServerImpl.java:setRole(198)) - 146dba11-3af2-48c9-b098-f83fb2b86474@group-F2540E47816F: changes role from  FOLLOWER to CANDIDATE at term 0 for changeToCandidate
2020-10-09 12:54:07,707 [Thread-1317] INFO  impl.RoleInfo (RoleInfo.java:updateAndGet(143)) - 146dba11-3af2-48c9-b098-f83fb2b86474: start LeaderElection
2020-10-09 12:54:07,710 [146dba11-3af2-48c9-b098-f83fb2b86474@group-F2540E47816F-LeaderElection45] INFO  impl.LeaderElection (LeaderElection.java:askForVotes(210)) - 146dba11-3af2-48c9-b098-f83fb2b86474@group-F2540E47816F-LeaderElection45: begin an election at term 1 for -1: [146dba11-3af2-48c9-b098-f83fb2b86474:172.17.0.2:39109:0, 2d5c9c0a-908d-48fd-9559-afc140b75ed5:172.17.0.2:34891:0, e60f7882-dbbd-427b-9f02-c7597dd940f1:172.17.0.2:46159:0], old=null
2020-10-09 12:54:07,725 [grpc-default-executor-2] INFO  impl.RaftServerImpl (RaftServerImpl.java:setRole(198)) - 2d5c9c0a-908d-48fd-9559-afc140b75ed5@group-F2540E47816F: changes role from  FOLLOWER to FOLLOWER at term 1 for recognizeCandidate:146dba11-3af2-48c9-b098-f83fb2b86474
2020-10-09 12:54:07,725 [grpc-default-executor-2] INFO  impl.RoleInfo (RoleInfo.java:shutdownFollowerState(121)) - 2d5c9c0a-908d-48fd-9559-afc140b75ed5: shutdown FollowerState
2020-10-09 12:54:07,726 [Thread-1322] INFO  impl.FollowerState (FollowerState.java:run(117)) - 2d5c9c0a-908d-48fd-9559-afc140b75ed5@group-F2540E47816F-FollowerState was interrupted: java.lang.InterruptedException: sleep interrupted
2020-10-09 12:54:07,727 [grpc-default-executor-2] INFO  impl.RoleInfo (RoleInfo.java:updateAndGet(143)) - 2d5c9c0a-908d-48fd-9559-afc140b75ed5: start FollowerState
2020-10-09 12:54:07,727 [grpc-default-executor-2] INFO  impl.RaftServerImpl (RaftServerImpl.java:requestVote(923)) -  FOLLOWER 2d5c9c0a-908d-48fd-9559-afc140b75ed5@group-F2540E47816F:t1, leader=null, voted=null, raftlog=2d5c9c0a-908d-48fd-9559-afc140b75ed5@group-F2540E47816F-SegmentedRaftLog:OPENED:c-1,f-1,i0, conf=-1: [146dba11-3af2-48c9-b098-f83fb2b86474:172.17.0.2:39109:0, 2d5c9c0a-908d-48fd-9559-afc140b75ed5:172.17.0.2:34891:0, e60f7882-dbbd-427b-9f02-c7597dd940f1:172.17.0.2:46159:0], old=null RUNNING priority:0 candidate:146dba11-3af2-48c9-b098-f83fb2b86474:172.17.0.2:39109:0 candidatePriority:0 compare:0
2020-10-09 12:54:07,730 [grpc-default-executor-6] INFO  impl.RaftServerImpl (RaftServerImpl.java:setRole(198)) - e60f7882-dbbd-427b-9f02-c7597dd940f1@group-F2540E47816F: changes role from  FOLLOWER to FOLLOWER at term 1 for recognizeCandidate:146dba11-3af2-48c9-b098-f83fb2b86474
2020-10-09 12:54:07,730 [grpc-default-executor-6] INFO  impl.RoleInfo (RoleInfo.java:shutdownFollowerState(121)) - e60f7882-dbbd-427b-9f02-c7597dd940f1: shutdown FollowerState
2020-10-09 12:54:07,730 [grpc-default-executor-6] INFO  impl.RoleInfo (RoleInfo.java:updateAndGet(143)) - e60f7882-dbbd-427b-9f02-c7597dd940f1: start FollowerState
2020-10-09 12:54:07,730 [Thread-1319] INFO  impl.FollowerState (FollowerState.java:run(117)) - e60f7882-dbbd-427b-9f02-c7597dd940f1@group-F2540E47816F-FollowerState was interrupted: java.lang.InterruptedException: sleep interrupted
2020-10-09 12:54:07,730 [grpc-default-executor-6] INFO  impl.RaftServerImpl (RaftServerImpl.java:requestVote(923)) -  FOLLOWER e60f7882-dbbd-427b-9f02-c7597dd940f1@group-F2540E47816F:t1, leader=null, voted=null, raftlog=e60f7882-dbbd-427b-9f02-c7597dd940f1@group-F2540E47816F-SegmentedRaftLog:OPENED:c-1,f-1,i0, conf=-1: [146dba11-3af2-48c9-b098-f83fb2b86474:172.17.0.2:39109:0, 2d5c9c0a-908d-48fd-9559-afc140b75ed5:172.17.0.2:34891:0, e60f7882-dbbd-427b-9f02-c7597dd940f1:172.17.0.2:46159:0], old=null RUNNING priority:0 candidate:146dba11-3af2-48c9-b098-f83fb2b86474:172.17.0.2:39109:0 candidatePriority:0 compare:0
2020-10-09 12:54:07,734 [146dba11-3af2-48c9-b098-f83fb2b86474@group-F2540E47816F-LeaderElection45] INFO  impl.LeaderElection (LeaderElection.java:logAndReturn(62)) - 146dba11-3af2-48c9-b098-f83fb2b86474@group-F2540E47816F-LeaderElection45: Election PASSED; received 1 response(s) [146dba11-3af2-48c9-b098-f83fb2b86474<-e60f7882-dbbd-427b-9f02-c7597dd940f1#0:OK-t1] and 0 exception(s); 146dba11-3af2-48c9-b098-f83fb2b86474@group-F2540E47816F:t1, leader=null, voted=146dba11-3af2-48c9-b098-f83fb2b86474, raftlog=146dba11-3af2-48c9-b098-f83fb2b86474@group-F2540E47816F-SegmentedRaftLog:OPENED:c-1,f-1,i0, conf=-1: [146dba11-3af2-48c9-b098-f83fb2b86474:172.17.0.2:39109:0, 2d5c9c0a-908d-48fd-9559-afc140b75ed5:172.17.0.2:34891:0, e60f7882-dbbd-427b-9f02-c7597dd940f1:172.17.0.2:46159:0], old=null
2020-10-09 12:54:07,735 [146dba11-3af2-48c9-b098-f83fb2b86474@group-F2540E47816F-LeaderElection45] INFO  impl.RoleInfo (RoleInfo.java:shutdownLeaderElection(134)) - 146dba11-3af2-48c9-b098-f83fb2b86474: shutdown LeaderElection
2020-10-09 12:54:07,735 [146dba11-3af2-48c9-b098-f83fb2b86474@group-F2540E47816F-LeaderElection45] INFO  impl.RaftServerImpl (RaftServerImpl.java:setRole(198)) - 146dba11-3af2-48c9-b098-f83fb2b86474@group-F2540E47816F: changes role from CANDIDATE to LEADER at term 1 for changeToLeader
2020-10-09 12:54:07,735 [146dba11-3af2-48c9-b098-f83fb2b86474@group-F2540E47816F-LeaderElection45] INFO  ratis.XceiverServerRatis (XceiverServerRatis.java:handleLeaderChangedNotification(822)) - Leader change notification received for group: group-F2540E47816F with new leaderId: 146dba11-3af2-48c9-b098-f83fb2b86474
2020-10-09 12:54:07,735 [146dba11-3af2-48c9-b098-f83fb2b86474@group-F2540E47816F-LeaderElection45] INFO  impl.RaftServerImpl (ServerState.java:setLeader(256)) - 146dba11-3af2-48c9-b098-f83fb2b86474@group-F2540E47816F: change Leader from null to 146dba11-3af2-48c9-b098-f83fb2b86474 at term 1 for becomeLeader, leader elected after 5098ms
2020-10-09 12:54:07,735 [146dba11-3af2-48c9-b098-f83fb2b86474@group-F2540E47816F-LeaderElection45] INFO  server.RaftServerConfigKeys (ConfUtils.java:logGet(44)) - raft.server.staging.catchup.gap = 1000 (default)
2020-10-09 12:54:07,735 [146dba11-3af2-48c9-b098-f83fb2b86474@group-F2540E47816F-LeaderElection45] INFO  server.RaftServerConfigKeys (ConfUtils.java:logGet(44)) - raft.server.rpc.sleep.time = 25ms (default)
2020-10-09 12:54:07,735 [146dba11-3af2-48c9-b098-f83fb2b86474@group-F2540E47816F-LeaderElection45] INFO  metrics.RatisMetrics (RatisMetrics.java:lambda$create$0(36)) - Creating Metrics Registry : ratis.log_appender.146dba11-3af2-48c9-b098-f83fb2b86474@group-F2540E47816F
2020-10-09 12:54:07,735 [146dba11-3af2-48c9-b098-f83fb2b86474@group-F2540E47816F-LeaderElection45] INFO  server.RaftServerConfigKeys (ConfUtils.java:logGet(44)) - raft.server.write.element-limit = 1024 (custom)
2020-10-09 12:54:07,735 [146dba11-3af2-48c9-b098-f83fb2b86474@group-F2540E47816F-LeaderElection45] INFO  server.RaftServerConfigKeys (ConfUtils.java:logGet(44)) - raft.server.write.byte-limit = 1073741824 (custom)
2020-10-09 12:54:07,736 [146dba11-3af2-48c9-b098-f83fb2b86474@group-F2540E47816F-LeaderElection45] INFO  server.RaftServerConfigKeys (ConfUtils.java:logGet(44)) - raft.server.watch.timeout = 3000ms (custom)
2020-10-09 12:54:07,736 [146dba11-3af2-48c9-b098-f83fb2b86474@group-F2540E47816F-LeaderElection45] INFO  server.RaftServerConfigKeys (ConfUtils.java:logGet(44)) - raft.server.watch.timeout.denomination = 1s (default)
2020-10-09 12:54:07,736 [146dba11-3af2-48c9-b098-f83fb2b86474@group-F2540E47816F-LeaderElection45] INFO  server.RaftServerConfigKeys (ConfUtils.java:logGet(44)) - raft.server.watch.element-limit = 65536 (default)
2020-10-09 12:54:07,736 [146dba11-3af2-48c9-b098-f83fb2b86474@group-F2540E47816F-LeaderElection45] INFO  server.RaftServerConfigKeys (ConfUtils.java:logGet(44)) - raft.server.log.appender.snapshot.chunk.size.max = 16MB (=16777216) (default)
2020-10-09 12:54:07,736 [146dba11-3af2-48c9-b098-f83fb2b86474@group-F2540E47816F-LeaderElection45] INFO  server.RaftServerConfigKeys (ConfUtils.java:logGet(44)) - raft.server.log.appender.buffer.byte-limit = 33554432 (custom)
2020-10-09 12:54:07,736 [146dba11-3af2-48c9-b098-f83fb2b86474@group-F2540E47816F-LeaderElection45] INFO  server.RaftServerConfigKeys (ConfUtils.java:logGet(44)) - raft.server.log.appender.buffer.element-limit = 1 (custom)
2020-10-09 12:54:07,736 [146dba11-3af2-48c9-b098-f83fb2b86474@group-F2540E47816F-LeaderElection45] INFO  grpc.GrpcConfigKeys (ConfUtils.java:logGet(44)) - raft.grpc.server.leader.outstanding.appends.max = 128 (default)
2020-10-09 12:54:07,736 [146dba11-3af2-48c9-b098-f83fb2b86474@group-F2540E47816F-LeaderElection45] INFO  server.RaftServerConfigKeys (ConfUtils.java:logGet(44)) - raft.server.rpc.request.timeout = 3000ms (default)
2020-10-09 12:54:07,737 [146dba11-3af2-48c9-b098-f83fb2b86474@group-F2540E47816F-LeaderElection45] INFO  server.RaftServerConfigKeys (ConfUtils.java:logGet(44)) - raft.server.log.appender.install.snapshot.enabled = false (custom)
2020-10-09 12:54:07,737 [146dba11-3af2-48c9-b098-f83fb2b86474@group-F2540E47816F-LeaderElection45] INFO  metrics.RatisMetrics (RatisMetrics.java:lambda$create$0(36)) - Creating Metrics Registry : ratis_grpc.log_appender.146dba11-3af2-48c9-b098-f83fb2b86474@group-F2540E47816F
2020-10-09 12:54:07,739 [146dba11-3af2-48c9-b098-f83fb2b86474@group-F2540E47816F-LeaderElection45] INFO  server.RaftServerConfigKeys (ConfUtils.java:logGet(44)) - raft.server.log.appender.snapshot.chunk.size.max = 16MB (=16777216) (default)
2020-10-09 12:54:07,739 [146dba11-3af2-48c9-b098-f83fb2b86474@group-F2540E47816F-LeaderElection45] INFO  server.RaftServerConfigKeys (ConfUtils.java:logGet(44)) - raft.server.log.appender.buffer.byte-limit = 33554432 (custom)
2020-10-09 12:54:07,739 [146dba11-3af2-48c9-b098-f83fb2b86474@group-F2540E47816F-LeaderElection45] INFO  server.RaftServerConfigKeys (ConfUtils.java:logGet(44)) - raft.server.log.appender.buffer.element-limit = 1 (custom)
2020-10-09 12:54:07,739 [146dba11-3af2-48c9-b098-f83fb2b86474@group-F2540E47816F-LeaderElection45] INFO  grpc.GrpcConfigKeys (ConfUtils.java:logGet(44)) - raft.grpc.server.leader.outstanding.appends.max = 128 (default)
2020-10-09 12:54:07,739 [146dba11-3af2-48c9-b098-f83fb2b86474@group-F2540E47816F-LeaderElection45] INFO  server.RaftServerConfigKeys (ConfUtils.java:logGet(44)) - raft.server.rpc.request.timeout = 3000ms (default)
2020-10-09 12:54:07,739 [146dba11-3af2-48c9-b098-f83fb2b86474@group-F2540E47816F-LeaderElection45] INFO  server.RaftServerConfigKeys (ConfUtils.java:logGet(44)) - raft.server.log.appender.install.snapshot.enabled = false (custom)
2020-10-09 12:54:07,741 [146dba11-3af2-48c9-b098-f83fb2b86474@group-F2540E47816F-LeaderElection45] INFO  impl.RoleInfo (RoleInfo.java:updateAndGet(143)) - 146dba11-3af2-48c9-b098-f83fb2b86474: start LeaderState
2020-10-09 12:54:07,741 [EventQueue-PipelineReportForPipelineReportHandler] INFO  pipeline.PipelineStateManager (PipelineStateManager.java:openPipeline(131)) - Pipeline Pipeline[ Id: de67e3f1-d5e0-4b31-aba7-f2540e47816f, Nodes: e60f7882-dbbd-427b-9f02-c7597dd940f1{ip: 172.17.0.2, host: 44394113892a, networkLocation: /default-rack, certSerialId: null}146dba11-3af2-48c9-b098-f83fb2b86474{ip: 172.17.0.2, host: 44394113892a, networkLocation: /default-rack, certSerialId: null}2d5c9c0a-908d-48fd-9559-afc140b75ed5{ip: 172.17.0.2, host: 44394113892a, networkLocation: /default-rack, certSerialId: null}, Type:RATIS, Factor:THREE, State:ALLOCATED, leaderId:146dba11-3af2-48c9-b098-f83fb2b86474, CreationTimestamp2020-10-09T12:53:59.969Z] moved to OPEN state
2020-10-09 12:54:07,745 [146dba11-3af2-48c9-b098-f83fb2b86474@group-F2540E47816F-LeaderElection45] INFO  segmented.SegmentedRaftLogWorker (SegmentedRaftLogWorker.java:startLogSegment(397)) - 146dba11-3af2-48c9-b098-f83fb2b86474@group-F2540E47816F-SegmentedRaftLogWorker: Starting segment from index:0
2020-10-09 12:54:07,746 [146dba11-3af2-48c9-b098-f83fb2b86474@group-F2540E47816F-LeaderElection45] INFO  impl.RaftServerImpl (ServerState.java:setRaftConf(374)) - 146dba11-3af2-48c9-b098-f83fb2b86474@group-F2540E47816F: set configuration 0: [146dba11-3af2-48c9-b098-f83fb2b86474:172.17.0.2:39109:0, 2d5c9c0a-908d-48fd-9559-afc140b75ed5:172.17.0.2:34891:0, e60f7882-dbbd-427b-9f02-c7597dd940f1:172.17.0.2:46159:0], old=null at 0
2020-10-09 12:54:07,747 [146dba11-3af2-48c9-b098-f83fb2b86474@group-F2540E47816F-SegmentedRaftLogWorker] INFO  segmented.SegmentedRaftLogWorker (SegmentedRaftLogWorker.java:execute(596)) - 146dba11-3af2-48c9-b098-f83fb2b86474@group-F2540E47816F-SegmentedRaftLogWorker: created new log segment /github/workspace/mnt/ozone/hadoop-ozone/integration-test/target/test-dir/MiniOzoneClusterImpl-691c6000-d337-4848-84ec-e56c11f2c172/datanode-6/data/ratis/de67e3f1-d5e0-4b31-aba7-f2540e47816f/current/log_inprogress_0
2020-10-09 12:54:07,758 [grpc-default-executor-2] INFO  ratis.XceiverServerRatis (XceiverServerRatis.java:handleLeaderChangedNotification(822)) - Leader change notification received for group: group-F2540E47816F with new leaderId: 146dba11-3af2-48c9-b098-f83fb2b86474
2020-10-09 12:54:07,759 [grpc-default-executor-2] INFO  impl.RaftServerImpl (ServerState.java:setLeader(256)) - e60f7882-dbbd-427b-9f02-c7597dd940f1@group-F2540E47816F: change Leader from null to 146dba11-3af2-48c9-b098-f83fb2b86474 at term 1 for appendEntries, leader elected after 5097ms
2020-10-09 12:54:07,758 [grpc-default-executor-6] INFO  ratis.XceiverServerRatis (XceiverServerRatis.java:handleLeaderChangedNotification(822)) - Leader change notification received for group: group-F2540E47816F with new leaderId: 146dba11-3af2-48c9-b098-f83fb2b86474
2020-10-09 12:54:07,759 [grpc-default-executor-6] INFO  impl.RaftServerImpl (ServerState.java:setLeader(256)) - 2d5c9c0a-908d-48fd-9559-afc140b75ed5@group-F2540E47816F: change Leader from null to 146dba11-3af2-48c9-b098-f83fb2b86474 at term 1 for appendEntries, leader elected after 5067ms
2020-10-09 12:54:07,760 [grpc-default-executor-2] INFO  impl.RaftServerImpl (ServerState.java:setRaftConf(374)) - e60f7882-dbbd-427b-9f02-c7597dd940f1@group-F2540E47816F: set configuration 0: [146dba11-3af2-48c9-b098-f83fb2b86474:172.17.0.2:39109:0, 2d5c9c0a-908d-48fd-9559-afc140b75ed5:172.17.0.2:34891:0, e60f7882-dbbd-427b-9f02-c7597dd940f1:172.17.0.2:46159:0], old=null at 0
2020-10-09 12:54:07,760 [grpc-default-executor-2] INFO  segmented.SegmentedRaftLogWorker (SegmentedRaftLogWorker.java:startLogSegment(397)) - e60f7882-dbbd-427b-9f02-c7597dd940f1@group-F2540E47816F-SegmentedRaftLogWorker: Starting segment from index:0
2020-10-09 12:54:07,768 [grpc-default-executor-2] INFO  impl.RaftServerImpl (ServerState.java:setRaftConf(374)) - 2d5c9c0a-908d-48fd-9559-afc140b75ed5@group-F2540E47816F: set configuration 0: [146dba11-3af2-48c9-b098-f83fb2b86474:172.17.0.2:39109:0, 2d5c9c0a-908d-48fd-9559-afc140b75ed5:172.17.0.2:34891:0, e60f7882-dbbd-427b-9f02-c7597dd940f1:172.17.0.2:46159:0], old=null at 0
2020-10-09 12:54:07,768 [grpc-default-executor-2] INFO  segmented.SegmentedRaftLogWorker (SegmentedRaftLogWorker.java:startLogSegment(397)) - 2d5c9c0a-908d-48fd-9559-afc140b75ed5@group-F2540E47816F-SegmentedRaftLogWorker: Starting segment from index:0
2020-10-09 12:54:07,769 [2d5c9c0a-908d-48fd-9559-afc140b75ed5@group-F2540E47816F-SegmentedRaftLogWorker] INFO  segmented.SegmentedRaftLogWorker (SegmentedRaftLogWorker.java:execute(596)) - 2d5c9c0a-908d-48fd-9559-afc140b75ed5@group-F2540E47816F-SegmentedRaftLogWorker: created new log segment /github/workspace/mnt/ozone/hadoop-ozone/integration-test/target/test-dir/MiniOzoneClusterImpl-691c6000-d337-4848-84ec-e56c11f2c172/datanode-7/data/ratis/de67e3f1-d5e0-4b31-aba7-f2540e47816f/current/log_inprogress_0
2020-10-09 12:54:07,769 [e60f7882-dbbd-427b-9f02-c7597dd940f1@group-F2540E47816F-SegmentedRaftLogWorker] INFO  segmented.SegmentedRaftLogWorker (SegmentedRaftLogWorker.java:execute(596)) - e60f7882-dbbd-427b-9f02-c7597dd940f1@group-F2540E47816F-SegmentedRaftLogWorker: created new log segment /github/workspace/mnt/ozone/hadoop-ozone/integration-test/target/test-dir/MiniOzoneClusterImpl-691c6000-d337-4848-84ec-e56c11f2c172/datanode-8/data/ratis/de67e3f1-d5e0-4b31-aba7-f2540e47816f/current/log_inprogress_0
2020-10-09 12:54:07,972 [Listener at 127.0.0.1/36087] INFO  ozone.MiniOzoneClusterImpl (MiniOzoneClusterImpl.java:lambda$waitForClusterToBeReady$0(177)) - Nodes are ready. Got 9 of 9 DN Heartbeats.
2020-10-09 12:54:07,972 [Listener at 127.0.0.1/36087] INFO  ozone.MiniOzoneClusterImpl (MiniOzoneClusterImpl.java:lambda$waitForClusterToBeReady$0(180)) - Cluster exits safe mode
2020-10-09 12:54:07,981 [Listener at 127.0.0.1/36087] INFO  rpc.RpcClient (RpcClient.java:createVolume(321)) - Creating Volume: watchforcommithandlingtest, with jenkins1001 as owner.
2020-10-09 12:54:07,982 [IPC Server handler 7 on default port 36087] INFO  volume.OMVolumeCreateRequest (OMVolumeCreateRequest.java:validateAndUpdateCache(195)) - created volume:watchforcommithandlingtest for user:jenkins1001
2020-10-09 12:54:07,986 [Listener at 127.0.0.1/36087] INFO  rpc.RpcClient (RpcClient.java:createBucket(476)) - Creating Bucket: watchforcommithandlingtest/watchforcommithandlingtest, with Versioning false and Storage Type set to DISK and Encryption set to false 
2020-10-09 12:54:07,989 [Listener at 127.0.0.1/36087] INFO  ozone.MiniOzoneClusterImpl (MiniOzoneClusterImpl.java:getStorageContainerLocationClient(289)) - Creating StorageContainerLocationProtocol RPC client with address /0.0.0.0:45133
2020-10-09 12:54:07,996 [Listener at 127.0.0.1/36087] INFO  metrics.RatisMetrics (RatisMetrics.java:lambda$create$0(36)) - Creating Metrics Registry : ratis.client_message_metrics.client-84A8C221E255->630ef14c-7f18-435b-8dbc-84d96446fc51
2020-10-09 12:54:08,012 [Thread-1325] INFO  impl.FollowerState (FollowerState.java:run(108)) - 2d5c9c0a-908d-48fd-9559-afc140b75ed5@group-1F91D9C0E57D-FollowerState: change to CANDIDATE, lastRpcTime:5202ms, electionTimeout:5200ms
2020-10-09 12:54:08,012 [Thread-1325] INFO  impl.RoleInfo (RoleInfo.java:shutdownFollowerState(121)) - 2d5c9c0a-908d-48fd-9559-afc140b75ed5: shutdown FollowerState
2020-10-09 12:54:08,013 [Thread-1325] INFO  impl.RaftServerImpl (RaftServerImpl.java:setRole(198)) - 2d5c9c0a-908d-48fd-9559-afc140b75ed5@group-1F91D9C0E57D: changes role from  FOLLOWER to CANDIDATE at term 0 for changeToCandidate
2020-10-09 12:54:08,013 [Thread-1325] INFO  impl.RoleInfo (RoleInfo.java:updateAndGet(143)) - 2d5c9c0a-908d-48fd-9559-afc140b75ed5: start LeaderElection
2020-10-09 12:54:08,022 [2d5c9c0a-908d-48fd-9559-afc140b75ed5@group-1F91D9C0E57D-LeaderElection46] INFO  impl.LeaderElection (LeaderElection.java:askForVotes(210)) - 2d5c9c0a-908d-48fd-9559-afc140b75ed5@group-1F91D9C0E57D-LeaderElection46: begin an election at term 1 for -1: [2d5c9c0a-908d-48fd-9559-afc140b75ed5:172.17.0.2:34891:0], old=null
2020-10-09 12:54:08,022 [2d5c9c0a-908d-48fd-9559-afc140b75ed5@group-1F91D9C0E57D-LeaderElection46] INFO  impl.RoleInfo (RoleInfo.java:shutdownLeaderElection(134)) - 2d5c9c0a-908d-48fd-9559-afc140b75ed5: shutdown LeaderElection
2020-10-09 12:54:08,022 [2d5c9c0a-908d-48fd-9559-afc140b75ed5@group-1F91D9C0E57D-LeaderElection46] INFO  impl.RaftServerImpl (RaftServerImpl.java:setRole(198)) - 2d5c9c0a-908d-48fd-9559-afc140b75ed5@group-1F91D9C0E57D: changes role from CANDIDATE to LEADER at term 1 for changeToLeader
2020-10-09 12:54:08,022 [2d5c9c0a-908d-48fd-9559-afc140b75ed5@group-1F91D9C0E57D-LeaderElection46] INFO  ratis.XceiverServerRatis (XceiverServerRatis.java:handleLeaderChangedNotification(822)) - Leader change notification received for group: group-1F91D9C0E57D with new leaderId: 2d5c9c0a-908d-48fd-9559-afc140b75ed5
2020-10-09 12:54:08,022 [2d5c9c0a-908d-48fd-9559-afc140b75ed5@group-1F91D9C0E57D-LeaderElection46] INFO  impl.RaftServerImpl (ServerState.java:setLeader(256)) - 2d5c9c0a-908d-48fd-9559-afc140b75ed5@group-1F91D9C0E57D: change Leader from null to 2d5c9c0a-908d-48fd-9559-afc140b75ed5 at term 1 for becomeLeader, leader elected after 5224ms
2020-10-09 12:54:08,032 [2d5c9c0a-908d-48fd-9559-afc140b75ed5@group-1F91D9C0E57D-LeaderElection46] INFO  server.RaftServerConfigKeys (ConfUtils.java:logGet(44)) - raft.server.staging.catchup.gap = 1000 (default)
2020-10-09 12:54:08,032 [2d5c9c0a-908d-48fd-9559-afc140b75ed5@group-1F91D9C0E57D-LeaderElection46] INFO  server.RaftServerConfigKeys (ConfUtils.java:logGet(44)) - raft.server.rpc.sleep.time = 25ms (default)
2020-10-09 12:54:08,032 [2d5c9c0a-908d-48fd-9559-afc140b75ed5@group-1F91D9C0E57D-LeaderElection46] INFO  metrics.RatisMetrics (RatisMetrics.java:lambda$create$0(36)) - Creating Metrics Registry : ratis.log_appender.2d5c9c0a-908d-48fd-9559-afc140b75ed5@group-1F91D9C0E57D
2020-10-09 12:54:08,032 [2d5c9c0a-908d-48fd-9559-afc140b75ed5@group-1F91D9C0E57D-LeaderElection46] INFO  server.RaftServerConfigKeys (ConfUtils.java:logGet(44)) - raft.server.write.element-limit = 1024 (custom)
2020-10-09 12:54:08,032 [2d5c9c0a-908d-48fd-9559-afc140b75ed5@group-1F91D9C0E57D-LeaderElection46] INFO  server.RaftServerConfigKeys (ConfUtils.java:logGet(44)) - raft.server.write.byte-limit = 1073741824 (custom)
2020-10-09 12:54:08,033 [2d5c9c0a-908d-48fd-9559-afc140b75ed5@group-1F91D9C0E57D-LeaderElection46] INFO  server.RaftServerConfigKeys (ConfUtils.java:logGet(44)) - raft.server.watch.timeout = 3000ms (custom)
2020-10-09 12:54:08,033 [2d5c9c0a-908d-48fd-9559-afc140b75ed5@group-1F91D9C0E57D-LeaderElection46] INFO  server.RaftServerConfigKeys (ConfUtils.java:logGet(44)) - raft.server.watch.timeout.denomination = 1s (default)
2020-10-09 12:54:08,033 [2d5c9c0a-908d-48fd-9559-afc140b75ed5@group-1F91D9C0E57D-LeaderElection46] INFO  server.RaftServerConfigKeys (ConfUtils.java:logGet(44)) - raft.server.watch.element-limit = 65536 (default)
2020-10-09 12:54:08,033 [2d5c9c0a-908d-48fd-9559-afc140b75ed5@group-1F91D9C0E57D-LeaderElection46] INFO  impl.RoleInfo (RoleInfo.java:updateAndGet(143)) - 2d5c9c0a-908d-48fd-9559-afc140b75ed5: start LeaderState
2020-10-09 12:54:08,033 [2d5c9c0a-908d-48fd-9559-afc140b75ed5@group-1F91D9C0E57D-LeaderElection46] INFO  segmented.SegmentedRaftLogWorker (SegmentedRaftLogWorker.java:startLogSegment(397)) - 2d5c9c0a-908d-48fd-9559-afc140b75ed5@group-1F91D9C0E57D-SegmentedRaftLogWorker: Starting segment from index:0
2020-10-09 12:54:08,039 [2d5c9c0a-908d-48fd-9559-afc140b75ed5@group-1F91D9C0E57D-LeaderElection46] INFO  impl.RaftServerImpl (ServerState.java:setRaftConf(374)) - 2d5c9c0a-908d-48fd-9559-afc140b75ed5@group-1F91D9C0E57D: set configuration 0: [2d5c9c0a-908d-48fd-9559-afc140b75ed5:172.17.0.2:34891:0], old=null at 0
2020-10-09 12:54:08,040 [2d5c9c0a-908d-48fd-9559-afc140b75ed5@group-1F91D9C0E57D-SegmentedRaftLogWorker] INFO  segmented.SegmentedRaftLogWorker (SegmentedRaftLogWorker.java:execute(596)) - 2d5c9c0a-908d-48fd-9559-afc140b75ed5@group-1F91D9C0E57D-SegmentedRaftLogWorker: created new log segment /github/workspace/mnt/ozone/hadoop-ozone/integration-test/target/test-dir/MiniOzoneClusterImpl-691c6000-d337-4848-84ec-e56c11f2c172/datanode-7/data/ratis/c14c7fa8-ae7a-4959-be3f-1f91d9c0e57d/current/log_inprogress_0
2020-10-09 12:54:08,086 [Listener at 127.0.0.1/36087] INFO  pipeline.SCMPipelineManager (SCMPipelineManager.java:finalizeAndDestroyPipeline(460)) - Destroying pipeline:Pipeline[ Id: 00658d78-ed27-4808-a5ae-8a46abbcfb7d, Nodes: 630ef14c-7f18-435b-8dbc-84d96446fc51{ip: 172.17.0.2, host: 44394113892a, networkLocation: /default-rack, certSerialId: null}45ecfedc-f1ca-4ee4-92ac-24908ad068c6{ip: 172.17.0.2, host: 44394113892a, networkLocation: /default-rack, certSerialId: null}38f48239-bc06-46da-ac74-74ed7351a0a0{ip: 172.17.0.2, host: 44394113892a, networkLocation: /default-rack, certSerialId: null}, Type:RATIS, Factor:THREE, State:OPEN, leaderId:630ef14c-7f18-435b-8dbc-84d96446fc51, CreationTimestamp2020-10-09T12:53:58.854Z]
2020-10-09 12:54:08,087 [Listener at 127.0.0.1/36087] INFO  pipeline.PipelineStateManager (PipelineStateManager.java:finalizePipeline(120)) - Pipeline Pipeline[ Id: 00658d78-ed27-4808-a5ae-8a46abbcfb7d, Nodes: 630ef14c-7f18-435b-8dbc-84d96446fc51{ip: 172.17.0.2, host: 44394113892a, networkLocation: /default-rack, certSerialId: null}45ecfedc-f1ca-4ee4-92ac-24908ad068c6{ip: 172.17.0.2, host: 44394113892a, networkLocation: /default-rack, certSerialId: null}38f48239-bc06-46da-ac74-74ed7351a0a0{ip: 172.17.0.2, host: 44394113892a, networkLocation: /default-rack, certSerialId: null}, Type:RATIS, Factor:THREE, State:CLOSED, leaderId:630ef14c-7f18-435b-8dbc-84d96446fc51, CreationTimestamp2020-10-09T12:53:58.854Z] moved to CLOSED state
2020-10-09 12:54:08,087 [Listener at 127.0.0.1/36087] INFO  pipeline.RatisPipelineProvider (RatisPipelineProvider.java:lambda$close$1(176)) - Send pipeline:PipelineID=00658d78-ed27-4808-a5ae-8a46abbcfb7d close command to datanode 630ef14c-7f18-435b-8dbc-84d96446fc51
2020-10-09 12:54:08,087 [Listener at 127.0.0.1/36087] INFO  pipeline.RatisPipelineProvider (RatisPipelineProvider.java:lambda$close$1(176)) - Send pipeline:PipelineID=00658d78-ed27-4808-a5ae-8a46abbcfb7d close command to datanode 45ecfedc-f1ca-4ee4-92ac-24908ad068c6
2020-10-09 12:54:08,087 [Listener at 127.0.0.1/36087] INFO  pipeline.RatisPipelineProvider (RatisPipelineProvider.java:lambda$close$1(176)) - Send pipeline:PipelineID=00658d78-ed27-4808-a5ae-8a46abbcfb7d close command to datanode 38f48239-bc06-46da-ac74-74ed7351a0a0
2020-10-09 12:54:08,087 [Listener at 127.0.0.1/36087] INFO  pipeline.PipelineStateManager (PipelineStateManager.java:removePipeline(105)) - Pipeline Pipeline[ Id: 00658d78-ed27-4808-a5ae-8a46abbcfb7d, Nodes: 630ef14c-7f18-435b-8dbc-84d96446fc51{ip: 172.17.0.2, host: 44394113892a, networkLocation: /default-rack, certSerialId: null}45ecfedc-f1ca-4ee4-92ac-24908ad068c6{ip: 172.17.0.2, host: 44394113892a, networkLocation: /default-rack, certSerialId: null}38f48239-bc06-46da-ac74-74ed7351a0a0{ip: 172.17.0.2, host: 44394113892a, networkLocation: /default-rack, certSerialId: null}, Type:RATIS, Factor:THREE, State:CLOSED, leaderId:630ef14c-7f18-435b-8dbc-84d96446fc51, CreationTimestamp2020-10-09T12:53:58.854Z] removed from db
2020-10-09 12:54:08,092 [Listener at 127.0.0.1/36087] INFO  impl.RaftServerProxy (RaftServerProxy.java:remove(103)) - 630ef14c-7f18-435b-8dbc-84d96446fc51: remove    LEADER 630ef14c-7f18-435b-8dbc-84d96446fc51@group-8A46ABBCFB7D:t1, leader=630ef14c-7f18-435b-8dbc-84d96446fc51, voted=630ef14c-7f18-435b-8dbc-84d96446fc51, raftlog=630ef14c-7f18-435b-8dbc-84d96446fc51@group-8A46ABBCFB7D-SegmentedRaftLog:OPENED:c2,f2,i2, conf=0: [630ef14c-7f18-435b-8dbc-84d96446fc51:172.17.0.2:34737:0, 45ecfedc-f1ca-4ee4-92ac-24908ad068c6:172.17.0.2:39189:0, 38f48239-bc06-46da-ac74-74ed7351a0a0:172.17.0.2:41897:0], old=null RUNNING
2020-10-09 12:54:08,093 [Listener at 127.0.0.1/36087] INFO  impl.RaftServerImpl (RaftServerImpl.java:lambda$shutdown$3(321)) - 630ef14c-7f18-435b-8dbc-84d96446fc51@group-8A46ABBCFB7D: shutdown
2020-10-09 12:54:08,094 [Listener at 127.0.0.1/36087] INFO  util.JmxRegister (JmxRegister.java:unregister(73)) - Successfully un-registered JMX Bean with object name Ratis:service=RaftServer,group=group-8A46ABBCFB7D,id=630ef14c-7f18-435b-8dbc-84d96446fc51
2020-10-09 12:54:08,094 [Listener at 127.0.0.1/36087] INFO  impl.RoleInfo (RoleInfo.java:shutdownLeaderState(104)) - 630ef14c-7f18-435b-8dbc-84d96446fc51: shutdown LeaderState
2020-10-09 12:54:08,094 [Listener at 127.0.0.1/36087] INFO  metrics.RatisMetrics (RatisMetrics.java:unregister(43)) - Unregistering Metrics Registry : ratis_grpc.log_appender.630ef14c-7f18-435b-8dbc-84d96446fc51@group-8A46ABBCFB7D
2020-10-09 12:54:08,094 [org.apache.ratis.server.impl.LogAppender$AppenderDaemon$$Lambda$451/668823287@526afadb] WARN  server.GrpcLogAppender (GrpcLogAppender.java:mayWait(168)) - 630ef14c-7f18-435b-8dbc-84d96446fc51@group-8A46ABBCFB7D->45ecfedc-f1ca-4ee4-92ac-24908ad068c6-GrpcLogAppender: Wait interrupted by java.lang.InterruptedException
2020-10-09 12:54:08,094 [Listener at 127.0.0.1/36087] INFO  metrics.RatisMetrics (RatisMetrics.java:unregister(43)) - Unregistering Metrics Registry : ratis_grpc.log_appender.630ef14c-7f18-435b-8dbc-84d96446fc51@group-8A46ABBCFB7D
2020-10-09 12:54:08,096 [grpc-default-executor-6] INFO  server.GrpcServerProtocolService (GrpcServerProtocolService.java:onCompleted(138)) - 45ecfedc-f1ca-4ee4-92ac-24908ad068c6: Completed APPEND_ENTRIES, lastRequest: 630ef14c-7f18-435b-8dbc-84d96446fc51->45ecfedc-f1ca-4ee4-92ac-24908ad068c6#6-t1, previous=(t:1, i:1), leaderCommit=1, initializing? false, entries: size=1, first=(t:1, i:2), METADATAENTRY(c:1)
2020-10-09 12:54:08,097 [grpc-default-executor-2] INFO  server.GrpcLogAppender (GrpcLogAppender.java:onCompleted(336)) - 630ef14c-7f18-435b-8dbc-84d96446fc51@group-8A46ABBCFB7D->45ecfedc-f1ca-4ee4-92ac-24908ad068c6-AppendLogResponseHandler: follower responses appendEntries COMPLETED
2020-10-09 12:54:08,097 [grpc-default-executor-2] INFO  impl.FollowerInfo (FollowerInfo.java:lambda$new$0(51)) - 630ef14c-7f18-435b-8dbc-84d96446fc51@group-8A46ABBCFB7D->45ecfedc-f1ca-4ee4-92ac-24908ad068c6: nextIndex: updateUnconditionally 3 -> 2
2020-10-09 12:54:08,099 [EventQueue-CloseContainerForCloseContainerEventHandler] INFO  container.CloseContainerEventHandler (CloseContainerEventHandler.java:onMessage(61)) - Close container Event triggered for container : #1
2020-10-09 12:54:08,100 [RatisPipelineUtilsThread] INFO  pipeline.RatisPipelineProvider (RatisPipelineProvider.java:lambda$create$0(138)) - Sending CreatePipelineCommand for pipeline:PipelineID=a90f1cca-b800-4b2d-bc21-1f5d27d084e0 to datanode:630ef14c-7f18-435b-8dbc-84d96446fc51
2020-10-09 12:54:08,100 [RatisPipelineUtilsThread] INFO  pipeline.RatisPipelineProvider (RatisPipelineProvider.java:lambda$create$0(138)) - Sending CreatePipelineCommand for pipeline:PipelineID=a90f1cca-b800-4b2d-bc21-1f5d27d084e0 to datanode:45ecfedc-f1ca-4ee4-92ac-24908ad068c6
2020-10-09 12:54:08,100 [RatisPipelineUtilsThread] INFO  pipeline.RatisPipelineProvider (RatisPipelineProvider.java:lambda$create$0(138)) - Sending CreatePipelineCommand for pipeline:PipelineID=a90f1cca-b800-4b2d-bc21-1f5d27d084e0 to datanode:38f48239-bc06-46da-ac74-74ed7351a0a0
2020-10-09 12:54:08,100 [RatisPipelineUtilsThread] INFO  pipeline.PipelineStateManager (PipelineStateManager.java:addPipeline(54)) - Created pipeline Pipeline[ Id: a90f1cca-b800-4b2d-bc21-1f5d27d084e0, Nodes: 630ef14c-7f18-435b-8dbc-84d96446fc51{ip: 172.17.0.2, host: 44394113892a, networkLocation: /default-rack, certSerialId: null}45ecfedc-f1ca-4ee4-92ac-24908ad068c6{ip: 172.17.0.2, host: 44394113892a, networkLocation: /default-rack, certSerialId: null}38f48239-bc06-46da-ac74-74ed7351a0a0{ip: 172.17.0.2, host: 44394113892a, networkLocation: /default-rack, certSerialId: null}, Type:RATIS, Factor:THREE, State:ALLOCATED, leaderId:, CreationTimestamp2020-10-09T12:54:08.100Z]
2020-10-09 12:54:08,103 [EventQueue-CloseContainerForCloseContainerEventHandler] WARN  container.SCMContainerManager (SCMContainerManager.java:updateContainerState(364)) - Unable to remove container #1 from pipeline PipelineID=00658d78-ed27-4808-a5ae-8a46abbcfb7d  as the pipeline no longer exists
2020-10-09 12:54:08,111 [Listener at 127.0.0.1/36087] INFO  impl.PendingRequests (PendingRequests.java:sendNotLeaderResponses(249)) - 630ef14c-7f18-435b-8dbc-84d96446fc51@group-8A46ABBCFB7D-PendingRequests: sendNotLeaderResponses
2020-10-09 12:54:08,112 [grpc-default-executor-6] INFO  server.GrpcServerProtocolService (GrpcServerProtocolService.java:onCompleted(138)) - 38f48239-bc06-46da-ac74-74ed7351a0a0: Completed APPEND_ENTRIES, lastRequest: 630ef14c-7f18-435b-8dbc-84d96446fc51->38f48239-bc06-46da-ac74-74ed7351a0a0#5-t1, previous=(t:1, i:1), leaderCommit=1, initializing? false, entries: size=1, first=(t:1, i:2), METADATAENTRY(c:1)
2020-10-09 12:54:08,117 [grpc-default-executor-2] INFO  server.GrpcLogAppender (GrpcLogAppender.java:onCompleted(336)) - 630ef14c-7f18-435b-8dbc-84d96446fc51@group-8A46ABBCFB7D->38f48239-bc06-46da-ac74-74ed7351a0a0-AppendLogResponseHandler: follower responses appendEntries COMPLETED
2020-10-09 12:54:08,117 [grpc-default-executor-2] INFO  impl.FollowerInfo (FollowerInfo.java:lambda$new$0(51)) - 630ef14c-7f18-435b-8dbc-84d96446fc51@group-8A46ABBCFB7D->38f48239-bc06-46da-ac74-74ed7351a0a0: nextIndex: updateUnconditionally 3 -> 2
2020-10-09 12:54:08,121 [Listener at 127.0.0.1/36087] INFO  metrics.RatisMetrics (RatisMetrics.java:unregister(43)) - Unregistering Metrics Registry : ratis.log_appender.630ef14c-7f18-435b-8dbc-84d96446fc51@group-8A46ABBCFB7D
2020-10-09 12:54:08,121 [Listener at 127.0.0.1/36087] INFO  metrics.RatisMetrics (RatisMetrics.java:unregister(43)) - Unregistering Metrics Registry : ratis.server.630ef14c-7f18-435b-8dbc-84d96446fc51@group-8A46ABBCFB7D
2020-10-09 12:54:08,122 [Listener at 127.0.0.1/36087] INFO  impl.StateMachineUpdater (StateMachineUpdater.java:stopAndJoin(142)) - 630ef14c-7f18-435b-8dbc-84d96446fc51@group-8A46ABBCFB7D-StateMachineUpdater: set stopIndex = 2
2020-10-09 12:54:08,122 [630ef14c-7f18-435b-8dbc-84d96446fc51@group-8A46ABBCFB7D-StateMachineUpdater] INFO  ratis.ContainerStateMachine (ContainerStateMachine.java:takeSnapshot(293)) - group-8A46ABBCFB7D: Taking a snapshot at:(t:1, i:2) file /github/workspace/mnt/ozone/hadoop-ozone/integration-test/target/test-dir/MiniOzoneClusterImpl-691c6000-d337-4848-84ec-e56c11f2c172/datanode-0/data/ratis/00658d78-ed27-4808-a5ae-8a46abbcfb7d/sm/snapshot.1_2
2020-10-09 12:54:08,123 [630ef14c-7f18-435b-8dbc-84d96446fc51@group-8A46ABBCFB7D-StateMachineUpdater] INFO  ratis.ContainerStateMachine (ContainerStateMachine.java:takeSnapshot(304)) - group-8A46ABBCFB7D: Finished taking a snapshot at:(t:1, i:2) file:/github/workspace/mnt/ozone/hadoop-ozone/integration-test/target/test-dir/MiniOzoneClusterImpl-691c6000-d337-4848-84ec-e56c11f2c172/datanode-0/data/ratis/00658d78-ed27-4808-a5ae-8a46abbcfb7d/sm/snapshot.1_2 time:1
2020-10-09 12:54:08,124 [630ef14c-7f18-435b-8dbc-84d96446fc51@group-8A46ABBCFB7D-StateMachineUpdater] INFO  impl.StateMachineUpdater (StateMachineUpdater.java:takeSnapshot(277)) - 630ef14c-7f18-435b-8dbc-84d96446fc51@group-8A46ABBCFB7D-StateMachineUpdater: Took a snapshot at index 2
2020-10-09 12:54:08,124 [630ef14c-7f18-435b-8dbc-84d96446fc51@group-8A46ABBCFB7D-StateMachineUpdater] INFO  impl.StateMachineUpdater (StateMachineUpdater.java:lambda$new$0(87)) - 630ef14c-7f18-435b-8dbc-84d96446fc51@group-8A46ABBCFB7D-StateMachineUpdater: snapshotIndex: updateIncreasingly -1 -> 2
2020-10-09 12:54:08,124 [630ef14c-7f18-435b-8dbc-84d96446fc51@group-8A46ABBCFB7D-StateMachineUpdater] INFO  metrics.RatisMetrics (RatisMetrics.java:unregister(43)) - Unregistering Metrics Registry : ratis.state_machine.630ef14c-7f18-435b-8dbc-84d96446fc51@group-8A46ABBCFB7D
2020-10-09 12:54:08,124 [Listener at 127.0.0.1/36087] INFO  impl.RaftServerImpl (ServerState.java:close(405)) - 630ef14c-7f18-435b-8dbc-84d96446fc51@group-8A46ABBCFB7D: closes. applyIndex: 2
2020-10-09 12:54:08,124 [630ef14c-7f18-435b-8dbc-84d96446fc51@group-8A46ABBCFB7D-SegmentedRaftLogWorker] INFO  segmented.SegmentedRaftLogWorker (SegmentedRaftLogWorker.java:run(327)) - 630ef14c-7f18-435b-8dbc-84d96446fc51@group-8A46ABBCFB7D-SegmentedRaftLogWorker was interrupted, exiting. There are 0 tasks remaining in the queue.
2020-10-09 12:54:08,127 [Listener at 127.0.0.1/36087] INFO  segmented.SegmentedRaftLogWorker (SegmentedRaftLogWorker.java:close(234)) - 630ef14c-7f18-435b-8dbc-84d96446fc51@group-8A46ABBCFB7D-SegmentedRaftLogWorker close()
2020-10-09 12:54:08,128 [Listener at 127.0.0.1/36087] INFO  metrics.RatisMetrics (RatisMetrics.java:unregister(43)) - Unregistering Metrics Registry : ratis.log_worker.630ef14c-7f18-435b-8dbc-84d96446fc51@group-8A46ABBCFB7D
2020-10-09 12:54:08,128 [Listener at 127.0.0.1/36087] INFO  metrics.RatisMetrics (RatisMetrics.java:unregister(43)) - Unregistering Metrics Registry : ratis.leader_election.630ef14c-7f18-435b-8dbc-84d96446fc51@group-8A46ABBCFB7D
2020-10-09 12:54:08,128 [Listener at 127.0.0.1/36087] INFO  metrics.RatisMetrics (RatisMetrics.java:unregister(43)) - Unregistering Metrics Registry : ratis.server.630ef14c-7f18-435b-8dbc-84d96446fc51@group-8A46ABBCFB7D
2020-10-09 12:54:08,131 [Listener at 127.0.0.1/36087] INFO  impl.RaftServerImpl (RaftServerImpl.java:groupRemove(292)) - 630ef14c-7f18-435b-8dbc-84d96446fc51@group-8A46ABBCFB7D: Succeed to remove RaftStorageDirectory Storage Directory /github/workspace/mnt/ozone/hadoop-ozone/integration-test/target/test-dir/MiniOzoneClusterImpl-691c6000-d337-4848-84ec-e56c11f2c172/datanode-0/data/ratis/00658d78-ed27-4808-a5ae-8a46abbcfb7d
2020-10-09 12:54:08,140 [Thread-1327] INFO  impl.FollowerState (FollowerState.java:run(108)) - e60f7882-dbbd-427b-9f02-c7597dd940f1@group-ABA5EEFCA4EA-FollowerState: change to CANDIDATE, lastRpcTime:5154ms, electionTimeout:5154ms
2020-10-09 12:54:08,140 [Thread-1327] INFO  impl.RoleInfo (RoleInfo.java:shutdownFollowerState(121)) - e60f7882-dbbd-427b-9f02-c7597dd940f1: shutdown FollowerState
2020-10-09 12:54:08,140 [Thread-1327] INFO  impl.RaftServerImpl (RaftServerImpl.java:setRole(198)) - e60f7882-dbbd-427b-9f02-c7597dd940f1@group-ABA5EEFCA4EA: changes role from  FOLLOWER to CANDIDATE at term 0 for changeToCandidate
2020-10-09 12:54:08,140 [Thread-1327] INFO  impl.RoleInfo (RoleInfo.java:updateAndGet(143)) - e60f7882-dbbd-427b-9f02-c7597dd940f1: start LeaderElection
2020-10-09 12:54:08,141 [Listener at 127.0.0.1/36087] INFO  keyvalue.KeyValueContainer (KeyValueContainer.java:flushAndSyncDB(388)) - Container 1 is synced with bcsId 0.
2020-10-09 12:54:08,141 [Listener at 127.0.0.1/36087] INFO  keyvalue.KeyValueContainer (KeyValueContainer.java:flushAndSyncDB(388)) - Container 1 is synced with bcsId 0.
2020-10-09 12:54:08,147 [e60f7882-dbbd-427b-9f02-c7597dd940f1@group-ABA5EEFCA4EA-LeaderElection47] INFO  impl.LeaderElection (LeaderElection.java:askForVotes(210)) - e60f7882-dbbd-427b-9f02-c7597dd940f1@group-ABA5EEFCA4EA-LeaderElection47: begin an election at term 1 for -1: [e60f7882-dbbd-427b-9f02-c7597dd940f1:172.17.0.2:46159:0], old=null
2020-10-09 12:54:08,148 [e60f7882-dbbd-427b-9f02-c7597dd940f1@group-ABA5EEFCA4EA-LeaderElection47] INFO  impl.RoleInfo (RoleInfo.java:shutdownLeaderElection(134)) - e60f7882-dbbd-427b-9f02-c7597dd940f1: shutdown LeaderElection
2020-10-09 12:54:08,148 [e60f7882-dbbd-427b-9f02-c7597dd940f1@group-ABA5EEFCA4EA-LeaderElection47] INFO  impl.RaftServerImpl (RaftServerImpl.java:setRole(198)) - e60f7882-dbbd-427b-9f02-c7597dd940f1@group-ABA5EEFCA4EA: changes role from CANDIDATE to LEADER at term 1 for changeToLeader
2020-10-09 12:54:08,148 [e60f7882-dbbd-427b-9f02-c7597dd940f1@group-ABA5EEFCA4EA-LeaderElection47] INFO  ratis.XceiverServerRatis (XceiverServerRatis.java:handleLeaderChangedNotification(822)) - Leader change notification received for group: group-ABA5EEFCA4EA with new leaderId: e60f7882-dbbd-427b-9f02-c7597dd940f1
2020-10-09 12:54:08,148 [e60f7882-dbbd-427b-9f02-c7597dd940f1@group-ABA5EEFCA4EA-LeaderElection47] INFO  impl.RaftServerImpl (ServerState.java:setLeader(256)) - e60f7882-dbbd-427b-9f02-c7597dd940f1@group-ABA5EEFCA4EA: change Leader from null to e60f7882-dbbd-427b-9f02-c7597dd940f1 at term 1 for becomeLeader, leader elected after 5175ms
2020-10-09 12:54:08,148 [EventQueue-IncrementalContainerReportForIncrementalContainerReportHandler] INFO  container.IncrementalContainerReportHandler (AbstractContainerReportHandler.java:updateContainerState(208)) - Moving container #1 to QUASI_CLOSED state, datanode 630ef14c-7f18-435b-8dbc-84d96446fc51{ip: 172.17.0.2, host: 44394113892a, networkLocation: /default-rack, certSerialId: null} reported QUASI_CLOSED replica.
2020-10-09 12:54:08,148 [e60f7882-dbbd-427b-9f02-c7597dd940f1@group-ABA5EEFCA4EA-LeaderElection47] INFO  server.RaftServerConfigKeys (ConfUtils.java:logGet(44)) - raft.server.staging.catchup.gap = 1000 (default)
2020-10-09 12:54:08,148 [e60f7882-dbbd-427b-9f02-c7597dd940f1@group-ABA5EEFCA4EA-LeaderElection47] INFO  server.RaftServerConfigKeys (ConfUtils.java:logGet(44)) - raft.server.rpc.sleep.time = 25ms (default)
2020-10-09 12:54:08,148 [e60f7882-dbbd-427b-9f02-c7597dd940f1@group-ABA5EEFCA4EA-LeaderElection47] INFO  metrics.RatisMetrics (RatisMetrics.java:lambda$create$0(36)) - Creating Metrics Registry : ratis.log_appender.e60f7882-dbbd-427b-9f02-c7597dd940f1@group-ABA5EEFCA4EA
2020-10-09 12:54:08,149 [e60f7882-dbbd-427b-9f02-c7597dd940f1@group-ABA5EEFCA4EA-LeaderElection47] INFO  server.RaftServerConfigKeys (ConfUtils.java:logGet(44)) - raft.server.write.element-limit = 1024 (custom)
2020-10-09 12:54:08,149 [e60f7882-dbbd-427b-9f02-c7597dd940f1@group-ABA5EEFCA4EA-LeaderElection47] INFO  server.RaftServerConfigKeys (ConfUtils.java:logGet(44)) - raft.server.write.byte-limit = 1073741824 (custom)
2020-10-09 12:54:08,149 [Listener at 127.0.0.1/36087] INFO  impl.RaftServerProxy (RaftServerProxy.java:remove(103)) - 45ecfedc-f1ca-4ee4-92ac-24908ad068c6: remove  FOLLOWER 45ecfedc-f1ca-4ee4-92ac-24908ad068c6@group-8A46ABBCFB7D:t1, leader=630ef14c-7f18-435b-8dbc-84d96446fc51, voted=630ef14c-7f18-435b-8dbc-84d96446fc51, raftlog=45ecfedc-f1ca-4ee4-92ac-24908ad068c6@group-8A46ABBCFB7D-SegmentedRaftLog:OPENED:c1,f2,i2, conf=0: [630ef14c-7f18-435b-8dbc-84d96446fc51:172.17.0.2:34737:0, 45ecfedc-f1ca-4ee4-92ac-24908ad068c6:172.17.0.2:39189:0, 38f48239-bc06-46da-ac74-74ed7351a0a0:172.17.0.2:41897:0], old=null RUNNING
2020-10-09 12:54:08,150 [Command processor thread] WARN  impl.RaftServerProxy (RaftServerProxy.java:remove(98)) - 45ecfedc-f1ca-4ee4-92ac-24908ad068c6: does not contain group: group-8A46ABBCFB7D
2020-10-09 12:54:08,150 [Command processor thread] ERROR commandhandler.ClosePipelineCommandHandler (ClosePipelineCommandHandler.java:handle(81)) - Can't close pipeline #id: "00658d78-ed27-4808-a5ae-8a46abbcfb7d"
uuid128 {
  mostSigBits: 28584523162142728
  leastSigBits: -6508112375370155139
}

java.io.IOException: 45ecfedc-f1ca-4ee4-92ac-24908ad068c6: Group group-8A46ABBCFB7D not found.
	at org.apache.hadoop.ozone.container.common.transport.server.ratis.XceiverServerRatis.removeGroup(XceiverServerRatis.java:742)
	at org.apache.hadoop.ozone.container.common.statemachine.commandhandler.ClosePipelineCommandHandler.handle(ClosePipelineCommandHandler.java:77)
	at org.apache.hadoop.ozone.container.common.statemachine.commandhandler.CommandDispatcher.handle(CommandDispatcher.java:99)
	at org.apache.hadoop.ozone.container.common.statemachine.DatanodeStateMachine.lambda$initCommandHandlerThread$1(DatanodeStateMachine.java:490)
	at java.lang.Thread.run(Thread.java:748)
Caused by: org.apache.ratis.protocol.exceptions.GroupMismatchException: 45ecfedc-f1ca-4ee4-92ac-24908ad068c6: Group group-8A46ABBCFB7D not found.
	at org.apache.ratis.server.impl.RaftServerProxy.groupRemoveAsync(RaftServerProxy.java:419)
	at org.apache.ratis.server.impl.RaftServerProxy.groupManagementAsync(RaftServerProxy.java:375)
	at org.apache.ratis.server.impl.RaftServerProxy.groupManagement(RaftServerProxy.java:358)
	at org.apache.hadoop.ozone.container.common.transport.server.ratis.XceiverServerRatis.removeGroup(XceiverServerRatis.java:740)
	... 4 more
2020-10-09 12:54:08,150 [e60f7882-dbbd-427b-9f02-c7597dd940f1@group-ABA5EEFCA4EA-LeaderElection47] INFO  server.RaftServerConfigKeys (ConfUtils.java:logGet(44)) - raft.server.watch.timeout = 3000ms (custom)
2020-10-09 12:54:08,154 [e60f7882-dbbd-427b-9f02-c7597dd940f1@group-ABA5EEFCA4EA-LeaderElection47] INFO  server.RaftServerConfigKeys (ConfUtils.java:logGet(44)) - raft.server.watch.timeout.denomination = 1s (default)
2020-10-09 12:54:08,154 [e60f7882-dbbd-427b-9f02-c7597dd940f1@group-ABA5EEFCA4EA-LeaderElection47] INFO  server.RaftServerConfigKeys (ConfUtils.java:logGet(44)) - raft.server.watch.element-limit = 65536 (default)
2020-10-09 12:54:08,151 [pool-389-thread-1] INFO  impl.RaftServerImpl (RaftServerImpl.java:<init>(120)) - 45ecfedc-f1ca-4ee4-92ac-24908ad068c6: new RaftServerImpl for group-1F5D27D084E0:[630ef14c-7f18-435b-8dbc-84d96446fc51:172.17.0.2:34737:0, 45ecfedc-f1ca-4ee4-92ac-24908ad068c6:172.17.0.2:39189:0, 38f48239-bc06-46da-ac74-74ed7351a0a0:172.17.0.2:41897:0] with ContainerStateMachine:uninitialized
2020-10-09 12:54:08,151 [Command processor thread] INFO  impl.RaftServerProxy (RaftServerProxy.java:addNew(92)) - 45ecfedc-f1ca-4ee4-92ac-24908ad068c6: addNew group-1F5D27D084E0:[630ef14c-7f18-435b-8dbc-84d96446fc51:172.17.0.2:34737:0, 45ecfedc-f1ca-4ee4-92ac-24908ad068c6:172.17.0.2:39189:0, 38f48239-bc06-46da-ac74-74ed7351a0a0:172.17.0.2:41897:0] returns group-1F5D27D084E0:java.util.concurrent.CompletableFuture@147048ad[Not completed]
2020-10-09 12:54:08,151 [Listener at 127.0.0.1/36087] INFO  impl.RaftServerImpl (RaftServerImpl.java:lambda$shutdown$3(321)) - 45ecfedc-f1ca-4ee4-92ac-24908ad068c6@group-8A46ABBCFB7D: shutdown
2020-10-09 12:54:08,155 [e60f7882-dbbd-427b-9f02-c7597dd940f1@group-ABA5EEFCA4EA-LeaderElection47] INFO  impl.RoleInfo (RoleInfo.java:updateAndGet(143)) - e60f7882-dbbd-427b-9f02-c7597dd940f1: start LeaderState
2020-10-09 12:54:08,155 [pool-389-thread-1] INFO  server.RaftServerConfigKeys (ConfUtils.java:logGet(44)) - raft.server.rpc.timeout.min = 5s (custom)
2020-10-09 12:54:08,156 [pool-389-thread-1] INFO  server.RaftServerConfigKeys (ConfUtils.java:logGet(44)) - raft.server.rpc.timeout.max = 5200ms (custom)
2020-10-09 12:54:08,156 [pool-389-thread-1] INFO  server.RaftServerConfigKeys (ConfUtils.java:logGet(44)) - raft.server.rpcslowness.timeout = 300000ms (custom)
2020-10-09 12:54:08,156 [pool-389-thread-1] INFO  server.RaftServerConfigKeys (ConfUtils.java:logGet(44)) - raft.server.sleep.deviation.threshold = 300 (default)
2020-10-09 12:54:08,156 [pool-389-thread-1] INFO  server.RaftServerConfigKeys (ConfUtils.java:logGet(44)) - raft.server.log.appender.install.snapshot.enabled = false (custom)
2020-10-09 12:54:08,156 [e60f7882-dbbd-427b-9f02-c7597dd940f1@group-ABA5EEFCA4EA-LeaderElection47] INFO  segmented.SegmentedRaftLogWorker (SegmentedRaftLogWorker.java:startLogSegment(397)) - e60f7882-dbbd-427b-9f02-c7597dd940f1@group-ABA5EEFCA4EA-SegmentedRaftLogWorker: Starting segment from index:0
2020-10-09 12:54:08,155 [Listener at 127.0.0.1/36087] INFO  util.JmxRegister (JmxRegister.java:unregister(73)) - Successfully un-registered JMX Bean with object name Ratis:service=RaftServer,group=group-8A46ABBCFB7D,id=45ecfedc-f1ca-4ee4-92ac-24908ad068c6
2020-10-09 12:54:08,156 [pool-389-thread-1] INFO  impl.RaftServerImpl (ServerState.java:<init>(104)) - 45ecfedc-f1ca-4ee4-92ac-24908ad068c6@group-1F5D27D084E0: ConfigurationManager, init=-1: [630ef14c-7f18-435b-8dbc-84d96446fc51:172.17.0.2:34737:0, 45ecfedc-f1ca-4ee4-92ac-24908ad068c6:172.17.0.2:39189:0, 38f48239-bc06-46da-ac74-74ed7351a0a0:172.17.0.2:41897:0], old=null, confs=<EMPTY_MAP>
2020-10-09 12:54:08,156 [pool-389-thread-1] INFO  server.RaftServerConfigKeys (ConfUtils.java:logGet(44)) - raft.server.storage.dir = [/github/workspace/mnt/ozone/hadoop-ozone/integration-test/target/test-dir/MiniOzoneClusterImpl-691c6000-d337-4848-84ec-e56c11f2c172/datanode-1/data/ratis] (custom)
2020-10-09 12:54:08,156 [pool-389-thread-1] INFO  server.RaftServerConfigKeys (ConfUtils.java:logGet(44)) - raft.server.log.corruption.policy = EXCEPTION (default)
2020-10-09 12:54:08,156 [e60f7882-dbbd-427b-9f02-c7597dd940f1@group-ABA5EEFCA4EA-LeaderElection47] INFO  impl.RaftServerImpl (ServerState.java:setRaftConf(374)) - e60f7882-dbbd-427b-9f02-c7597dd940f1@group-ABA5EEFCA4EA: set configuration 0: [e60f7882-dbbd-427b-9f02-c7597dd940f1:172.17.0.2:46159:0], old=null at 0
2020-10-09 12:54:08,157 [pool-389-thread-1] INFO  storage.RaftStorageDirectory (RaftStorageDirectory.java:analyzeStorage(261)) - The storage directory /github/workspace/mnt/ozone/hadoop-ozone/integration-test/target/test-dir/MiniOzoneClusterImpl-691c6000-d337-4848-84ec-e56c11f2c172/datanode-1/data/ratis/a90f1cca-b800-4b2d-bc21-1f5d27d084e0 does not exist. Creating ...
2020-10-09 12:54:08,160 [Listener at 127.0.0.1/36087] INFO  impl.RoleInfo (RoleInfo.java:shutdownFollowerState(121)) - 45ecfedc-f1ca-4ee4-92ac-24908ad068c6: shutdown FollowerState
2020-10-09 12:54:08,160 [Listener at 127.0.0.1/36087] INFO  impl.StateMachineUpdater (StateMachineUpdater.java:stopAndJoin(142)) - 45ecfedc-f1ca-4ee4-92ac-24908ad068c6@group-8A46ABBCFB7D-StateMachineUpdater: set stopIndex = 1
2020-10-09 12:54:08,161 [45ecfedc-f1ca-4ee4-92ac-24908ad068c6@group-8A46ABBCFB7D-StateMachineUpdater] INFO  ratis.ContainerStateMachine (ContainerStateMachine.java:takeSnapshot(293)) - group-8A46ABBCFB7D: Taking a snapshot at:(t:1, i:1) file /github/workspace/mnt/ozone/hadoop-ozone/integration-test/target/test-dir/MiniOzoneClusterImpl-691c6000-d337-4848-84ec-e56c11f2c172/datanode-1/data/ratis/00658d78-ed27-4808-a5ae-8a46abbcfb7d/sm/snapshot.1_1
2020-10-09 12:54:08,160 [e60f7882-dbbd-427b-9f02-c7597dd940f1@group-ABA5EEFCA4EA-SegmentedRaftLogWorker] INFO  segmented.SegmentedRaftLogWorker (SegmentedRaftLogWorker.java:execute(596)) - e60f7882-dbbd-427b-9f02-c7597dd940f1@group-ABA5EEFCA4EA-SegmentedRaftLogWorker: created new log segment /github/workspace/mnt/ozone/hadoop-ozone/integration-test/target/test-dir/MiniOzoneClusterImpl-691c6000-d337-4848-84ec-e56c11f2c172/datanode-8/data/ratis/cff12708-6dcc-42bd-9e34-aba5eefca4ea/current/log_inprogress_0
2020-10-09 12:54:08,160 [Thread-1335] INFO  impl.FollowerState (FollowerState.java:run(117)) - 45ecfedc-f1ca-4ee4-92ac-24908ad068c6@group-8A46ABBCFB7D-FollowerState was interrupted: java.lang.InterruptedException: sleep interrupted
2020-10-09 12:54:08,162 [45ecfedc-f1ca-4ee4-92ac-24908ad068c6@group-8A46ABBCFB7D-StateMachineUpdater] INFO  ratis.ContainerStateMachine (ContainerStateMachine.java:takeSnapshot(304)) - group-8A46ABBCFB7D: Finished taking a snapshot at:(t:1, i:1) file:/github/workspace/mnt/ozone/hadoop-ozone/integration-test/target/test-dir/MiniOzoneClusterImpl-691c6000-d337-4848-84ec-e56c11f2c172/datanode-1/data/ratis/00658d78-ed27-4808-a5ae-8a46abbcfb7d/sm/snapshot.1_1 time:1
2020-10-09 12:54:08,162 [pool-389-thread-1] INFO  storage.RaftStorageDirectory (RaftStorageDirectory.java:tryLock(343)) - Lock on /github/workspace/mnt/ozone/hadoop-ozone/integration-test/target/test-dir/MiniOzoneClusterImpl-691c6000-d337-4848-84ec-e56c11f2c172/datanode-1/data/ratis/a90f1cca-b800-4b2d-bc21-1f5d27d084e0/in_use.lock acquired by nodename 5888@44394113892a
2020-10-09 12:54:08,162 [45ecfedc-f1ca-4ee4-92ac-24908ad068c6@group-8A46ABBCFB7D-StateMachineUpdater] INFO  impl.StateMachineUpdater (StateMachineUpdater.java:takeSnapshot(277)) - 45ecfedc-f1ca-4ee4-92ac-24908ad068c6@group-8A46ABBCFB7D-StateMachineUpdater: Took a snapshot at index 1
2020-10-09 12:54:08,162 [45ecfedc-f1ca-4ee4-92ac-24908ad068c6@group-8A46ABBCFB7D-StateMachineUpdater] INFO  impl.StateMachineUpdater (StateMachineUpdater.java:lambda$new$0(87)) - 45ecfedc-f1ca-4ee4-92ac-24908ad068c6@group-8A46ABBCFB7D-StateMachineUpdater: snapshotIndex: updateIncreasingly -1 -> 1
2020-10-09 12:54:08,162 [45ecfedc-f1ca-4ee4-92ac-24908ad068c6@group-8A46ABBCFB7D-StateMachineUpdater] INFO  metrics.RatisMetrics (RatisMetrics.java:unregister(43)) - Unregistering Metrics Registry : ratis.state_machine.45ecfedc-f1ca-4ee4-92ac-24908ad068c6@group-8A46ABBCFB7D
2020-10-09 12:54:08,162 [Listener at 127.0.0.1/36087] INFO  impl.RaftServerImpl (ServerState.java:close(405)) - 45ecfedc-f1ca-4ee4-92ac-24908ad068c6@group-8A46ABBCFB7D: closes. applyIndex: 1
2020-10-09 12:54:08,163 [45ecfedc-f1ca-4ee4-92ac-24908ad068c6@group-8A46ABBCFB7D-SegmentedRaftLogWorker] INFO  segmented.SegmentedRaftLogWorker (SegmentedRaftLogWorker.java:run(327)) - 45ecfedc-f1ca-4ee4-92ac-24908ad068c6@group-8A46ABBCFB7D-SegmentedRaftLogWorker was interrupted, exiting. There are 0 tasks remaining in the queue.
2020-10-09 12:54:08,164 [pool-389-thread-1] INFO  storage.RaftStorage (RaftStorage.java:format(84)) - Storage directory /github/workspace/mnt/ozone/hadoop-ozone/integration-test/target/test-dir/MiniOzoneClusterImpl-691c6000-d337-4848-84ec-e56c11f2c172/datanode-1/data/ratis/a90f1cca-b800-4b2d-bc21-1f5d27d084e0 has been successfully formatted.
2020-10-09 12:54:08,164 [pool-389-thread-1] INFO  ratis.ContainerStateMachine (ContainerStateMachine.java:loadSnapshot(225)) - group-1F5D27D084E0: The snapshot info is null. Setting the last applied indexto:(t:0, i:~)
2020-10-09 12:54:08,164 [pool-389-thread-1] INFO  server.RaftServerConfigKeys (ConfUtils.java:logGet(44)) - raft.server.notification.no-leader.timeout = 300000ms (custom)
2020-10-09 12:54:08,164 [pool-389-thread-1] INFO  server.RaftServerConfigKeys (ConfUtils.java:logGet(44)) - raft.server.log.use.memory = false (default)
2020-10-09 12:54:08,164 [pool-389-thread-1] INFO  server.RaftServerConfigKeys (ConfUtils.java:logGet(44)) - raft.server.log.purge.gap = 1000000 (custom)
2020-10-09 12:54:08,165 [pool-389-thread-1] INFO  metrics.RatisMetrics (RatisMetrics.java:lambda$create$0(36)) - Creating Metrics Registry : ratis.log_worker.45ecfedc-f1ca-4ee4-92ac-24908ad068c6@group-1F5D27D084E0
2020-10-09 12:54:08,165 [pool-389-thread-1] INFO  server.RaftServerConfigKeys (ConfUtils.java:logGet(44)) - raft.server.log.appender.buffer.byte-limit = 33554432 (custom)
2020-10-09 12:54:08,165 [pool-389-thread-1] INFO  server.RaftServerConfigKeys (ConfUtils.java:logGet(44)) - raft.server.log.segment.size.max = 1048576 (custom)
2020-10-09 12:54:08,166 [pool-389-thread-1] INFO  server.RaftServerConfigKeys (ConfUtils.java:logGet(44)) - raft.server.log.segment.cache.num.max = 2 (custom)
2020-10-09 12:54:08,166 [pool-389-thread-1] INFO  segmented.SegmentedRaftLogWorker (SegmentedRaftLogWorker.java:<init>(180)) - new 45ecfedc-f1ca-4ee4-92ac-24908ad068c6@group-1F5D27D084E0-SegmentedRaftLogWorker for RaftStorage:Storage Directory /github/workspace/mnt/ozone/hadoop-ozone/integration-test/target/test-dir/MiniOzoneClusterImpl-691c6000-d337-4848-84ec-e56c11f2c172/datanode-1/data/ratis/a90f1cca-b800-4b2d-bc21-1f5d27d084e0
2020-10-09 12:54:08,166 [pool-389-thread-1] INFO  server.RaftServerConfigKeys (ConfUtils.java:logGet(44)) - raft.server.log.queue.byte-limit = 2147483647 (custom)
2020-10-09 12:54:08,166 [pool-389-thread-1] INFO  server.RaftServerConfigKeys (ConfUtils.java:logGet(44)) - raft.server.log.queue.element-limit = 1024 (custom)
2020-10-09 12:54:08,166 [pool-389-thread-1] INFO  server.RaftServerConfigKeys (ConfUtils.java:logGet(44)) - raft.server.log.segment.size.max = 1048576 (custom)
2020-10-09 12:54:08,166 [pool-389-thread-1] INFO  server.RaftServerConfigKeys (ConfUtils.java:logGet(44)) - raft.server.log.preallocated.size = 16384 (custom)
2020-10-09 12:54:08,166 [pool-389-thread-1] INFO  server.RaftServerConfigKeys (ConfUtils.java:logGet(44)) - raft.server.log.write.buffer.size = 1048576 (custom)
2020-10-09 12:54:08,166 [pool-389-thread-1] INFO  server.RaftServerConfigKeys (ConfUtils.java:logGet(44)) - raft.server.log.force.sync.num = 128 (default)
2020-10-09 12:54:08,166 [pool-389-thread-1] INFO  server.RaftServerConfigKeys (ConfUtils.java:logGet(44)) - raft.server.log.statemachine.data.sync = true (default)
2020-10-09 12:54:08,166 [pool-389-thread-1] INFO  server.RaftServerConfigKeys (ConfUtils.java:logGet(44)) - raft.server.log.statemachine.data.sync.timeout = 10s (default)
2020-10-09 12:54:08,166 [pool-389-thread-1] INFO  server.RaftServerConfigKeys (ConfUtils.java:logGet(44)) - raft.server.log.statemachine.data.sync.timeout.retry = -1 (default)
2020-10-09 12:54:08,173 [Listener at 127.0.0.1/36087] INFO  segmented.SegmentedRaftLogWorker (SegmentedRaftLogWorker.java:close(234)) - 45ecfedc-f1ca-4ee4-92ac-24908ad068c6@group-8A46ABBCFB7D-SegmentedRaftLogWorker close()
2020-10-09 12:54:08,174 [Command processor thread] INFO  impl.RaftServerProxy (RaftServerProxy.java:remove(103)) - 38f48239-bc06-46da-ac74-74ed7351a0a0: remove  FOLLOWER 38f48239-bc06-46da-ac74-74ed7351a0a0@group-8A46ABBCFB7D:t1, leader=630ef14c-7f18-435b-8dbc-84d96446fc51, voted=630ef14c-7f18-435b-8dbc-84d96446fc51, raftlog=38f48239-bc06-46da-ac74-74ed7351a0a0@group-8A46ABBCFB7D-SegmentedRaftLog:OPENED:c1,f2,i2, conf=0: [630ef14c-7f18-435b-8dbc-84d96446fc51:172.17.0.2:34737:0, 45ecfedc-f1ca-4ee4-92ac-24908ad068c6:172.17.0.2:39189:0, 38f48239-bc06-46da-ac74-74ed7351a0a0:172.17.0.2:41897:0], old=null RUNNING
2020-10-09 12:54:08,174 [Command processor thread] INFO  impl.RaftServerImpl (RaftServerImpl.java:lambda$shutdown$3(321)) - 38f48239-bc06-46da-ac74-74ed7351a0a0@group-8A46ABBCFB7D: shutdown
2020-10-09 12:54:08,175 [Command processor thread] INFO  util.JmxRegister (JmxRegister.java:unregister(73)) - Successfully un-registered JMX Bean with object name Ratis:service=RaftServer,group=group-8A46ABBCFB7D,id=38f48239-bc06-46da-ac74-74ed7351a0a0
2020-10-09 12:54:08,175 [Command processor thread] INFO  impl.RoleInfo (RoleInfo.java:shutdownFollowerState(121)) - 38f48239-bc06-46da-ac74-74ed7351a0a0: shutdown FollowerState
2020-10-09 12:54:08,175 [Command processor thread] INFO  impl.StateMachineUpdater (StateMachineUpdater.java:stopAndJoin(142)) - 38f48239-bc06-46da-ac74-74ed7351a0a0@group-8A46ABBCFB7D-StateMachineUpdater: set stopIndex = 1
2020-10-09 12:54:08,175 [Thread-1340] INFO  impl.FollowerState (FollowerState.java:run(117)) - 38f48239-bc06-46da-ac74-74ed7351a0a0@group-8A46ABBCFB7D-FollowerState was interrupted: java.lang.InterruptedException: sleep interrupted
2020-10-09 12:54:08,175 [Listener at 127.0.0.1/36087] INFO  metrics.RatisMetrics (RatisMetrics.java:unregister(43)) - Unregistering Metrics Registry : ratis.log_worker.45ecfedc-f1ca-4ee4-92ac-24908ad068c6@group-8A46ABBCFB7D
2020-10-09 12:54:08,176 [Listener at 127.0.0.1/36087] INFO  metrics.RatisMetrics (RatisMetrics.java:unregister(43)) - Unregistering Metrics Registry : ratis.leader_election.45ecfedc-f1ca-4ee4-92ac-24908ad068c6@group-8A46ABBCFB7D
2020-10-09 12:54:08,176 [Listener at 127.0.0.1/36087] INFO  metrics.RatisMetrics (RatisMetrics.java:unregister(43)) - Unregistering Metrics Registry : ratis.server.45ecfedc-f1ca-4ee4-92ac-24908ad068c6@group-8A46ABBCFB7D
2020-10-09 12:54:08,179 [Listener at 127.0.0.1/36087] INFO  impl.RaftServerImpl (RaftServerImpl.java:groupRemove(292)) - 45ecfedc-f1ca-4ee4-92ac-24908ad068c6@group-8A46ABBCFB7D: Succeed to remove RaftStorageDirectory Storage Directory /github/workspace/mnt/ozone/hadoop-ozone/integration-test/target/test-dir/MiniOzoneClusterImpl-691c6000-d337-4848-84ec-e56c11f2c172/datanode-1/data/ratis/00658d78-ed27-4808-a5ae-8a46abbcfb7d
2020-10-09 12:54:08,181 [38f48239-bc06-46da-ac74-74ed7351a0a0@group-8A46ABBCFB7D-StateMachineUpdater] INFO  ratis.ContainerStateMachine (ContainerStateMachine.java:takeSnapshot(293)) - group-8A46ABBCFB7D: Taking a snapshot at:(t:1, i:1) file /github/workspace/mnt/ozone/hadoop-ozone/integration-test/target/test-dir/MiniOzoneClusterImpl-691c6000-d337-4848-84ec-e56c11f2c172/datanode-2/data/ratis/00658d78-ed27-4808-a5ae-8a46abbcfb7d/sm/snapshot.1_1
2020-10-09 12:54:08,182 [pool-389-thread-1] INFO  server.RaftServerConfigKeys (ConfUtils.java:logGet(44)) - raft.server.log.statemachine.data.caching.enabled = true (custom)
2020-10-09 12:54:08,182 [pool-389-thread-1] INFO  segmented.SegmentedRaftLogWorker (SegmentedRaftLogWorker.java:lambda$new$0(129)) - 45ecfedc-f1ca-4ee4-92ac-24908ad068c6@group-1F5D27D084E0-SegmentedRaftLogWorker: flushIndex: setUnconditionally 0 -> -1
2020-10-09 12:54:08,182 [pool-389-thread-1] INFO  segmented.SegmentedRaftLogWorker (SegmentedRaftLogWorker.java:lambda$new$0(129)) - 45ecfedc-f1ca-4ee4-92ac-24908ad068c6@group-1F5D27D084E0-SegmentedRaftLogWorker: safeCacheEvictIndex: setUnconditionally 0 -> -1
2020-10-09 12:54:08,183 [pool-389-thread-1] INFO  server.RaftServerConfigKeys (ConfUtils.java:logGet(44)) - raft.server.snapshot.auto.trigger.enabled = true (custom)
2020-10-09 12:54:08,183 [pool-389-thread-1] INFO  server.RaftServerConfigKeys (ConfUtils.java:logGet(44)) - raft.server.snapshot.auto.trigger.threshold = 10000 (custom)
2020-10-09 12:54:08,183 [pool-389-thread-1] INFO  server.RaftServerConfigKeys (ConfUtils.java:logGet(44)) - raft.server.snapshot.retention.file.num = 5 (custom)
2020-10-09 12:54:08,183 [pool-389-thread-1] INFO  server.RaftServerConfigKeys (ConfUtils.java:logGet(44)) - raft.server.log.purge.upto.snapshot.index = false (default)
2020-10-09 12:54:08,183 [pool-389-thread-1] INFO  server.RaftServerConfigKeys (ConfUtils.java:logGet(44)) - raft.server.retrycache.expirytime = 600000ms (custom)
2020-10-09 12:54:08,183 [Listener at 127.0.0.1/36087] INFO  keyvalue.KeyValueContainer (KeyValueContainer.java:flushAndSyncDB(388)) - Container 1 is synced with bcsId 0.
2020-10-09 12:54:08,183 [Listener at 127.0.0.1/36087] INFO  keyvalue.KeyValueContainer (KeyValueContainer.java:flushAndSyncDB(388)) - Container 1 is synced with bcsId 0.
2020-10-09 12:54:08,183 [pool-389-thread-1] INFO  metrics.RatisMetrics (RatisMetrics.java:lambda$create$0(36)) - Creating Metrics Registry : ratis.leader_election.45ecfedc-f1ca-4ee4-92ac-24908ad068c6@group-1F5D27D084E0
2020-10-09 12:54:08,184 [pool-389-thread-1] INFO  metrics.RatisMetrics (RatisMetrics.java:lambda$create$0(36)) - Creating Metrics Registry : ratis.server.45ecfedc-f1ca-4ee4-92ac-24908ad068c6@group-1F5D27D084E0
2020-10-09 12:54:08,185 [pool-389-thread-1] INFO  impl.RaftServerImpl (RaftServerImpl.java:start(209)) - 45ecfedc-f1ca-4ee4-92ac-24908ad068c6@group-1F5D27D084E0: start as a follower, conf=-1: [630ef14c-7f18-435b-8dbc-84d96446fc51:172.17.0.2:34737:0, 45ecfedc-f1ca-4ee4-92ac-24908ad068c6:172.17.0.2:39189:0, 38f48239-bc06-46da-ac74-74ed7351a0a0:172.17.0.2:41897:0], old=null
2020-10-09 12:54:08,185 [pool-389-thread-1] INFO  impl.RaftServerImpl (RaftServerImpl.java:setRole(198)) - 45ecfedc-f1ca-4ee4-92ac-24908ad068c6@group-1F5D27D084E0: changes role from      null to FOLLOWER at term 0 for startAsFollower
2020-10-09 12:54:08,185 [pool-389-thread-1] INFO  impl.RoleInfo (RoleInfo.java:updateAndGet(143)) - 45ecfedc-f1ca-4ee4-92ac-24908ad068c6: start FollowerState
2020-10-09 12:54:08,183 [38f48239-bc06-46da-ac74-74ed7351a0a0@group-8A46ABBCFB7D-StateMachineUpdater] INFO  ratis.ContainerStateMachine (ContainerStateMachine.java:takeSnapshot(304)) - group-8A46ABBCFB7D: Finished taking a snapshot at:(t:1, i:1) file:/github/workspace/mnt/ozone/hadoop-ozone/integration-test/target/test-dir/MiniOzoneClusterImpl-691c6000-d337-4848-84ec-e56c11f2c172/datanode-2/data/ratis/00658d78-ed27-4808-a5ae-8a46abbcfb7d/sm/snapshot.1_1 time:2
2020-10-09 12:54:08,186 [38f48239-bc06-46da-ac74-74ed7351a0a0@group-8A46ABBCFB7D-StateMachineUpdater] INFO  impl.StateMachineUpdater (StateMachineUpdater.java:takeSnapshot(277)) - 38f48239-bc06-46da-ac74-74ed7351a0a0@group-8A46ABBCFB7D-StateMachineUpdater: Took a snapshot at index 1
2020-10-09 12:54:08,186 [38f48239-bc06-46da-ac74-74ed7351a0a0@group-8A46ABBCFB7D-StateMachineUpdater] INFO  impl.StateMachineUpdater (StateMachineUpdater.java:lambda$new$0(87)) - 38f48239-bc06-46da-ac74-74ed7351a0a0@group-8A46ABBCFB7D-StateMachineUpdater: snapshotIndex: updateIncreasingly -1 -> 1
2020-10-09 12:54:08,187 [pool-389-thread-1] INFO  util.JmxRegister (JmxRegister.java:tryRegister(44)) - Successfully registered JMX Bean with object name Ratis:service=RaftServer,group=group-1F5D27D084E0,id=45ecfedc-f1ca-4ee4-92ac-24908ad068c6
2020-10-09 12:54:08,187 [pool-389-thread-1] INFO  metrics.RatisMetrics (RatisMetrics.java:lambda$create$0(36)) - Creating Metrics Registry : ratis.state_machine.45ecfedc-f1ca-4ee4-92ac-24908ad068c6@group-1F5D27D084E0
2020-10-09 12:54:08,192 [38f48239-bc06-46da-ac74-74ed7351a0a0@group-8A46ABBCFB7D-StateMachineUpdater] INFO  metrics.RatisMetrics (RatisMetrics.java:unregister(43)) - Unregistering Metrics Registry : ratis.state_machine.38f48239-bc06-46da-ac74-74ed7351a0a0@group-8A46ABBCFB7D
2020-10-09 12:54:08,192 [Command processor thread] INFO  impl.RaftServerImpl (ServerState.java:close(405)) - 38f48239-bc06-46da-ac74-74ed7351a0a0@group-8A46ABBCFB7D: closes. applyIndex: 1
2020-10-09 12:54:08,192 [38f48239-bc06-46da-ac74-74ed7351a0a0@group-8A46ABBCFB7D-SegmentedRaftLogWorker] INFO  segmented.SegmentedRaftLogWorker (SegmentedRaftLogWorker.java:run(327)) - 38f48239-bc06-46da-ac74-74ed7351a0a0@group-8A46ABBCFB7D-SegmentedRaftLogWorker was interrupted, exiting. There are 0 tasks remaining in the queue.
2020-10-09 12:54:08,193 [Command processor thread] INFO  segmented.SegmentedRaftLogWorker (SegmentedRaftLogWorker.java:close(234)) - 38f48239-bc06-46da-ac74-74ed7351a0a0@group-8A46ABBCFB7D-SegmentedRaftLogWorker close()
2020-10-09 12:54:08,196 [Command processor thread] INFO  metrics.RatisMetrics (RatisMetrics.java:unregister(43)) - Unregistering Metrics Registry : ratis.log_worker.38f48239-bc06-46da-ac74-74ed7351a0a0@group-8A46ABBCFB7D
2020-10-09 12:54:08,196 [Command processor thread] INFO  metrics.RatisMetrics (RatisMetrics.java:unregister(43)) - Unregistering Metrics Registry : ratis.leader_election.38f48239-bc06-46da-ac74-74ed7351a0a0@group-8A46ABBCFB7D
2020-10-09 12:54:08,196 [Command processor thread] INFO  metrics.RatisMetrics (RatisMetrics.java:unregister(43)) - Unregistering Metrics Registry : ratis.server.38f48239-bc06-46da-ac74-74ed7351a0a0@group-8A46ABBCFB7D
2020-10-09 12:54:08,196 [Command processor thread] INFO  metrics.RatisMetrics (RatisMetrics.java:lambda$create$0(36)) - Creating Metrics Registry : ratis.client_message_metrics.client-76F277A3115B->630ef14c-7f18-435b-8dbc-84d96446fc51
2020-10-09 12:54:08,197 [Command processor thread] INFO  impl.RaftServerImpl (RaftServerImpl.java:groupRemove(292)) - 38f48239-bc06-46da-ac74-74ed7351a0a0@group-8A46ABBCFB7D: Succeed to remove RaftStorageDirectory Storage Directory /github/workspace/mnt/ozone/hadoop-ozone/integration-test/target/test-dir/MiniOzoneClusterImpl-691c6000-d337-4848-84ec-e56c11f2c172/datanode-2/data/ratis/00658d78-ed27-4808-a5ae-8a46abbcfb7d
2020-10-09 12:54:08,200 [Listener at 127.0.0.1/36087] WARN  impl.RaftServerProxy (RaftServerProxy.java:remove(98)) - 38f48239-bc06-46da-ac74-74ed7351a0a0: does not contain group: group-8A46ABBCFB7D
2020-10-09 12:54:08,201 [Listener at 127.0.0.1/36087] INFO  ozone.MiniOzoneClusterImpl (MiniOzoneClusterImpl.java:shutdown(387)) - Shutting down the Mini Ozone Cluster
2020-10-09 12:54:08,201 [Listener at 127.0.0.1/36087] INFO  ozone.MiniOzoneClusterImpl (MiniOzoneClusterImpl.java:stop(402)) - Stopping the Mini Ozone Cluster
2020-10-09 12:54:08,202 [Listener at 127.0.0.1/36087] INFO  ozone.MiniOzoneClusterImpl (MiniOzoneClusterImpl.java:stopOM(484)) - Stopping the OzoneManager
2020-10-09 12:54:08,202 [Listener at 127.0.0.1/36087] INFO  ipc.Server (Server.java:stop(3359)) - Stopping server on 36087
2020-10-09 12:54:08,203 [IPC Server listener on 0] INFO  ipc.Server (Server.java:run(1330)) - Stopping IPC Server listener on 0
2020-10-09 12:54:08,209 [Listener at 127.0.0.1/36087] INFO  ratis.OzoneManagerDoubleBuffer (OzoneManagerDoubleBuffer.java:stop(458)) - Stopping OMDoubleBuffer flush thread
2020-10-09 12:54:08,209 [IPC Server Responder] INFO  ipc.Server (Server.java:run(1465)) - Stopping IPC Server Responder
2020-10-09 12:54:08,210 [OMDoubleBufferFlushThread] INFO  ratis.OzoneManagerDoubleBuffer (OzoneManagerDoubleBuffer.java:flushTransactions(357)) - OMDoubleBuffer flush thread OMDoubleBufferFlushThread is interrupted and will exit. OMDoubleBufferFlushThread
2020-10-09 12:54:08,210 [Listener at 127.0.0.1/36087] INFO  utils.BackgroundService (BackgroundService.java:shutdown(132)) - Shutting down service KeyDeletingService
2020-10-09 12:54:08,211 [grpc-default-executor-2] INFO  impl.RaftServerProxy (RaftServerProxy.java:addNew(92)) - 630ef14c-7f18-435b-8dbc-84d96446fc51: addNew group-1F5D27D084E0:[630ef14c-7f18-435b-8dbc-84d96446fc51:172.17.0.2:34737:0, 45ecfedc-f1ca-4ee4-92ac-24908ad068c6:172.17.0.2:39189:0, 38f48239-bc06-46da-ac74-74ed7351a0a0:172.17.0.2:41897:0] returns group-1F5D27D084E0:java.util.concurrent.CompletableFuture@79a55e3[Not completed]
2020-10-09 12:54:08,212 [pool-374-thread-1] INFO  impl.RaftServerImpl (RaftServerImpl.java:<init>(120)) - 630ef14c-7f18-435b-8dbc-84d96446fc51: new RaftServerImpl for group-1F5D27D084E0:[630ef14c-7f18-435b-8dbc-84d96446fc51:172.17.0.2:34737:0, 45ecfedc-f1ca-4ee4-92ac-24908ad068c6:172.17.0.2:39189:0, 38f48239-bc06-46da-ac74-74ed7351a0a0:172.17.0.2:41897:0] with ContainerStateMachine:uninitialized
2020-10-09 12:54:08,212 [pool-374-thread-1] INFO  server.RaftServerConfigKeys (ConfUtils.java:logGet(44)) - raft.server.rpc.timeout.min = 5s (custom)
2020-10-09 12:54:08,212 [pool-374-thread-1] INFO  server.RaftServerConfigKeys (ConfUtils.java:logGet(44)) - raft.server.rpc.timeout.max = 5200ms (custom)
2020-10-09 12:54:08,212 [pool-374-thread-1] INFO  server.RaftServerConfigKeys (ConfUtils.java:logGet(44)) - raft.server.rpcslowness.timeout = 300000ms (custom)
2020-10-09 12:54:08,212 [pool-374-thread-1] INFO  server.RaftServerConfigKeys (ConfUtils.java:logGet(44)) - raft.server.sleep.deviation.threshold = 300 (default)
2020-10-09 12:54:08,212 [pool-374-thread-1] INFO  server.RaftServerConfigKeys (ConfUtils.java:logGet(44)) - raft.server.log.appender.install.snapshot.enabled = false (custom)
2020-10-09 12:54:08,212 [Listener at 127.0.0.1/36087] INFO  handler.ContextHandler (ContextHandler.java:doStop(1016)) - Stopped o.e.j.w.WebAppContext@11b59291{ozoneManager,/,null,UNAVAILABLE}{file:/github/workspace/mnt/ozone/hadoop-ozone/integration-test/target/test-classes/webapps/ozoneManager}
2020-10-09 12:54:08,212 [pool-374-thread-1] INFO  impl.RaftServerImpl (ServerState.java:<init>(104)) - 630ef14c-7f18-435b-8dbc-84d96446fc51@group-1F5D27D084E0: ConfigurationManager, init=-1: [630ef14c-7f18-435b-8dbc-84d96446fc51:172.17.0.2:34737:0, 45ecfedc-f1ca-4ee4-92ac-24908ad068c6:172.17.0.2:39189:0, 38f48239-bc06-46da-ac74-74ed7351a0a0:172.17.0.2:41897:0], old=null, confs=<EMPTY_MAP>
2020-10-09 12:54:08,213 [pool-374-thread-1] INFO  server.RaftServerConfigKeys (ConfUtils.java:logGet(44)) - raft.server.storage.dir = [/github/workspace/mnt/ozone/hadoop-ozone/integration-test/target/test-dir/MiniOzoneClusterImpl-691c6000-d337-4848-84ec-e56c11f2c172/datanode-0/data/ratis] (custom)
2020-10-09 12:54:08,211 [Command processor thread] INFO  keyvalue.KeyValueContainer (KeyValueContainer.java:flushAndSyncDB(388)) - Container 1 is synced with bcsId 0.
2020-10-09 12:54:08,213 [Command processor thread] INFO  keyvalue.KeyValueContainer (KeyValueContainer.java:flushAndSyncDB(388)) - Container 1 is synced with bcsId 0.
2020-10-09 12:54:08,213 [pool-374-thread-1] INFO  server.RaftServerConfigKeys (ConfUtils.java:logGet(44)) - raft.server.log.corruption.policy = EXCEPTION (default)
2020-10-09 12:54:08,214 [pool-374-thread-1] INFO  storage.RaftStorageDirectory (RaftStorageDirectory.java:analyzeStorage(261)) - The storage directory /github/workspace/mnt/ozone/hadoop-ozone/integration-test/target/test-dir/MiniOzoneClusterImpl-691c6000-d337-4848-84ec-e56c11f2c172/datanode-0/data/ratis/a90f1cca-b800-4b2d-bc21-1f5d27d084e0 does not exist. Creating ...
2020-10-09 12:54:08,215 [Listener at 127.0.0.1/36087] INFO  server.AbstractConnector (AbstractConnector.java:doStop(380)) - Stopped ServerConnector@38617f1c{HTTP/1.1,[http/1.1]}{0.0.0.0:0}
2020-10-09 12:54:08,215 [Listener at 127.0.0.1/36087] INFO  server.session (HouseKeeper.java:stopScavenging(158)) - node0 Stopped scavenging
2020-10-09 12:54:08,215 [Listener at 127.0.0.1/36087] INFO  handler.ContextHandler (ContextHandler.java:doStop(1016)) - Stopped o.e.j.s.ServletContextHandler@7f7168e7{static,/static,file:///github/workspace/mnt/ozone/hadoop-ozone/integration-test/target/test-classes/webapps/static,UNAVAILABLE}
2020-10-09 12:54:08,215 [Listener at 127.0.0.1/36087] INFO  handler.ContextHandler (ContextHandler.java:doStop(1016)) - Stopped o.e.j.s.ServletContextHandler@84e1883{logs,/logs,file:///github/workspace/mnt/ozone/hadoop-ozone/integration-test/target/log,UNAVAILABLE}
2020-10-09 12:54:08,217 [pool-374-thread-1] INFO  storage.RaftStorageDirectory (RaftStorageDirectory.java:tryLock(343)) - Lock on /github/workspace/mnt/ozone/hadoop-ozone/integration-test/target/test-dir/MiniOzoneClusterImpl-691c6000-d337-4848-84ec-e56c11f2c172/datanode-0/data/ratis/a90f1cca-b800-4b2d-bc21-1f5d27d084e0/in_use.lock acquired by nodename 5888@44394113892a
2020-10-09 12:54:08,219 [pool-374-thread-1] INFO  storage.RaftStorage (RaftStorage.java:format(84)) - Storage directory /github/workspace/mnt/ozone/hadoop-ozone/integration-test/target/test-dir/MiniOzoneClusterImpl-691c6000-d337-4848-84ec-e56c11f2c172/datanode-0/data/ratis/a90f1cca-b800-4b2d-bc21-1f5d27d084e0 has been successfully formatted.
2020-10-09 12:54:08,219 [pool-374-thread-1] INFO  ratis.ContainerStateMachine (ContainerStateMachine.java:loadSnapshot(225)) - group-1F5D27D084E0: The snapshot info is null. Setting the last applied indexto:(t:0, i:~)
2020-10-09 12:54:08,219 [pool-374-thread-1] INFO  server.RaftServerConfigKeys (ConfUtils.java:logGet(44)) - raft.server.notification.no-leader.timeout = 300000ms (custom)
2020-10-09 12:54:08,219 [pool-374-thread-1] INFO  server.RaftServerConfigKeys (ConfUtils.java:logGet(44)) - raft.server.log.use.memory = false (default)
2020-10-09 12:54:08,219 [pool-374-thread-1] INFO  server.RaftServerConfigKeys (ConfUtils.java:logGet(44)) - raft.server.log.purge.gap = 1000000 (custom)
2020-10-09 12:54:08,220 [pool-374-thread-1] INFO  metrics.RatisMetrics (RatisMetrics.java:lambda$create$0(36)) - Creating Metrics Registry : ratis.log_worker.630ef14c-7f18-435b-8dbc-84d96446fc51@group-1F5D27D084E0
2020-10-09 12:54:08,220 [pool-374-thread-1] INFO  server.RaftServerConfigKeys (ConfUtils.java:logGet(44)) - raft.server.log.appender.buffer.byte-limit = 33554432 (custom)
2020-10-09 12:54:08,220 [pool-374-thread-1] INFO  server.RaftServerConfigKeys (ConfUtils.java:logGet(44)) - raft.server.log.segment.size.max = 1048576 (custom)
2020-10-09 12:54:08,223 [pool-374-thread-1] INFO  server.RaftServerConfigKeys (ConfUtils.java:logGet(44)) - raft.server.log.segment.cache.num.max = 2 (custom)
2020-10-09 12:54:08,223 [pool-374-thread-1] INFO  segmented.SegmentedRaftLogWorker (SegmentedRaftLogWorker.java:<init>(180)) - new 630ef14c-7f18-435b-8dbc-84d96446fc51@group-1F5D27D084E0-SegmentedRaftLogWorker for RaftStorage:Storage Directory /github/workspace/mnt/ozone/hadoop-ozone/integration-test/target/test-dir/MiniOzoneClusterImpl-691c6000-d337-4848-84ec-e56c11f2c172/datanode-0/data/ratis/a90f1cca-b800-4b2d-bc21-1f5d27d084e0
2020-10-09 12:54:08,223 [pool-374-thread-1] INFO  server.RaftServerConfigKeys (ConfUtils.java:logGet(44)) - raft.server.log.queue.byte-limit = 2147483647 (custom)
2020-10-09 12:54:08,223 [pool-374-thread-1] INFO  server.RaftServerConfigKeys (ConfUtils.java:logGet(44)) - raft.server.log.queue.element-limit = 1024 (custom)
2020-10-09 12:54:08,223 [pool-374-thread-1] INFO  server.RaftServerConfigKeys (ConfUtils.java:logGet(44)) - raft.server.log.segment.size.max = 1048576 (custom)
2020-10-09 12:54:08,223 [pool-374-thread-1] INFO  server.RaftServerConfigKeys (ConfUtils.java:logGet(44)) - raft.server.log.preallocated.size = 16384 (custom)
2020-10-09 12:54:08,223 [pool-374-thread-1] INFO  server.RaftServerConfigKeys (ConfUtils.java:logGet(44)) - raft.server.log.write.buffer.size = 1048576 (custom)
2020-10-09 12:54:08,223 [pool-374-thread-1] INFO  server.RaftServerConfigKeys (ConfUtils.java:logGet(44)) - raft.server.log.force.sync.num = 128 (default)
2020-10-09 12:54:08,223 [pool-374-thread-1] INFO  server.RaftServerConfigKeys (ConfUtils.java:logGet(44)) - raft.server.log.statemachine.data.sync = true (default)
2020-10-09 12:54:08,223 [pool-374-thread-1] INFO  server.RaftServerConfigKeys (ConfUtils.java:logGet(44)) - raft.server.log.statemachine.data.sync.timeout = 10s (default)
2020-10-09 12:54:08,224 [pool-374-thread-1] INFO  server.RaftServerConfigKeys (ConfUtils.java:logGet(44)) - raft.server.log.statemachine.data.sync.timeout.retry = -1 (default)
2020-10-09 12:54:08,226 [pool-374-thread-1] INFO  server.RaftServerConfigKeys (ConfUtils.java:logGet(44)) - raft.server.log.statemachine.data.caching.enabled = true (custom)
2020-10-09 12:54:08,227 [pool-374-thread-1] INFO  segmented.SegmentedRaftLogWorker (SegmentedRaftLogWorker.java:lambda$new$0(129)) - 630ef14c-7f18-435b-8dbc-84d96446fc51@group-1F5D27D084E0-SegmentedRaftLogWorker: flushIndex: setUnconditionally 0 -> -1
2020-10-09 12:54:08,228 [pool-374-thread-1] INFO  segmented.SegmentedRaftLogWorker (SegmentedRaftLogWorker.java:lambda$new$0(129)) - 630ef14c-7f18-435b-8dbc-84d96446fc51@group-1F5D27D084E0-SegmentedRaftLogWorker: safeCacheEvictIndex: setUnconditionally 0 -> -1
2020-10-09 12:54:08,218 [Command processor thread] INFO  commandhandler.ClosePipelineCommandHandler (ClosePipelineCommandHandler.java:handle(78)) - Close Pipeline #id: "00658d78-ed27-4808-a5ae-8a46abbcfb7d"
uuid128 {
  mostSigBits: 28584523162142728
  leastSigBits: -6508112375370155139
}
 command on datanode #38f48239-bc06-46da-ac74-74ed7351a0a0.
2020-10-09 12:54:08,229 [Listener at 127.0.0.1/36087] INFO  ozone.MiniOzoneClusterImpl (MiniOzoneClusterImpl.java:stopDatanodes(461)) - Stopping the HddsDatanodes
2020-10-09 12:54:08,229 [Command processor thread] INFO  impl.RaftServerProxy (RaftServerProxy.java:addNew(92)) - 38f48239-bc06-46da-ac74-74ed7351a0a0: addNew group-1F5D27D084E0:[630ef14c-7f18-435b-8dbc-84d96446fc51:172.17.0.2:34737:0, 45ecfedc-f1ca-4ee4-92ac-24908ad068c6:172.17.0.2:39189:0, 38f48239-bc06-46da-ac74-74ed7351a0a0:172.17.0.2:41897:0] returns group-1F5D27D084E0:java.util.concurrent.CompletableFuture@4e6eb05a[Not completed]
2020-10-09 12:54:08,229 [pool-404-thread-1] INFO  impl.RaftServerImpl (RaftServerImpl.java:<init>(120)) - 38f48239-bc06-46da-ac74-74ed7351a0a0: new RaftServerImpl for group-1F5D27D084E0:[630ef14c-7f18-435b-8dbc-84d96446fc51:172.17.0.2:34737:0, 45ecfedc-f1ca-4ee4-92ac-24908ad068c6:172.17.0.2:39189:0, 38f48239-bc06-46da-ac74-74ed7351a0a0:172.17.0.2:41897:0] with ContainerStateMachine:uninitialized
2020-10-09 12:54:08,229 [pool-404-thread-1] INFO  server.RaftServerConfigKeys (ConfUtils.java:logGet(44)) - raft.server.rpc.timeout.min = 5s (custom)
2020-10-09 12:54:08,230 [pool-404-thread-1] INFO  server.RaftServerConfigKeys (ConfUtils.java:logGet(44)) - raft.server.rpc.timeout.max = 5200ms (custom)
2020-10-09 12:54:08,230 [pool-404-thread-1] INFO  server.RaftServerConfigKeys (ConfUtils.java:logGet(44)) - raft.server.rpcslowness.timeout = 300000ms (custom)
2020-10-09 12:54:08,230 [pool-404-thread-1] INFO  server.RaftServerConfigKeys (ConfUtils.java:logGet(44)) - raft.server.sleep.deviation.threshold = 300 (default)
2020-10-09 12:54:08,230 [pool-404-thread-1] INFO  server.RaftServerConfigKeys (ConfUtils.java:logGet(44)) - raft.server.log.appender.install.snapshot.enabled = false (custom)
2020-10-09 12:54:08,230 [pool-404-thread-1] INFO  impl.RaftServerImpl (ServerState.java:<init>(104)) - 38f48239-bc06-46da-ac74-74ed7351a0a0@group-1F5D27D084E0: ConfigurationManager, init=-1: [630ef14c-7f18-435b-8dbc-84d96446fc51:172.17.0.2:34737:0, 45ecfedc-f1ca-4ee4-92ac-24908ad068c6:172.17.0.2:39189:0, 38f48239-bc06-46da-ac74-74ed7351a0a0:172.17.0.2:41897:0], old=null, confs=<EMPTY_MAP>
2020-10-09 12:54:08,230 [pool-404-thread-1] INFO  server.RaftServerConfigKeys (ConfUtils.java:logGet(44)) - raft.server.storage.dir = [/github/workspace/mnt/ozone/hadoop-ozone/integration-test/target/test-dir/MiniOzoneClusterImpl-691c6000-d337-4848-84ec-e56c11f2c172/datanode-2/data/ratis] (custom)
2020-10-09 12:54:08,230 [pool-404-thread-1] INFO  server.RaftServerConfigKeys (ConfUtils.java:logGet(44)) - raft.server.log.corruption.policy = EXCEPTION (default)
2020-10-09 12:54:08,230 [pool-404-thread-1] INFO  storage.RaftStorageDirectory (RaftStorageDirectory.java:analyzeStorage(261)) - The storage directory /github/workspace/mnt/ozone/hadoop-ozone/integration-test/target/test-dir/MiniOzoneClusterImpl-691c6000-d337-4848-84ec-e56c11f2c172/datanode-2/data/ratis/a90f1cca-b800-4b2d-bc21-1f5d27d084e0 does not exist. Creating ...
2020-10-09 12:54:08,234 [pool-404-thread-1] INFO  storage.RaftStorageDirectory (RaftStorageDirectory.java:tryLock(343)) - Lock on /github/workspace/mnt/ozone/hadoop-ozone/integration-test/target/test-dir/MiniOzoneClusterImpl-691c6000-d337-4848-84ec-e56c11f2c172/datanode-2/data/ratis/a90f1cca-b800-4b2d-bc21-1f5d27d084e0/in_use.lock acquired by nodename 5888@44394113892a
2020-10-09 12:54:08,235 [pool-404-thread-1] INFO  storage.RaftStorage (RaftStorage.java:format(84)) - Storage directory /github/workspace/mnt/ozone/hadoop-ozone/integration-test/target/test-dir/MiniOzoneClusterImpl-691c6000-d337-4848-84ec-e56c11f2c172/datanode-2/data/ratis/a90f1cca-b800-4b2d-bc21-1f5d27d084e0 has been successfully formatted.
2020-10-09 12:54:08,239 [pool-404-thread-1] INFO  ratis.ContainerStateMachine (ContainerStateMachine.java:loadSnapshot(225)) - group-1F5D27D084E0: The snapshot info is null. Setting the last applied indexto:(t:0, i:~)
2020-10-09 12:54:08,239 [pool-404-thread-1] INFO  server.RaftServerConfigKeys (ConfUtils.java:logGet(44)) - raft.server.notification.no-leader.timeout = 300000ms (custom)
2020-10-09 12:54:08,239 [pool-404-thread-1] INFO  server.RaftServerConfigKeys (ConfUtils.java:logGet(44)) - raft.server.log.use.memory = false (default)
2020-10-09 12:54:08,240 [pool-404-thread-1] INFO  server.RaftServerConfigKeys (ConfUtils.java:logGet(44)) - raft.server.log.purge.gap = 1000000 (custom)
2020-10-09 12:54:08,240 [pool-404-thread-1] INFO  metrics.RatisMetrics (RatisMetrics.java:lambda$create$0(36)) - Creating Metrics Registry : ratis.log_worker.38f48239-bc06-46da-ac74-74ed7351a0a0@group-1F5D27D084E0
2020-10-09 12:54:08,240 [pool-404-thread-1] INFO  server.RaftServerConfigKeys (ConfUtils.java:logGet(44)) - raft.server.log.appender.buffer.byte-limit = 33554432 (custom)
2020-10-09 12:54:08,240 [pool-404-thread-1] INFO  server.RaftServerConfigKeys (ConfUtils.java:logGet(44)) - raft.server.log.segment.size.max = 1048576 (custom)
2020-10-09 12:54:08,240 [pool-404-thread-1] INFO  server.RaftServerConfigKeys (ConfUtils.java:logGet(44)) - raft.server.log.segment.cache.num.max = 2 (custom)
2020-10-09 12:54:08,241 [pool-404-thread-1] INFO  segmented.SegmentedRaftLogWorker (SegmentedRaftLogWorker.java:<init>(180)) - new 38f48239-bc06-46da-ac74-74ed7351a0a0@group-1F5D27D084E0-SegmentedRaftLogWorker for RaftStorage:Storage Directory /github/workspace/mnt/ozone/hadoop-ozone/integration-test/target/test-dir/MiniOzoneClusterImpl-691c6000-d337-4848-84ec-e56c11f2c172/datanode-2/data/ratis/a90f1cca-b800-4b2d-bc21-1f5d27d084e0
2020-10-09 12:54:08,241 [pool-404-thread-1] INFO  server.RaftServerConfigKeys (ConfUtils.java:logGet(44)) - raft.server.log.queue.byte-limit = 2147483647 (custom)
2020-10-09 12:54:08,241 [pool-404-thread-1] INFO  server.RaftServerConfigKeys (ConfUtils.java:logGet(44)) - raft.server.log.queue.element-limit = 1024 (custom)
2020-10-09 12:54:08,241 [pool-404-thread-1] INFO  server.RaftServerConfigKeys (ConfUtils.java:logGet(44)) - raft.server.log.segment.size.max = 1048576 (custom)
2020-10-09 12:54:08,241 [pool-404-thread-1] INFO  server.RaftServerConfigKeys (ConfUtils.java:logGet(44)) - raft.server.log.preallocated.size = 16384 (custom)
2020-10-09 12:54:08,241 [pool-404-thread-1] INFO  server.RaftServerConfigKeys (ConfUtils.java:logGet(44)) - raft.server.log.write.buffer.size = 1048576 (custom)
2020-10-09 12:54:08,241 [pool-404-thread-1] INFO  server.RaftServerConfigKeys (ConfUtils.java:logGet(44)) - raft.server.log.force.sync.num = 128 (default)
2020-10-09 12:54:08,241 [pool-404-thread-1] INFO  server.RaftServerConfigKeys (ConfUtils.java:logGet(44)) - raft.server.log.statemachine.data.sync = true (default)
2020-10-09 12:54:08,241 [pool-404-thread-1] INFO  server.RaftServerConfigKeys (ConfUtils.java:logGet(44)) - raft.server.log.statemachine.data.sync.timeout = 10s (default)
2020-10-09 12:54:08,241 [pool-404-thread-1] INFO  server.RaftServerConfigKeys (ConfUtils.java:logGet(44)) - raft.server.log.statemachine.data.sync.timeout.retry = -1 (default)
2020-10-09 12:54:08,243 [pool-404-thread-1] INFO  server.RaftServerConfigKeys (ConfUtils.java:logGet(44)) - raft.server.log.statemachine.data.caching.enabled = true (custom)
2020-10-09 12:54:08,243 [pool-404-thread-1] INFO  segmented.SegmentedRaftLogWorker (SegmentedRaftLogWorker.java:lambda$new$0(129)) - 38f48239-bc06-46da-ac74-74ed7351a0a0@group-1F5D27D084E0-SegmentedRaftLogWorker: flushIndex: setUnconditionally 0 -> -1
2020-10-09 12:54:08,243 [pool-404-thread-1] INFO  segmented.SegmentedRaftLogWorker (SegmentedRaftLogWorker.java:lambda$new$0(129)) - 38f48239-bc06-46da-ac74-74ed7351a0a0@group-1F5D27D084E0-SegmentedRaftLogWorker: safeCacheEvictIndex: setUnconditionally 0 -> -1
2020-10-09 12:54:08,243 [pool-374-thread-1] INFO  server.RaftServerConfigKeys (ConfUtils.java:logGet(44)) - raft.server.snapshot.auto.trigger.enabled = true (custom)
2020-10-09 12:54:08,243 [pool-374-thread-1] INFO  server.RaftServerConfigKeys (ConfUtils.java:logGet(44)) - raft.server.snapshot.auto.trigger.threshold = 10000 (custom)
2020-10-09 12:54:08,244 [pool-374-thread-1] INFO  server.RaftServerConfigKeys (ConfUtils.java:logGet(44)) - raft.server.snapshot.retention.file.num = 5 (custom)
2020-10-09 12:54:08,244 [pool-374-thread-1] INFO  server.RaftServerConfigKeys (ConfUtils.java:logGet(44)) - raft.server.log.purge.upto.snapshot.index = false (default)
2020-10-09 12:54:08,246 [pool-404-thread-1] INFO  server.RaftServerConfigKeys (ConfUtils.java:logGet(44)) - raft.server.snapshot.auto.trigger.enabled = true (custom)
2020-10-09 12:54:08,246 [pool-374-thread-1] INFO  server.RaftServerConfigKeys (ConfUtils.java:logGet(44)) - raft.server.retrycache.expirytime = 600000ms (custom)
2020-10-09 12:54:08,246 [pool-374-thread-1] INFO  metrics.RatisMetrics (RatisMetrics.java:lambda$create$0(36)) - Creating Metrics Registry : ratis.leader_election.630ef14c-7f18-435b-8dbc-84d96446fc51@group-1F5D27D084E0
2020-10-09 12:54:08,247 [pool-374-thread-1] INFO  metrics.RatisMetrics (RatisMetrics.java:lambda$create$0(36)) - Creating Metrics Registry : ratis.server.630ef14c-7f18-435b-8dbc-84d96446fc51@group-1F5D27D084E0
2020-10-09 12:54:08,249 [pool-374-thread-1] INFO  impl.RaftServerImpl (RaftServerImpl.java:start(209)) - 630ef14c-7f18-435b-8dbc-84d96446fc51@group-1F5D27D084E0: start as a follower, conf=-1: [630ef14c-7f18-435b-8dbc-84d96446fc51:172.17.0.2:34737:0, 45ecfedc-f1ca-4ee4-92ac-24908ad068c6:172.17.0.2:39189:0, 38f48239-bc06-46da-ac74-74ed7351a0a0:172.17.0.2:41897:0], old=null
2020-10-09 12:54:08,249 [pool-374-thread-1] INFO  impl.RaftServerImpl (RaftServerImpl.java:setRole(198)) - 630ef14c-7f18-435b-8dbc-84d96446fc51@group-1F5D27D084E0: changes role from      null to FOLLOWER at term 0 for startAsFollower
2020-10-09 12:54:08,249 [pool-374-thread-1] INFO  impl.RoleInfo (RoleInfo.java:updateAndGet(143)) - 630ef14c-7f18-435b-8dbc-84d96446fc51: start FollowerState
2020-10-09 12:54:08,246 [pool-404-thread-1] INFO  server.RaftServerConfigKeys (ConfUtils.java:logGet(44)) - raft.server.snapshot.auto.trigger.threshold = 10000 (custom)
2020-10-09 12:54:08,249 [pool-404-thread-1] INFO  server.RaftServerConfigKeys (ConfUtils.java:logGet(44)) - raft.server.snapshot.retention.file.num = 5 (custom)
2020-10-09 12:54:08,249 [pool-404-thread-1] INFO  server.RaftServerConfigKeys (ConfUtils.java:logGet(44)) - raft.server.log.purge.upto.snapshot.index = false (default)
2020-10-09 12:54:08,251 [pool-404-thread-1] INFO  server.RaftServerConfigKeys (ConfUtils.java:logGet(44)) - raft.server.retrycache.expirytime = 600000ms (custom)
2020-10-09 12:54:08,251 [pool-404-thread-1] INFO  metrics.RatisMetrics (RatisMetrics.java:lambda$create$0(36)) - Creating Metrics Registry : ratis.leader_election.38f48239-bc06-46da-ac74-74ed7351a0a0@group-1F5D27D084E0
2020-10-09 12:54:08,252 [pool-404-thread-1] INFO  metrics.RatisMetrics (RatisMetrics.java:lambda$create$0(36)) - Creating Metrics Registry : ratis.server.38f48239-bc06-46da-ac74-74ed7351a0a0@group-1F5D27D084E0
2020-10-09 12:54:08,253 [pool-404-thread-1] INFO  impl.RaftServerImpl (RaftServerImpl.java:start(209)) - 38f48239-bc06-46da-ac74-74ed7351a0a0@group-1F5D27D084E0: start as a follower, conf=-1: [630ef14c-7f18-435b-8dbc-84d96446fc51:172.17.0.2:34737:0, 45ecfedc-f1ca-4ee4-92ac-24908ad068c6:172.17.0.2:39189:0, 38f48239-bc06-46da-ac74-74ed7351a0a0:172.17.0.2:41897:0], old=null
2020-10-09 12:54:08,253 [pool-404-thread-1] INFO  impl.RaftServerImpl (RaftServerImpl.java:setRole(198)) - 38f48239-bc06-46da-ac74-74ed7351a0a0@group-1F5D27D084E0: changes role from      null to FOLLOWER at term 0 for startAsFollower
2020-10-09 12:54:08,253 [pool-404-thread-1] INFO  impl.RoleInfo (RoleInfo.java:updateAndGet(143)) - 38f48239-bc06-46da-ac74-74ed7351a0a0: start FollowerState
2020-10-09 12:54:08,258 [pool-374-thread-1] INFO  util.JmxRegister (JmxRegister.java:tryRegister(44)) - Successfully registered JMX Bean with object name Ratis:service=RaftServer,group=group-1F5D27D084E0,id=630ef14c-7f18-435b-8dbc-84d96446fc51
2020-10-09 12:54:08,258 [pool-374-thread-1] INFO  metrics.RatisMetrics (RatisMetrics.java:lambda$create$0(36)) - Creating Metrics Registry : ratis.state_machine.630ef14c-7f18-435b-8dbc-84d96446fc51@group-1F5D27D084E0
2020-10-09 12:54:08,260 [pool-404-thread-1] INFO  util.JmxRegister (JmxRegister.java:tryRegister(44)) - Successfully registered JMX Bean with object name Ratis:service=RaftServer,group=group-1F5D27D084E0,id=38f48239-bc06-46da-ac74-74ed7351a0a0
2020-10-09 12:54:08,260 [pool-404-thread-1] INFO  metrics.RatisMetrics (RatisMetrics.java:lambda$create$0(36)) - Creating Metrics Registry : ratis.state_machine.38f48239-bc06-46da-ac74-74ed7351a0a0@group-1F5D27D084E0
2020-10-09 12:54:08,266 [Command processor thread] INFO  metrics.RatisMetrics (RatisMetrics.java:lambda$create$0(36)) - Creating Metrics Registry : ratis.client_message_metrics.client-96317AE2DF3D->630ef14c-7f18-435b-8dbc-84d96446fc51
2020-10-09 12:54:08,268 [Command processor thread] INFO  metrics.RatisMetrics (RatisMetrics.java:lambda$create$0(36)) - Creating Metrics Registry : ratis.client_message_metrics.client-DC78D7762DD2->38f48239-bc06-46da-ac74-74ed7351a0a0
2020-10-09 12:54:08,290 [Command processor thread] INFO  metrics.RatisMetrics (RatisMetrics.java:lambda$create$0(36)) - Creating Metrics Registry : ratis.client_message_metrics.client-D3E4A99734F7->45ecfedc-f1ca-4ee4-92ac-24908ad068c6
2020-10-09 12:54:08,300 [Command processor thread] INFO  commandhandler.CreatePipelineCommandHandler (CreatePipelineCommandHandler.java:handle(110)) - Created Pipeline RATIS THREE #id: "a90f1cca-b800-4b2d-bc21-1f5d27d084e0"
uuid128 {
  mostSigBits: -6264756899653072083
  leastSigBits: -4890593235387251488
}
.
2020-10-09 12:54:08,316 [Command processor thread] INFO  commandhandler.CreatePipelineCommandHandler (CreatePipelineCommandHandler.java:handle(110)) - Created Pipeline RATIS THREE #id: "a90f1cca-b800-4b2d-bc21-1f5d27d084e0"
uuid128 {
  mostSigBits: -6264756899653072083
  leastSigBits: -4890593235387251488
}
.
2020-10-09 12:54:08,372 [Datanode State Machine Thread - 0] INFO  statemachine.DatanodeStateMachine (DatanodeStateMachine.java:lambda$startDaemon$0(405)) - Ozone container server started.
2020-10-09 12:54:09,239 [Datanode State Machine Thread - 0] INFO  statemachine.DatanodeStateMachine (DatanodeStateMachine.java:lambda$startDaemon$0(405)) - Ozone container server started.
2020-10-09 12:54:10,059 [Command processor thread] WARN  impl.RaftServerProxy (RaftServerProxy.java:remove(98)) - 630ef14c-7f18-435b-8dbc-84d96446fc51: does not contain group: group-8A46ABBCFB7D
2020-10-09 12:54:10,060 [Command processor thread] ERROR commandhandler.ClosePipelineCommandHandler (ClosePipelineCommandHandler.java:handle(81)) - Can't close pipeline #id: "00658d78-ed27-4808-a5ae-8a46abbcfb7d"
uuid128 {
  mostSigBits: 28584523162142728
  leastSigBits: -6508112375370155139
}

java.io.IOException: 630ef14c-7f18-435b-8dbc-84d96446fc51: Group group-8A46ABBCFB7D not found.
	at org.apache.hadoop.ozone.container.common.transport.server.ratis.XceiverServerRatis.removeGroup(XceiverServerRatis.java:742)
	at org.apache.hadoop.ozone.container.common.statemachine.commandhandler.ClosePipelineCommandHandler.handle(ClosePipelineCommandHandler.java:77)
	at org.apache.hadoop.ozone.container.common.statemachine.commandhandler.CommandDispatcher.handle(CommandDispatcher.java:99)
	at org.apache.hadoop.ozone.container.common.statemachine.DatanodeStateMachine.lambda$initCommandHandlerThread$1(DatanodeStateMachine.java:490)
	at java.lang.Thread.run(Thread.java:748)
Caused by: org.apache.ratis.protocol.exceptions.GroupMismatchException: 630ef14c-7f18-435b-8dbc-84d96446fc51: Group group-8A46ABBCFB7D not found.
	at org.apache.ratis.server.impl.RaftServerProxy.groupRemoveAsync(RaftServerProxy.java:419)
	at org.apache.ratis.server.impl.RaftServerProxy.groupManagementAsync(RaftServerProxy.java:375)
	at org.apache.ratis.server.impl.RaftServerProxy.groupManagement(RaftServerProxy.java:358)
	at org.apache.hadoop.ozone.container.common.transport.server.ratis.XceiverServerRatis.removeGroup(XceiverServerRatis.java:740)
	... 4 more
2020-10-09 12:54:10,240 [EventQueue-Delayed safe mode statusForReplicationManager] INFO  container.ReplicationManager (ReplicationManager.java:start(178)) - Starting Replication Monitor Thread.
2020-10-09 12:54:10,245 [ReplicationMonitor] INFO  container.ReplicationManager (ReplicationManager.java:forceCloseContainer(587)) - Force closing container #1 with BCSID 0, which is in QUASI_CLOSED state.
2020-10-09 12:54:10,246 [ReplicationMonitor] INFO  container.ReplicationManager (ReplicationManager.java:sendCloseCommand(881)) - Sending close container command for container #1 to datanode 630ef14c-7f18-435b-8dbc-84d96446fc51{ip: 172.17.0.2, host: 44394113892a, networkLocation: /default-rack, certSerialId: null}.
2020-10-09 12:54:10,246 [ReplicationMonitor] INFO  container.ReplicationManager (ReplicationManager.java:sendCloseCommand(881)) - Sending close container command for container #1 to datanode 45ecfedc-f1ca-4ee4-92ac-24908ad068c6{ip: 172.17.0.2, host: 44394113892a, networkLocation: /default-rack, certSerialId: null}.
2020-10-09 12:54:10,246 [ReplicationMonitor] INFO  container.ReplicationManager (ReplicationManager.java:sendCloseCommand(881)) - Sending close container command for container #1 to datanode 38f48239-bc06-46da-ac74-74ed7351a0a0{ip: 172.17.0.2, host: 44394113892a, networkLocation: /default-rack, certSerialId: null}.
2020-10-09 12:54:10,246 [ReplicationMonitor] INFO  container.ReplicationManager (ReplicationManager.java:run(242)) - Replication Monitor Thread took 5 milliseconds for processing 1 containers.
2020-10-09 12:54:12,201 [Command processor thread] INFO  keyvalue.KeyValueContainer (KeyValueContainer.java:flushAndSyncDB(388)) - Container 1 is synced with bcsId 0.
2020-10-09 12:54:12,202 [Command processor thread] INFO  keyvalue.KeyValueContainer (KeyValueContainer.java:flushAndSyncDB(388)) - Container 1 is synced with bcsId 0.
2020-10-09 12:54:12,205 [Command processor thread] INFO  keyvalue.KeyValueContainer (KeyValueContainer.java:close(326)) - Container 1 is closed with bcsId 0.
2020-10-09 12:54:12,206 [EventQueue-IncrementalContainerReportForIncrementalContainerReportHandler] INFO  container.IncrementalContainerReportHandler (AbstractContainerReportHandler.java:updateContainerState(241)) - Moving container #1 to CLOSED state, datanode 45ecfedc-f1ca-4ee4-92ac-24908ad068c6{ip: 172.17.0.2, host: 44394113892a, networkLocation: /default-rack, certSerialId: null} reported CLOSED replica.
2020-10-09 12:54:13,221 [Command processor thread] INFO  keyvalue.KeyValueContainer (KeyValueContainer.java:flushAndSyncDB(388)) - Container 1 is synced with bcsId 0.
2020-10-09 12:54:13,222 [Command processor thread] INFO  keyvalue.KeyValueContainer (KeyValueContainer.java:flushAndSyncDB(388)) - Container 1 is synced with bcsId 0.
2020-10-09 12:54:13,224 [Command processor thread] INFO  keyvalue.KeyValueContainer (KeyValueContainer.java:close(326)) - Container 1 is closed with bcsId 0.
2020-10-09 12:54:13,246 [Listener at 127.0.0.1/36087] INFO  ozoneimpl.OzoneContainer (OzoneContainer.java:stop(259)) - Attempting to stop container services.
2020-10-09 12:54:13,247 [ForkJoinPool.commonPool-worker-0] INFO  ozoneimpl.OzoneContainer (OzoneContainer.java:stop(259)) - Attempting to stop container services.
2020-10-09 12:54:13,247 [Listener at 127.0.0.1/36087] INFO  impl.RaftServerProxy (RaftServerProxy.java:lambda$close$4(322)) - ba372c3f-ca6e-4b22-85c8-8c60b51fa7c9: close
2020-10-09 12:54:13,247 [ForkJoinPool.commonPool-worker-0] INFO  impl.RaftServerProxy (RaftServerProxy.java:lambda$close$4(322)) - 38f48239-bc06-46da-ac74-74ed7351a0a0: close
2020-10-09 12:54:13,248 [Listener at 127.0.0.1/36087] INFO  impl.RaftServerImpl (RaftServerImpl.java:lambda$shutdown$3(321)) - ba372c3f-ca6e-4b22-85c8-8c60b51fa7c9@group-9EDE46CD1470: shutdown
2020-10-09 12:54:13,248 [Listener at 127.0.0.1/36087] INFO  util.JmxRegister (JmxRegister.java:unregister(73)) - Successfully un-registered JMX Bean with object name Ratis:service=RaftServer,group=group-9EDE46CD1470,id=ba372c3f-ca6e-4b22-85c8-8c60b51fa7c9
2020-10-09 12:54:13,249 [Listener at 127.0.0.1/36087] INFO  impl.RoleInfo (RoleInfo.java:shutdownFollowerState(121)) - ba372c3f-ca6e-4b22-85c8-8c60b51fa7c9: shutdown FollowerState
2020-10-09 12:54:13,248 [ForkJoinPool.commonPool-worker-0] INFO  impl.RaftServerImpl (RaftServerImpl.java:lambda$shutdown$3(321)) - 38f48239-bc06-46da-ac74-74ed7351a0a0@group-1F5D27D084E0: shutdown
2020-10-09 12:54:13,250 [ForkJoinPool.commonPool-worker-0] INFO  util.JmxRegister (JmxRegister.java:unregister(73)) - Successfully un-registered JMX Bean with object name Ratis:service=RaftServer,group=group-1F5D27D084E0,id=38f48239-bc06-46da-ac74-74ed7351a0a0
2020-10-09 12:54:13,250 [ForkJoinPool.commonPool-worker-0] INFO  impl.RoleInfo (RoleInfo.java:shutdownFollowerState(121)) - 38f48239-bc06-46da-ac74-74ed7351a0a0: shutdown FollowerState
2020-10-09 12:54:13,250 [Listener at 127.0.0.1/36087] INFO  impl.StateMachineUpdater (StateMachineUpdater.java:stopAndJoin(142)) - ba372c3f-ca6e-4b22-85c8-8c60b51fa7c9@group-9EDE46CD1470-StateMachineUpdater: set stopIndex = 0
2020-10-09 12:54:13,250 [Thread-1352] INFO  impl.FollowerState (FollowerState.java:run(117)) - ba372c3f-ca6e-4b22-85c8-8c60b51fa7c9@group-9EDE46CD1470-FollowerState was interrupted: java.lang.InterruptedException: sleep interrupted
2020-10-09 12:54:13,251 [38f48239-bc06-46da-ac74-74ed7351a0a0@group-1F5D27D084E0-StateMachineUpdater] INFO  metrics.RatisMetrics (RatisMetrics.java:unregister(43)) - Unregistering Metrics Registry : ratis.state_machine.38f48239-bc06-46da-ac74-74ed7351a0a0@group-1F5D27D084E0
2020-10-09 12:54:13,250 [Thread-1403] INFO  impl.FollowerState (FollowerState.java:run(117)) - 38f48239-bc06-46da-ac74-74ed7351a0a0@group-1F5D27D084E0-FollowerState was interrupted: java.lang.InterruptedException: sleep interrupted
2020-10-09 12:54:13,250 [ForkJoinPool.commonPool-worker-0] INFO  impl.StateMachineUpdater (StateMachineUpdater.java:stopAndJoin(142)) - 38f48239-bc06-46da-ac74-74ed7351a0a0@group-1F5D27D084E0-StateMachineUpdater: set stopIndex = -1
2020-10-09 12:54:13,253 [ForkJoinPool.commonPool-worker-0] INFO  impl.RaftServerImpl (ServerState.java:close(405)) - 38f48239-bc06-46da-ac74-74ed7351a0a0@group-1F5D27D084E0: closes. applyIndex: -1
2020-10-09 12:54:13,250 [ba372c3f-ca6e-4b22-85c8-8c60b51fa7c9@group-9EDE46CD1470-StateMachineUpdater] INFO  ratis.ContainerStateMachine (ContainerStateMachine.java:takeSnapshot(293)) - group-9EDE46CD1470: Taking a snapshot at:(t:1, i:0) file /github/workspace/mnt/ozone/hadoop-ozone/integration-test/target/test-dir/MiniOzoneClusterImpl-691c6000-d337-4848-84ec-e56c11f2c172/datanode-4/data/ratis/bf62a005-c6ba-4874-874d-9ede46cd1470/sm/snapshot.1_0
2020-10-09 12:54:13,253 [38f48239-bc06-46da-ac74-74ed7351a0a0@group-1F5D27D084E0-SegmentedRaftLogWorker] INFO  segmented.SegmentedRaftLogWorker (SegmentedRaftLogWorker.java:run(327)) - 38f48239-bc06-46da-ac74-74ed7351a0a0@group-1F5D27D084E0-SegmentedRaftLogWorker was interrupted, exiting. There are 0 tasks remaining in the queue.
2020-10-09 12:54:13,253 [ForkJoinPool.commonPool-worker-0] INFO  segmented.SegmentedRaftLogWorker (SegmentedRaftLogWorker.java:close(234)) - 38f48239-bc06-46da-ac74-74ed7351a0a0@group-1F5D27D084E0-SegmentedRaftLogWorker close()
2020-10-09 12:54:13,254 [ba372c3f-ca6e-4b22-85c8-8c60b51fa7c9@group-9EDE46CD1470-StateMachineUpdater] INFO  ratis.ContainerStateMachine (ContainerStateMachine.java:takeSnapshot(304)) - group-9EDE46CD1470: Finished taking a snapshot at:(t:1, i:0) file:/github/workspace/mnt/ozone/hadoop-ozone/integration-test/target/test-dir/MiniOzoneClusterImpl-691c6000-d337-4848-84ec-e56c11f2c172/datanode-4/data/ratis/bf62a005-c6ba-4874-874d-9ede46cd1470/sm/snapshot.1_0 time:4
2020-10-09 12:54:13,256 [ForkJoinPool.commonPool-worker-0] INFO  metrics.RatisMetrics (RatisMetrics.java:unregister(43)) - Unregistering Metrics Registry : ratis.log_worker.38f48239-bc06-46da-ac74-74ed7351a0a0@group-1F5D27D084E0
2020-10-09 12:54:13,256 [ForkJoinPool.commonPool-worker-0] INFO  metrics.RatisMetrics (RatisMetrics.java:unregister(43)) - Unregistering Metrics Registry : ratis.leader_election.38f48239-bc06-46da-ac74-74ed7351a0a0@group-1F5D27D084E0
2020-10-09 12:54:13,256 [ForkJoinPool.commonPool-worker-0] INFO  metrics.RatisMetrics (RatisMetrics.java:unregister(43)) - Unregistering Metrics Registry : ratis.server.38f48239-bc06-46da-ac74-74ed7351a0a0@group-1F5D27D084E0
2020-10-09 12:54:13,256 [ba372c3f-ca6e-4b22-85c8-8c60b51fa7c9@group-9EDE46CD1470-StateMachineUpdater] INFO  impl.StateMachineUpdater (StateMachineUpdater.java:takeSnapshot(277)) - ba372c3f-ca6e-4b22-85c8-8c60b51fa7c9@group-9EDE46CD1470-StateMachineUpdater: Took a snapshot at index 0
2020-10-09 12:54:13,257 [ForkJoinPool.commonPool-worker-0] INFO  impl.RaftServerImpl (RaftServerImpl.java:lambda$shutdown$3(321)) - 38f48239-bc06-46da-ac74-74ed7351a0a0@group-B2ECEA19D339: shutdown
2020-10-09 12:54:13,257 [ForkJoinPool.commonPool-worker-0] INFO  util.JmxRegister (JmxRegister.java:unregister(73)) - Successfully un-registered JMX Bean with object name Ratis:service=RaftServer,group=group-B2ECEA19D339,id=38f48239-bc06-46da-ac74-74ed7351a0a0
2020-10-09 12:54:13,257 [ForkJoinPool.commonPool-worker-0] INFO  impl.RoleInfo (RoleInfo.java:shutdownLeaderState(104)) - 38f48239-bc06-46da-ac74-74ed7351a0a0: shutdown LeaderState
2020-10-09 12:54:13,257 [ba372c3f-ca6e-4b22-85c8-8c60b51fa7c9@group-9EDE46CD1470-StateMachineUpdater] INFO  impl.StateMachineUpdater (StateMachineUpdater.java:lambda$new$0(87)) - ba372c3f-ca6e-4b22-85c8-8c60b51fa7c9@group-9EDE46CD1470-StateMachineUpdater: snapshotIndex: updateIncreasingly -1 -> 0
2020-10-09 12:54:13,257 [ForkJoinPool.commonPool-worker-0] INFO  impl.PendingRequests (PendingRequests.java:sendNotLeaderResponses(249)) - 38f48239-bc06-46da-ac74-74ed7351a0a0@group-B2ECEA19D339-PendingRequests: sendNotLeaderResponses
2020-10-09 12:54:13,257 [ba372c3f-ca6e-4b22-85c8-8c60b51fa7c9@group-9EDE46CD1470-StateMachineUpdater] INFO  metrics.RatisMetrics (RatisMetrics.java:unregister(43)) - Unregistering Metrics Registry : ratis.state_machine.ba372c3f-ca6e-4b22-85c8-8c60b51fa7c9@group-9EDE46CD1470
2020-10-09 12:54:13,258 [ForkJoinPool.commonPool-worker-0] INFO  metrics.RatisMetrics (RatisMetrics.java:unregister(43)) - Unregistering Metrics Registry : ratis.log_appender.38f48239-bc06-46da-ac74-74ed7351a0a0@group-B2ECEA19D339
2020-10-09 12:54:13,258 [Listener at 127.0.0.1/36087] INFO  impl.RaftServerImpl (ServerState.java:close(405)) - ba372c3f-ca6e-4b22-85c8-8c60b51fa7c9@group-9EDE46CD1470: closes. applyIndex: 0
2020-10-09 12:54:13,258 [ForkJoinPool.commonPool-worker-0] INFO  metrics.RatisMetrics (RatisMetrics.java:unregister(43)) - Unregistering Metrics Registry : ratis.server.38f48239-bc06-46da-ac74-74ed7351a0a0@group-B2ECEA19D339
2020-10-09 12:54:13,259 [ForkJoinPool.commonPool-worker-0] INFO  impl.StateMachineUpdater (StateMachineUpdater.java:stopAndJoin(142)) - 38f48239-bc06-46da-ac74-74ed7351a0a0@group-B2ECEA19D339-StateMachineUpdater: set stopIndex = 0
2020-10-09 12:54:13,261 [ba372c3f-ca6e-4b22-85c8-8c60b51fa7c9@group-9EDE46CD1470-SegmentedRaftLogWorker] INFO  segmented.SegmentedRaftLogWorker (SegmentedRaftLogWorker.java:run(327)) - ba372c3f-ca6e-4b22-85c8-8c60b51fa7c9@group-9EDE46CD1470-SegmentedRaftLogWorker was interrupted, exiting. There are 0 tasks remaining in the queue.
2020-10-09 12:54:13,263 [Listener at 127.0.0.1/36087] INFO  segmented.SegmentedRaftLogWorker (SegmentedRaftLogWorker.java:close(234)) - ba372c3f-ca6e-4b22-85c8-8c60b51fa7c9@group-9EDE46CD1470-SegmentedRaftLogWorker close()
2020-10-09 12:54:13,263 [38f48239-bc06-46da-ac74-74ed7351a0a0@group-B2ECEA19D339-StateMachineUpdater] INFO  ratis.ContainerStateMachine (ContainerStateMachine.java:takeSnapshot(293)) - group-B2ECEA19D339: Taking a snapshot at:(t:1, i:0) file /github/workspace/mnt/ozone/hadoop-ozone/integration-test/target/test-dir/MiniOzoneClusterImpl-691c6000-d337-4848-84ec-e56c11f2c172/datanode-2/data/ratis/197b757a-e183-4b17-9416-b2ecea19d339/sm/snapshot.1_0
2020-10-09 12:54:13,266 [Listener at 127.0.0.1/36087] INFO  metrics.RatisMetrics (RatisMetrics.java:unregister(43)) - Unregistering Metrics Registry : ratis.log_worker.ba372c3f-ca6e-4b22-85c8-8c60b51fa7c9@group-9EDE46CD1470
2020-10-09 12:54:13,267 [38f48239-bc06-46da-ac74-74ed7351a0a0@group-B2ECEA19D339-StateMachineUpdater] INFO  ratis.ContainerStateMachine (ContainerStateMachine.java:takeSnapshot(304)) - group-B2ECEA19D339: Finished taking a snapshot at:(t:1, i:0) file:/github/workspace/mnt/ozone/hadoop-ozone/integration-test/target/test-dir/MiniOzoneClusterImpl-691c6000-d337-4848-84ec-e56c11f2c172/datanode-2/data/ratis/197b757a-e183-4b17-9416-b2ecea19d339/sm/snapshot.1_0 time:3
2020-10-09 12:54:13,267 [Listener at 127.0.0.1/36087] INFO  metrics.RatisMetrics (RatisMetrics.java:unregister(43)) - Unregistering Metrics Registry : ratis.leader_election.ba372c3f-ca6e-4b22-85c8-8c60b51fa7c9@group-9EDE46CD1470
2020-10-09 12:54:13,267 [38f48239-bc06-46da-ac74-74ed7351a0a0@group-B2ECEA19D339-StateMachineUpdater] INFO  impl.StateMachineUpdater (StateMachineUpdater.java:takeSnapshot(277)) - 38f48239-bc06-46da-ac74-74ed7351a0a0@group-B2ECEA19D339-StateMachineUpdater: Took a snapshot at index 0
2020-10-09 12:54:13,267 [38f48239-bc06-46da-ac74-74ed7351a0a0@group-B2ECEA19D339-StateMachineUpdater] INFO  impl.StateMachineUpdater (StateMachineUpdater.java:lambda$new$0(87)) - 38f48239-bc06-46da-ac74-74ed7351a0a0@group-B2ECEA19D339-StateMachineUpdater: snapshotIndex: updateIncreasingly -1 -> 0
2020-10-09 12:54:13,267 [38f48239-bc06-46da-ac74-74ed7351a0a0@group-B2ECEA19D339-StateMachineUpdater] INFO  metrics.RatisMetrics (RatisMetrics.java:unregister(43)) - Unregistering Metrics Registry : ratis.state_machine.38f48239-bc06-46da-ac74-74ed7351a0a0@group-B2ECEA19D339
2020-10-09 12:54:13,267 [ForkJoinPool.commonPool-worker-0] INFO  impl.RaftServerImpl (ServerState.java:close(405)) - 38f48239-bc06-46da-ac74-74ed7351a0a0@group-B2ECEA19D339: closes. applyIndex: 0
2020-10-09 12:54:13,267 [Listener at 127.0.0.1/36087] INFO  metrics.RatisMetrics (RatisMetrics.java:unregister(43)) - Unregistering Metrics Registry : ratis.server.ba372c3f-ca6e-4b22-85c8-8c60b51fa7c9@group-9EDE46CD1470
2020-10-09 12:54:13,268 [38f48239-bc06-46da-ac74-74ed7351a0a0@group-B2ECEA19D339-SegmentedRaftLogWorker] INFO  segmented.SegmentedRaftLogWorker (SegmentedRaftLogWorker.java:run(327)) - 38f48239-bc06-46da-ac74-74ed7351a0a0@group-B2ECEA19D339-SegmentedRaftLogWorker was interrupted, exiting. There are 0 tasks remaining in the queue.
2020-10-09 12:54:13,268 [Listener at 127.0.0.1/36087] INFO  impl.RaftServerImpl (RaftServerImpl.java:lambda$shutdown$3(321)) - ba372c3f-ca6e-4b22-85c8-8c60b51fa7c9@group-9EA8B26BFA56: shutdown
2020-10-09 12:54:13,269 [Listener at 127.0.0.1/36087] INFO  util.JmxRegister (JmxRegister.java:unregister(73)) - Successfully un-registered JMX Bean with object name Ratis:service=RaftServer,group=group-9EA8B26BFA56,id=ba372c3f-ca6e-4b22-85c8-8c60b51fa7c9
2020-10-09 12:54:13,269 [Listener at 127.0.0.1/36087] INFO  impl.RoleInfo (RoleInfo.java:shutdownLeaderState(104)) - ba372c3f-ca6e-4b22-85c8-8c60b51fa7c9: shutdown LeaderState
2020-10-09 12:54:13,269 [ForkJoinPool.commonPool-worker-0] INFO  segmented.SegmentedRaftLogWorker (SegmentedRaftLogWorker.java:close(234)) - 38f48239-bc06-46da-ac74-74ed7351a0a0@group-B2ECEA19D339-SegmentedRaftLogWorker close()
2020-10-09 12:54:13,269 [Listener at 127.0.0.1/36087] INFO  impl.PendingRequests (PendingRequests.java:sendNotLeaderResponses(249)) - ba372c3f-ca6e-4b22-85c8-8c60b51fa7c9@group-9EA8B26BFA56-PendingRequests: sendNotLeaderResponses
2020-10-09 12:54:13,270 [Listener at 127.0.0.1/36087] INFO  metrics.RatisMetrics (RatisMetrics.java:unregister(43)) - Unregistering Metrics Registry : ratis.log_appender.ba372c3f-ca6e-4b22-85c8-8c60b51fa7c9@group-9EA8B26BFA56
2020-10-09 12:54:13,270 [Listener at 127.0.0.1/36087] INFO  metrics.RatisMetrics (RatisMetrics.java:unregister(43)) - Unregistering Metrics Registry : ratis.server.ba372c3f-ca6e-4b22-85c8-8c60b51fa7c9@group-9EA8B26BFA56
2020-10-09 12:54:13,271 [Listener at 127.0.0.1/36087] INFO  impl.StateMachineUpdater (StateMachineUpdater.java:stopAndJoin(142)) - ba372c3f-ca6e-4b22-85c8-8c60b51fa7c9@group-9EA8B26BFA56-StateMachineUpdater: set stopIndex = 0
2020-10-09 12:54:13,272 [ForkJoinPool.commonPool-worker-0] INFO  metrics.RatisMetrics (RatisMetrics.java:unregister(43)) - Unregistering Metrics Registry : ratis.log_worker.38f48239-bc06-46da-ac74-74ed7351a0a0@group-B2ECEA19D339
2020-10-09 12:54:13,273 [ForkJoinPool.commonPool-worker-0] INFO  metrics.RatisMetrics (RatisMetrics.java:unregister(43)) - Unregistering Metrics Registry : ratis.leader_election.38f48239-bc06-46da-ac74-74ed7351a0a0@group-B2ECEA19D339
2020-10-09 12:54:13,272 [ba372c3f-ca6e-4b22-85c8-8c60b51fa7c9@group-9EA8B26BFA56-StateMachineUpdater] INFO  ratis.ContainerStateMachine (ContainerStateMachine.java:takeSnapshot(293)) - group-9EA8B26BFA56: Taking a snapshot at:(t:1, i:0) file /github/workspace/mnt/ozone/hadoop-ozone/integration-test/target/test-dir/MiniOzoneClusterImpl-691c6000-d337-4848-84ec-e56c11f2c172/datanode-4/data/ratis/408b4e01-2824-46b7-8490-9ea8b26bfa56/sm/snapshot.1_0
2020-10-09 12:54:13,273 [ForkJoinPool.commonPool-worker-0] INFO  metrics.RatisMetrics (RatisMetrics.java:unregister(43)) - Unregistering Metrics Registry : ratis.server.38f48239-bc06-46da-ac74-74ed7351a0a0@group-B2ECEA19D339
2020-10-09 12:54:13,273 [ForkJoinPool.commonPool-worker-0] INFO  server.GrpcService (GrpcService.java:closeImpl(183)) - 38f48239-bc06-46da-ac74-74ed7351a0a0: shutdown server with port 41897 now
2020-10-09 12:54:13,274 [ba372c3f-ca6e-4b22-85c8-8c60b51fa7c9@group-9EA8B26BFA56-StateMachineUpdater] INFO  ratis.ContainerStateMachine (ContainerStateMachine.java:takeSnapshot(304)) - group-9EA8B26BFA56: Finished taking a snapshot at:(t:1, i:0) file:/github/workspace/mnt/ozone/hadoop-ozone/integration-test/target/test-dir/MiniOzoneClusterImpl-691c6000-d337-4848-84ec-e56c11f2c172/datanode-4/data/ratis/408b4e01-2824-46b7-8490-9ea8b26bfa56/sm/snapshot.1_0 time:1
2020-10-09 12:54:13,274 [ba372c3f-ca6e-4b22-85c8-8c60b51fa7c9@group-9EA8B26BFA56-StateMachineUpdater] INFO  impl.StateMachineUpdater (StateMachineUpdater.java:takeSnapshot(277)) - ba372c3f-ca6e-4b22-85c8-8c60b51fa7c9@group-9EA8B26BFA56-StateMachineUpdater: Took a snapshot at index 0
2020-10-09 12:54:13,274 [ba372c3f-ca6e-4b22-85c8-8c60b51fa7c9@group-9EA8B26BFA56-StateMachineUpdater] INFO  impl.StateMachineUpdater (StateMachineUpdater.java:lambda$new$0(87)) - ba372c3f-ca6e-4b22-85c8-8c60b51fa7c9@group-9EA8B26BFA56-StateMachineUpdater: snapshotIndex: updateIncreasingly -1 -> 0
2020-10-09 12:54:13,274 [ba372c3f-ca6e-4b22-85c8-8c60b51fa7c9@group-9EA8B26BFA56-StateMachineUpdater] INFO  metrics.RatisMetrics (RatisMetrics.java:unregister(43)) - Unregistering Metrics Registry : ratis.state_machine.ba372c3f-ca6e-4b22-85c8-8c60b51fa7c9@group-9EA8B26BFA56
2020-10-09 12:54:13,275 [ForkJoinPool.commonPool-worker-0] INFO  server.GrpcService (GrpcService.java:closeImpl(191)) - 38f48239-bc06-46da-ac74-74ed7351a0a0: shutdown server with port 41897 successfully
2020-10-09 12:54:13,275 [Listener at 127.0.0.1/36087] INFO  impl.RaftServerImpl (ServerState.java:close(405)) - ba372c3f-ca6e-4b22-85c8-8c60b51fa7c9@group-9EA8B26BFA56: closes. applyIndex: 0
2020-10-09 12:54:13,276 [ba372c3f-ca6e-4b22-85c8-8c60b51fa7c9@group-9EA8B26BFA56-SegmentedRaftLogWorker] INFO  segmented.SegmentedRaftLogWorker (SegmentedRaftLogWorker.java:run(327)) - ba372c3f-ca6e-4b22-85c8-8c60b51fa7c9@group-9EA8B26BFA56-SegmentedRaftLogWorker was interrupted, exiting. There are 0 tasks remaining in the queue.
2020-10-09 12:54:13,277 [ForkJoinPool.commonPool-worker-0] INFO  utils.BackgroundService (BackgroundService.java:shutdown(132)) - Shutting down service BlockDeletingService
2020-10-09 12:54:13,279 [Listener at 127.0.0.1/36087] INFO  segmented.SegmentedRaftLogWorker (SegmentedRaftLogWorker.java:close(234)) - ba372c3f-ca6e-4b22-85c8-8c60b51fa7c9@group-9EA8B26BFA56-SegmentedRaftLogWorker close()
2020-10-09 12:54:13,281 [Listener at 127.0.0.1/36087] INFO  metrics.RatisMetrics (RatisMetrics.java:unregister(43)) - Unregistering Metrics Registry : ratis.log_worker.ba372c3f-ca6e-4b22-85c8-8c60b51fa7c9@group-9EA8B26BFA56
2020-10-09 12:54:13,281 [Listener at 127.0.0.1/36087] INFO  metrics.RatisMetrics (RatisMetrics.java:unregister(43)) - Unregistering Metrics Registry : ratis.leader_election.ba372c3f-ca6e-4b22-85c8-8c60b51fa7c9@group-9EA8B26BFA56
2020-10-09 12:54:13,281 [Listener at 127.0.0.1/36087] INFO  metrics.RatisMetrics (RatisMetrics.java:unregister(43)) - Unregistering Metrics Registry : ratis.server.ba372c3f-ca6e-4b22-85c8-8c60b51fa7c9@group-9EA8B26BFA56
2020-10-09 12:54:13,281 [Listener at 127.0.0.1/36087] INFO  server.GrpcService (GrpcService.java:closeImpl(183)) - ba372c3f-ca6e-4b22-85c8-8c60b51fa7c9: shutdown server with port 42215 now
2020-10-09 12:54:13,284 [grpc-default-executor-5] WARN  server.GrpcLogAppender (LogUtils.java:warn(122)) - 5e659369-1ee8-49c0-87c0-5752057ef24d@group-9EDE46CD1470->ba372c3f-ca6e-4b22-85c8-8c60b51fa7c9-AppendLogResponseHandler: Failed appendEntries: org.apache.ratis.thirdparty.io.grpc.StatusRuntimeException: CANCELLED: HTTP/2 error code: CANCEL
Received Rst Stream
2020-10-09 12:54:13,284 [grpc-default-executor-2] WARN  server.GrpcServerProtocolService (LogUtils.java:warn(122)) - ba372c3f-ca6e-4b22-85c8-8c60b51fa7c9: installSnapshot onError, lastRequest: 5e659369-1ee8-49c0-87c0-5752057ef24d->ba372c3f-ca6e-4b22-85c8-8c60b51fa7c9#1-t1, previous=(t:0, i:0), leaderCommit=0, initializing? false, entries: size=1, first=(t:1, i:0), CONFIGURATIONENTRY: org.apache.ratis.thirdparty.io.grpc.StatusRuntimeException: CANCELLED: cancelled before receiving half close
2020-10-09 12:54:13,284 [Listener at 127.0.0.1/36087] INFO  server.GrpcService (GrpcService.java:closeImpl(191)) - ba372c3f-ca6e-4b22-85c8-8c60b51fa7c9: shutdown server with port 42215 successfully
2020-10-09 12:54:13,284 [grpc-default-executor-5] WARN  server.GrpcLogAppender (GrpcLogAppender.java:resetClient(107)) - 5e659369-1ee8-49c0-87c0-5752057ef24d@group-9EDE46CD1470->ba372c3f-ca6e-4b22-85c8-8c60b51fa7c9-GrpcLogAppender: Leader has not got in touch with Follower 5e659369-1ee8-49c0-87c0-5752057ef24d@group-9EDE46CD1470->ba372c3f-ca6e-4b22-85c8-8c60b51fa7c9(c0,m0,n1, attendVote=true, lastRpcSendTime=888, lastRpcResponseTime=886) yet, just keep nextIndex unchanged and retry.
2020-10-09 12:54:13,287 [Listener at 127.0.0.1/36087] INFO  utils.BackgroundService (BackgroundService.java:shutdown(132)) - Shutting down service BlockDeletingService
2020-10-09 12:54:13,290 [ForkJoinPool.commonPool-worker-0] INFO  statemachine.DatanodeStateMachine (DatanodeStateMachine.java:stopDaemon(453)) - Ozone container server stopped.
2020-10-09 12:54:13,293 [Listener at 127.0.0.1/36087] INFO  statemachine.DatanodeStateMachine (DatanodeStateMachine.java:stopDaemon(453)) - Ozone container server stopped.
2020-10-09 12:54:13,304 [Listener at 127.0.0.1/36087] INFO  handler.ContextHandler (ContextHandler.java:doStop(1016)) - Stopped o.e.j.w.WebAppContext@7020deaa{hddsDatanode,/,null,UNAVAILABLE}{jar:file:/home/user/.m2/repository/org/apache/hadoop/hadoop-hdds-container-service/1.1.0-SNAPSHOT/hadoop-hdds-container-service-1.1.0-SNAPSHOT.jar!/webapps/hddsDatanode}
2020-10-09 12:54:13,305 [Listener at 127.0.0.1/36087] INFO  server.AbstractConnector (AbstractConnector.java:doStop(380)) - Stopped ServerConnector@46808854{HTTP/1.1,[http/1.1]}{0.0.0.0:0}
2020-10-09 12:54:13,305 [Listener at 127.0.0.1/36087] INFO  server.session (HouseKeeper.java:stopScavenging(158)) - node0 Stopped scavenging
2020-10-09 12:54:13,305 [Listener at 127.0.0.1/36087] INFO  handler.ContextHandler (ContextHandler.java:doStop(1016)) - Stopped o.e.j.s.ServletContextHandler@64123c4d{static,/static,jar:file:/home/user/.m2/repository/org/apache/hadoop/hadoop-hdds-container-service/1.1.0-SNAPSHOT/hadoop-hdds-container-service-1.1.0-SNAPSHOT.jar!/webapps/static,UNAVAILABLE}
2020-10-09 12:54:13,306 [Listener at 127.0.0.1/36087] INFO  handler.ContextHandler (ContextHandler.java:doStop(1016)) - Stopped o.e.j.s.ServletContextHandler@faa592b{logs,/logs,file:///github/workspace/mnt/ozone/hadoop-ozone/integration-test/target/log,UNAVAILABLE}
2020-10-09 12:54:13,314 [ForkJoinPool.commonPool-worker-0] INFO  handler.ContextHandler (ContextHandler.java:doStop(1016)) - Stopped o.e.j.w.WebAppContext@2ae56ac6{hddsDatanode,/,null,UNAVAILABLE}{jar:file:/home/user/.m2/repository/org/apache/hadoop/hadoop-hdds-container-service/1.1.0-SNAPSHOT/hadoop-hdds-container-service-1.1.0-SNAPSHOT.jar!/webapps/hddsDatanode}
2020-10-09 12:54:13,315 [ForkJoinPool.commonPool-worker-0] INFO  server.AbstractConnector (AbstractConnector.java:doStop(380)) - Stopped ServerConnector@5d55e5bb{HTTP/1.1,[http/1.1]}{0.0.0.0:0}
2020-10-09 12:54:13,315 [ForkJoinPool.commonPool-worker-0] INFO  server.session (HouseKeeper.java:stopScavenging(158)) - node0 Stopped scavenging
2020-10-09 12:54:13,316 [ForkJoinPool.commonPool-worker-0] INFO  handler.ContextHandler (ContextHandler.java:doStop(1016)) - Stopped o.e.j.s.ServletContextHandler@523c4a6d{static,/static,jar:file:/home/user/.m2/repository/org/apache/hadoop/hadoop-hdds-container-service/1.1.0-SNAPSHOT/hadoop-hdds-container-service-1.1.0-SNAPSHOT.jar!/webapps/static,UNAVAILABLE}
2020-10-09 12:54:13,317 [ForkJoinPool.commonPool-worker-0] INFO  handler.ContextHandler (ContextHandler.java:doStop(1016)) - Stopped o.e.j.s.ServletContextHandler@5a4700ba{logs,/logs,file:///github/workspace/mnt/ozone/hadoop-ozone/integration-test/target/log,UNAVAILABLE}
2020-10-09 12:54:13,337 [Datanode State Machine Thread - 0] INFO  statemachine.DatanodeStateMachine (DatanodeStateMachine.java:lambda$startDaemon$0(405)) - Ozone container server started.
2020-10-09 12:54:13,351 [Thread-1401] INFO  impl.FollowerState (FollowerState.java:run(108)) - 630ef14c-7f18-435b-8dbc-84d96446fc51@group-1F5D27D084E0-FollowerState: change to CANDIDATE, lastRpcTime:5102ms, electionTimeout:5093ms
2020-10-09 12:54:13,351 [Thread-1401] INFO  impl.RoleInfo (RoleInfo.java:shutdownFollowerState(121)) - 630ef14c-7f18-435b-8dbc-84d96446fc51: shutdown FollowerState
2020-10-09 12:54:13,352 [Thread-1401] INFO  impl.RaftServerImpl (RaftServerImpl.java:setRole(198)) - 630ef14c-7f18-435b-8dbc-84d96446fc51@group-1F5D27D084E0: changes role from  FOLLOWER to CANDIDATE at term 0 for changeToCandidate
2020-10-09 12:54:13,352 [Thread-1401] INFO  impl.RoleInfo (RoleInfo.java:updateAndGet(143)) - 630ef14c-7f18-435b-8dbc-84d96446fc51: start LeaderElection
2020-10-09 12:54:13,355 [630ef14c-7f18-435b-8dbc-84d96446fc51@group-1F5D27D084E0-LeaderElection48] INFO  impl.LeaderElection (LeaderElection.java:askForVotes(210)) - 630ef14c-7f18-435b-8dbc-84d96446fc51@group-1F5D27D084E0-LeaderElection48: begin an election at term 1 for -1: [630ef14c-7f18-435b-8dbc-84d96446fc51:172.17.0.2:34737:0, 45ecfedc-f1ca-4ee4-92ac-24908ad068c6:172.17.0.2:39189:0, 38f48239-bc06-46da-ac74-74ed7351a0a0:172.17.0.2:41897:0], old=null
2020-10-09 12:54:13,357 [630ef14c-7f18-435b-8dbc-84d96446fc51@group-1F5D27D084E0-LeaderElection48] INFO  impl.LeaderElection (LogUtils.java:infoOrTrace(137)) - 630ef14c-7f18-435b-8dbc-84d96446fc51@group-1F5D27D084E0-LeaderElection48 got exception when requesting votes: java.util.concurrent.ExecutionException: org.apache.ratis.thirdparty.io.grpc.StatusRuntimeException: UNAVAILABLE: io exception
2020-10-09 12:54:13,360 [grpc-default-executor-2] INFO  impl.RaftServerImpl (RaftServerImpl.java:setRole(198)) - 45ecfedc-f1ca-4ee4-92ac-24908ad068c6@group-1F5D27D084E0: changes role from  FOLLOWER to FOLLOWER at term 1 for recognizeCandidate:630ef14c-7f18-435b-8dbc-84d96446fc51
2020-10-09 12:54:13,360 [grpc-default-executor-2] INFO  impl.RoleInfo (RoleInfo.java:shutdownFollowerState(121)) - 45ecfedc-f1ca-4ee4-92ac-24908ad068c6: shutdown FollowerState
2020-10-09 12:54:13,361 [grpc-default-executor-2] INFO  impl.RoleInfo (RoleInfo.java:updateAndGet(143)) - 45ecfedc-f1ca-4ee4-92ac-24908ad068c6: start FollowerState
2020-10-09 12:54:13,361 [Thread-1399] INFO  impl.FollowerState (FollowerState.java:run(117)) - 45ecfedc-f1ca-4ee4-92ac-24908ad068c6@group-1F5D27D084E0-FollowerState was interrupted: java.lang.InterruptedException: sleep interrupted
2020-10-09 12:54:13,361 [grpc-default-executor-2] INFO  impl.RaftServerImpl (RaftServerImpl.java:requestVote(923)) -  FOLLOWER 45ecfedc-f1ca-4ee4-92ac-24908ad068c6@group-1F5D27D084E0:t1, leader=null, voted=null, raftlog=45ecfedc-f1ca-4ee4-92ac-24908ad068c6@group-1F5D27D084E0-SegmentedRaftLog:OPENED:c-1,f-1,i0, conf=-1: [630ef14c-7f18-435b-8dbc-84d96446fc51:172.17.0.2:34737:0, 45ecfedc-f1ca-4ee4-92ac-24908ad068c6:172.17.0.2:39189:0, 38f48239-bc06-46da-ac74-74ed7351a0a0:172.17.0.2:41897:0], old=null RUNNING priority:0 candidate:630ef14c-7f18-435b-8dbc-84d96446fc51:172.17.0.2:34737:0 candidatePriority:0 compare:0
2020-10-09 12:54:13,370 [630ef14c-7f18-435b-8dbc-84d96446fc51@group-1F5D27D084E0-LeaderElection48] INFO  impl.LeaderElection (LeaderElection.java:logAndReturn(62)) - 630ef14c-7f18-435b-8dbc-84d96446fc51@group-1F5D27D084E0-LeaderElection48: Election PASSED; received 1 response(s) [630ef14c-7f18-435b-8dbc-84d96446fc51<-45ecfedc-f1ca-4ee4-92ac-24908ad068c6#0:OK-t1] and 1 exception(s); 630ef14c-7f18-435b-8dbc-84d96446fc51@group-1F5D27D084E0:t1, leader=null, voted=630ef14c-7f18-435b-8dbc-84d96446fc51, raftlog=630ef14c-7f18-435b-8dbc-84d96446fc51@group-1F5D27D084E0-SegmentedRaftLog:OPENED:c-1,f-1,i0, conf=-1: [630ef14c-7f18-435b-8dbc-84d96446fc51:172.17.0.2:34737:0, 45ecfedc-f1ca-4ee4-92ac-24908ad068c6:172.17.0.2:39189:0, 38f48239-bc06-46da-ac74-74ed7351a0a0:172.17.0.2:41897:0], old=null
2020-10-09 12:54:13,370 [630ef14c-7f18-435b-8dbc-84d96446fc51@group-1F5D27D084E0-LeaderElection48] INFO  impl.LeaderElection (LogUtils.java:infoOrTrace(137)) -   Exception 0: java.util.concurrent.ExecutionException: org.apache.ratis.thirdparty.io.grpc.StatusRuntimeException: UNAVAILABLE: io exception
2020-10-09 12:54:13,370 [630ef14c-7f18-435b-8dbc-84d96446fc51@group-1F5D27D084E0-LeaderElection48] INFO  impl.RoleInfo (RoleInfo.java:shutdownLeaderElection(134)) - 630ef14c-7f18-435b-8dbc-84d96446fc51: shutdown LeaderElection
2020-10-09 12:54:13,370 [630ef14c-7f18-435b-8dbc-84d96446fc51@group-1F5D27D084E0-LeaderElection48] INFO  impl.RaftServerImpl (RaftServerImpl.java:setRole(198)) - 630ef14c-7f18-435b-8dbc-84d96446fc51@group-1F5D27D084E0: changes role from CANDIDATE to LEADER at term 1 for changeToLeader
2020-10-09 12:54:13,371 [630ef14c-7f18-435b-8dbc-84d96446fc51@group-1F5D27D084E0-LeaderElection48] INFO  ratis.XceiverServerRatis (XceiverServerRatis.java:handleLeaderChangedNotification(822)) - Leader change notification received for group: group-1F5D27D084E0 with new leaderId: 630ef14c-7f18-435b-8dbc-84d96446fc51
2020-10-09 12:54:13,371 [630ef14c-7f18-435b-8dbc-84d96446fc51@group-1F5D27D084E0-LeaderElection48] INFO  impl.RaftServerImpl (ServerState.java:setLeader(256)) - 630ef14c-7f18-435b-8dbc-84d96446fc51@group-1F5D27D084E0: change Leader from null to 630ef14c-7f18-435b-8dbc-84d96446fc51 at term 1 for becomeLeader, leader elected after 5151ms
2020-10-09 12:54:13,371 [630ef14c-7f18-435b-8dbc-84d96446fc51@group-1F5D27D084E0-LeaderElection48] INFO  server.RaftServerConfigKeys (ConfUtils.java:logGet(44)) - raft.server.staging.catchup.gap = 1000 (default)
2020-10-09 12:54:13,371 [630ef14c-7f18-435b-8dbc-84d96446fc51@group-1F5D27D084E0-LeaderElection48] INFO  server.RaftServerConfigKeys (ConfUtils.java:logGet(44)) - raft.server.rpc.sleep.time = 25ms (default)
2020-10-09 12:54:13,372 [630ef14c-7f18-435b-8dbc-84d96446fc51@group-1F5D27D084E0-LeaderElection48] INFO  metrics.RatisMetrics (RatisMetrics.java:lambda$create$0(36)) - Creating Metrics Registry : ratis.log_appender.630ef14c-7f18-435b-8dbc-84d96446fc51@group-1F5D27D084E0
2020-10-09 12:54:13,372 [630ef14c-7f18-435b-8dbc-84d96446fc51@group-1F5D27D084E0-LeaderElection48] INFO  server.RaftServerConfigKeys (ConfUtils.java:logGet(44)) - raft.server.write.element-limit = 1024 (custom)
2020-10-09 12:54:13,372 [630ef14c-7f18-435b-8dbc-84d96446fc51@group-1F5D27D084E0-LeaderElection48] INFO  server.RaftServerConfigKeys (ConfUtils.java:logGet(44)) - raft.server.write.byte-limit = 1073741824 (custom)
2020-10-09 12:54:13,372 [630ef14c-7f18-435b-8dbc-84d96446fc51@group-1F5D27D084E0-LeaderElection48] INFO  server.RaftServerConfigKeys (ConfUtils.java:logGet(44)) - raft.server.watch.timeout = 3000ms (custom)
2020-10-09 12:54:13,372 [630ef14c-7f18-435b-8dbc-84d96446fc51@group-1F5D27D084E0-LeaderElection48] INFO  server.RaftServerConfigKeys (ConfUtils.java:logGet(44)) - raft.server.watch.timeout.denomination = 1s (default)
2020-10-09 12:54:13,373 [630ef14c-7f18-435b-8dbc-84d96446fc51@group-1F5D27D084E0-LeaderElection48] INFO  server.RaftServerConfigKeys (ConfUtils.java:logGet(44)) - raft.server.watch.element-limit = 65536 (default)
2020-10-09 12:54:13,373 [630ef14c-7f18-435b-8dbc-84d96446fc51@group-1F5D27D084E0-LeaderElection48] INFO  server.RaftServerConfigKeys (ConfUtils.java:logGet(44)) - raft.server.log.appender.snapshot.chunk.size.max = 16MB (=16777216) (default)
2020-10-09 12:54:13,373 [630ef14c-7f18-435b-8dbc-84d96446fc51@group-1F5D27D084E0-LeaderElection48] INFO  server.RaftServerConfigKeys (ConfUtils.java:logGet(44)) - raft.server.log.appender.buffer.byte-limit = 33554432 (custom)
2020-10-09 12:54:13,373 [630ef14c-7f18-435b-8dbc-84d96446fc51@group-1F5D27D084E0-LeaderElection48] INFO  server.RaftServerConfigKeys (ConfUtils.java:logGet(44)) - raft.server.log.appender.buffer.element-limit = 1 (custom)
2020-10-09 12:54:13,373 [630ef14c-7f18-435b-8dbc-84d96446fc51@group-1F5D27D084E0-LeaderElection48] INFO  grpc.GrpcConfigKeys (ConfUtils.java:logGet(44)) - raft.grpc.server.leader.outstanding.appends.max = 128 (default)
2020-10-09 12:54:13,373 [630ef14c-7f18-435b-8dbc-84d96446fc51@group-1F5D27D084E0-LeaderElection48] INFO  server.RaftServerConfigKeys (ConfUtils.java:logGet(44)) - raft.server.rpc.request.timeout = 3000ms (default)
2020-10-09 12:54:13,373 [630ef14c-7f18-435b-8dbc-84d96446fc51@group-1F5D27D084E0-LeaderElection48] INFO  server.RaftServerConfigKeys (ConfUtils.java:logGet(44)) - raft.server.log.appender.install.snapshot.enabled = false (custom)
2020-10-09 12:54:13,374 [630ef14c-7f18-435b-8dbc-84d96446fc51@group-1F5D27D084E0-LeaderElection48] INFO  metrics.RatisMetrics (RatisMetrics.java:lambda$create$0(36)) - Creating Metrics Registry : ratis_grpc.log_appender.630ef14c-7f18-435b-8dbc-84d96446fc51@group-1F5D27D084E0
2020-10-09 12:54:13,375 [630ef14c-7f18-435b-8dbc-84d96446fc51@group-1F5D27D084E0-LeaderElection48] INFO  server.RaftServerConfigKeys (ConfUtils.java:logGet(44)) - raft.server.log.appender.snapshot.chunk.size.max = 16MB (=16777216) (default)
2020-10-09 12:54:13,376 [EventQueue-PipelineReportForPipelineReportHandler] INFO  pipeline.PipelineStateManager (PipelineStateManager.java:openPipeline(131)) - Pipeline Pipeline[ Id: a90f1cca-b800-4b2d-bc21-1f5d27d084e0, Nodes: 630ef14c-7f18-435b-8dbc-84d96446fc51{ip: 172.17.0.2, host: 44394113892a, networkLocation: /default-rack, certSerialId: null}45ecfedc-f1ca-4ee4-92ac-24908ad068c6{ip: 172.17.0.2, host: 44394113892a, networkLocation: /default-rack, certSerialId: null}38f48239-bc06-46da-ac74-74ed7351a0a0{ip: 172.17.0.2, host: 44394113892a, networkLocation: /default-rack, certSerialId: null}, Type:RATIS, Factor:THREE, State:ALLOCATED, leaderId:630ef14c-7f18-435b-8dbc-84d96446fc51, CreationTimestamp2020-10-09T12:54:08.100Z] moved to OPEN state
2020-10-09 12:54:13,376 [630ef14c-7f18-435b-8dbc-84d96446fc51@group-1F5D27D084E0-LeaderElection48] INFO  server.RaftServerConfigKeys (ConfUtils.java:logGet(44)) - raft.server.log.appender.buffer.byte-limit = 33554432 (custom)
2020-10-09 12:54:13,377 [630ef14c-7f18-435b-8dbc-84d96446fc51@group-1F5D27D084E0-LeaderElection48] INFO  server.RaftServerConfigKeys (ConfUtils.java:logGet(44)) - raft.server.log.appender.buffer.element-limit = 1 (custom)
2020-10-09 12:54:13,377 [630ef14c-7f18-435b-8dbc-84d96446fc51@group-1F5D27D084E0-LeaderElection48] INFO  grpc.GrpcConfigKeys (ConfUtils.java:logGet(44)) - raft.grpc.server.leader.outstanding.appends.max = 128 (default)
2020-10-09 12:54:13,377 [630ef14c-7f18-435b-8dbc-84d96446fc51@group-1F5D27D084E0-LeaderElection48] INFO  server.RaftServerConfigKeys (ConfUtils.java:logGet(44)) - raft.server.rpc.request.timeout = 3000ms (default)
2020-10-09 12:54:13,377 [630ef14c-7f18-435b-8dbc-84d96446fc51@group-1F5D27D084E0-LeaderElection48] INFO  server.RaftServerConfigKeys (ConfUtils.java:logGet(44)) - raft.server.log.appender.install.snapshot.enabled = false (custom)
2020-10-09 12:54:13,379 [630ef14c-7f18-435b-8dbc-84d96446fc51@group-1F5D27D084E0-LeaderElection48] INFO  impl.RoleInfo (RoleInfo.java:updateAndGet(143)) - 630ef14c-7f18-435b-8dbc-84d96446fc51: start LeaderState
2020-10-09 12:54:13,379 [630ef14c-7f18-435b-8dbc-84d96446fc51@group-1F5D27D084E0-LeaderElection48] INFO  segmented.SegmentedRaftLogWorker (SegmentedRaftLogWorker.java:startLogSegment(397)) - 630ef14c-7f18-435b-8dbc-84d96446fc51@group-1F5D27D084E0-SegmentedRaftLogWorker: Starting segment from index:0
2020-10-09 12:54:13,388 [630ef14c-7f18-435b-8dbc-84d96446fc51@group-1F5D27D084E0-LeaderElection48] INFO  impl.RaftServerImpl (ServerState.java:setRaftConf(374)) - 630ef14c-7f18-435b-8dbc-84d96446fc51@group-1F5D27D084E0: set configuration 0: [630ef14c-7f18-435b-8dbc-84d96446fc51:172.17.0.2:34737:0, 45ecfedc-f1ca-4ee4-92ac-24908ad068c6:172.17.0.2:39189:0, 38f48239-bc06-46da-ac74-74ed7351a0a0:172.17.0.2:41897:0], old=null at 0
2020-10-09 12:54:13,388 [630ef14c-7f18-435b-8dbc-84d96446fc51@group-1F5D27D084E0-SegmentedRaftLogWorker] INFO  segmented.SegmentedRaftLogWorker (SegmentedRaftLogWorker.java:execute(596)) - 630ef14c-7f18-435b-8dbc-84d96446fc51@group-1F5D27D084E0-SegmentedRaftLogWorker: created new log segment /github/workspace/mnt/ozone/hadoop-ozone/integration-test/target/test-dir/MiniOzoneClusterImpl-691c6000-d337-4848-84ec-e56c11f2c172/datanode-0/data/ratis/a90f1cca-b800-4b2d-bc21-1f5d27d084e0/current/log_inprogress_0
2020-10-09 12:54:13,395 [grpc-default-executor-2] WARN  server.GrpcLogAppender (LogUtils.java:warn(122)) - 630ef14c-7f18-435b-8dbc-84d96446fc51@group-1F5D27D084E0->38f48239-bc06-46da-ac74-74ed7351a0a0-AppendLogResponseHandler: Failed appendEntries: org.apache.ratis.thirdparty.io.grpc.StatusRuntimeException: UNAVAILABLE: io exception
2020-10-09 12:54:13,401 [grpc-default-executor-5] INFO  ratis.XceiverServerRatis (XceiverServerRatis.java:handleLeaderChangedNotification(822)) - Leader change notification received for group: group-1F5D27D084E0 with new leaderId: 630ef14c-7f18-435b-8dbc-84d96446fc51
2020-10-09 12:54:13,402 [grpc-default-executor-5] INFO  impl.RaftServerImpl (ServerState.java:setLeader(256)) - 45ecfedc-f1ca-4ee4-92ac-24908ad068c6@group-1F5D27D084E0: change Leader from null to 630ef14c-7f18-435b-8dbc-84d96446fc51 at term 1 for appendEntries, leader elected after 5237ms
2020-10-09 12:54:13,402 [grpc-default-executor-2] WARN  server.GrpcLogAppender (GrpcLogAppender.java:resetClient(107)) - 630ef14c-7f18-435b-8dbc-84d96446fc51@group-1F5D27D084E0->38f48239-bc06-46da-ac74-74ed7351a0a0-GrpcLogAppender: Leader has not got in touch with Follower 630ef14c-7f18-435b-8dbc-84d96446fc51@group-1F5D27D084E0->38f48239-bc06-46da-ac74-74ed7351a0a0(c-1,m0,n1, attendVote=true, lastRpcSendTime=3, lastRpcResponseTime=5229) yet, just keep nextIndex unchanged and retry.
2020-10-09 12:54:13,409 [grpc-default-executor-5] INFO  impl.RaftServerImpl (ServerState.java:setRaftConf(374)) - 45ecfedc-f1ca-4ee4-92ac-24908ad068c6@group-1F5D27D084E0: set configuration 0: [630ef14c-7f18-435b-8dbc-84d96446fc51:172.17.0.2:34737:0, 45ecfedc-f1ca-4ee4-92ac-24908ad068c6:172.17.0.2:39189:0, 38f48239-bc06-46da-ac74-74ed7351a0a0:172.17.0.2:41897:0], old=null at 0
2020-10-09 12:54:13,409 [grpc-default-executor-5] INFO  segmented.SegmentedRaftLogWorker (SegmentedRaftLogWorker.java:startLogSegment(397)) - 45ecfedc-f1ca-4ee4-92ac-24908ad068c6@group-1F5D27D084E0-SegmentedRaftLogWorker: Starting segment from index:0
2020-10-09 12:54:13,412 [45ecfedc-f1ca-4ee4-92ac-24908ad068c6@group-1F5D27D084E0-SegmentedRaftLogWorker] INFO  segmented.SegmentedRaftLogWorker (SegmentedRaftLogWorker.java:execute(596)) - 45ecfedc-f1ca-4ee4-92ac-24908ad068c6@group-1F5D27D084E0-SegmentedRaftLogWorker: created new log segment /github/workspace/mnt/ozone/hadoop-ozone/integration-test/target/test-dir/MiniOzoneClusterImpl-691c6000-d337-4848-84ec-e56c11f2c172/datanode-1/data/ratis/a90f1cca-b800-4b2d-bc21-1f5d27d084e0/current/log_inprogress_0
2020-10-09 12:54:13,461 [Datanode State Machine Thread - 0] INFO  statemachine.DatanodeStateMachine (DatanodeStateMachine.java:lambda$startDaemon$0(405)) - Ozone container server started.
2020-10-09 12:54:14,900 [grpc-default-executor-2] WARN  server.GrpcLogAppender (LogUtils.java:warn(122)) - 5e659369-1ee8-49c0-87c0-5752057ef24d@group-9EDE46CD1470->ba372c3f-ca6e-4b22-85c8-8c60b51fa7c9-AppendLogResponseHandler: Failed appendEntries: org.apache.ratis.thirdparty.io.grpc.StatusRuntimeException: UNAVAILABLE: io exception
2020-10-09 12:54:14,900 [grpc-default-executor-2] WARN  server.GrpcLogAppender (GrpcLogAppender.java:resetClient(107)) - 5e659369-1ee8-49c0-87c0-5752057ef24d@group-9EDE46CD1470->ba372c3f-ca6e-4b22-85c8-8c60b51fa7c9-GrpcLogAppender: Leader has not got in touch with Follower 5e659369-1ee8-49c0-87c0-5752057ef24d@group-9EDE46CD1470->ba372c3f-ca6e-4b22-85c8-8c60b51fa7c9(c0,m0,n1, attendVote=true, lastRpcSendTime=1, lastRpcResponseTime=2502) yet, just keep nextIndex unchanged and retry.
2020-10-09 12:54:15,899 [grpc-default-executor-2] WARN  server.GrpcLogAppender (LogUtils.java:warn(122)) - 630ef14c-7f18-435b-8dbc-84d96446fc51@group-1F5D27D084E0->38f48239-bc06-46da-ac74-74ed7351a0a0-AppendLogResponseHandler: Failed appendEntries: org.apache.ratis.thirdparty.io.grpc.StatusRuntimeException: UNAVAILABLE: io exception
2020-10-09 12:54:15,900 [grpc-default-executor-2] WARN  server.GrpcLogAppender (GrpcLogAppender.java:resetClient(107)) - 630ef14c-7f18-435b-8dbc-84d96446fc51@group-1F5D27D084E0->38f48239-bc06-46da-ac74-74ed7351a0a0-GrpcLogAppender: Leader has not got in touch with Follower 630ef14c-7f18-435b-8dbc-84d96446fc51@group-1F5D27D084E0->38f48239-bc06-46da-ac74-74ed7351a0a0(c-1,m0,n1, attendVote=true, lastRpcSendTime=0, lastRpcResponseTime=7727) yet, just keep nextIndex unchanged and retry.
2020-10-09 12:54:17,400 [grpc-default-executor-2] WARN  server.GrpcLogAppender (LogUtils.java:warn(122)) - 5e659369-1ee8-49c0-87c0-5752057ef24d@group-9EDE46CD1470->ba372c3f-ca6e-4b22-85c8-8c60b51fa7c9-AppendLogResponseHandler: Failed appendEntries: org.apache.ratis.thirdparty.io.grpc.StatusRuntimeException: UNAVAILABLE: io exception
2020-10-09 12:54:17,401 [grpc-default-executor-2] WARN  server.GrpcLogAppender (GrpcLogAppender.java:resetClient(107)) - 5e659369-1ee8-49c0-87c0-5752057ef24d@group-9EDE46CD1470->ba372c3f-ca6e-4b22-85c8-8c60b51fa7c9-GrpcLogAppender: Leader has not got in touch with Follower 5e659369-1ee8-49c0-87c0-5752057ef24d@group-9EDE46CD1470->ba372c3f-ca6e-4b22-85c8-8c60b51fa7c9(c0,m0,n1, attendVote=true, lastRpcSendTime=1, lastRpcResponseTime=5003) yet, just keep nextIndex unchanged and retry.
2020-10-09 12:54:18,308 [Listener at 127.0.0.1/36087] INFO  ozoneimpl.OzoneContainer (OzoneContainer.java:stop(259)) - Attempting to stop container services.
2020-10-09 12:54:18,308 [Listener at 127.0.0.1/36087] INFO  impl.RaftServerProxy (RaftServerProxy.java:lambda$close$4(322)) - b183437e-7ee0-4740-aae6-e25f1cff2701: close
2020-10-09 12:54:18,309 [Listener at 127.0.0.1/36087] INFO  impl.RaftServerImpl (RaftServerImpl.java:lambda$shutdown$3(321)) - b183437e-7ee0-4740-aae6-e25f1cff2701@group-C50BB4951F22: shutdown
2020-10-09 12:54:18,309 [Listener at 127.0.0.1/36087] INFO  util.JmxRegister (JmxRegister.java:unregister(73)) - Successfully un-registered JMX Bean with object name Ratis:service=RaftServer,group=group-C50BB4951F22,id=b183437e-7ee0-4740-aae6-e25f1cff2701
2020-10-09 12:54:18,309 [Listener at 127.0.0.1/36087] INFO  impl.RoleInfo (RoleInfo.java:shutdownLeaderState(104)) - b183437e-7ee0-4740-aae6-e25f1cff2701: shutdown LeaderState
2020-10-09 12:54:18,309 [Listener at 127.0.0.1/36087] INFO  impl.PendingRequests (PendingRequests.java:sendNotLeaderResponses(249)) - b183437e-7ee0-4740-aae6-e25f1cff2701@group-C50BB4951F22-PendingRequests: sendNotLeaderResponses
2020-10-09 12:54:18,310 [Listener at 127.0.0.1/36087] INFO  metrics.RatisMetrics (RatisMetrics.java:unregister(43)) - Unregistering Metrics Registry : ratis.log_appender.b183437e-7ee0-4740-aae6-e25f1cff2701@group-C50BB4951F22
2020-10-09 12:54:18,310 [Listener at 127.0.0.1/36087] INFO  metrics.RatisMetrics (RatisMetrics.java:unregister(43)) - Unregistering Metrics Registry : ratis.server.b183437e-7ee0-4740-aae6-e25f1cff2701@group-C50BB4951F22
2020-10-09 12:54:18,312 [b183437e-7ee0-4740-aae6-e25f1cff2701@group-C50BB4951F22-StateMachineUpdater] INFO  ratis.ContainerStateMachine (ContainerStateMachine.java:takeSnapshot(293)) - group-C50BB4951F22: Taking a snapshot at:(t:1, i:0) file /github/workspace/mnt/ozone/hadoop-ozone/integration-test/target/test-dir/MiniOzoneClusterImpl-691c6000-d337-4848-84ec-e56c11f2c172/datanode-5/data/ratis/aff41a98-141f-4c09-9f13-c50bb4951f22/sm/snapshot.1_0
2020-10-09 12:54:18,312 [Listener at 127.0.0.1/36087] INFO  impl.StateMachineUpdater (StateMachineUpdater.java:stopAndJoin(142)) - b183437e-7ee0-4740-aae6-e25f1cff2701@group-C50BB4951F22-StateMachineUpdater: set stopIndex = 0
2020-10-09 12:54:18,313 [b183437e-7ee0-4740-aae6-e25f1cff2701@group-C50BB4951F22-StateMachineUpdater] INFO  ratis.ContainerStateMachine (ContainerStateMachine.java:takeSnapshot(304)) - group-C50BB4951F22: Finished taking a snapshot at:(t:1, i:0) file:/github/workspace/mnt/ozone/hadoop-ozone/integration-test/target/test-dir/MiniOzoneClusterImpl-691c6000-d337-4848-84ec-e56c11f2c172/datanode-5/data/ratis/aff41a98-141f-4c09-9f13-c50bb4951f22/sm/snapshot.1_0 time:1
2020-10-09 12:54:18,313 [b183437e-7ee0-4740-aae6-e25f1cff2701@group-C50BB4951F22-StateMachineUpdater] INFO  impl.StateMachineUpdater (StateMachineUpdater.java:takeSnapshot(277)) - b183437e-7ee0-4740-aae6-e25f1cff2701@group-C50BB4951F22-StateMachineUpdater: Took a snapshot at index 0
2020-10-09 12:54:18,314 [b183437e-7ee0-4740-aae6-e25f1cff2701@group-C50BB4951F22-StateMachineUpdater] INFO  impl.StateMachineUpdater (StateMachineUpdater.java:lambda$new$0(87)) - b183437e-7ee0-4740-aae6-e25f1cff2701@group-C50BB4951F22-StateMachineUpdater: snapshotIndex: updateIncreasingly -1 -> 0
2020-10-09 12:54:18,314 [b183437e-7ee0-4740-aae6-e25f1cff2701@group-C50BB4951F22-StateMachineUpdater] INFO  metrics.RatisMetrics (RatisMetrics.java:unregister(43)) - Unregistering Metrics Registry : ratis.state_machine.b183437e-7ee0-4740-aae6-e25f1cff2701@group-C50BB4951F22
2020-10-09 12:54:18,314 [Listener at 127.0.0.1/36087] INFO  impl.RaftServerImpl (ServerState.java:close(405)) - b183437e-7ee0-4740-aae6-e25f1cff2701@group-C50BB4951F22: closes. applyIndex: 0
2020-10-09 12:54:18,314 [b183437e-7ee0-4740-aae6-e25f1cff2701@group-C50BB4951F22-SegmentedRaftLogWorker] INFO  segmented.SegmentedRaftLogWorker (SegmentedRaftLogWorker.java:run(327)) - b183437e-7ee0-4740-aae6-e25f1cff2701@group-C50BB4951F22-SegmentedRaftLogWorker was interrupted, exiting. There are 0 tasks remaining in the queue.
2020-10-09 12:54:18,316 [Listener at 127.0.0.1/36087] INFO  segmented.SegmentedRaftLogWorker (SegmentedRaftLogWorker.java:close(234)) - b183437e-7ee0-4740-aae6-e25f1cff2701@group-C50BB4951F22-SegmentedRaftLogWorker close()
2020-10-09 12:54:18,317 [Listener at 127.0.0.1/36087] INFO  metrics.RatisMetrics (RatisMetrics.java:unregister(43)) - Unregistering Metrics Registry : ratis.log_worker.b183437e-7ee0-4740-aae6-e25f1cff2701@group-C50BB4951F22
2020-10-09 12:54:18,318 [Listener at 127.0.0.1/36087] INFO  metrics.RatisMetrics (RatisMetrics.java:unregister(43)) - Unregistering Metrics Registry : ratis.leader_election.b183437e-7ee0-4740-aae6-e25f1cff2701@group-C50BB4951F22
2020-10-09 12:54:18,318 [Listener at 127.0.0.1/36087] INFO  metrics.RatisMetrics (RatisMetrics.java:unregister(43)) - Unregistering Metrics Registry : ratis.server.b183437e-7ee0-4740-aae6-e25f1cff2701@group-C50BB4951F22
2020-10-09 12:54:18,318 [Listener at 127.0.0.1/36087] INFO  impl.RaftServerImpl (RaftServerImpl.java:lambda$shutdown$3(321)) - b183437e-7ee0-4740-aae6-e25f1cff2701@group-9EDE46CD1470: shutdown
2020-10-09 12:54:18,318 [Listener at 127.0.0.1/36087] INFO  util.JmxRegister (JmxRegister.java:unregister(73)) - Successfully un-registered JMX Bean with object name Ratis:service=RaftServer,group=group-9EDE46CD1470,id=b183437e-7ee0-4740-aae6-e25f1cff2701
2020-10-09 12:54:18,319 [Listener at 127.0.0.1/36087] INFO  impl.RoleInfo (RoleInfo.java:shutdownFollowerState(121)) - b183437e-7ee0-4740-aae6-e25f1cff2701: shutdown FollowerState
2020-10-09 12:54:18,319 [Thread-1353] INFO  impl.FollowerState (FollowerState.java:run(117)) - b183437e-7ee0-4740-aae6-e25f1cff2701@group-9EDE46CD1470-FollowerState was interrupted: java.lang.InterruptedException: sleep interrupted
2020-10-09 12:54:18,319 [b183437e-7ee0-4740-aae6-e25f1cff2701@group-9EDE46CD1470-StateMachineUpdater] INFO  ratis.ContainerStateMachine (ContainerStateMachine.java:takeSnapshot(293)) - group-9EDE46CD1470: Taking a snapshot at:(t:1, i:0) file /github/workspace/mnt/ozone/hadoop-ozone/integration-test/target/test-dir/MiniOzoneClusterImpl-691c6000-d337-4848-84ec-e56c11f2c172/datanode-5/data/ratis/bf62a005-c6ba-4874-874d-9ede46cd1470/sm/snapshot.1_0
2020-10-09 12:54:18,320 [Listener at 127.0.0.1/36087] INFO  impl.StateMachineUpdater (StateMachineUpdater.java:stopAndJoin(142)) - b183437e-7ee0-4740-aae6-e25f1cff2701@group-9EDE46CD1470-StateMachineUpdater: set stopIndex = 0
2020-10-09 12:54:18,320 [b183437e-7ee0-4740-aae6-e25f1cff2701@group-9EDE46CD1470-StateMachineUpdater] INFO  ratis.ContainerStateMachine (ContainerStateMachine.java:takeSnapshot(304)) - group-9EDE46CD1470: Finished taking a snapshot at:(t:1, i:0) file:/github/workspace/mnt/ozone/hadoop-ozone/integration-test/target/test-dir/MiniOzoneClusterImpl-691c6000-d337-4848-84ec-e56c11f2c172/datanode-5/data/ratis/bf62a005-c6ba-4874-874d-9ede46cd1470/sm/snapshot.1_0 time:1
2020-10-09 12:54:18,321 [ForkJoinPool.commonPool-worker-0] INFO  ozoneimpl.OzoneContainer (OzoneContainer.java:stop(259)) - Attempting to stop container services.
2020-10-09 12:54:18,321 [b183437e-7ee0-4740-aae6-e25f1cff2701@group-9EDE46CD1470-StateMachineUpdater] INFO  impl.StateMachineUpdater (StateMachineUpdater.java:takeSnapshot(277)) - b183437e-7ee0-4740-aae6-e25f1cff2701@group-9EDE46CD1470-StateMachineUpdater: Took a snapshot at index 0
2020-10-09 12:54:18,321 [b183437e-7ee0-4740-aae6-e25f1cff2701@group-9EDE46CD1470-StateMachineUpdater] INFO  impl.StateMachineUpdater (StateMachineUpdater.java:lambda$new$0(87)) - b183437e-7ee0-4740-aae6-e25f1cff2701@group-9EDE46CD1470-StateMachineUpdater: snapshotIndex: updateIncreasingly -1 -> 0
2020-10-09 12:54:18,321 [b183437e-7ee0-4740-aae6-e25f1cff2701@group-9EDE46CD1470-StateMachineUpdater] INFO  metrics.RatisMetrics (RatisMetrics.java:unregister(43)) - Unregistering Metrics Registry : ratis.state_machine.b183437e-7ee0-4740-aae6-e25f1cff2701@group-9EDE46CD1470
2020-10-09 12:54:18,321 [Listener at 127.0.0.1/36087] INFO  impl.RaftServerImpl (ServerState.java:close(405)) - b183437e-7ee0-4740-aae6-e25f1cff2701@group-9EDE46CD1470: closes. applyIndex: 0
2020-10-09 12:54:18,321 [ForkJoinPool.commonPool-worker-0] INFO  impl.RaftServerProxy (RaftServerProxy.java:lambda$close$4(322)) - 5e659369-1ee8-49c0-87c0-5752057ef24d: close
2020-10-09 12:54:18,322 [b183437e-7ee0-4740-aae6-e25f1cff2701@group-9EDE46CD1470-SegmentedRaftLogWorker] INFO  segmented.SegmentedRaftLogWorker (SegmentedRaftLogWorker.java:run(327)) - b183437e-7ee0-4740-aae6-e25f1cff2701@group-9EDE46CD1470-SegmentedRaftLogWorker was interrupted, exiting. There are 0 tasks remaining in the queue.
2020-10-09 12:54:18,322 [ForkJoinPool.commonPool-worker-0] INFO  impl.RaftServerImpl (RaftServerImpl.java:lambda$shutdown$3(321)) - 5e659369-1ee8-49c0-87c0-5752057ef24d@group-9EDE46CD1470: shutdown
2020-10-09 12:54:18,322 [ForkJoinPool.commonPool-worker-0] INFO  util.JmxRegister (JmxRegister.java:unregister(73)) - Successfully un-registered JMX Bean with object name Ratis:service=RaftServer,group=group-9EDE46CD1470,id=5e659369-1ee8-49c0-87c0-5752057ef24d
2020-10-09 12:54:18,322 [ForkJoinPool.commonPool-worker-0] INFO  impl.RoleInfo (RoleInfo.java:shutdownLeaderState(104)) - 5e659369-1ee8-49c0-87c0-5752057ef24d: shutdown LeaderState
2020-10-09 12:54:18,322 [ForkJoinPool.commonPool-worker-0] INFO  metrics.RatisMetrics (RatisMetrics.java:unregister(43)) - Unregistering Metrics Registry : ratis_grpc.log_appender.5e659369-1ee8-49c0-87c0-5752057ef24d@group-9EDE46CD1470
2020-10-09 12:54:18,322 [ForkJoinPool.commonPool-worker-0] INFO  metrics.RatisMetrics (RatisMetrics.java:unregister(43)) - Unregistering Metrics Registry : ratis_grpc.log_appender.5e659369-1ee8-49c0-87c0-5752057ef24d@group-9EDE46CD1470
2020-10-09 12:54:18,322 [org.apache.ratis.server.impl.LogAppender$AppenderDaemon$$Lambda$451/668823287@2694b073] WARN  server.GrpcLogAppender (GrpcLogAppender.java:mayWait(168)) - 5e659369-1ee8-49c0-87c0-5752057ef24d@group-9EDE46CD1470->b183437e-7ee0-4740-aae6-e25f1cff2701-GrpcLogAppender: Wait interrupted by java.lang.InterruptedException
2020-10-09 12:54:18,323 [org.apache.ratis.server.impl.LogAppender$AppenderDaemon$$Lambda$451/668823287@4e3b0d89] WARN  server.GrpcLogAppender (GrpcLogAppender.java:mayWait(168)) - 5e659369-1ee8-49c0-87c0-5752057ef24d@group-9EDE46CD1470->ba372c3f-ca6e-4b22-85c8-8c60b51fa7c9-GrpcLogAppender: Wait interrupted by java.lang.InterruptedException
2020-10-09 12:54:18,322 [ForkJoinPool.commonPool-worker-0] INFO  impl.PendingRequests (PendingRequests.java:sendNotLeaderResponses(249)) - 5e659369-1ee8-49c0-87c0-5752057ef24d@group-9EDE46CD1470-PendingRequests: sendNotLeaderResponses
2020-10-09 12:54:18,323 [ForkJoinPool.commonPool-worker-0] INFO  metrics.RatisMetrics (RatisMetrics.java:unregister(43)) - Unregistering Metrics Registry : ratis.log_appender.5e659369-1ee8-49c0-87c0-5752057ef24d@group-9EDE46CD1470
2020-10-09 12:54:18,323 [ForkJoinPool.commonPool-worker-0] INFO  metrics.RatisMetrics (RatisMetrics.java:unregister(43)) - Unregistering Metrics Registry : ratis.server.5e659369-1ee8-49c0-87c0-5752057ef24d@group-9EDE46CD1470
2020-10-09 12:54:18,323 [grpc-default-executor-2] INFO  server.GrpcServerProtocolService (GrpcServerProtocolService.java:onCompleted(138)) - b183437e-7ee0-4740-aae6-e25f1cff2701: Completed APPEND_ENTRIES, lastRequest: 5e659369-1ee8-49c0-87c0-5752057ef24d->b183437e-7ee0-4740-aae6-e25f1cff2701#1-t1, previous=(t:0, i:0), leaderCommit=0, initializing? false, entries: size=1, first=(t:1, i:0), CONFIGURATIONENTRY
2020-10-09 12:54:18,324 [Listener at 127.0.0.1/36087] INFO  segmented.SegmentedRaftLogWorker (SegmentedRaftLogWorker.java:close(234)) - b183437e-7ee0-4740-aae6-e25f1cff2701@group-9EDE46CD1470-SegmentedRaftLogWorker close()
2020-10-09 12:54:18,326 [Listener at 127.0.0.1/36087] INFO  metrics.RatisMetrics (RatisMetrics.java:unregister(43)) - Unregistering Metrics Registry : ratis.log_worker.b183437e-7ee0-4740-aae6-e25f1cff2701@group-9EDE46CD1470
2020-10-09 12:54:18,326 [Listener at 127.0.0.1/36087] INFO  metrics.RatisMetrics (RatisMetrics.java:unregister(43)) - Unregistering Metrics Registry : ratis.leader_election.b183437e-7ee0-4740-aae6-e25f1cff2701@group-9EDE46CD1470
2020-10-09 12:54:18,326 [Listener at 127.0.0.1/36087] INFO  metrics.RatisMetrics (RatisMetrics.java:unregister(43)) - Unregistering Metrics Registry : ratis.server.b183437e-7ee0-4740-aae6-e25f1cff2701@group-9EDE46CD1470
2020-10-09 12:54:18,327 [grpc-default-executor-5] INFO  server.GrpcLogAppender (GrpcLogAppender.java:onCompleted(336)) - 5e659369-1ee8-49c0-87c0-5752057ef24d@group-9EDE46CD1470->b183437e-7ee0-4740-aae6-e25f1cff2701-AppendLogResponseHandler: follower responses appendEntries COMPLETED
2020-10-09 12:54:18,327 [ForkJoinPool.commonPool-worker-0] INFO  impl.StateMachineUpdater (StateMachineUpdater.java:stopAndJoin(142)) - 5e659369-1ee8-49c0-87c0-5752057ef24d@group-9EDE46CD1470-StateMachineUpdater: set stopIndex = 0
2020-10-09 12:54:18,328 [5e659369-1ee8-49c0-87c0-5752057ef24d@group-9EDE46CD1470-StateMachineUpdater] INFO  ratis.ContainerStateMachine (ContainerStateMachine.java:takeSnapshot(293)) - group-9EDE46CD1470: Taking a snapshot at:(t:1, i:0) file /github/workspace/mnt/ozone/hadoop-ozone/integration-test/target/test-dir/MiniOzoneClusterImpl-691c6000-d337-4848-84ec-e56c11f2c172/datanode-3/data/ratis/bf62a005-c6ba-4874-874d-9ede46cd1470/sm/snapshot.1_0
2020-10-09 12:54:18,327 [grpc-default-executor-5] INFO  impl.FollowerInfo (FollowerInfo.java:lambda$new$0(51)) - 5e659369-1ee8-49c0-87c0-5752057ef24d@group-9EDE46CD1470->b183437e-7ee0-4740-aae6-e25f1cff2701: nextIndex: updateUnconditionally 1 -> 0
2020-10-09 12:54:18,328 [Listener at 127.0.0.1/36087] INFO  server.GrpcService (GrpcService.java:closeImpl(183)) - b183437e-7ee0-4740-aae6-e25f1cff2701: shutdown server with port 37195 now
2020-10-09 12:54:18,329 [5e659369-1ee8-49c0-87c0-5752057ef24d@group-9EDE46CD1470-StateMachineUpdater] INFO  ratis.ContainerStateMachine (ContainerStateMachine.java:takeSnapshot(304)) - group-9EDE46CD1470: Finished taking a snapshot at:(t:1, i:0) file:/github/workspace/mnt/ozone/hadoop-ozone/integration-test/target/test-dir/MiniOzoneClusterImpl-691c6000-d337-4848-84ec-e56c11f2c172/datanode-3/data/ratis/bf62a005-c6ba-4874-874d-9ede46cd1470/sm/snapshot.1_0 time:0
2020-10-09 12:54:18,329 [5e659369-1ee8-49c0-87c0-5752057ef24d@group-9EDE46CD1470-StateMachineUpdater] INFO  impl.StateMachineUpdater (StateMachineUpdater.java:takeSnapshot(277)) - 5e659369-1ee8-49c0-87c0-5752057ef24d@group-9EDE46CD1470-StateMachineUpdater: Took a snapshot at index 0
2020-10-09 12:54:18,329 [5e659369-1ee8-49c0-87c0-5752057ef24d@group-9EDE46CD1470-StateMachineUpdater] INFO  impl.StateMachineUpdater (StateMachineUpdater.java:lambda$new$0(87)) - 5e659369-1ee8-49c0-87c0-5752057ef24d@group-9EDE46CD1470-StateMachineUpdater: snapshotIndex: updateIncreasingly -1 -> 0
2020-10-09 12:54:18,329 [5e659369-1ee8-49c0-87c0-5752057ef24d@group-9EDE46CD1470-StateMachineUpdater] INFO  metrics.RatisMetrics (RatisMetrics.java:unregister(43)) - Unregistering Metrics Registry : ratis.state_machine.5e659369-1ee8-49c0-87c0-5752057ef24d@group-9EDE46CD1470
2020-10-09 12:54:18,329 [ForkJoinPool.commonPool-worker-0] INFO  impl.RaftServerImpl (ServerState.java:close(405)) - 5e659369-1ee8-49c0-87c0-5752057ef24d@group-9EDE46CD1470: closes. applyIndex: 0
2020-10-09 12:54:18,329 [5e659369-1ee8-49c0-87c0-5752057ef24d@group-9EDE46CD1470-SegmentedRaftLogWorker] INFO  segmented.SegmentedRaftLogWorker (SegmentedRaftLogWorker.java:run(327)) - 5e659369-1ee8-49c0-87c0-5752057ef24d@group-9EDE46CD1470-SegmentedRaftLogWorker was interrupted, exiting. There are 0 tasks remaining in the queue.
2020-10-09 12:54:18,335 [ForkJoinPool.commonPool-worker-0] INFO  segmented.SegmentedRaftLogWorker (SegmentedRaftLogWorker.java:close(234)) - 5e659369-1ee8-49c0-87c0-5752057ef24d@group-9EDE46CD1470-SegmentedRaftLogWorker close()
2020-10-09 12:54:18,338 [ForkJoinPool.commonPool-worker-0] INFO  metrics.RatisMetrics (RatisMetrics.java:unregister(43)) - Unregistering Metrics Registry : ratis.log_worker.5e659369-1ee8-49c0-87c0-5752057ef24d@group-9EDE46CD1470
2020-10-09 12:54:18,338 [ForkJoinPool.commonPool-worker-0] INFO  metrics.RatisMetrics (RatisMetrics.java:unregister(43)) - Unregistering Metrics Registry : ratis.leader_election.5e659369-1ee8-49c0-87c0-5752057ef24d@group-9EDE46CD1470
2020-10-09 12:54:18,338 [ForkJoinPool.commonPool-worker-0] INFO  metrics.RatisMetrics (RatisMetrics.java:unregister(43)) - Unregistering Metrics Registry : ratis.server.5e659369-1ee8-49c0-87c0-5752057ef24d@group-9EDE46CD1470
2020-10-09 12:54:18,339 [ForkJoinPool.commonPool-worker-0] INFO  impl.RaftServerImpl (RaftServerImpl.java:lambda$shutdown$3(321)) - 5e659369-1ee8-49c0-87c0-5752057ef24d@group-7CE5FB7F8D79: shutdown
2020-10-09 12:54:18,339 [ForkJoinPool.commonPool-worker-0] INFO  util.JmxRegister (JmxRegister.java:unregister(73)) - Successfully un-registered JMX Bean with object name Ratis:service=RaftServer,group=group-7CE5FB7F8D79,id=5e659369-1ee8-49c0-87c0-5752057ef24d
2020-10-09 12:54:18,339 [ForkJoinPool.commonPool-worker-0] INFO  impl.RoleInfo (RoleInfo.java:shutdownLeaderState(104)) - 5e659369-1ee8-49c0-87c0-5752057ef24d: shutdown LeaderState
2020-10-09 12:54:18,339 [ForkJoinPool.commonPool-worker-0] INFO  impl.PendingRequests (PendingRequests.java:sendNotLeaderResponses(249)) - 5e659369-1ee8-49c0-87c0-5752057ef24d@group-7CE5FB7F8D79-PendingRequests: sendNotLeaderResponses
2020-10-09 12:54:18,339 [Listener at 127.0.0.1/36087] INFO  server.GrpcService (GrpcService.java:closeImpl(191)) - b183437e-7ee0-4740-aae6-e25f1cff2701: shutdown server with port 37195 successfully
2020-10-09 12:54:18,340 [Listener at 127.0.0.1/36087] INFO  utils.BackgroundService (BackgroundService.java:shutdown(132)) - Shutting down service BlockDeletingService
2020-10-09 12:54:18,341 [ForkJoinPool.commonPool-worker-0] INFO  metrics.RatisMetrics (RatisMetrics.java:unregister(43)) - Unregistering Metrics Registry : ratis.log_appender.5e659369-1ee8-49c0-87c0-5752057ef24d@group-7CE5FB7F8D79
2020-10-09 12:54:18,342 [ForkJoinPool.commonPool-worker-0] INFO  metrics.RatisMetrics (RatisMetrics.java:unregister(43)) - Unregistering Metrics Registry : ratis.server.5e659369-1ee8-49c0-87c0-5752057ef24d@group-7CE5FB7F8D79
2020-10-09 12:54:18,343 [ForkJoinPool.commonPool-worker-0] INFO  impl.StateMachineUpdater (StateMachineUpdater.java:stopAndJoin(142)) - 5e659369-1ee8-49c0-87c0-5752057ef24d@group-7CE5FB7F8D79-StateMachineUpdater: set stopIndex = 0
2020-10-09 12:54:18,343 [Listener at 127.0.0.1/36087] INFO  statemachine.DatanodeStateMachine (DatanodeStateMachine.java:stopDaemon(453)) - Ozone container server stopped.
2020-10-09 12:54:18,343 [5e659369-1ee8-49c0-87c0-5752057ef24d@group-7CE5FB7F8D79-StateMachineUpdater] INFO  ratis.ContainerStateMachine (ContainerStateMachine.java:takeSnapshot(293)) - group-7CE5FB7F8D79: Taking a snapshot at:(t:1, i:0) file /github/workspace/mnt/ozone/hadoop-ozone/integration-test/target/test-dir/MiniOzoneClusterImpl-691c6000-d337-4848-84ec-e56c11f2c172/datanode-3/data/ratis/a15ff165-ded0-4b0b-ae9a-7ce5fb7f8d79/sm/snapshot.1_0
2020-10-09 12:54:18,344 [5e659369-1ee8-49c0-87c0-5752057ef24d@group-7CE5FB7F8D79-StateMachineUpdater] INFO  ratis.ContainerStateMachine (ContainerStateMachine.java:takeSnapshot(304)) - group-7CE5FB7F8D79: Finished taking a snapshot at:(t:1, i:0) file:/github/workspace/mnt/ozone/hadoop-ozone/integration-test/target/test-dir/MiniOzoneClusterImpl-691c6000-d337-4848-84ec-e56c11f2c172/datanode-3/data/ratis/a15ff165-ded0-4b0b-ae9a-7ce5fb7f8d79/sm/snapshot.1_0 time:1
2020-10-09 12:54:18,344 [5e659369-1ee8-49c0-87c0-5752057ef24d@group-7CE5FB7F8D79-StateMachineUpdater] INFO  impl.StateMachineUpdater (StateMachineUpdater.java:takeSnapshot(277)) - 5e659369-1ee8-49c0-87c0-5752057ef24d@group-7CE5FB7F8D79-StateMachineUpdater: Took a snapshot at index 0
2020-10-09 12:54:18,344 [5e659369-1ee8-49c0-87c0-5752057ef24d@group-7CE5FB7F8D79-StateMachineUpdater] INFO  impl.StateMachineUpdater (StateMachineUpdater.java:lambda$new$0(87)) - 5e659369-1ee8-49c0-87c0-5752057ef24d@group-7CE5FB7F8D79-StateMachineUpdater: snapshotIndex: updateIncreasingly -1 -> 0
2020-10-09 12:54:18,344 [5e659369-1ee8-49c0-87c0-5752057ef24d@group-7CE5FB7F8D79-StateMachineUpdater] INFO  metrics.RatisMetrics (RatisMetrics.java:unregister(43)) - Unregistering Metrics Registry : ratis.state_machine.5e659369-1ee8-49c0-87c0-5752057ef24d@group-7CE5FB7F8D79
2020-10-09 12:54:18,347 [ForkJoinPool.commonPool-worker-0] INFO  impl.RaftServerImpl (ServerState.java:close(405)) - 5e659369-1ee8-49c0-87c0-5752057ef24d@group-7CE5FB7F8D79: closes. applyIndex: 0
2020-10-09 12:54:18,347 [5e659369-1ee8-49c0-87c0-5752057ef24d@group-7CE5FB7F8D79-SegmentedRaftLogWorker] INFO  segmented.SegmentedRaftLogWorker (SegmentedRaftLogWorker.java:run(327)) - 5e659369-1ee8-49c0-87c0-5752057ef24d@group-7CE5FB7F8D79-SegmentedRaftLogWorker was interrupted, exiting. There are 0 tasks remaining in the queue.
2020-10-09 12:54:18,348 [ForkJoinPool.commonPool-worker-0] INFO  segmented.SegmentedRaftLogWorker (SegmentedRaftLogWorker.java:close(234)) - 5e659369-1ee8-49c0-87c0-5752057ef24d@group-7CE5FB7F8D79-SegmentedRaftLogWorker close()
2020-10-09 12:54:18,349 [ForkJoinPool.commonPool-worker-0] INFO  metrics.RatisMetrics (RatisMetrics.java:unregister(43)) - Unregistering Metrics Registry : ratis.log_worker.5e659369-1ee8-49c0-87c0-5752057ef24d@group-7CE5FB7F8D79
2020-10-09 12:54:18,349 [ForkJoinPool.commonPool-worker-0] INFO  metrics.RatisMetrics (RatisMetrics.java:unregister(43)) - Unregistering Metrics Registry : ratis.leader_election.5e659369-1ee8-49c0-87c0-5752057ef24d@group-7CE5FB7F8D79
2020-10-09 12:54:18,349 [ForkJoinPool.commonPool-worker-0] INFO  metrics.RatisMetrics (RatisMetrics.java:unregister(43)) - Unregistering Metrics Registry : ratis.server.5e659369-1ee8-49c0-87c0-5752057ef24d@group-7CE5FB7F8D79
2020-10-09 12:54:18,349 [ForkJoinPool.commonPool-worker-0] INFO  server.GrpcService (GrpcService.java:closeImpl(183)) - 5e659369-1ee8-49c0-87c0-5752057ef24d: shutdown server with port 37457 now
2020-10-09 12:54:18,356 [Listener at 127.0.0.1/36087] INFO  handler.ContextHandler (ContextHandler.java:doStop(1016)) - Stopped o.e.j.w.WebAppContext@13e59265{hddsDatanode,/,null,UNAVAILABLE}{jar:file:/home/user/.m2/repository/org/apache/hadoop/hadoop-hdds-container-service/1.1.0-SNAPSHOT/hadoop-hdds-container-service-1.1.0-SNAPSHOT.jar!/webapps/hddsDatanode}
2020-10-09 12:54:18,356 [ForkJoinPool.commonPool-worker-0] INFO  server.GrpcService (GrpcService.java:closeImpl(191)) - 5e659369-1ee8-49c0-87c0-5752057ef24d: shutdown server with port 37457 successfully
2020-10-09 12:54:18,357 [Listener at 127.0.0.1/36087] INFO  server.AbstractConnector (AbstractConnector.java:doStop(380)) - Stopped ServerConnector@67fc98fe{HTTP/1.1,[http/1.1]}{0.0.0.0:0}
2020-10-09 12:54:18,358 [Listener at 127.0.0.1/36087] INFO  server.session (HouseKeeper.java:stopScavenging(158)) - node0 Stopped scavenging
2020-10-09 12:54:18,359 [ForkJoinPool.commonPool-worker-0] INFO  utils.BackgroundService (BackgroundService.java:shutdown(132)) - Shutting down service BlockDeletingService
2020-10-09 12:54:18,360 [Listener at 127.0.0.1/36087] INFO  handler.ContextHandler (ContextHandler.java:doStop(1016)) - Stopped o.e.j.s.ServletContextHandler@6670d46e{static,/static,jar:file:/home/user/.m2/repository/org/apache/hadoop/hadoop-hdds-container-service/1.1.0-SNAPSHOT/hadoop-hdds-container-service-1.1.0-SNAPSHOT.jar!/webapps/static,UNAVAILABLE}
2020-10-09 12:54:18,362 [Listener at 127.0.0.1/36087] INFO  handler.ContextHandler (ContextHandler.java:doStop(1016)) - Stopped o.e.j.s.ServletContextHandler@4089505c{logs,/logs,file:///github/workspace/mnt/ozone/hadoop-ozone/integration-test/target/log,UNAVAILABLE}
2020-10-09 12:54:18,362 [ForkJoinPool.commonPool-worker-0] INFO  statemachine.DatanodeStateMachine (DatanodeStateMachine.java:stopDaemon(453)) - Ozone container server stopped.
2020-10-09 12:54:18,380 [ForkJoinPool.commonPool-worker-0] INFO  handler.ContextHandler (ContextHandler.java:doStop(1016)) - Stopped o.e.j.w.WebAppContext@5f7a911f{hddsDatanode,/,null,UNAVAILABLE}{jar:file:/home/user/.m2/repository/org/apache/hadoop/hadoop-hdds-container-service/1.1.0-SNAPSHOT/hadoop-hdds-container-service-1.1.0-SNAPSHOT.jar!/webapps/hddsDatanode}
2020-10-09 12:54:18,381 [ForkJoinPool.commonPool-worker-0] INFO  server.AbstractConnector (AbstractConnector.java:doStop(380)) - Stopped ServerConnector@7babfd29{HTTP/1.1,[http/1.1]}{0.0.0.0:0}
2020-10-09 12:54:18,381 [ForkJoinPool.commonPool-worker-0] INFO  server.session (HouseKeeper.java:stopScavenging(158)) - node0 Stopped scavenging
2020-10-09 12:54:18,383 [ForkJoinPool.commonPool-worker-0] INFO  handler.ContextHandler (ContextHandler.java:doStop(1016)) - Stopped o.e.j.s.ServletContextHandler@34ceabf1{static,/static,jar:file:/home/user/.m2/repository/org/apache/hadoop/hadoop-hdds-container-service/1.1.0-SNAPSHOT/hadoop-hdds-container-service-1.1.0-SNAPSHOT.jar!/webapps/static,UNAVAILABLE}
2020-10-09 12:54:18,384 [ForkJoinPool.commonPool-worker-0] INFO  handler.ContextHandler (ContextHandler.java:doStop(1016)) - Stopped o.e.j.s.ServletContextHandler@12d644a6{logs,/logs,file:///github/workspace/mnt/ozone/hadoop-ozone/integration-test/target/log,UNAVAILABLE}
2020-10-09 12:54:18,400 [grpc-default-executor-5] WARN  server.GrpcLogAppender (LogUtils.java:warn(122)) - 630ef14c-7f18-435b-8dbc-84d96446fc51@group-1F5D27D084E0->38f48239-bc06-46da-ac74-74ed7351a0a0-AppendLogResponseHandler: Failed appendEntries: org.apache.ratis.thirdparty.io.grpc.StatusRuntimeException: UNAVAILABLE: io exception
2020-10-09 12:54:18,401 [grpc-default-executor-5] WARN  server.GrpcLogAppender (GrpcLogAppender.java:resetClient(107)) - 630ef14c-7f18-435b-8dbc-84d96446fc51@group-1F5D27D084E0->38f48239-bc06-46da-ac74-74ed7351a0a0-GrpcLogAppender: Leader has not got in touch with Follower 630ef14c-7f18-435b-8dbc-84d96446fc51@group-1F5D27D084E0->38f48239-bc06-46da-ac74-74ed7351a0a0(c-1,m0,n1, attendVote=true, lastRpcSendTime=0, lastRpcResponseTime=10227) yet, just keep nextIndex unchanged and retry.
2020-10-09 12:54:19,022 [Datanode State Machine Thread - 0] INFO  statemachine.DatanodeStateMachine (DatanodeStateMachine.java:lambda$startDaemon$0(405)) - Ozone container server started.
2020-10-09 12:54:19,372 [Datanode State Machine Thread - 0] INFO  statemachine.DatanodeStateMachine (DatanodeStateMachine.java:lambda$startDaemon$0(405)) - Ozone container server started.
2020-10-09 12:54:20,900 [grpc-default-executor-5] WARN  server.GrpcLogAppender (LogUtils.java:warn(122)) - 630ef14c-7f18-435b-8dbc-84d96446fc51@group-1F5D27D084E0->38f48239-bc06-46da-ac74-74ed7351a0a0-AppendLogResponseHandler: Failed appendEntries: org.apache.ratis.thirdparty.io.grpc.StatusRuntimeException: UNAVAILABLE: io exception
2020-10-09 12:54:20,901 [grpc-default-executor-5] WARN  server.GrpcLogAppender (GrpcLogAppender.java:resetClient(107)) - 630ef14c-7f18-435b-8dbc-84d96446fc51@group-1F5D27D084E0->38f48239-bc06-46da-ac74-74ed7351a0a0-GrpcLogAppender: Leader has not got in touch with Follower 630ef14c-7f18-435b-8dbc-84d96446fc51@group-1F5D27D084E0->38f48239-bc06-46da-ac74-74ed7351a0a0(c-1,m0,n1, attendVote=true, lastRpcSendTime=1, lastRpcResponseTime=12728) yet, just keep nextIndex unchanged and retry.
2020-10-09 12:54:23,370 [Listener at 127.0.0.1/36087] INFO  ozoneimpl.OzoneContainer (OzoneContainer.java:stop(259)) - Attempting to stop container services.
2020-10-09 12:54:23,371 [Listener at 127.0.0.1/36087] INFO  impl.RaftServerProxy (RaftServerProxy.java:lambda$close$4(322)) - 2d5c9c0a-908d-48fd-9559-afc140b75ed5: close
2020-10-09 12:54:23,371 [Listener at 127.0.0.1/36087] INFO  impl.RaftServerImpl (RaftServerImpl.java:lambda$shutdown$3(321)) - 2d5c9c0a-908d-48fd-9559-afc140b75ed5@group-1F91D9C0E57D: shutdown
2020-10-09 12:54:23,371 [Listener at 127.0.0.1/36087] INFO  util.JmxRegister (JmxRegister.java:unregister(73)) - Successfully un-registered JMX Bean with object name Ratis:service=RaftServer,group=group-1F91D9C0E57D,id=2d5c9c0a-908d-48fd-9559-afc140b75ed5
2020-10-09 12:54:23,371 [Listener at 127.0.0.1/36087] INFO  impl.RoleInfo (RoleInfo.java:shutdownLeaderState(104)) - 2d5c9c0a-908d-48fd-9559-afc140b75ed5: shutdown LeaderState
2020-10-09 12:54:23,372 [Listener at 127.0.0.1/36087] INFO  impl.PendingRequests (PendingRequests.java:sendNotLeaderResponses(249)) - 2d5c9c0a-908d-48fd-9559-afc140b75ed5@group-1F91D9C0E57D-PendingRequests: sendNotLeaderResponses
2020-10-09 12:54:23,372 [Listener at 127.0.0.1/36087] INFO  metrics.RatisMetrics (RatisMetrics.java:unregister(43)) - Unregistering Metrics Registry : ratis.log_appender.2d5c9c0a-908d-48fd-9559-afc140b75ed5@group-1F91D9C0E57D
2020-10-09 12:54:23,372 [Listener at 127.0.0.1/36087] INFO  metrics.RatisMetrics (RatisMetrics.java:unregister(43)) - Unregistering Metrics Registry : ratis.server.2d5c9c0a-908d-48fd-9559-afc140b75ed5@group-1F91D9C0E57D
2020-10-09 12:54:23,373 [Listener at 127.0.0.1/36087] INFO  impl.StateMachineUpdater (StateMachineUpdater.java:stopAndJoin(142)) - 2d5c9c0a-908d-48fd-9559-afc140b75ed5@group-1F91D9C0E57D-StateMachineUpdater: set stopIndex = 0
2020-10-09 12:54:23,374 [2d5c9c0a-908d-48fd-9559-afc140b75ed5@group-1F91D9C0E57D-StateMachineUpdater] INFO  ratis.ContainerStateMachine (ContainerStateMachine.java:takeSnapshot(293)) - group-1F91D9C0E57D: Taking a snapshot at:(t:1, i:0) file /github/workspace/mnt/ozone/hadoop-ozone/integration-test/target/test-dir/MiniOzoneClusterImpl-691c6000-d337-4848-84ec-e56c11f2c172/datanode-7/data/ratis/c14c7fa8-ae7a-4959-be3f-1f91d9c0e57d/sm/snapshot.1_0
2020-10-09 12:54:23,375 [2d5c9c0a-908d-48fd-9559-afc140b75ed5@group-1F91D9C0E57D-StateMachineUpdater] INFO  ratis.ContainerStateMachine (ContainerStateMachine.java:takeSnapshot(304)) - group-1F91D9C0E57D: Finished taking a snapshot at:(t:1, i:0) file:/github/workspace/mnt/ozone/hadoop-ozone/integration-test/target/test-dir/MiniOzoneClusterImpl-691c6000-d337-4848-84ec-e56c11f2c172/datanode-7/data/ratis/c14c7fa8-ae7a-4959-be3f-1f91d9c0e57d/sm/snapshot.1_0 time:1
2020-10-09 12:54:23,375 [2d5c9c0a-908d-48fd-9559-afc140b75ed5@group-1F91D9C0E57D-StateMachineUpdater] INFO  impl.StateMachineUpdater (StateMachineUpdater.java:takeSnapshot(277)) - 2d5c9c0a-908d-48fd-9559-afc140b75ed5@group-1F91D9C0E57D-StateMachineUpdater: Took a snapshot at index 0
2020-10-09 12:54:23,375 [2d5c9c0a-908d-48fd-9559-afc140b75ed5@group-1F91D9C0E57D-StateMachineUpdater] INFO  impl.StateMachineUpdater (StateMachineUpdater.java:lambda$new$0(87)) - 2d5c9c0a-908d-48fd-9559-afc140b75ed5@group-1F91D9C0E57D-StateMachineUpdater: snapshotIndex: updateIncreasingly -1 -> 0
2020-10-09 12:54:23,376 [2d5c9c0a-908d-48fd-9559-afc140b75ed5@group-1F91D9C0E57D-StateMachineUpdater] INFO  metrics.RatisMetrics (RatisMetrics.java:unregister(43)) - Unregistering Metrics Registry : ratis.state_machine.2d5c9c0a-908d-48fd-9559-afc140b75ed5@group-1F91D9C0E57D
2020-10-09 12:54:23,376 [Listener at 127.0.0.1/36087] INFO  impl.RaftServerImpl (ServerState.java:close(405)) - 2d5c9c0a-908d-48fd-9559-afc140b75ed5@group-1F91D9C0E57D: closes. applyIndex: 0
2020-10-09 12:54:23,376 [2d5c9c0a-908d-48fd-9559-afc140b75ed5@group-1F91D9C0E57D-SegmentedRaftLogWorker] INFO  segmented.SegmentedRaftLogWorker (SegmentedRaftLogWorker.java:run(327)) - 2d5c9c0a-908d-48fd-9559-afc140b75ed5@group-1F91D9C0E57D-SegmentedRaftLogWorker was interrupted, exiting. There are 0 tasks remaining in the queue.
2020-10-09 12:54:23,377 [Listener at 127.0.0.1/36087] INFO  segmented.SegmentedRaftLogWorker (SegmentedRaftLogWorker.java:close(234)) - 2d5c9c0a-908d-48fd-9559-afc140b75ed5@group-1F91D9C0E57D-SegmentedRaftLogWorker close()
2020-10-09 12:54:23,378 [Listener at 127.0.0.1/36087] INFO  metrics.RatisMetrics (RatisMetrics.java:unregister(43)) - Unregistering Metrics Registry : ratis.log_worker.2d5c9c0a-908d-48fd-9559-afc140b75ed5@group-1F91D9C0E57D
2020-10-09 12:54:23,379 [Listener at 127.0.0.1/36087] INFO  metrics.RatisMetrics (RatisMetrics.java:unregister(43)) - Unregistering Metrics Registry : ratis.leader_election.2d5c9c0a-908d-48fd-9559-afc140b75ed5@group-1F91D9C0E57D
2020-10-09 12:54:23,379 [Listener at 127.0.0.1/36087] INFO  metrics.RatisMetrics (RatisMetrics.java:unregister(43)) - Unregistering Metrics Registry : ratis.server.2d5c9c0a-908d-48fd-9559-afc140b75ed5@group-1F91D9C0E57D
2020-10-09 12:54:23,379 [Listener at 127.0.0.1/36087] INFO  impl.RaftServerImpl (RaftServerImpl.java:lambda$shutdown$3(321)) - 2d5c9c0a-908d-48fd-9559-afc140b75ed5@group-F2540E47816F: shutdown
2020-10-09 12:54:23,379 [Listener at 127.0.0.1/36087] INFO  util.JmxRegister (JmxRegister.java:unregister(73)) - Successfully un-registered JMX Bean with object name Ratis:service=RaftServer,group=group-F2540E47816F,id=2d5c9c0a-908d-48fd-9559-afc140b75ed5
2020-10-09 12:54:23,379 [Listener at 127.0.0.1/36087] INFO  impl.RoleInfo (RoleInfo.java:shutdownFollowerState(121)) - 2d5c9c0a-908d-48fd-9559-afc140b75ed5: shutdown FollowerState
2020-10-09 12:54:23,380 [Thread-1372] INFO  impl.FollowerState (FollowerState.java:run(117)) - 2d5c9c0a-908d-48fd-9559-afc140b75ed5@group-F2540E47816F-FollowerState was interrupted: java.lang.InterruptedException: sleep interrupted
2020-10-09 12:54:23,380 [2d5c9c0a-908d-48fd-9559-afc140b75ed5@group-F2540E47816F-StateMachineUpdater] INFO  ratis.ContainerStateMachine (ContainerStateMachine.java:takeSnapshot(293)) - group-F2540E47816F: Taking a snapshot at:(t:1, i:0) file /github/workspace/mnt/ozone/hadoop-ozone/integration-test/target/test-dir/MiniOzoneClusterImpl-691c6000-d337-4848-84ec-e56c11f2c172/datanode-7/data/ratis/de67e3f1-d5e0-4b31-aba7-f2540e47816f/sm/snapshot.1_0
2020-10-09 12:54:23,380 [Listener at 127.0.0.1/36087] INFO  impl.StateMachineUpdater (StateMachineUpdater.java:stopAndJoin(142)) - 2d5c9c0a-908d-48fd-9559-afc140b75ed5@group-F2540E47816F-StateMachineUpdater: set stopIndex = 0
2020-10-09 12:54:23,381 [2d5c9c0a-908d-48fd-9559-afc140b75ed5@group-F2540E47816F-StateMachineUpdater] INFO  ratis.ContainerStateMachine (ContainerStateMachine.java:takeSnapshot(304)) - group-F2540E47816F: Finished taking a snapshot at:(t:1, i:0) file:/github/workspace/mnt/ozone/hadoop-ozone/integration-test/target/test-dir/MiniOzoneClusterImpl-691c6000-d337-4848-84ec-e56c11f2c172/datanode-7/data/ratis/de67e3f1-d5e0-4b31-aba7-f2540e47816f/sm/snapshot.1_0 time:1
2020-10-09 12:54:23,381 [2d5c9c0a-908d-48fd-9559-afc140b75ed5@group-F2540E47816F-StateMachineUpdater] INFO  impl.StateMachineUpdater (StateMachineUpdater.java:takeSnapshot(277)) - 2d5c9c0a-908d-48fd-9559-afc140b75ed5@group-F2540E47816F-StateMachineUpdater: Took a snapshot at index 0
2020-10-09 12:54:23,381 [2d5c9c0a-908d-48fd-9559-afc140b75ed5@group-F2540E47816F-StateMachineUpdater] INFO  impl.StateMachineUpdater (StateMachineUpdater.java:lambda$new$0(87)) - 2d5c9c0a-908d-48fd-9559-afc140b75ed5@group-F2540E47816F-StateMachineUpdater: snapshotIndex: updateIncreasingly -1 -> 0
2020-10-09 12:54:23,381 [2d5c9c0a-908d-48fd-9559-afc140b75ed5@group-F2540E47816F-StateMachineUpdater] INFO  metrics.RatisMetrics (RatisMetrics.java:unregister(43)) - Unregistering Metrics Registry : ratis.state_machine.2d5c9c0a-908d-48fd-9559-afc140b75ed5@group-F2540E47816F
2020-10-09 12:54:23,382 [Listener at 127.0.0.1/36087] INFO  impl.RaftServerImpl (ServerState.java:close(405)) - 2d5c9c0a-908d-48fd-9559-afc140b75ed5@group-F2540E47816F: closes. applyIndex: 0
2020-10-09 12:54:23,382 [2d5c9c0a-908d-48fd-9559-afc140b75ed5@group-F2540E47816F-SegmentedRaftLogWorker] INFO  segmented.SegmentedRaftLogWorker (SegmentedRaftLogWorker.java:run(327)) - 2d5c9c0a-908d-48fd-9559-afc140b75ed5@group-F2540E47816F-SegmentedRaftLogWorker was interrupted, exiting. There are 0 tasks remaining in the queue.
2020-10-09 12:54:23,383 [Listener at 127.0.0.1/36087] INFO  segmented.SegmentedRaftLogWorker (SegmentedRaftLogWorker.java:close(234)) - 2d5c9c0a-908d-48fd-9559-afc140b75ed5@group-F2540E47816F-SegmentedRaftLogWorker close()
2020-10-09 12:54:23,384 [Listener at 127.0.0.1/36087] INFO  metrics.RatisMetrics (RatisMetrics.java:unregister(43)) - Unregistering Metrics Registry : ratis.log_worker.2d5c9c0a-908d-48fd-9559-afc140b75ed5@group-F2540E47816F
2020-10-09 12:54:23,384 [Listener at 127.0.0.1/36087] INFO  metrics.RatisMetrics (RatisMetrics.java:unregister(43)) - Unregistering Metrics Registry : ratis.leader_election.2d5c9c0a-908d-48fd-9559-afc140b75ed5@group-F2540E47816F
2020-10-09 12:54:23,384 [Listener at 127.0.0.1/36087] INFO  metrics.RatisMetrics (RatisMetrics.java:unregister(43)) - Unregistering Metrics Registry : ratis.server.2d5c9c0a-908d-48fd-9559-afc140b75ed5@group-F2540E47816F
2020-10-09 12:54:23,385 [Listener at 127.0.0.1/36087] INFO  server.GrpcService (GrpcService.java:closeImpl(183)) - 2d5c9c0a-908d-48fd-9559-afc140b75ed5: shutdown server with port 34891 now
2020-10-09 12:54:23,385 [ForkJoinPool.commonPool-worker-0] INFO  ozoneimpl.OzoneContainer (OzoneContainer.java:stop(259)) - Attempting to stop container services.
2020-10-09 12:54:23,386 [ForkJoinPool.commonPool-worker-0] INFO  impl.RaftServerProxy (RaftServerProxy.java:lambda$close$4(322)) - 630ef14c-7f18-435b-8dbc-84d96446fc51: close
2020-10-09 12:54:23,386 [ForkJoinPool.commonPool-worker-0] INFO  impl.RaftServerImpl (RaftServerImpl.java:lambda$shutdown$3(321)) - 630ef14c-7f18-435b-8dbc-84d96446fc51@group-1F5D27D084E0: shutdown
2020-10-09 12:54:23,386 [ForkJoinPool.commonPool-worker-0] INFO  util.JmxRegister (JmxRegister.java:unregister(73)) - Successfully un-registered JMX Bean with object name Ratis:service=RaftServer,group=group-1F5D27D084E0,id=630ef14c-7f18-435b-8dbc-84d96446fc51
2020-10-09 12:54:23,386 [ForkJoinPool.commonPool-worker-0] INFO  impl.RoleInfo (RoleInfo.java:shutdownLeaderState(104)) - 630ef14c-7f18-435b-8dbc-84d96446fc51: shutdown LeaderState
2020-10-09 12:54:23,387 [ForkJoinPool.commonPool-worker-0] INFO  metrics.RatisMetrics (RatisMetrics.java:unregister(43)) - Unregistering Metrics Registry : ratis_grpc.log_appender.630ef14c-7f18-435b-8dbc-84d96446fc51@group-1F5D27D084E0
2020-10-09 12:54:23,387 [ForkJoinPool.commonPool-worker-0] INFO  metrics.RatisMetrics (RatisMetrics.java:unregister(43)) - Unregistering Metrics Registry : ratis_grpc.log_appender.630ef14c-7f18-435b-8dbc-84d96446fc51@group-1F5D27D084E0
2020-10-09 12:54:23,387 [org.apache.ratis.server.impl.LogAppender$AppenderDaemon$$Lambda$451/668823287@742b799b] WARN  server.GrpcLogAppender (GrpcLogAppender.java:mayWait(168)) - 630ef14c-7f18-435b-8dbc-84d96446fc51@group-1F5D27D084E0->45ecfedc-f1ca-4ee4-92ac-24908ad068c6-GrpcLogAppender: Wait interrupted by java.lang.InterruptedException
2020-10-09 12:54:23,387 [Listener at 127.0.0.1/36087] INFO  server.GrpcService (GrpcService.java:closeImpl(191)) - 2d5c9c0a-908d-48fd-9559-afc140b75ed5: shutdown server with port 34891 successfully
2020-10-09 12:54:23,387 [grpc-default-executor-2] WARN  server.GrpcServerProtocolService (LogUtils.java:warn(122)) - 2d5c9c0a-908d-48fd-9559-afc140b75ed5: installSnapshot onError, lastRequest: 146dba11-3af2-48c9-b098-f83fb2b86474->2d5c9c0a-908d-48fd-9559-afc140b75ed5#1-t1, previous=(t:0, i:0), leaderCommit=0, initializing? false, entries: size=1, first=(t:1, i:0), CONFIGURATIONENTRY: org.apache.ratis.thirdparty.io.grpc.StatusRuntimeException: CANCELLED: cancelled before receiving half close
2020-10-09 12:54:23,388 [grpc-default-executor-5] WARN  server.GrpcLogAppender (LogUtils.java:warn(122)) - 146dba11-3af2-48c9-b098-f83fb2b86474@group-F2540E47816F->2d5c9c0a-908d-48fd-9559-afc140b75ed5-AppendLogResponseHandler: Failed appendEntries: org.apache.ratis.thirdparty.io.grpc.StatusRuntimeException: CANCELLED: HTTP/2 error code: CANCEL
Received Rst Stream
2020-10-09 12:54:23,389 [grpc-default-executor-5] WARN  server.GrpcLogAppender (GrpcLogAppender.java:resetClient(107)) - 146dba11-3af2-48c9-b098-f83fb2b86474@group-F2540E47816F->2d5c9c0a-908d-48fd-9559-afc140b75ed5-GrpcLogAppender: Leader has not got in touch with Follower 146dba11-3af2-48c9-b098-f83fb2b86474@group-F2540E47816F->2d5c9c0a-908d-48fd-9559-afc140b75ed5(c0,m0,n1, attendVote=true, lastRpcSendTime=594, lastRpcResponseTime=593) yet, just keep nextIndex unchanged and retry.
2020-10-09 12:54:23,389 [grpc-default-executor-5] INFO  server.GrpcServerProtocolService (GrpcServerProtocolService.java:onCompleted(138)) - 45ecfedc-f1ca-4ee4-92ac-24908ad068c6: Completed APPEND_ENTRIES, lastRequest: 630ef14c-7f18-435b-8dbc-84d96446fc51->45ecfedc-f1ca-4ee4-92ac-24908ad068c6#1-t1, previous=(t:0, i:0), leaderCommit=-1, initializing? false, entries: size=1, first=(t:1, i:0), CONFIGURATIONENTRY
2020-10-09 12:54:23,390 [Listener at 127.0.0.1/36087] INFO  utils.BackgroundService (BackgroundService.java:shutdown(132)) - Shutting down service BlockDeletingService
2020-10-09 12:54:23,391 [grpc-default-executor-5] INFO  server.GrpcLogAppender (GrpcLogAppender.java:onCompleted(336)) - 630ef14c-7f18-435b-8dbc-84d96446fc51@group-1F5D27D084E0->45ecfedc-f1ca-4ee4-92ac-24908ad068c6-AppendLogResponseHandler: follower responses appendEntries COMPLETED
2020-10-09 12:54:23,391 [grpc-default-executor-5] INFO  impl.FollowerInfo (FollowerInfo.java:lambda$new$0(51)) - 630ef14c-7f18-435b-8dbc-84d96446fc51@group-1F5D27D084E0->45ecfedc-f1ca-4ee4-92ac-24908ad068c6: nextIndex: updateUnconditionally 1 -> 0
2020-10-09 12:54:23,392 [ForkJoinPool.commonPool-worker-0] INFO  impl.PendingRequests (PendingRequests.java:sendNotLeaderResponses(249)) - 630ef14c-7f18-435b-8dbc-84d96446fc51@group-1F5D27D084E0-PendingRequests: sendNotLeaderResponses
2020-10-09 12:54:23,392 [ForkJoinPool.commonPool-worker-0] INFO  metrics.RatisMetrics (RatisMetrics.java:unregister(43)) - Unregistering Metrics Registry : ratis.log_appender.630ef14c-7f18-435b-8dbc-84d96446fc51@group-1F5D27D084E0
2020-10-09 12:54:23,392 [org.apache.ratis.server.impl.LogAppender$AppenderDaemon$$Lambda$451/668823287@581245f4] WARN  server.GrpcLogAppender (GrpcLogAppender.java:mayWait(168)) - 630ef14c-7f18-435b-8dbc-84d96446fc51@group-1F5D27D084E0->38f48239-bc06-46da-ac74-74ed7351a0a0-GrpcLogAppender: Wait interrupted by java.lang.InterruptedException
2020-10-09 12:54:23,392 [ForkJoinPool.commonPool-worker-0] INFO  metrics.RatisMetrics (RatisMetrics.java:unregister(43)) - Unregistering Metrics Registry : ratis.server.630ef14c-7f18-435b-8dbc-84d96446fc51@group-1F5D27D084E0
2020-10-09 12:54:23,393 [ForkJoinPool.commonPool-worker-0] INFO  impl.StateMachineUpdater (StateMachineUpdater.java:stopAndJoin(142)) - 630ef14c-7f18-435b-8dbc-84d96446fc51@group-1F5D27D084E0-StateMachineUpdater: set stopIndex = 0
2020-10-09 12:54:23,393 [630ef14c-7f18-435b-8dbc-84d96446fc51@group-1F5D27D084E0-StateMachineUpdater] INFO  ratis.ContainerStateMachine (ContainerStateMachine.java:takeSnapshot(293)) - group-1F5D27D084E0: Taking a snapshot at:(t:1, i:0) file /github/workspace/mnt/ozone/hadoop-ozone/integration-test/target/test-dir/MiniOzoneClusterImpl-691c6000-d337-4848-84ec-e56c11f2c172/datanode-0/data/ratis/a90f1cca-b800-4b2d-bc21-1f5d27d084e0/sm/snapshot.1_0
2020-10-09 12:54:23,393 [Listener at 127.0.0.1/36087] INFO  statemachine.DatanodeStateMachine (DatanodeStateMachine.java:stopDaemon(453)) - Ozone container server stopped.
2020-10-09 12:54:23,394 [630ef14c-7f18-435b-8dbc-84d96446fc51@group-1F5D27D084E0-StateMachineUpdater] INFO  ratis.ContainerStateMachine (ContainerStateMachine.java:takeSnapshot(304)) - group-1F5D27D084E0: Finished taking a snapshot at:(t:1, i:0) file:/github/workspace/mnt/ozone/hadoop-ozone/integration-test/target/test-dir/MiniOzoneClusterImpl-691c6000-d337-4848-84ec-e56c11f2c172/datanode-0/data/ratis/a90f1cca-b800-4b2d-bc21-1f5d27d084e0/sm/snapshot.1_0 time:1
2020-10-09 12:54:23,394 [630ef14c-7f18-435b-8dbc-84d96446fc51@group-1F5D27D084E0-StateMachineUpdater] INFO  impl.StateMachineUpdater (StateMachineUpdater.java:takeSnapshot(277)) - 630ef14c-7f18-435b-8dbc-84d96446fc51@group-1F5D27D084E0-StateMachineUpdater: Took a snapshot at index 0
2020-10-09 12:54:23,394 [630ef14c-7f18-435b-8dbc-84d96446fc51@group-1F5D27D084E0-StateMachineUpdater] INFO  impl.StateMachineUpdater (StateMachineUpdater.java:lambda$new$0(87)) - 630ef14c-7f18-435b-8dbc-84d96446fc51@group-1F5D27D084E0-StateMachineUpdater: snapshotIndex: updateIncreasingly -1 -> 0
2020-10-09 12:54:23,394 [630ef14c-7f18-435b-8dbc-84d96446fc51@group-1F5D27D084E0-StateMachineUpdater] INFO  metrics.RatisMetrics (RatisMetrics.java:unregister(43)) - Unregistering Metrics Registry : ratis.state_machine.630ef14c-7f18-435b-8dbc-84d96446fc51@group-1F5D27D084E0
2020-10-09 12:54:23,395 [ForkJoinPool.commonPool-worker-0] INFO  impl.RaftServerImpl (ServerState.java:close(405)) - 630ef14c-7f18-435b-8dbc-84d96446fc51@group-1F5D27D084E0: closes. applyIndex: 0
2020-10-09 12:54:23,395 [630ef14c-7f18-435b-8dbc-84d96446fc51@group-1F5D27D084E0-SegmentedRaftLogWorker] INFO  segmented.SegmentedRaftLogWorker (SegmentedRaftLogWorker.java:run(327)) - 630ef14c-7f18-435b-8dbc-84d96446fc51@group-1F5D27D084E0-SegmentedRaftLogWorker was interrupted, exiting. There are 0 tasks remaining in the queue.
2020-10-09 12:54:23,398 [ForkJoinPool.commonPool-worker-0] INFO  segmented.SegmentedRaftLogWorker (SegmentedRaftLogWorker.java:close(234)) - 630ef14c-7f18-435b-8dbc-84d96446fc51@group-1F5D27D084E0-SegmentedRaftLogWorker close()
2020-10-09 12:54:23,398 [ForkJoinPool.commonPool-worker-0] INFO  metrics.RatisMetrics (RatisMetrics.java:unregister(43)) - Unregistering Metrics Registry : ratis.log_worker.630ef14c-7f18-435b-8dbc-84d96446fc51@group-1F5D27D084E0
2020-10-09 12:54:23,398 [ForkJoinPool.commonPool-worker-0] INFO  metrics.RatisMetrics (RatisMetrics.java:unregister(43)) - Unregistering Metrics Registry : ratis.leader_election.630ef14c-7f18-435b-8dbc-84d96446fc51@group-1F5D27D084E0
2020-10-09 12:54:23,398 [ForkJoinPool.commonPool-worker-0] INFO  metrics.RatisMetrics (RatisMetrics.java:unregister(43)) - Unregistering Metrics Registry : ratis.server.630ef14c-7f18-435b-8dbc-84d96446fc51@group-1F5D27D084E0
2020-10-09 12:54:23,399 [ForkJoinPool.commonPool-worker-0] INFO  impl.RaftServerImpl (RaftServerImpl.java:lambda$shutdown$3(321)) - 630ef14c-7f18-435b-8dbc-84d96446fc51@group-FD4E3A1B154E: shutdown
2020-10-09 12:54:23,399 [ForkJoinPool.commonPool-worker-0] INFO  util.JmxRegister (JmxRegister.java:unregister(73)) - Successfully un-registered JMX Bean with object name Ratis:service=RaftServer,group=group-FD4E3A1B154E,id=630ef14c-7f18-435b-8dbc-84d96446fc51
2020-10-09 12:54:23,399 [ForkJoinPool.commonPool-worker-0] INFO  impl.RoleInfo (RoleInfo.java:shutdownLeaderState(104)) - 630ef14c-7f18-435b-8dbc-84d96446fc51: shutdown LeaderState
2020-10-09 12:54:23,399 [ForkJoinPool.commonPool-worker-0] INFO  impl.PendingRequests (PendingRequests.java:sendNotLeaderResponses(249)) - 630ef14c-7f18-435b-8dbc-84d96446fc51@group-FD4E3A1B154E-PendingRequests: sendNotLeaderResponses
2020-10-09 12:54:23,399 [ForkJoinPool.commonPool-worker-0] INFO  metrics.RatisMetrics (RatisMetrics.java:unregister(43)) - Unregistering Metrics Registry : ratis.log_appender.630ef14c-7f18-435b-8dbc-84d96446fc51@group-FD4E3A1B154E
2020-10-09 12:54:23,399 [ForkJoinPool.commonPool-worker-0] INFO  metrics.RatisMetrics (RatisMetrics.java:unregister(43)) - Unregistering Metrics Registry : ratis.server.630ef14c-7f18-435b-8dbc-84d96446fc51@group-FD4E3A1B154E
2020-10-09 12:54:23,400 [ForkJoinPool.commonPool-worker-0] INFO  impl.StateMachineUpdater (StateMachineUpdater.java:stopAndJoin(142)) - 630ef14c-7f18-435b-8dbc-84d96446fc51@group-FD4E3A1B154E-StateMachineUpdater: set stopIndex = 0
2020-10-09 12:54:23,400 [630ef14c-7f18-435b-8dbc-84d96446fc51@group-FD4E3A1B154E-StateMachineUpdater] INFO  ratis.ContainerStateMachine (ContainerStateMachine.java:takeSnapshot(293)) - group-FD4E3A1B154E: Taking a snapshot at:(t:1, i:0) file /github/workspace/mnt/ozone/hadoop-ozone/integration-test/target/test-dir/MiniOzoneClusterImpl-691c6000-d337-4848-84ec-e56c11f2c172/datanode-0/data/ratis/16e98871-9ea0-4689-b382-fd4e3a1b154e/sm/snapshot.1_0
2020-10-09 12:54:23,401 [630ef14c-7f18-435b-8dbc-84d96446fc51@group-FD4E3A1B154E-StateMachineUpdater] INFO  ratis.ContainerStateMachine (ContainerStateMachine.java:takeSnapshot(304)) - group-FD4E3A1B154E: Finished taking a snapshot at:(t:1, i:0) file:/github/workspace/mnt/ozone/hadoop-ozone/integration-test/target/test-dir/MiniOzoneClusterImpl-691c6000-d337-4848-84ec-e56c11f2c172/datanode-0/data/ratis/16e98871-9ea0-4689-b382-fd4e3a1b154e/sm/snapshot.1_0 time:1
2020-10-09 12:54:23,401 [630ef14c-7f18-435b-8dbc-84d96446fc51@group-FD4E3A1B154E-StateMachineUpdater] INFO  impl.StateMachineUpdater (StateMachineUpdater.java:takeSnapshot(277)) - 630ef14c-7f18-435b-8dbc-84d96446fc51@group-FD4E3A1B154E-StateMachineUpdater: Took a snapshot at index 0
2020-10-09 12:54:23,401 [630ef14c-7f18-435b-8dbc-84d96446fc51@group-FD4E3A1B154E-StateMachineUpdater] INFO  impl.StateMachineUpdater (StateMachineUpdater.java:lambda$new$0(87)) - 630ef14c-7f18-435b-8dbc-84d96446fc51@group-FD4E3A1B154E-StateMachineUpdater: snapshotIndex: updateIncreasingly -1 -> 0
2020-10-09 12:54:23,401 [630ef14c-7f18-435b-8dbc-84d96446fc51@group-FD4E3A1B154E-StateMachineUpdater] INFO  metrics.RatisMetrics (RatisMetrics.java:unregister(43)) - Unregistering Metrics Registry : ratis.state_machine.630ef14c-7f18-435b-8dbc-84d96446fc51@group-FD4E3A1B154E
2020-10-09 12:54:23,402 [ForkJoinPool.commonPool-worker-0] INFO  impl.RaftServerImpl (ServerState.java:close(405)) - 630ef14c-7f18-435b-8dbc-84d96446fc51@group-FD4E3A1B154E: closes. applyIndex: 0
2020-10-09 12:54:23,402 [630ef14c-7f18-435b-8dbc-84d96446fc51@group-FD4E3A1B154E-SegmentedRaftLogWorker] INFO  segmented.SegmentedRaftLogWorker (SegmentedRaftLogWorker.java:run(327)) - 630ef14c-7f18-435b-8dbc-84d96446fc51@group-FD4E3A1B154E-SegmentedRaftLogWorker was interrupted, exiting. There are 0 tasks remaining in the queue.
2020-10-09 12:54:23,402 [ForkJoinPool.commonPool-worker-0] INFO  segmented.SegmentedRaftLogWorker (SegmentedRaftLogWorker.java:close(234)) - 630ef14c-7f18-435b-8dbc-84d96446fc51@group-FD4E3A1B154E-SegmentedRaftLogWorker close()
2020-10-09 12:54:23,403 [ForkJoinPool.commonPool-worker-0] INFO  metrics.RatisMetrics (RatisMetrics.java:unregister(43)) - Unregistering Metrics Registry : ratis.log_worker.630ef14c-7f18-435b-8dbc-84d96446fc51@group-FD4E3A1B154E
2020-10-09 12:54:23,403 [ForkJoinPool.commonPool-worker-0] INFO  metrics.RatisMetrics (RatisMetrics.java:unregister(43)) - Unregistering Metrics Registry : ratis.leader_election.630ef14c-7f18-435b-8dbc-84d96446fc51@group-FD4E3A1B154E
2020-10-09 12:54:23,403 [ForkJoinPool.commonPool-worker-0] INFO  metrics.RatisMetrics (RatisMetrics.java:unregister(43)) - Unregistering Metrics Registry : ratis.server.630ef14c-7f18-435b-8dbc-84d96446fc51@group-FD4E3A1B154E
2020-10-09 12:54:23,403 [ForkJoinPool.commonPool-worker-0] INFO  server.GrpcService (GrpcService.java:closeImpl(183)) - 630ef14c-7f18-435b-8dbc-84d96446fc51: shutdown server with port 34737 now
2020-10-09 12:54:23,413 [ForkJoinPool.commonPool-worker-0] INFO  server.GrpcService (GrpcService.java:closeImpl(191)) - 630ef14c-7f18-435b-8dbc-84d96446fc51: shutdown server with port 34737 successfully
2020-10-09 12:54:23,415 [Listener at 127.0.0.1/36087] INFO  handler.ContextHandler (ContextHandler.java:doStop(1016)) - Stopped o.e.j.w.WebAppContext@11675922{hddsDatanode,/,null,UNAVAILABLE}{jar:file:/home/user/.m2/repository/org/apache/hadoop/hadoop-hdds-container-service/1.1.0-SNAPSHOT/hadoop-hdds-container-service-1.1.0-SNAPSHOT.jar!/webapps/hddsDatanode}
2020-10-09 12:54:23,416 [ForkJoinPool.commonPool-worker-0] INFO  utils.BackgroundService (BackgroundService.java:shutdown(132)) - Shutting down service BlockDeletingService
2020-10-09 12:54:23,416 [Listener at 127.0.0.1/36087] INFO  server.AbstractConnector (AbstractConnector.java:doStop(380)) - Stopped ServerConnector@4d9ef371{HTTP/1.1,[http/1.1]}{0.0.0.0:0}
2020-10-09 12:54:23,416 [Listener at 127.0.0.1/36087] INFO  server.session (HouseKeeper.java:stopScavenging(158)) - node0 Stopped scavenging
2020-10-09 12:54:23,417 [Listener at 127.0.0.1/36087] INFO  handler.ContextHandler (ContextHandler.java:doStop(1016)) - Stopped o.e.j.s.ServletContextHandler@1546a589{static,/static,jar:file:/home/user/.m2/repository/org/apache/hadoop/hadoop-hdds-container-service/1.1.0-SNAPSHOT/hadoop-hdds-container-service-1.1.0-SNAPSHOT.jar!/webapps/static,UNAVAILABLE}
2020-10-09 12:54:23,417 [Listener at 127.0.0.1/36087] INFO  handler.ContextHandler (ContextHandler.java:doStop(1016)) - Stopped o.e.j.s.ServletContextHandler@6fe37577{logs,/logs,file:///github/workspace/mnt/ozone/hadoop-ozone/integration-test/target/log,UNAVAILABLE}
2020-10-09 12:54:23,418 [ForkJoinPool.commonPool-worker-0] INFO  statemachine.DatanodeStateMachine (DatanodeStateMachine.java:stopDaemon(453)) - Ozone container server stopped.
2020-10-09 12:54:23,439 [ForkJoinPool.commonPool-worker-0] INFO  handler.ContextHandler (ContextHandler.java:doStop(1016)) - Stopped o.e.j.w.WebAppContext@76494bed{hddsDatanode,/,null,UNAVAILABLE}{jar:file:/home/user/.m2/repository/org/apache/hadoop/hadoop-hdds-container-service/1.1.0-SNAPSHOT/hadoop-hdds-container-service-1.1.0-SNAPSHOT.jar!/webapps/hddsDatanode}
2020-10-09 12:54:23,440 [ForkJoinPool.commonPool-worker-0] INFO  server.AbstractConnector (AbstractConnector.java:doStop(380)) - Stopped ServerConnector@1bfbbef5{HTTP/1.1,[http/1.1]}{0.0.0.0:0}
2020-10-09 12:54:23,440 [ForkJoinPool.commonPool-worker-0] INFO  server.session (HouseKeeper.java:stopScavenging(158)) - node0 Stopped scavenging
2020-10-09 12:54:23,442 [ForkJoinPool.commonPool-worker-0] INFO  handler.ContextHandler (ContextHandler.java:doStop(1016)) - Stopped o.e.j.s.ServletContextHandler@a3cd3ff{static,/static,jar:file:/home/user/.m2/repository/org/apache/hadoop/hadoop-hdds-container-service/1.1.0-SNAPSHOT/hadoop-hdds-container-service-1.1.0-SNAPSHOT.jar!/webapps/static,UNAVAILABLE}
2020-10-09 12:54:23,442 [ForkJoinPool.commonPool-worker-0] INFO  handler.ContextHandler (ContextHandler.java:doStop(1016)) - Stopped o.e.j.s.ServletContextHandler@e74903f{logs,/logs,file:///github/workspace/mnt/ozone/hadoop-ozone/integration-test/target/log,UNAVAILABLE}
2020-10-09 12:54:24,149 [Datanode State Machine Thread - 0] INFO  statemachine.DatanodeStateMachine (DatanodeStateMachine.java:lambda$startDaemon$0(405)) - Ozone container server started.
2020-10-09 12:54:24,208 [Datanode State Machine Thread - 0] INFO  statemachine.DatanodeStateMachine (DatanodeStateMachine.java:lambda$startDaemon$0(405)) - Ozone container server started.
2020-10-09 12:54:25,298 [grpc-default-executor-5] WARN  server.GrpcLogAppender (LogUtils.java:warn(122)) - 146dba11-3af2-48c9-b098-f83fb2b86474@group-F2540E47816F->2d5c9c0a-908d-48fd-9559-afc140b75ed5-AppendLogResponseHandler: Failed appendEntries: org.apache.ratis.thirdparty.io.grpc.StatusRuntimeException: UNAVAILABLE: io exception
2020-10-09 12:54:25,298 [grpc-default-executor-5] WARN  server.GrpcLogAppender (GrpcLogAppender.java:resetClient(107)) - 146dba11-3af2-48c9-b098-f83fb2b86474@group-F2540E47816F->2d5c9c0a-908d-48fd-9559-afc140b75ed5-GrpcLogAppender: Leader has not got in touch with Follower 146dba11-3af2-48c9-b098-f83fb2b86474@group-F2540E47816F->2d5c9c0a-908d-48fd-9559-afc140b75ed5(c0,m0,n1, attendVote=true, lastRpcSendTime=1, lastRpcResponseTime=2502) yet, just keep nextIndex unchanged and retry.
2020-10-09 12:54:27,799 [grpc-default-executor-5] WARN  server.GrpcLogAppender (LogUtils.java:warn(122)) - 146dba11-3af2-48c9-b098-f83fb2b86474@group-F2540E47816F->2d5c9c0a-908d-48fd-9559-afc140b75ed5-AppendLogResponseHandler: Failed appendEntries: org.apache.ratis.thirdparty.io.grpc.StatusRuntimeException: UNAVAILABLE: io exception
2020-10-09 12:54:27,800 [grpc-default-executor-5] WARN  server.GrpcLogAppender (GrpcLogAppender.java:resetClient(107)) - 146dba11-3af2-48c9-b098-f83fb2b86474@group-F2540E47816F->2d5c9c0a-908d-48fd-9559-afc140b75ed5-GrpcLogAppender: Leader has not got in touch with Follower 146dba11-3af2-48c9-b098-f83fb2b86474@group-F2540E47816F->2d5c9c0a-908d-48fd-9559-afc140b75ed5(c0,m0,n1, attendVote=true, lastRpcSendTime=2, lastRpcResponseTime=5004) yet, just keep nextIndex unchanged and retry.
2020-10-09 12:54:28,432 [Listener at 127.0.0.1/36087] INFO  ozoneimpl.OzoneContainer (OzoneContainer.java:stop(259)) - Attempting to stop container services.
2020-10-09 12:54:28,432 [Listener at 127.0.0.1/36087] INFO  impl.RaftServerProxy (RaftServerProxy.java:lambda$close$4(322)) - e60f7882-dbbd-427b-9f02-c7597dd940f1: close
2020-10-09 12:54:28,432 [Listener at 127.0.0.1/36087] INFO  impl.RaftServerImpl (RaftServerImpl.java:lambda$shutdown$3(321)) - e60f7882-dbbd-427b-9f02-c7597dd940f1@group-F2540E47816F: shutdown
2020-10-09 12:54:28,433 [Listener at 127.0.0.1/36087] INFO  util.JmxRegister (JmxRegister.java:unregister(73)) - Successfully un-registered JMX Bean with object name Ratis:service=RaftServer,group=group-F2540E47816F,id=e60f7882-dbbd-427b-9f02-c7597dd940f1
2020-10-09 12:54:28,433 [Listener at 127.0.0.1/36087] INFO  impl.RoleInfo (RoleInfo.java:shutdownFollowerState(121)) - e60f7882-dbbd-427b-9f02-c7597dd940f1: shutdown FollowerState
2020-10-09 12:54:28,433 [Listener at 127.0.0.1/36087] INFO  impl.StateMachineUpdater (StateMachineUpdater.java:stopAndJoin(142)) - e60f7882-dbbd-427b-9f02-c7597dd940f1@group-F2540E47816F-StateMachineUpdater: set stopIndex = 0
2020-10-09 12:54:28,433 [Thread-1373] INFO  impl.FollowerState (FollowerState.java:run(117)) - e60f7882-dbbd-427b-9f02-c7597dd940f1@group-F2540E47816F-FollowerState was interrupted: java.lang.InterruptedException: sleep interrupted
2020-10-09 12:54:28,433 [e60f7882-dbbd-427b-9f02-c7597dd940f1@group-F2540E47816F-StateMachineUpdater] INFO  ratis.ContainerStateMachine (ContainerStateMachine.java:takeSnapshot(293)) - group-F2540E47816F: Taking a snapshot at:(t:1, i:0) file /github/workspace/mnt/ozone/hadoop-ozone/integration-test/target/test-dir/MiniOzoneClusterImpl-691c6000-d337-4848-84ec-e56c11f2c172/datanode-8/data/ratis/de67e3f1-d5e0-4b31-aba7-f2540e47816f/sm/snapshot.1_0
2020-10-09 12:54:28,434 [e60f7882-dbbd-427b-9f02-c7597dd940f1@group-F2540E47816F-StateMachineUpdater] INFO  ratis.ContainerStateMachine (ContainerStateMachine.java:takeSnapshot(304)) - group-F2540E47816F: Finished taking a snapshot at:(t:1, i:0) file:/github/workspace/mnt/ozone/hadoop-ozone/integration-test/target/test-dir/MiniOzoneClusterImpl-691c6000-d337-4848-84ec-e56c11f2c172/datanode-8/data/ratis/de67e3f1-d5e0-4b31-aba7-f2540e47816f/sm/snapshot.1_0 time:1
2020-10-09 12:54:28,434 [e60f7882-dbbd-427b-9f02-c7597dd940f1@group-F2540E47816F-StateMachineUpdater] INFO  impl.StateMachineUpdater (StateMachineUpdater.java:takeSnapshot(277)) - e60f7882-dbbd-427b-9f02-c7597dd940f1@group-F2540E47816F-StateMachineUpdater: Took a snapshot at index 0
2020-10-09 12:54:28,435 [e60f7882-dbbd-427b-9f02-c7597dd940f1@group-F2540E47816F-StateMachineUpdater] INFO  impl.StateMachineUpdater (StateMachineUpdater.java:lambda$new$0(87)) - e60f7882-dbbd-427b-9f02-c7597dd940f1@group-F2540E47816F-StateMachineUpdater: snapshotIndex: updateIncreasingly -1 -> 0
2020-10-09 12:54:28,435 [e60f7882-dbbd-427b-9f02-c7597dd940f1@group-F2540E47816F-StateMachineUpdater] INFO  metrics.RatisMetrics (RatisMetrics.java:unregister(43)) - Unregistering Metrics Registry : ratis.state_machine.e60f7882-dbbd-427b-9f02-c7597dd940f1@group-F2540E47816F
2020-10-09 12:54:28,435 [Listener at 127.0.0.1/36087] INFO  impl.RaftServerImpl (ServerState.java:close(405)) - e60f7882-dbbd-427b-9f02-c7597dd940f1@group-F2540E47816F: closes. applyIndex: 0
2020-10-09 12:54:28,435 [e60f7882-dbbd-427b-9f02-c7597dd940f1@group-F2540E47816F-SegmentedRaftLogWorker] INFO  segmented.SegmentedRaftLogWorker (SegmentedRaftLogWorker.java:run(327)) - e60f7882-dbbd-427b-9f02-c7597dd940f1@group-F2540E47816F-SegmentedRaftLogWorker was interrupted, exiting. There are 0 tasks remaining in the queue.
2020-10-09 12:54:28,435 [Listener at 127.0.0.1/36087] INFO  segmented.SegmentedRaftLogWorker (SegmentedRaftLogWorker.java:close(234)) - e60f7882-dbbd-427b-9f02-c7597dd940f1@group-F2540E47816F-SegmentedRaftLogWorker close()
2020-10-09 12:54:28,436 [Listener at 127.0.0.1/36087] INFO  metrics.RatisMetrics (RatisMetrics.java:unregister(43)) - Unregistering Metrics Registry : ratis.log_worker.e60f7882-dbbd-427b-9f02-c7597dd940f1@group-F2540E47816F
2020-10-09 12:54:28,437 [Listener at 127.0.0.1/36087] INFO  metrics.RatisMetrics (RatisMetrics.java:unregister(43)) - Unregistering Metrics Registry : ratis.leader_election.e60f7882-dbbd-427b-9f02-c7597dd940f1@group-F2540E47816F
2020-10-09 12:54:28,437 [Listener at 127.0.0.1/36087] INFO  metrics.RatisMetrics (RatisMetrics.java:unregister(43)) - Unregistering Metrics Registry : ratis.server.e60f7882-dbbd-427b-9f02-c7597dd940f1@group-F2540E47816F
2020-10-09 12:54:28,437 [Listener at 127.0.0.1/36087] INFO  impl.RaftServerImpl (RaftServerImpl.java:lambda$shutdown$3(321)) - e60f7882-dbbd-427b-9f02-c7597dd940f1@group-ABA5EEFCA4EA: shutdown
2020-10-09 12:54:28,437 [Listener at 127.0.0.1/36087] INFO  util.JmxRegister (JmxRegister.java:unregister(73)) - Successfully un-registered JMX Bean with object name Ratis:service=RaftServer,group=group-ABA5EEFCA4EA,id=e60f7882-dbbd-427b-9f02-c7597dd940f1
2020-10-09 12:54:28,437 [Listener at 127.0.0.1/36087] INFO  impl.RoleInfo (RoleInfo.java:shutdownLeaderState(104)) - e60f7882-dbbd-427b-9f02-c7597dd940f1: shutdown LeaderState
2020-10-09 12:54:28,437 [Listener at 127.0.0.1/36087] INFO  impl.PendingRequests (PendingRequests.java:sendNotLeaderResponses(249)) - e60f7882-dbbd-427b-9f02-c7597dd940f1@group-ABA5EEFCA4EA-PendingRequests: sendNotLeaderResponses
2020-10-09 12:54:28,438 [Listener at 127.0.0.1/36087] INFO  metrics.RatisMetrics (RatisMetrics.java:unregister(43)) - Unregistering Metrics Registry : ratis.log_appender.e60f7882-dbbd-427b-9f02-c7597dd940f1@group-ABA5EEFCA4EA
2020-10-09 12:54:28,438 [Listener at 127.0.0.1/36087] INFO  metrics.RatisMetrics (RatisMetrics.java:unregister(43)) - Unregistering Metrics Registry : ratis.server.e60f7882-dbbd-427b-9f02-c7597dd940f1@group-ABA5EEFCA4EA
2020-10-09 12:54:28,439 [Listener at 127.0.0.1/36087] INFO  impl.StateMachineUpdater (StateMachineUpdater.java:stopAndJoin(142)) - e60f7882-dbbd-427b-9f02-c7597dd940f1@group-ABA5EEFCA4EA-StateMachineUpdater: set stopIndex = 0
2020-10-09 12:54:28,439 [e60f7882-dbbd-427b-9f02-c7597dd940f1@group-ABA5EEFCA4EA-StateMachineUpdater] INFO  ratis.ContainerStateMachine (ContainerStateMachine.java:takeSnapshot(293)) - group-ABA5EEFCA4EA: Taking a snapshot at:(t:1, i:0) file /github/workspace/mnt/ozone/hadoop-ozone/integration-test/target/test-dir/MiniOzoneClusterImpl-691c6000-d337-4848-84ec-e56c11f2c172/datanode-8/data/ratis/cff12708-6dcc-42bd-9e34-aba5eefca4ea/sm/snapshot.1_0
2020-10-09 12:54:28,440 [e60f7882-dbbd-427b-9f02-c7597dd940f1@group-ABA5EEFCA4EA-StateMachineUpdater] INFO  ratis.ContainerStateMachine (ContainerStateMachine.java:takeSnapshot(304)) - group-ABA5EEFCA4EA: Finished taking a snapshot at:(t:1, i:0) file:/github/workspace/mnt/ozone/hadoop-ozone/integration-test/target/test-dir/MiniOzoneClusterImpl-691c6000-d337-4848-84ec-e56c11f2c172/datanode-8/data/ratis/cff12708-6dcc-42bd-9e34-aba5eefca4ea/sm/snapshot.1_0 time:1
2020-10-09 12:54:28,440 [e60f7882-dbbd-427b-9f02-c7597dd940f1@group-ABA5EEFCA4EA-StateMachineUpdater] INFO  impl.StateMachineUpdater (StateMachineUpdater.java:takeSnapshot(277)) - e60f7882-dbbd-427b-9f02-c7597dd940f1@group-ABA5EEFCA4EA-StateMachineUpdater: Took a snapshot at index 0
2020-10-09 12:54:28,440 [e60f7882-dbbd-427b-9f02-c7597dd940f1@group-ABA5EEFCA4EA-StateMachineUpdater] INFO  impl.StateMachineUpdater (StateMachineUpdater.java:lambda$new$0(87)) - e60f7882-dbbd-427b-9f02-c7597dd940f1@group-ABA5EEFCA4EA-StateMachineUpdater: snapshotIndex: updateIncreasingly -1 -> 0
2020-10-09 12:54:28,440 [e60f7882-dbbd-427b-9f02-c7597dd940f1@group-ABA5EEFCA4EA-StateMachineUpdater] INFO  metrics.RatisMetrics (RatisMetrics.java:unregister(43)) - Unregistering Metrics Registry : ratis.state_machine.e60f7882-dbbd-427b-9f02-c7597dd940f1@group-ABA5EEFCA4EA
2020-10-09 12:54:28,440 [Listener at 127.0.0.1/36087] INFO  impl.RaftServerImpl (ServerState.java:close(405)) - e60f7882-dbbd-427b-9f02-c7597dd940f1@group-ABA5EEFCA4EA: closes. applyIndex: 0
2020-10-09 12:54:28,440 [e60f7882-dbbd-427b-9f02-c7597dd940f1@group-ABA5EEFCA4EA-SegmentedRaftLogWorker] INFO  segmented.SegmentedRaftLogWorker (SegmentedRaftLogWorker.java:run(327)) - e60f7882-dbbd-427b-9f02-c7597dd940f1@group-ABA5EEFCA4EA-SegmentedRaftLogWorker was interrupted, exiting. There are 0 tasks remaining in the queue.
2020-10-09 12:54:28,441 [Listener at 127.0.0.1/36087] INFO  segmented.SegmentedRaftLogWorker (SegmentedRaftLogWorker.java:close(234)) - e60f7882-dbbd-427b-9f02-c7597dd940f1@group-ABA5EEFCA4EA-SegmentedRaftLogWorker close()
2020-10-09 12:54:28,441 [Listener at 127.0.0.1/36087] INFO  metrics.RatisMetrics (RatisMetrics.java:unregister(43)) - Unregistering Metrics Registry : ratis.log_worker.e60f7882-dbbd-427b-9f02-c7597dd940f1@group-ABA5EEFCA4EA
2020-10-09 12:54:28,441 [Listener at 127.0.0.1/36087] INFO  metrics.RatisMetrics (RatisMetrics.java:unregister(43)) - Unregistering Metrics Registry : ratis.leader_election.e60f7882-dbbd-427b-9f02-c7597dd940f1@group-ABA5EEFCA4EA
2020-10-09 12:54:28,441 [Listener at 127.0.0.1/36087] INFO  metrics.RatisMetrics (RatisMetrics.java:unregister(43)) - Unregistering Metrics Registry : ratis.server.e60f7882-dbbd-427b-9f02-c7597dd940f1@group-ABA5EEFCA4EA
2020-10-09 12:54:28,442 [Listener at 127.0.0.1/36087] INFO  server.GrpcService (GrpcService.java:closeImpl(183)) - e60f7882-dbbd-427b-9f02-c7597dd940f1: shutdown server with port 46159 now
2020-10-09 12:54:28,443 [grpc-default-executor-2] WARN  server.GrpcServerProtocolService (LogUtils.java:warn(122)) - e60f7882-dbbd-427b-9f02-c7597dd940f1: installSnapshot onError, lastRequest: 146dba11-3af2-48c9-b098-f83fb2b86474->e60f7882-dbbd-427b-9f02-c7597dd940f1#1-t1, previous=(t:0, i:0), leaderCommit=0, initializing? false, entries: size=1, first=(t:1, i:0), CONFIGURATIONENTRY: org.apache.ratis.thirdparty.io.grpc.StatusRuntimeException: CANCELLED: cancelled before receiving half close
2020-10-09 12:54:28,443 [grpc-default-executor-6] WARN  server.GrpcLogAppender (LogUtils.java:warn(122)) - 146dba11-3af2-48c9-b098-f83fb2b86474@group-F2540E47816F->e60f7882-dbbd-427b-9f02-c7597dd940f1-AppendLogResponseHandler: Failed appendEntries: org.apache.ratis.thirdparty.io.grpc.StatusRuntimeException: CANCELLED: HTTP/2 error code: CANCEL
Received Rst Stream
2020-10-09 12:54:28,443 [grpc-default-executor-6] WARN  server.GrpcLogAppender (GrpcLogAppender.java:resetClient(107)) - 146dba11-3af2-48c9-b098-f83fb2b86474@group-F2540E47816F->e60f7882-dbbd-427b-9f02-c7597dd940f1-GrpcLogAppender: Leader has not got in touch with Follower 146dba11-3af2-48c9-b098-f83fb2b86474@group-F2540E47816F->e60f7882-dbbd-427b-9f02-c7597dd940f1(c0,m0,n1, attendVote=true, lastRpcSendTime=646, lastRpcResponseTime=644) yet, just keep nextIndex unchanged and retry.
2020-10-09 12:54:28,443 [Listener at 127.0.0.1/36087] INFO  server.GrpcService (GrpcService.java:closeImpl(191)) - e60f7882-dbbd-427b-9f02-c7597dd940f1: shutdown server with port 46159 successfully
2020-10-09 12:54:28,445 [Listener at 127.0.0.1/36087] INFO  utils.BackgroundService (BackgroundService.java:shutdown(132)) - Shutting down service BlockDeletingService
2020-10-09 12:54:28,446 [ForkJoinPool.commonPool-worker-0] INFO  ozoneimpl.OzoneContainer (OzoneContainer.java:stop(259)) - Attempting to stop container services.
2020-10-09 12:54:28,446 [ForkJoinPool.commonPool-worker-0] INFO  impl.RaftServerProxy (RaftServerProxy.java:lambda$close$4(322)) - 45ecfedc-f1ca-4ee4-92ac-24908ad068c6: close
2020-10-09 12:54:28,446 [Listener at 127.0.0.1/36087] INFO  statemachine.DatanodeStateMachine (DatanodeStateMachine.java:stopDaemon(453)) - Ozone container server stopped.
2020-10-09 12:54:28,447 [ForkJoinPool.commonPool-worker-0] INFO  impl.RaftServerImpl (RaftServerImpl.java:lambda$shutdown$3(321)) - 45ecfedc-f1ca-4ee4-92ac-24908ad068c6@group-1F5D27D084E0: shutdown
2020-10-09 12:54:28,447 [ForkJoinPool.commonPool-worker-0] INFO  util.JmxRegister (JmxRegister.java:unregister(73)) - Successfully un-registered JMX Bean with object name Ratis:service=RaftServer,group=group-1F5D27D084E0,id=45ecfedc-f1ca-4ee4-92ac-24908ad068c6
2020-10-09 12:54:28,447 [ForkJoinPool.commonPool-worker-0] INFO  impl.RoleInfo (RoleInfo.java:shutdownFollowerState(121)) - 45ecfedc-f1ca-4ee4-92ac-24908ad068c6: shutdown FollowerState
2020-10-09 12:54:28,447 [ForkJoinPool.commonPool-worker-0] INFO  impl.StateMachineUpdater (StateMachineUpdater.java:stopAndJoin(142)) - 45ecfedc-f1ca-4ee4-92ac-24908ad068c6@group-1F5D27D084E0-StateMachineUpdater: set stopIndex = 0
2020-10-09 12:54:28,447 [45ecfedc-f1ca-4ee4-92ac-24908ad068c6@group-1F5D27D084E0-StateMachineUpdater] INFO  ratis.ContainerStateMachine (ContainerStateMachine.java:takeSnapshot(293)) - group-1F5D27D084E0: Taking a snapshot at:(t:1, i:0) file /github/workspace/mnt/ozone/hadoop-ozone/integration-test/target/test-dir/MiniOzoneClusterImpl-691c6000-d337-4848-84ec-e56c11f2c172/datanode-1/data/ratis/a90f1cca-b800-4b2d-bc21-1f5d27d084e0/sm/snapshot.1_0
2020-10-09 12:54:28,448 [Thread-1421] INFO  impl.FollowerState (FollowerState.java:run(117)) - 45ecfedc-f1ca-4ee4-92ac-24908ad068c6@group-1F5D27D084E0-FollowerState was interrupted: java.lang.InterruptedException: sleep interrupted
2020-10-09 12:54:28,448 [45ecfedc-f1ca-4ee4-92ac-24908ad068c6@group-1F5D27D084E0-StateMachineUpdater] INFO  ratis.ContainerStateMachine (ContainerStateMachine.java:takeSnapshot(304)) - group-1F5D27D084E0: Finished taking a snapshot at:(t:1, i:0) file:/github/workspace/mnt/ozone/hadoop-ozone/integration-test/target/test-dir/MiniOzoneClusterImpl-691c6000-d337-4848-84ec-e56c11f2c172/datanode-1/data/ratis/a90f1cca-b800-4b2d-bc21-1f5d27d084e0/sm/snapshot.1_0 time:1
2020-10-09 12:54:28,448 [45ecfedc-f1ca-4ee4-92ac-24908ad068c6@group-1F5D27D084E0-StateMachineUpdater] INFO  impl.StateMachineUpdater (StateMachineUpdater.java:takeSnapshot(277)) - 45ecfedc-f1ca-4ee4-92ac-24908ad068c6@group-1F5D27D084E0-StateMachineUpdater: Took a snapshot at index 0
2020-10-09 12:54:28,448 [45ecfedc-f1ca-4ee4-92ac-24908ad068c6@group-1F5D27D084E0-StateMachineUpdater] INFO  impl.StateMachineUpdater (StateMachineUpdater.java:lambda$new$0(87)) - 45ecfedc-f1ca-4ee4-92ac-24908ad068c6@group-1F5D27D084E0-StateMachineUpdater: snapshotIndex: updateIncreasingly -1 -> 0
2020-10-09 12:54:28,449 [45ecfedc-f1ca-4ee4-92ac-24908ad068c6@group-1F5D27D084E0-StateMachineUpdater] INFO  metrics.RatisMetrics (RatisMetrics.java:unregister(43)) - Unregistering Metrics Registry : ratis.state_machine.45ecfedc-f1ca-4ee4-92ac-24908ad068c6@group-1F5D27D084E0
2020-10-09 12:54:28,449 [ForkJoinPool.commonPool-worker-0] INFO  impl.RaftServerImpl (ServerState.java:close(405)) - 45ecfedc-f1ca-4ee4-92ac-24908ad068c6@group-1F5D27D084E0: closes. applyIndex: 0
2020-10-09 12:54:28,449 [45ecfedc-f1ca-4ee4-92ac-24908ad068c6@group-1F5D27D084E0-SegmentedRaftLogWorker] INFO  segmented.SegmentedRaftLogWorker (SegmentedRaftLogWorker.java:run(327)) - 45ecfedc-f1ca-4ee4-92ac-24908ad068c6@group-1F5D27D084E0-SegmentedRaftLogWorker was interrupted, exiting. There are 0 tasks remaining in the queue.
2020-10-09 12:54:28,449 [ForkJoinPool.commonPool-worker-0] INFO  segmented.SegmentedRaftLogWorker (SegmentedRaftLogWorker.java:close(234)) - 45ecfedc-f1ca-4ee4-92ac-24908ad068c6@group-1F5D27D084E0-SegmentedRaftLogWorker close()
2020-10-09 12:54:28,450 [ForkJoinPool.commonPool-worker-0] INFO  metrics.RatisMetrics (RatisMetrics.java:unregister(43)) - Unregistering Metrics Registry : ratis.log_worker.45ecfedc-f1ca-4ee4-92ac-24908ad068c6@group-1F5D27D084E0
2020-10-09 12:54:28,450 [ForkJoinPool.commonPool-worker-0] INFO  metrics.RatisMetrics (RatisMetrics.java:unregister(43)) - Unregistering Metrics Registry : ratis.leader_election.45ecfedc-f1ca-4ee4-92ac-24908ad068c6@group-1F5D27D084E0
2020-10-09 12:54:28,450 [ForkJoinPool.commonPool-worker-0] INFO  metrics.RatisMetrics (RatisMetrics.java:unregister(43)) - Unregistering Metrics Registry : ratis.server.45ecfedc-f1ca-4ee4-92ac-24908ad068c6@group-1F5D27D084E0
2020-10-09 12:54:28,450 [ForkJoinPool.commonPool-worker-0] INFO  impl.RaftServerImpl (RaftServerImpl.java:lambda$shutdown$3(321)) - 45ecfedc-f1ca-4ee4-92ac-24908ad068c6@group-84A301199869: shutdown
2020-10-09 12:54:28,450 [ForkJoinPool.commonPool-worker-0] INFO  util.JmxRegister (JmxRegister.java:unregister(73)) - Successfully un-registered JMX Bean with object name Ratis:service=RaftServer,group=group-84A301199869,id=45ecfedc-f1ca-4ee4-92ac-24908ad068c6
2020-10-09 12:54:28,450 [ForkJoinPool.commonPool-worker-0] INFO  impl.RoleInfo (RoleInfo.java:shutdownLeaderState(104)) - 45ecfedc-f1ca-4ee4-92ac-24908ad068c6: shutdown LeaderState
2020-10-09 12:54:28,450 [ForkJoinPool.commonPool-worker-0] INFO  impl.PendingRequests (PendingRequests.java:sendNotLeaderResponses(249)) - 45ecfedc-f1ca-4ee4-92ac-24908ad068c6@group-84A301199869-PendingRequests: sendNotLeaderResponses
2020-10-09 12:54:28,451 [ForkJoinPool.commonPool-worker-0] INFO  metrics.RatisMetrics (RatisMetrics.java:unregister(43)) - Unregistering Metrics Registry : ratis.log_appender.45ecfedc-f1ca-4ee4-92ac-24908ad068c6@group-84A301199869
2020-10-09 12:54:28,451 [ForkJoinPool.commonPool-worker-0] INFO  metrics.RatisMetrics (RatisMetrics.java:unregister(43)) - Unregistering Metrics Registry : ratis.server.45ecfedc-f1ca-4ee4-92ac-24908ad068c6@group-84A301199869
2020-10-09 12:54:28,452 [ForkJoinPool.commonPool-worker-0] INFO  impl.StateMachineUpdater (StateMachineUpdater.java:stopAndJoin(142)) - 45ecfedc-f1ca-4ee4-92ac-24908ad068c6@group-84A301199869-StateMachineUpdater: set stopIndex = 0
2020-10-09 12:54:28,452 [45ecfedc-f1ca-4ee4-92ac-24908ad068c6@group-84A301199869-StateMachineUpdater] INFO  ratis.ContainerStateMachine (ContainerStateMachine.java:takeSnapshot(293)) - group-84A301199869: Taking a snapshot at:(t:1, i:0) file /github/workspace/mnt/ozone/hadoop-ozone/integration-test/target/test-dir/MiniOzoneClusterImpl-691c6000-d337-4848-84ec-e56c11f2c172/datanode-1/data/ratis/81109f46-b9cb-4ad9-8f7f-84a301199869/sm/snapshot.1_0
2020-10-09 12:54:28,453 [45ecfedc-f1ca-4ee4-92ac-24908ad068c6@group-84A301199869-StateMachineUpdater] INFO  ratis.ContainerStateMachine (ContainerStateMachine.java:takeSnapshot(304)) - group-84A301199869: Finished taking a snapshot at:(t:1, i:0) file:/github/workspace/mnt/ozone/hadoop-ozone/integration-test/target/test-dir/MiniOzoneClusterImpl-691c6000-d337-4848-84ec-e56c11f2c172/datanode-1/data/ratis/81109f46-b9cb-4ad9-8f7f-84a301199869/sm/snapshot.1_0 time:1
2020-10-09 12:54:28,453 [45ecfedc-f1ca-4ee4-92ac-24908ad068c6@group-84A301199869-StateMachineUpdater] INFO  impl.StateMachineUpdater (StateMachineUpdater.java:takeSnapshot(277)) - 45ecfedc-f1ca-4ee4-92ac-24908ad068c6@group-84A301199869-StateMachineUpdater: Took a snapshot at index 0
2020-10-09 12:54:28,453 [45ecfedc-f1ca-4ee4-92ac-24908ad068c6@group-84A301199869-StateMachineUpdater] INFO  impl.StateMachineUpdater (StateMachineUpdater.java:lambda$new$0(87)) - 45ecfedc-f1ca-4ee4-92ac-24908ad068c6@group-84A301199869-StateMachineUpdater: snapshotIndex: updateIncreasingly -1 -> 0
2020-10-09 12:54:28,453 [45ecfedc-f1ca-4ee4-92ac-24908ad068c6@group-84A301199869-StateMachineUpdater] INFO  metrics.RatisMetrics (RatisMetrics.java:unregister(43)) - Unregistering Metrics Registry : ratis.state_machine.45ecfedc-f1ca-4ee4-92ac-24908ad068c6@group-84A301199869
2020-10-09 12:54:28,453 [ForkJoinPool.commonPool-worker-0] INFO  impl.RaftServerImpl (ServerState.java:close(405)) - 45ecfedc-f1ca-4ee4-92ac-24908ad068c6@group-84A301199869: closes. applyIndex: 0
2020-10-09 12:54:28,454 [45ecfedc-f1ca-4ee4-92ac-24908ad068c6@group-84A301199869-SegmentedRaftLogWorker] INFO  segmented.SegmentedRaftLogWorker (SegmentedRaftLogWorker.java:run(327)) - 45ecfedc-f1ca-4ee4-92ac-24908ad068c6@group-84A301199869-SegmentedRaftLogWorker was interrupted, exiting. There are 0 tasks remaining in the queue.
2020-10-09 12:54:28,454 [ForkJoinPool.commonPool-worker-0] INFO  segmented.SegmentedRaftLogWorker (SegmentedRaftLogWorker.java:close(234)) - 45ecfedc-f1ca-4ee4-92ac-24908ad068c6@group-84A301199869-SegmentedRaftLogWorker close()
2020-10-09 12:54:28,455 [ForkJoinPool.commonPool-worker-0] INFO  metrics.RatisMetrics (RatisMetrics.java:unregister(43)) - Unregistering Metrics Registry : ratis.log_worker.45ecfedc-f1ca-4ee4-92ac-24908ad068c6@group-84A301199869
2020-10-09 12:54:28,455 [ForkJoinPool.commonPool-worker-0] INFO  metrics.RatisMetrics (RatisMetrics.java:unregister(43)) - Unregistering Metrics Registry : ratis.leader_election.45ecfedc-f1ca-4ee4-92ac-24908ad068c6@group-84A301199869
2020-10-09 12:54:28,455 [ForkJoinPool.commonPool-worker-0] INFO  metrics.RatisMetrics (RatisMetrics.java:unregister(43)) - Unregistering Metrics Registry : ratis.server.45ecfedc-f1ca-4ee4-92ac-24908ad068c6@group-84A301199869
2020-10-09 12:54:28,455 [ForkJoinPool.commonPool-worker-0] INFO  server.GrpcService (GrpcService.java:closeImpl(183)) - 45ecfedc-f1ca-4ee4-92ac-24908ad068c6: shutdown server with port 39189 now
2020-10-09 12:54:28,456 [ForkJoinPool.commonPool-worker-0] INFO  server.GrpcService (GrpcService.java:closeImpl(191)) - 45ecfedc-f1ca-4ee4-92ac-24908ad068c6: shutdown server with port 39189 successfully
2020-10-09 12:54:28,458 [ForkJoinPool.commonPool-worker-0] INFO  utils.BackgroundService (BackgroundService.java:shutdown(132)) - Shutting down service BlockDeletingService
2020-10-09 12:54:28,459 [ForkJoinPool.commonPool-worker-0] INFO  statemachine.DatanodeStateMachine (DatanodeStateMachine.java:stopDaemon(453)) - Ozone container server stopped.
2020-10-09 12:54:28,461 [Listener at 127.0.0.1/36087] INFO  handler.ContextHandler (ContextHandler.java:doStop(1016)) - Stopped o.e.j.w.WebAppContext@2c3f9229{hddsDatanode,/,null,UNAVAILABLE}{jar:file:/home/user/.m2/repository/org/apache/hadoop/hadoop-hdds-container-service/1.1.0-SNAPSHOT/hadoop-hdds-container-service-1.1.0-SNAPSHOT.jar!/webapps/hddsDatanode}
2020-10-09 12:54:28,462 [Listener at 127.0.0.1/36087] INFO  server.AbstractConnector (AbstractConnector.java:doStop(380)) - Stopped ServerConnector@398c2298{HTTP/1.1,[http/1.1]}{0.0.0.0:0}
2020-10-09 12:54:28,462 [Listener at 127.0.0.1/36087] INFO  server.session (HouseKeeper.java:stopScavenging(158)) - node0 Stopped scavenging
2020-10-09 12:54:28,462 [Listener at 127.0.0.1/36087] INFO  handler.ContextHandler (ContextHandler.java:doStop(1016)) - Stopped o.e.j.s.ServletContextHandler@66716c60{static,/static,jar:file:/home/user/.m2/repository/org/apache/hadoop/hadoop-hdds-container-service/1.1.0-SNAPSHOT/hadoop-hdds-container-service-1.1.0-SNAPSHOT.jar!/webapps/static,UNAVAILABLE}
2020-10-09 12:54:28,462 [Listener at 127.0.0.1/36087] INFO  handler.ContextHandler (ContextHandler.java:doStop(1016)) - Stopped o.e.j.s.ServletContextHandler@7986302f{logs,/logs,file:///github/workspace/mnt/ozone/hadoop-ozone/integration-test/target/log,UNAVAILABLE}
2020-10-09 12:54:28,472 [ForkJoinPool.commonPool-worker-0] INFO  handler.ContextHandler (ContextHandler.java:doStop(1016)) - Stopped o.e.j.w.WebAppContext@23368646{hddsDatanode,/,null,UNAVAILABLE}{jar:file:/home/user/.m2/repository/org/apache/hadoop/hadoop-hdds-container-service/1.1.0-SNAPSHOT/hadoop-hdds-container-service-1.1.0-SNAPSHOT.jar!/webapps/hddsDatanode}
2020-10-09 12:54:28,473 [ForkJoinPool.commonPool-worker-0] INFO  server.AbstractConnector (AbstractConnector.java:doStop(380)) - Stopped ServerConnector@63888c14{HTTP/1.1,[http/1.1]}{0.0.0.0:0}
2020-10-09 12:54:28,473 [ForkJoinPool.commonPool-worker-0] INFO  server.session (HouseKeeper.java:stopScavenging(158)) - node0 Stopped scavenging
2020-10-09 12:54:28,478 [ForkJoinPool.commonPool-worker-0] INFO  handler.ContextHandler (ContextHandler.java:doStop(1016)) - Stopped o.e.j.s.ServletContextHandler@1775ff4a{static,/static,jar:file:/home/user/.m2/repository/org/apache/hadoop/hadoop-hdds-container-service/1.1.0-SNAPSHOT/hadoop-hdds-container-service-1.1.0-SNAPSHOT.jar!/webapps/static,UNAVAILABLE}
2020-10-09 12:54:28,478 [ForkJoinPool.commonPool-worker-0] INFO  handler.ContextHandler (ContextHandler.java:doStop(1016)) - Stopped o.e.j.s.ServletContextHandler@64b05928{logs,/logs,file:///github/workspace/mnt/ozone/hadoop-ozone/integration-test/target/log,UNAVAILABLE}
2020-10-09 12:54:28,736 [Datanode State Machine Thread - 0] INFO  statemachine.DatanodeStateMachine (DatanodeStateMachine.java:lambda$startDaemon$0(405)) - Ozone container server started.
2020-10-09 12:54:30,299 [grpc-default-executor-5] WARN  server.GrpcLogAppender (LogUtils.java:warn(122)) - 146dba11-3af2-48c9-b098-f83fb2b86474@group-F2540E47816F->2d5c9c0a-908d-48fd-9559-afc140b75ed5-AppendLogResponseHandler: Failed appendEntries: org.apache.ratis.thirdparty.io.grpc.StatusRuntimeException: UNAVAILABLE: io exception
2020-10-09 12:54:30,300 [grpc-default-executor-5] WARN  server.GrpcLogAppender (GrpcLogAppender.java:resetClient(107)) - 146dba11-3af2-48c9-b098-f83fb2b86474@group-F2540E47816F->2d5c9c0a-908d-48fd-9559-afc140b75ed5-GrpcLogAppender: Leader has not got in touch with Follower 146dba11-3af2-48c9-b098-f83fb2b86474@group-F2540E47816F->2d5c9c0a-908d-48fd-9559-afc140b75ed5(c0,m0,n1, attendVote=true, lastRpcSendTime=0, lastRpcResponseTime=7504) yet, just keep nextIndex unchanged and retry.
2020-10-09 12:54:30,302 [grpc-default-executor-6] WARN  server.GrpcLogAppender (LogUtils.java:warn(122)) - 146dba11-3af2-48c9-b098-f83fb2b86474@group-F2540E47816F->e60f7882-dbbd-427b-9f02-c7597dd940f1-AppendLogResponseHandler: Failed appendEntries: org.apache.ratis.thirdparty.io.grpc.StatusRuntimeException: UNAVAILABLE: io exception
2020-10-09 12:54:30,302 [grpc-default-executor-6] WARN  server.GrpcLogAppender (GrpcLogAppender.java:resetClient(107)) - 146dba11-3af2-48c9-b098-f83fb2b86474@group-F2540E47816F->e60f7882-dbbd-427b-9f02-c7597dd940f1-GrpcLogAppender: Leader has not got in touch with Follower 146dba11-3af2-48c9-b098-f83fb2b86474@group-F2540E47816F->e60f7882-dbbd-427b-9f02-c7597dd940f1(c0,m0,n1, attendVote=true, lastRpcSendTime=1, lastRpcResponseTime=2503) yet, just keep nextIndex unchanged and retry.
2020-10-09 12:54:32,800 [grpc-default-executor-6] WARN  server.GrpcLogAppender (LogUtils.java:warn(122)) - 146dba11-3af2-48c9-b098-f83fb2b86474@group-F2540E47816F->2d5c9c0a-908d-48fd-9559-afc140b75ed5-AppendLogResponseHandler: Failed appendEntries: org.apache.ratis.thirdparty.io.grpc.StatusRuntimeException: UNAVAILABLE: io exception
2020-10-09 12:54:32,801 [grpc-default-executor-6] WARN  server.GrpcLogAppender (GrpcLogAppender.java:resetClient(107)) - 146dba11-3af2-48c9-b098-f83fb2b86474@group-F2540E47816F->2d5c9c0a-908d-48fd-9559-afc140b75ed5-GrpcLogAppender: Leader has not got in touch with Follower 146dba11-3af2-48c9-b098-f83fb2b86474@group-F2540E47816F->2d5c9c0a-908d-48fd-9559-afc140b75ed5(c0,m0,n1, attendVote=true, lastRpcSendTime=0, lastRpcResponseTime=10004) yet, just keep nextIndex unchanged and retry.
2020-10-09 12:54:32,802 [grpc-default-executor-6] WARN  server.GrpcLogAppender (LogUtils.java:warn(122)) - 146dba11-3af2-48c9-b098-f83fb2b86474@group-F2540E47816F->e60f7882-dbbd-427b-9f02-c7597dd940f1-AppendLogResponseHandler: Failed appendEntries: org.apache.ratis.thirdparty.io.grpc.StatusRuntimeException: UNAVAILABLE: io exception
2020-10-09 12:54:32,802 [grpc-default-executor-6] WARN  server.GrpcLogAppender (GrpcLogAppender.java:resetClient(107)) - 146dba11-3af2-48c9-b098-f83fb2b86474@group-F2540E47816F->e60f7882-dbbd-427b-9f02-c7597dd940f1-GrpcLogAppender: Leader has not got in touch with Follower 146dba11-3af2-48c9-b098-f83fb2b86474@group-F2540E47816F->e60f7882-dbbd-427b-9f02-c7597dd940f1(c0,m0,n1, attendVote=true, lastRpcSendTime=0, lastRpcResponseTime=5003) yet, just keep nextIndex unchanged and retry.
2020-10-09 12:54:33,464 [Listener at 127.0.0.1/36087] INFO  ozoneimpl.OzoneContainer (OzoneContainer.java:stop(259)) - Attempting to stop container services.
2020-10-09 12:54:33,465 [Listener at 127.0.0.1/36087] INFO  impl.RaftServerProxy (RaftServerProxy.java:lambda$close$4(322)) - 146dba11-3af2-48c9-b098-f83fb2b86474: close
2020-10-09 12:54:33,465 [Listener at 127.0.0.1/36087] INFO  impl.RaftServerImpl (RaftServerImpl.java:lambda$shutdown$3(321)) - 146dba11-3af2-48c9-b098-f83fb2b86474@group-BF791502C95A: shutdown
2020-10-09 12:54:33,465 [ForkJoinPool.commonPool-worker-1] INFO  impl.RaftServerImpl (RaftServerImpl.java:lambda$shutdown$3(321)) - 146dba11-3af2-48c9-b098-f83fb2b86474@group-F2540E47816F: shutdown
2020-10-09 12:54:33,466 [Listener at 127.0.0.1/36087] INFO  util.JmxRegister (JmxRegister.java:unregister(73)) - Successfully un-registered JMX Bean with object name Ratis:service=RaftServer,group=group-BF791502C95A,id=146dba11-3af2-48c9-b098-f83fb2b86474
2020-10-09 12:54:33,466 [Listener at 127.0.0.1/36087] INFO  impl.RoleInfo (RoleInfo.java:shutdownLeaderState(104)) - 146dba11-3af2-48c9-b098-f83fb2b86474: shutdown LeaderState
2020-10-09 12:54:33,466 [Listener at 127.0.0.1/36087] INFO  impl.PendingRequests (PendingRequests.java:sendNotLeaderResponses(249)) - 146dba11-3af2-48c9-b098-f83fb2b86474@group-BF791502C95A-PendingRequests: sendNotLeaderResponses
2020-10-09 12:54:33,466 [Listener at 127.0.0.1/36087] INFO  metrics.RatisMetrics (RatisMetrics.java:unregister(43)) - Unregistering Metrics Registry : ratis.log_appender.146dba11-3af2-48c9-b098-f83fb2b86474@group-BF791502C95A
2020-10-09 12:54:33,467 [Listener at 127.0.0.1/36087] INFO  metrics.RatisMetrics (RatisMetrics.java:unregister(43)) - Unregistering Metrics Registry : ratis.server.146dba11-3af2-48c9-b098-f83fb2b86474@group-BF791502C95A
2020-10-09 12:54:33,468 [Listener at 127.0.0.1/36087] INFO  impl.StateMachineUpdater (StateMachineUpdater.java:stopAndJoin(142)) - 146dba11-3af2-48c9-b098-f83fb2b86474@group-BF791502C95A-StateMachineUpdater: set stopIndex = 0
2020-10-09 12:54:33,466 [ForkJoinPool.commonPool-worker-1] INFO  util.JmxRegister (JmxRegister.java:unregister(73)) - Successfully un-registered JMX Bean with object name Ratis:service=RaftServer,group=group-F2540E47816F,id=146dba11-3af2-48c9-b098-f83fb2b86474
2020-10-09 12:54:33,468 [ForkJoinPool.commonPool-worker-1] INFO  impl.RoleInfo (RoleInfo.java:shutdownLeaderState(104)) - 146dba11-3af2-48c9-b098-f83fb2b86474: shutdown LeaderState
2020-10-09 12:54:33,468 [ForkJoinPool.commonPool-worker-1] INFO  metrics.RatisMetrics (RatisMetrics.java:unregister(43)) - Unregistering Metrics Registry : ratis_grpc.log_appender.146dba11-3af2-48c9-b098-f83fb2b86474@group-F2540E47816F
2020-10-09 12:54:33,469 [ForkJoinPool.commonPool-worker-1] INFO  metrics.RatisMetrics (RatisMetrics.java:unregister(43)) - Unregistering Metrics Registry : ratis_grpc.log_appender.146dba11-3af2-48c9-b098-f83fb2b86474@group-F2540E47816F
2020-10-09 12:54:33,469 [org.apache.ratis.server.impl.LogAppender$AppenderDaemon$$Lambda$451/668823287@34a251e1] WARN  server.GrpcLogAppender (GrpcLogAppender.java:mayWait(168)) - 146dba11-3af2-48c9-b098-f83fb2b86474@group-F2540E47816F->e60f7882-dbbd-427b-9f02-c7597dd940f1-GrpcLogAppender: Wait interrupted by java.lang.InterruptedException
2020-10-09 12:54:33,469 [ForkJoinPool.commonPool-worker-1] INFO  impl.PendingRequests (PendingRequests.java:sendNotLeaderResponses(249)) - 146dba11-3af2-48c9-b098-f83fb2b86474@group-F2540E47816F-PendingRequests: sendNotLeaderResponses
2020-10-09 12:54:33,469 [ForkJoinPool.commonPool-worker-1] INFO  metrics.RatisMetrics (RatisMetrics.java:unregister(43)) - Unregistering Metrics Registry : ratis.log_appender.146dba11-3af2-48c9-b098-f83fb2b86474@group-F2540E47816F
2020-10-09 12:54:33,469 [ForkJoinPool.commonPool-worker-1] INFO  metrics.RatisMetrics (RatisMetrics.java:unregister(43)) - Unregistering Metrics Registry : ratis.server.146dba11-3af2-48c9-b098-f83fb2b86474@group-F2540E47816F
2020-10-09 12:54:33,469 [146dba11-3af2-48c9-b098-f83fb2b86474@group-BF791502C95A-StateMachineUpdater] INFO  ratis.ContainerStateMachine (ContainerStateMachine.java:takeSnapshot(293)) - group-BF791502C95A: Taking a snapshot at:(t:1, i:0) file /github/workspace/mnt/ozone/hadoop-ozone/integration-test/target/test-dir/MiniOzoneClusterImpl-691c6000-d337-4848-84ec-e56c11f2c172/datanode-6/data/ratis/a55c21cd-f191-49a5-bf07-bf791502c95a/sm/snapshot.1_0
2020-10-09 12:54:33,470 [ForkJoinPool.commonPool-worker-1] INFO  impl.StateMachineUpdater (StateMachineUpdater.java:stopAndJoin(142)) - 146dba11-3af2-48c9-b098-f83fb2b86474@group-F2540E47816F-StateMachineUpdater: set stopIndex = 0
2020-10-09 12:54:33,470 [146dba11-3af2-48c9-b098-f83fb2b86474@group-F2540E47816F-StateMachineUpdater] INFO  ratis.ContainerStateMachine (ContainerStateMachine.java:takeSnapshot(293)) - group-F2540E47816F: Taking a snapshot at:(t:1, i:0) file /github/workspace/mnt/ozone/hadoop-ozone/integration-test/target/test-dir/MiniOzoneClusterImpl-691c6000-d337-4848-84ec-e56c11f2c172/datanode-6/data/ratis/de67e3f1-d5e0-4b31-aba7-f2540e47816f/sm/snapshot.1_0
2020-10-09 12:54:33,472 [146dba11-3af2-48c9-b098-f83fb2b86474@group-BF791502C95A-StateMachineUpdater] INFO  ratis.ContainerStateMachine (ContainerStateMachine.java:takeSnapshot(304)) - group-BF791502C95A: Finished taking a snapshot at:(t:1, i:0) file:/github/workspace/mnt/ozone/hadoop-ozone/integration-test/target/test-dir/MiniOzoneClusterImpl-691c6000-d337-4848-84ec-e56c11f2c172/datanode-6/data/ratis/a55c21cd-f191-49a5-bf07-bf791502c95a/sm/snapshot.1_0 time:3
2020-10-09 12:54:33,472 [146dba11-3af2-48c9-b098-f83fb2b86474@group-BF791502C95A-StateMachineUpdater] INFO  impl.StateMachineUpdater (StateMachineUpdater.java:takeSnapshot(277)) - 146dba11-3af2-48c9-b098-f83fb2b86474@group-BF791502C95A-StateMachineUpdater: Took a snapshot at index 0
2020-10-09 12:54:33,472 [146dba11-3af2-48c9-b098-f83fb2b86474@group-BF791502C95A-StateMachineUpdater] INFO  impl.StateMachineUpdater (StateMachineUpdater.java:lambda$new$0(87)) - 146dba11-3af2-48c9-b098-f83fb2b86474@group-BF791502C95A-StateMachineUpdater: snapshotIndex: updateIncreasingly -1 -> 0
2020-10-09 12:54:33,473 [146dba11-3af2-48c9-b098-f83fb2b86474@group-BF791502C95A-StateMachineUpdater] INFO  metrics.RatisMetrics (RatisMetrics.java:unregister(43)) - Unregistering Metrics Registry : ratis.state_machine.146dba11-3af2-48c9-b098-f83fb2b86474@group-BF791502C95A
2020-10-09 12:54:33,474 [org.apache.ratis.server.impl.LogAppender$AppenderDaemon$$Lambda$451/668823287@5abf98d2] WARN  server.GrpcLogAppender (GrpcLogAppender.java:mayWait(168)) - 146dba11-3af2-48c9-b098-f83fb2b86474@group-F2540E47816F->2d5c9c0a-908d-48fd-9559-afc140b75ed5-GrpcLogAppender: Wait interrupted by java.lang.InterruptedException
2020-10-09 12:54:33,474 [Listener at 127.0.0.1/36087] INFO  impl.RaftServerImpl (ServerState.java:close(405)) - 146dba11-3af2-48c9-b098-f83fb2b86474@group-BF791502C95A: closes. applyIndex: 0
2020-10-09 12:54:33,474 [146dba11-3af2-48c9-b098-f83fb2b86474@group-BF791502C95A-SegmentedRaftLogWorker] INFO  segmented.SegmentedRaftLogWorker (SegmentedRaftLogWorker.java:run(327)) - 146dba11-3af2-48c9-b098-f83fb2b86474@group-BF791502C95A-SegmentedRaftLogWorker was interrupted, exiting. There are 0 tasks remaining in the queue.
2020-10-09 12:54:33,475 [Listener at 127.0.0.1/36087] INFO  segmented.SegmentedRaftLogWorker (SegmentedRaftLogWorker.java:close(234)) - 146dba11-3af2-48c9-b098-f83fb2b86474@group-BF791502C95A-SegmentedRaftLogWorker close()
2020-10-09 12:54:33,477 [146dba11-3af2-48c9-b098-f83fb2b86474@group-F2540E47816F-StateMachineUpdater] INFO  ratis.ContainerStateMachine (ContainerStateMachine.java:takeSnapshot(304)) - group-F2540E47816F: Finished taking a snapshot at:(t:1, i:0) file:/github/workspace/mnt/ozone/hadoop-ozone/integration-test/target/test-dir/MiniOzoneClusterImpl-691c6000-d337-4848-84ec-e56c11f2c172/datanode-6/data/ratis/de67e3f1-d5e0-4b31-aba7-f2540e47816f/sm/snapshot.1_0 time:7
2020-10-09 12:54:33,477 [146dba11-3af2-48c9-b098-f83fb2b86474@group-F2540E47816F-StateMachineUpdater] INFO  impl.StateMachineUpdater (StateMachineUpdater.java:takeSnapshot(277)) - 146dba11-3af2-48c9-b098-f83fb2b86474@group-F2540E47816F-StateMachineUpdater: Took a snapshot at index 0
2020-10-09 12:54:33,477 [146dba11-3af2-48c9-b098-f83fb2b86474@group-F2540E47816F-StateMachineUpdater] INFO  impl.StateMachineUpdater (StateMachineUpdater.java:lambda$new$0(87)) - 146dba11-3af2-48c9-b098-f83fb2b86474@group-F2540E47816F-StateMachineUpdater: snapshotIndex: updateIncreasingly -1 -> 0
2020-10-09 12:54:33,477 [146dba11-3af2-48c9-b098-f83fb2b86474@group-F2540E47816F-StateMachineUpdater] INFO  metrics.RatisMetrics (RatisMetrics.java:unregister(43)) - Unregistering Metrics Registry : ratis.state_machine.146dba11-3af2-48c9-b098-f83fb2b86474@group-F2540E47816F
2020-10-09 12:54:33,478 [Listener at 127.0.0.1/36087] INFO  metrics.RatisMetrics (RatisMetrics.java:unregister(43)) - Unregistering Metrics Registry : ratis.log_worker.146dba11-3af2-48c9-b098-f83fb2b86474@group-BF791502C95A
2020-10-09 12:54:33,478 [Listener at 127.0.0.1/36087] INFO  metrics.RatisMetrics (RatisMetrics.java:unregister(43)) - Unregistering Metrics Registry : ratis.leader_election.146dba11-3af2-48c9-b098-f83fb2b86474@group-BF791502C95A
2020-10-09 12:54:33,478 [Listener at 127.0.0.1/36087] INFO  metrics.RatisMetrics (RatisMetrics.java:unregister(43)) - Unregistering Metrics Registry : ratis.server.146dba11-3af2-48c9-b098-f83fb2b86474@group-BF791502C95A
2020-10-09 12:54:33,479 [ForkJoinPool.commonPool-worker-1] INFO  impl.RaftServerImpl (ServerState.java:close(405)) - 146dba11-3af2-48c9-b098-f83fb2b86474@group-F2540E47816F: closes. applyIndex: 0
2020-10-09 12:54:33,479 [146dba11-3af2-48c9-b098-f83fb2b86474@group-F2540E47816F-SegmentedRaftLogWorker] INFO  segmented.SegmentedRaftLogWorker (SegmentedRaftLogWorker.java:run(327)) - 146dba11-3af2-48c9-b098-f83fb2b86474@group-F2540E47816F-SegmentedRaftLogWorker was interrupted, exiting. There are 0 tasks remaining in the queue.
2020-10-09 12:54:33,479 [ForkJoinPool.commonPool-worker-1] INFO  segmented.SegmentedRaftLogWorker (SegmentedRaftLogWorker.java:close(234)) - 146dba11-3af2-48c9-b098-f83fb2b86474@group-F2540E47816F-SegmentedRaftLogWorker close()
2020-10-09 12:54:33,479 [ForkJoinPool.commonPool-worker-1] INFO  metrics.RatisMetrics (RatisMetrics.java:unregister(43)) - Unregistering Metrics Registry : ratis.log_worker.146dba11-3af2-48c9-b098-f83fb2b86474@group-F2540E47816F
2020-10-09 12:54:33,479 [ForkJoinPool.commonPool-worker-1] INFO  metrics.RatisMetrics (RatisMetrics.java:unregister(43)) - Unregistering Metrics Registry : ratis.leader_election.146dba11-3af2-48c9-b098-f83fb2b86474@group-F2540E47816F
2020-10-09 12:54:33,480 [ForkJoinPool.commonPool-worker-1] INFO  metrics.RatisMetrics (RatisMetrics.java:unregister(43)) - Unregistering Metrics Registry : ratis.server.146dba11-3af2-48c9-b098-f83fb2b86474@group-F2540E47816F
2020-10-09 12:54:33,480 [Listener at 127.0.0.1/36087] INFO  server.GrpcService (GrpcService.java:closeImpl(183)) - 146dba11-3af2-48c9-b098-f83fb2b86474: shutdown server with port 39109 now
2020-10-09 12:54:33,493 [Listener at 127.0.0.1/36087] INFO  server.GrpcService (GrpcService.java:closeImpl(191)) - 146dba11-3af2-48c9-b098-f83fb2b86474: shutdown server with port 39109 successfully
2020-10-09 12:54:33,494 [Listener at 127.0.0.1/36087] INFO  utils.BackgroundService (BackgroundService.java:shutdown(132)) - Shutting down service BlockDeletingService
2020-10-09 12:54:33,495 [Listener at 127.0.0.1/36087] INFO  statemachine.DatanodeStateMachine (DatanodeStateMachine.java:stopDaemon(453)) - Ozone container server stopped.
2020-10-09 12:54:33,505 [Listener at 127.0.0.1/36087] INFO  handler.ContextHandler (ContextHandler.java:doStop(1016)) - Stopped o.e.j.w.WebAppContext@620978eb{hddsDatanode,/,null,UNAVAILABLE}{jar:file:/home/user/.m2/repository/org/apache/hadoop/hadoop-hdds-container-service/1.1.0-SNAPSHOT/hadoop-hdds-container-service-1.1.0-SNAPSHOT.jar!/webapps/hddsDatanode}
2020-10-09 12:54:33,506 [Listener at 127.0.0.1/36087] INFO  server.AbstractConnector (AbstractConnector.java:doStop(380)) - Stopped ServerConnector@6f3af541{HTTP/1.1,[http/1.1]}{0.0.0.0:0}
2020-10-09 12:54:33,506 [Listener at 127.0.0.1/36087] INFO  server.session (HouseKeeper.java:stopScavenging(158)) - node0 Stopped scavenging
2020-10-09 12:54:33,506 [Listener at 127.0.0.1/36087] INFO  handler.ContextHandler (ContextHandler.java:doStop(1016)) - Stopped o.e.j.s.ServletContextHandler@3c32105c{static,/static,jar:file:/home/user/.m2/repository/org/apache/hadoop/hadoop-hdds-container-service/1.1.0-SNAPSHOT/hadoop-hdds-container-service-1.1.0-SNAPSHOT.jar!/webapps/static,UNAVAILABLE}
2020-10-09 12:54:33,507 [Listener at 127.0.0.1/36087] INFO  handler.ContextHandler (ContextHandler.java:doStop(1016)) - Stopped o.e.j.s.ServletContextHandler@575dab37{logs,/logs,file:///github/workspace/mnt/ozone/hadoop-ozone/integration-test/target/log,UNAVAILABLE}
2020-10-09 12:54:33,508 [Listener at 127.0.0.1/36087] INFO  ozone.MiniOzoneClusterImpl (MiniOzoneClusterImpl.java:stopSCM(476)) - Stopping the StorageContainerManager
2020-10-09 12:54:33,508 [Listener at 127.0.0.1/36087] INFO  server.StorageContainerManager (StorageContainerManager.java:stop(832)) - Stopping Replication Manager Service.
2020-10-09 12:54:33,508 [Listener at 127.0.0.1/36087] INFO  container.ReplicationManager (ReplicationManager.java:stop(219)) - Stopping Replication Monitor Thread.
2020-10-09 12:54:33,509 [Listener at 127.0.0.1/36087] INFO  server.StorageContainerManager (StorageContainerManager.java:stop(839)) - Stopping Lease Manager of the command watchers
2020-10-09 12:54:33,509 [Listener at 127.0.0.1/36087] INFO  server.StorageContainerManager (StorageContainerManager.java:stop(846)) - Stopping datanode service RPC server
2020-10-09 12:54:33,509 [Listener at 127.0.0.1/36087] INFO  server.SCMDatanodeProtocolServer (SCMDatanodeProtocolServer.java:stop(361)) - Stopping the RPC server for DataNodes
2020-10-09 12:54:33,509 [CommandWatcher-LeaseManager#LeaseMonitor] ERROR lease.LeaseManager (LeaseManager.java:run(238)) - Execution was interrupted 
java.lang.InterruptedException: sleep interrupted
	at java.lang.Thread.sleep(Native Method)
	at org.apache.hadoop.ozone.lease.LeaseManager$LeaseMonitor.run(LeaseManager.java:234)
	at java.lang.Thread.run(Thread.java:748)
2020-10-09 12:54:33,509 [Listener at 127.0.0.1/36087] INFO  ipc.Server (Server.java:stop(3359)) - Stopping server on 37115
2020-10-09 12:54:33,510 [IPC Server listener on 0] INFO  ipc.Server (Server.java:run(1330)) - Stopping IPC Server listener on 0
2020-10-09 12:54:33,512 [IPC Server Responder] INFO  ipc.Server (Server.java:run(1465)) - Stopping IPC Server Responder
2020-10-09 12:54:33,563 [SCM Heartbeat Processing Thread - 0] WARN  node.NodeStateManager (NodeStateManager.java:scheduleNextHealthCheck(661)) - Current Thread is interrupted, shutting down HB processing thread for Node Manager.
2020-10-09 12:54:33,563 [Listener at 127.0.0.1/36087] INFO  server.StorageContainerManager (StorageContainerManager.java:stop(854)) - Stopping block service RPC server
2020-10-09 12:54:33,564 [Listener at 127.0.0.1/36087] INFO  server.SCMBlockProtocolServer (SCMBlockProtocolServer.java:stop(158)) - Stopping the RPC server for Block Protocol
2020-10-09 12:54:33,564 [Listener at 127.0.0.1/36087] INFO  ipc.Server (Server.java:stop(3359)) - Stopping server on 41595
2020-10-09 12:54:33,565 [IPC Server listener on 0] INFO  ipc.Server (Server.java:run(1330)) - Stopping IPC Server listener on 0
2020-10-09 12:54:33,566 [IPC Server Responder] INFO  ipc.Server (Server.java:run(1465)) - Stopping IPC Server Responder
2020-10-09 12:54:33,566 [Listener at 127.0.0.1/36087] INFO  server.StorageContainerManager (StorageContainerManager.java:stop(861)) - Stopping the StorageContainerLocationProtocol RPC server
2020-10-09 12:54:33,567 [Listener at 127.0.0.1/36087] INFO  server.SCMClientProtocolServer (SCMClientProtocolServer.java:stop(165)) - Stopping the RPC server for Client Protocol
2020-10-09 12:54:33,567 [Listener at 127.0.0.1/36087] INFO  ipc.Server (Server.java:stop(3359)) - Stopping server on 45133
2020-10-09 12:54:33,568 [IPC Server listener on 0] INFO  ipc.Server (Server.java:run(1330)) - Stopping IPC Server listener on 0
2020-10-09 12:54:33,569 [IPC Server Responder] INFO  ipc.Server (Server.java:run(1465)) - Stopping IPC Server Responder
2020-10-09 12:54:33,569 [Listener at 127.0.0.1/36087] INFO  server.StorageContainerManager (StorageContainerManager.java:stop(868)) - Stopping Storage Container Manager HTTP server.
2020-10-09 12:54:33,570 [Listener at 127.0.0.1/36087] INFO  handler.ContextHandler (ContextHandler.java:doStop(1016)) - Stopped o.e.j.w.WebAppContext@7ca3fa41{scm,/,null,UNAVAILABLE}{file:/github/workspace/mnt/ozone/hadoop-ozone/integration-test/target/test-classes/webapps/scm}
2020-10-09 12:54:33,570 [Listener at 127.0.0.1/36087] INFO  server.AbstractConnector (AbstractConnector.java:doStop(380)) - Stopped ServerConnector@5ed0d352{HTTP/1.1,[http/1.1]}{0.0.0.0:0}
2020-10-09 12:54:33,570 [Listener at 127.0.0.1/36087] INFO  server.session (HouseKeeper.java:stopScavenging(158)) - node0 Stopped scavenging
2020-10-09 12:54:33,571 [Listener at 127.0.0.1/36087] INFO  handler.ContextHandler (ContextHandler.java:doStop(1016)) - Stopped o.e.j.s.ServletContextHandler@3ebe4bbc{static,/static,file:///github/workspace/mnt/ozone/hadoop-ozone/integration-test/target/test-classes/webapps/static,UNAVAILABLE}
2020-10-09 12:54:33,571 [Listener at 127.0.0.1/36087] INFO  handler.ContextHandler (ContextHandler.java:doStop(1016)) - Stopped o.e.j.s.ServletContextHandler@b9f4b1f{logs,/logs,file:///github/workspace/mnt/ozone/hadoop-ozone/integration-test/target/log,UNAVAILABLE}
2020-10-09 12:54:33,572 [Listener at 127.0.0.1/36087] INFO  server.StorageContainerManager (StorageContainerManager.java:stop(879)) - Stopping Block Manager Service.
2020-10-09 12:54:33,572 [Listener at 127.0.0.1/36087] INFO  utils.BackgroundService (BackgroundService.java:shutdown(132)) - Shutting down service SCMBlockDeletingService
2020-10-09 12:54:33,572 [Listener at 127.0.0.1/36087] INFO  utils.BackgroundService (BackgroundService.java:shutdown(132)) - Shutting down service SCMBlockDeletingService
2020-10-09 12:54:33,573 [Listener at 127.0.0.1/36087] INFO  server.StorageContainerManager (StorageContainerManager.java:stop(904)) - Stopping SCM Event Queue.
2020-10-09 12:54:33,577 [Listener at 127.0.0.1/36087] INFO  impl.MetricsSystemImpl (MetricsSystemImpl.java:stop(210)) - Stopping HddsDatanode metrics system...
2020-10-09 12:54:33,585 [Listener at 127.0.0.1/36087] INFO  impl.MetricsSystemImpl (MetricsSystemImpl.java:stop(216)) - HddsDatanode metrics system stopped.
]]></system-out>
    <system-err><![CDATA[Oct 09, 2020 12:54:02 PM org.apache.ratis.thirdparty.io.grpc.internal.ManagedChannelOrphanWrapper$ManagedChannelReference cleanQueue
SEVERE: *~*~*~ Channel ManagedChannelImpl{logId=370, target=172.17.0.2:46691} was not shutdown properly!!! ~*~*~*
    Make sure to call shutdown()/shutdownNow() and wait until awaitTermination() returns true.
java.lang.RuntimeException: ManagedChannel allocation site
	at org.apache.ratis.thirdparty.io.grpc.internal.ManagedChannelOrphanWrapper$ManagedChannelReference.<init>(ManagedChannelOrphanWrapper.java:93)
	at org.apache.ratis.thirdparty.io.grpc.internal.ManagedChannelOrphanWrapper.<init>(ManagedChannelOrphanWrapper.java:53)
	at org.apache.ratis.thirdparty.io.grpc.internal.ManagedChannelOrphanWrapper.<init>(ManagedChannelOrphanWrapper.java:44)
	at org.apache.ratis.thirdparty.io.grpc.internal.AbstractManagedChannelImplBuilder.build(AbstractManagedChannelImplBuilder.java:518)
	at org.apache.ratis.grpc.client.GrpcClientProtocolClient.<init>(GrpcClientProtocolClient.java:133)
	at org.apache.ratis.grpc.client.GrpcClientRpc.lambda$new$0(GrpcClientRpc.java:56)
	at org.apache.ratis.util.PeerProxyMap$PeerAndProxy.lambda$getProxy$0(PeerProxyMap.java:62)
	at org.apache.ratis.util.LifeCycle.startAndTransition(LifeCycle.java:222)
	at org.apache.ratis.util.PeerProxyMap$PeerAndProxy.getProxy(PeerProxyMap.java:61)
	at org.apache.ratis.util.PeerProxyMap.getProxy(PeerProxyMap.java:109)
	at org.apache.ratis.grpc.client.GrpcClientRpc.sendRequestAsyncUnordered(GrpcClientRpc.java:79)
	at org.apache.ratis.client.impl.UnorderedAsync.sendRequestWithRetry(UnorderedAsync.java:76)
	at org.apache.ratis.client.impl.UnorderedAsync.lambda$null$2(UnorderedAsync.java:124)
	at org.apache.ratis.util.TimeoutScheduler.lambda$onTimeout$0(TimeoutScheduler.java:141)
	at org.apache.ratis.util.TimeoutScheduler.lambda$onTimeout$1(TimeoutScheduler.java:155)
	at org.apache.ratis.util.LogUtils.runAndLog(LogUtils.java:38)
	at org.apache.ratis.util.LogUtils$1.run(LogUtils.java:79)
	at java.util.concurrent.Executors$RunnableAdapter.call(Executors.java:511)
	at java.util.concurrent.FutureTask.run(FutureTask.java:266)
	at java.util.concurrent.ScheduledThreadPoolExecutor$ScheduledFutureTask.access$201(ScheduledThreadPoolExecutor.java:180)
	at java.util.concurrent.ScheduledThreadPoolExecutor$ScheduledFutureTask.run(ScheduledThreadPoolExecutor.java:293)
	at java.util.concurrent.ThreadPoolExecutor.runWorker(ThreadPoolExecutor.java:1149)
	at java.util.concurrent.ThreadPoolExecutor$Worker.run(ThreadPoolExecutor.java:624)
	at java.lang.Thread.run(Thread.java:748)

]]></system-err>
  </testcase>
  <testcase name="test2WayCommitForTimeoutException" classname="org.apache.hadoop.ozone.client.rpc.TestWatchForCommit" time="41.66"/>
</testsuite>